<?xml version="1.0" encoding="UTF-8"?>
<testsuite xmlns:xsi="http://www.w3.org/2001/XMLSchema-instance" xsi:noNamespaceSchemaLocation="https://maven.apache.org/surefire/maven-surefire-plugin/xsd/surefire-test-report.xsd" name="org.apache.hadoop.ozone.client.rpc.TestOzoneClientRetriesOnException" time="91.461" tests="2" errors="1" skipped="0" failures="0">
  <properties>
    <property name="awt.toolkit" value="sun.awt.X11.XToolkit"/>
    <property name="file.encoding.pkg" value="sun.io"/>
    <property name="java.specification.version" value="1.8"/>
    <property name="sun.cpu.isalist" value=""/>
    <property name="sun.jnu.encoding" value="UTF-8"/>
    <property name="java.class.path" value="/workdir/hadoop-ozone/integration-test/target/test-classes:/workdir/hadoop-ozone/integration-test/target/classes:/home/user/.m2/repository/org/apache/hadoop/hadoop-ozone-common/0.5.0-SNAPSHOT/hadoop-ozone-common-0.5.0-SNAPSHOT.jar:/home/user/.m2/repository/org/apache/commons/commons-compress/1.4.1/commons-compress-1.4.1.jar:/home/user/.m2/repository/org/tukaani/xz/1.0/xz-1.0.jar:/home/user/.m2/repository/org/apache/hadoop/hadoop-common/3.2.0/hadoop-common-3.2.0.jar:/home/user/.m2/repository/org/apache/hadoop/hadoop-hdfs/3.2.0/hadoop-hdfs-3.2.0.jar:/home/user/.m2/repository/org/apache/hadoop/hadoop-hdfs-client/3.2.0/hadoop-hdfs-client-3.2.0.jar:/home/user/.m2/repository/com/fasterxml/jackson/core/jackson-annotations/2.9.5/jackson-annotations-2.9.5.jar:/home/user/.m2/repository/org/apache/hadoop/hadoop-hdds-common/0.5.0-SNAPSHOT/hadoop-hdds-common-0.5.0-SNAPSHOT.jar:/home/user/.m2/repository/javax/annotation/javax.annotation-api/1.2/javax.annotation-api-1.2.jar:/home/user/.m2/repository/org/apache/ratis/ratis-server/0.4.0-2337318-SNAPSHOT/ratis-server-0.4.0-2337318-SNAPSHOT.jar:/home/user/.m2/repository/org/apache/ratis/ratis-thirdparty-misc/0.2.0/ratis-thirdparty-misc-0.2.0.jar:/home/user/.m2/repository/org/apache/ratis/ratis-proto/0.4.0-2337318-SNAPSHOT/ratis-proto-0.4.0-2337318-SNAPSHOT.jar:/home/user/.m2/repository/org/apache/ratis/ratis-common/0.4.0-2337318-SNAPSHOT/ratis-common-0.4.0-2337318-SNAPSHOT.jar:/home/user/.m2/repository/org/apache/ratis/ratis-client/0.4.0-2337318-SNAPSHOT/ratis-client-0.4.0-2337318-SNAPSHOT.jar:/home/user/.m2/repository/org/apache/ratis/ratis-metrics/0.4.0-2337318-SNAPSHOT/ratis-metrics-0.4.0-2337318-SNAPSHOT.jar:/home/user/.m2/repository/org/apache/ratis/ratis-netty/0.4.0-2337318-SNAPSHOT/ratis-netty-0.4.0-2337318-SNAPSHOT.jar:/home/user/.m2/repository/org/apache/ratis/ratis-grpc/0.4.0-2337318-SNAPSHOT/ratis-grpc-0.4.0-2337318-SNAPSHOT.jar:/home/user/.m2/repository/org/rocksdb/rocksdbjni/6.0.1/rocksdbjni-6.0.1.jar:/home/user/.m2/repository/org/apache/logging/log4j/log4j-api/2.11.0/log4j-api-2.11.0.jar:/home/user/.m2/repository/org/apache/logging/log4j/log4j-core/2.11.0/log4j-core-2.11.0.jar:/home/user/.m2/repository/com/lmax/disruptor/3.4.2/disruptor-3.4.2.jar:/home/user/.m2/repository/org/apache/commons/commons-pool2/2.6.0/commons-pool2-2.6.0.jar:/home/user/.m2/repository/org/bouncycastle/bcpkix-jdk15on/1.60/bcpkix-jdk15on-1.60.jar:/home/user/.m2/repository/commons-validator/commons-validator/1.6/commons-validator-1.6.jar:/home/user/.m2/repository/commons-digester/commons-digester/1.8.1/commons-digester-1.8.1.jar:/home/user/.m2/repository/io/jaegertracing/jaeger-client/0.33.1/jaeger-client-0.33.1.jar:/home/user/.m2/repository/io/jaegertracing/jaeger-thrift/0.33.1/jaeger-thrift-0.33.1.jar:/home/user/.m2/repository/org/apache/thrift/libthrift/0.11.0/libthrift-0.11.0.jar:/home/user/.m2/repository/com/squareup/okhttp3/okhttp/3.9.0/okhttp-3.9.0.jar:/home/user/.m2/repository/com/squareup/okio/okio/1.13.0/okio-1.13.0.jar:/home/user/.m2/repository/io/jaegertracing/jaeger-core/0.33.1/jaeger-core-0.33.1.jar:/home/user/.m2/repository/io/jaegertracing/jaeger-tracerresolver/0.33.1/jaeger-tracerresolver-0.33.1.jar:/home/user/.m2/repository/io/opentracing/contrib/opentracing-tracerresolver/0.1.5/opentracing-tracerresolver-0.1.5.jar:/home/user/.m2/repository/io/opentracing/opentracing-util/0.31.0/opentracing-util-0.31.0.jar:/home/user/.m2/repository/io/opentracing/opentracing-api/0.31.0/opentracing-api-0.31.0.jar:/home/user/.m2/repository/io/opentracing/opentracing-noop/0.31.0/opentracing-noop-0.31.0.jar:/home/user/.m2/repository/org/apache/hadoop/hadoop-hdds-server-framework/0.5.0-SNAPSHOT/hadoop-hdds-server-framework-0.5.0-SNAPSHOT.jar:/home/user/.m2/repository/org/apache/hadoop/hadoop-hdds-container-service/0.5.0-SNAPSHOT/hadoop-hdds-container-service-0.5.0-SNAPSHOT.jar:/home/user/.m2/repository/org/apache/hadoop/hadoop-hdds-client/0.5.0-SNAPSHOT/hadoop-hdds-client-0.5.0-SNAPSHOT.jar:/home/user/.m2/repository/org/apache/hadoop/hadoop-hdds-tools/0.5.0-SNAPSHOT/hadoop-hdds-tools-0.5.0-SNAPSHOT.jar:/home/user/.m2/repository/org/apache/hadoop/hadoop-hdds-server-scm/0.5.0-SNAPSHOT/hadoop-hdds-server-scm-0.5.0-SNAPSHOT.jar:/home/user/.m2/repository/org/apache/hadoop/hadoop-hdds-docs/0.5.0-SNAPSHOT/hadoop-hdds-docs-0.5.0-SNAPSHOT.jar:/home/user/.m2/repository/io/dropwizard/metrics/metrics-core/3.2.4/metrics-core-3.2.4.jar:/home/user/.m2/repository/org/hamcrest/hamcrest-all/1.3/hamcrest-all-1.3.jar:/home/user/.m2/repository/org/bouncycastle/bcprov-jdk15on/1.60/bcprov-jdk15on-1.60.jar:/home/user/.m2/repository/info/picocli/picocli/3.9.6/picocli-3.9.6.jar:/home/user/.m2/repository/com/google/protobuf/protobuf-java/2.5.0/protobuf-java-2.5.0.jar:/home/user/.m2/repository/com/google/guava/guava/11.0.2/guava-11.0.2.jar:/home/user/.m2/repository/org/apache/hadoop/hadoop-ozone-ozone-manager/0.5.0-SNAPSHOT/hadoop-ozone-ozone-manager-0.5.0-SNAPSHOT.jar:/home/user/.m2/repository/org/apache/hadoop/hadoop-minikdc/3.2.0/hadoop-minikdc-3.2.0.jar:/home/user/.m2/repository/commons-io/commons-io/2.5/commons-io-2.5.jar:/home/user/.m2/repository/org/apache/kerby/kerb-simplekdc/1.0.1/kerb-simplekdc-1.0.1.jar:/home/user/.m2/repository/org/apache/kerby/kerb-client/1.0.1/kerb-client-1.0.1.jar:/home/user/.m2/repository/org/apache/kerby/kerby-config/1.0.1/kerby-config-1.0.1.jar:/home/user/.m2/repository/org/apache/kerby/kerb-core/1.0.1/kerb-core-1.0.1.jar:/home/user/.m2/repository/org/apache/kerby/kerby-pkix/1.0.1/kerby-pkix-1.0.1.jar:/home/user/.m2/repository/org/apache/kerby/kerby-asn1/1.0.1/kerby-asn1-1.0.1.jar:/home/user/.m2/repository/org/apache/kerby/kerby-util/1.0.1/kerby-util-1.0.1.jar:/home/user/.m2/repository/org/apache/kerby/kerb-common/1.0.1/kerb-common-1.0.1.jar:/home/user/.m2/repository/org/apache/kerby/kerb-crypto/1.0.1/kerb-crypto-1.0.1.jar:/home/user/.m2/repository/org/apache/kerby/kerb-util/1.0.1/kerb-util-1.0.1.jar:/home/user/.m2/repository/org/apache/kerby/token-provider/1.0.1/token-provider-1.0.1.jar:/home/user/.m2/repository/org/apache/kerby/kerb-admin/1.0.1/kerb-admin-1.0.1.jar:/home/user/.m2/repository/org/apache/kerby/kerb-server/1.0.1/kerb-server-1.0.1.jar:/home/user/.m2/repository/org/apache/kerby/kerb-identity/1.0.1/kerb-identity-1.0.1.jar:/home/user/.m2/repository/org/apache/kerby/kerby-xdr/1.0.1/kerby-xdr-1.0.1.jar:/home/user/.m2/repository/org/slf4j/slf4j-log4j12/1.7.25/slf4j-log4j12-1.7.25.jar:/home/user/.m2/repository/org/apache/hadoop/hadoop-ozone-objectstore-service/0.5.0-SNAPSHOT/hadoop-ozone-objectstore-service-0.5.0-SNAPSHOT.jar:/home/user/.m2/repository/org/apache/hadoop/hadoop-ozone-s3gateway/0.5.0-SNAPSHOT/hadoop-ozone-s3gateway-0.5.0-SNAPSHOT.jar:/home/user/.m2/repository/org/jboss/weld/servlet/weld-servlet/2.4.7.Final/weld-servlet-2.4.7.Final.jar:/home/user/.m2/repository/org/glassfish/jersey/containers/jersey-container-servlet-core/2.27/jersey-container-servlet-core-2.27.jar:/home/user/.m2/repository/org/glassfish/hk2/external/javax.inject/2.5.0-b42/javax.inject-2.5.0-b42.jar:/home/user/.m2/repository/org/glassfish/jersey/core/jersey-common/2.27/jersey-common-2.27.jar:/home/user/.m2/repository/org/glassfish/hk2/osgi-resource-locator/1.0.1/osgi-resource-locator-1.0.1.jar:/home/user/.m2/repository/javax/ws/rs/javax.ws.rs-api/2.1/javax.ws.rs-api-2.1.jar:/home/user/.m2/repository/org/glassfish/jersey/ext/cdi/jersey-cdi1x/2.27/jersey-cdi1x-2.27.jar:/home/user/.m2/repository/org/glassfish/jersey/inject/jersey-hk2/2.27/jersey-hk2-2.27.jar:/home/user/.m2/repository/org/glassfish/hk2/hk2-locator/2.5.0-b42/hk2-locator-2.5.0-b42.jar:/home/user/.m2/repository/org/javassist/javassist/3.22.0-CR2/javassist-3.22.0-CR2.jar:/home/user/.m2/repository/org/glassfish/hk2/hk2-api/2.5.0/hk2-api-2.5.0.jar:/home/user/.m2/repository/org/glassfish/hk2/external/jakarta.inject/2.5.0/jakarta.inject-2.5.0.jar:/home/user/.m2/repository/org/glassfish/hk2/hk2-utils/2.5.0/hk2-utils-2.5.0.jar:/home/user/.m2/repository/jakarta/annotation/jakarta.annotation-api/1.3.4/jakarta.annotation-api-1.3.4.jar:/home/user/.m2/repository/org/glassfish/hk2/external/aopalliance-repackaged/2.5.0/aopalliance-repackaged-2.5.0.jar:/home/user/.m2/repository/com/fasterxml/jackson/dataformat/jackson-dataformat-xml/2.9.0/jackson-dataformat-xml-2.9.0.jar:/home/user/.m2/repository/com/fasterxml/jackson/core/jackson-core/2.9.5/jackson-core-2.9.5.jar:/home/user/.m2/repository/com/fasterxml/jackson/module/jackson-module-jaxb-annotations/2.9.5/jackson-module-jaxb-annotations-2.9.5.jar:/home/user/.m2/repository/javax/enterprise/cdi-api/1.2/cdi-api-1.2.jar:/home/user/.m2/repository/javax/el/javax.el-api/3.0.0/javax.el-api-3.0.0.jar:/home/user/.m2/repository/javax/interceptor/javax.interceptor-api/1.2/javax.interceptor-api-1.2.jar:/home/user/.m2/repository/javax/inject/javax.inject/1/javax.inject-1.jar:/home/user/.m2/repository/com/sun/xml/bind/jaxb-impl/2.3.0.1/jaxb-impl-2.3.0.1.jar:/home/user/.m2/repository/com/sun/xml/bind/jaxb-core/2.3.0.1/jaxb-core-2.3.0.1.jar:/home/user/.m2/repository/javax/xml/bind/jaxb-api/2.3.0/jaxb-api-2.3.0.jar:/home/user/.m2/repository/javax/activation/activation/1.1.1/activation-1.1.1.jar:/home/user/.m2/repository/org/apache/hadoop/hadoop-ozone-csi/0.5.0-SNAPSHOT/hadoop-ozone-csi-0.5.0-SNAPSHOT.jar:/home/user/.m2/repository/com/google/protobuf/protobuf-java-util/3.5.1/protobuf-java-util-3.5.1.jar:/home/user/.m2/repository/org/apache/hadoop/hadoop-hdds-config/0.5.0-SNAPSHOT/hadoop-hdds-config-0.5.0-SNAPSHOT.jar:/home/user/.m2/repository/io/grpc/grpc-netty/1.17.1/grpc-netty-1.17.1.jar:/home/user/.m2/repository/io/grpc/grpc-core/1.17.1/grpc-core-1.17.1.jar:/home/user/.m2/repository/io/grpc/grpc-context/1.17.1/grpc-context-1.17.1.jar:/home/user/.m2/repository/com/google/errorprone/error_prone_annotations/2.2.0/error_prone_annotations-2.2.0.jar:/home/user/.m2/repository/org/codehaus/mojo/animal-sniffer-annotations/1.17/animal-sniffer-annotations-1.17.jar:/home/user/.m2/repository/io/opencensus/opencensus-api/0.17.0/opencensus-api-0.17.0.jar:/home/user/.m2/repository/io/opencensus/opencensus-contrib-grpc-metrics/0.17.0/opencensus-contrib-grpc-metrics-0.17.0.jar:/home/user/.m2/repository/io/netty/netty-codec-http2/4.1.30.Final/netty-codec-http2-4.1.30.Final.jar:/home/user/.m2/repository/io/netty/netty-codec-http/4.1.30.Final/netty-codec-http-4.1.30.Final.jar:/home/user/.m2/repository/io/netty/netty-codec/4.1.30.Final/netty-codec-4.1.30.Final.jar:/home/user/.m2/repository/io/netty/netty-handler/4.1.30.Final/netty-handler-4.1.30.Final.jar:/home/user/.m2/repository/io/netty/netty-handler-proxy/4.1.30.Final/netty-handler-proxy-4.1.30.Final.jar:/home/user/.m2/repository/io/netty/netty-codec-socks/4.1.30.Final/netty-codec-socks-4.1.30.Final.jar:/home/user/.m2/repository/io/netty/netty-transport-native-epoll/4.1.30.Final/netty-transport-native-epoll-4.1.30.Final.jar:/home/user/.m2/repository/io/netty/netty-common/4.1.30.Final/netty-common-4.1.30.Final.jar:/home/user/.m2/repository/io/netty/netty-buffer/4.1.30.Final/netty-buffer-4.1.30.Final.jar:/home/user/.m2/repository/io/netty/netty-transport/4.1.30.Final/netty-transport-4.1.30.Final.jar:/home/user/.m2/repository/io/netty/netty-resolver/4.1.30.Final/netty-resolver-4.1.30.Final.jar:/home/user/.m2/repository/io/netty/netty-transport-native-unix-common/4.1.30.Final/netty-transport-native-unix-common-4.1.30.Final.jar:/home/user/.m2/repository/io/grpc/grpc-protobuf/1.17.1/grpc-protobuf-1.17.1.jar:/home/user/.m2/repository/com/google/api/grpc/proto-google-common-protos/1.0.0/proto-google-common-protos-1.0.0.jar:/home/user/.m2/repository/io/grpc/grpc-protobuf-lite/1.17.1/grpc-protobuf-lite-1.17.1.jar:/home/user/.m2/repository/io/grpc/grpc-stub/1.17.1/grpc-stub-1.17.1.jar:/home/user/.m2/repository/org/apache/hadoop/hadoop-ozone-recon/0.5.0-SNAPSHOT/hadoop-ozone-recon-0.5.0-SNAPSHOT.jar:/home/user/.m2/repository/org/apache/hadoop/hadoop-ozone-reconcodegen/0.5.0-SNAPSHOT/hadoop-ozone-reconcodegen-0.5.0-SNAPSHOT.jar:/home/user/.m2/repository/com/google/inject/extensions/guice-multibindings/4.0/guice-multibindings-4.0.jar:/home/user/.m2/repository/com/google/inject/guice/4.0/guice-4.0.jar:/home/user/.m2/repository/aopalliance/aopalliance/1.0/aopalliance-1.0.jar:/home/user/.m2/repository/com/google/inject/extensions/guice-servlet/4.0/guice-servlet-4.0.jar:/home/user/.m2/repository/org/glassfish/jersey/containers/jersey-container-servlet/2.27/jersey-container-servlet-2.27.jar:/home/user/.m2/repository/org/glassfish/hk2/guice-bridge/2.5.0/guice-bridge-2.5.0.jar:/home/user/.m2/repository/org/glassfish/jersey/core/jersey-server/2.27/jersey-server-2.27.jar:/home/user/.m2/repository/org/glassfish/jersey/core/jersey-client/2.27/jersey-client-2.27.jar:/home/user/.m2/repository/org/glassfish/jersey/media/jersey-media-jaxb/2.27/jersey-media-jaxb-2.27.jar:/home/user/.m2/repository/javax/validation/validation-api/1.1.0.Final/validation-api-1.1.0.Final.jar:/home/user/.m2/repository/org/glassfish/jersey/media/jersey-media-json-jackson/2.27/jersey-media-json-jackson-2.27.jar:/home/user/.m2/repository/org/glassfish/jersey/ext/jersey-entity-filtering/2.27/jersey-entity-filtering-2.27.jar:/home/user/.m2/repository/com/google/inject/extensions/guice-assistedinject/4.0/guice-assistedinject-4.0.jar:/home/user/.m2/repository/org/jooq/jooq/3.11.10/jooq-3.11.10.jar:/home/user/.m2/repository/org/jooq/jooq-meta/3.11.10/jooq-meta-3.11.10.jar:/home/user/.m2/repository/org/jooq/jooq-codegen/3.11.10/jooq-codegen-3.11.10.jar:/home/user/.m2/repository/com/jolbox/bonecp/0.8.0.RELEASE/bonecp-0.8.0.RELEASE.jar:/home/user/.m2/repository/org/xerial/sqlite-jdbc/3.25.2/sqlite-jdbc-3.25.2.jar:/home/user/.m2/repository/org/springframework/spring-jdbc/5.1.3.RELEASE/spring-jdbc-5.1.3.RELEASE.jar:/home/user/.m2/repository/org/springframework/spring-beans/5.1.3.RELEASE/spring-beans-5.1.3.RELEASE.jar:/home/user/.m2/repository/org/springframework/spring-core/5.1.3.RELEASE/spring-core-5.1.3.RELEASE.jar:/home/user/.m2/repository/org/springframework/spring-jcl/5.1.3.RELEASE/spring-jcl-5.1.3.RELEASE.jar:/home/user/.m2/repository/org/springframework/spring-tx/5.1.3.RELEASE/spring-tx-5.1.3.RELEASE.jar:/home/user/.m2/repository/org/apache/hadoop/hadoop-ozone-client/0.5.0-SNAPSHOT/hadoop-ozone-client-0.5.0-SNAPSHOT.jar:/home/user/.m2/repository/commons-lang/commons-lang/2.6/commons-lang-2.6.jar:/home/user/.m2/repository/org/apache/hadoop/hadoop-ozone-ozone-manager/0.5.0-SNAPSHOT/hadoop-ozone-ozone-manager-0.5.0-SNAPSHOT-tests.jar:/home/user/.m2/repository/junit/junit/4.11/junit-4.11.jar:/home/user/.m2/repository/org/hamcrest/hamcrest-core/1.3/hamcrest-core-1.3.jar:/home/user/.m2/repository/org/openjdk/jmh/jmh-core/1.19/jmh-core-1.19.jar:/home/user/.m2/repository/net/sf/jopt-simple/jopt-simple/4.6/jopt-simple-4.6.jar:/home/user/.m2/repository/org/apache/commons/commons-math3/3.1.1/commons-math3-3.1.1.jar:/home/user/.m2/repository/org/openjdk/jmh/jmh-generator-annprocess/1.19/jmh-generator-annprocess-1.19.jar:/home/user/.m2/repository/org/mockito/mockito-all/1.8.5/mockito-all-1.8.5.jar:/home/user/.m2/repository/org/apache/hadoop/hadoop-kms/3.2.0/hadoop-kms-3.2.0.jar:/home/user/.m2/repository/org/apache/hadoop/hadoop-auth/3.2.0/hadoop-auth-3.2.0.jar:/home/user/.m2/repository/com/nimbusds/nimbus-jose-jwt/4.41.1/nimbus-jose-jwt-4.41.1.jar:/home/user/.m2/repository/com/github/stephenc/jcip/jcip-annotations/1.0-1/jcip-annotations-1.0-1.jar:/home/user/.m2/repository/net/minidev/json-smart/2.3/json-smart-2.3.jar:/home/user/.m2/repository/net/minidev/accessors-smart/1.2/accessors-smart-1.2.jar:/home/user/.m2/repository/org/ow2/asm/asm/5.0.4/asm-5.0.4.jar:/home/user/.m2/repository/org/apache/curator/curator-framework/2.12.0/curator-framework-2.12.0.jar:/home/user/.m2/repository/com/sun/jersey/jersey-core/1.19/jersey-core-1.19.jar:/home/user/.m2/repository/javax/ws/rs/jsr311-api/1.1.1/jsr311-api-1.1.1.jar:/home/user/.m2/repository/com/sun/jersey/jersey-server/1.19/jersey-server-1.19.jar:/home/user/.m2/repository/javax/servlet/javax.servlet-api/3.1.0/javax.servlet-api-3.1.0.jar:/home/user/.m2/repository/org/eclipse/jetty/jetty-server/9.3.24.v20180605/jetty-server-9.3.24.v20180605.jar:/home/user/.m2/repository/org/eclipse/jetty/jetty-http/9.3.24.v20180605/jetty-http-9.3.24.v20180605.jar:/home/user/.m2/repository/org/eclipse/jetty/jetty-io/9.3.24.v20180605/jetty-io-9.3.24.v20180605.jar:/home/user/.m2/repository/org/eclipse/jetty/jetty-webapp/9.3.24.v20180605/jetty-webapp-9.3.24.v20180605.jar:/home/user/.m2/repository/org/eclipse/jetty/jetty-xml/9.3.24.v20180605/jetty-xml-9.3.24.v20180605.jar:/home/user/.m2/repository/log4j/log4j/1.2.17/log4j-1.2.17.jar:/home/user/.m2/repository/org/slf4j/slf4j-api/1.7.25/slf4j-api-1.7.25.jar:/home/user/.m2/repository/org/slf4j/jul-to-slf4j/1.7.25/jul-to-slf4j-1.7.25.jar:/home/user/.m2/repository/org/eclipse/jetty/jetty-util/9.3.24.v20180605/jetty-util-9.3.24.v20180605.jar:/home/user/.m2/repository/com/fasterxml/jackson/core/jackson-databind/2.9.5/jackson-databind-2.9.5.jar:/home/user/.m2/repository/org/apache/hadoop/hadoop-kms/3.2.0/hadoop-kms-3.2.0-tests.jar:/home/user/.m2/repository/org/apache/hadoop/hadoop-hdds-server-scm/0.5.0-SNAPSHOT/hadoop-hdds-server-scm-0.5.0-SNAPSHOT-tests.jar:/home/user/.m2/repository/org/apache/hadoop/hadoop-hdds-container-service/0.5.0-SNAPSHOT/hadoop-hdds-container-service-0.5.0-SNAPSHOT-tests.jar:/home/user/.m2/repository/org/yaml/snakeyaml/1.16/snakeyaml-1.16.jar:/home/user/.m2/repository/org/apache/hadoop/hadoop-common/3.2.0/hadoop-common-3.2.0-tests.jar:/home/user/.m2/repository/org/apache/hadoop/hadoop-annotations/3.2.0/hadoop-annotations-3.2.0.jar:/usr/lib/jvm/java-1.8-openjdk/jre/../lib/tools.jar:/home/user/.m2/repository/commons-cli/commons-cli/1.2/commons-cli-1.2.jar:/home/user/.m2/repository/org/apache/httpcomponents/httpclient/4.5.2/httpclient-4.5.2.jar:/home/user/.m2/repository/org/apache/httpcomponents/httpcore/4.4.4/httpcore-4.4.4.jar:/home/user/.m2/repository/commons-codec/commons-codec/1.11/commons-codec-1.11.jar:/home/user/.m2/repository/commons-net/commons-net/3.6/commons-net-3.6.jar:/home/user/.m2/repository/commons-collections/commons-collections/3.2.2/commons-collections-3.2.2.jar:/home/user/.m2/repository/org/eclipse/jetty/jetty-servlet/9.3.24.v20180605/jetty-servlet-9.3.24.v20180605.jar:/home/user/.m2/repository/org/eclipse/jetty/jetty-security/9.3.24.v20180605/jetty-security-9.3.24.v20180605.jar:/home/user/.m2/repository/javax/servlet/jsp/jsp-api/2.1/jsp-api-2.1.jar:/home/user/.m2/repository/com/sun/jersey/jersey-servlet/1.19/jersey-servlet-1.19.jar:/home/user/.m2/repository/com/sun/jersey/jersey-json/1.19/jersey-json-1.19.jar:/home/user/.m2/repository/org/codehaus/jettison/jettison/1.1/jettison-1.1.jar:/home/user/.m2/repository/org/codehaus/jackson/jackson-core-asl/1.9.13/jackson-core-asl-1.9.13.jar:/home/user/.m2/repository/org/codehaus/jackson/jackson-mapper-asl/1.9.13/jackson-mapper-asl-1.9.13.jar:/home/user/.m2/repository/org/codehaus/jackson/jackson-jaxrs/1.9.13/jackson-jaxrs-1.9.13.jar:/home/user/.m2/repository/org/codehaus/jackson/jackson-xc/1.9.13/jackson-xc-1.9.13.jar:/home/user/.m2/repository/commons-logging/commons-logging/1.1.3/commons-logging-1.1.3.jar:/home/user/.m2/repository/commons-beanutils/commons-beanutils/1.9.3/commons-beanutils-1.9.3.jar:/home/user/.m2/repository/org/apache/commons/commons-configuration2/2.1.1/commons-configuration2-2.1.1.jar:/home/user/.m2/repository/org/apache/commons/commons-lang3/3.7/commons-lang3-3.7.jar:/home/user/.m2/repository/org/apache/commons/commons-text/1.4/commons-text-1.4.jar:/home/user/.m2/repository/org/apache/avro/avro/1.7.7/avro-1.7.7.jar:/home/user/.m2/repository/com/thoughtworks/paranamer/paranamer/2.3/paranamer-2.3.jar:/home/user/.m2/repository/org/xerial/snappy/snappy-java/1.0.5/snappy-java-1.0.5.jar:/home/user/.m2/repository/com/google/re2j/re2j/1.1/re2j-1.1.jar:/home/user/.m2/repository/com/google/code/gson/gson/2.2.4/gson-2.2.4.jar:/home/user/.m2/repository/com/jcraft/jsch/0.1.54/jsch-0.1.54.jar:/home/user/.m2/repository/org/apache/curator/curator-client/2.12.0/curator-client-2.12.0.jar:/home/user/.m2/repository/org/apache/curator/curator-recipes/2.12.0/curator-recipes-2.12.0.jar:/home/user/.m2/repository/com/google/code/findbugs/jsr305/3.0.0/jsr305-3.0.0.jar:/home/user/.m2/repository/org/apache/htrace/htrace-core4/4.1.0-incubating/htrace-core4-4.1.0-incubating.jar:/home/user/.m2/repository/org/apache/zookeeper/zookeeper/3.4.13/zookeeper-3.4.13.jar:/home/user/.m2/repository/org/apache/yetus/audience-annotations/0.5.0/audience-annotations-0.5.0.jar:/home/user/.m2/repository/org/codehaus/woodstox/stax2-api/3.1.4/stax2-api-3.1.4.jar:/home/user/.m2/repository/com/fasterxml/woodstox/woodstox-core/5.0.3/woodstox-core-5.0.3.jar:/home/user/.m2/repository/dnsjava/dnsjava/2.1.7/dnsjava-2.1.7.jar:/home/user/.m2/repository/org/apache/hadoop/hadoop-hdfs/3.2.0/hadoop-hdfs-3.2.0-tests.jar:/home/user/.m2/repository/org/eclipse/jetty/jetty-util-ajax/9.3.24.v20180605/jetty-util-ajax-9.3.24.v20180605.jar:/home/user/.m2/repository/commons-daemon/commons-daemon/1.0.13/commons-daemon-1.0.13.jar:/home/user/.m2/repository/io/netty/netty/3.10.5.Final/netty-3.10.5.Final.jar:/home/user/.m2/repository/io/netty/netty-all/4.0.52.Final/netty-all-4.0.52.Final.jar:/home/user/.m2/repository/org/fusesource/leveldbjni/leveldbjni-all/1.8/leveldbjni-all-1.8.jar:"/>
    <property name="java.vm.vendor" value="IcedTea"/>
    <property name="sun.arch.data.model" value="64"/>
    <property name="test.build.dir" value="/workdir/hadoop-ozone/integration-test/target/test-dir"/>
    <property name="test.cache.data" value=""/>
    <property name="java.vendor.url" value="https://icedtea.classpath.org"/>
    <property name="user.timezone" value=""/>
    <property name="java.vm.specification.version" value="1.8"/>
    <property name="os.name" value="Linux"/>
    <property name="test.build.data" value="/workdir/hadoop-ozone/integration-test/target/test-dir"/>
    <property name="user.country" value="US"/>
    <property name="sun.java.launcher" value="SUN_STANDARD"/>
    <property name="sun.boot.library.path" value="/usr/lib/jvm/java-1.8-openjdk/jre/lib/amd64"/>
    <property name="sun.java.command" value="/workdir/hadoop-ozone/integration-test/target/surefire/surefirebooter3056493752642724335.jar /workdir/hadoop-ozone/integration-test/target/surefire 2019-07-15T12-53-33_419-jvmRun1 surefire5545092422114900477tmp surefire_402544080566384185792tmp"/>
    <property name="surefire.test.class.path" value="/workdir/hadoop-ozone/integration-test/target/test-classes:/workdir/hadoop-ozone/integration-test/target/classes:/home/user/.m2/repository/org/apache/hadoop/hadoop-ozone-common/0.5.0-SNAPSHOT/hadoop-ozone-common-0.5.0-SNAPSHOT.jar:/home/user/.m2/repository/org/apache/commons/commons-compress/1.4.1/commons-compress-1.4.1.jar:/home/user/.m2/repository/org/tukaani/xz/1.0/xz-1.0.jar:/home/user/.m2/repository/org/apache/hadoop/hadoop-common/3.2.0/hadoop-common-3.2.0.jar:/home/user/.m2/repository/org/apache/hadoop/hadoop-hdfs/3.2.0/hadoop-hdfs-3.2.0.jar:/home/user/.m2/repository/org/apache/hadoop/hadoop-hdfs-client/3.2.0/hadoop-hdfs-client-3.2.0.jar:/home/user/.m2/repository/com/fasterxml/jackson/core/jackson-annotations/2.9.5/jackson-annotations-2.9.5.jar:/home/user/.m2/repository/org/apache/hadoop/hadoop-hdds-common/0.5.0-SNAPSHOT/hadoop-hdds-common-0.5.0-SNAPSHOT.jar:/home/user/.m2/repository/javax/annotation/javax.annotation-api/1.2/javax.annotation-api-1.2.jar:/home/user/.m2/repository/org/apache/ratis/ratis-server/0.4.0-2337318-SNAPSHOT/ratis-server-0.4.0-2337318-SNAPSHOT.jar:/home/user/.m2/repository/org/apache/ratis/ratis-thirdparty-misc/0.2.0/ratis-thirdparty-misc-0.2.0.jar:/home/user/.m2/repository/org/apache/ratis/ratis-proto/0.4.0-2337318-SNAPSHOT/ratis-proto-0.4.0-2337318-SNAPSHOT.jar:/home/user/.m2/repository/org/apache/ratis/ratis-common/0.4.0-2337318-SNAPSHOT/ratis-common-0.4.0-2337318-SNAPSHOT.jar:/home/user/.m2/repository/org/apache/ratis/ratis-client/0.4.0-2337318-SNAPSHOT/ratis-client-0.4.0-2337318-SNAPSHOT.jar:/home/user/.m2/repository/org/apache/ratis/ratis-metrics/0.4.0-2337318-SNAPSHOT/ratis-metrics-0.4.0-2337318-SNAPSHOT.jar:/home/user/.m2/repository/org/apache/ratis/ratis-netty/0.4.0-2337318-SNAPSHOT/ratis-netty-0.4.0-2337318-SNAPSHOT.jar:/home/user/.m2/repository/org/apache/ratis/ratis-grpc/0.4.0-2337318-SNAPSHOT/ratis-grpc-0.4.0-2337318-SNAPSHOT.jar:/home/user/.m2/repository/org/rocksdb/rocksdbjni/6.0.1/rocksdbjni-6.0.1.jar:/home/user/.m2/repository/org/apache/logging/log4j/log4j-api/2.11.0/log4j-api-2.11.0.jar:/home/user/.m2/repository/org/apache/logging/log4j/log4j-core/2.11.0/log4j-core-2.11.0.jar:/home/user/.m2/repository/com/lmax/disruptor/3.4.2/disruptor-3.4.2.jar:/home/user/.m2/repository/org/apache/commons/commons-pool2/2.6.0/commons-pool2-2.6.0.jar:/home/user/.m2/repository/org/bouncycastle/bcpkix-jdk15on/1.60/bcpkix-jdk15on-1.60.jar:/home/user/.m2/repository/commons-validator/commons-validator/1.6/commons-validator-1.6.jar:/home/user/.m2/repository/commons-digester/commons-digester/1.8.1/commons-digester-1.8.1.jar:/home/user/.m2/repository/io/jaegertracing/jaeger-client/0.33.1/jaeger-client-0.33.1.jar:/home/user/.m2/repository/io/jaegertracing/jaeger-thrift/0.33.1/jaeger-thrift-0.33.1.jar:/home/user/.m2/repository/org/apache/thrift/libthrift/0.11.0/libthrift-0.11.0.jar:/home/user/.m2/repository/com/squareup/okhttp3/okhttp/3.9.0/okhttp-3.9.0.jar:/home/user/.m2/repository/com/squareup/okio/okio/1.13.0/okio-1.13.0.jar:/home/user/.m2/repository/io/jaegertracing/jaeger-core/0.33.1/jaeger-core-0.33.1.jar:/home/user/.m2/repository/io/jaegertracing/jaeger-tracerresolver/0.33.1/jaeger-tracerresolver-0.33.1.jar:/home/user/.m2/repository/io/opentracing/contrib/opentracing-tracerresolver/0.1.5/opentracing-tracerresolver-0.1.5.jar:/home/user/.m2/repository/io/opentracing/opentracing-util/0.31.0/opentracing-util-0.31.0.jar:/home/user/.m2/repository/io/opentracing/opentracing-api/0.31.0/opentracing-api-0.31.0.jar:/home/user/.m2/repository/io/opentracing/opentracing-noop/0.31.0/opentracing-noop-0.31.0.jar:/home/user/.m2/repository/org/apache/hadoop/hadoop-hdds-server-framework/0.5.0-SNAPSHOT/hadoop-hdds-server-framework-0.5.0-SNAPSHOT.jar:/home/user/.m2/repository/org/apache/hadoop/hadoop-hdds-container-service/0.5.0-SNAPSHOT/hadoop-hdds-container-service-0.5.0-SNAPSHOT.jar:/home/user/.m2/repository/org/apache/hadoop/hadoop-hdds-client/0.5.0-SNAPSHOT/hadoop-hdds-client-0.5.0-SNAPSHOT.jar:/home/user/.m2/repository/org/apache/hadoop/hadoop-hdds-tools/0.5.0-SNAPSHOT/hadoop-hdds-tools-0.5.0-SNAPSHOT.jar:/home/user/.m2/repository/org/apache/hadoop/hadoop-hdds-server-scm/0.5.0-SNAPSHOT/hadoop-hdds-server-scm-0.5.0-SNAPSHOT.jar:/home/user/.m2/repository/org/apache/hadoop/hadoop-hdds-docs/0.5.0-SNAPSHOT/hadoop-hdds-docs-0.5.0-SNAPSHOT.jar:/home/user/.m2/repository/io/dropwizard/metrics/metrics-core/3.2.4/metrics-core-3.2.4.jar:/home/user/.m2/repository/org/hamcrest/hamcrest-all/1.3/hamcrest-all-1.3.jar:/home/user/.m2/repository/org/bouncycastle/bcprov-jdk15on/1.60/bcprov-jdk15on-1.60.jar:/home/user/.m2/repository/info/picocli/picocli/3.9.6/picocli-3.9.6.jar:/home/user/.m2/repository/com/google/protobuf/protobuf-java/2.5.0/protobuf-java-2.5.0.jar:/home/user/.m2/repository/com/google/guava/guava/11.0.2/guava-11.0.2.jar:/home/user/.m2/repository/org/apache/hadoop/hadoop-ozone-ozone-manager/0.5.0-SNAPSHOT/hadoop-ozone-ozone-manager-0.5.0-SNAPSHOT.jar:/home/user/.m2/repository/org/apache/hadoop/hadoop-minikdc/3.2.0/hadoop-minikdc-3.2.0.jar:/home/user/.m2/repository/commons-io/commons-io/2.5/commons-io-2.5.jar:/home/user/.m2/repository/org/apache/kerby/kerb-simplekdc/1.0.1/kerb-simplekdc-1.0.1.jar:/home/user/.m2/repository/org/apache/kerby/kerb-client/1.0.1/kerb-client-1.0.1.jar:/home/user/.m2/repository/org/apache/kerby/kerby-config/1.0.1/kerby-config-1.0.1.jar:/home/user/.m2/repository/org/apache/kerby/kerb-core/1.0.1/kerb-core-1.0.1.jar:/home/user/.m2/repository/org/apache/kerby/kerby-pkix/1.0.1/kerby-pkix-1.0.1.jar:/home/user/.m2/repository/org/apache/kerby/kerby-asn1/1.0.1/kerby-asn1-1.0.1.jar:/home/user/.m2/repository/org/apache/kerby/kerby-util/1.0.1/kerby-util-1.0.1.jar:/home/user/.m2/repository/org/apache/kerby/kerb-common/1.0.1/kerb-common-1.0.1.jar:/home/user/.m2/repository/org/apache/kerby/kerb-crypto/1.0.1/kerb-crypto-1.0.1.jar:/home/user/.m2/repository/org/apache/kerby/kerb-util/1.0.1/kerb-util-1.0.1.jar:/home/user/.m2/repository/org/apache/kerby/token-provider/1.0.1/token-provider-1.0.1.jar:/home/user/.m2/repository/org/apache/kerby/kerb-admin/1.0.1/kerb-admin-1.0.1.jar:/home/user/.m2/repository/org/apache/kerby/kerb-server/1.0.1/kerb-server-1.0.1.jar:/home/user/.m2/repository/org/apache/kerby/kerb-identity/1.0.1/kerb-identity-1.0.1.jar:/home/user/.m2/repository/org/apache/kerby/kerby-xdr/1.0.1/kerby-xdr-1.0.1.jar:/home/user/.m2/repository/org/slf4j/slf4j-log4j12/1.7.25/slf4j-log4j12-1.7.25.jar:/home/user/.m2/repository/org/apache/hadoop/hadoop-ozone-objectstore-service/0.5.0-SNAPSHOT/hadoop-ozone-objectstore-service-0.5.0-SNAPSHOT.jar:/home/user/.m2/repository/org/apache/hadoop/hadoop-ozone-s3gateway/0.5.0-SNAPSHOT/hadoop-ozone-s3gateway-0.5.0-SNAPSHOT.jar:/home/user/.m2/repository/org/jboss/weld/servlet/weld-servlet/2.4.7.Final/weld-servlet-2.4.7.Final.jar:/home/user/.m2/repository/org/glassfish/jersey/containers/jersey-container-servlet-core/2.27/jersey-container-servlet-core-2.27.jar:/home/user/.m2/repository/org/glassfish/hk2/external/javax.inject/2.5.0-b42/javax.inject-2.5.0-b42.jar:/home/user/.m2/repository/org/glassfish/jersey/core/jersey-common/2.27/jersey-common-2.27.jar:/home/user/.m2/repository/org/glassfish/hk2/osgi-resource-locator/1.0.1/osgi-resource-locator-1.0.1.jar:/home/user/.m2/repository/javax/ws/rs/javax.ws.rs-api/2.1/javax.ws.rs-api-2.1.jar:/home/user/.m2/repository/org/glassfish/jersey/ext/cdi/jersey-cdi1x/2.27/jersey-cdi1x-2.27.jar:/home/user/.m2/repository/org/glassfish/jersey/inject/jersey-hk2/2.27/jersey-hk2-2.27.jar:/home/user/.m2/repository/org/glassfish/hk2/hk2-locator/2.5.0-b42/hk2-locator-2.5.0-b42.jar:/home/user/.m2/repository/org/javassist/javassist/3.22.0-CR2/javassist-3.22.0-CR2.jar:/home/user/.m2/repository/org/glassfish/hk2/hk2-api/2.5.0/hk2-api-2.5.0.jar:/home/user/.m2/repository/org/glassfish/hk2/external/jakarta.inject/2.5.0/jakarta.inject-2.5.0.jar:/home/user/.m2/repository/org/glassfish/hk2/hk2-utils/2.5.0/hk2-utils-2.5.0.jar:/home/user/.m2/repository/jakarta/annotation/jakarta.annotation-api/1.3.4/jakarta.annotation-api-1.3.4.jar:/home/user/.m2/repository/org/glassfish/hk2/external/aopalliance-repackaged/2.5.0/aopalliance-repackaged-2.5.0.jar:/home/user/.m2/repository/com/fasterxml/jackson/dataformat/jackson-dataformat-xml/2.9.0/jackson-dataformat-xml-2.9.0.jar:/home/user/.m2/repository/com/fasterxml/jackson/core/jackson-core/2.9.5/jackson-core-2.9.5.jar:/home/user/.m2/repository/com/fasterxml/jackson/module/jackson-module-jaxb-annotations/2.9.5/jackson-module-jaxb-annotations-2.9.5.jar:/home/user/.m2/repository/javax/enterprise/cdi-api/1.2/cdi-api-1.2.jar:/home/user/.m2/repository/javax/el/javax.el-api/3.0.0/javax.el-api-3.0.0.jar:/home/user/.m2/repository/javax/interceptor/javax.interceptor-api/1.2/javax.interceptor-api-1.2.jar:/home/user/.m2/repository/javax/inject/javax.inject/1/javax.inject-1.jar:/home/user/.m2/repository/com/sun/xml/bind/jaxb-impl/2.3.0.1/jaxb-impl-2.3.0.1.jar:/home/user/.m2/repository/com/sun/xml/bind/jaxb-core/2.3.0.1/jaxb-core-2.3.0.1.jar:/home/user/.m2/repository/javax/xml/bind/jaxb-api/2.3.0/jaxb-api-2.3.0.jar:/home/user/.m2/repository/javax/activation/activation/1.1.1/activation-1.1.1.jar:/home/user/.m2/repository/org/apache/hadoop/hadoop-ozone-csi/0.5.0-SNAPSHOT/hadoop-ozone-csi-0.5.0-SNAPSHOT.jar:/home/user/.m2/repository/com/google/protobuf/protobuf-java-util/3.5.1/protobuf-java-util-3.5.1.jar:/home/user/.m2/repository/org/apache/hadoop/hadoop-hdds-config/0.5.0-SNAPSHOT/hadoop-hdds-config-0.5.0-SNAPSHOT.jar:/home/user/.m2/repository/io/grpc/grpc-netty/1.17.1/grpc-netty-1.17.1.jar:/home/user/.m2/repository/io/grpc/grpc-core/1.17.1/grpc-core-1.17.1.jar:/home/user/.m2/repository/io/grpc/grpc-context/1.17.1/grpc-context-1.17.1.jar:/home/user/.m2/repository/com/google/errorprone/error_prone_annotations/2.2.0/error_prone_annotations-2.2.0.jar:/home/user/.m2/repository/org/codehaus/mojo/animal-sniffer-annotations/1.17/animal-sniffer-annotations-1.17.jar:/home/user/.m2/repository/io/opencensus/opencensus-api/0.17.0/opencensus-api-0.17.0.jar:/home/user/.m2/repository/io/opencensus/opencensus-contrib-grpc-metrics/0.17.0/opencensus-contrib-grpc-metrics-0.17.0.jar:/home/user/.m2/repository/io/netty/netty-codec-http2/4.1.30.Final/netty-codec-http2-4.1.30.Final.jar:/home/user/.m2/repository/io/netty/netty-codec-http/4.1.30.Final/netty-codec-http-4.1.30.Final.jar:/home/user/.m2/repository/io/netty/netty-codec/4.1.30.Final/netty-codec-4.1.30.Final.jar:/home/user/.m2/repository/io/netty/netty-handler/4.1.30.Final/netty-handler-4.1.30.Final.jar:/home/user/.m2/repository/io/netty/netty-handler-proxy/4.1.30.Final/netty-handler-proxy-4.1.30.Final.jar:/home/user/.m2/repository/io/netty/netty-codec-socks/4.1.30.Final/netty-codec-socks-4.1.30.Final.jar:/home/user/.m2/repository/io/netty/netty-transport-native-epoll/4.1.30.Final/netty-transport-native-epoll-4.1.30.Final.jar:/home/user/.m2/repository/io/netty/netty-common/4.1.30.Final/netty-common-4.1.30.Final.jar:/home/user/.m2/repository/io/netty/netty-buffer/4.1.30.Final/netty-buffer-4.1.30.Final.jar:/home/user/.m2/repository/io/netty/netty-transport/4.1.30.Final/netty-transport-4.1.30.Final.jar:/home/user/.m2/repository/io/netty/netty-resolver/4.1.30.Final/netty-resolver-4.1.30.Final.jar:/home/user/.m2/repository/io/netty/netty-transport-native-unix-common/4.1.30.Final/netty-transport-native-unix-common-4.1.30.Final.jar:/home/user/.m2/repository/io/grpc/grpc-protobuf/1.17.1/grpc-protobuf-1.17.1.jar:/home/user/.m2/repository/com/google/api/grpc/proto-google-common-protos/1.0.0/proto-google-common-protos-1.0.0.jar:/home/user/.m2/repository/io/grpc/grpc-protobuf-lite/1.17.1/grpc-protobuf-lite-1.17.1.jar:/home/user/.m2/repository/io/grpc/grpc-stub/1.17.1/grpc-stub-1.17.1.jar:/home/user/.m2/repository/org/apache/hadoop/hadoop-ozone-recon/0.5.0-SNAPSHOT/hadoop-ozone-recon-0.5.0-SNAPSHOT.jar:/home/user/.m2/repository/org/apache/hadoop/hadoop-ozone-reconcodegen/0.5.0-SNAPSHOT/hadoop-ozone-reconcodegen-0.5.0-SNAPSHOT.jar:/home/user/.m2/repository/com/google/inject/extensions/guice-multibindings/4.0/guice-multibindings-4.0.jar:/home/user/.m2/repository/com/google/inject/guice/4.0/guice-4.0.jar:/home/user/.m2/repository/aopalliance/aopalliance/1.0/aopalliance-1.0.jar:/home/user/.m2/repository/com/google/inject/extensions/guice-servlet/4.0/guice-servlet-4.0.jar:/home/user/.m2/repository/org/glassfish/jersey/containers/jersey-container-servlet/2.27/jersey-container-servlet-2.27.jar:/home/user/.m2/repository/org/glassfish/hk2/guice-bridge/2.5.0/guice-bridge-2.5.0.jar:/home/user/.m2/repository/org/glassfish/jersey/core/jersey-server/2.27/jersey-server-2.27.jar:/home/user/.m2/repository/org/glassfish/jersey/core/jersey-client/2.27/jersey-client-2.27.jar:/home/user/.m2/repository/org/glassfish/jersey/media/jersey-media-jaxb/2.27/jersey-media-jaxb-2.27.jar:/home/user/.m2/repository/javax/validation/validation-api/1.1.0.Final/validation-api-1.1.0.Final.jar:/home/user/.m2/repository/org/glassfish/jersey/media/jersey-media-json-jackson/2.27/jersey-media-json-jackson-2.27.jar:/home/user/.m2/repository/org/glassfish/jersey/ext/jersey-entity-filtering/2.27/jersey-entity-filtering-2.27.jar:/home/user/.m2/repository/com/google/inject/extensions/guice-assistedinject/4.0/guice-assistedinject-4.0.jar:/home/user/.m2/repository/org/jooq/jooq/3.11.10/jooq-3.11.10.jar:/home/user/.m2/repository/org/jooq/jooq-meta/3.11.10/jooq-meta-3.11.10.jar:/home/user/.m2/repository/org/jooq/jooq-codegen/3.11.10/jooq-codegen-3.11.10.jar:/home/user/.m2/repository/com/jolbox/bonecp/0.8.0.RELEASE/bonecp-0.8.0.RELEASE.jar:/home/user/.m2/repository/org/xerial/sqlite-jdbc/3.25.2/sqlite-jdbc-3.25.2.jar:/home/user/.m2/repository/org/springframework/spring-jdbc/5.1.3.RELEASE/spring-jdbc-5.1.3.RELEASE.jar:/home/user/.m2/repository/org/springframework/spring-beans/5.1.3.RELEASE/spring-beans-5.1.3.RELEASE.jar:/home/user/.m2/repository/org/springframework/spring-core/5.1.3.RELEASE/spring-core-5.1.3.RELEASE.jar:/home/user/.m2/repository/org/springframework/spring-jcl/5.1.3.RELEASE/spring-jcl-5.1.3.RELEASE.jar:/home/user/.m2/repository/org/springframework/spring-tx/5.1.3.RELEASE/spring-tx-5.1.3.RELEASE.jar:/home/user/.m2/repository/org/apache/hadoop/hadoop-ozone-client/0.5.0-SNAPSHOT/hadoop-ozone-client-0.5.0-SNAPSHOT.jar:/home/user/.m2/repository/commons-lang/commons-lang/2.6/commons-lang-2.6.jar:/home/user/.m2/repository/org/apache/hadoop/hadoop-ozone-ozone-manager/0.5.0-SNAPSHOT/hadoop-ozone-ozone-manager-0.5.0-SNAPSHOT-tests.jar:/home/user/.m2/repository/junit/junit/4.11/junit-4.11.jar:/home/user/.m2/repository/org/hamcrest/hamcrest-core/1.3/hamcrest-core-1.3.jar:/home/user/.m2/repository/org/openjdk/jmh/jmh-core/1.19/jmh-core-1.19.jar:/home/user/.m2/repository/net/sf/jopt-simple/jopt-simple/4.6/jopt-simple-4.6.jar:/home/user/.m2/repository/org/apache/commons/commons-math3/3.1.1/commons-math3-3.1.1.jar:/home/user/.m2/repository/org/openjdk/jmh/jmh-generator-annprocess/1.19/jmh-generator-annprocess-1.19.jar:/home/user/.m2/repository/org/mockito/mockito-all/1.8.5/mockito-all-1.8.5.jar:/home/user/.m2/repository/org/apache/hadoop/hadoop-kms/3.2.0/hadoop-kms-3.2.0.jar:/home/user/.m2/repository/org/apache/hadoop/hadoop-auth/3.2.0/hadoop-auth-3.2.0.jar:/home/user/.m2/repository/com/nimbusds/nimbus-jose-jwt/4.41.1/nimbus-jose-jwt-4.41.1.jar:/home/user/.m2/repository/com/github/stephenc/jcip/jcip-annotations/1.0-1/jcip-annotations-1.0-1.jar:/home/user/.m2/repository/net/minidev/json-smart/2.3/json-smart-2.3.jar:/home/user/.m2/repository/net/minidev/accessors-smart/1.2/accessors-smart-1.2.jar:/home/user/.m2/repository/org/ow2/asm/asm/5.0.4/asm-5.0.4.jar:/home/user/.m2/repository/org/apache/curator/curator-framework/2.12.0/curator-framework-2.12.0.jar:/home/user/.m2/repository/com/sun/jersey/jersey-core/1.19/jersey-core-1.19.jar:/home/user/.m2/repository/javax/ws/rs/jsr311-api/1.1.1/jsr311-api-1.1.1.jar:/home/user/.m2/repository/com/sun/jersey/jersey-server/1.19/jersey-server-1.19.jar:/home/user/.m2/repository/javax/servlet/javax.servlet-api/3.1.0/javax.servlet-api-3.1.0.jar:/home/user/.m2/repository/org/eclipse/jetty/jetty-server/9.3.24.v20180605/jetty-server-9.3.24.v20180605.jar:/home/user/.m2/repository/org/eclipse/jetty/jetty-http/9.3.24.v20180605/jetty-http-9.3.24.v20180605.jar:/home/user/.m2/repository/org/eclipse/jetty/jetty-io/9.3.24.v20180605/jetty-io-9.3.24.v20180605.jar:/home/user/.m2/repository/org/eclipse/jetty/jetty-webapp/9.3.24.v20180605/jetty-webapp-9.3.24.v20180605.jar:/home/user/.m2/repository/org/eclipse/jetty/jetty-xml/9.3.24.v20180605/jetty-xml-9.3.24.v20180605.jar:/home/user/.m2/repository/log4j/log4j/1.2.17/log4j-1.2.17.jar:/home/user/.m2/repository/org/slf4j/slf4j-api/1.7.25/slf4j-api-1.7.25.jar:/home/user/.m2/repository/org/slf4j/jul-to-slf4j/1.7.25/jul-to-slf4j-1.7.25.jar:/home/user/.m2/repository/org/eclipse/jetty/jetty-util/9.3.24.v20180605/jetty-util-9.3.24.v20180605.jar:/home/user/.m2/repository/com/fasterxml/jackson/core/jackson-databind/2.9.5/jackson-databind-2.9.5.jar:/home/user/.m2/repository/org/apache/hadoop/hadoop-kms/3.2.0/hadoop-kms-3.2.0-tests.jar:/home/user/.m2/repository/org/apache/hadoop/hadoop-hdds-server-scm/0.5.0-SNAPSHOT/hadoop-hdds-server-scm-0.5.0-SNAPSHOT-tests.jar:/home/user/.m2/repository/org/apache/hadoop/hadoop-hdds-container-service/0.5.0-SNAPSHOT/hadoop-hdds-container-service-0.5.0-SNAPSHOT-tests.jar:/home/user/.m2/repository/org/yaml/snakeyaml/1.16/snakeyaml-1.16.jar:/home/user/.m2/repository/org/apache/hadoop/hadoop-common/3.2.0/hadoop-common-3.2.0-tests.jar:/home/user/.m2/repository/org/apache/hadoop/hadoop-annotations/3.2.0/hadoop-annotations-3.2.0.jar:/usr/lib/jvm/java-1.8-openjdk/jre/../lib/tools.jar:/home/user/.m2/repository/commons-cli/commons-cli/1.2/commons-cli-1.2.jar:/home/user/.m2/repository/org/apache/httpcomponents/httpclient/4.5.2/httpclient-4.5.2.jar:/home/user/.m2/repository/org/apache/httpcomponents/httpcore/4.4.4/httpcore-4.4.4.jar:/home/user/.m2/repository/commons-codec/commons-codec/1.11/commons-codec-1.11.jar:/home/user/.m2/repository/commons-net/commons-net/3.6/commons-net-3.6.jar:/home/user/.m2/repository/commons-collections/commons-collections/3.2.2/commons-collections-3.2.2.jar:/home/user/.m2/repository/org/eclipse/jetty/jetty-servlet/9.3.24.v20180605/jetty-servlet-9.3.24.v20180605.jar:/home/user/.m2/repository/org/eclipse/jetty/jetty-security/9.3.24.v20180605/jetty-security-9.3.24.v20180605.jar:/home/user/.m2/repository/javax/servlet/jsp/jsp-api/2.1/jsp-api-2.1.jar:/home/user/.m2/repository/com/sun/jersey/jersey-servlet/1.19/jersey-servlet-1.19.jar:/home/user/.m2/repository/com/sun/jersey/jersey-json/1.19/jersey-json-1.19.jar:/home/user/.m2/repository/org/codehaus/jettison/jettison/1.1/jettison-1.1.jar:/home/user/.m2/repository/org/codehaus/jackson/jackson-core-asl/1.9.13/jackson-core-asl-1.9.13.jar:/home/user/.m2/repository/org/codehaus/jackson/jackson-mapper-asl/1.9.13/jackson-mapper-asl-1.9.13.jar:/home/user/.m2/repository/org/codehaus/jackson/jackson-jaxrs/1.9.13/jackson-jaxrs-1.9.13.jar:/home/user/.m2/repository/org/codehaus/jackson/jackson-xc/1.9.13/jackson-xc-1.9.13.jar:/home/user/.m2/repository/commons-logging/commons-logging/1.1.3/commons-logging-1.1.3.jar:/home/user/.m2/repository/commons-beanutils/commons-beanutils/1.9.3/commons-beanutils-1.9.3.jar:/home/user/.m2/repository/org/apache/commons/commons-configuration2/2.1.1/commons-configuration2-2.1.1.jar:/home/user/.m2/repository/org/apache/commons/commons-lang3/3.7/commons-lang3-3.7.jar:/home/user/.m2/repository/org/apache/commons/commons-text/1.4/commons-text-1.4.jar:/home/user/.m2/repository/org/apache/avro/avro/1.7.7/avro-1.7.7.jar:/home/user/.m2/repository/com/thoughtworks/paranamer/paranamer/2.3/paranamer-2.3.jar:/home/user/.m2/repository/org/xerial/snappy/snappy-java/1.0.5/snappy-java-1.0.5.jar:/home/user/.m2/repository/com/google/re2j/re2j/1.1/re2j-1.1.jar:/home/user/.m2/repository/com/google/code/gson/gson/2.2.4/gson-2.2.4.jar:/home/user/.m2/repository/com/jcraft/jsch/0.1.54/jsch-0.1.54.jar:/home/user/.m2/repository/org/apache/curator/curator-client/2.12.0/curator-client-2.12.0.jar:/home/user/.m2/repository/org/apache/curator/curator-recipes/2.12.0/curator-recipes-2.12.0.jar:/home/user/.m2/repository/com/google/code/findbugs/jsr305/3.0.0/jsr305-3.0.0.jar:/home/user/.m2/repository/org/apache/htrace/htrace-core4/4.1.0-incubating/htrace-core4-4.1.0-incubating.jar:/home/user/.m2/repository/org/apache/zookeeper/zookeeper/3.4.13/zookeeper-3.4.13.jar:/home/user/.m2/repository/org/apache/yetus/audience-annotations/0.5.0/audience-annotations-0.5.0.jar:/home/user/.m2/repository/org/codehaus/woodstox/stax2-api/3.1.4/stax2-api-3.1.4.jar:/home/user/.m2/repository/com/fasterxml/woodstox/woodstox-core/5.0.3/woodstox-core-5.0.3.jar:/home/user/.m2/repository/dnsjava/dnsjava/2.1.7/dnsjava-2.1.7.jar:/home/user/.m2/repository/org/apache/hadoop/hadoop-hdfs/3.2.0/hadoop-hdfs-3.2.0-tests.jar:/home/user/.m2/repository/org/eclipse/jetty/jetty-util-ajax/9.3.24.v20180605/jetty-util-ajax-9.3.24.v20180605.jar:/home/user/.m2/repository/commons-daemon/commons-daemon/1.0.13/commons-daemon-1.0.13.jar:/home/user/.m2/repository/io/netty/netty/3.10.5.Final/netty-3.10.5.Final.jar:/home/user/.m2/repository/io/netty/netty-all/4.0.52.Final/netty-all-4.0.52.Final.jar:/home/user/.m2/repository/org/fusesource/leveldbjni/leveldbjni-all/1.8/leveldbjni-all-1.8.jar:"/>
    <property name="sun.cpu.endian" value="little"/>
    <property name="user.home" value="/home/user"/>
    <property name="user.language" value="en"/>
    <property name="java.specification.vendor" value="Oracle Corporation"/>
    <property name="java.home" value="/usr/lib/jvm/java-1.8-openjdk/jre"/>
    <property name="java.security.krb5.conf" value="/workdir/hadoop-ozone/integration-test/target/test-classes/krb5.conf"/>
    <property name="basedir" value="/workdir/hadoop-ozone/integration-test"/>
    <property name="file.separator" value="/"/>
    <property name="line.separator" value="&#10;"/>
    <property name="java.vm.specification.vendor" value="Oracle Corporation"/>
    <property name="java.specification.name" value="Java Platform API Specification"/>
    <property name="java.awt.graphicsenv" value="sun.awt.X11GraphicsEnvironment"/>
    <property name="surefire.real.class.path" value="/workdir/hadoop-ozone/integration-test/target/surefire/surefirebooter3056493752642724335.jar"/>
    <property name="hadoop.log.dir" value="/workdir/hadoop-ozone/integration-test/target/log"/>
    <property name="sun.boot.class.path" value="/usr/lib/jvm/java-1.8-openjdk/jre/lib/resources.jar:/usr/lib/jvm/java-1.8-openjdk/jre/lib/rt.jar:/usr/lib/jvm/java-1.8-openjdk/jre/lib/sunrsasign.jar:/usr/lib/jvm/java-1.8-openjdk/jre/lib/jsse.jar:/usr/lib/jvm/java-1.8-openjdk/jre/lib/jce.jar:/usr/lib/jvm/java-1.8-openjdk/jre/lib/charsets.jar:/usr/lib/jvm/java-1.8-openjdk/jre/lib/jfr.jar:/usr/lib/jvm/java-1.8-openjdk/jre/classes"/>
    <property name="sun.management.compiler" value="HotSpot 64-Bit Tiered Compilers"/>
    <property name="java.runtime.version" value="1.8.0_212-b04"/>
    <property name="java.net.preferIPv4Stack" value="true"/>
    <property name="user.name" value="jenkins1000"/>
    <property name="path.separator" value=":"/>
    <property name="java.security.egd" value="file:///dev/urandom"/>
    <property name="os.version" value="3.10.0-957.12.2.el7.x86_64"/>
    <property name="java.endorsed.dirs" value="/usr/lib/jvm/java-1.8-openjdk/jre/lib/endorsed"/>
    <property name="java.runtime.name" value="OpenJDK Runtime Environment"/>
    <property name="file.encoding" value="UTF-8"/>
    <property name="java.vm.name" value="OpenJDK 64-Bit Server VM"/>
    <property name="test.build.webapps" value=""/>
    <property name="localRepository" value="/home/user/.m2/repository"/>
    <property name="java.vendor.url.bug" value="https://icedtea.classpath.org/bugzilla"/>
    <property name="java.io.tmpdir" value="/tmp"/>
    <property name="require.test.libhadoop" value=""/>
    <property name="java.version" value="1.8.0_212"/>
    <property name="user.dir" value="/workdir/hadoop-ozone/integration-test"/>
    <property name="os.arch" value="amd64"/>
    <property name="java.vm.specification.name" value="Java Virtual Machine Specification"/>
    <property name="test.build.classes" value="/workdir/hadoop-ozone/integration-test/target/test-classes"/>
    <property name="java.awt.printerjob" value="sun.print.PSPrinterJob"/>
    <property name="sun.os.patch.level" value="unknown"/>
    <property name="hadoop.tmp.dir" value="/workdir/hadoop-ozone/integration-test/target/tmp"/>
    <property name="java.library.path" value="/usr/lib/jvm/java-1.8-openjdk/jre/lib/amd64/server:/usr/lib/jvm/java-1.8-openjdk/jre/lib/amd64:/usr/lib/jvm/java-1.8-openjdk/jre/../lib/amd64:/workdir/hadoop-ozone/integration-test/target/native/target/usr/local/lib:/workdir/hadoop-ozone/integration-test/../../hadoop-common-project/hadoop-common/target/native/target/usr/local/lib:/usr/java/packages/lib/amd64:/usr/lib64:/lib64:/lib:/usr/lib"/>
    <property name="java.vm.info" value="mixed mode"/>
    <property name="java.vendor" value="IcedTea"/>
    <property name="java.vm.version" value="25.212-b04"/>
    <property name="java.ext.dirs" value="/usr/lib/jvm/java-1.8-openjdk/jre/lib/ext:/usr/java/packages/lib/ext"/>
    <property name="sun.io.unicode.encoding" value="UnicodeLittle"/>
    <property name="java.class.version" value="52.0"/>
  </properties>
  <testcase name="testGroupMismatchExceptionHandling" classname="org.apache.hadoop.ozone.client.rpc.TestOzoneClientRetriesOnException" time="45.782">
    <error type="java.lang.IllegalArgumentException">java.lang.IllegalArgumentException
	at com.google.common.base.Preconditions.checkArgument(Preconditions.java:72)
	at org.apache.hadoop.hdds.scm.XceiverClientManager.acquireClient(XceiverClientManager.java:150)
	at org.apache.hadoop.hdds.scm.XceiverClientManager.acquireClientForReadData(XceiverClientManager.java:143)
	at org.apache.hadoop.hdds.scm.storage.BlockInputStream.getChunkInfos(BlockInputStream.java:154)
	at org.apache.hadoop.hdds.scm.storage.BlockInputStream.initialize(BlockInputStream.java:118)
	at org.apache.hadoop.hdds.scm.storage.BlockInputStream.read(BlockInputStream.java:222)
	at org.apache.hadoop.ozone.client.io.KeyInputStream.read(KeyInputStream.java:171)
	at org.apache.hadoop.ozone.client.io.OzoneInputStream.read(OzoneInputStream.java:47)
	at java.io.InputStream.read(InputStream.java:101)
	at org.apache.hadoop.ozone.container.ContainerTestHelper.validateData(ContainerTestHelper.java:709)
	at org.apache.hadoop.ozone.client.rpc.TestOzoneClientRetriesOnException.validateData(TestOzoneClientRetriesOnException.java:231)
	at org.apache.hadoop.ozone.client.rpc.TestOzoneClientRetriesOnException.testGroupMismatchExceptionHandling(TestOzoneClientRetriesOnException.java:160)
	at sun.reflect.NativeMethodAccessorImpl.invoke0(Native Method)
	at sun.reflect.NativeMethodAccessorImpl.invoke(NativeMethodAccessorImpl.java:62)
	at sun.reflect.DelegatingMethodAccessorImpl.invoke(DelegatingMethodAccessorImpl.java:43)
	at java.lang.reflect.Method.invoke(Method.java:498)
	at org.junit.runners.model.FrameworkMethod$1.runReflectiveCall(FrameworkMethod.java:47)
	at org.junit.internal.runners.model.ReflectiveCallable.run(ReflectiveCallable.java:12)
	at org.junit.runners.model.FrameworkMethod.invokeExplosively(FrameworkMethod.java:44)
	at org.junit.internal.runners.statements.InvokeMethod.evaluate(InvokeMethod.java:17)
	at org.junit.internal.runners.statements.RunBefores.evaluate(RunBefores.java:26)
	at org.junit.internal.runners.statements.RunAfters.evaluate(RunAfters.java:27)
	at org.junit.runners.ParentRunner.runLeaf(ParentRunner.java:271)
	at org.junit.runners.BlockJUnit4ClassRunner.runChild(BlockJUnit4ClassRunner.java:70)
	at org.junit.runners.BlockJUnit4ClassRunner.runChild(BlockJUnit4ClassRunner.java:50)
	at org.junit.runners.ParentRunner$3.run(ParentRunner.java:238)
	at org.junit.runners.ParentRunner$1.schedule(ParentRunner.java:63)
	at org.junit.runners.ParentRunner.runChildren(ParentRunner.java:236)
	at org.junit.runners.ParentRunner.access$000(ParentRunner.java:53)
	at org.junit.runners.ParentRunner$2.evaluate(ParentRunner.java:229)
	at org.junit.runners.ParentRunner.run(ParentRunner.java:309)
	at org.apache.maven.surefire.junit4.JUnit4Provider.execute(JUnit4Provider.java:365)
	at org.apache.maven.surefire.junit4.JUnit4Provider.executeWithRerun(JUnit4Provider.java:273)
	at org.apache.maven.surefire.junit4.JUnit4Provider.executeTestSet(JUnit4Provider.java:238)
	at org.apache.maven.surefire.junit4.JUnit4Provider.invoke(JUnit4Provider.java:159)
	at org.apache.maven.surefire.booter.ForkedBooter.invokeProviderInSameClassLoader(ForkedBooter.java:384)
	at org.apache.maven.surefire.booter.ForkedBooter.runSuitesInProcess(ForkedBooter.java:345)
	at org.apache.maven.surefire.booter.ForkedBooter.execute(ForkedBooter.java:126)
	at org.apache.maven.surefire.booter.ForkedBooter.main(ForkedBooter.java:418)
</error>
    <system-out><![CDATA[2019-07-15 13:26:58,563 WARN  server.ServerUtils (ServerUtils.java:getScmDbDir(145)) - ozone.scm.db.dirs is not configured. We recommend adding this setting. Falling back to ozone.metadata.dirs instead.
2019-07-15 13:26:58,680 WARN  server.ServerUtils (ServerUtils.java:getScmDbDir(145)) - ozone.scm.db.dirs is not configured. We recommend adding this setting. Falling back to ozone.metadata.dirs instead.
2019-07-15 13:26:58,683 WARN  server.ServerUtils (ServerUtils.java:getScmDbDir(145)) - ozone.scm.db.dirs is not configured. We recommend adding this setting. Falling back to ozone.metadata.dirs instead.
2019-07-15 13:26:58,701 INFO  util.log (Log.java:initialized(192)) - Logging initialized @863ms
2019-07-15 13:26:58,802 INFO  db.DBStoreBuilder (DBStoreBuilder.java:addTable(110)) - using custom profile for table: deletedBlocks
2019-07-15 13:26:58,803 INFO  db.DBStoreBuilder (DBStoreBuilder.java:processTables(161)) - Using default column profile:DBProfile.DISK for Table:deletedBlocks
2019-07-15 13:26:58,803 INFO  db.DBStoreBuilder (DBStoreBuilder.java:addTable(110)) - using custom profile for table: validCerts
2019-07-15 13:26:58,803 INFO  db.DBStoreBuilder (DBStoreBuilder.java:processTables(161)) - Using default column profile:DBProfile.DISK for Table:validCerts
2019-07-15 13:26:58,804 INFO  db.DBStoreBuilder (DBStoreBuilder.java:addTable(110)) - using custom profile for table: revokedCerts
2019-07-15 13:26:58,804 INFO  db.DBStoreBuilder (DBStoreBuilder.java:processTables(161)) - Using default column profile:DBProfile.DISK for Table:revokedCerts
2019-07-15 13:26:58,816 INFO  db.DBStoreBuilder (DBStoreBuilder.java:addTable(110)) - using custom profile for table: default
2019-07-15 13:26:58,816 INFO  db.DBStoreBuilder (DBStoreBuilder.java:processTables(167)) - Using default column profile:DBProfile.DISK for Table:default
2019-07-15 13:26:58,817 INFO  db.DBStoreBuilder (DBStoreBuilder.java:getDbProfile(198)) - Using default options. DBProfile.DISK
2019-07-15 13:26:58,997 INFO  net.NodeSchemaLoader (NodeSchemaLoader.java:loadSchemaFromFile(125)) - Loading file from sun.misc.CompoundEnumeration@20ce78ec
2019-07-15 13:26:59,002 INFO  net.NodeSchemaLoader (NodeSchemaLoader.java:loadSchema(171)) - Loading network topology layer schema file
2019-07-15 13:26:59,077 WARN  server.ServerUtils (ServerUtils.java:sanitizeUserArgs(70)) - ozone.scm.stale.node.interval value = 300000 is larger than max = 100000 based on the key value of ozone.scm.heartbeat.thread.interval, reset to the max value 100000.
2019-07-15 13:26:59,079 WARN  server.ServerUtils (ServerUtils.java:sanitizeUserArgs(70)) - ozone.scm.stale.node.interval value = 300000 is larger than max = 100000 based on the key value of ozone.scm.heartbeat.thread.interval, reset to the max value 100000.
2019-07-15 13:26:59,081 INFO  node.SCMNodeManager (SCMNodeManager.java:<init>(119)) - Entering startup safe mode.
2019-07-15 13:26:59,164 WARN  server.ServerUtils (ServerUtils.java:getScmDbDir(145)) - ozone.scm.db.dirs is not configured. We recommend adding this setting. Falling back to ozone.metadata.dirs instead.
2019-07-15 13:26:59,233 INFO  pipeline.SCMPipelineManager (SCMPipelineManager.java:initializePipelineState(126)) - No pipeline exists in current db
2019-07-15 13:26:59,236 WARN  server.ServerUtils (ServerUtils.java:getScmDbDir(145)) - ozone.scm.db.dirs is not configured. We recommend adding this setting. Falling back to ozone.metadata.dirs instead.
2019-07-15 13:26:59,349 WARN  events.EventQueue (EventQueue.java:fireEvent(175)) - No event handler registered for event TypedEvent{payloadType=SafeModeStatus, name='SafeModeStatus'}
2019-07-15 13:26:59,684 INFO  ipc.CallQueueManager (CallQueueManager.java:<init>(84)) - Using callQueue: class java.util.concurrent.LinkedBlockingQueue, queueCapacity: 2000, scheduler: class org.apache.hadoop.ipc.DefaultRpcScheduler, ipcBackoff: false.
2019-07-15 13:26:59,712 INFO  ipc.Server (Server.java:run(1074)) - Starting Socket Reader #1 for port 38497
2019-07-15 13:26:59,734 INFO  ipc.CallQueueManager (CallQueueManager.java:<init>(84)) - Using callQueue: class java.util.concurrent.LinkedBlockingQueue, queueCapacity: 2000, scheduler: class org.apache.hadoop.ipc.DefaultRpcScheduler, ipcBackoff: false.
2019-07-15 13:26:59,736 INFO  ipc.Server (Server.java:run(1074)) - Starting Socket Reader #1 for port 42942
2019-07-15 13:26:59,742 INFO  ipc.CallQueueManager (CallQueueManager.java:<init>(84)) - Using callQueue: class java.util.concurrent.LinkedBlockingQueue, queueCapacity: 2000, scheduler: class org.apache.hadoop.ipc.DefaultRpcScheduler, ipcBackoff: false.
2019-07-15 13:26:59,744 INFO  ipc.Server (Server.java:run(1074)) - Starting Socket Reader #1 for port 42407
2019-07-15 13:26:59,764 INFO  hdfs.DFSUtil (DFSUtil.java:httpServerTemplateForNNAndJN(1641)) - Starting Web-server for scm at: http://0.0.0.0:0
2019-07-15 13:27:00,002 INFO  server.AuthenticationFilter (AuthenticationFilter.java:constructSecretProvider(240)) - Unable to initialize FileSignerSecretProvider, falling back to use random secrets.
2019-07-15 13:27:00,010 WARN  http.HttpRequestLog (HttpRequestLog.java:getRequestLog(97)) - Jetty request log can only be enabled using Log4j
2019-07-15 13:27:00,018 INFO  http.HttpServer2 (HttpServer2.java:addGlobalFilter(975)) - Added global filter 'safety' (class=org.apache.hadoop.http.HttpServer2$QuotingInputFilter)
2019-07-15 13:27:00,021 INFO  http.HttpServer2 (HttpServer2.java:addFilter(948)) - Added filter static_user_filter (class=org.apache.hadoop.http.lib.StaticUserWebFilter$StaticUserFilter) to context scm
2019-07-15 13:27:00,021 INFO  http.HttpServer2 (HttpServer2.java:addFilter(958)) - Added filter static_user_filter (class=org.apache.hadoop.http.lib.StaticUserWebFilter$StaticUserFilter) to context static
2019-07-15 13:27:00,021 INFO  http.HttpServer2 (HttpServer2.java:addFilter(958)) - Added filter static_user_filter (class=org.apache.hadoop.http.lib.StaticUserWebFilter$StaticUserFilter) to context logs
2019-07-15 13:27:00,048 INFO  server.StorageContainerManager (StorageContainerManager.java:start(759)) - StorageContainerLocationProtocol RPC server is listening at /0.0.0.0:42407
2019-07-15 13:27:00,105 WARN  impl.MetricsConfig (MetricsConfig.java:loadFirst(134)) - Cannot locate configuration: tried hadoop-metrics2-storagecontainermanager.properties,hadoop-metrics2.properties
2019-07-15 13:27:00,118 INFO  impl.MetricsSystemImpl (MetricsSystemImpl.java:startTimer(374)) - Scheduled Metric snapshot period at 10 second(s).
2019-07-15 13:27:00,119 INFO  impl.MetricsSystemImpl (MetricsSystemImpl.java:start(191)) - StorageContainerManager metrics system started
2019-07-15 13:27:00,365 INFO  server.SCMClientProtocolServer (SCMClientProtocolServer.java:start(149)) - RPC server for Client  is listening at /0.0.0.0:42407
2019-07-15 13:27:00,366 INFO  ipc.Server (Server.java:run(1314)) - IPC Server Responder: starting
2019-07-15 13:27:00,366 INFO  ipc.Server (Server.java:run(1153)) - IPC Server listener on 42407: starting
2019-07-15 13:27:00,373 INFO  server.StorageContainerManager (StorageContainerManager.java:start(768)) - ScmBlockLocationProtocol RPC server is listening at /0.0.0.0:42942
2019-07-15 13:27:00,374 INFO  server.SCMBlockProtocolServer (SCMBlockProtocolServer.java:start(140)) - RPC server for Block Protocol is listening at /0.0.0.0:42942
2019-07-15 13:27:00,374 INFO  ipc.Server (Server.java:run(1314)) - IPC Server Responder: starting
2019-07-15 13:27:00,374 INFO  ipc.Server (Server.java:run(1153)) - IPC Server listener on 42942: starting
2019-07-15 13:27:00,380 INFO  server.StorageContainerManager (StorageContainerManager.java:start(772)) - ScmDatanodeProtocl RPC server is listening at /0.0.0.0:38497
2019-07-15 13:27:00,381 INFO  server.SCMDatanodeProtocolServer (SCMDatanodeProtocolServer.java:start(191)) - RPC server for DataNodes is listening at /0.0.0.0:38497
2019-07-15 13:27:00,383 INFO  ipc.Server (Server.java:run(1314)) - IPC Server Responder: starting
2019-07-15 13:27:00,383 INFO  ipc.Server (Server.java:run(1153)) - IPC Server listener on 38497: starting
2019-07-15 13:27:00,394 INFO  http.HttpServer2 (HttpServer2.java:bindListener(1191)) - Jetty bound to port 33723
2019-07-15 13:27:00,397 INFO  server.Server (Server.java:doStart(351)) - jetty-9.3.24.v20180605, build timestamp: 2018-06-05T17:11:56Z, git hash: 84205aa28f11a4f31f2a3b86d1bba2cc8ab69827
2019-07-15 13:27:00,441 INFO  handler.ContextHandler (ContextHandler.java:doStart(781)) - Started o.e.j.s.ServletContextHandler@635572a7{/logs,file:///workdir/hadoop-ozone/integration-test/target/log,AVAILABLE}
2019-07-15 13:27:00,442 INFO  handler.ContextHandler (ContextHandler.java:doStart(781)) - Started o.e.j.s.ServletContextHandler@4dd02341{/static,file:///workdir/hadoop-ozone/integration-test/target/test-classes/webapps/static,AVAILABLE}
2019-07-15 13:27:00,475 INFO  handler.ContextHandler (ContextHandler.java:doStart(781)) - Started o.e.j.w.WebAppContext@6fff253c{/,file:///workdir/hadoop-ozone/integration-test/target/test-classes/webapps/scm/,AVAILABLE}{/scm}
2019-07-15 13:27:00,480 INFO  server.AbstractConnector (AbstractConnector.java:doStart(278)) - Started ServerConnector@7c041b41{HTTP/1.1,[http/1.1]}{0.0.0.0:33723}
2019-07-15 13:27:00,481 INFO  server.Server (Server.java:doStart(419)) - Started @2643ms
2019-07-15 13:27:00,482 INFO  server.BaseHttpServer (BaseHttpServer.java:updateConnectorAddress(207)) - HTTP server of SCM is listening at http://0.0.0.0:33723
2019-07-15 13:27:00,493 INFO  util.JvmPauseMonitor (JvmPauseMonitor.java:run(188)) - Starting JVM pause monitor
2019-07-15 13:27:00,497 WARN  server.ServerUtils (ServerUtils.java:getDBPath(222)) - ozone.om.db.dirs is not configured. We recommend adding this setting. Falling back to ozone.metadata.dirs instead.
2019-07-15 13:27:00,605 WARN  server.ServerUtils (ServerUtils.java:getDBPath(222)) - ozone.om.db.dirs is not configured. We recommend adding this setting. Falling back to ozone.metadata.dirs instead.
2019-07-15 13:27:00,606 INFO  om.OzoneManager (OzoneManager.java:setOMNodeDetails(630)) - OM Service ID is not set. Setting it to the default ID: omServiceIdDefault
2019-07-15 13:27:00,606 INFO  om.OzoneManager (OzoneManager.java:setOMNodeDetails(636)) - OM Node ID is not set. Setting it to the OmStorage's OmID: 959cf7a8-1d65-4c2e-a58d-d3726e734965
2019-07-15 13:27:00,607 INFO  om.OzoneManager (OzoneManager.java:loadOMHAConfigs(587)) - Found matching OM address with OMServiceId: null, OMNodeId: null, RPC Address: localhost:0 and Ratis port: 9872
2019-07-15 13:27:00,867 WARN  server.ServerUtils (ServerUtils.java:getDBPath(222)) - ozone.om.db.dirs is not configured. We recommend adding this setting. Falling back to ozone.metadata.dirs instead.
2019-07-15 13:27:00,879 INFO  db.DBStoreBuilder (DBStoreBuilder.java:addTable(110)) - using custom profile for table: userTable
2019-07-15 13:27:00,879 INFO  db.DBStoreBuilder (DBStoreBuilder.java:processTables(161)) - Using default column profile:DBProfile.DISK for Table:userTable
2019-07-15 13:27:00,880 INFO  db.DBStoreBuilder (DBStoreBuilder.java:addTable(110)) - using custom profile for table: volumeTable
2019-07-15 13:27:00,880 INFO  db.DBStoreBuilder (DBStoreBuilder.java:processTables(161)) - Using default column profile:DBProfile.DISK for Table:volumeTable
2019-07-15 13:27:00,881 INFO  db.DBStoreBuilder (DBStoreBuilder.java:addTable(110)) - using custom profile for table: bucketTable
2019-07-15 13:27:00,881 INFO  db.DBStoreBuilder (DBStoreBuilder.java:processTables(161)) - Using default column profile:DBProfile.DISK for Table:bucketTable
2019-07-15 13:27:00,881 INFO  db.DBStoreBuilder (DBStoreBuilder.java:addTable(110)) - using custom profile for table: keyTable
2019-07-15 13:27:00,882 INFO  db.DBStoreBuilder (DBStoreBuilder.java:processTables(161)) - Using default column profile:DBProfile.DISK for Table:keyTable
2019-07-15 13:27:00,882 INFO  db.DBStoreBuilder (DBStoreBuilder.java:addTable(110)) - using custom profile for table: deletedTable
2019-07-15 13:27:00,883 INFO  db.DBStoreBuilder (DBStoreBuilder.java:processTables(161)) - Using default column profile:DBProfile.DISK for Table:deletedTable
2019-07-15 13:27:00,883 INFO  db.DBStoreBuilder (DBStoreBuilder.java:addTable(110)) - using custom profile for table: openKeyTable
2019-07-15 13:27:00,883 INFO  db.DBStoreBuilder (DBStoreBuilder.java:processTables(161)) - Using default column profile:DBProfile.DISK for Table:openKeyTable
2019-07-15 13:27:00,884 INFO  db.DBStoreBuilder (DBStoreBuilder.java:addTable(110)) - using custom profile for table: s3Table
2019-07-15 13:27:00,884 INFO  db.DBStoreBuilder (DBStoreBuilder.java:processTables(161)) - Using default column profile:DBProfile.DISK for Table:s3Table
2019-07-15 13:27:00,885 INFO  db.DBStoreBuilder (DBStoreBuilder.java:addTable(110)) - using custom profile for table: multipartInfoTable
2019-07-15 13:27:00,885 INFO  db.DBStoreBuilder (DBStoreBuilder.java:processTables(161)) - Using default column profile:DBProfile.DISK for Table:multipartInfoTable
2019-07-15 13:27:00,886 INFO  db.DBStoreBuilder (DBStoreBuilder.java:addTable(110)) - using custom profile for table: dTokenTable
2019-07-15 13:27:00,886 INFO  db.DBStoreBuilder (DBStoreBuilder.java:processTables(161)) - Using default column profile:DBProfile.DISK for Table:dTokenTable
2019-07-15 13:27:00,886 INFO  db.DBStoreBuilder (DBStoreBuilder.java:addTable(110)) - using custom profile for table: s3SecretTable
2019-07-15 13:27:00,887 INFO  db.DBStoreBuilder (DBStoreBuilder.java:processTables(161)) - Using default column profile:DBProfile.DISK for Table:s3SecretTable
2019-07-15 13:27:00,887 INFO  db.DBStoreBuilder (DBStoreBuilder.java:addTable(110)) - using custom profile for table: prefixTable
2019-07-15 13:27:00,887 INFO  db.DBStoreBuilder (DBStoreBuilder.java:processTables(161)) - Using default column profile:DBProfile.DISK for Table:prefixTable
2019-07-15 13:27:00,888 INFO  db.DBStoreBuilder (DBStoreBuilder.java:addTable(110)) - using custom profile for table: default
2019-07-15 13:27:00,888 INFO  db.DBStoreBuilder (DBStoreBuilder.java:processTables(167)) - Using default column profile:DBProfile.DISK for Table:default
2019-07-15 13:27:00,889 INFO  db.DBStoreBuilder (DBStoreBuilder.java:getDbProfile(198)) - Using default options. DBProfile.DISK
2019-07-15 13:27:01,800 INFO  ipc.CallQueueManager (CallQueueManager.java:<init>(84)) - Using callQueue: class java.util.concurrent.LinkedBlockingQueue, queueCapacity: 2000, scheduler: class org.apache.hadoop.ipc.DefaultRpcScheduler, ipcBackoff: false.
2019-07-15 13:27:01,802 INFO  ipc.Server (Server.java:run(1074)) - Starting Socket Reader #1 for port 35285
2019-07-15 13:27:01,829 WARN  server.ServerUtils (ServerUtils.java:getDBPath(222)) - ozone.om.db.dirs is not configured. We recommend adding this setting. Falling back to ozone.metadata.dirs instead.
2019-07-15 13:27:01,830 INFO  om.OzoneManager (OzoneManager.java:start(1228)) - OzoneManager RPC server is listening at localhost/127.0.0.1:35285
2019-07-15 13:27:01,830 INFO  impl.MetricsSystemImpl (MetricsSystemImpl.java:init(158)) - OzoneManager metrics system started (again)
2019-07-15 13:27:01,831 INFO  ipc.Server (Server.java:run(1314)) - IPC Server Responder: starting
2019-07-15 13:27:01,832 INFO  ipc.Server (Server.java:run(1153)) - IPC Server listener on 35285: starting
2019-07-15 13:27:01,845 INFO  hdfs.DFSUtil (DFSUtil.java:httpServerTemplateForNNAndJN(1641)) - Starting Web-server for ozoneManager at: http://0.0.0.0:0
2019-07-15 13:27:01,848 INFO  server.AuthenticationFilter (AuthenticationFilter.java:constructSecretProvider(240)) - Unable to initialize FileSignerSecretProvider, falling back to use random secrets.
2019-07-15 13:27:01,849 WARN  http.HttpRequestLog (HttpRequestLog.java:getRequestLog(97)) - Jetty request log can only be enabled using Log4j
2019-07-15 13:27:01,851 INFO  http.HttpServer2 (HttpServer2.java:addGlobalFilter(975)) - Added global filter 'safety' (class=org.apache.hadoop.http.HttpServer2$QuotingInputFilter)
2019-07-15 13:27:01,853 INFO  http.HttpServer2 (HttpServer2.java:addFilter(948)) - Added filter static_user_filter (class=org.apache.hadoop.http.lib.StaticUserWebFilter$StaticUserFilter) to context ozoneManager
2019-07-15 13:27:01,853 INFO  http.HttpServer2 (HttpServer2.java:addFilter(958)) - Added filter static_user_filter (class=org.apache.hadoop.http.lib.StaticUserWebFilter$StaticUserFilter) to context static
2019-07-15 13:27:01,853 INFO  http.HttpServer2 (HttpServer2.java:addFilter(958)) - Added filter static_user_filter (class=org.apache.hadoop.http.lib.StaticUserWebFilter$StaticUserFilter) to context logs
2019-07-15 13:27:01,856 INFO  http.HttpServer2 (HttpServer2.java:bindListener(1191)) - Jetty bound to port 42400
2019-07-15 13:27:01,857 INFO  server.Server (Server.java:doStart(351)) - jetty-9.3.24.v20180605, build timestamp: 2018-06-05T17:11:56Z, git hash: 84205aa28f11a4f31f2a3b86d1bba2cc8ab69827
2019-07-15 13:27:01,859 INFO  handler.ContextHandler (ContextHandler.java:doStart(781)) - Started o.e.j.s.ServletContextHandler@2d0bfb24{/logs,file:///workdir/hadoop-ozone/integration-test/target/log,AVAILABLE}
2019-07-15 13:27:01,860 INFO  handler.ContextHandler (ContextHandler.java:doStart(781)) - Started o.e.j.s.ServletContextHandler@7b44b63d{/static,file:///workdir/hadoop-ozone/integration-test/target/test-classes/webapps/static,AVAILABLE}
2019-07-15 13:27:01,867 INFO  handler.ContextHandler (ContextHandler.java:doStart(781)) - Started o.e.j.w.WebAppContext@3e9803c2{/,file:///workdir/hadoop-ozone/integration-test/target/test-classes/webapps/ozoneManager/,AVAILABLE}{/ozoneManager}
2019-07-15 13:27:01,867 INFO  server.AbstractConnector (AbstractConnector.java:doStart(278)) - Started ServerConnector@4525d1d3{HTTP/1.1,[http/1.1]}{0.0.0.0:42400}
2019-07-15 13:27:01,868 INFO  server.Server (Server.java:doStart(419)) - Started @4030ms
2019-07-15 13:27:01,869 INFO  server.BaseHttpServer (BaseHttpServer.java:updateConnectorAddress(207)) - HTTP server of OZONEMANAGER is listening at http://0.0.0.0:42400
2019-07-15 13:27:02,187 INFO  impl.MetricsSystemImpl (MetricsSystemImpl.java:init(158)) - HddsDatanode metrics system started (again)
2019-07-15 13:27:02,271 INFO  ozone.HddsDatanodeService (HddsDatanodeService.java:start(185)) - HddsDatanodeService host:trunk-nightly-hvlc9-701369690 ip:192.168.157.240
2019-07-15 13:27:02,307 INFO  volume.HddsVolume (HddsVolume.java:<init>(176)) - Creating Volume: /workdir/hadoop-ozone/integration-test/target/test-dir/MiniOzoneClusterImpl-db8233b4-32fe-42d4-b03b-a856ad868dc3/datanode-0/data/containers/hdds of  storage type : DISK and capacity : 52710309888
2019-07-15 13:27:02,311 INFO  volume.VolumeSet (VolumeSet.java:initializeVolumeSet(170)) - Added Volume : /workdir/hadoop-ozone/integration-test/target/test-dir/MiniOzoneClusterImpl-db8233b4-32fe-42d4-b03b-a856ad868dc3/datanode-0/data/containers/hdds to VolumeSet
2019-07-15 13:27:02,316 INFO  volume.ThrottledAsyncChecker (ThrottledAsyncChecker.java:schedule(140)) - Scheduling a check for org.apache.hadoop.ozone.container.common.volume.HddsVolume@59546cfe
2019-07-15 13:27:02,343 INFO  volume.HddsVolumeChecker (HddsVolumeChecker.java:checkAllVolumes(203)) - Scheduled health check for volume org.apache.hadoop.ozone.container.common.volume.HddsVolume@59546cfe
2019-07-15 13:27:02,463 INFO  impl.RaftServerProxy (ConfUtils.java:logGet(43)) - raft.rpc.type = GRPC (default)
2019-07-15 13:27:02,528 INFO  grpc.GrpcFactory (GrpcFactory.java:checkPooledByteBufAllocatorUseCacheForAllThreads(45)) - PERFORMANCE WARNING: useCacheForAllThreads is true that may cause Netty to create a lot garbage objects and, as a result, trigger GC.
	It is recommended to disable useCacheForAllThreads by setting -Dorg.apache.ratis.thirdparty.io.netty.allocator.useCacheForAllThreads=false in command line.
2019-07-15 13:27:02,533 INFO  grpc.GrpcConfigKeys$Server (ConfUtils.java:logGet(43)) - raft.grpc.server.port = 0 (default)
2019-07-15 13:27:02,534 INFO  server.GrpcService (ConfUtils.java:logGet(43)) - raft.grpc.message.size.max = 33570816 (custom)
2019-07-15 13:27:02,535 INFO  server.RaftServerConfigKeys (ConfUtils.java:logGet(43)) - raft.server.log.appender.buffer.byte-limit = 33554432 (custom)
2019-07-15 13:27:02,536 INFO  server.GrpcService (ConfUtils.java:logGet(43)) - raft.grpc.flow.control.window = 1MB (=1048576) (default)
2019-07-15 13:27:02,537 INFO  server.RaftServerConfigKeys (ConfUtils.java:logGet(43)) - raft.server.rpc.request.timeout = 3000ms (default)
2019-07-15 13:27:02,710 INFO  server.RaftServerConfigKeys (ConfUtils.java:logGet(43)) - raft.server.storage.dir = [/workdir/hadoop-ozone/integration-test/target/test-dir/MiniOzoneClusterImpl-db8233b4-32fe-42d4-b03b-a856ad868dc3/datanode-0/data/ratis] (custom)
2019-07-15 13:27:02,758 INFO  replication.SimpleContainerDownloader (SimpleContainerDownloader.java:<init>(72)) - Starting container downloader service to copy containers to replicate.
2019-07-15 13:27:02,778 INFO  hdfs.DFSUtil (DFSUtil.java:httpServerTemplateForNNAndJN(1641)) - Starting Web-server for hddsDatanode at: http://0.0.0.0:0
2019-07-15 13:27:02,782 INFO  server.AuthenticationFilter (AuthenticationFilter.java:constructSecretProvider(240)) - Unable to initialize FileSignerSecretProvider, falling back to use random secrets.
2019-07-15 13:27:02,784 WARN  http.HttpRequestLog (HttpRequestLog.java:getRequestLog(97)) - Jetty request log can only be enabled using Log4j
2019-07-15 13:27:02,787 INFO  http.HttpServer2 (HttpServer2.java:addGlobalFilter(975)) - Added global filter 'safety' (class=org.apache.hadoop.http.HttpServer2$QuotingInputFilter)
2019-07-15 13:27:02,788 INFO  http.HttpServer2 (HttpServer2.java:addFilter(948)) - Added filter static_user_filter (class=org.apache.hadoop.http.lib.StaticUserWebFilter$StaticUserFilter) to context hddsDatanode
2019-07-15 13:27:02,789 INFO  http.HttpServer2 (HttpServer2.java:addFilter(958)) - Added filter static_user_filter (class=org.apache.hadoop.http.lib.StaticUserWebFilter$StaticUserFilter) to context static
2019-07-15 13:27:02,789 INFO  http.HttpServer2 (HttpServer2.java:addFilter(958)) - Added filter static_user_filter (class=org.apache.hadoop.http.lib.StaticUserWebFilter$StaticUserFilter) to context logs
2019-07-15 13:27:02,792 INFO  http.HttpServer2 (HttpServer2.java:bindListener(1191)) - Jetty bound to port 46574
2019-07-15 13:27:02,792 INFO  server.Server (Server.java:doStart(351)) - jetty-9.3.24.v20180605, build timestamp: 2018-06-05T17:11:56Z, git hash: 84205aa28f11a4f31f2a3b86d1bba2cc8ab69827
2019-07-15 13:27:02,796 INFO  handler.ContextHandler (ContextHandler.java:doStart(781)) - Started o.e.j.s.ServletContextHandler@36cc9385{/logs,file:///workdir/hadoop-ozone/integration-test/target/log,AVAILABLE}
2019-07-15 13:27:02,797 INFO  handler.ContextHandler (ContextHandler.java:doStart(781)) - Started o.e.j.s.ServletContextHandler@7915bca3{/static,jar:file:/home/user/.m2/repository/org/apache/hadoop/hadoop-hdds-container-service/0.5.0-SNAPSHOT/hadoop-hdds-container-service-0.5.0-SNAPSHOT.jar!/webapps/static,AVAILABLE}
2019-07-15 13:27:02,864 INFO  handler.ContextHandler (ContextHandler.java:doStart(781)) - Started o.e.j.w.WebAppContext@37e0292a{/,file:///tmp/jetty-0.0.0.0-46574-hddsDatanode-_-any-499095574647774461.dir/webapp/,AVAILABLE}{/hddsDatanode}
2019-07-15 13:27:02,865 INFO  server.AbstractConnector (AbstractConnector.java:doStart(278)) - Started ServerConnector@4af70944{HTTP/1.1,[http/1.1]}{0.0.0.0:46574}
2019-07-15 13:27:02,866 INFO  server.Server (Server.java:doStart(419)) - Started @5029ms
2019-07-15 13:27:02,869 INFO  server.BaseHttpServer (BaseHttpServer.java:updateConnectorAddress(207)) - HTTP server of HDDSDATANODE is listening at http://0.0.0.0:46574
2019-07-15 13:27:04,018 INFO  ozone.HddsDatanodeService (HddsDatanodeService.java:startPlugins(396)) - Started plug-in org.apache.hadoop.ozone.web.OzoneHddsDatanodeService@b4732dc
2019-07-15 13:27:04,020 INFO  impl.MetricsSystemImpl (MetricsSystemImpl.java:init(158)) - HddsDatanode metrics system started (again)
2019-07-15 13:27:04,021 INFO  ozone.HddsDatanodeService (HddsDatanodeService.java:start(185)) - HddsDatanodeService host:trunk-nightly-hvlc9-701369690 ip:192.168.157.240
2019-07-15 13:27:04,027 INFO  util.JvmPauseMonitor (JvmPauseMonitor.java:run(188)) - Starting JVM pause monitor
2019-07-15 13:27:04,031 INFO  volume.HddsVolume (HddsVolume.java:<init>(176)) - Creating Volume: /workdir/hadoop-ozone/integration-test/target/test-dir/MiniOzoneClusterImpl-db8233b4-32fe-42d4-b03b-a856ad868dc3/datanode-1/data/containers/hdds of  storage type : DISK and capacity : 52710309888
2019-07-15 13:27:04,032 INFO  volume.VolumeSet (VolumeSet.java:initializeVolumeSet(170)) - Added Volume : /workdir/hadoop-ozone/integration-test/target/test-dir/MiniOzoneClusterImpl-db8233b4-32fe-42d4-b03b-a856ad868dc3/datanode-1/data/containers/hdds to VolumeSet
2019-07-15 13:27:04,032 INFO  volume.ThrottledAsyncChecker (ThrottledAsyncChecker.java:schedule(140)) - Scheduling a check for org.apache.hadoop.ozone.container.common.volume.HddsVolume@778a1250
2019-07-15 13:27:04,034 INFO  volume.HddsVolumeChecker (HddsVolumeChecker.java:checkAllVolumes(203)) - Scheduled health check for volume org.apache.hadoop.ozone.container.common.volume.HddsVolume@778a1250
2019-07-15 13:27:04,056 INFO  impl.RaftServerProxy (ConfUtils.java:logGet(43)) - raft.rpc.type = GRPC (default)
2019-07-15 13:27:04,057 INFO  grpc.GrpcFactory (GrpcFactory.java:checkPooledByteBufAllocatorUseCacheForAllThreads(45)) - PERFORMANCE WARNING: useCacheForAllThreads is true that may cause Netty to create a lot garbage objects and, as a result, trigger GC.
	It is recommended to disable useCacheForAllThreads by setting -Dorg.apache.ratis.thirdparty.io.netty.allocator.useCacheForAllThreads=false in command line.
2019-07-15 13:27:04,057 INFO  grpc.GrpcConfigKeys$Server (ConfUtils.java:logGet(43)) - raft.grpc.server.port = 0 (default)
2019-07-15 13:27:04,058 INFO  server.GrpcService (ConfUtils.java:logGet(43)) - raft.grpc.message.size.max = 33570816 (custom)
2019-07-15 13:27:04,058 INFO  server.RaftServerConfigKeys (ConfUtils.java:logGet(43)) - raft.server.log.appender.buffer.byte-limit = 33554432 (custom)
2019-07-15 13:27:04,058 INFO  server.GrpcService (ConfUtils.java:logGet(43)) - raft.grpc.flow.control.window = 1MB (=1048576) (default)
2019-07-15 13:27:04,058 INFO  server.RaftServerConfigKeys (ConfUtils.java:logGet(43)) - raft.server.rpc.request.timeout = 3000ms (default)
2019-07-15 13:27:04,059 INFO  server.RaftServerConfigKeys (ConfUtils.java:logGet(43)) - raft.server.storage.dir = [/workdir/hadoop-ozone/integration-test/target/test-dir/MiniOzoneClusterImpl-db8233b4-32fe-42d4-b03b-a856ad868dc3/datanode-1/data/ratis] (custom)
2019-07-15 13:27:04,060 INFO  replication.SimpleContainerDownloader (SimpleContainerDownloader.java:<init>(72)) - Starting container downloader service to copy containers to replicate.
2019-07-15 13:27:04,061 INFO  hdfs.DFSUtil (DFSUtil.java:httpServerTemplateForNNAndJN(1641)) - Starting Web-server for hddsDatanode at: http://0.0.0.0:0
2019-07-15 13:27:04,063 INFO  server.AuthenticationFilter (AuthenticationFilter.java:constructSecretProvider(240)) - Unable to initialize FileSignerSecretProvider, falling back to use random secrets.
2019-07-15 13:27:04,063 WARN  http.HttpRequestLog (HttpRequestLog.java:getRequestLog(97)) - Jetty request log can only be enabled using Log4j
2019-07-15 13:27:04,066 INFO  http.HttpServer2 (HttpServer2.java:addGlobalFilter(975)) - Added global filter 'safety' (class=org.apache.hadoop.http.HttpServer2$QuotingInputFilter)
2019-07-15 13:27:04,066 INFO  http.HttpServer2 (HttpServer2.java:addFilter(948)) - Added filter static_user_filter (class=org.apache.hadoop.http.lib.StaticUserWebFilter$StaticUserFilter) to context hddsDatanode
2019-07-15 13:27:04,066 INFO  http.HttpServer2 (HttpServer2.java:addFilter(958)) - Added filter static_user_filter (class=org.apache.hadoop.http.lib.StaticUserWebFilter$StaticUserFilter) to context static
2019-07-15 13:27:04,067 INFO  http.HttpServer2 (HttpServer2.java:addFilter(958)) - Added filter static_user_filter (class=org.apache.hadoop.http.lib.StaticUserWebFilter$StaticUserFilter) to context logs
2019-07-15 13:27:04,067 INFO  http.HttpServer2 (HttpServer2.java:bindListener(1191)) - Jetty bound to port 42711
2019-07-15 13:27:04,068 INFO  server.Server (Server.java:doStart(351)) - jetty-9.3.24.v20180605, build timestamp: 2018-06-05T17:11:56Z, git hash: 84205aa28f11a4f31f2a3b86d1bba2cc8ab69827
2019-07-15 13:27:04,070 INFO  handler.ContextHandler (ContextHandler.java:doStart(781)) - Started o.e.j.s.ServletContextHandler@359066bc{/logs,file:///workdir/hadoop-ozone/integration-test/target/log,AVAILABLE}
2019-07-15 13:27:04,070 INFO  handler.ContextHandler (ContextHandler.java:doStart(781)) - Started o.e.j.s.ServletContextHandler@364fd4ae{/static,jar:file:/home/user/.m2/repository/org/apache/hadoop/hadoop-hdds-container-service/0.5.0-SNAPSHOT/hadoop-hdds-container-service-0.5.0-SNAPSHOT.jar!/webapps/static,AVAILABLE}
2019-07-15 13:27:04,102 INFO  handler.ContextHandler (ContextHandler.java:doStart(781)) - Started o.e.j.w.WebAppContext@2e1eb85f{/,file:///tmp/jetty-0.0.0.0-42711-hddsDatanode-_-any-8446078467694941667.dir/webapp/,AVAILABLE}{/hddsDatanode}
2019-07-15 13:27:04,103 INFO  server.AbstractConnector (AbstractConnector.java:doStart(278)) - Started ServerConnector@ea7a4c3{HTTP/1.1,[http/1.1]}{0.0.0.0:42711}
2019-07-15 13:27:04,105 INFO  server.Server (Server.java:doStart(419)) - Started @6266ms
2019-07-15 13:27:04,106 INFO  server.BaseHttpServer (BaseHttpServer.java:updateConnectorAddress(207)) - HTTP server of HDDSDATANODE is listening at http://0.0.0.0:42711
2019-07-15 13:27:04,158 INFO  datanode.InitDatanodeState (InitDatanodeState.java:persistContainerDatanodeDetails(140)) - DatanodeDetails is persisted to /workdir/hadoop-ozone/integration-test/target/test-dir/MiniOzoneClusterImpl-db8233b4-32fe-42d4-b03b-a856ad868dc3/datanode-0/meta/datanode.id
2019-07-15 13:27:04,257 INFO  ozone.HddsDatanodeService (HddsDatanodeService.java:startPlugins(396)) - Started plug-in org.apache.hadoop.ozone.web.OzoneHddsDatanodeService@5729b410
2019-07-15 13:27:04,258 INFO  impl.MetricsSystemImpl (MetricsSystemImpl.java:init(158)) - HddsDatanode metrics system started (again)
2019-07-15 13:27:04,259 INFO  ozone.HddsDatanodeService (HddsDatanodeService.java:start(185)) - HddsDatanodeService host:trunk-nightly-hvlc9-701369690 ip:192.168.157.240
2019-07-15 13:27:04,261 INFO  util.JvmPauseMonitor (JvmPauseMonitor.java:run(188)) - Starting JVM pause monitor
2019-07-15 13:27:04,271 INFO  volume.HddsVolume (HddsVolume.java:<init>(176)) - Creating Volume: /workdir/hadoop-ozone/integration-test/target/test-dir/MiniOzoneClusterImpl-db8233b4-32fe-42d4-b03b-a856ad868dc3/datanode-2/data/containers/hdds of  storage type : DISK and capacity : 52710309888
2019-07-15 13:27:04,271 INFO  volume.VolumeSet (VolumeSet.java:initializeVolumeSet(170)) - Added Volume : /workdir/hadoop-ozone/integration-test/target/test-dir/MiniOzoneClusterImpl-db8233b4-32fe-42d4-b03b-a856ad868dc3/datanode-2/data/containers/hdds to VolumeSet
2019-07-15 13:27:04,271 INFO  volume.ThrottledAsyncChecker (ThrottledAsyncChecker.java:schedule(140)) - Scheduling a check for org.apache.hadoop.ozone.container.common.volume.HddsVolume@52b959df
2019-07-15 13:27:04,272 INFO  volume.HddsVolumeChecker (HddsVolumeChecker.java:checkAllVolumes(203)) - Scheduled health check for volume org.apache.hadoop.ozone.container.common.volume.HddsVolume@52b959df
2019-07-15 13:27:04,273 INFO  datanode.InitDatanodeState (InitDatanodeState.java:persistContainerDatanodeDetails(140)) - DatanodeDetails is persisted to /workdir/hadoop-ozone/integration-test/target/test-dir/MiniOzoneClusterImpl-db8233b4-32fe-42d4-b03b-a856ad868dc3/datanode-1/meta/datanode.id
2019-07-15 13:27:04,286 INFO  impl.RaftServerProxy (ConfUtils.java:logGet(43)) - raft.rpc.type = GRPC (default)
2019-07-15 13:27:04,286 INFO  grpc.GrpcFactory (GrpcFactory.java:checkPooledByteBufAllocatorUseCacheForAllThreads(45)) - PERFORMANCE WARNING: useCacheForAllThreads is true that may cause Netty to create a lot garbage objects and, as a result, trigger GC.
	It is recommended to disable useCacheForAllThreads by setting -Dorg.apache.ratis.thirdparty.io.netty.allocator.useCacheForAllThreads=false in command line.
2019-07-15 13:27:04,287 INFO  grpc.GrpcConfigKeys$Server (ConfUtils.java:logGet(43)) - raft.grpc.server.port = 0 (default)
2019-07-15 13:27:04,287 INFO  server.GrpcService (ConfUtils.java:logGet(43)) - raft.grpc.message.size.max = 33570816 (custom)
2019-07-15 13:27:04,287 INFO  server.RaftServerConfigKeys (ConfUtils.java:logGet(43)) - raft.server.log.appender.buffer.byte-limit = 33554432 (custom)
2019-07-15 13:27:04,287 INFO  server.GrpcService (ConfUtils.java:logGet(43)) - raft.grpc.flow.control.window = 1MB (=1048576) (default)
2019-07-15 13:27:04,288 INFO  server.RaftServerConfigKeys (ConfUtils.java:logGet(43)) - raft.server.rpc.request.timeout = 3000ms (default)
2019-07-15 13:27:04,288 INFO  server.RaftServerConfigKeys (ConfUtils.java:logGet(43)) - raft.server.storage.dir = [/workdir/hadoop-ozone/integration-test/target/test-dir/MiniOzoneClusterImpl-db8233b4-32fe-42d4-b03b-a856ad868dc3/datanode-2/data/ratis] (custom)
2019-07-15 13:27:04,289 INFO  replication.SimpleContainerDownloader (SimpleContainerDownloader.java:<init>(72)) - Starting container downloader service to copy containers to replicate.
2019-07-15 13:27:04,290 INFO  hdfs.DFSUtil (DFSUtil.java:httpServerTemplateForNNAndJN(1641)) - Starting Web-server for hddsDatanode at: http://0.0.0.0:0
2019-07-15 13:27:04,293 INFO  server.AuthenticationFilter (AuthenticationFilter.java:constructSecretProvider(240)) - Unable to initialize FileSignerSecretProvider, falling back to use random secrets.
2019-07-15 13:27:04,293 WARN  http.HttpRequestLog (HttpRequestLog.java:getRequestLog(97)) - Jetty request log can only be enabled using Log4j
2019-07-15 13:27:04,296 INFO  http.HttpServer2 (HttpServer2.java:addGlobalFilter(975)) - Added global filter 'safety' (class=org.apache.hadoop.http.HttpServer2$QuotingInputFilter)
2019-07-15 13:27:04,297 INFO  http.HttpServer2 (HttpServer2.java:addFilter(948)) - Added filter static_user_filter (class=org.apache.hadoop.http.lib.StaticUserWebFilter$StaticUserFilter) to context hddsDatanode
2019-07-15 13:27:04,297 INFO  http.HttpServer2 (HttpServer2.java:addFilter(958)) - Added filter static_user_filter (class=org.apache.hadoop.http.lib.StaticUserWebFilter$StaticUserFilter) to context static
2019-07-15 13:27:04,297 INFO  http.HttpServer2 (HttpServer2.java:addFilter(958)) - Added filter static_user_filter (class=org.apache.hadoop.http.lib.StaticUserWebFilter$StaticUserFilter) to context logs
2019-07-15 13:27:04,299 INFO  http.HttpServer2 (HttpServer2.java:bindListener(1191)) - Jetty bound to port 44462
2019-07-15 13:27:04,299 INFO  server.Server (Server.java:doStart(351)) - jetty-9.3.24.v20180605, build timestamp: 2018-06-05T17:11:56Z, git hash: 84205aa28f11a4f31f2a3b86d1bba2cc8ab69827
2019-07-15 13:27:04,304 INFO  handler.ContextHandler (ContextHandler.java:doStart(781)) - Started o.e.j.s.ServletContextHandler@631c6d11{/logs,file:///workdir/hadoop-ozone/integration-test/target/log,AVAILABLE}
2019-07-15 13:27:04,307 INFO  handler.ContextHandler (ContextHandler.java:doStart(781)) - Started o.e.j.s.ServletContextHandler@62ade015{/static,jar:file:/home/user/.m2/repository/org/apache/hadoop/hadoop-hdds-container-service/0.5.0-SNAPSHOT/hadoop-hdds-container-service-0.5.0-SNAPSHOT.jar!/webapps/static,AVAILABLE}
2019-07-15 13:27:04,346 INFO  handler.ContextHandler (ContextHandler.java:doStart(781)) - Started o.e.j.w.WebAppContext@7197b07f{/,file:///tmp/jetty-0.0.0.0-44462-hddsDatanode-_-any-7623813671073718494.dir/webapp/,AVAILABLE}{/hddsDatanode}
2019-07-15 13:27:04,347 INFO  server.AbstractConnector (AbstractConnector.java:doStart(278)) - Started ServerConnector@1f10fec6{HTTP/1.1,[http/1.1]}{0.0.0.0:44462}
2019-07-15 13:27:04,348 INFO  server.Server (Server.java:doStart(419)) - Started @6510ms
2019-07-15 13:27:04,349 INFO  server.BaseHttpServer (BaseHttpServer.java:updateConnectorAddress(207)) - HTTP server of HDDSDATANODE is listening at http://0.0.0.0:44462
2019-07-15 13:27:04,488 INFO  ozone.HddsDatanodeService (HddsDatanodeService.java:startPlugins(396)) - Started plug-in org.apache.hadoop.ozone.web.OzoneHddsDatanodeService@7436364d
2019-07-15 13:27:04,489 INFO  impl.MetricsSystemImpl (MetricsSystemImpl.java:init(158)) - HddsDatanode metrics system started (again)
2019-07-15 13:27:04,489 INFO  ozone.HddsDatanodeService (HddsDatanodeService.java:start(185)) - HddsDatanodeService host:trunk-nightly-hvlc9-701369690 ip:192.168.157.240
2019-07-15 13:27:04,493 INFO  util.JvmPauseMonitor (JvmPauseMonitor.java:run(188)) - Starting JVM pause monitor
2019-07-15 13:27:04,495 INFO  datanode.InitDatanodeState (InitDatanodeState.java:persistContainerDatanodeDetails(140)) - DatanodeDetails is persisted to /workdir/hadoop-ozone/integration-test/target/test-dir/MiniOzoneClusterImpl-db8233b4-32fe-42d4-b03b-a856ad868dc3/datanode-2/meta/datanode.id
2019-07-15 13:27:04,501 INFO  volume.HddsVolume (HddsVolume.java:<init>(176)) - Creating Volume: /workdir/hadoop-ozone/integration-test/target/test-dir/MiniOzoneClusterImpl-db8233b4-32fe-42d4-b03b-a856ad868dc3/datanode-3/data/containers/hdds of  storage type : DISK and capacity : 52710309888
2019-07-15 13:27:04,501 INFO  volume.VolumeSet (VolumeSet.java:initializeVolumeSet(170)) - Added Volume : /workdir/hadoop-ozone/integration-test/target/test-dir/MiniOzoneClusterImpl-db8233b4-32fe-42d4-b03b-a856ad868dc3/datanode-3/data/containers/hdds to VolumeSet
2019-07-15 13:27:04,502 INFO  volume.ThrottledAsyncChecker (ThrottledAsyncChecker.java:schedule(140)) - Scheduling a check for org.apache.hadoop.ozone.container.common.volume.HddsVolume@517704
2019-07-15 13:27:04,502 INFO  volume.HddsVolumeChecker (HddsVolumeChecker.java:checkAllVolumes(203)) - Scheduled health check for volume org.apache.hadoop.ozone.container.common.volume.HddsVolume@517704
2019-07-15 13:27:04,524 INFO  impl.RaftServerProxy (ConfUtils.java:logGet(43)) - raft.rpc.type = GRPC (default)
2019-07-15 13:27:04,525 INFO  grpc.GrpcFactory (GrpcFactory.java:checkPooledByteBufAllocatorUseCacheForAllThreads(45)) - PERFORMANCE WARNING: useCacheForAllThreads is true that may cause Netty to create a lot garbage objects and, as a result, trigger GC.
	It is recommended to disable useCacheForAllThreads by setting -Dorg.apache.ratis.thirdparty.io.netty.allocator.useCacheForAllThreads=false in command line.
2019-07-15 13:27:04,525 INFO  grpc.GrpcConfigKeys$Server (ConfUtils.java:logGet(43)) - raft.grpc.server.port = 0 (default)
2019-07-15 13:27:04,526 INFO  server.GrpcService (ConfUtils.java:logGet(43)) - raft.grpc.message.size.max = 33570816 (custom)
2019-07-15 13:27:04,526 INFO  server.RaftServerConfigKeys (ConfUtils.java:logGet(43)) - raft.server.log.appender.buffer.byte-limit = 33554432 (custom)
2019-07-15 13:27:04,526 INFO  server.GrpcService (ConfUtils.java:logGet(43)) - raft.grpc.flow.control.window = 1MB (=1048576) (default)
2019-07-15 13:27:04,527 INFO  server.RaftServerConfigKeys (ConfUtils.java:logGet(43)) - raft.server.rpc.request.timeout = 3000ms (default)
2019-07-15 13:27:04,528 INFO  server.RaftServerConfigKeys (ConfUtils.java:logGet(43)) - raft.server.storage.dir = [/workdir/hadoop-ozone/integration-test/target/test-dir/MiniOzoneClusterImpl-db8233b4-32fe-42d4-b03b-a856ad868dc3/datanode-3/data/ratis] (custom)
2019-07-15 13:27:04,528 INFO  replication.SimpleContainerDownloader (SimpleContainerDownloader.java:<init>(72)) - Starting container downloader service to copy containers to replicate.
2019-07-15 13:27:04,530 INFO  hdfs.DFSUtil (DFSUtil.java:httpServerTemplateForNNAndJN(1641)) - Starting Web-server for hddsDatanode at: http://0.0.0.0:0
2019-07-15 13:27:04,532 INFO  server.AuthenticationFilter (AuthenticationFilter.java:constructSecretProvider(240)) - Unable to initialize FileSignerSecretProvider, falling back to use random secrets.
2019-07-15 13:27:04,533 WARN  http.HttpRequestLog (HttpRequestLog.java:getRequestLog(97)) - Jetty request log can only be enabled using Log4j
2019-07-15 13:27:04,535 INFO  http.HttpServer2 (HttpServer2.java:addGlobalFilter(975)) - Added global filter 'safety' (class=org.apache.hadoop.http.HttpServer2$QuotingInputFilter)
2019-07-15 13:27:04,536 INFO  http.HttpServer2 (HttpServer2.java:addFilter(948)) - Added filter static_user_filter (class=org.apache.hadoop.http.lib.StaticUserWebFilter$StaticUserFilter) to context hddsDatanode
2019-07-15 13:27:04,537 INFO  http.HttpServer2 (HttpServer2.java:addFilter(958)) - Added filter static_user_filter (class=org.apache.hadoop.http.lib.StaticUserWebFilter$StaticUserFilter) to context static
2019-07-15 13:27:04,537 INFO  http.HttpServer2 (HttpServer2.java:addFilter(958)) - Added filter static_user_filter (class=org.apache.hadoop.http.lib.StaticUserWebFilter$StaticUserFilter) to context logs
2019-07-15 13:27:04,538 INFO  http.HttpServer2 (HttpServer2.java:bindListener(1191)) - Jetty bound to port 32958
2019-07-15 13:27:04,539 INFO  server.Server (Server.java:doStart(351)) - jetty-9.3.24.v20180605, build timestamp: 2018-06-05T17:11:56Z, git hash: 84205aa28f11a4f31f2a3b86d1bba2cc8ab69827
2019-07-15 13:27:04,543 INFO  handler.ContextHandler (ContextHandler.java:doStart(781)) - Started o.e.j.s.ServletContextHandler@1e30db85{/logs,file:///workdir/hadoop-ozone/integration-test/target/log,AVAILABLE}
2019-07-15 13:27:04,544 INFO  handler.ContextHandler (ContextHandler.java:doStart(781)) - Started o.e.j.s.ServletContextHandler@cc9ef8d{/static,jar:file:/home/user/.m2/repository/org/apache/hadoop/hadoop-hdds-container-service/0.5.0-SNAPSHOT/hadoop-hdds-container-service-0.5.0-SNAPSHOT.jar!/webapps/static,AVAILABLE}
2019-07-15 13:27:04,588 INFO  handler.ContextHandler (ContextHandler.java:doStart(781)) - Started o.e.j.w.WebAppContext@6a2d867d{/,file:///tmp/jetty-0.0.0.0-32958-hddsDatanode-_-any-8402237289238365872.dir/webapp/,AVAILABLE}{/hddsDatanode}
2019-07-15 13:27:04,589 INFO  server.AbstractConnector (AbstractConnector.java:doStart(278)) - Started ServerConnector@73bb1337{HTTP/1.1,[http/1.1]}{0.0.0.0:32958}
2019-07-15 13:27:04,589 INFO  server.Server (Server.java:doStart(419)) - Started @6752ms
2019-07-15 13:27:04,592 INFO  server.BaseHttpServer (BaseHttpServer.java:updateConnectorAddress(207)) - HTTP server of HDDSDATANODE is listening at http://0.0.0.0:32958
2019-07-15 13:27:04,732 INFO  ozone.HddsDatanodeService (HddsDatanodeService.java:startPlugins(396)) - Started plug-in org.apache.hadoop.ozone.web.OzoneHddsDatanodeService@65da01f4
2019-07-15 13:27:04,732 INFO  impl.MetricsSystemImpl (MetricsSystemImpl.java:init(158)) - HddsDatanode metrics system started (again)
2019-07-15 13:27:04,734 INFO  ozone.HddsDatanodeService (HddsDatanodeService.java:start(185)) - HddsDatanodeService host:trunk-nightly-hvlc9-701369690 ip:192.168.157.240
2019-07-15 13:27:04,736 INFO  util.JvmPauseMonitor (JvmPauseMonitor.java:run(188)) - Starting JVM pause monitor
2019-07-15 13:27:04,738 INFO  datanode.InitDatanodeState (InitDatanodeState.java:persistContainerDatanodeDetails(140)) - DatanodeDetails is persisted to /workdir/hadoop-ozone/integration-test/target/test-dir/MiniOzoneClusterImpl-db8233b4-32fe-42d4-b03b-a856ad868dc3/datanode-3/meta/datanode.id
2019-07-15 13:27:04,742 INFO  volume.HddsVolume (HddsVolume.java:<init>(176)) - Creating Volume: /workdir/hadoop-ozone/integration-test/target/test-dir/MiniOzoneClusterImpl-db8233b4-32fe-42d4-b03b-a856ad868dc3/datanode-4/data/containers/hdds of  storage type : DISK and capacity : 52710309888
2019-07-15 13:27:04,742 INFO  volume.VolumeSet (VolumeSet.java:initializeVolumeSet(170)) - Added Volume : /workdir/hadoop-ozone/integration-test/target/test-dir/MiniOzoneClusterImpl-db8233b4-32fe-42d4-b03b-a856ad868dc3/datanode-4/data/containers/hdds to VolumeSet
2019-07-15 13:27:04,743 INFO  volume.ThrottledAsyncChecker (ThrottledAsyncChecker.java:schedule(140)) - Scheduling a check for org.apache.hadoop.ozone.container.common.volume.HddsVolume@6b2fdffc
2019-07-15 13:27:04,744 INFO  volume.HddsVolumeChecker (HddsVolumeChecker.java:checkAllVolumes(203)) - Scheduled health check for volume org.apache.hadoop.ozone.container.common.volume.HddsVolume@6b2fdffc
2019-07-15 13:27:04,765 INFO  impl.RaftServerProxy (ConfUtils.java:logGet(43)) - raft.rpc.type = GRPC (default)
2019-07-15 13:27:04,765 INFO  grpc.GrpcFactory (GrpcFactory.java:checkPooledByteBufAllocatorUseCacheForAllThreads(45)) - PERFORMANCE WARNING: useCacheForAllThreads is true that may cause Netty to create a lot garbage objects and, as a result, trigger GC.
	It is recommended to disable useCacheForAllThreads by setting -Dorg.apache.ratis.thirdparty.io.netty.allocator.useCacheForAllThreads=false in command line.
2019-07-15 13:27:04,765 INFO  grpc.GrpcConfigKeys$Server (ConfUtils.java:logGet(43)) - raft.grpc.server.port = 0 (default)
2019-07-15 13:27:04,766 INFO  server.GrpcService (ConfUtils.java:logGet(43)) - raft.grpc.message.size.max = 33570816 (custom)
2019-07-15 13:27:04,766 INFO  server.RaftServerConfigKeys (ConfUtils.java:logGet(43)) - raft.server.log.appender.buffer.byte-limit = 33554432 (custom)
2019-07-15 13:27:04,766 INFO  server.GrpcService (ConfUtils.java:logGet(43)) - raft.grpc.flow.control.window = 1MB (=1048576) (default)
2019-07-15 13:27:04,767 INFO  server.RaftServerConfigKeys (ConfUtils.java:logGet(43)) - raft.server.rpc.request.timeout = 3000ms (default)
2019-07-15 13:27:04,768 INFO  server.RaftServerConfigKeys (ConfUtils.java:logGet(43)) - raft.server.storage.dir = [/workdir/hadoop-ozone/integration-test/target/test-dir/MiniOzoneClusterImpl-db8233b4-32fe-42d4-b03b-a856ad868dc3/datanode-4/data/ratis] (custom)
2019-07-15 13:27:04,768 INFO  replication.SimpleContainerDownloader (SimpleContainerDownloader.java:<init>(72)) - Starting container downloader service to copy containers to replicate.
2019-07-15 13:27:04,770 INFO  hdfs.DFSUtil (DFSUtil.java:httpServerTemplateForNNAndJN(1641)) - Starting Web-server for hddsDatanode at: http://0.0.0.0:0
2019-07-15 13:27:04,772 INFO  server.AuthenticationFilter (AuthenticationFilter.java:constructSecretProvider(240)) - Unable to initialize FileSignerSecretProvider, falling back to use random secrets.
2019-07-15 13:27:04,773 WARN  http.HttpRequestLog (HttpRequestLog.java:getRequestLog(97)) - Jetty request log can only be enabled using Log4j
2019-07-15 13:27:04,775 INFO  http.HttpServer2 (HttpServer2.java:addGlobalFilter(975)) - Added global filter 'safety' (class=org.apache.hadoop.http.HttpServer2$QuotingInputFilter)
2019-07-15 13:27:04,776 INFO  http.HttpServer2 (HttpServer2.java:addFilter(948)) - Added filter static_user_filter (class=org.apache.hadoop.http.lib.StaticUserWebFilter$StaticUserFilter) to context hddsDatanode
2019-07-15 13:27:04,776 INFO  http.HttpServer2 (HttpServer2.java:addFilter(958)) - Added filter static_user_filter (class=org.apache.hadoop.http.lib.StaticUserWebFilter$StaticUserFilter) to context logs
2019-07-15 13:27:04,777 INFO  http.HttpServer2 (HttpServer2.java:addFilter(958)) - Added filter static_user_filter (class=org.apache.hadoop.http.lib.StaticUserWebFilter$StaticUserFilter) to context static
2019-07-15 13:27:04,778 INFO  http.HttpServer2 (HttpServer2.java:bindListener(1191)) - Jetty bound to port 36163
2019-07-15 13:27:04,778 INFO  server.Server (Server.java:doStart(351)) - jetty-9.3.24.v20180605, build timestamp: 2018-06-05T17:11:56Z, git hash: 84205aa28f11a4f31f2a3b86d1bba2cc8ab69827
2019-07-15 13:27:04,784 INFO  handler.ContextHandler (ContextHandler.java:doStart(781)) - Started o.e.j.s.ServletContextHandler@615db358{/logs,file:///workdir/hadoop-ozone/integration-test/target/log,AVAILABLE}
2019-07-15 13:27:04,785 INFO  handler.ContextHandler (ContextHandler.java:doStart(781)) - Started o.e.j.s.ServletContextHandler@5fef0c19{/static,jar:file:/home/user/.m2/repository/org/apache/hadoop/hadoop-hdds-container-service/0.5.0-SNAPSHOT/hadoop-hdds-container-service-0.5.0-SNAPSHOT.jar!/webapps/static,AVAILABLE}
2019-07-15 13:27:04,829 INFO  handler.ContextHandler (ContextHandler.java:doStart(781)) - Started o.e.j.w.WebAppContext@367d34c0{/,file:///tmp/jetty-0.0.0.0-36163-hddsDatanode-_-any-8240250437391708791.dir/webapp/,AVAILABLE}{/hddsDatanode}
2019-07-15 13:27:04,829 INFO  server.AbstractConnector (AbstractConnector.java:doStart(278)) - Started ServerConnector@4ce25e47{HTTP/1.1,[http/1.1]}{0.0.0.0:36163}
2019-07-15 13:27:04,830 INFO  server.Server (Server.java:doStart(419)) - Started @6993ms
2019-07-15 13:27:04,831 INFO  server.BaseHttpServer (BaseHttpServer.java:updateConnectorAddress(207)) - HTTP server of HDDSDATANODE is listening at http://0.0.0.0:36163
2019-07-15 13:27:04,991 INFO  ozone.HddsDatanodeService (HddsDatanodeService.java:startPlugins(396)) - Started plug-in org.apache.hadoop.ozone.web.OzoneHddsDatanodeService@15d236fd
2019-07-15 13:27:04,992 INFO  impl.MetricsSystemImpl (MetricsSystemImpl.java:init(158)) - HddsDatanode metrics system started (again)
2019-07-15 13:27:04,994 INFO  ozone.HddsDatanodeService (HddsDatanodeService.java:start(185)) - HddsDatanodeService host:trunk-nightly-hvlc9-701369690 ip:192.168.157.240
2019-07-15 13:27:04,996 INFO  util.JvmPauseMonitor (JvmPauseMonitor.java:run(188)) - Starting JVM pause monitor
2019-07-15 13:27:04,999 INFO  datanode.InitDatanodeState (InitDatanodeState.java:persistContainerDatanodeDetails(140)) - DatanodeDetails is persisted to /workdir/hadoop-ozone/integration-test/target/test-dir/MiniOzoneClusterImpl-db8233b4-32fe-42d4-b03b-a856ad868dc3/datanode-4/meta/datanode.id
2019-07-15 13:27:05,003 INFO  volume.HddsVolume (HddsVolume.java:<init>(176)) - Creating Volume: /workdir/hadoop-ozone/integration-test/target/test-dir/MiniOzoneClusterImpl-db8233b4-32fe-42d4-b03b-a856ad868dc3/datanode-5/data/containers/hdds of  storage type : DISK and capacity : 52710309888
2019-07-15 13:27:05,004 INFO  volume.VolumeSet (VolumeSet.java:initializeVolumeSet(170)) - Added Volume : /workdir/hadoop-ozone/integration-test/target/test-dir/MiniOzoneClusterImpl-db8233b4-32fe-42d4-b03b-a856ad868dc3/datanode-5/data/containers/hdds to VolumeSet
2019-07-15 13:27:05,004 INFO  volume.ThrottledAsyncChecker (ThrottledAsyncChecker.java:schedule(140)) - Scheduling a check for org.apache.hadoop.ozone.container.common.volume.HddsVolume@33eb0d4
2019-07-15 13:27:05,005 INFO  volume.HddsVolumeChecker (HddsVolumeChecker.java:checkAllVolumes(203)) - Scheduled health check for volume org.apache.hadoop.ozone.container.common.volume.HddsVolume@33eb0d4
2019-07-15 13:27:05,021 INFO  impl.RaftServerProxy (ConfUtils.java:logGet(43)) - raft.rpc.type = GRPC (default)
2019-07-15 13:27:05,022 INFO  grpc.GrpcFactory (GrpcFactory.java:checkPooledByteBufAllocatorUseCacheForAllThreads(45)) - PERFORMANCE WARNING: useCacheForAllThreads is true that may cause Netty to create a lot garbage objects and, as a result, trigger GC.
	It is recommended to disable useCacheForAllThreads by setting -Dorg.apache.ratis.thirdparty.io.netty.allocator.useCacheForAllThreads=false in command line.
2019-07-15 13:27:05,022 INFO  grpc.GrpcConfigKeys$Server (ConfUtils.java:logGet(43)) - raft.grpc.server.port = 0 (default)
2019-07-15 13:27:05,022 INFO  server.GrpcService (ConfUtils.java:logGet(43)) - raft.grpc.message.size.max = 33570816 (custom)
2019-07-15 13:27:05,023 INFO  server.RaftServerConfigKeys (ConfUtils.java:logGet(43)) - raft.server.log.appender.buffer.byte-limit = 33554432 (custom)
2019-07-15 13:27:05,023 INFO  server.GrpcService (ConfUtils.java:logGet(43)) - raft.grpc.flow.control.window = 1MB (=1048576) (default)
2019-07-15 13:27:05,023 INFO  server.RaftServerConfigKeys (ConfUtils.java:logGet(43)) - raft.server.rpc.request.timeout = 3000ms (default)
2019-07-15 13:27:05,024 INFO  server.RaftServerConfigKeys (ConfUtils.java:logGet(43)) - raft.server.storage.dir = [/workdir/hadoop-ozone/integration-test/target/test-dir/MiniOzoneClusterImpl-db8233b4-32fe-42d4-b03b-a856ad868dc3/datanode-5/data/ratis] (custom)
2019-07-15 13:27:05,025 INFO  replication.SimpleContainerDownloader (SimpleContainerDownloader.java:<init>(72)) - Starting container downloader service to copy containers to replicate.
2019-07-15 13:27:05,026 INFO  hdfs.DFSUtil (DFSUtil.java:httpServerTemplateForNNAndJN(1641)) - Starting Web-server for hddsDatanode at: http://0.0.0.0:0
2019-07-15 13:27:05,028 INFO  server.AuthenticationFilter (AuthenticationFilter.java:constructSecretProvider(240)) - Unable to initialize FileSignerSecretProvider, falling back to use random secrets.
2019-07-15 13:27:05,029 WARN  http.HttpRequestLog (HttpRequestLog.java:getRequestLog(97)) - Jetty request log can only be enabled using Log4j
2019-07-15 13:27:05,031 INFO  http.HttpServer2 (HttpServer2.java:addGlobalFilter(975)) - Added global filter 'safety' (class=org.apache.hadoop.http.HttpServer2$QuotingInputFilter)
2019-07-15 13:27:05,032 INFO  http.HttpServer2 (HttpServer2.java:addFilter(948)) - Added filter static_user_filter (class=org.apache.hadoop.http.lib.StaticUserWebFilter$StaticUserFilter) to context hddsDatanode
2019-07-15 13:27:05,032 INFO  http.HttpServer2 (HttpServer2.java:addFilter(958)) - Added filter static_user_filter (class=org.apache.hadoop.http.lib.StaticUserWebFilter$StaticUserFilter) to context static
2019-07-15 13:27:05,033 INFO  http.HttpServer2 (HttpServer2.java:addFilter(958)) - Added filter static_user_filter (class=org.apache.hadoop.http.lib.StaticUserWebFilter$StaticUserFilter) to context logs
2019-07-15 13:27:05,034 INFO  http.HttpServer2 (HttpServer2.java:bindListener(1191)) - Jetty bound to port 38284
2019-07-15 13:27:05,034 INFO  server.Server (Server.java:doStart(351)) - jetty-9.3.24.v20180605, build timestamp: 2018-06-05T17:11:56Z, git hash: 84205aa28f11a4f31f2a3b86d1bba2cc8ab69827
2019-07-15 13:27:05,037 INFO  handler.ContextHandler (ContextHandler.java:doStart(781)) - Started o.e.j.s.ServletContextHandler@6885ed19{/logs,file:///workdir/hadoop-ozone/integration-test/target/log,AVAILABLE}
2019-07-15 13:27:05,037 INFO  handler.ContextHandler (ContextHandler.java:doStart(781)) - Started o.e.j.s.ServletContextHandler@2d4a3e13{/static,jar:file:/home/user/.m2/repository/org/apache/hadoop/hadoop-hdds-container-service/0.5.0-SNAPSHOT/hadoop-hdds-container-service-0.5.0-SNAPSHOT.jar!/webapps/static,AVAILABLE}
2019-07-15 13:27:05,077 INFO  handler.ContextHandler (ContextHandler.java:doStart(781)) - Started o.e.j.w.WebAppContext@561f9d92{/,file:///tmp/jetty-0.0.0.0-38284-hddsDatanode-_-any-235436434337766002.dir/webapp/,AVAILABLE}{/hddsDatanode}
2019-07-15 13:27:05,078 INFO  server.AbstractConnector (AbstractConnector.java:doStart(278)) - Started ServerConnector@1c84d80a{HTTP/1.1,[http/1.1]}{0.0.0.0:38284}
2019-07-15 13:27:05,078 INFO  server.Server (Server.java:doStart(419)) - Started @7241ms
2019-07-15 13:27:05,079 INFO  server.BaseHttpServer (BaseHttpServer.java:updateConnectorAddress(207)) - HTTP server of HDDSDATANODE is listening at http://0.0.0.0:38284
2019-07-15 13:27:05,221 INFO  ozone.HddsDatanodeService (HddsDatanodeService.java:startPlugins(396)) - Started plug-in org.apache.hadoop.ozone.web.OzoneHddsDatanodeService@16f15ae9
2019-07-15 13:27:05,221 INFO  impl.MetricsSystemImpl (MetricsSystemImpl.java:init(158)) - HddsDatanode metrics system started (again)
2019-07-15 13:27:05,224 INFO  ozone.HddsDatanodeService (HddsDatanodeService.java:start(185)) - HddsDatanodeService host:trunk-nightly-hvlc9-701369690 ip:192.168.157.240
2019-07-15 13:27:05,225 INFO  util.JvmPauseMonitor (JvmPauseMonitor.java:run(188)) - Starting JVM pause monitor
2019-07-15 13:27:05,228 INFO  datanode.InitDatanodeState (InitDatanodeState.java:persistContainerDatanodeDetails(140)) - DatanodeDetails is persisted to /workdir/hadoop-ozone/integration-test/target/test-dir/MiniOzoneClusterImpl-db8233b4-32fe-42d4-b03b-a856ad868dc3/datanode-5/meta/datanode.id
2019-07-15 13:27:05,237 INFO  volume.HddsVolume (HddsVolume.java:<init>(176)) - Creating Volume: /workdir/hadoop-ozone/integration-test/target/test-dir/MiniOzoneClusterImpl-db8233b4-32fe-42d4-b03b-a856ad868dc3/datanode-6/data/containers/hdds of  storage type : DISK and capacity : 52710309888
2019-07-15 13:27:05,237 INFO  volume.VolumeSet (VolumeSet.java:initializeVolumeSet(170)) - Added Volume : /workdir/hadoop-ozone/integration-test/target/test-dir/MiniOzoneClusterImpl-db8233b4-32fe-42d4-b03b-a856ad868dc3/datanode-6/data/containers/hdds to VolumeSet
2019-07-15 13:27:05,238 INFO  volume.ThrottledAsyncChecker (ThrottledAsyncChecker.java:schedule(140)) - Scheduling a check for org.apache.hadoop.ozone.container.common.volume.HddsVolume@2b79c8ff
2019-07-15 13:27:05,238 INFO  volume.HddsVolumeChecker (HddsVolumeChecker.java:checkAllVolumes(203)) - Scheduled health check for volume org.apache.hadoop.ozone.container.common.volume.HddsVolume@2b79c8ff
2019-07-15 13:27:05,311 INFO  impl.RaftServerProxy (ConfUtils.java:logGet(43)) - raft.rpc.type = GRPC (default)
2019-07-15 13:27:05,311 INFO  grpc.GrpcFactory (GrpcFactory.java:checkPooledByteBufAllocatorUseCacheForAllThreads(45)) - PERFORMANCE WARNING: useCacheForAllThreads is true that may cause Netty to create a lot garbage objects and, as a result, trigger GC.
	It is recommended to disable useCacheForAllThreads by setting -Dorg.apache.ratis.thirdparty.io.netty.allocator.useCacheForAllThreads=false in command line.
2019-07-15 13:27:05,312 INFO  grpc.GrpcConfigKeys$Server (ConfUtils.java:logGet(43)) - raft.grpc.server.port = 0 (default)
2019-07-15 13:27:05,313 INFO  server.GrpcService (ConfUtils.java:logGet(43)) - raft.grpc.message.size.max = 33570816 (custom)
2019-07-15 13:27:05,313 INFO  server.RaftServerConfigKeys (ConfUtils.java:logGet(43)) - raft.server.log.appender.buffer.byte-limit = 33554432 (custom)
2019-07-15 13:27:05,313 INFO  server.GrpcService (ConfUtils.java:logGet(43)) - raft.grpc.flow.control.window = 1MB (=1048576) (default)
2019-07-15 13:27:05,317 INFO  server.RaftServerConfigKeys (ConfUtils.java:logGet(43)) - raft.server.rpc.request.timeout = 3000ms (default)
2019-07-15 13:27:05,318 INFO  server.RaftServerConfigKeys (ConfUtils.java:logGet(43)) - raft.server.storage.dir = [/workdir/hadoop-ozone/integration-test/target/test-dir/MiniOzoneClusterImpl-db8233b4-32fe-42d4-b03b-a856ad868dc3/datanode-6/data/ratis] (custom)
2019-07-15 13:27:05,319 INFO  replication.SimpleContainerDownloader (SimpleContainerDownloader.java:<init>(72)) - Starting container downloader service to copy containers to replicate.
2019-07-15 13:27:05,321 INFO  hdfs.DFSUtil (DFSUtil.java:httpServerTemplateForNNAndJN(1641)) - Starting Web-server for hddsDatanode at: http://0.0.0.0:0
2019-07-15 13:27:05,326 INFO  server.AuthenticationFilter (AuthenticationFilter.java:constructSecretProvider(240)) - Unable to initialize FileSignerSecretProvider, falling back to use random secrets.
2019-07-15 13:27:05,327 WARN  http.HttpRequestLog (HttpRequestLog.java:getRequestLog(97)) - Jetty request log can only be enabled using Log4j
2019-07-15 13:27:05,330 INFO  http.HttpServer2 (HttpServer2.java:addGlobalFilter(975)) - Added global filter 'safety' (class=org.apache.hadoop.http.HttpServer2$QuotingInputFilter)
2019-07-15 13:27:05,331 INFO  http.HttpServer2 (HttpServer2.java:addFilter(948)) - Added filter static_user_filter (class=org.apache.hadoop.http.lib.StaticUserWebFilter$StaticUserFilter) to context hddsDatanode
2019-07-15 13:27:05,331 INFO  http.HttpServer2 (HttpServer2.java:addFilter(958)) - Added filter static_user_filter (class=org.apache.hadoop.http.lib.StaticUserWebFilter$StaticUserFilter) to context logs
2019-07-15 13:27:05,332 INFO  http.HttpServer2 (HttpServer2.java:addFilter(958)) - Added filter static_user_filter (class=org.apache.hadoop.http.lib.StaticUserWebFilter$StaticUserFilter) to context static
2019-07-15 13:27:05,334 INFO  http.HttpServer2 (HttpServer2.java:bindListener(1191)) - Jetty bound to port 34643
2019-07-15 13:27:05,334 INFO  server.Server (Server.java:doStart(351)) - jetty-9.3.24.v20180605, build timestamp: 2018-06-05T17:11:56Z, git hash: 84205aa28f11a4f31f2a3b86d1bba2cc8ab69827
2019-07-15 13:27:05,348 INFO  handler.ContextHandler (ContextHandler.java:doStart(781)) - Started o.e.j.s.ServletContextHandler@6568f998{/logs,file:///workdir/hadoop-ozone/integration-test/target/log,AVAILABLE}
2019-07-15 13:27:05,349 INFO  handler.ContextHandler (ContextHandler.java:doStart(781)) - Started o.e.j.s.ServletContextHandler@782fd504{/static,jar:file:/home/user/.m2/repository/org/apache/hadoop/hadoop-hdds-container-service/0.5.0-SNAPSHOT/hadoop-hdds-container-service-0.5.0-SNAPSHOT.jar!/webapps/static,AVAILABLE}
2019-07-15 13:27:05,393 INFO  handler.ContextHandler (ContextHandler.java:doStart(781)) - Started o.e.j.w.WebAppContext@418f0534{/,file:///tmp/jetty-0.0.0.0-34643-hddsDatanode-_-any-4370845050590737118.dir/webapp/,AVAILABLE}{/hddsDatanode}
2019-07-15 13:27:05,394 INFO  server.AbstractConnector (AbstractConnector.java:doStart(278)) - Started ServerConnector@3dfd7eaa{HTTP/1.1,[http/1.1]}{0.0.0.0:34643}
2019-07-15 13:27:05,395 INFO  server.Server (Server.java:doStart(419)) - Started @7558ms
2019-07-15 13:27:05,396 INFO  server.BaseHttpServer (BaseHttpServer.java:updateConnectorAddress(207)) - HTTP server of HDDSDATANODE is listening at http://0.0.0.0:34643
2019-07-15 13:27:05,528 INFO  ozone.HddsDatanodeService (HddsDatanodeService.java:startPlugins(396)) - Started plug-in org.apache.hadoop.ozone.web.OzoneHddsDatanodeService@28e7bb31
2019-07-15 13:27:05,531 INFO  ozone.MiniOzoneClusterImpl (MiniOzoneClusterImpl.java:lambda$waitForClusterToBeReady$0(142)) - Waiting for cluster to be ready. Got 0 of 7 DN Heartbeats.
2019-07-15 13:27:05,531 INFO  util.JvmPauseMonitor (JvmPauseMonitor.java:run(188)) - Starting JVM pause monitor
2019-07-15 13:27:05,534 INFO  datanode.InitDatanodeState (InitDatanodeState.java:persistContainerDatanodeDetails(140)) - DatanodeDetails is persisted to /workdir/hadoop-ozone/integration-test/target/test-dir/MiniOzoneClusterImpl-db8233b4-32fe-42d4-b03b-a856ad868dc3/datanode-6/meta/datanode.id
2019-07-15 13:27:06,105 INFO  ozoneimpl.OzoneContainer (OzoneContainer.java:start(186)) - Attempting to start container services.
2019-07-15 13:27:06,107 INFO  ozoneimpl.OzoneContainer (OzoneContainer.java:startContainerScrub(160)) - Background container scrubber has been disabled by hdds.containerscrub.enabled
2019-07-15 13:27:06,108 INFO  ratis.XceiverServerRatis (XceiverServerRatis.java:start(418)) - Starting XceiverServerRatis c796b250-bd8d-4171-9bfe-8e2128022b75 at port 0
2019-07-15 13:27:06,130 INFO  impl.RaftServerProxy (RaftServerProxy.java:lambda$start$3(299)) - c796b250-bd8d-4171-9bfe-8e2128022b75: start RPC server
2019-07-15 13:27:06,244 INFO  server.GrpcService (GrpcService.java:startImpl(149)) - c796b250-bd8d-4171-9bfe-8e2128022b75: GrpcService started, listening on 0.0.0.0/0.0.0.0:44407
2019-07-15 13:27:06,246 INFO  ratis.XceiverServerRatis (XceiverServerRatis.java:start(428)) - XceiverServerRatis c796b250-bd8d-4171-9bfe-8e2128022b75 is started using port 44407
2019-07-15 13:27:06,248 INFO  server.XceiverServerGrpc (XceiverServerGrpc.java:start(161)) - XceiverServerGrpc c796b250-bd8d-4171-9bfe-8e2128022b75 is started using port 37218
2019-07-15 13:27:06,277 INFO  ozoneimpl.OzoneContainer (OzoneContainer.java:start(186)) - Attempting to start container services.
2019-07-15 13:27:06,280 INFO  ozoneimpl.OzoneContainer (OzoneContainer.java:startContainerScrub(160)) - Background container scrubber has been disabled by hdds.containerscrub.enabled
2019-07-15 13:27:06,280 INFO  ratis.XceiverServerRatis (XceiverServerRatis.java:start(418)) - Starting XceiverServerRatis ca58aa5f-d246-4e10-80d5-cb1a2c0fb0a7 at port 0
2019-07-15 13:27:06,288 INFO  impl.RaftServerProxy (RaftServerProxy.java:lambda$start$3(299)) - ca58aa5f-d246-4e10-80d5-cb1a2c0fb0a7: start RPC server
2019-07-15 13:27:06,293 INFO  server.GrpcService (GrpcService.java:startImpl(149)) - ca58aa5f-d246-4e10-80d5-cb1a2c0fb0a7: GrpcService started, listening on 0.0.0.0/0.0.0.0:40638
2019-07-15 13:27:06,293 INFO  ratis.XceiverServerRatis (XceiverServerRatis.java:start(428)) - XceiverServerRatis ca58aa5f-d246-4e10-80d5-cb1a2c0fb0a7 is started using port 40638
2019-07-15 13:27:06,296 INFO  server.XceiverServerGrpc (XceiverServerGrpc.java:start(161)) - XceiverServerGrpc ca58aa5f-d246-4e10-80d5-cb1a2c0fb0a7 is started using port 43173
2019-07-15 13:27:06,509 INFO  ozoneimpl.OzoneContainer (OzoneContainer.java:start(186)) - Attempting to start container services.
2019-07-15 13:27:06,511 INFO  ozoneimpl.OzoneContainer (OzoneContainer.java:startContainerScrub(160)) - Background container scrubber has been disabled by hdds.containerscrub.enabled
2019-07-15 13:27:06,511 INFO  ratis.XceiverServerRatis (XceiverServerRatis.java:start(418)) - Starting XceiverServerRatis e372fc8d-0466-4805-bcd9-18ddd93608a2 at port 0
2019-07-15 13:27:06,520 INFO  impl.RaftServerProxy (RaftServerProxy.java:lambda$start$3(299)) - e372fc8d-0466-4805-bcd9-18ddd93608a2: start RPC server
2019-07-15 13:27:06,524 INFO  server.GrpcService (GrpcService.java:startImpl(149)) - e372fc8d-0466-4805-bcd9-18ddd93608a2: GrpcService started, listening on 0.0.0.0/0.0.0.0:35169
2019-07-15 13:27:06,524 INFO  ratis.XceiverServerRatis (XceiverServerRatis.java:start(428)) - XceiverServerRatis e372fc8d-0466-4805-bcd9-18ddd93608a2 is started using port 35169
2019-07-15 13:27:06,527 INFO  server.XceiverServerGrpc (XceiverServerGrpc.java:start(161)) - XceiverServerGrpc e372fc8d-0466-4805-bcd9-18ddd93608a2 is started using port 45304
2019-07-15 13:27:06,531 INFO  ozone.MiniOzoneClusterImpl (MiniOzoneClusterImpl.java:lambda$waitForClusterToBeReady$0(142)) - Waiting for cluster to be ready. Got 0 of 7 DN Heartbeats.
2019-07-15 13:27:06,753 INFO  ozoneimpl.OzoneContainer (OzoneContainer.java:start(186)) - Attempting to start container services.
2019-07-15 13:27:06,758 INFO  ozoneimpl.OzoneContainer (OzoneContainer.java:startContainerScrub(160)) - Background container scrubber has been disabled by hdds.containerscrub.enabled
2019-07-15 13:27:06,758 INFO  ratis.XceiverServerRatis (XceiverServerRatis.java:start(418)) - Starting XceiverServerRatis d4dde5ca-0464-4034-8921-3c14cd661a1e at port 0
2019-07-15 13:27:06,767 INFO  impl.RaftServerProxy (RaftServerProxy.java:lambda$start$3(299)) - d4dde5ca-0464-4034-8921-3c14cd661a1e: start RPC server
2019-07-15 13:27:06,770 INFO  server.GrpcService (GrpcService.java:startImpl(149)) - d4dde5ca-0464-4034-8921-3c14cd661a1e: GrpcService started, listening on 0.0.0.0/0.0.0.0:39973
2019-07-15 13:27:06,770 INFO  ratis.XceiverServerRatis (XceiverServerRatis.java:start(428)) - XceiverServerRatis d4dde5ca-0464-4034-8921-3c14cd661a1e is started using port 39973
2019-07-15 13:27:06,773 INFO  server.XceiverServerGrpc (XceiverServerGrpc.java:start(161)) - XceiverServerGrpc d4dde5ca-0464-4034-8921-3c14cd661a1e is started using port 39521
2019-07-15 13:27:07,013 INFO  ozoneimpl.OzoneContainer (OzoneContainer.java:start(186)) - Attempting to start container services.
2019-07-15 13:27:07,013 INFO  ozoneimpl.OzoneContainer (OzoneContainer.java:startContainerScrub(160)) - Background container scrubber has been disabled by hdds.containerscrub.enabled
2019-07-15 13:27:07,013 INFO  ratis.XceiverServerRatis (XceiverServerRatis.java:start(418)) - Starting XceiverServerRatis cd6ca1b0-e985-43dd-a8fd-5a7db7002121 at port 0
2019-07-15 13:27:07,023 INFO  impl.RaftServerProxy (RaftServerProxy.java:lambda$start$3(299)) - cd6ca1b0-e985-43dd-a8fd-5a7db7002121: start RPC server
2019-07-15 13:27:07,027 INFO  server.GrpcService (GrpcService.java:startImpl(149)) - cd6ca1b0-e985-43dd-a8fd-5a7db7002121: GrpcService started, listening on 0.0.0.0/0.0.0.0:41303
2019-07-15 13:27:07,028 INFO  ratis.XceiverServerRatis (XceiverServerRatis.java:start(428)) - XceiverServerRatis cd6ca1b0-e985-43dd-a8fd-5a7db7002121 is started using port 41303
2019-07-15 13:27:07,031 INFO  server.XceiverServerGrpc (XceiverServerGrpc.java:start(161)) - XceiverServerGrpc cd6ca1b0-e985-43dd-a8fd-5a7db7002121 is started using port 37569
2019-07-15 13:27:07,241 INFO  ozoneimpl.OzoneContainer (OzoneContainer.java:start(186)) - Attempting to start container services.
2019-07-15 13:27:07,242 INFO  ozoneimpl.OzoneContainer (OzoneContainer.java:startContainerScrub(160)) - Background container scrubber has been disabled by hdds.containerscrub.enabled
2019-07-15 13:27:07,242 INFO  ratis.XceiverServerRatis (XceiverServerRatis.java:start(418)) - Starting XceiverServerRatis 206de66f-4ae4-470e-83ff-8c47a5fcbe27 at port 0
2019-07-15 13:27:07,252 INFO  impl.RaftServerProxy (RaftServerProxy.java:lambda$start$3(299)) - 206de66f-4ae4-470e-83ff-8c47a5fcbe27: start RPC server
2019-07-15 13:27:07,256 INFO  server.GrpcService (GrpcService.java:startImpl(149)) - 206de66f-4ae4-470e-83ff-8c47a5fcbe27: GrpcService started, listening on 0.0.0.0/0.0.0.0:45958
2019-07-15 13:27:07,256 INFO  ratis.XceiverServerRatis (XceiverServerRatis.java:start(428)) - XceiverServerRatis 206de66f-4ae4-470e-83ff-8c47a5fcbe27 is started using port 45958
2019-07-15 13:27:07,260 INFO  server.XceiverServerGrpc (XceiverServerGrpc.java:start(161)) - XceiverServerGrpc 206de66f-4ae4-470e-83ff-8c47a5fcbe27 is started using port 33918
2019-07-15 13:27:07,532 INFO  ozone.MiniOzoneClusterImpl (MiniOzoneClusterImpl.java:lambda$waitForClusterToBeReady$0(142)) - Waiting for cluster to be ready. Got 0 of 7 DN Heartbeats.
2019-07-15 13:27:07,548 INFO  ozoneimpl.OzoneContainer (OzoneContainer.java:start(186)) - Attempting to start container services.
2019-07-15 13:27:07,549 INFO  ozoneimpl.OzoneContainer (OzoneContainer.java:startContainerScrub(160)) - Background container scrubber has been disabled by hdds.containerscrub.enabled
2019-07-15 13:27:07,549 INFO  ratis.XceiverServerRatis (XceiverServerRatis.java:start(418)) - Starting XceiverServerRatis 41dc9e21-3d1e-48c0-8395-67e48a0c3182 at port 0
2019-07-15 13:27:07,560 INFO  impl.RaftServerProxy (RaftServerProxy.java:lambda$start$3(299)) - 41dc9e21-3d1e-48c0-8395-67e48a0c3182: start RPC server
2019-07-15 13:27:07,564 INFO  server.GrpcService (GrpcService.java:startImpl(149)) - 41dc9e21-3d1e-48c0-8395-67e48a0c3182: GrpcService started, listening on 0.0.0.0/0.0.0.0:46198
2019-07-15 13:27:07,564 INFO  ratis.XceiverServerRatis (XceiverServerRatis.java:start(428)) - XceiverServerRatis 41dc9e21-3d1e-48c0-8395-67e48a0c3182 is started using port 46198
2019-07-15 13:27:07,568 INFO  server.XceiverServerGrpc (XceiverServerGrpc.java:start(161)) - XceiverServerGrpc 41dc9e21-3d1e-48c0-8395-67e48a0c3182 is started using port 35364
2019-07-15 13:27:08,075 INFO  net.NetworkTopology (NetworkTopologyImpl.java:add(110)) - Added a new node: /default-rack/192.168.157.240
2019-07-15 13:27:08,075 INFO  node.SCMNodeManager (SCMNodeManager.java:register(269)) - Registered Data node : c796b250-bd8d-4171-9bfe-8e2128022b75{ip: 192.168.157.240, host: trunk-nightly-hvlc9-701369690, networkLocation: /default-rack, certSerialId: null}
2019-07-15 13:27:08,084 INFO  safemode.SCMSafeModeManager (DataNodeSafeModeRule.java:process(71)) - SCM in safe mode. 1 DataNodes registered, 1 required.
2019-07-15 13:27:08,084 INFO  safemode.SCMSafeModeManager (SCMSafeModeManager.java:validateSafeModeExitRules(177)) - ScmSafeModeManager, all rules are successfully validated
2019-07-15 13:27:08,084 INFO  safemode.SCMSafeModeManager (SCMSafeModeManager.java:exitSafeMode(193)) - SCM exiting safe mode.
2019-07-15 13:27:08,264 INFO  node.SCMNodeManager (SCMNodeManager.java:register(269)) - Registered Data node : ca58aa5f-d246-4e10-80d5-cb1a2c0fb0a7{ip: 192.168.157.240, host: trunk-nightly-hvlc9-701369690, networkLocation: /default-rack, certSerialId: null}
2019-07-15 13:27:08,501 INFO  node.SCMNodeManager (SCMNodeManager.java:register(269)) - Registered Data node : e372fc8d-0466-4805-bcd9-18ddd93608a2{ip: 192.168.157.240, host: trunk-nightly-hvlc9-701369690, networkLocation: /default-rack, certSerialId: null}
2019-07-15 13:27:08,534 INFO  ozone.MiniOzoneClusterImpl (MiniOzoneClusterImpl.java:lambda$waitForClusterToBeReady$0(142)) - Waiting for cluster to be ready. Got 3 of 7 DN Heartbeats.
2019-07-15 13:27:08,719 INFO  impl.RaftServerProxy (RaftServerProxy.java:addNew(89)) - c796b250-bd8d-4171-9bfe-8e2128022b75: addNew group-D37F0F4CF748:[c796b250-bd8d-4171-9bfe-8e2128022b75:192.168.157.240:44407] returns group-D37F0F4CF748:java.util.concurrent.CompletableFuture@4be332c1[Not completed]
2019-07-15 13:27:09,122 INFO  node.SCMNodeManager (SCMNodeManager.java:register(269)) - Registered Data node : cd6ca1b0-e985-43dd-a8fd-5a7db7002121{ip: 192.168.157.240, host: trunk-nightly-hvlc9-701369690, networkLocation: /default-rack, certSerialId: null}
2019-07-15 13:27:09,122 INFO  node.SCMNodeManager (SCMNodeManager.java:register(269)) - Registered Data node : d4dde5ca-0464-4034-8921-3c14cd661a1e{ip: 192.168.157.240, host: trunk-nightly-hvlc9-701369690, networkLocation: /default-rack, certSerialId: null}
2019-07-15 13:27:09,128 INFO  impl.RaftServerImpl (RaftServerImpl.java:<init>(93)) - c796b250-bd8d-4171-9bfe-8e2128022b75: new RaftServerImpl for group-D37F0F4CF748:[c796b250-bd8d-4171-9bfe-8e2128022b75:192.168.157.240:44407] with ContainerStateMachine:uninitialized
2019-07-15 13:27:09,130 INFO  server.RaftServerConfigKeys (ConfUtils.java:logGet(43)) - raft.server.rpc.timeout.min = 5s (custom)
2019-07-15 13:27:09,132 INFO  server.RaftServerConfigKeys (ConfUtils.java:logGet(43)) - raft.server.rpc.timeout.max = 5200ms (custom)
2019-07-15 13:27:09,132 INFO  server.RaftServerConfigKeys (ConfUtils.java:logGet(43)) - raft.server.rpcslowness.timeout = 120s (custom)
2019-07-15 13:27:09,134 INFO  server.RaftServerConfigKeys (ConfUtils.java:logGet(43)) - raft.server.sleep.deviation.threshold = 300 (default)
2019-07-15 13:27:09,135 INFO  server.RaftServerConfigKeys (ConfUtils.java:logGet(43)) - raft.server.log.appender.install.snapshot.enabled = false (custom)
2019-07-15 13:27:09,145 INFO  impl.RaftServerImpl (ServerState.java:<init>(105)) - c796b250-bd8d-4171-9bfe-8e2128022b75:group-D37F0F4CF748 ConfigurationManager, init=-1: [c796b250-bd8d-4171-9bfe-8e2128022b75:192.168.157.240:44407], old=null, confs=<EMPTY_MAP>
2019-07-15 13:27:09,145 INFO  server.RaftServerConfigKeys (ConfUtils.java:logGet(43)) - raft.server.storage.dir = [/workdir/hadoop-ozone/integration-test/target/test-dir/MiniOzoneClusterImpl-db8233b4-32fe-42d4-b03b-a856ad868dc3/datanode-0/data/ratis] (custom)
2019-07-15 13:27:09,154 INFO  storage.RaftStorageDirectory (RaftStorageDirectory.java:analyzeStorage(246)) - The storage directory /workdir/hadoop-ozone/integration-test/target/test-dir/MiniOzoneClusterImpl-db8233b4-32fe-42d4-b03b-a856ad868dc3/datanode-0/data/ratis/99c76201-5961-4d8f-9c40-d37f0f4cf748 does not exist. Creating ...
2019-07-15 13:27:09,173 INFO  storage.RaftStorageDirectory (RaftStorageDirectory.java:tryLock(328)) - Lock on /workdir/hadoop-ozone/integration-test/target/test-dir/MiniOzoneClusterImpl-db8233b4-32fe-42d4-b03b-a856ad868dc3/datanode-0/data/ratis/99c76201-5961-4d8f-9c40-d37f0f4cf748/in_use.lock acquired by nodename 24799@trunk-nightly-hvlc9-701369690
2019-07-15 13:27:09,189 INFO  storage.RaftStorage (RaftStorage.java:format(72)) - Storage directory /workdir/hadoop-ozone/integration-test/target/test-dir/MiniOzoneClusterImpl-db8233b4-32fe-42d4-b03b-a856ad868dc3/datanode-0/data/ratis/99c76201-5961-4d8f-9c40-d37f0f4cf748 has been successfully formatted.
2019-07-15 13:27:09,191 INFO  ratis.ContainerStateMachine (ContainerStateMachine.java:loadSnapshot(200)) - group-D37F0F4CF748: The snapshot info is null. Setting the last applied indexto:(t:0, i:~)
2019-07-15 13:27:09,191 INFO  server.RaftServerConfigKeys (ConfUtils.java:logGet(43)) - raft.server.leader.election.timeout = 120s (custom)
2019-07-15 13:27:09,193 INFO  server.RaftServerConfigKeys (ConfUtils.java:logGet(43)) - raft.server.log.use.memory = false (default)
2019-07-15 13:27:09,198 INFO  server.RaftServerConfigKeys (ConfUtils.java:logGet(43)) - raft.server.log.purge.gap = 1000000000 (custom)
2019-07-15 13:27:09,198 INFO  server.RaftServerConfigKeys (ConfUtils.java:logGet(43)) - raft.server.log.appender.buffer.byte-limit = 33554432 (custom)
2019-07-15 13:27:09,200 INFO  server.RaftServerConfigKeys (ConfUtils.java:logGet(43)) - raft.server.log.segment.size.max = 1048576 (custom)
2019-07-15 13:27:09,204 INFO  server.RaftServerConfigKeys (ConfUtils.java:logGet(43)) - raft.server.log.segment.cache.num.max = 2 (custom)
2019-07-15 13:27:09,210 INFO  segmented.SegmentedRaftLogWorker (SegmentedRaftLogWorker.java:<init>(172)) - new c796b250-bd8d-4171-9bfe-8e2128022b75-SegmentedRaftLogWorker:Storage Directory /workdir/hadoop-ozone/integration-test/target/test-dir/MiniOzoneClusterImpl-db8233b4-32fe-42d4-b03b-a856ad868dc3/datanode-0/data/ratis/99c76201-5961-4d8f-9c40-d37f0f4cf748 for RaftStorage:Storage Directory /workdir/hadoop-ozone/integration-test/target/test-dir/MiniOzoneClusterImpl-db8233b4-32fe-42d4-b03b-a856ad868dc3/datanode-0/data/ratis/99c76201-5961-4d8f-9c40-d37f0f4cf748
2019-07-15 13:27:09,221 INFO  server.RaftServerConfigKeys (ConfUtils.java:logGet(43)) - raft.server.log.queue.byte-limit = 2147483647 (custom)
2019-07-15 13:27:09,221 INFO  server.RaftServerConfigKeys (ConfUtils.java:logGet(43)) - raft.server.log.queue.element-limit = 1024 (custom)
2019-07-15 13:27:09,225 INFO  server.RaftServerConfigKeys (ConfUtils.java:logGet(43)) - raft.server.log.segment.size.max = 1048576 (custom)
2019-07-15 13:27:09,228 INFO  server.RaftServerConfigKeys (ConfUtils.java:logGet(43)) - raft.server.log.preallocated.size = 16384 (custom)
2019-07-15 13:27:09,228 INFO  server.RaftServerConfigKeys (ConfUtils.java:logGet(43)) - raft.server.log.write.buffer.size = 33554432 (custom)
2019-07-15 13:27:09,228 INFO  node.SCMNodeManager (SCMNodeManager.java:register(269)) - Registered Data node : 206de66f-4ae4-470e-83ff-8c47a5fcbe27{ip: 192.168.157.240, host: trunk-nightly-hvlc9-701369690, networkLocation: /default-rack, certSerialId: null}
2019-07-15 13:27:09,230 INFO  server.RaftServerConfigKeys (ConfUtils.java:logGet(43)) - raft.server.log.force.sync.num = 128 (default)
2019-07-15 13:27:09,231 INFO  server.RaftServerConfigKeys (ConfUtils.java:logGet(43)) - raft.server.log.statemachine.data.sync = true (default)
2019-07-15 13:27:09,231 INFO  server.RaftServerConfigKeys (ConfUtils.java:logGet(43)) - raft.server.log.statemachine.data.sync.timeout = 10s (default)
2019-07-15 13:27:09,232 INFO  server.RaftServerConfigKeys (ConfUtils.java:logGet(43)) - raft.server.log.statemachine.data.sync.timeout.retry = -1 (default)
2019-07-15 13:27:09,240 INFO  server.RaftServerConfigKeys (ConfUtils.java:logGet(43)) - raft.server.log.statemachine.data.caching.enabled = true (custom)
2019-07-15 13:27:09,244 INFO  segmented.SegmentedRaftLogWorker (SegmentedRaftLogWorker.java:lambda$new$0(132)) - c796b250-bd8d-4171-9bfe-8e2128022b75-SegmentedRaftLogWorker:Storage Directory /workdir/hadoop-ozone/integration-test/target/test-dir/MiniOzoneClusterImpl-db8233b4-32fe-42d4-b03b-a856ad868dc3/datanode-0/data/ratis/99c76201-5961-4d8f-9c40-d37f0f4cf748: flushIndex: setUnconditionally 0 -> -1
2019-07-15 13:27:09,248 INFO  server.RaftServerConfigKeys (ConfUtils.java:logGet(43)) - raft.server.snapshot.auto.trigger.enabled = true (custom)
2019-07-15 13:27:09,249 INFO  server.RaftServerConfigKeys (ConfUtils.java:logGet(43)) - raft.server.snapshot.auto.trigger.threshold = 10000 (custom)
2019-07-15 13:27:09,249 INFO  server.RaftServerConfigKeys (ConfUtils.java:logGet(43)) - raft.server.retrycache.expirytime = 600000ms (custom)
2019-07-15 13:27:09,268 INFO  impl.RaftServerImpl (RaftServerImpl.java:start(180)) - c796b250-bd8d-4171-9bfe-8e2128022b75: start group-D37F0F4CF748
2019-07-15 13:27:09,269 INFO  impl.RaftServerImpl (RaftServerImpl.java:setRole(171)) - c796b250-bd8d-4171-9bfe-8e2128022b75:group-D37F0F4CF748 changes role from null to FOLLOWER at term 0 for startAsFollower
2019-07-15 13:27:09,270 INFO  impl.RoleInfo (RoleInfo.java:updateAndGet(143)) - c796b250-bd8d-4171-9bfe-8e2128022b75: start FollowerState
2019-07-15 13:27:09,271 INFO  util.JmxRegister (JmxRegister.java:tryRegister(44)) - Successfully registered JMX Bean with object name Ratis:service=RaftServer,group=group-D37F0F4CF748,id=c796b250-bd8d-4171-9bfe-8e2128022b75
2019-07-15 13:27:09,340 INFO  pipeline.PipelineStateManager (PipelineStateManager.java:addPipeline(56)) - Created pipeline Pipeline[ Id: 99c76201-5961-4d8f-9c40-d37f0f4cf748, Nodes: c796b250-bd8d-4171-9bfe-8e2128022b75{ip: 192.168.157.240, host: trunk-nightly-hvlc9-701369690, networkLocation: /default-rack, certSerialId: null}, Type:RATIS, Factor:ONE, State:OPEN]
2019-07-15 13:27:09,380 INFO  impl.RaftServerProxy (RaftServerProxy.java:addNew(89)) - cd6ca1b0-e985-43dd-a8fd-5a7db7002121: addNew group-A6721B4DC215:[cd6ca1b0-e985-43dd-a8fd-5a7db7002121:192.168.157.240:41303] returns group-A6721B4DC215:java.util.concurrent.CompletableFuture@7185f602[Not completed]
2019-07-15 13:27:09,435 INFO  impl.RaftServerImpl (RaftServerImpl.java:<init>(93)) - cd6ca1b0-e985-43dd-a8fd-5a7db7002121: new RaftServerImpl for group-A6721B4DC215:[cd6ca1b0-e985-43dd-a8fd-5a7db7002121:192.168.157.240:41303] with ContainerStateMachine:uninitialized
2019-07-15 13:27:09,436 INFO  server.RaftServerConfigKeys (ConfUtils.java:logGet(43)) - raft.server.rpc.timeout.min = 5s (custom)
2019-07-15 13:27:09,437 INFO  server.RaftServerConfigKeys (ConfUtils.java:logGet(43)) - raft.server.rpc.timeout.max = 5200ms (custom)
2019-07-15 13:27:09,437 INFO  server.RaftServerConfigKeys (ConfUtils.java:logGet(43)) - raft.server.rpcslowness.timeout = 120s (custom)
2019-07-15 13:27:09,437 INFO  server.RaftServerConfigKeys (ConfUtils.java:logGet(43)) - raft.server.sleep.deviation.threshold = 300 (default)
2019-07-15 13:27:09,437 INFO  server.RaftServerConfigKeys (ConfUtils.java:logGet(43)) - raft.server.log.appender.install.snapshot.enabled = false (custom)
2019-07-15 13:27:09,437 INFO  impl.RaftServerImpl (ServerState.java:<init>(105)) - cd6ca1b0-e985-43dd-a8fd-5a7db7002121:group-A6721B4DC215 ConfigurationManager, init=-1: [cd6ca1b0-e985-43dd-a8fd-5a7db7002121:192.168.157.240:41303], old=null, confs=<EMPTY_MAP>
2019-07-15 13:27:09,437 INFO  server.RaftServerConfigKeys (ConfUtils.java:logGet(43)) - raft.server.storage.dir = [/workdir/hadoop-ozone/integration-test/target/test-dir/MiniOzoneClusterImpl-db8233b4-32fe-42d4-b03b-a856ad868dc3/datanode-4/data/ratis] (custom)
2019-07-15 13:27:09,438 INFO  storage.RaftStorageDirectory (RaftStorageDirectory.java:analyzeStorage(246)) - The storage directory /workdir/hadoop-ozone/integration-test/target/test-dir/MiniOzoneClusterImpl-db8233b4-32fe-42d4-b03b-a856ad868dc3/datanode-4/data/ratis/ef3a20d3-70b3-4c8d-ba43-a6721b4dc215 does not exist. Creating ...
2019-07-15 13:27:09,452 INFO  storage.RaftStorageDirectory (RaftStorageDirectory.java:tryLock(328)) - Lock on /workdir/hadoop-ozone/integration-test/target/test-dir/MiniOzoneClusterImpl-db8233b4-32fe-42d4-b03b-a856ad868dc3/datanode-4/data/ratis/ef3a20d3-70b3-4c8d-ba43-a6721b4dc215/in_use.lock acquired by nodename 24799@trunk-nightly-hvlc9-701369690
2019-07-15 13:27:09,465 INFO  storage.RaftStorage (RaftStorage.java:format(72)) - Storage directory /workdir/hadoop-ozone/integration-test/target/test-dir/MiniOzoneClusterImpl-db8233b4-32fe-42d4-b03b-a856ad868dc3/datanode-4/data/ratis/ef3a20d3-70b3-4c8d-ba43-a6721b4dc215 has been successfully formatted.
2019-07-15 13:27:09,467 INFO  ratis.ContainerStateMachine (ContainerStateMachine.java:loadSnapshot(200)) - group-A6721B4DC215: The snapshot info is null. Setting the last applied indexto:(t:0, i:~)
2019-07-15 13:27:09,468 INFO  server.RaftServerConfigKeys (ConfUtils.java:logGet(43)) - raft.server.leader.election.timeout = 120s (custom)
2019-07-15 13:27:09,469 INFO  server.RaftServerConfigKeys (ConfUtils.java:logGet(43)) - raft.server.log.use.memory = false (default)
2019-07-15 13:27:09,469 INFO  server.RaftServerConfigKeys (ConfUtils.java:logGet(43)) - raft.server.log.purge.gap = 1000000000 (custom)
2019-07-15 13:27:09,469 INFO  server.RaftServerConfigKeys (ConfUtils.java:logGet(43)) - raft.server.log.appender.buffer.byte-limit = 33554432 (custom)
2019-07-15 13:27:09,469 INFO  server.RaftServerConfigKeys (ConfUtils.java:logGet(43)) - raft.server.log.segment.size.max = 1048576 (custom)
2019-07-15 13:27:09,469 INFO  server.RaftServerConfigKeys (ConfUtils.java:logGet(43)) - raft.server.log.segment.cache.num.max = 2 (custom)
2019-07-15 13:27:09,469 INFO  segmented.SegmentedRaftLogWorker (SegmentedRaftLogWorker.java:<init>(172)) - new cd6ca1b0-e985-43dd-a8fd-5a7db7002121-SegmentedRaftLogWorker:Storage Directory /workdir/hadoop-ozone/integration-test/target/test-dir/MiniOzoneClusterImpl-db8233b4-32fe-42d4-b03b-a856ad868dc3/datanode-4/data/ratis/ef3a20d3-70b3-4c8d-ba43-a6721b4dc215 for RaftStorage:Storage Directory /workdir/hadoop-ozone/integration-test/target/test-dir/MiniOzoneClusterImpl-db8233b4-32fe-42d4-b03b-a856ad868dc3/datanode-4/data/ratis/ef3a20d3-70b3-4c8d-ba43-a6721b4dc215
2019-07-15 13:27:09,471 INFO  server.RaftServerConfigKeys (ConfUtils.java:logGet(43)) - raft.server.log.queue.byte-limit = 2147483647 (custom)
2019-07-15 13:27:09,472 INFO  server.RaftServerConfigKeys (ConfUtils.java:logGet(43)) - raft.server.log.queue.element-limit = 1024 (custom)
2019-07-15 13:27:09,472 INFO  server.RaftServerConfigKeys (ConfUtils.java:logGet(43)) - raft.server.log.segment.size.max = 1048576 (custom)
2019-07-15 13:27:09,472 INFO  server.RaftServerConfigKeys (ConfUtils.java:logGet(43)) - raft.server.log.preallocated.size = 16384 (custom)
2019-07-15 13:27:09,472 INFO  server.RaftServerConfigKeys (ConfUtils.java:logGet(43)) - raft.server.log.write.buffer.size = 33554432 (custom)
2019-07-15 13:27:09,472 INFO  server.RaftServerConfigKeys (ConfUtils.java:logGet(43)) - raft.server.log.force.sync.num = 128 (default)
2019-07-15 13:27:09,472 INFO  server.RaftServerConfigKeys (ConfUtils.java:logGet(43)) - raft.server.log.statemachine.data.sync = true (default)
2019-07-15 13:27:09,473 INFO  server.RaftServerConfigKeys (ConfUtils.java:logGet(43)) - raft.server.log.statemachine.data.sync.timeout = 10s (default)
2019-07-15 13:27:09,473 INFO  server.RaftServerConfigKeys (ConfUtils.java:logGet(43)) - raft.server.log.statemachine.data.sync.timeout.retry = -1 (default)
2019-07-15 13:27:09,473 INFO  server.RaftServerConfigKeys (ConfUtils.java:logGet(43)) - raft.server.log.statemachine.data.caching.enabled = true (custom)
2019-07-15 13:27:09,474 INFO  segmented.SegmentedRaftLogWorker (SegmentedRaftLogWorker.java:lambda$new$0(132)) - cd6ca1b0-e985-43dd-a8fd-5a7db7002121-SegmentedRaftLogWorker:Storage Directory /workdir/hadoop-ozone/integration-test/target/test-dir/MiniOzoneClusterImpl-db8233b4-32fe-42d4-b03b-a856ad868dc3/datanode-4/data/ratis/ef3a20d3-70b3-4c8d-ba43-a6721b4dc215: flushIndex: setUnconditionally 0 -> -1
2019-07-15 13:27:09,474 INFO  server.RaftServerConfigKeys (ConfUtils.java:logGet(43)) - raft.server.snapshot.auto.trigger.enabled = true (custom)
2019-07-15 13:27:09,474 INFO  server.RaftServerConfigKeys (ConfUtils.java:logGet(43)) - raft.server.snapshot.auto.trigger.threshold = 10000 (custom)
2019-07-15 13:27:09,474 INFO  server.RaftServerConfigKeys (ConfUtils.java:logGet(43)) - raft.server.retrycache.expirytime = 600000ms (custom)
2019-07-15 13:27:09,474 INFO  impl.RaftServerImpl (RaftServerImpl.java:start(180)) - cd6ca1b0-e985-43dd-a8fd-5a7db7002121: start group-A6721B4DC215
2019-07-15 13:27:09,475 INFO  impl.RaftServerImpl (RaftServerImpl.java:setRole(171)) - cd6ca1b0-e985-43dd-a8fd-5a7db7002121:group-A6721B4DC215 changes role from null to FOLLOWER at term 0 for startAsFollower
2019-07-15 13:27:09,475 INFO  impl.RoleInfo (RoleInfo.java:updateAndGet(143)) - cd6ca1b0-e985-43dd-a8fd-5a7db7002121: start FollowerState
2019-07-15 13:27:09,477 INFO  util.JmxRegister (JmxRegister.java:tryRegister(44)) - Successfully registered JMX Bean with object name Ratis:service=RaftServer,group=group-A6721B4DC215,id=cd6ca1b0-e985-43dd-a8fd-5a7db7002121
2019-07-15 13:27:09,498 INFO  pipeline.PipelineStateManager (PipelineStateManager.java:addPipeline(56)) - Created pipeline Pipeline[ Id: ef3a20d3-70b3-4c8d-ba43-a6721b4dc215, Nodes: cd6ca1b0-e985-43dd-a8fd-5a7db7002121{ip: 192.168.157.240, host: trunk-nightly-hvlc9-701369690, networkLocation: /default-rack, certSerialId: null}, Type:RATIS, Factor:ONE, State:OPEN]
2019-07-15 13:27:09,526 INFO  impl.RaftServerProxy (RaftServerProxy.java:addNew(89)) - ca58aa5f-d246-4e10-80d5-cb1a2c0fb0a7: addNew group-39AFADB6C619:[ca58aa5f-d246-4e10-80d5-cb1a2c0fb0a7:192.168.157.240:40638] returns group-39AFADB6C619:java.util.concurrent.CompletableFuture@3b9e395f[Not completed]
2019-07-15 13:27:09,536 INFO  ozone.MiniOzoneClusterImpl (MiniOzoneClusterImpl.java:lambda$waitForClusterToBeReady$0(142)) - Waiting for cluster to be ready. Got 6 of 7 DN Heartbeats.
2019-07-15 13:27:09,538 INFO  impl.RaftServerImpl (RaftServerImpl.java:<init>(93)) - ca58aa5f-d246-4e10-80d5-cb1a2c0fb0a7: new RaftServerImpl for group-39AFADB6C619:[ca58aa5f-d246-4e10-80d5-cb1a2c0fb0a7:192.168.157.240:40638] with ContainerStateMachine:uninitialized
2019-07-15 13:27:09,538 INFO  server.RaftServerConfigKeys (ConfUtils.java:logGet(43)) - raft.server.rpc.timeout.min = 5s (custom)
2019-07-15 13:27:09,538 INFO  server.RaftServerConfigKeys (ConfUtils.java:logGet(43)) - raft.server.rpc.timeout.max = 5200ms (custom)
2019-07-15 13:27:09,538 INFO  server.RaftServerConfigKeys (ConfUtils.java:logGet(43)) - raft.server.rpcslowness.timeout = 120s (custom)
2019-07-15 13:27:09,538 INFO  server.RaftServerConfigKeys (ConfUtils.java:logGet(43)) - raft.server.sleep.deviation.threshold = 300 (default)
2019-07-15 13:27:09,538 INFO  server.RaftServerConfigKeys (ConfUtils.java:logGet(43)) - raft.server.log.appender.install.snapshot.enabled = false (custom)
2019-07-15 13:27:09,539 INFO  impl.RaftServerImpl (ServerState.java:<init>(105)) - ca58aa5f-d246-4e10-80d5-cb1a2c0fb0a7:group-39AFADB6C619 ConfigurationManager, init=-1: [ca58aa5f-d246-4e10-80d5-cb1a2c0fb0a7:192.168.157.240:40638], old=null, confs=<EMPTY_MAP>
2019-07-15 13:27:09,539 INFO  node.SCMNodeManager (SCMNodeManager.java:register(269)) - Registered Data node : 41dc9e21-3d1e-48c0-8395-67e48a0c3182{ip: 192.168.157.240, host: trunk-nightly-hvlc9-701369690, networkLocation: /default-rack, certSerialId: null}
2019-07-15 13:27:09,539 INFO  server.RaftServerConfigKeys (ConfUtils.java:logGet(43)) - raft.server.storage.dir = [/workdir/hadoop-ozone/integration-test/target/test-dir/MiniOzoneClusterImpl-db8233b4-32fe-42d4-b03b-a856ad868dc3/datanode-1/data/ratis] (custom)
2019-07-15 13:27:09,539 INFO  storage.RaftStorageDirectory (RaftStorageDirectory.java:analyzeStorage(246)) - The storage directory /workdir/hadoop-ozone/integration-test/target/test-dir/MiniOzoneClusterImpl-db8233b4-32fe-42d4-b03b-a856ad868dc3/datanode-1/data/ratis/453b5e83-3055-4001-9961-39afadb6c619 does not exist. Creating ...
2019-07-15 13:27:09,553 INFO  storage.RaftStorageDirectory (RaftStorageDirectory.java:tryLock(328)) - Lock on /workdir/hadoop-ozone/integration-test/target/test-dir/MiniOzoneClusterImpl-db8233b4-32fe-42d4-b03b-a856ad868dc3/datanode-1/data/ratis/453b5e83-3055-4001-9961-39afadb6c619/in_use.lock acquired by nodename 24799@trunk-nightly-hvlc9-701369690
2019-07-15 13:27:09,566 INFO  storage.RaftStorage (RaftStorage.java:format(72)) - Storage directory /workdir/hadoop-ozone/integration-test/target/test-dir/MiniOzoneClusterImpl-db8233b4-32fe-42d4-b03b-a856ad868dc3/datanode-1/data/ratis/453b5e83-3055-4001-9961-39afadb6c619 has been successfully formatted.
2019-07-15 13:27:09,566 INFO  ratis.ContainerStateMachine (ContainerStateMachine.java:loadSnapshot(200)) - group-39AFADB6C619: The snapshot info is null. Setting the last applied indexto:(t:0, i:~)
2019-07-15 13:27:09,567 INFO  server.RaftServerConfigKeys (ConfUtils.java:logGet(43)) - raft.server.leader.election.timeout = 120s (custom)
2019-07-15 13:27:09,567 INFO  server.RaftServerConfigKeys (ConfUtils.java:logGet(43)) - raft.server.log.use.memory = false (default)
2019-07-15 13:27:09,567 INFO  server.RaftServerConfigKeys (ConfUtils.java:logGet(43)) - raft.server.log.purge.gap = 1000000000 (custom)
2019-07-15 13:27:09,567 INFO  server.RaftServerConfigKeys (ConfUtils.java:logGet(43)) - raft.server.log.appender.buffer.byte-limit = 33554432 (custom)
2019-07-15 13:27:09,568 INFO  server.RaftServerConfigKeys (ConfUtils.java:logGet(43)) - raft.server.log.segment.size.max = 1048576 (custom)
2019-07-15 13:27:09,568 INFO  server.RaftServerConfigKeys (ConfUtils.java:logGet(43)) - raft.server.log.segment.cache.num.max = 2 (custom)
2019-07-15 13:27:09,568 INFO  segmented.SegmentedRaftLogWorker (SegmentedRaftLogWorker.java:<init>(172)) - new ca58aa5f-d246-4e10-80d5-cb1a2c0fb0a7-SegmentedRaftLogWorker:Storage Directory /workdir/hadoop-ozone/integration-test/target/test-dir/MiniOzoneClusterImpl-db8233b4-32fe-42d4-b03b-a856ad868dc3/datanode-1/data/ratis/453b5e83-3055-4001-9961-39afadb6c619 for RaftStorage:Storage Directory /workdir/hadoop-ozone/integration-test/target/test-dir/MiniOzoneClusterImpl-db8233b4-32fe-42d4-b03b-a856ad868dc3/datanode-1/data/ratis/453b5e83-3055-4001-9961-39afadb6c619
2019-07-15 13:27:09,568 INFO  server.RaftServerConfigKeys (ConfUtils.java:logGet(43)) - raft.server.log.queue.byte-limit = 2147483647 (custom)
2019-07-15 13:27:09,569 INFO  server.RaftServerConfigKeys (ConfUtils.java:logGet(43)) - raft.server.log.queue.element-limit = 1024 (custom)
2019-07-15 13:27:09,569 INFO  server.RaftServerConfigKeys (ConfUtils.java:logGet(43)) - raft.server.log.segment.size.max = 1048576 (custom)
2019-07-15 13:27:09,569 INFO  server.RaftServerConfigKeys (ConfUtils.java:logGet(43)) - raft.server.log.preallocated.size = 16384 (custom)
2019-07-15 13:27:09,570 INFO  server.RaftServerConfigKeys (ConfUtils.java:logGet(43)) - raft.server.log.write.buffer.size = 33554432 (custom)
2019-07-15 13:27:09,570 INFO  server.RaftServerConfigKeys (ConfUtils.java:logGet(43)) - raft.server.log.force.sync.num = 128 (default)
2019-07-15 13:27:09,570 INFO  server.RaftServerConfigKeys (ConfUtils.java:logGet(43)) - raft.server.log.statemachine.data.sync = true (default)
2019-07-15 13:27:09,570 INFO  server.RaftServerConfigKeys (ConfUtils.java:logGet(43)) - raft.server.log.statemachine.data.sync.timeout = 10s (default)
2019-07-15 13:27:09,571 INFO  server.RaftServerConfigKeys (ConfUtils.java:logGet(43)) - raft.server.log.statemachine.data.sync.timeout.retry = -1 (default)
2019-07-15 13:27:09,571 INFO  server.RaftServerConfigKeys (ConfUtils.java:logGet(43)) - raft.server.log.statemachine.data.caching.enabled = true (custom)
2019-07-15 13:27:09,572 INFO  segmented.SegmentedRaftLogWorker (SegmentedRaftLogWorker.java:lambda$new$0(132)) - ca58aa5f-d246-4e10-80d5-cb1a2c0fb0a7-SegmentedRaftLogWorker:Storage Directory /workdir/hadoop-ozone/integration-test/target/test-dir/MiniOzoneClusterImpl-db8233b4-32fe-42d4-b03b-a856ad868dc3/datanode-1/data/ratis/453b5e83-3055-4001-9961-39afadb6c619: flushIndex: setUnconditionally 0 -> -1
2019-07-15 13:27:09,572 INFO  server.RaftServerConfigKeys (ConfUtils.java:logGet(43)) - raft.server.snapshot.auto.trigger.enabled = true (custom)
2019-07-15 13:27:09,572 INFO  server.RaftServerConfigKeys (ConfUtils.java:logGet(43)) - raft.server.snapshot.auto.trigger.threshold = 10000 (custom)
2019-07-15 13:27:09,573 INFO  server.RaftServerConfigKeys (ConfUtils.java:logGet(43)) - raft.server.retrycache.expirytime = 600000ms (custom)
2019-07-15 13:27:09,573 INFO  impl.RaftServerImpl (RaftServerImpl.java:start(180)) - ca58aa5f-d246-4e10-80d5-cb1a2c0fb0a7: start group-39AFADB6C619
2019-07-15 13:27:09,573 INFO  impl.RaftServerImpl (RaftServerImpl.java:setRole(171)) - ca58aa5f-d246-4e10-80d5-cb1a2c0fb0a7:group-39AFADB6C619 changes role from null to FOLLOWER at term 0 for startAsFollower
2019-07-15 13:27:09,573 INFO  impl.RoleInfo (RoleInfo.java:updateAndGet(143)) - ca58aa5f-d246-4e10-80d5-cb1a2c0fb0a7: start FollowerState
2019-07-15 13:27:09,574 INFO  util.JmxRegister (JmxRegister.java:tryRegister(44)) - Successfully registered JMX Bean with object name Ratis:service=RaftServer,group=group-39AFADB6C619,id=ca58aa5f-d246-4e10-80d5-cb1a2c0fb0a7
2019-07-15 13:27:09,587 INFO  pipeline.PipelineStateManager (PipelineStateManager.java:addPipeline(56)) - Created pipeline Pipeline[ Id: 453b5e83-3055-4001-9961-39afadb6c619, Nodes: ca58aa5f-d246-4e10-80d5-cb1a2c0fb0a7{ip: 192.168.157.240, host: trunk-nightly-hvlc9-701369690, networkLocation: /default-rack, certSerialId: null}, Type:RATIS, Factor:ONE, State:OPEN]
2019-07-15 13:27:09,608 INFO  impl.RaftServerProxy (RaftServerProxy.java:addNew(89)) - d4dde5ca-0464-4034-8921-3c14cd661a1e: addNew group-C39A4830A04F:[d4dde5ca-0464-4034-8921-3c14cd661a1e:192.168.157.240:39973] returns group-C39A4830A04F:java.util.concurrent.CompletableFuture@23db171[Not completed]
2019-07-15 13:27:09,610 INFO  impl.RaftServerImpl (RaftServerImpl.java:<init>(93)) - d4dde5ca-0464-4034-8921-3c14cd661a1e: new RaftServerImpl for group-C39A4830A04F:[d4dde5ca-0464-4034-8921-3c14cd661a1e:192.168.157.240:39973] with ContainerStateMachine:uninitialized
2019-07-15 13:27:09,610 INFO  server.RaftServerConfigKeys (ConfUtils.java:logGet(43)) - raft.server.rpc.timeout.min = 5s (custom)
2019-07-15 13:27:09,610 INFO  server.RaftServerConfigKeys (ConfUtils.java:logGet(43)) - raft.server.rpc.timeout.max = 5200ms (custom)
2019-07-15 13:27:09,610 INFO  server.RaftServerConfigKeys (ConfUtils.java:logGet(43)) - raft.server.rpcslowness.timeout = 120s (custom)
2019-07-15 13:27:09,610 INFO  server.RaftServerConfigKeys (ConfUtils.java:logGet(43)) - raft.server.sleep.deviation.threshold = 300 (default)
2019-07-15 13:27:09,610 INFO  server.RaftServerConfigKeys (ConfUtils.java:logGet(43)) - raft.server.log.appender.install.snapshot.enabled = false (custom)
2019-07-15 13:27:09,610 INFO  impl.RaftServerImpl (ServerState.java:<init>(105)) - d4dde5ca-0464-4034-8921-3c14cd661a1e:group-C39A4830A04F ConfigurationManager, init=-1: [d4dde5ca-0464-4034-8921-3c14cd661a1e:192.168.157.240:39973], old=null, confs=<EMPTY_MAP>
2019-07-15 13:27:09,611 INFO  server.RaftServerConfigKeys (ConfUtils.java:logGet(43)) - raft.server.storage.dir = [/workdir/hadoop-ozone/integration-test/target/test-dir/MiniOzoneClusterImpl-db8233b4-32fe-42d4-b03b-a856ad868dc3/datanode-3/data/ratis] (custom)
2019-07-15 13:27:09,611 INFO  storage.RaftStorageDirectory (RaftStorageDirectory.java:analyzeStorage(246)) - The storage directory /workdir/hadoop-ozone/integration-test/target/test-dir/MiniOzoneClusterImpl-db8233b4-32fe-42d4-b03b-a856ad868dc3/datanode-3/data/ratis/5ac834fa-662c-478b-a9db-c39a4830a04f does not exist. Creating ...
2019-07-15 13:27:09,616 INFO  storage.RaftStorageDirectory (RaftStorageDirectory.java:tryLock(328)) - Lock on /workdir/hadoop-ozone/integration-test/target/test-dir/MiniOzoneClusterImpl-db8233b4-32fe-42d4-b03b-a856ad868dc3/datanode-3/data/ratis/5ac834fa-662c-478b-a9db-c39a4830a04f/in_use.lock acquired by nodename 24799@trunk-nightly-hvlc9-701369690
2019-07-15 13:27:09,629 INFO  storage.RaftStorage (RaftStorage.java:format(72)) - Storage directory /workdir/hadoop-ozone/integration-test/target/test-dir/MiniOzoneClusterImpl-db8233b4-32fe-42d4-b03b-a856ad868dc3/datanode-3/data/ratis/5ac834fa-662c-478b-a9db-c39a4830a04f has been successfully formatted.
2019-07-15 13:27:09,629 INFO  ratis.ContainerStateMachine (ContainerStateMachine.java:loadSnapshot(200)) - group-C39A4830A04F: The snapshot info is null. Setting the last applied indexto:(t:0, i:~)
2019-07-15 13:27:09,629 INFO  server.RaftServerConfigKeys (ConfUtils.java:logGet(43)) - raft.server.leader.election.timeout = 120s (custom)
2019-07-15 13:27:09,630 INFO  server.RaftServerConfigKeys (ConfUtils.java:logGet(43)) - raft.server.log.use.memory = false (default)
2019-07-15 13:27:09,630 INFO  server.RaftServerConfigKeys (ConfUtils.java:logGet(43)) - raft.server.log.purge.gap = 1000000000 (custom)
2019-07-15 13:27:09,630 INFO  server.RaftServerConfigKeys (ConfUtils.java:logGet(43)) - raft.server.log.appender.buffer.byte-limit = 33554432 (custom)
2019-07-15 13:27:09,630 INFO  server.RaftServerConfigKeys (ConfUtils.java:logGet(43)) - raft.server.log.segment.size.max = 1048576 (custom)
2019-07-15 13:27:09,630 INFO  server.RaftServerConfigKeys (ConfUtils.java:logGet(43)) - raft.server.log.segment.cache.num.max = 2 (custom)
2019-07-15 13:27:09,630 INFO  segmented.SegmentedRaftLogWorker (SegmentedRaftLogWorker.java:<init>(172)) - new d4dde5ca-0464-4034-8921-3c14cd661a1e-SegmentedRaftLogWorker:Storage Directory /workdir/hadoop-ozone/integration-test/target/test-dir/MiniOzoneClusterImpl-db8233b4-32fe-42d4-b03b-a856ad868dc3/datanode-3/data/ratis/5ac834fa-662c-478b-a9db-c39a4830a04f for RaftStorage:Storage Directory /workdir/hadoop-ozone/integration-test/target/test-dir/MiniOzoneClusterImpl-db8233b4-32fe-42d4-b03b-a856ad868dc3/datanode-3/data/ratis/5ac834fa-662c-478b-a9db-c39a4830a04f
2019-07-15 13:27:09,630 INFO  server.RaftServerConfigKeys (ConfUtils.java:logGet(43)) - raft.server.log.queue.byte-limit = 2147483647 (custom)
2019-07-15 13:27:09,630 INFO  server.RaftServerConfigKeys (ConfUtils.java:logGet(43)) - raft.server.log.queue.element-limit = 1024 (custom)
2019-07-15 13:27:09,631 INFO  server.RaftServerConfigKeys (ConfUtils.java:logGet(43)) - raft.server.log.segment.size.max = 1048576 (custom)
2019-07-15 13:27:09,631 INFO  server.RaftServerConfigKeys (ConfUtils.java:logGet(43)) - raft.server.log.preallocated.size = 16384 (custom)
2019-07-15 13:27:09,631 INFO  server.RaftServerConfigKeys (ConfUtils.java:logGet(43)) - raft.server.log.write.buffer.size = 33554432 (custom)
2019-07-15 13:27:09,631 INFO  server.RaftServerConfigKeys (ConfUtils.java:logGet(43)) - raft.server.log.force.sync.num = 128 (default)
2019-07-15 13:27:09,631 INFO  server.RaftServerConfigKeys (ConfUtils.java:logGet(43)) - raft.server.log.statemachine.data.sync = true (default)
2019-07-15 13:27:09,631 INFO  server.RaftServerConfigKeys (ConfUtils.java:logGet(43)) - raft.server.log.statemachine.data.sync.timeout = 10s (default)
2019-07-15 13:27:09,631 INFO  server.RaftServerConfigKeys (ConfUtils.java:logGet(43)) - raft.server.log.statemachine.data.sync.timeout.retry = -1 (default)
2019-07-15 13:27:09,632 INFO  server.RaftServerConfigKeys (ConfUtils.java:logGet(43)) - raft.server.log.statemachine.data.caching.enabled = true (custom)
2019-07-15 13:27:09,632 INFO  segmented.SegmentedRaftLogWorker (SegmentedRaftLogWorker.java:lambda$new$0(132)) - d4dde5ca-0464-4034-8921-3c14cd661a1e-SegmentedRaftLogWorker:Storage Directory /workdir/hadoop-ozone/integration-test/target/test-dir/MiniOzoneClusterImpl-db8233b4-32fe-42d4-b03b-a856ad868dc3/datanode-3/data/ratis/5ac834fa-662c-478b-a9db-c39a4830a04f: flushIndex: setUnconditionally 0 -> -1
2019-07-15 13:27:09,632 INFO  server.RaftServerConfigKeys (ConfUtils.java:logGet(43)) - raft.server.snapshot.auto.trigger.enabled = true (custom)
2019-07-15 13:27:09,632 INFO  server.RaftServerConfigKeys (ConfUtils.java:logGet(43)) - raft.server.snapshot.auto.trigger.threshold = 10000 (custom)
2019-07-15 13:27:09,632 INFO  server.RaftServerConfigKeys (ConfUtils.java:logGet(43)) - raft.server.retrycache.expirytime = 600000ms (custom)
2019-07-15 13:27:09,633 INFO  impl.RaftServerImpl (RaftServerImpl.java:start(180)) - d4dde5ca-0464-4034-8921-3c14cd661a1e: start group-C39A4830A04F
2019-07-15 13:27:09,633 INFO  impl.RaftServerImpl (RaftServerImpl.java:setRole(171)) - d4dde5ca-0464-4034-8921-3c14cd661a1e:group-C39A4830A04F changes role from null to FOLLOWER at term 0 for startAsFollower
2019-07-15 13:27:09,633 INFO  impl.RoleInfo (RoleInfo.java:updateAndGet(143)) - d4dde5ca-0464-4034-8921-3c14cd661a1e: start FollowerState
2019-07-15 13:27:09,633 INFO  util.JmxRegister (JmxRegister.java:tryRegister(44)) - Successfully registered JMX Bean with object name Ratis:service=RaftServer,group=group-C39A4830A04F,id=d4dde5ca-0464-4034-8921-3c14cd661a1e
2019-07-15 13:27:09,644 INFO  pipeline.PipelineStateManager (PipelineStateManager.java:addPipeline(56)) - Created pipeline Pipeline[ Id: 5ac834fa-662c-478b-a9db-c39a4830a04f, Nodes: d4dde5ca-0464-4034-8921-3c14cd661a1e{ip: 192.168.157.240, host: trunk-nightly-hvlc9-701369690, networkLocation: /default-rack, certSerialId: null}, Type:RATIS, Factor:ONE, State:OPEN]
2019-07-15 13:27:09,662 INFO  impl.RaftServerProxy (RaftServerProxy.java:addNew(89)) - 206de66f-4ae4-470e-83ff-8c47a5fcbe27: addNew group-95E1B2065FE1:[206de66f-4ae4-470e-83ff-8c47a5fcbe27:192.168.157.240:45958] returns group-95E1B2065FE1:java.util.concurrent.CompletableFuture@79bd6aa0[Not completed]
2019-07-15 13:27:09,664 INFO  impl.RaftServerImpl (RaftServerImpl.java:<init>(93)) - 206de66f-4ae4-470e-83ff-8c47a5fcbe27: new RaftServerImpl for group-95E1B2065FE1:[206de66f-4ae4-470e-83ff-8c47a5fcbe27:192.168.157.240:45958] with ContainerStateMachine:uninitialized
2019-07-15 13:27:09,664 INFO  server.RaftServerConfigKeys (ConfUtils.java:logGet(43)) - raft.server.rpc.timeout.min = 5s (custom)
2019-07-15 13:27:09,664 INFO  server.RaftServerConfigKeys (ConfUtils.java:logGet(43)) - raft.server.rpc.timeout.max = 5200ms (custom)
2019-07-15 13:27:09,664 INFO  server.RaftServerConfigKeys (ConfUtils.java:logGet(43)) - raft.server.rpcslowness.timeout = 120s (custom)
2019-07-15 13:27:09,664 INFO  server.RaftServerConfigKeys (ConfUtils.java:logGet(43)) - raft.server.sleep.deviation.threshold = 300 (default)
2019-07-15 13:27:09,664 INFO  server.RaftServerConfigKeys (ConfUtils.java:logGet(43)) - raft.server.log.appender.install.snapshot.enabled = false (custom)
2019-07-15 13:27:09,664 INFO  impl.RaftServerImpl (ServerState.java:<init>(105)) - 206de66f-4ae4-470e-83ff-8c47a5fcbe27:group-95E1B2065FE1 ConfigurationManager, init=-1: [206de66f-4ae4-470e-83ff-8c47a5fcbe27:192.168.157.240:45958], old=null, confs=<EMPTY_MAP>
2019-07-15 13:27:09,665 INFO  server.RaftServerConfigKeys (ConfUtils.java:logGet(43)) - raft.server.storage.dir = [/workdir/hadoop-ozone/integration-test/target/test-dir/MiniOzoneClusterImpl-db8233b4-32fe-42d4-b03b-a856ad868dc3/datanode-5/data/ratis] (custom)
2019-07-15 13:27:09,665 INFO  storage.RaftStorageDirectory (RaftStorageDirectory.java:analyzeStorage(246)) - The storage directory /workdir/hadoop-ozone/integration-test/target/test-dir/MiniOzoneClusterImpl-db8233b4-32fe-42d4-b03b-a856ad868dc3/datanode-5/data/ratis/339a519b-c3f5-4ab0-9668-95e1b2065fe1 does not exist. Creating ...
2019-07-15 13:27:09,678 INFO  storage.RaftStorageDirectory (RaftStorageDirectory.java:tryLock(328)) - Lock on /workdir/hadoop-ozone/integration-test/target/test-dir/MiniOzoneClusterImpl-db8233b4-32fe-42d4-b03b-a856ad868dc3/datanode-5/data/ratis/339a519b-c3f5-4ab0-9668-95e1b2065fe1/in_use.lock acquired by nodename 24799@trunk-nightly-hvlc9-701369690
2019-07-15 13:27:09,690 INFO  storage.RaftStorage (RaftStorage.java:format(72)) - Storage directory /workdir/hadoop-ozone/integration-test/target/test-dir/MiniOzoneClusterImpl-db8233b4-32fe-42d4-b03b-a856ad868dc3/datanode-5/data/ratis/339a519b-c3f5-4ab0-9668-95e1b2065fe1 has been successfully formatted.
2019-07-15 13:27:09,691 INFO  ratis.ContainerStateMachine (ContainerStateMachine.java:loadSnapshot(200)) - group-95E1B2065FE1: The snapshot info is null. Setting the last applied indexto:(t:0, i:~)
2019-07-15 13:27:09,691 INFO  server.RaftServerConfigKeys (ConfUtils.java:logGet(43)) - raft.server.leader.election.timeout = 120s (custom)
2019-07-15 13:27:09,691 INFO  server.RaftServerConfigKeys (ConfUtils.java:logGet(43)) - raft.server.log.use.memory = false (default)
2019-07-15 13:27:09,691 INFO  server.RaftServerConfigKeys (ConfUtils.java:logGet(43)) - raft.server.log.purge.gap = 1000000000 (custom)
2019-07-15 13:27:09,691 INFO  server.RaftServerConfigKeys (ConfUtils.java:logGet(43)) - raft.server.log.appender.buffer.byte-limit = 33554432 (custom)
2019-07-15 13:27:09,691 INFO  server.RaftServerConfigKeys (ConfUtils.java:logGet(43)) - raft.server.log.segment.size.max = 1048576 (custom)
2019-07-15 13:27:09,691 INFO  server.RaftServerConfigKeys (ConfUtils.java:logGet(43)) - raft.server.log.segment.cache.num.max = 2 (custom)
2019-07-15 13:27:09,692 INFO  segmented.SegmentedRaftLogWorker (SegmentedRaftLogWorker.java:<init>(172)) - new 206de66f-4ae4-470e-83ff-8c47a5fcbe27-SegmentedRaftLogWorker:Storage Directory /workdir/hadoop-ozone/integration-test/target/test-dir/MiniOzoneClusterImpl-db8233b4-32fe-42d4-b03b-a856ad868dc3/datanode-5/data/ratis/339a519b-c3f5-4ab0-9668-95e1b2065fe1 for RaftStorage:Storage Directory /workdir/hadoop-ozone/integration-test/target/test-dir/MiniOzoneClusterImpl-db8233b4-32fe-42d4-b03b-a856ad868dc3/datanode-5/data/ratis/339a519b-c3f5-4ab0-9668-95e1b2065fe1
2019-07-15 13:27:09,692 INFO  server.RaftServerConfigKeys (ConfUtils.java:logGet(43)) - raft.server.log.queue.byte-limit = 2147483647 (custom)
2019-07-15 13:27:09,692 INFO  server.RaftServerConfigKeys (ConfUtils.java:logGet(43)) - raft.server.log.queue.element-limit = 1024 (custom)
2019-07-15 13:27:09,692 INFO  server.RaftServerConfigKeys (ConfUtils.java:logGet(43)) - raft.server.log.segment.size.max = 1048576 (custom)
2019-07-15 13:27:09,692 INFO  server.RaftServerConfigKeys (ConfUtils.java:logGet(43)) - raft.server.log.preallocated.size = 16384 (custom)
2019-07-15 13:27:09,693 INFO  server.RaftServerConfigKeys (ConfUtils.java:logGet(43)) - raft.server.log.write.buffer.size = 33554432 (custom)
2019-07-15 13:27:09,693 INFO  server.RaftServerConfigKeys (ConfUtils.java:logGet(43)) - raft.server.log.force.sync.num = 128 (default)
2019-07-15 13:27:09,693 INFO  server.RaftServerConfigKeys (ConfUtils.java:logGet(43)) - raft.server.log.statemachine.data.sync = true (default)
2019-07-15 13:27:09,693 INFO  server.RaftServerConfigKeys (ConfUtils.java:logGet(43)) - raft.server.log.statemachine.data.sync.timeout = 10s (default)
2019-07-15 13:27:09,693 INFO  server.RaftServerConfigKeys (ConfUtils.java:logGet(43)) - raft.server.log.statemachine.data.sync.timeout.retry = -1 (default)
2019-07-15 13:27:09,693 INFO  server.RaftServerConfigKeys (ConfUtils.java:logGet(43)) - raft.server.log.statemachine.data.caching.enabled = true (custom)
2019-07-15 13:27:09,694 INFO  segmented.SegmentedRaftLogWorker (SegmentedRaftLogWorker.java:lambda$new$0(132)) - 206de66f-4ae4-470e-83ff-8c47a5fcbe27-SegmentedRaftLogWorker:Storage Directory /workdir/hadoop-ozone/integration-test/target/test-dir/MiniOzoneClusterImpl-db8233b4-32fe-42d4-b03b-a856ad868dc3/datanode-5/data/ratis/339a519b-c3f5-4ab0-9668-95e1b2065fe1: flushIndex: setUnconditionally 0 -> -1
2019-07-15 13:27:09,694 INFO  server.RaftServerConfigKeys (ConfUtils.java:logGet(43)) - raft.server.snapshot.auto.trigger.enabled = true (custom)
2019-07-15 13:27:09,694 INFO  server.RaftServerConfigKeys (ConfUtils.java:logGet(43)) - raft.server.snapshot.auto.trigger.threshold = 10000 (custom)
2019-07-15 13:27:09,694 INFO  server.RaftServerConfigKeys (ConfUtils.java:logGet(43)) - raft.server.retrycache.expirytime = 600000ms (custom)
2019-07-15 13:27:09,695 INFO  impl.RaftServerImpl (RaftServerImpl.java:start(180)) - 206de66f-4ae4-470e-83ff-8c47a5fcbe27: start group-95E1B2065FE1
2019-07-15 13:27:09,695 INFO  impl.RaftServerImpl (RaftServerImpl.java:setRole(171)) - 206de66f-4ae4-470e-83ff-8c47a5fcbe27:group-95E1B2065FE1 changes role from null to FOLLOWER at term 0 for startAsFollower
2019-07-15 13:27:09,695 INFO  impl.RoleInfo (RoleInfo.java:updateAndGet(143)) - 206de66f-4ae4-470e-83ff-8c47a5fcbe27: start FollowerState
2019-07-15 13:27:09,696 INFO  util.JmxRegister (JmxRegister.java:tryRegister(44)) - Successfully registered JMX Bean with object name Ratis:service=RaftServer,group=group-95E1B2065FE1,id=206de66f-4ae4-470e-83ff-8c47a5fcbe27
2019-07-15 13:27:09,711 INFO  pipeline.PipelineStateManager (PipelineStateManager.java:addPipeline(56)) - Created pipeline Pipeline[ Id: 339a519b-c3f5-4ab0-9668-95e1b2065fe1, Nodes: 206de66f-4ae4-470e-83ff-8c47a5fcbe27{ip: 192.168.157.240, host: trunk-nightly-hvlc9-701369690, networkLocation: /default-rack, certSerialId: null}, Type:RATIS, Factor:ONE, State:OPEN]
2019-07-15 13:27:09,733 INFO  impl.RaftServerProxy (RaftServerProxy.java:addNew(89)) - e372fc8d-0466-4805-bcd9-18ddd93608a2: addNew group-F544927CA2C2:[e372fc8d-0466-4805-bcd9-18ddd93608a2:192.168.157.240:35169] returns group-F544927CA2C2:java.util.concurrent.CompletableFuture@558d6d23[Not completed]
2019-07-15 13:27:09,735 INFO  impl.RaftServerImpl (RaftServerImpl.java:<init>(93)) - e372fc8d-0466-4805-bcd9-18ddd93608a2: new RaftServerImpl for group-F544927CA2C2:[e372fc8d-0466-4805-bcd9-18ddd93608a2:192.168.157.240:35169] with ContainerStateMachine:uninitialized
2019-07-15 13:27:09,735 INFO  server.RaftServerConfigKeys (ConfUtils.java:logGet(43)) - raft.server.rpc.timeout.min = 5s (custom)
2019-07-15 13:27:09,735 INFO  server.RaftServerConfigKeys (ConfUtils.java:logGet(43)) - raft.server.rpc.timeout.max = 5200ms (custom)
2019-07-15 13:27:09,735 INFO  server.RaftServerConfigKeys (ConfUtils.java:logGet(43)) - raft.server.rpcslowness.timeout = 120s (custom)
2019-07-15 13:27:09,735 INFO  server.RaftServerConfigKeys (ConfUtils.java:logGet(43)) - raft.server.sleep.deviation.threshold = 300 (default)
2019-07-15 13:27:09,736 INFO  server.RaftServerConfigKeys (ConfUtils.java:logGet(43)) - raft.server.log.appender.install.snapshot.enabled = false (custom)
2019-07-15 13:27:09,736 INFO  impl.RaftServerImpl (ServerState.java:<init>(105)) - e372fc8d-0466-4805-bcd9-18ddd93608a2:group-F544927CA2C2 ConfigurationManager, init=-1: [e372fc8d-0466-4805-bcd9-18ddd93608a2:192.168.157.240:35169], old=null, confs=<EMPTY_MAP>
2019-07-15 13:27:09,736 INFO  server.RaftServerConfigKeys (ConfUtils.java:logGet(43)) - raft.server.storage.dir = [/workdir/hadoop-ozone/integration-test/target/test-dir/MiniOzoneClusterImpl-db8233b4-32fe-42d4-b03b-a856ad868dc3/datanode-2/data/ratis] (custom)
2019-07-15 13:27:09,736 INFO  storage.RaftStorageDirectory (RaftStorageDirectory.java:analyzeStorage(246)) - The storage directory /workdir/hadoop-ozone/integration-test/target/test-dir/MiniOzoneClusterImpl-db8233b4-32fe-42d4-b03b-a856ad868dc3/datanode-2/data/ratis/6a5b60a3-ec0d-43d4-a663-f544927ca2c2 does not exist. Creating ...
2019-07-15 13:27:09,750 INFO  storage.RaftStorageDirectory (RaftStorageDirectory.java:tryLock(328)) - Lock on /workdir/hadoop-ozone/integration-test/target/test-dir/MiniOzoneClusterImpl-db8233b4-32fe-42d4-b03b-a856ad868dc3/datanode-2/data/ratis/6a5b60a3-ec0d-43d4-a663-f544927ca2c2/in_use.lock acquired by nodename 24799@trunk-nightly-hvlc9-701369690
2019-07-15 13:27:09,773 INFO  storage.RaftStorage (RaftStorage.java:format(72)) - Storage directory /workdir/hadoop-ozone/integration-test/target/test-dir/MiniOzoneClusterImpl-db8233b4-32fe-42d4-b03b-a856ad868dc3/datanode-2/data/ratis/6a5b60a3-ec0d-43d4-a663-f544927ca2c2 has been successfully formatted.
2019-07-15 13:27:09,773 INFO  ratis.ContainerStateMachine (ContainerStateMachine.java:loadSnapshot(200)) - group-F544927CA2C2: The snapshot info is null. Setting the last applied indexto:(t:0, i:~)
2019-07-15 13:27:09,773 INFO  server.RaftServerConfigKeys (ConfUtils.java:logGet(43)) - raft.server.leader.election.timeout = 120s (custom)
2019-07-15 13:27:09,773 INFO  server.RaftServerConfigKeys (ConfUtils.java:logGet(43)) - raft.server.log.use.memory = false (default)
2019-07-15 13:27:09,773 INFO  server.RaftServerConfigKeys (ConfUtils.java:logGet(43)) - raft.server.log.purge.gap = 1000000000 (custom)
2019-07-15 13:27:09,774 INFO  server.RaftServerConfigKeys (ConfUtils.java:logGet(43)) - raft.server.log.appender.buffer.byte-limit = 33554432 (custom)
2019-07-15 13:27:09,774 INFO  server.RaftServerConfigKeys (ConfUtils.java:logGet(43)) - raft.server.log.segment.size.max = 1048576 (custom)
2019-07-15 13:27:09,774 INFO  server.RaftServerConfigKeys (ConfUtils.java:logGet(43)) - raft.server.log.segment.cache.num.max = 2 (custom)
2019-07-15 13:27:09,774 INFO  segmented.SegmentedRaftLogWorker (SegmentedRaftLogWorker.java:<init>(172)) - new e372fc8d-0466-4805-bcd9-18ddd93608a2-SegmentedRaftLogWorker:Storage Directory /workdir/hadoop-ozone/integration-test/target/test-dir/MiniOzoneClusterImpl-db8233b4-32fe-42d4-b03b-a856ad868dc3/datanode-2/data/ratis/6a5b60a3-ec0d-43d4-a663-f544927ca2c2 for RaftStorage:Storage Directory /workdir/hadoop-ozone/integration-test/target/test-dir/MiniOzoneClusterImpl-db8233b4-32fe-42d4-b03b-a856ad868dc3/datanode-2/data/ratis/6a5b60a3-ec0d-43d4-a663-f544927ca2c2
2019-07-15 13:27:09,774 INFO  server.RaftServerConfigKeys (ConfUtils.java:logGet(43)) - raft.server.log.queue.byte-limit = 2147483647 (custom)
2019-07-15 13:27:09,774 INFO  server.RaftServerConfigKeys (ConfUtils.java:logGet(43)) - raft.server.log.queue.element-limit = 1024 (custom)
2019-07-15 13:27:09,775 INFO  server.RaftServerConfigKeys (ConfUtils.java:logGet(43)) - raft.server.log.segment.size.max = 1048576 (custom)
2019-07-15 13:27:09,775 INFO  server.RaftServerConfigKeys (ConfUtils.java:logGet(43)) - raft.server.log.preallocated.size = 16384 (custom)
2019-07-15 13:27:09,775 INFO  server.RaftServerConfigKeys (ConfUtils.java:logGet(43)) - raft.server.log.write.buffer.size = 33554432 (custom)
2019-07-15 13:27:09,775 INFO  server.RaftServerConfigKeys (ConfUtils.java:logGet(43)) - raft.server.log.force.sync.num = 128 (default)
2019-07-15 13:27:09,775 INFO  server.RaftServerConfigKeys (ConfUtils.java:logGet(43)) - raft.server.log.statemachine.data.sync = true (default)
2019-07-15 13:27:09,775 INFO  server.RaftServerConfigKeys (ConfUtils.java:logGet(43)) - raft.server.log.statemachine.data.sync.timeout = 10s (default)
2019-07-15 13:27:09,776 INFO  server.RaftServerConfigKeys (ConfUtils.java:logGet(43)) - raft.server.log.statemachine.data.sync.timeout.retry = -1 (default)
2019-07-15 13:27:09,776 INFO  server.RaftServerConfigKeys (ConfUtils.java:logGet(43)) - raft.server.log.statemachine.data.caching.enabled = true (custom)
2019-07-15 13:27:09,776 INFO  segmented.SegmentedRaftLogWorker (SegmentedRaftLogWorker.java:lambda$new$0(132)) - e372fc8d-0466-4805-bcd9-18ddd93608a2-SegmentedRaftLogWorker:Storage Directory /workdir/hadoop-ozone/integration-test/target/test-dir/MiniOzoneClusterImpl-db8233b4-32fe-42d4-b03b-a856ad868dc3/datanode-2/data/ratis/6a5b60a3-ec0d-43d4-a663-f544927ca2c2: flushIndex: setUnconditionally 0 -> -1
2019-07-15 13:27:09,777 INFO  server.RaftServerConfigKeys (ConfUtils.java:logGet(43)) - raft.server.snapshot.auto.trigger.enabled = true (custom)
2019-07-15 13:27:09,777 INFO  server.RaftServerConfigKeys (ConfUtils.java:logGet(43)) - raft.server.snapshot.auto.trigger.threshold = 10000 (custom)
2019-07-15 13:27:09,777 INFO  server.RaftServerConfigKeys (ConfUtils.java:logGet(43)) - raft.server.retrycache.expirytime = 600000ms (custom)
2019-07-15 13:27:09,777 INFO  impl.RaftServerImpl (RaftServerImpl.java:start(180)) - e372fc8d-0466-4805-bcd9-18ddd93608a2: start group-F544927CA2C2
2019-07-15 13:27:09,777 INFO  impl.RaftServerImpl (RaftServerImpl.java:setRole(171)) - e372fc8d-0466-4805-bcd9-18ddd93608a2:group-F544927CA2C2 changes role from null to FOLLOWER at term 0 for startAsFollower
2019-07-15 13:27:09,778 INFO  impl.RoleInfo (RoleInfo.java:updateAndGet(143)) - e372fc8d-0466-4805-bcd9-18ddd93608a2: start FollowerState
2019-07-15 13:27:09,778 INFO  util.JmxRegister (JmxRegister.java:tryRegister(44)) - Successfully registered JMX Bean with object name Ratis:service=RaftServer,group=group-F544927CA2C2,id=e372fc8d-0466-4805-bcd9-18ddd93608a2
2019-07-15 13:27:09,790 INFO  pipeline.PipelineStateManager (PipelineStateManager.java:addPipeline(56)) - Created pipeline Pipeline[ Id: 6a5b60a3-ec0d-43d4-a663-f544927ca2c2, Nodes: e372fc8d-0466-4805-bcd9-18ddd93608a2{ip: 192.168.157.240, host: trunk-nightly-hvlc9-701369690, networkLocation: /default-rack, certSerialId: null}, Type:RATIS, Factor:ONE, State:OPEN]
2019-07-15 13:27:09,808 INFO  impl.RaftServerProxy (RaftServerProxy.java:addNew(89)) - 41dc9e21-3d1e-48c0-8395-67e48a0c3182: addNew group-473A94367512:[41dc9e21-3d1e-48c0-8395-67e48a0c3182:192.168.157.240:46198] returns group-473A94367512:java.util.concurrent.CompletableFuture@294ed408[Not completed]
2019-07-15 13:27:09,810 INFO  impl.RaftServerImpl (RaftServerImpl.java:<init>(93)) - 41dc9e21-3d1e-48c0-8395-67e48a0c3182: new RaftServerImpl for group-473A94367512:[41dc9e21-3d1e-48c0-8395-67e48a0c3182:192.168.157.240:46198] with ContainerStateMachine:uninitialized
2019-07-15 13:27:09,810 INFO  server.RaftServerConfigKeys (ConfUtils.java:logGet(43)) - raft.server.rpc.timeout.min = 5s (custom)
2019-07-15 13:27:09,811 INFO  server.RaftServerConfigKeys (ConfUtils.java:logGet(43)) - raft.server.rpc.timeout.max = 5200ms (custom)
2019-07-15 13:27:09,811 INFO  server.RaftServerConfigKeys (ConfUtils.java:logGet(43)) - raft.server.rpcslowness.timeout = 120s (custom)
2019-07-15 13:27:09,811 INFO  server.RaftServerConfigKeys (ConfUtils.java:logGet(43)) - raft.server.sleep.deviation.threshold = 300 (default)
2019-07-15 13:27:09,811 INFO  server.RaftServerConfigKeys (ConfUtils.java:logGet(43)) - raft.server.log.appender.install.snapshot.enabled = false (custom)
2019-07-15 13:27:09,811 INFO  impl.RaftServerImpl (ServerState.java:<init>(105)) - 41dc9e21-3d1e-48c0-8395-67e48a0c3182:group-473A94367512 ConfigurationManager, init=-1: [41dc9e21-3d1e-48c0-8395-67e48a0c3182:192.168.157.240:46198], old=null, confs=<EMPTY_MAP>
2019-07-15 13:27:09,811 INFO  server.RaftServerConfigKeys (ConfUtils.java:logGet(43)) - raft.server.storage.dir = [/workdir/hadoop-ozone/integration-test/target/test-dir/MiniOzoneClusterImpl-db8233b4-32fe-42d4-b03b-a856ad868dc3/datanode-6/data/ratis] (custom)
2019-07-15 13:27:09,812 INFO  storage.RaftStorageDirectory (RaftStorageDirectory.java:analyzeStorage(246)) - The storage directory /workdir/hadoop-ozone/integration-test/target/test-dir/MiniOzoneClusterImpl-db8233b4-32fe-42d4-b03b-a856ad868dc3/datanode-6/data/ratis/11498d81-de9c-4ffb-80b4-473a94367512 does not exist. Creating ...
2019-07-15 13:27:09,824 INFO  storage.RaftStorageDirectory (RaftStorageDirectory.java:tryLock(328)) - Lock on /workdir/hadoop-ozone/integration-test/target/test-dir/MiniOzoneClusterImpl-db8233b4-32fe-42d4-b03b-a856ad868dc3/datanode-6/data/ratis/11498d81-de9c-4ffb-80b4-473a94367512/in_use.lock acquired by nodename 24799@trunk-nightly-hvlc9-701369690
2019-07-15 13:27:09,838 INFO  storage.RaftStorage (RaftStorage.java:format(72)) - Storage directory /workdir/hadoop-ozone/integration-test/target/test-dir/MiniOzoneClusterImpl-db8233b4-32fe-42d4-b03b-a856ad868dc3/datanode-6/data/ratis/11498d81-de9c-4ffb-80b4-473a94367512 has been successfully formatted.
2019-07-15 13:27:09,839 INFO  ratis.ContainerStateMachine (ContainerStateMachine.java:loadSnapshot(200)) - group-473A94367512: The snapshot info is null. Setting the last applied indexto:(t:0, i:~)
2019-07-15 13:27:09,839 INFO  server.RaftServerConfigKeys (ConfUtils.java:logGet(43)) - raft.server.leader.election.timeout = 120s (custom)
2019-07-15 13:27:09,839 INFO  server.RaftServerConfigKeys (ConfUtils.java:logGet(43)) - raft.server.log.use.memory = false (default)
2019-07-15 13:27:09,839 INFO  server.RaftServerConfigKeys (ConfUtils.java:logGet(43)) - raft.server.log.purge.gap = 1000000000 (custom)
2019-07-15 13:27:09,839 INFO  server.RaftServerConfigKeys (ConfUtils.java:logGet(43)) - raft.server.log.appender.buffer.byte-limit = 33554432 (custom)
2019-07-15 13:27:09,840 INFO  server.RaftServerConfigKeys (ConfUtils.java:logGet(43)) - raft.server.log.segment.size.max = 1048576 (custom)
2019-07-15 13:27:09,840 INFO  server.RaftServerConfigKeys (ConfUtils.java:logGet(43)) - raft.server.log.segment.cache.num.max = 2 (custom)
2019-07-15 13:27:09,840 INFO  segmented.SegmentedRaftLogWorker (SegmentedRaftLogWorker.java:<init>(172)) - new 41dc9e21-3d1e-48c0-8395-67e48a0c3182-SegmentedRaftLogWorker:Storage Directory /workdir/hadoop-ozone/integration-test/target/test-dir/MiniOzoneClusterImpl-db8233b4-32fe-42d4-b03b-a856ad868dc3/datanode-6/data/ratis/11498d81-de9c-4ffb-80b4-473a94367512 for RaftStorage:Storage Directory /workdir/hadoop-ozone/integration-test/target/test-dir/MiniOzoneClusterImpl-db8233b4-32fe-42d4-b03b-a856ad868dc3/datanode-6/data/ratis/11498d81-de9c-4ffb-80b4-473a94367512
2019-07-15 13:27:09,840 INFO  server.RaftServerConfigKeys (ConfUtils.java:logGet(43)) - raft.server.log.queue.byte-limit = 2147483647 (custom)
2019-07-15 13:27:09,840 INFO  server.RaftServerConfigKeys (ConfUtils.java:logGet(43)) - raft.server.log.queue.element-limit = 1024 (custom)
2019-07-15 13:27:09,841 INFO  server.RaftServerConfigKeys (ConfUtils.java:logGet(43)) - raft.server.log.segment.size.max = 1048576 (custom)
2019-07-15 13:27:09,841 INFO  server.RaftServerConfigKeys (ConfUtils.java:logGet(43)) - raft.server.log.preallocated.size = 16384 (custom)
2019-07-15 13:27:09,841 INFO  server.RaftServerConfigKeys (ConfUtils.java:logGet(43)) - raft.server.log.write.buffer.size = 33554432 (custom)
2019-07-15 13:27:09,841 INFO  server.RaftServerConfigKeys (ConfUtils.java:logGet(43)) - raft.server.log.force.sync.num = 128 (default)
2019-07-15 13:27:09,841 INFO  server.RaftServerConfigKeys (ConfUtils.java:logGet(43)) - raft.server.log.statemachine.data.sync = true (default)
2019-07-15 13:27:09,841 INFO  server.RaftServerConfigKeys (ConfUtils.java:logGet(43)) - raft.server.log.statemachine.data.sync.timeout = 10s (default)
2019-07-15 13:27:09,841 INFO  server.RaftServerConfigKeys (ConfUtils.java:logGet(43)) - raft.server.log.statemachine.data.sync.timeout.retry = -1 (default)
2019-07-15 13:27:09,842 INFO  server.RaftServerConfigKeys (ConfUtils.java:logGet(43)) - raft.server.log.statemachine.data.caching.enabled = true (custom)
2019-07-15 13:27:09,842 INFO  segmented.SegmentedRaftLogWorker (SegmentedRaftLogWorker.java:lambda$new$0(132)) - 41dc9e21-3d1e-48c0-8395-67e48a0c3182-SegmentedRaftLogWorker:Storage Directory /workdir/hadoop-ozone/integration-test/target/test-dir/MiniOzoneClusterImpl-db8233b4-32fe-42d4-b03b-a856ad868dc3/datanode-6/data/ratis/11498d81-de9c-4ffb-80b4-473a94367512: flushIndex: setUnconditionally 0 -> -1
2019-07-15 13:27:09,842 INFO  server.RaftServerConfigKeys (ConfUtils.java:logGet(43)) - raft.server.snapshot.auto.trigger.enabled = true (custom)
2019-07-15 13:27:09,842 INFO  server.RaftServerConfigKeys (ConfUtils.java:logGet(43)) - raft.server.snapshot.auto.trigger.threshold = 10000 (custom)
2019-07-15 13:27:09,842 INFO  server.RaftServerConfigKeys (ConfUtils.java:logGet(43)) - raft.server.retrycache.expirytime = 600000ms (custom)
2019-07-15 13:27:09,843 INFO  impl.RaftServerImpl (RaftServerImpl.java:start(180)) - 41dc9e21-3d1e-48c0-8395-67e48a0c3182: start group-473A94367512
2019-07-15 13:27:09,843 INFO  impl.RaftServerImpl (RaftServerImpl.java:setRole(171)) - 41dc9e21-3d1e-48c0-8395-67e48a0c3182:group-473A94367512 changes role from null to FOLLOWER at term 0 for startAsFollower
2019-07-15 13:27:09,843 INFO  impl.RoleInfo (RoleInfo.java:updateAndGet(143)) - 41dc9e21-3d1e-48c0-8395-67e48a0c3182: start FollowerState
2019-07-15 13:27:09,843 INFO  util.JmxRegister (JmxRegister.java:tryRegister(44)) - Successfully registered JMX Bean with object name Ratis:service=RaftServer,group=group-473A94367512,id=41dc9e21-3d1e-48c0-8395-67e48a0c3182
2019-07-15 13:27:09,860 INFO  pipeline.PipelineStateManager (PipelineStateManager.java:addPipeline(56)) - Created pipeline Pipeline[ Id: 11498d81-de9c-4ffb-80b4-473a94367512, Nodes: 41dc9e21-3d1e-48c0-8395-67e48a0c3182{ip: 192.168.157.240, host: trunk-nightly-hvlc9-701369690, networkLocation: /default-rack, certSerialId: null}, Type:RATIS, Factor:ONE, State:OPEN]
2019-07-15 13:27:09,901 INFO  impl.RaftServerProxy (RaftServerProxy.java:addNew(89)) - c796b250-bd8d-4171-9bfe-8e2128022b75: addNew group-6ADFD716F9D0:[ca58aa5f-d246-4e10-80d5-cb1a2c0fb0a7:192.168.157.240:40638, c796b250-bd8d-4171-9bfe-8e2128022b75:192.168.157.240:44407, cd6ca1b0-e985-43dd-a8fd-5a7db7002121:192.168.157.240:41303] returns group-6ADFD716F9D0:java.util.concurrent.CompletableFuture@3f7e3df0[Not completed]
2019-07-15 13:27:09,901 INFO  impl.RaftServerProxy (RaftServerProxy.java:addNew(89)) - cd6ca1b0-e985-43dd-a8fd-5a7db7002121: addNew group-6ADFD716F9D0:[ca58aa5f-d246-4e10-80d5-cb1a2c0fb0a7:192.168.157.240:40638, c796b250-bd8d-4171-9bfe-8e2128022b75:192.168.157.240:44407, cd6ca1b0-e985-43dd-a8fd-5a7db7002121:192.168.157.240:41303] returns group-6ADFD716F9D0:java.util.concurrent.CompletableFuture@33910dab[Not completed]
2019-07-15 13:27:09,901 INFO  impl.RaftServerProxy (RaftServerProxy.java:addNew(89)) - ca58aa5f-d246-4e10-80d5-cb1a2c0fb0a7: addNew group-6ADFD716F9D0:[ca58aa5f-d246-4e10-80d5-cb1a2c0fb0a7:192.168.157.240:40638, c796b250-bd8d-4171-9bfe-8e2128022b75:192.168.157.240:44407, cd6ca1b0-e985-43dd-a8fd-5a7db7002121:192.168.157.240:41303] returns group-6ADFD716F9D0:java.util.concurrent.CompletableFuture@42de3e30[Not completed]
2019-07-15 13:27:09,902 INFO  impl.RaftServerImpl (RaftServerImpl.java:<init>(93)) - c796b250-bd8d-4171-9bfe-8e2128022b75: new RaftServerImpl for group-6ADFD716F9D0:[ca58aa5f-d246-4e10-80d5-cb1a2c0fb0a7:192.168.157.240:40638, c796b250-bd8d-4171-9bfe-8e2128022b75:192.168.157.240:44407, cd6ca1b0-e985-43dd-a8fd-5a7db7002121:192.168.157.240:41303] with ContainerStateMachine:uninitialized
2019-07-15 13:27:09,903 INFO  server.RaftServerConfigKeys (ConfUtils.java:logGet(43)) - raft.server.rpc.timeout.min = 5s (custom)
2019-07-15 13:27:09,903 INFO  server.RaftServerConfigKeys (ConfUtils.java:logGet(43)) - raft.server.rpc.timeout.max = 5200ms (custom)
2019-07-15 13:27:09,903 INFO  server.RaftServerConfigKeys (ConfUtils.java:logGet(43)) - raft.server.rpcslowness.timeout = 120s (custom)
2019-07-15 13:27:09,903 INFO  server.RaftServerConfigKeys (ConfUtils.java:logGet(43)) - raft.server.sleep.deviation.threshold = 300 (default)
2019-07-15 13:27:09,903 INFO  server.RaftServerConfigKeys (ConfUtils.java:logGet(43)) - raft.server.log.appender.install.snapshot.enabled = false (custom)
2019-07-15 13:27:09,903 INFO  impl.RaftServerImpl (ServerState.java:<init>(105)) - c796b250-bd8d-4171-9bfe-8e2128022b75:group-6ADFD716F9D0 ConfigurationManager, init=-1: [ca58aa5f-d246-4e10-80d5-cb1a2c0fb0a7:192.168.157.240:40638, c796b250-bd8d-4171-9bfe-8e2128022b75:192.168.157.240:44407, cd6ca1b0-e985-43dd-a8fd-5a7db7002121:192.168.157.240:41303], old=null, confs=<EMPTY_MAP>
2019-07-15 13:27:09,903 INFO  server.RaftServerConfigKeys (ConfUtils.java:logGet(43)) - raft.server.storage.dir = [/workdir/hadoop-ozone/integration-test/target/test-dir/MiniOzoneClusterImpl-db8233b4-32fe-42d4-b03b-a856ad868dc3/datanode-0/data/ratis] (custom)
2019-07-15 13:27:09,904 INFO  impl.RaftServerImpl (RaftServerImpl.java:<init>(93)) - ca58aa5f-d246-4e10-80d5-cb1a2c0fb0a7: new RaftServerImpl for group-6ADFD716F9D0:[ca58aa5f-d246-4e10-80d5-cb1a2c0fb0a7:192.168.157.240:40638, c796b250-bd8d-4171-9bfe-8e2128022b75:192.168.157.240:44407, cd6ca1b0-e985-43dd-a8fd-5a7db7002121:192.168.157.240:41303] with ContainerStateMachine:uninitialized
2019-07-15 13:27:09,904 INFO  storage.RaftStorageDirectory (RaftStorageDirectory.java:analyzeStorage(246)) - The storage directory /workdir/hadoop-ozone/integration-test/target/test-dir/MiniOzoneClusterImpl-db8233b4-32fe-42d4-b03b-a856ad868dc3/datanode-0/data/ratis/352bcc25-b668-4544-9280-6adfd716f9d0 does not exist. Creating ...
2019-07-15 13:27:09,904 INFO  server.RaftServerConfigKeys (ConfUtils.java:logGet(43)) - raft.server.rpc.timeout.min = 5s (custom)
2019-07-15 13:27:09,904 INFO  server.RaftServerConfigKeys (ConfUtils.java:logGet(43)) - raft.server.rpc.timeout.max = 5200ms (custom)
2019-07-15 13:27:09,904 INFO  server.RaftServerConfigKeys (ConfUtils.java:logGet(43)) - raft.server.rpcslowness.timeout = 120s (custom)
2019-07-15 13:27:09,904 INFO  impl.RaftServerImpl (RaftServerImpl.java:<init>(93)) - cd6ca1b0-e985-43dd-a8fd-5a7db7002121: new RaftServerImpl for group-6ADFD716F9D0:[ca58aa5f-d246-4e10-80d5-cb1a2c0fb0a7:192.168.157.240:40638, c796b250-bd8d-4171-9bfe-8e2128022b75:192.168.157.240:44407, cd6ca1b0-e985-43dd-a8fd-5a7db7002121:192.168.157.240:41303] with ContainerStateMachine:uninitialized
2019-07-15 13:27:09,904 INFO  server.RaftServerConfigKeys (ConfUtils.java:logGet(43)) - raft.server.sleep.deviation.threshold = 300 (default)
2019-07-15 13:27:09,905 INFO  server.RaftServerConfigKeys (ConfUtils.java:logGet(43)) - raft.server.rpc.timeout.min = 5s (custom)
2019-07-15 13:27:09,905 INFO  server.RaftServerConfigKeys (ConfUtils.java:logGet(43)) - raft.server.log.appender.install.snapshot.enabled = false (custom)
2019-07-15 13:27:09,905 INFO  server.RaftServerConfigKeys (ConfUtils.java:logGet(43)) - raft.server.rpc.timeout.max = 5200ms (custom)
2019-07-15 13:27:09,905 INFO  impl.RaftServerImpl (ServerState.java:<init>(105)) - ca58aa5f-d246-4e10-80d5-cb1a2c0fb0a7:group-6ADFD716F9D0 ConfigurationManager, init=-1: [ca58aa5f-d246-4e10-80d5-cb1a2c0fb0a7:192.168.157.240:40638, c796b250-bd8d-4171-9bfe-8e2128022b75:192.168.157.240:44407, cd6ca1b0-e985-43dd-a8fd-5a7db7002121:192.168.157.240:41303], old=null, confs=<EMPTY_MAP>
2019-07-15 13:27:09,905 INFO  server.RaftServerConfigKeys (ConfUtils.java:logGet(43)) - raft.server.rpcslowness.timeout = 120s (custom)
2019-07-15 13:27:09,905 INFO  server.RaftServerConfigKeys (ConfUtils.java:logGet(43)) - raft.server.storage.dir = [/workdir/hadoop-ozone/integration-test/target/test-dir/MiniOzoneClusterImpl-db8233b4-32fe-42d4-b03b-a856ad868dc3/datanode-1/data/ratis] (custom)
2019-07-15 13:27:09,905 INFO  server.RaftServerConfigKeys (ConfUtils.java:logGet(43)) - raft.server.sleep.deviation.threshold = 300 (default)
2019-07-15 13:27:09,906 INFO  server.RaftServerConfigKeys (ConfUtils.java:logGet(43)) - raft.server.log.appender.install.snapshot.enabled = false (custom)
2019-07-15 13:27:09,906 INFO  impl.RaftServerImpl (ServerState.java:<init>(105)) - cd6ca1b0-e985-43dd-a8fd-5a7db7002121:group-6ADFD716F9D0 ConfigurationManager, init=-1: [ca58aa5f-d246-4e10-80d5-cb1a2c0fb0a7:192.168.157.240:40638, c796b250-bd8d-4171-9bfe-8e2128022b75:192.168.157.240:44407, cd6ca1b0-e985-43dd-a8fd-5a7db7002121:192.168.157.240:41303], old=null, confs=<EMPTY_MAP>
2019-07-15 13:27:09,906 INFO  storage.RaftStorageDirectory (RaftStorageDirectory.java:analyzeStorage(246)) - The storage directory /workdir/hadoop-ozone/integration-test/target/test-dir/MiniOzoneClusterImpl-db8233b4-32fe-42d4-b03b-a856ad868dc3/datanode-1/data/ratis/352bcc25-b668-4544-9280-6adfd716f9d0 does not exist. Creating ...
2019-07-15 13:27:09,906 INFO  server.RaftServerConfigKeys (ConfUtils.java:logGet(43)) - raft.server.storage.dir = [/workdir/hadoop-ozone/integration-test/target/test-dir/MiniOzoneClusterImpl-db8233b4-32fe-42d4-b03b-a856ad868dc3/datanode-4/data/ratis] (custom)
2019-07-15 13:27:09,906 INFO  storage.RaftStorageDirectory (RaftStorageDirectory.java:analyzeStorage(246)) - The storage directory /workdir/hadoop-ozone/integration-test/target/test-dir/MiniOzoneClusterImpl-db8233b4-32fe-42d4-b03b-a856ad868dc3/datanode-4/data/ratis/352bcc25-b668-4544-9280-6adfd716f9d0 does not exist. Creating ...
2019-07-15 13:27:09,917 INFO  storage.RaftStorageDirectory (RaftStorageDirectory.java:tryLock(328)) - Lock on /workdir/hadoop-ozone/integration-test/target/test-dir/MiniOzoneClusterImpl-db8233b4-32fe-42d4-b03b-a856ad868dc3/datanode-0/data/ratis/352bcc25-b668-4544-9280-6adfd716f9d0/in_use.lock acquired by nodename 24799@trunk-nightly-hvlc9-701369690
2019-07-15 13:27:09,917 INFO  storage.RaftStorageDirectory (RaftStorageDirectory.java:tryLock(328)) - Lock on /workdir/hadoop-ozone/integration-test/target/test-dir/MiniOzoneClusterImpl-db8233b4-32fe-42d4-b03b-a856ad868dc3/datanode-4/data/ratis/352bcc25-b668-4544-9280-6adfd716f9d0/in_use.lock acquired by nodename 24799@trunk-nightly-hvlc9-701369690
2019-07-15 13:27:09,917 INFO  storage.RaftStorageDirectory (RaftStorageDirectory.java:tryLock(328)) - Lock on /workdir/hadoop-ozone/integration-test/target/test-dir/MiniOzoneClusterImpl-db8233b4-32fe-42d4-b03b-a856ad868dc3/datanode-1/data/ratis/352bcc25-b668-4544-9280-6adfd716f9d0/in_use.lock acquired by nodename 24799@trunk-nightly-hvlc9-701369690
2019-07-15 13:27:09,931 INFO  storage.RaftStorage (RaftStorage.java:format(72)) - Storage directory /workdir/hadoop-ozone/integration-test/target/test-dir/MiniOzoneClusterImpl-db8233b4-32fe-42d4-b03b-a856ad868dc3/datanode-0/data/ratis/352bcc25-b668-4544-9280-6adfd716f9d0 has been successfully formatted.
2019-07-15 13:27:09,931 INFO  storage.RaftStorage (RaftStorage.java:format(72)) - Storage directory /workdir/hadoop-ozone/integration-test/target/test-dir/MiniOzoneClusterImpl-db8233b4-32fe-42d4-b03b-a856ad868dc3/datanode-4/data/ratis/352bcc25-b668-4544-9280-6adfd716f9d0 has been successfully formatted.
2019-07-15 13:27:09,931 INFO  ratis.ContainerStateMachine (ContainerStateMachine.java:loadSnapshot(200)) - group-6ADFD716F9D0: The snapshot info is null. Setting the last applied indexto:(t:0, i:~)
2019-07-15 13:27:09,931 INFO  storage.RaftStorage (RaftStorage.java:format(72)) - Storage directory /workdir/hadoop-ozone/integration-test/target/test-dir/MiniOzoneClusterImpl-db8233b4-32fe-42d4-b03b-a856ad868dc3/datanode-1/data/ratis/352bcc25-b668-4544-9280-6adfd716f9d0 has been successfully formatted.
2019-07-15 13:27:09,931 INFO  ratis.ContainerStateMachine (ContainerStateMachine.java:loadSnapshot(200)) - group-6ADFD716F9D0: The snapshot info is null. Setting the last applied indexto:(t:0, i:~)
2019-07-15 13:27:09,931 INFO  server.RaftServerConfigKeys (ConfUtils.java:logGet(43)) - raft.server.leader.election.timeout = 120s (custom)
2019-07-15 13:27:09,932 INFO  server.RaftServerConfigKeys (ConfUtils.java:logGet(43)) - raft.server.leader.election.timeout = 120s (custom)
2019-07-15 13:27:09,931 INFO  ratis.ContainerStateMachine (ContainerStateMachine.java:loadSnapshot(200)) - group-6ADFD716F9D0: The snapshot info is null. Setting the last applied indexto:(t:0, i:~)
2019-07-15 13:27:09,932 INFO  server.RaftServerConfigKeys (ConfUtils.java:logGet(43)) - raft.server.log.use.memory = false (default)
2019-07-15 13:27:09,932 INFO  server.RaftServerConfigKeys (ConfUtils.java:logGet(43)) - raft.server.log.use.memory = false (default)
2019-07-15 13:27:09,932 INFO  server.RaftServerConfigKeys (ConfUtils.java:logGet(43)) - raft.server.log.purge.gap = 1000000000 (custom)
2019-07-15 13:27:09,932 INFO  server.RaftServerConfigKeys (ConfUtils.java:logGet(43)) - raft.server.leader.election.timeout = 120s (custom)
2019-07-15 13:27:09,932 INFO  server.RaftServerConfigKeys (ConfUtils.java:logGet(43)) - raft.server.log.appender.buffer.byte-limit = 33554432 (custom)
2019-07-15 13:27:09,932 INFO  server.RaftServerConfigKeys (ConfUtils.java:logGet(43)) - raft.server.log.purge.gap = 1000000000 (custom)
2019-07-15 13:27:09,933 INFO  server.RaftServerConfigKeys (ConfUtils.java:logGet(43)) - raft.server.log.segment.size.max = 1048576 (custom)
2019-07-15 13:27:09,932 INFO  server.RaftServerConfigKeys (ConfUtils.java:logGet(43)) - raft.server.log.use.memory = false (default)
2019-07-15 13:27:09,933 INFO  server.RaftServerConfigKeys (ConfUtils.java:logGet(43)) - raft.server.log.segment.cache.num.max = 2 (custom)
2019-07-15 13:27:09,933 INFO  server.RaftServerConfigKeys (ConfUtils.java:logGet(43)) - raft.server.log.appender.buffer.byte-limit = 33554432 (custom)
2019-07-15 13:27:09,933 INFO  segmented.SegmentedRaftLogWorker (SegmentedRaftLogWorker.java:<init>(172)) - new cd6ca1b0-e985-43dd-a8fd-5a7db7002121-SegmentedRaftLogWorker:Storage Directory /workdir/hadoop-ozone/integration-test/target/test-dir/MiniOzoneClusterImpl-db8233b4-32fe-42d4-b03b-a856ad868dc3/datanode-4/data/ratis/352bcc25-b668-4544-9280-6adfd716f9d0 for RaftStorage:Storage Directory /workdir/hadoop-ozone/integration-test/target/test-dir/MiniOzoneClusterImpl-db8233b4-32fe-42d4-b03b-a856ad868dc3/datanode-4/data/ratis/352bcc25-b668-4544-9280-6adfd716f9d0
2019-07-15 13:27:09,933 INFO  server.RaftServerConfigKeys (ConfUtils.java:logGet(43)) - raft.server.log.purge.gap = 1000000000 (custom)
2019-07-15 13:27:09,933 INFO  server.RaftServerConfigKeys (ConfUtils.java:logGet(43)) - raft.server.log.queue.byte-limit = 2147483647 (custom)
2019-07-15 13:27:09,933 INFO  server.RaftServerConfigKeys (ConfUtils.java:logGet(43)) - raft.server.log.segment.size.max = 1048576 (custom)
2019-07-15 13:27:09,935 INFO  server.RaftServerConfigKeys (ConfUtils.java:logGet(43)) - raft.server.log.queue.element-limit = 1024 (custom)
2019-07-15 13:27:09,934 INFO  server.RaftServerConfigKeys (ConfUtils.java:logGet(43)) - raft.server.log.appender.buffer.byte-limit = 33554432 (custom)
2019-07-15 13:27:09,936 INFO  server.RaftServerConfigKeys (ConfUtils.java:logGet(43)) - raft.server.log.segment.size.max = 1048576 (custom)
2019-07-15 13:27:09,936 INFO  server.RaftServerConfigKeys (ConfUtils.java:logGet(43)) - raft.server.log.segment.cache.num.max = 2 (custom)
2019-07-15 13:27:09,936 INFO  server.RaftServerConfigKeys (ConfUtils.java:logGet(43)) - raft.server.log.preallocated.size = 16384 (custom)
2019-07-15 13:27:09,936 INFO  server.RaftServerConfigKeys (ConfUtils.java:logGet(43)) - raft.server.log.segment.size.max = 1048576 (custom)
2019-07-15 13:27:09,936 INFO  server.RaftServerConfigKeys (ConfUtils.java:logGet(43)) - raft.server.log.write.buffer.size = 33554432 (custom)
2019-07-15 13:27:09,936 INFO  segmented.SegmentedRaftLogWorker (SegmentedRaftLogWorker.java:<init>(172)) - new c796b250-bd8d-4171-9bfe-8e2128022b75-SegmentedRaftLogWorker:Storage Directory /workdir/hadoop-ozone/integration-test/target/test-dir/MiniOzoneClusterImpl-db8233b4-32fe-42d4-b03b-a856ad868dc3/datanode-0/data/ratis/352bcc25-b668-4544-9280-6adfd716f9d0 for RaftStorage:Storage Directory /workdir/hadoop-ozone/integration-test/target/test-dir/MiniOzoneClusterImpl-db8233b4-32fe-42d4-b03b-a856ad868dc3/datanode-0/data/ratis/352bcc25-b668-4544-9280-6adfd716f9d0
2019-07-15 13:27:09,937 INFO  server.RaftServerConfigKeys (ConfUtils.java:logGet(43)) - raft.server.log.force.sync.num = 128 (default)
2019-07-15 13:27:09,937 INFO  server.RaftServerConfigKeys (ConfUtils.java:logGet(43)) - raft.server.log.segment.cache.num.max = 2 (custom)
2019-07-15 13:27:09,937 INFO  server.RaftServerConfigKeys (ConfUtils.java:logGet(43)) - raft.server.log.statemachine.data.sync = true (default)
2019-07-15 13:27:09,937 INFO  server.RaftServerConfigKeys (ConfUtils.java:logGet(43)) - raft.server.log.queue.byte-limit = 2147483647 (custom)
2019-07-15 13:27:09,939 INFO  server.RaftServerConfigKeys (ConfUtils.java:logGet(43)) - raft.server.log.statemachine.data.sync.timeout = 10s (default)
2019-07-15 13:27:09,939 INFO  segmented.SegmentedRaftLogWorker (SegmentedRaftLogWorker.java:<init>(172)) - new ca58aa5f-d246-4e10-80d5-cb1a2c0fb0a7-SegmentedRaftLogWorker:Storage Directory /workdir/hadoop-ozone/integration-test/target/test-dir/MiniOzoneClusterImpl-db8233b4-32fe-42d4-b03b-a856ad868dc3/datanode-1/data/ratis/352bcc25-b668-4544-9280-6adfd716f9d0 for RaftStorage:Storage Directory /workdir/hadoop-ozone/integration-test/target/test-dir/MiniOzoneClusterImpl-db8233b4-32fe-42d4-b03b-a856ad868dc3/datanode-1/data/ratis/352bcc25-b668-4544-9280-6adfd716f9d0
2019-07-15 13:27:09,939 INFO  server.RaftServerConfigKeys (ConfUtils.java:logGet(43)) - raft.server.log.statemachine.data.sync.timeout.retry = -1 (default)
2019-07-15 13:27:09,939 INFO  server.RaftServerConfigKeys (ConfUtils.java:logGet(43)) - raft.server.log.queue.element-limit = 1024 (custom)
2019-07-15 13:27:09,941 INFO  server.RaftServerConfigKeys (ConfUtils.java:logGet(43)) - raft.server.log.statemachine.data.caching.enabled = true (custom)
2019-07-15 13:27:09,939 INFO  server.RaftServerConfigKeys (ConfUtils.java:logGet(43)) - raft.server.log.queue.byte-limit = 2147483647 (custom)
2019-07-15 13:27:09,941 INFO  server.RaftServerConfigKeys (ConfUtils.java:logGet(43)) - raft.server.log.segment.size.max = 1048576 (custom)
2019-07-15 13:27:09,941 INFO  server.RaftServerConfigKeys (ConfUtils.java:logGet(43)) - raft.server.log.queue.element-limit = 1024 (custom)
2019-07-15 13:27:09,941 INFO  server.RaftServerConfigKeys (ConfUtils.java:logGet(43)) - raft.server.log.preallocated.size = 16384 (custom)
2019-07-15 13:27:09,941 INFO  segmented.SegmentedRaftLogWorker (SegmentedRaftLogWorker.java:lambda$new$0(132)) - cd6ca1b0-e985-43dd-a8fd-5a7db7002121-SegmentedRaftLogWorker:Storage Directory /workdir/hadoop-ozone/integration-test/target/test-dir/MiniOzoneClusterImpl-db8233b4-32fe-42d4-b03b-a856ad868dc3/datanode-4/data/ratis/352bcc25-b668-4544-9280-6adfd716f9d0: flushIndex: setUnconditionally 0 -> -1
2019-07-15 13:27:09,942 INFO  server.RaftServerConfigKeys (ConfUtils.java:logGet(43)) - raft.server.log.write.buffer.size = 33554432 (custom)
2019-07-15 13:27:09,942 INFO  server.RaftServerConfigKeys (ConfUtils.java:logGet(43)) - raft.server.log.force.sync.num = 128 (default)
2019-07-15 13:27:09,941 INFO  server.RaftServerConfigKeys (ConfUtils.java:logGet(43)) - raft.server.log.segment.size.max = 1048576 (custom)
2019-07-15 13:27:09,942 INFO  server.RaftServerConfigKeys (ConfUtils.java:logGet(43)) - raft.server.log.statemachine.data.sync = true (default)
2019-07-15 13:27:09,942 INFO  server.RaftServerConfigKeys (ConfUtils.java:logGet(43)) - raft.server.snapshot.auto.trigger.enabled = true (custom)
2019-07-15 13:27:09,942 INFO  server.RaftServerConfigKeys (ConfUtils.java:logGet(43)) - raft.server.log.statemachine.data.sync.timeout = 10s (default)
2019-07-15 13:27:09,942 INFO  server.RaftServerConfigKeys (ConfUtils.java:logGet(43)) - raft.server.log.statemachine.data.sync.timeout.retry = -1 (default)
2019-07-15 13:27:09,942 INFO  server.RaftServerConfigKeys (ConfUtils.java:logGet(43)) - raft.server.log.preallocated.size = 16384 (custom)
2019-07-15 13:27:09,943 INFO  server.RaftServerConfigKeys (ConfUtils.java:logGet(43)) - raft.server.log.statemachine.data.caching.enabled = true (custom)
2019-07-15 13:27:09,942 INFO  server.RaftServerConfigKeys (ConfUtils.java:logGet(43)) - raft.server.snapshot.auto.trigger.threshold = 10000 (custom)
2019-07-15 13:27:09,943 INFO  server.RaftServerConfigKeys (ConfUtils.java:logGet(43)) - raft.server.log.write.buffer.size = 33554432 (custom)
2019-07-15 13:27:09,943 INFO  server.RaftServerConfigKeys (ConfUtils.java:logGet(43)) - raft.server.retrycache.expirytime = 600000ms (custom)
2019-07-15 13:27:09,943 INFO  segmented.SegmentedRaftLogWorker (SegmentedRaftLogWorker.java:lambda$new$0(132)) - c796b250-bd8d-4171-9bfe-8e2128022b75-SegmentedRaftLogWorker:Storage Directory /workdir/hadoop-ozone/integration-test/target/test-dir/MiniOzoneClusterImpl-db8233b4-32fe-42d4-b03b-a856ad868dc3/datanode-0/data/ratis/352bcc25-b668-4544-9280-6adfd716f9d0: flushIndex: setUnconditionally 0 -> -1
2019-07-15 13:27:09,943 INFO  server.RaftServerConfigKeys (ConfUtils.java:logGet(43)) - raft.server.log.force.sync.num = 128 (default)
2019-07-15 13:27:09,943 INFO  server.RaftServerConfigKeys (ConfUtils.java:logGet(43)) - raft.server.snapshot.auto.trigger.enabled = true (custom)
2019-07-15 13:27:09,943 INFO  impl.RaftServerImpl (RaftServerImpl.java:start(180)) - cd6ca1b0-e985-43dd-a8fd-5a7db7002121: start group-6ADFD716F9D0
2019-07-15 13:27:09,943 INFO  server.RaftServerConfigKeys (ConfUtils.java:logGet(43)) - raft.server.snapshot.auto.trigger.threshold = 10000 (custom)
2019-07-15 13:27:09,943 INFO  server.RaftServerConfigKeys (ConfUtils.java:logGet(43)) - raft.server.log.statemachine.data.sync = true (default)
2019-07-15 13:27:09,944 INFO  server.RaftServerConfigKeys (ConfUtils.java:logGet(43)) - raft.server.retrycache.expirytime = 600000ms (custom)
2019-07-15 13:27:09,944 INFO  impl.RaftServerImpl (RaftServerImpl.java:setRole(171)) - cd6ca1b0-e985-43dd-a8fd-5a7db7002121:group-6ADFD716F9D0 changes role from null to FOLLOWER at term 0 for startAsFollower
2019-07-15 13:27:09,944 INFO  impl.RaftServerImpl (RaftServerImpl.java:start(180)) - c796b250-bd8d-4171-9bfe-8e2128022b75: start group-6ADFD716F9D0
2019-07-15 13:27:09,944 INFO  impl.RoleInfo (RoleInfo.java:updateAndGet(143)) - cd6ca1b0-e985-43dd-a8fd-5a7db7002121: start FollowerState
2019-07-15 13:27:09,944 INFO  server.RaftServerConfigKeys (ConfUtils.java:logGet(43)) - raft.server.log.statemachine.data.sync.timeout = 10s (default)
2019-07-15 13:27:09,944 INFO  impl.RaftServerImpl (RaftServerImpl.java:setRole(171)) - c796b250-bd8d-4171-9bfe-8e2128022b75:group-6ADFD716F9D0 changes role from null to FOLLOWER at term 0 for startAsFollower
2019-07-15 13:27:09,944 INFO  server.RaftServerConfigKeys (ConfUtils.java:logGet(43)) - raft.server.log.statemachine.data.sync.timeout.retry = -1 (default)
2019-07-15 13:27:09,945 INFO  util.JmxRegister (JmxRegister.java:tryRegister(44)) - Successfully registered JMX Bean with object name Ratis:service=RaftServer,group=group-6ADFD716F9D0,id=cd6ca1b0-e985-43dd-a8fd-5a7db7002121
2019-07-15 13:27:09,944 INFO  impl.RoleInfo (RoleInfo.java:updateAndGet(143)) - c796b250-bd8d-4171-9bfe-8e2128022b75: start FollowerState
2019-07-15 13:27:09,945 INFO  server.RaftServerConfigKeys (ConfUtils.java:logGet(43)) - raft.server.log.statemachine.data.caching.enabled = true (custom)
2019-07-15 13:27:09,945 INFO  util.JmxRegister (JmxRegister.java:tryRegister(44)) - Successfully registered JMX Bean with object name Ratis:service=RaftServer,group=group-6ADFD716F9D0,id=c796b250-bd8d-4171-9bfe-8e2128022b75
2019-07-15 13:27:09,945 INFO  segmented.SegmentedRaftLogWorker (SegmentedRaftLogWorker.java:lambda$new$0(132)) - ca58aa5f-d246-4e10-80d5-cb1a2c0fb0a7-SegmentedRaftLogWorker:Storage Directory /workdir/hadoop-ozone/integration-test/target/test-dir/MiniOzoneClusterImpl-db8233b4-32fe-42d4-b03b-a856ad868dc3/datanode-1/data/ratis/352bcc25-b668-4544-9280-6adfd716f9d0: flushIndex: setUnconditionally 0 -> -1
2019-07-15 13:27:09,945 INFO  server.RaftServerConfigKeys (ConfUtils.java:logGet(43)) - raft.server.snapshot.auto.trigger.enabled = true (custom)
2019-07-15 13:27:09,946 INFO  server.RaftServerConfigKeys (ConfUtils.java:logGet(43)) - raft.server.snapshot.auto.trigger.threshold = 10000 (custom)
2019-07-15 13:27:09,946 INFO  server.RaftServerConfigKeys (ConfUtils.java:logGet(43)) - raft.server.retrycache.expirytime = 600000ms (custom)
2019-07-15 13:27:09,946 INFO  impl.RaftServerImpl (RaftServerImpl.java:start(180)) - ca58aa5f-d246-4e10-80d5-cb1a2c0fb0a7: start group-6ADFD716F9D0
2019-07-15 13:27:09,946 INFO  impl.RaftServerImpl (RaftServerImpl.java:setRole(171)) - ca58aa5f-d246-4e10-80d5-cb1a2c0fb0a7:group-6ADFD716F9D0 changes role from null to FOLLOWER at term 0 for startAsFollower
2019-07-15 13:27:09,946 INFO  impl.RoleInfo (RoleInfo.java:updateAndGet(143)) - ca58aa5f-d246-4e10-80d5-cb1a2c0fb0a7: start FollowerState
2019-07-15 13:27:09,947 INFO  util.JmxRegister (JmxRegister.java:tryRegister(44)) - Successfully registered JMX Bean with object name Ratis:service=RaftServer,group=group-6ADFD716F9D0,id=ca58aa5f-d246-4e10-80d5-cb1a2c0fb0a7
2019-07-15 13:27:09,964 INFO  pipeline.PipelineStateManager (PipelineStateManager.java:addPipeline(56)) - Created pipeline Pipeline[ Id: 352bcc25-b668-4544-9280-6adfd716f9d0, Nodes: c796b250-bd8d-4171-9bfe-8e2128022b75{ip: 192.168.157.240, host: trunk-nightly-hvlc9-701369690, networkLocation: /default-rack, certSerialId: null}cd6ca1b0-e985-43dd-a8fd-5a7db7002121{ip: 192.168.157.240, host: trunk-nightly-hvlc9-701369690, networkLocation: /default-rack, certSerialId: null}ca58aa5f-d246-4e10-80d5-cb1a2c0fb0a7{ip: 192.168.157.240, host: trunk-nightly-hvlc9-701369690, networkLocation: /default-rack, certSerialId: null}, Type:RATIS, Factor:THREE, State:OPEN]
2019-07-15 13:27:09,987 INFO  impl.RaftServerProxy (RaftServerProxy.java:addNew(89)) - e372fc8d-0466-4805-bcd9-18ddd93608a2: addNew group-3C72612B3E5A:[d4dde5ca-0464-4034-8921-3c14cd661a1e:192.168.157.240:39973, 206de66f-4ae4-470e-83ff-8c47a5fcbe27:192.168.157.240:45958, e372fc8d-0466-4805-bcd9-18ddd93608a2:192.168.157.240:35169] returns group-3C72612B3E5A:java.util.concurrent.CompletableFuture@55ed2315[Not completed]
2019-07-15 13:27:09,989 INFO  impl.RaftServerProxy (RaftServerProxy.java:addNew(89)) - 206de66f-4ae4-470e-83ff-8c47a5fcbe27: addNew group-3C72612B3E5A:[d4dde5ca-0464-4034-8921-3c14cd661a1e:192.168.157.240:39973, 206de66f-4ae4-470e-83ff-8c47a5fcbe27:192.168.157.240:45958, e372fc8d-0466-4805-bcd9-18ddd93608a2:192.168.157.240:35169] returns group-3C72612B3E5A:java.util.concurrent.CompletableFuture@336d25aa[Not completed]
2019-07-15 13:27:09,991 INFO  impl.RaftServerImpl (RaftServerImpl.java:<init>(93)) - e372fc8d-0466-4805-bcd9-18ddd93608a2: new RaftServerImpl for group-3C72612B3E5A:[d4dde5ca-0464-4034-8921-3c14cd661a1e:192.168.157.240:39973, 206de66f-4ae4-470e-83ff-8c47a5fcbe27:192.168.157.240:45958, e372fc8d-0466-4805-bcd9-18ddd93608a2:192.168.157.240:35169] with ContainerStateMachine:uninitialized
2019-07-15 13:27:09,992 INFO  server.RaftServerConfigKeys (ConfUtils.java:logGet(43)) - raft.server.rpc.timeout.min = 5s (custom)
2019-07-15 13:27:09,992 INFO  impl.RaftServerProxy (RaftServerProxy.java:addNew(89)) - d4dde5ca-0464-4034-8921-3c14cd661a1e: addNew group-3C72612B3E5A:[d4dde5ca-0464-4034-8921-3c14cd661a1e:192.168.157.240:39973, 206de66f-4ae4-470e-83ff-8c47a5fcbe27:192.168.157.240:45958, e372fc8d-0466-4805-bcd9-18ddd93608a2:192.168.157.240:35169] returns group-3C72612B3E5A:java.util.concurrent.CompletableFuture@7d321f8a[Not completed]
2019-07-15 13:27:09,992 INFO  server.RaftServerConfigKeys (ConfUtils.java:logGet(43)) - raft.server.rpc.timeout.max = 5200ms (custom)
2019-07-15 13:27:09,992 INFO  server.RaftServerConfigKeys (ConfUtils.java:logGet(43)) - raft.server.rpcslowness.timeout = 120s (custom)
2019-07-15 13:27:09,992 INFO  server.RaftServerConfigKeys (ConfUtils.java:logGet(43)) - raft.server.sleep.deviation.threshold = 300 (default)
2019-07-15 13:27:09,993 INFO  server.RaftServerConfigKeys (ConfUtils.java:logGet(43)) - raft.server.log.appender.install.snapshot.enabled = false (custom)
2019-07-15 13:27:09,993 INFO  impl.RaftServerImpl (ServerState.java:<init>(105)) - e372fc8d-0466-4805-bcd9-18ddd93608a2:group-3C72612B3E5A ConfigurationManager, init=-1: [d4dde5ca-0464-4034-8921-3c14cd661a1e:192.168.157.240:39973, 206de66f-4ae4-470e-83ff-8c47a5fcbe27:192.168.157.240:45958, e372fc8d-0466-4805-bcd9-18ddd93608a2:192.168.157.240:35169], old=null, confs=<EMPTY_MAP>
2019-07-15 13:27:09,993 INFO  server.RaftServerConfigKeys (ConfUtils.java:logGet(43)) - raft.server.storage.dir = [/workdir/hadoop-ozone/integration-test/target/test-dir/MiniOzoneClusterImpl-db8233b4-32fe-42d4-b03b-a856ad868dc3/datanode-2/data/ratis] (custom)
2019-07-15 13:27:09,993 INFO  impl.RaftServerImpl (RaftServerImpl.java:<init>(93)) - 206de66f-4ae4-470e-83ff-8c47a5fcbe27: new RaftServerImpl for group-3C72612B3E5A:[d4dde5ca-0464-4034-8921-3c14cd661a1e:192.168.157.240:39973, 206de66f-4ae4-470e-83ff-8c47a5fcbe27:192.168.157.240:45958, e372fc8d-0466-4805-bcd9-18ddd93608a2:192.168.157.240:35169] with ContainerStateMachine:uninitialized
2019-07-15 13:27:09,993 INFO  storage.RaftStorageDirectory (RaftStorageDirectory.java:analyzeStorage(246)) - The storage directory /workdir/hadoop-ozone/integration-test/target/test-dir/MiniOzoneClusterImpl-db8233b4-32fe-42d4-b03b-a856ad868dc3/datanode-2/data/ratis/18cd821b-3de6-4b39-9a74-3c72612b3e5a does not exist. Creating ...
2019-07-15 13:27:09,993 INFO  server.RaftServerConfigKeys (ConfUtils.java:logGet(43)) - raft.server.rpc.timeout.min = 5s (custom)
2019-07-15 13:27:09,993 INFO  server.RaftServerConfigKeys (ConfUtils.java:logGet(43)) - raft.server.rpc.timeout.max = 5200ms (custom)
2019-07-15 13:27:09,994 INFO  server.RaftServerConfigKeys (ConfUtils.java:logGet(43)) - raft.server.rpcslowness.timeout = 120s (custom)
2019-07-15 13:27:09,994 INFO  impl.RaftServerImpl (RaftServerImpl.java:<init>(93)) - d4dde5ca-0464-4034-8921-3c14cd661a1e: new RaftServerImpl for group-3C72612B3E5A:[d4dde5ca-0464-4034-8921-3c14cd661a1e:192.168.157.240:39973, 206de66f-4ae4-470e-83ff-8c47a5fcbe27:192.168.157.240:45958, e372fc8d-0466-4805-bcd9-18ddd93608a2:192.168.157.240:35169] with ContainerStateMachine:uninitialized
2019-07-15 13:27:09,994 INFO  server.RaftServerConfigKeys (ConfUtils.java:logGet(43)) - raft.server.sleep.deviation.threshold = 300 (default)
2019-07-15 13:27:09,994 INFO  server.RaftServerConfigKeys (ConfUtils.java:logGet(43)) - raft.server.rpc.timeout.min = 5s (custom)
2019-07-15 13:27:09,994 INFO  server.RaftServerConfigKeys (ConfUtils.java:logGet(43)) - raft.server.log.appender.install.snapshot.enabled = false (custom)
2019-07-15 13:27:09,994 INFO  server.RaftServerConfigKeys (ConfUtils.java:logGet(43)) - raft.server.rpc.timeout.max = 5200ms (custom)
2019-07-15 13:27:09,994 INFO  impl.RaftServerImpl (ServerState.java:<init>(105)) - 206de66f-4ae4-470e-83ff-8c47a5fcbe27:group-3C72612B3E5A ConfigurationManager, init=-1: [d4dde5ca-0464-4034-8921-3c14cd661a1e:192.168.157.240:39973, 206de66f-4ae4-470e-83ff-8c47a5fcbe27:192.168.157.240:45958, e372fc8d-0466-4805-bcd9-18ddd93608a2:192.168.157.240:35169], old=null, confs=<EMPTY_MAP>
2019-07-15 13:27:09,994 INFO  server.RaftServerConfigKeys (ConfUtils.java:logGet(43)) - raft.server.rpcslowness.timeout = 120s (custom)
2019-07-15 13:27:09,995 INFO  server.RaftServerConfigKeys (ConfUtils.java:logGet(43)) - raft.server.sleep.deviation.threshold = 300 (default)
2019-07-15 13:27:09,995 INFO  server.RaftServerConfigKeys (ConfUtils.java:logGet(43)) - raft.server.storage.dir = [/workdir/hadoop-ozone/integration-test/target/test-dir/MiniOzoneClusterImpl-db8233b4-32fe-42d4-b03b-a856ad868dc3/datanode-5/data/ratis] (custom)
2019-07-15 13:27:09,995 INFO  server.RaftServerConfigKeys (ConfUtils.java:logGet(43)) - raft.server.log.appender.install.snapshot.enabled = false (custom)
2019-07-15 13:27:09,995 INFO  impl.RaftServerImpl (ServerState.java:<init>(105)) - d4dde5ca-0464-4034-8921-3c14cd661a1e:group-3C72612B3E5A ConfigurationManager, init=-1: [d4dde5ca-0464-4034-8921-3c14cd661a1e:192.168.157.240:39973, 206de66f-4ae4-470e-83ff-8c47a5fcbe27:192.168.157.240:45958, e372fc8d-0466-4805-bcd9-18ddd93608a2:192.168.157.240:35169], old=null, confs=<EMPTY_MAP>
2019-07-15 13:27:09,995 INFO  server.RaftServerConfigKeys (ConfUtils.java:logGet(43)) - raft.server.storage.dir = [/workdir/hadoop-ozone/integration-test/target/test-dir/MiniOzoneClusterImpl-db8233b4-32fe-42d4-b03b-a856ad868dc3/datanode-3/data/ratis] (custom)
2019-07-15 13:27:09,995 INFO  storage.RaftStorageDirectory (RaftStorageDirectory.java:analyzeStorage(246)) - The storage directory /workdir/hadoop-ozone/integration-test/target/test-dir/MiniOzoneClusterImpl-db8233b4-32fe-42d4-b03b-a856ad868dc3/datanode-5/data/ratis/18cd821b-3de6-4b39-9a74-3c72612b3e5a does not exist. Creating ...
2019-07-15 13:27:09,995 INFO  storage.RaftStorageDirectory (RaftStorageDirectory.java:analyzeStorage(246)) - The storage directory /workdir/hadoop-ozone/integration-test/target/test-dir/MiniOzoneClusterImpl-db8233b4-32fe-42d4-b03b-a856ad868dc3/datanode-3/data/ratis/18cd821b-3de6-4b39-9a74-3c72612b3e5a does not exist. Creating ...
2019-07-15 13:27:10,006 INFO  storage.RaftStorageDirectory (RaftStorageDirectory.java:tryLock(328)) - Lock on /workdir/hadoop-ozone/integration-test/target/test-dir/MiniOzoneClusterImpl-db8233b4-32fe-42d4-b03b-a856ad868dc3/datanode-2/data/ratis/18cd821b-3de6-4b39-9a74-3c72612b3e5a/in_use.lock acquired by nodename 24799@trunk-nightly-hvlc9-701369690
2019-07-15 13:27:10,006 INFO  storage.RaftStorageDirectory (RaftStorageDirectory.java:tryLock(328)) - Lock on /workdir/hadoop-ozone/integration-test/target/test-dir/MiniOzoneClusterImpl-db8233b4-32fe-42d4-b03b-a856ad868dc3/datanode-5/data/ratis/18cd821b-3de6-4b39-9a74-3c72612b3e5a/in_use.lock acquired by nodename 24799@trunk-nightly-hvlc9-701369690
2019-07-15 13:27:10,006 INFO  storage.RaftStorageDirectory (RaftStorageDirectory.java:tryLock(328)) - Lock on /workdir/hadoop-ozone/integration-test/target/test-dir/MiniOzoneClusterImpl-db8233b4-32fe-42d4-b03b-a856ad868dc3/datanode-3/data/ratis/18cd821b-3de6-4b39-9a74-3c72612b3e5a/in_use.lock acquired by nodename 24799@trunk-nightly-hvlc9-701369690
2019-07-15 13:27:10,025 INFO  storage.RaftStorage (RaftStorage.java:format(72)) - Storage directory /workdir/hadoop-ozone/integration-test/target/test-dir/MiniOzoneClusterImpl-db8233b4-32fe-42d4-b03b-a856ad868dc3/datanode-2/data/ratis/18cd821b-3de6-4b39-9a74-3c72612b3e5a has been successfully formatted.
2019-07-15 13:27:10,025 INFO  storage.RaftStorage (RaftStorage.java:format(72)) - Storage directory /workdir/hadoop-ozone/integration-test/target/test-dir/MiniOzoneClusterImpl-db8233b4-32fe-42d4-b03b-a856ad868dc3/datanode-3/data/ratis/18cd821b-3de6-4b39-9a74-3c72612b3e5a has been successfully formatted.
2019-07-15 13:27:10,025 INFO  storage.RaftStorage (RaftStorage.java:format(72)) - Storage directory /workdir/hadoop-ozone/integration-test/target/test-dir/MiniOzoneClusterImpl-db8233b4-32fe-42d4-b03b-a856ad868dc3/datanode-5/data/ratis/18cd821b-3de6-4b39-9a74-3c72612b3e5a has been successfully formatted.
2019-07-15 13:27:10,026 INFO  ratis.ContainerStateMachine (ContainerStateMachine.java:loadSnapshot(200)) - group-3C72612B3E5A: The snapshot info is null. Setting the last applied indexto:(t:0, i:~)
2019-07-15 13:27:10,026 INFO  ratis.ContainerStateMachine (ContainerStateMachine.java:loadSnapshot(200)) - group-3C72612B3E5A: The snapshot info is null. Setting the last applied indexto:(t:0, i:~)
2019-07-15 13:27:10,026 INFO  ratis.ContainerStateMachine (ContainerStateMachine.java:loadSnapshot(200)) - group-3C72612B3E5A: The snapshot info is null. Setting the last applied indexto:(t:0, i:~)
2019-07-15 13:27:10,026 INFO  server.RaftServerConfigKeys (ConfUtils.java:logGet(43)) - raft.server.leader.election.timeout = 120s (custom)
2019-07-15 13:27:10,026 INFO  server.RaftServerConfigKeys (ConfUtils.java:logGet(43)) - raft.server.leader.election.timeout = 120s (custom)
2019-07-15 13:27:10,026 INFO  server.RaftServerConfigKeys (ConfUtils.java:logGet(43)) - raft.server.leader.election.timeout = 120s (custom)
2019-07-15 13:27:10,026 INFO  server.RaftServerConfigKeys (ConfUtils.java:logGet(43)) - raft.server.log.use.memory = false (default)
2019-07-15 13:27:10,026 INFO  server.RaftServerConfigKeys (ConfUtils.java:logGet(43)) - raft.server.log.use.memory = false (default)
2019-07-15 13:27:10,027 INFO  server.RaftServerConfigKeys (ConfUtils.java:logGet(43)) - raft.server.log.use.memory = false (default)
2019-07-15 13:27:10,027 INFO  server.RaftServerConfigKeys (ConfUtils.java:logGet(43)) - raft.server.log.purge.gap = 1000000000 (custom)
2019-07-15 13:27:10,027 INFO  server.RaftServerConfigKeys (ConfUtils.java:logGet(43)) - raft.server.log.purge.gap = 1000000000 (custom)
2019-07-15 13:27:10,027 INFO  server.RaftServerConfigKeys (ConfUtils.java:logGet(43)) - raft.server.log.appender.buffer.byte-limit = 33554432 (custom)
2019-07-15 13:27:10,027 INFO  server.RaftServerConfigKeys (ConfUtils.java:logGet(43)) - raft.server.log.purge.gap = 1000000000 (custom)
2019-07-15 13:27:10,027 INFO  server.RaftServerConfigKeys (ConfUtils.java:logGet(43)) - raft.server.log.appender.buffer.byte-limit = 33554432 (custom)
2019-07-15 13:27:10,028 INFO  server.RaftServerConfigKeys (ConfUtils.java:logGet(43)) - raft.server.log.appender.buffer.byte-limit = 33554432 (custom)
2019-07-15 13:27:10,028 INFO  server.RaftServerConfigKeys (ConfUtils.java:logGet(43)) - raft.server.log.segment.size.max = 1048576 (custom)
2019-07-15 13:27:10,028 INFO  server.RaftServerConfigKeys (ConfUtils.java:logGet(43)) - raft.server.log.segment.size.max = 1048576 (custom)
2019-07-15 13:27:10,028 INFO  server.RaftServerConfigKeys (ConfUtils.java:logGet(43)) - raft.server.log.segment.size.max = 1048576 (custom)
2019-07-15 13:27:10,029 INFO  server.RaftServerConfigKeys (ConfUtils.java:logGet(43)) - raft.server.log.segment.cache.num.max = 2 (custom)
2019-07-15 13:27:10,029 INFO  server.RaftServerConfigKeys (ConfUtils.java:logGet(43)) - raft.server.log.segment.cache.num.max = 2 (custom)
2019-07-15 13:27:10,030 INFO  segmented.SegmentedRaftLogWorker (SegmentedRaftLogWorker.java:<init>(172)) - new d4dde5ca-0464-4034-8921-3c14cd661a1e-SegmentedRaftLogWorker:Storage Directory /workdir/hadoop-ozone/integration-test/target/test-dir/MiniOzoneClusterImpl-db8233b4-32fe-42d4-b03b-a856ad868dc3/datanode-3/data/ratis/18cd821b-3de6-4b39-9a74-3c72612b3e5a for RaftStorage:Storage Directory /workdir/hadoop-ozone/integration-test/target/test-dir/MiniOzoneClusterImpl-db8233b4-32fe-42d4-b03b-a856ad868dc3/datanode-3/data/ratis/18cd821b-3de6-4b39-9a74-3c72612b3e5a
2019-07-15 13:27:10,029 INFO  server.RaftServerConfigKeys (ConfUtils.java:logGet(43)) - raft.server.log.segment.cache.num.max = 2 (custom)
2019-07-15 13:27:10,030 INFO  segmented.SegmentedRaftLogWorker (SegmentedRaftLogWorker.java:<init>(172)) - new 206de66f-4ae4-470e-83ff-8c47a5fcbe27-SegmentedRaftLogWorker:Storage Directory /workdir/hadoop-ozone/integration-test/target/test-dir/MiniOzoneClusterImpl-db8233b4-32fe-42d4-b03b-a856ad868dc3/datanode-5/data/ratis/18cd821b-3de6-4b39-9a74-3c72612b3e5a for RaftStorage:Storage Directory /workdir/hadoop-ozone/integration-test/target/test-dir/MiniOzoneClusterImpl-db8233b4-32fe-42d4-b03b-a856ad868dc3/datanode-5/data/ratis/18cd821b-3de6-4b39-9a74-3c72612b3e5a
2019-07-15 13:27:10,030 INFO  server.RaftServerConfigKeys (ConfUtils.java:logGet(43)) - raft.server.log.queue.byte-limit = 2147483647 (custom)
2019-07-15 13:27:10,030 INFO  segmented.SegmentedRaftLogWorker (SegmentedRaftLogWorker.java:<init>(172)) - new e372fc8d-0466-4805-bcd9-18ddd93608a2-SegmentedRaftLogWorker:Storage Directory /workdir/hadoop-ozone/integration-test/target/test-dir/MiniOzoneClusterImpl-db8233b4-32fe-42d4-b03b-a856ad868dc3/datanode-2/data/ratis/18cd821b-3de6-4b39-9a74-3c72612b3e5a for RaftStorage:Storage Directory /workdir/hadoop-ozone/integration-test/target/test-dir/MiniOzoneClusterImpl-db8233b4-32fe-42d4-b03b-a856ad868dc3/datanode-2/data/ratis/18cd821b-3de6-4b39-9a74-3c72612b3e5a
2019-07-15 13:27:10,048 INFO  server.RaftServerConfigKeys (ConfUtils.java:logGet(43)) - raft.server.log.queue.element-limit = 1024 (custom)
2019-07-15 13:27:10,045 INFO  server.RaftServerConfigKeys (ConfUtils.java:logGet(43)) - raft.server.log.queue.byte-limit = 2147483647 (custom)
2019-07-15 13:27:10,051 INFO  server.RaftServerConfigKeys (ConfUtils.java:logGet(43)) - raft.server.log.segment.size.max = 1048576 (custom)
2019-07-15 13:27:10,048 INFO  server.RaftServerConfigKeys (ConfUtils.java:logGet(43)) - raft.server.log.queue.byte-limit = 2147483647 (custom)
2019-07-15 13:27:10,051 INFO  server.RaftServerConfigKeys (ConfUtils.java:logGet(43)) - raft.server.log.preallocated.size = 16384 (custom)
2019-07-15 13:27:10,051 INFO  server.RaftServerConfigKeys (ConfUtils.java:logGet(43)) - raft.server.log.queue.element-limit = 1024 (custom)
2019-07-15 13:27:10,051 INFO  server.RaftServerConfigKeys (ConfUtils.java:logGet(43)) - raft.server.log.write.buffer.size = 33554432 (custom)
2019-07-15 13:27:10,051 INFO  server.RaftServerConfigKeys (ConfUtils.java:logGet(43)) - raft.server.log.queue.element-limit = 1024 (custom)
2019-07-15 13:27:10,052 INFO  server.RaftServerConfigKeys (ConfUtils.java:logGet(43)) - raft.server.log.force.sync.num = 128 (default)
2019-07-15 13:27:10,052 INFO  server.RaftServerConfigKeys (ConfUtils.java:logGet(43)) - raft.server.log.segment.size.max = 1048576 (custom)
2019-07-15 13:27:10,052 INFO  server.RaftServerConfigKeys (ConfUtils.java:logGet(43)) - raft.server.log.statemachine.data.sync = true (default)
2019-07-15 13:27:10,052 INFO  server.RaftServerConfigKeys (ConfUtils.java:logGet(43)) - raft.server.log.segment.size.max = 1048576 (custom)
2019-07-15 13:27:10,052 INFO  server.RaftServerConfigKeys (ConfUtils.java:logGet(43)) - raft.server.log.statemachine.data.sync.timeout = 10s (default)
2019-07-15 13:27:10,052 INFO  server.RaftServerConfigKeys (ConfUtils.java:logGet(43)) - raft.server.log.preallocated.size = 16384 (custom)
2019-07-15 13:27:10,053 INFO  server.RaftServerConfigKeys (ConfUtils.java:logGet(43)) - raft.server.log.statemachine.data.sync.timeout.retry = -1 (default)
2019-07-15 13:27:10,052 INFO  server.RaftServerConfigKeys (ConfUtils.java:logGet(43)) - raft.server.log.preallocated.size = 16384 (custom)
2019-07-15 13:27:10,053 INFO  server.RaftServerConfigKeys (ConfUtils.java:logGet(43)) - raft.server.log.write.buffer.size = 33554432 (custom)
2019-07-15 13:27:10,053 INFO  server.RaftServerConfigKeys (ConfUtils.java:logGet(43)) - raft.server.log.statemachine.data.caching.enabled = true (custom)
2019-07-15 13:27:10,053 INFO  server.RaftServerConfigKeys (ConfUtils.java:logGet(43)) - raft.server.log.write.buffer.size = 33554432 (custom)
2019-07-15 13:27:10,053 INFO  server.RaftServerConfigKeys (ConfUtils.java:logGet(43)) - raft.server.log.force.sync.num = 128 (default)
2019-07-15 13:27:10,054 INFO  server.RaftServerConfigKeys (ConfUtils.java:logGet(43)) - raft.server.log.force.sync.num = 128 (default)
2019-07-15 13:27:10,054 INFO  server.RaftServerConfigKeys (ConfUtils.java:logGet(43)) - raft.server.log.statemachine.data.sync = true (default)
2019-07-15 13:27:10,054 INFO  segmented.SegmentedRaftLogWorker (SegmentedRaftLogWorker.java:lambda$new$0(132)) - d4dde5ca-0464-4034-8921-3c14cd661a1e-SegmentedRaftLogWorker:Storage Directory /workdir/hadoop-ozone/integration-test/target/test-dir/MiniOzoneClusterImpl-db8233b4-32fe-42d4-b03b-a856ad868dc3/datanode-3/data/ratis/18cd821b-3de6-4b39-9a74-3c72612b3e5a: flushIndex: setUnconditionally 0 -> -1
2019-07-15 13:27:10,054 INFO  server.RaftServerConfigKeys (ConfUtils.java:logGet(43)) - raft.server.log.statemachine.data.sync = true (default)
2019-07-15 13:27:10,054 INFO  server.RaftServerConfigKeys (ConfUtils.java:logGet(43)) - raft.server.log.statemachine.data.sync.timeout = 10s (default)
2019-07-15 13:27:10,054 INFO  server.RaftServerConfigKeys (ConfUtils.java:logGet(43)) - raft.server.log.statemachine.data.sync.timeout = 10s (default)
2019-07-15 13:27:10,055 INFO  server.RaftServerConfigKeys (ConfUtils.java:logGet(43)) - raft.server.snapshot.auto.trigger.enabled = true (custom)
2019-07-15 13:27:10,055 INFO  server.RaftServerConfigKeys (ConfUtils.java:logGet(43)) - raft.server.log.statemachine.data.sync.timeout.retry = -1 (default)
2019-07-15 13:27:10,055 INFO  server.RaftServerConfigKeys (ConfUtils.java:logGet(43)) - raft.server.snapshot.auto.trigger.threshold = 10000 (custom)
2019-07-15 13:27:10,055 INFO  server.RaftServerConfigKeys (ConfUtils.java:logGet(43)) - raft.server.log.statemachine.data.sync.timeout.retry = -1 (default)
2019-07-15 13:27:10,055 INFO  server.RaftServerConfigKeys (ConfUtils.java:logGet(43)) - raft.server.log.statemachine.data.caching.enabled = true (custom)
2019-07-15 13:27:10,055 INFO  server.RaftServerConfigKeys (ConfUtils.java:logGet(43)) - raft.server.log.statemachine.data.caching.enabled = true (custom)
2019-07-15 13:27:10,055 INFO  server.RaftServerConfigKeys (ConfUtils.java:logGet(43)) - raft.server.retrycache.expirytime = 600000ms (custom)
2019-07-15 13:27:10,056 INFO  segmented.SegmentedRaftLogWorker (SegmentedRaftLogWorker.java:lambda$new$0(132)) - 206de66f-4ae4-470e-83ff-8c47a5fcbe27-SegmentedRaftLogWorker:Storage Directory /workdir/hadoop-ozone/integration-test/target/test-dir/MiniOzoneClusterImpl-db8233b4-32fe-42d4-b03b-a856ad868dc3/datanode-5/data/ratis/18cd821b-3de6-4b39-9a74-3c72612b3e5a: flushIndex: setUnconditionally 0 -> -1
2019-07-15 13:27:10,056 INFO  segmented.SegmentedRaftLogWorker (SegmentedRaftLogWorker.java:lambda$new$0(132)) - e372fc8d-0466-4805-bcd9-18ddd93608a2-SegmentedRaftLogWorker:Storage Directory /workdir/hadoop-ozone/integration-test/target/test-dir/MiniOzoneClusterImpl-db8233b4-32fe-42d4-b03b-a856ad868dc3/datanode-2/data/ratis/18cd821b-3de6-4b39-9a74-3c72612b3e5a: flushIndex: setUnconditionally 0 -> -1
2019-07-15 13:27:10,056 INFO  server.RaftServerConfigKeys (ConfUtils.java:logGet(43)) - raft.server.snapshot.auto.trigger.enabled = true (custom)
2019-07-15 13:27:10,056 INFO  server.RaftServerConfigKeys (ConfUtils.java:logGet(43)) - raft.server.snapshot.auto.trigger.enabled = true (custom)
2019-07-15 13:27:10,056 INFO  server.RaftServerConfigKeys (ConfUtils.java:logGet(43)) - raft.server.snapshot.auto.trigger.threshold = 10000 (custom)
2019-07-15 13:27:10,056 INFO  server.RaftServerConfigKeys (ConfUtils.java:logGet(43)) - raft.server.snapshot.auto.trigger.threshold = 10000 (custom)
2019-07-15 13:27:10,057 INFO  server.RaftServerConfigKeys (ConfUtils.java:logGet(43)) - raft.server.retrycache.expirytime = 600000ms (custom)
2019-07-15 13:27:10,057 INFO  server.RaftServerConfigKeys (ConfUtils.java:logGet(43)) - raft.server.retrycache.expirytime = 600000ms (custom)
2019-07-15 13:27:10,057 INFO  impl.RaftServerImpl (RaftServerImpl.java:start(180)) - 206de66f-4ae4-470e-83ff-8c47a5fcbe27: start group-3C72612B3E5A
2019-07-15 13:27:10,057 INFO  impl.RaftServerImpl (RaftServerImpl.java:start(180)) - d4dde5ca-0464-4034-8921-3c14cd661a1e: start group-3C72612B3E5A
2019-07-15 13:27:10,057 INFO  impl.RaftServerImpl (RaftServerImpl.java:setRole(171)) - 206de66f-4ae4-470e-83ff-8c47a5fcbe27:group-3C72612B3E5A changes role from null to FOLLOWER at term 0 for startAsFollower
2019-07-15 13:27:10,057 INFO  impl.RaftServerImpl (RaftServerImpl.java:start(180)) - e372fc8d-0466-4805-bcd9-18ddd93608a2: start group-3C72612B3E5A
2019-07-15 13:27:10,057 INFO  impl.RaftServerImpl (RaftServerImpl.java:setRole(171)) - d4dde5ca-0464-4034-8921-3c14cd661a1e:group-3C72612B3E5A changes role from null to FOLLOWER at term 0 for startAsFollower
2019-07-15 13:27:10,059 INFO  impl.RoleInfo (RoleInfo.java:updateAndGet(143)) - 206de66f-4ae4-470e-83ff-8c47a5fcbe27: start FollowerState
2019-07-15 13:27:10,059 INFO  impl.RaftServerImpl (RaftServerImpl.java:setRole(171)) - e372fc8d-0466-4805-bcd9-18ddd93608a2:group-3C72612B3E5A changes role from null to FOLLOWER at term 0 for startAsFollower
2019-07-15 13:27:10,059 INFO  impl.RoleInfo (RoleInfo.java:updateAndGet(143)) - d4dde5ca-0464-4034-8921-3c14cd661a1e: start FollowerState
2019-07-15 13:27:10,060 INFO  impl.RoleInfo (RoleInfo.java:updateAndGet(143)) - e372fc8d-0466-4805-bcd9-18ddd93608a2: start FollowerState
2019-07-15 13:27:10,060 INFO  util.JmxRegister (JmxRegister.java:tryRegister(44)) - Successfully registered JMX Bean with object name Ratis:service=RaftServer,group=group-3C72612B3E5A,id=206de66f-4ae4-470e-83ff-8c47a5fcbe27
2019-07-15 13:27:10,060 INFO  util.JmxRegister (JmxRegister.java:tryRegister(44)) - Successfully registered JMX Bean with object name Ratis:service=RaftServer,group=group-3C72612B3E5A,id=d4dde5ca-0464-4034-8921-3c14cd661a1e
2019-07-15 13:27:10,060 INFO  util.JmxRegister (JmxRegister.java:tryRegister(44)) - Successfully registered JMX Bean with object name Ratis:service=RaftServer,group=group-3C72612B3E5A,id=e372fc8d-0466-4805-bcd9-18ddd93608a2
2019-07-15 13:27:10,087 INFO  pipeline.PipelineStateManager (PipelineStateManager.java:addPipeline(56)) - Created pipeline Pipeline[ Id: 18cd821b-3de6-4b39-9a74-3c72612b3e5a, Nodes: d4dde5ca-0464-4034-8921-3c14cd661a1e{ip: 192.168.157.240, host: trunk-nightly-hvlc9-701369690, networkLocation: /default-rack, certSerialId: null}206de66f-4ae4-470e-83ff-8c47a5fcbe27{ip: 192.168.157.240, host: trunk-nightly-hvlc9-701369690, networkLocation: /default-rack, certSerialId: null}e372fc8d-0466-4805-bcd9-18ddd93608a2{ip: 192.168.157.240, host: trunk-nightly-hvlc9-701369690, networkLocation: /default-rack, certSerialId: null}, Type:RATIS, Factor:THREE, State:OPEN]
2019-07-15 13:27:10,536 INFO  ozone.MiniOzoneClusterImpl (MiniOzoneClusterImpl.java:lambda$waitForClusterToBeReady$0(142)) - Cluster is ready. Got 7 of 7 DN Heartbeats.
2019-07-15 13:27:10,867 INFO  rpc.RpcClient (RpcClient.java:createVolume(287)) - Creating Volume: testblockoutputstreamwithretries, with jenkins1000 as owner.
2019-07-15 13:27:10,922 INFO  rpc.RpcClient (RpcClient.java:createBucket(424)) - Creating Bucket: testblockoutputstreamwithretries/testblockoutputstreamwithretries, with Versioning false and Storage Type set to DISK and Encryption set to false 
2019-07-15 13:27:11,087 INFO  container.ReplicationManager (ReplicationManager.java:start(155)) - Starting Replication Monitor Thread.
2019-07-15 13:27:11,093 INFO  container.ReplicationManager (ReplicationManager.java:run(207)) - Replication Monitor Thread took 3 milliseconds for processing 1 containers.
2019-07-15 13:27:11,242 INFO  client.GrpcClientProtocolClient (GrpcClientProtocolClient.java:onNext(255)) - client-36E60EABB8D8->d4dde5ca-0464-4034-8921-3c14cd661a1e: receive RaftClientReply:client-36E60EABB8D8->d4dde5ca-0464-4034-8921-3c14cd661a1e@group-3C72612B3E5A, cid=13, FAILED org.apache.ratis.protocol.NotLeaderException: Server d4dde5ca-0464-4034-8921-3c14cd661a1e is not the leader (null). Request must be sent to leader., logIndex=0, commits[d4dde5ca-0464-4034-8921-3c14cd661a1e:c-1]
2019-07-15 13:27:12,292 INFO  client.GrpcClientProtocolClient (GrpcClientProtocolClient.java:onNext(255)) - client-36E60EABB8D8->206de66f-4ae4-470e-83ff-8c47a5fcbe27: receive RaftClientReply:client-36E60EABB8D8->206de66f-4ae4-470e-83ff-8c47a5fcbe27@group-3C72612B3E5A, cid=13, FAILED org.apache.ratis.protocol.NotLeaderException: Server 206de66f-4ae4-470e-83ff-8c47a5fcbe27 is not the leader (null). Request must be sent to leader., logIndex=0, commits[206de66f-4ae4-470e-83ff-8c47a5fcbe27:c-1]
2019-07-15 13:27:13,325 INFO  client.GrpcClientProtocolClient (GrpcClientProtocolClient.java:onNext(255)) - client-36E60EABB8D8->e372fc8d-0466-4805-bcd9-18ddd93608a2: receive RaftClientReply:client-36E60EABB8D8->e372fc8d-0466-4805-bcd9-18ddd93608a2@group-3C72612B3E5A, cid=13, FAILED org.apache.ratis.protocol.NotLeaderException: Server e372fc8d-0466-4805-bcd9-18ddd93608a2 is not the leader (null). Request must be sent to leader., logIndex=0, commits[e372fc8d-0466-4805-bcd9-18ddd93608a2:c-1]
2019-07-15 13:27:14,350 INFO  client.GrpcClientProtocolClient (GrpcClientProtocolClient.java:onNext(255)) - client-36E60EABB8D8->d4dde5ca-0464-4034-8921-3c14cd661a1e: receive RaftClientReply:client-36E60EABB8D8->d4dde5ca-0464-4034-8921-3c14cd661a1e@group-3C72612B3E5A, cid=13, FAILED org.apache.ratis.protocol.NotLeaderException: Server d4dde5ca-0464-4034-8921-3c14cd661a1e is not the leader (null). Request must be sent to leader., logIndex=0, commits[d4dde5ca-0464-4034-8921-3c14cd661a1e:c-1]
2019-07-15 13:27:14,423 INFO  impl.FollowerState (FollowerState.java:run(106)) - c796b250-bd8d-4171-9bfe-8e2128022b75:group-D37F0F4CF748 changes to CANDIDATE, lastRpcTime:5153, electionTimeout:5152ms
2019-07-15 13:27:14,423 INFO  impl.RoleInfo (RoleInfo.java:shutdownFollowerState(121)) - c796b250-bd8d-4171-9bfe-8e2128022b75: shutdown FollowerState
2019-07-15 13:27:14,423 INFO  impl.RaftServerImpl (RaftServerImpl.java:setRole(171)) - c796b250-bd8d-4171-9bfe-8e2128022b75:group-D37F0F4CF748 changes role from FOLLOWER to CANDIDATE at term 0 for changeToCandidate
2019-07-15 13:27:14,431 INFO  impl.RoleInfo (RoleInfo.java:updateAndGet(143)) - c796b250-bd8d-4171-9bfe-8e2128022b75: start LeaderElection
2019-07-15 13:27:14,453 INFO  impl.LeaderElection (LeaderElection.java:askForVotes(181)) - c796b250-bd8d-4171-9bfe-8e2128022b75:group-D37F0F4CF748:LeaderElection1: begin an election at term 1 for -1: [c796b250-bd8d-4171-9bfe-8e2128022b75:192.168.157.240:44407], old=null
2019-07-15 13:27:14,455 INFO  impl.RoleInfo (RoleInfo.java:shutdownLeaderElection(134)) - c796b250-bd8d-4171-9bfe-8e2128022b75: shutdown LeaderElection
2019-07-15 13:27:14,456 INFO  impl.RaftServerImpl (RaftServerImpl.java:setRole(171)) - c796b250-bd8d-4171-9bfe-8e2128022b75:group-D37F0F4CF748 changes role from CANDIDATE to LEADER at term 1 for changeToLeader
2019-07-15 13:27:14,456 INFO  impl.RaftServerImpl (ServerState.java:setLeader(263)) - c796b250-bd8d-4171-9bfe-8e2128022b75:group-D37F0F4CF748 change Leader from null to c796b250-bd8d-4171-9bfe-8e2128022b75 at term 1 for becomeLeader, leader elected after 5265ms
2019-07-15 13:27:14,470 INFO  server.RaftServerConfigKeys (ConfUtils.java:logGet(43)) - raft.server.staging.catchup.gap = 1000 (default)
2019-07-15 13:27:14,471 INFO  server.RaftServerConfigKeys (ConfUtils.java:logGet(43)) - raft.server.rpc.sleep.time = 25ms (default)
2019-07-15 13:27:14,474 INFO  server.RaftServerConfigKeys (ConfUtils.java:logGet(43)) - raft.server.write.element-limit = 4096 (default)
2019-07-15 13:27:14,477 INFO  server.RaftServerConfigKeys (ConfUtils.java:logGet(43)) - raft.server.watch.timeout = 10s (default)
2019-07-15 13:27:14,478 INFO  server.RaftServerConfigKeys (ConfUtils.java:logGet(43)) - raft.server.watch.timeout.denomination = 1s (default)
2019-07-15 13:27:14,479 INFO  server.RaftServerConfigKeys (ConfUtils.java:logGet(43)) - raft.server.watch.element-limit = 65536 (default)
2019-07-15 13:27:14,489 INFO  impl.RoleInfo (RoleInfo.java:updateAndGet(143)) - c796b250-bd8d-4171-9bfe-8e2128022b75: start LeaderState
2019-07-15 13:27:14,516 INFO  segmented.SegmentedRaftLogWorker (SegmentedRaftLogWorker.java:startLogSegment(380)) - c796b250-bd8d-4171-9bfe-8e2128022b75-SegmentedRaftLogWorker:Storage Directory /workdir/hadoop-ozone/integration-test/target/test-dir/MiniOzoneClusterImpl-db8233b4-32fe-42d4-b03b-a856ad868dc3/datanode-0/data/ratis/99c76201-5961-4d8f-9c40-d37f0f4cf748: Starting segment from index:0
2019-07-15 13:27:14,526 INFO  impl.RaftServerImpl (ServerState.java:setRaftConf(361)) - c796b250-bd8d-4171-9bfe-8e2128022b75:group-D37F0F4CF748 set configuration 0: [c796b250-bd8d-4171-9bfe-8e2128022b75:192.168.157.240:44407], old=null at 0
2019-07-15 13:27:14,570 INFO  impl.FollowerState (FollowerState.java:run(106)) - cd6ca1b0-e985-43dd-a8fd-5a7db7002121:group-A6721B4DC215 changes to CANDIDATE, lastRpcTime:5095, electionTimeout:5093ms
2019-07-15 13:27:14,572 INFO  impl.RoleInfo (RoleInfo.java:shutdownFollowerState(121)) - cd6ca1b0-e985-43dd-a8fd-5a7db7002121: shutdown FollowerState
2019-07-15 13:27:14,572 INFO  impl.RaftServerImpl (RaftServerImpl.java:setRole(171)) - cd6ca1b0-e985-43dd-a8fd-5a7db7002121:group-A6721B4DC215 changes role from FOLLOWER to CANDIDATE at term 0 for changeToCandidate
2019-07-15 13:27:14,573 INFO  impl.RoleInfo (RoleInfo.java:updateAndGet(143)) - cd6ca1b0-e985-43dd-a8fd-5a7db7002121: start LeaderElection
2019-07-15 13:27:14,591 INFO  impl.LeaderElection (LeaderElection.java:askForVotes(181)) - cd6ca1b0-e985-43dd-a8fd-5a7db7002121:group-A6721B4DC215:LeaderElection2: begin an election at term 1 for -1: [cd6ca1b0-e985-43dd-a8fd-5a7db7002121:192.168.157.240:41303], old=null
2019-07-15 13:27:14,593 INFO  impl.RoleInfo (RoleInfo.java:shutdownLeaderElection(134)) - cd6ca1b0-e985-43dd-a8fd-5a7db7002121: shutdown LeaderElection
2019-07-15 13:27:14,593 INFO  impl.RaftServerImpl (RaftServerImpl.java:setRole(171)) - cd6ca1b0-e985-43dd-a8fd-5a7db7002121:group-A6721B4DC215 changes role from CANDIDATE to LEADER at term 1 for changeToLeader
2019-07-15 13:27:14,593 INFO  impl.RaftServerImpl (ServerState.java:setLeader(263)) - cd6ca1b0-e985-43dd-a8fd-5a7db7002121:group-A6721B4DC215 change Leader from null to cd6ca1b0-e985-43dd-a8fd-5a7db7002121 at term 1 for becomeLeader, leader elected after 5124ms
2019-07-15 13:27:14,595 INFO  server.RaftServerConfigKeys (ConfUtils.java:logGet(43)) - raft.server.staging.catchup.gap = 1000 (default)
2019-07-15 13:27:14,595 INFO  server.RaftServerConfigKeys (ConfUtils.java:logGet(43)) - raft.server.rpc.sleep.time = 25ms (default)
2019-07-15 13:27:14,595 INFO  server.RaftServerConfigKeys (ConfUtils.java:logGet(43)) - raft.server.write.element-limit = 4096 (default)
2019-07-15 13:27:14,596 INFO  server.RaftServerConfigKeys (ConfUtils.java:logGet(43)) - raft.server.watch.timeout = 10s (default)
2019-07-15 13:27:14,596 INFO  server.RaftServerConfigKeys (ConfUtils.java:logGet(43)) - raft.server.watch.timeout.denomination = 1s (default)
2019-07-15 13:27:14,602 INFO  server.RaftServerConfigKeys (ConfUtils.java:logGet(43)) - raft.server.watch.element-limit = 65536 (default)
2019-07-15 13:27:14,602 INFO  impl.RoleInfo (RoleInfo.java:updateAndGet(143)) - cd6ca1b0-e985-43dd-a8fd-5a7db7002121: start LeaderState
2019-07-15 13:27:14,603 INFO  segmented.SegmentedRaftLogWorker (SegmentedRaftLogWorker.java:startLogSegment(380)) - cd6ca1b0-e985-43dd-a8fd-5a7db7002121-SegmentedRaftLogWorker:Storage Directory /workdir/hadoop-ozone/integration-test/target/test-dir/MiniOzoneClusterImpl-db8233b4-32fe-42d4-b03b-a856ad868dc3/datanode-4/data/ratis/ef3a20d3-70b3-4c8d-ba43-a6721b4dc215: Starting segment from index:0
2019-07-15 13:27:14,603 INFO  impl.RaftServerImpl (ServerState.java:setRaftConf(361)) - cd6ca1b0-e985-43dd-a8fd-5a7db7002121:group-A6721B4DC215 set configuration 0: [cd6ca1b0-e985-43dd-a8fd-5a7db7002121:192.168.157.240:41303], old=null at 0
2019-07-15 13:27:14,626 INFO  impl.FollowerState (FollowerState.java:run(106)) - ca58aa5f-d246-4e10-80d5-cb1a2c0fb0a7:group-39AFADB6C619 changes to CANDIDATE, lastRpcTime:5052, electionTimeout:5052ms
2019-07-15 13:27:14,626 INFO  impl.RoleInfo (RoleInfo.java:shutdownFollowerState(121)) - ca58aa5f-d246-4e10-80d5-cb1a2c0fb0a7: shutdown FollowerState
2019-07-15 13:27:14,626 INFO  impl.RaftServerImpl (RaftServerImpl.java:setRole(171)) - ca58aa5f-d246-4e10-80d5-cb1a2c0fb0a7:group-39AFADB6C619 changes role from FOLLOWER to CANDIDATE at term 0 for changeToCandidate
2019-07-15 13:27:14,627 INFO  impl.RoleInfo (RoleInfo.java:updateAndGet(143)) - ca58aa5f-d246-4e10-80d5-cb1a2c0fb0a7: start LeaderElection
2019-07-15 13:27:14,644 INFO  impl.LeaderElection (LeaderElection.java:askForVotes(181)) - ca58aa5f-d246-4e10-80d5-cb1a2c0fb0a7:group-39AFADB6C619:LeaderElection3: begin an election at term 1 for -1: [ca58aa5f-d246-4e10-80d5-cb1a2c0fb0a7:192.168.157.240:40638], old=null
2019-07-15 13:27:14,644 INFO  impl.RoleInfo (RoleInfo.java:shutdownLeaderElection(134)) - ca58aa5f-d246-4e10-80d5-cb1a2c0fb0a7: shutdown LeaderElection
2019-07-15 13:27:14,644 INFO  impl.RaftServerImpl (RaftServerImpl.java:setRole(171)) - ca58aa5f-d246-4e10-80d5-cb1a2c0fb0a7:group-39AFADB6C619 changes role from CANDIDATE to LEADER at term 1 for changeToLeader
2019-07-15 13:27:14,644 INFO  impl.RaftServerImpl (ServerState.java:setLeader(263)) - ca58aa5f-d246-4e10-80d5-cb1a2c0fb0a7:group-39AFADB6C619 change Leader from null to ca58aa5f-d246-4e10-80d5-cb1a2c0fb0a7 at term 1 for becomeLeader, leader elected after 5077ms
2019-07-15 13:27:14,646 INFO  server.RaftServerConfigKeys (ConfUtils.java:logGet(43)) - raft.server.staging.catchup.gap = 1000 (default)
2019-07-15 13:27:14,647 INFO  server.RaftServerConfigKeys (ConfUtils.java:logGet(43)) - raft.server.rpc.sleep.time = 25ms (default)
2019-07-15 13:27:14,647 INFO  server.RaftServerConfigKeys (ConfUtils.java:logGet(43)) - raft.server.write.element-limit = 4096 (default)
2019-07-15 13:27:14,647 INFO  server.RaftServerConfigKeys (ConfUtils.java:logGet(43)) - raft.server.watch.timeout = 10s (default)
2019-07-15 13:27:14,647 INFO  server.RaftServerConfigKeys (ConfUtils.java:logGet(43)) - raft.server.watch.timeout.denomination = 1s (default)
2019-07-15 13:27:14,647 INFO  server.RaftServerConfigKeys (ConfUtils.java:logGet(43)) - raft.server.watch.element-limit = 65536 (default)
2019-07-15 13:27:14,648 INFO  impl.RoleInfo (RoleInfo.java:updateAndGet(143)) - ca58aa5f-d246-4e10-80d5-cb1a2c0fb0a7: start LeaderState
2019-07-15 13:27:14,648 INFO  segmented.SegmentedRaftLogWorker (SegmentedRaftLogWorker.java:startLogSegment(380)) - ca58aa5f-d246-4e10-80d5-cb1a2c0fb0a7-SegmentedRaftLogWorker:Storage Directory /workdir/hadoop-ozone/integration-test/target/test-dir/MiniOzoneClusterImpl-db8233b4-32fe-42d4-b03b-a856ad868dc3/datanode-1/data/ratis/453b5e83-3055-4001-9961-39afadb6c619: Starting segment from index:0
2019-07-15 13:27:14,648 INFO  impl.RaftServerImpl (ServerState.java:setRaftConf(361)) - ca58aa5f-d246-4e10-80d5-cb1a2c0fb0a7:group-39AFADB6C619 set configuration 0: [ca58aa5f-d246-4e10-80d5-cb1a2c0fb0a7:192.168.157.240:40638], old=null at 0
2019-07-15 13:27:14,718 INFO  segmented.SegmentedRaftLogWorker (SegmentedRaftLogWorker.java:execute(569)) - c796b250-bd8d-4171-9bfe-8e2128022b75-SegmentedRaftLogWorker:Storage Directory /workdir/hadoop-ozone/integration-test/target/test-dir/MiniOzoneClusterImpl-db8233b4-32fe-42d4-b03b-a856ad868dc3/datanode-0/data/ratis/99c76201-5961-4d8f-9c40-d37f0f4cf748: created new log segment /workdir/hadoop-ozone/integration-test/target/test-dir/MiniOzoneClusterImpl-db8233b4-32fe-42d4-b03b-a856ad868dc3/datanode-0/data/ratis/99c76201-5961-4d8f-9c40-d37f0f4cf748/current/log_inprogress_0
2019-07-15 13:27:14,718 INFO  segmented.SegmentedRaftLogWorker (SegmentedRaftLogWorker.java:execute(569)) - ca58aa5f-d246-4e10-80d5-cb1a2c0fb0a7-SegmentedRaftLogWorker:Storage Directory /workdir/hadoop-ozone/integration-test/target/test-dir/MiniOzoneClusterImpl-db8233b4-32fe-42d4-b03b-a856ad868dc3/datanode-1/data/ratis/453b5e83-3055-4001-9961-39afadb6c619: created new log segment /workdir/hadoop-ozone/integration-test/target/test-dir/MiniOzoneClusterImpl-db8233b4-32fe-42d4-b03b-a856ad868dc3/datanode-1/data/ratis/453b5e83-3055-4001-9961-39afadb6c619/current/log_inprogress_0
2019-07-15 13:27:14,718 INFO  segmented.SegmentedRaftLogWorker (SegmentedRaftLogWorker.java:execute(569)) - cd6ca1b0-e985-43dd-a8fd-5a7db7002121-SegmentedRaftLogWorker:Storage Directory /workdir/hadoop-ozone/integration-test/target/test-dir/MiniOzoneClusterImpl-db8233b4-32fe-42d4-b03b-a856ad868dc3/datanode-4/data/ratis/ef3a20d3-70b3-4c8d-ba43-a6721b4dc215: created new log segment /workdir/hadoop-ozone/integration-test/target/test-dir/MiniOzoneClusterImpl-db8233b4-32fe-42d4-b03b-a856ad868dc3/datanode-4/data/ratis/ef3a20d3-70b3-4c8d-ba43-a6721b4dc215/current/log_inprogress_0
2019-07-15 13:27:14,783 INFO  impl.FollowerState (FollowerState.java:run(106)) - d4dde5ca-0464-4034-8921-3c14cd661a1e:group-C39A4830A04F changes to CANDIDATE, lastRpcTime:5150, electionTimeout:5150ms
2019-07-15 13:27:14,786 INFO  impl.RoleInfo (RoleInfo.java:shutdownFollowerState(121)) - d4dde5ca-0464-4034-8921-3c14cd661a1e: shutdown FollowerState
2019-07-15 13:27:14,786 INFO  impl.RaftServerImpl (RaftServerImpl.java:setRole(171)) - d4dde5ca-0464-4034-8921-3c14cd661a1e:group-C39A4830A04F changes role from FOLLOWER to CANDIDATE at term 0 for changeToCandidate
2019-07-15 13:27:14,787 INFO  impl.RoleInfo (RoleInfo.java:updateAndGet(143)) - d4dde5ca-0464-4034-8921-3c14cd661a1e: start LeaderElection
2019-07-15 13:27:14,804 INFO  impl.LeaderElection (LeaderElection.java:askForVotes(181)) - d4dde5ca-0464-4034-8921-3c14cd661a1e:group-C39A4830A04F:LeaderElection4: begin an election at term 1 for -1: [d4dde5ca-0464-4034-8921-3c14cd661a1e:192.168.157.240:39973], old=null
2019-07-15 13:27:14,806 INFO  impl.RoleInfo (RoleInfo.java:shutdownLeaderElection(134)) - d4dde5ca-0464-4034-8921-3c14cd661a1e: shutdown LeaderElection
2019-07-15 13:27:14,807 INFO  impl.RaftServerImpl (RaftServerImpl.java:setRole(171)) - d4dde5ca-0464-4034-8921-3c14cd661a1e:group-C39A4830A04F changes role from CANDIDATE to LEADER at term 1 for changeToLeader
2019-07-15 13:27:14,807 INFO  impl.RaftServerImpl (ServerState.java:setLeader(263)) - d4dde5ca-0464-4034-8921-3c14cd661a1e:group-C39A4830A04F change Leader from null to d4dde5ca-0464-4034-8921-3c14cd661a1e at term 1 for becomeLeader, leader elected after 5177ms
2019-07-15 13:27:14,809 INFO  server.RaftServerConfigKeys (ConfUtils.java:logGet(43)) - raft.server.staging.catchup.gap = 1000 (default)
2019-07-15 13:27:14,809 INFO  server.RaftServerConfigKeys (ConfUtils.java:logGet(43)) - raft.server.rpc.sleep.time = 25ms (default)
2019-07-15 13:27:14,809 INFO  server.RaftServerConfigKeys (ConfUtils.java:logGet(43)) - raft.server.write.element-limit = 4096 (default)
2019-07-15 13:27:14,809 INFO  server.RaftServerConfigKeys (ConfUtils.java:logGet(43)) - raft.server.watch.timeout = 10s (default)
2019-07-15 13:27:14,810 INFO  server.RaftServerConfigKeys (ConfUtils.java:logGet(43)) - raft.server.watch.timeout.denomination = 1s (default)
2019-07-15 13:27:14,810 INFO  server.RaftServerConfigKeys (ConfUtils.java:logGet(43)) - raft.server.watch.element-limit = 65536 (default)
2019-07-15 13:27:14,810 INFO  impl.RoleInfo (RoleInfo.java:updateAndGet(143)) - d4dde5ca-0464-4034-8921-3c14cd661a1e: start LeaderState
2019-07-15 13:27:14,810 INFO  segmented.SegmentedRaftLogWorker (SegmentedRaftLogWorker.java:startLogSegment(380)) - d4dde5ca-0464-4034-8921-3c14cd661a1e-SegmentedRaftLogWorker:Storage Directory /workdir/hadoop-ozone/integration-test/target/test-dir/MiniOzoneClusterImpl-db8233b4-32fe-42d4-b03b-a856ad868dc3/datanode-3/data/ratis/5ac834fa-662c-478b-a9db-c39a4830a04f: Starting segment from index:0
2019-07-15 13:27:14,811 INFO  impl.RaftServerImpl (ServerState.java:setRaftConf(361)) - d4dde5ca-0464-4034-8921-3c14cd661a1e:group-C39A4830A04F set configuration 0: [d4dde5ca-0464-4034-8921-3c14cd661a1e:192.168.157.240:39973], old=null at 0
2019-07-15 13:27:14,846 INFO  segmented.SegmentedRaftLogWorker (SegmentedRaftLogWorker.java:execute(569)) - d4dde5ca-0464-4034-8921-3c14cd661a1e-SegmentedRaftLogWorker:Storage Directory /workdir/hadoop-ozone/integration-test/target/test-dir/MiniOzoneClusterImpl-db8233b4-32fe-42d4-b03b-a856ad868dc3/datanode-3/data/ratis/5ac834fa-662c-478b-a9db-c39a4830a04f: created new log segment /workdir/hadoop-ozone/integration-test/target/test-dir/MiniOzoneClusterImpl-db8233b4-32fe-42d4-b03b-a856ad868dc3/datanode-3/data/ratis/5ac834fa-662c-478b-a9db-c39a4830a04f/current/log_inprogress_0
2019-07-15 13:27:14,851 INFO  impl.FollowerState (FollowerState.java:run(106)) - 206de66f-4ae4-470e-83ff-8c47a5fcbe27:group-95E1B2065FE1 changes to CANDIDATE, lastRpcTime:5155, electionTimeout:5155ms
2019-07-15 13:27:14,851 INFO  impl.RoleInfo (RoleInfo.java:shutdownFollowerState(121)) - 206de66f-4ae4-470e-83ff-8c47a5fcbe27: shutdown FollowerState
2019-07-15 13:27:14,851 INFO  impl.RaftServerImpl (RaftServerImpl.java:setRole(171)) - 206de66f-4ae4-470e-83ff-8c47a5fcbe27:group-95E1B2065FE1 changes role from FOLLOWER to CANDIDATE at term 0 for changeToCandidate
2019-07-15 13:27:14,851 INFO  impl.RoleInfo (RoleInfo.java:updateAndGet(143)) - 206de66f-4ae4-470e-83ff-8c47a5fcbe27: start LeaderElection
2019-07-15 13:27:14,865 INFO  impl.FollowerState (FollowerState.java:run(106)) - e372fc8d-0466-4805-bcd9-18ddd93608a2:group-F544927CA2C2 changes to CANDIDATE, lastRpcTime:5087, electionTimeout:5087ms
2019-07-15 13:27:14,867 INFO  impl.RoleInfo (RoleInfo.java:shutdownFollowerState(121)) - e372fc8d-0466-4805-bcd9-18ddd93608a2: shutdown FollowerState
2019-07-15 13:27:14,867 INFO  impl.RaftServerImpl (RaftServerImpl.java:setRole(171)) - e372fc8d-0466-4805-bcd9-18ddd93608a2:group-F544927CA2C2 changes role from FOLLOWER to CANDIDATE at term 0 for changeToCandidate
2019-07-15 13:27:14,867 INFO  impl.RoleInfo (RoleInfo.java:updateAndGet(143)) - e372fc8d-0466-4805-bcd9-18ddd93608a2: start LeaderElection
2019-07-15 13:27:14,868 INFO  impl.LeaderElection (LeaderElection.java:askForVotes(181)) - 206de66f-4ae4-470e-83ff-8c47a5fcbe27:group-95E1B2065FE1:LeaderElection5: begin an election at term 1 for -1: [206de66f-4ae4-470e-83ff-8c47a5fcbe27:192.168.157.240:45958], old=null
2019-07-15 13:27:14,873 INFO  impl.RoleInfo (RoleInfo.java:shutdownLeaderElection(134)) - 206de66f-4ae4-470e-83ff-8c47a5fcbe27: shutdown LeaderElection
2019-07-15 13:27:14,874 INFO  impl.RaftServerImpl (RaftServerImpl.java:setRole(171)) - 206de66f-4ae4-470e-83ff-8c47a5fcbe27:group-95E1B2065FE1 changes role from CANDIDATE to LEADER at term 1 for changeToLeader
2019-07-15 13:27:14,874 INFO  impl.RaftServerImpl (ServerState.java:setLeader(263)) - 206de66f-4ae4-470e-83ff-8c47a5fcbe27:group-95E1B2065FE1 change Leader from null to 206de66f-4ae4-470e-83ff-8c47a5fcbe27 at term 1 for becomeLeader, leader elected after 5183ms
2019-07-15 13:27:14,876 INFO  server.RaftServerConfigKeys (ConfUtils.java:logGet(43)) - raft.server.staging.catchup.gap = 1000 (default)
2019-07-15 13:27:14,876 INFO  server.RaftServerConfigKeys (ConfUtils.java:logGet(43)) - raft.server.rpc.sleep.time = 25ms (default)
2019-07-15 13:27:14,876 INFO  server.RaftServerConfigKeys (ConfUtils.java:logGet(43)) - raft.server.write.element-limit = 4096 (default)
2019-07-15 13:27:14,876 INFO  server.RaftServerConfigKeys (ConfUtils.java:logGet(43)) - raft.server.watch.timeout = 10s (default)
2019-07-15 13:27:14,877 INFO  server.RaftServerConfigKeys (ConfUtils.java:logGet(43)) - raft.server.watch.timeout.denomination = 1s (default)
2019-07-15 13:27:14,877 INFO  server.RaftServerConfigKeys (ConfUtils.java:logGet(43)) - raft.server.watch.element-limit = 65536 (default)
2019-07-15 13:27:14,877 INFO  impl.RoleInfo (RoleInfo.java:updateAndGet(143)) - 206de66f-4ae4-470e-83ff-8c47a5fcbe27: start LeaderState
2019-07-15 13:27:14,878 INFO  segmented.SegmentedRaftLogWorker (SegmentedRaftLogWorker.java:startLogSegment(380)) - 206de66f-4ae4-470e-83ff-8c47a5fcbe27-SegmentedRaftLogWorker:Storage Directory /workdir/hadoop-ozone/integration-test/target/test-dir/MiniOzoneClusterImpl-db8233b4-32fe-42d4-b03b-a856ad868dc3/datanode-5/data/ratis/339a519b-c3f5-4ab0-9668-95e1b2065fe1: Starting segment from index:0
2019-07-15 13:27:14,878 INFO  impl.RaftServerImpl (ServerState.java:setRaftConf(361)) - 206de66f-4ae4-470e-83ff-8c47a5fcbe27:group-95E1B2065FE1 set configuration 0: [206de66f-4ae4-470e-83ff-8c47a5fcbe27:192.168.157.240:45958], old=null at 0
2019-07-15 13:27:14,899 INFO  impl.LeaderElection (LeaderElection.java:askForVotes(181)) - e372fc8d-0466-4805-bcd9-18ddd93608a2:group-F544927CA2C2:LeaderElection6: begin an election at term 1 for -1: [e372fc8d-0466-4805-bcd9-18ddd93608a2:192.168.157.240:35169], old=null
2019-07-15 13:27:14,900 INFO  impl.FollowerState (FollowerState.java:run(106)) - 41dc9e21-3d1e-48c0-8395-67e48a0c3182:group-473A94367512 changes to CANDIDATE, lastRpcTime:5056, electionTimeout:5047ms
2019-07-15 13:27:14,900 INFO  impl.RoleInfo (RoleInfo.java:shutdownLeaderElection(134)) - e372fc8d-0466-4805-bcd9-18ddd93608a2: shutdown LeaderElection
2019-07-15 13:27:14,900 INFO  impl.RoleInfo (RoleInfo.java:shutdownFollowerState(121)) - 41dc9e21-3d1e-48c0-8395-67e48a0c3182: shutdown FollowerState
2019-07-15 13:27:14,900 INFO  impl.RaftServerImpl (RaftServerImpl.java:setRole(171)) - e372fc8d-0466-4805-bcd9-18ddd93608a2:group-F544927CA2C2 changes role from CANDIDATE to LEADER at term 1 for changeToLeader
2019-07-15 13:27:14,900 INFO  impl.RaftServerImpl (RaftServerImpl.java:setRole(171)) - 41dc9e21-3d1e-48c0-8395-67e48a0c3182:group-473A94367512 changes role from FOLLOWER to CANDIDATE at term 0 for changeToCandidate
2019-07-15 13:27:14,900 INFO  impl.RaftServerImpl (ServerState.java:setLeader(263)) - e372fc8d-0466-4805-bcd9-18ddd93608a2:group-F544927CA2C2 change Leader from null to e372fc8d-0466-4805-bcd9-18ddd93608a2 at term 1 for becomeLeader, leader elected after 5127ms
2019-07-15 13:27:14,900 INFO  impl.RoleInfo (RoleInfo.java:updateAndGet(143)) - 41dc9e21-3d1e-48c0-8395-67e48a0c3182: start LeaderElection
2019-07-15 13:27:14,903 INFO  server.RaftServerConfigKeys (ConfUtils.java:logGet(43)) - raft.server.staging.catchup.gap = 1000 (default)
2019-07-15 13:27:14,903 INFO  server.RaftServerConfigKeys (ConfUtils.java:logGet(43)) - raft.server.rpc.sleep.time = 25ms (default)
2019-07-15 13:27:14,909 INFO  server.RaftServerConfigKeys (ConfUtils.java:logGet(43)) - raft.server.write.element-limit = 4096 (default)
2019-07-15 13:27:14,909 INFO  server.RaftServerConfigKeys (ConfUtils.java:logGet(43)) - raft.server.watch.timeout = 10s (default)
2019-07-15 13:27:14,909 INFO  server.RaftServerConfigKeys (ConfUtils.java:logGet(43)) - raft.server.watch.timeout.denomination = 1s (default)
2019-07-15 13:27:14,909 INFO  server.RaftServerConfigKeys (ConfUtils.java:logGet(43)) - raft.server.watch.element-limit = 65536 (default)
2019-07-15 13:27:14,910 INFO  impl.RoleInfo (RoleInfo.java:updateAndGet(143)) - e372fc8d-0466-4805-bcd9-18ddd93608a2: start LeaderState
2019-07-15 13:27:14,910 INFO  segmented.SegmentedRaftLogWorker (SegmentedRaftLogWorker.java:startLogSegment(380)) - e372fc8d-0466-4805-bcd9-18ddd93608a2-SegmentedRaftLogWorker:Storage Directory /workdir/hadoop-ozone/integration-test/target/test-dir/MiniOzoneClusterImpl-db8233b4-32fe-42d4-b03b-a856ad868dc3/datanode-2/data/ratis/6a5b60a3-ec0d-43d4-a663-f544927ca2c2: Starting segment from index:0
2019-07-15 13:27:14,910 INFO  impl.RaftServerImpl (ServerState.java:setRaftConf(361)) - e372fc8d-0466-4805-bcd9-18ddd93608a2:group-F544927CA2C2 set configuration 0: [e372fc8d-0466-4805-bcd9-18ddd93608a2:192.168.157.240:35169], old=null at 0
2019-07-15 13:27:14,912 INFO  segmented.SegmentedRaftLogWorker (SegmentedRaftLogWorker.java:execute(569)) - 206de66f-4ae4-470e-83ff-8c47a5fcbe27-SegmentedRaftLogWorker:Storage Directory /workdir/hadoop-ozone/integration-test/target/test-dir/MiniOzoneClusterImpl-db8233b4-32fe-42d4-b03b-a856ad868dc3/datanode-5/data/ratis/339a519b-c3f5-4ab0-9668-95e1b2065fe1: created new log segment /workdir/hadoop-ozone/integration-test/target/test-dir/MiniOzoneClusterImpl-db8233b4-32fe-42d4-b03b-a856ad868dc3/datanode-5/data/ratis/339a519b-c3f5-4ab0-9668-95e1b2065fe1/current/log_inprogress_0
2019-07-15 13:27:14,913 INFO  impl.LeaderElection (LeaderElection.java:askForVotes(181)) - 41dc9e21-3d1e-48c0-8395-67e48a0c3182:group-473A94367512:LeaderElection7: begin an election at term 1 for -1: [41dc9e21-3d1e-48c0-8395-67e48a0c3182:192.168.157.240:46198], old=null
2019-07-15 13:27:14,913 INFO  impl.RoleInfo (RoleInfo.java:shutdownLeaderElection(134)) - 41dc9e21-3d1e-48c0-8395-67e48a0c3182: shutdown LeaderElection
2019-07-15 13:27:14,913 INFO  impl.RaftServerImpl (RaftServerImpl.java:setRole(171)) - 41dc9e21-3d1e-48c0-8395-67e48a0c3182:group-473A94367512 changes role from CANDIDATE to LEADER at term 1 for changeToLeader
2019-07-15 13:27:14,913 INFO  impl.RaftServerImpl (ServerState.java:setLeader(263)) - 41dc9e21-3d1e-48c0-8395-67e48a0c3182:group-473A94367512 change Leader from null to 41dc9e21-3d1e-48c0-8395-67e48a0c3182 at term 1 for becomeLeader, leader elected after 5074ms
2019-07-15 13:27:14,932 INFO  server.RaftServerConfigKeys (ConfUtils.java:logGet(43)) - raft.server.staging.catchup.gap = 1000 (default)
2019-07-15 13:27:14,933 INFO  server.RaftServerConfigKeys (ConfUtils.java:logGet(43)) - raft.server.rpc.sleep.time = 25ms (default)
2019-07-15 13:27:14,933 INFO  server.RaftServerConfigKeys (ConfUtils.java:logGet(43)) - raft.server.write.element-limit = 4096 (default)
2019-07-15 13:27:14,933 INFO  server.RaftServerConfigKeys (ConfUtils.java:logGet(43)) - raft.server.watch.timeout = 10s (default)
2019-07-15 13:27:14,933 INFO  server.RaftServerConfigKeys (ConfUtils.java:logGet(43)) - raft.server.watch.timeout.denomination = 1s (default)
2019-07-15 13:27:14,934 INFO  server.RaftServerConfigKeys (ConfUtils.java:logGet(43)) - raft.server.watch.element-limit = 65536 (default)
2019-07-15 13:27:14,934 INFO  impl.RoleInfo (RoleInfo.java:updateAndGet(143)) - 41dc9e21-3d1e-48c0-8395-67e48a0c3182: start LeaderState
2019-07-15 13:27:14,934 INFO  segmented.SegmentedRaftLogWorker (SegmentedRaftLogWorker.java:startLogSegment(380)) - 41dc9e21-3d1e-48c0-8395-67e48a0c3182-SegmentedRaftLogWorker:Storage Directory /workdir/hadoop-ozone/integration-test/target/test-dir/MiniOzoneClusterImpl-db8233b4-32fe-42d4-b03b-a856ad868dc3/datanode-6/data/ratis/11498d81-de9c-4ffb-80b4-473a94367512: Starting segment from index:0
2019-07-15 13:27:14,935 INFO  impl.RaftServerImpl (ServerState.java:setRaftConf(361)) - 41dc9e21-3d1e-48c0-8395-67e48a0c3182:group-473A94367512 set configuration 0: [41dc9e21-3d1e-48c0-8395-67e48a0c3182:192.168.157.240:46198], old=null at 0
2019-07-15 13:27:14,956 INFO  segmented.SegmentedRaftLogWorker (SegmentedRaftLogWorker.java:execute(569)) - e372fc8d-0466-4805-bcd9-18ddd93608a2-SegmentedRaftLogWorker:Storage Directory /workdir/hadoop-ozone/integration-test/target/test-dir/MiniOzoneClusterImpl-db8233b4-32fe-42d4-b03b-a856ad868dc3/datanode-2/data/ratis/6a5b60a3-ec0d-43d4-a663-f544927ca2c2: created new log segment /workdir/hadoop-ozone/integration-test/target/test-dir/MiniOzoneClusterImpl-db8233b4-32fe-42d4-b03b-a856ad868dc3/datanode-2/data/ratis/6a5b60a3-ec0d-43d4-a663-f544927ca2c2/current/log_inprogress_0
2019-07-15 13:27:14,964 INFO  impl.FollowerState (FollowerState.java:run(106)) - c796b250-bd8d-4171-9bfe-8e2128022b75:group-6ADFD716F9D0 changes to CANDIDATE, lastRpcTime:5019, electionTimeout:5000ms
2019-07-15 13:27:14,966 INFO  impl.RoleInfo (RoleInfo.java:shutdownFollowerState(121)) - c796b250-bd8d-4171-9bfe-8e2128022b75: shutdown FollowerState
2019-07-15 13:27:14,966 INFO  impl.RaftServerImpl (RaftServerImpl.java:setRole(171)) - c796b250-bd8d-4171-9bfe-8e2128022b75:group-6ADFD716F9D0 changes role from FOLLOWER to CANDIDATE at term 0 for changeToCandidate
2019-07-15 13:27:14,966 INFO  impl.RoleInfo (RoleInfo.java:updateAndGet(143)) - c796b250-bd8d-4171-9bfe-8e2128022b75: start LeaderElection
2019-07-15 13:27:14,968 INFO  segmented.SegmentedRaftLogWorker (SegmentedRaftLogWorker.java:execute(569)) - 41dc9e21-3d1e-48c0-8395-67e48a0c3182-SegmentedRaftLogWorker:Storage Directory /workdir/hadoop-ozone/integration-test/target/test-dir/MiniOzoneClusterImpl-db8233b4-32fe-42d4-b03b-a856ad868dc3/datanode-6/data/ratis/11498d81-de9c-4ffb-80b4-473a94367512: created new log segment /workdir/hadoop-ozone/integration-test/target/test-dir/MiniOzoneClusterImpl-db8233b4-32fe-42d4-b03b-a856ad868dc3/datanode-6/data/ratis/11498d81-de9c-4ffb-80b4-473a94367512/current/log_inprogress_0
2019-07-15 13:27:14,980 INFO  impl.FollowerState (FollowerState.java:run(106)) - cd6ca1b0-e985-43dd-a8fd-5a7db7002121:group-6ADFD716F9D0 changes to CANDIDATE, lastRpcTime:5035, electionTimeout:5035ms
2019-07-15 13:27:14,980 INFO  impl.RoleInfo (RoleInfo.java:shutdownFollowerState(121)) - cd6ca1b0-e985-43dd-a8fd-5a7db7002121: shutdown FollowerState
2019-07-15 13:27:14,980 INFO  impl.RaftServerImpl (RaftServerImpl.java:setRole(171)) - cd6ca1b0-e985-43dd-a8fd-5a7db7002121:group-6ADFD716F9D0 changes role from FOLLOWER to CANDIDATE at term 0 for changeToCandidate
2019-07-15 13:27:14,980 INFO  impl.RoleInfo (RoleInfo.java:updateAndGet(143)) - cd6ca1b0-e985-43dd-a8fd-5a7db7002121: start LeaderElection
2019-07-15 13:27:14,986 INFO  impl.LeaderElection (LeaderElection.java:askForVotes(181)) - c796b250-bd8d-4171-9bfe-8e2128022b75:group-6ADFD716F9D0:LeaderElection8: begin an election at term 1 for -1: [ca58aa5f-d246-4e10-80d5-cb1a2c0fb0a7:192.168.157.240:40638, c796b250-bd8d-4171-9bfe-8e2128022b75:192.168.157.240:44407, cd6ca1b0-e985-43dd-a8fd-5a7db7002121:192.168.157.240:41303], old=null
2019-07-15 13:27:14,989 INFO  impl.LeaderElection (LeaderElection.java:askForVotes(181)) - cd6ca1b0-e985-43dd-a8fd-5a7db7002121:group-6ADFD716F9D0:LeaderElection9: begin an election at term 1 for -1: [ca58aa5f-d246-4e10-80d5-cb1a2c0fb0a7:192.168.157.240:40638, c796b250-bd8d-4171-9bfe-8e2128022b75:192.168.157.240:44407, cd6ca1b0-e985-43dd-a8fd-5a7db7002121:192.168.157.240:41303], old=null
2019-07-15 13:27:15,038 INFO  impl.RaftServerImpl (RaftServerImpl.java:setRole(171)) - ca58aa5f-d246-4e10-80d5-cb1a2c0fb0a7:group-6ADFD716F9D0 changes role from FOLLOWER to FOLLOWER at term 1 for recognizeCandidate:c796b250-bd8d-4171-9bfe-8e2128022b75
2019-07-15 13:27:15,038 INFO  impl.RoleInfo (RoleInfo.java:shutdownFollowerState(121)) - ca58aa5f-d246-4e10-80d5-cb1a2c0fb0a7: shutdown FollowerState
2019-07-15 13:27:15,038 INFO  impl.RoleInfo (RoleInfo.java:updateAndGet(143)) - ca58aa5f-d246-4e10-80d5-cb1a2c0fb0a7: start FollowerState
2019-07-15 13:27:15,039 INFO  impl.FollowerState (FollowerState.java:run(114)) - ca58aa5f-d246-4e10-80d5-cb1a2c0fb0a7: FollowerState was interrupted: java.lang.InterruptedException: sleep interrupted
2019-07-15 13:27:15,074 INFO  impl.LeaderElection (LeaderElection.java:logAndReturn(56)) - c796b250-bd8d-4171-9bfe-8e2128022b75:group-6ADFD716F9D0:LeaderElection8: Election PASSED; received 2 response(s) [c796b250-bd8d-4171-9bfe-8e2128022b75<-ca58aa5f-d246-4e10-80d5-cb1a2c0fb0a7#0:OK-t1, c796b250-bd8d-4171-9bfe-8e2128022b75<-cd6ca1b0-e985-43dd-a8fd-5a7db7002121#0:FAIL-t1] and 0 exception(s); c796b250-bd8d-4171-9bfe-8e2128022b75:t1, leader=null, voted=c796b250-bd8d-4171-9bfe-8e2128022b75, raftlog=c796b250-bd8d-4171-9bfe-8e2128022b75-SegmentedRaftLog:OPENED:c-1,f-1,i0, conf=-1: [ca58aa5f-d246-4e10-80d5-cb1a2c0fb0a7:192.168.157.240:40638, c796b250-bd8d-4171-9bfe-8e2128022b75:192.168.157.240:44407, cd6ca1b0-e985-43dd-a8fd-5a7db7002121:192.168.157.240:41303], old=null
2019-07-15 13:27:15,074 INFO  impl.LeaderElection (LeaderElection.java:logAndReturn(56)) - cd6ca1b0-e985-43dd-a8fd-5a7db7002121:group-6ADFD716F9D0:LeaderElection9: Election REJECTED; received 2 response(s) [cd6ca1b0-e985-43dd-a8fd-5a7db7002121<-ca58aa5f-d246-4e10-80d5-cb1a2c0fb0a7#0:FAIL-t1, cd6ca1b0-e985-43dd-a8fd-5a7db7002121<-c796b250-bd8d-4171-9bfe-8e2128022b75#0:FAIL-t1] and 0 exception(s); cd6ca1b0-e985-43dd-a8fd-5a7db7002121:t1, leader=null, voted=cd6ca1b0-e985-43dd-a8fd-5a7db7002121, raftlog=cd6ca1b0-e985-43dd-a8fd-5a7db7002121-SegmentedRaftLog:OPENED:c-1,f-1,i0, conf=-1: [ca58aa5f-d246-4e10-80d5-cb1a2c0fb0a7:192.168.157.240:40638, c796b250-bd8d-4171-9bfe-8e2128022b75:192.168.157.240:44407, cd6ca1b0-e985-43dd-a8fd-5a7db7002121:192.168.157.240:41303], old=null
2019-07-15 13:27:15,075 INFO  impl.RoleInfo (RoleInfo.java:shutdownLeaderElection(134)) - c796b250-bd8d-4171-9bfe-8e2128022b75: shutdown LeaderElection
2019-07-15 13:27:15,077 INFO  impl.RaftServerImpl (RaftServerImpl.java:setRole(171)) - cd6ca1b0-e985-43dd-a8fd-5a7db7002121:group-6ADFD716F9D0 changes role from CANDIDATE to FOLLOWER at term 1 for DISCOVERED_A_NEW_TERM
2019-07-15 13:27:15,083 INFO  impl.RoleInfo (RoleInfo.java:shutdownLeaderElection(134)) - cd6ca1b0-e985-43dd-a8fd-5a7db7002121: shutdown LeaderElection
2019-07-15 13:27:15,079 INFO  impl.RaftServerImpl (RaftServerImpl.java:setRole(171)) - c796b250-bd8d-4171-9bfe-8e2128022b75:group-6ADFD716F9D0 changes role from CANDIDATE to LEADER at term 1 for changeToLeader
2019-07-15 13:27:15,088 INFO  impl.RoleInfo (RoleInfo.java:updateAndGet(143)) - cd6ca1b0-e985-43dd-a8fd-5a7db7002121: start FollowerState
2019-07-15 13:27:15,089 INFO  impl.RaftServerImpl (ServerState.java:setLeader(263)) - c796b250-bd8d-4171-9bfe-8e2128022b75:group-6ADFD716F9D0 change Leader from null to c796b250-bd8d-4171-9bfe-8e2128022b75 at term 1 for becomeLeader, leader elected after 5157ms
2019-07-15 13:27:15,091 INFO  server.RaftServerConfigKeys (ConfUtils.java:logGet(43)) - raft.server.staging.catchup.gap = 1000 (default)
2019-07-15 13:27:15,091 INFO  server.RaftServerConfigKeys (ConfUtils.java:logGet(43)) - raft.server.rpc.sleep.time = 25ms (default)
2019-07-15 13:27:15,092 INFO  server.RaftServerConfigKeys (ConfUtils.java:logGet(43)) - raft.server.write.element-limit = 4096 (default)
2019-07-15 13:27:15,092 INFO  server.RaftServerConfigKeys (ConfUtils.java:logGet(43)) - raft.server.watch.timeout = 10s (default)
2019-07-15 13:27:15,092 INFO  server.RaftServerConfigKeys (ConfUtils.java:logGet(43)) - raft.server.watch.timeout.denomination = 1s (default)
2019-07-15 13:27:15,092 INFO  server.RaftServerConfigKeys (ConfUtils.java:logGet(43)) - raft.server.watch.element-limit = 65536 (default)
2019-07-15 13:27:15,094 INFO  impl.FollowerState (FollowerState.java:run(106)) - e372fc8d-0466-4805-bcd9-18ddd93608a2:group-3C72612B3E5A changes to CANDIDATE, lastRpcTime:5034, electionTimeout:5034ms
2019-07-15 13:27:15,095 INFO  impl.RoleInfo (RoleInfo.java:shutdownFollowerState(121)) - e372fc8d-0466-4805-bcd9-18ddd93608a2: shutdown FollowerState
2019-07-15 13:27:15,095 INFO  impl.RaftServerImpl (RaftServerImpl.java:setRole(171)) - e372fc8d-0466-4805-bcd9-18ddd93608a2:group-3C72612B3E5A changes role from FOLLOWER to CANDIDATE at term 0 for changeToCandidate
2019-07-15 13:27:15,095 INFO  impl.RoleInfo (RoleInfo.java:updateAndGet(143)) - e372fc8d-0466-4805-bcd9-18ddd93608a2: start LeaderElection
2019-07-15 13:27:15,095 INFO  server.RaftServerConfigKeys (ConfUtils.java:logGet(43)) - raft.server.log.appender.snapshot.chunk.size.max = 16MB (=16777216) (default)
2019-07-15 13:27:15,105 INFO  server.RaftServerConfigKeys (ConfUtils.java:logGet(43)) - raft.server.log.appender.buffer.byte-limit = 33554432 (custom)
2019-07-15 13:27:15,105 INFO  impl.FollowerState (FollowerState.java:run(106)) - 206de66f-4ae4-470e-83ff-8c47a5fcbe27:group-3C72612B3E5A changes to CANDIDATE, lastRpcTime:5042, electionTimeout:5036ms
2019-07-15 13:27:15,105 INFO  impl.RoleInfo (RoleInfo.java:shutdownFollowerState(121)) - 206de66f-4ae4-470e-83ff-8c47a5fcbe27: shutdown FollowerState
2019-07-15 13:27:15,105 INFO  impl.RaftServerImpl (RaftServerImpl.java:setRole(171)) - 206de66f-4ae4-470e-83ff-8c47a5fcbe27:group-3C72612B3E5A changes role from FOLLOWER to CANDIDATE at term 0 for changeToCandidate
2019-07-15 13:27:15,106 INFO  impl.RoleInfo (RoleInfo.java:updateAndGet(143)) - 206de66f-4ae4-470e-83ff-8c47a5fcbe27: start LeaderElection
2019-07-15 13:27:15,106 INFO  server.RaftServerConfigKeys (ConfUtils.java:logGet(43)) - raft.server.log.appender.buffer.element-limit = 1 (custom)
2019-07-15 13:27:15,112 INFO  grpc.GrpcConfigKeys$Server (ConfUtils.java:logGet(43)) - raft.grpc.server.leader.outstanding.appends.max = 128 (default)
2019-07-15 13:27:15,114 INFO  server.RaftServerConfigKeys (ConfUtils.java:logGet(43)) - raft.server.rpc.request.timeout = 3000ms (default)
2019-07-15 13:27:15,114 INFO  server.RaftServerConfigKeys (ConfUtils.java:logGet(43)) - raft.server.log.appender.install.snapshot.enabled = false (custom)
2019-07-15 13:27:15,114 INFO  server.RaftServerConfigKeys (ConfUtils.java:logGet(43)) - raft.server.log.appender.snapshot.chunk.size.max = 16MB (=16777216) (default)
2019-07-15 13:27:15,114 INFO  server.RaftServerConfigKeys (ConfUtils.java:logGet(43)) - raft.server.log.appender.buffer.byte-limit = 33554432 (custom)
2019-07-15 13:27:15,115 INFO  server.RaftServerConfigKeys (ConfUtils.java:logGet(43)) - raft.server.log.appender.buffer.element-limit = 1 (custom)
2019-07-15 13:27:15,115 INFO  grpc.GrpcConfigKeys$Server (ConfUtils.java:logGet(43)) - raft.grpc.server.leader.outstanding.appends.max = 128 (default)
2019-07-15 13:27:15,115 INFO  server.RaftServerConfigKeys (ConfUtils.java:logGet(43)) - raft.server.rpc.request.timeout = 3000ms (default)
2019-07-15 13:27:15,115 INFO  server.RaftServerConfigKeys (ConfUtils.java:logGet(43)) - raft.server.log.appender.install.snapshot.enabled = false (custom)
2019-07-15 13:27:15,117 INFO  impl.RoleInfo (RoleInfo.java:updateAndGet(143)) - c796b250-bd8d-4171-9bfe-8e2128022b75: start LeaderState
2019-07-15 13:27:15,117 INFO  segmented.SegmentedRaftLogWorker (SegmentedRaftLogWorker.java:startLogSegment(380)) - c796b250-bd8d-4171-9bfe-8e2128022b75-SegmentedRaftLogWorker:Storage Directory /workdir/hadoop-ozone/integration-test/target/test-dir/MiniOzoneClusterImpl-db8233b4-32fe-42d4-b03b-a856ad868dc3/datanode-0/data/ratis/352bcc25-b668-4544-9280-6adfd716f9d0: Starting segment from index:0
2019-07-15 13:27:15,119 INFO  impl.RaftServerImpl (ServerState.java:setRaftConf(361)) - c796b250-bd8d-4171-9bfe-8e2128022b75:group-6ADFD716F9D0 set configuration 0: [ca58aa5f-d246-4e10-80d5-cb1a2c0fb0a7:192.168.157.240:40638, c796b250-bd8d-4171-9bfe-8e2128022b75:192.168.157.240:44407, cd6ca1b0-e985-43dd-a8fd-5a7db7002121:192.168.157.240:41303], old=null at 0
2019-07-15 13:27:15,139 INFO  impl.LeaderElection (LeaderElection.java:askForVotes(181)) - 206de66f-4ae4-470e-83ff-8c47a5fcbe27:group-3C72612B3E5A:LeaderElection11: begin an election at term 1 for -1: [d4dde5ca-0464-4034-8921-3c14cd661a1e:192.168.157.240:39973, 206de66f-4ae4-470e-83ff-8c47a5fcbe27:192.168.157.240:45958, e372fc8d-0466-4805-bcd9-18ddd93608a2:192.168.157.240:35169], old=null
2019-07-15 13:27:15,139 INFO  impl.LeaderElection (LeaderElection.java:askForVotes(181)) - e372fc8d-0466-4805-bcd9-18ddd93608a2:group-3C72612B3E5A:LeaderElection10: begin an election at term 1 for -1: [d4dde5ca-0464-4034-8921-3c14cd661a1e:192.168.157.240:39973, 206de66f-4ae4-470e-83ff-8c47a5fcbe27:192.168.157.240:45958, e372fc8d-0466-4805-bcd9-18ddd93608a2:192.168.157.240:35169], old=null
2019-07-15 13:27:15,152 INFO  segmented.SegmentedRaftLogWorker (SegmentedRaftLogWorker.java:execute(569)) - c796b250-bd8d-4171-9bfe-8e2128022b75-SegmentedRaftLogWorker:Storage Directory /workdir/hadoop-ozone/integration-test/target/test-dir/MiniOzoneClusterImpl-db8233b4-32fe-42d4-b03b-a856ad868dc3/datanode-0/data/ratis/352bcc25-b668-4544-9280-6adfd716f9d0: created new log segment /workdir/hadoop-ozone/integration-test/target/test-dir/MiniOzoneClusterImpl-db8233b4-32fe-42d4-b03b-a856ad868dc3/datanode-0/data/ratis/352bcc25-b668-4544-9280-6adfd716f9d0/current/log_inprogress_0
2019-07-15 13:27:15,159 INFO  impl.RaftServerImpl (RaftServerImpl.java:setRole(171)) - d4dde5ca-0464-4034-8921-3c14cd661a1e:group-3C72612B3E5A changes role from FOLLOWER to FOLLOWER at term 1 for recognizeCandidate:206de66f-4ae4-470e-83ff-8c47a5fcbe27
2019-07-15 13:27:15,161 INFO  impl.RoleInfo (RoleInfo.java:shutdownFollowerState(121)) - d4dde5ca-0464-4034-8921-3c14cd661a1e: shutdown FollowerState
2019-07-15 13:27:15,162 INFO  impl.FollowerState (FollowerState.java:run(114)) - d4dde5ca-0464-4034-8921-3c14cd661a1e: FollowerState was interrupted: java.lang.InterruptedException: sleep interrupted
2019-07-15 13:27:15,162 INFO  impl.RoleInfo (RoleInfo.java:updateAndGet(143)) - d4dde5ca-0464-4034-8921-3c14cd661a1e: start FollowerState
2019-07-15 13:27:15,186 INFO  impl.RaftServerImpl (ServerState.java:setLeader(263)) - ca58aa5f-d246-4e10-80d5-cb1a2c0fb0a7:group-6ADFD716F9D0 change Leader from null to c796b250-bd8d-4171-9bfe-8e2128022b75 at term 1 for appendEntries, leader elected after 5254ms
2019-07-15 13:27:15,186 INFO  impl.RaftServerImpl (ServerState.java:setLeader(263)) - cd6ca1b0-e985-43dd-a8fd-5a7db7002121:group-6ADFD716F9D0 change Leader from null to c796b250-bd8d-4171-9bfe-8e2128022b75 at term 1 for appendEntries, leader elected after 5254ms
2019-07-15 13:27:15,191 INFO  impl.LeaderElection (LeaderElection.java:logAndReturn(56)) - e372fc8d-0466-4805-bcd9-18ddd93608a2:group-3C72612B3E5A:LeaderElection10: Election REJECTED; received 2 response(s) [e372fc8d-0466-4805-bcd9-18ddd93608a2<-d4dde5ca-0464-4034-8921-3c14cd661a1e#0:FAIL-t1, e372fc8d-0466-4805-bcd9-18ddd93608a2<-206de66f-4ae4-470e-83ff-8c47a5fcbe27#0:FAIL-t1] and 0 exception(s); e372fc8d-0466-4805-bcd9-18ddd93608a2:t1, leader=null, voted=e372fc8d-0466-4805-bcd9-18ddd93608a2, raftlog=e372fc8d-0466-4805-bcd9-18ddd93608a2-SegmentedRaftLog:OPENED:c-1,f-1,i0, conf=-1: [d4dde5ca-0464-4034-8921-3c14cd661a1e:192.168.157.240:39973, 206de66f-4ae4-470e-83ff-8c47a5fcbe27:192.168.157.240:45958, e372fc8d-0466-4805-bcd9-18ddd93608a2:192.168.157.240:35169], old=null
2019-07-15 13:27:15,191 INFO  impl.LeaderElection (LeaderElection.java:logAndReturn(56)) - 206de66f-4ae4-470e-83ff-8c47a5fcbe27:group-3C72612B3E5A:LeaderElection11: Election PASSED; received 2 response(s) [206de66f-4ae4-470e-83ff-8c47a5fcbe27<-d4dde5ca-0464-4034-8921-3c14cd661a1e#0:OK-t1, 206de66f-4ae4-470e-83ff-8c47a5fcbe27<-e372fc8d-0466-4805-bcd9-18ddd93608a2#0:FAIL-t1] and 0 exception(s); 206de66f-4ae4-470e-83ff-8c47a5fcbe27:t1, leader=null, voted=206de66f-4ae4-470e-83ff-8c47a5fcbe27, raftlog=206de66f-4ae4-470e-83ff-8c47a5fcbe27-SegmentedRaftLog:OPENED:c-1,f-1,i0, conf=-1: [d4dde5ca-0464-4034-8921-3c14cd661a1e:192.168.157.240:39973, 206de66f-4ae4-470e-83ff-8c47a5fcbe27:192.168.157.240:45958, e372fc8d-0466-4805-bcd9-18ddd93608a2:192.168.157.240:35169], old=null
2019-07-15 13:27:15,192 INFO  impl.RoleInfo (RoleInfo.java:shutdownLeaderElection(134)) - 206de66f-4ae4-470e-83ff-8c47a5fcbe27: shutdown LeaderElection
2019-07-15 13:27:15,192 INFO  impl.RaftServerImpl (RaftServerImpl.java:setRole(171)) - e372fc8d-0466-4805-bcd9-18ddd93608a2:group-3C72612B3E5A changes role from CANDIDATE to FOLLOWER at term 1 for DISCOVERED_A_NEW_TERM
2019-07-15 13:27:15,195 INFO  impl.RaftServerImpl (RaftServerImpl.java:setRole(171)) - 206de66f-4ae4-470e-83ff-8c47a5fcbe27:group-3C72612B3E5A changes role from CANDIDATE to LEADER at term 1 for changeToLeader
2019-07-15 13:27:15,201 INFO  impl.RoleInfo (RoleInfo.java:shutdownLeaderElection(134)) - e372fc8d-0466-4805-bcd9-18ddd93608a2: shutdown LeaderElection
2019-07-15 13:27:15,203 INFO  impl.RaftServerImpl (ServerState.java:setLeader(263)) - 206de66f-4ae4-470e-83ff-8c47a5fcbe27:group-3C72612B3E5A change Leader from null to 206de66f-4ae4-470e-83ff-8c47a5fcbe27 at term 1 for becomeLeader, leader elected after 5176ms
2019-07-15 13:27:15,203 INFO  impl.RoleInfo (RoleInfo.java:updateAndGet(143)) - e372fc8d-0466-4805-bcd9-18ddd93608a2: start FollowerState
2019-07-15 13:27:15,203 INFO  server.RaftServerConfigKeys (ConfUtils.java:logGet(43)) - raft.server.staging.catchup.gap = 1000 (default)
2019-07-15 13:27:15,203 INFO  server.RaftServerConfigKeys (ConfUtils.java:logGet(43)) - raft.server.rpc.sleep.time = 25ms (default)
2019-07-15 13:27:15,205 INFO  server.RaftServerConfigKeys (ConfUtils.java:logGet(43)) - raft.server.write.element-limit = 4096 (default)
2019-07-15 13:27:15,207 INFO  server.RaftServerConfigKeys (ConfUtils.java:logGet(43)) - raft.server.watch.timeout = 10s (default)
2019-07-15 13:27:15,207 INFO  server.RaftServerConfigKeys (ConfUtils.java:logGet(43)) - raft.server.watch.timeout.denomination = 1s (default)
2019-07-15 13:27:15,211 INFO  server.RaftServerConfigKeys (ConfUtils.java:logGet(43)) - raft.server.watch.element-limit = 65536 (default)
2019-07-15 13:27:15,211 INFO  server.RaftServerConfigKeys (ConfUtils.java:logGet(43)) - raft.server.log.appender.snapshot.chunk.size.max = 16MB (=16777216) (default)
2019-07-15 13:27:15,211 INFO  server.RaftServerConfigKeys (ConfUtils.java:logGet(43)) - raft.server.log.appender.buffer.byte-limit = 33554432 (custom)
2019-07-15 13:27:15,211 INFO  server.RaftServerConfigKeys (ConfUtils.java:logGet(43)) - raft.server.log.appender.buffer.element-limit = 1 (custom)
2019-07-15 13:27:15,212 INFO  grpc.GrpcConfigKeys$Server (ConfUtils.java:logGet(43)) - raft.grpc.server.leader.outstanding.appends.max = 128 (default)
2019-07-15 13:27:15,212 INFO  server.RaftServerConfigKeys (ConfUtils.java:logGet(43)) - raft.server.rpc.request.timeout = 3000ms (default)
2019-07-15 13:27:15,212 INFO  server.RaftServerConfigKeys (ConfUtils.java:logGet(43)) - raft.server.log.appender.install.snapshot.enabled = false (custom)
2019-07-15 13:27:15,212 INFO  server.RaftServerConfigKeys (ConfUtils.java:logGet(43)) - raft.server.log.appender.snapshot.chunk.size.max = 16MB (=16777216) (default)
2019-07-15 13:27:15,212 INFO  server.RaftServerConfigKeys (ConfUtils.java:logGet(43)) - raft.server.log.appender.buffer.byte-limit = 33554432 (custom)
2019-07-15 13:27:15,212 INFO  server.RaftServerConfigKeys (ConfUtils.java:logGet(43)) - raft.server.log.appender.buffer.element-limit = 1 (custom)
2019-07-15 13:27:15,213 INFO  grpc.GrpcConfigKeys$Server (ConfUtils.java:logGet(43)) - raft.grpc.server.leader.outstanding.appends.max = 128 (default)
2019-07-15 13:27:15,213 INFO  server.RaftServerConfigKeys (ConfUtils.java:logGet(43)) - raft.server.rpc.request.timeout = 3000ms (default)
2019-07-15 13:27:15,213 INFO  server.RaftServerConfigKeys (ConfUtils.java:logGet(43)) - raft.server.log.appender.install.snapshot.enabled = false (custom)
2019-07-15 13:27:15,213 INFO  impl.RoleInfo (RoleInfo.java:updateAndGet(143)) - 206de66f-4ae4-470e-83ff-8c47a5fcbe27: start LeaderState
2019-07-15 13:27:15,214 INFO  segmented.SegmentedRaftLogWorker (SegmentedRaftLogWorker.java:startLogSegment(380)) - 206de66f-4ae4-470e-83ff-8c47a5fcbe27-SegmentedRaftLogWorker:Storage Directory /workdir/hadoop-ozone/integration-test/target/test-dir/MiniOzoneClusterImpl-db8233b4-32fe-42d4-b03b-a856ad868dc3/datanode-5/data/ratis/18cd821b-3de6-4b39-9a74-3c72612b3e5a: Starting segment from index:0
2019-07-15 13:27:15,214 INFO  impl.RaftServerImpl (ServerState.java:setRaftConf(361)) - 206de66f-4ae4-470e-83ff-8c47a5fcbe27:group-3C72612B3E5A set configuration 0: [d4dde5ca-0464-4034-8921-3c14cd661a1e:192.168.157.240:39973, 206de66f-4ae4-470e-83ff-8c47a5fcbe27:192.168.157.240:45958, e372fc8d-0466-4805-bcd9-18ddd93608a2:192.168.157.240:35169], old=null at 0
2019-07-15 13:27:15,239 INFO  impl.RaftServerImpl (ServerState.java:setLeader(263)) - d4dde5ca-0464-4034-8921-3c14cd661a1e:group-3C72612B3E5A change Leader from null to 206de66f-4ae4-470e-83ff-8c47a5fcbe27 at term 1 for appendEntries, leader elected after 5213ms
2019-07-15 13:27:15,240 INFO  impl.RaftServerImpl (ServerState.java:setLeader(263)) - e372fc8d-0466-4805-bcd9-18ddd93608a2:group-3C72612B3E5A change Leader from null to 206de66f-4ae4-470e-83ff-8c47a5fcbe27 at term 1 for appendEntries, leader elected after 5213ms
2019-07-15 13:27:15,249 INFO  segmented.SegmentedRaftLogWorker (SegmentedRaftLogWorker.java:execute(569)) - 206de66f-4ae4-470e-83ff-8c47a5fcbe27-SegmentedRaftLogWorker:Storage Directory /workdir/hadoop-ozone/integration-test/target/test-dir/MiniOzoneClusterImpl-db8233b4-32fe-42d4-b03b-a856ad868dc3/datanode-5/data/ratis/18cd821b-3de6-4b39-9a74-3c72612b3e5a: created new log segment /workdir/hadoop-ozone/integration-test/target/test-dir/MiniOzoneClusterImpl-db8233b4-32fe-42d4-b03b-a856ad868dc3/datanode-5/data/ratis/18cd821b-3de6-4b39-9a74-3c72612b3e5a/current/log_inprogress_0
2019-07-15 13:27:15,259 INFO  impl.RaftServerImpl (ServerState.java:setRaftConf(361)) - ca58aa5f-d246-4e10-80d5-cb1a2c0fb0a7:group-6ADFD716F9D0 set configuration 0: [ca58aa5f-d246-4e10-80d5-cb1a2c0fb0a7:192.168.157.240:40638, c796b250-bd8d-4171-9bfe-8e2128022b75:192.168.157.240:44407, cd6ca1b0-e985-43dd-a8fd-5a7db7002121:192.168.157.240:41303], old=null at 0
2019-07-15 13:27:15,259 INFO  impl.RaftServerImpl (ServerState.java:setRaftConf(361)) - e372fc8d-0466-4805-bcd9-18ddd93608a2:group-3C72612B3E5A set configuration 0: [d4dde5ca-0464-4034-8921-3c14cd661a1e:192.168.157.240:39973, 206de66f-4ae4-470e-83ff-8c47a5fcbe27:192.168.157.240:45958, e372fc8d-0466-4805-bcd9-18ddd93608a2:192.168.157.240:35169], old=null at 0
2019-07-15 13:27:15,259 INFO  impl.RaftServerImpl (ServerState.java:setRaftConf(361)) - cd6ca1b0-e985-43dd-a8fd-5a7db7002121:group-6ADFD716F9D0 set configuration 0: [ca58aa5f-d246-4e10-80d5-cb1a2c0fb0a7:192.168.157.240:40638, c796b250-bd8d-4171-9bfe-8e2128022b75:192.168.157.240:44407, cd6ca1b0-e985-43dd-a8fd-5a7db7002121:192.168.157.240:41303], old=null at 0
2019-07-15 13:27:15,259 INFO  impl.RaftServerImpl (ServerState.java:setRaftConf(361)) - d4dde5ca-0464-4034-8921-3c14cd661a1e:group-3C72612B3E5A set configuration 0: [d4dde5ca-0464-4034-8921-3c14cd661a1e:192.168.157.240:39973, 206de66f-4ae4-470e-83ff-8c47a5fcbe27:192.168.157.240:45958, e372fc8d-0466-4805-bcd9-18ddd93608a2:192.168.157.240:35169], old=null at 0
2019-07-15 13:27:15,261 INFO  segmented.SegmentedRaftLogWorker (SegmentedRaftLogWorker.java:startLogSegment(380)) - cd6ca1b0-e985-43dd-a8fd-5a7db7002121-SegmentedRaftLogWorker:Storage Directory /workdir/hadoop-ozone/integration-test/target/test-dir/MiniOzoneClusterImpl-db8233b4-32fe-42d4-b03b-a856ad868dc3/datanode-4/data/ratis/352bcc25-b668-4544-9280-6adfd716f9d0: Starting segment from index:0
2019-07-15 13:27:15,261 INFO  segmented.SegmentedRaftLogWorker (SegmentedRaftLogWorker.java:startLogSegment(380)) - e372fc8d-0466-4805-bcd9-18ddd93608a2-SegmentedRaftLogWorker:Storage Directory /workdir/hadoop-ozone/integration-test/target/test-dir/MiniOzoneClusterImpl-db8233b4-32fe-42d4-b03b-a856ad868dc3/datanode-2/data/ratis/18cd821b-3de6-4b39-9a74-3c72612b3e5a: Starting segment from index:0
2019-07-15 13:27:15,261 INFO  segmented.SegmentedRaftLogWorker (SegmentedRaftLogWorker.java:startLogSegment(380)) - ca58aa5f-d246-4e10-80d5-cb1a2c0fb0a7-SegmentedRaftLogWorker:Storage Directory /workdir/hadoop-ozone/integration-test/target/test-dir/MiniOzoneClusterImpl-db8233b4-32fe-42d4-b03b-a856ad868dc3/datanode-1/data/ratis/352bcc25-b668-4544-9280-6adfd716f9d0: Starting segment from index:0
2019-07-15 13:27:15,261 INFO  segmented.SegmentedRaftLogWorker (SegmentedRaftLogWorker.java:startLogSegment(380)) - d4dde5ca-0464-4034-8921-3c14cd661a1e-SegmentedRaftLogWorker:Storage Directory /workdir/hadoop-ozone/integration-test/target/test-dir/MiniOzoneClusterImpl-db8233b4-32fe-42d4-b03b-a856ad868dc3/datanode-3/data/ratis/18cd821b-3de6-4b39-9a74-3c72612b3e5a: Starting segment from index:0
2019-07-15 13:27:15,296 INFO  segmented.SegmentedRaftLogWorker (SegmentedRaftLogWorker.java:execute(569)) - d4dde5ca-0464-4034-8921-3c14cd661a1e-SegmentedRaftLogWorker:Storage Directory /workdir/hadoop-ozone/integration-test/target/test-dir/MiniOzoneClusterImpl-db8233b4-32fe-42d4-b03b-a856ad868dc3/datanode-3/data/ratis/18cd821b-3de6-4b39-9a74-3c72612b3e5a: created new log segment /workdir/hadoop-ozone/integration-test/target/test-dir/MiniOzoneClusterImpl-db8233b4-32fe-42d4-b03b-a856ad868dc3/datanode-3/data/ratis/18cd821b-3de6-4b39-9a74-3c72612b3e5a/current/log_inprogress_0
2019-07-15 13:27:15,296 INFO  segmented.SegmentedRaftLogWorker (SegmentedRaftLogWorker.java:execute(569)) - cd6ca1b0-e985-43dd-a8fd-5a7db7002121-SegmentedRaftLogWorker:Storage Directory /workdir/hadoop-ozone/integration-test/target/test-dir/MiniOzoneClusterImpl-db8233b4-32fe-42d4-b03b-a856ad868dc3/datanode-4/data/ratis/352bcc25-b668-4544-9280-6adfd716f9d0: created new log segment /workdir/hadoop-ozone/integration-test/target/test-dir/MiniOzoneClusterImpl-db8233b4-32fe-42d4-b03b-a856ad868dc3/datanode-4/data/ratis/352bcc25-b668-4544-9280-6adfd716f9d0/current/log_inprogress_0
2019-07-15 13:27:15,296 INFO  segmented.SegmentedRaftLogWorker (SegmentedRaftLogWorker.java:execute(569)) - ca58aa5f-d246-4e10-80d5-cb1a2c0fb0a7-SegmentedRaftLogWorker:Storage Directory /workdir/hadoop-ozone/integration-test/target/test-dir/MiniOzoneClusterImpl-db8233b4-32fe-42d4-b03b-a856ad868dc3/datanode-1/data/ratis/352bcc25-b668-4544-9280-6adfd716f9d0: created new log segment /workdir/hadoop-ozone/integration-test/target/test-dir/MiniOzoneClusterImpl-db8233b4-32fe-42d4-b03b-a856ad868dc3/datanode-1/data/ratis/352bcc25-b668-4544-9280-6adfd716f9d0/current/log_inprogress_0
2019-07-15 13:27:15,296 INFO  segmented.SegmentedRaftLogWorker (SegmentedRaftLogWorker.java:execute(569)) - e372fc8d-0466-4805-bcd9-18ddd93608a2-SegmentedRaftLogWorker:Storage Directory /workdir/hadoop-ozone/integration-test/target/test-dir/MiniOzoneClusterImpl-db8233b4-32fe-42d4-b03b-a856ad868dc3/datanode-2/data/ratis/18cd821b-3de6-4b39-9a74-3c72612b3e5a: created new log segment /workdir/hadoop-ozone/integration-test/target/test-dir/MiniOzoneClusterImpl-db8233b4-32fe-42d4-b03b-a856ad868dc3/datanode-2/data/ratis/18cd821b-3de6-4b39-9a74-3c72612b3e5a/current/log_inprogress_0
2019-07-15 13:27:15,374 INFO  client.GrpcClientProtocolClient (GrpcClientProtocolClient.java:onNext(255)) - client-36E60EABB8D8->e372fc8d-0466-4805-bcd9-18ddd93608a2: receive RaftClientReply:client-36E60EABB8D8->e372fc8d-0466-4805-bcd9-18ddd93608a2@group-3C72612B3E5A, cid=13, FAILED org.apache.ratis.protocol.NotLeaderException: Server e372fc8d-0466-4805-bcd9-18ddd93608a2 is not the leader (206de66f-4ae4-470e-83ff-8c47a5fcbe27:192.168.157.240:45958). Request must be sent to leader., logIndex=0, commits[e372fc8d-0466-4805-bcd9-18ddd93608a2:c-1, d4dde5ca-0464-4034-8921-3c14cd661a1e:c-1, 206de66f-4ae4-470e-83ff-8c47a5fcbe27:c-1]
2019-07-15 13:27:15,660 INFO  client.GrpcClientProtocolClient (GrpcClientProtocolClient.java:onNext(255)) - client-36E60EABB8D8->206de66f-4ae4-470e-83ff-8c47a5fcbe27: receive RaftClientReply:client-36E60EABB8D8->206de66f-4ae4-470e-83ff-8c47a5fcbe27@group-3C72612B3E5A, cid=13, SUCCESS, logIndex=1, commits[206de66f-4ae4-470e-83ff-8c47a5fcbe27:c1, d4dde5ca-0464-4034-8921-3c14cd661a1e:c0, e372fc8d-0466-4805-bcd9-18ddd93608a2:c0]
2019-07-15 13:27:15,704 INFO  client.GrpcClientProtocolClient (GrpcClientProtocolClient.java:onNext(255)) - client-36E60EABB8D8->206de66f-4ae4-470e-83ff-8c47a5fcbe27: receive RaftClientReply:client-36E60EABB8D8->206de66f-4ae4-470e-83ff-8c47a5fcbe27@group-3C72612B3E5A, cid=14, SUCCESS, logIndex=3, commits[206de66f-4ae4-470e-83ff-8c47a5fcbe27:c3, d4dde5ca-0464-4034-8921-3c14cd661a1e:c2, e372fc8d-0466-4805-bcd9-18ddd93608a2:c2]
2019-07-15 13:27:15,804 INFO  client.GrpcClientProtocolClient (GrpcClientProtocolClient.java:onNext(255)) - client-36E60EABB8D8->206de66f-4ae4-470e-83ff-8c47a5fcbe27: receive RaftClientReply:client-36E60EABB8D8->206de66f-4ae4-470e-83ff-8c47a5fcbe27@group-3C72612B3E5A, cid=15, SUCCESS, logIndex=4, commits[206de66f-4ae4-470e-83ff-8c47a5fcbe27:c12, d4dde5ca-0464-4034-8921-3c14cd661a1e:c8, e372fc8d-0466-4805-bcd9-18ddd93608a2:c8]
2019-07-15 13:27:15,810 INFO  client.GrpcClientProtocolClient (GrpcClientProtocolClient.java:onNext(255)) - client-36E60EABB8D8->206de66f-4ae4-470e-83ff-8c47a5fcbe27: receive RaftClientReply:client-36E60EABB8D8->206de66f-4ae4-470e-83ff-8c47a5fcbe27@group-3C72612B3E5A, cid=16, SUCCESS, logIndex=5, commits[206de66f-4ae4-470e-83ff-8c47a5fcbe27:c12, d4dde5ca-0464-4034-8921-3c14cd661a1e:c8, e372fc8d-0466-4805-bcd9-18ddd93608a2:c8]
2019-07-15 13:27:15,811 INFO  client.GrpcClientProtocolClient (GrpcClientProtocolClient.java:onNext(255)) - client-36E60EABB8D8->206de66f-4ae4-470e-83ff-8c47a5fcbe27: receive RaftClientReply:client-36E60EABB8D8->206de66f-4ae4-470e-83ff-8c47a5fcbe27@group-3C72612B3E5A, cid=17, SUCCESS, logIndex=6, commits[206de66f-4ae4-470e-83ff-8c47a5fcbe27:c12, d4dde5ca-0464-4034-8921-3c14cd661a1e:c8, e372fc8d-0466-4805-bcd9-18ddd93608a2:c8]
2019-07-15 13:27:15,904 INFO  client.GrpcClientProtocolClient (GrpcClientProtocolClient.java:onNext(255)) - client-36E60EABB8D8->206de66f-4ae4-470e-83ff-8c47a5fcbe27: receive RaftClientReply:client-36E60EABB8D8->206de66f-4ae4-470e-83ff-8c47a5fcbe27@group-3C72612B3E5A, cid=18, SUCCESS, logIndex=8, commits[206de66f-4ae4-470e-83ff-8c47a5fcbe27:c12, d4dde5ca-0464-4034-8921-3c14cd661a1e:c8, e372fc8d-0466-4805-bcd9-18ddd93608a2:c8]
2019-07-15 13:27:15,912 INFO  pipeline.SCMPipelineManager (SCMPipelineManager.java:finalizeAndDestroyPipeline(309)) - destroying pipeline:Pipeline[ Id: 18cd821b-3de6-4b39-9a74-3c72612b3e5a, Nodes: d4dde5ca-0464-4034-8921-3c14cd661a1e{ip: 192.168.157.240, host: trunk-nightly-hvlc9-701369690, networkLocation: /default-rack, certSerialId: null}206de66f-4ae4-470e-83ff-8c47a5fcbe27{ip: 192.168.157.240, host: trunk-nightly-hvlc9-701369690, networkLocation: /default-rack, certSerialId: null}e372fc8d-0466-4805-bcd9-18ddd93608a2{ip: 192.168.157.240, host: trunk-nightly-hvlc9-701369690, networkLocation: /default-rack, certSerialId: null}, Type:RATIS, Factor:THREE, State:OPEN]
2019-07-15 13:27:15,914 INFO  pipeline.PipelineStateManager (PipelineStateManager.java:finalizePipeline(123)) - Pipeline Pipeline[ Id: 18cd821b-3de6-4b39-9a74-3c72612b3e5a, Nodes: d4dde5ca-0464-4034-8921-3c14cd661a1e{ip: 192.168.157.240, host: trunk-nightly-hvlc9-701369690, networkLocation: /default-rack, certSerialId: null}206de66f-4ae4-470e-83ff-8c47a5fcbe27{ip: 192.168.157.240, host: trunk-nightly-hvlc9-701369690, networkLocation: /default-rack, certSerialId: null}e372fc8d-0466-4805-bcd9-18ddd93608a2{ip: 192.168.157.240, host: trunk-nightly-hvlc9-701369690, networkLocation: /default-rack, certSerialId: null}, Type:RATIS, Factor:THREE, State:CLOSED] moved to CLOSED state
2019-07-15 13:27:15,915 INFO  container.CloseContainerEventHandler (CloseContainerEventHandler.java:onMessage(61)) - Close container Event triggered for container : #1
2019-07-15 13:27:15,936 INFO  impl.RaftServerProxy (RaftServerProxy.java:remove(95)) - d4dde5ca-0464-4034-8921-3c14cd661a1e: remove FOLLOWER group-3C72612B3E5A d4dde5ca-0464-4034-8921-3c14cd661a1e:t1, leader=206de66f-4ae4-470e-83ff-8c47a5fcbe27, voted=206de66f-4ae4-470e-83ff-8c47a5fcbe27, raftlog=d4dde5ca-0464-4034-8921-3c14cd661a1e-SegmentedRaftLog:OPENED:c8,f12,i12, conf=0: [d4dde5ca-0464-4034-8921-3c14cd661a1e:192.168.157.240:39973, 206de66f-4ae4-470e-83ff-8c47a5fcbe27:192.168.157.240:45958, e372fc8d-0466-4805-bcd9-18ddd93608a2:192.168.157.240:35169], old=null RUNNING
2019-07-15 13:27:15,942 INFO  impl.RaftServerImpl (RaftServerImpl.java:lambda$shutdown$3(245)) - d4dde5ca-0464-4034-8921-3c14cd661a1e: shutdown group-3C72612B3E5A
2019-07-15 13:27:15,942 INFO  util.JmxRegister (JmxRegister.java:unregister(73)) - Successfully un-registered JMX Bean with object name Ratis:service=RaftServer,group=group-3C72612B3E5A,id=d4dde5ca-0464-4034-8921-3c14cd661a1e
2019-07-15 13:27:15,943 INFO  impl.RoleInfo (RoleInfo.java:shutdownFollowerState(121)) - d4dde5ca-0464-4034-8921-3c14cd661a1e: shutdown FollowerState
2019-07-15 13:27:15,943 INFO  impl.StateMachineUpdater (StateMachineUpdater.java:stopAndJoin(115)) - StateMachineUpdater:d4dde5ca-0464-4034-8921-3c14cd661a1e:group-3C72612B3E5A: set stopIndex = 8
2019-07-15 13:27:15,943 INFO  impl.FollowerState (FollowerState.java:run(114)) - d4dde5ca-0464-4034-8921-3c14cd661a1e: FollowerState was interrupted: java.lang.InterruptedException: sleep interrupted
2019-07-15 13:27:15,943 INFO  ratis.ContainerStateMachine (ContainerStateMachine.java:takeSnapshot(249)) - group-3C72612B3E5A: Taking a snapshot at:(t:1, i:8) file /workdir/hadoop-ozone/integration-test/target/test-dir/MiniOzoneClusterImpl-db8233b4-32fe-42d4-b03b-a856ad868dc3/datanode-3/data/ratis/18cd821b-3de6-4b39-9a74-3c72612b3e5a/sm/snapshot.1_8
2019-07-15 13:27:15,963 INFO  ratis.ContainerStateMachine (ContainerStateMachine.java:takeSnapshot(257)) - group-3C72612B3E5A: Finished taking a snapshot at:(t:1, i:8) file:/workdir/hadoop-ozone/integration-test/target/test-dir/MiniOzoneClusterImpl-db8233b4-32fe-42d4-b03b-a856ad868dc3/datanode-3/data/ratis/18cd821b-3de6-4b39-9a74-3c72612b3e5a/sm/snapshot.1_8 time:20
2019-07-15 13:27:15,964 INFO  impl.StateMachineUpdater (StateMachineUpdater.java:takeSnapshot(242)) - StateMachineUpdater:d4dde5ca-0464-4034-8921-3c14cd661a1e:group-3C72612B3E5A: Took a snapshot at index 8
2019-07-15 13:27:15,965 INFO  impl.StateMachineUpdater (StateMachineUpdater.java:lambda$new$0(80)) - StateMachineUpdater:d4dde5ca-0464-4034-8921-3c14cd661a1e:group-3C72612B3E5A: snapshotIndex: updateIncreasingly -1 -> 8
2019-07-15 13:27:15,969 INFO  impl.RaftServerImpl (ServerState.java:close(394)) - d4dde5ca-0464-4034-8921-3c14cd661a1e:group-3C72612B3E5A closes. The last applied log index is 8
2019-07-15 13:27:15,972 INFO  segmented.SegmentedRaftLogWorker (SegmentedRaftLogWorker.java:run(313)) - d4dde5ca-0464-4034-8921-3c14cd661a1e-SegmentedRaftLogWorker:Storage Directory /workdir/hadoop-ozone/integration-test/target/test-dir/MiniOzoneClusterImpl-db8233b4-32fe-42d4-b03b-a856ad868dc3/datanode-3/data/ratis/18cd821b-3de6-4b39-9a74-3c72612b3e5a was interrupted, exiting. There are 0 tasks remaining in the queue.
2019-07-15 13:27:15,974 INFO  segmented.SegmentedRaftLogWorker (SegmentedRaftLogWorker.java:close(228)) - d4dde5ca-0464-4034-8921-3c14cd661a1e-SegmentedRaftLogWorker:Storage Directory /workdir/hadoop-ozone/integration-test/target/test-dir/MiniOzoneClusterImpl-db8233b4-32fe-42d4-b03b-a856ad868dc3/datanode-3/data/ratis/18cd821b-3de6-4b39-9a74-3c72612b3e5a close()
2019-07-15 13:27:15,999 INFO  impl.RaftServerProxy (RaftServerProxy.java:remove(95)) - 206de66f-4ae4-470e-83ff-8c47a5fcbe27: remove   LEADER group-3C72612B3E5A 206de66f-4ae4-470e-83ff-8c47a5fcbe27:t1, leader=206de66f-4ae4-470e-83ff-8c47a5fcbe27, voted=206de66f-4ae4-470e-83ff-8c47a5fcbe27, raftlog=206de66f-4ae4-470e-83ff-8c47a5fcbe27-SegmentedRaftLog:OPENED:c12,f12,i12, conf=0: [d4dde5ca-0464-4034-8921-3c14cd661a1e:192.168.157.240:39973, 206de66f-4ae4-470e-83ff-8c47a5fcbe27:192.168.157.240:45958, e372fc8d-0466-4805-bcd9-18ddd93608a2:192.168.157.240:35169], old=null RUNNING
2019-07-15 13:27:15,999 INFO  impl.RaftServerImpl (RaftServerImpl.java:lambda$shutdown$3(245)) - 206de66f-4ae4-470e-83ff-8c47a5fcbe27: shutdown group-3C72612B3E5A
2019-07-15 13:27:16,000 INFO  util.JmxRegister (JmxRegister.java:unregister(73)) - Successfully un-registered JMX Bean with object name Ratis:service=RaftServer,group=group-3C72612B3E5A,id=206de66f-4ae4-470e-83ff-8c47a5fcbe27
2019-07-15 13:27:16,000 INFO  impl.RoleInfo (RoleInfo.java:shutdownLeaderState(104)) - 206de66f-4ae4-470e-83ff-8c47a5fcbe27: shutdown LeaderState
2019-07-15 13:27:16,004 INFO  impl.PendingRequests (PendingRequests.java:sendNotLeaderResponses(202)) - 206de66f-4ae4-470e-83ff-8c47a5fcbe27-PendingRequests: sendNotLeaderResponses
2019-07-15 13:27:16,004 WARN  server.GrpcLogAppender (GrpcLogAppender.java:mayWait(143)) - GrpcLogAppender(206de66f-4ae4-470e-83ff-8c47a5fcbe27->e372fc8d-0466-4805-bcd9-18ddd93608a2): Wait interrupted by java.lang.InterruptedException
2019-07-15 13:27:16,004 WARN  server.GrpcLogAppender (GrpcLogAppender.java:mayWait(143)) - GrpcLogAppender(206de66f-4ae4-470e-83ff-8c47a5fcbe27->d4dde5ca-0464-4034-8921-3c14cd661a1e): Wait interrupted by java.lang.InterruptedException
2019-07-15 13:27:16,015 INFO  server.GrpcServerProtocolService (GrpcServerProtocolService.java:onCompleted(104)) - d4dde5ca-0464-4034-8921-3c14cd661a1e: appendEntries completed
2019-07-15 13:27:16,015 INFO  server.GrpcServerProtocolService (GrpcServerProtocolService.java:onCompleted(104)) - e372fc8d-0466-4805-bcd9-18ddd93608a2: appendEntries completed
2019-07-15 13:27:16,021 INFO  server.GrpcLogAppender (GrpcLogAppender.java:onCompleted(292)) - 206de66f-4ae4-470e-83ff-8c47a5fcbe27->d4dde5ca-0464-4034-8921-3c14cd661a1e: follower responses appendEntries COMPLETED
2019-07-15 13:27:16,021 INFO  server.GrpcLogAppender (GrpcLogAppender.java:onCompleted(292)) - 206de66f-4ae4-470e-83ff-8c47a5fcbe27->e372fc8d-0466-4805-bcd9-18ddd93608a2: follower responses appendEntries COMPLETED
2019-07-15 13:27:16,030 INFO  impl.StateMachineUpdater (StateMachineUpdater.java:stopAndJoin(115)) - StateMachineUpdater:206de66f-4ae4-470e-83ff-8c47a5fcbe27:group-3C72612B3E5A: set stopIndex = 12
2019-07-15 13:27:16,030 INFO  impl.FollowerInfo (FollowerInfo.java:lambda$new$0(50)) - 206de66f-4ae4-470e-83ff-8c47a5fcbe27->d4dde5ca-0464-4034-8921-3c14cd661a1e: nextIndex: updateUnconditionally 13 -> 12
2019-07-15 13:27:16,030 INFO  ratis.ContainerStateMachine (ContainerStateMachine.java:takeSnapshot(249)) - group-3C72612B3E5A: Taking a snapshot at:(t:1, i:12) file /workdir/hadoop-ozone/integration-test/target/test-dir/MiniOzoneClusterImpl-db8233b4-32fe-42d4-b03b-a856ad868dc3/datanode-5/data/ratis/18cd821b-3de6-4b39-9a74-3c72612b3e5a/sm/snapshot.1_12
2019-07-15 13:27:16,030 INFO  impl.FollowerInfo (FollowerInfo.java:lambda$new$0(50)) - 206de66f-4ae4-470e-83ff-8c47a5fcbe27->e372fc8d-0466-4805-bcd9-18ddd93608a2: nextIndex: updateUnconditionally 13 -> 12
2019-07-15 13:27:16,032 INFO  ratis.ContainerStateMachine (ContainerStateMachine.java:takeSnapshot(257)) - group-3C72612B3E5A: Finished taking a snapshot at:(t:1, i:12) file:/workdir/hadoop-ozone/integration-test/target/test-dir/MiniOzoneClusterImpl-db8233b4-32fe-42d4-b03b-a856ad868dc3/datanode-5/data/ratis/18cd821b-3de6-4b39-9a74-3c72612b3e5a/sm/snapshot.1_12 time:2
2019-07-15 13:27:16,033 INFO  impl.StateMachineUpdater (StateMachineUpdater.java:takeSnapshot(242)) - StateMachineUpdater:206de66f-4ae4-470e-83ff-8c47a5fcbe27:group-3C72612B3E5A: Took a snapshot at index 12
2019-07-15 13:27:16,034 INFO  impl.StateMachineUpdater (StateMachineUpdater.java:lambda$new$0(80)) - StateMachineUpdater:206de66f-4ae4-470e-83ff-8c47a5fcbe27:group-3C72612B3E5A: snapshotIndex: updateIncreasingly -1 -> 12
2019-07-15 13:27:16,035 INFO  impl.RaftServerImpl (ServerState.java:close(394)) - 206de66f-4ae4-470e-83ff-8c47a5fcbe27:group-3C72612B3E5A closes. The last applied log index is 12
2019-07-15 13:27:16,035 INFO  segmented.SegmentedRaftLogWorker (SegmentedRaftLogWorker.java:run(313)) - 206de66f-4ae4-470e-83ff-8c47a5fcbe27-SegmentedRaftLogWorker:Storage Directory /workdir/hadoop-ozone/integration-test/target/test-dir/MiniOzoneClusterImpl-db8233b4-32fe-42d4-b03b-a856ad868dc3/datanode-5/data/ratis/18cd821b-3de6-4b39-9a74-3c72612b3e5a was interrupted, exiting. There are 0 tasks remaining in the queue.
2019-07-15 13:27:16,037 INFO  segmented.SegmentedRaftLogWorker (SegmentedRaftLogWorker.java:close(228)) - 206de66f-4ae4-470e-83ff-8c47a5fcbe27-SegmentedRaftLogWorker:Storage Directory /workdir/hadoop-ozone/integration-test/target/test-dir/MiniOzoneClusterImpl-db8233b4-32fe-42d4-b03b-a856ad868dc3/datanode-5/data/ratis/18cd821b-3de6-4b39-9a74-3c72612b3e5a close()
2019-07-15 13:27:16,057 INFO  impl.RaftServerProxy (RaftServerProxy.java:remove(95)) - e372fc8d-0466-4805-bcd9-18ddd93608a2: remove FOLLOWER group-3C72612B3E5A e372fc8d-0466-4805-bcd9-18ddd93608a2:t1, leader=206de66f-4ae4-470e-83ff-8c47a5fcbe27, voted=e372fc8d-0466-4805-bcd9-18ddd93608a2, raftlog=e372fc8d-0466-4805-bcd9-18ddd93608a2-SegmentedRaftLog:OPENED:c8,f12,i12, conf=0: [d4dde5ca-0464-4034-8921-3c14cd661a1e:192.168.157.240:39973, 206de66f-4ae4-470e-83ff-8c47a5fcbe27:192.168.157.240:45958, e372fc8d-0466-4805-bcd9-18ddd93608a2:192.168.157.240:35169], old=null RUNNING
2019-07-15 13:27:16,058 INFO  impl.RaftServerImpl (RaftServerImpl.java:lambda$shutdown$3(245)) - e372fc8d-0466-4805-bcd9-18ddd93608a2: shutdown group-3C72612B3E5A
2019-07-15 13:27:16,058 INFO  util.JmxRegister (JmxRegister.java:unregister(73)) - Successfully un-registered JMX Bean with object name Ratis:service=RaftServer,group=group-3C72612B3E5A,id=e372fc8d-0466-4805-bcd9-18ddd93608a2
2019-07-15 13:27:16,058 INFO  impl.RoleInfo (RoleInfo.java:shutdownFollowerState(121)) - e372fc8d-0466-4805-bcd9-18ddd93608a2: shutdown FollowerState
2019-07-15 13:27:16,058 INFO  impl.StateMachineUpdater (StateMachineUpdater.java:stopAndJoin(115)) - StateMachineUpdater:e372fc8d-0466-4805-bcd9-18ddd93608a2:group-3C72612B3E5A: set stopIndex = 8
2019-07-15 13:27:16,058 INFO  impl.FollowerState (FollowerState.java:run(114)) - e372fc8d-0466-4805-bcd9-18ddd93608a2: FollowerState was interrupted: java.lang.InterruptedException: sleep interrupted
2019-07-15 13:27:16,058 INFO  ratis.ContainerStateMachine (ContainerStateMachine.java:takeSnapshot(249)) - group-3C72612B3E5A: Taking a snapshot at:(t:1, i:8) file /workdir/hadoop-ozone/integration-test/target/test-dir/MiniOzoneClusterImpl-db8233b4-32fe-42d4-b03b-a856ad868dc3/datanode-2/data/ratis/18cd821b-3de6-4b39-9a74-3c72612b3e5a/sm/snapshot.1_8
2019-07-15 13:27:16,063 INFO  ratis.ContainerStateMachine (ContainerStateMachine.java:takeSnapshot(257)) - group-3C72612B3E5A: Finished taking a snapshot at:(t:1, i:8) file:/workdir/hadoop-ozone/integration-test/target/test-dir/MiniOzoneClusterImpl-db8233b4-32fe-42d4-b03b-a856ad868dc3/datanode-2/data/ratis/18cd821b-3de6-4b39-9a74-3c72612b3e5a/sm/snapshot.1_8 time:5
2019-07-15 13:27:16,063 INFO  impl.StateMachineUpdater (StateMachineUpdater.java:takeSnapshot(242)) - StateMachineUpdater:e372fc8d-0466-4805-bcd9-18ddd93608a2:group-3C72612B3E5A: Took a snapshot at index 8
2019-07-15 13:27:16,063 INFO  impl.StateMachineUpdater (StateMachineUpdater.java:lambda$new$0(80)) - StateMachineUpdater:e372fc8d-0466-4805-bcd9-18ddd93608a2:group-3C72612B3E5A: snapshotIndex: updateIncreasingly -1 -> 8
2019-07-15 13:27:16,064 INFO  impl.RaftServerImpl (ServerState.java:close(394)) - e372fc8d-0466-4805-bcd9-18ddd93608a2:group-3C72612B3E5A closes. The last applied log index is 8
2019-07-15 13:27:16,064 INFO  segmented.SegmentedRaftLogWorker (SegmentedRaftLogWorker.java:run(313)) - e372fc8d-0466-4805-bcd9-18ddd93608a2-SegmentedRaftLogWorker:Storage Directory /workdir/hadoop-ozone/integration-test/target/test-dir/MiniOzoneClusterImpl-db8233b4-32fe-42d4-b03b-a856ad868dc3/datanode-2/data/ratis/18cd821b-3de6-4b39-9a74-3c72612b3e5a was interrupted, exiting. There are 0 tasks remaining in the queue.
2019-07-15 13:27:16,066 INFO  segmented.SegmentedRaftLogWorker (SegmentedRaftLogWorker.java:close(228)) - e372fc8d-0466-4805-bcd9-18ddd93608a2-SegmentedRaftLogWorker:Storage Directory /workdir/hadoop-ozone/integration-test/target/test-dir/MiniOzoneClusterImpl-db8233b4-32fe-42d4-b03b-a856ad868dc3/datanode-2/data/ratis/18cd821b-3de6-4b39-9a74-3c72612b3e5a close()
2019-07-15 13:27:16,075 INFO  pipeline.PipelineStateManager (PipelineStateManager.java:removePipeline(108)) - Pipeline Pipeline[ Id: 18cd821b-3de6-4b39-9a74-3c72612b3e5a, Nodes: d4dde5ca-0464-4034-8921-3c14cd661a1e{ip: 192.168.157.240, host: trunk-nightly-hvlc9-701369690, networkLocation: /default-rack, certSerialId: null}206de66f-4ae4-470e-83ff-8c47a5fcbe27{ip: 192.168.157.240, host: trunk-nightly-hvlc9-701369690, networkLocation: /default-rack, certSerialId: null}e372fc8d-0466-4805-bcd9-18ddd93608a2{ip: 192.168.157.240, host: trunk-nightly-hvlc9-701369690, networkLocation: /default-rack, certSerialId: null}, Type:RATIS, Factor:THREE, State:CLOSED] removed from db
2019-07-15 13:27:16,077 INFO  ratis.XceiverServerRatis (XceiverServerRatis.java:getPipelineIds(614)) - pipeline id PipelineID=5ac834fa-662c-478b-a9db-c39a4830a04f
2019-07-15 13:27:16,077 INFO  ratis.XceiverServerRatis (XceiverServerRatis.java:getPipelineIds(614)) - pipeline id PipelineID=339a519b-c3f5-4ab0-9668-95e1b2065fe1
2019-07-15 13:27:16,079 INFO  ratis.XceiverServerRatis (XceiverServerRatis.java:getPipelineIds(614)) - pipeline id PipelineID=6a5b60a3-ec0d-43d4-a663-f544927ca2c2
2019-07-15 13:27:16,096 INFO  impl.RaftServerProxy (RaftServerProxy.java:addNew(89)) - d4dde5ca-0464-4034-8921-3c14cd661a1e: addNew group-DC166049A843:[d4dde5ca-0464-4034-8921-3c14cd661a1e:192.168.157.240:39973, 206de66f-4ae4-470e-83ff-8c47a5fcbe27:192.168.157.240:45958, e372fc8d-0466-4805-bcd9-18ddd93608a2:192.168.157.240:35169] returns group-DC166049A843:java.util.concurrent.CompletableFuture@622669e7[Not completed]
2019-07-15 13:27:16,098 INFO  impl.RaftServerProxy (RaftServerProxy.java:addNew(89)) - e372fc8d-0466-4805-bcd9-18ddd93608a2: addNew group-DC166049A843:[d4dde5ca-0464-4034-8921-3c14cd661a1e:192.168.157.240:39973, 206de66f-4ae4-470e-83ff-8c47a5fcbe27:192.168.157.240:45958, e372fc8d-0466-4805-bcd9-18ddd93608a2:192.168.157.240:35169] returns group-DC166049A843:java.util.concurrent.CompletableFuture@4ba733c9[Not completed]
2019-07-15 13:27:16,101 INFO  impl.RaftServerProxy (RaftServerProxy.java:addNew(89)) - 206de66f-4ae4-470e-83ff-8c47a5fcbe27: addNew group-DC166049A843:[d4dde5ca-0464-4034-8921-3c14cd661a1e:192.168.157.240:39973, 206de66f-4ae4-470e-83ff-8c47a5fcbe27:192.168.157.240:45958, e372fc8d-0466-4805-bcd9-18ddd93608a2:192.168.157.240:35169] returns group-DC166049A843:java.util.concurrent.CompletableFuture@30d5cc0a[Not completed]
2019-07-15 13:27:16,101 INFO  impl.RaftServerImpl (RaftServerImpl.java:<init>(93)) - d4dde5ca-0464-4034-8921-3c14cd661a1e: new RaftServerImpl for group-DC166049A843:[d4dde5ca-0464-4034-8921-3c14cd661a1e:192.168.157.240:39973, 206de66f-4ae4-470e-83ff-8c47a5fcbe27:192.168.157.240:45958, e372fc8d-0466-4805-bcd9-18ddd93608a2:192.168.157.240:35169] with ContainerStateMachine:uninitialized
2019-07-15 13:27:16,101 INFO  server.RaftServerConfigKeys (ConfUtils.java:logGet(43)) - raft.server.rpc.timeout.min = 5s (custom)
2019-07-15 13:27:16,101 INFO  server.RaftServerConfigKeys (ConfUtils.java:logGet(43)) - raft.server.rpc.timeout.max = 5200ms (custom)
2019-07-15 13:27:16,102 INFO  server.RaftServerConfigKeys (ConfUtils.java:logGet(43)) - raft.server.rpcslowness.timeout = 120s (custom)
2019-07-15 13:27:16,102 INFO  impl.RaftServerImpl (RaftServerImpl.java:<init>(93)) - 206de66f-4ae4-470e-83ff-8c47a5fcbe27: new RaftServerImpl for group-DC166049A843:[d4dde5ca-0464-4034-8921-3c14cd661a1e:192.168.157.240:39973, 206de66f-4ae4-470e-83ff-8c47a5fcbe27:192.168.157.240:45958, e372fc8d-0466-4805-bcd9-18ddd93608a2:192.168.157.240:35169] with ContainerStateMachine:uninitialized
2019-07-15 13:27:16,102 INFO  server.RaftServerConfigKeys (ConfUtils.java:logGet(43)) - raft.server.sleep.deviation.threshold = 300 (default)
2019-07-15 13:27:16,102 INFO  server.RaftServerConfigKeys (ConfUtils.java:logGet(43)) - raft.server.rpc.timeout.min = 5s (custom)
2019-07-15 13:27:16,102 INFO  server.RaftServerConfigKeys (ConfUtils.java:logGet(43)) - raft.server.log.appender.install.snapshot.enabled = false (custom)
2019-07-15 13:27:16,102 INFO  server.RaftServerConfigKeys (ConfUtils.java:logGet(43)) - raft.server.rpc.timeout.max = 5200ms (custom)
2019-07-15 13:27:16,102 INFO  impl.RaftServerImpl (ServerState.java:<init>(105)) - d4dde5ca-0464-4034-8921-3c14cd661a1e:group-DC166049A843 ConfigurationManager, init=-1: [d4dde5ca-0464-4034-8921-3c14cd661a1e:192.168.157.240:39973, 206de66f-4ae4-470e-83ff-8c47a5fcbe27:192.168.157.240:45958, e372fc8d-0466-4805-bcd9-18ddd93608a2:192.168.157.240:35169], old=null, confs=<EMPTY_MAP>
2019-07-15 13:27:16,102 INFO  server.RaftServerConfigKeys (ConfUtils.java:logGet(43)) - raft.server.rpcslowness.timeout = 120s (custom)
2019-07-15 13:27:16,102 INFO  server.RaftServerConfigKeys (ConfUtils.java:logGet(43)) - raft.server.storage.dir = [/workdir/hadoop-ozone/integration-test/target/test-dir/MiniOzoneClusterImpl-db8233b4-32fe-42d4-b03b-a856ad868dc3/datanode-3/data/ratis] (custom)
2019-07-15 13:27:16,102 INFO  impl.RaftServerImpl (RaftServerImpl.java:<init>(93)) - e372fc8d-0466-4805-bcd9-18ddd93608a2: new RaftServerImpl for group-DC166049A843:[d4dde5ca-0464-4034-8921-3c14cd661a1e:192.168.157.240:39973, 206de66f-4ae4-470e-83ff-8c47a5fcbe27:192.168.157.240:45958, e372fc8d-0466-4805-bcd9-18ddd93608a2:192.168.157.240:35169] with ContainerStateMachine:uninitialized
2019-07-15 13:27:16,102 INFO  server.RaftServerConfigKeys (ConfUtils.java:logGet(43)) - raft.server.sleep.deviation.threshold = 300 (default)
2019-07-15 13:27:16,103 INFO  server.RaftServerConfigKeys (ConfUtils.java:logGet(43)) - raft.server.rpc.timeout.min = 5s (custom)
2019-07-15 13:27:16,103 INFO  storage.RaftStorageDirectory (RaftStorageDirectory.java:analyzeStorage(246)) - The storage directory /workdir/hadoop-ozone/integration-test/target/test-dir/MiniOzoneClusterImpl-db8233b4-32fe-42d4-b03b-a856ad868dc3/datanode-3/data/ratis/21b3be06-1d1f-4e69-b2c7-dc166049a843 does not exist. Creating ...
2019-07-15 13:27:16,103 INFO  server.RaftServerConfigKeys (ConfUtils.java:logGet(43)) - raft.server.log.appender.install.snapshot.enabled = false (custom)
2019-07-15 13:27:16,103 INFO  server.RaftServerConfigKeys (ConfUtils.java:logGet(43)) - raft.server.rpc.timeout.max = 5200ms (custom)
2019-07-15 13:27:16,103 INFO  impl.RaftServerImpl (ServerState.java:<init>(105)) - 206de66f-4ae4-470e-83ff-8c47a5fcbe27:group-DC166049A843 ConfigurationManager, init=-1: [d4dde5ca-0464-4034-8921-3c14cd661a1e:192.168.157.240:39973, 206de66f-4ae4-470e-83ff-8c47a5fcbe27:192.168.157.240:45958, e372fc8d-0466-4805-bcd9-18ddd93608a2:192.168.157.240:35169], old=null, confs=<EMPTY_MAP>
2019-07-15 13:27:16,103 INFO  server.RaftServerConfigKeys (ConfUtils.java:logGet(43)) - raft.server.rpcslowness.timeout = 120s (custom)
2019-07-15 13:27:16,103 INFO  server.RaftServerConfigKeys (ConfUtils.java:logGet(43)) - raft.server.sleep.deviation.threshold = 300 (default)
2019-07-15 13:27:16,103 INFO  server.RaftServerConfigKeys (ConfUtils.java:logGet(43)) - raft.server.storage.dir = [/workdir/hadoop-ozone/integration-test/target/test-dir/MiniOzoneClusterImpl-db8233b4-32fe-42d4-b03b-a856ad868dc3/datanode-5/data/ratis] (custom)
2019-07-15 13:27:16,103 INFO  server.RaftServerConfigKeys (ConfUtils.java:logGet(43)) - raft.server.log.appender.install.snapshot.enabled = false (custom)
2019-07-15 13:27:16,104 INFO  impl.RaftServerImpl (ServerState.java:<init>(105)) - e372fc8d-0466-4805-bcd9-18ddd93608a2:group-DC166049A843 ConfigurationManager, init=-1: [d4dde5ca-0464-4034-8921-3c14cd661a1e:192.168.157.240:39973, 206de66f-4ae4-470e-83ff-8c47a5fcbe27:192.168.157.240:45958, e372fc8d-0466-4805-bcd9-18ddd93608a2:192.168.157.240:35169], old=null, confs=<EMPTY_MAP>
2019-07-15 13:27:16,104 INFO  server.RaftServerConfigKeys (ConfUtils.java:logGet(43)) - raft.server.storage.dir = [/workdir/hadoop-ozone/integration-test/target/test-dir/MiniOzoneClusterImpl-db8233b4-32fe-42d4-b03b-a856ad868dc3/datanode-2/data/ratis] (custom)
2019-07-15 13:27:16,104 INFO  storage.RaftStorageDirectory (RaftStorageDirectory.java:analyzeStorage(246)) - The storage directory /workdir/hadoop-ozone/integration-test/target/test-dir/MiniOzoneClusterImpl-db8233b4-32fe-42d4-b03b-a856ad868dc3/datanode-5/data/ratis/21b3be06-1d1f-4e69-b2c7-dc166049a843 does not exist. Creating ...
2019-07-15 13:27:16,104 INFO  storage.RaftStorageDirectory (RaftStorageDirectory.java:analyzeStorage(246)) - The storage directory /workdir/hadoop-ozone/integration-test/target/test-dir/MiniOzoneClusterImpl-db8233b4-32fe-42d4-b03b-a856ad868dc3/datanode-2/data/ratis/21b3be06-1d1f-4e69-b2c7-dc166049a843 does not exist. Creating ...
2019-07-15 13:27:16,131 INFO  storage.RaftStorageDirectory (RaftStorageDirectory.java:tryLock(328)) - Lock on /workdir/hadoop-ozone/integration-test/target/test-dir/MiniOzoneClusterImpl-db8233b4-32fe-42d4-b03b-a856ad868dc3/datanode-5/data/ratis/21b3be06-1d1f-4e69-b2c7-dc166049a843/in_use.lock acquired by nodename 24799@trunk-nightly-hvlc9-701369690
2019-07-15 13:27:16,131 INFO  storage.RaftStorageDirectory (RaftStorageDirectory.java:tryLock(328)) - Lock on /workdir/hadoop-ozone/integration-test/target/test-dir/MiniOzoneClusterImpl-db8233b4-32fe-42d4-b03b-a856ad868dc3/datanode-3/data/ratis/21b3be06-1d1f-4e69-b2c7-dc166049a843/in_use.lock acquired by nodename 24799@trunk-nightly-hvlc9-701369690
2019-07-15 13:27:16,131 INFO  storage.RaftStorageDirectory (RaftStorageDirectory.java:tryLock(328)) - Lock on /workdir/hadoop-ozone/integration-test/target/test-dir/MiniOzoneClusterImpl-db8233b4-32fe-42d4-b03b-a856ad868dc3/datanode-2/data/ratis/21b3be06-1d1f-4e69-b2c7-dc166049a843/in_use.lock acquired by nodename 24799@trunk-nightly-hvlc9-701369690
2019-07-15 13:27:16,145 INFO  storage.RaftStorage (RaftStorage.java:format(72)) - Storage directory /workdir/hadoop-ozone/integration-test/target/test-dir/MiniOzoneClusterImpl-db8233b4-32fe-42d4-b03b-a856ad868dc3/datanode-5/data/ratis/21b3be06-1d1f-4e69-b2c7-dc166049a843 has been successfully formatted.
2019-07-15 13:27:16,145 INFO  storage.RaftStorage (RaftStorage.java:format(72)) - Storage directory /workdir/hadoop-ozone/integration-test/target/test-dir/MiniOzoneClusterImpl-db8233b4-32fe-42d4-b03b-a856ad868dc3/datanode-3/data/ratis/21b3be06-1d1f-4e69-b2c7-dc166049a843 has been successfully formatted.
2019-07-15 13:27:16,145 INFO  storage.RaftStorage (RaftStorage.java:format(72)) - Storage directory /workdir/hadoop-ozone/integration-test/target/test-dir/MiniOzoneClusterImpl-db8233b4-32fe-42d4-b03b-a856ad868dc3/datanode-2/data/ratis/21b3be06-1d1f-4e69-b2c7-dc166049a843 has been successfully formatted.
2019-07-15 13:27:16,146 INFO  ratis.ContainerStateMachine (ContainerStateMachine.java:loadSnapshot(200)) - group-DC166049A843: The snapshot info is null. Setting the last applied indexto:(t:0, i:~)
2019-07-15 13:27:16,146 INFO  ratis.ContainerStateMachine (ContainerStateMachine.java:loadSnapshot(200)) - group-DC166049A843: The snapshot info is null. Setting the last applied indexto:(t:0, i:~)
2019-07-15 13:27:16,146 INFO  server.RaftServerConfigKeys (ConfUtils.java:logGet(43)) - raft.server.leader.election.timeout = 120s (custom)
2019-07-15 13:27:16,146 INFO  ratis.ContainerStateMachine (ContainerStateMachine.java:loadSnapshot(200)) - group-DC166049A843: The snapshot info is null. Setting the last applied indexto:(t:0, i:~)
2019-07-15 13:27:16,146 INFO  server.RaftServerConfigKeys (ConfUtils.java:logGet(43)) - raft.server.log.use.memory = false (default)
2019-07-15 13:27:16,146 INFO  server.RaftServerConfigKeys (ConfUtils.java:logGet(43)) - raft.server.leader.election.timeout = 120s (custom)
2019-07-15 13:27:16,147 INFO  server.RaftServerConfigKeys (ConfUtils.java:logGet(43)) - raft.server.log.purge.gap = 1000000000 (custom)
2019-07-15 13:27:16,147 INFO  server.RaftServerConfigKeys (ConfUtils.java:logGet(43)) - raft.server.leader.election.timeout = 120s (custom)
2019-07-15 13:27:16,147 INFO  server.RaftServerConfigKeys (ConfUtils.java:logGet(43)) - raft.server.log.appender.buffer.byte-limit = 33554432 (custom)
2019-07-15 13:27:16,147 INFO  server.RaftServerConfigKeys (ConfUtils.java:logGet(43)) - raft.server.log.use.memory = false (default)
2019-07-15 13:27:16,147 INFO  server.RaftServerConfigKeys (ConfUtils.java:logGet(43)) - raft.server.log.segment.size.max = 1048576 (custom)
2019-07-15 13:27:16,147 INFO  server.RaftServerConfigKeys (ConfUtils.java:logGet(43)) - raft.server.log.use.memory = false (default)
2019-07-15 13:27:16,148 INFO  server.RaftServerConfigKeys (ConfUtils.java:logGet(43)) - raft.server.log.segment.cache.num.max = 2 (custom)
2019-07-15 13:27:16,147 INFO  server.RaftServerConfigKeys (ConfUtils.java:logGet(43)) - raft.server.log.purge.gap = 1000000000 (custom)
2019-07-15 13:27:16,148 INFO  segmented.SegmentedRaftLogWorker (SegmentedRaftLogWorker.java:<init>(172)) - new 206de66f-4ae4-470e-83ff-8c47a5fcbe27-SegmentedRaftLogWorker:Storage Directory /workdir/hadoop-ozone/integration-test/target/test-dir/MiniOzoneClusterImpl-db8233b4-32fe-42d4-b03b-a856ad868dc3/datanode-5/data/ratis/21b3be06-1d1f-4e69-b2c7-dc166049a843 for RaftStorage:Storage Directory /workdir/hadoop-ozone/integration-test/target/test-dir/MiniOzoneClusterImpl-db8233b4-32fe-42d4-b03b-a856ad868dc3/datanode-5/data/ratis/21b3be06-1d1f-4e69-b2c7-dc166049a843
2019-07-15 13:27:16,148 INFO  server.RaftServerConfigKeys (ConfUtils.java:logGet(43)) - raft.server.log.purge.gap = 1000000000 (custom)
2019-07-15 13:27:16,148 INFO  server.RaftServerConfigKeys (ConfUtils.java:logGet(43)) - raft.server.log.queue.byte-limit = 2147483647 (custom)
2019-07-15 13:27:16,148 INFO  server.RaftServerConfigKeys (ConfUtils.java:logGet(43)) - raft.server.log.appender.buffer.byte-limit = 33554432 (custom)
2019-07-15 13:27:16,157 INFO  server.RaftServerConfigKeys (ConfUtils.java:logGet(43)) - raft.server.log.queue.element-limit = 1024 (custom)
2019-07-15 13:27:16,148 INFO  server.RaftServerConfigKeys (ConfUtils.java:logGet(43)) - raft.server.log.appender.buffer.byte-limit = 33554432 (custom)
2019-07-15 13:27:16,157 INFO  server.RaftServerConfigKeys (ConfUtils.java:logGet(43)) - raft.server.log.segment.size.max = 1048576 (custom)
2019-07-15 13:27:16,157 INFO  server.RaftServerConfigKeys (ConfUtils.java:logGet(43)) - raft.server.log.segment.size.max = 1048576 (custom)
2019-07-15 13:27:16,158 INFO  server.RaftServerConfigKeys (ConfUtils.java:logGet(43)) - raft.server.log.preallocated.size = 16384 (custom)
2019-07-15 13:27:16,158 INFO  server.RaftServerConfigKeys (ConfUtils.java:logGet(43)) - raft.server.log.write.buffer.size = 33554432 (custom)
2019-07-15 13:27:16,157 INFO  server.RaftServerConfigKeys (ConfUtils.java:logGet(43)) - raft.server.log.segment.size.max = 1048576 (custom)
2019-07-15 13:27:16,158 INFO  server.RaftServerConfigKeys (ConfUtils.java:logGet(43)) - raft.server.log.force.sync.num = 128 (default)
2019-07-15 13:27:16,158 INFO  server.RaftServerConfigKeys (ConfUtils.java:logGet(43)) - raft.server.log.segment.cache.num.max = 2 (custom)
2019-07-15 13:27:16,158 INFO  server.RaftServerConfigKeys (ConfUtils.java:logGet(43)) - raft.server.log.statemachine.data.sync = true (default)
2019-07-15 13:27:16,158 INFO  server.RaftServerConfigKeys (ConfUtils.java:logGet(43)) - raft.server.log.segment.cache.num.max = 2 (custom)
2019-07-15 13:27:16,159 INFO  server.RaftServerConfigKeys (ConfUtils.java:logGet(43)) - raft.server.log.statemachine.data.sync.timeout = 10s (default)
2019-07-15 13:27:16,159 INFO  segmented.SegmentedRaftLogWorker (SegmentedRaftLogWorker.java:<init>(172)) - new d4dde5ca-0464-4034-8921-3c14cd661a1e-SegmentedRaftLogWorker:Storage Directory /workdir/hadoop-ozone/integration-test/target/test-dir/MiniOzoneClusterImpl-db8233b4-32fe-42d4-b03b-a856ad868dc3/datanode-3/data/ratis/21b3be06-1d1f-4e69-b2c7-dc166049a843 for RaftStorage:Storage Directory /workdir/hadoop-ozone/integration-test/target/test-dir/MiniOzoneClusterImpl-db8233b4-32fe-42d4-b03b-a856ad868dc3/datanode-3/data/ratis/21b3be06-1d1f-4e69-b2c7-dc166049a843
2019-07-15 13:27:16,159 INFO  server.RaftServerConfigKeys (ConfUtils.java:logGet(43)) - raft.server.log.statemachine.data.sync.timeout.retry = -1 (default)
2019-07-15 13:27:16,159 INFO  segmented.SegmentedRaftLogWorker (SegmentedRaftLogWorker.java:<init>(172)) - new e372fc8d-0466-4805-bcd9-18ddd93608a2-SegmentedRaftLogWorker:Storage Directory /workdir/hadoop-ozone/integration-test/target/test-dir/MiniOzoneClusterImpl-db8233b4-32fe-42d4-b03b-a856ad868dc3/datanode-2/data/ratis/21b3be06-1d1f-4e69-b2c7-dc166049a843 for RaftStorage:Storage Directory /workdir/hadoop-ozone/integration-test/target/test-dir/MiniOzoneClusterImpl-db8233b4-32fe-42d4-b03b-a856ad868dc3/datanode-2/data/ratis/21b3be06-1d1f-4e69-b2c7-dc166049a843
2019-07-15 13:27:16,160 INFO  server.RaftServerConfigKeys (ConfUtils.java:logGet(43)) - raft.server.log.statemachine.data.caching.enabled = true (custom)
2019-07-15 13:27:16,159 INFO  server.RaftServerConfigKeys (ConfUtils.java:logGet(43)) - raft.server.log.queue.byte-limit = 2147483647 (custom)
2019-07-15 13:27:16,160 INFO  segmented.SegmentedRaftLogWorker (SegmentedRaftLogWorker.java:lambda$new$0(132)) - 206de66f-4ae4-470e-83ff-8c47a5fcbe27-SegmentedRaftLogWorker:Storage Directory /workdir/hadoop-ozone/integration-test/target/test-dir/MiniOzoneClusterImpl-db8233b4-32fe-42d4-b03b-a856ad868dc3/datanode-5/data/ratis/21b3be06-1d1f-4e69-b2c7-dc166049a843: flushIndex: setUnconditionally 0 -> -1
2019-07-15 13:27:16,160 INFO  server.RaftServerConfigKeys (ConfUtils.java:logGet(43)) - raft.server.log.queue.byte-limit = 2147483647 (custom)
2019-07-15 13:27:16,160 INFO  server.RaftServerConfigKeys (ConfUtils.java:logGet(43)) - raft.server.log.queue.element-limit = 1024 (custom)
2019-07-15 13:27:16,160 INFO  server.RaftServerConfigKeys (ConfUtils.java:logGet(43)) - raft.server.snapshot.auto.trigger.enabled = true (custom)
2019-07-15 13:27:16,160 INFO  server.RaftServerConfigKeys (ConfUtils.java:logGet(43)) - raft.server.log.queue.element-limit = 1024 (custom)
2019-07-15 13:27:16,161 INFO  server.RaftServerConfigKeys (ConfUtils.java:logGet(43)) - raft.server.snapshot.auto.trigger.threshold = 10000 (custom)
2019-07-15 13:27:16,161 INFO  server.RaftServerConfigKeys (ConfUtils.java:logGet(43)) - raft.server.log.segment.size.max = 1048576 (custom)
2019-07-15 13:27:16,161 INFO  server.RaftServerConfigKeys (ConfUtils.java:logGet(43)) - raft.server.retrycache.expirytime = 600000ms (custom)
2019-07-15 13:27:16,161 INFO  server.RaftServerConfigKeys (ConfUtils.java:logGet(43)) - raft.server.log.segment.size.max = 1048576 (custom)
2019-07-15 13:27:16,161 INFO  impl.RaftServerImpl (RaftServerImpl.java:start(180)) - 206de66f-4ae4-470e-83ff-8c47a5fcbe27: start group-DC166049A843
2019-07-15 13:27:16,162 INFO  impl.RaftServerImpl (RaftServerImpl.java:setRole(171)) - 206de66f-4ae4-470e-83ff-8c47a5fcbe27:group-DC166049A843 changes role from null to FOLLOWER at term 0 for startAsFollower
2019-07-15 13:27:16,161 INFO  server.RaftServerConfigKeys (ConfUtils.java:logGet(43)) - raft.server.log.preallocated.size = 16384 (custom)
2019-07-15 13:27:16,162 INFO  impl.RoleInfo (RoleInfo.java:updateAndGet(143)) - 206de66f-4ae4-470e-83ff-8c47a5fcbe27: start FollowerState
2019-07-15 13:27:16,162 INFO  server.RaftServerConfigKeys (ConfUtils.java:logGet(43)) - raft.server.log.preallocated.size = 16384 (custom)
2019-07-15 13:27:16,162 INFO  server.RaftServerConfigKeys (ConfUtils.java:logGet(43)) - raft.server.log.write.buffer.size = 33554432 (custom)
2019-07-15 13:27:16,162 INFO  server.RaftServerConfigKeys (ConfUtils.java:logGet(43)) - raft.server.log.write.buffer.size = 33554432 (custom)
2019-07-15 13:27:16,162 INFO  util.JmxRegister (JmxRegister.java:tryRegister(44)) - Successfully registered JMX Bean with object name Ratis:service=RaftServer,group=group-DC166049A843,id=206de66f-4ae4-470e-83ff-8c47a5fcbe27
2019-07-15 13:27:16,162 INFO  server.RaftServerConfigKeys (ConfUtils.java:logGet(43)) - raft.server.log.force.sync.num = 128 (default)
2019-07-15 13:27:16,163 INFO  server.RaftServerConfigKeys (ConfUtils.java:logGet(43)) - raft.server.log.statemachine.data.sync = true (default)
2019-07-15 13:27:16,163 INFO  server.RaftServerConfigKeys (ConfUtils.java:logGet(43)) - raft.server.log.force.sync.num = 128 (default)
2019-07-15 13:27:16,163 INFO  server.RaftServerConfigKeys (ConfUtils.java:logGet(43)) - raft.server.log.statemachine.data.sync.timeout = 10s (default)
2019-07-15 13:27:16,163 INFO  server.RaftServerConfigKeys (ConfUtils.java:logGet(43)) - raft.server.log.statemachine.data.sync = true (default)
2019-07-15 13:27:16,163 INFO  server.RaftServerConfigKeys (ConfUtils.java:logGet(43)) - raft.server.log.statemachine.data.sync.timeout.retry = -1 (default)
2019-07-15 13:27:16,164 INFO  server.RaftServerConfigKeys (ConfUtils.java:logGet(43)) - raft.server.log.statemachine.data.sync.timeout = 10s (default)
2019-07-15 13:27:16,164 INFO  server.RaftServerConfigKeys (ConfUtils.java:logGet(43)) - raft.server.log.statemachine.data.caching.enabled = true (custom)
2019-07-15 13:27:16,164 INFO  server.RaftServerConfigKeys (ConfUtils.java:logGet(43)) - raft.server.log.statemachine.data.sync.timeout.retry = -1 (default)
2019-07-15 13:27:16,164 INFO  server.RaftServerConfigKeys (ConfUtils.java:logGet(43)) - raft.server.log.statemachine.data.caching.enabled = true (custom)
2019-07-15 13:27:16,164 INFO  segmented.SegmentedRaftLogWorker (SegmentedRaftLogWorker.java:lambda$new$0(132)) - d4dde5ca-0464-4034-8921-3c14cd661a1e-SegmentedRaftLogWorker:Storage Directory /workdir/hadoop-ozone/integration-test/target/test-dir/MiniOzoneClusterImpl-db8233b4-32fe-42d4-b03b-a856ad868dc3/datanode-3/data/ratis/21b3be06-1d1f-4e69-b2c7-dc166049a843: flushIndex: setUnconditionally 0 -> -1
2019-07-15 13:27:16,167 INFO  segmented.SegmentedRaftLogWorker (SegmentedRaftLogWorker.java:lambda$new$0(132)) - e372fc8d-0466-4805-bcd9-18ddd93608a2-SegmentedRaftLogWorker:Storage Directory /workdir/hadoop-ozone/integration-test/target/test-dir/MiniOzoneClusterImpl-db8233b4-32fe-42d4-b03b-a856ad868dc3/datanode-2/data/ratis/21b3be06-1d1f-4e69-b2c7-dc166049a843: flushIndex: setUnconditionally 0 -> -1
2019-07-15 13:27:16,167 INFO  server.RaftServerConfigKeys (ConfUtils.java:logGet(43)) - raft.server.snapshot.auto.trigger.enabled = true (custom)
2019-07-15 13:27:16,167 INFO  server.RaftServerConfigKeys (ConfUtils.java:logGet(43)) - raft.server.snapshot.auto.trigger.enabled = true (custom)
2019-07-15 13:27:16,167 INFO  server.RaftServerConfigKeys (ConfUtils.java:logGet(43)) - raft.server.snapshot.auto.trigger.threshold = 10000 (custom)
2019-07-15 13:27:16,167 INFO  server.RaftServerConfigKeys (ConfUtils.java:logGet(43)) - raft.server.snapshot.auto.trigger.threshold = 10000 (custom)
2019-07-15 13:27:16,167 INFO  server.RaftServerConfigKeys (ConfUtils.java:logGet(43)) - raft.server.retrycache.expirytime = 600000ms (custom)
2019-07-15 13:27:16,168 INFO  server.RaftServerConfigKeys (ConfUtils.java:logGet(43)) - raft.server.retrycache.expirytime = 600000ms (custom)
2019-07-15 13:27:16,168 INFO  impl.RaftServerImpl (RaftServerImpl.java:start(180)) - d4dde5ca-0464-4034-8921-3c14cd661a1e: start group-DC166049A843
2019-07-15 13:27:16,168 INFO  impl.RaftServerImpl (RaftServerImpl.java:start(180)) - e372fc8d-0466-4805-bcd9-18ddd93608a2: start group-DC166049A843
2019-07-15 13:27:16,168 INFO  impl.RaftServerImpl (RaftServerImpl.java:setRole(171)) - d4dde5ca-0464-4034-8921-3c14cd661a1e:group-DC166049A843 changes role from null to FOLLOWER at term 0 for startAsFollower
2019-07-15 13:27:16,168 INFO  impl.RaftServerImpl (RaftServerImpl.java:setRole(171)) - e372fc8d-0466-4805-bcd9-18ddd93608a2:group-DC166049A843 changes role from null to FOLLOWER at term 0 for startAsFollower
2019-07-15 13:27:16,168 INFO  impl.RoleInfo (RoleInfo.java:updateAndGet(143)) - d4dde5ca-0464-4034-8921-3c14cd661a1e: start FollowerState
2019-07-15 13:27:16,168 INFO  impl.RoleInfo (RoleInfo.java:updateAndGet(143)) - e372fc8d-0466-4805-bcd9-18ddd93608a2: start FollowerState
2019-07-15 13:27:16,169 INFO  util.JmxRegister (JmxRegister.java:tryRegister(44)) - Successfully registered JMX Bean with object name Ratis:service=RaftServer,group=group-DC166049A843,id=d4dde5ca-0464-4034-8921-3c14cd661a1e
2019-07-15 13:27:16,169 INFO  util.JmxRegister (JmxRegister.java:tryRegister(44)) - Successfully registered JMX Bean with object name Ratis:service=RaftServer,group=group-DC166049A843,id=e372fc8d-0466-4805-bcd9-18ddd93608a2
2019-07-15 13:27:16,177 INFO  pipeline.PipelineStateManager (PipelineStateManager.java:addPipeline(56)) - Created pipeline Pipeline[ Id: 21b3be06-1d1f-4e69-b2c7-dc166049a843, Nodes: d4dde5ca-0464-4034-8921-3c14cd661a1e{ip: 192.168.157.240, host: trunk-nightly-hvlc9-701369690, networkLocation: /default-rack, certSerialId: null}206de66f-4ae4-470e-83ff-8c47a5fcbe27{ip: 192.168.157.240, host: trunk-nightly-hvlc9-701369690, networkLocation: /default-rack, certSerialId: null}e372fc8d-0466-4805-bcd9-18ddd93608a2{ip: 192.168.157.240, host: trunk-nightly-hvlc9-701369690, networkLocation: /default-rack, certSerialId: null}, Type:RATIS, Factor:THREE, State:OPEN]
2019-07-15 13:27:17,166 WARN  io.KeyOutputStream (KeyOutputStream.java:handleException(276)) - Encountered exception java.io.IOException: Unexpected Storage Container Exception: java.util.concurrent.CompletionException: java.util.concurrent.CompletionException: org.apache.ratis.protocol.GroupMismatchException: 206de66f-4ae4-470e-83ff-8c47a5fcbe27: group-3C72612B3E5A not found. on the pipeline Pipeline[ Id: 18cd821b-3de6-4b39-9a74-3c72612b3e5a, Nodes: d4dde5ca-0464-4034-8921-3c14cd661a1e{ip: 192.168.157.240, host: trunk-nightly-hvlc9-701369690, networkLocation: /default-rack, certSerialId: null}206de66f-4ae4-470e-83ff-8c47a5fcbe27{ip: 192.168.157.240, host: trunk-nightly-hvlc9-701369690, networkLocation: /default-rack, certSerialId: null}e372fc8d-0466-4805-bcd9-18ddd93608a2{ip: 192.168.157.240, host: trunk-nightly-hvlc9-701369690, networkLocation: /default-rack, certSerialId: null}, Type:RATIS, Factor:THREE, State:OPEN]. The last committed block length is 400, uncommitted data length is 50 retry count 0
2019-07-15 13:27:17,204 INFO  client.GrpcClientProtocolClient (GrpcClientProtocolClient.java:onNext(255)) - client-7BB03074CB06->d4dde5ca-0464-4034-8921-3c14cd661a1e: receive RaftClientReply:client-7BB03074CB06->d4dde5ca-0464-4034-8921-3c14cd661a1e@group-DC166049A843, cid=27, FAILED org.apache.ratis.protocol.NotLeaderException: Server d4dde5ca-0464-4034-8921-3c14cd661a1e is not the leader (null). Request must be sent to leader., logIndex=0, commits[d4dde5ca-0464-4034-8921-3c14cd661a1e:c-1]
2019-07-15 13:27:18,240 INFO  client.GrpcClientProtocolClient (GrpcClientProtocolClient.java:onNext(255)) - client-7BB03074CB06->206de66f-4ae4-470e-83ff-8c47a5fcbe27: receive RaftClientReply:client-7BB03074CB06->206de66f-4ae4-470e-83ff-8c47a5fcbe27@group-DC166049A843, cid=27, FAILED org.apache.ratis.protocol.NotLeaderException: Server 206de66f-4ae4-470e-83ff-8c47a5fcbe27 is not the leader (null). Request must be sent to leader., logIndex=0, commits[206de66f-4ae4-470e-83ff-8c47a5fcbe27:c-1]
2019-07-15 13:27:19,264 INFO  client.GrpcClientProtocolClient (GrpcClientProtocolClient.java:onNext(255)) - client-7BB03074CB06->e372fc8d-0466-4805-bcd9-18ddd93608a2: receive RaftClientReply:client-7BB03074CB06->e372fc8d-0466-4805-bcd9-18ddd93608a2@group-DC166049A843, cid=27, FAILED org.apache.ratis.protocol.NotLeaderException: Server e372fc8d-0466-4805-bcd9-18ddd93608a2 is not the leader (null). Request must be sent to leader., logIndex=0, commits[e372fc8d-0466-4805-bcd9-18ddd93608a2:c-1]
2019-07-15 13:27:20,289 INFO  client.GrpcClientProtocolClient (GrpcClientProtocolClient.java:onNext(255)) - client-7BB03074CB06->d4dde5ca-0464-4034-8921-3c14cd661a1e: receive RaftClientReply:client-7BB03074CB06->d4dde5ca-0464-4034-8921-3c14cd661a1e@group-DC166049A843, cid=27, FAILED org.apache.ratis.protocol.NotLeaderException: Server d4dde5ca-0464-4034-8921-3c14cd661a1e is not the leader (null). Request must be sent to leader., logIndex=0, commits[d4dde5ca-0464-4034-8921-3c14cd661a1e:c-1]
2019-07-15 13:27:21,196 INFO  impl.FollowerState (FollowerState.java:run(106)) - e372fc8d-0466-4805-bcd9-18ddd93608a2:group-DC166049A843 changes to CANDIDATE, lastRpcTime:5027, electionTimeout:5027ms
2019-07-15 13:27:21,196 INFO  impl.RoleInfo (RoleInfo.java:shutdownFollowerState(121)) - e372fc8d-0466-4805-bcd9-18ddd93608a2: shutdown FollowerState
2019-07-15 13:27:21,196 INFO  impl.RaftServerImpl (RaftServerImpl.java:setRole(171)) - e372fc8d-0466-4805-bcd9-18ddd93608a2:group-DC166049A843 changes role from FOLLOWER to CANDIDATE at term 0 for changeToCandidate
2019-07-15 13:27:21,197 INFO  impl.RoleInfo (RoleInfo.java:updateAndGet(143)) - e372fc8d-0466-4805-bcd9-18ddd93608a2: start LeaderElection
2019-07-15 13:27:21,211 INFO  impl.FollowerState (FollowerState.java:run(106)) - d4dde5ca-0464-4034-8921-3c14cd661a1e:group-DC166049A843 changes to CANDIDATE, lastRpcTime:5042, electionTimeout:5042ms
2019-07-15 13:27:21,211 INFO  impl.RoleInfo (RoleInfo.java:shutdownFollowerState(121)) - d4dde5ca-0464-4034-8921-3c14cd661a1e: shutdown FollowerState
2019-07-15 13:27:21,211 INFO  impl.RaftServerImpl (RaftServerImpl.java:setRole(171)) - d4dde5ca-0464-4034-8921-3c14cd661a1e:group-DC166049A843 changes role from FOLLOWER to CANDIDATE at term 0 for changeToCandidate
2019-07-15 13:27:21,212 INFO  impl.RoleInfo (RoleInfo.java:updateAndGet(143)) - d4dde5ca-0464-4034-8921-3c14cd661a1e: start LeaderElection
2019-07-15 13:27:21,229 INFO  impl.LeaderElection (LeaderElection.java:askForVotes(181)) - e372fc8d-0466-4805-bcd9-18ddd93608a2:group-DC166049A843:LeaderElection12: begin an election at term 1 for -1: [d4dde5ca-0464-4034-8921-3c14cd661a1e:192.168.157.240:39973, 206de66f-4ae4-470e-83ff-8c47a5fcbe27:192.168.157.240:45958, e372fc8d-0466-4805-bcd9-18ddd93608a2:192.168.157.240:35169], old=null
2019-07-15 13:27:21,229 INFO  impl.LeaderElection (LeaderElection.java:askForVotes(181)) - d4dde5ca-0464-4034-8921-3c14cd661a1e:group-DC166049A843:LeaderElection13: begin an election at term 1 for -1: [d4dde5ca-0464-4034-8921-3c14cd661a1e:192.168.157.240:39973, 206de66f-4ae4-470e-83ff-8c47a5fcbe27:192.168.157.240:45958, e372fc8d-0466-4805-bcd9-18ddd93608a2:192.168.157.240:35169], old=null
2019-07-15 13:27:21,255 INFO  impl.RaftServerImpl (RaftServerImpl.java:setRole(171)) - 206de66f-4ae4-470e-83ff-8c47a5fcbe27:group-DC166049A843 changes role from FOLLOWER to FOLLOWER at term 1 for recognizeCandidate:e372fc8d-0466-4805-bcd9-18ddd93608a2
2019-07-15 13:27:21,255 INFO  impl.RoleInfo (RoleInfo.java:shutdownFollowerState(121)) - 206de66f-4ae4-470e-83ff-8c47a5fcbe27: shutdown FollowerState
2019-07-15 13:27:21,255 INFO  impl.RoleInfo (RoleInfo.java:updateAndGet(143)) - 206de66f-4ae4-470e-83ff-8c47a5fcbe27: start FollowerState
2019-07-15 13:27:21,255 INFO  impl.FollowerState (FollowerState.java:run(114)) - 206de66f-4ae4-470e-83ff-8c47a5fcbe27: FollowerState was interrupted: java.lang.InterruptedException: sleep interrupted
2019-07-15 13:27:21,275 INFO  impl.LeaderElection (LeaderElection.java:logAndReturn(56)) - e372fc8d-0466-4805-bcd9-18ddd93608a2:group-DC166049A843:LeaderElection12: Election PASSED; received 2 response(s) [e372fc8d-0466-4805-bcd9-18ddd93608a2<-d4dde5ca-0464-4034-8921-3c14cd661a1e#0:FAIL-t1, e372fc8d-0466-4805-bcd9-18ddd93608a2<-206de66f-4ae4-470e-83ff-8c47a5fcbe27#0:OK-t1] and 0 exception(s); e372fc8d-0466-4805-bcd9-18ddd93608a2:t1, leader=null, voted=e372fc8d-0466-4805-bcd9-18ddd93608a2, raftlog=e372fc8d-0466-4805-bcd9-18ddd93608a2-SegmentedRaftLog:OPENED:c-1,f-1,i0, conf=-1: [d4dde5ca-0464-4034-8921-3c14cd661a1e:192.168.157.240:39973, 206de66f-4ae4-470e-83ff-8c47a5fcbe27:192.168.157.240:45958, e372fc8d-0466-4805-bcd9-18ddd93608a2:192.168.157.240:35169], old=null
2019-07-15 13:27:21,275 INFO  impl.RoleInfo (RoleInfo.java:shutdownLeaderElection(134)) - e372fc8d-0466-4805-bcd9-18ddd93608a2: shutdown LeaderElection
2019-07-15 13:27:21,277 INFO  impl.RaftServerImpl (RaftServerImpl.java:setRole(171)) - e372fc8d-0466-4805-bcd9-18ddd93608a2:group-DC166049A843 changes role from CANDIDATE to LEADER at term 1 for changeToLeader
2019-07-15 13:27:21,277 INFO  impl.RaftServerImpl (ServerState.java:setLeader(263)) - e372fc8d-0466-4805-bcd9-18ddd93608a2:group-DC166049A843 change Leader from null to e372fc8d-0466-4805-bcd9-18ddd93608a2 at term 1 for becomeLeader, leader elected after 5130ms
2019-07-15 13:27:21,278 INFO  server.RaftServerConfigKeys (ConfUtils.java:logGet(43)) - raft.server.staging.catchup.gap = 1000 (default)
2019-07-15 13:27:21,278 INFO  impl.LeaderElection (LeaderElection.java:logAndReturn(56)) - d4dde5ca-0464-4034-8921-3c14cd661a1e:group-DC166049A843:LeaderElection13: Election REJECTED; received 2 response(s) [d4dde5ca-0464-4034-8921-3c14cd661a1e<-206de66f-4ae4-470e-83ff-8c47a5fcbe27#0:FAIL-t1, d4dde5ca-0464-4034-8921-3c14cd661a1e<-e372fc8d-0466-4805-bcd9-18ddd93608a2#0:FAIL-t1] and 0 exception(s); d4dde5ca-0464-4034-8921-3c14cd661a1e:t1, leader=null, voted=d4dde5ca-0464-4034-8921-3c14cd661a1e, raftlog=d4dde5ca-0464-4034-8921-3c14cd661a1e-SegmentedRaftLog:OPENED:c-1,f-1,i0, conf=-1: [d4dde5ca-0464-4034-8921-3c14cd661a1e:192.168.157.240:39973, 206de66f-4ae4-470e-83ff-8c47a5fcbe27:192.168.157.240:45958, e372fc8d-0466-4805-bcd9-18ddd93608a2:192.168.157.240:35169], old=null
2019-07-15 13:27:21,278 INFO  server.RaftServerConfigKeys (ConfUtils.java:logGet(43)) - raft.server.rpc.sleep.time = 25ms (default)
2019-07-15 13:27:21,278 INFO  impl.RaftServerImpl (RaftServerImpl.java:setRole(171)) - d4dde5ca-0464-4034-8921-3c14cd661a1e:group-DC166049A843 changes role from CANDIDATE to FOLLOWER at term 1 for DISCOVERED_A_NEW_TERM
2019-07-15 13:27:21,280 INFO  impl.RoleInfo (RoleInfo.java:shutdownLeaderElection(134)) - d4dde5ca-0464-4034-8921-3c14cd661a1e: shutdown LeaderElection
2019-07-15 13:27:21,278 INFO  server.RaftServerConfigKeys (ConfUtils.java:logGet(43)) - raft.server.write.element-limit = 4096 (default)
2019-07-15 13:27:21,281 INFO  impl.RoleInfo (RoleInfo.java:updateAndGet(143)) - d4dde5ca-0464-4034-8921-3c14cd661a1e: start FollowerState
2019-07-15 13:27:21,281 INFO  server.RaftServerConfigKeys (ConfUtils.java:logGet(43)) - raft.server.watch.timeout = 10s (default)
2019-07-15 13:27:21,281 INFO  server.RaftServerConfigKeys (ConfUtils.java:logGet(43)) - raft.server.watch.timeout.denomination = 1s (default)
2019-07-15 13:27:21,283 INFO  server.RaftServerConfigKeys (ConfUtils.java:logGet(43)) - raft.server.watch.element-limit = 65536 (default)
2019-07-15 13:27:21,284 INFO  server.RaftServerConfigKeys (ConfUtils.java:logGet(43)) - raft.server.log.appender.snapshot.chunk.size.max = 16MB (=16777216) (default)
2019-07-15 13:27:21,284 INFO  server.RaftServerConfigKeys (ConfUtils.java:logGet(43)) - raft.server.log.appender.buffer.byte-limit = 33554432 (custom)
2019-07-15 13:27:21,284 INFO  server.RaftServerConfigKeys (ConfUtils.java:logGet(43)) - raft.server.log.appender.buffer.element-limit = 1 (custom)
2019-07-15 13:27:21,284 INFO  grpc.GrpcConfigKeys$Server (ConfUtils.java:logGet(43)) - raft.grpc.server.leader.outstanding.appends.max = 128 (default)
2019-07-15 13:27:21,285 INFO  server.RaftServerConfigKeys (ConfUtils.java:logGet(43)) - raft.server.rpc.request.timeout = 3000ms (default)
2019-07-15 13:27:21,285 INFO  server.RaftServerConfigKeys (ConfUtils.java:logGet(43)) - raft.server.log.appender.install.snapshot.enabled = false (custom)
2019-07-15 13:27:21,285 INFO  server.RaftServerConfigKeys (ConfUtils.java:logGet(43)) - raft.server.log.appender.snapshot.chunk.size.max = 16MB (=16777216) (default)
2019-07-15 13:27:21,285 INFO  server.RaftServerConfigKeys (ConfUtils.java:logGet(43)) - raft.server.log.appender.buffer.byte-limit = 33554432 (custom)
2019-07-15 13:27:21,285 INFO  server.RaftServerConfigKeys (ConfUtils.java:logGet(43)) - raft.server.log.appender.buffer.element-limit = 1 (custom)
2019-07-15 13:27:21,285 INFO  grpc.GrpcConfigKeys$Server (ConfUtils.java:logGet(43)) - raft.grpc.server.leader.outstanding.appends.max = 128 (default)
2019-07-15 13:27:21,286 INFO  server.RaftServerConfigKeys (ConfUtils.java:logGet(43)) - raft.server.rpc.request.timeout = 3000ms (default)
2019-07-15 13:27:21,286 INFO  server.RaftServerConfigKeys (ConfUtils.java:logGet(43)) - raft.server.log.appender.install.snapshot.enabled = false (custom)
2019-07-15 13:27:21,286 INFO  impl.RoleInfo (RoleInfo.java:updateAndGet(143)) - e372fc8d-0466-4805-bcd9-18ddd93608a2: start LeaderState
2019-07-15 13:27:21,286 INFO  segmented.SegmentedRaftLogWorker (SegmentedRaftLogWorker.java:startLogSegment(380)) - e372fc8d-0466-4805-bcd9-18ddd93608a2-SegmentedRaftLogWorker:Storage Directory /workdir/hadoop-ozone/integration-test/target/test-dir/MiniOzoneClusterImpl-db8233b4-32fe-42d4-b03b-a856ad868dc3/datanode-2/data/ratis/21b3be06-1d1f-4e69-b2c7-dc166049a843: Starting segment from index:0
2019-07-15 13:27:21,287 INFO  impl.RaftServerImpl (ServerState.java:setRaftConf(361)) - e372fc8d-0466-4805-bcd9-18ddd93608a2:group-DC166049A843 set configuration 0: [d4dde5ca-0464-4034-8921-3c14cd661a1e:192.168.157.240:39973, 206de66f-4ae4-470e-83ff-8c47a5fcbe27:192.168.157.240:45958, e372fc8d-0466-4805-bcd9-18ddd93608a2:192.168.157.240:35169], old=null at 0
2019-07-15 13:27:21,311 INFO  impl.RaftServerImpl (ServerState.java:setLeader(263)) - d4dde5ca-0464-4034-8921-3c14cd661a1e:group-DC166049A843 change Leader from null to e372fc8d-0466-4805-bcd9-18ddd93608a2 at term 1 for appendEntries, leader elected after 5164ms
2019-07-15 13:27:21,312 INFO  impl.RaftServerImpl (ServerState.java:setLeader(263)) - 206de66f-4ae4-470e-83ff-8c47a5fcbe27:group-DC166049A843 change Leader from null to e372fc8d-0466-4805-bcd9-18ddd93608a2 at term 1 for appendEntries, leader elected after 5165ms
2019-07-15 13:27:21,315 INFO  impl.RaftServerImpl (ServerState.java:setRaftConf(361)) - d4dde5ca-0464-4034-8921-3c14cd661a1e:group-DC166049A843 set configuration 0: [d4dde5ca-0464-4034-8921-3c14cd661a1e:192.168.157.240:39973, 206de66f-4ae4-470e-83ff-8c47a5fcbe27:192.168.157.240:45958, e372fc8d-0466-4805-bcd9-18ddd93608a2:192.168.157.240:35169], old=null at 0
2019-07-15 13:27:21,315 INFO  segmented.SegmentedRaftLogWorker (SegmentedRaftLogWorker.java:startLogSegment(380)) - d4dde5ca-0464-4034-8921-3c14cd661a1e-SegmentedRaftLogWorker:Storage Directory /workdir/hadoop-ozone/integration-test/target/test-dir/MiniOzoneClusterImpl-db8233b4-32fe-42d4-b03b-a856ad868dc3/datanode-3/data/ratis/21b3be06-1d1f-4e69-b2c7-dc166049a843: Starting segment from index:0
2019-07-15 13:27:21,315 INFO  impl.RaftServerImpl (ServerState.java:setRaftConf(361)) - 206de66f-4ae4-470e-83ff-8c47a5fcbe27:group-DC166049A843 set configuration 0: [d4dde5ca-0464-4034-8921-3c14cd661a1e:192.168.157.240:39973, 206de66f-4ae4-470e-83ff-8c47a5fcbe27:192.168.157.240:45958, e372fc8d-0466-4805-bcd9-18ddd93608a2:192.168.157.240:35169], old=null at 0
2019-07-15 13:27:21,318 INFO  segmented.SegmentedRaftLogWorker (SegmentedRaftLogWorker.java:startLogSegment(380)) - 206de66f-4ae4-470e-83ff-8c47a5fcbe27-SegmentedRaftLogWorker:Storage Directory /workdir/hadoop-ozone/integration-test/target/test-dir/MiniOzoneClusterImpl-db8233b4-32fe-42d4-b03b-a856ad868dc3/datanode-5/data/ratis/21b3be06-1d1f-4e69-b2c7-dc166049a843: Starting segment from index:0
2019-07-15 13:27:21,320 INFO  segmented.SegmentedRaftLogWorker (SegmentedRaftLogWorker.java:execute(569)) - e372fc8d-0466-4805-bcd9-18ddd93608a2-SegmentedRaftLogWorker:Storage Directory /workdir/hadoop-ozone/integration-test/target/test-dir/MiniOzoneClusterImpl-db8233b4-32fe-42d4-b03b-a856ad868dc3/datanode-2/data/ratis/21b3be06-1d1f-4e69-b2c7-dc166049a843: created new log segment /workdir/hadoop-ozone/integration-test/target/test-dir/MiniOzoneClusterImpl-db8233b4-32fe-42d4-b03b-a856ad868dc3/datanode-2/data/ratis/21b3be06-1d1f-4e69-b2c7-dc166049a843/current/log_inprogress_0
2019-07-15 13:27:21,348 INFO  client.GrpcClientProtocolClient (GrpcClientProtocolClient.java:onNext(255)) - client-7BB03074CB06->e372fc8d-0466-4805-bcd9-18ddd93608a2: receive RaftClientReply:client-7BB03074CB06->e372fc8d-0466-4805-bcd9-18ddd93608a2@group-DC166049A843, cid=27, FAILED org.apache.ratis.protocol.LeaderNotReadyException: e372fc8d-0466-4805-bcd9-18ddd93608a2 is in LEADER state but not ready yet., logIndex=0, commits[e372fc8d-0466-4805-bcd9-18ddd93608a2:c-1, d4dde5ca-0464-4034-8921-3c14cd661a1e:c-1, 206de66f-4ae4-470e-83ff-8c47a5fcbe27:c-1]
2019-07-15 13:27:21,360 INFO  segmented.SegmentedRaftLogWorker (SegmentedRaftLogWorker.java:execute(569)) - 206de66f-4ae4-470e-83ff-8c47a5fcbe27-SegmentedRaftLogWorker:Storage Directory /workdir/hadoop-ozone/integration-test/target/test-dir/MiniOzoneClusterImpl-db8233b4-32fe-42d4-b03b-a856ad868dc3/datanode-5/data/ratis/21b3be06-1d1f-4e69-b2c7-dc166049a843: created new log segment /workdir/hadoop-ozone/integration-test/target/test-dir/MiniOzoneClusterImpl-db8233b4-32fe-42d4-b03b-a856ad868dc3/datanode-5/data/ratis/21b3be06-1d1f-4e69-b2c7-dc166049a843/current/log_inprogress_0
2019-07-15 13:27:21,360 INFO  segmented.SegmentedRaftLogWorker (SegmentedRaftLogWorker.java:execute(569)) - d4dde5ca-0464-4034-8921-3c14cd661a1e-SegmentedRaftLogWorker:Storage Directory /workdir/hadoop-ozone/integration-test/target/test-dir/MiniOzoneClusterImpl-db8233b4-32fe-42d4-b03b-a856ad868dc3/datanode-3/data/ratis/21b3be06-1d1f-4e69-b2c7-dc166049a843: created new log segment /workdir/hadoop-ozone/integration-test/target/test-dir/MiniOzoneClusterImpl-db8233b4-32fe-42d4-b03b-a856ad868dc3/datanode-3/data/ratis/21b3be06-1d1f-4e69-b2c7-dc166049a843/current/log_inprogress_0
2019-07-15 13:27:23,492 INFO  client.GrpcClientProtocolClient (GrpcClientProtocolClient.java:onNext(255)) - client-7BB03074CB06->e372fc8d-0466-4805-bcd9-18ddd93608a2: receive RaftClientReply:client-7BB03074CB06->e372fc8d-0466-4805-bcd9-18ddd93608a2@group-DC166049A843, cid=27, SUCCESS, logIndex=1, commits[e372fc8d-0466-4805-bcd9-18ddd93608a2:c1, d4dde5ca-0464-4034-8921-3c14cd661a1e:c0, 206de66f-4ae4-470e-83ff-8c47a5fcbe27:c0]
2019-07-15 13:27:23,540 INFO  client.GrpcClientProtocolClient (GrpcClientProtocolClient.java:onNext(255)) - client-7BB03074CB06->e372fc8d-0466-4805-bcd9-18ddd93608a2: receive RaftClientReply:client-7BB03074CB06->e372fc8d-0466-4805-bcd9-18ddd93608a2@group-DC166049A843, cid=28, SUCCESS, logIndex=3, commits[e372fc8d-0466-4805-bcd9-18ddd93608a2:c4, d4dde5ca-0464-4034-8921-3c14cd661a1e:c3, 206de66f-4ae4-470e-83ff-8c47a5fcbe27:c3]
2019-07-15 13:27:23,609 INFO  pipeline.Pipeline (Pipeline.java:getProtobufMessage(195)) - Serialize pipeline PipelineID=21b3be06-1d1f-4e69-b2c7-dc166049a843 with nodesInOrder{ }
2019-07-15 13:27:23,615 INFO  ozone.MiniOzoneClusterImpl (MiniOzoneClusterImpl.java:shutdown(321)) - Shutting down the Mini Ozone Cluster
2019-07-15 13:27:23,616 INFO  ozone.MiniOzoneClusterImpl (MiniOzoneClusterImpl.java:stop(336)) - Stopping the Mini Ozone Cluster
2019-07-15 13:27:23,616 INFO  ozone.MiniOzoneClusterImpl (MiniOzoneClusterImpl.java:stop(338)) - Stopping the OzoneManager
2019-07-15 13:27:23,616 INFO  ipc.Server (Server.java:stop(3082)) - Stopping server on 35285
2019-07-15 13:27:23,618 INFO  ipc.Server (Server.java:run(1185)) - Stopping IPC Server listener on 35285
2019-07-15 13:27:23,618 INFO  utils.BackgroundService (BackgroundService.java:shutdown(148)) - Shutting down service KeyDeletingService
2019-07-15 13:27:23,619 INFO  ipc.Server (Server.java:run(1319)) - Stopping IPC Server Responder
2019-07-15 13:27:23,625 INFO  handler.ContextHandler (ContextHandler.java:doStop(910)) - Stopped o.e.j.w.WebAppContext@3e9803c2{/,null,UNAVAILABLE}{/ozoneManager}
2019-07-15 13:27:23,633 INFO  server.AbstractConnector (AbstractConnector.java:doStop(318)) - Stopped ServerConnector@4525d1d3{HTTP/1.1,[http/1.1]}{0.0.0.0:0}
2019-07-15 13:27:23,633 INFO  handler.ContextHandler (ContextHandler.java:doStop(910)) - Stopped o.e.j.s.ServletContextHandler@7b44b63d{/static,file:///workdir/hadoop-ozone/integration-test/target/test-classes/webapps/static,UNAVAILABLE}
2019-07-15 13:27:23,634 INFO  handler.ContextHandler (ContextHandler.java:doStop(910)) - Stopped o.e.j.s.ServletContextHandler@2d0bfb24{/logs,file:///workdir/hadoop-ozone/integration-test/target/log,UNAVAILABLE}
2019-07-15 13:27:23,639 INFO  ozone.MiniOzoneClusterImpl (MiniOzoneClusterImpl.java:stop(344)) - Shutting the HddsDatanodes
2019-07-15 13:27:23,640 INFO  datanode.ObjectStoreHandler (ObjectStoreHandler.java:close(155)) - Closing ObjectStoreHandler.
2019-07-15 13:27:23,640 INFO  datanode.ObjectStoreHandler (ObjectStoreHandler.java:close(155)) - Closing ObjectStoreHandler.
2019-07-15 13:27:23,643 INFO  ozone.HddsDatanodeService (HddsDatanodeService.java:stop(452)) - Stopped plug-in org.apache.hadoop.ozone.web.OzoneHddsDatanodeService@15d236fd
2019-07-15 13:27:23,643 INFO  ozone.HddsDatanodeService (HddsDatanodeService.java:stop(452)) - Stopped plug-in org.apache.hadoop.ozone.web.OzoneHddsDatanodeService@5729b410
2019-07-15 13:27:24,080 INFO  statemachine.DatanodeStateMachine (DatanodeStateMachine.java:lambda$startDaemon$0(350)) - Ozone container server started.
2019-07-15 13:27:24,268 INFO  statemachine.DatanodeStateMachine (DatanodeStateMachine.java:lambda$startDaemon$0(350)) - Ozone container server started.
2019-07-15 13:27:28,645 INFO  ozoneimpl.OzoneContainer (OzoneContainer.java:stop(199)) - Attempting to stop container services.
2019-07-15 13:27:28,645 INFO  ozoneimpl.OzoneContainer (OzoneContainer.java:stop(199)) - Attempting to stop container services.
2019-07-15 13:27:28,647 INFO  impl.RaftServerProxy (RaftServerProxy.java:lambda$close$4(314)) - cd6ca1b0-e985-43dd-a8fd-5a7db7002121: close
2019-07-15 13:27:28,647 INFO  impl.RaftServerProxy (RaftServerProxy.java:lambda$close$4(314)) - ca58aa5f-d246-4e10-80d5-cb1a2c0fb0a7: close
2019-07-15 13:27:28,648 INFO  impl.RaftServerImpl (RaftServerImpl.java:lambda$shutdown$3(245)) - ca58aa5f-d246-4e10-80d5-cb1a2c0fb0a7: shutdown group-6ADFD716F9D0
2019-07-15 13:27:28,648 INFO  impl.RaftServerImpl (RaftServerImpl.java:lambda$shutdown$3(245)) - cd6ca1b0-e985-43dd-a8fd-5a7db7002121: shutdown group-6ADFD716F9D0
2019-07-15 13:27:28,649 INFO  util.JmxRegister (JmxRegister.java:unregister(73)) - Successfully un-registered JMX Bean with object name Ratis:service=RaftServer,group=group-6ADFD716F9D0,id=ca58aa5f-d246-4e10-80d5-cb1a2c0fb0a7
2019-07-15 13:27:28,649 INFO  util.JmxRegister (JmxRegister.java:unregister(73)) - Successfully un-registered JMX Bean with object name Ratis:service=RaftServer,group=group-6ADFD716F9D0,id=cd6ca1b0-e985-43dd-a8fd-5a7db7002121
2019-07-15 13:27:28,650 INFO  impl.RoleInfo (RoleInfo.java:shutdownFollowerState(121)) - cd6ca1b0-e985-43dd-a8fd-5a7db7002121: shutdown FollowerState
2019-07-15 13:27:28,650 INFO  impl.StateMachineUpdater (StateMachineUpdater.java:stopAndJoin(115)) - StateMachineUpdater:cd6ca1b0-e985-43dd-a8fd-5a7db7002121:group-6ADFD716F9D0: set stopIndex = 0
2019-07-15 13:27:28,651 INFO  impl.RaftServerImpl (ServerState.java:close(394)) - cd6ca1b0-e985-43dd-a8fd-5a7db7002121:group-6ADFD716F9D0 closes. The last applied log index is 0
2019-07-15 13:27:28,649 INFO  impl.RoleInfo (RoleInfo.java:shutdownFollowerState(121)) - ca58aa5f-d246-4e10-80d5-cb1a2c0fb0a7: shutdown FollowerState
2019-07-15 13:27:28,651 INFO  segmented.SegmentedRaftLogWorker (SegmentedRaftLogWorker.java:run(313)) - cd6ca1b0-e985-43dd-a8fd-5a7db7002121-SegmentedRaftLogWorker:Storage Directory /workdir/hadoop-ozone/integration-test/target/test-dir/MiniOzoneClusterImpl-db8233b4-32fe-42d4-b03b-a856ad868dc3/datanode-4/data/ratis/352bcc25-b668-4544-9280-6adfd716f9d0 was interrupted, exiting. There are 0 tasks remaining in the queue.
2019-07-15 13:27:28,652 INFO  impl.FollowerState (FollowerState.java:run(114)) - ca58aa5f-d246-4e10-80d5-cb1a2c0fb0a7: FollowerState was interrupted: java.lang.InterruptedException: sleep interrupted
2019-07-15 13:27:28,650 INFO  impl.FollowerState (FollowerState.java:run(114)) - cd6ca1b0-e985-43dd-a8fd-5a7db7002121: FollowerState was interrupted: java.lang.InterruptedException: sleep interrupted
2019-07-15 13:27:28,657 INFO  segmented.SegmentedRaftLogWorker (SegmentedRaftLogWorker.java:close(228)) - cd6ca1b0-e985-43dd-a8fd-5a7db7002121-SegmentedRaftLogWorker:Storage Directory /workdir/hadoop-ozone/integration-test/target/test-dir/MiniOzoneClusterImpl-db8233b4-32fe-42d4-b03b-a856ad868dc3/datanode-4/data/ratis/352bcc25-b668-4544-9280-6adfd716f9d0 close()
2019-07-15 13:27:28,652 INFO  impl.StateMachineUpdater (StateMachineUpdater.java:stopAndJoin(115)) - StateMachineUpdater:ca58aa5f-d246-4e10-80d5-cb1a2c0fb0a7:group-6ADFD716F9D0: set stopIndex = 0
2019-07-15 13:27:28,673 INFO  impl.RaftServerImpl (RaftServerImpl.java:lambda$shutdown$3(245)) - cd6ca1b0-e985-43dd-a8fd-5a7db7002121: shutdown group-A6721B4DC215
2019-07-15 13:27:28,673 INFO  impl.RaftServerImpl (ServerState.java:close(394)) - ca58aa5f-d246-4e10-80d5-cb1a2c0fb0a7:group-6ADFD716F9D0 closes. The last applied log index is 0
2019-07-15 13:27:28,674 INFO  util.JmxRegister (JmxRegister.java:unregister(73)) - Successfully un-registered JMX Bean with object name Ratis:service=RaftServer,group=group-A6721B4DC215,id=cd6ca1b0-e985-43dd-a8fd-5a7db7002121
2019-07-15 13:27:28,674 INFO  segmented.SegmentedRaftLogWorker (SegmentedRaftLogWorker.java:run(313)) - ca58aa5f-d246-4e10-80d5-cb1a2c0fb0a7-SegmentedRaftLogWorker:Storage Directory /workdir/hadoop-ozone/integration-test/target/test-dir/MiniOzoneClusterImpl-db8233b4-32fe-42d4-b03b-a856ad868dc3/datanode-1/data/ratis/352bcc25-b668-4544-9280-6adfd716f9d0 was interrupted, exiting. There are 0 tasks remaining in the queue.
2019-07-15 13:27:28,675 INFO  impl.RoleInfo (RoleInfo.java:shutdownLeaderState(104)) - cd6ca1b0-e985-43dd-a8fd-5a7db7002121: shutdown LeaderState
2019-07-15 13:27:28,677 INFO  segmented.SegmentedRaftLogWorker (SegmentedRaftLogWorker.java:close(228)) - ca58aa5f-d246-4e10-80d5-cb1a2c0fb0a7-SegmentedRaftLogWorker:Storage Directory /workdir/hadoop-ozone/integration-test/target/test-dir/MiniOzoneClusterImpl-db8233b4-32fe-42d4-b03b-a856ad868dc3/datanode-1/data/ratis/352bcc25-b668-4544-9280-6adfd716f9d0 close()
2019-07-15 13:27:28,678 INFO  impl.PendingRequests (PendingRequests.java:sendNotLeaderResponses(202)) - cd6ca1b0-e985-43dd-a8fd-5a7db7002121-PendingRequests: sendNotLeaderResponses
2019-07-15 13:27:28,682 INFO  impl.RaftServerImpl (RaftServerImpl.java:lambda$shutdown$3(245)) - ca58aa5f-d246-4e10-80d5-cb1a2c0fb0a7: shutdown group-39AFADB6C619
2019-07-15 13:27:28,685 INFO  impl.StateMachineUpdater (StateMachineUpdater.java:stopAndJoin(115)) - StateMachineUpdater:cd6ca1b0-e985-43dd-a8fd-5a7db7002121:group-A6721B4DC215: set stopIndex = 0
2019-07-15 13:27:28,685 INFO  util.JmxRegister (JmxRegister.java:unregister(73)) - Successfully un-registered JMX Bean with object name Ratis:service=RaftServer,group=group-39AFADB6C619,id=ca58aa5f-d246-4e10-80d5-cb1a2c0fb0a7
2019-07-15 13:27:28,685 INFO  impl.RaftServerImpl (ServerState.java:close(394)) - cd6ca1b0-e985-43dd-a8fd-5a7db7002121:group-A6721B4DC215 closes. The last applied log index is 0
2019-07-15 13:27:28,686 INFO  impl.RoleInfo (RoleInfo.java:shutdownLeaderState(104)) - ca58aa5f-d246-4e10-80d5-cb1a2c0fb0a7: shutdown LeaderState
2019-07-15 13:27:28,686 INFO  segmented.SegmentedRaftLogWorker (SegmentedRaftLogWorker.java:run(313)) - cd6ca1b0-e985-43dd-a8fd-5a7db7002121-SegmentedRaftLogWorker:Storage Directory /workdir/hadoop-ozone/integration-test/target/test-dir/MiniOzoneClusterImpl-db8233b4-32fe-42d4-b03b-a856ad868dc3/datanode-4/data/ratis/ef3a20d3-70b3-4c8d-ba43-a6721b4dc215 was interrupted, exiting. There are 0 tasks remaining in the queue.
2019-07-15 13:27:28,686 INFO  impl.PendingRequests (PendingRequests.java:sendNotLeaderResponses(202)) - ca58aa5f-d246-4e10-80d5-cb1a2c0fb0a7-PendingRequests: sendNotLeaderResponses
2019-07-15 13:27:28,691 INFO  segmented.SegmentedRaftLogWorker (SegmentedRaftLogWorker.java:close(228)) - cd6ca1b0-e985-43dd-a8fd-5a7db7002121-SegmentedRaftLogWorker:Storage Directory /workdir/hadoop-ozone/integration-test/target/test-dir/MiniOzoneClusterImpl-db8233b4-32fe-42d4-b03b-a856ad868dc3/datanode-4/data/ratis/ef3a20d3-70b3-4c8d-ba43-a6721b4dc215 close()
2019-07-15 13:27:28,691 INFO  impl.StateMachineUpdater (StateMachineUpdater.java:stopAndJoin(115)) - StateMachineUpdater:ca58aa5f-d246-4e10-80d5-cb1a2c0fb0a7:group-39AFADB6C619: set stopIndex = 0
2019-07-15 13:27:28,695 INFO  impl.RaftServerImpl (ServerState.java:close(394)) - ca58aa5f-d246-4e10-80d5-cb1a2c0fb0a7:group-39AFADB6C619 closes. The last applied log index is 0
2019-07-15 13:27:28,696 INFO  server.GrpcService (GrpcService.java:closeImpl(155)) - cd6ca1b0-e985-43dd-a8fd-5a7db7002121: shutdown server with port 41303 now
2019-07-15 13:27:28,696 INFO  segmented.SegmentedRaftLogWorker (SegmentedRaftLogWorker.java:run(313)) - ca58aa5f-d246-4e10-80d5-cb1a2c0fb0a7-SegmentedRaftLogWorker:Storage Directory /workdir/hadoop-ozone/integration-test/target/test-dir/MiniOzoneClusterImpl-db8233b4-32fe-42d4-b03b-a856ad868dc3/datanode-1/data/ratis/453b5e83-3055-4001-9961-39afadb6c619 was interrupted, exiting. There are 0 tasks remaining in the queue.
2019-07-15 13:27:28,699 INFO  segmented.SegmentedRaftLogWorker (SegmentedRaftLogWorker.java:close(228)) - ca58aa5f-d246-4e10-80d5-cb1a2c0fb0a7-SegmentedRaftLogWorker:Storage Directory /workdir/hadoop-ozone/integration-test/target/test-dir/MiniOzoneClusterImpl-db8233b4-32fe-42d4-b03b-a856ad868dc3/datanode-1/data/ratis/453b5e83-3055-4001-9961-39afadb6c619 close()
2019-07-15 13:27:28,703 INFO  server.GrpcService (GrpcService.java:closeImpl(155)) - ca58aa5f-d246-4e10-80d5-cb1a2c0fb0a7: shutdown server with port 40638 now
2019-07-15 13:27:28,711 INFO  server.GrpcService (GrpcService.java:closeImpl(163)) - cd6ca1b0-e985-43dd-a8fd-5a7db7002121: shutdown server with port 41303 successfully
2019-07-15 13:27:28,711 WARN  server.GrpcServerProtocolService (LogUtils.java:warn(134)) - ca58aa5f-d246-4e10-80d5-cb1a2c0fb0a7: appendEntries onError: org.apache.ratis.thirdparty.io.grpc.StatusRuntimeException: CANCELLED: cancelled before receiving half close
2019-07-15 13:27:28,711 WARN  server.GrpcServerProtocolService (LogUtils.java:warn(134)) - cd6ca1b0-e985-43dd-a8fd-5a7db7002121: appendEntries onError: org.apache.ratis.thirdparty.io.grpc.StatusRuntimeException: CANCELLED: cancelled before receiving half close
2019-07-15 13:27:28,711 INFO  server.GrpcService (GrpcService.java:closeImpl(163)) - ca58aa5f-d246-4e10-80d5-cb1a2c0fb0a7: shutdown server with port 40638 successfully
2019-07-15 13:27:28,713 WARN  server.GrpcLogAppender (LogUtils.java:warn(134)) - c796b250-bd8d-4171-9bfe-8e2128022b75->ca58aa5f-d246-4e10-80d5-cb1a2c0fb0a7: Failed appendEntries: org.apache.ratis.thirdparty.io.grpc.StatusRuntimeException: CANCELLED: HTTP/2 error code: CANCEL
Received Rst Stream
2019-07-15 13:27:28,718 INFO  impl.FollowerInfo (FollowerInfo.java:lambda$new$0(50)) - c796b250-bd8d-4171-9bfe-8e2128022b75->ca58aa5f-d246-4e10-80d5-cb1a2c0fb0a7: nextIndex: updateUnconditionally 1 -> 0
2019-07-15 13:27:28,718 WARN  server.GrpcLogAppender (LogUtils.java:warn(134)) - c796b250-bd8d-4171-9bfe-8e2128022b75->cd6ca1b0-e985-43dd-a8fd-5a7db7002121: Failed appendEntries: org.apache.ratis.thirdparty.io.grpc.StatusRuntimeException: CANCELLED: HTTP/2 error code: CANCEL
Received Rst Stream
2019-07-15 13:27:28,722 INFO  impl.FollowerInfo (FollowerInfo.java:lambda$new$0(50)) - c796b250-bd8d-4171-9bfe-8e2128022b75->cd6ca1b0-e985-43dd-a8fd-5a7db7002121: nextIndex: updateUnconditionally 1 -> 0
2019-07-15 13:27:28,725 INFO  utils.BackgroundService (BackgroundService.java:shutdown(148)) - Shutting down service BlockDeletingService
2019-07-15 13:27:28,727 INFO  utils.BackgroundService (BackgroundService.java:shutdown(148)) - Shutting down service BlockDeletingService
2019-07-15 13:27:28,727 WARN  fs.CachingGetSpaceUsed (CachingGetSpaceUsed.java:run(183)) - Thread Interrupted waiting to refresh disk information: sleep interrupted
2019-07-15 13:27:28,729 WARN  fs.CachingGetSpaceUsed (CachingGetSpaceUsed.java:run(183)) - Thread Interrupted waiting to refresh disk information: sleep interrupted
2019-07-15 13:27:28,761 INFO  statemachine.DatanodeStateMachine (DatanodeStateMachine.java:stopDaemon(395)) - Ozone container server stopped.
2019-07-15 13:27:28,761 INFO  statemachine.DatanodeStateMachine (DatanodeStateMachine.java:stopDaemon(395)) - Ozone container server stopped.
2019-07-15 13:27:28,767 INFO  handler.ContextHandler (ContextHandler.java:doStop(910)) - Stopped o.e.j.w.WebAppContext@2e1eb85f{/,null,UNAVAILABLE}{/hddsDatanode}
2019-07-15 13:27:28,767 INFO  handler.ContextHandler (ContextHandler.java:doStop(910)) - Stopped o.e.j.w.WebAppContext@367d34c0{/,null,UNAVAILABLE}{/hddsDatanode}
2019-07-15 13:27:28,768 INFO  server.AbstractConnector (AbstractConnector.java:doStop(318)) - Stopped ServerConnector@ea7a4c3{HTTP/1.1,[http/1.1]}{0.0.0.0:0}
2019-07-15 13:27:28,768 INFO  server.AbstractConnector (AbstractConnector.java:doStop(318)) - Stopped ServerConnector@4ce25e47{HTTP/1.1,[http/1.1]}{0.0.0.0:0}
2019-07-15 13:27:28,770 INFO  handler.ContextHandler (ContextHandler.java:doStop(910)) - Stopped o.e.j.s.ServletContextHandler@364fd4ae{/static,jar:file:/home/user/.m2/repository/org/apache/hadoop/hadoop-hdds-container-service/0.5.0-SNAPSHOT/hadoop-hdds-container-service-0.5.0-SNAPSHOT.jar!/webapps/static,UNAVAILABLE}
2019-07-15 13:27:28,770 INFO  handler.ContextHandler (ContextHandler.java:doStop(910)) - Stopped o.e.j.s.ServletContextHandler@5fef0c19{/static,jar:file:/home/user/.m2/repository/org/apache/hadoop/hadoop-hdds-container-service/0.5.0-SNAPSHOT/hadoop-hdds-container-service-0.5.0-SNAPSHOT.jar!/webapps/static,UNAVAILABLE}
2019-07-15 13:27:28,772 INFO  handler.ContextHandler (ContextHandler.java:doStop(910)) - Stopped o.e.j.s.ServletContextHandler@359066bc{/logs,file:///workdir/hadoop-ozone/integration-test/target/log,UNAVAILABLE}
2019-07-15 13:27:28,772 INFO  handler.ContextHandler (ContextHandler.java:doStop(910)) - Stopped o.e.j.s.ServletContextHandler@615db358{/logs,file:///workdir/hadoop-ozone/integration-test/target/log,UNAVAILABLE}
2019-07-15 13:27:28,775 INFO  datanode.ObjectStoreHandler (ObjectStoreHandler.java:close(155)) - Closing ObjectStoreHandler.
2019-07-15 13:27:28,775 INFO  datanode.ObjectStoreHandler (ObjectStoreHandler.java:close(155)) - Closing ObjectStoreHandler.
2019-07-15 13:27:28,775 INFO  ozone.HddsDatanodeService (HddsDatanodeService.java:stop(452)) - Stopped plug-in org.apache.hadoop.ozone.web.OzoneHddsDatanodeService@7436364d
2019-07-15 13:27:28,776 INFO  ozone.HddsDatanodeService (HddsDatanodeService.java:stop(452)) - Stopped plug-in org.apache.hadoop.ozone.web.OzoneHddsDatanodeService@65da01f4
2019-07-15 13:27:29,478 INFO  statemachine.DatanodeStateMachine (DatanodeStateMachine.java:lambda$startDaemon$0(350)) - Ozone container server started.
2019-07-15 13:27:29,478 INFO  statemachine.DatanodeStateMachine (DatanodeStateMachine.java:lambda$startDaemon$0(350)) - Ozone container server started.
2019-07-15 13:27:30,352 WARN  server.GrpcLogAppender (LogUtils.java:warn(134)) - c796b250-bd8d-4171-9bfe-8e2128022b75->cd6ca1b0-e985-43dd-a8fd-5a7db7002121: Failed appendEntries: org.apache.ratis.thirdparty.io.grpc.StatusRuntimeException: UNAVAILABLE: io exception
2019-07-15 13:27:30,352 WARN  server.GrpcLogAppender (LogUtils.java:warn(134)) - c796b250-bd8d-4171-9bfe-8e2128022b75->ca58aa5f-d246-4e10-80d5-cb1a2c0fb0a7: Failed appendEntries: org.apache.ratis.thirdparty.io.grpc.StatusRuntimeException: UNAVAILABLE: io exception
2019-07-15 13:27:30,356 INFO  impl.FollowerInfo (FollowerInfo.java:lambda$new$0(50)) - c796b250-bd8d-4171-9bfe-8e2128022b75->cd6ca1b0-e985-43dd-a8fd-5a7db7002121: nextIndex: updateUnconditionally 0 -> 0
2019-07-15 13:27:30,356 INFO  impl.FollowerInfo (FollowerInfo.java:lambda$new$0(50)) - c796b250-bd8d-4171-9bfe-8e2128022b75->ca58aa5f-d246-4e10-80d5-cb1a2c0fb0a7: nextIndex: updateUnconditionally 0 -> 0
2019-07-15 13:27:32,840 WARN  server.GrpcLogAppender (LogUtils.java:warn(134)) - c796b250-bd8d-4171-9bfe-8e2128022b75->cd6ca1b0-e985-43dd-a8fd-5a7db7002121: Failed appendEntries: org.apache.ratis.thirdparty.io.grpc.StatusRuntimeException: UNAVAILABLE: io exception
2019-07-15 13:27:32,840 WARN  server.GrpcLogAppender (LogUtils.java:warn(134)) - c796b250-bd8d-4171-9bfe-8e2128022b75->ca58aa5f-d246-4e10-80d5-cb1a2c0fb0a7: Failed appendEntries: org.apache.ratis.thirdparty.io.grpc.StatusRuntimeException: UNAVAILABLE: io exception
2019-07-15 13:27:32,847 INFO  impl.FollowerInfo (FollowerInfo.java:lambda$new$0(50)) - c796b250-bd8d-4171-9bfe-8e2128022b75->cd6ca1b0-e985-43dd-a8fd-5a7db7002121: nextIndex: updateUnconditionally 0 -> 0
2019-07-15 13:27:32,848 INFO  impl.FollowerInfo (FollowerInfo.java:lambda$new$0(50)) - c796b250-bd8d-4171-9bfe-8e2128022b75->ca58aa5f-d246-4e10-80d5-cb1a2c0fb0a7: nextIndex: updateUnconditionally 0 -> 0
2019-07-15 13:27:33,776 INFO  ozoneimpl.OzoneContainer (OzoneContainer.java:stop(199)) - Attempting to stop container services.
2019-07-15 13:27:33,777 INFO  ozoneimpl.OzoneContainer (OzoneContainer.java:stop(199)) - Attempting to stop container services.
2019-07-15 13:27:33,777 INFO  impl.RaftServerProxy (RaftServerProxy.java:lambda$close$4(314)) - e372fc8d-0466-4805-bcd9-18ddd93608a2: close
2019-07-15 13:27:33,778 INFO  impl.RaftServerProxy (RaftServerProxy.java:lambda$close$4(314)) - d4dde5ca-0464-4034-8921-3c14cd661a1e: close
2019-07-15 13:27:33,778 INFO  impl.RaftServerImpl (RaftServerImpl.java:lambda$shutdown$3(245)) - e372fc8d-0466-4805-bcd9-18ddd93608a2: shutdown group-F544927CA2C2
2019-07-15 13:27:33,778 INFO  impl.RaftServerImpl (RaftServerImpl.java:lambda$shutdown$3(245)) - d4dde5ca-0464-4034-8921-3c14cd661a1e: shutdown group-DC166049A843
2019-07-15 13:27:33,778 INFO  util.JmxRegister (JmxRegister.java:unregister(73)) - Successfully un-registered JMX Bean with object name Ratis:service=RaftServer,group=group-F544927CA2C2,id=e372fc8d-0466-4805-bcd9-18ddd93608a2
2019-07-15 13:27:33,779 INFO  util.JmxRegister (JmxRegister.java:unregister(73)) - Successfully un-registered JMX Bean with object name Ratis:service=RaftServer,group=group-DC166049A843,id=d4dde5ca-0464-4034-8921-3c14cd661a1e
2019-07-15 13:27:33,779 INFO  impl.RoleInfo (RoleInfo.java:shutdownLeaderState(104)) - e372fc8d-0466-4805-bcd9-18ddd93608a2: shutdown LeaderState
2019-07-15 13:27:33,780 INFO  impl.RoleInfo (RoleInfo.java:shutdownFollowerState(121)) - d4dde5ca-0464-4034-8921-3c14cd661a1e: shutdown FollowerState
2019-07-15 13:27:33,780 INFO  impl.PendingRequests (PendingRequests.java:sendNotLeaderResponses(202)) - e372fc8d-0466-4805-bcd9-18ddd93608a2-PendingRequests: sendNotLeaderResponses
2019-07-15 13:27:33,781 INFO  ratis.ContainerStateMachine (ContainerStateMachine.java:takeSnapshot(249)) - group-DC166049A843: Taking a snapshot at:(t:1, i:3) file /workdir/hadoop-ozone/integration-test/target/test-dir/MiniOzoneClusterImpl-db8233b4-32fe-42d4-b03b-a856ad868dc3/datanode-3/data/ratis/21b3be06-1d1f-4e69-b2c7-dc166049a843/sm/snapshot.1_3
2019-07-15 13:27:33,781 INFO  impl.FollowerState (FollowerState.java:run(114)) - d4dde5ca-0464-4034-8921-3c14cd661a1e: FollowerState was interrupted: java.lang.InterruptedException: sleep interrupted
2019-07-15 13:27:33,780 INFO  impl.StateMachineUpdater (StateMachineUpdater.java:stopAndJoin(115)) - StateMachineUpdater:d4dde5ca-0464-4034-8921-3c14cd661a1e:group-DC166049A843: set stopIndex = 4
2019-07-15 13:27:33,782 INFO  ratis.ContainerStateMachine (ContainerStateMachine.java:takeSnapshot(257)) - group-DC166049A843: Finished taking a snapshot at:(t:1, i:3) file:/workdir/hadoop-ozone/integration-test/target/test-dir/MiniOzoneClusterImpl-db8233b4-32fe-42d4-b03b-a856ad868dc3/datanode-3/data/ratis/21b3be06-1d1f-4e69-b2c7-dc166049a843/sm/snapshot.1_3 time:1
2019-07-15 13:27:33,781 INFO  impl.StateMachineUpdater (StateMachineUpdater.java:stopAndJoin(115)) - StateMachineUpdater:e372fc8d-0466-4805-bcd9-18ddd93608a2:group-F544927CA2C2: set stopIndex = 0
2019-07-15 13:27:33,784 INFO  impl.StateMachineUpdater (StateMachineUpdater.java:takeSnapshot(242)) - StateMachineUpdater:d4dde5ca-0464-4034-8921-3c14cd661a1e:group-DC166049A843: Took a snapshot at index 3
2019-07-15 13:27:33,784 INFO  impl.RaftServerImpl (ServerState.java:close(394)) - e372fc8d-0466-4805-bcd9-18ddd93608a2:group-F544927CA2C2 closes. The last applied log index is 0
2019-07-15 13:27:33,784 INFO  impl.StateMachineUpdater (StateMachineUpdater.java:lambda$new$0(80)) - StateMachineUpdater:d4dde5ca-0464-4034-8921-3c14cd661a1e:group-DC166049A843: snapshotIndex: updateIncreasingly -1 -> 3
2019-07-15 13:27:33,785 INFO  segmented.SegmentedRaftLogWorker (SegmentedRaftLogWorker.java:run(313)) - e372fc8d-0466-4805-bcd9-18ddd93608a2-SegmentedRaftLogWorker:Storage Directory /workdir/hadoop-ozone/integration-test/target/test-dir/MiniOzoneClusterImpl-db8233b4-32fe-42d4-b03b-a856ad868dc3/datanode-2/data/ratis/6a5b60a3-ec0d-43d4-a663-f544927ca2c2 was interrupted, exiting. There are 0 tasks remaining in the queue.
2019-07-15 13:27:33,787 INFO  segmented.SegmentedRaftLogWorker (SegmentedRaftLogWorker.java:close(228)) - e372fc8d-0466-4805-bcd9-18ddd93608a2-SegmentedRaftLogWorker:Storage Directory /workdir/hadoop-ozone/integration-test/target/test-dir/MiniOzoneClusterImpl-db8233b4-32fe-42d4-b03b-a856ad868dc3/datanode-2/data/ratis/6a5b60a3-ec0d-43d4-a663-f544927ca2c2 close()
2019-07-15 13:27:33,787 INFO  impl.RaftServerImpl (ServerState.java:close(394)) - d4dde5ca-0464-4034-8921-3c14cd661a1e:group-DC166049A843 closes. The last applied log index is 4
2019-07-15 13:27:33,791 INFO  impl.RaftServerImpl (RaftServerImpl.java:lambda$shutdown$3(245)) - e372fc8d-0466-4805-bcd9-18ddd93608a2: shutdown group-DC166049A843
2019-07-15 13:27:33,791 INFO  segmented.SegmentedRaftLogWorker (SegmentedRaftLogWorker.java:run(313)) - d4dde5ca-0464-4034-8921-3c14cd661a1e-SegmentedRaftLogWorker:Storage Directory /workdir/hadoop-ozone/integration-test/target/test-dir/MiniOzoneClusterImpl-db8233b4-32fe-42d4-b03b-a856ad868dc3/datanode-3/data/ratis/21b3be06-1d1f-4e69-b2c7-dc166049a843 was interrupted, exiting. There are 0 tasks remaining in the queue.
2019-07-15 13:27:33,791 INFO  util.JmxRegister (JmxRegister.java:unregister(73)) - Successfully un-registered JMX Bean with object name Ratis:service=RaftServer,group=group-DC166049A843,id=e372fc8d-0466-4805-bcd9-18ddd93608a2
2019-07-15 13:27:33,793 INFO  segmented.SegmentedRaftLogWorker (SegmentedRaftLogWorker.java:close(228)) - d4dde5ca-0464-4034-8921-3c14cd661a1e-SegmentedRaftLogWorker:Storage Directory /workdir/hadoop-ozone/integration-test/target/test-dir/MiniOzoneClusterImpl-db8233b4-32fe-42d4-b03b-a856ad868dc3/datanode-3/data/ratis/21b3be06-1d1f-4e69-b2c7-dc166049a843 close()
2019-07-15 13:27:33,793 INFO  impl.RoleInfo (RoleInfo.java:shutdownLeaderState(104)) - e372fc8d-0466-4805-bcd9-18ddd93608a2: shutdown LeaderState
2019-07-15 13:27:33,797 INFO  impl.RaftServerImpl (RaftServerImpl.java:lambda$shutdown$3(245)) - d4dde5ca-0464-4034-8921-3c14cd661a1e: shutdown group-C39A4830A04F
2019-07-15 13:27:33,801 WARN  server.GrpcLogAppender (GrpcLogAppender.java:mayWait(143)) - GrpcLogAppender(e372fc8d-0466-4805-bcd9-18ddd93608a2->206de66f-4ae4-470e-83ff-8c47a5fcbe27): Wait interrupted by java.lang.InterruptedException
2019-07-15 13:27:33,801 WARN  server.GrpcLogAppender (GrpcLogAppender.java:mayWait(143)) - GrpcLogAppender(e372fc8d-0466-4805-bcd9-18ddd93608a2->d4dde5ca-0464-4034-8921-3c14cd661a1e): Wait interrupted by java.lang.InterruptedException
2019-07-15 13:27:33,801 INFO  impl.PendingRequests (PendingRequests.java:sendNotLeaderResponses(202)) - e372fc8d-0466-4805-bcd9-18ddd93608a2-PendingRequests: sendNotLeaderResponses
2019-07-15 13:27:33,801 INFO  util.JmxRegister (JmxRegister.java:unregister(73)) - Successfully un-registered JMX Bean with object name Ratis:service=RaftServer,group=group-C39A4830A04F,id=d4dde5ca-0464-4034-8921-3c14cd661a1e
2019-07-15 13:27:33,811 INFO  impl.RoleInfo (RoleInfo.java:shutdownLeaderState(104)) - d4dde5ca-0464-4034-8921-3c14cd661a1e: shutdown LeaderState
2019-07-15 13:27:33,811 INFO  impl.StateMachineUpdater (StateMachineUpdater.java:stopAndJoin(115)) - StateMachineUpdater:e372fc8d-0466-4805-bcd9-18ddd93608a2:group-DC166049A843: set stopIndex = 4
2019-07-15 13:27:33,811 INFO  impl.PendingRequests (PendingRequests.java:sendNotLeaderResponses(202)) - d4dde5ca-0464-4034-8921-3c14cd661a1e-PendingRequests: sendNotLeaderResponses
2019-07-15 13:27:33,811 INFO  server.GrpcServerProtocolService (GrpcServerProtocolService.java:onCompleted(104)) - d4dde5ca-0464-4034-8921-3c14cd661a1e: appendEntries completed
2019-07-15 13:27:33,811 INFO  ratis.ContainerStateMachine (ContainerStateMachine.java:takeSnapshot(249)) - group-DC166049A843: Taking a snapshot at:(t:1, i:4) file /workdir/hadoop-ozone/integration-test/target/test-dir/MiniOzoneClusterImpl-db8233b4-32fe-42d4-b03b-a856ad868dc3/datanode-2/data/ratis/21b3be06-1d1f-4e69-b2c7-dc166049a843/sm/snapshot.1_4
2019-07-15 13:27:33,811 INFO  server.GrpcServerProtocolService (GrpcServerProtocolService.java:onCompleted(104)) - 206de66f-4ae4-470e-83ff-8c47a5fcbe27: appendEntries completed
2019-07-15 13:27:33,814 INFO  impl.StateMachineUpdater (StateMachineUpdater.java:stopAndJoin(115)) - StateMachineUpdater:d4dde5ca-0464-4034-8921-3c14cd661a1e:group-C39A4830A04F: set stopIndex = 0
2019-07-15 13:27:33,815 INFO  server.GrpcLogAppender (GrpcLogAppender.java:onCompleted(292)) - e372fc8d-0466-4805-bcd9-18ddd93608a2->d4dde5ca-0464-4034-8921-3c14cd661a1e: follower responses appendEntries COMPLETED
2019-07-15 13:27:33,815 INFO  server.GrpcLogAppender (GrpcLogAppender.java:onCompleted(292)) - e372fc8d-0466-4805-bcd9-18ddd93608a2->206de66f-4ae4-470e-83ff-8c47a5fcbe27: follower responses appendEntries COMPLETED
2019-07-15 13:27:33,816 INFO  impl.FollowerInfo (FollowerInfo.java:lambda$new$0(50)) - e372fc8d-0466-4805-bcd9-18ddd93608a2->d4dde5ca-0464-4034-8921-3c14cd661a1e: nextIndex: updateUnconditionally 5 -> 4
2019-07-15 13:27:33,815 INFO  ratis.ContainerStateMachine (ContainerStateMachine.java:takeSnapshot(257)) - group-DC166049A843: Finished taking a snapshot at:(t:1, i:4) file:/workdir/hadoop-ozone/integration-test/target/test-dir/MiniOzoneClusterImpl-db8233b4-32fe-42d4-b03b-a856ad868dc3/datanode-2/data/ratis/21b3be06-1d1f-4e69-b2c7-dc166049a843/sm/snapshot.1_4 time:3
2019-07-15 13:27:33,816 INFO  impl.FollowerInfo (FollowerInfo.java:lambda$new$0(50)) - e372fc8d-0466-4805-bcd9-18ddd93608a2->206de66f-4ae4-470e-83ff-8c47a5fcbe27: nextIndex: updateUnconditionally 5 -> 4
2019-07-15 13:27:33,815 INFO  impl.RaftServerImpl (ServerState.java:close(394)) - d4dde5ca-0464-4034-8921-3c14cd661a1e:group-C39A4830A04F closes. The last applied log index is 0
2019-07-15 13:27:33,816 INFO  impl.StateMachineUpdater (StateMachineUpdater.java:takeSnapshot(242)) - StateMachineUpdater:e372fc8d-0466-4805-bcd9-18ddd93608a2:group-DC166049A843: Took a snapshot at index 4
2019-07-15 13:27:33,817 INFO  impl.StateMachineUpdater (StateMachineUpdater.java:lambda$new$0(80)) - StateMachineUpdater:e372fc8d-0466-4805-bcd9-18ddd93608a2:group-DC166049A843: snapshotIndex: updateIncreasingly -1 -> 4
2019-07-15 13:27:33,817 INFO  segmented.SegmentedRaftLogWorker (SegmentedRaftLogWorker.java:run(313)) - d4dde5ca-0464-4034-8921-3c14cd661a1e-SegmentedRaftLogWorker:Storage Directory /workdir/hadoop-ozone/integration-test/target/test-dir/MiniOzoneClusterImpl-db8233b4-32fe-42d4-b03b-a856ad868dc3/datanode-3/data/ratis/5ac834fa-662c-478b-a9db-c39a4830a04f was interrupted, exiting. There are 0 tasks remaining in the queue.
2019-07-15 13:27:33,817 INFO  impl.RaftServerImpl (ServerState.java:close(394)) - e372fc8d-0466-4805-bcd9-18ddd93608a2:group-DC166049A843 closes. The last applied log index is 4
2019-07-15 13:27:33,819 INFO  segmented.SegmentedRaftLogWorker (SegmentedRaftLogWorker.java:close(228)) - d4dde5ca-0464-4034-8921-3c14cd661a1e-SegmentedRaftLogWorker:Storage Directory /workdir/hadoop-ozone/integration-test/target/test-dir/MiniOzoneClusterImpl-db8233b4-32fe-42d4-b03b-a856ad868dc3/datanode-3/data/ratis/5ac834fa-662c-478b-a9db-c39a4830a04f close()
2019-07-15 13:27:33,819 INFO  segmented.SegmentedRaftLogWorker (SegmentedRaftLogWorker.java:run(313)) - e372fc8d-0466-4805-bcd9-18ddd93608a2-SegmentedRaftLogWorker:Storage Directory /workdir/hadoop-ozone/integration-test/target/test-dir/MiniOzoneClusterImpl-db8233b4-32fe-42d4-b03b-a856ad868dc3/datanode-2/data/ratis/21b3be06-1d1f-4e69-b2c7-dc166049a843 was interrupted, exiting. There are 0 tasks remaining in the queue.
2019-07-15 13:27:33,827 INFO  server.GrpcService (GrpcService.java:closeImpl(155)) - d4dde5ca-0464-4034-8921-3c14cd661a1e: shutdown server with port 39973 now
2019-07-15 13:27:33,827 INFO  segmented.SegmentedRaftLogWorker (SegmentedRaftLogWorker.java:close(228)) - e372fc8d-0466-4805-bcd9-18ddd93608a2-SegmentedRaftLogWorker:Storage Directory /workdir/hadoop-ozone/integration-test/target/test-dir/MiniOzoneClusterImpl-db8233b4-32fe-42d4-b03b-a856ad868dc3/datanode-2/data/ratis/21b3be06-1d1f-4e69-b2c7-dc166049a843 close()
2019-07-15 13:27:33,828 INFO  server.GrpcService (GrpcService.java:closeImpl(163)) - d4dde5ca-0464-4034-8921-3c14cd661a1e: shutdown server with port 39973 successfully
2019-07-15 13:27:33,829 INFO  server.GrpcService (GrpcService.java:closeImpl(155)) - e372fc8d-0466-4805-bcd9-18ddd93608a2: shutdown server with port 35169 now
2019-07-15 13:27:33,831 INFO  server.GrpcService (GrpcService.java:closeImpl(163)) - e372fc8d-0466-4805-bcd9-18ddd93608a2: shutdown server with port 35169 successfully
2019-07-15 13:27:33,831 INFO  utils.BackgroundService (BackgroundService.java:shutdown(148)) - Shutting down service BlockDeletingService
2019-07-15 13:27:33,834 WARN  fs.CachingGetSpaceUsed (CachingGetSpaceUsed.java:run(183)) - Thread Interrupted waiting to refresh disk information: sleep interrupted
2019-07-15 13:27:33,843 INFO  utils.BackgroundService (BackgroundService.java:shutdown(148)) - Shutting down service BlockDeletingService
2019-07-15 13:27:33,848 WARN  fs.CachingGetSpaceUsed (CachingGetSpaceUsed.java:run(183)) - Thread Interrupted waiting to refresh disk information: sleep interrupted
2019-07-15 13:27:33,857 INFO  statemachine.DatanodeStateMachine (DatanodeStateMachine.java:stopDaemon(395)) - Ozone container server stopped.
2019-07-15 13:27:33,870 INFO  statemachine.DatanodeStateMachine (DatanodeStateMachine.java:stopDaemon(395)) - Ozone container server stopped.
2019-07-15 13:27:33,873 INFO  handler.ContextHandler (ContextHandler.java:doStop(910)) - Stopped o.e.j.w.WebAppContext@6a2d867d{/,null,UNAVAILABLE}{/hddsDatanode}
2019-07-15 13:27:33,874 INFO  handler.ContextHandler (ContextHandler.java:doStop(910)) - Stopped o.e.j.w.WebAppContext@7197b07f{/,null,UNAVAILABLE}{/hddsDatanode}
2019-07-15 13:27:33,875 INFO  server.AbstractConnector (AbstractConnector.java:doStop(318)) - Stopped ServerConnector@73bb1337{HTTP/1.1,[http/1.1]}{0.0.0.0:0}
2019-07-15 13:27:33,875 INFO  server.AbstractConnector (AbstractConnector.java:doStop(318)) - Stopped ServerConnector@1f10fec6{HTTP/1.1,[http/1.1]}{0.0.0.0:0}
2019-07-15 13:27:33,876 INFO  handler.ContextHandler (ContextHandler.java:doStop(910)) - Stopped o.e.j.s.ServletContextHandler@cc9ef8d{/static,jar:file:/home/user/.m2/repository/org/apache/hadoop/hadoop-hdds-container-service/0.5.0-SNAPSHOT/hadoop-hdds-container-service-0.5.0-SNAPSHOT.jar!/webapps/static,UNAVAILABLE}
2019-07-15 13:27:33,877 INFO  handler.ContextHandler (ContextHandler.java:doStop(910)) - Stopped o.e.j.s.ServletContextHandler@62ade015{/static,jar:file:/home/user/.m2/repository/org/apache/hadoop/hadoop-hdds-container-service/0.5.0-SNAPSHOT/hadoop-hdds-container-service-0.5.0-SNAPSHOT.jar!/webapps/static,UNAVAILABLE}
2019-07-15 13:27:33,877 INFO  handler.ContextHandler (ContextHandler.java:doStop(910)) - Stopped o.e.j.s.ServletContextHandler@1e30db85{/logs,file:///workdir/hadoop-ozone/integration-test/target/log,UNAVAILABLE}
2019-07-15 13:27:33,879 INFO  handler.ContextHandler (ContextHandler.java:doStop(910)) - Stopped o.e.j.s.ServletContextHandler@631c6d11{/logs,file:///workdir/hadoop-ozone/integration-test/target/log,UNAVAILABLE}
2019-07-15 13:27:33,881 INFO  datanode.ObjectStoreHandler (ObjectStoreHandler.java:close(155)) - Closing ObjectStoreHandler.
2019-07-15 13:27:33,881 INFO  ozone.HddsDatanodeService (HddsDatanodeService.java:stop(452)) - Stopped plug-in org.apache.hadoop.ozone.web.OzoneHddsDatanodeService@28e7bb31
2019-07-15 13:27:33,881 INFO  datanode.ObjectStoreHandler (ObjectStoreHandler.java:close(155)) - Closing ObjectStoreHandler.
2019-07-15 13:27:33,882 INFO  ozone.HddsDatanodeService (HddsDatanodeService.java:stop(452)) - Stopped plug-in org.apache.hadoop.ozone.web.OzoneHddsDatanodeService@b4732dc
2019-07-15 13:27:34,034 INFO  statemachine.DatanodeStateMachine (DatanodeStateMachine.java:lambda$startDaemon$0(350)) - Ozone container server started.
2019-07-15 13:27:34,534 INFO  statemachine.DatanodeStateMachine (DatanodeStateMachine.java:lambda$startDaemon$0(350)) - Ozone container server started.
2019-07-15 13:27:35,342 WARN  server.GrpcLogAppender (LogUtils.java:warn(134)) - c796b250-bd8d-4171-9bfe-8e2128022b75->ca58aa5f-d246-4e10-80d5-cb1a2c0fb0a7: Failed appendEntries: org.apache.ratis.thirdparty.io.grpc.StatusRuntimeException: UNAVAILABLE: io exception
2019-07-15 13:27:35,344 INFO  impl.FollowerInfo (FollowerInfo.java:lambda$new$0(50)) - c796b250-bd8d-4171-9bfe-8e2128022b75->ca58aa5f-d246-4e10-80d5-cb1a2c0fb0a7: nextIndex: updateUnconditionally 0 -> 0
2019-07-15 13:27:35,344 WARN  server.GrpcLogAppender (LogUtils.java:warn(134)) - c796b250-bd8d-4171-9bfe-8e2128022b75->cd6ca1b0-e985-43dd-a8fd-5a7db7002121: Failed appendEntries: org.apache.ratis.thirdparty.io.grpc.StatusRuntimeException: UNAVAILABLE: io exception
2019-07-15 13:27:35,346 INFO  impl.FollowerInfo (FollowerInfo.java:lambda$new$0(50)) - c796b250-bd8d-4171-9bfe-8e2128022b75->cd6ca1b0-e985-43dd-a8fd-5a7db7002121: nextIndex: updateUnconditionally 0 -> 0
2019-07-15 13:27:37,843 WARN  server.GrpcLogAppender (LogUtils.java:warn(134)) - c796b250-bd8d-4171-9bfe-8e2128022b75->ca58aa5f-d246-4e10-80d5-cb1a2c0fb0a7: Failed appendEntries: org.apache.ratis.thirdparty.io.grpc.StatusRuntimeException: UNAVAILABLE: io exception
2019-07-15 13:27:37,843 WARN  server.GrpcLogAppender (LogUtils.java:warn(134)) - c796b250-bd8d-4171-9bfe-8e2128022b75->cd6ca1b0-e985-43dd-a8fd-5a7db7002121: Failed appendEntries: org.apache.ratis.thirdparty.io.grpc.StatusRuntimeException: UNAVAILABLE: io exception
2019-07-15 13:27:37,846 INFO  impl.FollowerInfo (FollowerInfo.java:lambda$new$0(50)) - c796b250-bd8d-4171-9bfe-8e2128022b75->ca58aa5f-d246-4e10-80d5-cb1a2c0fb0a7: nextIndex: updateUnconditionally 0 -> 0
2019-07-15 13:27:37,848 INFO  impl.FollowerInfo (FollowerInfo.java:lambda$new$0(50)) - c796b250-bd8d-4171-9bfe-8e2128022b75->cd6ca1b0-e985-43dd-a8fd-5a7db7002121: nextIndex: updateUnconditionally 0 -> 0
2019-07-15 13:27:38,882 INFO  ozoneimpl.OzoneContainer (OzoneContainer.java:stop(199)) - Attempting to stop container services.
2019-07-15 13:27:38,883 INFO  ozoneimpl.OzoneContainer (OzoneContainer.java:stop(199)) - Attempting to stop container services.
2019-07-15 13:27:38,883 INFO  impl.RaftServerProxy (RaftServerProxy.java:lambda$close$4(314)) - 41dc9e21-3d1e-48c0-8395-67e48a0c3182: close
2019-07-15 13:27:38,884 INFO  impl.RaftServerProxy (RaftServerProxy.java:lambda$close$4(314)) - c796b250-bd8d-4171-9bfe-8e2128022b75: close
2019-07-15 13:27:38,884 INFO  impl.RaftServerImpl (RaftServerImpl.java:lambda$shutdown$3(245)) - 41dc9e21-3d1e-48c0-8395-67e48a0c3182: shutdown group-473A94367512
2019-07-15 13:27:38,884 INFO  impl.RaftServerImpl (RaftServerImpl.java:lambda$shutdown$3(245)) - c796b250-bd8d-4171-9bfe-8e2128022b75: shutdown group-D37F0F4CF748
2019-07-15 13:27:38,885 INFO  util.JmxRegister (JmxRegister.java:unregister(73)) - Successfully un-registered JMX Bean with object name Ratis:service=RaftServer,group=group-473A94367512,id=41dc9e21-3d1e-48c0-8395-67e48a0c3182
2019-07-15 13:27:38,885 INFO  util.JmxRegister (JmxRegister.java:unregister(73)) - Successfully un-registered JMX Bean with object name Ratis:service=RaftServer,group=group-D37F0F4CF748,id=c796b250-bd8d-4171-9bfe-8e2128022b75
2019-07-15 13:27:38,885 INFO  impl.RoleInfo (RoleInfo.java:shutdownLeaderState(104)) - 41dc9e21-3d1e-48c0-8395-67e48a0c3182: shutdown LeaderState
2019-07-15 13:27:38,886 INFO  impl.RoleInfo (RoleInfo.java:shutdownLeaderState(104)) - c796b250-bd8d-4171-9bfe-8e2128022b75: shutdown LeaderState
2019-07-15 13:27:38,886 INFO  impl.PendingRequests (PendingRequests.java:sendNotLeaderResponses(202)) - 41dc9e21-3d1e-48c0-8395-67e48a0c3182-PendingRequests: sendNotLeaderResponses
2019-07-15 13:27:38,887 INFO  impl.PendingRequests (PendingRequests.java:sendNotLeaderResponses(202)) - c796b250-bd8d-4171-9bfe-8e2128022b75-PendingRequests: sendNotLeaderResponses
2019-07-15 13:27:38,887 INFO  impl.StateMachineUpdater (StateMachineUpdater.java:stopAndJoin(115)) - StateMachineUpdater:41dc9e21-3d1e-48c0-8395-67e48a0c3182:group-473A94367512: set stopIndex = 0
2019-07-15 13:27:38,888 INFO  impl.RaftServerImpl (ServerState.java:close(394)) - 41dc9e21-3d1e-48c0-8395-67e48a0c3182:group-473A94367512 closes. The last applied log index is 0
2019-07-15 13:27:38,887 INFO  impl.StateMachineUpdater (StateMachineUpdater.java:stopAndJoin(115)) - StateMachineUpdater:c796b250-bd8d-4171-9bfe-8e2128022b75:group-D37F0F4CF748: set stopIndex = 0
2019-07-15 13:27:38,888 INFO  segmented.SegmentedRaftLogWorker (SegmentedRaftLogWorker.java:run(313)) - 41dc9e21-3d1e-48c0-8395-67e48a0c3182-SegmentedRaftLogWorker:Storage Directory /workdir/hadoop-ozone/integration-test/target/test-dir/MiniOzoneClusterImpl-db8233b4-32fe-42d4-b03b-a856ad868dc3/datanode-6/data/ratis/11498d81-de9c-4ffb-80b4-473a94367512 was interrupted, exiting. There are 0 tasks remaining in the queue.
2019-07-15 13:27:38,889 INFO  impl.RaftServerImpl (ServerState.java:close(394)) - c796b250-bd8d-4171-9bfe-8e2128022b75:group-D37F0F4CF748 closes. The last applied log index is 0
2019-07-15 13:27:38,889 INFO  segmented.SegmentedRaftLogWorker (SegmentedRaftLogWorker.java:close(228)) - 41dc9e21-3d1e-48c0-8395-67e48a0c3182-SegmentedRaftLogWorker:Storage Directory /workdir/hadoop-ozone/integration-test/target/test-dir/MiniOzoneClusterImpl-db8233b4-32fe-42d4-b03b-a856ad868dc3/datanode-6/data/ratis/11498d81-de9c-4ffb-80b4-473a94367512 close()
2019-07-15 13:27:38,889 INFO  segmented.SegmentedRaftLogWorker (SegmentedRaftLogWorker.java:run(313)) - c796b250-bd8d-4171-9bfe-8e2128022b75-SegmentedRaftLogWorker:Storage Directory /workdir/hadoop-ozone/integration-test/target/test-dir/MiniOzoneClusterImpl-db8233b4-32fe-42d4-b03b-a856ad868dc3/datanode-0/data/ratis/99c76201-5961-4d8f-9c40-d37f0f4cf748 was interrupted, exiting. There are 0 tasks remaining in the queue.
2019-07-15 13:27:38,892 INFO  server.GrpcService (GrpcService.java:closeImpl(155)) - 41dc9e21-3d1e-48c0-8395-67e48a0c3182: shutdown server with port 46198 now
2019-07-15 13:27:38,894 INFO  server.GrpcService (GrpcService.java:closeImpl(163)) - 41dc9e21-3d1e-48c0-8395-67e48a0c3182: shutdown server with port 46198 successfully
2019-07-15 13:27:38,901 INFO  utils.BackgroundService (BackgroundService.java:shutdown(148)) - Shutting down service BlockDeletingService
2019-07-15 13:27:38,901 INFO  segmented.SegmentedRaftLogWorker (SegmentedRaftLogWorker.java:close(228)) - c796b250-bd8d-4171-9bfe-8e2128022b75-SegmentedRaftLogWorker:Storage Directory /workdir/hadoop-ozone/integration-test/target/test-dir/MiniOzoneClusterImpl-db8233b4-32fe-42d4-b03b-a856ad868dc3/datanode-0/data/ratis/99c76201-5961-4d8f-9c40-d37f0f4cf748 close()
2019-07-15 13:27:38,904 INFO  impl.RaftServerImpl (RaftServerImpl.java:lambda$shutdown$3(245)) - c796b250-bd8d-4171-9bfe-8e2128022b75: shutdown group-6ADFD716F9D0
2019-07-15 13:27:38,905 INFO  util.JmxRegister (JmxRegister.java:unregister(73)) - Successfully un-registered JMX Bean with object name Ratis:service=RaftServer,group=group-6ADFD716F9D0,id=c796b250-bd8d-4171-9bfe-8e2128022b75
2019-07-15 13:27:38,905 INFO  impl.RoleInfo (RoleInfo.java:shutdownLeaderState(104)) - c796b250-bd8d-4171-9bfe-8e2128022b75: shutdown LeaderState
2019-07-15 13:27:38,908 WARN  server.GrpcLogAppender (GrpcLogAppender.java:mayWait(143)) - GrpcLogAppender(c796b250-bd8d-4171-9bfe-8e2128022b75->ca58aa5f-d246-4e10-80d5-cb1a2c0fb0a7): Wait interrupted by java.lang.InterruptedException
2019-07-15 13:27:38,909 INFO  impl.PendingRequests (PendingRequests.java:sendNotLeaderResponses(202)) - c796b250-bd8d-4171-9bfe-8e2128022b75-PendingRequests: sendNotLeaderResponses
2019-07-15 13:27:38,910 WARN  server.GrpcLogAppender (GrpcLogAppender.java:mayWait(143)) - GrpcLogAppender(c796b250-bd8d-4171-9bfe-8e2128022b75->cd6ca1b0-e985-43dd-a8fd-5a7db7002121): Wait interrupted by java.lang.InterruptedException
2019-07-15 13:27:38,910 INFO  impl.StateMachineUpdater (StateMachineUpdater.java:stopAndJoin(115)) - StateMachineUpdater:c796b250-bd8d-4171-9bfe-8e2128022b75:group-6ADFD716F9D0: set stopIndex = 0
2019-07-15 13:27:38,910 INFO  impl.RaftServerImpl (ServerState.java:close(394)) - c796b250-bd8d-4171-9bfe-8e2128022b75:group-6ADFD716F9D0 closes. The last applied log index is 0
2019-07-15 13:27:38,910 WARN  fs.CachingGetSpaceUsed (CachingGetSpaceUsed.java:run(183)) - Thread Interrupted waiting to refresh disk information: sleep interrupted
2019-07-15 13:27:38,911 INFO  segmented.SegmentedRaftLogWorker (SegmentedRaftLogWorker.java:run(313)) - c796b250-bd8d-4171-9bfe-8e2128022b75-SegmentedRaftLogWorker:Storage Directory /workdir/hadoop-ozone/integration-test/target/test-dir/MiniOzoneClusterImpl-db8233b4-32fe-42d4-b03b-a856ad868dc3/datanode-0/data/ratis/352bcc25-b668-4544-9280-6adfd716f9d0 was interrupted, exiting. There are 0 tasks remaining in the queue.
2019-07-15 13:27:38,911 INFO  segmented.SegmentedRaftLogWorker (SegmentedRaftLogWorker.java:close(228)) - c796b250-bd8d-4171-9bfe-8e2128022b75-SegmentedRaftLogWorker:Storage Directory /workdir/hadoop-ozone/integration-test/target/test-dir/MiniOzoneClusterImpl-db8233b4-32fe-42d4-b03b-a856ad868dc3/datanode-0/data/ratis/352bcc25-b668-4544-9280-6adfd716f9d0 close()
2019-07-15 13:27:38,913 INFO  server.GrpcService (GrpcService.java:closeImpl(155)) - c796b250-bd8d-4171-9bfe-8e2128022b75: shutdown server with port 44407 now
2019-07-15 13:27:38,913 INFO  server.GrpcService (GrpcService.java:closeImpl(163)) - c796b250-bd8d-4171-9bfe-8e2128022b75: shutdown server with port 44407 successfully
2019-07-15 13:27:38,928 INFO  utils.BackgroundService (BackgroundService.java:shutdown(148)) - Shutting down service BlockDeletingService
2019-07-15 13:27:38,934 INFO  statemachine.DatanodeStateMachine (DatanodeStateMachine.java:stopDaemon(395)) - Ozone container server stopped.
2019-07-15 13:27:38,934 WARN  fs.CachingGetSpaceUsed (CachingGetSpaceUsed.java:run(183)) - Thread Interrupted waiting to refresh disk information: sleep interrupted
2019-07-15 13:27:38,945 INFO  handler.ContextHandler (ContextHandler.java:doStop(910)) - Stopped o.e.j.w.WebAppContext@418f0534{/,null,UNAVAILABLE}{/hddsDatanode}
2019-07-15 13:27:38,946 INFO  server.AbstractConnector (AbstractConnector.java:doStop(318)) - Stopped ServerConnector@3dfd7eaa{HTTP/1.1,[http/1.1]}{0.0.0.0:0}
2019-07-15 13:27:38,947 INFO  handler.ContextHandler (ContextHandler.java:doStop(910)) - Stopped o.e.j.s.ServletContextHandler@782fd504{/static,jar:file:/home/user/.m2/repository/org/apache/hadoop/hadoop-hdds-container-service/0.5.0-SNAPSHOT/hadoop-hdds-container-service-0.5.0-SNAPSHOT.jar!/webapps/static,UNAVAILABLE}
2019-07-15 13:27:38,948 INFO  handler.ContextHandler (ContextHandler.java:doStop(910)) - Stopped o.e.j.s.ServletContextHandler@6568f998{/logs,file:///workdir/hadoop-ozone/integration-test/target/log,UNAVAILABLE}
2019-07-15 13:27:38,951 INFO  statemachine.DatanodeStateMachine (DatanodeStateMachine.java:stopDaemon(395)) - Ozone container server stopped.
2019-07-15 13:27:38,952 INFO  datanode.ObjectStoreHandler (ObjectStoreHandler.java:close(155)) - Closing ObjectStoreHandler.
2019-07-15 13:27:38,955 INFO  handler.ContextHandler (ContextHandler.java:doStop(910)) - Stopped o.e.j.w.WebAppContext@37e0292a{/,null,UNAVAILABLE}{/hddsDatanode}
2019-07-15 13:27:38,955 INFO  ozone.HddsDatanodeService (HddsDatanodeService.java:stop(452)) - Stopped plug-in org.apache.hadoop.ozone.web.OzoneHddsDatanodeService@16f15ae9
2019-07-15 13:27:38,955 INFO  server.AbstractConnector (AbstractConnector.java:doStop(318)) - Stopped ServerConnector@4af70944{HTTP/1.1,[http/1.1]}{0.0.0.0:0}
2019-07-15 13:27:38,957 INFO  handler.ContextHandler (ContextHandler.java:doStop(910)) - Stopped o.e.j.s.ServletContextHandler@7915bca3{/static,jar:file:/home/user/.m2/repository/org/apache/hadoop/hadoop-hdds-container-service/0.5.0-SNAPSHOT/hadoop-hdds-container-service-0.5.0-SNAPSHOT.jar!/webapps/static,UNAVAILABLE}
2019-07-15 13:27:38,958 INFO  handler.ContextHandler (ContextHandler.java:doStop(910)) - Stopped o.e.j.s.ServletContextHandler@36cc9385{/logs,file:///workdir/hadoop-ozone/integration-test/target/log,UNAVAILABLE}
2019-07-15 13:27:39,479 INFO  statemachine.DatanodeStateMachine (DatanodeStateMachine.java:lambda$startDaemon$0(350)) - Ozone container server started.
2019-07-15 13:27:41,641 INFO  impl.FollowerState (FollowerState.java:run(106)) - 206de66f-4ae4-470e-83ff-8c47a5fcbe27:group-DC166049A843 changes to CANDIDATE, lastRpcTime:8105, electionTimeout:5171ms
2019-07-15 13:27:41,641 INFO  impl.RoleInfo (RoleInfo.java:shutdownFollowerState(121)) - 206de66f-4ae4-470e-83ff-8c47a5fcbe27: shutdown FollowerState
2019-07-15 13:27:41,641 INFO  impl.RaftServerImpl (RaftServerImpl.java:setRole(171)) - 206de66f-4ae4-470e-83ff-8c47a5fcbe27:group-DC166049A843 changes role from FOLLOWER to CANDIDATE at term 1 for changeToCandidate
2019-07-15 13:27:41,641 INFO  impl.RoleInfo (RoleInfo.java:updateAndGet(143)) - 206de66f-4ae4-470e-83ff-8c47a5fcbe27: start LeaderElection
2019-07-15 13:27:41,642 INFO  impl.RaftServerImpl (ServerState.java:setLeader(263)) - 206de66f-4ae4-470e-83ff-8c47a5fcbe27:group-DC166049A843 change Leader from e372fc8d-0466-4805-bcd9-18ddd93608a2 to null at term 1 for initElection
2019-07-15 13:27:41,657 INFO  impl.LeaderElection (LeaderElection.java:askForVotes(181)) - 206de66f-4ae4-470e-83ff-8c47a5fcbe27:group-DC166049A843:LeaderElection14: begin an election at term 2 for 0: [d4dde5ca-0464-4034-8921-3c14cd661a1e:192.168.157.240:39973, 206de66f-4ae4-470e-83ff-8c47a5fcbe27:192.168.157.240:45958, e372fc8d-0466-4805-bcd9-18ddd93608a2:192.168.157.240:35169], old=null
2019-07-15 13:27:41,665 INFO  impl.LeaderElection (LogUtils.java:infoOrTrace(149)) - 206de66f-4ae4-470e-83ff-8c47a5fcbe27:group-DC166049A843:LeaderElection14 got exception when requesting votes: {}
java.util.concurrent.ExecutionException: org.apache.ratis.thirdparty.io.grpc.StatusRuntimeException: UNAVAILABLE: io exception
	at java.util.concurrent.FutureTask.report(FutureTask.java:122)
	at java.util.concurrent.FutureTask.get(FutureTask.java:192)
	at org.apache.ratis.server.impl.LeaderElection.waitForResults(LeaderElection.java:262)
	at org.apache.ratis.server.impl.LeaderElection.askForVotes(LeaderElection.java:200)
	at org.apache.ratis.server.impl.LeaderElection.run(LeaderElection.java:130)
	at java.lang.Thread.run(Thread.java:748)
Caused by: org.apache.ratis.thirdparty.io.grpc.StatusRuntimeException: UNAVAILABLE: io exception
	at org.apache.ratis.thirdparty.io.grpc.stub.ClientCalls.toStatusRuntimeException(ClientCalls.java:233)
	at org.apache.ratis.thirdparty.io.grpc.stub.ClientCalls.getUnchecked(ClientCalls.java:214)
	at org.apache.ratis.thirdparty.io.grpc.stub.ClientCalls.blockingUnaryCall(ClientCalls.java:139)
	at org.apache.ratis.proto.grpc.RaftServerProtocolServiceGrpc$RaftServerProtocolServiceBlockingStub.requestVote(RaftServerProtocolServiceGrpc.java:265)
	at org.apache.ratis.grpc.server.GrpcServerProtocolClient.requestVote(GrpcServerProtocolClient.java:83)
	at org.apache.ratis.grpc.server.GrpcService.requestVote(GrpcService.java:195)
	at org.apache.ratis.server.impl.LeaderElection.lambda$submitRequests$1(LeaderElection.java:237)
	at java.util.concurrent.FutureTask.run(FutureTask.java:266)
	at java.util.concurrent.Executors$RunnableAdapter.call(Executors.java:511)
	at java.util.concurrent.FutureTask.run(FutureTask.java:266)
	at java.util.concurrent.ThreadPoolExecutor.runWorker(ThreadPoolExecutor.java:1149)
	at java.util.concurrent.ThreadPoolExecutor$Worker.run(ThreadPoolExecutor.java:624)
	... 1 more
Caused by: org.apache.ratis.thirdparty.io.netty.channel.AbstractChannel$AnnotatedConnectException: Connection refused: /192.168.157.240:35169
	at sun.nio.ch.SocketChannelImpl.checkConnect(Native Method)
	at sun.nio.ch.SocketChannelImpl.finishConnect(SocketChannelImpl.java:717)
	at org.apache.ratis.thirdparty.io.netty.channel.socket.nio.NioSocketChannel.doFinishConnect(NioSocketChannel.java:327)
	at org.apache.ratis.thirdparty.io.netty.channel.nio.AbstractNioChannel$AbstractNioUnsafe.finishConnect(AbstractNioChannel.java:340)
	at org.apache.ratis.thirdparty.io.netty.channel.nio.NioEventLoop.processSelectedKey(NioEventLoop.java:632)
	at org.apache.ratis.thirdparty.io.netty.channel.nio.NioEventLoop.processSelectedKeysOptimized(NioEventLoop.java:579)
	at org.apache.ratis.thirdparty.io.netty.channel.nio.NioEventLoop.processSelectedKeys(NioEventLoop.java:496)
	at org.apache.ratis.thirdparty.io.netty.channel.nio.NioEventLoop.run(NioEventLoop.java:458)
	at org.apache.ratis.thirdparty.io.netty.util.concurrent.SingleThreadEventExecutor$5.run(SingleThreadEventExecutor.java:897)
	at org.apache.ratis.thirdparty.io.netty.util.concurrent.FastThreadLocalRunnable.run(FastThreadLocalRunnable.java:30)
	... 1 more
Caused by: java.net.ConnectException: Connection refused
	... 11 more
2019-07-15 13:27:41,669 INFO  impl.LeaderElection (LogUtils.java:infoOrTrace(149)) - 206de66f-4ae4-470e-83ff-8c47a5fcbe27:group-DC166049A843:LeaderElection14 got exception when requesting votes: {}
java.util.concurrent.ExecutionException: org.apache.ratis.thirdparty.io.grpc.StatusRuntimeException: UNAVAILABLE: io exception
	at java.util.concurrent.FutureTask.report(FutureTask.java:122)
	at java.util.concurrent.FutureTask.get(FutureTask.java:192)
	at org.apache.ratis.server.impl.LeaderElection.waitForResults(LeaderElection.java:262)
	at org.apache.ratis.server.impl.LeaderElection.askForVotes(LeaderElection.java:200)
	at org.apache.ratis.server.impl.LeaderElection.run(LeaderElection.java:130)
	at java.lang.Thread.run(Thread.java:748)
Caused by: org.apache.ratis.thirdparty.io.grpc.StatusRuntimeException: UNAVAILABLE: io exception
	at org.apache.ratis.thirdparty.io.grpc.stub.ClientCalls.toStatusRuntimeException(ClientCalls.java:233)
	at org.apache.ratis.thirdparty.io.grpc.stub.ClientCalls.getUnchecked(ClientCalls.java:214)
	at org.apache.ratis.thirdparty.io.grpc.stub.ClientCalls.blockingUnaryCall(ClientCalls.java:139)
	at org.apache.ratis.proto.grpc.RaftServerProtocolServiceGrpc$RaftServerProtocolServiceBlockingStub.requestVote(RaftServerProtocolServiceGrpc.java:265)
	at org.apache.ratis.grpc.server.GrpcServerProtocolClient.requestVote(GrpcServerProtocolClient.java:83)
	at org.apache.ratis.grpc.server.GrpcService.requestVote(GrpcService.java:195)
	at org.apache.ratis.server.impl.LeaderElection.lambda$submitRequests$1(LeaderElection.java:237)
	at java.util.concurrent.FutureTask.run(FutureTask.java:266)
	at java.util.concurrent.Executors$RunnableAdapter.call(Executors.java:511)
	at java.util.concurrent.FutureTask.run(FutureTask.java:266)
	at java.util.concurrent.ThreadPoolExecutor.runWorker(ThreadPoolExecutor.java:1149)
	at java.util.concurrent.ThreadPoolExecutor$Worker.run(ThreadPoolExecutor.java:624)
	... 1 more
Caused by: org.apache.ratis.thirdparty.io.netty.channel.AbstractChannel$AnnotatedConnectException: Connection refused: /192.168.157.240:39973
	at sun.nio.ch.SocketChannelImpl.checkConnect(Native Method)
	at sun.nio.ch.SocketChannelImpl.finishConnect(SocketChannelImpl.java:717)
	at org.apache.ratis.thirdparty.io.netty.channel.socket.nio.NioSocketChannel.doFinishConnect(NioSocketChannel.java:327)
	at org.apache.ratis.thirdparty.io.netty.channel.nio.AbstractNioChannel$AbstractNioUnsafe.finishConnect(AbstractNioChannel.java:340)
	at org.apache.ratis.thirdparty.io.netty.channel.nio.NioEventLoop.processSelectedKey(NioEventLoop.java:632)
	at org.apache.ratis.thirdparty.io.netty.channel.nio.NioEventLoop.processSelectedKeysOptimized(NioEventLoop.java:579)
	at org.apache.ratis.thirdparty.io.netty.channel.nio.NioEventLoop.processSelectedKeys(NioEventLoop.java:496)
	at org.apache.ratis.thirdparty.io.netty.channel.nio.NioEventLoop.run(NioEventLoop.java:458)
	at org.apache.ratis.thirdparty.io.netty.util.concurrent.SingleThreadEventExecutor$5.run(SingleThreadEventExecutor.java:897)
	at org.apache.ratis.thirdparty.io.netty.util.concurrent.FastThreadLocalRunnable.run(FastThreadLocalRunnable.java:30)
	... 1 more
Caused by: java.net.ConnectException: Connection refused
	... 11 more
2019-07-15 13:27:41,671 INFO  impl.LeaderElection (LeaderElection.java:logAndReturn(56)) - 206de66f-4ae4-470e-83ff-8c47a5fcbe27:group-DC166049A843:LeaderElection14: Election REJECTED; received 0 response(s) [] and 2 exception(s); 206de66f-4ae4-470e-83ff-8c47a5fcbe27:t2, leader=null, voted=206de66f-4ae4-470e-83ff-8c47a5fcbe27, raftlog=206de66f-4ae4-470e-83ff-8c47a5fcbe27-SegmentedRaftLog:OPENED:c4,f4,i4, conf=0: [d4dde5ca-0464-4034-8921-3c14cd661a1e:192.168.157.240:39973, 206de66f-4ae4-470e-83ff-8c47a5fcbe27:192.168.157.240:45958, e372fc8d-0466-4805-bcd9-18ddd93608a2:192.168.157.240:35169], old=null
2019-07-15 13:27:41,672 INFO  impl.LeaderElection (LogUtils.java:infoOrTrace(149)) -   Exception 0: {}
java.util.concurrent.ExecutionException: org.apache.ratis.thirdparty.io.grpc.StatusRuntimeException: UNAVAILABLE: io exception
	at java.util.concurrent.FutureTask.report(FutureTask.java:122)
	at java.util.concurrent.FutureTask.get(FutureTask.java:192)
	at org.apache.ratis.server.impl.LeaderElection.waitForResults(LeaderElection.java:262)
	at org.apache.ratis.server.impl.LeaderElection.askForVotes(LeaderElection.java:200)
	at org.apache.ratis.server.impl.LeaderElection.run(LeaderElection.java:130)
	at java.lang.Thread.run(Thread.java:748)
Caused by: org.apache.ratis.thirdparty.io.grpc.StatusRuntimeException: UNAVAILABLE: io exception
	at org.apache.ratis.thirdparty.io.grpc.stub.ClientCalls.toStatusRuntimeException(ClientCalls.java:233)
	at org.apache.ratis.thirdparty.io.grpc.stub.ClientCalls.getUnchecked(ClientCalls.java:214)
	at org.apache.ratis.thirdparty.io.grpc.stub.ClientCalls.blockingUnaryCall(ClientCalls.java:139)
	at org.apache.ratis.proto.grpc.RaftServerProtocolServiceGrpc$RaftServerProtocolServiceBlockingStub.requestVote(RaftServerProtocolServiceGrpc.java:265)
	at org.apache.ratis.grpc.server.GrpcServerProtocolClient.requestVote(GrpcServerProtocolClient.java:83)
	at org.apache.ratis.grpc.server.GrpcService.requestVote(GrpcService.java:195)
	at org.apache.ratis.server.impl.LeaderElection.lambda$submitRequests$1(LeaderElection.java:237)
	at java.util.concurrent.FutureTask.run(FutureTask.java:266)
	at java.util.concurrent.Executors$RunnableAdapter.call(Executors.java:511)
	at java.util.concurrent.FutureTask.run(FutureTask.java:266)
	at java.util.concurrent.ThreadPoolExecutor.runWorker(ThreadPoolExecutor.java:1149)
	at java.util.concurrent.ThreadPoolExecutor$Worker.run(ThreadPoolExecutor.java:624)
	... 1 more
Caused by: org.apache.ratis.thirdparty.io.netty.channel.AbstractChannel$AnnotatedConnectException: Connection refused: /192.168.157.240:35169
	at sun.nio.ch.SocketChannelImpl.checkConnect(Native Method)
	at sun.nio.ch.SocketChannelImpl.finishConnect(SocketChannelImpl.java:717)
	at org.apache.ratis.thirdparty.io.netty.channel.socket.nio.NioSocketChannel.doFinishConnect(NioSocketChannel.java:327)
	at org.apache.ratis.thirdparty.io.netty.channel.nio.AbstractNioChannel$AbstractNioUnsafe.finishConnect(AbstractNioChannel.java:340)
	at org.apache.ratis.thirdparty.io.netty.channel.nio.NioEventLoop.processSelectedKey(NioEventLoop.java:632)
	at org.apache.ratis.thirdparty.io.netty.channel.nio.NioEventLoop.processSelectedKeysOptimized(NioEventLoop.java:579)
	at org.apache.ratis.thirdparty.io.netty.channel.nio.NioEventLoop.processSelectedKeys(NioEventLoop.java:496)
	at org.apache.ratis.thirdparty.io.netty.channel.nio.NioEventLoop.run(NioEventLoop.java:458)
	at org.apache.ratis.thirdparty.io.netty.util.concurrent.SingleThreadEventExecutor$5.run(SingleThreadEventExecutor.java:897)
	at org.apache.ratis.thirdparty.io.netty.util.concurrent.FastThreadLocalRunnable.run(FastThreadLocalRunnable.java:30)
	... 1 more
Caused by: java.net.ConnectException: Connection refused
	... 11 more
2019-07-15 13:27:41,672 INFO  impl.LeaderElection (LogUtils.java:infoOrTrace(149)) -   Exception 1: {}
java.util.concurrent.ExecutionException: org.apache.ratis.thirdparty.io.grpc.StatusRuntimeException: UNAVAILABLE: io exception
	at java.util.concurrent.FutureTask.report(FutureTask.java:122)
	at java.util.concurrent.FutureTask.get(FutureTask.java:192)
	at org.apache.ratis.server.impl.LeaderElection.waitForResults(LeaderElection.java:262)
	at org.apache.ratis.server.impl.LeaderElection.askForVotes(LeaderElection.java:200)
	at org.apache.ratis.server.impl.LeaderElection.run(LeaderElection.java:130)
	at java.lang.Thread.run(Thread.java:748)
Caused by: org.apache.ratis.thirdparty.io.grpc.StatusRuntimeException: UNAVAILABLE: io exception
	at org.apache.ratis.thirdparty.io.grpc.stub.ClientCalls.toStatusRuntimeException(ClientCalls.java:233)
	at org.apache.ratis.thirdparty.io.grpc.stub.ClientCalls.getUnchecked(ClientCalls.java:214)
	at org.apache.ratis.thirdparty.io.grpc.stub.ClientCalls.blockingUnaryCall(ClientCalls.java:139)
	at org.apache.ratis.proto.grpc.RaftServerProtocolServiceGrpc$RaftServerProtocolServiceBlockingStub.requestVote(RaftServerProtocolServiceGrpc.java:265)
	at org.apache.ratis.grpc.server.GrpcServerProtocolClient.requestVote(GrpcServerProtocolClient.java:83)
	at org.apache.ratis.grpc.server.GrpcService.requestVote(GrpcService.java:195)
	at org.apache.ratis.server.impl.LeaderElection.lambda$submitRequests$1(LeaderElection.java:237)
	at java.util.concurrent.FutureTask.run(FutureTask.java:266)
	at java.util.concurrent.Executors$RunnableAdapter.call(Executors.java:511)
	at java.util.concurrent.FutureTask.run(FutureTask.java:266)
	at java.util.concurrent.ThreadPoolExecutor.runWorker(ThreadPoolExecutor.java:1149)
	at java.util.concurrent.ThreadPoolExecutor$Worker.run(ThreadPoolExecutor.java:624)
	... 1 more
Caused by: org.apache.ratis.thirdparty.io.netty.channel.AbstractChannel$AnnotatedConnectException: Connection refused: /192.168.157.240:39973
	at sun.nio.ch.SocketChannelImpl.checkConnect(Native Method)
	at sun.nio.ch.SocketChannelImpl.finishConnect(SocketChannelImpl.java:717)
	at org.apache.ratis.thirdparty.io.netty.channel.socket.nio.NioSocketChannel.doFinishConnect(NioSocketChannel.java:327)
	at org.apache.ratis.thirdparty.io.netty.channel.nio.AbstractNioChannel$AbstractNioUnsafe.finishConnect(AbstractNioChannel.java:340)
	at org.apache.ratis.thirdparty.io.netty.channel.nio.NioEventLoop.processSelectedKey(NioEventLoop.java:632)
	at org.apache.ratis.thirdparty.io.netty.channel.nio.NioEventLoop.processSelectedKeysOptimized(NioEventLoop.java:579)
	at org.apache.ratis.thirdparty.io.netty.channel.nio.NioEventLoop.processSelectedKeys(NioEventLoop.java:496)
	at org.apache.ratis.thirdparty.io.netty.channel.nio.NioEventLoop.run(NioEventLoop.java:458)
	at org.apache.ratis.thirdparty.io.netty.util.concurrent.SingleThreadEventExecutor$5.run(SingleThreadEventExecutor.java:897)
	at org.apache.ratis.thirdparty.io.netty.util.concurrent.FastThreadLocalRunnable.run(FastThreadLocalRunnable.java:30)
	... 1 more
Caused by: java.net.ConnectException: Connection refused
	... 11 more
2019-07-15 13:27:41,673 INFO  impl.RaftServerImpl (RaftServerImpl.java:setRole(171)) - 206de66f-4ae4-470e-83ff-8c47a5fcbe27:group-DC166049A843 changes role from CANDIDATE to FOLLOWER at term 2 for DISCOVERED_A_NEW_TERM
2019-07-15 13:27:41,674 INFO  impl.RoleInfo (RoleInfo.java:shutdownLeaderElection(134)) - 206de66f-4ae4-470e-83ff-8c47a5fcbe27: shutdown LeaderElection
2019-07-15 13:27:41,674 INFO  impl.RoleInfo (RoleInfo.java:updateAndGet(143)) - 206de66f-4ae4-470e-83ff-8c47a5fcbe27: start FollowerState
2019-07-15 13:27:43,956 INFO  ozoneimpl.OzoneContainer (OzoneContainer.java:stop(199)) - Attempting to stop container services.
2019-07-15 13:27:43,957 INFO  impl.RaftServerProxy (RaftServerProxy.java:lambda$close$4(314)) - 206de66f-4ae4-470e-83ff-8c47a5fcbe27: close
2019-07-15 13:27:43,958 INFO  impl.RaftServerImpl (RaftServerImpl.java:lambda$shutdown$3(245)) - 206de66f-4ae4-470e-83ff-8c47a5fcbe27: shutdown group-DC166049A843
2019-07-15 13:27:43,958 INFO  util.JmxRegister (JmxRegister.java:unregister(73)) - Successfully un-registered JMX Bean with object name Ratis:service=RaftServer,group=group-DC166049A843,id=206de66f-4ae4-470e-83ff-8c47a5fcbe27
2019-07-15 13:27:43,959 INFO  impl.RoleInfo (RoleInfo.java:shutdownFollowerState(121)) - 206de66f-4ae4-470e-83ff-8c47a5fcbe27: shutdown FollowerState
2019-07-15 13:27:43,959 INFO  impl.StateMachineUpdater (StateMachineUpdater.java:stopAndJoin(115)) - StateMachineUpdater:206de66f-4ae4-470e-83ff-8c47a5fcbe27:group-DC166049A843: set stopIndex = 4
2019-07-15 13:27:43,959 INFO  ratis.ContainerStateMachine (ContainerStateMachine.java:takeSnapshot(249)) - group-DC166049A843: Taking a snapshot at:(t:1, i:3) file /workdir/hadoop-ozone/integration-test/target/test-dir/MiniOzoneClusterImpl-db8233b4-32fe-42d4-b03b-a856ad868dc3/datanode-5/data/ratis/21b3be06-1d1f-4e69-b2c7-dc166049a843/sm/snapshot.1_3
2019-07-15 13:27:43,959 INFO  impl.FollowerState (FollowerState.java:run(114)) - 206de66f-4ae4-470e-83ff-8c47a5fcbe27: FollowerState was interrupted: java.lang.InterruptedException: sleep interrupted
2019-07-15 13:27:43,962 INFO  ratis.ContainerStateMachine (ContainerStateMachine.java:takeSnapshot(257)) - group-DC166049A843: Finished taking a snapshot at:(t:1, i:3) file:/workdir/hadoop-ozone/integration-test/target/test-dir/MiniOzoneClusterImpl-db8233b4-32fe-42d4-b03b-a856ad868dc3/datanode-5/data/ratis/21b3be06-1d1f-4e69-b2c7-dc166049a843/sm/snapshot.1_3 time:3
2019-07-15 13:27:43,962 INFO  impl.StateMachineUpdater (StateMachineUpdater.java:takeSnapshot(242)) - StateMachineUpdater:206de66f-4ae4-470e-83ff-8c47a5fcbe27:group-DC166049A843: Took a snapshot at index 3
2019-07-15 13:27:43,963 INFO  impl.StateMachineUpdater (StateMachineUpdater.java:lambda$new$0(80)) - StateMachineUpdater:206de66f-4ae4-470e-83ff-8c47a5fcbe27:group-DC166049A843: snapshotIndex: updateIncreasingly -1 -> 3
2019-07-15 13:27:43,963 INFO  impl.RaftServerImpl (ServerState.java:close(394)) - 206de66f-4ae4-470e-83ff-8c47a5fcbe27:group-DC166049A843 closes. The last applied log index is 4
2019-07-15 13:27:43,964 INFO  segmented.SegmentedRaftLogWorker (SegmentedRaftLogWorker.java:run(313)) - 206de66f-4ae4-470e-83ff-8c47a5fcbe27-SegmentedRaftLogWorker:Storage Directory /workdir/hadoop-ozone/integration-test/target/test-dir/MiniOzoneClusterImpl-db8233b4-32fe-42d4-b03b-a856ad868dc3/datanode-5/data/ratis/21b3be06-1d1f-4e69-b2c7-dc166049a843 was interrupted, exiting. There are 0 tasks remaining in the queue.
2019-07-15 13:27:43,964 INFO  segmented.SegmentedRaftLogWorker (SegmentedRaftLogWorker.java:close(228)) - 206de66f-4ae4-470e-83ff-8c47a5fcbe27-SegmentedRaftLogWorker:Storage Directory /workdir/hadoop-ozone/integration-test/target/test-dir/MiniOzoneClusterImpl-db8233b4-32fe-42d4-b03b-a856ad868dc3/datanode-5/data/ratis/21b3be06-1d1f-4e69-b2c7-dc166049a843 close()
2019-07-15 13:27:43,966 INFO  impl.RaftServerImpl (RaftServerImpl.java:lambda$shutdown$3(245)) - 206de66f-4ae4-470e-83ff-8c47a5fcbe27: shutdown group-95E1B2065FE1
2019-07-15 13:27:43,966 INFO  util.JmxRegister (JmxRegister.java:unregister(73)) - Successfully un-registered JMX Bean with object name Ratis:service=RaftServer,group=group-95E1B2065FE1,id=206de66f-4ae4-470e-83ff-8c47a5fcbe27
2019-07-15 13:27:43,967 INFO  impl.RoleInfo (RoleInfo.java:shutdownLeaderState(104)) - 206de66f-4ae4-470e-83ff-8c47a5fcbe27: shutdown LeaderState
2019-07-15 13:27:43,967 INFO  impl.PendingRequests (PendingRequests.java:sendNotLeaderResponses(202)) - 206de66f-4ae4-470e-83ff-8c47a5fcbe27-PendingRequests: sendNotLeaderResponses
2019-07-15 13:27:43,968 INFO  impl.StateMachineUpdater (StateMachineUpdater.java:stopAndJoin(115)) - StateMachineUpdater:206de66f-4ae4-470e-83ff-8c47a5fcbe27:group-95E1B2065FE1: set stopIndex = 0
2019-07-15 13:27:43,968 INFO  impl.RaftServerImpl (ServerState.java:close(394)) - 206de66f-4ae4-470e-83ff-8c47a5fcbe27:group-95E1B2065FE1 closes. The last applied log index is 0
2019-07-15 13:27:43,969 INFO  segmented.SegmentedRaftLogWorker (SegmentedRaftLogWorker.java:run(313)) - 206de66f-4ae4-470e-83ff-8c47a5fcbe27-SegmentedRaftLogWorker:Storage Directory /workdir/hadoop-ozone/integration-test/target/test-dir/MiniOzoneClusterImpl-db8233b4-32fe-42d4-b03b-a856ad868dc3/datanode-5/data/ratis/339a519b-c3f5-4ab0-9668-95e1b2065fe1 was interrupted, exiting. There are 0 tasks remaining in the queue.
2019-07-15 13:27:43,969 INFO  segmented.SegmentedRaftLogWorker (SegmentedRaftLogWorker.java:close(228)) - 206de66f-4ae4-470e-83ff-8c47a5fcbe27-SegmentedRaftLogWorker:Storage Directory /workdir/hadoop-ozone/integration-test/target/test-dir/MiniOzoneClusterImpl-db8233b4-32fe-42d4-b03b-a856ad868dc3/datanode-5/data/ratis/339a519b-c3f5-4ab0-9668-95e1b2065fe1 close()
2019-07-15 13:27:43,971 INFO  server.GrpcService (GrpcService.java:closeImpl(155)) - 206de66f-4ae4-470e-83ff-8c47a5fcbe27: shutdown server with port 45958 now
2019-07-15 13:27:43,973 INFO  server.GrpcService (GrpcService.java:closeImpl(163)) - 206de66f-4ae4-470e-83ff-8c47a5fcbe27: shutdown server with port 45958 successfully
2019-07-15 13:27:43,979 INFO  utils.BackgroundService (BackgroundService.java:shutdown(148)) - Shutting down service BlockDeletingService
2019-07-15 13:27:43,982 WARN  fs.CachingGetSpaceUsed (CachingGetSpaceUsed.java:run(183)) - Thread Interrupted waiting to refresh disk information: sleep interrupted
2019-07-15 13:27:43,998 INFO  statemachine.DatanodeStateMachine (DatanodeStateMachine.java:stopDaemon(395)) - Ozone container server stopped.
2019-07-15 13:27:44,010 INFO  handler.ContextHandler (ContextHandler.java:doStop(910)) - Stopped o.e.j.w.WebAppContext@561f9d92{/,null,UNAVAILABLE}{/hddsDatanode}
2019-07-15 13:27:44,011 INFO  server.AbstractConnector (AbstractConnector.java:doStop(318)) - Stopped ServerConnector@1c84d80a{HTTP/1.1,[http/1.1]}{0.0.0.0:0}
2019-07-15 13:27:44,012 INFO  handler.ContextHandler (ContextHandler.java:doStop(910)) - Stopped o.e.j.s.ServletContextHandler@2d4a3e13{/static,jar:file:/home/user/.m2/repository/org/apache/hadoop/hadoop-hdds-container-service/0.5.0-SNAPSHOT/hadoop-hdds-container-service-0.5.0-SNAPSHOT.jar!/webapps/static,UNAVAILABLE}
2019-07-15 13:27:44,013 INFO  handler.ContextHandler (ContextHandler.java:doStop(910)) - Stopped o.e.j.s.ServletContextHandler@6885ed19{/logs,file:///workdir/hadoop-ozone/integration-test/target/log,UNAVAILABLE}
2019-07-15 13:27:44,014 INFO  ozone.MiniOzoneClusterImpl (MiniOzoneClusterImpl.java:stop(353)) - Stopping the StorageContainerManager
2019-07-15 13:27:44,015 INFO  server.StorageContainerManager (StorageContainerManager.java:stop(796)) - Stopping Replication Manager Service.
2019-07-15 13:27:44,015 INFO  container.ReplicationManager (ReplicationManager.java:stop(187)) - Stopping Replication Monitor Thread.
2019-07-15 13:27:44,015 INFO  server.StorageContainerManager (StorageContainerManager.java:stop(803)) - Stopping Lease Manager of the command watchers
2019-07-15 13:27:44,015 INFO  server.StorageContainerManager (StorageContainerManager.java:stop(810)) - Stopping datanode service RPC server
2019-07-15 13:27:44,016 INFO  server.SCMDatanodeProtocolServer (SCMDatanodeProtocolServer.java:stop(375)) - Stopping the RPC server for DataNodes
2019-07-15 13:27:44,016 INFO  ipc.Server (Server.java:stop(3082)) - Stopping server on 38497
2019-07-15 13:27:44,019 INFO  ipc.Server (Server.java:run(1319)) - Stopping IPC Server Responder
2019-07-15 13:27:44,019 INFO  ipc.Server (Server.java:run(1185)) - Stopping IPC Server listener on 38497
2019-07-15 13:27:44,097 WARN  node.NodeStateManager (NodeStateManager.java:scheduleNextHealthCheck(631)) - Current Thread is interrupted, shutting down HB processing thread for Node Manager.
2019-07-15 13:27:44,097 INFO  server.StorageContainerManager (StorageContainerManager.java:stop(818)) - Stopping block service RPC server
2019-07-15 13:27:44,097 INFO  server.SCMBlockProtocolServer (SCMBlockProtocolServer.java:stop(148)) - Stopping the RPC server for Block Protocol
2019-07-15 13:27:44,097 INFO  ipc.Server (Server.java:stop(3082)) - Stopping server on 42942
2019-07-15 13:27:44,100 INFO  server.StorageContainerManager (StorageContainerManager.java:stop(825)) - Stopping the StorageContainerLocationProtocol RPC server
2019-07-15 13:27:44,100 INFO  server.SCMClientProtocolServer (SCMClientProtocolServer.java:stop(157)) - Stopping the RPC server for Client Protocol
2019-07-15 13:27:44,100 INFO  ipc.Server (Server.java:run(1319)) - Stopping IPC Server Responder
2019-07-15 13:27:44,100 INFO  ipc.Server (Server.java:run(1185)) - Stopping IPC Server listener on 42942
2019-07-15 13:27:44,100 INFO  ipc.Server (Server.java:stop(3082)) - Stopping server on 42407
2019-07-15 13:27:44,102 INFO  ipc.Server (Server.java:run(1185)) - Stopping IPC Server listener on 42407
2019-07-15 13:27:44,102 INFO  server.StorageContainerManager (StorageContainerManager.java:stop(832)) - Stopping Storage Container Manager HTTP server.
2019-07-15 13:27:44,103 INFO  handler.ContextHandler (ContextHandler.java:doStop(910)) - Stopped o.e.j.w.WebAppContext@6fff253c{/,null,UNAVAILABLE}{/scm}
2019-07-15 13:27:44,105 INFO  ipc.Server (Server.java:run(1319)) - Stopping IPC Server Responder
2019-07-15 13:27:44,105 INFO  server.AbstractConnector (AbstractConnector.java:doStop(318)) - Stopped ServerConnector@7c041b41{HTTP/1.1,[http/1.1]}{0.0.0.0:0}
2019-07-15 13:27:44,106 INFO  handler.ContextHandler (ContextHandler.java:doStop(910)) - Stopped o.e.j.s.ServletContextHandler@4dd02341{/static,file:///workdir/hadoop-ozone/integration-test/target/test-classes/webapps/static,UNAVAILABLE}
2019-07-15 13:27:44,106 INFO  handler.ContextHandler (ContextHandler.java:doStop(910)) - Stopped o.e.j.s.ServletContextHandler@635572a7{/logs,file:///workdir/hadoop-ozone/integration-test/target/log,UNAVAILABLE}
2019-07-15 13:27:44,108 INFO  server.StorageContainerManager (StorageContainerManager.java:stop(843)) - Stopping Block Manager Service.
2019-07-15 13:27:44,108 INFO  utils.BackgroundService (BackgroundService.java:shutdown(148)) - Shutting down service SCMBlockDeletingService
2019-07-15 13:27:44,110 INFO  utils.BackgroundService (BackgroundService.java:shutdown(148)) - Shutting down service SCMBlockDeletingService
2019-07-15 13:27:44,110 INFO  server.StorageContainerManager (StorageContainerManager.java:stop(865)) - Stopping SCM Event Queue.
2019-07-15 13:27:44,118 INFO  impl.MetricsSystemImpl (MetricsSystemImpl.java:stop(210)) - Stopping HddsDatanode metrics system...
2019-07-15 13:27:44,127 INFO  impl.MetricsSystemImpl (MetricsSystemImpl.java:stop(216)) - HddsDatanode metrics system stopped.
]]></system-out>
    <system-err><![CDATA[ERROR StatusLogger No Log4j 2 configuration file found. Using default configuration (logging only errors to the console), or user programmatically provided configurations. Set system property 'log4j2.debug' to show Log4j 2 internal initialization logging. See https://logging.apache.org/log4j/2.x/manual/configuration.html for instructions on how to configure Log4j 2
Jul 15, 2019 1:27:03 PM com.sun.jersey.server.impl.application.WebApplicationImpl _initiate
INFO: Initiating Jersey application, version 'Jersey: 1.19 02/11/2015 03:25 AM'
Jul 15, 2019 1:27:04 PM com.sun.jersey.server.impl.application.WebApplicationImpl _initiate
INFO: Initiating Jersey application, version 'Jersey: 1.19 02/11/2015 03:25 AM'
Jul 15, 2019 1:27:04 PM com.sun.jersey.server.impl.application.WebApplicationImpl _initiate
INFO: Initiating Jersey application, version 'Jersey: 1.19 02/11/2015 03:25 AM'
Jul 15, 2019 1:27:04 PM com.sun.jersey.server.impl.application.WebApplicationImpl _initiate
INFO: Initiating Jersey application, version 'Jersey: 1.19 02/11/2015 03:25 AM'
Jul 15, 2019 1:27:04 PM com.sun.jersey.server.impl.application.WebApplicationImpl _initiate
INFO: Initiating Jersey application, version 'Jersey: 1.19 02/11/2015 03:25 AM'
Jul 15, 2019 1:27:05 PM com.sun.jersey.server.impl.application.WebApplicationImpl _initiate
INFO: Initiating Jersey application, version 'Jersey: 1.19 02/11/2015 03:25 AM'
Jul 15, 2019 1:27:05 PM com.sun.jersey.server.impl.application.WebApplicationImpl _initiate
INFO: Initiating Jersey application, version 'Jersey: 1.19 02/11/2015 03:25 AM'
]]></system-err>
  </testcase>
  <testcase name="testMaxRetriesByOzoneClient" classname="org.apache.hadoop.ozone.client.rpc.TestOzoneClientRetriesOnException" time="45.452"/>
</testsuite>