<?xml version="1.0" encoding="UTF-8"?>
<testsuite xmlns:xsi="http://www.w3.org/2001/XMLSchema-instance" xsi:noNamespaceSchemaLocation="https://maven.apache.org/surefire/maven-surefire-plugin/xsd/surefire-test-report.xsd" name="org.apache.hadoop.ozone.client.rpc.TestContainerReplicationEndToEnd" time="26.396" tests="1" errors="1" skipped="0" failures="0">
  <properties>
    <property name="awt.toolkit" value="sun.awt.X11.XToolkit"/>
    <property name="file.encoding.pkg" value="sun.io"/>
    <property name="java.specification.version" value="1.8"/>
    <property name="sun.cpu.isalist" value=""/>
    <property name="sun.jnu.encoding" value="UTF-8"/>
    <property name="java.class.path" value="/workdir/hadoop-ozone/integration-test/target/test-classes:/workdir/hadoop-ozone/integration-test/target/classes:/home/user/.m2/repository/org/apache/hadoop/hadoop-ozone-common/0.5.0-SNAPSHOT/hadoop-ozone-common-0.5.0-SNAPSHOT.jar:/home/user/.m2/repository/org/apache/commons/commons-compress/1.4.1/commons-compress-1.4.1.jar:/home/user/.m2/repository/org/tukaani/xz/1.0/xz-1.0.jar:/home/user/.m2/repository/org/apache/hadoop/hadoop-common/3.2.0/hadoop-common-3.2.0.jar:/home/user/.m2/repository/org/apache/hadoop/hadoop-hdfs/3.2.0/hadoop-hdfs-3.2.0.jar:/home/user/.m2/repository/org/apache/hadoop/hadoop-hdfs-client/3.2.0/hadoop-hdfs-client-3.2.0.jar:/home/user/.m2/repository/com/fasterxml/jackson/core/jackson-annotations/2.9.5/jackson-annotations-2.9.5.jar:/home/user/.m2/repository/org/apache/hadoop/hadoop-hdds-common/0.5.0-SNAPSHOT/hadoop-hdds-common-0.5.0-SNAPSHOT.jar:/home/user/.m2/repository/javax/annotation/javax.annotation-api/1.2/javax.annotation-api-1.2.jar:/home/user/.m2/repository/org/apache/ratis/ratis-server/0.4.0-78e95b9-SNAPSHOT/ratis-server-0.4.0-78e95b9-SNAPSHOT.jar:/home/user/.m2/repository/org/apache/ratis/ratis-thirdparty-misc/0.2.0/ratis-thirdparty-misc-0.2.0.jar:/home/user/.m2/repository/org/apache/ratis/ratis-proto/0.4.0-78e95b9-SNAPSHOT/ratis-proto-0.4.0-78e95b9-SNAPSHOT.jar:/home/user/.m2/repository/org/apache/ratis/ratis-common/0.4.0-78e95b9-SNAPSHOT/ratis-common-0.4.0-78e95b9-SNAPSHOT.jar:/home/user/.m2/repository/org/apache/ratis/ratis-client/0.4.0-78e95b9-SNAPSHOT/ratis-client-0.4.0-78e95b9-SNAPSHOT.jar:/home/user/.m2/repository/org/apache/ratis/ratis-metrics/0.4.0-78e95b9-SNAPSHOT/ratis-metrics-0.4.0-78e95b9-SNAPSHOT.jar:/home/user/.m2/repository/com/github/joshelser/dropwizard-metrics-hadoop-metrics2-reporter/0.1.2/dropwizard-metrics-hadoop-metrics2-reporter-0.1.2.jar:/home/user/.m2/repository/io/dropwizard/metrics/metrics-jvm/3.2.5/metrics-jvm-3.2.5.jar:/home/user/.m2/repository/io/dropwizard/metrics/metrics-ganglia/3.2.5/metrics-ganglia-3.2.5.jar:/home/user/.m2/repository/info/ganglia/gmetric4j/gmetric4j/1.0.7/gmetric4j-1.0.7.jar:/home/user/.m2/repository/org/apache/ratis/ratis-netty/0.4.0-78e95b9-SNAPSHOT/ratis-netty-0.4.0-78e95b9-SNAPSHOT.jar:/home/user/.m2/repository/org/apache/ratis/ratis-grpc/0.4.0-78e95b9-SNAPSHOT/ratis-grpc-0.4.0-78e95b9-SNAPSHOT.jar:/home/user/.m2/repository/org/rocksdb/rocksdbjni/6.0.1/rocksdbjni-6.0.1.jar:/home/user/.m2/repository/org/apache/logging/log4j/log4j-api/2.11.0/log4j-api-2.11.0.jar:/home/user/.m2/repository/org/apache/logging/log4j/log4j-core/2.11.0/log4j-core-2.11.0.jar:/home/user/.m2/repository/com/lmax/disruptor/3.4.2/disruptor-3.4.2.jar:/home/user/.m2/repository/org/apache/commons/commons-pool2/2.6.0/commons-pool2-2.6.0.jar:/home/user/.m2/repository/org/bouncycastle/bcpkix-jdk15on/1.60/bcpkix-jdk15on-1.60.jar:/home/user/.m2/repository/commons-validator/commons-validator/1.6/commons-validator-1.6.jar:/home/user/.m2/repository/commons-digester/commons-digester/1.8.1/commons-digester-1.8.1.jar:/home/user/.m2/repository/io/jaegertracing/jaeger-client/0.33.1/jaeger-client-0.33.1.jar:/home/user/.m2/repository/io/jaegertracing/jaeger-thrift/0.33.1/jaeger-thrift-0.33.1.jar:/home/user/.m2/repository/org/apache/thrift/libthrift/0.11.0/libthrift-0.11.0.jar:/home/user/.m2/repository/com/squareup/okhttp3/okhttp/3.9.0/okhttp-3.9.0.jar:/home/user/.m2/repository/com/squareup/okio/okio/1.13.0/okio-1.13.0.jar:/home/user/.m2/repository/io/jaegertracing/jaeger-core/0.33.1/jaeger-core-0.33.1.jar:/home/user/.m2/repository/io/jaegertracing/jaeger-tracerresolver/0.33.1/jaeger-tracerresolver-0.33.1.jar:/home/user/.m2/repository/io/opentracing/contrib/opentracing-tracerresolver/0.1.5/opentracing-tracerresolver-0.1.5.jar:/home/user/.m2/repository/io/opentracing/opentracing-util/0.31.0/opentracing-util-0.31.0.jar:/home/user/.m2/repository/io/opentracing/opentracing-api/0.31.0/opentracing-api-0.31.0.jar:/home/user/.m2/repository/io/opentracing/opentracing-noop/0.31.0/opentracing-noop-0.31.0.jar:/home/user/.m2/repository/org/apache/hadoop/hadoop-hdds-server-framework/0.5.0-SNAPSHOT/hadoop-hdds-server-framework-0.5.0-SNAPSHOT.jar:/home/user/.m2/repository/org/apache/hadoop/hadoop-hdds-container-service/0.5.0-SNAPSHOT/hadoop-hdds-container-service-0.5.0-SNAPSHOT.jar:/home/user/.m2/repository/org/apache/hadoop/hadoop-hdds-client/0.5.0-SNAPSHOT/hadoop-hdds-client-0.5.0-SNAPSHOT.jar:/home/user/.m2/repository/org/apache/hadoop/hadoop-hdds-tools/0.5.0-SNAPSHOT/hadoop-hdds-tools-0.5.0-SNAPSHOT.jar:/home/user/.m2/repository/org/apache/hadoop/hadoop-hdds-server-scm/0.5.0-SNAPSHOT/hadoop-hdds-server-scm-0.5.0-SNAPSHOT.jar:/home/user/.m2/repository/org/apache/hadoop/hadoop-hdds-docs/0.5.0-SNAPSHOT/hadoop-hdds-docs-0.5.0-SNAPSHOT.jar:/home/user/.m2/repository/io/dropwizard/metrics/metrics-core/3.2.4/metrics-core-3.2.4.jar:/home/user/.m2/repository/org/hamcrest/hamcrest-all/1.3/hamcrest-all-1.3.jar:/home/user/.m2/repository/org/bouncycastle/bcprov-jdk15on/1.60/bcprov-jdk15on-1.60.jar:/home/user/.m2/repository/info/picocli/picocli/3.9.6/picocli-3.9.6.jar:/home/user/.m2/repository/com/google/protobuf/protobuf-java/2.5.0/protobuf-java-2.5.0.jar:/home/user/.m2/repository/com/google/guava/guava/11.0.2/guava-11.0.2.jar:/home/user/.m2/repository/org/apache/hadoop/hadoop-ozone-ozone-manager/0.5.0-SNAPSHOT/hadoop-ozone-ozone-manager-0.5.0-SNAPSHOT.jar:/home/user/.m2/repository/org/apache/hadoop/hadoop-minikdc/3.2.0/hadoop-minikdc-3.2.0.jar:/home/user/.m2/repository/commons-io/commons-io/2.5/commons-io-2.5.jar:/home/user/.m2/repository/org/apache/kerby/kerb-simplekdc/1.0.1/kerb-simplekdc-1.0.1.jar:/home/user/.m2/repository/org/apache/kerby/kerb-client/1.0.1/kerb-client-1.0.1.jar:/home/user/.m2/repository/org/apache/kerby/kerby-config/1.0.1/kerby-config-1.0.1.jar:/home/user/.m2/repository/org/apache/kerby/kerb-core/1.0.1/kerb-core-1.0.1.jar:/home/user/.m2/repository/org/apache/kerby/kerby-pkix/1.0.1/kerby-pkix-1.0.1.jar:/home/user/.m2/repository/org/apache/kerby/kerby-asn1/1.0.1/kerby-asn1-1.0.1.jar:/home/user/.m2/repository/org/apache/kerby/kerby-util/1.0.1/kerby-util-1.0.1.jar:/home/user/.m2/repository/org/apache/kerby/kerb-common/1.0.1/kerb-common-1.0.1.jar:/home/user/.m2/repository/org/apache/kerby/kerb-crypto/1.0.1/kerb-crypto-1.0.1.jar:/home/user/.m2/repository/org/apache/kerby/kerb-util/1.0.1/kerb-util-1.0.1.jar:/home/user/.m2/repository/org/apache/kerby/token-provider/1.0.1/token-provider-1.0.1.jar:/home/user/.m2/repository/org/apache/kerby/kerb-admin/1.0.1/kerb-admin-1.0.1.jar:/home/user/.m2/repository/org/apache/kerby/kerb-server/1.0.1/kerb-server-1.0.1.jar:/home/user/.m2/repository/org/apache/kerby/kerb-identity/1.0.1/kerb-identity-1.0.1.jar:/home/user/.m2/repository/org/apache/kerby/kerby-xdr/1.0.1/kerby-xdr-1.0.1.jar:/home/user/.m2/repository/org/slf4j/slf4j-log4j12/1.7.25/slf4j-log4j12-1.7.25.jar:/home/user/.m2/repository/org/apache/hadoop/hadoop-ozone-s3gateway/0.5.0-SNAPSHOT/hadoop-ozone-s3gateway-0.5.0-SNAPSHOT.jar:/home/user/.m2/repository/org/jboss/weld/servlet/weld-servlet/2.4.7.Final/weld-servlet-2.4.7.Final.jar:/home/user/.m2/repository/org/glassfish/jersey/containers/jersey-container-servlet-core/2.27/jersey-container-servlet-core-2.27.jar:/home/user/.m2/repository/org/glassfish/hk2/external/javax.inject/2.5.0-b42/javax.inject-2.5.0-b42.jar:/home/user/.m2/repository/org/glassfish/jersey/core/jersey-common/2.27/jersey-common-2.27.jar:/home/user/.m2/repository/org/glassfish/hk2/osgi-resource-locator/1.0.1/osgi-resource-locator-1.0.1.jar:/home/user/.m2/repository/javax/ws/rs/javax.ws.rs-api/2.1/javax.ws.rs-api-2.1.jar:/home/user/.m2/repository/org/glassfish/jersey/ext/cdi/jersey-cdi1x/2.27/jersey-cdi1x-2.27.jar:/home/user/.m2/repository/org/glassfish/jersey/inject/jersey-hk2/2.27/jersey-hk2-2.27.jar:/home/user/.m2/repository/org/glassfish/hk2/hk2-locator/2.5.0-b42/hk2-locator-2.5.0-b42.jar:/home/user/.m2/repository/org/javassist/javassist/3.22.0-CR2/javassist-3.22.0-CR2.jar:/home/user/.m2/repository/org/glassfish/hk2/hk2-api/2.5.0/hk2-api-2.5.0.jar:/home/user/.m2/repository/org/glassfish/hk2/external/jakarta.inject/2.5.0/jakarta.inject-2.5.0.jar:/home/user/.m2/repository/org/glassfish/hk2/hk2-utils/2.5.0/hk2-utils-2.5.0.jar:/home/user/.m2/repository/jakarta/annotation/jakarta.annotation-api/1.3.4/jakarta.annotation-api-1.3.4.jar:/home/user/.m2/repository/org/glassfish/hk2/external/aopalliance-repackaged/2.5.0/aopalliance-repackaged-2.5.0.jar:/home/user/.m2/repository/com/fasterxml/jackson/dataformat/jackson-dataformat-xml/2.9.0/jackson-dataformat-xml-2.9.0.jar:/home/user/.m2/repository/com/fasterxml/jackson/core/jackson-core/2.9.5/jackson-core-2.9.5.jar:/home/user/.m2/repository/com/fasterxml/jackson/module/jackson-module-jaxb-annotations/2.9.5/jackson-module-jaxb-annotations-2.9.5.jar:/home/user/.m2/repository/javax/enterprise/cdi-api/1.2/cdi-api-1.2.jar:/home/user/.m2/repository/javax/el/javax.el-api/3.0.0/javax.el-api-3.0.0.jar:/home/user/.m2/repository/javax/interceptor/javax.interceptor-api/1.2/javax.interceptor-api-1.2.jar:/home/user/.m2/repository/javax/inject/javax.inject/1/javax.inject-1.jar:/home/user/.m2/repository/com/sun/xml/bind/jaxb-impl/2.3.0.1/jaxb-impl-2.3.0.1.jar:/home/user/.m2/repository/com/sun/xml/bind/jaxb-core/2.3.0.1/jaxb-core-2.3.0.1.jar:/home/user/.m2/repository/javax/xml/bind/jaxb-api/2.3.0/jaxb-api-2.3.0.jar:/home/user/.m2/repository/javax/activation/activation/1.1.1/activation-1.1.1.jar:/home/user/.m2/repository/org/apache/hadoop/hadoop-ozone-csi/0.5.0-SNAPSHOT/hadoop-ozone-csi-0.5.0-SNAPSHOT.jar:/home/user/.m2/repository/com/google/protobuf/protobuf-java-util/3.5.1/protobuf-java-util-3.5.1.jar:/home/user/.m2/repository/org/apache/hadoop/hadoop-hdds-config/0.5.0-SNAPSHOT/hadoop-hdds-config-0.5.0-SNAPSHOT.jar:/home/user/.m2/repository/io/grpc/grpc-netty/1.17.1/grpc-netty-1.17.1.jar:/home/user/.m2/repository/io/grpc/grpc-core/1.17.1/grpc-core-1.17.1.jar:/home/user/.m2/repository/io/grpc/grpc-context/1.17.1/grpc-context-1.17.1.jar:/home/user/.m2/repository/com/google/errorprone/error_prone_annotations/2.2.0/error_prone_annotations-2.2.0.jar:/home/user/.m2/repository/org/codehaus/mojo/animal-sniffer-annotations/1.17/animal-sniffer-annotations-1.17.jar:/home/user/.m2/repository/io/opencensus/opencensus-api/0.17.0/opencensus-api-0.17.0.jar:/home/user/.m2/repository/io/opencensus/opencensus-contrib-grpc-metrics/0.17.0/opencensus-contrib-grpc-metrics-0.17.0.jar:/home/user/.m2/repository/io/netty/netty-codec-http2/4.1.30.Final/netty-codec-http2-4.1.30.Final.jar:/home/user/.m2/repository/io/netty/netty-codec-http/4.1.30.Final/netty-codec-http-4.1.30.Final.jar:/home/user/.m2/repository/io/netty/netty-codec/4.1.30.Final/netty-codec-4.1.30.Final.jar:/home/user/.m2/repository/io/netty/netty-handler/4.1.30.Final/netty-handler-4.1.30.Final.jar:/home/user/.m2/repository/io/netty/netty-handler-proxy/4.1.30.Final/netty-handler-proxy-4.1.30.Final.jar:/home/user/.m2/repository/io/netty/netty-codec-socks/4.1.30.Final/netty-codec-socks-4.1.30.Final.jar:/home/user/.m2/repository/io/netty/netty-transport-native-epoll/4.1.30.Final/netty-transport-native-epoll-4.1.30.Final.jar:/home/user/.m2/repository/io/netty/netty-common/4.1.30.Final/netty-common-4.1.30.Final.jar:/home/user/.m2/repository/io/netty/netty-buffer/4.1.30.Final/netty-buffer-4.1.30.Final.jar:/home/user/.m2/repository/io/netty/netty-transport/4.1.30.Final/netty-transport-4.1.30.Final.jar:/home/user/.m2/repository/io/netty/netty-resolver/4.1.30.Final/netty-resolver-4.1.30.Final.jar:/home/user/.m2/repository/io/netty/netty-transport-native-unix-common/4.1.30.Final/netty-transport-native-unix-common-4.1.30.Final.jar:/home/user/.m2/repository/io/grpc/grpc-protobuf/1.17.1/grpc-protobuf-1.17.1.jar:/home/user/.m2/repository/com/google/api/grpc/proto-google-common-protos/1.0.0/proto-google-common-protos-1.0.0.jar:/home/user/.m2/repository/io/grpc/grpc-protobuf-lite/1.17.1/grpc-protobuf-lite-1.17.1.jar:/home/user/.m2/repository/io/grpc/grpc-stub/1.17.1/grpc-stub-1.17.1.jar:/home/user/.m2/repository/org/apache/hadoop/hadoop-ozone-recon/0.5.0-SNAPSHOT/hadoop-ozone-recon-0.5.0-SNAPSHOT.jar:/home/user/.m2/repository/org/apache/hadoop/hadoop-ozone-reconcodegen/0.5.0-SNAPSHOT/hadoop-ozone-reconcodegen-0.5.0-SNAPSHOT.jar:/home/user/.m2/repository/com/google/inject/extensions/guice-multibindings/4.0/guice-multibindings-4.0.jar:/home/user/.m2/repository/com/google/inject/guice/4.0/guice-4.0.jar:/home/user/.m2/repository/aopalliance/aopalliance/1.0/aopalliance-1.0.jar:/home/user/.m2/repository/com/google/inject/extensions/guice-servlet/4.0/guice-servlet-4.0.jar:/home/user/.m2/repository/org/glassfish/jersey/containers/jersey-container-servlet/2.27/jersey-container-servlet-2.27.jar:/home/user/.m2/repository/org/glassfish/hk2/guice-bridge/2.5.0/guice-bridge-2.5.0.jar:/home/user/.m2/repository/org/glassfish/jersey/core/jersey-server/2.27/jersey-server-2.27.jar:/home/user/.m2/repository/org/glassfish/jersey/core/jersey-client/2.27/jersey-client-2.27.jar:/home/user/.m2/repository/org/glassfish/jersey/media/jersey-media-jaxb/2.27/jersey-media-jaxb-2.27.jar:/home/user/.m2/repository/javax/validation/validation-api/1.1.0.Final/validation-api-1.1.0.Final.jar:/home/user/.m2/repository/org/glassfish/jersey/media/jersey-media-json-jackson/2.27/jersey-media-json-jackson-2.27.jar:/home/user/.m2/repository/org/glassfish/jersey/ext/jersey-entity-filtering/2.27/jersey-entity-filtering-2.27.jar:/home/user/.m2/repository/com/google/inject/extensions/guice-assistedinject/4.0/guice-assistedinject-4.0.jar:/home/user/.m2/repository/org/jooq/jooq/3.11.10/jooq-3.11.10.jar:/home/user/.m2/repository/org/jooq/jooq-meta/3.11.10/jooq-meta-3.11.10.jar:/home/user/.m2/repository/org/jooq/jooq-codegen/3.11.10/jooq-codegen-3.11.10.jar:/home/user/.m2/repository/com/jolbox/bonecp/0.8.0.RELEASE/bonecp-0.8.0.RELEASE.jar:/home/user/.m2/repository/org/xerial/sqlite-jdbc/3.25.2/sqlite-jdbc-3.25.2.jar:/home/user/.m2/repository/org/springframework/spring-jdbc/5.1.3.RELEASE/spring-jdbc-5.1.3.RELEASE.jar:/home/user/.m2/repository/org/springframework/spring-beans/5.1.3.RELEASE/spring-beans-5.1.3.RELEASE.jar:/home/user/.m2/repository/org/springframework/spring-core/5.1.3.RELEASE/spring-core-5.1.3.RELEASE.jar:/home/user/.m2/repository/org/springframework/spring-jcl/5.1.3.RELEASE/spring-jcl-5.1.3.RELEASE.jar:/home/user/.m2/repository/org/springframework/spring-tx/5.1.3.RELEASE/spring-tx-5.1.3.RELEASE.jar:/home/user/.m2/repository/org/apache/hadoop/hadoop-ozone-client/0.5.0-SNAPSHOT/hadoop-ozone-client-0.5.0-SNAPSHOT.jar:/home/user/.m2/repository/commons-lang/commons-lang/2.6/commons-lang-2.6.jar:/home/user/.m2/repository/org/apache/hadoop/hadoop-ozone-ozone-manager/0.5.0-SNAPSHOT/hadoop-ozone-ozone-manager-0.5.0-SNAPSHOT-tests.jar:/home/user/.m2/repository/junit/junit/4.11/junit-4.11.jar:/home/user/.m2/repository/org/hamcrest/hamcrest-core/1.3/hamcrest-core-1.3.jar:/home/user/.m2/repository/org/openjdk/jmh/jmh-core/1.19/jmh-core-1.19.jar:/home/user/.m2/repository/net/sf/jopt-simple/jopt-simple/4.6/jopt-simple-4.6.jar:/home/user/.m2/repository/org/apache/commons/commons-math3/3.1.1/commons-math3-3.1.1.jar:/home/user/.m2/repository/org/openjdk/jmh/jmh-generator-annprocess/1.19/jmh-generator-annprocess-1.19.jar:/home/user/.m2/repository/org/mockito/mockito-all/1.8.5/mockito-all-1.8.5.jar:/home/user/.m2/repository/org/apache/hadoop/hadoop-kms/3.2.0/hadoop-kms-3.2.0.jar:/home/user/.m2/repository/org/apache/hadoop/hadoop-auth/3.2.0/hadoop-auth-3.2.0.jar:/home/user/.m2/repository/com/nimbusds/nimbus-jose-jwt/4.41.1/nimbus-jose-jwt-4.41.1.jar:/home/user/.m2/repository/com/github/stephenc/jcip/jcip-annotations/1.0-1/jcip-annotations-1.0-1.jar:/home/user/.m2/repository/net/minidev/json-smart/2.3/json-smart-2.3.jar:/home/user/.m2/repository/net/minidev/accessors-smart/1.2/accessors-smart-1.2.jar:/home/user/.m2/repository/org/ow2/asm/asm/5.0.4/asm-5.0.4.jar:/home/user/.m2/repository/org/apache/curator/curator-framework/2.12.0/curator-framework-2.12.0.jar:/home/user/.m2/repository/com/sun/jersey/jersey-core/1.19/jersey-core-1.19.jar:/home/user/.m2/repository/javax/ws/rs/jsr311-api/1.1.1/jsr311-api-1.1.1.jar:/home/user/.m2/repository/com/sun/jersey/jersey-server/1.19/jersey-server-1.19.jar:/home/user/.m2/repository/javax/servlet/javax.servlet-api/3.1.0/javax.servlet-api-3.1.0.jar:/home/user/.m2/repository/org/eclipse/jetty/jetty-server/9.3.24.v20180605/jetty-server-9.3.24.v20180605.jar:/home/user/.m2/repository/org/eclipse/jetty/jetty-http/9.3.24.v20180605/jetty-http-9.3.24.v20180605.jar:/home/user/.m2/repository/org/eclipse/jetty/jetty-io/9.3.24.v20180605/jetty-io-9.3.24.v20180605.jar:/home/user/.m2/repository/org/eclipse/jetty/jetty-webapp/9.3.24.v20180605/jetty-webapp-9.3.24.v20180605.jar:/home/user/.m2/repository/org/eclipse/jetty/jetty-xml/9.3.24.v20180605/jetty-xml-9.3.24.v20180605.jar:/home/user/.m2/repository/log4j/log4j/1.2.17/log4j-1.2.17.jar:/home/user/.m2/repository/org/slf4j/slf4j-api/1.7.25/slf4j-api-1.7.25.jar:/home/user/.m2/repository/org/slf4j/jul-to-slf4j/1.7.25/jul-to-slf4j-1.7.25.jar:/home/user/.m2/repository/org/eclipse/jetty/jetty-util/9.3.24.v20180605/jetty-util-9.3.24.v20180605.jar:/home/user/.m2/repository/com/fasterxml/jackson/core/jackson-databind/2.9.5/jackson-databind-2.9.5.jar:/home/user/.m2/repository/org/apache/hadoop/hadoop-kms/3.2.0/hadoop-kms-3.2.0-tests.jar:/home/user/.m2/repository/org/apache/hadoop/hadoop-hdds-server-scm/0.5.0-SNAPSHOT/hadoop-hdds-server-scm-0.5.0-SNAPSHOT-tests.jar:/home/user/.m2/repository/org/apache/hadoop/hadoop-hdds-container-service/0.5.0-SNAPSHOT/hadoop-hdds-container-service-0.5.0-SNAPSHOT-tests.jar:/home/user/.m2/repository/org/yaml/snakeyaml/1.16/snakeyaml-1.16.jar:/home/user/.m2/repository/org/apache/hadoop/hadoop-common/3.2.0/hadoop-common-3.2.0-tests.jar:/home/user/.m2/repository/org/apache/hadoop/hadoop-annotations/3.2.0/hadoop-annotations-3.2.0.jar:/usr/lib/jvm/java-1.8-openjdk/jre/../lib/tools.jar:/home/user/.m2/repository/commons-cli/commons-cli/1.2/commons-cli-1.2.jar:/home/user/.m2/repository/org/apache/httpcomponents/httpclient/4.5.2/httpclient-4.5.2.jar:/home/user/.m2/repository/org/apache/httpcomponents/httpcore/4.4.4/httpcore-4.4.4.jar:/home/user/.m2/repository/commons-codec/commons-codec/1.11/commons-codec-1.11.jar:/home/user/.m2/repository/commons-net/commons-net/3.6/commons-net-3.6.jar:/home/user/.m2/repository/commons-collections/commons-collections/3.2.2/commons-collections-3.2.2.jar:/home/user/.m2/repository/org/eclipse/jetty/jetty-servlet/9.3.24.v20180605/jetty-servlet-9.3.24.v20180605.jar:/home/user/.m2/repository/org/eclipse/jetty/jetty-security/9.3.24.v20180605/jetty-security-9.3.24.v20180605.jar:/home/user/.m2/repository/javax/servlet/jsp/jsp-api/2.1/jsp-api-2.1.jar:/home/user/.m2/repository/com/sun/jersey/jersey-servlet/1.19/jersey-servlet-1.19.jar:/home/user/.m2/repository/com/sun/jersey/jersey-json/1.19/jersey-json-1.19.jar:/home/user/.m2/repository/org/codehaus/jettison/jettison/1.1/jettison-1.1.jar:/home/user/.m2/repository/org/codehaus/jackson/jackson-core-asl/1.9.13/jackson-core-asl-1.9.13.jar:/home/user/.m2/repository/org/codehaus/jackson/jackson-mapper-asl/1.9.13/jackson-mapper-asl-1.9.13.jar:/home/user/.m2/repository/org/codehaus/jackson/jackson-jaxrs/1.9.13/jackson-jaxrs-1.9.13.jar:/home/user/.m2/repository/org/codehaus/jackson/jackson-xc/1.9.13/jackson-xc-1.9.13.jar:/home/user/.m2/repository/commons-logging/commons-logging/1.1.3/commons-logging-1.1.3.jar:/home/user/.m2/repository/commons-beanutils/commons-beanutils/1.9.3/commons-beanutils-1.9.3.jar:/home/user/.m2/repository/org/apache/commons/commons-configuration2/2.1.1/commons-configuration2-2.1.1.jar:/home/user/.m2/repository/org/apache/commons/commons-lang3/3.7/commons-lang3-3.7.jar:/home/user/.m2/repository/org/apache/commons/commons-text/1.4/commons-text-1.4.jar:/home/user/.m2/repository/org/apache/avro/avro/1.7.7/avro-1.7.7.jar:/home/user/.m2/repository/com/thoughtworks/paranamer/paranamer/2.3/paranamer-2.3.jar:/home/user/.m2/repository/org/xerial/snappy/snappy-java/1.0.5/snappy-java-1.0.5.jar:/home/user/.m2/repository/com/google/re2j/re2j/1.1/re2j-1.1.jar:/home/user/.m2/repository/com/google/code/gson/gson/2.2.4/gson-2.2.4.jar:/home/user/.m2/repository/com/jcraft/jsch/0.1.54/jsch-0.1.54.jar:/home/user/.m2/repository/org/apache/curator/curator-client/2.12.0/curator-client-2.12.0.jar:/home/user/.m2/repository/org/apache/curator/curator-recipes/2.12.0/curator-recipes-2.12.0.jar:/home/user/.m2/repository/com/google/code/findbugs/jsr305/3.0.0/jsr305-3.0.0.jar:/home/user/.m2/repository/org/apache/htrace/htrace-core4/4.1.0-incubating/htrace-core4-4.1.0-incubating.jar:/home/user/.m2/repository/org/apache/zookeeper/zookeeper/3.4.13/zookeeper-3.4.13.jar:/home/user/.m2/repository/org/apache/yetus/audience-annotations/0.5.0/audience-annotations-0.5.0.jar:/home/user/.m2/repository/org/codehaus/woodstox/stax2-api/3.1.4/stax2-api-3.1.4.jar:/home/user/.m2/repository/com/fasterxml/woodstox/woodstox-core/5.0.3/woodstox-core-5.0.3.jar:/home/user/.m2/repository/dnsjava/dnsjava/2.1.7/dnsjava-2.1.7.jar:/home/user/.m2/repository/org/apache/hadoop/hadoop-hdfs/3.2.0/hadoop-hdfs-3.2.0-tests.jar:/home/user/.m2/repository/org/eclipse/jetty/jetty-util-ajax/9.3.24.v20180605/jetty-util-ajax-9.3.24.v20180605.jar:/home/user/.m2/repository/commons-daemon/commons-daemon/1.0.13/commons-daemon-1.0.13.jar:/home/user/.m2/repository/io/netty/netty/3.10.5.Final/netty-3.10.5.Final.jar:/home/user/.m2/repository/io/netty/netty-all/4.0.52.Final/netty-all-4.0.52.Final.jar:/home/user/.m2/repository/org/fusesource/leveldbjni/leveldbjni-all/1.8/leveldbjni-all-1.8.jar:"/>
    <property name="java.vm.vendor" value="IcedTea"/>
    <property name="sun.arch.data.model" value="64"/>
    <property name="test.build.dir" value="/workdir/hadoop-ozone/integration-test/target/test-dir"/>
    <property name="test.cache.data" value=""/>
    <property name="java.vendor.url" value="https://icedtea.classpath.org"/>
    <property name="user.timezone" value=""/>
    <property name="java.vm.specification.version" value="1.8"/>
    <property name="os.name" value="Linux"/>
    <property name="test.build.data" value="/workdir/hadoop-ozone/integration-test/target/test-dir"/>
    <property name="user.country" value="US"/>
    <property name="sun.java.launcher" value="SUN_STANDARD"/>
    <property name="sun.boot.library.path" value="/usr/lib/jvm/java-1.8-openjdk/jre/lib/amd64"/>
    <property name="sun.java.command" value="/workdir/hadoop-ozone/integration-test/target/surefire/surefirebooter5207278409660939349.jar /workdir/hadoop-ozone/integration-test/target/surefire 2019-09-17T16-39-56_421-jvmRun1 surefire1561380106960107715tmp surefire_713445516681087106855tmp"/>
    <property name="test" value="!TestMiniChaosOzoneCluster"/>
    <property name="surefire.test.class.path" value="/workdir/hadoop-ozone/integration-test/target/test-classes:/workdir/hadoop-ozone/integration-test/target/classes:/home/user/.m2/repository/org/apache/hadoop/hadoop-ozone-common/0.5.0-SNAPSHOT/hadoop-ozone-common-0.5.0-SNAPSHOT.jar:/home/user/.m2/repository/org/apache/commons/commons-compress/1.4.1/commons-compress-1.4.1.jar:/home/user/.m2/repository/org/tukaani/xz/1.0/xz-1.0.jar:/home/user/.m2/repository/org/apache/hadoop/hadoop-common/3.2.0/hadoop-common-3.2.0.jar:/home/user/.m2/repository/org/apache/hadoop/hadoop-hdfs/3.2.0/hadoop-hdfs-3.2.0.jar:/home/user/.m2/repository/org/apache/hadoop/hadoop-hdfs-client/3.2.0/hadoop-hdfs-client-3.2.0.jar:/home/user/.m2/repository/com/fasterxml/jackson/core/jackson-annotations/2.9.5/jackson-annotations-2.9.5.jar:/home/user/.m2/repository/org/apache/hadoop/hadoop-hdds-common/0.5.0-SNAPSHOT/hadoop-hdds-common-0.5.0-SNAPSHOT.jar:/home/user/.m2/repository/javax/annotation/javax.annotation-api/1.2/javax.annotation-api-1.2.jar:/home/user/.m2/repository/org/apache/ratis/ratis-server/0.4.0-78e95b9-SNAPSHOT/ratis-server-0.4.0-78e95b9-SNAPSHOT.jar:/home/user/.m2/repository/org/apache/ratis/ratis-thirdparty-misc/0.2.0/ratis-thirdparty-misc-0.2.0.jar:/home/user/.m2/repository/org/apache/ratis/ratis-proto/0.4.0-78e95b9-SNAPSHOT/ratis-proto-0.4.0-78e95b9-SNAPSHOT.jar:/home/user/.m2/repository/org/apache/ratis/ratis-common/0.4.0-78e95b9-SNAPSHOT/ratis-common-0.4.0-78e95b9-SNAPSHOT.jar:/home/user/.m2/repository/org/apache/ratis/ratis-client/0.4.0-78e95b9-SNAPSHOT/ratis-client-0.4.0-78e95b9-SNAPSHOT.jar:/home/user/.m2/repository/org/apache/ratis/ratis-metrics/0.4.0-78e95b9-SNAPSHOT/ratis-metrics-0.4.0-78e95b9-SNAPSHOT.jar:/home/user/.m2/repository/com/github/joshelser/dropwizard-metrics-hadoop-metrics2-reporter/0.1.2/dropwizard-metrics-hadoop-metrics2-reporter-0.1.2.jar:/home/user/.m2/repository/io/dropwizard/metrics/metrics-jvm/3.2.5/metrics-jvm-3.2.5.jar:/home/user/.m2/repository/io/dropwizard/metrics/metrics-ganglia/3.2.5/metrics-ganglia-3.2.5.jar:/home/user/.m2/repository/info/ganglia/gmetric4j/gmetric4j/1.0.7/gmetric4j-1.0.7.jar:/home/user/.m2/repository/org/apache/ratis/ratis-netty/0.4.0-78e95b9-SNAPSHOT/ratis-netty-0.4.0-78e95b9-SNAPSHOT.jar:/home/user/.m2/repository/org/apache/ratis/ratis-grpc/0.4.0-78e95b9-SNAPSHOT/ratis-grpc-0.4.0-78e95b9-SNAPSHOT.jar:/home/user/.m2/repository/org/rocksdb/rocksdbjni/6.0.1/rocksdbjni-6.0.1.jar:/home/user/.m2/repository/org/apache/logging/log4j/log4j-api/2.11.0/log4j-api-2.11.0.jar:/home/user/.m2/repository/org/apache/logging/log4j/log4j-core/2.11.0/log4j-core-2.11.0.jar:/home/user/.m2/repository/com/lmax/disruptor/3.4.2/disruptor-3.4.2.jar:/home/user/.m2/repository/org/apache/commons/commons-pool2/2.6.0/commons-pool2-2.6.0.jar:/home/user/.m2/repository/org/bouncycastle/bcpkix-jdk15on/1.60/bcpkix-jdk15on-1.60.jar:/home/user/.m2/repository/commons-validator/commons-validator/1.6/commons-validator-1.6.jar:/home/user/.m2/repository/commons-digester/commons-digester/1.8.1/commons-digester-1.8.1.jar:/home/user/.m2/repository/io/jaegertracing/jaeger-client/0.33.1/jaeger-client-0.33.1.jar:/home/user/.m2/repository/io/jaegertracing/jaeger-thrift/0.33.1/jaeger-thrift-0.33.1.jar:/home/user/.m2/repository/org/apache/thrift/libthrift/0.11.0/libthrift-0.11.0.jar:/home/user/.m2/repository/com/squareup/okhttp3/okhttp/3.9.0/okhttp-3.9.0.jar:/home/user/.m2/repository/com/squareup/okio/okio/1.13.0/okio-1.13.0.jar:/home/user/.m2/repository/io/jaegertracing/jaeger-core/0.33.1/jaeger-core-0.33.1.jar:/home/user/.m2/repository/io/jaegertracing/jaeger-tracerresolver/0.33.1/jaeger-tracerresolver-0.33.1.jar:/home/user/.m2/repository/io/opentracing/contrib/opentracing-tracerresolver/0.1.5/opentracing-tracerresolver-0.1.5.jar:/home/user/.m2/repository/io/opentracing/opentracing-util/0.31.0/opentracing-util-0.31.0.jar:/home/user/.m2/repository/io/opentracing/opentracing-api/0.31.0/opentracing-api-0.31.0.jar:/home/user/.m2/repository/io/opentracing/opentracing-noop/0.31.0/opentracing-noop-0.31.0.jar:/home/user/.m2/repository/org/apache/hadoop/hadoop-hdds-server-framework/0.5.0-SNAPSHOT/hadoop-hdds-server-framework-0.5.0-SNAPSHOT.jar:/home/user/.m2/repository/org/apache/hadoop/hadoop-hdds-container-service/0.5.0-SNAPSHOT/hadoop-hdds-container-service-0.5.0-SNAPSHOT.jar:/home/user/.m2/repository/org/apache/hadoop/hadoop-hdds-client/0.5.0-SNAPSHOT/hadoop-hdds-client-0.5.0-SNAPSHOT.jar:/home/user/.m2/repository/org/apache/hadoop/hadoop-hdds-tools/0.5.0-SNAPSHOT/hadoop-hdds-tools-0.5.0-SNAPSHOT.jar:/home/user/.m2/repository/org/apache/hadoop/hadoop-hdds-server-scm/0.5.0-SNAPSHOT/hadoop-hdds-server-scm-0.5.0-SNAPSHOT.jar:/home/user/.m2/repository/org/apache/hadoop/hadoop-hdds-docs/0.5.0-SNAPSHOT/hadoop-hdds-docs-0.5.0-SNAPSHOT.jar:/home/user/.m2/repository/io/dropwizard/metrics/metrics-core/3.2.4/metrics-core-3.2.4.jar:/home/user/.m2/repository/org/hamcrest/hamcrest-all/1.3/hamcrest-all-1.3.jar:/home/user/.m2/repository/org/bouncycastle/bcprov-jdk15on/1.60/bcprov-jdk15on-1.60.jar:/home/user/.m2/repository/info/picocli/picocli/3.9.6/picocli-3.9.6.jar:/home/user/.m2/repository/com/google/protobuf/protobuf-java/2.5.0/protobuf-java-2.5.0.jar:/home/user/.m2/repository/com/google/guava/guava/11.0.2/guava-11.0.2.jar:/home/user/.m2/repository/org/apache/hadoop/hadoop-ozone-ozone-manager/0.5.0-SNAPSHOT/hadoop-ozone-ozone-manager-0.5.0-SNAPSHOT.jar:/home/user/.m2/repository/org/apache/hadoop/hadoop-minikdc/3.2.0/hadoop-minikdc-3.2.0.jar:/home/user/.m2/repository/commons-io/commons-io/2.5/commons-io-2.5.jar:/home/user/.m2/repository/org/apache/kerby/kerb-simplekdc/1.0.1/kerb-simplekdc-1.0.1.jar:/home/user/.m2/repository/org/apache/kerby/kerb-client/1.0.1/kerb-client-1.0.1.jar:/home/user/.m2/repository/org/apache/kerby/kerby-config/1.0.1/kerby-config-1.0.1.jar:/home/user/.m2/repository/org/apache/kerby/kerb-core/1.0.1/kerb-core-1.0.1.jar:/home/user/.m2/repository/org/apache/kerby/kerby-pkix/1.0.1/kerby-pkix-1.0.1.jar:/home/user/.m2/repository/org/apache/kerby/kerby-asn1/1.0.1/kerby-asn1-1.0.1.jar:/home/user/.m2/repository/org/apache/kerby/kerby-util/1.0.1/kerby-util-1.0.1.jar:/home/user/.m2/repository/org/apache/kerby/kerb-common/1.0.1/kerb-common-1.0.1.jar:/home/user/.m2/repository/org/apache/kerby/kerb-crypto/1.0.1/kerb-crypto-1.0.1.jar:/home/user/.m2/repository/org/apache/kerby/kerb-util/1.0.1/kerb-util-1.0.1.jar:/home/user/.m2/repository/org/apache/kerby/token-provider/1.0.1/token-provider-1.0.1.jar:/home/user/.m2/repository/org/apache/kerby/kerb-admin/1.0.1/kerb-admin-1.0.1.jar:/home/user/.m2/repository/org/apache/kerby/kerb-server/1.0.1/kerb-server-1.0.1.jar:/home/user/.m2/repository/org/apache/kerby/kerb-identity/1.0.1/kerb-identity-1.0.1.jar:/home/user/.m2/repository/org/apache/kerby/kerby-xdr/1.0.1/kerby-xdr-1.0.1.jar:/home/user/.m2/repository/org/slf4j/slf4j-log4j12/1.7.25/slf4j-log4j12-1.7.25.jar:/home/user/.m2/repository/org/apache/hadoop/hadoop-ozone-s3gateway/0.5.0-SNAPSHOT/hadoop-ozone-s3gateway-0.5.0-SNAPSHOT.jar:/home/user/.m2/repository/org/jboss/weld/servlet/weld-servlet/2.4.7.Final/weld-servlet-2.4.7.Final.jar:/home/user/.m2/repository/org/glassfish/jersey/containers/jersey-container-servlet-core/2.27/jersey-container-servlet-core-2.27.jar:/home/user/.m2/repository/org/glassfish/hk2/external/javax.inject/2.5.0-b42/javax.inject-2.5.0-b42.jar:/home/user/.m2/repository/org/glassfish/jersey/core/jersey-common/2.27/jersey-common-2.27.jar:/home/user/.m2/repository/org/glassfish/hk2/osgi-resource-locator/1.0.1/osgi-resource-locator-1.0.1.jar:/home/user/.m2/repository/javax/ws/rs/javax.ws.rs-api/2.1/javax.ws.rs-api-2.1.jar:/home/user/.m2/repository/org/glassfish/jersey/ext/cdi/jersey-cdi1x/2.27/jersey-cdi1x-2.27.jar:/home/user/.m2/repository/org/glassfish/jersey/inject/jersey-hk2/2.27/jersey-hk2-2.27.jar:/home/user/.m2/repository/org/glassfish/hk2/hk2-locator/2.5.0-b42/hk2-locator-2.5.0-b42.jar:/home/user/.m2/repository/org/javassist/javassist/3.22.0-CR2/javassist-3.22.0-CR2.jar:/home/user/.m2/repository/org/glassfish/hk2/hk2-api/2.5.0/hk2-api-2.5.0.jar:/home/user/.m2/repository/org/glassfish/hk2/external/jakarta.inject/2.5.0/jakarta.inject-2.5.0.jar:/home/user/.m2/repository/org/glassfish/hk2/hk2-utils/2.5.0/hk2-utils-2.5.0.jar:/home/user/.m2/repository/jakarta/annotation/jakarta.annotation-api/1.3.4/jakarta.annotation-api-1.3.4.jar:/home/user/.m2/repository/org/glassfish/hk2/external/aopalliance-repackaged/2.5.0/aopalliance-repackaged-2.5.0.jar:/home/user/.m2/repository/com/fasterxml/jackson/dataformat/jackson-dataformat-xml/2.9.0/jackson-dataformat-xml-2.9.0.jar:/home/user/.m2/repository/com/fasterxml/jackson/core/jackson-core/2.9.5/jackson-core-2.9.5.jar:/home/user/.m2/repository/com/fasterxml/jackson/module/jackson-module-jaxb-annotations/2.9.5/jackson-module-jaxb-annotations-2.9.5.jar:/home/user/.m2/repository/javax/enterprise/cdi-api/1.2/cdi-api-1.2.jar:/home/user/.m2/repository/javax/el/javax.el-api/3.0.0/javax.el-api-3.0.0.jar:/home/user/.m2/repository/javax/interceptor/javax.interceptor-api/1.2/javax.interceptor-api-1.2.jar:/home/user/.m2/repository/javax/inject/javax.inject/1/javax.inject-1.jar:/home/user/.m2/repository/com/sun/xml/bind/jaxb-impl/2.3.0.1/jaxb-impl-2.3.0.1.jar:/home/user/.m2/repository/com/sun/xml/bind/jaxb-core/2.3.0.1/jaxb-core-2.3.0.1.jar:/home/user/.m2/repository/javax/xml/bind/jaxb-api/2.3.0/jaxb-api-2.3.0.jar:/home/user/.m2/repository/javax/activation/activation/1.1.1/activation-1.1.1.jar:/home/user/.m2/repository/org/apache/hadoop/hadoop-ozone-csi/0.5.0-SNAPSHOT/hadoop-ozone-csi-0.5.0-SNAPSHOT.jar:/home/user/.m2/repository/com/google/protobuf/protobuf-java-util/3.5.1/protobuf-java-util-3.5.1.jar:/home/user/.m2/repository/org/apache/hadoop/hadoop-hdds-config/0.5.0-SNAPSHOT/hadoop-hdds-config-0.5.0-SNAPSHOT.jar:/home/user/.m2/repository/io/grpc/grpc-netty/1.17.1/grpc-netty-1.17.1.jar:/home/user/.m2/repository/io/grpc/grpc-core/1.17.1/grpc-core-1.17.1.jar:/home/user/.m2/repository/io/grpc/grpc-context/1.17.1/grpc-context-1.17.1.jar:/home/user/.m2/repository/com/google/errorprone/error_prone_annotations/2.2.0/error_prone_annotations-2.2.0.jar:/home/user/.m2/repository/org/codehaus/mojo/animal-sniffer-annotations/1.17/animal-sniffer-annotations-1.17.jar:/home/user/.m2/repository/io/opencensus/opencensus-api/0.17.0/opencensus-api-0.17.0.jar:/home/user/.m2/repository/io/opencensus/opencensus-contrib-grpc-metrics/0.17.0/opencensus-contrib-grpc-metrics-0.17.0.jar:/home/user/.m2/repository/io/netty/netty-codec-http2/4.1.30.Final/netty-codec-http2-4.1.30.Final.jar:/home/user/.m2/repository/io/netty/netty-codec-http/4.1.30.Final/netty-codec-http-4.1.30.Final.jar:/home/user/.m2/repository/io/netty/netty-codec/4.1.30.Final/netty-codec-4.1.30.Final.jar:/home/user/.m2/repository/io/netty/netty-handler/4.1.30.Final/netty-handler-4.1.30.Final.jar:/home/user/.m2/repository/io/netty/netty-handler-proxy/4.1.30.Final/netty-handler-proxy-4.1.30.Final.jar:/home/user/.m2/repository/io/netty/netty-codec-socks/4.1.30.Final/netty-codec-socks-4.1.30.Final.jar:/home/user/.m2/repository/io/netty/netty-transport-native-epoll/4.1.30.Final/netty-transport-native-epoll-4.1.30.Final.jar:/home/user/.m2/repository/io/netty/netty-common/4.1.30.Final/netty-common-4.1.30.Final.jar:/home/user/.m2/repository/io/netty/netty-buffer/4.1.30.Final/netty-buffer-4.1.30.Final.jar:/home/user/.m2/repository/io/netty/netty-transport/4.1.30.Final/netty-transport-4.1.30.Final.jar:/home/user/.m2/repository/io/netty/netty-resolver/4.1.30.Final/netty-resolver-4.1.30.Final.jar:/home/user/.m2/repository/io/netty/netty-transport-native-unix-common/4.1.30.Final/netty-transport-native-unix-common-4.1.30.Final.jar:/home/user/.m2/repository/io/grpc/grpc-protobuf/1.17.1/grpc-protobuf-1.17.1.jar:/home/user/.m2/repository/com/google/api/grpc/proto-google-common-protos/1.0.0/proto-google-common-protos-1.0.0.jar:/home/user/.m2/repository/io/grpc/grpc-protobuf-lite/1.17.1/grpc-protobuf-lite-1.17.1.jar:/home/user/.m2/repository/io/grpc/grpc-stub/1.17.1/grpc-stub-1.17.1.jar:/home/user/.m2/repository/org/apache/hadoop/hadoop-ozone-recon/0.5.0-SNAPSHOT/hadoop-ozone-recon-0.5.0-SNAPSHOT.jar:/home/user/.m2/repository/org/apache/hadoop/hadoop-ozone-reconcodegen/0.5.0-SNAPSHOT/hadoop-ozone-reconcodegen-0.5.0-SNAPSHOT.jar:/home/user/.m2/repository/com/google/inject/extensions/guice-multibindings/4.0/guice-multibindings-4.0.jar:/home/user/.m2/repository/com/google/inject/guice/4.0/guice-4.0.jar:/home/user/.m2/repository/aopalliance/aopalliance/1.0/aopalliance-1.0.jar:/home/user/.m2/repository/com/google/inject/extensions/guice-servlet/4.0/guice-servlet-4.0.jar:/home/user/.m2/repository/org/glassfish/jersey/containers/jersey-container-servlet/2.27/jersey-container-servlet-2.27.jar:/home/user/.m2/repository/org/glassfish/hk2/guice-bridge/2.5.0/guice-bridge-2.5.0.jar:/home/user/.m2/repository/org/glassfish/jersey/core/jersey-server/2.27/jersey-server-2.27.jar:/home/user/.m2/repository/org/glassfish/jersey/core/jersey-client/2.27/jersey-client-2.27.jar:/home/user/.m2/repository/org/glassfish/jersey/media/jersey-media-jaxb/2.27/jersey-media-jaxb-2.27.jar:/home/user/.m2/repository/javax/validation/validation-api/1.1.0.Final/validation-api-1.1.0.Final.jar:/home/user/.m2/repository/org/glassfish/jersey/media/jersey-media-json-jackson/2.27/jersey-media-json-jackson-2.27.jar:/home/user/.m2/repository/org/glassfish/jersey/ext/jersey-entity-filtering/2.27/jersey-entity-filtering-2.27.jar:/home/user/.m2/repository/com/google/inject/extensions/guice-assistedinject/4.0/guice-assistedinject-4.0.jar:/home/user/.m2/repository/org/jooq/jooq/3.11.10/jooq-3.11.10.jar:/home/user/.m2/repository/org/jooq/jooq-meta/3.11.10/jooq-meta-3.11.10.jar:/home/user/.m2/repository/org/jooq/jooq-codegen/3.11.10/jooq-codegen-3.11.10.jar:/home/user/.m2/repository/com/jolbox/bonecp/0.8.0.RELEASE/bonecp-0.8.0.RELEASE.jar:/home/user/.m2/repository/org/xerial/sqlite-jdbc/3.25.2/sqlite-jdbc-3.25.2.jar:/home/user/.m2/repository/org/springframework/spring-jdbc/5.1.3.RELEASE/spring-jdbc-5.1.3.RELEASE.jar:/home/user/.m2/repository/org/springframework/spring-beans/5.1.3.RELEASE/spring-beans-5.1.3.RELEASE.jar:/home/user/.m2/repository/org/springframework/spring-core/5.1.3.RELEASE/spring-core-5.1.3.RELEASE.jar:/home/user/.m2/repository/org/springframework/spring-jcl/5.1.3.RELEASE/spring-jcl-5.1.3.RELEASE.jar:/home/user/.m2/repository/org/springframework/spring-tx/5.1.3.RELEASE/spring-tx-5.1.3.RELEASE.jar:/home/user/.m2/repository/org/apache/hadoop/hadoop-ozone-client/0.5.0-SNAPSHOT/hadoop-ozone-client-0.5.0-SNAPSHOT.jar:/home/user/.m2/repository/commons-lang/commons-lang/2.6/commons-lang-2.6.jar:/home/user/.m2/repository/org/apache/hadoop/hadoop-ozone-ozone-manager/0.5.0-SNAPSHOT/hadoop-ozone-ozone-manager-0.5.0-SNAPSHOT-tests.jar:/home/user/.m2/repository/junit/junit/4.11/junit-4.11.jar:/home/user/.m2/repository/org/hamcrest/hamcrest-core/1.3/hamcrest-core-1.3.jar:/home/user/.m2/repository/org/openjdk/jmh/jmh-core/1.19/jmh-core-1.19.jar:/home/user/.m2/repository/net/sf/jopt-simple/jopt-simple/4.6/jopt-simple-4.6.jar:/home/user/.m2/repository/org/apache/commons/commons-math3/3.1.1/commons-math3-3.1.1.jar:/home/user/.m2/repository/org/openjdk/jmh/jmh-generator-annprocess/1.19/jmh-generator-annprocess-1.19.jar:/home/user/.m2/repository/org/mockito/mockito-all/1.8.5/mockito-all-1.8.5.jar:/home/user/.m2/repository/org/apache/hadoop/hadoop-kms/3.2.0/hadoop-kms-3.2.0.jar:/home/user/.m2/repository/org/apache/hadoop/hadoop-auth/3.2.0/hadoop-auth-3.2.0.jar:/home/user/.m2/repository/com/nimbusds/nimbus-jose-jwt/4.41.1/nimbus-jose-jwt-4.41.1.jar:/home/user/.m2/repository/com/github/stephenc/jcip/jcip-annotations/1.0-1/jcip-annotations-1.0-1.jar:/home/user/.m2/repository/net/minidev/json-smart/2.3/json-smart-2.3.jar:/home/user/.m2/repository/net/minidev/accessors-smart/1.2/accessors-smart-1.2.jar:/home/user/.m2/repository/org/ow2/asm/asm/5.0.4/asm-5.0.4.jar:/home/user/.m2/repository/org/apache/curator/curator-framework/2.12.0/curator-framework-2.12.0.jar:/home/user/.m2/repository/com/sun/jersey/jersey-core/1.19/jersey-core-1.19.jar:/home/user/.m2/repository/javax/ws/rs/jsr311-api/1.1.1/jsr311-api-1.1.1.jar:/home/user/.m2/repository/com/sun/jersey/jersey-server/1.19/jersey-server-1.19.jar:/home/user/.m2/repository/javax/servlet/javax.servlet-api/3.1.0/javax.servlet-api-3.1.0.jar:/home/user/.m2/repository/org/eclipse/jetty/jetty-server/9.3.24.v20180605/jetty-server-9.3.24.v20180605.jar:/home/user/.m2/repository/org/eclipse/jetty/jetty-http/9.3.24.v20180605/jetty-http-9.3.24.v20180605.jar:/home/user/.m2/repository/org/eclipse/jetty/jetty-io/9.3.24.v20180605/jetty-io-9.3.24.v20180605.jar:/home/user/.m2/repository/org/eclipse/jetty/jetty-webapp/9.3.24.v20180605/jetty-webapp-9.3.24.v20180605.jar:/home/user/.m2/repository/org/eclipse/jetty/jetty-xml/9.3.24.v20180605/jetty-xml-9.3.24.v20180605.jar:/home/user/.m2/repository/log4j/log4j/1.2.17/log4j-1.2.17.jar:/home/user/.m2/repository/org/slf4j/slf4j-api/1.7.25/slf4j-api-1.7.25.jar:/home/user/.m2/repository/org/slf4j/jul-to-slf4j/1.7.25/jul-to-slf4j-1.7.25.jar:/home/user/.m2/repository/org/eclipse/jetty/jetty-util/9.3.24.v20180605/jetty-util-9.3.24.v20180605.jar:/home/user/.m2/repository/com/fasterxml/jackson/core/jackson-databind/2.9.5/jackson-databind-2.9.5.jar:/home/user/.m2/repository/org/apache/hadoop/hadoop-kms/3.2.0/hadoop-kms-3.2.0-tests.jar:/home/user/.m2/repository/org/apache/hadoop/hadoop-hdds-server-scm/0.5.0-SNAPSHOT/hadoop-hdds-server-scm-0.5.0-SNAPSHOT-tests.jar:/home/user/.m2/repository/org/apache/hadoop/hadoop-hdds-container-service/0.5.0-SNAPSHOT/hadoop-hdds-container-service-0.5.0-SNAPSHOT-tests.jar:/home/user/.m2/repository/org/yaml/snakeyaml/1.16/snakeyaml-1.16.jar:/home/user/.m2/repository/org/apache/hadoop/hadoop-common/3.2.0/hadoop-common-3.2.0-tests.jar:/home/user/.m2/repository/org/apache/hadoop/hadoop-annotations/3.2.0/hadoop-annotations-3.2.0.jar:/usr/lib/jvm/java-1.8-openjdk/jre/../lib/tools.jar:/home/user/.m2/repository/commons-cli/commons-cli/1.2/commons-cli-1.2.jar:/home/user/.m2/repository/org/apache/httpcomponents/httpclient/4.5.2/httpclient-4.5.2.jar:/home/user/.m2/repository/org/apache/httpcomponents/httpcore/4.4.4/httpcore-4.4.4.jar:/home/user/.m2/repository/commons-codec/commons-codec/1.11/commons-codec-1.11.jar:/home/user/.m2/repository/commons-net/commons-net/3.6/commons-net-3.6.jar:/home/user/.m2/repository/commons-collections/commons-collections/3.2.2/commons-collections-3.2.2.jar:/home/user/.m2/repository/org/eclipse/jetty/jetty-servlet/9.3.24.v20180605/jetty-servlet-9.3.24.v20180605.jar:/home/user/.m2/repository/org/eclipse/jetty/jetty-security/9.3.24.v20180605/jetty-security-9.3.24.v20180605.jar:/home/user/.m2/repository/javax/servlet/jsp/jsp-api/2.1/jsp-api-2.1.jar:/home/user/.m2/repository/com/sun/jersey/jersey-servlet/1.19/jersey-servlet-1.19.jar:/home/user/.m2/repository/com/sun/jersey/jersey-json/1.19/jersey-json-1.19.jar:/home/user/.m2/repository/org/codehaus/jettison/jettison/1.1/jettison-1.1.jar:/home/user/.m2/repository/org/codehaus/jackson/jackson-core-asl/1.9.13/jackson-core-asl-1.9.13.jar:/home/user/.m2/repository/org/codehaus/jackson/jackson-mapper-asl/1.9.13/jackson-mapper-asl-1.9.13.jar:/home/user/.m2/repository/org/codehaus/jackson/jackson-jaxrs/1.9.13/jackson-jaxrs-1.9.13.jar:/home/user/.m2/repository/org/codehaus/jackson/jackson-xc/1.9.13/jackson-xc-1.9.13.jar:/home/user/.m2/repository/commons-logging/commons-logging/1.1.3/commons-logging-1.1.3.jar:/home/user/.m2/repository/commons-beanutils/commons-beanutils/1.9.3/commons-beanutils-1.9.3.jar:/home/user/.m2/repository/org/apache/commons/commons-configuration2/2.1.1/commons-configuration2-2.1.1.jar:/home/user/.m2/repository/org/apache/commons/commons-lang3/3.7/commons-lang3-3.7.jar:/home/user/.m2/repository/org/apache/commons/commons-text/1.4/commons-text-1.4.jar:/home/user/.m2/repository/org/apache/avro/avro/1.7.7/avro-1.7.7.jar:/home/user/.m2/repository/com/thoughtworks/paranamer/paranamer/2.3/paranamer-2.3.jar:/home/user/.m2/repository/org/xerial/snappy/snappy-java/1.0.5/snappy-java-1.0.5.jar:/home/user/.m2/repository/com/google/re2j/re2j/1.1/re2j-1.1.jar:/home/user/.m2/repository/com/google/code/gson/gson/2.2.4/gson-2.2.4.jar:/home/user/.m2/repository/com/jcraft/jsch/0.1.54/jsch-0.1.54.jar:/home/user/.m2/repository/org/apache/curator/curator-client/2.12.0/curator-client-2.12.0.jar:/home/user/.m2/repository/org/apache/curator/curator-recipes/2.12.0/curator-recipes-2.12.0.jar:/home/user/.m2/repository/com/google/code/findbugs/jsr305/3.0.0/jsr305-3.0.0.jar:/home/user/.m2/repository/org/apache/htrace/htrace-core4/4.1.0-incubating/htrace-core4-4.1.0-incubating.jar:/home/user/.m2/repository/org/apache/zookeeper/zookeeper/3.4.13/zookeeper-3.4.13.jar:/home/user/.m2/repository/org/apache/yetus/audience-annotations/0.5.0/audience-annotations-0.5.0.jar:/home/user/.m2/repository/org/codehaus/woodstox/stax2-api/3.1.4/stax2-api-3.1.4.jar:/home/user/.m2/repository/com/fasterxml/woodstox/woodstox-core/5.0.3/woodstox-core-5.0.3.jar:/home/user/.m2/repository/dnsjava/dnsjava/2.1.7/dnsjava-2.1.7.jar:/home/user/.m2/repository/org/apache/hadoop/hadoop-hdfs/3.2.0/hadoop-hdfs-3.2.0-tests.jar:/home/user/.m2/repository/org/eclipse/jetty/jetty-util-ajax/9.3.24.v20180605/jetty-util-ajax-9.3.24.v20180605.jar:/home/user/.m2/repository/commons-daemon/commons-daemon/1.0.13/commons-daemon-1.0.13.jar:/home/user/.m2/repository/io/netty/netty/3.10.5.Final/netty-3.10.5.Final.jar:/home/user/.m2/repository/io/netty/netty-all/4.0.52.Final/netty-all-4.0.52.Final.jar:/home/user/.m2/repository/org/fusesource/leveldbjni/leveldbjni-all/1.8/leveldbjni-all-1.8.jar:"/>
    <property name="sun.cpu.endian" value="little"/>
    <property name="user.home" value="/home/user"/>
    <property name="user.language" value="en"/>
    <property name="java.specification.vendor" value="Oracle Corporation"/>
    <property name="java.home" value="/usr/lib/jvm/java-1.8-openjdk/jre"/>
    <property name="java.security.krb5.conf" value="/workdir/hadoop-ozone/integration-test/target/test-classes/krb5.conf"/>
    <property name="basedir" value="/workdir/hadoop-ozone/integration-test"/>
    <property name="file.separator" value="/"/>
    <property name="line.separator" value="&#10;"/>
    <property name="java.vm.specification.vendor" value="Oracle Corporation"/>
    <property name="java.specification.name" value="Java Platform API Specification"/>
    <property name="java.awt.graphicsenv" value="sun.awt.X11GraphicsEnvironment"/>
    <property name="surefire.real.class.path" value="/workdir/hadoop-ozone/integration-test/target/surefire/surefirebooter5207278409660939349.jar"/>
    <property name="hadoop.log.dir" value="/workdir/hadoop-ozone/integration-test/target/log"/>
    <property name="sun.boot.class.path" value="/usr/lib/jvm/java-1.8-openjdk/jre/lib/resources.jar:/usr/lib/jvm/java-1.8-openjdk/jre/lib/rt.jar:/usr/lib/jvm/java-1.8-openjdk/jre/lib/sunrsasign.jar:/usr/lib/jvm/java-1.8-openjdk/jre/lib/jsse.jar:/usr/lib/jvm/java-1.8-openjdk/jre/lib/jce.jar:/usr/lib/jvm/java-1.8-openjdk/jre/lib/charsets.jar:/usr/lib/jvm/java-1.8-openjdk/jre/lib/jfr.jar:/usr/lib/jvm/java-1.8-openjdk/jre/classes"/>
    <property name="sun.management.compiler" value="HotSpot 64-Bit Tiered Compilers"/>
    <property name="java.runtime.version" value="1.8.0_212-b04"/>
    <property name="java.net.preferIPv4Stack" value="true"/>
    <property name="user.name" value="jenkins1000"/>
    <property name="path.separator" value=":"/>
    <property name="java.security.egd" value="file:///dev/urandom"/>
    <property name="os.version" value="3.10.0-957.12.2.el7.x86_64"/>
    <property name="java.endorsed.dirs" value="/usr/lib/jvm/java-1.8-openjdk/jre/lib/endorsed"/>
    <property name="java.runtime.name" value="OpenJDK Runtime Environment"/>
    <property name="file.encoding" value="UTF-8"/>
    <property name="java.vm.name" value="OpenJDK 64-Bit Server VM"/>
    <property name="test.build.webapps" value=""/>
    <property name="localRepository" value="/home/user/.m2/repository"/>
    <property name="java.vendor.url.bug" value="https://icedtea.classpath.org/bugzilla"/>
    <property name="java.io.tmpdir" value="/tmp"/>
    <property name="require.test.libhadoop" value=""/>
    <property name="java.version" value="1.8.0_212"/>
    <property name="user.dir" value="/workdir/hadoop-ozone/integration-test"/>
    <property name="os.arch" value="amd64"/>
    <property name="java.vm.specification.name" value="Java Virtual Machine Specification"/>
    <property name="test.build.classes" value="/workdir/hadoop-ozone/integration-test/target/test-classes"/>
    <property name="java.awt.printerjob" value="sun.print.PSPrinterJob"/>
    <property name="sun.os.patch.level" value="unknown"/>
    <property name="hadoop.tmp.dir" value="/workdir/hadoop-ozone/integration-test/target/tmp"/>
    <property name="java.library.path" value="/usr/lib/jvm/java-1.8-openjdk/jre/lib/amd64/server:/usr/lib/jvm/java-1.8-openjdk/jre/lib/amd64:/usr/lib/jvm/java-1.8-openjdk/jre/../lib/amd64:/workdir/hadoop-ozone/integration-test/target/native/target/usr/local/lib:/workdir/hadoop-ozone/integration-test/../../hadoop-common-project/hadoop-common/target/native/target/usr/local/lib:/usr/java/packages/lib/amd64:/usr/lib64:/lib64:/lib:/usr/lib"/>
    <property name="java.vm.info" value="mixed mode"/>
    <property name="java.vendor" value="IcedTea"/>
    <property name="java.vm.version" value="25.212-b04"/>
    <property name="java.ext.dirs" value="/usr/lib/jvm/java-1.8-openjdk/jre/lib/ext:/usr/java/packages/lib/ext"/>
    <property name="sun.io.unicode.encoding" value="UnicodeLittle"/>
    <property name="java.class.version" value="52.0"/>
  </properties>
  <testcase name="testContainerReplication" classname="org.apache.hadoop.ozone.client.rpc.TestContainerReplicationEndToEnd" time="5.262">
    <error message="Failed to update container state #1, reason: invalid state transition from state: CLOSING upon event: FINALIZE." type="org.apache.hadoop.hdds.scm.exceptions.SCMException">org.apache.hadoop.hdds.scm.exceptions.SCMException: Failed to update container state #1, reason: invalid state transition from state: CLOSING upon event: FINALIZE.
	at org.apache.hadoop.hdds.scm.container.ContainerStateManager.updateContainerState(ContainerStateManager.java:336)
	at org.apache.hadoop.hdds.scm.container.SCMContainerManager.updateContainerState(SCMContainerManager.java:312)
	at org.apache.hadoop.ozone.client.rpc.TestContainerReplicationEndToEnd.testContainerReplication(TestContainerReplicationEndToEnd.java:159)
	at sun.reflect.NativeMethodAccessorImpl.invoke0(Native Method)
	at sun.reflect.NativeMethodAccessorImpl.invoke(NativeMethodAccessorImpl.java:62)
	at sun.reflect.DelegatingMethodAccessorImpl.invoke(DelegatingMethodAccessorImpl.java:43)
	at java.lang.reflect.Method.invoke(Method.java:498)
	at org.junit.runners.model.FrameworkMethod$1.runReflectiveCall(FrameworkMethod.java:47)
	at org.junit.internal.runners.model.ReflectiveCallable.run(ReflectiveCallable.java:12)
	at org.junit.runners.model.FrameworkMethod.invokeExplosively(FrameworkMethod.java:44)
	at org.junit.internal.runners.statements.InvokeMethod.evaluate(InvokeMethod.java:17)
	at org.junit.runners.ParentRunner.runLeaf(ParentRunner.java:271)
	at org.junit.runners.BlockJUnit4ClassRunner.runChild(BlockJUnit4ClassRunner.java:70)
	at org.junit.runners.BlockJUnit4ClassRunner.runChild(BlockJUnit4ClassRunner.java:50)
	at org.junit.runners.ParentRunner$3.run(ParentRunner.java:238)
	at org.junit.runners.ParentRunner$1.schedule(ParentRunner.java:63)
	at org.junit.runners.ParentRunner.runChildren(ParentRunner.java:236)
	at org.junit.runners.ParentRunner.access$000(ParentRunner.java:53)
	at org.junit.runners.ParentRunner$2.evaluate(ParentRunner.java:229)
	at org.junit.internal.runners.statements.RunBefores.evaluate(RunBefores.java:26)
	at org.junit.internal.runners.statements.RunAfters.evaluate(RunAfters.java:27)
	at org.junit.runners.ParentRunner.run(ParentRunner.java:309)
	at org.apache.maven.surefire.junit4.JUnit4Provider.execute(JUnit4Provider.java:365)
	at org.apache.maven.surefire.junit4.JUnit4Provider.executeWithRerun(JUnit4Provider.java:273)
	at org.apache.maven.surefire.junit4.JUnit4Provider.executeTestSet(JUnit4Provider.java:238)
	at org.apache.maven.surefire.junit4.JUnit4Provider.invoke(JUnit4Provider.java:159)
	at org.apache.maven.surefire.booter.ForkedBooter.invokeProviderInSameClassLoader(ForkedBooter.java:384)
	at org.apache.maven.surefire.booter.ForkedBooter.runSuitesInProcess(ForkedBooter.java:345)
	at org.apache.maven.surefire.booter.ForkedBooter.execute(ForkedBooter.java:126)
	at org.apache.maven.surefire.booter.ForkedBooter.main(ForkedBooter.java:418)
</error>
    <system-out><![CDATA[2019-09-17 17:44:50,027 [main] WARN  server.ServerUtils (ServerUtils.java:getScmDbDir(145)) - ozone.scm.db.dirs is not configured. We recommend adding this setting. Falling back to ozone.metadata.dirs instead.
2019-09-17 17:44:50,109 [main] WARN  server.ServerUtils (ServerUtils.java:getScmDbDir(145)) - ozone.scm.db.dirs is not configured. We recommend adding this setting. Falling back to ozone.metadata.dirs instead.
2019-09-17 17:44:50,111 [main] WARN  server.ServerUtils (ServerUtils.java:getScmDbDir(145)) - ozone.scm.db.dirs is not configured. We recommend adding this setting. Falling back to ozone.metadata.dirs instead.
2019-09-17 17:44:50,125 [main] INFO  util.log (Log.java:initialized(192)) - Logging initialized @732ms
2019-09-17 17:44:50,204 [main] INFO  db.DBStoreBuilder (DBStoreBuilder.java:addTable(110)) - using custom profile for table: deletedBlocks
2019-09-17 17:44:50,204 [main] INFO  db.DBStoreBuilder (DBStoreBuilder.java:processTables(161)) - Using default column profile:DBProfile.DISK for Table:deletedBlocks
2019-09-17 17:44:50,204 [main] INFO  db.DBStoreBuilder (DBStoreBuilder.java:addTable(110)) - using custom profile for table: validCerts
2019-09-17 17:44:50,204 [main] INFO  db.DBStoreBuilder (DBStoreBuilder.java:processTables(161)) - Using default column profile:DBProfile.DISK for Table:validCerts
2019-09-17 17:44:50,205 [main] INFO  db.DBStoreBuilder (DBStoreBuilder.java:addTable(110)) - using custom profile for table: revokedCerts
2019-09-17 17:44:50,205 [main] INFO  db.DBStoreBuilder (DBStoreBuilder.java:processTables(161)) - Using default column profile:DBProfile.DISK for Table:revokedCerts
2019-09-17 17:44:50,214 [main] INFO  db.DBStoreBuilder (DBStoreBuilder.java:addTable(110)) - using custom profile for table: default
2019-09-17 17:44:50,214 [main] INFO  db.DBStoreBuilder (DBStoreBuilder.java:processTables(167)) - Using default column profile:DBProfile.DISK for Table:default
2019-09-17 17:44:50,215 [main] INFO  db.DBStoreBuilder (DBStoreBuilder.java:getDbProfile(198)) - Using default options. DBProfile.DISK
2019-09-17 17:44:50,479 [main] INFO  net.NodeSchemaLoader (NodeSchemaLoader.java:loadSchemaFromFile(125)) - Loading file from sun.misc.CompoundEnumeration@77888435
2019-09-17 17:44:50,481 [main] INFO  net.NodeSchemaLoader (NodeSchemaLoader.java:loadSchema(171)) - Loading network topology layer schema file
2019-09-17 17:44:50,558 [main] INFO  node.SCMNodeManager (SCMNodeManager.java:<init>(114)) - Entering startup safe mode.
2019-09-17 17:44:50,638 [main] INFO  algorithms.ContainerPlacementPolicyFactory (ContainerPlacementPolicyFactory.java:getPolicy(57)) - Create container placement policy of type org.apache.hadoop.hdds.scm.container.placement.algorithms.SCMContainerPlacementRandom
2019-09-17 17:44:50,653 [main] WARN  server.ServerUtils (ServerUtils.java:getScmDbDir(145)) - ozone.scm.db.dirs is not configured. We recommend adding this setting. Falling back to ozone.metadata.dirs instead.
2019-09-17 17:44:50,724 [main] INFO  pipeline.SCMPipelineManager (SCMPipelineManager.java:initializePipelineState(128)) - No pipeline exists in current db
2019-09-17 17:44:50,727 [main] WARN  server.ServerUtils (ServerUtils.java:getScmDbDir(145)) - ozone.scm.db.dirs is not configured. We recommend adding this setting. Falling back to ozone.metadata.dirs instead.
2019-09-17 17:44:50,819 [main] INFO  Configuration.deprecation (Configuration.java:logDeprecation(1394)) - No unit for hdds.scm.replication.thread.interval(2000) assuming MILLISECONDS
2019-09-17 17:44:50,854 [main] WARN  events.EventQueue (EventQueue.java:fireEvent(183)) - No event handler registered for event TypedEvent{payloadType=SafeModeStatus, name='SafeModeStatus'}
2019-09-17 17:44:51,239 [main] INFO  ipc.CallQueueManager (CallQueueManager.java:<init>(84)) - Using callQueue: class java.util.concurrent.LinkedBlockingQueue, queueCapacity: 2000, scheduler: class org.apache.hadoop.ipc.DefaultRpcScheduler, ipcBackoff: false.
2019-09-17 17:44:51,281 [Socket Reader #1 for port 35043] INFO  ipc.Server (Server.java:run(1074)) - Starting Socket Reader #1 for port 35043
2019-09-17 17:44:51,457 [main] INFO  ipc.CallQueueManager (CallQueueManager.java:<init>(84)) - Using callQueue: class java.util.concurrent.LinkedBlockingQueue, queueCapacity: 2000, scheduler: class org.apache.hadoop.ipc.DefaultRpcScheduler, ipcBackoff: false.
2019-09-17 17:44:51,459 [Socket Reader #1 for port 34975] INFO  ipc.Server (Server.java:run(1074)) - Starting Socket Reader #1 for port 34975
2019-09-17 17:44:51,470 [main] INFO  ipc.CallQueueManager (CallQueueManager.java:<init>(84)) - Using callQueue: class java.util.concurrent.LinkedBlockingQueue, queueCapacity: 2000, scheduler: class org.apache.hadoop.ipc.DefaultRpcScheduler, ipcBackoff: false.
2019-09-17 17:44:51,471 [Socket Reader #1 for port 44391] INFO  ipc.Server (Server.java:run(1074)) - Starting Socket Reader #1 for port 44391
2019-09-17 17:44:51,497 [main] INFO  hdfs.DFSUtil (DFSUtil.java:httpServerTemplateForNNAndJN(1641)) - Starting Web-server for scm at: http://0.0.0.0:0
2019-09-17 17:44:51,664 [main] INFO  server.AuthenticationFilter (AuthenticationFilter.java:constructSecretProvider(240)) - Unable to initialize FileSignerSecretProvider, falling back to use random secrets.
2019-09-17 17:44:51,672 [main] WARN  http.HttpRequestLog (HttpRequestLog.java:getRequestLog(97)) - Jetty request log can only be enabled using Log4j
2019-09-17 17:44:51,679 [main] INFO  http.HttpServer2 (HttpServer2.java:addGlobalFilter(975)) - Added global filter 'safety' (class=org.apache.hadoop.http.HttpServer2$QuotingInputFilter)
2019-09-17 17:44:51,682 [main] INFO  http.HttpServer2 (HttpServer2.java:addFilter(948)) - Added filter static_user_filter (class=org.apache.hadoop.http.lib.StaticUserWebFilter$StaticUserFilter) to context scm
2019-09-17 17:44:51,682 [main] INFO  http.HttpServer2 (HttpServer2.java:addFilter(958)) - Added filter static_user_filter (class=org.apache.hadoop.http.lib.StaticUserWebFilter$StaticUserFilter) to context static
2019-09-17 17:44:51,683 [main] INFO  http.HttpServer2 (HttpServer2.java:addFilter(958)) - Added filter static_user_filter (class=org.apache.hadoop.http.lib.StaticUserWebFilter$StaticUserFilter) to context logs
2019-09-17 17:44:51,713 [main] INFO  server.StorageContainerManager (StorageContainerManager.java:start(763)) - StorageContainerLocationProtocol RPC server is listening at /0.0.0.0:44391
2019-09-17 17:44:51,776 [main] WARN  impl.MetricsConfig (MetricsConfig.java:loadFirst(134)) - Cannot locate configuration: tried hadoop-metrics2-storagecontainermanager.properties,hadoop-metrics2.properties
2019-09-17 17:44:51,789 [main] INFO  impl.MetricsSystemImpl (MetricsSystemImpl.java:startTimer(374)) - Scheduled Metric snapshot period at 10 second(s).
2019-09-17 17:44:51,789 [main] INFO  impl.MetricsSystemImpl (MetricsSystemImpl.java:start(191)) - StorageContainerManager metrics system started
2019-09-17 17:44:52,029 [main] INFO  server.SCMClientProtocolServer (SCMClientProtocolServer.java:start(151)) - RPC server for Client  is listening at /0.0.0.0:44391
2019-09-17 17:44:52,030 [IPC Server Responder] INFO  ipc.Server (Server.java:run(1314)) - IPC Server Responder: starting
2019-09-17 17:44:52,030 [IPC Server listener on 44391] INFO  ipc.Server (Server.java:run(1153)) - IPC Server listener on 44391: starting
2019-09-17 17:44:52,033 [main] INFO  server.StorageContainerManager (StorageContainerManager.java:start(773)) - ScmBlockLocationProtocol RPC server is listening at /0.0.0.0:34975
2019-09-17 17:44:52,035 [main] INFO  server.SCMBlockProtocolServer (SCMBlockProtocolServer.java:start(146)) - RPC server for Block Protocol is listening at /0.0.0.0:34975
2019-09-17 17:44:52,035 [IPC Server Responder] INFO  ipc.Server (Server.java:run(1314)) - IPC Server Responder: starting
2019-09-17 17:44:52,035 [IPC Server listener on 34975] INFO  ipc.Server (Server.java:run(1153)) - IPC Server listener on 34975: starting
2019-09-17 17:44:52,038 [main] INFO  server.StorageContainerManager (StorageContainerManager.java:start(777)) - ScmDatanodeProtocl RPC server is listening at /0.0.0.0:35043
2019-09-17 17:44:52,038 [main] INFO  server.SCMDatanodeProtocolServer (SCMDatanodeProtocolServer.java:start(191)) - RPC server for DataNodes is listening at /0.0.0.0:35043
2019-09-17 17:44:52,038 [IPC Server Responder] INFO  ipc.Server (Server.java:run(1314)) - IPC Server Responder: starting
2019-09-17 17:44:52,038 [IPC Server listener on 35043] INFO  ipc.Server (Server.java:run(1153)) - IPC Server listener on 35043: starting
2019-09-17 17:44:52,042 [main] INFO  http.HttpServer2 (HttpServer2.java:bindListener(1191)) - Jetty bound to port 33462
2019-09-17 17:44:52,044 [main] INFO  server.Server (Server.java:doStart(351)) - jetty-9.3.24.v20180605, build timestamp: 2018-06-05T17:11:56Z, git hash: 84205aa28f11a4f31f2a3b86d1bba2cc8ab69827
2019-09-17 17:44:52,082 [main] INFO  handler.ContextHandler (ContextHandler.java:doStart(781)) - Started o.e.j.s.ServletContextHandler@6622fc65{/logs,file:///workdir/hadoop-ozone/integration-test/target/log,AVAILABLE}
2019-09-17 17:44:52,083 [main] INFO  handler.ContextHandler (ContextHandler.java:doStart(781)) - Started o.e.j.s.ServletContextHandler@23fb172e{/static,file:///workdir/hadoop-ozone/integration-test/target/test-classes/webapps/static,AVAILABLE}
2019-09-17 17:44:52,115 [main] INFO  handler.ContextHandler (ContextHandler.java:doStart(781)) - Started o.e.j.w.WebAppContext@3591009c{/,file:///workdir/hadoop-ozone/integration-test/target/test-classes/webapps/scm/,AVAILABLE}{/scm}
2019-09-17 17:44:52,121 [main] INFO  server.AbstractConnector (AbstractConnector.java:doStart(278)) - Started ServerConnector@2de366bb{HTTP/1.1,[http/1.1]}{0.0.0.0:33462}
2019-09-17 17:44:52,121 [main] INFO  server.Server (Server.java:doStart(419)) - Started @2728ms
2019-09-17 17:44:52,123 [main] INFO  impl.MetricsSinkAdapter (MetricsSinkAdapter.java:start(204)) - Sink prometheus started
2019-09-17 17:44:52,123 [main] INFO  impl.MetricsSystemImpl (MetricsSystemImpl.java:registerSink(301)) - Registered sink prometheus
2019-09-17 17:44:52,125 [main] INFO  server.BaseHttpServer (BaseHttpServer.java:updateConnectorAddress(215)) - HTTP server of SCM is listening at http://0.0.0.0:33462
2019-09-17 17:44:52,134 [org.apache.hadoop.util.JvmPauseMonitor$Monitor@64f857e7] INFO  util.JvmPauseMonitor (JvmPauseMonitor.java:run(188)) - Starting JVM pause monitor
2019-09-17 17:44:52,139 [main] WARN  server.ServerUtils (ServerUtils.java:getDBPath(222)) - ozone.om.db.dirs is not configured. We recommend adding this setting. Falling back to ozone.metadata.dirs instead.
2019-09-17 17:44:52,259 [main] WARN  server.ServerUtils (ServerUtils.java:getDBPath(222)) - ozone.om.db.dirs is not configured. We recommend adding this setting. Falling back to ozone.metadata.dirs instead.
2019-09-17 17:44:52,259 [main] WARN  server.ServerUtils (ServerUtils.java:getDBPath(222)) - ozone.om.db.dirs is not configured. We recommend adding this setting. Falling back to ozone.metadata.dirs instead.
2019-09-17 17:44:52,260 [main] INFO  om.OzoneManager (OzoneManager.java:setOMNodeDetails(649)) - OM Service ID is not set. Setting it to the default ID: omServiceIdDefault
2019-09-17 17:44:52,261 [main] INFO  om.OzoneManager (OzoneManager.java:setOMNodeDetails(655)) - OM Node ID is not set. Setting it to the OmStorage's OmID: 16c7ea39-5523-4f38-aa64-9a362744c1c5
2019-09-17 17:44:52,262 [main] INFO  om.OzoneManager (OzoneManager.java:loadOMHAConfigs(606)) - Found matching OM address with OMServiceId: null, OMNodeId: null, RPC Address: localhost:0 and Ratis port: 9872
2019-09-17 17:44:52,986 [main] WARN  server.ServerUtils (ServerUtils.java:getDBPath(222)) - ozone.om.db.dirs is not configured. We recommend adding this setting. Falling back to ozone.metadata.dirs instead.
2019-09-17 17:44:52,993 [main] INFO  db.DBStoreBuilder (DBStoreBuilder.java:addTable(110)) - using custom profile for table: userTable
2019-09-17 17:44:52,994 [main] INFO  db.DBStoreBuilder (DBStoreBuilder.java:processTables(161)) - Using default column profile:DBProfile.DISK for Table:userTable
2019-09-17 17:44:52,994 [main] INFO  db.DBStoreBuilder (DBStoreBuilder.java:addTable(110)) - using custom profile for table: volumeTable
2019-09-17 17:44:52,994 [main] INFO  db.DBStoreBuilder (DBStoreBuilder.java:processTables(161)) - Using default column profile:DBProfile.DISK for Table:volumeTable
2019-09-17 17:44:52,994 [main] INFO  db.DBStoreBuilder (DBStoreBuilder.java:addTable(110)) - using custom profile for table: bucketTable
2019-09-17 17:44:52,995 [main] INFO  db.DBStoreBuilder (DBStoreBuilder.java:processTables(161)) - Using default column profile:DBProfile.DISK for Table:bucketTable
2019-09-17 17:44:52,995 [main] INFO  db.DBStoreBuilder (DBStoreBuilder.java:addTable(110)) - using custom profile for table: keyTable
2019-09-17 17:44:52,995 [main] INFO  db.DBStoreBuilder (DBStoreBuilder.java:processTables(161)) - Using default column profile:DBProfile.DISK for Table:keyTable
2019-09-17 17:44:52,995 [main] INFO  db.DBStoreBuilder (DBStoreBuilder.java:addTable(110)) - using custom profile for table: deletedTable
2019-09-17 17:44:52,996 [main] INFO  db.DBStoreBuilder (DBStoreBuilder.java:processTables(161)) - Using default column profile:DBProfile.DISK for Table:deletedTable
2019-09-17 17:44:52,996 [main] INFO  db.DBStoreBuilder (DBStoreBuilder.java:addTable(110)) - using custom profile for table: openKeyTable
2019-09-17 17:44:52,996 [main] INFO  db.DBStoreBuilder (DBStoreBuilder.java:processTables(161)) - Using default column profile:DBProfile.DISK for Table:openKeyTable
2019-09-17 17:44:52,996 [main] INFO  db.DBStoreBuilder (DBStoreBuilder.java:addTable(110)) - using custom profile for table: s3Table
2019-09-17 17:44:52,997 [main] INFO  db.DBStoreBuilder (DBStoreBuilder.java:processTables(161)) - Using default column profile:DBProfile.DISK for Table:s3Table
2019-09-17 17:44:52,997 [main] INFO  db.DBStoreBuilder (DBStoreBuilder.java:addTable(110)) - using custom profile for table: multipartInfoTable
2019-09-17 17:44:52,997 [main] INFO  db.DBStoreBuilder (DBStoreBuilder.java:processTables(161)) - Using default column profile:DBProfile.DISK for Table:multipartInfoTable
2019-09-17 17:44:52,997 [main] INFO  db.DBStoreBuilder (DBStoreBuilder.java:addTable(110)) - using custom profile for table: dTokenTable
2019-09-17 17:44:52,997 [main] INFO  db.DBStoreBuilder (DBStoreBuilder.java:processTables(161)) - Using default column profile:DBProfile.DISK for Table:dTokenTable
2019-09-17 17:44:52,998 [main] INFO  db.DBStoreBuilder (DBStoreBuilder.java:addTable(110)) - using custom profile for table: s3SecretTable
2019-09-17 17:44:52,998 [main] INFO  db.DBStoreBuilder (DBStoreBuilder.java:processTables(161)) - Using default column profile:DBProfile.DISK for Table:s3SecretTable
2019-09-17 17:44:52,998 [main] INFO  db.DBStoreBuilder (DBStoreBuilder.java:addTable(110)) - using custom profile for table: prefixTable
2019-09-17 17:44:52,998 [main] INFO  db.DBStoreBuilder (DBStoreBuilder.java:processTables(161)) - Using default column profile:DBProfile.DISK for Table:prefixTable
2019-09-17 17:44:52,999 [main] INFO  db.DBStoreBuilder (DBStoreBuilder.java:addTable(110)) - using custom profile for table: default
2019-09-17 17:44:52,999 [main] INFO  db.DBStoreBuilder (DBStoreBuilder.java:processTables(167)) - Using default column profile:DBProfile.DISK for Table:default
2019-09-17 17:44:52,999 [main] INFO  db.DBStoreBuilder (DBStoreBuilder.java:getDbProfile(198)) - Using default options. DBProfile.DISK
2019-09-17 17:44:53,609 [main] INFO  ipc.CallQueueManager (CallQueueManager.java:<init>(84)) - Using callQueue: class java.util.concurrent.LinkedBlockingQueue, queueCapacity: 2000, scheduler: class org.apache.hadoop.ipc.DefaultRpcScheduler, ipcBackoff: false.
2019-09-17 17:44:53,610 [Socket Reader #1 for port 42736] INFO  ipc.Server (Server.java:run(1074)) - Starting Socket Reader #1 for port 42736
2019-09-17 17:44:53,637 [main] INFO  om.OzoneManager (OzoneManager.java:start(1240)) - OzoneManager RPC server is listening at localhost/127.0.0.1:42736
2019-09-17 17:44:53,637 [main] INFO  impl.MetricsSystemImpl (MetricsSystemImpl.java:init(158)) - OzoneManager metrics system started (again)
2019-09-17 17:44:53,639 [IPC Server Responder] INFO  ipc.Server (Server.java:run(1314)) - IPC Server Responder: starting
2019-09-17 17:44:53,639 [IPC Server listener on 42736] INFO  ipc.Server (Server.java:run(1153)) - IPC Server listener on 42736: starting
2019-09-17 17:44:53,644 [main] INFO  hdfs.DFSUtil (DFSUtil.java:httpServerTemplateForNNAndJN(1641)) - Starting Web-server for ozoneManager at: http://0.0.0.0:0
2019-09-17 17:44:53,646 [main] INFO  server.AuthenticationFilter (AuthenticationFilter.java:constructSecretProvider(240)) - Unable to initialize FileSignerSecretProvider, falling back to use random secrets.
2019-09-17 17:44:53,647 [main] WARN  http.HttpRequestLog (HttpRequestLog.java:getRequestLog(97)) - Jetty request log can only be enabled using Log4j
2019-09-17 17:44:53,650 [main] INFO  http.HttpServer2 (HttpServer2.java:addGlobalFilter(975)) - Added global filter 'safety' (class=org.apache.hadoop.http.HttpServer2$QuotingInputFilter)
2019-09-17 17:44:53,652 [main] INFO  http.HttpServer2 (HttpServer2.java:addFilter(948)) - Added filter static_user_filter (class=org.apache.hadoop.http.lib.StaticUserWebFilter$StaticUserFilter) to context ozoneManager
2019-09-17 17:44:53,652 [main] INFO  http.HttpServer2 (HttpServer2.java:addFilter(958)) - Added filter static_user_filter (class=org.apache.hadoop.http.lib.StaticUserWebFilter$StaticUserFilter) to context static
2019-09-17 17:44:53,652 [main] INFO  http.HttpServer2 (HttpServer2.java:addFilter(958)) - Added filter static_user_filter (class=org.apache.hadoop.http.lib.StaticUserWebFilter$StaticUserFilter) to context logs
2019-09-17 17:44:53,655 [main] INFO  http.HttpServer2 (HttpServer2.java:bindListener(1191)) - Jetty bound to port 43470
2019-09-17 17:44:53,655 [main] INFO  server.Server (Server.java:doStart(351)) - jetty-9.3.24.v20180605, build timestamp: 2018-06-05T17:11:56Z, git hash: 84205aa28f11a4f31f2a3b86d1bba2cc8ab69827
2019-09-17 17:44:53,658 [main] INFO  handler.ContextHandler (ContextHandler.java:doStart(781)) - Started o.e.j.s.ServletContextHandler@2571066a{/logs,file:///workdir/hadoop-ozone/integration-test/target/log,AVAILABLE}
2019-09-17 17:44:53,658 [main] INFO  handler.ContextHandler (ContextHandler.java:doStart(781)) - Started o.e.j.s.ServletContextHandler@4fe875be{/static,file:///workdir/hadoop-ozone/integration-test/target/test-classes/webapps/static,AVAILABLE}
2019-09-17 17:44:53,664 [main] INFO  handler.ContextHandler (ContextHandler.java:doStart(781)) - Started o.e.j.w.WebAppContext@773c0293{/,file:///workdir/hadoop-ozone/integration-test/target/test-classes/webapps/ozoneManager/,AVAILABLE}{/ozoneManager}
2019-09-17 17:44:53,666 [main] INFO  server.AbstractConnector (AbstractConnector.java:doStart(278)) - Started ServerConnector@55b8dbda{HTTP/1.1,[http/1.1]}{0.0.0.0:43470}
2019-09-17 17:44:53,666 [main] INFO  server.Server (Server.java:doStart(419)) - Started @4273ms
2019-09-17 17:44:53,667 [main] WARN  impl.MetricsSystemImpl (MetricsSystemImpl.java:register(276)) - Sink prometheus already exists!
2019-09-17 17:44:53,668 [main] INFO  server.BaseHttpServer (BaseHttpServer.java:updateConnectorAddress(215)) - HTTP server of OZONEMANAGER is listening at http://0.0.0.0:43470
2019-09-17 17:44:54,030 [main] INFO  impl.MetricsSystemImpl (MetricsSystemImpl.java:init(158)) - HddsDatanode metrics system started (again)
2019-09-17 17:44:54,079 [main] INFO  ozone.HddsDatanodeService (HddsDatanodeService.java:start(184)) - HddsDatanodeService host:pr-hdds-2032-8lzfw-2265526145 ip:192.168.151.107
2019-09-17 17:44:54,113 [main] INFO  volume.HddsVolume (HddsVolume.java:<init>(176)) - Creating Volume: /workdir/hadoop-ozone/integration-test/target/test-dir/MiniOzoneClusterImpl-05a0e1ff-4bc1-49cf-a712-a6e21cef61ae/datanode-0/data/containers/hdds of  storage type : DISK and capacity : 1482555576320
2019-09-17 17:44:54,115 [main] INFO  volume.VolumeSet (VolumeSet.java:initializeVolumeSet(170)) - Added Volume : /workdir/hadoop-ozone/integration-test/target/test-dir/MiniOzoneClusterImpl-05a0e1ff-4bc1-49cf-a712-a6e21cef61ae/datanode-0/data/containers/hdds to VolumeSet
2019-09-17 17:44:54,118 [main] INFO  volume.ThrottledAsyncChecker (ThrottledAsyncChecker.java:schedule(139)) - Scheduling a check for org.apache.hadoop.ozone.container.common.volume.HddsVolume@5c82cd4f
2019-09-17 17:44:54,135 [main] INFO  volume.HddsVolumeChecker (HddsVolumeChecker.java:checkAllVolumes(202)) - Scheduled health check for volume org.apache.hadoop.ozone.container.common.volume.HddsVolume@5c82cd4f
2019-09-17 17:44:54,241 [main] INFO  impl.RaftServerProxy (ConfUtils.java:logGet(43)) - raft.rpc.type = GRPC (default)
2019-09-17 17:44:54,333 [main] INFO  grpc.GrpcFactory (GrpcFactory.java:checkPooledByteBufAllocatorUseCacheForAllThreads(45)) - PERFORMANCE WARNING: useCacheForAllThreads is true that may cause Netty to create a lot garbage objects and, as a result, trigger GC.
	It is recommended to disable useCacheForAllThreads by setting -Dorg.apache.ratis.thirdparty.io.netty.allocator.useCacheForAllThreads=false in command line.
2019-09-17 17:44:54,340 [main] INFO  grpc.GrpcConfigKeys$Server (ConfUtils.java:logGet(43)) - raft.grpc.server.port = 0 (default)
2019-09-17 17:44:54,341 [main] INFO  server.GrpcService (ConfUtils.java:logGet(43)) - raft.grpc.message.size.max = 33570816 (custom)
2019-09-17 17:44:54,343 [main] INFO  server.RaftServerConfigKeys (ConfUtils.java:logGet(43)) - raft.server.log.appender.buffer.byte-limit = 33554432 (custom)
2019-09-17 17:44:54,344 [main] INFO  server.GrpcService (ConfUtils.java:logGet(43)) - raft.grpc.flow.control.window = 1MB (=1048576) (default)
2019-09-17 17:44:54,345 [main] INFO  server.RaftServerConfigKeys (ConfUtils.java:logGet(43)) - raft.server.rpc.request.timeout = 3000ms (default)
2019-09-17 17:44:54,558 [main] INFO  server.RaftServerConfigKeys (ConfUtils.java:logGet(43)) - raft.server.storage.dir = [/workdir/hadoop-ozone/integration-test/target/test-dir/MiniOzoneClusterImpl-05a0e1ff-4bc1-49cf-a712-a6e21cef61ae/datanode-0/data/ratis] (custom)
2019-09-17 17:44:54,619 [main] INFO  hdfs.DFSUtil (DFSUtil.java:httpServerTemplateForNNAndJN(1641)) - Starting Web-server for hddsDatanode at: http://0.0.0.0:0
2019-09-17 17:44:54,622 [main] INFO  server.AuthenticationFilter (AuthenticationFilter.java:constructSecretProvider(240)) - Unable to initialize FileSignerSecretProvider, falling back to use random secrets.
2019-09-17 17:44:54,624 [main] WARN  http.HttpRequestLog (HttpRequestLog.java:getRequestLog(97)) - Jetty request log can only be enabled using Log4j
2019-09-17 17:44:54,627 [main] INFO  http.HttpServer2 (HttpServer2.java:addGlobalFilter(975)) - Added global filter 'safety' (class=org.apache.hadoop.http.HttpServer2$QuotingInputFilter)
2019-09-17 17:44:54,628 [main] INFO  http.HttpServer2 (HttpServer2.java:addFilter(948)) - Added filter static_user_filter (class=org.apache.hadoop.http.lib.StaticUserWebFilter$StaticUserFilter) to context hddsDatanode
2019-09-17 17:44:54,629 [main] INFO  http.HttpServer2 (HttpServer2.java:addFilter(958)) - Added filter static_user_filter (class=org.apache.hadoop.http.lib.StaticUserWebFilter$StaticUserFilter) to context static
2019-09-17 17:44:54,629 [main] INFO  http.HttpServer2 (HttpServer2.java:addFilter(958)) - Added filter static_user_filter (class=org.apache.hadoop.http.lib.StaticUserWebFilter$StaticUserFilter) to context logs
2019-09-17 17:44:54,631 [main] INFO  http.HttpServer2 (HttpServer2.java:bindListener(1191)) - Jetty bound to port 38007
2019-09-17 17:44:54,631 [main] INFO  server.Server (Server.java:doStart(351)) - jetty-9.3.24.v20180605, build timestamp: 2018-06-05T17:11:56Z, git hash: 84205aa28f11a4f31f2a3b86d1bba2cc8ab69827
2019-09-17 17:44:54,635 [main] INFO  handler.ContextHandler (ContextHandler.java:doStart(781)) - Started o.e.j.s.ServletContextHandler@4fc3c165{/logs,file:///workdir/hadoop-ozone/integration-test/target/log,AVAILABLE}
2019-09-17 17:44:54,636 [main] INFO  handler.ContextHandler (ContextHandler.java:doStart(781)) - Started o.e.j.s.ServletContextHandler@7b6860f9{/static,jar:file:/home/user/.m2/repository/org/apache/hadoop/hadoop-hdds-container-service/0.5.0-SNAPSHOT/hadoop-hdds-container-service-0.5.0-SNAPSHOT.jar!/webapps/static,AVAILABLE}
2019-09-17 17:44:54,691 [main] INFO  handler.ContextHandler (ContextHandler.java:doStart(781)) - Started o.e.j.w.WebAppContext@26c47874{/,file:///tmp/jetty-0.0.0.0-38007-hddsDatanode-_-any-3599267106770262932.dir/webapp/,AVAILABLE}{/hddsDatanode}
2019-09-17 17:44:54,693 [main] INFO  server.AbstractConnector (AbstractConnector.java:doStart(278)) - Started ServerConnector@421056e5{HTTP/1.1,[http/1.1]}{0.0.0.0:38007}
2019-09-17 17:44:54,694 [main] INFO  server.Server (Server.java:doStart(419)) - Started @5300ms
2019-09-17 17:44:54,694 [main] WARN  impl.MetricsSystemImpl (MetricsSystemImpl.java:register(276)) - Sink prometheus already exists!
2019-09-17 17:44:54,695 [main] INFO  server.BaseHttpServer (BaseHttpServer.java:updateConnectorAddress(215)) - HTTP server of HDDSDATANODE is listening at http://0.0.0.0:38007
2019-09-17 17:44:54,696 [main] INFO  impl.MetricsSystemImpl (MetricsSystemImpl.java:init(158)) - HddsDatanode metrics system started (again)
2019-09-17 17:44:54,703 [main] INFO  ozone.HddsDatanodeService (HddsDatanodeService.java:start(184)) - HddsDatanodeService host:pr-hdds-2032-8lzfw-2265526145 ip:192.168.151.107
2019-09-17 17:44:54,704 [org.apache.hadoop.util.JvmPauseMonitor$Monitor@44845671] INFO  util.JvmPauseMonitor (JvmPauseMonitor.java:run(188)) - Starting JVM pause monitor
2019-09-17 17:44:54,717 [main] INFO  volume.HddsVolume (HddsVolume.java:<init>(176)) - Creating Volume: /workdir/hadoop-ozone/integration-test/target/test-dir/MiniOzoneClusterImpl-05a0e1ff-4bc1-49cf-a712-a6e21cef61ae/datanode-1/data/containers/hdds of  storage type : DISK and capacity : 1482555576320
2019-09-17 17:44:54,718 [main] INFO  volume.VolumeSet (VolumeSet.java:initializeVolumeSet(170)) - Added Volume : /workdir/hadoop-ozone/integration-test/target/test-dir/MiniOzoneClusterImpl-05a0e1ff-4bc1-49cf-a712-a6e21cef61ae/datanode-1/data/containers/hdds to VolumeSet
2019-09-17 17:44:54,718 [main] INFO  volume.ThrottledAsyncChecker (ThrottledAsyncChecker.java:schedule(139)) - Scheduling a check for org.apache.hadoop.ozone.container.common.volume.HddsVolume@80bfdc6
2019-09-17 17:44:54,720 [main] INFO  volume.HddsVolumeChecker (HddsVolumeChecker.java:checkAllVolumes(202)) - Scheduled health check for volume org.apache.hadoop.ozone.container.common.volume.HddsVolume@80bfdc6
2019-09-17 17:44:54,737 [main] INFO  impl.RaftServerProxy (ConfUtils.java:logGet(43)) - raft.rpc.type = GRPC (default)
2019-09-17 17:44:54,737 [main] INFO  grpc.GrpcFactory (GrpcFactory.java:checkPooledByteBufAllocatorUseCacheForAllThreads(45)) - PERFORMANCE WARNING: useCacheForAllThreads is true that may cause Netty to create a lot garbage objects and, as a result, trigger GC.
	It is recommended to disable useCacheForAllThreads by setting -Dorg.apache.ratis.thirdparty.io.netty.allocator.useCacheForAllThreads=false in command line.
2019-09-17 17:44:54,738 [main] INFO  grpc.GrpcConfigKeys$Server (ConfUtils.java:logGet(43)) - raft.grpc.server.port = 0 (default)
2019-09-17 17:44:54,738 [main] INFO  server.GrpcService (ConfUtils.java:logGet(43)) - raft.grpc.message.size.max = 33570816 (custom)
2019-09-17 17:44:54,738 [main] INFO  server.RaftServerConfigKeys (ConfUtils.java:logGet(43)) - raft.server.log.appender.buffer.byte-limit = 33554432 (custom)
2019-09-17 17:44:54,738 [main] INFO  server.GrpcService (ConfUtils.java:logGet(43)) - raft.grpc.flow.control.window = 1MB (=1048576) (default)
2019-09-17 17:44:54,739 [main] INFO  server.RaftServerConfigKeys (ConfUtils.java:logGet(43)) - raft.server.rpc.request.timeout = 3000ms (default)
2019-09-17 17:44:54,739 [main] INFO  server.RaftServerConfigKeys (ConfUtils.java:logGet(43)) - raft.server.storage.dir = [/workdir/hadoop-ozone/integration-test/target/test-dir/MiniOzoneClusterImpl-05a0e1ff-4bc1-49cf-a712-a6e21cef61ae/datanode-1/data/ratis] (custom)
2019-09-17 17:44:54,741 [main] INFO  hdfs.DFSUtil (DFSUtil.java:httpServerTemplateForNNAndJN(1641)) - Starting Web-server for hddsDatanode at: http://0.0.0.0:0
2019-09-17 17:44:54,743 [main] INFO  server.AuthenticationFilter (AuthenticationFilter.java:constructSecretProvider(240)) - Unable to initialize FileSignerSecretProvider, falling back to use random secrets.
2019-09-17 17:44:54,745 [main] WARN  http.HttpRequestLog (HttpRequestLog.java:getRequestLog(97)) - Jetty request log can only be enabled using Log4j
2019-09-17 17:44:54,747 [main] INFO  http.HttpServer2 (HttpServer2.java:addGlobalFilter(975)) - Added global filter 'safety' (class=org.apache.hadoop.http.HttpServer2$QuotingInputFilter)
2019-09-17 17:44:54,749 [main] INFO  http.HttpServer2 (HttpServer2.java:addFilter(948)) - Added filter static_user_filter (class=org.apache.hadoop.http.lib.StaticUserWebFilter$StaticUserFilter) to context hddsDatanode
2019-09-17 17:44:54,749 [main] INFO  http.HttpServer2 (HttpServer2.java:addFilter(958)) - Added filter static_user_filter (class=org.apache.hadoop.http.lib.StaticUserWebFilter$StaticUserFilter) to context logs
2019-09-17 17:44:54,749 [main] INFO  http.HttpServer2 (HttpServer2.java:addFilter(958)) - Added filter static_user_filter (class=org.apache.hadoop.http.lib.StaticUserWebFilter$StaticUserFilter) to context static
2019-09-17 17:44:54,751 [main] INFO  http.HttpServer2 (HttpServer2.java:bindListener(1191)) - Jetty bound to port 39777
2019-09-17 17:44:54,751 [main] INFO  server.Server (Server.java:doStart(351)) - jetty-9.3.24.v20180605, build timestamp: 2018-06-05T17:11:56Z, git hash: 84205aa28f11a4f31f2a3b86d1bba2cc8ab69827
2019-09-17 17:44:54,757 [main] INFO  handler.ContextHandler (ContextHandler.java:doStart(781)) - Started o.e.j.s.ServletContextHandler@78054f54{/logs,file:///workdir/hadoop-ozone/integration-test/target/log,AVAILABLE}
2019-09-17 17:44:54,758 [main] INFO  handler.ContextHandler (ContextHandler.java:doStart(781)) - Started o.e.j.s.ServletContextHandler@3dffc764{/static,jar:file:/home/user/.m2/repository/org/apache/hadoop/hadoop-hdds-container-service/0.5.0-SNAPSHOT/hadoop-hdds-container-service-0.5.0-SNAPSHOT.jar!/webapps/static,AVAILABLE}
2019-09-17 17:44:54,804 [main] INFO  handler.ContextHandler (ContextHandler.java:doStart(781)) - Started o.e.j.w.WebAppContext@3c87e6b7{/,file:///tmp/jetty-0.0.0.0-39777-hddsDatanode-_-any-1150202678716910761.dir/webapp/,AVAILABLE}{/hddsDatanode}
2019-09-17 17:44:54,805 [main] INFO  server.AbstractConnector (AbstractConnector.java:doStart(278)) - Started ServerConnector@77bbadc{HTTP/1.1,[http/1.1]}{0.0.0.0:39777}
2019-09-17 17:44:54,807 [main] INFO  server.Server (Server.java:doStart(419)) - Started @5413ms
2019-09-17 17:44:54,807 [main] WARN  impl.MetricsSystemImpl (MetricsSystemImpl.java:register(276)) - Sink prometheus already exists!
2019-09-17 17:44:54,808 [main] INFO  server.BaseHttpServer (BaseHttpServer.java:updateConnectorAddress(215)) - HTTP server of HDDSDATANODE is listening at http://0.0.0.0:39777
2019-09-17 17:44:54,808 [main] INFO  impl.MetricsSystemImpl (MetricsSystemImpl.java:init(158)) - HddsDatanode metrics system started (again)
2019-09-17 17:44:54,812 [org.apache.hadoop.util.JvmPauseMonitor$Monitor@d985705] INFO  util.JvmPauseMonitor (JvmPauseMonitor.java:run(188)) - Starting JVM pause monitor
2019-09-17 17:44:54,812 [main] INFO  ozone.HddsDatanodeService (HddsDatanodeService.java:start(184)) - HddsDatanodeService host:pr-hdds-2032-8lzfw-2265526145 ip:192.168.151.107
2019-09-17 17:44:54,821 [main] INFO  volume.HddsVolume (HddsVolume.java:<init>(176)) - Creating Volume: /workdir/hadoop-ozone/integration-test/target/test-dir/MiniOzoneClusterImpl-05a0e1ff-4bc1-49cf-a712-a6e21cef61ae/datanode-2/data/containers/hdds of  storage type : DISK and capacity : 1482555576320
2019-09-17 17:44:54,822 [main] INFO  volume.VolumeSet (VolumeSet.java:initializeVolumeSet(170)) - Added Volume : /workdir/hadoop-ozone/integration-test/target/test-dir/MiniOzoneClusterImpl-05a0e1ff-4bc1-49cf-a712-a6e21cef61ae/datanode-2/data/containers/hdds to VolumeSet
2019-09-17 17:44:54,822 [main] INFO  volume.ThrottledAsyncChecker (ThrottledAsyncChecker.java:schedule(139)) - Scheduling a check for org.apache.hadoop.ozone.container.common.volume.HddsVolume@53e800f9
2019-09-17 17:44:54,823 [main] INFO  volume.HddsVolumeChecker (HddsVolumeChecker.java:checkAllVolumes(202)) - Scheduled health check for volume org.apache.hadoop.ozone.container.common.volume.HddsVolume@53e800f9
2019-09-17 17:44:54,842 [main] INFO  impl.RaftServerProxy (ConfUtils.java:logGet(43)) - raft.rpc.type = GRPC (default)
2019-09-17 17:44:54,842 [main] INFO  grpc.GrpcFactory (GrpcFactory.java:checkPooledByteBufAllocatorUseCacheForAllThreads(45)) - PERFORMANCE WARNING: useCacheForAllThreads is true that may cause Netty to create a lot garbage objects and, as a result, trigger GC.
	It is recommended to disable useCacheForAllThreads by setting -Dorg.apache.ratis.thirdparty.io.netty.allocator.useCacheForAllThreads=false in command line.
2019-09-17 17:44:54,842 [main] INFO  grpc.GrpcConfigKeys$Server (ConfUtils.java:logGet(43)) - raft.grpc.server.port = 0 (default)
2019-09-17 17:44:54,843 [main] INFO  server.GrpcService (ConfUtils.java:logGet(43)) - raft.grpc.message.size.max = 33570816 (custom)
2019-09-17 17:44:54,843 [main] INFO  server.RaftServerConfigKeys (ConfUtils.java:logGet(43)) - raft.server.log.appender.buffer.byte-limit = 33554432 (custom)
2019-09-17 17:44:54,843 [main] INFO  server.GrpcService (ConfUtils.java:logGet(43)) - raft.grpc.flow.control.window = 1MB (=1048576) (default)
2019-09-17 17:44:54,844 [main] INFO  server.RaftServerConfigKeys (ConfUtils.java:logGet(43)) - raft.server.rpc.request.timeout = 3000ms (default)
2019-09-17 17:44:54,844 [main] INFO  server.RaftServerConfigKeys (ConfUtils.java:logGet(43)) - raft.server.storage.dir = [/workdir/hadoop-ozone/integration-test/target/test-dir/MiniOzoneClusterImpl-05a0e1ff-4bc1-49cf-a712-a6e21cef61ae/datanode-2/data/ratis] (custom)
2019-09-17 17:44:54,847 [main] INFO  hdfs.DFSUtil (DFSUtil.java:httpServerTemplateForNNAndJN(1641)) - Starting Web-server for hddsDatanode at: http://0.0.0.0:0
2019-09-17 17:44:54,847 [Datanode State Machine Thread - 0] INFO  datanode.InitDatanodeState (InitDatanodeState.java:persistContainerDatanodeDetails(140)) - DatanodeDetails is persisted to /workdir/hadoop-ozone/integration-test/target/test-dir/MiniOzoneClusterImpl-05a0e1ff-4bc1-49cf-a712-a6e21cef61ae/datanode-0/meta/datanode.id
2019-09-17 17:44:54,850 [main] INFO  server.AuthenticationFilter (AuthenticationFilter.java:constructSecretProvider(240)) - Unable to initialize FileSignerSecretProvider, falling back to use random secrets.
2019-09-17 17:44:54,851 [main] WARN  http.HttpRequestLog (HttpRequestLog.java:getRequestLog(97)) - Jetty request log can only be enabled using Log4j
2019-09-17 17:44:54,852 [Datanode State Machine Thread - 0] INFO  datanode.InitDatanodeState (InitDatanodeState.java:persistContainerDatanodeDetails(140)) - DatanodeDetails is persisted to /workdir/hadoop-ozone/integration-test/target/test-dir/MiniOzoneClusterImpl-05a0e1ff-4bc1-49cf-a712-a6e21cef61ae/datanode-1/meta/datanode.id
2019-09-17 17:44:54,853 [main] INFO  http.HttpServer2 (HttpServer2.java:addGlobalFilter(975)) - Added global filter 'safety' (class=org.apache.hadoop.http.HttpServer2$QuotingInputFilter)
2019-09-17 17:44:54,854 [main] INFO  http.HttpServer2 (HttpServer2.java:addFilter(948)) - Added filter static_user_filter (class=org.apache.hadoop.http.lib.StaticUserWebFilter$StaticUserFilter) to context hddsDatanode
2019-09-17 17:44:54,854 [main] INFO  http.HttpServer2 (HttpServer2.java:addFilter(958)) - Added filter static_user_filter (class=org.apache.hadoop.http.lib.StaticUserWebFilter$StaticUserFilter) to context logs
2019-09-17 17:44:54,854 [main] INFO  http.HttpServer2 (HttpServer2.java:addFilter(958)) - Added filter static_user_filter (class=org.apache.hadoop.http.lib.StaticUserWebFilter$StaticUserFilter) to context static
2019-09-17 17:44:54,855 [main] INFO  http.HttpServer2 (HttpServer2.java:bindListener(1191)) - Jetty bound to port 36113
2019-09-17 17:44:54,856 [main] INFO  server.Server (Server.java:doStart(351)) - jetty-9.3.24.v20180605, build timestamp: 2018-06-05T17:11:56Z, git hash: 84205aa28f11a4f31f2a3b86d1bba2cc8ab69827
2019-09-17 17:44:54,858 [main] INFO  handler.ContextHandler (ContextHandler.java:doStart(781)) - Started o.e.j.s.ServletContextHandler@522bf64e{/logs,file:///workdir/hadoop-ozone/integration-test/target/log,AVAILABLE}
2019-09-17 17:44:54,858 [main] INFO  handler.ContextHandler (ContextHandler.java:doStart(781)) - Started o.e.j.s.ServletContextHandler@5f0f9947{/static,jar:file:/home/user/.m2/repository/org/apache/hadoop/hadoop-hdds-container-service/0.5.0-SNAPSHOT/hadoop-hdds-container-service-0.5.0-SNAPSHOT.jar!/webapps/static,AVAILABLE}
2019-09-17 17:44:54,890 [main] INFO  handler.ContextHandler (ContextHandler.java:doStart(781)) - Started o.e.j.w.WebAppContext@6dcc40f5{/,file:///tmp/jetty-0.0.0.0-36113-hddsDatanode-_-any-5543354436201646346.dir/webapp/,AVAILABLE}{/hddsDatanode}
2019-09-17 17:44:54,891 [main] INFO  server.AbstractConnector (AbstractConnector.java:doStart(278)) - Started ServerConnector@2b680207{HTTP/1.1,[http/1.1]}{0.0.0.0:36113}
2019-09-17 17:44:54,892 [main] INFO  server.Server (Server.java:doStart(419)) - Started @5499ms
2019-09-17 17:44:54,893 [main] WARN  impl.MetricsSystemImpl (MetricsSystemImpl.java:register(276)) - Sink prometheus already exists!
2019-09-17 17:44:54,894 [main] INFO  server.BaseHttpServer (BaseHttpServer.java:updateConnectorAddress(215)) - HTTP server of HDDSDATANODE is listening at http://0.0.0.0:36113
2019-09-17 17:44:54,894 [main] INFO  impl.MetricsSystemImpl (MetricsSystemImpl.java:init(158)) - HddsDatanode metrics system started (again)
2019-09-17 17:44:54,897 [main] INFO  ozone.HddsDatanodeService (HddsDatanodeService.java:start(184)) - HddsDatanodeService host:pr-hdds-2032-8lzfw-2265526145 ip:192.168.151.107
2019-09-17 17:44:54,897 [org.apache.hadoop.util.JvmPauseMonitor$Monitor@21034568] INFO  util.JvmPauseMonitor (JvmPauseMonitor.java:run(188)) - Starting JVM pause monitor
2019-09-17 17:44:54,901 [Datanode State Machine Thread - 0] INFO  datanode.InitDatanodeState (InitDatanodeState.java:persistContainerDatanodeDetails(140)) - DatanodeDetails is persisted to /workdir/hadoop-ozone/integration-test/target/test-dir/MiniOzoneClusterImpl-05a0e1ff-4bc1-49cf-a712-a6e21cef61ae/datanode-2/meta/datanode.id
2019-09-17 17:44:54,908 [main] INFO  volume.HddsVolume (HddsVolume.java:<init>(176)) - Creating Volume: /workdir/hadoop-ozone/integration-test/target/test-dir/MiniOzoneClusterImpl-05a0e1ff-4bc1-49cf-a712-a6e21cef61ae/datanode-3/data/containers/hdds of  storage type : DISK and capacity : 1482555576320
2019-09-17 17:44:54,909 [main] INFO  volume.VolumeSet (VolumeSet.java:initializeVolumeSet(170)) - Added Volume : /workdir/hadoop-ozone/integration-test/target/test-dir/MiniOzoneClusterImpl-05a0e1ff-4bc1-49cf-a712-a6e21cef61ae/datanode-3/data/containers/hdds to VolumeSet
2019-09-17 17:44:54,910 [main] INFO  volume.ThrottledAsyncChecker (ThrottledAsyncChecker.java:schedule(139)) - Scheduling a check for org.apache.hadoop.ozone.container.common.volume.HddsVolume@588f63c
2019-09-17 17:44:54,910 [main] INFO  volume.HddsVolumeChecker (HddsVolumeChecker.java:checkAllVolumes(202)) - Scheduled health check for volume org.apache.hadoop.ozone.container.common.volume.HddsVolume@588f63c
2019-09-17 17:44:54,924 [main] INFO  impl.RaftServerProxy (ConfUtils.java:logGet(43)) - raft.rpc.type = GRPC (default)
2019-09-17 17:44:54,924 [main] INFO  grpc.GrpcFactory (GrpcFactory.java:checkPooledByteBufAllocatorUseCacheForAllThreads(45)) - PERFORMANCE WARNING: useCacheForAllThreads is true that may cause Netty to create a lot garbage objects and, as a result, trigger GC.
	It is recommended to disable useCacheForAllThreads by setting -Dorg.apache.ratis.thirdparty.io.netty.allocator.useCacheForAllThreads=false in command line.
2019-09-17 17:44:54,924 [main] INFO  grpc.GrpcConfigKeys$Server (ConfUtils.java:logGet(43)) - raft.grpc.server.port = 0 (default)
2019-09-17 17:44:54,925 [main] INFO  server.GrpcService (ConfUtils.java:logGet(43)) - raft.grpc.message.size.max = 33570816 (custom)
2019-09-17 17:44:54,925 [main] INFO  server.RaftServerConfigKeys (ConfUtils.java:logGet(43)) - raft.server.log.appender.buffer.byte-limit = 33554432 (custom)
2019-09-17 17:44:54,925 [main] INFO  server.GrpcService (ConfUtils.java:logGet(43)) - raft.grpc.flow.control.window = 1MB (=1048576) (default)
2019-09-17 17:44:54,925 [main] INFO  server.RaftServerConfigKeys (ConfUtils.java:logGet(43)) - raft.server.rpc.request.timeout = 3000ms (default)
2019-09-17 17:44:54,926 [main] INFO  server.RaftServerConfigKeys (ConfUtils.java:logGet(43)) - raft.server.storage.dir = [/workdir/hadoop-ozone/integration-test/target/test-dir/MiniOzoneClusterImpl-05a0e1ff-4bc1-49cf-a712-a6e21cef61ae/datanode-3/data/ratis] (custom)
2019-09-17 17:44:54,927 [main] INFO  hdfs.DFSUtil (DFSUtil.java:httpServerTemplateForNNAndJN(1641)) - Starting Web-server for hddsDatanode at: http://0.0.0.0:0
2019-09-17 17:44:54,929 [main] INFO  server.AuthenticationFilter (AuthenticationFilter.java:constructSecretProvider(240)) - Unable to initialize FileSignerSecretProvider, falling back to use random secrets.
2019-09-17 17:44:54,929 [main] WARN  http.HttpRequestLog (HttpRequestLog.java:getRequestLog(97)) - Jetty request log can only be enabled using Log4j
2019-09-17 17:44:54,930 [main] INFO  http.HttpServer2 (HttpServer2.java:addGlobalFilter(975)) - Added global filter 'safety' (class=org.apache.hadoop.http.HttpServer2$QuotingInputFilter)
2019-09-17 17:44:54,931 [main] INFO  http.HttpServer2 (HttpServer2.java:addFilter(948)) - Added filter static_user_filter (class=org.apache.hadoop.http.lib.StaticUserWebFilter$StaticUserFilter) to context hddsDatanode
2019-09-17 17:44:54,931 [main] INFO  http.HttpServer2 (HttpServer2.java:addFilter(958)) - Added filter static_user_filter (class=org.apache.hadoop.http.lib.StaticUserWebFilter$StaticUserFilter) to context logs
2019-09-17 17:44:54,931 [main] INFO  http.HttpServer2 (HttpServer2.java:addFilter(958)) - Added filter static_user_filter (class=org.apache.hadoop.http.lib.StaticUserWebFilter$StaticUserFilter) to context static
2019-09-17 17:44:54,932 [main] INFO  http.HttpServer2 (HttpServer2.java:bindListener(1191)) - Jetty bound to port 41711
2019-09-17 17:44:54,932 [main] INFO  server.Server (Server.java:doStart(351)) - jetty-9.3.24.v20180605, build timestamp: 2018-06-05T17:11:56Z, git hash: 84205aa28f11a4f31f2a3b86d1bba2cc8ab69827
2019-09-17 17:44:54,939 [main] INFO  handler.ContextHandler (ContextHandler.java:doStart(781)) - Started o.e.j.s.ServletContextHandler@3dfa819{/logs,file:///workdir/hadoop-ozone/integration-test/target/log,AVAILABLE}
2019-09-17 17:44:54,939 [main] INFO  handler.ContextHandler (ContextHandler.java:doStart(781)) - Started o.e.j.s.ServletContextHandler@68ab0936{/static,jar:file:/home/user/.m2/repository/org/apache/hadoop/hadoop-hdds-container-service/0.5.0-SNAPSHOT/hadoop-hdds-container-service-0.5.0-SNAPSHOT.jar!/webapps/static,AVAILABLE}
2019-09-17 17:44:54,968 [main] INFO  handler.ContextHandler (ContextHandler.java:doStart(781)) - Started o.e.j.w.WebAppContext@69fe0ed4{/,file:///tmp/jetty-0.0.0.0-41711-hddsDatanode-_-any-1389776257868671567.dir/webapp/,AVAILABLE}{/hddsDatanode}
2019-09-17 17:44:54,969 [main] INFO  server.AbstractConnector (AbstractConnector.java:doStart(278)) - Started ServerConnector@20ab3e3a{HTTP/1.1,[http/1.1]}{0.0.0.0:41711}
2019-09-17 17:44:54,969 [main] INFO  server.Server (Server.java:doStart(419)) - Started @5576ms
2019-09-17 17:44:54,970 [main] WARN  impl.MetricsSystemImpl (MetricsSystemImpl.java:register(276)) - Sink prometheus already exists!
2019-09-17 17:44:54,971 [main] INFO  server.BaseHttpServer (BaseHttpServer.java:updateConnectorAddress(215)) - HTTP server of HDDSDATANODE is listening at http://0.0.0.0:41711
2019-09-17 17:44:54,973 [main] INFO  ozone.MiniOzoneClusterImpl (MiniOzoneClusterImpl.java:lambda$waitForClusterToBeReady$0(145)) - Waiting for cluster to be ready. Got 0 of 4 DN Heartbeats.
2019-09-17 17:44:54,975 [org.apache.hadoop.util.JvmPauseMonitor$Monitor@2b8f80d2] INFO  util.JvmPauseMonitor (JvmPauseMonitor.java:run(188)) - Starting JVM pause monitor
2019-09-17 17:44:54,978 [Datanode State Machine Thread - 0] INFO  datanode.InitDatanodeState (InitDatanodeState.java:persistContainerDatanodeDetails(140)) - DatanodeDetails is persisted to /workdir/hadoop-ozone/integration-test/target/test-dir/MiniOzoneClusterImpl-05a0e1ff-4bc1-49cf-a712-a6e21cef61ae/datanode-3/meta/datanode.id
2019-09-17 17:44:55,974 [main] INFO  ozone.MiniOzoneClusterImpl (MiniOzoneClusterImpl.java:lambda$waitForClusterToBeReady$0(145)) - Waiting for cluster to be ready. Got 0 of 4 DN Heartbeats.
2019-09-17 17:44:56,767 [Datanode State Machine Thread - 0] INFO  ozoneimpl.OzoneContainer (OzoneContainer.java:start(217)) - Attempting to start container services.
2019-09-17 17:44:56,770 [Datanode State Machine Thread - 0] INFO  ozoneimpl.OzoneContainer (OzoneContainer.java:startContainerScrub(179)) - Background container scanner has been disabled.
2019-09-17 17:44:56,770 [Datanode State Machine Thread - 0] INFO  ratis.XceiverServerRatis (XceiverServerRatis.java:start(411)) - Starting XceiverServerRatis 7f185e73-d64c-4bcf-a80a-484e7c2cc57e at port 0
2019-09-17 17:44:56,797 [Datanode State Machine Thread - 0] INFO  impl.RaftServerProxy (RaftServerProxy.java:lambda$start$3(299)) - 7f185e73-d64c-4bcf-a80a-484e7c2cc57e: start RPC server
2019-09-17 17:44:56,829 [Datanode State Machine Thread - 0] INFO  ozoneimpl.OzoneContainer (OzoneContainer.java:start(217)) - Attempting to start container services.
2019-09-17 17:44:56,835 [Datanode State Machine Thread - 0] INFO  ozoneimpl.OzoneContainer (OzoneContainer.java:startContainerScrub(179)) - Background container scanner has been disabled.
2019-09-17 17:44:56,835 [Datanode State Machine Thread - 0] INFO  ratis.XceiverServerRatis (XceiverServerRatis.java:start(411)) - Starting XceiverServerRatis 0f81c715-a3ce-4b9d-b292-67c21d102703 at port 0
2019-09-17 17:44:56,845 [Datanode State Machine Thread - 0] INFO  impl.RaftServerProxy (RaftServerProxy.java:lambda$start$3(299)) - 0f81c715-a3ce-4b9d-b292-67c21d102703: start RPC server
2019-09-17 17:44:56,910 [Datanode State Machine Thread - 0] INFO  ozoneimpl.OzoneContainer (OzoneContainer.java:start(217)) - Attempting to start container services.
2019-09-17 17:44:56,912 [Datanode State Machine Thread - 0] INFO  ozoneimpl.OzoneContainer (OzoneContainer.java:startContainerScrub(179)) - Background container scanner has been disabled.
2019-09-17 17:44:56,913 [Datanode State Machine Thread - 0] INFO  ratis.XceiverServerRatis (XceiverServerRatis.java:start(411)) - Starting XceiverServerRatis cdb95cdb-ffc6-44e7-b339-82010674a1ad at port 0
2019-09-17 17:44:56,921 [Datanode State Machine Thread - 0] INFO  impl.RaftServerProxy (RaftServerProxy.java:lambda$start$3(299)) - cdb95cdb-ffc6-44e7-b339-82010674a1ad: start RPC server
2019-09-17 17:44:56,974 [main] INFO  ozone.MiniOzoneClusterImpl (MiniOzoneClusterImpl.java:lambda$waitForClusterToBeReady$0(145)) - Waiting for cluster to be ready. Got 0 of 4 DN Heartbeats.
2019-09-17 17:44:56,980 [Datanode State Machine Thread - 0] INFO  server.GrpcService (GrpcService.java:startImpl(158)) - 7f185e73-d64c-4bcf-a80a-484e7c2cc57e: GrpcService started, listening on 0.0.0.0/0.0.0.0:43578
2019-09-17 17:44:56,980 [Datanode State Machine Thread - 0] INFO  server.GrpcService (GrpcService.java:startImpl(158)) - cdb95cdb-ffc6-44e7-b339-82010674a1ad: GrpcService started, listening on 0.0.0.0/0.0.0.0:44462
2019-09-17 17:44:56,981 [Datanode State Machine Thread - 0] INFO  ratis.XceiverServerRatis (XceiverServerRatis.java:start(421)) - XceiverServerRatis 7f185e73-d64c-4bcf-a80a-484e7c2cc57e is started using port 43578
2019-09-17 17:44:56,980 [Datanode State Machine Thread - 0] INFO  server.GrpcService (GrpcService.java:startImpl(158)) - 0f81c715-a3ce-4b9d-b292-67c21d102703: GrpcService started, listening on 0.0.0.0/0.0.0.0:45423
2019-09-17 17:44:56,981 [Datanode State Machine Thread - 0] INFO  ratis.XceiverServerRatis (XceiverServerRatis.java:start(421)) - XceiverServerRatis cdb95cdb-ffc6-44e7-b339-82010674a1ad is started using port 44462
2019-09-17 17:44:56,981 [Datanode State Machine Thread - 0] INFO  ratis.XceiverServerRatis (XceiverServerRatis.java:start(421)) - XceiverServerRatis 0f81c715-a3ce-4b9d-b292-67c21d102703 is started using port 45423
2019-09-17 17:44:56,987 [Datanode State Machine Thread - 0] INFO  server.XceiverServerGrpc (XceiverServerGrpc.java:start(163)) - XceiverServerGrpc 7f185e73-d64c-4bcf-a80a-484e7c2cc57e is started using port 41967
2019-09-17 17:44:56,987 [Datanode State Machine Thread - 0] INFO  server.XceiverServerGrpc (XceiverServerGrpc.java:start(163)) - XceiverServerGrpc 0f81c715-a3ce-4b9d-b292-67c21d102703 is started using port 33463
2019-09-17 17:44:56,987 [Datanode State Machine Thread - 0] INFO  server.XceiverServerGrpc (XceiverServerGrpc.java:start(163)) - XceiverServerGrpc cdb95cdb-ffc6-44e7-b339-82010674a1ad is started using port 44449
2019-09-17 17:44:56,991 [Datanode State Machine Thread - 0] INFO  ozoneimpl.OzoneContainer (OzoneContainer.java:start(217)) - Attempting to start container services.
2019-09-17 17:44:56,993 [Datanode State Machine Thread - 0] INFO  ozoneimpl.OzoneContainer (OzoneContainer.java:startContainerScrub(179)) - Background container scanner has been disabled.
2019-09-17 17:44:56,993 [Datanode State Machine Thread - 0] INFO  ratis.XceiverServerRatis (XceiverServerRatis.java:start(411)) - Starting XceiverServerRatis a2cfc3cc-ebbd-4b2c-a705-d69374f007be at port 0
2019-09-17 17:44:57,006 [Datanode State Machine Thread - 0] INFO  impl.RaftServerProxy (RaftServerProxy.java:lambda$start$3(299)) - a2cfc3cc-ebbd-4b2c-a705-d69374f007be: start RPC server
2019-09-17 17:44:57,008 [Datanode State Machine Thread - 0] INFO  server.GrpcService (GrpcService.java:startImpl(158)) - a2cfc3cc-ebbd-4b2c-a705-d69374f007be: GrpcService started, listening on 0.0.0.0/0.0.0.0:33815
2019-09-17 17:44:57,008 [Datanode State Machine Thread - 0] INFO  ratis.XceiverServerRatis (XceiverServerRatis.java:start(421)) - XceiverServerRatis a2cfc3cc-ebbd-4b2c-a705-d69374f007be is started using port 33815
2019-09-17 17:44:57,010 [Datanode State Machine Thread - 0] INFO  server.XceiverServerGrpc (XceiverServerGrpc.java:start(163)) - XceiverServerGrpc a2cfc3cc-ebbd-4b2c-a705-d69374f007be is started using port 38568
2019-09-17 17:44:57,975 [main] INFO  ozone.MiniOzoneClusterImpl (MiniOzoneClusterImpl.java:lambda$waitForClusterToBeReady$0(145)) - Waiting for cluster to be ready. Got 0 of 4 DN Heartbeats.
2019-09-17 17:44:58,743 [IPC Server handler 0 on 35043] INFO  net.NetworkTopology (NetworkTopologyImpl.java:add(111)) - Added a new node: /default-rack/7f185e73-d64c-4bcf-a80a-484e7c2cc57e
2019-09-17 17:44:58,744 [IPC Server handler 0 on 35043] INFO  node.SCMNodeManager (SCMNodeManager.java:register(266)) - Registered Data node : 7f185e73-d64c-4bcf-a80a-484e7c2cc57e{ip: 192.168.151.107, host: pr-hdds-2032-8lzfw-2265526145, networkLocation: /default-rack, certSerialId: null}
2019-09-17 17:44:58,749 [EventQueue-NodeRegistrationContainerReportForDataNodeSafeModeRule] INFO  safemode.SCMSafeModeManager (DataNodeSafeModeRule.java:process(71)) - SCM in safe mode. 1 DataNodes registered, 1 required.
2019-09-17 17:44:58,749 [EventQueue-NodeRegistrationContainerReportForDataNodeSafeModeRule] INFO  safemode.SCMSafeModeManager (SCMSafeModeManager.java:validateSafeModeExitRules(177)) - ScmSafeModeManager, all rules are successfully validated
2019-09-17 17:44:58,749 [EventQueue-NodeRegistrationContainerReportForDataNodeSafeModeRule] INFO  safemode.SCMSafeModeManager (SCMSafeModeManager.java:exitSafeMode(193)) - SCM exiting safe mode.
2019-09-17 17:44:58,817 [IPC Server handler 2 on 35043] INFO  net.NetworkTopology (NetworkTopologyImpl.java:add(111)) - Added a new node: /default-rack/0f81c715-a3ce-4b9d-b292-67c21d102703
2019-09-17 17:44:58,818 [IPC Server handler 2 on 35043] INFO  node.SCMNodeManager (SCMNodeManager.java:register(266)) - Registered Data node : 0f81c715-a3ce-4b9d-b292-67c21d102703{ip: 192.168.151.107, host: pr-hdds-2032-8lzfw-2265526145, networkLocation: /default-rack, certSerialId: null}
2019-09-17 17:44:58,901 [IPC Server handler 3 on 35043] INFO  net.NetworkTopology (NetworkTopologyImpl.java:add(111)) - Added a new node: /default-rack/cdb95cdb-ffc6-44e7-b339-82010674a1ad
2019-09-17 17:44:58,901 [IPC Server handler 3 on 35043] INFO  node.SCMNodeManager (SCMNodeManager.java:register(266)) - Registered Data node : cdb95cdb-ffc6-44e7-b339-82010674a1ad{ip: 192.168.151.107, host: pr-hdds-2032-8lzfw-2265526145, networkLocation: /default-rack, certSerialId: null}
2019-09-17 17:44:58,978 [main] INFO  ozone.MiniOzoneClusterImpl (MiniOzoneClusterImpl.java:lambda$waitForClusterToBeReady$0(145)) - Waiting for cluster to be ready. Got 3 of 4 DN Heartbeats.
2019-09-17 17:44:58,978 [IPC Server handler 4 on 35043] INFO  net.NetworkTopology (NetworkTopologyImpl.java:add(111)) - Added a new node: /default-rack/a2cfc3cc-ebbd-4b2c-a705-d69374f007be
2019-09-17 17:44:58,979 [IPC Server handler 4 on 35043] INFO  node.SCMNodeManager (SCMNodeManager.java:register(266)) - Registered Data node : a2cfc3cc-ebbd-4b2c-a705-d69374f007be{ip: 192.168.151.107, host: pr-hdds-2032-8lzfw-2265526145, networkLocation: /default-rack, certSerialId: null}
2019-09-17 17:44:59,254 [grpc-default-executor-0] INFO  impl.RaftServerProxy (RaftServerProxy.java:addNew(89)) - 7f185e73-d64c-4bcf-a80a-484e7c2cc57e: addNew group-690310BF2360:[7f185e73-d64c-4bcf-a80a-484e7c2cc57e:192.168.151.107:43578] returns group-690310BF2360:java.util.concurrent.CompletableFuture@52a2a139[Not completed]
2019-09-17 17:44:59,274 [pool-27-thread-1] INFO  impl.RaftServerImpl (RaftServerImpl.java:<init>(95)) - 7f185e73-d64c-4bcf-a80a-484e7c2cc57e: new RaftServerImpl for group-690310BF2360:[7f185e73-d64c-4bcf-a80a-484e7c2cc57e:192.168.151.107:43578] with ContainerStateMachine:uninitialized
2019-09-17 17:44:59,277 [pool-27-thread-1] INFO  server.RaftServerConfigKeys (ConfUtils.java:logGet(43)) - raft.server.rpc.timeout.min = 5s (custom)
2019-09-17 17:44:59,279 [pool-27-thread-1] INFO  server.RaftServerConfigKeys (ConfUtils.java:logGet(43)) - raft.server.rpc.timeout.max = 5200ms (custom)
2019-09-17 17:44:59,279 [pool-27-thread-1] INFO  server.RaftServerConfigKeys (ConfUtils.java:logGet(43)) - raft.server.rpcslowness.timeout = 1000s (custom)
2019-09-17 17:44:59,279 [pool-27-thread-1] INFO  server.RaftServerConfigKeys (ConfUtils.java:logGet(43)) - raft.server.sleep.deviation.threshold = 300 (default)
2019-09-17 17:44:59,280 [pool-27-thread-1] INFO  server.RaftServerConfigKeys (ConfUtils.java:logGet(43)) - raft.server.log.appender.install.snapshot.enabled = false (custom)
2019-09-17 17:44:59,290 [pool-27-thread-1] INFO  impl.RaftServerImpl (ServerState.java:<init>(103)) - 7f185e73-d64c-4bcf-a80a-484e7c2cc57e@group-690310BF2360: ConfigurationManager, init=-1: [7f185e73-d64c-4bcf-a80a-484e7c2cc57e:192.168.151.107:43578], old=null, confs=<EMPTY_MAP>
2019-09-17 17:44:59,290 [pool-27-thread-1] INFO  server.RaftServerConfigKeys (ConfUtils.java:logGet(43)) - raft.server.storage.dir = [/workdir/hadoop-ozone/integration-test/target/test-dir/MiniOzoneClusterImpl-05a0e1ff-4bc1-49cf-a712-a6e21cef61ae/datanode-0/data/ratis] (custom)
2019-09-17 17:44:59,298 [pool-27-thread-1] INFO  storage.RaftStorageDirectory (RaftStorageDirectory.java:analyzeStorage(246)) - The storage directory /workdir/hadoop-ozone/integration-test/target/test-dir/MiniOzoneClusterImpl-05a0e1ff-4bc1-49cf-a712-a6e21cef61ae/datanode-0/data/ratis/9db07fcc-1c35-4862-8f84-690310bf2360 does not exist. Creating ...
2019-09-17 17:44:59,315 [pool-27-thread-1] INFO  storage.RaftStorageDirectory (RaftStorageDirectory.java:tryLock(328)) - Lock on /workdir/hadoop-ozone/integration-test/target/test-dir/MiniOzoneClusterImpl-05a0e1ff-4bc1-49cf-a712-a6e21cef61ae/datanode-0/data/ratis/9db07fcc-1c35-4862-8f84-690310bf2360/in_use.lock acquired by nodename 15242@pr-hdds-2032-8lzfw-2265526145
2019-09-17 17:44:59,330 [pool-27-thread-1] INFO  storage.RaftStorage (RaftStorage.java:format(72)) - Storage directory /workdir/hadoop-ozone/integration-test/target/test-dir/MiniOzoneClusterImpl-05a0e1ff-4bc1-49cf-a712-a6e21cef61ae/datanode-0/data/ratis/9db07fcc-1c35-4862-8f84-690310bf2360 has been successfully formatted.
2019-09-17 17:44:59,332 [pool-27-thread-1] INFO  ratis.ContainerStateMachine (ContainerStateMachine.java:loadSnapshot(230)) - group-690310BF2360: The snapshot info is null. Setting the last applied indexto:(t:0, i:~)
2019-09-17 17:44:59,332 [pool-27-thread-1] INFO  server.RaftServerConfigKeys (ConfUtils.java:logGet(43)) - raft.server.notification.no-leader.timeout = 1000s (custom)
2019-09-17 17:44:59,334 [pool-27-thread-1] INFO  server.RaftServerConfigKeys (ConfUtils.java:logGet(43)) - raft.server.log.use.memory = false (default)
2019-09-17 17:44:59,340 [pool-27-thread-1] INFO  server.RaftServerConfigKeys (ConfUtils.java:logGet(43)) - raft.server.log.purge.gap = 1000000 (custom)
2019-09-17 17:44:59,340 [pool-27-thread-1] INFO  server.RaftServerConfigKeys (ConfUtils.java:logGet(43)) - raft.server.log.appender.buffer.byte-limit = 33554432 (custom)
2019-09-17 17:44:59,342 [pool-27-thread-1] INFO  server.RaftServerConfigKeys (ConfUtils.java:logGet(43)) - raft.server.log.segment.size.max = 1048576 (custom)
2019-09-17 17:44:59,346 [pool-27-thread-1] INFO  server.RaftServerConfigKeys (ConfUtils.java:logGet(43)) - raft.server.log.segment.cache.num.max = 2 (custom)
2019-09-17 17:44:59,351 [pool-27-thread-1] INFO  segmented.SegmentedRaftLogWorker (SegmentedRaftLogWorker.java:<init>(172)) - new 7f185e73-d64c-4bcf-a80a-484e7c2cc57e@group-690310BF2360-SegmentedRaftLogWorker for RaftStorage:Storage Directory /workdir/hadoop-ozone/integration-test/target/test-dir/MiniOzoneClusterImpl-05a0e1ff-4bc1-49cf-a712-a6e21cef61ae/datanode-0/data/ratis/9db07fcc-1c35-4862-8f84-690310bf2360
2019-09-17 17:44:59,352 [pool-27-thread-1] INFO  impl.MetricsSystemImpl (MetricsSystemImpl.java:init(158)) - ratis metrics system started (again)
2019-09-17 17:44:59,380 [pool-27-thread-1] INFO  server.RaftServerConfigKeys (ConfUtils.java:logGet(43)) - raft.server.log.queue.byte-limit = 2147483647 (custom)
2019-09-17 17:44:59,381 [pool-27-thread-1] INFO  server.RaftServerConfigKeys (ConfUtils.java:logGet(43)) - raft.server.log.queue.element-limit = 1024 (custom)
2019-09-17 17:44:59,383 [pool-27-thread-1] INFO  server.RaftServerConfigKeys (ConfUtils.java:logGet(43)) - raft.server.log.segment.size.max = 1048576 (custom)
2019-09-17 17:44:59,384 [pool-27-thread-1] INFO  server.RaftServerConfigKeys (ConfUtils.java:logGet(43)) - raft.server.log.preallocated.size = 16384 (custom)
2019-09-17 17:44:59,384 [pool-27-thread-1] INFO  server.RaftServerConfigKeys (ConfUtils.java:logGet(43)) - raft.server.log.write.buffer.size = 33554432 (custom)
2019-09-17 17:44:59,385 [pool-27-thread-1] INFO  server.RaftServerConfigKeys (ConfUtils.java:logGet(43)) - raft.server.log.force.sync.num = 128 (default)
2019-09-17 17:44:59,386 [pool-27-thread-1] INFO  server.RaftServerConfigKeys (ConfUtils.java:logGet(43)) - raft.server.log.statemachine.data.sync = true (default)
2019-09-17 17:44:59,386 [pool-27-thread-1] INFO  server.RaftServerConfigKeys (ConfUtils.java:logGet(43)) - raft.server.log.statemachine.data.sync.timeout = 10s (default)
2019-09-17 17:44:59,386 [pool-27-thread-1] INFO  server.RaftServerConfigKeys (ConfUtils.java:logGet(43)) - raft.server.log.statemachine.data.sync.timeout.retry = -1 (default)
2019-09-17 17:44:59,393 [pool-27-thread-1] INFO  server.RaftServerConfigKeys (ConfUtils.java:logGet(43)) - raft.server.log.statemachine.data.caching.enabled = true (custom)
2019-09-17 17:44:59,397 [pool-27-thread-1] INFO  segmented.SegmentedRaftLogWorker (SegmentedRaftLogWorker.java:lambda$new$0(132)) - 7f185e73-d64c-4bcf-a80a-484e7c2cc57e@group-690310BF2360-SegmentedRaftLogWorker: flushIndex: setUnconditionally 0 -> -1
2019-09-17 17:44:59,401 [pool-27-thread-1] INFO  server.RaftServerConfigKeys (ConfUtils.java:logGet(43)) - raft.server.snapshot.auto.trigger.enabled = true (custom)
2019-09-17 17:44:59,402 [pool-27-thread-1] INFO  server.RaftServerConfigKeys (ConfUtils.java:logGet(43)) - raft.server.snapshot.auto.trigger.threshold = 10000 (custom)
2019-09-17 17:44:59,403 [pool-27-thread-1] INFO  server.RaftServerConfigKeys (ConfUtils.java:logGet(43)) - raft.server.snapshot.retention.num.files = 5 (custom)
2019-09-17 17:44:59,403 [pool-27-thread-1] INFO  server.RaftServerConfigKeys (ConfUtils.java:logGet(43)) - raft.server.retrycache.expirytime = 600000ms (custom)
2019-09-17 17:44:59,426 [pool-27-thread-1] INFO  impl.RaftServerImpl (RaftServerImpl.java:start(185)) - 7f185e73-d64c-4bcf-a80a-484e7c2cc57e@group-690310BF2360: start as a follower, conf=-1: [7f185e73-d64c-4bcf-a80a-484e7c2cc57e:192.168.151.107:43578], old=null
2019-09-17 17:44:59,427 [pool-27-thread-1] INFO  impl.RaftServerImpl (RaftServerImpl.java:setRole(174)) - 7f185e73-d64c-4bcf-a80a-484e7c2cc57e@group-690310BF2360: changes role from      null to FOLLOWER at term 0 for startAsFollower
2019-09-17 17:44:59,428 [pool-27-thread-1] INFO  impl.RoleInfo (RoleInfo.java:updateAndGet(143)) - 7f185e73-d64c-4bcf-a80a-484e7c2cc57e: start FollowerState
2019-09-17 17:44:59,430 [pool-27-thread-1] INFO  util.JmxRegister (JmxRegister.java:tryRegister(44)) - Successfully registered JMX Bean with object name Ratis:service=RaftServer,group=group-690310BF2360,id=7f185e73-d64c-4bcf-a80a-484e7c2cc57e
2019-09-17 17:44:59,496 [RatisPipelineUtilsThread] INFO  pipeline.PipelineStateManager (PipelineStateManager.java:addPipeline(56)) - Created pipeline Pipeline[ Id: 9db07fcc-1c35-4862-8f84-690310bf2360, Nodes: 7f185e73-d64c-4bcf-a80a-484e7c2cc57e{ip: 192.168.151.107, host: pr-hdds-2032-8lzfw-2265526145, networkLocation: /default-rack, certSerialId: null}, Type:RATIS, Factor:ONE, State:OPEN]
2019-09-17 17:44:59,522 [grpc-default-executor-0] INFO  impl.RaftServerProxy (RaftServerProxy.java:addNew(89)) - cdb95cdb-ffc6-44e7-b339-82010674a1ad: addNew group-E1A67DDD4984:[cdb95cdb-ffc6-44e7-b339-82010674a1ad:192.168.151.107:44462] returns group-E1A67DDD4984:java.util.concurrent.CompletableFuture@666bc1b8[Not completed]
2019-09-17 17:44:59,562 [pool-47-thread-1] INFO  impl.RaftServerImpl (RaftServerImpl.java:<init>(95)) - cdb95cdb-ffc6-44e7-b339-82010674a1ad: new RaftServerImpl for group-E1A67DDD4984:[cdb95cdb-ffc6-44e7-b339-82010674a1ad:192.168.151.107:44462] with ContainerStateMachine:uninitialized
2019-09-17 17:44:59,564 [pool-47-thread-1] INFO  server.RaftServerConfigKeys (ConfUtils.java:logGet(43)) - raft.server.rpc.timeout.min = 5s (custom)
2019-09-17 17:44:59,564 [pool-47-thread-1] INFO  server.RaftServerConfigKeys (ConfUtils.java:logGet(43)) - raft.server.rpc.timeout.max = 5200ms (custom)
2019-09-17 17:44:59,564 [pool-47-thread-1] INFO  server.RaftServerConfigKeys (ConfUtils.java:logGet(43)) - raft.server.rpcslowness.timeout = 1000s (custom)
2019-09-17 17:44:59,565 [pool-47-thread-1] INFO  server.RaftServerConfigKeys (ConfUtils.java:logGet(43)) - raft.server.sleep.deviation.threshold = 300 (default)
2019-09-17 17:44:59,565 [pool-47-thread-1] INFO  server.RaftServerConfigKeys (ConfUtils.java:logGet(43)) - raft.server.log.appender.install.snapshot.enabled = false (custom)
2019-09-17 17:44:59,565 [pool-47-thread-1] INFO  impl.RaftServerImpl (ServerState.java:<init>(103)) - cdb95cdb-ffc6-44e7-b339-82010674a1ad@group-E1A67DDD4984: ConfigurationManager, init=-1: [cdb95cdb-ffc6-44e7-b339-82010674a1ad:192.168.151.107:44462], old=null, confs=<EMPTY_MAP>
2019-09-17 17:44:59,565 [pool-47-thread-1] INFO  server.RaftServerConfigKeys (ConfUtils.java:logGet(43)) - raft.server.storage.dir = [/workdir/hadoop-ozone/integration-test/target/test-dir/MiniOzoneClusterImpl-05a0e1ff-4bc1-49cf-a712-a6e21cef61ae/datanode-2/data/ratis] (custom)
2019-09-17 17:44:59,566 [pool-47-thread-1] INFO  storage.RaftStorageDirectory (RaftStorageDirectory.java:analyzeStorage(246)) - The storage directory /workdir/hadoop-ozone/integration-test/target/test-dir/MiniOzoneClusterImpl-05a0e1ff-4bc1-49cf-a712-a6e21cef61ae/datanode-2/data/ratis/ef784579-e656-4f82-a026-e1a67ddd4984 does not exist. Creating ...
2019-09-17 17:44:59,580 [pool-47-thread-1] INFO  storage.RaftStorageDirectory (RaftStorageDirectory.java:tryLock(328)) - Lock on /workdir/hadoop-ozone/integration-test/target/test-dir/MiniOzoneClusterImpl-05a0e1ff-4bc1-49cf-a712-a6e21cef61ae/datanode-2/data/ratis/ef784579-e656-4f82-a026-e1a67ddd4984/in_use.lock acquired by nodename 15242@pr-hdds-2032-8lzfw-2265526145
2019-09-17 17:44:59,601 [pool-47-thread-1] INFO  storage.RaftStorage (RaftStorage.java:format(72)) - Storage directory /workdir/hadoop-ozone/integration-test/target/test-dir/MiniOzoneClusterImpl-05a0e1ff-4bc1-49cf-a712-a6e21cef61ae/datanode-2/data/ratis/ef784579-e656-4f82-a026-e1a67ddd4984 has been successfully formatted.
2019-09-17 17:44:59,603 [pool-47-thread-1] INFO  ratis.ContainerStateMachine (ContainerStateMachine.java:loadSnapshot(230)) - group-E1A67DDD4984: The snapshot info is null. Setting the last applied indexto:(t:0, i:~)
2019-09-17 17:44:59,604 [pool-47-thread-1] INFO  server.RaftServerConfigKeys (ConfUtils.java:logGet(43)) - raft.server.notification.no-leader.timeout = 1000s (custom)
2019-09-17 17:44:59,605 [pool-47-thread-1] INFO  server.RaftServerConfigKeys (ConfUtils.java:logGet(43)) - raft.server.log.use.memory = false (default)
2019-09-17 17:44:59,605 [pool-47-thread-1] INFO  server.RaftServerConfigKeys (ConfUtils.java:logGet(43)) - raft.server.log.purge.gap = 1000000 (custom)
2019-09-17 17:44:59,605 [pool-47-thread-1] INFO  server.RaftServerConfigKeys (ConfUtils.java:logGet(43)) - raft.server.log.appender.buffer.byte-limit = 33554432 (custom)
2019-09-17 17:44:59,605 [pool-47-thread-1] INFO  server.RaftServerConfigKeys (ConfUtils.java:logGet(43)) - raft.server.log.segment.size.max = 1048576 (custom)
2019-09-17 17:44:59,606 [pool-47-thread-1] INFO  server.RaftServerConfigKeys (ConfUtils.java:logGet(43)) - raft.server.log.segment.cache.num.max = 2 (custom)
2019-09-17 17:44:59,606 [pool-47-thread-1] INFO  segmented.SegmentedRaftLogWorker (SegmentedRaftLogWorker.java:<init>(172)) - new cdb95cdb-ffc6-44e7-b339-82010674a1ad@group-E1A67DDD4984-SegmentedRaftLogWorker for RaftStorage:Storage Directory /workdir/hadoop-ozone/integration-test/target/test-dir/MiniOzoneClusterImpl-05a0e1ff-4bc1-49cf-a712-a6e21cef61ae/datanode-2/data/ratis/ef784579-e656-4f82-a026-e1a67ddd4984
2019-09-17 17:44:59,614 [pool-47-thread-1] INFO  server.RaftServerConfigKeys (ConfUtils.java:logGet(43)) - raft.server.log.queue.byte-limit = 2147483647 (custom)
2019-09-17 17:44:59,614 [pool-47-thread-1] INFO  server.RaftServerConfigKeys (ConfUtils.java:logGet(43)) - raft.server.log.queue.element-limit = 1024 (custom)
2019-09-17 17:44:59,614 [pool-47-thread-1] INFO  server.RaftServerConfigKeys (ConfUtils.java:logGet(43)) - raft.server.log.segment.size.max = 1048576 (custom)
2019-09-17 17:44:59,615 [pool-47-thread-1] INFO  server.RaftServerConfigKeys (ConfUtils.java:logGet(43)) - raft.server.log.preallocated.size = 16384 (custom)
2019-09-17 17:44:59,615 [pool-47-thread-1] INFO  server.RaftServerConfigKeys (ConfUtils.java:logGet(43)) - raft.server.log.write.buffer.size = 33554432 (custom)
2019-09-17 17:44:59,615 [pool-47-thread-1] INFO  server.RaftServerConfigKeys (ConfUtils.java:logGet(43)) - raft.server.log.force.sync.num = 128 (default)
2019-09-17 17:44:59,615 [pool-47-thread-1] INFO  server.RaftServerConfigKeys (ConfUtils.java:logGet(43)) - raft.server.log.statemachine.data.sync = true (default)
2019-09-17 17:44:59,615 [pool-47-thread-1] INFO  server.RaftServerConfigKeys (ConfUtils.java:logGet(43)) - raft.server.log.statemachine.data.sync.timeout = 10s (default)
2019-09-17 17:44:59,616 [pool-47-thread-1] INFO  server.RaftServerConfigKeys (ConfUtils.java:logGet(43)) - raft.server.log.statemachine.data.sync.timeout.retry = -1 (default)
2019-09-17 17:44:59,616 [pool-47-thread-1] INFO  server.RaftServerConfigKeys (ConfUtils.java:logGet(43)) - raft.server.log.statemachine.data.caching.enabled = true (custom)
2019-09-17 17:44:59,617 [pool-47-thread-1] INFO  segmented.SegmentedRaftLogWorker (SegmentedRaftLogWorker.java:lambda$new$0(132)) - cdb95cdb-ffc6-44e7-b339-82010674a1ad@group-E1A67DDD4984-SegmentedRaftLogWorker: flushIndex: setUnconditionally 0 -> -1
2019-09-17 17:44:59,617 [pool-47-thread-1] INFO  server.RaftServerConfigKeys (ConfUtils.java:logGet(43)) - raft.server.snapshot.auto.trigger.enabled = true (custom)
2019-09-17 17:44:59,617 [pool-47-thread-1] INFO  server.RaftServerConfigKeys (ConfUtils.java:logGet(43)) - raft.server.snapshot.auto.trigger.threshold = 10000 (custom)
2019-09-17 17:44:59,617 [pool-47-thread-1] INFO  server.RaftServerConfigKeys (ConfUtils.java:logGet(43)) - raft.server.snapshot.retention.num.files = 5 (custom)
2019-09-17 17:44:59,618 [pool-47-thread-1] INFO  server.RaftServerConfigKeys (ConfUtils.java:logGet(43)) - raft.server.retrycache.expirytime = 600000ms (custom)
2019-09-17 17:44:59,624 [pool-47-thread-1] INFO  impl.RaftServerImpl (RaftServerImpl.java:start(185)) - cdb95cdb-ffc6-44e7-b339-82010674a1ad@group-E1A67DDD4984: start as a follower, conf=-1: [cdb95cdb-ffc6-44e7-b339-82010674a1ad:192.168.151.107:44462], old=null
2019-09-17 17:44:59,624 [pool-47-thread-1] INFO  impl.RaftServerImpl (RaftServerImpl.java:setRole(174)) - cdb95cdb-ffc6-44e7-b339-82010674a1ad@group-E1A67DDD4984: changes role from      null to FOLLOWER at term 0 for startAsFollower
2019-09-17 17:44:59,624 [pool-47-thread-1] INFO  impl.RoleInfo (RoleInfo.java:updateAndGet(143)) - cdb95cdb-ffc6-44e7-b339-82010674a1ad: start FollowerState
2019-09-17 17:44:59,626 [pool-47-thread-1] INFO  util.JmxRegister (JmxRegister.java:tryRegister(44)) - Successfully registered JMX Bean with object name Ratis:service=RaftServer,group=group-E1A67DDD4984,id=cdb95cdb-ffc6-44e7-b339-82010674a1ad
2019-09-17 17:44:59,638 [RatisPipelineUtilsThread] INFO  pipeline.PipelineStateManager (PipelineStateManager.java:addPipeline(56)) - Created pipeline Pipeline[ Id: ef784579-e656-4f82-a026-e1a67ddd4984, Nodes: cdb95cdb-ffc6-44e7-b339-82010674a1ad{ip: 192.168.151.107, host: pr-hdds-2032-8lzfw-2265526145, networkLocation: /default-rack, certSerialId: null}, Type:RATIS, Factor:ONE, State:OPEN]
2019-09-17 17:44:59,660 [grpc-default-executor-0] INFO  impl.RaftServerProxy (RaftServerProxy.java:addNew(89)) - 0f81c715-a3ce-4b9d-b292-67c21d102703: addNew group-FB81C6710FF1:[0f81c715-a3ce-4b9d-b292-67c21d102703:192.168.151.107:45423] returns group-FB81C6710FF1:java.util.concurrent.CompletableFuture@48e90828[Not completed]
2019-09-17 17:44:59,682 [pool-37-thread-1] INFO  impl.RaftServerImpl (RaftServerImpl.java:<init>(95)) - 0f81c715-a3ce-4b9d-b292-67c21d102703: new RaftServerImpl for group-FB81C6710FF1:[0f81c715-a3ce-4b9d-b292-67c21d102703:192.168.151.107:45423] with ContainerStateMachine:uninitialized
2019-09-17 17:44:59,686 [pool-37-thread-1] INFO  server.RaftServerConfigKeys (ConfUtils.java:logGet(43)) - raft.server.rpc.timeout.min = 5s (custom)
2019-09-17 17:44:59,686 [pool-37-thread-1] INFO  server.RaftServerConfigKeys (ConfUtils.java:logGet(43)) - raft.server.rpc.timeout.max = 5200ms (custom)
2019-09-17 17:44:59,686 [pool-37-thread-1] INFO  server.RaftServerConfigKeys (ConfUtils.java:logGet(43)) - raft.server.rpcslowness.timeout = 1000s (custom)
2019-09-17 17:44:59,687 [pool-37-thread-1] INFO  server.RaftServerConfigKeys (ConfUtils.java:logGet(43)) - raft.server.sleep.deviation.threshold = 300 (default)
2019-09-17 17:44:59,687 [pool-37-thread-1] INFO  server.RaftServerConfigKeys (ConfUtils.java:logGet(43)) - raft.server.log.appender.install.snapshot.enabled = false (custom)
2019-09-17 17:44:59,687 [pool-37-thread-1] INFO  impl.RaftServerImpl (ServerState.java:<init>(103)) - 0f81c715-a3ce-4b9d-b292-67c21d102703@group-FB81C6710FF1: ConfigurationManager, init=-1: [0f81c715-a3ce-4b9d-b292-67c21d102703:192.168.151.107:45423], old=null, confs=<EMPTY_MAP>
2019-09-17 17:44:59,687 [pool-37-thread-1] INFO  server.RaftServerConfigKeys (ConfUtils.java:logGet(43)) - raft.server.storage.dir = [/workdir/hadoop-ozone/integration-test/target/test-dir/MiniOzoneClusterImpl-05a0e1ff-4bc1-49cf-a712-a6e21cef61ae/datanode-1/data/ratis] (custom)
2019-09-17 17:44:59,688 [pool-37-thread-1] INFO  storage.RaftStorageDirectory (RaftStorageDirectory.java:analyzeStorage(246)) - The storage directory /workdir/hadoop-ozone/integration-test/target/test-dir/MiniOzoneClusterImpl-05a0e1ff-4bc1-49cf-a712-a6e21cef61ae/datanode-1/data/ratis/c9e971dc-6705-4053-a5ec-fb81c6710ff1 does not exist. Creating ...
2019-09-17 17:44:59,703 [pool-37-thread-1] INFO  storage.RaftStorageDirectory (RaftStorageDirectory.java:tryLock(328)) - Lock on /workdir/hadoop-ozone/integration-test/target/test-dir/MiniOzoneClusterImpl-05a0e1ff-4bc1-49cf-a712-a6e21cef61ae/datanode-1/data/ratis/c9e971dc-6705-4053-a5ec-fb81c6710ff1/in_use.lock acquired by nodename 15242@pr-hdds-2032-8lzfw-2265526145
2019-09-17 17:44:59,716 [pool-37-thread-1] INFO  storage.RaftStorage (RaftStorage.java:format(72)) - Storage directory /workdir/hadoop-ozone/integration-test/target/test-dir/MiniOzoneClusterImpl-05a0e1ff-4bc1-49cf-a712-a6e21cef61ae/datanode-1/data/ratis/c9e971dc-6705-4053-a5ec-fb81c6710ff1 has been successfully formatted.
2019-09-17 17:44:59,716 [pool-37-thread-1] INFO  ratis.ContainerStateMachine (ContainerStateMachine.java:loadSnapshot(230)) - group-FB81C6710FF1: The snapshot info is null. Setting the last applied indexto:(t:0, i:~)
2019-09-17 17:44:59,716 [pool-37-thread-1] INFO  server.RaftServerConfigKeys (ConfUtils.java:logGet(43)) - raft.server.notification.no-leader.timeout = 1000s (custom)
2019-09-17 17:44:59,717 [pool-37-thread-1] INFO  server.RaftServerConfigKeys (ConfUtils.java:logGet(43)) - raft.server.log.use.memory = false (default)
2019-09-17 17:44:59,717 [pool-37-thread-1] INFO  server.RaftServerConfigKeys (ConfUtils.java:logGet(43)) - raft.server.log.purge.gap = 1000000 (custom)
2019-09-17 17:44:59,717 [pool-37-thread-1] INFO  server.RaftServerConfigKeys (ConfUtils.java:logGet(43)) - raft.server.log.appender.buffer.byte-limit = 33554432 (custom)
2019-09-17 17:44:59,717 [pool-37-thread-1] INFO  server.RaftServerConfigKeys (ConfUtils.java:logGet(43)) - raft.server.log.segment.size.max = 1048576 (custom)
2019-09-17 17:44:59,717 [pool-37-thread-1] INFO  server.RaftServerConfigKeys (ConfUtils.java:logGet(43)) - raft.server.log.segment.cache.num.max = 2 (custom)
2019-09-17 17:44:59,717 [pool-37-thread-1] INFO  segmented.SegmentedRaftLogWorker (SegmentedRaftLogWorker.java:<init>(172)) - new 0f81c715-a3ce-4b9d-b292-67c21d102703@group-FB81C6710FF1-SegmentedRaftLogWorker for RaftStorage:Storage Directory /workdir/hadoop-ozone/integration-test/target/test-dir/MiniOzoneClusterImpl-05a0e1ff-4bc1-49cf-a712-a6e21cef61ae/datanode-1/data/ratis/c9e971dc-6705-4053-a5ec-fb81c6710ff1
2019-09-17 17:44:59,747 [pool-37-thread-1] INFO  server.RaftServerConfigKeys (ConfUtils.java:logGet(43)) - raft.server.log.queue.byte-limit = 2147483647 (custom)
2019-09-17 17:44:59,748 [pool-37-thread-1] INFO  server.RaftServerConfigKeys (ConfUtils.java:logGet(43)) - raft.server.log.queue.element-limit = 1024 (custom)
2019-09-17 17:44:59,748 [pool-37-thread-1] INFO  server.RaftServerConfigKeys (ConfUtils.java:logGet(43)) - raft.server.log.segment.size.max = 1048576 (custom)
2019-09-17 17:44:59,748 [pool-37-thread-1] INFO  server.RaftServerConfigKeys (ConfUtils.java:logGet(43)) - raft.server.log.preallocated.size = 16384 (custom)
2019-09-17 17:44:59,748 [pool-37-thread-1] INFO  server.RaftServerConfigKeys (ConfUtils.java:logGet(43)) - raft.server.log.write.buffer.size = 33554432 (custom)
2019-09-17 17:44:59,748 [pool-37-thread-1] INFO  server.RaftServerConfigKeys (ConfUtils.java:logGet(43)) - raft.server.log.force.sync.num = 128 (default)
2019-09-17 17:44:59,748 [pool-37-thread-1] INFO  server.RaftServerConfigKeys (ConfUtils.java:logGet(43)) - raft.server.log.statemachine.data.sync = true (default)
2019-09-17 17:44:59,748 [pool-37-thread-1] INFO  server.RaftServerConfigKeys (ConfUtils.java:logGet(43)) - raft.server.log.statemachine.data.sync.timeout = 10s (default)
2019-09-17 17:44:59,749 [pool-37-thread-1] INFO  server.RaftServerConfigKeys (ConfUtils.java:logGet(43)) - raft.server.log.statemachine.data.sync.timeout.retry = -1 (default)
2019-09-17 17:44:59,749 [pool-37-thread-1] INFO  server.RaftServerConfigKeys (ConfUtils.java:logGet(43)) - raft.server.log.statemachine.data.caching.enabled = true (custom)
2019-09-17 17:44:59,749 [pool-37-thread-1] INFO  segmented.SegmentedRaftLogWorker (SegmentedRaftLogWorker.java:lambda$new$0(132)) - 0f81c715-a3ce-4b9d-b292-67c21d102703@group-FB81C6710FF1-SegmentedRaftLogWorker: flushIndex: setUnconditionally 0 -> -1
2019-09-17 17:44:59,750 [pool-37-thread-1] INFO  server.RaftServerConfigKeys (ConfUtils.java:logGet(43)) - raft.server.snapshot.auto.trigger.enabled = true (custom)
2019-09-17 17:44:59,750 [pool-37-thread-1] INFO  server.RaftServerConfigKeys (ConfUtils.java:logGet(43)) - raft.server.snapshot.auto.trigger.threshold = 10000 (custom)
2019-09-17 17:44:59,750 [pool-37-thread-1] INFO  server.RaftServerConfigKeys (ConfUtils.java:logGet(43)) - raft.server.snapshot.retention.num.files = 5 (custom)
2019-09-17 17:44:59,750 [pool-37-thread-1] INFO  server.RaftServerConfigKeys (ConfUtils.java:logGet(43)) - raft.server.retrycache.expirytime = 600000ms (custom)
2019-09-17 17:44:59,753 [pool-37-thread-1] INFO  impl.RaftServerImpl (RaftServerImpl.java:start(185)) - 0f81c715-a3ce-4b9d-b292-67c21d102703@group-FB81C6710FF1: start as a follower, conf=-1: [0f81c715-a3ce-4b9d-b292-67c21d102703:192.168.151.107:45423], old=null
2019-09-17 17:44:59,753 [pool-37-thread-1] INFO  impl.RaftServerImpl (RaftServerImpl.java:setRole(174)) - 0f81c715-a3ce-4b9d-b292-67c21d102703@group-FB81C6710FF1: changes role from      null to FOLLOWER at term 0 for startAsFollower
2019-09-17 17:44:59,754 [pool-37-thread-1] INFO  impl.RoleInfo (RoleInfo.java:updateAndGet(143)) - 0f81c715-a3ce-4b9d-b292-67c21d102703: start FollowerState
2019-09-17 17:44:59,754 [pool-37-thread-1] INFO  util.JmxRegister (JmxRegister.java:tryRegister(44)) - Successfully registered JMX Bean with object name Ratis:service=RaftServer,group=group-FB81C6710FF1,id=0f81c715-a3ce-4b9d-b292-67c21d102703
2019-09-17 17:44:59,764 [RatisPipelineUtilsThread] INFO  pipeline.PipelineStateManager (PipelineStateManager.java:addPipeline(56)) - Created pipeline Pipeline[ Id: c9e971dc-6705-4053-a5ec-fb81c6710ff1, Nodes: 0f81c715-a3ce-4b9d-b292-67c21d102703{ip: 192.168.151.107, host: pr-hdds-2032-8lzfw-2265526145, networkLocation: /default-rack, certSerialId: null}, Type:RATIS, Factor:ONE, State:OPEN]
2019-09-17 17:44:59,782 [grpc-default-executor-0] INFO  impl.RaftServerProxy (RaftServerProxy.java:addNew(89)) - a2cfc3cc-ebbd-4b2c-a705-d69374f007be: addNew group-03229BAAB3A3:[a2cfc3cc-ebbd-4b2c-a705-d69374f007be:192.168.151.107:33815] returns group-03229BAAB3A3:java.util.concurrent.CompletableFuture@57a99310[Not completed]
2019-09-17 17:44:59,784 [pool-57-thread-1] INFO  impl.RaftServerImpl (RaftServerImpl.java:<init>(95)) - a2cfc3cc-ebbd-4b2c-a705-d69374f007be: new RaftServerImpl for group-03229BAAB3A3:[a2cfc3cc-ebbd-4b2c-a705-d69374f007be:192.168.151.107:33815] with ContainerStateMachine:uninitialized
2019-09-17 17:44:59,784 [pool-57-thread-1] INFO  server.RaftServerConfigKeys (ConfUtils.java:logGet(43)) - raft.server.rpc.timeout.min = 5s (custom)
2019-09-17 17:44:59,784 [pool-57-thread-1] INFO  server.RaftServerConfigKeys (ConfUtils.java:logGet(43)) - raft.server.rpc.timeout.max = 5200ms (custom)
2019-09-17 17:44:59,784 [pool-57-thread-1] INFO  server.RaftServerConfigKeys (ConfUtils.java:logGet(43)) - raft.server.rpcslowness.timeout = 1000s (custom)
2019-09-17 17:44:59,784 [pool-57-thread-1] INFO  server.RaftServerConfigKeys (ConfUtils.java:logGet(43)) - raft.server.sleep.deviation.threshold = 300 (default)
2019-09-17 17:44:59,785 [pool-57-thread-1] INFO  server.RaftServerConfigKeys (ConfUtils.java:logGet(43)) - raft.server.log.appender.install.snapshot.enabled = false (custom)
2019-09-17 17:44:59,785 [pool-57-thread-1] INFO  impl.RaftServerImpl (ServerState.java:<init>(103)) - a2cfc3cc-ebbd-4b2c-a705-d69374f007be@group-03229BAAB3A3: ConfigurationManager, init=-1: [a2cfc3cc-ebbd-4b2c-a705-d69374f007be:192.168.151.107:33815], old=null, confs=<EMPTY_MAP>
2019-09-17 17:44:59,785 [pool-57-thread-1] INFO  server.RaftServerConfigKeys (ConfUtils.java:logGet(43)) - raft.server.storage.dir = [/workdir/hadoop-ozone/integration-test/target/test-dir/MiniOzoneClusterImpl-05a0e1ff-4bc1-49cf-a712-a6e21cef61ae/datanode-3/data/ratis] (custom)
2019-09-17 17:44:59,785 [pool-57-thread-1] INFO  storage.RaftStorageDirectory (RaftStorageDirectory.java:analyzeStorage(246)) - The storage directory /workdir/hadoop-ozone/integration-test/target/test-dir/MiniOzoneClusterImpl-05a0e1ff-4bc1-49cf-a712-a6e21cef61ae/datanode-3/data/ratis/17bb6f73-bfda-4e7c-9a5e-03229baab3a3 does not exist. Creating ...
2019-09-17 17:44:59,809 [pool-57-thread-1] INFO  storage.RaftStorageDirectory (RaftStorageDirectory.java:tryLock(328)) - Lock on /workdir/hadoop-ozone/integration-test/target/test-dir/MiniOzoneClusterImpl-05a0e1ff-4bc1-49cf-a712-a6e21cef61ae/datanode-3/data/ratis/17bb6f73-bfda-4e7c-9a5e-03229baab3a3/in_use.lock acquired by nodename 15242@pr-hdds-2032-8lzfw-2265526145
2019-09-17 17:44:59,823 [pool-57-thread-1] INFO  storage.RaftStorage (RaftStorage.java:format(72)) - Storage directory /workdir/hadoop-ozone/integration-test/target/test-dir/MiniOzoneClusterImpl-05a0e1ff-4bc1-49cf-a712-a6e21cef61ae/datanode-3/data/ratis/17bb6f73-bfda-4e7c-9a5e-03229baab3a3 has been successfully formatted.
2019-09-17 17:44:59,823 [pool-57-thread-1] INFO  ratis.ContainerStateMachine (ContainerStateMachine.java:loadSnapshot(230)) - group-03229BAAB3A3: The snapshot info is null. Setting the last applied indexto:(t:0, i:~)
2019-09-17 17:44:59,824 [pool-57-thread-1] INFO  server.RaftServerConfigKeys (ConfUtils.java:logGet(43)) - raft.server.notification.no-leader.timeout = 1000s (custom)
2019-09-17 17:44:59,824 [pool-57-thread-1] INFO  server.RaftServerConfigKeys (ConfUtils.java:logGet(43)) - raft.server.log.use.memory = false (default)
2019-09-17 17:44:59,824 [pool-57-thread-1] INFO  server.RaftServerConfigKeys (ConfUtils.java:logGet(43)) - raft.server.log.purge.gap = 1000000 (custom)
2019-09-17 17:44:59,825 [pool-57-thread-1] INFO  server.RaftServerConfigKeys (ConfUtils.java:logGet(43)) - raft.server.log.appender.buffer.byte-limit = 33554432 (custom)
2019-09-17 17:44:59,825 [pool-57-thread-1] INFO  server.RaftServerConfigKeys (ConfUtils.java:logGet(43)) - raft.server.log.segment.size.max = 1048576 (custom)
2019-09-17 17:44:59,825 [pool-57-thread-1] INFO  server.RaftServerConfigKeys (ConfUtils.java:logGet(43)) - raft.server.log.segment.cache.num.max = 2 (custom)
2019-09-17 17:44:59,826 [pool-57-thread-1] INFO  segmented.SegmentedRaftLogWorker (SegmentedRaftLogWorker.java:<init>(172)) - new a2cfc3cc-ebbd-4b2c-a705-d69374f007be@group-03229BAAB3A3-SegmentedRaftLogWorker for RaftStorage:Storage Directory /workdir/hadoop-ozone/integration-test/target/test-dir/MiniOzoneClusterImpl-05a0e1ff-4bc1-49cf-a712-a6e21cef61ae/datanode-3/data/ratis/17bb6f73-bfda-4e7c-9a5e-03229baab3a3
2019-09-17 17:44:59,832 [pool-57-thread-1] INFO  server.RaftServerConfigKeys (ConfUtils.java:logGet(43)) - raft.server.log.queue.byte-limit = 2147483647 (custom)
2019-09-17 17:44:59,832 [pool-57-thread-1] INFO  server.RaftServerConfigKeys (ConfUtils.java:logGet(43)) - raft.server.log.queue.element-limit = 1024 (custom)
2019-09-17 17:44:59,833 [pool-57-thread-1] INFO  server.RaftServerConfigKeys (ConfUtils.java:logGet(43)) - raft.server.log.segment.size.max = 1048576 (custom)
2019-09-17 17:44:59,833 [pool-57-thread-1] INFO  server.RaftServerConfigKeys (ConfUtils.java:logGet(43)) - raft.server.log.preallocated.size = 16384 (custom)
2019-09-17 17:44:59,833 [pool-57-thread-1] INFO  server.RaftServerConfigKeys (ConfUtils.java:logGet(43)) - raft.server.log.write.buffer.size = 33554432 (custom)
2019-09-17 17:44:59,833 [pool-57-thread-1] INFO  server.RaftServerConfigKeys (ConfUtils.java:logGet(43)) - raft.server.log.force.sync.num = 128 (default)
2019-09-17 17:44:59,833 [pool-57-thread-1] INFO  server.RaftServerConfigKeys (ConfUtils.java:logGet(43)) - raft.server.log.statemachine.data.sync = true (default)
2019-09-17 17:44:59,834 [pool-57-thread-1] INFO  server.RaftServerConfigKeys (ConfUtils.java:logGet(43)) - raft.server.log.statemachine.data.sync.timeout = 10s (default)
2019-09-17 17:44:59,834 [pool-57-thread-1] INFO  server.RaftServerConfigKeys (ConfUtils.java:logGet(43)) - raft.server.log.statemachine.data.sync.timeout.retry = -1 (default)
2019-09-17 17:44:59,834 [pool-57-thread-1] INFO  server.RaftServerConfigKeys (ConfUtils.java:logGet(43)) - raft.server.log.statemachine.data.caching.enabled = true (custom)
2019-09-17 17:44:59,835 [pool-57-thread-1] INFO  segmented.SegmentedRaftLogWorker (SegmentedRaftLogWorker.java:lambda$new$0(132)) - a2cfc3cc-ebbd-4b2c-a705-d69374f007be@group-03229BAAB3A3-SegmentedRaftLogWorker: flushIndex: setUnconditionally 0 -> -1
2019-09-17 17:44:59,835 [pool-57-thread-1] INFO  server.RaftServerConfigKeys (ConfUtils.java:logGet(43)) - raft.server.snapshot.auto.trigger.enabled = true (custom)
2019-09-17 17:44:59,835 [pool-57-thread-1] INFO  server.RaftServerConfigKeys (ConfUtils.java:logGet(43)) - raft.server.snapshot.auto.trigger.threshold = 10000 (custom)
2019-09-17 17:44:59,836 [pool-57-thread-1] INFO  server.RaftServerConfigKeys (ConfUtils.java:logGet(43)) - raft.server.snapshot.retention.num.files = 5 (custom)
2019-09-17 17:44:59,836 [pool-57-thread-1] INFO  server.RaftServerConfigKeys (ConfUtils.java:logGet(43)) - raft.server.retrycache.expirytime = 600000ms (custom)
2019-09-17 17:44:59,841 [pool-57-thread-1] INFO  impl.RaftServerImpl (RaftServerImpl.java:start(185)) - a2cfc3cc-ebbd-4b2c-a705-d69374f007be@group-03229BAAB3A3: start as a follower, conf=-1: [a2cfc3cc-ebbd-4b2c-a705-d69374f007be:192.168.151.107:33815], old=null
2019-09-17 17:44:59,841 [pool-57-thread-1] INFO  impl.RaftServerImpl (RaftServerImpl.java:setRole(174)) - a2cfc3cc-ebbd-4b2c-a705-d69374f007be@group-03229BAAB3A3: changes role from      null to FOLLOWER at term 0 for startAsFollower
2019-09-17 17:44:59,842 [pool-57-thread-1] INFO  impl.RoleInfo (RoleInfo.java:updateAndGet(143)) - a2cfc3cc-ebbd-4b2c-a705-d69374f007be: start FollowerState
2019-09-17 17:44:59,842 [pool-57-thread-1] INFO  util.JmxRegister (JmxRegister.java:tryRegister(44)) - Successfully registered JMX Bean with object name Ratis:service=RaftServer,group=group-03229BAAB3A3,id=a2cfc3cc-ebbd-4b2c-a705-d69374f007be
2019-09-17 17:44:59,853 [RatisPipelineUtilsThread] INFO  pipeline.PipelineStateManager (PipelineStateManager.java:addPipeline(56)) - Created pipeline Pipeline[ Id: 17bb6f73-bfda-4e7c-9a5e-03229baab3a3, Nodes: a2cfc3cc-ebbd-4b2c-a705-d69374f007be{ip: 192.168.151.107, host: pr-hdds-2032-8lzfw-2265526145, networkLocation: /default-rack, certSerialId: null}, Type:RATIS, Factor:ONE, State:OPEN]
2019-09-17 17:44:59,899 [grpc-default-executor-1] INFO  impl.RaftServerProxy (RaftServerProxy.java:addNew(89)) - 0f81c715-a3ce-4b9d-b292-67c21d102703: addNew group-9DAC0FC88631:[0f81c715-a3ce-4b9d-b292-67c21d102703:192.168.151.107:45423, cdb95cdb-ffc6-44e7-b339-82010674a1ad:192.168.151.107:44462, a2cfc3cc-ebbd-4b2c-a705-d69374f007be:192.168.151.107:33815] returns group-9DAC0FC88631:java.util.concurrent.CompletableFuture@13161cd6[Not completed]
2019-09-17 17:44:59,903 [grpc-default-executor-1] INFO  impl.RaftServerProxy (RaftServerProxy.java:addNew(89)) - a2cfc3cc-ebbd-4b2c-a705-d69374f007be: addNew group-9DAC0FC88631:[0f81c715-a3ce-4b9d-b292-67c21d102703:192.168.151.107:45423, cdb95cdb-ffc6-44e7-b339-82010674a1ad:192.168.151.107:44462, a2cfc3cc-ebbd-4b2c-a705-d69374f007be:192.168.151.107:33815] returns group-9DAC0FC88631:java.util.concurrent.CompletableFuture@561480d0[Not completed]
2019-09-17 17:44:59,903 [grpc-default-executor-0] INFO  impl.RaftServerProxy (RaftServerProxy.java:addNew(89)) - cdb95cdb-ffc6-44e7-b339-82010674a1ad: addNew group-9DAC0FC88631:[0f81c715-a3ce-4b9d-b292-67c21d102703:192.168.151.107:45423, cdb95cdb-ffc6-44e7-b339-82010674a1ad:192.168.151.107:44462, a2cfc3cc-ebbd-4b2c-a705-d69374f007be:192.168.151.107:33815] returns group-9DAC0FC88631:java.util.concurrent.CompletableFuture@5561d05e[Not completed]
2019-09-17 17:44:59,903 [pool-37-thread-1] INFO  impl.RaftServerImpl (RaftServerImpl.java:<init>(95)) - 0f81c715-a3ce-4b9d-b292-67c21d102703: new RaftServerImpl for group-9DAC0FC88631:[0f81c715-a3ce-4b9d-b292-67c21d102703:192.168.151.107:45423, cdb95cdb-ffc6-44e7-b339-82010674a1ad:192.168.151.107:44462, a2cfc3cc-ebbd-4b2c-a705-d69374f007be:192.168.151.107:33815] with ContainerStateMachine:uninitialized
2019-09-17 17:44:59,903 [pool-37-thread-1] INFO  server.RaftServerConfigKeys (ConfUtils.java:logGet(43)) - raft.server.rpc.timeout.min = 5s (custom)
2019-09-17 17:44:59,904 [pool-37-thread-1] INFO  server.RaftServerConfigKeys (ConfUtils.java:logGet(43)) - raft.server.rpc.timeout.max = 5200ms (custom)
2019-09-17 17:44:59,904 [pool-37-thread-1] INFO  server.RaftServerConfigKeys (ConfUtils.java:logGet(43)) - raft.server.rpcslowness.timeout = 1000s (custom)
2019-09-17 17:44:59,904 [pool-37-thread-1] INFO  server.RaftServerConfigKeys (ConfUtils.java:logGet(43)) - raft.server.sleep.deviation.threshold = 300 (default)
2019-09-17 17:44:59,904 [pool-37-thread-1] INFO  server.RaftServerConfigKeys (ConfUtils.java:logGet(43)) - raft.server.log.appender.install.snapshot.enabled = false (custom)
2019-09-17 17:44:59,904 [pool-37-thread-1] INFO  impl.RaftServerImpl (ServerState.java:<init>(103)) - 0f81c715-a3ce-4b9d-b292-67c21d102703@group-9DAC0FC88631: ConfigurationManager, init=-1: [0f81c715-a3ce-4b9d-b292-67c21d102703:192.168.151.107:45423, cdb95cdb-ffc6-44e7-b339-82010674a1ad:192.168.151.107:44462, a2cfc3cc-ebbd-4b2c-a705-d69374f007be:192.168.151.107:33815], old=null, confs=<EMPTY_MAP>
2019-09-17 17:44:59,904 [pool-37-thread-1] INFO  server.RaftServerConfigKeys (ConfUtils.java:logGet(43)) - raft.server.storage.dir = [/workdir/hadoop-ozone/integration-test/target/test-dir/MiniOzoneClusterImpl-05a0e1ff-4bc1-49cf-a712-a6e21cef61ae/datanode-1/data/ratis] (custom)
2019-09-17 17:44:59,904 [pool-57-thread-1] INFO  impl.RaftServerImpl (RaftServerImpl.java:<init>(95)) - a2cfc3cc-ebbd-4b2c-a705-d69374f007be: new RaftServerImpl for group-9DAC0FC88631:[0f81c715-a3ce-4b9d-b292-67c21d102703:192.168.151.107:45423, cdb95cdb-ffc6-44e7-b339-82010674a1ad:192.168.151.107:44462, a2cfc3cc-ebbd-4b2c-a705-d69374f007be:192.168.151.107:33815] with ContainerStateMachine:uninitialized
2019-09-17 17:44:59,904 [pool-57-thread-1] INFO  server.RaftServerConfigKeys (ConfUtils.java:logGet(43)) - raft.server.rpc.timeout.min = 5s (custom)
2019-09-17 17:44:59,904 [pool-37-thread-1] INFO  storage.RaftStorageDirectory (RaftStorageDirectory.java:analyzeStorage(246)) - The storage directory /workdir/hadoop-ozone/integration-test/target/test-dir/MiniOzoneClusterImpl-05a0e1ff-4bc1-49cf-a712-a6e21cef61ae/datanode-1/data/ratis/6b851a36-d652-4d37-8d50-9dac0fc88631 does not exist. Creating ...
2019-09-17 17:44:59,905 [pool-57-thread-1] INFO  server.RaftServerConfigKeys (ConfUtils.java:logGet(43)) - raft.server.rpc.timeout.max = 5200ms (custom)
2019-09-17 17:44:59,905 [pool-57-thread-1] INFO  server.RaftServerConfigKeys (ConfUtils.java:logGet(43)) - raft.server.rpcslowness.timeout = 1000s (custom)
2019-09-17 17:44:59,905 [pool-57-thread-1] INFO  server.RaftServerConfigKeys (ConfUtils.java:logGet(43)) - raft.server.sleep.deviation.threshold = 300 (default)
2019-09-17 17:44:59,905 [pool-57-thread-1] INFO  server.RaftServerConfigKeys (ConfUtils.java:logGet(43)) - raft.server.log.appender.install.snapshot.enabled = false (custom)
2019-09-17 17:44:59,905 [pool-47-thread-1] INFO  impl.RaftServerImpl (RaftServerImpl.java:<init>(95)) - cdb95cdb-ffc6-44e7-b339-82010674a1ad: new RaftServerImpl for group-9DAC0FC88631:[0f81c715-a3ce-4b9d-b292-67c21d102703:192.168.151.107:45423, cdb95cdb-ffc6-44e7-b339-82010674a1ad:192.168.151.107:44462, a2cfc3cc-ebbd-4b2c-a705-d69374f007be:192.168.151.107:33815] with ContainerStateMachine:uninitialized
2019-09-17 17:44:59,905 [pool-57-thread-1] INFO  impl.RaftServerImpl (ServerState.java:<init>(103)) - a2cfc3cc-ebbd-4b2c-a705-d69374f007be@group-9DAC0FC88631: ConfigurationManager, init=-1: [0f81c715-a3ce-4b9d-b292-67c21d102703:192.168.151.107:45423, cdb95cdb-ffc6-44e7-b339-82010674a1ad:192.168.151.107:44462, a2cfc3cc-ebbd-4b2c-a705-d69374f007be:192.168.151.107:33815], old=null, confs=<EMPTY_MAP>
2019-09-17 17:44:59,905 [pool-47-thread-1] INFO  server.RaftServerConfigKeys (ConfUtils.java:logGet(43)) - raft.server.rpc.timeout.min = 5s (custom)
2019-09-17 17:44:59,906 [pool-57-thread-1] INFO  server.RaftServerConfigKeys (ConfUtils.java:logGet(43)) - raft.server.storage.dir = [/workdir/hadoop-ozone/integration-test/target/test-dir/MiniOzoneClusterImpl-05a0e1ff-4bc1-49cf-a712-a6e21cef61ae/datanode-3/data/ratis] (custom)
2019-09-17 17:44:59,906 [pool-47-thread-1] INFO  server.RaftServerConfigKeys (ConfUtils.java:logGet(43)) - raft.server.rpc.timeout.max = 5200ms (custom)
2019-09-17 17:44:59,906 [pool-47-thread-1] INFO  server.RaftServerConfigKeys (ConfUtils.java:logGet(43)) - raft.server.rpcslowness.timeout = 1000s (custom)
2019-09-17 17:44:59,906 [pool-57-thread-1] INFO  storage.RaftStorageDirectory (RaftStorageDirectory.java:analyzeStorage(246)) - The storage directory /workdir/hadoop-ozone/integration-test/target/test-dir/MiniOzoneClusterImpl-05a0e1ff-4bc1-49cf-a712-a6e21cef61ae/datanode-3/data/ratis/6b851a36-d652-4d37-8d50-9dac0fc88631 does not exist. Creating ...
2019-09-17 17:44:59,906 [pool-47-thread-1] INFO  server.RaftServerConfigKeys (ConfUtils.java:logGet(43)) - raft.server.sleep.deviation.threshold = 300 (default)
2019-09-17 17:44:59,906 [pool-47-thread-1] INFO  server.RaftServerConfigKeys (ConfUtils.java:logGet(43)) - raft.server.log.appender.install.snapshot.enabled = false (custom)
2019-09-17 17:44:59,907 [pool-47-thread-1] INFO  impl.RaftServerImpl (ServerState.java:<init>(103)) - cdb95cdb-ffc6-44e7-b339-82010674a1ad@group-9DAC0FC88631: ConfigurationManager, init=-1: [0f81c715-a3ce-4b9d-b292-67c21d102703:192.168.151.107:45423, cdb95cdb-ffc6-44e7-b339-82010674a1ad:192.168.151.107:44462, a2cfc3cc-ebbd-4b2c-a705-d69374f007be:192.168.151.107:33815], old=null, confs=<EMPTY_MAP>
2019-09-17 17:44:59,907 [pool-47-thread-1] INFO  server.RaftServerConfigKeys (ConfUtils.java:logGet(43)) - raft.server.storage.dir = [/workdir/hadoop-ozone/integration-test/target/test-dir/MiniOzoneClusterImpl-05a0e1ff-4bc1-49cf-a712-a6e21cef61ae/datanode-2/data/ratis] (custom)
2019-09-17 17:44:59,907 [pool-47-thread-1] INFO  storage.RaftStorageDirectory (RaftStorageDirectory.java:analyzeStorage(246)) - The storage directory /workdir/hadoop-ozone/integration-test/target/test-dir/MiniOzoneClusterImpl-05a0e1ff-4bc1-49cf-a712-a6e21cef61ae/datanode-2/data/ratis/6b851a36-d652-4d37-8d50-9dac0fc88631 does not exist. Creating ...
2019-09-17 17:44:59,930 [pool-37-thread-1] INFO  storage.RaftStorageDirectory (RaftStorageDirectory.java:tryLock(328)) - Lock on /workdir/hadoop-ozone/integration-test/target/test-dir/MiniOzoneClusterImpl-05a0e1ff-4bc1-49cf-a712-a6e21cef61ae/datanode-1/data/ratis/6b851a36-d652-4d37-8d50-9dac0fc88631/in_use.lock acquired by nodename 15242@pr-hdds-2032-8lzfw-2265526145
2019-09-17 17:44:59,930 [pool-57-thread-1] INFO  storage.RaftStorageDirectory (RaftStorageDirectory.java:tryLock(328)) - Lock on /workdir/hadoop-ozone/integration-test/target/test-dir/MiniOzoneClusterImpl-05a0e1ff-4bc1-49cf-a712-a6e21cef61ae/datanode-3/data/ratis/6b851a36-d652-4d37-8d50-9dac0fc88631/in_use.lock acquired by nodename 15242@pr-hdds-2032-8lzfw-2265526145
2019-09-17 17:44:59,930 [pool-47-thread-1] INFO  storage.RaftStorageDirectory (RaftStorageDirectory.java:tryLock(328)) - Lock on /workdir/hadoop-ozone/integration-test/target/test-dir/MiniOzoneClusterImpl-05a0e1ff-4bc1-49cf-a712-a6e21cef61ae/datanode-2/data/ratis/6b851a36-d652-4d37-8d50-9dac0fc88631/in_use.lock acquired by nodename 15242@pr-hdds-2032-8lzfw-2265526145
2019-09-17 17:44:59,955 [pool-37-thread-1] INFO  storage.RaftStorage (RaftStorage.java:format(72)) - Storage directory /workdir/hadoop-ozone/integration-test/target/test-dir/MiniOzoneClusterImpl-05a0e1ff-4bc1-49cf-a712-a6e21cef61ae/datanode-1/data/ratis/6b851a36-d652-4d37-8d50-9dac0fc88631 has been successfully formatted.
2019-09-17 17:44:59,955 [pool-47-thread-1] INFO  storage.RaftStorage (RaftStorage.java:format(72)) - Storage directory /workdir/hadoop-ozone/integration-test/target/test-dir/MiniOzoneClusterImpl-05a0e1ff-4bc1-49cf-a712-a6e21cef61ae/datanode-2/data/ratis/6b851a36-d652-4d37-8d50-9dac0fc88631 has been successfully formatted.
2019-09-17 17:44:59,955 [pool-37-thread-1] INFO  ratis.ContainerStateMachine (ContainerStateMachine.java:loadSnapshot(230)) - group-9DAC0FC88631: The snapshot info is null. Setting the last applied indexto:(t:0, i:~)
2019-09-17 17:44:59,955 [pool-57-thread-1] INFO  storage.RaftStorage (RaftStorage.java:format(72)) - Storage directory /workdir/hadoop-ozone/integration-test/target/test-dir/MiniOzoneClusterImpl-05a0e1ff-4bc1-49cf-a712-a6e21cef61ae/datanode-3/data/ratis/6b851a36-d652-4d37-8d50-9dac0fc88631 has been successfully formatted.
2019-09-17 17:44:59,955 [pool-47-thread-1] INFO  ratis.ContainerStateMachine (ContainerStateMachine.java:loadSnapshot(230)) - group-9DAC0FC88631: The snapshot info is null. Setting the last applied indexto:(t:0, i:~)
2019-09-17 17:44:59,955 [pool-37-thread-1] INFO  server.RaftServerConfigKeys (ConfUtils.java:logGet(43)) - raft.server.notification.no-leader.timeout = 1000s (custom)
2019-09-17 17:44:59,955 [pool-57-thread-1] INFO  ratis.ContainerStateMachine (ContainerStateMachine.java:loadSnapshot(230)) - group-9DAC0FC88631: The snapshot info is null. Setting the last applied indexto:(t:0, i:~)
2019-09-17 17:44:59,955 [pool-47-thread-1] INFO  server.RaftServerConfigKeys (ConfUtils.java:logGet(43)) - raft.server.notification.no-leader.timeout = 1000s (custom)
2019-09-17 17:44:59,956 [pool-57-thread-1] INFO  server.RaftServerConfigKeys (ConfUtils.java:logGet(43)) - raft.server.notification.no-leader.timeout = 1000s (custom)
2019-09-17 17:44:59,956 [pool-37-thread-1] INFO  server.RaftServerConfigKeys (ConfUtils.java:logGet(43)) - raft.server.log.use.memory = false (default)
2019-09-17 17:44:59,956 [pool-57-thread-1] INFO  server.RaftServerConfigKeys (ConfUtils.java:logGet(43)) - raft.server.log.use.memory = false (default)
2019-09-17 17:44:59,956 [pool-47-thread-1] INFO  server.RaftServerConfigKeys (ConfUtils.java:logGet(43)) - raft.server.log.use.memory = false (default)
2019-09-17 17:44:59,956 [pool-57-thread-1] INFO  server.RaftServerConfigKeys (ConfUtils.java:logGet(43)) - raft.server.log.purge.gap = 1000000 (custom)
2019-09-17 17:44:59,956 [pool-37-thread-1] INFO  server.RaftServerConfigKeys (ConfUtils.java:logGet(43)) - raft.server.log.purge.gap = 1000000 (custom)
2019-09-17 17:44:59,957 [pool-57-thread-1] INFO  server.RaftServerConfigKeys (ConfUtils.java:logGet(43)) - raft.server.log.appender.buffer.byte-limit = 33554432 (custom)
2019-09-17 17:44:59,956 [pool-47-thread-1] INFO  server.RaftServerConfigKeys (ConfUtils.java:logGet(43)) - raft.server.log.purge.gap = 1000000 (custom)
2019-09-17 17:44:59,957 [pool-57-thread-1] INFO  server.RaftServerConfigKeys (ConfUtils.java:logGet(43)) - raft.server.log.segment.size.max = 1048576 (custom)
2019-09-17 17:44:59,957 [pool-37-thread-1] INFO  server.RaftServerConfigKeys (ConfUtils.java:logGet(43)) - raft.server.log.appender.buffer.byte-limit = 33554432 (custom)
2019-09-17 17:44:59,957 [pool-57-thread-1] INFO  server.RaftServerConfigKeys (ConfUtils.java:logGet(43)) - raft.server.log.segment.cache.num.max = 2 (custom)
2019-09-17 17:44:59,957 [pool-47-thread-1] INFO  server.RaftServerConfigKeys (ConfUtils.java:logGet(43)) - raft.server.log.appender.buffer.byte-limit = 33554432 (custom)
2019-09-17 17:44:59,958 [pool-57-thread-1] INFO  segmented.SegmentedRaftLogWorker (SegmentedRaftLogWorker.java:<init>(172)) - new a2cfc3cc-ebbd-4b2c-a705-d69374f007be@group-9DAC0FC88631-SegmentedRaftLogWorker for RaftStorage:Storage Directory /workdir/hadoop-ozone/integration-test/target/test-dir/MiniOzoneClusterImpl-05a0e1ff-4bc1-49cf-a712-a6e21cef61ae/datanode-3/data/ratis/6b851a36-d652-4d37-8d50-9dac0fc88631
2019-09-17 17:44:59,957 [pool-37-thread-1] INFO  server.RaftServerConfigKeys (ConfUtils.java:logGet(43)) - raft.server.log.segment.size.max = 1048576 (custom)
2019-09-17 17:44:59,958 [pool-57-thread-1] INFO  server.RaftServerConfigKeys (ConfUtils.java:logGet(43)) - raft.server.log.queue.byte-limit = 2147483647 (custom)
2019-09-17 17:44:59,958 [pool-47-thread-1] INFO  server.RaftServerConfigKeys (ConfUtils.java:logGet(43)) - raft.server.log.segment.size.max = 1048576 (custom)
2019-09-17 17:44:59,958 [pool-57-thread-1] INFO  server.RaftServerConfigKeys (ConfUtils.java:logGet(43)) - raft.server.log.queue.element-limit = 1024 (custom)
2019-09-17 17:44:59,958 [pool-37-thread-1] INFO  server.RaftServerConfigKeys (ConfUtils.java:logGet(43)) - raft.server.log.segment.cache.num.max = 2 (custom)
2019-09-17 17:44:59,958 [pool-57-thread-1] INFO  server.RaftServerConfigKeys (ConfUtils.java:logGet(43)) - raft.server.log.segment.size.max = 1048576 (custom)
2019-09-17 17:44:59,958 [pool-47-thread-1] INFO  server.RaftServerConfigKeys (ConfUtils.java:logGet(43)) - raft.server.log.segment.cache.num.max = 2 (custom)
2019-09-17 17:44:59,959 [pool-57-thread-1] INFO  server.RaftServerConfigKeys (ConfUtils.java:logGet(43)) - raft.server.log.preallocated.size = 16384 (custom)
2019-09-17 17:44:59,959 [pool-37-thread-1] INFO  segmented.SegmentedRaftLogWorker (SegmentedRaftLogWorker.java:<init>(172)) - new 0f81c715-a3ce-4b9d-b292-67c21d102703@group-9DAC0FC88631-SegmentedRaftLogWorker for RaftStorage:Storage Directory /workdir/hadoop-ozone/integration-test/target/test-dir/MiniOzoneClusterImpl-05a0e1ff-4bc1-49cf-a712-a6e21cef61ae/datanode-1/data/ratis/6b851a36-d652-4d37-8d50-9dac0fc88631
2019-09-17 17:44:59,959 [pool-57-thread-1] INFO  server.RaftServerConfigKeys (ConfUtils.java:logGet(43)) - raft.server.log.write.buffer.size = 33554432 (custom)
2019-09-17 17:44:59,959 [pool-47-thread-1] INFO  segmented.SegmentedRaftLogWorker (SegmentedRaftLogWorker.java:<init>(172)) - new cdb95cdb-ffc6-44e7-b339-82010674a1ad@group-9DAC0FC88631-SegmentedRaftLogWorker for RaftStorage:Storage Directory /workdir/hadoop-ozone/integration-test/target/test-dir/MiniOzoneClusterImpl-05a0e1ff-4bc1-49cf-a712-a6e21cef61ae/datanode-2/data/ratis/6b851a36-d652-4d37-8d50-9dac0fc88631
2019-09-17 17:44:59,960 [pool-57-thread-1] INFO  server.RaftServerConfigKeys (ConfUtils.java:logGet(43)) - raft.server.log.force.sync.num = 128 (default)
2019-09-17 17:44:59,959 [pool-37-thread-1] INFO  server.RaftServerConfigKeys (ConfUtils.java:logGet(43)) - raft.server.log.queue.byte-limit = 2147483647 (custom)
2019-09-17 17:44:59,960 [pool-57-thread-1] INFO  server.RaftServerConfigKeys (ConfUtils.java:logGet(43)) - raft.server.log.statemachine.data.sync = true (default)
2019-09-17 17:44:59,960 [pool-47-thread-1] INFO  server.RaftServerConfigKeys (ConfUtils.java:logGet(43)) - raft.server.log.queue.byte-limit = 2147483647 (custom)
2019-09-17 17:44:59,960 [pool-57-thread-1] INFO  server.RaftServerConfigKeys (ConfUtils.java:logGet(43)) - raft.server.log.statemachine.data.sync.timeout = 10s (default)
2019-09-17 17:44:59,960 [pool-37-thread-1] INFO  server.RaftServerConfigKeys (ConfUtils.java:logGet(43)) - raft.server.log.queue.element-limit = 1024 (custom)
2019-09-17 17:44:59,961 [pool-57-thread-1] INFO  server.RaftServerConfigKeys (ConfUtils.java:logGet(43)) - raft.server.log.statemachine.data.sync.timeout.retry = -1 (default)
2019-09-17 17:44:59,961 [pool-47-thread-1] INFO  server.RaftServerConfigKeys (ConfUtils.java:logGet(43)) - raft.server.log.queue.element-limit = 1024 (custom)
2019-09-17 17:44:59,961 [pool-57-thread-1] INFO  server.RaftServerConfigKeys (ConfUtils.java:logGet(43)) - raft.server.log.statemachine.data.caching.enabled = true (custom)
2019-09-17 17:44:59,961 [pool-47-thread-1] INFO  server.RaftServerConfigKeys (ConfUtils.java:logGet(43)) - raft.server.log.segment.size.max = 1048576 (custom)
2019-09-17 17:44:59,961 [pool-37-thread-1] INFO  server.RaftServerConfigKeys (ConfUtils.java:logGet(43)) - raft.server.log.segment.size.max = 1048576 (custom)
2019-09-17 17:44:59,962 [pool-57-thread-1] INFO  segmented.SegmentedRaftLogWorker (SegmentedRaftLogWorker.java:lambda$new$0(132)) - a2cfc3cc-ebbd-4b2c-a705-d69374f007be@group-9DAC0FC88631-SegmentedRaftLogWorker: flushIndex: setUnconditionally 0 -> -1
2019-09-17 17:44:59,961 [pool-47-thread-1] INFO  server.RaftServerConfigKeys (ConfUtils.java:logGet(43)) - raft.server.log.preallocated.size = 16384 (custom)
2019-09-17 17:44:59,962 [pool-37-thread-1] INFO  server.RaftServerConfigKeys (ConfUtils.java:logGet(43)) - raft.server.log.preallocated.size = 16384 (custom)
2019-09-17 17:44:59,962 [pool-57-thread-1] INFO  server.RaftServerConfigKeys (ConfUtils.java:logGet(43)) - raft.server.snapshot.auto.trigger.enabled = true (custom)
2019-09-17 17:44:59,962 [pool-47-thread-1] INFO  server.RaftServerConfigKeys (ConfUtils.java:logGet(43)) - raft.server.log.write.buffer.size = 33554432 (custom)
2019-09-17 17:44:59,962 [pool-57-thread-1] INFO  server.RaftServerConfigKeys (ConfUtils.java:logGet(43)) - raft.server.snapshot.auto.trigger.threshold = 10000 (custom)
2019-09-17 17:44:59,962 [pool-37-thread-1] INFO  server.RaftServerConfigKeys (ConfUtils.java:logGet(43)) - raft.server.log.write.buffer.size = 33554432 (custom)
2019-09-17 17:44:59,963 [pool-57-thread-1] INFO  server.RaftServerConfigKeys (ConfUtils.java:logGet(43)) - raft.server.snapshot.retention.num.files = 5 (custom)
2019-09-17 17:44:59,962 [pool-47-thread-1] INFO  server.RaftServerConfigKeys (ConfUtils.java:logGet(43)) - raft.server.log.force.sync.num = 128 (default)
2019-09-17 17:44:59,963 [pool-57-thread-1] INFO  server.RaftServerConfigKeys (ConfUtils.java:logGet(43)) - raft.server.retrycache.expirytime = 600000ms (custom)
2019-09-17 17:44:59,963 [pool-37-thread-1] INFO  server.RaftServerConfigKeys (ConfUtils.java:logGet(43)) - raft.server.log.force.sync.num = 128 (default)
2019-09-17 17:44:59,963 [pool-47-thread-1] INFO  server.RaftServerConfigKeys (ConfUtils.java:logGet(43)) - raft.server.log.statemachine.data.sync = true (default)
2019-09-17 17:44:59,963 [pool-37-thread-1] INFO  server.RaftServerConfigKeys (ConfUtils.java:logGet(43)) - raft.server.log.statemachine.data.sync = true (default)
2019-09-17 17:44:59,964 [pool-47-thread-1] INFO  server.RaftServerConfigKeys (ConfUtils.java:logGet(43)) - raft.server.log.statemachine.data.sync.timeout = 10s (default)
2019-09-17 17:44:59,964 [pool-37-thread-1] INFO  server.RaftServerConfigKeys (ConfUtils.java:logGet(43)) - raft.server.log.statemachine.data.sync.timeout = 10s (default)
2019-09-17 17:44:59,964 [pool-47-thread-1] INFO  server.RaftServerConfigKeys (ConfUtils.java:logGet(43)) - raft.server.log.statemachine.data.sync.timeout.retry = -1 (default)
2019-09-17 17:44:59,964 [pool-37-thread-1] INFO  server.RaftServerConfigKeys (ConfUtils.java:logGet(43)) - raft.server.log.statemachine.data.sync.timeout.retry = -1 (default)
2019-09-17 17:44:59,964 [pool-47-thread-1] INFO  server.RaftServerConfigKeys (ConfUtils.java:logGet(43)) - raft.server.log.statemachine.data.caching.enabled = true (custom)
2019-09-17 17:44:59,964 [pool-37-thread-1] INFO  server.RaftServerConfigKeys (ConfUtils.java:logGet(43)) - raft.server.log.statemachine.data.caching.enabled = true (custom)
2019-09-17 17:44:59,965 [pool-47-thread-1] INFO  segmented.SegmentedRaftLogWorker (SegmentedRaftLogWorker.java:lambda$new$0(132)) - cdb95cdb-ffc6-44e7-b339-82010674a1ad@group-9DAC0FC88631-SegmentedRaftLogWorker: flushIndex: setUnconditionally 0 -> -1
2019-09-17 17:44:59,965 [pool-37-thread-1] INFO  segmented.SegmentedRaftLogWorker (SegmentedRaftLogWorker.java:lambda$new$0(132)) - 0f81c715-a3ce-4b9d-b292-67c21d102703@group-9DAC0FC88631-SegmentedRaftLogWorker: flushIndex: setUnconditionally 0 -> -1
2019-09-17 17:44:59,965 [pool-47-thread-1] INFO  server.RaftServerConfigKeys (ConfUtils.java:logGet(43)) - raft.server.snapshot.auto.trigger.enabled = true (custom)
2019-09-17 17:44:59,965 [pool-37-thread-1] INFO  server.RaftServerConfigKeys (ConfUtils.java:logGet(43)) - raft.server.snapshot.auto.trigger.enabled = true (custom)
2019-09-17 17:44:59,965 [pool-47-thread-1] INFO  server.RaftServerConfigKeys (ConfUtils.java:logGet(43)) - raft.server.snapshot.auto.trigger.threshold = 10000 (custom)
2019-09-17 17:44:59,965 [pool-37-thread-1] INFO  server.RaftServerConfigKeys (ConfUtils.java:logGet(43)) - raft.server.snapshot.auto.trigger.threshold = 10000 (custom)
2019-09-17 17:44:59,965 [pool-47-thread-1] INFO  server.RaftServerConfigKeys (ConfUtils.java:logGet(43)) - raft.server.snapshot.retention.num.files = 5 (custom)
2019-09-17 17:44:59,965 [pool-37-thread-1] INFO  server.RaftServerConfigKeys (ConfUtils.java:logGet(43)) - raft.server.snapshot.retention.num.files = 5 (custom)
2019-09-17 17:44:59,966 [pool-47-thread-1] INFO  server.RaftServerConfigKeys (ConfUtils.java:logGet(43)) - raft.server.retrycache.expirytime = 600000ms (custom)
2019-09-17 17:44:59,966 [pool-37-thread-1] INFO  server.RaftServerConfigKeys (ConfUtils.java:logGet(43)) - raft.server.retrycache.expirytime = 600000ms (custom)
2019-09-17 17:44:59,968 [pool-57-thread-1] INFO  impl.RaftServerImpl (RaftServerImpl.java:start(185)) - a2cfc3cc-ebbd-4b2c-a705-d69374f007be@group-9DAC0FC88631: start as a follower, conf=-1: [0f81c715-a3ce-4b9d-b292-67c21d102703:192.168.151.107:45423, cdb95cdb-ffc6-44e7-b339-82010674a1ad:192.168.151.107:44462, a2cfc3cc-ebbd-4b2c-a705-d69374f007be:192.168.151.107:33815], old=null
2019-09-17 17:44:59,968 [pool-57-thread-1] INFO  impl.RaftServerImpl (RaftServerImpl.java:setRole(174)) - a2cfc3cc-ebbd-4b2c-a705-d69374f007be@group-9DAC0FC88631: changes role from      null to FOLLOWER at term 0 for startAsFollower
2019-09-17 17:44:59,969 [pool-57-thread-1] INFO  impl.RoleInfo (RoleInfo.java:updateAndGet(143)) - a2cfc3cc-ebbd-4b2c-a705-d69374f007be: start FollowerState
2019-09-17 17:44:59,969 [pool-57-thread-1] INFO  util.JmxRegister (JmxRegister.java:tryRegister(44)) - Successfully registered JMX Bean with object name Ratis:service=RaftServer,group=group-9DAC0FC88631,id=a2cfc3cc-ebbd-4b2c-a705-d69374f007be
2019-09-17 17:44:59,970 [pool-47-thread-1] INFO  impl.RaftServerImpl (RaftServerImpl.java:start(185)) - cdb95cdb-ffc6-44e7-b339-82010674a1ad@group-9DAC0FC88631: start as a follower, conf=-1: [0f81c715-a3ce-4b9d-b292-67c21d102703:192.168.151.107:45423, cdb95cdb-ffc6-44e7-b339-82010674a1ad:192.168.151.107:44462, a2cfc3cc-ebbd-4b2c-a705-d69374f007be:192.168.151.107:33815], old=null
2019-09-17 17:44:59,970 [pool-37-thread-1] INFO  impl.RaftServerImpl (RaftServerImpl.java:start(185)) - 0f81c715-a3ce-4b9d-b292-67c21d102703@group-9DAC0FC88631: start as a follower, conf=-1: [0f81c715-a3ce-4b9d-b292-67c21d102703:192.168.151.107:45423, cdb95cdb-ffc6-44e7-b339-82010674a1ad:192.168.151.107:44462, a2cfc3cc-ebbd-4b2c-a705-d69374f007be:192.168.151.107:33815], old=null
2019-09-17 17:44:59,970 [pool-47-thread-1] INFO  impl.RaftServerImpl (RaftServerImpl.java:setRole(174)) - cdb95cdb-ffc6-44e7-b339-82010674a1ad@group-9DAC0FC88631: changes role from      null to FOLLOWER at term 0 for startAsFollower
2019-09-17 17:44:59,970 [pool-37-thread-1] INFO  impl.RaftServerImpl (RaftServerImpl.java:setRole(174)) - 0f81c715-a3ce-4b9d-b292-67c21d102703@group-9DAC0FC88631: changes role from      null to FOLLOWER at term 0 for startAsFollower
2019-09-17 17:44:59,972 [pool-47-thread-1] INFO  impl.RoleInfo (RoleInfo.java:updateAndGet(143)) - cdb95cdb-ffc6-44e7-b339-82010674a1ad: start FollowerState
2019-09-17 17:44:59,972 [pool-37-thread-1] INFO  impl.RoleInfo (RoleInfo.java:updateAndGet(143)) - 0f81c715-a3ce-4b9d-b292-67c21d102703: start FollowerState
2019-09-17 17:44:59,972 [pool-47-thread-1] INFO  util.JmxRegister (JmxRegister.java:tryRegister(44)) - Successfully registered JMX Bean with object name Ratis:service=RaftServer,group=group-9DAC0FC88631,id=cdb95cdb-ffc6-44e7-b339-82010674a1ad
2019-09-17 17:44:59,973 [pool-37-thread-1] INFO  util.JmxRegister (JmxRegister.java:tryRegister(44)) - Successfully registered JMX Bean with object name Ratis:service=RaftServer,group=group-9DAC0FC88631,id=0f81c715-a3ce-4b9d-b292-67c21d102703
2019-09-17 17:44:59,978 [main] INFO  ozone.MiniOzoneClusterImpl (MiniOzoneClusterImpl.java:lambda$waitForClusterToBeReady$0(145)) - Cluster is ready. Got 4 of 4 DN Heartbeats.
2019-09-17 17:44:59,994 [RatisPipelineUtilsThread] INFO  pipeline.PipelineStateManager (PipelineStateManager.java:addPipeline(56)) - Created pipeline Pipeline[ Id: 6b851a36-d652-4d37-8d50-9dac0fc88631, Nodes: cdb95cdb-ffc6-44e7-b339-82010674a1ad{ip: 192.168.151.107, host: pr-hdds-2032-8lzfw-2265526145, networkLocation: /default-rack, certSerialId: null}0f81c715-a3ce-4b9d-b292-67c21d102703{ip: 192.168.151.107, host: pr-hdds-2032-8lzfw-2265526145, networkLocation: /default-rack, certSerialId: null}a2cfc3cc-ebbd-4b2c-a705-d69374f007be{ip: 192.168.151.107, host: pr-hdds-2032-8lzfw-2265526145, networkLocation: /default-rack, certSerialId: null}, Type:RATIS, Factor:THREE, State:OPEN]
2019-09-17 17:44:59,995 [main] INFO  container.ReplicationManager (ReplicationManager.java:start(162)) - Starting Replication Monitor Thread.
2019-09-17 17:44:59,998 [ReplicationMonitor] INFO  container.ReplicationManager (ReplicationManager.java:run(225)) - Replication Monitor Thread took 1 milliseconds for processing 0 containers.
2019-09-17 17:45:00,426 [main] INFO  rpc.RpcClient (RpcClient.java:createVolume(302)) - Creating Volume: testcontainerstatemachinefailures, with jenkins1000 as owner.
2019-09-17 17:45:00,517 [IPC Server handler 4 on 42736] INFO  volume.OMVolumeCreateRequest (OMVolumeCreateRequest.java:validateAndUpdateCache(189)) - created volume:testcontainerstatemachinefailures for user:jenkins1000
2019-09-17 17:45:00,542 [main] INFO  rpc.RpcClient (RpcClient.java:createBucket(441)) - Creating Bucket: testcontainerstatemachinefailures/testcontainerstatemachinefailures, with Versioning false and Storage Type set to DISK and Encryption set to false 
2019-09-17 17:45:00,985 [EventQueue-StaleNodeForStaleNodeHandler] INFO  node.StaleNodeHandler (StaleNodeHandler.java:onMessage(58)) - Datanode cdb95cdb-ffc6-44e7-b339-82010674a1ad{ip: 192.168.151.107, host: pr-hdds-2032-8lzfw-2265526145, networkLocation: /default-rack, certSerialId: null} moved to stale state. Finalizing its pipelines [PipelineID=6b851a36-d652-4d37-8d50-9dac0fc88631, PipelineID=ef784579-e656-4f82-a026-e1a67ddd4984]
2019-09-17 17:45:00,986 [EventQueue-StaleNodeForStaleNodeHandler] INFO  pipeline.SCMPipelineManager (SCMPipelineManager.java:finalizeAndDestroyPipeline(311)) - destroying pipeline:Pipeline[ Id: 6b851a36-d652-4d37-8d50-9dac0fc88631, Nodes: cdb95cdb-ffc6-44e7-b339-82010674a1ad{ip: 192.168.151.107, host: pr-hdds-2032-8lzfw-2265526145, networkLocation: /default-rack, certSerialId: null}0f81c715-a3ce-4b9d-b292-67c21d102703{ip: 192.168.151.107, host: pr-hdds-2032-8lzfw-2265526145, networkLocation: /default-rack, certSerialId: null}a2cfc3cc-ebbd-4b2c-a705-d69374f007be{ip: 192.168.151.107, host: pr-hdds-2032-8lzfw-2265526145, networkLocation: /default-rack, certSerialId: null}, Type:RATIS, Factor:THREE, State:OPEN]
2019-09-17 17:45:00,987 [EventQueue-StaleNodeForStaleNodeHandler] INFO  pipeline.PipelineStateManager (PipelineStateManager.java:finalizePipeline(123)) - Pipeline Pipeline[ Id: 6b851a36-d652-4d37-8d50-9dac0fc88631, Nodes: cdb95cdb-ffc6-44e7-b339-82010674a1ad{ip: 192.168.151.107, host: pr-hdds-2032-8lzfw-2265526145, networkLocation: /default-rack, certSerialId: null}0f81c715-a3ce-4b9d-b292-67c21d102703{ip: 192.168.151.107, host: pr-hdds-2032-8lzfw-2265526145, networkLocation: /default-rack, certSerialId: null}a2cfc3cc-ebbd-4b2c-a705-d69374f007be{ip: 192.168.151.107, host: pr-hdds-2032-8lzfw-2265526145, networkLocation: /default-rack, certSerialId: null}, Type:RATIS, Factor:THREE, State:CLOSED] moved to CLOSED state
2019-09-17 17:45:00,988 [EventQueue-CloseContainerForCloseContainerEventHandler] INFO  container.CloseContainerEventHandler (CloseContainerEventHandler.java:onMessage(61)) - Close container Event triggered for container : #1
2019-09-17 17:45:00,990 [EventQueue-StaleNodeForStaleNodeHandler] INFO  pipeline.SCMPipelineManager (SCMPipelineManager.java:finalizeAndDestroyPipeline(311)) - destroying pipeline:Pipeline[ Id: ef784579-e656-4f82-a026-e1a67ddd4984, Nodes: cdb95cdb-ffc6-44e7-b339-82010674a1ad{ip: 192.168.151.107, host: pr-hdds-2032-8lzfw-2265526145, networkLocation: /default-rack, certSerialId: null}, Type:RATIS, Factor:ONE, State:OPEN]
2019-09-17 17:45:00,997 [EventQueue-StaleNodeForStaleNodeHandler] INFO  pipeline.PipelineStateManager (PipelineStateManager.java:finalizePipeline(123)) - Pipeline Pipeline[ Id: ef784579-e656-4f82-a026-e1a67ddd4984, Nodes: cdb95cdb-ffc6-44e7-b339-82010674a1ad{ip: 192.168.151.107, host: pr-hdds-2032-8lzfw-2265526145, networkLocation: /default-rack, certSerialId: null}, Type:RATIS, Factor:ONE, State:CLOSED] moved to CLOSED state
2019-09-17 17:45:01,001 [EventQueue-StaleNodeForStaleNodeHandler] INFO  node.StaleNodeHandler (StaleNodeHandler.java:onMessage(58)) - Datanode 0f81c715-a3ce-4b9d-b292-67c21d102703{ip: 192.168.151.107, host: pr-hdds-2032-8lzfw-2265526145, networkLocation: /default-rack, certSerialId: null} moved to stale state. Finalizing its pipelines [PipelineID=6b851a36-d652-4d37-8d50-9dac0fc88631, PipelineID=c9e971dc-6705-4053-a5ec-fb81c6710ff1]
2019-09-17 17:45:01,001 [EventQueue-StaleNodeForStaleNodeHandler] INFO  pipeline.SCMPipelineManager (SCMPipelineManager.java:finalizeAndDestroyPipeline(311)) - destroying pipeline:Pipeline[ Id: 6b851a36-d652-4d37-8d50-9dac0fc88631, Nodes: cdb95cdb-ffc6-44e7-b339-82010674a1ad{ip: 192.168.151.107, host: pr-hdds-2032-8lzfw-2265526145, networkLocation: /default-rack, certSerialId: null}0f81c715-a3ce-4b9d-b292-67c21d102703{ip: 192.168.151.107, host: pr-hdds-2032-8lzfw-2265526145, networkLocation: /default-rack, certSerialId: null}a2cfc3cc-ebbd-4b2c-a705-d69374f007be{ip: 192.168.151.107, host: pr-hdds-2032-8lzfw-2265526145, networkLocation: /default-rack, certSerialId: null}, Type:RATIS, Factor:THREE, State:CLOSED]
2019-09-17 17:45:01,001 [EventQueue-StaleNodeForStaleNodeHandler] INFO  pipeline.SCMPipelineManager (SCMPipelineManager.java:finalizeAndDestroyPipeline(311)) - destroying pipeline:Pipeline[ Id: c9e971dc-6705-4053-a5ec-fb81c6710ff1, Nodes: 0f81c715-a3ce-4b9d-b292-67c21d102703{ip: 192.168.151.107, host: pr-hdds-2032-8lzfw-2265526145, networkLocation: /default-rack, certSerialId: null}, Type:RATIS, Factor:ONE, State:OPEN]
2019-09-17 17:45:01,001 [EventQueue-StaleNodeForStaleNodeHandler] INFO  pipeline.PipelineStateManager (PipelineStateManager.java:finalizePipeline(123)) - Pipeline Pipeline[ Id: c9e971dc-6705-4053-a5ec-fb81c6710ff1, Nodes: 0f81c715-a3ce-4b9d-b292-67c21d102703{ip: 192.168.151.107, host: pr-hdds-2032-8lzfw-2265526145, networkLocation: /default-rack, certSerialId: null}, Type:RATIS, Factor:ONE, State:CLOSED] moved to CLOSED state
2019-09-17 17:45:01,002 [EventQueue-StaleNodeForStaleNodeHandler] INFO  node.StaleNodeHandler (StaleNodeHandler.java:onMessage(58)) - Datanode a2cfc3cc-ebbd-4b2c-a705-d69374f007be{ip: 192.168.151.107, host: pr-hdds-2032-8lzfw-2265526145, networkLocation: /default-rack, certSerialId: null} moved to stale state. Finalizing its pipelines [PipelineID=6b851a36-d652-4d37-8d50-9dac0fc88631, PipelineID=17bb6f73-bfda-4e7c-9a5e-03229baab3a3]
2019-09-17 17:45:01,002 [EventQueue-StaleNodeForStaleNodeHandler] INFO  pipeline.SCMPipelineManager (SCMPipelineManager.java:finalizeAndDestroyPipeline(311)) - destroying pipeline:Pipeline[ Id: 6b851a36-d652-4d37-8d50-9dac0fc88631, Nodes: cdb95cdb-ffc6-44e7-b339-82010674a1ad{ip: 192.168.151.107, host: pr-hdds-2032-8lzfw-2265526145, networkLocation: /default-rack, certSerialId: null}0f81c715-a3ce-4b9d-b292-67c21d102703{ip: 192.168.151.107, host: pr-hdds-2032-8lzfw-2265526145, networkLocation: /default-rack, certSerialId: null}a2cfc3cc-ebbd-4b2c-a705-d69374f007be{ip: 192.168.151.107, host: pr-hdds-2032-8lzfw-2265526145, networkLocation: /default-rack, certSerialId: null}, Type:RATIS, Factor:THREE, State:CLOSED]
2019-09-17 17:45:01,002 [EventQueue-StaleNodeForStaleNodeHandler] INFO  pipeline.SCMPipelineManager (SCMPipelineManager.java:finalizeAndDestroyPipeline(311)) - destroying pipeline:Pipeline[ Id: 17bb6f73-bfda-4e7c-9a5e-03229baab3a3, Nodes: a2cfc3cc-ebbd-4b2c-a705-d69374f007be{ip: 192.168.151.107, host: pr-hdds-2032-8lzfw-2265526145, networkLocation: /default-rack, certSerialId: null}, Type:RATIS, Factor:ONE, State:OPEN]
2019-09-17 17:45:01,002 [EventQueue-StaleNodeForStaleNodeHandler] INFO  pipeline.PipelineStateManager (PipelineStateManager.java:finalizePipeline(123)) - Pipeline Pipeline[ Id: 17bb6f73-bfda-4e7c-9a5e-03229baab3a3, Nodes: a2cfc3cc-ebbd-4b2c-a705-d69374f007be{ip: 192.168.151.107, host: pr-hdds-2032-8lzfw-2265526145, networkLocation: /default-rack, certSerialId: null}, Type:RATIS, Factor:ONE, State:CLOSED] moved to CLOSED state
2019-09-17 17:45:01,003 [EventQueue-StaleNodeForStaleNodeHandler] INFO  node.StaleNodeHandler (StaleNodeHandler.java:onMessage(58)) - Datanode 7f185e73-d64c-4bcf-a80a-484e7c2cc57e{ip: 192.168.151.107, host: pr-hdds-2032-8lzfw-2265526145, networkLocation: /default-rack, certSerialId: null} moved to stale state. Finalizing its pipelines [PipelineID=9db07fcc-1c35-4862-8f84-690310bf2360]
2019-09-17 17:45:01,003 [EventQueue-StaleNodeForStaleNodeHandler] INFO  pipeline.SCMPipelineManager (SCMPipelineManager.java:finalizeAndDestroyPipeline(311)) - destroying pipeline:Pipeline[ Id: 9db07fcc-1c35-4862-8f84-690310bf2360, Nodes: 7f185e73-d64c-4bcf-a80a-484e7c2cc57e{ip: 192.168.151.107, host: pr-hdds-2032-8lzfw-2265526145, networkLocation: /default-rack, certSerialId: null}, Type:RATIS, Factor:ONE, State:OPEN]
2019-09-17 17:45:01,004 [EventQueue-StaleNodeForStaleNodeHandler] INFO  pipeline.PipelineStateManager (PipelineStateManager.java:finalizePipeline(123)) - Pipeline Pipeline[ Id: 9db07fcc-1c35-4862-8f84-690310bf2360, Nodes: 7f185e73-d64c-4bcf-a80a-484e7c2cc57e{ip: 192.168.151.107, host: pr-hdds-2032-8lzfw-2265526145, networkLocation: /default-rack, certSerialId: null}, Type:RATIS, Factor:ONE, State:CLOSED] moved to CLOSED state
2019-09-17 17:45:01,050 [main] INFO  impl.MetricsSystemImpl (MetricsSystemImpl.java:init(158)) - XceiverClientMetrics metrics system started (again)
2019-09-17 17:45:01,099 [grpc-default-executor-0] INFO  impl.RaftServerProxy (RaftServerProxy.java:addNew(89)) - cdb95cdb-ffc6-44e7-b339-82010674a1ad: addNew group-53A5D04EDA60:[cdb95cdb-ffc6-44e7-b339-82010674a1ad:192.168.151.107:44462] returns group-53A5D04EDA60:java.util.concurrent.CompletableFuture@125a6dec[Not completed]
2019-09-17 17:45:01,102 [pool-47-thread-1] INFO  impl.RaftServerImpl (RaftServerImpl.java:<init>(95)) - cdb95cdb-ffc6-44e7-b339-82010674a1ad: new RaftServerImpl for group-53A5D04EDA60:[cdb95cdb-ffc6-44e7-b339-82010674a1ad:192.168.151.107:44462] with ContainerStateMachine:uninitialized
2019-09-17 17:45:01,102 [pool-47-thread-1] INFO  server.RaftServerConfigKeys (ConfUtils.java:logGet(43)) - raft.server.rpc.timeout.min = 5s (custom)
2019-09-17 17:45:01,102 [pool-47-thread-1] INFO  server.RaftServerConfigKeys (ConfUtils.java:logGet(43)) - raft.server.rpc.timeout.max = 5200ms (custom)
2019-09-17 17:45:01,102 [pool-47-thread-1] INFO  server.RaftServerConfigKeys (ConfUtils.java:logGet(43)) - raft.server.rpcslowness.timeout = 1000s (custom)
2019-09-17 17:45:01,103 [pool-47-thread-1] INFO  server.RaftServerConfigKeys (ConfUtils.java:logGet(43)) - raft.server.sleep.deviation.threshold = 300 (default)
2019-09-17 17:45:01,103 [pool-47-thread-1] INFO  server.RaftServerConfigKeys (ConfUtils.java:logGet(43)) - raft.server.log.appender.install.snapshot.enabled = false (custom)
2019-09-17 17:45:01,103 [pool-47-thread-1] INFO  impl.RaftServerImpl (ServerState.java:<init>(103)) - cdb95cdb-ffc6-44e7-b339-82010674a1ad@group-53A5D04EDA60: ConfigurationManager, init=-1: [cdb95cdb-ffc6-44e7-b339-82010674a1ad:192.168.151.107:44462], old=null, confs=<EMPTY_MAP>
2019-09-17 17:45:01,103 [pool-47-thread-1] INFO  server.RaftServerConfigKeys (ConfUtils.java:logGet(43)) - raft.server.storage.dir = [/workdir/hadoop-ozone/integration-test/target/test-dir/MiniOzoneClusterImpl-05a0e1ff-4bc1-49cf-a712-a6e21cef61ae/datanode-2/data/ratis] (custom)
2019-09-17 17:45:01,104 [pool-47-thread-1] INFO  storage.RaftStorageDirectory (RaftStorageDirectory.java:analyzeStorage(246)) - The storage directory /workdir/hadoop-ozone/integration-test/target/test-dir/MiniOzoneClusterImpl-05a0e1ff-4bc1-49cf-a712-a6e21cef61ae/datanode-2/data/ratis/ef3261d8-46c4-4eab-b51a-53a5d04eda60 does not exist. Creating ...
2019-09-17 17:45:01,129 [pool-47-thread-1] INFO  storage.RaftStorageDirectory (RaftStorageDirectory.java:tryLock(328)) - Lock on /workdir/hadoop-ozone/integration-test/target/test-dir/MiniOzoneClusterImpl-05a0e1ff-4bc1-49cf-a712-a6e21cef61ae/datanode-2/data/ratis/ef3261d8-46c4-4eab-b51a-53a5d04eda60/in_use.lock acquired by nodename 15242@pr-hdds-2032-8lzfw-2265526145
2019-09-17 17:45:01,142 [pool-47-thread-1] INFO  storage.RaftStorage (RaftStorage.java:format(72)) - Storage directory /workdir/hadoop-ozone/integration-test/target/test-dir/MiniOzoneClusterImpl-05a0e1ff-4bc1-49cf-a712-a6e21cef61ae/datanode-2/data/ratis/ef3261d8-46c4-4eab-b51a-53a5d04eda60 has been successfully formatted.
2019-09-17 17:45:01,142 [pool-47-thread-1] INFO  ratis.ContainerStateMachine (ContainerStateMachine.java:loadSnapshot(230)) - group-53A5D04EDA60: The snapshot info is null. Setting the last applied indexto:(t:0, i:~)
2019-09-17 17:45:01,142 [pool-47-thread-1] INFO  server.RaftServerConfigKeys (ConfUtils.java:logGet(43)) - raft.server.notification.no-leader.timeout = 1000s (custom)
2019-09-17 17:45:01,143 [pool-47-thread-1] INFO  server.RaftServerConfigKeys (ConfUtils.java:logGet(43)) - raft.server.log.use.memory = false (default)
2019-09-17 17:45:01,143 [pool-47-thread-1] INFO  server.RaftServerConfigKeys (ConfUtils.java:logGet(43)) - raft.server.log.purge.gap = 1000000 (custom)
2019-09-17 17:45:01,144 [pool-47-thread-1] INFO  server.RaftServerConfigKeys (ConfUtils.java:logGet(43)) - raft.server.log.appender.buffer.byte-limit = 33554432 (custom)
2019-09-17 17:45:01,144 [pool-47-thread-1] INFO  server.RaftServerConfigKeys (ConfUtils.java:logGet(43)) - raft.server.log.segment.size.max = 1048576 (custom)
2019-09-17 17:45:01,144 [pool-47-thread-1] INFO  server.RaftServerConfigKeys (ConfUtils.java:logGet(43)) - raft.server.log.segment.cache.num.max = 2 (custom)
2019-09-17 17:45:01,144 [pool-47-thread-1] INFO  segmented.SegmentedRaftLogWorker (SegmentedRaftLogWorker.java:<init>(172)) - new cdb95cdb-ffc6-44e7-b339-82010674a1ad@group-53A5D04EDA60-SegmentedRaftLogWorker for RaftStorage:Storage Directory /workdir/hadoop-ozone/integration-test/target/test-dir/MiniOzoneClusterImpl-05a0e1ff-4bc1-49cf-a712-a6e21cef61ae/datanode-2/data/ratis/ef3261d8-46c4-4eab-b51a-53a5d04eda60
2019-09-17 17:45:01,144 [pool-47-thread-1] INFO  server.RaftServerConfigKeys (ConfUtils.java:logGet(43)) - raft.server.log.queue.byte-limit = 2147483647 (custom)
2019-09-17 17:45:01,145 [pool-47-thread-1] INFO  server.RaftServerConfigKeys (ConfUtils.java:logGet(43)) - raft.server.log.queue.element-limit = 1024 (custom)
2019-09-17 17:45:01,145 [pool-47-thread-1] INFO  server.RaftServerConfigKeys (ConfUtils.java:logGet(43)) - raft.server.log.segment.size.max = 1048576 (custom)
2019-09-17 17:45:01,145 [pool-47-thread-1] INFO  server.RaftServerConfigKeys (ConfUtils.java:logGet(43)) - raft.server.log.preallocated.size = 16384 (custom)
2019-09-17 17:45:01,145 [grpc-default-executor-0] INFO  client.GrpcClientProtocolClient (GrpcClientProtocolClient.java:onNext(264)) - client-64AF7D8CBB89->cdb95cdb-ffc6-44e7-b339-82010674a1ad: receive RaftClientReply:client-64AF7D8CBB89->cdb95cdb-ffc6-44e7-b339-82010674a1ad@group-9DAC0FC88631, cid=8, FAILED org.apache.ratis.protocol.NotLeaderException: Server cdb95cdb-ffc6-44e7-b339-82010674a1ad@group-9DAC0FC88631 is not the leader, logIndex=0, commits[cdb95cdb-ffc6-44e7-b339-82010674a1ad:c-1]
2019-09-17 17:45:01,145 [pool-47-thread-1] INFO  server.RaftServerConfigKeys (ConfUtils.java:logGet(43)) - raft.server.log.write.buffer.size = 33554432 (custom)
2019-09-17 17:45:01,146 [pool-47-thread-1] INFO  server.RaftServerConfigKeys (ConfUtils.java:logGet(43)) - raft.server.log.force.sync.num = 128 (default)
2019-09-17 17:45:01,146 [pool-47-thread-1] INFO  server.RaftServerConfigKeys (ConfUtils.java:logGet(43)) - raft.server.log.statemachine.data.sync = true (default)
2019-09-17 17:45:01,147 [pool-47-thread-1] INFO  server.RaftServerConfigKeys (ConfUtils.java:logGet(43)) - raft.server.log.statemachine.data.sync.timeout = 10s (default)
2019-09-17 17:45:01,147 [pool-47-thread-1] INFO  server.RaftServerConfigKeys (ConfUtils.java:logGet(43)) - raft.server.log.statemachine.data.sync.timeout.retry = -1 (default)
2019-09-17 17:45:01,147 [pool-47-thread-1] INFO  server.RaftServerConfigKeys (ConfUtils.java:logGet(43)) - raft.server.log.statemachine.data.caching.enabled = true (custom)
2019-09-17 17:45:01,149 [pool-47-thread-1] INFO  segmented.SegmentedRaftLogWorker (SegmentedRaftLogWorker.java:lambda$new$0(132)) - cdb95cdb-ffc6-44e7-b339-82010674a1ad@group-53A5D04EDA60-SegmentedRaftLogWorker: flushIndex: setUnconditionally 0 -> -1
2019-09-17 17:45:01,149 [pool-47-thread-1] INFO  server.RaftServerConfigKeys (ConfUtils.java:logGet(43)) - raft.server.snapshot.auto.trigger.enabled = true (custom)
2019-09-17 17:45:01,149 [pool-47-thread-1] INFO  server.RaftServerConfigKeys (ConfUtils.java:logGet(43)) - raft.server.snapshot.auto.trigger.threshold = 10000 (custom)
2019-09-17 17:45:01,149 [pool-47-thread-1] INFO  server.RaftServerConfigKeys (ConfUtils.java:logGet(43)) - raft.server.snapshot.retention.num.files = 5 (custom)
2019-09-17 17:45:01,150 [pool-47-thread-1] INFO  server.RaftServerConfigKeys (ConfUtils.java:logGet(43)) - raft.server.retrycache.expirytime = 600000ms (custom)
2019-09-17 17:45:01,161 [pool-47-thread-1] INFO  impl.RaftServerImpl (RaftServerImpl.java:start(185)) - cdb95cdb-ffc6-44e7-b339-82010674a1ad@group-53A5D04EDA60: start as a follower, conf=-1: [cdb95cdb-ffc6-44e7-b339-82010674a1ad:192.168.151.107:44462], old=null
2019-09-17 17:45:01,161 [pool-47-thread-1] INFO  impl.RaftServerImpl (RaftServerImpl.java:setRole(174)) - cdb95cdb-ffc6-44e7-b339-82010674a1ad@group-53A5D04EDA60: changes role from      null to FOLLOWER at term 0 for startAsFollower
2019-09-17 17:45:01,161 [pool-47-thread-1] INFO  impl.RoleInfo (RoleInfo.java:updateAndGet(143)) - cdb95cdb-ffc6-44e7-b339-82010674a1ad: start FollowerState
2019-09-17 17:45:01,162 [pool-47-thread-1] INFO  util.JmxRegister (JmxRegister.java:tryRegister(44)) - Successfully registered JMX Bean with object name Ratis:service=RaftServer,group=group-53A5D04EDA60,id=cdb95cdb-ffc6-44e7-b339-82010674a1ad
2019-09-17 17:45:01,168 [RatisPipelineUtilsThread] INFO  pipeline.PipelineStateManager (PipelineStateManager.java:addPipeline(56)) - Created pipeline Pipeline[ Id: ef3261d8-46c4-4eab-b51a-53a5d04eda60, Nodes: cdb95cdb-ffc6-44e7-b339-82010674a1ad{ip: 192.168.151.107, host: pr-hdds-2032-8lzfw-2265526145, networkLocation: /default-rack, certSerialId: null}, Type:RATIS, Factor:ONE, State:OPEN]
2019-09-17 17:45:01,178 [grpc-default-executor-0] INFO  impl.RaftServerProxy (RaftServerProxy.java:addNew(89)) - 0f81c715-a3ce-4b9d-b292-67c21d102703: addNew group-05F558D3CC60:[0f81c715-a3ce-4b9d-b292-67c21d102703:192.168.151.107:45423] returns group-05F558D3CC60:java.util.concurrent.CompletableFuture@3ca75338[Not completed]
2019-09-17 17:45:01,180 [pool-37-thread-1] INFO  impl.RaftServerImpl (RaftServerImpl.java:<init>(95)) - 0f81c715-a3ce-4b9d-b292-67c21d102703: new RaftServerImpl for group-05F558D3CC60:[0f81c715-a3ce-4b9d-b292-67c21d102703:192.168.151.107:45423] with ContainerStateMachine:uninitialized
2019-09-17 17:45:01,180 [pool-37-thread-1] INFO  server.RaftServerConfigKeys (ConfUtils.java:logGet(43)) - raft.server.rpc.timeout.min = 5s (custom)
2019-09-17 17:45:01,182 [pool-37-thread-1] INFO  server.RaftServerConfigKeys (ConfUtils.java:logGet(43)) - raft.server.rpc.timeout.max = 5200ms (custom)
2019-09-17 17:45:01,182 [pool-37-thread-1] INFO  server.RaftServerConfigKeys (ConfUtils.java:logGet(43)) - raft.server.rpcslowness.timeout = 1000s (custom)
2019-09-17 17:45:01,182 [pool-37-thread-1] INFO  server.RaftServerConfigKeys (ConfUtils.java:logGet(43)) - raft.server.sleep.deviation.threshold = 300 (default)
2019-09-17 17:45:01,182 [pool-37-thread-1] INFO  server.RaftServerConfigKeys (ConfUtils.java:logGet(43)) - raft.server.log.appender.install.snapshot.enabled = false (custom)
2019-09-17 17:45:01,182 [pool-37-thread-1] INFO  impl.RaftServerImpl (ServerState.java:<init>(103)) - 0f81c715-a3ce-4b9d-b292-67c21d102703@group-05F558D3CC60: ConfigurationManager, init=-1: [0f81c715-a3ce-4b9d-b292-67c21d102703:192.168.151.107:45423], old=null, confs=<EMPTY_MAP>
2019-09-17 17:45:01,183 [pool-37-thread-1] INFO  server.RaftServerConfigKeys (ConfUtils.java:logGet(43)) - raft.server.storage.dir = [/workdir/hadoop-ozone/integration-test/target/test-dir/MiniOzoneClusterImpl-05a0e1ff-4bc1-49cf-a712-a6e21cef61ae/datanode-1/data/ratis] (custom)
2019-09-17 17:45:01,184 [pool-37-thread-1] INFO  storage.RaftStorageDirectory (RaftStorageDirectory.java:analyzeStorage(246)) - The storage directory /workdir/hadoop-ozone/integration-test/target/test-dir/MiniOzoneClusterImpl-05a0e1ff-4bc1-49cf-a712-a6e21cef61ae/datanode-1/data/ratis/ba654188-2944-4916-9686-05f558d3cc60 does not exist. Creating ...
2019-09-17 17:45:01,196 [pool-37-thread-1] INFO  storage.RaftStorageDirectory (RaftStorageDirectory.java:tryLock(328)) - Lock on /workdir/hadoop-ozone/integration-test/target/test-dir/MiniOzoneClusterImpl-05a0e1ff-4bc1-49cf-a712-a6e21cef61ae/datanode-1/data/ratis/ba654188-2944-4916-9686-05f558d3cc60/in_use.lock acquired by nodename 15242@pr-hdds-2032-8lzfw-2265526145
2019-09-17 17:45:01,209 [pool-37-thread-1] INFO  storage.RaftStorage (RaftStorage.java:format(72)) - Storage directory /workdir/hadoop-ozone/integration-test/target/test-dir/MiniOzoneClusterImpl-05a0e1ff-4bc1-49cf-a712-a6e21cef61ae/datanode-1/data/ratis/ba654188-2944-4916-9686-05f558d3cc60 has been successfully formatted.
2019-09-17 17:45:01,210 [pool-37-thread-1] INFO  ratis.ContainerStateMachine (ContainerStateMachine.java:loadSnapshot(230)) - group-05F558D3CC60: The snapshot info is null. Setting the last applied indexto:(t:0, i:~)
2019-09-17 17:45:01,210 [pool-37-thread-1] INFO  server.RaftServerConfigKeys (ConfUtils.java:logGet(43)) - raft.server.notification.no-leader.timeout = 1000s (custom)
2019-09-17 17:45:01,210 [pool-37-thread-1] INFO  server.RaftServerConfigKeys (ConfUtils.java:logGet(43)) - raft.server.log.use.memory = false (default)
2019-09-17 17:45:01,210 [pool-37-thread-1] INFO  server.RaftServerConfigKeys (ConfUtils.java:logGet(43)) - raft.server.log.purge.gap = 1000000 (custom)
2019-09-17 17:45:01,210 [pool-37-thread-1] INFO  server.RaftServerConfigKeys (ConfUtils.java:logGet(43)) - raft.server.log.appender.buffer.byte-limit = 33554432 (custom)
2019-09-17 17:45:01,210 [pool-37-thread-1] INFO  server.RaftServerConfigKeys (ConfUtils.java:logGet(43)) - raft.server.log.segment.size.max = 1048576 (custom)
2019-09-17 17:45:01,210 [pool-37-thread-1] INFO  server.RaftServerConfigKeys (ConfUtils.java:logGet(43)) - raft.server.log.segment.cache.num.max = 2 (custom)
2019-09-17 17:45:01,211 [pool-37-thread-1] INFO  segmented.SegmentedRaftLogWorker (SegmentedRaftLogWorker.java:<init>(172)) - new 0f81c715-a3ce-4b9d-b292-67c21d102703@group-05F558D3CC60-SegmentedRaftLogWorker for RaftStorage:Storage Directory /workdir/hadoop-ozone/integration-test/target/test-dir/MiniOzoneClusterImpl-05a0e1ff-4bc1-49cf-a712-a6e21cef61ae/datanode-1/data/ratis/ba654188-2944-4916-9686-05f558d3cc60
2019-09-17 17:45:01,211 [pool-37-thread-1] INFO  server.RaftServerConfigKeys (ConfUtils.java:logGet(43)) - raft.server.log.queue.byte-limit = 2147483647 (custom)
2019-09-17 17:45:01,211 [pool-37-thread-1] INFO  server.RaftServerConfigKeys (ConfUtils.java:logGet(43)) - raft.server.log.queue.element-limit = 1024 (custom)
2019-09-17 17:45:01,211 [pool-37-thread-1] INFO  server.RaftServerConfigKeys (ConfUtils.java:logGet(43)) - raft.server.log.segment.size.max = 1048576 (custom)
2019-09-17 17:45:01,211 [pool-37-thread-1] INFO  server.RaftServerConfigKeys (ConfUtils.java:logGet(43)) - raft.server.log.preallocated.size = 16384 (custom)
2019-09-17 17:45:01,211 [pool-37-thread-1] INFO  server.RaftServerConfigKeys (ConfUtils.java:logGet(43)) - raft.server.log.write.buffer.size = 33554432 (custom)
2019-09-17 17:45:01,211 [pool-37-thread-1] INFO  server.RaftServerConfigKeys (ConfUtils.java:logGet(43)) - raft.server.log.force.sync.num = 128 (default)
2019-09-17 17:45:01,212 [pool-37-thread-1] INFO  server.RaftServerConfigKeys (ConfUtils.java:logGet(43)) - raft.server.log.statemachine.data.sync = true (default)
2019-09-17 17:45:01,212 [pool-37-thread-1] INFO  server.RaftServerConfigKeys (ConfUtils.java:logGet(43)) - raft.server.log.statemachine.data.sync.timeout = 10s (default)
2019-09-17 17:45:01,212 [pool-37-thread-1] INFO  server.RaftServerConfigKeys (ConfUtils.java:logGet(43)) - raft.server.log.statemachine.data.sync.timeout.retry = -1 (default)
2019-09-17 17:45:01,212 [pool-37-thread-1] INFO  server.RaftServerConfigKeys (ConfUtils.java:logGet(43)) - raft.server.log.statemachine.data.caching.enabled = true (custom)
2019-09-17 17:45:01,212 [pool-37-thread-1] INFO  segmented.SegmentedRaftLogWorker (SegmentedRaftLogWorker.java:lambda$new$0(132)) - 0f81c715-a3ce-4b9d-b292-67c21d102703@group-05F558D3CC60-SegmentedRaftLogWorker: flushIndex: setUnconditionally 0 -> -1
2019-09-17 17:45:01,213 [pool-37-thread-1] INFO  server.RaftServerConfigKeys (ConfUtils.java:logGet(43)) - raft.server.snapshot.auto.trigger.enabled = true (custom)
2019-09-17 17:45:01,213 [pool-37-thread-1] INFO  server.RaftServerConfigKeys (ConfUtils.java:logGet(43)) - raft.server.snapshot.auto.trigger.threshold = 10000 (custom)
2019-09-17 17:45:01,213 [pool-37-thread-1] INFO  server.RaftServerConfigKeys (ConfUtils.java:logGet(43)) - raft.server.snapshot.retention.num.files = 5 (custom)
2019-09-17 17:45:01,213 [pool-37-thread-1] INFO  server.RaftServerConfigKeys (ConfUtils.java:logGet(43)) - raft.server.retrycache.expirytime = 600000ms (custom)
2019-09-17 17:45:01,216 [pool-37-thread-1] INFO  impl.RaftServerImpl (RaftServerImpl.java:start(185)) - 0f81c715-a3ce-4b9d-b292-67c21d102703@group-05F558D3CC60: start as a follower, conf=-1: [0f81c715-a3ce-4b9d-b292-67c21d102703:192.168.151.107:45423], old=null
2019-09-17 17:45:01,216 [pool-37-thread-1] INFO  impl.RaftServerImpl (RaftServerImpl.java:setRole(174)) - 0f81c715-a3ce-4b9d-b292-67c21d102703@group-05F558D3CC60: changes role from      null to FOLLOWER at term 0 for startAsFollower
2019-09-17 17:45:01,216 [pool-37-thread-1] INFO  impl.RoleInfo (RoleInfo.java:updateAndGet(143)) - 0f81c715-a3ce-4b9d-b292-67c21d102703: start FollowerState
2019-09-17 17:45:01,217 [pool-37-thread-1] INFO  util.JmxRegister (JmxRegister.java:tryRegister(44)) - Successfully registered JMX Bean with object name Ratis:service=RaftServer,group=group-05F558D3CC60,id=0f81c715-a3ce-4b9d-b292-67c21d102703
2019-09-17 17:45:01,225 [RatisPipelineUtilsThread] INFO  pipeline.PipelineStateManager (PipelineStateManager.java:addPipeline(56)) - Created pipeline Pipeline[ Id: ba654188-2944-4916-9686-05f558d3cc60, Nodes: 0f81c715-a3ce-4b9d-b292-67c21d102703{ip: 192.168.151.107, host: pr-hdds-2032-8lzfw-2265526145, networkLocation: /default-rack, certSerialId: null}, Type:RATIS, Factor:ONE, State:OPEN]
2019-09-17 17:45:01,238 [grpc-default-executor-0] INFO  impl.RaftServerProxy (RaftServerProxy.java:addNew(89)) - a2cfc3cc-ebbd-4b2c-a705-d69374f007be: addNew group-682B47DFAD39:[a2cfc3cc-ebbd-4b2c-a705-d69374f007be:192.168.151.107:33815] returns group-682B47DFAD39:java.util.concurrent.CompletableFuture@433b965[Not completed]
2019-09-17 17:45:01,240 [pool-57-thread-1] INFO  impl.RaftServerImpl (RaftServerImpl.java:<init>(95)) - a2cfc3cc-ebbd-4b2c-a705-d69374f007be: new RaftServerImpl for group-682B47DFAD39:[a2cfc3cc-ebbd-4b2c-a705-d69374f007be:192.168.151.107:33815] with ContainerStateMachine:uninitialized
2019-09-17 17:45:01,240 [pool-57-thread-1] INFO  server.RaftServerConfigKeys (ConfUtils.java:logGet(43)) - raft.server.rpc.timeout.min = 5s (custom)
2019-09-17 17:45:01,240 [pool-57-thread-1] INFO  server.RaftServerConfigKeys (ConfUtils.java:logGet(43)) - raft.server.rpc.timeout.max = 5200ms (custom)
2019-09-17 17:45:01,241 [pool-57-thread-1] INFO  server.RaftServerConfigKeys (ConfUtils.java:logGet(43)) - raft.server.rpcslowness.timeout = 1000s (custom)
2019-09-17 17:45:01,241 [pool-57-thread-1] INFO  server.RaftServerConfigKeys (ConfUtils.java:logGet(43)) - raft.server.sleep.deviation.threshold = 300 (default)
2019-09-17 17:45:01,241 [pool-57-thread-1] INFO  server.RaftServerConfigKeys (ConfUtils.java:logGet(43)) - raft.server.log.appender.install.snapshot.enabled = false (custom)
2019-09-17 17:45:01,241 [pool-57-thread-1] INFO  impl.RaftServerImpl (ServerState.java:<init>(103)) - a2cfc3cc-ebbd-4b2c-a705-d69374f007be@group-682B47DFAD39: ConfigurationManager, init=-1: [a2cfc3cc-ebbd-4b2c-a705-d69374f007be:192.168.151.107:33815], old=null, confs=<EMPTY_MAP>
2019-09-17 17:45:01,241 [pool-57-thread-1] INFO  server.RaftServerConfigKeys (ConfUtils.java:logGet(43)) - raft.server.storage.dir = [/workdir/hadoop-ozone/integration-test/target/test-dir/MiniOzoneClusterImpl-05a0e1ff-4bc1-49cf-a712-a6e21cef61ae/datanode-3/data/ratis] (custom)
2019-09-17 17:45:01,242 [pool-57-thread-1] INFO  storage.RaftStorageDirectory (RaftStorageDirectory.java:analyzeStorage(246)) - The storage directory /workdir/hadoop-ozone/integration-test/target/test-dir/MiniOzoneClusterImpl-05a0e1ff-4bc1-49cf-a712-a6e21cef61ae/datanode-3/data/ratis/afa0a936-5464-4b05-855b-682b47dfad39 does not exist. Creating ...
2019-09-17 17:45:01,254 [pool-57-thread-1] INFO  storage.RaftStorageDirectory (RaftStorageDirectory.java:tryLock(328)) - Lock on /workdir/hadoop-ozone/integration-test/target/test-dir/MiniOzoneClusterImpl-05a0e1ff-4bc1-49cf-a712-a6e21cef61ae/datanode-3/data/ratis/afa0a936-5464-4b05-855b-682b47dfad39/in_use.lock acquired by nodename 15242@pr-hdds-2032-8lzfw-2265526145
2019-09-17 17:45:01,267 [pool-57-thread-1] INFO  storage.RaftStorage (RaftStorage.java:format(72)) - Storage directory /workdir/hadoop-ozone/integration-test/target/test-dir/MiniOzoneClusterImpl-05a0e1ff-4bc1-49cf-a712-a6e21cef61ae/datanode-3/data/ratis/afa0a936-5464-4b05-855b-682b47dfad39 has been successfully formatted.
2019-09-17 17:45:01,268 [pool-57-thread-1] INFO  ratis.ContainerStateMachine (ContainerStateMachine.java:loadSnapshot(230)) - group-682B47DFAD39: The snapshot info is null. Setting the last applied indexto:(t:0, i:~)
2019-09-17 17:45:01,268 [pool-57-thread-1] INFO  server.RaftServerConfigKeys (ConfUtils.java:logGet(43)) - raft.server.notification.no-leader.timeout = 1000s (custom)
2019-09-17 17:45:01,268 [pool-57-thread-1] INFO  server.RaftServerConfigKeys (ConfUtils.java:logGet(43)) - raft.server.log.use.memory = false (default)
2019-09-17 17:45:01,268 [pool-57-thread-1] INFO  server.RaftServerConfigKeys (ConfUtils.java:logGet(43)) - raft.server.log.purge.gap = 1000000 (custom)
2019-09-17 17:45:01,269 [pool-57-thread-1] INFO  server.RaftServerConfigKeys (ConfUtils.java:logGet(43)) - raft.server.log.appender.buffer.byte-limit = 33554432 (custom)
2019-09-17 17:45:01,269 [pool-57-thread-1] INFO  server.RaftServerConfigKeys (ConfUtils.java:logGet(43)) - raft.server.log.segment.size.max = 1048576 (custom)
2019-09-17 17:45:01,269 [pool-57-thread-1] INFO  server.RaftServerConfigKeys (ConfUtils.java:logGet(43)) - raft.server.log.segment.cache.num.max = 2 (custom)
2019-09-17 17:45:01,269 [pool-57-thread-1] INFO  segmented.SegmentedRaftLogWorker (SegmentedRaftLogWorker.java:<init>(172)) - new a2cfc3cc-ebbd-4b2c-a705-d69374f007be@group-682B47DFAD39-SegmentedRaftLogWorker for RaftStorage:Storage Directory /workdir/hadoop-ozone/integration-test/target/test-dir/MiniOzoneClusterImpl-05a0e1ff-4bc1-49cf-a712-a6e21cef61ae/datanode-3/data/ratis/afa0a936-5464-4b05-855b-682b47dfad39
2019-09-17 17:45:01,269 [pool-57-thread-1] INFO  server.RaftServerConfigKeys (ConfUtils.java:logGet(43)) - raft.server.log.queue.byte-limit = 2147483647 (custom)
2019-09-17 17:45:01,270 [pool-57-thread-1] INFO  server.RaftServerConfigKeys (ConfUtils.java:logGet(43)) - raft.server.log.queue.element-limit = 1024 (custom)
2019-09-17 17:45:01,270 [pool-57-thread-1] INFO  server.RaftServerConfigKeys (ConfUtils.java:logGet(43)) - raft.server.log.segment.size.max = 1048576 (custom)
2019-09-17 17:45:01,270 [pool-57-thread-1] INFO  server.RaftServerConfigKeys (ConfUtils.java:logGet(43)) - raft.server.log.preallocated.size = 16384 (custom)
2019-09-17 17:45:01,270 [pool-57-thread-1] INFO  server.RaftServerConfigKeys (ConfUtils.java:logGet(43)) - raft.server.log.write.buffer.size = 33554432 (custom)
2019-09-17 17:45:01,270 [pool-57-thread-1] INFO  server.RaftServerConfigKeys (ConfUtils.java:logGet(43)) - raft.server.log.force.sync.num = 128 (default)
2019-09-17 17:45:01,270 [pool-57-thread-1] INFO  server.RaftServerConfigKeys (ConfUtils.java:logGet(43)) - raft.server.log.statemachine.data.sync = true (default)
2019-09-17 17:45:01,271 [pool-57-thread-1] INFO  server.RaftServerConfigKeys (ConfUtils.java:logGet(43)) - raft.server.log.statemachine.data.sync.timeout = 10s (default)
2019-09-17 17:45:01,271 [pool-57-thread-1] INFO  server.RaftServerConfigKeys (ConfUtils.java:logGet(43)) - raft.server.log.statemachine.data.sync.timeout.retry = -1 (default)
2019-09-17 17:45:01,271 [pool-57-thread-1] INFO  server.RaftServerConfigKeys (ConfUtils.java:logGet(43)) - raft.server.log.statemachine.data.caching.enabled = true (custom)
2019-09-17 17:45:01,271 [pool-57-thread-1] INFO  segmented.SegmentedRaftLogWorker (SegmentedRaftLogWorker.java:lambda$new$0(132)) - a2cfc3cc-ebbd-4b2c-a705-d69374f007be@group-682B47DFAD39-SegmentedRaftLogWorker: flushIndex: setUnconditionally 0 -> -1
2019-09-17 17:45:01,272 [pool-57-thread-1] INFO  server.RaftServerConfigKeys (ConfUtils.java:logGet(43)) - raft.server.snapshot.auto.trigger.enabled = true (custom)
2019-09-17 17:45:01,272 [pool-57-thread-1] INFO  server.RaftServerConfigKeys (ConfUtils.java:logGet(43)) - raft.server.snapshot.auto.trigger.threshold = 10000 (custom)
2019-09-17 17:45:01,272 [pool-57-thread-1] INFO  server.RaftServerConfigKeys (ConfUtils.java:logGet(43)) - raft.server.snapshot.retention.num.files = 5 (custom)
2019-09-17 17:45:01,272 [pool-57-thread-1] INFO  server.RaftServerConfigKeys (ConfUtils.java:logGet(43)) - raft.server.retrycache.expirytime = 600000ms (custom)
2019-09-17 17:45:01,276 [pool-57-thread-1] INFO  impl.RaftServerImpl (RaftServerImpl.java:start(185)) - a2cfc3cc-ebbd-4b2c-a705-d69374f007be@group-682B47DFAD39: start as a follower, conf=-1: [a2cfc3cc-ebbd-4b2c-a705-d69374f007be:192.168.151.107:33815], old=null
2019-09-17 17:45:01,276 [pool-57-thread-1] INFO  impl.RaftServerImpl (RaftServerImpl.java:setRole(174)) - a2cfc3cc-ebbd-4b2c-a705-d69374f007be@group-682B47DFAD39: changes role from      null to FOLLOWER at term 0 for startAsFollower
2019-09-17 17:45:01,276 [pool-57-thread-1] INFO  impl.RoleInfo (RoleInfo.java:updateAndGet(143)) - a2cfc3cc-ebbd-4b2c-a705-d69374f007be: start FollowerState
2019-09-17 17:45:01,277 [pool-57-thread-1] INFO  util.JmxRegister (JmxRegister.java:tryRegister(44)) - Successfully registered JMX Bean with object name Ratis:service=RaftServer,group=group-682B47DFAD39,id=a2cfc3cc-ebbd-4b2c-a705-d69374f007be
2019-09-17 17:45:01,285 [RatisPipelineUtilsThread] INFO  pipeline.PipelineStateManager (PipelineStateManager.java:addPipeline(56)) - Created pipeline Pipeline[ Id: afa0a936-5464-4b05-855b-682b47dfad39, Nodes: a2cfc3cc-ebbd-4b2c-a705-d69374f007be{ip: 192.168.151.107, host: pr-hdds-2032-8lzfw-2265526145, networkLocation: /default-rack, certSerialId: null}, Type:RATIS, Factor:ONE, State:OPEN]
2019-09-17 17:45:01,300 [grpc-default-executor-0] INFO  impl.RaftServerProxy (RaftServerProxy.java:addNew(89)) - 7f185e73-d64c-4bcf-a80a-484e7c2cc57e: addNew group-297D49BC8C40:[7f185e73-d64c-4bcf-a80a-484e7c2cc57e:192.168.151.107:43578] returns group-297D49BC8C40:java.util.concurrent.CompletableFuture@6a70df5[Not completed]
2019-09-17 17:45:01,301 [pool-27-thread-1] INFO  impl.RaftServerImpl (RaftServerImpl.java:<init>(95)) - 7f185e73-d64c-4bcf-a80a-484e7c2cc57e: new RaftServerImpl for group-297D49BC8C40:[7f185e73-d64c-4bcf-a80a-484e7c2cc57e:192.168.151.107:43578] with ContainerStateMachine:uninitialized
2019-09-17 17:45:01,302 [pool-27-thread-1] INFO  server.RaftServerConfigKeys (ConfUtils.java:logGet(43)) - raft.server.rpc.timeout.min = 5s (custom)
2019-09-17 17:45:01,302 [pool-27-thread-1] INFO  server.RaftServerConfigKeys (ConfUtils.java:logGet(43)) - raft.server.rpc.timeout.max = 5200ms (custom)
2019-09-17 17:45:01,302 [pool-27-thread-1] INFO  server.RaftServerConfigKeys (ConfUtils.java:logGet(43)) - raft.server.rpcslowness.timeout = 1000s (custom)
2019-09-17 17:45:01,302 [pool-27-thread-1] INFO  server.RaftServerConfigKeys (ConfUtils.java:logGet(43)) - raft.server.sleep.deviation.threshold = 300 (default)
2019-09-17 17:45:01,302 [pool-27-thread-1] INFO  server.RaftServerConfigKeys (ConfUtils.java:logGet(43)) - raft.server.log.appender.install.snapshot.enabled = false (custom)
2019-09-17 17:45:01,302 [pool-27-thread-1] INFO  impl.RaftServerImpl (ServerState.java:<init>(103)) - 7f185e73-d64c-4bcf-a80a-484e7c2cc57e@group-297D49BC8C40: ConfigurationManager, init=-1: [7f185e73-d64c-4bcf-a80a-484e7c2cc57e:192.168.151.107:43578], old=null, confs=<EMPTY_MAP>
2019-09-17 17:45:01,303 [pool-27-thread-1] INFO  server.RaftServerConfigKeys (ConfUtils.java:logGet(43)) - raft.server.storage.dir = [/workdir/hadoop-ozone/integration-test/target/test-dir/MiniOzoneClusterImpl-05a0e1ff-4bc1-49cf-a712-a6e21cef61ae/datanode-0/data/ratis] (custom)
2019-09-17 17:45:01,303 [pool-27-thread-1] INFO  storage.RaftStorageDirectory (RaftStorageDirectory.java:analyzeStorage(246)) - The storage directory /workdir/hadoop-ozone/integration-test/target/test-dir/MiniOzoneClusterImpl-05a0e1ff-4bc1-49cf-a712-a6e21cef61ae/datanode-0/data/ratis/c78b0422-9872-4ee4-876d-297d49bc8c40 does not exist. Creating ...
2019-09-17 17:45:01,315 [pool-27-thread-1] INFO  storage.RaftStorageDirectory (RaftStorageDirectory.java:tryLock(328)) - Lock on /workdir/hadoop-ozone/integration-test/target/test-dir/MiniOzoneClusterImpl-05a0e1ff-4bc1-49cf-a712-a6e21cef61ae/datanode-0/data/ratis/c78b0422-9872-4ee4-876d-297d49bc8c40/in_use.lock acquired by nodename 15242@pr-hdds-2032-8lzfw-2265526145
2019-09-17 17:45:01,328 [pool-27-thread-1] INFO  storage.RaftStorage (RaftStorage.java:format(72)) - Storage directory /workdir/hadoop-ozone/integration-test/target/test-dir/MiniOzoneClusterImpl-05a0e1ff-4bc1-49cf-a712-a6e21cef61ae/datanode-0/data/ratis/c78b0422-9872-4ee4-876d-297d49bc8c40 has been successfully formatted.
2019-09-17 17:45:01,328 [pool-27-thread-1] INFO  ratis.ContainerStateMachine (ContainerStateMachine.java:loadSnapshot(230)) - group-297D49BC8C40: The snapshot info is null. Setting the last applied indexto:(t:0, i:~)
2019-09-17 17:45:01,328 [pool-27-thread-1] INFO  server.RaftServerConfigKeys (ConfUtils.java:logGet(43)) - raft.server.notification.no-leader.timeout = 1000s (custom)
2019-09-17 17:45:01,329 [pool-27-thread-1] INFO  server.RaftServerConfigKeys (ConfUtils.java:logGet(43)) - raft.server.log.use.memory = false (default)
2019-09-17 17:45:01,329 [pool-27-thread-1] INFO  server.RaftServerConfigKeys (ConfUtils.java:logGet(43)) - raft.server.log.purge.gap = 1000000 (custom)
2019-09-17 17:45:01,329 [pool-27-thread-1] INFO  server.RaftServerConfigKeys (ConfUtils.java:logGet(43)) - raft.server.log.appender.buffer.byte-limit = 33554432 (custom)
2019-09-17 17:45:01,329 [pool-27-thread-1] INFO  server.RaftServerConfigKeys (ConfUtils.java:logGet(43)) - raft.server.log.segment.size.max = 1048576 (custom)
2019-09-17 17:45:01,329 [pool-27-thread-1] INFO  server.RaftServerConfigKeys (ConfUtils.java:logGet(43)) - raft.server.log.segment.cache.num.max = 2 (custom)
2019-09-17 17:45:01,329 [pool-27-thread-1] INFO  segmented.SegmentedRaftLogWorker (SegmentedRaftLogWorker.java:<init>(172)) - new 7f185e73-d64c-4bcf-a80a-484e7c2cc57e@group-297D49BC8C40-SegmentedRaftLogWorker for RaftStorage:Storage Directory /workdir/hadoop-ozone/integration-test/target/test-dir/MiniOzoneClusterImpl-05a0e1ff-4bc1-49cf-a712-a6e21cef61ae/datanode-0/data/ratis/c78b0422-9872-4ee4-876d-297d49bc8c40
2019-09-17 17:45:01,329 [pool-27-thread-1] INFO  server.RaftServerConfigKeys (ConfUtils.java:logGet(43)) - raft.server.log.queue.byte-limit = 2147483647 (custom)
2019-09-17 17:45:01,329 [pool-27-thread-1] INFO  server.RaftServerConfigKeys (ConfUtils.java:logGet(43)) - raft.server.log.queue.element-limit = 1024 (custom)
2019-09-17 17:45:01,330 [pool-27-thread-1] INFO  server.RaftServerConfigKeys (ConfUtils.java:logGet(43)) - raft.server.log.segment.size.max = 1048576 (custom)
2019-09-17 17:45:01,330 [pool-27-thread-1] INFO  server.RaftServerConfigKeys (ConfUtils.java:logGet(43)) - raft.server.log.preallocated.size = 16384 (custom)
2019-09-17 17:45:01,330 [pool-27-thread-1] INFO  server.RaftServerConfigKeys (ConfUtils.java:logGet(43)) - raft.server.log.write.buffer.size = 33554432 (custom)
2019-09-17 17:45:01,330 [pool-27-thread-1] INFO  server.RaftServerConfigKeys (ConfUtils.java:logGet(43)) - raft.server.log.force.sync.num = 128 (default)
2019-09-17 17:45:01,330 [pool-27-thread-1] INFO  server.RaftServerConfigKeys (ConfUtils.java:logGet(43)) - raft.server.log.statemachine.data.sync = true (default)
2019-09-17 17:45:01,330 [pool-27-thread-1] INFO  server.RaftServerConfigKeys (ConfUtils.java:logGet(43)) - raft.server.log.statemachine.data.sync.timeout = 10s (default)
2019-09-17 17:45:01,330 [pool-27-thread-1] INFO  server.RaftServerConfigKeys (ConfUtils.java:logGet(43)) - raft.server.log.statemachine.data.sync.timeout.retry = -1 (default)
2019-09-17 17:45:01,331 [pool-27-thread-1] INFO  server.RaftServerConfigKeys (ConfUtils.java:logGet(43)) - raft.server.log.statemachine.data.caching.enabled = true (custom)
2019-09-17 17:45:01,331 [pool-27-thread-1] INFO  segmented.SegmentedRaftLogWorker (SegmentedRaftLogWorker.java:lambda$new$0(132)) - 7f185e73-d64c-4bcf-a80a-484e7c2cc57e@group-297D49BC8C40-SegmentedRaftLogWorker: flushIndex: setUnconditionally 0 -> -1
2019-09-17 17:45:01,331 [pool-27-thread-1] INFO  server.RaftServerConfigKeys (ConfUtils.java:logGet(43)) - raft.server.snapshot.auto.trigger.enabled = true (custom)
2019-09-17 17:45:01,331 [pool-27-thread-1] INFO  server.RaftServerConfigKeys (ConfUtils.java:logGet(43)) - raft.server.snapshot.auto.trigger.threshold = 10000 (custom)
2019-09-17 17:45:01,331 [pool-27-thread-1] INFO  server.RaftServerConfigKeys (ConfUtils.java:logGet(43)) - raft.server.snapshot.retention.num.files = 5 (custom)
2019-09-17 17:45:01,331 [pool-27-thread-1] INFO  server.RaftServerConfigKeys (ConfUtils.java:logGet(43)) - raft.server.retrycache.expirytime = 600000ms (custom)
2019-09-17 17:45:01,334 [pool-27-thread-1] INFO  impl.RaftServerImpl (RaftServerImpl.java:start(185)) - 7f185e73-d64c-4bcf-a80a-484e7c2cc57e@group-297D49BC8C40: start as a follower, conf=-1: [7f185e73-d64c-4bcf-a80a-484e7c2cc57e:192.168.151.107:43578], old=null
2019-09-17 17:45:01,334 [pool-27-thread-1] INFO  impl.RaftServerImpl (RaftServerImpl.java:setRole(174)) - 7f185e73-d64c-4bcf-a80a-484e7c2cc57e@group-297D49BC8C40: changes role from      null to FOLLOWER at term 0 for startAsFollower
2019-09-17 17:45:01,334 [pool-27-thread-1] INFO  impl.RoleInfo (RoleInfo.java:updateAndGet(143)) - 7f185e73-d64c-4bcf-a80a-484e7c2cc57e: start FollowerState
2019-09-17 17:45:01,334 [pool-27-thread-1] INFO  util.JmxRegister (JmxRegister.java:tryRegister(44)) - Successfully registered JMX Bean with object name Ratis:service=RaftServer,group=group-297D49BC8C40,id=7f185e73-d64c-4bcf-a80a-484e7c2cc57e
2019-09-17 17:45:01,343 [RatisPipelineUtilsThread] INFO  pipeline.PipelineStateManager (PipelineStateManager.java:addPipeline(56)) - Created pipeline Pipeline[ Id: c78b0422-9872-4ee4-876d-297d49bc8c40, Nodes: 7f185e73-d64c-4bcf-a80a-484e7c2cc57e{ip: 192.168.151.107, host: pr-hdds-2032-8lzfw-2265526145, networkLocation: /default-rack, certSerialId: null}, Type:RATIS, Factor:ONE, State:OPEN]
2019-09-17 17:45:01,364 [grpc-default-executor-2] INFO  impl.RaftServerProxy (RaftServerProxy.java:addNew(89)) - 0f81c715-a3ce-4b9d-b292-67c21d102703: addNew group-AD427605CC4A:[0f81c715-a3ce-4b9d-b292-67c21d102703:192.168.151.107:45423, cdb95cdb-ffc6-44e7-b339-82010674a1ad:192.168.151.107:44462, a2cfc3cc-ebbd-4b2c-a705-d69374f007be:192.168.151.107:33815] returns group-AD427605CC4A:java.util.concurrent.CompletableFuture@584980fd[Not completed]
2019-09-17 17:45:01,364 [grpc-default-executor-0] INFO  impl.RaftServerProxy (RaftServerProxy.java:addNew(89)) - cdb95cdb-ffc6-44e7-b339-82010674a1ad: addNew group-AD427605CC4A:[0f81c715-a3ce-4b9d-b292-67c21d102703:192.168.151.107:45423, cdb95cdb-ffc6-44e7-b339-82010674a1ad:192.168.151.107:44462, a2cfc3cc-ebbd-4b2c-a705-d69374f007be:192.168.151.107:33815] returns group-AD427605CC4A:java.util.concurrent.CompletableFuture@73451979[Not completed]
2019-09-17 17:45:01,366 [grpc-default-executor-1] INFO  impl.RaftServerProxy (RaftServerProxy.java:addNew(89)) - a2cfc3cc-ebbd-4b2c-a705-d69374f007be: addNew group-AD427605CC4A:[0f81c715-a3ce-4b9d-b292-67c21d102703:192.168.151.107:45423, cdb95cdb-ffc6-44e7-b339-82010674a1ad:192.168.151.107:44462, a2cfc3cc-ebbd-4b2c-a705-d69374f007be:192.168.151.107:33815] returns group-AD427605CC4A:java.util.concurrent.CompletableFuture@66b135bd[Not completed]
2019-09-17 17:45:01,367 [pool-37-thread-1] INFO  impl.RaftServerImpl (RaftServerImpl.java:<init>(95)) - 0f81c715-a3ce-4b9d-b292-67c21d102703: new RaftServerImpl for group-AD427605CC4A:[0f81c715-a3ce-4b9d-b292-67c21d102703:192.168.151.107:45423, cdb95cdb-ffc6-44e7-b339-82010674a1ad:192.168.151.107:44462, a2cfc3cc-ebbd-4b2c-a705-d69374f007be:192.168.151.107:33815] with ContainerStateMachine:uninitialized
2019-09-17 17:45:01,367 [pool-37-thread-1] INFO  server.RaftServerConfigKeys (ConfUtils.java:logGet(43)) - raft.server.rpc.timeout.min = 5s (custom)
2019-09-17 17:45:01,367 [pool-37-thread-1] INFO  server.RaftServerConfigKeys (ConfUtils.java:logGet(43)) - raft.server.rpc.timeout.max = 5200ms (custom)
2019-09-17 17:45:01,367 [pool-37-thread-1] INFO  server.RaftServerConfigKeys (ConfUtils.java:logGet(43)) - raft.server.rpcslowness.timeout = 1000s (custom)
2019-09-17 17:45:01,367 [pool-37-thread-1] INFO  server.RaftServerConfigKeys (ConfUtils.java:logGet(43)) - raft.server.sleep.deviation.threshold = 300 (default)
2019-09-17 17:45:01,367 [pool-37-thread-1] INFO  server.RaftServerConfigKeys (ConfUtils.java:logGet(43)) - raft.server.log.appender.install.snapshot.enabled = false (custom)
2019-09-17 17:45:01,367 [pool-37-thread-1] INFO  impl.RaftServerImpl (ServerState.java:<init>(103)) - 0f81c715-a3ce-4b9d-b292-67c21d102703@group-AD427605CC4A: ConfigurationManager, init=-1: [0f81c715-a3ce-4b9d-b292-67c21d102703:192.168.151.107:45423, cdb95cdb-ffc6-44e7-b339-82010674a1ad:192.168.151.107:44462, a2cfc3cc-ebbd-4b2c-a705-d69374f007be:192.168.151.107:33815], old=null, confs=<EMPTY_MAP>
2019-09-17 17:45:01,367 [pool-37-thread-1] INFO  server.RaftServerConfigKeys (ConfUtils.java:logGet(43)) - raft.server.storage.dir = [/workdir/hadoop-ozone/integration-test/target/test-dir/MiniOzoneClusterImpl-05a0e1ff-4bc1-49cf-a712-a6e21cef61ae/datanode-1/data/ratis] (custom)
2019-09-17 17:45:01,368 [pool-37-thread-1] INFO  storage.RaftStorageDirectory (RaftStorageDirectory.java:analyzeStorage(246)) - The storage directory /workdir/hadoop-ozone/integration-test/target/test-dir/MiniOzoneClusterImpl-05a0e1ff-4bc1-49cf-a712-a6e21cef61ae/datanode-1/data/ratis/4e498d03-3eb0-48cf-91f5-ad427605cc4a does not exist. Creating ...
2019-09-17 17:45:01,368 [pool-47-thread-1] INFO  impl.RaftServerImpl (RaftServerImpl.java:<init>(95)) - cdb95cdb-ffc6-44e7-b339-82010674a1ad: new RaftServerImpl for group-AD427605CC4A:[0f81c715-a3ce-4b9d-b292-67c21d102703:192.168.151.107:45423, cdb95cdb-ffc6-44e7-b339-82010674a1ad:192.168.151.107:44462, a2cfc3cc-ebbd-4b2c-a705-d69374f007be:192.168.151.107:33815] with ContainerStateMachine:uninitialized
2019-09-17 17:45:01,368 [pool-47-thread-1] INFO  server.RaftServerConfigKeys (ConfUtils.java:logGet(43)) - raft.server.rpc.timeout.min = 5s (custom)
2019-09-17 17:45:01,368 [pool-47-thread-1] INFO  server.RaftServerConfigKeys (ConfUtils.java:logGet(43)) - raft.server.rpc.timeout.max = 5200ms (custom)
2019-09-17 17:45:01,368 [pool-47-thread-1] INFO  server.RaftServerConfigKeys (ConfUtils.java:logGet(43)) - raft.server.rpcslowness.timeout = 1000s (custom)
2019-09-17 17:45:01,368 [pool-47-thread-1] INFO  server.RaftServerConfigKeys (ConfUtils.java:logGet(43)) - raft.server.sleep.deviation.threshold = 300 (default)
2019-09-17 17:45:01,369 [pool-47-thread-1] INFO  server.RaftServerConfigKeys (ConfUtils.java:logGet(43)) - raft.server.log.appender.install.snapshot.enabled = false (custom)
2019-09-17 17:45:01,369 [pool-57-thread-1] INFO  impl.RaftServerImpl (RaftServerImpl.java:<init>(95)) - a2cfc3cc-ebbd-4b2c-a705-d69374f007be: new RaftServerImpl for group-AD427605CC4A:[0f81c715-a3ce-4b9d-b292-67c21d102703:192.168.151.107:45423, cdb95cdb-ffc6-44e7-b339-82010674a1ad:192.168.151.107:44462, a2cfc3cc-ebbd-4b2c-a705-d69374f007be:192.168.151.107:33815] with ContainerStateMachine:uninitialized
2019-09-17 17:45:01,369 [pool-47-thread-1] INFO  impl.RaftServerImpl (ServerState.java:<init>(103)) - cdb95cdb-ffc6-44e7-b339-82010674a1ad@group-AD427605CC4A: ConfigurationManager, init=-1: [0f81c715-a3ce-4b9d-b292-67c21d102703:192.168.151.107:45423, cdb95cdb-ffc6-44e7-b339-82010674a1ad:192.168.151.107:44462, a2cfc3cc-ebbd-4b2c-a705-d69374f007be:192.168.151.107:33815], old=null, confs=<EMPTY_MAP>
2019-09-17 17:45:01,369 [pool-57-thread-1] INFO  server.RaftServerConfigKeys (ConfUtils.java:logGet(43)) - raft.server.rpc.timeout.min = 5s (custom)
2019-09-17 17:45:01,369 [pool-47-thread-1] INFO  server.RaftServerConfigKeys (ConfUtils.java:logGet(43)) - raft.server.storage.dir = [/workdir/hadoop-ozone/integration-test/target/test-dir/MiniOzoneClusterImpl-05a0e1ff-4bc1-49cf-a712-a6e21cef61ae/datanode-2/data/ratis] (custom)
2019-09-17 17:45:01,369 [pool-57-thread-1] INFO  server.RaftServerConfigKeys (ConfUtils.java:logGet(43)) - raft.server.rpc.timeout.max = 5200ms (custom)
2019-09-17 17:45:01,369 [pool-57-thread-1] INFO  server.RaftServerConfigKeys (ConfUtils.java:logGet(43)) - raft.server.rpcslowness.timeout = 1000s (custom)
2019-09-17 17:45:01,370 [pool-47-thread-1] INFO  storage.RaftStorageDirectory (RaftStorageDirectory.java:analyzeStorage(246)) - The storage directory /workdir/hadoop-ozone/integration-test/target/test-dir/MiniOzoneClusterImpl-05a0e1ff-4bc1-49cf-a712-a6e21cef61ae/datanode-2/data/ratis/4e498d03-3eb0-48cf-91f5-ad427605cc4a does not exist. Creating ...
2019-09-17 17:45:01,370 [pool-57-thread-1] INFO  server.RaftServerConfigKeys (ConfUtils.java:logGet(43)) - raft.server.sleep.deviation.threshold = 300 (default)
2019-09-17 17:45:01,370 [pool-57-thread-1] INFO  server.RaftServerConfigKeys (ConfUtils.java:logGet(43)) - raft.server.log.appender.install.snapshot.enabled = false (custom)
2019-09-17 17:45:01,370 [pool-57-thread-1] INFO  impl.RaftServerImpl (ServerState.java:<init>(103)) - a2cfc3cc-ebbd-4b2c-a705-d69374f007be@group-AD427605CC4A: ConfigurationManager, init=-1: [0f81c715-a3ce-4b9d-b292-67c21d102703:192.168.151.107:45423, cdb95cdb-ffc6-44e7-b339-82010674a1ad:192.168.151.107:44462, a2cfc3cc-ebbd-4b2c-a705-d69374f007be:192.168.151.107:33815], old=null, confs=<EMPTY_MAP>
2019-09-17 17:45:01,370 [pool-57-thread-1] INFO  server.RaftServerConfigKeys (ConfUtils.java:logGet(43)) - raft.server.storage.dir = [/workdir/hadoop-ozone/integration-test/target/test-dir/MiniOzoneClusterImpl-05a0e1ff-4bc1-49cf-a712-a6e21cef61ae/datanode-3/data/ratis] (custom)
2019-09-17 17:45:01,371 [pool-57-thread-1] INFO  storage.RaftStorageDirectory (RaftStorageDirectory.java:analyzeStorage(246)) - The storage directory /workdir/hadoop-ozone/integration-test/target/test-dir/MiniOzoneClusterImpl-05a0e1ff-4bc1-49cf-a712-a6e21cef61ae/datanode-3/data/ratis/4e498d03-3eb0-48cf-91f5-ad427605cc4a does not exist. Creating ...
2019-09-17 17:45:01,393 [pool-37-thread-1] INFO  storage.RaftStorageDirectory (RaftStorageDirectory.java:tryLock(328)) - Lock on /workdir/hadoop-ozone/integration-test/target/test-dir/MiniOzoneClusterImpl-05a0e1ff-4bc1-49cf-a712-a6e21cef61ae/datanode-1/data/ratis/4e498d03-3eb0-48cf-91f5-ad427605cc4a/in_use.lock acquired by nodename 15242@pr-hdds-2032-8lzfw-2265526145
2019-09-17 17:45:01,393 [pool-47-thread-1] INFO  storage.RaftStorageDirectory (RaftStorageDirectory.java:tryLock(328)) - Lock on /workdir/hadoop-ozone/integration-test/target/test-dir/MiniOzoneClusterImpl-05a0e1ff-4bc1-49cf-a712-a6e21cef61ae/datanode-2/data/ratis/4e498d03-3eb0-48cf-91f5-ad427605cc4a/in_use.lock acquired by nodename 15242@pr-hdds-2032-8lzfw-2265526145
2019-09-17 17:45:01,393 [pool-57-thread-1] INFO  storage.RaftStorageDirectory (RaftStorageDirectory.java:tryLock(328)) - Lock on /workdir/hadoop-ozone/integration-test/target/test-dir/MiniOzoneClusterImpl-05a0e1ff-4bc1-49cf-a712-a6e21cef61ae/datanode-3/data/ratis/4e498d03-3eb0-48cf-91f5-ad427605cc4a/in_use.lock acquired by nodename 15242@pr-hdds-2032-8lzfw-2265526145
2019-09-17 17:45:01,418 [pool-37-thread-1] INFO  storage.RaftStorage (RaftStorage.java:format(72)) - Storage directory /workdir/hadoop-ozone/integration-test/target/test-dir/MiniOzoneClusterImpl-05a0e1ff-4bc1-49cf-a712-a6e21cef61ae/datanode-1/data/ratis/4e498d03-3eb0-48cf-91f5-ad427605cc4a has been successfully formatted.
2019-09-17 17:45:01,418 [pool-57-thread-1] INFO  storage.RaftStorage (RaftStorage.java:format(72)) - Storage directory /workdir/hadoop-ozone/integration-test/target/test-dir/MiniOzoneClusterImpl-05a0e1ff-4bc1-49cf-a712-a6e21cef61ae/datanode-3/data/ratis/4e498d03-3eb0-48cf-91f5-ad427605cc4a has been successfully formatted.
2019-09-17 17:45:01,418 [pool-47-thread-1] INFO  storage.RaftStorage (RaftStorage.java:format(72)) - Storage directory /workdir/hadoop-ozone/integration-test/target/test-dir/MiniOzoneClusterImpl-05a0e1ff-4bc1-49cf-a712-a6e21cef61ae/datanode-2/data/ratis/4e498d03-3eb0-48cf-91f5-ad427605cc4a has been successfully formatted.
2019-09-17 17:45:01,418 [pool-37-thread-1] INFO  ratis.ContainerStateMachine (ContainerStateMachine.java:loadSnapshot(230)) - group-AD427605CC4A: The snapshot info is null. Setting the last applied indexto:(t:0, i:~)
2019-09-17 17:45:01,419 [pool-57-thread-1] INFO  ratis.ContainerStateMachine (ContainerStateMachine.java:loadSnapshot(230)) - group-AD427605CC4A: The snapshot info is null. Setting the last applied indexto:(t:0, i:~)
2019-09-17 17:45:01,419 [pool-37-thread-1] INFO  server.RaftServerConfigKeys (ConfUtils.java:logGet(43)) - raft.server.notification.no-leader.timeout = 1000s (custom)
2019-09-17 17:45:01,419 [pool-47-thread-1] INFO  ratis.ContainerStateMachine (ContainerStateMachine.java:loadSnapshot(230)) - group-AD427605CC4A: The snapshot info is null. Setting the last applied indexto:(t:0, i:~)
2019-09-17 17:45:01,419 [pool-37-thread-1] INFO  server.RaftServerConfigKeys (ConfUtils.java:logGet(43)) - raft.server.log.use.memory = false (default)
2019-09-17 17:45:01,419 [pool-57-thread-1] INFO  server.RaftServerConfigKeys (ConfUtils.java:logGet(43)) - raft.server.notification.no-leader.timeout = 1000s (custom)
2019-09-17 17:45:01,419 [pool-37-thread-1] INFO  server.RaftServerConfigKeys (ConfUtils.java:logGet(43)) - raft.server.log.purge.gap = 1000000 (custom)
2019-09-17 17:45:01,419 [pool-47-thread-1] INFO  server.RaftServerConfigKeys (ConfUtils.java:logGet(43)) - raft.server.notification.no-leader.timeout = 1000s (custom)
2019-09-17 17:45:01,420 [pool-37-thread-1] INFO  server.RaftServerConfigKeys (ConfUtils.java:logGet(43)) - raft.server.log.appender.buffer.byte-limit = 33554432 (custom)
2019-09-17 17:45:01,420 [pool-57-thread-1] INFO  server.RaftServerConfigKeys (ConfUtils.java:logGet(43)) - raft.server.log.use.memory = false (default)
2019-09-17 17:45:01,420 [pool-37-thread-1] INFO  server.RaftServerConfigKeys (ConfUtils.java:logGet(43)) - raft.server.log.segment.size.max = 1048576 (custom)
2019-09-17 17:45:01,420 [pool-47-thread-1] INFO  server.RaftServerConfigKeys (ConfUtils.java:logGet(43)) - raft.server.log.use.memory = false (default)
2019-09-17 17:45:01,420 [pool-37-thread-1] INFO  server.RaftServerConfigKeys (ConfUtils.java:logGet(43)) - raft.server.log.segment.cache.num.max = 2 (custom)
2019-09-17 17:45:01,420 [pool-57-thread-1] INFO  server.RaftServerConfigKeys (ConfUtils.java:logGet(43)) - raft.server.log.purge.gap = 1000000 (custom)
2019-09-17 17:45:01,421 [pool-37-thread-1] INFO  segmented.SegmentedRaftLogWorker (SegmentedRaftLogWorker.java:<init>(172)) - new 0f81c715-a3ce-4b9d-b292-67c21d102703@group-AD427605CC4A-SegmentedRaftLogWorker for RaftStorage:Storage Directory /workdir/hadoop-ozone/integration-test/target/test-dir/MiniOzoneClusterImpl-05a0e1ff-4bc1-49cf-a712-a6e21cef61ae/datanode-1/data/ratis/4e498d03-3eb0-48cf-91f5-ad427605cc4a
2019-09-17 17:45:01,421 [pool-47-thread-1] INFO  server.RaftServerConfigKeys (ConfUtils.java:logGet(43)) - raft.server.log.purge.gap = 1000000 (custom)
2019-09-17 17:45:01,421 [pool-37-thread-1] INFO  server.RaftServerConfigKeys (ConfUtils.java:logGet(43)) - raft.server.log.queue.byte-limit = 2147483647 (custom)
2019-09-17 17:45:01,421 [pool-57-thread-1] INFO  server.RaftServerConfigKeys (ConfUtils.java:logGet(43)) - raft.server.log.appender.buffer.byte-limit = 33554432 (custom)
2019-09-17 17:45:01,422 [pool-37-thread-1] INFO  server.RaftServerConfigKeys (ConfUtils.java:logGet(43)) - raft.server.log.queue.element-limit = 1024 (custom)
2019-09-17 17:45:01,421 [pool-47-thread-1] INFO  server.RaftServerConfigKeys (ConfUtils.java:logGet(43)) - raft.server.log.appender.buffer.byte-limit = 33554432 (custom)
2019-09-17 17:45:01,422 [pool-37-thread-1] INFO  server.RaftServerConfigKeys (ConfUtils.java:logGet(43)) - raft.server.log.segment.size.max = 1048576 (custom)
2019-09-17 17:45:01,422 [pool-57-thread-1] INFO  server.RaftServerConfigKeys (ConfUtils.java:logGet(43)) - raft.server.log.segment.size.max = 1048576 (custom)
2019-09-17 17:45:01,422 [pool-37-thread-1] INFO  server.RaftServerConfigKeys (ConfUtils.java:logGet(43)) - raft.server.log.preallocated.size = 16384 (custom)
2019-09-17 17:45:01,422 [pool-47-thread-1] INFO  server.RaftServerConfigKeys (ConfUtils.java:logGet(43)) - raft.server.log.segment.size.max = 1048576 (custom)
2019-09-17 17:45:01,423 [pool-37-thread-1] INFO  server.RaftServerConfigKeys (ConfUtils.java:logGet(43)) - raft.server.log.write.buffer.size = 33554432 (custom)
2019-09-17 17:45:01,422 [pool-57-thread-1] INFO  server.RaftServerConfigKeys (ConfUtils.java:logGet(43)) - raft.server.log.segment.cache.num.max = 2 (custom)
2019-09-17 17:45:01,423 [pool-37-thread-1] INFO  server.RaftServerConfigKeys (ConfUtils.java:logGet(43)) - raft.server.log.force.sync.num = 128 (default)
2019-09-17 17:45:01,423 [pool-47-thread-1] INFO  server.RaftServerConfigKeys (ConfUtils.java:logGet(43)) - raft.server.log.segment.cache.num.max = 2 (custom)
2019-09-17 17:45:01,423 [pool-37-thread-1] INFO  server.RaftServerConfigKeys (ConfUtils.java:logGet(43)) - raft.server.log.statemachine.data.sync = true (default)
2019-09-17 17:45:01,423 [pool-57-thread-1] INFO  segmented.SegmentedRaftLogWorker (SegmentedRaftLogWorker.java:<init>(172)) - new a2cfc3cc-ebbd-4b2c-a705-d69374f007be@group-AD427605CC4A-SegmentedRaftLogWorker for RaftStorage:Storage Directory /workdir/hadoop-ozone/integration-test/target/test-dir/MiniOzoneClusterImpl-05a0e1ff-4bc1-49cf-a712-a6e21cef61ae/datanode-3/data/ratis/4e498d03-3eb0-48cf-91f5-ad427605cc4a
2019-09-17 17:45:01,424 [pool-37-thread-1] INFO  server.RaftServerConfigKeys (ConfUtils.java:logGet(43)) - raft.server.log.statemachine.data.sync.timeout = 10s (default)
2019-09-17 17:45:01,423 [pool-47-thread-1] INFO  segmented.SegmentedRaftLogWorker (SegmentedRaftLogWorker.java:<init>(172)) - new cdb95cdb-ffc6-44e7-b339-82010674a1ad@group-AD427605CC4A-SegmentedRaftLogWorker for RaftStorage:Storage Directory /workdir/hadoop-ozone/integration-test/target/test-dir/MiniOzoneClusterImpl-05a0e1ff-4bc1-49cf-a712-a6e21cef61ae/datanode-2/data/ratis/4e498d03-3eb0-48cf-91f5-ad427605cc4a
2019-09-17 17:45:01,424 [pool-37-thread-1] INFO  server.RaftServerConfigKeys (ConfUtils.java:logGet(43)) - raft.server.log.statemachine.data.sync.timeout.retry = -1 (default)
2019-09-17 17:45:01,424 [pool-57-thread-1] INFO  server.RaftServerConfigKeys (ConfUtils.java:logGet(43)) - raft.server.log.queue.byte-limit = 2147483647 (custom)
2019-09-17 17:45:01,424 [pool-37-thread-1] INFO  server.RaftServerConfigKeys (ConfUtils.java:logGet(43)) - raft.server.log.statemachine.data.caching.enabled = true (custom)
2019-09-17 17:45:01,424 [pool-47-thread-1] INFO  server.RaftServerConfigKeys (ConfUtils.java:logGet(43)) - raft.server.log.queue.byte-limit = 2147483647 (custom)
2019-09-17 17:45:01,425 [pool-57-thread-1] INFO  server.RaftServerConfigKeys (ConfUtils.java:logGet(43)) - raft.server.log.queue.element-limit = 1024 (custom)
2019-09-17 17:45:01,425 [pool-37-thread-1] INFO  segmented.SegmentedRaftLogWorker (SegmentedRaftLogWorker.java:lambda$new$0(132)) - 0f81c715-a3ce-4b9d-b292-67c21d102703@group-AD427605CC4A-SegmentedRaftLogWorker: flushIndex: setUnconditionally 0 -> -1
2019-09-17 17:45:01,425 [pool-47-thread-1] INFO  server.RaftServerConfigKeys (ConfUtils.java:logGet(43)) - raft.server.log.queue.element-limit = 1024 (custom)
2019-09-17 17:45:01,425 [pool-57-thread-1] INFO  server.RaftServerConfigKeys (ConfUtils.java:logGet(43)) - raft.server.log.segment.size.max = 1048576 (custom)
2019-09-17 17:45:01,425 [pool-47-thread-1] INFO  server.RaftServerConfigKeys (ConfUtils.java:logGet(43)) - raft.server.log.segment.size.max = 1048576 (custom)
2019-09-17 17:45:01,425 [pool-37-thread-1] INFO  server.RaftServerConfigKeys (ConfUtils.java:logGet(43)) - raft.server.snapshot.auto.trigger.enabled = true (custom)
2019-09-17 17:45:01,426 [pool-47-thread-1] INFO  server.RaftServerConfigKeys (ConfUtils.java:logGet(43)) - raft.server.log.preallocated.size = 16384 (custom)
2019-09-17 17:45:01,426 [pool-57-thread-1] INFO  server.RaftServerConfigKeys (ConfUtils.java:logGet(43)) - raft.server.log.preallocated.size = 16384 (custom)
2019-09-17 17:45:01,426 [pool-47-thread-1] INFO  server.RaftServerConfigKeys (ConfUtils.java:logGet(43)) - raft.server.log.write.buffer.size = 33554432 (custom)
2019-09-17 17:45:01,426 [pool-37-thread-1] INFO  server.RaftServerConfigKeys (ConfUtils.java:logGet(43)) - raft.server.snapshot.auto.trigger.threshold = 10000 (custom)
2019-09-17 17:45:01,426 [pool-47-thread-1] INFO  server.RaftServerConfigKeys (ConfUtils.java:logGet(43)) - raft.server.log.force.sync.num = 128 (default)
2019-09-17 17:45:01,426 [pool-57-thread-1] INFO  server.RaftServerConfigKeys (ConfUtils.java:logGet(43)) - raft.server.log.write.buffer.size = 33554432 (custom)
2019-09-17 17:45:01,427 [pool-47-thread-1] INFO  server.RaftServerConfigKeys (ConfUtils.java:logGet(43)) - raft.server.log.statemachine.data.sync = true (default)
2019-09-17 17:45:01,427 [pool-37-thread-1] INFO  server.RaftServerConfigKeys (ConfUtils.java:logGet(43)) - raft.server.snapshot.retention.num.files = 5 (custom)
2019-09-17 17:45:01,427 [pool-47-thread-1] INFO  server.RaftServerConfigKeys (ConfUtils.java:logGet(43)) - raft.server.log.statemachine.data.sync.timeout = 10s (default)
2019-09-17 17:45:01,427 [pool-57-thread-1] INFO  server.RaftServerConfigKeys (ConfUtils.java:logGet(43)) - raft.server.log.force.sync.num = 128 (default)
2019-09-17 17:45:01,427 [pool-47-thread-1] INFO  server.RaftServerConfigKeys (ConfUtils.java:logGet(43)) - raft.server.log.statemachine.data.sync.timeout.retry = -1 (default)
2019-09-17 17:45:01,427 [pool-37-thread-1] INFO  server.RaftServerConfigKeys (ConfUtils.java:logGet(43)) - raft.server.retrycache.expirytime = 600000ms (custom)
2019-09-17 17:45:01,428 [pool-47-thread-1] INFO  server.RaftServerConfigKeys (ConfUtils.java:logGet(43)) - raft.server.log.statemachine.data.caching.enabled = true (custom)
2019-09-17 17:45:01,428 [pool-57-thread-1] INFO  server.RaftServerConfigKeys (ConfUtils.java:logGet(43)) - raft.server.log.statemachine.data.sync = true (default)
2019-09-17 17:45:01,428 [pool-47-thread-1] INFO  segmented.SegmentedRaftLogWorker (SegmentedRaftLogWorker.java:lambda$new$0(132)) - cdb95cdb-ffc6-44e7-b339-82010674a1ad@group-AD427605CC4A-SegmentedRaftLogWorker: flushIndex: setUnconditionally 0 -> -1
2019-09-17 17:45:01,428 [pool-57-thread-1] INFO  server.RaftServerConfigKeys (ConfUtils.java:logGet(43)) - raft.server.log.statemachine.data.sync.timeout = 10s (default)
2019-09-17 17:45:01,429 [pool-47-thread-1] INFO  server.RaftServerConfigKeys (ConfUtils.java:logGet(43)) - raft.server.snapshot.auto.trigger.enabled = true (custom)
2019-09-17 17:45:01,429 [pool-57-thread-1] INFO  server.RaftServerConfigKeys (ConfUtils.java:logGet(43)) - raft.server.log.statemachine.data.sync.timeout.retry = -1 (default)
2019-09-17 17:45:01,429 [pool-47-thread-1] INFO  server.RaftServerConfigKeys (ConfUtils.java:logGet(43)) - raft.server.snapshot.auto.trigger.threshold = 10000 (custom)
2019-09-17 17:45:01,429 [pool-57-thread-1] INFO  server.RaftServerConfigKeys (ConfUtils.java:logGet(43)) - raft.server.log.statemachine.data.caching.enabled = true (custom)
2019-09-17 17:45:01,429 [pool-47-thread-1] INFO  server.RaftServerConfigKeys (ConfUtils.java:logGet(43)) - raft.server.snapshot.retention.num.files = 5 (custom)
2019-09-17 17:45:01,429 [pool-57-thread-1] INFO  segmented.SegmentedRaftLogWorker (SegmentedRaftLogWorker.java:lambda$new$0(132)) - a2cfc3cc-ebbd-4b2c-a705-d69374f007be@group-AD427605CC4A-SegmentedRaftLogWorker: flushIndex: setUnconditionally 0 -> -1
2019-09-17 17:45:01,430 [pool-47-thread-1] INFO  server.RaftServerConfigKeys (ConfUtils.java:logGet(43)) - raft.server.retrycache.expirytime = 600000ms (custom)
2019-09-17 17:45:01,430 [pool-57-thread-1] INFO  server.RaftServerConfigKeys (ConfUtils.java:logGet(43)) - raft.server.snapshot.auto.trigger.enabled = true (custom)
2019-09-17 17:45:01,430 [pool-57-thread-1] INFO  server.RaftServerConfigKeys (ConfUtils.java:logGet(43)) - raft.server.snapshot.auto.trigger.threshold = 10000 (custom)
2019-09-17 17:45:01,430 [pool-57-thread-1] INFO  server.RaftServerConfigKeys (ConfUtils.java:logGet(43)) - raft.server.snapshot.retention.num.files = 5 (custom)
2019-09-17 17:45:01,430 [pool-57-thread-1] INFO  server.RaftServerConfigKeys (ConfUtils.java:logGet(43)) - raft.server.retrycache.expirytime = 600000ms (custom)
2019-09-17 17:45:01,431 [pool-37-thread-1] INFO  impl.RaftServerImpl (RaftServerImpl.java:start(185)) - 0f81c715-a3ce-4b9d-b292-67c21d102703@group-AD427605CC4A: start as a follower, conf=-1: [0f81c715-a3ce-4b9d-b292-67c21d102703:192.168.151.107:45423, cdb95cdb-ffc6-44e7-b339-82010674a1ad:192.168.151.107:44462, a2cfc3cc-ebbd-4b2c-a705-d69374f007be:192.168.151.107:33815], old=null
2019-09-17 17:45:01,431 [pool-37-thread-1] INFO  impl.RaftServerImpl (RaftServerImpl.java:setRole(174)) - 0f81c715-a3ce-4b9d-b292-67c21d102703@group-AD427605CC4A: changes role from      null to FOLLOWER at term 0 for startAsFollower
2019-09-17 17:45:01,432 [pool-37-thread-1] INFO  impl.RoleInfo (RoleInfo.java:updateAndGet(143)) - 0f81c715-a3ce-4b9d-b292-67c21d102703: start FollowerState
2019-09-17 17:45:01,432 [pool-37-thread-1] INFO  util.JmxRegister (JmxRegister.java:tryRegister(44)) - Successfully registered JMX Bean with object name Ratis:service=RaftServer,group=group-AD427605CC4A,id=0f81c715-a3ce-4b9d-b292-67c21d102703
2019-09-17 17:45:01,433 [pool-47-thread-1] INFO  impl.RaftServerImpl (RaftServerImpl.java:start(185)) - cdb95cdb-ffc6-44e7-b339-82010674a1ad@group-AD427605CC4A: start as a follower, conf=-1: [0f81c715-a3ce-4b9d-b292-67c21d102703:192.168.151.107:45423, cdb95cdb-ffc6-44e7-b339-82010674a1ad:192.168.151.107:44462, a2cfc3cc-ebbd-4b2c-a705-d69374f007be:192.168.151.107:33815], old=null
2019-09-17 17:45:01,433 [pool-47-thread-1] INFO  impl.RaftServerImpl (RaftServerImpl.java:setRole(174)) - cdb95cdb-ffc6-44e7-b339-82010674a1ad@group-AD427605CC4A: changes role from      null to FOLLOWER at term 0 for startAsFollower
2019-09-17 17:45:01,433 [pool-47-thread-1] INFO  impl.RoleInfo (RoleInfo.java:updateAndGet(143)) - cdb95cdb-ffc6-44e7-b339-82010674a1ad: start FollowerState
2019-09-17 17:45:01,433 [pool-57-thread-1] INFO  impl.RaftServerImpl (RaftServerImpl.java:start(185)) - a2cfc3cc-ebbd-4b2c-a705-d69374f007be@group-AD427605CC4A: start as a follower, conf=-1: [0f81c715-a3ce-4b9d-b292-67c21d102703:192.168.151.107:45423, cdb95cdb-ffc6-44e7-b339-82010674a1ad:192.168.151.107:44462, a2cfc3cc-ebbd-4b2c-a705-d69374f007be:192.168.151.107:33815], old=null
2019-09-17 17:45:01,434 [pool-57-thread-1] INFO  impl.RaftServerImpl (RaftServerImpl.java:setRole(174)) - a2cfc3cc-ebbd-4b2c-a705-d69374f007be@group-AD427605CC4A: changes role from      null to FOLLOWER at term 0 for startAsFollower
2019-09-17 17:45:01,434 [pool-47-thread-1] INFO  util.JmxRegister (JmxRegister.java:tryRegister(44)) - Successfully registered JMX Bean with object name Ratis:service=RaftServer,group=group-AD427605CC4A,id=cdb95cdb-ffc6-44e7-b339-82010674a1ad
2019-09-17 17:45:01,434 [pool-57-thread-1] INFO  impl.RoleInfo (RoleInfo.java:updateAndGet(143)) - a2cfc3cc-ebbd-4b2c-a705-d69374f007be: start FollowerState
2019-09-17 17:45:01,434 [pool-57-thread-1] INFO  util.JmxRegister (JmxRegister.java:tryRegister(44)) - Successfully registered JMX Bean with object name Ratis:service=RaftServer,group=group-AD427605CC4A,id=a2cfc3cc-ebbd-4b2c-a705-d69374f007be
2019-09-17 17:45:01,454 [RatisPipelineUtilsThread] INFO  pipeline.PipelineStateManager (PipelineStateManager.java:addPipeline(56)) - Created pipeline Pipeline[ Id: 4e498d03-3eb0-48cf-91f5-ad427605cc4a, Nodes: cdb95cdb-ffc6-44e7-b339-82010674a1ad{ip: 192.168.151.107, host: pr-hdds-2032-8lzfw-2265526145, networkLocation: /default-rack, certSerialId: null}0f81c715-a3ce-4b9d-b292-67c21d102703{ip: 192.168.151.107, host: pr-hdds-2032-8lzfw-2265526145, networkLocation: /default-rack, certSerialId: null}a2cfc3cc-ebbd-4b2c-a705-d69374f007be{ip: 192.168.151.107, host: pr-hdds-2032-8lzfw-2265526145, networkLocation: /default-rack, certSerialId: null}, Type:RATIS, Factor:THREE, State:OPEN]
2019-09-17 17:45:01,751 [Thread-193] INFO  container.ReplicationManager (ReplicationManager.java:start(169)) - Replication Monitor Thread is already running.
2019-09-17 17:45:01,822 [Command processor thread] ERROR commandhandler.CloseContainerCommandHandler (CloseContainerCommandHandler.java:handle(84)) - Container #1 does not exist in datanode. Container close failed.
2019-09-17 17:45:01,898 [Command processor thread] ERROR commandhandler.CloseContainerCommandHandler (CloseContainerCommandHandler.java:handle(84)) - Container #1 does not exist in datanode. Container close failed.
2019-09-17 17:45:01,975 [Command processor thread] ERROR commandhandler.CloseContainerCommandHandler (CloseContainerCommandHandler.java:handle(84)) - Container #1 does not exist in datanode. Container close failed.
2019-09-17 17:45:02,001 [ReplicationMonitor] INFO  container.ReplicationManager (ReplicationManager.java:run(225)) - Replication Monitor Thread took 1 milliseconds for processing 1 containers.
2019-09-17 17:45:02,182 [grpc-default-executor-1] INFO  client.GrpcClientProtocolClient (GrpcClientProtocolClient.java:onNext(264)) - client-64AF7D8CBB89->0f81c715-a3ce-4b9d-b292-67c21d102703: receive RaftClientReply:client-64AF7D8CBB89->0f81c715-a3ce-4b9d-b292-67c21d102703@group-9DAC0FC88631, cid=8, FAILED org.apache.ratis.protocol.NotLeaderException: Server 0f81c715-a3ce-4b9d-b292-67c21d102703@group-9DAC0FC88631 is not the leader, logIndex=0, commits[0f81c715-a3ce-4b9d-b292-67c21d102703:c-1]
2019-09-17 17:45:03,209 [grpc-default-executor-0] INFO  client.GrpcClientProtocolClient (GrpcClientProtocolClient.java:onNext(264)) - client-64AF7D8CBB89->a2cfc3cc-ebbd-4b2c-a705-d69374f007be: receive RaftClientReply:client-64AF7D8CBB89->a2cfc3cc-ebbd-4b2c-a705-d69374f007be@group-9DAC0FC88631, cid=8, FAILED org.apache.ratis.protocol.NotLeaderException: Server a2cfc3cc-ebbd-4b2c-a705-d69374f007be@group-9DAC0FC88631 is not the leader, logIndex=0, commits[a2cfc3cc-ebbd-4b2c-a705-d69374f007be:c-1]
2019-09-17 17:45:04,001 [ReplicationMonitor] INFO  container.ReplicationManager (ReplicationManager.java:run(225)) - Replication Monitor Thread took 1 milliseconds for processing 1 containers.
2019-09-17 17:45:04,231 [grpc-default-executor-0] INFO  client.GrpcClientProtocolClient (GrpcClientProtocolClient.java:onNext(264)) - client-64AF7D8CBB89->0f81c715-a3ce-4b9d-b292-67c21d102703: receive RaftClientReply:client-64AF7D8CBB89->0f81c715-a3ce-4b9d-b292-67c21d102703@group-9DAC0FC88631, cid=8, FAILED org.apache.ratis.protocol.NotLeaderException: Server 0f81c715-a3ce-4b9d-b292-67c21d102703@group-9DAC0FC88631 is not the leader, logIndex=0, commits[0f81c715-a3ce-4b9d-b292-67c21d102703:c-1]
2019-09-17 17:45:04,458 [Thread-195] INFO  impl.FollowerState (FollowerState.java:run(106)) - 7f185e73-d64c-4bcf-a80a-484e7c2cc57e:group-690310BF2360 changes to CANDIDATE, lastRpcTime:5030, electionTimeout:5029ms
2019-09-17 17:45:04,462 [Thread-195] INFO  impl.RoleInfo (RoleInfo.java:shutdownFollowerState(121)) - 7f185e73-d64c-4bcf-a80a-484e7c2cc57e: shutdown FollowerState
2019-09-17 17:45:04,462 [Thread-195] INFO  impl.RaftServerImpl (RaftServerImpl.java:setRole(174)) - 7f185e73-d64c-4bcf-a80a-484e7c2cc57e@group-690310BF2360: changes role from  FOLLOWER to CANDIDATE at term 0 for changeToCandidate
2019-09-17 17:45:04,469 [Thread-195] INFO  impl.RoleInfo (RoleInfo.java:updateAndGet(143)) - 7f185e73-d64c-4bcf-a80a-484e7c2cc57e: start LeaderElection
2019-09-17 17:45:04,487 [7f185e73-d64c-4bcf-a80a-484e7c2cc57e@group-690310BF2360:LeaderElection1] INFO  impl.LeaderElection (LeaderElection.java:askForVotes(182)) - 7f185e73-d64c-4bcf-a80a-484e7c2cc57e@group-690310BF2360:LeaderElection1: begin an election at term 1 for -1: [7f185e73-d64c-4bcf-a80a-484e7c2cc57e:192.168.151.107:43578], old=null
2019-09-17 17:45:04,489 [7f185e73-d64c-4bcf-a80a-484e7c2cc57e@group-690310BF2360:LeaderElection1] INFO  impl.RoleInfo (RoleInfo.java:shutdownLeaderElection(134)) - 7f185e73-d64c-4bcf-a80a-484e7c2cc57e: shutdown LeaderElection
2019-09-17 17:45:04,489 [7f185e73-d64c-4bcf-a80a-484e7c2cc57e@group-690310BF2360:LeaderElection1] INFO  impl.RaftServerImpl (RaftServerImpl.java:setRole(174)) - 7f185e73-d64c-4bcf-a80a-484e7c2cc57e@group-690310BF2360: changes role from CANDIDATE to LEADER at term 1 for changeToLeader
2019-09-17 17:45:04,490 [7f185e73-d64c-4bcf-a80a-484e7c2cc57e@group-690310BF2360:LeaderElection1] INFO  impl.RaftServerImpl (ServerState.java:setLeader(253)) - 7f185e73-d64c-4bcf-a80a-484e7c2cc57e@group-690310BF2360: change Leader from null to 7f185e73-d64c-4bcf-a80a-484e7c2cc57e at term 1 for becomeLeader, leader elected after 5157ms
2019-09-17 17:45:04,497 [7f185e73-d64c-4bcf-a80a-484e7c2cc57e@group-690310BF2360:LeaderElection1] INFO  server.RaftServerConfigKeys (ConfUtils.java:logGet(43)) - raft.server.staging.catchup.gap = 1000 (default)
2019-09-17 17:45:04,497 [7f185e73-d64c-4bcf-a80a-484e7c2cc57e@group-690310BF2360:LeaderElection1] INFO  server.RaftServerConfigKeys (ConfUtils.java:logGet(43)) - raft.server.rpc.sleep.time = 25ms (default)
2019-09-17 17:45:04,500 [7f185e73-d64c-4bcf-a80a-484e7c2cc57e@group-690310BF2360:LeaderElection1] INFO  server.RaftServerConfigKeys (ConfUtils.java:logGet(43)) - raft.server.write.element-limit = 4096 (default)
2019-09-17 17:45:04,503 [7f185e73-d64c-4bcf-a80a-484e7c2cc57e@group-690310BF2360:LeaderElection1] INFO  server.RaftServerConfigKeys (ConfUtils.java:logGet(43)) - raft.server.watch.timeout = 10s (default)
2019-09-17 17:45:04,503 [7f185e73-d64c-4bcf-a80a-484e7c2cc57e@group-690310BF2360:LeaderElection1] INFO  server.RaftServerConfigKeys (ConfUtils.java:logGet(43)) - raft.server.watch.timeout.denomination = 1s (default)
2019-09-17 17:45:04,504 [7f185e73-d64c-4bcf-a80a-484e7c2cc57e@group-690310BF2360:LeaderElection1] INFO  server.RaftServerConfigKeys (ConfUtils.java:logGet(43)) - raft.server.watch.element-limit = 65536 (default)
2019-09-17 17:45:04,517 [7f185e73-d64c-4bcf-a80a-484e7c2cc57e@group-690310BF2360:LeaderElection1] INFO  impl.RoleInfo (RoleInfo.java:updateAndGet(143)) - 7f185e73-d64c-4bcf-a80a-484e7c2cc57e: start LeaderState
2019-09-17 17:45:04,544 [7f185e73-d64c-4bcf-a80a-484e7c2cc57e@group-690310BF2360:LeaderElection1] INFO  segmented.SegmentedRaftLogWorker (SegmentedRaftLogWorker.java:startLogSegment(380)) - 7f185e73-d64c-4bcf-a80a-484e7c2cc57e@group-690310BF2360-SegmentedRaftLogWorker: Starting segment from index:0
2019-09-17 17:45:04,554 [7f185e73-d64c-4bcf-a80a-484e7c2cc57e@group-690310BF2360:LeaderElection1] INFO  impl.RaftServerImpl (ServerState.java:setRaftConf(354)) - 7f185e73-d64c-4bcf-a80a-484e7c2cc57e@group-690310BF2360: set configuration 0: [7f185e73-d64c-4bcf-a80a-484e7c2cc57e:192.168.151.107:43578], old=null at 0
2019-09-17 17:45:04,715 [Thread-198] INFO  impl.FollowerState (FollowerState.java:run(106)) - cdb95cdb-ffc6-44e7-b339-82010674a1ad:group-E1A67DDD4984 changes to CANDIDATE, lastRpcTime:5090, electionTimeout:5089ms
2019-09-17 17:45:04,738 [Thread-198] INFO  impl.RoleInfo (RoleInfo.java:shutdownFollowerState(121)) - cdb95cdb-ffc6-44e7-b339-82010674a1ad: shutdown FollowerState
2019-09-17 17:45:04,738 [Thread-198] INFO  impl.RaftServerImpl (RaftServerImpl.java:setRole(174)) - cdb95cdb-ffc6-44e7-b339-82010674a1ad@group-E1A67DDD4984: changes role from  FOLLOWER to CANDIDATE at term 0 for changeToCandidate
2019-09-17 17:45:04,738 [Thread-198] INFO  impl.RoleInfo (RoleInfo.java:updateAndGet(143)) - cdb95cdb-ffc6-44e7-b339-82010674a1ad: start LeaderElection
2019-09-17 17:45:04,754 [7f185e73-d64c-4bcf-a80a-484e7c2cc57e@group-690310BF2360-SegmentedRaftLogWorker] INFO  segmented.SegmentedRaftLogWorker (SegmentedRaftLogWorker.java:execute(569)) - 7f185e73-d64c-4bcf-a80a-484e7c2cc57e@group-690310BF2360-SegmentedRaftLogWorker: created new log segment /workdir/hadoop-ozone/integration-test/target/test-dir/MiniOzoneClusterImpl-05a0e1ff-4bc1-49cf-a712-a6e21cef61ae/datanode-0/data/ratis/9db07fcc-1c35-4862-8f84-690310bf2360/current/log_inprogress_0
2019-09-17 17:45:04,754 [cdb95cdb-ffc6-44e7-b339-82010674a1ad@group-E1A67DDD4984:LeaderElection2] INFO  impl.LeaderElection (LeaderElection.java:askForVotes(182)) - cdb95cdb-ffc6-44e7-b339-82010674a1ad@group-E1A67DDD4984:LeaderElection2: begin an election at term 1 for -1: [cdb95cdb-ffc6-44e7-b339-82010674a1ad:192.168.151.107:44462], old=null
2019-09-17 17:45:04,761 [cdb95cdb-ffc6-44e7-b339-82010674a1ad@group-E1A67DDD4984:LeaderElection2] INFO  impl.RoleInfo (RoleInfo.java:shutdownLeaderElection(134)) - cdb95cdb-ffc6-44e7-b339-82010674a1ad: shutdown LeaderElection
2019-09-17 17:45:04,761 [cdb95cdb-ffc6-44e7-b339-82010674a1ad@group-E1A67DDD4984:LeaderElection2] INFO  impl.RaftServerImpl (RaftServerImpl.java:setRole(174)) - cdb95cdb-ffc6-44e7-b339-82010674a1ad@group-E1A67DDD4984: changes role from CANDIDATE to LEADER at term 1 for changeToLeader
2019-09-17 17:45:04,761 [cdb95cdb-ffc6-44e7-b339-82010674a1ad@group-E1A67DDD4984:LeaderElection2] INFO  impl.RaftServerImpl (ServerState.java:setLeader(253)) - cdb95cdb-ffc6-44e7-b339-82010674a1ad@group-E1A67DDD4984: change Leader from null to cdb95cdb-ffc6-44e7-b339-82010674a1ad at term 1 for becomeLeader, leader elected after 5156ms
2019-09-17 17:45:04,761 [cdb95cdb-ffc6-44e7-b339-82010674a1ad@group-E1A67DDD4984:LeaderElection2] INFO  server.RaftServerConfigKeys (ConfUtils.java:logGet(43)) - raft.server.staging.catchup.gap = 1000 (default)
2019-09-17 17:45:04,761 [cdb95cdb-ffc6-44e7-b339-82010674a1ad@group-E1A67DDD4984:LeaderElection2] INFO  server.RaftServerConfigKeys (ConfUtils.java:logGet(43)) - raft.server.rpc.sleep.time = 25ms (default)
2019-09-17 17:45:04,762 [cdb95cdb-ffc6-44e7-b339-82010674a1ad@group-E1A67DDD4984:LeaderElection2] INFO  server.RaftServerConfigKeys (ConfUtils.java:logGet(43)) - raft.server.write.element-limit = 4096 (default)
2019-09-17 17:45:04,762 [cdb95cdb-ffc6-44e7-b339-82010674a1ad@group-E1A67DDD4984:LeaderElection2] INFO  server.RaftServerConfigKeys (ConfUtils.java:logGet(43)) - raft.server.watch.timeout = 10s (default)
2019-09-17 17:45:04,762 [cdb95cdb-ffc6-44e7-b339-82010674a1ad@group-E1A67DDD4984:LeaderElection2] INFO  server.RaftServerConfigKeys (ConfUtils.java:logGet(43)) - raft.server.watch.timeout.denomination = 1s (default)
2019-09-17 17:45:04,762 [cdb95cdb-ffc6-44e7-b339-82010674a1ad@group-E1A67DDD4984:LeaderElection2] INFO  server.RaftServerConfigKeys (ConfUtils.java:logGet(43)) - raft.server.watch.element-limit = 65536 (default)
2019-09-17 17:45:04,765 [cdb95cdb-ffc6-44e7-b339-82010674a1ad@group-E1A67DDD4984:LeaderElection2] INFO  impl.RoleInfo (RoleInfo.java:updateAndGet(143)) - cdb95cdb-ffc6-44e7-b339-82010674a1ad: start LeaderState
2019-09-17 17:45:04,766 [cdb95cdb-ffc6-44e7-b339-82010674a1ad@group-E1A67DDD4984:LeaderElection2] INFO  segmented.SegmentedRaftLogWorker (SegmentedRaftLogWorker.java:startLogSegment(380)) - cdb95cdb-ffc6-44e7-b339-82010674a1ad@group-E1A67DDD4984-SegmentedRaftLogWorker: Starting segment from index:0
2019-09-17 17:45:04,767 [cdb95cdb-ffc6-44e7-b339-82010674a1ad@group-E1A67DDD4984:LeaderElection2] INFO  impl.RaftServerImpl (ServerState.java:setRaftConf(354)) - cdb95cdb-ffc6-44e7-b339-82010674a1ad@group-E1A67DDD4984: set configuration 0: [cdb95cdb-ffc6-44e7-b339-82010674a1ad:192.168.151.107:44462], old=null at 0
2019-09-17 17:45:04,816 [cdb95cdb-ffc6-44e7-b339-82010674a1ad@group-E1A67DDD4984-SegmentedRaftLogWorker] INFO  segmented.SegmentedRaftLogWorker (SegmentedRaftLogWorker.java:execute(569)) - cdb95cdb-ffc6-44e7-b339-82010674a1ad@group-E1A67DDD4984-SegmentedRaftLogWorker: created new log segment /workdir/hadoop-ozone/integration-test/target/test-dir/MiniOzoneClusterImpl-05a0e1ff-4bc1-49cf-a712-a6e21cef61ae/datanode-2/data/ratis/ef784579-e656-4f82-a026-e1a67ddd4984/current/log_inprogress_0
2019-09-17 17:45:04,932 [Thread-201] INFO  impl.FollowerState (FollowerState.java:run(106)) - 0f81c715-a3ce-4b9d-b292-67c21d102703:group-FB81C6710FF1 changes to CANDIDATE, lastRpcTime:5178, electionTimeout:5178ms
2019-09-17 17:45:04,933 [Thread-201] INFO  impl.RoleInfo (RoleInfo.java:shutdownFollowerState(121)) - 0f81c715-a3ce-4b9d-b292-67c21d102703: shutdown FollowerState
2019-09-17 17:45:04,933 [Thread-201] INFO  impl.RaftServerImpl (RaftServerImpl.java:setRole(174)) - 0f81c715-a3ce-4b9d-b292-67c21d102703@group-FB81C6710FF1: changes role from  FOLLOWER to CANDIDATE at term 0 for changeToCandidate
2019-09-17 17:45:04,933 [Thread-201] INFO  impl.RoleInfo (RoleInfo.java:updateAndGet(143)) - 0f81c715-a3ce-4b9d-b292-67c21d102703: start LeaderElection
2019-09-17 17:45:04,941 [Thread-204] INFO  impl.FollowerState (FollowerState.java:run(106)) - a2cfc3cc-ebbd-4b2c-a705-d69374f007be:group-03229BAAB3A3 changes to CANDIDATE, lastRpcTime:5099, electionTimeout:5099ms
2019-09-17 17:45:04,941 [Thread-204] INFO  impl.RoleInfo (RoleInfo.java:shutdownFollowerState(121)) - a2cfc3cc-ebbd-4b2c-a705-d69374f007be: shutdown FollowerState
2019-09-17 17:45:04,942 [Thread-204] INFO  impl.RaftServerImpl (RaftServerImpl.java:setRole(174)) - a2cfc3cc-ebbd-4b2c-a705-d69374f007be@group-03229BAAB3A3: changes role from  FOLLOWER to CANDIDATE at term 0 for changeToCandidate
2019-09-17 17:45:04,942 [Thread-204] INFO  impl.RoleInfo (RoleInfo.java:updateAndGet(143)) - a2cfc3cc-ebbd-4b2c-a705-d69374f007be: start LeaderElection
2019-09-17 17:45:04,952 [0f81c715-a3ce-4b9d-b292-67c21d102703@group-FB81C6710FF1:LeaderElection3] INFO  impl.LeaderElection (LeaderElection.java:askForVotes(182)) - 0f81c715-a3ce-4b9d-b292-67c21d102703@group-FB81C6710FF1:LeaderElection3: begin an election at term 1 for -1: [0f81c715-a3ce-4b9d-b292-67c21d102703:192.168.151.107:45423], old=null
2019-09-17 17:45:04,952 [a2cfc3cc-ebbd-4b2c-a705-d69374f007be@group-03229BAAB3A3:LeaderElection4] INFO  impl.LeaderElection (LeaderElection.java:askForVotes(182)) - a2cfc3cc-ebbd-4b2c-a705-d69374f007be@group-03229BAAB3A3:LeaderElection4: begin an election at term 1 for -1: [a2cfc3cc-ebbd-4b2c-a705-d69374f007be:192.168.151.107:33815], old=null
2019-09-17 17:45:04,953 [0f81c715-a3ce-4b9d-b292-67c21d102703@group-FB81C6710FF1:LeaderElection3] INFO  impl.RoleInfo (RoleInfo.java:shutdownLeaderElection(134)) - 0f81c715-a3ce-4b9d-b292-67c21d102703: shutdown LeaderElection
2019-09-17 17:45:04,953 [a2cfc3cc-ebbd-4b2c-a705-d69374f007be@group-03229BAAB3A3:LeaderElection4] INFO  impl.RoleInfo (RoleInfo.java:shutdownLeaderElection(134)) - a2cfc3cc-ebbd-4b2c-a705-d69374f007be: shutdown LeaderElection
2019-09-17 17:45:04,953 [0f81c715-a3ce-4b9d-b292-67c21d102703@group-FB81C6710FF1:LeaderElection3] INFO  impl.RaftServerImpl (RaftServerImpl.java:setRole(174)) - 0f81c715-a3ce-4b9d-b292-67c21d102703@group-FB81C6710FF1: changes role from CANDIDATE to LEADER at term 1 for changeToLeader
2019-09-17 17:45:04,954 [a2cfc3cc-ebbd-4b2c-a705-d69374f007be@group-03229BAAB3A3:LeaderElection4] INFO  impl.RaftServerImpl (RaftServerImpl.java:setRole(174)) - a2cfc3cc-ebbd-4b2c-a705-d69374f007be@group-03229BAAB3A3: changes role from CANDIDATE to LEADER at term 1 for changeToLeader
2019-09-17 17:45:04,954 [0f81c715-a3ce-4b9d-b292-67c21d102703@group-FB81C6710FF1:LeaderElection3] INFO  impl.RaftServerImpl (ServerState.java:setLeader(253)) - 0f81c715-a3ce-4b9d-b292-67c21d102703@group-FB81C6710FF1: change Leader from null to 0f81c715-a3ce-4b9d-b292-67c21d102703 at term 1 for becomeLeader, leader elected after 5237ms
2019-09-17 17:45:04,954 [a2cfc3cc-ebbd-4b2c-a705-d69374f007be@group-03229BAAB3A3:LeaderElection4] INFO  impl.RaftServerImpl (ServerState.java:setLeader(253)) - a2cfc3cc-ebbd-4b2c-a705-d69374f007be@group-03229BAAB3A3: change Leader from null to a2cfc3cc-ebbd-4b2c-a705-d69374f007be at term 1 for becomeLeader, leader elected after 5130ms
2019-09-17 17:45:04,955 [0f81c715-a3ce-4b9d-b292-67c21d102703@group-FB81C6710FF1:LeaderElection3] INFO  server.RaftServerConfigKeys (ConfUtils.java:logGet(43)) - raft.server.staging.catchup.gap = 1000 (default)
2019-09-17 17:45:04,957 [a2cfc3cc-ebbd-4b2c-a705-d69374f007be@group-03229BAAB3A3:LeaderElection4] INFO  server.RaftServerConfigKeys (ConfUtils.java:logGet(43)) - raft.server.staging.catchup.gap = 1000 (default)
2019-09-17 17:45:04,957 [0f81c715-a3ce-4b9d-b292-67c21d102703@group-FB81C6710FF1:LeaderElection3] INFO  server.RaftServerConfigKeys (ConfUtils.java:logGet(43)) - raft.server.rpc.sleep.time = 25ms (default)
2019-09-17 17:45:04,957 [a2cfc3cc-ebbd-4b2c-a705-d69374f007be@group-03229BAAB3A3:LeaderElection4] INFO  server.RaftServerConfigKeys (ConfUtils.java:logGet(43)) - raft.server.rpc.sleep.time = 25ms (default)
2019-09-17 17:45:04,957 [0f81c715-a3ce-4b9d-b292-67c21d102703@group-FB81C6710FF1:LeaderElection3] INFO  server.RaftServerConfigKeys (ConfUtils.java:logGet(43)) - raft.server.write.element-limit = 4096 (default)
2019-09-17 17:45:04,957 [a2cfc3cc-ebbd-4b2c-a705-d69374f007be@group-03229BAAB3A3:LeaderElection4] INFO  server.RaftServerConfigKeys (ConfUtils.java:logGet(43)) - raft.server.write.element-limit = 4096 (default)
2019-09-17 17:45:04,957 [0f81c715-a3ce-4b9d-b292-67c21d102703@group-FB81C6710FF1:LeaderElection3] INFO  server.RaftServerConfigKeys (ConfUtils.java:logGet(43)) - raft.server.watch.timeout = 10s (default)
2019-09-17 17:45:04,957 [a2cfc3cc-ebbd-4b2c-a705-d69374f007be@group-03229BAAB3A3:LeaderElection4] INFO  server.RaftServerConfigKeys (ConfUtils.java:logGet(43)) - raft.server.watch.timeout = 10s (default)
2019-09-17 17:45:04,958 [0f81c715-a3ce-4b9d-b292-67c21d102703@group-FB81C6710FF1:LeaderElection3] INFO  server.RaftServerConfigKeys (ConfUtils.java:logGet(43)) - raft.server.watch.timeout.denomination = 1s (default)
2019-09-17 17:45:04,958 [a2cfc3cc-ebbd-4b2c-a705-d69374f007be@group-03229BAAB3A3:LeaderElection4] INFO  server.RaftServerConfigKeys (ConfUtils.java:logGet(43)) - raft.server.watch.timeout.denomination = 1s (default)
2019-09-17 17:45:04,958 [0f81c715-a3ce-4b9d-b292-67c21d102703@group-FB81C6710FF1:LeaderElection3] INFO  server.RaftServerConfigKeys (ConfUtils.java:logGet(43)) - raft.server.watch.element-limit = 65536 (default)
2019-09-17 17:45:04,958 [a2cfc3cc-ebbd-4b2c-a705-d69374f007be@group-03229BAAB3A3:LeaderElection4] INFO  server.RaftServerConfigKeys (ConfUtils.java:logGet(43)) - raft.server.watch.element-limit = 65536 (default)
2019-09-17 17:45:04,961 [0f81c715-a3ce-4b9d-b292-67c21d102703@group-FB81C6710FF1:LeaderElection3] INFO  impl.RoleInfo (RoleInfo.java:updateAndGet(143)) - 0f81c715-a3ce-4b9d-b292-67c21d102703: start LeaderState
2019-09-17 17:45:04,961 [0f81c715-a3ce-4b9d-b292-67c21d102703@group-FB81C6710FF1:LeaderElection3] INFO  segmented.SegmentedRaftLogWorker (SegmentedRaftLogWorker.java:startLogSegment(380)) - 0f81c715-a3ce-4b9d-b292-67c21d102703@group-FB81C6710FF1-SegmentedRaftLogWorker: Starting segment from index:0
2019-09-17 17:45:04,962 [a2cfc3cc-ebbd-4b2c-a705-d69374f007be@group-03229BAAB3A3:LeaderElection4] INFO  impl.RoleInfo (RoleInfo.java:updateAndGet(143)) - a2cfc3cc-ebbd-4b2c-a705-d69374f007be: start LeaderState
2019-09-17 17:45:04,962 [a2cfc3cc-ebbd-4b2c-a705-d69374f007be@group-03229BAAB3A3:LeaderElection4] INFO  segmented.SegmentedRaftLogWorker (SegmentedRaftLogWorker.java:startLogSegment(380)) - a2cfc3cc-ebbd-4b2c-a705-d69374f007be@group-03229BAAB3A3-SegmentedRaftLogWorker: Starting segment from index:0
2019-09-17 17:45:04,962 [0f81c715-a3ce-4b9d-b292-67c21d102703@group-FB81C6710FF1:LeaderElection3] INFO  impl.RaftServerImpl (ServerState.java:setRaftConf(354)) - 0f81c715-a3ce-4b9d-b292-67c21d102703@group-FB81C6710FF1: set configuration 0: [0f81c715-a3ce-4b9d-b292-67c21d102703:192.168.151.107:45423], old=null at 0
2019-09-17 17:45:04,999 [a2cfc3cc-ebbd-4b2c-a705-d69374f007be@group-03229BAAB3A3:LeaderElection4] INFO  impl.RaftServerImpl (ServerState.java:setRaftConf(354)) - a2cfc3cc-ebbd-4b2c-a705-d69374f007be@group-03229BAAB3A3: set configuration 0: [a2cfc3cc-ebbd-4b2c-a705-d69374f007be:192.168.151.107:33815], old=null at 0
2019-09-17 17:45:05,037 [0f81c715-a3ce-4b9d-b292-67c21d102703@group-FB81C6710FF1-SegmentedRaftLogWorker] INFO  segmented.SegmentedRaftLogWorker (SegmentedRaftLogWorker.java:execute(569)) - 0f81c715-a3ce-4b9d-b292-67c21d102703@group-FB81C6710FF1-SegmentedRaftLogWorker: created new log segment /workdir/hadoop-ozone/integration-test/target/test-dir/MiniOzoneClusterImpl-05a0e1ff-4bc1-49cf-a712-a6e21cef61ae/datanode-1/data/ratis/c9e971dc-6705-4053-a5ec-fb81c6710ff1/current/log_inprogress_0
2019-09-17 17:45:05,039 [Thread-209] INFO  impl.FollowerState (FollowerState.java:run(106)) - a2cfc3cc-ebbd-4b2c-a705-d69374f007be:group-9DAC0FC88631 changes to CANDIDATE, lastRpcTime:5070, electionTimeout:5032ms
2019-09-17 17:45:05,040 [Thread-209] INFO  impl.RoleInfo (RoleInfo.java:shutdownFollowerState(121)) - a2cfc3cc-ebbd-4b2c-a705-d69374f007be: shutdown FollowerState
2019-09-17 17:45:05,040 [Thread-209] INFO  impl.RaftServerImpl (RaftServerImpl.java:setRole(174)) - a2cfc3cc-ebbd-4b2c-a705-d69374f007be@group-9DAC0FC88631: changes role from  FOLLOWER to CANDIDATE at term 0 for changeToCandidate
2019-09-17 17:45:05,040 [Thread-209] INFO  impl.RoleInfo (RoleInfo.java:updateAndGet(143)) - a2cfc3cc-ebbd-4b2c-a705-d69374f007be: start LeaderElection
2019-09-17 17:45:05,052 [a2cfc3cc-ebbd-4b2c-a705-d69374f007be@group-03229BAAB3A3-SegmentedRaftLogWorker] INFO  segmented.SegmentedRaftLogWorker (SegmentedRaftLogWorker.java:execute(569)) - a2cfc3cc-ebbd-4b2c-a705-d69374f007be@group-03229BAAB3A3-SegmentedRaftLogWorker: created new log segment /workdir/hadoop-ozone/integration-test/target/test-dir/MiniOzoneClusterImpl-05a0e1ff-4bc1-49cf-a712-a6e21cef61ae/datanode-3/data/ratis/17bb6f73-bfda-4e7c-9a5e-03229baab3a3/current/log_inprogress_0
2019-09-17 17:45:05,052 [a2cfc3cc-ebbd-4b2c-a705-d69374f007be@group-9DAC0FC88631:LeaderElection5] INFO  impl.LeaderElection (LeaderElection.java:askForVotes(182)) - a2cfc3cc-ebbd-4b2c-a705-d69374f007be@group-9DAC0FC88631:LeaderElection5: begin an election at term 1 for -1: [0f81c715-a3ce-4b9d-b292-67c21d102703:192.168.151.107:45423, cdb95cdb-ffc6-44e7-b339-82010674a1ad:192.168.151.107:44462, a2cfc3cc-ebbd-4b2c-a705-d69374f007be:192.168.151.107:33815], old=null
2019-09-17 17:45:05,079 [grpc-default-executor-0] INFO  impl.RaftServerImpl (RaftServerImpl.java:setRole(174)) - 0f81c715-a3ce-4b9d-b292-67c21d102703@group-9DAC0FC88631: changes role from  FOLLOWER to FOLLOWER at term 1 for recognizeCandidate:a2cfc3cc-ebbd-4b2c-a705-d69374f007be
2019-09-17 17:45:05,079 [grpc-default-executor-1] INFO  impl.RaftServerImpl (RaftServerImpl.java:setRole(174)) - cdb95cdb-ffc6-44e7-b339-82010674a1ad@group-9DAC0FC88631: changes role from  FOLLOWER to FOLLOWER at term 1 for recognizeCandidate:a2cfc3cc-ebbd-4b2c-a705-d69374f007be
2019-09-17 17:45:05,079 [grpc-default-executor-0] INFO  impl.RoleInfo (RoleInfo.java:shutdownFollowerState(121)) - 0f81c715-a3ce-4b9d-b292-67c21d102703: shutdown FollowerState
2019-09-17 17:45:05,079 [grpc-default-executor-1] INFO  impl.RoleInfo (RoleInfo.java:shutdownFollowerState(121)) - cdb95cdb-ffc6-44e7-b339-82010674a1ad: shutdown FollowerState
2019-09-17 17:45:05,080 [grpc-default-executor-0] INFO  impl.RoleInfo (RoleInfo.java:updateAndGet(143)) - 0f81c715-a3ce-4b9d-b292-67c21d102703: start FollowerState
2019-09-17 17:45:05,080 [Thread-211] INFO  impl.FollowerState (FollowerState.java:run(115)) - cdb95cdb-ffc6-44e7-b339-82010674a1ad: FollowerState was interrupted: java.lang.InterruptedException: sleep interrupted
2019-09-17 17:45:05,080 [grpc-default-executor-1] INFO  impl.RoleInfo (RoleInfo.java:updateAndGet(143)) - cdb95cdb-ffc6-44e7-b339-82010674a1ad: start FollowerState
2019-09-17 17:45:05,080 [Thread-212] INFO  impl.FollowerState (FollowerState.java:run(115)) - 0f81c715-a3ce-4b9d-b292-67c21d102703: FollowerState was interrupted: java.lang.InterruptedException: sleep interrupted
2019-09-17 17:45:05,125 [a2cfc3cc-ebbd-4b2c-a705-d69374f007be@group-9DAC0FC88631:LeaderElection5] INFO  impl.LeaderElection (LeaderElection.java:logAndReturn(56)) - a2cfc3cc-ebbd-4b2c-a705-d69374f007be@group-9DAC0FC88631:LeaderElection5: Election PASSED; received 1 response(s) [a2cfc3cc-ebbd-4b2c-a705-d69374f007be<-0f81c715-a3ce-4b9d-b292-67c21d102703#0:OK-t1] and 0 exception(s); a2cfc3cc-ebbd-4b2c-a705-d69374f007be@group-9DAC0FC88631:t1, leader=null, voted=a2cfc3cc-ebbd-4b2c-a705-d69374f007be, raftlog=a2cfc3cc-ebbd-4b2c-a705-d69374f007be@group-9DAC0FC88631-SegmentedRaftLog:OPENED:c-1,f-1,i0, conf=-1: [0f81c715-a3ce-4b9d-b292-67c21d102703:192.168.151.107:45423, cdb95cdb-ffc6-44e7-b339-82010674a1ad:192.168.151.107:44462, a2cfc3cc-ebbd-4b2c-a705-d69374f007be:192.168.151.107:33815], old=null
2019-09-17 17:45:05,126 [a2cfc3cc-ebbd-4b2c-a705-d69374f007be@group-9DAC0FC88631:LeaderElection5] INFO  impl.RoleInfo (RoleInfo.java:shutdownLeaderElection(134)) - a2cfc3cc-ebbd-4b2c-a705-d69374f007be: shutdown LeaderElection
2019-09-17 17:45:05,126 [a2cfc3cc-ebbd-4b2c-a705-d69374f007be@group-9DAC0FC88631:LeaderElection5] INFO  impl.RaftServerImpl (RaftServerImpl.java:setRole(174)) - a2cfc3cc-ebbd-4b2c-a705-d69374f007be@group-9DAC0FC88631: changes role from CANDIDATE to LEADER at term 1 for changeToLeader
2019-09-17 17:45:05,129 [a2cfc3cc-ebbd-4b2c-a705-d69374f007be@group-9DAC0FC88631:LeaderElection5] INFO  impl.RaftServerImpl (ServerState.java:setLeader(253)) - a2cfc3cc-ebbd-4b2c-a705-d69374f007be@group-9DAC0FC88631: change Leader from null to a2cfc3cc-ebbd-4b2c-a705-d69374f007be at term 1 for becomeLeader, leader elected after 5173ms
2019-09-17 17:45:05,129 [a2cfc3cc-ebbd-4b2c-a705-d69374f007be@group-9DAC0FC88631:LeaderElection5] INFO  server.RaftServerConfigKeys (ConfUtils.java:logGet(43)) - raft.server.staging.catchup.gap = 1000 (default)
2019-09-17 17:45:05,129 [a2cfc3cc-ebbd-4b2c-a705-d69374f007be@group-9DAC0FC88631:LeaderElection5] INFO  server.RaftServerConfigKeys (ConfUtils.java:logGet(43)) - raft.server.rpc.sleep.time = 25ms (default)
2019-09-17 17:45:05,130 [a2cfc3cc-ebbd-4b2c-a705-d69374f007be@group-9DAC0FC88631:LeaderElection5] INFO  server.RaftServerConfigKeys (ConfUtils.java:logGet(43)) - raft.server.write.element-limit = 4096 (default)
2019-09-17 17:45:05,130 [a2cfc3cc-ebbd-4b2c-a705-d69374f007be@group-9DAC0FC88631:LeaderElection5] INFO  server.RaftServerConfigKeys (ConfUtils.java:logGet(43)) - raft.server.watch.timeout = 10s (default)
2019-09-17 17:45:05,130 [a2cfc3cc-ebbd-4b2c-a705-d69374f007be@group-9DAC0FC88631:LeaderElection5] INFO  server.RaftServerConfigKeys (ConfUtils.java:logGet(43)) - raft.server.watch.timeout.denomination = 1s (default)
2019-09-17 17:45:05,130 [a2cfc3cc-ebbd-4b2c-a705-d69374f007be@group-9DAC0FC88631:LeaderElection5] INFO  server.RaftServerConfigKeys (ConfUtils.java:logGet(43)) - raft.server.watch.element-limit = 65536 (default)
2019-09-17 17:45:05,137 [a2cfc3cc-ebbd-4b2c-a705-d69374f007be@group-9DAC0FC88631:LeaderElection5] INFO  server.RaftServerConfigKeys (ConfUtils.java:logGet(43)) - raft.server.log.appender.snapshot.chunk.size.max = 16MB (=16777216) (default)
2019-09-17 17:45:05,137 [a2cfc3cc-ebbd-4b2c-a705-d69374f007be@group-9DAC0FC88631:LeaderElection5] INFO  server.RaftServerConfigKeys (ConfUtils.java:logGet(43)) - raft.server.log.appender.buffer.byte-limit = 33554432 (custom)
2019-09-17 17:45:05,138 [a2cfc3cc-ebbd-4b2c-a705-d69374f007be@group-9DAC0FC88631:LeaderElection5] INFO  server.RaftServerConfigKeys (ConfUtils.java:logGet(43)) - raft.server.log.appender.buffer.element-limit = 1 (custom)
2019-09-17 17:45:05,142 [a2cfc3cc-ebbd-4b2c-a705-d69374f007be@group-9DAC0FC88631:LeaderElection5] INFO  grpc.GrpcConfigKeys$Server (ConfUtils.java:logGet(43)) - raft.grpc.server.leader.outstanding.appends.max = 128 (default)
2019-09-17 17:45:05,143 [a2cfc3cc-ebbd-4b2c-a705-d69374f007be@group-9DAC0FC88631:LeaderElection5] INFO  server.RaftServerConfigKeys (ConfUtils.java:logGet(43)) - raft.server.rpc.request.timeout = 3000ms (default)
2019-09-17 17:45:05,143 [a2cfc3cc-ebbd-4b2c-a705-d69374f007be@group-9DAC0FC88631:LeaderElection5] INFO  server.RaftServerConfigKeys (ConfUtils.java:logGet(43)) - raft.server.log.appender.install.snapshot.enabled = false (custom)
2019-09-17 17:45:05,144 [a2cfc3cc-ebbd-4b2c-a705-d69374f007be@group-9DAC0FC88631:LeaderElection5] INFO  server.RaftServerConfigKeys (ConfUtils.java:logGet(43)) - raft.server.log.appender.snapshot.chunk.size.max = 16MB (=16777216) (default)
2019-09-17 17:45:05,145 [a2cfc3cc-ebbd-4b2c-a705-d69374f007be@group-9DAC0FC88631:LeaderElection5] INFO  server.RaftServerConfigKeys (ConfUtils.java:logGet(43)) - raft.server.log.appender.buffer.byte-limit = 33554432 (custom)
2019-09-17 17:45:05,145 [a2cfc3cc-ebbd-4b2c-a705-d69374f007be@group-9DAC0FC88631:LeaderElection5] INFO  server.RaftServerConfigKeys (ConfUtils.java:logGet(43)) - raft.server.log.appender.buffer.element-limit = 1 (custom)
2019-09-17 17:45:05,145 [a2cfc3cc-ebbd-4b2c-a705-d69374f007be@group-9DAC0FC88631:LeaderElection5] INFO  grpc.GrpcConfigKeys$Server (ConfUtils.java:logGet(43)) - raft.grpc.server.leader.outstanding.appends.max = 128 (default)
2019-09-17 17:45:05,146 [a2cfc3cc-ebbd-4b2c-a705-d69374f007be@group-9DAC0FC88631:LeaderElection5] INFO  server.RaftServerConfigKeys (ConfUtils.java:logGet(43)) - raft.server.rpc.request.timeout = 3000ms (default)
2019-09-17 17:45:05,146 [a2cfc3cc-ebbd-4b2c-a705-d69374f007be@group-9DAC0FC88631:LeaderElection5] INFO  server.RaftServerConfigKeys (ConfUtils.java:logGet(43)) - raft.server.log.appender.install.snapshot.enabled = false (custom)
2019-09-17 17:45:05,147 [a2cfc3cc-ebbd-4b2c-a705-d69374f007be@group-9DAC0FC88631:LeaderElection5] INFO  impl.RoleInfo (RoleInfo.java:updateAndGet(143)) - a2cfc3cc-ebbd-4b2c-a705-d69374f007be: start LeaderState
2019-09-17 17:45:05,148 [a2cfc3cc-ebbd-4b2c-a705-d69374f007be@group-9DAC0FC88631:LeaderElection5] INFO  segmented.SegmentedRaftLogWorker (SegmentedRaftLogWorker.java:startLogSegment(380)) - a2cfc3cc-ebbd-4b2c-a705-d69374f007be@group-9DAC0FC88631-SegmentedRaftLogWorker: Starting segment from index:0
2019-09-17 17:45:05,149 [a2cfc3cc-ebbd-4b2c-a705-d69374f007be@group-9DAC0FC88631:LeaderElection5] INFO  impl.RaftServerImpl (ServerState.java:setRaftConf(354)) - a2cfc3cc-ebbd-4b2c-a705-d69374f007be@group-9DAC0FC88631: set configuration 0: [0f81c715-a3ce-4b9d-b292-67c21d102703:192.168.151.107:45423, cdb95cdb-ffc6-44e7-b339-82010674a1ad:192.168.151.107:44462, a2cfc3cc-ebbd-4b2c-a705-d69374f007be:192.168.151.107:33815], old=null at 0
2019-09-17 17:45:05,198 [a2cfc3cc-ebbd-4b2c-a705-d69374f007be@group-9DAC0FC88631-SegmentedRaftLogWorker] INFO  segmented.SegmentedRaftLogWorker (SegmentedRaftLogWorker.java:execute(569)) - a2cfc3cc-ebbd-4b2c-a705-d69374f007be@group-9DAC0FC88631-SegmentedRaftLogWorker: created new log segment /workdir/hadoop-ozone/integration-test/target/test-dir/MiniOzoneClusterImpl-05a0e1ff-4bc1-49cf-a712-a6e21cef61ae/datanode-3/data/ratis/6b851a36-d652-4d37-8d50-9dac0fc88631/current/log_inprogress_0
2019-09-17 17:45:05,215 [grpc-default-executor-1] INFO  impl.RaftServerImpl (ServerState.java:setLeader(253)) - 0f81c715-a3ce-4b9d-b292-67c21d102703@group-9DAC0FC88631: change Leader from null to a2cfc3cc-ebbd-4b2c-a705-d69374f007be at term 1 for appendEntries, leader elected after 5260ms
2019-09-17 17:45:05,215 [grpc-default-executor-0] INFO  impl.RaftServerImpl (ServerState.java:setLeader(253)) - cdb95cdb-ffc6-44e7-b339-82010674a1ad@group-9DAC0FC88631: change Leader from null to a2cfc3cc-ebbd-4b2c-a705-d69374f007be at term 1 for appendEntries, leader elected after 5259ms
2019-09-17 17:45:05,251 [grpc-default-executor-0] INFO  impl.RaftServerImpl (ServerState.java:setRaftConf(354)) - cdb95cdb-ffc6-44e7-b339-82010674a1ad@group-9DAC0FC88631: set configuration 0: [0f81c715-a3ce-4b9d-b292-67c21d102703:192.168.151.107:45423, cdb95cdb-ffc6-44e7-b339-82010674a1ad:192.168.151.107:44462, a2cfc3cc-ebbd-4b2c-a705-d69374f007be:192.168.151.107:33815], old=null at 0
2019-09-17 17:45:05,251 [grpc-default-executor-1] INFO  impl.RaftServerImpl (ServerState.java:setRaftConf(354)) - 0f81c715-a3ce-4b9d-b292-67c21d102703@group-9DAC0FC88631: set configuration 0: [0f81c715-a3ce-4b9d-b292-67c21d102703:192.168.151.107:45423, cdb95cdb-ffc6-44e7-b339-82010674a1ad:192.168.151.107:44462, a2cfc3cc-ebbd-4b2c-a705-d69374f007be:192.168.151.107:33815], old=null at 0
2019-09-17 17:45:05,252 [grpc-default-executor-0] INFO  segmented.SegmentedRaftLogWorker (SegmentedRaftLogWorker.java:startLogSegment(380)) - cdb95cdb-ffc6-44e7-b339-82010674a1ad@group-9DAC0FC88631-SegmentedRaftLogWorker: Starting segment from index:0
2019-09-17 17:45:05,252 [grpc-default-executor-1] INFO  segmented.SegmentedRaftLogWorker (SegmentedRaftLogWorker.java:startLogSegment(380)) - 0f81c715-a3ce-4b9d-b292-67c21d102703@group-9DAC0FC88631-SegmentedRaftLogWorker: Starting segment from index:0
2019-09-17 17:45:05,290 [grpc-default-executor-1] INFO  client.GrpcClientProtocolClient (GrpcClientProtocolClient.java:onNext(264)) - client-64AF7D8CBB89->cdb95cdb-ffc6-44e7-b339-82010674a1ad: receive RaftClientReply:client-64AF7D8CBB89->cdb95cdb-ffc6-44e7-b339-82010674a1ad@group-9DAC0FC88631, cid=8, FAILED org.apache.ratis.protocol.NotLeaderException: Server cdb95cdb-ffc6-44e7-b339-82010674a1ad@group-9DAC0FC88631 is not the leader a2cfc3cc-ebbd-4b2c-a705-d69374f007be:192.168.151.107:33815, logIndex=0, commits[cdb95cdb-ffc6-44e7-b339-82010674a1ad:c-1, 0f81c715-a3ce-4b9d-b292-67c21d102703:c-1, a2cfc3cc-ebbd-4b2c-a705-d69374f007be:c-1]
2019-09-17 17:45:05,316 [cdb95cdb-ffc6-44e7-b339-82010674a1ad@group-9DAC0FC88631-SegmentedRaftLogWorker] INFO  segmented.SegmentedRaftLogWorker (SegmentedRaftLogWorker.java:execute(569)) - cdb95cdb-ffc6-44e7-b339-82010674a1ad@group-9DAC0FC88631-SegmentedRaftLogWorker: created new log segment /workdir/hadoop-ozone/integration-test/target/test-dir/MiniOzoneClusterImpl-05a0e1ff-4bc1-49cf-a712-a6e21cef61ae/datanode-2/data/ratis/6b851a36-d652-4d37-8d50-9dac0fc88631/current/log_inprogress_0
2019-09-17 17:45:05,343 [0f81c715-a3ce-4b9d-b292-67c21d102703@group-9DAC0FC88631-SegmentedRaftLogWorker] INFO  segmented.SegmentedRaftLogWorker (SegmentedRaftLogWorker.java:execute(569)) - 0f81c715-a3ce-4b9d-b292-67c21d102703@group-9DAC0FC88631-SegmentedRaftLogWorker: created new log segment /workdir/hadoop-ozone/integration-test/target/test-dir/MiniOzoneClusterImpl-05a0e1ff-4bc1-49cf-a712-a6e21cef61ae/datanode-1/data/ratis/6b851a36-d652-4d37-8d50-9dac0fc88631/current/log_inprogress_0
2019-09-17 17:45:05,668 [grpc-default-executor-0] INFO  client.GrpcClientProtocolClient (GrpcClientProtocolClient.java:onNext(264)) - client-64AF7D8CBB89->a2cfc3cc-ebbd-4b2c-a705-d69374f007be: receive RaftClientReply:client-64AF7D8CBB89->a2cfc3cc-ebbd-4b2c-a705-d69374f007be@group-9DAC0FC88631, cid=8, SUCCESS, logIndex=1, commits[a2cfc3cc-ebbd-4b2c-a705-d69374f007be:c2, 0f81c715-a3ce-4b9d-b292-67c21d102703:c1, cdb95cdb-ffc6-44e7-b339-82010674a1ad:c0]
2019-09-17 17:45:05,785 [grpc-default-executor-0] INFO  client.GrpcClientProtocolClient (GrpcClientProtocolClient.java:onNext(264)) - client-64AF7D8CBB89->a2cfc3cc-ebbd-4b2c-a705-d69374f007be: receive RaftClientReply:client-64AF7D8CBB89->a2cfc3cc-ebbd-4b2c-a705-d69374f007be@group-9DAC0FC88631, cid=9, SUCCESS, logIndex=3, commits[a2cfc3cc-ebbd-4b2c-a705-d69374f007be:c4, 0f81c715-a3ce-4b9d-b292-67c21d102703:c3, cdb95cdb-ffc6-44e7-b339-82010674a1ad:c3]
2019-09-17 17:45:05,812 [main] ERROR container.ContainerStateManager (ContainerStateManager.java:updateContainerState(335)) - Failed to update container state #1, reason: invalid state transition from state: CLOSING upon event: FINALIZE.
]]></system-out>
    <system-err><![CDATA[ERROR StatusLogger No Log4j 2 configuration file found. Using default configuration (logging only errors to the console), or user programmatically provided configurations. Set system property 'log4j2.debug' to show Log4j 2 internal initialization logging. See https://logging.apache.org/log4j/2.x/manual/configuration.html for instructions on how to configure Log4j 2
]]></system-err>
  </testcase>
</testsuite>