<?xml version="1.0" encoding="UTF-8"?>
<testsuite xmlns:xsi="http://www.w3.org/2001/XMLSchema-instance" xsi:noNamespaceSchemaLocation="https://maven.apache.org/surefire/maven-surefire-plugin/xsd/surefire-test-report.xsd" name="org.apache.hadoop.ozone.freon.TestRandomKeyGenerator" time="136.41" tests="6" errors="1" skipped="0" failures="0">
  <properties>
    <property name="awt.toolkit" value="sun.awt.X11.XToolkit"/>
    <property name="file.encoding.pkg" value="sun.io"/>
    <property name="java.specification.version" value="1.8"/>
    <property name="sun.cpu.isalist" value=""/>
    <property name="sun.jnu.encoding" value="UTF-8"/>
    <property name="java.class.path" value="/workdir/hadoop-ozone/tools/target/test-classes:/workdir/hadoop-ozone/tools/target/classes:/home/user/.m2/repository/org/apache/hadoop/hadoop-ozone-ozone-manager/0.5.0-SNAPSHOT/hadoop-ozone-ozone-manager-0.5.0-SNAPSHOT.jar:/home/user/.m2/repository/org/apache/hadoop/hadoop-hdds-docs/0.5.0-SNAPSHOT/hadoop-hdds-docs-0.5.0-SNAPSHOT.jar:/home/user/.m2/repository/org/bouncycastle/bcprov-jdk15on/1.60/bcprov-jdk15on-1.60.jar:/home/user/.m2/repository/org/apache/hadoop/hadoop-ozone-common/0.5.0-SNAPSHOT/hadoop-ozone-common-0.5.0-SNAPSHOT.jar:/home/user/.m2/repository/org/apache/commons/commons-compress/1.4.1/commons-compress-1.4.1.jar:/home/user/.m2/repository/org/tukaani/xz/1.0/xz-1.0.jar:/home/user/.m2/repository/org/apache/hadoop/hadoop-hdfs-client/3.2.0/hadoop-hdfs-client-3.2.0.jar:/home/user/.m2/repository/com/fasterxml/jackson/core/jackson-annotations/2.9.5/jackson-annotations-2.9.5.jar:/home/user/.m2/repository/org/apache/hadoop/hadoop-hdds-common/0.5.0-SNAPSHOT/hadoop-hdds-common-0.5.0-SNAPSHOT.jar:/home/user/.m2/repository/org/apache/hadoop/hadoop-hdds-config/0.5.0-SNAPSHOT/hadoop-hdds-config-0.5.0-SNAPSHOT.jar:/home/user/.m2/repository/javax/annotation/javax.annotation-api/1.2/javax.annotation-api-1.2.jar:/home/user/.m2/repository/org/apache/ratis/ratis-server/0.4.0-2337318-SNAPSHOT/ratis-server-0.4.0-2337318-SNAPSHOT.jar:/home/user/.m2/repository/org/apache/ratis/ratis-thirdparty-misc/0.2.0/ratis-thirdparty-misc-0.2.0.jar:/home/user/.m2/repository/org/apache/ratis/ratis-proto/0.4.0-2337318-SNAPSHOT/ratis-proto-0.4.0-2337318-SNAPSHOT.jar:/home/user/.m2/repository/org/apache/ratis/ratis-common/0.4.0-2337318-SNAPSHOT/ratis-common-0.4.0-2337318-SNAPSHOT.jar:/home/user/.m2/repository/org/apache/ratis/ratis-client/0.4.0-2337318-SNAPSHOT/ratis-client-0.4.0-2337318-SNAPSHOT.jar:/home/user/.m2/repository/org/apache/ratis/ratis-metrics/0.4.0-2337318-SNAPSHOT/ratis-metrics-0.4.0-2337318-SNAPSHOT.jar:/home/user/.m2/repository/org/apache/ratis/ratis-netty/0.4.0-2337318-SNAPSHOT/ratis-netty-0.4.0-2337318-SNAPSHOT.jar:/home/user/.m2/repository/org/apache/ratis/ratis-grpc/0.4.0-2337318-SNAPSHOT/ratis-grpc-0.4.0-2337318-SNAPSHOT.jar:/home/user/.m2/repository/org/rocksdb/rocksdbjni/6.0.1/rocksdbjni-6.0.1.jar:/home/user/.m2/repository/org/apache/logging/log4j/log4j-api/2.11.0/log4j-api-2.11.0.jar:/home/user/.m2/repository/org/apache/logging/log4j/log4j-core/2.11.0/log4j-core-2.11.0.jar:/home/user/.m2/repository/com/lmax/disruptor/3.4.2/disruptor-3.4.2.jar:/home/user/.m2/repository/org/apache/commons/commons-pool2/2.6.0/commons-pool2-2.6.0.jar:/home/user/.m2/repository/org/bouncycastle/bcpkix-jdk15on/1.60/bcpkix-jdk15on-1.60.jar:/home/user/.m2/repository/commons-validator/commons-validator/1.6/commons-validator-1.6.jar:/home/user/.m2/repository/commons-digester/commons-digester/1.8.1/commons-digester-1.8.1.jar:/home/user/.m2/repository/io/jaegertracing/jaeger-client/0.33.1/jaeger-client-0.33.1.jar:/home/user/.m2/repository/io/jaegertracing/jaeger-thrift/0.33.1/jaeger-thrift-0.33.1.jar:/home/user/.m2/repository/org/apache/thrift/libthrift/0.11.0/libthrift-0.11.0.jar:/home/user/.m2/repository/com/squareup/okhttp3/okhttp/3.9.0/okhttp-3.9.0.jar:/home/user/.m2/repository/com/squareup/okio/okio/1.13.0/okio-1.13.0.jar:/home/user/.m2/repository/io/jaegertracing/jaeger-core/0.33.1/jaeger-core-0.33.1.jar:/home/user/.m2/repository/io/jaegertracing/jaeger-tracerresolver/0.33.1/jaeger-tracerresolver-0.33.1.jar:/home/user/.m2/repository/io/opentracing/contrib/opentracing-tracerresolver/0.1.5/opentracing-tracerresolver-0.1.5.jar:/home/user/.m2/repository/io/opentracing/opentracing-util/0.31.0/opentracing-util-0.31.0.jar:/home/user/.m2/repository/io/opentracing/opentracing-api/0.31.0/opentracing-api-0.31.0.jar:/home/user/.m2/repository/io/opentracing/opentracing-noop/0.31.0/opentracing-noop-0.31.0.jar:/home/user/.m2/repository/org/yaml/snakeyaml/1.16/snakeyaml-1.16.jar:/home/user/.m2/repository/org/apache/hadoop/hadoop-hdds-container-service/0.5.0-SNAPSHOT/hadoop-hdds-container-service-0.5.0-SNAPSHOT.jar:/home/user/.m2/repository/org/apache/hadoop/hadoop-hdds-client/0.5.0-SNAPSHOT/hadoop-hdds-client-0.5.0-SNAPSHOT.jar:/home/user/.m2/repository/org/apache/hadoop/hadoop-hdds-tools/0.5.0-SNAPSHOT/hadoop-hdds-tools-0.5.0-SNAPSHOT.jar:/home/user/.m2/repository/org/xerial/sqlite-jdbc/3.25.2/sqlite-jdbc-3.25.2.jar:/home/user/.m2/repository/org/apache/hadoop/hadoop-hdds-server-scm/0.5.0-SNAPSHOT/hadoop-hdds-server-scm-0.5.0-SNAPSHOT.jar:/home/user/.m2/repository/org/hamcrest/hamcrest-all/1.3/hamcrest-all-1.3.jar:/home/user/.m2/repository/info/picocli/picocli/3.9.6/picocli-3.9.6.jar:/home/user/.m2/repository/com/google/protobuf/protobuf-java/2.5.0/protobuf-java-2.5.0.jar:/home/user/.m2/repository/com/google/guava/guava/11.0.2/guava-11.0.2.jar:/home/user/.m2/repository/org/apache/hadoop/hadoop-ozone-client/0.5.0-SNAPSHOT/hadoop-ozone-client-0.5.0-SNAPSHOT.jar:/workdir/hadoop-ozone/ozonefs/target/classes:/home/user/.m2/repository/org/apache/hadoop/hadoop-hdds-server-framework/0.5.0-SNAPSHOT/hadoop-hdds-server-framework-0.5.0-SNAPSHOT.jar:/home/user/.m2/repository/org/apache/hadoop/hadoop-common/3.2.0/hadoop-common-3.2.0.jar:/home/user/.m2/repository/org/apache/hadoop/hadoop-annotations/3.2.0/hadoop-annotations-3.2.0.jar:/usr/lib/jvm/java-1.8-openjdk/jre/../lib/tools.jar:/home/user/.m2/repository/commons-cli/commons-cli/1.2/commons-cli-1.2.jar:/home/user/.m2/repository/org/apache/commons/commons-math3/3.1.1/commons-math3-3.1.1.jar:/home/user/.m2/repository/org/apache/httpcomponents/httpclient/4.5.2/httpclient-4.5.2.jar:/home/user/.m2/repository/org/apache/httpcomponents/httpcore/4.4.4/httpcore-4.4.4.jar:/home/user/.m2/repository/commons-codec/commons-codec/1.11/commons-codec-1.11.jar:/home/user/.m2/repository/commons-io/commons-io/2.5/commons-io-2.5.jar:/home/user/.m2/repository/commons-net/commons-net/3.6/commons-net-3.6.jar:/home/user/.m2/repository/commons-collections/commons-collections/3.2.2/commons-collections-3.2.2.jar:/home/user/.m2/repository/javax/servlet/javax.servlet-api/3.1.0/javax.servlet-api-3.1.0.jar:/home/user/.m2/repository/org/eclipse/jetty/jetty-server/9.3.24.v20180605/jetty-server-9.3.24.v20180605.jar:/home/user/.m2/repository/org/eclipse/jetty/jetty-http/9.3.24.v20180605/jetty-http-9.3.24.v20180605.jar:/home/user/.m2/repository/org/eclipse/jetty/jetty-io/9.3.24.v20180605/jetty-io-9.3.24.v20180605.jar:/home/user/.m2/repository/org/eclipse/jetty/jetty-util/9.3.24.v20180605/jetty-util-9.3.24.v20180605.jar:/home/user/.m2/repository/org/eclipse/jetty/jetty-servlet/9.3.24.v20180605/jetty-servlet-9.3.24.v20180605.jar:/home/user/.m2/repository/org/eclipse/jetty/jetty-security/9.3.24.v20180605/jetty-security-9.3.24.v20180605.jar:/home/user/.m2/repository/org/eclipse/jetty/jetty-webapp/9.3.24.v20180605/jetty-webapp-9.3.24.v20180605.jar:/home/user/.m2/repository/org/eclipse/jetty/jetty-xml/9.3.24.v20180605/jetty-xml-9.3.24.v20180605.jar:/home/user/.m2/repository/javax/servlet/jsp/jsp-api/2.1/jsp-api-2.1.jar:/home/user/.m2/repository/com/sun/jersey/jersey-core/1.19/jersey-core-1.19.jar:/home/user/.m2/repository/javax/ws/rs/jsr311-api/1.1.1/jsr311-api-1.1.1.jar:/home/user/.m2/repository/com/sun/jersey/jersey-servlet/1.19/jersey-servlet-1.19.jar:/home/user/.m2/repository/com/sun/jersey/jersey-json/1.19/jersey-json-1.19.jar:/home/user/.m2/repository/org/codehaus/jettison/jettison/1.1/jettison-1.1.jar:/home/user/.m2/repository/com/sun/xml/bind/jaxb-impl/2.3.0.1/jaxb-impl-2.3.0.1.jar:/home/user/.m2/repository/org/codehaus/jackson/jackson-core-asl/1.9.13/jackson-core-asl-1.9.13.jar:/home/user/.m2/repository/org/codehaus/jackson/jackson-mapper-asl/1.9.13/jackson-mapper-asl-1.9.13.jar:/home/user/.m2/repository/org/codehaus/jackson/jackson-jaxrs/1.9.13/jackson-jaxrs-1.9.13.jar:/home/user/.m2/repository/org/codehaus/jackson/jackson-xc/1.9.13/jackson-xc-1.9.13.jar:/home/user/.m2/repository/com/sun/jersey/jersey-server/1.19/jersey-server-1.19.jar:/home/user/.m2/repository/commons-logging/commons-logging/1.1.3/commons-logging-1.1.3.jar:/home/user/.m2/repository/log4j/log4j/1.2.17/log4j-1.2.17.jar:/home/user/.m2/repository/commons-beanutils/commons-beanutils/1.9.3/commons-beanutils-1.9.3.jar:/home/user/.m2/repository/org/apache/commons/commons-configuration2/2.1.1/commons-configuration2-2.1.1.jar:/home/user/.m2/repository/org/apache/commons/commons-lang3/3.7/commons-lang3-3.7.jar:/home/user/.m2/repository/org/apache/commons/commons-text/1.4/commons-text-1.4.jar:/home/user/.m2/repository/org/slf4j/slf4j-api/1.7.25/slf4j-api-1.7.25.jar:/home/user/.m2/repository/org/slf4j/slf4j-log4j12/1.7.25/slf4j-log4j12-1.7.25.jar:/home/user/.m2/repository/org/apache/avro/avro/1.7.7/avro-1.7.7.jar:/home/user/.m2/repository/com/thoughtworks/paranamer/paranamer/2.3/paranamer-2.3.jar:/home/user/.m2/repository/org/xerial/snappy/snappy-java/1.0.5/snappy-java-1.0.5.jar:/home/user/.m2/repository/com/google/re2j/re2j/1.1/re2j-1.1.jar:/home/user/.m2/repository/com/google/code/gson/gson/2.2.4/gson-2.2.4.jar:/home/user/.m2/repository/org/apache/hadoop/hadoop-auth/3.2.0/hadoop-auth-3.2.0.jar:/home/user/.m2/repository/com/nimbusds/nimbus-jose-jwt/4.41.1/nimbus-jose-jwt-4.41.1.jar:/home/user/.m2/repository/com/github/stephenc/jcip/jcip-annotations/1.0-1/jcip-annotations-1.0-1.jar:/home/user/.m2/repository/net/minidev/json-smart/2.3/json-smart-2.3.jar:/home/user/.m2/repository/net/minidev/accessors-smart/1.2/accessors-smart-1.2.jar:/home/user/.m2/repository/org/apache/curator/curator-framework/2.12.0/curator-framework-2.12.0.jar:/home/user/.m2/repository/com/jcraft/jsch/0.1.54/jsch-0.1.54.jar:/home/user/.m2/repository/org/apache/curator/curator-client/2.12.0/curator-client-2.12.0.jar:/home/user/.m2/repository/org/apache/curator/curator-recipes/2.12.0/curator-recipes-2.12.0.jar:/home/user/.m2/repository/com/google/code/findbugs/jsr305/3.0.0/jsr305-3.0.0.jar:/home/user/.m2/repository/org/apache/htrace/htrace-core4/4.1.0-incubating/htrace-core4-4.1.0-incubating.jar:/home/user/.m2/repository/org/apache/zookeeper/zookeeper/3.4.13/zookeeper-3.4.13.jar:/home/user/.m2/repository/org/apache/yetus/audience-annotations/0.5.0/audience-annotations-0.5.0.jar:/home/user/.m2/repository/org/apache/kerby/kerb-simplekdc/1.0.1/kerb-simplekdc-1.0.1.jar:/home/user/.m2/repository/org/apache/kerby/kerb-client/1.0.1/kerb-client-1.0.1.jar:/home/user/.m2/repository/org/apache/kerby/kerby-config/1.0.1/kerby-config-1.0.1.jar:/home/user/.m2/repository/org/apache/kerby/kerb-core/1.0.1/kerb-core-1.0.1.jar:/home/user/.m2/repository/org/apache/kerby/kerby-pkix/1.0.1/kerby-pkix-1.0.1.jar:/home/user/.m2/repository/org/apache/kerby/kerby-asn1/1.0.1/kerby-asn1-1.0.1.jar:/home/user/.m2/repository/org/apache/kerby/kerby-util/1.0.1/kerby-util-1.0.1.jar:/home/user/.m2/repository/org/apache/kerby/kerb-common/1.0.1/kerb-common-1.0.1.jar:/home/user/.m2/repository/org/apache/kerby/kerb-crypto/1.0.1/kerb-crypto-1.0.1.jar:/home/user/.m2/repository/org/apache/kerby/kerb-util/1.0.1/kerb-util-1.0.1.jar:/home/user/.m2/repository/org/apache/kerby/token-provider/1.0.1/token-provider-1.0.1.jar:/home/user/.m2/repository/org/apache/kerby/kerb-admin/1.0.1/kerb-admin-1.0.1.jar:/home/user/.m2/repository/org/apache/kerby/kerb-server/1.0.1/kerb-server-1.0.1.jar:/home/user/.m2/repository/org/apache/kerby/kerb-identity/1.0.1/kerb-identity-1.0.1.jar:/home/user/.m2/repository/org/apache/kerby/kerby-xdr/1.0.1/kerby-xdr-1.0.1.jar:/home/user/.m2/repository/com/fasterxml/jackson/core/jackson-databind/2.9.5/jackson-databind-2.9.5.jar:/home/user/.m2/repository/com/fasterxml/jackson/core/jackson-core/2.9.5/jackson-core-2.9.5.jar:/home/user/.m2/repository/org/codehaus/woodstox/stax2-api/3.1.4/stax2-api-3.1.4.jar:/home/user/.m2/repository/com/fasterxml/woodstox/woodstox-core/5.0.3/woodstox-core-5.0.3.jar:/home/user/.m2/repository/dnsjava/dnsjava/2.1.7/dnsjava-2.1.7.jar:/home/user/.m2/repository/org/apache/hadoop/hadoop-hdfs/3.2.0/hadoop-hdfs-3.2.0.jar:/home/user/.m2/repository/org/eclipse/jetty/jetty-util-ajax/9.3.24.v20180605/jetty-util-ajax-9.3.24.v20180605.jar:/home/user/.m2/repository/commons-daemon/commons-daemon/1.0.13/commons-daemon-1.0.13.jar:/home/user/.m2/repository/io/netty/netty/3.10.5.Final/netty-3.10.5.Final.jar:/home/user/.m2/repository/io/netty/netty-all/4.0.52.Final/netty-all-4.0.52.Final.jar:/home/user/.m2/repository/org/fusesource/leveldbjni/leveldbjni-all/1.8/leveldbjni-all-1.8.jar:/home/user/.m2/repository/com/sun/xml/bind/jaxb-core/2.3.0.1/jaxb-core-2.3.0.1.jar:/home/user/.m2/repository/javax/xml/bind/jaxb-api/2.3.0/jaxb-api-2.3.0.jar:/home/user/.m2/repository/javax/activation/activation/1.1.1/activation-1.1.1.jar:/home/user/.m2/repository/io/dropwizard/metrics/metrics-core/3.2.4/metrics-core-3.2.4.jar:/home/user/.m2/repository/org/openjdk/jmh/jmh-core/1.19/jmh-core-1.19.jar:/home/user/.m2/repository/net/sf/jopt-simple/jopt-simple/4.6/jopt-simple-4.6.jar:/home/user/.m2/repository/org/openjdk/jmh/jmh-generator-annprocess/1.19/jmh-generator-annprocess-1.19.jar:/home/user/.m2/repository/com/google/code/findbugs/findbugs/3.0.1/findbugs-3.0.1.jar:/home/user/.m2/repository/net/jcip/jcip-annotations/1.0/jcip-annotations-1.0.jar:/home/user/.m2/repository/com/google/code/findbugs/bcel-findbugs/6.0/bcel-findbugs-6.0.jar:/home/user/.m2/repository/com/google/code/findbugs/jFormatString/2.0.1/jFormatString-2.0.1.jar:/home/user/.m2/repository/dom4j/dom4j/1.6.1/dom4j-1.6.1.jar:/home/user/.m2/repository/xml-apis/xml-apis/1.0.b2/xml-apis-1.0.b2.jar:/home/user/.m2/repository/org/ow2/asm/asm-debug-all/5.0.2/asm-debug-all-5.0.2.jar:/home/user/.m2/repository/org/ow2/asm/asm-commons/5.0.2/asm-commons-5.0.2.jar:/home/user/.m2/repository/org/ow2/asm/asm-tree/5.0.2/asm-tree-5.0.2.jar:/home/user/.m2/repository/org/ow2/asm/asm/5.0.4/asm-5.0.4.jar:/home/user/.m2/repository/commons-lang/commons-lang/2.6/commons-lang-2.6.jar:/home/user/.m2/repository/com/apple/AppleJavaExtensions/1.4/AppleJavaExtensions-1.4.jar:/home/user/.m2/repository/jaxen/jaxen/1.1.6/jaxen-1.1.6.jar:/home/user/.m2/repository/junit/junit/4.11/junit-4.11.jar:/home/user/.m2/repository/org/hamcrest/hamcrest-core/1.3/hamcrest-core-1.3.jar:/home/user/.m2/repository/org/apache/hadoop/hadoop-common/3.2.0/hadoop-common-3.2.0-tests.jar:/workdir/hadoop-ozone/integration-test/target/test-classes:/home/user/.m2/repository/org/apache/hadoop/hadoop-ozone-objectstore-service/0.5.0-SNAPSHOT/hadoop-ozone-objectstore-service-0.5.0-SNAPSHOT.jar:/home/user/.m2/repository/org/apache/hadoop/hadoop-ozone-s3gateway/0.5.0-SNAPSHOT/hadoop-ozone-s3gateway-0.5.0-SNAPSHOT.jar:/home/user/.m2/repository/org/jboss/weld/servlet/weld-servlet/2.4.7.Final/weld-servlet-2.4.7.Final.jar:/home/user/.m2/repository/org/glassfish/jersey/containers/jersey-container-servlet-core/2.27/jersey-container-servlet-core-2.27.jar:/home/user/.m2/repository/org/glassfish/hk2/external/javax.inject/2.5.0-b42/javax.inject-2.5.0-b42.jar:/home/user/.m2/repository/org/glassfish/jersey/core/jersey-common/2.27/jersey-common-2.27.jar:/home/user/.m2/repository/org/glassfish/hk2/osgi-resource-locator/1.0.1/osgi-resource-locator-1.0.1.jar:/home/user/.m2/repository/javax/ws/rs/javax.ws.rs-api/2.1/javax.ws.rs-api-2.1.jar:/home/user/.m2/repository/org/glassfish/jersey/ext/cdi/jersey-cdi1x/2.27/jersey-cdi1x-2.27.jar:/home/user/.m2/repository/org/glassfish/jersey/inject/jersey-hk2/2.27/jersey-hk2-2.27.jar:/home/user/.m2/repository/org/glassfish/hk2/hk2-locator/2.5.0-b42/hk2-locator-2.5.0-b42.jar:/home/user/.m2/repository/org/javassist/javassist/3.22.0-CR2/javassist-3.22.0-CR2.jar:/home/user/.m2/repository/org/glassfish/hk2/hk2-api/2.5.0/hk2-api-2.5.0.jar:/home/user/.m2/repository/org/glassfish/hk2/external/jakarta.inject/2.5.0/jakarta.inject-2.5.0.jar:/home/user/.m2/repository/org/glassfish/hk2/hk2-utils/2.5.0/hk2-utils-2.5.0.jar:/home/user/.m2/repository/jakarta/annotation/jakarta.annotation-api/1.3.4/jakarta.annotation-api-1.3.4.jar:/home/user/.m2/repository/org/glassfish/hk2/external/aopalliance-repackaged/2.5.0/aopalliance-repackaged-2.5.0.jar:/home/user/.m2/repository/com/fasterxml/jackson/dataformat/jackson-dataformat-xml/2.9.0/jackson-dataformat-xml-2.9.0.jar:/home/user/.m2/repository/com/fasterxml/jackson/module/jackson-module-jaxb-annotations/2.9.5/jackson-module-jaxb-annotations-2.9.5.jar:/home/user/.m2/repository/javax/enterprise/cdi-api/1.2/cdi-api-1.2.jar:/home/user/.m2/repository/javax/el/javax.el-api/3.0.0/javax.el-api-3.0.0.jar:/home/user/.m2/repository/javax/interceptor/javax.interceptor-api/1.2/javax.interceptor-api-1.2.jar:/home/user/.m2/repository/javax/inject/javax.inject/1/javax.inject-1.jar:/home/user/.m2/repository/org/apache/hadoop/hadoop-ozone-csi/0.5.0-SNAPSHOT/hadoop-ozone-csi-0.5.0-SNAPSHOT.jar:/home/user/.m2/repository/com/google/protobuf/protobuf-java-util/3.5.1/protobuf-java-util-3.5.1.jar:/home/user/.m2/repository/io/grpc/grpc-netty/1.17.1/grpc-netty-1.17.1.jar:/home/user/.m2/repository/io/grpc/grpc-core/1.17.1/grpc-core-1.17.1.jar:/home/user/.m2/repository/io/grpc/grpc-context/1.17.1/grpc-context-1.17.1.jar:/home/user/.m2/repository/com/google/errorprone/error_prone_annotations/2.2.0/error_prone_annotations-2.2.0.jar:/home/user/.m2/repository/org/codehaus/mojo/animal-sniffer-annotations/1.17/animal-sniffer-annotations-1.17.jar:/home/user/.m2/repository/io/opencensus/opencensus-api/0.17.0/opencensus-api-0.17.0.jar:/home/user/.m2/repository/io/opencensus/opencensus-contrib-grpc-metrics/0.17.0/opencensus-contrib-grpc-metrics-0.17.0.jar:/home/user/.m2/repository/io/netty/netty-codec-http2/4.1.30.Final/netty-codec-http2-4.1.30.Final.jar:/home/user/.m2/repository/io/netty/netty-codec-http/4.1.30.Final/netty-codec-http-4.1.30.Final.jar:/home/user/.m2/repository/io/netty/netty-codec/4.1.30.Final/netty-codec-4.1.30.Final.jar:/home/user/.m2/repository/io/netty/netty-handler/4.1.30.Final/netty-handler-4.1.30.Final.jar:/home/user/.m2/repository/io/netty/netty-handler-proxy/4.1.30.Final/netty-handler-proxy-4.1.30.Final.jar:/home/user/.m2/repository/io/netty/netty-codec-socks/4.1.30.Final/netty-codec-socks-4.1.30.Final.jar:/home/user/.m2/repository/io/netty/netty-transport-native-epoll/4.1.30.Final/netty-transport-native-epoll-4.1.30.Final.jar:/home/user/.m2/repository/io/netty/netty-common/4.1.30.Final/netty-common-4.1.30.Final.jar:/home/user/.m2/repository/io/netty/netty-buffer/4.1.30.Final/netty-buffer-4.1.30.Final.jar:/home/user/.m2/repository/io/netty/netty-transport/4.1.30.Final/netty-transport-4.1.30.Final.jar:/home/user/.m2/repository/io/netty/netty-resolver/4.1.30.Final/netty-resolver-4.1.30.Final.jar:/home/user/.m2/repository/io/netty/netty-transport-native-unix-common/4.1.30.Final/netty-transport-native-unix-common-4.1.30.Final.jar:/home/user/.m2/repository/io/grpc/grpc-protobuf/1.17.1/grpc-protobuf-1.17.1.jar:/home/user/.m2/repository/com/google/api/grpc/proto-google-common-protos/1.0.0/proto-google-common-protos-1.0.0.jar:/home/user/.m2/repository/io/grpc/grpc-protobuf-lite/1.17.1/grpc-protobuf-lite-1.17.1.jar:/home/user/.m2/repository/io/grpc/grpc-stub/1.17.1/grpc-stub-1.17.1.jar:/home/user/.m2/repository/org/apache/hadoop/hadoop-ozone-recon/0.5.0-SNAPSHOT/hadoop-ozone-recon-0.5.0-SNAPSHOT.jar:/home/user/.m2/repository/org/apache/hadoop/hadoop-ozone-reconcodegen/0.5.0-SNAPSHOT/hadoop-ozone-reconcodegen-0.5.0-SNAPSHOT.jar:/home/user/.m2/repository/com/google/inject/extensions/guice-multibindings/4.0/guice-multibindings-4.0.jar:/home/user/.m2/repository/com/google/inject/guice/4.0/guice-4.0.jar:/home/user/.m2/repository/aopalliance/aopalliance/1.0/aopalliance-1.0.jar:/home/user/.m2/repository/com/google/inject/extensions/guice-servlet/4.0/guice-servlet-4.0.jar:/home/user/.m2/repository/org/glassfish/jersey/containers/jersey-container-servlet/2.27/jersey-container-servlet-2.27.jar:/home/user/.m2/repository/org/glassfish/hk2/guice-bridge/2.5.0/guice-bridge-2.5.0.jar:/home/user/.m2/repository/org/glassfish/jersey/core/jersey-server/2.27/jersey-server-2.27.jar:/home/user/.m2/repository/org/glassfish/jersey/core/jersey-client/2.27/jersey-client-2.27.jar:/home/user/.m2/repository/org/glassfish/jersey/media/jersey-media-jaxb/2.27/jersey-media-jaxb-2.27.jar:/home/user/.m2/repository/javax/validation/validation-api/1.1.0.Final/validation-api-1.1.0.Final.jar:/home/user/.m2/repository/org/glassfish/jersey/media/jersey-media-json-jackson/2.27/jersey-media-json-jackson-2.27.jar:/home/user/.m2/repository/org/glassfish/jersey/ext/jersey-entity-filtering/2.27/jersey-entity-filtering-2.27.jar:/home/user/.m2/repository/com/google/inject/extensions/guice-assistedinject/4.0/guice-assistedinject-4.0.jar:/home/user/.m2/repository/org/jooq/jooq/3.11.10/jooq-3.11.10.jar:/home/user/.m2/repository/org/jooq/jooq-meta/3.11.10/jooq-meta-3.11.10.jar:/home/user/.m2/repository/org/jooq/jooq-codegen/3.11.10/jooq-codegen-3.11.10.jar:/home/user/.m2/repository/com/jolbox/bonecp/0.8.0.RELEASE/bonecp-0.8.0.RELEASE.jar:/home/user/.m2/repository/org/springframework/spring-jdbc/5.1.3.RELEASE/spring-jdbc-5.1.3.RELEASE.jar:/home/user/.m2/repository/org/springframework/spring-beans/5.1.3.RELEASE/spring-beans-5.1.3.RELEASE.jar:/home/user/.m2/repository/org/springframework/spring-core/5.1.3.RELEASE/spring-core-5.1.3.RELEASE.jar:/home/user/.m2/repository/org/springframework/spring-jcl/5.1.3.RELEASE/spring-jcl-5.1.3.RELEASE.jar:/home/user/.m2/repository/org/springframework/spring-tx/5.1.3.RELEASE/spring-tx-5.1.3.RELEASE.jar:/home/user/.m2/repository/org/mockito/mockito-core/2.15.0/mockito-core-2.15.0.jar:/home/user/.m2/repository/net/bytebuddy/byte-buddy/1.7.9/byte-buddy-1.7.9.jar:/home/user/.m2/repository/net/bytebuddy/byte-buddy-agent/1.7.9/byte-buddy-agent-1.7.9.jar:/home/user/.m2/repository/org/objenesis/objenesis/1.0/objenesis-1.0.jar:"/>
    <property name="java.vm.vendor" value="IcedTea"/>
    <property name="sun.arch.data.model" value="64"/>
    <property name="test.build.dir" value="/workdir/hadoop-ozone/tools/target/test-dir"/>
    <property name="test.cache.data" value=""/>
    <property name="java.vendor.url" value="https://icedtea.classpath.org"/>
    <property name="user.timezone" value=""/>
    <property name="java.vm.specification.version" value="1.8"/>
    <property name="os.name" value="Linux"/>
    <property name="test.build.data" value="/workdir/hadoop-ozone/tools/target/test-dir"/>
    <property name="user.country" value="US"/>
    <property name="sun.java.launcher" value="SUN_STANDARD"/>
    <property name="sun.boot.library.path" value="/usr/lib/jvm/java-1.8-openjdk/jre/lib/amd64"/>
    <property name="sun.java.command" value="/workdir/hadoop-ozone/tools/target/surefire/surefirebooter35823747995866090.jar /workdir/hadoop-ozone/tools/target/surefire 2019-08-23T00-59-35_394-jvmRun1 surefire6819621316566694183tmp surefire_115608084303744699036tmp"/>
    <property name="test" value="!TestMiniChaosOzoneCluster"/>
    <property name="surefire.test.class.path" value="/workdir/hadoop-ozone/tools/target/test-classes:/workdir/hadoop-ozone/tools/target/classes:/home/user/.m2/repository/org/apache/hadoop/hadoop-ozone-ozone-manager/0.5.0-SNAPSHOT/hadoop-ozone-ozone-manager-0.5.0-SNAPSHOT.jar:/home/user/.m2/repository/org/apache/hadoop/hadoop-hdds-docs/0.5.0-SNAPSHOT/hadoop-hdds-docs-0.5.0-SNAPSHOT.jar:/home/user/.m2/repository/org/bouncycastle/bcprov-jdk15on/1.60/bcprov-jdk15on-1.60.jar:/home/user/.m2/repository/org/apache/hadoop/hadoop-ozone-common/0.5.0-SNAPSHOT/hadoop-ozone-common-0.5.0-SNAPSHOT.jar:/home/user/.m2/repository/org/apache/commons/commons-compress/1.4.1/commons-compress-1.4.1.jar:/home/user/.m2/repository/org/tukaani/xz/1.0/xz-1.0.jar:/home/user/.m2/repository/org/apache/hadoop/hadoop-hdfs-client/3.2.0/hadoop-hdfs-client-3.2.0.jar:/home/user/.m2/repository/com/fasterxml/jackson/core/jackson-annotations/2.9.5/jackson-annotations-2.9.5.jar:/home/user/.m2/repository/org/apache/hadoop/hadoop-hdds-common/0.5.0-SNAPSHOT/hadoop-hdds-common-0.5.0-SNAPSHOT.jar:/home/user/.m2/repository/org/apache/hadoop/hadoop-hdds-config/0.5.0-SNAPSHOT/hadoop-hdds-config-0.5.0-SNAPSHOT.jar:/home/user/.m2/repository/javax/annotation/javax.annotation-api/1.2/javax.annotation-api-1.2.jar:/home/user/.m2/repository/org/apache/ratis/ratis-server/0.4.0-2337318-SNAPSHOT/ratis-server-0.4.0-2337318-SNAPSHOT.jar:/home/user/.m2/repository/org/apache/ratis/ratis-thirdparty-misc/0.2.0/ratis-thirdparty-misc-0.2.0.jar:/home/user/.m2/repository/org/apache/ratis/ratis-proto/0.4.0-2337318-SNAPSHOT/ratis-proto-0.4.0-2337318-SNAPSHOT.jar:/home/user/.m2/repository/org/apache/ratis/ratis-common/0.4.0-2337318-SNAPSHOT/ratis-common-0.4.0-2337318-SNAPSHOT.jar:/home/user/.m2/repository/org/apache/ratis/ratis-client/0.4.0-2337318-SNAPSHOT/ratis-client-0.4.0-2337318-SNAPSHOT.jar:/home/user/.m2/repository/org/apache/ratis/ratis-metrics/0.4.0-2337318-SNAPSHOT/ratis-metrics-0.4.0-2337318-SNAPSHOT.jar:/home/user/.m2/repository/org/apache/ratis/ratis-netty/0.4.0-2337318-SNAPSHOT/ratis-netty-0.4.0-2337318-SNAPSHOT.jar:/home/user/.m2/repository/org/apache/ratis/ratis-grpc/0.4.0-2337318-SNAPSHOT/ratis-grpc-0.4.0-2337318-SNAPSHOT.jar:/home/user/.m2/repository/org/rocksdb/rocksdbjni/6.0.1/rocksdbjni-6.0.1.jar:/home/user/.m2/repository/org/apache/logging/log4j/log4j-api/2.11.0/log4j-api-2.11.0.jar:/home/user/.m2/repository/org/apache/logging/log4j/log4j-core/2.11.0/log4j-core-2.11.0.jar:/home/user/.m2/repository/com/lmax/disruptor/3.4.2/disruptor-3.4.2.jar:/home/user/.m2/repository/org/apache/commons/commons-pool2/2.6.0/commons-pool2-2.6.0.jar:/home/user/.m2/repository/org/bouncycastle/bcpkix-jdk15on/1.60/bcpkix-jdk15on-1.60.jar:/home/user/.m2/repository/commons-validator/commons-validator/1.6/commons-validator-1.6.jar:/home/user/.m2/repository/commons-digester/commons-digester/1.8.1/commons-digester-1.8.1.jar:/home/user/.m2/repository/io/jaegertracing/jaeger-client/0.33.1/jaeger-client-0.33.1.jar:/home/user/.m2/repository/io/jaegertracing/jaeger-thrift/0.33.1/jaeger-thrift-0.33.1.jar:/home/user/.m2/repository/org/apache/thrift/libthrift/0.11.0/libthrift-0.11.0.jar:/home/user/.m2/repository/com/squareup/okhttp3/okhttp/3.9.0/okhttp-3.9.0.jar:/home/user/.m2/repository/com/squareup/okio/okio/1.13.0/okio-1.13.0.jar:/home/user/.m2/repository/io/jaegertracing/jaeger-core/0.33.1/jaeger-core-0.33.1.jar:/home/user/.m2/repository/io/jaegertracing/jaeger-tracerresolver/0.33.1/jaeger-tracerresolver-0.33.1.jar:/home/user/.m2/repository/io/opentracing/contrib/opentracing-tracerresolver/0.1.5/opentracing-tracerresolver-0.1.5.jar:/home/user/.m2/repository/io/opentracing/opentracing-util/0.31.0/opentracing-util-0.31.0.jar:/home/user/.m2/repository/io/opentracing/opentracing-api/0.31.0/opentracing-api-0.31.0.jar:/home/user/.m2/repository/io/opentracing/opentracing-noop/0.31.0/opentracing-noop-0.31.0.jar:/home/user/.m2/repository/org/yaml/snakeyaml/1.16/snakeyaml-1.16.jar:/home/user/.m2/repository/org/apache/hadoop/hadoop-hdds-container-service/0.5.0-SNAPSHOT/hadoop-hdds-container-service-0.5.0-SNAPSHOT.jar:/home/user/.m2/repository/org/apache/hadoop/hadoop-hdds-client/0.5.0-SNAPSHOT/hadoop-hdds-client-0.5.0-SNAPSHOT.jar:/home/user/.m2/repository/org/apache/hadoop/hadoop-hdds-tools/0.5.0-SNAPSHOT/hadoop-hdds-tools-0.5.0-SNAPSHOT.jar:/home/user/.m2/repository/org/xerial/sqlite-jdbc/3.25.2/sqlite-jdbc-3.25.2.jar:/home/user/.m2/repository/org/apache/hadoop/hadoop-hdds-server-scm/0.5.0-SNAPSHOT/hadoop-hdds-server-scm-0.5.0-SNAPSHOT.jar:/home/user/.m2/repository/org/hamcrest/hamcrest-all/1.3/hamcrest-all-1.3.jar:/home/user/.m2/repository/info/picocli/picocli/3.9.6/picocli-3.9.6.jar:/home/user/.m2/repository/com/google/protobuf/protobuf-java/2.5.0/protobuf-java-2.5.0.jar:/home/user/.m2/repository/com/google/guava/guava/11.0.2/guava-11.0.2.jar:/home/user/.m2/repository/org/apache/hadoop/hadoop-ozone-client/0.5.0-SNAPSHOT/hadoop-ozone-client-0.5.0-SNAPSHOT.jar:/workdir/hadoop-ozone/ozonefs/target/classes:/home/user/.m2/repository/org/apache/hadoop/hadoop-hdds-server-framework/0.5.0-SNAPSHOT/hadoop-hdds-server-framework-0.5.0-SNAPSHOT.jar:/home/user/.m2/repository/org/apache/hadoop/hadoop-common/3.2.0/hadoop-common-3.2.0.jar:/home/user/.m2/repository/org/apache/hadoop/hadoop-annotations/3.2.0/hadoop-annotations-3.2.0.jar:/usr/lib/jvm/java-1.8-openjdk/jre/../lib/tools.jar:/home/user/.m2/repository/commons-cli/commons-cli/1.2/commons-cli-1.2.jar:/home/user/.m2/repository/org/apache/commons/commons-math3/3.1.1/commons-math3-3.1.1.jar:/home/user/.m2/repository/org/apache/httpcomponents/httpclient/4.5.2/httpclient-4.5.2.jar:/home/user/.m2/repository/org/apache/httpcomponents/httpcore/4.4.4/httpcore-4.4.4.jar:/home/user/.m2/repository/commons-codec/commons-codec/1.11/commons-codec-1.11.jar:/home/user/.m2/repository/commons-io/commons-io/2.5/commons-io-2.5.jar:/home/user/.m2/repository/commons-net/commons-net/3.6/commons-net-3.6.jar:/home/user/.m2/repository/commons-collections/commons-collections/3.2.2/commons-collections-3.2.2.jar:/home/user/.m2/repository/javax/servlet/javax.servlet-api/3.1.0/javax.servlet-api-3.1.0.jar:/home/user/.m2/repository/org/eclipse/jetty/jetty-server/9.3.24.v20180605/jetty-server-9.3.24.v20180605.jar:/home/user/.m2/repository/org/eclipse/jetty/jetty-http/9.3.24.v20180605/jetty-http-9.3.24.v20180605.jar:/home/user/.m2/repository/org/eclipse/jetty/jetty-io/9.3.24.v20180605/jetty-io-9.3.24.v20180605.jar:/home/user/.m2/repository/org/eclipse/jetty/jetty-util/9.3.24.v20180605/jetty-util-9.3.24.v20180605.jar:/home/user/.m2/repository/org/eclipse/jetty/jetty-servlet/9.3.24.v20180605/jetty-servlet-9.3.24.v20180605.jar:/home/user/.m2/repository/org/eclipse/jetty/jetty-security/9.3.24.v20180605/jetty-security-9.3.24.v20180605.jar:/home/user/.m2/repository/org/eclipse/jetty/jetty-webapp/9.3.24.v20180605/jetty-webapp-9.3.24.v20180605.jar:/home/user/.m2/repository/org/eclipse/jetty/jetty-xml/9.3.24.v20180605/jetty-xml-9.3.24.v20180605.jar:/home/user/.m2/repository/javax/servlet/jsp/jsp-api/2.1/jsp-api-2.1.jar:/home/user/.m2/repository/com/sun/jersey/jersey-core/1.19/jersey-core-1.19.jar:/home/user/.m2/repository/javax/ws/rs/jsr311-api/1.1.1/jsr311-api-1.1.1.jar:/home/user/.m2/repository/com/sun/jersey/jersey-servlet/1.19/jersey-servlet-1.19.jar:/home/user/.m2/repository/com/sun/jersey/jersey-json/1.19/jersey-json-1.19.jar:/home/user/.m2/repository/org/codehaus/jettison/jettison/1.1/jettison-1.1.jar:/home/user/.m2/repository/com/sun/xml/bind/jaxb-impl/2.3.0.1/jaxb-impl-2.3.0.1.jar:/home/user/.m2/repository/org/codehaus/jackson/jackson-core-asl/1.9.13/jackson-core-asl-1.9.13.jar:/home/user/.m2/repository/org/codehaus/jackson/jackson-mapper-asl/1.9.13/jackson-mapper-asl-1.9.13.jar:/home/user/.m2/repository/org/codehaus/jackson/jackson-jaxrs/1.9.13/jackson-jaxrs-1.9.13.jar:/home/user/.m2/repository/org/codehaus/jackson/jackson-xc/1.9.13/jackson-xc-1.9.13.jar:/home/user/.m2/repository/com/sun/jersey/jersey-server/1.19/jersey-server-1.19.jar:/home/user/.m2/repository/commons-logging/commons-logging/1.1.3/commons-logging-1.1.3.jar:/home/user/.m2/repository/log4j/log4j/1.2.17/log4j-1.2.17.jar:/home/user/.m2/repository/commons-beanutils/commons-beanutils/1.9.3/commons-beanutils-1.9.3.jar:/home/user/.m2/repository/org/apache/commons/commons-configuration2/2.1.1/commons-configuration2-2.1.1.jar:/home/user/.m2/repository/org/apache/commons/commons-lang3/3.7/commons-lang3-3.7.jar:/home/user/.m2/repository/org/apache/commons/commons-text/1.4/commons-text-1.4.jar:/home/user/.m2/repository/org/slf4j/slf4j-api/1.7.25/slf4j-api-1.7.25.jar:/home/user/.m2/repository/org/slf4j/slf4j-log4j12/1.7.25/slf4j-log4j12-1.7.25.jar:/home/user/.m2/repository/org/apache/avro/avro/1.7.7/avro-1.7.7.jar:/home/user/.m2/repository/com/thoughtworks/paranamer/paranamer/2.3/paranamer-2.3.jar:/home/user/.m2/repository/org/xerial/snappy/snappy-java/1.0.5/snappy-java-1.0.5.jar:/home/user/.m2/repository/com/google/re2j/re2j/1.1/re2j-1.1.jar:/home/user/.m2/repository/com/google/code/gson/gson/2.2.4/gson-2.2.4.jar:/home/user/.m2/repository/org/apache/hadoop/hadoop-auth/3.2.0/hadoop-auth-3.2.0.jar:/home/user/.m2/repository/com/nimbusds/nimbus-jose-jwt/4.41.1/nimbus-jose-jwt-4.41.1.jar:/home/user/.m2/repository/com/github/stephenc/jcip/jcip-annotations/1.0-1/jcip-annotations-1.0-1.jar:/home/user/.m2/repository/net/minidev/json-smart/2.3/json-smart-2.3.jar:/home/user/.m2/repository/net/minidev/accessors-smart/1.2/accessors-smart-1.2.jar:/home/user/.m2/repository/org/apache/curator/curator-framework/2.12.0/curator-framework-2.12.0.jar:/home/user/.m2/repository/com/jcraft/jsch/0.1.54/jsch-0.1.54.jar:/home/user/.m2/repository/org/apache/curator/curator-client/2.12.0/curator-client-2.12.0.jar:/home/user/.m2/repository/org/apache/curator/curator-recipes/2.12.0/curator-recipes-2.12.0.jar:/home/user/.m2/repository/com/google/code/findbugs/jsr305/3.0.0/jsr305-3.0.0.jar:/home/user/.m2/repository/org/apache/htrace/htrace-core4/4.1.0-incubating/htrace-core4-4.1.0-incubating.jar:/home/user/.m2/repository/org/apache/zookeeper/zookeeper/3.4.13/zookeeper-3.4.13.jar:/home/user/.m2/repository/org/apache/yetus/audience-annotations/0.5.0/audience-annotations-0.5.0.jar:/home/user/.m2/repository/org/apache/kerby/kerb-simplekdc/1.0.1/kerb-simplekdc-1.0.1.jar:/home/user/.m2/repository/org/apache/kerby/kerb-client/1.0.1/kerb-client-1.0.1.jar:/home/user/.m2/repository/org/apache/kerby/kerby-config/1.0.1/kerby-config-1.0.1.jar:/home/user/.m2/repository/org/apache/kerby/kerb-core/1.0.1/kerb-core-1.0.1.jar:/home/user/.m2/repository/org/apache/kerby/kerby-pkix/1.0.1/kerby-pkix-1.0.1.jar:/home/user/.m2/repository/org/apache/kerby/kerby-asn1/1.0.1/kerby-asn1-1.0.1.jar:/home/user/.m2/repository/org/apache/kerby/kerby-util/1.0.1/kerby-util-1.0.1.jar:/home/user/.m2/repository/org/apache/kerby/kerb-common/1.0.1/kerb-common-1.0.1.jar:/home/user/.m2/repository/org/apache/kerby/kerb-crypto/1.0.1/kerb-crypto-1.0.1.jar:/home/user/.m2/repository/org/apache/kerby/kerb-util/1.0.1/kerb-util-1.0.1.jar:/home/user/.m2/repository/org/apache/kerby/token-provider/1.0.1/token-provider-1.0.1.jar:/home/user/.m2/repository/org/apache/kerby/kerb-admin/1.0.1/kerb-admin-1.0.1.jar:/home/user/.m2/repository/org/apache/kerby/kerb-server/1.0.1/kerb-server-1.0.1.jar:/home/user/.m2/repository/org/apache/kerby/kerb-identity/1.0.1/kerb-identity-1.0.1.jar:/home/user/.m2/repository/org/apache/kerby/kerby-xdr/1.0.1/kerby-xdr-1.0.1.jar:/home/user/.m2/repository/com/fasterxml/jackson/core/jackson-databind/2.9.5/jackson-databind-2.9.5.jar:/home/user/.m2/repository/com/fasterxml/jackson/core/jackson-core/2.9.5/jackson-core-2.9.5.jar:/home/user/.m2/repository/org/codehaus/woodstox/stax2-api/3.1.4/stax2-api-3.1.4.jar:/home/user/.m2/repository/com/fasterxml/woodstox/woodstox-core/5.0.3/woodstox-core-5.0.3.jar:/home/user/.m2/repository/dnsjava/dnsjava/2.1.7/dnsjava-2.1.7.jar:/home/user/.m2/repository/org/apache/hadoop/hadoop-hdfs/3.2.0/hadoop-hdfs-3.2.0.jar:/home/user/.m2/repository/org/eclipse/jetty/jetty-util-ajax/9.3.24.v20180605/jetty-util-ajax-9.3.24.v20180605.jar:/home/user/.m2/repository/commons-daemon/commons-daemon/1.0.13/commons-daemon-1.0.13.jar:/home/user/.m2/repository/io/netty/netty/3.10.5.Final/netty-3.10.5.Final.jar:/home/user/.m2/repository/io/netty/netty-all/4.0.52.Final/netty-all-4.0.52.Final.jar:/home/user/.m2/repository/org/fusesource/leveldbjni/leveldbjni-all/1.8/leveldbjni-all-1.8.jar:/home/user/.m2/repository/com/sun/xml/bind/jaxb-core/2.3.0.1/jaxb-core-2.3.0.1.jar:/home/user/.m2/repository/javax/xml/bind/jaxb-api/2.3.0/jaxb-api-2.3.0.jar:/home/user/.m2/repository/javax/activation/activation/1.1.1/activation-1.1.1.jar:/home/user/.m2/repository/io/dropwizard/metrics/metrics-core/3.2.4/metrics-core-3.2.4.jar:/home/user/.m2/repository/org/openjdk/jmh/jmh-core/1.19/jmh-core-1.19.jar:/home/user/.m2/repository/net/sf/jopt-simple/jopt-simple/4.6/jopt-simple-4.6.jar:/home/user/.m2/repository/org/openjdk/jmh/jmh-generator-annprocess/1.19/jmh-generator-annprocess-1.19.jar:/home/user/.m2/repository/com/google/code/findbugs/findbugs/3.0.1/findbugs-3.0.1.jar:/home/user/.m2/repository/net/jcip/jcip-annotations/1.0/jcip-annotations-1.0.jar:/home/user/.m2/repository/com/google/code/findbugs/bcel-findbugs/6.0/bcel-findbugs-6.0.jar:/home/user/.m2/repository/com/google/code/findbugs/jFormatString/2.0.1/jFormatString-2.0.1.jar:/home/user/.m2/repository/dom4j/dom4j/1.6.1/dom4j-1.6.1.jar:/home/user/.m2/repository/xml-apis/xml-apis/1.0.b2/xml-apis-1.0.b2.jar:/home/user/.m2/repository/org/ow2/asm/asm-debug-all/5.0.2/asm-debug-all-5.0.2.jar:/home/user/.m2/repository/org/ow2/asm/asm-commons/5.0.2/asm-commons-5.0.2.jar:/home/user/.m2/repository/org/ow2/asm/asm-tree/5.0.2/asm-tree-5.0.2.jar:/home/user/.m2/repository/org/ow2/asm/asm/5.0.4/asm-5.0.4.jar:/home/user/.m2/repository/commons-lang/commons-lang/2.6/commons-lang-2.6.jar:/home/user/.m2/repository/com/apple/AppleJavaExtensions/1.4/AppleJavaExtensions-1.4.jar:/home/user/.m2/repository/jaxen/jaxen/1.1.6/jaxen-1.1.6.jar:/home/user/.m2/repository/junit/junit/4.11/junit-4.11.jar:/home/user/.m2/repository/org/hamcrest/hamcrest-core/1.3/hamcrest-core-1.3.jar:/home/user/.m2/repository/org/apache/hadoop/hadoop-common/3.2.0/hadoop-common-3.2.0-tests.jar:/workdir/hadoop-ozone/integration-test/target/test-classes:/home/user/.m2/repository/org/apache/hadoop/hadoop-ozone-objectstore-service/0.5.0-SNAPSHOT/hadoop-ozone-objectstore-service-0.5.0-SNAPSHOT.jar:/home/user/.m2/repository/org/apache/hadoop/hadoop-ozone-s3gateway/0.5.0-SNAPSHOT/hadoop-ozone-s3gateway-0.5.0-SNAPSHOT.jar:/home/user/.m2/repository/org/jboss/weld/servlet/weld-servlet/2.4.7.Final/weld-servlet-2.4.7.Final.jar:/home/user/.m2/repository/org/glassfish/jersey/containers/jersey-container-servlet-core/2.27/jersey-container-servlet-core-2.27.jar:/home/user/.m2/repository/org/glassfish/hk2/external/javax.inject/2.5.0-b42/javax.inject-2.5.0-b42.jar:/home/user/.m2/repository/org/glassfish/jersey/core/jersey-common/2.27/jersey-common-2.27.jar:/home/user/.m2/repository/org/glassfish/hk2/osgi-resource-locator/1.0.1/osgi-resource-locator-1.0.1.jar:/home/user/.m2/repository/javax/ws/rs/javax.ws.rs-api/2.1/javax.ws.rs-api-2.1.jar:/home/user/.m2/repository/org/glassfish/jersey/ext/cdi/jersey-cdi1x/2.27/jersey-cdi1x-2.27.jar:/home/user/.m2/repository/org/glassfish/jersey/inject/jersey-hk2/2.27/jersey-hk2-2.27.jar:/home/user/.m2/repository/org/glassfish/hk2/hk2-locator/2.5.0-b42/hk2-locator-2.5.0-b42.jar:/home/user/.m2/repository/org/javassist/javassist/3.22.0-CR2/javassist-3.22.0-CR2.jar:/home/user/.m2/repository/org/glassfish/hk2/hk2-api/2.5.0/hk2-api-2.5.0.jar:/home/user/.m2/repository/org/glassfish/hk2/external/jakarta.inject/2.5.0/jakarta.inject-2.5.0.jar:/home/user/.m2/repository/org/glassfish/hk2/hk2-utils/2.5.0/hk2-utils-2.5.0.jar:/home/user/.m2/repository/jakarta/annotation/jakarta.annotation-api/1.3.4/jakarta.annotation-api-1.3.4.jar:/home/user/.m2/repository/org/glassfish/hk2/external/aopalliance-repackaged/2.5.0/aopalliance-repackaged-2.5.0.jar:/home/user/.m2/repository/com/fasterxml/jackson/dataformat/jackson-dataformat-xml/2.9.0/jackson-dataformat-xml-2.9.0.jar:/home/user/.m2/repository/com/fasterxml/jackson/module/jackson-module-jaxb-annotations/2.9.5/jackson-module-jaxb-annotations-2.9.5.jar:/home/user/.m2/repository/javax/enterprise/cdi-api/1.2/cdi-api-1.2.jar:/home/user/.m2/repository/javax/el/javax.el-api/3.0.0/javax.el-api-3.0.0.jar:/home/user/.m2/repository/javax/interceptor/javax.interceptor-api/1.2/javax.interceptor-api-1.2.jar:/home/user/.m2/repository/javax/inject/javax.inject/1/javax.inject-1.jar:/home/user/.m2/repository/org/apache/hadoop/hadoop-ozone-csi/0.5.0-SNAPSHOT/hadoop-ozone-csi-0.5.0-SNAPSHOT.jar:/home/user/.m2/repository/com/google/protobuf/protobuf-java-util/3.5.1/protobuf-java-util-3.5.1.jar:/home/user/.m2/repository/io/grpc/grpc-netty/1.17.1/grpc-netty-1.17.1.jar:/home/user/.m2/repository/io/grpc/grpc-core/1.17.1/grpc-core-1.17.1.jar:/home/user/.m2/repository/io/grpc/grpc-context/1.17.1/grpc-context-1.17.1.jar:/home/user/.m2/repository/com/google/errorprone/error_prone_annotations/2.2.0/error_prone_annotations-2.2.0.jar:/home/user/.m2/repository/org/codehaus/mojo/animal-sniffer-annotations/1.17/animal-sniffer-annotations-1.17.jar:/home/user/.m2/repository/io/opencensus/opencensus-api/0.17.0/opencensus-api-0.17.0.jar:/home/user/.m2/repository/io/opencensus/opencensus-contrib-grpc-metrics/0.17.0/opencensus-contrib-grpc-metrics-0.17.0.jar:/home/user/.m2/repository/io/netty/netty-codec-http2/4.1.30.Final/netty-codec-http2-4.1.30.Final.jar:/home/user/.m2/repository/io/netty/netty-codec-http/4.1.30.Final/netty-codec-http-4.1.30.Final.jar:/home/user/.m2/repository/io/netty/netty-codec/4.1.30.Final/netty-codec-4.1.30.Final.jar:/home/user/.m2/repository/io/netty/netty-handler/4.1.30.Final/netty-handler-4.1.30.Final.jar:/home/user/.m2/repository/io/netty/netty-handler-proxy/4.1.30.Final/netty-handler-proxy-4.1.30.Final.jar:/home/user/.m2/repository/io/netty/netty-codec-socks/4.1.30.Final/netty-codec-socks-4.1.30.Final.jar:/home/user/.m2/repository/io/netty/netty-transport-native-epoll/4.1.30.Final/netty-transport-native-epoll-4.1.30.Final.jar:/home/user/.m2/repository/io/netty/netty-common/4.1.30.Final/netty-common-4.1.30.Final.jar:/home/user/.m2/repository/io/netty/netty-buffer/4.1.30.Final/netty-buffer-4.1.30.Final.jar:/home/user/.m2/repository/io/netty/netty-transport/4.1.30.Final/netty-transport-4.1.30.Final.jar:/home/user/.m2/repository/io/netty/netty-resolver/4.1.30.Final/netty-resolver-4.1.30.Final.jar:/home/user/.m2/repository/io/netty/netty-transport-native-unix-common/4.1.30.Final/netty-transport-native-unix-common-4.1.30.Final.jar:/home/user/.m2/repository/io/grpc/grpc-protobuf/1.17.1/grpc-protobuf-1.17.1.jar:/home/user/.m2/repository/com/google/api/grpc/proto-google-common-protos/1.0.0/proto-google-common-protos-1.0.0.jar:/home/user/.m2/repository/io/grpc/grpc-protobuf-lite/1.17.1/grpc-protobuf-lite-1.17.1.jar:/home/user/.m2/repository/io/grpc/grpc-stub/1.17.1/grpc-stub-1.17.1.jar:/home/user/.m2/repository/org/apache/hadoop/hadoop-ozone-recon/0.5.0-SNAPSHOT/hadoop-ozone-recon-0.5.0-SNAPSHOT.jar:/home/user/.m2/repository/org/apache/hadoop/hadoop-ozone-reconcodegen/0.5.0-SNAPSHOT/hadoop-ozone-reconcodegen-0.5.0-SNAPSHOT.jar:/home/user/.m2/repository/com/google/inject/extensions/guice-multibindings/4.0/guice-multibindings-4.0.jar:/home/user/.m2/repository/com/google/inject/guice/4.0/guice-4.0.jar:/home/user/.m2/repository/aopalliance/aopalliance/1.0/aopalliance-1.0.jar:/home/user/.m2/repository/com/google/inject/extensions/guice-servlet/4.0/guice-servlet-4.0.jar:/home/user/.m2/repository/org/glassfish/jersey/containers/jersey-container-servlet/2.27/jersey-container-servlet-2.27.jar:/home/user/.m2/repository/org/glassfish/hk2/guice-bridge/2.5.0/guice-bridge-2.5.0.jar:/home/user/.m2/repository/org/glassfish/jersey/core/jersey-server/2.27/jersey-server-2.27.jar:/home/user/.m2/repository/org/glassfish/jersey/core/jersey-client/2.27/jersey-client-2.27.jar:/home/user/.m2/repository/org/glassfish/jersey/media/jersey-media-jaxb/2.27/jersey-media-jaxb-2.27.jar:/home/user/.m2/repository/javax/validation/validation-api/1.1.0.Final/validation-api-1.1.0.Final.jar:/home/user/.m2/repository/org/glassfish/jersey/media/jersey-media-json-jackson/2.27/jersey-media-json-jackson-2.27.jar:/home/user/.m2/repository/org/glassfish/jersey/ext/jersey-entity-filtering/2.27/jersey-entity-filtering-2.27.jar:/home/user/.m2/repository/com/google/inject/extensions/guice-assistedinject/4.0/guice-assistedinject-4.0.jar:/home/user/.m2/repository/org/jooq/jooq/3.11.10/jooq-3.11.10.jar:/home/user/.m2/repository/org/jooq/jooq-meta/3.11.10/jooq-meta-3.11.10.jar:/home/user/.m2/repository/org/jooq/jooq-codegen/3.11.10/jooq-codegen-3.11.10.jar:/home/user/.m2/repository/com/jolbox/bonecp/0.8.0.RELEASE/bonecp-0.8.0.RELEASE.jar:/home/user/.m2/repository/org/springframework/spring-jdbc/5.1.3.RELEASE/spring-jdbc-5.1.3.RELEASE.jar:/home/user/.m2/repository/org/springframework/spring-beans/5.1.3.RELEASE/spring-beans-5.1.3.RELEASE.jar:/home/user/.m2/repository/org/springframework/spring-core/5.1.3.RELEASE/spring-core-5.1.3.RELEASE.jar:/home/user/.m2/repository/org/springframework/spring-jcl/5.1.3.RELEASE/spring-jcl-5.1.3.RELEASE.jar:/home/user/.m2/repository/org/springframework/spring-tx/5.1.3.RELEASE/spring-tx-5.1.3.RELEASE.jar:/home/user/.m2/repository/org/mockito/mockito-core/2.15.0/mockito-core-2.15.0.jar:/home/user/.m2/repository/net/bytebuddy/byte-buddy/1.7.9/byte-buddy-1.7.9.jar:/home/user/.m2/repository/net/bytebuddy/byte-buddy-agent/1.7.9/byte-buddy-agent-1.7.9.jar:/home/user/.m2/repository/org/objenesis/objenesis/1.0/objenesis-1.0.jar:"/>
    <property name="sun.cpu.endian" value="little"/>
    <property name="user.home" value="/home/user"/>
    <property name="user.language" value="en"/>
    <property name="java.specification.vendor" value="Oracle Corporation"/>
    <property name="java.home" value="/usr/lib/jvm/java-1.8-openjdk/jre"/>
    <property name="java.security.krb5.conf" value="/workdir/hadoop-ozone/tools/target/test-classes/krb5.conf"/>
    <property name="basedir" value="/workdir/hadoop-ozone/tools"/>
    <property name="file.separator" value="/"/>
    <property name="line.separator" value="&#10;"/>
    <property name="java.vm.specification.vendor" value="Oracle Corporation"/>
    <property name="java.specification.name" value="Java Platform API Specification"/>
    <property name="java.awt.graphicsenv" value="sun.awt.X11GraphicsEnvironment"/>
    <property name="surefire.real.class.path" value="/workdir/hadoop-ozone/tools/target/surefire/surefirebooter35823747995866090.jar"/>
    <property name="hadoop.log.dir" value="/workdir/hadoop-ozone/tools/target/log"/>
    <property name="sun.boot.class.path" value="/usr/lib/jvm/java-1.8-openjdk/jre/lib/resources.jar:/usr/lib/jvm/java-1.8-openjdk/jre/lib/rt.jar:/usr/lib/jvm/java-1.8-openjdk/jre/lib/sunrsasign.jar:/usr/lib/jvm/java-1.8-openjdk/jre/lib/jsse.jar:/usr/lib/jvm/java-1.8-openjdk/jre/lib/jce.jar:/usr/lib/jvm/java-1.8-openjdk/jre/lib/charsets.jar:/usr/lib/jvm/java-1.8-openjdk/jre/lib/jfr.jar:/usr/lib/jvm/java-1.8-openjdk/jre/classes"/>
    <property name="sun.management.compiler" value="HotSpot 64-Bit Tiered Compilers"/>
    <property name="java.runtime.version" value="1.8.0_212-b04"/>
    <property name="java.net.preferIPv4Stack" value="true"/>
    <property name="user.name" value="jenkins1000"/>
    <property name="path.separator" value=":"/>
    <property name="java.security.egd" value="file:///dev/urandom"/>
    <property name="os.version" value="3.10.0-957.12.2.el7.x86_64"/>
    <property name="java.endorsed.dirs" value="/usr/lib/jvm/java-1.8-openjdk/jre/lib/endorsed"/>
    <property name="java.runtime.name" value="OpenJDK Runtime Environment"/>
    <property name="file.encoding" value="UTF-8"/>
    <property name="java.vm.name" value="OpenJDK 64-Bit Server VM"/>
    <property name="test.build.webapps" value=""/>
    <property name="localRepository" value="/home/user/.m2/repository"/>
    <property name="java.vendor.url.bug" value="https://icedtea.classpath.org/bugzilla"/>
    <property name="java.io.tmpdir" value="/tmp"/>
    <property name="require.test.libhadoop" value=""/>
    <property name="java.version" value="1.8.0_212"/>
    <property name="user.dir" value="/workdir/hadoop-ozone/tools"/>
    <property name="os.arch" value="amd64"/>
    <property name="java.vm.specification.name" value="Java Virtual Machine Specification"/>
    <property name="test.build.classes" value="/workdir/hadoop-ozone/tools/target/test-classes"/>
    <property name="java.awt.printerjob" value="sun.print.PSPrinterJob"/>
    <property name="sun.os.patch.level" value="unknown"/>
    <property name="hadoop.tmp.dir" value="/workdir/hadoop-ozone/tools/target/tmp"/>
    <property name="java.library.path" value="/usr/lib/jvm/java-1.8-openjdk/jre/lib/amd64/server:/usr/lib/jvm/java-1.8-openjdk/jre/lib/amd64:/usr/lib/jvm/java-1.8-openjdk/jre/../lib/amd64:/workdir/hadoop-ozone/tools/target/native/target/usr/local/lib:/workdir/hadoop-ozone/tools/../../hadoop-common-project/hadoop-common/target/native/target/usr/local/lib:/usr/java/packages/lib/amd64:/usr/lib64:/lib64:/lib:/usr/lib"/>
    <property name="java.vm.info" value="mixed mode"/>
    <property name="java.vendor" value="IcedTea"/>
    <property name="java.vm.version" value="25.212-b04"/>
    <property name="java.ext.dirs" value="/usr/lib/jvm/java-1.8-openjdk/jre/lib/ext:/usr/java/packages/lib/ext"/>
    <property name="sun.io.unicode.encoding" value="UnicodeLittle"/>
    <property name="java.class.version" value="52.0"/>
  </properties>
  <testcase name="ratisTest3" classname="org.apache.hadoop.ozone.freon.TestRandomKeyGenerator" time="10.359"/>
  <testcase name="testThreadPoolSize" classname="org.apache.hadoop.ozone.freon.TestRandomKeyGenerator" time="5.035"/>
  <testcase name="defaultTest" classname="org.apache.hadoop.ozone.freon.TestRandomKeyGenerator" time="5.037"/>
  <testcase name="bigFileThan2GB" classname="org.apache.hadoop.ozone.freon.TestRandomKeyGenerator" time="73.244">
    <error message="java.lang.NullPointerException&#10;	at org.apache.hadoop.ipc.RpcWritable.wrap(RpcWritable.java:48)&#10;	at org.apache.hadoop.ipc.ProtobufRpcEngine$Server$ProtoBufRpcInvoker.call(ProtobufRpcEngine.java:558)&#10;	at org.apache.hadoop.ipc.RPC$Server.call(RPC.java:1025)&#10;	at org.apache.hadoop.ipc.Server$RpcCall.run(Server.java:876)&#10;	at org.apache.hadoop.ipc.Server$RpcCall.run(Server.java:822)&#10;	at java.security.AccessController.doPrivileged(Native Method)&#10;	at javax.security.auth.Subject.doAs(Subject.java:422)&#10;	at org.apache.hadoop.security.UserGroupInformation.doAs(UserGroupInformation.java:1730)&#10;	at org.apache.hadoop.ipc.Server$Handler.run(Server.java:2682)&#10;" type="org.apache.hadoop.ipc.RemoteException(java.lang.NullPointerException)">org.apache.hadoop.ipc.RemoteException(java.lang.NullPointerException): java.lang.NullPointerException
	at org.apache.hadoop.ipc.RpcWritable.wrap(RpcWritable.java:48)
	at org.apache.hadoop.ipc.ProtobufRpcEngine$Server$ProtoBufRpcInvoker.call(ProtobufRpcEngine.java:558)
	at org.apache.hadoop.ipc.RPC$Server.call(RPC.java:1025)
	at org.apache.hadoop.ipc.Server$RpcCall.run(Server.java:876)
	at org.apache.hadoop.ipc.Server$RpcCall.run(Server.java:822)
	at java.security.AccessController.doPrivileged(Native Method)
	at javax.security.auth.Subject.doAs(Subject.java:422)
	at org.apache.hadoop.security.UserGroupInformation.doAs(UserGroupInformation.java:1730)
	at org.apache.hadoop.ipc.Server$Handler.run(Server.java:2682)

	at org.apache.hadoop.ipc.Client.getRpcResponse(Client.java:1511)
	at org.apache.hadoop.ipc.Client.call(Client.java:1457)
	at org.apache.hadoop.ipc.Client.call(Client.java:1367)
	at org.apache.hadoop.ipc.ProtobufRpcEngine$Invoker.invoke(ProtobufRpcEngine.java:228)
	at org.apache.hadoop.ipc.ProtobufRpcEngine$Invoker.invoke(ProtobufRpcEngine.java:116)
	at com.sun.proxy.$Proxy45.submitRequest(Unknown Source)
	at sun.reflect.GeneratedMethodAccessor29.invoke(Unknown Source)
	at sun.reflect.DelegatingMethodAccessorImpl.invoke(DelegatingMethodAccessorImpl.java:43)
	at java.lang.reflect.Method.invoke(Method.java:498)
	at org.apache.hadoop.io.retry.RetryInvocationHandler.invokeMethod(RetryInvocationHandler.java:422)
	at org.apache.hadoop.io.retry.RetryInvocationHandler$Call.invokeMethod(RetryInvocationHandler.java:165)
	at org.apache.hadoop.io.retry.RetryInvocationHandler$Call.invoke(RetryInvocationHandler.java:157)
	at org.apache.hadoop.io.retry.RetryInvocationHandler$Call.invokeOnce(RetryInvocationHandler.java:95)
	at org.apache.hadoop.io.retry.RetryInvocationHandler.invoke(RetryInvocationHandler.java:359)
	at com.sun.proxy.$Proxy45.submitRequest(Unknown Source)
	at sun.reflect.GeneratedMethodAccessor32.invoke(Unknown Source)
	at sun.reflect.DelegatingMethodAccessorImpl.invoke(DelegatingMethodAccessorImpl.java:43)
	at java.lang.reflect.Method.invoke(Method.java:498)
	at org.apache.hadoop.hdds.tracing.TraceAllMethod.invoke(TraceAllMethod.java:66)
	at com.sun.proxy.$Proxy45.submitRequest(Unknown Source)
	at org.apache.hadoop.ozone.om.protocolPB.OzoneManagerProtocolClientSideTranslatorPB.submitRequest(OzoneManagerProtocolClientSideTranslatorPB.java:331)
	at org.apache.hadoop.ozone.om.protocolPB.OzoneManagerProtocolClientSideTranslatorPB.allocateBlock(OzoneManagerProtocolClientSideTranslatorPB.java:757)
	at org.apache.hadoop.ozone.client.io.BlockOutputStreamEntryPool.allocateNewBlock(BlockOutputStreamEntryPool.java:248)
	at org.apache.hadoop.ozone.client.io.BlockOutputStreamEntryPool.allocateBlockIfNeeded(BlockOutputStreamEntryPool.java:296)
	at org.apache.hadoop.ozone.client.io.KeyOutputStream.handleWrite(KeyOutputStream.java:201)
	at org.apache.hadoop.ozone.client.io.KeyOutputStream.write(KeyOutputStream.java:193)
	at org.apache.hadoop.ozone.client.io.OzoneOutputStream.write(OzoneOutputStream.java:49)
	at org.apache.hadoop.ozone.freon.RandomKeyGenerator.createKey(RandomKeyGenerator.java:699)
	at org.apache.hadoop.ozone.freon.RandomKeyGenerator.access$1100(RandomKeyGenerator.java:87)
	at org.apache.hadoop.ozone.freon.RandomKeyGenerator$ObjectCreator.run(RandomKeyGenerator.java:606)
	at java.util.concurrent.Executors$RunnableAdapter.call(Executors.java:511)
	at java.util.concurrent.FutureTask.run(FutureTask.java:266)
	at java.util.concurrent.ThreadPoolExecutor.runWorker(ThreadPoolExecutor.java:1149)
	at java.util.concurrent.ThreadPoolExecutor$Worker.run(ThreadPoolExecutor.java:624)
	at java.lang.Thread.run(Thread.java:748)
</error>
    <system-out><![CDATA[2019-08-23 02:47:50,166 | INFO  | SCMAudit | user=jenkins1000 | ip=192.168.34.22 | op=SEND_HEARTBEAT {datanodeUUID=4eaaa090-573e-41d3-9f8c-c99e236d806a, command=[]} | ret=SUCCESS |  
2019-08-23 02:47:50,166 | INFO  | SCMAudit | user=jenkins1000 | ip=192.168.34.22 | op=SEND_HEARTBEAT {datanodeUUID=5f4cf9ee-4bed-49de-adaa-861aec894328, command=[]} | ret=SUCCESS |  
2019-08-23 02:47:50,170 | INFO  | SCMAudit | user=jenkins1000 | ip=192.168.34.22 | op=SEND_HEARTBEAT {datanodeUUID=17750241-545b-4219-93a1-14a6ea3d85be, command=[]} | ret=SUCCESS |  
2019-08-23 02:47:50,708 | INFO  | SCMAudit | user=jenkins1000 | ip=192.168.34.22 | op=SEND_HEARTBEAT {datanodeUUID=66ab6a68-e61f-4535-ab2f-12fe560929ed, command=[]} | ret=SUCCESS |  
2019-08-23 02:47:50,791 | INFO  | SCMAudit | user=jenkins1000 | ip=192.168.34.22 | op=SEND_HEARTBEAT {datanodeUUID=0cedf437-a8af-4d70-bac5-ea9863093e86, command=[]} | ret=SUCCESS |  
2019-08-23 02:47:51,167 | INFO  | SCMAudit | user=jenkins1000 | ip=192.168.34.22 | op=SEND_HEARTBEAT {datanodeUUID=5f4cf9ee-4bed-49de-adaa-861aec894328, command=[]} | ret=SUCCESS |  
2019-08-23 02:47:51,167 | INFO  | SCMAudit | user=jenkins1000 | ip=192.168.34.22 | op=SEND_HEARTBEAT {datanodeUUID=4eaaa090-573e-41d3-9f8c-c99e236d806a, command=[]} | ret=SUCCESS |  
2019-08-23 02:47:51,171 | INFO  | SCMAudit | user=jenkins1000 | ip=192.168.34.22 | op=SEND_HEARTBEAT {datanodeUUID=17750241-545b-4219-93a1-14a6ea3d85be, command=[]} | ret=SUCCESS |  
2019-08-23 02:47:51,707 | INFO  | SCMAudit | user=jenkins1000 | ip=192.168.34.22 | op=SEND_HEARTBEAT {datanodeUUID=66ab6a68-e61f-4535-ab2f-12fe560929ed, command=[]} | ret=SUCCESS |  
2019-08-23 02:47:51,792 | INFO  | SCMAudit | user=jenkins1000 | ip=192.168.34.22 | op=SEND_HEARTBEAT {datanodeUUID=0cedf437-a8af-4d70-bac5-ea9863093e86, command=[]} | ret=SUCCESS |  
2019-08-23 02:47:52,167 | INFO  | SCMAudit | user=jenkins1000 | ip=192.168.34.22 | op=SEND_HEARTBEAT {datanodeUUID=5f4cf9ee-4bed-49de-adaa-861aec894328, command=[]} | ret=SUCCESS |  
2019-08-23 02:47:52,167 | INFO  | SCMAudit | user=jenkins1000 | ip=192.168.34.22 | op=SEND_HEARTBEAT {datanodeUUID=4eaaa090-573e-41d3-9f8c-c99e236d806a, command=[]} | ret=SUCCESS |  
2019-08-23 02:47:52,171 | INFO  | SCMAudit | user=jenkins1000 | ip=192.168.34.22 | op=SEND_HEARTBEAT {datanodeUUID=17750241-545b-4219-93a1-14a6ea3d85be, command=[]} | ret=SUCCESS |  
2019-08-23 02:47:52,708 | INFO  | SCMAudit | user=jenkins1000 | ip=192.168.34.22 | op=SEND_HEARTBEAT {datanodeUUID=66ab6a68-e61f-4535-ab2f-12fe560929ed, command=[]} | ret=SUCCESS |  
2019-08-23 02:47:52,792 | INFO  | SCMAudit | user=jenkins1000 | ip=192.168.34.22 | op=SEND_HEARTBEAT {datanodeUUID=0cedf437-a8af-4d70-bac5-ea9863093e86, command=[]} | ret=SUCCESS |  
2019-08-23 02:47:53,167 | INFO  | SCMAudit | user=jenkins1000 | ip=192.168.34.22 | op=SEND_HEARTBEAT {datanodeUUID=4eaaa090-573e-41d3-9f8c-c99e236d806a, command=[]} | ret=SUCCESS |  
2019-08-23 02:47:53,167 | INFO  | SCMAudit | user=jenkins1000 | ip=192.168.34.22 | op=SEND_HEARTBEAT {datanodeUUID=5f4cf9ee-4bed-49de-adaa-861aec894328, command=[]} | ret=SUCCESS |  
2019-08-23 02:47:53,172 | INFO  | SCMAudit | user=jenkins1000 | ip=192.168.34.22 | op=SEND_HEARTBEAT {datanodeUUID=17750241-545b-4219-93a1-14a6ea3d85be, command=[]} | ret=SUCCESS |  
2019-08-23 02:47:53,709 | INFO  | SCMAudit | user=jenkins1000 | ip=192.168.34.22 | op=SEND_HEARTBEAT {datanodeUUID=66ab6a68-e61f-4535-ab2f-12fe560929ed, command=[]} | ret=SUCCESS |  
2019-08-23 02:47:53,791 | INFO  | SCMAudit | user=jenkins1000 | ip=192.168.34.22 | op=SEND_HEARTBEAT {datanodeUUID=0cedf437-a8af-4d70-bac5-ea9863093e86, command=[]} | ret=SUCCESS |  
2019-08-23 02:47:54,167 | INFO  | SCMAudit | user=jenkins1000 | ip=192.168.34.22 | op=SEND_HEARTBEAT {datanodeUUID=4eaaa090-573e-41d3-9f8c-c99e236d806a, command=[]} | ret=SUCCESS |  
2019-08-23 02:47:54,167 | INFO  | SCMAudit | user=jenkins1000 | ip=192.168.34.22 | op=SEND_HEARTBEAT {datanodeUUID=5f4cf9ee-4bed-49de-adaa-861aec894328, command=[]} | ret=SUCCESS |  
2019-08-23 02:47:54,172 | INFO  | SCMAudit | user=jenkins1000 | ip=192.168.34.22 | op=SEND_HEARTBEAT {datanodeUUID=17750241-545b-4219-93a1-14a6ea3d85be, command=[]} | ret=SUCCESS |  
2019-08-23 02:47:54,709 | INFO  | SCMAudit | user=jenkins1000 | ip=192.168.34.22 | op=SEND_HEARTBEAT {datanodeUUID=66ab6a68-e61f-4535-ab2f-12fe560929ed, command=[]} | ret=SUCCESS |  
2019-08-23 02:47:54,792 | INFO  | SCMAudit | user=jenkins1000 | ip=192.168.34.22 | op=SEND_HEARTBEAT {datanodeUUID=0cedf437-a8af-4d70-bac5-ea9863093e86, command=[]} | ret=SUCCESS |  
2019-08-23 02:47:55,167 | INFO  | SCMAudit | user=jenkins1000 | ip=192.168.34.22 | op=SEND_HEARTBEAT {datanodeUUID=5f4cf9ee-4bed-49de-adaa-861aec894328, command=[]} | ret=SUCCESS |  
2019-08-23 02:47:55,167 | INFO  | SCMAudit | user=jenkins1000 | ip=192.168.34.22 | op=SEND_HEARTBEAT {datanodeUUID=4eaaa090-573e-41d3-9f8c-c99e236d806a, command=[]} | ret=SUCCESS |  
2019-08-23 02:47:55,172 | INFO  | SCMAudit | user=jenkins1000 | ip=192.168.34.22 | op=SEND_HEARTBEAT {datanodeUUID=17750241-545b-4219-93a1-14a6ea3d85be, command=[]} | ret=SUCCESS |  
2019-08-23 02:47:55,710 | INFO  | SCMAudit | user=jenkins1000 | ip=192.168.34.22 | op=SEND_HEARTBEAT {datanodeUUID=66ab6a68-e61f-4535-ab2f-12fe560929ed, command=[]} | ret=SUCCESS |  
2019-08-23 02:47:55,792 | INFO  | SCMAudit | user=jenkins1000 | ip=192.168.34.22 | op=SEND_HEARTBEAT {datanodeUUID=0cedf437-a8af-4d70-bac5-ea9863093e86, command=[]} | ret=SUCCESS |  
2019-08-23 02:47:56,168 | INFO  | SCMAudit | user=jenkins1000 | ip=192.168.34.22 | op=SEND_HEARTBEAT {datanodeUUID=5f4cf9ee-4bed-49de-adaa-861aec894328, command=[]} | ret=SUCCESS |  
2019-08-23 02:47:56,168 | INFO  | SCMAudit | user=jenkins1000 | ip=192.168.34.22 | op=SEND_HEARTBEAT {datanodeUUID=4eaaa090-573e-41d3-9f8c-c99e236d806a, command=[]} | ret=SUCCESS |  
2019-08-23 02:47:56,173 | INFO  | SCMAudit | user=jenkins1000 | ip=192.168.34.22 | op=SEND_HEARTBEAT {datanodeUUID=17750241-545b-4219-93a1-14a6ea3d85be, command=[]} | ret=SUCCESS |  
2019-08-23 02:47:56,713 | INFO  | SCMAudit | user=jenkins1000 | ip=192.168.34.22 | op=SEND_HEARTBEAT {datanodeUUID=66ab6a68-e61f-4535-ab2f-12fe560929ed, command=[]} | ret=SUCCESS |  
2019-08-23 02:47:56,792 | INFO  | SCMAudit | user=jenkins1000 | ip=192.168.34.22 | op=SEND_HEARTBEAT {datanodeUUID=0cedf437-a8af-4d70-bac5-ea9863093e86, command=[]} | ret=SUCCESS |  
2019-08-23 02:47:57,167 | INFO  | SCMAudit | user=jenkins1000 | ip=192.168.34.22 | op=SEND_HEARTBEAT {datanodeUUID=5f4cf9ee-4bed-49de-adaa-861aec894328, command=[]} | ret=SUCCESS |  
2019-08-23 02:47:57,167 | INFO  | SCMAudit | user=jenkins1000 | ip=192.168.34.22 | op=SEND_HEARTBEAT {datanodeUUID=4eaaa090-573e-41d3-9f8c-c99e236d806a, command=[]} | ret=SUCCESS |  
2019-08-23 02:47:57,172 | INFO  | SCMAudit | user=jenkins1000 | ip=192.168.34.22 | op=SEND_HEARTBEAT {datanodeUUID=17750241-545b-4219-93a1-14a6ea3d85be, command=[]} | ret=SUCCESS |  
2019-08-23 02:47:57,543 [main] INFO  freon.RandomKeyGenerator (RandomKeyGenerator.java:call(275)) - Number of Threads: 1
2019-08-23 02:47:57,544 [main] INFO  freon.RandomKeyGenerator (RandomKeyGenerator.java:call(280)) - Number of Volumes: 1.
2019-08-23 02:47:57,544 [main] INFO  freon.RandomKeyGenerator (RandomKeyGenerator.java:call(281)) - Number of Buckets per Volume: 1.
2019-08-23 02:47:57,544 [main] INFO  freon.RandomKeyGenerator (RandomKeyGenerator.java:call(282)) - Number of Keys per Bucket: 1.
2019-08-23 02:47:57,544 [main] INFO  freon.RandomKeyGenerator (RandomKeyGenerator.java:call(283)) - Key size: 2147483657 bytes
2019-08-23 02:47:57,545 [main] INFO  freon.RandomKeyGenerator (RandomKeyGenerator.java:call(284)) - Buffer size: 4096 bytes
2019-08-23 02:47:57,546 [main] INFO  freon.RandomKeyGenerator (RandomKeyGenerator.java:call(298)) - Data validation is enabled.
2019-08-23 02:47:57,547 [main] INFO  freon.RandomKeyGenerator (RandomKeyGenerator.java:call(304)) - Starting progress bar Thread.

 0.00% |█                                                                                                    |  0/1 Time: 0:00:002019-08-23 02:47:57,549 [pool-282-thread-1] INFO  rpc.RpcClient (RpcClient.java:createVolume(293)) - Creating Volume: vol-0-78052, with jenkins1000 as owner.
2019-08-23 02:47:57,561 | INFO  | OMAudit | user=jenkins1000 | ip=127.0.0.1 | op=CREATE_VOLUME {admin=jenkins1000, owner=jenkins1000, volume=vol-0-78052, creationTime=1566528477557, quotaInBytes=1152921504606846976} | ret=SUCCESS |  
2019-08-23 02:47:57,564 | INFO  | OMAudit | user=jenkins1000 | ip=127.0.0.1 | op=READ_VOLUME {volume=vol-0-78052} | ret=SUCCESS |  
2019-08-23 02:47:57,566 [pool-282-thread-1] INFO  rpc.RpcClient (RpcClient.java:createBucket(432)) - Creating Bucket: vol-0-78052/bucket-0-33874, with Versioning false and Storage Type set to DISK and Encryption set to false 
2019-08-23 02:47:57,568 | INFO  | OMAudit | user=jenkins1000 | ip=127.0.0.1 | op=CREATE_BUCKET {volume=vol-0-78052, bucket=bucket-0-33874, acls=[user:jenkins1000:a[ACCESS], group:default:a[ACCESS]], isVersionEnabled=false, storageType=DISK, creationTime=1566528477567} | ret=SUCCESS |  
2019-08-23 02:47:57,570 | INFO  | OMAudit | user=jenkins1000 | ip=127.0.0.1 | op=READ_BUCKET {volume=vol-0-78052, bucket=bucket-0-33874} | ret=SUCCESS |  
2019-08-23 02:47:57,591 | INFO  | SCMAudit | user=jenkins1000 | ip=192.168.34.22 | op=ALLOCATE_BLOCK {owner=31d65bc3-3f70-45f5-bbc5-e3a15f967ba6, size=4194304, type=RATIS, factor=THREE} | ret=SUCCESS |  
2019-08-23 02:47:57,645 | INFO  | OMAudit | user=jenkins1000 | ip=127.0.0.1 | op=ALLOCATE_KEY {volume=vol-0-78052, bucket=bucket-0-33874, key=key-0-20719, dataSize=2147483657, replicationType=RATIS, replicationFactor=THREE, keyLocationInfo=[blockID {
  containerBlockID {
    containerID: 2
    localID: 102664010306748818
  }
  blockCommitSequenceId: 0
}
offset: 0
length: 4194304
createVersion: 0
pipeline {
  leaderID: ""
  members {
    uuid: "5f4cf9ee-4bed-49de-adaa-861aec894328"
    ipAddress: "192.168.34.22"
    hostName: "pr-hdds-1909-sn94l-363750510"
    ports {
      name: "REST"
      value: 40221
    }
    ports {
      name: "RATIS"
      value: 40870
    }
    ports {
      name: "STANDALONE"
      value: 46302
    }
    networkName: "5f4cf9ee-4bed-49de-adaa-861aec894328"
    networkLocation: "/default-rack"
  }
  members {
    uuid: "4eaaa090-573e-41d3-9f8c-c99e236d806a"
    ipAddress: "192.168.34.22"
    hostName: "pr-hdds-1909-sn94l-363750510"
    ports {
      name: "REST"
      value: 38410
    }
    ports {
      name: "RATIS"
      value: 33679
    }
    ports {
      name: "STANDALONE"
      value: 34048
    }
    networkName: "4eaaa090-573e-41d3-9f8c-c99e236d806a"
    networkLocation: "/default-rack"
  }
  members {
    uuid: "17750241-545b-4219-93a1-14a6ea3d85be"
    ipAddress: "192.168.34.22"
    hostName: "pr-hdds-1909-sn94l-363750510"
    ports {
      name: "REST"
      value: 41222
    }
    ports {
      name: "RATIS"
      value: 45138
    }
    ports {
      name: "STANDALONE"
      value: 33969
    }
    networkName: "17750241-545b-4219-93a1-14a6ea3d85be"
    networkLocation: "/default-rack"
  }
  state: PIPELINE_OPEN
  type: RATIS
  factor: THREE
  id {
    id: "a135c30c-6a7e-4f13-9664-c33fbd9556f2"
  }
}
, blockID {
  containerBlockID {
    containerID: 3
    localID: 102664010306748819
  }
  blockCommitSequenceId: 0
}
offset: 0
length: 4194304
createVersion: 0
pipeline {
  leaderID: ""
  members {
    uuid: "5f4cf9ee-4bed-49de-adaa-861aec894328"
    ipAddress: "192.168.34.22"
    hostName: "pr-hdds-1909-sn94l-363750510"
    ports {
      name: "REST"
      value: 40221
    }
    ports {
      name: "RATIS"
      value: 40870
    }
    ports {
      name: "STANDALONE"
      value: 46302
    }
    networkName: "5f4cf9ee-4bed-49de-adaa-861aec894328"
    networkLocation: "/default-rack"
  }
  members {
    uuid: "4eaaa090-573e-41d3-9f8c-c99e236d806a"
    ipAddress: "192.168.34.22"
    hostName: "pr-hdds-1909-sn94l-363750510"
    ports {
      name: "REST"
      value: 38410
    }
    ports {
      name: "RATIS"
      value: 33679
    }
    ports {
      name: "STANDALONE"
      value: 34048
    }
    networkName: "4eaaa090-573e-41d3-9f8c-c99e236d806a"
    networkLocation: "/default-rack"
  }
  members {
    uuid: "17750241-545b-4219-93a1-14a6ea3d85be"
    ipAddress: "192.168.34.22"
    hostName: "pr-hdds-1909-sn94l-363750510"
    ports {
      name: "REST"
      value: 41222
    }
    ports {
      name: "RATIS"
      value: 45138
    }
    ports {
      name: "STANDALONE"
      value: 33969
    }
    networkName: "17750241-545b-4219-93a1-14a6ea3d85be"
    networkLocation: "/default-rack"
  }
  state: PIPELINE_OPEN
  type: RATIS
  factor: THREE
  id {
    id: "a135c30c-6a7e-4f13-9664-c33fbd9556f2"
  }
}
, blockID {
  containerBlockID {
    containerID: 1
    localID: 102664010306748820
  }
  blockCommitSequenceId: 0
}
offset: 0
length: 4194304
createVersion: 0
pipeline {
  leaderID: ""
  members {
    uuid: "5f4cf9ee-4bed-49de-adaa-861aec894328"
    ipAddress: "192.168.34.22"
    hostName: "pr-hdds-1909-sn94l-363750510"
    ports {
      name: "REST"
      value: 40221
    }
    ports {
      name: "RATIS"
      value: 40870
    }
    ports {
      name: "STANDALONE"
      value: 46302
    }
    networkName: "5f4cf9ee-4bed-49de-adaa-861aec894328"
    networkLocation: "/default-rack"
  }
  members {
    uuid: "4eaaa090-573e-41d3-9f8c-c99e236d806a"
    ipAddress: "192.168.34.22"
    hostName: "pr-hdds-1909-sn94l-363750510"
    ports {
      name: "REST"
      value: 38410
    }
    ports {
      name: "RATIS"
      value: 33679
    }
    ports {
      name: "STANDALONE"
      value: 34048
    }
    networkName: "4eaaa090-573e-41d3-9f8c-c99e236d806a"
    networkLocation: "/default-rack"
  }
  members {
    uuid: "17750241-545b-4219-93a1-14a6ea3d85be"
    ipAddress: "192.168.34.22"
    hostName: "pr-hdds-1909-sn94l-363750510"
    ports {
      name: "REST"
      value: 41222
    }
    ports {
      name: "RATIS"
      value: 45138
    }
    ports {
      name: "STANDALONE"
      value: 33969
    }
    networkName: "17750241-545b-4219-93a1-14a6ea3d85be"
    networkLocation: "/default-rack"
  }
  state: PIPELINE_OPEN
  type: RATIS
  factor: THREE
  id {
    id: "a135c30c-6a7e-4f13-9664-c33fbd9556f2"
  }
}
, blockID {
  containerBlockID {
    containerID: 2
    localID: 102664010306814357
  }
  blockCommitSequenceId: 0
}
offset: 0
length: 4194304
createVersion: 0
pipeline {
  leaderID: ""
  members {
    uuid: "5f4cf9ee-4bed-49de-adaa-861aec894328"
    ipAddress: "192.168.34.22"
    hostName: "pr-hdds-1909-sn94l-363750510"
    ports {
      name: "REST"
      value: 40221
    }
    ports {
      name: "RATIS"
      value: 40870
    }
    ports {
      name: "STANDALONE"
      value: 46302
    }
    networkName: "5f4cf9ee-4bed-49de-adaa-861aec894328"
    networkLocation: "/default-rack"
  }
  members {
    uuid: "4eaaa090-573e-41d3-9f8c-c99e236d806a"
    ipAddress: "192.168.34.22"
    hostName: "pr-hdds-1909-sn94l-363750510"
    ports {
      name: "REST"
      value: 38410
    }
    ports {
      name: "RATIS"
      value: 33679
    }
    ports {
      name: "STANDALONE"
      value: 34048
    }
    networkName: "4eaaa090-573e-41d3-9f8c-c99e236d806a"
    networkLocation: "/default-rack"
  }
  members {
    uuid: "17750241-545b-4219-93a1-14a6ea3d85be"
    ipAddress: "192.168.34.22"
    hostName: "pr-hdds-1909-sn94l-363750510"
    ports {
      name: "REST"
      value: 41222
    }
    ports {
      name: "RATIS"
      value: 45138
    }
    ports {
      name: "STANDALONE"
      value: 33969
    }
    networkName: "17750241-545b-4219-93a1-14a6ea3d85be"
    networkLocation: "/default-rack"
  }
  state: PIPELINE_OPEN
  type: RATIS
  factor: THREE
  id {
    id: "a135c30c-6a7e-4f13-9664-c33fbd9556f2"
  }
}
, blockID {
  containerBlockID {
    containerID: 3
    localID: 102664010306814358
  }
  blockCommitSequenceId: 0
}
offset: 0
length: 4194304
createVersion: 0
pipeline {
  leaderID: ""
  members {
    uuid: "5f4cf9ee-4bed-49de-adaa-861aec894328"
    ipAddress: "192.168.34.22"
    hostName: "pr-hdds-1909-sn94l-363750510"
    ports {
      name: "REST"
      value: 40221
    }
    ports {
      name: "RATIS"
      value: 40870
    }
    ports {
      name: "STANDALONE"
      value: 46302
    }
    networkName: "5f4cf9ee-4bed-49de-adaa-861aec894328"
    networkLocation: "/default-rack"
  }
  members {
    uuid: "4eaaa090-573e-41d3-9f8c-c99e236d806a"
    ipAddress: "192.168.34.22"
    hostName: "pr-hdds-1909-sn94l-363750510"
    ports {
      name: "REST"
      value: 38410
    }
    ports {
      name: "RATIS"
      value: 33679
    }
    ports {
      name: "STANDALONE"
      value: 34048
    }
    networkName: "4eaaa090-573e-41d3-9f8c-c99e236d806a"
    networkLocation: "/default-rack"
  }
  members {
    uuid: "17750241-545b-4219-93a1-14a6ea3d85be"
    ipAddress: "192.168.34.22"
    hostName: "pr-hdds-1909-sn94l-363750510"
    ports {
      name: "REST"
      value: 41222
    }
    ports {
      name: "RATIS"
      value: 45138
    }
    ports {
      name: "STANDALONE"
      value: 33969
    }
    networkName: "17750241-545b-4219-93a1-14a6ea3d85be"
    networkLocation: "/default-rack"
  }
  state: PIPELINE_OPEN
  type: RATIS
  factor: THREE
  id {
    id: "a135c30c-6a7e-4f13-9664-c33fbd9556f2"
  }
}
, blockID {
  containerBlockID {
    containerID: 1
    localID: 102664010306814359
  }
  blockCommitSequenceId: 0
}
offset: 0
length: 4194304
createVersion: 0
pipeline {
  leaderID: ""
  members {
    uuid: "5f4cf9ee-4bed-49de-adaa-861aec894328"
    ipAddress: "192.168.34.22"
    hostName: "pr-hdds-1909-sn94l-363750510"
    ports {
      name: "REST"
      value: 40221
    }
    ports {
      name: "RATIS"
      value: 40870
    }
    ports {
      name: "STANDALONE"
      value: 46302
    }
    networkName: "5f4cf9ee-4bed-49de-adaa-861aec894328"
    networkLocation: "/default-rack"
  }
  members {
    uuid: "4eaaa090-573e-41d3-9f8c-c99e236d806a"
    ipAddress: "192.168.34.22"
    hostName: "pr-hdds-1909-sn94l-363750510"
    ports {
      name: "REST"
      value: 38410
    }
    ports {
      name: "RATIS"
      value: 33679
    }
    ports {
      name: "STANDALONE"
      value: 34048
    }
    networkName: "4eaaa090-573e-41d3-9f8c-c99e236d806a"
    networkLocation: "/default-rack"
  }
  members {
    uuid: "17750241-545b-4219-93a1-14a6ea3d85be"
    ipAddress: "192.168.34.22"
    hostName: "pr-hdds-1909-sn94l-363750510"
    ports {
      name: "REST"
      value: 41222
    }
    ports {
      name: "RATIS"
      value: 45138
    }
    ports {
      name: "STANDALONE"
      value: 33969
    }
    networkName: "17750241-545b-4219-93a1-14a6ea3d85be"
    networkLocation: "/default-rack"
  }
  state: PIPELINE_OPEN
  type: RATIS
  factor: THREE
  id {
    id: "a135c30c-6a7e-4f13-9664-c33fbd9556f2"
  }
}
, blockID {
  containerBlockID {
    containerID: 2
    localID: 102664010306814360
  }
  blockCommitSequenceId: 0
}
offset: 0
length: 4194304
createVersion: 0
pipeline {
  leaderID: ""
  members {
    uuid: "5f4cf9ee-4bed-49de-adaa-861aec894328"
    ipAddress: "192.168.34.22"
    hostName: "pr-hdds-1909-sn94l-363750510"
    ports {
      name: "REST"
      value: 40221
    }
    ports {
      name: "RATIS"
      value: 40870
    }
    ports {
      name: "STANDALONE"
      value: 46302
    }
    networkName: "5f4cf9ee-4bed-49de-adaa-861aec894328"
    networkLocation: "/default-rack"
  }
  members {
    uuid: "4eaaa090-573e-41d3-9f8c-c99e236d806a"
    ipAddress: "192.168.34.22"
    hostName: "pr-hdds-1909-sn94l-363750510"
    ports {
      name: "REST"
      value: 38410
    }
    ports {
      name: "RATIS"
      value: 33679
    }
    ports {
      name: "STANDALONE"
      value: 34048
    }
    networkName: "4eaaa090-573e-41d3-9f8c-c99e236d806a"
    networkLocation: "/default-rack"
  }
  members {
    uuid: "17750241-545b-4219-93a1-14a6ea3d85be"
    ipAddress: "192.168.34.22"
    hostName: "pr-hdds-1909-sn94l-363750510"
    ports {
      name: "REST"
      value: 41222
    }
    ports {
      name: "RATIS"
      value: 45138
    }
    ports {
      name: "STANDALONE"
      value: 33969
    }
    networkName: "17750241-545b-4219-93a1-14a6ea3d85be"
    networkLocation: "/default-rack"
  }
  state: PIPELINE_OPEN
  type: RATIS
  factor: THREE
  id {
    id: "a135c30c-6a7e-4f13-9664-c33fbd9556f2"
  }
}
, blockID {
  containerBlockID {
    containerID: 3
    localID: 102664010306814361
  }
  blockCommitSequenceId: 0
}
offset: 0
length: 4194304
createVersion: 0
pipeline {
  leaderID: ""
  members {
    uuid: "5f4cf9ee-4bed-49de-adaa-861aec894328"
    ipAddress: "192.168.34.22"
    hostName: "pr-hdds-1909-sn94l-363750510"
    ports {
      name: "REST"
      value: 40221
    }
    ports {
      name: "RATIS"
      value: 40870
    }
    ports {
      name: "STANDALONE"
      value: 46302
    }
    networkName: "5f4cf9ee-4bed-49de-adaa-861aec894328"
    networkLocation: "/default-rack"
  }
  members {
    uuid: "4eaaa090-573e-41d3-9f8c-c99e236d806a"
    ipAddress: "192.168.34.22"
    hostName: "pr-hdds-1909-sn94l-363750510"
    ports {
      name: "REST"
      value: 38410
    }
    ports {
      name: "RATIS"
      value: 33679
    }
    ports {
      name: "STANDALONE"
      value: 34048
    }
    networkName: "4eaaa090-573e-41d3-9f8c-c99e236d806a"
    networkLocation: "/default-rack"
  }
  members {
    uuid: "17750241-545b-4219-93a1-14a6ea3d85be"
    ipAddress: "192.168.34.22"
    hostName: "pr-hdds-1909-sn94l-363750510"
    ports {
      name: "REST"
      value: 41222
    }
    ports {
      name: "RATIS"
      value: 45138
    }
    ports {
      name: "STANDALONE"
      value: 33969
    }
    networkName: "17750241-545b-4219-93a1-14a6ea3d85be"
    networkLocation: "/default-rack"
  }
  state: PIPELINE_OPEN
  type: RATIS
  factor: THREE
  id {
    id: "a135c30c-6a7e-4f13-9664-c33fbd9556f2"
  }
}
, blockID {
  containerBlockID {
    containerID: 1
    localID: 102664010306814362
  }
  blockCommitSequenceId: 0
}
offset: 0
length: 4194304
createVersion: 0
pipeline {
  leaderID: ""
  members {
    uuid: "5f4cf9ee-4bed-49de-adaa-861aec894328"
    ipAddress: "192.168.34.22"
    hostName: "pr-hdds-1909-sn94l-363750510"
    ports {
      name: "REST"
      value: 40221
    }
    ports {
      name: "RATIS"
      value: 40870
    }
    ports {
      name: "STANDALONE"
      value: 46302
    }
    networkName: "5f4cf9ee-4bed-49de-adaa-861aec894328"
    networkLocation: "/default-rack"
  }
  members {
    uuid: "4eaaa090-573e-41d3-9f8c-c99e236d806a"
    ipAddress: "192.168.34.22"
    hostName: "pr-hdds-1909-sn94l-363750510"
    ports {
      name: "REST"
      value: 38410
    }
    ports {
      name: "RATIS"
      value: 33679
    }
    ports {
      name: "STANDALONE"
      value: 34048
    }
    networkName: "4eaaa090-573e-41d3-9f8c-c99e236d806a"
    networkLocation: "/default-rack"
  }
  members {
    uuid: "17750241-545b-4219-93a1-14a6ea3d85be"
    ipAddress: "192.168.34.22"
    hostName: "pr-hdds-1909-sn94l-363750510"
    ports {
      name: "REST"
      value: 41222
    }
    ports {
      name: "RATIS"
      value: 45138
    }
    ports {
      name: "STANDALONE"
      value: 33969
    }
    networkName: "17750241-545b-4219-93a1-14a6ea3d85be"
    networkLocation: "/default-rack"
  }
  state: PIPELINE_OPEN
  type: RATIS
  factor: THREE
  id {
    id: "a135c30c-6a7e-4f13-9664-c33fbd9556f2"
  }
}
, blockID {
  containerBlockID {
    containerID: 2
    localID: 102664010306879899
  }
  blockCommitSequenceId: 0
}
offset: 0
length: 4194304
createVersion: 0
pipeline {
  leaderID: ""
  members {
    uuid: "5f4cf9ee-4bed-49de-adaa-861aec894328"
    ipAddress: "192.168.34.22"
    hostName: "pr-hdds-1909-sn94l-363750510"
    ports {
      name: "REST"
      value: 40221
    }
    ports {
      name: "RATIS"
      value: 40870
    }
    ports {
      name: "STANDALONE"
      value: 46302
    }
    networkName: "5f4cf9ee-4bed-49de-adaa-861aec894328"
    networkLocation: "/default-rack"
  }
  members {
    uuid: "4eaaa090-573e-41d3-9f8c-c99e236d806a"
    ipAddress: "192.168.34.22"
    hostName: "pr-hdds-1909-sn94l-363750510"
    ports {
      name: "REST"
      value: 38410
    }
    ports {
      name: "RATIS"
      value: 33679
    }
    ports {
      name: "STANDALONE"
      value: 34048
    }
    networkName: "4eaaa090-573e-41d3-9f8c-c99e236d806a"
    networkLocation: "/default-rack"
  }
  members {
    uuid: "17750241-545b-4219-93a1-14a6ea3d85be"
    ipAddress: "192.168.34.22"
    hostName: "pr-hdds-1909-sn94l-363750510"
    ports {
      name: "REST"
      value: 41222
    }
    ports {
      name: "RATIS"
      value: 45138
    }
    ports {
      name: "STANDALONE"
      value: 33969
    }
    networkName: "17750241-545b-4219-93a1-14a6ea3d85be"
    networkLocation: "/default-rack"
  }
  state: PIPELINE_OPEN
  type: RATIS
  factor: THREE
  id {
    id: "a135c30c-6a7e-4f13-9664-c33fbd9556f2"
  }
}
, blockID {
  containerBlockID {
    containerID: 3
    localID: 102664010306879900
  }
  blockCommitSequenceId: 0
}
offset: 0
length: 4194304
createVersion: 0
pipeline {
  leaderID: ""
  members {
    uuid: "5f4cf9ee-4bed-49de-adaa-861aec894328"
    ipAddress: "192.168.34.22"
    hostName: "pr-hdds-1909-sn94l-363750510"
    ports {
      name: "REST"
      value: 40221
    }
    ports {
      name: "RATIS"
      value: 40870
    }
    ports {
      name: "STANDALONE"
      value: 46302
    }
    networkName: "5f4cf9ee-4bed-49de-adaa-861aec894328"
    networkLocation: "/default-rack"
  }
  members {
    uuid: "4eaaa090-573e-41d3-9f8c-c99e236d806a"
    ipAddress: "192.168.34.22"
    hostName: "pr-hdds-1909-sn94l-363750510"
    ports {
      name: "REST"
      value: 38410
    }
    ports {
      name: "RATIS"
      value: 33679
    }
    ports {
      name: "STANDALONE"
      value: 34048
    }
    networkName: "4eaaa090-573e-41d3-9f8c-c99e236d806a"
    networkLocation: "/default-rack"
  }
  members {
    uuid: "17750241-545b-4219-93a1-14a6ea3d85be"
    ipAddress: "192.168.34.22"
    hostName: "pr-hdds-1909-sn94l-363750510"
    ports {
      name: "REST"
      value: 41222
    }
    ports {
      name: "RATIS"
      value: 45138
    }
    ports {
      name: "STANDALONE"
      value: 33969
    }
    networkName: "17750241-545b-4219-93a1-14a6ea3d85be"
    networkLocation: "/default-rack"
  }
  state: PIPELINE_OPEN
  type: RATIS
  factor: THREE
  id {
    id: "a135c30c-6a7e-4f13-9664-c33fbd9556f2"
  }
}
, blockID {
  containerBlockID {
    containerID: 1
    localID: 102664010306879901
  }
  blockCommitSequenceId: 0
}
offset: 0
length: 4194304
createVersion: 0
pipeline {
  leaderID: ""
  members {
    uuid: "5f4cf9ee-4bed-49de-adaa-861aec894328"
    ipAddress: "192.168.34.22"
    hostName: "pr-hdds-1909-sn94l-363750510"
    ports {
      name: "REST"
      value: 40221
    }
    ports {
      name: "RATIS"
      value: 40870
    }
    ports {
      name: "STANDALONE"
      value: 46302
    }
    networkName: "5f4cf9ee-4bed-49de-adaa-861aec894328"
    networkLocation: "/default-rack"
  }
  members {
    uuid: "4eaaa090-573e-41d3-9f8c-c99e236d806a"
    ipAddress: "192.168.34.22"
    hostName: "pr-hdds-1909-sn94l-363750510"
    ports {
      name: "REST"
      value: 38410
    }
    ports {
      name: "RATIS"
      value: 33679
    }
    ports {
      name: "STANDALONE"
      value: 34048
    }
    networkName: "4eaaa090-573e-41d3-9f8c-c99e236d806a"
    networkLocation: "/default-rack"
  }
  members {
    uuid: "17750241-545b-4219-93a1-14a6ea3d85be"
    ipAddress: "192.168.34.22"
    hostName: "pr-hdds-1909-sn94l-363750510"
    ports {
      name: "REST"
      value: 41222
    }
    ports {
      name: "RATIS"
      value: 45138
    }
    ports {
      name: "STANDALONE"
      value: 33969
    }
    networkName: "17750241-545b-4219-93a1-14a6ea3d85be"
    networkLocation: "/default-rack"
  }
  state: PIPELINE_OPEN
  type: RATIS
  factor: THREE
  id {
    id: "a135c30c-6a7e-4f13-9664-c33fbd9556f2"
  }
}
, blockID {
  containerBlockID {
    containerID: 2
    localID: 102664010306879902
  }
  blockCommitSequenceId: 0
}
offset: 0
length: 4194304
createVersion: 0
pipeline {
  leaderID: ""
  members {
    uuid: "5f4cf9ee-4bed-49de-adaa-861aec894328"
    ipAddress: "192.168.34.22"
    hostName: "pr-hdds-1909-sn94l-363750510"
    ports {
      name: "REST"
      value: 40221
    }
    ports {
      name: "RATIS"
      value: 40870
    }
    ports {
      name: "STANDALONE"
      value: 46302
    }
    networkName: "5f4cf9ee-4bed-49de-adaa-861aec894328"
    networkLocation: "/default-rack"
  }
  members {
    uuid: "4eaaa090-573e-41d3-9f8c-c99e236d806a"
    ipAddress: "192.168.34.22"
    hostName: "pr-hdds-1909-sn94l-363750510"
    ports {
      name: "REST"
      value: 38410
    }
    ports {
      name: "RATIS"
      value: 33679
    }
    ports {
      name: "STANDALONE"
      value: 34048
    }
    networkName: "4eaaa090-573e-41d3-9f8c-c99e236d806a"
    networkLocation: "/default-rack"
  }
  members {
    uuid: "17750241-545b-4219-93a1-14a6ea3d85be"
    ipAddress: "192.168.34.22"
    hostName: "pr-hdds-1909-sn94l-363750510"
    ports {
      name: "REST"
      value: 41222
    }
    ports {
      name: "RATIS"
      value: 45138
    }
    ports {
      name: "STANDALONE"
      value: 33969
    }
    networkName: "17750241-545b-4219-93a1-14a6ea3d85be"
    networkLocation: "/default-rack"
  }
  state: PIPELINE_OPEN
  type: RATIS
  factor: THREE
  id {
    id: "a135c30c-6a7e-4f13-9664-c33fbd9556f2"
  }
}
, blockID {
  containerBlockID {
    containerID: 3
    localID: 102664010306879903
  }
  blockCommitSequenceId: 0
}
offset: 0
length: 4194304
createVersion: 0
pipeline {
  leaderID: ""
  members {
    uuid: "5f4cf9ee-4bed-49de-adaa-861aec894328"
    ipAddress: "192.168.34.22"
    hostName: "pr-hdds-1909-sn94l-363750510"
    ports {
      name: "REST"
      value: 40221
    }
    ports {
      name: "RATIS"
      value: 40870
    }
    ports {
      name: "STANDALONE"
      value: 46302
    }
    networkName: "5f4cf9ee-4bed-49de-adaa-861aec894328"
    networkLocation: "/default-rack"
  }
  members {
    uuid: "4eaaa090-573e-41d3-9f8c-c99e236d806a"
    ipAddress: "192.168.34.22"
    hostName: "pr-hdds-1909-sn94l-363750510"
    ports {
      name: "REST"
      value: 38410
    }
    ports {
      name: "RATIS"
      value: 33679
    }
    ports {
      name: "STANDALONE"
      value: 34048
    }
    networkName: "4eaaa090-573e-41d3-9f8c-c99e236d806a"
    networkLocation: "/default-rack"
  }
  members {
    uuid: "17750241-545b-4219-93a1-14a6ea3d85be"
    ipAddress: "192.168.34.22"
    hostName: "pr-hdds-1909-sn94l-363750510"
    ports {
      name: "REST"
      value: 41222
    }
    ports {
      name: "RATIS"
      value: 45138
    }
    ports {
      name: "STANDALONE"
      value: 33969
    }
    networkName: "17750241-545b-4219-93a1-14a6ea3d85be"
    networkLocation: "/default-rack"
  }
  state: PIPELINE_OPEN
  type: RATIS
  factor: THREE
  id {
    id: "a135c30c-6a7e-4f13-9664-c33fbd9556f2"
  }
}
, blockID {
  containerBlockID {
    containerID: 1
    localID: 102664010306879904
  }
  blockCommitSequenceId: 0
}
offset: 0
length: 4194304
createVersion: 0
pipeline {
  leaderID: ""
  members {
    uuid: "5f4cf9ee-4bed-49de-adaa-861aec894328"
    ipAddress: "192.168.34.22"
    hostName: "pr-hdds-1909-sn94l-363750510"
    ports {
      name: "REST"
      value: 40221
    }
    ports {
      name: "RATIS"
      value: 40870
    }
    ports {
      name: "STANDALONE"
      value: 46302
    }
    networkName: "5f4cf9ee-4bed-49de-adaa-861aec894328"
    networkLocation: "/default-rack"
  }
  members {
    uuid: "4eaaa090-573e-41d3-9f8c-c99e236d806a"
    ipAddress: "192.168.34.22"
    hostName: "pr-hdds-1909-sn94l-363750510"
    ports {
      name: "REST"
      value: 38410
    }
    ports {
      name: "RATIS"
      value: 33679
    }
    ports {
      name: "STANDALONE"
      value: 34048
    }
    networkName: "4eaaa090-573e-41d3-9f8c-c99e236d806a"
    networkLocation: "/default-rack"
  }
  members {
    uuid: "17750241-545b-4219-93a1-14a6ea3d85be"
    ipAddress: "192.168.34.22"
    hostName: "pr-hdds-1909-sn94l-363750510"
    ports {
      name: "REST"
      value: 41222
    }
    ports {
      name: "RATIS"
      value: 45138
    }
    ports {
      name: "STANDALONE"
      value: 33969
    }
    networkName: "17750241-545b-4219-93a1-14a6ea3d85be"
    networkLocation: "/default-rack"
  }
  state: PIPELINE_OPEN
  type: RATIS
  factor: THREE
  id {
    id: "a135c30c-6a7e-4f13-9664-c33fbd9556f2"
  }
}
, blockID {
  containerBlockID {
    containerID: 2
    localID: 102664010306945441
  }
  blockCommitSequenceId: 0
}
offset: 0
length: 4194304
createVersion: 0
pipeline {
  leaderID: ""
  members {
    uuid: "5f4cf9ee-4bed-49de-adaa-861aec894328"
    ipAddress: "192.168.34.22"
    hostName: "pr-hdds-1909-sn94l-363750510"
    ports {
      name: "REST"
      value: 40221
    }
    ports {
      name: "RATIS"
      value: 40870
    }
    ports {
      name: "STANDALONE"
      value: 46302
    }
    networkName: "5f4cf9ee-4bed-49de-adaa-861aec894328"
    networkLocation: "/default-rack"
  }
  members {
    uuid: "4eaaa090-573e-41d3-9f8c-c99e236d806a"
    ipAddress: "192.168.34.22"
    hostName: "pr-hdds-1909-sn94l-363750510"
    ports {
      name: "REST"
      value: 38410
    }
    ports {
      name: "RATIS"
      value: 33679
    }
    ports {
      name: "STANDALONE"
      value: 34048
    }
    networkName: "4eaaa090-573e-41d3-9f8c-c99e236d806a"
    networkLocation: "/default-rack"
  }
  members {
    uuid: "17750241-545b-4219-93a1-14a6ea3d85be"
    ipAddress: "192.168.34.22"
    hostName: "pr-hdds-1909-sn94l-363750510"
    ports {
      name: "REST"
      value: 41222
    }
    ports {
      name: "RATIS"
      value: 45138
    }
    ports {
      name: "STANDALONE"
      value: 33969
    }
    networkName: "17750241-545b-4219-93a1-14a6ea3d85be"
    networkLocation: "/default-rack"
  }
  state: PIPELINE_OPEN
  type: RATIS
  factor: THREE
  id {
    id: "a135c30c-6a7e-4f13-9664-c33fbd9556f2"
  }
}
, blockID {
  containerBlockID {
    containerID: 3
    localID: 102664010306945442
  }
  blockCommitSequenceId: 0
}
offset: 0
length: 4194304
createVersion: 0
pipeline {
  leaderID: ""
  members {
    uuid: "5f4cf9ee-4bed-49de-adaa-861aec894328"
    ipAddress: "192.168.34.22"
    hostName: "pr-hdds-1909-sn94l-363750510"
    ports {
      name: "REST"
      value: 40221
    }
    ports {
      name: "RATIS"
      value: 40870
    }
    ports {
      name: "STANDALONE"
      value: 46302
    }
    networkName: "5f4cf9ee-4bed-49de-adaa-861aec894328"
    networkLocation: "/default-rack"
  }
  members {
    uuid: "4eaaa090-573e-41d3-9f8c-c99e236d806a"
    ipAddress: "192.168.34.22"
    hostName: "pr-hdds-1909-sn94l-363750510"
    ports {
      name: "REST"
      value: 38410
    }
    ports {
      name: "RATIS"
      value: 33679
    }
    ports {
      name: "STANDALONE"
      value: 34048
    }
    networkName: "4eaaa090-573e-41d3-9f8c-c99e236d806a"
    networkLocation: "/default-rack"
  }
  members {
    uuid: "17750241-545b-4219-93a1-14a6ea3d85be"
    ipAddress: "192.168.34.22"
    hostName: "pr-hdds-1909-sn94l-363750510"
    ports {
      name: "REST"
      value: 41222
    }
    ports {
      name: "RATIS"
      value: 45138
    }
    ports {
      name: "STANDALONE"
      value: 33969
    }
    networkName: "17750241-545b-4219-93a1-14a6ea3d85be"
    networkLocation: "/default-rack"
  }
  state: PIPELINE_OPEN
  type: RATIS
  factor: THREE
  id {
    id: "a135c30c-6a7e-4f13-9664-c33fbd9556f2"
  }
}
, blockID {
  containerBlockID {
    containerID: 1
    localID: 102664010306945443
  }
  blockCommitSequenceId: 0
}
offset: 0
length: 4194304
createVersion: 0
pipeline {
  leaderID: ""
  members {
    uuid: "5f4cf9ee-4bed-49de-adaa-861aec894328"
    ipAddress: "192.168.34.22"
    hostName: "pr-hdds-1909-sn94l-363750510"
    ports {
      name: "REST"
      value: 40221
    }
    ports {
      name: "RATIS"
      value: 40870
    }
    ports {
      name: "STANDALONE"
      value: 46302
    }
    networkName: "5f4cf9ee-4bed-49de-adaa-861aec894328"
    networkLocation: "/default-rack"
  }
  members {
    uuid: "4eaaa090-573e-41d3-9f8c-c99e236d806a"
    ipAddress: "192.168.34.22"
    hostName: "pr-hdds-1909-sn94l-363750510"
    ports {
      name: "REST"
      value: 38410
    }
    ports {
      name: "RATIS"
      value: 33679
    }
    ports {
      name: "STANDALONE"
      value: 34048
    }
    networkName: "4eaaa090-573e-41d3-9f8c-c99e236d806a"
    networkLocation: "/default-rack"
  }
  members {
    uuid: "17750241-545b-4219-93a1-14a6ea3d85be"
    ipAddress: "192.168.34.22"
    hostName: "pr-hdds-1909-sn94l-363750510"
    ports {
      name: "REST"
      value: 41222
    }
    ports {
      name: "RATIS"
      value: 45138
    }
    ports {
      name: "STANDALONE"
      value: 33969
    }
    networkName: "17750241-545b-4219-93a1-14a6ea3d85be"
    networkLocation: "/default-rack"
  }
  state: PIPELINE_OPEN
  type: RATIS
  factor: THREE
  id {
    id: "a135c30c-6a7e-4f13-9664-c33fbd9556f2"
  }
}
, blockID {
  containerBlockID {
    containerID: 2
    localID: 102664010306945444
  }
  blockCommitSequenceId: 0
}
offset: 0
length: 4194304
createVersion: 0
pipeline {
  leaderID: ""
  members {
    uuid: "5f4cf9ee-4bed-49de-adaa-861aec894328"
    ipAddress: "192.168.34.22"
    hostName: "pr-hdds-1909-sn94l-363750510"
    ports {
      name: "REST"
      value: 40221
    }
    ports {
      name: "RATIS"
      value: 40870
    }
    ports {
      name: "STANDALONE"
      value: 46302
    }
    networkName: "5f4cf9ee-4bed-49de-adaa-861aec894328"
    networkLocation: "/default-rack"
  }
  members {
    uuid: "4eaaa090-573e-41d3-9f8c-c99e236d806a"
    ipAddress: "192.168.34.22"
    hostName: "pr-hdds-1909-sn94l-363750510"
    ports {
      name: "REST"
      value: 38410
    }
    ports {
      name: "RATIS"
      value: 33679
    }
    ports {
      name: "STANDALONE"
      value: 34048
    }
    networkName: "4eaaa090-573e-41d3-9f8c-c99e236d806a"
    networkLocation: "/default-rack"
  }
  members {
    uuid: "17750241-545b-4219-93a1-14a6ea3d85be"
    ipAddress: "192.168.34.22"
    hostName: "pr-hdds-1909-sn94l-363750510"
    ports {
      name: "REST"
      value: 41222
    }
    ports {
      name: "RATIS"
      value: 45138
    }
    ports {
      name: "STANDALONE"
      value: 33969
    }
    networkName: "17750241-545b-4219-93a1-14a6ea3d85be"
    networkLocation: "/default-rack"
  }
  state: PIPELINE_OPEN
  type: RATIS
  factor: THREE
  id {
    id: "a135c30c-6a7e-4f13-9664-c33fbd9556f2"
  }
}
, blockID {
  containerBlockID {
    containerID: 3
    localID: 102664010306945445
  }
  blockCommitSequenceId: 0
}
offset: 0
length: 4194304
createVersion: 0
pipeline {
  leaderID: ""
  members {
    uuid: "5f4cf9ee-4bed-49de-adaa-861aec894328"
    ipAddress: "192.168.34.22"
    hostName: "pr-hdds-1909-sn94l-363750510"
    ports {
      name: "REST"
      value: 40221
    }
    ports {
      name: "RATIS"
      value: 40870
    }
    ports {
      name: "STANDALONE"
      value: 46302
    }
    networkName: "5f4cf9ee-4bed-49de-adaa-861aec894328"
    networkLocation: "/default-rack"
  }
  members {
    uuid: "4eaaa090-573e-41d3-9f8c-c99e236d806a"
    ipAddress: "192.168.34.22"
    hostName: "pr-hdds-1909-sn94l-363750510"
    ports {
      name: "REST"
      value: 38410
    }
    ports {
      name: "RATIS"
      value: 33679
    }
    ports {
      name: "STANDALONE"
      value: 34048
    }
    networkName: "4eaaa090-573e-41d3-9f8c-c99e236d806a"
    networkLocation: "/default-rack"
  }
  members {
    uuid: "17750241-545b-4219-93a1-14a6ea3d85be"
    ipAddress: "192.168.34.22"
    hostName: "pr-hdds-1909-sn94l-363750510"
    ports {
      name: "REST"
      value: 41222
    }
    ports {
      name: "RATIS"
      value: 45138
    }
    ports {
      name: "STANDALONE"
      value: 33969
    }
    networkName: "17750241-545b-4219-93a1-14a6ea3d85be"
    networkLocation: "/default-rack"
  }
  state: PIPELINE_OPEN
  type: RATIS
  factor: THREE
  id {
    id: "a135c30c-6a7e-4f13-9664-c33fbd9556f2"
  }
}
, blockID {
  containerBlockID {
    containerID: 1
    localID: 102664010306945446
  }
  blockCommitSequenceId: 0
}
offset: 0
length: 4194304
createVersion: 0
pipeline {
  leaderID: ""
  members {
    uuid: "5f4cf9ee-4bed-49de-adaa-861aec894328"
    ipAddress: "192.168.34.22"
    hostName: "pr-hdds-1909-sn94l-363750510"
    ports {
      name: "REST"
      value: 40221
    }
    ports {
      name: "RATIS"
      value: 40870
    }
    ports {
      name: "STANDALONE"
      value: 46302
    }
    networkName: "5f4cf9ee-4bed-49de-adaa-861aec894328"
    networkLocation: "/default-rack"
  }
  members {
    uuid: "4eaaa090-573e-41d3-9f8c-c99e236d806a"
    ipAddress: "192.168.34.22"
    hostName: "pr-hdds-1909-sn94l-363750510"
    ports {
      name: "REST"
      value: 38410
    }
    ports {
      name: "RATIS"
      value: 33679
    }
    ports {
      name: "STANDALONE"
      value: 34048
    }
    networkName: "4eaaa090-573e-41d3-9f8c-c99e236d806a"
    networkLocation: "/default-rack"
  }
  members {
    uuid: "17750241-545b-4219-93a1-14a6ea3d85be"
    ipAddress: "192.168.34.22"
    hostName: "pr-hdds-1909-sn94l-363750510"
    ports {
      name: "REST"
      value: 41222
    }
    ports {
      name: "RATIS"
      value: 45138
    }
    ports {
      name: "STANDALONE"
      value: 33969
    }
    networkName: "17750241-545b-4219-93a1-14a6ea3d85be"
    networkLocation: "/default-rack"
  }
  state: PIPELINE_OPEN
  type: RATIS
  factor: THREE
  id {
    id: "a135c30c-6a7e-4f13-9664-c33fbd9556f2"
  }
}
, blockID {
  containerBlockID {
    containerID: 2
    localID: 102664010306945447
  }
  blockCommitSequenceId: 0
}
offset: 0
length: 4194304
createVersion: 0
pipeline {
  leaderID: ""
  members {
    uuid: "5f4cf9ee-4bed-49de-adaa-861aec894328"
    ipAddress: "192.168.34.22"
    hostName: "pr-hdds-1909-sn94l-363750510"
    ports {
      name: "REST"
      value: 40221
    }
    ports {
      name: "RATIS"
      value: 40870
    }
    ports {
      name: "STANDALONE"
      value: 46302
    }
    networkName: "5f4cf9ee-4bed-49de-adaa-861aec894328"
    networkLocation: "/default-rack"
  }
  members {
    uuid: "4eaaa090-573e-41d3-9f8c-c99e236d806a"
    ipAddress: "192.168.34.22"
    hostName: "pr-hdds-1909-sn94l-363750510"
    ports {
      name: "REST"
      value: 38410
    }
    ports {
      name: "RATIS"
      value: 33679
    }
    ports {
      name: "STANDALONE"
      value: 34048
    }
    networkName: "4eaaa090-573e-41d3-9f8c-c99e236d806a"
    networkLocation: "/default-rack"
  }
  members {
    uuid: "17750241-545b-4219-93a1-14a6ea3d85be"
    ipAddress: "192.168.34.22"
    hostName: "pr-hdds-1909-sn94l-363750510"
    ports {
      name: "REST"
      value: 41222
    }
    ports {
      name: "RATIS"
      value: 45138
    }
    ports {
      name: "STANDALONE"
      value: 33969
    }
    networkName: "17750241-545b-4219-93a1-14a6ea3d85be"
    networkLocation: "/default-rack"
  }
  state: PIPELINE_OPEN
  type: RATIS
  factor: THREE
  id {
    id: "a135c30c-6a7e-4f13-9664-c33fbd9556f2"
  }
}
, blockID {
  containerBlockID {
    containerID: 3
    localID: 102664010307010984
  }
  blockCommitSequenceId: 0
}
offset: 0
length: 4194304
createVersion: 0
pipeline {
  leaderID: ""
  members {
    uuid: "5f4cf9ee-4bed-49de-adaa-861aec894328"
    ipAddress: "192.168.34.22"
    hostName: "pr-hdds-1909-sn94l-363750510"
    ports {
      name: "REST"
      value: 40221
    }
    ports {
      name: "RATIS"
      value: 40870
    }
    ports {
      name: "STANDALONE"
      value: 46302
    }
    networkName: "5f4cf9ee-4bed-49de-adaa-861aec894328"
    networkLocation: "/default-rack"
  }
  members {
    uuid: "4eaaa090-573e-41d3-9f8c-c99e236d806a"
    ipAddress: "192.168.34.22"
    hostName: "pr-hdds-1909-sn94l-363750510"
    ports {
      name: "REST"
      value: 38410
    }
    ports {
      name: "RATIS"
      value: 33679
    }
    ports {
      name: "STANDALONE"
      value: 34048
    }
    networkName: "4eaaa090-573e-41d3-9f8c-c99e236d806a"
    networkLocation: "/default-rack"
  }
  members {
    uuid: "17750241-545b-4219-93a1-14a6ea3d85be"
    ipAddress: "192.168.34.22"
    hostName: "pr-hdds-1909-sn94l-363750510"
    ports {
      name: "REST"
      value: 41222
    }
    ports {
      name: "RATIS"
      value: 45138
    }
    ports {
      name: "STANDALONE"
      value: 33969
    }
    networkName: "17750241-545b-4219-93a1-14a6ea3d85be"
    networkLocation: "/default-rack"
  }
  state: PIPELINE_OPEN
  type: RATIS
  factor: THREE
  id {
    id: "a135c30c-6a7e-4f13-9664-c33fbd9556f2"
  }
}
, blockID {
  containerBlockID {
    containerID: 1
    localID: 102664010307010985
  }
  blockCommitSequenceId: 0
}
offset: 0
length: 4194304
createVersion: 0
pipeline {
  leaderID: ""
  members {
    uuid: "5f4cf9ee-4bed-49de-adaa-861aec894328"
    ipAddress: "192.168.34.22"
    hostName: "pr-hdds-1909-sn94l-363750510"
    ports {
      name: "REST"
      value: 40221
    }
    ports {
      name: "RATIS"
      value: 40870
    }
    ports {
      name: "STANDALONE"
      value: 46302
    }
    networkName: "5f4cf9ee-4bed-49de-adaa-861aec894328"
    networkLocation: "/default-rack"
  }
  members {
    uuid: "4eaaa090-573e-41d3-9f8c-c99e236d806a"
    ipAddress: "192.168.34.22"
    hostName: "pr-hdds-1909-sn94l-363750510"
    ports {
      name: "REST"
      value: 38410
    }
    ports {
      name: "RATIS"
      value: 33679
    }
    ports {
      name: "STANDALONE"
      value: 34048
    }
    networkName: "4eaaa090-573e-41d3-9f8c-c99e236d806a"
    networkLocation: "/default-rack"
  }
  members {
    uuid: "17750241-545b-4219-93a1-14a6ea3d85be"
    ipAddress: "192.168.34.22"
    hostName: "pr-hdds-1909-sn94l-363750510"
    ports {
      name: "REST"
      value: 41222
    }
    ports {
      name: "RATIS"
      value: 45138
    }
    ports {
      name: "STANDALONE"
      value: 33969
    }
    networkName: "17750241-545b-4219-93a1-14a6ea3d85be"
    networkLocation: "/default-rack"
  }
  state: PIPELINE_OPEN
  type: RATIS
  factor: THREE
  id {
    id: "a135c30c-6a7e-4f13-9664-c33fbd9556f2"
  }
}
, blockID {
  containerBlockID {
    containerID: 2
    localID: 102664010307010986
  }
  blockCommitSequenceId: 0
}
offset: 0
length: 4194304
createVersion: 0
pipeline {
  leaderID: ""
  members {
    uuid: "5f4cf9ee-4bed-49de-adaa-861aec894328"
    ipAddress: "192.168.34.22"
    hostName: "pr-hdds-1909-sn94l-363750510"
    ports {
      name: "REST"
      value: 40221
    }
    ports {
      name: "RATIS"
      value: 40870
    }
    ports {
      name: "STANDALONE"
      value: 46302
    }
    networkName: "5f4cf9ee-4bed-49de-adaa-861aec894328"
    networkLocation: "/default-rack"
  }
  members {
    uuid: "4eaaa090-573e-41d3-9f8c-c99e236d806a"
    ipAddress: "192.168.34.22"
    hostName: "pr-hdds-1909-sn94l-363750510"
    ports {
      name: "REST"
      value: 38410
    }
    ports {
      name: "RATIS"
      value: 33679
    }
    ports {
      name: "STANDALONE"
      value: 34048
    }
    networkName: "4eaaa090-573e-41d3-9f8c-c99e236d806a"
    networkLocation: "/default-rack"
  }
  members {
    uuid: "17750241-545b-4219-93a1-14a6ea3d85be"
    ipAddress: "192.168.34.22"
    hostName: "pr-hdds-1909-sn94l-363750510"
    ports {
      name: "REST"
      value: 41222
    }
    ports {
      name: "RATIS"
      value: 45138
    }
    ports {
      name: "STANDALONE"
      value: 33969
    }
    networkName: "17750241-545b-4219-93a1-14a6ea3d85be"
    networkLocation: "/default-rack"
  }
  state: PIPELINE_OPEN
  type: RATIS
  factor: THREE
  id {
    id: "a135c30c-6a7e-4f13-9664-c33fbd9556f2"
  }
}
, blockID {
  containerBlockID {
    containerID: 3
    localID: 102664010307010987
  }
  blockCommitSequenceId: 0
}
offset: 0
length: 4194304
createVersion: 0
pipeline {
  leaderID: ""
  members {
    uuid: "5f4cf9ee-4bed-49de-adaa-861aec894328"
    ipAddress: "192.168.34.22"
    hostName: "pr-hdds-1909-sn94l-363750510"
    ports {
      name: "REST"
      value: 40221
    }
    ports {
      name: "RATIS"
      value: 40870
    }
    ports {
      name: "STANDALONE"
      value: 46302
    }
    networkName: "5f4cf9ee-4bed-49de-adaa-861aec894328"
    networkLocation: "/default-rack"
  }
  members {
    uuid: "4eaaa090-573e-41d3-9f8c-c99e236d806a"
    ipAddress: "192.168.34.22"
    hostName: "pr-hdds-1909-sn94l-363750510"
    ports {
      name: "REST"
      value: 38410
    }
    ports {
      name: "RATIS"
      value: 33679
    }
    ports {
      name: "STANDALONE"
      value: 34048
    }
    networkName: "4eaaa090-573e-41d3-9f8c-c99e236d806a"
    networkLocation: "/default-rack"
  }
  members {
    uuid: "17750241-545b-4219-93a1-14a6ea3d85be"
    ipAddress: "192.168.34.22"
    hostName: "pr-hdds-1909-sn94l-363750510"
    ports {
      name: "REST"
      value: 41222
    }
    ports {
      name: "RATIS"
      value: 45138
    }
    ports {
      name: "STANDALONE"
      value: 33969
    }
    networkName: "17750241-545b-4219-93a1-14a6ea3d85be"
    networkLocation: "/default-rack"
  }
  state: PIPELINE_OPEN
  type: RATIS
  factor: THREE
  id {
    id: "a135c30c-6a7e-4f13-9664-c33fbd9556f2"
  }
}
, blockID {
  containerBlockID {
    containerID: 1
    localID: 102664010307010988
  }
  blockCommitSequenceId: 0
}
offset: 0
length: 4194304
createVersion: 0
pipeline {
  leaderID: ""
  members {
    uuid: "5f4cf9ee-4bed-49de-adaa-861aec894328"
    ipAddress: "192.168.34.22"
    hostName: "pr-hdds-1909-sn94l-363750510"
    ports {
      name: "REST"
      value: 40221
    }
    ports {
      name: "RATIS"
      value: 40870
    }
    ports {
      name: "STANDALONE"
      value: 46302
    }
    networkName: "5f4cf9ee-4bed-49de-adaa-861aec894328"
    networkLocation: "/default-rack"
  }
  members {
    uuid: "4eaaa090-573e-41d3-9f8c-c99e236d806a"
    ipAddress: "192.168.34.22"
    hostName: "pr-hdds-1909-sn94l-363750510"
    ports {
      name: "REST"
      value: 38410
    }
    ports {
      name: "RATIS"
      value: 33679
    }
    ports {
      name: "STANDALONE"
      value: 34048
    }
    networkName: "4eaaa090-573e-41d3-9f8c-c99e236d806a"
    networkLocation: "/default-rack"
  }
  members {
    uuid: "17750241-545b-4219-93a1-14a6ea3d85be"
    ipAddress: "192.168.34.22"
    hostName: "pr-hdds-1909-sn94l-363750510"
    ports {
      name: "REST"
      value: 41222
    }
    ports {
      name: "RATIS"
      value: 45138
    }
    ports {
      name: "STANDALONE"
      value: 33969
    }
    networkName: "17750241-545b-4219-93a1-14a6ea3d85be"
    networkLocation: "/default-rack"
  }
  state: PIPELINE_OPEN
  type: RATIS
  factor: THREE
  id {
    id: "a135c30c-6a7e-4f13-9664-c33fbd9556f2"
  }
}
, blockID {
  containerBlockID {
    containerID: 2
    localID: 102664010307076525
  }
  blockCommitSequenceId: 0
}
offset: 0
length: 4194304
createVersion: 0
pipeline {
  leaderID: ""
  members {
    uuid: "5f4cf9ee-4bed-49de-adaa-861aec894328"
    ipAddress: "192.168.34.22"
    hostName: "pr-hdds-1909-sn94l-363750510"
    ports {
      name: "REST"
      value: 40221
    }
    ports {
      name: "RATIS"
      value: 40870
    }
    ports {
      name: "STANDALONE"
      value: 46302
    }
    networkName: "5f4cf9ee-4bed-49de-adaa-861aec894328"
    networkLocation: "/default-rack"
  }
  members {
    uuid: "4eaaa090-573e-41d3-9f8c-c99e236d806a"
    ipAddress: "192.168.34.22"
    hostName: "pr-hdds-1909-sn94l-363750510"
    ports {
      name: "REST"
      value: 38410
    }
    ports {
      name: "RATIS"
      value: 33679
    }
    ports {
      name: "STANDALONE"
      value: 34048
    }
    networkName: "4eaaa090-573e-41d3-9f8c-c99e236d806a"
    networkLocation: "/default-rack"
  }
  members {
    uuid: "17750241-545b-4219-93a1-14a6ea3d85be"
    ipAddress: "192.168.34.22"
    hostName: "pr-hdds-1909-sn94l-363750510"
    ports {
      name: "REST"
      value: 41222
    }
    ports {
      name: "RATIS"
      value: 45138
    }
    ports {
      name: "STANDALONE"
      value: 33969
    }
    networkName: "17750241-545b-4219-93a1-14a6ea3d85be"
    networkLocation: "/default-rack"
  }
  state: PIPELINE_OPEN
  type: RATIS
  factor: THREE
  id {
    id: "a135c30c-6a7e-4f13-9664-c33fbd9556f2"
  }
}
, blockID {
  containerBlockID {
    containerID: 3
    localID: 102664010307076526
  }
  blockCommitSequenceId: 0
}
offset: 0
length: 4194304
createVersion: 0
pipeline {
  leaderID: ""
  members {
    uuid: "5f4cf9ee-4bed-49de-adaa-861aec894328"
    ipAddress: "192.168.34.22"
    hostName: "pr-hdds-1909-sn94l-363750510"
    ports {
      name: "REST"
      value: 40221
    }
    ports {
      name: "RATIS"
      value: 40870
    }
    ports {
      name: "STANDALONE"
      value: 46302
    }
    networkName: "5f4cf9ee-4bed-49de-adaa-861aec894328"
    networkLocation: "/default-rack"
  }
  members {
    uuid: "4eaaa090-573e-41d3-9f8c-c99e236d806a"
    ipAddress: "192.168.34.22"
    hostName: "pr-hdds-1909-sn94l-363750510"
    ports {
      name: "REST"
      value: 38410
    }
    ports {
      name: "RATIS"
      value: 33679
    }
    ports {
      name: "STANDALONE"
      value: 34048
    }
    networkName: "4eaaa090-573e-41d3-9f8c-c99e236d806a"
    networkLocation: "/default-rack"
  }
  members {
    uuid: "17750241-545b-4219-93a1-14a6ea3d85be"
    ipAddress: "192.168.34.22"
    hostName: "pr-hdds-1909-sn94l-363750510"
    ports {
      name: "REST"
      value: 41222
    }
    ports {
      name: "RATIS"
      value: 45138
    }
    ports {
      name: "STANDALONE"
      value: 33969
    }
    networkName: "17750241-545b-4219-93a1-14a6ea3d85be"
    networkLocation: "/default-rack"
  }
  state: PIPELINE_OPEN
  type: RATIS
  factor: THREE
  id {
    id: "a135c30c-6a7e-4f13-9664-c33fbd9556f2"
  }
}
, blockID {
  containerBlockID {
    containerID: 1
    localID: 102664010307076527
  }
  blockCommitSequenceId: 0
}
offset: 0
length: 4194304
createVersion: 0
pipeline {
  leaderID: ""
  members {
    uuid: "5f4cf9ee-4bed-49de-adaa-861aec894328"
    ipAddress: "192.168.34.22"
    hostName: "pr-hdds-1909-sn94l-363750510"
    ports {
      name: "REST"
      value: 40221
    }
    ports {
      name: "RATIS"
      value: 40870
    }
    ports {
      name: "STANDALONE"
      value: 46302
    }
    networkName: "5f4cf9ee-4bed-49de-adaa-861aec894328"
    networkLocation: "/default-rack"
  }
  members {
    uuid: "4eaaa090-573e-41d3-9f8c-c99e236d806a"
    ipAddress: "192.168.34.22"
    hostName: "pr-hdds-1909-sn94l-363750510"
    ports {
      name: "REST"
      value: 38410
    }
    ports {
      name: "RATIS"
      value: 33679
    }
    ports {
      name: "STANDALONE"
      value: 34048
    }
    networkName: "4eaaa090-573e-41d3-9f8c-c99e236d806a"
    networkLocation: "/default-rack"
  }
  members {
    uuid: "17750241-545b-4219-93a1-14a6ea3d85be"
    ipAddress: "192.168.34.22"
    hostName: "pr-hdds-1909-sn94l-363750510"
    ports {
      name: "REST"
      value: 41222
    }
    ports {
      name: "RATIS"
      value: 45138
    }
    ports {
      name: "STANDALONE"
      value: 33969
    }
    networkName: "17750241-545b-4219-93a1-14a6ea3d85be"
    networkLocation: "/default-rack"
  }
  state: PIPELINE_OPEN
  type: RATIS
  factor: THREE
  id {
    id: "a135c30c-6a7e-4f13-9664-c33fbd9556f2"
  }
}
, blockID {
  containerBlockID {
    containerID: 2
    localID: 102664010307076528
  }
  blockCommitSequenceId: 0
}
offset: 0
length: 4194304
createVersion: 0
pipeline {
  leaderID: ""
  members {
    uuid: "5f4cf9ee-4bed-49de-adaa-861aec894328"
    ipAddress: "192.168.34.22"
    hostName: "pr-hdds-1909-sn94l-363750510"
    ports {
      name: "REST"
      value: 40221
    }
    ports {
      name: "RATIS"
      value: 40870
    }
    ports {
      name: "STANDALONE"
      value: 46302
    }
    networkName: "5f4cf9ee-4bed-49de-adaa-861aec894328"
    networkLocation: "/default-rack"
  }
  members {
    uuid: "4eaaa090-573e-41d3-9f8c-c99e236d806a"
    ipAddress: "192.168.34.22"
    hostName: "pr-hdds-1909-sn94l-363750510"
    ports {
      name: "REST"
      value: 38410
    }
    ports {
      name: "RATIS"
      value: 33679
    }
    ports {
      name: "STANDALONE"
      value: 34048
    }
    networkName: "4eaaa090-573e-41d3-9f8c-c99e236d806a"
    networkLocation: "/default-rack"
  }
  members {
    uuid: "17750241-545b-4219-93a1-14a6ea3d85be"
    ipAddress: "192.168.34.22"
    hostName: "pr-hdds-1909-sn94l-363750510"
    ports {
      name: "REST"
      value: 41222
    }
    ports {
      name: "RATIS"
      value: 45138
    }
    ports {
      name: "STANDALONE"
      value: 33969
    }
    networkName: "17750241-545b-4219-93a1-14a6ea3d85be"
    networkLocation: "/default-rack"
  }
  state: PIPELINE_OPEN
  type: RATIS
  factor: THREE
  id {
    id: "a135c30c-6a7e-4f13-9664-c33fbd9556f2"
  }
}
, blockID {
  containerBlockID {
    containerID: 3
    localID: 102664010307142065
  }
  blockCommitSequenceId: 0
}
offset: 0
length: 4194304
createVersion: 0
pipeline {
  leaderID: ""
  members {
    uuid: "5f4cf9ee-4bed-49de-adaa-861aec894328"
    ipAddress: "192.168.34.22"
    hostName: "pr-hdds-1909-sn94l-363750510"
    ports {
      name: "REST"
      value: 40221
    }
    ports {
      name: "RATIS"
      value: 40870
    }
    ports {
      name: "STANDALONE"
      value: 46302
    }
    networkName: "5f4cf9ee-4bed-49de-adaa-861aec894328"
    networkLocation: "/default-rack"
  }
  members {
    uuid: "4eaaa090-573e-41d3-9f8c-c99e236d806a"
    ipAddress: "192.168.34.22"
    hostName: "pr-hdds-1909-sn94l-363750510"
    ports {
      name: "REST"
      value: 38410
    }
    ports {
      name: "RATIS"
      value: 33679
    }
    ports {
      name: "STANDALONE"
      value: 34048
    }
    networkName: "4eaaa090-573e-41d3-9f8c-c99e236d806a"
    networkLocation: "/default-rack"
  }
  members {
    uuid: "17750241-545b-4219-93a1-14a6ea3d85be"
    ipAddress: "192.168.34.22"
    hostName: "pr-hdds-1909-sn94l-363750510"
    ports {
      name: "REST"
      value: 41222
    }
    ports {
      name: "RATIS"
      value: 45138
    }
    ports {
      name: "STANDALONE"
      value: 33969
    }
    networkName: "17750241-545b-4219-93a1-14a6ea3d85be"
    networkLocation: "/default-rack"
  }
  state: PIPELINE_OPEN
  type: RATIS
  factor: THREE
  id {
    id: "a135c30c-6a7e-4f13-9664-c33fbd9556f2"
  }
}
, blockID {
  containerBlockID {
    containerID: 1
    localID: 102664010307142066
  }
  blockCommitSequenceId: 0
}
offset: 0
length: 4194304
createVersion: 0
pipeline {
  leaderID: ""
  members {
    uuid: "5f4cf9ee-4bed-49de-adaa-861aec894328"
    ipAddress: "192.168.34.22"
    hostName: "pr-hdds-1909-sn94l-363750510"
    ports {
      name: "REST"
      value: 40221
    }
    ports {
      name: "RATIS"
      value: 40870
    }
    ports {
      name: "STANDALONE"
      value: 46302
    }
    networkName: "5f4cf9ee-4bed-49de-adaa-861aec894328"
    networkLocation: "/default-rack"
  }
  members {
    uuid: "4eaaa090-573e-41d3-9f8c-c99e236d806a"
    ipAddress: "192.168.34.22"
    hostName: "pr-hdds-1909-sn94l-363750510"
    ports {
      name: "REST"
      value: 38410
    }
    ports {
      name: "RATIS"
      value: 33679
    }
    ports {
      name: "STANDALONE"
      value: 34048
    }
    networkName: "4eaaa090-573e-41d3-9f8c-c99e236d806a"
    networkLocation: "/default-rack"
  }
  members {
    uuid: "17750241-545b-4219-93a1-14a6ea3d85be"
    ipAddress: "192.168.34.22"
    hostName: "pr-hdds-1909-sn94l-363750510"
    ports {
      name: "REST"
      value: 41222
    }
    ports {
      name: "RATIS"
      value: 45138
    }
    ports {
      name: "STANDALONE"
      value: 33969
    }
    networkName: "17750241-545b-4219-93a1-14a6ea3d85be"
    networkLocation: "/default-rack"
  }
  state: PIPELINE_OPEN
  type: RATIS
  factor: THREE
  id {
    id: "a135c30c-6a7e-4f13-9664-c33fbd9556f2"
  }
}
, blockID {
  containerBlockID {
    containerID: 2
    localID: 102664010307142067
  }
  blockCommitSequenceId: 0
}
offset: 0
length: 4194304
createVersion: 0
pipeline {
  leaderID: ""
  members {
    uuid: "5f4cf9ee-4bed-49de-adaa-861aec894328"
    ipAddress: "192.168.34.22"
    hostName: "pr-hdds-1909-sn94l-363750510"
    ports {
      name: "REST"
      value: 40221
    }
    ports {
      name: "RATIS"
      value: 40870
    }
    ports {
      name: "STANDALONE"
      value: 46302
    }
    networkName: "5f4cf9ee-4bed-49de-adaa-861aec894328"
    networkLocation: "/default-rack"
  }
  members {
    uuid: "4eaaa090-573e-41d3-9f8c-c99e236d806a"
    ipAddress: "192.168.34.22"
    hostName: "pr-hdds-1909-sn94l-363750510"
    ports {
      name: "REST"
      value: 38410
    }
    ports {
      name: "RATIS"
      value: 33679
    }
    ports {
      name: "STANDALONE"
      value: 34048
    }
    networkName: "4eaaa090-573e-41d3-9f8c-c99e236d806a"
    networkLocation: "/default-rack"
  }
  members {
    uuid: "17750241-545b-4219-93a1-14a6ea3d85be"
    ipAddress: "192.168.34.22"
    hostName: "pr-hdds-1909-sn94l-363750510"
    ports {
      name: "REST"
      value: 41222
    }
    ports {
      name: "RATIS"
      value: 45138
    }
    ports {
      name: "STANDALONE"
      value: 33969
    }
    networkName: "17750241-545b-4219-93a1-14a6ea3d85be"
    networkLocation: "/default-rack"
  }
  state: PIPELINE_OPEN
  type: RATIS
  factor: THREE
  id {
    id: "a135c30c-6a7e-4f13-9664-c33fbd9556f2"
  }
}
, blockID {
  containerBlockID {
    containerID: 3
    localID: 102664010307142068
  }
  blockCommitSequenceId: 0
}
offset: 0
length: 4194304
createVersion: 0
pipeline {
  leaderID: ""
  members {
    uuid: "5f4cf9ee-4bed-49de-adaa-861aec894328"
    ipAddress: "192.168.34.22"
    hostName: "pr-hdds-1909-sn94l-363750510"
    ports {
      name: "REST"
      value: 40221
    }
    ports {
      name: "RATIS"
      value: 40870
    }
    ports {
      name: "STANDALONE"
      value: 46302
    }
    networkName: "5f4cf9ee-4bed-49de-adaa-861aec894328"
    networkLocation: "/default-rack"
  }
  members {
    uuid: "4eaaa090-573e-41d3-9f8c-c99e236d806a"
    ipAddress: "192.168.34.22"
    hostName: "pr-hdds-1909-sn94l-363750510"
    ports {
      name: "REST"
      value: 38410
    }
    ports {
      name: "RATIS"
      value: 33679
    }
    ports {
      name: "STANDALONE"
      value: 34048
    }
    networkName: "4eaaa090-573e-41d3-9f8c-c99e236d806a"
    networkLocation: "/default-rack"
  }
  members {
    uuid: "17750241-545b-4219-93a1-14a6ea3d85be"
    ipAddress: "192.168.34.22"
    hostName: "pr-hdds-1909-sn94l-363750510"
    ports {
      name: "REST"
      value: 41222
    }
    ports {
      name: "RATIS"
      value: 45138
    }
    ports {
      name: "STANDALONE"
      value: 33969
    }
    networkName: "17750241-545b-4219-93a1-14a6ea3d85be"
    networkLocation: "/default-rack"
  }
  state: PIPELINE_OPEN
  type: RATIS
  factor: THREE
  id {
    id: "a135c30c-6a7e-4f13-9664-c33fbd9556f2"
  }
}
, blockID {
  containerBlockID {
    containerID: 1
    localID: 102664010307142069
  }
  blockCommitSequenceId: 0
}
offset: 0
length: 4194304
createVersion: 0
pipeline {
  leaderID: ""
  members {
    uuid: "5f4cf9ee-4bed-49de-adaa-861aec894328"
    ipAddress: "192.168.34.22"
    hostName: "pr-hdds-1909-sn94l-363750510"
    ports {
      name: "REST"
      value: 40221
    }
    ports {
      name: "RATIS"
      value: 40870
    }
    ports {
      name: "STANDALONE"
      value: 46302
    }
    networkName: "5f4cf9ee-4bed-49de-adaa-861aec894328"
    networkLocation: "/default-rack"
  }
  members {
    uuid: "4eaaa090-573e-41d3-9f8c-c99e236d806a"
    ipAddress: "192.168.34.22"
    hostName: "pr-hdds-1909-sn94l-363750510"
    ports {
      name: "REST"
      value: 38410
    }
    ports {
      name: "RATIS"
      value: 33679
    }
    ports {
      name: "STANDALONE"
      value: 34048
    }
    networkName: "4eaaa090-573e-41d3-9f8c-c99e236d806a"
    networkLocation: "/default-rack"
  }
  members {
    uuid: "17750241-545b-4219-93a1-14a6ea3d85be"
    ipAddress: "192.168.34.22"
    hostName: "pr-hdds-1909-sn94l-363750510"
    ports {
      name: "REST"
      value: 41222
    }
    ports {
      name: "RATIS"
      value: 45138
    }
    ports {
      name: "STANDALONE"
      value: 33969
    }
    networkName: "17750241-545b-4219-93a1-14a6ea3d85be"
    networkLocation: "/default-rack"
  }
  state: PIPELINE_OPEN
  type: RATIS
  factor: THREE
  id {
    id: "a135c30c-6a7e-4f13-9664-c33fbd9556f2"
  }
}
, blockID {
  containerBlockID {
    containerID: 2
    localID: 102664010307142070
  }
  blockCommitSequenceId: 0
}
offset: 0
length: 4194304
createVersion: 0
pipeline {
  leaderID: ""
  members {
    uuid: "5f4cf9ee-4bed-49de-adaa-861aec894328"
    ipAddress: "192.168.34.22"
    hostName: "pr-hdds-1909-sn94l-363750510"
    ports {
      name: "REST"
      value: 40221
    }
    ports {
      name: "RATIS"
      value: 40870
    }
    ports {
      name: "STANDALONE"
      value: 46302
    }
    networkName: "5f4cf9ee-4bed-49de-adaa-861aec894328"
    networkLocation: "/default-rack"
  }
  members {
    uuid: "4eaaa090-573e-41d3-9f8c-c99e236d806a"
    ipAddress: "192.168.34.22"
    hostName: "pr-hdds-1909-sn94l-363750510"
    ports {
      name: "REST"
      value: 38410
    }
    ports {
      name: "RATIS"
      value: 33679
    }
    ports {
      name: "STANDALONE"
      value: 34048
    }
    networkName: "4eaaa090-573e-41d3-9f8c-c99e236d806a"
    networkLocation: "/default-rack"
  }
  members {
    uuid: "17750241-545b-4219-93a1-14a6ea3d85be"
    ipAddress: "192.168.34.22"
    hostName: "pr-hdds-1909-sn94l-363750510"
    ports {
      name: "REST"
      value: 41222
    }
    ports {
      name: "RATIS"
      value: 45138
    }
    ports {
      name: "STANDALONE"
      value: 33969
    }
    networkName: "17750241-545b-4219-93a1-14a6ea3d85be"
    networkLocation: "/default-rack"
  }
  state: PIPELINE_OPEN
  type: RATIS
  factor: THREE
  id {
    id: "a135c30c-6a7e-4f13-9664-c33fbd9556f2"
  }
}
, blockID {
  containerBlockID {
    containerID: 3
    localID: 102664010307142071
  }
  blockCommitSequenceId: 0
}
offset: 0
length: 4194304
createVersion: 0
pipeline {
  leaderID: ""
  members {
    uuid: "5f4cf9ee-4bed-49de-adaa-861aec894328"
    ipAddress: "192.168.34.22"
    hostName: "pr-hdds-1909-sn94l-363750510"
    ports {
      name: "REST"
      value: 40221
    }
    ports {
      name: "RATIS"
      value: 40870
    }
    ports {
      name: "STANDALONE"
      value: 46302
    }
    networkName: "5f4cf9ee-4bed-49de-adaa-861aec894328"
    networkLocation: "/default-rack"
  }
  members {
    uuid: "4eaaa090-573e-41d3-9f8c-c99e236d806a"
    ipAddress: "192.168.34.22"
    hostName: "pr-hdds-1909-sn94l-363750510"
    ports {
      name: "REST"
      value: 38410
    }
    ports {
      name: "RATIS"
      value: 33679
    }
    ports {
      name: "STANDALONE"
      value: 34048
    }
    networkName: "4eaaa090-573e-41d3-9f8c-c99e236d806a"
    networkLocation: "/default-rack"
  }
  members {
    uuid: "17750241-545b-4219-93a1-14a6ea3d85be"
    ipAddress: "192.168.34.22"
    hostName: "pr-hdds-1909-sn94l-363750510"
    ports {
      name: "REST"
      value: 41222
    }
    ports {
      name: "RATIS"
      value: 45138
    }
    ports {
      name: "STANDALONE"
      value: 33969
    }
    networkName: "17750241-545b-4219-93a1-14a6ea3d85be"
    networkLocation: "/default-rack"
  }
  state: PIPELINE_OPEN
  type: RATIS
  factor: THREE
  id {
    id: "a135c30c-6a7e-4f13-9664-c33fbd9556f2"
  }
}
, blockID {
  containerBlockID {
    containerID: 1
    localID: 102664010307142072
  }
  blockCommitSequenceId: 0
}
offset: 0
length: 4194304
createVersion: 0
pipeline {
  leaderID: ""
  members {
    uuid: "5f4cf9ee-4bed-49de-adaa-861aec894328"
    ipAddress: "192.168.34.22"
    hostName: "pr-hdds-1909-sn94l-363750510"
    ports {
      name: "REST"
      value: 40221
    }
    ports {
      name: "RATIS"
      value: 40870
    }
    ports {
      name: "STANDALONE"
      value: 46302
    }
    networkName: "5f4cf9ee-4bed-49de-adaa-861aec894328"
    networkLocation: "/default-rack"
  }
  members {
    uuid: "4eaaa090-573e-41d3-9f8c-c99e236d806a"
    ipAddress: "192.168.34.22"
    hostName: "pr-hdds-1909-sn94l-363750510"
    ports {
      name: "REST"
      value: 38410
    }
    ports {
      name: "RATIS"
      value: 33679
    }
    ports {
      name: "STANDALONE"
      value: 34048
    }
    networkName: "4eaaa090-573e-41d3-9f8c-c99e236d806a"
    networkLocation: "/default-rack"
  }
  members {
    uuid: "17750241-545b-4219-93a1-14a6ea3d85be"
    ipAddress: "192.168.34.22"
    hostName: "pr-hdds-1909-sn94l-363750510"
    ports {
      name: "REST"
      value: 41222
    }
    ports {
      name: "RATIS"
      value: 45138
    }
    ports {
      name: "STANDALONE"
      value: 33969
    }
    networkName: "17750241-545b-4219-93a1-14a6ea3d85be"
    networkLocation: "/default-rack"
  }
  state: PIPELINE_OPEN
  type: RATIS
  factor: THREE
  id {
    id: "a135c30c-6a7e-4f13-9664-c33fbd9556f2"
  }
}
, blockID {
  containerBlockID {
    containerID: 2
    localID: 102664010307207609
  }
  blockCommitSequenceId: 0
}
offset: 0
length: 4194304
createVersion: 0
pipeline {
  leaderID: ""
  members {
    uuid: "5f4cf9ee-4bed-49de-adaa-861aec894328"
    ipAddress: "192.168.34.22"
    hostName: "pr-hdds-1909-sn94l-363750510"
    ports {
      name: "REST"
      value: 40221
    }
    ports {
      name: "RATIS"
      value: 40870
    }
    ports {
      name: "STANDALONE"
      value: 46302
    }
    networkName: "5f4cf9ee-4bed-49de-adaa-861aec894328"
    networkLocation: "/default-rack"
  }
  members {
    uuid: "4eaaa090-573e-41d3-9f8c-c99e236d806a"
    ipAddress: "192.168.34.22"
    hostName: "pr-hdds-1909-sn94l-363750510"
    ports {
      name: "REST"
      value: 38410
    }
    ports {
      name: "RATIS"
      value: 33679
    }
    ports {
      name: "STANDALONE"
      value: 34048
    }
    networkName: "4eaaa090-573e-41d3-9f8c-c99e236d806a"
    networkLocation: "/default-rack"
  }
  members {
    uuid: "17750241-545b-4219-93a1-14a6ea3d85be"
    ipAddress: "192.168.34.22"
    hostName: "pr-hdds-1909-sn94l-363750510"
    ports {
      name: "REST"
      value: 41222
    }
    ports {
      name: "RATIS"
      value: 45138
    }
    ports {
      name: "STANDALONE"
      value: 33969
    }
    networkName: "17750241-545b-4219-93a1-14a6ea3d85be"
    networkLocation: "/default-rack"
  }
  state: PIPELINE_OPEN
  type: RATIS
  factor: THREE
  id {
    id: "a135c30c-6a7e-4f13-9664-c33fbd9556f2"
  }
}
, blockID {
  containerBlockID {
    containerID: 3
    localID: 102664010307207610
  }
  blockCommitSequenceId: 0
}
offset: 0
length: 4194304
createVersion: 0
pipeline {
  leaderID: ""
  members {
    uuid: "5f4cf9ee-4bed-49de-adaa-861aec894328"
    ipAddress: "192.168.34.22"
    hostName: "pr-hdds-1909-sn94l-363750510"
    ports {
      name: "REST"
      value: 40221
    }
    ports {
      name: "RATIS"
      value: 40870
    }
    ports {
      name: "STANDALONE"
      value: 46302
    }
    networkName: "5f4cf9ee-4bed-49de-adaa-861aec894328"
    networkLocation: "/default-rack"
  }
  members {
    uuid: "4eaaa090-573e-41d3-9f8c-c99e236d806a"
    ipAddress: "192.168.34.22"
    hostName: "pr-hdds-1909-sn94l-363750510"
    ports {
      name: "REST"
      value: 38410
    }
    ports {
      name: "RATIS"
      value: 33679
    }
    ports {
      name: "STANDALONE"
      value: 34048
    }
    networkName: "4eaaa090-573e-41d3-9f8c-c99e236d806a"
    networkLocation: "/default-rack"
  }
  members {
    uuid: "17750241-545b-4219-93a1-14a6ea3d85be"
    ipAddress: "192.168.34.22"
    hostName: "pr-hdds-1909-sn94l-363750510"
    ports {
      name: "REST"
      value: 41222
    }
    ports {
      name: "RATIS"
      value: 45138
    }
    ports {
      name: "STANDALONE"
      value: 33969
    }
    networkName: "17750241-545b-4219-93a1-14a6ea3d85be"
    networkLocation: "/default-rack"
  }
  state: PIPELINE_OPEN
  type: RATIS
  factor: THREE
  id {
    id: "a135c30c-6a7e-4f13-9664-c33fbd9556f2"
  }
}
, blockID {
  containerBlockID {
    containerID: 1
    localID: 102664010307207611
  }
  blockCommitSequenceId: 0
}
offset: 0
length: 4194304
createVersion: 0
pipeline {
  leaderID: ""
  members {
    uuid: "5f4cf9ee-4bed-49de-adaa-861aec894328"
    ipAddress: "192.168.34.22"
    hostName: "pr-hdds-1909-sn94l-363750510"
    ports {
      name: "REST"
      value: 40221
    }
    ports {
      name: "RATIS"
      value: 40870
    }
    ports {
      name: "STANDALONE"
      value: 46302
    }
    networkName: "5f4cf9ee-4bed-49de-adaa-861aec894328"
    networkLocation: "/default-rack"
  }
  members {
    uuid: "4eaaa090-573e-41d3-9f8c-c99e236d806a"
    ipAddress: "192.168.34.22"
    hostName: "pr-hdds-1909-sn94l-363750510"
    ports {
      name: "REST"
      value: 38410
    }
    ports {
      name: "RATIS"
      value: 33679
    }
    ports {
      name: "STANDALONE"
      value: 34048
    }
    networkName: "4eaaa090-573e-41d3-9f8c-c99e236d806a"
    networkLocation: "/default-rack"
  }
  members {
    uuid: "17750241-545b-4219-93a1-14a6ea3d85be"
    ipAddress: "192.168.34.22"
    hostName: "pr-hdds-1909-sn94l-363750510"
    ports {
      name: "REST"
      value: 41222
    }
    ports {
      name: "RATIS"
      value: 45138
    }
    ports {
      name: "STANDALONE"
      value: 33969
    }
    networkName: "17750241-545b-4219-93a1-14a6ea3d85be"
    networkLocation: "/default-rack"
  }
  state: PIPELINE_OPEN
  type: RATIS
  factor: THREE
  id {
    id: "a135c30c-6a7e-4f13-9664-c33fbd9556f2"
  }
}
, blockID {
  containerBlockID {
    containerID: 2
    localID: 102664010307207612
  }
  blockCommitSequenceId: 0
}
offset: 0
length: 4194304
createVersion: 0
pipeline {
  leaderID: ""
  members {
    uuid: "5f4cf9ee-4bed-49de-adaa-861aec894328"
    ipAddress: "192.168.34.22"
    hostName: "pr-hdds-1909-sn94l-363750510"
    ports {
      name: "REST"
      value: 40221
    }
    ports {
      name: "RATIS"
      value: 40870
    }
    ports {
      name: "STANDALONE"
      value: 46302
    }
    networkName: "5f4cf9ee-4bed-49de-adaa-861aec894328"
    networkLocation: "/default-rack"
  }
  members {
    uuid: "4eaaa090-573e-41d3-9f8c-c99e236d806a"
    ipAddress: "192.168.34.22"
    hostName: "pr-hdds-1909-sn94l-363750510"
    ports {
      name: "REST"
      value: 38410
    }
    ports {
      name: "RATIS"
      value: 33679
    }
    ports {
      name: "STANDALONE"
      value: 34048
    }
    networkName: "4eaaa090-573e-41d3-9f8c-c99e236d806a"
    networkLocation: "/default-rack"
  }
  members {
    uuid: "17750241-545b-4219-93a1-14a6ea3d85be"
    ipAddress: "192.168.34.22"
    hostName: "pr-hdds-1909-sn94l-363750510"
    ports {
      name: "REST"
      value: 41222
    }
    ports {
      name: "RATIS"
      value: 45138
    }
    ports {
      name: "STANDALONE"
      value: 33969
    }
    networkName: "17750241-545b-4219-93a1-14a6ea3d85be"
    networkLocation: "/default-rack"
  }
  state: PIPELINE_OPEN
  type: RATIS
  factor: THREE
  id {
    id: "a135c30c-6a7e-4f13-9664-c33fbd9556f2"
  }
}
, blockID {
  containerBlockID {
    containerID: 3
    localID: 102664010307207613
  }
  blockCommitSequenceId: 0
}
offset: 0
length: 4194304
createVersion: 0
pipeline {
  leaderID: ""
  members {
    uuid: "5f4cf9ee-4bed-49de-adaa-861aec894328"
    ipAddress: "192.168.34.22"
    hostName: "pr-hdds-1909-sn94l-363750510"
    ports {
      name: "REST"
      value: 40221
    }
    ports {
      name: "RATIS"
      value: 40870
    }
    ports {
      name: "STANDALONE"
      value: 46302
    }
    networkName: "5f4cf9ee-4bed-49de-adaa-861aec894328"
    networkLocation: "/default-rack"
  }
  members {
    uuid: "4eaaa090-573e-41d3-9f8c-c99e236d806a"
    ipAddress: "192.168.34.22"
    hostName: "pr-hdds-1909-sn94l-363750510"
    ports {
      name: "REST"
      value: 38410
    }
    ports {
      name: "RATIS"
      value: 33679
    }
    ports {
      name: "STANDALONE"
      value: 34048
    }
    networkName: "4eaaa090-573e-41d3-9f8c-c99e236d806a"
    networkLocation: "/default-rack"
  }
  members {
    uuid: "17750241-545b-4219-93a1-14a6ea3d85be"
    ipAddress: "192.168.34.22"
    hostName: "pr-hdds-1909-sn94l-363750510"
    ports {
      name: "REST"
      value: 41222
    }
    ports {
      name: "RATIS"
      value: 45138
    }
    ports {
      name: "STANDALONE"
      value: 33969
    }
    networkName: "17750241-545b-4219-93a1-14a6ea3d85be"
    networkLocation: "/default-rack"
  }
  state: PIPELINE_OPEN
  type: RATIS
  factor: THREE
  id {
    id: "a135c30c-6a7e-4f13-9664-c33fbd9556f2"
  }
}
, blockID {
  containerBlockID {
    containerID: 1
    localID: 102664010307207614
  }
  blockCommitSequenceId: 0
}
offset: 0
length: 4194304
createVersion: 0
pipeline {
  leaderID: ""
  members {
    uuid: "5f4cf9ee-4bed-49de-adaa-861aec894328"
    ipAddress: "192.168.34.22"
    hostName: "pr-hdds-1909-sn94l-363750510"
    ports {
      name: "REST"
      value: 40221
    }
    ports {
      name: "RATIS"
      value: 40870
    }
    ports {
      name: "STANDALONE"
      value: 46302
    }
    networkName: "5f4cf9ee-4bed-49de-adaa-861aec894328"
    networkLocation: "/default-rack"
  }
  members {
    uuid: "4eaaa090-573e-41d3-9f8c-c99e236d806a"
    ipAddress: "192.168.34.22"
    hostName: "pr-hdds-1909-sn94l-363750510"
    ports {
      name: "REST"
      value: 38410
    }
    ports {
      name: "RATIS"
      value: 33679
    }
    ports {
      name: "STANDALONE"
      value: 34048
    }
    networkName: "4eaaa090-573e-41d3-9f8c-c99e236d806a"
    networkLocation: "/default-rack"
  }
  members {
    uuid: "17750241-545b-4219-93a1-14a6ea3d85be"
    ipAddress: "192.168.34.22"
    hostName: "pr-hdds-1909-sn94l-363750510"
    ports {
      name: "REST"
      value: 41222
    }
    ports {
      name: "RATIS"
      value: 45138
    }
    ports {
      name: "STANDALONE"
      value: 33969
    }
    networkName: "17750241-545b-4219-93a1-14a6ea3d85be"
    networkLocation: "/default-rack"
  }
  state: PIPELINE_OPEN
  type: RATIS
  factor: THREE
  id {
    id: "a135c30c-6a7e-4f13-9664-c33fbd9556f2"
  }
}
, blockID {
  containerBlockID {
    containerID: 2
    localID: 102664010307207615
  }
  blockCommitSequenceId: 0
}
offset: 0
length: 4194304
createVersion: 0
pipeline {
  leaderID: ""
  members {
    uuid: "5f4cf9ee-4bed-49de-adaa-861aec894328"
    ipAddress: "192.168.34.22"
    hostName: "pr-hdds-1909-sn94l-363750510"
    ports {
      name: "REST"
      value: 40221
    }
    ports {
      name: "RATIS"
      value: 40870
    }
    ports {
      name: "STANDALONE"
      value: 46302
    }
    networkName: "5f4cf9ee-4bed-49de-adaa-861aec894328"
    networkLocation: "/default-rack"
  }
  members {
    uuid: "4eaaa090-573e-41d3-9f8c-c99e236d806a"
    ipAddress: "192.168.34.22"
    hostName: "pr-hdds-1909-sn94l-363750510"
    ports {
      name: "REST"
      value: 38410
    }
    ports {
      name: "RATIS"
      value: 33679
    }
    ports {
      name: "STANDALONE"
      value: 34048
    }
    networkName: "4eaaa090-573e-41d3-9f8c-c99e236d806a"
    networkLocation: "/default-rack"
  }
  members {
    uuid: "17750241-545b-4219-93a1-14a6ea3d85be"
    ipAddress: "192.168.34.22"
    hostName: "pr-hdds-1909-sn94l-363750510"
    ports {
      name: "REST"
      value: 41222
    }
    ports {
      name: "RATIS"
      value: 45138
    }
    ports {
      name: "STANDALONE"
      value: 33969
    }
    networkName: "17750241-545b-4219-93a1-14a6ea3d85be"
    networkLocation: "/default-rack"
  }
  state: PIPELINE_OPEN
  type: RATIS
  factor: THREE
  id {
    id: "a135c30c-6a7e-4f13-9664-c33fbd9556f2"
  }
}
, blockID {
  containerBlockID {
    containerID: 3
    localID: 102664010307273152
  }
  blockCommitSequenceId: 0
}
offset: 0
length: 4194304
createVersion: 0
pipeline {
  leaderID: ""
  members {
    uuid: "5f4cf9ee-4bed-49de-adaa-861aec894328"
    ipAddress: "192.168.34.22"
    hostName: "pr-hdds-1909-sn94l-363750510"
    ports {
      name: "REST"
      value: 40221
    }
    ports {
      name: "RATIS"
      value: 40870
    }
    ports {
      name: "STANDALONE"
      value: 46302
    }
    networkName: "5f4cf9ee-4bed-49de-adaa-861aec894328"
    networkLocation: "/default-rack"
  }
  members {
    uuid: "4eaaa090-573e-41d3-9f8c-c99e236d806a"
    ipAddress: "192.168.34.22"
    hostName: "pr-hdds-1909-sn94l-363750510"
    ports {
      name: "REST"
      value: 38410
    }
    ports {
      name: "RATIS"
      value: 33679
    }
    ports {
      name: "STANDALONE"
      value: 34048
    }
    networkName: "4eaaa090-573e-41d3-9f8c-c99e236d806a"
    networkLocation: "/default-rack"
  }
  members {
    uuid: "17750241-545b-4219-93a1-14a6ea3d85be"
    ipAddress: "192.168.34.22"
    hostName: "pr-hdds-1909-sn94l-363750510"
    ports {
      name: "REST"
      value: 41222
    }
    ports {
      name: "RATIS"
      value: 45138
    }
    ports {
      name: "STANDALONE"
      value: 33969
    }
    networkName: "17750241-545b-4219-93a1-14a6ea3d85be"
    networkLocation: "/default-rack"
  }
  state: PIPELINE_OPEN
  type: RATIS
  factor: THREE
  id {
    id: "a135c30c-6a7e-4f13-9664-c33fbd9556f2"
  }
}
, blockID {
  containerBlockID {
    containerID: 1
    localID: 102664010307273153
  }
  blockCommitSequenceId: 0
}
offset: 0
length: 4194304
createVersion: 0
pipeline {
  leaderID: ""
  members {
    uuid: "5f4cf9ee-4bed-49de-adaa-861aec894328"
    ipAddress: "192.168.34.22"
    hostName: "pr-hdds-1909-sn94l-363750510"
    ports {
      name: "REST"
      value: 40221
    }
    ports {
      name: "RATIS"
      value: 40870
    }
    ports {
      name: "STANDALONE"
      value: 46302
    }
    networkName: "5f4cf9ee-4bed-49de-adaa-861aec894328"
    networkLocation: "/default-rack"
  }
  members {
    uuid: "4eaaa090-573e-41d3-9f8c-c99e236d806a"
    ipAddress: "192.168.34.22"
    hostName: "pr-hdds-1909-sn94l-363750510"
    ports {
      name: "REST"
      value: 38410
    }
    ports {
      name: "RATIS"
      value: 33679
    }
    ports {
      name: "STANDALONE"
      value: 34048
    }
    networkName: "4eaaa090-573e-41d3-9f8c-c99e236d806a"
    networkLocation: "/default-rack"
  }
  members {
    uuid: "17750241-545b-4219-93a1-14a6ea3d85be"
    ipAddress: "192.168.34.22"
    hostName: "pr-hdds-1909-sn94l-363750510"
    ports {
      name: "REST"
      value: 41222
    }
    ports {
      name: "RATIS"
      value: 45138
    }
    ports {
      name: "STANDALONE"
      value: 33969
    }
    networkName: "17750241-545b-4219-93a1-14a6ea3d85be"
    networkLocation: "/default-rack"
  }
  state: PIPELINE_OPEN
  type: RATIS
  factor: THREE
  id {
    id: "a135c30c-6a7e-4f13-9664-c33fbd9556f2"
  }
}
, blockID {
  containerBlockID {
    containerID: 2
    localID: 102664010307273154
  }
  blockCommitSequenceId: 0
}
offset: 0
length: 4194304
createVersion: 0
pipeline {
  leaderID: ""
  members {
    uuid: "5f4cf9ee-4bed-49de-adaa-861aec894328"
    ipAddress: "192.168.34.22"
    hostName: "pr-hdds-1909-sn94l-363750510"
    ports {
      name: "REST"
      value: 40221
    }
    ports {
      name: "RATIS"
      value: 40870
    }
    ports {
      name: "STANDALONE"
      value: 46302
    }
    networkName: "5f4cf9ee-4bed-49de-adaa-861aec894328"
    networkLocation: "/default-rack"
  }
  members {
    uuid: "4eaaa090-573e-41d3-9f8c-c99e236d806a"
    ipAddress: "192.168.34.22"
    hostName: "pr-hdds-1909-sn94l-363750510"
    ports {
      name: "REST"
      value: 38410
    }
    ports {
      name: "RATIS"
      value: 33679
    }
    ports {
      name: "STANDALONE"
      value: 34048
    }
    networkName: "4eaaa090-573e-41d3-9f8c-c99e236d806a"
    networkLocation: "/default-rack"
  }
  members {
    uuid: "17750241-545b-4219-93a1-14a6ea3d85be"
    ipAddress: "192.168.34.22"
    hostName: "pr-hdds-1909-sn94l-363750510"
    ports {
      name: "REST"
      value: 41222
    }
    ports {
      name: "RATIS"
      value: 45138
    }
    ports {
      name: "STANDALONE"
      value: 33969
    }
    networkName: "17750241-545b-4219-93a1-14a6ea3d85be"
    networkLocation: "/default-rack"
  }
  state: PIPELINE_OPEN
  type: RATIS
  factor: THREE
  id {
    id: "a135c30c-6a7e-4f13-9664-c33fbd9556f2"
  }
}
, blockID {
  containerBlockID {
    containerID: 3
    localID: 102664010307273155
  }
  blockCommitSequenceId: 0
}
offset: 0
length: 4194304
createVersion: 0
pipeline {
  leaderID: ""
  members {
    uuid: "5f4cf9ee-4bed-49de-adaa-861aec894328"
    ipAddress: "192.168.34.22"
    hostName: "pr-hdds-1909-sn94l-363750510"
    ports {
      name: "REST"
      value: 40221
    }
    ports {
      name: "RATIS"
      value: 40870
    }
    ports {
      name: "STANDALONE"
      value: 46302
    }
    networkName: "5f4cf9ee-4bed-49de-adaa-861aec894328"
    networkLocation: "/default-rack"
  }
  members {
    uuid: "4eaaa090-573e-41d3-9f8c-c99e236d806a"
    ipAddress: "192.168.34.22"
    hostName: "pr-hdds-1909-sn94l-363750510"
    ports {
      name: "REST"
      value: 38410
    }
    ports {
      name: "RATIS"
      value: 33679
    }
    ports {
      name: "STANDALONE"
      value: 34048
    }
    networkName: "4eaaa090-573e-41d3-9f8c-c99e236d806a"
    networkLocation: "/default-rack"
  }
  members {
    uuid: "17750241-545b-4219-93a1-14a6ea3d85be"
    ipAddress: "192.168.34.22"
    hostName: "pr-hdds-1909-sn94l-363750510"
    ports {
      name: "REST"
      value: 41222
    }
    ports {
      name: "RATIS"
      value: 45138
    }
    ports {
      name: "STANDALONE"
      value: 33969
    }
    networkName: "17750241-545b-4219-93a1-14a6ea3d85be"
    networkLocation: "/default-rack"
  }
  state: PIPELINE_OPEN
  type: RATIS
  factor: THREE
  id {
    id: "a135c30c-6a7e-4f13-9664-c33fbd9556f2"
  }
}
, blockID {
  containerBlockID {
    containerID: 1
    localID: 102664010307273156
  }
  blockCommitSequenceId: 0
}
offset: 0
length: 4194304
createVersion: 0
pipeline {
  leaderID: ""
  members {
    uuid: "5f4cf9ee-4bed-49de-adaa-861aec894328"
    ipAddress: "192.168.34.22"
    hostName: "pr-hdds-1909-sn94l-363750510"
    ports {
      name: "REST"
      value: 40221
    }
    ports {
      name: "RATIS"
      value: 40870
    }
    ports {
      name: "STANDALONE"
      value: 46302
    }
    networkName: "5f4cf9ee-4bed-49de-adaa-861aec894328"
    networkLocation: "/default-rack"
  }
  members {
    uuid: "4eaaa090-573e-41d3-9f8c-c99e236d806a"
    ipAddress: "192.168.34.22"
    hostName: "pr-hdds-1909-sn94l-363750510"
    ports {
      name: "REST"
      value: 38410
    }
    ports {
      name: "RATIS"
      value: 33679
    }
    ports {
      name: "STANDALONE"
      value: 34048
    }
    networkName: "4eaaa090-573e-41d3-9f8c-c99e236d806a"
    networkLocation: "/default-rack"
  }
  members {
    uuid: "17750241-545b-4219-93a1-14a6ea3d85be"
    ipAddress: "192.168.34.22"
    hostName: "pr-hdds-1909-sn94l-363750510"
    ports {
      name: "REST"
      value: 41222
    }
    ports {
      name: "RATIS"
      value: 45138
    }
    ports {
      name: "STANDALONE"
      value: 33969
    }
    networkName: "17750241-545b-4219-93a1-14a6ea3d85be"
    networkLocation: "/default-rack"
  }
  state: PIPELINE_OPEN
  type: RATIS
  factor: THREE
  id {
    id: "a135c30c-6a7e-4f13-9664-c33fbd9556f2"
  }
}
, blockID {
  containerBlockID {
    containerID: 2
    localID: 102664010307273157
  }
  blockCommitSequenceId: 0
}
offset: 0
length: 4194304
createVersion: 0
pipeline {
  leaderID: ""
  members {
    uuid: "5f4cf9ee-4bed-49de-adaa-861aec894328"
    ipAddress: "192.168.34.22"
    hostName: "pr-hdds-1909-sn94l-363750510"
    ports {
      name: "REST"
      value: 40221
    }
    ports {
      name: "RATIS"
      value: 40870
    }
    ports {
      name: "STANDALONE"
      value: 46302
    }
    networkName: "5f4cf9ee-4bed-49de-adaa-861aec894328"
    networkLocation: "/default-rack"
  }
  members {
    uuid: "4eaaa090-573e-41d3-9f8c-c99e236d806a"
    ipAddress: "192.168.34.22"
    hostName: "pr-hdds-1909-sn94l-363750510"
    ports {
      name: "REST"
      value: 38410
    }
    ports {
      name: "RATIS"
      value: 33679
    }
    ports {
      name: "STANDALONE"
      value: 34048
    }
    networkName: "4eaaa090-573e-41d3-9f8c-c99e236d806a"
    networkLocation: "/default-rack"
  }
  members {
    uuid: "17750241-545b-4219-93a1-14a6ea3d85be"
    ipAddress: "192.168.34.22"
    hostName: "pr-hdds-1909-sn94l-363750510"
    ports {
      name: "REST"
      value: 41222
    }
    ports {
      name: "RATIS"
      value: 45138
    }
    ports {
      name: "STANDALONE"
      value: 33969
    }
    networkName: "17750241-545b-4219-93a1-14a6ea3d85be"
    networkLocation: "/default-rack"
  }
  state: PIPELINE_OPEN
  type: RATIS
  factor: THREE
  id {
    id: "a135c30c-6a7e-4f13-9664-c33fbd9556f2"
  }
}
, blockID {
  containerBlockID {
    containerID: 3
    localID: 102664010307338694
  }
  blockCommitSequenceId: 0
}
offset: 0
length: 4194304
createVersion: 0
pipeline {
  leaderID: ""
  members {
    uuid: "5f4cf9ee-4bed-49de-adaa-861aec894328"
    ipAddress: "192.168.34.22"
    hostName: "pr-hdds-1909-sn94l-363750510"
    ports {
      name: "REST"
      value: 40221
    }
    ports {
      name: "RATIS"
      value: 40870
    }
    ports {
      name: "STANDALONE"
      value: 46302
    }
    networkName: "5f4cf9ee-4bed-49de-adaa-861aec894328"
    networkLocation: "/default-rack"
  }
  members {
    uuid: "4eaaa090-573e-41d3-9f8c-c99e236d806a"
    ipAddress: "192.168.34.22"
    hostName: "pr-hdds-1909-sn94l-363750510"
    ports {
      name: "REST"
      value: 38410
    }
    ports {
      name: "RATIS"
      value: 33679
    }
    ports {
      name: "STANDALONE"
      value: 34048
    }
    networkName: "4eaaa090-573e-41d3-9f8c-c99e236d806a"
    networkLocation: "/default-rack"
  }
  members {
    uuid: "17750241-545b-4219-93a1-14a6ea3d85be"
    ipAddress: "192.168.34.22"
    hostName: "pr-hdds-1909-sn94l-363750510"
    ports {
      name: "REST"
      value: 41222
    }
    ports {
      name: "RATIS"
      value: 45138
    }
    ports {
      name: "STANDALONE"
      value: 33969
    }
    networkName: "17750241-545b-4219-93a1-14a6ea3d85be"
    networkLocation: "/default-rack"
  }
  state: PIPELINE_OPEN
  type: RATIS
  factor: THREE
  id {
    id: "a135c30c-6a7e-4f13-9664-c33fbd9556f2"
  }
}
, blockID {
  containerBlockID {
    containerID: 1
    localID: 102664010307338695
  }
  blockCommitSequenceId: 0
}
offset: 0
length: 4194304
createVersion: 0
pipeline {
  leaderID: ""
  members {
    uuid: "5f4cf9ee-4bed-49de-adaa-861aec894328"
    ipAddress: "192.168.34.22"
    hostName: "pr-hdds-1909-sn94l-363750510"
    ports {
      name: "REST"
      value: 40221
    }
    ports {
      name: "RATIS"
      value: 40870
    }
    ports {
      name: "STANDALONE"
      value: 46302
    }
    networkName: "5f4cf9ee-4bed-49de-adaa-861aec894328"
    networkLocation: "/default-rack"
  }
  members {
    uuid: "4eaaa090-573e-41d3-9f8c-c99e236d806a"
    ipAddress: "192.168.34.22"
    hostName: "pr-hdds-1909-sn94l-363750510"
    ports {
      name: "REST"
      value: 38410
    }
    ports {
      name: "RATIS"
      value: 33679
    }
    ports {
      name: "STANDALONE"
      value: 34048
    }
    networkName: "4eaaa090-573e-41d3-9f8c-c99e236d806a"
    networkLocation: "/default-rack"
  }
  members {
    uuid: "17750241-545b-4219-93a1-14a6ea3d85be"
    ipAddress: "192.168.34.22"
    hostName: "pr-hdds-1909-sn94l-363750510"
    ports {
      name: "REST"
      value: 41222
    }
    ports {
      name: "RATIS"
      value: 45138
    }
    ports {
      name: "STANDALONE"
      value: 33969
    }
    networkName: "17750241-545b-4219-93a1-14a6ea3d85be"
    networkLocation: "/default-rack"
  }
  state: PIPELINE_OPEN
  type: RATIS
  factor: THREE
  id {
    id: "a135c30c-6a7e-4f13-9664-c33fbd9556f2"
  }
}
, blockID {
  containerBlockID {
    containerID: 2
    localID: 102664010307338696
  }
  blockCommitSequenceId: 0
}
offset: 0
length: 4194304
createVersion: 0
pipeline {
  leaderID: ""
  members {
    uuid: "5f4cf9ee-4bed-49de-adaa-861aec894328"
    ipAddress: "192.168.34.22"
    hostName: "pr-hdds-1909-sn94l-363750510"
    ports {
      name: "REST"
      value: 40221
    }
    ports {
      name: "RATIS"
      value: 40870
    }
    ports {
      name: "STANDALONE"
      value: 46302
    }
    networkName: "5f4cf9ee-4bed-49de-adaa-861aec894328"
    networkLocation: "/default-rack"
  }
  members {
    uuid: "4eaaa090-573e-41d3-9f8c-c99e236d806a"
    ipAddress: "192.168.34.22"
    hostName: "pr-hdds-1909-sn94l-363750510"
    ports {
      name: "REST"
      value: 38410
    }
    ports {
      name: "RATIS"
      value: 33679
    }
    ports {
      name: "STANDALONE"
      value: 34048
    }
    networkName: "4eaaa090-573e-41d3-9f8c-c99e236d806a"
    networkLocation: "/default-rack"
  }
  members {
    uuid: "17750241-545b-4219-93a1-14a6ea3d85be"
    ipAddress: "192.168.34.22"
    hostName: "pr-hdds-1909-sn94l-363750510"
    ports {
      name: "REST"
      value: 41222
    }
    ports {
      name: "RATIS"
      value: 45138
    }
    ports {
      name: "STANDALONE"
      value: 33969
    }
    networkName: "17750241-545b-4219-93a1-14a6ea3d85be"
    networkLocation: "/default-rack"
  }
  state: PIPELINE_OPEN
  type: RATIS
  factor: THREE
  id {
    id: "a135c30c-6a7e-4f13-9664-c33fbd9556f2"
  }
}
, blockID {
  containerBlockID {
    containerID: 3
    localID: 102664010307338697
  }
  blockCommitSequenceId: 0
}
offset: 0
length: 4194304
createVersion: 0
pipeline {
  leaderID: ""
  members {
    uuid: "5f4cf9ee-4bed-49de-adaa-861aec894328"
    ipAddress: "192.168.34.22"
    hostName: "pr-hdds-1909-sn94l-363750510"
    ports {
      name: "REST"
      value: 40221
    }
    ports {
      name: "RATIS"
      value: 40870
    }
    ports {
      name: "STANDALONE"
      value: 46302
    }
    networkName: "5f4cf9ee-4bed-49de-adaa-861aec894328"
    networkLocation: "/default-rack"
  }
  members {
    uuid: "4eaaa090-573e-41d3-9f8c-c99e236d806a"
    ipAddress: "192.168.34.22"
    hostName: "pr-hdds-1909-sn94l-363750510"
    ports {
      name: "REST"
      value: 38410
    }
    ports {
      name: "RATIS"
      value: 33679
    }
    ports {
      name: "STANDALONE"
      value: 34048
    }
    networkName: "4eaaa090-573e-41d3-9f8c-c99e236d806a"
    networkLocation: "/default-rack"
  }
  members {
    uuid: "17750241-545b-4219-93a1-14a6ea3d85be"
    ipAddress: "192.168.34.22"
    hostName: "pr-hdds-1909-sn94l-363750510"
    ports {
      name: "REST"
      value: 41222
    }
    ports {
      name: "RATIS"
      value: 45138
    }
    ports {
      name: "STANDALONE"
      value: 33969
    }
    networkName: "17750241-545b-4219-93a1-14a6ea3d85be"
    networkLocation: "/default-rack"
  }
  state: PIPELINE_OPEN
  type: RATIS
  factor: THREE
  id {
    id: "a135c30c-6a7e-4f13-9664-c33fbd9556f2"
  }
}
, blockID {
  containerBlockID {
    containerID: 1
    localID: 102664010307338698
  }
  blockCommitSequenceId: 0
}
offset: 0
length: 4194304
createVersion: 0
pipeline {
  leaderID: ""
  members {
    uuid: "5f4cf9ee-4bed-49de-adaa-861aec894328"
    ipAddress: "192.168.34.22"
    hostName: "pr-hdds-1909-sn94l-363750510"
    ports {
      name: "REST"
      value: 40221
    }
    ports {
      name: "RATIS"
      value: 40870
    }
    ports {
      name: "STANDALONE"
      value: 46302
    }
    networkName: "5f4cf9ee-4bed-49de-adaa-861aec894328"
    networkLocation: "/default-rack"
  }
  members {
    uuid: "4eaaa090-573e-41d3-9f8c-c99e236d806a"
    ipAddress: "192.168.34.22"
    hostName: "pr-hdds-1909-sn94l-363750510"
    ports {
      name: "REST"
      value: 38410
    }
    ports {
      name: "RATIS"
      value: 33679
    }
    ports {
      name: "STANDALONE"
      value: 34048
    }
    networkName: "4eaaa090-573e-41d3-9f8c-c99e236d806a"
    networkLocation: "/default-rack"
  }
  members {
    uuid: "17750241-545b-4219-93a1-14a6ea3d85be"
    ipAddress: "192.168.34.22"
    hostName: "pr-hdds-1909-sn94l-363750510"
    ports {
      name: "REST"
      value: 41222
    }
    ports {
      name: "RATIS"
      value: 45138
    }
    ports {
      name: "STANDALONE"
      value: 33969
    }
    networkName: "17750241-545b-4219-93a1-14a6ea3d85be"
    networkLocation: "/default-rack"
  }
  state: PIPELINE_OPEN
  type: RATIS
  factor: THREE
  id {
    id: "a135c30c-6a7e-4f13-9664-c33fbd9556f2"
  }
}
, blockID {
  containerBlockID {
    containerID: 2
    localID: 102664010307338699
  }
  blockCommitSequenceId: 0
}
offset: 0
length: 4194304
createVersion: 0
pipeline {
  leaderID: ""
  members {
    uuid: "5f4cf9ee-4bed-49de-adaa-861aec894328"
    ipAddress: "192.168.34.22"
    hostName: "pr-hdds-1909-sn94l-363750510"
    ports {
      name: "REST"
      value: 40221
    }
    ports {
      name: "RATIS"
      value: 40870
    }
    ports {
      name: "STANDALONE"
      value: 46302
    }
    networkName: "5f4cf9ee-4bed-49de-adaa-861aec894328"
    networkLocation: "/default-rack"
  }
  members {
    uuid: "4eaaa090-573e-41d3-9f8c-c99e236d806a"
    ipAddress: "192.168.34.22"
    hostName: "pr-hdds-1909-sn94l-363750510"
    ports {
      name: "REST"
      value: 38410
    }
    ports {
      name: "RATIS"
      value: 33679
    }
    ports {
      name: "STANDALONE"
      value: 34048
    }
    networkName: "4eaaa090-573e-41d3-9f8c-c99e236d806a"
    networkLocation: "/default-rack"
  }
  members {
    uuid: "17750241-545b-4219-93a1-14a6ea3d85be"
    ipAddress: "192.168.34.22"
    hostName: "pr-hdds-1909-sn94l-363750510"
    ports {
      name: "REST"
      value: 41222
    }
    ports {
      name: "RATIS"
      value: 45138
    }
    ports {
      name: "STANDALONE"
      value: 33969
    }
    networkName: "17750241-545b-4219-93a1-14a6ea3d85be"
    networkLocation: "/default-rack"
  }
  state: PIPELINE_OPEN
  type: RATIS
  factor: THREE
  id {
    id: "a135c30c-6a7e-4f13-9664-c33fbd9556f2"
  }
}
, blockID {
  containerBlockID {
    containerID: 3
    localID: 102664010307338700
  }
  blockCommitSequenceId: 0
}
offset: 0
length: 4194304
createVersion: 0
pipeline {
  leaderID: ""
  members {
    uuid: "5f4cf9ee-4bed-49de-adaa-861aec894328"
    ipAddress: "192.168.34.22"
    hostName: "pr-hdds-1909-sn94l-363750510"
    ports {
      name: "REST"
      value: 40221
    }
    ports {
      name: "RATIS"
      value: 40870
    }
    ports {
      name: "STANDALONE"
      value: 46302
    }
    networkName: "5f4cf9ee-4bed-49de-adaa-861aec894328"
    networkLocation: "/default-rack"
  }
  members {
    uuid: "4eaaa090-573e-41d3-9f8c-c99e236d806a"
    ipAddress: "192.168.34.22"
    hostName: "pr-hdds-1909-sn94l-363750510"
    ports {
      name: "REST"
      value: 38410
    }
    ports {
      name: "RATIS"
      value: 33679
    }
    ports {
      name: "STANDALONE"
      value: 34048
    }
    networkName: "4eaaa090-573e-41d3-9f8c-c99e236d806a"
    networkLocation: "/default-rack"
  }
  members {
    uuid: "17750241-545b-4219-93a1-14a6ea3d85be"
    ipAddress: "192.168.34.22"
    hostName: "pr-hdds-1909-sn94l-363750510"
    ports {
      name: "REST"
      value: 41222
    }
    ports {
      name: "RATIS"
      value: 45138
    }
    ports {
      name: "STANDALONE"
      value: 33969
    }
    networkName: "17750241-545b-4219-93a1-14a6ea3d85be"
    networkLocation: "/default-rack"
  }
  state: PIPELINE_OPEN
  type: RATIS
  factor: THREE
  id {
    id: "a135c30c-6a7e-4f13-9664-c33fbd9556f2"
  }
}
, blockID {
  containerBlockID {
    containerID: 1
    localID: 102664010307338701
  }
  blockCommitSequenceId: 0
}
offset: 0
length: 4194304
createVersion: 0
pipeline {
  leaderID: ""
  members {
    uuid: "5f4cf9ee-4bed-49de-adaa-861aec894328"
    ipAddress: "192.168.34.22"
    hostName: "pr-hdds-1909-sn94l-363750510"
    ports {
      name: "REST"
      value: 40221
    }
    ports {
      name: "RATIS"
      value: 40870
    }
    ports {
      name: "STANDALONE"
      value: 46302
    }
    networkName: "5f4cf9ee-4bed-49de-adaa-861aec894328"
    networkLocation: "/default-rack"
  }
  members {
    uuid: "4eaaa090-573e-41d3-9f8c-c99e236d806a"
    ipAddress: "192.168.34.22"
    hostName: "pr-hdds-1909-sn94l-363750510"
    ports {
      name: "REST"
      value: 38410
    }
    ports {
      name: "RATIS"
      value: 33679
    }
    ports {
      name: "STANDALONE"
      value: 34048
    }
    networkName: "4eaaa090-573e-41d3-9f8c-c99e236d806a"
    networkLocation: "/default-rack"
  }
  members {
    uuid: "17750241-545b-4219-93a1-14a6ea3d85be"
    ipAddress: "192.168.34.22"
    hostName: "pr-hdds-1909-sn94l-363750510"
    ports {
      name: "REST"
      value: 41222
    }
    ports {
      name: "RATIS"
      value: 45138
    }
    ports {
      name: "STANDALONE"
      value: 33969
    }
    networkName: "17750241-545b-4219-93a1-14a6ea3d85be"
    networkLocation: "/default-rack"
  }
  state: PIPELINE_OPEN
  type: RATIS
  factor: THREE
  id {
    id: "a135c30c-6a7e-4f13-9664-c33fbd9556f2"
  }
}
, blockID {
  containerBlockID {
    containerID: 2
    localID: 102664010307404238
  }
  blockCommitSequenceId: 0
}
offset: 0
length: 4194304
createVersion: 0
pipeline {
  leaderID: ""
  members {
    uuid: "5f4cf9ee-4bed-49de-adaa-861aec894328"
    ipAddress: "192.168.34.22"
    hostName: "pr-hdds-1909-sn94l-363750510"
    ports {
      name: "REST"
      value: 40221
    }
    ports {
      name: "RATIS"
      value: 40870
    }
    ports {
      name: "STANDALONE"
      value: 46302
    }
    networkName: "5f4cf9ee-4bed-49de-adaa-861aec894328"
    networkLocation: "/default-rack"
  }
  members {
    uuid: "4eaaa090-573e-41d3-9f8c-c99e236d806a"
    ipAddress: "192.168.34.22"
    hostName: "pr-hdds-1909-sn94l-363750510"
    ports {
      name: "REST"
      value: 38410
    }
    ports {
      name: "RATIS"
      value: 33679
    }
    ports {
      name: "STANDALONE"
      value: 34048
    }
    networkName: "4eaaa090-573e-41d3-9f8c-c99e236d806a"
    networkLocation: "/default-rack"
  }
  members {
    uuid: "17750241-545b-4219-93a1-14a6ea3d85be"
    ipAddress: "192.168.34.22"
    hostName: "pr-hdds-1909-sn94l-363750510"
    ports {
      name: "REST"
      value: 41222
    }
    ports {
      name: "RATIS"
      value: 45138
    }
    ports {
      name: "STANDALONE"
      value: 33969
    }
    networkName: "17750241-545b-4219-93a1-14a6ea3d85be"
    networkLocation: "/default-rack"
  }
  state: PIPELINE_OPEN
  type: RATIS
  factor: THREE
  id {
    id: "a135c30c-6a7e-4f13-9664-c33fbd9556f2"
  }
}
, blockID {
  containerBlockID {
    containerID: 3
    localID: 102664010307404239
  }
  blockCommitSequenceId: 0
}
offset: 0
length: 4194304
createVersion: 0
pipeline {
  leaderID: ""
  members {
    uuid: "5f4cf9ee-4bed-49de-adaa-861aec894328"
    ipAddress: "192.168.34.22"
    hostName: "pr-hdds-1909-sn94l-363750510"
    ports {
      name: "REST"
      value: 40221
    }
    ports {
      name: "RATIS"
      value: 40870
    }
    ports {
      name: "STANDALONE"
      value: 46302
    }
    networkName: "5f4cf9ee-4bed-49de-adaa-861aec894328"
    networkLocation: "/default-rack"
  }
  members {
    uuid: "4eaaa090-573e-41d3-9f8c-c99e236d806a"
    ipAddress: "192.168.34.22"
    hostName: "pr-hdds-1909-sn94l-363750510"
    ports {
      name: "REST"
      value: 38410
    }
    ports {
      name: "RATIS"
      value: 33679
    }
    ports {
      name: "STANDALONE"
      value: 34048
    }
    networkName: "4eaaa090-573e-41d3-9f8c-c99e236d806a"
    networkLocation: "/default-rack"
  }
  members {
    uuid: "17750241-545b-4219-93a1-14a6ea3d85be"
    ipAddress: "192.168.34.22"
    hostName: "pr-hdds-1909-sn94l-363750510"
    ports {
      name: "REST"
      value: 41222
    }
    ports {
      name: "RATIS"
      value: 45138
    }
    ports {
      name: "STANDALONE"
      value: 33969
    }
    networkName: "17750241-545b-4219-93a1-14a6ea3d85be"
    networkLocation: "/default-rack"
  }
  state: PIPELINE_OPEN
  type: RATIS
  factor: THREE
  id {
    id: "a135c30c-6a7e-4f13-9664-c33fbd9556f2"
  }
}
, blockID {
  containerBlockID {
    containerID: 1
    localID: 102664010307404240
  }
  blockCommitSequenceId: 0
}
offset: 0
length: 4194304
createVersion: 0
pipeline {
  leaderID: ""
  members {
    uuid: "5f4cf9ee-4bed-49de-adaa-861aec894328"
    ipAddress: "192.168.34.22"
    hostName: "pr-hdds-1909-sn94l-363750510"
    ports {
      name: "REST"
      value: 40221
    }
    ports {
      name: "RATIS"
      value: 40870
    }
    ports {
      name: "STANDALONE"
      value: 46302
    }
    networkName: "5f4cf9ee-4bed-49de-adaa-861aec894328"
    networkLocation: "/default-rack"
  }
  members {
    uuid: "4eaaa090-573e-41d3-9f8c-c99e236d806a"
    ipAddress: "192.168.34.22"
    hostName: "pr-hdds-1909-sn94l-363750510"
    ports {
      name: "REST"
      value: 38410
    }
    ports {
      name: "RATIS"
      value: 33679
    }
    ports {
      name: "STANDALONE"
      value: 34048
    }
    networkName: "4eaaa090-573e-41d3-9f8c-c99e236d806a"
    networkLocation: "/default-rack"
  }
  members {
    uuid: "17750241-545b-4219-93a1-14a6ea3d85be"
    ipAddress: "192.168.34.22"
    hostName: "pr-hdds-1909-sn94l-363750510"
    ports {
      name: "REST"
      value: 41222
    }
    ports {
      name: "RATIS"
      value: 45138
    }
    ports {
      name: "STANDALONE"
      value: 33969
    }
    networkName: "17750241-545b-4219-93a1-14a6ea3d85be"
    networkLocation: "/default-rack"
  }
  state: PIPELINE_OPEN
  type: RATIS
  factor: THREE
  id {
    id: "a135c30c-6a7e-4f13-9664-c33fbd9556f2"
  }
}
, blockID {
  containerBlockID {
    containerID: 2
    localID: 102664010307404241
  }
  blockCommitSequenceId: 0
}
offset: 0
length: 4194304
createVersion: 0
pipeline {
  leaderID: ""
  members {
    uuid: "5f4cf9ee-4bed-49de-adaa-861aec894328"
    ipAddress: "192.168.34.22"
    hostName: "pr-hdds-1909-sn94l-363750510"
    ports {
      name: "REST"
      value: 40221
    }
    ports {
      name: "RATIS"
      value: 40870
    }
    ports {
      name: "STANDALONE"
      value: 46302
    }
    networkName: "5f4cf9ee-4bed-49de-adaa-861aec894328"
    networkLocation: "/default-rack"
  }
  members {
    uuid: "4eaaa090-573e-41d3-9f8c-c99e236d806a"
    ipAddress: "192.168.34.22"
    hostName: "pr-hdds-1909-sn94l-363750510"
    ports {
      name: "REST"
      value: 38410
    }
    ports {
      name: "RATIS"
      value: 33679
    }
    ports {
      name: "STANDALONE"
      value: 34048
    }
    networkName: "4eaaa090-573e-41d3-9f8c-c99e236d806a"
    networkLocation: "/default-rack"
  }
  members {
    uuid: "17750241-545b-4219-93a1-14a6ea3d85be"
    ipAddress: "192.168.34.22"
    hostName: "pr-hdds-1909-sn94l-363750510"
    ports {
      name: "REST"
      value: 41222
    }
    ports {
      name: "RATIS"
      value: 45138
    }
    ports {
      name: "STANDALONE"
      value: 33969
    }
    networkName: "17750241-545b-4219-93a1-14a6ea3d85be"
    networkLocation: "/default-rack"
  }
  state: PIPELINE_OPEN
  type: RATIS
  factor: THREE
  id {
    id: "a135c30c-6a7e-4f13-9664-c33fbd9556f2"
  }
}
]} | ret=SUCCESS |  
2019-08-23 02:47:57,710 | INFO  | SCMAudit | user=jenkins1000 | ip=192.168.34.22 | op=SEND_HEARTBEAT {datanodeUUID=66ab6a68-e61f-4535-ab2f-12fe560929ed, command=[]} | ret=SUCCESS |  
2019-08-23 02:47:57,719 [grpc-default-executor-6] INFO  client.GrpcClientProtocolClient (GrpcClientProtocolClient.java:onNext(255)) - client-B268B4322F32->5f4cf9ee-4bed-49de-adaa-861aec894328: receive RaftClientReply:client-B268B4322F32->5f4cf9ee-4bed-49de-adaa-861aec894328@group-C33FBD9556F2, cid=600, FAILED org.apache.ratis.protocol.NotLeaderException: Server 5f4cf9ee-4bed-49de-adaa-861aec894328 is not the leader (17750241-545b-4219-93a1-14a6ea3d85be:192.168.34.22:45138). Request must be sent to leader., logIndex=0, commits[5f4cf9ee-4bed-49de-adaa-861aec894328:c727, 4eaaa090-573e-41d3-9f8c-c99e236d806a:c727, 17750241-545b-4219-93a1-14a6ea3d85be:c727]
2019-08-23 02:47:57,760 | INFO  | DNAudit | user=null | ip=null | op=WRITE_CHUNK {blockData=conID: 2 locID: 102664010306748818 bcsId: 0} | ret=SUCCESS |  
2019-08-23 02:47:57,769 | INFO  | DNAudit | user=null | ip=null | op=WRITE_CHUNK {blockData=conID: 2 locID: 102664010306748818 bcsId: 0} | ret=SUCCESS |  
2019-08-23 02:47:57,772 | INFO  | DNAudit | user=null | ip=null | op=WRITE_CHUNK {blockData=conID: 2 locID: 102664010306748818 bcsId: 0} | ret=SUCCESS |  
2019-08-23 02:47:57,783 | INFO  | DNAudit | user=null | ip=null | op=WRITE_CHUNK {blockData=conID: 2 locID: 102664010306748818 bcsId: 0} | ret=SUCCESS |  
2019-08-23 02:47:57,788 [grpc-default-executor-6] INFO  client.GrpcClientProtocolClient (GrpcClientProtocolClient.java:onNext(255)) - client-B268B4322F32->17750241-545b-4219-93a1-14a6ea3d85be: receive RaftClientReply:client-B268B4322F32->17750241-545b-4219-93a1-14a6ea3d85be@group-C33FBD9556F2, cid=600, SUCCESS, logIndex=728, commits[17750241-545b-4219-93a1-14a6ea3d85be:c728, 4eaaa090-573e-41d3-9f8c-c99e236d806a:c727, 5f4cf9ee-4bed-49de-adaa-861aec894328:c727]
2019-08-23 02:47:57,794 | INFO  | SCMAudit | user=jenkins1000 | ip=192.168.34.22 | op=SEND_HEARTBEAT {datanodeUUID=0cedf437-a8af-4d70-bac5-ea9863093e86, command=[]} | ret=SUCCESS |  
2019-08-23 02:47:57,795 | INFO  | DNAudit | user=null | ip=null | op=WRITE_CHUNK {blockData=conID: 2 locID: 102664010306748818 bcsId: 0} | ret=SUCCESS |  
2019-08-23 02:47:57,796 | INFO  | DNAudit | user=null | ip=null | op=WRITE_CHUNK {blockData=conID: 2 locID: 102664010306748818 bcsId: 0} | ret=SUCCESS |  
2019-08-23 02:47:57,799 | INFO  | DNAudit | user=null | ip=null | op=PUT_BLOCK {blockData=[blockId=conID: 2 locID: 102664010306748818 bcsId: 0,size=1048576]} | ret=SUCCESS |  
2019-08-23 02:47:57,805 | INFO  | DNAudit | user=null | ip=null | op=WRITE_CHUNK {blockData=conID: 2 locID: 102664010306748818 bcsId: 0} | ret=SUCCESS |  
2019-08-23 02:47:57,805 [grpc-default-executor-6] INFO  client.GrpcClientProtocolClient (GrpcClientProtocolClient.java:onNext(255)) - client-B268B4322F32->17750241-545b-4219-93a1-14a6ea3d85be: receive RaftClientReply:client-B268B4322F32->17750241-545b-4219-93a1-14a6ea3d85be@group-C33FBD9556F2, cid=601, SUCCESS, logIndex=730, commits[17750241-545b-4219-93a1-14a6ea3d85be:c730, 4eaaa090-573e-41d3-9f8c-c99e236d806a:c728, 5f4cf9ee-4bed-49de-adaa-861aec894328:c728]
2019-08-23 02:47:57,810 | INFO  | DNAudit | user=null | ip=null | op=WRITE_CHUNK {blockData=conID: 2 locID: 102664010306748818 bcsId: 0} | ret=SUCCESS |  
2019-08-23 02:47:57,810 | INFO  | DNAudit | user=null | ip=null | op=PUT_BLOCK {blockData=[blockId=conID: 2 locID: 102664010306748818 bcsId: 0,size=1048576]} | ret=SUCCESS |  
2019-08-23 02:47:57,811 | INFO  | DNAudit | user=null | ip=null | op=WRITE_CHUNK {blockData=conID: 2 locID: 102664010306748818 bcsId: 0} | ret=SUCCESS |  
2019-08-23 02:47:57,823 | INFO  | DNAudit | user=null | ip=null | op=PUT_BLOCK {blockData=[blockId=conID: 2 locID: 102664010306748818 bcsId: 0,size=1048576]} | ret=SUCCESS |  
2019-08-23 02:47:57,823 | INFO  | DNAudit | user=null | ip=null | op=WRITE_CHUNK {blockData=conID: 2 locID: 102664010306748818 bcsId: 0} | ret=SUCCESS |  
2019-08-23 02:47:57,824 | INFO  | DNAudit | user=null | ip=null | op=PUT_BLOCK {blockData=[blockId=conID: 2 locID: 102664010306748818 bcsId: 0,size=2097152]} | ret=SUCCESS |  
2019-08-23 02:47:57,827 [grpc-default-executor-2] INFO  client.GrpcClientProtocolClient (GrpcClientProtocolClient.java:onNext(255)) - client-B268B4322F32->17750241-545b-4219-93a1-14a6ea3d85be: receive RaftClientReply:client-B268B4322F32->17750241-545b-4219-93a1-14a6ea3d85be@group-C33FBD9556F2, cid=602, SUCCESS, logIndex=732, commits[17750241-545b-4219-93a1-14a6ea3d85be:c733, 4eaaa090-573e-41d3-9f8c-c99e236d806a:c730, 5f4cf9ee-4bed-49de-adaa-861aec894328:c730]
2019-08-23 02:47:57,830 | INFO  | DNAudit | user=null | ip=null | op=WRITE_CHUNK {blockData=conID: 2 locID: 102664010306748818 bcsId: 0} | ret=SUCCESS |  
2019-08-23 02:47:57,830 | INFO  | DNAudit | user=null | ip=null | op=WRITE_CHUNK {blockData=conID: 2 locID: 102664010306748818 bcsId: 0} | ret=SUCCESS |  
2019-08-23 02:47:57,830 [grpc-default-executor-2] INFO  client.GrpcClientProtocolClient (GrpcClientProtocolClient.java:onNext(255)) - client-B268B4322F32->17750241-545b-4219-93a1-14a6ea3d85be: receive RaftClientReply:client-B268B4322F32->17750241-545b-4219-93a1-14a6ea3d85be@group-C33FBD9556F2, cid=603, SUCCESS, logIndex=733, commits[17750241-545b-4219-93a1-14a6ea3d85be:c733, 4eaaa090-573e-41d3-9f8c-c99e236d806a:c730, 5f4cf9ee-4bed-49de-adaa-861aec894328:c730]
2019-08-23 02:47:57,831 | INFO  | DNAudit | user=null | ip=null | op=PUT_BLOCK {blockData=[blockId=conID: 2 locID: 102664010306748818 bcsId: 0,size=2097152]} | ret=SUCCESS |  
2019-08-23 02:47:57,839 | INFO  | DNAudit | user=null | ip=null | op=PUT_BLOCK {blockData=[blockId=conID: 2 locID: 102664010306748818 bcsId: 0,size=2097152]} | ret=SUCCESS |  
2019-08-23 02:47:57,850 | INFO  | DNAudit | user=null | ip=null | op=WRITE_CHUNK {blockData=conID: 2 locID: 102664010306748818 bcsId: 733} | ret=SUCCESS |  
2019-08-23 02:47:57,854 | INFO  | DNAudit | user=null | ip=null | op=WRITE_CHUNK {blockData=conID: 2 locID: 102664010306748818 bcsId: 733} | ret=SUCCESS |  
2019-08-23 02:47:57,855 | INFO  | DNAudit | user=null | ip=null | op=WRITE_CHUNK {blockData=conID: 2 locID: 102664010306748818 bcsId: 733} | ret=SUCCESS |  
2019-08-23 02:47:57,858 | INFO  | DNAudit | user=null | ip=null | op=WRITE_CHUNK {blockData=conID: 2 locID: 102664010306748818 bcsId: 733} | ret=SUCCESS |  
2019-08-23 02:47:57,859 | INFO  | DNAudit | user=null | ip=null | op=PUT_BLOCK {blockData=[blockId=conID: 2 locID: 102664010306748818 bcsId: 0,size=3145728]} | ret=SUCCESS |  
2019-08-23 02:47:57,859 [grpc-default-executor-5] INFO  client.GrpcClientProtocolClient (GrpcClientProtocolClient.java:onNext(255)) - client-B268B4322F32->17750241-545b-4219-93a1-14a6ea3d85be: receive RaftClientReply:client-B268B4322F32->17750241-545b-4219-93a1-14a6ea3d85be@group-C33FBD9556F2, cid=604, SUCCESS, logIndex=736, commits[17750241-545b-4219-93a1-14a6ea3d85be:c737, 4eaaa090-573e-41d3-9f8c-c99e236d806a:c735, 5f4cf9ee-4bed-49de-adaa-861aec894328:c733]
2019-08-23 02:47:57,860 | INFO  | DNAudit | user=null | ip=null | op=WRITE_CHUNK {blockData=conID: 2 locID: 102664010306748818 bcsId: 733} | ret=SUCCESS |  
2019-08-23 02:47:57,860 [grpc-default-executor-5] INFO  client.GrpcClientProtocolClient (GrpcClientProtocolClient.java:onNext(255)) - client-B268B4322F32->17750241-545b-4219-93a1-14a6ea3d85be: receive RaftClientReply:client-B268B4322F32->17750241-545b-4219-93a1-14a6ea3d85be@group-C33FBD9556F2, cid=605, SUCCESS, logIndex=737, commits[17750241-545b-4219-93a1-14a6ea3d85be:c737, 4eaaa090-573e-41d3-9f8c-c99e236d806a:c735, 5f4cf9ee-4bed-49de-adaa-861aec894328:c735]
2019-08-23 02:47:57,861 | INFO  | DNAudit | user=null | ip=null | op=WRITE_CHUNK {blockData=conID: 2 locID: 102664010306748818 bcsId: 733} | ret=SUCCESS |  
2019-08-23 02:47:57,861 | INFO  | DNAudit | user=null | ip=null | op=PUT_BLOCK {blockData=[blockId=conID: 2 locID: 102664010306748818 bcsId: 0,size=3145728]} | ret=SUCCESS |  
2019-08-23 02:47:57,862 | INFO  | DNAudit | user=null | ip=null | op=PUT_BLOCK {blockData=[blockId=conID: 2 locID: 102664010306748818 bcsId: 0,size=3145728]} | ret=SUCCESS |  
2019-08-23 02:47:57,876 | INFO  | DNAudit | user=null | ip=null | op=WRITE_CHUNK {blockData=conID: 2 locID: 102664010306748818 bcsId: 737} | ret=SUCCESS |  
2019-08-23 02:47:57,882 | INFO  | DNAudit | user=null | ip=null | op=WRITE_CHUNK {blockData=conID: 2 locID: 102664010306748818 bcsId: 737} | ret=SUCCESS |  
2019-08-23 02:47:57,883 | INFO  | DNAudit | user=null | ip=null | op=WRITE_CHUNK {blockData=conID: 2 locID: 102664010306748818 bcsId: 737} | ret=SUCCESS |  
2019-08-23 02:47:57,889 | INFO  | DNAudit | user=null | ip=null | op=WRITE_CHUNK {blockData=conID: 2 locID: 102664010306748818 bcsId: 737} | ret=SUCCESS |  
2019-08-23 02:47:57,890 | INFO  | DNAudit | user=null | ip=null | op=PUT_BLOCK {blockData=[blockId=conID: 2 locID: 102664010306748818 bcsId: 0,size=4194304]} | ret=SUCCESS |  
2019-08-23 02:47:57,892 [grpc-default-executor-6] INFO  client.GrpcClientProtocolClient (GrpcClientProtocolClient.java:onNext(255)) - client-B268B4322F32->17750241-545b-4219-93a1-14a6ea3d85be: receive RaftClientReply:client-B268B4322F32->17750241-545b-4219-93a1-14a6ea3d85be@group-C33FBD9556F2, cid=606, SUCCESS, logIndex=740, commits[17750241-545b-4219-93a1-14a6ea3d85be:c741, 4eaaa090-573e-41d3-9f8c-c99e236d806a:c739, 5f4cf9ee-4bed-49de-adaa-861aec894328:c739]
2019-08-23 02:47:57,893 [grpc-default-executor-6] INFO  client.GrpcClientProtocolClient (GrpcClientProtocolClient.java:onNext(255)) - client-B268B4322F32->17750241-545b-4219-93a1-14a6ea3d85be: receive RaftClientReply:client-B268B4322F32->17750241-545b-4219-93a1-14a6ea3d85be@group-C33FBD9556F2, cid=607, SUCCESS, logIndex=741, commits[17750241-545b-4219-93a1-14a6ea3d85be:c741, 4eaaa090-573e-41d3-9f8c-c99e236d806a:c739, 5f4cf9ee-4bed-49de-adaa-861aec894328:c739]
2019-08-23 02:47:57,899 | INFO  | DNAudit | user=null | ip=null | op=WRITE_CHUNK {blockData=conID: 2 locID: 102664010306748818 bcsId: 737} | ret=SUCCESS |  
2019-08-23 02:47:57,899 | INFO  | DNAudit | user=null | ip=null | op=WRITE_CHUNK {blockData=conID: 2 locID: 102664010306748818 bcsId: 737} | ret=SUCCESS |  
2019-08-23 02:47:57,900 | INFO  | DNAudit | user=null | ip=null | op=PUT_BLOCK {blockData=[blockId=conID: 2 locID: 102664010306748818 bcsId: 0,size=4194304]} | ret=SUCCESS |  
2019-08-23 02:47:57,900 | INFO  | DNAudit | user=null | ip=null | op=PUT_BLOCK {blockData=[blockId=conID: 2 locID: 102664010306748818 bcsId: 0,size=4194304]} | ret=SUCCESS |  
2019-08-23 02:47:57,906 [grpc-default-executor-6] INFO  client.GrpcClientProtocolClient (GrpcClientProtocolClient.java:onNext(255)) - client-B268B4322F32->17750241-545b-4219-93a1-14a6ea3d85be: receive RaftClientReply:client-B268B4322F32->17750241-545b-4219-93a1-14a6ea3d85be@group-C33FBD9556F2, cid=608, SUCCESS, logIndex=0, commits[17750241-545b-4219-93a1-14a6ea3d85be:c743, 4eaaa090-573e-41d3-9f8c-c99e236d806a:c741, 5f4cf9ee-4bed-49de-adaa-861aec894328:c741]
2019-08-23 02:47:57,923 | INFO  | DNAudit | user=null | ip=null | op=WRITE_CHUNK {blockData=conID: 3 locID: 102664010306748819 bcsId: 0} | ret=SUCCESS |  
2019-08-23 02:47:57,930 | INFO  | DNAudit | user=null | ip=null | op=WRITE_CHUNK {blockData=conID: 3 locID: 102664010306748819 bcsId: 0} | ret=SUCCESS |  
2019-08-23 02:47:57,930 | INFO  | DNAudit | user=null | ip=null | op=WRITE_CHUNK {blockData=conID: 3 locID: 102664010306748819 bcsId: 0} | ret=SUCCESS |  
2019-08-23 02:47:57,930 | INFO  | DNAudit | user=null | ip=null | op=WRITE_CHUNK {blockData=conID: 3 locID: 102664010306748819 bcsId: 0} | ret=SUCCESS |  
2019-08-23 02:47:57,932 | INFO  | DNAudit | user=null | ip=null | op=WRITE_CHUNK {blockData=conID: 3 locID: 102664010306748819 bcsId: 0} | ret=SUCCESS |  
2019-08-23 02:47:57,935 | INFO  | DNAudit | user=null | ip=null | op=WRITE_CHUNK {blockData=conID: 3 locID: 102664010306748819 bcsId: 0} | ret=SUCCESS |  
2019-08-23 02:47:57,936 | INFO  | DNAudit | user=null | ip=null | op=WRITE_CHUNK {blockData=conID: 3 locID: 102664010306748819 bcsId: 0} | ret=SUCCESS |  
2019-08-23 02:47:57,936 | INFO  | DNAudit | user=null | ip=null | op=PUT_BLOCK {blockData=[blockId=conID: 3 locID: 102664010306748819 bcsId: 0,size=1048576]} | ret=SUCCESS |  
2019-08-23 02:47:57,937 | INFO  | DNAudit | user=null | ip=null | op=WRITE_CHUNK {blockData=conID: 3 locID: 102664010306748819 bcsId: 0} | ret=SUCCESS |  
2019-08-23 02:47:57,938 | INFO  | DNAudit | user=null | ip=null | op=WRITE_CHUNK {blockData=conID: 3 locID: 102664010306748819 bcsId: 0} | ret=SUCCESS |  
2019-08-23 02:47:57,941 | INFO  | DNAudit | user=null | ip=null | op=PUT_BLOCK {blockData=[blockId=conID: 3 locID: 102664010306748819 bcsId: 0,size=2097152]} | ret=SUCCESS |  
2019-08-23 02:47:57,941 [grpc-default-executor-2] INFO  client.GrpcClientProtocolClient (GrpcClientProtocolClient.java:onNext(255)) - client-B268B4322F32->17750241-545b-4219-93a1-14a6ea3d85be: receive RaftClientReply:client-B268B4322F32->17750241-545b-4219-93a1-14a6ea3d85be@group-C33FBD9556F2, cid=609, SUCCESS, logIndex=744, commits[17750241-545b-4219-93a1-14a6ea3d85be:c745, 4eaaa090-573e-41d3-9f8c-c99e236d806a:c741, 5f4cf9ee-4bed-49de-adaa-861aec894328:c743]
2019-08-23 02:47:57,941 | INFO  | DNAudit | user=null | ip=null | op=WRITE_CHUNK {blockData=conID: 3 locID: 102664010306748819 bcsId: 0} | ret=SUCCESS |  
2019-08-23 02:47:57,941 | INFO  | DNAudit | user=null | ip=null | op=PUT_BLOCK {blockData=[blockId=conID: 3 locID: 102664010306748819 bcsId: 0,size=1048576]} | ret=SUCCESS |  
2019-08-23 02:47:57,942 | INFO  | DNAudit | user=null | ip=null | op=PUT_BLOCK {blockData=[blockId=conID: 3 locID: 102664010306748819 bcsId: 0,size=1048576]} | ret=SUCCESS |  
2019-08-23 02:47:57,942 | INFO  | DNAudit | user=null | ip=null | op=WRITE_CHUNK {blockData=conID: 3 locID: 102664010306748819 bcsId: 0} | ret=SUCCESS |  
2019-08-23 02:47:57,942 | INFO  | DNAudit | user=null | ip=null | op=WRITE_CHUNK {blockData=conID: 3 locID: 102664010306748819 bcsId: 0} | ret=SUCCESS |  
2019-08-23 02:47:57,943 | INFO  | DNAudit | user=null | ip=null | op=PUT_BLOCK {blockData=[blockId=conID: 3 locID: 102664010306748819 bcsId: 0,size=2097152]} | ret=SUCCESS |  
2019-08-23 02:47:57,943 [grpc-default-executor-2] INFO  client.GrpcClientProtocolClient (GrpcClientProtocolClient.java:onNext(255)) - client-B268B4322F32->17750241-545b-4219-93a1-14a6ea3d85be: receive RaftClientReply:client-B268B4322F32->17750241-545b-4219-93a1-14a6ea3d85be@group-C33FBD9556F2, cid=610, SUCCESS, logIndex=745, commits[17750241-545b-4219-93a1-14a6ea3d85be:c746, 4eaaa090-573e-41d3-9f8c-c99e236d806a:c743, 5f4cf9ee-4bed-49de-adaa-861aec894328:c743]
2019-08-23 02:47:57,944 | INFO  | DNAudit | user=null | ip=null | op=PUT_BLOCK {blockData=[blockId=conID: 3 locID: 102664010306748819 bcsId: 0,size=2097152]} | ret=SUCCESS |  
2019-08-23 02:47:57,945 [grpc-default-executor-2] INFO  client.GrpcClientProtocolClient (GrpcClientProtocolClient.java:onNext(255)) - client-B268B4322F32->17750241-545b-4219-93a1-14a6ea3d85be: receive RaftClientReply:client-B268B4322F32->17750241-545b-4219-93a1-14a6ea3d85be@group-C33FBD9556F2, cid=611, SUCCESS, logIndex=746, commits[17750241-545b-4219-93a1-14a6ea3d85be:c747, 4eaaa090-573e-41d3-9f8c-c99e236d806a:c743, 5f4cf9ee-4bed-49de-adaa-861aec894328:c743]
2019-08-23 02:47:57,945 [grpc-default-executor-2] INFO  client.GrpcClientProtocolClient (GrpcClientProtocolClient.java:onNext(255)) - client-B268B4322F32->17750241-545b-4219-93a1-14a6ea3d85be: receive RaftClientReply:client-B268B4322F32->17750241-545b-4219-93a1-14a6ea3d85be@group-C33FBD9556F2, cid=612, SUCCESS, logIndex=747, commits[17750241-545b-4219-93a1-14a6ea3d85be:c747, 4eaaa090-573e-41d3-9f8c-c99e236d806a:c743, 5f4cf9ee-4bed-49de-adaa-861aec894328:c743]
2019-08-23 02:47:57,947 [grpc-default-executor-2] INFO  client.GrpcClientProtocolClient (GrpcClientProtocolClient.java:onNext(255)) - client-B268B4322F32->17750241-545b-4219-93a1-14a6ea3d85be: receive RaftClientReply:client-B268B4322F32->17750241-545b-4219-93a1-14a6ea3d85be@group-C33FBD9556F2, cid=613, SUCCESS, logIndex=0, commits[17750241-545b-4219-93a1-14a6ea3d85be:c750, 4eaaa090-573e-41d3-9f8c-c99e236d806a:c747, 5f4cf9ee-4bed-49de-adaa-861aec894328:c747]
2019-08-23 02:47:57,960 | INFO  | DNAudit | user=null | ip=null | op=WRITE_CHUNK {blockData=conID: 3 locID: 102664010306748819 bcsId: 747} | ret=SUCCESS |  
2019-08-23 02:47:57,966 | INFO  | DNAudit | user=null | ip=null | op=WRITE_CHUNK {blockData=conID: 3 locID: 102664010306748819 bcsId: 747} | ret=SUCCESS |  
2019-08-23 02:47:57,967 | INFO  | DNAudit | user=null | ip=null | op=WRITE_CHUNK {blockData=conID: 3 locID: 102664010306748819 bcsId: 747} | ret=SUCCESS |  
2019-08-23 02:47:57,974 | INFO  | DNAudit | user=null | ip=null | op=WRITE_CHUNK {blockData=conID: 3 locID: 102664010306748819 bcsId: 747} | ret=SUCCESS |  
2019-08-23 02:47:57,974 | INFO  | DNAudit | user=null | ip=null | op=PUT_BLOCK {blockData=[blockId=conID: 3 locID: 102664010306748819 bcsId: 0,size=3145728]} | ret=SUCCESS |  
2019-08-23 02:47:57,975 [grpc-default-executor-2] INFO  client.GrpcClientProtocolClient (GrpcClientProtocolClient.java:onNext(255)) - client-B268B4322F32->17750241-545b-4219-93a1-14a6ea3d85be: receive RaftClientReply:client-B268B4322F32->17750241-545b-4219-93a1-14a6ea3d85be@group-C33FBD9556F2, cid=614, SUCCESS, logIndex=751, commits[17750241-545b-4219-93a1-14a6ea3d85be:c752, 4eaaa090-573e-41d3-9f8c-c99e236d806a:c750, 5f4cf9ee-4bed-49de-adaa-861aec894328:c750]
2019-08-23 02:47:57,976 [grpc-default-executor-2] INFO  client.GrpcClientProtocolClient (GrpcClientProtocolClient.java:onNext(255)) - client-B268B4322F32->17750241-545b-4219-93a1-14a6ea3d85be: receive RaftClientReply:client-B268B4322F32->17750241-545b-4219-93a1-14a6ea3d85be@group-C33FBD9556F2, cid=615, SUCCESS, logIndex=752, commits[17750241-545b-4219-93a1-14a6ea3d85be:c752, 4eaaa090-573e-41d3-9f8c-c99e236d806a:c750, 5f4cf9ee-4bed-49de-adaa-861aec894328:c750]
2019-08-23 02:47:58,205 | INFO  | DNAudit | user=null | ip=null | op=WRITE_CHUNK {blockData=conID: 3 locID: 102664010306748819 bcsId: 747} | ret=SUCCESS |  
2019-08-23 02:47:58,206 | INFO  | DNAudit | user=null | ip=null | op=WRITE_CHUNK {blockData=conID: 3 locID: 102664010306748819 bcsId: 747} | ret=SUCCESS |  
2019-08-23 02:47:58,206 | INFO  | SCMAudit | user=jenkins1000 | ip=192.168.34.22 | op=SEND_HEARTBEAT {datanodeUUID=5f4cf9ee-4bed-49de-adaa-861aec894328, command=[]} | ret=SUCCESS |  
2019-08-23 02:47:58,207 | INFO  | DNAudit | user=null | ip=null | op=PUT_BLOCK {blockData=[blockId=conID: 3 locID: 102664010306748819 bcsId: 0,size=3145728]} | ret=SUCCESS |  
2019-08-23 02:47:58,207 | INFO  | SCMAudit | user=jenkins1000 | ip=192.168.34.22 | op=SEND_HEARTBEAT {datanodeUUID=4eaaa090-573e-41d3-9f8c-c99e236d806a, command=[]} | ret=SUCCESS |  
2019-08-23 02:47:58,207 | INFO  | SCMAudit | user=jenkins1000 | ip=192.168.34.22 | op=SEND_HEARTBEAT {datanodeUUID=17750241-545b-4219-93a1-14a6ea3d85be, command=[]} | ret=SUCCESS |  
2019-08-23 02:47:58,207 | INFO  | DNAudit | user=null | ip=null | op=PUT_BLOCK {blockData=[blockId=conID: 3 locID: 102664010306748819 bcsId: 0,size=3145728]} | ret=SUCCESS |  
2019-08-23 02:47:58,210 | INFO  | DNAudit | user=null | ip=null | op=WRITE_CHUNK {blockData=conID: 3 locID: 102664010306748819 bcsId: 752} | ret=SUCCESS |  
2019-08-23 02:47:58,215 | INFO  | DNAudit | user=null | ip=null | op=WRITE_CHUNK {blockData=conID: 3 locID: 102664010306748819 bcsId: 752} | ret=SUCCESS |  
2019-08-23 02:47:58,215 | INFO  | DNAudit | user=null | ip=null | op=WRITE_CHUNK {blockData=conID: 3 locID: 102664010306748819 bcsId: 752} | ret=SUCCESS |  
2019-08-23 02:47:58,224 | INFO  | DNAudit | user=null | ip=null | op=WRITE_CHUNK {blockData=conID: 3 locID: 102664010306748819 bcsId: 752} | ret=SUCCESS |  
2019-08-23 02:47:58,225 | INFO  | DNAudit | user=null | ip=null | op=PUT_BLOCK {blockData=[blockId=conID: 3 locID: 102664010306748819 bcsId: 0,size=4194304]} | ret=SUCCESS |  
2019-08-23 02:47:58,225 [grpc-default-executor-2] INFO  client.GrpcClientProtocolClient (GrpcClientProtocolClient.java:onNext(255)) - client-B268B4322F32->17750241-545b-4219-93a1-14a6ea3d85be: receive RaftClientReply:client-B268B4322F32->17750241-545b-4219-93a1-14a6ea3d85be@group-C33FBD9556F2, cid=616, SUCCESS, logIndex=755, commits[17750241-545b-4219-93a1-14a6ea3d85be:c756, 4eaaa090-573e-41d3-9f8c-c99e236d806a:c754, 5f4cf9ee-4bed-49de-adaa-861aec894328:c754]
2019-08-23 02:47:58,226 [grpc-default-executor-2] INFO  client.GrpcClientProtocolClient (GrpcClientProtocolClient.java:onNext(255)) - client-B268B4322F32->17750241-545b-4219-93a1-14a6ea3d85be: receive RaftClientReply:client-B268B4322F32->17750241-545b-4219-93a1-14a6ea3d85be@group-C33FBD9556F2, cid=617, SUCCESS, logIndex=756, commits[17750241-545b-4219-93a1-14a6ea3d85be:c756, 4eaaa090-573e-41d3-9f8c-c99e236d806a:c754, 5f4cf9ee-4bed-49de-adaa-861aec894328:c754]
2019-08-23 02:47:58,236 | INFO  | DNAudit | user=null | ip=null | op=WRITE_CHUNK {blockData=conID: 3 locID: 102664010306748819 bcsId: 752} | ret=SUCCESS |  
2019-08-23 02:47:58,236 | INFO  | DNAudit | user=null | ip=null | op=WRITE_CHUNK {blockData=conID: 3 locID: 102664010306748819 bcsId: 752} | ret=SUCCESS |  
2019-08-23 02:47:58,236 | INFO  | DNAudit | user=null | ip=null | op=PUT_BLOCK {blockData=[blockId=conID: 3 locID: 102664010306748819 bcsId: 0,size=4194304]} | ret=SUCCESS |  
2019-08-23 02:47:58,236 | INFO  | DNAudit | user=null | ip=null | op=PUT_BLOCK {blockData=[blockId=conID: 3 locID: 102664010306748819 bcsId: 0,size=4194304]} | ret=SUCCESS |  
2019-08-23 02:47:58,237 [grpc-default-executor-6] INFO  client.GrpcClientProtocolClient (GrpcClientProtocolClient.java:onNext(255)) - client-B268B4322F32->17750241-545b-4219-93a1-14a6ea3d85be: receive RaftClientReply:client-B268B4322F32->17750241-545b-4219-93a1-14a6ea3d85be@group-C33FBD9556F2, cid=618, SUCCESS, logIndex=0, commits[17750241-545b-4219-93a1-14a6ea3d85be:c757, 4eaaa090-573e-41d3-9f8c-c99e236d806a:c756, 5f4cf9ee-4bed-49de-adaa-861aec894328:c756]
2019-08-23 02:47:58,248 | INFO  | DNAudit | user=null | ip=null | op=WRITE_CHUNK {blockData=conID: 1 locID: 102664010306748820 bcsId: 0} | ret=SUCCESS |  
2019-08-23 02:47:58,253 | INFO  | DNAudit | user=null | ip=null | op=WRITE_CHUNK {blockData=conID: 1 locID: 102664010306748820 bcsId: 0} | ret=SUCCESS |  
2019-08-23 02:47:58,254 | INFO  | DNAudit | user=null | ip=null | op=WRITE_CHUNK {blockData=conID: 1 locID: 102664010306748820 bcsId: 0} | ret=SUCCESS |  
2019-08-23 02:47:58,255 | INFO  | DNAudit | user=null | ip=null | op=WRITE_CHUNK {blockData=conID: 1 locID: 102664010306748820 bcsId: 0} | ret=SUCCESS |  
2019-08-23 02:47:58,257 | INFO  | DNAudit | user=null | ip=null | op=WRITE_CHUNK {blockData=conID: 1 locID: 102664010306748820 bcsId: 0} | ret=SUCCESS |  
2019-08-23 02:47:58,259 | INFO  | DNAudit | user=null | ip=null | op=WRITE_CHUNK {blockData=conID: 1 locID: 102664010306748820 bcsId: 0} | ret=SUCCESS |  
2019-08-23 02:47:58,262 | INFO  | DNAudit | user=null | ip=null | op=WRITE_CHUNK {blockData=conID: 1 locID: 102664010306748820 bcsId: 0} | ret=SUCCESS |  
2019-08-23 02:47:58,263 | INFO  | DNAudit | user=null | ip=null | op=PUT_BLOCK {blockData=[blockId=conID: 1 locID: 102664010306748820 bcsId: 0,size=1048576]} | ret=SUCCESS |  
2019-08-23 02:47:58,264 | INFO  | DNAudit | user=null | ip=null | op=WRITE_CHUNK {blockData=conID: 1 locID: 102664010306748820 bcsId: 0} | ret=SUCCESS |  
2019-08-23 02:47:58,264 [grpc-default-executor-2] INFO  client.GrpcClientProtocolClient (GrpcClientProtocolClient.java:onNext(255)) - client-B268B4322F32->17750241-545b-4219-93a1-14a6ea3d85be: receive RaftClientReply:client-B268B4322F32->17750241-545b-4219-93a1-14a6ea3d85be@group-C33FBD9556F2, cid=619, SUCCESS, logIndex=759, commits[17750241-545b-4219-93a1-14a6ea3d85be:c762, 4eaaa090-573e-41d3-9f8c-c99e236d806a:c758, 5f4cf9ee-4bed-49de-adaa-861aec894328:c758]
2019-08-23 02:47:58,264 | INFO  | DNAudit | user=null | ip=null | op=PUT_BLOCK {blockData=[blockId=conID: 1 locID: 102664010306748820 bcsId: 0,size=2097152]} | ret=SUCCESS |  
2019-08-23 02:47:58,264 | INFO  | DNAudit | user=null | ip=null | op=WRITE_CHUNK {blockData=conID: 1 locID: 102664010306748820 bcsId: 0} | ret=SUCCESS |  
2019-08-23 02:47:58,264 [grpc-default-executor-2] INFO  client.GrpcClientProtocolClient (GrpcClientProtocolClient.java:onNext(255)) - client-B268B4322F32->17750241-545b-4219-93a1-14a6ea3d85be: receive RaftClientReply:client-B268B4322F32->17750241-545b-4219-93a1-14a6ea3d85be@group-C33FBD9556F2, cid=620, SUCCESS, logIndex=760, commits[17750241-545b-4219-93a1-14a6ea3d85be:c762, 4eaaa090-573e-41d3-9f8c-c99e236d806a:c758, 5f4cf9ee-4bed-49de-adaa-861aec894328:c758]
2019-08-23 02:47:58,265 | INFO  | DNAudit | user=null | ip=null | op=WRITE_CHUNK {blockData=conID: 1 locID: 102664010306748820 bcsId: 0} | ret=SUCCESS |  
2019-08-23 02:47:58,265 | INFO  | DNAudit | user=null | ip=null | op=PUT_BLOCK {blockData=[blockId=conID: 1 locID: 102664010306748820 bcsId: 0,size=1048576]} | ret=SUCCESS |  
2019-08-23 02:47:58,265 [grpc-default-executor-2] INFO  client.GrpcClientProtocolClient (GrpcClientProtocolClient.java:onNext(255)) - client-B268B4322F32->17750241-545b-4219-93a1-14a6ea3d85be: receive RaftClientReply:client-B268B4322F32->17750241-545b-4219-93a1-14a6ea3d85be@group-C33FBD9556F2, cid=621, SUCCESS, logIndex=761, commits[17750241-545b-4219-93a1-14a6ea3d85be:c762, 4eaaa090-573e-41d3-9f8c-c99e236d806a:c758, 5f4cf9ee-4bed-49de-adaa-861aec894328:c758]
2019-08-23 02:47:58,266 | INFO  | DNAudit | user=null | ip=null | op=PUT_BLOCK {blockData=[blockId=conID: 1 locID: 102664010306748820 bcsId: 0,size=1048576]} | ret=SUCCESS |  
2019-08-23 02:47:58,266 | INFO  | DNAudit | user=null | ip=null | op=WRITE_CHUNK {blockData=conID: 1 locID: 102664010306748820 bcsId: 0} | ret=SUCCESS |  
2019-08-23 02:47:58,266 [grpc-default-executor-2] INFO  client.GrpcClientProtocolClient (GrpcClientProtocolClient.java:onNext(255)) - client-B268B4322F32->17750241-545b-4219-93a1-14a6ea3d85be: receive RaftClientReply:client-B268B4322F32->17750241-545b-4219-93a1-14a6ea3d85be@group-C33FBD9556F2, cid=622, SUCCESS, logIndex=762, commits[17750241-545b-4219-93a1-14a6ea3d85be:c762, 4eaaa090-573e-41d3-9f8c-c99e236d806a:c758, 5f4cf9ee-4bed-49de-adaa-861aec894328:c758]
2019-08-23 02:47:58,266 | INFO  | DNAudit | user=null | ip=null | op=WRITE_CHUNK {blockData=conID: 1 locID: 102664010306748820 bcsId: 0} | ret=SUCCESS |  
2019-08-23 02:47:58,267 | INFO  | DNAudit | user=null | ip=null | op=PUT_BLOCK {blockData=[blockId=conID: 1 locID: 102664010306748820 bcsId: 0,size=2097152]} | ret=SUCCESS |  
2019-08-23 02:47:58,267 [grpc-default-executor-6] INFO  client.GrpcClientProtocolClient (GrpcClientProtocolClient.java:onNext(255)) - client-B268B4322F32->17750241-545b-4219-93a1-14a6ea3d85be: receive RaftClientReply:client-B268B4322F32->17750241-545b-4219-93a1-14a6ea3d85be@group-C33FBD9556F2, cid=623, SUCCESS, logIndex=0, commits[17750241-545b-4219-93a1-14a6ea3d85be:c766, 4eaaa090-573e-41d3-9f8c-c99e236d806a:c762, 5f4cf9ee-4bed-49de-adaa-861aec894328:c761]
2019-08-23 02:47:58,277 | INFO  | DNAudit | user=null | ip=null | op=PUT_BLOCK {blockData=[blockId=conID: 1 locID: 102664010306748820 bcsId: 0,size=2097152]} | ret=SUCCESS |  
2019-08-23 02:47:58,277 | INFO  | DNAudit | user=null | ip=null | op=WRITE_CHUNK {blockData=conID: 1 locID: 102664010306748820 bcsId: 762} | ret=SUCCESS |  
2019-08-23 02:47:58,282 | INFO  | DNAudit | user=null | ip=null | op=WRITE_CHUNK {blockData=conID: 1 locID: 102664010306748820 bcsId: 762} | ret=SUCCESS |  
2019-08-23 02:47:58,283 | INFO  | DNAudit | user=null | ip=null | op=WRITE_CHUNK {blockData=conID: 1 locID: 102664010306748820 bcsId: 762} | ret=SUCCESS |  
2019-08-23 02:47:58,291 | INFO  | DNAudit | user=null | ip=null | op=WRITE_CHUNK {blockData=conID: 1 locID: 102664010306748820 bcsId: 762} | ret=SUCCESS |  
2019-08-23 02:47:58,291 | INFO  | DNAudit | user=null | ip=null | op=PUT_BLOCK {blockData=[blockId=conID: 1 locID: 102664010306748820 bcsId: 0,size=3145728]} | ret=SUCCESS |  
2019-08-23 02:47:58,292 [grpc-default-executor-6] INFO  client.GrpcClientProtocolClient (GrpcClientProtocolClient.java:onNext(255)) - client-B268B4322F32->17750241-545b-4219-93a1-14a6ea3d85be: receive RaftClientReply:client-B268B4322F32->17750241-545b-4219-93a1-14a6ea3d85be@group-C33FBD9556F2, cid=624, SUCCESS, logIndex=767, commits[17750241-545b-4219-93a1-14a6ea3d85be:c768, 4eaaa090-573e-41d3-9f8c-c99e236d806a:c766, 5f4cf9ee-4bed-49de-adaa-861aec894328:c766]
2019-08-23 02:47:58,292 [grpc-default-executor-6] INFO  client.GrpcClientProtocolClient (GrpcClientProtocolClient.java:onNext(255)) - client-B268B4322F32->17750241-545b-4219-93a1-14a6ea3d85be: receive RaftClientReply:client-B268B4322F32->17750241-545b-4219-93a1-14a6ea3d85be@group-C33FBD9556F2, cid=625, SUCCESS, logIndex=768, commits[17750241-545b-4219-93a1-14a6ea3d85be:c768, 4eaaa090-573e-41d3-9f8c-c99e236d806a:c766, 5f4cf9ee-4bed-49de-adaa-861aec894328:c766]
2019-08-23 02:47:58,302 | INFO  | DNAudit | user=null | ip=null | op=WRITE_CHUNK {blockData=conID: 1 locID: 102664010306748820 bcsId: 762} | ret=SUCCESS |  
2019-08-23 02:47:58,302 | INFO  | DNAudit | user=null | ip=null | op=WRITE_CHUNK {blockData=conID: 1 locID: 102664010306748820 bcsId: 762} | ret=SUCCESS |  
2019-08-23 02:47:58,303 | INFO  | DNAudit | user=null | ip=null | op=WRITE_CHUNK {blockData=conID: 1 locID: 102664010306748820 bcsId: 768} | ret=SUCCESS |  
2019-08-23 02:47:58,303 | INFO  | DNAudit | user=null | ip=null | op=PUT_BLOCK {blockData=[blockId=conID: 1 locID: 102664010306748820 bcsId: 0,size=3145728]} | ret=SUCCESS |  
2019-08-23 02:47:58,304 | INFO  | DNAudit | user=null | ip=null | op=PUT_BLOCK {blockData=[blockId=conID: 1 locID: 102664010306748820 bcsId: 0,size=3145728]} | ret=SUCCESS |  
2019-08-23 02:47:58,307 | INFO  | DNAudit | user=null | ip=null | op=WRITE_CHUNK {blockData=conID: 1 locID: 102664010306748820 bcsId: 768} | ret=SUCCESS |  
2019-08-23 02:47:58,307 | INFO  | DNAudit | user=null | ip=null | op=WRITE_CHUNK {blockData=conID: 1 locID: 102664010306748820 bcsId: 768} | ret=SUCCESS |  
2019-08-23 02:47:58,320 | INFO  | DNAudit | user=null | ip=null | op=WRITE_CHUNK {blockData=conID: 1 locID: 102664010306748820 bcsId: 768} | ret=SUCCESS |  
2019-08-23 02:47:58,321 | INFO  | DNAudit | user=null | ip=null | op=PUT_BLOCK {blockData=[blockId=conID: 1 locID: 102664010306748820 bcsId: 0,size=4194304]} | ret=SUCCESS |  
2019-08-23 02:47:58,321 [grpc-default-executor-6] INFO  client.GrpcClientProtocolClient (GrpcClientProtocolClient.java:onNext(255)) - client-B268B4322F32->17750241-545b-4219-93a1-14a6ea3d85be: receive RaftClientReply:client-B268B4322F32->17750241-545b-4219-93a1-14a6ea3d85be@group-C33FBD9556F2, cid=626, SUCCESS, logIndex=771, commits[17750241-545b-4219-93a1-14a6ea3d85be:c772, 4eaaa090-573e-41d3-9f8c-c99e236d806a:c768, 5f4cf9ee-4bed-49de-adaa-861aec894328:c768]
2019-08-23 02:47:58,322 [grpc-default-executor-6] INFO  client.GrpcClientProtocolClient (GrpcClientProtocolClient.java:onNext(255)) - client-B268B4322F32->17750241-545b-4219-93a1-14a6ea3d85be: receive RaftClientReply:client-B268B4322F32->17750241-545b-4219-93a1-14a6ea3d85be@group-C33FBD9556F2, cid=627, SUCCESS, logIndex=772, commits[17750241-545b-4219-93a1-14a6ea3d85be:c772, 4eaaa090-573e-41d3-9f8c-c99e236d806a:c768, 5f4cf9ee-4bed-49de-adaa-861aec894328:c768]
2019-08-23 02:47:58,332 | INFO  | DNAudit | user=null | ip=null | op=WRITE_CHUNK {blockData=conID: 1 locID: 102664010306748820 bcsId: 768} | ret=SUCCESS |  
2019-08-23 02:47:58,332 | INFO  | DNAudit | user=null | ip=null | op=WRITE_CHUNK {blockData=conID: 1 locID: 102664010306748820 bcsId: 768} | ret=SUCCESS |  
2019-08-23 02:47:58,332 | INFO  | DNAudit | user=null | ip=null | op=PUT_BLOCK {blockData=[blockId=conID: 1 locID: 102664010306748820 bcsId: 0,size=4194304]} | ret=SUCCESS |  
2019-08-23 02:47:58,333 | INFO  | DNAudit | user=null | ip=null | op=PUT_BLOCK {blockData=[blockId=conID: 1 locID: 102664010306748820 bcsId: 0,size=4194304]} | ret=SUCCESS |  
2019-08-23 02:47:58,333 [grpc-default-executor-6] INFO  client.GrpcClientProtocolClient (GrpcClientProtocolClient.java:onNext(255)) - client-B268B4322F32->17750241-545b-4219-93a1-14a6ea3d85be: receive RaftClientReply:client-B268B4322F32->17750241-545b-4219-93a1-14a6ea3d85be@group-C33FBD9556F2, cid=628, SUCCESS, logIndex=0, commits[17750241-545b-4219-93a1-14a6ea3d85be:c773, 4eaaa090-573e-41d3-9f8c-c99e236d806a:c772, 5f4cf9ee-4bed-49de-adaa-861aec894328:c772]
2019-08-23 02:47:58,348 | INFO  | DNAudit | user=null | ip=null | op=WRITE_CHUNK {blockData=conID: 2 locID: 102664010306814357 bcsId: 0} | ret=SUCCESS |  
2019-08-23 02:47:58,354 | INFO  | DNAudit | user=null | ip=null | op=WRITE_CHUNK {blockData=conID: 2 locID: 102664010306814357 bcsId: 0} | ret=SUCCESS |  
2019-08-23 02:47:58,355 | INFO  | DNAudit | user=null | ip=null | op=WRITE_CHUNK {blockData=conID: 2 locID: 102664010306814357 bcsId: 0} | ret=SUCCESS |  
2019-08-23 02:47:58,355 | INFO  | DNAudit | user=null | ip=null | op=WRITE_CHUNK {blockData=conID: 2 locID: 102664010306814357 bcsId: 0} | ret=SUCCESS |  
2019-08-23 02:47:58,360 | INFO  | DNAudit | user=null | ip=null | op=WRITE_CHUNK {blockData=conID: 2 locID: 102664010306814357 bcsId: 0} | ret=SUCCESS |  
2019-08-23 02:47:58,360 | INFO  | DNAudit | user=null | ip=null | op=WRITE_CHUNK {blockData=conID: 2 locID: 102664010306814357 bcsId: 0} | ret=SUCCESS |  
2019-08-23 02:47:58,365 | INFO  | DNAudit | user=null | ip=null | op=WRITE_CHUNK {blockData=conID: 2 locID: 102664010306814357 bcsId: 0} | ret=SUCCESS |  
2019-08-23 02:47:58,366 | INFO  | DNAudit | user=null | ip=null | op=PUT_BLOCK {blockData=[blockId=conID: 2 locID: 102664010306814357 bcsId: 0,size=1048576]} | ret=SUCCESS |  
2019-08-23 02:47:58,366 | INFO  | DNAudit | user=null | ip=null | op=WRITE_CHUNK {blockData=conID: 2 locID: 102664010306814357 bcsId: 0} | ret=SUCCESS |  
2019-08-23 02:47:58,366 | INFO  | DNAudit | user=null | ip=null | op=WRITE_CHUNK {blockData=conID: 2 locID: 102664010306814357 bcsId: 0} | ret=SUCCESS |  
2019-08-23 02:47:58,366 [grpc-default-executor-2] INFO  client.GrpcClientProtocolClient (GrpcClientProtocolClient.java:onNext(255)) - client-B268B4322F32->17750241-545b-4219-93a1-14a6ea3d85be: receive RaftClientReply:client-B268B4322F32->17750241-545b-4219-93a1-14a6ea3d85be@group-C33FBD9556F2, cid=629, SUCCESS, logIndex=775, commits[17750241-545b-4219-93a1-14a6ea3d85be:c778, 4eaaa090-573e-41d3-9f8c-c99e236d806a:c774, 5f4cf9ee-4bed-49de-adaa-861aec894328:c774]
2019-08-23 02:47:58,367 | INFO  | DNAudit | user=null | ip=null | op=PUT_BLOCK {blockData=[blockId=conID: 2 locID: 102664010306814357 bcsId: 0,size=1048576]} | ret=SUCCESS |  
2019-08-23 02:47:58,367 | INFO  | DNAudit | user=null | ip=null | op=WRITE_CHUNK {blockData=conID: 2 locID: 102664010306814357 bcsId: 0} | ret=SUCCESS |  
2019-08-23 02:47:58,367 | INFO  | DNAudit | user=null | ip=null | op=PUT_BLOCK {blockData=[blockId=conID: 2 locID: 102664010306814357 bcsId: 0,size=2097152]} | ret=SUCCESS |  
2019-08-23 02:47:58,367 | INFO  | DNAudit | user=null | ip=null | op=PUT_BLOCK {blockData=[blockId=conID: 2 locID: 102664010306814357 bcsId: 0,size=1048576]} | ret=SUCCESS |  
2019-08-23 02:47:58,367 [grpc-default-executor-2] INFO  client.GrpcClientProtocolClient (GrpcClientProtocolClient.java:onNext(255)) - client-B268B4322F32->17750241-545b-4219-93a1-14a6ea3d85be: receive RaftClientReply:client-B268B4322F32->17750241-545b-4219-93a1-14a6ea3d85be@group-C33FBD9556F2, cid=630, SUCCESS, logIndex=776, commits[17750241-545b-4219-93a1-14a6ea3d85be:c778, 4eaaa090-573e-41d3-9f8c-c99e236d806a:c774, 5f4cf9ee-4bed-49de-adaa-861aec894328:c774]
2019-08-23 02:47:58,368 [grpc-default-executor-2] INFO  client.GrpcClientProtocolClient (GrpcClientProtocolClient.java:onNext(255)) - client-B268B4322F32->17750241-545b-4219-93a1-14a6ea3d85be: receive RaftClientReply:client-B268B4322F32->17750241-545b-4219-93a1-14a6ea3d85be@group-C33FBD9556F2, cid=631, SUCCESS, logIndex=777, commits[17750241-545b-4219-93a1-14a6ea3d85be:c778, 4eaaa090-573e-41d3-9f8c-c99e236d806a:c774, 5f4cf9ee-4bed-49de-adaa-861aec894328:c774]
2019-08-23 02:47:58,368 | INFO  | DNAudit | user=null | ip=null | op=WRITE_CHUNK {blockData=conID: 2 locID: 102664010306814357 bcsId: 0} | ret=SUCCESS |  
2019-08-23 02:47:58,369 | INFO  | DNAudit | user=null | ip=null | op=PUT_BLOCK {blockData=[blockId=conID: 2 locID: 102664010306814357 bcsId: 0,size=2097152]} | ret=SUCCESS |  
2019-08-23 02:47:58,369 | INFO  | DNAudit | user=null | ip=null | op=WRITE_CHUNK {blockData=conID: 2 locID: 102664010306814357 bcsId: 0} | ret=SUCCESS |  
2019-08-23 02:47:58,369 | INFO  | DNAudit | user=null | ip=null | op=PUT_BLOCK {blockData=[blockId=conID: 2 locID: 102664010306814357 bcsId: 0,size=2097152]} | ret=SUCCESS |  
2019-08-23 02:47:58,369 [grpc-default-executor-5] INFO  client.GrpcClientProtocolClient (GrpcClientProtocolClient.java:onNext(255)) - client-B268B4322F32->17750241-545b-4219-93a1-14a6ea3d85be: receive RaftClientReply:client-B268B4322F32->17750241-545b-4219-93a1-14a6ea3d85be@group-C33FBD9556F2, cid=632, SUCCESS, logIndex=778, commits[17750241-545b-4219-93a1-14a6ea3d85be:c779, 4eaaa090-573e-41d3-9f8c-c99e236d806a:c774, 5f4cf9ee-4bed-49de-adaa-861aec894328:c776]
2019-08-23 02:47:58,371 [grpc-default-executor-5] INFO  client.GrpcClientProtocolClient (GrpcClientProtocolClient.java:onNext(255)) - client-B268B4322F32->17750241-545b-4219-93a1-14a6ea3d85be: receive RaftClientReply:client-B268B4322F32->17750241-545b-4219-93a1-14a6ea3d85be@group-C33FBD9556F2, cid=633, SUCCESS, logIndex=0, commits[17750241-545b-4219-93a1-14a6ea3d85be:c782, 4eaaa090-573e-41d3-9f8c-c99e236d806a:c778, 5f4cf9ee-4bed-49de-adaa-861aec894328:c778]
2019-08-23 02:47:58,382 | INFO  | DNAudit | user=null | ip=null | op=WRITE_CHUNK {blockData=conID: 2 locID: 102664010306814357 bcsId: 778} | ret=SUCCESS |  
2019-08-23 02:47:58,385 | INFO  | DNAudit | user=null | ip=null | op=WRITE_CHUNK {blockData=conID: 2 locID: 102664010306814357 bcsId: 778} | ret=SUCCESS |  
2019-08-23 02:47:58,386 | INFO  | DNAudit | user=null | ip=null | op=WRITE_CHUNK {blockData=conID: 2 locID: 102664010306814357 bcsId: 778} | ret=SUCCESS |  
2019-08-23 02:47:58,395 | INFO  | DNAudit | user=null | ip=null | op=WRITE_CHUNK {blockData=conID: 2 locID: 102664010306814357 bcsId: 778} | ret=SUCCESS |  
2019-08-23 02:47:58,396 | INFO  | DNAudit | user=null | ip=null | op=PUT_BLOCK {blockData=[blockId=conID: 2 locID: 102664010306814357 bcsId: 0,size=3145728]} | ret=SUCCESS |  
2019-08-23 02:47:58,396 [grpc-default-executor-5] INFO  client.GrpcClientProtocolClient (GrpcClientProtocolClient.java:onNext(255)) - client-B268B4322F32->17750241-545b-4219-93a1-14a6ea3d85be: receive RaftClientReply:client-B268B4322F32->17750241-545b-4219-93a1-14a6ea3d85be@group-C33FBD9556F2, cid=634, SUCCESS, logIndex=783, commits[17750241-545b-4219-93a1-14a6ea3d85be:c784, 4eaaa090-573e-41d3-9f8c-c99e236d806a:c782, 5f4cf9ee-4bed-49de-adaa-861aec894328:c782]
2019-08-23 02:47:58,397 [grpc-default-executor-5] INFO  client.GrpcClientProtocolClient (GrpcClientProtocolClient.java:onNext(255)) - client-B268B4322F32->17750241-545b-4219-93a1-14a6ea3d85be: receive RaftClientReply:client-B268B4322F32->17750241-545b-4219-93a1-14a6ea3d85be@group-C33FBD9556F2, cid=635, SUCCESS, logIndex=784, commits[17750241-545b-4219-93a1-14a6ea3d85be:c784, 4eaaa090-573e-41d3-9f8c-c99e236d806a:c782, 5f4cf9ee-4bed-49de-adaa-861aec894328:c782]
2019-08-23 02:47:58,406 | INFO  | DNAudit | user=null | ip=null | op=WRITE_CHUNK {blockData=conID: 2 locID: 102664010306814357 bcsId: 784} | ret=SUCCESS |  
2019-08-23 02:47:58,406 | INFO  | DNAudit | user=null | ip=null | op=WRITE_CHUNK {blockData=conID: 2 locID: 102664010306814357 bcsId: 778} | ret=SUCCESS |  
2019-08-23 02:47:58,407 | INFO  | DNAudit | user=null | ip=null | op=WRITE_CHUNK {blockData=conID: 2 locID: 102664010306814357 bcsId: 778} | ret=SUCCESS |  
2019-08-23 02:47:58,407 | INFO  | DNAudit | user=null | ip=null | op=PUT_BLOCK {blockData=[blockId=conID: 2 locID: 102664010306814357 bcsId: 0,size=3145728]} | ret=SUCCESS |  
2019-08-23 02:47:58,408 | INFO  | DNAudit | user=null | ip=null | op=PUT_BLOCK {blockData=[blockId=conID: 2 locID: 102664010306814357 bcsId: 0,size=3145728]} | ret=SUCCESS |  
2019-08-23 02:47:58,411 | INFO  | DNAudit | user=null | ip=null | op=WRITE_CHUNK {blockData=conID: 2 locID: 102664010306814357 bcsId: 784} | ret=SUCCESS |  
2019-08-23 02:47:58,411 | INFO  | DNAudit | user=null | ip=null | op=WRITE_CHUNK {blockData=conID: 2 locID: 102664010306814357 bcsId: 784} | ret=SUCCESS |  
2019-08-23 02:47:58,423 | INFO  | DNAudit | user=null | ip=null | op=WRITE_CHUNK {blockData=conID: 2 locID: 102664010306814357 bcsId: 784} | ret=SUCCESS |  
2019-08-23 02:47:58,424 | INFO  | DNAudit | user=null | ip=null | op=PUT_BLOCK {blockData=[blockId=conID: 2 locID: 102664010306814357 bcsId: 0,size=4194304]} | ret=SUCCESS |  
2019-08-23 02:47:58,424 [grpc-default-executor-2] INFO  client.GrpcClientProtocolClient (GrpcClientProtocolClient.java:onNext(255)) - client-B268B4322F32->17750241-545b-4219-93a1-14a6ea3d85be: receive RaftClientReply:client-B268B4322F32->17750241-545b-4219-93a1-14a6ea3d85be@group-C33FBD9556F2, cid=636, SUCCESS, logIndex=787, commits[17750241-545b-4219-93a1-14a6ea3d85be:c788, 4eaaa090-573e-41d3-9f8c-c99e236d806a:c784, 5f4cf9ee-4bed-49de-adaa-861aec894328:c784]
2019-08-23 02:47:58,425 [grpc-default-executor-2] INFO  client.GrpcClientProtocolClient (GrpcClientProtocolClient.java:onNext(255)) - client-B268B4322F32->17750241-545b-4219-93a1-14a6ea3d85be: receive RaftClientReply:client-B268B4322F32->17750241-545b-4219-93a1-14a6ea3d85be@group-C33FBD9556F2, cid=637, SUCCESS, logIndex=788, commits[17750241-545b-4219-93a1-14a6ea3d85be:c788, 4eaaa090-573e-41d3-9f8c-c99e236d806a:c784, 5f4cf9ee-4bed-49de-adaa-861aec894328:c784]
2019-08-23 02:47:58,434 | INFO  | DNAudit | user=null | ip=null | op=WRITE_CHUNK {blockData=conID: 2 locID: 102664010306814357 bcsId: 784} | ret=SUCCESS |  
2019-08-23 02:47:58,435 | INFO  | DNAudit | user=null | ip=null | op=WRITE_CHUNK {blockData=conID: 2 locID: 102664010306814357 bcsId: 784} | ret=SUCCESS |  
2019-08-23 02:47:58,435 | INFO  | DNAudit | user=null | ip=null | op=PUT_BLOCK {blockData=[blockId=conID: 2 locID: 102664010306814357 bcsId: 0,size=4194304]} | ret=SUCCESS |  
2019-08-23 02:47:58,435 | INFO  | DNAudit | user=null | ip=null | op=PUT_BLOCK {blockData=[blockId=conID: 2 locID: 102664010306814357 bcsId: 0,size=4194304]} | ret=SUCCESS |  
2019-08-23 02:47:58,436 [grpc-default-executor-2] INFO  client.GrpcClientProtocolClient (GrpcClientProtocolClient.java:onNext(255)) - client-B268B4322F32->17750241-545b-4219-93a1-14a6ea3d85be: receive RaftClientReply:client-B268B4322F32->17750241-545b-4219-93a1-14a6ea3d85be@group-C33FBD9556F2, cid=638, SUCCESS, logIndex=0, commits[17750241-545b-4219-93a1-14a6ea3d85be:c789, 4eaaa090-573e-41d3-9f8c-c99e236d806a:c788, 5f4cf9ee-4bed-49de-adaa-861aec894328:c788]
2019-08-23 02:47:58,446 | INFO  | DNAudit | user=null | ip=null | op=WRITE_CHUNK {blockData=conID: 3 locID: 102664010306814358 bcsId: 0} | ret=SUCCESS |  
2019-08-23 02:47:58,449 | INFO  | DNAudit | user=null | ip=null | op=WRITE_CHUNK {blockData=conID: 3 locID: 102664010306814358 bcsId: 0} | ret=SUCCESS |  
2019-08-23 02:47:58,450 | INFO  | DNAudit | user=null | ip=null | op=WRITE_CHUNK {blockData=conID: 3 locID: 102664010306814358 bcsId: 0} | ret=SUCCESS |  
2019-08-23 02:47:58,450 | INFO  | DNAudit | user=null | ip=null | op=WRITE_CHUNK {blockData=conID: 3 locID: 102664010306814358 bcsId: 0} | ret=SUCCESS |  
2019-08-23 02:47:58,453 | INFO  | DNAudit | user=null | ip=null | op=WRITE_CHUNK {blockData=conID: 3 locID: 102664010306814358 bcsId: 0} | ret=SUCCESS |  
2019-08-23 02:47:58,453 | INFO  | DNAudit | user=null | ip=null | op=WRITE_CHUNK {blockData=conID: 3 locID: 102664010306814358 bcsId: 0} | ret=SUCCESS |  
2019-08-23 02:47:58,459 | INFO  | DNAudit | user=null | ip=null | op=WRITE_CHUNK {blockData=conID: 3 locID: 102664010306814358 bcsId: 0} | ret=SUCCESS |  
2019-08-23 02:47:58,460 | INFO  | DNAudit | user=null | ip=null | op=PUT_BLOCK {blockData=[blockId=conID: 3 locID: 102664010306814358 bcsId: 0,size=1048576]} | ret=SUCCESS |  
2019-08-23 02:47:58,460 | INFO  | DNAudit | user=null | ip=null | op=WRITE_CHUNK {blockData=conID: 3 locID: 102664010306814358 bcsId: 0} | ret=SUCCESS |  
2019-08-23 02:47:58,460 [grpc-default-executor-6] INFO  client.GrpcClientProtocolClient (GrpcClientProtocolClient.java:onNext(255)) - client-B268B4322F32->17750241-545b-4219-93a1-14a6ea3d85be: receive RaftClientReply:client-B268B4322F32->17750241-545b-4219-93a1-14a6ea3d85be@group-C33FBD9556F2, cid=639, SUCCESS, logIndex=791, commits[17750241-545b-4219-93a1-14a6ea3d85be:c792, 4eaaa090-573e-41d3-9f8c-c99e236d806a:c790, 5f4cf9ee-4bed-49de-adaa-861aec894328:c790]
2019-08-23 02:47:58,461 | INFO  | DNAudit | user=null | ip=null | op=PUT_BLOCK {blockData=[blockId=conID: 3 locID: 102664010306814358 bcsId: 0,size=2097152]} | ret=SUCCESS |  
2019-08-23 02:47:58,461 [grpc-default-executor-6] INFO  client.GrpcClientProtocolClient (GrpcClientProtocolClient.java:onNext(255)) - client-B268B4322F32->17750241-545b-4219-93a1-14a6ea3d85be: receive RaftClientReply:client-B268B4322F32->17750241-545b-4219-93a1-14a6ea3d85be@group-C33FBD9556F2, cid=640, SUCCESS, logIndex=792, commits[17750241-545b-4219-93a1-14a6ea3d85be:c794, 4eaaa090-573e-41d3-9f8c-c99e236d806a:c790, 5f4cf9ee-4bed-49de-adaa-861aec894328:c790]
2019-08-23 02:47:58,462 [grpc-default-executor-6] INFO  client.GrpcClientProtocolClient (GrpcClientProtocolClient.java:onNext(255)) - client-B268B4322F32->17750241-545b-4219-93a1-14a6ea3d85be: receive RaftClientReply:client-B268B4322F32->17750241-545b-4219-93a1-14a6ea3d85be@group-C33FBD9556F2, cid=641, SUCCESS, logIndex=793, commits[17750241-545b-4219-93a1-14a6ea3d85be:c794, 4eaaa090-573e-41d3-9f8c-c99e236d806a:c790, 5f4cf9ee-4bed-49de-adaa-861aec894328:c790]
2019-08-23 02:47:58,462 [grpc-default-executor-6] INFO  client.GrpcClientProtocolClient (GrpcClientProtocolClient.java:onNext(255)) - client-B268B4322F32->17750241-545b-4219-93a1-14a6ea3d85be: receive RaftClientReply:client-B268B4322F32->17750241-545b-4219-93a1-14a6ea3d85be@group-C33FBD9556F2, cid=642, SUCCESS, logIndex=794, commits[17750241-545b-4219-93a1-14a6ea3d85be:c794, 4eaaa090-573e-41d3-9f8c-c99e236d806a:c790, 5f4cf9ee-4bed-49de-adaa-861aec894328:c790]
2019-08-23 02:47:58,462 | INFO  | DNAudit | user=null | ip=null | op=WRITE_CHUNK {blockData=conID: 3 locID: 102664010306814358 bcsId: 0} | ret=SUCCESS |  
2019-08-23 02:47:58,463 | INFO  | DNAudit | user=null | ip=null | op=WRITE_CHUNK {blockData=conID: 3 locID: 102664010306814358 bcsId: 0} | ret=SUCCESS |  
2019-08-23 02:47:58,474 | INFO  | DNAudit | user=null | ip=null | op=PUT_BLOCK {blockData=[blockId=conID: 3 locID: 102664010306814358 bcsId: 0,size=1048576]} | ret=SUCCESS |  
2019-08-23 02:47:58,474 | INFO  | DNAudit | user=null | ip=null | op=WRITE_CHUNK {blockData=conID: 3 locID: 102664010306814358 bcsId: 0} | ret=SUCCESS |  
2019-08-23 02:47:58,474 | INFO  | DNAudit | user=null | ip=null | op=PUT_BLOCK {blockData=[blockId=conID: 3 locID: 102664010306814358 bcsId: 0,size=1048576]} | ret=SUCCESS |  
2019-08-23 02:47:58,475 | INFO  | DNAudit | user=null | ip=null | op=WRITE_CHUNK {blockData=conID: 3 locID: 102664010306814358 bcsId: 0} | ret=SUCCESS |  
2019-08-23 02:47:58,476 [grpc-default-executor-6] INFO  client.GrpcClientProtocolClient (GrpcClientProtocolClient.java:onNext(255)) - client-B268B4322F32->17750241-545b-4219-93a1-14a6ea3d85be: receive RaftClientReply:client-B268B4322F32->17750241-545b-4219-93a1-14a6ea3d85be@group-C33FBD9556F2, cid=643, SUCCESS, logIndex=0, commits[17750241-545b-4219-93a1-14a6ea3d85be:c796, 4eaaa090-573e-41d3-9f8c-c99e236d806a:c792, 5f4cf9ee-4bed-49de-adaa-861aec894328:c792]
2019-08-23 02:47:58,484 | INFO  | DNAudit | user=null | ip=null | op=PUT_BLOCK {blockData=[blockId=conID: 3 locID: 102664010306814358 bcsId: 0,size=2097152]} | ret=SUCCESS |  
2019-08-23 02:47:58,485 | INFO  | DNAudit | user=null | ip=null | op=PUT_BLOCK {blockData=[blockId=conID: 3 locID: 102664010306814358 bcsId: 0,size=2097152]} | ret=SUCCESS |  
2019-08-23 02:47:58,487 | INFO  | DNAudit | user=null | ip=null | op=WRITE_CHUNK {blockData=conID: 3 locID: 102664010306814358 bcsId: 794} | ret=SUCCESS |  
2019-08-23 02:47:58,490 | INFO  | DNAudit | user=null | ip=null | op=WRITE_CHUNK {blockData=conID: 3 locID: 102664010306814358 bcsId: 794} | ret=SUCCESS |  
2019-08-23 02:47:58,490 | INFO  | DNAudit | user=null | ip=null | op=WRITE_CHUNK {blockData=conID: 3 locID: 102664010306814358 bcsId: 794} | ret=SUCCESS |  
2019-08-23 02:47:58,500 | INFO  | DNAudit | user=null | ip=null | op=WRITE_CHUNK {blockData=conID: 3 locID: 102664010306814358 bcsId: 794} | ret=SUCCESS |  
2019-08-23 02:47:58,501 | INFO  | DNAudit | user=null | ip=null | op=PUT_BLOCK {blockData=[blockId=conID: 3 locID: 102664010306814358 bcsId: 0,size=3145728]} | ret=SUCCESS |  
2019-08-23 02:47:58,501 [grpc-default-executor-2] INFO  client.GrpcClientProtocolClient (GrpcClientProtocolClient.java:onNext(255)) - client-B268B4322F32->17750241-545b-4219-93a1-14a6ea3d85be: receive RaftClientReply:client-B268B4322F32->17750241-545b-4219-93a1-14a6ea3d85be@group-C33FBD9556F2, cid=644, SUCCESS, logIndex=799, commits[17750241-545b-4219-93a1-14a6ea3d85be:c800, 4eaaa090-573e-41d3-9f8c-c99e236d806a:c798, 5f4cf9ee-4bed-49de-adaa-861aec894328:c798]
2019-08-23 02:47:58,502 [grpc-default-executor-2] INFO  client.GrpcClientProtocolClient (GrpcClientProtocolClient.java:onNext(255)) - client-B268B4322F32->17750241-545b-4219-93a1-14a6ea3d85be: receive RaftClientReply:client-B268B4322F32->17750241-545b-4219-93a1-14a6ea3d85be@group-C33FBD9556F2, cid=645, SUCCESS, logIndex=800, commits[17750241-545b-4219-93a1-14a6ea3d85be:c800, 4eaaa090-573e-41d3-9f8c-c99e236d806a:c798, 5f4cf9ee-4bed-49de-adaa-861aec894328:c798]
2019-08-23 02:47:58,511 | INFO  | DNAudit | user=null | ip=null | op=WRITE_CHUNK {blockData=conID: 3 locID: 102664010306814358 bcsId: 800} | ret=SUCCESS |  
2019-08-23 02:47:58,512 | INFO  | DNAudit | user=null | ip=null | op=WRITE_CHUNK {blockData=conID: 3 locID: 102664010306814358 bcsId: 794} | ret=SUCCESS |  
2019-08-23 02:47:58,512 | INFO  | DNAudit | user=null | ip=null | op=WRITE_CHUNK {blockData=conID: 3 locID: 102664010306814358 bcsId: 794} | ret=SUCCESS |  
2019-08-23 02:47:58,514 | INFO  | DNAudit | user=null | ip=null | op=WRITE_CHUNK {blockData=conID: 3 locID: 102664010306814358 bcsId: 800} | ret=SUCCESS |  
2019-08-23 02:47:58,514 | INFO  | DNAudit | user=null | ip=null | op=WRITE_CHUNK {blockData=conID: 3 locID: 102664010306814358 bcsId: 800} | ret=SUCCESS |  
2019-08-23 02:47:58,524 | INFO  | DNAudit | user=null | ip=null | op=PUT_BLOCK {blockData=[blockId=conID: 3 locID: 102664010306814358 bcsId: 0,size=3145728]} | ret=SUCCESS |  
2019-08-23 02:47:58,524 | INFO  | DNAudit | user=null | ip=null | op=PUT_BLOCK {blockData=[blockId=conID: 3 locID: 102664010306814358 bcsId: 0,size=3145728]} | ret=SUCCESS |  
2019-08-23 02:47:58,524 | INFO  | DNAudit | user=null | ip=null | op=WRITE_CHUNK {blockData=conID: 3 locID: 102664010306814358 bcsId: 800} | ret=SUCCESS |  
2019-08-23 02:47:58,525 | INFO  | DNAudit | user=null | ip=null | op=PUT_BLOCK {blockData=[blockId=conID: 3 locID: 102664010306814358 bcsId: 0,size=4194304]} | ret=SUCCESS |  
2019-08-23 02:47:58,525 [grpc-default-executor-6] INFO  client.GrpcClientProtocolClient (GrpcClientProtocolClient.java:onNext(255)) - client-B268B4322F32->17750241-545b-4219-93a1-14a6ea3d85be: receive RaftClientReply:client-B268B4322F32->17750241-545b-4219-93a1-14a6ea3d85be@group-C33FBD9556F2, cid=646, SUCCESS, logIndex=803, commits[17750241-545b-4219-93a1-14a6ea3d85be:c804, 4eaaa090-573e-41d3-9f8c-c99e236d806a:c800, 5f4cf9ee-4bed-49de-adaa-861aec894328:c800]
2019-08-23 02:47:58,526 [grpc-default-executor-6] INFO  client.GrpcClientProtocolClient (GrpcClientProtocolClient.java:onNext(255)) - client-B268B4322F32->17750241-545b-4219-93a1-14a6ea3d85be: receive RaftClientReply:client-B268B4322F32->17750241-545b-4219-93a1-14a6ea3d85be@group-C33FBD9556F2, cid=647, SUCCESS, logIndex=804, commits[17750241-545b-4219-93a1-14a6ea3d85be:c804, 4eaaa090-573e-41d3-9f8c-c99e236d806a:c800, 5f4cf9ee-4bed-49de-adaa-861aec894328:c800]
2019-08-23 02:47:58,536 | INFO  | DNAudit | user=null | ip=null | op=WRITE_CHUNK {blockData=conID: 3 locID: 102664010306814358 bcsId: 800} | ret=SUCCESS |  
2019-08-23 02:47:58,536 | INFO  | DNAudit | user=null | ip=null | op=WRITE_CHUNK {blockData=conID: 3 locID: 102664010306814358 bcsId: 800} | ret=SUCCESS |  
2019-08-23 02:47:58,539 | INFO  | DNAudit | user=null | ip=null | op=PUT_BLOCK {blockData=[blockId=conID: 3 locID: 102664010306814358 bcsId: 0,size=4194304]} | ret=SUCCESS |  
2019-08-23 02:47:58,539 | INFO  | DNAudit | user=null | ip=null | op=PUT_BLOCK {blockData=[blockId=conID: 3 locID: 102664010306814358 bcsId: 0,size=4194304]} | ret=SUCCESS |  
2019-08-23 02:47:58,540 [grpc-default-executor-2] INFO  client.GrpcClientProtocolClient (GrpcClientProtocolClient.java:onNext(255)) - client-B268B4322F32->17750241-545b-4219-93a1-14a6ea3d85be: receive RaftClientReply:client-B268B4322F32->17750241-545b-4219-93a1-14a6ea3d85be@group-C33FBD9556F2, cid=648, SUCCESS, logIndex=0, commits[17750241-545b-4219-93a1-14a6ea3d85be:c806, 4eaaa090-573e-41d3-9f8c-c99e236d806a:c804, 5f4cf9ee-4bed-49de-adaa-861aec894328:c804]
2019-08-23 02:47:58,548 | INFO  | DNAudit | user=null | ip=null | op=WRITE_CHUNK {blockData=conID: 1 locID: 102664010306814359 bcsId: 0} | ret=SUCCESS |  
 0.00% |█                                                                                                    |  0/1 Time: 0:00:012019-08-23 02:47:58,552 | INFO  | DNAudit | user=null | ip=null | op=WRITE_CHUNK {blockData=conID: 1 locID: 102664010306814359 bcsId: 0} | ret=SUCCESS |  
2019-08-23 02:47:58,552 | INFO  | DNAudit | user=null | ip=null | op=WRITE_CHUNK {blockData=conID: 1 locID: 102664010306814359 bcsId: 0} | ret=SUCCESS |  
2019-08-23 02:47:58,554 | INFO  | DNAudit | user=null | ip=null | op=WRITE_CHUNK {blockData=conID: 1 locID: 102664010306814359 bcsId: 0} | ret=SUCCESS |  
2019-08-23 02:47:58,555 | INFO  | DNAudit | user=null | ip=null | op=WRITE_CHUNK {blockData=conID: 1 locID: 102664010306814359 bcsId: 0} | ret=SUCCESS |  
2019-08-23 02:47:58,555 | INFO  | DNAudit | user=null | ip=null | op=WRITE_CHUNK {blockData=conID: 1 locID: 102664010306814359 bcsId: 0} | ret=SUCCESS |  
2019-08-23 02:47:58,559 | INFO  | DNAudit | user=null | ip=null | op=WRITE_CHUNK {blockData=conID: 1 locID: 102664010306814359 bcsId: 0} | ret=SUCCESS |  
2019-08-23 02:47:58,560 | INFO  | DNAudit | user=null | ip=null | op=PUT_BLOCK {blockData=[blockId=conID: 1 locID: 102664010306814359 bcsId: 0,size=1048576]} | ret=SUCCESS |  
2019-08-23 02:47:58,561 [grpc-default-executor-6] INFO  client.GrpcClientProtocolClient (GrpcClientProtocolClient.java:onNext(255)) - client-B268B4322F32->17750241-545b-4219-93a1-14a6ea3d85be: receive RaftClientReply:client-B268B4322F32->17750241-545b-4219-93a1-14a6ea3d85be@group-C33FBD9556F2, cid=649, SUCCESS, logIndex=807, commits[17750241-545b-4219-93a1-14a6ea3d85be:c809, 4eaaa090-573e-41d3-9f8c-c99e236d806a:c806, 5f4cf9ee-4bed-49de-adaa-861aec894328:c806]
2019-08-23 02:47:58,561 | INFO  | DNAudit | user=null | ip=null | op=WRITE_CHUNK {blockData=conID: 1 locID: 102664010306814359 bcsId: 0} | ret=SUCCESS |  
2019-08-23 02:47:58,561 [grpc-default-executor-6] INFO  client.GrpcClientProtocolClient (GrpcClientProtocolClient.java:onNext(255)) - client-B268B4322F32->17750241-545b-4219-93a1-14a6ea3d85be: receive RaftClientReply:client-B268B4322F32->17750241-545b-4219-93a1-14a6ea3d85be@group-C33FBD9556F2, cid=650, SUCCESS, logIndex=808, commits[17750241-545b-4219-93a1-14a6ea3d85be:c810, 4eaaa090-573e-41d3-9f8c-c99e236d806a:c806, 5f4cf9ee-4bed-49de-adaa-861aec894328:c806]
2019-08-23 02:47:58,562 | INFO  | DNAudit | user=null | ip=null | op=PUT_BLOCK {blockData=[blockId=conID: 1 locID: 102664010306814359 bcsId: 0,size=2097152]} | ret=SUCCESS |  
2019-08-23 02:47:58,562 | INFO  | DNAudit | user=null | ip=null | op=WRITE_CHUNK {blockData=conID: 1 locID: 102664010306814359 bcsId: 0} | ret=SUCCESS |  
2019-08-23 02:47:58,562 | INFO  | DNAudit | user=null | ip=null | op=WRITE_CHUNK {blockData=conID: 1 locID: 102664010306814359 bcsId: 0} | ret=SUCCESS |  
2019-08-23 02:47:58,562 [grpc-default-executor-2] INFO  client.GrpcClientProtocolClient (GrpcClientProtocolClient.java:onNext(255)) - client-B268B4322F32->17750241-545b-4219-93a1-14a6ea3d85be: receive RaftClientReply:client-B268B4322F32->17750241-545b-4219-93a1-14a6ea3d85be@group-C33FBD9556F2, cid=651, SUCCESS, logIndex=809, commits[17750241-545b-4219-93a1-14a6ea3d85be:c810, 4eaaa090-573e-41d3-9f8c-c99e236d806a:c806, 5f4cf9ee-4bed-49de-adaa-861aec894328:c806]
2019-08-23 02:47:58,563 [grpc-default-executor-2] INFO  client.GrpcClientProtocolClient (GrpcClientProtocolClient.java:onNext(255)) - client-B268B4322F32->17750241-545b-4219-93a1-14a6ea3d85be: receive RaftClientReply:client-B268B4322F32->17750241-545b-4219-93a1-14a6ea3d85be@group-C33FBD9556F2, cid=652, SUCCESS, logIndex=810, commits[17750241-545b-4219-93a1-14a6ea3d85be:c811, 4eaaa090-573e-41d3-9f8c-c99e236d806a:c807, 5f4cf9ee-4bed-49de-adaa-861aec894328:c806]
2019-08-23 02:47:58,563 | INFO  | DNAudit | user=null | ip=null | op=PUT_BLOCK {blockData=[blockId=conID: 1 locID: 102664010306814359 bcsId: 0,size=1048576]} | ret=SUCCESS |  
2019-08-23 02:47:58,563 | INFO  | DNAudit | user=null | ip=null | op=WRITE_CHUNK {blockData=conID: 1 locID: 102664010306814359 bcsId: 0} | ret=SUCCESS |  
2019-08-23 02:47:58,563 | INFO  | DNAudit | user=null | ip=null | op=PUT_BLOCK {blockData=[blockId=conID: 1 locID: 102664010306814359 bcsId: 0,size=1048576]} | ret=SUCCESS |  
2019-08-23 02:47:58,564 | INFO  | DNAudit | user=null | ip=null | op=PUT_BLOCK {blockData=[blockId=conID: 1 locID: 102664010306814359 bcsId: 0,size=2097152]} | ret=SUCCESS |  
2019-08-23 02:47:58,564 | INFO  | DNAudit | user=null | ip=null | op=WRITE_CHUNK {blockData=conID: 1 locID: 102664010306814359 bcsId: 0} | ret=SUCCESS |  
2019-08-23 02:47:58,564 [grpc-default-executor-2] INFO  client.GrpcClientProtocolClient (GrpcClientProtocolClient.java:onNext(255)) - client-B268B4322F32->17750241-545b-4219-93a1-14a6ea3d85be: receive RaftClientReply:client-B268B4322F32->17750241-545b-4219-93a1-14a6ea3d85be@group-C33FBD9556F2, cid=653, SUCCESS, logIndex=0, commits[17750241-545b-4219-93a1-14a6ea3d85be:c814, 4eaaa090-573e-41d3-9f8c-c99e236d806a:c810, 5f4cf9ee-4bed-49de-adaa-861aec894328:c808]
2019-08-23 02:47:58,564 | INFO  | DNAudit | user=null | ip=null | op=PUT_BLOCK {blockData=[blockId=conID: 1 locID: 102664010306814359 bcsId: 0,size=2097152]} | ret=SUCCESS |  
2019-08-23 02:47:58,572 | INFO  | DNAudit | user=null | ip=null | op=WRITE_CHUNK {blockData=conID: 1 locID: 102664010306814359 bcsId: 810} | ret=SUCCESS |  
2019-08-23 02:47:58,576 | INFO  | DNAudit | user=null | ip=null | op=WRITE_CHUNK {blockData=conID: 1 locID: 102664010306814359 bcsId: 810} | ret=SUCCESS |  
2019-08-23 02:47:58,577 | INFO  | DNAudit | user=null | ip=null | op=WRITE_CHUNK {blockData=conID: 1 locID: 102664010306814359 bcsId: 810} | ret=SUCCESS |  
2019-08-23 02:47:58,584 | INFO  | DNAudit | user=null | ip=null | op=WRITE_CHUNK {blockData=conID: 1 locID: 102664010306814359 bcsId: 810} | ret=SUCCESS |  
2019-08-23 02:47:58,584 | INFO  | DNAudit | user=null | ip=null | op=PUT_BLOCK {blockData=[blockId=conID: 1 locID: 102664010306814359 bcsId: 0,size=3145728]} | ret=SUCCESS |  
2019-08-23 02:47:58,585 [grpc-default-executor-6] INFO  client.GrpcClientProtocolClient (GrpcClientProtocolClient.java:onNext(255)) - client-B268B4322F32->17750241-545b-4219-93a1-14a6ea3d85be: receive RaftClientReply:client-B268B4322F32->17750241-545b-4219-93a1-14a6ea3d85be@group-C33FBD9556F2, cid=654, SUCCESS, logIndex=815, commits[17750241-545b-4219-93a1-14a6ea3d85be:c816, 4eaaa090-573e-41d3-9f8c-c99e236d806a:c814, 5f4cf9ee-4bed-49de-adaa-861aec894328:c814]
2019-08-23 02:47:58,585 [grpc-default-executor-6] INFO  client.GrpcClientProtocolClient (GrpcClientProtocolClient.java:onNext(255)) - client-B268B4322F32->17750241-545b-4219-93a1-14a6ea3d85be: receive RaftClientReply:client-B268B4322F32->17750241-545b-4219-93a1-14a6ea3d85be@group-C33FBD9556F2, cid=655, SUCCESS, logIndex=816, commits[17750241-545b-4219-93a1-14a6ea3d85be:c816, 4eaaa090-573e-41d3-9f8c-c99e236d806a:c814, 5f4cf9ee-4bed-49de-adaa-861aec894328:c814]
2019-08-23 02:47:58,594 | INFO  | DNAudit | user=null | ip=null | op=WRITE_CHUNK {blockData=conID: 1 locID: 102664010306814359 bcsId: 816} | ret=SUCCESS |  
2019-08-23 02:47:58,595 | INFO  | DNAudit | user=null | ip=null | op=WRITE_CHUNK {blockData=conID: 1 locID: 102664010306814359 bcsId: 810} | ret=SUCCESS |  
2019-08-23 02:47:58,595 | INFO  | DNAudit | user=null | ip=null | op=WRITE_CHUNK {blockData=conID: 1 locID: 102664010306814359 bcsId: 810} | ret=SUCCESS |  
2019-08-23 02:47:58,597 | INFO  | DNAudit | user=null | ip=null | op=WRITE_CHUNK {blockData=conID: 1 locID: 102664010306814359 bcsId: 816} | ret=SUCCESS |  
2019-08-23 02:47:58,597 | INFO  | DNAudit | user=null | ip=null | op=WRITE_CHUNK {blockData=conID: 1 locID: 102664010306814359 bcsId: 816} | ret=SUCCESS |  
2019-08-23 02:47:58,613 | INFO  | DNAudit | user=null | ip=null | op=PUT_BLOCK {blockData=[blockId=conID: 1 locID: 102664010306814359 bcsId: 0,size=3145728]} | ret=SUCCESS |  
2019-08-23 02:47:58,614 | INFO  | DNAudit | user=null | ip=null | op=PUT_BLOCK {blockData=[blockId=conID: 1 locID: 102664010306814359 bcsId: 0,size=3145728]} | ret=SUCCESS |  
2019-08-23 02:47:58,614 | INFO  | DNAudit | user=null | ip=null | op=WRITE_CHUNK {blockData=conID: 1 locID: 102664010306814359 bcsId: 816} | ret=SUCCESS |  
2019-08-23 02:47:58,614 | INFO  | DNAudit | user=null | ip=null | op=PUT_BLOCK {blockData=[blockId=conID: 1 locID: 102664010306814359 bcsId: 0,size=4194304]} | ret=SUCCESS |  
2019-08-23 02:47:58,615 [grpc-default-executor-2] INFO  client.GrpcClientProtocolClient (GrpcClientProtocolClient.java:onNext(255)) - client-B268B4322F32->17750241-545b-4219-93a1-14a6ea3d85be: receive RaftClientReply:client-B268B4322F32->17750241-545b-4219-93a1-14a6ea3d85be@group-C33FBD9556F2, cid=656, SUCCESS, logIndex=819, commits[17750241-545b-4219-93a1-14a6ea3d85be:c820, 4eaaa090-573e-41d3-9f8c-c99e236d806a:c816, 5f4cf9ee-4bed-49de-adaa-861aec894328:c816]
2019-08-23 02:47:58,615 [grpc-default-executor-2] INFO  client.GrpcClientProtocolClient (GrpcClientProtocolClient.java:onNext(255)) - client-B268B4322F32->17750241-545b-4219-93a1-14a6ea3d85be: receive RaftClientReply:client-B268B4322F32->17750241-545b-4219-93a1-14a6ea3d85be@group-C33FBD9556F2, cid=657, SUCCESS, logIndex=820, commits[17750241-545b-4219-93a1-14a6ea3d85be:c820, 4eaaa090-573e-41d3-9f8c-c99e236d806a:c816, 5f4cf9ee-4bed-49de-adaa-861aec894328:c816]
2019-08-23 02:47:58,618 | INFO  | DNAudit | user=null | ip=null | op=WRITE_CHUNK {blockData=conID: 1 locID: 102664010306814359 bcsId: 816} | ret=SUCCESS |  
2019-08-23 02:47:58,619 | INFO  | DNAudit | user=null | ip=null | op=WRITE_CHUNK {blockData=conID: 1 locID: 102664010306814359 bcsId: 816} | ret=SUCCESS |  
2019-08-23 02:47:58,619 | INFO  | DNAudit | user=null | ip=null | op=PUT_BLOCK {blockData=[blockId=conID: 1 locID: 102664010306814359 bcsId: 0,size=4194304]} | ret=SUCCESS |  
2019-08-23 02:47:58,620 | INFO  | DNAudit | user=null | ip=null | op=PUT_BLOCK {blockData=[blockId=conID: 1 locID: 102664010306814359 bcsId: 0,size=4194304]} | ret=SUCCESS |  
2019-08-23 02:47:58,621 [grpc-default-executor-2] INFO  client.GrpcClientProtocolClient (GrpcClientProtocolClient.java:onNext(255)) - client-B268B4322F32->17750241-545b-4219-93a1-14a6ea3d85be: receive RaftClientReply:client-B268B4322F32->17750241-545b-4219-93a1-14a6ea3d85be@group-C33FBD9556F2, cid=658, SUCCESS, logIndex=0, commits[17750241-545b-4219-93a1-14a6ea3d85be:c822, 4eaaa090-573e-41d3-9f8c-c99e236d806a:c820, 5f4cf9ee-4bed-49de-adaa-861aec894328:c820]
2019-08-23 02:47:58,630 | INFO  | DNAudit | user=null | ip=null | op=WRITE_CHUNK {blockData=conID: 2 locID: 102664010306814360 bcsId: 0} | ret=SUCCESS |  
2019-08-23 02:47:58,634 | INFO  | DNAudit | user=null | ip=null | op=WRITE_CHUNK {blockData=conID: 2 locID: 102664010306814360 bcsId: 0} | ret=SUCCESS |  
2019-08-23 02:47:58,634 | INFO  | DNAudit | user=null | ip=null | op=WRITE_CHUNK {blockData=conID: 2 locID: 102664010306814360 bcsId: 0} | ret=SUCCESS |  
2019-08-23 02:47:58,634 | INFO  | DNAudit | user=null | ip=null | op=WRITE_CHUNK {blockData=conID: 2 locID: 102664010306814360 bcsId: 0} | ret=SUCCESS |  
2019-08-23 02:47:58,636 | INFO  | DNAudit | user=null | ip=null | op=WRITE_CHUNK {blockData=conID: 2 locID: 102664010306814360 bcsId: 0} | ret=SUCCESS |  
2019-08-23 02:47:58,637 | INFO  | DNAudit | user=null | ip=null | op=WRITE_CHUNK {blockData=conID: 2 locID: 102664010306814360 bcsId: 0} | ret=SUCCESS |  
2019-08-23 02:47:58,643 | INFO  | DNAudit | user=null | ip=null | op=WRITE_CHUNK {blockData=conID: 2 locID: 102664010306814360 bcsId: 0} | ret=SUCCESS |  
2019-08-23 02:47:58,643 | INFO  | DNAudit | user=null | ip=null | op=PUT_BLOCK {blockData=[blockId=conID: 2 locID: 102664010306814360 bcsId: 0,size=1048576]} | ret=SUCCESS |  
2019-08-23 02:47:58,644 | INFO  | DNAudit | user=null | ip=null | op=WRITE_CHUNK {blockData=conID: 2 locID: 102664010306814360 bcsId: 0} | ret=SUCCESS |  
2019-08-23 02:47:58,644 [grpc-default-executor-2] INFO  client.GrpcClientProtocolClient (GrpcClientProtocolClient.java:onNext(255)) - client-B268B4322F32->17750241-545b-4219-93a1-14a6ea3d85be: receive RaftClientReply:client-B268B4322F32->17750241-545b-4219-93a1-14a6ea3d85be@group-C33FBD9556F2, cid=659, SUCCESS, logIndex=823, commits[17750241-545b-4219-93a1-14a6ea3d85be:c824, 4eaaa090-573e-41d3-9f8c-c99e236d806a:c822, 5f4cf9ee-4bed-49de-adaa-861aec894328:c822]
2019-08-23 02:47:58,644 | INFO  | DNAudit | user=null | ip=null | op=PUT_BLOCK {blockData=[blockId=conID: 2 locID: 102664010306814360 bcsId: 0,size=2097152]} | ret=SUCCESS |  
2019-08-23 02:47:58,645 [grpc-default-executor-2] INFO  client.GrpcClientProtocolClient (GrpcClientProtocolClient.java:onNext(255)) - client-B268B4322F32->17750241-545b-4219-93a1-14a6ea3d85be: receive RaftClientReply:client-B268B4322F32->17750241-545b-4219-93a1-14a6ea3d85be@group-C33FBD9556F2, cid=660, SUCCESS, logIndex=824, commits[17750241-545b-4219-93a1-14a6ea3d85be:c826, 4eaaa090-573e-41d3-9f8c-c99e236d806a:c822, 5f4cf9ee-4bed-49de-adaa-861aec894328:c822]
2019-08-23 02:47:58,645 [grpc-default-executor-2] INFO  client.GrpcClientProtocolClient (GrpcClientProtocolClient.java:onNext(255)) - client-B268B4322F32->17750241-545b-4219-93a1-14a6ea3d85be: receive RaftClientReply:client-B268B4322F32->17750241-545b-4219-93a1-14a6ea3d85be@group-C33FBD9556F2, cid=661, SUCCESS, logIndex=825, commits[17750241-545b-4219-93a1-14a6ea3d85be:c826, 4eaaa090-573e-41d3-9f8c-c99e236d806a:c822, 5f4cf9ee-4bed-49de-adaa-861aec894328:c822]
2019-08-23 02:47:58,645 [grpc-default-executor-2] INFO  client.GrpcClientProtocolClient (GrpcClientProtocolClient.java:onNext(255)) - client-B268B4322F32->17750241-545b-4219-93a1-14a6ea3d85be: receive RaftClientReply:client-B268B4322F32->17750241-545b-4219-93a1-14a6ea3d85be@group-C33FBD9556F2, cid=662, SUCCESS, logIndex=826, commits[17750241-545b-4219-93a1-14a6ea3d85be:c826, 4eaaa090-573e-41d3-9f8c-c99e236d806a:c822, 5f4cf9ee-4bed-49de-adaa-861aec894328:c822]
2019-08-23 02:47:58,654 | INFO  | DNAudit | user=null | ip=null | op=WRITE_CHUNK {blockData=conID: 2 locID: 102664010306814360 bcsId: 0} | ret=SUCCESS |  
2019-08-23 02:47:58,654 | INFO  | DNAudit | user=null | ip=null | op=WRITE_CHUNK {blockData=conID: 2 locID: 102664010306814360 bcsId: 0} | ret=SUCCESS |  
2019-08-23 02:47:58,657 | INFO  | DNAudit | user=null | ip=null | op=PUT_BLOCK {blockData=[blockId=conID: 2 locID: 102664010306814360 bcsId: 0,size=1048576]} | ret=SUCCESS |  
2019-08-23 02:47:58,657 | INFO  | DNAudit | user=null | ip=null | op=PUT_BLOCK {blockData=[blockId=conID: 2 locID: 102664010306814360 bcsId: 0,size=1048576]} | ret=SUCCESS |  
2019-08-23 02:47:58,657 | INFO  | DNAudit | user=null | ip=null | op=WRITE_CHUNK {blockData=conID: 2 locID: 102664010306814360 bcsId: 0} | ret=SUCCESS |  
2019-08-23 02:47:58,657 | INFO  | DNAudit | user=null | ip=null | op=WRITE_CHUNK {blockData=conID: 2 locID: 102664010306814360 bcsId: 0} | ret=SUCCESS |  
2019-08-23 02:47:58,657 | INFO  | DNAudit | user=null | ip=null | op=PUT_BLOCK {blockData=[blockId=conID: 2 locID: 102664010306814360 bcsId: 0,size=2097152]} | ret=SUCCESS |  
2019-08-23 02:47:58,658 | INFO  | DNAudit | user=null | ip=null | op=PUT_BLOCK {blockData=[blockId=conID: 2 locID: 102664010306814360 bcsId: 0,size=2097152]} | ret=SUCCESS |  
2019-08-23 02:47:58,658 [grpc-default-executor-2] INFO  client.GrpcClientProtocolClient (GrpcClientProtocolClient.java:onNext(255)) - client-B268B4322F32->17750241-545b-4219-93a1-14a6ea3d85be: receive RaftClientReply:client-B268B4322F32->17750241-545b-4219-93a1-14a6ea3d85be@group-C33FBD9556F2, cid=663, SUCCESS, logIndex=0, commits[17750241-545b-4219-93a1-14a6ea3d85be:c829, 4eaaa090-573e-41d3-9f8c-c99e236d806a:c824, 5f4cf9ee-4bed-49de-adaa-861aec894328:c825]
2019-08-23 02:47:58,667 | INFO  | DNAudit | user=null | ip=null | op=WRITE_CHUNK {blockData=conID: 2 locID: 102664010306814360 bcsId: 826} | ret=SUCCESS |  
2019-08-23 02:47:58,670 | INFO  | DNAudit | user=null | ip=null | op=WRITE_CHUNK {blockData=conID: 2 locID: 102664010306814360 bcsId: 826} | ret=SUCCESS |  
2019-08-23 02:47:58,671 | INFO  | DNAudit | user=null | ip=null | op=WRITE_CHUNK {blockData=conID: 2 locID: 102664010306814360 bcsId: 826} | ret=SUCCESS |  
2019-08-23 02:47:58,679 | INFO  | DNAudit | user=null | ip=null | op=WRITE_CHUNK {blockData=conID: 2 locID: 102664010306814360 bcsId: 826} | ret=SUCCESS |  
2019-08-23 02:47:58,680 | INFO  | DNAudit | user=null | ip=null | op=PUT_BLOCK {blockData=[blockId=conID: 2 locID: 102664010306814360 bcsId: 0,size=3145728]} | ret=SUCCESS |  
2019-08-23 02:47:58,680 [grpc-default-executor-4] INFO  client.GrpcClientProtocolClient (GrpcClientProtocolClient.java:onNext(255)) - client-B268B4322F32->17750241-545b-4219-93a1-14a6ea3d85be: receive RaftClientReply:client-B268B4322F32->17750241-545b-4219-93a1-14a6ea3d85be@group-C33FBD9556F2, cid=664, SUCCESS, logIndex=831, commits[17750241-545b-4219-93a1-14a6ea3d85be:c832, 4eaaa090-573e-41d3-9f8c-c99e236d806a:c830, 5f4cf9ee-4bed-49de-adaa-861aec894328:c830]
2019-08-23 02:47:58,681 [grpc-default-executor-4] INFO  client.GrpcClientProtocolClient (GrpcClientProtocolClient.java:onNext(255)) - client-B268B4322F32->17750241-545b-4219-93a1-14a6ea3d85be: receive RaftClientReply:client-B268B4322F32->17750241-545b-4219-93a1-14a6ea3d85be@group-C33FBD9556F2, cid=665, SUCCESS, logIndex=832, commits[17750241-545b-4219-93a1-14a6ea3d85be:c832, 4eaaa090-573e-41d3-9f8c-c99e236d806a:c830, 5f4cf9ee-4bed-49de-adaa-861aec894328:c830]
2019-08-23 02:47:58,689 | INFO  | DNAudit | user=null | ip=null | op=WRITE_CHUNK {blockData=conID: 2 locID: 102664010306814360 bcsId: 832} | ret=SUCCESS |  
2019-08-23 02:47:58,692 | INFO  | DNAudit | user=null | ip=null | op=WRITE_CHUNK {blockData=conID: 2 locID: 102664010306814360 bcsId: 826} | ret=SUCCESS |  
2019-08-23 02:47:58,692 | INFO  | DNAudit | user=null | ip=null | op=WRITE_CHUNK {blockData=conID: 2 locID: 102664010306814360 bcsId: 826} | ret=SUCCESS |  
2019-08-23 02:47:58,693 | INFO  | DNAudit | user=null | ip=null | op=WRITE_CHUNK {blockData=conID: 2 locID: 102664010306814360 bcsId: 832} | ret=SUCCESS |  
2019-08-23 02:47:58,694 | INFO  | DNAudit | user=null | ip=null | op=WRITE_CHUNK {blockData=conID: 2 locID: 102664010306814360 bcsId: 832} | ret=SUCCESS |  
2019-08-23 02:47:58,707 | INFO  | DNAudit | user=null | ip=null | op=PUT_BLOCK {blockData=[blockId=conID: 2 locID: 102664010306814360 bcsId: 0,size=3145728]} | ret=SUCCESS |  
2019-08-23 02:47:58,707 | INFO  | DNAudit | user=null | ip=null | op=PUT_BLOCK {blockData=[blockId=conID: 2 locID: 102664010306814360 bcsId: 0,size=3145728]} | ret=SUCCESS |  
2019-08-23 02:47:58,707 | INFO  | DNAudit | user=null | ip=null | op=WRITE_CHUNK {blockData=conID: 2 locID: 102664010306814360 bcsId: 832} | ret=SUCCESS |  
2019-08-23 02:47:58,708 | INFO  | DNAudit | user=null | ip=null | op=PUT_BLOCK {blockData=[blockId=conID: 2 locID: 102664010306814360 bcsId: 0,size=4194304]} | ret=SUCCESS |  
2019-08-23 02:47:58,708 [grpc-default-executor-6] INFO  client.GrpcClientProtocolClient (GrpcClientProtocolClient.java:onNext(255)) - client-B268B4322F32->17750241-545b-4219-93a1-14a6ea3d85be: receive RaftClientReply:client-B268B4322F32->17750241-545b-4219-93a1-14a6ea3d85be@group-C33FBD9556F2, cid=666, SUCCESS, logIndex=835, commits[17750241-545b-4219-93a1-14a6ea3d85be:c836, 4eaaa090-573e-41d3-9f8c-c99e236d806a:c832, 5f4cf9ee-4bed-49de-adaa-861aec894328:c832]
2019-08-23 02:47:58,709 [grpc-default-executor-6] INFO  client.GrpcClientProtocolClient (GrpcClientProtocolClient.java:onNext(255)) - client-B268B4322F32->17750241-545b-4219-93a1-14a6ea3d85be: receive RaftClientReply:client-B268B4322F32->17750241-545b-4219-93a1-14a6ea3d85be@group-C33FBD9556F2, cid=667, SUCCESS, logIndex=836, commits[17750241-545b-4219-93a1-14a6ea3d85be:c836, 4eaaa090-573e-41d3-9f8c-c99e236d806a:c832, 5f4cf9ee-4bed-49de-adaa-861aec894328:c832]
2019-08-23 02:47:58,711 | INFO  | SCMAudit | user=jenkins1000 | ip=192.168.34.22 | op=SEND_HEARTBEAT {datanodeUUID=66ab6a68-e61f-4535-ab2f-12fe560929ed, command=[]} | ret=SUCCESS |  
2019-08-23 02:47:58,719 | INFO  | DNAudit | user=null | ip=null | op=WRITE_CHUNK {blockData=conID: 2 locID: 102664010306814360 bcsId: 832} | ret=SUCCESS |  
2019-08-23 02:47:58,719 | INFO  | DNAudit | user=null | ip=null | op=WRITE_CHUNK {blockData=conID: 2 locID: 102664010306814360 bcsId: 832} | ret=SUCCESS |  
2019-08-23 02:47:58,719 | INFO  | DNAudit | user=null | ip=null | op=PUT_BLOCK {blockData=[blockId=conID: 2 locID: 102664010306814360 bcsId: 0,size=4194304]} | ret=SUCCESS |  
2019-08-23 02:47:58,722 | INFO  | DNAudit | user=null | ip=null | op=PUT_BLOCK {blockData=[blockId=conID: 2 locID: 102664010306814360 bcsId: 0,size=4194304]} | ret=SUCCESS |  
2019-08-23 02:47:58,723 [grpc-default-executor-6] INFO  client.GrpcClientProtocolClient (GrpcClientProtocolClient.java:onNext(255)) - client-B268B4322F32->17750241-545b-4219-93a1-14a6ea3d85be: receive RaftClientReply:client-B268B4322F32->17750241-545b-4219-93a1-14a6ea3d85be@group-C33FBD9556F2, cid=668, SUCCESS, logIndex=0, commits[17750241-545b-4219-93a1-14a6ea3d85be:c837, 4eaaa090-573e-41d3-9f8c-c99e236d806a:c836, 5f4cf9ee-4bed-49de-adaa-861aec894328:c836]
2019-08-23 02:47:58,733 | INFO  | DNAudit | user=null | ip=null | op=WRITE_CHUNK {blockData=conID: 3 locID: 102664010306814361 bcsId: 0} | ret=SUCCESS |  
2019-08-23 02:47:58,735 | INFO  | DNAudit | user=null | ip=null | op=WRITE_CHUNK {blockData=conID: 3 locID: 102664010306814361 bcsId: 0} | ret=SUCCESS |  
2019-08-23 02:47:58,735 | INFO  | DNAudit | user=null | ip=null | op=WRITE_CHUNK {blockData=conID: 3 locID: 102664010306814361 bcsId: 0} | ret=SUCCESS |  
2019-08-23 02:47:58,736 | INFO  | DNAudit | user=null | ip=null | op=WRITE_CHUNK {blockData=conID: 3 locID: 102664010306814361 bcsId: 0} | ret=SUCCESS |  
2019-08-23 02:47:58,737 | INFO  | DNAudit | user=null | ip=null | op=WRITE_CHUNK {blockData=conID: 3 locID: 102664010306814361 bcsId: 0} | ret=SUCCESS |  
2019-08-23 02:47:58,738 | INFO  | DNAudit | user=null | ip=null | op=WRITE_CHUNK {blockData=conID: 3 locID: 102664010306814361 bcsId: 0} | ret=SUCCESS |  
2019-08-23 02:47:58,748 | INFO  | DNAudit | user=null | ip=null | op=WRITE_CHUNK {blockData=conID: 3 locID: 102664010306814361 bcsId: 0} | ret=SUCCESS |  
2019-08-23 02:47:58,749 | INFO  | DNAudit | user=null | ip=null | op=PUT_BLOCK {blockData=[blockId=conID: 3 locID: 102664010306814361 bcsId: 0,size=1048576]} | ret=SUCCESS |  
2019-08-23 02:47:58,749 [grpc-default-executor-4] INFO  client.GrpcClientProtocolClient (GrpcClientProtocolClient.java:onNext(255)) - client-B268B4322F32->17750241-545b-4219-93a1-14a6ea3d85be: receive RaftClientReply:client-B268B4322F32->17750241-545b-4219-93a1-14a6ea3d85be@group-C33FBD9556F2, cid=669, SUCCESS, logIndex=839, commits[17750241-545b-4219-93a1-14a6ea3d85be:c841, 4eaaa090-573e-41d3-9f8c-c99e236d806a:c838, 5f4cf9ee-4bed-49de-adaa-861aec894328:c838]
2019-08-23 02:47:58,749 | INFO  | DNAudit | user=null | ip=null | op=WRITE_CHUNK {blockData=conID: 3 locID: 102664010306814361 bcsId: 0} | ret=SUCCESS |  
2019-08-23 02:47:58,750 [grpc-default-executor-4] INFO  client.GrpcClientProtocolClient (GrpcClientProtocolClient.java:onNext(255)) - client-B268B4322F32->17750241-545b-4219-93a1-14a6ea3d85be: receive RaftClientReply:client-B268B4322F32->17750241-545b-4219-93a1-14a6ea3d85be@group-C33FBD9556F2, cid=670, SUCCESS, logIndex=840, commits[17750241-545b-4219-93a1-14a6ea3d85be:c842, 4eaaa090-573e-41d3-9f8c-c99e236d806a:c838, 5f4cf9ee-4bed-49de-adaa-861aec894328:c838]
2019-08-23 02:47:58,750 | INFO  | DNAudit | user=null | ip=null | op=PUT_BLOCK {blockData=[blockId=conID: 3 locID: 102664010306814361 bcsId: 0,size=2097152]} | ret=SUCCESS |  
2019-08-23 02:47:58,750 [grpc-default-executor-4] INFO  client.GrpcClientProtocolClient (GrpcClientProtocolClient.java:onNext(255)) - client-B268B4322F32->17750241-545b-4219-93a1-14a6ea3d85be: receive RaftClientReply:client-B268B4322F32->17750241-545b-4219-93a1-14a6ea3d85be@group-C33FBD9556F2, cid=671, SUCCESS, logIndex=841, commits[17750241-545b-4219-93a1-14a6ea3d85be:c842, 4eaaa090-573e-41d3-9f8c-c99e236d806a:c838, 5f4cf9ee-4bed-49de-adaa-861aec894328:c838]
2019-08-23 02:47:58,751 [grpc-default-executor-4] INFO  client.GrpcClientProtocolClient (GrpcClientProtocolClient.java:onNext(255)) - client-B268B4322F32->17750241-545b-4219-93a1-14a6ea3d85be: receive RaftClientReply:client-B268B4322F32->17750241-545b-4219-93a1-14a6ea3d85be@group-C33FBD9556F2, cid=672, SUCCESS, logIndex=842, commits[17750241-545b-4219-93a1-14a6ea3d85be:c842, 4eaaa090-573e-41d3-9f8c-c99e236d806a:c838, 5f4cf9ee-4bed-49de-adaa-861aec894328:c838]
2019-08-23 02:47:58,759 | INFO  | DNAudit | user=null | ip=null | op=WRITE_CHUNK {blockData=conID: 3 locID: 102664010306814361 bcsId: 0} | ret=SUCCESS |  
2019-08-23 02:47:58,760 | INFO  | DNAudit | user=null | ip=null | op=WRITE_CHUNK {blockData=conID: 3 locID: 102664010306814361 bcsId: 0} | ret=SUCCESS |  
2019-08-23 02:47:58,760 | INFO  | DNAudit | user=null | ip=null | op=PUT_BLOCK {blockData=[blockId=conID: 3 locID: 102664010306814361 bcsId: 0,size=1048576]} | ret=SUCCESS |  
2019-08-23 02:47:58,762 | INFO  | DNAudit | user=null | ip=null | op=PUT_BLOCK {blockData=[blockId=conID: 3 locID: 102664010306814361 bcsId: 0,size=1048576]} | ret=SUCCESS |  
2019-08-23 02:47:58,763 | INFO  | DNAudit | user=null | ip=null | op=WRITE_CHUNK {blockData=conID: 3 locID: 102664010306814361 bcsId: 0} | ret=SUCCESS |  
2019-08-23 02:47:58,763 | INFO  | DNAudit | user=null | ip=null | op=WRITE_CHUNK {blockData=conID: 3 locID: 102664010306814361 bcsId: 0} | ret=SUCCESS |  
2019-08-23 02:47:58,763 | INFO  | DNAudit | user=null | ip=null | op=PUT_BLOCK {blockData=[blockId=conID: 3 locID: 102664010306814361 bcsId: 0,size=2097152]} | ret=SUCCESS |  
2019-08-23 02:47:58,763 | INFO  | DNAudit | user=null | ip=null | op=PUT_BLOCK {blockData=[blockId=conID: 3 locID: 102664010306814361 bcsId: 0,size=2097152]} | ret=SUCCESS |  
2019-08-23 02:47:58,763 [grpc-default-executor-4] INFO  client.GrpcClientProtocolClient (GrpcClientProtocolClient.java:onNext(255)) - client-B268B4322F32->17750241-545b-4219-93a1-14a6ea3d85be: receive RaftClientReply:client-B268B4322F32->17750241-545b-4219-93a1-14a6ea3d85be@group-C33FBD9556F2, cid=673, SUCCESS, logIndex=0, commits[17750241-545b-4219-93a1-14a6ea3d85be:c843, 4eaaa090-573e-41d3-9f8c-c99e236d806a:c840, 5f4cf9ee-4bed-49de-adaa-861aec894328:c840]
2019-08-23 02:47:58,773 | INFO  | DNAudit | user=null | ip=null | op=WRITE_CHUNK {blockData=conID: 3 locID: 102664010306814361 bcsId: 842} | ret=SUCCESS |  
2019-08-23 02:47:58,775 | INFO  | DNAudit | user=null | ip=null | op=WRITE_CHUNK {blockData=conID: 3 locID: 102664010306814361 bcsId: 842} | ret=SUCCESS |  
2019-08-23 02:47:58,776 | INFO  | DNAudit | user=null | ip=null | op=WRITE_CHUNK {blockData=conID: 3 locID: 102664010306814361 bcsId: 842} | ret=SUCCESS |  
2019-08-23 02:47:58,786 | INFO  | DNAudit | user=null | ip=null | op=WRITE_CHUNK {blockData=conID: 3 locID: 102664010306814361 bcsId: 842} | ret=SUCCESS |  
2019-08-23 02:47:58,787 | INFO  | DNAudit | user=null | ip=null | op=PUT_BLOCK {blockData=[blockId=conID: 3 locID: 102664010306814361 bcsId: 0,size=3145728]} | ret=SUCCESS |  
2019-08-23 02:47:58,787 [grpc-default-executor-2] INFO  client.GrpcClientProtocolClient (GrpcClientProtocolClient.java:onNext(255)) - client-B268B4322F32->17750241-545b-4219-93a1-14a6ea3d85be: receive RaftClientReply:client-B268B4322F32->17750241-545b-4219-93a1-14a6ea3d85be@group-C33FBD9556F2, cid=674, SUCCESS, logIndex=847, commits[17750241-545b-4219-93a1-14a6ea3d85be:c848, 4eaaa090-573e-41d3-9f8c-c99e236d806a:c846, 5f4cf9ee-4bed-49de-adaa-861aec894328:c846]
2019-08-23 02:47:58,788 [grpc-default-executor-2] INFO  client.GrpcClientProtocolClient (GrpcClientProtocolClient.java:onNext(255)) - client-B268B4322F32->17750241-545b-4219-93a1-14a6ea3d85be: receive RaftClientReply:client-B268B4322F32->17750241-545b-4219-93a1-14a6ea3d85be@group-C33FBD9556F2, cid=675, SUCCESS, logIndex=848, commits[17750241-545b-4219-93a1-14a6ea3d85be:c848, 4eaaa090-573e-41d3-9f8c-c99e236d806a:c846, 5f4cf9ee-4bed-49de-adaa-861aec894328:c846]
2019-08-23 02:47:58,791 | INFO  | SCMAudit | user=jenkins1000 | ip=192.168.34.22 | op=SEND_HEARTBEAT {datanodeUUID=0cedf437-a8af-4d70-bac5-ea9863093e86, command=[]} | ret=SUCCESS |  
2019-08-23 02:47:58,796 | INFO  | DNAudit | user=null | ip=null | op=WRITE_CHUNK {blockData=conID: 3 locID: 102664010306814361 bcsId: 848} | ret=SUCCESS |  
2019-08-23 02:47:58,801 | INFO  | DNAudit | user=null | ip=null | op=WRITE_CHUNK {blockData=conID: 3 locID: 102664010306814361 bcsId: 848} | ret=SUCCESS |  
2019-08-23 02:47:58,801 | INFO  | DNAudit | user=null | ip=null | op=WRITE_CHUNK {blockData=conID: 3 locID: 102664010306814361 bcsId: 848} | ret=SUCCESS |  
2019-08-23 02:47:58,831 | INFO  | DNAudit | user=null | ip=null | op=WRITE_CHUNK {blockData=conID: 3 locID: 102664010306814361 bcsId: 842} | ret=SUCCESS |  
2019-08-23 02:47:58,831 | INFO  | DNAudit | user=null | ip=null | op=WRITE_CHUNK {blockData=conID: 3 locID: 102664010306814361 bcsId: 842} | ret=SUCCESS |  
2019-08-23 02:47:58,834 | INFO  | DNAudit | user=null | ip=null | op=PUT_BLOCK {blockData=[blockId=conID: 3 locID: 102664010306814361 bcsId: 0,size=3145728]} | ret=SUCCESS |  
2019-08-23 02:47:58,834 | INFO  | DNAudit | user=null | ip=null | op=PUT_BLOCK {blockData=[blockId=conID: 3 locID: 102664010306814361 bcsId: 0,size=3145728]} | ret=SUCCESS |  
2019-08-23 02:47:58,835 | INFO  | DNAudit | user=null | ip=null | op=WRITE_CHUNK {blockData=conID: 3 locID: 102664010306814361 bcsId: 848} | ret=SUCCESS |  
2019-08-23 02:47:58,836 | INFO  | DNAudit | user=null | ip=null | op=PUT_BLOCK {blockData=[blockId=conID: 3 locID: 102664010306814361 bcsId: 0,size=4194304]} | ret=SUCCESS |  
2019-08-23 02:47:58,836 [grpc-default-executor-4] INFO  client.GrpcClientProtocolClient (GrpcClientProtocolClient.java:onNext(255)) - client-B268B4322F32->17750241-545b-4219-93a1-14a6ea3d85be: receive RaftClientReply:client-B268B4322F32->17750241-545b-4219-93a1-14a6ea3d85be@group-C33FBD9556F2, cid=676, SUCCESS, logIndex=851, commits[17750241-545b-4219-93a1-14a6ea3d85be:c852, 4eaaa090-573e-41d3-9f8c-c99e236d806a:c848, 5f4cf9ee-4bed-49de-adaa-861aec894328:c848]
2019-08-23 02:47:58,837 [grpc-default-executor-4] INFO  client.GrpcClientProtocolClient (GrpcClientProtocolClient.java:onNext(255)) - client-B268B4322F32->17750241-545b-4219-93a1-14a6ea3d85be: receive RaftClientReply:client-B268B4322F32->17750241-545b-4219-93a1-14a6ea3d85be@group-C33FBD9556F2, cid=677, SUCCESS, logIndex=852, commits[17750241-545b-4219-93a1-14a6ea3d85be:c852, 4eaaa090-573e-41d3-9f8c-c99e236d806a:c848, 5f4cf9ee-4bed-49de-adaa-861aec894328:c848]
2019-08-23 02:47:58,845 | INFO  | DNAudit | user=null | ip=null | op=WRITE_CHUNK {blockData=conID: 3 locID: 102664010306814361 bcsId: 848} | ret=SUCCESS |  
2019-08-23 02:47:58,845 | INFO  | DNAudit | user=null | ip=null | op=WRITE_CHUNK {blockData=conID: 3 locID: 102664010306814361 bcsId: 848} | ret=SUCCESS |  
2019-08-23 02:47:58,848 | INFO  | DNAudit | user=null | ip=null | op=PUT_BLOCK {blockData=[blockId=conID: 3 locID: 102664010306814361 bcsId: 0,size=4194304]} | ret=SUCCESS |  
2019-08-23 02:47:58,848 | INFO  | DNAudit | user=null | ip=null | op=PUT_BLOCK {blockData=[blockId=conID: 3 locID: 102664010306814361 bcsId: 0,size=4194304]} | ret=SUCCESS |  
2019-08-23 02:47:58,849 [grpc-default-executor-4] INFO  client.GrpcClientProtocolClient (GrpcClientProtocolClient.java:onNext(255)) - client-B268B4322F32->17750241-545b-4219-93a1-14a6ea3d85be: receive RaftClientReply:client-B268B4322F32->17750241-545b-4219-93a1-14a6ea3d85be@group-C33FBD9556F2, cid=678, SUCCESS, logIndex=0, commits[17750241-545b-4219-93a1-14a6ea3d85be:c854, 4eaaa090-573e-41d3-9f8c-c99e236d806a:c852, 5f4cf9ee-4bed-49de-adaa-861aec894328:c852]
2019-08-23 02:47:58,864 | INFO  | DNAudit | user=null | ip=null | op=WRITE_CHUNK {blockData=conID: 1 locID: 102664010306814362 bcsId: 0} | ret=SUCCESS |  
2019-08-23 02:47:58,869 | INFO  | DNAudit | user=null | ip=null | op=WRITE_CHUNK {blockData=conID: 1 locID: 102664010306814362 bcsId: 0} | ret=SUCCESS |  
2019-08-23 02:47:58,869 | INFO  | DNAudit | user=null | ip=null | op=WRITE_CHUNK {blockData=conID: 1 locID: 102664010306814362 bcsId: 0} | ret=SUCCESS |  
2019-08-23 02:47:58,870 | INFO  | DNAudit | user=null | ip=null | op=WRITE_CHUNK {blockData=conID: 1 locID: 102664010306814362 bcsId: 0} | ret=SUCCESS |  
2019-08-23 02:47:58,872 | INFO  | DNAudit | user=null | ip=null | op=WRITE_CHUNK {blockData=conID: 1 locID: 102664010306814362 bcsId: 0} | ret=SUCCESS |  
2019-08-23 02:47:58,872 | INFO  | DNAudit | user=null | ip=null | op=PUT_BLOCK {blockData=[blockId=conID: 1 locID: 102664010306814362 bcsId: 0,size=1048576]} | ret=SUCCESS |  
2019-08-23 02:47:58,872 [grpc-default-executor-2] INFO  client.GrpcClientProtocolClient (GrpcClientProtocolClient.java:onNext(255)) - client-B268B4322F32->17750241-545b-4219-93a1-14a6ea3d85be: receive RaftClientReply:client-B268B4322F32->17750241-545b-4219-93a1-14a6ea3d85be@group-C33FBD9556F2, cid=679, SUCCESS, logIndex=855, commits[17750241-545b-4219-93a1-14a6ea3d85be:c856, 4eaaa090-573e-41d3-9f8c-c99e236d806a:c854, 5f4cf9ee-4bed-49de-adaa-861aec894328:c854]
2019-08-23 02:47:58,873 [grpc-default-executor-2] INFO  client.GrpcClientProtocolClient (GrpcClientProtocolClient.java:onNext(255)) - client-B268B4322F32->17750241-545b-4219-93a1-14a6ea3d85be: receive RaftClientReply:client-B268B4322F32->17750241-545b-4219-93a1-14a6ea3d85be@group-C33FBD9556F2, cid=680, SUCCESS, logIndex=856, commits[17750241-545b-4219-93a1-14a6ea3d85be:c856, 4eaaa090-573e-41d3-9f8c-c99e236d806a:c854, 5f4cf9ee-4bed-49de-adaa-861aec894328:c854]
2019-08-23 02:47:58,874 | INFO  | DNAudit | user=null | ip=null | op=WRITE_CHUNK {blockData=conID: 1 locID: 102664010306814362 bcsId: 0} | ret=SUCCESS |  
2019-08-23 02:47:58,874 | INFO  | DNAudit | user=null | ip=null | op=WRITE_CHUNK {blockData=conID: 1 locID: 102664010306814362 bcsId: 0} | ret=SUCCESS |  
2019-08-23 02:47:58,889 | INFO  | DNAudit | user=null | ip=null | op=WRITE_CHUNK {blockData=conID: 1 locID: 102664010306814362 bcsId: 0} | ret=SUCCESS |  
2019-08-23 02:47:58,889 | INFO  | DNAudit | user=null | ip=null | op=WRITE_CHUNK {blockData=conID: 1 locID: 102664010306814362 bcsId: 0} | ret=SUCCESS |  
2019-08-23 02:47:58,889 | INFO  | DNAudit | user=null | ip=null | op=PUT_BLOCK {blockData=[blockId=conID: 1 locID: 102664010306814362 bcsId: 0,size=1048576]} | ret=SUCCESS |  
2019-08-23 02:47:58,889 | INFO  | DNAudit | user=null | ip=null | op=WRITE_CHUNK {blockData=conID: 1 locID: 102664010306814362 bcsId: 0} | ret=SUCCESS |  
2019-08-23 02:47:58,890 | INFO  | DNAudit | user=null | ip=null | op=PUT_BLOCK {blockData=[blockId=conID: 1 locID: 102664010306814362 bcsId: 0,size=2097152]} | ret=SUCCESS |  
2019-08-23 02:47:58,890 | INFO  | DNAudit | user=null | ip=null | op=PUT_BLOCK {blockData=[blockId=conID: 1 locID: 102664010306814362 bcsId: 0,size=1048576]} | ret=SUCCESS |  
2019-08-23 02:47:58,890 [grpc-default-executor-2] INFO  client.GrpcClientProtocolClient (GrpcClientProtocolClient.java:onNext(255)) - client-B268B4322F32->17750241-545b-4219-93a1-14a6ea3d85be: receive RaftClientReply:client-B268B4322F32->17750241-545b-4219-93a1-14a6ea3d85be@group-C33FBD9556F2, cid=681, SUCCESS, logIndex=857, commits[17750241-545b-4219-93a1-14a6ea3d85be:c859, 4eaaa090-573e-41d3-9f8c-c99e236d806a:c856, 5f4cf9ee-4bed-49de-adaa-861aec894328:c854]
2019-08-23 02:47:58,890 [grpc-default-executor-2] INFO  client.GrpcClientProtocolClient (GrpcClientProtocolClient.java:onNext(255)) - client-B268B4322F32->17750241-545b-4219-93a1-14a6ea3d85be: receive RaftClientReply:client-B268B4322F32->17750241-545b-4219-93a1-14a6ea3d85be@group-C33FBD9556F2, cid=682, SUCCESS, logIndex=858, commits[17750241-545b-4219-93a1-14a6ea3d85be:c860, 4eaaa090-573e-41d3-9f8c-c99e236d806a:c856, 5f4cf9ee-4bed-49de-adaa-861aec894328:c856]
2019-08-23 02:47:58,900 | INFO  | DNAudit | user=null | ip=null | op=WRITE_CHUNK {blockData=conID: 1 locID: 102664010306814362 bcsId: 858} | ret=SUCCESS |  
2019-08-23 02:47:58,901 | INFO  | DNAudit | user=null | ip=null | op=WRITE_CHUNK {blockData=conID: 1 locID: 102664010306814362 bcsId: 0} | ret=SUCCESS |  
2019-08-23 02:47:58,901 | INFO  | DNAudit | user=null | ip=null | op=WRITE_CHUNK {blockData=conID: 1 locID: 102664010306814362 bcsId: 0} | ret=SUCCESS |  
2019-08-23 02:47:58,901 | INFO  | DNAudit | user=null | ip=null | op=PUT_BLOCK {blockData=[blockId=conID: 1 locID: 102664010306814362 bcsId: 0,size=2097152]} | ret=SUCCESS |  
2019-08-23 02:47:58,901 | INFO  | DNAudit | user=null | ip=null | op=PUT_BLOCK {blockData=[blockId=conID: 1 locID: 102664010306814362 bcsId: 0,size=2097152]} | ret=SUCCESS |  
2019-08-23 02:47:58,904 | INFO  | DNAudit | user=null | ip=null | op=WRITE_CHUNK {blockData=conID: 1 locID: 102664010306814362 bcsId: 858} | ret=SUCCESS |  
2019-08-23 02:47:58,904 | INFO  | DNAudit | user=null | ip=null | op=WRITE_CHUNK {blockData=conID: 1 locID: 102664010306814362 bcsId: 858} | ret=SUCCESS |  
2019-08-23 02:47:58,916 | INFO  | DNAudit | user=null | ip=null | op=WRITE_CHUNK {blockData=conID: 1 locID: 102664010306814362 bcsId: 858} | ret=SUCCESS |  
2019-08-23 02:47:58,916 | INFO  | DNAudit | user=null | ip=null | op=PUT_BLOCK {blockData=[blockId=conID: 1 locID: 102664010306814362 bcsId: 0,size=3145728]} | ret=SUCCESS |  
2019-08-23 02:47:58,917 [grpc-default-executor-4] INFO  client.GrpcClientProtocolClient (GrpcClientProtocolClient.java:onNext(255)) - client-B268B4322F32->17750241-545b-4219-93a1-14a6ea3d85be: receive RaftClientReply:client-B268B4322F32->17750241-545b-4219-93a1-14a6ea3d85be@group-C33FBD9556F2, cid=683, SUCCESS, logIndex=863, commits[17750241-545b-4219-93a1-14a6ea3d85be:c864, 4eaaa090-573e-41d3-9f8c-c99e236d806a:c860, 5f4cf9ee-4bed-49de-adaa-861aec894328:c860]
2019-08-23 02:47:58,917 | INFO  | DNAudit | user=null | ip=null | op=WRITE_CHUNK {blockData=conID: 1 locID: 102664010306814362 bcsId: 858} | ret=SUCCESS |  
2019-08-23 02:47:58,917 [grpc-default-executor-4] INFO  client.GrpcClientProtocolClient (GrpcClientProtocolClient.java:onNext(255)) - client-B268B4322F32->17750241-545b-4219-93a1-14a6ea3d85be: receive RaftClientReply:client-B268B4322F32->17750241-545b-4219-93a1-14a6ea3d85be@group-C33FBD9556F2, cid=684, SUCCESS, logIndex=864, commits[17750241-545b-4219-93a1-14a6ea3d85be:c864, 4eaaa090-573e-41d3-9f8c-c99e236d806a:c860, 5f4cf9ee-4bed-49de-adaa-861aec894328:c860]
2019-08-23 02:47:58,917 | INFO  | DNAudit | user=null | ip=null | op=WRITE_CHUNK {blockData=conID: 1 locID: 102664010306814362 bcsId: 858} | ret=SUCCESS |  
2019-08-23 02:47:58,918 | INFO  | DNAudit | user=null | ip=null | op=PUT_BLOCK {blockData=[blockId=conID: 1 locID: 102664010306814362 bcsId: 0,size=3145728]} | ret=SUCCESS |  
2019-08-23 02:47:58,919 | INFO  | DNAudit | user=null | ip=null | op=PUT_BLOCK {blockData=[blockId=conID: 1 locID: 102664010306814362 bcsId: 0,size=3145728]} | ret=SUCCESS |  
2019-08-23 02:47:58,927 | INFO  | DNAudit | user=null | ip=null | op=WRITE_CHUNK {blockData=conID: 1 locID: 102664010306814362 bcsId: 864} | ret=SUCCESS |  
2019-08-23 02:47:58,931 | INFO  | DNAudit | user=null | ip=null | op=WRITE_CHUNK {blockData=conID: 1 locID: 102664010306814362 bcsId: 864} | ret=SUCCESS |  
2019-08-23 02:47:58,932 | INFO  | DNAudit | user=null | ip=null | op=WRITE_CHUNK {blockData=conID: 1 locID: 102664010306814362 bcsId: 864} | ret=SUCCESS |  
2019-08-23 02:47:58,940 | INFO  | DNAudit | user=null | ip=null | op=WRITE_CHUNK {blockData=conID: 1 locID: 102664010306814362 bcsId: 864} | ret=SUCCESS |  
2019-08-23 02:47:58,941 | INFO  | DNAudit | user=null | ip=null | op=PUT_BLOCK {blockData=[blockId=conID: 1 locID: 102664010306814362 bcsId: 0,size=4194304]} | ret=SUCCESS |  
2019-08-23 02:47:58,941 [grpc-default-executor-5] INFO  client.GrpcClientProtocolClient (GrpcClientProtocolClient.java:onNext(255)) - client-B268B4322F32->17750241-545b-4219-93a1-14a6ea3d85be: receive RaftClientReply:client-B268B4322F32->17750241-545b-4219-93a1-14a6ea3d85be@group-C33FBD9556F2, cid=685, SUCCESS, logIndex=867, commits[17750241-545b-4219-93a1-14a6ea3d85be:c868, 4eaaa090-573e-41d3-9f8c-c99e236d806a:c866, 5f4cf9ee-4bed-49de-adaa-861aec894328:c866]
2019-08-23 02:47:58,942 [grpc-default-executor-5] INFO  client.GrpcClientProtocolClient (GrpcClientProtocolClient.java:onNext(255)) - client-B268B4322F32->17750241-545b-4219-93a1-14a6ea3d85be: receive RaftClientReply:client-B268B4322F32->17750241-545b-4219-93a1-14a6ea3d85be@group-C33FBD9556F2, cid=686, SUCCESS, logIndex=868, commits[17750241-545b-4219-93a1-14a6ea3d85be:c868, 4eaaa090-573e-41d3-9f8c-c99e236d806a:c866, 5f4cf9ee-4bed-49de-adaa-861aec894328:c866]
2019-08-23 02:47:58,951 | INFO  | DNAudit | user=null | ip=null | op=WRITE_CHUNK {blockData=conID: 1 locID: 102664010306814362 bcsId: 864} | ret=SUCCESS |  
2019-08-23 02:47:58,951 | INFO  | DNAudit | user=null | ip=null | op=WRITE_CHUNK {blockData=conID: 1 locID: 102664010306814362 bcsId: 864} | ret=SUCCESS |  
2019-08-23 02:47:58,953 | INFO  | DNAudit | user=null | ip=null | op=PUT_BLOCK {blockData=[blockId=conID: 1 locID: 102664010306814362 bcsId: 0,size=4194304]} | ret=SUCCESS |  
2019-08-23 02:47:58,954 | INFO  | DNAudit | user=null | ip=null | op=PUT_BLOCK {blockData=[blockId=conID: 1 locID: 102664010306814362 bcsId: 0,size=4194304]} | ret=SUCCESS |  
2019-08-23 02:47:58,954 [grpc-default-executor-6] INFO  client.GrpcClientProtocolClient (GrpcClientProtocolClient.java:onNext(255)) - client-B268B4322F32->17750241-545b-4219-93a1-14a6ea3d85be: receive RaftClientReply:client-B268B4322F32->17750241-545b-4219-93a1-14a6ea3d85be@group-C33FBD9556F2, cid=687, SUCCESS, logIndex=0, commits[17750241-545b-4219-93a1-14a6ea3d85be:c870, 4eaaa090-573e-41d3-9f8c-c99e236d806a:c868, 5f4cf9ee-4bed-49de-adaa-861aec894328:c868]
2019-08-23 02:47:58,964 | INFO  | DNAudit | user=null | ip=null | op=WRITE_CHUNK {blockData=conID: 2 locID: 102664010306879899 bcsId: 0} | ret=SUCCESS |  
2019-08-23 02:47:58,966 | INFO  | DNAudit | user=null | ip=null | op=WRITE_CHUNK {blockData=conID: 2 locID: 102664010306879899 bcsId: 0} | ret=SUCCESS |  
2019-08-23 02:47:58,968 | INFO  | DNAudit | user=null | ip=null | op=WRITE_CHUNK {blockData=conID: 2 locID: 102664010306879899 bcsId: 0} | ret=SUCCESS |  
2019-08-23 02:47:58,968 | INFO  | DNAudit | user=null | ip=null | op=WRITE_CHUNK {blockData=conID: 2 locID: 102664010306879899 bcsId: 0} | ret=SUCCESS |  
2019-08-23 02:47:58,970 | INFO  | DNAudit | user=null | ip=null | op=WRITE_CHUNK {blockData=conID: 2 locID: 102664010306879899 bcsId: 0} | ret=SUCCESS |  
2019-08-23 02:47:58,970 | INFO  | DNAudit | user=null | ip=null | op=WRITE_CHUNK {blockData=conID: 2 locID: 102664010306879899 bcsId: 0} | ret=SUCCESS |  
2019-08-23 02:47:58,979 | INFO  | DNAudit | user=null | ip=null | op=WRITE_CHUNK {blockData=conID: 2 locID: 102664010306879899 bcsId: 0} | ret=SUCCESS |  
2019-08-23 02:47:58,980 | INFO  | DNAudit | user=null | ip=null | op=PUT_BLOCK {blockData=[blockId=conID: 2 locID: 102664010306879899 bcsId: 0,size=1048576]} | ret=SUCCESS |  
2019-08-23 02:47:58,980 | INFO  | DNAudit | user=null | ip=null | op=WRITE_CHUNK {blockData=conID: 2 locID: 102664010306879899 bcsId: 0} | ret=SUCCESS |  
2019-08-23 02:47:58,980 [grpc-default-executor-5] INFO  client.GrpcClientProtocolClient (GrpcClientProtocolClient.java:onNext(255)) - client-B268B4322F32->17750241-545b-4219-93a1-14a6ea3d85be: receive RaftClientReply:client-B268B4322F32->17750241-545b-4219-93a1-14a6ea3d85be@group-C33FBD9556F2, cid=688, SUCCESS, logIndex=871, commits[17750241-545b-4219-93a1-14a6ea3d85be:c873, 4eaaa090-573e-41d3-9f8c-c99e236d806a:c870, 5f4cf9ee-4bed-49de-adaa-861aec894328:c870]
2019-08-23 02:47:58,980 | INFO  | DNAudit | user=null | ip=null | op=PUT_BLOCK {blockData=[blockId=conID: 2 locID: 102664010306879899 bcsId: 0,size=2097152]} | ret=SUCCESS |  
2019-08-23 02:47:58,983 [grpc-default-executor-5] INFO  client.GrpcClientProtocolClient (GrpcClientProtocolClient.java:onNext(255)) - client-B268B4322F32->17750241-545b-4219-93a1-14a6ea3d85be: receive RaftClientReply:client-B268B4322F32->17750241-545b-4219-93a1-14a6ea3d85be@group-C33FBD9556F2, cid=689, SUCCESS, logIndex=872, commits[17750241-545b-4219-93a1-14a6ea3d85be:c874, 4eaaa090-573e-41d3-9f8c-c99e236d806a:c870, 5f4cf9ee-4bed-49de-adaa-861aec894328:c870]
2019-08-23 02:47:58,984 [grpc-default-executor-5] INFO  client.GrpcClientProtocolClient (GrpcClientProtocolClient.java:onNext(255)) - client-B268B4322F32->17750241-545b-4219-93a1-14a6ea3d85be: receive RaftClientReply:client-B268B4322F32->17750241-545b-4219-93a1-14a6ea3d85be@group-C33FBD9556F2, cid=690, SUCCESS, logIndex=873, commits[17750241-545b-4219-93a1-14a6ea3d85be:c874, 4eaaa090-573e-41d3-9f8c-c99e236d806a:c870, 5f4cf9ee-4bed-49de-adaa-861aec894328:c870]
2019-08-23 02:47:58,984 [grpc-default-executor-5] INFO  client.GrpcClientProtocolClient (GrpcClientProtocolClient.java:onNext(255)) - client-B268B4322F32->17750241-545b-4219-93a1-14a6ea3d85be: receive RaftClientReply:client-B268B4322F32->17750241-545b-4219-93a1-14a6ea3d85be@group-C33FBD9556F2, cid=691, SUCCESS, logIndex=874, commits[17750241-545b-4219-93a1-14a6ea3d85be:c874, 4eaaa090-573e-41d3-9f8c-c99e236d806a:c870, 5f4cf9ee-4bed-49de-adaa-861aec894328:c870]
2019-08-23 02:47:58,990 | INFO  | DNAudit | user=null | ip=null | op=WRITE_CHUNK {blockData=conID: 2 locID: 102664010306879899 bcsId: 0} | ret=SUCCESS |  
2019-08-23 02:47:58,991 | INFO  | DNAudit | user=null | ip=null | op=PUT_BLOCK {blockData=[blockId=conID: 2 locID: 102664010306879899 bcsId: 0,size=1048576]} | ret=SUCCESS |  
2019-08-23 02:47:58,991 | INFO  | DNAudit | user=null | ip=null | op=WRITE_CHUNK {blockData=conID: 2 locID: 102664010306879899 bcsId: 0} | ret=SUCCESS |  
2019-08-23 02:47:58,992 | INFO  | DNAudit | user=null | ip=null | op=PUT_BLOCK {blockData=[blockId=conID: 2 locID: 102664010306879899 bcsId: 0,size=1048576]} | ret=SUCCESS |  
2019-08-23 02:47:58,992 [grpc-default-executor-5] INFO  client.GrpcClientProtocolClient (GrpcClientProtocolClient.java:onNext(255)) - client-B268B4322F32->17750241-545b-4219-93a1-14a6ea3d85be: receive RaftClientReply:client-B268B4322F32->17750241-545b-4219-93a1-14a6ea3d85be@group-C33FBD9556F2, cid=692, SUCCESS, logIndex=0, commits[17750241-545b-4219-93a1-14a6ea3d85be:c875, 4eaaa090-573e-41d3-9f8c-c99e236d806a:c872, 5f4cf9ee-4bed-49de-adaa-861aec894328:c872]
2019-08-23 02:47:58,994 | INFO  | DNAudit | user=null | ip=null | op=WRITE_CHUNK {blockData=conID: 2 locID: 102664010306879899 bcsId: 0} | ret=SUCCESS |  
2019-08-23 02:47:58,994 | INFO  | DNAudit | user=null | ip=null | op=WRITE_CHUNK {blockData=conID: 2 locID: 102664010306879899 bcsId: 0} | ret=SUCCESS |  
2019-08-23 02:47:58,994 | INFO  | DNAudit | user=null | ip=null | op=PUT_BLOCK {blockData=[blockId=conID: 2 locID: 102664010306879899 bcsId: 0,size=2097152]} | ret=SUCCESS |  
2019-08-23 02:47:58,994 | INFO  | DNAudit | user=null | ip=null | op=PUT_BLOCK {blockData=[blockId=conID: 2 locID: 102664010306879899 bcsId: 0,size=2097152]} | ret=SUCCESS |  
2019-08-23 02:47:59,002 | INFO  | DNAudit | user=null | ip=null | op=WRITE_CHUNK {blockData=conID: 2 locID: 102664010306879899 bcsId: 874} | ret=SUCCESS |  
2019-08-23 02:47:59,005 | INFO  | DNAudit | user=null | ip=null | op=WRITE_CHUNK {blockData=conID: 2 locID: 102664010306879899 bcsId: 874} | ret=SUCCESS |  
2019-08-23 02:47:59,005 | INFO  | DNAudit | user=null | ip=null | op=WRITE_CHUNK {blockData=conID: 2 locID: 102664010306879899 bcsId: 874} | ret=SUCCESS |  
2019-08-23 02:47:59,015 | INFO  | DNAudit | user=null | ip=null | op=WRITE_CHUNK {blockData=conID: 2 locID: 102664010306879899 bcsId: 874} | ret=SUCCESS |  
2019-08-23 02:47:59,015 | INFO  | DNAudit | user=null | ip=null | op=PUT_BLOCK {blockData=[blockId=conID: 2 locID: 102664010306879899 bcsId: 0,size=3145728]} | ret=SUCCESS |  
2019-08-23 02:47:59,016 [grpc-default-executor-5] INFO  client.GrpcClientProtocolClient (GrpcClientProtocolClient.java:onNext(255)) - client-B268B4322F32->17750241-545b-4219-93a1-14a6ea3d85be: receive RaftClientReply:client-B268B4322F32->17750241-545b-4219-93a1-14a6ea3d85be@group-C33FBD9556F2, cid=693, SUCCESS, logIndex=879, commits[17750241-545b-4219-93a1-14a6ea3d85be:c880, 4eaaa090-573e-41d3-9f8c-c99e236d806a:c878, 5f4cf9ee-4bed-49de-adaa-861aec894328:c878]
2019-08-23 02:47:59,016 [grpc-default-executor-5] INFO  client.GrpcClientProtocolClient (GrpcClientProtocolClient.java:onNext(255)) - client-B268B4322F32->17750241-545b-4219-93a1-14a6ea3d85be: receive RaftClientReply:client-B268B4322F32->17750241-545b-4219-93a1-14a6ea3d85be@group-C33FBD9556F2, cid=694, SUCCESS, logIndex=880, commits[17750241-545b-4219-93a1-14a6ea3d85be:c880, 4eaaa090-573e-41d3-9f8c-c99e236d806a:c878, 5f4cf9ee-4bed-49de-adaa-861aec894328:c878]
2019-08-23 02:47:59,024 | INFO  | DNAudit | user=null | ip=null | op=WRITE_CHUNK {blockData=conID: 2 locID: 102664010306879899 bcsId: 880} | ret=SUCCESS |  
2019-08-23 02:47:59,027 | INFO  | DNAudit | user=null | ip=null | op=WRITE_CHUNK {blockData=conID: 2 locID: 102664010306879899 bcsId: 874} | ret=SUCCESS |  
2019-08-23 02:47:59,027 | INFO  | DNAudit | user=null | ip=null | op=WRITE_CHUNK {blockData=conID: 2 locID: 102664010306879899 bcsId: 874} | ret=SUCCESS |  
2019-08-23 02:47:59,027 | INFO  | DNAudit | user=null | ip=null | op=WRITE_CHUNK {blockData=conID: 2 locID: 102664010306879899 bcsId: 880} | ret=SUCCESS |  
2019-08-23 02:47:59,027 | INFO  | DNAudit | user=null | ip=null | op=WRITE_CHUNK {blockData=conID: 2 locID: 102664010306879899 bcsId: 880} | ret=SUCCESS |  
2019-08-23 02:47:59,027 | INFO  | DNAudit | user=null | ip=null | op=PUT_BLOCK {blockData=[blockId=conID: 2 locID: 102664010306879899 bcsId: 0,size=3145728]} | ret=SUCCESS |  
2019-08-23 02:47:59,028 | INFO  | DNAudit | user=null | ip=null | op=PUT_BLOCK {blockData=[blockId=conID: 2 locID: 102664010306879899 bcsId: 0,size=3145728]} | ret=SUCCESS |  
2019-08-23 02:47:59,029 | INFO  | DNAudit | user=null | ip=null | op=WRITE_CHUNK {blockData=conID: 2 locID: 102664010306879899 bcsId: 880} | ret=SUCCESS |  
2019-08-23 02:47:59,029 | INFO  | DNAudit | user=null | ip=null | op=PUT_BLOCK {blockData=[blockId=conID: 2 locID: 102664010306879899 bcsId: 0,size=4194304]} | ret=SUCCESS |  
2019-08-23 02:47:59,030 [grpc-default-executor-5] INFO  client.GrpcClientProtocolClient (GrpcClientProtocolClient.java:onNext(255)) - client-B268B4322F32->17750241-545b-4219-93a1-14a6ea3d85be: receive RaftClientReply:client-B268B4322F32->17750241-545b-4219-93a1-14a6ea3d85be@group-C33FBD9556F2, cid=695, SUCCESS, logIndex=883, commits[17750241-545b-4219-93a1-14a6ea3d85be:c884, 4eaaa090-573e-41d3-9f8c-c99e236d806a:c880, 5f4cf9ee-4bed-49de-adaa-861aec894328:c880]
2019-08-23 02:47:59,030 [grpc-default-executor-5] INFO  client.GrpcClientProtocolClient (GrpcClientProtocolClient.java:onNext(255)) - client-B268B4322F32->17750241-545b-4219-93a1-14a6ea3d85be: receive RaftClientReply:client-B268B4322F32->17750241-545b-4219-93a1-14a6ea3d85be@group-C33FBD9556F2, cid=696, SUCCESS, logIndex=884, commits[17750241-545b-4219-93a1-14a6ea3d85be:c884, 4eaaa090-573e-41d3-9f8c-c99e236d806a:c880, 5f4cf9ee-4bed-49de-adaa-861aec894328:c880]
2019-08-23 02:47:59,030 | INFO  | DNAudit | user=null | ip=null | op=WRITE_CHUNK {blockData=conID: 2 locID: 102664010306879899 bcsId: 880} | ret=SUCCESS |  
2019-08-23 02:47:59,031 | INFO  | DNAudit | user=null | ip=null | op=WRITE_CHUNK {blockData=conID: 2 locID: 102664010306879899 bcsId: 880} | ret=SUCCESS |  
2019-08-23 02:47:59,031 | INFO  | DNAudit | user=null | ip=null | op=PUT_BLOCK {blockData=[blockId=conID: 2 locID: 102664010306879899 bcsId: 0,size=4194304]} | ret=SUCCESS |  
2019-08-23 02:47:59,032 | INFO  | DNAudit | user=null | ip=null | op=PUT_BLOCK {blockData=[blockId=conID: 2 locID: 102664010306879899 bcsId: 0,size=4194304]} | ret=SUCCESS |  
2019-08-23 02:47:59,033 [grpc-default-executor-6] INFO  client.GrpcClientProtocolClient (GrpcClientProtocolClient.java:onNext(255)) - client-B268B4322F32->17750241-545b-4219-93a1-14a6ea3d85be: receive RaftClientReply:client-B268B4322F32->17750241-545b-4219-93a1-14a6ea3d85be@group-C33FBD9556F2, cid=697, SUCCESS, logIndex=0, commits[17750241-545b-4219-93a1-14a6ea3d85be:c886, 4eaaa090-573e-41d3-9f8c-c99e236d806a:c884, 5f4cf9ee-4bed-49de-adaa-861aec894328:c884]
2019-08-23 02:47:59,041 | INFO  | DNAudit | user=null | ip=null | op=WRITE_CHUNK {blockData=conID: 3 locID: 102664010306879900 bcsId: 0} | ret=SUCCESS |  
2019-08-23 02:47:59,044 | INFO  | DNAudit | user=null | ip=null | op=WRITE_CHUNK {blockData=conID: 3 locID: 102664010306879900 bcsId: 0} | ret=SUCCESS |  
2019-08-23 02:47:59,044 | INFO  | DNAudit | user=null | ip=null | op=WRITE_CHUNK {blockData=conID: 3 locID: 102664010306879900 bcsId: 0} | ret=SUCCESS |  
2019-08-23 02:47:59,045 | INFO  | DNAudit | user=null | ip=null | op=WRITE_CHUNK {blockData=conID: 3 locID: 102664010306879900 bcsId: 0} | ret=SUCCESS |  
2019-08-23 02:47:59,047 | INFO  | DNAudit | user=null | ip=null | op=WRITE_CHUNK {blockData=conID: 3 locID: 102664010306879900 bcsId: 0} | ret=SUCCESS |  
2019-08-23 02:47:59,048 | INFO  | DNAudit | user=null | ip=null | op=WRITE_CHUNK {blockData=conID: 3 locID: 102664010306879900 bcsId: 0} | ret=SUCCESS |  
2019-08-23 02:47:59,054 | INFO  | DNAudit | user=null | ip=null | op=WRITE_CHUNK {blockData=conID: 3 locID: 102664010306879900 bcsId: 0} | ret=SUCCESS |  
2019-08-23 02:47:59,055 | INFO  | DNAudit | user=null | ip=null | op=PUT_BLOCK {blockData=[blockId=conID: 3 locID: 102664010306879900 bcsId: 0,size=1048576]} | ret=SUCCESS |  
2019-08-23 02:47:59,055 [grpc-default-executor-5] INFO  client.GrpcClientProtocolClient (GrpcClientProtocolClient.java:onNext(255)) - client-B268B4322F32->17750241-545b-4219-93a1-14a6ea3d85be: receive RaftClientReply:client-B268B4322F32->17750241-545b-4219-93a1-14a6ea3d85be@group-C33FBD9556F2, cid=698, SUCCESS, logIndex=887, commits[17750241-545b-4219-93a1-14a6ea3d85be:c890, 4eaaa090-573e-41d3-9f8c-c99e236d806a:c886, 5f4cf9ee-4bed-49de-adaa-861aec894328:c886]
2019-08-23 02:47:59,055 | INFO  | DNAudit | user=null | ip=null | op=WRITE_CHUNK {blockData=conID: 3 locID: 102664010306879900 bcsId: 0} | ret=SUCCESS |  
2019-08-23 02:47:59,056 | INFO  | DNAudit | user=null | ip=null | op=PUT_BLOCK {blockData=[blockId=conID: 3 locID: 102664010306879900 bcsId: 0,size=2097152]} | ret=SUCCESS |  
2019-08-23 02:47:59,056 [grpc-default-executor-5] INFO  client.GrpcClientProtocolClient (GrpcClientProtocolClient.java:onNext(255)) - client-B268B4322F32->17750241-545b-4219-93a1-14a6ea3d85be: receive RaftClientReply:client-B268B4322F32->17750241-545b-4219-93a1-14a6ea3d85be@group-C33FBD9556F2, cid=699, SUCCESS, logIndex=888, commits[17750241-545b-4219-93a1-14a6ea3d85be:c890, 4eaaa090-573e-41d3-9f8c-c99e236d806a:c886, 5f4cf9ee-4bed-49de-adaa-861aec894328:c886]
2019-08-23 02:47:59,056 [grpc-default-executor-5] INFO  client.GrpcClientProtocolClient (GrpcClientProtocolClient.java:onNext(255)) - client-B268B4322F32->17750241-545b-4219-93a1-14a6ea3d85be: receive RaftClientReply:client-B268B4322F32->17750241-545b-4219-93a1-14a6ea3d85be@group-C33FBD9556F2, cid=700, SUCCESS, logIndex=889, commits[17750241-545b-4219-93a1-14a6ea3d85be:c890, 4eaaa090-573e-41d3-9f8c-c99e236d806a:c886, 5f4cf9ee-4bed-49de-adaa-861aec894328:c886]
2019-08-23 02:47:59,056 [grpc-default-executor-5] INFO  client.GrpcClientProtocolClient (GrpcClientProtocolClient.java:onNext(255)) - client-B268B4322F32->17750241-545b-4219-93a1-14a6ea3d85be: receive RaftClientReply:client-B268B4322F32->17750241-545b-4219-93a1-14a6ea3d85be@group-C33FBD9556F2, cid=701, SUCCESS, logIndex=890, commits[17750241-545b-4219-93a1-14a6ea3d85be:c890, 4eaaa090-573e-41d3-9f8c-c99e236d806a:c886, 5f4cf9ee-4bed-49de-adaa-861aec894328:c886]
2019-08-23 02:47:59,064 | INFO  | DNAudit | user=null | ip=null | op=WRITE_CHUNK {blockData=conID: 3 locID: 102664010306879900 bcsId: 0} | ret=SUCCESS |  
2019-08-23 02:47:59,065 | INFO  | DNAudit | user=null | ip=null | op=PUT_BLOCK {blockData=[blockId=conID: 3 locID: 102664010306879900 bcsId: 0,size=1048576]} | ret=SUCCESS |  
2019-08-23 02:47:59,065 | INFO  | DNAudit | user=null | ip=null | op=WRITE_CHUNK {blockData=conID: 3 locID: 102664010306879900 bcsId: 0} | ret=SUCCESS |  
2019-08-23 02:47:59,066 | INFO  | DNAudit | user=null | ip=null | op=PUT_BLOCK {blockData=[blockId=conID: 3 locID: 102664010306879900 bcsId: 0,size=1048576]} | ret=SUCCESS |  
2019-08-23 02:47:59,066 | INFO  | DNAudit | user=null | ip=null | op=WRITE_CHUNK {blockData=conID: 3 locID: 102664010306879900 bcsId: 0} | ret=SUCCESS |  
2019-08-23 02:47:59,066 [grpc-default-executor-6] INFO  client.GrpcClientProtocolClient (GrpcClientProtocolClient.java:onNext(255)) - client-B268B4322F32->17750241-545b-4219-93a1-14a6ea3d85be: receive RaftClientReply:client-B268B4322F32->17750241-545b-4219-93a1-14a6ea3d85be@group-C33FBD9556F2, cid=702, SUCCESS, logIndex=0, commits[17750241-545b-4219-93a1-14a6ea3d85be:c891, 4eaaa090-573e-41d3-9f8c-c99e236d806a:c888, 5f4cf9ee-4bed-49de-adaa-861aec894328:c888]
2019-08-23 02:47:59,066 | INFO  | DNAudit | user=null | ip=null | op=PUT_BLOCK {blockData=[blockId=conID: 3 locID: 102664010306879900 bcsId: 0,size=2097152]} | ret=SUCCESS |  
2019-08-23 02:47:59,068 | INFO  | DNAudit | user=null | ip=null | op=WRITE_CHUNK {blockData=conID: 3 locID: 102664010306879900 bcsId: 0} | ret=SUCCESS |  
2019-08-23 02:47:59,068 | INFO  | DNAudit | user=null | ip=null | op=PUT_BLOCK {blockData=[blockId=conID: 3 locID: 102664010306879900 bcsId: 0,size=2097152]} | ret=SUCCESS |  
2019-08-23 02:47:59,073 | INFO  | DNAudit | user=null | ip=null | op=WRITE_CHUNK {blockData=conID: 3 locID: 102664010306879900 bcsId: 890} | ret=SUCCESS |  
2019-08-23 02:47:59,076 | INFO  | DNAudit | user=null | ip=null | op=WRITE_CHUNK {blockData=conID: 3 locID: 102664010306879900 bcsId: 890} | ret=SUCCESS |  
2019-08-23 02:47:59,076 | INFO  | DNAudit | user=null | ip=null | op=WRITE_CHUNK {blockData=conID: 3 locID: 102664010306879900 bcsId: 890} | ret=SUCCESS |  
2019-08-23 02:47:59,079 | INFO  | DNAudit | user=null | ip=null | op=WRITE_CHUNK {blockData=conID: 3 locID: 102664010306879900 bcsId: 890} | ret=SUCCESS |  
2019-08-23 02:47:59,079 | INFO  | DNAudit | user=null | ip=null | op=PUT_BLOCK {blockData=[blockId=conID: 3 locID: 102664010306879900 bcsId: 0,size=3145728]} | ret=SUCCESS |  
2019-08-23 02:47:59,080 [grpc-default-executor-6] INFO  client.GrpcClientProtocolClient (GrpcClientProtocolClient.java:onNext(255)) - client-B268B4322F32->17750241-545b-4219-93a1-14a6ea3d85be: receive RaftClientReply:client-B268B4322F32->17750241-545b-4219-93a1-14a6ea3d85be@group-C33FBD9556F2, cid=703, SUCCESS, logIndex=895, commits[17750241-545b-4219-93a1-14a6ea3d85be:c896, 4eaaa090-573e-41d3-9f8c-c99e236d806a:c894, 5f4cf9ee-4bed-49de-adaa-861aec894328:c890]
2019-08-23 02:47:59,080 | INFO  | DNAudit | user=null | ip=null | op=WRITE_CHUNK {blockData=conID: 3 locID: 102664010306879900 bcsId: 890} | ret=SUCCESS |  
2019-08-23 02:47:59,080 [grpc-default-executor-6] INFO  client.GrpcClientProtocolClient (GrpcClientProtocolClient.java:onNext(255)) - client-B268B4322F32->17750241-545b-4219-93a1-14a6ea3d85be: receive RaftClientReply:client-B268B4322F32->17750241-545b-4219-93a1-14a6ea3d85be@group-C33FBD9556F2, cid=704, SUCCESS, logIndex=896, commits[17750241-545b-4219-93a1-14a6ea3d85be:c896, 4eaaa090-573e-41d3-9f8c-c99e236d806a:c894, 5f4cf9ee-4bed-49de-adaa-861aec894328:c894]
2019-08-23 02:47:59,081 | INFO  | DNAudit | user=null | ip=null | op=WRITE_CHUNK {blockData=conID: 3 locID: 102664010306879900 bcsId: 890} | ret=SUCCESS |  
2019-08-23 02:47:59,081 | INFO  | DNAudit | user=null | ip=null | op=PUT_BLOCK {blockData=[blockId=conID: 3 locID: 102664010306879900 bcsId: 0,size=3145728]} | ret=SUCCESS |  
2019-08-23 02:47:59,082 | INFO  | DNAudit | user=null | ip=null | op=PUT_BLOCK {blockData=[blockId=conID: 3 locID: 102664010306879900 bcsId: 0,size=3145728]} | ret=SUCCESS |  
2019-08-23 02:47:59,089 | INFO  | DNAudit | user=null | ip=null | op=WRITE_CHUNK {blockData=conID: 3 locID: 102664010306879900 bcsId: 896} | ret=SUCCESS |  
2019-08-23 02:47:59,091 | INFO  | DNAudit | user=null | ip=null | op=WRITE_CHUNK {blockData=conID: 3 locID: 102664010306879900 bcsId: 896} | ret=SUCCESS |  
2019-08-23 02:47:59,092 | INFO  | DNAudit | user=null | ip=null | op=WRITE_CHUNK {blockData=conID: 3 locID: 102664010306879900 bcsId: 896} | ret=SUCCESS |  
2019-08-23 02:47:59,111 | INFO  | DNAudit | user=null | ip=null | op=WRITE_CHUNK {blockData=conID: 3 locID: 102664010306879900 bcsId: 896} | ret=SUCCESS |  
2019-08-23 02:47:59,111 | INFO  | DNAudit | user=null | ip=null | op=PUT_BLOCK {blockData=[blockId=conID: 3 locID: 102664010306879900 bcsId: 0,size=4194304]} | ret=SUCCESS |  
2019-08-23 02:47:59,112 [grpc-default-executor-5] INFO  client.GrpcClientProtocolClient (GrpcClientProtocolClient.java:onNext(255)) - client-B268B4322F32->17750241-545b-4219-93a1-14a6ea3d85be: receive RaftClientReply:client-B268B4322F32->17750241-545b-4219-93a1-14a6ea3d85be@group-C33FBD9556F2, cid=705, SUCCESS, logIndex=899, commits[17750241-545b-4219-93a1-14a6ea3d85be:c900, 4eaaa090-573e-41d3-9f8c-c99e236d806a:c896, 5f4cf9ee-4bed-49de-adaa-861aec894328:c898]
2019-08-23 02:47:59,113 [grpc-default-executor-5] INFO  client.GrpcClientProtocolClient (GrpcClientProtocolClient.java:onNext(255)) - client-B268B4322F32->17750241-545b-4219-93a1-14a6ea3d85be: receive RaftClientReply:client-B268B4322F32->17750241-545b-4219-93a1-14a6ea3d85be@group-C33FBD9556F2, cid=706, SUCCESS, logIndex=900, commits[17750241-545b-4219-93a1-14a6ea3d85be:c900, 4eaaa090-573e-41d3-9f8c-c99e236d806a:c898, 5f4cf9ee-4bed-49de-adaa-861aec894328:c898]
2019-08-23 02:47:59,113 | INFO  | DNAudit | user=null | ip=null | op=WRITE_CHUNK {blockData=conID: 3 locID: 102664010306879900 bcsId: 896} | ret=SUCCESS |  
2019-08-23 02:47:59,114 | INFO  | DNAudit | user=null | ip=null | op=PUT_BLOCK {blockData=[blockId=conID: 3 locID: 102664010306879900 bcsId: 0,size=4194304]} | ret=SUCCESS |  
2019-08-23 02:47:59,115 | INFO  | DNAudit | user=null | ip=null | op=WRITE_CHUNK {blockData=conID: 3 locID: 102664010306879900 bcsId: 896} | ret=SUCCESS |  
2019-08-23 02:47:59,115 | INFO  | DNAudit | user=null | ip=null | op=PUT_BLOCK {blockData=[blockId=conID: 3 locID: 102664010306879900 bcsId: 0,size=4194304]} | ret=SUCCESS |  
2019-08-23 02:47:59,115 [grpc-default-executor-5] INFO  client.GrpcClientProtocolClient (GrpcClientProtocolClient.java:onNext(255)) - client-B268B4322F32->17750241-545b-4219-93a1-14a6ea3d85be: receive RaftClientReply:client-B268B4322F32->17750241-545b-4219-93a1-14a6ea3d85be@group-C33FBD9556F2, cid=707, SUCCESS, logIndex=0, commits[17750241-545b-4219-93a1-14a6ea3d85be:c901, 4eaaa090-573e-41d3-9f8c-c99e236d806a:c900, 5f4cf9ee-4bed-49de-adaa-861aec894328:c900]
2019-08-23 02:47:59,125 | INFO  | DNAudit | user=null | ip=null | op=WRITE_CHUNK {blockData=conID: 1 locID: 102664010306879901 bcsId: 0} | ret=SUCCESS |  
2019-08-23 02:47:59,129 | INFO  | DNAudit | user=null | ip=null | op=WRITE_CHUNK {blockData=conID: 1 locID: 102664010306879901 bcsId: 0} | ret=SUCCESS |  
2019-08-23 02:47:59,130 | INFO  | DNAudit | user=null | ip=null | op=WRITE_CHUNK {blockData=conID: 1 locID: 102664010306879901 bcsId: 0} | ret=SUCCESS |  
2019-08-23 02:47:59,131 | INFO  | DNAudit | user=null | ip=null | op=WRITE_CHUNK {blockData=conID: 1 locID: 102664010306879901 bcsId: 0} | ret=SUCCESS |  
2019-08-23 02:47:59,133 | INFO  | DNAudit | user=null | ip=null | op=WRITE_CHUNK {blockData=conID: 1 locID: 102664010306879901 bcsId: 0} | ret=SUCCESS |  
2019-08-23 02:47:59,134 | INFO  | DNAudit | user=null | ip=null | op=WRITE_CHUNK {blockData=conID: 1 locID: 102664010306879901 bcsId: 0} | ret=SUCCESS |  
2019-08-23 02:47:59,147 | INFO  | DNAudit | user=null | ip=null | op=WRITE_CHUNK {blockData=conID: 1 locID: 102664010306879901 bcsId: 0} | ret=SUCCESS |  
2019-08-23 02:47:59,148 | INFO  | DNAudit | user=null | ip=null | op=PUT_BLOCK {blockData=[blockId=conID: 1 locID: 102664010306879901 bcsId: 0,size=1048576]} | ret=SUCCESS |  
2019-08-23 02:47:59,148 | INFO  | DNAudit | user=null | ip=null | op=WRITE_CHUNK {blockData=conID: 1 locID: 102664010306879901 bcsId: 0} | ret=SUCCESS |  
2019-08-23 02:47:59,148 [grpc-default-executor-2] INFO  client.GrpcClientProtocolClient (GrpcClientProtocolClient.java:onNext(255)) - client-B268B4322F32->17750241-545b-4219-93a1-14a6ea3d85be: receive RaftClientReply:client-B268B4322F32->17750241-545b-4219-93a1-14a6ea3d85be@group-C33FBD9556F2, cid=708, SUCCESS, logIndex=903, commits[17750241-545b-4219-93a1-14a6ea3d85be:c904, 4eaaa090-573e-41d3-9f8c-c99e236d806a:c901, 5f4cf9ee-4bed-49de-adaa-861aec894328:c901]
2019-08-23 02:47:59,148 | INFO  | DNAudit | user=null | ip=null | op=WRITE_CHUNK {blockData=conID: 1 locID: 102664010306879901 bcsId: 0} | ret=SUCCESS |  
2019-08-23 02:47:59,149 | INFO  | DNAudit | user=null | ip=null | op=PUT_BLOCK {blockData=[blockId=conID: 1 locID: 102664010306879901 bcsId: 0,size=2097152]} | ret=SUCCESS |  
2019-08-23 02:47:59,149 [grpc-default-executor-2] INFO  client.GrpcClientProtocolClient (GrpcClientProtocolClient.java:onNext(255)) - client-B268B4322F32->17750241-545b-4219-93a1-14a6ea3d85be: receive RaftClientReply:client-B268B4322F32->17750241-545b-4219-93a1-14a6ea3d85be@group-C33FBD9556F2, cid=709, SUCCESS, logIndex=904, commits[17750241-545b-4219-93a1-14a6ea3d85be:c906, 4eaaa090-573e-41d3-9f8c-c99e236d806a:c901, 5f4cf9ee-4bed-49de-adaa-861aec894328:c902]
2019-08-23 02:47:59,149 | INFO  | DNAudit | user=null | ip=null | op=WRITE_CHUNK {blockData=conID: 1 locID: 102664010306879901 bcsId: 0} | ret=SUCCESS |  
2019-08-23 02:47:59,149 [grpc-default-executor-2] INFO  client.GrpcClientProtocolClient (GrpcClientProtocolClient.java:onNext(255)) - client-B268B4322F32->17750241-545b-4219-93a1-14a6ea3d85be: receive RaftClientReply:client-B268B4322F32->17750241-545b-4219-93a1-14a6ea3d85be@group-C33FBD9556F2, cid=710, SUCCESS, logIndex=905, commits[17750241-545b-4219-93a1-14a6ea3d85be:c906, 4eaaa090-573e-41d3-9f8c-c99e236d806a:c902, 5f4cf9ee-4bed-49de-adaa-861aec894328:c902]
2019-08-23 02:47:59,150 | INFO  | DNAudit | user=null | ip=null | op=PUT_BLOCK {blockData=[blockId=conID: 1 locID: 102664010306879901 bcsId: 0,size=1048576]} | ret=SUCCESS |  
2019-08-23 02:47:59,150 [grpc-default-executor-2] INFO  client.GrpcClientProtocolClient (GrpcClientProtocolClient.java:onNext(255)) - client-B268B4322F32->17750241-545b-4219-93a1-14a6ea3d85be: receive RaftClientReply:client-B268B4322F32->17750241-545b-4219-93a1-14a6ea3d85be@group-C33FBD9556F2, cid=711, SUCCESS, logIndex=906, commits[17750241-545b-4219-93a1-14a6ea3d85be:c906, 4eaaa090-573e-41d3-9f8c-c99e236d806a:c902, 5f4cf9ee-4bed-49de-adaa-861aec894328:c902]
2019-08-23 02:47:59,151 | INFO  | DNAudit | user=null | ip=null | op=PUT_BLOCK {blockData=[blockId=conID: 1 locID: 102664010306879901 bcsId: 0,size=1048576]} | ret=SUCCESS |  
2019-08-23 02:47:59,152 | INFO  | DNAudit | user=null | ip=null | op=WRITE_CHUNK {blockData=conID: 1 locID: 102664010306879901 bcsId: 0} | ret=SUCCESS |  
2019-08-23 02:47:59,152 | INFO  | DNAudit | user=null | ip=null | op=PUT_BLOCK {blockData=[blockId=conID: 1 locID: 102664010306879901 bcsId: 0,size=2097152]} | ret=SUCCESS |  
2019-08-23 02:47:59,152 [grpc-default-executor-2] INFO  client.GrpcClientProtocolClient (GrpcClientProtocolClient.java:onNext(255)) - client-B268B4322F32->17750241-545b-4219-93a1-14a6ea3d85be: receive RaftClientReply:client-B268B4322F32->17750241-545b-4219-93a1-14a6ea3d85be@group-C33FBD9556F2, cid=712, SUCCESS, logIndex=0, commits[17750241-545b-4219-93a1-14a6ea3d85be:c908, 4eaaa090-573e-41d3-9f8c-c99e236d806a:c904, 5f4cf9ee-4bed-49de-adaa-861aec894328:c904]
2019-08-23 02:47:59,160 | INFO  | DNAudit | user=null | ip=null | op=WRITE_CHUNK {blockData=conID: 1 locID: 102664010306879901 bcsId: 906} | ret=SUCCESS |  
2019-08-23 02:47:59,162 | INFO  | DNAudit | user=null | ip=null | op=WRITE_CHUNK {blockData=conID: 1 locID: 102664010306879901 bcsId: 906} | ret=SUCCESS |  
2019-08-23 02:47:59,162 | INFO  | DNAudit | user=null | ip=null | op=WRITE_CHUNK {blockData=conID: 1 locID: 102664010306879901 bcsId: 0} | ret=SUCCESS |  
2019-08-23 02:47:59,163 | INFO  | DNAudit | user=null | ip=null | op=PUT_BLOCK {blockData=[blockId=conID: 1 locID: 102664010306879901 bcsId: 0,size=2097152]} | ret=SUCCESS |  
2019-08-23 02:47:59,163 | INFO  | DNAudit | user=null | ip=null | op=WRITE_CHUNK {blockData=conID: 1 locID: 102664010306879901 bcsId: 906} | ret=SUCCESS |  
2019-08-23 02:47:59,164 | INFO  | DNAudit | user=null | ip=null | op=WRITE_CHUNK {blockData=conID: 1 locID: 102664010306879901 bcsId: 906} | ret=SUCCESS |  
2019-08-23 02:47:59,165 | INFO  | DNAudit | user=null | ip=null | op=PUT_BLOCK {blockData=[blockId=conID: 1 locID: 102664010306879901 bcsId: 0,size=3145728]} | ret=SUCCESS |  
2019-08-23 02:47:59,165 [grpc-default-executor-5] INFO  client.GrpcClientProtocolClient (GrpcClientProtocolClient.java:onNext(255)) - client-B268B4322F32->17750241-545b-4219-93a1-14a6ea3d85be: receive RaftClientReply:client-B268B4322F32->17750241-545b-4219-93a1-14a6ea3d85be@group-C33FBD9556F2, cid=713, SUCCESS, logIndex=911, commits[17750241-545b-4219-93a1-14a6ea3d85be:c912, 4eaaa090-573e-41d3-9f8c-c99e236d806a:c906, 5f4cf9ee-4bed-49de-adaa-861aec894328:c910]
2019-08-23 02:47:59,166 | INFO  | DNAudit | user=null | ip=null | op=WRITE_CHUNK {blockData=conID: 1 locID: 102664010306879901 bcsId: 906} | ret=SUCCESS |  
2019-08-23 02:47:59,166 [grpc-default-executor-5] INFO  client.GrpcClientProtocolClient (GrpcClientProtocolClient.java:onNext(255)) - client-B268B4322F32->17750241-545b-4219-93a1-14a6ea3d85be: receive RaftClientReply:client-B268B4322F32->17750241-545b-4219-93a1-14a6ea3d85be@group-C33FBD9556F2, cid=714, SUCCESS, logIndex=912, commits[17750241-545b-4219-93a1-14a6ea3d85be:c912, 4eaaa090-573e-41d3-9f8c-c99e236d806a:c910, 5f4cf9ee-4bed-49de-adaa-861aec894328:c910]
2019-08-23 02:47:59,167 | INFO  | DNAudit | user=null | ip=null | op=WRITE_CHUNK {blockData=conID: 1 locID: 102664010306879901 bcsId: 906} | ret=SUCCESS |  
2019-08-23 02:47:59,167 | INFO  | DNAudit | user=null | ip=null | op=PUT_BLOCK {blockData=[blockId=conID: 1 locID: 102664010306879901 bcsId: 0,size=3145728]} | ret=SUCCESS |  
2019-08-23 02:47:59,168 | INFO  | DNAudit | user=null | ip=null | op=PUT_BLOCK {blockData=[blockId=conID: 1 locID: 102664010306879901 bcsId: 0,size=3145728]} | ret=SUCCESS |  
2019-08-23 02:47:59,174 | INFO  | DNAudit | user=null | ip=null | op=WRITE_CHUNK {blockData=conID: 1 locID: 102664010306879901 bcsId: 912} | ret=SUCCESS |  
2019-08-23 02:47:59,177 | INFO  | DNAudit | user=null | ip=null | op=WRITE_CHUNK {blockData=conID: 1 locID: 102664010306879901 bcsId: 912} | ret=SUCCESS |  
2019-08-23 02:47:59,178 | INFO  | DNAudit | user=null | ip=null | op=WRITE_CHUNK {blockData=conID: 1 locID: 102664010306879901 bcsId: 912} | ret=SUCCESS |  
2019-08-23 02:47:59,186 | INFO  | DNAudit | user=null | ip=null | op=WRITE_CHUNK {blockData=conID: 1 locID: 102664010306879901 bcsId: 912} | ret=SUCCESS |  
2019-08-23 02:47:59,187 | INFO  | DNAudit | user=null | ip=null | op=PUT_BLOCK {blockData=[blockId=conID: 1 locID: 102664010306879901 bcsId: 0,size=4194304]} | ret=SUCCESS |  
2019-08-23 02:47:59,187 [grpc-default-executor-2] INFO  client.GrpcClientProtocolClient (GrpcClientProtocolClient.java:onNext(255)) - client-B268B4322F32->17750241-545b-4219-93a1-14a6ea3d85be: receive RaftClientReply:client-B268B4322F32->17750241-545b-4219-93a1-14a6ea3d85be@group-C33FBD9556F2, cid=715, SUCCESS, logIndex=915, commits[17750241-545b-4219-93a1-14a6ea3d85be:c916, 4eaaa090-573e-41d3-9f8c-c99e236d806a:c914, 5f4cf9ee-4bed-49de-adaa-861aec894328:c914]
2019-08-23 02:47:59,188 [grpc-default-executor-2] INFO  client.GrpcClientProtocolClient (GrpcClientProtocolClient.java:onNext(255)) - client-B268B4322F32->17750241-545b-4219-93a1-14a6ea3d85be: receive RaftClientReply:client-B268B4322F32->17750241-545b-4219-93a1-14a6ea3d85be@group-C33FBD9556F2, cid=716, SUCCESS, logIndex=916, commits[17750241-545b-4219-93a1-14a6ea3d85be:c916, 4eaaa090-573e-41d3-9f8c-c99e236d806a:c914, 5f4cf9ee-4bed-49de-adaa-861aec894328:c914]
2019-08-23 02:47:59,198 | INFO  | DNAudit | user=null | ip=null | op=WRITE_CHUNK {blockData=conID: 1 locID: 102664010306879901 bcsId: 912} | ret=SUCCESS |  
2019-08-23 02:47:59,198 | INFO  | DNAudit | user=null | ip=null | op=WRITE_CHUNK {blockData=conID: 1 locID: 102664010306879901 bcsId: 912} | ret=SUCCESS |  
2019-08-23 02:47:59,200 | INFO  | DNAudit | user=null | ip=null | op=PUT_BLOCK {blockData=[blockId=conID: 1 locID: 102664010306879901 bcsId: 0,size=4194304]} | ret=SUCCESS |  
2019-08-23 02:47:59,201 | INFO  | DNAudit | user=null | ip=null | op=PUT_BLOCK {blockData=[blockId=conID: 1 locID: 102664010306879901 bcsId: 0,size=4194304]} | ret=SUCCESS |  
2019-08-23 02:47:59,201 [grpc-default-executor-5] INFO  client.GrpcClientProtocolClient (GrpcClientProtocolClient.java:onNext(255)) - client-B268B4322F32->17750241-545b-4219-93a1-14a6ea3d85be: receive RaftClientReply:client-B268B4322F32->17750241-545b-4219-93a1-14a6ea3d85be@group-C33FBD9556F2, cid=717, SUCCESS, logIndex=0, commits[17750241-545b-4219-93a1-14a6ea3d85be:c918, 4eaaa090-573e-41d3-9f8c-c99e236d806a:c916, 5f4cf9ee-4bed-49de-adaa-861aec894328:c916]
2019-08-23 02:47:59,202 | INFO  | SCMAudit | user=jenkins1000 | ip=192.168.34.22 | op=SEND_HEARTBEAT {datanodeUUID=17750241-545b-4219-93a1-14a6ea3d85be, command=[]} | ret=SUCCESS |  
2019-08-23 02:47:59,204 | INFO  | SCMAudit | user=jenkins1000 | ip=192.168.34.22 | op=SEND_HEARTBEAT {datanodeUUID=4eaaa090-573e-41d3-9f8c-c99e236d806a, command=[]} | ret=SUCCESS |  
2019-08-23 02:47:59,205 | INFO  | SCMAudit | user=jenkins1000 | ip=192.168.34.22 | op=SEND_HEARTBEAT {datanodeUUID=5f4cf9ee-4bed-49de-adaa-861aec894328, command=[]} | ret=SUCCESS |  
2019-08-23 02:47:59,210 | INFO  | DNAudit | user=null | ip=null | op=WRITE_CHUNK {blockData=conID: 2 locID: 102664010306879902 bcsId: 0} | ret=SUCCESS |  
2019-08-23 02:47:59,214 | INFO  | DNAudit | user=null | ip=null | op=WRITE_CHUNK {blockData=conID: 2 locID: 102664010306879902 bcsId: 0} | ret=SUCCESS |  
2019-08-23 02:47:59,215 | INFO  | DNAudit | user=null | ip=null | op=WRITE_CHUNK {blockData=conID: 2 locID: 102664010306879902 bcsId: 0} | ret=SUCCESS |  
2019-08-23 02:47:59,216 | INFO  | DNAudit | user=null | ip=null | op=WRITE_CHUNK {blockData=conID: 2 locID: 102664010306879902 bcsId: 0} | ret=SUCCESS |  
2019-08-23 02:47:59,218 | INFO  | DNAudit | user=null | ip=null | op=WRITE_CHUNK {blockData=conID: 2 locID: 102664010306879902 bcsId: 0} | ret=SUCCESS |  
2019-08-23 02:47:59,219 | INFO  | DNAudit | user=null | ip=null | op=WRITE_CHUNK {blockData=conID: 2 locID: 102664010306879902 bcsId: 0} | ret=SUCCESS |  
2019-08-23 02:47:59,224 | INFO  | DNAudit | user=null | ip=null | op=WRITE_CHUNK {blockData=conID: 2 locID: 102664010306879902 bcsId: 0} | ret=SUCCESS |  
2019-08-23 02:47:59,224 | INFO  | DNAudit | user=null | ip=null | op=PUT_BLOCK {blockData=[blockId=conID: 2 locID: 102664010306879902 bcsId: 0,size=1048576]} | ret=SUCCESS |  
2019-08-23 02:47:59,225 [grpc-default-executor-6] INFO  client.GrpcClientProtocolClient (GrpcClientProtocolClient.java:onNext(255)) - client-B268B4322F32->17750241-545b-4219-93a1-14a6ea3d85be: receive RaftClientReply:client-B268B4322F32->17750241-545b-4219-93a1-14a6ea3d85be@group-C33FBD9556F2, cid=718, SUCCESS, logIndex=919, commits[17750241-545b-4219-93a1-14a6ea3d85be:c920, 4eaaa090-573e-41d3-9f8c-c99e236d806a:c918, 5f4cf9ee-4bed-49de-adaa-861aec894328:c918]
2019-08-23 02:47:59,226 [grpc-default-executor-6] INFO  client.GrpcClientProtocolClient (GrpcClientProtocolClient.java:onNext(255)) - client-B268B4322F32->17750241-545b-4219-93a1-14a6ea3d85be: receive RaftClientReply:client-B268B4322F32->17750241-545b-4219-93a1-14a6ea3d85be@group-C33FBD9556F2, cid=719, SUCCESS, logIndex=920, commits[17750241-545b-4219-93a1-14a6ea3d85be:c920, 4eaaa090-573e-41d3-9f8c-c99e236d806a:c918, 5f4cf9ee-4bed-49de-adaa-861aec894328:c918]
2019-08-23 02:47:59,235 | INFO  | DNAudit | user=null | ip=null | op=WRITE_CHUNK {blockData=conID: 2 locID: 102664010306879902 bcsId: 0} | ret=SUCCESS |  
2019-08-23 02:47:59,236 | INFO  | DNAudit | user=null | ip=null | op=PUT_BLOCK {blockData=[blockId=conID: 2 locID: 102664010306879902 bcsId: 0,size=2097152]} | ret=SUCCESS |  
2019-08-23 02:47:59,236 [grpc-default-executor-2] INFO  client.GrpcClientProtocolClient (GrpcClientProtocolClient.java:onNext(255)) - client-B268B4322F32->17750241-545b-4219-93a1-14a6ea3d85be: receive RaftClientReply:client-B268B4322F32->17750241-545b-4219-93a1-14a6ea3d85be@group-C33FBD9556F2, cid=720, SUCCESS, logIndex=921, commits[17750241-545b-4219-93a1-14a6ea3d85be:c921, 4eaaa090-573e-41d3-9f8c-c99e236d806a:c918, 5f4cf9ee-4bed-49de-adaa-861aec894328:c918]
2019-08-23 02:47:59,236 | INFO  | DNAudit | user=null | ip=null | op=WRITE_CHUNK {blockData=conID: 2 locID: 102664010306879902 bcsId: 0} | ret=SUCCESS |  
2019-08-23 02:47:59,237 | INFO  | DNAudit | user=null | ip=null | op=WRITE_CHUNK {blockData=conID: 2 locID: 102664010306879902 bcsId: 0} | ret=SUCCESS |  
2019-08-23 02:47:59,237 | INFO  | DNAudit | user=null | ip=null | op=PUT_BLOCK {blockData=[blockId=conID: 2 locID: 102664010306879902 bcsId: 0,size=1048576]} | ret=SUCCESS |  
2019-08-23 02:47:59,237 [grpc-default-executor-2] INFO  client.GrpcClientProtocolClient (GrpcClientProtocolClient.java:onNext(255)) - client-B268B4322F32->17750241-545b-4219-93a1-14a6ea3d85be: receive RaftClientReply:client-B268B4322F32->17750241-545b-4219-93a1-14a6ea3d85be@group-C33FBD9556F2, cid=721, SUCCESS, logIndex=922, commits[17750241-545b-4219-93a1-14a6ea3d85be:c922, 4eaaa090-573e-41d3-9f8c-c99e236d806a:c918, 5f4cf9ee-4bed-49de-adaa-861aec894328:c918]
2019-08-23 02:47:59,237 | INFO  | DNAudit | user=null | ip=null | op=PUT_BLOCK {blockData=[blockId=conID: 2 locID: 102664010306879902 bcsId: 0,size=1048576]} | ret=SUCCESS |  
2019-08-23 02:47:59,238 | INFO  | DNAudit | user=null | ip=null | op=WRITE_CHUNK {blockData=conID: 2 locID: 102664010306879902 bcsId: 0} | ret=SUCCESS |  
2019-08-23 02:47:59,238 | INFO  | DNAudit | user=null | ip=null | op=PUT_BLOCK {blockData=[blockId=conID: 2 locID: 102664010306879902 bcsId: 0,size=2097152]} | ret=SUCCESS |  
2019-08-23 02:47:59,238 [grpc-default-executor-2] INFO  client.GrpcClientProtocolClient (GrpcClientProtocolClient.java:onNext(255)) - client-B268B4322F32->17750241-545b-4219-93a1-14a6ea3d85be: receive RaftClientReply:client-B268B4322F32->17750241-545b-4219-93a1-14a6ea3d85be@group-C33FBD9556F2, cid=722, SUCCESS, logIndex=0, commits[17750241-545b-4219-93a1-14a6ea3d85be:c924, 4eaaa090-573e-41d3-9f8c-c99e236d806a:c920, 5f4cf9ee-4bed-49de-adaa-861aec894328:c921]
2019-08-23 02:47:59,240 | INFO  | DNAudit | user=null | ip=null | op=WRITE_CHUNK {blockData=conID: 2 locID: 102664010306879902 bcsId: 0} | ret=SUCCESS |  
2019-08-23 02:47:59,240 | INFO  | DNAudit | user=null | ip=null | op=PUT_BLOCK {blockData=[blockId=conID: 2 locID: 102664010306879902 bcsId: 0,size=2097152]} | ret=SUCCESS |  
2019-08-23 02:47:59,247 | INFO  | DNAudit | user=null | ip=null | op=WRITE_CHUNK {blockData=conID: 2 locID: 102664010306879902 bcsId: 922} | ret=SUCCESS |  
2019-08-23 02:47:59,251 | INFO  | DNAudit | user=null | ip=null | op=WRITE_CHUNK {blockData=conID: 2 locID: 102664010306879902 bcsId: 922} | ret=SUCCESS |  
2019-08-23 02:47:59,252 | INFO  | DNAudit | user=null | ip=null | op=WRITE_CHUNK {blockData=conID: 2 locID: 102664010306879902 bcsId: 922} | ret=SUCCESS |  
2019-08-23 02:47:59,407 | INFO  | DNAudit | user=null | ip=null | op=WRITE_CHUNK {blockData=conID: 2 locID: 102664010306879902 bcsId: 922} | ret=SUCCESS |  
2019-08-23 02:47:59,408 | INFO  | DNAudit | user=null | ip=null | op=PUT_BLOCK {blockData=[blockId=conID: 2 locID: 102664010306879902 bcsId: 0,size=3145728]} | ret=SUCCESS |  
2019-08-23 02:47:59,409 [grpc-default-executor-5] INFO  client.GrpcClientProtocolClient (GrpcClientProtocolClient.java:onNext(255)) - client-B268B4322F32->17750241-545b-4219-93a1-14a6ea3d85be: receive RaftClientReply:client-B268B4322F32->17750241-545b-4219-93a1-14a6ea3d85be@group-C33FBD9556F2, cid=723, SUCCESS, logIndex=927, commits[17750241-545b-4219-93a1-14a6ea3d85be:c928, 4eaaa090-573e-41d3-9f8c-c99e236d806a:c926, 5f4cf9ee-4bed-49de-adaa-861aec894328:c926]
2019-08-23 02:47:59,409 [grpc-default-executor-5] INFO  client.GrpcClientProtocolClient (GrpcClientProtocolClient.java:onNext(255)) - client-B268B4322F32->17750241-545b-4219-93a1-14a6ea3d85be: receive RaftClientReply:client-B268B4322F32->17750241-545b-4219-93a1-14a6ea3d85be@group-C33FBD9556F2, cid=724, SUCCESS, logIndex=928, commits[17750241-545b-4219-93a1-14a6ea3d85be:c928, 4eaaa090-573e-41d3-9f8c-c99e236d806a:c926, 5f4cf9ee-4bed-49de-adaa-861aec894328:c926]
2019-08-23 02:47:59,421 | INFO  | DNAudit | user=null | ip=null | op=WRITE_CHUNK {blockData=conID: 2 locID: 102664010306879902 bcsId: 928} | ret=SUCCESS |  
2019-08-23 02:47:59,425 | INFO  | DNAudit | user=null | ip=null | op=WRITE_CHUNK {blockData=conID: 2 locID: 102664010306879902 bcsId: 928} | ret=SUCCESS |  
2019-08-23 02:47:59,426 | INFO  | DNAudit | user=null | ip=null | op=WRITE_CHUNK {blockData=conID: 2 locID: 102664010306879902 bcsId: 928} | ret=SUCCESS |  
2019-08-23 02:47:59,427 | INFO  | DNAudit | user=null | ip=null | op=WRITE_CHUNK {blockData=conID: 2 locID: 102664010306879902 bcsId: 922} | ret=SUCCESS |  
2019-08-23 02:47:59,428 | INFO  | DNAudit | user=null | ip=null | op=WRITE_CHUNK {blockData=conID: 2 locID: 102664010306879902 bcsId: 922} | ret=SUCCESS |  
2019-08-23 02:47:59,428 | INFO  | DNAudit | user=null | ip=null | op=PUT_BLOCK {blockData=[blockId=conID: 2 locID: 102664010306879902 bcsId: 0,size=3145728]} | ret=SUCCESS |  
2019-08-23 02:47:59,428 | INFO  | DNAudit | user=null | ip=null | op=PUT_BLOCK {blockData=[blockId=conID: 2 locID: 102664010306879902 bcsId: 0,size=3145728]} | ret=SUCCESS |  
2019-08-23 02:47:59,429 | INFO  | DNAudit | user=null | ip=null | op=WRITE_CHUNK {blockData=conID: 2 locID: 102664010306879902 bcsId: 928} | ret=SUCCESS |  
2019-08-23 02:47:59,430 | INFO  | DNAudit | user=null | ip=null | op=PUT_BLOCK {blockData=[blockId=conID: 2 locID: 102664010306879902 bcsId: 0,size=4194304]} | ret=SUCCESS |  
2019-08-23 02:47:59,430 [grpc-default-executor-2] INFO  client.GrpcClientProtocolClient (GrpcClientProtocolClient.java:onNext(255)) - client-B268B4322F32->17750241-545b-4219-93a1-14a6ea3d85be: receive RaftClientReply:client-B268B4322F32->17750241-545b-4219-93a1-14a6ea3d85be@group-C33FBD9556F2, cid=725, SUCCESS, logIndex=931, commits[17750241-545b-4219-93a1-14a6ea3d85be:c932, 4eaaa090-573e-41d3-9f8c-c99e236d806a:c928, 5f4cf9ee-4bed-49de-adaa-861aec894328:c928]
2019-08-23 02:47:59,431 [grpc-default-executor-2] INFO  client.GrpcClientProtocolClient (GrpcClientProtocolClient.java:onNext(255)) - client-B268B4322F32->17750241-545b-4219-93a1-14a6ea3d85be: receive RaftClientReply:client-B268B4322F32->17750241-545b-4219-93a1-14a6ea3d85be@group-C33FBD9556F2, cid=726, SUCCESS, logIndex=932, commits[17750241-545b-4219-93a1-14a6ea3d85be:c932, 4eaaa090-573e-41d3-9f8c-c99e236d806a:c928, 5f4cf9ee-4bed-49de-adaa-861aec894328:c928]
2019-08-23 02:47:59,441 | INFO  | DNAudit | user=null | ip=null | op=WRITE_CHUNK {blockData=conID: 2 locID: 102664010306879902 bcsId: 928} | ret=SUCCESS |  
2019-08-23 02:47:59,441 | INFO  | DNAudit | user=null | ip=null | op=PUT_BLOCK {blockData=[blockId=conID: 2 locID: 102664010306879902 bcsId: 0,size=4194304]} | ret=SUCCESS |  
2019-08-23 02:47:59,441 | INFO  | DNAudit | user=null | ip=null | op=WRITE_CHUNK {blockData=conID: 2 locID: 102664010306879902 bcsId: 928} | ret=SUCCESS |  
2019-08-23 02:47:59,442 | INFO  | DNAudit | user=null | ip=null | op=PUT_BLOCK {blockData=[blockId=conID: 2 locID: 102664010306879902 bcsId: 0,size=4194304]} | ret=SUCCESS |  
2019-08-23 02:47:59,442 [grpc-default-executor-6] INFO  client.GrpcClientProtocolClient (GrpcClientProtocolClient.java:onNext(255)) - client-B268B4322F32->17750241-545b-4219-93a1-14a6ea3d85be: receive RaftClientReply:client-B268B4322F32->17750241-545b-4219-93a1-14a6ea3d85be@group-C33FBD9556F2, cid=727, SUCCESS, logIndex=0, commits[17750241-545b-4219-93a1-14a6ea3d85be:c933, 4eaaa090-573e-41d3-9f8c-c99e236d806a:c932, 5f4cf9ee-4bed-49de-adaa-861aec894328:c932]
2019-08-23 02:47:59,453 | INFO  | DNAudit | user=null | ip=null | op=WRITE_CHUNK {blockData=conID: 3 locID: 102664010306879903 bcsId: 0} | ret=SUCCESS |  
2019-08-23 02:47:59,458 | INFO  | DNAudit | user=null | ip=null | op=WRITE_CHUNK {blockData=conID: 3 locID: 102664010306879903 bcsId: 0} | ret=SUCCESS |  
2019-08-23 02:47:59,459 | INFO  | DNAudit | user=null | ip=null | op=WRITE_CHUNK {blockData=conID: 3 locID: 102664010306879903 bcsId: 0} | ret=SUCCESS |  
2019-08-23 02:47:59,459 | INFO  | DNAudit | user=null | ip=null | op=WRITE_CHUNK {blockData=conID: 3 locID: 102664010306879903 bcsId: 0} | ret=SUCCESS |  
2019-08-23 02:47:59,461 | INFO  | DNAudit | user=null | ip=null | op=WRITE_CHUNK {blockData=conID: 3 locID: 102664010306879903 bcsId: 0} | ret=SUCCESS |  
2019-08-23 02:47:59,461 | INFO  | DNAudit | user=null | ip=null | op=WRITE_CHUNK {blockData=conID: 3 locID: 102664010306879903 bcsId: 0} | ret=SUCCESS |  
2019-08-23 02:47:59,466 | INFO  | DNAudit | user=null | ip=null | op=WRITE_CHUNK {blockData=conID: 3 locID: 102664010306879903 bcsId: 0} | ret=SUCCESS |  
2019-08-23 02:47:59,467 | INFO  | DNAudit | user=null | ip=null | op=PUT_BLOCK {blockData=[blockId=conID: 3 locID: 102664010306879903 bcsId: 0,size=1048576]} | ret=SUCCESS |  
2019-08-23 02:47:59,467 | INFO  | DNAudit | user=null | ip=null | op=WRITE_CHUNK {blockData=conID: 3 locID: 102664010306879903 bcsId: 0} | ret=SUCCESS |  
2019-08-23 02:47:59,467 [grpc-default-executor-6] INFO  client.GrpcClientProtocolClient (GrpcClientProtocolClient.java:onNext(255)) - client-B268B4322F32->17750241-545b-4219-93a1-14a6ea3d85be: receive RaftClientReply:client-B268B4322F32->17750241-545b-4219-93a1-14a6ea3d85be@group-C33FBD9556F2, cid=728, SUCCESS, logIndex=935, commits[17750241-545b-4219-93a1-14a6ea3d85be:c936, 4eaaa090-573e-41d3-9f8c-c99e236d806a:c934, 5f4cf9ee-4bed-49de-adaa-861aec894328:c934]
2019-08-23 02:47:59,467 | INFO  | DNAudit | user=null | ip=null | op=PUT_BLOCK {blockData=[blockId=conID: 3 locID: 102664010306879903 bcsId: 0,size=2097152]} | ret=SUCCESS |  
2019-08-23 02:47:59,468 [grpc-default-executor-6] INFO  client.GrpcClientProtocolClient (GrpcClientProtocolClient.java:onNext(255)) - client-B268B4322F32->17750241-545b-4219-93a1-14a6ea3d85be: receive RaftClientReply:client-B268B4322F32->17750241-545b-4219-93a1-14a6ea3d85be@group-C33FBD9556F2, cid=729, SUCCESS, logIndex=936, commits[17750241-545b-4219-93a1-14a6ea3d85be:c938, 4eaaa090-573e-41d3-9f8c-c99e236d806a:c934, 5f4cf9ee-4bed-49de-adaa-861aec894328:c934]
2019-08-23 02:47:59,468 [grpc-default-executor-6] INFO  client.GrpcClientProtocolClient (GrpcClientProtocolClient.java:onNext(255)) - client-B268B4322F32->17750241-545b-4219-93a1-14a6ea3d85be: receive RaftClientReply:client-B268B4322F32->17750241-545b-4219-93a1-14a6ea3d85be@group-C33FBD9556F2, cid=730, SUCCESS, logIndex=937, commits[17750241-545b-4219-93a1-14a6ea3d85be:c938, 4eaaa090-573e-41d3-9f8c-c99e236d806a:c934, 5f4cf9ee-4bed-49de-adaa-861aec894328:c934]
2019-08-23 02:47:59,468 [grpc-default-executor-6] INFO  client.GrpcClientProtocolClient (GrpcClientProtocolClient.java:onNext(255)) - client-B268B4322F32->17750241-545b-4219-93a1-14a6ea3d85be: receive RaftClientReply:client-B268B4322F32->17750241-545b-4219-93a1-14a6ea3d85be@group-C33FBD9556F2, cid=731, SUCCESS, logIndex=938, commits[17750241-545b-4219-93a1-14a6ea3d85be:c938, 4eaaa090-573e-41d3-9f8c-c99e236d806a:c934, 5f4cf9ee-4bed-49de-adaa-861aec894328:c934]
2019-08-23 02:47:59,478 | INFO  | DNAudit | user=null | ip=null | op=WRITE_CHUNK {blockData=conID: 3 locID: 102664010306879903 bcsId: 0} | ret=SUCCESS |  
2019-08-23 02:47:59,478 | INFO  | DNAudit | user=null | ip=null | op=WRITE_CHUNK {blockData=conID: 3 locID: 102664010306879903 bcsId: 0} | ret=SUCCESS |  
2019-08-23 02:47:59,478 | INFO  | DNAudit | user=null | ip=null | op=PUT_BLOCK {blockData=[blockId=conID: 3 locID: 102664010306879903 bcsId: 0,size=1048576]} | ret=SUCCESS |  
2019-08-23 02:47:59,479 | INFO  | DNAudit | user=null | ip=null | op=PUT_BLOCK {blockData=[blockId=conID: 3 locID: 102664010306879903 bcsId: 0,size=1048576]} | ret=SUCCESS |  
2019-08-23 02:47:59,479 [grpc-default-executor-6] INFO  client.GrpcClientProtocolClient (GrpcClientProtocolClient.java:onNext(255)) - client-B268B4322F32->17750241-545b-4219-93a1-14a6ea3d85be: receive RaftClientReply:client-B268B4322F32->17750241-545b-4219-93a1-14a6ea3d85be@group-C33FBD9556F2, cid=732, SUCCESS, logIndex=0, commits[17750241-545b-4219-93a1-14a6ea3d85be:c939, 4eaaa090-573e-41d3-9f8c-c99e236d806a:c936, 5f4cf9ee-4bed-49de-adaa-861aec894328:c936]
2019-08-23 02:47:59,479 | INFO  | DNAudit | user=null | ip=null | op=WRITE_CHUNK {blockData=conID: 3 locID: 102664010306879903 bcsId: 0} | ret=SUCCESS |  
2019-08-23 02:47:59,480 | INFO  | DNAudit | user=null | ip=null | op=WRITE_CHUNK {blockData=conID: 3 locID: 102664010306879903 bcsId: 0} | ret=SUCCESS |  
2019-08-23 02:47:59,480 | INFO  | DNAudit | user=null | ip=null | op=PUT_BLOCK {blockData=[blockId=conID: 3 locID: 102664010306879903 bcsId: 0,size=2097152]} | ret=SUCCESS |  
2019-08-23 02:47:59,480 | INFO  | DNAudit | user=null | ip=null | op=PUT_BLOCK {blockData=[blockId=conID: 3 locID: 102664010306879903 bcsId: 0,size=2097152]} | ret=SUCCESS |  
2019-08-23 02:47:59,488 | INFO  | DNAudit | user=null | ip=null | op=WRITE_CHUNK {blockData=conID: 3 locID: 102664010306879903 bcsId: 938} | ret=SUCCESS |  
2019-08-23 02:47:59,491 | INFO  | DNAudit | user=null | ip=null | op=WRITE_CHUNK {blockData=conID: 3 locID: 102664010306879903 bcsId: 938} | ret=SUCCESS |  
2019-08-23 02:47:59,491 | INFO  | DNAudit | user=null | ip=null | op=WRITE_CHUNK {blockData=conID: 3 locID: 102664010306879903 bcsId: 938} | ret=SUCCESS |  
2019-08-23 02:47:59,501 | INFO  | DNAudit | user=null | ip=null | op=WRITE_CHUNK {blockData=conID: 3 locID: 102664010306879903 bcsId: 938} | ret=SUCCESS |  
2019-08-23 02:47:59,501 | INFO  | DNAudit | user=null | ip=null | op=PUT_BLOCK {blockData=[blockId=conID: 3 locID: 102664010306879903 bcsId: 0,size=3145728]} | ret=SUCCESS |  
2019-08-23 02:47:59,502 [grpc-default-executor-6] INFO  client.GrpcClientProtocolClient (GrpcClientProtocolClient.java:onNext(255)) - client-B268B4322F32->17750241-545b-4219-93a1-14a6ea3d85be: receive RaftClientReply:client-B268B4322F32->17750241-545b-4219-93a1-14a6ea3d85be@group-C33FBD9556F2, cid=733, SUCCESS, logIndex=943, commits[17750241-545b-4219-93a1-14a6ea3d85be:c944, 4eaaa090-573e-41d3-9f8c-c99e236d806a:c942, 5f4cf9ee-4bed-49de-adaa-861aec894328:c942]
2019-08-23 02:47:59,502 [grpc-default-executor-6] INFO  client.GrpcClientProtocolClient (GrpcClientProtocolClient.java:onNext(255)) - client-B268B4322F32->17750241-545b-4219-93a1-14a6ea3d85be: receive RaftClientReply:client-B268B4322F32->17750241-545b-4219-93a1-14a6ea3d85be@group-C33FBD9556F2, cid=734, SUCCESS, logIndex=944, commits[17750241-545b-4219-93a1-14a6ea3d85be:c944, 4eaaa090-573e-41d3-9f8c-c99e236d806a:c942, 5f4cf9ee-4bed-49de-adaa-861aec894328:c942]
2019-08-23 02:47:59,511 | INFO  | DNAudit | user=null | ip=null | op=WRITE_CHUNK {blockData=conID: 3 locID: 102664010306879903 bcsId: 944} | ret=SUCCESS |  
2019-08-23 02:47:59,513 | INFO  | DNAudit | user=null | ip=null | op=WRITE_CHUNK {blockData=conID: 3 locID: 102664010306879903 bcsId: 938} | ret=SUCCESS |  
2019-08-23 02:47:59,513 | INFO  | DNAudit | user=null | ip=null | op=WRITE_CHUNK {blockData=conID: 3 locID: 102664010306879903 bcsId: 938} | ret=SUCCESS |  
2019-08-23 02:47:59,514 | INFO  | DNAudit | user=null | ip=null | op=PUT_BLOCK {blockData=[blockId=conID: 3 locID: 102664010306879903 bcsId: 0,size=3145728]} | ret=SUCCESS |  
2019-08-23 02:47:59,516 | INFO  | DNAudit | user=null | ip=null | op=WRITE_CHUNK {blockData=conID: 3 locID: 102664010306879903 bcsId: 944} | ret=SUCCESS |  
2019-08-23 02:47:59,516 | INFO  | DNAudit | user=null | ip=null | op=WRITE_CHUNK {blockData=conID: 3 locID: 102664010306879903 bcsId: 944} | ret=SUCCESS |  
2019-08-23 02:47:59,520 | INFO  | DNAudit | user=null | ip=null | op=PUT_BLOCK {blockData=[blockId=conID: 3 locID: 102664010306879903 bcsId: 0,size=3145728]} | ret=SUCCESS |  
2019-08-23 02:47:59,521 | INFO  | DNAudit | user=null | ip=null | op=WRITE_CHUNK {blockData=conID: 3 locID: 102664010306879903 bcsId: 944} | ret=SUCCESS |  
2019-08-23 02:47:59,521 | INFO  | DNAudit | user=null | ip=null | op=PUT_BLOCK {blockData=[blockId=conID: 3 locID: 102664010306879903 bcsId: 0,size=4194304]} | ret=SUCCESS |  
2019-08-23 02:47:59,522 [grpc-default-executor-2] INFO  client.GrpcClientProtocolClient (GrpcClientProtocolClient.java:onNext(255)) - client-B268B4322F32->17750241-545b-4219-93a1-14a6ea3d85be: receive RaftClientReply:client-B268B4322F32->17750241-545b-4219-93a1-14a6ea3d85be@group-C33FBD9556F2, cid=735, SUCCESS, logIndex=947, commits[17750241-545b-4219-93a1-14a6ea3d85be:c948, 4eaaa090-573e-41d3-9f8c-c99e236d806a:c944, 5f4cf9ee-4bed-49de-adaa-861aec894328:c944]
2019-08-23 02:47:59,522 [grpc-default-executor-2] INFO  client.GrpcClientProtocolClient (GrpcClientProtocolClient.java:onNext(255)) - client-B268B4322F32->17750241-545b-4219-93a1-14a6ea3d85be: receive RaftClientReply:client-B268B4322F32->17750241-545b-4219-93a1-14a6ea3d85be@group-C33FBD9556F2, cid=736, SUCCESS, logIndex=948, commits[17750241-545b-4219-93a1-14a6ea3d85be:c948, 4eaaa090-573e-41d3-9f8c-c99e236d806a:c944, 5f4cf9ee-4bed-49de-adaa-861aec894328:c944]
2019-08-23 02:47:59,522 | INFO  | DNAudit | user=null | ip=null | op=WRITE_CHUNK {blockData=conID: 3 locID: 102664010306879903 bcsId: 944} | ret=SUCCESS |  
2019-08-23 02:47:59,522 | INFO  | DNAudit | user=null | ip=null | op=WRITE_CHUNK {blockData=conID: 3 locID: 102664010306879903 bcsId: 944} | ret=SUCCESS |  
2019-08-23 02:47:59,524 | INFO  | DNAudit | user=null | ip=null | op=PUT_BLOCK {blockData=[blockId=conID: 3 locID: 102664010306879903 bcsId: 0,size=4194304]} | ret=SUCCESS |  
2019-08-23 02:47:59,524 | INFO  | DNAudit | user=null | ip=null | op=PUT_BLOCK {blockData=[blockId=conID: 3 locID: 102664010306879903 bcsId: 0,size=4194304]} | ret=SUCCESS |  
2019-08-23 02:47:59,525 [grpc-default-executor-2] INFO  client.GrpcClientProtocolClient (GrpcClientProtocolClient.java:onNext(255)) - client-B268B4322F32->17750241-545b-4219-93a1-14a6ea3d85be: receive RaftClientReply:client-B268B4322F32->17750241-545b-4219-93a1-14a6ea3d85be@group-C33FBD9556F2, cid=737, SUCCESS, logIndex=0, commits[17750241-545b-4219-93a1-14a6ea3d85be:c950, 4eaaa090-573e-41d3-9f8c-c99e236d806a:c948, 5f4cf9ee-4bed-49de-adaa-861aec894328:c948]
2019-08-23 02:47:59,533 | INFO  | DNAudit | user=null | ip=null | op=WRITE_CHUNK {blockData=conID: 1 locID: 102664010306879904 bcsId: 0} | ret=SUCCESS |  
2019-08-23 02:47:59,537 | INFO  | DNAudit | user=null | ip=null | op=WRITE_CHUNK {blockData=conID: 1 locID: 102664010306879904 bcsId: 0} | ret=SUCCESS |  
2019-08-23 02:47:59,538 | INFO  | DNAudit | user=null | ip=null | op=WRITE_CHUNK {blockData=conID: 1 locID: 102664010306879904 bcsId: 0} | ret=SUCCESS |  
2019-08-23 02:47:59,538 | INFO  | DNAudit | user=null | ip=null | op=WRITE_CHUNK {blockData=conID: 1 locID: 102664010306879904 bcsId: 0} | ret=SUCCESS |  
2019-08-23 02:47:59,541 | INFO  | DNAudit | user=null | ip=null | op=WRITE_CHUNK {blockData=conID: 1 locID: 102664010306879904 bcsId: 0} | ret=SUCCESS |  
2019-08-23 02:47:59,541 | INFO  | DNAudit | user=null | ip=null | op=WRITE_CHUNK {blockData=conID: 1 locID: 102664010306879904 bcsId: 0} | ret=SUCCESS |  
2019-08-23 02:47:59,541 | INFO  | DNAudit | user=null | ip=null | op=PUT_BLOCK {blockData=[blockId=conID: 1 locID: 102664010306879904 bcsId: 0,size=1048576]} | ret=SUCCESS |  
2019-08-23 02:47:59,542 | INFO  | DNAudit | user=null | ip=null | op=WRITE_CHUNK {blockData=conID: 1 locID: 102664010306879904 bcsId: 0} | ret=SUCCESS |  
2019-08-23 02:47:59,542 [grpc-default-executor-2] INFO  client.GrpcClientProtocolClient (GrpcClientProtocolClient.java:onNext(255)) - client-B268B4322F32->17750241-545b-4219-93a1-14a6ea3d85be: receive RaftClientReply:client-B268B4322F32->17750241-545b-4219-93a1-14a6ea3d85be@group-C33FBD9556F2, cid=738, SUCCESS, logIndex=951, commits[17750241-545b-4219-93a1-14a6ea3d85be:c952, 4eaaa090-573e-41d3-9f8c-c99e236d806a:c950, 5f4cf9ee-4bed-49de-adaa-861aec894328:c950]
2019-08-23 02:47:59,542 [grpc-default-executor-2] INFO  client.GrpcClientProtocolClient (GrpcClientProtocolClient.java:onNext(255)) - client-B268B4322F32->17750241-545b-4219-93a1-14a6ea3d85be: receive RaftClientReply:client-B268B4322F32->17750241-545b-4219-93a1-14a6ea3d85be@group-C33FBD9556F2, cid=739, SUCCESS, logIndex=952, commits[17750241-545b-4219-93a1-14a6ea3d85be:c952, 4eaaa090-573e-41d3-9f8c-c99e236d806a:c950, 5f4cf9ee-4bed-49de-adaa-861aec894328:c950]
2019-08-23 02:47:59,543 | INFO  | DNAudit | user=null | ip=null | op=WRITE_CHUNK {blockData=conID: 1 locID: 102664010306879904 bcsId: 0} | ret=SUCCESS |  
2019-08-23 02:47:59,543 | INFO  | DNAudit | user=null | ip=null | op=WRITE_CHUNK {blockData=conID: 1 locID: 102664010306879904 bcsId: 0} | ret=SUCCESS |  
2019-08-23 02:47:59,543 | INFO  | DNAudit | user=null | ip=null | op=PUT_BLOCK {blockData=[blockId=conID: 1 locID: 102664010306879904 bcsId: 0,size=1048576]} | ret=SUCCESS |  
2019-08-23 02:47:59,544 | INFO  | DNAudit | user=null | ip=null | op=PUT_BLOCK {blockData=[blockId=conID: 1 locID: 102664010306879904 bcsId: 0,size=2097152]} | ret=SUCCESS |  
2019-08-23 02:47:59,544 | INFO  | DNAudit | user=null | ip=null | op=WRITE_CHUNK {blockData=conID: 1 locID: 102664010306879904 bcsId: 0} | ret=SUCCESS |  
2019-08-23 02:47:59,545 | INFO  | DNAudit | user=null | ip=null | op=PUT_BLOCK {blockData=[blockId=conID: 1 locID: 102664010306879904 bcsId: 0,size=1048576]} | ret=SUCCESS |  
2019-08-23 02:47:59,544 [grpc-default-executor-5] INFO  client.GrpcClientProtocolClient (GrpcClientProtocolClient.java:onNext(255)) - client-B268B4322F32->17750241-545b-4219-93a1-14a6ea3d85be: receive RaftClientReply:client-B268B4322F32->17750241-545b-4219-93a1-14a6ea3d85be@group-C33FBD9556F2, cid=740, SUCCESS, logIndex=953, commits[17750241-545b-4219-93a1-14a6ea3d85be:c954, 4eaaa090-573e-41d3-9f8c-c99e236d806a:c950, 5f4cf9ee-4bed-49de-adaa-861aec894328:c951]
2019-08-23 02:47:59,545 [grpc-default-executor-5] INFO  client.GrpcClientProtocolClient (GrpcClientProtocolClient.java:onNext(255)) - client-B268B4322F32->17750241-545b-4219-93a1-14a6ea3d85be: receive RaftClientReply:client-B268B4322F32->17750241-545b-4219-93a1-14a6ea3d85be@group-C33FBD9556F2, cid=741, SUCCESS, logIndex=954, commits[17750241-545b-4219-93a1-14a6ea3d85be:c956, 4eaaa090-573e-41d3-9f8c-c99e236d806a:c950, 5f4cf9ee-4bed-49de-adaa-861aec894328:c952]
2019-08-23 02:47:59,546 | INFO  | DNAudit | user=null | ip=null | op=WRITE_CHUNK {blockData=conID: 1 locID: 102664010306879904 bcsId: 0} | ret=SUCCESS |  
2019-08-23 02:47:59,546 [grpc-default-executor-5] INFO  client.GrpcClientProtocolClient (GrpcClientProtocolClient.java:onNext(255)) - client-B268B4322F32->17750241-545b-4219-93a1-14a6ea3d85be: receive RaftClientReply:client-B268B4322F32->17750241-545b-4219-93a1-14a6ea3d85be@group-C33FBD9556F2, cid=742, SUCCESS, logIndex=0, commits[17750241-545b-4219-93a1-14a6ea3d85be:c956, 4eaaa090-573e-41d3-9f8c-c99e236d806a:c952, 5f4cf9ee-4bed-49de-adaa-861aec894328:c952]
2019-08-23 02:47:59,546 | INFO  | DNAudit | user=null | ip=null | op=PUT_BLOCK {blockData=[blockId=conID: 1 locID: 102664010306879904 bcsId: 0,size=2097152]} | ret=SUCCESS |  
2019-08-23 02:47:59,547 | INFO  | DNAudit | user=null | ip=null | op=WRITE_CHUNK {blockData=conID: 1 locID: 102664010306879904 bcsId: 0} | ret=SUCCESS |  
2019-08-23 02:47:59,547 | INFO  | DNAudit | user=null | ip=null | op=PUT_BLOCK {blockData=[blockId=conID: 1 locID: 102664010306879904 bcsId: 0,size=2097152]} | ret=SUCCESS |  
 0.00% |█                                                                                                    |  0/1 Time: 0:00:022019-08-23 02:47:59,554 | INFO  | DNAudit | user=null | ip=null | op=WRITE_CHUNK {blockData=conID: 1 locID: 102664010306879904 bcsId: 954} | ret=SUCCESS |  
2019-08-23 02:47:59,558 | INFO  | DNAudit | user=null | ip=null | op=WRITE_CHUNK {blockData=conID: 1 locID: 102664010306879904 bcsId: 954} | ret=SUCCESS |  
2019-08-23 02:47:59,558 | INFO  | DNAudit | user=null | ip=null | op=WRITE_CHUNK {blockData=conID: 1 locID: 102664010306879904 bcsId: 954} | ret=SUCCESS |  
2019-08-23 02:47:59,560 | INFO  | DNAudit | user=null | ip=null | op=WRITE_CHUNK {blockData=conID: 1 locID: 102664010306879904 bcsId: 954} | ret=SUCCESS |  
2019-08-23 02:47:59,561 | INFO  | DNAudit | user=null | ip=null | op=PUT_BLOCK {blockData=[blockId=conID: 1 locID: 102664010306879904 bcsId: 0,size=3145728]} | ret=SUCCESS |  
2019-08-23 02:47:59,561 [grpc-default-executor-6] INFO  client.GrpcClientProtocolClient (GrpcClientProtocolClient.java:onNext(255)) - client-B268B4322F32->17750241-545b-4219-93a1-14a6ea3d85be: receive RaftClientReply:client-B268B4322F32->17750241-545b-4219-93a1-14a6ea3d85be@group-C33FBD9556F2, cid=743, SUCCESS, logIndex=959, commits[17750241-545b-4219-93a1-14a6ea3d85be:c960, 4eaaa090-573e-41d3-9f8c-c99e236d806a:c955, 5f4cf9ee-4bed-49de-adaa-861aec894328:c958]
2019-08-23 02:47:59,561 [grpc-default-executor-6] INFO  client.GrpcClientProtocolClient (GrpcClientProtocolClient.java:onNext(255)) - client-B268B4322F32->17750241-545b-4219-93a1-14a6ea3d85be: receive RaftClientReply:client-B268B4322F32->17750241-545b-4219-93a1-14a6ea3d85be@group-C33FBD9556F2, cid=744, SUCCESS, logIndex=960, commits[17750241-545b-4219-93a1-14a6ea3d85be:c960, 4eaaa090-573e-41d3-9f8c-c99e236d806a:c958, 5f4cf9ee-4bed-49de-adaa-861aec894328:c958]
2019-08-23 02:47:59,562 | INFO  | DNAudit | user=null | ip=null | op=WRITE_CHUNK {blockData=conID: 1 locID: 102664010306879904 bcsId: 954} | ret=SUCCESS |  
2019-08-23 02:47:59,562 | INFO  | DNAudit | user=null | ip=null | op=WRITE_CHUNK {blockData=conID: 1 locID: 102664010306879904 bcsId: 954} | ret=SUCCESS |  
2019-08-23 02:47:59,562 | INFO  | DNAudit | user=null | ip=null | op=PUT_BLOCK {blockData=[blockId=conID: 1 locID: 102664010306879904 bcsId: 0,size=3145728]} | ret=SUCCESS |  
2019-08-23 02:47:59,562 | INFO  | DNAudit | user=null | ip=null | op=PUT_BLOCK {blockData=[blockId=conID: 1 locID: 102664010306879904 bcsId: 0,size=3145728]} | ret=SUCCESS |  
2019-08-23 02:47:59,570 | INFO  | DNAudit | user=null | ip=null | op=WRITE_CHUNK {blockData=conID: 1 locID: 102664010306879904 bcsId: 960} | ret=SUCCESS |  
2019-08-23 02:47:59,573 | INFO  | DNAudit | user=null | ip=null | op=WRITE_CHUNK {blockData=conID: 1 locID: 102664010306879904 bcsId: 960} | ret=SUCCESS |  
2019-08-23 02:47:59,573 | INFO  | DNAudit | user=null | ip=null | op=WRITE_CHUNK {blockData=conID: 1 locID: 102664010306879904 bcsId: 960} | ret=SUCCESS |  
2019-08-23 02:47:59,581 | INFO  | DNAudit | user=null | ip=null | op=WRITE_CHUNK {blockData=conID: 1 locID: 102664010306879904 bcsId: 960} | ret=SUCCESS |  
2019-08-23 02:47:59,582 | INFO  | DNAudit | user=null | ip=null | op=PUT_BLOCK {blockData=[blockId=conID: 1 locID: 102664010306879904 bcsId: 0,size=4194304]} | ret=SUCCESS |  
2019-08-23 02:47:59,582 [grpc-default-executor-5] INFO  client.GrpcClientProtocolClient (GrpcClientProtocolClient.java:onNext(255)) - client-B268B4322F32->17750241-545b-4219-93a1-14a6ea3d85be: receive RaftClientReply:client-B268B4322F32->17750241-545b-4219-93a1-14a6ea3d85be@group-C33FBD9556F2, cid=745, SUCCESS, logIndex=963, commits[17750241-545b-4219-93a1-14a6ea3d85be:c964, 4eaaa090-573e-41d3-9f8c-c99e236d806a:c962, 5f4cf9ee-4bed-49de-adaa-861aec894328:c962]
2019-08-23 02:47:59,583 [grpc-default-executor-5] INFO  client.GrpcClientProtocolClient (GrpcClientProtocolClient.java:onNext(255)) - client-B268B4322F32->17750241-545b-4219-93a1-14a6ea3d85be: receive RaftClientReply:client-B268B4322F32->17750241-545b-4219-93a1-14a6ea3d85be@group-C33FBD9556F2, cid=746, SUCCESS, logIndex=964, commits[17750241-545b-4219-93a1-14a6ea3d85be:c964, 4eaaa090-573e-41d3-9f8c-c99e236d806a:c962, 5f4cf9ee-4bed-49de-adaa-861aec894328:c962]
2019-08-23 02:47:59,592 | INFO  | DNAudit | user=null | ip=null | op=WRITE_CHUNK {blockData=conID: 1 locID: 102664010306879904 bcsId: 960} | ret=SUCCESS |  
2019-08-23 02:47:59,592 | INFO  | DNAudit | user=null | ip=null | op=WRITE_CHUNK {blockData=conID: 1 locID: 102664010306879904 bcsId: 960} | ret=SUCCESS |  
2019-08-23 02:47:59,592 | INFO  | DNAudit | user=null | ip=null | op=PUT_BLOCK {blockData=[blockId=conID: 1 locID: 102664010306879904 bcsId: 0,size=4194304]} | ret=SUCCESS |  
2019-08-23 02:47:59,592 | INFO  | DNAudit | user=null | ip=null | op=PUT_BLOCK {blockData=[blockId=conID: 1 locID: 102664010306879904 bcsId: 0,size=4194304]} | ret=SUCCESS |  
2019-08-23 02:47:59,593 [grpc-default-executor-5] INFO  client.GrpcClientProtocolClient (GrpcClientProtocolClient.java:onNext(255)) - client-B268B4322F32->17750241-545b-4219-93a1-14a6ea3d85be: receive RaftClientReply:client-B268B4322F32->17750241-545b-4219-93a1-14a6ea3d85be@group-C33FBD9556F2, cid=747, SUCCESS, logIndex=0, commits[17750241-545b-4219-93a1-14a6ea3d85be:c965, 4eaaa090-573e-41d3-9f8c-c99e236d806a:c964, 5f4cf9ee-4bed-49de-adaa-861aec894328:c964]
2019-08-23 02:47:59,600 | INFO  | DNAudit | user=null | ip=null | op=WRITE_CHUNK {blockData=conID: 2 locID: 102664010306945441 bcsId: 0} | ret=SUCCESS |  
2019-08-23 02:47:59,603 | INFO  | DNAudit | user=null | ip=null | op=WRITE_CHUNK {blockData=conID: 2 locID: 102664010306945441 bcsId: 0} | ret=SUCCESS |  
2019-08-23 02:47:59,604 | INFO  | DNAudit | user=null | ip=null | op=WRITE_CHUNK {blockData=conID: 2 locID: 102664010306945441 bcsId: 0} | ret=SUCCESS |  
2019-08-23 02:47:59,604 | INFO  | DNAudit | user=null | ip=null | op=WRITE_CHUNK {blockData=conID: 2 locID: 102664010306945441 bcsId: 0} | ret=SUCCESS |  
2019-08-23 02:47:59,608 | INFO  | DNAudit | user=null | ip=null | op=WRITE_CHUNK {blockData=conID: 2 locID: 102664010306945441 bcsId: 0} | ret=SUCCESS |  
2019-08-23 02:47:59,608 | INFO  | DNAudit | user=null | ip=null | op=WRITE_CHUNK {blockData=conID: 2 locID: 102664010306945441 bcsId: 0} | ret=SUCCESS |  
2019-08-23 02:47:59,611 | INFO  | DNAudit | user=null | ip=null | op=WRITE_CHUNK {blockData=conID: 2 locID: 102664010306945441 bcsId: 0} | ret=SUCCESS |  
2019-08-23 02:47:59,612 | INFO  | DNAudit | user=null | ip=null | op=PUT_BLOCK {blockData=[blockId=conID: 2 locID: 102664010306945441 bcsId: 0,size=1048576]} | ret=SUCCESS |  
2019-08-23 02:47:59,612 [grpc-default-executor-4] INFO  client.GrpcClientProtocolClient (GrpcClientProtocolClient.java:onNext(255)) - client-B268B4322F32->17750241-545b-4219-93a1-14a6ea3d85be: receive RaftClientReply:client-B268B4322F32->17750241-545b-4219-93a1-14a6ea3d85be@group-C33FBD9556F2, cid=748, SUCCESS, logIndex=967, commits[17750241-545b-4219-93a1-14a6ea3d85be:c968, 4eaaa090-573e-41d3-9f8c-c99e236d806a:c966, 5f4cf9ee-4bed-49de-adaa-861aec894328:c966]
2019-08-23 02:47:59,613 | INFO  | DNAudit | user=null | ip=null | op=WRITE_CHUNK {blockData=conID: 2 locID: 102664010306945441 bcsId: 0} | ret=SUCCESS |  
2019-08-23 02:47:59,613 [grpc-default-executor-4] INFO  client.GrpcClientProtocolClient (GrpcClientProtocolClient.java:onNext(255)) - client-B268B4322F32->17750241-545b-4219-93a1-14a6ea3d85be: receive RaftClientReply:client-B268B4322F32->17750241-545b-4219-93a1-14a6ea3d85be@group-C33FBD9556F2, cid=749, SUCCESS, logIndex=968, commits[17750241-545b-4219-93a1-14a6ea3d85be:c969, 4eaaa090-573e-41d3-9f8c-c99e236d806a:c966, 5f4cf9ee-4bed-49de-adaa-861aec894328:c966]
2019-08-23 02:47:59,613 | INFO  | DNAudit | user=null | ip=null | op=WRITE_CHUNK {blockData=conID: 2 locID: 102664010306945441 bcsId: 0} | ret=SUCCESS |  
2019-08-23 02:47:59,613 | INFO  | DNAudit | user=null | ip=null | op=PUT_BLOCK {blockData=[blockId=conID: 2 locID: 102664010306945441 bcsId: 0,size=2097152]} | ret=SUCCESS |  
2019-08-23 02:47:59,614 [grpc-default-executor-4] INFO  client.GrpcClientProtocolClient (GrpcClientProtocolClient.java:onNext(255)) - client-B268B4322F32->17750241-545b-4219-93a1-14a6ea3d85be: receive RaftClientReply:client-B268B4322F32->17750241-545b-4219-93a1-14a6ea3d85be@group-C33FBD9556F2, cid=750, SUCCESS, logIndex=969, commits[17750241-545b-4219-93a1-14a6ea3d85be:c970, 4eaaa090-573e-41d3-9f8c-c99e236d806a:c966, 5f4cf9ee-4bed-49de-adaa-861aec894328:c966]
2019-08-23 02:47:59,614 | INFO  | DNAudit | user=null | ip=null | op=WRITE_CHUNK {blockData=conID: 2 locID: 102664010306945441 bcsId: 0} | ret=SUCCESS |  
2019-08-23 02:47:59,614 | INFO  | DNAudit | user=null | ip=null | op=PUT_BLOCK {blockData=[blockId=conID: 2 locID: 102664010306945441 bcsId: 0,size=1048576]} | ret=SUCCESS |  
2019-08-23 02:47:59,614 [grpc-default-executor-6] INFO  client.GrpcClientProtocolClient (GrpcClientProtocolClient.java:onNext(255)) - client-B268B4322F32->17750241-545b-4219-93a1-14a6ea3d85be: receive RaftClientReply:client-B268B4322F32->17750241-545b-4219-93a1-14a6ea3d85be@group-C33FBD9556F2, cid=751, SUCCESS, logIndex=970, commits[17750241-545b-4219-93a1-14a6ea3d85be:c971, 4eaaa090-573e-41d3-9f8c-c99e236d806a:c967, 5f4cf9ee-4bed-49de-adaa-861aec894328:c966]
2019-08-23 02:47:59,614 | INFO  | DNAudit | user=null | ip=null | op=PUT_BLOCK {blockData=[blockId=conID: 2 locID: 102664010306945441 bcsId: 0,size=1048576]} | ret=SUCCESS |  
2019-08-23 02:47:59,615 | INFO  | DNAudit | user=null | ip=null | op=WRITE_CHUNK {blockData=conID: 2 locID: 102664010306945441 bcsId: 0} | ret=SUCCESS |  
2019-08-23 02:47:59,615 | INFO  | DNAudit | user=null | ip=null | op=PUT_BLOCK {blockData=[blockId=conID: 2 locID: 102664010306945441 bcsId: 0,size=2097152]} | ret=SUCCESS |  
2019-08-23 02:47:59,615 | INFO  | DNAudit | user=null | ip=null | op=WRITE_CHUNK {blockData=conID: 2 locID: 102664010306945441 bcsId: 0} | ret=SUCCESS |  
2019-08-23 02:47:59,615 | INFO  | DNAudit | user=null | ip=null | op=PUT_BLOCK {blockData=[blockId=conID: 2 locID: 102664010306945441 bcsId: 0,size=2097152]} | ret=SUCCESS |  
2019-08-23 02:47:59,616 [grpc-default-executor-4] INFO  client.GrpcClientProtocolClient (GrpcClientProtocolClient.java:onNext(255)) - client-B268B4322F32->17750241-545b-4219-93a1-14a6ea3d85be: receive RaftClientReply:client-B268B4322F32->17750241-545b-4219-93a1-14a6ea3d85be@group-C33FBD9556F2, cid=752, SUCCESS, logIndex=0, commits[17750241-545b-4219-93a1-14a6ea3d85be:c974, 4eaaa090-573e-41d3-9f8c-c99e236d806a:c970, 5f4cf9ee-4bed-49de-adaa-861aec894328:c968]
2019-08-23 02:47:59,625 | INFO  | DNAudit | user=null | ip=null | op=WRITE_CHUNK {blockData=conID: 2 locID: 102664010306945441 bcsId: 970} | ret=SUCCESS |  
2019-08-23 02:47:59,626 | INFO  | DNAudit | user=null | ip=null | op=WRITE_CHUNK {blockData=conID: 2 locID: 102664010306945441 bcsId: 970} | ret=SUCCESS |  
2019-08-23 02:47:59,627 | INFO  | DNAudit | user=null | ip=null | op=WRITE_CHUNK {blockData=conID: 2 locID: 102664010306945441 bcsId: 970} | ret=SUCCESS |  
2019-08-23 02:47:59,636 | INFO  | DNAudit | user=null | ip=null | op=WRITE_CHUNK {blockData=conID: 2 locID: 102664010306945441 bcsId: 970} | ret=SUCCESS |  
2019-08-23 02:47:59,636 | INFO  | DNAudit | user=null | ip=null | op=PUT_BLOCK {blockData=[blockId=conID: 2 locID: 102664010306945441 bcsId: 0,size=3145728]} | ret=SUCCESS |  
2019-08-23 02:47:59,637 [grpc-default-executor-2] INFO  client.GrpcClientProtocolClient (GrpcClientProtocolClient.java:onNext(255)) - client-B268B4322F32->17750241-545b-4219-93a1-14a6ea3d85be: receive RaftClientReply:client-B268B4322F32->17750241-545b-4219-93a1-14a6ea3d85be@group-C33FBD9556F2, cid=753, SUCCESS, logIndex=975, commits[17750241-545b-4219-93a1-14a6ea3d85be:c976, 4eaaa090-573e-41d3-9f8c-c99e236d806a:c974, 5f4cf9ee-4bed-49de-adaa-861aec894328:c974]
2019-08-23 02:47:59,637 [grpc-default-executor-2] INFO  client.GrpcClientProtocolClient (GrpcClientProtocolClient.java:onNext(255)) - client-B268B4322F32->17750241-545b-4219-93a1-14a6ea3d85be: receive RaftClientReply:client-B268B4322F32->17750241-545b-4219-93a1-14a6ea3d85be@group-C33FBD9556F2, cid=754, SUCCESS, logIndex=976, commits[17750241-545b-4219-93a1-14a6ea3d85be:c976, 4eaaa090-573e-41d3-9f8c-c99e236d806a:c974, 5f4cf9ee-4bed-49de-adaa-861aec894328:c974]
2019-08-23 02:47:59,645 | INFO  | DNAudit | user=null | ip=null | op=WRITE_CHUNK {blockData=conID: 2 locID: 102664010306945441 bcsId: 976} | ret=SUCCESS |  
2019-08-23 02:47:59,647 | INFO  | DNAudit | user=null | ip=null | op=WRITE_CHUNK {blockData=conID: 2 locID: 102664010306945441 bcsId: 976} | ret=SUCCESS |  
2019-08-23 02:47:59,648 | INFO  | DNAudit | user=null | ip=null | op=WRITE_CHUNK {blockData=conID: 2 locID: 102664010306945441 bcsId: 976} | ret=SUCCESS |  
2019-08-23 02:47:59,660 | INFO  | DNAudit | user=null | ip=null | op=WRITE_CHUNK {blockData=conID: 2 locID: 102664010306945441 bcsId: 970} | ret=SUCCESS |  
2019-08-23 02:47:59,660 | INFO  | DNAudit | user=null | ip=null | op=WRITE_CHUNK {blockData=conID: 2 locID: 102664010306945441 bcsId: 970} | ret=SUCCESS |  
2019-08-23 02:47:59,661 | INFO  | DNAudit | user=null | ip=null | op=PUT_BLOCK {blockData=[blockId=conID: 2 locID: 102664010306945441 bcsId: 0,size=3145728]} | ret=SUCCESS |  
2019-08-23 02:47:59,662 | INFO  | DNAudit | user=null | ip=null | op=WRITE_CHUNK {blockData=conID: 2 locID: 102664010306945441 bcsId: 976} | ret=SUCCESS |  
2019-08-23 02:47:59,662 | INFO  | DNAudit | user=null | ip=null | op=PUT_BLOCK {blockData=[blockId=conID: 2 locID: 102664010306945441 bcsId: 0,size=3145728]} | ret=SUCCESS |  
2019-08-23 02:47:59,662 | INFO  | DNAudit | user=null | ip=null | op=PUT_BLOCK {blockData=[blockId=conID: 2 locID: 102664010306945441 bcsId: 0,size=4194304]} | ret=SUCCESS |  
2019-08-23 02:47:59,663 [grpc-default-executor-6] INFO  client.GrpcClientProtocolClient (GrpcClientProtocolClient.java:onNext(255)) - client-B268B4322F32->17750241-545b-4219-93a1-14a6ea3d85be: receive RaftClientReply:client-B268B4322F32->17750241-545b-4219-93a1-14a6ea3d85be@group-C33FBD9556F2, cid=755, SUCCESS, logIndex=979, commits[17750241-545b-4219-93a1-14a6ea3d85be:c980, 4eaaa090-573e-41d3-9f8c-c99e236d806a:c975, 5f4cf9ee-4bed-49de-adaa-861aec894328:c976]
2019-08-23 02:47:59,664 | INFO  | DNAudit | user=null | ip=null | op=WRITE_CHUNK {blockData=conID: 2 locID: 102664010306945441 bcsId: 976} | ret=SUCCESS |  
2019-08-23 02:47:59,664 | INFO  | DNAudit | user=null | ip=null | op=WRITE_CHUNK {blockData=conID: 2 locID: 102664010306945441 bcsId: 976} | ret=SUCCESS |  
2019-08-23 02:47:59,663 [grpc-default-executor-6] INFO  client.GrpcClientProtocolClient (GrpcClientProtocolClient.java:onNext(255)) - client-B268B4322F32->17750241-545b-4219-93a1-14a6ea3d85be: receive RaftClientReply:client-B268B4322F32->17750241-545b-4219-93a1-14a6ea3d85be@group-C33FBD9556F2, cid=756, SUCCESS, logIndex=980, commits[17750241-545b-4219-93a1-14a6ea3d85be:c980, 4eaaa090-573e-41d3-9f8c-c99e236d806a:c976, 5f4cf9ee-4bed-49de-adaa-861aec894328:c976]
2019-08-23 02:47:59,665 | INFO  | DNAudit | user=null | ip=null | op=PUT_BLOCK {blockData=[blockId=conID: 2 locID: 102664010306945441 bcsId: 0,size=4194304]} | ret=SUCCESS |  
2019-08-23 02:47:59,665 | INFO  | DNAudit | user=null | ip=null | op=PUT_BLOCK {blockData=[blockId=conID: 2 locID: 102664010306945441 bcsId: 0,size=4194304]} | ret=SUCCESS |  
2019-08-23 02:47:59,666 [grpc-default-executor-4] INFO  client.GrpcClientProtocolClient (GrpcClientProtocolClient.java:onNext(255)) - client-B268B4322F32->17750241-545b-4219-93a1-14a6ea3d85be: receive RaftClientReply:client-B268B4322F32->17750241-545b-4219-93a1-14a6ea3d85be@group-C33FBD9556F2, cid=757, SUCCESS, logIndex=0, commits[17750241-545b-4219-93a1-14a6ea3d85be:c982, 4eaaa090-573e-41d3-9f8c-c99e236d806a:c980, 5f4cf9ee-4bed-49de-adaa-861aec894328:c980]
2019-08-23 02:47:59,674 | INFO  | DNAudit | user=null | ip=null | op=WRITE_CHUNK {blockData=conID: 3 locID: 102664010306945442 bcsId: 0} | ret=SUCCESS |  
2019-08-23 02:47:59,678 | INFO  | DNAudit | user=null | ip=null | op=WRITE_CHUNK {blockData=conID: 3 locID: 102664010306945442 bcsId: 0} | ret=SUCCESS |  
2019-08-23 02:47:59,678 | INFO  | DNAudit | user=null | ip=null | op=WRITE_CHUNK {blockData=conID: 3 locID: 102664010306945442 bcsId: 0} | ret=SUCCESS |  
2019-08-23 02:47:59,679 | INFO  | DNAudit | user=null | ip=null | op=WRITE_CHUNK {blockData=conID: 3 locID: 102664010306945442 bcsId: 0} | ret=SUCCESS |  
2019-08-23 02:47:59,682 | INFO  | DNAudit | user=null | ip=null | op=WRITE_CHUNK {blockData=conID: 3 locID: 102664010306945442 bcsId: 0} | ret=SUCCESS |  
2019-08-23 02:47:59,682 | INFO  | DNAudit | user=null | ip=null | op=WRITE_CHUNK {blockData=conID: 3 locID: 102664010306945442 bcsId: 0} | ret=SUCCESS |  
2019-08-23 02:47:59,687 | INFO  | DNAudit | user=null | ip=null | op=WRITE_CHUNK {blockData=conID: 3 locID: 102664010306945442 bcsId: 0} | ret=SUCCESS |  
2019-08-23 02:47:59,688 | INFO  | DNAudit | user=null | ip=null | op=PUT_BLOCK {blockData=[blockId=conID: 3 locID: 102664010306945442 bcsId: 0,size=1048576]} | ret=SUCCESS |  
2019-08-23 02:47:59,688 | INFO  | DNAudit | user=null | ip=null | op=WRITE_CHUNK {blockData=conID: 3 locID: 102664010306945442 bcsId: 0} | ret=SUCCESS |  
2019-08-23 02:47:59,688 [grpc-default-executor-6] INFO  client.GrpcClientProtocolClient (GrpcClientProtocolClient.java:onNext(255)) - client-B268B4322F32->17750241-545b-4219-93a1-14a6ea3d85be: receive RaftClientReply:client-B268B4322F32->17750241-545b-4219-93a1-14a6ea3d85be@group-C33FBD9556F2, cid=758, SUCCESS, logIndex=983, commits[17750241-545b-4219-93a1-14a6ea3d85be:c984, 4eaaa090-573e-41d3-9f8c-c99e236d806a:c982, 5f4cf9ee-4bed-49de-adaa-861aec894328:c982]
2019-08-23 02:47:59,689 | INFO  | DNAudit | user=null | ip=null | op=WRITE_CHUNK {blockData=conID: 3 locID: 102664010306945442 bcsId: 0} | ret=SUCCESS |  
2019-08-23 02:47:59,689 | INFO  | DNAudit | user=null | ip=null | op=PUT_BLOCK {blockData=[blockId=conID: 3 locID: 102664010306945442 bcsId: 0,size=2097152]} | ret=SUCCESS |  
2019-08-23 02:47:59,689 [grpc-default-executor-6] INFO  client.GrpcClientProtocolClient (GrpcClientProtocolClient.java:onNext(255)) - client-B268B4322F32->17750241-545b-4219-93a1-14a6ea3d85be: receive RaftClientReply:client-B268B4322F32->17750241-545b-4219-93a1-14a6ea3d85be@group-C33FBD9556F2, cid=759, SUCCESS, logIndex=984, commits[17750241-545b-4219-93a1-14a6ea3d85be:c986, 4eaaa090-573e-41d3-9f8c-c99e236d806a:c982, 5f4cf9ee-4bed-49de-adaa-861aec894328:c982]
2019-08-23 02:47:59,690 | INFO  | DNAudit | user=null | ip=null | op=WRITE_CHUNK {blockData=conID: 3 locID: 102664010306945442 bcsId: 0} | ret=SUCCESS |  
2019-08-23 02:47:59,690 [grpc-default-executor-6] INFO  client.GrpcClientProtocolClient (GrpcClientProtocolClient.java:onNext(255)) - client-B268B4322F32->17750241-545b-4219-93a1-14a6ea3d85be: receive RaftClientReply:client-B268B4322F32->17750241-545b-4219-93a1-14a6ea3d85be@group-C33FBD9556F2, cid=760, SUCCESS, logIndex=985, commits[17750241-545b-4219-93a1-14a6ea3d85be:c986, 4eaaa090-573e-41d3-9f8c-c99e236d806a:c982, 5f4cf9ee-4bed-49de-adaa-861aec894328:c982]
2019-08-23 02:47:59,690 | INFO  | DNAudit | user=null | ip=null | op=PUT_BLOCK {blockData=[blockId=conID: 3 locID: 102664010306945442 bcsId: 0,size=1048576]} | ret=SUCCESS |  
2019-08-23 02:47:59,690 | INFO  | DNAudit | user=null | ip=null | op=PUT_BLOCK {blockData=[blockId=conID: 3 locID: 102664010306945442 bcsId: 0,size=1048576]} | ret=SUCCESS |  
2019-08-23 02:47:59,690 | INFO  | DNAudit | user=null | ip=null | op=WRITE_CHUNK {blockData=conID: 3 locID: 102664010306945442 bcsId: 0} | ret=SUCCESS |  
2019-08-23 02:47:59,690 [grpc-default-executor-6] INFO  client.GrpcClientProtocolClient (GrpcClientProtocolClient.java:onNext(255)) - client-B268B4322F32->17750241-545b-4219-93a1-14a6ea3d85be: receive RaftClientReply:client-B268B4322F32->17750241-545b-4219-93a1-14a6ea3d85be@group-C33FBD9556F2, cid=761, SUCCESS, logIndex=986, commits[17750241-545b-4219-93a1-14a6ea3d85be:c987, 4eaaa090-573e-41d3-9f8c-c99e236d806a:c982, 5f4cf9ee-4bed-49de-adaa-861aec894328:c983]
2019-08-23 02:47:59,690 | INFO  | DNAudit | user=null | ip=null | op=PUT_BLOCK {blockData=[blockId=conID: 3 locID: 102664010306945442 bcsId: 0,size=2097152]} | ret=SUCCESS |  
2019-08-23 02:47:59,691 | INFO  | DNAudit | user=null | ip=null | op=WRITE_CHUNK {blockData=conID: 3 locID: 102664010306945442 bcsId: 0} | ret=SUCCESS |  
2019-08-23 02:47:59,691 | INFO  | DNAudit | user=null | ip=null | op=PUT_BLOCK {blockData=[blockId=conID: 3 locID: 102664010306945442 bcsId: 0,size=2097152]} | ret=SUCCESS |  
2019-08-23 02:47:59,692 [grpc-default-executor-6] INFO  client.GrpcClientProtocolClient (GrpcClientProtocolClient.java:onNext(255)) - client-B268B4322F32->17750241-545b-4219-93a1-14a6ea3d85be: receive RaftClientReply:client-B268B4322F32->17750241-545b-4219-93a1-14a6ea3d85be@group-C33FBD9556F2, cid=762, SUCCESS, logIndex=0, commits[17750241-545b-4219-93a1-14a6ea3d85be:c990, 4eaaa090-573e-41d3-9f8c-c99e236d806a:c986, 5f4cf9ee-4bed-49de-adaa-861aec894328:c986]
2019-08-23 02:47:59,699 | INFO  | DNAudit | user=null | ip=null | op=WRITE_CHUNK {blockData=conID: 3 locID: 102664010306945442 bcsId: 986} | ret=SUCCESS |  
2019-08-23 02:47:59,702 | INFO  | DNAudit | user=null | ip=null | op=WRITE_CHUNK {blockData=conID: 3 locID: 102664010306945442 bcsId: 986} | ret=SUCCESS |  
2019-08-23 02:47:59,702 | INFO  | DNAudit | user=null | ip=null | op=WRITE_CHUNK {blockData=conID: 3 locID: 102664010306945442 bcsId: 986} | ret=SUCCESS |  
2019-08-23 02:47:59,710 | INFO  | SCMAudit | user=jenkins1000 | ip=192.168.34.22 | op=SEND_HEARTBEAT {datanodeUUID=66ab6a68-e61f-4535-ab2f-12fe560929ed, command=[]} | ret=SUCCESS |  
2019-08-23 02:47:59,712 | INFO  | DNAudit | user=null | ip=null | op=WRITE_CHUNK {blockData=conID: 3 locID: 102664010306945442 bcsId: 986} | ret=SUCCESS |  
2019-08-23 02:47:59,712 | INFO  | DNAudit | user=null | ip=null | op=PUT_BLOCK {blockData=[blockId=conID: 3 locID: 102664010306945442 bcsId: 0,size=3145728]} | ret=SUCCESS |  
2019-08-23 02:47:59,713 [grpc-default-executor-4] INFO  client.GrpcClientProtocolClient (GrpcClientProtocolClient.java:onNext(255)) - client-B268B4322F32->17750241-545b-4219-93a1-14a6ea3d85be: receive RaftClientReply:client-B268B4322F32->17750241-545b-4219-93a1-14a6ea3d85be@group-C33FBD9556F2, cid=763, SUCCESS, logIndex=991, commits[17750241-545b-4219-93a1-14a6ea3d85be:c991, 4eaaa090-573e-41d3-9f8c-c99e236d806a:c990, 5f4cf9ee-4bed-49de-adaa-861aec894328:c990]
2019-08-23 02:47:59,713 [grpc-default-executor-4] INFO  client.GrpcClientProtocolClient (GrpcClientProtocolClient.java:onNext(255)) - client-B268B4322F32->17750241-545b-4219-93a1-14a6ea3d85be: receive RaftClientReply:client-B268B4322F32->17750241-545b-4219-93a1-14a6ea3d85be@group-C33FBD9556F2, cid=764, SUCCESS, logIndex=992, commits[17750241-545b-4219-93a1-14a6ea3d85be:c992, 4eaaa090-573e-41d3-9f8c-c99e236d806a:c990, 5f4cf9ee-4bed-49de-adaa-861aec894328:c990]
2019-08-23 02:47:59,720 | INFO  | DNAudit | user=null | ip=null | op=WRITE_CHUNK {blockData=conID: 3 locID: 102664010306945442 bcsId: 992} | ret=SUCCESS |  
2019-08-23 02:47:59,723 | INFO  | DNAudit | user=null | ip=null | op=WRITE_CHUNK {blockData=conID: 3 locID: 102664010306945442 bcsId: 992} | ret=SUCCESS |  
2019-08-23 02:47:59,724 | INFO  | DNAudit | user=null | ip=null | op=WRITE_CHUNK {blockData=conID: 3 locID: 102664010306945442 bcsId: 986} | ret=SUCCESS |  
2019-08-23 02:47:59,724 | INFO  | DNAudit | user=null | ip=null | op=WRITE_CHUNK {blockData=conID: 3 locID: 102664010306945442 bcsId: 986} | ret=SUCCESS |  
2019-08-23 02:47:59,724 | INFO  | DNAudit | user=null | ip=null | op=WRITE_CHUNK {blockData=conID: 3 locID: 102664010306945442 bcsId: 992} | ret=SUCCESS |  
2019-08-23 02:47:59,725 | INFO  | DNAudit | user=null | ip=null | op=PUT_BLOCK {blockData=[blockId=conID: 3 locID: 102664010306945442 bcsId: 0,size=3145728]} | ret=SUCCESS |  
2019-08-23 02:47:59,725 | INFO  | DNAudit | user=null | ip=null | op=WRITE_CHUNK {blockData=conID: 3 locID: 102664010306945442 bcsId: 992} | ret=SUCCESS |  
2019-08-23 02:47:59,725 | INFO  | DNAudit | user=null | ip=null | op=PUT_BLOCK {blockData=[blockId=conID: 3 locID: 102664010306945442 bcsId: 0,size=3145728]} | ret=SUCCESS |  
2019-08-23 02:47:59,726 | INFO  | DNAudit | user=null | ip=null | op=PUT_BLOCK {blockData=[blockId=conID: 3 locID: 102664010306945442 bcsId: 0,size=4194304]} | ret=SUCCESS |  
2019-08-23 02:47:59,726 [grpc-default-executor-6] INFO  client.GrpcClientProtocolClient (GrpcClientProtocolClient.java:onNext(255)) - client-B268B4322F32->17750241-545b-4219-93a1-14a6ea3d85be: receive RaftClientReply:client-B268B4322F32->17750241-545b-4219-93a1-14a6ea3d85be@group-C33FBD9556F2, cid=765, SUCCESS, logIndex=995, commits[17750241-545b-4219-93a1-14a6ea3d85be:c996, 4eaaa090-573e-41d3-9f8c-c99e236d806a:c992, 5f4cf9ee-4bed-49de-adaa-861aec894328:c992]
2019-08-23 02:47:59,726 [grpc-default-executor-6] INFO  client.GrpcClientProtocolClient (GrpcClientProtocolClient.java:onNext(255)) - client-B268B4322F32->17750241-545b-4219-93a1-14a6ea3d85be: receive RaftClientReply:client-B268B4322F32->17750241-545b-4219-93a1-14a6ea3d85be@group-C33FBD9556F2, cid=766, SUCCESS, logIndex=996, commits[17750241-545b-4219-93a1-14a6ea3d85be:c996, 4eaaa090-573e-41d3-9f8c-c99e236d806a:c992, 5f4cf9ee-4bed-49de-adaa-861aec894328:c992]
2019-08-23 02:47:59,737 | INFO  | DNAudit | user=null | ip=null | op=WRITE_CHUNK {blockData=conID: 3 locID: 102664010306945442 bcsId: 992} | ret=SUCCESS |  
2019-08-23 02:47:59,738 | INFO  | DNAudit | user=null | ip=null | op=PUT_BLOCK {blockData=[blockId=conID: 3 locID: 102664010306945442 bcsId: 0,size=4194304]} | ret=SUCCESS |  
2019-08-23 02:47:59,738 | INFO  | DNAudit | user=null | ip=null | op=WRITE_CHUNK {blockData=conID: 3 locID: 102664010306945442 bcsId: 992} | ret=SUCCESS |  
2019-08-23 02:47:59,738 | INFO  | DNAudit | user=null | ip=null | op=PUT_BLOCK {blockData=[blockId=conID: 3 locID: 102664010306945442 bcsId: 0,size=4194304]} | ret=SUCCESS |  
2019-08-23 02:47:59,738 [grpc-default-executor-6] INFO  client.GrpcClientProtocolClient (GrpcClientProtocolClient.java:onNext(255)) - client-B268B4322F32->17750241-545b-4219-93a1-14a6ea3d85be: receive RaftClientReply:client-B268B4322F32->17750241-545b-4219-93a1-14a6ea3d85be@group-C33FBD9556F2, cid=767, SUCCESS, logIndex=0, commits[17750241-545b-4219-93a1-14a6ea3d85be:c997, 4eaaa090-573e-41d3-9f8c-c99e236d806a:c996, 5f4cf9ee-4bed-49de-adaa-861aec894328:c996]
2019-08-23 02:47:59,746 | INFO  | DNAudit | user=null | ip=null | op=WRITE_CHUNK {blockData=conID: 1 locID: 102664010306945443 bcsId: 0} | ret=SUCCESS |  
2019-08-23 02:47:59,750 | INFO  | DNAudit | user=null | ip=null | op=WRITE_CHUNK {blockData=conID: 1 locID: 102664010306945443 bcsId: 0} | ret=SUCCESS |  
2019-08-23 02:47:59,750 | INFO  | DNAudit | user=null | ip=null | op=WRITE_CHUNK {blockData=conID: 1 locID: 102664010306945443 bcsId: 0} | ret=SUCCESS |  
2019-08-23 02:47:59,751 | INFO  | DNAudit | user=null | ip=null | op=WRITE_CHUNK {blockData=conID: 1 locID: 102664010306945443 bcsId: 0} | ret=SUCCESS |  
2019-08-23 02:47:59,753 | INFO  | DNAudit | user=null | ip=null | op=WRITE_CHUNK {blockData=conID: 1 locID: 102664010306945443 bcsId: 0} | ret=SUCCESS |  
2019-08-23 02:47:59,753 | INFO  | DNAudit | user=null | ip=null | op=WRITE_CHUNK {blockData=conID: 1 locID: 102664010306945443 bcsId: 0} | ret=SUCCESS |  
2019-08-23 02:47:59,759 | INFO  | DNAudit | user=null | ip=null | op=WRITE_CHUNK {blockData=conID: 1 locID: 102664010306945443 bcsId: 0} | ret=SUCCESS |  
2019-08-23 02:47:59,759 | INFO  | DNAudit | user=null | ip=null | op=PUT_BLOCK {blockData=[blockId=conID: 1 locID: 102664010306945443 bcsId: 0,size=1048576]} | ret=SUCCESS |  
2019-08-23 02:47:59,760 | INFO  | DNAudit | user=null | ip=null | op=WRITE_CHUNK {blockData=conID: 1 locID: 102664010306945443 bcsId: 0} | ret=SUCCESS |  
2019-08-23 02:47:59,760 [grpc-default-executor-6] INFO  client.GrpcClientProtocolClient (GrpcClientProtocolClient.java:onNext(255)) - client-B268B4322F32->17750241-545b-4219-93a1-14a6ea3d85be: receive RaftClientReply:client-B268B4322F32->17750241-545b-4219-93a1-14a6ea3d85be@group-C33FBD9556F2, cid=768, SUCCESS, logIndex=999, commits[17750241-545b-4219-93a1-14a6ea3d85be:c1000, 4eaaa090-573e-41d3-9f8c-c99e236d806a:c998, 5f4cf9ee-4bed-49de-adaa-861aec894328:c998]
2019-08-23 02:47:59,760 | INFO  | DNAudit | user=null | ip=null | op=PUT_BLOCK {blockData=[blockId=conID: 1 locID: 102664010306945443 bcsId: 0,size=2097152]} | ret=SUCCESS |  
2019-08-23 02:47:59,761 | INFO  | DNAudit | user=null | ip=null | op=WRITE_CHUNK {blockData=conID: 1 locID: 102664010306945443 bcsId: 0} | ret=SUCCESS |  
2019-08-23 02:47:59,761 | INFO  | DNAudit | user=null | ip=null | op=PUT_BLOCK {blockData=[blockId=conID: 1 locID: 102664010306945443 bcsId: 0,size=1048576]} | ret=SUCCESS |  
2019-08-23 02:47:59,761 [grpc-default-executor-4] INFO  client.GrpcClientProtocolClient (GrpcClientProtocolClient.java:onNext(255)) - client-B268B4322F32->17750241-545b-4219-93a1-14a6ea3d85be: receive RaftClientReply:client-B268B4322F32->17750241-545b-4219-93a1-14a6ea3d85be@group-C33FBD9556F2, cid=769, SUCCESS, logIndex=1000, commits[17750241-545b-4219-93a1-14a6ea3d85be:c1000, 4eaaa090-573e-41d3-9f8c-c99e236d806a:c998, 5f4cf9ee-4bed-49de-adaa-861aec894328:c998]
2019-08-23 02:47:59,761 | INFO  | DNAudit | user=null | ip=null | op=WRITE_CHUNK {blockData=conID: 1 locID: 102664010306945443 bcsId: 0} | ret=SUCCESS |  
2019-08-23 02:47:59,761 [grpc-default-executor-4] INFO  client.GrpcClientProtocolClient (GrpcClientProtocolClient.java:onNext(255)) - client-B268B4322F32->17750241-545b-4219-93a1-14a6ea3d85be: receive RaftClientReply:client-B268B4322F32->17750241-545b-4219-93a1-14a6ea3d85be@group-C33FBD9556F2, cid=770, SUCCESS, logIndex=1001, commits[17750241-545b-4219-93a1-14a6ea3d85be:c1002, 4eaaa090-573e-41d3-9f8c-c99e236d806a:c998, 5f4cf9ee-4bed-49de-adaa-861aec894328:c998]
2019-08-23 02:47:59,762 | INFO  | DNAudit | user=null | ip=null | op=PUT_BLOCK {blockData=[blockId=conID: 1 locID: 102664010306945443 bcsId: 0,size=1048576]} | ret=SUCCESS |  
2019-08-23 02:47:59,762 [grpc-default-executor-4] INFO  client.GrpcClientProtocolClient (GrpcClientProtocolClient.java:onNext(255)) - client-B268B4322F32->17750241-545b-4219-93a1-14a6ea3d85be: receive RaftClientReply:client-B268B4322F32->17750241-545b-4219-93a1-14a6ea3d85be@group-C33FBD9556F2, cid=771, SUCCESS, logIndex=1002, commits[17750241-545b-4219-93a1-14a6ea3d85be:c1002, 4eaaa090-573e-41d3-9f8c-c99e236d806a:c998, 5f4cf9ee-4bed-49de-adaa-861aec894328:c998]
2019-08-23 02:47:59,762 | INFO  | DNAudit | user=null | ip=null | op=WRITE_CHUNK {blockData=conID: 1 locID: 102664010306945443 bcsId: 0} | ret=SUCCESS |  
2019-08-23 02:47:59,762 | INFO  | DNAudit | user=null | ip=null | op=PUT_BLOCK {blockData=[blockId=conID: 1 locID: 102664010306945443 bcsId: 0,size=2097152]} | ret=SUCCESS |  
2019-08-23 02:47:59,762 | INFO  | DNAudit | user=null | ip=null | op=WRITE_CHUNK {blockData=conID: 1 locID: 102664010306945443 bcsId: 0} | ret=SUCCESS |  
2019-08-23 02:47:59,763 | INFO  | DNAudit | user=null | ip=null | op=PUT_BLOCK {blockData=[blockId=conID: 1 locID: 102664010306945443 bcsId: 0,size=2097152]} | ret=SUCCESS |  
2019-08-23 02:47:59,763 [grpc-default-executor-6] INFO  client.GrpcClientProtocolClient (GrpcClientProtocolClient.java:onNext(255)) - client-B268B4322F32->17750241-545b-4219-93a1-14a6ea3d85be: receive RaftClientReply:client-B268B4322F32->17750241-545b-4219-93a1-14a6ea3d85be@group-C33FBD9556F2, cid=772, SUCCESS, logIndex=0, commits[17750241-545b-4219-93a1-14a6ea3d85be:c1006, 4eaaa090-573e-41d3-9f8c-c99e236d806a:c1002, 5f4cf9ee-4bed-49de-adaa-861aec894328:c1002]
2019-08-23 02:47:59,771 | INFO  | DNAudit | user=null | ip=null | op=WRITE_CHUNK {blockData=conID: 1 locID: 102664010306945443 bcsId: 1002} | ret=SUCCESS |  
2019-08-23 02:47:59,774 | INFO  | DNAudit | user=null | ip=null | op=WRITE_CHUNK {blockData=conID: 1 locID: 102664010306945443 bcsId: 1002} | ret=SUCCESS |  
2019-08-23 02:47:59,774 | INFO  | DNAudit | user=null | ip=null | op=WRITE_CHUNK {blockData=conID: 1 locID: 102664010306945443 bcsId: 1002} | ret=SUCCESS |  
2019-08-23 02:47:59,783 | INFO  | DNAudit | user=null | ip=null | op=WRITE_CHUNK {blockData=conID: 1 locID: 102664010306945443 bcsId: 1002} | ret=SUCCESS |  
2019-08-23 02:47:59,783 | INFO  | DNAudit | user=null | ip=null | op=PUT_BLOCK {blockData=[blockId=conID: 1 locID: 102664010306945443 bcsId: 0,size=3145728]} | ret=SUCCESS |  
2019-08-23 02:47:59,784 [grpc-default-executor-6] INFO  client.GrpcClientProtocolClient (GrpcClientProtocolClient.java:onNext(255)) - client-B268B4322F32->17750241-545b-4219-93a1-14a6ea3d85be: receive RaftClientReply:client-B268B4322F32->17750241-545b-4219-93a1-14a6ea3d85be@group-C33FBD9556F2, cid=773, SUCCESS, logIndex=1007, commits[17750241-545b-4219-93a1-14a6ea3d85be:c1008, 4eaaa090-573e-41d3-9f8c-c99e236d806a:c1006, 5f4cf9ee-4bed-49de-adaa-861aec894328:c1006]
2019-08-23 02:47:59,784 [grpc-default-executor-6] INFO  client.GrpcClientProtocolClient (GrpcClientProtocolClient.java:onNext(255)) - client-B268B4322F32->17750241-545b-4219-93a1-14a6ea3d85be: receive RaftClientReply:client-B268B4322F32->17750241-545b-4219-93a1-14a6ea3d85be@group-C33FBD9556F2, cid=774, SUCCESS, logIndex=1008, commits[17750241-545b-4219-93a1-14a6ea3d85be:c1008, 4eaaa090-573e-41d3-9f8c-c99e236d806a:c1006, 5f4cf9ee-4bed-49de-adaa-861aec894328:c1006]
2019-08-23 02:47:59,792 | INFO  | SCMAudit | user=jenkins1000 | ip=192.168.34.22 | op=SEND_HEARTBEAT {datanodeUUID=0cedf437-a8af-4d70-bac5-ea9863093e86, command=[]} | ret=SUCCESS |  
2019-08-23 02:47:59,792 | INFO  | DNAudit | user=null | ip=null | op=WRITE_CHUNK {blockData=conID: 1 locID: 102664010306945443 bcsId: 1008} | ret=SUCCESS |  
2019-08-23 02:47:59,794 | INFO  | DNAudit | user=null | ip=null | op=WRITE_CHUNK {blockData=conID: 1 locID: 102664010306945443 bcsId: 1002} | ret=SUCCESS |  
2019-08-23 02:47:59,795 | INFO  | DNAudit | user=null | ip=null | op=WRITE_CHUNK {blockData=conID: 1 locID: 102664010306945443 bcsId: 1002} | ret=SUCCESS |  
2019-08-23 02:47:59,795 | INFO  | DNAudit | user=null | ip=null | op=WRITE_CHUNK {blockData=conID: 1 locID: 102664010306945443 bcsId: 1008} | ret=SUCCESS |  
2019-08-23 02:47:59,796 | INFO  | DNAudit | user=null | ip=null | op=WRITE_CHUNK {blockData=conID: 1 locID: 102664010306945443 bcsId: 1008} | ret=SUCCESS |  
2019-08-23 02:47:59,806 | INFO  | DNAudit | user=null | ip=null | op=PUT_BLOCK {blockData=[blockId=conID: 1 locID: 102664010306945443 bcsId: 0,size=3145728]} | ret=SUCCESS |  
2019-08-23 02:47:59,807 | INFO  | DNAudit | user=null | ip=null | op=PUT_BLOCK {blockData=[blockId=conID: 1 locID: 102664010306945443 bcsId: 0,size=3145728]} | ret=SUCCESS |  
2019-08-23 02:47:59,807 | INFO  | DNAudit | user=null | ip=null | op=WRITE_CHUNK {blockData=conID: 1 locID: 102664010306945443 bcsId: 1008} | ret=SUCCESS |  
2019-08-23 02:47:59,807 | INFO  | DNAudit | user=null | ip=null | op=PUT_BLOCK {blockData=[blockId=conID: 1 locID: 102664010306945443 bcsId: 0,size=4194304]} | ret=SUCCESS |  
2019-08-23 02:47:59,808 [grpc-default-executor-6] INFO  client.GrpcClientProtocolClient (GrpcClientProtocolClient.java:onNext(255)) - client-B268B4322F32->17750241-545b-4219-93a1-14a6ea3d85be: receive RaftClientReply:client-B268B4322F32->17750241-545b-4219-93a1-14a6ea3d85be@group-C33FBD9556F2, cid=775, SUCCESS, logIndex=1011, commits[17750241-545b-4219-93a1-14a6ea3d85be:c1012, 4eaaa090-573e-41d3-9f8c-c99e236d806a:c1008, 5f4cf9ee-4bed-49de-adaa-861aec894328:c1008]
2019-08-23 02:47:59,808 | INFO  | DNAudit | user=null | ip=null | op=WRITE_CHUNK {blockData=conID: 1 locID: 102664010306945443 bcsId: 1008} | ret=SUCCESS |  
2019-08-23 02:47:59,808 [grpc-default-executor-6] INFO  client.GrpcClientProtocolClient (GrpcClientProtocolClient.java:onNext(255)) - client-B268B4322F32->17750241-545b-4219-93a1-14a6ea3d85be: receive RaftClientReply:client-B268B4322F32->17750241-545b-4219-93a1-14a6ea3d85be@group-C33FBD9556F2, cid=776, SUCCESS, logIndex=1012, commits[17750241-545b-4219-93a1-14a6ea3d85be:c1012, 4eaaa090-573e-41d3-9f8c-c99e236d806a:c1008, 5f4cf9ee-4bed-49de-adaa-861aec894328:c1008]
2019-08-23 02:47:59,808 | INFO  | DNAudit | user=null | ip=null | op=WRITE_CHUNK {blockData=conID: 1 locID: 102664010306945443 bcsId: 1008} | ret=SUCCESS |  
2019-08-23 02:47:59,809 | INFO  | DNAudit | user=null | ip=null | op=PUT_BLOCK {blockData=[blockId=conID: 1 locID: 102664010306945443 bcsId: 0,size=4194304]} | ret=SUCCESS |  
2019-08-23 02:47:59,809 | INFO  | DNAudit | user=null | ip=null | op=PUT_BLOCK {blockData=[blockId=conID: 1 locID: 102664010306945443 bcsId: 0,size=4194304]} | ret=SUCCESS |  
2019-08-23 02:47:59,810 [grpc-default-executor-6] INFO  client.GrpcClientProtocolClient (GrpcClientProtocolClient.java:onNext(255)) - client-B268B4322F32->17750241-545b-4219-93a1-14a6ea3d85be: receive RaftClientReply:client-B268B4322F32->17750241-545b-4219-93a1-14a6ea3d85be@group-C33FBD9556F2, cid=777, SUCCESS, logIndex=0, commits[17750241-545b-4219-93a1-14a6ea3d85be:c1014, 4eaaa090-573e-41d3-9f8c-c99e236d806a:c1012, 5f4cf9ee-4bed-49de-adaa-861aec894328:c1012]
2019-08-23 02:47:59,818 | INFO  | DNAudit | user=null | ip=null | op=WRITE_CHUNK {blockData=conID: 2 locID: 102664010306945444 bcsId: 0} | ret=SUCCESS |  
2019-08-23 02:47:59,822 | INFO  | DNAudit | user=null | ip=null | op=WRITE_CHUNK {blockData=conID: 2 locID: 102664010306945444 bcsId: 0} | ret=SUCCESS |  
2019-08-23 02:47:59,822 | INFO  | DNAudit | user=null | ip=null | op=WRITE_CHUNK {blockData=conID: 2 locID: 102664010306945444 bcsId: 0} | ret=SUCCESS |  
2019-08-23 02:47:59,823 | INFO  | DNAudit | user=null | ip=null | op=WRITE_CHUNK {blockData=conID: 2 locID: 102664010306945444 bcsId: 0} | ret=SUCCESS |  
2019-08-23 02:47:59,825 | INFO  | DNAudit | user=null | ip=null | op=WRITE_CHUNK {blockData=conID: 2 locID: 102664010306945444 bcsId: 0} | ret=SUCCESS |  
2019-08-23 02:47:59,825 | INFO  | DNAudit | user=null | ip=null | op=WRITE_CHUNK {blockData=conID: 2 locID: 102664010306945444 bcsId: 0} | ret=SUCCESS |  
2019-08-23 02:47:59,831 | INFO  | DNAudit | user=null | ip=null | op=WRITE_CHUNK {blockData=conID: 2 locID: 102664010306945444 bcsId: 0} | ret=SUCCESS |  
2019-08-23 02:47:59,831 | INFO  | DNAudit | user=null | ip=null | op=PUT_BLOCK {blockData=[blockId=conID: 2 locID: 102664010306945444 bcsId: 0,size=1048576]} | ret=SUCCESS |  
2019-08-23 02:47:59,832 [grpc-default-executor-4] INFO  client.GrpcClientProtocolClient (GrpcClientProtocolClient.java:onNext(255)) - client-B268B4322F32->17750241-545b-4219-93a1-14a6ea3d85be: receive RaftClientReply:client-B268B4322F32->17750241-545b-4219-93a1-14a6ea3d85be@group-C33FBD9556F2, cid=778, SUCCESS, logIndex=1015, commits[17750241-545b-4219-93a1-14a6ea3d85be:c1016, 4eaaa090-573e-41d3-9f8c-c99e236d806a:c1014, 5f4cf9ee-4bed-49de-adaa-861aec894328:c1014]
2019-08-23 02:47:59,832 | INFO  | DNAudit | user=null | ip=null | op=WRITE_CHUNK {blockData=conID: 2 locID: 102664010306945444 bcsId: 0} | ret=SUCCESS |  
2019-08-23 02:47:59,833 | INFO  | DNAudit | user=null | ip=null | op=PUT_BLOCK {blockData=[blockId=conID: 2 locID: 102664010306945444 bcsId: 0,size=2097152]} | ret=SUCCESS |  
2019-08-23 02:47:59,833 [grpc-default-executor-6] INFO  client.GrpcClientProtocolClient (GrpcClientProtocolClient.java:onNext(255)) - client-B268B4322F32->17750241-545b-4219-93a1-14a6ea3d85be: receive RaftClientReply:client-B268B4322F32->17750241-545b-4219-93a1-14a6ea3d85be@group-C33FBD9556F2, cid=779, SUCCESS, logIndex=1016, commits[17750241-545b-4219-93a1-14a6ea3d85be:c1016, 4eaaa090-573e-41d3-9f8c-c99e236d806a:c1014, 5f4cf9ee-4bed-49de-adaa-861aec894328:c1014]
2019-08-23 02:47:59,833 [grpc-default-executor-6] INFO  client.GrpcClientProtocolClient (GrpcClientProtocolClient.java:onNext(255)) - client-B268B4322F32->17750241-545b-4219-93a1-14a6ea3d85be: receive RaftClientReply:client-B268B4322F32->17750241-545b-4219-93a1-14a6ea3d85be@group-C33FBD9556F2, cid=780, SUCCESS, logIndex=1017, commits[17750241-545b-4219-93a1-14a6ea3d85be:c1018, 4eaaa090-573e-41d3-9f8c-c99e236d806a:c1014, 5f4cf9ee-4bed-49de-adaa-861aec894328:c1014]
2019-08-23 02:47:59,833 | INFO  | DNAudit | user=null | ip=null | op=WRITE_CHUNK {blockData=conID: 2 locID: 102664010306945444 bcsId: 0} | ret=SUCCESS |  
2019-08-23 02:47:59,833 [grpc-default-executor-6] INFO  client.GrpcClientProtocolClient (GrpcClientProtocolClient.java:onNext(255)) - client-B268B4322F32->17750241-545b-4219-93a1-14a6ea3d85be: receive RaftClientReply:client-B268B4322F32->17750241-545b-4219-93a1-14a6ea3d85be@group-C33FBD9556F2, cid=781, SUCCESS, logIndex=1018, commits[17750241-545b-4219-93a1-14a6ea3d85be:c1018, 4eaaa090-573e-41d3-9f8c-c99e236d806a:c1014, 5f4cf9ee-4bed-49de-adaa-861aec894328:c1014]
2019-08-23 02:47:59,834 | INFO  | DNAudit | user=null | ip=null | op=WRITE_CHUNK {blockData=conID: 2 locID: 102664010306945444 bcsId: 0} | ret=SUCCESS |  
2019-08-23 02:47:59,834 | INFO  | DNAudit | user=null | ip=null | op=PUT_BLOCK {blockData=[blockId=conID: 2 locID: 102664010306945444 bcsId: 0,size=1048576]} | ret=SUCCESS |  
2019-08-23 02:47:59,834 | INFO  | DNAudit | user=null | ip=null | op=PUT_BLOCK {blockData=[blockId=conID: 2 locID: 102664010306945444 bcsId: 0,size=1048576]} | ret=SUCCESS |  
2019-08-23 02:47:59,834 | INFO  | DNAudit | user=null | ip=null | op=WRITE_CHUNK {blockData=conID: 2 locID: 102664010306945444 bcsId: 0} | ret=SUCCESS |  
2019-08-23 02:47:59,835 | INFO  | DNAudit | user=null | ip=null | op=PUT_BLOCK {blockData=[blockId=conID: 2 locID: 102664010306945444 bcsId: 0,size=2097152]} | ret=SUCCESS |  
2019-08-23 02:47:59,835 | INFO  | DNAudit | user=null | ip=null | op=WRITE_CHUNK {blockData=conID: 2 locID: 102664010306945444 bcsId: 0} | ret=SUCCESS |  
2019-08-23 02:47:59,835 [grpc-default-executor-6] INFO  client.GrpcClientProtocolClient (GrpcClientProtocolClient.java:onNext(255)) - client-B268B4322F32->17750241-545b-4219-93a1-14a6ea3d85be: receive RaftClientReply:client-B268B4322F32->17750241-545b-4219-93a1-14a6ea3d85be@group-C33FBD9556F2, cid=782, SUCCESS, logIndex=0, commits[17750241-545b-4219-93a1-14a6ea3d85be:c1020, 4eaaa090-573e-41d3-9f8c-c99e236d806a:c1016, 5f4cf9ee-4bed-49de-adaa-861aec894328:c1017]
2019-08-23 02:47:59,835 | INFO  | DNAudit | user=null | ip=null | op=PUT_BLOCK {blockData=[blockId=conID: 2 locID: 102664010306945444 bcsId: 0,size=2097152]} | ret=SUCCESS |  
2019-08-23 02:47:59,842 | INFO  | DNAudit | user=null | ip=null | op=WRITE_CHUNK {blockData=conID: 2 locID: 102664010306945444 bcsId: 1018} | ret=SUCCESS |  
2019-08-23 02:47:59,845 | INFO  | DNAudit | user=null | ip=null | op=WRITE_CHUNK {blockData=conID: 2 locID: 102664010306945444 bcsId: 1018} | ret=SUCCESS |  
2019-08-23 02:47:59,845 | INFO  | DNAudit | user=null | ip=null | op=WRITE_CHUNK {blockData=conID: 2 locID: 102664010306945444 bcsId: 1018} | ret=SUCCESS |  
2019-08-23 02:47:59,855 | INFO  | DNAudit | user=null | ip=null | op=WRITE_CHUNK {blockData=conID: 2 locID: 102664010306945444 bcsId: 1018} | ret=SUCCESS |  
2019-08-23 02:47:59,856 | INFO  | DNAudit | user=null | ip=null | op=PUT_BLOCK {blockData=[blockId=conID: 2 locID: 102664010306945444 bcsId: 0,size=3145728]} | ret=SUCCESS |  
2019-08-23 02:47:59,856 [grpc-default-executor-4] INFO  client.GrpcClientProtocolClient (GrpcClientProtocolClient.java:onNext(255)) - client-B268B4322F32->17750241-545b-4219-93a1-14a6ea3d85be: receive RaftClientReply:client-B268B4322F32->17750241-545b-4219-93a1-14a6ea3d85be@group-C33FBD9556F2, cid=783, SUCCESS, logIndex=1023, commits[17750241-545b-4219-93a1-14a6ea3d85be:c1024, 4eaaa090-573e-41d3-9f8c-c99e236d806a:c1022, 5f4cf9ee-4bed-49de-adaa-861aec894328:c1022]
2019-08-23 02:47:59,856 [grpc-default-executor-4] INFO  client.GrpcClientProtocolClient (GrpcClientProtocolClient.java:onNext(255)) - client-B268B4322F32->17750241-545b-4219-93a1-14a6ea3d85be: receive RaftClientReply:client-B268B4322F32->17750241-545b-4219-93a1-14a6ea3d85be@group-C33FBD9556F2, cid=784, SUCCESS, logIndex=1024, commits[17750241-545b-4219-93a1-14a6ea3d85be:c1024, 4eaaa090-573e-41d3-9f8c-c99e236d806a:c1022, 5f4cf9ee-4bed-49de-adaa-861aec894328:c1022]
2019-08-23 02:47:59,857 | INFO  | DNAudit | user=null | ip=null | op=WRITE_CHUNK {blockData=conID: 2 locID: 102664010306945444 bcsId: 1018} | ret=SUCCESS |  
2019-08-23 02:47:59,857 | INFO  | DNAudit | user=null | ip=null | op=WRITE_CHUNK {blockData=conID: 2 locID: 102664010306945444 bcsId: 1018} | ret=SUCCESS |  
2019-08-23 02:47:59,858 | INFO  | DNAudit | user=null | ip=null | op=PUT_BLOCK {blockData=[blockId=conID: 2 locID: 102664010306945444 bcsId: 0,size=3145728]} | ret=SUCCESS |  
2019-08-23 02:47:59,858 | INFO  | DNAudit | user=null | ip=null | op=PUT_BLOCK {blockData=[blockId=conID: 2 locID: 102664010306945444 bcsId: 0,size=3145728]} | ret=SUCCESS |  
2019-08-23 02:47:59,864 | INFO  | DNAudit | user=null | ip=null | op=WRITE_CHUNK {blockData=conID: 2 locID: 102664010306945444 bcsId: 1024} | ret=SUCCESS |  
2019-08-23 02:47:59,867 | INFO  | DNAudit | user=null | ip=null | op=WRITE_CHUNK {blockData=conID: 2 locID: 102664010306945444 bcsId: 1024} | ret=SUCCESS |  
2019-08-23 02:47:59,868 | INFO  | DNAudit | user=null | ip=null | op=WRITE_CHUNK {blockData=conID: 2 locID: 102664010306945444 bcsId: 1024} | ret=SUCCESS |  
2019-08-23 02:47:59,878 | INFO  | DNAudit | user=null | ip=null | op=WRITE_CHUNK {blockData=conID: 2 locID: 102664010306945444 bcsId: 1024} | ret=SUCCESS |  
2019-08-23 02:47:59,879 | INFO  | DNAudit | user=null | ip=null | op=PUT_BLOCK {blockData=[blockId=conID: 2 locID: 102664010306945444 bcsId: 0,size=4194304]} | ret=SUCCESS |  
2019-08-23 02:47:59,879 [grpc-default-executor-2] INFO  client.GrpcClientProtocolClient (GrpcClientProtocolClient.java:onNext(255)) - client-B268B4322F32->17750241-545b-4219-93a1-14a6ea3d85be: receive RaftClientReply:client-B268B4322F32->17750241-545b-4219-93a1-14a6ea3d85be@group-C33FBD9556F2, cid=785, SUCCESS, logIndex=1027, commits[17750241-545b-4219-93a1-14a6ea3d85be:c1028, 4eaaa090-573e-41d3-9f8c-c99e236d806a:c1026, 5f4cf9ee-4bed-49de-adaa-861aec894328:c1026]
2019-08-23 02:47:59,879 [grpc-default-executor-2] INFO  client.GrpcClientProtocolClient (GrpcClientProtocolClient.java:onNext(255)) - client-B268B4322F32->17750241-545b-4219-93a1-14a6ea3d85be: receive RaftClientReply:client-B268B4322F32->17750241-545b-4219-93a1-14a6ea3d85be@group-C33FBD9556F2, cid=786, SUCCESS, logIndex=1028, commits[17750241-545b-4219-93a1-14a6ea3d85be:c1028, 4eaaa090-573e-41d3-9f8c-c99e236d806a:c1026, 5f4cf9ee-4bed-49de-adaa-861aec894328:c1026]
2019-08-23 02:47:59,888 | INFO  | DNAudit | user=null | ip=null | op=WRITE_CHUNK {blockData=conID: 2 locID: 102664010306945444 bcsId: 1024} | ret=SUCCESS |  
2019-08-23 02:47:59,888 | INFO  | DNAudit | user=null | ip=null | op=WRITE_CHUNK {blockData=conID: 2 locID: 102664010306945444 bcsId: 1024} | ret=SUCCESS |  
2019-08-23 02:47:59,890 | INFO  | DNAudit | user=null | ip=null | op=PUT_BLOCK {blockData=[blockId=conID: 2 locID: 102664010306945444 bcsId: 0,size=4194304]} | ret=SUCCESS |  
2019-08-23 02:47:59,890 | INFO  | DNAudit | user=null | ip=null | op=PUT_BLOCK {blockData=[blockId=conID: 2 locID: 102664010306945444 bcsId: 0,size=4194304]} | ret=SUCCESS |  
2019-08-23 02:47:59,891 [grpc-default-executor-2] INFO  client.GrpcClientProtocolClient (GrpcClientProtocolClient.java:onNext(255)) - client-B268B4322F32->17750241-545b-4219-93a1-14a6ea3d85be: receive RaftClientReply:client-B268B4322F32->17750241-545b-4219-93a1-14a6ea3d85be@group-C33FBD9556F2, cid=787, SUCCESS, logIndex=0, commits[17750241-545b-4219-93a1-14a6ea3d85be:c1030, 4eaaa090-573e-41d3-9f8c-c99e236d806a:c1028, 5f4cf9ee-4bed-49de-adaa-861aec894328:c1028]
2019-08-23 02:47:59,899 | INFO  | DNAudit | user=null | ip=null | op=WRITE_CHUNK {blockData=conID: 3 locID: 102664010306945445 bcsId: 0} | ret=SUCCESS |  
2019-08-23 02:47:59,900 | INFO  | DNAudit | user=null | ip=null | op=WRITE_CHUNK {blockData=conID: 3 locID: 102664010306945445 bcsId: 0} | ret=SUCCESS |  
2019-08-23 02:47:59,900 | INFO  | DNAudit | user=null | ip=null | op=WRITE_CHUNK {blockData=conID: 3 locID: 102664010306945445 bcsId: 0} | ret=SUCCESS |  
2019-08-23 02:47:59,902 | INFO  | DNAudit | user=null | ip=null | op=WRITE_CHUNK {blockData=conID: 3 locID: 102664010306945445 bcsId: 0} | ret=SUCCESS |  
2019-08-23 02:47:59,903 | INFO  | DNAudit | user=null | ip=null | op=WRITE_CHUNK {blockData=conID: 3 locID: 102664010306945445 bcsId: 0} | ret=SUCCESS |  
2019-08-23 02:47:59,903 | INFO  | DNAudit | user=null | ip=null | op=WRITE_CHUNK {blockData=conID: 3 locID: 102664010306945445 bcsId: 0} | ret=SUCCESS |  
2019-08-23 02:47:59,913 | INFO  | DNAudit | user=null | ip=null | op=WRITE_CHUNK {blockData=conID: 3 locID: 102664010306945445 bcsId: 0} | ret=SUCCESS |  
2019-08-23 02:47:59,914 | INFO  | DNAudit | user=null | ip=null | op=PUT_BLOCK {blockData=[blockId=conID: 3 locID: 102664010306945445 bcsId: 0,size=1048576]} | ret=SUCCESS |  
2019-08-23 02:47:59,914 [grpc-default-executor-6] INFO  client.GrpcClientProtocolClient (GrpcClientProtocolClient.java:onNext(255)) - client-B268B4322F32->17750241-545b-4219-93a1-14a6ea3d85be: receive RaftClientReply:client-B268B4322F32->17750241-545b-4219-93a1-14a6ea3d85be@group-C33FBD9556F2, cid=788, SUCCESS, logIndex=1031, commits[17750241-545b-4219-93a1-14a6ea3d85be:c1032, 4eaaa090-573e-41d3-9f8c-c99e236d806a:c1030, 5f4cf9ee-4bed-49de-adaa-861aec894328:c1030]
2019-08-23 02:47:59,915 | INFO  | DNAudit | user=null | ip=null | op=WRITE_CHUNK {blockData=conID: 3 locID: 102664010306945445 bcsId: 0} | ret=SUCCESS |  
2019-08-23 02:47:59,915 | INFO  | DNAudit | user=null | ip=null | op=PUT_BLOCK {blockData=[blockId=conID: 3 locID: 102664010306945445 bcsId: 0,size=2097152]} | ret=SUCCESS |  
2019-08-23 02:47:59,915 [grpc-default-executor-4] INFO  client.GrpcClientProtocolClient (GrpcClientProtocolClient.java:onNext(255)) - client-B268B4322F32->17750241-545b-4219-93a1-14a6ea3d85be: receive RaftClientReply:client-B268B4322F32->17750241-545b-4219-93a1-14a6ea3d85be@group-C33FBD9556F2, cid=789, SUCCESS, logIndex=1032, commits[17750241-545b-4219-93a1-14a6ea3d85be:c1034, 4eaaa090-573e-41d3-9f8c-c99e236d806a:c1030, 5f4cf9ee-4bed-49de-adaa-861aec894328:c1030]
2019-08-23 02:47:59,915 | INFO  | DNAudit | user=null | ip=null | op=WRITE_CHUNK {blockData=conID: 3 locID: 102664010306945445 bcsId: 0} | ret=SUCCESS |  
2019-08-23 02:47:59,915 [grpc-default-executor-4] INFO  client.GrpcClientProtocolClient (GrpcClientProtocolClient.java:onNext(255)) - client-B268B4322F32->17750241-545b-4219-93a1-14a6ea3d85be: receive RaftClientReply:client-B268B4322F32->17750241-545b-4219-93a1-14a6ea3d85be@group-C33FBD9556F2, cid=790, SUCCESS, logIndex=1033, commits[17750241-545b-4219-93a1-14a6ea3d85be:c1034, 4eaaa090-573e-41d3-9f8c-c99e236d806a:c1030, 5f4cf9ee-4bed-49de-adaa-861aec894328:c1030]
2019-08-23 02:47:59,916 | INFO  | DNAudit | user=null | ip=null | op=PUT_BLOCK {blockData=[blockId=conID: 3 locID: 102664010306945445 bcsId: 0,size=1048576]} | ret=SUCCESS |  
2019-08-23 02:47:59,916 | INFO  | DNAudit | user=null | ip=null | op=WRITE_CHUNK {blockData=conID: 3 locID: 102664010306945445 bcsId: 0} | ret=SUCCESS |  
2019-08-23 02:47:59,916 [grpc-default-executor-6] INFO  client.GrpcClientProtocolClient (GrpcClientProtocolClient.java:onNext(255)) - client-B268B4322F32->17750241-545b-4219-93a1-14a6ea3d85be: receive RaftClientReply:client-B268B4322F32->17750241-545b-4219-93a1-14a6ea3d85be@group-C33FBD9556F2, cid=791, SUCCESS, logIndex=1034, commits[17750241-545b-4219-93a1-14a6ea3d85be:c1034, 4eaaa090-573e-41d3-9f8c-c99e236d806a:c1030, 5f4cf9ee-4bed-49de-adaa-861aec894328:c1030]
2019-08-23 02:47:59,916 | INFO  | DNAudit | user=null | ip=null | op=PUT_BLOCK {blockData=[blockId=conID: 3 locID: 102664010306945445 bcsId: 0,size=1048576]} | ret=SUCCESS |  
2019-08-23 02:47:59,916 | INFO  | DNAudit | user=null | ip=null | op=WRITE_CHUNK {blockData=conID: 3 locID: 102664010306945445 bcsId: 0} | ret=SUCCESS |  
2019-08-23 02:47:59,916 | INFO  | DNAudit | user=null | ip=null | op=WRITE_CHUNK {blockData=conID: 3 locID: 102664010306945445 bcsId: 0} | ret=SUCCESS |  
2019-08-23 02:47:59,917 | INFO  | DNAudit | user=null | ip=null | op=PUT_BLOCK {blockData=[blockId=conID: 3 locID: 102664010306945445 bcsId: 0,size=2097152]} | ret=SUCCESS |  
2019-08-23 02:47:59,917 | INFO  | DNAudit | user=null | ip=null | op=PUT_BLOCK {blockData=[blockId=conID: 3 locID: 102664010306945445 bcsId: 0,size=2097152]} | ret=SUCCESS |  
2019-08-23 02:47:59,917 [grpc-default-executor-4] INFO  client.GrpcClientProtocolClient (GrpcClientProtocolClient.java:onNext(255)) - client-B268B4322F32->17750241-545b-4219-93a1-14a6ea3d85be: receive RaftClientReply:client-B268B4322F32->17750241-545b-4219-93a1-14a6ea3d85be@group-C33FBD9556F2, cid=792, SUCCESS, logIndex=0, commits[17750241-545b-4219-93a1-14a6ea3d85be:c1038, 4eaaa090-573e-41d3-9f8c-c99e236d806a:c1034, 5f4cf9ee-4bed-49de-adaa-861aec894328:c1033]
2019-08-23 02:47:59,923 | INFO  | DNAudit | user=null | ip=null | op=WRITE_CHUNK {blockData=conID: 3 locID: 102664010306945445 bcsId: 1034} | ret=SUCCESS |  
2019-08-23 02:47:59,926 | INFO  | DNAudit | user=null | ip=null | op=WRITE_CHUNK {blockData=conID: 3 locID: 102664010306945445 bcsId: 1034} | ret=SUCCESS |  
2019-08-23 02:47:59,926 | INFO  | DNAudit | user=null | ip=null | op=WRITE_CHUNK {blockData=conID: 3 locID: 102664010306945445 bcsId: 1034} | ret=SUCCESS |  
2019-08-23 02:47:59,937 | INFO  | DNAudit | user=null | ip=null | op=WRITE_CHUNK {blockData=conID: 3 locID: 102664010306945445 bcsId: 1034} | ret=SUCCESS |  
2019-08-23 02:47:59,938 | INFO  | DNAudit | user=null | ip=null | op=PUT_BLOCK {blockData=[blockId=conID: 3 locID: 102664010306945445 bcsId: 0,size=3145728]} | ret=SUCCESS |  
2019-08-23 02:47:59,938 [grpc-default-executor-5] INFO  client.GrpcClientProtocolClient (GrpcClientProtocolClient.java:onNext(255)) - client-B268B4322F32->17750241-545b-4219-93a1-14a6ea3d85be: receive RaftClientReply:client-B268B4322F32->17750241-545b-4219-93a1-14a6ea3d85be@group-C33FBD9556F2, cid=793, SUCCESS, logIndex=1039, commits[17750241-545b-4219-93a1-14a6ea3d85be:c1040, 4eaaa090-573e-41d3-9f8c-c99e236d806a:c1038, 5f4cf9ee-4bed-49de-adaa-861aec894328:c1038]
2019-08-23 02:47:59,939 [grpc-default-executor-5] INFO  client.GrpcClientProtocolClient (GrpcClientProtocolClient.java:onNext(255)) - client-B268B4322F32->17750241-545b-4219-93a1-14a6ea3d85be: receive RaftClientReply:client-B268B4322F32->17750241-545b-4219-93a1-14a6ea3d85be@group-C33FBD9556F2, cid=794, SUCCESS, logIndex=1040, commits[17750241-545b-4219-93a1-14a6ea3d85be:c1040, 4eaaa090-573e-41d3-9f8c-c99e236d806a:c1038, 5f4cf9ee-4bed-49de-adaa-861aec894328:c1038]
2019-08-23 02:47:59,945 | INFO  | DNAudit | user=null | ip=null | op=WRITE_CHUNK {blockData=conID: 3 locID: 102664010306945445 bcsId: 1040} | ret=SUCCESS |  
2019-08-23 02:47:59,948 | INFO  | DNAudit | user=null | ip=null | op=WRITE_CHUNK {blockData=conID: 3 locID: 102664010306945445 bcsId: 1040} | ret=SUCCESS |  
2019-08-23 02:47:59,948 | INFO  | DNAudit | user=null | ip=null | op=WRITE_CHUNK {blockData=conID: 3 locID: 102664010306945445 bcsId: 1040} | ret=SUCCESS |  
2019-08-23 02:47:59,949 | INFO  | DNAudit | user=null | ip=null | op=WRITE_CHUNK {blockData=conID: 3 locID: 102664010306945445 bcsId: 1034} | ret=SUCCESS |  
2019-08-23 02:47:59,949 | INFO  | DNAudit | user=null | ip=null | op=WRITE_CHUNK {blockData=conID: 3 locID: 102664010306945445 bcsId: 1034} | ret=SUCCESS |  
2019-08-23 02:47:59,950 | INFO  | DNAudit | user=null | ip=null | op=PUT_BLOCK {blockData=[blockId=conID: 3 locID: 102664010306945445 bcsId: 0,size=3145728]} | ret=SUCCESS |  
2019-08-23 02:47:59,950 | INFO  | DNAudit | user=null | ip=null | op=PUT_BLOCK {blockData=[blockId=conID: 3 locID: 102664010306945445 bcsId: 0,size=3145728]} | ret=SUCCESS |  
2019-08-23 02:47:59,951 | INFO  | DNAudit | user=null | ip=null | op=WRITE_CHUNK {blockData=conID: 3 locID: 102664010306945445 bcsId: 1040} | ret=SUCCESS |  
2019-08-23 02:47:59,951 | INFO  | DNAudit | user=null | ip=null | op=PUT_BLOCK {blockData=[blockId=conID: 3 locID: 102664010306945445 bcsId: 0,size=4194304]} | ret=SUCCESS |  
2019-08-23 02:47:59,951 [grpc-default-executor-5] INFO  client.GrpcClientProtocolClient (GrpcClientProtocolClient.java:onNext(255)) - client-B268B4322F32->17750241-545b-4219-93a1-14a6ea3d85be: receive RaftClientReply:client-B268B4322F32->17750241-545b-4219-93a1-14a6ea3d85be@group-C33FBD9556F2, cid=795, SUCCESS, logIndex=1043, commits[17750241-545b-4219-93a1-14a6ea3d85be:c1044, 4eaaa090-573e-41d3-9f8c-c99e236d806a:c1040, 5f4cf9ee-4bed-49de-adaa-861aec894328:c1040]
2019-08-23 02:47:59,952 [grpc-default-executor-5] INFO  client.GrpcClientProtocolClient (GrpcClientProtocolClient.java:onNext(255)) - client-B268B4322F32->17750241-545b-4219-93a1-14a6ea3d85be: receive RaftClientReply:client-B268B4322F32->17750241-545b-4219-93a1-14a6ea3d85be@group-C33FBD9556F2, cid=796, SUCCESS, logIndex=1044, commits[17750241-545b-4219-93a1-14a6ea3d85be:c1044, 4eaaa090-573e-41d3-9f8c-c99e236d806a:c1040, 5f4cf9ee-4bed-49de-adaa-861aec894328:c1040]
2019-08-23 02:47:59,962 | INFO  | DNAudit | user=null | ip=null | op=WRITE_CHUNK {blockData=conID: 3 locID: 102664010306945445 bcsId: 1040} | ret=SUCCESS |  
2019-08-23 02:47:59,962 | INFO  | DNAudit | user=null | ip=null | op=WRITE_CHUNK {blockData=conID: 3 locID: 102664010306945445 bcsId: 1040} | ret=SUCCESS |  
2019-08-23 02:47:59,964 | INFO  | DNAudit | user=null | ip=null | op=PUT_BLOCK {blockData=[blockId=conID: 3 locID: 102664010306945445 bcsId: 0,size=4194304]} | ret=SUCCESS |  
2019-08-23 02:47:59,964 | INFO  | DNAudit | user=null | ip=null | op=PUT_BLOCK {blockData=[blockId=conID: 3 locID: 102664010306945445 bcsId: 0,size=4194304]} | ret=SUCCESS |  
2019-08-23 02:47:59,964 [grpc-default-executor-6] INFO  client.GrpcClientProtocolClient (GrpcClientProtocolClient.java:onNext(255)) - client-B268B4322F32->17750241-545b-4219-93a1-14a6ea3d85be: receive RaftClientReply:client-B268B4322F32->17750241-545b-4219-93a1-14a6ea3d85be@group-C33FBD9556F2, cid=797, SUCCESS, logIndex=0, commits[17750241-545b-4219-93a1-14a6ea3d85be:c1046, 4eaaa090-573e-41d3-9f8c-c99e236d806a:c1044, 5f4cf9ee-4bed-49de-adaa-861aec894328:c1044]
2019-08-23 02:47:59,972 | INFO  | DNAudit | user=null | ip=null | op=WRITE_CHUNK {blockData=conID: 1 locID: 102664010306945446 bcsId: 0} | ret=SUCCESS |  
2019-08-23 02:47:59,975 | INFO  | DNAudit | user=null | ip=null | op=WRITE_CHUNK {blockData=conID: 1 locID: 102664010306945446 bcsId: 0} | ret=SUCCESS |  
2019-08-23 02:47:59,975 | INFO  | DNAudit | user=null | ip=null | op=WRITE_CHUNK {blockData=conID: 1 locID: 102664010306945446 bcsId: 0} | ret=SUCCESS |  
2019-08-23 02:47:59,975 | INFO  | DNAudit | user=null | ip=null | op=WRITE_CHUNK {blockData=conID: 1 locID: 102664010306945446 bcsId: 0} | ret=SUCCESS |  
2019-08-23 02:47:59,977 | INFO  | DNAudit | user=null | ip=null | op=WRITE_CHUNK {blockData=conID: 1 locID: 102664010306945446 bcsId: 0} | ret=SUCCESS |  
2019-08-23 02:47:59,978 | INFO  | DNAudit | user=null | ip=null | op=WRITE_CHUNK {blockData=conID: 1 locID: 102664010306945446 bcsId: 0} | ret=SUCCESS |  
2019-08-23 02:47:59,984 | INFO  | DNAudit | user=null | ip=null | op=WRITE_CHUNK {blockData=conID: 1 locID: 102664010306945446 bcsId: 0} | ret=SUCCESS |  
2019-08-23 02:47:59,985 | INFO  | DNAudit | user=null | ip=null | op=PUT_BLOCK {blockData=[blockId=conID: 1 locID: 102664010306945446 bcsId: 0,size=1048576]} | ret=SUCCESS |  
2019-08-23 02:47:59,985 | INFO  | DNAudit | user=null | ip=null | op=WRITE_CHUNK {blockData=conID: 1 locID: 102664010306945446 bcsId: 0} | ret=SUCCESS |  
2019-08-23 02:47:59,985 [grpc-default-executor-5] INFO  client.GrpcClientProtocolClient (GrpcClientProtocolClient.java:onNext(255)) - client-B268B4322F32->17750241-545b-4219-93a1-14a6ea3d85be: receive RaftClientReply:client-B268B4322F32->17750241-545b-4219-93a1-14a6ea3d85be@group-C33FBD9556F2, cid=798, SUCCESS, logIndex=1047, commits[17750241-545b-4219-93a1-14a6ea3d85be:c1048, 4eaaa090-573e-41d3-9f8c-c99e236d806a:c1046, 5f4cf9ee-4bed-49de-adaa-861aec894328:c1046]
2019-08-23 02:47:59,986 | INFO  | DNAudit | user=null | ip=null | op=PUT_BLOCK {blockData=[blockId=conID: 1 locID: 102664010306945446 bcsId: 0,size=2097152]} | ret=SUCCESS |  
2019-08-23 02:47:59,986 | INFO  | DNAudit | user=null | ip=null | op=WRITE_CHUNK {blockData=conID: 1 locID: 102664010306945446 bcsId: 0} | ret=SUCCESS |  
2019-08-23 02:47:59,986 | INFO  | DNAudit | user=null | ip=null | op=WRITE_CHUNK {blockData=conID: 1 locID: 102664010306945446 bcsId: 0} | ret=SUCCESS |  
2019-08-23 02:47:59,986 | INFO  | DNAudit | user=null | ip=null | op=PUT_BLOCK {blockData=[blockId=conID: 1 locID: 102664010306945446 bcsId: 0,size=1048576]} | ret=SUCCESS |  
2019-08-23 02:47:59,986 [grpc-default-executor-5] INFO  client.GrpcClientProtocolClient (GrpcClientProtocolClient.java:onNext(255)) - client-B268B4322F32->17750241-545b-4219-93a1-14a6ea3d85be: receive RaftClientReply:client-B268B4322F32->17750241-545b-4219-93a1-14a6ea3d85be@group-C33FBD9556F2, cid=799, SUCCESS, logIndex=1048, commits[17750241-545b-4219-93a1-14a6ea3d85be:c1050, 4eaaa090-573e-41d3-9f8c-c99e236d806a:c1046, 5f4cf9ee-4bed-49de-adaa-861aec894328:c1046]
2019-08-23 02:47:59,987 | INFO  | DNAudit | user=null | ip=null | op=PUT_BLOCK {blockData=[blockId=conID: 1 locID: 102664010306945446 bcsId: 0,size=1048576]} | ret=SUCCESS |  
2019-08-23 02:47:59,987 [grpc-default-executor-5] INFO  client.GrpcClientProtocolClient (GrpcClientProtocolClient.java:onNext(255)) - client-B268B4322F32->17750241-545b-4219-93a1-14a6ea3d85be: receive RaftClientReply:client-B268B4322F32->17750241-545b-4219-93a1-14a6ea3d85be@group-C33FBD9556F2, cid=800, SUCCESS, logIndex=1049, commits[17750241-545b-4219-93a1-14a6ea3d85be:c1050, 4eaaa090-573e-41d3-9f8c-c99e236d806a:c1046, 5f4cf9ee-4bed-49de-adaa-861aec894328:c1046]
2019-08-23 02:47:59,987 [grpc-default-executor-5] INFO  client.GrpcClientProtocolClient (GrpcClientProtocolClient.java:onNext(255)) - client-B268B4322F32->17750241-545b-4219-93a1-14a6ea3d85be: receive RaftClientReply:client-B268B4322F32->17750241-545b-4219-93a1-14a6ea3d85be@group-C33FBD9556F2, cid=801, SUCCESS, logIndex=1050, commits[17750241-545b-4219-93a1-14a6ea3d85be:c1050, 4eaaa090-573e-41d3-9f8c-c99e236d806a:c1046, 5f4cf9ee-4bed-49de-adaa-861aec894328:c1046]
2019-08-23 02:47:59,987 | INFO  | DNAudit | user=null | ip=null | op=WRITE_CHUNK {blockData=conID: 1 locID: 102664010306945446 bcsId: 0} | ret=SUCCESS |  
2019-08-23 02:47:59,987 | INFO  | DNAudit | user=null | ip=null | op=PUT_BLOCK {blockData=[blockId=conID: 1 locID: 102664010306945446 bcsId: 0,size=2097152]} | ret=SUCCESS |  
2019-08-23 02:47:59,988 | INFO  | DNAudit | user=null | ip=null | op=WRITE_CHUNK {blockData=conID: 1 locID: 102664010306945446 bcsId: 0} | ret=SUCCESS |  
2019-08-23 02:47:59,988 | INFO  | DNAudit | user=null | ip=null | op=PUT_BLOCK {blockData=[blockId=conID: 1 locID: 102664010306945446 bcsId: 0,size=2097152]} | ret=SUCCESS |  
2019-08-23 02:47:59,988 [grpc-default-executor-5] INFO  client.GrpcClientProtocolClient (GrpcClientProtocolClient.java:onNext(255)) - client-B268B4322F32->17750241-545b-4219-93a1-14a6ea3d85be: receive RaftClientReply:client-B268B4322F32->17750241-545b-4219-93a1-14a6ea3d85be@group-C33FBD9556F2, cid=802, SUCCESS, logIndex=0, commits[17750241-545b-4219-93a1-14a6ea3d85be:c1053, 4eaaa090-573e-41d3-9f8c-c99e236d806a:c1050, 5f4cf9ee-4bed-49de-adaa-861aec894328:c1048]
2019-08-23 02:47:59,995 | INFO  | DNAudit | user=null | ip=null | op=WRITE_CHUNK {blockData=conID: 1 locID: 102664010306945446 bcsId: 1050} | ret=SUCCESS |  
2019-08-23 02:47:59,997 | INFO  | DNAudit | user=null | ip=null | op=WRITE_CHUNK {blockData=conID: 1 locID: 102664010306945446 bcsId: 1050} | ret=SUCCESS |  
2019-08-23 02:47:59,997 | INFO  | DNAudit | user=null | ip=null | op=WRITE_CHUNK {blockData=conID: 1 locID: 102664010306945446 bcsId: 1050} | ret=SUCCESS |  
2019-08-23 02:48:00,007 | INFO  | DNAudit | user=null | ip=null | op=WRITE_CHUNK {blockData=conID: 1 locID: 102664010306945446 bcsId: 1050} | ret=SUCCESS |  
2019-08-23 02:48:00,008 | INFO  | DNAudit | user=null | ip=null | op=PUT_BLOCK {blockData=[blockId=conID: 1 locID: 102664010306945446 bcsId: 0,size=3145728]} | ret=SUCCESS |  
2019-08-23 02:48:00,008 [grpc-default-executor-4] INFO  client.GrpcClientProtocolClient (GrpcClientProtocolClient.java:onNext(255)) - client-B268B4322F32->17750241-545b-4219-93a1-14a6ea3d85be: receive RaftClientReply:client-B268B4322F32->17750241-545b-4219-93a1-14a6ea3d85be@group-C33FBD9556F2, cid=803, SUCCESS, logIndex=1054, commits[17750241-545b-4219-93a1-14a6ea3d85be:c1055, 4eaaa090-573e-41d3-9f8c-c99e236d806a:c1053, 5f4cf9ee-4bed-49de-adaa-861aec894328:c1053]
2019-08-23 02:48:00,008 [grpc-default-executor-4] INFO  client.GrpcClientProtocolClient (GrpcClientProtocolClient.java:onNext(255)) - client-B268B4322F32->17750241-545b-4219-93a1-14a6ea3d85be: receive RaftClientReply:client-B268B4322F32->17750241-545b-4219-93a1-14a6ea3d85be@group-C33FBD9556F2, cid=804, SUCCESS, logIndex=1055, commits[17750241-545b-4219-93a1-14a6ea3d85be:c1055, 4eaaa090-573e-41d3-9f8c-c99e236d806a:c1053, 5f4cf9ee-4bed-49de-adaa-861aec894328:c1053]
2019-08-23 02:48:00,015 | INFO  | DNAudit | user=null | ip=null | op=WRITE_CHUNK {blockData=conID: 1 locID: 102664010306945446 bcsId: 1055} | ret=SUCCESS |  
2019-08-23 02:48:00,018 | INFO  | DNAudit | user=null | ip=null | op=WRITE_CHUNK {blockData=conID: 1 locID: 102664010306945446 bcsId: 1055} | ret=SUCCESS |  
2019-08-23 02:48:00,018 | INFO  | DNAudit | user=null | ip=null | op=WRITE_CHUNK {blockData=conID: 1 locID: 102664010306945446 bcsId: 1055} | ret=SUCCESS |  
2019-08-23 02:48:00,019 | INFO  | DNAudit | user=null | ip=null | op=WRITE_CHUNK {blockData=conID: 1 locID: 102664010306945446 bcsId: 1050} | ret=SUCCESS |  
2019-08-23 02:48:00,019 | INFO  | DNAudit | user=null | ip=null | op=WRITE_CHUNK {blockData=conID: 1 locID: 102664010306945446 bcsId: 1050} | ret=SUCCESS |  
2019-08-23 02:48:00,021 | INFO  | DNAudit | user=null | ip=null | op=PUT_BLOCK {blockData=[blockId=conID: 1 locID: 102664010306945446 bcsId: 0,size=3145728]} | ret=SUCCESS |  
2019-08-23 02:48:00,022 | INFO  | DNAudit | user=null | ip=null | op=PUT_BLOCK {blockData=[blockId=conID: 1 locID: 102664010306945446 bcsId: 0,size=3145728]} | ret=SUCCESS |  
2019-08-23 02:48:00,023 | INFO  | DNAudit | user=null | ip=null | op=WRITE_CHUNK {blockData=conID: 1 locID: 102664010306945446 bcsId: 1055} | ret=SUCCESS |  
2019-08-23 02:48:00,023 | INFO  | DNAudit | user=null | ip=null | op=PUT_BLOCK {blockData=[blockId=conID: 1 locID: 102664010306945446 bcsId: 0,size=4194304]} | ret=SUCCESS |  
2019-08-23 02:48:00,023 [grpc-default-executor-4] INFO  client.GrpcClientProtocolClient (GrpcClientProtocolClient.java:onNext(255)) - client-B268B4322F32->17750241-545b-4219-93a1-14a6ea3d85be: receive RaftClientReply:client-B268B4322F32->17750241-545b-4219-93a1-14a6ea3d85be@group-C33FBD9556F2, cid=805, SUCCESS, logIndex=1058, commits[17750241-545b-4219-93a1-14a6ea3d85be:c1059, 4eaaa090-573e-41d3-9f8c-c99e236d806a:c1055, 5f4cf9ee-4bed-49de-adaa-861aec894328:c1055]
2019-08-23 02:48:00,024 [grpc-default-executor-4] INFO  client.GrpcClientProtocolClient (GrpcClientProtocolClient.java:onNext(255)) - client-B268B4322F32->17750241-545b-4219-93a1-14a6ea3d85be: receive RaftClientReply:client-B268B4322F32->17750241-545b-4219-93a1-14a6ea3d85be@group-C33FBD9556F2, cid=806, SUCCESS, logIndex=1059, commits[17750241-545b-4219-93a1-14a6ea3d85be:c1059, 4eaaa090-573e-41d3-9f8c-c99e236d806a:c1055, 5f4cf9ee-4bed-49de-adaa-861aec894328:c1055]
2019-08-23 02:48:00,034 | INFO  | DNAudit | user=null | ip=null | op=WRITE_CHUNK {blockData=conID: 1 locID: 102664010306945446 bcsId: 1055} | ret=SUCCESS |  
2019-08-23 02:48:00,034 | INFO  | DNAudit | user=null | ip=null | op=WRITE_CHUNK {blockData=conID: 1 locID: 102664010306945446 bcsId: 1055} | ret=SUCCESS |  
2019-08-23 02:48:00,035 | INFO  | DNAudit | user=null | ip=null | op=PUT_BLOCK {blockData=[blockId=conID: 1 locID: 102664010306945446 bcsId: 0,size=4194304]} | ret=SUCCESS |  
2019-08-23 02:48:00,035 | INFO  | DNAudit | user=null | ip=null | op=PUT_BLOCK {blockData=[blockId=conID: 1 locID: 102664010306945446 bcsId: 0,size=4194304]} | ret=SUCCESS |  
2019-08-23 02:48:00,035 [grpc-default-executor-4] INFO  client.GrpcClientProtocolClient (GrpcClientProtocolClient.java:onNext(255)) - client-B268B4322F32->17750241-545b-4219-93a1-14a6ea3d85be: receive RaftClientReply:client-B268B4322F32->17750241-545b-4219-93a1-14a6ea3d85be@group-C33FBD9556F2, cid=807, SUCCESS, logIndex=0, commits[17750241-545b-4219-93a1-14a6ea3d85be:c1060, 4eaaa090-573e-41d3-9f8c-c99e236d806a:c1059, 5f4cf9ee-4bed-49de-adaa-861aec894328:c1059]
2019-08-23 02:48:00,042 | INFO  | DNAudit | user=null | ip=null | op=WRITE_CHUNK {blockData=conID: 2 locID: 102664010306945447 bcsId: 0} | ret=SUCCESS |  
2019-08-23 02:48:00,045 | INFO  | DNAudit | user=null | ip=null | op=WRITE_CHUNK {blockData=conID: 2 locID: 102664010306945447 bcsId: 0} | ret=SUCCESS |  
2019-08-23 02:48:00,045 | INFO  | DNAudit | user=null | ip=null | op=WRITE_CHUNK {blockData=conID: 2 locID: 102664010306945447 bcsId: 0} | ret=SUCCESS |  
2019-08-23 02:48:00,046 | INFO  | DNAudit | user=null | ip=null | op=WRITE_CHUNK {blockData=conID: 2 locID: 102664010306945447 bcsId: 0} | ret=SUCCESS |  
2019-08-23 02:48:00,048 | INFO  | DNAudit | user=null | ip=null | op=WRITE_CHUNK {blockData=conID: 2 locID: 102664010306945447 bcsId: 0} | ret=SUCCESS |  
2019-08-23 02:48:00,048 | INFO  | DNAudit | user=null | ip=null | op=WRITE_CHUNK {blockData=conID: 2 locID: 102664010306945447 bcsId: 0} | ret=SUCCESS |  
2019-08-23 02:48:00,055 | INFO  | DNAudit | user=null | ip=null | op=WRITE_CHUNK {blockData=conID: 2 locID: 102664010306945447 bcsId: 0} | ret=SUCCESS |  
2019-08-23 02:48:00,056 | INFO  | DNAudit | user=null | ip=null | op=PUT_BLOCK {blockData=[blockId=conID: 2 locID: 102664010306945447 bcsId: 0,size=1048576]} | ret=SUCCESS |  
2019-08-23 02:48:00,056 | INFO  | DNAudit | user=null | ip=null | op=WRITE_CHUNK {blockData=conID: 2 locID: 102664010306945447 bcsId: 0} | ret=SUCCESS |  
2019-08-23 02:48:00,056 [grpc-default-executor-5] INFO  client.GrpcClientProtocolClient (GrpcClientProtocolClient.java:onNext(255)) - client-B268B4322F32->17750241-545b-4219-93a1-14a6ea3d85be: receive RaftClientReply:client-B268B4322F32->17750241-545b-4219-93a1-14a6ea3d85be@group-C33FBD9556F2, cid=808, SUCCESS, logIndex=1062, commits[17750241-545b-4219-93a1-14a6ea3d85be:c1063, 4eaaa090-573e-41d3-9f8c-c99e236d806a:c1061, 5f4cf9ee-4bed-49de-adaa-861aec894328:c1061]
2019-08-23 02:48:00,057 | INFO  | DNAudit | user=null | ip=null | op=PUT_BLOCK {blockData=[blockId=conID: 2 locID: 102664010306945447 bcsId: 0,size=2097152]} | ret=SUCCESS |  
2019-08-23 02:48:00,057 [grpc-default-executor-5] INFO  client.GrpcClientProtocolClient (GrpcClientProtocolClient.java:onNext(255)) - client-B268B4322F32->17750241-545b-4219-93a1-14a6ea3d85be: receive RaftClientReply:client-B268B4322F32->17750241-545b-4219-93a1-14a6ea3d85be@group-C33FBD9556F2, cid=809, SUCCESS, logIndex=1063, commits[17750241-545b-4219-93a1-14a6ea3d85be:c1065, 4eaaa090-573e-41d3-9f8c-c99e236d806a:c1061, 5f4cf9ee-4bed-49de-adaa-861aec894328:c1061]
2019-08-23 02:48:00,057 | INFO  | DNAudit | user=null | ip=null | op=WRITE_CHUNK {blockData=conID: 2 locID: 102664010306945447 bcsId: 0} | ret=SUCCESS |  
2019-08-23 02:48:00,057 [grpc-default-executor-5] INFO  client.GrpcClientProtocolClient (GrpcClientProtocolClient.java:onNext(255)) - client-B268B4322F32->17750241-545b-4219-93a1-14a6ea3d85be: receive RaftClientReply:client-B268B4322F32->17750241-545b-4219-93a1-14a6ea3d85be@group-C33FBD9556F2, cid=810, SUCCESS, logIndex=1064, commits[17750241-545b-4219-93a1-14a6ea3d85be:c1065, 4eaaa090-573e-41d3-9f8c-c99e236d806a:c1061, 5f4cf9ee-4bed-49de-adaa-861aec894328:c1061]
2019-08-23 02:48:00,057 | INFO  | DNAudit | user=null | ip=null | op=PUT_BLOCK {blockData=[blockId=conID: 2 locID: 102664010306945447 bcsId: 0,size=1048576]} | ret=SUCCESS |  
2019-08-23 02:48:00,058 | INFO  | DNAudit | user=null | ip=null | op=WRITE_CHUNK {blockData=conID: 2 locID: 102664010306945447 bcsId: 0} | ret=SUCCESS |  
2019-08-23 02:48:00,058 [grpc-default-executor-5] INFO  client.GrpcClientProtocolClient (GrpcClientProtocolClient.java:onNext(255)) - client-B268B4322F32->17750241-545b-4219-93a1-14a6ea3d85be: receive RaftClientReply:client-B268B4322F32->17750241-545b-4219-93a1-14a6ea3d85be@group-C33FBD9556F2, cid=811, SUCCESS, logIndex=1065, commits[17750241-545b-4219-93a1-14a6ea3d85be:c1065, 4eaaa090-573e-41d3-9f8c-c99e236d806a:c1061, 5f4cf9ee-4bed-49de-adaa-861aec894328:c1061]
2019-08-23 02:48:00,058 | INFO  | DNAudit | user=null | ip=null | op=PUT_BLOCK {blockData=[blockId=conID: 2 locID: 102664010306945447 bcsId: 0,size=1048576]} | ret=SUCCESS |  
2019-08-23 02:48:00,058 | INFO  | DNAudit | user=null | ip=null | op=WRITE_CHUNK {blockData=conID: 2 locID: 102664010306945447 bcsId: 0} | ret=SUCCESS |  
2019-08-23 02:48:00,058 | INFO  | DNAudit | user=null | ip=null | op=WRITE_CHUNK {blockData=conID: 2 locID: 102664010306945447 bcsId: 0} | ret=SUCCESS |  
2019-08-23 02:48:00,058 | INFO  | DNAudit | user=null | ip=null | op=PUT_BLOCK {blockData=[blockId=conID: 2 locID: 102664010306945447 bcsId: 0,size=2097152]} | ret=SUCCESS |  
2019-08-23 02:48:00,058 | INFO  | DNAudit | user=null | ip=null | op=PUT_BLOCK {blockData=[blockId=conID: 2 locID: 102664010306945447 bcsId: 0,size=2097152]} | ret=SUCCESS |  
2019-08-23 02:48:00,059 [grpc-default-executor-5] INFO  client.GrpcClientProtocolClient (GrpcClientProtocolClient.java:onNext(255)) - client-B268B4322F32->17750241-545b-4219-93a1-14a6ea3d85be: receive RaftClientReply:client-B268B4322F32->17750241-545b-4219-93a1-14a6ea3d85be@group-C33FBD9556F2, cid=812, SUCCESS, logIndex=0, commits[17750241-545b-4219-93a1-14a6ea3d85be:c1068, 4eaaa090-573e-41d3-9f8c-c99e236d806a:c1065, 5f4cf9ee-4bed-49de-adaa-861aec894328:c1063]
2019-08-23 02:48:00,066 | INFO  | DNAudit | user=null | ip=null | op=WRITE_CHUNK {blockData=conID: 2 locID: 102664010306945447 bcsId: 1065} | ret=SUCCESS |  
2019-08-23 02:48:00,068 | INFO  | DNAudit | user=null | ip=null | op=WRITE_CHUNK {blockData=conID: 2 locID: 102664010306945447 bcsId: 1065} | ret=SUCCESS |  
2019-08-23 02:48:00,069 | INFO  | DNAudit | user=null | ip=null | op=WRITE_CHUNK {blockData=conID: 2 locID: 102664010306945447 bcsId: 1065} | ret=SUCCESS |  
2019-08-23 02:48:00,079 | INFO  | DNAudit | user=null | ip=null | op=WRITE_CHUNK {blockData=conID: 2 locID: 102664010306945447 bcsId: 1065} | ret=SUCCESS |  
2019-08-23 02:48:00,079 | INFO  | DNAudit | user=null | ip=null | op=PUT_BLOCK {blockData=[blockId=conID: 2 locID: 102664010306945447 bcsId: 0,size=3145728]} | ret=SUCCESS |  
2019-08-23 02:48:00,080 [grpc-default-executor-4] INFO  client.GrpcClientProtocolClient (GrpcClientProtocolClient.java:onNext(255)) - client-B268B4322F32->17750241-545b-4219-93a1-14a6ea3d85be: receive RaftClientReply:client-B268B4322F32->17750241-545b-4219-93a1-14a6ea3d85be@group-C33FBD9556F2, cid=813, SUCCESS, logIndex=1069, commits[17750241-545b-4219-93a1-14a6ea3d85be:c1070, 4eaaa090-573e-41d3-9f8c-c99e236d806a:c1068, 5f4cf9ee-4bed-49de-adaa-861aec894328:c1068]
2019-08-23 02:48:00,080 [grpc-default-executor-4] INFO  client.GrpcClientProtocolClient (GrpcClientProtocolClient.java:onNext(255)) - client-B268B4322F32->17750241-545b-4219-93a1-14a6ea3d85be: receive RaftClientReply:client-B268B4322F32->17750241-545b-4219-93a1-14a6ea3d85be@group-C33FBD9556F2, cid=814, SUCCESS, logIndex=1070, commits[17750241-545b-4219-93a1-14a6ea3d85be:c1070, 4eaaa090-573e-41d3-9f8c-c99e236d806a:c1068, 5f4cf9ee-4bed-49de-adaa-861aec894328:c1068]
2019-08-23 02:48:00,087 | INFO  | DNAudit | user=null | ip=null | op=WRITE_CHUNK {blockData=conID: 2 locID: 102664010306945447 bcsId: 1070} | ret=SUCCESS |  
2019-08-23 02:48:00,090 | INFO  | DNAudit | user=null | ip=null | op=WRITE_CHUNK {blockData=conID: 2 locID: 102664010306945447 bcsId: 1070} | ret=SUCCESS |  
2019-08-23 02:48:00,090 | INFO  | DNAudit | user=null | ip=null | op=WRITE_CHUNK {blockData=conID: 2 locID: 102664010306945447 bcsId: 1070} | ret=SUCCESS |  
2019-08-23 02:48:00,091 | INFO  | DNAudit | user=null | ip=null | op=WRITE_CHUNK {blockData=conID: 2 locID: 102664010306945447 bcsId: 1065} | ret=SUCCESS |  
2019-08-23 02:48:00,091 | INFO  | DNAudit | user=null | ip=null | op=WRITE_CHUNK {blockData=conID: 2 locID: 102664010306945447 bcsId: 1065} | ret=SUCCESS |  
2019-08-23 02:48:00,091 | INFO  | DNAudit | user=null | ip=null | op=PUT_BLOCK {blockData=[blockId=conID: 2 locID: 102664010306945447 bcsId: 0,size=3145728]} | ret=SUCCESS |  
2019-08-23 02:48:00,091 | INFO  | DNAudit | user=null | ip=null | op=PUT_BLOCK {blockData=[blockId=conID: 2 locID: 102664010306945447 bcsId: 0,size=3145728]} | ret=SUCCESS |  
2019-08-23 02:48:00,093 | INFO  | DNAudit | user=null | ip=null | op=WRITE_CHUNK {blockData=conID: 2 locID: 102664010306945447 bcsId: 1070} | ret=SUCCESS |  
2019-08-23 02:48:00,093 | INFO  | DNAudit | user=null | ip=null | op=PUT_BLOCK {blockData=[blockId=conID: 2 locID: 102664010306945447 bcsId: 0,size=4194304]} | ret=SUCCESS |  
2019-08-23 02:48:00,093 [grpc-default-executor-6] INFO  client.GrpcClientProtocolClient (GrpcClientProtocolClient.java:onNext(255)) - client-B268B4322F32->17750241-545b-4219-93a1-14a6ea3d85be: receive RaftClientReply:client-B268B4322F32->17750241-545b-4219-93a1-14a6ea3d85be@group-C33FBD9556F2, cid=815, SUCCESS, logIndex=1073, commits[17750241-545b-4219-93a1-14a6ea3d85be:c1074, 4eaaa090-573e-41d3-9f8c-c99e236d806a:c1070, 5f4cf9ee-4bed-49de-adaa-861aec894328:c1070]
2019-08-23 02:48:00,094 [grpc-default-executor-6] INFO  client.GrpcClientProtocolClient (GrpcClientProtocolClient.java:onNext(255)) - client-B268B4322F32->17750241-545b-4219-93a1-14a6ea3d85be: receive RaftClientReply:client-B268B4322F32->17750241-545b-4219-93a1-14a6ea3d85be@group-C33FBD9556F2, cid=816, SUCCESS, logIndex=1074, commits[17750241-545b-4219-93a1-14a6ea3d85be:c1074, 4eaaa090-573e-41d3-9f8c-c99e236d806a:c1070, 5f4cf9ee-4bed-49de-adaa-861aec894328:c1070]
2019-08-23 02:48:00,095 | INFO  | DNAudit | user=null | ip=null | op=WRITE_CHUNK {blockData=conID: 2 locID: 102664010306945447 bcsId: 1070} | ret=SUCCESS |  
2019-08-23 02:48:00,095 | INFO  | DNAudit | user=null | ip=null | op=WRITE_CHUNK {blockData=conID: 2 locID: 102664010306945447 bcsId: 1070} | ret=SUCCESS |  
2019-08-23 02:48:00,096 | INFO  | DNAudit | user=null | ip=null | op=PUT_BLOCK {blockData=[blockId=conID: 2 locID: 102664010306945447 bcsId: 0,size=4194304]} | ret=SUCCESS |  
2019-08-23 02:48:00,096 | INFO  | DNAudit | user=null | ip=null | op=PUT_BLOCK {blockData=[blockId=conID: 2 locID: 102664010306945447 bcsId: 0,size=4194304]} | ret=SUCCESS |  
2019-08-23 02:48:00,097 [grpc-default-executor-6] INFO  client.GrpcClientProtocolClient (GrpcClientProtocolClient.java:onNext(255)) - client-B268B4322F32->17750241-545b-4219-93a1-14a6ea3d85be: receive RaftClientReply:client-B268B4322F32->17750241-545b-4219-93a1-14a6ea3d85be@group-C33FBD9556F2, cid=817, SUCCESS, logIndex=0, commits[17750241-545b-4219-93a1-14a6ea3d85be:c1076, 4eaaa090-573e-41d3-9f8c-c99e236d806a:c1074, 5f4cf9ee-4bed-49de-adaa-861aec894328:c1074]
2019-08-23 02:48:00,103 | INFO  | DNAudit | user=null | ip=null | op=WRITE_CHUNK {blockData=conID: 3 locID: 102664010307010984 bcsId: 0} | ret=SUCCESS |  
2019-08-23 02:48:00,106 | INFO  | DNAudit | user=null | ip=null | op=WRITE_CHUNK {blockData=conID: 3 locID: 102664010307010984 bcsId: 0} | ret=SUCCESS |  
2019-08-23 02:48:00,106 | INFO  | DNAudit | user=null | ip=null | op=WRITE_CHUNK {blockData=conID: 3 locID: 102664010307010984 bcsId: 0} | ret=SUCCESS |  
2019-08-23 02:48:00,107 | INFO  | DNAudit | user=null | ip=null | op=WRITE_CHUNK {blockData=conID: 3 locID: 102664010307010984 bcsId: 0} | ret=SUCCESS |  
2019-08-23 02:48:00,108 | INFO  | DNAudit | user=null | ip=null | op=WRITE_CHUNK {blockData=conID: 3 locID: 102664010307010984 bcsId: 0} | ret=SUCCESS |  
2019-08-23 02:48:00,109 | INFO  | DNAudit | user=null | ip=null | op=PUT_BLOCK {blockData=[blockId=conID: 3 locID: 102664010307010984 bcsId: 0,size=1048576]} | ret=SUCCESS |  
2019-08-23 02:48:00,109 | INFO  | DNAudit | user=null | ip=null | op=WRITE_CHUNK {blockData=conID: 3 locID: 102664010307010984 bcsId: 0} | ret=SUCCESS |  
2019-08-23 02:48:00,109 [grpc-default-executor-5] INFO  client.GrpcClientProtocolClient (GrpcClientProtocolClient.java:onNext(255)) - client-B268B4322F32->17750241-545b-4219-93a1-14a6ea3d85be: receive RaftClientReply:client-B268B4322F32->17750241-545b-4219-93a1-14a6ea3d85be@group-C33FBD9556F2, cid=818, SUCCESS, logIndex=1077, commits[17750241-545b-4219-93a1-14a6ea3d85be:c1078, 4eaaa090-573e-41d3-9f8c-c99e236d806a:c1076, 5f4cf9ee-4bed-49de-adaa-861aec894328:c1076]
2019-08-23 02:48:00,110 [grpc-default-executor-5] INFO  client.GrpcClientProtocolClient (GrpcClientProtocolClient.java:onNext(255)) - client-B268B4322F32->17750241-545b-4219-93a1-14a6ea3d85be: receive RaftClientReply:client-B268B4322F32->17750241-545b-4219-93a1-14a6ea3d85be@group-C33FBD9556F2, cid=819, SUCCESS, logIndex=1078, commits[17750241-545b-4219-93a1-14a6ea3d85be:c1078, 4eaaa090-573e-41d3-9f8c-c99e236d806a:c1076, 5f4cf9ee-4bed-49de-adaa-861aec894328:c1076]
2019-08-23 02:48:00,110 | INFO  | DNAudit | user=null | ip=null | op=WRITE_CHUNK {blockData=conID: 3 locID: 102664010307010984 bcsId: 0} | ret=SUCCESS |  
2019-08-23 02:48:00,110 | INFO  | DNAudit | user=null | ip=null | op=WRITE_CHUNK {blockData=conID: 3 locID: 102664010307010984 bcsId: 0} | ret=SUCCESS |  
2019-08-23 02:48:00,110 | INFO  | DNAudit | user=null | ip=null | op=WRITE_CHUNK {blockData=conID: 3 locID: 102664010307010984 bcsId: 0} | ret=SUCCESS |  
2019-08-23 02:48:00,111 | INFO  | DNAudit | user=null | ip=null | op=PUT_BLOCK {blockData=[blockId=conID: 3 locID: 102664010307010984 bcsId: 0,size=1048576]} | ret=SUCCESS |  
2019-08-23 02:48:00,111 | INFO  | DNAudit | user=null | ip=null | op=PUT_BLOCK {blockData=[blockId=conID: 3 locID: 102664010307010984 bcsId: 0,size=2097152]} | ret=SUCCESS |  
2019-08-23 02:48:00,111 [grpc-default-executor-6] INFO  client.GrpcClientProtocolClient (GrpcClientProtocolClient.java:onNext(255)) - client-B268B4322F32->17750241-545b-4219-93a1-14a6ea3d85be: receive RaftClientReply:client-B268B4322F32->17750241-545b-4219-93a1-14a6ea3d85be@group-C33FBD9556F2, cid=820, SUCCESS, logIndex=1079, commits[17750241-545b-4219-93a1-14a6ea3d85be:c1081, 4eaaa090-573e-41d3-9f8c-c99e236d806a:c1077, 5f4cf9ee-4bed-49de-adaa-861aec894328:c1076]
2019-08-23 02:48:00,111 [grpc-default-executor-6] INFO  client.GrpcClientProtocolClient (GrpcClientProtocolClient.java:onNext(255)) - client-B268B4322F32->17750241-545b-4219-93a1-14a6ea3d85be: receive RaftClientReply:client-B268B4322F32->17750241-545b-4219-93a1-14a6ea3d85be@group-C33FBD9556F2, cid=821, SUCCESS, logIndex=1080, commits[17750241-545b-4219-93a1-14a6ea3d85be:c1082, 4eaaa090-573e-41d3-9f8c-c99e236d806a:c1078, 5f4cf9ee-4bed-49de-adaa-861aec894328:c1076]
2019-08-23 02:48:00,112 | INFO  | DNAudit | user=null | ip=null | op=WRITE_CHUNK {blockData=conID: 3 locID: 102664010307010984 bcsId: 0} | ret=SUCCESS |  
2019-08-23 02:48:00,112 | INFO  | DNAudit | user=null | ip=null | op=WRITE_CHUNK {blockData=conID: 3 locID: 102664010307010984 bcsId: 0} | ret=SUCCESS |  
2019-08-23 02:48:00,112 | INFO  | DNAudit | user=null | ip=null | op=PUT_BLOCK {blockData=[blockId=conID: 3 locID: 102664010307010984 bcsId: 0,size=1048576]} | ret=SUCCESS |  
2019-08-23 02:48:00,113 [grpc-default-executor-5] INFO  client.GrpcClientProtocolClient (GrpcClientProtocolClient.java:onNext(255)) - client-B268B4322F32->17750241-545b-4219-93a1-14a6ea3d85be: receive RaftClientReply:client-B268B4322F32->17750241-545b-4219-93a1-14a6ea3d85be@group-C33FBD9556F2, cid=822, SUCCESS, logIndex=0, commits[17750241-545b-4219-93a1-14a6ea3d85be:c1083, 4eaaa090-573e-41d3-9f8c-c99e236d806a:c1079, 5f4cf9ee-4bed-49de-adaa-861aec894328:c1078]
2019-08-23 02:48:00,113 | INFO  | DNAudit | user=null | ip=null | op=WRITE_CHUNK {blockData=conID: 3 locID: 102664010307010984 bcsId: 0} | ret=SUCCESS |  
2019-08-23 02:48:00,113 | INFO  | DNAudit | user=null | ip=null | op=PUT_BLOCK {blockData=[blockId=conID: 3 locID: 102664010307010984 bcsId: 0,size=2097152]} | ret=SUCCESS |  
2019-08-23 02:48:00,113 | INFO  | DNAudit | user=null | ip=null | op=PUT_BLOCK {blockData=[blockId=conID: 3 locID: 102664010307010984 bcsId: 0,size=2097152]} | ret=SUCCESS |  
2019-08-23 02:48:00,118 | INFO  | DNAudit | user=null | ip=null | op=WRITE_CHUNK {blockData=conID: 3 locID: 102664010307010984 bcsId: 1080} | ret=SUCCESS |  
2019-08-23 02:48:00,121 | INFO  | DNAudit | user=null | ip=null | op=WRITE_CHUNK {blockData=conID: 3 locID: 102664010307010984 bcsId: 1080} | ret=SUCCESS |  
2019-08-23 02:48:00,121 | INFO  | DNAudit | user=null | ip=null | op=WRITE_CHUNK {blockData=conID: 3 locID: 102664010307010984 bcsId: 1080} | ret=SUCCESS |  
2019-08-23 02:48:00,131 | INFO  | DNAudit | user=null | ip=null | op=WRITE_CHUNK {blockData=conID: 3 locID: 102664010307010984 bcsId: 1080} | ret=SUCCESS |  
2019-08-23 02:48:00,131 | INFO  | DNAudit | user=null | ip=null | op=PUT_BLOCK {blockData=[blockId=conID: 3 locID: 102664010307010984 bcsId: 0,size=3145728]} | ret=SUCCESS |  
2019-08-23 02:48:00,131 [grpc-default-executor-5] INFO  client.GrpcClientProtocolClient (GrpcClientProtocolClient.java:onNext(255)) - client-B268B4322F32->17750241-545b-4219-93a1-14a6ea3d85be: receive RaftClientReply:client-B268B4322F32->17750241-545b-4219-93a1-14a6ea3d85be@group-C33FBD9556F2, cid=823, SUCCESS, logIndex=1085, commits[17750241-545b-4219-93a1-14a6ea3d85be:c1086, 4eaaa090-573e-41d3-9f8c-c99e236d806a:c1084, 5f4cf9ee-4bed-49de-adaa-861aec894328:c1084]
2019-08-23 02:48:00,132 [grpc-default-executor-5] INFO  client.GrpcClientProtocolClient (GrpcClientProtocolClient.java:onNext(255)) - client-B268B4322F32->17750241-545b-4219-93a1-14a6ea3d85be: receive RaftClientReply:client-B268B4322F32->17750241-545b-4219-93a1-14a6ea3d85be@group-C33FBD9556F2, cid=824, SUCCESS, logIndex=1086, commits[17750241-545b-4219-93a1-14a6ea3d85be:c1086, 4eaaa090-573e-41d3-9f8c-c99e236d806a:c1084, 5f4cf9ee-4bed-49de-adaa-861aec894328:c1084]
2019-08-23 02:48:00,132 | INFO  | DNAudit | user=null | ip=null | op=WRITE_CHUNK {blockData=conID: 3 locID: 102664010307010984 bcsId: 1080} | ret=SUCCESS |  
2019-08-23 02:48:00,133 | INFO  | DNAudit | user=null | ip=null | op=WRITE_CHUNK {blockData=conID: 3 locID: 102664010307010984 bcsId: 1080} | ret=SUCCESS |  
2019-08-23 02:48:00,133 | INFO  | DNAudit | user=null | ip=null | op=PUT_BLOCK {blockData=[blockId=conID: 3 locID: 102664010307010984 bcsId: 0,size=3145728]} | ret=SUCCESS |  
2019-08-23 02:48:00,134 | INFO  | DNAudit | user=null | ip=null | op=PUT_BLOCK {blockData=[blockId=conID: 3 locID: 102664010307010984 bcsId: 0,size=3145728]} | ret=SUCCESS |  
2019-08-23 02:48:00,138 | INFO  | DNAudit | user=null | ip=null | op=WRITE_CHUNK {blockData=conID: 3 locID: 102664010307010984 bcsId: 1086} | ret=SUCCESS |  
2019-08-23 02:48:00,141 | INFO  | DNAudit | user=null | ip=null | op=WRITE_CHUNK {blockData=conID: 3 locID: 102664010307010984 bcsId: 1086} | ret=SUCCESS |  
2019-08-23 02:48:00,141 | INFO  | DNAudit | user=null | ip=null | op=WRITE_CHUNK {blockData=conID: 3 locID: 102664010307010984 bcsId: 1086} | ret=SUCCESS |  
2019-08-23 02:48:00,149 | INFO  | DNAudit | user=null | ip=null | op=WRITE_CHUNK {blockData=conID: 3 locID: 102664010307010984 bcsId: 1086} | ret=SUCCESS |  
2019-08-23 02:48:00,150 | INFO  | DNAudit | user=null | ip=null | op=PUT_BLOCK {blockData=[blockId=conID: 3 locID: 102664010307010984 bcsId: 0,size=4194304]} | ret=SUCCESS |  
2019-08-23 02:48:00,150 [grpc-default-executor-6] INFO  client.GrpcClientProtocolClient (GrpcClientProtocolClient.java:onNext(255)) - client-B268B4322F32->17750241-545b-4219-93a1-14a6ea3d85be: receive RaftClientReply:client-B268B4322F32->17750241-545b-4219-93a1-14a6ea3d85be@group-C33FBD9556F2, cid=825, SUCCESS, logIndex=1089, commits[17750241-545b-4219-93a1-14a6ea3d85be:c1090, 4eaaa090-573e-41d3-9f8c-c99e236d806a:c1088, 5f4cf9ee-4bed-49de-adaa-861aec894328:c1088]
2019-08-23 02:48:00,150 [grpc-default-executor-6] INFO  client.GrpcClientProtocolClient (GrpcClientProtocolClient.java:onNext(255)) - client-B268B4322F32->17750241-545b-4219-93a1-14a6ea3d85be: receive RaftClientReply:client-B268B4322F32->17750241-545b-4219-93a1-14a6ea3d85be@group-C33FBD9556F2, cid=826, SUCCESS, logIndex=1090, commits[17750241-545b-4219-93a1-14a6ea3d85be:c1090, 4eaaa090-573e-41d3-9f8c-c99e236d806a:c1088, 5f4cf9ee-4bed-49de-adaa-861aec894328:c1088]
2019-08-23 02:48:00,159 | INFO  | DNAudit | user=null | ip=null | op=WRITE_CHUNK {blockData=conID: 3 locID: 102664010307010984 bcsId: 1086} | ret=SUCCESS |  
2019-08-23 02:48:00,159 | INFO  | DNAudit | user=null | ip=null | op=WRITE_CHUNK {blockData=conID: 3 locID: 102664010307010984 bcsId: 1086} | ret=SUCCESS |  
2019-08-23 02:48:00,160 | INFO  | DNAudit | user=null | ip=null | op=PUT_BLOCK {blockData=[blockId=conID: 3 locID: 102664010307010984 bcsId: 0,size=4194304]} | ret=SUCCESS |  
2019-08-23 02:48:00,160 | INFO  | DNAudit | user=null | ip=null | op=PUT_BLOCK {blockData=[blockId=conID: 3 locID: 102664010307010984 bcsId: 0,size=4194304]} | ret=SUCCESS |  
2019-08-23 02:48:00,161 [grpc-default-executor-6] INFO  client.GrpcClientProtocolClient (GrpcClientProtocolClient.java:onNext(255)) - client-B268B4322F32->17750241-545b-4219-93a1-14a6ea3d85be: receive RaftClientReply:client-B268B4322F32->17750241-545b-4219-93a1-14a6ea3d85be@group-C33FBD9556F2, cid=827, SUCCESS, logIndex=0, commits[17750241-545b-4219-93a1-14a6ea3d85be:c1092, 4eaaa090-573e-41d3-9f8c-c99e236d806a:c1090, 5f4cf9ee-4bed-49de-adaa-861aec894328:c1090]
2019-08-23 02:48:00,171 | INFO  | DNAudit | user=null | ip=null | op=WRITE_CHUNK {blockData=conID: 1 locID: 102664010307010985 bcsId: 0} | ret=SUCCESS |  
2019-08-23 02:48:00,173 | INFO  | DNAudit | user=null | ip=null | op=WRITE_CHUNK {blockData=conID: 1 locID: 102664010307010985 bcsId: 0} | ret=SUCCESS |  
2019-08-23 02:48:00,173 | INFO  | DNAudit | user=null | ip=null | op=WRITE_CHUNK {blockData=conID: 1 locID: 102664010307010985 bcsId: 0} | ret=SUCCESS |  
2019-08-23 02:48:00,174 | INFO  | DNAudit | user=null | ip=null | op=WRITE_CHUNK {blockData=conID: 1 locID: 102664010307010985 bcsId: 0} | ret=SUCCESS |  
2019-08-23 02:48:00,175 | INFO  | DNAudit | user=null | ip=null | op=WRITE_CHUNK {blockData=conID: 1 locID: 102664010307010985 bcsId: 0} | ret=SUCCESS |  
2019-08-23 02:48:00,175 | INFO  | DNAudit | user=null | ip=null | op=WRITE_CHUNK {blockData=conID: 1 locID: 102664010307010985 bcsId: 0} | ret=SUCCESS |  
2019-08-23 02:48:00,189 | INFO  | DNAudit | user=null | ip=null | op=WRITE_CHUNK {blockData=conID: 1 locID: 102664010307010985 bcsId: 0} | ret=SUCCESS |  
2019-08-23 02:48:00,189 | INFO  | DNAudit | user=null | ip=null | op=PUT_BLOCK {blockData=[blockId=conID: 1 locID: 102664010307010985 bcsId: 0,size=1048576]} | ret=SUCCESS |  
2019-08-23 02:48:00,189 [grpc-default-executor-2] INFO  client.GrpcClientProtocolClient (GrpcClientProtocolClient.java:onNext(255)) - client-B268B4322F32->17750241-545b-4219-93a1-14a6ea3d85be: receive RaftClientReply:client-B268B4322F32->17750241-545b-4219-93a1-14a6ea3d85be@group-C33FBD9556F2, cid=828, SUCCESS, logIndex=1093, commits[17750241-545b-4219-93a1-14a6ea3d85be:c1094, 4eaaa090-573e-41d3-9f8c-c99e236d806a:c1090, 5f4cf9ee-4bed-49de-adaa-861aec894328:c1092]
2019-08-23 02:48:00,190 [grpc-default-executor-2] INFO  client.GrpcClientProtocolClient (GrpcClientProtocolClient.java:onNext(255)) - client-B268B4322F32->17750241-545b-4219-93a1-14a6ea3d85be: receive RaftClientReply:client-B268B4322F32->17750241-545b-4219-93a1-14a6ea3d85be@group-C33FBD9556F2, cid=829, SUCCESS, logIndex=1094, commits[17750241-545b-4219-93a1-14a6ea3d85be:c1094, 4eaaa090-573e-41d3-9f8c-c99e236d806a:c1092, 5f4cf9ee-4bed-49de-adaa-861aec894328:c1092]
2019-08-23 02:48:00,200 | INFO  | DNAudit | user=null | ip=null | op=WRITE_CHUNK {blockData=conID: 1 locID: 102664010307010985 bcsId: 0} | ret=SUCCESS |  
2019-08-23 02:48:00,200 | INFO  | DNAudit | user=null | ip=null | op=PUT_BLOCK {blockData=[blockId=conID: 1 locID: 102664010307010985 bcsId: 0,size=2097152]} | ret=SUCCESS |  
2019-08-23 02:48:00,201 [grpc-default-executor-4] INFO  client.GrpcClientProtocolClient (GrpcClientProtocolClient.java:onNext(255)) - client-B268B4322F32->17750241-545b-4219-93a1-14a6ea3d85be: receive RaftClientReply:client-B268B4322F32->17750241-545b-4219-93a1-14a6ea3d85be@group-C33FBD9556F2, cid=830, SUCCESS, logIndex=1095, commits[17750241-545b-4219-93a1-14a6ea3d85be:c1096, 4eaaa090-573e-41d3-9f8c-c99e236d806a:c1092, 5f4cf9ee-4bed-49de-adaa-861aec894328:c1092]
2019-08-23 02:48:00,201 | INFO  | DNAudit | user=null | ip=null | op=WRITE_CHUNK {blockData=conID: 1 locID: 102664010307010985 bcsId: 0} | ret=SUCCESS |  
2019-08-23 02:48:00,201 | INFO  | SCMAudit | user=jenkins1000 | ip=192.168.34.22 | op=SEND_HEARTBEAT {datanodeUUID=17750241-545b-4219-93a1-14a6ea3d85be, command=[]} | ret=SUCCESS |  
2019-08-23 02:48:00,201 | INFO  | DNAudit | user=null | ip=null | op=PUT_BLOCK {blockData=[blockId=conID: 1 locID: 102664010307010985 bcsId: 0,size=1048576]} | ret=SUCCESS |  
2019-08-23 02:48:00,201 [grpc-default-executor-4] INFO  client.GrpcClientProtocolClient (GrpcClientProtocolClient.java:onNext(255)) - client-B268B4322F32->17750241-545b-4219-93a1-14a6ea3d85be: receive RaftClientReply:client-B268B4322F32->17750241-545b-4219-93a1-14a6ea3d85be@group-C33FBD9556F2, cid=831, SUCCESS, logIndex=1096, commits[17750241-545b-4219-93a1-14a6ea3d85be:c1096, 4eaaa090-573e-41d3-9f8c-c99e236d806a:c1092, 5f4cf9ee-4bed-49de-adaa-861aec894328:c1092]
2019-08-23 02:48:00,201 | INFO  | DNAudit | user=null | ip=null | op=WRITE_CHUNK {blockData=conID: 1 locID: 102664010307010985 bcsId: 0} | ret=SUCCESS |  
2019-08-23 02:48:00,202 | INFO  | DNAudit | user=null | ip=null | op=PUT_BLOCK {blockData=[blockId=conID: 1 locID: 102664010307010985 bcsId: 0,size=1048576]} | ret=SUCCESS |  
2019-08-23 02:48:00,202 | INFO  | DNAudit | user=null | ip=null | op=WRITE_CHUNK {blockData=conID: 1 locID: 102664010307010985 bcsId: 0} | ret=SUCCESS |  
2019-08-23 02:48:00,202 | INFO  | DNAudit | user=null | ip=null | op=PUT_BLOCK {blockData=[blockId=conID: 1 locID: 102664010307010985 bcsId: 0,size=2097152]} | ret=SUCCESS |  
2019-08-23 02:48:00,202 [grpc-default-executor-6] INFO  client.GrpcClientProtocolClient (GrpcClientProtocolClient.java:onNext(255)) - client-B268B4322F32->17750241-545b-4219-93a1-14a6ea3d85be: receive RaftClientReply:client-B268B4322F32->17750241-545b-4219-93a1-14a6ea3d85be@group-C33FBD9556F2, cid=832, SUCCESS, logIndex=0, commits[17750241-545b-4219-93a1-14a6ea3d85be:c1098, 4eaaa090-573e-41d3-9f8c-c99e236d806a:c1094, 5f4cf9ee-4bed-49de-adaa-861aec894328:c1094]
2019-08-23 02:48:00,203 | INFO  | DNAudit | user=null | ip=null | op=WRITE_CHUNK {blockData=conID: 1 locID: 102664010307010985 bcsId: 0} | ret=SUCCESS |  
2019-08-23 02:48:00,203 | INFO  | DNAudit | user=null | ip=null | op=PUT_BLOCK {blockData=[blockId=conID: 1 locID: 102664010307010985 bcsId: 0,size=2097152]} | ret=SUCCESS |  
2019-08-23 02:48:00,204 | INFO  | SCMAudit | user=jenkins1000 | ip=192.168.34.22 | op=SEND_HEARTBEAT {datanodeUUID=4eaaa090-573e-41d3-9f8c-c99e236d806a, command=[]} | ret=SUCCESS |  
2019-08-23 02:48:00,205 | INFO  | SCMAudit | user=jenkins1000 | ip=192.168.34.22 | op=SEND_HEARTBEAT {datanodeUUID=5f4cf9ee-4bed-49de-adaa-861aec894328, command=[]} | ret=SUCCESS |  
2019-08-23 02:48:00,209 | INFO  | DNAudit | user=null | ip=null | op=WRITE_CHUNK {blockData=conID: 1 locID: 102664010307010985 bcsId: 1096} | ret=SUCCESS |  
2019-08-23 02:48:00,211 | INFO  | DNAudit | user=null | ip=null | op=WRITE_CHUNK {blockData=conID: 1 locID: 102664010307010985 bcsId: 1096} | ret=SUCCESS |  
2019-08-23 02:48:00,211 | INFO  | DNAudit | user=null | ip=null | op=WRITE_CHUNK {blockData=conID: 1 locID: 102664010307010985 bcsId: 1096} | ret=SUCCESS |  
2019-08-23 02:48:00,222 | INFO  | DNAudit | user=null | ip=null | op=WRITE_CHUNK {blockData=conID: 1 locID: 102664010307010985 bcsId: 1096} | ret=SUCCESS |  
2019-08-23 02:48:00,222 | INFO  | DNAudit | user=null | ip=null | op=PUT_BLOCK {blockData=[blockId=conID: 1 locID: 102664010307010985 bcsId: 0,size=3145728]} | ret=SUCCESS |  
2019-08-23 02:48:00,223 [grpc-default-executor-6] INFO  client.GrpcClientProtocolClient (GrpcClientProtocolClient.java:onNext(255)) - client-B268B4322F32->17750241-545b-4219-93a1-14a6ea3d85be: receive RaftClientReply:client-B268B4322F32->17750241-545b-4219-93a1-14a6ea3d85be@group-C33FBD9556F2, cid=833, SUCCESS, logIndex=1101, commits[17750241-545b-4219-93a1-14a6ea3d85be:c1102, 4eaaa090-573e-41d3-9f8c-c99e236d806a:c1100, 5f4cf9ee-4bed-49de-adaa-861aec894328:c1100]
2019-08-23 02:48:00,223 [grpc-default-executor-6] INFO  client.GrpcClientProtocolClient (GrpcClientProtocolClient.java:onNext(255)) - client-B268B4322F32->17750241-545b-4219-93a1-14a6ea3d85be: receive RaftClientReply:client-B268B4322F32->17750241-545b-4219-93a1-14a6ea3d85be@group-C33FBD9556F2, cid=834, SUCCESS, logIndex=1102, commits[17750241-545b-4219-93a1-14a6ea3d85be:c1102, 4eaaa090-573e-41d3-9f8c-c99e236d806a:c1100, 5f4cf9ee-4bed-49de-adaa-861aec894328:c1100]
2019-08-23 02:48:00,230 | INFO  | DNAudit | user=null | ip=null | op=WRITE_CHUNK {blockData=conID: 1 locID: 102664010307010985 bcsId: 1102} | ret=SUCCESS |  
2019-08-23 02:48:00,471 | INFO  | DNAudit | user=null | ip=null | op=WRITE_CHUNK {blockData=conID: 1 locID: 102664010307010985 bcsId: 1096} | ret=SUCCESS |  
2019-08-23 02:48:00,471 | INFO  | DNAudit | user=null | ip=null | op=WRITE_CHUNK {blockData=conID: 1 locID: 102664010307010985 bcsId: 1096} | ret=SUCCESS |  
2019-08-23 02:48:00,471 | INFO  | DNAudit | user=null | ip=null | op=PUT_BLOCK {blockData=[blockId=conID: 1 locID: 102664010307010985 bcsId: 0,size=3145728]} | ret=SUCCESS |  
2019-08-23 02:48:00,471 | INFO  | DNAudit | user=null | ip=null | op=PUT_BLOCK {blockData=[blockId=conID: 1 locID: 102664010307010985 bcsId: 0,size=3145728]} | ret=SUCCESS |  
2019-08-23 02:48:00,472 | INFO  | DNAudit | user=null | ip=null | op=WRITE_CHUNK {blockData=conID: 1 locID: 102664010307010985 bcsId: 1102} | ret=SUCCESS |  
2019-08-23 02:48:00,473 | INFO  | DNAudit | user=null | ip=null | op=WRITE_CHUNK {blockData=conID: 1 locID: 102664010307010985 bcsId: 1102} | ret=SUCCESS |  
2019-08-23 02:48:00,483 | INFO  | DNAudit | user=null | ip=null | op=WRITE_CHUNK {blockData=conID: 1 locID: 102664010307010985 bcsId: 1102} | ret=SUCCESS |  
2019-08-23 02:48:00,484 | INFO  | DNAudit | user=null | ip=null | op=PUT_BLOCK {blockData=[blockId=conID: 1 locID: 102664010307010985 bcsId: 0,size=4194304]} | ret=SUCCESS |  
2019-08-23 02:48:00,484 [grpc-default-executor-6] INFO  client.GrpcClientProtocolClient (GrpcClientProtocolClient.java:onNext(255)) - client-B268B4322F32->17750241-545b-4219-93a1-14a6ea3d85be: receive RaftClientReply:client-B268B4322F32->17750241-545b-4219-93a1-14a6ea3d85be@group-C33FBD9556F2, cid=835, SUCCESS, logIndex=1105, commits[17750241-545b-4219-93a1-14a6ea3d85be:c1106, 4eaaa090-573e-41d3-9f8c-c99e236d806a:c1102, 5f4cf9ee-4bed-49de-adaa-861aec894328:c1102]
2019-08-23 02:48:00,485 | INFO  | DNAudit | user=null | ip=null | op=WRITE_CHUNK {blockData=conID: 1 locID: 102664010307010985 bcsId: 1102} | ret=SUCCESS |  
2019-08-23 02:48:00,485 | INFO  | DNAudit | user=null | ip=null | op=WRITE_CHUNK {blockData=conID: 1 locID: 102664010307010985 bcsId: 1102} | ret=SUCCESS |  
2019-08-23 02:48:00,485 [grpc-default-executor-4] INFO  client.GrpcClientProtocolClient (GrpcClientProtocolClient.java:onNext(255)) - client-B268B4322F32->17750241-545b-4219-93a1-14a6ea3d85be: receive RaftClientReply:client-B268B4322F32->17750241-545b-4219-93a1-14a6ea3d85be@group-C33FBD9556F2, cid=836, SUCCESS, logIndex=1106, commits[17750241-545b-4219-93a1-14a6ea3d85be:c1106, 4eaaa090-573e-41d3-9f8c-c99e236d806a:c1102, 5f4cf9ee-4bed-49de-adaa-861aec894328:c1102]
2019-08-23 02:48:00,486 | INFO  | DNAudit | user=null | ip=null | op=PUT_BLOCK {blockData=[blockId=conID: 1 locID: 102664010307010985 bcsId: 0,size=4194304]} | ret=SUCCESS |  
2019-08-23 02:48:00,486 | INFO  | DNAudit | user=null | ip=null | op=PUT_BLOCK {blockData=[blockId=conID: 1 locID: 102664010307010985 bcsId: 0,size=4194304]} | ret=SUCCESS |  
2019-08-23 02:48:00,487 [grpc-default-executor-6] INFO  client.GrpcClientProtocolClient (GrpcClientProtocolClient.java:onNext(255)) - client-B268B4322F32->17750241-545b-4219-93a1-14a6ea3d85be: receive RaftClientReply:client-B268B4322F32->17750241-545b-4219-93a1-14a6ea3d85be@group-C33FBD9556F2, cid=837, SUCCESS, logIndex=0, commits[17750241-545b-4219-93a1-14a6ea3d85be:c1108, 4eaaa090-573e-41d3-9f8c-c99e236d806a:c1106, 5f4cf9ee-4bed-49de-adaa-861aec894328:c1106]
2019-08-23 02:48:00,497 | INFO  | DNAudit | user=null | ip=null | op=WRITE_CHUNK {blockData=conID: 2 locID: 102664010307010986 bcsId: 0} | ret=SUCCESS |  
2019-08-23 02:48:00,500 | INFO  | DNAudit | user=null | ip=null | op=WRITE_CHUNK {blockData=conID: 2 locID: 102664010307010986 bcsId: 0} | ret=SUCCESS |  
2019-08-23 02:48:00,501 | INFO  | DNAudit | user=null | ip=null | op=WRITE_CHUNK {blockData=conID: 2 locID: 102664010307010986 bcsId: 0} | ret=SUCCESS |  
2019-08-23 02:48:00,501 | INFO  | DNAudit | user=null | ip=null | op=WRITE_CHUNK {blockData=conID: 2 locID: 102664010307010986 bcsId: 0} | ret=SUCCESS |  
2019-08-23 02:48:00,504 | INFO  | DNAudit | user=null | ip=null | op=WRITE_CHUNK {blockData=conID: 2 locID: 102664010307010986 bcsId: 0} | ret=SUCCESS |  
2019-08-23 02:48:00,504 | INFO  | DNAudit | user=null | ip=null | op=WRITE_CHUNK {blockData=conID: 2 locID: 102664010307010986 bcsId: 0} | ret=SUCCESS |  
2019-08-23 02:48:00,510 | INFO  | DNAudit | user=null | ip=null | op=WRITE_CHUNK {blockData=conID: 2 locID: 102664010307010986 bcsId: 0} | ret=SUCCESS |  
2019-08-23 02:48:00,510 | INFO  | DNAudit | user=null | ip=null | op=PUT_BLOCK {blockData=[blockId=conID: 2 locID: 102664010307010986 bcsId: 0,size=1048576]} | ret=SUCCESS |  
2019-08-23 02:48:00,511 | INFO  | DNAudit | user=null | ip=null | op=WRITE_CHUNK {blockData=conID: 2 locID: 102664010307010986 bcsId: 0} | ret=SUCCESS |  
2019-08-23 02:48:00,511 [grpc-default-executor-6] INFO  client.GrpcClientProtocolClient (GrpcClientProtocolClient.java:onNext(255)) - client-B268B4322F32->17750241-545b-4219-93a1-14a6ea3d85be: receive RaftClientReply:client-B268B4322F32->17750241-545b-4219-93a1-14a6ea3d85be@group-C33FBD9556F2, cid=838, SUCCESS, logIndex=1109, commits[17750241-545b-4219-93a1-14a6ea3d85be:c1110, 4eaaa090-573e-41d3-9f8c-c99e236d806a:c1108, 5f4cf9ee-4bed-49de-adaa-861aec894328:c1108]
2019-08-23 02:48:00,511 | INFO  | DNAudit | user=null | ip=null | op=WRITE_CHUNK {blockData=conID: 2 locID: 102664010307010986 bcsId: 0} | ret=SUCCESS |  
2019-08-23 02:48:00,512 | INFO  | DNAudit | user=null | ip=null | op=PUT_BLOCK {blockData=[blockId=conID: 2 locID: 102664010307010986 bcsId: 0,size=2097152]} | ret=SUCCESS |  
2019-08-23 02:48:00,512 [grpc-default-executor-6] INFO  client.GrpcClientProtocolClient (GrpcClientProtocolClient.java:onNext(255)) - client-B268B4322F32->17750241-545b-4219-93a1-14a6ea3d85be: receive RaftClientReply:client-B268B4322F32->17750241-545b-4219-93a1-14a6ea3d85be@group-C33FBD9556F2, cid=839, SUCCESS, logIndex=1110, commits[17750241-545b-4219-93a1-14a6ea3d85be:c1112, 4eaaa090-573e-41d3-9f8c-c99e236d806a:c1108, 5f4cf9ee-4bed-49de-adaa-861aec894328:c1108]
2019-08-23 02:48:00,512 [grpc-default-executor-4] INFO  client.GrpcClientProtocolClient (GrpcClientProtocolClient.java:onNext(255)) - client-B268B4322F32->17750241-545b-4219-93a1-14a6ea3d85be: receive RaftClientReply:client-B268B4322F32->17750241-545b-4219-93a1-14a6ea3d85be@group-C33FBD9556F2, cid=840, SUCCESS, logIndex=1111, commits[17750241-545b-4219-93a1-14a6ea3d85be:c1112, 4eaaa090-573e-41d3-9f8c-c99e236d806a:c1108, 5f4cf9ee-4bed-49de-adaa-861aec894328:c1108]
2019-08-23 02:48:00,513 | INFO  | DNAudit | user=null | ip=null | op=PUT_BLOCK {blockData=[blockId=conID: 2 locID: 102664010307010986 bcsId: 0,size=1048576]} | ret=SUCCESS |  
2019-08-23 02:48:00,513 [grpc-default-executor-4] INFO  client.GrpcClientProtocolClient (GrpcClientProtocolClient.java:onNext(255)) - client-B268B4322F32->17750241-545b-4219-93a1-14a6ea3d85be: receive RaftClientReply:client-B268B4322F32->17750241-545b-4219-93a1-14a6ea3d85be@group-C33FBD9556F2, cid=841, SUCCESS, logIndex=1112, commits[17750241-545b-4219-93a1-14a6ea3d85be:c1113, 4eaaa090-573e-41d3-9f8c-c99e236d806a:c1109, 5f4cf9ee-4bed-49de-adaa-861aec894328:c1108]
2019-08-23 02:48:00,513 | INFO  | DNAudit | user=null | ip=null | op=WRITE_CHUNK {blockData=conID: 2 locID: 102664010307010986 bcsId: 0} | ret=SUCCESS |  
2019-08-23 02:48:00,513 | INFO  | DNAudit | user=null | ip=null | op=WRITE_CHUNK {blockData=conID: 2 locID: 102664010307010986 bcsId: 0} | ret=SUCCESS |  
2019-08-23 02:48:00,513 | INFO  | DNAudit | user=null | ip=null | op=PUT_BLOCK {blockData=[blockId=conID: 2 locID: 102664010307010986 bcsId: 0,size=2097152]} | ret=SUCCESS |  
2019-08-23 02:48:00,514 | INFO  | DNAudit | user=null | ip=null | op=PUT_BLOCK {blockData=[blockId=conID: 2 locID: 102664010307010986 bcsId: 0,size=1048576]} | ret=SUCCESS |  
2019-08-23 02:48:00,514 | INFO  | DNAudit | user=null | ip=null | op=WRITE_CHUNK {blockData=conID: 2 locID: 102664010307010986 bcsId: 0} | ret=SUCCESS |  
2019-08-23 02:48:00,514 | INFO  | DNAudit | user=null | ip=null | op=PUT_BLOCK {blockData=[blockId=conID: 2 locID: 102664010307010986 bcsId: 0,size=2097152]} | ret=SUCCESS |  
2019-08-23 02:48:00,514 [grpc-default-executor-5] INFO  client.GrpcClientProtocolClient (GrpcClientProtocolClient.java:onNext(255)) - client-B268B4322F32->17750241-545b-4219-93a1-14a6ea3d85be: receive RaftClientReply:client-B268B4322F32->17750241-545b-4219-93a1-14a6ea3d85be@group-C33FBD9556F2, cid=842, SUCCESS, logIndex=0, commits[17750241-545b-4219-93a1-14a6ea3d85be:c1116, 4eaaa090-573e-41d3-9f8c-c99e236d806a:c1112, 5f4cf9ee-4bed-49de-adaa-861aec894328:c1112]
2019-08-23 02:48:00,523 | INFO  | DNAudit | user=null | ip=null | op=WRITE_CHUNK {blockData=conID: 2 locID: 102664010307010986 bcsId: 1112} | ret=SUCCESS |  
2019-08-23 02:48:00,526 | INFO  | DNAudit | user=null | ip=null | op=WRITE_CHUNK {blockData=conID: 2 locID: 102664010307010986 bcsId: 1112} | ret=SUCCESS |  
2019-08-23 02:48:00,526 | INFO  | DNAudit | user=null | ip=null | op=WRITE_CHUNK {blockData=conID: 2 locID: 102664010307010986 bcsId: 1112} | ret=SUCCESS |  
2019-08-23 02:48:00,536 | INFO  | DNAudit | user=null | ip=null | op=WRITE_CHUNK {blockData=conID: 2 locID: 102664010307010986 bcsId: 1112} | ret=SUCCESS |  
2019-08-23 02:48:00,537 | INFO  | DNAudit | user=null | ip=null | op=PUT_BLOCK {blockData=[blockId=conID: 2 locID: 102664010307010986 bcsId: 0,size=3145728]} | ret=SUCCESS |  
2019-08-23 02:48:00,537 [grpc-default-executor-4] INFO  client.GrpcClientProtocolClient (GrpcClientProtocolClient.java:onNext(255)) - client-B268B4322F32->17750241-545b-4219-93a1-14a6ea3d85be: receive RaftClientReply:client-B268B4322F32->17750241-545b-4219-93a1-14a6ea3d85be@group-C33FBD9556F2, cid=843, SUCCESS, logIndex=1117, commits[17750241-545b-4219-93a1-14a6ea3d85be:c1118, 4eaaa090-573e-41d3-9f8c-c99e236d806a:c1116, 5f4cf9ee-4bed-49de-adaa-861aec894328:c1116]
2019-08-23 02:48:00,538 [grpc-default-executor-4] INFO  client.GrpcClientProtocolClient (GrpcClientProtocolClient.java:onNext(255)) - client-B268B4322F32->17750241-545b-4219-93a1-14a6ea3d85be: receive RaftClientReply:client-B268B4322F32->17750241-545b-4219-93a1-14a6ea3d85be@group-C33FBD9556F2, cid=844, SUCCESS, logIndex=1118, commits[17750241-545b-4219-93a1-14a6ea3d85be:c1118, 4eaaa090-573e-41d3-9f8c-c99e236d806a:c1116, 5f4cf9ee-4bed-49de-adaa-861aec894328:c1116]
2019-08-23 02:48:00,548 | INFO  | DNAudit | user=null | ip=null | op=WRITE_CHUNK {blockData=conID: 2 locID: 102664010307010986 bcsId: 1112} | ret=SUCCESS |  
2019-08-23 02:48:00,548 | INFO  | DNAudit | user=null | ip=null | op=WRITE_CHUNK {blockData=conID: 2 locID: 102664010307010986 bcsId: 1112} | ret=SUCCESS |  
2019-08-23 02:48:00,548 | INFO  | DNAudit | user=null | ip=null | op=WRITE_CHUNK {blockData=conID: 2 locID: 102664010307010986 bcsId: 1118} | ret=SUCCESS |  
 0.00% |█                                                                                                    |  0/1 Time: 0:00:032019-08-23 02:48:00,549 | INFO  | DNAudit | user=null | ip=null | op=PUT_BLOCK {blockData=[blockId=conID: 2 locID: 102664010307010986 bcsId: 0,size=3145728]} | ret=SUCCESS |  
2019-08-23 02:48:00,549 | INFO  | DNAudit | user=null | ip=null | op=PUT_BLOCK {blockData=[blockId=conID: 2 locID: 102664010307010986 bcsId: 0,size=3145728]} | ret=SUCCESS |  
2019-08-23 02:48:00,551 | INFO  | DNAudit | user=null | ip=null | op=WRITE_CHUNK {blockData=conID: 2 locID: 102664010307010986 bcsId: 1118} | ret=SUCCESS |  
2019-08-23 02:48:00,551 | INFO  | DNAudit | user=null | ip=null | op=WRITE_CHUNK {blockData=conID: 2 locID: 102664010307010986 bcsId: 1118} | ret=SUCCESS |  
2019-08-23 02:48:00,563 | INFO  | DNAudit | user=null | ip=null | op=WRITE_CHUNK {blockData=conID: 2 locID: 102664010307010986 bcsId: 1118} | ret=SUCCESS |  
2019-08-23 02:48:00,564 | INFO  | DNAudit | user=null | ip=null | op=PUT_BLOCK {blockData=[blockId=conID: 2 locID: 102664010307010986 bcsId: 0,size=4194304]} | ret=SUCCESS |  
2019-08-23 02:48:00,564 [grpc-default-executor-2] INFO  client.GrpcClientProtocolClient (GrpcClientProtocolClient.java:onNext(255)) - client-B268B4322F32->17750241-545b-4219-93a1-14a6ea3d85be: receive RaftClientReply:client-B268B4322F32->17750241-545b-4219-93a1-14a6ea3d85be@group-C33FBD9556F2, cid=845, SUCCESS, logIndex=1121, commits[17750241-545b-4219-93a1-14a6ea3d85be:c1122, 4eaaa090-573e-41d3-9f8c-c99e236d806a:c1118, 5f4cf9ee-4bed-49de-adaa-861aec894328:c1118]
2019-08-23 02:48:00,565 [grpc-default-executor-2] INFO  client.GrpcClientProtocolClient (GrpcClientProtocolClient.java:onNext(255)) - client-B268B4322F32->17750241-545b-4219-93a1-14a6ea3d85be: receive RaftClientReply:client-B268B4322F32->17750241-545b-4219-93a1-14a6ea3d85be@group-C33FBD9556F2, cid=846, SUCCESS, logIndex=1122, commits[17750241-545b-4219-93a1-14a6ea3d85be:c1122, 4eaaa090-573e-41d3-9f8c-c99e236d806a:c1118, 5f4cf9ee-4bed-49de-adaa-861aec894328:c1118]
2019-08-23 02:48:00,575 | INFO  | DNAudit | user=null | ip=null | op=WRITE_CHUNK {blockData=conID: 2 locID: 102664010307010986 bcsId: 1118} | ret=SUCCESS |  
2019-08-23 02:48:00,575 | INFO  | DNAudit | user=null | ip=null | op=WRITE_CHUNK {blockData=conID: 2 locID: 102664010307010986 bcsId: 1118} | ret=SUCCESS |  
2019-08-23 02:48:00,578 | INFO  | DNAudit | user=null | ip=null | op=PUT_BLOCK {blockData=[blockId=conID: 2 locID: 102664010307010986 bcsId: 0,size=4194304]} | ret=SUCCESS |  
2019-08-23 02:48:00,578 | INFO  | DNAudit | user=null | ip=null | op=PUT_BLOCK {blockData=[blockId=conID: 2 locID: 102664010307010986 bcsId: 0,size=4194304]} | ret=SUCCESS |  
2019-08-23 02:48:00,578 [grpc-default-executor-2] INFO  client.GrpcClientProtocolClient (GrpcClientProtocolClient.java:onNext(255)) - client-B268B4322F32->17750241-545b-4219-93a1-14a6ea3d85be: receive RaftClientReply:client-B268B4322F32->17750241-545b-4219-93a1-14a6ea3d85be@group-C33FBD9556F2, cid=847, SUCCESS, logIndex=0, commits[17750241-545b-4219-93a1-14a6ea3d85be:c1124, 4eaaa090-573e-41d3-9f8c-c99e236d806a:c1122, 5f4cf9ee-4bed-49de-adaa-861aec894328:c1122]
2019-08-23 02:48:00,585 | INFO  | DNAudit | user=null | ip=null | op=WRITE_CHUNK {blockData=conID: 3 locID: 102664010307010987 bcsId: 0} | ret=SUCCESS |  
2019-08-23 02:48:00,588 | INFO  | DNAudit | user=null | ip=null | op=WRITE_CHUNK {blockData=conID: 3 locID: 102664010307010987 bcsId: 0} | ret=SUCCESS |  
2019-08-23 02:48:00,588 | INFO  | DNAudit | user=null | ip=null | op=WRITE_CHUNK {blockData=conID: 3 locID: 102664010307010987 bcsId: 0} | ret=SUCCESS |  
2019-08-23 02:48:00,589 | INFO  | DNAudit | user=null | ip=null | op=WRITE_CHUNK {blockData=conID: 3 locID: 102664010307010987 bcsId: 0} | ret=SUCCESS |  
2019-08-23 02:48:00,591 | INFO  | DNAudit | user=null | ip=null | op=WRITE_CHUNK {blockData=conID: 3 locID: 102664010307010987 bcsId: 0} | ret=SUCCESS |  
2019-08-23 02:48:00,591 | INFO  | DNAudit | user=null | ip=null | op=WRITE_CHUNK {blockData=conID: 3 locID: 102664010307010987 bcsId: 0} | ret=SUCCESS |  
2019-08-23 02:48:00,598 | INFO  | DNAudit | user=null | ip=null | op=WRITE_CHUNK {blockData=conID: 3 locID: 102664010307010987 bcsId: 0} | ret=SUCCESS |  
2019-08-23 02:48:00,598 | INFO  | DNAudit | user=null | ip=null | op=PUT_BLOCK {blockData=[blockId=conID: 3 locID: 102664010307010987 bcsId: 0,size=1048576]} | ret=SUCCESS |  
2019-08-23 02:48:00,599 [grpc-default-executor-2] INFO  client.GrpcClientProtocolClient (GrpcClientProtocolClient.java:onNext(255)) - client-B268B4322F32->17750241-545b-4219-93a1-14a6ea3d85be: receive RaftClientReply:client-B268B4322F32->17750241-545b-4219-93a1-14a6ea3d85be@group-C33FBD9556F2, cid=848, SUCCESS, logIndex=1125, commits[17750241-545b-4219-93a1-14a6ea3d85be:c1126, 4eaaa090-573e-41d3-9f8c-c99e236d806a:c1124, 5f4cf9ee-4bed-49de-adaa-861aec894328:c1124]
2019-08-23 02:48:00,599 | INFO  | DNAudit | user=null | ip=null | op=WRITE_CHUNK {blockData=conID: 3 locID: 102664010307010987 bcsId: 0} | ret=SUCCESS |  
2019-08-23 02:48:00,599 | INFO  | DNAudit | user=null | ip=null | op=PUT_BLOCK {blockData=[blockId=conID: 3 locID: 102664010307010987 bcsId: 0,size=2097152]} | ret=SUCCESS |  
2019-08-23 02:48:00,600 [grpc-default-executor-2] INFO  client.GrpcClientProtocolClient (GrpcClientProtocolClient.java:onNext(255)) - client-B268B4322F32->17750241-545b-4219-93a1-14a6ea3d85be: receive RaftClientReply:client-B268B4322F32->17750241-545b-4219-93a1-14a6ea3d85be@group-C33FBD9556F2, cid=849, SUCCESS, logIndex=1126, commits[17750241-545b-4219-93a1-14a6ea3d85be:c1128, 4eaaa090-573e-41d3-9f8c-c99e236d806a:c1124, 5f4cf9ee-4bed-49de-adaa-861aec894328:c1124]
2019-08-23 02:48:00,600 | INFO  | DNAudit | user=null | ip=null | op=WRITE_CHUNK {blockData=conID: 3 locID: 102664010307010987 bcsId: 0} | ret=SUCCESS |  
2019-08-23 02:48:00,600 [grpc-default-executor-2] INFO  client.GrpcClientProtocolClient (GrpcClientProtocolClient.java:onNext(255)) - client-B268B4322F32->17750241-545b-4219-93a1-14a6ea3d85be: receive RaftClientReply:client-B268B4322F32->17750241-545b-4219-93a1-14a6ea3d85be@group-C33FBD9556F2, cid=850, SUCCESS, logIndex=1127, commits[17750241-545b-4219-93a1-14a6ea3d85be:c1128, 4eaaa090-573e-41d3-9f8c-c99e236d806a:c1124, 5f4cf9ee-4bed-49de-adaa-861aec894328:c1124]
2019-08-23 02:48:00,600 | INFO  | DNAudit | user=null | ip=null | op=PUT_BLOCK {blockData=[blockId=conID: 3 locID: 102664010307010987 bcsId: 0,size=1048576]} | ret=SUCCESS |  
2019-08-23 02:48:00,600 [grpc-default-executor-2] INFO  client.GrpcClientProtocolClient (GrpcClientProtocolClient.java:onNext(255)) - client-B268B4322F32->17750241-545b-4219-93a1-14a6ea3d85be: receive RaftClientReply:client-B268B4322F32->17750241-545b-4219-93a1-14a6ea3d85be@group-C33FBD9556F2, cid=851, SUCCESS, logIndex=1128, commits[17750241-545b-4219-93a1-14a6ea3d85be:c1128, 4eaaa090-573e-41d3-9f8c-c99e236d806a:c1124, 5f4cf9ee-4bed-49de-adaa-861aec894328:c1124]
2019-08-23 02:48:00,600 | INFO  | DNAudit | user=null | ip=null | op=WRITE_CHUNK {blockData=conID: 3 locID: 102664010307010987 bcsId: 0} | ret=SUCCESS |  
2019-08-23 02:48:00,600 | INFO  | DNAudit | user=null | ip=null | op=PUT_BLOCK {blockData=[blockId=conID: 3 locID: 102664010307010987 bcsId: 0,size=1048576]} | ret=SUCCESS |  
2019-08-23 02:48:00,601 | INFO  | DNAudit | user=null | ip=null | op=WRITE_CHUNK {blockData=conID: 3 locID: 102664010307010987 bcsId: 0} | ret=SUCCESS |  
2019-08-23 02:48:00,601 | INFO  | DNAudit | user=null | ip=null | op=WRITE_CHUNK {blockData=conID: 3 locID: 102664010307010987 bcsId: 0} | ret=SUCCESS |  
2019-08-23 02:48:00,601 | INFO  | DNAudit | user=null | ip=null | op=PUT_BLOCK {blockData=[blockId=conID: 3 locID: 102664010307010987 bcsId: 0,size=2097152]} | ret=SUCCESS |  
2019-08-23 02:48:00,601 | INFO  | DNAudit | user=null | ip=null | op=PUT_BLOCK {blockData=[blockId=conID: 3 locID: 102664010307010987 bcsId: 0,size=2097152]} | ret=SUCCESS |  
2019-08-23 02:48:00,601 [grpc-default-executor-2] INFO  client.GrpcClientProtocolClient (GrpcClientProtocolClient.java:onNext(255)) - client-B268B4322F32->17750241-545b-4219-93a1-14a6ea3d85be: receive RaftClientReply:client-B268B4322F32->17750241-545b-4219-93a1-14a6ea3d85be@group-C33FBD9556F2, cid=852, SUCCESS, logIndex=0, commits[17750241-545b-4219-93a1-14a6ea3d85be:c1131, 4eaaa090-573e-41d3-9f8c-c99e236d806a:c1128, 5f4cf9ee-4bed-49de-adaa-861aec894328:c1126]
2019-08-23 02:48:00,607 | INFO  | DNAudit | user=null | ip=null | op=WRITE_CHUNK {blockData=conID: 3 locID: 102664010307010987 bcsId: 1128} | ret=SUCCESS |  
2019-08-23 02:48:00,609 | INFO  | DNAudit | user=null | ip=null | op=WRITE_CHUNK {blockData=conID: 3 locID: 102664010307010987 bcsId: 1128} | ret=SUCCESS |  
2019-08-23 02:48:00,610 | INFO  | DNAudit | user=null | ip=null | op=WRITE_CHUNK {blockData=conID: 3 locID: 102664010307010987 bcsId: 1128} | ret=SUCCESS |  
2019-08-23 02:48:00,620 | INFO  | DNAudit | user=null | ip=null | op=WRITE_CHUNK {blockData=conID: 3 locID: 102664010307010987 bcsId: 1128} | ret=SUCCESS |  
2019-08-23 02:48:00,621 | INFO  | DNAudit | user=null | ip=null | op=PUT_BLOCK {blockData=[blockId=conID: 3 locID: 102664010307010987 bcsId: 0,size=3145728]} | ret=SUCCESS |  
2019-08-23 02:48:00,621 [grpc-default-executor-4] INFO  client.GrpcClientProtocolClient (GrpcClientProtocolClient.java:onNext(255)) - client-B268B4322F32->17750241-545b-4219-93a1-14a6ea3d85be: receive RaftClientReply:client-B268B4322F32->17750241-545b-4219-93a1-14a6ea3d85be@group-C33FBD9556F2, cid=853, SUCCESS, logIndex=1132, commits[17750241-545b-4219-93a1-14a6ea3d85be:c1133, 4eaaa090-573e-41d3-9f8c-c99e236d806a:c1131, 5f4cf9ee-4bed-49de-adaa-861aec894328:c1131]
2019-08-23 02:48:00,621 [grpc-default-executor-4] INFO  client.GrpcClientProtocolClient (GrpcClientProtocolClient.java:onNext(255)) - client-B268B4322F32->17750241-545b-4219-93a1-14a6ea3d85be: receive RaftClientReply:client-B268B4322F32->17750241-545b-4219-93a1-14a6ea3d85be@group-C33FBD9556F2, cid=854, SUCCESS, logIndex=1133, commits[17750241-545b-4219-93a1-14a6ea3d85be:c1133, 4eaaa090-573e-41d3-9f8c-c99e236d806a:c1131, 5f4cf9ee-4bed-49de-adaa-861aec894328:c1131]
2019-08-23 02:48:00,627 | INFO  | DNAudit | user=null | ip=null | op=WRITE_CHUNK {blockData=conID: 3 locID: 102664010307010987 bcsId: 1133} | ret=SUCCESS |  
2019-08-23 02:48:00,630 | INFO  | DNAudit | user=null | ip=null | op=WRITE_CHUNK {blockData=conID: 3 locID: 102664010307010987 bcsId: 1133} | ret=SUCCESS |  
2019-08-23 02:48:00,630 | INFO  | DNAudit | user=null | ip=null | op=WRITE_CHUNK {blockData=conID: 3 locID: 102664010307010987 bcsId: 1133} | ret=SUCCESS |  
2019-08-23 02:48:00,631 | INFO  | DNAudit | user=null | ip=null | op=WRITE_CHUNK {blockData=conID: 3 locID: 102664010307010987 bcsId: 1128} | ret=SUCCESS |  
2019-08-23 02:48:00,631 | INFO  | DNAudit | user=null | ip=null | op=WRITE_CHUNK {blockData=conID: 3 locID: 102664010307010987 bcsId: 1128} | ret=SUCCESS |  
2019-08-23 02:48:00,634 | INFO  | DNAudit | user=null | ip=null | op=PUT_BLOCK {blockData=[blockId=conID: 3 locID: 102664010307010987 bcsId: 0,size=3145728]} | ret=SUCCESS |  
2019-08-23 02:48:00,634 | INFO  | DNAudit | user=null | ip=null | op=PUT_BLOCK {blockData=[blockId=conID: 3 locID: 102664010307010987 bcsId: 0,size=3145728]} | ret=SUCCESS |  
2019-08-23 02:48:00,634 | INFO  | DNAudit | user=null | ip=null | op=WRITE_CHUNK {blockData=conID: 3 locID: 102664010307010987 bcsId: 1133} | ret=SUCCESS |  
2019-08-23 02:48:00,635 | INFO  | DNAudit | user=null | ip=null | op=PUT_BLOCK {blockData=[blockId=conID: 3 locID: 102664010307010987 bcsId: 0,size=4194304]} | ret=SUCCESS |  
2019-08-23 02:48:00,635 [grpc-default-executor-6] INFO  client.GrpcClientProtocolClient (GrpcClientProtocolClient.java:onNext(255)) - client-B268B4322F32->17750241-545b-4219-93a1-14a6ea3d85be: receive RaftClientReply:client-B268B4322F32->17750241-545b-4219-93a1-14a6ea3d85be@group-C33FBD9556F2, cid=855, SUCCESS, logIndex=1136, commits[17750241-545b-4219-93a1-14a6ea3d85be:c1137, 4eaaa090-573e-41d3-9f8c-c99e236d806a:c1133, 5f4cf9ee-4bed-49de-adaa-861aec894328:c1133]
2019-08-23 02:48:00,635 [grpc-default-executor-6] INFO  client.GrpcClientProtocolClient (GrpcClientProtocolClient.java:onNext(255)) - client-B268B4322F32->17750241-545b-4219-93a1-14a6ea3d85be: receive RaftClientReply:client-B268B4322F32->17750241-545b-4219-93a1-14a6ea3d85be@group-C33FBD9556F2, cid=856, SUCCESS, logIndex=1137, commits[17750241-545b-4219-93a1-14a6ea3d85be:c1137, 4eaaa090-573e-41d3-9f8c-c99e236d806a:c1133, 5f4cf9ee-4bed-49de-adaa-861aec894328:c1133]
2019-08-23 02:48:00,646 | INFO  | DNAudit | user=null | ip=null | op=WRITE_CHUNK {blockData=conID: 3 locID: 102664010307010987 bcsId: 1133} | ret=SUCCESS |  
2019-08-23 02:48:00,647 | INFO  | DNAudit | user=null | ip=null | op=WRITE_CHUNK {blockData=conID: 3 locID: 102664010307010987 bcsId: 1133} | ret=SUCCESS |  
2019-08-23 02:48:00,647 | INFO  | DNAudit | user=null | ip=null | op=PUT_BLOCK {blockData=[blockId=conID: 3 locID: 102664010307010987 bcsId: 0,size=4194304]} | ret=SUCCESS |  
2019-08-23 02:48:00,648 | INFO  | DNAudit | user=null | ip=null | op=PUT_BLOCK {blockData=[blockId=conID: 3 locID: 102664010307010987 bcsId: 0,size=4194304]} | ret=SUCCESS |  
2019-08-23 02:48:00,648 [grpc-default-executor-6] INFO  client.GrpcClientProtocolClient (GrpcClientProtocolClient.java:onNext(255)) - client-B268B4322F32->17750241-545b-4219-93a1-14a6ea3d85be: receive RaftClientReply:client-B268B4322F32->17750241-545b-4219-93a1-14a6ea3d85be@group-C33FBD9556F2, cid=857, SUCCESS, logIndex=0, commits[17750241-545b-4219-93a1-14a6ea3d85be:c1138, 4eaaa090-573e-41d3-9f8c-c99e236d806a:c1137, 5f4cf9ee-4bed-49de-adaa-861aec894328:c1137]
2019-08-23 02:48:00,654 | INFO  | DNAudit | user=null | ip=null | op=WRITE_CHUNK {blockData=conID: 1 locID: 102664010307010988 bcsId: 0} | ret=SUCCESS |  
2019-08-23 02:48:00,657 | INFO  | DNAudit | user=null | ip=null | op=WRITE_CHUNK {blockData=conID: 1 locID: 102664010307010988 bcsId: 0} | ret=SUCCESS |  
2019-08-23 02:48:00,657 | INFO  | DNAudit | user=null | ip=null | op=WRITE_CHUNK {blockData=conID: 1 locID: 102664010307010988 bcsId: 0} | ret=SUCCESS |  
2019-08-23 02:48:00,657 | INFO  | DNAudit | user=null | ip=null | op=WRITE_CHUNK {blockData=conID: 1 locID: 102664010307010988 bcsId: 0} | ret=SUCCESS |  
2019-08-23 02:48:00,658 | INFO  | DNAudit | user=null | ip=null | op=WRITE_CHUNK {blockData=conID: 1 locID: 102664010307010988 bcsId: 0} | ret=SUCCESS |  
2019-08-23 02:48:00,658 | INFO  | DNAudit | user=null | ip=null | op=WRITE_CHUNK {blockData=conID: 1 locID: 102664010307010988 bcsId: 0} | ret=SUCCESS |  
2019-08-23 02:48:00,660 | INFO  | DNAudit | user=null | ip=null | op=WRITE_CHUNK {blockData=conID: 1 locID: 102664010307010988 bcsId: 0} | ret=SUCCESS |  
2019-08-23 02:48:00,661 | INFO  | DNAudit | user=null | ip=null | op=PUT_BLOCK {blockData=[blockId=conID: 1 locID: 102664010307010988 bcsId: 0,size=1048576]} | ret=SUCCESS |  
2019-08-23 02:48:00,661 | INFO  | DNAudit | user=null | ip=null | op=WRITE_CHUNK {blockData=conID: 1 locID: 102664010307010988 bcsId: 0} | ret=SUCCESS |  
2019-08-23 02:48:00,661 [grpc-default-executor-4] INFO  client.GrpcClientProtocolClient (GrpcClientProtocolClient.java:onNext(255)) - client-B268B4322F32->17750241-545b-4219-93a1-14a6ea3d85be: receive RaftClientReply:client-B268B4322F32->17750241-545b-4219-93a1-14a6ea3d85be@group-C33FBD9556F2, cid=858, SUCCESS, logIndex=1140, commits[17750241-545b-4219-93a1-14a6ea3d85be:c1143, 4eaaa090-573e-41d3-9f8c-c99e236d806a:c1139, 5f4cf9ee-4bed-49de-adaa-861aec894328:c1137]
2019-08-23 02:48:00,661 | INFO  | DNAudit | user=null | ip=null | op=PUT_BLOCK {blockData=[blockId=conID: 1 locID: 102664010307010988 bcsId: 0,size=2097152]} | ret=SUCCESS |  
2019-08-23 02:48:00,662 [grpc-default-executor-4] INFO  client.GrpcClientProtocolClient (GrpcClientProtocolClient.java:onNext(255)) - client-B268B4322F32->17750241-545b-4219-93a1-14a6ea3d85be: receive RaftClientReply:client-B268B4322F32->17750241-545b-4219-93a1-14a6ea3d85be@group-C33FBD9556F2, cid=859, SUCCESS, logIndex=1141, commits[17750241-545b-4219-93a1-14a6ea3d85be:c1143, 4eaaa090-573e-41d3-9f8c-c99e236d806a:c1139, 5f4cf9ee-4bed-49de-adaa-861aec894328:c1139]
2019-08-23 02:48:00,662 | INFO  | DNAudit | user=null | ip=null | op=WRITE_CHUNK {blockData=conID: 1 locID: 102664010307010988 bcsId: 0} | ret=SUCCESS |  
2019-08-23 02:48:00,662 [grpc-default-executor-4] INFO  client.GrpcClientProtocolClient (GrpcClientProtocolClient.java:onNext(255)) - client-B268B4322F32->17750241-545b-4219-93a1-14a6ea3d85be: receive RaftClientReply:client-B268B4322F32->17750241-545b-4219-93a1-14a6ea3d85be@group-C33FBD9556F2, cid=860, SUCCESS, logIndex=1142, commits[17750241-545b-4219-93a1-14a6ea3d85be:c1143, 4eaaa090-573e-41d3-9f8c-c99e236d806a:c1139, 5f4cf9ee-4bed-49de-adaa-861aec894328:c1139]
2019-08-23 02:48:00,663 | INFO  | DNAudit | user=null | ip=null | op=WRITE_CHUNK {blockData=conID: 1 locID: 102664010307010988 bcsId: 0} | ret=SUCCESS |  
2019-08-23 02:48:00,662 [grpc-default-executor-4] INFO  client.GrpcClientProtocolClient (GrpcClientProtocolClient.java:onNext(255)) - client-B268B4322F32->17750241-545b-4219-93a1-14a6ea3d85be: receive RaftClientReply:client-B268B4322F32->17750241-545b-4219-93a1-14a6ea3d85be@group-C33FBD9556F2, cid=861, SUCCESS, logIndex=1143, commits[17750241-545b-4219-93a1-14a6ea3d85be:c1143, 4eaaa090-573e-41d3-9f8c-c99e236d806a:c1139, 5f4cf9ee-4bed-49de-adaa-861aec894328:c1139]
2019-08-23 02:48:00,663 | INFO  | DNAudit | user=null | ip=null | op=PUT_BLOCK {blockData=[blockId=conID: 1 locID: 102664010307010988 bcsId: 0,size=1048576]} | ret=SUCCESS |  
2019-08-23 02:48:00,663 | INFO  | DNAudit | user=null | ip=null | op=PUT_BLOCK {blockData=[blockId=conID: 1 locID: 102664010307010988 bcsId: 0,size=1048576]} | ret=SUCCESS |  
2019-08-23 02:48:00,663 | INFO  | DNAudit | user=null | ip=null | op=WRITE_CHUNK {blockData=conID: 1 locID: 102664010307010988 bcsId: 0} | ret=SUCCESS |  
2019-08-23 02:48:00,663 | INFO  | DNAudit | user=null | ip=null | op=WRITE_CHUNK {blockData=conID: 1 locID: 102664010307010988 bcsId: 0} | ret=SUCCESS |  
2019-08-23 02:48:00,664 | INFO  | DNAudit | user=null | ip=null | op=PUT_BLOCK {blockData=[blockId=conID: 1 locID: 102664010307010988 bcsId: 0,size=2097152]} | ret=SUCCESS |  
2019-08-23 02:48:00,664 | INFO  | DNAudit | user=null | ip=null | op=PUT_BLOCK {blockData=[blockId=conID: 1 locID: 102664010307010988 bcsId: 0,size=2097152]} | ret=SUCCESS |  
2019-08-23 02:48:00,664 [grpc-default-executor-5] INFO  client.GrpcClientProtocolClient (GrpcClientProtocolClient.java:onNext(255)) - client-B268B4322F32->17750241-545b-4219-93a1-14a6ea3d85be: receive RaftClientReply:client-B268B4322F32->17750241-545b-4219-93a1-14a6ea3d85be@group-C33FBD9556F2, cid=862, SUCCESS, logIndex=0, commits[17750241-545b-4219-93a1-14a6ea3d85be:c1146, 4eaaa090-573e-41d3-9f8c-c99e236d806a:c1142, 5f4cf9ee-4bed-49de-adaa-861aec894328:c1142]
2019-08-23 02:48:00,670 | INFO  | DNAudit | user=null | ip=null | op=WRITE_CHUNK {blockData=conID: 1 locID: 102664010307010988 bcsId: 1143} | ret=SUCCESS |  
2019-08-23 02:48:00,672 | INFO  | DNAudit | user=null | ip=null | op=WRITE_CHUNK {blockData=conID: 1 locID: 102664010307010988 bcsId: 1143} | ret=SUCCESS |  
2019-08-23 02:48:00,673 | INFO  | DNAudit | user=null | ip=null | op=WRITE_CHUNK {blockData=conID: 1 locID: 102664010307010988 bcsId: 1143} | ret=SUCCESS |  
2019-08-23 02:48:00,675 | INFO  | DNAudit | user=null | ip=null | op=WRITE_CHUNK {blockData=conID: 1 locID: 102664010307010988 bcsId: 1143} | ret=SUCCESS |  
2019-08-23 02:48:00,675 | INFO  | DNAudit | user=null | ip=null | op=PUT_BLOCK {blockData=[blockId=conID: 1 locID: 102664010307010988 bcsId: 0,size=3145728]} | ret=SUCCESS |  
2019-08-23 02:48:00,680 | INFO  | DNAudit | user=null | ip=null | op=WRITE_CHUNK {blockData=conID: 1 locID: 102664010307010988 bcsId: 1143} | ret=SUCCESS |  
2019-08-23 02:48:00,680 [grpc-default-executor-4] INFO  client.GrpcClientProtocolClient (GrpcClientProtocolClient.java:onNext(255)) - client-B268B4322F32->17750241-545b-4219-93a1-14a6ea3d85be: receive RaftClientReply:client-B268B4322F32->17750241-545b-4219-93a1-14a6ea3d85be@group-C33FBD9556F2, cid=863, SUCCESS, logIndex=1148, commits[17750241-545b-4219-93a1-14a6ea3d85be:c1149, 4eaaa090-573e-41d3-9f8c-c99e236d806a:c1147, 5f4cf9ee-4bed-49de-adaa-861aec894328:c1147]
2019-08-23 02:48:00,680 [grpc-default-executor-4] INFO  client.GrpcClientProtocolClient (GrpcClientProtocolClient.java:onNext(255)) - client-B268B4322F32->17750241-545b-4219-93a1-14a6ea3d85be: receive RaftClientReply:client-B268B4322F32->17750241-545b-4219-93a1-14a6ea3d85be@group-C33FBD9556F2, cid=864, SUCCESS, logIndex=1149, commits[17750241-545b-4219-93a1-14a6ea3d85be:c1149, 4eaaa090-573e-41d3-9f8c-c99e236d806a:c1147, 5f4cf9ee-4bed-49de-adaa-861aec894328:c1147]
2019-08-23 02:48:00,689 | INFO  | DNAudit | user=null | ip=null | op=WRITE_CHUNK {blockData=conID: 1 locID: 102664010307010988 bcsId: 1149} | ret=SUCCESS |  
2019-08-23 02:48:00,689 | INFO  | DNAudit | user=null | ip=null | op=WRITE_CHUNK {blockData=conID: 1 locID: 102664010307010988 bcsId: 1143} | ret=SUCCESS |  
2019-08-23 02:48:00,690 | INFO  | DNAudit | user=null | ip=null | op=PUT_BLOCK {blockData=[blockId=conID: 1 locID: 102664010307010988 bcsId: 0,size=3145728]} | ret=SUCCESS |  
2019-08-23 02:48:00,690 | INFO  | DNAudit | user=null | ip=null | op=PUT_BLOCK {blockData=[blockId=conID: 1 locID: 102664010307010988 bcsId: 0,size=3145728]} | ret=SUCCESS |  
2019-08-23 02:48:00,692 | INFO  | DNAudit | user=null | ip=null | op=WRITE_CHUNK {blockData=conID: 1 locID: 102664010307010988 bcsId: 1149} | ret=SUCCESS |  
2019-08-23 02:48:00,692 | INFO  | DNAudit | user=null | ip=null | op=WRITE_CHUNK {blockData=conID: 1 locID: 102664010307010988 bcsId: 1149} | ret=SUCCESS |  
2019-08-23 02:48:00,703 | INFO  | DNAudit | user=null | ip=null | op=WRITE_CHUNK {blockData=conID: 1 locID: 102664010307010988 bcsId: 1149} | ret=SUCCESS |  
2019-08-23 02:48:00,703 | INFO  | DNAudit | user=null | ip=null | op=PUT_BLOCK {blockData=[blockId=conID: 1 locID: 102664010307010988 bcsId: 0,size=4194304]} | ret=SUCCESS |  
2019-08-23 02:48:00,703 [grpc-default-executor-4] INFO  client.GrpcClientProtocolClient (GrpcClientProtocolClient.java:onNext(255)) - client-B268B4322F32->17750241-545b-4219-93a1-14a6ea3d85be: receive RaftClientReply:client-B268B4322F32->17750241-545b-4219-93a1-14a6ea3d85be@group-C33FBD9556F2, cid=865, SUCCESS, logIndex=1152, commits[17750241-545b-4219-93a1-14a6ea3d85be:c1153, 4eaaa090-573e-41d3-9f8c-c99e236d806a:c1150, 5f4cf9ee-4bed-49de-adaa-861aec894328:c1150]
2019-08-23 02:48:00,704 [grpc-default-executor-4] INFO  client.GrpcClientProtocolClient (GrpcClientProtocolClient.java:onNext(255)) - client-B268B4322F32->17750241-545b-4219-93a1-14a6ea3d85be: receive RaftClientReply:client-B268B4322F32->17750241-545b-4219-93a1-14a6ea3d85be@group-C33FBD9556F2, cid=866, SUCCESS, logIndex=1153, commits[17750241-545b-4219-93a1-14a6ea3d85be:c1153, 4eaaa090-573e-41d3-9f8c-c99e236d806a:c1150, 5f4cf9ee-4bed-49de-adaa-861aec894328:c1150]
2019-08-23 02:48:00,704 | INFO  | DNAudit | user=null | ip=null | op=WRITE_CHUNK {blockData=conID: 1 locID: 102664010307010988 bcsId: 1149} | ret=SUCCESS |  
2019-08-23 02:48:00,704 | INFO  | DNAudit | user=null | ip=null | op=WRITE_CHUNK {blockData=conID: 1 locID: 102664010307010988 bcsId: 1149} | ret=SUCCESS |  
2019-08-23 02:48:00,705 | INFO  | DNAudit | user=null | ip=null | op=PUT_BLOCK {blockData=[blockId=conID: 1 locID: 102664010307010988 bcsId: 0,size=4194304]} | ret=SUCCESS |  
2019-08-23 02:48:00,706 | INFO  | DNAudit | user=null | ip=null | op=PUT_BLOCK {blockData=[blockId=conID: 1 locID: 102664010307010988 bcsId: 0,size=4194304]} | ret=SUCCESS |  
2019-08-23 02:48:00,707 [grpc-default-executor-4] INFO  client.GrpcClientProtocolClient (GrpcClientProtocolClient.java:onNext(255)) - client-B268B4322F32->17750241-545b-4219-93a1-14a6ea3d85be: receive RaftClientReply:client-B268B4322F32->17750241-545b-4219-93a1-14a6ea3d85be@group-C33FBD9556F2, cid=867, SUCCESS, logIndex=0, commits[17750241-545b-4219-93a1-14a6ea3d85be:c1155, 4eaaa090-573e-41d3-9f8c-c99e236d806a:c1153, 5f4cf9ee-4bed-49de-adaa-861aec894328:c1153]
2019-08-23 02:48:00,711 | INFO  | SCMAudit | user=jenkins1000 | ip=192.168.34.22 | op=SEND_HEARTBEAT {datanodeUUID=66ab6a68-e61f-4535-ab2f-12fe560929ed, command=[]} | ret=SUCCESS |  
2019-08-23 02:48:00,713 | INFO  | DNAudit | user=null | ip=null | op=WRITE_CHUNK {blockData=conID: 2 locID: 102664010307076525 bcsId: 0} | ret=SUCCESS |  
2019-08-23 02:48:00,715 | INFO  | DNAudit | user=null | ip=null | op=WRITE_CHUNK {blockData=conID: 2 locID: 102664010307076525 bcsId: 0} | ret=SUCCESS |  
2019-08-23 02:48:00,716 | INFO  | DNAudit | user=null | ip=null | op=WRITE_CHUNK {blockData=conID: 2 locID: 102664010307076525 bcsId: 0} | ret=SUCCESS |  
2019-08-23 02:48:00,717 | INFO  | DNAudit | user=null | ip=null | op=WRITE_CHUNK {blockData=conID: 2 locID: 102664010307076525 bcsId: 0} | ret=SUCCESS |  
2019-08-23 02:48:00,718 | INFO  | DNAudit | user=null | ip=null | op=WRITE_CHUNK {blockData=conID: 2 locID: 102664010307076525 bcsId: 0} | ret=SUCCESS |  
2019-08-23 02:48:00,719 | INFO  | DNAudit | user=null | ip=null | op=WRITE_CHUNK {blockData=conID: 2 locID: 102664010307076525 bcsId: 0} | ret=SUCCESS |  
2019-08-23 02:48:00,724 | INFO  | DNAudit | user=null | ip=null | op=WRITE_CHUNK {blockData=conID: 2 locID: 102664010307076525 bcsId: 0} | ret=SUCCESS |  
2019-08-23 02:48:00,725 | INFO  | DNAudit | user=null | ip=null | op=PUT_BLOCK {blockData=[blockId=conID: 2 locID: 102664010307076525 bcsId: 0,size=1048576]} | ret=SUCCESS |  
2019-08-23 02:48:00,725 [grpc-default-executor-4] INFO  client.GrpcClientProtocolClient (GrpcClientProtocolClient.java:onNext(255)) - client-B268B4322F32->17750241-545b-4219-93a1-14a6ea3d85be: receive RaftClientReply:client-B268B4322F32->17750241-545b-4219-93a1-14a6ea3d85be@group-C33FBD9556F2, cid=868, SUCCESS, logIndex=1156, commits[17750241-545b-4219-93a1-14a6ea3d85be:c1159, 4eaaa090-573e-41d3-9f8c-c99e236d806a:c1155, 5f4cf9ee-4bed-49de-adaa-861aec894328:c1155]
2019-08-23 02:48:00,725 | INFO  | DNAudit | user=null | ip=null | op=WRITE_CHUNK {blockData=conID: 2 locID: 102664010307076525 bcsId: 0} | ret=SUCCESS |  
2019-08-23 02:48:00,725 | INFO  | DNAudit | user=null | ip=null | op=PUT_BLOCK {blockData=[blockId=conID: 2 locID: 102664010307076525 bcsId: 0,size=2097152]} | ret=SUCCESS |  
2019-08-23 02:48:00,725 [grpc-default-executor-4] INFO  client.GrpcClientProtocolClient (GrpcClientProtocolClient.java:onNext(255)) - client-B268B4322F32->17750241-545b-4219-93a1-14a6ea3d85be: receive RaftClientReply:client-B268B4322F32->17750241-545b-4219-93a1-14a6ea3d85be@group-C33FBD9556F2, cid=869, SUCCESS, logIndex=1157, commits[17750241-545b-4219-93a1-14a6ea3d85be:c1159, 4eaaa090-573e-41d3-9f8c-c99e236d806a:c1155, 5f4cf9ee-4bed-49de-adaa-861aec894328:c1155]
2019-08-23 02:48:00,726 [grpc-default-executor-4] INFO  client.GrpcClientProtocolClient (GrpcClientProtocolClient.java:onNext(255)) - client-B268B4322F32->17750241-545b-4219-93a1-14a6ea3d85be: receive RaftClientReply:client-B268B4322F32->17750241-545b-4219-93a1-14a6ea3d85be@group-C33FBD9556F2, cid=870, SUCCESS, logIndex=1158, commits[17750241-545b-4219-93a1-14a6ea3d85be:c1159, 4eaaa090-573e-41d3-9f8c-c99e236d806a:c1155, 5f4cf9ee-4bed-49de-adaa-861aec894328:c1155]
2019-08-23 02:48:00,726 | INFO  | DNAudit | user=null | ip=null | op=WRITE_CHUNK {blockData=conID: 2 locID: 102664010307076525 bcsId: 0} | ret=SUCCESS |  
2019-08-23 02:48:00,726 [grpc-default-executor-4] INFO  client.GrpcClientProtocolClient (GrpcClientProtocolClient.java:onNext(255)) - client-B268B4322F32->17750241-545b-4219-93a1-14a6ea3d85be: receive RaftClientReply:client-B268B4322F32->17750241-545b-4219-93a1-14a6ea3d85be@group-C33FBD9556F2, cid=871, SUCCESS, logIndex=1159, commits[17750241-545b-4219-93a1-14a6ea3d85be:c1159, 4eaaa090-573e-41d3-9f8c-c99e236d806a:c1155, 5f4cf9ee-4bed-49de-adaa-861aec894328:c1155]
2019-08-23 02:48:00,726 | INFO  | DNAudit | user=null | ip=null | op=WRITE_CHUNK {blockData=conID: 2 locID: 102664010307076525 bcsId: 0} | ret=SUCCESS |  
2019-08-23 02:48:00,727 | INFO  | DNAudit | user=null | ip=null | op=PUT_BLOCK {blockData=[blockId=conID: 2 locID: 102664010307076525 bcsId: 0,size=1048576]} | ret=SUCCESS |  
2019-08-23 02:48:00,727 | INFO  | DNAudit | user=null | ip=null | op=WRITE_CHUNK {blockData=conID: 2 locID: 102664010307076525 bcsId: 0} | ret=SUCCESS |  
2019-08-23 02:48:00,727 | INFO  | DNAudit | user=null | ip=null | op=PUT_BLOCK {blockData=[blockId=conID: 2 locID: 102664010307076525 bcsId: 0,size=2097152]} | ret=SUCCESS |  
2019-08-23 02:48:00,727 | INFO  | DNAudit | user=null | ip=null | op=PUT_BLOCK {blockData=[blockId=conID: 2 locID: 102664010307076525 bcsId: 0,size=1048576]} | ret=SUCCESS |  
2019-08-23 02:48:00,727 | INFO  | DNAudit | user=null | ip=null | op=WRITE_CHUNK {blockData=conID: 2 locID: 102664010307076525 bcsId: 0} | ret=SUCCESS |  
2019-08-23 02:48:00,727 | INFO  | DNAudit | user=null | ip=null | op=PUT_BLOCK {blockData=[blockId=conID: 2 locID: 102664010307076525 bcsId: 0,size=2097152]} | ret=SUCCESS |  
2019-08-23 02:48:00,728 [grpc-default-executor-5] INFO  client.GrpcClientProtocolClient (GrpcClientProtocolClient.java:onNext(255)) - client-B268B4322F32->17750241-545b-4219-93a1-14a6ea3d85be: receive RaftClientReply:client-B268B4322F32->17750241-545b-4219-93a1-14a6ea3d85be@group-C33FBD9556F2, cid=872, SUCCESS, logIndex=0, commits[17750241-545b-4219-93a1-14a6ea3d85be:c1163, 4eaaa090-573e-41d3-9f8c-c99e236d806a:c1157, 5f4cf9ee-4bed-49de-adaa-861aec894328:c1159]
2019-08-23 02:48:00,733 | INFO  | DNAudit | user=null | ip=null | op=WRITE_CHUNK {blockData=conID: 2 locID: 102664010307076525 bcsId: 1159} | ret=SUCCESS |  
2019-08-23 02:48:00,738 | INFO  | DNAudit | user=null | ip=null | op=WRITE_CHUNK {blockData=conID: 2 locID: 102664010307076525 bcsId: 1159} | ret=SUCCESS |  
2019-08-23 02:48:00,739 | INFO  | DNAudit | user=null | ip=null | op=WRITE_CHUNK {blockData=conID: 2 locID: 102664010307076525 bcsId: 1159} | ret=SUCCESS |  
2019-08-23 02:48:00,747 | INFO  | DNAudit | user=null | ip=null | op=WRITE_CHUNK {blockData=conID: 2 locID: 102664010307076525 bcsId: 1159} | ret=SUCCESS |  
2019-08-23 02:48:00,747 | INFO  | DNAudit | user=null | ip=null | op=PUT_BLOCK {blockData=[blockId=conID: 2 locID: 102664010307076525 bcsId: 0,size=3145728]} | ret=SUCCESS |  
2019-08-23 02:48:00,748 [grpc-default-executor-4] INFO  client.GrpcClientProtocolClient (GrpcClientProtocolClient.java:onNext(255)) - client-B268B4322F32->17750241-545b-4219-93a1-14a6ea3d85be: receive RaftClientReply:client-B268B4322F32->17750241-545b-4219-93a1-14a6ea3d85be@group-C33FBD9556F2, cid=873, SUCCESS, logIndex=1164, commits[17750241-545b-4219-93a1-14a6ea3d85be:c1165, 4eaaa090-573e-41d3-9f8c-c99e236d806a:c1163, 5f4cf9ee-4bed-49de-adaa-861aec894328:c1163]
2019-08-23 02:48:00,748 [grpc-default-executor-4] INFO  client.GrpcClientProtocolClient (GrpcClientProtocolClient.java:onNext(255)) - client-B268B4322F32->17750241-545b-4219-93a1-14a6ea3d85be: receive RaftClientReply:client-B268B4322F32->17750241-545b-4219-93a1-14a6ea3d85be@group-C33FBD9556F2, cid=874, SUCCESS, logIndex=1165, commits[17750241-545b-4219-93a1-14a6ea3d85be:c1165, 4eaaa090-573e-41d3-9f8c-c99e236d806a:c1163, 5f4cf9ee-4bed-49de-adaa-861aec894328:c1163]
2019-08-23 02:48:00,754 | INFO  | DNAudit | user=null | ip=null | op=WRITE_CHUNK {blockData=conID: 2 locID: 102664010307076525 bcsId: 1165} | ret=SUCCESS |  
2019-08-23 02:48:00,756 | INFO  | DNAudit | user=null | ip=null | op=WRITE_CHUNK {blockData=conID: 2 locID: 102664010307076525 bcsId: 1165} | ret=SUCCESS |  
2019-08-23 02:48:00,756 | INFO  | DNAudit | user=null | ip=null | op=WRITE_CHUNK {blockData=conID: 2 locID: 102664010307076525 bcsId: 1165} | ret=SUCCESS |  
2019-08-23 02:48:00,777 | INFO  | DNAudit | user=null | ip=null | op=WRITE_CHUNK {blockData=conID: 2 locID: 102664010307076525 bcsId: 1159} | ret=SUCCESS |  
2019-08-23 02:48:00,781 | INFO  | DNAudit | user=null | ip=null | op=WRITE_CHUNK {blockData=conID: 2 locID: 102664010307076525 bcsId: 1159} | ret=SUCCESS |  
2019-08-23 02:48:00,781 | INFO  | DNAudit | user=null | ip=null | op=PUT_BLOCK {blockData=[blockId=conID: 2 locID: 102664010307076525 bcsId: 0,size=3145728]} | ret=SUCCESS |  
2019-08-23 02:48:00,781 | INFO  | DNAudit | user=null | ip=null | op=PUT_BLOCK {blockData=[blockId=conID: 2 locID: 102664010307076525 bcsId: 0,size=3145728]} | ret=SUCCESS |  
2019-08-23 02:48:00,783 | INFO  | DNAudit | user=null | ip=null | op=WRITE_CHUNK {blockData=conID: 2 locID: 102664010307076525 bcsId: 1165} | ret=SUCCESS |  
2019-08-23 02:48:00,783 | INFO  | DNAudit | user=null | ip=null | op=PUT_BLOCK {blockData=[blockId=conID: 2 locID: 102664010307076525 bcsId: 0,size=4194304]} | ret=SUCCESS |  
2019-08-23 02:48:00,783 [grpc-default-executor-4] INFO  client.GrpcClientProtocolClient (GrpcClientProtocolClient.java:onNext(255)) - client-B268B4322F32->17750241-545b-4219-93a1-14a6ea3d85be: receive RaftClientReply:client-B268B4322F32->17750241-545b-4219-93a1-14a6ea3d85be@group-C33FBD9556F2, cid=875, SUCCESS, logIndex=1168, commits[17750241-545b-4219-93a1-14a6ea3d85be:c1169, 4eaaa090-573e-41d3-9f8c-c99e236d806a:c1165, 5f4cf9ee-4bed-49de-adaa-861aec894328:c1165]
2019-08-23 02:48:00,783 [grpc-default-executor-4] INFO  client.GrpcClientProtocolClient (GrpcClientProtocolClient.java:onNext(255)) - client-B268B4322F32->17750241-545b-4219-93a1-14a6ea3d85be: receive RaftClientReply:client-B268B4322F32->17750241-545b-4219-93a1-14a6ea3d85be@group-C33FBD9556F2, cid=876, SUCCESS, logIndex=1169, commits[17750241-545b-4219-93a1-14a6ea3d85be:c1169, 4eaaa090-573e-41d3-9f8c-c99e236d806a:c1165, 5f4cf9ee-4bed-49de-adaa-861aec894328:c1165]
2019-08-23 02:48:00,791 | INFO  | SCMAudit | user=jenkins1000 | ip=192.168.34.22 | op=SEND_HEARTBEAT {datanodeUUID=0cedf437-a8af-4d70-bac5-ea9863093e86, command=[]} | ret=SUCCESS |  
2019-08-23 02:48:00,805 | INFO  | DNAudit | user=null | ip=null | op=WRITE_CHUNK {blockData=conID: 2 locID: 102664010307076525 bcsId: 1165} | ret=SUCCESS |  
2019-08-23 02:48:00,806 | INFO  | DNAudit | user=null | ip=null | op=WRITE_CHUNK {blockData=conID: 2 locID: 102664010307076525 bcsId: 1165} | ret=SUCCESS |  
2019-08-23 02:48:00,806 | INFO  | DNAudit | user=null | ip=null | op=PUT_BLOCK {blockData=[blockId=conID: 2 locID: 102664010307076525 bcsId: 0,size=4194304]} | ret=SUCCESS |  
2019-08-23 02:48:00,806 | INFO  | DNAudit | user=null | ip=null | op=PUT_BLOCK {blockData=[blockId=conID: 2 locID: 102664010307076525 bcsId: 0,size=4194304]} | ret=SUCCESS |  
2019-08-23 02:48:00,807 [grpc-default-executor-4] INFO  client.GrpcClientProtocolClient (GrpcClientProtocolClient.java:onNext(255)) - client-B268B4322F32->17750241-545b-4219-93a1-14a6ea3d85be: receive RaftClientReply:client-B268B4322F32->17750241-545b-4219-93a1-14a6ea3d85be@group-C33FBD9556F2, cid=877, SUCCESS, logIndex=0, commits[17750241-545b-4219-93a1-14a6ea3d85be:c1171, 4eaaa090-573e-41d3-9f8c-c99e236d806a:c1169, 5f4cf9ee-4bed-49de-adaa-861aec894328:c1169]
2019-08-23 02:48:00,816 | INFO  | DNAudit | user=null | ip=null | op=WRITE_CHUNK {blockData=conID: 3 locID: 102664010307076526 bcsId: 0} | ret=SUCCESS |  
2019-08-23 02:48:00,817 | INFO  | DNAudit | user=null | ip=null | op=WRITE_CHUNK {blockData=conID: 3 locID: 102664010307076526 bcsId: 0} | ret=SUCCESS |  
2019-08-23 02:48:00,819 | INFO  | DNAudit | user=null | ip=null | op=WRITE_CHUNK {blockData=conID: 3 locID: 102664010307076526 bcsId: 0} | ret=SUCCESS |  
2019-08-23 02:48:00,819 | INFO  | DNAudit | user=null | ip=null | op=WRITE_CHUNK {blockData=conID: 3 locID: 102664010307076526 bcsId: 0} | ret=SUCCESS |  
2019-08-23 02:48:00,819 | INFO  | DNAudit | user=null | ip=null | op=WRITE_CHUNK {blockData=conID: 3 locID: 102664010307076526 bcsId: 0} | ret=SUCCESS |  
2019-08-23 02:48:00,820 | INFO  | DNAudit | user=null | ip=null | op=WRITE_CHUNK {blockData=conID: 3 locID: 102664010307076526 bcsId: 0} | ret=SUCCESS |  
2019-08-23 02:48:00,829 | INFO  | DNAudit | user=null | ip=null | op=WRITE_CHUNK {blockData=conID: 3 locID: 102664010307076526 bcsId: 0} | ret=SUCCESS |  
2019-08-23 02:48:00,829 | INFO  | DNAudit | user=null | ip=null | op=PUT_BLOCK {blockData=[blockId=conID: 3 locID: 102664010307076526 bcsId: 0,size=1048576]} | ret=SUCCESS |  
2019-08-23 02:48:00,829 [grpc-default-executor-6] INFO  client.GrpcClientProtocolClient (GrpcClientProtocolClient.java:onNext(255)) - client-B268B4322F32->17750241-545b-4219-93a1-14a6ea3d85be: receive RaftClientReply:client-B268B4322F32->17750241-545b-4219-93a1-14a6ea3d85be@group-C33FBD9556F2, cid=878, SUCCESS, logIndex=1172, commits[17750241-545b-4219-93a1-14a6ea3d85be:c1174, 4eaaa090-573e-41d3-9f8c-c99e236d806a:c1171, 5f4cf9ee-4bed-49de-adaa-861aec894328:c1171]
2019-08-23 02:48:00,830 | INFO  | DNAudit | user=null | ip=null | op=WRITE_CHUNK {blockData=conID: 3 locID: 102664010307076526 bcsId: 0} | ret=SUCCESS |  
2019-08-23 02:48:00,830 | INFO  | DNAudit | user=null | ip=null | op=WRITE_CHUNK {blockData=conID: 3 locID: 102664010307076526 bcsId: 0} | ret=SUCCESS |  
2019-08-23 02:48:00,830 | INFO  | DNAudit | user=null | ip=null | op=WRITE_CHUNK {blockData=conID: 3 locID: 102664010307076526 bcsId: 0} | ret=SUCCESS |  
2019-08-23 02:48:00,830 | INFO  | DNAudit | user=null | ip=null | op=PUT_BLOCK {blockData=[blockId=conID: 3 locID: 102664010307076526 bcsId: 0,size=1048576]} | ret=SUCCESS |  
2019-08-23 02:48:00,830 [grpc-default-executor-4] INFO  client.GrpcClientProtocolClient (GrpcClientProtocolClient.java:onNext(255)) - client-B268B4322F32->17750241-545b-4219-93a1-14a6ea3d85be: receive RaftClientReply:client-B268B4322F32->17750241-545b-4219-93a1-14a6ea3d85be@group-C33FBD9556F2, cid=879, SUCCESS, logIndex=1173, commits[17750241-545b-4219-93a1-14a6ea3d85be:c1175, 4eaaa090-573e-41d3-9f8c-c99e236d806a:c1171, 5f4cf9ee-4bed-49de-adaa-861aec894328:c1171]
2019-08-23 02:48:00,830 | INFO  | DNAudit | user=null | ip=null | op=PUT_BLOCK {blockData=[blockId=conID: 3 locID: 102664010307076526 bcsId: 0,size=2097152]} | ret=SUCCESS |  
2019-08-23 02:48:00,831 [grpc-default-executor-4] INFO  client.GrpcClientProtocolClient (GrpcClientProtocolClient.java:onNext(255)) - client-B268B4322F32->17750241-545b-4219-93a1-14a6ea3d85be: receive RaftClientReply:client-B268B4322F32->17750241-545b-4219-93a1-14a6ea3d85be@group-C33FBD9556F2, cid=880, SUCCESS, logIndex=1174, commits[17750241-545b-4219-93a1-14a6ea3d85be:c1175, 4eaaa090-573e-41d3-9f8c-c99e236d806a:c1171, 5f4cf9ee-4bed-49de-adaa-861aec894328:c1171]
2019-08-23 02:48:00,831 [grpc-default-executor-4] INFO  client.GrpcClientProtocolClient (GrpcClientProtocolClient.java:onNext(255)) - client-B268B4322F32->17750241-545b-4219-93a1-14a6ea3d85be: receive RaftClientReply:client-B268B4322F32->17750241-545b-4219-93a1-14a6ea3d85be@group-C33FBD9556F2, cid=881, SUCCESS, logIndex=1175, commits[17750241-545b-4219-93a1-14a6ea3d85be:c1177, 4eaaa090-573e-41d3-9f8c-c99e236d806a:c1172, 5f4cf9ee-4bed-49de-adaa-861aec894328:c1173]
2019-08-23 02:48:00,831 | INFO  | DNAudit | user=null | ip=null | op=WRITE_CHUNK {blockData=conID: 3 locID: 102664010307076526 bcsId: 0} | ret=SUCCESS |  
2019-08-23 02:48:00,831 | INFO  | DNAudit | user=null | ip=null | op=PUT_BLOCK {blockData=[blockId=conID: 3 locID: 102664010307076526 bcsId: 0,size=1048576]} | ret=SUCCESS |  
2019-08-23 02:48:00,831 | INFO  | DNAudit | user=null | ip=null | op=PUT_BLOCK {blockData=[blockId=conID: 3 locID: 102664010307076526 bcsId: 0,size=2097152]} | ret=SUCCESS |  
2019-08-23 02:48:00,832 | INFO  | DNAudit | user=null | ip=null | op=WRITE_CHUNK {blockData=conID: 3 locID: 102664010307076526 bcsId: 0} | ret=SUCCESS |  
2019-08-23 02:48:00,832 | INFO  | DNAudit | user=null | ip=null | op=PUT_BLOCK {blockData=[blockId=conID: 3 locID: 102664010307076526 bcsId: 0,size=2097152]} | ret=SUCCESS |  
2019-08-23 02:48:00,832 [grpc-default-executor-6] INFO  client.GrpcClientProtocolClient (GrpcClientProtocolClient.java:onNext(255)) - client-B268B4322F32->17750241-545b-4219-93a1-14a6ea3d85be: receive RaftClientReply:client-B268B4322F32->17750241-545b-4219-93a1-14a6ea3d85be@group-C33FBD9556F2, cid=882, SUCCESS, logIndex=0, commits[17750241-545b-4219-93a1-14a6ea3d85be:c1179, 4eaaa090-573e-41d3-9f8c-c99e236d806a:c1175, 5f4cf9ee-4bed-49de-adaa-861aec894328:c1175]
2019-08-23 02:48:00,838 | INFO  | DNAudit | user=null | ip=null | op=WRITE_CHUNK {blockData=conID: 3 locID: 102664010307076526 bcsId: 1175} | ret=SUCCESS |  
2019-08-23 02:48:00,841 | INFO  | DNAudit | user=null | ip=null | op=WRITE_CHUNK {blockData=conID: 3 locID: 102664010307076526 bcsId: 1175} | ret=SUCCESS |  
2019-08-23 02:48:00,841 | INFO  | DNAudit | user=null | ip=null | op=WRITE_CHUNK {blockData=conID: 3 locID: 102664010307076526 bcsId: 1175} | ret=SUCCESS |  
2019-08-23 02:48:00,851 | INFO  | DNAudit | user=null | ip=null | op=WRITE_CHUNK {blockData=conID: 3 locID: 102664010307076526 bcsId: 1175} | ret=SUCCESS |  
2019-08-23 02:48:00,852 | INFO  | DNAudit | user=null | ip=null | op=PUT_BLOCK {blockData=[blockId=conID: 3 locID: 102664010307076526 bcsId: 0,size=3145728]} | ret=SUCCESS |  
2019-08-23 02:48:00,852 [grpc-default-executor-6] INFO  client.GrpcClientProtocolClient (GrpcClientProtocolClient.java:onNext(255)) - client-B268B4322F32->17750241-545b-4219-93a1-14a6ea3d85be: receive RaftClientReply:client-B268B4322F32->17750241-545b-4219-93a1-14a6ea3d85be@group-C33FBD9556F2, cid=883, SUCCESS, logIndex=1180, commits[17750241-545b-4219-93a1-14a6ea3d85be:c1181, 4eaaa090-573e-41d3-9f8c-c99e236d806a:c1179, 5f4cf9ee-4bed-49de-adaa-861aec894328:c1179]
2019-08-23 02:48:00,853 [grpc-default-executor-6] INFO  client.GrpcClientProtocolClient (GrpcClientProtocolClient.java:onNext(255)) - client-B268B4322F32->17750241-545b-4219-93a1-14a6ea3d85be: receive RaftClientReply:client-B268B4322F32->17750241-545b-4219-93a1-14a6ea3d85be@group-C33FBD9556F2, cid=884, SUCCESS, logIndex=1181, commits[17750241-545b-4219-93a1-14a6ea3d85be:c1181, 4eaaa090-573e-41d3-9f8c-c99e236d806a:c1179, 5f4cf9ee-4bed-49de-adaa-861aec894328:c1179]
2019-08-23 02:48:00,859 | INFO  | DNAudit | user=null | ip=null | op=WRITE_CHUNK {blockData=conID: 3 locID: 102664010307076526 bcsId: 1181} | ret=SUCCESS |  
2019-08-23 02:48:00,863 | INFO  | DNAudit | user=null | ip=null | op=WRITE_CHUNK {blockData=conID: 3 locID: 102664010307076526 bcsId: 1175} | ret=SUCCESS |  
2019-08-23 02:48:00,863 | INFO  | DNAudit | user=null | ip=null | op=WRITE_CHUNK {blockData=conID: 3 locID: 102664010307076526 bcsId: 1175} | ret=SUCCESS |  
2019-08-23 02:48:00,863 | INFO  | DNAudit | user=null | ip=null | op=WRITE_CHUNK {blockData=conID: 3 locID: 102664010307076526 bcsId: 1181} | ret=SUCCESS |  
2019-08-23 02:48:00,864 | INFO  | DNAudit | user=null | ip=null | op=WRITE_CHUNK {blockData=conID: 3 locID: 102664010307076526 bcsId: 1181} | ret=SUCCESS |  
2019-08-23 02:48:00,875 | INFO  | DNAudit | user=null | ip=null | op=PUT_BLOCK {blockData=[blockId=conID: 3 locID: 102664010307076526 bcsId: 0,size=3145728]} | ret=SUCCESS |  
2019-08-23 02:48:00,876 | INFO  | DNAudit | user=null | ip=null | op=WRITE_CHUNK {blockData=conID: 3 locID: 102664010307076526 bcsId: 1181} | ret=SUCCESS |  
2019-08-23 02:48:00,876 | INFO  | DNAudit | user=null | ip=null | op=PUT_BLOCK {blockData=[blockId=conID: 3 locID: 102664010307076526 bcsId: 0,size=3145728]} | ret=SUCCESS |  
2019-08-23 02:48:00,876 | INFO  | DNAudit | user=null | ip=null | op=PUT_BLOCK {blockData=[blockId=conID: 3 locID: 102664010307076526 bcsId: 0,size=4194304]} | ret=SUCCESS |  
2019-08-23 02:48:00,876 [grpc-default-executor-6] INFO  client.GrpcClientProtocolClient (GrpcClientProtocolClient.java:onNext(255)) - client-B268B4322F32->17750241-545b-4219-93a1-14a6ea3d85be: receive RaftClientReply:client-B268B4322F32->17750241-545b-4219-93a1-14a6ea3d85be@group-C33FBD9556F2, cid=885, SUCCESS, logIndex=1184, commits[17750241-545b-4219-93a1-14a6ea3d85be:c1185, 4eaaa090-573e-41d3-9f8c-c99e236d806a:c1180, 5f4cf9ee-4bed-49de-adaa-861aec894328:c1181]
2019-08-23 02:48:00,877 [grpc-default-executor-6] INFO  client.GrpcClientProtocolClient (GrpcClientProtocolClient.java:onNext(255)) - client-B268B4322F32->17750241-545b-4219-93a1-14a6ea3d85be: receive RaftClientReply:client-B268B4322F32->17750241-545b-4219-93a1-14a6ea3d85be@group-C33FBD9556F2, cid=886, SUCCESS, logIndex=1185, commits[17750241-545b-4219-93a1-14a6ea3d85be:c1185, 4eaaa090-573e-41d3-9f8c-c99e236d806a:c1181, 5f4cf9ee-4bed-49de-adaa-861aec894328:c1181]
2019-08-23 02:48:00,877 | INFO  | DNAudit | user=null | ip=null | op=WRITE_CHUNK {blockData=conID: 3 locID: 102664010307076526 bcsId: 1181} | ret=SUCCESS |  
2019-08-23 02:48:00,877 | INFO  | DNAudit | user=null | ip=null | op=WRITE_CHUNK {blockData=conID: 3 locID: 102664010307076526 bcsId: 1181} | ret=SUCCESS |  
2019-08-23 02:48:00,877 | INFO  | DNAudit | user=null | ip=null | op=PUT_BLOCK {blockData=[blockId=conID: 3 locID: 102664010307076526 bcsId: 0,size=4194304]} | ret=SUCCESS |  
2019-08-23 02:48:00,877 | INFO  | DNAudit | user=null | ip=null | op=PUT_BLOCK {blockData=[blockId=conID: 3 locID: 102664010307076526 bcsId: 0,size=4194304]} | ret=SUCCESS |  
2019-08-23 02:48:00,878 [grpc-default-executor-5] INFO  client.GrpcClientProtocolClient (GrpcClientProtocolClient.java:onNext(255)) - client-B268B4322F32->17750241-545b-4219-93a1-14a6ea3d85be: receive RaftClientReply:client-B268B4322F32->17750241-545b-4219-93a1-14a6ea3d85be@group-C33FBD9556F2, cid=887, SUCCESS, logIndex=0, commits[17750241-545b-4219-93a1-14a6ea3d85be:c1187, 4eaaa090-573e-41d3-9f8c-c99e236d806a:c1185, 5f4cf9ee-4bed-49de-adaa-861aec894328:c1185]
2019-08-23 02:48:00,887 | INFO  | DNAudit | user=null | ip=null | op=WRITE_CHUNK {blockData=conID: 1 locID: 102664010307076527 bcsId: 0} | ret=SUCCESS |  
2019-08-23 02:48:00,890 | INFO  | DNAudit | user=null | ip=null | op=WRITE_CHUNK {blockData=conID: 1 locID: 102664010307076527 bcsId: 0} | ret=SUCCESS |  
2019-08-23 02:48:00,890 | INFO  | DNAudit | user=null | ip=null | op=WRITE_CHUNK {blockData=conID: 1 locID: 102664010307076527 bcsId: 0} | ret=SUCCESS |  
2019-08-23 02:48:00,890 | INFO  | DNAudit | user=null | ip=null | op=WRITE_CHUNK {blockData=conID: 1 locID: 102664010307076527 bcsId: 0} | ret=SUCCESS |  
2019-08-23 02:48:00,891 | INFO  | DNAudit | user=null | ip=null | op=WRITE_CHUNK {blockData=conID: 1 locID: 102664010307076527 bcsId: 0} | ret=SUCCESS |  
2019-08-23 02:48:00,892 | INFO  | DNAudit | user=null | ip=null | op=WRITE_CHUNK {blockData=conID: 1 locID: 102664010307076527 bcsId: 0} | ret=SUCCESS |  
2019-08-23 02:48:00,899 | INFO  | DNAudit | user=null | ip=null | op=WRITE_CHUNK {blockData=conID: 1 locID: 102664010307076527 bcsId: 0} | ret=SUCCESS |  
2019-08-23 02:48:00,900 | INFO  | DNAudit | user=null | ip=null | op=PUT_BLOCK {blockData=[blockId=conID: 1 locID: 102664010307076527 bcsId: 0,size=1048576]} | ret=SUCCESS |  
2019-08-23 02:48:00,901 | INFO  | DNAudit | user=null | ip=null | op=WRITE_CHUNK {blockData=conID: 1 locID: 102664010307076527 bcsId: 0} | ret=SUCCESS |  
2019-08-23 02:48:00,900 [grpc-default-executor-2] INFO  client.GrpcClientProtocolClient (GrpcClientProtocolClient.java:onNext(255)) - client-B268B4322F32->17750241-545b-4219-93a1-14a6ea3d85be: receive RaftClientReply:client-B268B4322F32->17750241-545b-4219-93a1-14a6ea3d85be@group-C33FBD9556F2, cid=888, SUCCESS, logIndex=1188, commits[17750241-545b-4219-93a1-14a6ea3d85be:c1189, 4eaaa090-573e-41d3-9f8c-c99e236d806a:c1187, 5f4cf9ee-4bed-49de-adaa-861aec894328:c1187]
2019-08-23 02:48:00,901 | INFO  | DNAudit | user=null | ip=null | op=PUT_BLOCK {blockData=[blockId=conID: 1 locID: 102664010307076527 bcsId: 0,size=2097152]} | ret=SUCCESS |  
2019-08-23 02:48:00,901 [grpc-default-executor-2] INFO  client.GrpcClientProtocolClient (GrpcClientProtocolClient.java:onNext(255)) - client-B268B4322F32->17750241-545b-4219-93a1-14a6ea3d85be: receive RaftClientReply:client-B268B4322F32->17750241-545b-4219-93a1-14a6ea3d85be@group-C33FBD9556F2, cid=889, SUCCESS, logIndex=1189, commits[17750241-545b-4219-93a1-14a6ea3d85be:c1191, 4eaaa090-573e-41d3-9f8c-c99e236d806a:c1187, 5f4cf9ee-4bed-49de-adaa-861aec894328:c1187]
2019-08-23 02:48:00,901 [grpc-default-executor-2] INFO  client.GrpcClientProtocolClient (GrpcClientProtocolClient.java:onNext(255)) - client-B268B4322F32->17750241-545b-4219-93a1-14a6ea3d85be: receive RaftClientReply:client-B268B4322F32->17750241-545b-4219-93a1-14a6ea3d85be@group-C33FBD9556F2, cid=890, SUCCESS, logIndex=1190, commits[17750241-545b-4219-93a1-14a6ea3d85be:c1191, 4eaaa090-573e-41d3-9f8c-c99e236d806a:c1187, 5f4cf9ee-4bed-49de-adaa-861aec894328:c1187]
2019-08-23 02:48:00,901 | INFO  | DNAudit | user=null | ip=null | op=WRITE_CHUNK {blockData=conID: 1 locID: 102664010307076527 bcsId: 0} | ret=SUCCESS |  
2019-08-23 02:48:00,902 | INFO  | DNAudit | user=null | ip=null | op=WRITE_CHUNK {blockData=conID: 1 locID: 102664010307076527 bcsId: 0} | ret=SUCCESS |  
2019-08-23 02:48:00,902 | INFO  | DNAudit | user=null | ip=null | op=PUT_BLOCK {blockData=[blockId=conID: 1 locID: 102664010307076527 bcsId: 0,size=1048576]} | ret=SUCCESS |  
2019-08-23 02:48:00,902 [grpc-default-executor-2] INFO  client.GrpcClientProtocolClient (GrpcClientProtocolClient.java:onNext(255)) - client-B268B4322F32->17750241-545b-4219-93a1-14a6ea3d85be: receive RaftClientReply:client-B268B4322F32->17750241-545b-4219-93a1-14a6ea3d85be@group-C33FBD9556F2, cid=891, SUCCESS, logIndex=1191, commits[17750241-545b-4219-93a1-14a6ea3d85be:c1191, 4eaaa090-573e-41d3-9f8c-c99e236d806a:c1187, 5f4cf9ee-4bed-49de-adaa-861aec894328:c1187]
2019-08-23 02:48:00,902 | INFO  | DNAudit | user=null | ip=null | op=PUT_BLOCK {blockData=[blockId=conID: 1 locID: 102664010307076527 bcsId: 0,size=1048576]} | ret=SUCCESS |  
2019-08-23 02:48:00,902 | INFO  | DNAudit | user=null | ip=null | op=WRITE_CHUNK {blockData=conID: 1 locID: 102664010307076527 bcsId: 0} | ret=SUCCESS |  
2019-08-23 02:48:00,903 | INFO  | DNAudit | user=null | ip=null | op=WRITE_CHUNK {blockData=conID: 1 locID: 102664010307076527 bcsId: 0} | ret=SUCCESS |  
2019-08-23 02:48:00,903 | INFO  | DNAudit | user=null | ip=null | op=PUT_BLOCK {blockData=[blockId=conID: 1 locID: 102664010307076527 bcsId: 0,size=2097152]} | ret=SUCCESS |  
2019-08-23 02:48:00,903 | INFO  | DNAudit | user=null | ip=null | op=PUT_BLOCK {blockData=[blockId=conID: 1 locID: 102664010307076527 bcsId: 0,size=2097152]} | ret=SUCCESS |  
2019-08-23 02:48:00,903 [grpc-default-executor-2] INFO  client.GrpcClientProtocolClient (GrpcClientProtocolClient.java:onNext(255)) - client-B268B4322F32->17750241-545b-4219-93a1-14a6ea3d85be: receive RaftClientReply:client-B268B4322F32->17750241-545b-4219-93a1-14a6ea3d85be@group-C33FBD9556F2, cid=892, SUCCESS, logIndex=0, commits[17750241-545b-4219-93a1-14a6ea3d85be:c1193, 4eaaa090-573e-41d3-9f8c-c99e236d806a:c1189, 5f4cf9ee-4bed-49de-adaa-861aec894328:c1189]
2019-08-23 02:48:00,909 | INFO  | DNAudit | user=null | ip=null | op=WRITE_CHUNK {blockData=conID: 1 locID: 102664010307076527 bcsId: 1191} | ret=SUCCESS |  
2019-08-23 02:48:00,912 | INFO  | DNAudit | user=null | ip=null | op=WRITE_CHUNK {blockData=conID: 1 locID: 102664010307076527 bcsId: 1191} | ret=SUCCESS |  
2019-08-23 02:48:00,912 | INFO  | DNAudit | user=null | ip=null | op=WRITE_CHUNK {blockData=conID: 1 locID: 102664010307076527 bcsId: 1191} | ret=SUCCESS |  
2019-08-23 02:48:00,922 | INFO  | DNAudit | user=null | ip=null | op=WRITE_CHUNK {blockData=conID: 1 locID: 102664010307076527 bcsId: 1191} | ret=SUCCESS |  
2019-08-23 02:48:00,922 | INFO  | DNAudit | user=null | ip=null | op=PUT_BLOCK {blockData=[blockId=conID: 1 locID: 102664010307076527 bcsId: 0,size=3145728]} | ret=SUCCESS |  
2019-08-23 02:48:00,922 [grpc-default-executor-2] INFO  client.GrpcClientProtocolClient (GrpcClientProtocolClient.java:onNext(255)) - client-B268B4322F32->17750241-545b-4219-93a1-14a6ea3d85be: receive RaftClientReply:client-B268B4322F32->17750241-545b-4219-93a1-14a6ea3d85be@group-C33FBD9556F2, cid=893, SUCCESS, logIndex=1196, commits[17750241-545b-4219-93a1-14a6ea3d85be:c1197, 4eaaa090-573e-41d3-9f8c-c99e236d806a:c1195, 5f4cf9ee-4bed-49de-adaa-861aec894328:c1195]
2019-08-23 02:48:00,923 [grpc-default-executor-2] INFO  client.GrpcClientProtocolClient (GrpcClientProtocolClient.java:onNext(255)) - client-B268B4322F32->17750241-545b-4219-93a1-14a6ea3d85be: receive RaftClientReply:client-B268B4322F32->17750241-545b-4219-93a1-14a6ea3d85be@group-C33FBD9556F2, cid=894, SUCCESS, logIndex=1197, commits[17750241-545b-4219-93a1-14a6ea3d85be:c1197, 4eaaa090-573e-41d3-9f8c-c99e236d806a:c1195, 5f4cf9ee-4bed-49de-adaa-861aec894328:c1195]
2019-08-23 02:48:00,929 | INFO  | DNAudit | user=null | ip=null | op=WRITE_CHUNK {blockData=conID: 1 locID: 102664010307076527 bcsId: 1197} | ret=SUCCESS |  
2019-08-23 02:48:00,931 | INFO  | DNAudit | user=null | ip=null | op=WRITE_CHUNK {blockData=conID: 1 locID: 102664010307076527 bcsId: 1197} | ret=SUCCESS |  
2019-08-23 02:48:00,932 | INFO  | DNAudit | user=null | ip=null | op=WRITE_CHUNK {blockData=conID: 1 locID: 102664010307076527 bcsId: 1197} | ret=SUCCESS |  
2019-08-23 02:48:00,933 | INFO  | DNAudit | user=null | ip=null | op=WRITE_CHUNK {blockData=conID: 1 locID: 102664010307076527 bcsId: 1191} | ret=SUCCESS |  
2019-08-23 02:48:00,933 | INFO  | DNAudit | user=null | ip=null | op=WRITE_CHUNK {blockData=conID: 1 locID: 102664010307076527 bcsId: 1191} | ret=SUCCESS |  
2019-08-23 02:48:00,934 | INFO  | DNAudit | user=null | ip=null | op=PUT_BLOCK {blockData=[blockId=conID: 1 locID: 102664010307076527 bcsId: 0,size=3145728]} | ret=SUCCESS |  
2019-08-23 02:48:00,936 | INFO  | DNAudit | user=null | ip=null | op=PUT_BLOCK {blockData=[blockId=conID: 1 locID: 102664010307076527 bcsId: 0,size=3145728]} | ret=SUCCESS |  
2019-08-23 02:48:00,937 | INFO  | DNAudit | user=null | ip=null | op=WRITE_CHUNK {blockData=conID: 1 locID: 102664010307076527 bcsId: 1197} | ret=SUCCESS |  
2019-08-23 02:48:00,937 | INFO  | DNAudit | user=null | ip=null | op=PUT_BLOCK {blockData=[blockId=conID: 1 locID: 102664010307076527 bcsId: 0,size=4194304]} | ret=SUCCESS |  
2019-08-23 02:48:00,937 [grpc-default-executor-6] INFO  client.GrpcClientProtocolClient (GrpcClientProtocolClient.java:onNext(255)) - client-B268B4322F32->17750241-545b-4219-93a1-14a6ea3d85be: receive RaftClientReply:client-B268B4322F32->17750241-545b-4219-93a1-14a6ea3d85be@group-C33FBD9556F2, cid=895, SUCCESS, logIndex=1200, commits[17750241-545b-4219-93a1-14a6ea3d85be:c1201, 4eaaa090-573e-41d3-9f8c-c99e236d806a:c1197, 5f4cf9ee-4bed-49de-adaa-861aec894328:c1197]
2019-08-23 02:48:00,938 [grpc-default-executor-6] INFO  client.GrpcClientProtocolClient (GrpcClientProtocolClient.java:onNext(255)) - client-B268B4322F32->17750241-545b-4219-93a1-14a6ea3d85be: receive RaftClientReply:client-B268B4322F32->17750241-545b-4219-93a1-14a6ea3d85be@group-C33FBD9556F2, cid=896, SUCCESS, logIndex=1201, commits[17750241-545b-4219-93a1-14a6ea3d85be:c1201, 4eaaa090-573e-41d3-9f8c-c99e236d806a:c1197, 5f4cf9ee-4bed-49de-adaa-861aec894328:c1197]
2019-08-23 02:48:00,949 | INFO  | DNAudit | user=null | ip=null | op=WRITE_CHUNK {blockData=conID: 1 locID: 102664010307076527 bcsId: 1197} | ret=SUCCESS |  
2019-08-23 02:48:00,949 | INFO  | DNAudit | user=null | ip=null | op=WRITE_CHUNK {blockData=conID: 1 locID: 102664010307076527 bcsId: 1197} | ret=SUCCESS |  
2019-08-23 02:48:00,949 | INFO  | DNAudit | user=null | ip=null | op=PUT_BLOCK {blockData=[blockId=conID: 1 locID: 102664010307076527 bcsId: 0,size=4194304]} | ret=SUCCESS |  
2019-08-23 02:48:00,949 | INFO  | DNAudit | user=null | ip=null | op=PUT_BLOCK {blockData=[blockId=conID: 1 locID: 102664010307076527 bcsId: 0,size=4194304]} | ret=SUCCESS |  
2019-08-23 02:48:00,950 [grpc-default-executor-6] INFO  client.GrpcClientProtocolClient (GrpcClientProtocolClient.java:onNext(255)) - client-B268B4322F32->17750241-545b-4219-93a1-14a6ea3d85be: receive RaftClientReply:client-B268B4322F32->17750241-545b-4219-93a1-14a6ea3d85be@group-C33FBD9556F2, cid=897, SUCCESS, logIndex=0, commits[17750241-545b-4219-93a1-14a6ea3d85be:c1202, 4eaaa090-573e-41d3-9f8c-c99e236d806a:c1201, 5f4cf9ee-4bed-49de-adaa-861aec894328:c1201]
2019-08-23 02:48:00,958 | INFO  | DNAudit | user=null | ip=null | op=WRITE_CHUNK {blockData=conID: 2 locID: 102664010307076528 bcsId: 0} | ret=SUCCESS |  
2019-08-23 02:48:00,960 | INFO  | DNAudit | user=null | ip=null | op=WRITE_CHUNK {blockData=conID: 2 locID: 102664010307076528 bcsId: 0} | ret=SUCCESS |  
2019-08-23 02:48:00,961 | INFO  | DNAudit | user=null | ip=null | op=WRITE_CHUNK {blockData=conID: 2 locID: 102664010307076528 bcsId: 0} | ret=SUCCESS |  
2019-08-23 02:48:00,962 | INFO  | DNAudit | user=null | ip=null | op=WRITE_CHUNK {blockData=conID: 2 locID: 102664010307076528 bcsId: 0} | ret=SUCCESS |  
2019-08-23 02:48:00,964 | INFO  | DNAudit | user=null | ip=null | op=WRITE_CHUNK {blockData=conID: 2 locID: 102664010307076528 bcsId: 0} | ret=SUCCESS |  
2019-08-23 02:48:00,964 | INFO  | DNAudit | user=null | ip=null | op=WRITE_CHUNK {blockData=conID: 2 locID: 102664010307076528 bcsId: 0} | ret=SUCCESS |  
2019-08-23 02:48:00,971 | INFO  | DNAudit | user=null | ip=null | op=WRITE_CHUNK {blockData=conID: 2 locID: 102664010307076528 bcsId: 0} | ret=SUCCESS |  
2019-08-23 02:48:00,972 | INFO  | DNAudit | user=null | ip=null | op=PUT_BLOCK {blockData=[blockId=conID: 2 locID: 102664010307076528 bcsId: 0,size=1048576]} | ret=SUCCESS |  
2019-08-23 02:48:00,972 [grpc-default-executor-2] INFO  client.GrpcClientProtocolClient (GrpcClientProtocolClient.java:onNext(255)) - client-B268B4322F32->17750241-545b-4219-93a1-14a6ea3d85be: receive RaftClientReply:client-B268B4322F32->17750241-545b-4219-93a1-14a6ea3d85be@group-C33FBD9556F2, cid=898, SUCCESS, logIndex=1204, commits[17750241-545b-4219-93a1-14a6ea3d85be:c1205, 4eaaa090-573e-41d3-9f8c-c99e236d806a:c1203, 5f4cf9ee-4bed-49de-adaa-861aec894328:c1203]
2019-08-23 02:48:00,972 | INFO  | DNAudit | user=null | ip=null | op=WRITE_CHUNK {blockData=conID: 2 locID: 102664010307076528 bcsId: 0} | ret=SUCCESS |  
2019-08-23 02:48:00,972 [grpc-default-executor-2] INFO  client.GrpcClientProtocolClient (GrpcClientProtocolClient.java:onNext(255)) - client-B268B4322F32->17750241-545b-4219-93a1-14a6ea3d85be: receive RaftClientReply:client-B268B4322F32->17750241-545b-4219-93a1-14a6ea3d85be@group-C33FBD9556F2, cid=899, SUCCESS, logIndex=1205, commits[17750241-545b-4219-93a1-14a6ea3d85be:c1205, 4eaaa090-573e-41d3-9f8c-c99e236d806a:c1203, 5f4cf9ee-4bed-49de-adaa-861aec894328:c1203]
2019-08-23 02:48:00,973 | INFO  | DNAudit | user=null | ip=null | op=PUT_BLOCK {blockData=[blockId=conID: 2 locID: 102664010307076528 bcsId: 0,size=2097152]} | ret=SUCCESS |  
2019-08-23 02:48:00,973 [grpc-default-executor-2] INFO  client.GrpcClientProtocolClient (GrpcClientProtocolClient.java:onNext(255)) - client-B268B4322F32->17750241-545b-4219-93a1-14a6ea3d85be: receive RaftClientReply:client-B268B4322F32->17750241-545b-4219-93a1-14a6ea3d85be@group-C33FBD9556F2, cid=900, SUCCESS, logIndex=1206, commits[17750241-545b-4219-93a1-14a6ea3d85be:c1207, 4eaaa090-573e-41d3-9f8c-c99e236d806a:c1203, 5f4cf9ee-4bed-49de-adaa-861aec894328:c1203]
2019-08-23 02:48:00,973 | INFO  | DNAudit | user=null | ip=null | op=WRITE_CHUNK {blockData=conID: 2 locID: 102664010307076528 bcsId: 0} | ret=SUCCESS |  
2019-08-23 02:48:00,974 | INFO  | DNAudit | user=null | ip=null | op=PUT_BLOCK {blockData=[blockId=conID: 2 locID: 102664010307076528 bcsId: 0,size=1048576]} | ret=SUCCESS |  
2019-08-23 02:48:00,973 [grpc-default-executor-5] INFO  client.GrpcClientProtocolClient (GrpcClientProtocolClient.java:onNext(255)) - client-B268B4322F32->17750241-545b-4219-93a1-14a6ea3d85be: receive RaftClientReply:client-B268B4322F32->17750241-545b-4219-93a1-14a6ea3d85be@group-C33FBD9556F2, cid=901, SUCCESS, logIndex=1207, commits[17750241-545b-4219-93a1-14a6ea3d85be:c1207, 4eaaa090-573e-41d3-9f8c-c99e236d806a:c1203, 5f4cf9ee-4bed-49de-adaa-861aec894328:c1203]
2019-08-23 02:48:00,974 | INFO  | DNAudit | user=null | ip=null | op=WRITE_CHUNK {blockData=conID: 2 locID: 102664010307076528 bcsId: 0} | ret=SUCCESS |  
2019-08-23 02:48:00,975 | INFO  | DNAudit | user=null | ip=null | op=PUT_BLOCK {blockData=[blockId=conID: 2 locID: 102664010307076528 bcsId: 0,size=1048576]} | ret=SUCCESS |  
2019-08-23 02:48:00,975 | INFO  | DNAudit | user=null | ip=null | op=WRITE_CHUNK {blockData=conID: 2 locID: 102664010307076528 bcsId: 0} | ret=SUCCESS |  
2019-08-23 02:48:00,975 [grpc-default-executor-2] INFO  client.GrpcClientProtocolClient (GrpcClientProtocolClient.java:onNext(255)) - client-B268B4322F32->17750241-545b-4219-93a1-14a6ea3d85be: receive RaftClientReply:client-B268B4322F32->17750241-545b-4219-93a1-14a6ea3d85be@group-C33FBD9556F2, cid=902, SUCCESS, logIndex=0, commits[17750241-545b-4219-93a1-14a6ea3d85be:c1209, 4eaaa090-573e-41d3-9f8c-c99e236d806a:c1205, 5f4cf9ee-4bed-49de-adaa-861aec894328:c1205]
2019-08-23 02:48:00,975 | INFO  | DNAudit | user=null | ip=null | op=PUT_BLOCK {blockData=[blockId=conID: 2 locID: 102664010307076528 bcsId: 0,size=2097152]} | ret=SUCCESS |  
2019-08-23 02:48:00,975 | INFO  | DNAudit | user=null | ip=null | op=WRITE_CHUNK {blockData=conID: 2 locID: 102664010307076528 bcsId: 0} | ret=SUCCESS |  
2019-08-23 02:48:00,976 | INFO  | DNAudit | user=null | ip=null | op=PUT_BLOCK {blockData=[blockId=conID: 2 locID: 102664010307076528 bcsId: 0,size=2097152]} | ret=SUCCESS |  
2019-08-23 02:48:00,982 | INFO  | DNAudit | user=null | ip=null | op=WRITE_CHUNK {blockData=conID: 2 locID: 102664010307076528 bcsId: 1207} | ret=SUCCESS |  
2019-08-23 02:48:00,984 | INFO  | DNAudit | user=null | ip=null | op=WRITE_CHUNK {blockData=conID: 2 locID: 102664010307076528 bcsId: 1207} | ret=SUCCESS |  
2019-08-23 02:48:00,985 | INFO  | DNAudit | user=null | ip=null | op=WRITE_CHUNK {blockData=conID: 2 locID: 102664010307076528 bcsId: 1207} | ret=SUCCESS |  
2019-08-23 02:48:00,992 | INFO  | DNAudit | user=null | ip=null | op=WRITE_CHUNK {blockData=conID: 2 locID: 102664010307076528 bcsId: 1207} | ret=SUCCESS |  
2019-08-23 02:48:00,993 | INFO  | DNAudit | user=null | ip=null | op=PUT_BLOCK {blockData=[blockId=conID: 2 locID: 102664010307076528 bcsId: 0,size=3145728]} | ret=SUCCESS |  
2019-08-23 02:48:00,993 [grpc-default-executor-2] INFO  client.GrpcClientProtocolClient (GrpcClientProtocolClient.java:onNext(255)) - client-B268B4322F32->17750241-545b-4219-93a1-14a6ea3d85be: receive RaftClientReply:client-B268B4322F32->17750241-545b-4219-93a1-14a6ea3d85be@group-C33FBD9556F2, cid=903, SUCCESS, logIndex=1212, commits[17750241-545b-4219-93a1-14a6ea3d85be:c1213, 4eaaa090-573e-41d3-9f8c-c99e236d806a:c1211, 5f4cf9ee-4bed-49de-adaa-861aec894328:c1211]
2019-08-23 02:48:00,993 [grpc-default-executor-2] INFO  client.GrpcClientProtocolClient (GrpcClientProtocolClient.java:onNext(255)) - client-B268B4322F32->17750241-545b-4219-93a1-14a6ea3d85be: receive RaftClientReply:client-B268B4322F32->17750241-545b-4219-93a1-14a6ea3d85be@group-C33FBD9556F2, cid=904, SUCCESS, logIndex=1213, commits[17750241-545b-4219-93a1-14a6ea3d85be:c1213, 4eaaa090-573e-41d3-9f8c-c99e236d806a:c1211, 5f4cf9ee-4bed-49de-adaa-861aec894328:c1211]
2019-08-23 02:48:01,000 | INFO  | DNAudit | user=null | ip=null | op=WRITE_CHUNK {blockData=conID: 2 locID: 102664010307076528 bcsId: 1213} | ret=SUCCESS |  
2019-08-23 02:48:01,002 | INFO  | DNAudit | user=null | ip=null | op=WRITE_CHUNK {blockData=conID: 2 locID: 102664010307076528 bcsId: 1213} | ret=SUCCESS |  
2019-08-23 02:48:01,002 | INFO  | DNAudit | user=null | ip=null | op=WRITE_CHUNK {blockData=conID: 2 locID: 102664010307076528 bcsId: 1213} | ret=SUCCESS |  
2019-08-23 02:48:01,002 | INFO  | DNAudit | user=null | ip=null | op=WRITE_CHUNK {blockData=conID: 2 locID: 102664010307076528 bcsId: 1207} | ret=SUCCESS |  
2019-08-23 02:48:01,003 | INFO  | DNAudit | user=null | ip=null | op=WRITE_CHUNK {blockData=conID: 2 locID: 102664010307076528 bcsId: 1207} | ret=SUCCESS |  
2019-08-23 02:48:01,003 | INFO  | DNAudit | user=null | ip=null | op=PUT_BLOCK {blockData=[blockId=conID: 2 locID: 102664010307076528 bcsId: 0,size=3145728]} | ret=SUCCESS |  
2019-08-23 02:48:01,004 | INFO  | DNAudit | user=null | ip=null | op=PUT_BLOCK {blockData=[blockId=conID: 2 locID: 102664010307076528 bcsId: 0,size=3145728]} | ret=SUCCESS |  
2019-08-23 02:48:01,005 | INFO  | DNAudit | user=null | ip=null | op=WRITE_CHUNK {blockData=conID: 2 locID: 102664010307076528 bcsId: 1213} | ret=SUCCESS |  
2019-08-23 02:48:01,005 | INFO  | DNAudit | user=null | ip=null | op=PUT_BLOCK {blockData=[blockId=conID: 2 locID: 102664010307076528 bcsId: 0,size=4194304]} | ret=SUCCESS |  
2019-08-23 02:48:01,005 [grpc-default-executor-2] INFO  client.GrpcClientProtocolClient (GrpcClientProtocolClient.java:onNext(255)) - client-B268B4322F32->17750241-545b-4219-93a1-14a6ea3d85be: receive RaftClientReply:client-B268B4322F32->17750241-545b-4219-93a1-14a6ea3d85be@group-C33FBD9556F2, cid=905, SUCCESS, logIndex=1216, commits[17750241-545b-4219-93a1-14a6ea3d85be:c1217, 4eaaa090-573e-41d3-9f8c-c99e236d806a:c1213, 5f4cf9ee-4bed-49de-adaa-861aec894328:c1213]
2019-08-23 02:48:01,006 [grpc-default-executor-2] INFO  client.GrpcClientProtocolClient (GrpcClientProtocolClient.java:onNext(255)) - client-B268B4322F32->17750241-545b-4219-93a1-14a6ea3d85be: receive RaftClientReply:client-B268B4322F32->17750241-545b-4219-93a1-14a6ea3d85be@group-C33FBD9556F2, cid=906, SUCCESS, logIndex=1217, commits[17750241-545b-4219-93a1-14a6ea3d85be:c1217, 4eaaa090-573e-41d3-9f8c-c99e236d806a:c1213, 5f4cf9ee-4bed-49de-adaa-861aec894328:c1213]
2019-08-23 02:48:01,007 | INFO  | DNAudit | user=null | ip=null | op=WRITE_CHUNK {blockData=conID: 2 locID: 102664010307076528 bcsId: 1213} | ret=SUCCESS |  
2019-08-23 02:48:01,007 | INFO  | DNAudit | user=null | ip=null | op=WRITE_CHUNK {blockData=conID: 2 locID: 102664010307076528 bcsId: 1213} | ret=SUCCESS |  
2019-08-23 02:48:01,008 | INFO  | DNAudit | user=null | ip=null | op=PUT_BLOCK {blockData=[blockId=conID: 2 locID: 102664010307076528 bcsId: 0,size=4194304]} | ret=SUCCESS |  
2019-08-23 02:48:01,008 | INFO  | DNAudit | user=null | ip=null | op=PUT_BLOCK {blockData=[blockId=conID: 2 locID: 102664010307076528 bcsId: 0,size=4194304]} | ret=SUCCESS |  
2019-08-23 02:48:01,009 [grpc-default-executor-6] INFO  client.GrpcClientProtocolClient (GrpcClientProtocolClient.java:onNext(255)) - client-B268B4322F32->17750241-545b-4219-93a1-14a6ea3d85be: receive RaftClientReply:client-B268B4322F32->17750241-545b-4219-93a1-14a6ea3d85be@group-C33FBD9556F2, cid=907, SUCCESS, logIndex=0, commits[17750241-545b-4219-93a1-14a6ea3d85be:c1219, 4eaaa090-573e-41d3-9f8c-c99e236d806a:c1217, 5f4cf9ee-4bed-49de-adaa-861aec894328:c1217]
2019-08-23 02:48:01,157 | INFO  | DNAudit | user=null | ip=null | op=WRITE_CHUNK {blockData=conID: 3 locID: 102664010307142065 bcsId: 0} | ret=SUCCESS |  
2019-08-23 02:48:01,162 | INFO  | DNAudit | user=null | ip=null | op=WRITE_CHUNK {blockData=conID: 3 locID: 102664010307142065 bcsId: 0} | ret=SUCCESS |  
2019-08-23 02:48:01,162 | INFO  | DNAudit | user=null | ip=null | op=WRITE_CHUNK {blockData=conID: 3 locID: 102664010307142065 bcsId: 0} | ret=SUCCESS |  
2019-08-23 02:48:01,163 | INFO  | DNAudit | user=null | ip=null | op=WRITE_CHUNK {blockData=conID: 3 locID: 102664010307142065 bcsId: 0} | ret=SUCCESS |  
2019-08-23 02:48:01,166 | INFO  | DNAudit | user=null | ip=null | op=WRITE_CHUNK {blockData=conID: 3 locID: 102664010307142065 bcsId: 0} | ret=SUCCESS |  
2019-08-23 02:48:01,166 | INFO  | DNAudit | user=null | ip=null | op=WRITE_CHUNK {blockData=conID: 3 locID: 102664010307142065 bcsId: 0} | ret=SUCCESS |  
2019-08-23 02:48:01,171 | INFO  | DNAudit | user=null | ip=null | op=WRITE_CHUNK {blockData=conID: 3 locID: 102664010307142065 bcsId: 0} | ret=SUCCESS |  
2019-08-23 02:48:01,172 | INFO  | DNAudit | user=null | ip=null | op=PUT_BLOCK {blockData=[blockId=conID: 3 locID: 102664010307142065 bcsId: 0,size=1048576]} | ret=SUCCESS |  
2019-08-23 02:48:01,172 [grpc-default-executor-6] INFO  client.GrpcClientProtocolClient (GrpcClientProtocolClient.java:onNext(255)) - client-B268B4322F32->17750241-545b-4219-93a1-14a6ea3d85be: receive RaftClientReply:client-B268B4322F32->17750241-545b-4219-93a1-14a6ea3d85be@group-C33FBD9556F2, cid=908, SUCCESS, logIndex=1220, commits[17750241-545b-4219-93a1-14a6ea3d85be:c1221, 4eaaa090-573e-41d3-9f8c-c99e236d806a:c1219, 5f4cf9ee-4bed-49de-adaa-861aec894328:c1219]
2019-08-23 02:48:01,173 | INFO  | DNAudit | user=null | ip=null | op=WRITE_CHUNK {blockData=conID: 3 locID: 102664010307142065 bcsId: 0} | ret=SUCCESS |  
2019-08-23 02:48:01,173 | INFO  | DNAudit | user=null | ip=null | op=WRITE_CHUNK {blockData=conID: 3 locID: 102664010307142065 bcsId: 0} | ret=SUCCESS |  
2019-08-23 02:48:01,173 | INFO  | DNAudit | user=null | ip=null | op=PUT_BLOCK {blockData=[blockId=conID: 3 locID: 102664010307142065 bcsId: 0,size=2097152]} | ret=SUCCESS |  
2019-08-23 02:48:01,174 | INFO  | DNAudit | user=null | ip=null | op=PUT_BLOCK {blockData=[blockId=conID: 3 locID: 102664010307142065 bcsId: 0,size=1048576]} | ret=SUCCESS |  
2019-08-23 02:48:01,174 [grpc-default-executor-6] INFO  client.GrpcClientProtocolClient (GrpcClientProtocolClient.java:onNext(255)) - client-B268B4322F32->17750241-545b-4219-93a1-14a6ea3d85be: receive RaftClientReply:client-B268B4322F32->17750241-545b-4219-93a1-14a6ea3d85be@group-C33FBD9556F2, cid=909, SUCCESS, logIndex=1221, commits[17750241-545b-4219-93a1-14a6ea3d85be:c1222, 4eaaa090-573e-41d3-9f8c-c99e236d806a:c1219, 5f4cf9ee-4bed-49de-adaa-861aec894328:c1219]
2019-08-23 02:48:01,174 | INFO  | DNAudit | user=null | ip=null | op=WRITE_CHUNK {blockData=conID: 3 locID: 102664010307142065 bcsId: 0} | ret=SUCCESS |  
2019-08-23 02:48:01,174 [grpc-default-executor-6] INFO  client.GrpcClientProtocolClient (GrpcClientProtocolClient.java:onNext(255)) - client-B268B4322F32->17750241-545b-4219-93a1-14a6ea3d85be: receive RaftClientReply:client-B268B4322F32->17750241-545b-4219-93a1-14a6ea3d85be@group-C33FBD9556F2, cid=910, SUCCESS, logIndex=1222, commits[17750241-545b-4219-93a1-14a6ea3d85be:c1223, 4eaaa090-573e-41d3-9f8c-c99e236d806a:c1219, 5f4cf9ee-4bed-49de-adaa-861aec894328:c1219]
2019-08-23 02:48:01,174 | INFO  | DNAudit | user=null | ip=null | op=PUT_BLOCK {blockData=[blockId=conID: 3 locID: 102664010307142065 bcsId: 0,size=1048576]} | ret=SUCCESS |  
2019-08-23 02:48:01,175 | INFO  | DNAudit | user=null | ip=null | op=WRITE_CHUNK {blockData=conID: 3 locID: 102664010307142065 bcsId: 0} | ret=SUCCESS |  
2019-08-23 02:48:01,175 [grpc-default-executor-6] INFO  client.GrpcClientProtocolClient (GrpcClientProtocolClient.java:onNext(255)) - client-B268B4322F32->17750241-545b-4219-93a1-14a6ea3d85be: receive RaftClientReply:client-B268B4322F32->17750241-545b-4219-93a1-14a6ea3d85be@group-C33FBD9556F2, cid=911, SUCCESS, logIndex=1223, commits[17750241-545b-4219-93a1-14a6ea3d85be:c1225, 4eaaa090-573e-41d3-9f8c-c99e236d806a:c1219, 5f4cf9ee-4bed-49de-adaa-861aec894328:c1221]
2019-08-23 02:48:01,175 | INFO  | DNAudit | user=null | ip=null | op=PUT_BLOCK {blockData=[blockId=conID: 3 locID: 102664010307142065 bcsId: 0,size=2097152]} | ret=SUCCESS |  
2019-08-23 02:48:01,175 | INFO  | DNAudit | user=null | ip=null | op=WRITE_CHUNK {blockData=conID: 3 locID: 102664010307142065 bcsId: 0} | ret=SUCCESS |  
2019-08-23 02:48:01,176 | INFO  | DNAudit | user=null | ip=null | op=PUT_BLOCK {blockData=[blockId=conID: 3 locID: 102664010307142065 bcsId: 0,size=2097152]} | ret=SUCCESS |  
2019-08-23 02:48:01,176 [grpc-default-executor-6] INFO  client.GrpcClientProtocolClient (GrpcClientProtocolClient.java:onNext(255)) - client-B268B4322F32->17750241-545b-4219-93a1-14a6ea3d85be: receive RaftClientReply:client-B268B4322F32->17750241-545b-4219-93a1-14a6ea3d85be@group-C33FBD9556F2, cid=912, SUCCESS, logIndex=0, commits[17750241-545b-4219-93a1-14a6ea3d85be:c1227, 4eaaa090-573e-41d3-9f8c-c99e236d806a:c1223, 5f4cf9ee-4bed-49de-adaa-861aec894328:c1223]
2019-08-23 02:48:01,186 | INFO  | DNAudit | user=null | ip=null | op=WRITE_CHUNK {blockData=conID: 3 locID: 102664010307142065 bcsId: 1223} | ret=SUCCESS |  
2019-08-23 02:48:01,189 | INFO  | DNAudit | user=null | ip=null | op=WRITE_CHUNK {blockData=conID: 3 locID: 102664010307142065 bcsId: 1223} | ret=SUCCESS |  
2019-08-23 02:48:01,190 | INFO  | DNAudit | user=null | ip=null | op=WRITE_CHUNK {blockData=conID: 3 locID: 102664010307142065 bcsId: 1223} | ret=SUCCESS |  
2019-08-23 02:48:01,199 | INFO  | DNAudit | user=null | ip=null | op=WRITE_CHUNK {blockData=conID: 3 locID: 102664010307142065 bcsId: 1223} | ret=SUCCESS |  
2019-08-23 02:48:01,200 | INFO  | DNAudit | user=null | ip=null | op=PUT_BLOCK {blockData=[blockId=conID: 3 locID: 102664010307142065 bcsId: 0,size=3145728]} | ret=SUCCESS |  
2019-08-23 02:48:01,200 [grpc-default-executor-4] INFO  client.GrpcClientProtocolClient (GrpcClientProtocolClient.java:onNext(255)) - client-B268B4322F32->17750241-545b-4219-93a1-14a6ea3d85be: receive RaftClientReply:client-B268B4322F32->17750241-545b-4219-93a1-14a6ea3d85be@group-C33FBD9556F2, cid=913, SUCCESS, logIndex=1228, commits[17750241-545b-4219-93a1-14a6ea3d85be:c1229, 4eaaa090-573e-41d3-9f8c-c99e236d806a:c1227, 5f4cf9ee-4bed-49de-adaa-861aec894328:c1227]
2019-08-23 02:48:01,201 [grpc-default-executor-4] INFO  client.GrpcClientProtocolClient (GrpcClientProtocolClient.java:onNext(255)) - client-B268B4322F32->17750241-545b-4219-93a1-14a6ea3d85be: receive RaftClientReply:client-B268B4322F32->17750241-545b-4219-93a1-14a6ea3d85be@group-C33FBD9556F2, cid=914, SUCCESS, logIndex=1229, commits[17750241-545b-4219-93a1-14a6ea3d85be:c1229, 4eaaa090-573e-41d3-9f8c-c99e236d806a:c1227, 5f4cf9ee-4bed-49de-adaa-861aec894328:c1227]
2019-08-23 02:48:01,202 | INFO  | SCMAudit | user=jenkins1000 | ip=192.168.34.22 | op=SEND_HEARTBEAT {datanodeUUID=17750241-545b-4219-93a1-14a6ea3d85be, command=[]} | ret=SUCCESS |  
2019-08-23 02:48:01,204 | INFO  | SCMAudit | user=jenkins1000 | ip=192.168.34.22 | op=SEND_HEARTBEAT {datanodeUUID=4eaaa090-573e-41d3-9f8c-c99e236d806a, command=[]} | ret=SUCCESS |  
2019-08-23 02:48:01,206 | INFO  | SCMAudit | user=jenkins1000 | ip=192.168.34.22 | op=SEND_HEARTBEAT {datanodeUUID=5f4cf9ee-4bed-49de-adaa-861aec894328, command=[]} | ret=SUCCESS |  
2019-08-23 02:48:01,209 | INFO  | DNAudit | user=null | ip=null | op=WRITE_CHUNK {blockData=conID: 3 locID: 102664010307142065 bcsId: 1229} | ret=SUCCESS |  
2019-08-23 02:48:01,211 | INFO  | DNAudit | user=null | ip=null | op=WRITE_CHUNK {blockData=conID: 3 locID: 102664010307142065 bcsId: 1223} | ret=SUCCESS |  
2019-08-23 02:48:01,211 | INFO  | DNAudit | user=null | ip=null | op=WRITE_CHUNK {blockData=conID: 3 locID: 102664010307142065 bcsId: 1223} | ret=SUCCESS |  
2019-08-23 02:48:01,212 | INFO  | DNAudit | user=null | ip=null | op=PUT_BLOCK {blockData=[blockId=conID: 3 locID: 102664010307142065 bcsId: 0,size=3145728]} | ret=SUCCESS |  
2019-08-23 02:48:01,212 | INFO  | DNAudit | user=null | ip=null | op=WRITE_CHUNK {blockData=conID: 3 locID: 102664010307142065 bcsId: 1229} | ret=SUCCESS |  
2019-08-23 02:48:01,213 | INFO  | DNAudit | user=null | ip=null | op=WRITE_CHUNK {blockData=conID: 3 locID: 102664010307142065 bcsId: 1229} | ret=SUCCESS |  
2019-08-23 02:48:01,224 | INFO  | DNAudit | user=null | ip=null | op=PUT_BLOCK {blockData=[blockId=conID: 3 locID: 102664010307142065 bcsId: 0,size=3145728]} | ret=SUCCESS |  
2019-08-23 02:48:01,225 | INFO  | DNAudit | user=null | ip=null | op=WRITE_CHUNK {blockData=conID: 3 locID: 102664010307142065 bcsId: 1229} | ret=SUCCESS |  
2019-08-23 02:48:01,225 | INFO  | DNAudit | user=null | ip=null | op=PUT_BLOCK {blockData=[blockId=conID: 3 locID: 102664010307142065 bcsId: 0,size=4194304]} | ret=SUCCESS |  
2019-08-23 02:48:01,226 [grpc-default-executor-6] INFO  client.GrpcClientProtocolClient (GrpcClientProtocolClient.java:onNext(255)) - client-B268B4322F32->17750241-545b-4219-93a1-14a6ea3d85be: receive RaftClientReply:client-B268B4322F32->17750241-545b-4219-93a1-14a6ea3d85be@group-C33FBD9556F2, cid=915, SUCCESS, logIndex=1232, commits[17750241-545b-4219-93a1-14a6ea3d85be:c1233, 4eaaa090-573e-41d3-9f8c-c99e236d806a:c1229, 5f4cf9ee-4bed-49de-adaa-861aec894328:c1229]
2019-08-23 02:48:01,226 [grpc-default-executor-6] INFO  client.GrpcClientProtocolClient (GrpcClientProtocolClient.java:onNext(255)) - client-B268B4322F32->17750241-545b-4219-93a1-14a6ea3d85be: receive RaftClientReply:client-B268B4322F32->17750241-545b-4219-93a1-14a6ea3d85be@group-C33FBD9556F2, cid=916, SUCCESS, logIndex=1233, commits[17750241-545b-4219-93a1-14a6ea3d85be:c1233, 4eaaa090-573e-41d3-9f8c-c99e236d806a:c1229, 5f4cf9ee-4bed-49de-adaa-861aec894328:c1229]
2019-08-23 02:48:01,237 | INFO  | DNAudit | user=null | ip=null | op=WRITE_CHUNK {blockData=conID: 3 locID: 102664010307142065 bcsId: 1229} | ret=SUCCESS |  
2019-08-23 02:48:01,237 | INFO  | DNAudit | user=null | ip=null | op=WRITE_CHUNK {blockData=conID: 3 locID: 102664010307142065 bcsId: 1229} | ret=SUCCESS |  
2019-08-23 02:48:01,237 | INFO  | DNAudit | user=null | ip=null | op=PUT_BLOCK {blockData=[blockId=conID: 3 locID: 102664010307142065 bcsId: 0,size=4194304]} | ret=SUCCESS |  
2019-08-23 02:48:01,237 | INFO  | DNAudit | user=null | ip=null | op=PUT_BLOCK {blockData=[blockId=conID: 3 locID: 102664010307142065 bcsId: 0,size=4194304]} | ret=SUCCESS |  
2019-08-23 02:48:01,237 [grpc-default-executor-6] INFO  client.GrpcClientProtocolClient (GrpcClientProtocolClient.java:onNext(255)) - client-B268B4322F32->17750241-545b-4219-93a1-14a6ea3d85be: receive RaftClientReply:client-B268B4322F32->17750241-545b-4219-93a1-14a6ea3d85be@group-C33FBD9556F2, cid=917, SUCCESS, logIndex=0, commits[17750241-545b-4219-93a1-14a6ea3d85be:c1234, 4eaaa090-573e-41d3-9f8c-c99e236d806a:c1233, 5f4cf9ee-4bed-49de-adaa-861aec894328:c1233]
2019-08-23 02:48:01,246 | INFO  | DNAudit | user=null | ip=null | op=WRITE_CHUNK {blockData=conID: 1 locID: 102664010307142066 bcsId: 0} | ret=SUCCESS |  
2019-08-23 02:48:01,249 | INFO  | DNAudit | user=null | ip=null | op=WRITE_CHUNK {blockData=conID: 1 locID: 102664010307142066 bcsId: 0} | ret=SUCCESS |  
2019-08-23 02:48:01,250 | INFO  | DNAudit | user=null | ip=null | op=WRITE_CHUNK {blockData=conID: 1 locID: 102664010307142066 bcsId: 0} | ret=SUCCESS |  
2019-08-23 02:48:01,251 | INFO  | DNAudit | user=null | ip=null | op=WRITE_CHUNK {blockData=conID: 1 locID: 102664010307142066 bcsId: 0} | ret=SUCCESS |  
2019-08-23 02:48:01,253 | INFO  | DNAudit | user=null | ip=null | op=WRITE_CHUNK {blockData=conID: 1 locID: 102664010307142066 bcsId: 0} | ret=SUCCESS |  
2019-08-23 02:48:01,254 | INFO  | DNAudit | user=null | ip=null | op=WRITE_CHUNK {blockData=conID: 1 locID: 102664010307142066 bcsId: 0} | ret=SUCCESS |  
2019-08-23 02:48:01,259 | INFO  | DNAudit | user=null | ip=null | op=WRITE_CHUNK {blockData=conID: 1 locID: 102664010307142066 bcsId: 0} | ret=SUCCESS |  
2019-08-23 02:48:01,259 | INFO  | DNAudit | user=null | ip=null | op=PUT_BLOCK {blockData=[blockId=conID: 1 locID: 102664010307142066 bcsId: 0,size=1048576]} | ret=SUCCESS |  
2019-08-23 02:48:01,260 | INFO  | DNAudit | user=null | ip=null | op=WRITE_CHUNK {blockData=conID: 1 locID: 102664010307142066 bcsId: 0} | ret=SUCCESS |  
2019-08-23 02:48:01,260 [grpc-default-executor-4] INFO  client.GrpcClientProtocolClient (GrpcClientProtocolClient.java:onNext(255)) - client-B268B4322F32->17750241-545b-4219-93a1-14a6ea3d85be: receive RaftClientReply:client-B268B4322F32->17750241-545b-4219-93a1-14a6ea3d85be@group-C33FBD9556F2, cid=918, SUCCESS, logIndex=1236, commits[17750241-545b-4219-93a1-14a6ea3d85be:c1237, 4eaaa090-573e-41d3-9f8c-c99e236d806a:c1235, 5f4cf9ee-4bed-49de-adaa-861aec894328:c1235]
2019-08-23 02:48:01,260 | INFO  | DNAudit | user=null | ip=null | op=PUT_BLOCK {blockData=[blockId=conID: 1 locID: 102664010307142066 bcsId: 0,size=2097152]} | ret=SUCCESS |  
2019-08-23 02:48:01,260 [grpc-default-executor-4] INFO  client.GrpcClientProtocolClient (GrpcClientProtocolClient.java:onNext(255)) - client-B268B4322F32->17750241-545b-4219-93a1-14a6ea3d85be: receive RaftClientReply:client-B268B4322F32->17750241-545b-4219-93a1-14a6ea3d85be@group-C33FBD9556F2, cid=919, SUCCESS, logIndex=1237, commits[17750241-545b-4219-93a1-14a6ea3d85be:c1238, 4eaaa090-573e-41d3-9f8c-c99e236d806a:c1235, 5f4cf9ee-4bed-49de-adaa-861aec894328:c1235]
2019-08-23 02:48:01,261 | INFO  | DNAudit | user=null | ip=null | op=WRITE_CHUNK {blockData=conID: 1 locID: 102664010307142066 bcsId: 0} | ret=SUCCESS |  
2019-08-23 02:48:01,261 [grpc-default-executor-4] INFO  client.GrpcClientProtocolClient (GrpcClientProtocolClient.java:onNext(255)) - client-B268B4322F32->17750241-545b-4219-93a1-14a6ea3d85be: receive RaftClientReply:client-B268B4322F32->17750241-545b-4219-93a1-14a6ea3d85be@group-C33FBD9556F2, cid=920, SUCCESS, logIndex=1238, commits[17750241-545b-4219-93a1-14a6ea3d85be:c1239, 4eaaa090-573e-41d3-9f8c-c99e236d806a:c1235, 5f4cf9ee-4bed-49de-adaa-861aec894328:c1235]
2019-08-23 02:48:01,261 | INFO  | DNAudit | user=null | ip=null | op=PUT_BLOCK {blockData=[blockId=conID: 1 locID: 102664010307142066 bcsId: 0,size=1048576]} | ret=SUCCESS |  
2019-08-23 02:48:01,261 [grpc-default-executor-4] INFO  client.GrpcClientProtocolClient (GrpcClientProtocolClient.java:onNext(255)) - client-B268B4322F32->17750241-545b-4219-93a1-14a6ea3d85be: receive RaftClientReply:client-B268B4322F32->17750241-545b-4219-93a1-14a6ea3d85be@group-C33FBD9556F2, cid=921, SUCCESS, logIndex=1239, commits[17750241-545b-4219-93a1-14a6ea3d85be:c1239, 4eaaa090-573e-41d3-9f8c-c99e236d806a:c1235, 5f4cf9ee-4bed-49de-adaa-861aec894328:c1235]
2019-08-23 02:48:01,261 | INFO  | DNAudit | user=null | ip=null | op=WRITE_CHUNK {blockData=conID: 1 locID: 102664010307142066 bcsId: 0} | ret=SUCCESS |  
2019-08-23 02:48:01,262 | INFO  | DNAudit | user=null | ip=null | op=WRITE_CHUNK {blockData=conID: 1 locID: 102664010307142066 bcsId: 0} | ret=SUCCESS |  
2019-08-23 02:48:01,262 | INFO  | DNAudit | user=null | ip=null | op=PUT_BLOCK {blockData=[blockId=conID: 1 locID: 102664010307142066 bcsId: 0,size=1048576]} | ret=SUCCESS |  
2019-08-23 02:48:01,262 | INFO  | DNAudit | user=null | ip=null | op=PUT_BLOCK {blockData=[blockId=conID: 1 locID: 102664010307142066 bcsId: 0,size=2097152]} | ret=SUCCESS |  
2019-08-23 02:48:01,262 | INFO  | DNAudit | user=null | ip=null | op=WRITE_CHUNK {blockData=conID: 1 locID: 102664010307142066 bcsId: 0} | ret=SUCCESS |  
2019-08-23 02:48:01,262 [grpc-default-executor-4] INFO  client.GrpcClientProtocolClient (GrpcClientProtocolClient.java:onNext(255)) - client-B268B4322F32->17750241-545b-4219-93a1-14a6ea3d85be: receive RaftClientReply:client-B268B4322F32->17750241-545b-4219-93a1-14a6ea3d85be@group-C33FBD9556F2, cid=922, SUCCESS, logIndex=0, commits[17750241-545b-4219-93a1-14a6ea3d85be:c1242, 4eaaa090-573e-41d3-9f8c-c99e236d806a:c1238, 5f4cf9ee-4bed-49de-adaa-861aec894328:c1237]
2019-08-23 02:48:01,262 | INFO  | DNAudit | user=null | ip=null | op=PUT_BLOCK {blockData=[blockId=conID: 1 locID: 102664010307142066 bcsId: 0,size=2097152]} | ret=SUCCESS |  
2019-08-23 02:48:01,268 | INFO  | DNAudit | user=null | ip=null | op=WRITE_CHUNK {blockData=conID: 1 locID: 102664010307142066 bcsId: 1239} | ret=SUCCESS |  
2019-08-23 02:48:01,270 | INFO  | DNAudit | user=null | ip=null | op=WRITE_CHUNK {blockData=conID: 1 locID: 102664010307142066 bcsId: 1239} | ret=SUCCESS |  
2019-08-23 02:48:01,271 | INFO  | DNAudit | user=null | ip=null | op=WRITE_CHUNK {blockData=conID: 1 locID: 102664010307142066 bcsId: 1239} | ret=SUCCESS |  
2019-08-23 02:48:01,281 | INFO  | DNAudit | user=null | ip=null | op=WRITE_CHUNK {blockData=conID: 1 locID: 102664010307142066 bcsId: 1239} | ret=SUCCESS |  
2019-08-23 02:48:01,281 | INFO  | DNAudit | user=null | ip=null | op=PUT_BLOCK {blockData=[blockId=conID: 1 locID: 102664010307142066 bcsId: 0,size=3145728]} | ret=SUCCESS |  
2019-08-23 02:48:01,281 [grpc-default-executor-4] INFO  client.GrpcClientProtocolClient (GrpcClientProtocolClient.java:onNext(255)) - client-B268B4322F32->17750241-545b-4219-93a1-14a6ea3d85be: receive RaftClientReply:client-B268B4322F32->17750241-545b-4219-93a1-14a6ea3d85be@group-C33FBD9556F2, cid=923, SUCCESS, logIndex=1244, commits[17750241-545b-4219-93a1-14a6ea3d85be:c1245, 4eaaa090-573e-41d3-9f8c-c99e236d806a:c1243, 5f4cf9ee-4bed-49de-adaa-861aec894328:c1243]
2019-08-23 02:48:01,282 [grpc-default-executor-4] INFO  client.GrpcClientProtocolClient (GrpcClientProtocolClient.java:onNext(255)) - client-B268B4322F32->17750241-545b-4219-93a1-14a6ea3d85be: receive RaftClientReply:client-B268B4322F32->17750241-545b-4219-93a1-14a6ea3d85be@group-C33FBD9556F2, cid=924, SUCCESS, logIndex=1245, commits[17750241-545b-4219-93a1-14a6ea3d85be:c1245, 4eaaa090-573e-41d3-9f8c-c99e236d806a:c1243, 5f4cf9ee-4bed-49de-adaa-861aec894328:c1243]
2019-08-23 02:48:01,288 | INFO  | DNAudit | user=null | ip=null | op=WRITE_CHUNK {blockData=conID: 1 locID: 102664010307142066 bcsId: 1245} | ret=SUCCESS |  
2019-08-23 02:48:01,290 | INFO  | DNAudit | user=null | ip=null | op=WRITE_CHUNK {blockData=conID: 1 locID: 102664010307142066 bcsId: 1245} | ret=SUCCESS |  
2019-08-23 02:48:01,290 | INFO  | DNAudit | user=null | ip=null | op=WRITE_CHUNK {blockData=conID: 1 locID: 102664010307142066 bcsId: 1245} | ret=SUCCESS |  
2019-08-23 02:48:01,292 | INFO  | DNAudit | user=null | ip=null | op=WRITE_CHUNK {blockData=conID: 1 locID: 102664010307142066 bcsId: 1239} | ret=SUCCESS |  
2019-08-23 02:48:01,292 | INFO  | DNAudit | user=null | ip=null | op=WRITE_CHUNK {blockData=conID: 1 locID: 102664010307142066 bcsId: 1239} | ret=SUCCESS |  
2019-08-23 02:48:01,295 | INFO  | DNAudit | user=null | ip=null | op=PUT_BLOCK {blockData=[blockId=conID: 1 locID: 102664010307142066 bcsId: 0,size=3145728]} | ret=SUCCESS |  
2019-08-23 02:48:01,295 | INFO  | DNAudit | user=null | ip=null | op=PUT_BLOCK {blockData=[blockId=conID: 1 locID: 102664010307142066 bcsId: 0,size=3145728]} | ret=SUCCESS |  
2019-08-23 02:48:01,296 | INFO  | DNAudit | user=null | ip=null | op=WRITE_CHUNK {blockData=conID: 1 locID: 102664010307142066 bcsId: 1245} | ret=SUCCESS |  
2019-08-23 02:48:01,296 | INFO  | DNAudit | user=null | ip=null | op=PUT_BLOCK {blockData=[blockId=conID: 1 locID: 102664010307142066 bcsId: 0,size=4194304]} | ret=SUCCESS |  
2019-08-23 02:48:01,296 [grpc-default-executor-6] INFO  client.GrpcClientProtocolClient (GrpcClientProtocolClient.java:onNext(255)) - client-B268B4322F32->17750241-545b-4219-93a1-14a6ea3d85be: receive RaftClientReply:client-B268B4322F32->17750241-545b-4219-93a1-14a6ea3d85be@group-C33FBD9556F2, cid=925, SUCCESS, logIndex=1248, commits[17750241-545b-4219-93a1-14a6ea3d85be:c1249, 4eaaa090-573e-41d3-9f8c-c99e236d806a:c1245, 5f4cf9ee-4bed-49de-adaa-861aec894328:c1245]
2019-08-23 02:48:01,297 [grpc-default-executor-6] INFO  client.GrpcClientProtocolClient (GrpcClientProtocolClient.java:onNext(255)) - client-B268B4322F32->17750241-545b-4219-93a1-14a6ea3d85be: receive RaftClientReply:client-B268B4322F32->17750241-545b-4219-93a1-14a6ea3d85be@group-C33FBD9556F2, cid=926, SUCCESS, logIndex=1249, commits[17750241-545b-4219-93a1-14a6ea3d85be:c1249, 4eaaa090-573e-41d3-9f8c-c99e236d806a:c1245, 5f4cf9ee-4bed-49de-adaa-861aec894328:c1245]
2019-08-23 02:48:01,307 | INFO  | DNAudit | user=null | ip=null | op=WRITE_CHUNK {blockData=conID: 1 locID: 102664010307142066 bcsId: 1245} | ret=SUCCESS |  
2019-08-23 02:48:01,307 | INFO  | DNAudit | user=null | ip=null | op=WRITE_CHUNK {blockData=conID: 1 locID: 102664010307142066 bcsId: 1245} | ret=SUCCESS |  
2019-08-23 02:48:01,310 | INFO  | DNAudit | user=null | ip=null | op=PUT_BLOCK {blockData=[blockId=conID: 1 locID: 102664010307142066 bcsId: 0,size=4194304]} | ret=SUCCESS |  
2019-08-23 02:48:01,310 | INFO  | DNAudit | user=null | ip=null | op=PUT_BLOCK {blockData=[blockId=conID: 1 locID: 102664010307142066 bcsId: 0,size=4194304]} | ret=SUCCESS |  
2019-08-23 02:48:01,311 [grpc-default-executor-6] INFO  client.GrpcClientProtocolClient (GrpcClientProtocolClient.java:onNext(255)) - client-B268B4322F32->17750241-545b-4219-93a1-14a6ea3d85be: receive RaftClientReply:client-B268B4322F32->17750241-545b-4219-93a1-14a6ea3d85be@group-C33FBD9556F2, cid=927, SUCCESS, logIndex=0, commits[17750241-545b-4219-93a1-14a6ea3d85be:c1251, 4eaaa090-573e-41d3-9f8c-c99e236d806a:c1249, 5f4cf9ee-4bed-49de-adaa-861aec894328:c1249]
2019-08-23 02:48:01,317 | INFO  | DNAudit | user=null | ip=null | op=WRITE_CHUNK {blockData=conID: 2 locID: 102664010307142067 bcsId: 0} | ret=SUCCESS |  
2019-08-23 02:48:01,320 | INFO  | DNAudit | user=null | ip=null | op=WRITE_CHUNK {blockData=conID: 2 locID: 102664010307142067 bcsId: 0} | ret=SUCCESS |  
2019-08-23 02:48:01,320 | INFO  | DNAudit | user=null | ip=null | op=WRITE_CHUNK {blockData=conID: 2 locID: 102664010307142067 bcsId: 0} | ret=SUCCESS |  
2019-08-23 02:48:01,320 | INFO  | DNAudit | user=null | ip=null | op=WRITE_CHUNK {blockData=conID: 2 locID: 102664010307142067 bcsId: 0} | ret=SUCCESS |  
2019-08-23 02:48:01,322 | INFO  | DNAudit | user=null | ip=null | op=WRITE_CHUNK {blockData=conID: 2 locID: 102664010307142067 bcsId: 0} | ret=SUCCESS |  
2019-08-23 02:48:01,323 | INFO  | DNAudit | user=null | ip=null | op=WRITE_CHUNK {blockData=conID: 2 locID: 102664010307142067 bcsId: 0} | ret=SUCCESS |  
2019-08-23 02:48:01,330 | INFO  | DNAudit | user=null | ip=null | op=WRITE_CHUNK {blockData=conID: 2 locID: 102664010307142067 bcsId: 0} | ret=SUCCESS |  
2019-08-23 02:48:01,331 | INFO  | DNAudit | user=null | ip=null | op=PUT_BLOCK {blockData=[blockId=conID: 2 locID: 102664010307142067 bcsId: 0,size=1048576]} | ret=SUCCESS |  
2019-08-23 02:48:01,331 [grpc-default-executor-6] INFO  client.GrpcClientProtocolClient (GrpcClientProtocolClient.java:onNext(255)) - client-B268B4322F32->17750241-545b-4219-93a1-14a6ea3d85be: receive RaftClientReply:client-B268B4322F32->17750241-545b-4219-93a1-14a6ea3d85be@group-C33FBD9556F2, cid=928, SUCCESS, logIndex=1252, commits[17750241-545b-4219-93a1-14a6ea3d85be:c1253, 4eaaa090-573e-41d3-9f8c-c99e236d806a:c1251, 5f4cf9ee-4bed-49de-adaa-861aec894328:c1251]
2019-08-23 02:48:01,332 | INFO  | DNAudit | user=null | ip=null | op=WRITE_CHUNK {blockData=conID: 2 locID: 102664010307142067 bcsId: 0} | ret=SUCCESS |  
2019-08-23 02:48:01,332 [grpc-default-executor-6] INFO  client.GrpcClientProtocolClient (GrpcClientProtocolClient.java:onNext(255)) - client-B268B4322F32->17750241-545b-4219-93a1-14a6ea3d85be: receive RaftClientReply:client-B268B4322F32->17750241-545b-4219-93a1-14a6ea3d85be@group-C33FBD9556F2, cid=929, SUCCESS, logIndex=1253, commits[17750241-545b-4219-93a1-14a6ea3d85be:c1253, 4eaaa090-573e-41d3-9f8c-c99e236d806a:c1251, 5f4cf9ee-4bed-49de-adaa-861aec894328:c1251]
2019-08-23 02:48:01,332 | INFO  | DNAudit | user=null | ip=null | op=PUT_BLOCK {blockData=[blockId=conID: 2 locID: 102664010307142067 bcsId: 0,size=2097152]} | ret=SUCCESS |  
2019-08-23 02:48:01,332 [grpc-default-executor-6] INFO  client.GrpcClientProtocolClient (GrpcClientProtocolClient.java:onNext(255)) - client-B268B4322F32->17750241-545b-4219-93a1-14a6ea3d85be: receive RaftClientReply:client-B268B4322F32->17750241-545b-4219-93a1-14a6ea3d85be@group-C33FBD9556F2, cid=930, SUCCESS, logIndex=1254, commits[17750241-545b-4219-93a1-14a6ea3d85be:c1255, 4eaaa090-573e-41d3-9f8c-c99e236d806a:c1251, 5f4cf9ee-4bed-49de-adaa-861aec894328:c1251]
2019-08-23 02:48:01,333 [grpc-default-executor-6] INFO  client.GrpcClientProtocolClient (GrpcClientProtocolClient.java:onNext(255)) - client-B268B4322F32->17750241-545b-4219-93a1-14a6ea3d85be: receive RaftClientReply:client-B268B4322F32->17750241-545b-4219-93a1-14a6ea3d85be@group-C33FBD9556F2, cid=931, SUCCESS, logIndex=1255, commits[17750241-545b-4219-93a1-14a6ea3d85be:c1255, 4eaaa090-573e-41d3-9f8c-c99e236d806a:c1251, 5f4cf9ee-4bed-49de-adaa-861aec894328:c1251]
2019-08-23 02:48:01,342 | INFO  | DNAudit | user=null | ip=null | op=WRITE_CHUNK {blockData=conID: 2 locID: 102664010307142067 bcsId: 0} | ret=SUCCESS |  
2019-08-23 02:48:01,342 | INFO  | DNAudit | user=null | ip=null | op=PUT_BLOCK {blockData=[blockId=conID: 2 locID: 102664010307142067 bcsId: 0,size=1048576]} | ret=SUCCESS |  
2019-08-23 02:48:01,343 | INFO  | DNAudit | user=null | ip=null | op=WRITE_CHUNK {blockData=conID: 2 locID: 102664010307142067 bcsId: 0} | ret=SUCCESS |  
2019-08-23 02:48:01,343 | INFO  | DNAudit | user=null | ip=null | op=WRITE_CHUNK {blockData=conID: 2 locID: 102664010307142067 bcsId: 0} | ret=SUCCESS |  
2019-08-23 02:48:01,343 | INFO  | DNAudit | user=null | ip=null | op=PUT_BLOCK {blockData=[blockId=conID: 2 locID: 102664010307142067 bcsId: 0,size=1048576]} | ret=SUCCESS |  
2019-08-23 02:48:01,343 | INFO  | DNAudit | user=null | ip=null | op=PUT_BLOCK {blockData=[blockId=conID: 2 locID: 102664010307142067 bcsId: 0,size=2097152]} | ret=SUCCESS |  
2019-08-23 02:48:01,343 [grpc-default-executor-6] INFO  client.GrpcClientProtocolClient (GrpcClientProtocolClient.java:onNext(255)) - client-B268B4322F32->17750241-545b-4219-93a1-14a6ea3d85be: receive RaftClientReply:client-B268B4322F32->17750241-545b-4219-93a1-14a6ea3d85be@group-C33FBD9556F2, cid=932, SUCCESS, logIndex=0, commits[17750241-545b-4219-93a1-14a6ea3d85be:c1257, 4eaaa090-573e-41d3-9f8c-c99e236d806a:c1253, 5f4cf9ee-4bed-49de-adaa-861aec894328:c1253]
2019-08-23 02:48:01,344 | INFO  | DNAudit | user=null | ip=null | op=WRITE_CHUNK {blockData=conID: 2 locID: 102664010307142067 bcsId: 0} | ret=SUCCESS |  
2019-08-23 02:48:01,344 | INFO  | DNAudit | user=null | ip=null | op=PUT_BLOCK {blockData=[blockId=conID: 2 locID: 102664010307142067 bcsId: 0,size=2097152]} | ret=SUCCESS |  
2019-08-23 02:48:01,350 | INFO  | DNAudit | user=null | ip=null | op=WRITE_CHUNK {blockData=conID: 2 locID: 102664010307142067 bcsId: 1255} | ret=SUCCESS |  
2019-08-23 02:48:01,352 | INFO  | DNAudit | user=null | ip=null | op=WRITE_CHUNK {blockData=conID: 2 locID: 102664010307142067 bcsId: 1255} | ret=SUCCESS |  
2019-08-23 02:48:01,353 | INFO  | DNAudit | user=null | ip=null | op=WRITE_CHUNK {blockData=conID: 2 locID: 102664010307142067 bcsId: 1255} | ret=SUCCESS |  
2019-08-23 02:48:01,373 | INFO  | DNAudit | user=null | ip=null | op=WRITE_CHUNK {blockData=conID: 2 locID: 102664010307142067 bcsId: 1255} | ret=SUCCESS |  
2019-08-23 02:48:01,374 | INFO  | DNAudit | user=null | ip=null | op=PUT_BLOCK {blockData=[blockId=conID: 2 locID: 102664010307142067 bcsId: 0,size=3145728]} | ret=SUCCESS |  
2019-08-23 02:48:01,374 [grpc-default-executor-6] INFO  client.GrpcClientProtocolClient (GrpcClientProtocolClient.java:onNext(255)) - client-B268B4322F32->17750241-545b-4219-93a1-14a6ea3d85be: receive RaftClientReply:client-B268B4322F32->17750241-545b-4219-93a1-14a6ea3d85be@group-C33FBD9556F2, cid=933, SUCCESS, logIndex=1260, commits[17750241-545b-4219-93a1-14a6ea3d85be:c1261, 4eaaa090-573e-41d3-9f8c-c99e236d806a:c1259, 5f4cf9ee-4bed-49de-adaa-861aec894328:c1259]
2019-08-23 02:48:01,374 [grpc-default-executor-6] INFO  client.GrpcClientProtocolClient (GrpcClientProtocolClient.java:onNext(255)) - client-B268B4322F32->17750241-545b-4219-93a1-14a6ea3d85be: receive RaftClientReply:client-B268B4322F32->17750241-545b-4219-93a1-14a6ea3d85be@group-C33FBD9556F2, cid=934, SUCCESS, logIndex=1261, commits[17750241-545b-4219-93a1-14a6ea3d85be:c1261, 4eaaa090-573e-41d3-9f8c-c99e236d806a:c1259, 5f4cf9ee-4bed-49de-adaa-861aec894328:c1259]
2019-08-23 02:48:01,381 | INFO  | DNAudit | user=null | ip=null | op=WRITE_CHUNK {blockData=conID: 2 locID: 102664010307142067 bcsId: 1261} | ret=SUCCESS |  
2019-08-23 02:48:01,384 | INFO  | DNAudit | user=null | ip=null | op=WRITE_CHUNK {blockData=conID: 2 locID: 102664010307142067 bcsId: 1261} | ret=SUCCESS |  
2019-08-23 02:48:01,384 | INFO  | DNAudit | user=null | ip=null | op=WRITE_CHUNK {blockData=conID: 2 locID: 102664010307142067 bcsId: 1261} | ret=SUCCESS |  
2019-08-23 02:48:01,385 | INFO  | DNAudit | user=null | ip=null | op=WRITE_CHUNK {blockData=conID: 2 locID: 102664010307142067 bcsId: 1255} | ret=SUCCESS |  
2019-08-23 02:48:01,385 | INFO  | DNAudit | user=null | ip=null | op=WRITE_CHUNK {blockData=conID: 2 locID: 102664010307142067 bcsId: 1255} | ret=SUCCESS |  
2019-08-23 02:48:01,385 | INFO  | DNAudit | user=null | ip=null | op=PUT_BLOCK {blockData=[blockId=conID: 2 locID: 102664010307142067 bcsId: 0,size=3145728]} | ret=SUCCESS |  
2019-08-23 02:48:01,388 | INFO  | DNAudit | user=null | ip=null | op=PUT_BLOCK {blockData=[blockId=conID: 2 locID: 102664010307142067 bcsId: 0,size=3145728]} | ret=SUCCESS |  
2019-08-23 02:48:01,389 | INFO  | DNAudit | user=null | ip=null | op=WRITE_CHUNK {blockData=conID: 2 locID: 102664010307142067 bcsId: 1261} | ret=SUCCESS |  
2019-08-23 02:48:01,389 | INFO  | DNAudit | user=null | ip=null | op=PUT_BLOCK {blockData=[blockId=conID: 2 locID: 102664010307142067 bcsId: 0,size=4194304]} | ret=SUCCESS |  
2019-08-23 02:48:01,389 [grpc-default-executor-5] INFO  client.GrpcClientProtocolClient (GrpcClientProtocolClient.java:onNext(255)) - client-B268B4322F32->17750241-545b-4219-93a1-14a6ea3d85be: receive RaftClientReply:client-B268B4322F32->17750241-545b-4219-93a1-14a6ea3d85be@group-C33FBD9556F2, cid=935, SUCCESS, logIndex=1264, commits[17750241-545b-4219-93a1-14a6ea3d85be:c1265, 4eaaa090-573e-41d3-9f8c-c99e236d806a:c1261, 5f4cf9ee-4bed-49de-adaa-861aec894328:c1261]
2019-08-23 02:48:01,390 [grpc-default-executor-5] INFO  client.GrpcClientProtocolClient (GrpcClientProtocolClient.java:onNext(255)) - client-B268B4322F32->17750241-545b-4219-93a1-14a6ea3d85be: receive RaftClientReply:client-B268B4322F32->17750241-545b-4219-93a1-14a6ea3d85be@group-C33FBD9556F2, cid=936, SUCCESS, logIndex=1265, commits[17750241-545b-4219-93a1-14a6ea3d85be:c1265, 4eaaa090-573e-41d3-9f8c-c99e236d806a:c1261, 5f4cf9ee-4bed-49de-adaa-861aec894328:c1261]
2019-08-23 02:48:01,400 | INFO  | DNAudit | user=null | ip=null | op=WRITE_CHUNK {blockData=conID: 2 locID: 102664010307142067 bcsId: 1261} | ret=SUCCESS |  
2019-08-23 02:48:01,401 | INFO  | DNAudit | user=null | ip=null | op=WRITE_CHUNK {blockData=conID: 2 locID: 102664010307142067 bcsId: 1261} | ret=SUCCESS |  
2019-08-23 02:48:01,403 | INFO  | DNAudit | user=null | ip=null | op=PUT_BLOCK {blockData=[blockId=conID: 2 locID: 102664010307142067 bcsId: 0,size=4194304]} | ret=SUCCESS |  
2019-08-23 02:48:01,403 | INFO  | DNAudit | user=null | ip=null | op=PUT_BLOCK {blockData=[blockId=conID: 2 locID: 102664010307142067 bcsId: 0,size=4194304]} | ret=SUCCESS |  
2019-08-23 02:48:01,404 [grpc-default-executor-5] INFO  client.GrpcClientProtocolClient (GrpcClientProtocolClient.java:onNext(255)) - client-B268B4322F32->17750241-545b-4219-93a1-14a6ea3d85be: receive RaftClientReply:client-B268B4322F32->17750241-545b-4219-93a1-14a6ea3d85be@group-C33FBD9556F2, cid=937, SUCCESS, logIndex=0, commits[17750241-545b-4219-93a1-14a6ea3d85be:c1267, 4eaaa090-573e-41d3-9f8c-c99e236d806a:c1265, 5f4cf9ee-4bed-49de-adaa-861aec894328:c1265]
2019-08-23 02:48:01,417 | INFO  | DNAudit | user=null | ip=null | op=WRITE_CHUNK {blockData=conID: 3 locID: 102664010307142068 bcsId: 0} | ret=SUCCESS |  
2019-08-23 02:48:01,420 | INFO  | DNAudit | user=null | ip=null | op=WRITE_CHUNK {blockData=conID: 3 locID: 102664010307142068 bcsId: 0} | ret=SUCCESS |  
2019-08-23 02:48:01,421 | INFO  | DNAudit | user=null | ip=null | op=WRITE_CHUNK {blockData=conID: 3 locID: 102664010307142068 bcsId: 0} | ret=SUCCESS |  
2019-08-23 02:48:01,421 | INFO  | DNAudit | user=null | ip=null | op=WRITE_CHUNK {blockData=conID: 3 locID: 102664010307142068 bcsId: 0} | ret=SUCCESS |  
2019-08-23 02:48:01,423 | INFO  | DNAudit | user=null | ip=null | op=WRITE_CHUNK {blockData=conID: 3 locID: 102664010307142068 bcsId: 0} | ret=SUCCESS |  
2019-08-23 02:48:01,423 | INFO  | DNAudit | user=null | ip=null | op=WRITE_CHUNK {blockData=conID: 3 locID: 102664010307142068 bcsId: 0} | ret=SUCCESS |  
2019-08-23 02:48:01,430 | INFO  | DNAudit | user=null | ip=null | op=WRITE_CHUNK {blockData=conID: 3 locID: 102664010307142068 bcsId: 0} | ret=SUCCESS |  
2019-08-23 02:48:01,431 | INFO  | DNAudit | user=null | ip=null | op=PUT_BLOCK {blockData=[blockId=conID: 3 locID: 102664010307142068 bcsId: 0,size=1048576]} | ret=SUCCESS |  
2019-08-23 02:48:01,432 [grpc-default-executor-5] INFO  client.GrpcClientProtocolClient (GrpcClientProtocolClient.java:onNext(255)) - client-B268B4322F32->17750241-545b-4219-93a1-14a6ea3d85be: receive RaftClientReply:client-B268B4322F32->17750241-545b-4219-93a1-14a6ea3d85be@group-C33FBD9556F2, cid=938, SUCCESS, logIndex=1268, commits[17750241-545b-4219-93a1-14a6ea3d85be:c1269, 4eaaa090-573e-41d3-9f8c-c99e236d806a:c1267, 5f4cf9ee-4bed-49de-adaa-861aec894328:c1267]
2019-08-23 02:48:01,432 | INFO  | DNAudit | user=null | ip=null | op=WRITE_CHUNK {blockData=conID: 3 locID: 102664010307142068 bcsId: 0} | ret=SUCCESS |  
2019-08-23 02:48:01,432 | INFO  | DNAudit | user=null | ip=null | op=WRITE_CHUNK {blockData=conID: 3 locID: 102664010307142068 bcsId: 0} | ret=SUCCESS |  
2019-08-23 02:48:01,432 [grpc-default-executor-5] INFO  client.GrpcClientProtocolClient (GrpcClientProtocolClient.java:onNext(255)) - client-B268B4322F32->17750241-545b-4219-93a1-14a6ea3d85be: receive RaftClientReply:client-B268B4322F32->17750241-545b-4219-93a1-14a6ea3d85be@group-C33FBD9556F2, cid=939, SUCCESS, logIndex=1269, commits[17750241-545b-4219-93a1-14a6ea3d85be:c1271, 4eaaa090-573e-41d3-9f8c-c99e236d806a:c1267, 5f4cf9ee-4bed-49de-adaa-861aec894328:c1267]
2019-08-23 02:48:01,432 | INFO  | DNAudit | user=null | ip=null | op=PUT_BLOCK {blockData=[blockId=conID: 3 locID: 102664010307142068 bcsId: 0,size=2097152]} | ret=SUCCESS |  
2019-08-23 02:48:01,433 | INFO  | DNAudit | user=null | ip=null | op=WRITE_CHUNK {blockData=conID: 3 locID: 102664010307142068 bcsId: 0} | ret=SUCCESS |  
2019-08-23 02:48:01,433 | INFO  | DNAudit | user=null | ip=null | op=PUT_BLOCK {blockData=[blockId=conID: 3 locID: 102664010307142068 bcsId: 0,size=1048576]} | ret=SUCCESS |  
2019-08-23 02:48:01,433 [grpc-default-executor-5] INFO  client.GrpcClientProtocolClient (GrpcClientProtocolClient.java:onNext(255)) - client-B268B4322F32->17750241-545b-4219-93a1-14a6ea3d85be: receive RaftClientReply:client-B268B4322F32->17750241-545b-4219-93a1-14a6ea3d85be@group-C33FBD9556F2, cid=940, SUCCESS, logIndex=1270, commits[17750241-545b-4219-93a1-14a6ea3d85be:c1271, 4eaaa090-573e-41d3-9f8c-c99e236d806a:c1267, 5f4cf9ee-4bed-49de-adaa-861aec894328:c1267]
2019-08-23 02:48:01,433 | INFO  | DNAudit | user=null | ip=null | op=WRITE_CHUNK {blockData=conID: 3 locID: 102664010307142068 bcsId: 0} | ret=SUCCESS |  
2019-08-23 02:48:01,434 | INFO  | DNAudit | user=null | ip=null | op=PUT_BLOCK {blockData=[blockId=conID: 3 locID: 102664010307142068 bcsId: 0,size=2097152]} | ret=SUCCESS |  
2019-08-23 02:48:01,434 | INFO  | DNAudit | user=null | ip=null | op=PUT_BLOCK {blockData=[blockId=conID: 3 locID: 102664010307142068 bcsId: 0,size=1048576]} | ret=SUCCESS |  
2019-08-23 02:48:01,434 | INFO  | DNAudit | user=null | ip=null | op=WRITE_CHUNK {blockData=conID: 3 locID: 102664010307142068 bcsId: 0} | ret=SUCCESS |  
2019-08-23 02:48:01,434 [grpc-default-executor-5] INFO  client.GrpcClientProtocolClient (GrpcClientProtocolClient.java:onNext(255)) - client-B268B4322F32->17750241-545b-4219-93a1-14a6ea3d85be: receive RaftClientReply:client-B268B4322F32->17750241-545b-4219-93a1-14a6ea3d85be@group-C33FBD9556F2, cid=941, SUCCESS, logIndex=1271, commits[17750241-545b-4219-93a1-14a6ea3d85be:c1272, 4eaaa090-573e-41d3-9f8c-c99e236d806a:c1267, 5f4cf9ee-4bed-49de-adaa-861aec894328:c1268]
2019-08-23 02:48:01,435 | INFO  | DNAudit | user=null | ip=null | op=PUT_BLOCK {blockData=[blockId=conID: 3 locID: 102664010307142068 bcsId: 0,size=2097152]} | ret=SUCCESS |  
2019-08-23 02:48:01,436 [grpc-default-executor-5] INFO  client.GrpcClientProtocolClient (GrpcClientProtocolClient.java:onNext(255)) - client-B268B4322F32->17750241-545b-4219-93a1-14a6ea3d85be: receive RaftClientReply:client-B268B4322F32->17750241-545b-4219-93a1-14a6ea3d85be@group-C33FBD9556F2, cid=942, SUCCESS, logIndex=0, commits[17750241-545b-4219-93a1-14a6ea3d85be:c1275, 4eaaa090-573e-41d3-9f8c-c99e236d806a:c1271, 5f4cf9ee-4bed-49de-adaa-861aec894328:c1271]
2019-08-23 02:48:01,445 | INFO  | DNAudit | user=null | ip=null | op=WRITE_CHUNK {blockData=conID: 3 locID: 102664010307142068 bcsId: 1271} | ret=SUCCESS |  
2019-08-23 02:48:01,448 | INFO  | DNAudit | user=null | ip=null | op=WRITE_CHUNK {blockData=conID: 3 locID: 102664010307142068 bcsId: 1271} | ret=SUCCESS |  
2019-08-23 02:48:01,448 | INFO  | DNAudit | user=null | ip=null | op=WRITE_CHUNK {blockData=conID: 3 locID: 102664010307142068 bcsId: 1271} | ret=SUCCESS |  
2019-08-23 02:48:01,458 | INFO  | DNAudit | user=null | ip=null | op=WRITE_CHUNK {blockData=conID: 3 locID: 102664010307142068 bcsId: 1271} | ret=SUCCESS |  
2019-08-23 02:48:01,458 | INFO  | DNAudit | user=null | ip=null | op=PUT_BLOCK {blockData=[blockId=conID: 3 locID: 102664010307142068 bcsId: 0,size=3145728]} | ret=SUCCESS |  
2019-08-23 02:48:01,459 [grpc-default-executor-4] INFO  client.GrpcClientProtocolClient (GrpcClientProtocolClient.java:onNext(255)) - client-B268B4322F32->17750241-545b-4219-93a1-14a6ea3d85be: receive RaftClientReply:client-B268B4322F32->17750241-545b-4219-93a1-14a6ea3d85be@group-C33FBD9556F2, cid=943, SUCCESS, logIndex=1276, commits[17750241-545b-4219-93a1-14a6ea3d85be:c1277, 4eaaa090-573e-41d3-9f8c-c99e236d806a:c1275, 5f4cf9ee-4bed-49de-adaa-861aec894328:c1275]
2019-08-23 02:48:01,459 [grpc-default-executor-4] INFO  client.GrpcClientProtocolClient (GrpcClientProtocolClient.java:onNext(255)) - client-B268B4322F32->17750241-545b-4219-93a1-14a6ea3d85be: receive RaftClientReply:client-B268B4322F32->17750241-545b-4219-93a1-14a6ea3d85be@group-C33FBD9556F2, cid=944, SUCCESS, logIndex=1277, commits[17750241-545b-4219-93a1-14a6ea3d85be:c1277, 4eaaa090-573e-41d3-9f8c-c99e236d806a:c1275, 5f4cf9ee-4bed-49de-adaa-861aec894328:c1275]
2019-08-23 02:48:01,468 | INFO  | DNAudit | user=null | ip=null | op=WRITE_CHUNK {blockData=conID: 3 locID: 102664010307142068 bcsId: 1277} | ret=SUCCESS |  
2019-08-23 02:48:01,469 | INFO  | DNAudit | user=null | ip=null | op=WRITE_CHUNK {blockData=conID: 3 locID: 102664010307142068 bcsId: 1271} | ret=SUCCESS |  
2019-08-23 02:48:01,469 | INFO  | DNAudit | user=null | ip=null | op=PUT_BLOCK {blockData=[blockId=conID: 3 locID: 102664010307142068 bcsId: 0,size=3145728]} | ret=SUCCESS |  
2019-08-23 02:48:01,469 | INFO  | DNAudit | user=null | ip=null | op=WRITE_CHUNK {blockData=conID: 3 locID: 102664010307142068 bcsId: 1271} | ret=SUCCESS |  
2019-08-23 02:48:01,471 | INFO  | DNAudit | user=null | ip=null | op=PUT_BLOCK {blockData=[blockId=conID: 3 locID: 102664010307142068 bcsId: 0,size=3145728]} | ret=SUCCESS |  
2019-08-23 02:48:01,472 | INFO  | DNAudit | user=null | ip=null | op=WRITE_CHUNK {blockData=conID: 3 locID: 102664010307142068 bcsId: 1277} | ret=SUCCESS |  
2019-08-23 02:48:01,473 | INFO  | DNAudit | user=null | ip=null | op=WRITE_CHUNK {blockData=conID: 3 locID: 102664010307142068 bcsId: 1277} | ret=SUCCESS |  
2019-08-23 02:48:01,487 | INFO  | DNAudit | user=null | ip=null | op=WRITE_CHUNK {blockData=conID: 3 locID: 102664010307142068 bcsId: 1277} | ret=SUCCESS |  
2019-08-23 02:48:01,487 | INFO  | DNAudit | user=null | ip=null | op=PUT_BLOCK {blockData=[blockId=conID: 3 locID: 102664010307142068 bcsId: 0,size=4194304]} | ret=SUCCESS |  
2019-08-23 02:48:01,487 [grpc-default-executor-6] INFO  client.GrpcClientProtocolClient (GrpcClientProtocolClient.java:onNext(255)) - client-B268B4322F32->17750241-545b-4219-93a1-14a6ea3d85be: receive RaftClientReply:client-B268B4322F32->17750241-545b-4219-93a1-14a6ea3d85be@group-C33FBD9556F2, cid=945, SUCCESS, logIndex=1280, commits[17750241-545b-4219-93a1-14a6ea3d85be:c1281, 4eaaa090-573e-41d3-9f8c-c99e236d806a:c1277, 5f4cf9ee-4bed-49de-adaa-861aec894328:c1277]
2019-08-23 02:48:01,488 [grpc-default-executor-6] INFO  client.GrpcClientProtocolClient (GrpcClientProtocolClient.java:onNext(255)) - client-B268B4322F32->17750241-545b-4219-93a1-14a6ea3d85be: receive RaftClientReply:client-B268B4322F32->17750241-545b-4219-93a1-14a6ea3d85be@group-C33FBD9556F2, cid=946, SUCCESS, logIndex=1281, commits[17750241-545b-4219-93a1-14a6ea3d85be:c1281, 4eaaa090-573e-41d3-9f8c-c99e236d806a:c1277, 5f4cf9ee-4bed-49de-adaa-861aec894328:c1277]
2019-08-23 02:48:01,509 | INFO  | DNAudit | user=null | ip=null | op=WRITE_CHUNK {blockData=conID: 3 locID: 102664010307142068 bcsId: 1277} | ret=SUCCESS |  
2019-08-23 02:48:01,509 | INFO  | DNAudit | user=null | ip=null | op=WRITE_CHUNK {blockData=conID: 3 locID: 102664010307142068 bcsId: 1277} | ret=SUCCESS |  
2019-08-23 02:48:01,521 | INFO  | DNAudit | user=null | ip=null | op=PUT_BLOCK {blockData=[blockId=conID: 3 locID: 102664010307142068 bcsId: 0,size=4194304]} | ret=SUCCESS |  
2019-08-23 02:48:01,521 | INFO  | DNAudit | user=null | ip=null | op=PUT_BLOCK {blockData=[blockId=conID: 3 locID: 102664010307142068 bcsId: 0,size=4194304]} | ret=SUCCESS |  
2019-08-23 02:48:01,522 [grpc-default-executor-4] INFO  client.GrpcClientProtocolClient (GrpcClientProtocolClient.java:onNext(255)) - client-B268B4322F32->17750241-545b-4219-93a1-14a6ea3d85be: receive RaftClientReply:client-B268B4322F32->17750241-545b-4219-93a1-14a6ea3d85be@group-C33FBD9556F2, cid=947, SUCCESS, logIndex=0, commits[17750241-545b-4219-93a1-14a6ea3d85be:c1283, 4eaaa090-573e-41d3-9f8c-c99e236d806a:c1281, 5f4cf9ee-4bed-49de-adaa-861aec894328:c1281]
2019-08-23 02:48:01,533 | INFO  | DNAudit | user=null | ip=null | op=WRITE_CHUNK {blockData=conID: 1 locID: 102664010307142069 bcsId: 0} | ret=SUCCESS |  
2019-08-23 02:48:01,536 | INFO  | DNAudit | user=null | ip=null | op=WRITE_CHUNK {blockData=conID: 1 locID: 102664010307142069 bcsId: 0} | ret=SUCCESS |  
2019-08-23 02:48:01,537 | INFO  | DNAudit | user=null | ip=null | op=WRITE_CHUNK {blockData=conID: 1 locID: 102664010307142069 bcsId: 0} | ret=SUCCESS |  
2019-08-23 02:48:01,539 | INFO  | DNAudit | user=null | ip=null | op=WRITE_CHUNK {blockData=conID: 1 locID: 102664010307142069 bcsId: 0} | ret=SUCCESS |  
2019-08-23 02:48:01,542 | INFO  | DNAudit | user=null | ip=null | op=WRITE_CHUNK {blockData=conID: 1 locID: 102664010307142069 bcsId: 0} | ret=SUCCESS |  
2019-08-23 02:48:01,542 | INFO  | DNAudit | user=null | ip=null | op=WRITE_CHUNK {blockData=conID: 1 locID: 102664010307142069 bcsId: 0} | ret=SUCCESS |  
 0.00% |█                                                                                                    |  0/1 Time: 0:00:042019-08-23 02:48:01,711 | INFO  | SCMAudit | user=jenkins1000 | ip=192.168.34.22 | op=SEND_HEARTBEAT {datanodeUUID=66ab6a68-e61f-4535-ab2f-12fe560929ed, command=[]} | ret=SUCCESS |  
2019-08-23 02:48:01,792 | INFO  | SCMAudit | user=jenkins1000 | ip=192.168.34.22 | op=SEND_HEARTBEAT {datanodeUUID=0cedf437-a8af-4d70-bac5-ea9863093e86, command=[]} | ret=SUCCESS |  
2019-08-23 02:48:01,801 | INFO  | DNAudit | user=null | ip=null | op=WRITE_CHUNK {blockData=conID: 1 locID: 102664010307142069 bcsId: 0} | ret=SUCCESS |  
2019-08-23 02:48:01,802 | INFO  | DNAudit | user=null | ip=null | op=PUT_BLOCK {blockData=[blockId=conID: 1 locID: 102664010307142069 bcsId: 0,size=1048576]} | ret=SUCCESS |  
2019-08-23 02:48:01,802 [grpc-default-executor-5] INFO  client.GrpcClientProtocolClient (GrpcClientProtocolClient.java:onNext(255)) - client-B268B4322F32->17750241-545b-4219-93a1-14a6ea3d85be: receive RaftClientReply:client-B268B4322F32->17750241-545b-4219-93a1-14a6ea3d85be@group-C33FBD9556F2, cid=948, SUCCESS, logIndex=1284, commits[17750241-545b-4219-93a1-14a6ea3d85be:c1285, 4eaaa090-573e-41d3-9f8c-c99e236d806a:c1283, 5f4cf9ee-4bed-49de-adaa-861aec894328:c1283]
2019-08-23 02:48:01,803 [grpc-default-executor-5] INFO  client.GrpcClientProtocolClient (GrpcClientProtocolClient.java:onNext(255)) - client-B268B4322F32->17750241-545b-4219-93a1-14a6ea3d85be: receive RaftClientReply:client-B268B4322F32->17750241-545b-4219-93a1-14a6ea3d85be@group-C33FBD9556F2, cid=949, SUCCESS, logIndex=1285, commits[17750241-545b-4219-93a1-14a6ea3d85be:c1285, 4eaaa090-573e-41d3-9f8c-c99e236d806a:c1283, 5f4cf9ee-4bed-49de-adaa-861aec894328:c1283]
2019-08-23 02:48:01,912 | INFO  | DNAudit | user=null | ip=null | op=WRITE_CHUNK {blockData=conID: 1 locID: 102664010307142069 bcsId: 0} | ret=SUCCESS |  
2019-08-23 02:48:01,912 | INFO  | DNAudit | user=null | ip=null | op=WRITE_CHUNK {blockData=conID: 1 locID: 102664010307142069 bcsId: 0} | ret=SUCCESS |  
2019-08-23 02:48:01,913 | INFO  | DNAudit | user=null | ip=null | op=PUT_BLOCK {blockData=[blockId=conID: 1 locID: 102664010307142069 bcsId: 0,size=1048576]} | ret=SUCCESS |  
2019-08-23 02:48:01,913 | INFO  | DNAudit | user=null | ip=null | op=PUT_BLOCK {blockData=[blockId=conID: 1 locID: 102664010307142069 bcsId: 0,size=2097152]} | ret=SUCCESS |  
2019-08-23 02:48:01,913 | INFO  | DNAudit | user=null | ip=null | op=WRITE_CHUNK {blockData=conID: 1 locID: 102664010307142069 bcsId: 0} | ret=SUCCESS |  
2019-08-23 02:48:01,914 | INFO  | DNAudit | user=null | ip=null | op=PUT_BLOCK {blockData=[blockId=conID: 1 locID: 102664010307142069 bcsId: 0,size=1048576]} | ret=SUCCESS |  
2019-08-23 02:48:01,914 [grpc-default-executor-4] INFO  client.GrpcClientProtocolClient (GrpcClientProtocolClient.java:onNext(255)) - client-B268B4322F32->17750241-545b-4219-93a1-14a6ea3d85be: receive RaftClientReply:client-B268B4322F32->17750241-545b-4219-93a1-14a6ea3d85be@group-C33FBD9556F2, cid=950, SUCCESS, logIndex=1286, commits[17750241-545b-4219-93a1-14a6ea3d85be:c1289, 4eaaa090-573e-41d3-9f8c-c99e236d806a:c1283, 5f4cf9ee-4bed-49de-adaa-861aec894328:c1285]
2019-08-23 02:48:01,919 | INFO  | DNAudit | user=null | ip=null | op=WRITE_CHUNK {blockData=conID: 1 locID: 102664010307142069 bcsId: 0} | ret=SUCCESS |  
2019-08-23 02:48:01,919 [grpc-default-executor-4] INFO  client.GrpcClientProtocolClient (GrpcClientProtocolClient.java:onNext(255)) - client-B268B4322F32->17750241-545b-4219-93a1-14a6ea3d85be: receive RaftClientReply:client-B268B4322F32->17750241-545b-4219-93a1-14a6ea3d85be@group-C33FBD9556F2, cid=951, SUCCESS, logIndex=1287, commits[17750241-545b-4219-93a1-14a6ea3d85be:c1289, 4eaaa090-573e-41d3-9f8c-c99e236d806a:c1283, 5f4cf9ee-4bed-49de-adaa-861aec894328:c1285]
2019-08-23 02:48:01,921 [grpc-default-executor-4] INFO  client.GrpcClientProtocolClient (GrpcClientProtocolClient.java:onNext(255)) - client-B268B4322F32->17750241-545b-4219-93a1-14a6ea3d85be: receive RaftClientReply:client-B268B4322F32->17750241-545b-4219-93a1-14a6ea3d85be@group-C33FBD9556F2, cid=952, SUCCESS, logIndex=0, commits[17750241-545b-4219-93a1-14a6ea3d85be:c1290, 4eaaa090-573e-41d3-9f8c-c99e236d806a:c1285, 5f4cf9ee-4bed-49de-adaa-861aec894328:c1286]
2019-08-23 02:48:01,927 | INFO  | DNAudit | user=null | ip=null | op=WRITE_CHUNK {blockData=conID: 1 locID: 102664010307142069 bcsId: 0} | ret=SUCCESS |  
2019-08-23 02:48:01,927 | INFO  | DNAudit | user=null | ip=null | op=PUT_BLOCK {blockData=[blockId=conID: 1 locID: 102664010307142069 bcsId: 0,size=2097152]} | ret=SUCCESS |  
2019-08-23 02:48:01,927 | INFO  | DNAudit | user=null | ip=null | op=PUT_BLOCK {blockData=[blockId=conID: 1 locID: 102664010307142069 bcsId: 0,size=2097152]} | ret=SUCCESS |  
2019-08-23 02:48:01,931 | INFO  | DNAudit | user=null | ip=null | op=WRITE_CHUNK {blockData=conID: 1 locID: 102664010307142069 bcsId: 1287} | ret=SUCCESS |  
2019-08-23 02:48:01,934 | INFO  | DNAudit | user=null | ip=null | op=WRITE_CHUNK {blockData=conID: 1 locID: 102664010307142069 bcsId: 1287} | ret=SUCCESS |  
2019-08-23 02:48:01,935 | INFO  | DNAudit | user=null | ip=null | op=WRITE_CHUNK {blockData=conID: 1 locID: 102664010307142069 bcsId: 1287} | ret=SUCCESS |  
2019-08-23 02:48:01,941 | INFO  | DNAudit | user=null | ip=null | op=WRITE_CHUNK {blockData=conID: 1 locID: 102664010307142069 bcsId: 1287} | ret=SUCCESS |  
2019-08-23 02:48:01,942 | INFO  | DNAudit | user=null | ip=null | op=PUT_BLOCK {blockData=[blockId=conID: 1 locID: 102664010307142069 bcsId: 0,size=3145728]} | ret=SUCCESS |  
2019-08-23 02:48:01,942 [grpc-default-executor-5] INFO  client.GrpcClientProtocolClient (GrpcClientProtocolClient.java:onNext(255)) - client-B268B4322F32->17750241-545b-4219-93a1-14a6ea3d85be: receive RaftClientReply:client-B268B4322F32->17750241-545b-4219-93a1-14a6ea3d85be@group-C33FBD9556F2, cid=953, SUCCESS, logIndex=1292, commits[17750241-545b-4219-93a1-14a6ea3d85be:c1293, 4eaaa090-573e-41d3-9f8c-c99e236d806a:c1291, 5f4cf9ee-4bed-49de-adaa-861aec894328:c1291]
2019-08-23 02:48:01,943 [grpc-default-executor-5] INFO  client.GrpcClientProtocolClient (GrpcClientProtocolClient.java:onNext(255)) - client-B268B4322F32->17750241-545b-4219-93a1-14a6ea3d85be: receive RaftClientReply:client-B268B4322F32->17750241-545b-4219-93a1-14a6ea3d85be@group-C33FBD9556F2, cid=954, SUCCESS, logIndex=1293, commits[17750241-545b-4219-93a1-14a6ea3d85be:c1293, 4eaaa090-573e-41d3-9f8c-c99e236d806a:c1291, 5f4cf9ee-4bed-49de-adaa-861aec894328:c1291]
2019-08-23 02:48:01,950 | INFO  | DNAudit | user=null | ip=null | op=WRITE_CHUNK {blockData=conID: 1 locID: 102664010307142069 bcsId: 1287} | ret=SUCCESS |  
2019-08-23 02:48:01,950 | INFO  | DNAudit | user=null | ip=null | op=WRITE_CHUNK {blockData=conID: 1 locID: 102664010307142069 bcsId: 1287} | ret=SUCCESS |  
2019-08-23 02:48:01,950 | INFO  | DNAudit | user=null | ip=null | op=PUT_BLOCK {blockData=[blockId=conID: 1 locID: 102664010307142069 bcsId: 0,size=3145728]} | ret=SUCCESS |  
2019-08-23 02:48:01,950 | INFO  | DNAudit | user=null | ip=null | op=PUT_BLOCK {blockData=[blockId=conID: 1 locID: 102664010307142069 bcsId: 0,size=3145728]} | ret=SUCCESS |  
2019-08-23 02:48:01,952 | INFO  | DNAudit | user=null | ip=null | op=WRITE_CHUNK {blockData=conID: 1 locID: 102664010307142069 bcsId: 1293} | ret=SUCCESS |  
2019-08-23 02:48:01,955 | INFO  | DNAudit | user=null | ip=null | op=WRITE_CHUNK {blockData=conID: 1 locID: 102664010307142069 bcsId: 1293} | ret=SUCCESS |  
2019-08-23 02:48:01,956 | INFO  | DNAudit | user=null | ip=null | op=WRITE_CHUNK {blockData=conID: 1 locID: 102664010307142069 bcsId: 1293} | ret=SUCCESS |  
2019-08-23 02:48:01,965 | INFO  | DNAudit | user=null | ip=null | op=WRITE_CHUNK {blockData=conID: 1 locID: 102664010307142069 bcsId: 1293} | ret=SUCCESS |  
2019-08-23 02:48:01,965 | INFO  | DNAudit | user=null | ip=null | op=PUT_BLOCK {blockData=[blockId=conID: 1 locID: 102664010307142069 bcsId: 0,size=4194304]} | ret=SUCCESS |  
2019-08-23 02:48:01,966 [grpc-default-executor-4] INFO  client.GrpcClientProtocolClient (GrpcClientProtocolClient.java:onNext(255)) - client-B268B4322F32->17750241-545b-4219-93a1-14a6ea3d85be: receive RaftClientReply:client-B268B4322F32->17750241-545b-4219-93a1-14a6ea3d85be@group-C33FBD9556F2, cid=955, SUCCESS, logIndex=1296, commits[17750241-545b-4219-93a1-14a6ea3d85be:c1297, 4eaaa090-573e-41d3-9f8c-c99e236d806a:c1294, 5f4cf9ee-4bed-49de-adaa-861aec894328:c1294]
2019-08-23 02:48:01,966 [grpc-default-executor-4] INFO  client.GrpcClientProtocolClient (GrpcClientProtocolClient.java:onNext(255)) - client-B268B4322F32->17750241-545b-4219-93a1-14a6ea3d85be: receive RaftClientReply:client-B268B4322F32->17750241-545b-4219-93a1-14a6ea3d85be@group-C33FBD9556F2, cid=956, SUCCESS, logIndex=1297, commits[17750241-545b-4219-93a1-14a6ea3d85be:c1297, 4eaaa090-573e-41d3-9f8c-c99e236d806a:c1294, 5f4cf9ee-4bed-49de-adaa-861aec894328:c1294]
2019-08-23 02:48:01,975 | INFO  | DNAudit | user=null | ip=null | op=WRITE_CHUNK {blockData=conID: 1 locID: 102664010307142069 bcsId: 1293} | ret=SUCCESS |  
2019-08-23 02:48:01,975 | INFO  | DNAudit | user=null | ip=null | op=WRITE_CHUNK {blockData=conID: 1 locID: 102664010307142069 bcsId: 1293} | ret=SUCCESS |  
2019-08-23 02:48:01,978 | INFO  | DNAudit | user=null | ip=null | op=PUT_BLOCK {blockData=[blockId=conID: 1 locID: 102664010307142069 bcsId: 0,size=4194304]} | ret=SUCCESS |  
2019-08-23 02:48:01,978 | INFO  | DNAudit | user=null | ip=null | op=PUT_BLOCK {blockData=[blockId=conID: 1 locID: 102664010307142069 bcsId: 0,size=4194304]} | ret=SUCCESS |  
2019-08-23 02:48:01,979 [grpc-default-executor-4] INFO  client.GrpcClientProtocolClient (GrpcClientProtocolClient.java:onNext(255)) - client-B268B4322F32->17750241-545b-4219-93a1-14a6ea3d85be: receive RaftClientReply:client-B268B4322F32->17750241-545b-4219-93a1-14a6ea3d85be@group-C33FBD9556F2, cid=957, SUCCESS, logIndex=0, commits[17750241-545b-4219-93a1-14a6ea3d85be:c1299, 4eaaa090-573e-41d3-9f8c-c99e236d806a:c1297, 5f4cf9ee-4bed-49de-adaa-861aec894328:c1297]
2019-08-23 02:48:01,987 | INFO  | DNAudit | user=null | ip=null | op=WRITE_CHUNK {blockData=conID: 2 locID: 102664010307142070 bcsId: 0} | ret=SUCCESS |  
2019-08-23 02:48:01,990 | INFO  | DNAudit | user=null | ip=null | op=WRITE_CHUNK {blockData=conID: 2 locID: 102664010307142070 bcsId: 0} | ret=SUCCESS |  
2019-08-23 02:48:01,990 | INFO  | DNAudit | user=null | ip=null | op=WRITE_CHUNK {blockData=conID: 2 locID: 102664010307142070 bcsId: 0} | ret=SUCCESS |  
2019-08-23 02:48:01,991 | INFO  | DNAudit | user=null | ip=null | op=WRITE_CHUNK {blockData=conID: 2 locID: 102664010307142070 bcsId: 0} | ret=SUCCESS |  
2019-08-23 02:48:01,993 | INFO  | DNAudit | user=null | ip=null | op=WRITE_CHUNK {blockData=conID: 2 locID: 102664010307142070 bcsId: 0} | ret=SUCCESS |  
2019-08-23 02:48:01,994 | INFO  | DNAudit | user=null | ip=null | op=WRITE_CHUNK {blockData=conID: 2 locID: 102664010307142070 bcsId: 0} | ret=SUCCESS |  
2019-08-23 02:48:01,994 | INFO  | DNAudit | user=null | ip=null | op=WRITE_CHUNK {blockData=conID: 2 locID: 102664010307142070 bcsId: 0} | ret=SUCCESS |  
2019-08-23 02:48:01,995 | INFO  | DNAudit | user=null | ip=null | op=PUT_BLOCK {blockData=[blockId=conID: 2 locID: 102664010307142070 bcsId: 0,size=1048576]} | ret=SUCCESS |  
2019-08-23 02:48:01,995 | INFO  | DNAudit | user=null | ip=null | op=WRITE_CHUNK {blockData=conID: 2 locID: 102664010307142070 bcsId: 0} | ret=SUCCESS |  
2019-08-23 02:48:01,995 [grpc-default-executor-6] INFO  client.GrpcClientProtocolClient (GrpcClientProtocolClient.java:onNext(255)) - client-B268B4322F32->17750241-545b-4219-93a1-14a6ea3d85be: receive RaftClientReply:client-B268B4322F32->17750241-545b-4219-93a1-14a6ea3d85be@group-C33FBD9556F2, cid=958, SUCCESS, logIndex=1300, commits[17750241-545b-4219-93a1-14a6ea3d85be:c1301, 4eaaa090-573e-41d3-9f8c-c99e236d806a:c1299, 5f4cf9ee-4bed-49de-adaa-861aec894328:c1299]
2019-08-23 02:48:01,996 | INFO  | DNAudit | user=null | ip=null | op=PUT_BLOCK {blockData=[blockId=conID: 2 locID: 102664010307142070 bcsId: 0,size=2097152]} | ret=SUCCESS |  
2019-08-23 02:48:01,996 [grpc-default-executor-6] INFO  client.GrpcClientProtocolClient (GrpcClientProtocolClient.java:onNext(255)) - client-B268B4322F32->17750241-545b-4219-93a1-14a6ea3d85be: receive RaftClientReply:client-B268B4322F32->17750241-545b-4219-93a1-14a6ea3d85be@group-C33FBD9556F2, cid=959, SUCCESS, logIndex=1301, commits[17750241-545b-4219-93a1-14a6ea3d85be:c1302, 4eaaa090-573e-41d3-9f8c-c99e236d806a:c1299, 5f4cf9ee-4bed-49de-adaa-861aec894328:c1299]
2019-08-23 02:48:01,996 [grpc-default-executor-6] INFO  client.GrpcClientProtocolClient (GrpcClientProtocolClient.java:onNext(255)) - client-B268B4322F32->17750241-545b-4219-93a1-14a6ea3d85be: receive RaftClientReply:client-B268B4322F32->17750241-545b-4219-93a1-14a6ea3d85be@group-C33FBD9556F2, cid=960, SUCCESS, logIndex=1302, commits[17750241-545b-4219-93a1-14a6ea3d85be:c1303, 4eaaa090-573e-41d3-9f8c-c99e236d806a:c1299, 5f4cf9ee-4bed-49de-adaa-861aec894328:c1299]
2019-08-23 02:48:01,997 [grpc-default-executor-6] INFO  client.GrpcClientProtocolClient (GrpcClientProtocolClient.java:onNext(255)) - client-B268B4322F32->17750241-545b-4219-93a1-14a6ea3d85be: receive RaftClientReply:client-B268B4322F32->17750241-545b-4219-93a1-14a6ea3d85be@group-C33FBD9556F2, cid=961, SUCCESS, logIndex=1303, commits[17750241-545b-4219-93a1-14a6ea3d85be:c1303, 4eaaa090-573e-41d3-9f8c-c99e236d806a:c1299, 5f4cf9ee-4bed-49de-adaa-861aec894328:c1299]
2019-08-23 02:48:02,008 | INFO  | DNAudit | user=null | ip=null | op=WRITE_CHUNK {blockData=conID: 2 locID: 102664010307142070 bcsId: 0} | ret=SUCCESS |  
2019-08-23 02:48:02,008 | INFO  | DNAudit | user=null | ip=null | op=PUT_BLOCK {blockData=[blockId=conID: 2 locID: 102664010307142070 bcsId: 0,size=1048576]} | ret=SUCCESS |  
2019-08-23 02:48:02,010 | INFO  | DNAudit | user=null | ip=null | op=WRITE_CHUNK {blockData=conID: 2 locID: 102664010307142070 bcsId: 0} | ret=SUCCESS |  
2019-08-23 02:48:02,010 | INFO  | DNAudit | user=null | ip=null | op=PUT_BLOCK {blockData=[blockId=conID: 2 locID: 102664010307142070 bcsId: 0,size=1048576]} | ret=SUCCESS |  
2019-08-23 02:48:02,010 | INFO  | DNAudit | user=null | ip=null | op=WRITE_CHUNK {blockData=conID: 2 locID: 102664010307142070 bcsId: 0} | ret=SUCCESS |  
2019-08-23 02:48:02,011 | INFO  | DNAudit | user=null | ip=null | op=PUT_BLOCK {blockData=[blockId=conID: 2 locID: 102664010307142070 bcsId: 0,size=2097152]} | ret=SUCCESS |  
2019-08-23 02:48:02,011 [grpc-default-executor-6] INFO  client.GrpcClientProtocolClient (GrpcClientProtocolClient.java:onNext(255)) - client-B268B4322F32->17750241-545b-4219-93a1-14a6ea3d85be: receive RaftClientReply:client-B268B4322F32->17750241-545b-4219-93a1-14a6ea3d85be@group-C33FBD9556F2, cid=962, SUCCESS, logIndex=0, commits[17750241-545b-4219-93a1-14a6ea3d85be:c1305, 4eaaa090-573e-41d3-9f8c-c99e236d806a:c1301, 5f4cf9ee-4bed-49de-adaa-861aec894328:c1301]
2019-08-23 02:48:02,018 | INFO  | DNAudit | user=null | ip=null | op=WRITE_CHUNK {blockData=conID: 2 locID: 102664010307142070 bcsId: 1303} | ret=SUCCESS |  
2019-08-23 02:48:02,021 | INFO  | DNAudit | user=null | ip=null | op=WRITE_CHUNK {blockData=conID: 2 locID: 102664010307142070 bcsId: 0} | ret=SUCCESS |  
2019-08-23 02:48:02,021 | INFO  | DNAudit | user=null | ip=null | op=PUT_BLOCK {blockData=[blockId=conID: 2 locID: 102664010307142070 bcsId: 0,size=2097152]} | ret=SUCCESS |  
2019-08-23 02:48:02,021 | INFO  | DNAudit | user=null | ip=null | op=WRITE_CHUNK {blockData=conID: 2 locID: 102664010307142070 bcsId: 1303} | ret=SUCCESS |  
2019-08-23 02:48:02,022 | INFO  | DNAudit | user=null | ip=null | op=WRITE_CHUNK {blockData=conID: 2 locID: 102664010307142070 bcsId: 1303} | ret=SUCCESS |  
2019-08-23 02:48:02,036 | INFO  | DNAudit | user=null | ip=null | op=WRITE_CHUNK {blockData=conID: 2 locID: 102664010307142070 bcsId: 1303} | ret=SUCCESS |  
2019-08-23 02:48:02,036 | INFO  | DNAudit | user=null | ip=null | op=PUT_BLOCK {blockData=[blockId=conID: 2 locID: 102664010307142070 bcsId: 0,size=3145728]} | ret=SUCCESS |  
2019-08-23 02:48:02,037 [grpc-default-executor-5] INFO  client.GrpcClientProtocolClient (GrpcClientProtocolClient.java:onNext(255)) - client-B268B4322F32->17750241-545b-4219-93a1-14a6ea3d85be: receive RaftClientReply:client-B268B4322F32->17750241-545b-4219-93a1-14a6ea3d85be@group-C33FBD9556F2, cid=963, SUCCESS, logIndex=1308, commits[17750241-545b-4219-93a1-14a6ea3d85be:c1309, 4eaaa090-573e-41d3-9f8c-c99e236d806a:c1307, 5f4cf9ee-4bed-49de-adaa-861aec894328:c1303]
2019-08-23 02:48:02,037 [grpc-default-executor-5] INFO  client.GrpcClientProtocolClient (GrpcClientProtocolClient.java:onNext(255)) - client-B268B4322F32->17750241-545b-4219-93a1-14a6ea3d85be: receive RaftClientReply:client-B268B4322F32->17750241-545b-4219-93a1-14a6ea3d85be@group-C33FBD9556F2, cid=964, SUCCESS, logIndex=1309, commits[17750241-545b-4219-93a1-14a6ea3d85be:c1309, 4eaaa090-573e-41d3-9f8c-c99e236d806a:c1307, 5f4cf9ee-4bed-49de-adaa-861aec894328:c1307]
2019-08-23 02:48:02,045 | INFO  | DNAudit | user=null | ip=null | op=WRITE_CHUNK {blockData=conID: 2 locID: 102664010307142070 bcsId: 1309} | ret=SUCCESS |  
2019-08-23 02:48:02,048 | INFO  | DNAudit | user=null | ip=null | op=WRITE_CHUNK {blockData=conID: 2 locID: 102664010307142070 bcsId: 1309} | ret=SUCCESS |  
2019-08-23 02:48:02,049 | INFO  | DNAudit | user=null | ip=null | op=WRITE_CHUNK {blockData=conID: 2 locID: 102664010307142070 bcsId: 1303} | ret=SUCCESS |  
2019-08-23 02:48:02,049 | INFO  | DNAudit | user=null | ip=null | op=WRITE_CHUNK {blockData=conID: 2 locID: 102664010307142070 bcsId: 1303} | ret=SUCCESS |  
2019-08-23 02:48:02,049 | INFO  | DNAudit | user=null | ip=null | op=WRITE_CHUNK {blockData=conID: 2 locID: 102664010307142070 bcsId: 1309} | ret=SUCCESS |  
2019-08-23 02:48:02,049 | INFO  | DNAudit | user=null | ip=null | op=PUT_BLOCK {blockData=[blockId=conID: 2 locID: 102664010307142070 bcsId: 0,size=3145728]} | ret=SUCCESS |  
2019-08-23 02:48:02,049 | INFO  | DNAudit | user=null | ip=null | op=PUT_BLOCK {blockData=[blockId=conID: 2 locID: 102664010307142070 bcsId: 0,size=3145728]} | ret=SUCCESS |  
2019-08-23 02:48:02,064 | INFO  | DNAudit | user=null | ip=null | op=WRITE_CHUNK {blockData=conID: 2 locID: 102664010307142070 bcsId: 1309} | ret=SUCCESS |  
2019-08-23 02:48:02,064 | INFO  | DNAudit | user=null | ip=null | op=PUT_BLOCK {blockData=[blockId=conID: 2 locID: 102664010307142070 bcsId: 0,size=4194304]} | ret=SUCCESS |  
2019-08-23 02:48:02,064 [grpc-default-executor-5] INFO  client.GrpcClientProtocolClient (GrpcClientProtocolClient.java:onNext(255)) - client-B268B4322F32->17750241-545b-4219-93a1-14a6ea3d85be: receive RaftClientReply:client-B268B4322F32->17750241-545b-4219-93a1-14a6ea3d85be@group-C33FBD9556F2, cid=965, SUCCESS, logIndex=1312, commits[17750241-545b-4219-93a1-14a6ea3d85be:c1313, 4eaaa090-573e-41d3-9f8c-c99e236d806a:c1309, 5f4cf9ee-4bed-49de-adaa-861aec894328:c1309]
2019-08-23 02:48:02,065 [grpc-default-executor-5] INFO  client.GrpcClientProtocolClient (GrpcClientProtocolClient.java:onNext(255)) - client-B268B4322F32->17750241-545b-4219-93a1-14a6ea3d85be: receive RaftClientReply:client-B268B4322F32->17750241-545b-4219-93a1-14a6ea3d85be@group-C33FBD9556F2, cid=966, SUCCESS, logIndex=1313, commits[17750241-545b-4219-93a1-14a6ea3d85be:c1313, 4eaaa090-573e-41d3-9f8c-c99e236d806a:c1309, 5f4cf9ee-4bed-49de-adaa-861aec894328:c1309]
2019-08-23 02:48:02,079 | INFO  | DNAudit | user=null | ip=null | op=WRITE_CHUNK {blockData=conID: 2 locID: 102664010307142070 bcsId: 1309} | ret=SUCCESS |  
2019-08-23 02:48:02,079 | INFO  | DNAudit | user=null | ip=null | op=WRITE_CHUNK {blockData=conID: 2 locID: 102664010307142070 bcsId: 1309} | ret=SUCCESS |  
2019-08-23 02:48:02,079 | INFO  | DNAudit | user=null | ip=null | op=PUT_BLOCK {blockData=[blockId=conID: 2 locID: 102664010307142070 bcsId: 0,size=4194304]} | ret=SUCCESS |  
2019-08-23 02:48:02,079 | INFO  | DNAudit | user=null | ip=null | op=PUT_BLOCK {blockData=[blockId=conID: 2 locID: 102664010307142070 bcsId: 0,size=4194304]} | ret=SUCCESS |  
2019-08-23 02:48:02,080 [grpc-default-executor-5] INFO  client.GrpcClientProtocolClient (GrpcClientProtocolClient.java:onNext(255)) - client-B268B4322F32->17750241-545b-4219-93a1-14a6ea3d85be: receive RaftClientReply:client-B268B4322F32->17750241-545b-4219-93a1-14a6ea3d85be@group-C33FBD9556F2, cid=967, SUCCESS, logIndex=0, commits[17750241-545b-4219-93a1-14a6ea3d85be:c1314, 4eaaa090-573e-41d3-9f8c-c99e236d806a:c1313, 5f4cf9ee-4bed-49de-adaa-861aec894328:c1313]
2019-08-23 02:48:02,088 | INFO  | DNAudit | user=null | ip=null | op=WRITE_CHUNK {blockData=conID: 3 locID: 102664010307142071 bcsId: 0} | ret=SUCCESS |  
2019-08-23 02:48:02,091 | INFO  | DNAudit | user=null | ip=null | op=WRITE_CHUNK {blockData=conID: 3 locID: 102664010307142071 bcsId: 0} | ret=SUCCESS |  
2019-08-23 02:48:02,091 | INFO  | DNAudit | user=null | ip=null | op=WRITE_CHUNK {blockData=conID: 3 locID: 102664010307142071 bcsId: 0} | ret=SUCCESS |  
2019-08-23 02:48:02,092 | INFO  | DNAudit | user=null | ip=null | op=WRITE_CHUNK {blockData=conID: 3 locID: 102664010307142071 bcsId: 0} | ret=SUCCESS |  
2019-08-23 02:48:02,096 | INFO  | DNAudit | user=null | ip=null | op=WRITE_CHUNK {blockData=conID: 3 locID: 102664010307142071 bcsId: 0} | ret=SUCCESS |  
2019-08-23 02:48:02,097 | INFO  | DNAudit | user=null | ip=null | op=WRITE_CHUNK {blockData=conID: 3 locID: 102664010307142071 bcsId: 0} | ret=SUCCESS |  
2019-08-23 02:48:02,099 | INFO  | DNAudit | user=null | ip=null | op=WRITE_CHUNK {blockData=conID: 3 locID: 102664010307142071 bcsId: 0} | ret=SUCCESS |  
2019-08-23 02:48:02,099 | INFO  | DNAudit | user=null | ip=null | op=PUT_BLOCK {blockData=[blockId=conID: 3 locID: 102664010307142071 bcsId: 0,size=1048576]} | ret=SUCCESS |  
2019-08-23 02:48:02,100 [grpc-default-executor-4] INFO  client.GrpcClientProtocolClient (GrpcClientProtocolClient.java:onNext(255)) - client-B268B4322F32->17750241-545b-4219-93a1-14a6ea3d85be: receive RaftClientReply:client-B268B4322F32->17750241-545b-4219-93a1-14a6ea3d85be@group-C33FBD9556F2, cid=968, SUCCESS, logIndex=1316, commits[17750241-545b-4219-93a1-14a6ea3d85be:c1317, 4eaaa090-573e-41d3-9f8c-c99e236d806a:c1315, 5f4cf9ee-4bed-49de-adaa-861aec894328:c1315]
2019-08-23 02:48:02,100 [grpc-default-executor-4] INFO  client.GrpcClientProtocolClient (GrpcClientProtocolClient.java:onNext(255)) - client-B268B4322F32->17750241-545b-4219-93a1-14a6ea3d85be: receive RaftClientReply:client-B268B4322F32->17750241-545b-4219-93a1-14a6ea3d85be@group-C33FBD9556F2, cid=969, SUCCESS, logIndex=1317, commits[17750241-545b-4219-93a1-14a6ea3d85be:c1317, 4eaaa090-573e-41d3-9f8c-c99e236d806a:c1315, 5f4cf9ee-4bed-49de-adaa-861aec894328:c1315]
2019-08-23 02:48:02,101 | INFO  | DNAudit | user=null | ip=null | op=WRITE_CHUNK {blockData=conID: 3 locID: 102664010307142071 bcsId: 0} | ret=SUCCESS |  
2019-08-23 02:48:02,101 | INFO  | DNAudit | user=null | ip=null | op=PUT_BLOCK {blockData=[blockId=conID: 3 locID: 102664010307142071 bcsId: 0,size=2097152]} | ret=SUCCESS |  
2019-08-23 02:48:02,101 [grpc-default-executor-4] INFO  client.GrpcClientProtocolClient (GrpcClientProtocolClient.java:onNext(255)) - client-B268B4322F32->17750241-545b-4219-93a1-14a6ea3d85be: receive RaftClientReply:client-B268B4322F32->17750241-545b-4219-93a1-14a6ea3d85be@group-C33FBD9556F2, cid=970, SUCCESS, logIndex=1318, commits[17750241-545b-4219-93a1-14a6ea3d85be:c1319, 4eaaa090-573e-41d3-9f8c-c99e236d806a:c1315, 5f4cf9ee-4bed-49de-adaa-861aec894328:c1315]
2019-08-23 02:48:02,102 [grpc-default-executor-4] INFO  client.GrpcClientProtocolClient (GrpcClientProtocolClient.java:onNext(255)) - client-B268B4322F32->17750241-545b-4219-93a1-14a6ea3d85be: receive RaftClientReply:client-B268B4322F32->17750241-545b-4219-93a1-14a6ea3d85be@group-C33FBD9556F2, cid=971, SUCCESS, logIndex=1319, commits[17750241-545b-4219-93a1-14a6ea3d85be:c1319, 4eaaa090-573e-41d3-9f8c-c99e236d806a:c1315, 5f4cf9ee-4bed-49de-adaa-861aec894328:c1315]
2019-08-23 02:48:02,112 | INFO  | DNAudit | user=null | ip=null | op=WRITE_CHUNK {blockData=conID: 3 locID: 102664010307142071 bcsId: 0} | ret=SUCCESS |  
2019-08-23 02:48:02,112 | INFO  | DNAudit | user=null | ip=null | op=PUT_BLOCK {blockData=[blockId=conID: 3 locID: 102664010307142071 bcsId: 0,size=1048576]} | ret=SUCCESS |  
2019-08-23 02:48:02,112 | INFO  | DNAudit | user=null | ip=null | op=WRITE_CHUNK {blockData=conID: 3 locID: 102664010307142071 bcsId: 0} | ret=SUCCESS |  
2019-08-23 02:48:02,113 | INFO  | DNAudit | user=null | ip=null | op=PUT_BLOCK {blockData=[blockId=conID: 3 locID: 102664010307142071 bcsId: 0,size=1048576]} | ret=SUCCESS |  
2019-08-23 02:48:02,113 | INFO  | DNAudit | user=null | ip=null | op=WRITE_CHUNK {blockData=conID: 3 locID: 102664010307142071 bcsId: 0} | ret=SUCCESS |  
2019-08-23 02:48:02,113 | INFO  | DNAudit | user=null | ip=null | op=WRITE_CHUNK {blockData=conID: 3 locID: 102664010307142071 bcsId: 0} | ret=SUCCESS |  
2019-08-23 02:48:02,114 | INFO  | DNAudit | user=null | ip=null | op=PUT_BLOCK {blockData=[blockId=conID: 3 locID: 102664010307142071 bcsId: 0,size=2097152]} | ret=SUCCESS |  
2019-08-23 02:48:02,113 [grpc-default-executor-4] INFO  client.GrpcClientProtocolClient (GrpcClientProtocolClient.java:onNext(255)) - client-B268B4322F32->17750241-545b-4219-93a1-14a6ea3d85be: receive RaftClientReply:client-B268B4322F32->17750241-545b-4219-93a1-14a6ea3d85be@group-C33FBD9556F2, cid=972, SUCCESS, logIndex=0, commits[17750241-545b-4219-93a1-14a6ea3d85be:c1320, 4eaaa090-573e-41d3-9f8c-c99e236d806a:c1317, 5f4cf9ee-4bed-49de-adaa-861aec894328:c1317]
2019-08-23 02:48:02,114 | INFO  | DNAudit | user=null | ip=null | op=PUT_BLOCK {blockData=[blockId=conID: 3 locID: 102664010307142071 bcsId: 0,size=2097152]} | ret=SUCCESS |  
2019-08-23 02:48:02,122 | INFO  | DNAudit | user=null | ip=null | op=WRITE_CHUNK {blockData=conID: 3 locID: 102664010307142071 bcsId: 1319} | ret=SUCCESS |  
2019-08-23 02:48:02,125 | INFO  | DNAudit | user=null | ip=null | op=WRITE_CHUNK {blockData=conID: 3 locID: 102664010307142071 bcsId: 1319} | ret=SUCCESS |  
2019-08-23 02:48:02,125 | INFO  | DNAudit | user=null | ip=null | op=WRITE_CHUNK {blockData=conID: 3 locID: 102664010307142071 bcsId: 1319} | ret=SUCCESS |  
2019-08-23 02:48:02,135 | INFO  | DNAudit | user=null | ip=null | op=WRITE_CHUNK {blockData=conID: 3 locID: 102664010307142071 bcsId: 1319} | ret=SUCCESS |  
2019-08-23 02:48:02,136 | INFO  | DNAudit | user=null | ip=null | op=PUT_BLOCK {blockData=[blockId=conID: 3 locID: 102664010307142071 bcsId: 0,size=3145728]} | ret=SUCCESS |  
2019-08-23 02:48:02,136 [grpc-default-executor-2] INFO  client.GrpcClientProtocolClient (GrpcClientProtocolClient.java:onNext(255)) - client-B268B4322F32->17750241-545b-4219-93a1-14a6ea3d85be: receive RaftClientReply:client-B268B4322F32->17750241-545b-4219-93a1-14a6ea3d85be@group-C33FBD9556F2, cid=973, SUCCESS, logIndex=1324, commits[17750241-545b-4219-93a1-14a6ea3d85be:c1325, 4eaaa090-573e-41d3-9f8c-c99e236d806a:c1323, 5f4cf9ee-4bed-49de-adaa-861aec894328:c1323]
2019-08-23 02:48:02,137 [grpc-default-executor-2] INFO  client.GrpcClientProtocolClient (GrpcClientProtocolClient.java:onNext(255)) - client-B268B4322F32->17750241-545b-4219-93a1-14a6ea3d85be: receive RaftClientReply:client-B268B4322F32->17750241-545b-4219-93a1-14a6ea3d85be@group-C33FBD9556F2, cid=974, SUCCESS, logIndex=1325, commits[17750241-545b-4219-93a1-14a6ea3d85be:c1325, 4eaaa090-573e-41d3-9f8c-c99e236d806a:c1323, 5f4cf9ee-4bed-49de-adaa-861aec894328:c1323]
2019-08-23 02:48:02,150 | INFO  | DNAudit | user=null | ip=null | op=WRITE_CHUNK {blockData=conID: 3 locID: 102664010307142071 bcsId: 1319} | ret=SUCCESS |  
2019-08-23 02:48:02,150 | INFO  | DNAudit | user=null | ip=null | op=WRITE_CHUNK {blockData=conID: 3 locID: 102664010307142071 bcsId: 1319} | ret=SUCCESS |  
2019-08-23 02:48:02,150 | INFO  | DNAudit | user=null | ip=null | op=PUT_BLOCK {blockData=[blockId=conID: 3 locID: 102664010307142071 bcsId: 0,size=3145728]} | ret=SUCCESS |  
2019-08-23 02:48:02,150 | INFO  | DNAudit | user=null | ip=null | op=PUT_BLOCK {blockData=[blockId=conID: 3 locID: 102664010307142071 bcsId: 0,size=3145728]} | ret=SUCCESS |  
2019-08-23 02:48:02,152 | INFO  | DNAudit | user=null | ip=null | op=WRITE_CHUNK {blockData=conID: 3 locID: 102664010307142071 bcsId: 1325} | ret=SUCCESS |  
2019-08-23 02:48:02,154 | INFO  | DNAudit | user=null | ip=null | op=WRITE_CHUNK {blockData=conID: 3 locID: 102664010307142071 bcsId: 1325} | ret=SUCCESS |  
2019-08-23 02:48:02,155 | INFO  | DNAudit | user=null | ip=null | op=WRITE_CHUNK {blockData=conID: 3 locID: 102664010307142071 bcsId: 1325} | ret=SUCCESS |  
2019-08-23 02:48:02,166 | INFO  | DNAudit | user=null | ip=null | op=WRITE_CHUNK {blockData=conID: 3 locID: 102664010307142071 bcsId: 1325} | ret=SUCCESS |  
2019-08-23 02:48:02,167 | INFO  | DNAudit | user=null | ip=null | op=PUT_BLOCK {blockData=[blockId=conID: 3 locID: 102664010307142071 bcsId: 0,size=4194304]} | ret=SUCCESS |  
2019-08-23 02:48:02,167 [grpc-default-executor-4] INFO  client.GrpcClientProtocolClient (GrpcClientProtocolClient.java:onNext(255)) - client-B268B4322F32->17750241-545b-4219-93a1-14a6ea3d85be: receive RaftClientReply:client-B268B4322F32->17750241-545b-4219-93a1-14a6ea3d85be@group-C33FBD9556F2, cid=975, SUCCESS, logIndex=1328, commits[17750241-545b-4219-93a1-14a6ea3d85be:c1329, 4eaaa090-573e-41d3-9f8c-c99e236d806a:c1327, 5f4cf9ee-4bed-49de-adaa-861aec894328:c1327]
2019-08-23 02:48:02,168 [grpc-default-executor-4] INFO  client.GrpcClientProtocolClient (GrpcClientProtocolClient.java:onNext(255)) - client-B268B4322F32->17750241-545b-4219-93a1-14a6ea3d85be: receive RaftClientReply:client-B268B4322F32->17750241-545b-4219-93a1-14a6ea3d85be@group-C33FBD9556F2, cid=976, SUCCESS, logIndex=1329, commits[17750241-545b-4219-93a1-14a6ea3d85be:c1329, 4eaaa090-573e-41d3-9f8c-c99e236d806a:c1327, 5f4cf9ee-4bed-49de-adaa-861aec894328:c1327]
2019-08-23 02:48:02,178 | INFO  | DNAudit | user=null | ip=null | op=WRITE_CHUNK {blockData=conID: 3 locID: 102664010307142071 bcsId: 1325} | ret=SUCCESS |  
2019-08-23 02:48:02,178 | INFO  | DNAudit | user=null | ip=null | op=WRITE_CHUNK {blockData=conID: 3 locID: 102664010307142071 bcsId: 1325} | ret=SUCCESS |  
2019-08-23 02:48:02,178 | INFO  | DNAudit | user=null | ip=null | op=PUT_BLOCK {blockData=[blockId=conID: 3 locID: 102664010307142071 bcsId: 0,size=4194304]} | ret=SUCCESS |  
2019-08-23 02:48:02,179 | INFO  | DNAudit | user=null | ip=null | op=PUT_BLOCK {blockData=[blockId=conID: 3 locID: 102664010307142071 bcsId: 0,size=4194304]} | ret=SUCCESS |  
2019-08-23 02:48:02,179 [grpc-default-executor-4] INFO  client.GrpcClientProtocolClient (GrpcClientProtocolClient.java:onNext(255)) - client-B268B4322F32->17750241-545b-4219-93a1-14a6ea3d85be: receive RaftClientReply:client-B268B4322F32->17750241-545b-4219-93a1-14a6ea3d85be@group-C33FBD9556F2, cid=977, SUCCESS, logIndex=0, commits[17750241-545b-4219-93a1-14a6ea3d85be:c1330, 4eaaa090-573e-41d3-9f8c-c99e236d806a:c1329, 5f4cf9ee-4bed-49de-adaa-861aec894328:c1329]
2019-08-23 02:48:02,190 | INFO  | DNAudit | user=null | ip=null | op=WRITE_CHUNK {blockData=conID: 1 locID: 102664010307142072 bcsId: 0} | ret=SUCCESS |  
2019-08-23 02:48:02,194 | INFO  | DNAudit | user=null | ip=null | op=WRITE_CHUNK {blockData=conID: 1 locID: 102664010307142072 bcsId: 0} | ret=SUCCESS |  
2019-08-23 02:48:02,194 | INFO  | DNAudit | user=null | ip=null | op=WRITE_CHUNK {blockData=conID: 1 locID: 102664010307142072 bcsId: 0} | ret=SUCCESS |  
2019-08-23 02:48:02,195 | INFO  | DNAudit | user=null | ip=null | op=WRITE_CHUNK {blockData=conID: 1 locID: 102664010307142072 bcsId: 0} | ret=SUCCESS |  
2019-08-23 02:48:02,199 | INFO  | DNAudit | user=null | ip=null | op=WRITE_CHUNK {blockData=conID: 1 locID: 102664010307142072 bcsId: 0} | ret=SUCCESS |  
2019-08-23 02:48:02,199 | INFO  | DNAudit | user=null | ip=null | op=WRITE_CHUNK {blockData=conID: 1 locID: 102664010307142072 bcsId: 0} | ret=SUCCESS |  
2019-08-23 02:48:02,201 | INFO  | SCMAudit | user=jenkins1000 | ip=192.168.34.22 | op=SEND_HEARTBEAT {datanodeUUID=17750241-545b-4219-93a1-14a6ea3d85be, command=[]} | ret=SUCCESS |  
2019-08-23 02:48:02,204 | INFO  | SCMAudit | user=jenkins1000 | ip=192.168.34.22 | op=SEND_HEARTBEAT {datanodeUUID=4eaaa090-573e-41d3-9f8c-c99e236d806a, command=[]} | ret=SUCCESS |  
2019-08-23 02:48:02,205 | INFO  | SCMAudit | user=jenkins1000 | ip=192.168.34.22 | op=SEND_HEARTBEAT {datanodeUUID=5f4cf9ee-4bed-49de-adaa-861aec894328, command=[]} | ret=SUCCESS |  
2019-08-23 02:48:02,213 | INFO  | DNAudit | user=null | ip=null | op=WRITE_CHUNK {blockData=conID: 1 locID: 102664010307142072 bcsId: 0} | ret=SUCCESS |  
2019-08-23 02:48:02,214 | INFO  | DNAudit | user=null | ip=null | op=PUT_BLOCK {blockData=[blockId=conID: 1 locID: 102664010307142072 bcsId: 0,size=1048576]} | ret=SUCCESS |  
2019-08-23 02:48:02,214 [grpc-default-executor-2] INFO  client.GrpcClientProtocolClient (GrpcClientProtocolClient.java:onNext(255)) - client-B268B4322F32->17750241-545b-4219-93a1-14a6ea3d85be: receive RaftClientReply:client-B268B4322F32->17750241-545b-4219-93a1-14a6ea3d85be@group-C33FBD9556F2, cid=978, SUCCESS, logIndex=1332, commits[17750241-545b-4219-93a1-14a6ea3d85be:c1333, 4eaaa090-573e-41d3-9f8c-c99e236d806a:c1331, 5f4cf9ee-4bed-49de-adaa-861aec894328:c1331]
2019-08-23 02:48:02,215 [grpc-default-executor-2] INFO  client.GrpcClientProtocolClient (GrpcClientProtocolClient.java:onNext(255)) - client-B268B4322F32->17750241-545b-4219-93a1-14a6ea3d85be: receive RaftClientReply:client-B268B4322F32->17750241-545b-4219-93a1-14a6ea3d85be@group-C33FBD9556F2, cid=979, SUCCESS, logIndex=1333, commits[17750241-545b-4219-93a1-14a6ea3d85be:c1333, 4eaaa090-573e-41d3-9f8c-c99e236d806a:c1331, 5f4cf9ee-4bed-49de-adaa-861aec894328:c1331]
2019-08-23 02:48:02,226 | INFO  | DNAudit | user=null | ip=null | op=WRITE_CHUNK {blockData=conID: 1 locID: 102664010307142072 bcsId: 0} | ret=SUCCESS |  
2019-08-23 02:48:02,482 [grpc-default-executor-4] INFO  client.GrpcClientProtocolClient (GrpcClientProtocolClient.java:onNext(255)) - client-B268B4322F32->17750241-545b-4219-93a1-14a6ea3d85be: receive RaftClientReply:client-B268B4322F32->17750241-545b-4219-93a1-14a6ea3d85be@group-C33FBD9556F2, cid=980, SUCCESS, logIndex=1334, commits[17750241-545b-4219-93a1-14a6ea3d85be:c1335, 4eaaa090-573e-41d3-9f8c-c99e236d806a:c1331, 5f4cf9ee-4bed-49de-adaa-861aec894328:c1331]
2019-08-23 02:48:02,482 | INFO  | DNAudit | user=null | ip=null | op=PUT_BLOCK {blockData=[blockId=conID: 1 locID: 102664010307142072 bcsId: 0,size=2097152]} | ret=SUCCESS |  
2019-08-23 02:48:02,483 | INFO  | DNAudit | user=null | ip=null | op=WRITE_CHUNK {blockData=conID: 1 locID: 102664010307142072 bcsId: 0} | ret=SUCCESS |  
2019-08-23 02:48:02,483 | INFO  | DNAudit | user=null | ip=null | op=WRITE_CHUNK {blockData=conID: 1 locID: 102664010307142072 bcsId: 0} | ret=SUCCESS |  
2019-08-23 02:48:02,483 | INFO  | DNAudit | user=null | ip=null | op=PUT_BLOCK {blockData=[blockId=conID: 1 locID: 102664010307142072 bcsId: 0,size=1048576]} | ret=SUCCESS |  
2019-08-23 02:48:02,483 | INFO  | DNAudit | user=null | ip=null | op=PUT_BLOCK {blockData=[blockId=conID: 1 locID: 102664010307142072 bcsId: 0,size=1048576]} | ret=SUCCESS |  
2019-08-23 02:48:02,483 [grpc-default-executor-4] INFO  client.GrpcClientProtocolClient (GrpcClientProtocolClient.java:onNext(255)) - client-B268B4322F32->17750241-545b-4219-93a1-14a6ea3d85be: receive RaftClientReply:client-B268B4322F32->17750241-545b-4219-93a1-14a6ea3d85be@group-C33FBD9556F2, cid=981, SUCCESS, logIndex=1335, commits[17750241-545b-4219-93a1-14a6ea3d85be:c1335, 4eaaa090-573e-41d3-9f8c-c99e236d806a:c1331, 5f4cf9ee-4bed-49de-adaa-861aec894328:c1331]
2019-08-23 02:48:02,485 [grpc-default-executor-4] INFO  client.GrpcClientProtocolClient (GrpcClientProtocolClient.java:onNext(255)) - client-B268B4322F32->17750241-545b-4219-93a1-14a6ea3d85be: receive RaftClientReply:client-B268B4322F32->17750241-545b-4219-93a1-14a6ea3d85be@group-C33FBD9556F2, cid=982, SUCCESS, logIndex=0, commits[17750241-545b-4219-93a1-14a6ea3d85be:c1337, 4eaaa090-573e-41d3-9f8c-c99e236d806a:c1333, 5f4cf9ee-4bed-49de-adaa-861aec894328:c1333]
2019-08-23 02:48:02,498 | INFO  | DNAudit | user=null | ip=null | op=WRITE_CHUNK {blockData=conID: 1 locID: 102664010307142072 bcsId: 1335} | ret=SUCCESS |  
2019-08-23 02:48:02,500 | INFO  | DNAudit | user=null | ip=null | op=WRITE_CHUNK {blockData=conID: 1 locID: 102664010307142072 bcsId: 0} | ret=SUCCESS |  
2019-08-23 02:48:02,500 | INFO  | DNAudit | user=null | ip=null | op=WRITE_CHUNK {blockData=conID: 1 locID: 102664010307142072 bcsId: 0} | ret=SUCCESS |  
2019-08-23 02:48:02,501 | INFO  | DNAudit | user=null | ip=null | op=PUT_BLOCK {blockData=[blockId=conID: 1 locID: 102664010307142072 bcsId: 0,size=2097152]} | ret=SUCCESS |  
2019-08-23 02:48:02,501 | INFO  | DNAudit | user=null | ip=null | op=PUT_BLOCK {blockData=[blockId=conID: 1 locID: 102664010307142072 bcsId: 0,size=2097152]} | ret=SUCCESS |  
2019-08-23 02:48:02,505 | INFO  | DNAudit | user=null | ip=null | op=WRITE_CHUNK {blockData=conID: 1 locID: 102664010307142072 bcsId: 1335} | ret=SUCCESS |  
2019-08-23 02:48:02,506 | INFO  | DNAudit | user=null | ip=null | op=WRITE_CHUNK {blockData=conID: 1 locID: 102664010307142072 bcsId: 1335} | ret=SUCCESS |  
2019-08-23 02:48:02,514 | INFO  | DNAudit | user=null | ip=null | op=WRITE_CHUNK {blockData=conID: 1 locID: 102664010307142072 bcsId: 1335} | ret=SUCCESS |  
2019-08-23 02:48:02,514 | INFO  | DNAudit | user=null | ip=null | op=PUT_BLOCK {blockData=[blockId=conID: 1 locID: 102664010307142072 bcsId: 0,size=3145728]} | ret=SUCCESS |  
2019-08-23 02:48:02,515 [grpc-default-executor-6] INFO  client.GrpcClientProtocolClient (GrpcClientProtocolClient.java:onNext(255)) - client-B268B4322F32->17750241-545b-4219-93a1-14a6ea3d85be: receive RaftClientReply:client-B268B4322F32->17750241-545b-4219-93a1-14a6ea3d85be@group-C33FBD9556F2, cid=983, SUCCESS, logIndex=1340, commits[17750241-545b-4219-93a1-14a6ea3d85be:c1341, 4eaaa090-573e-41d3-9f8c-c99e236d806a:c1337, 5f4cf9ee-4bed-49de-adaa-861aec894328:c1337]
2019-08-23 02:48:02,516 [grpc-default-executor-6] INFO  client.GrpcClientProtocolClient (GrpcClientProtocolClient.java:onNext(255)) - client-B268B4322F32->17750241-545b-4219-93a1-14a6ea3d85be: receive RaftClientReply:client-B268B4322F32->17750241-545b-4219-93a1-14a6ea3d85be@group-C33FBD9556F2, cid=984, SUCCESS, logIndex=1341, commits[17750241-545b-4219-93a1-14a6ea3d85be:c1341, 4eaaa090-573e-41d3-9f8c-c99e236d806a:c1337, 5f4cf9ee-4bed-49de-adaa-861aec894328:c1337]
2019-08-23 02:48:02,524 | INFO  | DNAudit | user=null | ip=null | op=WRITE_CHUNK {blockData=conID: 1 locID: 102664010307142072 bcsId: 1335} | ret=SUCCESS |  
2019-08-23 02:48:02,525 | INFO  | DNAudit | user=null | ip=null | op=WRITE_CHUNK {blockData=conID: 1 locID: 102664010307142072 bcsId: 1341} | ret=SUCCESS |  
2019-08-23 02:48:02,525 | INFO  | DNAudit | user=null | ip=null | op=WRITE_CHUNK {blockData=conID: 1 locID: 102664010307142072 bcsId: 1335} | ret=SUCCESS |  
2019-08-23 02:48:02,525 | INFO  | DNAudit | user=null | ip=null | op=PUT_BLOCK {blockData=[blockId=conID: 1 locID: 102664010307142072 bcsId: 0,size=3145728]} | ret=SUCCESS |  
2019-08-23 02:48:02,527 | INFO  | DNAudit | user=null | ip=null | op=WRITE_CHUNK {blockData=conID: 1 locID: 102664010307142072 bcsId: 1341} | ret=SUCCESS |  
2019-08-23 02:48:02,527 | INFO  | DNAudit | user=null | ip=null | op=PUT_BLOCK {blockData=[blockId=conID: 1 locID: 102664010307142072 bcsId: 0,size=3145728]} | ret=SUCCESS |  
2019-08-23 02:48:02,527 | INFO  | DNAudit | user=null | ip=null | op=WRITE_CHUNK {blockData=conID: 1 locID: 102664010307142072 bcsId: 1341} | ret=SUCCESS |  
2019-08-23 02:48:02,541 | INFO  | DNAudit | user=null | ip=null | op=WRITE_CHUNK {blockData=conID: 1 locID: 102664010307142072 bcsId: 1341} | ret=SUCCESS |  
2019-08-23 02:48:02,541 | INFO  | DNAudit | user=null | ip=null | op=PUT_BLOCK {blockData=[blockId=conID: 1 locID: 102664010307142072 bcsId: 0,size=4194304]} | ret=SUCCESS |  
2019-08-23 02:48:02,542 [grpc-default-executor-6] INFO  client.GrpcClientProtocolClient (GrpcClientProtocolClient.java:onNext(255)) - client-B268B4322F32->17750241-545b-4219-93a1-14a6ea3d85be: receive RaftClientReply:client-B268B4322F32->17750241-545b-4219-93a1-14a6ea3d85be@group-C33FBD9556F2, cid=985, SUCCESS, logIndex=1344, commits[17750241-545b-4219-93a1-14a6ea3d85be:c1345, 4eaaa090-573e-41d3-9f8c-c99e236d806a:c1341, 5f4cf9ee-4bed-49de-adaa-861aec894328:c1341]
2019-08-23 02:48:02,542 [grpc-default-executor-6] INFO  client.GrpcClientProtocolClient (GrpcClientProtocolClient.java:onNext(255)) - client-B268B4322F32->17750241-545b-4219-93a1-14a6ea3d85be: receive RaftClientReply:client-B268B4322F32->17750241-545b-4219-93a1-14a6ea3d85be@group-C33FBD9556F2, cid=986, SUCCESS, logIndex=1345, commits[17750241-545b-4219-93a1-14a6ea3d85be:c1345, 4eaaa090-573e-41d3-9f8c-c99e236d806a:c1341, 5f4cf9ee-4bed-49de-adaa-861aec894328:c1341]
 0.00% |█                                                                                                    |  0/1 Time: 0:00:052019-08-23 02:48:02,554 | INFO  | DNAudit | user=null | ip=null | op=WRITE_CHUNK {blockData=conID: 1 locID: 102664010307142072 bcsId: 1341} | ret=SUCCESS |  
2019-08-23 02:48:02,554 | INFO  | DNAudit | user=null | ip=null | op=WRITE_CHUNK {blockData=conID: 1 locID: 102664010307142072 bcsId: 1341} | ret=SUCCESS |  
2019-08-23 02:48:02,567 | INFO  | DNAudit | user=null | ip=null | op=PUT_BLOCK {blockData=[blockId=conID: 1 locID: 102664010307142072 bcsId: 0,size=4194304]} | ret=SUCCESS |  
2019-08-23 02:48:02,567 | INFO  | DNAudit | user=null | ip=null | op=PUT_BLOCK {blockData=[blockId=conID: 1 locID: 102664010307142072 bcsId: 0,size=4194304]} | ret=SUCCESS |  
2019-08-23 02:48:02,568 [grpc-default-executor-6] INFO  client.GrpcClientProtocolClient (GrpcClientProtocolClient.java:onNext(255)) - client-B268B4322F32->17750241-545b-4219-93a1-14a6ea3d85be: receive RaftClientReply:client-B268B4322F32->17750241-545b-4219-93a1-14a6ea3d85be@group-C33FBD9556F2, cid=987, SUCCESS, logIndex=0, commits[17750241-545b-4219-93a1-14a6ea3d85be:c1347, 4eaaa090-573e-41d3-9f8c-c99e236d806a:c1345, 5f4cf9ee-4bed-49de-adaa-861aec894328:c1345]
2019-08-23 02:48:02,578 | INFO  | DNAudit | user=null | ip=null | op=WRITE_CHUNK {blockData=conID: 2 locID: 102664010307207609 bcsId: 0} | ret=SUCCESS |  
2019-08-23 02:48:02,581 | INFO  | DNAudit | user=null | ip=null | op=WRITE_CHUNK {blockData=conID: 2 locID: 102664010307207609 bcsId: 0} | ret=SUCCESS |  
2019-08-23 02:48:02,581 | INFO  | DNAudit | user=null | ip=null | op=WRITE_CHUNK {blockData=conID: 2 locID: 102664010307207609 bcsId: 0} | ret=SUCCESS |  
2019-08-23 02:48:02,582 | INFO  | DNAudit | user=null | ip=null | op=WRITE_CHUNK {blockData=conID: 2 locID: 102664010307207609 bcsId: 0} | ret=SUCCESS |  
2019-08-23 02:48:02,585 | INFO  | DNAudit | user=null | ip=null | op=WRITE_CHUNK {blockData=conID: 2 locID: 102664010307207609 bcsId: 0} | ret=SUCCESS |  
2019-08-23 02:48:02,585 | INFO  | DNAudit | user=null | ip=null | op=WRITE_CHUNK {blockData=conID: 2 locID: 102664010307207609 bcsId: 0} | ret=SUCCESS |  
2019-08-23 02:48:02,593 | INFO  | DNAudit | user=null | ip=null | op=WRITE_CHUNK {blockData=conID: 2 locID: 102664010307207609 bcsId: 0} | ret=SUCCESS |  
2019-08-23 02:48:02,593 | INFO  | DNAudit | user=null | ip=null | op=PUT_BLOCK {blockData=[blockId=conID: 2 locID: 102664010307207609 bcsId: 0,size=1048576]} | ret=SUCCESS |  
2019-08-23 02:48:02,593 [grpc-default-executor-6] INFO  client.GrpcClientProtocolClient (GrpcClientProtocolClient.java:onNext(255)) - client-B268B4322F32->17750241-545b-4219-93a1-14a6ea3d85be: receive RaftClientReply:client-B268B4322F32->17750241-545b-4219-93a1-14a6ea3d85be@group-C33FBD9556F2, cid=988, SUCCESS, logIndex=1348, commits[17750241-545b-4219-93a1-14a6ea3d85be:c1349, 4eaaa090-573e-41d3-9f8c-c99e236d806a:c1347, 5f4cf9ee-4bed-49de-adaa-861aec894328:c1347]
2019-08-23 02:48:02,594 [grpc-default-executor-6] INFO  client.GrpcClientProtocolClient (GrpcClientProtocolClient.java:onNext(255)) - client-B268B4322F32->17750241-545b-4219-93a1-14a6ea3d85be: receive RaftClientReply:client-B268B4322F32->17750241-545b-4219-93a1-14a6ea3d85be@group-C33FBD9556F2, cid=989, SUCCESS, logIndex=1349, commits[17750241-545b-4219-93a1-14a6ea3d85be:c1349, 4eaaa090-573e-41d3-9f8c-c99e236d806a:c1347, 5f4cf9ee-4bed-49de-adaa-861aec894328:c1347]
2019-08-23 02:48:02,605 | INFO  | DNAudit | user=null | ip=null | op=WRITE_CHUNK {blockData=conID: 2 locID: 102664010307207609 bcsId: 0} | ret=SUCCESS |  
2019-08-23 02:48:02,605 | INFO  | DNAudit | user=null | ip=null | op=PUT_BLOCK {blockData=[blockId=conID: 2 locID: 102664010307207609 bcsId: 0,size=2097152]} | ret=SUCCESS |  
2019-08-23 02:48:02,606 [grpc-default-executor-4] INFO  client.GrpcClientProtocolClient (GrpcClientProtocolClient.java:onNext(255)) - client-B268B4322F32->17750241-545b-4219-93a1-14a6ea3d85be: receive RaftClientReply:client-B268B4322F32->17750241-545b-4219-93a1-14a6ea3d85be@group-C33FBD9556F2, cid=990, SUCCESS, logIndex=1350, commits[17750241-545b-4219-93a1-14a6ea3d85be:c1351, 4eaaa090-573e-41d3-9f8c-c99e236d806a:c1347, 5f4cf9ee-4bed-49de-adaa-861aec894328:c1347]
2019-08-23 02:48:02,607 [grpc-default-executor-4] INFO  client.GrpcClientProtocolClient (GrpcClientProtocolClient.java:onNext(255)) - client-B268B4322F32->17750241-545b-4219-93a1-14a6ea3d85be: receive RaftClientReply:client-B268B4322F32->17750241-545b-4219-93a1-14a6ea3d85be@group-C33FBD9556F2, cid=991, SUCCESS, logIndex=1351, commits[17750241-545b-4219-93a1-14a6ea3d85be:c1351, 4eaaa090-573e-41d3-9f8c-c99e236d806a:c1347, 5f4cf9ee-4bed-49de-adaa-861aec894328:c1347]
2019-08-23 02:48:02,624 | INFO  | DNAudit | user=null | ip=null | op=WRITE_CHUNK {blockData=conID: 2 locID: 102664010307207609 bcsId: 0} | ret=SUCCESS |  
2019-08-23 02:48:02,624 | INFO  | DNAudit | user=null | ip=null | op=WRITE_CHUNK {blockData=conID: 2 locID: 102664010307207609 bcsId: 0} | ret=SUCCESS |  
2019-08-23 02:48:02,625 | INFO  | DNAudit | user=null | ip=null | op=PUT_BLOCK {blockData=[blockId=conID: 2 locID: 102664010307207609 bcsId: 0,size=1048576]} | ret=SUCCESS |  
2019-08-23 02:48:02,625 | INFO  | DNAudit | user=null | ip=null | op=PUT_BLOCK {blockData=[blockId=conID: 2 locID: 102664010307207609 bcsId: 0,size=1048576]} | ret=SUCCESS |  
2019-08-23 02:48:02,625 | INFO  | DNAudit | user=null | ip=null | op=WRITE_CHUNK {blockData=conID: 2 locID: 102664010307207609 bcsId: 0} | ret=SUCCESS |  
2019-08-23 02:48:02,625 | INFO  | DNAudit | user=null | ip=null | op=PUT_BLOCK {blockData=[blockId=conID: 2 locID: 102664010307207609 bcsId: 0,size=2097152]} | ret=SUCCESS |  
2019-08-23 02:48:02,626 | INFO  | DNAudit | user=null | ip=null | op=WRITE_CHUNK {blockData=conID: 2 locID: 102664010307207609 bcsId: 0} | ret=SUCCESS |  
2019-08-23 02:48:02,625 [grpc-default-executor-2] INFO  client.GrpcClientProtocolClient (GrpcClientProtocolClient.java:onNext(255)) - client-B268B4322F32->17750241-545b-4219-93a1-14a6ea3d85be: receive RaftClientReply:client-B268B4322F32->17750241-545b-4219-93a1-14a6ea3d85be@group-C33FBD9556F2, cid=992, SUCCESS, logIndex=0, commits[17750241-545b-4219-93a1-14a6ea3d85be:c1353, 4eaaa090-573e-41d3-9f8c-c99e236d806a:c1349, 5f4cf9ee-4bed-49de-adaa-861aec894328:c1349]
2019-08-23 02:48:02,626 | INFO  | DNAudit | user=null | ip=null | op=PUT_BLOCK {blockData=[blockId=conID: 2 locID: 102664010307207609 bcsId: 0,size=2097152]} | ret=SUCCESS |  
2019-08-23 02:48:02,634 | INFO  | DNAudit | user=null | ip=null | op=WRITE_CHUNK {blockData=conID: 2 locID: 102664010307207609 bcsId: 1351} | ret=SUCCESS |  
2019-08-23 02:48:02,637 | INFO  | DNAudit | user=null | ip=null | op=WRITE_CHUNK {blockData=conID: 2 locID: 102664010307207609 bcsId: 1351} | ret=SUCCESS |  
2019-08-23 02:48:02,638 | INFO  | DNAudit | user=null | ip=null | op=WRITE_CHUNK {blockData=conID: 2 locID: 102664010307207609 bcsId: 1351} | ret=SUCCESS |  
2019-08-23 02:48:02,644 | INFO  | DNAudit | user=null | ip=null | op=WRITE_CHUNK {blockData=conID: 2 locID: 102664010307207609 bcsId: 1351} | ret=SUCCESS |  
2019-08-23 02:48:02,644 | INFO  | DNAudit | user=null | ip=null | op=PUT_BLOCK {blockData=[blockId=conID: 2 locID: 102664010307207609 bcsId: 0,size=3145728]} | ret=SUCCESS |  
2019-08-23 02:48:02,645 [grpc-default-executor-2] INFO  client.GrpcClientProtocolClient (GrpcClientProtocolClient.java:onNext(255)) - client-B268B4322F32->17750241-545b-4219-93a1-14a6ea3d85be: receive RaftClientReply:client-B268B4322F32->17750241-545b-4219-93a1-14a6ea3d85be@group-C33FBD9556F2, cid=993, SUCCESS, logIndex=1356, commits[17750241-545b-4219-93a1-14a6ea3d85be:c1357, 4eaaa090-573e-41d3-9f8c-c99e236d806a:c1355, 5f4cf9ee-4bed-49de-adaa-861aec894328:c1355]
2019-08-23 02:48:02,645 [grpc-default-executor-2] INFO  client.GrpcClientProtocolClient (GrpcClientProtocolClient.java:onNext(255)) - client-B268B4322F32->17750241-545b-4219-93a1-14a6ea3d85be: receive RaftClientReply:client-B268B4322F32->17750241-545b-4219-93a1-14a6ea3d85be@group-C33FBD9556F2, cid=994, SUCCESS, logIndex=1357, commits[17750241-545b-4219-93a1-14a6ea3d85be:c1357, 4eaaa090-573e-41d3-9f8c-c99e236d806a:c1355, 5f4cf9ee-4bed-49de-adaa-861aec894328:c1355]
2019-08-23 02:48:02,653 | INFO  | DNAudit | user=null | ip=null | op=WRITE_CHUNK {blockData=conID: 2 locID: 102664010307207609 bcsId: 1357} | ret=SUCCESS |  
2019-08-23 02:48:02,656 | INFO  | DNAudit | user=null | ip=null | op=WRITE_CHUNK {blockData=conID: 2 locID: 102664010307207609 bcsId: 1357} | ret=SUCCESS |  
2019-08-23 02:48:02,656 | INFO  | DNAudit | user=null | ip=null | op=WRITE_CHUNK {blockData=conID: 2 locID: 102664010307207609 bcsId: 1357} | ret=SUCCESS |  
2019-08-23 02:48:02,657 | INFO  | DNAudit | user=null | ip=null | op=WRITE_CHUNK {blockData=conID: 2 locID: 102664010307207609 bcsId: 1351} | ret=SUCCESS |  
2019-08-23 02:48:02,657 | INFO  | DNAudit | user=null | ip=null | op=WRITE_CHUNK {blockData=conID: 2 locID: 102664010307207609 bcsId: 1351} | ret=SUCCESS |  
2019-08-23 02:48:02,657 | INFO  | DNAudit | user=null | ip=null | op=PUT_BLOCK {blockData=[blockId=conID: 2 locID: 102664010307207609 bcsId: 0,size=3145728]} | ret=SUCCESS |  
2019-08-23 02:48:02,657 | INFO  | DNAudit | user=null | ip=null | op=PUT_BLOCK {blockData=[blockId=conID: 2 locID: 102664010307207609 bcsId: 0,size=3145728]} | ret=SUCCESS |  
2019-08-23 02:48:02,658 | INFO  | DNAudit | user=null | ip=null | op=WRITE_CHUNK {blockData=conID: 2 locID: 102664010307207609 bcsId: 1357} | ret=SUCCESS |  
2019-08-23 02:48:02,659 | INFO  | DNAudit | user=null | ip=null | op=PUT_BLOCK {blockData=[blockId=conID: 2 locID: 102664010307207609 bcsId: 0,size=4194304]} | ret=SUCCESS |  
2019-08-23 02:48:02,659 | INFO  | DNAudit | user=null | ip=null | op=WRITE_CHUNK {blockData=conID: 2 locID: 102664010307207609 bcsId: 1357} | ret=SUCCESS |  
2019-08-23 02:48:02,659 [grpc-default-executor-4] INFO  client.GrpcClientProtocolClient (GrpcClientProtocolClient.java:onNext(255)) - client-B268B4322F32->17750241-545b-4219-93a1-14a6ea3d85be: receive RaftClientReply:client-B268B4322F32->17750241-545b-4219-93a1-14a6ea3d85be@group-C33FBD9556F2, cid=995, SUCCESS, logIndex=1360, commits[17750241-545b-4219-93a1-14a6ea3d85be:c1361, 4eaaa090-573e-41d3-9f8c-c99e236d806a:c1357, 5f4cf9ee-4bed-49de-adaa-861aec894328:c1357]
2019-08-23 02:48:02,660 | INFO  | DNAudit | user=null | ip=null | op=WRITE_CHUNK {blockData=conID: 2 locID: 102664010307207609 bcsId: 1357} | ret=SUCCESS |  
2019-08-23 02:48:02,660 | INFO  | DNAudit | user=null | ip=null | op=PUT_BLOCK {blockData=[blockId=conID: 2 locID: 102664010307207609 bcsId: 0,size=4194304]} | ret=SUCCESS |  
2019-08-23 02:48:02,660 [grpc-default-executor-2] INFO  client.GrpcClientProtocolClient (GrpcClientProtocolClient.java:onNext(255)) - client-B268B4322F32->17750241-545b-4219-93a1-14a6ea3d85be: receive RaftClientReply:client-B268B4322F32->17750241-545b-4219-93a1-14a6ea3d85be@group-C33FBD9556F2, cid=996, SUCCESS, logIndex=1361, commits[17750241-545b-4219-93a1-14a6ea3d85be:c1361, 4eaaa090-573e-41d3-9f8c-c99e236d806a:c1357, 5f4cf9ee-4bed-49de-adaa-861aec894328:c1357]
2019-08-23 02:48:02,660 | INFO  | DNAudit | user=null | ip=null | op=PUT_BLOCK {blockData=[blockId=conID: 2 locID: 102664010307207609 bcsId: 0,size=4194304]} | ret=SUCCESS |  
2019-08-23 02:48:02,661 [grpc-default-executor-4] INFO  client.GrpcClientProtocolClient (GrpcClientProtocolClient.java:onNext(255)) - client-B268B4322F32->17750241-545b-4219-93a1-14a6ea3d85be: receive RaftClientReply:client-B268B4322F32->17750241-545b-4219-93a1-14a6ea3d85be@group-C33FBD9556F2, cid=997, SUCCESS, logIndex=0, commits[17750241-545b-4219-93a1-14a6ea3d85be:c1363, 4eaaa090-573e-41d3-9f8c-c99e236d806a:c1361, 5f4cf9ee-4bed-49de-adaa-861aec894328:c1361]
2019-08-23 02:48:02,670 | INFO  | DNAudit | user=null | ip=null | op=WRITE_CHUNK {blockData=conID: 3 locID: 102664010307207610 bcsId: 0} | ret=SUCCESS |  
2019-08-23 02:48:02,673 | INFO  | DNAudit | user=null | ip=null | op=WRITE_CHUNK {blockData=conID: 3 locID: 102664010307207610 bcsId: 0} | ret=SUCCESS |  
2019-08-23 02:48:02,674 | INFO  | DNAudit | user=null | ip=null | op=WRITE_CHUNK {blockData=conID: 3 locID: 102664010307207610 bcsId: 0} | ret=SUCCESS |  
2019-08-23 02:48:02,674 | INFO  | DNAudit | user=null | ip=null | op=WRITE_CHUNK {blockData=conID: 3 locID: 102664010307207610 bcsId: 0} | ret=SUCCESS |  
2019-08-23 02:48:02,677 | INFO  | DNAudit | user=null | ip=null | op=WRITE_CHUNK {blockData=conID: 3 locID: 102664010307207610 bcsId: 0} | ret=SUCCESS |  
2019-08-23 02:48:02,678 | INFO  | DNAudit | user=null | ip=null | op=WRITE_CHUNK {blockData=conID: 3 locID: 102664010307207610 bcsId: 0} | ret=SUCCESS |  
2019-08-23 02:48:02,683 | INFO  | DNAudit | user=null | ip=null | op=WRITE_CHUNK {blockData=conID: 3 locID: 102664010307207610 bcsId: 0} | ret=SUCCESS |  
2019-08-23 02:48:02,684 | INFO  | DNAudit | user=null | ip=null | op=PUT_BLOCK {blockData=[blockId=conID: 3 locID: 102664010307207610 bcsId: 0,size=1048576]} | ret=SUCCESS |  
2019-08-23 02:48:02,684 | INFO  | DNAudit | user=null | ip=null | op=WRITE_CHUNK {blockData=conID: 3 locID: 102664010307207610 bcsId: 0} | ret=SUCCESS |  
2019-08-23 02:48:02,684 [grpc-default-executor-4] INFO  client.GrpcClientProtocolClient (GrpcClientProtocolClient.java:onNext(255)) - client-B268B4322F32->17750241-545b-4219-93a1-14a6ea3d85be: receive RaftClientReply:client-B268B4322F32->17750241-545b-4219-93a1-14a6ea3d85be@group-C33FBD9556F2, cid=998, SUCCESS, logIndex=1364, commits[17750241-545b-4219-93a1-14a6ea3d85be:c1365, 4eaaa090-573e-41d3-9f8c-c99e236d806a:c1363, 5f4cf9ee-4bed-49de-adaa-861aec894328:c1363]
2019-08-23 02:48:02,685 | INFO  | DNAudit | user=null | ip=null | op=PUT_BLOCK {blockData=[blockId=conID: 3 locID: 102664010307207610 bcsId: 0,size=2097152]} | ret=SUCCESS |  
2019-08-23 02:48:02,685 [grpc-default-executor-4] INFO  client.GrpcClientProtocolClient (GrpcClientProtocolClient.java:onNext(255)) - client-B268B4322F32->17750241-545b-4219-93a1-14a6ea3d85be: receive RaftClientReply:client-B268B4322F32->17750241-545b-4219-93a1-14a6ea3d85be@group-C33FBD9556F2, cid=999, SUCCESS, logIndex=1365, commits[17750241-545b-4219-93a1-14a6ea3d85be:c1365, 4eaaa090-573e-41d3-9f8c-c99e236d806a:c1363, 5f4cf9ee-4bed-49de-adaa-861aec894328:c1363]
2019-08-23 02:48:02,685 [grpc-default-executor-4] INFO  client.GrpcClientProtocolClient (GrpcClientProtocolClient.java:onNext(255)) - client-B268B4322F32->17750241-545b-4219-93a1-14a6ea3d85be: receive RaftClientReply:client-B268B4322F32->17750241-545b-4219-93a1-14a6ea3d85be@group-C33FBD9556F2, cid=1000, SUCCESS, logIndex=1366, commits[17750241-545b-4219-93a1-14a6ea3d85be:c1367, 4eaaa090-573e-41d3-9f8c-c99e236d806a:c1363, 5f4cf9ee-4bed-49de-adaa-861aec894328:c1363]
2019-08-23 02:48:02,685 [grpc-default-executor-4] INFO  client.GrpcClientProtocolClient (GrpcClientProtocolClient.java:onNext(255)) - client-B268B4322F32->17750241-545b-4219-93a1-14a6ea3d85be: receive RaftClientReply:client-B268B4322F32->17750241-545b-4219-93a1-14a6ea3d85be@group-C33FBD9556F2, cid=1001, SUCCESS, logIndex=1367, commits[17750241-545b-4219-93a1-14a6ea3d85be:c1367, 4eaaa090-573e-41d3-9f8c-c99e236d806a:c1363, 5f4cf9ee-4bed-49de-adaa-861aec894328:c1363]
2019-08-23 02:48:02,686 | INFO  | DNAudit | user=null | ip=null | op=WRITE_CHUNK {blockData=conID: 3 locID: 102664010307207610 bcsId: 0} | ret=SUCCESS |  
2019-08-23 02:48:02,686 | INFO  | DNAudit | user=null | ip=null | op=WRITE_CHUNK {blockData=conID: 3 locID: 102664010307207610 bcsId: 0} | ret=SUCCESS |  
2019-08-23 02:48:02,687 | INFO  | DNAudit | user=null | ip=null | op=PUT_BLOCK {blockData=[blockId=conID: 3 locID: 102664010307207610 bcsId: 0,size=1048576]} | ret=SUCCESS |  
2019-08-23 02:48:02,687 | INFO  | DNAudit | user=null | ip=null | op=PUT_BLOCK {blockData=[blockId=conID: 3 locID: 102664010307207610 bcsId: 0,size=1048576]} | ret=SUCCESS |  
2019-08-23 02:48:02,687 [grpc-default-executor-4] INFO  client.GrpcClientProtocolClient (GrpcClientProtocolClient.java:onNext(255)) - client-B268B4322F32->17750241-545b-4219-93a1-14a6ea3d85be: receive RaftClientReply:client-B268B4322F32->17750241-545b-4219-93a1-14a6ea3d85be@group-C33FBD9556F2, cid=1002, SUCCESS, logIndex=0, commits[17750241-545b-4219-93a1-14a6ea3d85be:c1368, 4eaaa090-573e-41d3-9f8c-c99e236d806a:c1365, 5f4cf9ee-4bed-49de-adaa-861aec894328:c1365]
2019-08-23 02:48:02,694 | INFO  | DNAudit | user=null | ip=null | op=WRITE_CHUNK {blockData=conID: 3 locID: 102664010307207610 bcsId: 1367} | ret=SUCCESS |  
2019-08-23 02:48:02,697 | INFO  | DNAudit | user=null | ip=null | op=WRITE_CHUNK {blockData=conID: 3 locID: 102664010307207610 bcsId: 1367} | ret=SUCCESS |  
2019-08-23 02:48:02,698 | INFO  | DNAudit | user=null | ip=null | op=WRITE_CHUNK {blockData=conID: 3 locID: 102664010307207610 bcsId: 1367} | ret=SUCCESS |  
2019-08-23 02:48:02,699 | INFO  | DNAudit | user=null | ip=null | op=WRITE_CHUNK {blockData=conID: 3 locID: 102664010307207610 bcsId: 0} | ret=SUCCESS |  
2019-08-23 02:48:02,699 | INFO  | DNAudit | user=null | ip=null | op=WRITE_CHUNK {blockData=conID: 3 locID: 102664010307207610 bcsId: 0} | ret=SUCCESS |  
2019-08-23 02:48:02,700 | INFO  | DNAudit | user=null | ip=null | op=PUT_BLOCK {blockData=[blockId=conID: 3 locID: 102664010307207610 bcsId: 0,size=2097152]} | ret=SUCCESS |  
2019-08-23 02:48:02,700 | INFO  | DNAudit | user=null | ip=null | op=PUT_BLOCK {blockData=[blockId=conID: 3 locID: 102664010307207610 bcsId: 0,size=2097152]} | ret=SUCCESS |  
2019-08-23 02:48:02,711 | INFO  | SCMAudit | user=jenkins1000 | ip=192.168.34.22 | op=SEND_HEARTBEAT {datanodeUUID=66ab6a68-e61f-4535-ab2f-12fe560929ed, command=[]} | ret=SUCCESS |  
2019-08-23 02:48:02,712 | INFO  | DNAudit | user=null | ip=null | op=WRITE_CHUNK {blockData=conID: 3 locID: 102664010307207610 bcsId: 1367} | ret=SUCCESS |  
2019-08-23 02:48:02,713 | INFO  | DNAudit | user=null | ip=null | op=PUT_BLOCK {blockData=[blockId=conID: 3 locID: 102664010307207610 bcsId: 0,size=3145728]} | ret=SUCCESS |  
2019-08-23 02:48:02,713 [grpc-default-executor-6] INFO  client.GrpcClientProtocolClient (GrpcClientProtocolClient.java:onNext(255)) - client-B268B4322F32->17750241-545b-4219-93a1-14a6ea3d85be: receive RaftClientReply:client-B268B4322F32->17750241-545b-4219-93a1-14a6ea3d85be@group-C33FBD9556F2, cid=1003, SUCCESS, logIndex=1371, commits[17750241-545b-4219-93a1-14a6ea3d85be:c1372, 4eaaa090-573e-41d3-9f8c-c99e236d806a:c1368, 5f4cf9ee-4bed-49de-adaa-861aec894328:c1368]
2019-08-23 02:48:02,714 [grpc-default-executor-6] INFO  client.GrpcClientProtocolClient (GrpcClientProtocolClient.java:onNext(255)) - client-B268B4322F32->17750241-545b-4219-93a1-14a6ea3d85be: receive RaftClientReply:client-B268B4322F32->17750241-545b-4219-93a1-14a6ea3d85be@group-C33FBD9556F2, cid=1004, SUCCESS, logIndex=1372, commits[17750241-545b-4219-93a1-14a6ea3d85be:c1372, 4eaaa090-573e-41d3-9f8c-c99e236d806a:c1368, 5f4cf9ee-4bed-49de-adaa-861aec894328:c1368]
2019-08-23 02:48:02,721 | INFO  | DNAudit | user=null | ip=null | op=WRITE_CHUNK {blockData=conID: 3 locID: 102664010307207610 bcsId: 1372} | ret=SUCCESS |  
2019-08-23 02:48:02,725 | INFO  | DNAudit | user=null | ip=null | op=WRITE_CHUNK {blockData=conID: 3 locID: 102664010307207610 bcsId: 1372} | ret=SUCCESS |  
2019-08-23 02:48:02,725 | INFO  | DNAudit | user=null | ip=null | op=WRITE_CHUNK {blockData=conID: 3 locID: 102664010307207610 bcsId: 1372} | ret=SUCCESS |  
2019-08-23 02:48:02,725 | INFO  | DNAudit | user=null | ip=null | op=WRITE_CHUNK {blockData=conID: 3 locID: 102664010307207610 bcsId: 1367} | ret=SUCCESS |  
2019-08-23 02:48:02,725 | INFO  | DNAudit | user=null | ip=null | op=WRITE_CHUNK {blockData=conID: 3 locID: 102664010307207610 bcsId: 1367} | ret=SUCCESS |  
2019-08-23 02:48:02,738 | INFO  | DNAudit | user=null | ip=null | op=PUT_BLOCK {blockData=[blockId=conID: 3 locID: 102664010307207610 bcsId: 0,size=3145728]} | ret=SUCCESS |  
2019-08-23 02:48:02,739 | INFO  | DNAudit | user=null | ip=null | op=PUT_BLOCK {blockData=[blockId=conID: 3 locID: 102664010307207610 bcsId: 0,size=3145728]} | ret=SUCCESS |  
2019-08-23 02:48:02,739 | INFO  | DNAudit | user=null | ip=null | op=WRITE_CHUNK {blockData=conID: 3 locID: 102664010307207610 bcsId: 1372} | ret=SUCCESS |  
2019-08-23 02:48:02,739 | INFO  | DNAudit | user=null | ip=null | op=PUT_BLOCK {blockData=[blockId=conID: 3 locID: 102664010307207610 bcsId: 0,size=4194304]} | ret=SUCCESS |  
2019-08-23 02:48:02,740 [grpc-default-executor-4] INFO  client.GrpcClientProtocolClient (GrpcClientProtocolClient.java:onNext(255)) - client-B268B4322F32->17750241-545b-4219-93a1-14a6ea3d85be: receive RaftClientReply:client-B268B4322F32->17750241-545b-4219-93a1-14a6ea3d85be@group-C33FBD9556F2, cid=1005, SUCCESS, logIndex=1375, commits[17750241-545b-4219-93a1-14a6ea3d85be:c1376, 4eaaa090-573e-41d3-9f8c-c99e236d806a:c1372, 5f4cf9ee-4bed-49de-adaa-861aec894328:c1372]
2019-08-23 02:48:02,740 [grpc-default-executor-4] INFO  client.GrpcClientProtocolClient (GrpcClientProtocolClient.java:onNext(255)) - client-B268B4322F32->17750241-545b-4219-93a1-14a6ea3d85be: receive RaftClientReply:client-B268B4322F32->17750241-545b-4219-93a1-14a6ea3d85be@group-C33FBD9556F2, cid=1006, SUCCESS, logIndex=1376, commits[17750241-545b-4219-93a1-14a6ea3d85be:c1376, 4eaaa090-573e-41d3-9f8c-c99e236d806a:c1372, 5f4cf9ee-4bed-49de-adaa-861aec894328:c1372]
2019-08-23 02:48:02,752 | INFO  | DNAudit | user=null | ip=null | op=WRITE_CHUNK {blockData=conID: 3 locID: 102664010307207610 bcsId: 1372} | ret=SUCCESS |  
2019-08-23 02:48:02,752 | INFO  | DNAudit | user=null | ip=null | op=WRITE_CHUNK {blockData=conID: 3 locID: 102664010307207610 bcsId: 1372} | ret=SUCCESS |  
2019-08-23 02:48:02,765 | INFO  | DNAudit | user=null | ip=null | op=PUT_BLOCK {blockData=[blockId=conID: 3 locID: 102664010307207610 bcsId: 0,size=4194304]} | ret=SUCCESS |  
2019-08-23 02:48:02,765 | INFO  | DNAudit | user=null | ip=null | op=PUT_BLOCK {blockData=[blockId=conID: 3 locID: 102664010307207610 bcsId: 0,size=4194304]} | ret=SUCCESS |  
2019-08-23 02:48:02,766 [grpc-default-executor-4] INFO  client.GrpcClientProtocolClient (GrpcClientProtocolClient.java:onNext(255)) - client-B268B4322F32->17750241-545b-4219-93a1-14a6ea3d85be: receive RaftClientReply:client-B268B4322F32->17750241-545b-4219-93a1-14a6ea3d85be@group-C33FBD9556F2, cid=1007, SUCCESS, logIndex=0, commits[17750241-545b-4219-93a1-14a6ea3d85be:c1378, 4eaaa090-573e-41d3-9f8c-c99e236d806a:c1376, 5f4cf9ee-4bed-49de-adaa-861aec894328:c1376]
2019-08-23 02:48:02,773 | INFO  | DNAudit | user=null | ip=null | op=WRITE_CHUNK {blockData=conID: 1 locID: 102664010307207611 bcsId: 0} | ret=SUCCESS |  
2019-08-23 02:48:02,776 | INFO  | DNAudit | user=null | ip=null | op=WRITE_CHUNK {blockData=conID: 1 locID: 102664010307207611 bcsId: 0} | ret=SUCCESS |  
2019-08-23 02:48:02,776 | INFO  | DNAudit | user=null | ip=null | op=WRITE_CHUNK {blockData=conID: 1 locID: 102664010307207611 bcsId: 0} | ret=SUCCESS |  
2019-08-23 02:48:02,777 | INFO  | DNAudit | user=null | ip=null | op=WRITE_CHUNK {blockData=conID: 1 locID: 102664010307207611 bcsId: 0} | ret=SUCCESS |  
2019-08-23 02:48:02,779 | INFO  | DNAudit | user=null | ip=null | op=WRITE_CHUNK {blockData=conID: 1 locID: 102664010307207611 bcsId: 0} | ret=SUCCESS |  
2019-08-23 02:48:02,780 | INFO  | DNAudit | user=null | ip=null | op=WRITE_CHUNK {blockData=conID: 1 locID: 102664010307207611 bcsId: 0} | ret=SUCCESS |  
2019-08-23 02:48:02,788 | INFO  | DNAudit | user=null | ip=null | op=WRITE_CHUNK {blockData=conID: 1 locID: 102664010307207611 bcsId: 0} | ret=SUCCESS |  
2019-08-23 02:48:02,788 | INFO  | DNAudit | user=null | ip=null | op=PUT_BLOCK {blockData=[blockId=conID: 1 locID: 102664010307207611 bcsId: 0,size=1048576]} | ret=SUCCESS |  
2019-08-23 02:48:02,789 [grpc-default-executor-5] INFO  client.GrpcClientProtocolClient (GrpcClientProtocolClient.java:onNext(255)) - client-B268B4322F32->17750241-545b-4219-93a1-14a6ea3d85be: receive RaftClientReply:client-B268B4322F32->17750241-545b-4219-93a1-14a6ea3d85be@group-C33FBD9556F2, cid=1008, SUCCESS, logIndex=1379, commits[17750241-545b-4219-93a1-14a6ea3d85be:c1380, 4eaaa090-573e-41d3-9f8c-c99e236d806a:c1378, 5f4cf9ee-4bed-49de-adaa-861aec894328:c1378]
2019-08-23 02:48:02,789 [grpc-default-executor-5] INFO  client.GrpcClientProtocolClient (GrpcClientProtocolClient.java:onNext(255)) - client-B268B4322F32->17750241-545b-4219-93a1-14a6ea3d85be: receive RaftClientReply:client-B268B4322F32->17750241-545b-4219-93a1-14a6ea3d85be@group-C33FBD9556F2, cid=1009, SUCCESS, logIndex=1380, commits[17750241-545b-4219-93a1-14a6ea3d85be:c1380, 4eaaa090-573e-41d3-9f8c-c99e236d806a:c1378, 5f4cf9ee-4bed-49de-adaa-861aec894328:c1378]
2019-08-23 02:48:02,792 | INFO  | SCMAudit | user=jenkins1000 | ip=192.168.34.22 | op=SEND_HEARTBEAT {datanodeUUID=0cedf437-a8af-4d70-bac5-ea9863093e86, command=[]} | ret=SUCCESS |  
2019-08-23 02:48:02,805 | INFO  | DNAudit | user=null | ip=null | op=WRITE_CHUNK {blockData=conID: 1 locID: 102664010307207611 bcsId: 0} | ret=SUCCESS |  
2019-08-23 02:48:02,806 | INFO  | DNAudit | user=null | ip=null | op=PUT_BLOCK {blockData=[blockId=conID: 1 locID: 102664010307207611 bcsId: 0,size=2097152]} | ret=SUCCESS |  
2019-08-23 02:48:02,806 [grpc-default-executor-6] INFO  client.GrpcClientProtocolClient (GrpcClientProtocolClient.java:onNext(255)) - client-B268B4322F32->17750241-545b-4219-93a1-14a6ea3d85be: receive RaftClientReply:client-B268B4322F32->17750241-545b-4219-93a1-14a6ea3d85be@group-C33FBD9556F2, cid=1010, SUCCESS, logIndex=1381, commits[17750241-545b-4219-93a1-14a6ea3d85be:c1382, 4eaaa090-573e-41d3-9f8c-c99e236d806a:c1378, 5f4cf9ee-4bed-49de-adaa-861aec894328:c1378]
2019-08-23 02:48:02,806 | INFO  | DNAudit | user=null | ip=null | op=WRITE_CHUNK {blockData=conID: 1 locID: 102664010307207611 bcsId: 0} | ret=SUCCESS |  
2019-08-23 02:48:02,806 [grpc-default-executor-6] INFO  client.GrpcClientProtocolClient (GrpcClientProtocolClient.java:onNext(255)) - client-B268B4322F32->17750241-545b-4219-93a1-14a6ea3d85be: receive RaftClientReply:client-B268B4322F32->17750241-545b-4219-93a1-14a6ea3d85be@group-C33FBD9556F2, cid=1011, SUCCESS, logIndex=1382, commits[17750241-545b-4219-93a1-14a6ea3d85be:c1382, 4eaaa090-573e-41d3-9f8c-c99e236d806a:c1378, 5f4cf9ee-4bed-49de-adaa-861aec894328:c1378]
2019-08-23 02:48:02,807 | INFO  | DNAudit | user=null | ip=null | op=PUT_BLOCK {blockData=[blockId=conID: 1 locID: 102664010307207611 bcsId: 0,size=1048576]} | ret=SUCCESS |  
2019-08-23 02:48:02,809 | INFO  | DNAudit | user=null | ip=null | op=WRITE_CHUNK {blockData=conID: 1 locID: 102664010307207611 bcsId: 0} | ret=SUCCESS |  
2019-08-23 02:48:02,809 | INFO  | DNAudit | user=null | ip=null | op=PUT_BLOCK {blockData=[blockId=conID: 1 locID: 102664010307207611 bcsId: 0,size=1048576]} | ret=SUCCESS |  
2019-08-23 02:48:02,809 [grpc-default-executor-6] INFO  client.GrpcClientProtocolClient (GrpcClientProtocolClient.java:onNext(255)) - client-B268B4322F32->17750241-545b-4219-93a1-14a6ea3d85be: receive RaftClientReply:client-B268B4322F32->17750241-545b-4219-93a1-14a6ea3d85be@group-C33FBD9556F2, cid=1012, SUCCESS, logIndex=0, commits[17750241-545b-4219-93a1-14a6ea3d85be:c1384, 4eaaa090-573e-41d3-9f8c-c99e236d806a:c1380, 5f4cf9ee-4bed-49de-adaa-861aec894328:c1380]
2019-08-23 02:48:02,815 | INFO  | DNAudit | user=null | ip=null | op=WRITE_CHUNK {blockData=conID: 1 locID: 102664010307207611 bcsId: 1382} | ret=SUCCESS |  
2019-08-23 02:48:02,818 | INFO  | DNAudit | user=null | ip=null | op=WRITE_CHUNK {blockData=conID: 1 locID: 102664010307207611 bcsId: 1382} | ret=SUCCESS |  
2019-08-23 02:48:02,818 | INFO  | DNAudit | user=null | ip=null | op=WRITE_CHUNK {blockData=conID: 1 locID: 102664010307207611 bcsId: 1382} | ret=SUCCESS |  
2019-08-23 02:48:02,819 | INFO  | DNAudit | user=null | ip=null | op=WRITE_CHUNK {blockData=conID: 1 locID: 102664010307207611 bcsId: 0} | ret=SUCCESS |  
2019-08-23 02:48:02,820 | INFO  | DNAudit | user=null | ip=null | op=PUT_BLOCK {blockData=[blockId=conID: 1 locID: 102664010307207611 bcsId: 0,size=2097152]} | ret=SUCCESS |  
2019-08-23 02:48:02,821 | INFO  | DNAudit | user=null | ip=null | op=WRITE_CHUNK {blockData=conID: 1 locID: 102664010307207611 bcsId: 0} | ret=SUCCESS |  
2019-08-23 02:48:02,822 | INFO  | DNAudit | user=null | ip=null | op=PUT_BLOCK {blockData=[blockId=conID: 1 locID: 102664010307207611 bcsId: 0,size=2097152]} | ret=SUCCESS |  
2019-08-23 02:48:02,824 | INFO  | DNAudit | user=null | ip=null | op=WRITE_CHUNK {blockData=conID: 1 locID: 102664010307207611 bcsId: 1382} | ret=SUCCESS |  
2019-08-23 02:48:02,825 | INFO  | DNAudit | user=null | ip=null | op=PUT_BLOCK {blockData=[blockId=conID: 1 locID: 102664010307207611 bcsId: 0,size=3145728]} | ret=SUCCESS |  
2019-08-23 02:48:02,825 [grpc-default-executor-5] INFO  client.GrpcClientProtocolClient (GrpcClientProtocolClient.java:onNext(255)) - client-B268B4322F32->17750241-545b-4219-93a1-14a6ea3d85be: receive RaftClientReply:client-B268B4322F32->17750241-545b-4219-93a1-14a6ea3d85be@group-C33FBD9556F2, cid=1013, SUCCESS, logIndex=1387, commits[17750241-545b-4219-93a1-14a6ea3d85be:c1388, 4eaaa090-573e-41d3-9f8c-c99e236d806a:c1384, 5f4cf9ee-4bed-49de-adaa-861aec894328:c1384]
2019-08-23 02:48:02,825 [grpc-default-executor-5] INFO  client.GrpcClientProtocolClient (GrpcClientProtocolClient.java:onNext(255)) - client-B268B4322F32->17750241-545b-4219-93a1-14a6ea3d85be: receive RaftClientReply:client-B268B4322F32->17750241-545b-4219-93a1-14a6ea3d85be@group-C33FBD9556F2, cid=1014, SUCCESS, logIndex=1388, commits[17750241-545b-4219-93a1-14a6ea3d85be:c1388, 4eaaa090-573e-41d3-9f8c-c99e236d806a:c1384, 5f4cf9ee-4bed-49de-adaa-861aec894328:c1384]
2019-08-23 02:48:02,828 | INFO  | DNAudit | user=null | ip=null | op=WRITE_CHUNK {blockData=conID: 1 locID: 102664010307207611 bcsId: 1382} | ret=SUCCESS |  
2019-08-23 02:48:02,828 | INFO  | DNAudit | user=null | ip=null | op=WRITE_CHUNK {blockData=conID: 1 locID: 102664010307207611 bcsId: 1382} | ret=SUCCESS |  
2019-08-23 02:48:02,828 | INFO  | DNAudit | user=null | ip=null | op=PUT_BLOCK {blockData=[blockId=conID: 1 locID: 102664010307207611 bcsId: 0,size=3145728]} | ret=SUCCESS |  
2019-08-23 02:48:02,828 | INFO  | DNAudit | user=null | ip=null | op=PUT_BLOCK {blockData=[blockId=conID: 1 locID: 102664010307207611 bcsId: 0,size=3145728]} | ret=SUCCESS |  
2019-08-23 02:48:02,832 | INFO  | DNAudit | user=null | ip=null | op=WRITE_CHUNK {blockData=conID: 1 locID: 102664010307207611 bcsId: 1388} | ret=SUCCESS |  
2019-08-23 02:48:02,834 | INFO  | DNAudit | user=null | ip=null | op=WRITE_CHUNK {blockData=conID: 1 locID: 102664010307207611 bcsId: 1388} | ret=SUCCESS |  
2019-08-23 02:48:02,834 | INFO  | DNAudit | user=null | ip=null | op=WRITE_CHUNK {blockData=conID: 1 locID: 102664010307207611 bcsId: 1388} | ret=SUCCESS |  
2019-08-23 02:48:02,850 | INFO  | DNAudit | user=null | ip=null | op=WRITE_CHUNK {blockData=conID: 1 locID: 102664010307207611 bcsId: 1388} | ret=SUCCESS |  
2019-08-23 02:48:02,850 | INFO  | DNAudit | user=null | ip=null | op=PUT_BLOCK {blockData=[blockId=conID: 1 locID: 102664010307207611 bcsId: 0,size=4194304]} | ret=SUCCESS |  
2019-08-23 02:48:02,850 [grpc-default-executor-5] INFO  client.GrpcClientProtocolClient (GrpcClientProtocolClient.java:onNext(255)) - client-B268B4322F32->17750241-545b-4219-93a1-14a6ea3d85be: receive RaftClientReply:client-B268B4322F32->17750241-545b-4219-93a1-14a6ea3d85be@group-C33FBD9556F2, cid=1015, SUCCESS, logIndex=1390, commits[17750241-545b-4219-93a1-14a6ea3d85be:c1391, 4eaaa090-573e-41d3-9f8c-c99e236d806a:c1389, 5f4cf9ee-4bed-49de-adaa-861aec894328:c1389]
2019-08-23 02:48:02,851 [grpc-default-executor-5] INFO  client.GrpcClientProtocolClient (GrpcClientProtocolClient.java:onNext(255)) - client-B268B4322F32->17750241-545b-4219-93a1-14a6ea3d85be: receive RaftClientReply:client-B268B4322F32->17750241-545b-4219-93a1-14a6ea3d85be@group-C33FBD9556F2, cid=1016, SUCCESS, logIndex=1391, commits[17750241-545b-4219-93a1-14a6ea3d85be:c1391, 4eaaa090-573e-41d3-9f8c-c99e236d806a:c1389, 5f4cf9ee-4bed-49de-adaa-861aec894328:c1389]
2019-08-23 02:48:02,874 | INFO  | DNAudit | user=null | ip=null | op=WRITE_CHUNK {blockData=conID: 1 locID: 102664010307207611 bcsId: 1388} | ret=SUCCESS |  
2019-08-23 02:48:02,874 | INFO  | DNAudit | user=null | ip=null | op=WRITE_CHUNK {blockData=conID: 1 locID: 102664010307207611 bcsId: 1388} | ret=SUCCESS |  
2019-08-23 02:48:02,875 | INFO  | DNAudit | user=null | ip=null | op=PUT_BLOCK {blockData=[blockId=conID: 1 locID: 102664010307207611 bcsId: 0,size=4194304]} | ret=SUCCESS |  
2019-08-23 02:48:02,875 | INFO  | DNAudit | user=null | ip=null | op=PUT_BLOCK {blockData=[blockId=conID: 1 locID: 102664010307207611 bcsId: 0,size=4194304]} | ret=SUCCESS |  
2019-08-23 02:48:02,875 [grpc-default-executor-5] INFO  client.GrpcClientProtocolClient (GrpcClientProtocolClient.java:onNext(255)) - client-B268B4322F32->17750241-545b-4219-93a1-14a6ea3d85be: receive RaftClientReply:client-B268B4322F32->17750241-545b-4219-93a1-14a6ea3d85be@group-C33FBD9556F2, cid=1017, SUCCESS, logIndex=0, commits[17750241-545b-4219-93a1-14a6ea3d85be:c1392, 4eaaa090-573e-41d3-9f8c-c99e236d806a:c1391, 5f4cf9ee-4bed-49de-adaa-861aec894328:c1391]
2019-08-23 02:48:02,884 | INFO  | DNAudit | user=null | ip=null | op=WRITE_CHUNK {blockData=conID: 2 locID: 102664010307207612 bcsId: 0} | ret=SUCCESS |  
2019-08-23 02:48:02,886 | INFO  | DNAudit | user=null | ip=null | op=WRITE_CHUNK {blockData=conID: 2 locID: 102664010307207612 bcsId: 0} | ret=SUCCESS |  
2019-08-23 02:48:02,887 | INFO  | DNAudit | user=null | ip=null | op=WRITE_CHUNK {blockData=conID: 2 locID: 102664010307207612 bcsId: 0} | ret=SUCCESS |  
2019-08-23 02:48:02,888 | INFO  | DNAudit | user=null | ip=null | op=WRITE_CHUNK {blockData=conID: 2 locID: 102664010307207612 bcsId: 0} | ret=SUCCESS |  
2019-08-23 02:48:02,889 | INFO  | DNAudit | user=null | ip=null | op=WRITE_CHUNK {blockData=conID: 2 locID: 102664010307207612 bcsId: 0} | ret=SUCCESS |  
2019-08-23 02:48:02,890 | INFO  | DNAudit | user=null | ip=null | op=WRITE_CHUNK {blockData=conID: 2 locID: 102664010307207612 bcsId: 0} | ret=SUCCESS |  
2019-08-23 02:48:02,898 | INFO  | DNAudit | user=null | ip=null | op=WRITE_CHUNK {blockData=conID: 2 locID: 102664010307207612 bcsId: 0} | ret=SUCCESS |  
2019-08-23 02:48:02,899 | INFO  | DNAudit | user=null | ip=null | op=PUT_BLOCK {blockData=[blockId=conID: 2 locID: 102664010307207612 bcsId: 0,size=1048576]} | ret=SUCCESS |  
2019-08-23 02:48:02,899 [grpc-default-executor-5] INFO  client.GrpcClientProtocolClient (GrpcClientProtocolClient.java:onNext(255)) - client-B268B4322F32->17750241-545b-4219-93a1-14a6ea3d85be: receive RaftClientReply:client-B268B4322F32->17750241-545b-4219-93a1-14a6ea3d85be@group-C33FBD9556F2, cid=1018, SUCCESS, logIndex=1394, commits[17750241-545b-4219-93a1-14a6ea3d85be:c1395, 4eaaa090-573e-41d3-9f8c-c99e236d806a:c1393, 5f4cf9ee-4bed-49de-adaa-861aec894328:c1393]
2019-08-23 02:48:02,900 [grpc-default-executor-5] INFO  client.GrpcClientProtocolClient (GrpcClientProtocolClient.java:onNext(255)) - client-B268B4322F32->17750241-545b-4219-93a1-14a6ea3d85be: receive RaftClientReply:client-B268B4322F32->17750241-545b-4219-93a1-14a6ea3d85be@group-C33FBD9556F2, cid=1019, SUCCESS, logIndex=1395, commits[17750241-545b-4219-93a1-14a6ea3d85be:c1395, 4eaaa090-573e-41d3-9f8c-c99e236d806a:c1393, 5f4cf9ee-4bed-49de-adaa-861aec894328:c1393]
2019-08-23 02:48:02,908 | INFO  | DNAudit | user=null | ip=null | op=WRITE_CHUNK {blockData=conID: 2 locID: 102664010307207612 bcsId: 0} | ret=SUCCESS |  
2019-08-23 02:48:02,908 | INFO  | DNAudit | user=null | ip=null | op=PUT_BLOCK {blockData=[blockId=conID: 2 locID: 102664010307207612 bcsId: 0,size=2097152]} | ret=SUCCESS |  
2019-08-23 02:48:02,909 [grpc-default-executor-5] INFO  client.GrpcClientProtocolClient (GrpcClientProtocolClient.java:onNext(255)) - client-B268B4322F32->17750241-545b-4219-93a1-14a6ea3d85be: receive RaftClientReply:client-B268B4322F32->17750241-545b-4219-93a1-14a6ea3d85be@group-C33FBD9556F2, cid=1020, SUCCESS, logIndex=1396, commits[17750241-545b-4219-93a1-14a6ea3d85be:c1397, 4eaaa090-573e-41d3-9f8c-c99e236d806a:c1393, 5f4cf9ee-4bed-49de-adaa-861aec894328:c1393]
2019-08-23 02:48:02,909 | INFO  | DNAudit | user=null | ip=null | op=WRITE_CHUNK {blockData=conID: 2 locID: 102664010307207612 bcsId: 0} | ret=SUCCESS |  
2019-08-23 02:48:02,909 | INFO  | DNAudit | user=null | ip=null | op=WRITE_CHUNK {blockData=conID: 2 locID: 102664010307207612 bcsId: 0} | ret=SUCCESS |  
2019-08-23 02:48:02,909 | INFO  | DNAudit | user=null | ip=null | op=PUT_BLOCK {blockData=[blockId=conID: 2 locID: 102664010307207612 bcsId: 0,size=1048576]} | ret=SUCCESS |  
2019-08-23 02:48:02,909 [grpc-default-executor-6] INFO  client.GrpcClientProtocolClient (GrpcClientProtocolClient.java:onNext(255)) - client-B268B4322F32->17750241-545b-4219-93a1-14a6ea3d85be: receive RaftClientReply:client-B268B4322F32->17750241-545b-4219-93a1-14a6ea3d85be@group-C33FBD9556F2, cid=1021, SUCCESS, logIndex=1397, commits[17750241-545b-4219-93a1-14a6ea3d85be:c1397, 4eaaa090-573e-41d3-9f8c-c99e236d806a:c1393, 5f4cf9ee-4bed-49de-adaa-861aec894328:c1393]
2019-08-23 02:48:02,909 | INFO  | DNAudit | user=null | ip=null | op=PUT_BLOCK {blockData=[blockId=conID: 2 locID: 102664010307207612 bcsId: 0,size=1048576]} | ret=SUCCESS |  
2019-08-23 02:48:02,911 [grpc-default-executor-6] INFO  client.GrpcClientProtocolClient (GrpcClientProtocolClient.java:onNext(255)) - client-B268B4322F32->17750241-545b-4219-93a1-14a6ea3d85be: receive RaftClientReply:client-B268B4322F32->17750241-545b-4219-93a1-14a6ea3d85be@group-C33FBD9556F2, cid=1022, SUCCESS, logIndex=0, commits[17750241-545b-4219-93a1-14a6ea3d85be:c1398, 4eaaa090-573e-41d3-9f8c-c99e236d806a:c1395, 5f4cf9ee-4bed-49de-adaa-861aec894328:c1395]
2019-08-23 02:48:02,919 | INFO  | DNAudit | user=null | ip=null | op=WRITE_CHUNK {blockData=conID: 2 locID: 102664010307207612 bcsId: 1397} | ret=SUCCESS |  
2019-08-23 02:48:02,921 | INFO  | DNAudit | user=null | ip=null | op=WRITE_CHUNK {blockData=conID: 2 locID: 102664010307207612 bcsId: 1397} | ret=SUCCESS |  
2019-08-23 02:48:02,922 | INFO  | DNAudit | user=null | ip=null | op=WRITE_CHUNK {blockData=conID: 2 locID: 102664010307207612 bcsId: 1397} | ret=SUCCESS |  
2019-08-23 02:48:02,933 | INFO  | DNAudit | user=null | ip=null | op=WRITE_CHUNK {blockData=conID: 2 locID: 102664010307207612 bcsId: 0} | ret=SUCCESS |  
2019-08-23 02:48:02,933 | INFO  | DNAudit | user=null | ip=null | op=WRITE_CHUNK {blockData=conID: 2 locID: 102664010307207612 bcsId: 0} | ret=SUCCESS |  
2019-08-23 02:48:02,933 | INFO  | DNAudit | user=null | ip=null | op=PUT_BLOCK {blockData=[blockId=conID: 2 locID: 102664010307207612 bcsId: 0,size=2097152]} | ret=SUCCESS |  
2019-08-23 02:48:02,933 | INFO  | DNAudit | user=null | ip=null | op=PUT_BLOCK {blockData=[blockId=conID: 2 locID: 102664010307207612 bcsId: 0,size=2097152]} | ret=SUCCESS |  
2019-08-23 02:48:02,933 | INFO  | DNAudit | user=null | ip=null | op=WRITE_CHUNK {blockData=conID: 2 locID: 102664010307207612 bcsId: 1397} | ret=SUCCESS |  
2019-08-23 02:48:02,934 | INFO  | DNAudit | user=null | ip=null | op=PUT_BLOCK {blockData=[blockId=conID: 2 locID: 102664010307207612 bcsId: 0,size=3145728]} | ret=SUCCESS |  
2019-08-23 02:48:02,934 [grpc-default-executor-5] INFO  client.GrpcClientProtocolClient (GrpcClientProtocolClient.java:onNext(255)) - client-B268B4322F32->17750241-545b-4219-93a1-14a6ea3d85be: receive RaftClientReply:client-B268B4322F32->17750241-545b-4219-93a1-14a6ea3d85be@group-C33FBD9556F2, cid=1023, SUCCESS, logIndex=1402, commits[17750241-545b-4219-93a1-14a6ea3d85be:c1403, 4eaaa090-573e-41d3-9f8c-c99e236d806a:c1401, 5f4cf9ee-4bed-49de-adaa-861aec894328:c1401]
2019-08-23 02:48:02,934 [grpc-default-executor-5] INFO  client.GrpcClientProtocolClient (GrpcClientProtocolClient.java:onNext(255)) - client-B268B4322F32->17750241-545b-4219-93a1-14a6ea3d85be: receive RaftClientReply:client-B268B4322F32->17750241-545b-4219-93a1-14a6ea3d85be@group-C33FBD9556F2, cid=1024, SUCCESS, logIndex=1403, commits[17750241-545b-4219-93a1-14a6ea3d85be:c1403, 4eaaa090-573e-41d3-9f8c-c99e236d806a:c1401, 5f4cf9ee-4bed-49de-adaa-861aec894328:c1401]
2019-08-23 02:48:02,942 | INFO  | DNAudit | user=null | ip=null | op=WRITE_CHUNK {blockData=conID: 2 locID: 102664010307207612 bcsId: 1403} | ret=SUCCESS |  
2019-08-23 02:48:02,945 | INFO  | DNAudit | user=null | ip=null | op=WRITE_CHUNK {blockData=conID: 2 locID: 102664010307207612 bcsId: 1403} | ret=SUCCESS |  
2019-08-23 02:48:02,945 | INFO  | DNAudit | user=null | ip=null | op=WRITE_CHUNK {blockData=conID: 2 locID: 102664010307207612 bcsId: 1403} | ret=SUCCESS |  
2019-08-23 02:48:02,947 | INFO  | DNAudit | user=null | ip=null | op=WRITE_CHUNK {blockData=conID: 2 locID: 102664010307207612 bcsId: 1397} | ret=SUCCESS |  
2019-08-23 02:48:02,947 | INFO  | DNAudit | user=null | ip=null | op=WRITE_CHUNK {blockData=conID: 2 locID: 102664010307207612 bcsId: 1397} | ret=SUCCESS |  
2019-08-23 02:48:02,958 | INFO  | DNAudit | user=null | ip=null | op=PUT_BLOCK {blockData=[blockId=conID: 2 locID: 102664010307207612 bcsId: 0,size=3145728]} | ret=SUCCESS |  
2019-08-23 02:48:02,958 | INFO  | DNAudit | user=null | ip=null | op=PUT_BLOCK {blockData=[blockId=conID: 2 locID: 102664010307207612 bcsId: 0,size=3145728]} | ret=SUCCESS |  
2019-08-23 02:48:02,959 | INFO  | DNAudit | user=null | ip=null | op=WRITE_CHUNK {blockData=conID: 2 locID: 102664010307207612 bcsId: 1403} | ret=SUCCESS |  
2019-08-23 02:48:02,959 | INFO  | DNAudit | user=null | ip=null | op=PUT_BLOCK {blockData=[blockId=conID: 2 locID: 102664010307207612 bcsId: 0,size=4194304]} | ret=SUCCESS |  
2019-08-23 02:48:02,959 [grpc-default-executor-6] INFO  client.GrpcClientProtocolClient (GrpcClientProtocolClient.java:onNext(255)) - client-B268B4322F32->17750241-545b-4219-93a1-14a6ea3d85be: receive RaftClientReply:client-B268B4322F32->17750241-545b-4219-93a1-14a6ea3d85be@group-C33FBD9556F2, cid=1025, SUCCESS, logIndex=1406, commits[17750241-545b-4219-93a1-14a6ea3d85be:c1407, 4eaaa090-573e-41d3-9f8c-c99e236d806a:c1403, 5f4cf9ee-4bed-49de-adaa-861aec894328:c1403]
2019-08-23 02:48:02,960 [grpc-default-executor-6] INFO  client.GrpcClientProtocolClient (GrpcClientProtocolClient.java:onNext(255)) - client-B268B4322F32->17750241-545b-4219-93a1-14a6ea3d85be: receive RaftClientReply:client-B268B4322F32->17750241-545b-4219-93a1-14a6ea3d85be@group-C33FBD9556F2, cid=1026, SUCCESS, logIndex=1407, commits[17750241-545b-4219-93a1-14a6ea3d85be:c1407, 4eaaa090-573e-41d3-9f8c-c99e236d806a:c1403, 5f4cf9ee-4bed-49de-adaa-861aec894328:c1403]
2019-08-23 02:48:02,972 | INFO  | DNAudit | user=null | ip=null | op=WRITE_CHUNK {blockData=conID: 2 locID: 102664010307207612 bcsId: 1403} | ret=SUCCESS |  
2019-08-23 02:48:02,972 | INFO  | DNAudit | user=null | ip=null | op=WRITE_CHUNK {blockData=conID: 2 locID: 102664010307207612 bcsId: 1403} | ret=SUCCESS |  
2019-08-23 02:48:02,973 | INFO  | DNAudit | user=null | ip=null | op=PUT_BLOCK {blockData=[blockId=conID: 2 locID: 102664010307207612 bcsId: 0,size=4194304]} | ret=SUCCESS |  
2019-08-23 02:48:02,973 | INFO  | DNAudit | user=null | ip=null | op=PUT_BLOCK {blockData=[blockId=conID: 2 locID: 102664010307207612 bcsId: 0,size=4194304]} | ret=SUCCESS |  
2019-08-23 02:48:02,973 [grpc-default-executor-2] INFO  client.GrpcClientProtocolClient (GrpcClientProtocolClient.java:onNext(255)) - client-B268B4322F32->17750241-545b-4219-93a1-14a6ea3d85be: receive RaftClientReply:client-B268B4322F32->17750241-545b-4219-93a1-14a6ea3d85be@group-C33FBD9556F2, cid=1027, SUCCESS, logIndex=0, commits[17750241-545b-4219-93a1-14a6ea3d85be:c1407, 4eaaa090-573e-41d3-9f8c-c99e236d806a:c1407, 5f4cf9ee-4bed-49de-adaa-861aec894328:c1407]
2019-08-23 02:48:02,980 | INFO  | DNAudit | user=null | ip=null | op=WRITE_CHUNK {blockData=conID: 3 locID: 102664010307207613 bcsId: 0} | ret=SUCCESS |  
2019-08-23 02:48:02,982 | INFO  | DNAudit | user=null | ip=null | op=WRITE_CHUNK {blockData=conID: 3 locID: 102664010307207613 bcsId: 0} | ret=SUCCESS |  
2019-08-23 02:48:02,982 | INFO  | DNAudit | user=null | ip=null | op=WRITE_CHUNK {blockData=conID: 3 locID: 102664010307207613 bcsId: 0} | ret=SUCCESS |  
2019-08-23 02:48:02,983 | INFO  | DNAudit | user=null | ip=null | op=WRITE_CHUNK {blockData=conID: 3 locID: 102664010307207613 bcsId: 0} | ret=SUCCESS |  
2019-08-23 02:48:02,984 | INFO  | DNAudit | user=null | ip=null | op=WRITE_CHUNK {blockData=conID: 3 locID: 102664010307207613 bcsId: 0} | ret=SUCCESS |  
2019-08-23 02:48:02,984 | INFO  | DNAudit | user=null | ip=null | op=WRITE_CHUNK {blockData=conID: 3 locID: 102664010307207613 bcsId: 0} | ret=SUCCESS |  
2019-08-23 02:48:02,985 | INFO  | DNAudit | user=null | ip=null | op=WRITE_CHUNK {blockData=conID: 3 locID: 102664010307207613 bcsId: 0} | ret=SUCCESS |  
2019-08-23 02:48:02,986 | INFO  | DNAudit | user=null | ip=null | op=PUT_BLOCK {blockData=[blockId=conID: 3 locID: 102664010307207613 bcsId: 0,size=1048576]} | ret=SUCCESS |  
2019-08-23 02:48:02,986 [grpc-default-executor-2] INFO  client.GrpcClientProtocolClient (GrpcClientProtocolClient.java:onNext(255)) - client-B268B4322F32->17750241-545b-4219-93a1-14a6ea3d85be: receive RaftClientReply:client-B268B4322F32->17750241-545b-4219-93a1-14a6ea3d85be@group-C33FBD9556F2, cid=1028, SUCCESS, logIndex=1410, commits[17750241-545b-4219-93a1-14a6ea3d85be:c1413, 4eaaa090-573e-41d3-9f8c-c99e236d806a:c1407, 5f4cf9ee-4bed-49de-adaa-861aec894328:c1408]
2019-08-23 02:48:02,986 | INFO  | DNAudit | user=null | ip=null | op=WRITE_CHUNK {blockData=conID: 3 locID: 102664010307207613 bcsId: 0} | ret=SUCCESS |  
2019-08-23 02:48:02,986 | INFO  | DNAudit | user=null | ip=null | op=PUT_BLOCK {blockData=[blockId=conID: 3 locID: 102664010307207613 bcsId: 0,size=2097152]} | ret=SUCCESS |  
2019-08-23 02:48:02,987 [grpc-default-executor-2] INFO  client.GrpcClientProtocolClient (GrpcClientProtocolClient.java:onNext(255)) - client-B268B4322F32->17750241-545b-4219-93a1-14a6ea3d85be: receive RaftClientReply:client-B268B4322F32->17750241-545b-4219-93a1-14a6ea3d85be@group-C33FBD9556F2, cid=1029, SUCCESS, logIndex=1411, commits[17750241-545b-4219-93a1-14a6ea3d85be:c1413, 4eaaa090-573e-41d3-9f8c-c99e236d806a:c1408, 5f4cf9ee-4bed-49de-adaa-861aec894328:c1408]
2019-08-23 02:48:02,987 [grpc-default-executor-2] INFO  client.GrpcClientProtocolClient (GrpcClientProtocolClient.java:onNext(255)) - client-B268B4322F32->17750241-545b-4219-93a1-14a6ea3d85be: receive RaftClientReply:client-B268B4322F32->17750241-545b-4219-93a1-14a6ea3d85be@group-C33FBD9556F2, cid=1030, SUCCESS, logIndex=1412, commits[17750241-545b-4219-93a1-14a6ea3d85be:c1413, 4eaaa090-573e-41d3-9f8c-c99e236d806a:c1408, 5f4cf9ee-4bed-49de-adaa-861aec894328:c1408]
2019-08-23 02:48:02,987 | INFO  | DNAudit | user=null | ip=null | op=WRITE_CHUNK {blockData=conID: 3 locID: 102664010307207613 bcsId: 0} | ret=SUCCESS |  
2019-08-23 02:48:02,987 | INFO  | DNAudit | user=null | ip=null | op=WRITE_CHUNK {blockData=conID: 3 locID: 102664010307207613 bcsId: 0} | ret=SUCCESS |  
2019-08-23 02:48:02,987 [grpc-default-executor-4] INFO  client.GrpcClientProtocolClient (GrpcClientProtocolClient.java:onNext(255)) - client-B268B4322F32->17750241-545b-4219-93a1-14a6ea3d85be: receive RaftClientReply:client-B268B4322F32->17750241-545b-4219-93a1-14a6ea3d85be@group-C33FBD9556F2, cid=1031, SUCCESS, logIndex=1413, commits[17750241-545b-4219-93a1-14a6ea3d85be:c1413, 4eaaa090-573e-41d3-9f8c-c99e236d806a:c1408, 5f4cf9ee-4bed-49de-adaa-861aec894328:c1408]
2019-08-23 02:48:02,987 | INFO  | DNAudit | user=null | ip=null | op=PUT_BLOCK {blockData=[blockId=conID: 3 locID: 102664010307207613 bcsId: 0,size=1048576]} | ret=SUCCESS |  
2019-08-23 02:48:02,987 | INFO  | DNAudit | user=null | ip=null | op=PUT_BLOCK {blockData=[blockId=conID: 3 locID: 102664010307207613 bcsId: 0,size=1048576]} | ret=SUCCESS |  
2019-08-23 02:48:02,988 | INFO  | DNAudit | user=null | ip=null | op=WRITE_CHUNK {blockData=conID: 3 locID: 102664010307207613 bcsId: 0} | ret=SUCCESS |  
2019-08-23 02:48:02,988 [grpc-default-executor-4] INFO  client.GrpcClientProtocolClient (GrpcClientProtocolClient.java:onNext(255)) - client-B268B4322F32->17750241-545b-4219-93a1-14a6ea3d85be: receive RaftClientReply:client-B268B4322F32->17750241-545b-4219-93a1-14a6ea3d85be@group-C33FBD9556F2, cid=1032, SUCCESS, logIndex=0, commits[17750241-545b-4219-93a1-14a6ea3d85be:c1415, 4eaaa090-573e-41d3-9f8c-c99e236d806a:c1412, 5f4cf9ee-4bed-49de-adaa-861aec894328:c1411]
2019-08-23 02:48:02,990 | INFO  | DNAudit | user=null | ip=null | op=WRITE_CHUNK {blockData=conID: 3 locID: 102664010307207613 bcsId: 0} | ret=SUCCESS |  
2019-08-23 02:48:02,990 | INFO  | DNAudit | user=null | ip=null | op=PUT_BLOCK {blockData=[blockId=conID: 3 locID: 102664010307207613 bcsId: 0,size=2097152]} | ret=SUCCESS |  
2019-08-23 02:48:02,990 | INFO  | DNAudit | user=null | ip=null | op=PUT_BLOCK {blockData=[blockId=conID: 3 locID: 102664010307207613 bcsId: 0,size=2097152]} | ret=SUCCESS |  
2019-08-23 02:48:02,994 | INFO  | DNAudit | user=null | ip=null | op=WRITE_CHUNK {blockData=conID: 3 locID: 102664010307207613 bcsId: 1413} | ret=SUCCESS |  
2019-08-23 02:48:02,996 | INFO  | DNAudit | user=null | ip=null | op=WRITE_CHUNK {blockData=conID: 3 locID: 102664010307207613 bcsId: 1413} | ret=SUCCESS |  
2019-08-23 02:48:02,997 | INFO  | DNAudit | user=null | ip=null | op=WRITE_CHUNK {blockData=conID: 3 locID: 102664010307207613 bcsId: 1413} | ret=SUCCESS |  
2019-08-23 02:48:03,007 | INFO  | DNAudit | user=null | ip=null | op=WRITE_CHUNK {blockData=conID: 3 locID: 102664010307207613 bcsId: 1413} | ret=SUCCESS |  
2019-08-23 02:48:03,007 | INFO  | DNAudit | user=null | ip=null | op=PUT_BLOCK {blockData=[blockId=conID: 3 locID: 102664010307207613 bcsId: 0,size=3145728]} | ret=SUCCESS |  
2019-08-23 02:48:03,007 [grpc-default-executor-2] INFO  client.GrpcClientProtocolClient (GrpcClientProtocolClient.java:onNext(255)) - client-B268B4322F32->17750241-545b-4219-93a1-14a6ea3d85be: receive RaftClientReply:client-B268B4322F32->17750241-545b-4219-93a1-14a6ea3d85be@group-C33FBD9556F2, cid=1033, SUCCESS, logIndex=1418, commits[17750241-545b-4219-93a1-14a6ea3d85be:c1419, 4eaaa090-573e-41d3-9f8c-c99e236d806a:c1417, 5f4cf9ee-4bed-49de-adaa-861aec894328:c1417]
2019-08-23 02:48:03,008 [grpc-default-executor-2] INFO  client.GrpcClientProtocolClient (GrpcClientProtocolClient.java:onNext(255)) - client-B268B4322F32->17750241-545b-4219-93a1-14a6ea3d85be: receive RaftClientReply:client-B268B4322F32->17750241-545b-4219-93a1-14a6ea3d85be@group-C33FBD9556F2, cid=1034, SUCCESS, logIndex=1419, commits[17750241-545b-4219-93a1-14a6ea3d85be:c1419, 4eaaa090-573e-41d3-9f8c-c99e236d806a:c1417, 5f4cf9ee-4bed-49de-adaa-861aec894328:c1417]
2019-08-23 02:48:03,013 | INFO  | DNAudit | user=null | ip=null | op=WRITE_CHUNK {blockData=conID: 3 locID: 102664010307207613 bcsId: 1419} | ret=SUCCESS |  
2019-08-23 02:48:03,016 | INFO  | DNAudit | user=null | ip=null | op=WRITE_CHUNK {blockData=conID: 3 locID: 102664010307207613 bcsId: 1419} | ret=SUCCESS |  
2019-08-23 02:48:03,016 | INFO  | DNAudit | user=null | ip=null | op=WRITE_CHUNK {blockData=conID: 3 locID: 102664010307207613 bcsId: 1419} | ret=SUCCESS |  
2019-08-23 02:48:03,020 | INFO  | DNAudit | user=null | ip=null | op=WRITE_CHUNK {blockData=conID: 3 locID: 102664010307207613 bcsId: 1413} | ret=SUCCESS |  
2019-08-23 02:48:03,020 | INFO  | DNAudit | user=null | ip=null | op=WRITE_CHUNK {blockData=conID: 3 locID: 102664010307207613 bcsId: 1413} | ret=SUCCESS |  
2019-08-23 02:48:03,020 | INFO  | DNAudit | user=null | ip=null | op=PUT_BLOCK {blockData=[blockId=conID: 3 locID: 102664010307207613 bcsId: 0,size=3145728]} | ret=SUCCESS |  
2019-08-23 02:48:03,020 | INFO  | DNAudit | user=null | ip=null | op=PUT_BLOCK {blockData=[blockId=conID: 3 locID: 102664010307207613 bcsId: 0,size=3145728]} | ret=SUCCESS |  
2019-08-23 02:48:03,023 | INFO  | DNAudit | user=null | ip=null | op=WRITE_CHUNK {blockData=conID: 3 locID: 102664010307207613 bcsId: 1419} | ret=SUCCESS |  
2019-08-23 02:48:03,024 | INFO  | DNAudit | user=null | ip=null | op=PUT_BLOCK {blockData=[blockId=conID: 3 locID: 102664010307207613 bcsId: 0,size=4194304]} | ret=SUCCESS |  
2019-08-23 02:48:03,024 [grpc-default-executor-6] INFO  client.GrpcClientProtocolClient (GrpcClientProtocolClient.java:onNext(255)) - client-B268B4322F32->17750241-545b-4219-93a1-14a6ea3d85be: receive RaftClientReply:client-B268B4322F32->17750241-545b-4219-93a1-14a6ea3d85be@group-C33FBD9556F2, cid=1035, SUCCESS, logIndex=1422, commits[17750241-545b-4219-93a1-14a6ea3d85be:c1423, 4eaaa090-573e-41d3-9f8c-c99e236d806a:c1419, 5f4cf9ee-4bed-49de-adaa-861aec894328:c1419]
2019-08-23 02:48:03,024 [grpc-default-executor-6] INFO  client.GrpcClientProtocolClient (GrpcClientProtocolClient.java:onNext(255)) - client-B268B4322F32->17750241-545b-4219-93a1-14a6ea3d85be: receive RaftClientReply:client-B268B4322F32->17750241-545b-4219-93a1-14a6ea3d85be@group-C33FBD9556F2, cid=1036, SUCCESS, logIndex=1423, commits[17750241-545b-4219-93a1-14a6ea3d85be:c1423, 4eaaa090-573e-41d3-9f8c-c99e236d806a:c1419, 5f4cf9ee-4bed-49de-adaa-861aec894328:c1419]
2019-08-23 02:48:03,026 | INFO  | DNAudit | user=null | ip=null | op=WRITE_CHUNK {blockData=conID: 3 locID: 102664010307207613 bcsId: 1419} | ret=SUCCESS |  
2019-08-23 02:48:03,027 | INFO  | DNAudit | user=null | ip=null | op=WRITE_CHUNK {blockData=conID: 3 locID: 102664010307207613 bcsId: 1419} | ret=SUCCESS |  
2019-08-23 02:48:03,030 | INFO  | DNAudit | user=null | ip=null | op=PUT_BLOCK {blockData=[blockId=conID: 3 locID: 102664010307207613 bcsId: 0,size=4194304]} | ret=SUCCESS |  
2019-08-23 02:48:03,030 | INFO  | DNAudit | user=null | ip=null | op=PUT_BLOCK {blockData=[blockId=conID: 3 locID: 102664010307207613 bcsId: 0,size=4194304]} | ret=SUCCESS |  
2019-08-23 02:48:03,030 [grpc-default-executor-6] INFO  client.GrpcClientProtocolClient (GrpcClientProtocolClient.java:onNext(255)) - client-B268B4322F32->17750241-545b-4219-93a1-14a6ea3d85be: receive RaftClientReply:client-B268B4322F32->17750241-545b-4219-93a1-14a6ea3d85be@group-C33FBD9556F2, cid=1037, SUCCESS, logIndex=0, commits[17750241-545b-4219-93a1-14a6ea3d85be:c1425, 4eaaa090-573e-41d3-9f8c-c99e236d806a:c1423, 5f4cf9ee-4bed-49de-adaa-861aec894328:c1423]
2019-08-23 02:48:03,036 | INFO  | DNAudit | user=null | ip=null | op=WRITE_CHUNK {blockData=conID: 1 locID: 102664010307207614 bcsId: 0} | ret=SUCCESS |  
2019-08-23 02:48:03,040 | INFO  | DNAudit | user=null | ip=null | op=WRITE_CHUNK {blockData=conID: 1 locID: 102664010307207614 bcsId: 0} | ret=SUCCESS |  
2019-08-23 02:48:03,040 | INFO  | DNAudit | user=null | ip=null | op=WRITE_CHUNK {blockData=conID: 1 locID: 102664010307207614 bcsId: 0} | ret=SUCCESS |  
2019-08-23 02:48:03,041 | INFO  | DNAudit | user=null | ip=null | op=WRITE_CHUNK {blockData=conID: 1 locID: 102664010307207614 bcsId: 0} | ret=SUCCESS |  
2019-08-23 02:48:03,043 | INFO  | DNAudit | user=null | ip=null | op=WRITE_CHUNK {blockData=conID: 1 locID: 102664010307207614 bcsId: 0} | ret=SUCCESS |  
2019-08-23 02:48:03,044 | INFO  | DNAudit | user=null | ip=null | op=WRITE_CHUNK {blockData=conID: 1 locID: 102664010307207614 bcsId: 0} | ret=SUCCESS |  
2019-08-23 02:48:03,049 | INFO  | DNAudit | user=null | ip=null | op=WRITE_CHUNK {blockData=conID: 1 locID: 102664010307207614 bcsId: 0} | ret=SUCCESS |  
2019-08-23 02:48:03,050 | INFO  | DNAudit | user=null | ip=null | op=PUT_BLOCK {blockData=[blockId=conID: 1 locID: 102664010307207614 bcsId: 0,size=1048576]} | ret=SUCCESS |  
2019-08-23 02:48:03,050 [grpc-default-executor-6] INFO  client.GrpcClientProtocolClient (GrpcClientProtocolClient.java:onNext(255)) - client-B268B4322F32->17750241-545b-4219-93a1-14a6ea3d85be: receive RaftClientReply:client-B268B4322F32->17750241-545b-4219-93a1-14a6ea3d85be@group-C33FBD9556F2, cid=1038, SUCCESS, logIndex=1426, commits[17750241-545b-4219-93a1-14a6ea3d85be:c1429, 4eaaa090-573e-41d3-9f8c-c99e236d806a:c1425, 5f4cf9ee-4bed-49de-adaa-861aec894328:c1425]
2019-08-23 02:48:03,050 | INFO  | DNAudit | user=null | ip=null | op=WRITE_CHUNK {blockData=conID: 1 locID: 102664010307207614 bcsId: 0} | ret=SUCCESS |  
2019-08-23 02:48:03,051 | INFO  | DNAudit | user=null | ip=null | op=PUT_BLOCK {blockData=[blockId=conID: 1 locID: 102664010307207614 bcsId: 0,size=2097152]} | ret=SUCCESS |  
2019-08-23 02:48:03,051 [grpc-default-executor-6] INFO  client.GrpcClientProtocolClient (GrpcClientProtocolClient.java:onNext(255)) - client-B268B4322F32->17750241-545b-4219-93a1-14a6ea3d85be: receive RaftClientReply:client-B268B4322F32->17750241-545b-4219-93a1-14a6ea3d85be@group-C33FBD9556F2, cid=1039, SUCCESS, logIndex=1427, commits[17750241-545b-4219-93a1-14a6ea3d85be:c1429, 4eaaa090-573e-41d3-9f8c-c99e236d806a:c1425, 5f4cf9ee-4bed-49de-adaa-861aec894328:c1425]
2019-08-23 02:48:03,051 | INFO  | DNAudit | user=null | ip=null | op=WRITE_CHUNK {blockData=conID: 1 locID: 102664010307207614 bcsId: 0} | ret=SUCCESS |  
2019-08-23 02:48:03,051 [grpc-default-executor-6] INFO  client.GrpcClientProtocolClient (GrpcClientProtocolClient.java:onNext(255)) - client-B268B4322F32->17750241-545b-4219-93a1-14a6ea3d85be: receive RaftClientReply:client-B268B4322F32->17750241-545b-4219-93a1-14a6ea3d85be@group-C33FBD9556F2, cid=1040, SUCCESS, logIndex=1428, commits[17750241-545b-4219-93a1-14a6ea3d85be:c1429, 4eaaa090-573e-41d3-9f8c-c99e236d806a:c1425, 5f4cf9ee-4bed-49de-adaa-861aec894328:c1425]
2019-08-23 02:48:03,051 | INFO  | DNAudit | user=null | ip=null | op=PUT_BLOCK {blockData=[blockId=conID: 1 locID: 102664010307207614 bcsId: 0,size=1048576]} | ret=SUCCESS |  
2019-08-23 02:48:03,052 [grpc-default-executor-6] INFO  client.GrpcClientProtocolClient (GrpcClientProtocolClient.java:onNext(255)) - client-B268B4322F32->17750241-545b-4219-93a1-14a6ea3d85be: receive RaftClientReply:client-B268B4322F32->17750241-545b-4219-93a1-14a6ea3d85be@group-C33FBD9556F2, cid=1041, SUCCESS, logIndex=1429, commits[17750241-545b-4219-93a1-14a6ea3d85be:c1429, 4eaaa090-573e-41d3-9f8c-c99e236d806a:c1425, 5f4cf9ee-4bed-49de-adaa-861aec894328:c1425]
2019-08-23 02:48:03,052 | INFO  | DNAudit | user=null | ip=null | op=WRITE_CHUNK {blockData=conID: 1 locID: 102664010307207614 bcsId: 0} | ret=SUCCESS |  
2019-08-23 02:48:03,052 | INFO  | DNAudit | user=null | ip=null | op=PUT_BLOCK {blockData=[blockId=conID: 1 locID: 102664010307207614 bcsId: 0,size=1048576]} | ret=SUCCESS |  
2019-08-23 02:48:03,052 | INFO  | DNAudit | user=null | ip=null | op=WRITE_CHUNK {blockData=conID: 1 locID: 102664010307207614 bcsId: 0} | ret=SUCCESS |  
2019-08-23 02:48:03,052 | INFO  | DNAudit | user=null | ip=null | op=PUT_BLOCK {blockData=[blockId=conID: 1 locID: 102664010307207614 bcsId: 0,size=2097152]} | ret=SUCCESS |  
2019-08-23 02:48:03,054 | INFO  | DNAudit | user=null | ip=null | op=WRITE_CHUNK {blockData=conID: 1 locID: 102664010307207614 bcsId: 0} | ret=SUCCESS |  
2019-08-23 02:48:03,054 | INFO  | DNAudit | user=null | ip=null | op=PUT_BLOCK {blockData=[blockId=conID: 1 locID: 102664010307207614 bcsId: 0,size=2097152]} | ret=SUCCESS |  
2019-08-23 02:48:03,054 [grpc-default-executor-6] INFO  client.GrpcClientProtocolClient (GrpcClientProtocolClient.java:onNext(255)) - client-B268B4322F32->17750241-545b-4219-93a1-14a6ea3d85be: receive RaftClientReply:client-B268B4322F32->17750241-545b-4219-93a1-14a6ea3d85be@group-C33FBD9556F2, cid=1042, SUCCESS, logIndex=0, commits[17750241-545b-4219-93a1-14a6ea3d85be:c1430, 4eaaa090-573e-41d3-9f8c-c99e236d806a:c1427, 5f4cf9ee-4bed-49de-adaa-861aec894328:c1427]
2019-08-23 02:48:03,062 | INFO  | DNAudit | user=null | ip=null | op=WRITE_CHUNK {blockData=conID: 1 locID: 102664010307207614 bcsId: 1429} | ret=SUCCESS |  
2019-08-23 02:48:03,064 | INFO  | DNAudit | user=null | ip=null | op=WRITE_CHUNK {blockData=conID: 1 locID: 102664010307207614 bcsId: 1429} | ret=SUCCESS |  
2019-08-23 02:48:03,065 | INFO  | DNAudit | user=null | ip=null | op=WRITE_CHUNK {blockData=conID: 1 locID: 102664010307207614 bcsId: 1429} | ret=SUCCESS |  
2019-08-23 02:48:03,066 | INFO  | DNAudit | user=null | ip=null | op=WRITE_CHUNK {blockData=conID: 1 locID: 102664010307207614 bcsId: 1429} | ret=SUCCESS |  
2019-08-23 02:48:03,067 | INFO  | DNAudit | user=null | ip=null | op=PUT_BLOCK {blockData=[blockId=conID: 1 locID: 102664010307207614 bcsId: 0,size=3145728]} | ret=SUCCESS |  
2019-08-23 02:48:03,067 [grpc-default-executor-2] INFO  client.GrpcClientProtocolClient (GrpcClientProtocolClient.java:onNext(255)) - client-B268B4322F32->17750241-545b-4219-93a1-14a6ea3d85be: receive RaftClientReply:client-B268B4322F32->17750241-545b-4219-93a1-14a6ea3d85be@group-C33FBD9556F2, cid=1043, SUCCESS, logIndex=1433, commits[17750241-545b-4219-93a1-14a6ea3d85be:c1434, 4eaaa090-573e-41d3-9f8c-c99e236d806a:c1432, 5f4cf9ee-4bed-49de-adaa-861aec894328:c1429]
2019-08-23 02:48:03,067 [grpc-default-executor-2] INFO  client.GrpcClientProtocolClient (GrpcClientProtocolClient.java:onNext(255)) - client-B268B4322F32->17750241-545b-4219-93a1-14a6ea3d85be: receive RaftClientReply:client-B268B4322F32->17750241-545b-4219-93a1-14a6ea3d85be@group-C33FBD9556F2, cid=1044, SUCCESS, logIndex=1434, commits[17750241-545b-4219-93a1-14a6ea3d85be:c1434, 4eaaa090-573e-41d3-9f8c-c99e236d806a:c1432, 5f4cf9ee-4bed-49de-adaa-861aec894328:c1432]
2019-08-23 02:48:03,070 | INFO  | DNAudit | user=null | ip=null | op=WRITE_CHUNK {blockData=conID: 1 locID: 102664010307207614 bcsId: 1429} | ret=SUCCESS |  
2019-08-23 02:48:03,070 | INFO  | DNAudit | user=null | ip=null | op=PUT_BLOCK {blockData=[blockId=conID: 1 locID: 102664010307207614 bcsId: 0,size=3145728]} | ret=SUCCESS |  
2019-08-23 02:48:03,070 | INFO  | DNAudit | user=null | ip=null | op=WRITE_CHUNK {blockData=conID: 1 locID: 102664010307207614 bcsId: 1429} | ret=SUCCESS |  
2019-08-23 02:48:03,070 | INFO  | DNAudit | user=null | ip=null | op=PUT_BLOCK {blockData=[blockId=conID: 1 locID: 102664010307207614 bcsId: 0,size=3145728]} | ret=SUCCESS |  
2019-08-23 02:48:03,073 | INFO  | DNAudit | user=null | ip=null | op=WRITE_CHUNK {blockData=conID: 1 locID: 102664010307207614 bcsId: 1434} | ret=SUCCESS |  
2019-08-23 02:48:03,075 | INFO  | DNAudit | user=null | ip=null | op=WRITE_CHUNK {blockData=conID: 1 locID: 102664010307207614 bcsId: 1434} | ret=SUCCESS |  
2019-08-23 02:48:03,075 | INFO  | DNAudit | user=null | ip=null | op=WRITE_CHUNK {blockData=conID: 1 locID: 102664010307207614 bcsId: 1434} | ret=SUCCESS |  
2019-08-23 02:48:03,077 | INFO  | DNAudit | user=null | ip=null | op=WRITE_CHUNK {blockData=conID: 1 locID: 102664010307207614 bcsId: 1434} | ret=SUCCESS |  
2019-08-23 02:48:03,078 | INFO  | DNAudit | user=null | ip=null | op=PUT_BLOCK {blockData=[blockId=conID: 1 locID: 102664010307207614 bcsId: 0,size=4194304]} | ret=SUCCESS |  
2019-08-23 02:48:03,078 [grpc-default-executor-4] INFO  client.GrpcClientProtocolClient (GrpcClientProtocolClient.java:onNext(255)) - client-B268B4322F32->17750241-545b-4219-93a1-14a6ea3d85be: receive RaftClientReply:client-B268B4322F32->17750241-545b-4219-93a1-14a6ea3d85be@group-C33FBD9556F2, cid=1045, SUCCESS, logIndex=1437, commits[17750241-545b-4219-93a1-14a6ea3d85be:c1438, 4eaaa090-573e-41d3-9f8c-c99e236d806a:c1436, 5f4cf9ee-4bed-49de-adaa-861aec894328:c1434]
2019-08-23 02:48:03,078 [grpc-default-executor-4] INFO  client.GrpcClientProtocolClient (GrpcClientProtocolClient.java:onNext(255)) - client-B268B4322F32->17750241-545b-4219-93a1-14a6ea3d85be: receive RaftClientReply:client-B268B4322F32->17750241-545b-4219-93a1-14a6ea3d85be@group-C33FBD9556F2, cid=1046, SUCCESS, logIndex=1438, commits[17750241-545b-4219-93a1-14a6ea3d85be:c1438, 4eaaa090-573e-41d3-9f8c-c99e236d806a:c1436, 5f4cf9ee-4bed-49de-adaa-861aec894328:c1436]
2019-08-23 02:48:03,078 | INFO  | DNAudit | user=null | ip=null | op=WRITE_CHUNK {blockData=conID: 1 locID: 102664010307207614 bcsId: 1434} | ret=SUCCESS |  
2019-08-23 02:48:03,078 | INFO  | DNAudit | user=null | ip=null | op=WRITE_CHUNK {blockData=conID: 1 locID: 102664010307207614 bcsId: 1434} | ret=SUCCESS |  
2019-08-23 02:48:03,079 | INFO  | DNAudit | user=null | ip=null | op=PUT_BLOCK {blockData=[blockId=conID: 1 locID: 102664010307207614 bcsId: 0,size=4194304]} | ret=SUCCESS |  
2019-08-23 02:48:03,079 | INFO  | DNAudit | user=null | ip=null | op=PUT_BLOCK {blockData=[blockId=conID: 1 locID: 102664010307207614 bcsId: 0,size=4194304]} | ret=SUCCESS |  
2019-08-23 02:48:03,079 [grpc-default-executor-6] INFO  client.GrpcClientProtocolClient (GrpcClientProtocolClient.java:onNext(255)) - client-B268B4322F32->17750241-545b-4219-93a1-14a6ea3d85be: receive RaftClientReply:client-B268B4322F32->17750241-545b-4219-93a1-14a6ea3d85be@group-C33FBD9556F2, cid=1047, SUCCESS, logIndex=0, commits[17750241-545b-4219-93a1-14a6ea3d85be:c1439, 4eaaa090-573e-41d3-9f8c-c99e236d806a:c1438, 5f4cf9ee-4bed-49de-adaa-861aec894328:c1438]
2019-08-23 02:48:03,085 | INFO  | DNAudit | user=null | ip=null | op=WRITE_CHUNK {blockData=conID: 2 locID: 102664010307207615 bcsId: 0} | ret=SUCCESS |  
2019-08-23 02:48:03,088 | INFO  | DNAudit | user=null | ip=null | op=WRITE_CHUNK {blockData=conID: 2 locID: 102664010307207615 bcsId: 0} | ret=SUCCESS |  
2019-08-23 02:48:03,088 | INFO  | DNAudit | user=null | ip=null | op=WRITE_CHUNK {blockData=conID: 2 locID: 102664010307207615 bcsId: 0} | ret=SUCCESS |  
2019-08-23 02:48:03,088 | INFO  | DNAudit | user=null | ip=null | op=WRITE_CHUNK {blockData=conID: 2 locID: 102664010307207615 bcsId: 0} | ret=SUCCESS |  
2019-08-23 02:48:03,089 | INFO  | DNAudit | user=null | ip=null | op=WRITE_CHUNK {blockData=conID: 2 locID: 102664010307207615 bcsId: 0} | ret=SUCCESS |  
2019-08-23 02:48:03,089 | INFO  | DNAudit | user=null | ip=null | op=WRITE_CHUNK {blockData=conID: 2 locID: 102664010307207615 bcsId: 0} | ret=SUCCESS |  
2019-08-23 02:48:03,097 | INFO  | DNAudit | user=null | ip=null | op=WRITE_CHUNK {blockData=conID: 2 locID: 102664010307207615 bcsId: 0} | ret=SUCCESS |  
2019-08-23 02:48:03,098 | INFO  | DNAudit | user=null | ip=null | op=PUT_BLOCK {blockData=[blockId=conID: 2 locID: 102664010307207615 bcsId: 0,size=1048576]} | ret=SUCCESS |  
2019-08-23 02:48:03,098 | INFO  | DNAudit | user=null | ip=null | op=WRITE_CHUNK {blockData=conID: 2 locID: 102664010307207615 bcsId: 0} | ret=SUCCESS |  
2019-08-23 02:48:03,098 [grpc-default-executor-6] INFO  client.GrpcClientProtocolClient (GrpcClientProtocolClient.java:onNext(255)) - client-B268B4322F32->17750241-545b-4219-93a1-14a6ea3d85be: receive RaftClientReply:client-B268B4322F32->17750241-545b-4219-93a1-14a6ea3d85be@group-C33FBD9556F2, cid=1048, SUCCESS, logIndex=1441, commits[17750241-545b-4219-93a1-14a6ea3d85be:c1442, 4eaaa090-573e-41d3-9f8c-c99e236d806a:c1440, 5f4cf9ee-4bed-49de-adaa-861aec894328:c1440]
2019-08-23 02:48:03,098 | INFO  | DNAudit | user=null | ip=null | op=PUT_BLOCK {blockData=[blockId=conID: 2 locID: 102664010307207615 bcsId: 0,size=2097152]} | ret=SUCCESS |  
2019-08-23 02:48:03,098 [grpc-default-executor-6] INFO  client.GrpcClientProtocolClient (GrpcClientProtocolClient.java:onNext(255)) - client-B268B4322F32->17750241-545b-4219-93a1-14a6ea3d85be: receive RaftClientReply:client-B268B4322F32->17750241-545b-4219-93a1-14a6ea3d85be@group-C33FBD9556F2, cid=1049, SUCCESS, logIndex=1442, commits[17750241-545b-4219-93a1-14a6ea3d85be:c1444, 4eaaa090-573e-41d3-9f8c-c99e236d806a:c1440, 5f4cf9ee-4bed-49de-adaa-861aec894328:c1440]
2019-08-23 02:48:03,099 [grpc-default-executor-6] INFO  client.GrpcClientProtocolClient (GrpcClientProtocolClient.java:onNext(255)) - client-B268B4322F32->17750241-545b-4219-93a1-14a6ea3d85be: receive RaftClientReply:client-B268B4322F32->17750241-545b-4219-93a1-14a6ea3d85be@group-C33FBD9556F2, cid=1050, SUCCESS, logIndex=1443, commits[17750241-545b-4219-93a1-14a6ea3d85be:c1444, 4eaaa090-573e-41d3-9f8c-c99e236d806a:c1440, 5f4cf9ee-4bed-49de-adaa-861aec894328:c1440]
2019-08-23 02:48:03,099 [grpc-default-executor-6] INFO  client.GrpcClientProtocolClient (GrpcClientProtocolClient.java:onNext(255)) - client-B268B4322F32->17750241-545b-4219-93a1-14a6ea3d85be: receive RaftClientReply:client-B268B4322F32->17750241-545b-4219-93a1-14a6ea3d85be@group-C33FBD9556F2, cid=1051, SUCCESS, logIndex=1444, commits[17750241-545b-4219-93a1-14a6ea3d85be:c1444, 4eaaa090-573e-41d3-9f8c-c99e236d806a:c1440, 5f4cf9ee-4bed-49de-adaa-861aec894328:c1440]
2019-08-23 02:48:03,101 | INFO  | DNAudit | user=null | ip=null | op=WRITE_CHUNK {blockData=conID: 2 locID: 102664010307207615 bcsId: 0} | ret=SUCCESS |  
2019-08-23 02:48:03,101 | INFO  | DNAudit | user=null | ip=null | op=WRITE_CHUNK {blockData=conID: 2 locID: 102664010307207615 bcsId: 0} | ret=SUCCESS |  
2019-08-23 02:48:03,101 | INFO  | DNAudit | user=null | ip=null | op=PUT_BLOCK {blockData=[blockId=conID: 2 locID: 102664010307207615 bcsId: 0,size=1048576]} | ret=SUCCESS |  
2019-08-23 02:48:03,104 | INFO  | DNAudit | user=null | ip=null | op=WRITE_CHUNK {blockData=conID: 2 locID: 102664010307207615 bcsId: 0} | ret=SUCCESS |  
2019-08-23 02:48:03,104 | INFO  | DNAudit | user=null | ip=null | op=PUT_BLOCK {blockData=[blockId=conID: 2 locID: 102664010307207615 bcsId: 0,size=1048576]} | ret=SUCCESS |  
2019-08-23 02:48:03,104 | INFO  | DNAudit | user=null | ip=null | op=PUT_BLOCK {blockData=[blockId=conID: 2 locID: 102664010307207615 bcsId: 0,size=2097152]} | ret=SUCCESS |  
2019-08-23 02:48:03,104 | INFO  | DNAudit | user=null | ip=null | op=WRITE_CHUNK {blockData=conID: 2 locID: 102664010307207615 bcsId: 0} | ret=SUCCESS |  
2019-08-23 02:48:03,104 | INFO  | DNAudit | user=null | ip=null | op=PUT_BLOCK {blockData=[blockId=conID: 2 locID: 102664010307207615 bcsId: 0,size=2097152]} | ret=SUCCESS |  
2019-08-23 02:48:03,105 [grpc-default-executor-6] INFO  client.GrpcClientProtocolClient (GrpcClientProtocolClient.java:onNext(255)) - client-B268B4322F32->17750241-545b-4219-93a1-14a6ea3d85be: receive RaftClientReply:client-B268B4322F32->17750241-545b-4219-93a1-14a6ea3d85be@group-C33FBD9556F2, cid=1052, SUCCESS, logIndex=0, commits[17750241-545b-4219-93a1-14a6ea3d85be:c1447, 4eaaa090-573e-41d3-9f8c-c99e236d806a:c1442, 5f4cf9ee-4bed-49de-adaa-861aec894328:c1444]
2019-08-23 02:48:03,111 | INFO  | DNAudit | user=null | ip=null | op=WRITE_CHUNK {blockData=conID: 2 locID: 102664010307207615 bcsId: 1444} | ret=SUCCESS |  
2019-08-23 02:48:03,113 | INFO  | DNAudit | user=null | ip=null | op=WRITE_CHUNK {blockData=conID: 2 locID: 102664010307207615 bcsId: 1444} | ret=SUCCESS |  
2019-08-23 02:48:03,113 | INFO  | DNAudit | user=null | ip=null | op=WRITE_CHUNK {blockData=conID: 2 locID: 102664010307207615 bcsId: 1444} | ret=SUCCESS |  
2019-08-23 02:48:03,137 | INFO  | DNAudit | user=null | ip=null | op=WRITE_CHUNK {blockData=conID: 2 locID: 102664010307207615 bcsId: 1444} | ret=SUCCESS |  
2019-08-23 02:48:03,137 | INFO  | DNAudit | user=null | ip=null | op=PUT_BLOCK {blockData=[blockId=conID: 2 locID: 102664010307207615 bcsId: 0,size=3145728]} | ret=SUCCESS |  
2019-08-23 02:48:03,137 [grpc-default-executor-6] INFO  client.GrpcClientProtocolClient (GrpcClientProtocolClient.java:onNext(255)) - client-B268B4322F32->17750241-545b-4219-93a1-14a6ea3d85be: receive RaftClientReply:client-B268B4322F32->17750241-545b-4219-93a1-14a6ea3d85be@group-C33FBD9556F2, cid=1053, SUCCESS, logIndex=1448, commits[17750241-545b-4219-93a1-14a6ea3d85be:c1449, 4eaaa090-573e-41d3-9f8c-c99e236d806a:c1447, 5f4cf9ee-4bed-49de-adaa-861aec894328:c1447]
2019-08-23 02:48:03,138 [grpc-default-executor-6] INFO  client.GrpcClientProtocolClient (GrpcClientProtocolClient.java:onNext(255)) - client-B268B4322F32->17750241-545b-4219-93a1-14a6ea3d85be: receive RaftClientReply:client-B268B4322F32->17750241-545b-4219-93a1-14a6ea3d85be@group-C33FBD9556F2, cid=1054, SUCCESS, logIndex=1449, commits[17750241-545b-4219-93a1-14a6ea3d85be:c1449, 4eaaa090-573e-41d3-9f8c-c99e236d806a:c1447, 5f4cf9ee-4bed-49de-adaa-861aec894328:c1447]
2019-08-23 02:48:03,145 | INFO  | DNAudit | user=null | ip=null | op=WRITE_CHUNK {blockData=conID: 2 locID: 102664010307207615 bcsId: 1449} | ret=SUCCESS |  
2019-08-23 02:48:03,147 | INFO  | DNAudit | user=null | ip=null | op=WRITE_CHUNK {blockData=conID: 2 locID: 102664010307207615 bcsId: 1449} | ret=SUCCESS |  
2019-08-23 02:48:03,147 | INFO  | DNAudit | user=null | ip=null | op=WRITE_CHUNK {blockData=conID: 2 locID: 102664010307207615 bcsId: 1449} | ret=SUCCESS |  
2019-08-23 02:48:03,154 | INFO  | DNAudit | user=null | ip=null | op=WRITE_CHUNK {blockData=conID: 2 locID: 102664010307207615 bcsId: 1444} | ret=SUCCESS |  
2019-08-23 02:48:03,154 | INFO  | DNAudit | user=null | ip=null | op=WRITE_CHUNK {blockData=conID: 2 locID: 102664010307207615 bcsId: 1444} | ret=SUCCESS |  
2019-08-23 02:48:03,154 | INFO  | DNAudit | user=null | ip=null | op=PUT_BLOCK {blockData=[blockId=conID: 2 locID: 102664010307207615 bcsId: 0,size=3145728]} | ret=SUCCESS |  
2019-08-23 02:48:03,155 | INFO  | DNAudit | user=null | ip=null | op=PUT_BLOCK {blockData=[blockId=conID: 2 locID: 102664010307207615 bcsId: 0,size=3145728]} | ret=SUCCESS |  
2019-08-23 02:48:03,155 | INFO  | DNAudit | user=null | ip=null | op=WRITE_CHUNK {blockData=conID: 2 locID: 102664010307207615 bcsId: 1449} | ret=SUCCESS |  
2019-08-23 02:48:03,292 [grpc-default-executor-4] INFO  client.GrpcClientProtocolClient (GrpcClientProtocolClient.java:onNext(255)) - client-B268B4322F32->17750241-545b-4219-93a1-14a6ea3d85be: receive RaftClientReply:client-B268B4322F32->17750241-545b-4219-93a1-14a6ea3d85be@group-C33FBD9556F2, cid=1055, SUCCESS, logIndex=1452, commits[17750241-545b-4219-93a1-14a6ea3d85be:c1453, 4eaaa090-573e-41d3-9f8c-c99e236d806a:c1449, 5f4cf9ee-4bed-49de-adaa-861aec894328:c1449]
2019-08-23 02:48:03,294 | INFO  | DNAudit | user=null | ip=null | op=PUT_BLOCK {blockData=[blockId=conID: 2 locID: 102664010307207615 bcsId: 0,size=4194304]} | ret=SUCCESS |  
2019-08-23 02:48:03,294 | INFO  | DNAudit | user=null | ip=null | op=WRITE_CHUNK {blockData=conID: 2 locID: 102664010307207615 bcsId: 1449} | ret=SUCCESS |  
2019-08-23 02:48:03,294 | INFO  | SCMAudit | user=jenkins1000 | ip=192.168.34.22 | op=SEND_HEARTBEAT {datanodeUUID=17750241-545b-4219-93a1-14a6ea3d85be, command=[]} | ret=SUCCESS |  
2019-08-23 02:48:03,294 | INFO  | SCMAudit | user=jenkins1000 | ip=192.168.34.22 | op=SEND_HEARTBEAT {datanodeUUID=5f4cf9ee-4bed-49de-adaa-861aec894328, command=[]} | ret=SUCCESS |  
2019-08-23 02:48:03,294 | INFO  | SCMAudit | user=jenkins1000 | ip=192.168.34.22 | op=SEND_HEARTBEAT {datanodeUUID=4eaaa090-573e-41d3-9f8c-c99e236d806a, command=[]} | ret=SUCCESS |  
2019-08-23 02:48:03,295 | INFO  | DNAudit | user=null | ip=null | op=PUT_BLOCK {blockData=[blockId=conID: 2 locID: 102664010307207615 bcsId: 0,size=4194304]} | ret=SUCCESS |  
2019-08-23 02:48:03,295 [grpc-default-executor-2] INFO  client.GrpcClientProtocolClient (GrpcClientProtocolClient.java:onNext(255)) - client-B268B4322F32->17750241-545b-4219-93a1-14a6ea3d85be: receive RaftClientReply:client-B268B4322F32->17750241-545b-4219-93a1-14a6ea3d85be@group-C33FBD9556F2, cid=1056, SUCCESS, logIndex=1453, commits[17750241-545b-4219-93a1-14a6ea3d85be:c1453, 4eaaa090-573e-41d3-9f8c-c99e236d806a:c1449, 5f4cf9ee-4bed-49de-adaa-861aec894328:c1449]
2019-08-23 02:48:03,307 | INFO  | DNAudit | user=null | ip=null | op=WRITE_CHUNK {blockData=conID: 2 locID: 102664010307207615 bcsId: 1449} | ret=SUCCESS |  
2019-08-23 02:48:03,310 | INFO  | DNAudit | user=null | ip=null | op=PUT_BLOCK {blockData=[blockId=conID: 2 locID: 102664010307207615 bcsId: 0,size=4194304]} | ret=SUCCESS |  
2019-08-23 02:48:03,311 [grpc-default-executor-2] INFO  client.GrpcClientProtocolClient (GrpcClientProtocolClient.java:onNext(255)) - client-B268B4322F32->17750241-545b-4219-93a1-14a6ea3d85be: receive RaftClientReply:client-B268B4322F32->17750241-545b-4219-93a1-14a6ea3d85be@group-C33FBD9556F2, cid=1057, SUCCESS, logIndex=0, commits[17750241-545b-4219-93a1-14a6ea3d85be:c1455, 4eaaa090-573e-41d3-9f8c-c99e236d806a:c1453, 5f4cf9ee-4bed-49de-adaa-861aec894328:c1453]
2019-08-23 02:48:03,319 | INFO  | DNAudit | user=null | ip=null | op=WRITE_CHUNK {blockData=conID: 3 locID: 102664010307273152 bcsId: 0} | ret=SUCCESS |  
2019-08-23 02:48:03,323 | INFO  | DNAudit | user=null | ip=null | op=WRITE_CHUNK {blockData=conID: 3 locID: 102664010307273152 bcsId: 0} | ret=SUCCESS |  
2019-08-23 02:48:03,324 | INFO  | DNAudit | user=null | ip=null | op=WRITE_CHUNK {blockData=conID: 3 locID: 102664010307273152 bcsId: 0} | ret=SUCCESS |  
2019-08-23 02:48:03,324 | INFO  | DNAudit | user=null | ip=null | op=WRITE_CHUNK {blockData=conID: 3 locID: 102664010307273152 bcsId: 0} | ret=SUCCESS |  
2019-08-23 02:48:03,326 | INFO  | DNAudit | user=null | ip=null | op=WRITE_CHUNK {blockData=conID: 3 locID: 102664010307273152 bcsId: 0} | ret=SUCCESS |  
2019-08-23 02:48:03,326 | INFO  | DNAudit | user=null | ip=null | op=WRITE_CHUNK {blockData=conID: 3 locID: 102664010307273152 bcsId: 0} | ret=SUCCESS |  
2019-08-23 02:48:03,334 | INFO  | DNAudit | user=null | ip=null | op=WRITE_CHUNK {blockData=conID: 3 locID: 102664010307273152 bcsId: 0} | ret=SUCCESS |  
2019-08-23 02:48:03,334 | INFO  | DNAudit | user=null | ip=null | op=PUT_BLOCK {blockData=[blockId=conID: 3 locID: 102664010307273152 bcsId: 0,size=1048576]} | ret=SUCCESS |  
2019-08-23 02:48:03,335 [grpc-default-executor-5] INFO  client.GrpcClientProtocolClient (GrpcClientProtocolClient.java:onNext(255)) - client-B268B4322F32->17750241-545b-4219-93a1-14a6ea3d85be: receive RaftClientReply:client-B268B4322F32->17750241-545b-4219-93a1-14a6ea3d85be@group-C33FBD9556F2, cid=1058, SUCCESS, logIndex=1456, commits[17750241-545b-4219-93a1-14a6ea3d85be:c1457, 4eaaa090-573e-41d3-9f8c-c99e236d806a:c1455, 5f4cf9ee-4bed-49de-adaa-861aec894328:c1455]
2019-08-23 02:48:03,335 [grpc-default-executor-5] INFO  client.GrpcClientProtocolClient (GrpcClientProtocolClient.java:onNext(255)) - client-B268B4322F32->17750241-545b-4219-93a1-14a6ea3d85be: receive RaftClientReply:client-B268B4322F32->17750241-545b-4219-93a1-14a6ea3d85be@group-C33FBD9556F2, cid=1059, SUCCESS, logIndex=1457, commits[17750241-545b-4219-93a1-14a6ea3d85be:c1457, 4eaaa090-573e-41d3-9f8c-c99e236d806a:c1455, 5f4cf9ee-4bed-49de-adaa-861aec894328:c1455]
2019-08-23 02:48:03,344 | INFO  | DNAudit | user=null | ip=null | op=WRITE_CHUNK {blockData=conID: 3 locID: 102664010307273152 bcsId: 0} | ret=SUCCESS |  
2019-08-23 02:48:03,344 | INFO  | DNAudit | user=null | ip=null | op=PUT_BLOCK {blockData=[blockId=conID: 3 locID: 102664010307273152 bcsId: 0,size=2097152]} | ret=SUCCESS |  
2019-08-23 02:48:03,344 [grpc-default-executor-5] INFO  client.GrpcClientProtocolClient (GrpcClientProtocolClient.java:onNext(255)) - client-B268B4322F32->17750241-545b-4219-93a1-14a6ea3d85be: receive RaftClientReply:client-B268B4322F32->17750241-545b-4219-93a1-14a6ea3d85be@group-C33FBD9556F2, cid=1060, SUCCESS, logIndex=1458, commits[17750241-545b-4219-93a1-14a6ea3d85be:c1459, 4eaaa090-573e-41d3-9f8c-c99e236d806a:c1455, 5f4cf9ee-4bed-49de-adaa-861aec894328:c1455]
2019-08-23 02:48:03,345 [grpc-default-executor-5] INFO  client.GrpcClientProtocolClient (GrpcClientProtocolClient.java:onNext(255)) - client-B268B4322F32->17750241-545b-4219-93a1-14a6ea3d85be: receive RaftClientReply:client-B268B4322F32->17750241-545b-4219-93a1-14a6ea3d85be@group-C33FBD9556F2, cid=1061, SUCCESS, logIndex=1459, commits[17750241-545b-4219-93a1-14a6ea3d85be:c1459, 4eaaa090-573e-41d3-9f8c-c99e236d806a:c1455, 5f4cf9ee-4bed-49de-adaa-861aec894328:c1455]
2019-08-23 02:48:03,346 | INFO  | DNAudit | user=null | ip=null | op=WRITE_CHUNK {blockData=conID: 3 locID: 102664010307273152 bcsId: 0} | ret=SUCCESS |  
2019-08-23 02:48:03,346 | INFO  | DNAudit | user=null | ip=null | op=WRITE_CHUNK {blockData=conID: 3 locID: 102664010307273152 bcsId: 0} | ret=SUCCESS |  
2019-08-23 02:48:03,359 | INFO  | DNAudit | user=null | ip=null | op=PUT_BLOCK {blockData=[blockId=conID: 3 locID: 102664010307273152 bcsId: 0,size=1048576]} | ret=SUCCESS |  
2019-08-23 02:48:03,359 | INFO  | DNAudit | user=null | ip=null | op=PUT_BLOCK {blockData=[blockId=conID: 3 locID: 102664010307273152 bcsId: 0,size=1048576]} | ret=SUCCESS |  
2019-08-23 02:48:03,360 [grpc-default-executor-5] INFO  client.GrpcClientProtocolClient (GrpcClientProtocolClient.java:onNext(255)) - client-B268B4322F32->17750241-545b-4219-93a1-14a6ea3d85be: receive RaftClientReply:client-B268B4322F32->17750241-545b-4219-93a1-14a6ea3d85be@group-C33FBD9556F2, cid=1062, SUCCESS, logIndex=0, commits[17750241-545b-4219-93a1-14a6ea3d85be:c1460, 4eaaa090-573e-41d3-9f8c-c99e236d806a:c1457, 5f4cf9ee-4bed-49de-adaa-861aec894328:c1457]
2019-08-23 02:48:03,369 | INFO  | DNAudit | user=null | ip=null | op=WRITE_CHUNK {blockData=conID: 3 locID: 102664010307273152 bcsId: 1459} | ret=SUCCESS |  
2019-08-23 02:48:03,372 | INFO  | DNAudit | user=null | ip=null | op=WRITE_CHUNK {blockData=conID: 3 locID: 102664010307273152 bcsId: 1459} | ret=SUCCESS |  
2019-08-23 02:48:03,373 | INFO  | DNAudit | user=null | ip=null | op=WRITE_CHUNK {blockData=conID: 3 locID: 102664010307273152 bcsId: 1459} | ret=SUCCESS |  
2019-08-23 02:48:03,381 | INFO  | DNAudit | user=null | ip=null | op=WRITE_CHUNK {blockData=conID: 3 locID: 102664010307273152 bcsId: 0} | ret=SUCCESS |  
2019-08-23 02:48:03,381 | INFO  | DNAudit | user=null | ip=null | op=WRITE_CHUNK {blockData=conID: 3 locID: 102664010307273152 bcsId: 0} | ret=SUCCESS |  
2019-08-23 02:48:03,381 | INFO  | DNAudit | user=null | ip=null | op=PUT_BLOCK {blockData=[blockId=conID: 3 locID: 102664010307273152 bcsId: 0,size=2097152]} | ret=SUCCESS |  
2019-08-23 02:48:03,381 | INFO  | DNAudit | user=null | ip=null | op=PUT_BLOCK {blockData=[blockId=conID: 3 locID: 102664010307273152 bcsId: 0,size=2097152]} | ret=SUCCESS |  
2019-08-23 02:48:03,381 | INFO  | DNAudit | user=null | ip=null | op=WRITE_CHUNK {blockData=conID: 3 locID: 102664010307273152 bcsId: 1459} | ret=SUCCESS |  
2019-08-23 02:48:03,382 | INFO  | DNAudit | user=null | ip=null | op=PUT_BLOCK {blockData=[blockId=conID: 3 locID: 102664010307273152 bcsId: 0,size=3145728]} | ret=SUCCESS |  
2019-08-23 02:48:03,382 [grpc-default-executor-4] INFO  client.GrpcClientProtocolClient (GrpcClientProtocolClient.java:onNext(255)) - client-B268B4322F32->17750241-545b-4219-93a1-14a6ea3d85be: receive RaftClientReply:client-B268B4322F32->17750241-545b-4219-93a1-14a6ea3d85be@group-C33FBD9556F2, cid=1063, SUCCESS, logIndex=1464, commits[17750241-545b-4219-93a1-14a6ea3d85be:c1465, 4eaaa090-573e-41d3-9f8c-c99e236d806a:c1463, 5f4cf9ee-4bed-49de-adaa-861aec894328:c1463]
2019-08-23 02:48:03,382 [grpc-default-executor-4] INFO  client.GrpcClientProtocolClient (GrpcClientProtocolClient.java:onNext(255)) - client-B268B4322F32->17750241-545b-4219-93a1-14a6ea3d85be: receive RaftClientReply:client-B268B4322F32->17750241-545b-4219-93a1-14a6ea3d85be@group-C33FBD9556F2, cid=1064, SUCCESS, logIndex=1465, commits[17750241-545b-4219-93a1-14a6ea3d85be:c1465, 4eaaa090-573e-41d3-9f8c-c99e236d806a:c1463, 5f4cf9ee-4bed-49de-adaa-861aec894328:c1463]
2019-08-23 02:48:03,389 | INFO  | DNAudit | user=null | ip=null | op=WRITE_CHUNK {blockData=conID: 3 locID: 102664010307273152 bcsId: 1465} | ret=SUCCESS |  
2019-08-23 02:48:03,392 | INFO  | DNAudit | user=null | ip=null | op=WRITE_CHUNK {blockData=conID: 3 locID: 102664010307273152 bcsId: 1465} | ret=SUCCESS |  
2019-08-23 02:48:03,392 | INFO  | DNAudit | user=null | ip=null | op=WRITE_CHUNK {blockData=conID: 3 locID: 102664010307273152 bcsId: 1465} | ret=SUCCESS |  
2019-08-23 02:48:03,392 | INFO  | DNAudit | user=null | ip=null | op=WRITE_CHUNK {blockData=conID: 3 locID: 102664010307273152 bcsId: 1459} | ret=SUCCESS |  
2019-08-23 02:48:03,392 | INFO  | DNAudit | user=null | ip=null | op=WRITE_CHUNK {blockData=conID: 3 locID: 102664010307273152 bcsId: 1459} | ret=SUCCESS |  
2019-08-23 02:48:03,393 | INFO  | DNAudit | user=null | ip=null | op=PUT_BLOCK {blockData=[blockId=conID: 3 locID: 102664010307273152 bcsId: 0,size=3145728]} | ret=SUCCESS |  
2019-08-23 02:48:03,394 | INFO  | DNAudit | user=null | ip=null | op=WRITE_CHUNK {blockData=conID: 3 locID: 102664010307273152 bcsId: 1465} | ret=SUCCESS |  
2019-08-23 02:48:03,394 | INFO  | DNAudit | user=null | ip=null | op=PUT_BLOCK {blockData=[blockId=conID: 3 locID: 102664010307273152 bcsId: 0,size=3145728]} | ret=SUCCESS |  
2019-08-23 02:48:03,394 | INFO  | DNAudit | user=null | ip=null | op=PUT_BLOCK {blockData=[blockId=conID: 3 locID: 102664010307273152 bcsId: 0,size=4194304]} | ret=SUCCESS |  
2019-08-23 02:48:03,394 [grpc-default-executor-5] INFO  client.GrpcClientProtocolClient (GrpcClientProtocolClient.java:onNext(255)) - client-B268B4322F32->17750241-545b-4219-93a1-14a6ea3d85be: receive RaftClientReply:client-B268B4322F32->17750241-545b-4219-93a1-14a6ea3d85be@group-C33FBD9556F2, cid=1065, SUCCESS, logIndex=1468, commits[17750241-545b-4219-93a1-14a6ea3d85be:c1469, 4eaaa090-573e-41d3-9f8c-c99e236d806a:c1465, 5f4cf9ee-4bed-49de-adaa-861aec894328:c1464]
2019-08-23 02:48:03,395 [grpc-default-executor-5] INFO  client.GrpcClientProtocolClient (GrpcClientProtocolClient.java:onNext(255)) - client-B268B4322F32->17750241-545b-4219-93a1-14a6ea3d85be: receive RaftClientReply:client-B268B4322F32->17750241-545b-4219-93a1-14a6ea3d85be@group-C33FBD9556F2, cid=1066, SUCCESS, logIndex=1469, commits[17750241-545b-4219-93a1-14a6ea3d85be:c1469, 4eaaa090-573e-41d3-9f8c-c99e236d806a:c1465, 5f4cf9ee-4bed-49de-adaa-861aec894328:c1465]
2019-08-23 02:48:03,395 | INFO  | DNAudit | user=null | ip=null | op=WRITE_CHUNK {blockData=conID: 3 locID: 102664010307273152 bcsId: 1465} | ret=SUCCESS |  
2019-08-23 02:48:03,397 | INFO  | DNAudit | user=null | ip=null | op=WRITE_CHUNK {blockData=conID: 3 locID: 102664010307273152 bcsId: 1465} | ret=SUCCESS |  
2019-08-23 02:48:03,398 | INFO  | DNAudit | user=null | ip=null | op=PUT_BLOCK {blockData=[blockId=conID: 3 locID: 102664010307273152 bcsId: 0,size=4194304]} | ret=SUCCESS |  
2019-08-23 02:48:03,409 | INFO  | DNAudit | user=null | ip=null | op=PUT_BLOCK {blockData=[blockId=conID: 3 locID: 102664010307273152 bcsId: 0,size=4194304]} | ret=SUCCESS |  
2019-08-23 02:48:03,409 [grpc-default-executor-5] INFO  client.GrpcClientProtocolClient (GrpcClientProtocolClient.java:onNext(255)) - client-B268B4322F32->17750241-545b-4219-93a1-14a6ea3d85be: receive RaftClientReply:client-B268B4322F32->17750241-545b-4219-93a1-14a6ea3d85be@group-C33FBD9556F2, cid=1067, SUCCESS, logIndex=0, commits[17750241-545b-4219-93a1-14a6ea3d85be:c1471, 4eaaa090-573e-41d3-9f8c-c99e236d806a:c1469, 5f4cf9ee-4bed-49de-adaa-861aec894328:c1469]
2019-08-23 02:48:03,418 | INFO  | DNAudit | user=null | ip=null | op=WRITE_CHUNK {blockData=conID: 1 locID: 102664010307273153 bcsId: 0} | ret=SUCCESS |  
2019-08-23 02:48:03,418 | INFO  | DNAudit | user=null | ip=null | op=WRITE_CHUNK {blockData=conID: 1 locID: 102664010307273153 bcsId: 0} | ret=SUCCESS |  
2019-08-23 02:48:03,420 | INFO  | DNAudit | user=null | ip=null | op=WRITE_CHUNK {blockData=conID: 1 locID: 102664010307273153 bcsId: 0} | ret=SUCCESS |  
2019-08-23 02:48:03,421 | INFO  | DNAudit | user=null | ip=null | op=WRITE_CHUNK {blockData=conID: 1 locID: 102664010307273153 bcsId: 0} | ret=SUCCESS |  
2019-08-23 02:48:03,421 | INFO  | DNAudit | user=null | ip=null | op=WRITE_CHUNK {blockData=conID: 1 locID: 102664010307273153 bcsId: 0} | ret=SUCCESS |  
2019-08-23 02:48:03,424 | INFO  | DNAudit | user=null | ip=null | op=WRITE_CHUNK {blockData=conID: 1 locID: 102664010307273153 bcsId: 0} | ret=SUCCESS |  
2019-08-23 02:48:03,431 | INFO  | DNAudit | user=null | ip=null | op=WRITE_CHUNK {blockData=conID: 1 locID: 102664010307273153 bcsId: 0} | ret=SUCCESS |  
2019-08-23 02:48:03,432 | INFO  | DNAudit | user=null | ip=null | op=PUT_BLOCK {blockData=[blockId=conID: 1 locID: 102664010307273153 bcsId: 0,size=1048576]} | ret=SUCCESS |  
2019-08-23 02:48:03,432 [grpc-default-executor-5] INFO  client.GrpcClientProtocolClient (GrpcClientProtocolClient.java:onNext(255)) - client-B268B4322F32->17750241-545b-4219-93a1-14a6ea3d85be: receive RaftClientReply:client-B268B4322F32->17750241-545b-4219-93a1-14a6ea3d85be@group-C33FBD9556F2, cid=1068, SUCCESS, logIndex=1472, commits[17750241-545b-4219-93a1-14a6ea3d85be:c1475, 4eaaa090-573e-41d3-9f8c-c99e236d806a:c1471, 5f4cf9ee-4bed-49de-adaa-861aec894328:c1471]
2019-08-23 02:48:03,432 | INFO  | DNAudit | user=null | ip=null | op=WRITE_CHUNK {blockData=conID: 1 locID: 102664010307273153 bcsId: 0} | ret=SUCCESS |  
2019-08-23 02:48:03,433 | INFO  | DNAudit | user=null | ip=null | op=PUT_BLOCK {blockData=[blockId=conID: 1 locID: 102664010307273153 bcsId: 0,size=2097152]} | ret=SUCCESS |  
2019-08-23 02:48:03,433 [grpc-default-executor-5] INFO  client.GrpcClientProtocolClient (GrpcClientProtocolClient.java:onNext(255)) - client-B268B4322F32->17750241-545b-4219-93a1-14a6ea3d85be: receive RaftClientReply:client-B268B4322F32->17750241-545b-4219-93a1-14a6ea3d85be@group-C33FBD9556F2, cid=1069, SUCCESS, logIndex=1473, commits[17750241-545b-4219-93a1-14a6ea3d85be:c1475, 4eaaa090-573e-41d3-9f8c-c99e236d806a:c1471, 5f4cf9ee-4bed-49de-adaa-861aec894328:c1471]
2019-08-23 02:48:03,433 [grpc-default-executor-5] INFO  client.GrpcClientProtocolClient (GrpcClientProtocolClient.java:onNext(255)) - client-B268B4322F32->17750241-545b-4219-93a1-14a6ea3d85be: receive RaftClientReply:client-B268B4322F32->17750241-545b-4219-93a1-14a6ea3d85be@group-C33FBD9556F2, cid=1070, SUCCESS, logIndex=1474, commits[17750241-545b-4219-93a1-14a6ea3d85be:c1475, 4eaaa090-573e-41d3-9f8c-c99e236d806a:c1471, 5f4cf9ee-4bed-49de-adaa-861aec894328:c1471]
2019-08-23 02:48:03,433 [grpc-default-executor-5] INFO  client.GrpcClientProtocolClient (GrpcClientProtocolClient.java:onNext(255)) - client-B268B4322F32->17750241-545b-4219-93a1-14a6ea3d85be: receive RaftClientReply:client-B268B4322F32->17750241-545b-4219-93a1-14a6ea3d85be@group-C33FBD9556F2, cid=1071, SUCCESS, logIndex=1475, commits[17750241-545b-4219-93a1-14a6ea3d85be:c1475, 4eaaa090-573e-41d3-9f8c-c99e236d806a:c1471, 5f4cf9ee-4bed-49de-adaa-861aec894328:c1471]
2019-08-23 02:48:03,434 | INFO  | DNAudit | user=null | ip=null | op=WRITE_CHUNK {blockData=conID: 1 locID: 102664010307273153 bcsId: 0} | ret=SUCCESS |  
2019-08-23 02:48:03,435 | INFO  | DNAudit | user=null | ip=null | op=WRITE_CHUNK {blockData=conID: 1 locID: 102664010307273153 bcsId: 0} | ret=SUCCESS |  
2019-08-23 02:48:03,447 | INFO  | DNAudit | user=null | ip=null | op=PUT_BLOCK {blockData=[blockId=conID: 1 locID: 102664010307273153 bcsId: 0,size=1048576]} | ret=SUCCESS |  
2019-08-23 02:48:03,447 | INFO  | DNAudit | user=null | ip=null | op=PUT_BLOCK {blockData=[blockId=conID: 1 locID: 102664010307273153 bcsId: 0,size=1048576]} | ret=SUCCESS |  
2019-08-23 02:48:03,448 | INFO  | DNAudit | user=null | ip=null | op=WRITE_CHUNK {blockData=conID: 1 locID: 102664010307273153 bcsId: 0} | ret=SUCCESS |  
2019-08-23 02:48:03,448 | INFO  | DNAudit | user=null | ip=null | op=WRITE_CHUNK {blockData=conID: 1 locID: 102664010307273153 bcsId: 0} | ret=SUCCESS |  
2019-08-23 02:48:03,448 | INFO  | DNAudit | user=null | ip=null | op=PUT_BLOCK {blockData=[blockId=conID: 1 locID: 102664010307273153 bcsId: 0,size=2097152]} | ret=SUCCESS |  
2019-08-23 02:48:03,448 | INFO  | DNAudit | user=null | ip=null | op=PUT_BLOCK {blockData=[blockId=conID: 1 locID: 102664010307273153 bcsId: 0,size=2097152]} | ret=SUCCESS |  
2019-08-23 02:48:03,448 [grpc-default-executor-5] INFO  client.GrpcClientProtocolClient (GrpcClientProtocolClient.java:onNext(255)) - client-B268B4322F32->17750241-545b-4219-93a1-14a6ea3d85be: receive RaftClientReply:client-B268B4322F32->17750241-545b-4219-93a1-14a6ea3d85be@group-C33FBD9556F2, cid=1072, SUCCESS, logIndex=0, commits[17750241-545b-4219-93a1-14a6ea3d85be:c1477, 4eaaa090-573e-41d3-9f8c-c99e236d806a:c1473, 5f4cf9ee-4bed-49de-adaa-861aec894328:c1473]
2019-08-23 02:48:03,454 | INFO  | DNAudit | user=null | ip=null | op=WRITE_CHUNK {blockData=conID: 1 locID: 102664010307273153 bcsId: 1475} | ret=SUCCESS |  
2019-08-23 02:48:03,457 | INFO  | DNAudit | user=null | ip=null | op=WRITE_CHUNK {blockData=conID: 1 locID: 102664010307273153 bcsId: 1475} | ret=SUCCESS |  
2019-08-23 02:48:03,457 | INFO  | DNAudit | user=null | ip=null | op=WRITE_CHUNK {blockData=conID: 1 locID: 102664010307273153 bcsId: 1475} | ret=SUCCESS |  
2019-08-23 02:48:03,468 | INFO  | DNAudit | user=null | ip=null | op=WRITE_CHUNK {blockData=conID: 1 locID: 102664010307273153 bcsId: 1475} | ret=SUCCESS |  
2019-08-23 02:48:03,471 | INFO  | DNAudit | user=null | ip=null | op=PUT_BLOCK {blockData=[blockId=conID: 1 locID: 102664010307273153 bcsId: 0,size=3145728]} | ret=SUCCESS |  
2019-08-23 02:48:03,471 [grpc-default-executor-5] INFO  client.GrpcClientProtocolClient (GrpcClientProtocolClient.java:onNext(255)) - client-B268B4322F32->17750241-545b-4219-93a1-14a6ea3d85be: receive RaftClientReply:client-B268B4322F32->17750241-545b-4219-93a1-14a6ea3d85be@group-C33FBD9556F2, cid=1073, SUCCESS, logIndex=1480, commits[17750241-545b-4219-93a1-14a6ea3d85be:c1481, 4eaaa090-573e-41d3-9f8c-c99e236d806a:c1479, 5f4cf9ee-4bed-49de-adaa-861aec894328:c1479]
2019-08-23 02:48:03,472 [grpc-default-executor-5] INFO  client.GrpcClientProtocolClient (GrpcClientProtocolClient.java:onNext(255)) - client-B268B4322F32->17750241-545b-4219-93a1-14a6ea3d85be: receive RaftClientReply:client-B268B4322F32->17750241-545b-4219-93a1-14a6ea3d85be@group-C33FBD9556F2, cid=1074, SUCCESS, logIndex=1481, commits[17750241-545b-4219-93a1-14a6ea3d85be:c1481, 4eaaa090-573e-41d3-9f8c-c99e236d806a:c1479, 5f4cf9ee-4bed-49de-adaa-861aec894328:c1479]
2019-08-23 02:48:03,479 | INFO  | DNAudit | user=null | ip=null | op=WRITE_CHUNK {blockData=conID: 1 locID: 102664010307273153 bcsId: 1481} | ret=SUCCESS |  
2019-08-23 02:48:03,481 | INFO  | DNAudit | user=null | ip=null | op=WRITE_CHUNK {blockData=conID: 1 locID: 102664010307273153 bcsId: 1475} | ret=SUCCESS |  
2019-08-23 02:48:03,481 | INFO  | DNAudit | user=null | ip=null | op=WRITE_CHUNK {blockData=conID: 1 locID: 102664010307273153 bcsId: 1481} | ret=SUCCESS |  
2019-08-23 02:48:03,482 | INFO  | DNAudit | user=null | ip=null | op=WRITE_CHUNK {blockData=conID: 1 locID: 102664010307273153 bcsId: 1475} | ret=SUCCESS |  
2019-08-23 02:48:03,482 | INFO  | DNAudit | user=null | ip=null | op=WRITE_CHUNK {blockData=conID: 1 locID: 102664010307273153 bcsId: 1481} | ret=SUCCESS |  
2019-08-23 02:48:03,482 | INFO  | DNAudit | user=null | ip=null | op=PUT_BLOCK {blockData=[blockId=conID: 1 locID: 102664010307273153 bcsId: 0,size=3145728]} | ret=SUCCESS |  
2019-08-23 02:48:03,482 | INFO  | DNAudit | user=null | ip=null | op=PUT_BLOCK {blockData=[blockId=conID: 1 locID: 102664010307273153 bcsId: 0,size=3145728]} | ret=SUCCESS |  
2019-08-23 02:48:03,495 | INFO  | DNAudit | user=null | ip=null | op=WRITE_CHUNK {blockData=conID: 1 locID: 102664010307273153 bcsId: 1481} | ret=SUCCESS |  
2019-08-23 02:48:03,495 | INFO  | DNAudit | user=null | ip=null | op=PUT_BLOCK {blockData=[blockId=conID: 1 locID: 102664010307273153 bcsId: 0,size=4194304]} | ret=SUCCESS |  
2019-08-23 02:48:03,495 [grpc-default-executor-5] INFO  client.GrpcClientProtocolClient (GrpcClientProtocolClient.java:onNext(255)) - client-B268B4322F32->17750241-545b-4219-93a1-14a6ea3d85be: receive RaftClientReply:client-B268B4322F32->17750241-545b-4219-93a1-14a6ea3d85be@group-C33FBD9556F2, cid=1075, SUCCESS, logIndex=1484, commits[17750241-545b-4219-93a1-14a6ea3d85be:c1485, 4eaaa090-573e-41d3-9f8c-c99e236d806a:c1481, 5f4cf9ee-4bed-49de-adaa-861aec894328:c1481]
2019-08-23 02:48:03,496 [grpc-default-executor-5] INFO  client.GrpcClientProtocolClient (GrpcClientProtocolClient.java:onNext(255)) - client-B268B4322F32->17750241-545b-4219-93a1-14a6ea3d85be: receive RaftClientReply:client-B268B4322F32->17750241-545b-4219-93a1-14a6ea3d85be@group-C33FBD9556F2, cid=1076, SUCCESS, logIndex=1485, commits[17750241-545b-4219-93a1-14a6ea3d85be:c1485, 4eaaa090-573e-41d3-9f8c-c99e236d806a:c1481, 5f4cf9ee-4bed-49de-adaa-861aec894328:c1481]
2019-08-23 02:48:03,508 | INFO  | DNAudit | user=null | ip=null | op=WRITE_CHUNK {blockData=conID: 1 locID: 102664010307273153 bcsId: 1481} | ret=SUCCESS |  
2019-08-23 02:48:03,508 | INFO  | DNAudit | user=null | ip=null | op=WRITE_CHUNK {blockData=conID: 1 locID: 102664010307273153 bcsId: 1481} | ret=SUCCESS |  
2019-08-23 02:48:03,521 | INFO  | DNAudit | user=null | ip=null | op=PUT_BLOCK {blockData=[blockId=conID: 1 locID: 102664010307273153 bcsId: 0,size=4194304]} | ret=SUCCESS |  
2019-08-23 02:48:03,521 | INFO  | DNAudit | user=null | ip=null | op=PUT_BLOCK {blockData=[blockId=conID: 1 locID: 102664010307273153 bcsId: 0,size=4194304]} | ret=SUCCESS |  
2019-08-23 02:48:03,522 [grpc-default-executor-5] INFO  client.GrpcClientProtocolClient (GrpcClientProtocolClient.java:onNext(255)) - client-B268B4322F32->17750241-545b-4219-93a1-14a6ea3d85be: receive RaftClientReply:client-B268B4322F32->17750241-545b-4219-93a1-14a6ea3d85be@group-C33FBD9556F2, cid=1077, SUCCESS, logIndex=0, commits[17750241-545b-4219-93a1-14a6ea3d85be:c1487, 4eaaa090-573e-41d3-9f8c-c99e236d806a:c1485, 5f4cf9ee-4bed-49de-adaa-861aec894328:c1485]
2019-08-23 02:48:03,530 | INFO  | DNAudit | user=null | ip=null | op=WRITE_CHUNK {blockData=conID: 2 locID: 102664010307273154 bcsId: 0} | ret=SUCCESS |  
2019-08-23 02:48:03,532 | INFO  | DNAudit | user=null | ip=null | op=WRITE_CHUNK {blockData=conID: 2 locID: 102664010307273154 bcsId: 0} | ret=SUCCESS |  
2019-08-23 02:48:03,533 | INFO  | DNAudit | user=null | ip=null | op=WRITE_CHUNK {blockData=conID: 2 locID: 102664010307273154 bcsId: 0} | ret=SUCCESS |  
2019-08-23 02:48:03,533 | INFO  | DNAudit | user=null | ip=null | op=WRITE_CHUNK {blockData=conID: 2 locID: 102664010307273154 bcsId: 0} | ret=SUCCESS |  
2019-08-23 02:48:03,534 | INFO  | DNAudit | user=null | ip=null | op=WRITE_CHUNK {blockData=conID: 2 locID: 102664010307273154 bcsId: 0} | ret=SUCCESS |  
2019-08-23 02:48:03,534 | INFO  | DNAudit | user=null | ip=null | op=WRITE_CHUNK {blockData=conID: 2 locID: 102664010307273154 bcsId: 0} | ret=SUCCESS |  
2019-08-23 02:48:03,542 | INFO  | DNAudit | user=null | ip=null | op=WRITE_CHUNK {blockData=conID: 2 locID: 102664010307273154 bcsId: 0} | ret=SUCCESS |  
2019-08-23 02:48:03,543 | INFO  | DNAudit | user=null | ip=null | op=PUT_BLOCK {blockData=[blockId=conID: 2 locID: 102664010307273154 bcsId: 0,size=1048576]} | ret=SUCCESS |  
2019-08-23 02:48:03,543 | INFO  | DNAudit | user=null | ip=null | op=WRITE_CHUNK {blockData=conID: 2 locID: 102664010307273154 bcsId: 0} | ret=SUCCESS |  
2019-08-23 02:48:03,543 [grpc-default-executor-2] INFO  client.GrpcClientProtocolClient (GrpcClientProtocolClient.java:onNext(255)) - client-B268B4322F32->17750241-545b-4219-93a1-14a6ea3d85be: receive RaftClientReply:client-B268B4322F32->17750241-545b-4219-93a1-14a6ea3d85be@group-C33FBD9556F2, cid=1078, SUCCESS, logIndex=1488, commits[17750241-545b-4219-93a1-14a6ea3d85be:c1490, 4eaaa090-573e-41d3-9f8c-c99e236d806a:c1487, 5f4cf9ee-4bed-49de-adaa-861aec894328:c1487]
2019-08-23 02:48:03,543 | INFO  | DNAudit | user=null | ip=null | op=PUT_BLOCK {blockData=[blockId=conID: 2 locID: 102664010307273154 bcsId: 0,size=2097152]} | ret=SUCCESS |  
2019-08-23 02:48:03,543 [grpc-default-executor-2] INFO  client.GrpcClientProtocolClient (GrpcClientProtocolClient.java:onNext(255)) - client-B268B4322F32->17750241-545b-4219-93a1-14a6ea3d85be: receive RaftClientReply:client-B268B4322F32->17750241-545b-4219-93a1-14a6ea3d85be@group-C33FBD9556F2, cid=1079, SUCCESS, logIndex=1489, commits[17750241-545b-4219-93a1-14a6ea3d85be:c1491, 4eaaa090-573e-41d3-9f8c-c99e236d806a:c1487, 5f4cf9ee-4bed-49de-adaa-861aec894328:c1487]
2019-08-23 02:48:03,544 | INFO  | DNAudit | user=null | ip=null | op=WRITE_CHUNK {blockData=conID: 2 locID: 102664010307273154 bcsId: 0} | ret=SUCCESS |  
2019-08-23 02:48:03,544 [grpc-default-executor-2] INFO  client.GrpcClientProtocolClient (GrpcClientProtocolClient.java:onNext(255)) - client-B268B4322F32->17750241-545b-4219-93a1-14a6ea3d85be: receive RaftClientReply:client-B268B4322F32->17750241-545b-4219-93a1-14a6ea3d85be@group-C33FBD9556F2, cid=1080, SUCCESS, logIndex=1490, commits[17750241-545b-4219-93a1-14a6ea3d85be:c1491, 4eaaa090-573e-41d3-9f8c-c99e236d806a:c1487, 5f4cf9ee-4bed-49de-adaa-861aec894328:c1487]
2019-08-23 02:48:03,544 | INFO  | DNAudit | user=null | ip=null | op=WRITE_CHUNK {blockData=conID: 2 locID: 102664010307273154 bcsId: 0} | ret=SUCCESS |  
2019-08-23 02:48:03,544 [grpc-default-executor-2] INFO  client.GrpcClientProtocolClient (GrpcClientProtocolClient.java:onNext(255)) - client-B268B4322F32->17750241-545b-4219-93a1-14a6ea3d85be: receive RaftClientReply:client-B268B4322F32->17750241-545b-4219-93a1-14a6ea3d85be@group-C33FBD9556F2, cid=1081, SUCCESS, logIndex=1491, commits[17750241-545b-4219-93a1-14a6ea3d85be:c1491, 4eaaa090-573e-41d3-9f8c-c99e236d806a:c1487, 5f4cf9ee-4bed-49de-adaa-861aec894328:c1488]
2019-08-23 02:48:03,544 | INFO  | DNAudit | user=null | ip=null | op=PUT_BLOCK {blockData=[blockId=conID: 2 locID: 102664010307273154 bcsId: 0,size=1048576]} | ret=SUCCESS |  
2019-08-23 02:48:03,545 | INFO  | DNAudit | user=null | ip=null | op=WRITE_CHUNK {blockData=conID: 2 locID: 102664010307273154 bcsId: 0} | ret=SUCCESS |  
2019-08-23 02:48:03,545 | INFO  | DNAudit | user=null | ip=null | op=PUT_BLOCK {blockData=[blockId=conID: 2 locID: 102664010307273154 bcsId: 0,size=2097152]} | ret=SUCCESS |  
2019-08-23 02:48:03,546 | INFO  | DNAudit | user=null | ip=null | op=PUT_BLOCK {blockData=[blockId=conID: 2 locID: 102664010307273154 bcsId: 0,size=1048576]} | ret=SUCCESS |  
2019-08-23 02:48:03,546 | INFO  | DNAudit | user=null | ip=null | op=WRITE_CHUNK {blockData=conID: 2 locID: 102664010307273154 bcsId: 0} | ret=SUCCESS |  
2019-08-23 02:48:03,547 | INFO  | DNAudit | user=null | ip=null | op=PUT_BLOCK {blockData=[blockId=conID: 2 locID: 102664010307273154 bcsId: 0,size=2097152]} | ret=SUCCESS |  
2019-08-23 02:48:03,547 [grpc-default-executor-2] INFO  client.GrpcClientProtocolClient (GrpcClientProtocolClient.java:onNext(255)) - client-B268B4322F32->17750241-545b-4219-93a1-14a6ea3d85be: receive RaftClientReply:client-B268B4322F32->17750241-545b-4219-93a1-14a6ea3d85be@group-C33FBD9556F2, cid=1082, SUCCESS, logIndex=0, commits[17750241-545b-4219-93a1-14a6ea3d85be:c1495, 4eaaa090-573e-41d3-9f8c-c99e236d806a:c1491, 5f4cf9ee-4bed-49de-adaa-861aec894328:c1489]
 0.00% |█                                                                                                    |  0/1 Time: 0:00:062019-08-23 02:48:03,553 | INFO  | DNAudit | user=null | ip=null | op=WRITE_CHUNK {blockData=conID: 2 locID: 102664010307273154 bcsId: 1491} | ret=SUCCESS |  
2019-08-23 02:48:03,556 | INFO  | DNAudit | user=null | ip=null | op=WRITE_CHUNK {blockData=conID: 2 locID: 102664010307273154 bcsId: 1491} | ret=SUCCESS |  
2019-08-23 02:48:03,557 | INFO  | DNAudit | user=null | ip=null | op=WRITE_CHUNK {blockData=conID: 2 locID: 102664010307273154 bcsId: 1491} | ret=SUCCESS |  
2019-08-23 02:48:03,567 | INFO  | DNAudit | user=null | ip=null | op=WRITE_CHUNK {blockData=conID: 2 locID: 102664010307273154 bcsId: 1491} | ret=SUCCESS |  
2019-08-23 02:48:03,568 | INFO  | DNAudit | user=null | ip=null | op=PUT_BLOCK {blockData=[blockId=conID: 2 locID: 102664010307273154 bcsId: 0,size=3145728]} | ret=SUCCESS |  
2019-08-23 02:48:03,568 [grpc-default-executor-4] INFO  client.GrpcClientProtocolClient (GrpcClientProtocolClient.java:onNext(255)) - client-B268B4322F32->17750241-545b-4219-93a1-14a6ea3d85be: receive RaftClientReply:client-B268B4322F32->17750241-545b-4219-93a1-14a6ea3d85be@group-C33FBD9556F2, cid=1083, SUCCESS, logIndex=1496, commits[17750241-545b-4219-93a1-14a6ea3d85be:c1497, 4eaaa090-573e-41d3-9f8c-c99e236d806a:c1495, 5f4cf9ee-4bed-49de-adaa-861aec894328:c1495]
2019-08-23 02:48:03,568 [grpc-default-executor-2] INFO  client.GrpcClientProtocolClient (GrpcClientProtocolClient.java:onNext(255)) - client-B268B4322F32->17750241-545b-4219-93a1-14a6ea3d85be: receive RaftClientReply:client-B268B4322F32->17750241-545b-4219-93a1-14a6ea3d85be@group-C33FBD9556F2, cid=1084, SUCCESS, logIndex=1497, commits[17750241-545b-4219-93a1-14a6ea3d85be:c1497, 4eaaa090-573e-41d3-9f8c-c99e236d806a:c1495, 5f4cf9ee-4bed-49de-adaa-861aec894328:c1495]
2019-08-23 02:48:03,569 | INFO  | DNAudit | user=null | ip=null | op=WRITE_CHUNK {blockData=conID: 2 locID: 102664010307273154 bcsId: 1491} | ret=SUCCESS |  
2019-08-23 02:48:03,569 | INFO  | DNAudit | user=null | ip=null | op=WRITE_CHUNK {blockData=conID: 2 locID: 102664010307273154 bcsId: 1491} | ret=SUCCESS |  
2019-08-23 02:48:03,570 | INFO  | DNAudit | user=null | ip=null | op=PUT_BLOCK {blockData=[blockId=conID: 2 locID: 102664010307273154 bcsId: 0,size=3145728]} | ret=SUCCESS |  
2019-08-23 02:48:03,570 | INFO  | DNAudit | user=null | ip=null | op=PUT_BLOCK {blockData=[blockId=conID: 2 locID: 102664010307273154 bcsId: 0,size=3145728]} | ret=SUCCESS |  
2019-08-23 02:48:03,575 | INFO  | DNAudit | user=null | ip=null | op=WRITE_CHUNK {blockData=conID: 2 locID: 102664010307273154 bcsId: 1497} | ret=SUCCESS |  
2019-08-23 02:48:03,580 | INFO  | DNAudit | user=null | ip=null | op=WRITE_CHUNK {blockData=conID: 2 locID: 102664010307273154 bcsId: 1497} | ret=SUCCESS |  
2019-08-23 02:48:03,580 | INFO  | DNAudit | user=null | ip=null | op=WRITE_CHUNK {blockData=conID: 2 locID: 102664010307273154 bcsId: 1497} | ret=SUCCESS |  
2019-08-23 02:48:03,585 | INFO  | DNAudit | user=null | ip=null | op=WRITE_CHUNK {blockData=conID: 2 locID: 102664010307273154 bcsId: 1497} | ret=SUCCESS |  
2019-08-23 02:48:03,585 | INFO  | DNAudit | user=null | ip=null | op=PUT_BLOCK {blockData=[blockId=conID: 2 locID: 102664010307273154 bcsId: 0,size=4194304]} | ret=SUCCESS |  
2019-08-23 02:48:03,585 [grpc-default-executor-5] INFO  client.GrpcClientProtocolClient (GrpcClientProtocolClient.java:onNext(255)) - client-B268B4322F32->17750241-545b-4219-93a1-14a6ea3d85be: receive RaftClientReply:client-B268B4322F32->17750241-545b-4219-93a1-14a6ea3d85be@group-C33FBD9556F2, cid=1085, SUCCESS, logIndex=1500, commits[17750241-545b-4219-93a1-14a6ea3d85be:c1501, 4eaaa090-573e-41d3-9f8c-c99e236d806a:c1499, 5f4cf9ee-4bed-49de-adaa-861aec894328:c1499]
2019-08-23 02:48:03,586 [grpc-default-executor-5] INFO  client.GrpcClientProtocolClient (GrpcClientProtocolClient.java:onNext(255)) - client-B268B4322F32->17750241-545b-4219-93a1-14a6ea3d85be: receive RaftClientReply:client-B268B4322F32->17750241-545b-4219-93a1-14a6ea3d85be@group-C33FBD9556F2, cid=1086, SUCCESS, logIndex=1501, commits[17750241-545b-4219-93a1-14a6ea3d85be:c1501, 4eaaa090-573e-41d3-9f8c-c99e236d806a:c1499, 5f4cf9ee-4bed-49de-adaa-861aec894328:c1499]
2019-08-23 02:48:03,595 | INFO  | DNAudit | user=null | ip=null | op=WRITE_CHUNK {blockData=conID: 2 locID: 102664010307273154 bcsId: 1497} | ret=SUCCESS |  
2019-08-23 02:48:03,595 | INFO  | DNAudit | user=null | ip=null | op=WRITE_CHUNK {blockData=conID: 2 locID: 102664010307273154 bcsId: 1497} | ret=SUCCESS |  
2019-08-23 02:48:03,598 | INFO  | DNAudit | user=null | ip=null | op=PUT_BLOCK {blockData=[blockId=conID: 2 locID: 102664010307273154 bcsId: 0,size=4194304]} | ret=SUCCESS |  
2019-08-23 02:48:03,598 | INFO  | DNAudit | user=null | ip=null | op=PUT_BLOCK {blockData=[blockId=conID: 2 locID: 102664010307273154 bcsId: 0,size=4194304]} | ret=SUCCESS |  
2019-08-23 02:48:03,599 [grpc-default-executor-5] INFO  client.GrpcClientProtocolClient (GrpcClientProtocolClient.java:onNext(255)) - client-B268B4322F32->17750241-545b-4219-93a1-14a6ea3d85be: receive RaftClientReply:client-B268B4322F32->17750241-545b-4219-93a1-14a6ea3d85be@group-C33FBD9556F2, cid=1087, SUCCESS, logIndex=0, commits[17750241-545b-4219-93a1-14a6ea3d85be:c1503, 4eaaa090-573e-41d3-9f8c-c99e236d806a:c1501, 5f4cf9ee-4bed-49de-adaa-861aec894328:c1501]
2019-08-23 02:48:03,606 | INFO  | DNAudit | user=null | ip=null | op=WRITE_CHUNK {blockData=conID: 3 locID: 102664010307273155 bcsId: 0} | ret=SUCCESS |  
2019-08-23 02:48:03,609 | INFO  | DNAudit | user=null | ip=null | op=WRITE_CHUNK {blockData=conID: 3 locID: 102664010307273155 bcsId: 0} | ret=SUCCESS |  
2019-08-23 02:48:03,610 | INFO  | DNAudit | user=null | ip=null | op=WRITE_CHUNK {blockData=conID: 3 locID: 102664010307273155 bcsId: 0} | ret=SUCCESS |  
2019-08-23 02:48:03,611 | INFO  | DNAudit | user=null | ip=null | op=WRITE_CHUNK {blockData=conID: 3 locID: 102664010307273155 bcsId: 0} | ret=SUCCESS |  
2019-08-23 02:48:03,612 | INFO  | DNAudit | user=null | ip=null | op=WRITE_CHUNK {blockData=conID: 3 locID: 102664010307273155 bcsId: 0} | ret=SUCCESS |  
2019-08-23 02:48:03,612 | INFO  | DNAudit | user=null | ip=null | op=WRITE_CHUNK {blockData=conID: 3 locID: 102664010307273155 bcsId: 0} | ret=SUCCESS |  
2019-08-23 02:48:03,619 | INFO  | DNAudit | user=null | ip=null | op=WRITE_CHUNK {blockData=conID: 3 locID: 102664010307273155 bcsId: 0} | ret=SUCCESS |  
2019-08-23 02:48:03,620 | INFO  | DNAudit | user=null | ip=null | op=PUT_BLOCK {blockData=[blockId=conID: 3 locID: 102664010307273155 bcsId: 0,size=1048576]} | ret=SUCCESS |  
2019-08-23 02:48:03,620 | INFO  | DNAudit | user=null | ip=null | op=WRITE_CHUNK {blockData=conID: 3 locID: 102664010307273155 bcsId: 0} | ret=SUCCESS |  
2019-08-23 02:48:03,620 [grpc-default-executor-2] INFO  client.GrpcClientProtocolClient (GrpcClientProtocolClient.java:onNext(255)) - client-B268B4322F32->17750241-545b-4219-93a1-14a6ea3d85be: receive RaftClientReply:client-B268B4322F32->17750241-545b-4219-93a1-14a6ea3d85be@group-C33FBD9556F2, cid=1088, SUCCESS, logIndex=1504, commits[17750241-545b-4219-93a1-14a6ea3d85be:c1505, 4eaaa090-573e-41d3-9f8c-c99e236d806a:c1503, 5f4cf9ee-4bed-49de-adaa-861aec894328:c1503]
2019-08-23 02:48:03,620 | INFO  | DNAudit | user=null | ip=null | op=PUT_BLOCK {blockData=[blockId=conID: 3 locID: 102664010307273155 bcsId: 0,size=2097152]} | ret=SUCCESS |  
2019-08-23 02:48:03,621 [grpc-default-executor-2] INFO  client.GrpcClientProtocolClient (GrpcClientProtocolClient.java:onNext(255)) - client-B268B4322F32->17750241-545b-4219-93a1-14a6ea3d85be: receive RaftClientReply:client-B268B4322F32->17750241-545b-4219-93a1-14a6ea3d85be@group-C33FBD9556F2, cid=1089, SUCCESS, logIndex=1505, commits[17750241-545b-4219-93a1-14a6ea3d85be:c1507, 4eaaa090-573e-41d3-9f8c-c99e236d806a:c1503, 5f4cf9ee-4bed-49de-adaa-861aec894328:c1503]
2019-08-23 02:48:03,621 [grpc-default-executor-2] INFO  client.GrpcClientProtocolClient (GrpcClientProtocolClient.java:onNext(255)) - client-B268B4322F32->17750241-545b-4219-93a1-14a6ea3d85be: receive RaftClientReply:client-B268B4322F32->17750241-545b-4219-93a1-14a6ea3d85be@group-C33FBD9556F2, cid=1090, SUCCESS, logIndex=1506, commits[17750241-545b-4219-93a1-14a6ea3d85be:c1507, 4eaaa090-573e-41d3-9f8c-c99e236d806a:c1503, 5f4cf9ee-4bed-49de-adaa-861aec894328:c1503]
2019-08-23 02:48:03,621 | INFO  | DNAudit | user=null | ip=null | op=WRITE_CHUNK {blockData=conID: 3 locID: 102664010307273155 bcsId: 0} | ret=SUCCESS |  
2019-08-23 02:48:03,621 [grpc-default-executor-2] INFO  client.GrpcClientProtocolClient (GrpcClientProtocolClient.java:onNext(255)) - client-B268B4322F32->17750241-545b-4219-93a1-14a6ea3d85be: receive RaftClientReply:client-B268B4322F32->17750241-545b-4219-93a1-14a6ea3d85be@group-C33FBD9556F2, cid=1091, SUCCESS, logIndex=1507, commits[17750241-545b-4219-93a1-14a6ea3d85be:c1507, 4eaaa090-573e-41d3-9f8c-c99e236d806a:c1503, 5f4cf9ee-4bed-49de-adaa-861aec894328:c1503]
2019-08-23 02:48:03,621 | INFO  | DNAudit | user=null | ip=null | op=WRITE_CHUNK {blockData=conID: 3 locID: 102664010307273155 bcsId: 0} | ret=SUCCESS |  
2019-08-23 02:48:03,621 | INFO  | DNAudit | user=null | ip=null | op=PUT_BLOCK {blockData=[blockId=conID: 3 locID: 102664010307273155 bcsId: 0,size=1048576]} | ret=SUCCESS |  
2019-08-23 02:48:03,622 | INFO  | DNAudit | user=null | ip=null | op=PUT_BLOCK {blockData=[blockId=conID: 3 locID: 102664010307273155 bcsId: 0,size=1048576]} | ret=SUCCESS |  
2019-08-23 02:48:03,622 [grpc-default-executor-5] INFO  client.GrpcClientProtocolClient (GrpcClientProtocolClient.java:onNext(255)) - client-B268B4322F32->17750241-545b-4219-93a1-14a6ea3d85be: receive RaftClientReply:client-B268B4322F32->17750241-545b-4219-93a1-14a6ea3d85be@group-C33FBD9556F2, cid=1092, SUCCESS, logIndex=0, commits[17750241-545b-4219-93a1-14a6ea3d85be:c1509, 4eaaa090-573e-41d3-9f8c-c99e236d806a:c1505, 5f4cf9ee-4bed-49de-adaa-861aec894328:c1505]
2019-08-23 02:48:03,624 | INFO  | DNAudit | user=null | ip=null | op=WRITE_CHUNK {blockData=conID: 3 locID: 102664010307273155 bcsId: 0} | ret=SUCCESS |  
2019-08-23 02:48:03,624 | INFO  | DNAudit | user=null | ip=null | op=WRITE_CHUNK {blockData=conID: 3 locID: 102664010307273155 bcsId: 0} | ret=SUCCESS |  
2019-08-23 02:48:03,624 | INFO  | DNAudit | user=null | ip=null | op=PUT_BLOCK {blockData=[blockId=conID: 3 locID: 102664010307273155 bcsId: 0,size=2097152]} | ret=SUCCESS |  
2019-08-23 02:48:03,624 | INFO  | DNAudit | user=null | ip=null | op=PUT_BLOCK {blockData=[blockId=conID: 3 locID: 102664010307273155 bcsId: 0,size=2097152]} | ret=SUCCESS |  
2019-08-23 02:48:03,629 | INFO  | DNAudit | user=null | ip=null | op=WRITE_CHUNK {blockData=conID: 3 locID: 102664010307273155 bcsId: 1507} | ret=SUCCESS |  
2019-08-23 02:48:03,631 | INFO  | DNAudit | user=null | ip=null | op=WRITE_CHUNK {blockData=conID: 3 locID: 102664010307273155 bcsId: 1507} | ret=SUCCESS |  
2019-08-23 02:48:03,631 | INFO  | DNAudit | user=null | ip=null | op=WRITE_CHUNK {blockData=conID: 3 locID: 102664010307273155 bcsId: 1507} | ret=SUCCESS |  
2019-08-23 02:48:03,633 | INFO  | DNAudit | user=null | ip=null | op=WRITE_CHUNK {blockData=conID: 3 locID: 102664010307273155 bcsId: 1507} | ret=SUCCESS |  
2019-08-23 02:48:03,634 | INFO  | DNAudit | user=null | ip=null | op=PUT_BLOCK {blockData=[blockId=conID: 3 locID: 102664010307273155 bcsId: 0,size=3145728]} | ret=SUCCESS |  
2019-08-23 02:48:03,634 [grpc-default-executor-2] INFO  client.GrpcClientProtocolClient (GrpcClientProtocolClient.java:onNext(255)) - client-B268B4322F32->17750241-545b-4219-93a1-14a6ea3d85be: receive RaftClientReply:client-B268B4322F32->17750241-545b-4219-93a1-14a6ea3d85be@group-C33FBD9556F2, cid=1093, SUCCESS, logIndex=1511, commits[17750241-545b-4219-93a1-14a6ea3d85be:c1512, 4eaaa090-573e-41d3-9f8c-c99e236d806a:c1507, 5f4cf9ee-4bed-49de-adaa-861aec894328:c1510]
2019-08-23 02:48:03,634 [grpc-default-executor-2] INFO  client.GrpcClientProtocolClient (GrpcClientProtocolClient.java:onNext(255)) - client-B268B4322F32->17750241-545b-4219-93a1-14a6ea3d85be: receive RaftClientReply:client-B268B4322F32->17750241-545b-4219-93a1-14a6ea3d85be@group-C33FBD9556F2, cid=1094, SUCCESS, logIndex=1512, commits[17750241-545b-4219-93a1-14a6ea3d85be:c1512, 4eaaa090-573e-41d3-9f8c-c99e236d806a:c1510, 5f4cf9ee-4bed-49de-adaa-861aec894328:c1510]
2019-08-23 02:48:03,635 | INFO  | DNAudit | user=null | ip=null | op=WRITE_CHUNK {blockData=conID: 3 locID: 102664010307273155 bcsId: 1507} | ret=SUCCESS |  
2019-08-23 02:48:03,635 | INFO  | DNAudit | user=null | ip=null | op=WRITE_CHUNK {blockData=conID: 3 locID: 102664010307273155 bcsId: 1507} | ret=SUCCESS |  
2019-08-23 02:48:03,635 | INFO  | DNAudit | user=null | ip=null | op=PUT_BLOCK {blockData=[blockId=conID: 3 locID: 102664010307273155 bcsId: 0,size=3145728]} | ret=SUCCESS |  
2019-08-23 02:48:03,635 | INFO  | DNAudit | user=null | ip=null | op=PUT_BLOCK {blockData=[blockId=conID: 3 locID: 102664010307273155 bcsId: 0,size=3145728]} | ret=SUCCESS |  
2019-08-23 02:48:03,641 | INFO  | DNAudit | user=null | ip=null | op=WRITE_CHUNK {blockData=conID: 3 locID: 102664010307273155 bcsId: 1512} | ret=SUCCESS |  
2019-08-23 02:48:03,644 | INFO  | DNAudit | user=null | ip=null | op=WRITE_CHUNK {blockData=conID: 3 locID: 102664010307273155 bcsId: 1512} | ret=SUCCESS |  
2019-08-23 02:48:03,644 | INFO  | DNAudit | user=null | ip=null | op=WRITE_CHUNK {blockData=conID: 3 locID: 102664010307273155 bcsId: 1512} | ret=SUCCESS |  
2019-08-23 02:48:03,654 | INFO  | DNAudit | user=null | ip=null | op=WRITE_CHUNK {blockData=conID: 3 locID: 102664010307273155 bcsId: 1512} | ret=SUCCESS |  
2019-08-23 02:48:03,654 | INFO  | DNAudit | user=null | ip=null | op=PUT_BLOCK {blockData=[blockId=conID: 3 locID: 102664010307273155 bcsId: 0,size=4194304]} | ret=SUCCESS |  
2019-08-23 02:48:03,654 [grpc-default-executor-4] INFO  client.GrpcClientProtocolClient (GrpcClientProtocolClient.java:onNext(255)) - client-B268B4322F32->17750241-545b-4219-93a1-14a6ea3d85be: receive RaftClientReply:client-B268B4322F32->17750241-545b-4219-93a1-14a6ea3d85be@group-C33FBD9556F2, cid=1095, SUCCESS, logIndex=1515, commits[17750241-545b-4219-93a1-14a6ea3d85be:c1516, 4eaaa090-573e-41d3-9f8c-c99e236d806a:c1514, 5f4cf9ee-4bed-49de-adaa-861aec894328:c1514]
2019-08-23 02:48:03,655 [grpc-default-executor-4] INFO  client.GrpcClientProtocolClient (GrpcClientProtocolClient.java:onNext(255)) - client-B268B4322F32->17750241-545b-4219-93a1-14a6ea3d85be: receive RaftClientReply:client-B268B4322F32->17750241-545b-4219-93a1-14a6ea3d85be@group-C33FBD9556F2, cid=1096, SUCCESS, logIndex=1516, commits[17750241-545b-4219-93a1-14a6ea3d85be:c1516, 4eaaa090-573e-41d3-9f8c-c99e236d806a:c1514, 5f4cf9ee-4bed-49de-adaa-861aec894328:c1514]
2019-08-23 02:48:03,666 | INFO  | DNAudit | user=null | ip=null | op=WRITE_CHUNK {blockData=conID: 3 locID: 102664010307273155 bcsId: 1512} | ret=SUCCESS |  
2019-08-23 02:48:03,666 | INFO  | DNAudit | user=null | ip=null | op=WRITE_CHUNK {blockData=conID: 3 locID: 102664010307273155 bcsId: 1512} | ret=SUCCESS |  
2019-08-23 02:48:03,667 | INFO  | DNAudit | user=null | ip=null | op=PUT_BLOCK {blockData=[blockId=conID: 3 locID: 102664010307273155 bcsId: 0,size=4194304]} | ret=SUCCESS |  
2019-08-23 02:48:03,667 | INFO  | DNAudit | user=null | ip=null | op=PUT_BLOCK {blockData=[blockId=conID: 3 locID: 102664010307273155 bcsId: 0,size=4194304]} | ret=SUCCESS |  
2019-08-23 02:48:03,667 [grpc-default-executor-4] INFO  client.GrpcClientProtocolClient (GrpcClientProtocolClient.java:onNext(255)) - client-B268B4322F32->17750241-545b-4219-93a1-14a6ea3d85be: receive RaftClientReply:client-B268B4322F32->17750241-545b-4219-93a1-14a6ea3d85be@group-C33FBD9556F2, cid=1097, SUCCESS, logIndex=0, commits[17750241-545b-4219-93a1-14a6ea3d85be:c1517, 4eaaa090-573e-41d3-9f8c-c99e236d806a:c1516, 5f4cf9ee-4bed-49de-adaa-861aec894328:c1516]
2019-08-23 02:48:03,677 | INFO  | DNAudit | user=null | ip=null | op=WRITE_CHUNK {blockData=conID: 1 locID: 102664010307273156 bcsId: 0} | ret=SUCCESS |  
2019-08-23 02:48:03,680 | INFO  | DNAudit | user=null | ip=null | op=WRITE_CHUNK {blockData=conID: 1 locID: 102664010307273156 bcsId: 0} | ret=SUCCESS |  
2019-08-23 02:48:03,681 | INFO  | DNAudit | user=null | ip=null | op=WRITE_CHUNK {blockData=conID: 1 locID: 102664010307273156 bcsId: 0} | ret=SUCCESS |  
2019-08-23 02:48:03,681 | INFO  | DNAudit | user=null | ip=null | op=WRITE_CHUNK {blockData=conID: 1 locID: 102664010307273156 bcsId: 0} | ret=SUCCESS |  
2019-08-23 02:48:03,682 | INFO  | DNAudit | user=null | ip=null | op=WRITE_CHUNK {blockData=conID: 1 locID: 102664010307273156 bcsId: 0} | ret=SUCCESS |  
2019-08-23 02:48:03,682 | INFO  | DNAudit | user=null | ip=null | op=WRITE_CHUNK {blockData=conID: 1 locID: 102664010307273156 bcsId: 0} | ret=SUCCESS |  
2019-08-23 02:48:03,693 | INFO  | DNAudit | user=null | ip=null | op=WRITE_CHUNK {blockData=conID: 1 locID: 102664010307273156 bcsId: 0} | ret=SUCCESS |  
2019-08-23 02:48:03,693 | INFO  | DNAudit | user=null | ip=null | op=PUT_BLOCK {blockData=[blockId=conID: 1 locID: 102664010307273156 bcsId: 0,size=1048576]} | ret=SUCCESS |  
2019-08-23 02:48:03,694 | INFO  | DNAudit | user=null | ip=null | op=WRITE_CHUNK {blockData=conID: 1 locID: 102664010307273156 bcsId: 0} | ret=SUCCESS |  
2019-08-23 02:48:03,694 [grpc-default-executor-1] INFO  client.GrpcClientProtocolClient (GrpcClientProtocolClient.java:onNext(255)) - client-B268B4322F32->17750241-545b-4219-93a1-14a6ea3d85be: receive RaftClientReply:client-B268B4322F32->17750241-545b-4219-93a1-14a6ea3d85be@group-C33FBD9556F2, cid=1098, SUCCESS, logIndex=1519, commits[17750241-545b-4219-93a1-14a6ea3d85be:c1522, 4eaaa090-573e-41d3-9f8c-c99e236d806a:c1517, 5f4cf9ee-4bed-49de-adaa-861aec894328:c1518]
2019-08-23 02:48:03,694 | INFO  | DNAudit | user=null | ip=null | op=PUT_BLOCK {blockData=[blockId=conID: 1 locID: 102664010307273156 bcsId: 0,size=2097152]} | ret=SUCCESS |  
2019-08-23 02:48:03,695 [grpc-default-executor-1] INFO  client.GrpcClientProtocolClient (GrpcClientProtocolClient.java:onNext(255)) - client-B268B4322F32->17750241-545b-4219-93a1-14a6ea3d85be: receive RaftClientReply:client-B268B4322F32->17750241-545b-4219-93a1-14a6ea3d85be@group-C33FBD9556F2, cid=1099, SUCCESS, logIndex=1520, commits[17750241-545b-4219-93a1-14a6ea3d85be:c1522, 4eaaa090-573e-41d3-9f8c-c99e236d806a:c1517, 5f4cf9ee-4bed-49de-adaa-861aec894328:c1518]
2019-08-23 02:48:03,695 [grpc-default-executor-1] INFO  client.GrpcClientProtocolClient (GrpcClientProtocolClient.java:onNext(255)) - client-B268B4322F32->17750241-545b-4219-93a1-14a6ea3d85be: receive RaftClientReply:client-B268B4322F32->17750241-545b-4219-93a1-14a6ea3d85be@group-C33FBD9556F2, cid=1100, SUCCESS, logIndex=1521, commits[17750241-545b-4219-93a1-14a6ea3d85be:c1522, 4eaaa090-573e-41d3-9f8c-c99e236d806a:c1517, 5f4cf9ee-4bed-49de-adaa-861aec894328:c1518]
2019-08-23 02:48:03,696 [grpc-default-executor-1] INFO  client.GrpcClientProtocolClient (GrpcClientProtocolClient.java:onNext(255)) - client-B268B4322F32->17750241-545b-4219-93a1-14a6ea3d85be: receive RaftClientReply:client-B268B4322F32->17750241-545b-4219-93a1-14a6ea3d85be@group-C33FBD9556F2, cid=1101, SUCCESS, logIndex=1522, commits[17750241-545b-4219-93a1-14a6ea3d85be:c1522, 4eaaa090-573e-41d3-9f8c-c99e236d806a:c1517, 5f4cf9ee-4bed-49de-adaa-861aec894328:c1518]
2019-08-23 02:48:03,708 | INFO  | DNAudit | user=null | ip=null | op=WRITE_CHUNK {blockData=conID: 1 locID: 102664010307273156 bcsId: 0} | ret=SUCCESS |  
2019-08-23 02:48:03,708 | INFO  | DNAudit | user=null | ip=null | op=PUT_BLOCK {blockData=[blockId=conID: 1 locID: 102664010307273156 bcsId: 0,size=1048576]} | ret=SUCCESS |  
2019-08-23 02:48:03,712 | INFO  | SCMAudit | user=jenkins1000 | ip=192.168.34.22 | op=SEND_HEARTBEAT {datanodeUUID=66ab6a68-e61f-4535-ab2f-12fe560929ed, command=[]} | ret=SUCCESS |  
2019-08-23 02:48:03,718 | INFO  | DNAudit | user=null | ip=null | op=WRITE_CHUNK {blockData=conID: 1 locID: 102664010307273156 bcsId: 0} | ret=SUCCESS |  
2019-08-23 02:48:03,718 | INFO  | DNAudit | user=null | ip=null | op=PUT_BLOCK {blockData=[blockId=conID: 1 locID: 102664010307273156 bcsId: 0,size=1048576]} | ret=SUCCESS |  
2019-08-23 02:48:03,718 | INFO  | DNAudit | user=null | ip=null | op=WRITE_CHUNK {blockData=conID: 1 locID: 102664010307273156 bcsId: 0} | ret=SUCCESS |  
2019-08-23 02:48:03,719 | INFO  | DNAudit | user=null | ip=null | op=PUT_BLOCK {blockData=[blockId=conID: 1 locID: 102664010307273156 bcsId: 0,size=2097152]} | ret=SUCCESS |  
2019-08-23 02:48:03,719 [grpc-default-executor-1] INFO  client.GrpcClientProtocolClient (GrpcClientProtocolClient.java:onNext(255)) - client-B268B4322F32->17750241-545b-4219-93a1-14a6ea3d85be: receive RaftClientReply:client-B268B4322F32->17750241-545b-4219-93a1-14a6ea3d85be@group-C33FBD9556F2, cid=1102, SUCCESS, logIndex=0, commits[17750241-545b-4219-93a1-14a6ea3d85be:c1523, 4eaaa090-573e-41d3-9f8c-c99e236d806a:c1520, 5f4cf9ee-4bed-49de-adaa-861aec894328:c1520]
2019-08-23 02:48:03,720 | INFO  | DNAudit | user=null | ip=null | op=WRITE_CHUNK {blockData=conID: 1 locID: 102664010307273156 bcsId: 0} | ret=SUCCESS |  
2019-08-23 02:48:03,720 | INFO  | DNAudit | user=null | ip=null | op=PUT_BLOCK {blockData=[blockId=conID: 1 locID: 102664010307273156 bcsId: 0,size=2097152]} | ret=SUCCESS |  
2019-08-23 02:48:03,727 | INFO  | DNAudit | user=null | ip=null | op=WRITE_CHUNK {blockData=conID: 1 locID: 102664010307273156 bcsId: 1522} | ret=SUCCESS |  
2019-08-23 02:48:03,729 | INFO  | DNAudit | user=null | ip=null | op=WRITE_CHUNK {blockData=conID: 1 locID: 102664010307273156 bcsId: 1522} | ret=SUCCESS |  
2019-08-23 02:48:03,729 | INFO  | DNAudit | user=null | ip=null | op=WRITE_CHUNK {blockData=conID: 1 locID: 102664010307273156 bcsId: 1522} | ret=SUCCESS |  
2019-08-23 02:48:03,740 | INFO  | DNAudit | user=null | ip=null | op=WRITE_CHUNK {blockData=conID: 1 locID: 102664010307273156 bcsId: 1522} | ret=SUCCESS |  
2019-08-23 02:48:03,740 | INFO  | DNAudit | user=null | ip=null | op=PUT_BLOCK {blockData=[blockId=conID: 1 locID: 102664010307273156 bcsId: 0,size=3145728]} | ret=SUCCESS |  
2019-08-23 02:48:03,740 [grpc-default-executor-1] INFO  client.GrpcClientProtocolClient (GrpcClientProtocolClient.java:onNext(255)) - client-B268B4322F32->17750241-545b-4219-93a1-14a6ea3d85be: receive RaftClientReply:client-B268B4322F32->17750241-545b-4219-93a1-14a6ea3d85be@group-C33FBD9556F2, cid=1103, SUCCESS, logIndex=1527, commits[17750241-545b-4219-93a1-14a6ea3d85be:c1528, 4eaaa090-573e-41d3-9f8c-c99e236d806a:c1526, 5f4cf9ee-4bed-49de-adaa-861aec894328:c1526]
2019-08-23 02:48:03,741 [grpc-default-executor-1] INFO  client.GrpcClientProtocolClient (GrpcClientProtocolClient.java:onNext(255)) - client-B268B4322F32->17750241-545b-4219-93a1-14a6ea3d85be: receive RaftClientReply:client-B268B4322F32->17750241-545b-4219-93a1-14a6ea3d85be@group-C33FBD9556F2, cid=1104, SUCCESS, logIndex=1528, commits[17750241-545b-4219-93a1-14a6ea3d85be:c1528, 4eaaa090-573e-41d3-9f8c-c99e236d806a:c1526, 5f4cf9ee-4bed-49de-adaa-861aec894328:c1526]
2019-08-23 02:48:03,749 | INFO  | DNAudit | user=null | ip=null | op=WRITE_CHUNK {blockData=conID: 1 locID: 102664010307273156 bcsId: 1528} | ret=SUCCESS |  
2019-08-23 02:48:03,751 | INFO  | DNAudit | user=null | ip=null | op=WRITE_CHUNK {blockData=conID: 1 locID: 102664010307273156 bcsId: 1528} | ret=SUCCESS |  
2019-08-23 02:48:03,751 | INFO  | DNAudit | user=null | ip=null | op=WRITE_CHUNK {blockData=conID: 1 locID: 102664010307273156 bcsId: 1528} | ret=SUCCESS |  
2019-08-23 02:48:03,753 | INFO  | DNAudit | user=null | ip=null | op=WRITE_CHUNK {blockData=conID: 1 locID: 102664010307273156 bcsId: 1522} | ret=SUCCESS |  
2019-08-23 02:48:03,753 | INFO  | DNAudit | user=null | ip=null | op=WRITE_CHUNK {blockData=conID: 1 locID: 102664010307273156 bcsId: 1522} | ret=SUCCESS |  
2019-08-23 02:48:03,753 | INFO  | DNAudit | user=null | ip=null | op=PUT_BLOCK {blockData=[blockId=conID: 1 locID: 102664010307273156 bcsId: 0,size=3145728]} | ret=SUCCESS |  
2019-08-23 02:48:03,753 | INFO  | DNAudit | user=null | ip=null | op=PUT_BLOCK {blockData=[blockId=conID: 1 locID: 102664010307273156 bcsId: 0,size=3145728]} | ret=SUCCESS |  
2019-08-23 02:48:03,765 | INFO  | DNAudit | user=null | ip=null | op=WRITE_CHUNK {blockData=conID: 1 locID: 102664010307273156 bcsId: 1528} | ret=SUCCESS |  
2019-08-23 02:48:03,765 | INFO  | DNAudit | user=null | ip=null | op=PUT_BLOCK {blockData=[blockId=conID: 1 locID: 102664010307273156 bcsId: 0,size=4194304]} | ret=SUCCESS |  
2019-08-23 02:48:03,766 [grpc-default-executor-4] INFO  client.GrpcClientProtocolClient (GrpcClientProtocolClient.java:onNext(255)) - client-B268B4322F32->17750241-545b-4219-93a1-14a6ea3d85be: receive RaftClientReply:client-B268B4322F32->17750241-545b-4219-93a1-14a6ea3d85be@group-C33FBD9556F2, cid=1105, SUCCESS, logIndex=1531, commits[17750241-545b-4219-93a1-14a6ea3d85be:c1532, 4eaaa090-573e-41d3-9f8c-c99e236d806a:c1528, 5f4cf9ee-4bed-49de-adaa-861aec894328:c1528]
2019-08-23 02:48:03,766 [grpc-default-executor-4] INFO  client.GrpcClientProtocolClient (GrpcClientProtocolClient.java:onNext(255)) - client-B268B4322F32->17750241-545b-4219-93a1-14a6ea3d85be: receive RaftClientReply:client-B268B4322F32->17750241-545b-4219-93a1-14a6ea3d85be@group-C33FBD9556F2, cid=1106, SUCCESS, logIndex=1532, commits[17750241-545b-4219-93a1-14a6ea3d85be:c1532, 4eaaa090-573e-41d3-9f8c-c99e236d806a:c1528, 5f4cf9ee-4bed-49de-adaa-861aec894328:c1528]
2019-08-23 02:48:03,778 | INFO  | DNAudit | user=null | ip=null | op=WRITE_CHUNK {blockData=conID: 1 locID: 102664010307273156 bcsId: 1528} | ret=SUCCESS |  
2019-08-23 02:48:03,778 | INFO  | DNAudit | user=null | ip=null | op=WRITE_CHUNK {blockData=conID: 1 locID: 102664010307273156 bcsId: 1528} | ret=SUCCESS |  
2019-08-23 02:48:03,781 | INFO  | DNAudit | user=null | ip=null | op=PUT_BLOCK {blockData=[blockId=conID: 1 locID: 102664010307273156 bcsId: 0,size=4194304]} | ret=SUCCESS |  
2019-08-23 02:48:03,781 | INFO  | DNAudit | user=null | ip=null | op=PUT_BLOCK {blockData=[blockId=conID: 1 locID: 102664010307273156 bcsId: 0,size=4194304]} | ret=SUCCESS |  
2019-08-23 02:48:03,781 [grpc-default-executor-1] INFO  client.GrpcClientProtocolClient (GrpcClientProtocolClient.java:onNext(255)) - client-B268B4322F32->17750241-545b-4219-93a1-14a6ea3d85be: receive RaftClientReply:client-B268B4322F32->17750241-545b-4219-93a1-14a6ea3d85be@group-C33FBD9556F2, cid=1107, SUCCESS, logIndex=0, commits[17750241-545b-4219-93a1-14a6ea3d85be:c1534, 4eaaa090-573e-41d3-9f8c-c99e236d806a:c1532, 5f4cf9ee-4bed-49de-adaa-861aec894328:c1532]
2019-08-23 02:48:03,788 | INFO  | DNAudit | user=null | ip=null | op=WRITE_CHUNK {blockData=conID: 2 locID: 102664010307273157 bcsId: 0} | ret=SUCCESS |  
2019-08-23 02:48:03,790 | INFO  | DNAudit | user=null | ip=null | op=WRITE_CHUNK {blockData=conID: 2 locID: 102664010307273157 bcsId: 0} | ret=SUCCESS |  
2019-08-23 02:48:03,792 | INFO  | SCMAudit | user=jenkins1000 | ip=192.168.34.22 | op=SEND_HEARTBEAT {datanodeUUID=0cedf437-a8af-4d70-bac5-ea9863093e86, command=[]} | ret=SUCCESS |  
2019-08-23 02:48:03,792 | INFO  | DNAudit | user=null | ip=null | op=WRITE_CHUNK {blockData=conID: 2 locID: 102664010307273157 bcsId: 0} | ret=SUCCESS |  
2019-08-23 02:48:03,793 | INFO  | DNAudit | user=null | ip=null | op=WRITE_CHUNK {blockData=conID: 2 locID: 102664010307273157 bcsId: 0} | ret=SUCCESS |  
2019-08-23 02:48:03,794 | INFO  | DNAudit | user=null | ip=null | op=WRITE_CHUNK {blockData=conID: 2 locID: 102664010307273157 bcsId: 0} | ret=SUCCESS |  
2019-08-23 02:48:03,796 | INFO  | DNAudit | user=null | ip=null | op=WRITE_CHUNK {blockData=conID: 2 locID: 102664010307273157 bcsId: 0} | ret=SUCCESS |  
2019-08-23 02:48:03,801 | INFO  | DNAudit | user=null | ip=null | op=WRITE_CHUNK {blockData=conID: 2 locID: 102664010307273157 bcsId: 0} | ret=SUCCESS |  
2019-08-23 02:48:03,802 | INFO  | DNAudit | user=null | ip=null | op=PUT_BLOCK {blockData=[blockId=conID: 2 locID: 102664010307273157 bcsId: 0,size=1048576]} | ret=SUCCESS |  
2019-08-23 02:48:03,802 [grpc-default-executor-4] INFO  client.GrpcClientProtocolClient (GrpcClientProtocolClient.java:onNext(255)) - client-B268B4322F32->17750241-545b-4219-93a1-14a6ea3d85be: receive RaftClientReply:client-B268B4322F32->17750241-545b-4219-93a1-14a6ea3d85be@group-C33FBD9556F2, cid=1108, SUCCESS, logIndex=1535, commits[17750241-545b-4219-93a1-14a6ea3d85be:c1536, 4eaaa090-573e-41d3-9f8c-c99e236d806a:c1534, 5f4cf9ee-4bed-49de-adaa-861aec894328:c1534]
2019-08-23 02:48:03,803 [grpc-default-executor-4] INFO  client.GrpcClientProtocolClient (GrpcClientProtocolClient.java:onNext(255)) - client-B268B4322F32->17750241-545b-4219-93a1-14a6ea3d85be: receive RaftClientReply:client-B268B4322F32->17750241-545b-4219-93a1-14a6ea3d85be@group-C33FBD9556F2, cid=1109, SUCCESS, logIndex=1536, commits[17750241-545b-4219-93a1-14a6ea3d85be:c1536, 4eaaa090-573e-41d3-9f8c-c99e236d806a:c1534, 5f4cf9ee-4bed-49de-adaa-861aec894328:c1534]
2019-08-23 02:48:03,804 | INFO  | DNAudit | user=null | ip=null | op=WRITE_CHUNK {blockData=conID: 2 locID: 102664010307273157 bcsId: 0} | ret=SUCCESS |  
2019-08-23 02:48:03,804 | INFO  | DNAudit | user=null | ip=null | op=PUT_BLOCK {blockData=[blockId=conID: 2 locID: 102664010307273157 bcsId: 0,size=2097152]} | ret=SUCCESS |  
2019-08-23 02:48:03,805 [grpc-default-executor-4] INFO  client.GrpcClientProtocolClient (GrpcClientProtocolClient.java:onNext(255)) - client-B268B4322F32->17750241-545b-4219-93a1-14a6ea3d85be: receive RaftClientReply:client-B268B4322F32->17750241-545b-4219-93a1-14a6ea3d85be@group-C33FBD9556F2, cid=1110, SUCCESS, logIndex=1537, commits[17750241-545b-4219-93a1-14a6ea3d85be:c1538, 4eaaa090-573e-41d3-9f8c-c99e236d806a:c1534, 5f4cf9ee-4bed-49de-adaa-861aec894328:c1534]
2019-08-23 02:48:03,805 [grpc-default-executor-4] INFO  client.GrpcClientProtocolClient (GrpcClientProtocolClient.java:onNext(255)) - client-B268B4322F32->17750241-545b-4219-93a1-14a6ea3d85be: receive RaftClientReply:client-B268B4322F32->17750241-545b-4219-93a1-14a6ea3d85be@group-C33FBD9556F2, cid=1111, SUCCESS, logIndex=1538, commits[17750241-545b-4219-93a1-14a6ea3d85be:c1538, 4eaaa090-573e-41d3-9f8c-c99e236d806a:c1534, 5f4cf9ee-4bed-49de-adaa-861aec894328:c1534]
2019-08-23 02:48:03,807 | INFO  | DNAudit | user=null | ip=null | op=WRITE_CHUNK {blockData=conID: 2 locID: 102664010307273157 bcsId: 0} | ret=SUCCESS |  
2019-08-23 02:48:03,807 | INFO  | DNAudit | user=null | ip=null | op=WRITE_CHUNK {blockData=conID: 2 locID: 102664010307273157 bcsId: 0} | ret=SUCCESS |  
2019-08-23 02:48:03,807 | INFO  | DNAudit | user=null | ip=null | op=PUT_BLOCK {blockData=[blockId=conID: 2 locID: 102664010307273157 bcsId: 0,size=1048576]} | ret=SUCCESS |  
2019-08-23 02:48:03,807 | INFO  | DNAudit | user=null | ip=null | op=PUT_BLOCK {blockData=[blockId=conID: 2 locID: 102664010307273157 bcsId: 0,size=1048576]} | ret=SUCCESS |  
2019-08-23 02:48:03,808 [grpc-default-executor-4] INFO  client.GrpcClientProtocolClient (GrpcClientProtocolClient.java:onNext(255)) - client-B268B4322F32->17750241-545b-4219-93a1-14a6ea3d85be: receive RaftClientReply:client-B268B4322F32->17750241-545b-4219-93a1-14a6ea3d85be@group-C33FBD9556F2, cid=1112, SUCCESS, logIndex=0, commits[17750241-545b-4219-93a1-14a6ea3d85be:c1539, 4eaaa090-573e-41d3-9f8c-c99e236d806a:c1536, 5f4cf9ee-4bed-49de-adaa-861aec894328:c1536]
2019-08-23 02:48:03,809 | INFO  | DNAudit | user=null | ip=null | op=WRITE_CHUNK {blockData=conID: 2 locID: 102664010307273157 bcsId: 0} | ret=SUCCESS |  
2019-08-23 02:48:03,809 | INFO  | DNAudit | user=null | ip=null | op=PUT_BLOCK {blockData=[blockId=conID: 2 locID: 102664010307273157 bcsId: 0,size=2097152]} | ret=SUCCESS |  
2019-08-23 02:48:03,809 | INFO  | DNAudit | user=null | ip=null | op=WRITE_CHUNK {blockData=conID: 2 locID: 102664010307273157 bcsId: 0} | ret=SUCCESS |  
2019-08-23 02:48:03,810 | INFO  | DNAudit | user=null | ip=null | op=PUT_BLOCK {blockData=[blockId=conID: 2 locID: 102664010307273157 bcsId: 0,size=2097152]} | ret=SUCCESS |  
2019-08-23 02:48:03,814 | INFO  | DNAudit | user=null | ip=null | op=WRITE_CHUNK {blockData=conID: 2 locID: 102664010307273157 bcsId: 1538} | ret=SUCCESS |  
2019-08-23 02:48:03,817 | INFO  | DNAudit | user=null | ip=null | op=WRITE_CHUNK {blockData=conID: 2 locID: 102664010307273157 bcsId: 1538} | ret=SUCCESS |  
2019-08-23 02:48:03,817 | INFO  | DNAudit | user=null | ip=null | op=WRITE_CHUNK {blockData=conID: 2 locID: 102664010307273157 bcsId: 1538} | ret=SUCCESS |  
2019-08-23 02:48:03,828 | INFO  | DNAudit | user=null | ip=null | op=WRITE_CHUNK {blockData=conID: 2 locID: 102664010307273157 bcsId: 1538} | ret=SUCCESS |  
2019-08-23 02:48:03,829 | INFO  | DNAudit | user=null | ip=null | op=PUT_BLOCK {blockData=[blockId=conID: 2 locID: 102664010307273157 bcsId: 0,size=3145728]} | ret=SUCCESS |  
2019-08-23 02:48:03,829 [grpc-default-executor-1] INFO  client.GrpcClientProtocolClient (GrpcClientProtocolClient.java:onNext(255)) - client-B268B4322F32->17750241-545b-4219-93a1-14a6ea3d85be: receive RaftClientReply:client-B268B4322F32->17750241-545b-4219-93a1-14a6ea3d85be@group-C33FBD9556F2, cid=1113, SUCCESS, logIndex=1543, commits[17750241-545b-4219-93a1-14a6ea3d85be:c1544, 4eaaa090-573e-41d3-9f8c-c99e236d806a:c1542, 5f4cf9ee-4bed-49de-adaa-861aec894328:c1542]
2019-08-23 02:48:03,829 [grpc-default-executor-1] INFO  client.GrpcClientProtocolClient (GrpcClientProtocolClient.java:onNext(255)) - client-B268B4322F32->17750241-545b-4219-93a1-14a6ea3d85be: receive RaftClientReply:client-B268B4322F32->17750241-545b-4219-93a1-14a6ea3d85be@group-C33FBD9556F2, cid=1114, SUCCESS, logIndex=1544, commits[17750241-545b-4219-93a1-14a6ea3d85be:c1544, 4eaaa090-573e-41d3-9f8c-c99e236d806a:c1542, 5f4cf9ee-4bed-49de-adaa-861aec894328:c1542]
2019-08-23 02:48:03,831 | INFO  | DNAudit | user=null | ip=null | op=WRITE_CHUNK {blockData=conID: 2 locID: 102664010307273157 bcsId: 1538} | ret=SUCCESS |  
2019-08-23 02:48:03,831 | INFO  | DNAudit | user=null | ip=null | op=WRITE_CHUNK {blockData=conID: 2 locID: 102664010307273157 bcsId: 1538} | ret=SUCCESS |  
2019-08-23 02:48:03,832 | INFO  | DNAudit | user=null | ip=null | op=PUT_BLOCK {blockData=[blockId=conID: 2 locID: 102664010307273157 bcsId: 0,size=3145728]} | ret=SUCCESS |  
2019-08-23 02:48:03,832 | INFO  | DNAudit | user=null | ip=null | op=PUT_BLOCK {blockData=[blockId=conID: 2 locID: 102664010307273157 bcsId: 0,size=3145728]} | ret=SUCCESS |  
2019-08-23 02:48:03,836 | INFO  | DNAudit | user=null | ip=null | op=WRITE_CHUNK {blockData=conID: 2 locID: 102664010307273157 bcsId: 1544} | ret=SUCCESS |  
2019-08-23 02:48:03,838 | INFO  | DNAudit | user=null | ip=null | op=WRITE_CHUNK {blockData=conID: 2 locID: 102664010307273157 bcsId: 1544} | ret=SUCCESS |  
2019-08-23 02:48:03,838 | INFO  | DNAudit | user=null | ip=null | op=WRITE_CHUNK {blockData=conID: 2 locID: 102664010307273157 bcsId: 1544} | ret=SUCCESS |  
2019-08-23 02:48:03,852 | INFO  | DNAudit | user=null | ip=null | op=WRITE_CHUNK {blockData=conID: 2 locID: 102664010307273157 bcsId: 1544} | ret=SUCCESS |  
2019-08-23 02:48:03,853 | INFO  | DNAudit | user=null | ip=null | op=PUT_BLOCK {blockData=[blockId=conID: 2 locID: 102664010307273157 bcsId: 0,size=4194304]} | ret=SUCCESS |  
2019-08-23 02:48:03,853 [grpc-default-executor-1] INFO  client.GrpcClientProtocolClient (GrpcClientProtocolClient.java:onNext(255)) - client-B268B4322F32->17750241-545b-4219-93a1-14a6ea3d85be: receive RaftClientReply:client-B268B4322F32->17750241-545b-4219-93a1-14a6ea3d85be@group-C33FBD9556F2, cid=1115, SUCCESS, logIndex=1547, commits[17750241-545b-4219-93a1-14a6ea3d85be:c1548, 4eaaa090-573e-41d3-9f8c-c99e236d806a:c1546, 5f4cf9ee-4bed-49de-adaa-861aec894328:c1546]
2019-08-23 02:48:03,853 [grpc-default-executor-1] INFO  client.GrpcClientProtocolClient (GrpcClientProtocolClient.java:onNext(255)) - client-B268B4322F32->17750241-545b-4219-93a1-14a6ea3d85be: receive RaftClientReply:client-B268B4322F32->17750241-545b-4219-93a1-14a6ea3d85be@group-C33FBD9556F2, cid=1116, SUCCESS, logIndex=1548, commits[17750241-545b-4219-93a1-14a6ea3d85be:c1548, 4eaaa090-573e-41d3-9f8c-c99e236d806a:c1546, 5f4cf9ee-4bed-49de-adaa-861aec894328:c1546]
2019-08-23 02:48:03,871 | INFO  | DNAudit | user=null | ip=null | op=WRITE_CHUNK {blockData=conID: 2 locID: 102664010307273157 bcsId: 1544} | ret=SUCCESS |  
2019-08-23 02:48:03,871 | INFO  | DNAudit | user=null | ip=null | op=WRITE_CHUNK {blockData=conID: 2 locID: 102664010307273157 bcsId: 1544} | ret=SUCCESS |  
2019-08-23 02:48:03,871 | INFO  | DNAudit | user=null | ip=null | op=PUT_BLOCK {blockData=[blockId=conID: 2 locID: 102664010307273157 bcsId: 0,size=4194304]} | ret=SUCCESS |  
2019-08-23 02:48:03,871 | INFO  | DNAudit | user=null | ip=null | op=PUT_BLOCK {blockData=[blockId=conID: 2 locID: 102664010307273157 bcsId: 0,size=4194304]} | ret=SUCCESS |  
2019-08-23 02:48:03,871 [grpc-default-executor-4] INFO  client.GrpcClientProtocolClient (GrpcClientProtocolClient.java:onNext(255)) - client-B268B4322F32->17750241-545b-4219-93a1-14a6ea3d85be: receive RaftClientReply:client-B268B4322F32->17750241-545b-4219-93a1-14a6ea3d85be@group-C33FBD9556F2, cid=1117, SUCCESS, logIndex=0, commits[17750241-545b-4219-93a1-14a6ea3d85be:c1548, 4eaaa090-573e-41d3-9f8c-c99e236d806a:c1548, 5f4cf9ee-4bed-49de-adaa-861aec894328:c1548]
2019-08-23 02:48:03,879 | INFO  | DNAudit | user=null | ip=null | op=WRITE_CHUNK {blockData=conID: 3 locID: 102664010307338694 bcsId: 0} | ret=SUCCESS |  
2019-08-23 02:48:03,881 | INFO  | DNAudit | user=null | ip=null | op=WRITE_CHUNK {blockData=conID: 3 locID: 102664010307338694 bcsId: 0} | ret=SUCCESS |  
2019-08-23 02:48:03,881 | INFO  | DNAudit | user=null | ip=null | op=WRITE_CHUNK {blockData=conID: 3 locID: 102664010307338694 bcsId: 0} | ret=SUCCESS |  
2019-08-23 02:48:03,881 | INFO  | DNAudit | user=null | ip=null | op=WRITE_CHUNK {blockData=conID: 3 locID: 102664010307338694 bcsId: 0} | ret=SUCCESS |  
2019-08-23 02:48:03,883 | INFO  | DNAudit | user=null | ip=null | op=WRITE_CHUNK {blockData=conID: 3 locID: 102664010307338694 bcsId: 0} | ret=SUCCESS |  
2019-08-23 02:48:03,883 | INFO  | DNAudit | user=null | ip=null | op=WRITE_CHUNK {blockData=conID: 3 locID: 102664010307338694 bcsId: 0} | ret=SUCCESS |  
2019-08-23 02:48:03,893 | INFO  | DNAudit | user=null | ip=null | op=WRITE_CHUNK {blockData=conID: 3 locID: 102664010307338694 bcsId: 0} | ret=SUCCESS |  
2019-08-23 02:48:03,894 | INFO  | DNAudit | user=null | ip=null | op=PUT_BLOCK {blockData=[blockId=conID: 3 locID: 102664010307338694 bcsId: 0,size=1048576]} | ret=SUCCESS |  
2019-08-23 02:48:03,894 | INFO  | DNAudit | user=null | ip=null | op=WRITE_CHUNK {blockData=conID: 3 locID: 102664010307338694 bcsId: 0} | ret=SUCCESS |  
2019-08-23 02:48:03,894 [grpc-default-executor-6] INFO  client.GrpcClientProtocolClient (GrpcClientProtocolClient.java:onNext(255)) - client-B268B4322F32->17750241-545b-4219-93a1-14a6ea3d85be: receive RaftClientReply:client-B268B4322F32->17750241-545b-4219-93a1-14a6ea3d85be@group-C33FBD9556F2, cid=1118, SUCCESS, logIndex=1551, commits[17750241-545b-4219-93a1-14a6ea3d85be:c1554, 4eaaa090-573e-41d3-9f8c-c99e236d806a:c1550, 5f4cf9ee-4bed-49de-adaa-861aec894328:c1550]
2019-08-23 02:48:03,894 | INFO  | DNAudit | user=null | ip=null | op=PUT_BLOCK {blockData=[blockId=conID: 3 locID: 102664010307338694 bcsId: 0,size=2097152]} | ret=SUCCESS |  
2019-08-23 02:48:03,895 [grpc-default-executor-6] INFO  client.GrpcClientProtocolClient (GrpcClientProtocolClient.java:onNext(255)) - client-B268B4322F32->17750241-545b-4219-93a1-14a6ea3d85be: receive RaftClientReply:client-B268B4322F32->17750241-545b-4219-93a1-14a6ea3d85be@group-C33FBD9556F2, cid=1119, SUCCESS, logIndex=1552, commits[17750241-545b-4219-93a1-14a6ea3d85be:c1554, 4eaaa090-573e-41d3-9f8c-c99e236d806a:c1550, 5f4cf9ee-4bed-49de-adaa-861aec894328:c1550]
2019-08-23 02:48:03,895 [grpc-default-executor-6] INFO  client.GrpcClientProtocolClient (GrpcClientProtocolClient.java:onNext(255)) - client-B268B4322F32->17750241-545b-4219-93a1-14a6ea3d85be: receive RaftClientReply:client-B268B4322F32->17750241-545b-4219-93a1-14a6ea3d85be@group-C33FBD9556F2, cid=1120, SUCCESS, logIndex=1553, commits[17750241-545b-4219-93a1-14a6ea3d85be:c1554, 4eaaa090-573e-41d3-9f8c-c99e236d806a:c1550, 5f4cf9ee-4bed-49de-adaa-861aec894328:c1550]
2019-08-23 02:48:03,895 [grpc-default-executor-6] INFO  client.GrpcClientProtocolClient (GrpcClientProtocolClient.java:onNext(255)) - client-B268B4322F32->17750241-545b-4219-93a1-14a6ea3d85be: receive RaftClientReply:client-B268B4322F32->17750241-545b-4219-93a1-14a6ea3d85be@group-C33FBD9556F2, cid=1121, SUCCESS, logIndex=1554, commits[17750241-545b-4219-93a1-14a6ea3d85be:c1554, 4eaaa090-573e-41d3-9f8c-c99e236d806a:c1550, 5f4cf9ee-4bed-49de-adaa-861aec894328:c1550]
2019-08-23 02:48:03,905 | INFO  | DNAudit | user=null | ip=null | op=WRITE_CHUNK {blockData=conID: 3 locID: 102664010307338694 bcsId: 0} | ret=SUCCESS |  
2019-08-23 02:48:03,905 | INFO  | DNAudit | user=null | ip=null | op=PUT_BLOCK {blockData=[blockId=conID: 3 locID: 102664010307338694 bcsId: 0,size=1048576]} | ret=SUCCESS |  
2019-08-23 02:48:03,905 | INFO  | DNAudit | user=null | ip=null | op=WRITE_CHUNK {blockData=conID: 3 locID: 102664010307338694 bcsId: 0} | ret=SUCCESS |  
2019-08-23 02:48:03,906 | INFO  | DNAudit | user=null | ip=null | op=PUT_BLOCK {blockData=[blockId=conID: 3 locID: 102664010307338694 bcsId: 0,size=1048576]} | ret=SUCCESS |  
2019-08-23 02:48:03,906 [grpc-default-executor-1] INFO  client.GrpcClientProtocolClient (GrpcClientProtocolClient.java:onNext(255)) - client-B268B4322F32->17750241-545b-4219-93a1-14a6ea3d85be: receive RaftClientReply:client-B268B4322F32->17750241-545b-4219-93a1-14a6ea3d85be@group-C33FBD9556F2, cid=1122, SUCCESS, logIndex=0, commits[17750241-545b-4219-93a1-14a6ea3d85be:c1554, 4eaaa090-573e-41d3-9f8c-c99e236d806a:c1552, 5f4cf9ee-4bed-49de-adaa-861aec894328:c1552]
2019-08-23 02:48:03,908 | INFO  | DNAudit | user=null | ip=null | op=WRITE_CHUNK {blockData=conID: 3 locID: 102664010307338694 bcsId: 0} | ret=SUCCESS |  
2019-08-23 02:48:03,908 | INFO  | DNAudit | user=null | ip=null | op=WRITE_CHUNK {blockData=conID: 3 locID: 102664010307338694 bcsId: 0} | ret=SUCCESS |  
2019-08-23 02:48:03,908 | INFO  | DNAudit | user=null | ip=null | op=PUT_BLOCK {blockData=[blockId=conID: 3 locID: 102664010307338694 bcsId: 0,size=2097152]} | ret=SUCCESS |  
2019-08-23 02:48:03,909 | INFO  | DNAudit | user=null | ip=null | op=PUT_BLOCK {blockData=[blockId=conID: 3 locID: 102664010307338694 bcsId: 0,size=2097152]} | ret=SUCCESS |  
2019-08-23 02:48:03,914 | INFO  | DNAudit | user=null | ip=null | op=WRITE_CHUNK {blockData=conID: 3 locID: 102664010307338694 bcsId: 1554} | ret=SUCCESS |  
2019-08-23 02:48:03,915 | INFO  | DNAudit | user=null | ip=null | op=WRITE_CHUNK {blockData=conID: 3 locID: 102664010307338694 bcsId: 1554} | ret=SUCCESS |  
2019-08-23 02:48:03,916 | INFO  | DNAudit | user=null | ip=null | op=WRITE_CHUNK {blockData=conID: 3 locID: 102664010307338694 bcsId: 1554} | ret=SUCCESS |  
2019-08-23 02:48:03,928 | INFO  | DNAudit | user=null | ip=null | op=WRITE_CHUNK {blockData=conID: 3 locID: 102664010307338694 bcsId: 1554} | ret=SUCCESS |  
2019-08-23 02:48:03,928 | INFO  | DNAudit | user=null | ip=null | op=PUT_BLOCK {blockData=[blockId=conID: 3 locID: 102664010307338694 bcsId: 0,size=3145728]} | ret=SUCCESS |  
2019-08-23 02:48:03,929 [grpc-default-executor-6] INFO  client.GrpcClientProtocolClient (GrpcClientProtocolClient.java:onNext(255)) - client-B268B4322F32->17750241-545b-4219-93a1-14a6ea3d85be: receive RaftClientReply:client-B268B4322F32->17750241-545b-4219-93a1-14a6ea3d85be@group-C33FBD9556F2, cid=1123, SUCCESS, logIndex=1559, commits[17750241-545b-4219-93a1-14a6ea3d85be:c1560, 4eaaa090-573e-41d3-9f8c-c99e236d806a:c1558, 5f4cf9ee-4bed-49de-adaa-861aec894328:c1558]
2019-08-23 02:48:03,929 [grpc-default-executor-6] INFO  client.GrpcClientProtocolClient (GrpcClientProtocolClient.java:onNext(255)) - client-B268B4322F32->17750241-545b-4219-93a1-14a6ea3d85be: receive RaftClientReply:client-B268B4322F32->17750241-545b-4219-93a1-14a6ea3d85be@group-C33FBD9556F2, cid=1124, SUCCESS, logIndex=1560, commits[17750241-545b-4219-93a1-14a6ea3d85be:c1560, 4eaaa090-573e-41d3-9f8c-c99e236d806a:c1558, 5f4cf9ee-4bed-49de-adaa-861aec894328:c1558]
2019-08-23 02:48:03,936 | INFO  | DNAudit | user=null | ip=null | op=WRITE_CHUNK {blockData=conID: 3 locID: 102664010307338694 bcsId: 1560} | ret=SUCCESS |  
2019-08-23 02:48:03,938 | INFO  | DNAudit | user=null | ip=null | op=WRITE_CHUNK {blockData=conID: 3 locID: 102664010307338694 bcsId: 1560} | ret=SUCCESS |  
2019-08-23 02:48:03,939 | INFO  | DNAudit | user=null | ip=null | op=WRITE_CHUNK {blockData=conID: 3 locID: 102664010307338694 bcsId: 1554} | ret=SUCCESS |  
2019-08-23 02:48:03,940 | INFO  | DNAudit | user=null | ip=null | op=WRITE_CHUNK {blockData=conID: 3 locID: 102664010307338694 bcsId: 1554} | ret=SUCCESS |  
2019-08-23 02:48:03,940 | INFO  | DNAudit | user=null | ip=null | op=PUT_BLOCK {blockData=[blockId=conID: 3 locID: 102664010307338694 bcsId: 0,size=3145728]} | ret=SUCCESS |  
2019-08-23 02:48:03,940 | INFO  | DNAudit | user=null | ip=null | op=PUT_BLOCK {blockData=[blockId=conID: 3 locID: 102664010307338694 bcsId: 0,size=3145728]} | ret=SUCCESS |  
2019-08-23 02:48:03,940 | INFO  | DNAudit | user=null | ip=null | op=WRITE_CHUNK {blockData=conID: 3 locID: 102664010307338694 bcsId: 1560} | ret=SUCCESS |  
2019-08-23 02:48:03,942 | INFO  | DNAudit | user=null | ip=null | op=WRITE_CHUNK {blockData=conID: 3 locID: 102664010307338694 bcsId: 1560} | ret=SUCCESS |  
2019-08-23 02:48:03,943 | INFO  | DNAudit | user=null | ip=null | op=PUT_BLOCK {blockData=[blockId=conID: 3 locID: 102664010307338694 bcsId: 0,size=4194304]} | ret=SUCCESS |  
2019-08-23 02:48:03,943 [grpc-default-executor-5] INFO  client.GrpcClientProtocolClient (GrpcClientProtocolClient.java:onNext(255)) - client-B268B4322F32->17750241-545b-4219-93a1-14a6ea3d85be: receive RaftClientReply:client-B268B4322F32->17750241-545b-4219-93a1-14a6ea3d85be@group-C33FBD9556F2, cid=1125, SUCCESS, logIndex=1563, commits[17750241-545b-4219-93a1-14a6ea3d85be:c1564, 4eaaa090-573e-41d3-9f8c-c99e236d806a:c1560, 5f4cf9ee-4bed-49de-adaa-861aec894328:c1560]
2019-08-23 02:48:03,943 [grpc-default-executor-5] INFO  client.GrpcClientProtocolClient (GrpcClientProtocolClient.java:onNext(255)) - client-B268B4322F32->17750241-545b-4219-93a1-14a6ea3d85be: receive RaftClientReply:client-B268B4322F32->17750241-545b-4219-93a1-14a6ea3d85be@group-C33FBD9556F2, cid=1126, SUCCESS, logIndex=1564, commits[17750241-545b-4219-93a1-14a6ea3d85be:c1564, 4eaaa090-573e-41d3-9f8c-c99e236d806a:c1560, 5f4cf9ee-4bed-49de-adaa-861aec894328:c1560]
2019-08-23 02:48:03,955 | INFO  | DNAudit | user=null | ip=null | op=WRITE_CHUNK {blockData=conID: 3 locID: 102664010307338694 bcsId: 1560} | ret=SUCCESS |  
2019-08-23 02:48:03,966 | INFO  | DNAudit | user=null | ip=null | op=WRITE_CHUNK {blockData=conID: 3 locID: 102664010307338694 bcsId: 1560} | ret=SUCCESS |  
2019-08-23 02:48:03,966 | INFO  | DNAudit | user=null | ip=null | op=PUT_BLOCK {blockData=[blockId=conID: 3 locID: 102664010307338694 bcsId: 0,size=4194304]} | ret=SUCCESS |  
2019-08-23 02:48:03,968 | INFO  | DNAudit | user=null | ip=null | op=PUT_BLOCK {blockData=[blockId=conID: 3 locID: 102664010307338694 bcsId: 0,size=4194304]} | ret=SUCCESS |  
2019-08-23 02:48:03,969 [grpc-default-executor-5] INFO  client.GrpcClientProtocolClient (GrpcClientProtocolClient.java:onNext(255)) - client-B268B4322F32->17750241-545b-4219-93a1-14a6ea3d85be: receive RaftClientReply:client-B268B4322F32->17750241-545b-4219-93a1-14a6ea3d85be@group-C33FBD9556F2, cid=1127, SUCCESS, logIndex=0, commits[17750241-545b-4219-93a1-14a6ea3d85be:c1566, 4eaaa090-573e-41d3-9f8c-c99e236d806a:c1564, 5f4cf9ee-4bed-49de-adaa-861aec894328:c1564]
2019-08-23 02:48:03,976 | INFO  | DNAudit | user=null | ip=null | op=WRITE_CHUNK {blockData=conID: 1 locID: 102664010307338695 bcsId: 0} | ret=SUCCESS |  
2019-08-23 02:48:04,081 | INFO  | DNAudit | user=null | ip=null | op=WRITE_CHUNK {blockData=conID: 1 locID: 102664010307338695 bcsId: 0} | ret=SUCCESS |  
2019-08-23 02:48:04,083 | INFO  | DNAudit | user=null | ip=null | op=WRITE_CHUNK {blockData=conID: 1 locID: 102664010307338695 bcsId: 0} | ret=SUCCESS |  
2019-08-23 02:48:04,083 | INFO  | DNAudit | user=null | ip=null | op=WRITE_CHUNK {blockData=conID: 1 locID: 102664010307338695 bcsId: 0} | ret=SUCCESS |  
2019-08-23 02:48:04,085 | INFO  | DNAudit | user=null | ip=null | op=WRITE_CHUNK {blockData=conID: 1 locID: 102664010307338695 bcsId: 0} | ret=SUCCESS |  
2019-08-23 02:48:04,086 | INFO  | DNAudit | user=null | ip=null | op=WRITE_CHUNK {blockData=conID: 1 locID: 102664010307338695 bcsId: 0} | ret=SUCCESS |  
2019-08-23 02:48:04,093 | INFO  | DNAudit | user=null | ip=null | op=WRITE_CHUNK {blockData=conID: 1 locID: 102664010307338695 bcsId: 0} | ret=SUCCESS |  
2019-08-23 02:48:04,093 | INFO  | DNAudit | user=null | ip=null | op=PUT_BLOCK {blockData=[blockId=conID: 1 locID: 102664010307338695 bcsId: 0,size=1048576]} | ret=SUCCESS |  
2019-08-23 02:48:04,094 [grpc-default-executor-6] INFO  client.GrpcClientProtocolClient (GrpcClientProtocolClient.java:onNext(255)) - client-B268B4322F32->17750241-545b-4219-93a1-14a6ea3d85be: receive RaftClientReply:client-B268B4322F32->17750241-545b-4219-93a1-14a6ea3d85be@group-C33FBD9556F2, cid=1128, SUCCESS, logIndex=1567, commits[17750241-545b-4219-93a1-14a6ea3d85be:c1568, 4eaaa090-573e-41d3-9f8c-c99e236d806a:c1564, 5f4cf9ee-4bed-49de-adaa-861aec894328:c1566]
2019-08-23 02:48:04,094 [grpc-default-executor-6] INFO  client.GrpcClientProtocolClient (GrpcClientProtocolClient.java:onNext(255)) - client-B268B4322F32->17750241-545b-4219-93a1-14a6ea3d85be: receive RaftClientReply:client-B268B4322F32->17750241-545b-4219-93a1-14a6ea3d85be@group-C33FBD9556F2, cid=1129, SUCCESS, logIndex=1568, commits[17750241-545b-4219-93a1-14a6ea3d85be:c1568, 4eaaa090-573e-41d3-9f8c-c99e236d806a:c1564, 5f4cf9ee-4bed-49de-adaa-861aec894328:c1566]
2019-08-23 02:48:04,106 | INFO  | DNAudit | user=null | ip=null | op=WRITE_CHUNK {blockData=conID: 1 locID: 102664010307338695 bcsId: 0} | ret=SUCCESS |  
2019-08-23 02:48:04,106 | INFO  | DNAudit | user=null | ip=null | op=PUT_BLOCK {blockData=[blockId=conID: 1 locID: 102664010307338695 bcsId: 0,size=2097152]} | ret=SUCCESS |  
2019-08-23 02:48:04,106 [grpc-default-executor-6] INFO  client.GrpcClientProtocolClient (GrpcClientProtocolClient.java:onNext(255)) - client-B268B4322F32->17750241-545b-4219-93a1-14a6ea3d85be: receive RaftClientReply:client-B268B4322F32->17750241-545b-4219-93a1-14a6ea3d85be@group-C33FBD9556F2, cid=1130, SUCCESS, logIndex=1569, commits[17750241-545b-4219-93a1-14a6ea3d85be:c1570, 4eaaa090-573e-41d3-9f8c-c99e236d806a:c1566, 5f4cf9ee-4bed-49de-adaa-861aec894328:c1566]
2019-08-23 02:48:04,107 [grpc-default-executor-6] INFO  client.GrpcClientProtocolClient (GrpcClientProtocolClient.java:onNext(255)) - client-B268B4322F32->17750241-545b-4219-93a1-14a6ea3d85be: receive RaftClientReply:client-B268B4322F32->17750241-545b-4219-93a1-14a6ea3d85be@group-C33FBD9556F2, cid=1131, SUCCESS, logIndex=1570, commits[17750241-545b-4219-93a1-14a6ea3d85be:c1570, 4eaaa090-573e-41d3-9f8c-c99e236d806a:c1566, 5f4cf9ee-4bed-49de-adaa-861aec894328:c1566]
2019-08-23 02:48:04,107 | INFO  | DNAudit | user=null | ip=null | op=WRITE_CHUNK {blockData=conID: 1 locID: 102664010307338695 bcsId: 0} | ret=SUCCESS |  
2019-08-23 02:48:04,108 | INFO  | DNAudit | user=null | ip=null | op=PUT_BLOCK {blockData=[blockId=conID: 1 locID: 102664010307338695 bcsId: 0,size=1048576]} | ret=SUCCESS |  
2019-08-23 02:48:04,108 | INFO  | DNAudit | user=null | ip=null | op=WRITE_CHUNK {blockData=conID: 1 locID: 102664010307338695 bcsId: 0} | ret=SUCCESS |  
2019-08-23 02:48:04,108 | INFO  | DNAudit | user=null | ip=null | op=PUT_BLOCK {blockData=[blockId=conID: 1 locID: 102664010307338695 bcsId: 0,size=1048576]} | ret=SUCCESS |  
2019-08-23 02:48:04,108 [grpc-default-executor-5] INFO  client.GrpcClientProtocolClient (GrpcClientProtocolClient.java:onNext(255)) - client-B268B4322F32->17750241-545b-4219-93a1-14a6ea3d85be: receive RaftClientReply:client-B268B4322F32->17750241-545b-4219-93a1-14a6ea3d85be@group-C33FBD9556F2, cid=1132, SUCCESS, logIndex=0, commits[17750241-545b-4219-93a1-14a6ea3d85be:c1572, 4eaaa090-573e-41d3-9f8c-c99e236d806a:c1568, 5f4cf9ee-4bed-49de-adaa-861aec894328:c1568]
2019-08-23 02:48:04,110 | INFO  | DNAudit | user=null | ip=null | op=WRITE_CHUNK {blockData=conID: 1 locID: 102664010307338695 bcsId: 0} | ret=SUCCESS |  
2019-08-23 02:48:04,110 | INFO  | DNAudit | user=null | ip=null | op=PUT_BLOCK {blockData=[blockId=conID: 1 locID: 102664010307338695 bcsId: 0,size=2097152]} | ret=SUCCESS |  
2019-08-23 02:48:04,111 | INFO  | DNAudit | user=null | ip=null | op=WRITE_CHUNK {blockData=conID: 1 locID: 102664010307338695 bcsId: 0} | ret=SUCCESS |  
2019-08-23 02:48:04,111 | INFO  | DNAudit | user=null | ip=null | op=PUT_BLOCK {blockData=[blockId=conID: 1 locID: 102664010307338695 bcsId: 0,size=2097152]} | ret=SUCCESS |  
2019-08-23 02:48:04,115 | INFO  | DNAudit | user=null | ip=null | op=WRITE_CHUNK {blockData=conID: 1 locID: 102664010307338695 bcsId: 1570} | ret=SUCCESS |  
2019-08-23 02:48:04,117 | INFO  | DNAudit | user=null | ip=null | op=WRITE_CHUNK {blockData=conID: 1 locID: 102664010307338695 bcsId: 1570} | ret=SUCCESS |  
2019-08-23 02:48:04,117 | INFO  | DNAudit | user=null | ip=null | op=WRITE_CHUNK {blockData=conID: 1 locID: 102664010307338695 bcsId: 1570} | ret=SUCCESS |  
2019-08-23 02:48:04,138 | INFO  | DNAudit | user=null | ip=null | op=WRITE_CHUNK {blockData=conID: 1 locID: 102664010307338695 bcsId: 1570} | ret=SUCCESS |  
2019-08-23 02:48:04,139 | INFO  | DNAudit | user=null | ip=null | op=PUT_BLOCK {blockData=[blockId=conID: 1 locID: 102664010307338695 bcsId: 0,size=3145728]} | ret=SUCCESS |  
2019-08-23 02:48:04,139 [grpc-default-executor-1] INFO  client.GrpcClientProtocolClient (GrpcClientProtocolClient.java:onNext(255)) - client-B268B4322F32->17750241-545b-4219-93a1-14a6ea3d85be: receive RaftClientReply:client-B268B4322F32->17750241-545b-4219-93a1-14a6ea3d85be@group-C33FBD9556F2, cid=1133, SUCCESS, logIndex=1575, commits[17750241-545b-4219-93a1-14a6ea3d85be:c1575, 4eaaa090-573e-41d3-9f8c-c99e236d806a:c1574, 5f4cf9ee-4bed-49de-adaa-861aec894328:c1574]
2019-08-23 02:48:04,139 [grpc-default-executor-1] INFO  client.GrpcClientProtocolClient (GrpcClientProtocolClient.java:onNext(255)) - client-B268B4322F32->17750241-545b-4219-93a1-14a6ea3d85be: receive RaftClientReply:client-B268B4322F32->17750241-545b-4219-93a1-14a6ea3d85be@group-C33FBD9556F2, cid=1134, SUCCESS, logIndex=1576, commits[17750241-545b-4219-93a1-14a6ea3d85be:c1576, 4eaaa090-573e-41d3-9f8c-c99e236d806a:c1574, 5f4cf9ee-4bed-49de-adaa-861aec894328:c1574]
2019-08-23 02:48:04,146 | INFO  | DNAudit | user=null | ip=null | op=WRITE_CHUNK {blockData=conID: 1 locID: 102664010307338695 bcsId: 1576} | ret=SUCCESS |  
2019-08-23 02:48:04,148 | INFO  | DNAudit | user=null | ip=null | op=WRITE_CHUNK {blockData=conID: 1 locID: 102664010307338695 bcsId: 1576} | ret=SUCCESS |  
2019-08-23 02:48:04,149 | INFO  | DNAudit | user=null | ip=null | op=WRITE_CHUNK {blockData=conID: 1 locID: 102664010307338695 bcsId: 1576} | ret=SUCCESS |  
2019-08-23 02:48:04,159 | INFO  | DNAudit | user=null | ip=null | op=WRITE_CHUNK {blockData=conID: 1 locID: 102664010307338695 bcsId: 1570} | ret=SUCCESS |  
2019-08-23 02:48:04,159 | INFO  | DNAudit | user=null | ip=null | op=WRITE_CHUNK {blockData=conID: 1 locID: 102664010307338695 bcsId: 1570} | ret=SUCCESS |  
2019-08-23 02:48:04,159 | INFO  | DNAudit | user=null | ip=null | op=PUT_BLOCK {blockData=[blockId=conID: 1 locID: 102664010307338695 bcsId: 0,size=3145728]} | ret=SUCCESS |  
2019-08-23 02:48:04,159 | INFO  | DNAudit | user=null | ip=null | op=PUT_BLOCK {blockData=[blockId=conID: 1 locID: 102664010307338695 bcsId: 0,size=3145728]} | ret=SUCCESS |  
2019-08-23 02:48:04,162 | INFO  | DNAudit | user=null | ip=null | op=WRITE_CHUNK {blockData=conID: 1 locID: 102664010307338695 bcsId: 1576} | ret=SUCCESS |  
2019-08-23 02:48:04,162 | INFO  | DNAudit | user=null | ip=null | op=PUT_BLOCK {blockData=[blockId=conID: 1 locID: 102664010307338695 bcsId: 0,size=4194304]} | ret=SUCCESS |  
2019-08-23 02:48:04,163 [grpc-default-executor-5] INFO  client.GrpcClientProtocolClient (GrpcClientProtocolClient.java:onNext(255)) - client-B268B4322F32->17750241-545b-4219-93a1-14a6ea3d85be: receive RaftClientReply:client-B268B4322F32->17750241-545b-4219-93a1-14a6ea3d85be@group-C33FBD9556F2, cid=1135, SUCCESS, logIndex=1579, commits[17750241-545b-4219-93a1-14a6ea3d85be:c1579, 4eaaa090-573e-41d3-9f8c-c99e236d806a:c1576, 5f4cf9ee-4bed-49de-adaa-861aec894328:c1576]
2019-08-23 02:48:04,163 [grpc-default-executor-5] INFO  client.GrpcClientProtocolClient (GrpcClientProtocolClient.java:onNext(255)) - client-B268B4322F32->17750241-545b-4219-93a1-14a6ea3d85be: receive RaftClientReply:client-B268B4322F32->17750241-545b-4219-93a1-14a6ea3d85be@group-C33FBD9556F2, cid=1136, SUCCESS, logIndex=1580, commits[17750241-545b-4219-93a1-14a6ea3d85be:c1580, 4eaaa090-573e-41d3-9f8c-c99e236d806a:c1576, 5f4cf9ee-4bed-49de-adaa-861aec894328:c1576]
2019-08-23 02:48:04,167 | INFO  | DNAudit | user=null | ip=null | op=WRITE_CHUNK {blockData=conID: 1 locID: 102664010307338695 bcsId: 1576} | ret=SUCCESS |  
2019-08-23 02:48:04,167 | INFO  | DNAudit | user=null | ip=null | op=WRITE_CHUNK {blockData=conID: 1 locID: 102664010307338695 bcsId: 1576} | ret=SUCCESS |  
2019-08-23 02:48:04,169 | INFO  | DNAudit | user=null | ip=null | op=PUT_BLOCK {blockData=[blockId=conID: 1 locID: 102664010307338695 bcsId: 0,size=4194304]} | ret=SUCCESS |  
2019-08-23 02:48:04,169 | INFO  | DNAudit | user=null | ip=null | op=PUT_BLOCK {blockData=[blockId=conID: 1 locID: 102664010307338695 bcsId: 0,size=4194304]} | ret=SUCCESS |  
2019-08-23 02:48:04,170 [grpc-default-executor-1] INFO  client.GrpcClientProtocolClient (GrpcClientProtocolClient.java:onNext(255)) - client-B268B4322F32->17750241-545b-4219-93a1-14a6ea3d85be: receive RaftClientReply:client-B268B4322F32->17750241-545b-4219-93a1-14a6ea3d85be@group-C33FBD9556F2, cid=1137, SUCCESS, logIndex=0, commits[17750241-545b-4219-93a1-14a6ea3d85be:c1582, 4eaaa090-573e-41d3-9f8c-c99e236d806a:c1580, 5f4cf9ee-4bed-49de-adaa-861aec894328:c1580]
2019-08-23 02:48:04,177 | INFO  | DNAudit | user=null | ip=null | op=WRITE_CHUNK {blockData=conID: 2 locID: 102664010307338696 bcsId: 0} | ret=SUCCESS |  
2019-08-23 02:48:04,179 | INFO  | DNAudit | user=null | ip=null | op=WRITE_CHUNK {blockData=conID: 2 locID: 102664010307338696 bcsId: 0} | ret=SUCCESS |  
2019-08-23 02:48:04,180 | INFO  | DNAudit | user=null | ip=null | op=WRITE_CHUNK {blockData=conID: 2 locID: 102664010307338696 bcsId: 0} | ret=SUCCESS |  
2019-08-23 02:48:04,180 | INFO  | DNAudit | user=null | ip=null | op=WRITE_CHUNK {blockData=conID: 2 locID: 102664010307338696 bcsId: 0} | ret=SUCCESS |  
2019-08-23 02:48:04,181 | INFO  | DNAudit | user=null | ip=null | op=WRITE_CHUNK {blockData=conID: 2 locID: 102664010307338696 bcsId: 0} | ret=SUCCESS |  
2019-08-23 02:48:04,182 | INFO  | DNAudit | user=null | ip=null | op=PUT_BLOCK {blockData=[blockId=conID: 2 locID: 102664010307338696 bcsId: 0,size=1048576]} | ret=SUCCESS |  
2019-08-23 02:48:04,182 | INFO  | DNAudit | user=null | ip=null | op=WRITE_CHUNK {blockData=conID: 2 locID: 102664010307338696 bcsId: 0} | ret=SUCCESS |  
2019-08-23 02:48:04,182 [grpc-default-executor-5] INFO  client.GrpcClientProtocolClient (GrpcClientProtocolClient.java:onNext(255)) - client-B268B4322F32->17750241-545b-4219-93a1-14a6ea3d85be: receive RaftClientReply:client-B268B4322F32->17750241-545b-4219-93a1-14a6ea3d85be@group-C33FBD9556F2, cid=1138, SUCCESS, logIndex=1583, commits[17750241-545b-4219-93a1-14a6ea3d85be:c1584, 4eaaa090-573e-41d3-9f8c-c99e236d806a:c1580, 5f4cf9ee-4bed-49de-adaa-861aec894328:c1582]
2019-08-23 02:48:04,183 | INFO  | DNAudit | user=null | ip=null | op=WRITE_CHUNK {blockData=conID: 2 locID: 102664010307338696 bcsId: 0} | ret=SUCCESS |  
2019-08-23 02:48:04,183 [grpc-default-executor-5] INFO  client.GrpcClientProtocolClient (GrpcClientProtocolClient.java:onNext(255)) - client-B268B4322F32->17750241-545b-4219-93a1-14a6ea3d85be: receive RaftClientReply:client-B268B4322F32->17750241-545b-4219-93a1-14a6ea3d85be@group-C33FBD9556F2, cid=1139, SUCCESS, logIndex=1584, commits[17750241-545b-4219-93a1-14a6ea3d85be:c1584, 4eaaa090-573e-41d3-9f8c-c99e236d806a:c1580, 5f4cf9ee-4bed-49de-adaa-861aec894328:c1582]
2019-08-23 02:48:04,184 | INFO  | DNAudit | user=null | ip=null | op=WRITE_CHUNK {blockData=conID: 2 locID: 102664010307338696 bcsId: 0} | ret=SUCCESS |  
2019-08-23 02:48:04,184 | INFO  | DNAudit | user=null | ip=null | op=WRITE_CHUNK {blockData=conID: 2 locID: 102664010307338696 bcsId: 0} | ret=SUCCESS |  
2019-08-23 02:48:04,184 | INFO  | DNAudit | user=null | ip=null | op=PUT_BLOCK {blockData=[blockId=conID: 2 locID: 102664010307338696 bcsId: 0,size=2097152]} | ret=SUCCESS |  
2019-08-23 02:48:04,185 | INFO  | DNAudit | user=null | ip=null | op=PUT_BLOCK {blockData=[blockId=conID: 2 locID: 102664010307338696 bcsId: 0,size=1048576]} | ret=SUCCESS |  
2019-08-23 02:48:04,185 [grpc-default-executor-6] INFO  client.GrpcClientProtocolClient (GrpcClientProtocolClient.java:onNext(255)) - client-B268B4322F32->17750241-545b-4219-93a1-14a6ea3d85be: receive RaftClientReply:client-B268B4322F32->17750241-545b-4219-93a1-14a6ea3d85be@group-C33FBD9556F2, cid=1140, SUCCESS, logIndex=1585, commits[17750241-545b-4219-93a1-14a6ea3d85be:c1586, 4eaaa090-573e-41d3-9f8c-c99e236d806a:c1582, 5f4cf9ee-4bed-49de-adaa-861aec894328:c1584]
2019-08-23 02:48:04,185 [grpc-default-executor-6] INFO  client.GrpcClientProtocolClient (GrpcClientProtocolClient.java:onNext(255)) - client-B268B4322F32->17750241-545b-4219-93a1-14a6ea3d85be: receive RaftClientReply:client-B268B4322F32->17750241-545b-4219-93a1-14a6ea3d85be@group-C33FBD9556F2, cid=1141, SUCCESS, logIndex=1586, commits[17750241-545b-4219-93a1-14a6ea3d85be:c1588, 4eaaa090-573e-41d3-9f8c-c99e236d806a:c1582, 5f4cf9ee-4bed-49de-adaa-861aec894328:c1584]
2019-08-23 02:48:04,185 | INFO  | DNAudit | user=null | ip=null | op=WRITE_CHUNK {blockData=conID: 2 locID: 102664010307338696 bcsId: 0} | ret=SUCCESS |  
2019-08-23 02:48:04,186 | INFO  | DNAudit | user=null | ip=null | op=PUT_BLOCK {blockData=[blockId=conID: 2 locID: 102664010307338696 bcsId: 0,size=1048576]} | ret=SUCCESS |  
2019-08-23 02:48:04,186 [grpc-default-executor-6] INFO  client.GrpcClientProtocolClient (GrpcClientProtocolClient.java:onNext(255)) - client-B268B4322F32->17750241-545b-4219-93a1-14a6ea3d85be: receive RaftClientReply:client-B268B4322F32->17750241-545b-4219-93a1-14a6ea3d85be@group-C33FBD9556F2, cid=1142, SUCCESS, logIndex=0, commits[17750241-545b-4219-93a1-14a6ea3d85be:c1588, 4eaaa090-573e-41d3-9f8c-c99e236d806a:c1584, 5f4cf9ee-4bed-49de-adaa-861aec894328:c1584]
2019-08-23 02:48:04,194 | INFO  | DNAudit | user=null | ip=null | op=WRITE_CHUNK {blockData=conID: 2 locID: 102664010307338696 bcsId: 1586} | ret=SUCCESS |  
2019-08-23 02:48:04,196 | INFO  | DNAudit | user=null | ip=null | op=WRITE_CHUNK {blockData=conID: 2 locID: 102664010307338696 bcsId: 1586} | ret=SUCCESS |  
2019-08-23 02:48:04,196 | INFO  | DNAudit | user=null | ip=null | op=WRITE_CHUNK {blockData=conID: 2 locID: 102664010307338696 bcsId: 1586} | ret=SUCCESS |  
2019-08-23 02:48:04,196 | INFO  | DNAudit | user=null | ip=null | op=WRITE_CHUNK {blockData=conID: 2 locID: 102664010307338696 bcsId: 0} | ret=SUCCESS |  
2019-08-23 02:48:04,196 | INFO  | DNAudit | user=null | ip=null | op=WRITE_CHUNK {blockData=conID: 2 locID: 102664010307338696 bcsId: 0} | ret=SUCCESS |  
2019-08-23 02:48:04,197 | INFO  | DNAudit | user=null | ip=null | op=PUT_BLOCK {blockData=[blockId=conID: 2 locID: 102664010307338696 bcsId: 0,size=2097152]} | ret=SUCCESS |  
2019-08-23 02:48:04,199 | INFO  | DNAudit | user=null | ip=null | op=PUT_BLOCK {blockData=[blockId=conID: 2 locID: 102664010307338696 bcsId: 0,size=2097152]} | ret=SUCCESS |  
2019-08-23 02:48:04,200 | INFO  | DNAudit | user=null | ip=null | op=WRITE_CHUNK {blockData=conID: 2 locID: 102664010307338696 bcsId: 1586} | ret=SUCCESS |  
2019-08-23 02:48:04,200 | INFO  | DNAudit | user=null | ip=null | op=PUT_BLOCK {blockData=[blockId=conID: 2 locID: 102664010307338696 bcsId: 0,size=3145728]} | ret=SUCCESS |  
2019-08-23 02:48:04,200 [grpc-default-executor-1] INFO  client.GrpcClientProtocolClient (GrpcClientProtocolClient.java:onNext(255)) - client-B268B4322F32->17750241-545b-4219-93a1-14a6ea3d85be: receive RaftClientReply:client-B268B4322F32->17750241-545b-4219-93a1-14a6ea3d85be@group-C33FBD9556F2, cid=1143, SUCCESS, logIndex=1591, commits[17750241-545b-4219-93a1-14a6ea3d85be:c1592, 4eaaa090-573e-41d3-9f8c-c99e236d806a:c1588, 5f4cf9ee-4bed-49de-adaa-861aec894328:c1588]
2019-08-23 02:48:04,201 [grpc-default-executor-5] INFO  client.GrpcClientProtocolClient (GrpcClientProtocolClient.java:onNext(255)) - client-B268B4322F32->17750241-545b-4219-93a1-14a6ea3d85be: receive RaftClientReply:client-B268B4322F32->17750241-545b-4219-93a1-14a6ea3d85be@group-C33FBD9556F2, cid=1144, SUCCESS, logIndex=1592, commits[17750241-545b-4219-93a1-14a6ea3d85be:c1592, 4eaaa090-573e-41d3-9f8c-c99e236d806a:c1588, 5f4cf9ee-4bed-49de-adaa-861aec894328:c1588]
2019-08-23 02:48:04,207 | INFO  | DNAudit | user=null | ip=null | op=WRITE_CHUNK {blockData=conID: 2 locID: 102664010307338696 bcsId: 1592} | ret=SUCCESS |  
2019-08-23 02:48:04,209 | INFO  | DNAudit | user=null | ip=null | op=WRITE_CHUNK {blockData=conID: 2 locID: 102664010307338696 bcsId: 1592} | ret=SUCCESS |  
2019-08-23 02:48:04,209 | INFO  | DNAudit | user=null | ip=null | op=WRITE_CHUNK {blockData=conID: 2 locID: 102664010307338696 bcsId: 1592} | ret=SUCCESS |  
2019-08-23 02:48:04,223 | INFO  | DNAudit | user=null | ip=null | op=WRITE_CHUNK {blockData=conID: 2 locID: 102664010307338696 bcsId: 1586} | ret=SUCCESS |  
2019-08-23 02:48:04,223 | INFO  | DNAudit | user=null | ip=null | op=WRITE_CHUNK {blockData=conID: 2 locID: 102664010307338696 bcsId: 1586} | ret=SUCCESS |  
2019-08-23 02:48:04,225 | INFO  | DNAudit | user=null | ip=null | op=PUT_BLOCK {blockData=[blockId=conID: 2 locID: 102664010307338696 bcsId: 0,size=3145728]} | ret=SUCCESS |  
2019-08-23 02:48:04,225 | INFO  | DNAudit | user=null | ip=null | op=PUT_BLOCK {blockData=[blockId=conID: 2 locID: 102664010307338696 bcsId: 0,size=3145728]} | ret=SUCCESS |  
2019-08-23 02:48:04,226 | INFO  | DNAudit | user=null | ip=null | op=WRITE_CHUNK {blockData=conID: 2 locID: 102664010307338696 bcsId: 1592} | ret=SUCCESS |  
2019-08-23 02:48:04,226 | INFO  | DNAudit | user=null | ip=null | op=PUT_BLOCK {blockData=[blockId=conID: 2 locID: 102664010307338696 bcsId: 0,size=4194304]} | ret=SUCCESS |  
2019-08-23 02:48:04,226 [grpc-default-executor-1] INFO  client.GrpcClientProtocolClient (GrpcClientProtocolClient.java:onNext(255)) - client-B268B4322F32->17750241-545b-4219-93a1-14a6ea3d85be: receive RaftClientReply:client-B268B4322F32->17750241-545b-4219-93a1-14a6ea3d85be@group-C33FBD9556F2, cid=1145, SUCCESS, logIndex=1595, commits[17750241-545b-4219-93a1-14a6ea3d85be:c1596, 4eaaa090-573e-41d3-9f8c-c99e236d806a:c1592, 5f4cf9ee-4bed-49de-adaa-861aec894328:c1592]
2019-08-23 02:48:04,227 [grpc-default-executor-1] INFO  client.GrpcClientProtocolClient (GrpcClientProtocolClient.java:onNext(255)) - client-B268B4322F32->17750241-545b-4219-93a1-14a6ea3d85be: receive RaftClientReply:client-B268B4322F32->17750241-545b-4219-93a1-14a6ea3d85be@group-C33FBD9556F2, cid=1146, SUCCESS, logIndex=1596, commits[17750241-545b-4219-93a1-14a6ea3d85be:c1596, 4eaaa090-573e-41d3-9f8c-c99e236d806a:c1592, 5f4cf9ee-4bed-49de-adaa-861aec894328:c1592]
2019-08-23 02:48:04,238 | INFO  | DNAudit | user=null | ip=null | op=WRITE_CHUNK {blockData=conID: 2 locID: 102664010307338696 bcsId: 1592} | ret=SUCCESS |  
2019-08-23 02:48:04,238 | INFO  | DNAudit | user=null | ip=null | op=WRITE_CHUNK {blockData=conID: 2 locID: 102664010307338696 bcsId: 1592} | ret=SUCCESS |  
2019-08-23 02:48:04,241 | INFO  | DNAudit | user=null | ip=null | op=PUT_BLOCK {blockData=[blockId=conID: 2 locID: 102664010307338696 bcsId: 0,size=4194304]} | ret=SUCCESS |  
2019-08-23 02:48:04,241 | INFO  | DNAudit | user=null | ip=null | op=PUT_BLOCK {blockData=[blockId=conID: 2 locID: 102664010307338696 bcsId: 0,size=4194304]} | ret=SUCCESS |  
2019-08-23 02:48:04,241 [grpc-default-executor-1] INFO  client.GrpcClientProtocolClient (GrpcClientProtocolClient.java:onNext(255)) - client-B268B4322F32->17750241-545b-4219-93a1-14a6ea3d85be: receive RaftClientReply:client-B268B4322F32->17750241-545b-4219-93a1-14a6ea3d85be@group-C33FBD9556F2, cid=1147, SUCCESS, logIndex=0, commits[17750241-545b-4219-93a1-14a6ea3d85be:c1598, 4eaaa090-573e-41d3-9f8c-c99e236d806a:c1596, 5f4cf9ee-4bed-49de-adaa-861aec894328:c1596]
2019-08-23 02:48:04,248 | INFO  | DNAudit | user=null | ip=null | op=WRITE_CHUNK {blockData=conID: 3 locID: 102664010307338697 bcsId: 0} | ret=SUCCESS |  
2019-08-23 02:48:04,249 | INFO  | DNAudit | user=null | ip=null | op=WRITE_CHUNK {blockData=conID: 3 locID: 102664010307338697 bcsId: 0} | ret=SUCCESS |  
2019-08-23 02:48:04,250 | INFO  | DNAudit | user=null | ip=null | op=WRITE_CHUNK {blockData=conID: 3 locID: 102664010307338697 bcsId: 0} | ret=SUCCESS |  
2019-08-23 02:48:04,250 | INFO  | DNAudit | user=null | ip=null | op=WRITE_CHUNK {blockData=conID: 3 locID: 102664010307338697 bcsId: 0} | ret=SUCCESS |  
2019-08-23 02:48:04,251 | INFO  | DNAudit | user=null | ip=null | op=WRITE_CHUNK {blockData=conID: 3 locID: 102664010307338697 bcsId: 0} | ret=SUCCESS |  
2019-08-23 02:48:04,252 | INFO  | DNAudit | user=null | ip=null | op=WRITE_CHUNK {blockData=conID: 3 locID: 102664010307338697 bcsId: 0} | ret=SUCCESS |  
2019-08-23 02:48:04,261 | INFO  | DNAudit | user=null | ip=null | op=WRITE_CHUNK {blockData=conID: 3 locID: 102664010307338697 bcsId: 0} | ret=SUCCESS |  
2019-08-23 02:48:04,261 | INFO  | DNAudit | user=null | ip=null | op=PUT_BLOCK {blockData=[blockId=conID: 3 locID: 102664010307338697 bcsId: 0,size=1048576]} | ret=SUCCESS |  
2019-08-23 02:48:04,262 [grpc-default-executor-4] INFO  client.GrpcClientProtocolClient (GrpcClientProtocolClient.java:onNext(255)) - client-B268B4322F32->17750241-545b-4219-93a1-14a6ea3d85be: receive RaftClientReply:client-B268B4322F32->17750241-545b-4219-93a1-14a6ea3d85be@group-C33FBD9556F2, cid=1148, SUCCESS, logIndex=1599, commits[17750241-545b-4219-93a1-14a6ea3d85be:c1600, 4eaaa090-573e-41d3-9f8c-c99e236d806a:c1598, 5f4cf9ee-4bed-49de-adaa-861aec894328:c1598]
2019-08-23 02:48:04,262 [grpc-default-executor-4] INFO  client.GrpcClientProtocolClient (GrpcClientProtocolClient.java:onNext(255)) - client-B268B4322F32->17750241-545b-4219-93a1-14a6ea3d85be: receive RaftClientReply:client-B268B4322F32->17750241-545b-4219-93a1-14a6ea3d85be@group-C33FBD9556F2, cid=1149, SUCCESS, logIndex=1600, commits[17750241-545b-4219-93a1-14a6ea3d85be:c1600, 4eaaa090-573e-41d3-9f8c-c99e236d806a:c1598, 5f4cf9ee-4bed-49de-adaa-861aec894328:c1598]
2019-08-23 02:48:04,263 | INFO  | DNAudit | user=null | ip=null | op=WRITE_CHUNK {blockData=conID: 3 locID: 102664010307338697 bcsId: 0} | ret=SUCCESS |  
2019-08-23 02:48:04,264 | INFO  | DNAudit | user=null | ip=null | op=PUT_BLOCK {blockData=[blockId=conID: 3 locID: 102664010307338697 bcsId: 0,size=2097152]} | ret=SUCCESS |  
2019-08-23 02:48:04,264 [grpc-default-executor-5] INFO  client.GrpcClientProtocolClient (GrpcClientProtocolClient.java:onNext(255)) - client-B268B4322F32->17750241-545b-4219-93a1-14a6ea3d85be: receive RaftClientReply:client-B268B4322F32->17750241-545b-4219-93a1-14a6ea3d85be@group-C33FBD9556F2, cid=1150, SUCCESS, logIndex=1601, commits[17750241-545b-4219-93a1-14a6ea3d85be:c1602, 4eaaa090-573e-41d3-9f8c-c99e236d806a:c1598, 5f4cf9ee-4bed-49de-adaa-861aec894328:c1598]
2019-08-23 02:48:04,264 [grpc-default-executor-5] INFO  client.GrpcClientProtocolClient (GrpcClientProtocolClient.java:onNext(255)) - client-B268B4322F32->17750241-545b-4219-93a1-14a6ea3d85be: receive RaftClientReply:client-B268B4322F32->17750241-545b-4219-93a1-14a6ea3d85be@group-C33FBD9556F2, cid=1151, SUCCESS, logIndex=1602, commits[17750241-545b-4219-93a1-14a6ea3d85be:c1602, 4eaaa090-573e-41d3-9f8c-c99e236d806a:c1598, 5f4cf9ee-4bed-49de-adaa-861aec894328:c1598]
2019-08-23 02:48:04,275 | INFO  | DNAudit | user=null | ip=null | op=WRITE_CHUNK {blockData=conID: 3 locID: 102664010307338697 bcsId: 0} | ret=SUCCESS |  
2019-08-23 02:48:04,275 | INFO  | DNAudit | user=null | ip=null | op=WRITE_CHUNK {blockData=conID: 3 locID: 102664010307338697 bcsId: 0} | ret=SUCCESS |  
2019-08-23 02:48:04,275 | INFO  | DNAudit | user=null | ip=null | op=PUT_BLOCK {blockData=[blockId=conID: 3 locID: 102664010307338697 bcsId: 0,size=1048576]} | ret=SUCCESS |  
2019-08-23 02:48:04,275 | INFO  | DNAudit | user=null | ip=null | op=PUT_BLOCK {blockData=[blockId=conID: 3 locID: 102664010307338697 bcsId: 0,size=1048576]} | ret=SUCCESS |  
2019-08-23 02:48:04,275 [grpc-default-executor-5] INFO  client.GrpcClientProtocolClient (GrpcClientProtocolClient.java:onNext(255)) - client-B268B4322F32->17750241-545b-4219-93a1-14a6ea3d85be: receive RaftClientReply:client-B268B4322F32->17750241-545b-4219-93a1-14a6ea3d85be@group-C33FBD9556F2, cid=1152, SUCCESS, logIndex=0, commits[17750241-545b-4219-93a1-14a6ea3d85be:c1602, 4eaaa090-573e-41d3-9f8c-c99e236d806a:c1600, 5f4cf9ee-4bed-49de-adaa-861aec894328:c1600]
2019-08-23 02:48:04,276 | INFO  | DNAudit | user=null | ip=null | op=WRITE_CHUNK {blockData=conID: 3 locID: 102664010307338697 bcsId: 0} | ret=SUCCESS |  
2019-08-23 02:48:04,276 | INFO  | DNAudit | user=null | ip=null | op=PUT_BLOCK {blockData=[blockId=conID: 3 locID: 102664010307338697 bcsId: 0,size=2097152]} | ret=SUCCESS |  
2019-08-23 02:48:04,276 | INFO  | DNAudit | user=null | ip=null | op=WRITE_CHUNK {blockData=conID: 3 locID: 102664010307338697 bcsId: 0} | ret=SUCCESS |  
2019-08-23 02:48:04,277 | INFO  | DNAudit | user=null | ip=null | op=PUT_BLOCK {blockData=[blockId=conID: 3 locID: 102664010307338697 bcsId: 0,size=2097152]} | ret=SUCCESS |  
2019-08-23 02:48:04,280 | INFO  | DNAudit | user=null | ip=null | op=WRITE_CHUNK {blockData=conID: 3 locID: 102664010307338697 bcsId: 1602} | ret=SUCCESS |  
2019-08-23 02:48:04,282 | INFO  | DNAudit | user=null | ip=null | op=WRITE_CHUNK {blockData=conID: 3 locID: 102664010307338697 bcsId: 1602} | ret=SUCCESS |  
2019-08-23 02:48:04,283 | INFO  | DNAudit | user=null | ip=null | op=WRITE_CHUNK {blockData=conID: 3 locID: 102664010307338697 bcsId: 1602} | ret=SUCCESS |  
2019-08-23 02:48:04,293 | INFO  | DNAudit | user=null | ip=null | op=WRITE_CHUNK {blockData=conID: 3 locID: 102664010307338697 bcsId: 1602} | ret=SUCCESS |  
2019-08-23 02:48:04,294 | INFO  | DNAudit | user=null | ip=null | op=PUT_BLOCK {blockData=[blockId=conID: 3 locID: 102664010307338697 bcsId: 0,size=3145728]} | ret=SUCCESS |  
2019-08-23 02:48:04,294 | INFO  | SCMAudit | user=jenkins1000 | ip=192.168.34.22 | op=SEND_HEARTBEAT {datanodeUUID=17750241-545b-4219-93a1-14a6ea3d85be, command=[]} | ret=SUCCESS |  
2019-08-23 02:48:04,294 | INFO  | SCMAudit | user=jenkins1000 | ip=192.168.34.22 | op=SEND_HEARTBEAT {datanodeUUID=5f4cf9ee-4bed-49de-adaa-861aec894328, command=[]} | ret=SUCCESS |  
2019-08-23 02:48:04,294 | INFO  | SCMAudit | user=jenkins1000 | ip=192.168.34.22 | op=SEND_HEARTBEAT {datanodeUUID=4eaaa090-573e-41d3-9f8c-c99e236d806a, command=[]} | ret=SUCCESS |  
2019-08-23 02:48:04,294 [grpc-default-executor-5] INFO  client.GrpcClientProtocolClient (GrpcClientProtocolClient.java:onNext(255)) - client-B268B4322F32->17750241-545b-4219-93a1-14a6ea3d85be: receive RaftClientReply:client-B268B4322F32->17750241-545b-4219-93a1-14a6ea3d85be@group-C33FBD9556F2, cid=1153, SUCCESS, logIndex=1607, commits[17750241-545b-4219-93a1-14a6ea3d85be:c1608, 4eaaa090-573e-41d3-9f8c-c99e236d806a:c1606, 5f4cf9ee-4bed-49de-adaa-861aec894328:c1606]
2019-08-23 02:48:04,294 [grpc-default-executor-5] INFO  client.GrpcClientProtocolClient (GrpcClientProtocolClient.java:onNext(255)) - client-B268B4322F32->17750241-545b-4219-93a1-14a6ea3d85be: receive RaftClientReply:client-B268B4322F32->17750241-545b-4219-93a1-14a6ea3d85be@group-C33FBD9556F2, cid=1154, SUCCESS, logIndex=1608, commits[17750241-545b-4219-93a1-14a6ea3d85be:c1608, 4eaaa090-573e-41d3-9f8c-c99e236d806a:c1606, 5f4cf9ee-4bed-49de-adaa-861aec894328:c1606]
2019-08-23 02:48:04,299 | INFO  | DNAudit | user=null | ip=null | op=WRITE_CHUNK {blockData=conID: 3 locID: 102664010307338697 bcsId: 1608} | ret=SUCCESS |  
2019-08-23 02:48:04,301 | INFO  | DNAudit | user=null | ip=null | op=WRITE_CHUNK {blockData=conID: 3 locID: 102664010307338697 bcsId: 1608} | ret=SUCCESS |  
2019-08-23 02:48:04,301 | INFO  | DNAudit | user=null | ip=null | op=WRITE_CHUNK {blockData=conID: 3 locID: 102664010307338697 bcsId: 1608} | ret=SUCCESS |  
2019-08-23 02:48:04,305 | INFO  | DNAudit | user=null | ip=null | op=WRITE_CHUNK {blockData=conID: 3 locID: 102664010307338697 bcsId: 1602} | ret=SUCCESS |  
2019-08-23 02:48:04,305 | INFO  | DNAudit | user=null | ip=null | op=WRITE_CHUNK {blockData=conID: 3 locID: 102664010307338697 bcsId: 1602} | ret=SUCCESS |  
2019-08-23 02:48:04,309 | INFO  | DNAudit | user=null | ip=null | op=PUT_BLOCK {blockData=[blockId=conID: 3 locID: 102664010307338697 bcsId: 0,size=3145728]} | ret=SUCCESS |  
2019-08-23 02:48:04,309 | INFO  | DNAudit | user=null | ip=null | op=PUT_BLOCK {blockData=[blockId=conID: 3 locID: 102664010307338697 bcsId: 0,size=3145728]} | ret=SUCCESS |  
2019-08-23 02:48:04,321 | INFO  | DNAudit | user=null | ip=null | op=WRITE_CHUNK {blockData=conID: 3 locID: 102664010307338697 bcsId: 1608} | ret=SUCCESS |  
2019-08-23 02:48:04,322 | INFO  | DNAudit | user=null | ip=null | op=PUT_BLOCK {blockData=[blockId=conID: 3 locID: 102664010307338697 bcsId: 0,size=4194304]} | ret=SUCCESS |  
2019-08-23 02:48:04,322 [grpc-default-executor-4] INFO  client.GrpcClientProtocolClient (GrpcClientProtocolClient.java:onNext(255)) - client-B268B4322F32->17750241-545b-4219-93a1-14a6ea3d85be: receive RaftClientReply:client-B268B4322F32->17750241-545b-4219-93a1-14a6ea3d85be@group-C33FBD9556F2, cid=1155, SUCCESS, logIndex=1611, commits[17750241-545b-4219-93a1-14a6ea3d85be:c1611, 4eaaa090-573e-41d3-9f8c-c99e236d806a:c1608, 5f4cf9ee-4bed-49de-adaa-861aec894328:c1608]
2019-08-23 02:48:04,322 [grpc-default-executor-4] INFO  client.GrpcClientProtocolClient (GrpcClientProtocolClient.java:onNext(255)) - client-B268B4322F32->17750241-545b-4219-93a1-14a6ea3d85be: receive RaftClientReply:client-B268B4322F32->17750241-545b-4219-93a1-14a6ea3d85be@group-C33FBD9556F2, cid=1156, SUCCESS, logIndex=1612, commits[17750241-545b-4219-93a1-14a6ea3d85be:c1612, 4eaaa090-573e-41d3-9f8c-c99e236d806a:c1608, 5f4cf9ee-4bed-49de-adaa-861aec894328:c1608]
2019-08-23 02:48:04,334 | INFO  | DNAudit | user=null | ip=null | op=WRITE_CHUNK {blockData=conID: 3 locID: 102664010307338697 bcsId: 1608} | ret=SUCCESS |  
2019-08-23 02:48:04,334 | INFO  | DNAudit | user=null | ip=null | op=WRITE_CHUNK {blockData=conID: 3 locID: 102664010307338697 bcsId: 1608} | ret=SUCCESS |  
2019-08-23 02:48:04,347 | INFO  | DNAudit | user=null | ip=null | op=PUT_BLOCK {blockData=[blockId=conID: 3 locID: 102664010307338697 bcsId: 0,size=4194304]} | ret=SUCCESS |  
2019-08-23 02:48:04,347 | INFO  | DNAudit | user=null | ip=null | op=PUT_BLOCK {blockData=[blockId=conID: 3 locID: 102664010307338697 bcsId: 0,size=4194304]} | ret=SUCCESS |  
2019-08-23 02:48:04,348 [grpc-default-executor-5] INFO  client.GrpcClientProtocolClient (GrpcClientProtocolClient.java:onNext(255)) - client-B268B4322F32->17750241-545b-4219-93a1-14a6ea3d85be: receive RaftClientReply:client-B268B4322F32->17750241-545b-4219-93a1-14a6ea3d85be@group-C33FBD9556F2, cid=1157, SUCCESS, logIndex=0, commits[17750241-545b-4219-93a1-14a6ea3d85be:c1613, 4eaaa090-573e-41d3-9f8c-c99e236d806a:c1612, 5f4cf9ee-4bed-49de-adaa-861aec894328:c1612]
2019-08-23 02:48:04,354 | INFO  | DNAudit | user=null | ip=null | op=WRITE_CHUNK {blockData=conID: 1 locID: 102664010307338698 bcsId: 0} | ret=SUCCESS |  
2019-08-23 02:48:04,357 | INFO  | DNAudit | user=null | ip=null | op=WRITE_CHUNK {blockData=conID: 1 locID: 102664010307338698 bcsId: 0} | ret=SUCCESS |  
2019-08-23 02:48:04,357 | INFO  | DNAudit | user=null | ip=null | op=WRITE_CHUNK {blockData=conID: 1 locID: 102664010307338698 bcsId: 0} | ret=SUCCESS |  
2019-08-23 02:48:04,357 | INFO  | DNAudit | user=null | ip=null | op=WRITE_CHUNK {blockData=conID: 1 locID: 102664010307338698 bcsId: 0} | ret=SUCCESS |  
2019-08-23 02:48:04,358 | INFO  | DNAudit | user=null | ip=null | op=WRITE_CHUNK {blockData=conID: 1 locID: 102664010307338698 bcsId: 0} | ret=SUCCESS |  
2019-08-23 02:48:04,358 | INFO  | DNAudit | user=null | ip=null | op=WRITE_CHUNK {blockData=conID: 1 locID: 102664010307338698 bcsId: 0} | ret=SUCCESS |  
2019-08-23 02:48:04,367 | INFO  | DNAudit | user=null | ip=null | op=WRITE_CHUNK {blockData=conID: 1 locID: 102664010307338698 bcsId: 0} | ret=SUCCESS |  
2019-08-23 02:48:04,368 | INFO  | DNAudit | user=null | ip=null | op=PUT_BLOCK {blockData=[blockId=conID: 1 locID: 102664010307338698 bcsId: 0,size=1048576]} | ret=SUCCESS |  
2019-08-23 02:48:04,368 [grpc-default-executor-4] INFO  client.GrpcClientProtocolClient (GrpcClientProtocolClient.java:onNext(255)) - client-B268B4322F32->17750241-545b-4219-93a1-14a6ea3d85be: receive RaftClientReply:client-B268B4322F32->17750241-545b-4219-93a1-14a6ea3d85be@group-C33FBD9556F2, cid=1158, SUCCESS, logIndex=1615, commits[17750241-545b-4219-93a1-14a6ea3d85be:c1616, 4eaaa090-573e-41d3-9f8c-c99e236d806a:c1614, 5f4cf9ee-4bed-49de-adaa-861aec894328:c1614]
2019-08-23 02:48:04,368 [grpc-default-executor-4] INFO  client.GrpcClientProtocolClient (GrpcClientProtocolClient.java:onNext(255)) - client-B268B4322F32->17750241-545b-4219-93a1-14a6ea3d85be: receive RaftClientReply:client-B268B4322F32->17750241-545b-4219-93a1-14a6ea3d85be@group-C33FBD9556F2, cid=1159, SUCCESS, logIndex=1616, commits[17750241-545b-4219-93a1-14a6ea3d85be:c1616, 4eaaa090-573e-41d3-9f8c-c99e236d806a:c1614, 5f4cf9ee-4bed-49de-adaa-861aec894328:c1614]
2019-08-23 02:48:04,378 | INFO  | DNAudit | user=null | ip=null | op=WRITE_CHUNK {blockData=conID: 1 locID: 102664010307338698 bcsId: 0} | ret=SUCCESS |  
2019-08-23 02:48:04,378 | INFO  | DNAudit | user=null | ip=null | op=PUT_BLOCK {blockData=[blockId=conID: 1 locID: 102664010307338698 bcsId: 0,size=2097152]} | ret=SUCCESS |  
2019-08-23 02:48:04,378 [grpc-default-executor-4] INFO  client.GrpcClientProtocolClient (GrpcClientProtocolClient.java:onNext(255)) - client-B268B4322F32->17750241-545b-4219-93a1-14a6ea3d85be: receive RaftClientReply:client-B268B4322F32->17750241-545b-4219-93a1-14a6ea3d85be@group-C33FBD9556F2, cid=1160, SUCCESS, logIndex=1617, commits[17750241-545b-4219-93a1-14a6ea3d85be:c1618, 4eaaa090-573e-41d3-9f8c-c99e236d806a:c1614, 5f4cf9ee-4bed-49de-adaa-861aec894328:c1614]
2019-08-23 02:48:04,378 [grpc-default-executor-4] INFO  client.GrpcClientProtocolClient (GrpcClientProtocolClient.java:onNext(255)) - client-B268B4322F32->17750241-545b-4219-93a1-14a6ea3d85be: receive RaftClientReply:client-B268B4322F32->17750241-545b-4219-93a1-14a6ea3d85be@group-C33FBD9556F2, cid=1161, SUCCESS, logIndex=1618, commits[17750241-545b-4219-93a1-14a6ea3d85be:c1618, 4eaaa090-573e-41d3-9f8c-c99e236d806a:c1614, 5f4cf9ee-4bed-49de-adaa-861aec894328:c1614]
2019-08-23 02:48:04,380 | INFO  | DNAudit | user=null | ip=null | op=WRITE_CHUNK {blockData=conID: 1 locID: 102664010307338698 bcsId: 0} | ret=SUCCESS |  
2019-08-23 02:48:04,380 | INFO  | DNAudit | user=null | ip=null | op=WRITE_CHUNK {blockData=conID: 1 locID: 102664010307338698 bcsId: 0} | ret=SUCCESS |  
2019-08-23 02:48:04,380 | INFO  | DNAudit | user=null | ip=null | op=PUT_BLOCK {blockData=[blockId=conID: 1 locID: 102664010307338698 bcsId: 0,size=1048576]} | ret=SUCCESS |  
2019-08-23 02:48:04,380 | INFO  | DNAudit | user=null | ip=null | op=PUT_BLOCK {blockData=[blockId=conID: 1 locID: 102664010307338698 bcsId: 0,size=1048576]} | ret=SUCCESS |  
2019-08-23 02:48:04,380 [grpc-default-executor-6] INFO  client.GrpcClientProtocolClient (GrpcClientProtocolClient.java:onNext(255)) - client-B268B4322F32->17750241-545b-4219-93a1-14a6ea3d85be: receive RaftClientReply:client-B268B4322F32->17750241-545b-4219-93a1-14a6ea3d85be@group-C33FBD9556F2, cid=1162, SUCCESS, logIndex=0, commits[17750241-545b-4219-93a1-14a6ea3d85be:c1618, 4eaaa090-573e-41d3-9f8c-c99e236d806a:c1616, 5f4cf9ee-4bed-49de-adaa-861aec894328:c1616]
2019-08-23 02:48:04,386 | INFO  | DNAudit | user=null | ip=null | op=WRITE_CHUNK {blockData=conID: 1 locID: 102664010307338698 bcsId: 1618} | ret=SUCCESS |  
2019-08-23 02:48:04,388 | INFO  | DNAudit | user=null | ip=null | op=WRITE_CHUNK {blockData=conID: 1 locID: 102664010307338698 bcsId: 1618} | ret=SUCCESS |  
2019-08-23 02:48:04,388 | INFO  | DNAudit | user=null | ip=null | op=WRITE_CHUNK {blockData=conID: 1 locID: 102664010307338698 bcsId: 1618} | ret=SUCCESS |  
2019-08-23 02:48:04,413 | INFO  | DNAudit | user=null | ip=null | op=WRITE_CHUNK {blockData=conID: 1 locID: 102664010307338698 bcsId: 0} | ret=SUCCESS |  
2019-08-23 02:48:04,414 | INFO  | DNAudit | user=null | ip=null | op=WRITE_CHUNK {blockData=conID: 1 locID: 102664010307338698 bcsId: 0} | ret=SUCCESS |  
2019-08-23 02:48:04,414 | INFO  | DNAudit | user=null | ip=null | op=WRITE_CHUNK {blockData=conID: 1 locID: 102664010307338698 bcsId: 1618} | ret=SUCCESS |  
2019-08-23 02:48:04,414 | INFO  | DNAudit | user=null | ip=null | op=PUT_BLOCK {blockData=[blockId=conID: 1 locID: 102664010307338698 bcsId: 0,size=2097152]} | ret=SUCCESS |  
2019-08-23 02:48:04,414 | INFO  | DNAudit | user=null | ip=null | op=PUT_BLOCK {blockData=[blockId=conID: 1 locID: 102664010307338698 bcsId: 0,size=2097152]} | ret=SUCCESS |  
2019-08-23 02:48:04,414 | INFO  | DNAudit | user=null | ip=null | op=PUT_BLOCK {blockData=[blockId=conID: 1 locID: 102664010307338698 bcsId: 0,size=3145728]} | ret=SUCCESS |  
2019-08-23 02:48:04,414 [grpc-default-executor-4] INFO  client.GrpcClientProtocolClient (GrpcClientProtocolClient.java:onNext(255)) - client-B268B4322F32->17750241-545b-4219-93a1-14a6ea3d85be: receive RaftClientReply:client-B268B4322F32->17750241-545b-4219-93a1-14a6ea3d85be@group-C33FBD9556F2, cid=1163, SUCCESS, logIndex=1623, commits[17750241-545b-4219-93a1-14a6ea3d85be:c1624, 4eaaa090-573e-41d3-9f8c-c99e236d806a:c1618, 5f4cf9ee-4bed-49de-adaa-861aec894328:c1618]
2019-08-23 02:48:04,415 [grpc-default-executor-4] INFO  client.GrpcClientProtocolClient (GrpcClientProtocolClient.java:onNext(255)) - client-B268B4322F32->17750241-545b-4219-93a1-14a6ea3d85be: receive RaftClientReply:client-B268B4322F32->17750241-545b-4219-93a1-14a6ea3d85be@group-C33FBD9556F2, cid=1164, SUCCESS, logIndex=1624, commits[17750241-545b-4219-93a1-14a6ea3d85be:c1624, 4eaaa090-573e-41d3-9f8c-c99e236d806a:c1618, 5f4cf9ee-4bed-49de-adaa-861aec894328:c1618]
2019-08-23 02:48:04,421 | INFO  | DNAudit | user=null | ip=null | op=WRITE_CHUNK {blockData=conID: 1 locID: 102664010307338698 bcsId: 1624} | ret=SUCCESS |  
2019-08-23 02:48:04,423 | INFO  | DNAudit | user=null | ip=null | op=WRITE_CHUNK {blockData=conID: 1 locID: 102664010307338698 bcsId: 1624} | ret=SUCCESS |  
2019-08-23 02:48:04,424 | INFO  | DNAudit | user=null | ip=null | op=WRITE_CHUNK {blockData=conID: 1 locID: 102664010307338698 bcsId: 1624} | ret=SUCCESS |  
2019-08-23 02:48:04,430 | INFO  | DNAudit | user=null | ip=null | op=WRITE_CHUNK {blockData=conID: 1 locID: 102664010307338698 bcsId: 1618} | ret=SUCCESS |  
2019-08-23 02:48:04,430 | INFO  | DNAudit | user=null | ip=null | op=PUT_BLOCK {blockData=[blockId=conID: 1 locID: 102664010307338698 bcsId: 0,size=3145728]} | ret=SUCCESS |  
2019-08-23 02:48:04,430 | INFO  | DNAudit | user=null | ip=null | op=WRITE_CHUNK {blockData=conID: 1 locID: 102664010307338698 bcsId: 1618} | ret=SUCCESS |  
2019-08-23 02:48:04,430 | INFO  | DNAudit | user=null | ip=null | op=PUT_BLOCK {blockData=[blockId=conID: 1 locID: 102664010307338698 bcsId: 0,size=3145728]} | ret=SUCCESS |  
2019-08-23 02:48:04,433 | INFO  | DNAudit | user=null | ip=null | op=WRITE_CHUNK {blockData=conID: 1 locID: 102664010307338698 bcsId: 1624} | ret=SUCCESS |  
2019-08-23 02:48:04,433 | INFO  | DNAudit | user=null | ip=null | op=PUT_BLOCK {blockData=[blockId=conID: 1 locID: 102664010307338698 bcsId: 0,size=4194304]} | ret=SUCCESS |  
2019-08-23 02:48:04,433 [grpc-default-executor-6] INFO  client.GrpcClientProtocolClient (GrpcClientProtocolClient.java:onNext(255)) - client-B268B4322F32->17750241-545b-4219-93a1-14a6ea3d85be: receive RaftClientReply:client-B268B4322F32->17750241-545b-4219-93a1-14a6ea3d85be@group-C33FBD9556F2, cid=1165, SUCCESS, logIndex=1627, commits[17750241-545b-4219-93a1-14a6ea3d85be:c1628, 4eaaa090-573e-41d3-9f8c-c99e236d806a:c1624, 5f4cf9ee-4bed-49de-adaa-861aec894328:c1624]
2019-08-23 02:48:04,434 [grpc-default-executor-6] INFO  client.GrpcClientProtocolClient (GrpcClientProtocolClient.java:onNext(255)) - client-B268B4322F32->17750241-545b-4219-93a1-14a6ea3d85be: receive RaftClientReply:client-B268B4322F32->17750241-545b-4219-93a1-14a6ea3d85be@group-C33FBD9556F2, cid=1166, SUCCESS, logIndex=1628, commits[17750241-545b-4219-93a1-14a6ea3d85be:c1628, 4eaaa090-573e-41d3-9f8c-c99e236d806a:c1624, 5f4cf9ee-4bed-49de-adaa-861aec894328:c1624]
2019-08-23 02:48:04,445 | INFO  | DNAudit | user=null | ip=null | op=WRITE_CHUNK {blockData=conID: 1 locID: 102664010307338698 bcsId: 1624} | ret=SUCCESS |  
2019-08-23 02:48:04,445 | INFO  | DNAudit | user=null | ip=null | op=WRITE_CHUNK {blockData=conID: 1 locID: 102664010307338698 bcsId: 1624} | ret=SUCCESS |  
2019-08-23 02:48:04,446 | INFO  | DNAudit | user=null | ip=null | op=PUT_BLOCK {blockData=[blockId=conID: 1 locID: 102664010307338698 bcsId: 0,size=4194304]} | ret=SUCCESS |  
2019-08-23 02:48:04,447 | INFO  | DNAudit | user=null | ip=null | op=PUT_BLOCK {blockData=[blockId=conID: 1 locID: 102664010307338698 bcsId: 0,size=4194304]} | ret=SUCCESS |  
2019-08-23 02:48:04,447 [grpc-default-executor-6] INFO  client.GrpcClientProtocolClient (GrpcClientProtocolClient.java:onNext(255)) - client-B268B4322F32->17750241-545b-4219-93a1-14a6ea3d85be: receive RaftClientReply:client-B268B4322F32->17750241-545b-4219-93a1-14a6ea3d85be@group-C33FBD9556F2, cid=1167, SUCCESS, logIndex=0, commits[17750241-545b-4219-93a1-14a6ea3d85be:c1630, 4eaaa090-573e-41d3-9f8c-c99e236d806a:c1628, 5f4cf9ee-4bed-49de-adaa-861aec894328:c1628]
2019-08-23 02:48:04,454 | INFO  | DNAudit | user=null | ip=null | op=WRITE_CHUNK {blockData=conID: 2 locID: 102664010307338699 bcsId: 0} | ret=SUCCESS |  
2019-08-23 02:48:04,457 | INFO  | DNAudit | user=null | ip=null | op=WRITE_CHUNK {blockData=conID: 2 locID: 102664010307338699 bcsId: 0} | ret=SUCCESS |  
2019-08-23 02:48:04,457 | INFO  | DNAudit | user=null | ip=null | op=WRITE_CHUNK {blockData=conID: 2 locID: 102664010307338699 bcsId: 0} | ret=SUCCESS |  
2019-08-23 02:48:04,458 | INFO  | DNAudit | user=null | ip=null | op=WRITE_CHUNK {blockData=conID: 2 locID: 102664010307338699 bcsId: 0} | ret=SUCCESS |  
2019-08-23 02:48:04,459 | INFO  | DNAudit | user=null | ip=null | op=WRITE_CHUNK {blockData=conID: 2 locID: 102664010307338699 bcsId: 0} | ret=SUCCESS |  
2019-08-23 02:48:04,459 | INFO  | DNAudit | user=null | ip=null | op=WRITE_CHUNK {blockData=conID: 2 locID: 102664010307338699 bcsId: 0} | ret=SUCCESS |  
2019-08-23 02:48:04,467 | INFO  | DNAudit | user=null | ip=null | op=WRITE_CHUNK {blockData=conID: 2 locID: 102664010307338699 bcsId: 0} | ret=SUCCESS |  
2019-08-23 02:48:04,468 | INFO  | DNAudit | user=null | ip=null | op=PUT_BLOCK {blockData=[blockId=conID: 2 locID: 102664010307338699 bcsId: 0,size=1048576]} | ret=SUCCESS |  
2019-08-23 02:48:04,468 | INFO  | DNAudit | user=null | ip=null | op=WRITE_CHUNK {blockData=conID: 2 locID: 102664010307338699 bcsId: 0} | ret=SUCCESS |  
2019-08-23 02:48:04,468 [grpc-default-executor-4] INFO  client.GrpcClientProtocolClient (GrpcClientProtocolClient.java:onNext(255)) - client-B268B4322F32->17750241-545b-4219-93a1-14a6ea3d85be: receive RaftClientReply:client-B268B4322F32->17750241-545b-4219-93a1-14a6ea3d85be@group-C33FBD9556F2, cid=1168, SUCCESS, logIndex=1631, commits[17750241-545b-4219-93a1-14a6ea3d85be:c1634, 4eaaa090-573e-41d3-9f8c-c99e236d806a:c1630, 5f4cf9ee-4bed-49de-adaa-861aec894328:c1630]
2019-08-23 02:48:04,468 | INFO  | DNAudit | user=null | ip=null | op=PUT_BLOCK {blockData=[blockId=conID: 2 locID: 102664010307338699 bcsId: 0,size=2097152]} | ret=SUCCESS |  
2019-08-23 02:48:04,468 [grpc-default-executor-4] INFO  client.GrpcClientProtocolClient (GrpcClientProtocolClient.java:onNext(255)) - client-B268B4322F32->17750241-545b-4219-93a1-14a6ea3d85be: receive RaftClientReply:client-B268B4322F32->17750241-545b-4219-93a1-14a6ea3d85be@group-C33FBD9556F2, cid=1169, SUCCESS, logIndex=1632, commits[17750241-545b-4219-93a1-14a6ea3d85be:c1634, 4eaaa090-573e-41d3-9f8c-c99e236d806a:c1630, 5f4cf9ee-4bed-49de-adaa-861aec894328:c1630]
2019-08-23 02:48:04,469 [grpc-default-executor-4] INFO  client.GrpcClientProtocolClient (GrpcClientProtocolClient.java:onNext(255)) - client-B268B4322F32->17750241-545b-4219-93a1-14a6ea3d85be: receive RaftClientReply:client-B268B4322F32->17750241-545b-4219-93a1-14a6ea3d85be@group-C33FBD9556F2, cid=1170, SUCCESS, logIndex=1633, commits[17750241-545b-4219-93a1-14a6ea3d85be:c1634, 4eaaa090-573e-41d3-9f8c-c99e236d806a:c1630, 5f4cf9ee-4bed-49de-adaa-861aec894328:c1630]
2019-08-23 02:48:04,469 [grpc-default-executor-4] INFO  client.GrpcClientProtocolClient (GrpcClientProtocolClient.java:onNext(255)) - client-B268B4322F32->17750241-545b-4219-93a1-14a6ea3d85be: receive RaftClientReply:client-B268B4322F32->17750241-545b-4219-93a1-14a6ea3d85be@group-C33FBD9556F2, cid=1171, SUCCESS, logIndex=1634, commits[17750241-545b-4219-93a1-14a6ea3d85be:c1634, 4eaaa090-573e-41d3-9f8c-c99e236d806a:c1630, 5f4cf9ee-4bed-49de-adaa-861aec894328:c1630]
2019-08-23 02:48:04,470 | INFO  | DNAudit | user=null | ip=null | op=WRITE_CHUNK {blockData=conID: 2 locID: 102664010307338699 bcsId: 0} | ret=SUCCESS |  
2019-08-23 02:48:04,470 | INFO  | DNAudit | user=null | ip=null | op=WRITE_CHUNK {blockData=conID: 2 locID: 102664010307338699 bcsId: 0} | ret=SUCCESS |  
2019-08-23 02:48:04,470 | INFO  | DNAudit | user=null | ip=null | op=PUT_BLOCK {blockData=[blockId=conID: 2 locID: 102664010307338699 bcsId: 0,size=1048576]} | ret=SUCCESS |  
2019-08-23 02:48:04,483 | INFO  | DNAudit | user=null | ip=null | op=PUT_BLOCK {blockData=[blockId=conID: 2 locID: 102664010307338699 bcsId: 0,size=1048576]} | ret=SUCCESS |  
2019-08-23 02:48:04,483 | INFO  | DNAudit | user=null | ip=null | op=WRITE_CHUNK {blockData=conID: 2 locID: 102664010307338699 bcsId: 0} | ret=SUCCESS |  
2019-08-23 02:48:04,483 | INFO  | DNAudit | user=null | ip=null | op=PUT_BLOCK {blockData=[blockId=conID: 2 locID: 102664010307338699 bcsId: 0,size=2097152]} | ret=SUCCESS |  
2019-08-23 02:48:04,483 | INFO  | DNAudit | user=null | ip=null | op=WRITE_CHUNK {blockData=conID: 2 locID: 102664010307338699 bcsId: 0} | ret=SUCCESS |  
2019-08-23 02:48:04,484 | INFO  | DNAudit | user=null | ip=null | op=PUT_BLOCK {blockData=[blockId=conID: 2 locID: 102664010307338699 bcsId: 0,size=2097152]} | ret=SUCCESS |  
2019-08-23 02:48:04,484 [grpc-default-executor-6] INFO  client.GrpcClientProtocolClient (GrpcClientProtocolClient.java:onNext(255)) - client-B268B4322F32->17750241-545b-4219-93a1-14a6ea3d85be: receive RaftClientReply:client-B268B4322F32->17750241-545b-4219-93a1-14a6ea3d85be@group-C33FBD9556F2, cid=1172, SUCCESS, logIndex=0, commits[17750241-545b-4219-93a1-14a6ea3d85be:c1635, 4eaaa090-573e-41d3-9f8c-c99e236d806a:c1632, 5f4cf9ee-4bed-49de-adaa-861aec894328:c1632]
2019-08-23 02:48:04,490 | INFO  | DNAudit | user=null | ip=null | op=WRITE_CHUNK {blockData=conID: 2 locID: 102664010307338699 bcsId: 1634} | ret=SUCCESS |  
2019-08-23 02:48:04,492 | INFO  | DNAudit | user=null | ip=null | op=WRITE_CHUNK {blockData=conID: 2 locID: 102664010307338699 bcsId: 1634} | ret=SUCCESS |  
2019-08-23 02:48:04,493 | INFO  | DNAudit | user=null | ip=null | op=WRITE_CHUNK {blockData=conID: 2 locID: 102664010307338699 bcsId: 1634} | ret=SUCCESS |  
2019-08-23 02:48:04,502 | INFO  | DNAudit | user=null | ip=null | op=WRITE_CHUNK {blockData=conID: 2 locID: 102664010307338699 bcsId: 1634} | ret=SUCCESS |  
2019-08-23 02:48:04,502 | INFO  | DNAudit | user=null | ip=null | op=PUT_BLOCK {blockData=[blockId=conID: 2 locID: 102664010307338699 bcsId: 0,size=3145728]} | ret=SUCCESS |  
2019-08-23 02:48:04,502 [grpc-default-executor-4] INFO  client.GrpcClientProtocolClient (GrpcClientProtocolClient.java:onNext(255)) - client-B268B4322F32->17750241-545b-4219-93a1-14a6ea3d85be: receive RaftClientReply:client-B268B4322F32->17750241-545b-4219-93a1-14a6ea3d85be@group-C33FBD9556F2, cid=1173, SUCCESS, logIndex=1639, commits[17750241-545b-4219-93a1-14a6ea3d85be:c1640, 4eaaa090-573e-41d3-9f8c-c99e236d806a:c1638, 5f4cf9ee-4bed-49de-adaa-861aec894328:c1638]
2019-08-23 02:48:04,503 [grpc-default-executor-4] INFO  client.GrpcClientProtocolClient (GrpcClientProtocolClient.java:onNext(255)) - client-B268B4322F32->17750241-545b-4219-93a1-14a6ea3d85be: receive RaftClientReply:client-B268B4322F32->17750241-545b-4219-93a1-14a6ea3d85be@group-C33FBD9556F2, cid=1174, SUCCESS, logIndex=1640, commits[17750241-545b-4219-93a1-14a6ea3d85be:c1640, 4eaaa090-573e-41d3-9f8c-c99e236d806a:c1638, 5f4cf9ee-4bed-49de-adaa-861aec894328:c1638]
2019-08-23 02:48:04,511 | INFO  | DNAudit | user=null | ip=null | op=WRITE_CHUNK {blockData=conID: 2 locID: 102664010307338699 bcsId: 1640} | ret=SUCCESS |  
2019-08-23 02:48:04,511 | INFO  | DNAudit | user=null | ip=null | op=WRITE_CHUNK {blockData=conID: 2 locID: 102664010307338699 bcsId: 1640} | ret=SUCCESS |  
2019-08-23 02:48:04,512 | INFO  | DNAudit | user=null | ip=null | op=WRITE_CHUNK {blockData=conID: 2 locID: 102664010307338699 bcsId: 1640} | ret=SUCCESS |  
2019-08-23 02:48:04,514 | INFO  | DNAudit | user=null | ip=null | op=WRITE_CHUNK {blockData=conID: 2 locID: 102664010307338699 bcsId: 1634} | ret=SUCCESS |  
2019-08-23 02:48:04,514 | INFO  | DNAudit | user=null | ip=null | op=WRITE_CHUNK {blockData=conID: 2 locID: 102664010307338699 bcsId: 1634} | ret=SUCCESS |  
2019-08-23 02:48:04,527 | INFO  | DNAudit | user=null | ip=null | op=PUT_BLOCK {blockData=[blockId=conID: 2 locID: 102664010307338699 bcsId: 0,size=3145728]} | ret=SUCCESS |  
2019-08-23 02:48:04,527 | INFO  | DNAudit | user=null | ip=null | op=PUT_BLOCK {blockData=[blockId=conID: 2 locID: 102664010307338699 bcsId: 0,size=3145728]} | ret=SUCCESS |  
2019-08-23 02:48:04,528 | INFO  | DNAudit | user=null | ip=null | op=WRITE_CHUNK {blockData=conID: 2 locID: 102664010307338699 bcsId: 1640} | ret=SUCCESS |  
2019-08-23 02:48:04,528 | INFO  | DNAudit | user=null | ip=null | op=PUT_BLOCK {blockData=[blockId=conID: 2 locID: 102664010307338699 bcsId: 0,size=4194304]} | ret=SUCCESS |  
2019-08-23 02:48:04,528 [grpc-default-executor-6] INFO  client.GrpcClientProtocolClient (GrpcClientProtocolClient.java:onNext(255)) - client-B268B4322F32->17750241-545b-4219-93a1-14a6ea3d85be: receive RaftClientReply:client-B268B4322F32->17750241-545b-4219-93a1-14a6ea3d85be@group-C33FBD9556F2, cid=1175, SUCCESS, logIndex=1643, commits[17750241-545b-4219-93a1-14a6ea3d85be:c1643, 4eaaa090-573e-41d3-9f8c-c99e236d806a:c1640, 5f4cf9ee-4bed-49de-adaa-861aec894328:c1640]
2019-08-23 02:48:04,529 [grpc-default-executor-6] INFO  client.GrpcClientProtocolClient (GrpcClientProtocolClient.java:onNext(255)) - client-B268B4322F32->17750241-545b-4219-93a1-14a6ea3d85be: receive RaftClientReply:client-B268B4322F32->17750241-545b-4219-93a1-14a6ea3d85be@group-C33FBD9556F2, cid=1176, SUCCESS, logIndex=1644, commits[17750241-545b-4219-93a1-14a6ea3d85be:c1644, 4eaaa090-573e-41d3-9f8c-c99e236d806a:c1640, 5f4cf9ee-4bed-49de-adaa-861aec894328:c1640]
2019-08-23 02:48:04,541 | INFO  | DNAudit | user=null | ip=null | op=WRITE_CHUNK {blockData=conID: 2 locID: 102664010307338699 bcsId: 1640} | ret=SUCCESS |  
2019-08-23 02:48:04,541 | INFO  | DNAudit | user=null | ip=null | op=WRITE_CHUNK {blockData=conID: 2 locID: 102664010307338699 bcsId: 1640} | ret=SUCCESS |  
2019-08-23 02:48:04,541 | INFO  | DNAudit | user=null | ip=null | op=PUT_BLOCK {blockData=[blockId=conID: 2 locID: 102664010307338699 bcsId: 0,size=4194304]} | ret=SUCCESS |  
 0.00% |█                                                                                                    |  0/1 Time: 0:00:072019-08-23 02:48:04,553 | INFO  | DNAudit | user=null | ip=null | op=PUT_BLOCK {blockData=[blockId=conID: 2 locID: 102664010307338699 bcsId: 0,size=4194304]} | ret=SUCCESS |  
2019-08-23 02:48:04,554 [grpc-default-executor-6] INFO  client.GrpcClientProtocolClient (GrpcClientProtocolClient.java:onNext(255)) - client-B268B4322F32->17750241-545b-4219-93a1-14a6ea3d85be: receive RaftClientReply:client-B268B4322F32->17750241-545b-4219-93a1-14a6ea3d85be@group-C33FBD9556F2, cid=1177, SUCCESS, logIndex=0, commits[17750241-545b-4219-93a1-14a6ea3d85be:c1645, 4eaaa090-573e-41d3-9f8c-c99e236d806a:c1644, 5f4cf9ee-4bed-49de-adaa-861aec894328:c1644]
2019-08-23 02:48:04,561 | INFO  | DNAudit | user=null | ip=null | op=WRITE_CHUNK {blockData=conID: 3 locID: 102664010307338700 bcsId: 0} | ret=SUCCESS |  
2019-08-23 02:48:04,563 | INFO  | DNAudit | user=null | ip=null | op=WRITE_CHUNK {blockData=conID: 3 locID: 102664010307338700 bcsId: 0} | ret=SUCCESS |  
2019-08-23 02:48:04,565 | INFO  | DNAudit | user=null | ip=null | op=WRITE_CHUNK {blockData=conID: 3 locID: 102664010307338700 bcsId: 0} | ret=SUCCESS |  
2019-08-23 02:48:04,565 | INFO  | DNAudit | user=null | ip=null | op=WRITE_CHUNK {blockData=conID: 3 locID: 102664010307338700 bcsId: 0} | ret=SUCCESS |  
2019-08-23 02:48:04,567 | INFO  | DNAudit | user=null | ip=null | op=WRITE_CHUNK {blockData=conID: 3 locID: 102664010307338700 bcsId: 0} | ret=SUCCESS |  
2019-08-23 02:48:04,567 | INFO  | DNAudit | user=null | ip=null | op=WRITE_CHUNK {blockData=conID: 3 locID: 102664010307338700 bcsId: 0} | ret=SUCCESS |  
2019-08-23 02:48:04,575 | INFO  | DNAudit | user=null | ip=null | op=WRITE_CHUNK {blockData=conID: 3 locID: 102664010307338700 bcsId: 0} | ret=SUCCESS |  
2019-08-23 02:48:04,575 | INFO  | DNAudit | user=null | ip=null | op=PUT_BLOCK {blockData=[blockId=conID: 3 locID: 102664010307338700 bcsId: 0,size=1048576]} | ret=SUCCESS |  
2019-08-23 02:48:04,575 [grpc-default-executor-6] INFO  client.GrpcClientProtocolClient (GrpcClientProtocolClient.java:onNext(255)) - client-B268B4322F32->17750241-545b-4219-93a1-14a6ea3d85be: receive RaftClientReply:client-B268B4322F32->17750241-545b-4219-93a1-14a6ea3d85be@group-C33FBD9556F2, cid=1178, SUCCESS, logIndex=1647, commits[17750241-545b-4219-93a1-14a6ea3d85be:c1648, 4eaaa090-573e-41d3-9f8c-c99e236d806a:c1646, 5f4cf9ee-4bed-49de-adaa-861aec894328:c1646]
2019-08-23 02:48:04,576 [grpc-default-executor-6] INFO  client.GrpcClientProtocolClient (GrpcClientProtocolClient.java:onNext(255)) - client-B268B4322F32->17750241-545b-4219-93a1-14a6ea3d85be: receive RaftClientReply:client-B268B4322F32->17750241-545b-4219-93a1-14a6ea3d85be@group-C33FBD9556F2, cid=1179, SUCCESS, logIndex=1648, commits[17750241-545b-4219-93a1-14a6ea3d85be:c1648, 4eaaa090-573e-41d3-9f8c-c99e236d806a:c1646, 5f4cf9ee-4bed-49de-adaa-861aec894328:c1646]
2019-08-23 02:48:04,587 | INFO  | DNAudit | user=null | ip=null | op=WRITE_CHUNK {blockData=conID: 3 locID: 102664010307338700 bcsId: 0} | ret=SUCCESS |  
2019-08-23 02:48:04,588 | INFO  | DNAudit | user=null | ip=null | op=PUT_BLOCK {blockData=[blockId=conID: 3 locID: 102664010307338700 bcsId: 0,size=2097152]} | ret=SUCCESS |  
2019-08-23 02:48:04,588 [grpc-default-executor-6] INFO  client.GrpcClientProtocolClient (GrpcClientProtocolClient.java:onNext(255)) - client-B268B4322F32->17750241-545b-4219-93a1-14a6ea3d85be: receive RaftClientReply:client-B268B4322F32->17750241-545b-4219-93a1-14a6ea3d85be@group-C33FBD9556F2, cid=1180, SUCCESS, logIndex=1649, commits[17750241-545b-4219-93a1-14a6ea3d85be:c1650, 4eaaa090-573e-41d3-9f8c-c99e236d806a:c1646, 5f4cf9ee-4bed-49de-adaa-861aec894328:c1646]
2019-08-23 02:48:04,589 [grpc-default-executor-6] INFO  client.GrpcClientProtocolClient (GrpcClientProtocolClient.java:onNext(255)) - client-B268B4322F32->17750241-545b-4219-93a1-14a6ea3d85be: receive RaftClientReply:client-B268B4322F32->17750241-545b-4219-93a1-14a6ea3d85be@group-C33FBD9556F2, cid=1181, SUCCESS, logIndex=1650, commits[17750241-545b-4219-93a1-14a6ea3d85be:c1650, 4eaaa090-573e-41d3-9f8c-c99e236d806a:c1646, 5f4cf9ee-4bed-49de-adaa-861aec894328:c1646]
2019-08-23 02:48:04,600 | INFO  | DNAudit | user=null | ip=null | op=WRITE_CHUNK {blockData=conID: 3 locID: 102664010307338700 bcsId: 0} | ret=SUCCESS |  
2019-08-23 02:48:04,600 | INFO  | DNAudit | user=null | ip=null | op=WRITE_CHUNK {blockData=conID: 3 locID: 102664010307338700 bcsId: 0} | ret=SUCCESS |  
2019-08-23 02:48:04,600 | INFO  | DNAudit | user=null | ip=null | op=PUT_BLOCK {blockData=[blockId=conID: 3 locID: 102664010307338700 bcsId: 0,size=1048576]} | ret=SUCCESS |  
2019-08-23 02:48:04,600 | INFO  | DNAudit | user=null | ip=null | op=PUT_BLOCK {blockData=[blockId=conID: 3 locID: 102664010307338700 bcsId: 0,size=1048576]} | ret=SUCCESS |  
2019-08-23 02:48:04,601 [grpc-default-executor-6] INFO  client.GrpcClientProtocolClient (GrpcClientProtocolClient.java:onNext(255)) - client-B268B4322F32->17750241-545b-4219-93a1-14a6ea3d85be: receive RaftClientReply:client-B268B4322F32->17750241-545b-4219-93a1-14a6ea3d85be@group-C33FBD9556F2, cid=1182, SUCCESS, logIndex=0, commits[17750241-545b-4219-93a1-14a6ea3d85be:c1651, 4eaaa090-573e-41d3-9f8c-c99e236d806a:c1648, 5f4cf9ee-4bed-49de-adaa-861aec894328:c1648]
2019-08-23 02:48:04,607 | INFO  | DNAudit | user=null | ip=null | op=WRITE_CHUNK {blockData=conID: 3 locID: 102664010307338700 bcsId: 1650} | ret=SUCCESS |  
2019-08-23 02:48:04,609 | INFO  | DNAudit | user=null | ip=null | op=WRITE_CHUNK {blockData=conID: 3 locID: 102664010307338700 bcsId: 1650} | ret=SUCCESS |  
2019-08-23 02:48:04,609 | INFO  | DNAudit | user=null | ip=null | op=WRITE_CHUNK {blockData=conID: 3 locID: 102664010307338700 bcsId: 0} | ret=SUCCESS |  
2019-08-23 02:48:04,609 | INFO  | DNAudit | user=null | ip=null | op=WRITE_CHUNK {blockData=conID: 3 locID: 102664010307338700 bcsId: 0} | ret=SUCCESS |  
2019-08-23 02:48:04,609 | INFO  | DNAudit | user=null | ip=null | op=PUT_BLOCK {blockData=[blockId=conID: 3 locID: 102664010307338700 bcsId: 0,size=2097152]} | ret=SUCCESS |  
2019-08-23 02:48:04,609 | INFO  | DNAudit | user=null | ip=null | op=PUT_BLOCK {blockData=[blockId=conID: 3 locID: 102664010307338700 bcsId: 0,size=2097152]} | ret=SUCCESS |  
2019-08-23 02:48:04,610 | INFO  | DNAudit | user=null | ip=null | op=WRITE_CHUNK {blockData=conID: 3 locID: 102664010307338700 bcsId: 1650} | ret=SUCCESS |  
2019-08-23 02:48:04,611 | INFO  | DNAudit | user=null | ip=null | op=WRITE_CHUNK {blockData=conID: 3 locID: 102664010307338700 bcsId: 1650} | ret=SUCCESS |  
2019-08-23 02:48:04,611 | INFO  | DNAudit | user=null | ip=null | op=PUT_BLOCK {blockData=[blockId=conID: 3 locID: 102664010307338700 bcsId: 0,size=3145728]} | ret=SUCCESS |  
2019-08-23 02:48:04,611 [grpc-default-executor-4] INFO  client.GrpcClientProtocolClient (GrpcClientProtocolClient.java:onNext(255)) - client-B268B4322F32->17750241-545b-4219-93a1-14a6ea3d85be: receive RaftClientReply:client-B268B4322F32->17750241-545b-4219-93a1-14a6ea3d85be@group-C33FBD9556F2, cid=1183, SUCCESS, logIndex=1655, commits[17750241-545b-4219-93a1-14a6ea3d85be:c1656, 4eaaa090-573e-41d3-9f8c-c99e236d806a:c1652, 5f4cf9ee-4bed-49de-adaa-861aec894328:c1650]
2019-08-23 02:48:04,612 [grpc-default-executor-4] INFO  client.GrpcClientProtocolClient (GrpcClientProtocolClient.java:onNext(255)) - client-B268B4322F32->17750241-545b-4219-93a1-14a6ea3d85be: receive RaftClientReply:client-B268B4322F32->17750241-545b-4219-93a1-14a6ea3d85be@group-C33FBD9556F2, cid=1184, SUCCESS, logIndex=1656, commits[17750241-545b-4219-93a1-14a6ea3d85be:c1656, 4eaaa090-573e-41d3-9f8c-c99e236d806a:c1652, 5f4cf9ee-4bed-49de-adaa-861aec894328:c1652]
2019-08-23 02:48:04,613 | INFO  | DNAudit | user=null | ip=null | op=WRITE_CHUNK {blockData=conID: 3 locID: 102664010307338700 bcsId: 1650} | ret=SUCCESS |  
2019-08-23 02:48:04,613 | INFO  | DNAudit | user=null | ip=null | op=PUT_BLOCK {blockData=[blockId=conID: 3 locID: 102664010307338700 bcsId: 0,size=3145728]} | ret=SUCCESS |  
2019-08-23 02:48:04,614 | INFO  | DNAudit | user=null | ip=null | op=WRITE_CHUNK {blockData=conID: 3 locID: 102664010307338700 bcsId: 1650} | ret=SUCCESS |  
2019-08-23 02:48:04,614 | INFO  | DNAudit | user=null | ip=null | op=PUT_BLOCK {blockData=[blockId=conID: 3 locID: 102664010307338700 bcsId: 0,size=3145728]} | ret=SUCCESS |  
2019-08-23 02:48:04,618 | INFO  | DNAudit | user=null | ip=null | op=WRITE_CHUNK {blockData=conID: 3 locID: 102664010307338700 bcsId: 1656} | ret=SUCCESS |  
2019-08-23 02:48:04,621 | INFO  | DNAudit | user=null | ip=null | op=WRITE_CHUNK {blockData=conID: 3 locID: 102664010307338700 bcsId: 1656} | ret=SUCCESS |  
2019-08-23 02:48:04,621 | INFO  | DNAudit | user=null | ip=null | op=WRITE_CHUNK {blockData=conID: 3 locID: 102664010307338700 bcsId: 1656} | ret=SUCCESS |  
2019-08-23 02:48:04,631 | INFO  | DNAudit | user=null | ip=null | op=WRITE_CHUNK {blockData=conID: 3 locID: 102664010307338700 bcsId: 1656} | ret=SUCCESS |  
2019-08-23 02:48:04,632 | INFO  | DNAudit | user=null | ip=null | op=PUT_BLOCK {blockData=[blockId=conID: 3 locID: 102664010307338700 bcsId: 0,size=4194304]} | ret=SUCCESS |  
2019-08-23 02:48:04,632 [grpc-default-executor-6] INFO  client.GrpcClientProtocolClient (GrpcClientProtocolClient.java:onNext(255)) - client-B268B4322F32->17750241-545b-4219-93a1-14a6ea3d85be: receive RaftClientReply:client-B268B4322F32->17750241-545b-4219-93a1-14a6ea3d85be@group-C33FBD9556F2, cid=1185, SUCCESS, logIndex=1659, commits[17750241-545b-4219-93a1-14a6ea3d85be:c1660, 4eaaa090-573e-41d3-9f8c-c99e236d806a:c1658, 5f4cf9ee-4bed-49de-adaa-861aec894328:c1656]
2019-08-23 02:48:04,632 [grpc-default-executor-6] INFO  client.GrpcClientProtocolClient (GrpcClientProtocolClient.java:onNext(255)) - client-B268B4322F32->17750241-545b-4219-93a1-14a6ea3d85be: receive RaftClientReply:client-B268B4322F32->17750241-545b-4219-93a1-14a6ea3d85be@group-C33FBD9556F2, cid=1186, SUCCESS, logIndex=1660, commits[17750241-545b-4219-93a1-14a6ea3d85be:c1660, 4eaaa090-573e-41d3-9f8c-c99e236d806a:c1658, 5f4cf9ee-4bed-49de-adaa-861aec894328:c1658]
2019-08-23 02:48:04,634 | INFO  | DNAudit | user=null | ip=null | op=WRITE_CHUNK {blockData=conID: 3 locID: 102664010307338700 bcsId: 1656} | ret=SUCCESS |  
2019-08-23 02:48:04,634 | INFO  | DNAudit | user=null | ip=null | op=WRITE_CHUNK {blockData=conID: 3 locID: 102664010307338700 bcsId: 1656} | ret=SUCCESS |  
2019-08-23 02:48:04,634 | INFO  | DNAudit | user=null | ip=null | op=PUT_BLOCK {blockData=[blockId=conID: 3 locID: 102664010307338700 bcsId: 0,size=4194304]} | ret=SUCCESS |  
2019-08-23 02:48:04,635 | INFO  | DNAudit | user=null | ip=null | op=PUT_BLOCK {blockData=[blockId=conID: 3 locID: 102664010307338700 bcsId: 0,size=4194304]} | ret=SUCCESS |  
2019-08-23 02:48:04,636 [grpc-default-executor-1] INFO  client.GrpcClientProtocolClient (GrpcClientProtocolClient.java:onNext(255)) - client-B268B4322F32->17750241-545b-4219-93a1-14a6ea3d85be: receive RaftClientReply:client-B268B4322F32->17750241-545b-4219-93a1-14a6ea3d85be@group-C33FBD9556F2, cid=1187, SUCCESS, logIndex=0, commits[17750241-545b-4219-93a1-14a6ea3d85be:c1662, 4eaaa090-573e-41d3-9f8c-c99e236d806a:c1660, 5f4cf9ee-4bed-49de-adaa-861aec894328:c1660]
2019-08-23 02:48:04,643 | INFO  | DNAudit | user=null | ip=null | op=WRITE_CHUNK {blockData=conID: 1 locID: 102664010307338701 bcsId: 0} | ret=SUCCESS |  
2019-08-23 02:48:04,645 | INFO  | DNAudit | user=null | ip=null | op=WRITE_CHUNK {blockData=conID: 1 locID: 102664010307338701 bcsId: 0} | ret=SUCCESS |  
2019-08-23 02:48:04,646 | INFO  | DNAudit | user=null | ip=null | op=WRITE_CHUNK {blockData=conID: 1 locID: 102664010307338701 bcsId: 0} | ret=SUCCESS |  
2019-08-23 02:48:04,646 | INFO  | DNAudit | user=null | ip=null | op=WRITE_CHUNK {blockData=conID: 1 locID: 102664010307338701 bcsId: 0} | ret=SUCCESS |  
2019-08-23 02:48:04,647 | INFO  | DNAudit | user=null | ip=null | op=WRITE_CHUNK {blockData=conID: 1 locID: 102664010307338701 bcsId: 0} | ret=SUCCESS |  
2019-08-23 02:48:04,647 | INFO  | DNAudit | user=null | ip=null | op=WRITE_CHUNK {blockData=conID: 1 locID: 102664010307338701 bcsId: 0} | ret=SUCCESS |  
2019-08-23 02:48:04,655 | INFO  | DNAudit | user=null | ip=null | op=WRITE_CHUNK {blockData=conID: 1 locID: 102664010307338701 bcsId: 0} | ret=SUCCESS |  
2019-08-23 02:48:04,656 | INFO  | DNAudit | user=null | ip=null | op=PUT_BLOCK {blockData=[blockId=conID: 1 locID: 102664010307338701 bcsId: 0,size=1048576]} | ret=SUCCESS |  
2019-08-23 02:48:04,656 [grpc-default-executor-6] INFO  client.GrpcClientProtocolClient (GrpcClientProtocolClient.java:onNext(255)) - client-B268B4322F32->17750241-545b-4219-93a1-14a6ea3d85be: receive RaftClientReply:client-B268B4322F32->17750241-545b-4219-93a1-14a6ea3d85be@group-C33FBD9556F2, cid=1188, SUCCESS, logIndex=1663, commits[17750241-545b-4219-93a1-14a6ea3d85be:c1664, 4eaaa090-573e-41d3-9f8c-c99e236d806a:c1662, 5f4cf9ee-4bed-49de-adaa-861aec894328:c1662]
2019-08-23 02:48:04,656 | INFO  | DNAudit | user=null | ip=null | op=WRITE_CHUNK {blockData=conID: 1 locID: 102664010307338701 bcsId: 0} | ret=SUCCESS |  
2019-08-23 02:48:04,656 | INFO  | DNAudit | user=null | ip=null | op=PUT_BLOCK {blockData=[blockId=conID: 1 locID: 102664010307338701 bcsId: 0,size=2097152]} | ret=SUCCESS |  
2019-08-23 02:48:04,656 [grpc-default-executor-6] INFO  client.GrpcClientProtocolClient (GrpcClientProtocolClient.java:onNext(255)) - client-B268B4322F32->17750241-545b-4219-93a1-14a6ea3d85be: receive RaftClientReply:client-B268B4322F32->17750241-545b-4219-93a1-14a6ea3d85be@group-C33FBD9556F2, cid=1189, SUCCESS, logIndex=1664, commits[17750241-545b-4219-93a1-14a6ea3d85be:c1666, 4eaaa090-573e-41d3-9f8c-c99e236d806a:c1662, 5f4cf9ee-4bed-49de-adaa-861aec894328:c1662]
2019-08-23 02:48:04,657 [grpc-default-executor-6] INFO  client.GrpcClientProtocolClient (GrpcClientProtocolClient.java:onNext(255)) - client-B268B4322F32->17750241-545b-4219-93a1-14a6ea3d85be: receive RaftClientReply:client-B268B4322F32->17750241-545b-4219-93a1-14a6ea3d85be@group-C33FBD9556F2, cid=1190, SUCCESS, logIndex=1665, commits[17750241-545b-4219-93a1-14a6ea3d85be:c1666, 4eaaa090-573e-41d3-9f8c-c99e236d806a:c1662, 5f4cf9ee-4bed-49de-adaa-861aec894328:c1662]
2019-08-23 02:48:04,657 | INFO  | DNAudit | user=null | ip=null | op=WRITE_CHUNK {blockData=conID: 1 locID: 102664010307338701 bcsId: 0} | ret=SUCCESS |  
2019-08-23 02:48:04,657 | INFO  | DNAudit | user=null | ip=null | op=WRITE_CHUNK {blockData=conID: 1 locID: 102664010307338701 bcsId: 0} | ret=SUCCESS |  
2019-08-23 02:48:04,657 [grpc-default-executor-1] INFO  client.GrpcClientProtocolClient (GrpcClientProtocolClient.java:onNext(255)) - client-B268B4322F32->17750241-545b-4219-93a1-14a6ea3d85be: receive RaftClientReply:client-B268B4322F32->17750241-545b-4219-93a1-14a6ea3d85be@group-C33FBD9556F2, cid=1191, SUCCESS, logIndex=1666, commits[17750241-545b-4219-93a1-14a6ea3d85be:c1666, 4eaaa090-573e-41d3-9f8c-c99e236d806a:c1662, 5f4cf9ee-4bed-49de-adaa-861aec894328:c1662]
2019-08-23 02:48:04,657 | INFO  | DNAudit | user=null | ip=null | op=PUT_BLOCK {blockData=[blockId=conID: 1 locID: 102664010307338701 bcsId: 0,size=1048576]} | ret=SUCCESS |  
2019-08-23 02:48:04,657 | INFO  | DNAudit | user=null | ip=null | op=PUT_BLOCK {blockData=[blockId=conID: 1 locID: 102664010307338701 bcsId: 0,size=1048576]} | ret=SUCCESS |  
2019-08-23 02:48:04,658 [grpc-default-executor-1] INFO  client.GrpcClientProtocolClient (GrpcClientProtocolClient.java:onNext(255)) - client-B268B4322F32->17750241-545b-4219-93a1-14a6ea3d85be: receive RaftClientReply:client-B268B4322F32->17750241-545b-4219-93a1-14a6ea3d85be@group-C33FBD9556F2, cid=1192, SUCCESS, logIndex=0, commits[17750241-545b-4219-93a1-14a6ea3d85be:c1667, 4eaaa090-573e-41d3-9f8c-c99e236d806a:c1664, 5f4cf9ee-4bed-49de-adaa-861aec894328:c1664]
2019-08-23 02:48:04,660 | INFO  | DNAudit | user=null | ip=null | op=WRITE_CHUNK {blockData=conID: 1 locID: 102664010307338701 bcsId: 0} | ret=SUCCESS |  
2019-08-23 02:48:04,660 | INFO  | DNAudit | user=null | ip=null | op=WRITE_CHUNK {blockData=conID: 1 locID: 102664010307338701 bcsId: 0} | ret=SUCCESS |  
2019-08-23 02:48:04,660 | INFO  | DNAudit | user=null | ip=null | op=PUT_BLOCK {blockData=[blockId=conID: 1 locID: 102664010307338701 bcsId: 0,size=2097152]} | ret=SUCCESS |  
2019-08-23 02:48:04,660 | INFO  | DNAudit | user=null | ip=null | op=PUT_BLOCK {blockData=[blockId=conID: 1 locID: 102664010307338701 bcsId: 0,size=2097152]} | ret=SUCCESS |  
2019-08-23 02:48:04,664 | INFO  | DNAudit | user=null | ip=null | op=WRITE_CHUNK {blockData=conID: 1 locID: 102664010307338701 bcsId: 1666} | ret=SUCCESS |  
2019-08-23 02:48:04,666 | INFO  | DNAudit | user=null | ip=null | op=WRITE_CHUNK {blockData=conID: 1 locID: 102664010307338701 bcsId: 1666} | ret=SUCCESS |  
2019-08-23 02:48:04,667 | INFO  | DNAudit | user=null | ip=null | op=WRITE_CHUNK {blockData=conID: 1 locID: 102664010307338701 bcsId: 1666} | ret=SUCCESS |  
2019-08-23 02:48:04,690 | INFO  | DNAudit | user=null | ip=null | op=WRITE_CHUNK {blockData=conID: 1 locID: 102664010307338701 bcsId: 1666} | ret=SUCCESS |  
2019-08-23 02:48:04,690 | INFO  | DNAudit | user=null | ip=null | op=PUT_BLOCK {blockData=[blockId=conID: 1 locID: 102664010307338701 bcsId: 0,size=3145728]} | ret=SUCCESS |  
2019-08-23 02:48:04,691 [grpc-default-executor-4] INFO  client.GrpcClientProtocolClient (GrpcClientProtocolClient.java:onNext(255)) - client-B268B4322F32->17750241-545b-4219-93a1-14a6ea3d85be: receive RaftClientReply:client-B268B4322F32->17750241-545b-4219-93a1-14a6ea3d85be@group-C33FBD9556F2, cid=1193, SUCCESS, logIndex=1671, commits[17750241-545b-4219-93a1-14a6ea3d85be:c1672, 4eaaa090-573e-41d3-9f8c-c99e236d806a:c1670, 5f4cf9ee-4bed-49de-adaa-861aec894328:c1670]
2019-08-23 02:48:04,691 [grpc-default-executor-4] INFO  client.GrpcClientProtocolClient (GrpcClientProtocolClient.java:onNext(255)) - client-B268B4322F32->17750241-545b-4219-93a1-14a6ea3d85be: receive RaftClientReply:client-B268B4322F32->17750241-545b-4219-93a1-14a6ea3d85be@group-C33FBD9556F2, cid=1194, SUCCESS, logIndex=1672, commits[17750241-545b-4219-93a1-14a6ea3d85be:c1672, 4eaaa090-573e-41d3-9f8c-c99e236d806a:c1670, 5f4cf9ee-4bed-49de-adaa-861aec894328:c1670]
2019-08-23 02:48:04,698 | INFO  | DNAudit | user=null | ip=null | op=WRITE_CHUNK {blockData=conID: 1 locID: 102664010307338701 bcsId: 1672} | ret=SUCCESS |  
2019-08-23 02:48:04,700 | INFO  | DNAudit | user=null | ip=null | op=WRITE_CHUNK {blockData=conID: 1 locID: 102664010307338701 bcsId: 1672} | ret=SUCCESS |  
2019-08-23 02:48:04,700 | INFO  | DNAudit | user=null | ip=null | op=WRITE_CHUNK {blockData=conID: 1 locID: 102664010307338701 bcsId: 1672} | ret=SUCCESS |  
2019-08-23 02:48:04,701 | INFO  | DNAudit | user=null | ip=null | op=WRITE_CHUNK {blockData=conID: 1 locID: 102664010307338701 bcsId: 1666} | ret=SUCCESS |  
2019-08-23 02:48:04,701 | INFO  | DNAudit | user=null | ip=null | op=WRITE_CHUNK {blockData=conID: 1 locID: 102664010307338701 bcsId: 1666} | ret=SUCCESS |  
2019-08-23 02:48:04,704 | INFO  | DNAudit | user=null | ip=null | op=PUT_BLOCK {blockData=[blockId=conID: 1 locID: 102664010307338701 bcsId: 0,size=3145728]} | ret=SUCCESS |  
2019-08-23 02:48:04,704 | INFO  | DNAudit | user=null | ip=null | op=PUT_BLOCK {blockData=[blockId=conID: 1 locID: 102664010307338701 bcsId: 0,size=3145728]} | ret=SUCCESS |  
2019-08-23 02:48:04,704 | INFO  | DNAudit | user=null | ip=null | op=WRITE_CHUNK {blockData=conID: 1 locID: 102664010307338701 bcsId: 1672} | ret=SUCCESS |  
2019-08-23 02:48:04,705 | INFO  | DNAudit | user=null | ip=null | op=PUT_BLOCK {blockData=[blockId=conID: 1 locID: 102664010307338701 bcsId: 0,size=4194304]} | ret=SUCCESS |  
2019-08-23 02:48:04,705 [grpc-default-executor-4] INFO  client.GrpcClientProtocolClient (GrpcClientProtocolClient.java:onNext(255)) - client-B268B4322F32->17750241-545b-4219-93a1-14a6ea3d85be: receive RaftClientReply:client-B268B4322F32->17750241-545b-4219-93a1-14a6ea3d85be@group-C33FBD9556F2, cid=1195, SUCCESS, logIndex=1675, commits[17750241-545b-4219-93a1-14a6ea3d85be:c1676, 4eaaa090-573e-41d3-9f8c-c99e236d806a:c1672, 5f4cf9ee-4bed-49de-adaa-861aec894328:c1672]
2019-08-23 02:48:04,705 [grpc-default-executor-4] INFO  client.GrpcClientProtocolClient (GrpcClientProtocolClient.java:onNext(255)) - client-B268B4322F32->17750241-545b-4219-93a1-14a6ea3d85be: receive RaftClientReply:client-B268B4322F32->17750241-545b-4219-93a1-14a6ea3d85be@group-C33FBD9556F2, cid=1196, SUCCESS, logIndex=1676, commits[17750241-545b-4219-93a1-14a6ea3d85be:c1676, 4eaaa090-573e-41d3-9f8c-c99e236d806a:c1672, 5f4cf9ee-4bed-49de-adaa-861aec894328:c1672]
2019-08-23 02:48:04,712 | INFO  | SCMAudit | user=jenkins1000 | ip=192.168.34.22 | op=SEND_HEARTBEAT {datanodeUUID=66ab6a68-e61f-4535-ab2f-12fe560929ed, command=[]} | ret=SUCCESS |  
2019-08-23 02:48:04,716 | INFO  | DNAudit | user=null | ip=null | op=WRITE_CHUNK {blockData=conID: 1 locID: 102664010307338701 bcsId: 1672} | ret=SUCCESS |  
2019-08-23 02:48:04,716 | INFO  | DNAudit | user=null | ip=null | op=WRITE_CHUNK {blockData=conID: 1 locID: 102664010307338701 bcsId: 1672} | ret=SUCCESS |  
2019-08-23 02:48:04,719 | INFO  | DNAudit | user=null | ip=null | op=PUT_BLOCK {blockData=[blockId=conID: 1 locID: 102664010307338701 bcsId: 0,size=4194304]} | ret=SUCCESS |  
2019-08-23 02:48:04,719 | INFO  | DNAudit | user=null | ip=null | op=PUT_BLOCK {blockData=[blockId=conID: 1 locID: 102664010307338701 bcsId: 0,size=4194304]} | ret=SUCCESS |  
2019-08-23 02:48:04,720 [grpc-default-executor-6] INFO  client.GrpcClientProtocolClient (GrpcClientProtocolClient.java:onNext(255)) - client-B268B4322F32->17750241-545b-4219-93a1-14a6ea3d85be: receive RaftClientReply:client-B268B4322F32->17750241-545b-4219-93a1-14a6ea3d85be@group-C33FBD9556F2, cid=1197, SUCCESS, logIndex=0, commits[17750241-545b-4219-93a1-14a6ea3d85be:c1678, 4eaaa090-573e-41d3-9f8c-c99e236d806a:c1676, 5f4cf9ee-4bed-49de-adaa-861aec894328:c1676]
2019-08-23 02:48:04,727 | INFO  | DNAudit | user=null | ip=null | op=WRITE_CHUNK {blockData=conID: 2 locID: 102664010307404238 bcsId: 0} | ret=SUCCESS |  
2019-08-23 02:48:04,730 | INFO  | DNAudit | user=null | ip=null | op=WRITE_CHUNK {blockData=conID: 2 locID: 102664010307404238 bcsId: 0} | ret=SUCCESS |  
2019-08-23 02:48:04,730 | INFO  | DNAudit | user=null | ip=null | op=WRITE_CHUNK {blockData=conID: 2 locID: 102664010307404238 bcsId: 0} | ret=SUCCESS |  
2019-08-23 02:48:04,730 | INFO  | DNAudit | user=null | ip=null | op=WRITE_CHUNK {blockData=conID: 2 locID: 102664010307404238 bcsId: 0} | ret=SUCCESS |  
2019-08-23 02:48:04,731 | INFO  | DNAudit | user=null | ip=null | op=WRITE_CHUNK {blockData=conID: 2 locID: 102664010307404238 bcsId: 0} | ret=SUCCESS |  
2019-08-23 02:48:04,731 | INFO  | DNAudit | user=null | ip=null | op=WRITE_CHUNK {blockData=conID: 2 locID: 102664010307404238 bcsId: 0} | ret=SUCCESS |  
2019-08-23 02:48:04,741 | INFO  | DNAudit | user=null | ip=null | op=WRITE_CHUNK {blockData=conID: 2 locID: 102664010307404238 bcsId: 0} | ret=SUCCESS |  
2019-08-23 02:48:04,742 | INFO  | DNAudit | user=null | ip=null | op=PUT_BLOCK {blockData=[blockId=conID: 2 locID: 102664010307404238 bcsId: 0,size=1048576]} | ret=SUCCESS |  
2019-08-23 02:48:04,742 [grpc-default-executor-5] INFO  client.GrpcClientProtocolClient (GrpcClientProtocolClient.java:onNext(255)) - client-B268B4322F32->17750241-545b-4219-93a1-14a6ea3d85be: receive RaftClientReply:client-B268B4322F32->17750241-545b-4219-93a1-14a6ea3d85be@group-C33FBD9556F2, cid=1198, SUCCESS, logIndex=1679, commits[17750241-545b-4219-93a1-14a6ea3d85be:c1680, 4eaaa090-573e-41d3-9f8c-c99e236d806a:c1678, 5f4cf9ee-4bed-49de-adaa-861aec894328:c1678]
2019-08-23 02:48:04,742 [grpc-default-executor-5] INFO  client.GrpcClientProtocolClient (GrpcClientProtocolClient.java:onNext(255)) - client-B268B4322F32->17750241-545b-4219-93a1-14a6ea3d85be: receive RaftClientReply:client-B268B4322F32->17750241-545b-4219-93a1-14a6ea3d85be@group-C33FBD9556F2, cid=1199, SUCCESS, logIndex=1680, commits[17750241-545b-4219-93a1-14a6ea3d85be:c1680, 4eaaa090-573e-41d3-9f8c-c99e236d806a:c1678, 5f4cf9ee-4bed-49de-adaa-861aec894328:c1678]
2019-08-23 02:48:04,751 | INFO  | DNAudit | user=null | ip=null | op=WRITE_CHUNK {blockData=conID: 2 locID: 102664010307404238 bcsId: 0} | ret=SUCCESS |  
2019-08-23 02:48:04,752 | INFO  | DNAudit | user=null | ip=null | op=PUT_BLOCK {blockData=[blockId=conID: 2 locID: 102664010307404238 bcsId: 0,size=2097152]} | ret=SUCCESS |  
2019-08-23 02:48:04,752 [grpc-default-executor-5] INFO  client.GrpcClientProtocolClient (GrpcClientProtocolClient.java:onNext(255)) - client-B268B4322F32->17750241-545b-4219-93a1-14a6ea3d85be: receive RaftClientReply:client-B268B4322F32->17750241-545b-4219-93a1-14a6ea3d85be@group-C33FBD9556F2, cid=1200, SUCCESS, logIndex=1681, commits[17750241-545b-4219-93a1-14a6ea3d85be:c1682, 4eaaa090-573e-41d3-9f8c-c99e236d806a:c1678, 5f4cf9ee-4bed-49de-adaa-861aec894328:c1678]
2019-08-23 02:48:04,752 [grpc-default-executor-5] INFO  client.GrpcClientProtocolClient (GrpcClientProtocolClient.java:onNext(255)) - client-B268B4322F32->17750241-545b-4219-93a1-14a6ea3d85be: receive RaftClientReply:client-B268B4322F32->17750241-545b-4219-93a1-14a6ea3d85be@group-C33FBD9556F2, cid=1201, SUCCESS, logIndex=1682, commits[17750241-545b-4219-93a1-14a6ea3d85be:c1682, 4eaaa090-573e-41d3-9f8c-c99e236d806a:c1678, 5f4cf9ee-4bed-49de-adaa-861aec894328:c1678]
2019-08-23 02:48:04,884 | INFO  | DNAudit | user=null | ip=null | op=WRITE_CHUNK {blockData=conID: 2 locID: 102664010307404238 bcsId: 0} | ret=SUCCESS |  
2019-08-23 02:48:04,884 | INFO  | DNAudit | user=null | ip=null | op=WRITE_CHUNK {blockData=conID: 2 locID: 102664010307404238 bcsId: 0} | ret=SUCCESS |  
2019-08-23 02:48:04,885 | INFO  | SCMAudit | user=jenkins1000 | ip=192.168.34.22 | op=SEND_HEARTBEAT {datanodeUUID=0cedf437-a8af-4d70-bac5-ea9863093e86, command=[]} | ret=SUCCESS |  
2019-08-23 02:48:04,885 | INFO  | DNAudit | user=null | ip=null | op=PUT_BLOCK {blockData=[blockId=conID: 2 locID: 102664010307404238 bcsId: 0,size=1048576]} | ret=SUCCESS |  
2019-08-23 02:48:04,885 | INFO  | DNAudit | user=null | ip=null | op=PUT_BLOCK {blockData=[blockId=conID: 2 locID: 102664010307404238 bcsId: 0,size=1048576]} | ret=SUCCESS |  
2019-08-23 02:48:04,885 [grpc-default-executor-5] INFO  client.GrpcClientProtocolClient (GrpcClientProtocolClient.java:onNext(255)) - client-B268B4322F32->17750241-545b-4219-93a1-14a6ea3d85be: receive RaftClientReply:client-B268B4322F32->17750241-545b-4219-93a1-14a6ea3d85be@group-C33FBD9556F2, cid=1202, SUCCESS, logIndex=0, commits[17750241-545b-4219-93a1-14a6ea3d85be:c1683, 4eaaa090-573e-41d3-9f8c-c99e236d806a:c1680, 5f4cf9ee-4bed-49de-adaa-861aec894328:c1680]
2019-08-23 02:48:04,896 | INFO  | DNAudit | user=null | ip=null | op=WRITE_CHUNK {blockData=conID: 2 locID: 102664010307404238 bcsId: 1682} | ret=SUCCESS |  
2019-08-23 02:48:04,899 | INFO  | DNAudit | user=null | ip=null | op=WRITE_CHUNK {blockData=conID: 2 locID: 102664010307404238 bcsId: 1682} | ret=SUCCESS |  
2019-08-23 02:48:04,899 | INFO  | DNAudit | user=null | ip=null | op=WRITE_CHUNK {blockData=conID: 2 locID: 102664010307404238 bcsId: 1682} | ret=SUCCESS |  
2019-08-23 02:48:04,910 | INFO  | DNAudit | user=null | ip=null | op=WRITE_CHUNK {blockData=conID: 2 locID: 102664010307404238 bcsId: 0} | ret=SUCCESS |  
2019-08-23 02:48:04,910 | INFO  | DNAudit | user=null | ip=null | op=WRITE_CHUNK {blockData=conID: 2 locID: 102664010307404238 bcsId: 0} | ret=SUCCESS |  
2019-08-23 02:48:04,910 | INFO  | DNAudit | user=null | ip=null | op=PUT_BLOCK {blockData=[blockId=conID: 2 locID: 102664010307404238 bcsId: 0,size=2097152]} | ret=SUCCESS |  
2019-08-23 02:48:04,910 | INFO  | DNAudit | user=null | ip=null | op=PUT_BLOCK {blockData=[blockId=conID: 2 locID: 102664010307404238 bcsId: 0,size=2097152]} | ret=SUCCESS |  
2019-08-23 02:48:04,910 | INFO  | DNAudit | user=null | ip=null | op=WRITE_CHUNK {blockData=conID: 2 locID: 102664010307404238 bcsId: 1682} | ret=SUCCESS |  
2019-08-23 02:48:04,911 | INFO  | DNAudit | user=null | ip=null | op=PUT_BLOCK {blockData=[blockId=conID: 2 locID: 102664010307404238 bcsId: 0,size=3145728]} | ret=SUCCESS |  
2019-08-23 02:48:04,911 [grpc-default-executor-6] INFO  client.GrpcClientProtocolClient (GrpcClientProtocolClient.java:onNext(255)) - client-B268B4322F32->17750241-545b-4219-93a1-14a6ea3d85be: receive RaftClientReply:client-B268B4322F32->17750241-545b-4219-93a1-14a6ea3d85be@group-C33FBD9556F2, cid=1203, SUCCESS, logIndex=1687, commits[17750241-545b-4219-93a1-14a6ea3d85be:c1688, 4eaaa090-573e-41d3-9f8c-c99e236d806a:c1686, 5f4cf9ee-4bed-49de-adaa-861aec894328:c1686]
2019-08-23 02:48:04,912 [grpc-default-executor-6] INFO  client.GrpcClientProtocolClient (GrpcClientProtocolClient.java:onNext(255)) - client-B268B4322F32->17750241-545b-4219-93a1-14a6ea3d85be: receive RaftClientReply:client-B268B4322F32->17750241-545b-4219-93a1-14a6ea3d85be@group-C33FBD9556F2, cid=1204, SUCCESS, logIndex=1688, commits[17750241-545b-4219-93a1-14a6ea3d85be:c1688, 4eaaa090-573e-41d3-9f8c-c99e236d806a:c1686, 5f4cf9ee-4bed-49de-adaa-861aec894328:c1686]
2019-08-23 02:48:04,921 | INFO  | DNAudit | user=null | ip=null | op=WRITE_CHUNK {blockData=conID: 2 locID: 102664010307404238 bcsId: 1688} | ret=SUCCESS |  
2019-08-23 02:48:04,924 | INFO  | DNAudit | user=null | ip=null | op=WRITE_CHUNK {blockData=conID: 2 locID: 102664010307404238 bcsId: 1682} | ret=SUCCESS |  
2019-08-23 02:48:04,924 | INFO  | DNAudit | user=null | ip=null | op=WRITE_CHUNK {blockData=conID: 2 locID: 102664010307404238 bcsId: 1682} | ret=SUCCESS |  
2019-08-23 02:48:04,924 | INFO  | DNAudit | user=null | ip=null | op=WRITE_CHUNK {blockData=conID: 2 locID: 102664010307404238 bcsId: 1688} | ret=SUCCESS |  
2019-08-23 02:48:04,924 | INFO  | DNAudit | user=null | ip=null | op=WRITE_CHUNK {blockData=conID: 2 locID: 102664010307404238 bcsId: 1688} | ret=SUCCESS |  
2019-08-23 02:48:04,936 | INFO  | DNAudit | user=null | ip=null | op=PUT_BLOCK {blockData=[blockId=conID: 2 locID: 102664010307404238 bcsId: 0,size=3145728]} | ret=SUCCESS |  
2019-08-23 02:48:04,936 | INFO  | DNAudit | user=null | ip=null | op=PUT_BLOCK {blockData=[blockId=conID: 2 locID: 102664010307404238 bcsId: 0,size=3145728]} | ret=SUCCESS |  
2019-08-23 02:48:04,937 | INFO  | DNAudit | user=null | ip=null | op=WRITE_CHUNK {blockData=conID: 2 locID: 102664010307404238 bcsId: 1688} | ret=SUCCESS |  
2019-08-23 02:48:04,938 | INFO  | DNAudit | user=null | ip=null | op=PUT_BLOCK {blockData=[blockId=conID: 2 locID: 102664010307404238 bcsId: 0,size=4194304]} | ret=SUCCESS |  
2019-08-23 02:48:04,938 [grpc-default-executor-1] INFO  client.GrpcClientProtocolClient (GrpcClientProtocolClient.java:onNext(255)) - client-B268B4322F32->17750241-545b-4219-93a1-14a6ea3d85be: receive RaftClientReply:client-B268B4322F32->17750241-545b-4219-93a1-14a6ea3d85be@group-C33FBD9556F2, cid=1205, SUCCESS, logIndex=1691, commits[17750241-545b-4219-93a1-14a6ea3d85be:c1692, 4eaaa090-573e-41d3-9f8c-c99e236d806a:c1688, 5f4cf9ee-4bed-49de-adaa-861aec894328:c1688]
2019-08-23 02:48:04,938 [grpc-default-executor-1] INFO  client.GrpcClientProtocolClient (GrpcClientProtocolClient.java:onNext(255)) - client-B268B4322F32->17750241-545b-4219-93a1-14a6ea3d85be: receive RaftClientReply:client-B268B4322F32->17750241-545b-4219-93a1-14a6ea3d85be@group-C33FBD9556F2, cid=1206, SUCCESS, logIndex=1692, commits[17750241-545b-4219-93a1-14a6ea3d85be:c1692, 4eaaa090-573e-41d3-9f8c-c99e236d806a:c1688, 5f4cf9ee-4bed-49de-adaa-861aec894328:c1688]
2019-08-23 02:48:04,957 | INFO  | DNAudit | user=null | ip=null | op=WRITE_CHUNK {blockData=conID: 2 locID: 102664010307404238 bcsId: 1688} | ret=SUCCESS |  
2019-08-23 02:48:04,957 | INFO  | DNAudit | user=null | ip=null | op=WRITE_CHUNK {blockData=conID: 2 locID: 102664010307404238 bcsId: 1688} | ret=SUCCESS |  
2019-08-23 02:48:04,960 | INFO  | DNAudit | user=null | ip=null | op=PUT_BLOCK {blockData=[blockId=conID: 2 locID: 102664010307404238 bcsId: 0,size=4194304]} | ret=SUCCESS |  
2019-08-23 02:48:04,960 | INFO  | DNAudit | user=null | ip=null | op=PUT_BLOCK {blockData=[blockId=conID: 2 locID: 102664010307404238 bcsId: 0,size=4194304]} | ret=SUCCESS |  
2019-08-23 02:48:04,960 [grpc-default-executor-6] INFO  client.GrpcClientProtocolClient (GrpcClientProtocolClient.java:onNext(255)) - client-B268B4322F32->17750241-545b-4219-93a1-14a6ea3d85be: receive RaftClientReply:client-B268B4322F32->17750241-545b-4219-93a1-14a6ea3d85be@group-C33FBD9556F2, cid=1207, SUCCESS, logIndex=0, commits[17750241-545b-4219-93a1-14a6ea3d85be:c1694, 4eaaa090-573e-41d3-9f8c-c99e236d806a:c1692, 5f4cf9ee-4bed-49de-adaa-861aec894328:c1692]
2019-08-23 02:48:04,968 | INFO  | DNAudit | user=null | ip=null | op=WRITE_CHUNK {blockData=conID: 3 locID: 102664010307404239 bcsId: 0} | ret=SUCCESS |  
2019-08-23 02:48:04,972 | INFO  | DNAudit | user=null | ip=null | op=WRITE_CHUNK {blockData=conID: 3 locID: 102664010307404239 bcsId: 0} | ret=SUCCESS |  
2019-08-23 02:48:04,972 | INFO  | DNAudit | user=null | ip=null | op=WRITE_CHUNK {blockData=conID: 3 locID: 102664010307404239 bcsId: 0} | ret=SUCCESS |  
2019-08-23 02:48:04,972 | INFO  | DNAudit | user=null | ip=null | op=WRITE_CHUNK {blockData=conID: 3 locID: 102664010307404239 bcsId: 0} | ret=SUCCESS |  
2019-08-23 02:48:04,974 | INFO  | DNAudit | user=null | ip=null | op=WRITE_CHUNK {blockData=conID: 3 locID: 102664010307404239 bcsId: 0} | ret=SUCCESS |  
2019-08-23 02:48:04,974 | INFO  | DNAudit | user=null | ip=null | op=WRITE_CHUNK {blockData=conID: 3 locID: 102664010307404239 bcsId: 0} | ret=SUCCESS |  
2019-08-23 02:48:04,981 | INFO  | DNAudit | user=null | ip=null | op=WRITE_CHUNK {blockData=conID: 3 locID: 102664010307404239 bcsId: 0} | ret=SUCCESS |  
2019-08-23 02:48:04,982 | INFO  | DNAudit | user=null | ip=null | op=PUT_BLOCK {blockData=[blockId=conID: 3 locID: 102664010307404239 bcsId: 0,size=1048576]} | ret=SUCCESS |  
2019-08-23 02:48:04,982 [grpc-default-executor-6] INFO  client.GrpcClientProtocolClient (GrpcClientProtocolClient.java:onNext(255)) - client-B268B4322F32->17750241-545b-4219-93a1-14a6ea3d85be: receive RaftClientReply:client-B268B4322F32->17750241-545b-4219-93a1-14a6ea3d85be@group-C33FBD9556F2, cid=1208, SUCCESS, logIndex=1695, commits[17750241-545b-4219-93a1-14a6ea3d85be:c1698, 4eaaa090-573e-41d3-9f8c-c99e236d806a:c1694, 5f4cf9ee-4bed-49de-adaa-861aec894328:c1694]
2019-08-23 02:48:04,982 | INFO  | DNAudit | user=null | ip=null | op=WRITE_CHUNK {blockData=conID: 3 locID: 102664010307404239 bcsId: 0} | ret=SUCCESS |  
2019-08-23 02:48:04,982 | INFO  | DNAudit | user=null | ip=null | op=WRITE_CHUNK {blockData=conID: 3 locID: 102664010307404239 bcsId: 0} | ret=SUCCESS |  
2019-08-23 02:48:04,982 [grpc-default-executor-6] INFO  client.GrpcClientProtocolClient (GrpcClientProtocolClient.java:onNext(255)) - client-B268B4322F32->17750241-545b-4219-93a1-14a6ea3d85be: receive RaftClientReply:client-B268B4322F32->17750241-545b-4219-93a1-14a6ea3d85be@group-C33FBD9556F2, cid=1209, SUCCESS, logIndex=1696, commits[17750241-545b-4219-93a1-14a6ea3d85be:c1698, 4eaaa090-573e-41d3-9f8c-c99e236d806a:c1694, 5f4cf9ee-4bed-49de-adaa-861aec894328:c1694]
2019-08-23 02:48:04,983 | INFO  | DNAudit | user=null | ip=null | op=PUT_BLOCK {blockData=[blockId=conID: 3 locID: 102664010307404239 bcsId: 0,size=2097152]} | ret=SUCCESS |  
2019-08-23 02:48:04,983 | INFO  | DNAudit | user=null | ip=null | op=WRITE_CHUNK {blockData=conID: 3 locID: 102664010307404239 bcsId: 0} | ret=SUCCESS |  
2019-08-23 02:48:04,984 | INFO  | DNAudit | user=null | ip=null | op=PUT_BLOCK {blockData=[blockId=conID: 3 locID: 102664010307404239 bcsId: 0,size=1048576]} | ret=SUCCESS |  
2019-08-23 02:48:04,983 [grpc-default-executor-6] INFO  client.GrpcClientProtocolClient (GrpcClientProtocolClient.java:onNext(255)) - client-B268B4322F32->17750241-545b-4219-93a1-14a6ea3d85be: receive RaftClientReply:client-B268B4322F32->17750241-545b-4219-93a1-14a6ea3d85be@group-C33FBD9556F2, cid=1210, SUCCESS, logIndex=1697, commits[17750241-545b-4219-93a1-14a6ea3d85be:c1698, 4eaaa090-573e-41d3-9f8c-c99e236d806a:c1694, 5f4cf9ee-4bed-49de-adaa-861aec894328:c1695]
2019-08-23 02:48:04,984 [grpc-default-executor-6] INFO  client.GrpcClientProtocolClient (GrpcClientProtocolClient.java:onNext(255)) - client-B268B4322F32->17750241-545b-4219-93a1-14a6ea3d85be: receive RaftClientReply:client-B268B4322F32->17750241-545b-4219-93a1-14a6ea3d85be@group-C33FBD9556F2, cid=1211, SUCCESS, logIndex=1698, commits[17750241-545b-4219-93a1-14a6ea3d85be:c1699, 4eaaa090-573e-41d3-9f8c-c99e236d806a:c1694, 5f4cf9ee-4bed-49de-adaa-861aec894328:c1695]
2019-08-23 02:48:04,994 | INFO  | DNAudit | user=null | ip=null | op=PUT_BLOCK {blockData=[blockId=conID: 3 locID: 102664010307404239 bcsId: 0,size=1048576]} | ret=SUCCESS |  
2019-08-23 02:48:04,994 | INFO  | DNAudit | user=null | ip=null | op=WRITE_CHUNK {blockData=conID: 3 locID: 102664010307404239 bcsId: 0} | ret=SUCCESS |  
2019-08-23 02:48:04,994 | INFO  | DNAudit | user=null | ip=null | op=PUT_BLOCK {blockData=[blockId=conID: 3 locID: 102664010307404239 bcsId: 0,size=2097152]} | ret=SUCCESS |  
2019-08-23 02:48:04,994 | INFO  | DNAudit | user=null | ip=null | op=WRITE_CHUNK {blockData=conID: 3 locID: 102664010307404239 bcsId: 0} | ret=SUCCESS |  
2019-08-23 02:48:04,995 | INFO  | DNAudit | user=null | ip=null | op=PUT_BLOCK {blockData=[blockId=conID: 3 locID: 102664010307404239 bcsId: 0,size=2097152]} | ret=SUCCESS |  
2019-08-23 02:48:04,995 [grpc-default-executor-6] INFO  client.GrpcClientProtocolClient (GrpcClientProtocolClient.java:onNext(255)) - client-B268B4322F32->17750241-545b-4219-93a1-14a6ea3d85be: receive RaftClientReply:client-B268B4322F32->17750241-545b-4219-93a1-14a6ea3d85be@group-C33FBD9556F2, cid=1212, SUCCESS, logIndex=0, commits[17750241-545b-4219-93a1-14a6ea3d85be:c1700, 4eaaa090-573e-41d3-9f8c-c99e236d806a:c1696, 5f4cf9ee-4bed-49de-adaa-861aec894328:c1696]
2019-08-23 02:48:05,002 | INFO  | DNAudit | user=null | ip=null | op=WRITE_CHUNK {blockData=conID: 3 locID: 102664010307404239 bcsId: 1698} | ret=SUCCESS |  
2019-08-23 02:48:05,004 | INFO  | DNAudit | user=null | ip=null | op=WRITE_CHUNK {blockData=conID: 3 locID: 102664010307404239 bcsId: 1698} | ret=SUCCESS |  
2019-08-23 02:48:05,004 | INFO  | DNAudit | user=null | ip=null | op=WRITE_CHUNK {blockData=conID: 3 locID: 102664010307404239 bcsId: 1698} | ret=SUCCESS |  
2019-08-23 02:48:05,014 | INFO  | DNAudit | user=null | ip=null | op=WRITE_CHUNK {blockData=conID: 3 locID: 102664010307404239 bcsId: 1698} | ret=SUCCESS |  
2019-08-23 02:48:05,015 | INFO  | DNAudit | user=null | ip=null | op=PUT_BLOCK {blockData=[blockId=conID: 3 locID: 102664010307404239 bcsId: 0,size=3145728]} | ret=SUCCESS |  
2019-08-23 02:48:05,015 [grpc-default-executor-4] INFO  client.GrpcClientProtocolClient (GrpcClientProtocolClient.java:onNext(255)) - client-B268B4322F32->17750241-545b-4219-93a1-14a6ea3d85be: receive RaftClientReply:client-B268B4322F32->17750241-545b-4219-93a1-14a6ea3d85be@group-C33FBD9556F2, cid=1213, SUCCESS, logIndex=1702, commits[17750241-545b-4219-93a1-14a6ea3d85be:c1703, 4eaaa090-573e-41d3-9f8c-c99e236d806a:c1701, 5f4cf9ee-4bed-49de-adaa-861aec894328:c1701]
2019-08-23 02:48:05,015 [grpc-default-executor-4] INFO  client.GrpcClientProtocolClient (GrpcClientProtocolClient.java:onNext(255)) - client-B268B4322F32->17750241-545b-4219-93a1-14a6ea3d85be: receive RaftClientReply:client-B268B4322F32->17750241-545b-4219-93a1-14a6ea3d85be@group-C33FBD9556F2, cid=1214, SUCCESS, logIndex=1703, commits[17750241-545b-4219-93a1-14a6ea3d85be:c1703, 4eaaa090-573e-41d3-9f8c-c99e236d806a:c1701, 5f4cf9ee-4bed-49de-adaa-861aec894328:c1701]
2019-08-23 02:48:05,022 | INFO  | DNAudit | user=null | ip=null | op=WRITE_CHUNK {blockData=conID: 3 locID: 102664010307404239 bcsId: 1703} | ret=SUCCESS |  
2019-08-23 02:48:05,023 | INFO  | DNAudit | user=null | ip=null | op=WRITE_CHUNK {blockData=conID: 3 locID: 102664010307404239 bcsId: 1703} | ret=SUCCESS |  
2019-08-23 02:48:05,024 | INFO  | DNAudit | user=null | ip=null | op=WRITE_CHUNK {blockData=conID: 3 locID: 102664010307404239 bcsId: 1703} | ret=SUCCESS |  
2019-08-23 02:48:05,027 | INFO  | DNAudit | user=null | ip=null | op=WRITE_CHUNK {blockData=conID: 3 locID: 102664010307404239 bcsId: 1698} | ret=SUCCESS |  
2019-08-23 02:48:05,027 | INFO  | DNAudit | user=null | ip=null | op=WRITE_CHUNK {blockData=conID: 3 locID: 102664010307404239 bcsId: 1698} | ret=SUCCESS |  
2019-08-23 02:48:05,027 | INFO  | DNAudit | user=null | ip=null | op=PUT_BLOCK {blockData=[blockId=conID: 3 locID: 102664010307404239 bcsId: 0,size=3145728]} | ret=SUCCESS |  
2019-08-23 02:48:05,027 | INFO  | DNAudit | user=null | ip=null | op=PUT_BLOCK {blockData=[blockId=conID: 3 locID: 102664010307404239 bcsId: 0,size=3145728]} | ret=SUCCESS |  
2019-08-23 02:48:05,039 | INFO  | DNAudit | user=null | ip=null | op=WRITE_CHUNK {blockData=conID: 3 locID: 102664010307404239 bcsId: 1703} | ret=SUCCESS |  
2019-08-23 02:48:05,039 | INFO  | DNAudit | user=null | ip=null | op=PUT_BLOCK {blockData=[blockId=conID: 3 locID: 102664010307404239 bcsId: 0,size=4194304]} | ret=SUCCESS |  
2019-08-23 02:48:05,039 [grpc-default-executor-4] INFO  client.GrpcClientProtocolClient (GrpcClientProtocolClient.java:onNext(255)) - client-B268B4322F32->17750241-545b-4219-93a1-14a6ea3d85be: receive RaftClientReply:client-B268B4322F32->17750241-545b-4219-93a1-14a6ea3d85be@group-C33FBD9556F2, cid=1215, SUCCESS, logIndex=1706, commits[17750241-545b-4219-93a1-14a6ea3d85be:c1707, 4eaaa090-573e-41d3-9f8c-c99e236d806a:c1703, 5f4cf9ee-4bed-49de-adaa-861aec894328:c1703]
2019-08-23 02:48:05,040 [grpc-default-executor-4] INFO  client.GrpcClientProtocolClient (GrpcClientProtocolClient.java:onNext(255)) - client-B268B4322F32->17750241-545b-4219-93a1-14a6ea3d85be: receive RaftClientReply:client-B268B4322F32->17750241-545b-4219-93a1-14a6ea3d85be@group-C33FBD9556F2, cid=1216, SUCCESS, logIndex=1707, commits[17750241-545b-4219-93a1-14a6ea3d85be:c1707, 4eaaa090-573e-41d3-9f8c-c99e236d806a:c1703, 5f4cf9ee-4bed-49de-adaa-861aec894328:c1703]
2019-08-23 02:48:05,052 | INFO  | DNAudit | user=null | ip=null | op=WRITE_CHUNK {blockData=conID: 3 locID: 102664010307404239 bcsId: 1703} | ret=SUCCESS |  
2019-08-23 02:48:05,052 | INFO  | DNAudit | user=null | ip=null | op=WRITE_CHUNK {blockData=conID: 3 locID: 102664010307404239 bcsId: 1703} | ret=SUCCESS |  
2019-08-23 02:48:05,052 | INFO  | DNAudit | user=null | ip=null | op=PUT_BLOCK {blockData=[blockId=conID: 3 locID: 102664010307404239 bcsId: 0,size=4194304]} | ret=SUCCESS |  
2019-08-23 02:48:05,052 | INFO  | DNAudit | user=null | ip=null | op=PUT_BLOCK {blockData=[blockId=conID: 3 locID: 102664010307404239 bcsId: 0,size=4194304]} | ret=SUCCESS |  
2019-08-23 02:48:05,053 [grpc-default-executor-6] INFO  client.GrpcClientProtocolClient (GrpcClientProtocolClient.java:onNext(255)) - client-B268B4322F32->17750241-545b-4219-93a1-14a6ea3d85be: receive RaftClientReply:client-B268B4322F32->17750241-545b-4219-93a1-14a6ea3d85be@group-C33FBD9556F2, cid=1217, SUCCESS, logIndex=0, commits[17750241-545b-4219-93a1-14a6ea3d85be:c1708, 4eaaa090-573e-41d3-9f8c-c99e236d806a:c1707, 5f4cf9ee-4bed-49de-adaa-861aec894328:c1707]
2019-08-23 02:48:05,060 | INFO  | DNAudit | user=null | ip=null | op=WRITE_CHUNK {blockData=conID: 1 locID: 102664010307404240 bcsId: 0} | ret=SUCCESS |  
2019-08-23 02:48:05,062 | INFO  | DNAudit | user=null | ip=null | op=WRITE_CHUNK {blockData=conID: 1 locID: 102664010307404240 bcsId: 0} | ret=SUCCESS |  
2019-08-23 02:48:05,063 | INFO  | DNAudit | user=null | ip=null | op=WRITE_CHUNK {blockData=conID: 1 locID: 102664010307404240 bcsId: 0} | ret=SUCCESS |  
2019-08-23 02:48:05,064 | INFO  | DNAudit | user=null | ip=null | op=WRITE_CHUNK {blockData=conID: 1 locID: 102664010307404240 bcsId: 0} | ret=SUCCESS |  
2019-08-23 02:48:05,064 | INFO  | DNAudit | user=null | ip=null | op=WRITE_CHUNK {blockData=conID: 1 locID: 102664010307404240 bcsId: 0} | ret=SUCCESS |  
2019-08-23 02:48:05,065 | INFO  | DNAudit | user=null | ip=null | op=WRITE_CHUNK {blockData=conID: 1 locID: 102664010307404240 bcsId: 0} | ret=SUCCESS |  
2019-08-23 02:48:05,078 | INFO  | DNAudit | user=null | ip=null | op=WRITE_CHUNK {blockData=conID: 1 locID: 102664010307404240 bcsId: 0} | ret=SUCCESS |  
2019-08-23 02:48:05,078 | INFO  | DNAudit | user=null | ip=null | op=PUT_BLOCK {blockData=[blockId=conID: 1 locID: 102664010307404240 bcsId: 0,size=1048576]} | ret=SUCCESS |  
2019-08-23 02:48:05,079 | INFO  | DNAudit | user=null | ip=null | op=WRITE_CHUNK {blockData=conID: 1 locID: 102664010307404240 bcsId: 0} | ret=SUCCESS |  
2019-08-23 02:48:05,079 [grpc-default-executor-1] INFO  client.GrpcClientProtocolClient (GrpcClientProtocolClient.java:onNext(255)) - client-B268B4322F32->17750241-545b-4219-93a1-14a6ea3d85be: receive RaftClientReply:client-B268B4322F32->17750241-545b-4219-93a1-14a6ea3d85be@group-C33FBD9556F2, cid=1218, SUCCESS, logIndex=1710, commits[17750241-545b-4219-93a1-14a6ea3d85be:c1713, 4eaaa090-573e-41d3-9f8c-c99e236d806a:c1708, 5f4cf9ee-4bed-49de-adaa-861aec894328:c1708]
2019-08-23 02:48:05,079 | INFO  | DNAudit | user=null | ip=null | op=PUT_BLOCK {blockData=[blockId=conID: 1 locID: 102664010307404240 bcsId: 0,size=2097152]} | ret=SUCCESS |  
2019-08-23 02:48:05,079 [grpc-default-executor-1] INFO  client.GrpcClientProtocolClient (GrpcClientProtocolClient.java:onNext(255)) - client-B268B4322F32->17750241-545b-4219-93a1-14a6ea3d85be: receive RaftClientReply:client-B268B4322F32->17750241-545b-4219-93a1-14a6ea3d85be@group-C33FBD9556F2, cid=1219, SUCCESS, logIndex=1711, commits[17750241-545b-4219-93a1-14a6ea3d85be:c1713, 4eaaa090-573e-41d3-9f8c-c99e236d806a:c1708, 5f4cf9ee-4bed-49de-adaa-861aec894328:c1708]
2019-08-23 02:48:05,080 [grpc-default-executor-1] INFO  client.GrpcClientProtocolClient (GrpcClientProtocolClient.java:onNext(255)) - client-B268B4322F32->17750241-545b-4219-93a1-14a6ea3d85be: receive RaftClientReply:client-B268B4322F32->17750241-545b-4219-93a1-14a6ea3d85be@group-C33FBD9556F2, cid=1220, SUCCESS, logIndex=1712, commits[17750241-545b-4219-93a1-14a6ea3d85be:c1713, 4eaaa090-573e-41d3-9f8c-c99e236d806a:c1708, 5f4cf9ee-4bed-49de-adaa-861aec894328:c1708]
2019-08-23 02:48:05,080 [grpc-default-executor-1] INFO  client.GrpcClientProtocolClient (GrpcClientProtocolClient.java:onNext(255)) - client-B268B4322F32->17750241-545b-4219-93a1-14a6ea3d85be: receive RaftClientReply:client-B268B4322F32->17750241-545b-4219-93a1-14a6ea3d85be@group-C33FBD9556F2, cid=1221, SUCCESS, logIndex=1713, commits[17750241-545b-4219-93a1-14a6ea3d85be:c1713, 4eaaa090-573e-41d3-9f8c-c99e236d806a:c1708, 5f4cf9ee-4bed-49de-adaa-861aec894328:c1708]
2019-08-23 02:48:05,089 | INFO  | DNAudit | user=null | ip=null | op=WRITE_CHUNK {blockData=conID: 1 locID: 102664010307404240 bcsId: 0} | ret=SUCCESS |  
2019-08-23 02:48:05,089 | INFO  | DNAudit | user=null | ip=null | op=WRITE_CHUNK {blockData=conID: 1 locID: 102664010307404240 bcsId: 0} | ret=SUCCESS |  
2019-08-23 02:48:05,090 | INFO  | DNAudit | user=null | ip=null | op=PUT_BLOCK {blockData=[blockId=conID: 1 locID: 102664010307404240 bcsId: 0,size=1048576]} | ret=SUCCESS |  
2019-08-23 02:48:05,090 | INFO  | DNAudit | user=null | ip=null | op=PUT_BLOCK {blockData=[blockId=conID: 1 locID: 102664010307404240 bcsId: 0,size=1048576]} | ret=SUCCESS |  
2019-08-23 02:48:05,090 [grpc-default-executor-1] INFO  client.GrpcClientProtocolClient (GrpcClientProtocolClient.java:onNext(255)) - client-B268B4322F32->17750241-545b-4219-93a1-14a6ea3d85be: receive RaftClientReply:client-B268B4322F32->17750241-545b-4219-93a1-14a6ea3d85be@group-C33FBD9556F2, cid=1222, SUCCESS, logIndex=0, commits[17750241-545b-4219-93a1-14a6ea3d85be:c1714, 4eaaa090-573e-41d3-9f8c-c99e236d806a:c1711, 5f4cf9ee-4bed-49de-adaa-861aec894328:c1711]
2019-08-23 02:48:05,092 | INFO  | DNAudit | user=null | ip=null | op=WRITE_CHUNK {blockData=conID: 1 locID: 102664010307404240 bcsId: 0} | ret=SUCCESS |  
2019-08-23 02:48:05,092 | INFO  | DNAudit | user=null | ip=null | op=PUT_BLOCK {blockData=[blockId=conID: 1 locID: 102664010307404240 bcsId: 0,size=2097152]} | ret=SUCCESS |  
2019-08-23 02:48:05,092 | INFO  | DNAudit | user=null | ip=null | op=WRITE_CHUNK {blockData=conID: 1 locID: 102664010307404240 bcsId: 0} | ret=SUCCESS |  
2019-08-23 02:48:05,093 | INFO  | DNAudit | user=null | ip=null | op=PUT_BLOCK {blockData=[blockId=conID: 1 locID: 102664010307404240 bcsId: 0,size=2097152]} | ret=SUCCESS |  
2019-08-23 02:48:05,097 | INFO  | DNAudit | user=null | ip=null | op=WRITE_CHUNK {blockData=conID: 1 locID: 102664010307404240 bcsId: 1713} | ret=SUCCESS |  
2019-08-23 02:48:05,099 | INFO  | DNAudit | user=null | ip=null | op=WRITE_CHUNK {blockData=conID: 1 locID: 102664010307404240 bcsId: 1713} | ret=SUCCESS |  
2019-08-23 02:48:05,100 | INFO  | DNAudit | user=null | ip=null | op=WRITE_CHUNK {blockData=conID: 1 locID: 102664010307404240 bcsId: 1713} | ret=SUCCESS |  
2019-08-23 02:48:05,111 | INFO  | DNAudit | user=null | ip=null | op=WRITE_CHUNK {blockData=conID: 1 locID: 102664010307404240 bcsId: 1713} | ret=SUCCESS |  
2019-08-23 02:48:05,111 | INFO  | DNAudit | user=null | ip=null | op=PUT_BLOCK {blockData=[blockId=conID: 1 locID: 102664010307404240 bcsId: 0,size=3145728]} | ret=SUCCESS |  
2019-08-23 02:48:05,111 [grpc-default-executor-1] INFO  client.GrpcClientProtocolClient (GrpcClientProtocolClient.java:onNext(255)) - client-B268B4322F32->17750241-545b-4219-93a1-14a6ea3d85be: receive RaftClientReply:client-B268B4322F32->17750241-545b-4219-93a1-14a6ea3d85be@group-C33FBD9556F2, cid=1223, SUCCESS, logIndex=1718, commits[17750241-545b-4219-93a1-14a6ea3d85be:c1719, 4eaaa090-573e-41d3-9f8c-c99e236d806a:c1717, 5f4cf9ee-4bed-49de-adaa-861aec894328:c1717]
2019-08-23 02:48:05,112 [grpc-default-executor-1] INFO  client.GrpcClientProtocolClient (GrpcClientProtocolClient.java:onNext(255)) - client-B268B4322F32->17750241-545b-4219-93a1-14a6ea3d85be: receive RaftClientReply:client-B268B4322F32->17750241-545b-4219-93a1-14a6ea3d85be@group-C33FBD9556F2, cid=1224, SUCCESS, logIndex=1719, commits[17750241-545b-4219-93a1-14a6ea3d85be:c1719, 4eaaa090-573e-41d3-9f8c-c99e236d806a:c1717, 5f4cf9ee-4bed-49de-adaa-861aec894328:c1717]
2019-08-23 02:48:05,119 | INFO  | DNAudit | user=null | ip=null | op=WRITE_CHUNK {blockData=conID: 1 locID: 102664010307404240 bcsId: 1719} | ret=SUCCESS |  
2019-08-23 02:48:05,121 | INFO  | DNAudit | user=null | ip=null | op=WRITE_CHUNK {blockData=conID: 1 locID: 102664010307404240 bcsId: 1719} | ret=SUCCESS |  
2019-08-23 02:48:05,123 | INFO  | DNAudit | user=null | ip=null | op=WRITE_CHUNK {blockData=conID: 1 locID: 102664010307404240 bcsId: 1719} | ret=SUCCESS |  
2019-08-23 02:48:05,124 | INFO  | DNAudit | user=null | ip=null | op=WRITE_CHUNK {blockData=conID: 1 locID: 102664010307404240 bcsId: 1713} | ret=SUCCESS |  
2019-08-23 02:48:05,124 | INFO  | DNAudit | user=null | ip=null | op=WRITE_CHUNK {blockData=conID: 1 locID: 102664010307404240 bcsId: 1713} | ret=SUCCESS |  
2019-08-23 02:48:05,127 | INFO  | DNAudit | user=null | ip=null | op=PUT_BLOCK {blockData=[blockId=conID: 1 locID: 102664010307404240 bcsId: 0,size=3145728]} | ret=SUCCESS |  
2019-08-23 02:48:05,127 | INFO  | DNAudit | user=null | ip=null | op=PUT_BLOCK {blockData=[blockId=conID: 1 locID: 102664010307404240 bcsId: 0,size=3145728]} | ret=SUCCESS |  
2019-08-23 02:48:05,128 | INFO  | DNAudit | user=null | ip=null | op=WRITE_CHUNK {blockData=conID: 1 locID: 102664010307404240 bcsId: 1719} | ret=SUCCESS |  
2019-08-23 02:48:05,128 | INFO  | DNAudit | user=null | ip=null | op=PUT_BLOCK {blockData=[blockId=conID: 1 locID: 102664010307404240 bcsId: 0,size=4194304]} | ret=SUCCESS |  
2019-08-23 02:48:05,128 [grpc-default-executor-6] INFO  client.GrpcClientProtocolClient (GrpcClientProtocolClient.java:onNext(255)) - client-B268B4322F32->17750241-545b-4219-93a1-14a6ea3d85be: receive RaftClientReply:client-B268B4322F32->17750241-545b-4219-93a1-14a6ea3d85be@group-C33FBD9556F2, cid=1225, SUCCESS, logIndex=1722, commits[17750241-545b-4219-93a1-14a6ea3d85be:c1723, 4eaaa090-573e-41d3-9f8c-c99e236d806a:c1719, 5f4cf9ee-4bed-49de-adaa-861aec894328:c1719]
2019-08-23 02:48:05,129 [grpc-default-executor-6] INFO  client.GrpcClientProtocolClient (GrpcClientProtocolClient.java:onNext(255)) - client-B268B4322F32->17750241-545b-4219-93a1-14a6ea3d85be: receive RaftClientReply:client-B268B4322F32->17750241-545b-4219-93a1-14a6ea3d85be@group-C33FBD9556F2, cid=1226, SUCCESS, logIndex=1723, commits[17750241-545b-4219-93a1-14a6ea3d85be:c1723, 4eaaa090-573e-41d3-9f8c-c99e236d806a:c1719, 5f4cf9ee-4bed-49de-adaa-861aec894328:c1719]
2019-08-23 02:48:05,131 | INFO  | DNAudit | user=null | ip=null | op=WRITE_CHUNK {blockData=conID: 1 locID: 102664010307404240 bcsId: 1719} | ret=SUCCESS |  
2019-08-23 02:48:05,131 | INFO  | DNAudit | user=null | ip=null | op=WRITE_CHUNK {blockData=conID: 1 locID: 102664010307404240 bcsId: 1719} | ret=SUCCESS |  
2019-08-23 02:48:05,132 | INFO  | DNAudit | user=null | ip=null | op=PUT_BLOCK {blockData=[blockId=conID: 1 locID: 102664010307404240 bcsId: 0,size=4194304]} | ret=SUCCESS |  
2019-08-23 02:48:05,135 | INFO  | DNAudit | user=null | ip=null | op=PUT_BLOCK {blockData=[blockId=conID: 1 locID: 102664010307404240 bcsId: 0,size=4194304]} | ret=SUCCESS |  
2019-08-23 02:48:05,135 [grpc-default-executor-6] INFO  client.GrpcClientProtocolClient (GrpcClientProtocolClient.java:onNext(255)) - client-B268B4322F32->17750241-545b-4219-93a1-14a6ea3d85be: receive RaftClientReply:client-B268B4322F32->17750241-545b-4219-93a1-14a6ea3d85be@group-C33FBD9556F2, cid=1227, SUCCESS, logIndex=0, commits[17750241-545b-4219-93a1-14a6ea3d85be:c1725, 4eaaa090-573e-41d3-9f8c-c99e236d806a:c1723, 5f4cf9ee-4bed-49de-adaa-861aec894328:c1723]
2019-08-23 02:48:05,142 | INFO  | DNAudit | user=null | ip=null | op=WRITE_CHUNK {blockData=conID: 2 locID: 102664010307404241 bcsId: 0} | ret=SUCCESS |  
2019-08-23 02:48:05,146 | INFO  | DNAudit | user=null | ip=null | op=WRITE_CHUNK {blockData=conID: 2 locID: 102664010307404241 bcsId: 0} | ret=SUCCESS |  
2019-08-23 02:48:05,146 | INFO  | DNAudit | user=null | ip=null | op=WRITE_CHUNK {blockData=conID: 2 locID: 102664010307404241 bcsId: 0} | ret=SUCCESS |  
2019-08-23 02:48:05,147 | INFO  | DNAudit | user=null | ip=null | op=WRITE_CHUNK {blockData=conID: 2 locID: 102664010307404241 bcsId: 0} | ret=SUCCESS |  
2019-08-23 02:48:05,148 | INFO  | DNAudit | user=null | ip=null | op=WRITE_CHUNK {blockData=conID: 2 locID: 102664010307404241 bcsId: 0} | ret=SUCCESS |  
2019-08-23 02:48:05,149 | INFO  | DNAudit | user=null | ip=null | op=WRITE_CHUNK {blockData=conID: 2 locID: 102664010307404241 bcsId: 0} | ret=SUCCESS |  
2019-08-23 02:48:05,156 | INFO  | DNAudit | user=null | ip=null | op=WRITE_CHUNK {blockData=conID: 2 locID: 102664010307404241 bcsId: 0} | ret=SUCCESS |  
2019-08-23 02:48:05,157 | INFO  | DNAudit | user=null | ip=null | op=PUT_BLOCK {blockData=[blockId=conID: 2 locID: 102664010307404241 bcsId: 0,size=1048576]} | ret=SUCCESS |  
2019-08-23 02:48:05,157 [grpc-default-executor-4] INFO  client.GrpcClientProtocolClient (GrpcClientProtocolClient.java:onNext(255)) - client-B268B4322F32->17750241-545b-4219-93a1-14a6ea3d85be: receive RaftClientReply:client-B268B4322F32->17750241-545b-4219-93a1-14a6ea3d85be@group-C33FBD9556F2, cid=1228, SUCCESS, logIndex=1726, commits[17750241-545b-4219-93a1-14a6ea3d85be:c1727, 4eaaa090-573e-41d3-9f8c-c99e236d806a:c1725, 5f4cf9ee-4bed-49de-adaa-861aec894328:c1723]
2019-08-23 02:48:05,158 [grpc-default-executor-4] INFO  client.GrpcClientProtocolClient (GrpcClientProtocolClient.java:onNext(255)) - client-B268B4322F32->17750241-545b-4219-93a1-14a6ea3d85be: receive RaftClientReply:client-B268B4322F32->17750241-545b-4219-93a1-14a6ea3d85be@group-C33FBD9556F2, cid=1229, SUCCESS, logIndex=1727, commits[17750241-545b-4219-93a1-14a6ea3d85be:c1727, 4eaaa090-573e-41d3-9f8c-c99e236d806a:c1725, 5f4cf9ee-4bed-49de-adaa-861aec894328:c1723]
2019-08-23 02:48:05,159 | INFO  | DNAudit | user=null | ip=null | op=WRITE_CHUNK {blockData=conID: 2 locID: 102664010307404241 bcsId: 0} | ret=SUCCESS |  
2019-08-23 02:48:05,159 | INFO  | DNAudit | user=null | ip=null | op=PUT_BLOCK {blockData=[blockId=conID: 2 locID: 102664010307404241 bcsId: 0,size=2097152]} | ret=SUCCESS |  
2019-08-23 02:48:05,160 [grpc-default-executor-6] INFO  client.GrpcClientProtocolClient (GrpcClientProtocolClient.java:onNext(255)) - client-B268B4322F32->17750241-545b-4219-93a1-14a6ea3d85be: receive RaftClientReply:client-B268B4322F32->17750241-545b-4219-93a1-14a6ea3d85be@group-C33FBD9556F2, cid=1230, SUCCESS, logIndex=1728, commits[17750241-545b-4219-93a1-14a6ea3d85be:c1729, 4eaaa090-573e-41d3-9f8c-c99e236d806a:c1725, 5f4cf9ee-4bed-49de-adaa-861aec894328:c1725]
2019-08-23 02:48:05,160 [grpc-default-executor-6] INFO  client.GrpcClientProtocolClient (GrpcClientProtocolClient.java:onNext(255)) - client-B268B4322F32->17750241-545b-4219-93a1-14a6ea3d85be: receive RaftClientReply:client-B268B4322F32->17750241-545b-4219-93a1-14a6ea3d85be@group-C33FBD9556F2, cid=1231, SUCCESS, logIndex=1729, commits[17750241-545b-4219-93a1-14a6ea3d85be:c1729, 4eaaa090-573e-41d3-9f8c-c99e236d806a:c1725, 5f4cf9ee-4bed-49de-adaa-861aec894328:c1725]
2019-08-23 02:48:05,161 | INFO  | DNAudit | user=null | ip=null | op=WRITE_CHUNK {blockData=conID: 2 locID: 102664010307404241 bcsId: 0} | ret=SUCCESS |  
2019-08-23 02:48:05,162 | INFO  | DNAudit | user=null | ip=null | op=PUT_BLOCK {blockData=[blockId=conID: 2 locID: 102664010307404241 bcsId: 0,size=1048576]} | ret=SUCCESS |  
2019-08-23 02:48:05,162 | INFO  | DNAudit | user=null | ip=null | op=WRITE_CHUNK {blockData=conID: 2 locID: 102664010307404241 bcsId: 0} | ret=SUCCESS |  
2019-08-23 02:48:05,162 | INFO  | DNAudit | user=null | ip=null | op=PUT_BLOCK {blockData=[blockId=conID: 2 locID: 102664010307404241 bcsId: 0,size=1048576]} | ret=SUCCESS |  
2019-08-23 02:48:05,163 | INFO  | DNAudit | user=null | ip=null | op=WRITE_CHUNK {blockData=conID: 2 locID: 102664010307404241 bcsId: 0} | ret=SUCCESS |  
2019-08-23 02:48:05,163 [grpc-default-executor-6] INFO  client.GrpcClientProtocolClient (GrpcClientProtocolClient.java:onNext(255)) - client-B268B4322F32->17750241-545b-4219-93a1-14a6ea3d85be: receive RaftClientReply:client-B268B4322F32->17750241-545b-4219-93a1-14a6ea3d85be@group-C33FBD9556F2, cid=1232, SUCCESS, logIndex=0, commits[17750241-545b-4219-93a1-14a6ea3d85be:c1731, 4eaaa090-573e-41d3-9f8c-c99e236d806a:c1727, 5f4cf9ee-4bed-49de-adaa-861aec894328:c1727]
2019-08-23 02:48:05,163 | INFO  | DNAudit | user=null | ip=null | op=PUT_BLOCK {blockData=[blockId=conID: 2 locID: 102664010307404241 bcsId: 0,size=2097152]} | ret=SUCCESS |  
2019-08-23 02:48:05,164 | INFO  | DNAudit | user=null | ip=null | op=WRITE_CHUNK {blockData=conID: 2 locID: 102664010307404241 bcsId: 0} | ret=SUCCESS |  
2019-08-23 02:48:05,164 | INFO  | DNAudit | user=null | ip=null | op=PUT_BLOCK {blockData=[blockId=conID: 2 locID: 102664010307404241 bcsId: 0,size=2097152]} | ret=SUCCESS |  
2019-08-23 02:48:05,169 | INFO  | DNAudit | user=null | ip=null | op=WRITE_CHUNK {blockData=conID: 2 locID: 102664010307404241 bcsId: 1729} | ret=SUCCESS |  
2019-08-23 02:48:05,171 | INFO  | DNAudit | user=null | ip=null | op=WRITE_CHUNK {blockData=conID: 2 locID: 102664010307404241 bcsId: 1729} | ret=SUCCESS |  
2019-08-23 02:48:05,173 | INFO  | DNAudit | user=null | ip=null | op=WRITE_CHUNK {blockData=conID: 2 locID: 102664010307404241 bcsId: 1729} | ret=SUCCESS |  
2019-08-23 02:48:05,180 | INFO  | DNAudit | user=null | ip=null | op=WRITE_CHUNK {blockData=conID: 2 locID: 102664010307404241 bcsId: 1729} | ret=SUCCESS |  
2019-08-23 02:48:05,181 | INFO  | DNAudit | user=null | ip=null | op=PUT_BLOCK {blockData=[blockId=conID: 2 locID: 102664010307404241 bcsId: 0,size=3145728]} | ret=SUCCESS |  
2019-08-23 02:48:05,181 [grpc-default-executor-4] INFO  client.GrpcClientProtocolClient (GrpcClientProtocolClient.java:onNext(255)) - client-B268B4322F32->17750241-545b-4219-93a1-14a6ea3d85be: receive RaftClientReply:client-B268B4322F32->17750241-545b-4219-93a1-14a6ea3d85be@group-C33FBD9556F2, cid=1233, SUCCESS, logIndex=1734, commits[17750241-545b-4219-93a1-14a6ea3d85be:c1735, 4eaaa090-573e-41d3-9f8c-c99e236d806a:c1733, 5f4cf9ee-4bed-49de-adaa-861aec894328:c1733]
2019-08-23 02:48:05,181 [grpc-default-executor-4] INFO  client.GrpcClientProtocolClient (GrpcClientProtocolClient.java:onNext(255)) - client-B268B4322F32->17750241-545b-4219-93a1-14a6ea3d85be: receive RaftClientReply:client-B268B4322F32->17750241-545b-4219-93a1-14a6ea3d85be@group-C33FBD9556F2, cid=1234, SUCCESS, logIndex=1735, commits[17750241-545b-4219-93a1-14a6ea3d85be:c1735, 4eaaa090-573e-41d3-9f8c-c99e236d806a:c1733, 5f4cf9ee-4bed-49de-adaa-861aec894328:c1733]
2019-08-23 02:48:05,187 | INFO  | DNAudit | user=null | ip=null | op=WRITE_CHUNK {blockData=conID: 2 locID: 102664010307404241 bcsId: 1735} | ret=SUCCESS |  
2019-08-23 02:48:05,190 | INFO  | DNAudit | user=null | ip=null | op=WRITE_CHUNK {blockData=conID: 2 locID: 102664010307404241 bcsId: 1735} | ret=SUCCESS |  
2019-08-23 02:48:05,190 | INFO  | DNAudit | user=null | ip=null | op=WRITE_CHUNK {blockData=conID: 2 locID: 102664010307404241 bcsId: 1729} | ret=SUCCESS |  
2019-08-23 02:48:05,190 | INFO  | DNAudit | user=null | ip=null | op=WRITE_CHUNK {blockData=conID: 2 locID: 102664010307404241 bcsId: 1729} | ret=SUCCESS |  
2019-08-23 02:48:05,190 | INFO  | DNAudit | user=null | ip=null | op=WRITE_CHUNK {blockData=conID: 2 locID: 102664010307404241 bcsId: 1735} | ret=SUCCESS |  
2019-08-23 02:48:05,190 | INFO  | DNAudit | user=null | ip=null | op=PUT_BLOCK {blockData=[blockId=conID: 2 locID: 102664010307404241 bcsId: 0,size=3145728]} | ret=SUCCESS |  
2019-08-23 02:48:05,190 | INFO  | DNAudit | user=null | ip=null | op=PUT_BLOCK {blockData=[blockId=conID: 2 locID: 102664010307404241 bcsId: 0,size=3145728]} | ret=SUCCESS |  
2019-08-23 02:48:05,192 | INFO  | DNAudit | user=null | ip=null | op=WRITE_CHUNK {blockData=conID: 2 locID: 102664010307404241 bcsId: 1735} | ret=SUCCESS |  
2019-08-23 02:48:05,192 | INFO  | DNAudit | user=null | ip=null | op=PUT_BLOCK {blockData=[blockId=conID: 2 locID: 102664010307404241 bcsId: 0,size=4194304]} | ret=SUCCESS |  
2019-08-23 02:48:05,192 [grpc-default-executor-4] INFO  client.GrpcClientProtocolClient (GrpcClientProtocolClient.java:onNext(255)) - client-B268B4322F32->17750241-545b-4219-93a1-14a6ea3d85be: receive RaftClientReply:client-B268B4322F32->17750241-545b-4219-93a1-14a6ea3d85be@group-C33FBD9556F2, cid=1235, SUCCESS, logIndex=1738, commits[17750241-545b-4219-93a1-14a6ea3d85be:c1739, 4eaaa090-573e-41d3-9f8c-c99e236d806a:c1735, 5f4cf9ee-4bed-49de-adaa-861aec894328:c1735]
2019-08-23 02:48:05,193 [grpc-default-executor-4] INFO  client.GrpcClientProtocolClient (GrpcClientProtocolClient.java:onNext(255)) - client-B268B4322F32->17750241-545b-4219-93a1-14a6ea3d85be: receive RaftClientReply:client-B268B4322F32->17750241-545b-4219-93a1-14a6ea3d85be@group-C33FBD9556F2, cid=1236, SUCCESS, logIndex=1739, commits[17750241-545b-4219-93a1-14a6ea3d85be:c1739, 4eaaa090-573e-41d3-9f8c-c99e236d806a:c1735, 5f4cf9ee-4bed-49de-adaa-861aec894328:c1735]
2019-08-23 02:48:05,196 | INFO  | DNAudit | user=null | ip=null | op=WRITE_CHUNK {blockData=conID: 2 locID: 102664010307404241 bcsId: 1735} | ret=SUCCESS |  
2019-08-23 02:48:05,196 | INFO  | DNAudit | user=null | ip=null | op=WRITE_CHUNK {blockData=conID: 2 locID: 102664010307404241 bcsId: 1735} | ret=SUCCESS |  
2019-08-23 02:48:05,197 | INFO  | DNAudit | user=null | ip=null | op=PUT_BLOCK {blockData=[blockId=conID: 2 locID: 102664010307404241 bcsId: 0,size=4194304]} | ret=SUCCESS |  
2019-08-23 02:48:05,198 | INFO  | DNAudit | user=null | ip=null | op=PUT_BLOCK {blockData=[blockId=conID: 2 locID: 102664010307404241 bcsId: 0,size=4194304]} | ret=SUCCESS |  
2019-08-23 02:48:05,199 [grpc-default-executor-6] INFO  client.GrpcClientProtocolClient (GrpcClientProtocolClient.java:onNext(255)) - client-B268B4322F32->17750241-545b-4219-93a1-14a6ea3d85be: receive RaftClientReply:client-B268B4322F32->17750241-545b-4219-93a1-14a6ea3d85be@group-C33FBD9556F2, cid=1237, SUCCESS, logIndex=0, commits[17750241-545b-4219-93a1-14a6ea3d85be:c1741, 4eaaa090-573e-41d3-9f8c-c99e236d806a:c1739, 5f4cf9ee-4bed-49de-adaa-861aec894328:c1739]
2019-08-23 02:48:05,207 | INFO  | SCMAudit | user=jenkins1000 | ip=192.168.34.22 | op=ALLOCATE_BLOCK {owner=31d65bc3-3f70-45f5-bbc5-e3a15f967ba6, size=4194304, type=RATIS, factor=THREE} | ret=SUCCESS |  
2019-08-23 02:48:05,214 | INFO  | OMAudit | user=jenkins1000 | ip=127.0.0.1 | op=ALLOCATE_BLOCK {volume=vol-0-78052, bucket=bucket-0-33874, key=key-0-20719, dataSize=2147483657, replicationType=RATIS, replicationFactor=THREE, keyLocationInfo=[], clientID=102664010308846034} | ret=SUCCESS |  
2019-08-23 02:48:05,227 | INFO  | DNAudit | user=null | ip=null | op=WRITE_CHUNK {blockData=conID: 3 locID: 102664010806526419 bcsId: 0} | ret=SUCCESS |  
2019-08-23 02:48:05,231 | INFO  | DNAudit | user=null | ip=null | op=WRITE_CHUNK {blockData=conID: 3 locID: 102664010806526419 bcsId: 0} | ret=SUCCESS |  
2019-08-23 02:48:05,231 | INFO  | DNAudit | user=null | ip=null | op=WRITE_CHUNK {blockData=conID: 3 locID: 102664010806526419 bcsId: 0} | ret=SUCCESS |  
2019-08-23 02:48:05,231 | INFO  | DNAudit | user=null | ip=null | op=WRITE_CHUNK {blockData=conID: 3 locID: 102664010806526419 bcsId: 0} | ret=SUCCESS |  
2019-08-23 02:48:05,233 | INFO  | DNAudit | user=null | ip=null | op=WRITE_CHUNK {blockData=conID: 3 locID: 102664010806526419 bcsId: 0} | ret=SUCCESS |  
2019-08-23 02:48:05,233 | INFO  | DNAudit | user=null | ip=null | op=WRITE_CHUNK {blockData=conID: 3 locID: 102664010806526419 bcsId: 0} | ret=SUCCESS |  
2019-08-23 02:48:05,240 | INFO  | DNAudit | user=null | ip=null | op=WRITE_CHUNK {blockData=conID: 3 locID: 102664010806526419 bcsId: 0} | ret=SUCCESS |  
2019-08-23 02:48:05,241 | INFO  | DNAudit | user=null | ip=null | op=PUT_BLOCK {blockData=[blockId=conID: 3 locID: 102664010806526419 bcsId: 0,size=1048576]} | ret=SUCCESS |  
2019-08-23 02:48:05,241 [grpc-default-executor-6] INFO  client.GrpcClientProtocolClient (GrpcClientProtocolClient.java:onNext(255)) - client-B268B4322F32->17750241-545b-4219-93a1-14a6ea3d85be: receive RaftClientReply:client-B268B4322F32->17750241-545b-4219-93a1-14a6ea3d85be@group-C33FBD9556F2, cid=1238, SUCCESS, logIndex=1742, commits[17750241-545b-4219-93a1-14a6ea3d85be:c1743, 4eaaa090-573e-41d3-9f8c-c99e236d806a:c1741, 5f4cf9ee-4bed-49de-adaa-861aec894328:c1741]
2019-08-23 02:48:05,241 | INFO  | DNAudit | user=null | ip=null | op=WRITE_CHUNK {blockData=conID: 3 locID: 102664010806526419 bcsId: 0} | ret=SUCCESS |  
2019-08-23 02:48:05,241 [grpc-default-executor-6] INFO  client.GrpcClientProtocolClient (GrpcClientProtocolClient.java:onNext(255)) - client-B268B4322F32->17750241-545b-4219-93a1-14a6ea3d85be: receive RaftClientReply:client-B268B4322F32->17750241-545b-4219-93a1-14a6ea3d85be@group-C33FBD9556F2, cid=1239, SUCCESS, logIndex=1743, commits[17750241-545b-4219-93a1-14a6ea3d85be:c1745, 4eaaa090-573e-41d3-9f8c-c99e236d806a:c1741, 5f4cf9ee-4bed-49de-adaa-861aec894328:c1741]
2019-08-23 02:48:05,241 | INFO  | DNAudit | user=null | ip=null | op=PUT_BLOCK {blockData=[blockId=conID: 3 locID: 102664010806526419 bcsId: 0,size=2097152]} | ret=SUCCESS |  
2019-08-23 02:48:05,242 [grpc-default-executor-6] INFO  client.GrpcClientProtocolClient (GrpcClientProtocolClient.java:onNext(255)) - client-B268B4322F32->17750241-545b-4219-93a1-14a6ea3d85be: receive RaftClientReply:client-B268B4322F32->17750241-545b-4219-93a1-14a6ea3d85be@group-C33FBD9556F2, cid=1240, SUCCESS, logIndex=1744, commits[17750241-545b-4219-93a1-14a6ea3d85be:c1745, 4eaaa090-573e-41d3-9f8c-c99e236d806a:c1741, 5f4cf9ee-4bed-49de-adaa-861aec894328:c1741]
2019-08-23 02:48:05,242 | INFO  | DNAudit | user=null | ip=null | op=WRITE_CHUNK {blockData=conID: 3 locID: 102664010806526419 bcsId: 0} | ret=SUCCESS |  
2019-08-23 02:48:05,242 [grpc-default-executor-6] INFO  client.GrpcClientProtocolClient (GrpcClientProtocolClient.java:onNext(255)) - client-B268B4322F32->17750241-545b-4219-93a1-14a6ea3d85be: receive RaftClientReply:client-B268B4322F32->17750241-545b-4219-93a1-14a6ea3d85be@group-C33FBD9556F2, cid=1241, SUCCESS, logIndex=1745, commits[17750241-545b-4219-93a1-14a6ea3d85be:c1745, 4eaaa090-573e-41d3-9f8c-c99e236d806a:c1741, 5f4cf9ee-4bed-49de-adaa-861aec894328:c1741]
2019-08-23 02:48:05,244 | INFO  | DNAudit | user=null | ip=null | op=WRITE_CHUNK {blockData=conID: 3 locID: 102664010806526419 bcsId: 0} | ret=SUCCESS |  
2019-08-23 02:48:05,244 | INFO  | DNAudit | user=null | ip=null | op=PUT_BLOCK {blockData=[blockId=conID: 3 locID: 102664010806526419 bcsId: 0,size=1048576]} | ret=SUCCESS |  
2019-08-23 02:48:05,244 | INFO  | DNAudit | user=null | ip=null | op=PUT_BLOCK {blockData=[blockId=conID: 3 locID: 102664010806526419 bcsId: 0,size=1048576]} | ret=SUCCESS |  
2019-08-23 02:48:05,244 | INFO  | DNAudit | user=null | ip=null | op=WRITE_CHUNK {blockData=conID: 3 locID: 102664010806526419 bcsId: 0} | ret=SUCCESS |  
2019-08-23 02:48:05,244 | INFO  | DNAudit | user=null | ip=null | op=PUT_BLOCK {blockData=[blockId=conID: 3 locID: 102664010806526419 bcsId: 0,size=2097152]} | ret=SUCCESS |  
2019-08-23 02:48:05,245 [grpc-default-executor-6] INFO  client.GrpcClientProtocolClient (GrpcClientProtocolClient.java:onNext(255)) - client-B268B4322F32->17750241-545b-4219-93a1-14a6ea3d85be: receive RaftClientReply:client-B268B4322F32->17750241-545b-4219-93a1-14a6ea3d85be@group-C33FBD9556F2, cid=1242, SUCCESS, logIndex=0, commits[17750241-545b-4219-93a1-14a6ea3d85be:c1747, 4eaaa090-573e-41d3-9f8c-c99e236d806a:c1743, 5f4cf9ee-4bed-49de-adaa-861aec894328:c1743]
2019-08-23 02:48:05,245 | INFO  | DNAudit | user=null | ip=null | op=WRITE_CHUNK {blockData=conID: 3 locID: 102664010806526419 bcsId: 0} | ret=SUCCESS |  
2019-08-23 02:48:05,246 | INFO  | DNAudit | user=null | ip=null | op=PUT_BLOCK {blockData=[blockId=conID: 3 locID: 102664010806526419 bcsId: 0,size=2097152]} | ret=SUCCESS |  
2019-08-23 02:48:05,251 | INFO  | DNAudit | user=null | ip=null | op=WRITE_CHUNK {blockData=conID: 3 locID: 102664010806526419 bcsId: 1745} | ret=SUCCESS |  
2019-08-23 02:48:05,253 | INFO  | DNAudit | user=null | ip=null | op=WRITE_CHUNK {blockData=conID: 3 locID: 102664010806526419 bcsId: 1745} | ret=SUCCESS |  
2019-08-23 02:48:05,253 | INFO  | DNAudit | user=null | ip=null | op=WRITE_CHUNK {blockData=conID: 3 locID: 102664010806526419 bcsId: 1745} | ret=SUCCESS |  
2019-08-23 02:48:05,281 | INFO  | DNAudit | user=null | ip=null | op=WRITE_CHUNK {blockData=conID: 3 locID: 102664010806526419 bcsId: 1745} | ret=SUCCESS |  
2019-08-23 02:48:05,281 | INFO  | DNAudit | user=null | ip=null | op=PUT_BLOCK {blockData=[blockId=conID: 3 locID: 102664010806526419 bcsId: 0,size=3145728]} | ret=SUCCESS |  
2019-08-23 02:48:05,281 [grpc-default-executor-4] INFO  client.GrpcClientProtocolClient (GrpcClientProtocolClient.java:onNext(255)) - client-B268B4322F32->17750241-545b-4219-93a1-14a6ea3d85be: receive RaftClientReply:client-B268B4322F32->17750241-545b-4219-93a1-14a6ea3d85be@group-C33FBD9556F2, cid=1243, SUCCESS, logIndex=1749, commits[17750241-545b-4219-93a1-14a6ea3d85be:c1750, 4eaaa090-573e-41d3-9f8c-c99e236d806a:c1748, 5f4cf9ee-4bed-49de-adaa-861aec894328:c1748]
2019-08-23 02:48:05,282 [grpc-default-executor-4] INFO  client.GrpcClientProtocolClient (GrpcClientProtocolClient.java:onNext(255)) - client-B268B4322F32->17750241-545b-4219-93a1-14a6ea3d85be: receive RaftClientReply:client-B268B4322F32->17750241-545b-4219-93a1-14a6ea3d85be@group-C33FBD9556F2, cid=1244, SUCCESS, logIndex=1750, commits[17750241-545b-4219-93a1-14a6ea3d85be:c1750, 4eaaa090-573e-41d3-9f8c-c99e236d806a:c1748, 5f4cf9ee-4bed-49de-adaa-861aec894328:c1748]
2019-08-23 02:48:05,290 | INFO  | DNAudit | user=null | ip=null | op=WRITE_CHUNK {blockData=conID: 3 locID: 102664010806526419 bcsId: 1750} | ret=SUCCESS |  
2019-08-23 02:48:05,292 | INFO  | DNAudit | user=null | ip=null | op=WRITE_CHUNK {blockData=conID: 3 locID: 102664010806526419 bcsId: 1750} | ret=SUCCESS |  
2019-08-23 02:48:05,293 | INFO  | DNAudit | user=null | ip=null | op=WRITE_CHUNK {blockData=conID: 3 locID: 102664010806526419 bcsId: 1750} | ret=SUCCESS |  
2019-08-23 02:48:05,293 | INFO  | SCMAudit | user=jenkins1000 | ip=192.168.34.22 | op=SEND_HEARTBEAT {datanodeUUID=4eaaa090-573e-41d3-9f8c-c99e236d806a, command=[]} | ret=SUCCESS |  
2019-08-23 02:48:05,293 | INFO  | SCMAudit | user=jenkins1000 | ip=192.168.34.22 | op=SEND_HEARTBEAT {datanodeUUID=17750241-545b-4219-93a1-14a6ea3d85be, command=[]} | ret=SUCCESS |  
2019-08-23 02:48:05,293 | INFO  | SCMAudit | user=jenkins1000 | ip=192.168.34.22 | op=SEND_HEARTBEAT {datanodeUUID=5f4cf9ee-4bed-49de-adaa-861aec894328, command=[]} | ret=SUCCESS |  
2019-08-23 02:48:05,298 | INFO  | DNAudit | user=null | ip=null | op=WRITE_CHUNK {blockData=conID: 3 locID: 102664010806526419 bcsId: 1745} | ret=SUCCESS |  
2019-08-23 02:48:05,298 | INFO  | DNAudit | user=null | ip=null | op=WRITE_CHUNK {blockData=conID: 3 locID: 102664010806526419 bcsId: 1745} | ret=SUCCESS |  
2019-08-23 02:48:05,300 | INFO  | DNAudit | user=null | ip=null | op=PUT_BLOCK {blockData=[blockId=conID: 3 locID: 102664010806526419 bcsId: 0,size=3145728]} | ret=SUCCESS |  
2019-08-23 02:48:05,301 | INFO  | DNAudit | user=null | ip=null | op=PUT_BLOCK {blockData=[blockId=conID: 3 locID: 102664010806526419 bcsId: 0,size=3145728]} | ret=SUCCESS |  
2019-08-23 02:48:05,301 | INFO  | DNAudit | user=null | ip=null | op=WRITE_CHUNK {blockData=conID: 3 locID: 102664010806526419 bcsId: 1750} | ret=SUCCESS |  
2019-08-23 02:48:05,302 | INFO  | DNAudit | user=null | ip=null | op=PUT_BLOCK {blockData=[blockId=conID: 3 locID: 102664010806526419 bcsId: 0,size=4194304]} | ret=SUCCESS |  
2019-08-23 02:48:05,302 [grpc-default-executor-5] INFO  client.GrpcClientProtocolClient (GrpcClientProtocolClient.java:onNext(255)) - client-B268B4322F32->17750241-545b-4219-93a1-14a6ea3d85be: receive RaftClientReply:client-B268B4322F32->17750241-545b-4219-93a1-14a6ea3d85be@group-C33FBD9556F2, cid=1245, SUCCESS, logIndex=1753, commits[17750241-545b-4219-93a1-14a6ea3d85be:c1754, 4eaaa090-573e-41d3-9f8c-c99e236d806a:c1750, 5f4cf9ee-4bed-49de-adaa-861aec894328:c1750]
2019-08-23 02:48:05,302 [grpc-default-executor-5] INFO  client.GrpcClientProtocolClient (GrpcClientProtocolClient.java:onNext(255)) - client-B268B4322F32->17750241-545b-4219-93a1-14a6ea3d85be: receive RaftClientReply:client-B268B4322F32->17750241-545b-4219-93a1-14a6ea3d85be@group-C33FBD9556F2, cid=1246, SUCCESS, logIndex=1754, commits[17750241-545b-4219-93a1-14a6ea3d85be:c1754, 4eaaa090-573e-41d3-9f8c-c99e236d806a:c1750, 5f4cf9ee-4bed-49de-adaa-861aec894328:c1750]
2019-08-23 02:48:05,312 | INFO  | DNAudit | user=null | ip=null | op=WRITE_CHUNK {blockData=conID: 3 locID: 102664010806526419 bcsId: 1750} | ret=SUCCESS |  
2019-08-23 02:48:05,313 | INFO  | DNAudit | user=null | ip=null | op=WRITE_CHUNK {blockData=conID: 3 locID: 102664010806526419 bcsId: 1750} | ret=SUCCESS |  
2019-08-23 02:48:05,315 | INFO  | DNAudit | user=null | ip=null | op=PUT_BLOCK {blockData=[blockId=conID: 3 locID: 102664010806526419 bcsId: 0,size=4194304]} | ret=SUCCESS |  
2019-08-23 02:48:05,316 | INFO  | DNAudit | user=null | ip=null | op=PUT_BLOCK {blockData=[blockId=conID: 3 locID: 102664010806526419 bcsId: 0,size=4194304]} | ret=SUCCESS |  
2019-08-23 02:48:05,316 [grpc-default-executor-5] INFO  client.GrpcClientProtocolClient (GrpcClientProtocolClient.java:onNext(255)) - client-B268B4322F32->17750241-545b-4219-93a1-14a6ea3d85be: receive RaftClientReply:client-B268B4322F32->17750241-545b-4219-93a1-14a6ea3d85be@group-C33FBD9556F2, cid=1247, SUCCESS, logIndex=0, commits[17750241-545b-4219-93a1-14a6ea3d85be:c1756, 4eaaa090-573e-41d3-9f8c-c99e236d806a:c1754, 5f4cf9ee-4bed-49de-adaa-861aec894328:c1754]
2019-08-23 02:48:05,319 | INFO  | SCMAudit | user=jenkins1000 | ip=192.168.34.22 | op=ALLOCATE_BLOCK {owner=31d65bc3-3f70-45f5-bbc5-e3a15f967ba6, size=4194304, type=RATIS, factor=THREE} | ret=SUCCESS |  
2019-08-23 02:48:05,326 | INFO  | OMAudit | user=jenkins1000 | ip=127.0.0.1 | op=ALLOCATE_BLOCK {volume=vol-0-78052, bucket=bucket-0-33874, key=key-0-20719, dataSize=2147483657, replicationType=RATIS, replicationFactor=THREE, keyLocationInfo=[], clientID=102664010308846034} | ret=SUCCESS |  
2019-08-23 02:48:05,337 | INFO  | DNAudit | user=null | ip=null | op=WRITE_CHUNK {blockData=conID: 1 locID: 102664010813866452 bcsId: 0} | ret=SUCCESS |  
2019-08-23 02:48:05,340 | INFO  | DNAudit | user=null | ip=null | op=WRITE_CHUNK {blockData=conID: 1 locID: 102664010813866452 bcsId: 0} | ret=SUCCESS |  
2019-08-23 02:48:05,340 | INFO  | DNAudit | user=null | ip=null | op=WRITE_CHUNK {blockData=conID: 1 locID: 102664010813866452 bcsId: 0} | ret=SUCCESS |  
2019-08-23 02:48:05,341 | INFO  | DNAudit | user=null | ip=null | op=WRITE_CHUNK {blockData=conID: 1 locID: 102664010813866452 bcsId: 0} | ret=SUCCESS |  
2019-08-23 02:48:05,343 | INFO  | DNAudit | user=null | ip=null | op=WRITE_CHUNK {blockData=conID: 1 locID: 102664010813866452 bcsId: 0} | ret=SUCCESS |  
2019-08-23 02:48:05,343 | INFO  | DNAudit | user=null | ip=null | op=WRITE_CHUNK {blockData=conID: 1 locID: 102664010813866452 bcsId: 0} | ret=SUCCESS |  
2019-08-23 02:48:05,349 | INFO  | DNAudit | user=null | ip=null | op=WRITE_CHUNK {blockData=conID: 1 locID: 102664010813866452 bcsId: 0} | ret=SUCCESS |  
2019-08-23 02:48:05,350 | INFO  | DNAudit | user=null | ip=null | op=PUT_BLOCK {blockData=[blockId=conID: 1 locID: 102664010813866452 bcsId: 0,size=1048576]} | ret=SUCCESS |  
2019-08-23 02:48:05,350 | INFO  | DNAudit | user=null | ip=null | op=WRITE_CHUNK {blockData=conID: 1 locID: 102664010813866452 bcsId: 0} | ret=SUCCESS |  
2019-08-23 02:48:05,350 [grpc-default-executor-5] INFO  client.GrpcClientProtocolClient (GrpcClientProtocolClient.java:onNext(255)) - client-B268B4322F32->17750241-545b-4219-93a1-14a6ea3d85be: receive RaftClientReply:client-B268B4322F32->17750241-545b-4219-93a1-14a6ea3d85be@group-C33FBD9556F2, cid=1248, SUCCESS, logIndex=1757, commits[17750241-545b-4219-93a1-14a6ea3d85be:c1758, 4eaaa090-573e-41d3-9f8c-c99e236d806a:c1756, 5f4cf9ee-4bed-49de-adaa-861aec894328:c1756]
2019-08-23 02:48:05,351 | INFO  | DNAudit | user=null | ip=null | op=PUT_BLOCK {blockData=[blockId=conID: 1 locID: 102664010813866452 bcsId: 0,size=2097152]} | ret=SUCCESS |  
2019-08-23 02:48:05,351 [grpc-default-executor-5] INFO  client.GrpcClientProtocolClient (GrpcClientProtocolClient.java:onNext(255)) - client-B268B4322F32->17750241-545b-4219-93a1-14a6ea3d85be: receive RaftClientReply:client-B268B4322F32->17750241-545b-4219-93a1-14a6ea3d85be@group-C33FBD9556F2, cid=1249, SUCCESS, logIndex=1758, commits[17750241-545b-4219-93a1-14a6ea3d85be:c1758, 4eaaa090-573e-41d3-9f8c-c99e236d806a:c1756, 5f4cf9ee-4bed-49de-adaa-861aec894328:c1756]
2019-08-23 02:48:05,351 [grpc-default-executor-5] INFO  client.GrpcClientProtocolClient (GrpcClientProtocolClient.java:onNext(255)) - client-B268B4322F32->17750241-545b-4219-93a1-14a6ea3d85be: receive RaftClientReply:client-B268B4322F32->17750241-545b-4219-93a1-14a6ea3d85be@group-C33FBD9556F2, cid=1250, SUCCESS, logIndex=1759, commits[17750241-545b-4219-93a1-14a6ea3d85be:c1760, 4eaaa090-573e-41d3-9f8c-c99e236d806a:c1756, 5f4cf9ee-4bed-49de-adaa-861aec894328:c1756]
2019-08-23 02:48:05,352 [grpc-default-executor-5] INFO  client.GrpcClientProtocolClient (GrpcClientProtocolClient.java:onNext(255)) - client-B268B4322F32->17750241-545b-4219-93a1-14a6ea3d85be: receive RaftClientReply:client-B268B4322F32->17750241-545b-4219-93a1-14a6ea3d85be@group-C33FBD9556F2, cid=1251, SUCCESS, logIndex=1760, commits[17750241-545b-4219-93a1-14a6ea3d85be:c1760, 4eaaa090-573e-41d3-9f8c-c99e236d806a:c1756, 5f4cf9ee-4bed-49de-adaa-861aec894328:c1756]
2019-08-23 02:48:05,364 | INFO  | DNAudit | user=null | ip=null | op=WRITE_CHUNK {blockData=conID: 1 locID: 102664010813866452 bcsId: 0} | ret=SUCCESS |  
2019-08-23 02:48:05,364 | INFO  | DNAudit | user=null | ip=null | op=PUT_BLOCK {blockData=[blockId=conID: 1 locID: 102664010813866452 bcsId: 0,size=1048576]} | ret=SUCCESS |  
2019-08-23 02:48:05,364 | INFO  | DNAudit | user=null | ip=null | op=WRITE_CHUNK {blockData=conID: 1 locID: 102664010813866452 bcsId: 0} | ret=SUCCESS |  
2019-08-23 02:48:05,365 | INFO  | DNAudit | user=null | ip=null | op=PUT_BLOCK {blockData=[blockId=conID: 1 locID: 102664010813866452 bcsId: 0,size=1048576]} | ret=SUCCESS |  
2019-08-23 02:48:05,365 | INFO  | DNAudit | user=null | ip=null | op=WRITE_CHUNK {blockData=conID: 1 locID: 102664010813866452 bcsId: 0} | ret=SUCCESS |  
2019-08-23 02:48:05,365 | INFO  | DNAudit | user=null | ip=null | op=PUT_BLOCK {blockData=[blockId=conID: 1 locID: 102664010813866452 bcsId: 0,size=2097152]} | ret=SUCCESS |  
2019-08-23 02:48:05,366 | INFO  | DNAudit | user=null | ip=null | op=WRITE_CHUNK {blockData=conID: 1 locID: 102664010813866452 bcsId: 0} | ret=SUCCESS |  
2019-08-23 02:48:05,366 | INFO  | DNAudit | user=null | ip=null | op=PUT_BLOCK {blockData=[blockId=conID: 1 locID: 102664010813866452 bcsId: 0,size=2097152]} | ret=SUCCESS |  
2019-08-23 02:48:05,368 [grpc-default-executor-4] INFO  client.GrpcClientProtocolClient (GrpcClientProtocolClient.java:onNext(255)) - client-B268B4322F32->17750241-545b-4219-93a1-14a6ea3d85be: receive RaftClientReply:client-B268B4322F32->17750241-545b-4219-93a1-14a6ea3d85be@group-C33FBD9556F2, cid=1252, SUCCESS, logIndex=0, commits[17750241-545b-4219-93a1-14a6ea3d85be:c1760, 4eaaa090-573e-41d3-9f8c-c99e236d806a:c1758, 5f4cf9ee-4bed-49de-adaa-861aec894328:c1758]
2019-08-23 02:48:05,376 | INFO  | DNAudit | user=null | ip=null | op=WRITE_CHUNK {blockData=conID: 1 locID: 102664010813866452 bcsId: 1760} | ret=SUCCESS |  
2019-08-23 02:48:05,378 | INFO  | DNAudit | user=null | ip=null | op=WRITE_CHUNK {blockData=conID: 1 locID: 102664010813866452 bcsId: 1760} | ret=SUCCESS |  
2019-08-23 02:48:05,378 | INFO  | DNAudit | user=null | ip=null | op=WRITE_CHUNK {blockData=conID: 1 locID: 102664010813866452 bcsId: 1760} | ret=SUCCESS |  
2019-08-23 02:48:05,390 | INFO  | DNAudit | user=null | ip=null | op=WRITE_CHUNK {blockData=conID: 1 locID: 102664010813866452 bcsId: 1760} | ret=SUCCESS |  
2019-08-23 02:48:05,391 | INFO  | DNAudit | user=null | ip=null | op=PUT_BLOCK {blockData=[blockId=conID: 1 locID: 102664010813866452 bcsId: 0,size=3145728]} | ret=SUCCESS |  
2019-08-23 02:48:05,391 [grpc-default-executor-4] INFO  client.GrpcClientProtocolClient (GrpcClientProtocolClient.java:onNext(255)) - client-B268B4322F32->17750241-545b-4219-93a1-14a6ea3d85be: receive RaftClientReply:client-B268B4322F32->17750241-545b-4219-93a1-14a6ea3d85be@group-C33FBD9556F2, cid=1253, SUCCESS, logIndex=1765, commits[17750241-545b-4219-93a1-14a6ea3d85be:c1766, 4eaaa090-573e-41d3-9f8c-c99e236d806a:c1764, 5f4cf9ee-4bed-49de-adaa-861aec894328:c1764]
2019-08-23 02:48:05,391 [grpc-default-executor-4] INFO  client.GrpcClientProtocolClient (GrpcClientProtocolClient.java:onNext(255)) - client-B268B4322F32->17750241-545b-4219-93a1-14a6ea3d85be: receive RaftClientReply:client-B268B4322F32->17750241-545b-4219-93a1-14a6ea3d85be@group-C33FBD9556F2, cid=1254, SUCCESS, logIndex=1766, commits[17750241-545b-4219-93a1-14a6ea3d85be:c1766, 4eaaa090-573e-41d3-9f8c-c99e236d806a:c1764, 5f4cf9ee-4bed-49de-adaa-861aec894328:c1764]
2019-08-23 02:48:05,398 | INFO  | DNAudit | user=null | ip=null | op=WRITE_CHUNK {blockData=conID: 1 locID: 102664010813866452 bcsId: 1766} | ret=SUCCESS |  
2019-08-23 02:48:05,400 | INFO  | DNAudit | user=null | ip=null | op=WRITE_CHUNK {blockData=conID: 1 locID: 102664010813866452 bcsId: 1766} | ret=SUCCESS |  
2019-08-23 02:48:05,401 | INFO  | DNAudit | user=null | ip=null | op=WRITE_CHUNK {blockData=conID: 1 locID: 102664010813866452 bcsId: 1766} | ret=SUCCESS |  
2019-08-23 02:48:05,401 | INFO  | DNAudit | user=null | ip=null | op=WRITE_CHUNK {blockData=conID: 1 locID: 102664010813866452 bcsId: 1760} | ret=SUCCESS |  
2019-08-23 02:48:05,401 | INFO  | DNAudit | user=null | ip=null | op=WRITE_CHUNK {blockData=conID: 1 locID: 102664010813866452 bcsId: 1760} | ret=SUCCESS |  
2019-08-23 02:48:05,404 | INFO  | DNAudit | user=null | ip=null | op=PUT_BLOCK {blockData=[blockId=conID: 1 locID: 102664010813866452 bcsId: 0,size=3145728]} | ret=SUCCESS |  
2019-08-23 02:48:05,404 | INFO  | DNAudit | user=null | ip=null | op=PUT_BLOCK {blockData=[blockId=conID: 1 locID: 102664010813866452 bcsId: 0,size=3145728]} | ret=SUCCESS |  
2019-08-23 02:48:05,405 | INFO  | DNAudit | user=null | ip=null | op=WRITE_CHUNK {blockData=conID: 1 locID: 102664010813866452 bcsId: 1766} | ret=SUCCESS |  
2019-08-23 02:48:05,405 | INFO  | DNAudit | user=null | ip=null | op=PUT_BLOCK {blockData=[blockId=conID: 1 locID: 102664010813866452 bcsId: 0,size=4194304]} | ret=SUCCESS |  
2019-08-23 02:48:05,405 [grpc-default-executor-4] INFO  client.GrpcClientProtocolClient (GrpcClientProtocolClient.java:onNext(255)) - client-B268B4322F32->17750241-545b-4219-93a1-14a6ea3d85be: receive RaftClientReply:client-B268B4322F32->17750241-545b-4219-93a1-14a6ea3d85be@group-C33FBD9556F2, cid=1255, SUCCESS, logIndex=1769, commits[17750241-545b-4219-93a1-14a6ea3d85be:c1770, 4eaaa090-573e-41d3-9f8c-c99e236d806a:c1766, 5f4cf9ee-4bed-49de-adaa-861aec894328:c1766]
2019-08-23 02:48:05,405 [grpc-default-executor-4] INFO  client.GrpcClientProtocolClient (GrpcClientProtocolClient.java:onNext(255)) - client-B268B4322F32->17750241-545b-4219-93a1-14a6ea3d85be: receive RaftClientReply:client-B268B4322F32->17750241-545b-4219-93a1-14a6ea3d85be@group-C33FBD9556F2, cid=1256, SUCCESS, logIndex=1770, commits[17750241-545b-4219-93a1-14a6ea3d85be:c1770, 4eaaa090-573e-41d3-9f8c-c99e236d806a:c1766, 5f4cf9ee-4bed-49de-adaa-861aec894328:c1766]
2019-08-23 02:48:05,418 | INFO  | DNAudit | user=null | ip=null | op=WRITE_CHUNK {blockData=conID: 1 locID: 102664010813866452 bcsId: 1766} | ret=SUCCESS |  
2019-08-23 02:48:05,418 | INFO  | DNAudit | user=null | ip=null | op=WRITE_CHUNK {blockData=conID: 1 locID: 102664010813866452 bcsId: 1766} | ret=SUCCESS |  
2019-08-23 02:48:05,430 | INFO  | DNAudit | user=null | ip=null | op=PUT_BLOCK {blockData=[blockId=conID: 1 locID: 102664010813866452 bcsId: 0,size=4194304]} | ret=SUCCESS |  
2019-08-23 02:48:05,430 | INFO  | DNAudit | user=null | ip=null | op=PUT_BLOCK {blockData=[blockId=conID: 1 locID: 102664010813866452 bcsId: 0,size=4194304]} | ret=SUCCESS |  
2019-08-23 02:48:05,431 [grpc-default-executor-6] INFO  client.GrpcClientProtocolClient (GrpcClientProtocolClient.java:onNext(255)) - client-B268B4322F32->17750241-545b-4219-93a1-14a6ea3d85be: receive RaftClientReply:client-B268B4322F32->17750241-545b-4219-93a1-14a6ea3d85be@group-C33FBD9556F2, cid=1257, SUCCESS, logIndex=0, commits[17750241-545b-4219-93a1-14a6ea3d85be:c1772, 4eaaa090-573e-41d3-9f8c-c99e236d806a:c1770, 5f4cf9ee-4bed-49de-adaa-861aec894328:c1770]
2019-08-23 02:48:05,434 | INFO  | SCMAudit | user=jenkins1000 | ip=192.168.34.22 | op=ALLOCATE_BLOCK {owner=31d65bc3-3f70-45f5-bbc5-e3a15f967ba6, size=4194304, type=RATIS, factor=THREE} | ret=SUCCESS |  
2019-08-23 02:48:05,438 | INFO  | OMAudit | user=jenkins1000 | ip=127.0.0.1 | op=ALLOCATE_BLOCK {volume=vol-0-78052, bucket=bucket-0-33874, key=key-0-20719, dataSize=2147483657, replicationType=RATIS, replicationFactor=THREE, keyLocationInfo=[], clientID=102664010308846034} | ret=SUCCESS |  
2019-08-23 02:48:05,449 | INFO  | DNAudit | user=null | ip=null | op=WRITE_CHUNK {blockData=conID: 2 locID: 102664010821403093 bcsId: 0} | ret=SUCCESS |  
2019-08-23 02:48:05,452 | INFO  | DNAudit | user=null | ip=null | op=WRITE_CHUNK {blockData=conID: 2 locID: 102664010821403093 bcsId: 0} | ret=SUCCESS |  
2019-08-23 02:48:05,453 | INFO  | DNAudit | user=null | ip=null | op=WRITE_CHUNK {blockData=conID: 2 locID: 102664010821403093 bcsId: 0} | ret=SUCCESS |  
2019-08-23 02:48:05,453 | INFO  | DNAudit | user=null | ip=null | op=WRITE_CHUNK {blockData=conID: 2 locID: 102664010821403093 bcsId: 0} | ret=SUCCESS |  
2019-08-23 02:48:05,455 | INFO  | DNAudit | user=null | ip=null | op=WRITE_CHUNK {blockData=conID: 2 locID: 102664010821403093 bcsId: 0} | ret=SUCCESS |  
2019-08-23 02:48:05,455 | INFO  | DNAudit | user=null | ip=null | op=WRITE_CHUNK {blockData=conID: 2 locID: 102664010821403093 bcsId: 0} | ret=SUCCESS |  
2019-08-23 02:48:05,463 | INFO  | DNAudit | user=null | ip=null | op=WRITE_CHUNK {blockData=conID: 2 locID: 102664010821403093 bcsId: 0} | ret=SUCCESS |  
2019-08-23 02:48:05,464 | INFO  | DNAudit | user=null | ip=null | op=PUT_BLOCK {blockData=[blockId=conID: 2 locID: 102664010821403093 bcsId: 0,size=1048576]} | ret=SUCCESS |  
2019-08-23 02:48:05,464 [grpc-default-executor-6] INFO  client.GrpcClientProtocolClient (GrpcClientProtocolClient.java:onNext(255)) - client-B268B4322F32->17750241-545b-4219-93a1-14a6ea3d85be: receive RaftClientReply:client-B268B4322F32->17750241-545b-4219-93a1-14a6ea3d85be@group-C33FBD9556F2, cid=1258, SUCCESS, logIndex=1773, commits[17750241-545b-4219-93a1-14a6ea3d85be:c1774, 4eaaa090-573e-41d3-9f8c-c99e236d806a:c1772, 5f4cf9ee-4bed-49de-adaa-861aec894328:c1772]
2019-08-23 02:48:05,465 [grpc-default-executor-6] INFO  client.GrpcClientProtocolClient (GrpcClientProtocolClient.java:onNext(255)) - client-B268B4322F32->17750241-545b-4219-93a1-14a6ea3d85be: receive RaftClientReply:client-B268B4322F32->17750241-545b-4219-93a1-14a6ea3d85be@group-C33FBD9556F2, cid=1259, SUCCESS, logIndex=1774, commits[17750241-545b-4219-93a1-14a6ea3d85be:c1774, 4eaaa090-573e-41d3-9f8c-c99e236d806a:c1772, 5f4cf9ee-4bed-49de-adaa-861aec894328:c1772]
2019-08-23 02:48:05,475 | INFO  | DNAudit | user=null | ip=null | op=WRITE_CHUNK {blockData=conID: 2 locID: 102664010821403093 bcsId: 0} | ret=SUCCESS |  
2019-08-23 02:48:05,475 | INFO  | DNAudit | user=null | ip=null | op=PUT_BLOCK {blockData=[blockId=conID: 2 locID: 102664010821403093 bcsId: 0,size=2097152]} | ret=SUCCESS |  
2019-08-23 02:48:05,475 [grpc-default-executor-5] INFO  client.GrpcClientProtocolClient (GrpcClientProtocolClient.java:onNext(255)) - client-B268B4322F32->17750241-545b-4219-93a1-14a6ea3d85be: receive RaftClientReply:client-B268B4322F32->17750241-545b-4219-93a1-14a6ea3d85be@group-C33FBD9556F2, cid=1260, SUCCESS, logIndex=1775, commits[17750241-545b-4219-93a1-14a6ea3d85be:c1775, 4eaaa090-573e-41d3-9f8c-c99e236d806a:c1772, 5f4cf9ee-4bed-49de-adaa-861aec894328:c1772]
2019-08-23 02:48:05,476 | INFO  | DNAudit | user=null | ip=null | op=WRITE_CHUNK {blockData=conID: 2 locID: 102664010821403093 bcsId: 0} | ret=SUCCESS |  
2019-08-23 02:48:05,476 [grpc-default-executor-4] INFO  client.GrpcClientProtocolClient (GrpcClientProtocolClient.java:onNext(255)) - client-B268B4322F32->17750241-545b-4219-93a1-14a6ea3d85be: receive RaftClientReply:client-B268B4322F32->17750241-545b-4219-93a1-14a6ea3d85be@group-C33FBD9556F2, cid=1261, SUCCESS, logIndex=1776, commits[17750241-545b-4219-93a1-14a6ea3d85be:c1776, 4eaaa090-573e-41d3-9f8c-c99e236d806a:c1772, 5f4cf9ee-4bed-49de-adaa-861aec894328:c1772]
2019-08-23 02:48:05,476 | INFO  | DNAudit | user=null | ip=null | op=PUT_BLOCK {blockData=[blockId=conID: 2 locID: 102664010821403093 bcsId: 0,size=1048576]} | ret=SUCCESS |  
2019-08-23 02:48:05,477 | INFO  | DNAudit | user=null | ip=null | op=WRITE_CHUNK {blockData=conID: 2 locID: 102664010821403093 bcsId: 0} | ret=SUCCESS |  
2019-08-23 02:48:05,478 | INFO  | DNAudit | user=null | ip=null | op=PUT_BLOCK {blockData=[blockId=conID: 2 locID: 102664010821403093 bcsId: 0,size=1048576]} | ret=SUCCESS |  
2019-08-23 02:48:05,478 [grpc-default-executor-4] INFO  client.GrpcClientProtocolClient (GrpcClientProtocolClient.java:onNext(255)) - client-B268B4322F32->17750241-545b-4219-93a1-14a6ea3d85be: receive RaftClientReply:client-B268B4322F32->17750241-545b-4219-93a1-14a6ea3d85be@group-C33FBD9556F2, cid=1262, SUCCESS, logIndex=0, commits[17750241-545b-4219-93a1-14a6ea3d85be:c1778, 4eaaa090-573e-41d3-9f8c-c99e236d806a:c1774, 5f4cf9ee-4bed-49de-adaa-861aec894328:c1774]
2019-08-23 02:48:05,486 | INFO  | DNAudit | user=null | ip=null | op=WRITE_CHUNK {blockData=conID: 2 locID: 102664010821403093 bcsId: 1776} | ret=SUCCESS |  
2019-08-23 02:48:05,488 | INFO  | DNAudit | user=null | ip=null | op=WRITE_CHUNK {blockData=conID: 2 locID: 102664010821403093 bcsId: 1776} | ret=SUCCESS |  
2019-08-23 02:48:05,488 | INFO  | DNAudit | user=null | ip=null | op=WRITE_CHUNK {blockData=conID: 2 locID: 102664010821403093 bcsId: 1776} | ret=SUCCESS |  
2019-08-23 02:48:05,488 | INFO  | DNAudit | user=null | ip=null | op=WRITE_CHUNK {blockData=conID: 2 locID: 102664010821403093 bcsId: 0} | ret=SUCCESS |  
2019-08-23 02:48:05,490 | INFO  | DNAudit | user=null | ip=null | op=WRITE_CHUNK {blockData=conID: 2 locID: 102664010821403093 bcsId: 0} | ret=SUCCESS |  
2019-08-23 02:48:05,490 | INFO  | DNAudit | user=null | ip=null | op=PUT_BLOCK {blockData=[blockId=conID: 2 locID: 102664010821403093 bcsId: 0,size=2097152]} | ret=SUCCESS |  
2019-08-23 02:48:05,501 | INFO  | DNAudit | user=null | ip=null | op=PUT_BLOCK {blockData=[blockId=conID: 2 locID: 102664010821403093 bcsId: 0,size=2097152]} | ret=SUCCESS |  
2019-08-23 02:48:05,502 | INFO  | DNAudit | user=null | ip=null | op=WRITE_CHUNK {blockData=conID: 2 locID: 102664010821403093 bcsId: 1776} | ret=SUCCESS |  
2019-08-23 02:48:05,503 | INFO  | DNAudit | user=null | ip=null | op=PUT_BLOCK {blockData=[blockId=conID: 2 locID: 102664010821403093 bcsId: 0,size=3145728]} | ret=SUCCESS |  
2019-08-23 02:48:05,503 [grpc-default-executor-4] INFO  client.GrpcClientProtocolClient (GrpcClientProtocolClient.java:onNext(255)) - client-B268B4322F32->17750241-545b-4219-93a1-14a6ea3d85be: receive RaftClientReply:client-B268B4322F32->17750241-545b-4219-93a1-14a6ea3d85be@group-C33FBD9556F2, cid=1263, SUCCESS, logIndex=1781, commits[17750241-545b-4219-93a1-14a6ea3d85be:c1782, 4eaaa090-573e-41d3-9f8c-c99e236d806a:c1778, 5f4cf9ee-4bed-49de-adaa-861aec894328:c1778]
2019-08-23 02:48:05,503 [grpc-default-executor-4] INFO  client.GrpcClientProtocolClient (GrpcClientProtocolClient.java:onNext(255)) - client-B268B4322F32->17750241-545b-4219-93a1-14a6ea3d85be: receive RaftClientReply:client-B268B4322F32->17750241-545b-4219-93a1-14a6ea3d85be@group-C33FBD9556F2, cid=1264, SUCCESS, logIndex=1782, commits[17750241-545b-4219-93a1-14a6ea3d85be:c1782, 4eaaa090-573e-41d3-9f8c-c99e236d806a:c1778, 5f4cf9ee-4bed-49de-adaa-861aec894328:c1778]
2019-08-23 02:48:05,508 | INFO  | DNAudit | user=null | ip=null | op=WRITE_CHUNK {blockData=conID: 2 locID: 102664010821403093 bcsId: 1776} | ret=SUCCESS |  
2019-08-23 02:48:05,508 | INFO  | DNAudit | user=null | ip=null | op=WRITE_CHUNK {blockData=conID: 2 locID: 102664010821403093 bcsId: 1776} | ret=SUCCESS |  
2019-08-23 02:48:05,509 | INFO  | DNAudit | user=null | ip=null | op=PUT_BLOCK {blockData=[blockId=conID: 2 locID: 102664010821403093 bcsId: 0,size=3145728]} | ret=SUCCESS |  
2019-08-23 02:48:05,509 | INFO  | DNAudit | user=null | ip=null | op=PUT_BLOCK {blockData=[blockId=conID: 2 locID: 102664010821403093 bcsId: 0,size=3145728]} | ret=SUCCESS |  
2019-08-23 02:48:05,510 | INFO  | DNAudit | user=null | ip=null | op=WRITE_CHUNK {blockData=conID: 2 locID: 102664010821403093 bcsId: 1782} | ret=SUCCESS |  
2019-08-23 02:48:05,512 | INFO  | DNAudit | user=null | ip=null | op=WRITE_CHUNK {blockData=conID: 2 locID: 102664010821403093 bcsId: 1782} | ret=SUCCESS |  
2019-08-23 02:48:05,513 | INFO  | DNAudit | user=null | ip=null | op=WRITE_CHUNK {blockData=conID: 2 locID: 102664010821403093 bcsId: 1782} | ret=SUCCESS |  
2019-08-23 02:48:05,539 | INFO  | DNAudit | user=null | ip=null | op=WRITE_CHUNK {blockData=conID: 2 locID: 102664010821403093 bcsId: 1782} | ret=SUCCESS |  
2019-08-23 02:48:05,539 | INFO  | DNAudit | user=null | ip=null | op=PUT_BLOCK {blockData=[blockId=conID: 2 locID: 102664010821403093 bcsId: 0,size=4194304]} | ret=SUCCESS |  
2019-08-23 02:48:05,540 [grpc-default-executor-4] INFO  client.GrpcClientProtocolClient (GrpcClientProtocolClient.java:onNext(255)) - client-B268B4322F32->17750241-545b-4219-93a1-14a6ea3d85be: receive RaftClientReply:client-B268B4322F32->17750241-545b-4219-93a1-14a6ea3d85be@group-C33FBD9556F2, cid=1265, SUCCESS, logIndex=1785, commits[17750241-545b-4219-93a1-14a6ea3d85be:c1786, 4eaaa090-573e-41d3-9f8c-c99e236d806a:c1784, 5f4cf9ee-4bed-49de-adaa-861aec894328:c1784]
2019-08-23 02:48:05,540 [grpc-default-executor-4] INFO  client.GrpcClientProtocolClient (GrpcClientProtocolClient.java:onNext(255)) - client-B268B4322F32->17750241-545b-4219-93a1-14a6ea3d85be: receive RaftClientReply:client-B268B4322F32->17750241-545b-4219-93a1-14a6ea3d85be@group-C33FBD9556F2, cid=1266, SUCCESS, logIndex=1786, commits[17750241-545b-4219-93a1-14a6ea3d85be:c1786, 4eaaa090-573e-41d3-9f8c-c99e236d806a:c1784, 5f4cf9ee-4bed-49de-adaa-861aec894328:c1784]
 0.00% |█                                                                                                    |  0/1 Time: 0:00:082019-08-23 02:48:05,551 | INFO  | DNAudit | user=null | ip=null | op=WRITE_CHUNK {blockData=conID: 2 locID: 102664010821403093 bcsId: 1782} | ret=SUCCESS |  
2019-08-23 02:48:05,551 | INFO  | DNAudit | user=null | ip=null | op=WRITE_CHUNK {blockData=conID: 2 locID: 102664010821403093 bcsId: 1782} | ret=SUCCESS |  
2019-08-23 02:48:05,551 | INFO  | DNAudit | user=null | ip=null | op=PUT_BLOCK {blockData=[blockId=conID: 2 locID: 102664010821403093 bcsId: 0,size=4194304]} | ret=SUCCESS |  
2019-08-23 02:48:05,553 | INFO  | DNAudit | user=null | ip=null | op=PUT_BLOCK {blockData=[blockId=conID: 2 locID: 102664010821403093 bcsId: 0,size=4194304]} | ret=SUCCESS |  
2019-08-23 02:48:05,554 [grpc-default-executor-4] INFO  client.GrpcClientProtocolClient (GrpcClientProtocolClient.java:onNext(255)) - client-B268B4322F32->17750241-545b-4219-93a1-14a6ea3d85be: receive RaftClientReply:client-B268B4322F32->17750241-545b-4219-93a1-14a6ea3d85be@group-C33FBD9556F2, cid=1267, SUCCESS, logIndex=0, commits[17750241-545b-4219-93a1-14a6ea3d85be:c1787, 4eaaa090-573e-41d3-9f8c-c99e236d806a:c1786, 5f4cf9ee-4bed-49de-adaa-861aec894328:c1786]
2019-08-23 02:48:05,556 | INFO  | SCMAudit | user=jenkins1000 | ip=192.168.34.22 | op=ALLOCATE_BLOCK {owner=31d65bc3-3f70-45f5-bbc5-e3a15f967ba6, size=4194304, type=RATIS, factor=THREE} | ret=SUCCESS |  
2019-08-23 02:48:05,560 | INFO  | OMAudit | user=jenkins1000 | ip=127.0.0.1 | op=ALLOCATE_BLOCK {volume=vol-0-78052, bucket=bucket-0-33874, key=key-0-20719, dataSize=2147483657, replicationType=RATIS, replicationFactor=THREE, keyLocationInfo=[], clientID=102664010308846034} | ret=SUCCESS |  
2019-08-23 02:48:05,570 | INFO  | DNAudit | user=null | ip=null | op=WRITE_CHUNK {blockData=conID: 3 locID: 102664010829398486 bcsId: 0} | ret=SUCCESS |  
2019-08-23 02:48:05,572 | INFO  | DNAudit | user=null | ip=null | op=WRITE_CHUNK {blockData=conID: 3 locID: 102664010829398486 bcsId: 0} | ret=SUCCESS |  
2019-08-23 02:48:05,573 | INFO  | DNAudit | user=null | ip=null | op=WRITE_CHUNK {blockData=conID: 3 locID: 102664010829398486 bcsId: 0} | ret=SUCCESS |  
2019-08-23 02:48:05,573 | INFO  | DNAudit | user=null | ip=null | op=WRITE_CHUNK {blockData=conID: 3 locID: 102664010829398486 bcsId: 0} | ret=SUCCESS |  
2019-08-23 02:48:05,574 | INFO  | DNAudit | user=null | ip=null | op=WRITE_CHUNK {blockData=conID: 3 locID: 102664010829398486 bcsId: 0} | ret=SUCCESS |  
2019-08-23 02:48:05,574 | INFO  | DNAudit | user=null | ip=null | op=WRITE_CHUNK {blockData=conID: 3 locID: 102664010829398486 bcsId: 0} | ret=SUCCESS |  
2019-08-23 02:48:05,582 | INFO  | DNAudit | user=null | ip=null | op=WRITE_CHUNK {blockData=conID: 3 locID: 102664010829398486 bcsId: 0} | ret=SUCCESS |  
2019-08-23 02:48:05,583 | INFO  | DNAudit | user=null | ip=null | op=PUT_BLOCK {blockData=[blockId=conID: 3 locID: 102664010829398486 bcsId: 0,size=1048576]} | ret=SUCCESS |  
2019-08-23 02:48:05,583 [grpc-default-executor-6] INFO  client.GrpcClientProtocolClient (GrpcClientProtocolClient.java:onNext(255)) - client-B268B4322F32->17750241-545b-4219-93a1-14a6ea3d85be: receive RaftClientReply:client-B268B4322F32->17750241-545b-4219-93a1-14a6ea3d85be@group-C33FBD9556F2, cid=1268, SUCCESS, logIndex=1789, commits[17750241-545b-4219-93a1-14a6ea3d85be:c1791, 4eaaa090-573e-41d3-9f8c-c99e236d806a:c1788, 5f4cf9ee-4bed-49de-adaa-861aec894328:c1788]
2019-08-23 02:48:05,583 | INFO  | DNAudit | user=null | ip=null | op=WRITE_CHUNK {blockData=conID: 3 locID: 102664010829398486 bcsId: 0} | ret=SUCCESS |  
2019-08-23 02:48:05,584 | INFO  | DNAudit | user=null | ip=null | op=WRITE_CHUNK {blockData=conID: 3 locID: 102664010829398486 bcsId: 0} | ret=SUCCESS |  
2019-08-23 02:48:05,584 [grpc-default-executor-6] INFO  client.GrpcClientProtocolClient (GrpcClientProtocolClient.java:onNext(255)) - client-B268B4322F32->17750241-545b-4219-93a1-14a6ea3d85be: receive RaftClientReply:client-B268B4322F32->17750241-545b-4219-93a1-14a6ea3d85be@group-C33FBD9556F2, cid=1269, SUCCESS, logIndex=1790, commits[17750241-545b-4219-93a1-14a6ea3d85be:c1792, 4eaaa090-573e-41d3-9f8c-c99e236d806a:c1788, 5f4cf9ee-4bed-49de-adaa-861aec894328:c1788]
2019-08-23 02:48:05,584 | INFO  | DNAudit | user=null | ip=null | op=PUT_BLOCK {blockData=[blockId=conID: 3 locID: 102664010829398486 bcsId: 0,size=2097152]} | ret=SUCCESS |  
2019-08-23 02:48:05,584 [grpc-default-executor-6] INFO  client.GrpcClientProtocolClient (GrpcClientProtocolClient.java:onNext(255)) - client-B268B4322F32->17750241-545b-4219-93a1-14a6ea3d85be: receive RaftClientReply:client-B268B4322F32->17750241-545b-4219-93a1-14a6ea3d85be@group-C33FBD9556F2, cid=1270, SUCCESS, logIndex=1791, commits[17750241-545b-4219-93a1-14a6ea3d85be:c1792, 4eaaa090-573e-41d3-9f8c-c99e236d806a:c1788, 5f4cf9ee-4bed-49de-adaa-861aec894328:c1788]
2019-08-23 02:48:05,584 [grpc-default-executor-6] INFO  client.GrpcClientProtocolClient (GrpcClientProtocolClient.java:onNext(255)) - client-B268B4322F32->17750241-545b-4219-93a1-14a6ea3d85be: receive RaftClientReply:client-B268B4322F32->17750241-545b-4219-93a1-14a6ea3d85be@group-C33FBD9556F2, cid=1271, SUCCESS, logIndex=1792, commits[17750241-545b-4219-93a1-14a6ea3d85be:c1793, 4eaaa090-573e-41d3-9f8c-c99e236d806a:c1788, 5f4cf9ee-4bed-49de-adaa-861aec894328:c1789]
2019-08-23 02:48:05,586 | INFO  | DNAudit | user=null | ip=null | op=WRITE_CHUNK {blockData=conID: 3 locID: 102664010829398486 bcsId: 0} | ret=SUCCESS |  
2019-08-23 02:48:05,586 | INFO  | DNAudit | user=null | ip=null | op=PUT_BLOCK {blockData=[blockId=conID: 3 locID: 102664010829398486 bcsId: 0,size=1048576]} | ret=SUCCESS |  
2019-08-23 02:48:05,597 | INFO  | DNAudit | user=null | ip=null | op=PUT_BLOCK {blockData=[blockId=conID: 3 locID: 102664010829398486 bcsId: 0,size=1048576]} | ret=SUCCESS |  
2019-08-23 02:48:05,597 | INFO  | DNAudit | user=null | ip=null | op=WRITE_CHUNK {blockData=conID: 3 locID: 102664010829398486 bcsId: 0} | ret=SUCCESS |  
2019-08-23 02:48:05,597 | INFO  | DNAudit | user=null | ip=null | op=PUT_BLOCK {blockData=[blockId=conID: 3 locID: 102664010829398486 bcsId: 0,size=2097152]} | ret=SUCCESS |  
2019-08-23 02:48:05,597 | INFO  | DNAudit | user=null | ip=null | op=WRITE_CHUNK {blockData=conID: 3 locID: 102664010829398486 bcsId: 0} | ret=SUCCESS |  
2019-08-23 02:48:05,598 [grpc-default-executor-6] INFO  client.GrpcClientProtocolClient (GrpcClientProtocolClient.java:onNext(255)) - client-B268B4322F32->17750241-545b-4219-93a1-14a6ea3d85be: receive RaftClientReply:client-B268B4322F32->17750241-545b-4219-93a1-14a6ea3d85be@group-C33FBD9556F2, cid=1272, SUCCESS, logIndex=0, commits[17750241-545b-4219-93a1-14a6ea3d85be:c1794, 4eaaa090-573e-41d3-9f8c-c99e236d806a:c1790, 5f4cf9ee-4bed-49de-adaa-861aec894328:c1790]
2019-08-23 02:48:05,598 | INFO  | DNAudit | user=null | ip=null | op=PUT_BLOCK {blockData=[blockId=conID: 3 locID: 102664010829398486 bcsId: 0,size=2097152]} | ret=SUCCESS |  
2019-08-23 02:48:05,603 | INFO  | DNAudit | user=null | ip=null | op=WRITE_CHUNK {blockData=conID: 3 locID: 102664010829398486 bcsId: 1792} | ret=SUCCESS |  
2019-08-23 02:48:05,717 | INFO  | SCMAudit | user=jenkins1000 | ip=192.168.34.22 | op=SEND_HEARTBEAT {datanodeUUID=66ab6a68-e61f-4535-ab2f-12fe560929ed, command=[]} | ret=SUCCESS |  
2019-08-23 02:48:05,718 | INFO  | DNAudit | user=null | ip=null | op=WRITE_CHUNK {blockData=conID: 3 locID: 102664010829398486 bcsId: 1792} | ret=SUCCESS |  
2019-08-23 02:48:05,719 | INFO  | DNAudit | user=null | ip=null | op=WRITE_CHUNK {blockData=conID: 3 locID: 102664010829398486 bcsId: 1792} | ret=SUCCESS |  
2019-08-23 02:48:05,731 | INFO  | DNAudit | user=null | ip=null | op=WRITE_CHUNK {blockData=conID: 3 locID: 102664010829398486 bcsId: 1792} | ret=SUCCESS |  
2019-08-23 02:48:05,731 | INFO  | DNAudit | user=null | ip=null | op=PUT_BLOCK {blockData=[blockId=conID: 3 locID: 102664010829398486 bcsId: 0,size=3145728]} | ret=SUCCESS |  
2019-08-23 02:48:05,731 [grpc-default-executor-6] INFO  client.GrpcClientProtocolClient (GrpcClientProtocolClient.java:onNext(255)) - client-B268B4322F32->17750241-545b-4219-93a1-14a6ea3d85be: receive RaftClientReply:client-B268B4322F32->17750241-545b-4219-93a1-14a6ea3d85be@group-C33FBD9556F2, cid=1273, SUCCESS, logIndex=1797, commits[17750241-545b-4219-93a1-14a6ea3d85be:c1798, 4eaaa090-573e-41d3-9f8c-c99e236d806a:c1796, 5f4cf9ee-4bed-49de-adaa-861aec894328:c1796]
2019-08-23 02:48:05,732 [grpc-default-executor-6] INFO  client.GrpcClientProtocolClient (GrpcClientProtocolClient.java:onNext(255)) - client-B268B4322F32->17750241-545b-4219-93a1-14a6ea3d85be: receive RaftClientReply:client-B268B4322F32->17750241-545b-4219-93a1-14a6ea3d85be@group-C33FBD9556F2, cid=1274, SUCCESS, logIndex=1798, commits[17750241-545b-4219-93a1-14a6ea3d85be:c1798, 4eaaa090-573e-41d3-9f8c-c99e236d806a:c1796, 5f4cf9ee-4bed-49de-adaa-861aec894328:c1796]
2019-08-23 02:48:05,738 | INFO  | DNAudit | user=null | ip=null | op=WRITE_CHUNK {blockData=conID: 3 locID: 102664010829398486 bcsId: 1798} | ret=SUCCESS |  
2019-08-23 02:48:05,741 | INFO  | DNAudit | user=null | ip=null | op=WRITE_CHUNK {blockData=conID: 3 locID: 102664010829398486 bcsId: 1798} | ret=SUCCESS |  
2019-08-23 02:48:05,741 | INFO  | DNAudit | user=null | ip=null | op=WRITE_CHUNK {blockData=conID: 3 locID: 102664010829398486 bcsId: 1798} | ret=SUCCESS |  
2019-08-23 02:48:05,743 | INFO  | DNAudit | user=null | ip=null | op=WRITE_CHUNK {blockData=conID: 3 locID: 102664010829398486 bcsId: 1792} | ret=SUCCESS |  
2019-08-23 02:48:05,744 | INFO  | DNAudit | user=null | ip=null | op=WRITE_CHUNK {blockData=conID: 3 locID: 102664010829398486 bcsId: 1792} | ret=SUCCESS |  
2019-08-23 02:48:05,744 | INFO  | DNAudit | user=null | ip=null | op=PUT_BLOCK {blockData=[blockId=conID: 3 locID: 102664010829398486 bcsId: 0,size=3145728]} | ret=SUCCESS |  
2019-08-23 02:48:05,744 | INFO  | DNAudit | user=null | ip=null | op=PUT_BLOCK {blockData=[blockId=conID: 3 locID: 102664010829398486 bcsId: 0,size=3145728]} | ret=SUCCESS |  
2019-08-23 02:48:05,757 | INFO  | DNAudit | user=null | ip=null | op=WRITE_CHUNK {blockData=conID: 3 locID: 102664010829398486 bcsId: 1798} | ret=SUCCESS |  
2019-08-23 02:48:05,758 | INFO  | DNAudit | user=null | ip=null | op=PUT_BLOCK {blockData=[blockId=conID: 3 locID: 102664010829398486 bcsId: 0,size=4194304]} | ret=SUCCESS |  
2019-08-23 02:48:05,758 [grpc-default-executor-5] INFO  client.GrpcClientProtocolClient (GrpcClientProtocolClient.java:onNext(255)) - client-B268B4322F32->17750241-545b-4219-93a1-14a6ea3d85be: receive RaftClientReply:client-B268B4322F32->17750241-545b-4219-93a1-14a6ea3d85be@group-C33FBD9556F2, cid=1275, SUCCESS, logIndex=1801, commits[17750241-545b-4219-93a1-14a6ea3d85be:c1802, 4eaaa090-573e-41d3-9f8c-c99e236d806a:c1798, 5f4cf9ee-4bed-49de-adaa-861aec894328:c1798]
2019-08-23 02:48:05,759 [grpc-default-executor-5] INFO  client.GrpcClientProtocolClient (GrpcClientProtocolClient.java:onNext(255)) - client-B268B4322F32->17750241-545b-4219-93a1-14a6ea3d85be: receive RaftClientReply:client-B268B4322F32->17750241-545b-4219-93a1-14a6ea3d85be@group-C33FBD9556F2, cid=1276, SUCCESS, logIndex=1802, commits[17750241-545b-4219-93a1-14a6ea3d85be:c1802, 4eaaa090-573e-41d3-9f8c-c99e236d806a:c1798, 5f4cf9ee-4bed-49de-adaa-861aec894328:c1798]
2019-08-23 02:48:05,770 | INFO  | DNAudit | user=null | ip=null | op=WRITE_CHUNK {blockData=conID: 3 locID: 102664010829398486 bcsId: 1798} | ret=SUCCESS |  
2019-08-23 02:48:05,770 | INFO  | DNAudit | user=null | ip=null | op=WRITE_CHUNK {blockData=conID: 3 locID: 102664010829398486 bcsId: 1798} | ret=SUCCESS |  
2019-08-23 02:48:05,783 | INFO  | DNAudit | user=null | ip=null | op=PUT_BLOCK {blockData=[blockId=conID: 3 locID: 102664010829398486 bcsId: 0,size=4194304]} | ret=SUCCESS |  
2019-08-23 02:48:05,783 | INFO  | DNAudit | user=null | ip=null | op=PUT_BLOCK {blockData=[blockId=conID: 3 locID: 102664010829398486 bcsId: 0,size=4194304]} | ret=SUCCESS |  
2019-08-23 02:48:05,784 [grpc-default-executor-4] INFO  client.GrpcClientProtocolClient (GrpcClientProtocolClient.java:onNext(255)) - client-B268B4322F32->17750241-545b-4219-93a1-14a6ea3d85be: receive RaftClientReply:client-B268B4322F32->17750241-545b-4219-93a1-14a6ea3d85be@group-C33FBD9556F2, cid=1277, SUCCESS, logIndex=0, commits[17750241-545b-4219-93a1-14a6ea3d85be:c1804, 4eaaa090-573e-41d3-9f8c-c99e236d806a:c1802, 5f4cf9ee-4bed-49de-adaa-861aec894328:c1802]
2019-08-23 02:48:05,787 | INFO  | SCMAudit | user=jenkins1000 | ip=192.168.34.22 | op=ALLOCATE_BLOCK {owner=31d65bc3-3f70-45f5-bbc5-e3a15f967ba6, size=4194304, type=RATIS, factor=THREE} | ret=SUCCESS |  
2019-08-23 02:48:05,790 | INFO  | OMAudit | user=jenkins1000 | ip=127.0.0.1 | op=ALLOCATE_BLOCK {volume=vol-0-78052, bucket=bucket-0-33874, key=key-0-20719, dataSize=2147483657, replicationType=RATIS, replicationFactor=THREE, keyLocationInfo=[], clientID=102664010308846034} | ret=SUCCESS |  
2019-08-23 02:48:05,800 | INFO  | DNAudit | user=null | ip=null | op=WRITE_CHUNK {blockData=conID: 1 locID: 102664010844537303 bcsId: 0} | ret=SUCCESS |  
2019-08-23 02:48:05,802 | INFO  | DNAudit | user=null | ip=null | op=WRITE_CHUNK {blockData=conID: 1 locID: 102664010844537303 bcsId: 0} | ret=SUCCESS |  
2019-08-23 02:48:05,803 | INFO  | DNAudit | user=null | ip=null | op=WRITE_CHUNK {blockData=conID: 1 locID: 102664010844537303 bcsId: 0} | ret=SUCCESS |  
2019-08-23 02:48:05,803 | INFO  | DNAudit | user=null | ip=null | op=WRITE_CHUNK {blockData=conID: 1 locID: 102664010844537303 bcsId: 0} | ret=SUCCESS |  
2019-08-23 02:48:05,805 | INFO  | DNAudit | user=null | ip=null | op=WRITE_CHUNK {blockData=conID: 1 locID: 102664010844537303 bcsId: 0} | ret=SUCCESS |  
2019-08-23 02:48:05,806 | INFO  | DNAudit | user=null | ip=null | op=WRITE_CHUNK {blockData=conID: 1 locID: 102664010844537303 bcsId: 0} | ret=SUCCESS |  
2019-08-23 02:48:05,815 | INFO  | DNAudit | user=null | ip=null | op=WRITE_CHUNK {blockData=conID: 1 locID: 102664010844537303 bcsId: 0} | ret=SUCCESS |  
2019-08-23 02:48:05,815 | INFO  | DNAudit | user=null | ip=null | op=PUT_BLOCK {blockData=[blockId=conID: 1 locID: 102664010844537303 bcsId: 0,size=1048576]} | ret=SUCCESS |  
2019-08-23 02:48:05,815 [grpc-default-executor-1] INFO  client.GrpcClientProtocolClient (GrpcClientProtocolClient.java:onNext(255)) - client-B268B4322F32->17750241-545b-4219-93a1-14a6ea3d85be: receive RaftClientReply:client-B268B4322F32->17750241-545b-4219-93a1-14a6ea3d85be@group-C33FBD9556F2, cid=1278, SUCCESS, logIndex=1805, commits[17750241-545b-4219-93a1-14a6ea3d85be:c1806, 4eaaa090-573e-41d3-9f8c-c99e236d806a:c1804, 5f4cf9ee-4bed-49de-adaa-861aec894328:c1804]
2019-08-23 02:48:05,816 [grpc-default-executor-1] INFO  client.GrpcClientProtocolClient (GrpcClientProtocolClient.java:onNext(255)) - client-B268B4322F32->17750241-545b-4219-93a1-14a6ea3d85be: receive RaftClientReply:client-B268B4322F32->17750241-545b-4219-93a1-14a6ea3d85be@group-C33FBD9556F2, cid=1279, SUCCESS, logIndex=1806, commits[17750241-545b-4219-93a1-14a6ea3d85be:c1806, 4eaaa090-573e-41d3-9f8c-c99e236d806a:c1804, 5f4cf9ee-4bed-49de-adaa-861aec894328:c1804]
2019-08-23 02:48:05,828 | INFO  | DNAudit | user=null | ip=null | op=WRITE_CHUNK {blockData=conID: 1 locID: 102664010844537303 bcsId: 0} | ret=SUCCESS |  
2019-08-23 02:48:05,828 | INFO  | DNAudit | user=null | ip=null | op=PUT_BLOCK {blockData=[blockId=conID: 1 locID: 102664010844537303 bcsId: 0,size=2097152]} | ret=SUCCESS |  
2019-08-23 02:48:05,829 [grpc-default-executor-4] INFO  client.GrpcClientProtocolClient (GrpcClientProtocolClient.java:onNext(255)) - client-B268B4322F32->17750241-545b-4219-93a1-14a6ea3d85be: receive RaftClientReply:client-B268B4322F32->17750241-545b-4219-93a1-14a6ea3d85be@group-C33FBD9556F2, cid=1280, SUCCESS, logIndex=1807, commits[17750241-545b-4219-93a1-14a6ea3d85be:c1808, 4eaaa090-573e-41d3-9f8c-c99e236d806a:c1804, 5f4cf9ee-4bed-49de-adaa-861aec894328:c1804]
2019-08-23 02:48:05,829 [grpc-default-executor-4] INFO  client.GrpcClientProtocolClient (GrpcClientProtocolClient.java:onNext(255)) - client-B268B4322F32->17750241-545b-4219-93a1-14a6ea3d85be: receive RaftClientReply:client-B268B4322F32->17750241-545b-4219-93a1-14a6ea3d85be@group-C33FBD9556F2, cid=1281, SUCCESS, logIndex=1808, commits[17750241-545b-4219-93a1-14a6ea3d85be:c1808, 4eaaa090-573e-41d3-9f8c-c99e236d806a:c1804, 5f4cf9ee-4bed-49de-adaa-861aec894328:c1804]
2019-08-23 02:48:05,830 | INFO  | DNAudit | user=null | ip=null | op=WRITE_CHUNK {blockData=conID: 1 locID: 102664010844537303 bcsId: 0} | ret=SUCCESS |  
2019-08-23 02:48:05,830 | INFO  | DNAudit | user=null | ip=null | op=WRITE_CHUNK {blockData=conID: 1 locID: 102664010844537303 bcsId: 0} | ret=SUCCESS |  
2019-08-23 02:48:05,831 | INFO  | DNAudit | user=null | ip=null | op=PUT_BLOCK {blockData=[blockId=conID: 1 locID: 102664010844537303 bcsId: 0,size=1048576]} | ret=SUCCESS |  
2019-08-23 02:48:05,831 | INFO  | DNAudit | user=null | ip=null | op=PUT_BLOCK {blockData=[blockId=conID: 1 locID: 102664010844537303 bcsId: 0,size=1048576]} | ret=SUCCESS |  
2019-08-23 02:48:05,831 [grpc-default-executor-4] INFO  client.GrpcClientProtocolClient (GrpcClientProtocolClient.java:onNext(255)) - client-B268B4322F32->17750241-545b-4219-93a1-14a6ea3d85be: receive RaftClientReply:client-B268B4322F32->17750241-545b-4219-93a1-14a6ea3d85be@group-C33FBD9556F2, cid=1282, SUCCESS, logIndex=0, commits[17750241-545b-4219-93a1-14a6ea3d85be:c1810, 4eaaa090-573e-41d3-9f8c-c99e236d806a:c1806, 5f4cf9ee-4bed-49de-adaa-861aec894328:c1806]
2019-08-23 02:48:05,834 | INFO  | DNAudit | user=null | ip=null | op=WRITE_CHUNK {blockData=conID: 1 locID: 102664010844537303 bcsId: 0} | ret=SUCCESS |  
2019-08-23 02:48:05,834 | INFO  | DNAudit | user=null | ip=null | op=WRITE_CHUNK {blockData=conID: 1 locID: 102664010844537303 bcsId: 0} | ret=SUCCESS |  
2019-08-23 02:48:05,834 | INFO  | DNAudit | user=null | ip=null | op=PUT_BLOCK {blockData=[blockId=conID: 1 locID: 102664010844537303 bcsId: 0,size=2097152]} | ret=SUCCESS |  
2019-08-23 02:48:05,834 | INFO  | DNAudit | user=null | ip=null | op=PUT_BLOCK {blockData=[blockId=conID: 1 locID: 102664010844537303 bcsId: 0,size=2097152]} | ret=SUCCESS |  
2019-08-23 02:48:05,838 | INFO  | DNAudit | user=null | ip=null | op=WRITE_CHUNK {blockData=conID: 1 locID: 102664010844537303 bcsId: 1808} | ret=SUCCESS |  
2019-08-23 02:48:05,840 | INFO  | DNAudit | user=null | ip=null | op=WRITE_CHUNK {blockData=conID: 1 locID: 102664010844537303 bcsId: 1808} | ret=SUCCESS |  
2019-08-23 02:48:05,841 | INFO  | DNAudit | user=null | ip=null | op=WRITE_CHUNK {blockData=conID: 1 locID: 102664010844537303 bcsId: 1808} | ret=SUCCESS |  
2019-08-23 02:48:05,864 | INFO  | DNAudit | user=null | ip=null | op=WRITE_CHUNK {blockData=conID: 1 locID: 102664010844537303 bcsId: 1808} | ret=SUCCESS |  
2019-08-23 02:48:05,865 | INFO  | DNAudit | user=null | ip=null | op=PUT_BLOCK {blockData=[blockId=conID: 1 locID: 102664010844537303 bcsId: 0,size=3145728]} | ret=SUCCESS |  
2019-08-23 02:48:05,865 [grpc-default-executor-1] INFO  client.GrpcClientProtocolClient (GrpcClientProtocolClient.java:onNext(255)) - client-B268B4322F32->17750241-545b-4219-93a1-14a6ea3d85be: receive RaftClientReply:client-B268B4322F32->17750241-545b-4219-93a1-14a6ea3d85be@group-C33FBD9556F2, cid=1283, SUCCESS, logIndex=1813, commits[17750241-545b-4219-93a1-14a6ea3d85be:c1814, 4eaaa090-573e-41d3-9f8c-c99e236d806a:c1812, 5f4cf9ee-4bed-49de-adaa-861aec894328:c1812]
2019-08-23 02:48:05,865 [grpc-default-executor-1] INFO  client.GrpcClientProtocolClient (GrpcClientProtocolClient.java:onNext(255)) - client-B268B4322F32->17750241-545b-4219-93a1-14a6ea3d85be: receive RaftClientReply:client-B268B4322F32->17750241-545b-4219-93a1-14a6ea3d85be@group-C33FBD9556F2, cid=1284, SUCCESS, logIndex=1814, commits[17750241-545b-4219-93a1-14a6ea3d85be:c1814, 4eaaa090-573e-41d3-9f8c-c99e236d806a:c1812, 5f4cf9ee-4bed-49de-adaa-861aec894328:c1812]
2019-08-23 02:48:05,872 | INFO  | DNAudit | user=null | ip=null | op=WRITE_CHUNK {blockData=conID: 1 locID: 102664010844537303 bcsId: 1814} | ret=SUCCESS |  
2019-08-23 02:48:05,873 | INFO  | DNAudit | user=null | ip=null | op=WRITE_CHUNK {blockData=conID: 1 locID: 102664010844537303 bcsId: 1814} | ret=SUCCESS |  
2019-08-23 02:48:05,874 | INFO  | DNAudit | user=null | ip=null | op=WRITE_CHUNK {blockData=conID: 1 locID: 102664010844537303 bcsId: 1814} | ret=SUCCESS |  
2019-08-23 02:48:05,876 | INFO  | DNAudit | user=null | ip=null | op=WRITE_CHUNK {blockData=conID: 1 locID: 102664010844537303 bcsId: 1808} | ret=SUCCESS |  
2019-08-23 02:48:05,876 | INFO  | DNAudit | user=null | ip=null | op=PUT_BLOCK {blockData=[blockId=conID: 1 locID: 102664010844537303 bcsId: 0,size=3145728]} | ret=SUCCESS |  
2019-08-23 02:48:05,876 | INFO  | DNAudit | user=null | ip=null | op=WRITE_CHUNK {blockData=conID: 1 locID: 102664010844537303 bcsId: 1808} | ret=SUCCESS |  
2019-08-23 02:48:05,877 | INFO  | DNAudit | user=null | ip=null | op=PUT_BLOCK {blockData=[blockId=conID: 1 locID: 102664010844537303 bcsId: 0,size=3145728]} | ret=SUCCESS |  
2019-08-23 02:48:05,878 | INFO  | DNAudit | user=null | ip=null | op=WRITE_CHUNK {blockData=conID: 1 locID: 102664010844537303 bcsId: 1814} | ret=SUCCESS |  
2019-08-23 02:48:05,878 | INFO  | DNAudit | user=null | ip=null | op=PUT_BLOCK {blockData=[blockId=conID: 1 locID: 102664010844537303 bcsId: 0,size=4194304]} | ret=SUCCESS |  
2019-08-23 02:48:05,878 [grpc-default-executor-5] INFO  client.GrpcClientProtocolClient (GrpcClientProtocolClient.java:onNext(255)) - client-B268B4322F32->17750241-545b-4219-93a1-14a6ea3d85be: receive RaftClientReply:client-B268B4322F32->17750241-545b-4219-93a1-14a6ea3d85be@group-C33FBD9556F2, cid=1285, SUCCESS, logIndex=1817, commits[17750241-545b-4219-93a1-14a6ea3d85be:c1818, 4eaaa090-573e-41d3-9f8c-c99e236d806a:c1814, 5f4cf9ee-4bed-49de-adaa-861aec894328:c1814]
2019-08-23 02:48:05,878 [grpc-default-executor-5] INFO  client.GrpcClientProtocolClient (GrpcClientProtocolClient.java:onNext(255)) - client-B268B4322F32->17750241-545b-4219-93a1-14a6ea3d85be: receive RaftClientReply:client-B268B4322F32->17750241-545b-4219-93a1-14a6ea3d85be@group-C33FBD9556F2, cid=1286, SUCCESS, logIndex=1818, commits[17750241-545b-4219-93a1-14a6ea3d85be:c1818, 4eaaa090-573e-41d3-9f8c-c99e236d806a:c1814, 5f4cf9ee-4bed-49de-adaa-861aec894328:c1814]
2019-08-23 02:48:05,881 | INFO  | DNAudit | user=null | ip=null | op=WRITE_CHUNK {blockData=conID: 1 locID: 102664010844537303 bcsId: 1814} | ret=SUCCESS |  
2019-08-23 02:48:05,881 | INFO  | DNAudit | user=null | ip=null | op=WRITE_CHUNK {blockData=conID: 1 locID: 102664010844537303 bcsId: 1814} | ret=SUCCESS |  
2019-08-23 02:48:05,881 | INFO  | DNAudit | user=null | ip=null | op=PUT_BLOCK {blockData=[blockId=conID: 1 locID: 102664010844537303 bcsId: 0,size=4194304]} | ret=SUCCESS |  
2019-08-23 02:48:05,881 | INFO  | DNAudit | user=null | ip=null | op=PUT_BLOCK {blockData=[blockId=conID: 1 locID: 102664010844537303 bcsId: 0,size=4194304]} | ret=SUCCESS |  
2019-08-23 02:48:05,881 [grpc-default-executor-5] INFO  client.GrpcClientProtocolClient (GrpcClientProtocolClient.java:onNext(255)) - client-B268B4322F32->17750241-545b-4219-93a1-14a6ea3d85be: receive RaftClientReply:client-B268B4322F32->17750241-545b-4219-93a1-14a6ea3d85be@group-C33FBD9556F2, cid=1287, SUCCESS, logIndex=0, commits[17750241-545b-4219-93a1-14a6ea3d85be:c1819, 4eaaa090-573e-41d3-9f8c-c99e236d806a:c1818, 5f4cf9ee-4bed-49de-adaa-861aec894328:c1818]
2019-08-23 02:48:05,884 | INFO  | SCMAudit | user=jenkins1000 | ip=192.168.34.22 | op=ALLOCATE_BLOCK {owner=31d65bc3-3f70-45f5-bbc5-e3a15f967ba6, size=4194304, type=RATIS, factor=THREE} | ret=SUCCESS |  
2019-08-23 02:48:05,884 | INFO  | SCMAudit | user=jenkins1000 | ip=192.168.34.22 | op=SEND_HEARTBEAT {datanodeUUID=0cedf437-a8af-4d70-bac5-ea9863093e86, command=[]} | ret=SUCCESS |  
2019-08-23 02:48:05,888 | INFO  | OMAudit | user=jenkins1000 | ip=127.0.0.1 | op=ALLOCATE_BLOCK {volume=vol-0-78052, bucket=bucket-0-33874, key=key-0-20719, dataSize=2147483657, replicationType=RATIS, replicationFactor=THREE, keyLocationInfo=[], clientID=102664010308846034} | ret=SUCCESS |  
2019-08-23 02:48:05,898 | INFO  | DNAudit | user=null | ip=null | op=WRITE_CHUNK {blockData=conID: 2 locID: 102664010850894296 bcsId: 0} | ret=SUCCESS |  
2019-08-23 02:48:05,900 | INFO  | DNAudit | user=null | ip=null | op=WRITE_CHUNK {blockData=conID: 2 locID: 102664010850894296 bcsId: 0} | ret=SUCCESS |  
2019-08-23 02:48:05,901 | INFO  | DNAudit | user=null | ip=null | op=WRITE_CHUNK {blockData=conID: 2 locID: 102664010850894296 bcsId: 0} | ret=SUCCESS |  
2019-08-23 02:48:05,901 | INFO  | DNAudit | user=null | ip=null | op=WRITE_CHUNK {blockData=conID: 2 locID: 102664010850894296 bcsId: 0} | ret=SUCCESS |  
2019-08-23 02:48:05,903 | INFO  | DNAudit | user=null | ip=null | op=WRITE_CHUNK {blockData=conID: 2 locID: 102664010850894296 bcsId: 0} | ret=SUCCESS |  
2019-08-23 02:48:05,903 | INFO  | DNAudit | user=null | ip=null | op=WRITE_CHUNK {blockData=conID: 2 locID: 102664010850894296 bcsId: 0} | ret=SUCCESS |  
2019-08-23 02:48:05,910 | INFO  | DNAudit | user=null | ip=null | op=WRITE_CHUNK {blockData=conID: 2 locID: 102664010850894296 bcsId: 0} | ret=SUCCESS |  
2019-08-23 02:48:05,911 | INFO  | DNAudit | user=null | ip=null | op=PUT_BLOCK {blockData=[blockId=conID: 2 locID: 102664010850894296 bcsId: 0,size=1048576]} | ret=SUCCESS |  
2019-08-23 02:48:05,911 | INFO  | DNAudit | user=null | ip=null | op=WRITE_CHUNK {blockData=conID: 2 locID: 102664010850894296 bcsId: 0} | ret=SUCCESS |  
2019-08-23 02:48:05,911 [grpc-default-executor-1] INFO  client.GrpcClientProtocolClient (GrpcClientProtocolClient.java:onNext(255)) - client-B268B4322F32->17750241-545b-4219-93a1-14a6ea3d85be: receive RaftClientReply:client-B268B4322F32->17750241-545b-4219-93a1-14a6ea3d85be@group-C33FBD9556F2, cid=1288, SUCCESS, logIndex=1821, commits[17750241-545b-4219-93a1-14a6ea3d85be:c1822, 4eaaa090-573e-41d3-9f8c-c99e236d806a:c1820, 5f4cf9ee-4bed-49de-adaa-861aec894328:c1820]
2019-08-23 02:48:05,911 | INFO  | DNAudit | user=null | ip=null | op=PUT_BLOCK {blockData=[blockId=conID: 2 locID: 102664010850894296 bcsId: 0,size=2097152]} | ret=SUCCESS |  
2019-08-23 02:48:05,911 [grpc-default-executor-1] INFO  client.GrpcClientProtocolClient (GrpcClientProtocolClient.java:onNext(255)) - client-B268B4322F32->17750241-545b-4219-93a1-14a6ea3d85be: receive RaftClientReply:client-B268B4322F32->17750241-545b-4219-93a1-14a6ea3d85be@group-C33FBD9556F2, cid=1289, SUCCESS, logIndex=1822, commits[17750241-545b-4219-93a1-14a6ea3d85be:c1823, 4eaaa090-573e-41d3-9f8c-c99e236d806a:c1820, 5f4cf9ee-4bed-49de-adaa-861aec894328:c1820]
2019-08-23 02:48:05,912 [grpc-default-executor-1] INFO  client.GrpcClientProtocolClient (GrpcClientProtocolClient.java:onNext(255)) - client-B268B4322F32->17750241-545b-4219-93a1-14a6ea3d85be: receive RaftClientReply:client-B268B4322F32->17750241-545b-4219-93a1-14a6ea3d85be@group-C33FBD9556F2, cid=1290, SUCCESS, logIndex=1823, commits[17750241-545b-4219-93a1-14a6ea3d85be:c1824, 4eaaa090-573e-41d3-9f8c-c99e236d806a:c1820, 5f4cf9ee-4bed-49de-adaa-861aec894328:c1820]
2019-08-23 02:48:05,912 | INFO  | DNAudit | user=null | ip=null | op=WRITE_CHUNK {blockData=conID: 2 locID: 102664010850894296 bcsId: 0} | ret=SUCCESS |  
2019-08-23 02:48:05,912 [grpc-default-executor-1] INFO  client.GrpcClientProtocolClient (GrpcClientProtocolClient.java:onNext(255)) - client-B268B4322F32->17750241-545b-4219-93a1-14a6ea3d85be: receive RaftClientReply:client-B268B4322F32->17750241-545b-4219-93a1-14a6ea3d85be@group-C33FBD9556F2, cid=1291, SUCCESS, logIndex=1824, commits[17750241-545b-4219-93a1-14a6ea3d85be:c1824, 4eaaa090-573e-41d3-9f8c-c99e236d806a:c1820, 5f4cf9ee-4bed-49de-adaa-861aec894328:c1820]
2019-08-23 02:48:05,912 | INFO  | DNAudit | user=null | ip=null | op=PUT_BLOCK {blockData=[blockId=conID: 2 locID: 102664010850894296 bcsId: 0,size=1048576]} | ret=SUCCESS |  
2019-08-23 02:48:05,913 | INFO  | DNAudit | user=null | ip=null | op=WRITE_CHUNK {blockData=conID: 2 locID: 102664010850894296 bcsId: 0} | ret=SUCCESS |  
2019-08-23 02:48:05,913 | INFO  | DNAudit | user=null | ip=null | op=PUT_BLOCK {blockData=[blockId=conID: 2 locID: 102664010850894296 bcsId: 0,size=1048576]} | ret=SUCCESS |  
2019-08-23 02:48:05,913 | INFO  | DNAudit | user=null | ip=null | op=WRITE_CHUNK {blockData=conID: 2 locID: 102664010850894296 bcsId: 0} | ret=SUCCESS |  
2019-08-23 02:48:05,913 [grpc-default-executor-1] INFO  client.GrpcClientProtocolClient (GrpcClientProtocolClient.java:onNext(255)) - client-B268B4322F32->17750241-545b-4219-93a1-14a6ea3d85be: receive RaftClientReply:client-B268B4322F32->17750241-545b-4219-93a1-14a6ea3d85be@group-C33FBD9556F2, cid=1292, SUCCESS, logIndex=0, commits[17750241-545b-4219-93a1-14a6ea3d85be:c1827, 4eaaa090-573e-41d3-9f8c-c99e236d806a:c1823, 5f4cf9ee-4bed-49de-adaa-861aec894328:c1822]
2019-08-23 02:48:05,915 | INFO  | DNAudit | user=null | ip=null | op=WRITE_CHUNK {blockData=conID: 2 locID: 102664010850894296 bcsId: 0} | ret=SUCCESS |  
2019-08-23 02:48:05,916 | INFO  | DNAudit | user=null | ip=null | op=PUT_BLOCK {blockData=[blockId=conID: 2 locID: 102664010850894296 bcsId: 0,size=2097152]} | ret=SUCCESS |  
2019-08-23 02:48:05,916 | INFO  | DNAudit | user=null | ip=null | op=PUT_BLOCK {blockData=[blockId=conID: 2 locID: 102664010850894296 bcsId: 0,size=2097152]} | ret=SUCCESS |  
2019-08-23 02:48:05,920 | INFO  | DNAudit | user=null | ip=null | op=WRITE_CHUNK {blockData=conID: 2 locID: 102664010850894296 bcsId: 1824} | ret=SUCCESS |  
2019-08-23 02:48:05,921 | INFO  | DNAudit | user=null | ip=null | op=WRITE_CHUNK {blockData=conID: 2 locID: 102664010850894296 bcsId: 1824} | ret=SUCCESS |  
2019-08-23 02:48:05,922 | INFO  | DNAudit | user=null | ip=null | op=WRITE_CHUNK {blockData=conID: 2 locID: 102664010850894296 bcsId: 1824} | ret=SUCCESS |  
2019-08-23 02:48:05,933 | INFO  | DNAudit | user=null | ip=null | op=WRITE_CHUNK {blockData=conID: 2 locID: 102664010850894296 bcsId: 1824} | ret=SUCCESS |  
2019-08-23 02:48:05,933 | INFO  | DNAudit | user=null | ip=null | op=PUT_BLOCK {blockData=[blockId=conID: 2 locID: 102664010850894296 bcsId: 0,size=3145728]} | ret=SUCCESS |  
2019-08-23 02:48:05,934 [grpc-default-executor-4] INFO  client.GrpcClientProtocolClient (GrpcClientProtocolClient.java:onNext(255)) - client-B268B4322F32->17750241-545b-4219-93a1-14a6ea3d85be: receive RaftClientReply:client-B268B4322F32->17750241-545b-4219-93a1-14a6ea3d85be@group-C33FBD9556F2, cid=1293, SUCCESS, logIndex=1829, commits[17750241-545b-4219-93a1-14a6ea3d85be:c1830, 4eaaa090-573e-41d3-9f8c-c99e236d806a:c1828, 5f4cf9ee-4bed-49de-adaa-861aec894328:c1828]
2019-08-23 02:48:05,934 [grpc-default-executor-4] INFO  client.GrpcClientProtocolClient (GrpcClientProtocolClient.java:onNext(255)) - client-B268B4322F32->17750241-545b-4219-93a1-14a6ea3d85be: receive RaftClientReply:client-B268B4322F32->17750241-545b-4219-93a1-14a6ea3d85be@group-C33FBD9556F2, cid=1294, SUCCESS, logIndex=1830, commits[17750241-545b-4219-93a1-14a6ea3d85be:c1830, 4eaaa090-573e-41d3-9f8c-c99e236d806a:c1828, 5f4cf9ee-4bed-49de-adaa-861aec894328:c1828]
2019-08-23 02:48:05,941 | INFO  | DNAudit | user=null | ip=null | op=WRITE_CHUNK {blockData=conID: 2 locID: 102664010850894296 bcsId: 1830} | ret=SUCCESS |  
2019-08-23 02:48:05,943 | INFO  | DNAudit | user=null | ip=null | op=WRITE_CHUNK {blockData=conID: 2 locID: 102664010850894296 bcsId: 1830} | ret=SUCCESS |  
2019-08-23 02:48:05,943 | INFO  | DNAudit | user=null | ip=null | op=WRITE_CHUNK {blockData=conID: 2 locID: 102664010850894296 bcsId: 1830} | ret=SUCCESS |  
2019-08-23 02:48:05,946 | INFO  | DNAudit | user=null | ip=null | op=WRITE_CHUNK {blockData=conID: 2 locID: 102664010850894296 bcsId: 1824} | ret=SUCCESS |  
2019-08-23 02:48:05,946 | INFO  | DNAudit | user=null | ip=null | op=WRITE_CHUNK {blockData=conID: 2 locID: 102664010850894296 bcsId: 1824} | ret=SUCCESS |  
2019-08-23 02:48:05,960 | INFO  | DNAudit | user=null | ip=null | op=PUT_BLOCK {blockData=[blockId=conID: 2 locID: 102664010850894296 bcsId: 0,size=3145728]} | ret=SUCCESS |  
2019-08-23 02:48:05,960 | INFO  | DNAudit | user=null | ip=null | op=PUT_BLOCK {blockData=[blockId=conID: 2 locID: 102664010850894296 bcsId: 0,size=3145728]} | ret=SUCCESS |  
2019-08-23 02:48:05,960 | INFO  | DNAudit | user=null | ip=null | op=WRITE_CHUNK {blockData=conID: 2 locID: 102664010850894296 bcsId: 1830} | ret=SUCCESS |  
2019-08-23 02:48:05,961 | INFO  | DNAudit | user=null | ip=null | op=PUT_BLOCK {blockData=[blockId=conID: 2 locID: 102664010850894296 bcsId: 0,size=4194304]} | ret=SUCCESS |  
2019-08-23 02:48:05,961 [grpc-default-executor-4] INFO  client.GrpcClientProtocolClient (GrpcClientProtocolClient.java:onNext(255)) - client-B268B4322F32->17750241-545b-4219-93a1-14a6ea3d85be: receive RaftClientReply:client-B268B4322F32->17750241-545b-4219-93a1-14a6ea3d85be@group-C33FBD9556F2, cid=1295, SUCCESS, logIndex=1833, commits[17750241-545b-4219-93a1-14a6ea3d85be:c1834, 4eaaa090-573e-41d3-9f8c-c99e236d806a:c1830, 5f4cf9ee-4bed-49de-adaa-861aec894328:c1830]
2019-08-23 02:48:05,961 [grpc-default-executor-4] INFO  client.GrpcClientProtocolClient (GrpcClientProtocolClient.java:onNext(255)) - client-B268B4322F32->17750241-545b-4219-93a1-14a6ea3d85be: receive RaftClientReply:client-B268B4322F32->17750241-545b-4219-93a1-14a6ea3d85be@group-C33FBD9556F2, cid=1296, SUCCESS, logIndex=1834, commits[17750241-545b-4219-93a1-14a6ea3d85be:c1834, 4eaaa090-573e-41d3-9f8c-c99e236d806a:c1830, 5f4cf9ee-4bed-49de-adaa-861aec894328:c1830]
2019-08-23 02:48:05,974 | INFO  | DNAudit | user=null | ip=null | op=WRITE_CHUNK {blockData=conID: 2 locID: 102664010850894296 bcsId: 1830} | ret=SUCCESS |  
2019-08-23 02:48:05,974 | INFO  | DNAudit | user=null | ip=null | op=WRITE_CHUNK {blockData=conID: 2 locID: 102664010850894296 bcsId: 1830} | ret=SUCCESS |  
2019-08-23 02:48:05,986 | INFO  | DNAudit | user=null | ip=null | op=PUT_BLOCK {blockData=[blockId=conID: 2 locID: 102664010850894296 bcsId: 0,size=4194304]} | ret=SUCCESS |  
2019-08-23 02:48:05,986 | INFO  | DNAudit | user=null | ip=null | op=PUT_BLOCK {blockData=[blockId=conID: 2 locID: 102664010850894296 bcsId: 0,size=4194304]} | ret=SUCCESS |  
2019-08-23 02:48:05,987 [grpc-default-executor-4] INFO  client.GrpcClientProtocolClient (GrpcClientProtocolClient.java:onNext(255)) - client-B268B4322F32->17750241-545b-4219-93a1-14a6ea3d85be: receive RaftClientReply:client-B268B4322F32->17750241-545b-4219-93a1-14a6ea3d85be@group-C33FBD9556F2, cid=1297, SUCCESS, logIndex=0, commits[17750241-545b-4219-93a1-14a6ea3d85be:c1836, 4eaaa090-573e-41d3-9f8c-c99e236d806a:c1834, 5f4cf9ee-4bed-49de-adaa-861aec894328:c1834]
2019-08-23 02:48:05,991 | INFO  | SCMAudit | user=jenkins1000 | ip=192.168.34.22 | op=ALLOCATE_BLOCK {owner=31d65bc3-3f70-45f5-bbc5-e3a15f967ba6, size=4194304, type=RATIS, factor=THREE} | ret=SUCCESS |  
2019-08-23 02:48:05,994 | INFO  | OMAudit | user=jenkins1000 | ip=127.0.0.1 | op=ALLOCATE_BLOCK {volume=vol-0-78052, bucket=bucket-0-33874, key=key-0-20719, dataSize=2147483657, replicationType=RATIS, replicationFactor=THREE, keyLocationInfo=[], clientID=102664010308846034} | ret=SUCCESS |  
2019-08-23 02:48:06,006 | INFO  | DNAudit | user=null | ip=null | op=WRITE_CHUNK {blockData=conID: 3 locID: 102664010857906649 bcsId: 0} | ret=SUCCESS |  
2019-08-23 02:48:06,009 | INFO  | DNAudit | user=null | ip=null | op=WRITE_CHUNK {blockData=conID: 3 locID: 102664010857906649 bcsId: 0} | ret=SUCCESS |  
2019-08-23 02:48:06,009 | INFO  | DNAudit | user=null | ip=null | op=WRITE_CHUNK {blockData=conID: 3 locID: 102664010857906649 bcsId: 0} | ret=SUCCESS |  
2019-08-23 02:48:06,010 | INFO  | DNAudit | user=null | ip=null | op=WRITE_CHUNK {blockData=conID: 3 locID: 102664010857906649 bcsId: 0} | ret=SUCCESS |  
2019-08-23 02:48:06,011 | INFO  | DNAudit | user=null | ip=null | op=WRITE_CHUNK {blockData=conID: 3 locID: 102664010857906649 bcsId: 0} | ret=SUCCESS |  
2019-08-23 02:48:06,012 | INFO  | DNAudit | user=null | ip=null | op=WRITE_CHUNK {blockData=conID: 3 locID: 102664010857906649 bcsId: 0} | ret=SUCCESS |  
2019-08-23 02:48:06,021 | INFO  | DNAudit | user=null | ip=null | op=WRITE_CHUNK {blockData=conID: 3 locID: 102664010857906649 bcsId: 0} | ret=SUCCESS |  
2019-08-23 02:48:06,021 | INFO  | DNAudit | user=null | ip=null | op=PUT_BLOCK {blockData=[blockId=conID: 3 locID: 102664010857906649 bcsId: 0,size=1048576]} | ret=SUCCESS |  
2019-08-23 02:48:06,022 [grpc-default-executor-5] INFO  client.GrpcClientProtocolClient (GrpcClientProtocolClient.java:onNext(255)) - client-B268B4322F32->17750241-545b-4219-93a1-14a6ea3d85be: receive RaftClientReply:client-B268B4322F32->17750241-545b-4219-93a1-14a6ea3d85be@group-C33FBD9556F2, cid=1298, SUCCESS, logIndex=1837, commits[17750241-545b-4219-93a1-14a6ea3d85be:c1838, 4eaaa090-573e-41d3-9f8c-c99e236d806a:c1836, 5f4cf9ee-4bed-49de-adaa-861aec894328:c1836]
2019-08-23 02:48:06,022 [grpc-default-executor-5] INFO  client.GrpcClientProtocolClient (GrpcClientProtocolClient.java:onNext(255)) - client-B268B4322F32->17750241-545b-4219-93a1-14a6ea3d85be: receive RaftClientReply:client-B268B4322F32->17750241-545b-4219-93a1-14a6ea3d85be@group-C33FBD9556F2, cid=1299, SUCCESS, logIndex=1838, commits[17750241-545b-4219-93a1-14a6ea3d85be:c1838, 4eaaa090-573e-41d3-9f8c-c99e236d806a:c1836, 5f4cf9ee-4bed-49de-adaa-861aec894328:c1836]
2019-08-23 02:48:06,030 | INFO  | DNAudit | user=null | ip=null | op=WRITE_CHUNK {blockData=conID: 3 locID: 102664010857906649 bcsId: 0} | ret=SUCCESS |  
2019-08-23 02:48:06,031 | INFO  | DNAudit | user=null | ip=null | op=WRITE_CHUNK {blockData=conID: 3 locID: 102664010857906649 bcsId: 0} | ret=SUCCESS |  
2019-08-23 02:48:06,031 | INFO  | DNAudit | user=null | ip=null | op=PUT_BLOCK {blockData=[blockId=conID: 3 locID: 102664010857906649 bcsId: 0,size=2097152]} | ret=SUCCESS |  
2019-08-23 02:48:06,031 | INFO  | DNAudit | user=null | ip=null | op=PUT_BLOCK {blockData=[blockId=conID: 3 locID: 102664010857906649 bcsId: 0,size=1048576]} | ret=SUCCESS |  
2019-08-23 02:48:06,031 [grpc-default-executor-4] INFO  client.GrpcClientProtocolClient (GrpcClientProtocolClient.java:onNext(255)) - client-B268B4322F32->17750241-545b-4219-93a1-14a6ea3d85be: receive RaftClientReply:client-B268B4322F32->17750241-545b-4219-93a1-14a6ea3d85be@group-C33FBD9556F2, cid=1300, SUCCESS, logIndex=1839, commits[17750241-545b-4219-93a1-14a6ea3d85be:c1840, 4eaaa090-573e-41d3-9f8c-c99e236d806a:c1836, 5f4cf9ee-4bed-49de-adaa-861aec894328:c1836]
2019-08-23 02:48:06,032 [grpc-default-executor-4] INFO  client.GrpcClientProtocolClient (GrpcClientProtocolClient.java:onNext(255)) - client-B268B4322F32->17750241-545b-4219-93a1-14a6ea3d85be: receive RaftClientReply:client-B268B4322F32->17750241-545b-4219-93a1-14a6ea3d85be@group-C33FBD9556F2, cid=1301, SUCCESS, logIndex=1840, commits[17750241-545b-4219-93a1-14a6ea3d85be:c1841, 4eaaa090-573e-41d3-9f8c-c99e236d806a:c1836, 5f4cf9ee-4bed-49de-adaa-861aec894328:c1838]
2019-08-23 02:48:06,032 | INFO  | DNAudit | user=null | ip=null | op=WRITE_CHUNK {blockData=conID: 3 locID: 102664010857906649 bcsId: 0} | ret=SUCCESS |  
2019-08-23 02:48:06,032 | INFO  | DNAudit | user=null | ip=null | op=PUT_BLOCK {blockData=[blockId=conID: 3 locID: 102664010857906649 bcsId: 0,size=2097152]} | ret=SUCCESS |  
2019-08-23 02:48:06,033 | INFO  | DNAudit | user=null | ip=null | op=WRITE_CHUNK {blockData=conID: 3 locID: 102664010857906649 bcsId: 0} | ret=SUCCESS |  
2019-08-23 02:48:06,033 | INFO  | DNAudit | user=null | ip=null | op=PUT_BLOCK {blockData=[blockId=conID: 3 locID: 102664010857906649 bcsId: 0,size=1048576]} | ret=SUCCESS |  
2019-08-23 02:48:06,034 | INFO  | DNAudit | user=null | ip=null | op=WRITE_CHUNK {blockData=conID: 3 locID: 102664010857906649 bcsId: 0} | ret=SUCCESS |  
2019-08-23 02:48:06,034 | INFO  | DNAudit | user=null | ip=null | op=PUT_BLOCK {blockData=[blockId=conID: 3 locID: 102664010857906649 bcsId: 0,size=2097152]} | ret=SUCCESS |  
2019-08-23 02:48:06,034 [grpc-default-executor-5] INFO  client.GrpcClientProtocolClient (GrpcClientProtocolClient.java:onNext(255)) - client-B268B4322F32->17750241-545b-4219-93a1-14a6ea3d85be: receive RaftClientReply:client-B268B4322F32->17750241-545b-4219-93a1-14a6ea3d85be@group-C33FBD9556F2, cid=1302, SUCCESS, logIndex=0, commits[17750241-545b-4219-93a1-14a6ea3d85be:c1843, 4eaaa090-573e-41d3-9f8c-c99e236d806a:c1838, 5f4cf9ee-4bed-49de-adaa-861aec894328:c1840]
2019-08-23 02:48:06,040 | INFO  | DNAudit | user=null | ip=null | op=WRITE_CHUNK {blockData=conID: 3 locID: 102664010857906649 bcsId: 1840} | ret=SUCCESS |  
2019-08-23 02:48:06,043 | INFO  | DNAudit | user=null | ip=null | op=WRITE_CHUNK {blockData=conID: 3 locID: 102664010857906649 bcsId: 1840} | ret=SUCCESS |  
2019-08-23 02:48:06,043 | INFO  | DNAudit | user=null | ip=null | op=WRITE_CHUNK {blockData=conID: 3 locID: 102664010857906649 bcsId: 1840} | ret=SUCCESS |  
2019-08-23 02:48:06,045 | INFO  | DNAudit | user=null | ip=null | op=WRITE_CHUNK {blockData=conID: 3 locID: 102664010857906649 bcsId: 1840} | ret=SUCCESS |  
2019-08-23 02:48:06,045 | INFO  | DNAudit | user=null | ip=null | op=PUT_BLOCK {blockData=[blockId=conID: 3 locID: 102664010857906649 bcsId: 0,size=3145728]} | ret=SUCCESS |  
2019-08-23 02:48:06,045 [grpc-default-executor-4] INFO  client.GrpcClientProtocolClient (GrpcClientProtocolClient.java:onNext(255)) - client-B268B4322F32->17750241-545b-4219-93a1-14a6ea3d85be: receive RaftClientReply:client-B268B4322F32->17750241-545b-4219-93a1-14a6ea3d85be@group-C33FBD9556F2, cid=1303, SUCCESS, logIndex=1844, commits[17750241-545b-4219-93a1-14a6ea3d85be:c1845, 4eaaa090-573e-41d3-9f8c-c99e236d806a:c1840, 5f4cf9ee-4bed-49de-adaa-861aec894328:c1843]
2019-08-23 02:48:06,046 [grpc-default-executor-4] INFO  client.GrpcClientProtocolClient (GrpcClientProtocolClient.java:onNext(255)) - client-B268B4322F32->17750241-545b-4219-93a1-14a6ea3d85be: receive RaftClientReply:client-B268B4322F32->17750241-545b-4219-93a1-14a6ea3d85be@group-C33FBD9556F2, cid=1304, SUCCESS, logIndex=1845, commits[17750241-545b-4219-93a1-14a6ea3d85be:c1845, 4eaaa090-573e-41d3-9f8c-c99e236d806a:c1843, 5f4cf9ee-4bed-49de-adaa-861aec894328:c1843]
2019-08-23 02:48:06,048 | INFO  | DNAudit | user=null | ip=null | op=WRITE_CHUNK {blockData=conID: 3 locID: 102664010857906649 bcsId: 1840} | ret=SUCCESS |  
2019-08-23 02:48:06,049 | INFO  | DNAudit | user=null | ip=null | op=WRITE_CHUNK {blockData=conID: 3 locID: 102664010857906649 bcsId: 1840} | ret=SUCCESS |  
2019-08-23 02:48:06,050 | INFO  | DNAudit | user=null | ip=null | op=PUT_BLOCK {blockData=[blockId=conID: 3 locID: 102664010857906649 bcsId: 0,size=3145728]} | ret=SUCCESS |  
2019-08-23 02:48:06,051 | INFO  | DNAudit | user=null | ip=null | op=PUT_BLOCK {blockData=[blockId=conID: 3 locID: 102664010857906649 bcsId: 0,size=3145728]} | ret=SUCCESS |  
2019-08-23 02:48:06,052 | INFO  | DNAudit | user=null | ip=null | op=WRITE_CHUNK {blockData=conID: 3 locID: 102664010857906649 bcsId: 1845} | ret=SUCCESS |  
2019-08-23 02:48:06,055 | INFO  | DNAudit | user=null | ip=null | op=WRITE_CHUNK {blockData=conID: 3 locID: 102664010857906649 bcsId: 1845} | ret=SUCCESS |  
2019-08-23 02:48:06,055 | INFO  | DNAudit | user=null | ip=null | op=WRITE_CHUNK {blockData=conID: 3 locID: 102664010857906649 bcsId: 1845} | ret=SUCCESS |  
2019-08-23 02:48:06,057 | INFO  | DNAudit | user=null | ip=null | op=WRITE_CHUNK {blockData=conID: 3 locID: 102664010857906649 bcsId: 1845} | ret=SUCCESS |  
2019-08-23 02:48:06,057 | INFO  | DNAudit | user=null | ip=null | op=PUT_BLOCK {blockData=[blockId=conID: 3 locID: 102664010857906649 bcsId: 0,size=4194304]} | ret=SUCCESS |  
2019-08-23 02:48:06,058 [grpc-default-executor-5] INFO  client.GrpcClientProtocolClient (GrpcClientProtocolClient.java:onNext(255)) - client-B268B4322F32->17750241-545b-4219-93a1-14a6ea3d85be: receive RaftClientReply:client-B268B4322F32->17750241-545b-4219-93a1-14a6ea3d85be@group-C33FBD9556F2, cid=1305, SUCCESS, logIndex=1848, commits[17750241-545b-4219-93a1-14a6ea3d85be:c1849, 4eaaa090-573e-41d3-9f8c-c99e236d806a:c1847, 5f4cf9ee-4bed-49de-adaa-861aec894328:c1847]
2019-08-23 02:48:06,058 [grpc-default-executor-5] INFO  client.GrpcClientProtocolClient (GrpcClientProtocolClient.java:onNext(255)) - client-B268B4322F32->17750241-545b-4219-93a1-14a6ea3d85be: receive RaftClientReply:client-B268B4322F32->17750241-545b-4219-93a1-14a6ea3d85be@group-C33FBD9556F2, cid=1306, SUCCESS, logIndex=1849, commits[17750241-545b-4219-93a1-14a6ea3d85be:c1849, 4eaaa090-573e-41d3-9f8c-c99e236d806a:c1847, 5f4cf9ee-4bed-49de-adaa-861aec894328:c1847]
2019-08-23 02:48:06,060 | INFO  | DNAudit | user=null | ip=null | op=WRITE_CHUNK {blockData=conID: 3 locID: 102664010857906649 bcsId: 1845} | ret=SUCCESS |  
2019-08-23 02:48:06,060 | INFO  | DNAudit | user=null | ip=null | op=WRITE_CHUNK {blockData=conID: 3 locID: 102664010857906649 bcsId: 1845} | ret=SUCCESS |  
2019-08-23 02:48:06,060 | INFO  | DNAudit | user=null | ip=null | op=PUT_BLOCK {blockData=[blockId=conID: 3 locID: 102664010857906649 bcsId: 0,size=4194304]} | ret=SUCCESS |  
2019-08-23 02:48:06,060 | INFO  | DNAudit | user=null | ip=null | op=PUT_BLOCK {blockData=[blockId=conID: 3 locID: 102664010857906649 bcsId: 0,size=4194304]} | ret=SUCCESS |  
2019-08-23 02:48:06,060 [grpc-default-executor-5] INFO  client.GrpcClientProtocolClient (GrpcClientProtocolClient.java:onNext(255)) - client-B268B4322F32->17750241-545b-4219-93a1-14a6ea3d85be: receive RaftClientReply:client-B268B4322F32->17750241-545b-4219-93a1-14a6ea3d85be@group-C33FBD9556F2, cid=1307, SUCCESS, logIndex=0, commits[17750241-545b-4219-93a1-14a6ea3d85be:c1850, 4eaaa090-573e-41d3-9f8c-c99e236d806a:c1849, 5f4cf9ee-4bed-49de-adaa-861aec894328:c1849]
2019-08-23 02:48:06,063 | INFO  | SCMAudit | user=jenkins1000 | ip=192.168.34.22 | op=ALLOCATE_BLOCK {owner=31d65bc3-3f70-45f5-bbc5-e3a15f967ba6, size=4194304, type=RATIS, factor=THREE} | ret=SUCCESS |  
2019-08-23 02:48:06,067 | INFO  | OMAudit | user=jenkins1000 | ip=127.0.0.1 | op=ALLOCATE_BLOCK {volume=vol-0-78052, bucket=bucket-0-33874, key=key-0-20719, dataSize=2147483657, replicationType=RATIS, replicationFactor=THREE, keyLocationInfo=[], clientID=102664010308846034} | ret=SUCCESS |  
2019-08-23 02:48:06,076 | INFO  | DNAudit | user=null | ip=null | op=WRITE_CHUNK {blockData=conID: 1 locID: 102664010862625242 bcsId: 0} | ret=SUCCESS |  
2019-08-23 02:48:06,080 | INFO  | DNAudit | user=null | ip=null | op=WRITE_CHUNK {blockData=conID: 1 locID: 102664010862625242 bcsId: 0} | ret=SUCCESS |  
2019-08-23 02:48:06,080 | INFO  | DNAudit | user=null | ip=null | op=WRITE_CHUNK {blockData=conID: 1 locID: 102664010862625242 bcsId: 0} | ret=SUCCESS |  
2019-08-23 02:48:06,080 | INFO  | DNAudit | user=null | ip=null | op=WRITE_CHUNK {blockData=conID: 1 locID: 102664010862625242 bcsId: 0} | ret=SUCCESS |  
2019-08-23 02:48:06,081 | INFO  | DNAudit | user=null | ip=null | op=WRITE_CHUNK {blockData=conID: 1 locID: 102664010862625242 bcsId: 0} | ret=SUCCESS |  
2019-08-23 02:48:06,081 | INFO  | DNAudit | user=null | ip=null | op=WRITE_CHUNK {blockData=conID: 1 locID: 102664010862625242 bcsId: 0} | ret=SUCCESS |  
2019-08-23 02:48:06,083 | INFO  | DNAudit | user=null | ip=null | op=WRITE_CHUNK {blockData=conID: 1 locID: 102664010862625242 bcsId: 0} | ret=SUCCESS |  
2019-08-23 02:48:06,083 | INFO  | DNAudit | user=null | ip=null | op=PUT_BLOCK {blockData=[blockId=conID: 1 locID: 102664010862625242 bcsId: 0,size=1048576]} | ret=SUCCESS |  
2019-08-23 02:48:06,083 [grpc-default-executor-5] INFO  client.GrpcClientProtocolClient (GrpcClientProtocolClient.java:onNext(255)) - client-B268B4322F32->17750241-545b-4219-93a1-14a6ea3d85be: receive RaftClientReply:client-B268B4322F32->17750241-545b-4219-93a1-14a6ea3d85be@group-C33FBD9556F2, cid=1308, SUCCESS, logIndex=1852, commits[17750241-545b-4219-93a1-14a6ea3d85be:c1855, 4eaaa090-573e-41d3-9f8c-c99e236d806a:c1851, 5f4cf9ee-4bed-49de-adaa-861aec894328:c1849]
2019-08-23 02:48:06,084 | INFO  | DNAudit | user=null | ip=null | op=WRITE_CHUNK {blockData=conID: 1 locID: 102664010862625242 bcsId: 0} | ret=SUCCESS |  
2019-08-23 02:48:06,084 [grpc-default-executor-5] INFO  client.GrpcClientProtocolClient (GrpcClientProtocolClient.java:onNext(255)) - client-B268B4322F32->17750241-545b-4219-93a1-14a6ea3d85be: receive RaftClientReply:client-B268B4322F32->17750241-545b-4219-93a1-14a6ea3d85be@group-C33FBD9556F2, cid=1309, SUCCESS, logIndex=1853, commits[17750241-545b-4219-93a1-14a6ea3d85be:c1855, 4eaaa090-573e-41d3-9f8c-c99e236d806a:c1851, 5f4cf9ee-4bed-49de-adaa-861aec894328:c1851]
2019-08-23 02:48:06,084 | INFO  | DNAudit | user=null | ip=null | op=WRITE_CHUNK {blockData=conID: 1 locID: 102664010862625242 bcsId: 0} | ret=SUCCESS |  
2019-08-23 02:48:06,084 | INFO  | DNAudit | user=null | ip=null | op=PUT_BLOCK {blockData=[blockId=conID: 1 locID: 102664010862625242 bcsId: 0,size=2097152]} | ret=SUCCESS |  
2019-08-23 02:48:06,084 [grpc-default-executor-5] INFO  client.GrpcClientProtocolClient (GrpcClientProtocolClient.java:onNext(255)) - client-B268B4322F32->17750241-545b-4219-93a1-14a6ea3d85be: receive RaftClientReply:client-B268B4322F32->17750241-545b-4219-93a1-14a6ea3d85be@group-C33FBD9556F2, cid=1310, SUCCESS, logIndex=1854, commits[17750241-545b-4219-93a1-14a6ea3d85be:c1855, 4eaaa090-573e-41d3-9f8c-c99e236d806a:c1851, 5f4cf9ee-4bed-49de-adaa-861aec894328:c1851]
2019-08-23 02:48:06,085 [grpc-default-executor-5] INFO  client.GrpcClientProtocolClient (GrpcClientProtocolClient.java:onNext(255)) - client-B268B4322F32->17750241-545b-4219-93a1-14a6ea3d85be: receive RaftClientReply:client-B268B4322F32->17750241-545b-4219-93a1-14a6ea3d85be@group-C33FBD9556F2, cid=1311, SUCCESS, logIndex=1855, commits[17750241-545b-4219-93a1-14a6ea3d85be:c1856, 4eaaa090-573e-41d3-9f8c-c99e236d806a:c1852, 5f4cf9ee-4bed-49de-adaa-861aec894328:c1851]
2019-08-23 02:48:06,087 | INFO  | DNAudit | user=null | ip=null | op=WRITE_CHUNK {blockData=conID: 1 locID: 102664010862625242 bcsId: 0} | ret=SUCCESS |  
2019-08-23 02:48:06,087 | INFO  | DNAudit | user=null | ip=null | op=PUT_BLOCK {blockData=[blockId=conID: 1 locID: 102664010862625242 bcsId: 0,size=1048576]} | ret=SUCCESS |  
2019-08-23 02:48:06,096 | INFO  | DNAudit | user=null | ip=null | op=PUT_BLOCK {blockData=[blockId=conID: 1 locID: 102664010862625242 bcsId: 0,size=1048576]} | ret=SUCCESS |  
2019-08-23 02:48:06,096 | INFO  | DNAudit | user=null | ip=null | op=WRITE_CHUNK {blockData=conID: 1 locID: 102664010862625242 bcsId: 0} | ret=SUCCESS |  
2019-08-23 02:48:06,096 | INFO  | DNAudit | user=null | ip=null | op=PUT_BLOCK {blockData=[blockId=conID: 1 locID: 102664010862625242 bcsId: 0,size=2097152]} | ret=SUCCESS |  
2019-08-23 02:48:06,096 | INFO  | DNAudit | user=null | ip=null | op=WRITE_CHUNK {blockData=conID: 1 locID: 102664010862625242 bcsId: 0} | ret=SUCCESS |  
2019-08-23 02:48:06,096 [grpc-default-executor-1] INFO  client.GrpcClientProtocolClient (GrpcClientProtocolClient.java:onNext(255)) - client-B268B4322F32->17750241-545b-4219-93a1-14a6ea3d85be: receive RaftClientReply:client-B268B4322F32->17750241-545b-4219-93a1-14a6ea3d85be@group-C33FBD9556F2, cid=1312, SUCCESS, logIndex=0, commits[17750241-545b-4219-93a1-14a6ea3d85be:c1857, 4eaaa090-573e-41d3-9f8c-c99e236d806a:c1854, 5f4cf9ee-4bed-49de-adaa-861aec894328:c1853]
2019-08-23 02:48:06,097 | INFO  | DNAudit | user=null | ip=null | op=PUT_BLOCK {blockData=[blockId=conID: 1 locID: 102664010862625242 bcsId: 0,size=2097152]} | ret=SUCCESS |  
2019-08-23 02:48:06,102 | INFO  | DNAudit | user=null | ip=null | op=WRITE_CHUNK {blockData=conID: 1 locID: 102664010862625242 bcsId: 1855} | ret=SUCCESS |  
2019-08-23 02:48:06,105 | INFO  | DNAudit | user=null | ip=null | op=WRITE_CHUNK {blockData=conID: 1 locID: 102664010862625242 bcsId: 1855} | ret=SUCCESS |  
2019-08-23 02:48:06,105 | INFO  | DNAudit | user=null | ip=null | op=WRITE_CHUNK {blockData=conID: 1 locID: 102664010862625242 bcsId: 1855} | ret=SUCCESS |  
2019-08-23 02:48:06,107 | INFO  | DNAudit | user=null | ip=null | op=WRITE_CHUNK {blockData=conID: 1 locID: 102664010862625242 bcsId: 1855} | ret=SUCCESS |  
2019-08-23 02:48:06,108 | INFO  | DNAudit | user=null | ip=null | op=PUT_BLOCK {blockData=[blockId=conID: 1 locID: 102664010862625242 bcsId: 0,size=3145728]} | ret=SUCCESS |  
2019-08-23 02:48:06,108 [grpc-default-executor-5] INFO  client.GrpcClientProtocolClient (GrpcClientProtocolClient.java:onNext(255)) - client-B268B4322F32->17750241-545b-4219-93a1-14a6ea3d85be: receive RaftClientReply:client-B268B4322F32->17750241-545b-4219-93a1-14a6ea3d85be@group-C33FBD9556F2, cid=1313, SUCCESS, logIndex=1860, commits[17750241-545b-4219-93a1-14a6ea3d85be:c1861, 4eaaa090-573e-41d3-9f8c-c99e236d806a:c1859, 5f4cf9ee-4bed-49de-adaa-861aec894328:c1859]
2019-08-23 02:48:06,108 [grpc-default-executor-5] INFO  client.GrpcClientProtocolClient (GrpcClientProtocolClient.java:onNext(255)) - client-B268B4322F32->17750241-545b-4219-93a1-14a6ea3d85be: receive RaftClientReply:client-B268B4322F32->17750241-545b-4219-93a1-14a6ea3d85be@group-C33FBD9556F2, cid=1314, SUCCESS, logIndex=1861, commits[17750241-545b-4219-93a1-14a6ea3d85be:c1861, 4eaaa090-573e-41d3-9f8c-c99e236d806a:c1859, 5f4cf9ee-4bed-49de-adaa-861aec894328:c1859]
2019-08-23 02:48:06,110 | INFO  | DNAudit | user=null | ip=null | op=WRITE_CHUNK {blockData=conID: 1 locID: 102664010862625242 bcsId: 1855} | ret=SUCCESS |  
2019-08-23 02:48:06,111 | INFO  | DNAudit | user=null | ip=null | op=WRITE_CHUNK {blockData=conID: 1 locID: 102664010862625242 bcsId: 1855} | ret=SUCCESS |  
2019-08-23 02:48:06,111 | INFO  | DNAudit | user=null | ip=null | op=PUT_BLOCK {blockData=[blockId=conID: 1 locID: 102664010862625242 bcsId: 0,size=3145728]} | ret=SUCCESS |  
2019-08-23 02:48:06,111 | INFO  | DNAudit | user=null | ip=null | op=PUT_BLOCK {blockData=[blockId=conID: 1 locID: 102664010862625242 bcsId: 0,size=3145728]} | ret=SUCCESS |  
2019-08-23 02:48:06,114 | INFO  | DNAudit | user=null | ip=null | op=WRITE_CHUNK {blockData=conID: 1 locID: 102664010862625242 bcsId: 1861} | ret=SUCCESS |  
2019-08-23 02:48:06,117 | INFO  | DNAudit | user=null | ip=null | op=WRITE_CHUNK {blockData=conID: 1 locID: 102664010862625242 bcsId: 1861} | ret=SUCCESS |  
2019-08-23 02:48:06,117 | INFO  | DNAudit | user=null | ip=null | op=WRITE_CHUNK {blockData=conID: 1 locID: 102664010862625242 bcsId: 1861} | ret=SUCCESS |  
2019-08-23 02:48:06,155 | INFO  | DNAudit | user=null | ip=null | op=WRITE_CHUNK {blockData=conID: 1 locID: 102664010862625242 bcsId: 1861} | ret=SUCCESS |  
2019-08-23 02:48:06,155 | INFO  | DNAudit | user=null | ip=null | op=PUT_BLOCK {blockData=[blockId=conID: 1 locID: 102664010862625242 bcsId: 0,size=4194304]} | ret=SUCCESS |  
2019-08-23 02:48:06,155 [grpc-default-executor-5] INFO  client.GrpcClientProtocolClient (GrpcClientProtocolClient.java:onNext(255)) - client-B268B4322F32->17750241-545b-4219-93a1-14a6ea3d85be: receive RaftClientReply:client-B268B4322F32->17750241-545b-4219-93a1-14a6ea3d85be@group-C33FBD9556F2, cid=1315, SUCCESS, logIndex=1864, commits[17750241-545b-4219-93a1-14a6ea3d85be:c1865, 4eaaa090-573e-41d3-9f8c-c99e236d806a:c1863, 5f4cf9ee-4bed-49de-adaa-861aec894328:c1863]
2019-08-23 02:48:06,156 [grpc-default-executor-5] INFO  client.GrpcClientProtocolClient (GrpcClientProtocolClient.java:onNext(255)) - client-B268B4322F32->17750241-545b-4219-93a1-14a6ea3d85be: receive RaftClientReply:client-B268B4322F32->17750241-545b-4219-93a1-14a6ea3d85be@group-C33FBD9556F2, cid=1316, SUCCESS, logIndex=1865, commits[17750241-545b-4219-93a1-14a6ea3d85be:c1865, 4eaaa090-573e-41d3-9f8c-c99e236d806a:c1863, 5f4cf9ee-4bed-49de-adaa-861aec894328:c1863]
2019-08-23 02:48:06,164 | INFO  | DNAudit | user=null | ip=null | op=WRITE_CHUNK {blockData=conID: 1 locID: 102664010862625242 bcsId: 1861} | ret=SUCCESS |  
2019-08-23 02:48:06,165 | INFO  | DNAudit | user=null | ip=null | op=WRITE_CHUNK {blockData=conID: 1 locID: 102664010862625242 bcsId: 1861} | ret=SUCCESS |  
2019-08-23 02:48:06,165 | INFO  | DNAudit | user=null | ip=null | op=PUT_BLOCK {blockData=[blockId=conID: 1 locID: 102664010862625242 bcsId: 0,size=4194304]} | ret=SUCCESS |  
2019-08-23 02:48:06,165 | INFO  | DNAudit | user=null | ip=null | op=PUT_BLOCK {blockData=[blockId=conID: 1 locID: 102664010862625242 bcsId: 0,size=4194304]} | ret=SUCCESS |  
2019-08-23 02:48:06,165 [grpc-default-executor-5] INFO  client.GrpcClientProtocolClient (GrpcClientProtocolClient.java:onNext(255)) - client-B268B4322F32->17750241-545b-4219-93a1-14a6ea3d85be: receive RaftClientReply:client-B268B4322F32->17750241-545b-4219-93a1-14a6ea3d85be@group-C33FBD9556F2, cid=1317, SUCCESS, logIndex=0, commits[17750241-545b-4219-93a1-14a6ea3d85be:c1866, 4eaaa090-573e-41d3-9f8c-c99e236d806a:c1865, 5f4cf9ee-4bed-49de-adaa-861aec894328:c1865]
2019-08-23 02:48:06,168 | INFO  | SCMAudit | user=jenkins1000 | ip=192.168.34.22 | op=ALLOCATE_BLOCK {owner=31d65bc3-3f70-45f5-bbc5-e3a15f967ba6, size=4194304, type=RATIS, factor=THREE} | ret=SUCCESS |  
2019-08-23 02:48:06,170 | INFO  | OMAudit | user=jenkins1000 | ip=127.0.0.1 | op=ALLOCATE_BLOCK {volume=vol-0-78052, bucket=bucket-0-33874, key=key-0-20719, dataSize=2147483657, replicationType=RATIS, replicationFactor=THREE, keyLocationInfo=[], clientID=102664010308846034} | ret=SUCCESS |  
2019-08-23 02:48:06,180 | INFO  | DNAudit | user=null | ip=null | op=WRITE_CHUNK {blockData=conID: 2 locID: 102664010869506523 bcsId: 0} | ret=SUCCESS |  
2019-08-23 02:48:06,184 | INFO  | DNAudit | user=null | ip=null | op=WRITE_CHUNK {blockData=conID: 2 locID: 102664010869506523 bcsId: 0} | ret=SUCCESS |  
2019-08-23 02:48:06,185 | INFO  | DNAudit | user=null | ip=null | op=WRITE_CHUNK {blockData=conID: 2 locID: 102664010869506523 bcsId: 0} | ret=SUCCESS |  
2019-08-23 02:48:06,187 | INFO  | DNAudit | user=null | ip=null | op=WRITE_CHUNK {blockData=conID: 2 locID: 102664010869506523 bcsId: 0} | ret=SUCCESS |  
2019-08-23 02:48:06,190 | INFO  | DNAudit | user=null | ip=null | op=WRITE_CHUNK {blockData=conID: 2 locID: 102664010869506523 bcsId: 0} | ret=SUCCESS |  
2019-08-23 02:48:06,190 | INFO  | DNAudit | user=null | ip=null | op=WRITE_CHUNK {blockData=conID: 2 locID: 102664010869506523 bcsId: 0} | ret=SUCCESS |  
2019-08-23 02:48:06,195 | INFO  | DNAudit | user=null | ip=null | op=WRITE_CHUNK {blockData=conID: 2 locID: 102664010869506523 bcsId: 0} | ret=SUCCESS |  
2019-08-23 02:48:06,195 | INFO  | DNAudit | user=null | ip=null | op=PUT_BLOCK {blockData=[blockId=conID: 2 locID: 102664010869506523 bcsId: 0,size=1048576]} | ret=SUCCESS |  
2019-08-23 02:48:06,196 | INFO  | DNAudit | user=null | ip=null | op=WRITE_CHUNK {blockData=conID: 2 locID: 102664010869506523 bcsId: 0} | ret=SUCCESS |  
2019-08-23 02:48:06,196 | INFO  | DNAudit | user=null | ip=null | op=PUT_BLOCK {blockData=[blockId=conID: 2 locID: 102664010869506523 bcsId: 0,size=2097152]} | ret=SUCCESS |  
2019-08-23 02:48:06,196 | INFO  | DNAudit | user=null | ip=null | op=WRITE_CHUNK {blockData=conID: 2 locID: 102664010869506523 bcsId: 0} | ret=SUCCESS |  
2019-08-23 02:48:06,196 [grpc-default-executor-4] INFO  client.GrpcClientProtocolClient (GrpcClientProtocolClient.java:onNext(255)) - client-B268B4322F32->17750241-545b-4219-93a1-14a6ea3d85be: receive RaftClientReply:client-B268B4322F32->17750241-545b-4219-93a1-14a6ea3d85be@group-C33FBD9556F2, cid=1318, SUCCESS, logIndex=1868, commits[17750241-545b-4219-93a1-14a6ea3d85be:c1869, 4eaaa090-573e-41d3-9f8c-c99e236d806a:c1867, 5f4cf9ee-4bed-49de-adaa-861aec894328:c1867]
2019-08-23 02:48:06,197 | INFO  | DNAudit | user=null | ip=null | op=WRITE_CHUNK {blockData=conID: 2 locID: 102664010869506523 bcsId: 0} | ret=SUCCESS |  
2019-08-23 02:48:06,198 [grpc-default-executor-1] INFO  client.GrpcClientProtocolClient (GrpcClientProtocolClient.java:onNext(255)) - client-B268B4322F32->17750241-545b-4219-93a1-14a6ea3d85be: receive RaftClientReply:client-B268B4322F32->17750241-545b-4219-93a1-14a6ea3d85be@group-C33FBD9556F2, cid=1319, SUCCESS, logIndex=1869, commits[17750241-545b-4219-93a1-14a6ea3d85be:c1871, 4eaaa090-573e-41d3-9f8c-c99e236d806a:c1867, 5f4cf9ee-4bed-49de-adaa-861aec894328:c1867]
2019-08-23 02:48:06,198 [grpc-default-executor-1] INFO  client.GrpcClientProtocolClient (GrpcClientProtocolClient.java:onNext(255)) - client-B268B4322F32->17750241-545b-4219-93a1-14a6ea3d85be: receive RaftClientReply:client-B268B4322F32->17750241-545b-4219-93a1-14a6ea3d85be@group-C33FBD9556F2, cid=1320, SUCCESS, logIndex=1870, commits[17750241-545b-4219-93a1-14a6ea3d85be:c1871, 4eaaa090-573e-41d3-9f8c-c99e236d806a:c1867, 5f4cf9ee-4bed-49de-adaa-861aec894328:c1867]
2019-08-23 02:48:06,199 | INFO  | DNAudit | user=null | ip=null | op=PUT_BLOCK {blockData=[blockId=conID: 2 locID: 102664010869506523 bcsId: 0,size=1048576]} | ret=SUCCESS |  
2019-08-23 02:48:06,199 [grpc-default-executor-1] INFO  client.GrpcClientProtocolClient (GrpcClientProtocolClient.java:onNext(255)) - client-B268B4322F32->17750241-545b-4219-93a1-14a6ea3d85be: receive RaftClientReply:client-B268B4322F32->17750241-545b-4219-93a1-14a6ea3d85be@group-C33FBD9556F2, cid=1321, SUCCESS, logIndex=1871, commits[17750241-545b-4219-93a1-14a6ea3d85be:c1871, 4eaaa090-573e-41d3-9f8c-c99e236d806a:c1867, 5f4cf9ee-4bed-49de-adaa-861aec894328:c1867]
2019-08-23 02:48:06,199 | INFO  | DNAudit | user=null | ip=null | op=WRITE_CHUNK {blockData=conID: 2 locID: 102664010869506523 bcsId: 0} | ret=SUCCESS |  
2019-08-23 02:48:06,199 | INFO  | DNAudit | user=null | ip=null | op=PUT_BLOCK {blockData=[blockId=conID: 2 locID: 102664010869506523 bcsId: 0,size=2097152]} | ret=SUCCESS |  
2019-08-23 02:48:06,209 | INFO  | DNAudit | user=null | ip=null | op=PUT_BLOCK {blockData=[blockId=conID: 2 locID: 102664010869506523 bcsId: 0,size=1048576]} | ret=SUCCESS |  
2019-08-23 02:48:06,210 | INFO  | DNAudit | user=null | ip=null | op=WRITE_CHUNK {blockData=conID: 2 locID: 102664010869506523 bcsId: 0} | ret=SUCCESS |  
2019-08-23 02:48:06,210 | INFO  | DNAudit | user=null | ip=null | op=PUT_BLOCK {blockData=[blockId=conID: 2 locID: 102664010869506523 bcsId: 0,size=2097152]} | ret=SUCCESS |  
2019-08-23 02:48:06,211 [grpc-default-executor-1] INFO  client.GrpcClientProtocolClient (GrpcClientProtocolClient.java:onNext(255)) - client-B268B4322F32->17750241-545b-4219-93a1-14a6ea3d85be: receive RaftClientReply:client-B268B4322F32->17750241-545b-4219-93a1-14a6ea3d85be@group-C33FBD9556F2, cid=1322, SUCCESS, logIndex=0, commits[17750241-545b-4219-93a1-14a6ea3d85be:c1874, 4eaaa090-573e-41d3-9f8c-c99e236d806a:c1871, 5f4cf9ee-4bed-49de-adaa-861aec894328:c1869]
2019-08-23 02:48:06,220 | INFO  | DNAudit | user=null | ip=null | op=WRITE_CHUNK {blockData=conID: 2 locID: 102664010869506523 bcsId: 1871} | ret=SUCCESS |  
2019-08-23 02:48:06,223 | INFO  | DNAudit | user=null | ip=null | op=WRITE_CHUNK {blockData=conID: 2 locID: 102664010869506523 bcsId: 1871} | ret=SUCCESS |  
2019-08-23 02:48:06,223 | INFO  | DNAudit | user=null | ip=null | op=WRITE_CHUNK {blockData=conID: 2 locID: 102664010869506523 bcsId: 1871} | ret=SUCCESS |  
2019-08-23 02:48:06,233 | INFO  | DNAudit | user=null | ip=null | op=WRITE_CHUNK {blockData=conID: 2 locID: 102664010869506523 bcsId: 1871} | ret=SUCCESS |  
2019-08-23 02:48:06,233 | INFO  | DNAudit | user=null | ip=null | op=PUT_BLOCK {blockData=[blockId=conID: 2 locID: 102664010869506523 bcsId: 0,size=3145728]} | ret=SUCCESS |  
2019-08-23 02:48:06,233 [grpc-default-executor-1] INFO  client.GrpcClientProtocolClient (GrpcClientProtocolClient.java:onNext(255)) - client-B268B4322F32->17750241-545b-4219-93a1-14a6ea3d85be: receive RaftClientReply:client-B268B4322F32->17750241-545b-4219-93a1-14a6ea3d85be@group-C33FBD9556F2, cid=1323, SUCCESS, logIndex=1876, commits[17750241-545b-4219-93a1-14a6ea3d85be:c1877, 4eaaa090-573e-41d3-9f8c-c99e236d806a:c1875, 5f4cf9ee-4bed-49de-adaa-861aec894328:c1875]
2019-08-23 02:48:06,237 [grpc-default-executor-1] INFO  client.GrpcClientProtocolClient (GrpcClientProtocolClient.java:onNext(255)) - client-B268B4322F32->17750241-545b-4219-93a1-14a6ea3d85be: receive RaftClientReply:client-B268B4322F32->17750241-545b-4219-93a1-14a6ea3d85be@group-C33FBD9556F2, cid=1324, SUCCESS, logIndex=1877, commits[17750241-545b-4219-93a1-14a6ea3d85be:c1877, 4eaaa090-573e-41d3-9f8c-c99e236d806a:c1875, 5f4cf9ee-4bed-49de-adaa-861aec894328:c1875]
2019-08-23 02:48:06,245 | INFO  | DNAudit | user=null | ip=null | op=WRITE_CHUNK {blockData=conID: 2 locID: 102664010869506523 bcsId: 1877} | ret=SUCCESS |  
2019-08-23 02:48:06,246 | INFO  | DNAudit | user=null | ip=null | op=WRITE_CHUNK {blockData=conID: 2 locID: 102664010869506523 bcsId: 1871} | ret=SUCCESS |  
2019-08-23 02:48:06,246 | INFO  | DNAudit | user=null | ip=null | op=WRITE_CHUNK {blockData=conID: 2 locID: 102664010869506523 bcsId: 1871} | ret=SUCCESS |  
2019-08-23 02:48:06,246 | INFO  | DNAudit | user=null | ip=null | op=PUT_BLOCK {blockData=[blockId=conID: 2 locID: 102664010869506523 bcsId: 0,size=3145728]} | ret=SUCCESS |  
2019-08-23 02:48:06,246 | INFO  | DNAudit | user=null | ip=null | op=PUT_BLOCK {blockData=[blockId=conID: 2 locID: 102664010869506523 bcsId: 0,size=3145728]} | ret=SUCCESS |  
2019-08-23 02:48:06,248 | INFO  | DNAudit | user=null | ip=null | op=WRITE_CHUNK {blockData=conID: 2 locID: 102664010869506523 bcsId: 1877} | ret=SUCCESS |  
2019-08-23 02:48:06,248 | INFO  | DNAudit | user=null | ip=null | op=WRITE_CHUNK {blockData=conID: 2 locID: 102664010869506523 bcsId: 1877} | ret=SUCCESS |  
2019-08-23 02:48:06,270 | INFO  | DNAudit | user=null | ip=null | op=WRITE_CHUNK {blockData=conID: 2 locID: 102664010869506523 bcsId: 1877} | ret=SUCCESS |  
2019-08-23 02:48:06,270 | INFO  | DNAudit | user=null | ip=null | op=PUT_BLOCK {blockData=[blockId=conID: 2 locID: 102664010869506523 bcsId: 0,size=4194304]} | ret=SUCCESS |  
2019-08-23 02:48:06,270 [grpc-default-executor-4] INFO  client.GrpcClientProtocolClient (GrpcClientProtocolClient.java:onNext(255)) - client-B268B4322F32->17750241-545b-4219-93a1-14a6ea3d85be: receive RaftClientReply:client-B268B4322F32->17750241-545b-4219-93a1-14a6ea3d85be@group-C33FBD9556F2, cid=1325, SUCCESS, logIndex=1880, commits[17750241-545b-4219-93a1-14a6ea3d85be:c1881, 4eaaa090-573e-41d3-9f8c-c99e236d806a:c1877, 5f4cf9ee-4bed-49de-adaa-861aec894328:c1877]
2019-08-23 02:48:06,271 [grpc-default-executor-4] INFO  client.GrpcClientProtocolClient (GrpcClientProtocolClient.java:onNext(255)) - client-B268B4322F32->17750241-545b-4219-93a1-14a6ea3d85be: receive RaftClientReply:client-B268B4322F32->17750241-545b-4219-93a1-14a6ea3d85be@group-C33FBD9556F2, cid=1326, SUCCESS, logIndex=1881, commits[17750241-545b-4219-93a1-14a6ea3d85be:c1881, 4eaaa090-573e-41d3-9f8c-c99e236d806a:c1877, 5f4cf9ee-4bed-49de-adaa-861aec894328:c1877]
2019-08-23 02:48:06,280 | INFO  | DNAudit | user=null | ip=null | op=WRITE_CHUNK {blockData=conID: 2 locID: 102664010869506523 bcsId: 1877} | ret=SUCCESS |  
2019-08-23 02:48:06,280 | INFO  | DNAudit | user=null | ip=null | op=WRITE_CHUNK {blockData=conID: 2 locID: 102664010869506523 bcsId: 1877} | ret=SUCCESS |  
2019-08-23 02:48:06,280 | INFO  | DNAudit | user=null | ip=null | op=PUT_BLOCK {blockData=[blockId=conID: 2 locID: 102664010869506523 bcsId: 0,size=4194304]} | ret=SUCCESS |  
2019-08-23 02:48:06,281 | INFO  | DNAudit | user=null | ip=null | op=PUT_BLOCK {blockData=[blockId=conID: 2 locID: 102664010869506523 bcsId: 0,size=4194304]} | ret=SUCCESS |  
2019-08-23 02:48:06,281 [grpc-default-executor-4] INFO  client.GrpcClientProtocolClient (GrpcClientProtocolClient.java:onNext(255)) - client-B268B4322F32->17750241-545b-4219-93a1-14a6ea3d85be: receive RaftClientReply:client-B268B4322F32->17750241-545b-4219-93a1-14a6ea3d85be@group-C33FBD9556F2, cid=1327, SUCCESS, logIndex=0, commits[17750241-545b-4219-93a1-14a6ea3d85be:c1882, 4eaaa090-573e-41d3-9f8c-c99e236d806a:c1881, 5f4cf9ee-4bed-49de-adaa-861aec894328:c1881]
2019-08-23 02:48:06,283 | INFO  | SCMAudit | user=jenkins1000 | ip=192.168.34.22 | op=ALLOCATE_BLOCK {owner=31d65bc3-3f70-45f5-bbc5-e3a15f967ba6, size=4194304, type=RATIS, factor=THREE} | ret=SUCCESS |  
2019-08-23 02:48:06,286 | INFO  | OMAudit | user=jenkins1000 | ip=127.0.0.1 | op=ALLOCATE_BLOCK {volume=vol-0-78052, bucket=bucket-0-33874, key=key-0-20719, dataSize=2147483657, replicationType=RATIS, replicationFactor=THREE, keyLocationInfo=[], clientID=102664010308846034} | ret=SUCCESS |  
2019-08-23 02:48:06,294 | INFO  | SCMAudit | user=jenkins1000 | ip=192.168.34.22 | op=SEND_HEARTBEAT {datanodeUUID=4eaaa090-573e-41d3-9f8c-c99e236d806a, command=[]} | ret=SUCCESS |  
2019-08-23 02:48:06,294 | INFO  | SCMAudit | user=jenkins1000 | ip=192.168.34.22 | op=SEND_HEARTBEAT {datanodeUUID=5f4cf9ee-4bed-49de-adaa-861aec894328, command=[]} | ret=SUCCESS |  
2019-08-23 02:48:06,294 | INFO  | SCMAudit | user=jenkins1000 | ip=192.168.34.22 | op=SEND_HEARTBEAT {datanodeUUID=17750241-545b-4219-93a1-14a6ea3d85be, command=[]} | ret=SUCCESS |  
2019-08-23 02:48:06,302 | INFO  | DNAudit | user=null | ip=null | op=WRITE_CHUNK {blockData=conID: 3 locID: 102664010877043164 bcsId: 0} | ret=SUCCESS |  
2019-08-23 02:48:06,303 | INFO  | DNAudit | user=null | ip=null | op=WRITE_CHUNK {blockData=conID: 3 locID: 102664010877043164 bcsId: 0} | ret=SUCCESS |  
2019-08-23 02:48:06,306 | INFO  | DNAudit | user=null | ip=null | op=WRITE_CHUNK {blockData=conID: 3 locID: 102664010877043164 bcsId: 0} | ret=SUCCESS |  
2019-08-23 02:48:06,307 | INFO  | DNAudit | user=null | ip=null | op=WRITE_CHUNK {blockData=conID: 3 locID: 102664010877043164 bcsId: 0} | ret=SUCCESS |  
2019-08-23 02:48:06,307 | INFO  | DNAudit | user=null | ip=null | op=WRITE_CHUNK {blockData=conID: 3 locID: 102664010877043164 bcsId: 0} | ret=SUCCESS |  
2019-08-23 02:48:06,307 | INFO  | DNAudit | user=null | ip=null | op=WRITE_CHUNK {blockData=conID: 3 locID: 102664010877043164 bcsId: 0} | ret=SUCCESS |  
2019-08-23 02:48:06,316 | INFO  | DNAudit | user=null | ip=null | op=WRITE_CHUNK {blockData=conID: 3 locID: 102664010877043164 bcsId: 0} | ret=SUCCESS |  
2019-08-23 02:48:06,317 | INFO  | DNAudit | user=null | ip=null | op=PUT_BLOCK {blockData=[blockId=conID: 3 locID: 102664010877043164 bcsId: 0,size=1048576]} | ret=SUCCESS |  
2019-08-23 02:48:06,317 | INFO  | DNAudit | user=null | ip=null | op=WRITE_CHUNK {blockData=conID: 3 locID: 102664010877043164 bcsId: 0} | ret=SUCCESS |  
2019-08-23 02:48:06,317 [grpc-default-executor-5] INFO  client.GrpcClientProtocolClient (GrpcClientProtocolClient.java:onNext(255)) - client-B268B4322F32->17750241-545b-4219-93a1-14a6ea3d85be: receive RaftClientReply:client-B268B4322F32->17750241-545b-4219-93a1-14a6ea3d85be@group-C33FBD9556F2, cid=1328, SUCCESS, logIndex=1884, commits[17750241-545b-4219-93a1-14a6ea3d85be:c1886, 4eaaa090-573e-41d3-9f8c-c99e236d806a:c1883, 5f4cf9ee-4bed-49de-adaa-861aec894328:c1883]
2019-08-23 02:48:06,317 | INFO  | DNAudit | user=null | ip=null | op=PUT_BLOCK {blockData=[blockId=conID: 3 locID: 102664010877043164 bcsId: 0,size=2097152]} | ret=SUCCESS |  
2019-08-23 02:48:06,318 [grpc-default-executor-5] INFO  client.GrpcClientProtocolClient (GrpcClientProtocolClient.java:onNext(255)) - client-B268B4322F32->17750241-545b-4219-93a1-14a6ea3d85be: receive RaftClientReply:client-B268B4322F32->17750241-545b-4219-93a1-14a6ea3d85be@group-C33FBD9556F2, cid=1329, SUCCESS, logIndex=1885, commits[17750241-545b-4219-93a1-14a6ea3d85be:c1887, 4eaaa090-573e-41d3-9f8c-c99e236d806a:c1883, 5f4cf9ee-4bed-49de-adaa-861aec894328:c1883]
2019-08-23 02:48:06,318 [grpc-default-executor-5] INFO  client.GrpcClientProtocolClient (GrpcClientProtocolClient.java:onNext(255)) - client-B268B4322F32->17750241-545b-4219-93a1-14a6ea3d85be: receive RaftClientReply:client-B268B4322F32->17750241-545b-4219-93a1-14a6ea3d85be@group-C33FBD9556F2, cid=1330, SUCCESS, logIndex=1886, commits[17750241-545b-4219-93a1-14a6ea3d85be:c1887, 4eaaa090-573e-41d3-9f8c-c99e236d806a:c1883, 5f4cf9ee-4bed-49de-adaa-861aec894328:c1883]
2019-08-23 02:48:06,318 [grpc-default-executor-5] INFO  client.GrpcClientProtocolClient (GrpcClientProtocolClient.java:onNext(255)) - client-B268B4322F32->17750241-545b-4219-93a1-14a6ea3d85be: receive RaftClientReply:client-B268B4322F32->17750241-545b-4219-93a1-14a6ea3d85be@group-C33FBD9556F2, cid=1331, SUCCESS, logIndex=1887, commits[17750241-545b-4219-93a1-14a6ea3d85be:c1887, 4eaaa090-573e-41d3-9f8c-c99e236d806a:c1883, 5f4cf9ee-4bed-49de-adaa-861aec894328:c1883]
2019-08-23 02:48:06,329 | INFO  | DNAudit | user=null | ip=null | op=WRITE_CHUNK {blockData=conID: 3 locID: 102664010877043164 bcsId: 0} | ret=SUCCESS |  
2019-08-23 02:48:06,329 | INFO  | DNAudit | user=null | ip=null | op=WRITE_CHUNK {blockData=conID: 3 locID: 102664010877043164 bcsId: 0} | ret=SUCCESS |  
2019-08-23 02:48:06,329 | INFO  | DNAudit | user=null | ip=null | op=PUT_BLOCK {blockData=[blockId=conID: 3 locID: 102664010877043164 bcsId: 0,size=1048576]} | ret=SUCCESS |  
2019-08-23 02:48:06,342 | INFO  | DNAudit | user=null | ip=null | op=PUT_BLOCK {blockData=[blockId=conID: 3 locID: 102664010877043164 bcsId: 0,size=1048576]} | ret=SUCCESS |  
2019-08-23 02:48:06,342 | INFO  | DNAudit | user=null | ip=null | op=WRITE_CHUNK {blockData=conID: 3 locID: 102664010877043164 bcsId: 0} | ret=SUCCESS |  
2019-08-23 02:48:06,342 | INFO  | DNAudit | user=null | ip=null | op=WRITE_CHUNK {blockData=conID: 3 locID: 102664010877043164 bcsId: 0} | ret=SUCCESS |  
2019-08-23 02:48:06,342 | INFO  | DNAudit | user=null | ip=null | op=PUT_BLOCK {blockData=[blockId=conID: 3 locID: 102664010877043164 bcsId: 0,size=2097152]} | ret=SUCCESS |  
2019-08-23 02:48:06,342 | INFO  | DNAudit | user=null | ip=null | op=PUT_BLOCK {blockData=[blockId=conID: 3 locID: 102664010877043164 bcsId: 0,size=2097152]} | ret=SUCCESS |  
2019-08-23 02:48:06,343 [grpc-default-executor-5] INFO  client.GrpcClientProtocolClient (GrpcClientProtocolClient.java:onNext(255)) - client-B268B4322F32->17750241-545b-4219-93a1-14a6ea3d85be: receive RaftClientReply:client-B268B4322F32->17750241-545b-4219-93a1-14a6ea3d85be@group-C33FBD9556F2, cid=1332, SUCCESS, logIndex=0, commits[17750241-545b-4219-93a1-14a6ea3d85be:c1889, 4eaaa090-573e-41d3-9f8c-c99e236d806a:c1885, 5f4cf9ee-4bed-49de-adaa-861aec894328:c1885]
2019-08-23 02:48:06,349 | INFO  | DNAudit | user=null | ip=null | op=WRITE_CHUNK {blockData=conID: 3 locID: 102664010877043164 bcsId: 1887} | ret=SUCCESS |  
2019-08-23 02:48:06,351 | INFO  | DNAudit | user=null | ip=null | op=WRITE_CHUNK {blockData=conID: 3 locID: 102664010877043164 bcsId: 1887} | ret=SUCCESS |  
2019-08-23 02:48:06,351 | INFO  | DNAudit | user=null | ip=null | op=WRITE_CHUNK {blockData=conID: 3 locID: 102664010877043164 bcsId: 1887} | ret=SUCCESS |  
2019-08-23 02:48:06,362 | INFO  | DNAudit | user=null | ip=null | op=WRITE_CHUNK {blockData=conID: 3 locID: 102664010877043164 bcsId: 1887} | ret=SUCCESS |  
2019-08-23 02:48:06,362 | INFO  | DNAudit | user=null | ip=null | op=PUT_BLOCK {blockData=[blockId=conID: 3 locID: 102664010877043164 bcsId: 0,size=3145728]} | ret=SUCCESS |  
2019-08-23 02:48:06,362 [grpc-default-executor-4] INFO  client.GrpcClientProtocolClient (GrpcClientProtocolClient.java:onNext(255)) - client-B268B4322F32->17750241-545b-4219-93a1-14a6ea3d85be: receive RaftClientReply:client-B268B4322F32->17750241-545b-4219-93a1-14a6ea3d85be@group-C33FBD9556F2, cid=1333, SUCCESS, logIndex=1892, commits[17750241-545b-4219-93a1-14a6ea3d85be:c1893, 4eaaa090-573e-41d3-9f8c-c99e236d806a:c1891, 5f4cf9ee-4bed-49de-adaa-861aec894328:c1891]
2019-08-23 02:48:06,363 [grpc-default-executor-4] INFO  client.GrpcClientProtocolClient (GrpcClientProtocolClient.java:onNext(255)) - client-B268B4322F32->17750241-545b-4219-93a1-14a6ea3d85be: receive RaftClientReply:client-B268B4322F32->17750241-545b-4219-93a1-14a6ea3d85be@group-C33FBD9556F2, cid=1334, SUCCESS, logIndex=1893, commits[17750241-545b-4219-93a1-14a6ea3d85be:c1893, 4eaaa090-573e-41d3-9f8c-c99e236d806a:c1891, 5f4cf9ee-4bed-49de-adaa-861aec894328:c1891]
2019-08-23 02:48:06,365 | INFO  | DNAudit | user=null | ip=null | op=WRITE_CHUNK {blockData=conID: 3 locID: 102664010877043164 bcsId: 1887} | ret=SUCCESS |  
2019-08-23 02:48:06,365 | INFO  | DNAudit | user=null | ip=null | op=WRITE_CHUNK {blockData=conID: 3 locID: 102664010877043164 bcsId: 1887} | ret=SUCCESS |  
2019-08-23 02:48:06,368 | INFO  | DNAudit | user=null | ip=null | op=PUT_BLOCK {blockData=[blockId=conID: 3 locID: 102664010877043164 bcsId: 0,size=3145728]} | ret=SUCCESS |  
2019-08-23 02:48:06,368 | INFO  | DNAudit | user=null | ip=null | op=PUT_BLOCK {blockData=[blockId=conID: 3 locID: 102664010877043164 bcsId: 0,size=3145728]} | ret=SUCCESS |  
2019-08-23 02:48:06,369 | INFO  | DNAudit | user=null | ip=null | op=WRITE_CHUNK {blockData=conID: 3 locID: 102664010877043164 bcsId: 1893} | ret=SUCCESS |  
2019-08-23 02:48:06,372 | INFO  | DNAudit | user=null | ip=null | op=WRITE_CHUNK {blockData=conID: 3 locID: 102664010877043164 bcsId: 1893} | ret=SUCCESS |  
2019-08-23 02:48:06,372 | INFO  | DNAudit | user=null | ip=null | op=WRITE_CHUNK {blockData=conID: 3 locID: 102664010877043164 bcsId: 1893} | ret=SUCCESS |  
2019-08-23 02:48:06,399 | INFO  | DNAudit | user=null | ip=null | op=WRITE_CHUNK {blockData=conID: 3 locID: 102664010877043164 bcsId: 1893} | ret=SUCCESS |  
2019-08-23 02:48:06,400 | INFO  | DNAudit | user=null | ip=null | op=PUT_BLOCK {blockData=[blockId=conID: 3 locID: 102664010877043164 bcsId: 0,size=4194304]} | ret=SUCCESS |  
2019-08-23 02:48:06,400 [grpc-default-executor-4] INFO  client.GrpcClientProtocolClient (GrpcClientProtocolClient.java:onNext(255)) - client-B268B4322F32->17750241-545b-4219-93a1-14a6ea3d85be: receive RaftClientReply:client-B268B4322F32->17750241-545b-4219-93a1-14a6ea3d85be@group-C33FBD9556F2, cid=1335, SUCCESS, logIndex=1896, commits[17750241-545b-4219-93a1-14a6ea3d85be:c1897, 4eaaa090-573e-41d3-9f8c-c99e236d806a:c1894, 5f4cf9ee-4bed-49de-adaa-861aec894328:c1894]
2019-08-23 02:48:06,401 [grpc-default-executor-4] INFO  client.GrpcClientProtocolClient (GrpcClientProtocolClient.java:onNext(255)) - client-B268B4322F32->17750241-545b-4219-93a1-14a6ea3d85be: receive RaftClientReply:client-B268B4322F32->17750241-545b-4219-93a1-14a6ea3d85be@group-C33FBD9556F2, cid=1336, SUCCESS, logIndex=1897, commits[17750241-545b-4219-93a1-14a6ea3d85be:c1897, 4eaaa090-573e-41d3-9f8c-c99e236d806a:c1894, 5f4cf9ee-4bed-49de-adaa-861aec894328:c1894]
2019-08-23 02:48:06,411 | INFO  | DNAudit | user=null | ip=null | op=WRITE_CHUNK {blockData=conID: 3 locID: 102664010877043164 bcsId: 1893} | ret=SUCCESS |  
2019-08-23 02:48:06,411 | INFO  | DNAudit | user=null | ip=null | op=WRITE_CHUNK {blockData=conID: 3 locID: 102664010877043164 bcsId: 1893} | ret=SUCCESS |  
2019-08-23 02:48:06,412 | INFO  | DNAudit | user=null | ip=null | op=PUT_BLOCK {blockData=[blockId=conID: 3 locID: 102664010877043164 bcsId: 0,size=4194304]} | ret=SUCCESS |  
2019-08-23 02:48:06,412 | INFO  | DNAudit | user=null | ip=null | op=PUT_BLOCK {blockData=[blockId=conID: 3 locID: 102664010877043164 bcsId: 0,size=4194304]} | ret=SUCCESS |  
2019-08-23 02:48:06,414 [grpc-default-executor-4] INFO  client.GrpcClientProtocolClient (GrpcClientProtocolClient.java:onNext(255)) - client-B268B4322F32->17750241-545b-4219-93a1-14a6ea3d85be: receive RaftClientReply:client-B268B4322F32->17750241-545b-4219-93a1-14a6ea3d85be@group-C33FBD9556F2, cid=1337, SUCCESS, logIndex=0, commits[17750241-545b-4219-93a1-14a6ea3d85be:c1899, 4eaaa090-573e-41d3-9f8c-c99e236d806a:c1897, 5f4cf9ee-4bed-49de-adaa-861aec894328:c1897]
2019-08-23 02:48:06,416 | INFO  | SCMAudit | user=jenkins1000 | ip=192.168.34.22 | op=ALLOCATE_BLOCK {owner=31d65bc3-3f70-45f5-bbc5-e3a15f967ba6, size=4194304, type=RATIS, factor=THREE} | ret=SUCCESS |  
2019-08-23 02:48:06,423 | INFO  | OMAudit | user=jenkins1000 | ip=127.0.0.1 | op=ALLOCATE_BLOCK {volume=vol-0-78052, bucket=bucket-0-33874, key=key-0-20719, dataSize=2147483657, replicationType=RATIS, replicationFactor=THREE, keyLocationInfo=[], clientID=102664010308846034} | ret=SUCCESS |  
2019-08-23 02:48:06,436 | INFO  | DNAudit | user=null | ip=null | op=WRITE_CHUNK {blockData=conID: 1 locID: 102664010885759453 bcsId: 0} | ret=SUCCESS |  
2019-08-23 02:48:06,439 | INFO  | DNAudit | user=null | ip=null | op=WRITE_CHUNK {blockData=conID: 1 locID: 102664010885759453 bcsId: 0} | ret=SUCCESS |  
2019-08-23 02:48:06,440 | INFO  | DNAudit | user=null | ip=null | op=WRITE_CHUNK {blockData=conID: 1 locID: 102664010885759453 bcsId: 0} | ret=SUCCESS |  
2019-08-23 02:48:06,441 | INFO  | DNAudit | user=null | ip=null | op=WRITE_CHUNK {blockData=conID: 1 locID: 102664010885759453 bcsId: 0} | ret=SUCCESS |  
2019-08-23 02:48:06,445 | INFO  | DNAudit | user=null | ip=null | op=WRITE_CHUNK {blockData=conID: 1 locID: 102664010885759453 bcsId: 0} | ret=SUCCESS |  
2019-08-23 02:48:06,446 | INFO  | DNAudit | user=null | ip=null | op=WRITE_CHUNK {blockData=conID: 1 locID: 102664010885759453 bcsId: 0} | ret=SUCCESS |  
2019-08-23 02:48:06,449 | INFO  | DNAudit | user=null | ip=null | op=WRITE_CHUNK {blockData=conID: 1 locID: 102664010885759453 bcsId: 0} | ret=SUCCESS |  
2019-08-23 02:48:06,450 | INFO  | DNAudit | user=null | ip=null | op=PUT_BLOCK {blockData=[blockId=conID: 1 locID: 102664010885759453 bcsId: 0,size=1048576]} | ret=SUCCESS |  
2019-08-23 02:48:06,451 | INFO  | DNAudit | user=null | ip=null | op=WRITE_CHUNK {blockData=conID: 1 locID: 102664010885759453 bcsId: 0} | ret=SUCCESS |  
2019-08-23 02:48:06,451 | INFO  | DNAudit | user=null | ip=null | op=PUT_BLOCK {blockData=[blockId=conID: 1 locID: 102664010885759453 bcsId: 0,size=2097152]} | ret=SUCCESS |  
2019-08-23 02:48:06,451 | INFO  | DNAudit | user=null | ip=null | op=WRITE_CHUNK {blockData=conID: 1 locID: 102664010885759453 bcsId: 0} | ret=SUCCESS |  
2019-08-23 02:48:06,451 [grpc-default-executor-1] INFO  client.GrpcClientProtocolClient (GrpcClientProtocolClient.java:onNext(255)) - client-B268B4322F32->17750241-545b-4219-93a1-14a6ea3d85be: receive RaftClientReply:client-B268B4322F32->17750241-545b-4219-93a1-14a6ea3d85be@group-C33FBD9556F2, cid=1338, SUCCESS, logIndex=1900, commits[17750241-545b-4219-93a1-14a6ea3d85be:c1901, 4eaaa090-573e-41d3-9f8c-c99e236d806a:c1899, 5f4cf9ee-4bed-49de-adaa-861aec894328:c1899]
2019-08-23 02:48:06,452 | INFO  | DNAudit | user=null | ip=null | op=PUT_BLOCK {blockData=[blockId=conID: 1 locID: 102664010885759453 bcsId: 0,size=1048576]} | ret=SUCCESS |  
2019-08-23 02:48:06,452 [grpc-default-executor-1] INFO  client.GrpcClientProtocolClient (GrpcClientProtocolClient.java:onNext(255)) - client-B268B4322F32->17750241-545b-4219-93a1-14a6ea3d85be: receive RaftClientReply:client-B268B4322F32->17750241-545b-4219-93a1-14a6ea3d85be@group-C33FBD9556F2, cid=1339, SUCCESS, logIndex=1901, commits[17750241-545b-4219-93a1-14a6ea3d85be:c1903, 4eaaa090-573e-41d3-9f8c-c99e236d806a:c1899, 5f4cf9ee-4bed-49de-adaa-861aec894328:c1899]
2019-08-23 02:48:06,453 [grpc-default-executor-1] INFO  client.GrpcClientProtocolClient (GrpcClientProtocolClient.java:onNext(255)) - client-B268B4322F32->17750241-545b-4219-93a1-14a6ea3d85be: receive RaftClientReply:client-B268B4322F32->17750241-545b-4219-93a1-14a6ea3d85be@group-C33FBD9556F2, cid=1340, SUCCESS, logIndex=1902, commits[17750241-545b-4219-93a1-14a6ea3d85be:c1903, 4eaaa090-573e-41d3-9f8c-c99e236d806a:c1899, 5f4cf9ee-4bed-49de-adaa-861aec894328:c1899]
2019-08-23 02:48:06,453 [grpc-default-executor-1] INFO  client.GrpcClientProtocolClient (GrpcClientProtocolClient.java:onNext(255)) - client-B268B4322F32->17750241-545b-4219-93a1-14a6ea3d85be: receive RaftClientReply:client-B268B4322F32->17750241-545b-4219-93a1-14a6ea3d85be@group-C33FBD9556F2, cid=1341, SUCCESS, logIndex=1903, commits[17750241-545b-4219-93a1-14a6ea3d85be:c1903, 4eaaa090-573e-41d3-9f8c-c99e236d806a:c1899, 5f4cf9ee-4bed-49de-adaa-861aec894328:c1899]
2019-08-23 02:48:06,453 | INFO  | DNAudit | user=null | ip=null | op=WRITE_CHUNK {blockData=conID: 1 locID: 102664010885759453 bcsId: 0} | ret=SUCCESS |  
2019-08-23 02:48:06,454 | INFO  | DNAudit | user=null | ip=null | op=PUT_BLOCK {blockData=[blockId=conID: 1 locID: 102664010885759453 bcsId: 0,size=1048576]} | ret=SUCCESS |  
2019-08-23 02:48:06,454 [grpc-default-executor-4] INFO  client.GrpcClientProtocolClient (GrpcClientProtocolClient.java:onNext(255)) - client-B268B4322F32->17750241-545b-4219-93a1-14a6ea3d85be: receive RaftClientReply:client-B268B4322F32->17750241-545b-4219-93a1-14a6ea3d85be@group-C33FBD9556F2, cid=1342, SUCCESS, logIndex=0, commits[17750241-545b-4219-93a1-14a6ea3d85be:c1904, 4eaaa090-573e-41d3-9f8c-c99e236d806a:c1901, 5f4cf9ee-4bed-49de-adaa-861aec894328:c1901]
 0.00% |█                                                                                                    |  0/1 Time: 0:00:092019-08-23 02:48:06,655 | INFO  | DNAudit | user=null | ip=null | op=WRITE_CHUNK {blockData=conID: 1 locID: 102664010885759453 bcsId: 1903} | ret=SUCCESS |  
2019-08-23 02:48:06,655 | INFO  | DNAudit | user=null | ip=null | op=WRITE_CHUNK {blockData=conID: 1 locID: 102664010885759453 bcsId: 0} | ret=SUCCESS |  
2019-08-23 02:48:06,656 | INFO  | DNAudit | user=null | ip=null | op=WRITE_CHUNK {blockData=conID: 1 locID: 102664010885759453 bcsId: 0} | ret=SUCCESS |  
2019-08-23 02:48:06,656 | INFO  | DNAudit | user=null | ip=null | op=PUT_BLOCK {blockData=[blockId=conID: 1 locID: 102664010885759453 bcsId: 0,size=2097152]} | ret=SUCCESS |  
2019-08-23 02:48:06,656 | INFO  | DNAudit | user=null | ip=null | op=PUT_BLOCK {blockData=[blockId=conID: 1 locID: 102664010885759453 bcsId: 0,size=2097152]} | ret=SUCCESS |  
2019-08-23 02:48:06,658 | INFO  | DNAudit | user=null | ip=null | op=WRITE_CHUNK {blockData=conID: 1 locID: 102664010885759453 bcsId: 1903} | ret=SUCCESS |  
2019-08-23 02:48:06,658 | INFO  | DNAudit | user=null | ip=null | op=WRITE_CHUNK {blockData=conID: 1 locID: 102664010885759453 bcsId: 1903} | ret=SUCCESS |  
2019-08-23 02:48:06,716 | INFO  | SCMAudit | user=jenkins1000 | ip=192.168.34.22 | op=SEND_HEARTBEAT {datanodeUUID=66ab6a68-e61f-4535-ab2f-12fe560929ed, command=[]} | ret=SUCCESS |  
2019-08-23 02:48:06,885 | INFO  | SCMAudit | user=jenkins1000 | ip=192.168.34.22 | op=SEND_HEARTBEAT {datanodeUUID=0cedf437-a8af-4d70-bac5-ea9863093e86, command=[]} | ret=SUCCESS |  
2019-08-23 02:48:07,294 | INFO  | SCMAudit | user=jenkins1000 | ip=192.168.34.22 | op=SEND_HEARTBEAT {datanodeUUID=5f4cf9ee-4bed-49de-adaa-861aec894328, command=[]} | ret=SUCCESS |  
2019-08-23 02:48:07,294 | INFO  | SCMAudit | user=jenkins1000 | ip=192.168.34.22 | op=SEND_HEARTBEAT {datanodeUUID=4eaaa090-573e-41d3-9f8c-c99e236d806a, command=[]} | ret=SUCCESS |  
2019-08-23 02:48:07,294 | INFO  | SCMAudit | user=jenkins1000 | ip=192.168.34.22 | op=SEND_HEARTBEAT {datanodeUUID=17750241-545b-4219-93a1-14a6ea3d85be, command=[]} | ret=SUCCESS |  
 0.00% |█                                                                                                    |  0/1 Time: 0:00:102019-08-23 02:48:07,716 | INFO  | SCMAudit | user=jenkins1000 | ip=192.168.34.22 | op=SEND_HEARTBEAT {datanodeUUID=66ab6a68-e61f-4535-ab2f-12fe560929ed, command=[]} | ret=SUCCESS |  
2019-08-23 02:48:07,885 | INFO  | SCMAudit | user=jenkins1000 | ip=192.168.34.22 | op=SEND_HEARTBEAT {datanodeUUID=0cedf437-a8af-4d70-bac5-ea9863093e86, command=[]} | ret=SUCCESS |  
2019-08-23 02:48:08,294 | INFO  | SCMAudit | user=jenkins1000 | ip=192.168.34.22 | op=SEND_HEARTBEAT {datanodeUUID=4eaaa090-573e-41d3-9f8c-c99e236d806a, command=[]} | ret=SUCCESS |  
2019-08-23 02:48:08,294 | INFO  | SCMAudit | user=jenkins1000 | ip=192.168.34.22 | op=SEND_HEARTBEAT {datanodeUUID=5f4cf9ee-4bed-49de-adaa-861aec894328, command=[]} | ret=SUCCESS |  
2019-08-23 02:48:08,295 | INFO  | SCMAudit | user=jenkins1000 | ip=192.168.34.22 | op=SEND_HEARTBEAT {datanodeUUID=17750241-545b-4219-93a1-14a6ea3d85be, command=[]} | ret=SUCCESS |  
 0.00% |█                                                                                                    |  0/1 Time: 0:00:112019-08-23 02:48:08,716 | INFO  | SCMAudit | user=jenkins1000 | ip=192.168.34.22 | op=SEND_HEARTBEAT {datanodeUUID=66ab6a68-e61f-4535-ab2f-12fe560929ed, command=[]} | ret=SUCCESS |  
2019-08-23 02:48:08,885 | INFO  | SCMAudit | user=jenkins1000 | ip=192.168.34.22 | op=SEND_HEARTBEAT {datanodeUUID=0cedf437-a8af-4d70-bac5-ea9863093e86, command=[]} | ret=SUCCESS |  
2019-08-23 02:48:09,294 | INFO  | SCMAudit | user=jenkins1000 | ip=192.168.34.22 | op=SEND_HEARTBEAT {datanodeUUID=5f4cf9ee-4bed-49de-adaa-861aec894328, command=[]} | ret=SUCCESS |  
2019-08-23 02:48:09,294 | INFO  | SCMAudit | user=jenkins1000 | ip=192.168.34.22 | op=SEND_HEARTBEAT {datanodeUUID=4eaaa090-573e-41d3-9f8c-c99e236d806a, command=[]} | ret=SUCCESS |  
2019-08-23 02:48:09,295 | INFO  | SCMAudit | user=jenkins1000 | ip=192.168.34.22 | op=SEND_HEARTBEAT {datanodeUUID=17750241-545b-4219-93a1-14a6ea3d85be, command=[]} | ret=SUCCESS |  
2019-08-23 02:48:09,463 [java.util.concurrent.ThreadPoolExecutor$Worker@1ef67a79[State = -1, empty queue]] WARN  server.GrpcLogAppender (GrpcLogAppender.java:timeoutAppendRequest(200)) - GrpcLogAppender(17750241-545b-4219-93a1-14a6ea3d85be->4eaaa090-573e-41d3-9f8c-c99e236d806a): appendEntries Timeout, request=17750241-545b-4219-93a1-14a6ea3d85be->4eaaa090-573e-41d3-9f8c-c99e236d806a#1914-t1, previous=(t:1, i:1906), leaderCommit=1905, initializing? false, entries: size=1, first=(t:1, i:1907), STATEMACHINELOGENTRY, client-B268B4322F32, cid=1343
2019-08-23 02:48:09,463 [java.util.concurrent.ThreadPoolExecutor$Worker@4e960548[State = -1, empty queue]] WARN  server.GrpcLogAppender (GrpcLogAppender.java:timeoutAppendRequest(200)) - GrpcLogAppender(17750241-545b-4219-93a1-14a6ea3d85be->5f4cf9ee-4bed-49de-adaa-861aec894328): appendEntries Timeout, request=17750241-545b-4219-93a1-14a6ea3d85be->5f4cf9ee-4bed-49de-adaa-861aec894328#1914-t1, previous=(t:1, i:1906), leaderCommit=1905, initializing? false, entries: size=1, first=(t:1, i:1907), STATEMACHINELOGENTRY, client-B268B4322F32, cid=1343
2019-08-23 02:48:09,465 [java.util.concurrent.ThreadPoolExecutor$Worker@1ef67a79[State = -1, empty queue]] WARN  server.GrpcLogAppender (GrpcLogAppender.java:timeoutAppendRequest(200)) - GrpcLogAppender(17750241-545b-4219-93a1-14a6ea3d85be->4eaaa090-573e-41d3-9f8c-c99e236d806a): appendEntries Timeout, request=17750241-545b-4219-93a1-14a6ea3d85be->4eaaa090-573e-41d3-9f8c-c99e236d806a#1915-t1, previous=(t:1, i:1907), leaderCommit=1905, initializing? false, entries: size=1, first=(t:1, i:1908), STATEMACHINELOGENTRY, client-B268B4322F32, cid=1344
2019-08-23 02:48:09,467 [java.util.concurrent.ThreadPoolExecutor$Worker@4e960548[State = -1, empty queue]] WARN  server.GrpcLogAppender (GrpcLogAppender.java:timeoutAppendRequest(200)) - GrpcLogAppender(17750241-545b-4219-93a1-14a6ea3d85be->5f4cf9ee-4bed-49de-adaa-861aec894328): appendEntries Timeout, request=17750241-545b-4219-93a1-14a6ea3d85be->5f4cf9ee-4bed-49de-adaa-861aec894328#1915-t1, previous=(t:1, i:1907), leaderCommit=1905, initializing? false, entries: size=1, first=(t:1, i:1908), STATEMACHINELOGENTRY, client-B268B4322F32, cid=1344
2019-08-23 02:48:09,558 [grpc-default-executor-4] WARN  server.GrpcLogAppender (GrpcLogAppender.java:onNextImpl(250)) - org.apache.ratis.grpc.server.GrpcLogAppender$AppendLogResponseHandler@da47405: Request not found, ignoring reply: 17750241-545b-4219-93a1-14a6ea3d85be<-5f4cf9ee-4bed-49de-adaa-861aec894328#1914:OK,SUCCESS,nextIndex:1908,term:1,followerCommit:1906
2019-08-23 02:48:09,560 [grpc-default-executor-1] WARN  server.GrpcLogAppender (GrpcLogAppender.java:onNextImpl(250)) - org.apache.ratis.grpc.server.GrpcLogAppender$AppendLogResponseHandler@289664ba: Request not found, ignoring reply: 17750241-545b-4219-93a1-14a6ea3d85be<-4eaaa090-573e-41d3-9f8c-c99e236d806a#1914:OK,SUCCESS,nextIndex:1908,term:1,followerCommit:1906
2019-08-23 02:48:09,563 [grpc-default-executor-4] WARN  server.GrpcLogAppender (GrpcLogAppender.java:onNextImpl(250)) - org.apache.ratis.grpc.server.GrpcLogAppender$AppendLogResponseHandler@da47405: Request not found, ignoring reply: 17750241-545b-4219-93a1-14a6ea3d85be<-5f4cf9ee-4bed-49de-adaa-861aec894328#1915:OK,SUCCESS,nextIndex:1909,term:1,followerCommit:1906
2019-08-23 02:48:09,563 [grpc-default-executor-1] WARN  server.GrpcLogAppender (GrpcLogAppender.java:onNextImpl(250)) - org.apache.ratis.grpc.server.GrpcLogAppender$AppendLogResponseHandler@289664ba: Request not found, ignoring reply: 17750241-545b-4219-93a1-14a6ea3d85be<-4eaaa090-573e-41d3-9f8c-c99e236d806a#1915:OK,SUCCESS,nextIndex:1909,term:1,followerCommit:1906
2019-08-23 02:48:09,564 | INFO  | DNAudit | user=null | ip=null | op=WRITE_CHUNK {blockData=conID: 1 locID: 102664010885759453 bcsId: 1903} | ret=SUCCESS |  
2019-08-23 02:48:09,565 | INFO  | DNAudit | user=null | ip=null | op=PUT_BLOCK {blockData=[blockId=conID: 1 locID: 102664010885759453 bcsId: 0,size=3145728]} | ret=SUCCESS |  
2019-08-23 02:48:09,565 [grpc-default-executor-1] INFO  client.GrpcClientProtocolClient (GrpcClientProtocolClient.java:onNext(255)) - client-B268B4322F32->17750241-545b-4219-93a1-14a6ea3d85be: receive RaftClientReply:client-B268B4322F32->17750241-545b-4219-93a1-14a6ea3d85be@group-C33FBD9556F2, cid=1343, SUCCESS, logIndex=1907, commits[17750241-545b-4219-93a1-14a6ea3d85be:c1908, 4eaaa090-573e-41d3-9f8c-c99e236d806a:c1906, 5f4cf9ee-4bed-49de-adaa-861aec894328:c1906]
2019-08-23 02:48:09,566 [grpc-default-executor-1] INFO  client.GrpcClientProtocolClient (GrpcClientProtocolClient.java:onNext(255)) - client-B268B4322F32->17750241-545b-4219-93a1-14a6ea3d85be: receive RaftClientReply:client-B268B4322F32->17750241-545b-4219-93a1-14a6ea3d85be@group-C33FBD9556F2, cid=1344, SUCCESS, logIndex=1908, commits[17750241-545b-4219-93a1-14a6ea3d85be:c1908, 4eaaa090-573e-41d3-9f8c-c99e236d806a:c1906, 5f4cf9ee-4bed-49de-adaa-861aec894328:c1906]
2019-08-23 02:48:09,581 | INFO  | DNAudit | user=null | ip=null | op=WRITE_CHUNK {blockData=conID: 1 locID: 102664010885759453 bcsId: 1903} | ret=SUCCESS |  
2019-08-23 02:48:09,581 | INFO  | DNAudit | user=null | ip=null | op=WRITE_CHUNK {blockData=conID: 1 locID: 102664010885759453 bcsId: 1903} | ret=SUCCESS |  
2019-08-23 02:48:09,582 | INFO  | DNAudit | user=null | ip=null | op=PUT_BLOCK {blockData=[blockId=conID: 1 locID: 102664010885759453 bcsId: 0,size=3145728]} | ret=SUCCESS |  
2019-08-23 02:48:09,582 | INFO  | DNAudit | user=null | ip=null | op=PUT_BLOCK {blockData=[blockId=conID: 1 locID: 102664010885759453 bcsId: 0,size=3145728]} | ret=SUCCESS |  
 0.00% |█                                                                                                    |  0/1 Time: 0:00:122019-08-23 02:48:09,716 | INFO  | SCMAudit | user=jenkins1000 | ip=192.168.34.22 | op=SEND_HEARTBEAT {datanodeUUID=66ab6a68-e61f-4535-ab2f-12fe560929ed, command=[]} | ret=SUCCESS |  
2019-08-23 02:48:09,885 | INFO  | SCMAudit | user=jenkins1000 | ip=192.168.34.22 | op=SEND_HEARTBEAT {datanodeUUID=0cedf437-a8af-4d70-bac5-ea9863093e86, command=[]} | ret=SUCCESS |  
2019-08-23 02:48:10,294 | INFO  | SCMAudit | user=jenkins1000 | ip=192.168.34.22 | op=SEND_HEARTBEAT {datanodeUUID=4eaaa090-573e-41d3-9f8c-c99e236d806a, command=[]} | ret=SUCCESS |  
2019-08-23 02:48:10,294 | INFO  | SCMAudit | user=jenkins1000 | ip=192.168.34.22 | op=SEND_HEARTBEAT {datanodeUUID=5f4cf9ee-4bed-49de-adaa-861aec894328, command=[]} | ret=SUCCESS |  
2019-08-23 02:48:10,295 | INFO  | SCMAudit | user=jenkins1000 | ip=192.168.34.22 | op=SEND_HEARTBEAT {datanodeUUID=17750241-545b-4219-93a1-14a6ea3d85be, command=[]} | ret=SUCCESS |  
 0.00% |█                                                                                                    |  0/1 Time: 0:00:132019-08-23 02:48:10,716 | INFO  | SCMAudit | user=jenkins1000 | ip=192.168.34.22 | op=SEND_HEARTBEAT {datanodeUUID=66ab6a68-e61f-4535-ab2f-12fe560929ed, command=[]} | ret=SUCCESS |  
2019-08-23 02:48:10,886 | INFO  | SCMAudit | user=jenkins1000 | ip=192.168.34.22 | op=SEND_HEARTBEAT {datanodeUUID=0cedf437-a8af-4d70-bac5-ea9863093e86, command=[]} | ret=SUCCESS |  
2019-08-23 02:48:11,294 | INFO  | SCMAudit | user=jenkins1000 | ip=192.168.34.22 | op=SEND_HEARTBEAT {datanodeUUID=5f4cf9ee-4bed-49de-adaa-861aec894328, command=[]} | ret=SUCCESS |  
2019-08-23 02:48:11,294 | INFO  | SCMAudit | user=jenkins1000 | ip=192.168.34.22 | op=SEND_HEARTBEAT {datanodeUUID=4eaaa090-573e-41d3-9f8c-c99e236d806a, command=[]} | ret=SUCCESS |  
2019-08-23 02:48:11,296 | INFO  | SCMAudit | user=jenkins1000 | ip=192.168.34.22 | op=SEND_HEARTBEAT {datanodeUUID=17750241-545b-4219-93a1-14a6ea3d85be, command=[]} | ret=SUCCESS |  
 0.00% |█                                                                                                    |  0/1 Time: 0:00:142019-08-23 02:48:11,716 | INFO  | SCMAudit | user=jenkins1000 | ip=192.168.34.22 | op=SEND_HEARTBEAT {datanodeUUID=66ab6a68-e61f-4535-ab2f-12fe560929ed, command=[]} | ret=SUCCESS |  
2019-08-23 02:48:11,885 | INFO  | SCMAudit | user=jenkins1000 | ip=192.168.34.22 | op=SEND_HEARTBEAT {datanodeUUID=0cedf437-a8af-4d70-bac5-ea9863093e86, command=[]} | ret=SUCCESS |  
2019-08-23 02:48:12,294 | INFO  | SCMAudit | user=jenkins1000 | ip=192.168.34.22 | op=SEND_HEARTBEAT {datanodeUUID=4eaaa090-573e-41d3-9f8c-c99e236d806a, command=[]} | ret=SUCCESS |  
2019-08-23 02:48:12,294 | INFO  | SCMAudit | user=jenkins1000 | ip=192.168.34.22 | op=SEND_HEARTBEAT {datanodeUUID=5f4cf9ee-4bed-49de-adaa-861aec894328, command=[]} | ret=SUCCESS |  
2019-08-23 02:48:12,295 | INFO  | SCMAudit | user=jenkins1000 | ip=192.168.34.22 | op=SEND_HEARTBEAT {datanodeUUID=17750241-545b-4219-93a1-14a6ea3d85be, command=[]} | ret=SUCCESS |  
 0.00% |█                                                                                                    |  0/1 Time: 0:00:152019-08-23 02:48:12,716 | INFO  | SCMAudit | user=jenkins1000 | ip=192.168.34.22 | op=SEND_HEARTBEAT {datanodeUUID=66ab6a68-e61f-4535-ab2f-12fe560929ed, command=[]} | ret=SUCCESS |  
2019-08-23 02:48:12,886 | INFO  | SCMAudit | user=jenkins1000 | ip=192.168.34.22 | op=SEND_HEARTBEAT {datanodeUUID=0cedf437-a8af-4d70-bac5-ea9863093e86, command=[]} | ret=SUCCESS |  
2019-08-23 02:48:13,294 | INFO  | SCMAudit | user=jenkins1000 | ip=192.168.34.22 | op=SEND_HEARTBEAT {datanodeUUID=5f4cf9ee-4bed-49de-adaa-861aec894328, command=[]} | ret=SUCCESS |  
2019-08-23 02:48:13,294 | INFO  | SCMAudit | user=jenkins1000 | ip=192.168.34.22 | op=SEND_HEARTBEAT {datanodeUUID=4eaaa090-573e-41d3-9f8c-c99e236d806a, command=[]} | ret=SUCCESS |  
2019-08-23 02:48:13,295 | INFO  | SCMAudit | user=jenkins1000 | ip=192.168.34.22 | op=SEND_HEARTBEAT {datanodeUUID=17750241-545b-4219-93a1-14a6ea3d85be, command=[]} | ret=SUCCESS |  
 0.00% |█                                                                                                    |  0/1 Time: 0:00:162019-08-23 02:48:13,717 | INFO  | SCMAudit | user=jenkins1000 | ip=192.168.34.22 | op=SEND_HEARTBEAT {datanodeUUID=66ab6a68-e61f-4535-ab2f-12fe560929ed, command=[]} | ret=SUCCESS |  
2019-08-23 02:48:13,886 | INFO  | SCMAudit | user=jenkins1000 | ip=192.168.34.22 | op=SEND_HEARTBEAT {datanodeUUID=0cedf437-a8af-4d70-bac5-ea9863093e86, command=[]} | ret=SUCCESS |  
2019-08-23 02:48:14,294 | INFO  | SCMAudit | user=jenkins1000 | ip=192.168.34.22 | op=SEND_HEARTBEAT {datanodeUUID=4eaaa090-573e-41d3-9f8c-c99e236d806a, command=[]} | ret=SUCCESS |  
2019-08-23 02:48:14,294 | INFO  | SCMAudit | user=jenkins1000 | ip=192.168.34.22 | op=SEND_HEARTBEAT {datanodeUUID=5f4cf9ee-4bed-49de-adaa-861aec894328, command=[]} | ret=SUCCESS |  
2019-08-23 02:48:14,296 | INFO  | SCMAudit | user=jenkins1000 | ip=192.168.34.22 | op=SEND_HEARTBEAT {datanodeUUID=17750241-545b-4219-93a1-14a6ea3d85be, command=[]} | ret=SUCCESS |  
 0.00% |█                                                                                                    |  0/1 Time: 0:00:172019-08-23 02:48:14,716 | INFO  | SCMAudit | user=jenkins1000 | ip=192.168.34.22 | op=SEND_HEARTBEAT {datanodeUUID=66ab6a68-e61f-4535-ab2f-12fe560929ed, command=[]} | ret=SUCCESS |  
2019-08-23 02:48:14,885 | INFO  | SCMAudit | user=jenkins1000 | ip=192.168.34.22 | op=SEND_HEARTBEAT {datanodeUUID=0cedf437-a8af-4d70-bac5-ea9863093e86, command=[]} | ret=SUCCESS |  
2019-08-23 02:48:15,294 | INFO  | SCMAudit | user=jenkins1000 | ip=192.168.34.22 | op=SEND_HEARTBEAT {datanodeUUID=5f4cf9ee-4bed-49de-adaa-861aec894328, command=[]} | ret=SUCCESS |  
2019-08-23 02:48:15,294 | INFO  | SCMAudit | user=jenkins1000 | ip=192.168.34.22 | op=SEND_HEARTBEAT {datanodeUUID=4eaaa090-573e-41d3-9f8c-c99e236d806a, command=[]} | ret=SUCCESS |  
2019-08-23 02:48:15,295 | INFO  | SCMAudit | user=jenkins1000 | ip=192.168.34.22 | op=SEND_HEARTBEAT {datanodeUUID=17750241-545b-4219-93a1-14a6ea3d85be, command=[]} | ret=SUCCESS |  
2019-08-23 02:48:15,562 [grpc-default-executor-1] INFO  client.GrpcClientProtocolClient (GrpcClientProtocolClient.java:onNext(255)) - client-B268B4322F32->4eaaa090-573e-41d3-9f8c-c99e236d806a: receive RaftClientReply:client-B268B4322F32->4eaaa090-573e-41d3-9f8c-c99e236d806a@group-C33FBD9556F2, cid=1343, FAILED org.apache.ratis.protocol.NotLeaderException: Server 4eaaa090-573e-41d3-9f8c-c99e236d806a is not the leader (17750241-545b-4219-93a1-14a6ea3d85be:192.168.34.22:45138). Request must be sent to leader., logIndex=0, commits[4eaaa090-573e-41d3-9f8c-c99e236d806a:c1909, 17750241-545b-4219-93a1-14a6ea3d85be:c1909, 5f4cf9ee-4bed-49de-adaa-861aec894328:c1909]
2019-08-23 02:48:15,584 [grpc-default-executor-4] INFO  client.GrpcClientProtocolClient (GrpcClientProtocolClient.java:onNext(255)) - client-B268B4322F32->17750241-545b-4219-93a1-14a6ea3d85be: receive RaftClientReply:client-B268B4322F32->17750241-545b-4219-93a1-14a6ea3d85be@group-C33FBD9556F2, cid=1343, SUCCESS, logIndex=1907, commits[17750241-545b-4219-93a1-14a6ea3d85be:c1908, 4eaaa090-573e-41d3-9f8c-c99e236d806a:c1906, 5f4cf9ee-4bed-49de-adaa-861aec894328:c1906]
2019-08-23 02:48:15,597 [grpc-default-executor-4] INFO  client.GrpcClientProtocolClient (GrpcClientProtocolClient.java:onNext(255)) - client-B268B4322F32->17750241-545b-4219-93a1-14a6ea3d85be: receive RaftClientReply:client-B268B4322F32->17750241-545b-4219-93a1-14a6ea3d85be@group-C33FBD9556F2, cid=1344, SUCCESS, logIndex=1908, commits[17750241-545b-4219-93a1-14a6ea3d85be:c1908, 4eaaa090-573e-41d3-9f8c-c99e236d806a:c1906, 5f4cf9ee-4bed-49de-adaa-861aec894328:c1906]
2019-08-23 02:48:15,618 | INFO  | DNAudit | user=null | ip=null | op=WRITE_CHUNK {blockData=conID: 1 locID: 102664010885759453 bcsId: 1908} | ret=SUCCESS |  
2019-08-23 02:48:15,623 | INFO  | DNAudit | user=null | ip=null | op=WRITE_CHUNK {blockData=conID: 1 locID: 102664010885759453 bcsId: 1908} | ret=SUCCESS |  
2019-08-23 02:48:15,623 | INFO  | DNAudit | user=null | ip=null | op=WRITE_CHUNK {blockData=conID: 1 locID: 102664010885759453 bcsId: 1908} | ret=SUCCESS |  
2019-08-23 02:48:15,632 | INFO  | DNAudit | user=null | ip=null | op=WRITE_CHUNK {blockData=conID: 1 locID: 102664010885759453 bcsId: 1908} | ret=SUCCESS |  
2019-08-23 02:48:15,636 | INFO  | DNAudit | user=null | ip=null | op=PUT_BLOCK {blockData=[blockId=conID: 1 locID: 102664010885759453 bcsId: 0,size=4194304]} | ret=SUCCESS |  
2019-08-23 02:48:15,636 [grpc-default-executor-1] INFO  client.GrpcClientProtocolClient (GrpcClientProtocolClient.java:onNext(255)) - client-B268B4322F32->17750241-545b-4219-93a1-14a6ea3d85be: receive RaftClientReply:client-B268B4322F32->17750241-545b-4219-93a1-14a6ea3d85be@group-C33FBD9556F2, cid=1345, SUCCESS, logIndex=1910, commits[17750241-545b-4219-93a1-14a6ea3d85be:c1911, 4eaaa090-573e-41d3-9f8c-c99e236d806a:c1909, 5f4cf9ee-4bed-49de-adaa-861aec894328:c1909]
2019-08-23 02:48:15,639 [grpc-default-executor-1] INFO  client.GrpcClientProtocolClient (GrpcClientProtocolClient.java:onNext(255)) - client-B268B4322F32->17750241-545b-4219-93a1-14a6ea3d85be: receive RaftClientReply:client-B268B4322F32->17750241-545b-4219-93a1-14a6ea3d85be@group-C33FBD9556F2, cid=1346, SUCCESS, logIndex=1911, commits[17750241-545b-4219-93a1-14a6ea3d85be:c1911, 4eaaa090-573e-41d3-9f8c-c99e236d806a:c1909, 5f4cf9ee-4bed-49de-adaa-861aec894328:c1909]
2019-08-23 02:48:15,646 | INFO  | DNAudit | user=null | ip=null | op=WRITE_CHUNK {blockData=conID: 1 locID: 102664010885759453 bcsId: 1908} | ret=SUCCESS |  
2019-08-23 02:48:15,646 | INFO  | DNAudit | user=null | ip=null | op=WRITE_CHUNK {blockData=conID: 1 locID: 102664010885759453 bcsId: 1908} | ret=SUCCESS |  
2019-08-23 02:48:15,657 | INFO  | DNAudit | user=null | ip=null | op=PUT_BLOCK {blockData=[blockId=conID: 1 locID: 102664010885759453 bcsId: 0,size=4194304]} | ret=SUCCESS |  
2019-08-23 02:48:15,657 | INFO  | DNAudit | user=null | ip=null | op=PUT_BLOCK {blockData=[blockId=conID: 1 locID: 102664010885759453 bcsId: 0,size=4194304]} | ret=SUCCESS |  
2019-08-23 02:48:15,661 [grpc-default-executor-1] INFO  client.GrpcClientProtocolClient (GrpcClientProtocolClient.java:onNext(255)) - client-B268B4322F32->17750241-545b-4219-93a1-14a6ea3d85be: receive RaftClientReply:client-B268B4322F32->17750241-545b-4219-93a1-14a6ea3d85be@group-C33FBD9556F2, cid=1347, SUCCESS, logIndex=0, commits[17750241-545b-4219-93a1-14a6ea3d85be:c1913, 4eaaa090-573e-41d3-9f8c-c99e236d806a:c1911, 5f4cf9ee-4bed-49de-adaa-861aec894328:c1911]
 0.00% |█                                                                                                    |  0/1 Time: 0:00:182019-08-23 02:48:15,664 | INFO  | SCMAudit | user=jenkins1000 | ip=192.168.34.22 | op=ALLOCATE_BLOCK {owner=31d65bc3-3f70-45f5-bbc5-e3a15f967ba6, size=4194304, type=RATIS, factor=THREE} | ret=SUCCESS |  
2019-08-23 02:48:15,670 | INFO  | OMAudit | user=jenkins1000 | ip=127.0.0.1 | op=ALLOCATE_BLOCK {volume=vol-0-78052, bucket=bucket-0-33874, key=key-0-20719, dataSize=2147483657, replicationType=RATIS, replicationFactor=THREE, keyLocationInfo=[], clientID=102664010308846034} | ret=SUCCESS |  
2019-08-23 02:48:15,684 | INFO  | DNAudit | user=null | ip=null | op=WRITE_CHUNK {blockData=conID: 2 locID: 102664011491836382 bcsId: 0} | ret=SUCCESS |  
2019-08-23 02:48:15,686 | INFO  | DNAudit | user=null | ip=null | op=WRITE_CHUNK {blockData=conID: 2 locID: 102664011491836382 bcsId: 0} | ret=SUCCESS |  
2019-08-23 02:48:15,687 | INFO  | DNAudit | user=null | ip=null | op=WRITE_CHUNK {blockData=conID: 2 locID: 102664011491836382 bcsId: 0} | ret=SUCCESS |  
2019-08-23 02:48:15,687 | INFO  | DNAudit | user=null | ip=null | op=WRITE_CHUNK {blockData=conID: 2 locID: 102664011491836382 bcsId: 0} | ret=SUCCESS |  
2019-08-23 02:48:15,689 | INFO  | DNAudit | user=null | ip=null | op=WRITE_CHUNK {blockData=conID: 2 locID: 102664011491836382 bcsId: 0} | ret=SUCCESS |  
2019-08-23 02:48:15,689 | INFO  | DNAudit | user=null | ip=null | op=WRITE_CHUNK {blockData=conID: 2 locID: 102664011491836382 bcsId: 0} | ret=SUCCESS |  
2019-08-23 02:48:15,701 | INFO  | DNAudit | user=null | ip=null | op=WRITE_CHUNK {blockData=conID: 2 locID: 102664011491836382 bcsId: 0} | ret=SUCCESS |  
2019-08-23 02:48:15,702 | INFO  | DNAudit | user=null | ip=null | op=PUT_BLOCK {blockData=[blockId=conID: 2 locID: 102664011491836382 bcsId: 0,size=1048576]} | ret=SUCCESS |  
2019-08-23 02:48:15,702 | INFO  | DNAudit | user=null | ip=null | op=WRITE_CHUNK {blockData=conID: 2 locID: 102664011491836382 bcsId: 0} | ret=SUCCESS |  
2019-08-23 02:48:15,702 [grpc-default-executor-4] INFO  client.GrpcClientProtocolClient (GrpcClientProtocolClient.java:onNext(255)) - client-B268B4322F32->17750241-545b-4219-93a1-14a6ea3d85be: receive RaftClientReply:client-B268B4322F32->17750241-545b-4219-93a1-14a6ea3d85be@group-C33FBD9556F2, cid=1348, SUCCESS, logIndex=1914, commits[17750241-545b-4219-93a1-14a6ea3d85be:c1915, 4eaaa090-573e-41d3-9f8c-c99e236d806a:c1913, 5f4cf9ee-4bed-49de-adaa-861aec894328:c1913]
2019-08-23 02:48:15,703 | INFO  | DNAudit | user=null | ip=null | op=PUT_BLOCK {blockData=[blockId=conID: 2 locID: 102664011491836382 bcsId: 0,size=2097152]} | ret=SUCCESS |  
2019-08-23 02:48:15,703 [grpc-default-executor-4] INFO  client.GrpcClientProtocolClient (GrpcClientProtocolClient.java:onNext(255)) - client-B268B4322F32->17750241-545b-4219-93a1-14a6ea3d85be: receive RaftClientReply:client-B268B4322F32->17750241-545b-4219-93a1-14a6ea3d85be@group-C33FBD9556F2, cid=1349, SUCCESS, logIndex=1915, commits[17750241-545b-4219-93a1-14a6ea3d85be:c1917, 4eaaa090-573e-41d3-9f8c-c99e236d806a:c1913, 5f4cf9ee-4bed-49de-adaa-861aec894328:c1913]
2019-08-23 02:48:15,703 [grpc-default-executor-4] INFO  client.GrpcClientProtocolClient (GrpcClientProtocolClient.java:onNext(255)) - client-B268B4322F32->17750241-545b-4219-93a1-14a6ea3d85be: receive RaftClientReply:client-B268B4322F32->17750241-545b-4219-93a1-14a6ea3d85be@group-C33FBD9556F2, cid=1350, SUCCESS, logIndex=1916, commits[17750241-545b-4219-93a1-14a6ea3d85be:c1917, 4eaaa090-573e-41d3-9f8c-c99e236d806a:c1913, 5f4cf9ee-4bed-49de-adaa-861aec894328:c1913]
2019-08-23 02:48:15,703 [grpc-default-executor-4] INFO  client.GrpcClientProtocolClient (GrpcClientProtocolClient.java:onNext(255)) - client-B268B4322F32->17750241-545b-4219-93a1-14a6ea3d85be: receive RaftClientReply:client-B268B4322F32->17750241-545b-4219-93a1-14a6ea3d85be@group-C33FBD9556F2, cid=1351, SUCCESS, logIndex=1917, commits[17750241-545b-4219-93a1-14a6ea3d85be:c1917, 4eaaa090-573e-41d3-9f8c-c99e236d806a:c1913, 5f4cf9ee-4bed-49de-adaa-861aec894328:c1913]
2019-08-23 02:48:15,714 | INFO  | DNAudit | user=null | ip=null | op=WRITE_CHUNK {blockData=conID: 2 locID: 102664011491836382 bcsId: 0} | ret=SUCCESS |  
2019-08-23 02:48:15,714 | INFO  | DNAudit | user=null | ip=null | op=WRITE_CHUNK {blockData=conID: 2 locID: 102664011491836382 bcsId: 0} | ret=SUCCESS |  
2019-08-23 02:48:15,717 | INFO  | SCMAudit | user=jenkins1000 | ip=192.168.34.22 | op=SEND_HEARTBEAT {datanodeUUID=66ab6a68-e61f-4535-ab2f-12fe560929ed, command=[]} | ret=SUCCESS |  
2019-08-23 02:48:15,727 | INFO  | DNAudit | user=null | ip=null | op=PUT_BLOCK {blockData=[blockId=conID: 2 locID: 102664011491836382 bcsId: 0,size=1048576]} | ret=SUCCESS |  
2019-08-23 02:48:15,727 | INFO  | DNAudit | user=null | ip=null | op=PUT_BLOCK {blockData=[blockId=conID: 2 locID: 102664011491836382 bcsId: 0,size=1048576]} | ret=SUCCESS |  
2019-08-23 02:48:15,727 | INFO  | DNAudit | user=null | ip=null | op=WRITE_CHUNK {blockData=conID: 2 locID: 102664011491836382 bcsId: 0} | ret=SUCCESS |  
2019-08-23 02:48:15,727 | INFO  | DNAudit | user=null | ip=null | op=WRITE_CHUNK {blockData=conID: 2 locID: 102664011491836382 bcsId: 0} | ret=SUCCESS |  
2019-08-23 02:48:15,727 | INFO  | DNAudit | user=null | ip=null | op=PUT_BLOCK {blockData=[blockId=conID: 2 locID: 102664011491836382 bcsId: 0,size=2097152]} | ret=SUCCESS |  
2019-08-23 02:48:15,728 | INFO  | DNAudit | user=null | ip=null | op=PUT_BLOCK {blockData=[blockId=conID: 2 locID: 102664011491836382 bcsId: 0,size=2097152]} | ret=SUCCESS |  
2019-08-23 02:48:15,728 [grpc-default-executor-4] INFO  client.GrpcClientProtocolClient (GrpcClientProtocolClient.java:onNext(255)) - client-B268B4322F32->17750241-545b-4219-93a1-14a6ea3d85be: receive RaftClientReply:client-B268B4322F32->17750241-545b-4219-93a1-14a6ea3d85be@group-C33FBD9556F2, cid=1352, SUCCESS, logIndex=0, commits[17750241-545b-4219-93a1-14a6ea3d85be:c1919, 4eaaa090-573e-41d3-9f8c-c99e236d806a:c1915, 5f4cf9ee-4bed-49de-adaa-861aec894328:c1915]
2019-08-23 02:48:15,737 | INFO  | DNAudit | user=null | ip=null | op=WRITE_CHUNK {blockData=conID: 2 locID: 102664011491836382 bcsId: 1917} | ret=SUCCESS |  
2019-08-23 02:48:15,739 | INFO  | DNAudit | user=null | ip=null | op=WRITE_CHUNK {blockData=conID: 2 locID: 102664011491836382 bcsId: 1917} | ret=SUCCESS |  
2019-08-23 02:48:15,739 | INFO  | DNAudit | user=null | ip=null | op=WRITE_CHUNK {blockData=conID: 2 locID: 102664011491836382 bcsId: 1917} | ret=SUCCESS |  
2019-08-23 02:48:15,751 | INFO  | DNAudit | user=null | ip=null | op=WRITE_CHUNK {blockData=conID: 2 locID: 102664011491836382 bcsId: 1917} | ret=SUCCESS |  
2019-08-23 02:48:15,754 | INFO  | DNAudit | user=null | ip=null | op=PUT_BLOCK {blockData=[blockId=conID: 2 locID: 102664011491836382 bcsId: 0,size=3145728]} | ret=SUCCESS |  
2019-08-23 02:48:15,754 [grpc-default-executor-4] INFO  client.GrpcClientProtocolClient (GrpcClientProtocolClient.java:onNext(255)) - client-B268B4322F32->17750241-545b-4219-93a1-14a6ea3d85be: receive RaftClientReply:client-B268B4322F32->17750241-545b-4219-93a1-14a6ea3d85be@group-C33FBD9556F2, cid=1353, SUCCESS, logIndex=1921, commits[17750241-545b-4219-93a1-14a6ea3d85be:c1922, 4eaaa090-573e-41d3-9f8c-c99e236d806a:c1920, 5f4cf9ee-4bed-49de-adaa-861aec894328:c1920]
2019-08-23 02:48:15,755 [grpc-default-executor-4] INFO  client.GrpcClientProtocolClient (GrpcClientProtocolClient.java:onNext(255)) - client-B268B4322F32->17750241-545b-4219-93a1-14a6ea3d85be: receive RaftClientReply:client-B268B4322F32->17750241-545b-4219-93a1-14a6ea3d85be@group-C33FBD9556F2, cid=1354, SUCCESS, logIndex=1922, commits[17750241-545b-4219-93a1-14a6ea3d85be:c1922, 4eaaa090-573e-41d3-9f8c-c99e236d806a:c1920, 5f4cf9ee-4bed-49de-adaa-861aec894328:c1920]
2019-08-23 02:48:15,764 | INFO  | DNAudit | user=null | ip=null | op=WRITE_CHUNK {blockData=conID: 2 locID: 102664011491836382 bcsId: 1922} | ret=SUCCESS |  
2019-08-23 02:48:15,764 | INFO  | DNAudit | user=null | ip=null | op=WRITE_CHUNK {blockData=conID: 2 locID: 102664011491836382 bcsId: 1917} | ret=SUCCESS |  
2019-08-23 02:48:15,764 | INFO  | DNAudit | user=null | ip=null | op=WRITE_CHUNK {blockData=conID: 2 locID: 102664011491836382 bcsId: 1917} | ret=SUCCESS |  
2019-08-23 02:48:15,765 | INFO  | DNAudit | user=null | ip=null | op=PUT_BLOCK {blockData=[blockId=conID: 2 locID: 102664011491836382 bcsId: 0,size=3145728]} | ret=SUCCESS |  
2019-08-23 02:48:15,765 | INFO  | DNAudit | user=null | ip=null | op=PUT_BLOCK {blockData=[blockId=conID: 2 locID: 102664011491836382 bcsId: 0,size=3145728]} | ret=SUCCESS |  
2019-08-23 02:48:15,767 | INFO  | DNAudit | user=null | ip=null | op=WRITE_CHUNK {blockData=conID: 2 locID: 102664011491836382 bcsId: 1922} | ret=SUCCESS |  
2019-08-23 02:48:15,767 | INFO  | DNAudit | user=null | ip=null | op=WRITE_CHUNK {blockData=conID: 2 locID: 102664011491836382 bcsId: 1922} | ret=SUCCESS |  
2019-08-23 02:48:15,791 | INFO  | DNAudit | user=null | ip=null | op=WRITE_CHUNK {blockData=conID: 2 locID: 102664011491836382 bcsId: 1922} | ret=SUCCESS |  
2019-08-23 02:48:15,791 | INFO  | DNAudit | user=null | ip=null | op=PUT_BLOCK {blockData=[blockId=conID: 2 locID: 102664011491836382 bcsId: 0,size=4194304]} | ret=SUCCESS |  
2019-08-23 02:48:15,792 [grpc-default-executor-4] INFO  client.GrpcClientProtocolClient (GrpcClientProtocolClient.java:onNext(255)) - client-B268B4322F32->17750241-545b-4219-93a1-14a6ea3d85be: receive RaftClientReply:client-B268B4322F32->17750241-545b-4219-93a1-14a6ea3d85be@group-C33FBD9556F2, cid=1355, SUCCESS, logIndex=1925, commits[17750241-545b-4219-93a1-14a6ea3d85be:c1926, 4eaaa090-573e-41d3-9f8c-c99e236d806a:c1922, 5f4cf9ee-4bed-49de-adaa-861aec894328:c1922]
2019-08-23 02:48:15,793 [grpc-default-executor-4] INFO  client.GrpcClientProtocolClient (GrpcClientProtocolClient.java:onNext(255)) - client-B268B4322F32->17750241-545b-4219-93a1-14a6ea3d85be: receive RaftClientReply:client-B268B4322F32->17750241-545b-4219-93a1-14a6ea3d85be@group-C33FBD9556F2, cid=1356, SUCCESS, logIndex=1926, commits[17750241-545b-4219-93a1-14a6ea3d85be:c1926, 4eaaa090-573e-41d3-9f8c-c99e236d806a:c1922, 5f4cf9ee-4bed-49de-adaa-861aec894328:c1922]
2019-08-23 02:48:15,801 | INFO  | DNAudit | user=null | ip=null | op=WRITE_CHUNK {blockData=conID: 2 locID: 102664011491836382 bcsId: 1922} | ret=SUCCESS |  
2019-08-23 02:48:15,801 | INFO  | DNAudit | user=null | ip=null | op=WRITE_CHUNK {blockData=conID: 2 locID: 102664011491836382 bcsId: 1922} | ret=SUCCESS |  
2019-08-23 02:48:15,801 | INFO  | DNAudit | user=null | ip=null | op=PUT_BLOCK {blockData=[blockId=conID: 2 locID: 102664011491836382 bcsId: 0,size=4194304]} | ret=SUCCESS |  
2019-08-23 02:48:15,801 | INFO  | DNAudit | user=null | ip=null | op=PUT_BLOCK {blockData=[blockId=conID: 2 locID: 102664011491836382 bcsId: 0,size=4194304]} | ret=SUCCESS |  
2019-08-23 02:48:15,802 [grpc-default-executor-4] INFO  client.GrpcClientProtocolClient (GrpcClientProtocolClient.java:onNext(255)) - client-B268B4322F32->17750241-545b-4219-93a1-14a6ea3d85be: receive RaftClientReply:client-B268B4322F32->17750241-545b-4219-93a1-14a6ea3d85be@group-C33FBD9556F2, cid=1357, SUCCESS, logIndex=0, commits[17750241-545b-4219-93a1-14a6ea3d85be:c1927, 4eaaa090-573e-41d3-9f8c-c99e236d806a:c1926, 5f4cf9ee-4bed-49de-adaa-861aec894328:c1926]
2019-08-23 02:48:15,805 | INFO  | SCMAudit | user=jenkins1000 | ip=192.168.34.22 | op=ALLOCATE_BLOCK {owner=31d65bc3-3f70-45f5-bbc5-e3a15f967ba6, size=4194304, type=RATIS, factor=THREE} | ret=SUCCESS |  
2019-08-23 02:48:15,809 | INFO  | OMAudit | user=jenkins1000 | ip=127.0.0.1 | op=ALLOCATE_BLOCK {volume=vol-0-78052, bucket=bucket-0-33874, key=key-0-20719, dataSize=2147483657, replicationType=RATIS, replicationFactor=THREE, keyLocationInfo=[], clientID=102664010308846034} | ret=SUCCESS |  
2019-08-23 02:48:15,823 | INFO  | DNAudit | user=null | ip=null | op=WRITE_CHUNK {blockData=conID: 3 locID: 102664011501076959 bcsId: 0} | ret=SUCCESS |  
2019-08-23 02:48:15,826 | INFO  | DNAudit | user=null | ip=null | op=WRITE_CHUNK {blockData=conID: 3 locID: 102664011501076959 bcsId: 0} | ret=SUCCESS |  
2019-08-23 02:48:15,826 | INFO  | DNAudit | user=null | ip=null | op=WRITE_CHUNK {blockData=conID: 3 locID: 102664011501076959 bcsId: 0} | ret=SUCCESS |  
2019-08-23 02:48:15,826 | INFO  | DNAudit | user=null | ip=null | op=WRITE_CHUNK {blockData=conID: 3 locID: 102664011501076959 bcsId: 0} | ret=SUCCESS |  
2019-08-23 02:48:15,828 | INFO  | DNAudit | user=null | ip=null | op=WRITE_CHUNK {blockData=conID: 3 locID: 102664011501076959 bcsId: 0} | ret=SUCCESS |  
2019-08-23 02:48:15,829 | INFO  | DNAudit | user=null | ip=null | op=WRITE_CHUNK {blockData=conID: 3 locID: 102664011501076959 bcsId: 0} | ret=SUCCESS |  
2019-08-23 02:48:15,835 | INFO  | DNAudit | user=null | ip=null | op=WRITE_CHUNK {blockData=conID: 3 locID: 102664011501076959 bcsId: 0} | ret=SUCCESS |  
2019-08-23 02:48:15,836 | INFO  | DNAudit | user=null | ip=null | op=PUT_BLOCK {blockData=[blockId=conID: 3 locID: 102664011501076959 bcsId: 0,size=1048576]} | ret=SUCCESS |  
2019-08-23 02:48:15,836 | INFO  | DNAudit | user=null | ip=null | op=WRITE_CHUNK {blockData=conID: 3 locID: 102664011501076959 bcsId: 0} | ret=SUCCESS |  
2019-08-23 02:48:15,836 [grpc-default-executor-5] INFO  client.GrpcClientProtocolClient (GrpcClientProtocolClient.java:onNext(255)) - client-B268B4322F32->17750241-545b-4219-93a1-14a6ea3d85be: receive RaftClientReply:client-B268B4322F32->17750241-545b-4219-93a1-14a6ea3d85be@group-C33FBD9556F2, cid=1358, SUCCESS, logIndex=1929, commits[17750241-545b-4219-93a1-14a6ea3d85be:c1932, 4eaaa090-573e-41d3-9f8c-c99e236d806a:c1928, 5f4cf9ee-4bed-49de-adaa-861aec894328:c1928]
2019-08-23 02:48:15,836 | INFO  | DNAudit | user=null | ip=null | op=PUT_BLOCK {blockData=[blockId=conID: 3 locID: 102664011501076959 bcsId: 0,size=2097152]} | ret=SUCCESS |  
2019-08-23 02:48:15,837 | INFO  | DNAudit | user=null | ip=null | op=WRITE_CHUNK {blockData=conID: 3 locID: 102664011501076959 bcsId: 0} | ret=SUCCESS |  
2019-08-23 02:48:15,836 [grpc-default-executor-5] INFO  client.GrpcClientProtocolClient (GrpcClientProtocolClient.java:onNext(255)) - client-B268B4322F32->17750241-545b-4219-93a1-14a6ea3d85be: receive RaftClientReply:client-B268B4322F32->17750241-545b-4219-93a1-14a6ea3d85be@group-C33FBD9556F2, cid=1359, SUCCESS, logIndex=1930, commits[17750241-545b-4219-93a1-14a6ea3d85be:c1932, 4eaaa090-573e-41d3-9f8c-c99e236d806a:c1928, 5f4cf9ee-4bed-49de-adaa-861aec894328:c1928]
2019-08-23 02:48:15,837 | INFO  | DNAudit | user=null | ip=null | op=PUT_BLOCK {blockData=[blockId=conID: 3 locID: 102664011501076959 bcsId: 0,size=1048576]} | ret=SUCCESS |  
2019-08-23 02:48:15,837 [grpc-default-executor-5] INFO  client.GrpcClientProtocolClient (GrpcClientProtocolClient.java:onNext(255)) - client-B268B4322F32->17750241-545b-4219-93a1-14a6ea3d85be: receive RaftClientReply:client-B268B4322F32->17750241-545b-4219-93a1-14a6ea3d85be@group-C33FBD9556F2, cid=1360, SUCCESS, logIndex=1931, commits[17750241-545b-4219-93a1-14a6ea3d85be:c1932, 4eaaa090-573e-41d3-9f8c-c99e236d806a:c1928, 5f4cf9ee-4bed-49de-adaa-861aec894328:c1928]
2019-08-23 02:48:15,837 [grpc-default-executor-5] INFO  client.GrpcClientProtocolClient (GrpcClientProtocolClient.java:onNext(255)) - client-B268B4322F32->17750241-545b-4219-93a1-14a6ea3d85be: receive RaftClientReply:client-B268B4322F32->17750241-545b-4219-93a1-14a6ea3d85be@group-C33FBD9556F2, cid=1361, SUCCESS, logIndex=1932, commits[17750241-545b-4219-93a1-14a6ea3d85be:c1932, 4eaaa090-573e-41d3-9f8c-c99e236d806a:c1930, 5f4cf9ee-4bed-49de-adaa-861aec894328:c1928]
2019-08-23 02:48:15,838 | INFO  | DNAudit | user=null | ip=null | op=WRITE_CHUNK {blockData=conID: 3 locID: 102664011501076959 bcsId: 0} | ret=SUCCESS |  
2019-08-23 02:48:15,839 | INFO  | DNAudit | user=null | ip=null | op=PUT_BLOCK {blockData=[blockId=conID: 3 locID: 102664011501076959 bcsId: 0,size=1048576]} | ret=SUCCESS |  
2019-08-23 02:48:15,840 | INFO  | DNAudit | user=null | ip=null | op=WRITE_CHUNK {blockData=conID: 3 locID: 102664011501076959 bcsId: 0} | ret=SUCCESS |  
2019-08-23 02:48:15,840 | INFO  | DNAudit | user=null | ip=null | op=PUT_BLOCK {blockData=[blockId=conID: 3 locID: 102664011501076959 bcsId: 0,size=2097152]} | ret=SUCCESS |  
2019-08-23 02:48:15,840 [grpc-default-executor-5] INFO  client.GrpcClientProtocolClient (GrpcClientProtocolClient.java:onNext(255)) - client-B268B4322F32->17750241-545b-4219-93a1-14a6ea3d85be: receive RaftClientReply:client-B268B4322F32->17750241-545b-4219-93a1-14a6ea3d85be@group-C33FBD9556F2, cid=1362, SUCCESS, logIndex=0, commits[17750241-545b-4219-93a1-14a6ea3d85be:c1933, 4eaaa090-573e-41d3-9f8c-c99e236d806a:c1930, 5f4cf9ee-4bed-49de-adaa-861aec894328:c1930]
2019-08-23 02:48:15,840 | INFO  | DNAudit | user=null | ip=null | op=WRITE_CHUNK {blockData=conID: 3 locID: 102664011501076959 bcsId: 0} | ret=SUCCESS |  
2019-08-23 02:48:15,840 | INFO  | DNAudit | user=null | ip=null | op=PUT_BLOCK {blockData=[blockId=conID: 3 locID: 102664011501076959 bcsId: 0,size=2097152]} | ret=SUCCESS |  
2019-08-23 02:48:15,848 | INFO  | DNAudit | user=null | ip=null | op=WRITE_CHUNK {blockData=conID: 3 locID: 102664011501076959 bcsId: 1932} | ret=SUCCESS |  
2019-08-23 02:48:15,851 | INFO  | DNAudit | user=null | ip=null | op=WRITE_CHUNK {blockData=conID: 3 locID: 102664011501076959 bcsId: 1932} | ret=SUCCESS |  
2019-08-23 02:48:15,852 | INFO  | DNAudit | user=null | ip=null | op=WRITE_CHUNK {blockData=conID: 3 locID: 102664011501076959 bcsId: 1932} | ret=SUCCESS |  
2019-08-23 02:48:15,859 | INFO  | DNAudit | user=null | ip=null | op=WRITE_CHUNK {blockData=conID: 3 locID: 102664011501076959 bcsId: 1932} | ret=SUCCESS |  
2019-08-23 02:48:15,860 | INFO  | DNAudit | user=null | ip=null | op=PUT_BLOCK {blockData=[blockId=conID: 3 locID: 102664011501076959 bcsId: 0,size=3145728]} | ret=SUCCESS |  
2019-08-23 02:48:15,860 [grpc-default-executor-5] INFO  client.GrpcClientProtocolClient (GrpcClientProtocolClient.java:onNext(255)) - client-B268B4322F32->17750241-545b-4219-93a1-14a6ea3d85be: receive RaftClientReply:client-B268B4322F32->17750241-545b-4219-93a1-14a6ea3d85be@group-C33FBD9556F2, cid=1363, SUCCESS, logIndex=1937, commits[17750241-545b-4219-93a1-14a6ea3d85be:c1938, 4eaaa090-573e-41d3-9f8c-c99e236d806a:c1936, 5f4cf9ee-4bed-49de-adaa-861aec894328:c1936]
2019-08-23 02:48:15,860 [grpc-default-executor-5] INFO  client.GrpcClientProtocolClient (GrpcClientProtocolClient.java:onNext(255)) - client-B268B4322F32->17750241-545b-4219-93a1-14a6ea3d85be: receive RaftClientReply:client-B268B4322F32->17750241-545b-4219-93a1-14a6ea3d85be@group-C33FBD9556F2, cid=1364, SUCCESS, logIndex=1938, commits[17750241-545b-4219-93a1-14a6ea3d85be:c1938, 4eaaa090-573e-41d3-9f8c-c99e236d806a:c1936, 5f4cf9ee-4bed-49de-adaa-861aec894328:c1936]
2019-08-23 02:48:15,868 | INFO  | DNAudit | user=null | ip=null | op=WRITE_CHUNK {blockData=conID: 3 locID: 102664011501076959 bcsId: 1938} | ret=SUCCESS |  
2019-08-23 02:48:15,870 | INFO  | DNAudit | user=null | ip=null | op=WRITE_CHUNK {blockData=conID: 3 locID: 102664011501076959 bcsId: 1932} | ret=SUCCESS |  
2019-08-23 02:48:15,870 | INFO  | DNAudit | user=null | ip=null | op=WRITE_CHUNK {blockData=conID: 3 locID: 102664011501076959 bcsId: 1932} | ret=SUCCESS |  
2019-08-23 02:48:15,870 | INFO  | DNAudit | user=null | ip=null | op=PUT_BLOCK {blockData=[blockId=conID: 3 locID: 102664011501076959 bcsId: 0,size=3145728]} | ret=SUCCESS |  
2019-08-23 02:48:15,870 | INFO  | DNAudit | user=null | ip=null | op=PUT_BLOCK {blockData=[blockId=conID: 3 locID: 102664011501076959 bcsId: 0,size=3145728]} | ret=SUCCESS |  
2019-08-23 02:48:15,871 | INFO  | DNAudit | user=null | ip=null | op=WRITE_CHUNK {blockData=conID: 3 locID: 102664011501076959 bcsId: 1938} | ret=SUCCESS |  
2019-08-23 02:48:15,871 | INFO  | DNAudit | user=null | ip=null | op=WRITE_CHUNK {blockData=conID: 3 locID: 102664011501076959 bcsId: 1938} | ret=SUCCESS |  
2019-08-23 02:48:15,882 | INFO  | DNAudit | user=null | ip=null | op=WRITE_CHUNK {blockData=conID: 3 locID: 102664011501076959 bcsId: 1938} | ret=SUCCESS |  
2019-08-23 02:48:15,883 | INFO  | DNAudit | user=null | ip=null | op=PUT_BLOCK {blockData=[blockId=conID: 3 locID: 102664011501076959 bcsId: 0,size=4194304]} | ret=SUCCESS |  
2019-08-23 02:48:15,883 [grpc-default-executor-4] INFO  client.GrpcClientProtocolClient (GrpcClientProtocolClient.java:onNext(255)) - client-B268B4322F32->17750241-545b-4219-93a1-14a6ea3d85be: receive RaftClientReply:client-B268B4322F32->17750241-545b-4219-93a1-14a6ea3d85be@group-C33FBD9556F2, cid=1365, SUCCESS, logIndex=1941, commits[17750241-545b-4219-93a1-14a6ea3d85be:c1941, 4eaaa090-573e-41d3-9f8c-c99e236d806a:c1938, 5f4cf9ee-4bed-49de-adaa-861aec894328:c1938]
2019-08-23 02:48:15,884 [grpc-default-executor-4] INFO  client.GrpcClientProtocolClient (GrpcClientProtocolClient.java:onNext(255)) - client-B268B4322F32->17750241-545b-4219-93a1-14a6ea3d85be: receive RaftClientReply:client-B268B4322F32->17750241-545b-4219-93a1-14a6ea3d85be@group-C33FBD9556F2, cid=1366, SUCCESS, logIndex=1942, commits[17750241-545b-4219-93a1-14a6ea3d85be:c1942, 4eaaa090-573e-41d3-9f8c-c99e236d806a:c1938, 5f4cf9ee-4bed-49de-adaa-861aec894328:c1938]
2019-08-23 02:48:15,886 | INFO  | SCMAudit | user=jenkins1000 | ip=192.168.34.22 | op=SEND_HEARTBEAT {datanodeUUID=0cedf437-a8af-4d70-bac5-ea9863093e86, command=[]} | ret=SUCCESS |  
2019-08-23 02:48:15,912 | INFO  | DNAudit | user=null | ip=null | op=WRITE_CHUNK {blockData=conID: 3 locID: 102664011501076959 bcsId: 1938} | ret=SUCCESS |  
2019-08-23 02:48:15,912 | INFO  | DNAudit | user=null | ip=null | op=WRITE_CHUNK {blockData=conID: 3 locID: 102664011501076959 bcsId: 1938} | ret=SUCCESS |  
2019-08-23 02:48:15,913 | INFO  | DNAudit | user=null | ip=null | op=PUT_BLOCK {blockData=[blockId=conID: 3 locID: 102664011501076959 bcsId: 0,size=4194304]} | ret=SUCCESS |  
2019-08-23 02:48:15,915 | INFO  | DNAudit | user=null | ip=null | op=PUT_BLOCK {blockData=[blockId=conID: 3 locID: 102664011501076959 bcsId: 0,size=4194304]} | ret=SUCCESS |  
2019-08-23 02:48:15,917 [grpc-default-executor-4] INFO  client.GrpcClientProtocolClient (GrpcClientProtocolClient.java:onNext(255)) - client-B268B4322F32->17750241-545b-4219-93a1-14a6ea3d85be: receive RaftClientReply:client-B268B4322F32->17750241-545b-4219-93a1-14a6ea3d85be@group-C33FBD9556F2, cid=1367, SUCCESS, logIndex=0, commits[17750241-545b-4219-93a1-14a6ea3d85be:c1944, 4eaaa090-573e-41d3-9f8c-c99e236d806a:c1942, 5f4cf9ee-4bed-49de-adaa-861aec894328:c1942]
2019-08-23 02:48:15,919 | INFO  | SCMAudit | user=jenkins1000 | ip=192.168.34.22 | op=ALLOCATE_BLOCK {owner=31d65bc3-3f70-45f5-bbc5-e3a15f967ba6, size=4194304, type=RATIS, factor=THREE} | ret=SUCCESS |  
2019-08-23 02:48:15,924 | INFO  | OMAudit | user=jenkins1000 | ip=127.0.0.1 | op=ALLOCATE_BLOCK {volume=vol-0-78052, bucket=bucket-0-33874, key=key-0-20719, dataSize=2147483657, replicationType=RATIS, replicationFactor=THREE, keyLocationInfo=[], clientID=102664010308846034} | ret=SUCCESS |  
2019-08-23 02:48:15,936 | INFO  | DNAudit | user=null | ip=null | op=WRITE_CHUNK {blockData=conID: 1 locID: 102664011508548064 bcsId: 0} | ret=SUCCESS |  
2019-08-23 02:48:15,941 | INFO  | DNAudit | user=null | ip=null | op=WRITE_CHUNK {blockData=conID: 1 locID: 102664011508548064 bcsId: 0} | ret=SUCCESS |  
2019-08-23 02:48:15,941 | INFO  | DNAudit | user=null | ip=null | op=WRITE_CHUNK {blockData=conID: 1 locID: 102664011508548064 bcsId: 0} | ret=SUCCESS |  
2019-08-23 02:48:15,941 | INFO  | DNAudit | user=null | ip=null | op=WRITE_CHUNK {blockData=conID: 1 locID: 102664011508548064 bcsId: 0} | ret=SUCCESS |  
2019-08-23 02:48:15,944 | INFO  | DNAudit | user=null | ip=null | op=WRITE_CHUNK {blockData=conID: 1 locID: 102664011508548064 bcsId: 0} | ret=SUCCESS |  
2019-08-23 02:48:15,944 | INFO  | DNAudit | user=null | ip=null | op=WRITE_CHUNK {blockData=conID: 1 locID: 102664011508548064 bcsId: 0} | ret=SUCCESS |  
2019-08-23 02:48:15,950 | INFO  | DNAudit | user=null | ip=null | op=WRITE_CHUNK {blockData=conID: 1 locID: 102664011508548064 bcsId: 0} | ret=SUCCESS |  
2019-08-23 02:48:15,950 | INFO  | DNAudit | user=null | ip=null | op=PUT_BLOCK {blockData=[blockId=conID: 1 locID: 102664011508548064 bcsId: 0,size=1048576]} | ret=SUCCESS |  
2019-08-23 02:48:15,950 [grpc-default-executor-1] INFO  client.GrpcClientProtocolClient (GrpcClientProtocolClient.java:onNext(255)) - client-B268B4322F32->17750241-545b-4219-93a1-14a6ea3d85be: receive RaftClientReply:client-B268B4322F32->17750241-545b-4219-93a1-14a6ea3d85be@group-C33FBD9556F2, cid=1368, SUCCESS, logIndex=1945, commits[17750241-545b-4219-93a1-14a6ea3d85be:c1948, 4eaaa090-573e-41d3-9f8c-c99e236d806a:c1944, 5f4cf9ee-4bed-49de-adaa-861aec894328:c1944]
2019-08-23 02:48:15,951 | INFO  | DNAudit | user=null | ip=null | op=WRITE_CHUNK {blockData=conID: 1 locID: 102664011508548064 bcsId: 0} | ret=SUCCESS |  
2019-08-23 02:48:15,951 | INFO  | DNAudit | user=null | ip=null | op=PUT_BLOCK {blockData=[blockId=conID: 1 locID: 102664011508548064 bcsId: 0,size=2097152]} | ret=SUCCESS |  
2019-08-23 02:48:15,951 [grpc-default-executor-1] INFO  client.GrpcClientProtocolClient (GrpcClientProtocolClient.java:onNext(255)) - client-B268B4322F32->17750241-545b-4219-93a1-14a6ea3d85be: receive RaftClientReply:client-B268B4322F32->17750241-545b-4219-93a1-14a6ea3d85be@group-C33FBD9556F2, cid=1369, SUCCESS, logIndex=1946, commits[17750241-545b-4219-93a1-14a6ea3d85be:c1948, 4eaaa090-573e-41d3-9f8c-c99e236d806a:c1944, 5f4cf9ee-4bed-49de-adaa-861aec894328:c1944]
2019-08-23 02:48:15,951 [grpc-default-executor-1] INFO  client.GrpcClientProtocolClient (GrpcClientProtocolClient.java:onNext(255)) - client-B268B4322F32->17750241-545b-4219-93a1-14a6ea3d85be: receive RaftClientReply:client-B268B4322F32->17750241-545b-4219-93a1-14a6ea3d85be@group-C33FBD9556F2, cid=1370, SUCCESS, logIndex=1947, commits[17750241-545b-4219-93a1-14a6ea3d85be:c1948, 4eaaa090-573e-41d3-9f8c-c99e236d806a:c1944, 5f4cf9ee-4bed-49de-adaa-861aec894328:c1944]
2019-08-23 02:48:15,952 [grpc-default-executor-1] INFO  client.GrpcClientProtocolClient (GrpcClientProtocolClient.java:onNext(255)) - client-B268B4322F32->17750241-545b-4219-93a1-14a6ea3d85be: receive RaftClientReply:client-B268B4322F32->17750241-545b-4219-93a1-14a6ea3d85be@group-C33FBD9556F2, cid=1371, SUCCESS, logIndex=1948, commits[17750241-545b-4219-93a1-14a6ea3d85be:c1948, 4eaaa090-573e-41d3-9f8c-c99e236d806a:c1944, 5f4cf9ee-4bed-49de-adaa-861aec894328:c1944]
2019-08-23 02:48:15,961 | INFO  | DNAudit | user=null | ip=null | op=WRITE_CHUNK {blockData=conID: 1 locID: 102664011508548064 bcsId: 0} | ret=SUCCESS |  
2019-08-23 02:48:15,961 | INFO  | DNAudit | user=null | ip=null | op=WRITE_CHUNK {blockData=conID: 1 locID: 102664011508548064 bcsId: 0} | ret=SUCCESS |  
2019-08-23 02:48:15,961 | INFO  | DNAudit | user=null | ip=null | op=PUT_BLOCK {blockData=[blockId=conID: 1 locID: 102664011508548064 bcsId: 0,size=1048576]} | ret=SUCCESS |  
2019-08-23 02:48:15,964 | INFO  | DNAudit | user=null | ip=null | op=PUT_BLOCK {blockData=[blockId=conID: 1 locID: 102664011508548064 bcsId: 0,size=1048576]} | ret=SUCCESS |  
2019-08-23 02:48:15,964 | INFO  | DNAudit | user=null | ip=null | op=WRITE_CHUNK {blockData=conID: 1 locID: 102664011508548064 bcsId: 0} | ret=SUCCESS |  
2019-08-23 02:48:15,964 | INFO  | DNAudit | user=null | ip=null | op=WRITE_CHUNK {blockData=conID: 1 locID: 102664011508548064 bcsId: 0} | ret=SUCCESS |  
2019-08-23 02:48:15,965 | INFO  | DNAudit | user=null | ip=null | op=PUT_BLOCK {blockData=[blockId=conID: 1 locID: 102664011508548064 bcsId: 0,size=2097152]} | ret=SUCCESS |  
2019-08-23 02:48:15,965 | INFO  | DNAudit | user=null | ip=null | op=PUT_BLOCK {blockData=[blockId=conID: 1 locID: 102664011508548064 bcsId: 0,size=2097152]} | ret=SUCCESS |  
2019-08-23 02:48:15,965 [grpc-default-executor-5] INFO  client.GrpcClientProtocolClient (GrpcClientProtocolClient.java:onNext(255)) - client-B268B4322F32->17750241-545b-4219-93a1-14a6ea3d85be: receive RaftClientReply:client-B268B4322F32->17750241-545b-4219-93a1-14a6ea3d85be@group-C33FBD9556F2, cid=1372, SUCCESS, logIndex=0, commits[17750241-545b-4219-93a1-14a6ea3d85be:c1949, 4eaaa090-573e-41d3-9f8c-c99e236d806a:c1946, 5f4cf9ee-4bed-49de-adaa-861aec894328:c1946]
2019-08-23 02:48:15,974 | INFO  | DNAudit | user=null | ip=null | op=WRITE_CHUNK {blockData=conID: 1 locID: 102664011508548064 bcsId: 1948} | ret=SUCCESS |  
2019-08-23 02:48:15,977 | INFO  | DNAudit | user=null | ip=null | op=WRITE_CHUNK {blockData=conID: 1 locID: 102664011508548064 bcsId: 1948} | ret=SUCCESS |  
2019-08-23 02:48:15,977 | INFO  | DNAudit | user=null | ip=null | op=WRITE_CHUNK {blockData=conID: 1 locID: 102664011508548064 bcsId: 1948} | ret=SUCCESS |  
2019-08-23 02:48:15,987 | INFO  | DNAudit | user=null | ip=null | op=WRITE_CHUNK {blockData=conID: 1 locID: 102664011508548064 bcsId: 1948} | ret=SUCCESS |  
2019-08-23 02:48:15,987 | INFO  | DNAudit | user=null | ip=null | op=PUT_BLOCK {blockData=[blockId=conID: 1 locID: 102664011508548064 bcsId: 0,size=3145728]} | ret=SUCCESS |  
2019-08-23 02:48:15,988 [grpc-default-executor-5] INFO  client.GrpcClientProtocolClient (GrpcClientProtocolClient.java:onNext(255)) - client-B268B4322F32->17750241-545b-4219-93a1-14a6ea3d85be: receive RaftClientReply:client-B268B4322F32->17750241-545b-4219-93a1-14a6ea3d85be@group-C33FBD9556F2, cid=1373, SUCCESS, logIndex=1953, commits[17750241-545b-4219-93a1-14a6ea3d85be:c1954, 4eaaa090-573e-41d3-9f8c-c99e236d806a:c1952, 5f4cf9ee-4bed-49de-adaa-861aec894328:c1952]
2019-08-23 02:48:15,989 [grpc-default-executor-5] INFO  client.GrpcClientProtocolClient (GrpcClientProtocolClient.java:onNext(255)) - client-B268B4322F32->17750241-545b-4219-93a1-14a6ea3d85be: receive RaftClientReply:client-B268B4322F32->17750241-545b-4219-93a1-14a6ea3d85be@group-C33FBD9556F2, cid=1374, SUCCESS, logIndex=1954, commits[17750241-545b-4219-93a1-14a6ea3d85be:c1954, 4eaaa090-573e-41d3-9f8c-c99e236d806a:c1952, 5f4cf9ee-4bed-49de-adaa-861aec894328:c1952]
2019-08-23 02:48:16,000 | INFO  | DNAudit | user=null | ip=null | op=WRITE_CHUNK {blockData=conID: 1 locID: 102664011508548064 bcsId: 1948} | ret=SUCCESS |  
2019-08-23 02:48:16,000 | INFO  | DNAudit | user=null | ip=null | op=WRITE_CHUNK {blockData=conID: 1 locID: 102664011508548064 bcsId: 1948} | ret=SUCCESS |  
2019-08-23 02:48:16,002 | INFO  | DNAudit | user=null | ip=null | op=WRITE_CHUNK {blockData=conID: 1 locID: 102664011508548064 bcsId: 1954} | ret=SUCCESS |  
2019-08-23 02:48:16,002 | INFO  | DNAudit | user=null | ip=null | op=WRITE_CHUNK {blockData=conID: 1 locID: 102664011508548064 bcsId: 1954} | ret=SUCCESS |  
2019-08-23 02:48:16,002 | INFO  | DNAudit | user=null | ip=null | op=WRITE_CHUNK {blockData=conID: 1 locID: 102664011508548064 bcsId: 1954} | ret=SUCCESS |  
2019-08-23 02:48:16,016 | INFO  | DNAudit | user=null | ip=null | op=PUT_BLOCK {blockData=[blockId=conID: 1 locID: 102664011508548064 bcsId: 0,size=3145728]} | ret=SUCCESS |  
2019-08-23 02:48:16,016 | INFO  | DNAudit | user=null | ip=null | op=PUT_BLOCK {blockData=[blockId=conID: 1 locID: 102664011508548064 bcsId: 0,size=3145728]} | ret=SUCCESS |  
2019-08-23 02:48:16,016 | INFO  | DNAudit | user=null | ip=null | op=WRITE_CHUNK {blockData=conID: 1 locID: 102664011508548064 bcsId: 1954} | ret=SUCCESS |  
2019-08-23 02:48:16,016 | INFO  | DNAudit | user=null | ip=null | op=PUT_BLOCK {blockData=[blockId=conID: 1 locID: 102664011508548064 bcsId: 0,size=4194304]} | ret=SUCCESS |  
2019-08-23 02:48:16,017 [grpc-default-executor-6] INFO  client.GrpcClientProtocolClient (GrpcClientProtocolClient.java:onNext(255)) - client-B268B4322F32->17750241-545b-4219-93a1-14a6ea3d85be: receive RaftClientReply:client-B268B4322F32->17750241-545b-4219-93a1-14a6ea3d85be@group-C33FBD9556F2, cid=1375, SUCCESS, logIndex=1957, commits[17750241-545b-4219-93a1-14a6ea3d85be:c1958, 4eaaa090-573e-41d3-9f8c-c99e236d806a:c1954, 5f4cf9ee-4bed-49de-adaa-861aec894328:c1954]
2019-08-23 02:48:16,017 [grpc-default-executor-6] INFO  client.GrpcClientProtocolClient (GrpcClientProtocolClient.java:onNext(255)) - client-B268B4322F32->17750241-545b-4219-93a1-14a6ea3d85be: receive RaftClientReply:client-B268B4322F32->17750241-545b-4219-93a1-14a6ea3d85be@group-C33FBD9556F2, cid=1376, SUCCESS, logIndex=1958, commits[17750241-545b-4219-93a1-14a6ea3d85be:c1958, 4eaaa090-573e-41d3-9f8c-c99e236d806a:c1954, 5f4cf9ee-4bed-49de-adaa-861aec894328:c1954]
2019-08-23 02:48:16,029 | INFO  | DNAudit | user=null | ip=null | op=WRITE_CHUNK {blockData=conID: 1 locID: 102664011508548064 bcsId: 1954} | ret=SUCCESS |  
2019-08-23 02:48:16,029 | INFO  | DNAudit | user=null | ip=null | op=WRITE_CHUNK {blockData=conID: 1 locID: 102664011508548064 bcsId: 1954} | ret=SUCCESS |  
2019-08-23 02:48:16,041 | INFO  | DNAudit | user=null | ip=null | op=PUT_BLOCK {blockData=[blockId=conID: 1 locID: 102664011508548064 bcsId: 0,size=4194304]} | ret=SUCCESS |  
2019-08-23 02:48:16,041 | INFO  | DNAudit | user=null | ip=null | op=PUT_BLOCK {blockData=[blockId=conID: 1 locID: 102664011508548064 bcsId: 0,size=4194304]} | ret=SUCCESS |  
2019-08-23 02:48:16,043 [grpc-default-executor-6] INFO  client.GrpcClientProtocolClient (GrpcClientProtocolClient.java:onNext(255)) - client-B268B4322F32->17750241-545b-4219-93a1-14a6ea3d85be: receive RaftClientReply:client-B268B4322F32->17750241-545b-4219-93a1-14a6ea3d85be@group-C33FBD9556F2, cid=1377, SUCCESS, logIndex=0, commits[17750241-545b-4219-93a1-14a6ea3d85be:c1960, 4eaaa090-573e-41d3-9f8c-c99e236d806a:c1958, 5f4cf9ee-4bed-49de-adaa-861aec894328:c1958]
2019-08-23 02:48:16,045 | INFO  | SCMAudit | user=jenkins1000 | ip=192.168.34.22 | op=ALLOCATE_BLOCK {owner=31d65bc3-3f70-45f5-bbc5-e3a15f967ba6, size=4194304, type=RATIS, factor=THREE} | ret=SUCCESS |  
2019-08-23 02:48:16,049 | INFO  | OMAudit | user=jenkins1000 | ip=127.0.0.1 | op=ALLOCATE_BLOCK {volume=vol-0-78052, bucket=bucket-0-33874, key=key-0-20719, dataSize=2147483657, replicationType=RATIS, replicationFactor=THREE, keyLocationInfo=[], clientID=102664010308846034} | ret=SUCCESS |  
2019-08-23 02:48:16,061 | INFO  | DNAudit | user=null | ip=null | op=WRITE_CHUNK {blockData=conID: 2 locID: 102664011516805601 bcsId: 0} | ret=SUCCESS |  
2019-08-23 02:48:16,063 | INFO  | DNAudit | user=null | ip=null | op=WRITE_CHUNK {blockData=conID: 2 locID: 102664011516805601 bcsId: 0} | ret=SUCCESS |  
2019-08-23 02:48:16,063 | INFO  | DNAudit | user=null | ip=null | op=WRITE_CHUNK {blockData=conID: 2 locID: 102664011516805601 bcsId: 0} | ret=SUCCESS |  
2019-08-23 02:48:16,064 | INFO  | DNAudit | user=null | ip=null | op=WRITE_CHUNK {blockData=conID: 2 locID: 102664011516805601 bcsId: 0} | ret=SUCCESS |  
2019-08-23 02:48:16,065 | INFO  | DNAudit | user=null | ip=null | op=WRITE_CHUNK {blockData=conID: 2 locID: 102664011516805601 bcsId: 0} | ret=SUCCESS |  
2019-08-23 02:48:16,065 | INFO  | DNAudit | user=null | ip=null | op=WRITE_CHUNK {blockData=conID: 2 locID: 102664011516805601 bcsId: 0} | ret=SUCCESS |  
2019-08-23 02:48:16,078 | INFO  | DNAudit | user=null | ip=null | op=WRITE_CHUNK {blockData=conID: 2 locID: 102664011516805601 bcsId: 0} | ret=SUCCESS |  
2019-08-23 02:48:16,079 | INFO  | DNAudit | user=null | ip=null | op=PUT_BLOCK {blockData=[blockId=conID: 2 locID: 102664011516805601 bcsId: 0,size=1048576]} | ret=SUCCESS |  
2019-08-23 02:48:16,079 [grpc-default-executor-5] INFO  client.GrpcClientProtocolClient (GrpcClientProtocolClient.java:onNext(255)) - client-B268B4322F32->17750241-545b-4219-93a1-14a6ea3d85be: receive RaftClientReply:client-B268B4322F32->17750241-545b-4219-93a1-14a6ea3d85be@group-C33FBD9556F2, cid=1378, SUCCESS, logIndex=1961, commits[17750241-545b-4219-93a1-14a6ea3d85be:c1962, 4eaaa090-573e-41d3-9f8c-c99e236d806a:c1960, 5f4cf9ee-4bed-49de-adaa-861aec894328:c1960]
2019-08-23 02:48:16,079 | INFO  | DNAudit | user=null | ip=null | op=WRITE_CHUNK {blockData=conID: 2 locID: 102664011516805601 bcsId: 0} | ret=SUCCESS |  
2019-08-23 02:48:16,079 [grpc-default-executor-5] INFO  client.GrpcClientProtocolClient (GrpcClientProtocolClient.java:onNext(255)) - client-B268B4322F32->17750241-545b-4219-93a1-14a6ea3d85be: receive RaftClientReply:client-B268B4322F32->17750241-545b-4219-93a1-14a6ea3d85be@group-C33FBD9556F2, cid=1379, SUCCESS, logIndex=1962, commits[17750241-545b-4219-93a1-14a6ea3d85be:c1964, 4eaaa090-573e-41d3-9f8c-c99e236d806a:c1960, 5f4cf9ee-4bed-49de-adaa-861aec894328:c1960]
2019-08-23 02:48:16,080 | INFO  | DNAudit | user=null | ip=null | op=PUT_BLOCK {blockData=[blockId=conID: 2 locID: 102664011516805601 bcsId: 0,size=2097152]} | ret=SUCCESS |  
2019-08-23 02:48:16,080 [grpc-default-executor-5] INFO  client.GrpcClientProtocolClient (GrpcClientProtocolClient.java:onNext(255)) - client-B268B4322F32->17750241-545b-4219-93a1-14a6ea3d85be: receive RaftClientReply:client-B268B4322F32->17750241-545b-4219-93a1-14a6ea3d85be@group-C33FBD9556F2, cid=1380, SUCCESS, logIndex=1963, commits[17750241-545b-4219-93a1-14a6ea3d85be:c1964, 4eaaa090-573e-41d3-9f8c-c99e236d806a:c1960, 5f4cf9ee-4bed-49de-adaa-861aec894328:c1960]
2019-08-23 02:48:16,080 [grpc-default-executor-5] INFO  client.GrpcClientProtocolClient (GrpcClientProtocolClient.java:onNext(255)) - client-B268B4322F32->17750241-545b-4219-93a1-14a6ea3d85be: receive RaftClientReply:client-B268B4322F32->17750241-545b-4219-93a1-14a6ea3d85be@group-C33FBD9556F2, cid=1381, SUCCESS, logIndex=1964, commits[17750241-545b-4219-93a1-14a6ea3d85be:c1964, 4eaaa090-573e-41d3-9f8c-c99e236d806a:c1960, 5f4cf9ee-4bed-49de-adaa-861aec894328:c1960]
2019-08-23 02:48:16,091 | INFO  | DNAudit | user=null | ip=null | op=WRITE_CHUNK {blockData=conID: 2 locID: 102664011516805601 bcsId: 0} | ret=SUCCESS |  
2019-08-23 02:48:16,091 | INFO  | DNAudit | user=null | ip=null | op=WRITE_CHUNK {blockData=conID: 2 locID: 102664011516805601 bcsId: 0} | ret=SUCCESS |  
2019-08-23 02:48:16,091 | INFO  | DNAudit | user=null | ip=null | op=PUT_BLOCK {blockData=[blockId=conID: 2 locID: 102664011516805601 bcsId: 0,size=1048576]} | ret=SUCCESS |  
2019-08-23 02:48:16,091 | INFO  | DNAudit | user=null | ip=null | op=PUT_BLOCK {blockData=[blockId=conID: 2 locID: 102664011516805601 bcsId: 0,size=1048576]} | ret=SUCCESS |  
2019-08-23 02:48:16,091 [grpc-default-executor-6] INFO  client.GrpcClientProtocolClient (GrpcClientProtocolClient.java:onNext(255)) - client-B268B4322F32->17750241-545b-4219-93a1-14a6ea3d85be: receive RaftClientReply:client-B268B4322F32->17750241-545b-4219-93a1-14a6ea3d85be@group-C33FBD9556F2, cid=1382, SUCCESS, logIndex=0, commits[17750241-545b-4219-93a1-14a6ea3d85be:c1964, 4eaaa090-573e-41d3-9f8c-c99e236d806a:c1962, 5f4cf9ee-4bed-49de-adaa-861aec894328:c1962]
2019-08-23 02:48:16,099 | INFO  | DNAudit | user=null | ip=null | op=WRITE_CHUNK {blockData=conID: 2 locID: 102664011516805601 bcsId: 1964} | ret=SUCCESS |  
2019-08-23 02:48:16,102 | INFO  | DNAudit | user=null | ip=null | op=WRITE_CHUNK {blockData=conID: 2 locID: 102664011516805601 bcsId: 1964} | ret=SUCCESS |  
2019-08-23 02:48:16,102 | INFO  | DNAudit | user=null | ip=null | op=WRITE_CHUNK {blockData=conID: 2 locID: 102664011516805601 bcsId: 1964} | ret=SUCCESS |  
2019-08-23 02:48:16,104 | INFO  | DNAudit | user=null | ip=null | op=WRITE_CHUNK {blockData=conID: 2 locID: 102664011516805601 bcsId: 0} | ret=SUCCESS |  
2019-08-23 02:48:16,104 | INFO  | DNAudit | user=null | ip=null | op=WRITE_CHUNK {blockData=conID: 2 locID: 102664011516805601 bcsId: 0} | ret=SUCCESS |  
2019-08-23 02:48:16,104 | INFO  | DNAudit | user=null | ip=null | op=PUT_BLOCK {blockData=[blockId=conID: 2 locID: 102664011516805601 bcsId: 0,size=2097152]} | ret=SUCCESS |  
2019-08-23 02:48:16,104 | INFO  | DNAudit | user=null | ip=null | op=PUT_BLOCK {blockData=[blockId=conID: 2 locID: 102664011516805601 bcsId: 0,size=2097152]} | ret=SUCCESS |  
2019-08-23 02:48:16,107 | INFO  | DNAudit | user=null | ip=null | op=WRITE_CHUNK {blockData=conID: 2 locID: 102664011516805601 bcsId: 1964} | ret=SUCCESS |  
2019-08-23 02:48:16,107 | INFO  | DNAudit | user=null | ip=null | op=PUT_BLOCK {blockData=[blockId=conID: 2 locID: 102664011516805601 bcsId: 0,size=3145728]} | ret=SUCCESS |  
2019-08-23 02:48:16,107 [grpc-default-executor-1] INFO  client.GrpcClientProtocolClient (GrpcClientProtocolClient.java:onNext(255)) - client-B268B4322F32->17750241-545b-4219-93a1-14a6ea3d85be: receive RaftClientReply:client-B268B4322F32->17750241-545b-4219-93a1-14a6ea3d85be@group-C33FBD9556F2, cid=1383, SUCCESS, logIndex=1968, commits[17750241-545b-4219-93a1-14a6ea3d85be:c1969, 4eaaa090-573e-41d3-9f8c-c99e236d806a:c1965, 5f4cf9ee-4bed-49de-adaa-861aec894328:c1965]
2019-08-23 02:48:16,108 [grpc-default-executor-1] INFO  client.GrpcClientProtocolClient (GrpcClientProtocolClient.java:onNext(255)) - client-B268B4322F32->17750241-545b-4219-93a1-14a6ea3d85be: receive RaftClientReply:client-B268B4322F32->17750241-545b-4219-93a1-14a6ea3d85be@group-C33FBD9556F2, cid=1384, SUCCESS, logIndex=1969, commits[17750241-545b-4219-93a1-14a6ea3d85be:c1969, 4eaaa090-573e-41d3-9f8c-c99e236d806a:c1965, 5f4cf9ee-4bed-49de-adaa-861aec894328:c1965]
2019-08-23 02:48:16,110 | INFO  | DNAudit | user=null | ip=null | op=WRITE_CHUNK {blockData=conID: 2 locID: 102664011516805601 bcsId: 1964} | ret=SUCCESS |  
2019-08-23 02:48:16,110 | INFO  | DNAudit | user=null | ip=null | op=WRITE_CHUNK {blockData=conID: 2 locID: 102664011516805601 bcsId: 1964} | ret=SUCCESS |  
2019-08-23 02:48:16,115 | INFO  | DNAudit | user=null | ip=null | op=WRITE_CHUNK {blockData=conID: 2 locID: 102664011516805601 bcsId: 1969} | ret=SUCCESS |  
2019-08-23 02:48:16,117 | INFO  | DNAudit | user=null | ip=null | op=WRITE_CHUNK {blockData=conID: 2 locID: 102664011516805601 bcsId: 1969} | ret=SUCCESS |  
2019-08-23 02:48:16,118 | INFO  | DNAudit | user=null | ip=null | op=WRITE_CHUNK {blockData=conID: 2 locID: 102664011516805601 bcsId: 1969} | ret=SUCCESS |  
2019-08-23 02:48:16,120 | INFO  | DNAudit | user=null | ip=null | op=PUT_BLOCK {blockData=[blockId=conID: 2 locID: 102664011516805601 bcsId: 0,size=3145728]} | ret=SUCCESS |  
2019-08-23 02:48:16,120 | INFO  | DNAudit | user=null | ip=null | op=PUT_BLOCK {blockData=[blockId=conID: 2 locID: 102664011516805601 bcsId: 0,size=3145728]} | ret=SUCCESS |  
2019-08-23 02:48:16,123 | INFO  | DNAudit | user=null | ip=null | op=WRITE_CHUNK {blockData=conID: 2 locID: 102664011516805601 bcsId: 1969} | ret=SUCCESS |  
2019-08-23 02:48:16,123 | INFO  | DNAudit | user=null | ip=null | op=PUT_BLOCK {blockData=[blockId=conID: 2 locID: 102664011516805601 bcsId: 0,size=4194304]} | ret=SUCCESS |  
2019-08-23 02:48:16,124 [grpc-default-executor-1] INFO  client.GrpcClientProtocolClient (GrpcClientProtocolClient.java:onNext(255)) - client-B268B4322F32->17750241-545b-4219-93a1-14a6ea3d85be: receive RaftClientReply:client-B268B4322F32->17750241-545b-4219-93a1-14a6ea3d85be@group-C33FBD9556F2, cid=1385, SUCCESS, logIndex=1972, commits[17750241-545b-4219-93a1-14a6ea3d85be:c1973, 4eaaa090-573e-41d3-9f8c-c99e236d806a:c1970, 5f4cf9ee-4bed-49de-adaa-861aec894328:c1970]
2019-08-23 02:48:16,124 [grpc-default-executor-1] INFO  client.GrpcClientProtocolClient (GrpcClientProtocolClient.java:onNext(255)) - client-B268B4322F32->17750241-545b-4219-93a1-14a6ea3d85be: receive RaftClientReply:client-B268B4322F32->17750241-545b-4219-93a1-14a6ea3d85be@group-C33FBD9556F2, cid=1386, SUCCESS, logIndex=1973, commits[17750241-545b-4219-93a1-14a6ea3d85be:c1973, 4eaaa090-573e-41d3-9f8c-c99e236d806a:c1970, 5f4cf9ee-4bed-49de-adaa-861aec894328:c1970]
2019-08-23 02:48:16,125 | INFO  | DNAudit | user=null | ip=null | op=WRITE_CHUNK {blockData=conID: 2 locID: 102664011516805601 bcsId: 1969} | ret=SUCCESS |  
2019-08-23 02:48:16,125 | INFO  | DNAudit | user=null | ip=null | op=WRITE_CHUNK {blockData=conID: 2 locID: 102664011516805601 bcsId: 1969} | ret=SUCCESS |  
2019-08-23 02:48:16,125 | INFO  | DNAudit | user=null | ip=null | op=PUT_BLOCK {blockData=[blockId=conID: 2 locID: 102664011516805601 bcsId: 0,size=4194304]} | ret=SUCCESS |  
2019-08-23 02:48:16,125 | INFO  | DNAudit | user=null | ip=null | op=PUT_BLOCK {blockData=[blockId=conID: 2 locID: 102664011516805601 bcsId: 0,size=4194304]} | ret=SUCCESS |  
2019-08-23 02:48:16,126 [grpc-default-executor-5] INFO  client.GrpcClientProtocolClient (GrpcClientProtocolClient.java:onNext(255)) - client-B268B4322F32->17750241-545b-4219-93a1-14a6ea3d85be: receive RaftClientReply:client-B268B4322F32->17750241-545b-4219-93a1-14a6ea3d85be@group-C33FBD9556F2, cid=1387, SUCCESS, logIndex=0, commits[17750241-545b-4219-93a1-14a6ea3d85be:c1974, 4eaaa090-573e-41d3-9f8c-c99e236d806a:c1973, 5f4cf9ee-4bed-49de-adaa-861aec894328:c1973]
2019-08-23 02:48:16,128 | INFO  | SCMAudit | user=jenkins1000 | ip=192.168.34.22 | op=ALLOCATE_BLOCK {owner=31d65bc3-3f70-45f5-bbc5-e3a15f967ba6, size=4194304, type=RATIS, factor=THREE} | ret=SUCCESS |  
2019-08-23 02:48:16,130 | INFO  | OMAudit | user=jenkins1000 | ip=127.0.0.1 | op=ALLOCATE_BLOCK {volume=vol-0-78052, bucket=bucket-0-33874, key=key-0-20719, dataSize=2147483657, replicationType=RATIS, replicationFactor=THREE, keyLocationInfo=[], clientID=102664010308846034} | ret=SUCCESS |  
2019-08-23 02:48:16,142 | INFO  | DNAudit | user=null | ip=null | op=WRITE_CHUNK {blockData=conID: 3 locID: 102664011522245090 bcsId: 0} | ret=SUCCESS |  
2019-08-23 02:48:16,145 | INFO  | DNAudit | user=null | ip=null | op=WRITE_CHUNK {blockData=conID: 3 locID: 102664011522245090 bcsId: 0} | ret=SUCCESS |  
2019-08-23 02:48:16,145 | INFO  | DNAudit | user=null | ip=null | op=WRITE_CHUNK {blockData=conID: 3 locID: 102664011522245090 bcsId: 0} | ret=SUCCESS |  
2019-08-23 02:48:16,145 | INFO  | DNAudit | user=null | ip=null | op=WRITE_CHUNK {blockData=conID: 3 locID: 102664011522245090 bcsId: 0} | ret=SUCCESS |  
2019-08-23 02:48:16,146 | INFO  | DNAudit | user=null | ip=null | op=WRITE_CHUNK {blockData=conID: 3 locID: 102664011522245090 bcsId: 0} | ret=SUCCESS |  
2019-08-23 02:48:16,147 | INFO  | DNAudit | user=null | ip=null | op=WRITE_CHUNK {blockData=conID: 3 locID: 102664011522245090 bcsId: 0} | ret=SUCCESS |  
2019-08-23 02:48:16,155 | INFO  | DNAudit | user=null | ip=null | op=WRITE_CHUNK {blockData=conID: 3 locID: 102664011522245090 bcsId: 0} | ret=SUCCESS |  
2019-08-23 02:48:16,156 | INFO  | DNAudit | user=null | ip=null | op=PUT_BLOCK {blockData=[blockId=conID: 3 locID: 102664011522245090 bcsId: 0,size=1048576]} | ret=SUCCESS |  
2019-08-23 02:48:16,156 [grpc-default-executor-5] INFO  client.GrpcClientProtocolClient (GrpcClientProtocolClient.java:onNext(255)) - client-B268B4322F32->17750241-545b-4219-93a1-14a6ea3d85be: receive RaftClientReply:client-B268B4322F32->17750241-545b-4219-93a1-14a6ea3d85be@group-C33FBD9556F2, cid=1388, SUCCESS, logIndex=1976, commits[17750241-545b-4219-93a1-14a6ea3d85be:c1979, 4eaaa090-573e-41d3-9f8c-c99e236d806a:c1975, 5f4cf9ee-4bed-49de-adaa-861aec894328:c1975]
2019-08-23 02:48:16,156 | INFO  | DNAudit | user=null | ip=null | op=WRITE_CHUNK {blockData=conID: 3 locID: 102664011522245090 bcsId: 0} | ret=SUCCESS |  
2019-08-23 02:48:16,156 | INFO  | DNAudit | user=null | ip=null | op=PUT_BLOCK {blockData=[blockId=conID: 3 locID: 102664011522245090 bcsId: 0,size=2097152]} | ret=SUCCESS |  
2019-08-23 02:48:16,157 [grpc-default-executor-5] INFO  client.GrpcClientProtocolClient (GrpcClientProtocolClient.java:onNext(255)) - client-B268B4322F32->17750241-545b-4219-93a1-14a6ea3d85be: receive RaftClientReply:client-B268B4322F32->17750241-545b-4219-93a1-14a6ea3d85be@group-C33FBD9556F2, cid=1389, SUCCESS, logIndex=1977, commits[17750241-545b-4219-93a1-14a6ea3d85be:c1979, 4eaaa090-573e-41d3-9f8c-c99e236d806a:c1975, 5f4cf9ee-4bed-49de-adaa-861aec894328:c1975]
2019-08-23 02:48:16,157 [grpc-default-executor-5] INFO  client.GrpcClientProtocolClient (GrpcClientProtocolClient.java:onNext(255)) - client-B268B4322F32->17750241-545b-4219-93a1-14a6ea3d85be: receive RaftClientReply:client-B268B4322F32->17750241-545b-4219-93a1-14a6ea3d85be@group-C33FBD9556F2, cid=1390, SUCCESS, logIndex=1978, commits[17750241-545b-4219-93a1-14a6ea3d85be:c1979, 4eaaa090-573e-41d3-9f8c-c99e236d806a:c1975, 5f4cf9ee-4bed-49de-adaa-861aec894328:c1975]
2019-08-23 02:48:16,157 [grpc-default-executor-5] INFO  client.GrpcClientProtocolClient (GrpcClientProtocolClient.java:onNext(255)) - client-B268B4322F32->17750241-545b-4219-93a1-14a6ea3d85be: receive RaftClientReply:client-B268B4322F32->17750241-545b-4219-93a1-14a6ea3d85be@group-C33FBD9556F2, cid=1391, SUCCESS, logIndex=1979, commits[17750241-545b-4219-93a1-14a6ea3d85be:c1979, 4eaaa090-573e-41d3-9f8c-c99e236d806a:c1975, 5f4cf9ee-4bed-49de-adaa-861aec894328:c1975]
2019-08-23 02:48:16,158 | INFO  | DNAudit | user=null | ip=null | op=WRITE_CHUNK {blockData=conID: 3 locID: 102664011522245090 bcsId: 0} | ret=SUCCESS |  
2019-08-23 02:48:16,158 | INFO  | DNAudit | user=null | ip=null | op=WRITE_CHUNK {blockData=conID: 3 locID: 102664011522245090 bcsId: 0} | ret=SUCCESS |  
2019-08-23 02:48:16,161 | INFO  | DNAudit | user=null | ip=null | op=PUT_BLOCK {blockData=[blockId=conID: 3 locID: 102664011522245090 bcsId: 0,size=1048576]} | ret=SUCCESS |  
2019-08-23 02:48:16,161 | INFO  | DNAudit | user=null | ip=null | op=PUT_BLOCK {blockData=[blockId=conID: 3 locID: 102664011522245090 bcsId: 0,size=1048576]} | ret=SUCCESS |  
2019-08-23 02:48:16,161 | INFO  | DNAudit | user=null | ip=null | op=WRITE_CHUNK {blockData=conID: 3 locID: 102664011522245090 bcsId: 0} | ret=SUCCESS |  
2019-08-23 02:48:16,161 | INFO  | DNAudit | user=null | ip=null | op=WRITE_CHUNK {blockData=conID: 3 locID: 102664011522245090 bcsId: 0} | ret=SUCCESS |  
2019-08-23 02:48:16,161 | INFO  | DNAudit | user=null | ip=null | op=PUT_BLOCK {blockData=[blockId=conID: 3 locID: 102664011522245090 bcsId: 0,size=2097152]} | ret=SUCCESS |  
2019-08-23 02:48:16,162 | INFO  | DNAudit | user=null | ip=null | op=PUT_BLOCK {blockData=[blockId=conID: 3 locID: 102664011522245090 bcsId: 0,size=2097152]} | ret=SUCCESS |  
2019-08-23 02:48:16,162 [grpc-default-executor-1] INFO  client.GrpcClientProtocolClient (GrpcClientProtocolClient.java:onNext(255)) - client-B268B4322F32->17750241-545b-4219-93a1-14a6ea3d85be: receive RaftClientReply:client-B268B4322F32->17750241-545b-4219-93a1-14a6ea3d85be@group-C33FBD9556F2, cid=1392, SUCCESS, logIndex=0, commits[17750241-545b-4219-93a1-14a6ea3d85be:c1981, 4eaaa090-573e-41d3-9f8c-c99e236d806a:c1978, 5f4cf9ee-4bed-49de-adaa-861aec894328:c1978]
2019-08-23 02:48:16,169 | INFO  | DNAudit | user=null | ip=null | op=WRITE_CHUNK {blockData=conID: 3 locID: 102664011522245090 bcsId: 1979} | ret=SUCCESS |  
2019-08-23 02:48:16,172 | INFO  | DNAudit | user=null | ip=null | op=WRITE_CHUNK {blockData=conID: 3 locID: 102664011522245090 bcsId: 1979} | ret=SUCCESS |  
2019-08-23 02:48:16,173 | INFO  | DNAudit | user=null | ip=null | op=WRITE_CHUNK {blockData=conID: 3 locID: 102664011522245090 bcsId: 1979} | ret=SUCCESS |  
2019-08-23 02:48:16,186 | INFO  | DNAudit | user=null | ip=null | op=WRITE_CHUNK {blockData=conID: 3 locID: 102664011522245090 bcsId: 1979} | ret=SUCCESS |  
2019-08-23 02:48:16,187 | INFO  | DNAudit | user=null | ip=null | op=PUT_BLOCK {blockData=[blockId=conID: 3 locID: 102664011522245090 bcsId: 0,size=3145728]} | ret=SUCCESS |  
2019-08-23 02:48:16,187 [grpc-default-executor-6] INFO  client.GrpcClientProtocolClient (GrpcClientProtocolClient.java:onNext(255)) - client-B268B4322F32->17750241-545b-4219-93a1-14a6ea3d85be: receive RaftClientReply:client-B268B4322F32->17750241-545b-4219-93a1-14a6ea3d85be@group-C33FBD9556F2, cid=1393, SUCCESS, logIndex=1983, commits[17750241-545b-4219-93a1-14a6ea3d85be:c1984, 4eaaa090-573e-41d3-9f8c-c99e236d806a:c1982, 5f4cf9ee-4bed-49de-adaa-861aec894328:c1982]
2019-08-23 02:48:16,187 [grpc-default-executor-6] INFO  client.GrpcClientProtocolClient (GrpcClientProtocolClient.java:onNext(255)) - client-B268B4322F32->17750241-545b-4219-93a1-14a6ea3d85be: receive RaftClientReply:client-B268B4322F32->17750241-545b-4219-93a1-14a6ea3d85be@group-C33FBD9556F2, cid=1394, SUCCESS, logIndex=1984, commits[17750241-545b-4219-93a1-14a6ea3d85be:c1984, 4eaaa090-573e-41d3-9f8c-c99e236d806a:c1982, 5f4cf9ee-4bed-49de-adaa-861aec894328:c1982]
2019-08-23 02:48:16,195 | INFO  | DNAudit | user=null | ip=null | op=WRITE_CHUNK {blockData=conID: 3 locID: 102664011522245090 bcsId: 1984} | ret=SUCCESS |  
2019-08-23 02:48:16,198 | INFO  | DNAudit | user=null | ip=null | op=WRITE_CHUNK {blockData=conID: 3 locID: 102664011522245090 bcsId: 1979} | ret=SUCCESS |  
2019-08-23 02:48:16,198 | INFO  | DNAudit | user=null | ip=null | op=WRITE_CHUNK {blockData=conID: 3 locID: 102664011522245090 bcsId: 1979} | ret=SUCCESS |  
2019-08-23 02:48:16,198 | INFO  | DNAudit | user=null | ip=null | op=WRITE_CHUNK {blockData=conID: 3 locID: 102664011522245090 bcsId: 1984} | ret=SUCCESS |  
2019-08-23 02:48:16,199 | INFO  | DNAudit | user=null | ip=null | op=WRITE_CHUNK {blockData=conID: 3 locID: 102664011522245090 bcsId: 1984} | ret=SUCCESS |  
2019-08-23 02:48:16,200 | INFO  | DNAudit | user=null | ip=null | op=PUT_BLOCK {blockData=[blockId=conID: 3 locID: 102664011522245090 bcsId: 0,size=3145728]} | ret=SUCCESS |  
2019-08-23 02:48:16,200 | INFO  | DNAudit | user=null | ip=null | op=WRITE_CHUNK {blockData=conID: 3 locID: 102664011522245090 bcsId: 1984} | ret=SUCCESS |  
2019-08-23 02:48:16,200 | INFO  | DNAudit | user=null | ip=null | op=PUT_BLOCK {blockData=[blockId=conID: 3 locID: 102664011522245090 bcsId: 0,size=3145728]} | ret=SUCCESS |  
2019-08-23 02:48:16,201 | INFO  | DNAudit | user=null | ip=null | op=PUT_BLOCK {blockData=[blockId=conID: 3 locID: 102664011522245090 bcsId: 0,size=4194304]} | ret=SUCCESS |  
2019-08-23 02:48:16,201 [grpc-default-executor-5] INFO  client.GrpcClientProtocolClient (GrpcClientProtocolClient.java:onNext(255)) - client-B268B4322F32->17750241-545b-4219-93a1-14a6ea3d85be: receive RaftClientReply:client-B268B4322F32->17750241-545b-4219-93a1-14a6ea3d85be@group-C33FBD9556F2, cid=1395, SUCCESS, logIndex=1987, commits[17750241-545b-4219-93a1-14a6ea3d85be:c1988, 4eaaa090-573e-41d3-9f8c-c99e236d806a:c1983, 5f4cf9ee-4bed-49de-adaa-861aec894328:c1984]
2019-08-23 02:48:16,202 [grpc-default-executor-5] INFO  client.GrpcClientProtocolClient (GrpcClientProtocolClient.java:onNext(255)) - client-B268B4322F32->17750241-545b-4219-93a1-14a6ea3d85be: receive RaftClientReply:client-B268B4322F32->17750241-545b-4219-93a1-14a6ea3d85be@group-C33FBD9556F2, cid=1396, SUCCESS, logIndex=1988, commits[17750241-545b-4219-93a1-14a6ea3d85be:c1988, 4eaaa090-573e-41d3-9f8c-c99e236d806a:c1984, 5f4cf9ee-4bed-49de-adaa-861aec894328:c1984]
2019-08-23 02:48:16,202 | INFO  | DNAudit | user=null | ip=null | op=WRITE_CHUNK {blockData=conID: 3 locID: 102664011522245090 bcsId: 1984} | ret=SUCCESS |  
2019-08-23 02:48:16,202 | INFO  | DNAudit | user=null | ip=null | op=PUT_BLOCK {blockData=[blockId=conID: 3 locID: 102664011522245090 bcsId: 0,size=4194304]} | ret=SUCCESS |  
2019-08-23 02:48:16,204 | INFO  | DNAudit | user=null | ip=null | op=WRITE_CHUNK {blockData=conID: 3 locID: 102664011522245090 bcsId: 1984} | ret=SUCCESS |  
2019-08-23 02:48:16,204 | INFO  | DNAudit | user=null | ip=null | op=PUT_BLOCK {blockData=[blockId=conID: 3 locID: 102664011522245090 bcsId: 0,size=4194304]} | ret=SUCCESS |  
2019-08-23 02:48:16,205 [grpc-default-executor-1] INFO  client.GrpcClientProtocolClient (GrpcClientProtocolClient.java:onNext(255)) - client-B268B4322F32->17750241-545b-4219-93a1-14a6ea3d85be: receive RaftClientReply:client-B268B4322F32->17750241-545b-4219-93a1-14a6ea3d85be@group-C33FBD9556F2, cid=1397, SUCCESS, logIndex=0, commits[17750241-545b-4219-93a1-14a6ea3d85be:c1989, 4eaaa090-573e-41d3-9f8c-c99e236d806a:c1988, 5f4cf9ee-4bed-49de-adaa-861aec894328:c1988]
2019-08-23 02:48:16,207 | INFO  | SCMAudit | user=jenkins1000 | ip=192.168.34.22 | op=ALLOCATE_BLOCK {owner=31d65bc3-3f70-45f5-bbc5-e3a15f967ba6, size=4194304, type=RATIS, factor=THREE} | ret=SUCCESS |  
2019-08-23 02:48:16,211 | INFO  | OMAudit | user=jenkins1000 | ip=127.0.0.1 | op=ALLOCATE_BLOCK {volume=vol-0-78052, bucket=bucket-0-33874, key=key-0-20719, dataSize=2147483657, replicationType=RATIS, replicationFactor=THREE, keyLocationInfo=[], clientID=102664010308846034} | ret=SUCCESS |  
2019-08-23 02:48:16,221 | INFO  | DNAudit | user=null | ip=null | op=WRITE_CHUNK {blockData=conID: 1 locID: 102664011527422435 bcsId: 0} | ret=SUCCESS |  
2019-08-23 02:48:16,224 | INFO  | DNAudit | user=null | ip=null | op=WRITE_CHUNK {blockData=conID: 1 locID: 102664011527422435 bcsId: 0} | ret=SUCCESS |  
2019-08-23 02:48:16,227 | INFO  | DNAudit | user=null | ip=null | op=WRITE_CHUNK {blockData=conID: 1 locID: 102664011527422435 bcsId: 0} | ret=SUCCESS |  
2019-08-23 02:48:16,228 | INFO  | DNAudit | user=null | ip=null | op=WRITE_CHUNK {blockData=conID: 1 locID: 102664011527422435 bcsId: 0} | ret=SUCCESS |  
2019-08-23 02:48:16,230 | INFO  | DNAudit | user=null | ip=null | op=WRITE_CHUNK {blockData=conID: 1 locID: 102664011527422435 bcsId: 0} | ret=SUCCESS |  
2019-08-23 02:48:16,230 | INFO  | DNAudit | user=null | ip=null | op=WRITE_CHUNK {blockData=conID: 1 locID: 102664011527422435 bcsId: 0} | ret=SUCCESS |  
2019-08-23 02:48:16,237 | INFO  | DNAudit | user=null | ip=null | op=WRITE_CHUNK {blockData=conID: 1 locID: 102664011527422435 bcsId: 0} | ret=SUCCESS |  
2019-08-23 02:48:16,238 | INFO  | DNAudit | user=null | ip=null | op=PUT_BLOCK {blockData=[blockId=conID: 1 locID: 102664011527422435 bcsId: 0,size=1048576]} | ret=SUCCESS |  
2019-08-23 02:48:16,238 [grpc-default-executor-6] INFO  client.GrpcClientProtocolClient (GrpcClientProtocolClient.java:onNext(255)) - client-B268B4322F32->17750241-545b-4219-93a1-14a6ea3d85be: receive RaftClientReply:client-B268B4322F32->17750241-545b-4219-93a1-14a6ea3d85be@group-C33FBD9556F2, cid=1398, SUCCESS, logIndex=1991, commits[17750241-545b-4219-93a1-14a6ea3d85be:c1994, 4eaaa090-573e-41d3-9f8c-c99e236d806a:c1990, 5f4cf9ee-4bed-49de-adaa-861aec894328:c1990]
2019-08-23 02:48:16,238 | INFO  | DNAudit | user=null | ip=null | op=WRITE_CHUNK {blockData=conID: 1 locID: 102664011527422435 bcsId: 0} | ret=SUCCESS |  
2019-08-23 02:48:16,239 [grpc-default-executor-6] INFO  client.GrpcClientProtocolClient (GrpcClientProtocolClient.java:onNext(255)) - client-B268B4322F32->17750241-545b-4219-93a1-14a6ea3d85be: receive RaftClientReply:client-B268B4322F32->17750241-545b-4219-93a1-14a6ea3d85be@group-C33FBD9556F2, cid=1399, SUCCESS, logIndex=1992, commits[17750241-545b-4219-93a1-14a6ea3d85be:c1994, 4eaaa090-573e-41d3-9f8c-c99e236d806a:c1990, 5f4cf9ee-4bed-49de-adaa-861aec894328:c1990]
2019-08-23 02:48:16,239 | INFO  | DNAudit | user=null | ip=null | op=PUT_BLOCK {blockData=[blockId=conID: 1 locID: 102664011527422435 bcsId: 0,size=2097152]} | ret=SUCCESS |  
2019-08-23 02:48:16,239 [grpc-default-executor-6] INFO  client.GrpcClientProtocolClient (GrpcClientProtocolClient.java:onNext(255)) - client-B268B4322F32->17750241-545b-4219-93a1-14a6ea3d85be: receive RaftClientReply:client-B268B4322F32->17750241-545b-4219-93a1-14a6ea3d85be@group-C33FBD9556F2, cid=1400, SUCCESS, logIndex=1993, commits[17750241-545b-4219-93a1-14a6ea3d85be:c1994, 4eaaa090-573e-41d3-9f8c-c99e236d806a:c1990, 5f4cf9ee-4bed-49de-adaa-861aec894328:c1990]
2019-08-23 02:48:16,239 [grpc-default-executor-6] INFO  client.GrpcClientProtocolClient (GrpcClientProtocolClient.java:onNext(255)) - client-B268B4322F32->17750241-545b-4219-93a1-14a6ea3d85be: receive RaftClientReply:client-B268B4322F32->17750241-545b-4219-93a1-14a6ea3d85be@group-C33FBD9556F2, cid=1401, SUCCESS, logIndex=1994, commits[17750241-545b-4219-93a1-14a6ea3d85be:c1994, 4eaaa090-573e-41d3-9f8c-c99e236d806a:c1990, 5f4cf9ee-4bed-49de-adaa-861aec894328:c1990]
2019-08-23 02:48:16,248 | INFO  | DNAudit | user=null | ip=null | op=WRITE_CHUNK {blockData=conID: 1 locID: 102664011527422435 bcsId: 0} | ret=SUCCESS |  
2019-08-23 02:48:16,248 | INFO  | DNAudit | user=null | ip=null | op=PUT_BLOCK {blockData=[blockId=conID: 1 locID: 102664011527422435 bcsId: 0,size=1048576]} | ret=SUCCESS |  
2019-08-23 02:48:16,249 | INFO  | DNAudit | user=null | ip=null | op=WRITE_CHUNK {blockData=conID: 1 locID: 102664011527422435 bcsId: 0} | ret=SUCCESS |  
2019-08-23 02:48:16,249 | INFO  | DNAudit | user=null | ip=null | op=PUT_BLOCK {blockData=[blockId=conID: 1 locID: 102664011527422435 bcsId: 0,size=1048576]} | ret=SUCCESS |  
2019-08-23 02:48:16,249 | INFO  | DNAudit | user=null | ip=null | op=WRITE_CHUNK {blockData=conID: 1 locID: 102664011527422435 bcsId: 0} | ret=SUCCESS |  
2019-08-23 02:48:16,249 [grpc-default-executor-6] INFO  client.GrpcClientProtocolClient (GrpcClientProtocolClient.java:onNext(255)) - client-B268B4322F32->17750241-545b-4219-93a1-14a6ea3d85be: receive RaftClientReply:client-B268B4322F32->17750241-545b-4219-93a1-14a6ea3d85be@group-C33FBD9556F2, cid=1402, SUCCESS, logIndex=0, commits[17750241-545b-4219-93a1-14a6ea3d85be:c1995, 4eaaa090-573e-41d3-9f8c-c99e236d806a:c1992, 5f4cf9ee-4bed-49de-adaa-861aec894328:c1992]
2019-08-23 02:48:16,249 | INFO  | DNAudit | user=null | ip=null | op=PUT_BLOCK {blockData=[blockId=conID: 1 locID: 102664011527422435 bcsId: 0,size=2097152]} | ret=SUCCESS |  
2019-08-23 02:48:16,251 | INFO  | DNAudit | user=null | ip=null | op=WRITE_CHUNK {blockData=conID: 1 locID: 102664011527422435 bcsId: 0} | ret=SUCCESS |  
2019-08-23 02:48:16,251 | INFO  | DNAudit | user=null | ip=null | op=PUT_BLOCK {blockData=[blockId=conID: 1 locID: 102664011527422435 bcsId: 0,size=2097152]} | ret=SUCCESS |  
2019-08-23 02:48:16,257 | INFO  | DNAudit | user=null | ip=null | op=WRITE_CHUNK {blockData=conID: 1 locID: 102664011527422435 bcsId: 1994} | ret=SUCCESS |  
2019-08-23 02:48:16,260 | INFO  | DNAudit | user=null | ip=null | op=WRITE_CHUNK {blockData=conID: 1 locID: 102664011527422435 bcsId: 1994} | ret=SUCCESS |  
2019-08-23 02:48:16,261 | INFO  | DNAudit | user=null | ip=null | op=WRITE_CHUNK {blockData=conID: 1 locID: 102664011527422435 bcsId: 1994} | ret=SUCCESS |  
2019-08-23 02:48:16,276 | INFO  | DNAudit | user=null | ip=null | op=WRITE_CHUNK {blockData=conID: 1 locID: 102664011527422435 bcsId: 1994} | ret=SUCCESS |  
2019-08-23 02:48:16,277 | INFO  | DNAudit | user=null | ip=null | op=PUT_BLOCK {blockData=[blockId=conID: 1 locID: 102664011527422435 bcsId: 0,size=3145728]} | ret=SUCCESS |  
2019-08-23 02:48:16,277 [grpc-default-executor-5] INFO  client.GrpcClientProtocolClient (GrpcClientProtocolClient.java:onNext(255)) - client-B268B4322F32->17750241-545b-4219-93a1-14a6ea3d85be: receive RaftClientReply:client-B268B4322F32->17750241-545b-4219-93a1-14a6ea3d85be@group-C33FBD9556F2, cid=1403, SUCCESS, logIndex=1999, commits[17750241-545b-4219-93a1-14a6ea3d85be:c2000, 4eaaa090-573e-41d3-9f8c-c99e236d806a:c1998, 5f4cf9ee-4bed-49de-adaa-861aec894328:c1998]
2019-08-23 02:48:16,277 [grpc-default-executor-5] INFO  client.GrpcClientProtocolClient (GrpcClientProtocolClient.java:onNext(255)) - client-B268B4322F32->17750241-545b-4219-93a1-14a6ea3d85be: receive RaftClientReply:client-B268B4322F32->17750241-545b-4219-93a1-14a6ea3d85be@group-C33FBD9556F2, cid=1404, SUCCESS, logIndex=2000, commits[17750241-545b-4219-93a1-14a6ea3d85be:c2000, 4eaaa090-573e-41d3-9f8c-c99e236d806a:c1998, 5f4cf9ee-4bed-49de-adaa-861aec894328:c1998]
2019-08-23 02:48:16,286 | INFO  | DNAudit | user=null | ip=null | op=WRITE_CHUNK {blockData=conID: 1 locID: 102664011527422435 bcsId: 1994} | ret=SUCCESS |  
2019-08-23 02:48:16,286 | INFO  | DNAudit | user=null | ip=null | op=WRITE_CHUNK {blockData=conID: 1 locID: 102664011527422435 bcsId: 1994} | ret=SUCCESS |  
2019-08-23 02:48:16,286 | INFO  | DNAudit | user=null | ip=null | op=WRITE_CHUNK {blockData=conID: 1 locID: 102664011527422435 bcsId: 2000} | ret=SUCCESS |  
2019-08-23 02:48:16,290 | INFO  | DNAudit | user=null | ip=null | op=WRITE_CHUNK {blockData=conID: 1 locID: 102664011527422435 bcsId: 2000} | ret=SUCCESS |  
2019-08-23 02:48:16,291 | INFO  | DNAudit | user=null | ip=null | op=WRITE_CHUNK {blockData=conID: 1 locID: 102664011527422435 bcsId: 2000} | ret=SUCCESS |  
2019-08-23 02:48:16,294 | INFO  | SCMAudit | user=jenkins1000 | ip=192.168.34.22 | op=SEND_HEARTBEAT {datanodeUUID=4eaaa090-573e-41d3-9f8c-c99e236d806a, command=[]} | ret=SUCCESS |  
2019-08-23 02:48:16,294 | INFO  | SCMAudit | user=jenkins1000 | ip=192.168.34.22 | op=SEND_HEARTBEAT {datanodeUUID=5f4cf9ee-4bed-49de-adaa-861aec894328, command=[]} | ret=SUCCESS |  
2019-08-23 02:48:16,295 | INFO  | SCMAudit | user=jenkins1000 | ip=192.168.34.22 | op=SEND_HEARTBEAT {datanodeUUID=17750241-545b-4219-93a1-14a6ea3d85be, command=[]} | ret=SUCCESS |  
2019-08-23 02:48:16,298 | INFO  | DNAudit | user=null | ip=null | op=PUT_BLOCK {blockData=[blockId=conID: 1 locID: 102664011527422435 bcsId: 0,size=3145728]} | ret=SUCCESS |  
2019-08-23 02:48:16,298 | INFO  | DNAudit | user=null | ip=null | op=PUT_BLOCK {blockData=[blockId=conID: 1 locID: 102664011527422435 bcsId: 0,size=3145728]} | ret=SUCCESS |  
2019-08-23 02:48:16,311 | INFO  | DNAudit | user=null | ip=null | op=WRITE_CHUNK {blockData=conID: 1 locID: 102664011527422435 bcsId: 2000} | ret=SUCCESS |  
2019-08-23 02:48:16,312 | INFO  | DNAudit | user=null | ip=null | op=PUT_BLOCK {blockData=[blockId=conID: 1 locID: 102664011527422435 bcsId: 0,size=4194304]} | ret=SUCCESS |  
2019-08-23 02:48:16,312 [grpc-default-executor-5] INFO  client.GrpcClientProtocolClient (GrpcClientProtocolClient.java:onNext(255)) - client-B268B4322F32->17750241-545b-4219-93a1-14a6ea3d85be: receive RaftClientReply:client-B268B4322F32->17750241-545b-4219-93a1-14a6ea3d85be@group-C33FBD9556F2, cid=1405, SUCCESS, logIndex=2003, commits[17750241-545b-4219-93a1-14a6ea3d85be:c2004, 4eaaa090-573e-41d3-9f8c-c99e236d806a:c2000, 5f4cf9ee-4bed-49de-adaa-861aec894328:c2000]
2019-08-23 02:48:16,313 [grpc-default-executor-5] INFO  client.GrpcClientProtocolClient (GrpcClientProtocolClient.java:onNext(255)) - client-B268B4322F32->17750241-545b-4219-93a1-14a6ea3d85be: receive RaftClientReply:client-B268B4322F32->17750241-545b-4219-93a1-14a6ea3d85be@group-C33FBD9556F2, cid=1406, SUCCESS, logIndex=2004, commits[17750241-545b-4219-93a1-14a6ea3d85be:c2004, 4eaaa090-573e-41d3-9f8c-c99e236d806a:c2000, 5f4cf9ee-4bed-49de-adaa-861aec894328:c2000]
2019-08-23 02:48:16,325 | INFO  | DNAudit | user=null | ip=null | op=WRITE_CHUNK {blockData=conID: 1 locID: 102664011527422435 bcsId: 2000} | ret=SUCCESS |  
2019-08-23 02:48:16,325 | INFO  | DNAudit | user=null | ip=null | op=WRITE_CHUNK {blockData=conID: 1 locID: 102664011527422435 bcsId: 2000} | ret=SUCCESS |  
2019-08-23 02:48:16,325 | INFO  | DNAudit | user=null | ip=null | op=PUT_BLOCK {blockData=[blockId=conID: 1 locID: 102664011527422435 bcsId: 0,size=4194304]} | ret=SUCCESS |  
2019-08-23 02:48:16,336 | INFO  | DNAudit | user=null | ip=null | op=PUT_BLOCK {blockData=[blockId=conID: 1 locID: 102664011527422435 bcsId: 0,size=4194304]} | ret=SUCCESS |  
2019-08-23 02:48:16,337 [grpc-default-executor-5] INFO  client.GrpcClientProtocolClient (GrpcClientProtocolClient.java:onNext(255)) - client-B268B4322F32->17750241-545b-4219-93a1-14a6ea3d85be: receive RaftClientReply:client-B268B4322F32->17750241-545b-4219-93a1-14a6ea3d85be@group-C33FBD9556F2, cid=1407, SUCCESS, logIndex=0, commits[17750241-545b-4219-93a1-14a6ea3d85be:c2005, 4eaaa090-573e-41d3-9f8c-c99e236d806a:c2004, 5f4cf9ee-4bed-49de-adaa-861aec894328:c2004]
2019-08-23 02:48:16,339 | INFO  | SCMAudit | user=jenkins1000 | ip=192.168.34.22 | op=ALLOCATE_BLOCK {owner=31d65bc3-3f70-45f5-bbc5-e3a15f967ba6, size=4194304, type=RATIS, factor=THREE} | ret=SUCCESS |  
2019-08-23 02:48:16,344 | INFO  | OMAudit | user=jenkins1000 | ip=127.0.0.1 | op=ALLOCATE_BLOCK {volume=vol-0-78052, bucket=bucket-0-33874, key=key-0-20719, dataSize=2147483657, replicationType=RATIS, replicationFactor=THREE, keyLocationInfo=[], clientID=102664010308846034} | ret=SUCCESS |  
2019-08-23 02:48:16,355 | INFO  | DNAudit | user=null | ip=null | op=WRITE_CHUNK {blockData=conID: 2 locID: 102664011536073188 bcsId: 0} | ret=SUCCESS |  
2019-08-23 02:48:16,358 | INFO  | DNAudit | user=null | ip=null | op=WRITE_CHUNK {blockData=conID: 2 locID: 102664011536073188 bcsId: 0} | ret=SUCCESS |  
2019-08-23 02:48:16,358 | INFO  | DNAudit | user=null | ip=null | op=WRITE_CHUNK {blockData=conID: 2 locID: 102664011536073188 bcsId: 0} | ret=SUCCESS |  
2019-08-23 02:48:16,360 | INFO  | DNAudit | user=null | ip=null | op=WRITE_CHUNK {blockData=conID: 2 locID: 102664011536073188 bcsId: 0} | ret=SUCCESS |  
2019-08-23 02:48:16,360 | INFO  | DNAudit | user=null | ip=null | op=WRITE_CHUNK {blockData=conID: 2 locID: 102664011536073188 bcsId: 0} | ret=SUCCESS |  
2019-08-23 02:48:16,361 | INFO  | DNAudit | user=null | ip=null | op=WRITE_CHUNK {blockData=conID: 2 locID: 102664011536073188 bcsId: 0} | ret=SUCCESS |  
2019-08-23 02:48:16,500 | INFO  | DNAudit | user=null | ip=null | op=WRITE_CHUNK {blockData=conID: 2 locID: 102664011536073188 bcsId: 0} | ret=SUCCESS |  
2019-08-23 02:48:16,501 | INFO  | DNAudit | user=null | ip=null | op=PUT_BLOCK {blockData=[blockId=conID: 2 locID: 102664011536073188 bcsId: 0,size=1048576]} | ret=SUCCESS |  
2019-08-23 02:48:16,501 | INFO  | DNAudit | user=null | ip=null | op=WRITE_CHUNK {blockData=conID: 2 locID: 102664011536073188 bcsId: 0} | ret=SUCCESS |  
2019-08-23 02:48:16,501 [grpc-default-executor-4] INFO  client.GrpcClientProtocolClient (GrpcClientProtocolClient.java:onNext(255)) - client-B268B4322F32->17750241-545b-4219-93a1-14a6ea3d85be: receive RaftClientReply:client-B268B4322F32->17750241-545b-4219-93a1-14a6ea3d85be@group-C33FBD9556F2, cid=1408, SUCCESS, logIndex=2007, commits[17750241-545b-4219-93a1-14a6ea3d85be:c2009, 4eaaa090-573e-41d3-9f8c-c99e236d806a:c2006, 5f4cf9ee-4bed-49de-adaa-861aec894328:c2006]
2019-08-23 02:48:16,502 | INFO  | DNAudit | user=null | ip=null | op=PUT_BLOCK {blockData=[blockId=conID: 2 locID: 102664011536073188 bcsId: 0,size=2097152]} | ret=SUCCESS |  
2019-08-23 02:48:16,502 [grpc-default-executor-4] INFO  client.GrpcClientProtocolClient (GrpcClientProtocolClient.java:onNext(255)) - client-B268B4322F32->17750241-545b-4219-93a1-14a6ea3d85be: receive RaftClientReply:client-B268B4322F32->17750241-545b-4219-93a1-14a6ea3d85be@group-C33FBD9556F2, cid=1409, SUCCESS, logIndex=2008, commits[17750241-545b-4219-93a1-14a6ea3d85be:c2010, 4eaaa090-573e-41d3-9f8c-c99e236d806a:c2006, 5f4cf9ee-4bed-49de-adaa-861aec894328:c2006]
2019-08-23 02:48:16,502 [grpc-default-executor-4] INFO  client.GrpcClientProtocolClient (GrpcClientProtocolClient.java:onNext(255)) - client-B268B4322F32->17750241-545b-4219-93a1-14a6ea3d85be: receive RaftClientReply:client-B268B4322F32->17750241-545b-4219-93a1-14a6ea3d85be@group-C33FBD9556F2, cid=1410, SUCCESS, logIndex=2009, commits[17750241-545b-4219-93a1-14a6ea3d85be:c2010, 4eaaa090-573e-41d3-9f8c-c99e236d806a:c2006, 5f4cf9ee-4bed-49de-adaa-861aec894328:c2006]
2019-08-23 02:48:16,503 [grpc-default-executor-4] INFO  client.GrpcClientProtocolClient (GrpcClientProtocolClient.java:onNext(255)) - client-B268B4322F32->17750241-545b-4219-93a1-14a6ea3d85be: receive RaftClientReply:client-B268B4322F32->17750241-545b-4219-93a1-14a6ea3d85be@group-C33FBD9556F2, cid=1411, SUCCESS, logIndex=2010, commits[17750241-545b-4219-93a1-14a6ea3d85be:c2010, 4eaaa090-573e-41d3-9f8c-c99e236d806a:c2006, 5f4cf9ee-4bed-49de-adaa-861aec894328:c2006]
2019-08-23 02:48:16,512 | INFO  | DNAudit | user=null | ip=null | op=WRITE_CHUNK {blockData=conID: 2 locID: 102664011536073188 bcsId: 0} | ret=SUCCESS |  
2019-08-23 02:48:16,512 | INFO  | DNAudit | user=null | ip=null | op=WRITE_CHUNK {blockData=conID: 2 locID: 102664011536073188 bcsId: 0} | ret=SUCCESS |  
2019-08-23 02:48:16,513 | INFO  | DNAudit | user=null | ip=null | op=PUT_BLOCK {blockData=[blockId=conID: 2 locID: 102664011536073188 bcsId: 0,size=1048576]} | ret=SUCCESS |  
2019-08-23 02:48:16,513 | INFO  | DNAudit | user=null | ip=null | op=PUT_BLOCK {blockData=[blockId=conID: 2 locID: 102664011536073188 bcsId: 0,size=1048576]} | ret=SUCCESS |  
2019-08-23 02:48:16,514 [grpc-default-executor-4] INFO  client.GrpcClientProtocolClient (GrpcClientProtocolClient.java:onNext(255)) - client-B268B4322F32->17750241-545b-4219-93a1-14a6ea3d85be: receive RaftClientReply:client-B268B4322F32->17750241-545b-4219-93a1-14a6ea3d85be@group-C33FBD9556F2, cid=1412, SUCCESS, logIndex=0, commits[17750241-545b-4219-93a1-14a6ea3d85be:c2011, 4eaaa090-573e-41d3-9f8c-c99e236d806a:c2008, 5f4cf9ee-4bed-49de-adaa-861aec894328:c2008]
2019-08-23 02:48:16,515 | INFO  | DNAudit | user=null | ip=null | op=WRITE_CHUNK {blockData=conID: 2 locID: 102664011536073188 bcsId: 0} | ret=SUCCESS |  
2019-08-23 02:48:16,515 | INFO  | DNAudit | user=null | ip=null | op=WRITE_CHUNK {blockData=conID: 2 locID: 102664011536073188 bcsId: 0} | ret=SUCCESS |  
2019-08-23 02:48:16,515 | INFO  | DNAudit | user=null | ip=null | op=PUT_BLOCK {blockData=[blockId=conID: 2 locID: 102664011536073188 bcsId: 0,size=2097152]} | ret=SUCCESS |  
2019-08-23 02:48:16,516 | INFO  | DNAudit | user=null | ip=null | op=PUT_BLOCK {blockData=[blockId=conID: 2 locID: 102664011536073188 bcsId: 0,size=2097152]} | ret=SUCCESS |  
2019-08-23 02:48:16,522 | INFO  | DNAudit | user=null | ip=null | op=WRITE_CHUNK {blockData=conID: 2 locID: 102664011536073188 bcsId: 2010} | ret=SUCCESS |  
2019-08-23 02:48:16,525 | INFO  | DNAudit | user=null | ip=null | op=WRITE_CHUNK {blockData=conID: 2 locID: 102664011536073188 bcsId: 2010} | ret=SUCCESS |  
2019-08-23 02:48:16,525 | INFO  | DNAudit | user=null | ip=null | op=WRITE_CHUNK {blockData=conID: 2 locID: 102664011536073188 bcsId: 2010} | ret=SUCCESS |  
2019-08-23 02:48:16,536 | INFO  | DNAudit | user=null | ip=null | op=WRITE_CHUNK {blockData=conID: 2 locID: 102664011536073188 bcsId: 2010} | ret=SUCCESS |  
2019-08-23 02:48:16,536 | INFO  | DNAudit | user=null | ip=null | op=PUT_BLOCK {blockData=[blockId=conID: 2 locID: 102664011536073188 bcsId: 0,size=3145728]} | ret=SUCCESS |  
2019-08-23 02:48:16,536 [grpc-default-executor-5] INFO  client.GrpcClientProtocolClient (GrpcClientProtocolClient.java:onNext(255)) - client-B268B4322F32->17750241-545b-4219-93a1-14a6ea3d85be: receive RaftClientReply:client-B268B4322F32->17750241-545b-4219-93a1-14a6ea3d85be@group-C33FBD9556F2, cid=1413, SUCCESS, logIndex=2015, commits[17750241-545b-4219-93a1-14a6ea3d85be:c2016, 4eaaa090-573e-41d3-9f8c-c99e236d806a:c2014, 5f4cf9ee-4bed-49de-adaa-861aec894328:c2014]
2019-08-23 02:48:16,537 [grpc-default-executor-5] INFO  client.GrpcClientProtocolClient (GrpcClientProtocolClient.java:onNext(255)) - client-B268B4322F32->17750241-545b-4219-93a1-14a6ea3d85be: receive RaftClientReply:client-B268B4322F32->17750241-545b-4219-93a1-14a6ea3d85be@group-C33FBD9556F2, cid=1414, SUCCESS, logIndex=2016, commits[17750241-545b-4219-93a1-14a6ea3d85be:c2016, 4eaaa090-573e-41d3-9f8c-c99e236d806a:c2014, 5f4cf9ee-4bed-49de-adaa-861aec894328:c2014]
2019-08-23 02:48:16,544 | INFO  | DNAudit | user=null | ip=null | op=WRITE_CHUNK {blockData=conID: 2 locID: 102664011536073188 bcsId: 2016} | ret=SUCCESS |  
2019-08-23 02:48:16,547 | INFO  | DNAudit | user=null | ip=null | op=WRITE_CHUNK {blockData=conID: 2 locID: 102664011536073188 bcsId: 2016} | ret=SUCCESS |  
2019-08-23 02:48:16,548 | INFO  | DNAudit | user=null | ip=null | op=WRITE_CHUNK {blockData=conID: 2 locID: 102664011536073188 bcsId: 2016} | ret=SUCCESS |  
2019-08-23 02:48:16,549 | INFO  | DNAudit | user=null | ip=null | op=WRITE_CHUNK {blockData=conID: 2 locID: 102664011536073188 bcsId: 2010} | ret=SUCCESS |  
2019-08-23 02:48:16,549 | INFO  | DNAudit | user=null | ip=null | op=WRITE_CHUNK {blockData=conID: 2 locID: 102664011536073188 bcsId: 2010} | ret=SUCCESS |  
2019-08-23 02:48:16,549 | INFO  | DNAudit | user=null | ip=null | op=PUT_BLOCK {blockData=[blockId=conID: 2 locID: 102664011536073188 bcsId: 0,size=3145728]} | ret=SUCCESS |  
2019-08-23 02:48:16,549 | INFO  | DNAudit | user=null | ip=null | op=PUT_BLOCK {blockData=[blockId=conID: 2 locID: 102664011536073188 bcsId: 0,size=3145728]} | ret=SUCCESS |  
2019-08-23 02:48:16,562 | INFO  | DNAudit | user=null | ip=null | op=WRITE_CHUNK {blockData=conID: 2 locID: 102664011536073188 bcsId: 2016} | ret=SUCCESS |  
2019-08-23 02:48:16,563 | INFO  | DNAudit | user=null | ip=null | op=PUT_BLOCK {blockData=[blockId=conID: 2 locID: 102664011536073188 bcsId: 0,size=4194304]} | ret=SUCCESS |  
2019-08-23 02:48:16,563 [grpc-default-executor-6] INFO  client.GrpcClientProtocolClient (GrpcClientProtocolClient.java:onNext(255)) - client-B268B4322F32->17750241-545b-4219-93a1-14a6ea3d85be: receive RaftClientReply:client-B268B4322F32->17750241-545b-4219-93a1-14a6ea3d85be@group-C33FBD9556F2, cid=1415, SUCCESS, logIndex=2019, commits[17750241-545b-4219-93a1-14a6ea3d85be:c2020, 4eaaa090-573e-41d3-9f8c-c99e236d806a:c2016, 5f4cf9ee-4bed-49de-adaa-861aec894328:c2016]
2019-08-23 02:48:16,564 [grpc-default-executor-6] INFO  client.GrpcClientProtocolClient (GrpcClientProtocolClient.java:onNext(255)) - client-B268B4322F32->17750241-545b-4219-93a1-14a6ea3d85be: receive RaftClientReply:client-B268B4322F32->17750241-545b-4219-93a1-14a6ea3d85be@group-C33FBD9556F2, cid=1416, SUCCESS, logIndex=2020, commits[17750241-545b-4219-93a1-14a6ea3d85be:c2020, 4eaaa090-573e-41d3-9f8c-c99e236d806a:c2016, 5f4cf9ee-4bed-49de-adaa-861aec894328:c2016]
2019-08-23 02:48:16,576 | INFO  | DNAudit | user=null | ip=null | op=WRITE_CHUNK {blockData=conID: 2 locID: 102664011536073188 bcsId: 2016} | ret=SUCCESS |  
2019-08-23 02:48:16,576 | INFO  | DNAudit | user=null | ip=null | op=WRITE_CHUNK {blockData=conID: 2 locID: 102664011536073188 bcsId: 2016} | ret=SUCCESS |  
2019-08-23 02:48:16,589 | INFO  | DNAudit | user=null | ip=null | op=PUT_BLOCK {blockData=[blockId=conID: 2 locID: 102664011536073188 bcsId: 0,size=4194304]} | ret=SUCCESS |  
2019-08-23 02:48:16,589 | INFO  | DNAudit | user=null | ip=null | op=PUT_BLOCK {blockData=[blockId=conID: 2 locID: 102664011536073188 bcsId: 0,size=4194304]} | ret=SUCCESS |  
2019-08-23 02:48:16,589 [grpc-default-executor-6] INFO  client.GrpcClientProtocolClient (GrpcClientProtocolClient.java:onNext(255)) - client-B268B4322F32->17750241-545b-4219-93a1-14a6ea3d85be: receive RaftClientReply:client-B268B4322F32->17750241-545b-4219-93a1-14a6ea3d85be@group-C33FBD9556F2, cid=1417, SUCCESS, logIndex=0, commits[17750241-545b-4219-93a1-14a6ea3d85be:c2022, 4eaaa090-573e-41d3-9f8c-c99e236d806a:c2020, 5f4cf9ee-4bed-49de-adaa-861aec894328:c2020]
2019-08-23 02:48:16,592 | INFO  | SCMAudit | user=jenkins1000 | ip=192.168.34.22 | op=ALLOCATE_BLOCK {owner=31d65bc3-3f70-45f5-bbc5-e3a15f967ba6, size=4194304, type=RATIS, factor=THREE} | ret=SUCCESS |  
2019-08-23 02:48:16,595 | INFO  | OMAudit | user=jenkins1000 | ip=127.0.0.1 | op=ALLOCATE_BLOCK {volume=vol-0-78052, bucket=bucket-0-33874, key=key-0-20719, dataSize=2147483657, replicationType=RATIS, replicationFactor=THREE, keyLocationInfo=[], clientID=102664010308846034} | ret=SUCCESS |  
2019-08-23 02:48:16,608 | INFO  | DNAudit | user=null | ip=null | op=WRITE_CHUNK {blockData=conID: 3 locID: 102664011552653797 bcsId: 0} | ret=SUCCESS |  
2019-08-23 02:48:16,612 | INFO  | DNAudit | user=null | ip=null | op=WRITE_CHUNK {blockData=conID: 3 locID: 102664011552653797 bcsId: 0} | ret=SUCCESS |  
2019-08-23 02:48:16,612 | INFO  | DNAudit | user=null | ip=null | op=WRITE_CHUNK {blockData=conID: 3 locID: 102664011552653797 bcsId: 0} | ret=SUCCESS |  
2019-08-23 02:48:16,613 | INFO  | DNAudit | user=null | ip=null | op=WRITE_CHUNK {blockData=conID: 3 locID: 102664011552653797 bcsId: 0} | ret=SUCCESS |  
2019-08-23 02:48:16,614 | INFO  | DNAudit | user=null | ip=null | op=WRITE_CHUNK {blockData=conID: 3 locID: 102664011552653797 bcsId: 0} | ret=SUCCESS |  
2019-08-23 02:48:16,615 | INFO  | DNAudit | user=null | ip=null | op=WRITE_CHUNK {blockData=conID: 3 locID: 102664011552653797 bcsId: 0} | ret=SUCCESS |  
2019-08-23 02:48:16,624 | INFO  | DNAudit | user=null | ip=null | op=WRITE_CHUNK {blockData=conID: 3 locID: 102664011552653797 bcsId: 0} | ret=SUCCESS |  
2019-08-23 02:48:16,624 | INFO  | DNAudit | user=null | ip=null | op=PUT_BLOCK {blockData=[blockId=conID: 3 locID: 102664011552653797 bcsId: 0,size=1048576]} | ret=SUCCESS |  
2019-08-23 02:48:16,624 [grpc-default-executor-6] INFO  client.GrpcClientProtocolClient (GrpcClientProtocolClient.java:onNext(255)) - client-B268B4322F32->17750241-545b-4219-93a1-14a6ea3d85be: receive RaftClientReply:client-B268B4322F32->17750241-545b-4219-93a1-14a6ea3d85be@group-C33FBD9556F2, cid=1418, SUCCESS, logIndex=2023, commits[17750241-545b-4219-93a1-14a6ea3d85be:c2024, 4eaaa090-573e-41d3-9f8c-c99e236d806a:c2022, 5f4cf9ee-4bed-49de-adaa-861aec894328:c2022]
2019-08-23 02:48:16,626 [grpc-default-executor-6] INFO  client.GrpcClientProtocolClient (GrpcClientProtocolClient.java:onNext(255)) - client-B268B4322F32->17750241-545b-4219-93a1-14a6ea3d85be: receive RaftClientReply:client-B268B4322F32->17750241-545b-4219-93a1-14a6ea3d85be@group-C33FBD9556F2, cid=1419, SUCCESS, logIndex=2024, commits[17750241-545b-4219-93a1-14a6ea3d85be:c2024, 4eaaa090-573e-41d3-9f8c-c99e236d806a:c2022, 5f4cf9ee-4bed-49de-adaa-861aec894328:c2022]
2019-08-23 02:48:16,633 | INFO  | DNAudit | user=null | ip=null | op=WRITE_CHUNK {blockData=conID: 3 locID: 102664011552653797 bcsId: 0} | ret=SUCCESS |  
2019-08-23 02:48:16,633 | INFO  | DNAudit | user=null | ip=null | op=PUT_BLOCK {blockData=[blockId=conID: 3 locID: 102664011552653797 bcsId: 0,size=2097152]} | ret=SUCCESS |  
2019-08-23 02:48:16,634 [grpc-default-executor-6] INFO  client.GrpcClientProtocolClient (GrpcClientProtocolClient.java:onNext(255)) - client-B268B4322F32->17750241-545b-4219-93a1-14a6ea3d85be: receive RaftClientReply:client-B268B4322F32->17750241-545b-4219-93a1-14a6ea3d85be@group-C33FBD9556F2, cid=1420, SUCCESS, logIndex=2025, commits[17750241-545b-4219-93a1-14a6ea3d85be:c2026, 4eaaa090-573e-41d3-9f8c-c99e236d806a:c2022, 5f4cf9ee-4bed-49de-adaa-861aec894328:c2022]
2019-08-23 02:48:16,634 [grpc-default-executor-6] INFO  client.GrpcClientProtocolClient (GrpcClientProtocolClient.java:onNext(255)) - client-B268B4322F32->17750241-545b-4219-93a1-14a6ea3d85be: receive RaftClientReply:client-B268B4322F32->17750241-545b-4219-93a1-14a6ea3d85be@group-C33FBD9556F2, cid=1421, SUCCESS, logIndex=2026, commits[17750241-545b-4219-93a1-14a6ea3d85be:c2026, 4eaaa090-573e-41d3-9f8c-c99e236d806a:c2022, 5f4cf9ee-4bed-49de-adaa-861aec894328:c2022]
2019-08-23 02:48:16,635 | INFO  | DNAudit | user=null | ip=null | op=WRITE_CHUNK {blockData=conID: 3 locID: 102664011552653797 bcsId: 0} | ret=SUCCESS |  
2019-08-23 02:48:16,635 | INFO  | DNAudit | user=null | ip=null | op=WRITE_CHUNK {blockData=conID: 3 locID: 102664011552653797 bcsId: 0} | ret=SUCCESS |  
2019-08-23 02:48:16,636 | INFO  | DNAudit | user=null | ip=null | op=PUT_BLOCK {blockData=[blockId=conID: 3 locID: 102664011552653797 bcsId: 0,size=1048576]} | ret=SUCCESS |  
2019-08-23 02:48:16,636 | INFO  | DNAudit | user=null | ip=null | op=PUT_BLOCK {blockData=[blockId=conID: 3 locID: 102664011552653797 bcsId: 0,size=1048576]} | ret=SUCCESS |  
2019-08-23 02:48:16,636 [grpc-default-executor-5] INFO  client.GrpcClientProtocolClient (GrpcClientProtocolClient.java:onNext(255)) - client-B268B4322F32->17750241-545b-4219-93a1-14a6ea3d85be: receive RaftClientReply:client-B268B4322F32->17750241-545b-4219-93a1-14a6ea3d85be@group-C33FBD9556F2, cid=1422, SUCCESS, logIndex=0, commits[17750241-545b-4219-93a1-14a6ea3d85be:c2026, 4eaaa090-573e-41d3-9f8c-c99e236d806a:c2024, 5f4cf9ee-4bed-49de-adaa-861aec894328:c2024]
2019-08-23 02:48:16,644 | INFO  | DNAudit | user=null | ip=null | op=WRITE_CHUNK {blockData=conID: 3 locID: 102664011552653797 bcsId: 2026} | ret=SUCCESS |  
2019-08-23 02:48:16,647 | INFO  | DNAudit | user=null | ip=null | op=WRITE_CHUNK {blockData=conID: 3 locID: 102664011552653797 bcsId: 2026} | ret=SUCCESS |  
2019-08-23 02:48:16,647 | INFO  | DNAudit | user=null | ip=null | op=WRITE_CHUNK {blockData=conID: 3 locID: 102664011552653797 bcsId: 2026} | ret=SUCCESS |  
 0.00% |█                                                                                                    |  0/1 Time: 0:00:192019-08-23 02:48:16,667 | INFO  | DNAudit | user=null | ip=null | op=WRITE_CHUNK {blockData=conID: 3 locID: 102664011552653797 bcsId: 0} | ret=SUCCESS |  
2019-08-23 02:48:16,668 | INFO  | DNAudit | user=null | ip=null | op=WRITE_CHUNK {blockData=conID: 3 locID: 102664011552653797 bcsId: 0} | ret=SUCCESS |  
2019-08-23 02:48:16,668 | INFO  | DNAudit | user=null | ip=null | op=PUT_BLOCK {blockData=[blockId=conID: 3 locID: 102664011552653797 bcsId: 0,size=2097152]} | ret=SUCCESS |  
2019-08-23 02:48:16,668 | INFO  | DNAudit | user=null | ip=null | op=WRITE_CHUNK {blockData=conID: 3 locID: 102664011552653797 bcsId: 2026} | ret=SUCCESS |  
2019-08-23 02:48:16,668 | INFO  | DNAudit | user=null | ip=null | op=PUT_BLOCK {blockData=[blockId=conID: 3 locID: 102664011552653797 bcsId: 0,size=2097152]} | ret=SUCCESS |  
2019-08-23 02:48:16,668 | INFO  | DNAudit | user=null | ip=null | op=PUT_BLOCK {blockData=[blockId=conID: 3 locID: 102664011552653797 bcsId: 0,size=3145728]} | ret=SUCCESS |  
2019-08-23 02:48:16,668 [grpc-default-executor-1] INFO  client.GrpcClientProtocolClient (GrpcClientProtocolClient.java:onNext(255)) - client-B268B4322F32->17750241-545b-4219-93a1-14a6ea3d85be: receive RaftClientReply:client-B268B4322F32->17750241-545b-4219-93a1-14a6ea3d85be@group-C33FBD9556F2, cid=1423, SUCCESS, logIndex=2031, commits[17750241-545b-4219-93a1-14a6ea3d85be:c2032, 4eaaa090-573e-41d3-9f8c-c99e236d806a:c2026, 5f4cf9ee-4bed-49de-adaa-861aec894328:c2026]
2019-08-23 02:48:16,669 [grpc-default-executor-1] INFO  client.GrpcClientProtocolClient (GrpcClientProtocolClient.java:onNext(255)) - client-B268B4322F32->17750241-545b-4219-93a1-14a6ea3d85be: receive RaftClientReply:client-B268B4322F32->17750241-545b-4219-93a1-14a6ea3d85be@group-C33FBD9556F2, cid=1424, SUCCESS, logIndex=2032, commits[17750241-545b-4219-93a1-14a6ea3d85be:c2032, 4eaaa090-573e-41d3-9f8c-c99e236d806a:c2026, 5f4cf9ee-4bed-49de-adaa-861aec894328:c2026]
2019-08-23 02:48:16,678 | INFO  | DNAudit | user=null | ip=null | op=WRITE_CHUNK {blockData=conID: 3 locID: 102664011552653797 bcsId: 2026} | ret=SUCCESS |  
2019-08-23 02:48:16,678 | INFO  | DNAudit | user=null | ip=null | op=WRITE_CHUNK {blockData=conID: 3 locID: 102664011552653797 bcsId: 2032} | ret=SUCCESS |  
2019-08-23 02:48:16,678 | INFO  | DNAudit | user=null | ip=null | op=WRITE_CHUNK {blockData=conID: 3 locID: 102664011552653797 bcsId: 2026} | ret=SUCCESS |  
2019-08-23 02:48:16,679 | INFO  | DNAudit | user=null | ip=null | op=WRITE_CHUNK {blockData=conID: 3 locID: 102664011552653797 bcsId: 2032} | ret=SUCCESS |  
2019-08-23 02:48:16,680 | INFO  | DNAudit | user=null | ip=null | op=WRITE_CHUNK {blockData=conID: 3 locID: 102664011552653797 bcsId: 2032} | ret=SUCCESS |  
2019-08-23 02:48:16,681 | INFO  | DNAudit | user=null | ip=null | op=PUT_BLOCK {blockData=[blockId=conID: 3 locID: 102664011552653797 bcsId: 0,size=3145728]} | ret=SUCCESS |  
2019-08-23 02:48:16,684 | INFO  | DNAudit | user=null | ip=null | op=PUT_BLOCK {blockData=[blockId=conID: 3 locID: 102664011552653797 bcsId: 0,size=3145728]} | ret=SUCCESS |  
2019-08-23 02:48:16,684 | INFO  | DNAudit | user=null | ip=null | op=WRITE_CHUNK {blockData=conID: 3 locID: 102664011552653797 bcsId: 2032} | ret=SUCCESS |  
2019-08-23 02:48:16,685 | INFO  | DNAudit | user=null | ip=null | op=PUT_BLOCK {blockData=[blockId=conID: 3 locID: 102664011552653797 bcsId: 0,size=4194304]} | ret=SUCCESS |  
2019-08-23 02:48:16,685 [grpc-default-executor-4] INFO  client.GrpcClientProtocolClient (GrpcClientProtocolClient.java:onNext(255)) - client-B268B4322F32->17750241-545b-4219-93a1-14a6ea3d85be: receive RaftClientReply:client-B268B4322F32->17750241-545b-4219-93a1-14a6ea3d85be@group-C33FBD9556F2, cid=1425, SUCCESS, logIndex=2035, commits[17750241-545b-4219-93a1-14a6ea3d85be:c2036, 4eaaa090-573e-41d3-9f8c-c99e236d806a:c2032, 5f4cf9ee-4bed-49de-adaa-861aec894328:c2032]
2019-08-23 02:48:16,685 [grpc-default-executor-4] INFO  client.GrpcClientProtocolClient (GrpcClientProtocolClient.java:onNext(255)) - client-B268B4322F32->17750241-545b-4219-93a1-14a6ea3d85be: receive RaftClientReply:client-B268B4322F32->17750241-545b-4219-93a1-14a6ea3d85be@group-C33FBD9556F2, cid=1426, SUCCESS, logIndex=2036, commits[17750241-545b-4219-93a1-14a6ea3d85be:c2036, 4eaaa090-573e-41d3-9f8c-c99e236d806a:c2032, 5f4cf9ee-4bed-49de-adaa-861aec894328:c2032]
2019-08-23 02:48:16,705 | INFO  | DNAudit | user=null | ip=null | op=WRITE_CHUNK {blockData=conID: 3 locID: 102664011552653797 bcsId: 2032} | ret=SUCCESS |  
2019-08-23 02:48:16,705 | INFO  | DNAudit | user=null | ip=null | op=WRITE_CHUNK {blockData=conID: 3 locID: 102664011552653797 bcsId: 2032} | ret=SUCCESS |  
2019-08-23 02:48:16,707 | INFO  | DNAudit | user=null | ip=null | op=PUT_BLOCK {blockData=[blockId=conID: 3 locID: 102664011552653797 bcsId: 0,size=4194304]} | ret=SUCCESS |  
2019-08-23 02:48:16,708 | INFO  | DNAudit | user=null | ip=null | op=PUT_BLOCK {blockData=[blockId=conID: 3 locID: 102664011552653797 bcsId: 0,size=4194304]} | ret=SUCCESS |  
2019-08-23 02:48:16,708 [grpc-default-executor-6] INFO  client.GrpcClientProtocolClient (GrpcClientProtocolClient.java:onNext(255)) - client-B268B4322F32->17750241-545b-4219-93a1-14a6ea3d85be: receive RaftClientReply:client-B268B4322F32->17750241-545b-4219-93a1-14a6ea3d85be@group-C33FBD9556F2, cid=1427, SUCCESS, logIndex=0, commits[17750241-545b-4219-93a1-14a6ea3d85be:c2038, 4eaaa090-573e-41d3-9f8c-c99e236d806a:c2036, 5f4cf9ee-4bed-49de-adaa-861aec894328:c2036]
2019-08-23 02:48:16,712 | INFO  | SCMAudit | user=jenkins1000 | ip=192.168.34.22 | op=ALLOCATE_BLOCK {owner=31d65bc3-3f70-45f5-bbc5-e3a15f967ba6, size=4194304, type=RATIS, factor=THREE} | ret=SUCCESS |  
2019-08-23 02:48:16,716 | INFO  | OMAudit | user=jenkins1000 | ip=127.0.0.1 | op=ALLOCATE_BLOCK {volume=vol-0-78052, bucket=bucket-0-33874, key=key-0-20719, dataSize=2147483657, replicationType=RATIS, replicationFactor=THREE, keyLocationInfo=[], clientID=102664010308846034} | ret=SUCCESS |  
2019-08-23 02:48:16,718 | INFO  | SCMAudit | user=jenkins1000 | ip=192.168.34.22 | op=SEND_HEARTBEAT {datanodeUUID=66ab6a68-e61f-4535-ab2f-12fe560929ed, command=[]} | ret=SUCCESS |  
2019-08-23 02:48:16,727 | INFO  | DNAudit | user=null | ip=null | op=WRITE_CHUNK {blockData=conID: 1 locID: 102664011560518118 bcsId: 0} | ret=SUCCESS |  
2019-08-23 02:48:16,729 | INFO  | DNAudit | user=null | ip=null | op=WRITE_CHUNK {blockData=conID: 1 locID: 102664011560518118 bcsId: 0} | ret=SUCCESS |  
2019-08-23 02:48:16,730 | INFO  | DNAudit | user=null | ip=null | op=WRITE_CHUNK {blockData=conID: 1 locID: 102664011560518118 bcsId: 0} | ret=SUCCESS |  
2019-08-23 02:48:16,730 | INFO  | DNAudit | user=null | ip=null | op=WRITE_CHUNK {blockData=conID: 1 locID: 102664011560518118 bcsId: 0} | ret=SUCCESS |  
2019-08-23 02:48:16,732 | INFO  | DNAudit | user=null | ip=null | op=WRITE_CHUNK {blockData=conID: 1 locID: 102664011560518118 bcsId: 0} | ret=SUCCESS |  
2019-08-23 02:48:16,732 | INFO  | DNAudit | user=null | ip=null | op=WRITE_CHUNK {blockData=conID: 1 locID: 102664011560518118 bcsId: 0} | ret=SUCCESS |  
2019-08-23 02:48:16,741 | INFO  | DNAudit | user=null | ip=null | op=WRITE_CHUNK {blockData=conID: 1 locID: 102664011560518118 bcsId: 0} | ret=SUCCESS |  
2019-08-23 02:48:16,741 | INFO  | DNAudit | user=null | ip=null | op=PUT_BLOCK {blockData=[blockId=conID: 1 locID: 102664011560518118 bcsId: 0,size=1048576]} | ret=SUCCESS |  
2019-08-23 02:48:16,741 [grpc-default-executor-6] INFO  client.GrpcClientProtocolClient (GrpcClientProtocolClient.java:onNext(255)) - client-B268B4322F32->17750241-545b-4219-93a1-14a6ea3d85be: receive RaftClientReply:client-B268B4322F32->17750241-545b-4219-93a1-14a6ea3d85be@group-C33FBD9556F2, cid=1428, SUCCESS, logIndex=2039, commits[17750241-545b-4219-93a1-14a6ea3d85be:c2040, 4eaaa090-573e-41d3-9f8c-c99e236d806a:c2038, 5f4cf9ee-4bed-49de-adaa-861aec894328:c2038]
2019-08-23 02:48:16,742 [grpc-default-executor-6] INFO  client.GrpcClientProtocolClient (GrpcClientProtocolClient.java:onNext(255)) - client-B268B4322F32->17750241-545b-4219-93a1-14a6ea3d85be: receive RaftClientReply:client-B268B4322F32->17750241-545b-4219-93a1-14a6ea3d85be@group-C33FBD9556F2, cid=1429, SUCCESS, logIndex=2040, commits[17750241-545b-4219-93a1-14a6ea3d85be:c2040, 4eaaa090-573e-41d3-9f8c-c99e236d806a:c2038, 5f4cf9ee-4bed-49de-adaa-861aec894328:c2038]
2019-08-23 02:48:16,751 | INFO  | DNAudit | user=null | ip=null | op=WRITE_CHUNK {blockData=conID: 1 locID: 102664011560518118 bcsId: 0} | ret=SUCCESS |  
2019-08-23 02:48:16,752 | INFO  | DNAudit | user=null | ip=null | op=PUT_BLOCK {blockData=[blockId=conID: 1 locID: 102664011560518118 bcsId: 0,size=2097152]} | ret=SUCCESS |  
2019-08-23 02:48:16,752 [grpc-default-executor-6] INFO  client.GrpcClientProtocolClient (GrpcClientProtocolClient.java:onNext(255)) - client-B268B4322F32->17750241-545b-4219-93a1-14a6ea3d85be: receive RaftClientReply:client-B268B4322F32->17750241-545b-4219-93a1-14a6ea3d85be@group-C33FBD9556F2, cid=1430, SUCCESS, logIndex=2041, commits[17750241-545b-4219-93a1-14a6ea3d85be:c2042, 4eaaa090-573e-41d3-9f8c-c99e236d806a:c2038, 5f4cf9ee-4bed-49de-adaa-861aec894328:c2038]
2019-08-23 02:48:16,752 | INFO  | DNAudit | user=null | ip=null | op=WRITE_CHUNK {blockData=conID: 1 locID: 102664011560518118 bcsId: 0} | ret=SUCCESS |  
2019-08-23 02:48:16,753 | INFO  | DNAudit | user=null | ip=null | op=PUT_BLOCK {blockData=[blockId=conID: 1 locID: 102664011560518118 bcsId: 0,size=1048576]} | ret=SUCCESS |  
2019-08-23 02:48:16,753 [grpc-default-executor-5] INFO  client.GrpcClientProtocolClient (GrpcClientProtocolClient.java:onNext(255)) - client-B268B4322F32->17750241-545b-4219-93a1-14a6ea3d85be: receive RaftClientReply:client-B268B4322F32->17750241-545b-4219-93a1-14a6ea3d85be@group-C33FBD9556F2, cid=1431, SUCCESS, logIndex=2042, commits[17750241-545b-4219-93a1-14a6ea3d85be:c2042, 4eaaa090-573e-41d3-9f8c-c99e236d806a:c2038, 5f4cf9ee-4bed-49de-adaa-861aec894328:c2038]
2019-08-23 02:48:16,763 | INFO  | DNAudit | user=null | ip=null | op=WRITE_CHUNK {blockData=conID: 1 locID: 102664011560518118 bcsId: 0} | ret=SUCCESS |  
2019-08-23 02:48:16,763 | INFO  | DNAudit | user=null | ip=null | op=PUT_BLOCK {blockData=[blockId=conID: 1 locID: 102664011560518118 bcsId: 0,size=1048576]} | ret=SUCCESS |  
2019-08-23 02:48:16,763 [grpc-default-executor-5] INFO  client.GrpcClientProtocolClient (GrpcClientProtocolClient.java:onNext(255)) - client-B268B4322F32->17750241-545b-4219-93a1-14a6ea3d85be: receive RaftClientReply:client-B268B4322F32->17750241-545b-4219-93a1-14a6ea3d85be@group-C33FBD9556F2, cid=1432, SUCCESS, logIndex=0, commits[17750241-545b-4219-93a1-14a6ea3d85be:c2044, 4eaaa090-573e-41d3-9f8c-c99e236d806a:c2040, 5f4cf9ee-4bed-49de-adaa-861aec894328:c2040]
2019-08-23 02:48:16,765 | INFO  | DNAudit | user=null | ip=null | op=WRITE_CHUNK {blockData=conID: 1 locID: 102664011560518118 bcsId: 0} | ret=SUCCESS |  
2019-08-23 02:48:16,765 | INFO  | DNAudit | user=null | ip=null | op=PUT_BLOCK {blockData=[blockId=conID: 1 locID: 102664011560518118 bcsId: 0,size=2097152]} | ret=SUCCESS |  
2019-08-23 02:48:16,771 | INFO  | DNAudit | user=null | ip=null | op=WRITE_CHUNK {blockData=conID: 1 locID: 102664011560518118 bcsId: 2042} | ret=SUCCESS |  
2019-08-23 02:48:16,773 | INFO  | DNAudit | user=null | ip=null | op=WRITE_CHUNK {blockData=conID: 1 locID: 102664011560518118 bcsId: 2042} | ret=SUCCESS |  
2019-08-23 02:48:16,774 | INFO  | DNAudit | user=null | ip=null | op=WRITE_CHUNK {blockData=conID: 1 locID: 102664011560518118 bcsId: 2042} | ret=SUCCESS |  
2019-08-23 02:48:16,775 | INFO  | DNAudit | user=null | ip=null | op=WRITE_CHUNK {blockData=conID: 1 locID: 102664011560518118 bcsId: 0} | ret=SUCCESS |  
2019-08-23 02:48:16,776 | INFO  | DNAudit | user=null | ip=null | op=PUT_BLOCK {blockData=[blockId=conID: 1 locID: 102664011560518118 bcsId: 0,size=2097152]} | ret=SUCCESS |  
2019-08-23 02:48:16,789 | INFO  | DNAudit | user=null | ip=null | op=WRITE_CHUNK {blockData=conID: 1 locID: 102664011560518118 bcsId: 2042} | ret=SUCCESS |  
2019-08-23 02:48:16,789 | INFO  | DNAudit | user=null | ip=null | op=PUT_BLOCK {blockData=[blockId=conID: 1 locID: 102664011560518118 bcsId: 0,size=3145728]} | ret=SUCCESS |  
2019-08-23 02:48:16,790 [grpc-default-executor-5] INFO  client.GrpcClientProtocolClient (GrpcClientProtocolClient.java:onNext(255)) - client-B268B4322F32->17750241-545b-4219-93a1-14a6ea3d85be: receive RaftClientReply:client-B268B4322F32->17750241-545b-4219-93a1-14a6ea3d85be@group-C33FBD9556F2, cid=1433, SUCCESS, logIndex=2047, commits[17750241-545b-4219-93a1-14a6ea3d85be:c2048, 4eaaa090-573e-41d3-9f8c-c99e236d806a:c2045, 5f4cf9ee-4bed-49de-adaa-861aec894328:c2042]
2019-08-23 02:48:16,790 [grpc-default-executor-5] INFO  client.GrpcClientProtocolClient (GrpcClientProtocolClient.java:onNext(255)) - client-B268B4322F32->17750241-545b-4219-93a1-14a6ea3d85be: receive RaftClientReply:client-B268B4322F32->17750241-545b-4219-93a1-14a6ea3d85be@group-C33FBD9556F2, cid=1434, SUCCESS, logIndex=2048, commits[17750241-545b-4219-93a1-14a6ea3d85be:c2048, 4eaaa090-573e-41d3-9f8c-c99e236d806a:c2045, 5f4cf9ee-4bed-49de-adaa-861aec894328:c2045]
2019-08-23 02:48:16,792 | INFO  | DNAudit | user=null | ip=null | op=WRITE_CHUNK {blockData=conID: 1 locID: 102664011560518118 bcsId: 2042} | ret=SUCCESS |  
2019-08-23 02:48:16,792 | INFO  | DNAudit | user=null | ip=null | op=WRITE_CHUNK {blockData=conID: 1 locID: 102664011560518118 bcsId: 2042} | ret=SUCCESS |  
2019-08-23 02:48:16,792 | INFO  | DNAudit | user=null | ip=null | op=PUT_BLOCK {blockData=[blockId=conID: 1 locID: 102664011560518118 bcsId: 0,size=3145728]} | ret=SUCCESS |  
2019-08-23 02:48:16,792 | INFO  | DNAudit | user=null | ip=null | op=PUT_BLOCK {blockData=[blockId=conID: 1 locID: 102664011560518118 bcsId: 0,size=3145728]} | ret=SUCCESS |  
2019-08-23 02:48:16,797 | INFO  | DNAudit | user=null | ip=null | op=WRITE_CHUNK {blockData=conID: 1 locID: 102664011560518118 bcsId: 2048} | ret=SUCCESS |  
2019-08-23 02:48:16,799 | INFO  | DNAudit | user=null | ip=null | op=WRITE_CHUNK {blockData=conID: 1 locID: 102664011560518118 bcsId: 2048} | ret=SUCCESS |  
2019-08-23 02:48:16,799 | INFO  | DNAudit | user=null | ip=null | op=WRITE_CHUNK {blockData=conID: 1 locID: 102664011560518118 bcsId: 2048} | ret=SUCCESS |  
2019-08-23 02:48:16,818 | INFO  | DNAudit | user=null | ip=null | op=WRITE_CHUNK {blockData=conID: 1 locID: 102664011560518118 bcsId: 2048} | ret=SUCCESS |  
2019-08-23 02:48:16,818 | INFO  | DNAudit | user=null | ip=null | op=PUT_BLOCK {blockData=[blockId=conID: 1 locID: 102664011560518118 bcsId: 0,size=4194304]} | ret=SUCCESS |  
2019-08-23 02:48:16,818 [grpc-default-executor-6] INFO  client.GrpcClientProtocolClient (GrpcClientProtocolClient.java:onNext(255)) - client-B268B4322F32->17750241-545b-4219-93a1-14a6ea3d85be: receive RaftClientReply:client-B268B4322F32->17750241-545b-4219-93a1-14a6ea3d85be@group-C33FBD9556F2, cid=1435, SUCCESS, logIndex=2051, commits[17750241-545b-4219-93a1-14a6ea3d85be:c2052, 4eaaa090-573e-41d3-9f8c-c99e236d806a:c2048, 5f4cf9ee-4bed-49de-adaa-861aec894328:c2049]
2019-08-23 02:48:16,819 [grpc-default-executor-6] INFO  client.GrpcClientProtocolClient (GrpcClientProtocolClient.java:onNext(255)) - client-B268B4322F32->17750241-545b-4219-93a1-14a6ea3d85be: receive RaftClientReply:client-B268B4322F32->17750241-545b-4219-93a1-14a6ea3d85be@group-C33FBD9556F2, cid=1436, SUCCESS, logIndex=2052, commits[17750241-545b-4219-93a1-14a6ea3d85be:c2052, 4eaaa090-573e-41d3-9f8c-c99e236d806a:c2048, 5f4cf9ee-4bed-49de-adaa-861aec894328:c2049]
2019-08-23 02:48:16,831 | INFO  | DNAudit | user=null | ip=null | op=WRITE_CHUNK {blockData=conID: 1 locID: 102664011560518118 bcsId: 2048} | ret=SUCCESS |  
2019-08-23 02:48:16,831 | INFO  | DNAudit | user=null | ip=null | op=PUT_BLOCK {blockData=[blockId=conID: 1 locID: 102664011560518118 bcsId: 0,size=4194304]} | ret=SUCCESS |  
2019-08-23 02:48:16,835 | INFO  | DNAudit | user=null | ip=null | op=WRITE_CHUNK {blockData=conID: 1 locID: 102664011560518118 bcsId: 2048} | ret=SUCCESS |  
2019-08-23 02:48:16,836 | INFO  | DNAudit | user=null | ip=null | op=PUT_BLOCK {blockData=[blockId=conID: 1 locID: 102664011560518118 bcsId: 0,size=4194304]} | ret=SUCCESS |  
2019-08-23 02:48:16,836 [grpc-default-executor-5] INFO  client.GrpcClientProtocolClient (GrpcClientProtocolClient.java:onNext(255)) - client-B268B4322F32->17750241-545b-4219-93a1-14a6ea3d85be: receive RaftClientReply:client-B268B4322F32->17750241-545b-4219-93a1-14a6ea3d85be@group-C33FBD9556F2, cid=1437, SUCCESS, logIndex=0, commits[17750241-545b-4219-93a1-14a6ea3d85be:c2054, 4eaaa090-573e-41d3-9f8c-c99e236d806a:c2052, 5f4cf9ee-4bed-49de-adaa-861aec894328:c2052]
2019-08-23 02:48:16,840 | INFO  | SCMAudit | user=jenkins1000 | ip=192.168.34.22 | op=ALLOCATE_BLOCK {owner=31d65bc3-3f70-45f5-bbc5-e3a15f967ba6, size=4194304, type=RATIS, factor=THREE} | ret=SUCCESS |  
2019-08-23 02:48:16,845 | INFO  | OMAudit | user=jenkins1000 | ip=127.0.0.1 | op=ALLOCATE_BLOCK {volume=vol-0-78052, bucket=bucket-0-33874, key=key-0-20719, dataSize=2147483657, replicationType=RATIS, replicationFactor=THREE, keyLocationInfo=[], clientID=102664010308846034} | ret=SUCCESS |  
2019-08-23 02:48:16,856 | INFO  | DNAudit | user=null | ip=null | op=WRITE_CHUNK {blockData=conID: 2 locID: 102664011568906727 bcsId: 0} | ret=SUCCESS |  
2019-08-23 02:48:16,857 | INFO  | DNAudit | user=null | ip=null | op=WRITE_CHUNK {blockData=conID: 2 locID: 102664011568906727 bcsId: 0} | ret=SUCCESS |  
2019-08-23 02:48:16,858 | INFO  | DNAudit | user=null | ip=null | op=WRITE_CHUNK {blockData=conID: 2 locID: 102664011568906727 bcsId: 0} | ret=SUCCESS |  
2019-08-23 02:48:16,858 | INFO  | DNAudit | user=null | ip=null | op=WRITE_CHUNK {blockData=conID: 2 locID: 102664011568906727 bcsId: 0} | ret=SUCCESS |  
2019-08-23 02:48:16,859 | INFO  | DNAudit | user=null | ip=null | op=WRITE_CHUNK {blockData=conID: 2 locID: 102664011568906727 bcsId: 0} | ret=SUCCESS |  
2019-08-23 02:48:16,859 | INFO  | DNAudit | user=null | ip=null | op=WRITE_CHUNK {blockData=conID: 2 locID: 102664011568906727 bcsId: 0} | ret=SUCCESS |  
2019-08-23 02:48:16,871 | INFO  | DNAudit | user=null | ip=null | op=WRITE_CHUNK {blockData=conID: 2 locID: 102664011568906727 bcsId: 0} | ret=SUCCESS |  
2019-08-23 02:48:16,871 | INFO  | DNAudit | user=null | ip=null | op=PUT_BLOCK {blockData=[blockId=conID: 2 locID: 102664011568906727 bcsId: 0,size=1048576]} | ret=SUCCESS |  
2019-08-23 02:48:16,872 | INFO  | DNAudit | user=null | ip=null | op=WRITE_CHUNK {blockData=conID: 2 locID: 102664011568906727 bcsId: 0} | ret=SUCCESS |  
2019-08-23 02:48:16,872 [grpc-default-executor-1] INFO  client.GrpcClientProtocolClient (GrpcClientProtocolClient.java:onNext(255)) - client-B268B4322F32->17750241-545b-4219-93a1-14a6ea3d85be: receive RaftClientReply:client-B268B4322F32->17750241-545b-4219-93a1-14a6ea3d85be@group-C33FBD9556F2, cid=1438, SUCCESS, logIndex=2055, commits[17750241-545b-4219-93a1-14a6ea3d85be:c2058, 4eaaa090-573e-41d3-9f8c-c99e236d806a:c2054, 5f4cf9ee-4bed-49de-adaa-861aec894328:c2054]
2019-08-23 02:48:16,872 | INFO  | DNAudit | user=null | ip=null | op=PUT_BLOCK {blockData=[blockId=conID: 2 locID: 102664011568906727 bcsId: 0,size=2097152]} | ret=SUCCESS |  
2019-08-23 02:48:16,872 [grpc-default-executor-1] INFO  client.GrpcClientProtocolClient (GrpcClientProtocolClient.java:onNext(255)) - client-B268B4322F32->17750241-545b-4219-93a1-14a6ea3d85be: receive RaftClientReply:client-B268B4322F32->17750241-545b-4219-93a1-14a6ea3d85be@group-C33FBD9556F2, cid=1439, SUCCESS, logIndex=2056, commits[17750241-545b-4219-93a1-14a6ea3d85be:c2058, 4eaaa090-573e-41d3-9f8c-c99e236d806a:c2054, 5f4cf9ee-4bed-49de-adaa-861aec894328:c2054]
2019-08-23 02:48:16,873 [grpc-default-executor-1] INFO  client.GrpcClientProtocolClient (GrpcClientProtocolClient.java:onNext(255)) - client-B268B4322F32->17750241-545b-4219-93a1-14a6ea3d85be: receive RaftClientReply:client-B268B4322F32->17750241-545b-4219-93a1-14a6ea3d85be@group-C33FBD9556F2, cid=1440, SUCCESS, logIndex=2057, commits[17750241-545b-4219-93a1-14a6ea3d85be:c2058, 4eaaa090-573e-41d3-9f8c-c99e236d806a:c2054, 5f4cf9ee-4bed-49de-adaa-861aec894328:c2054]
2019-08-23 02:48:16,873 [grpc-default-executor-1] INFO  client.GrpcClientProtocolClient (GrpcClientProtocolClient.java:onNext(255)) - client-B268B4322F32->17750241-545b-4219-93a1-14a6ea3d85be: receive RaftClientReply:client-B268B4322F32->17750241-545b-4219-93a1-14a6ea3d85be@group-C33FBD9556F2, cid=1441, SUCCESS, logIndex=2058, commits[17750241-545b-4219-93a1-14a6ea3d85be:c2058, 4eaaa090-573e-41d3-9f8c-c99e236d806a:c2054, 5f4cf9ee-4bed-49de-adaa-861aec894328:c2054]
2019-08-23 02:48:16,884 | INFO  | DNAudit | user=null | ip=null | op=WRITE_CHUNK {blockData=conID: 2 locID: 102664011568906727 bcsId: 0} | ret=SUCCESS |  
2019-08-23 02:48:16,884 | INFO  | DNAudit | user=null | ip=null | op=WRITE_CHUNK {blockData=conID: 2 locID: 102664011568906727 bcsId: 0} | ret=SUCCESS |  
2019-08-23 02:48:16,887 | INFO  | SCMAudit | user=jenkins1000 | ip=192.168.34.22 | op=SEND_HEARTBEAT {datanodeUUID=0cedf437-a8af-4d70-bac5-ea9863093e86, command=[]} | ret=SUCCESS |  
2019-08-23 02:48:16,887 | INFO  | DNAudit | user=null | ip=null | op=PUT_BLOCK {blockData=[blockId=conID: 2 locID: 102664011568906727 bcsId: 0,size=1048576]} | ret=SUCCESS |  
2019-08-23 02:48:16,888 | INFO  | DNAudit | user=null | ip=null | op=WRITE_CHUNK {blockData=conID: 2 locID: 102664011568906727 bcsId: 0} | ret=SUCCESS |  
2019-08-23 02:48:16,888 | INFO  | DNAudit | user=null | ip=null | op=PUT_BLOCK {blockData=[blockId=conID: 2 locID: 102664011568906727 bcsId: 0,size=1048576]} | ret=SUCCESS |  
2019-08-23 02:48:16,888 | INFO  | DNAudit | user=null | ip=null | op=PUT_BLOCK {blockData=[blockId=conID: 2 locID: 102664011568906727 bcsId: 0,size=2097152]} | ret=SUCCESS |  
2019-08-23 02:48:16,888 | INFO  | DNAudit | user=null | ip=null | op=WRITE_CHUNK {blockData=conID: 2 locID: 102664011568906727 bcsId: 0} | ret=SUCCESS |  
2019-08-23 02:48:16,888 | INFO  | DNAudit | user=null | ip=null | op=PUT_BLOCK {blockData=[blockId=conID: 2 locID: 102664011568906727 bcsId: 0,size=2097152]} | ret=SUCCESS |  
2019-08-23 02:48:16,888 [grpc-default-executor-5] INFO  client.GrpcClientProtocolClient (GrpcClientProtocolClient.java:onNext(255)) - client-B268B4322F32->17750241-545b-4219-93a1-14a6ea3d85be: receive RaftClientReply:client-B268B4322F32->17750241-545b-4219-93a1-14a6ea3d85be@group-C33FBD9556F2, cid=1442, SUCCESS, logIndex=0, commits[17750241-545b-4219-93a1-14a6ea3d85be:c2059, 4eaaa090-573e-41d3-9f8c-c99e236d806a:c2056, 5f4cf9ee-4bed-49de-adaa-861aec894328:c2056]
2019-08-23 02:48:16,895 | INFO  | DNAudit | user=null | ip=null | op=WRITE_CHUNK {blockData=conID: 2 locID: 102664011568906727 bcsId: 2058} | ret=SUCCESS |  
2019-08-23 02:48:16,897 | INFO  | DNAudit | user=null | ip=null | op=WRITE_CHUNK {blockData=conID: 2 locID: 102664011568906727 bcsId: 2058} | ret=SUCCESS |  
2019-08-23 02:48:16,898 | INFO  | DNAudit | user=null | ip=null | op=WRITE_CHUNK {blockData=conID: 2 locID: 102664011568906727 bcsId: 2058} | ret=SUCCESS |  
2019-08-23 02:48:16,908 | INFO  | DNAudit | user=null | ip=null | op=WRITE_CHUNK {blockData=conID: 2 locID: 102664011568906727 bcsId: 2058} | ret=SUCCESS |  
2019-08-23 02:48:16,908 | INFO  | DNAudit | user=null | ip=null | op=PUT_BLOCK {blockData=[blockId=conID: 2 locID: 102664011568906727 bcsId: 0,size=3145728]} | ret=SUCCESS |  
2019-08-23 02:48:16,908 [grpc-default-executor-5] INFO  client.GrpcClientProtocolClient (GrpcClientProtocolClient.java:onNext(255)) - client-B268B4322F32->17750241-545b-4219-93a1-14a6ea3d85be: receive RaftClientReply:client-B268B4322F32->17750241-545b-4219-93a1-14a6ea3d85be@group-C33FBD9556F2, cid=1443, SUCCESS, logIndex=2063, commits[17750241-545b-4219-93a1-14a6ea3d85be:c2064, 4eaaa090-573e-41d3-9f8c-c99e236d806a:c2062, 5f4cf9ee-4bed-49de-adaa-861aec894328:c2062]
2019-08-23 02:48:16,909 [grpc-default-executor-5] INFO  client.GrpcClientProtocolClient (GrpcClientProtocolClient.java:onNext(255)) - client-B268B4322F32->17750241-545b-4219-93a1-14a6ea3d85be: receive RaftClientReply:client-B268B4322F32->17750241-545b-4219-93a1-14a6ea3d85be@group-C33FBD9556F2, cid=1444, SUCCESS, logIndex=2064, commits[17750241-545b-4219-93a1-14a6ea3d85be:c2064, 4eaaa090-573e-41d3-9f8c-c99e236d806a:c2062, 5f4cf9ee-4bed-49de-adaa-861aec894328:c2062]
2019-08-23 02:48:16,915 | INFO  | DNAudit | user=null | ip=null | op=WRITE_CHUNK {blockData=conID: 2 locID: 102664011568906727 bcsId: 2064} | ret=SUCCESS |  
2019-08-23 02:48:16,918 | INFO  | DNAudit | user=null | ip=null | op=WRITE_CHUNK {blockData=conID: 2 locID: 102664011568906727 bcsId: 2064} | ret=SUCCESS |  
2019-08-23 02:48:16,918 | INFO  | DNAudit | user=null | ip=null | op=WRITE_CHUNK {blockData=conID: 2 locID: 102664011568906727 bcsId: 2064} | ret=SUCCESS |  
2019-08-23 02:48:16,920 | INFO  | DNAudit | user=null | ip=null | op=WRITE_CHUNK {blockData=conID: 2 locID: 102664011568906727 bcsId: 2058} | ret=SUCCESS |  
2019-08-23 02:48:16,920 | INFO  | DNAudit | user=null | ip=null | op=WRITE_CHUNK {blockData=conID: 2 locID: 102664011568906727 bcsId: 2058} | ret=SUCCESS |  
2019-08-23 02:48:16,921 | INFO  | DNAudit | user=null | ip=null | op=PUT_BLOCK {blockData=[blockId=conID: 2 locID: 102664011568906727 bcsId: 0,size=3145728]} | ret=SUCCESS |  
2019-08-23 02:48:16,922 | INFO  | DNAudit | user=null | ip=null | op=PUT_BLOCK {blockData=[blockId=conID: 2 locID: 102664011568906727 bcsId: 0,size=3145728]} | ret=SUCCESS |  
2019-08-23 02:48:16,922 | INFO  | DNAudit | user=null | ip=null | op=WRITE_CHUNK {blockData=conID: 2 locID: 102664011568906727 bcsId: 2064} | ret=SUCCESS |  
2019-08-23 02:48:16,923 | INFO  | DNAudit | user=null | ip=null | op=PUT_BLOCK {blockData=[blockId=conID: 2 locID: 102664011568906727 bcsId: 0,size=4194304]} | ret=SUCCESS |  
2019-08-23 02:48:16,923 [grpc-default-executor-1] INFO  client.GrpcClientProtocolClient (GrpcClientProtocolClient.java:onNext(255)) - client-B268B4322F32->17750241-545b-4219-93a1-14a6ea3d85be: receive RaftClientReply:client-B268B4322F32->17750241-545b-4219-93a1-14a6ea3d85be@group-C33FBD9556F2, cid=1445, SUCCESS, logIndex=2067, commits[17750241-545b-4219-93a1-14a6ea3d85be:c2068, 4eaaa090-573e-41d3-9f8c-c99e236d806a:c2064, 5f4cf9ee-4bed-49de-adaa-861aec894328:c2064]
2019-08-23 02:48:16,923 [grpc-default-executor-1] INFO  client.GrpcClientProtocolClient (GrpcClientProtocolClient.java:onNext(255)) - client-B268B4322F32->17750241-545b-4219-93a1-14a6ea3d85be: receive RaftClientReply:client-B268B4322F32->17750241-545b-4219-93a1-14a6ea3d85be@group-C33FBD9556F2, cid=1446, SUCCESS, logIndex=2068, commits[17750241-545b-4219-93a1-14a6ea3d85be:c2068, 4eaaa090-573e-41d3-9f8c-c99e236d806a:c2064, 5f4cf9ee-4bed-49de-adaa-861aec894328:c2064]
2019-08-23 02:48:16,924 | INFO  | DNAudit | user=null | ip=null | op=WRITE_CHUNK {blockData=conID: 2 locID: 102664011568906727 bcsId: 2064} | ret=SUCCESS |  
2019-08-23 02:48:16,924 | INFO  | DNAudit | user=null | ip=null | op=WRITE_CHUNK {blockData=conID: 2 locID: 102664011568906727 bcsId: 2064} | ret=SUCCESS |  
2019-08-23 02:48:16,926 | INFO  | DNAudit | user=null | ip=null | op=PUT_BLOCK {blockData=[blockId=conID: 2 locID: 102664011568906727 bcsId: 0,size=4194304]} | ret=SUCCESS |  
2019-08-23 02:48:16,926 | INFO  | DNAudit | user=null | ip=null | op=PUT_BLOCK {blockData=[blockId=conID: 2 locID: 102664011568906727 bcsId: 0,size=4194304]} | ret=SUCCESS |  
2019-08-23 02:48:16,926 [grpc-default-executor-5] INFO  client.GrpcClientProtocolClient (GrpcClientProtocolClient.java:onNext(255)) - client-B268B4322F32->17750241-545b-4219-93a1-14a6ea3d85be: receive RaftClientReply:client-B268B4322F32->17750241-545b-4219-93a1-14a6ea3d85be@group-C33FBD9556F2, cid=1447, SUCCESS, logIndex=0, commits[17750241-545b-4219-93a1-14a6ea3d85be:c2070, 4eaaa090-573e-41d3-9f8c-c99e236d806a:c2068, 5f4cf9ee-4bed-49de-adaa-861aec894328:c2068]
2019-08-23 02:48:16,928 | INFO  | SCMAudit | user=jenkins1000 | ip=192.168.34.22 | op=ALLOCATE_BLOCK {owner=31d65bc3-3f70-45f5-bbc5-e3a15f967ba6, size=4194304, type=RATIS, factor=THREE} | ret=SUCCESS |  
2019-08-23 02:48:16,931 | INFO  | OMAudit | user=jenkins1000 | ip=127.0.0.1 | op=ALLOCATE_BLOCK {volume=vol-0-78052, bucket=bucket-0-33874, key=key-0-20719, dataSize=2147483657, replicationType=RATIS, replicationFactor=THREE, keyLocationInfo=[], clientID=102664010308846034} | ret=SUCCESS |  
2019-08-23 02:48:16,940 | INFO  | DNAudit | user=null | ip=null | op=WRITE_CHUNK {blockData=conID: 3 locID: 102664011574673896 bcsId: 0} | ret=SUCCESS |  
2019-08-23 02:48:16,943 | INFO  | DNAudit | user=null | ip=null | op=WRITE_CHUNK {blockData=conID: 3 locID: 102664011574673896 bcsId: 0} | ret=SUCCESS |  
2019-08-23 02:48:16,944 | INFO  | DNAudit | user=null | ip=null | op=WRITE_CHUNK {blockData=conID: 3 locID: 102664011574673896 bcsId: 0} | ret=SUCCESS |  
2019-08-23 02:48:16,944 | INFO  | DNAudit | user=null | ip=null | op=WRITE_CHUNK {blockData=conID: 3 locID: 102664011574673896 bcsId: 0} | ret=SUCCESS |  
2019-08-23 02:48:16,946 | INFO  | DNAudit | user=null | ip=null | op=WRITE_CHUNK {blockData=conID: 3 locID: 102664011574673896 bcsId: 0} | ret=SUCCESS |  
2019-08-23 02:48:16,946 | INFO  | DNAudit | user=null | ip=null | op=WRITE_CHUNK {blockData=conID: 3 locID: 102664011574673896 bcsId: 0} | ret=SUCCESS |  
2019-08-23 02:48:16,970 | INFO  | DNAudit | user=null | ip=null | op=WRITE_CHUNK {blockData=conID: 3 locID: 102664011574673896 bcsId: 0} | ret=SUCCESS |  
2019-08-23 02:48:16,971 | INFO  | DNAudit | user=null | ip=null | op=PUT_BLOCK {blockData=[blockId=conID: 3 locID: 102664011574673896 bcsId: 0,size=1048576]} | ret=SUCCESS |  
2019-08-23 02:48:16,971 | INFO  | DNAudit | user=null | ip=null | op=WRITE_CHUNK {blockData=conID: 3 locID: 102664011574673896 bcsId: 0} | ret=SUCCESS |  
2019-08-23 02:48:16,972 | INFO  | DNAudit | user=null | ip=null | op=PUT_BLOCK {blockData=[blockId=conID: 3 locID: 102664011574673896 bcsId: 0,size=2097152]} | ret=SUCCESS |  
2019-08-23 02:48:16,972 [grpc-default-executor-6] INFO  client.GrpcClientProtocolClient (GrpcClientProtocolClient.java:onNext(255)) - client-B268B4322F32->17750241-545b-4219-93a1-14a6ea3d85be: receive RaftClientReply:client-B268B4322F32->17750241-545b-4219-93a1-14a6ea3d85be@group-C33FBD9556F2, cid=1448, SUCCESS, logIndex=2071, commits[17750241-545b-4219-93a1-14a6ea3d85be:c2072, 4eaaa090-573e-41d3-9f8c-c99e236d806a:c2070, 5f4cf9ee-4bed-49de-adaa-861aec894328:c2068]
2019-08-23 02:48:16,972 | INFO  | DNAudit | user=null | ip=null | op=WRITE_CHUNK {blockData=conID: 3 locID: 102664011574673896 bcsId: 0} | ret=SUCCESS |  
2019-08-23 02:48:16,972 | INFO  | DNAudit | user=null | ip=null | op=WRITE_CHUNK {blockData=conID: 3 locID: 102664011574673896 bcsId: 0} | ret=SUCCESS |  
2019-08-23 02:48:16,972 [grpc-default-executor-6] INFO  client.GrpcClientProtocolClient (GrpcClientProtocolClient.java:onNext(255)) - client-B268B4322F32->17750241-545b-4219-93a1-14a6ea3d85be: receive RaftClientReply:client-B268B4322F32->17750241-545b-4219-93a1-14a6ea3d85be@group-C33FBD9556F2, cid=1449, SUCCESS, logIndex=2072, commits[17750241-545b-4219-93a1-14a6ea3d85be:c2073, 4eaaa090-573e-41d3-9f8c-c99e236d806a:c2070, 5f4cf9ee-4bed-49de-adaa-861aec894328:c2070]
2019-08-23 02:48:16,973 [grpc-default-executor-6] INFO  client.GrpcClientProtocolClient (GrpcClientProtocolClient.java:onNext(255)) - client-B268B4322F32->17750241-545b-4219-93a1-14a6ea3d85be: receive RaftClientReply:client-B268B4322F32->17750241-545b-4219-93a1-14a6ea3d85be@group-C33FBD9556F2, cid=1450, SUCCESS, logIndex=2073, commits[17750241-545b-4219-93a1-14a6ea3d85be:c2074, 4eaaa090-573e-41d3-9f8c-c99e236d806a:c2070, 5f4cf9ee-4bed-49de-adaa-861aec894328:c2070]
2019-08-23 02:48:16,973 [grpc-default-executor-6] INFO  client.GrpcClientProtocolClient (GrpcClientProtocolClient.java:onNext(255)) - client-B268B4322F32->17750241-545b-4219-93a1-14a6ea3d85be: receive RaftClientReply:client-B268B4322F32->17750241-545b-4219-93a1-14a6ea3d85be@group-C33FBD9556F2, cid=1451, SUCCESS, logIndex=2074, commits[17750241-545b-4219-93a1-14a6ea3d85be:c2074, 4eaaa090-573e-41d3-9f8c-c99e236d806a:c2070, 5f4cf9ee-4bed-49de-adaa-861aec894328:c2070]
2019-08-23 02:48:16,974 | INFO  | DNAudit | user=null | ip=null | op=PUT_BLOCK {blockData=[blockId=conID: 3 locID: 102664011574673896 bcsId: 0,size=1048576]} | ret=SUCCESS |  
2019-08-23 02:48:16,974 | INFO  | DNAudit | user=null | ip=null | op=PUT_BLOCK {blockData=[blockId=conID: 3 locID: 102664011574673896 bcsId: 0,size=1048576]} | ret=SUCCESS |  
2019-08-23 02:48:16,974 | INFO  | DNAudit | user=null | ip=null | op=WRITE_CHUNK {blockData=conID: 3 locID: 102664011574673896 bcsId: 0} | ret=SUCCESS |  
2019-08-23 02:48:16,974 | INFO  | DNAudit | user=null | ip=null | op=WRITE_CHUNK {blockData=conID: 3 locID: 102664011574673896 bcsId: 0} | ret=SUCCESS |  
2019-08-23 02:48:16,975 | INFO  | DNAudit | user=null | ip=null | op=PUT_BLOCK {blockData=[blockId=conID: 3 locID: 102664011574673896 bcsId: 0,size=2097152]} | ret=SUCCESS |  
2019-08-23 02:48:16,975 [grpc-default-executor-6] INFO  client.GrpcClientProtocolClient (GrpcClientProtocolClient.java:onNext(255)) - client-B268B4322F32->17750241-545b-4219-93a1-14a6ea3d85be: receive RaftClientReply:client-B268B4322F32->17750241-545b-4219-93a1-14a6ea3d85be@group-C33FBD9556F2, cid=1452, SUCCESS, logIndex=0, commits[17750241-545b-4219-93a1-14a6ea3d85be:c2076, 4eaaa090-573e-41d3-9f8c-c99e236d806a:c2072, 5f4cf9ee-4bed-49de-adaa-861aec894328:c2072]
2019-08-23 02:48:16,982 | INFO  | DNAudit | user=null | ip=null | op=WRITE_CHUNK {blockData=conID: 3 locID: 102664011574673896 bcsId: 2074} | ret=SUCCESS |  
2019-08-23 02:48:16,984 | INFO  | DNAudit | user=null | ip=null | op=WRITE_CHUNK {blockData=conID: 3 locID: 102664011574673896 bcsId: 2074} | ret=SUCCESS |  
2019-08-23 02:48:16,985 | INFO  | DNAudit | user=null | ip=null | op=WRITE_CHUNK {blockData=conID: 3 locID: 102664011574673896 bcsId: 2074} | ret=SUCCESS |  
2019-08-23 02:48:16,985 | INFO  | DNAudit | user=null | ip=null | op=PUT_BLOCK {blockData=[blockId=conID: 3 locID: 102664011574673896 bcsId: 0,size=2097152]} | ret=SUCCESS |  
2019-08-23 02:48:16,988 | INFO  | DNAudit | user=null | ip=null | op=WRITE_CHUNK {blockData=conID: 3 locID: 102664011574673896 bcsId: 2074} | ret=SUCCESS |  
2019-08-23 02:48:16,989 | INFO  | DNAudit | user=null | ip=null | op=PUT_BLOCK {blockData=[blockId=conID: 3 locID: 102664011574673896 bcsId: 0,size=3145728]} | ret=SUCCESS |  
2019-08-23 02:48:16,989 [grpc-default-executor-4] INFO  client.GrpcClientProtocolClient (GrpcClientProtocolClient.java:onNext(255)) - client-B268B4322F32->17750241-545b-4219-93a1-14a6ea3d85be: receive RaftClientReply:client-B268B4322F32->17750241-545b-4219-93a1-14a6ea3d85be@group-C33FBD9556F2, cid=1453, SUCCESS, logIndex=2079, commits[17750241-545b-4219-93a1-14a6ea3d85be:c2080, 4eaaa090-573e-41d3-9f8c-c99e236d806a:c2078, 5f4cf9ee-4bed-49de-adaa-861aec894328:c2078]
2019-08-23 02:48:16,989 [grpc-default-executor-4] INFO  client.GrpcClientProtocolClient (GrpcClientProtocolClient.java:onNext(255)) - client-B268B4322F32->17750241-545b-4219-93a1-14a6ea3d85be: receive RaftClientReply:client-B268B4322F32->17750241-545b-4219-93a1-14a6ea3d85be@group-C33FBD9556F2, cid=1454, SUCCESS, logIndex=2080, commits[17750241-545b-4219-93a1-14a6ea3d85be:c2080, 4eaaa090-573e-41d3-9f8c-c99e236d806a:c2078, 5f4cf9ee-4bed-49de-adaa-861aec894328:c2078]
2019-08-23 02:48:16,997 | INFO  | DNAudit | user=null | ip=null | op=WRITE_CHUNK {blockData=conID: 3 locID: 102664011574673896 bcsId: 2080} | ret=SUCCESS |  
2019-08-23 02:48:16,999 | INFO  | DNAudit | user=null | ip=null | op=WRITE_CHUNK {blockData=conID: 3 locID: 102664011574673896 bcsId: 2080} | ret=SUCCESS |  
2019-08-23 02:48:16,999 | INFO  | DNAudit | user=null | ip=null | op=WRITE_CHUNK {blockData=conID: 3 locID: 102664011574673896 bcsId: 2080} | ret=SUCCESS |  
2019-08-23 02:48:17,005 | INFO  | DNAudit | user=null | ip=null | op=WRITE_CHUNK {blockData=conID: 3 locID: 102664011574673896 bcsId: 2074} | ret=SUCCESS |  
2019-08-23 02:48:17,005 | INFO  | DNAudit | user=null | ip=null | op=WRITE_CHUNK {blockData=conID: 3 locID: 102664011574673896 bcsId: 2074} | ret=SUCCESS |  
2019-08-23 02:48:17,005 | INFO  | DNAudit | user=null | ip=null | op=PUT_BLOCK {blockData=[blockId=conID: 3 locID: 102664011574673896 bcsId: 0,size=3145728]} | ret=SUCCESS |  
2019-08-23 02:48:17,005 | INFO  | DNAudit | user=null | ip=null | op=PUT_BLOCK {blockData=[blockId=conID: 3 locID: 102664011574673896 bcsId: 0,size=3145728]} | ret=SUCCESS |  
2019-08-23 02:48:17,009 | INFO  | DNAudit | user=null | ip=null | op=WRITE_CHUNK {blockData=conID: 3 locID: 102664011574673896 bcsId: 2080} | ret=SUCCESS |  
2019-08-23 02:48:17,009 | INFO  | DNAudit | user=null | ip=null | op=PUT_BLOCK {blockData=[blockId=conID: 3 locID: 102664011574673896 bcsId: 0,size=4194304]} | ret=SUCCESS |  
2019-08-23 02:48:17,009 [grpc-default-executor-4] INFO  client.GrpcClientProtocolClient (GrpcClientProtocolClient.java:onNext(255)) - client-B268B4322F32->17750241-545b-4219-93a1-14a6ea3d85be: receive RaftClientReply:client-B268B4322F32->17750241-545b-4219-93a1-14a6ea3d85be@group-C33FBD9556F2, cid=1455, SUCCESS, logIndex=2083, commits[17750241-545b-4219-93a1-14a6ea3d85be:c2084, 4eaaa090-573e-41d3-9f8c-c99e236d806a:c2080, 5f4cf9ee-4bed-49de-adaa-861aec894328:c2080]
2019-08-23 02:48:17,010 [grpc-default-executor-4] INFO  client.GrpcClientProtocolClient (GrpcClientProtocolClient.java:onNext(255)) - client-B268B4322F32->17750241-545b-4219-93a1-14a6ea3d85be: receive RaftClientReply:client-B268B4322F32->17750241-545b-4219-93a1-14a6ea3d85be@group-C33FBD9556F2, cid=1456, SUCCESS, logIndex=2084, commits[17750241-545b-4219-93a1-14a6ea3d85be:c2084, 4eaaa090-573e-41d3-9f8c-c99e236d806a:c2080, 5f4cf9ee-4bed-49de-adaa-861aec894328:c2080]
2019-08-23 02:48:17,020 | INFO  | DNAudit | user=null | ip=null | op=WRITE_CHUNK {blockData=conID: 3 locID: 102664011574673896 bcsId: 2080} | ret=SUCCESS |  
2019-08-23 02:48:17,020 | INFO  | DNAudit | user=null | ip=null | op=WRITE_CHUNK {blockData=conID: 3 locID: 102664011574673896 bcsId: 2080} | ret=SUCCESS |  
2019-08-23 02:48:17,023 | INFO  | DNAudit | user=null | ip=null | op=PUT_BLOCK {blockData=[blockId=conID: 3 locID: 102664011574673896 bcsId: 0,size=4194304]} | ret=SUCCESS |  
2019-08-23 02:48:17,023 | INFO  | DNAudit | user=null | ip=null | op=PUT_BLOCK {blockData=[blockId=conID: 3 locID: 102664011574673896 bcsId: 0,size=4194304]} | ret=SUCCESS |  
2019-08-23 02:48:17,023 [grpc-default-executor-4] INFO  client.GrpcClientProtocolClient (GrpcClientProtocolClient.java:onNext(255)) - client-B268B4322F32->17750241-545b-4219-93a1-14a6ea3d85be: receive RaftClientReply:client-B268B4322F32->17750241-545b-4219-93a1-14a6ea3d85be@group-C33FBD9556F2, cid=1457, SUCCESS, logIndex=0, commits[17750241-545b-4219-93a1-14a6ea3d85be:c2085, 4eaaa090-573e-41d3-9f8c-c99e236d806a:c2084, 5f4cf9ee-4bed-49de-adaa-861aec894328:c2084]
2019-08-23 02:48:17,025 | INFO  | SCMAudit | user=jenkins1000 | ip=192.168.34.22 | op=ALLOCATE_BLOCK {owner=31d65bc3-3f70-45f5-bbc5-e3a15f967ba6, size=4194304, type=RATIS, factor=THREE} | ret=SUCCESS |  
2019-08-23 02:48:17,027 | INFO  | OMAudit | user=jenkins1000 | ip=127.0.0.1 | op=ALLOCATE_BLOCK {volume=vol-0-78052, bucket=bucket-0-33874, key=key-0-20719, dataSize=2147483657, replicationType=RATIS, replicationFactor=THREE, keyLocationInfo=[], clientID=102664010308846034} | ret=SUCCESS |  
2019-08-23 02:48:17,036 | INFO  | DNAudit | user=null | ip=null | op=WRITE_CHUNK {blockData=conID: 1 locID: 102664011581030889 bcsId: 0} | ret=SUCCESS |  
2019-08-23 02:48:17,039 | INFO  | DNAudit | user=null | ip=null | op=WRITE_CHUNK {blockData=conID: 1 locID: 102664011581030889 bcsId: 0} | ret=SUCCESS |  
2019-08-23 02:48:17,039 | INFO  | DNAudit | user=null | ip=null | op=WRITE_CHUNK {blockData=conID: 1 locID: 102664011581030889 bcsId: 0} | ret=SUCCESS |  
2019-08-23 02:48:17,039 | INFO  | DNAudit | user=null | ip=null | op=WRITE_CHUNK {blockData=conID: 1 locID: 102664011581030889 bcsId: 0} | ret=SUCCESS |  
2019-08-23 02:48:17,041 | INFO  | DNAudit | user=null | ip=null | op=WRITE_CHUNK {blockData=conID: 1 locID: 102664011581030889 bcsId: 0} | ret=SUCCESS |  
2019-08-23 02:48:17,041 | INFO  | DNAudit | user=null | ip=null | op=WRITE_CHUNK {blockData=conID: 1 locID: 102664011581030889 bcsId: 0} | ret=SUCCESS |  
2019-08-23 02:48:17,049 | INFO  | DNAudit | user=null | ip=null | op=WRITE_CHUNK {blockData=conID: 1 locID: 102664011581030889 bcsId: 0} | ret=SUCCESS |  
2019-08-23 02:48:17,049 | INFO  | DNAudit | user=null | ip=null | op=PUT_BLOCK {blockData=[blockId=conID: 1 locID: 102664011581030889 bcsId: 0,size=1048576]} | ret=SUCCESS |  
2019-08-23 02:48:17,049 [grpc-default-executor-5] INFO  client.GrpcClientProtocolClient (GrpcClientProtocolClient.java:onNext(255)) - client-B268B4322F32->17750241-545b-4219-93a1-14a6ea3d85be: receive RaftClientReply:client-B268B4322F32->17750241-545b-4219-93a1-14a6ea3d85be@group-C33FBD9556F2, cid=1458, SUCCESS, logIndex=2087, commits[17750241-545b-4219-93a1-14a6ea3d85be:c2089, 4eaaa090-573e-41d3-9f8c-c99e236d806a:c2086, 5f4cf9ee-4bed-49de-adaa-861aec894328:c2086]
2019-08-23 02:48:17,050 | INFO  | DNAudit | user=null | ip=null | op=WRITE_CHUNK {blockData=conID: 1 locID: 102664011581030889 bcsId: 0} | ret=SUCCESS |  
2019-08-23 02:48:17,050 [grpc-default-executor-5] INFO  client.GrpcClientProtocolClient (GrpcClientProtocolClient.java:onNext(255)) - client-B268B4322F32->17750241-545b-4219-93a1-14a6ea3d85be: receive RaftClientReply:client-B268B4322F32->17750241-545b-4219-93a1-14a6ea3d85be@group-C33FBD9556F2, cid=1459, SUCCESS, logIndex=2088, commits[17750241-545b-4219-93a1-14a6ea3d85be:c2090, 4eaaa090-573e-41d3-9f8c-c99e236d806a:c2086, 5f4cf9ee-4bed-49de-adaa-861aec894328:c2086]
2019-08-23 02:48:17,050 | INFO  | DNAudit | user=null | ip=null | op=PUT_BLOCK {blockData=[blockId=conID: 1 locID: 102664011581030889 bcsId: 0,size=2097152]} | ret=SUCCESS |  
2019-08-23 02:48:17,050 [grpc-default-executor-5] INFO  client.GrpcClientProtocolClient (GrpcClientProtocolClient.java:onNext(255)) - client-B268B4322F32->17750241-545b-4219-93a1-14a6ea3d85be: receive RaftClientReply:client-B268B4322F32->17750241-545b-4219-93a1-14a6ea3d85be@group-C33FBD9556F2, cid=1460, SUCCESS, logIndex=2089, commits[17750241-545b-4219-93a1-14a6ea3d85be:c2090, 4eaaa090-573e-41d3-9f8c-c99e236d806a:c2086, 5f4cf9ee-4bed-49de-adaa-861aec894328:c2086]
2019-08-23 02:48:17,050 [grpc-default-executor-5] INFO  client.GrpcClientProtocolClient (GrpcClientProtocolClient.java:onNext(255)) - client-B268B4322F32->17750241-545b-4219-93a1-14a6ea3d85be: receive RaftClientReply:client-B268B4322F32->17750241-545b-4219-93a1-14a6ea3d85be@group-C33FBD9556F2, cid=1461, SUCCESS, logIndex=2090, commits[17750241-545b-4219-93a1-14a6ea3d85be:c2090, 4eaaa090-573e-41d3-9f8c-c99e236d806a:c2086, 5f4cf9ee-4bed-49de-adaa-861aec894328:c2086]
2019-08-23 02:48:17,051 | INFO  | DNAudit | user=null | ip=null | op=WRITE_CHUNK {blockData=conID: 1 locID: 102664011581030889 bcsId: 0} | ret=SUCCESS |  
2019-08-23 02:48:17,063 | INFO  | DNAudit | user=null | ip=null | op=WRITE_CHUNK {blockData=conID: 1 locID: 102664011581030889 bcsId: 0} | ret=SUCCESS |  
2019-08-23 02:48:17,063 | INFO  | DNAudit | user=null | ip=null | op=PUT_BLOCK {blockData=[blockId=conID: 1 locID: 102664011581030889 bcsId: 0,size=1048576]} | ret=SUCCESS |  
2019-08-23 02:48:17,063 | INFO  | DNAudit | user=null | ip=null | op=PUT_BLOCK {blockData=[blockId=conID: 1 locID: 102664011581030889 bcsId: 0,size=1048576]} | ret=SUCCESS |  
2019-08-23 02:48:17,063 | INFO  | DNAudit | user=null | ip=null | op=WRITE_CHUNK {blockData=conID: 1 locID: 102664011581030889 bcsId: 0} | ret=SUCCESS |  
2019-08-23 02:48:17,063 | INFO  | DNAudit | user=null | ip=null | op=WRITE_CHUNK {blockData=conID: 1 locID: 102664011581030889 bcsId: 0} | ret=SUCCESS |  
2019-08-23 02:48:17,064 | INFO  | DNAudit | user=null | ip=null | op=PUT_BLOCK {blockData=[blockId=conID: 1 locID: 102664011581030889 bcsId: 0,size=2097152]} | ret=SUCCESS |  
2019-08-23 02:48:17,064 | INFO  | DNAudit | user=null | ip=null | op=PUT_BLOCK {blockData=[blockId=conID: 1 locID: 102664011581030889 bcsId: 0,size=2097152]} | ret=SUCCESS |  
2019-08-23 02:48:17,064 [grpc-default-executor-5] INFO  client.GrpcClientProtocolClient (GrpcClientProtocolClient.java:onNext(255)) - client-B268B4322F32->17750241-545b-4219-93a1-14a6ea3d85be: receive RaftClientReply:client-B268B4322F32->17750241-545b-4219-93a1-14a6ea3d85be@group-C33FBD9556F2, cid=1462, SUCCESS, logIndex=0, commits[17750241-545b-4219-93a1-14a6ea3d85be:c2094, 4eaaa090-573e-41d3-9f8c-c99e236d806a:c2088, 5f4cf9ee-4bed-49de-adaa-861aec894328:c2090]
2019-08-23 02:48:17,071 | INFO  | DNAudit | user=null | ip=null | op=WRITE_CHUNK {blockData=conID: 1 locID: 102664011581030889 bcsId: 2090} | ret=SUCCESS |  
2019-08-23 02:48:17,073 | INFO  | DNAudit | user=null | ip=null | op=WRITE_CHUNK {blockData=conID: 1 locID: 102664011581030889 bcsId: 2090} | ret=SUCCESS |  
2019-08-23 02:48:17,073 | INFO  | DNAudit | user=null | ip=null | op=WRITE_CHUNK {blockData=conID: 1 locID: 102664011581030889 bcsId: 2090} | ret=SUCCESS |  
2019-08-23 02:48:17,083 | INFO  | DNAudit | user=null | ip=null | op=WRITE_CHUNK {blockData=conID: 1 locID: 102664011581030889 bcsId: 2090} | ret=SUCCESS |  
2019-08-23 02:48:17,084 | INFO  | DNAudit | user=null | ip=null | op=PUT_BLOCK {blockData=[blockId=conID: 1 locID: 102664011581030889 bcsId: 0,size=3145728]} | ret=SUCCESS |  
2019-08-23 02:48:17,084 [grpc-default-executor-6] INFO  client.GrpcClientProtocolClient (GrpcClientProtocolClient.java:onNext(255)) - client-B268B4322F32->17750241-545b-4219-93a1-14a6ea3d85be: receive RaftClientReply:client-B268B4322F32->17750241-545b-4219-93a1-14a6ea3d85be@group-C33FBD9556F2, cid=1463, SUCCESS, logIndex=2095, commits[17750241-545b-4219-93a1-14a6ea3d85be:c2096, 4eaaa090-573e-41d3-9f8c-c99e236d806a:c2094, 5f4cf9ee-4bed-49de-adaa-861aec894328:c2094]
2019-08-23 02:48:17,084 [grpc-default-executor-6] INFO  client.GrpcClientProtocolClient (GrpcClientProtocolClient.java:onNext(255)) - client-B268B4322F32->17750241-545b-4219-93a1-14a6ea3d85be: receive RaftClientReply:client-B268B4322F32->17750241-545b-4219-93a1-14a6ea3d85be@group-C33FBD9556F2, cid=1464, SUCCESS, logIndex=2096, commits[17750241-545b-4219-93a1-14a6ea3d85be:c2096, 4eaaa090-573e-41d3-9f8c-c99e236d806a:c2094, 5f4cf9ee-4bed-49de-adaa-861aec894328:c2094]
2019-08-23 02:48:17,091 | INFO  | DNAudit | user=null | ip=null | op=WRITE_CHUNK {blockData=conID: 1 locID: 102664011581030889 bcsId: 2096} | ret=SUCCESS |  
2019-08-23 02:48:17,093 | INFO  | DNAudit | user=null | ip=null | op=WRITE_CHUNK {blockData=conID: 1 locID: 102664011581030889 bcsId: 2096} | ret=SUCCESS |  
2019-08-23 02:48:17,093 | INFO  | DNAudit | user=null | ip=null | op=WRITE_CHUNK {blockData=conID: 1 locID: 102664011581030889 bcsId: 2096} | ret=SUCCESS |  
2019-08-23 02:48:17,095 | INFO  | DNAudit | user=null | ip=null | op=WRITE_CHUNK {blockData=conID: 1 locID: 102664011581030889 bcsId: 2090} | ret=SUCCESS |  
2019-08-23 02:48:17,095 | INFO  | DNAudit | user=null | ip=null | op=WRITE_CHUNK {blockData=conID: 1 locID: 102664011581030889 bcsId: 2090} | ret=SUCCESS |  
2019-08-23 02:48:17,095 | INFO  | DNAudit | user=null | ip=null | op=PUT_BLOCK {blockData=[blockId=conID: 1 locID: 102664011581030889 bcsId: 0,size=3145728]} | ret=SUCCESS |  
2019-08-23 02:48:17,095 | INFO  | DNAudit | user=null | ip=null | op=PUT_BLOCK {blockData=[blockId=conID: 1 locID: 102664011581030889 bcsId: 0,size=3145728]} | ret=SUCCESS |  
2019-08-23 02:48:17,098 | INFO  | DNAudit | user=null | ip=null | op=WRITE_CHUNK {blockData=conID: 1 locID: 102664011581030889 bcsId: 2096} | ret=SUCCESS |  
2019-08-23 02:48:17,098 | INFO  | DNAudit | user=null | ip=null | op=PUT_BLOCK {blockData=[blockId=conID: 1 locID: 102664011581030889 bcsId: 0,size=4194304]} | ret=SUCCESS |  
2019-08-23 02:48:17,099 [grpc-default-executor-6] INFO  client.GrpcClientProtocolClient (GrpcClientProtocolClient.java:onNext(255)) - client-B268B4322F32->17750241-545b-4219-93a1-14a6ea3d85be: receive RaftClientReply:client-B268B4322F32->17750241-545b-4219-93a1-14a6ea3d85be@group-C33FBD9556F2, cid=1465, SUCCESS, logIndex=2099, commits[17750241-545b-4219-93a1-14a6ea3d85be:c2100, 4eaaa090-573e-41d3-9f8c-c99e236d806a:c2096, 5f4cf9ee-4bed-49de-adaa-861aec894328:c2096]
2019-08-23 02:48:17,099 [grpc-default-executor-6] INFO  client.GrpcClientProtocolClient (GrpcClientProtocolClient.java:onNext(255)) - client-B268B4322F32->17750241-545b-4219-93a1-14a6ea3d85be: receive RaftClientReply:client-B268B4322F32->17750241-545b-4219-93a1-14a6ea3d85be@group-C33FBD9556F2, cid=1466, SUCCESS, logIndex=2100, commits[17750241-545b-4219-93a1-14a6ea3d85be:c2100, 4eaaa090-573e-41d3-9f8c-c99e236d806a:c2096, 5f4cf9ee-4bed-49de-adaa-861aec894328:c2096]
2019-08-23 02:48:17,111 | INFO  | DNAudit | user=null | ip=null | op=WRITE_CHUNK {blockData=conID: 1 locID: 102664011581030889 bcsId: 2096} | ret=SUCCESS |  
2019-08-23 02:48:17,111 | INFO  | DNAudit | user=null | ip=null | op=WRITE_CHUNK {blockData=conID: 1 locID: 102664011581030889 bcsId: 2096} | ret=SUCCESS |  
2019-08-23 02:48:17,124 | INFO  | DNAudit | user=null | ip=null | op=PUT_BLOCK {blockData=[blockId=conID: 1 locID: 102664011581030889 bcsId: 0,size=4194304]} | ret=SUCCESS |  
2019-08-23 02:48:17,124 | INFO  | DNAudit | user=null | ip=null | op=PUT_BLOCK {blockData=[blockId=conID: 1 locID: 102664011581030889 bcsId: 0,size=4194304]} | ret=SUCCESS |  
2019-08-23 02:48:17,124 [grpc-default-executor-6] INFO  client.GrpcClientProtocolClient (GrpcClientProtocolClient.java:onNext(255)) - client-B268B4322F32->17750241-545b-4219-93a1-14a6ea3d85be: receive RaftClientReply:client-B268B4322F32->17750241-545b-4219-93a1-14a6ea3d85be@group-C33FBD9556F2, cid=1467, SUCCESS, logIndex=0, commits[17750241-545b-4219-93a1-14a6ea3d85be:c2102, 4eaaa090-573e-41d3-9f8c-c99e236d806a:c2100, 5f4cf9ee-4bed-49de-adaa-861aec894328:c2100]
2019-08-23 02:48:17,127 | INFO  | SCMAudit | user=jenkins1000 | ip=192.168.34.22 | op=ALLOCATE_BLOCK {owner=31d65bc3-3f70-45f5-bbc5-e3a15f967ba6, size=4194304, type=RATIS, factor=THREE} | ret=SUCCESS |  
2019-08-23 02:48:17,129 | INFO  | OMAudit | user=jenkins1000 | ip=127.0.0.1 | op=ALLOCATE_BLOCK {volume=vol-0-78052, bucket=bucket-0-33874, key=key-0-20719, dataSize=2147483657, replicationType=RATIS, replicationFactor=THREE, keyLocationInfo=[], clientID=102664010308846034} | ret=SUCCESS |  
2019-08-23 02:48:17,139 | INFO  | DNAudit | user=null | ip=null | op=WRITE_CHUNK {blockData=conID: 2 locID: 102664011587650026 bcsId: 0} | ret=SUCCESS |  
2019-08-23 02:48:17,141 | INFO  | DNAudit | user=null | ip=null | op=WRITE_CHUNK {blockData=conID: 2 locID: 102664011587650026 bcsId: 0} | ret=SUCCESS |  
2019-08-23 02:48:17,142 | INFO  | DNAudit | user=null | ip=null | op=WRITE_CHUNK {blockData=conID: 2 locID: 102664011587650026 bcsId: 0} | ret=SUCCESS |  
2019-08-23 02:48:17,142 | INFO  | DNAudit | user=null | ip=null | op=WRITE_CHUNK {blockData=conID: 2 locID: 102664011587650026 bcsId: 0} | ret=SUCCESS |  
2019-08-23 02:48:17,145 | INFO  | DNAudit | user=null | ip=null | op=WRITE_CHUNK {blockData=conID: 2 locID: 102664011587650026 bcsId: 0} | ret=SUCCESS |  
2019-08-23 02:48:17,145 | INFO  | DNAudit | user=null | ip=null | op=WRITE_CHUNK {blockData=conID: 2 locID: 102664011587650026 bcsId: 0} | ret=SUCCESS |  
2019-08-23 02:48:17,153 | INFO  | DNAudit | user=null | ip=null | op=WRITE_CHUNK {blockData=conID: 2 locID: 102664011587650026 bcsId: 0} | ret=SUCCESS |  
2019-08-23 02:48:17,154 | INFO  | DNAudit | user=null | ip=null | op=PUT_BLOCK {blockData=[blockId=conID: 2 locID: 102664011587650026 bcsId: 0,size=1048576]} | ret=SUCCESS |  
2019-08-23 02:48:17,154 [grpc-default-executor-5] INFO  client.GrpcClientProtocolClient (GrpcClientProtocolClient.java:onNext(255)) - client-B268B4322F32->17750241-545b-4219-93a1-14a6ea3d85be: receive RaftClientReply:client-B268B4322F32->17750241-545b-4219-93a1-14a6ea3d85be@group-C33FBD9556F2, cid=1468, SUCCESS, logIndex=2103, commits[17750241-545b-4219-93a1-14a6ea3d85be:c2104, 4eaaa090-573e-41d3-9f8c-c99e236d806a:c2102, 5f4cf9ee-4bed-49de-adaa-861aec894328:c2102]
2019-08-23 02:48:17,154 [grpc-default-executor-5] INFO  client.GrpcClientProtocolClient (GrpcClientProtocolClient.java:onNext(255)) - client-B268B4322F32->17750241-545b-4219-93a1-14a6ea3d85be: receive RaftClientReply:client-B268B4322F32->17750241-545b-4219-93a1-14a6ea3d85be@group-C33FBD9556F2, cid=1469, SUCCESS, logIndex=2104, commits[17750241-545b-4219-93a1-14a6ea3d85be:c2104, 4eaaa090-573e-41d3-9f8c-c99e236d806a:c2102, 5f4cf9ee-4bed-49de-adaa-861aec894328:c2102]
2019-08-23 02:48:17,164 | INFO  | DNAudit | user=null | ip=null | op=WRITE_CHUNK {blockData=conID: 2 locID: 102664011587650026 bcsId: 0} | ret=SUCCESS |  
2019-08-23 02:48:17,165 | INFO  | DNAudit | user=null | ip=null | op=PUT_BLOCK {blockData=[blockId=conID: 2 locID: 102664011587650026 bcsId: 0,size=2097152]} | ret=SUCCESS |  
2019-08-23 02:48:17,165 [grpc-default-executor-4] INFO  client.GrpcClientProtocolClient (GrpcClientProtocolClient.java:onNext(255)) - client-B268B4322F32->17750241-545b-4219-93a1-14a6ea3d85be: receive RaftClientReply:client-B268B4322F32->17750241-545b-4219-93a1-14a6ea3d85be@group-C33FBD9556F2, cid=1470, SUCCESS, logIndex=2105, commits[17750241-545b-4219-93a1-14a6ea3d85be:c2106, 4eaaa090-573e-41d3-9f8c-c99e236d806a:c2102, 5f4cf9ee-4bed-49de-adaa-861aec894328:c2102]
2019-08-23 02:48:17,165 [grpc-default-executor-4] INFO  client.GrpcClientProtocolClient (GrpcClientProtocolClient.java:onNext(255)) - client-B268B4322F32->17750241-545b-4219-93a1-14a6ea3d85be: receive RaftClientReply:client-B268B4322F32->17750241-545b-4219-93a1-14a6ea3d85be@group-C33FBD9556F2, cid=1471, SUCCESS, logIndex=2106, commits[17750241-545b-4219-93a1-14a6ea3d85be:c2106, 4eaaa090-573e-41d3-9f8c-c99e236d806a:c2102, 5f4cf9ee-4bed-49de-adaa-861aec894328:c2102]
2019-08-23 02:48:17,166 | INFO  | DNAudit | user=null | ip=null | op=WRITE_CHUNK {blockData=conID: 2 locID: 102664011587650026 bcsId: 0} | ret=SUCCESS |  
2019-08-23 02:48:17,166 | INFO  | DNAudit | user=null | ip=null | op=PUT_BLOCK {blockData=[blockId=conID: 2 locID: 102664011587650026 bcsId: 0,size=1048576]} | ret=SUCCESS |  
2019-08-23 02:48:17,168 | INFO  | DNAudit | user=null | ip=null | op=WRITE_CHUNK {blockData=conID: 2 locID: 102664011587650026 bcsId: 0} | ret=SUCCESS |  
2019-08-23 02:48:17,168 | INFO  | DNAudit | user=null | ip=null | op=PUT_BLOCK {blockData=[blockId=conID: 2 locID: 102664011587650026 bcsId: 0,size=1048576]} | ret=SUCCESS |  
2019-08-23 02:48:17,168 [grpc-default-executor-4] INFO  client.GrpcClientProtocolClient (GrpcClientProtocolClient.java:onNext(255)) - client-B268B4322F32->17750241-545b-4219-93a1-14a6ea3d85be: receive RaftClientReply:client-B268B4322F32->17750241-545b-4219-93a1-14a6ea3d85be@group-C33FBD9556F2, cid=1472, SUCCESS, logIndex=0, commits[17750241-545b-4219-93a1-14a6ea3d85be:c2108, 4eaaa090-573e-41d3-9f8c-c99e236d806a:c2104, 5f4cf9ee-4bed-49de-adaa-861aec894328:c2104]
2019-08-23 02:48:17,175 | INFO  | DNAudit | user=null | ip=null | op=WRITE_CHUNK {blockData=conID: 2 locID: 102664011587650026 bcsId: 2106} | ret=SUCCESS |  
2019-08-23 02:48:17,177 | INFO  | DNAudit | user=null | ip=null | op=WRITE_CHUNK {blockData=conID: 2 locID: 102664011587650026 bcsId: 2106} | ret=SUCCESS |  
2019-08-23 02:48:17,177 | INFO  | DNAudit | user=null | ip=null | op=WRITE_CHUNK {blockData=conID: 2 locID: 102664011587650026 bcsId: 2106} | ret=SUCCESS |  
2019-08-23 02:48:17,178 | INFO  | DNAudit | user=null | ip=null | op=WRITE_CHUNK {blockData=conID: 2 locID: 102664011587650026 bcsId: 0} | ret=SUCCESS |  
2019-08-23 02:48:17,179 | INFO  | DNAudit | user=null | ip=null | op=PUT_BLOCK {blockData=[blockId=conID: 2 locID: 102664011587650026 bcsId: 0,size=2097152]} | ret=SUCCESS |  
2019-08-23 02:48:17,180 | INFO  | DNAudit | user=null | ip=null | op=WRITE_CHUNK {blockData=conID: 2 locID: 102664011587650026 bcsId: 0} | ret=SUCCESS |  
2019-08-23 02:48:17,181 | INFO  | DNAudit | user=null | ip=null | op=PUT_BLOCK {blockData=[blockId=conID: 2 locID: 102664011587650026 bcsId: 0,size=2097152]} | ret=SUCCESS |  
2019-08-23 02:48:17,193 | INFO  | DNAudit | user=null | ip=null | op=WRITE_CHUNK {blockData=conID: 2 locID: 102664011587650026 bcsId: 2106} | ret=SUCCESS |  
2019-08-23 02:48:17,194 | INFO  | DNAudit | user=null | ip=null | op=PUT_BLOCK {blockData=[blockId=conID: 2 locID: 102664011587650026 bcsId: 0,size=3145728]} | ret=SUCCESS |  
2019-08-23 02:48:17,194 [grpc-default-executor-4] INFO  client.GrpcClientProtocolClient (GrpcClientProtocolClient.java:onNext(255)) - client-B268B4322F32->17750241-545b-4219-93a1-14a6ea3d85be: receive RaftClientReply:client-B268B4322F32->17750241-545b-4219-93a1-14a6ea3d85be@group-C33FBD9556F2, cid=1473, SUCCESS, logIndex=2111, commits[17750241-545b-4219-93a1-14a6ea3d85be:c2112, 4eaaa090-573e-41d3-9f8c-c99e236d806a:c2108, 5f4cf9ee-4bed-49de-adaa-861aec894328:c2108]
2019-08-23 02:48:17,194 [grpc-default-executor-4] INFO  client.GrpcClientProtocolClient (GrpcClientProtocolClient.java:onNext(255)) - client-B268B4322F32->17750241-545b-4219-93a1-14a6ea3d85be: receive RaftClientReply:client-B268B4322F32->17750241-545b-4219-93a1-14a6ea3d85be@group-C33FBD9556F2, cid=1474, SUCCESS, logIndex=2112, commits[17750241-545b-4219-93a1-14a6ea3d85be:c2112, 4eaaa090-573e-41d3-9f8c-c99e236d806a:c2108, 5f4cf9ee-4bed-49de-adaa-861aec894328:c2108]
2019-08-23 02:48:17,195 | INFO  | DNAudit | user=null | ip=null | op=WRITE_CHUNK {blockData=conID: 2 locID: 102664011587650026 bcsId: 2106} | ret=SUCCESS |  
2019-08-23 02:48:17,195 | INFO  | DNAudit | user=null | ip=null | op=WRITE_CHUNK {blockData=conID: 2 locID: 102664011587650026 bcsId: 2106} | ret=SUCCESS |  
2019-08-23 02:48:17,196 | INFO  | DNAudit | user=null | ip=null | op=PUT_BLOCK {blockData=[blockId=conID: 2 locID: 102664011587650026 bcsId: 0,size=3145728]} | ret=SUCCESS |  
2019-08-23 02:48:17,196 | INFO  | DNAudit | user=null | ip=null | op=PUT_BLOCK {blockData=[blockId=conID: 2 locID: 102664011587650026 bcsId: 0,size=3145728]} | ret=SUCCESS |  
2019-08-23 02:48:17,201 | INFO  | DNAudit | user=null | ip=null | op=WRITE_CHUNK {blockData=conID: 2 locID: 102664011587650026 bcsId: 2112} | ret=SUCCESS |  
2019-08-23 02:48:17,204 | INFO  | DNAudit | user=null | ip=null | op=WRITE_CHUNK {blockData=conID: 2 locID: 102664011587650026 bcsId: 2112} | ret=SUCCESS |  
2019-08-23 02:48:17,204 | INFO  | DNAudit | user=null | ip=null | op=WRITE_CHUNK {blockData=conID: 2 locID: 102664011587650026 bcsId: 2112} | ret=SUCCESS |  
2019-08-23 02:48:17,222 | INFO  | DNAudit | user=null | ip=null | op=WRITE_CHUNK {blockData=conID: 2 locID: 102664011587650026 bcsId: 2112} | ret=SUCCESS |  
2019-08-23 02:48:17,223 | INFO  | DNAudit | user=null | ip=null | op=PUT_BLOCK {blockData=[blockId=conID: 2 locID: 102664011587650026 bcsId: 0,size=4194304]} | ret=SUCCESS |  
2019-08-23 02:48:17,223 [grpc-default-executor-5] INFO  client.GrpcClientProtocolClient (GrpcClientProtocolClient.java:onNext(255)) - client-B268B4322F32->17750241-545b-4219-93a1-14a6ea3d85be: receive RaftClientReply:client-B268B4322F32->17750241-545b-4219-93a1-14a6ea3d85be@group-C33FBD9556F2, cid=1475, SUCCESS, logIndex=2114, commits[17750241-545b-4219-93a1-14a6ea3d85be:c2115, 4eaaa090-573e-41d3-9f8c-c99e236d806a:c2113, 5f4cf9ee-4bed-49de-adaa-861aec894328:c2113]
2019-08-23 02:48:17,223 [grpc-default-executor-5] INFO  client.GrpcClientProtocolClient (GrpcClientProtocolClient.java:onNext(255)) - client-B268B4322F32->17750241-545b-4219-93a1-14a6ea3d85be: receive RaftClientReply:client-B268B4322F32->17750241-545b-4219-93a1-14a6ea3d85be@group-C33FBD9556F2, cid=1476, SUCCESS, logIndex=2115, commits[17750241-545b-4219-93a1-14a6ea3d85be:c2115, 4eaaa090-573e-41d3-9f8c-c99e236d806a:c2113, 5f4cf9ee-4bed-49de-adaa-861aec894328:c2113]
2019-08-23 02:48:17,234 | INFO  | DNAudit | user=null | ip=null | op=WRITE_CHUNK {blockData=conID: 2 locID: 102664011587650026 bcsId: 2112} | ret=SUCCESS |  
2019-08-23 02:48:17,234 | INFO  | DNAudit | user=null | ip=null | op=WRITE_CHUNK {blockData=conID: 2 locID: 102664011587650026 bcsId: 2112} | ret=SUCCESS |  
2019-08-23 02:48:17,235 | INFO  | DNAudit | user=null | ip=null | op=PUT_BLOCK {blockData=[blockId=conID: 2 locID: 102664011587650026 bcsId: 0,size=4194304]} | ret=SUCCESS |  
2019-08-23 02:48:17,237 | INFO  | DNAudit | user=null | ip=null | op=PUT_BLOCK {blockData=[blockId=conID: 2 locID: 102664011587650026 bcsId: 0,size=4194304]} | ret=SUCCESS |  
2019-08-23 02:48:17,238 [grpc-default-executor-5] INFO  client.GrpcClientProtocolClient (GrpcClientProtocolClient.java:onNext(255)) - client-B268B4322F32->17750241-545b-4219-93a1-14a6ea3d85be: receive RaftClientReply:client-B268B4322F32->17750241-545b-4219-93a1-14a6ea3d85be@group-C33FBD9556F2, cid=1477, SUCCESS, logIndex=0, commits[17750241-545b-4219-93a1-14a6ea3d85be:c2117, 4eaaa090-573e-41d3-9f8c-c99e236d806a:c2115, 5f4cf9ee-4bed-49de-adaa-861aec894328:c2115]
2019-08-23 02:48:17,240 | INFO  | SCMAudit | user=jenkins1000 | ip=192.168.34.22 | op=ALLOCATE_BLOCK {owner=31d65bc3-3f70-45f5-bbc5-e3a15f967ba6, size=4194304, type=RATIS, factor=THREE} | ret=SUCCESS |  
2019-08-23 02:48:17,244 | INFO  | OMAudit | user=jenkins1000 | ip=127.0.0.1 | op=ALLOCATE_BLOCK {volume=vol-0-78052, bucket=bucket-0-33874, key=key-0-20719, dataSize=2147483657, replicationType=RATIS, replicationFactor=THREE, keyLocationInfo=[], clientID=102664010308846034} | ret=SUCCESS |  
2019-08-23 02:48:17,254 | INFO  | DNAudit | user=null | ip=null | op=WRITE_CHUNK {blockData=conID: 3 locID: 102664011595121131 bcsId: 0} | ret=SUCCESS |  
2019-08-23 02:48:17,375 | INFO  | DNAudit | user=null | ip=null | op=WRITE_CHUNK {blockData=conID: 3 locID: 102664011595121131 bcsId: 0} | ret=SUCCESS |  
2019-08-23 02:48:17,375 | INFO  | SCMAudit | user=jenkins1000 | ip=192.168.34.22 | op=SEND_HEARTBEAT {datanodeUUID=17750241-545b-4219-93a1-14a6ea3d85be, command=[]} | ret=SUCCESS |  
2019-08-23 02:48:17,375 | INFO  | SCMAudit | user=jenkins1000 | ip=192.168.34.22 | op=SEND_HEARTBEAT {datanodeUUID=4eaaa090-573e-41d3-9f8c-c99e236d806a, command=[]} | ret=SUCCESS |  
2019-08-23 02:48:17,375 | INFO  | SCMAudit | user=jenkins1000 | ip=192.168.34.22 | op=SEND_HEARTBEAT {datanodeUUID=5f4cf9ee-4bed-49de-adaa-861aec894328, command=[]} | ret=SUCCESS |  
2019-08-23 02:48:17,376 | INFO  | DNAudit | user=null | ip=null | op=WRITE_CHUNK {blockData=conID: 3 locID: 102664011595121131 bcsId: 0} | ret=SUCCESS |  
2019-08-23 02:48:17,378 | INFO  | DNAudit | user=null | ip=null | op=WRITE_CHUNK {blockData=conID: 3 locID: 102664011595121131 bcsId: 0} | ret=SUCCESS |  
2019-08-23 02:48:17,380 | INFO  | DNAudit | user=null | ip=null | op=WRITE_CHUNK {blockData=conID: 3 locID: 102664011595121131 bcsId: 0} | ret=SUCCESS |  
2019-08-23 02:48:17,380 | INFO  | DNAudit | user=null | ip=null | op=WRITE_CHUNK {blockData=conID: 3 locID: 102664011595121131 bcsId: 0} | ret=SUCCESS |  
2019-08-23 02:48:17,387 | INFO  | DNAudit | user=null | ip=null | op=WRITE_CHUNK {blockData=conID: 3 locID: 102664011595121131 bcsId: 0} | ret=SUCCESS |  
2019-08-23 02:48:17,388 | INFO  | DNAudit | user=null | ip=null | op=PUT_BLOCK {blockData=[blockId=conID: 3 locID: 102664011595121131 bcsId: 0,size=1048576]} | ret=SUCCESS |  
2019-08-23 02:48:17,388 [grpc-default-executor-5] INFO  client.GrpcClientProtocolClient (GrpcClientProtocolClient.java:onNext(255)) - client-B268B4322F32->17750241-545b-4219-93a1-14a6ea3d85be: receive RaftClientReply:client-B268B4322F32->17750241-545b-4219-93a1-14a6ea3d85be@group-C33FBD9556F2, cid=1478, SUCCESS, logIndex=2118, commits[17750241-545b-4219-93a1-14a6ea3d85be:c2119, 4eaaa090-573e-41d3-9f8c-c99e236d806a:c2117, 5f4cf9ee-4bed-49de-adaa-861aec894328:c2117]
2019-08-23 02:48:17,388 | INFO  | DNAudit | user=null | ip=null | op=WRITE_CHUNK {blockData=conID: 3 locID: 102664011595121131 bcsId: 0} | ret=SUCCESS |  
2019-08-23 02:48:17,389 | INFO  | DNAudit | user=null | ip=null | op=PUT_BLOCK {blockData=[blockId=conID: 3 locID: 102664011595121131 bcsId: 0,size=2097152]} | ret=SUCCESS |  
2019-08-23 02:48:17,389 [grpc-default-executor-5] INFO  client.GrpcClientProtocolClient (GrpcClientProtocolClient.java:onNext(255)) - client-B268B4322F32->17750241-545b-4219-93a1-14a6ea3d85be: receive RaftClientReply:client-B268B4322F32->17750241-545b-4219-93a1-14a6ea3d85be@group-C33FBD9556F2, cid=1479, SUCCESS, logIndex=2119, commits[17750241-545b-4219-93a1-14a6ea3d85be:c2121, 4eaaa090-573e-41d3-9f8c-c99e236d806a:c2117, 5f4cf9ee-4bed-49de-adaa-861aec894328:c2117]
2019-08-23 02:48:17,389 [grpc-default-executor-5] INFO  client.GrpcClientProtocolClient (GrpcClientProtocolClient.java:onNext(255)) - client-B268B4322F32->17750241-545b-4219-93a1-14a6ea3d85be: receive RaftClientReply:client-B268B4322F32->17750241-545b-4219-93a1-14a6ea3d85be@group-C33FBD9556F2, cid=1480, SUCCESS, logIndex=2120, commits[17750241-545b-4219-93a1-14a6ea3d85be:c2121, 4eaaa090-573e-41d3-9f8c-c99e236d806a:c2117, 5f4cf9ee-4bed-49de-adaa-861aec894328:c2117]
2019-08-23 02:48:17,389 [grpc-default-executor-5] INFO  client.GrpcClientProtocolClient (GrpcClientProtocolClient.java:onNext(255)) - client-B268B4322F32->17750241-545b-4219-93a1-14a6ea3d85be: receive RaftClientReply:client-B268B4322F32->17750241-545b-4219-93a1-14a6ea3d85be@group-C33FBD9556F2, cid=1481, SUCCESS, logIndex=2121, commits[17750241-545b-4219-93a1-14a6ea3d85be:c2121, 4eaaa090-573e-41d3-9f8c-c99e236d806a:c2117, 5f4cf9ee-4bed-49de-adaa-861aec894328:c2117]
2019-08-23 02:48:17,390 | INFO  | DNAudit | user=null | ip=null | op=WRITE_CHUNK {blockData=conID: 3 locID: 102664011595121131 bcsId: 0} | ret=SUCCESS |  
2019-08-23 02:48:17,390 | INFO  | DNAudit | user=null | ip=null | op=PUT_BLOCK {blockData=[blockId=conID: 3 locID: 102664011595121131 bcsId: 0,size=1048576]} | ret=SUCCESS |  
2019-08-23 02:48:17,400 | INFO  | DNAudit | user=null | ip=null | op=WRITE_CHUNK {blockData=conID: 3 locID: 102664011595121131 bcsId: 0} | ret=SUCCESS |  
2019-08-23 02:48:17,401 | INFO  | DNAudit | user=null | ip=null | op=PUT_BLOCK {blockData=[blockId=conID: 3 locID: 102664011595121131 bcsId: 0,size=1048576]} | ret=SUCCESS |  
2019-08-23 02:48:17,401 [grpc-default-executor-5] INFO  client.GrpcClientProtocolClient (GrpcClientProtocolClient.java:onNext(255)) - client-B268B4322F32->17750241-545b-4219-93a1-14a6ea3d85be: receive RaftClientReply:client-B268B4322F32->17750241-545b-4219-93a1-14a6ea3d85be@group-C33FBD9556F2, cid=1482, SUCCESS, logIndex=0, commits[17750241-545b-4219-93a1-14a6ea3d85be:c2122, 4eaaa090-573e-41d3-9f8c-c99e236d806a:c2119, 5f4cf9ee-4bed-49de-adaa-861aec894328:c2119]
2019-08-23 02:48:17,402 | INFO  | DNAudit | user=null | ip=null | op=WRITE_CHUNK {blockData=conID: 3 locID: 102664011595121131 bcsId: 0} | ret=SUCCESS |  
2019-08-23 02:48:17,403 | INFO  | DNAudit | user=null | ip=null | op=PUT_BLOCK {blockData=[blockId=conID: 3 locID: 102664011595121131 bcsId: 0,size=2097152]} | ret=SUCCESS |  
2019-08-23 02:48:17,409 | INFO  | DNAudit | user=null | ip=null | op=WRITE_CHUNK {blockData=conID: 3 locID: 102664011595121131 bcsId: 2121} | ret=SUCCESS |  
2019-08-23 02:48:17,411 | INFO  | DNAudit | user=null | ip=null | op=WRITE_CHUNK {blockData=conID: 3 locID: 102664011595121131 bcsId: 2121} | ret=SUCCESS |  
2019-08-23 02:48:17,411 | INFO  | DNAudit | user=null | ip=null | op=WRITE_CHUNK {blockData=conID: 3 locID: 102664011595121131 bcsId: 2121} | ret=SUCCESS |  
2019-08-23 02:48:17,413 | INFO  | DNAudit | user=null | ip=null | op=WRITE_CHUNK {blockData=conID: 3 locID: 102664011595121131 bcsId: 0} | ret=SUCCESS |  
2019-08-23 02:48:17,414 | INFO  | DNAudit | user=null | ip=null | op=PUT_BLOCK {blockData=[blockId=conID: 3 locID: 102664011595121131 bcsId: 0,size=2097152]} | ret=SUCCESS |  
2019-08-23 02:48:17,426 | INFO  | DNAudit | user=null | ip=null | op=WRITE_CHUNK {blockData=conID: 3 locID: 102664011595121131 bcsId: 2121} | ret=SUCCESS |  
2019-08-23 02:48:17,427 | INFO  | DNAudit | user=null | ip=null | op=PUT_BLOCK {blockData=[blockId=conID: 3 locID: 102664011595121131 bcsId: 0,size=3145728]} | ret=SUCCESS |  
2019-08-23 02:48:17,427 [grpc-default-executor-1] INFO  client.GrpcClientProtocolClient (GrpcClientProtocolClient.java:onNext(255)) - client-B268B4322F32->17750241-545b-4219-93a1-14a6ea3d85be: receive RaftClientReply:client-B268B4322F32->17750241-545b-4219-93a1-14a6ea3d85be@group-C33FBD9556F2, cid=1483, SUCCESS, logIndex=2125, commits[17750241-545b-4219-93a1-14a6ea3d85be:c2126, 4eaaa090-573e-41d3-9f8c-c99e236d806a:c2123, 5f4cf9ee-4bed-49de-adaa-861aec894328:c2123]
2019-08-23 02:48:17,428 [grpc-default-executor-1] INFO  client.GrpcClientProtocolClient (GrpcClientProtocolClient.java:onNext(255)) - client-B268B4322F32->17750241-545b-4219-93a1-14a6ea3d85be: receive RaftClientReply:client-B268B4322F32->17750241-545b-4219-93a1-14a6ea3d85be@group-C33FBD9556F2, cid=1484, SUCCESS, logIndex=2126, commits[17750241-545b-4219-93a1-14a6ea3d85be:c2126, 4eaaa090-573e-41d3-9f8c-c99e236d806a:c2123, 5f4cf9ee-4bed-49de-adaa-861aec894328:c2123]
2019-08-23 02:48:17,429 | INFO  | DNAudit | user=null | ip=null | op=WRITE_CHUNK {blockData=conID: 3 locID: 102664011595121131 bcsId: 2121} | ret=SUCCESS |  
2019-08-23 02:48:17,429 | INFO  | DNAudit | user=null | ip=null | op=PUT_BLOCK {blockData=[blockId=conID: 3 locID: 102664011595121131 bcsId: 0,size=3145728]} | ret=SUCCESS |  
2019-08-23 02:48:17,436 | INFO  | DNAudit | user=null | ip=null | op=WRITE_CHUNK {blockData=conID: 3 locID: 102664011595121131 bcsId: 2126} | ret=SUCCESS |  
2019-08-23 02:48:17,438 | INFO  | DNAudit | user=null | ip=null | op=WRITE_CHUNK {blockData=conID: 3 locID: 102664011595121131 bcsId: 2126} | ret=SUCCESS |  
2019-08-23 02:48:17,438 | INFO  | DNAudit | user=null | ip=null | op=WRITE_CHUNK {blockData=conID: 3 locID: 102664011595121131 bcsId: 2126} | ret=SUCCESS |  
2019-08-23 02:48:17,440 | INFO  | DNAudit | user=null | ip=null | op=WRITE_CHUNK {blockData=conID: 3 locID: 102664011595121131 bcsId: 2121} | ret=SUCCESS |  
2019-08-23 02:48:17,440 | INFO  | DNAudit | user=null | ip=null | op=PUT_BLOCK {blockData=[blockId=conID: 3 locID: 102664011595121131 bcsId: 0,size=3145728]} | ret=SUCCESS |  
2019-08-23 02:48:17,442 | INFO  | DNAudit | user=null | ip=null | op=WRITE_CHUNK {blockData=conID: 3 locID: 102664011595121131 bcsId: 2126} | ret=SUCCESS |  
2019-08-23 02:48:17,442 | INFO  | DNAudit | user=null | ip=null | op=PUT_BLOCK {blockData=[blockId=conID: 3 locID: 102664011595121131 bcsId: 0,size=4194304]} | ret=SUCCESS |  
2019-08-23 02:48:17,443 [grpc-default-executor-5] INFO  client.GrpcClientProtocolClient (GrpcClientProtocolClient.java:onNext(255)) - client-B268B4322F32->17750241-545b-4219-93a1-14a6ea3d85be: receive RaftClientReply:client-B268B4322F32->17750241-545b-4219-93a1-14a6ea3d85be@group-C33FBD9556F2, cid=1485, SUCCESS, logIndex=2128, commits[17750241-545b-4219-93a1-14a6ea3d85be:c2129, 4eaaa090-573e-41d3-9f8c-c99e236d806a:c2126, 5f4cf9ee-4bed-49de-adaa-861aec894328:c2127]
2019-08-23 02:48:17,443 [grpc-default-executor-5] INFO  client.GrpcClientProtocolClient (GrpcClientProtocolClient.java:onNext(255)) - client-B268B4322F32->17750241-545b-4219-93a1-14a6ea3d85be: receive RaftClientReply:client-B268B4322F32->17750241-545b-4219-93a1-14a6ea3d85be@group-C33FBD9556F2, cid=1486, SUCCESS, logIndex=2129, commits[17750241-545b-4219-93a1-14a6ea3d85be:c2129, 4eaaa090-573e-41d3-9f8c-c99e236d806a:c2126, 5f4cf9ee-4bed-49de-adaa-861aec894328:c2127]
2019-08-23 02:48:17,454 | INFO  | DNAudit | user=null | ip=null | op=WRITE_CHUNK {blockData=conID: 3 locID: 102664011595121131 bcsId: 2126} | ret=SUCCESS |  
2019-08-23 02:48:17,454 | INFO  | DNAudit | user=null | ip=null | op=PUT_BLOCK {blockData=[blockId=conID: 3 locID: 102664011595121131 bcsId: 0,size=4194304]} | ret=SUCCESS |  
2019-08-23 02:48:17,465 | INFO  | DNAudit | user=null | ip=null | op=WRITE_CHUNK {blockData=conID: 3 locID: 102664011595121131 bcsId: 2126} | ret=SUCCESS |  
2019-08-23 02:48:17,465 | INFO  | DNAudit | user=null | ip=null | op=PUT_BLOCK {blockData=[blockId=conID: 3 locID: 102664011595121131 bcsId: 0,size=4194304]} | ret=SUCCESS |  
2019-08-23 02:48:17,465 [grpc-default-executor-5] INFO  client.GrpcClientProtocolClient (GrpcClientProtocolClient.java:onNext(255)) - client-B268B4322F32->17750241-545b-4219-93a1-14a6ea3d85be: receive RaftClientReply:client-B268B4322F32->17750241-545b-4219-93a1-14a6ea3d85be@group-C33FBD9556F2, cid=1487, SUCCESS, logIndex=0, commits[17750241-545b-4219-93a1-14a6ea3d85be:c2130, 4eaaa090-573e-41d3-9f8c-c99e236d806a:c2129, 5f4cf9ee-4bed-49de-adaa-861aec894328:c2129]
2019-08-23 02:48:17,468 | INFO  | SCMAudit | user=jenkins1000 | ip=192.168.34.22 | op=ALLOCATE_BLOCK {owner=31d65bc3-3f70-45f5-bbc5-e3a15f967ba6, size=4194304, type=RATIS, factor=THREE} | ret=SUCCESS |  
2019-08-23 02:48:17,473 | INFO  | OMAudit | user=jenkins1000 | ip=127.0.0.1 | op=ALLOCATE_BLOCK {volume=vol-0-78052, bucket=bucket-0-33874, key=key-0-20719, dataSize=2147483657, replicationType=RATIS, replicationFactor=THREE, keyLocationInfo=[], clientID=102664010308846034} | ret=SUCCESS |  
2019-08-23 02:48:17,485 | INFO  | DNAudit | user=null | ip=null | op=WRITE_CHUNK {blockData=conID: 1 locID: 102664011610063340 bcsId: 0} | ret=SUCCESS |  
2019-08-23 02:48:17,488 | INFO  | DNAudit | user=null | ip=null | op=WRITE_CHUNK {blockData=conID: 1 locID: 102664011610063340 bcsId: 0} | ret=SUCCESS |  
2019-08-23 02:48:17,488 | INFO  | DNAudit | user=null | ip=null | op=WRITE_CHUNK {blockData=conID: 1 locID: 102664011610063340 bcsId: 0} | ret=SUCCESS |  
2019-08-23 02:48:17,489 | INFO  | DNAudit | user=null | ip=null | op=WRITE_CHUNK {blockData=conID: 1 locID: 102664011610063340 bcsId: 0} | ret=SUCCESS |  
2019-08-23 02:48:17,490 | INFO  | DNAudit | user=null | ip=null | op=WRITE_CHUNK {blockData=conID: 1 locID: 102664011610063340 bcsId: 0} | ret=SUCCESS |  
2019-08-23 02:48:17,490 | INFO  | DNAudit | user=null | ip=null | op=WRITE_CHUNK {blockData=conID: 1 locID: 102664011610063340 bcsId: 0} | ret=SUCCESS |  
2019-08-23 02:48:17,497 | INFO  | DNAudit | user=null | ip=null | op=WRITE_CHUNK {blockData=conID: 1 locID: 102664011610063340 bcsId: 0} | ret=SUCCESS |  
2019-08-23 02:48:17,498 | INFO  | DNAudit | user=null | ip=null | op=PUT_BLOCK {blockData=[blockId=conID: 1 locID: 102664011610063340 bcsId: 0,size=1048576]} | ret=SUCCESS |  
2019-08-23 02:48:17,498 [grpc-default-executor-4] INFO  client.GrpcClientProtocolClient (GrpcClientProtocolClient.java:onNext(255)) - client-B268B4322F32->17750241-545b-4219-93a1-14a6ea3d85be: receive RaftClientReply:client-B268B4322F32->17750241-545b-4219-93a1-14a6ea3d85be@group-C33FBD9556F2, cid=1488, SUCCESS, logIndex=2132, commits[17750241-545b-4219-93a1-14a6ea3d85be:c2133, 4eaaa090-573e-41d3-9f8c-c99e236d806a:c2131, 5f4cf9ee-4bed-49de-adaa-861aec894328:c2131]
2019-08-23 02:48:17,498 | INFO  | DNAudit | user=null | ip=null | op=WRITE_CHUNK {blockData=conID: 1 locID: 102664011610063340 bcsId: 0} | ret=SUCCESS |  
2019-08-23 02:48:17,499 | INFO  | DNAudit | user=null | ip=null | op=PUT_BLOCK {blockData=[blockId=conID: 1 locID: 102664011610063340 bcsId: 0,size=2097152]} | ret=SUCCESS |  
2019-08-23 02:48:17,499 [grpc-default-executor-4] INFO  client.GrpcClientProtocolClient (GrpcClientProtocolClient.java:onNext(255)) - client-B268B4322F32->17750241-545b-4219-93a1-14a6ea3d85be: receive RaftClientReply:client-B268B4322F32->17750241-545b-4219-93a1-14a6ea3d85be@group-C33FBD9556F2, cid=1489, SUCCESS, logIndex=2133, commits[17750241-545b-4219-93a1-14a6ea3d85be:c2135, 4eaaa090-573e-41d3-9f8c-c99e236d806a:c2131, 5f4cf9ee-4bed-49de-adaa-861aec894328:c2131]
2019-08-23 02:48:17,499 [grpc-default-executor-4] INFO  client.GrpcClientProtocolClient (GrpcClientProtocolClient.java:onNext(255)) - client-B268B4322F32->17750241-545b-4219-93a1-14a6ea3d85be: receive RaftClientReply:client-B268B4322F32->17750241-545b-4219-93a1-14a6ea3d85be@group-C33FBD9556F2, cid=1490, SUCCESS, logIndex=2134, commits[17750241-545b-4219-93a1-14a6ea3d85be:c2135, 4eaaa090-573e-41d3-9f8c-c99e236d806a:c2131, 5f4cf9ee-4bed-49de-adaa-861aec894328:c2131]
2019-08-23 02:48:17,499 [grpc-default-executor-4] INFO  client.GrpcClientProtocolClient (GrpcClientProtocolClient.java:onNext(255)) - client-B268B4322F32->17750241-545b-4219-93a1-14a6ea3d85be: receive RaftClientReply:client-B268B4322F32->17750241-545b-4219-93a1-14a6ea3d85be@group-C33FBD9556F2, cid=1491, SUCCESS, logIndex=2135, commits[17750241-545b-4219-93a1-14a6ea3d85be:c2135, 4eaaa090-573e-41d3-9f8c-c99e236d806a:c2131, 5f4cf9ee-4bed-49de-adaa-861aec894328:c2131]
2019-08-23 02:48:17,511 | INFO  | DNAudit | user=null | ip=null | op=WRITE_CHUNK {blockData=conID: 1 locID: 102664011610063340 bcsId: 0} | ret=SUCCESS |  
2019-08-23 02:48:17,511 | INFO  | DNAudit | user=null | ip=null | op=WRITE_CHUNK {blockData=conID: 1 locID: 102664011610063340 bcsId: 0} | ret=SUCCESS |  
2019-08-23 02:48:17,512 | INFO  | DNAudit | user=null | ip=null | op=PUT_BLOCK {blockData=[blockId=conID: 1 locID: 102664011610063340 bcsId: 0,size=1048576]} | ret=SUCCESS |  
2019-08-23 02:48:17,512 | INFO  | DNAudit | user=null | ip=null | op=PUT_BLOCK {blockData=[blockId=conID: 1 locID: 102664011610063340 bcsId: 0,size=1048576]} | ret=SUCCESS |  
2019-08-23 02:48:17,512 | INFO  | DNAudit | user=null | ip=null | op=WRITE_CHUNK {blockData=conID: 1 locID: 102664011610063340 bcsId: 0} | ret=SUCCESS |  
2019-08-23 02:48:17,513 | INFO  | DNAudit | user=null | ip=null | op=PUT_BLOCK {blockData=[blockId=conID: 1 locID: 102664011610063340 bcsId: 0,size=2097152]} | ret=SUCCESS |  
2019-08-23 02:48:17,513 [grpc-default-executor-5] INFO  client.GrpcClientProtocolClient (GrpcClientProtocolClient.java:onNext(255)) - client-B268B4322F32->17750241-545b-4219-93a1-14a6ea3d85be: receive RaftClientReply:client-B268B4322F32->17750241-545b-4219-93a1-14a6ea3d85be@group-C33FBD9556F2, cid=1492, SUCCESS, logIndex=0, commits[17750241-545b-4219-93a1-14a6ea3d85be:c2137, 4eaaa090-573e-41d3-9f8c-c99e236d806a:c2133, 5f4cf9ee-4bed-49de-adaa-861aec894328:c2133]
2019-08-23 02:48:17,514 | INFO  | DNAudit | user=null | ip=null | op=WRITE_CHUNK {blockData=conID: 1 locID: 102664011610063340 bcsId: 0} | ret=SUCCESS |  
2019-08-23 02:48:17,514 | INFO  | DNAudit | user=null | ip=null | op=PUT_BLOCK {blockData=[blockId=conID: 1 locID: 102664011610063340 bcsId: 0,size=2097152]} | ret=SUCCESS |  
2019-08-23 02:48:17,520 | INFO  | DNAudit | user=null | ip=null | op=WRITE_CHUNK {blockData=conID: 1 locID: 102664011610063340 bcsId: 2135} | ret=SUCCESS |  
2019-08-23 02:48:17,522 | INFO  | DNAudit | user=null | ip=null | op=WRITE_CHUNK {blockData=conID: 1 locID: 102664011610063340 bcsId: 2135} | ret=SUCCESS |  
2019-08-23 02:48:17,523 | INFO  | DNAudit | user=null | ip=null | op=WRITE_CHUNK {blockData=conID: 1 locID: 102664011610063340 bcsId: 2135} | ret=SUCCESS |  
2019-08-23 02:48:17,534 | INFO  | DNAudit | user=null | ip=null | op=WRITE_CHUNK {blockData=conID: 1 locID: 102664011610063340 bcsId: 2135} | ret=SUCCESS |  
2019-08-23 02:48:17,534 | INFO  | DNAudit | user=null | ip=null | op=PUT_BLOCK {blockData=[blockId=conID: 1 locID: 102664011610063340 bcsId: 0,size=3145728]} | ret=SUCCESS |  
2019-08-23 02:48:17,535 [grpc-default-executor-5] INFO  client.GrpcClientProtocolClient (GrpcClientProtocolClient.java:onNext(255)) - client-B268B4322F32->17750241-545b-4219-93a1-14a6ea3d85be: receive RaftClientReply:client-B268B4322F32->17750241-545b-4219-93a1-14a6ea3d85be@group-C33FBD9556F2, cid=1493, SUCCESS, logIndex=2140, commits[17750241-545b-4219-93a1-14a6ea3d85be:c2141, 4eaaa090-573e-41d3-9f8c-c99e236d806a:c2139, 5f4cf9ee-4bed-49de-adaa-861aec894328:c2139]
2019-08-23 02:48:17,535 [grpc-default-executor-5] INFO  client.GrpcClientProtocolClient (GrpcClientProtocolClient.java:onNext(255)) - client-B268B4322F32->17750241-545b-4219-93a1-14a6ea3d85be: receive RaftClientReply:client-B268B4322F32->17750241-545b-4219-93a1-14a6ea3d85be@group-C33FBD9556F2, cid=1494, SUCCESS, logIndex=2141, commits[17750241-545b-4219-93a1-14a6ea3d85be:c2141, 4eaaa090-573e-41d3-9f8c-c99e236d806a:c2139, 5f4cf9ee-4bed-49de-adaa-861aec894328:c2139]
2019-08-23 02:48:17,541 | INFO  | DNAudit | user=null | ip=null | op=WRITE_CHUNK {blockData=conID: 1 locID: 102664011610063340 bcsId: 2141} | ret=SUCCESS |  
2019-08-23 02:48:17,543 | INFO  | DNAudit | user=null | ip=null | op=WRITE_CHUNK {blockData=conID: 1 locID: 102664011610063340 bcsId: 2141} | ret=SUCCESS |  
2019-08-23 02:48:17,544 | INFO  | DNAudit | user=null | ip=null | op=WRITE_CHUNK {blockData=conID: 1 locID: 102664011610063340 bcsId: 2141} | ret=SUCCESS |  
2019-08-23 02:48:17,547 | INFO  | DNAudit | user=null | ip=null | op=WRITE_CHUNK {blockData=conID: 1 locID: 102664011610063340 bcsId: 2135} | ret=SUCCESS |  
2019-08-23 02:48:17,547 | INFO  | DNAudit | user=null | ip=null | op=WRITE_CHUNK {blockData=conID: 1 locID: 102664011610063340 bcsId: 2135} | ret=SUCCESS |  
2019-08-23 02:48:17,547 | INFO  | DNAudit | user=null | ip=null | op=PUT_BLOCK {blockData=[blockId=conID: 1 locID: 102664011610063340 bcsId: 0,size=3145728]} | ret=SUCCESS |  
2019-08-23 02:48:17,560 | INFO  | DNAudit | user=null | ip=null | op=PUT_BLOCK {blockData=[blockId=conID: 1 locID: 102664011610063340 bcsId: 0,size=3145728]} | ret=SUCCESS |  
2019-08-23 02:48:17,561 | INFO  | DNAudit | user=null | ip=null | op=WRITE_CHUNK {blockData=conID: 1 locID: 102664011610063340 bcsId: 2141} | ret=SUCCESS |  
2019-08-23 02:48:17,561 | INFO  | DNAudit | user=null | ip=null | op=PUT_BLOCK {blockData=[blockId=conID: 1 locID: 102664011610063340 bcsId: 0,size=4194304]} | ret=SUCCESS |  
2019-08-23 02:48:17,561 [grpc-default-executor-6] INFO  client.GrpcClientProtocolClient (GrpcClientProtocolClient.java:onNext(255)) - client-B268B4322F32->17750241-545b-4219-93a1-14a6ea3d85be: receive RaftClientReply:client-B268B4322F32->17750241-545b-4219-93a1-14a6ea3d85be@group-C33FBD9556F2, cid=1495, SUCCESS, logIndex=2144, commits[17750241-545b-4219-93a1-14a6ea3d85be:c2145, 4eaaa090-573e-41d3-9f8c-c99e236d806a:c2141, 5f4cf9ee-4bed-49de-adaa-861aec894328:c2141]
2019-08-23 02:48:17,562 [grpc-default-executor-6] INFO  client.GrpcClientProtocolClient (GrpcClientProtocolClient.java:onNext(255)) - client-B268B4322F32->17750241-545b-4219-93a1-14a6ea3d85be: receive RaftClientReply:client-B268B4322F32->17750241-545b-4219-93a1-14a6ea3d85be@group-C33FBD9556F2, cid=1496, SUCCESS, logIndex=2145, commits[17750241-545b-4219-93a1-14a6ea3d85be:c2145, 4eaaa090-573e-41d3-9f8c-c99e236d806a:c2141, 5f4cf9ee-4bed-49de-adaa-861aec894328:c2141]
2019-08-23 02:48:17,573 | INFO  | DNAudit | user=null | ip=null | op=WRITE_CHUNK {blockData=conID: 1 locID: 102664011610063340 bcsId: 2141} | ret=SUCCESS |  
2019-08-23 02:48:17,573 | INFO  | DNAudit | user=null | ip=null | op=WRITE_CHUNK {blockData=conID: 1 locID: 102664011610063340 bcsId: 2141} | ret=SUCCESS |  
2019-08-23 02:48:17,586 | INFO  | DNAudit | user=null | ip=null | op=PUT_BLOCK {blockData=[blockId=conID: 1 locID: 102664011610063340 bcsId: 0,size=4194304]} | ret=SUCCESS |  
2019-08-23 02:48:17,586 | INFO  | DNAudit | user=null | ip=null | op=PUT_BLOCK {blockData=[blockId=conID: 1 locID: 102664011610063340 bcsId: 0,size=4194304]} | ret=SUCCESS |  
2019-08-23 02:48:17,587 [grpc-default-executor-6] INFO  client.GrpcClientProtocolClient (GrpcClientProtocolClient.java:onNext(255)) - client-B268B4322F32->17750241-545b-4219-93a1-14a6ea3d85be: receive RaftClientReply:client-B268B4322F32->17750241-545b-4219-93a1-14a6ea3d85be@group-C33FBD9556F2, cid=1497, SUCCESS, logIndex=0, commits[17750241-545b-4219-93a1-14a6ea3d85be:c2147, 4eaaa090-573e-41d3-9f8c-c99e236d806a:c2145, 5f4cf9ee-4bed-49de-adaa-861aec894328:c2145]
2019-08-23 02:48:17,589 | INFO  | SCMAudit | user=jenkins1000 | ip=192.168.34.22 | op=ALLOCATE_BLOCK {owner=31d65bc3-3f70-45f5-bbc5-e3a15f967ba6, size=4194304, type=RATIS, factor=THREE} | ret=SUCCESS |  
2019-08-23 02:48:17,592 | INFO  | OMAudit | user=jenkins1000 | ip=127.0.0.1 | op=ALLOCATE_BLOCK {volume=vol-0-78052, bucket=bucket-0-33874, key=key-0-20719, dataSize=2147483657, replicationType=RATIS, replicationFactor=THREE, keyLocationInfo=[], clientID=102664010308846034} | ret=SUCCESS |  
2019-08-23 02:48:17,603 | INFO  | DNAudit | user=null | ip=null | op=WRITE_CHUNK {blockData=conID: 2 locID: 102664011617993197 bcsId: 0} | ret=SUCCESS |  
2019-08-23 02:48:17,605 | INFO  | DNAudit | user=null | ip=null | op=WRITE_CHUNK {blockData=conID: 2 locID: 102664011617993197 bcsId: 0} | ret=SUCCESS |  
2019-08-23 02:48:17,606 | INFO  | DNAudit | user=null | ip=null | op=WRITE_CHUNK {blockData=conID: 2 locID: 102664011617993197 bcsId: 0} | ret=SUCCESS |  
2019-08-23 02:48:17,606 | INFO  | DNAudit | user=null | ip=null | op=WRITE_CHUNK {blockData=conID: 2 locID: 102664011617993197 bcsId: 0} | ret=SUCCESS |  
2019-08-23 02:48:17,608 | INFO  | DNAudit | user=null | ip=null | op=WRITE_CHUNK {blockData=conID: 2 locID: 102664011617993197 bcsId: 0} | ret=SUCCESS |  
2019-08-23 02:48:17,608 | INFO  | DNAudit | user=null | ip=null | op=WRITE_CHUNK {blockData=conID: 2 locID: 102664011617993197 bcsId: 0} | ret=SUCCESS |  
2019-08-23 02:48:17,615 | INFO  | DNAudit | user=null | ip=null | op=WRITE_CHUNK {blockData=conID: 2 locID: 102664011617993197 bcsId: 0} | ret=SUCCESS |  
2019-08-23 02:48:17,616 | INFO  | DNAudit | user=null | ip=null | op=PUT_BLOCK {blockData=[blockId=conID: 2 locID: 102664011617993197 bcsId: 0,size=1048576]} | ret=SUCCESS |  
2019-08-23 02:48:17,616 | INFO  | DNAudit | user=null | ip=null | op=WRITE_CHUNK {blockData=conID: 2 locID: 102664011617993197 bcsId: 0} | ret=SUCCESS |  
2019-08-23 02:48:17,616 [grpc-default-executor-4] INFO  client.GrpcClientProtocolClient (GrpcClientProtocolClient.java:onNext(255)) - client-B268B4322F32->17750241-545b-4219-93a1-14a6ea3d85be: receive RaftClientReply:client-B268B4322F32->17750241-545b-4219-93a1-14a6ea3d85be@group-C33FBD9556F2, cid=1498, SUCCESS, logIndex=2148, commits[17750241-545b-4219-93a1-14a6ea3d85be:c2150, 4eaaa090-573e-41d3-9f8c-c99e236d806a:c2147, 5f4cf9ee-4bed-49de-adaa-861aec894328:c2147]
2019-08-23 02:48:17,616 | INFO  | DNAudit | user=null | ip=null | op=PUT_BLOCK {blockData=[blockId=conID: 2 locID: 102664011617993197 bcsId: 0,size=2097152]} | ret=SUCCESS |  
2019-08-23 02:48:17,616 [grpc-default-executor-4] INFO  client.GrpcClientProtocolClient (GrpcClientProtocolClient.java:onNext(255)) - client-B268B4322F32->17750241-545b-4219-93a1-14a6ea3d85be: receive RaftClientReply:client-B268B4322F32->17750241-545b-4219-93a1-14a6ea3d85be@group-C33FBD9556F2, cid=1499, SUCCESS, logIndex=2149, commits[17750241-545b-4219-93a1-14a6ea3d85be:c2151, 4eaaa090-573e-41d3-9f8c-c99e236d806a:c2147, 5f4cf9ee-4bed-49de-adaa-861aec894328:c2147]
2019-08-23 02:48:17,617 [grpc-default-executor-4] INFO  client.GrpcClientProtocolClient (GrpcClientProtocolClient.java:onNext(255)) - client-B268B4322F32->17750241-545b-4219-93a1-14a6ea3d85be: receive RaftClientReply:client-B268B4322F32->17750241-545b-4219-93a1-14a6ea3d85be@group-C33FBD9556F2, cid=1500, SUCCESS, logIndex=2150, commits[17750241-545b-4219-93a1-14a6ea3d85be:c2151, 4eaaa090-573e-41d3-9f8c-c99e236d806a:c2147, 5f4cf9ee-4bed-49de-adaa-861aec894328:c2147]
2019-08-23 02:48:17,617 [grpc-default-executor-4] INFO  client.GrpcClientProtocolClient (GrpcClientProtocolClient.java:onNext(255)) - client-B268B4322F32->17750241-545b-4219-93a1-14a6ea3d85be: receive RaftClientReply:client-B268B4322F32->17750241-545b-4219-93a1-14a6ea3d85be@group-C33FBD9556F2, cid=1501, SUCCESS, logIndex=2151, commits[17750241-545b-4219-93a1-14a6ea3d85be:c2151, 4eaaa090-573e-41d3-9f8c-c99e236d806a:c2147, 5f4cf9ee-4bed-49de-adaa-861aec894328:c2147]
2019-08-23 02:48:17,618 | INFO  | DNAudit | user=null | ip=null | op=WRITE_CHUNK {blockData=conID: 2 locID: 102664011617993197 bcsId: 0} | ret=SUCCESS |  
2019-08-23 02:48:17,629 | INFO  | DNAudit | user=null | ip=null | op=WRITE_CHUNK {blockData=conID: 2 locID: 102664011617993197 bcsId: 0} | ret=SUCCESS |  
2019-08-23 02:48:17,629 | INFO  | DNAudit | user=null | ip=null | op=PUT_BLOCK {blockData=[blockId=conID: 2 locID: 102664011617993197 bcsId: 0,size=1048576]} | ret=SUCCESS |  
2019-08-23 02:48:17,630 | INFO  | DNAudit | user=null | ip=null | op=WRITE_CHUNK {blockData=conID: 2 locID: 102664011617993197 bcsId: 0} | ret=SUCCESS |  
2019-08-23 02:48:17,630 | INFO  | DNAudit | user=null | ip=null | op=PUT_BLOCK {blockData=[blockId=conID: 2 locID: 102664011617993197 bcsId: 0,size=2097152]} | ret=SUCCESS |  
2019-08-23 02:48:17,631 | INFO  | DNAudit | user=null | ip=null | op=PUT_BLOCK {blockData=[blockId=conID: 2 locID: 102664011617993197 bcsId: 0,size=1048576]} | ret=SUCCESS |  
2019-08-23 02:48:17,631 | INFO  | DNAudit | user=null | ip=null | op=WRITE_CHUNK {blockData=conID: 2 locID: 102664011617993197 bcsId: 0} | ret=SUCCESS |  
2019-08-23 02:48:17,631 | INFO  | DNAudit | user=null | ip=null | op=PUT_BLOCK {blockData=[blockId=conID: 2 locID: 102664011617993197 bcsId: 0,size=2097152]} | ret=SUCCESS |  
2019-08-23 02:48:17,631 [grpc-default-executor-4] INFO  client.GrpcClientProtocolClient (GrpcClientProtocolClient.java:onNext(255)) - client-B268B4322F32->17750241-545b-4219-93a1-14a6ea3d85be: receive RaftClientReply:client-B268B4322F32->17750241-545b-4219-93a1-14a6ea3d85be@group-C33FBD9556F2, cid=1502, SUCCESS, logIndex=0, commits[17750241-545b-4219-93a1-14a6ea3d85be:c2155, 4eaaa090-573e-41d3-9f8c-c99e236d806a:c2149, 5f4cf9ee-4bed-49de-adaa-861aec894328:c2151]
2019-08-23 02:48:17,638 | INFO  | DNAudit | user=null | ip=null | op=WRITE_CHUNK {blockData=conID: 2 locID: 102664011617993197 bcsId: 2151} | ret=SUCCESS |  
2019-08-23 02:48:17,640 | INFO  | DNAudit | user=null | ip=null | op=WRITE_CHUNK {blockData=conID: 2 locID: 102664011617993197 bcsId: 2151} | ret=SUCCESS |  
2019-08-23 02:48:17,641 | INFO  | DNAudit | user=null | ip=null | op=WRITE_CHUNK {blockData=conID: 2 locID: 102664011617993197 bcsId: 2151} | ret=SUCCESS |  
2019-08-23 02:48:17,652 | INFO  | DNAudit | user=null | ip=null | op=WRITE_CHUNK {blockData=conID: 2 locID: 102664011617993197 bcsId: 2151} | ret=SUCCESS |  
2019-08-23 02:48:17,652 | INFO  | DNAudit | user=null | ip=null | op=PUT_BLOCK {blockData=[blockId=conID: 2 locID: 102664011617993197 bcsId: 0,size=3145728]} | ret=SUCCESS |  
2019-08-23 02:48:17,652 [grpc-default-executor-6] INFO  client.GrpcClientProtocolClient (GrpcClientProtocolClient.java:onNext(255)) - client-B268B4322F32->17750241-545b-4219-93a1-14a6ea3d85be: receive RaftClientReply:client-B268B4322F32->17750241-545b-4219-93a1-14a6ea3d85be@group-C33FBD9556F2, cid=1503, SUCCESS, logIndex=2156, commits[17750241-545b-4219-93a1-14a6ea3d85be:c2157, 4eaaa090-573e-41d3-9f8c-c99e236d806a:c2155, 5f4cf9ee-4bed-49de-adaa-861aec894328:c2155]
2019-08-23 02:48:17,653 [grpc-default-executor-6] INFO  client.GrpcClientProtocolClient (GrpcClientProtocolClient.java:onNext(255)) - client-B268B4322F32->17750241-545b-4219-93a1-14a6ea3d85be: receive RaftClientReply:client-B268B4322F32->17750241-545b-4219-93a1-14a6ea3d85be@group-C33FBD9556F2, cid=1504, SUCCESS, logIndex=2157, commits[17750241-545b-4219-93a1-14a6ea3d85be:c2157, 4eaaa090-573e-41d3-9f8c-c99e236d806a:c2155, 5f4cf9ee-4bed-49de-adaa-861aec894328:c2155]
2019-08-23 02:48:17,655 | INFO  | DNAudit | user=null | ip=null | op=WRITE_CHUNK {blockData=conID: 2 locID: 102664011617993197 bcsId: 2151} | ret=SUCCESS |  
2019-08-23 02:48:17,655 | INFO  | DNAudit | user=null | ip=null | op=WRITE_CHUNK {blockData=conID: 2 locID: 102664011617993197 bcsId: 2151} | ret=SUCCESS |  
2019-08-23 02:48:17,658 | INFO  | DNAudit | user=null | ip=null | op=PUT_BLOCK {blockData=[blockId=conID: 2 locID: 102664011617993197 bcsId: 0,size=3145728]} | ret=SUCCESS |  
2019-08-23 02:48:17,658 | INFO  | DNAudit | user=null | ip=null | op=PUT_BLOCK {blockData=[blockId=conID: 2 locID: 102664011617993197 bcsId: 0,size=3145728]} | ret=SUCCESS |  
2019-08-23 02:48:17,661 | INFO  | DNAudit | user=null | ip=null | op=WRITE_CHUNK {blockData=conID: 2 locID: 102664011617993197 bcsId: 2157} | ret=SUCCESS |  
2019-08-23 02:48:17,662 | INFO  | DNAudit | user=null | ip=null | op=WRITE_CHUNK {blockData=conID: 2 locID: 102664011617993197 bcsId: 2157} | ret=SUCCESS |  
2019-08-23 02:48:17,663 | INFO  | DNAudit | user=null | ip=null | op=WRITE_CHUNK {blockData=conID: 2 locID: 102664011617993197 bcsId: 2157} | ret=SUCCESS |  
 0.00% |█                                                                                                    |  0/1 Time: 0:00:202019-08-23 02:48:17,668 | INFO  | DNAudit | user=null | ip=null | op=WRITE_CHUNK {blockData=conID: 2 locID: 102664011617993197 bcsId: 2157} | ret=SUCCESS |  
2019-08-23 02:48:17,668 | INFO  | DNAudit | user=null | ip=null | op=PUT_BLOCK {blockData=[blockId=conID: 2 locID: 102664011617993197 bcsId: 0,size=4194304]} | ret=SUCCESS |  
2019-08-23 02:48:17,668 [grpc-default-executor-5] INFO  client.GrpcClientProtocolClient (GrpcClientProtocolClient.java:onNext(255)) - client-B268B4322F32->17750241-545b-4219-93a1-14a6ea3d85be: receive RaftClientReply:client-B268B4322F32->17750241-545b-4219-93a1-14a6ea3d85be@group-C33FBD9556F2, cid=1505, SUCCESS, logIndex=2160, commits[17750241-545b-4219-93a1-14a6ea3d85be:c2161, 4eaaa090-573e-41d3-9f8c-c99e236d806a:c2157, 5f4cf9ee-4bed-49de-adaa-861aec894328:c2159]
2019-08-23 02:48:17,669 | INFO  | DNAudit | user=null | ip=null | op=WRITE_CHUNK {blockData=conID: 2 locID: 102664011617993197 bcsId: 2157} | ret=SUCCESS |  
2019-08-23 02:48:17,669 [grpc-default-executor-6] INFO  client.GrpcClientProtocolClient (GrpcClientProtocolClient.java:onNext(255)) - client-B268B4322F32->17750241-545b-4219-93a1-14a6ea3d85be: receive RaftClientReply:client-B268B4322F32->17750241-545b-4219-93a1-14a6ea3d85be@group-C33FBD9556F2, cid=1506, SUCCESS, logIndex=2161, commits[17750241-545b-4219-93a1-14a6ea3d85be:c2161, 4eaaa090-573e-41d3-9f8c-c99e236d806a:c2157, 5f4cf9ee-4bed-49de-adaa-861aec894328:c2159]
2019-08-23 02:48:17,669 | INFO  | DNAudit | user=null | ip=null | op=PUT_BLOCK {blockData=[blockId=conID: 2 locID: 102664011617993197 bcsId: 0,size=4194304]} | ret=SUCCESS |  
2019-08-23 02:48:17,670 | INFO  | DNAudit | user=null | ip=null | op=WRITE_CHUNK {blockData=conID: 2 locID: 102664011617993197 bcsId: 2157} | ret=SUCCESS |  
2019-08-23 02:48:17,670 | INFO  | DNAudit | user=null | ip=null | op=PUT_BLOCK {blockData=[blockId=conID: 2 locID: 102664011617993197 bcsId: 0,size=4194304]} | ret=SUCCESS |  
2019-08-23 02:48:17,670 [grpc-default-executor-5] INFO  client.GrpcClientProtocolClient (GrpcClientProtocolClient.java:onNext(255)) - client-B268B4322F32->17750241-545b-4219-93a1-14a6ea3d85be: receive RaftClientReply:client-B268B4322F32->17750241-545b-4219-93a1-14a6ea3d85be@group-C33FBD9556F2, cid=1507, SUCCESS, logIndex=0, commits[17750241-545b-4219-93a1-14a6ea3d85be:c2163, 4eaaa090-573e-41d3-9f8c-c99e236d806a:c2161, 5f4cf9ee-4bed-49de-adaa-861aec894328:c2161]
2019-08-23 02:48:17,673 | INFO  | SCMAudit | user=jenkins1000 | ip=192.168.34.22 | op=ALLOCATE_BLOCK {owner=31d65bc3-3f70-45f5-bbc5-e3a15f967ba6, size=4194304, type=RATIS, factor=THREE} | ret=SUCCESS |  
2019-08-23 02:48:17,676 | INFO  | OMAudit | user=jenkins1000 | ip=127.0.0.1 | op=ALLOCATE_BLOCK {volume=vol-0-78052, bucket=bucket-0-33874, key=key-0-20719, dataSize=2147483657, replicationType=RATIS, replicationFactor=THREE, keyLocationInfo=[], clientID=102664010308846034} | ret=SUCCESS |  
2019-08-23 02:48:17,685 | INFO  | DNAudit | user=null | ip=null | op=WRITE_CHUNK {blockData=conID: 3 locID: 102664011623498222 bcsId: 0} | ret=SUCCESS |  
2019-08-23 02:48:17,688 | INFO  | DNAudit | user=null | ip=null | op=WRITE_CHUNK {blockData=conID: 3 locID: 102664011623498222 bcsId: 0} | ret=SUCCESS |  
2019-08-23 02:48:17,689 | INFO  | DNAudit | user=null | ip=null | op=WRITE_CHUNK {blockData=conID: 3 locID: 102664011623498222 bcsId: 0} | ret=SUCCESS |  
2019-08-23 02:48:17,689 | INFO  | DNAudit | user=null | ip=null | op=WRITE_CHUNK {blockData=conID: 3 locID: 102664011623498222 bcsId: 0} | ret=SUCCESS |  
2019-08-23 02:48:17,691 | INFO  | DNAudit | user=null | ip=null | op=WRITE_CHUNK {blockData=conID: 3 locID: 102664011623498222 bcsId: 0} | ret=SUCCESS |  
2019-08-23 02:48:17,691 | INFO  | DNAudit | user=null | ip=null | op=WRITE_CHUNK {blockData=conID: 3 locID: 102664011623498222 bcsId: 0} | ret=SUCCESS |  
2019-08-23 02:48:17,698 | INFO  | DNAudit | user=null | ip=null | op=WRITE_CHUNK {blockData=conID: 3 locID: 102664011623498222 bcsId: 0} | ret=SUCCESS |  
2019-08-23 02:48:17,699 | INFO  | DNAudit | user=null | ip=null | op=PUT_BLOCK {blockData=[blockId=conID: 3 locID: 102664011623498222 bcsId: 0,size=1048576]} | ret=SUCCESS |  
2019-08-23 02:48:17,699 [grpc-default-executor-5] INFO  client.GrpcClientProtocolClient (GrpcClientProtocolClient.java:onNext(255)) - client-B268B4322F32->17750241-545b-4219-93a1-14a6ea3d85be: receive RaftClientReply:client-B268B4322F32->17750241-545b-4219-93a1-14a6ea3d85be@group-C33FBD9556F2, cid=1508, SUCCESS, logIndex=2164, commits[17750241-545b-4219-93a1-14a6ea3d85be:c2165, 4eaaa090-573e-41d3-9f8c-c99e236d806a:c2163, 5f4cf9ee-4bed-49de-adaa-861aec894328:c2163]
2019-08-23 02:48:17,699 [grpc-default-executor-5] INFO  client.GrpcClientProtocolClient (GrpcClientProtocolClient.java:onNext(255)) - client-B268B4322F32->17750241-545b-4219-93a1-14a6ea3d85be: receive RaftClientReply:client-B268B4322F32->17750241-545b-4219-93a1-14a6ea3d85be@group-C33FBD9556F2, cid=1509, SUCCESS, logIndex=2165, commits[17750241-545b-4219-93a1-14a6ea3d85be:c2165, 4eaaa090-573e-41d3-9f8c-c99e236d806a:c2163, 5f4cf9ee-4bed-49de-adaa-861aec894328:c2163]
2019-08-23 02:48:17,701 | INFO  | DNAudit | user=null | ip=null | op=WRITE_CHUNK {blockData=conID: 3 locID: 102664011623498222 bcsId: 0} | ret=SUCCESS |  
2019-08-23 02:48:17,702 | INFO  | DNAudit | user=null | ip=null | op=PUT_BLOCK {blockData=[blockId=conID: 3 locID: 102664011623498222 bcsId: 0,size=2097152]} | ret=SUCCESS |  
2019-08-23 02:48:17,702 [grpc-default-executor-5] INFO  client.GrpcClientProtocolClient (GrpcClientProtocolClient.java:onNext(255)) - client-B268B4322F32->17750241-545b-4219-93a1-14a6ea3d85be: receive RaftClientReply:client-B268B4322F32->17750241-545b-4219-93a1-14a6ea3d85be@group-C33FBD9556F2, cid=1510, SUCCESS, logIndex=2166, commits[17750241-545b-4219-93a1-14a6ea3d85be:c2167, 4eaaa090-573e-41d3-9f8c-c99e236d806a:c2163, 5f4cf9ee-4bed-49de-adaa-861aec894328:c2163]
2019-08-23 02:48:17,702 [grpc-default-executor-5] INFO  client.GrpcClientProtocolClient (GrpcClientProtocolClient.java:onNext(255)) - client-B268B4322F32->17750241-545b-4219-93a1-14a6ea3d85be: receive RaftClientReply:client-B268B4322F32->17750241-545b-4219-93a1-14a6ea3d85be@group-C33FBD9556F2, cid=1511, SUCCESS, logIndex=2167, commits[17750241-545b-4219-93a1-14a6ea3d85be:c2167, 4eaaa090-573e-41d3-9f8c-c99e236d806a:c2163, 5f4cf9ee-4bed-49de-adaa-861aec894328:c2163]
2019-08-23 02:48:17,705 | INFO  | DNAudit | user=null | ip=null | op=WRITE_CHUNK {blockData=conID: 3 locID: 102664011623498222 bcsId: 0} | ret=SUCCESS |  
2019-08-23 02:48:17,705 | INFO  | DNAudit | user=null | ip=null | op=WRITE_CHUNK {blockData=conID: 3 locID: 102664011623498222 bcsId: 0} | ret=SUCCESS |  
2019-08-23 02:48:17,705 | INFO  | DNAudit | user=null | ip=null | op=PUT_BLOCK {blockData=[blockId=conID: 3 locID: 102664011623498222 bcsId: 0,size=1048576]} | ret=SUCCESS |  
2019-08-23 02:48:17,705 | INFO  | DNAudit | user=null | ip=null | op=PUT_BLOCK {blockData=[blockId=conID: 3 locID: 102664011623498222 bcsId: 0,size=1048576]} | ret=SUCCESS |  
2019-08-23 02:48:17,706 [grpc-default-executor-5] INFO  client.GrpcClientProtocolClient (GrpcClientProtocolClient.java:onNext(255)) - client-B268B4322F32->17750241-545b-4219-93a1-14a6ea3d85be: receive RaftClientReply:client-B268B4322F32->17750241-545b-4219-93a1-14a6ea3d85be@group-C33FBD9556F2, cid=1512, SUCCESS, logIndex=0, commits[17750241-545b-4219-93a1-14a6ea3d85be:c2169, 4eaaa090-573e-41d3-9f8c-c99e236d806a:c2165, 5f4cf9ee-4bed-49de-adaa-861aec894328:c2165]
2019-08-23 02:48:17,708 | INFO  | DNAudit | user=null | ip=null | op=WRITE_CHUNK {blockData=conID: 3 locID: 102664011623498222 bcsId: 0} | ret=SUCCESS |  
2019-08-23 02:48:17,708 | INFO  | DNAudit | user=null | ip=null | op=WRITE_CHUNK {blockData=conID: 3 locID: 102664011623498222 bcsId: 0} | ret=SUCCESS |  
2019-08-23 02:48:17,708 | INFO  | DNAudit | user=null | ip=null | op=PUT_BLOCK {blockData=[blockId=conID: 3 locID: 102664011623498222 bcsId: 0,size=2097152]} | ret=SUCCESS |  
2019-08-23 02:48:17,708 | INFO  | DNAudit | user=null | ip=null | op=PUT_BLOCK {blockData=[blockId=conID: 3 locID: 102664011623498222 bcsId: 0,size=2097152]} | ret=SUCCESS |  
2019-08-23 02:48:17,712 | INFO  | DNAudit | user=null | ip=null | op=WRITE_CHUNK {blockData=conID: 3 locID: 102664011623498222 bcsId: 2167} | ret=SUCCESS |  
2019-08-23 02:48:17,715 | INFO  | DNAudit | user=null | ip=null | op=WRITE_CHUNK {blockData=conID: 3 locID: 102664011623498222 bcsId: 2167} | ret=SUCCESS |  
2019-08-23 02:48:17,715 | INFO  | DNAudit | user=null | ip=null | op=WRITE_CHUNK {blockData=conID: 3 locID: 102664011623498222 bcsId: 2167} | ret=SUCCESS |  
2019-08-23 02:48:17,717 | INFO  | SCMAudit | user=jenkins1000 | ip=192.168.34.22 | op=SEND_HEARTBEAT {datanodeUUID=66ab6a68-e61f-4535-ab2f-12fe560929ed, command=[]} | ret=SUCCESS |  
2019-08-23 02:48:17,740 | INFO  | DNAudit | user=null | ip=null | op=WRITE_CHUNK {blockData=conID: 3 locID: 102664011623498222 bcsId: 2167} | ret=SUCCESS |  
2019-08-23 02:48:17,741 | INFO  | DNAudit | user=null | ip=null | op=PUT_BLOCK {blockData=[blockId=conID: 3 locID: 102664011623498222 bcsId: 0,size=3145728]} | ret=SUCCESS |  
2019-08-23 02:48:17,741 [grpc-default-executor-6] INFO  client.GrpcClientProtocolClient (GrpcClientProtocolClient.java:onNext(255)) - client-B268B4322F32->17750241-545b-4219-93a1-14a6ea3d85be: receive RaftClientReply:client-B268B4322F32->17750241-545b-4219-93a1-14a6ea3d85be@group-C33FBD9556F2, cid=1513, SUCCESS, logIndex=2172, commits[17750241-545b-4219-93a1-14a6ea3d85be:c2173, 4eaaa090-573e-41d3-9f8c-c99e236d806a:c2171, 5f4cf9ee-4bed-49de-adaa-861aec894328:c2171]
2019-08-23 02:48:17,741 [grpc-default-executor-6] INFO  client.GrpcClientProtocolClient (GrpcClientProtocolClient.java:onNext(255)) - client-B268B4322F32->17750241-545b-4219-93a1-14a6ea3d85be: receive RaftClientReply:client-B268B4322F32->17750241-545b-4219-93a1-14a6ea3d85be@group-C33FBD9556F2, cid=1514, SUCCESS, logIndex=2173, commits[17750241-545b-4219-93a1-14a6ea3d85be:c2173, 4eaaa090-573e-41d3-9f8c-c99e236d806a:c2171, 5f4cf9ee-4bed-49de-adaa-861aec894328:c2171]
2019-08-23 02:48:17,749 | INFO  | DNAudit | user=null | ip=null | op=WRITE_CHUNK {blockData=conID: 3 locID: 102664011623498222 bcsId: 2173} | ret=SUCCESS |  
2019-08-23 02:48:17,750 | INFO  | DNAudit | user=null | ip=null | op=WRITE_CHUNK {blockData=conID: 3 locID: 102664011623498222 bcsId: 2173} | ret=SUCCESS |  
2019-08-23 02:48:17,751 | INFO  | DNAudit | user=null | ip=null | op=WRITE_CHUNK {blockData=conID: 3 locID: 102664011623498222 bcsId: 2173} | ret=SUCCESS |  
2019-08-23 02:48:17,752 | INFO  | DNAudit | user=null | ip=null | op=WRITE_CHUNK {blockData=conID: 3 locID: 102664011623498222 bcsId: 2167} | ret=SUCCESS |  
2019-08-23 02:48:17,752 | INFO  | DNAudit | user=null | ip=null | op=WRITE_CHUNK {blockData=conID: 3 locID: 102664011623498222 bcsId: 2167} | ret=SUCCESS |  
2019-08-23 02:48:17,754 | INFO  | DNAudit | user=null | ip=null | op=PUT_BLOCK {blockData=[blockId=conID: 3 locID: 102664011623498222 bcsId: 0,size=3145728]} | ret=SUCCESS |  
2019-08-23 02:48:17,754 | INFO  | DNAudit | user=null | ip=null | op=PUT_BLOCK {blockData=[blockId=conID: 3 locID: 102664011623498222 bcsId: 0,size=3145728]} | ret=SUCCESS |  
2019-08-23 02:48:17,755 | INFO  | DNAudit | user=null | ip=null | op=WRITE_CHUNK {blockData=conID: 3 locID: 102664011623498222 bcsId: 2173} | ret=SUCCESS |  
2019-08-23 02:48:17,755 | INFO  | DNAudit | user=null | ip=null | op=PUT_BLOCK {blockData=[blockId=conID: 3 locID: 102664011623498222 bcsId: 0,size=4194304]} | ret=SUCCESS |  
2019-08-23 02:48:17,755 [grpc-default-executor-6] INFO  client.GrpcClientProtocolClient (GrpcClientProtocolClient.java:onNext(255)) - client-B268B4322F32->17750241-545b-4219-93a1-14a6ea3d85be: receive RaftClientReply:client-B268B4322F32->17750241-545b-4219-93a1-14a6ea3d85be@group-C33FBD9556F2, cid=1515, SUCCESS, logIndex=2176, commits[17750241-545b-4219-93a1-14a6ea3d85be:c2177, 4eaaa090-573e-41d3-9f8c-c99e236d806a:c2173, 5f4cf9ee-4bed-49de-adaa-861aec894328:c2173]
2019-08-23 02:48:17,756 [grpc-default-executor-6] INFO  client.GrpcClientProtocolClient (GrpcClientProtocolClient.java:onNext(255)) - client-B268B4322F32->17750241-545b-4219-93a1-14a6ea3d85be: receive RaftClientReply:client-B268B4322F32->17750241-545b-4219-93a1-14a6ea3d85be@group-C33FBD9556F2, cid=1516, SUCCESS, logIndex=2177, commits[17750241-545b-4219-93a1-14a6ea3d85be:c2177, 4eaaa090-573e-41d3-9f8c-c99e236d806a:c2173, 5f4cf9ee-4bed-49de-adaa-861aec894328:c2173]
2019-08-23 02:48:17,766 | INFO  | DNAudit | user=null | ip=null | op=WRITE_CHUNK {blockData=conID: 3 locID: 102664011623498222 bcsId: 2173} | ret=SUCCESS |  
2019-08-23 02:48:17,766 | INFO  | DNAudit | user=null | ip=null | op=WRITE_CHUNK {blockData=conID: 3 locID: 102664011623498222 bcsId: 2173} | ret=SUCCESS |  
2019-08-23 02:48:17,769 | INFO  | DNAudit | user=null | ip=null | op=PUT_BLOCK {blockData=[blockId=conID: 3 locID: 102664011623498222 bcsId: 0,size=4194304]} | ret=SUCCESS |  
2019-08-23 02:48:17,769 | INFO  | DNAudit | user=null | ip=null | op=PUT_BLOCK {blockData=[blockId=conID: 3 locID: 102664011623498222 bcsId: 0,size=4194304]} | ret=SUCCESS |  
2019-08-23 02:48:17,770 [grpc-default-executor-6] INFO  client.GrpcClientProtocolClient (GrpcClientProtocolClient.java:onNext(255)) - client-B268B4322F32->17750241-545b-4219-93a1-14a6ea3d85be: receive RaftClientReply:client-B268B4322F32->17750241-545b-4219-93a1-14a6ea3d85be@group-C33FBD9556F2, cid=1517, SUCCESS, logIndex=0, commits[17750241-545b-4219-93a1-14a6ea3d85be:c2179, 4eaaa090-573e-41d3-9f8c-c99e236d806a:c2177, 5f4cf9ee-4bed-49de-adaa-861aec894328:c2177]
2019-08-23 02:48:17,772 | INFO  | SCMAudit | user=jenkins1000 | ip=192.168.34.22 | op=ALLOCATE_BLOCK {owner=31d65bc3-3f70-45f5-bbc5-e3a15f967ba6, size=4194304, type=RATIS, factor=THREE} | ret=SUCCESS |  
2019-08-23 02:48:17,775 | INFO  | OMAudit | user=jenkins1000 | ip=127.0.0.1 | op=ALLOCATE_BLOCK {volume=vol-0-78052, bucket=bucket-0-33874, key=key-0-20719, dataSize=2147483657, replicationType=RATIS, replicationFactor=THREE, keyLocationInfo=[], clientID=102664010308846034} | ret=SUCCESS |  
2019-08-23 02:48:17,785 | INFO  | DNAudit | user=null | ip=null | op=WRITE_CHUNK {blockData=conID: 1 locID: 102664011629986287 bcsId: 0} | ret=SUCCESS |  
2019-08-23 02:48:17,789 | INFO  | DNAudit | user=null | ip=null | op=WRITE_CHUNK {blockData=conID: 1 locID: 102664011629986287 bcsId: 0} | ret=SUCCESS |  
2019-08-23 02:48:17,789 | INFO  | DNAudit | user=null | ip=null | op=WRITE_CHUNK {blockData=conID: 1 locID: 102664011629986287 bcsId: 0} | ret=SUCCESS |  
2019-08-23 02:48:17,789 | INFO  | DNAudit | user=null | ip=null | op=WRITE_CHUNK {blockData=conID: 1 locID: 102664011629986287 bcsId: 0} | ret=SUCCESS |  
2019-08-23 02:48:17,791 | INFO  | DNAudit | user=null | ip=null | op=WRITE_CHUNK {blockData=conID: 1 locID: 102664011629986287 bcsId: 0} | ret=SUCCESS |  
2019-08-23 02:48:17,792 | INFO  | DNAudit | user=null | ip=null | op=WRITE_CHUNK {blockData=conID: 1 locID: 102664011629986287 bcsId: 0} | ret=SUCCESS |  
2019-08-23 02:48:17,798 | INFO  | DNAudit | user=null | ip=null | op=WRITE_CHUNK {blockData=conID: 1 locID: 102664011629986287 bcsId: 0} | ret=SUCCESS |  
2019-08-23 02:48:17,798 | INFO  | DNAudit | user=null | ip=null | op=PUT_BLOCK {blockData=[blockId=conID: 1 locID: 102664011629986287 bcsId: 0,size=1048576]} | ret=SUCCESS |  
2019-08-23 02:48:17,798 [grpc-default-executor-5] INFO  client.GrpcClientProtocolClient (GrpcClientProtocolClient.java:onNext(255)) - client-B268B4322F32->17750241-545b-4219-93a1-14a6ea3d85be: receive RaftClientReply:client-B268B4322F32->17750241-545b-4219-93a1-14a6ea3d85be@group-C33FBD9556F2, cid=1518, SUCCESS, logIndex=2180, commits[17750241-545b-4219-93a1-14a6ea3d85be:c2181, 4eaaa090-573e-41d3-9f8c-c99e236d806a:c2179, 5f4cf9ee-4bed-49de-adaa-861aec894328:c2179]
2019-08-23 02:48:17,799 | INFO  | DNAudit | user=null | ip=null | op=WRITE_CHUNK {blockData=conID: 1 locID: 102664011629986287 bcsId: 0} | ret=SUCCESS |  
2019-08-23 02:48:17,799 | INFO  | DNAudit | user=null | ip=null | op=PUT_BLOCK {blockData=[blockId=conID: 1 locID: 102664011629986287 bcsId: 0,size=2097152]} | ret=SUCCESS |  
2019-08-23 02:48:17,799 [grpc-default-executor-4] INFO  client.GrpcClientProtocolClient (GrpcClientProtocolClient.java:onNext(255)) - client-B268B4322F32->17750241-545b-4219-93a1-14a6ea3d85be: receive RaftClientReply:client-B268B4322F32->17750241-545b-4219-93a1-14a6ea3d85be@group-C33FBD9556F2, cid=1519, SUCCESS, logIndex=2181, commits[17750241-545b-4219-93a1-14a6ea3d85be:c2181, 4eaaa090-573e-41d3-9f8c-c99e236d806a:c2179, 5f4cf9ee-4bed-49de-adaa-861aec894328:c2179]
2019-08-23 02:48:17,800 [grpc-default-executor-4] INFO  client.GrpcClientProtocolClient (GrpcClientProtocolClient.java:onNext(255)) - client-B268B4322F32->17750241-545b-4219-93a1-14a6ea3d85be: receive RaftClientReply:client-B268B4322F32->17750241-545b-4219-93a1-14a6ea3d85be@group-C33FBD9556F2, cid=1520, SUCCESS, logIndex=2182, commits[17750241-545b-4219-93a1-14a6ea3d85be:c2182, 4eaaa090-573e-41d3-9f8c-c99e236d806a:c2179, 5f4cf9ee-4bed-49de-adaa-861aec894328:c2179]
2019-08-23 02:48:17,800 | INFO  | DNAudit | user=null | ip=null | op=WRITE_CHUNK {blockData=conID: 1 locID: 102664011629986287 bcsId: 0} | ret=SUCCESS |  
2019-08-23 02:48:17,800 [grpc-default-executor-4] INFO  client.GrpcClientProtocolClient (GrpcClientProtocolClient.java:onNext(255)) - client-B268B4322F32->17750241-545b-4219-93a1-14a6ea3d85be: receive RaftClientReply:client-B268B4322F32->17750241-545b-4219-93a1-14a6ea3d85be@group-C33FBD9556F2, cid=1521, SUCCESS, logIndex=2183, commits[17750241-545b-4219-93a1-14a6ea3d85be:c2183, 4eaaa090-573e-41d3-9f8c-c99e236d806a:c2179, 5f4cf9ee-4bed-49de-adaa-861aec894328:c2179]
2019-08-23 02:48:17,800 | INFO  | DNAudit | user=null | ip=null | op=PUT_BLOCK {blockData=[blockId=conID: 1 locID: 102664011629986287 bcsId: 0,size=1048576]} | ret=SUCCESS |  
2019-08-23 02:48:17,800 | INFO  | DNAudit | user=null | ip=null | op=WRITE_CHUNK {blockData=conID: 1 locID: 102664011629986287 bcsId: 0} | ret=SUCCESS |  
2019-08-23 02:48:17,801 | INFO  | DNAudit | user=null | ip=null | op=PUT_BLOCK {blockData=[blockId=conID: 1 locID: 102664011629986287 bcsId: 0,size=1048576]} | ret=SUCCESS |  
2019-08-23 02:48:17,801 [grpc-default-executor-4] INFO  client.GrpcClientProtocolClient (GrpcClientProtocolClient.java:onNext(255)) - client-B268B4322F32->17750241-545b-4219-93a1-14a6ea3d85be: receive RaftClientReply:client-B268B4322F32->17750241-545b-4219-93a1-14a6ea3d85be@group-C33FBD9556F2, cid=1522, SUCCESS, logIndex=0, commits[17750241-545b-4219-93a1-14a6ea3d85be:c2185, 4eaaa090-573e-41d3-9f8c-c99e236d806a:c2181, 5f4cf9ee-4bed-49de-adaa-861aec894328:c2181]
2019-08-23 02:48:17,801 | INFO  | DNAudit | user=null | ip=null | op=WRITE_CHUNK {blockData=conID: 1 locID: 102664011629986287 bcsId: 0} | ret=SUCCESS |  
2019-08-23 02:48:17,801 | INFO  | DNAudit | user=null | ip=null | op=PUT_BLOCK {blockData=[blockId=conID: 1 locID: 102664011629986287 bcsId: 0,size=2097152]} | ret=SUCCESS |  
2019-08-23 02:48:17,803 | INFO  | DNAudit | user=null | ip=null | op=WRITE_CHUNK {blockData=conID: 1 locID: 102664011629986287 bcsId: 0} | ret=SUCCESS |  
2019-08-23 02:48:17,803 | INFO  | DNAudit | user=null | ip=null | op=PUT_BLOCK {blockData=[blockId=conID: 1 locID: 102664011629986287 bcsId: 0,size=2097152]} | ret=SUCCESS |  
2019-08-23 02:48:17,807 | INFO  | DNAudit | user=null | ip=null | op=WRITE_CHUNK {blockData=conID: 1 locID: 102664011629986287 bcsId: 2183} | ret=SUCCESS |  
2019-08-23 02:48:17,809 | INFO  | DNAudit | user=null | ip=null | op=WRITE_CHUNK {blockData=conID: 1 locID: 102664011629986287 bcsId: 2183} | ret=SUCCESS |  
2019-08-23 02:48:17,809 | INFO  | DNAudit | user=null | ip=null | op=WRITE_CHUNK {blockData=conID: 1 locID: 102664011629986287 bcsId: 2183} | ret=SUCCESS |  
2019-08-23 02:48:17,820 | INFO  | DNAudit | user=null | ip=null | op=WRITE_CHUNK {blockData=conID: 1 locID: 102664011629986287 bcsId: 2183} | ret=SUCCESS |  
2019-08-23 02:48:17,820 | INFO  | DNAudit | user=null | ip=null | op=PUT_BLOCK {blockData=[blockId=conID: 1 locID: 102664011629986287 bcsId: 0,size=3145728]} | ret=SUCCESS |  
2019-08-23 02:48:17,820 [grpc-default-executor-4] INFO  client.GrpcClientProtocolClient (GrpcClientProtocolClient.java:onNext(255)) - client-B268B4322F32->17750241-545b-4219-93a1-14a6ea3d85be: receive RaftClientReply:client-B268B4322F32->17750241-545b-4219-93a1-14a6ea3d85be@group-C33FBD9556F2, cid=1523, SUCCESS, logIndex=2188, commits[17750241-545b-4219-93a1-14a6ea3d85be:c2189, 4eaaa090-573e-41d3-9f8c-c99e236d806a:c2187, 5f4cf9ee-4bed-49de-adaa-861aec894328:c2187]
2019-08-23 02:48:17,821 [grpc-default-executor-4] INFO  client.GrpcClientProtocolClient (GrpcClientProtocolClient.java:onNext(255)) - client-B268B4322F32->17750241-545b-4219-93a1-14a6ea3d85be: receive RaftClientReply:client-B268B4322F32->17750241-545b-4219-93a1-14a6ea3d85be@group-C33FBD9556F2, cid=1524, SUCCESS, logIndex=2189, commits[17750241-545b-4219-93a1-14a6ea3d85be:c2189, 4eaaa090-573e-41d3-9f8c-c99e236d806a:c2187, 5f4cf9ee-4bed-49de-adaa-861aec894328:c2187]
2019-08-23 02:48:17,827 | INFO  | DNAudit | user=null | ip=null | op=WRITE_CHUNK {blockData=conID: 1 locID: 102664011629986287 bcsId: 2189} | ret=SUCCESS |  
2019-08-23 02:48:17,829 | INFO  | DNAudit | user=null | ip=null | op=WRITE_CHUNK {blockData=conID: 1 locID: 102664011629986287 bcsId: 2189} | ret=SUCCESS |  
2019-08-23 02:48:17,829 | INFO  | DNAudit | user=null | ip=null | op=WRITE_CHUNK {blockData=conID: 1 locID: 102664011629986287 bcsId: 2189} | ret=SUCCESS |  
2019-08-23 02:48:17,833 | INFO  | DNAudit | user=null | ip=null | op=WRITE_CHUNK {blockData=conID: 1 locID: 102664011629986287 bcsId: 2183} | ret=SUCCESS |  
2019-08-23 02:48:17,833 | INFO  | DNAudit | user=null | ip=null | op=WRITE_CHUNK {blockData=conID: 1 locID: 102664011629986287 bcsId: 2183} | ret=SUCCESS |  
2019-08-23 02:48:17,833 | INFO  | DNAudit | user=null | ip=null | op=PUT_BLOCK {blockData=[blockId=conID: 1 locID: 102664011629986287 bcsId: 0,size=3145728]} | ret=SUCCESS |  
2019-08-23 02:48:17,833 | INFO  | DNAudit | user=null | ip=null | op=PUT_BLOCK {blockData=[blockId=conID: 1 locID: 102664011629986287 bcsId: 0,size=3145728]} | ret=SUCCESS |  
2019-08-23 02:48:17,846 | INFO  | DNAudit | user=null | ip=null | op=WRITE_CHUNK {blockData=conID: 1 locID: 102664011629986287 bcsId: 2189} | ret=SUCCESS |  
2019-08-23 02:48:17,847 | INFO  | DNAudit | user=null | ip=null | op=PUT_BLOCK {blockData=[blockId=conID: 1 locID: 102664011629986287 bcsId: 0,size=4194304]} | ret=SUCCESS |  
2019-08-23 02:48:17,847 [grpc-default-executor-4] INFO  client.GrpcClientProtocolClient (GrpcClientProtocolClient.java:onNext(255)) - client-B268B4322F32->17750241-545b-4219-93a1-14a6ea3d85be: receive RaftClientReply:client-B268B4322F32->17750241-545b-4219-93a1-14a6ea3d85be@group-C33FBD9556F2, cid=1525, SUCCESS, logIndex=2192, commits[17750241-545b-4219-93a1-14a6ea3d85be:c2192, 4eaaa090-573e-41d3-9f8c-c99e236d806a:c2189, 5f4cf9ee-4bed-49de-adaa-861aec894328:c2189]
2019-08-23 02:48:17,847 [grpc-default-executor-4] INFO  client.GrpcClientProtocolClient (GrpcClientProtocolClient.java:onNext(255)) - client-B268B4322F32->17750241-545b-4219-93a1-14a6ea3d85be: receive RaftClientReply:client-B268B4322F32->17750241-545b-4219-93a1-14a6ea3d85be@group-C33FBD9556F2, cid=1526, SUCCESS, logIndex=2193, commits[17750241-545b-4219-93a1-14a6ea3d85be:c2193, 4eaaa090-573e-41d3-9f8c-c99e236d806a:c2189, 5f4cf9ee-4bed-49de-adaa-861aec894328:c2189]
2019-08-23 02:48:17,857 | INFO  | DNAudit | user=null | ip=null | op=WRITE_CHUNK {blockData=conID: 1 locID: 102664011629986287 bcsId: 2189} | ret=SUCCESS |  
2019-08-23 02:48:17,858 | INFO  | DNAudit | user=null | ip=null | op=WRITE_CHUNK {blockData=conID: 1 locID: 102664011629986287 bcsId: 2189} | ret=SUCCESS |  
2019-08-23 02:48:17,860 | INFO  | DNAudit | user=null | ip=null | op=PUT_BLOCK {blockData=[blockId=conID: 1 locID: 102664011629986287 bcsId: 0,size=4194304]} | ret=SUCCESS |  
2019-08-23 02:48:17,860 | INFO  | DNAudit | user=null | ip=null | op=PUT_BLOCK {blockData=[blockId=conID: 1 locID: 102664011629986287 bcsId: 0,size=4194304]} | ret=SUCCESS |  
2019-08-23 02:48:17,861 [grpc-default-executor-4] INFO  client.GrpcClientProtocolClient (GrpcClientProtocolClient.java:onNext(255)) - client-B268B4322F32->17750241-545b-4219-93a1-14a6ea3d85be: receive RaftClientReply:client-B268B4322F32->17750241-545b-4219-93a1-14a6ea3d85be@group-C33FBD9556F2, cid=1527, SUCCESS, logIndex=0, commits[17750241-545b-4219-93a1-14a6ea3d85be:c2195, 4eaaa090-573e-41d3-9f8c-c99e236d806a:c2193, 5f4cf9ee-4bed-49de-adaa-861aec894328:c2193]
2019-08-23 02:48:17,863 | INFO  | SCMAudit | user=jenkins1000 | ip=192.168.34.22 | op=ALLOCATE_BLOCK {owner=31d65bc3-3f70-45f5-bbc5-e3a15f967ba6, size=4194304, type=RATIS, factor=THREE} | ret=SUCCESS |  
2019-08-23 02:48:17,866 | INFO  | OMAudit | user=jenkins1000 | ip=127.0.0.1 | op=ALLOCATE_BLOCK {volume=vol-0-78052, bucket=bucket-0-33874, key=key-0-20719, dataSize=2147483657, replicationType=RATIS, replicationFactor=THREE, keyLocationInfo=[], clientID=102664010308846034} | ret=SUCCESS |  
2019-08-23 02:48:17,877 | INFO  | DNAudit | user=null | ip=null | op=WRITE_CHUNK {blockData=conID: 2 locID: 102664011635950064 bcsId: 0} | ret=SUCCESS |  
2019-08-23 02:48:17,880 | INFO  | DNAudit | user=null | ip=null | op=WRITE_CHUNK {blockData=conID: 2 locID: 102664011635950064 bcsId: 0} | ret=SUCCESS |  
2019-08-23 02:48:17,880 | INFO  | DNAudit | user=null | ip=null | op=WRITE_CHUNK {blockData=conID: 2 locID: 102664011635950064 bcsId: 0} | ret=SUCCESS |  
2019-08-23 02:48:17,880 | INFO  | DNAudit | user=null | ip=null | op=WRITE_CHUNK {blockData=conID: 2 locID: 102664011635950064 bcsId: 0} | ret=SUCCESS |  
2019-08-23 02:48:17,881 | INFO  | DNAudit | user=null | ip=null | op=WRITE_CHUNK {blockData=conID: 2 locID: 102664011635950064 bcsId: 0} | ret=SUCCESS |  
2019-08-23 02:48:17,881 | INFO  | DNAudit | user=null | ip=null | op=WRITE_CHUNK {blockData=conID: 2 locID: 102664011635950064 bcsId: 0} | ret=SUCCESS |  
2019-08-23 02:48:17,886 | INFO  | SCMAudit | user=jenkins1000 | ip=192.168.34.22 | op=SEND_HEARTBEAT {datanodeUUID=0cedf437-a8af-4d70-bac5-ea9863093e86, command=[]} | ret=SUCCESS |  
2019-08-23 02:48:17,891 | INFO  | DNAudit | user=null | ip=null | op=WRITE_CHUNK {blockData=conID: 2 locID: 102664011635950064 bcsId: 0} | ret=SUCCESS |  
2019-08-23 02:48:17,891 | INFO  | DNAudit | user=null | ip=null | op=PUT_BLOCK {blockData=[blockId=conID: 2 locID: 102664011635950064 bcsId: 0,size=1048576]} | ret=SUCCESS |  
2019-08-23 02:48:17,892 [grpc-default-executor-4] INFO  client.GrpcClientProtocolClient (GrpcClientProtocolClient.java:onNext(255)) - client-B268B4322F32->17750241-545b-4219-93a1-14a6ea3d85be: receive RaftClientReply:client-B268B4322F32->17750241-545b-4219-93a1-14a6ea3d85be@group-C33FBD9556F2, cid=1528, SUCCESS, logIndex=2196, commits[17750241-545b-4219-93a1-14a6ea3d85be:c2197, 4eaaa090-573e-41d3-9f8c-c99e236d806a:c2195, 5f4cf9ee-4bed-49de-adaa-861aec894328:c2195]
2019-08-23 02:48:17,892 [grpc-default-executor-4] INFO  client.GrpcClientProtocolClient (GrpcClientProtocolClient.java:onNext(255)) - client-B268B4322F32->17750241-545b-4219-93a1-14a6ea3d85be: receive RaftClientReply:client-B268B4322F32->17750241-545b-4219-93a1-14a6ea3d85be@group-C33FBD9556F2, cid=1529, SUCCESS, logIndex=2197, commits[17750241-545b-4219-93a1-14a6ea3d85be:c2197, 4eaaa090-573e-41d3-9f8c-c99e236d806a:c2195, 5f4cf9ee-4bed-49de-adaa-861aec894328:c2195]
2019-08-23 02:48:17,901 | INFO  | DNAudit | user=null | ip=null | op=WRITE_CHUNK {blockData=conID: 2 locID: 102664011635950064 bcsId: 0} | ret=SUCCESS |  
2019-08-23 02:48:17,901 | INFO  | DNAudit | user=null | ip=null | op=PUT_BLOCK {blockData=[blockId=conID: 2 locID: 102664011635950064 bcsId: 0,size=2097152]} | ret=SUCCESS |  
2019-08-23 02:48:17,901 [grpc-default-executor-4] INFO  client.GrpcClientProtocolClient (GrpcClientProtocolClient.java:onNext(255)) - client-B268B4322F32->17750241-545b-4219-93a1-14a6ea3d85be: receive RaftClientReply:client-B268B4322F32->17750241-545b-4219-93a1-14a6ea3d85be@group-C33FBD9556F2, cid=1530, SUCCESS, logIndex=2198, commits[17750241-545b-4219-93a1-14a6ea3d85be:c2199, 4eaaa090-573e-41d3-9f8c-c99e236d806a:c2195, 5f4cf9ee-4bed-49de-adaa-861aec894328:c2195]
2019-08-23 02:48:17,902 [grpc-default-executor-4] INFO  client.GrpcClientProtocolClient (GrpcClientProtocolClient.java:onNext(255)) - client-B268B4322F32->17750241-545b-4219-93a1-14a6ea3d85be: receive RaftClientReply:client-B268B4322F32->17750241-545b-4219-93a1-14a6ea3d85be@group-C33FBD9556F2, cid=1531, SUCCESS, logIndex=2199, commits[17750241-545b-4219-93a1-14a6ea3d85be:c2199, 4eaaa090-573e-41d3-9f8c-c99e236d806a:c2195, 5f4cf9ee-4bed-49de-adaa-861aec894328:c2195]
2019-08-23 02:48:17,903 | INFO  | DNAudit | user=null | ip=null | op=WRITE_CHUNK {blockData=conID: 2 locID: 102664011635950064 bcsId: 0} | ret=SUCCESS |  
2019-08-23 02:48:17,903 | INFO  | DNAudit | user=null | ip=null | op=WRITE_CHUNK {blockData=conID: 2 locID: 102664011635950064 bcsId: 0} | ret=SUCCESS |  
2019-08-23 02:48:17,916 | INFO  | DNAudit | user=null | ip=null | op=PUT_BLOCK {blockData=[blockId=conID: 2 locID: 102664011635950064 bcsId: 0,size=1048576]} | ret=SUCCESS |  
2019-08-23 02:48:17,916 | INFO  | DNAudit | user=null | ip=null | op=PUT_BLOCK {blockData=[blockId=conID: 2 locID: 102664011635950064 bcsId: 0,size=1048576]} | ret=SUCCESS |  
2019-08-23 02:48:17,917 [grpc-default-executor-1] INFO  client.GrpcClientProtocolClient (GrpcClientProtocolClient.java:onNext(255)) - client-B268B4322F32->17750241-545b-4219-93a1-14a6ea3d85be: receive RaftClientReply:client-B268B4322F32->17750241-545b-4219-93a1-14a6ea3d85be@group-C33FBD9556F2, cid=1532, SUCCESS, logIndex=0, commits[17750241-545b-4219-93a1-14a6ea3d85be:c2202, 4eaaa090-573e-41d3-9f8c-c99e236d806a:c2197, 5f4cf9ee-4bed-49de-adaa-861aec894328:c2197]
2019-08-23 02:48:17,924 | INFO  | DNAudit | user=null | ip=null | op=WRITE_CHUNK {blockData=conID: 2 locID: 102664011635950064 bcsId: 2199} | ret=SUCCESS |  
2019-08-23 02:48:17,926 | INFO  | DNAudit | user=null | ip=null | op=WRITE_CHUNK {blockData=conID: 2 locID: 102664011635950064 bcsId: 2199} | ret=SUCCESS |  
2019-08-23 02:48:17,926 | INFO  | DNAudit | user=null | ip=null | op=WRITE_CHUNK {blockData=conID: 2 locID: 102664011635950064 bcsId: 2199} | ret=SUCCESS |  
2019-08-23 02:48:17,938 | INFO  | DNAudit | user=null | ip=null | op=WRITE_CHUNK {blockData=conID: 2 locID: 102664011635950064 bcsId: 0} | ret=SUCCESS |  
2019-08-23 02:48:17,938 | INFO  | DNAudit | user=null | ip=null | op=WRITE_CHUNK {blockData=conID: 2 locID: 102664011635950064 bcsId: 0} | ret=SUCCESS |  
2019-08-23 02:48:17,938 | INFO  | DNAudit | user=null | ip=null | op=WRITE_CHUNK {blockData=conID: 2 locID: 102664011635950064 bcsId: 2199} | ret=SUCCESS |  
2019-08-23 02:48:17,938 | INFO  | DNAudit | user=null | ip=null | op=PUT_BLOCK {blockData=[blockId=conID: 2 locID: 102664011635950064 bcsId: 0,size=2097152]} | ret=SUCCESS |  
2019-08-23 02:48:17,939 | INFO  | DNAudit | user=null | ip=null | op=PUT_BLOCK {blockData=[blockId=conID: 2 locID: 102664011635950064 bcsId: 0,size=2097152]} | ret=SUCCESS |  
2019-08-23 02:48:17,939 | INFO  | DNAudit | user=null | ip=null | op=PUT_BLOCK {blockData=[blockId=conID: 2 locID: 102664011635950064 bcsId: 0,size=3145728]} | ret=SUCCESS |  
2019-08-23 02:48:17,939 [grpc-default-executor-5] INFO  client.GrpcClientProtocolClient (GrpcClientProtocolClient.java:onNext(255)) - client-B268B4322F32->17750241-545b-4219-93a1-14a6ea3d85be: receive RaftClientReply:client-B268B4322F32->17750241-545b-4219-93a1-14a6ea3d85be@group-C33FBD9556F2, cid=1533, SUCCESS, logIndex=2204, commits[17750241-545b-4219-93a1-14a6ea3d85be:c2205, 4eaaa090-573e-41d3-9f8c-c99e236d806a:c2203, 5f4cf9ee-4bed-49de-adaa-861aec894328:c2203]
2019-08-23 02:48:17,939 [grpc-default-executor-5] INFO  client.GrpcClientProtocolClient (GrpcClientProtocolClient.java:onNext(255)) - client-B268B4322F32->17750241-545b-4219-93a1-14a6ea3d85be: receive RaftClientReply:client-B268B4322F32->17750241-545b-4219-93a1-14a6ea3d85be@group-C33FBD9556F2, cid=1534, SUCCESS, logIndex=2205, commits[17750241-545b-4219-93a1-14a6ea3d85be:c2205, 4eaaa090-573e-41d3-9f8c-c99e236d806a:c2203, 5f4cf9ee-4bed-49de-adaa-861aec894328:c2203]
2019-08-23 02:48:17,941 | INFO  | DNAudit | user=null | ip=null | op=WRITE_CHUNK {blockData=conID: 2 locID: 102664011635950064 bcsId: 2199} | ret=SUCCESS |  
2019-08-23 02:48:17,941 | INFO  | DNAudit | user=null | ip=null | op=WRITE_CHUNK {blockData=conID: 2 locID: 102664011635950064 bcsId: 2199} | ret=SUCCESS |  
2019-08-23 02:48:17,942 | INFO  | DNAudit | user=null | ip=null | op=PUT_BLOCK {blockData=[blockId=conID: 2 locID: 102664011635950064 bcsId: 0,size=3145728]} | ret=SUCCESS |  
2019-08-23 02:48:17,942 | INFO  | DNAudit | user=null | ip=null | op=PUT_BLOCK {blockData=[blockId=conID: 2 locID: 102664011635950064 bcsId: 0,size=3145728]} | ret=SUCCESS |  
2019-08-23 02:48:17,947 | INFO  | DNAudit | user=null | ip=null | op=WRITE_CHUNK {blockData=conID: 2 locID: 102664011635950064 bcsId: 2205} | ret=SUCCESS |  
2019-08-23 02:48:17,948 | INFO  | DNAudit | user=null | ip=null | op=WRITE_CHUNK {blockData=conID: 2 locID: 102664011635950064 bcsId: 2205} | ret=SUCCESS |  
2019-08-23 02:48:17,948 | INFO  | DNAudit | user=null | ip=null | op=WRITE_CHUNK {blockData=conID: 2 locID: 102664011635950064 bcsId: 2205} | ret=SUCCESS |  
2019-08-23 02:48:17,950 | INFO  | DNAudit | user=null | ip=null | op=WRITE_CHUNK {blockData=conID: 2 locID: 102664011635950064 bcsId: 2205} | ret=SUCCESS |  
2019-08-23 02:48:17,950 | INFO  | DNAudit | user=null | ip=null | op=PUT_BLOCK {blockData=[blockId=conID: 2 locID: 102664011635950064 bcsId: 0,size=4194304]} | ret=SUCCESS |  
2019-08-23 02:48:17,950 [grpc-default-executor-4] INFO  client.GrpcClientProtocolClient (GrpcClientProtocolClient.java:onNext(255)) - client-B268B4322F32->17750241-545b-4219-93a1-14a6ea3d85be: receive RaftClientReply:client-B268B4322F32->17750241-545b-4219-93a1-14a6ea3d85be@group-C33FBD9556F2, cid=1535, SUCCESS, logIndex=2208, commits[17750241-545b-4219-93a1-14a6ea3d85be:c2209, 4eaaa090-573e-41d3-9f8c-c99e236d806a:c2205, 5f4cf9ee-4bed-49de-adaa-861aec894328:c2207]
2019-08-23 02:48:17,950 [grpc-default-executor-4] INFO  client.GrpcClientProtocolClient (GrpcClientProtocolClient.java:onNext(255)) - client-B268B4322F32->17750241-545b-4219-93a1-14a6ea3d85be: receive RaftClientReply:client-B268B4322F32->17750241-545b-4219-93a1-14a6ea3d85be@group-C33FBD9556F2, cid=1536, SUCCESS, logIndex=2209, commits[17750241-545b-4219-93a1-14a6ea3d85be:c2209, 4eaaa090-573e-41d3-9f8c-c99e236d806a:c2205, 5f4cf9ee-4bed-49de-adaa-861aec894328:c2207]
2019-08-23 02:48:17,953 | INFO  | DNAudit | user=null | ip=null | op=WRITE_CHUNK {blockData=conID: 2 locID: 102664011635950064 bcsId: 2205} | ret=SUCCESS |  
2019-08-23 02:48:17,954 | INFO  | DNAudit | user=null | ip=null | op=PUT_BLOCK {blockData=[blockId=conID: 2 locID: 102664011635950064 bcsId: 0,size=4194304]} | ret=SUCCESS |  
2019-08-23 02:48:17,954 | INFO  | DNAudit | user=null | ip=null | op=WRITE_CHUNK {blockData=conID: 2 locID: 102664011635950064 bcsId: 2205} | ret=SUCCESS |  
2019-08-23 02:48:17,955 | INFO  | DNAudit | user=null | ip=null | op=PUT_BLOCK {blockData=[blockId=conID: 2 locID: 102664011635950064 bcsId: 0,size=4194304]} | ret=SUCCESS |  
2019-08-23 02:48:17,955 [grpc-default-executor-4] INFO  client.GrpcClientProtocolClient (GrpcClientProtocolClient.java:onNext(255)) - client-B268B4322F32->17750241-545b-4219-93a1-14a6ea3d85be: receive RaftClientReply:client-B268B4322F32->17750241-545b-4219-93a1-14a6ea3d85be@group-C33FBD9556F2, cid=1537, SUCCESS, logIndex=0, commits[17750241-545b-4219-93a1-14a6ea3d85be:c2210, 4eaaa090-573e-41d3-9f8c-c99e236d806a:c2209, 5f4cf9ee-4bed-49de-adaa-861aec894328:c2209]
2019-08-23 02:48:17,957 | INFO  | SCMAudit | user=jenkins1000 | ip=192.168.34.22 | op=ALLOCATE_BLOCK {owner=31d65bc3-3f70-45f5-bbc5-e3a15f967ba6, size=4194304, type=RATIS, factor=THREE} | ret=SUCCESS |  
2019-08-23 02:48:17,960 | INFO  | OMAudit | user=jenkins1000 | ip=127.0.0.1 | op=ALLOCATE_BLOCK {volume=vol-0-78052, bucket=bucket-0-33874, key=key-0-20719, dataSize=2147483657, replicationType=RATIS, replicationFactor=THREE, keyLocationInfo=[], clientID=102664010308846034} | ret=SUCCESS |  
2019-08-23 02:48:17,970 | INFO  | DNAudit | user=null | ip=null | op=WRITE_CHUNK {blockData=conID: 3 locID: 102664011642044913 bcsId: 0} | ret=SUCCESS |  
2019-08-23 02:48:17,971 | INFO  | DNAudit | user=null | ip=null | op=WRITE_CHUNK {blockData=conID: 3 locID: 102664011642044913 bcsId: 0} | ret=SUCCESS |  
2019-08-23 02:48:17,972 | INFO  | DNAudit | user=null | ip=null | op=WRITE_CHUNK {blockData=conID: 3 locID: 102664011642044913 bcsId: 0} | ret=SUCCESS |  
2019-08-23 02:48:17,972 | INFO  | DNAudit | user=null | ip=null | op=WRITE_CHUNK {blockData=conID: 3 locID: 102664011642044913 bcsId: 0} | ret=SUCCESS |  
2019-08-23 02:48:17,973 | INFO  | DNAudit | user=null | ip=null | op=WRITE_CHUNK {blockData=conID: 3 locID: 102664011642044913 bcsId: 0} | ret=SUCCESS |  
2019-08-23 02:48:17,973 | INFO  | DNAudit | user=null | ip=null | op=WRITE_CHUNK {blockData=conID: 3 locID: 102664011642044913 bcsId: 0} | ret=SUCCESS |  
2019-08-23 02:48:17,989 | INFO  | DNAudit | user=null | ip=null | op=WRITE_CHUNK {blockData=conID: 3 locID: 102664011642044913 bcsId: 0} | ret=SUCCESS |  
2019-08-23 02:48:17,989 | INFO  | DNAudit | user=null | ip=null | op=PUT_BLOCK {blockData=[blockId=conID: 3 locID: 102664011642044913 bcsId: 0,size=1048576]} | ret=SUCCESS |  
2019-08-23 02:48:17,989 [grpc-default-executor-4] INFO  client.GrpcClientProtocolClient (GrpcClientProtocolClient.java:onNext(255)) - client-B268B4322F32->17750241-545b-4219-93a1-14a6ea3d85be: receive RaftClientReply:client-B268B4322F32->17750241-545b-4219-93a1-14a6ea3d85be@group-C33FBD9556F2, cid=1538, SUCCESS, logIndex=2212, commits[17750241-545b-4219-93a1-14a6ea3d85be:c2215, 4eaaa090-573e-41d3-9f8c-c99e236d806a:c2211, 5f4cf9ee-4bed-49de-adaa-861aec894328:c2211]
2019-08-23 02:48:17,990 | INFO  | DNAudit | user=null | ip=null | op=WRITE_CHUNK {blockData=conID: 3 locID: 102664011642044913 bcsId: 0} | ret=SUCCESS |  
2019-08-23 02:48:17,990 [grpc-default-executor-4] INFO  client.GrpcClientProtocolClient (GrpcClientProtocolClient.java:onNext(255)) - client-B268B4322F32->17750241-545b-4219-93a1-14a6ea3d85be: receive RaftClientReply:client-B268B4322F32->17750241-545b-4219-93a1-14a6ea3d85be@group-C33FBD9556F2, cid=1539, SUCCESS, logIndex=2213, commits[17750241-545b-4219-93a1-14a6ea3d85be:c2215, 4eaaa090-573e-41d3-9f8c-c99e236d806a:c2211, 5f4cf9ee-4bed-49de-adaa-861aec894328:c2211]
2019-08-23 02:48:17,990 | INFO  | DNAudit | user=null | ip=null | op=PUT_BLOCK {blockData=[blockId=conID: 3 locID: 102664011642044913 bcsId: 0,size=2097152]} | ret=SUCCESS |  
2019-08-23 02:48:17,990 [grpc-default-executor-4] INFO  client.GrpcClientProtocolClient (GrpcClientProtocolClient.java:onNext(255)) - client-B268B4322F32->17750241-545b-4219-93a1-14a6ea3d85be: receive RaftClientReply:client-B268B4322F32->17750241-545b-4219-93a1-14a6ea3d85be@group-C33FBD9556F2, cid=1540, SUCCESS, logIndex=2214, commits[17750241-545b-4219-93a1-14a6ea3d85be:c2215, 4eaaa090-573e-41d3-9f8c-c99e236d806a:c2211, 5f4cf9ee-4bed-49de-adaa-861aec894328:c2211]
2019-08-23 02:48:17,991 [grpc-default-executor-4] INFO  client.GrpcClientProtocolClient (GrpcClientProtocolClient.java:onNext(255)) - client-B268B4322F32->17750241-545b-4219-93a1-14a6ea3d85be: receive RaftClientReply:client-B268B4322F32->17750241-545b-4219-93a1-14a6ea3d85be@group-C33FBD9556F2, cid=1541, SUCCESS, logIndex=2215, commits[17750241-545b-4219-93a1-14a6ea3d85be:c2215, 4eaaa090-573e-41d3-9f8c-c99e236d806a:c2211, 5f4cf9ee-4bed-49de-adaa-861aec894328:c2211]
2019-08-23 02:48:18,000 | INFO  | DNAudit | user=null | ip=null | op=WRITE_CHUNK {blockData=conID: 3 locID: 102664011642044913 bcsId: 0} | ret=SUCCESS |  
2019-08-23 02:48:18,000 | INFO  | DNAudit | user=null | ip=null | op=WRITE_CHUNK {blockData=conID: 3 locID: 102664011642044913 bcsId: 0} | ret=SUCCESS |  
2019-08-23 02:48:18,001 | INFO  | DNAudit | user=null | ip=null | op=PUT_BLOCK {blockData=[blockId=conID: 3 locID: 102664011642044913 bcsId: 0,size=1048576]} | ret=SUCCESS |  
2019-08-23 02:48:18,001 | INFO  | DNAudit | user=null | ip=null | op=PUT_BLOCK {blockData=[blockId=conID: 3 locID: 102664011642044913 bcsId: 0,size=1048576]} | ret=SUCCESS |  
2019-08-23 02:48:18,001 [grpc-default-executor-1] INFO  client.GrpcClientProtocolClient (GrpcClientProtocolClient.java:onNext(255)) - client-B268B4322F32->17750241-545b-4219-93a1-14a6ea3d85be: receive RaftClientReply:client-B268B4322F32->17750241-545b-4219-93a1-14a6ea3d85be@group-C33FBD9556F2, cid=1542, SUCCESS, logIndex=0, commits[17750241-545b-4219-93a1-14a6ea3d85be:c2216, 4eaaa090-573e-41d3-9f8c-c99e236d806a:c2214, 5f4cf9ee-4bed-49de-adaa-861aec894328:c2214]
2019-08-23 02:48:18,001 | INFO  | DNAudit | user=null | ip=null | op=WRITE_CHUNK {blockData=conID: 3 locID: 102664011642044913 bcsId: 0} | ret=SUCCESS |  
2019-08-23 02:48:18,001 | INFO  | DNAudit | user=null | ip=null | op=WRITE_CHUNK {blockData=conID: 3 locID: 102664011642044913 bcsId: 0} | ret=SUCCESS |  
2019-08-23 02:48:18,001 | INFO  | DNAudit | user=null | ip=null | op=PUT_BLOCK {blockData=[blockId=conID: 3 locID: 102664011642044913 bcsId: 0,size=2097152]} | ret=SUCCESS |  
2019-08-23 02:48:18,001 | INFO  | DNAudit | user=null | ip=null | op=PUT_BLOCK {blockData=[blockId=conID: 3 locID: 102664011642044913 bcsId: 0,size=2097152]} | ret=SUCCESS |  
2019-08-23 02:48:18,006 | INFO  | DNAudit | user=null | ip=null | op=WRITE_CHUNK {blockData=conID: 3 locID: 102664011642044913 bcsId: 2215} | ret=SUCCESS |  
2019-08-23 02:48:18,008 | INFO  | DNAudit | user=null | ip=null | op=WRITE_CHUNK {blockData=conID: 3 locID: 102664011642044913 bcsId: 2215} | ret=SUCCESS |  
2019-08-23 02:48:18,009 | INFO  | DNAudit | user=null | ip=null | op=WRITE_CHUNK {blockData=conID: 3 locID: 102664011642044913 bcsId: 2215} | ret=SUCCESS |  
2019-08-23 02:48:18,019 | INFO  | DNAudit | user=null | ip=null | op=WRITE_CHUNK {blockData=conID: 3 locID: 102664011642044913 bcsId: 2215} | ret=SUCCESS |  
2019-08-23 02:48:18,019 | INFO  | DNAudit | user=null | ip=null | op=PUT_BLOCK {blockData=[blockId=conID: 3 locID: 102664011642044913 bcsId: 0,size=3145728]} | ret=SUCCESS |  
2019-08-23 02:48:18,019 [grpc-default-executor-1] INFO  client.GrpcClientProtocolClient (GrpcClientProtocolClient.java:onNext(255)) - client-B268B4322F32->17750241-545b-4219-93a1-14a6ea3d85be: receive RaftClientReply:client-B268B4322F32->17750241-545b-4219-93a1-14a6ea3d85be@group-C33FBD9556F2, cid=1543, SUCCESS, logIndex=2219, commits[17750241-545b-4219-93a1-14a6ea3d85be:c2220, 4eaaa090-573e-41d3-9f8c-c99e236d806a:c2218, 5f4cf9ee-4bed-49de-adaa-861aec894328:c2218]
2019-08-23 02:48:18,020 [grpc-default-executor-1] INFO  client.GrpcClientProtocolClient (GrpcClientProtocolClient.java:onNext(255)) - client-B268B4322F32->17750241-545b-4219-93a1-14a6ea3d85be: receive RaftClientReply:client-B268B4322F32->17750241-545b-4219-93a1-14a6ea3d85be@group-C33FBD9556F2, cid=1544, SUCCESS, logIndex=2220, commits[17750241-545b-4219-93a1-14a6ea3d85be:c2220, 4eaaa090-573e-41d3-9f8c-c99e236d806a:c2218, 5f4cf9ee-4bed-49de-adaa-861aec894328:c2218]
2019-08-23 02:48:18,026 | INFO  | DNAudit | user=null | ip=null | op=WRITE_CHUNK {blockData=conID: 3 locID: 102664011642044913 bcsId: 2220} | ret=SUCCESS |  
2019-08-23 02:48:18,028 | INFO  | DNAudit | user=null | ip=null | op=WRITE_CHUNK {blockData=conID: 3 locID: 102664011642044913 bcsId: 2220} | ret=SUCCESS |  
2019-08-23 02:48:18,029 | INFO  | DNAudit | user=null | ip=null | op=WRITE_CHUNK {blockData=conID: 3 locID: 102664011642044913 bcsId: 2220} | ret=SUCCESS |  
2019-08-23 02:48:18,030 | INFO  | DNAudit | user=null | ip=null | op=WRITE_CHUNK {blockData=conID: 3 locID: 102664011642044913 bcsId: 2215} | ret=SUCCESS |  
2019-08-23 02:48:18,030 | INFO  | DNAudit | user=null | ip=null | op=WRITE_CHUNK {blockData=conID: 3 locID: 102664011642044913 bcsId: 2215} | ret=SUCCESS |  
2019-08-23 02:48:18,033 | INFO  | DNAudit | user=null | ip=null | op=PUT_BLOCK {blockData=[blockId=conID: 3 locID: 102664011642044913 bcsId: 0,size=3145728]} | ret=SUCCESS |  
2019-08-23 02:48:18,034 | INFO  | DNAudit | user=null | ip=null | op=PUT_BLOCK {blockData=[blockId=conID: 3 locID: 102664011642044913 bcsId: 0,size=3145728]} | ret=SUCCESS |  
2019-08-23 02:48:18,037 | INFO  | DNAudit | user=null | ip=null | op=WRITE_CHUNK {blockData=conID: 3 locID: 102664011642044913 bcsId: 2220} | ret=SUCCESS |  
2019-08-23 02:48:18,037 | INFO  | DNAudit | user=null | ip=null | op=PUT_BLOCK {blockData=[blockId=conID: 3 locID: 102664011642044913 bcsId: 0,size=4194304]} | ret=SUCCESS |  
2019-08-23 02:48:18,037 [grpc-default-executor-4] INFO  client.GrpcClientProtocolClient (GrpcClientProtocolClient.java:onNext(255)) - client-B268B4322F32->17750241-545b-4219-93a1-14a6ea3d85be: receive RaftClientReply:client-B268B4322F32->17750241-545b-4219-93a1-14a6ea3d85be@group-C33FBD9556F2, cid=1545, SUCCESS, logIndex=2223, commits[17750241-545b-4219-93a1-14a6ea3d85be:c2224, 4eaaa090-573e-41d3-9f8c-c99e236d806a:c2220, 5f4cf9ee-4bed-49de-adaa-861aec894328:c2220]
2019-08-23 02:48:18,038 [grpc-default-executor-4] INFO  client.GrpcClientProtocolClient (GrpcClientProtocolClient.java:onNext(255)) - client-B268B4322F32->17750241-545b-4219-93a1-14a6ea3d85be: receive RaftClientReply:client-B268B4322F32->17750241-545b-4219-93a1-14a6ea3d85be@group-C33FBD9556F2, cid=1546, SUCCESS, logIndex=2224, commits[17750241-545b-4219-93a1-14a6ea3d85be:c2224, 4eaaa090-573e-41d3-9f8c-c99e236d806a:c2220, 5f4cf9ee-4bed-49de-adaa-861aec894328:c2220]
2019-08-23 02:48:18,045 | INFO  | DNAudit | user=null | ip=null | op=WRITE_CHUNK {blockData=conID: 3 locID: 102664011642044913 bcsId: 2220} | ret=SUCCESS |  
2019-08-23 02:48:18,045 | INFO  | DNAudit | user=null | ip=null | op=WRITE_CHUNK {blockData=conID: 3 locID: 102664011642044913 bcsId: 2220} | ret=SUCCESS |  
2019-08-23 02:48:18,048 | INFO  | DNAudit | user=null | ip=null | op=PUT_BLOCK {blockData=[blockId=conID: 3 locID: 102664011642044913 bcsId: 0,size=4194304]} | ret=SUCCESS |  
2019-08-23 02:48:18,048 | INFO  | DNAudit | user=null | ip=null | op=PUT_BLOCK {blockData=[blockId=conID: 3 locID: 102664011642044913 bcsId: 0,size=4194304]} | ret=SUCCESS |  
2019-08-23 02:48:18,048 [grpc-default-executor-4] INFO  client.GrpcClientProtocolClient (GrpcClientProtocolClient.java:onNext(255)) - client-B268B4322F32->17750241-545b-4219-93a1-14a6ea3d85be: receive RaftClientReply:client-B268B4322F32->17750241-545b-4219-93a1-14a6ea3d85be@group-C33FBD9556F2, cid=1547, SUCCESS, logIndex=0, commits[17750241-545b-4219-93a1-14a6ea3d85be:c2226, 4eaaa090-573e-41d3-9f8c-c99e236d806a:c2224, 5f4cf9ee-4bed-49de-adaa-861aec894328:c2224]
2019-08-23 02:48:18,050 | INFO  | SCMAudit | user=jenkins1000 | ip=192.168.34.22 | op=ALLOCATE_BLOCK {owner=31d65bc3-3f70-45f5-bbc5-e3a15f967ba6, size=4194304, type=RATIS, factor=THREE} | ret=SUCCESS |  
2019-08-23 02:48:18,052 | INFO  | OMAudit | user=jenkins1000 | ip=127.0.0.1 | op=ALLOCATE_BLOCK {volume=vol-0-78052, bucket=bucket-0-33874, key=key-0-20719, dataSize=2147483657, replicationType=RATIS, replicationFactor=THREE, keyLocationInfo=[], clientID=102664010308846034} | ret=SUCCESS |  
2019-08-23 02:48:18,160 | INFO  | DNAudit | user=null | ip=null | op=WRITE_CHUNK {blockData=conID: 1 locID: 102664011648205298 bcsId: 0} | ret=SUCCESS |  
2019-08-23 02:48:18,163 | INFO  | DNAudit | user=null | ip=null | op=WRITE_CHUNK {blockData=conID: 1 locID: 102664011648205298 bcsId: 0} | ret=SUCCESS |  
2019-08-23 02:48:18,163 | INFO  | DNAudit | user=null | ip=null | op=WRITE_CHUNK {blockData=conID: 1 locID: 102664011648205298 bcsId: 0} | ret=SUCCESS |  
2019-08-23 02:48:18,163 | INFO  | DNAudit | user=null | ip=null | op=WRITE_CHUNK {blockData=conID: 1 locID: 102664011648205298 bcsId: 0} | ret=SUCCESS |  
2019-08-23 02:48:18,165 | INFO  | DNAudit | user=null | ip=null | op=WRITE_CHUNK {blockData=conID: 1 locID: 102664011648205298 bcsId: 0} | ret=SUCCESS |  
2019-08-23 02:48:18,165 | INFO  | DNAudit | user=null | ip=null | op=WRITE_CHUNK {blockData=conID: 1 locID: 102664011648205298 bcsId: 0} | ret=SUCCESS |  
2019-08-23 02:48:18,173 | INFO  | DNAudit | user=null | ip=null | op=WRITE_CHUNK {blockData=conID: 1 locID: 102664011648205298 bcsId: 0} | ret=SUCCESS |  
2019-08-23 02:48:18,174 | INFO  | DNAudit | user=null | ip=null | op=PUT_BLOCK {blockData=[blockId=conID: 1 locID: 102664011648205298 bcsId: 0,size=1048576]} | ret=SUCCESS |  
2019-08-23 02:48:18,174 | INFO  | DNAudit | user=null | ip=null | op=WRITE_CHUNK {blockData=conID: 1 locID: 102664011648205298 bcsId: 0} | ret=SUCCESS |  
2019-08-23 02:48:18,174 [grpc-default-executor-4] INFO  client.GrpcClientProtocolClient (GrpcClientProtocolClient.java:onNext(255)) - client-B268B4322F32->17750241-545b-4219-93a1-14a6ea3d85be: receive RaftClientReply:client-B268B4322F32->17750241-545b-4219-93a1-14a6ea3d85be@group-C33FBD9556F2, cid=1548, SUCCESS, logIndex=2227, commits[17750241-545b-4219-93a1-14a6ea3d85be:c2228, 4eaaa090-573e-41d3-9f8c-c99e236d806a:c2226, 5f4cf9ee-4bed-49de-adaa-861aec894328:c2226]
2019-08-23 02:48:18,174 | INFO  | DNAudit | user=null | ip=null | op=PUT_BLOCK {blockData=[blockId=conID: 1 locID: 102664011648205298 bcsId: 0,size=2097152]} | ret=SUCCESS |  
2019-08-23 02:48:18,175 [grpc-default-executor-4] INFO  client.GrpcClientProtocolClient (GrpcClientProtocolClient.java:onNext(255)) - client-B268B4322F32->17750241-545b-4219-93a1-14a6ea3d85be: receive RaftClientReply:client-B268B4322F32->17750241-545b-4219-93a1-14a6ea3d85be@group-C33FBD9556F2, cid=1549, SUCCESS, logIndex=2228, commits[17750241-545b-4219-93a1-14a6ea3d85be:c2230, 4eaaa090-573e-41d3-9f8c-c99e236d806a:c2226, 5f4cf9ee-4bed-49de-adaa-861aec894328:c2226]
2019-08-23 02:48:18,175 [grpc-default-executor-4] INFO  client.GrpcClientProtocolClient (GrpcClientProtocolClient.java:onNext(255)) - client-B268B4322F32->17750241-545b-4219-93a1-14a6ea3d85be: receive RaftClientReply:client-B268B4322F32->17750241-545b-4219-93a1-14a6ea3d85be@group-C33FBD9556F2, cid=1550, SUCCESS, logIndex=2229, commits[17750241-545b-4219-93a1-14a6ea3d85be:c2230, 4eaaa090-573e-41d3-9f8c-c99e236d806a:c2226, 5f4cf9ee-4bed-49de-adaa-861aec894328:c2226]
2019-08-23 02:48:18,175 [grpc-default-executor-4] INFO  client.GrpcClientProtocolClient (GrpcClientProtocolClient.java:onNext(255)) - client-B268B4322F32->17750241-545b-4219-93a1-14a6ea3d85be: receive RaftClientReply:client-B268B4322F32->17750241-545b-4219-93a1-14a6ea3d85be@group-C33FBD9556F2, cid=1551, SUCCESS, logIndex=2230, commits[17750241-545b-4219-93a1-14a6ea3d85be:c2230, 4eaaa090-573e-41d3-9f8c-c99e236d806a:c2226, 5f4cf9ee-4bed-49de-adaa-861aec894328:c2226]
2019-08-23 02:48:18,186 | INFO  | DNAudit | user=null | ip=null | op=WRITE_CHUNK {blockData=conID: 1 locID: 102664011648205298 bcsId: 0} | ret=SUCCESS |  
2019-08-23 02:48:18,187 | INFO  | DNAudit | user=null | ip=null | op=PUT_BLOCK {blockData=[blockId=conID: 1 locID: 102664011648205298 bcsId: 0,size=1048576]} | ret=SUCCESS |  
2019-08-23 02:48:18,187 | INFO  | DNAudit | user=null | ip=null | op=WRITE_CHUNK {blockData=conID: 1 locID: 102664011648205298 bcsId: 0} | ret=SUCCESS |  
2019-08-23 02:48:18,187 | INFO  | DNAudit | user=null | ip=null | op=PUT_BLOCK {blockData=[blockId=conID: 1 locID: 102664011648205298 bcsId: 0,size=1048576]} | ret=SUCCESS |  
2019-08-23 02:48:18,187 | INFO  | DNAudit | user=null | ip=null | op=WRITE_CHUNK {blockData=conID: 1 locID: 102664011648205298 bcsId: 0} | ret=SUCCESS |  
2019-08-23 02:48:18,187 | INFO  | DNAudit | user=null | ip=null | op=WRITE_CHUNK {blockData=conID: 1 locID: 102664011648205298 bcsId: 0} | ret=SUCCESS |  
2019-08-23 02:48:18,188 | INFO  | DNAudit | user=null | ip=null | op=PUT_BLOCK {blockData=[blockId=conID: 1 locID: 102664011648205298 bcsId: 0,size=2097152]} | ret=SUCCESS |  
2019-08-23 02:48:18,188 | INFO  | DNAudit | user=null | ip=null | op=PUT_BLOCK {blockData=[blockId=conID: 1 locID: 102664011648205298 bcsId: 0,size=2097152]} | ret=SUCCESS |  
2019-08-23 02:48:18,188 [grpc-default-executor-1] INFO  client.GrpcClientProtocolClient (GrpcClientProtocolClient.java:onNext(255)) - client-B268B4322F32->17750241-545b-4219-93a1-14a6ea3d85be: receive RaftClientReply:client-B268B4322F32->17750241-545b-4219-93a1-14a6ea3d85be@group-C33FBD9556F2, cid=1552, SUCCESS, logIndex=0, commits[17750241-545b-4219-93a1-14a6ea3d85be:c2232, 4eaaa090-573e-41d3-9f8c-c99e236d806a:c2228, 5f4cf9ee-4bed-49de-adaa-861aec894328:c2228]
2019-08-23 02:48:18,195 | INFO  | DNAudit | user=null | ip=null | op=WRITE_CHUNK {blockData=conID: 1 locID: 102664011648205298 bcsId: 2230} | ret=SUCCESS |  
2019-08-23 02:48:18,197 | INFO  | DNAudit | user=null | ip=null | op=WRITE_CHUNK {blockData=conID: 1 locID: 102664011648205298 bcsId: 2230} | ret=SUCCESS |  
2019-08-23 02:48:18,197 | INFO  | DNAudit | user=null | ip=null | op=WRITE_CHUNK {blockData=conID: 1 locID: 102664011648205298 bcsId: 2230} | ret=SUCCESS |  
2019-08-23 02:48:18,207 | INFO  | DNAudit | user=null | ip=null | op=WRITE_CHUNK {blockData=conID: 1 locID: 102664011648205298 bcsId: 2230} | ret=SUCCESS |  
2019-08-23 02:48:18,207 | INFO  | DNAudit | user=null | ip=null | op=PUT_BLOCK {blockData=[blockId=conID: 1 locID: 102664011648205298 bcsId: 0,size=3145728]} | ret=SUCCESS |  
2019-08-23 02:48:18,207 [grpc-default-executor-4] INFO  client.GrpcClientProtocolClient (GrpcClientProtocolClient.java:onNext(255)) - client-B268B4322F32->17750241-545b-4219-93a1-14a6ea3d85be: receive RaftClientReply:client-B268B4322F32->17750241-545b-4219-93a1-14a6ea3d85be@group-C33FBD9556F2, cid=1553, SUCCESS, logIndex=2235, commits[17750241-545b-4219-93a1-14a6ea3d85be:c2236, 4eaaa090-573e-41d3-9f8c-c99e236d806a:c2234, 5f4cf9ee-4bed-49de-adaa-861aec894328:c2234]
2019-08-23 02:48:18,208 [grpc-default-executor-4] INFO  client.GrpcClientProtocolClient (GrpcClientProtocolClient.java:onNext(255)) - client-B268B4322F32->17750241-545b-4219-93a1-14a6ea3d85be: receive RaftClientReply:client-B268B4322F32->17750241-545b-4219-93a1-14a6ea3d85be@group-C33FBD9556F2, cid=1554, SUCCESS, logIndex=2236, commits[17750241-545b-4219-93a1-14a6ea3d85be:c2236, 4eaaa090-573e-41d3-9f8c-c99e236d806a:c2234, 5f4cf9ee-4bed-49de-adaa-861aec894328:c2234]
2019-08-23 02:48:18,214 | INFO  | DNAudit | user=null | ip=null | op=WRITE_CHUNK {blockData=conID: 1 locID: 102664011648205298 bcsId: 2236} | ret=SUCCESS |  
2019-08-23 02:48:18,217 | INFO  | DNAudit | user=null | ip=null | op=WRITE_CHUNK {blockData=conID: 1 locID: 102664011648205298 bcsId: 2236} | ret=SUCCESS |  
2019-08-23 02:48:18,217 | INFO  | DNAudit | user=null | ip=null | op=WRITE_CHUNK {blockData=conID: 1 locID: 102664011648205298 bcsId: 2236} | ret=SUCCESS |  
2019-08-23 02:48:18,227 | INFO  | DNAudit | user=null | ip=null | op=WRITE_CHUNK {blockData=conID: 1 locID: 102664011648205298 bcsId: 2230} | ret=SUCCESS |  
2019-08-23 02:48:18,228 | INFO  | DNAudit | user=null | ip=null | op=PUT_BLOCK {blockData=[blockId=conID: 1 locID: 102664011648205298 bcsId: 0,size=3145728]} | ret=SUCCESS |  
2019-08-23 02:48:18,228 | INFO  | DNAudit | user=null | ip=null | op=WRITE_CHUNK {blockData=conID: 1 locID: 102664011648205298 bcsId: 2230} | ret=SUCCESS |  
2019-08-23 02:48:18,228 | INFO  | DNAudit | user=null | ip=null | op=PUT_BLOCK {blockData=[blockId=conID: 1 locID: 102664011648205298 bcsId: 0,size=3145728]} | ret=SUCCESS |  
2019-08-23 02:48:18,229 | INFO  | DNAudit | user=null | ip=null | op=WRITE_CHUNK {blockData=conID: 1 locID: 102664011648205298 bcsId: 2236} | ret=SUCCESS |  
2019-08-23 02:48:18,229 | INFO  | DNAudit | user=null | ip=null | op=PUT_BLOCK {blockData=[blockId=conID: 1 locID: 102664011648205298 bcsId: 0,size=4194304]} | ret=SUCCESS |  
2019-08-23 02:48:18,230 [grpc-default-executor-1] INFO  client.GrpcClientProtocolClient (GrpcClientProtocolClient.java:onNext(255)) - client-B268B4322F32->17750241-545b-4219-93a1-14a6ea3d85be: receive RaftClientReply:client-B268B4322F32->17750241-545b-4219-93a1-14a6ea3d85be@group-C33FBD9556F2, cid=1555, SUCCESS, logIndex=2239, commits[17750241-545b-4219-93a1-14a6ea3d85be:c2240, 4eaaa090-573e-41d3-9f8c-c99e236d806a:c2236, 5f4cf9ee-4bed-49de-adaa-861aec894328:c2236]
2019-08-23 02:48:18,230 [grpc-default-executor-1] INFO  client.GrpcClientProtocolClient (GrpcClientProtocolClient.java:onNext(255)) - client-B268B4322F32->17750241-545b-4219-93a1-14a6ea3d85be: receive RaftClientReply:client-B268B4322F32->17750241-545b-4219-93a1-14a6ea3d85be@group-C33FBD9556F2, cid=1556, SUCCESS, logIndex=2240, commits[17750241-545b-4219-93a1-14a6ea3d85be:c2240, 4eaaa090-573e-41d3-9f8c-c99e236d806a:c2236, 5f4cf9ee-4bed-49de-adaa-861aec894328:c2236]
2019-08-23 02:48:18,231 | INFO  | DNAudit | user=null | ip=null | op=WRITE_CHUNK {blockData=conID: 1 locID: 102664011648205298 bcsId: 2236} | ret=SUCCESS |  
2019-08-23 02:48:18,231 | INFO  | DNAudit | user=null | ip=null | op=WRITE_CHUNK {blockData=conID: 1 locID: 102664011648205298 bcsId: 2236} | ret=SUCCESS |  
2019-08-23 02:48:18,231 | INFO  | DNAudit | user=null | ip=null | op=PUT_BLOCK {blockData=[blockId=conID: 1 locID: 102664011648205298 bcsId: 0,size=4194304]} | ret=SUCCESS |  
2019-08-23 02:48:18,231 | INFO  | DNAudit | user=null | ip=null | op=PUT_BLOCK {blockData=[blockId=conID: 1 locID: 102664011648205298 bcsId: 0,size=4194304]} | ret=SUCCESS |  
2019-08-23 02:48:18,231 [grpc-default-executor-1] INFO  client.GrpcClientProtocolClient (GrpcClientProtocolClient.java:onNext(255)) - client-B268B4322F32->17750241-545b-4219-93a1-14a6ea3d85be: receive RaftClientReply:client-B268B4322F32->17750241-545b-4219-93a1-14a6ea3d85be@group-C33FBD9556F2, cid=1557, SUCCESS, logIndex=0, commits[17750241-545b-4219-93a1-14a6ea3d85be:c2241, 4eaaa090-573e-41d3-9f8c-c99e236d806a:c2240, 5f4cf9ee-4bed-49de-adaa-861aec894328:c2240]
2019-08-23 02:48:18,235 | INFO  | SCMAudit | user=jenkins1000 | ip=192.168.34.22 | op=ALLOCATE_BLOCK {owner=31d65bc3-3f70-45f5-bbc5-e3a15f967ba6, size=4194304, type=RATIS, factor=THREE} | ret=SUCCESS |  
2019-08-23 02:48:18,239 | INFO  | OMAudit | user=jenkins1000 | ip=127.0.0.1 | op=ALLOCATE_BLOCK {volume=vol-0-78052, bucket=bucket-0-33874, key=key-0-20719, dataSize=2147483657, replicationType=RATIS, replicationFactor=THREE, keyLocationInfo=[], clientID=102664010308846034} | ret=SUCCESS |  
2019-08-23 02:48:18,250 | INFO  | DNAudit | user=null | ip=null | op=WRITE_CHUNK {blockData=conID: 2 locID: 102664011660329459 bcsId: 0} | ret=SUCCESS |  
2019-08-23 02:48:18,252 | INFO  | DNAudit | user=null | ip=null | op=WRITE_CHUNK {blockData=conID: 2 locID: 102664011660329459 bcsId: 0} | ret=SUCCESS |  
2019-08-23 02:48:18,252 | INFO  | DNAudit | user=null | ip=null | op=WRITE_CHUNK {blockData=conID: 2 locID: 102664011660329459 bcsId: 0} | ret=SUCCESS |  
2019-08-23 02:48:18,253 | INFO  | DNAudit | user=null | ip=null | op=WRITE_CHUNK {blockData=conID: 2 locID: 102664011660329459 bcsId: 0} | ret=SUCCESS |  
2019-08-23 02:48:18,255 | INFO  | DNAudit | user=null | ip=null | op=WRITE_CHUNK {blockData=conID: 2 locID: 102664011660329459 bcsId: 0} | ret=SUCCESS |  
2019-08-23 02:48:18,256 | INFO  | DNAudit | user=null | ip=null | op=WRITE_CHUNK {blockData=conID: 2 locID: 102664011660329459 bcsId: 0} | ret=SUCCESS |  
2019-08-23 02:48:18,263 | INFO  | DNAudit | user=null | ip=null | op=WRITE_CHUNK {blockData=conID: 2 locID: 102664011660329459 bcsId: 0} | ret=SUCCESS |  
2019-08-23 02:48:18,263 | INFO  | DNAudit | user=null | ip=null | op=PUT_BLOCK {blockData=[blockId=conID: 2 locID: 102664011660329459 bcsId: 0,size=1048576]} | ret=SUCCESS |  
2019-08-23 02:48:18,264 [grpc-default-executor-4] INFO  client.GrpcClientProtocolClient (GrpcClientProtocolClient.java:onNext(255)) - client-B268B4322F32->17750241-545b-4219-93a1-14a6ea3d85be: receive RaftClientReply:client-B268B4322F32->17750241-545b-4219-93a1-14a6ea3d85be@group-C33FBD9556F2, cid=1558, SUCCESS, logIndex=2242, commits[17750241-545b-4219-93a1-14a6ea3d85be:c2243, 4eaaa090-573e-41d3-9f8c-c99e236d806a:c2241, 5f4cf9ee-4bed-49de-adaa-861aec894328:c2241]
2019-08-23 02:48:18,264 | INFO  | DNAudit | user=null | ip=null | op=WRITE_CHUNK {blockData=conID: 2 locID: 102664011660329459 bcsId: 0} | ret=SUCCESS |  
2019-08-23 02:48:18,264 | INFO  | DNAudit | user=null | ip=null | op=PUT_BLOCK {blockData=[blockId=conID: 2 locID: 102664011660329459 bcsId: 0,size=2097152]} | ret=SUCCESS |  
2019-08-23 02:48:18,264 [grpc-default-executor-4] INFO  client.GrpcClientProtocolClient (GrpcClientProtocolClient.java:onNext(255)) - client-B268B4322F32->17750241-545b-4219-93a1-14a6ea3d85be: receive RaftClientReply:client-B268B4322F32->17750241-545b-4219-93a1-14a6ea3d85be@group-C33FBD9556F2, cid=1559, SUCCESS, logIndex=2243, commits[17750241-545b-4219-93a1-14a6ea3d85be:c2243, 4eaaa090-573e-41d3-9f8c-c99e236d806a:c2241, 5f4cf9ee-4bed-49de-adaa-861aec894328:c2241]
2019-08-23 02:48:18,265 [grpc-default-executor-4] INFO  client.GrpcClientProtocolClient (GrpcClientProtocolClient.java:onNext(255)) - client-B268B4322F32->17750241-545b-4219-93a1-14a6ea3d85be: receive RaftClientReply:client-B268B4322F32->17750241-545b-4219-93a1-14a6ea3d85be@group-C33FBD9556F2, cid=1560, SUCCESS, logIndex=2244, commits[17750241-545b-4219-93a1-14a6ea3d85be:c2245, 4eaaa090-573e-41d3-9f8c-c99e236d806a:c2241, 5f4cf9ee-4bed-49de-adaa-861aec894328:c2241]
2019-08-23 02:48:18,265 | INFO  | DNAudit | user=null | ip=null | op=WRITE_CHUNK {blockData=conID: 2 locID: 102664011660329459 bcsId: 0} | ret=SUCCESS |  
2019-08-23 02:48:18,265 [grpc-default-executor-4] INFO  client.GrpcClientProtocolClient (GrpcClientProtocolClient.java:onNext(255)) - client-B268B4322F32->17750241-545b-4219-93a1-14a6ea3d85be: receive RaftClientReply:client-B268B4322F32->17750241-545b-4219-93a1-14a6ea3d85be@group-C33FBD9556F2, cid=1561, SUCCESS, logIndex=2245, commits[17750241-545b-4219-93a1-14a6ea3d85be:c2245, 4eaaa090-573e-41d3-9f8c-c99e236d806a:c2241, 5f4cf9ee-4bed-49de-adaa-861aec894328:c2241]
2019-08-23 02:48:18,265 | INFO  | DNAudit | user=null | ip=null | op=PUT_BLOCK {blockData=[blockId=conID: 2 locID: 102664011660329459 bcsId: 0,size=1048576]} | ret=SUCCESS |  
2019-08-23 02:48:18,265 | INFO  | DNAudit | user=null | ip=null | op=WRITE_CHUNK {blockData=conID: 2 locID: 102664011660329459 bcsId: 0} | ret=SUCCESS |  
2019-08-23 02:48:18,266 | INFO  | DNAudit | user=null | ip=null | op=PUT_BLOCK {blockData=[blockId=conID: 2 locID: 102664011660329459 bcsId: 0,size=1048576]} | ret=SUCCESS |  
2019-08-23 02:48:18,266 [grpc-default-executor-1] INFO  client.GrpcClientProtocolClient (GrpcClientProtocolClient.java:onNext(255)) - client-B268B4322F32->17750241-545b-4219-93a1-14a6ea3d85be: receive RaftClientReply:client-B268B4322F32->17750241-545b-4219-93a1-14a6ea3d85be@group-C33FBD9556F2, cid=1562, SUCCESS, logIndex=0, commits[17750241-545b-4219-93a1-14a6ea3d85be:c2247, 4eaaa090-573e-41d3-9f8c-c99e236d806a:c2243, 5f4cf9ee-4bed-49de-adaa-861aec894328:c2243]
2019-08-23 02:48:18,267 | INFO  | DNAudit | user=null | ip=null | op=WRITE_CHUNK {blockData=conID: 2 locID: 102664011660329459 bcsId: 0} | ret=SUCCESS |  
2019-08-23 02:48:18,267 | INFO  | DNAudit | user=null | ip=null | op=PUT_BLOCK {blockData=[blockId=conID: 2 locID: 102664011660329459 bcsId: 0,size=2097152]} | ret=SUCCESS |  
2019-08-23 02:48:18,267 | INFO  | DNAudit | user=null | ip=null | op=WRITE_CHUNK {blockData=conID: 2 locID: 102664011660329459 bcsId: 0} | ret=SUCCESS |  
2019-08-23 02:48:18,267 | INFO  | DNAudit | user=null | ip=null | op=PUT_BLOCK {blockData=[blockId=conID: 2 locID: 102664011660329459 bcsId: 0,size=2097152]} | ret=SUCCESS |  
2019-08-23 02:48:18,272 | INFO  | DNAudit | user=null | ip=null | op=WRITE_CHUNK {blockData=conID: 2 locID: 102664011660329459 bcsId: 2245} | ret=SUCCESS |  
2019-08-23 02:48:18,274 | INFO  | DNAudit | user=null | ip=null | op=WRITE_CHUNK {blockData=conID: 2 locID: 102664011660329459 bcsId: 2245} | ret=SUCCESS |  
2019-08-23 02:48:18,275 | INFO  | DNAudit | user=null | ip=null | op=WRITE_CHUNK {blockData=conID: 2 locID: 102664011660329459 bcsId: 2245} | ret=SUCCESS |  
2019-08-23 02:48:18,285 | INFO  | DNAudit | user=null | ip=null | op=WRITE_CHUNK {blockData=conID: 2 locID: 102664011660329459 bcsId: 2245} | ret=SUCCESS |  
2019-08-23 02:48:18,286 [grpc-default-executor-5] INFO  client.GrpcClientProtocolClient (GrpcClientProtocolClient.java:onNext(255)) - client-B268B4322F32->17750241-545b-4219-93a1-14a6ea3d85be: receive RaftClientReply:client-B268B4322F32->17750241-545b-4219-93a1-14a6ea3d85be@group-C33FBD9556F2, cid=1563, SUCCESS, logIndex=2250, commits[17750241-545b-4219-93a1-14a6ea3d85be:c2251, 4eaaa090-573e-41d3-9f8c-c99e236d806a:c2249, 5f4cf9ee-4bed-49de-adaa-861aec894328:c2249]
2019-08-23 02:48:18,286 | INFO  | DNAudit | user=null | ip=null | op=PUT_BLOCK {blockData=[blockId=conID: 2 locID: 102664011660329459 bcsId: 0,size=3145728]} | ret=SUCCESS |  
2019-08-23 02:48:18,286 [grpc-default-executor-5] INFO  client.GrpcClientProtocolClient (GrpcClientProtocolClient.java:onNext(255)) - client-B268B4322F32->17750241-545b-4219-93a1-14a6ea3d85be: receive RaftClientReply:client-B268B4322F32->17750241-545b-4219-93a1-14a6ea3d85be@group-C33FBD9556F2, cid=1564, SUCCESS, logIndex=2251, commits[17750241-545b-4219-93a1-14a6ea3d85be:c2251, 4eaaa090-573e-41d3-9f8c-c99e236d806a:c2249, 5f4cf9ee-4bed-49de-adaa-861aec894328:c2249]
2019-08-23 02:48:18,292 | INFO  | DNAudit | user=null | ip=null | op=WRITE_CHUNK {blockData=conID: 2 locID: 102664011660329459 bcsId: 2251} | ret=SUCCESS |  
2019-08-23 02:48:18,294 | INFO  | DNAudit | user=null | ip=null | op=WRITE_CHUNK {blockData=conID: 2 locID: 102664011660329459 bcsId: 2251} | ret=SUCCESS |  
2019-08-23 02:48:18,295 | INFO  | DNAudit | user=null | ip=null | op=WRITE_CHUNK {blockData=conID: 2 locID: 102664011660329459 bcsId: 2251} | ret=SUCCESS |  
2019-08-23 02:48:18,297 | INFO  | DNAudit | user=null | ip=null | op=WRITE_CHUNK {blockData=conID: 2 locID: 102664011660329459 bcsId: 2245} | ret=SUCCESS |  
2019-08-23 02:48:18,297 | INFO  | DNAudit | user=null | ip=null | op=WRITE_CHUNK {blockData=conID: 2 locID: 102664011660329459 bcsId: 2245} | ret=SUCCESS |  
2019-08-23 02:48:18,297 | INFO  | DNAudit | user=null | ip=null | op=PUT_BLOCK {blockData=[blockId=conID: 2 locID: 102664011660329459 bcsId: 0,size=3145728]} | ret=SUCCESS |  
2019-08-23 02:48:18,297 | INFO  | DNAudit | user=null | ip=null | op=PUT_BLOCK {blockData=[blockId=conID: 2 locID: 102664011660329459 bcsId: 0,size=3145728]} | ret=SUCCESS |  
2019-08-23 02:48:18,299 | INFO  | DNAudit | user=null | ip=null | op=WRITE_CHUNK {blockData=conID: 2 locID: 102664011660329459 bcsId: 2251} | ret=SUCCESS |  
2019-08-23 02:48:18,299 | INFO  | DNAudit | user=null | ip=null | op=PUT_BLOCK {blockData=[blockId=conID: 2 locID: 102664011660329459 bcsId: 0,size=4194304]} | ret=SUCCESS |  
2019-08-23 02:48:18,299 [grpc-default-executor-5] INFO  client.GrpcClientProtocolClient (GrpcClientProtocolClient.java:onNext(255)) - client-B268B4322F32->17750241-545b-4219-93a1-14a6ea3d85be: receive RaftClientReply:client-B268B4322F32->17750241-545b-4219-93a1-14a6ea3d85be@group-C33FBD9556F2, cid=1565, SUCCESS, logIndex=2254, commits[17750241-545b-4219-93a1-14a6ea3d85be:c2255, 4eaaa090-573e-41d3-9f8c-c99e236d806a:c2251, 5f4cf9ee-4bed-49de-adaa-861aec894328:c2251]
2019-08-23 02:48:18,299 [grpc-default-executor-5] INFO  client.GrpcClientProtocolClient (GrpcClientProtocolClient.java:onNext(255)) - client-B268B4322F32->17750241-545b-4219-93a1-14a6ea3d85be: receive RaftClientReply:client-B268B4322F32->17750241-545b-4219-93a1-14a6ea3d85be@group-C33FBD9556F2, cid=1566, SUCCESS, logIndex=2255, commits[17750241-545b-4219-93a1-14a6ea3d85be:c2255, 4eaaa090-573e-41d3-9f8c-c99e236d806a:c2251, 5f4cf9ee-4bed-49de-adaa-861aec894328:c2251]
2019-08-23 02:48:18,310 | INFO  | DNAudit | user=null | ip=null | op=WRITE_CHUNK {blockData=conID: 2 locID: 102664011660329459 bcsId: 2251} | ret=SUCCESS |  
2019-08-23 02:48:18,310 | INFO  | DNAudit | user=null | ip=null | op=WRITE_CHUNK {blockData=conID: 2 locID: 102664011660329459 bcsId: 2251} | ret=SUCCESS |  
2019-08-23 02:48:18,313 | INFO  | DNAudit | user=null | ip=null | op=PUT_BLOCK {blockData=[blockId=conID: 2 locID: 102664011660329459 bcsId: 0,size=4194304]} | ret=SUCCESS |  
2019-08-23 02:48:18,313 | INFO  | DNAudit | user=null | ip=null | op=PUT_BLOCK {blockData=[blockId=conID: 2 locID: 102664011660329459 bcsId: 0,size=4194304]} | ret=SUCCESS |  
2019-08-23 02:48:18,314 [grpc-default-executor-4] INFO  client.GrpcClientProtocolClient (GrpcClientProtocolClient.java:onNext(255)) - client-B268B4322F32->17750241-545b-4219-93a1-14a6ea3d85be: receive RaftClientReply:client-B268B4322F32->17750241-545b-4219-93a1-14a6ea3d85be@group-C33FBD9556F2, cid=1567, SUCCESS, logIndex=0, commits[17750241-545b-4219-93a1-14a6ea3d85be:c2257, 4eaaa090-573e-41d3-9f8c-c99e236d806a:c2255, 5f4cf9ee-4bed-49de-adaa-861aec894328:c2255]
2019-08-23 02:48:18,316 | INFO  | SCMAudit | user=jenkins1000 | ip=192.168.34.22 | op=ALLOCATE_BLOCK {owner=31d65bc3-3f70-45f5-bbc5-e3a15f967ba6, size=4194304, type=RATIS, factor=THREE} | ret=SUCCESS |  
2019-08-23 02:48:18,320 | INFO  | OMAudit | user=jenkins1000 | ip=127.0.0.1 | op=ALLOCATE_BLOCK {volume=vol-0-78052, bucket=bucket-0-33874, key=key-0-20719, dataSize=2147483657, replicationType=RATIS, replicationFactor=THREE, keyLocationInfo=[], clientID=102664010308846034} | ret=SUCCESS |  
2019-08-23 02:48:18,330 | INFO  | DNAudit | user=null | ip=null | op=WRITE_CHUNK {blockData=conID: 3 locID: 102664011665637876 bcsId: 0} | ret=SUCCESS |  
2019-08-23 02:48:18,332 | INFO  | DNAudit | user=null | ip=null | op=WRITE_CHUNK {blockData=conID: 3 locID: 102664011665637876 bcsId: 0} | ret=SUCCESS |  
2019-08-23 02:48:18,333 | INFO  | DNAudit | user=null | ip=null | op=WRITE_CHUNK {blockData=conID: 3 locID: 102664011665637876 bcsId: 0} | ret=SUCCESS |  
2019-08-23 02:48:18,333 | INFO  | DNAudit | user=null | ip=null | op=WRITE_CHUNK {blockData=conID: 3 locID: 102664011665637876 bcsId: 0} | ret=SUCCESS |  
2019-08-23 02:48:18,335 | INFO  | DNAudit | user=null | ip=null | op=WRITE_CHUNK {blockData=conID: 3 locID: 102664011665637876 bcsId: 0} | ret=SUCCESS |  
2019-08-23 02:48:18,335 | INFO  | DNAudit | user=null | ip=null | op=WRITE_CHUNK {blockData=conID: 3 locID: 102664011665637876 bcsId: 0} | ret=SUCCESS |  
2019-08-23 02:48:18,343 | INFO  | DNAudit | user=null | ip=null | op=WRITE_CHUNK {blockData=conID: 3 locID: 102664011665637876 bcsId: 0} | ret=SUCCESS |  
2019-08-23 02:48:18,343 | INFO  | DNAudit | user=null | ip=null | op=PUT_BLOCK {blockData=[blockId=conID: 3 locID: 102664011665637876 bcsId: 0,size=1048576]} | ret=SUCCESS |  
2019-08-23 02:48:18,343 [grpc-default-executor-1] INFO  client.GrpcClientProtocolClient (GrpcClientProtocolClient.java:onNext(255)) - client-B268B4322F32->17750241-545b-4219-93a1-14a6ea3d85be: receive RaftClientReply:client-B268B4322F32->17750241-545b-4219-93a1-14a6ea3d85be@group-C33FBD9556F2, cid=1568, SUCCESS, logIndex=2258, commits[17750241-545b-4219-93a1-14a6ea3d85be:c2259, 4eaaa090-573e-41d3-9f8c-c99e236d806a:c2257, 5f4cf9ee-4bed-49de-adaa-861aec894328:c2257]
2019-08-23 02:48:18,344 [grpc-default-executor-1] INFO  client.GrpcClientProtocolClient (GrpcClientProtocolClient.java:onNext(255)) - client-B268B4322F32->17750241-545b-4219-93a1-14a6ea3d85be: receive RaftClientReply:client-B268B4322F32->17750241-545b-4219-93a1-14a6ea3d85be@group-C33FBD9556F2, cid=1569, SUCCESS, logIndex=2259, commits[17750241-545b-4219-93a1-14a6ea3d85be:c2259, 4eaaa090-573e-41d3-9f8c-c99e236d806a:c2257, 5f4cf9ee-4bed-49de-adaa-861aec894328:c2257]
2019-08-23 02:48:18,354 | INFO  | DNAudit | user=null | ip=null | op=WRITE_CHUNK {blockData=conID: 3 locID: 102664011665637876 bcsId: 0} | ret=SUCCESS |  
2019-08-23 02:48:18,354 | INFO  | DNAudit | user=null | ip=null | op=PUT_BLOCK {blockData=[blockId=conID: 3 locID: 102664011665637876 bcsId: 0,size=2097152]} | ret=SUCCESS |  
2019-08-23 02:48:18,354 [grpc-default-executor-5] INFO  client.GrpcClientProtocolClient (GrpcClientProtocolClient.java:onNext(255)) - client-B268B4322F32->17750241-545b-4219-93a1-14a6ea3d85be: receive RaftClientReply:client-B268B4322F32->17750241-545b-4219-93a1-14a6ea3d85be@group-C33FBD9556F2, cid=1570, SUCCESS, logIndex=2260, commits[17750241-545b-4219-93a1-14a6ea3d85be:c2261, 4eaaa090-573e-41d3-9f8c-c99e236d806a:c2257, 5f4cf9ee-4bed-49de-adaa-861aec894328:c2257]
2019-08-23 02:48:18,354 [grpc-default-executor-5] INFO  client.GrpcClientProtocolClient (GrpcClientProtocolClient.java:onNext(255)) - client-B268B4322F32->17750241-545b-4219-93a1-14a6ea3d85be: receive RaftClientReply:client-B268B4322F32->17750241-545b-4219-93a1-14a6ea3d85be@group-C33FBD9556F2, cid=1571, SUCCESS, logIndex=2261, commits[17750241-545b-4219-93a1-14a6ea3d85be:c2261, 4eaaa090-573e-41d3-9f8c-c99e236d806a:c2257, 5f4cf9ee-4bed-49de-adaa-861aec894328:c2257]
2019-08-23 02:48:18,355 | INFO  | DNAudit | user=null | ip=null | op=WRITE_CHUNK {blockData=conID: 3 locID: 102664011665637876 bcsId: 0} | ret=SUCCESS |  
2019-08-23 02:48:18,355 | INFO  | DNAudit | user=null | ip=null | op=PUT_BLOCK {blockData=[blockId=conID: 3 locID: 102664011665637876 bcsId: 0,size=1048576]} | ret=SUCCESS |  
2019-08-23 02:48:18,357 | INFO  | DNAudit | user=null | ip=null | op=WRITE_CHUNK {blockData=conID: 3 locID: 102664011665637876 bcsId: 0} | ret=SUCCESS |  
2019-08-23 02:48:18,357 | INFO  | DNAudit | user=null | ip=null | op=PUT_BLOCK {blockData=[blockId=conID: 3 locID: 102664011665637876 bcsId: 0,size=1048576]} | ret=SUCCESS |  
2019-08-23 02:48:18,358 [grpc-default-executor-1] INFO  client.GrpcClientProtocolClient (GrpcClientProtocolClient.java:onNext(255)) - client-B268B4322F32->17750241-545b-4219-93a1-14a6ea3d85be: receive RaftClientReply:client-B268B4322F32->17750241-545b-4219-93a1-14a6ea3d85be@group-C33FBD9556F2, cid=1572, SUCCESS, logIndex=0, commits[17750241-545b-4219-93a1-14a6ea3d85be:c2263, 4eaaa090-573e-41d3-9f8c-c99e236d806a:c2259, 5f4cf9ee-4bed-49de-adaa-861aec894328:c2259]
2019-08-23 02:48:18,364 | INFO  | DNAudit | user=null | ip=null | op=WRITE_CHUNK {blockData=conID: 3 locID: 102664011665637876 bcsId: 2261} | ret=SUCCESS |  
2019-08-23 02:48:18,366 | INFO  | DNAudit | user=null | ip=null | op=WRITE_CHUNK {blockData=conID: 3 locID: 102664011665637876 bcsId: 2261} | ret=SUCCESS |  
2019-08-23 02:48:18,366 | INFO  | DNAudit | user=null | ip=null | op=WRITE_CHUNK {blockData=conID: 3 locID: 102664011665637876 bcsId: 2261} | ret=SUCCESS |  
2019-08-23 02:48:18,368 | INFO  | DNAudit | user=null | ip=null | op=WRITE_CHUNK {blockData=conID: 3 locID: 102664011665637876 bcsId: 0} | ret=SUCCESS |  
2019-08-23 02:48:18,368 | INFO  | DNAudit | user=null | ip=null | op=PUT_BLOCK {blockData=[blockId=conID: 3 locID: 102664011665637876 bcsId: 0,size=2097152]} | ret=SUCCESS |  
2019-08-23 02:48:18,368 | INFO  | DNAudit | user=null | ip=null | op=WRITE_CHUNK {blockData=conID: 3 locID: 102664011665637876 bcsId: 0} | ret=SUCCESS |  
2019-08-23 02:48:18,368 | INFO  | DNAudit | user=null | ip=null | op=PUT_BLOCK {blockData=[blockId=conID: 3 locID: 102664011665637876 bcsId: 0,size=2097152]} | ret=SUCCESS |  
2019-08-23 02:48:18,369 | INFO  | DNAudit | user=null | ip=null | op=WRITE_CHUNK {blockData=conID: 3 locID: 102664011665637876 bcsId: 2261} | ret=SUCCESS |  
2019-08-23 02:48:18,370 | INFO  | DNAudit | user=null | ip=null | op=PUT_BLOCK {blockData=[blockId=conID: 3 locID: 102664011665637876 bcsId: 0,size=3145728]} | ret=SUCCESS |  
2019-08-23 02:48:18,370 [grpc-default-executor-1] INFO  client.GrpcClientProtocolClient (GrpcClientProtocolClient.java:onNext(255)) - client-B268B4322F32->17750241-545b-4219-93a1-14a6ea3d85be: receive RaftClientReply:client-B268B4322F32->17750241-545b-4219-93a1-14a6ea3d85be@group-C33FBD9556F2, cid=1573, SUCCESS, logIndex=2266, commits[17750241-545b-4219-93a1-14a6ea3d85be:c2267, 4eaaa090-573e-41d3-9f8c-c99e236d806a:c2261, 5f4cf9ee-4bed-49de-adaa-861aec894328:c2263]
2019-08-23 02:48:18,370 [grpc-default-executor-1] INFO  client.GrpcClientProtocolClient (GrpcClientProtocolClient.java:onNext(255)) - client-B268B4322F32->17750241-545b-4219-93a1-14a6ea3d85be: receive RaftClientReply:client-B268B4322F32->17750241-545b-4219-93a1-14a6ea3d85be@group-C33FBD9556F2, cid=1574, SUCCESS, logIndex=2267, commits[17750241-545b-4219-93a1-14a6ea3d85be:c2267, 4eaaa090-573e-41d3-9f8c-c99e236d806a:c2263, 5f4cf9ee-4bed-49de-adaa-861aec894328:c2263]
2019-08-23 02:48:18,371 | INFO  | DNAudit | user=null | ip=null | op=WRITE_CHUNK {blockData=conID: 3 locID: 102664011665637876 bcsId: 2261} | ret=SUCCESS |  
2019-08-23 02:48:18,371 | INFO  | DNAudit | user=null | ip=null | op=WRITE_CHUNK {blockData=conID: 3 locID: 102664011665637876 bcsId: 2261} | ret=SUCCESS |  
2019-08-23 02:48:18,371 | INFO  | DNAudit | user=null | ip=null | op=PUT_BLOCK {blockData=[blockId=conID: 3 locID: 102664011665637876 bcsId: 0,size=3145728]} | ret=SUCCESS |  
2019-08-23 02:48:18,372 | INFO  | DNAudit | user=null | ip=null | op=PUT_BLOCK {blockData=[blockId=conID: 3 locID: 102664011665637876 bcsId: 0,size=3145728]} | ret=SUCCESS |  
2019-08-23 02:48:18,375 | INFO  | SCMAudit | user=jenkins1000 | ip=192.168.34.22 | op=SEND_HEARTBEAT {datanodeUUID=17750241-545b-4219-93a1-14a6ea3d85be, command=[]} | ret=SUCCESS |  
2019-08-23 02:48:18,375 | INFO  | SCMAudit | user=jenkins1000 | ip=192.168.34.22 | op=SEND_HEARTBEAT {datanodeUUID=5f4cf9ee-4bed-49de-adaa-861aec894328, command=[]} | ret=SUCCESS |  
2019-08-23 02:48:18,375 | INFO  | SCMAudit | user=jenkins1000 | ip=192.168.34.22 | op=SEND_HEARTBEAT {datanodeUUID=4eaaa090-573e-41d3-9f8c-c99e236d806a, command=[]} | ret=SUCCESS |  
2019-08-23 02:48:18,376 | INFO  | DNAudit | user=null | ip=null | op=WRITE_CHUNK {blockData=conID: 3 locID: 102664011665637876 bcsId: 2267} | ret=SUCCESS |  
2019-08-23 02:48:18,379 | INFO  | DNAudit | user=null | ip=null | op=WRITE_CHUNK {blockData=conID: 3 locID: 102664011665637876 bcsId: 2267} | ret=SUCCESS |  
2019-08-23 02:48:18,379 | INFO  | DNAudit | user=null | ip=null | op=WRITE_CHUNK {blockData=conID: 3 locID: 102664011665637876 bcsId: 2267} | ret=SUCCESS |  
2019-08-23 02:48:18,391 | INFO  | DNAudit | user=null | ip=null | op=WRITE_CHUNK {blockData=conID: 3 locID: 102664011665637876 bcsId: 2267} | ret=SUCCESS |  
2019-08-23 02:48:18,392 | INFO  | DNAudit | user=null | ip=null | op=PUT_BLOCK {blockData=[blockId=conID: 3 locID: 102664011665637876 bcsId: 0,size=4194304]} | ret=SUCCESS |  
2019-08-23 02:48:18,392 [grpc-default-executor-5] INFO  client.GrpcClientProtocolClient (GrpcClientProtocolClient.java:onNext(255)) - client-B268B4322F32->17750241-545b-4219-93a1-14a6ea3d85be: receive RaftClientReply:client-B268B4322F32->17750241-545b-4219-93a1-14a6ea3d85be@group-C33FBD9556F2, cid=1575, SUCCESS, logIndex=2269, commits[17750241-545b-4219-93a1-14a6ea3d85be:c2270, 4eaaa090-573e-41d3-9f8c-c99e236d806a:c2268, 5f4cf9ee-4bed-49de-adaa-861aec894328:c2268]
2019-08-23 02:48:18,392 [grpc-default-executor-5] INFO  client.GrpcClientProtocolClient (GrpcClientProtocolClient.java:onNext(255)) - client-B268B4322F32->17750241-545b-4219-93a1-14a6ea3d85be: receive RaftClientReply:client-B268B4322F32->17750241-545b-4219-93a1-14a6ea3d85be@group-C33FBD9556F2, cid=1576, SUCCESS, logIndex=2270, commits[17750241-545b-4219-93a1-14a6ea3d85be:c2270, 4eaaa090-573e-41d3-9f8c-c99e236d806a:c2268, 5f4cf9ee-4bed-49de-adaa-861aec894328:c2268]
2019-08-23 02:48:18,403 | INFO  | DNAudit | user=null | ip=null | op=WRITE_CHUNK {blockData=conID: 3 locID: 102664011665637876 bcsId: 2267} | ret=SUCCESS |  
2019-08-23 02:48:18,403 | INFO  | DNAudit | user=null | ip=null | op=WRITE_CHUNK {blockData=conID: 3 locID: 102664011665637876 bcsId: 2267} | ret=SUCCESS |  
2019-08-23 02:48:18,406 | INFO  | DNAudit | user=null | ip=null | op=PUT_BLOCK {blockData=[blockId=conID: 3 locID: 102664011665637876 bcsId: 0,size=4194304]} | ret=SUCCESS |  
2019-08-23 02:48:18,406 | INFO  | DNAudit | user=null | ip=null | op=PUT_BLOCK {blockData=[blockId=conID: 3 locID: 102664011665637876 bcsId: 0,size=4194304]} | ret=SUCCESS |  
2019-08-23 02:48:18,407 [grpc-default-executor-5] INFO  client.GrpcClientProtocolClient (GrpcClientProtocolClient.java:onNext(255)) - client-B268B4322F32->17750241-545b-4219-93a1-14a6ea3d85be: receive RaftClientReply:client-B268B4322F32->17750241-545b-4219-93a1-14a6ea3d85be@group-C33FBD9556F2, cid=1577, SUCCESS, logIndex=0, commits[17750241-545b-4219-93a1-14a6ea3d85be:c2272, 4eaaa090-573e-41d3-9f8c-c99e236d806a:c2270, 5f4cf9ee-4bed-49de-adaa-861aec894328:c2270]
2019-08-23 02:48:18,409 | INFO  | SCMAudit | user=jenkins1000 | ip=192.168.34.22 | op=ALLOCATE_BLOCK {owner=31d65bc3-3f70-45f5-bbc5-e3a15f967ba6, size=4194304, type=RATIS, factor=THREE} | ret=SUCCESS |  
2019-08-23 02:48:18,412 | INFO  | OMAudit | user=jenkins1000 | ip=127.0.0.1 | op=ALLOCATE_BLOCK {volume=vol-0-78052, bucket=bucket-0-33874, key=key-0-20719, dataSize=2147483657, replicationType=RATIS, replicationFactor=THREE, keyLocationInfo=[], clientID=102664010308846034} | ret=SUCCESS |  
2019-08-23 02:48:18,423 | INFO  | DNAudit | user=null | ip=null | op=WRITE_CHUNK {blockData=conID: 1 locID: 102664011671732725 bcsId: 0} | ret=SUCCESS |  
2019-08-23 02:48:18,426 | INFO  | DNAudit | user=null | ip=null | op=WRITE_CHUNK {blockData=conID: 1 locID: 102664011671732725 bcsId: 0} | ret=SUCCESS |  
2019-08-23 02:48:18,426 | INFO  | DNAudit | user=null | ip=null | op=WRITE_CHUNK {blockData=conID: 1 locID: 102664011671732725 bcsId: 0} | ret=SUCCESS |  
2019-08-23 02:48:18,426 | INFO  | DNAudit | user=null | ip=null | op=WRITE_CHUNK {blockData=conID: 1 locID: 102664011671732725 bcsId: 0} | ret=SUCCESS |  
2019-08-23 02:48:18,428 | INFO  | DNAudit | user=null | ip=null | op=WRITE_CHUNK {blockData=conID: 1 locID: 102664011671732725 bcsId: 0} | ret=SUCCESS |  
2019-08-23 02:48:18,428 | INFO  | DNAudit | user=null | ip=null | op=WRITE_CHUNK {blockData=conID: 1 locID: 102664011671732725 bcsId: 0} | ret=SUCCESS |  
2019-08-23 02:48:18,436 | INFO  | DNAudit | user=null | ip=null | op=WRITE_CHUNK {blockData=conID: 1 locID: 102664011671732725 bcsId: 0} | ret=SUCCESS |  
2019-08-23 02:48:18,436 | INFO  | DNAudit | user=null | ip=null | op=PUT_BLOCK {blockData=[blockId=conID: 1 locID: 102664011671732725 bcsId: 0,size=1048576]} | ret=SUCCESS |  
2019-08-23 02:48:18,437 [grpc-default-executor-5] INFO  client.GrpcClientProtocolClient (GrpcClientProtocolClient.java:onNext(255)) - client-B268B4322F32->17750241-545b-4219-93a1-14a6ea3d85be: receive RaftClientReply:client-B268B4322F32->17750241-545b-4219-93a1-14a6ea3d85be@group-C33FBD9556F2, cid=1578, SUCCESS, logIndex=2273, commits[17750241-545b-4219-93a1-14a6ea3d85be:c2274, 4eaaa090-573e-41d3-9f8c-c99e236d806a:c2272, 5f4cf9ee-4bed-49de-adaa-861aec894328:c2272]
2019-08-23 02:48:18,437 | INFO  | DNAudit | user=null | ip=null | op=WRITE_CHUNK {blockData=conID: 1 locID: 102664011671732725 bcsId: 0} | ret=SUCCESS |  
2019-08-23 02:48:18,437 [grpc-default-executor-5] INFO  client.GrpcClientProtocolClient (GrpcClientProtocolClient.java:onNext(255)) - client-B268B4322F32->17750241-545b-4219-93a1-14a6ea3d85be: receive RaftClientReply:client-B268B4322F32->17750241-545b-4219-93a1-14a6ea3d85be@group-C33FBD9556F2, cid=1579, SUCCESS, logIndex=2274, commits[17750241-545b-4219-93a1-14a6ea3d85be:c2274, 4eaaa090-573e-41d3-9f8c-c99e236d806a:c2272, 5f4cf9ee-4bed-49de-adaa-861aec894328:c2272]
2019-08-23 02:48:18,437 | INFO  | DNAudit | user=null | ip=null | op=PUT_BLOCK {blockData=[blockId=conID: 1 locID: 102664011671732725 bcsId: 0,size=2097152]} | ret=SUCCESS |  
2019-08-23 02:48:18,438 [grpc-default-executor-4] INFO  client.GrpcClientProtocolClient (GrpcClientProtocolClient.java:onNext(255)) - client-B268B4322F32->17750241-545b-4219-93a1-14a6ea3d85be: receive RaftClientReply:client-B268B4322F32->17750241-545b-4219-93a1-14a6ea3d85be@group-C33FBD9556F2, cid=1580, SUCCESS, logIndex=2275, commits[17750241-545b-4219-93a1-14a6ea3d85be:c2276, 4eaaa090-573e-41d3-9f8c-c99e236d806a:c2272, 5f4cf9ee-4bed-49de-adaa-861aec894328:c2272]
2019-08-23 02:48:18,438 | INFO  | DNAudit | user=null | ip=null | op=WRITE_CHUNK {blockData=conID: 1 locID: 102664011671732725 bcsId: 0} | ret=SUCCESS |  
2019-08-23 02:48:18,438 [grpc-default-executor-5] INFO  client.GrpcClientProtocolClient (GrpcClientProtocolClient.java:onNext(255)) - client-B268B4322F32->17750241-545b-4219-93a1-14a6ea3d85be: receive RaftClientReply:client-B268B4322F32->17750241-545b-4219-93a1-14a6ea3d85be@group-C33FBD9556F2, cid=1581, SUCCESS, logIndex=2276, commits[17750241-545b-4219-93a1-14a6ea3d85be:c2276, 4eaaa090-573e-41d3-9f8c-c99e236d806a:c2272, 5f4cf9ee-4bed-49de-adaa-861aec894328:c2272]
2019-08-23 02:48:18,438 | INFO  | DNAudit | user=null | ip=null | op=PUT_BLOCK {blockData=[blockId=conID: 1 locID: 102664011671732725 bcsId: 0,size=1048576]} | ret=SUCCESS |  
2019-08-23 02:48:18,438 | INFO  | DNAudit | user=null | ip=null | op=WRITE_CHUNK {blockData=conID: 1 locID: 102664011671732725 bcsId: 0} | ret=SUCCESS |  
2019-08-23 02:48:18,439 | INFO  | DNAudit | user=null | ip=null | op=PUT_BLOCK {blockData=[blockId=conID: 1 locID: 102664011671732725 bcsId: 0,size=1048576]} | ret=SUCCESS |  
2019-08-23 02:48:18,439 | INFO  | DNAudit | user=null | ip=null | op=WRITE_CHUNK {blockData=conID: 1 locID: 102664011671732725 bcsId: 0} | ret=SUCCESS |  
2019-08-23 02:48:18,439 [grpc-default-executor-5] INFO  client.GrpcClientProtocolClient (GrpcClientProtocolClient.java:onNext(255)) - client-B268B4322F32->17750241-545b-4219-93a1-14a6ea3d85be: receive RaftClientReply:client-B268B4322F32->17750241-545b-4219-93a1-14a6ea3d85be@group-C33FBD9556F2, cid=1582, SUCCESS, logIndex=0, commits[17750241-545b-4219-93a1-14a6ea3d85be:c2278, 4eaaa090-573e-41d3-9f8c-c99e236d806a:c2274, 5f4cf9ee-4bed-49de-adaa-861aec894328:c2274]
2019-08-23 02:48:18,439 | INFO  | DNAudit | user=null | ip=null | op=PUT_BLOCK {blockData=[blockId=conID: 1 locID: 102664011671732725 bcsId: 0,size=2097152]} | ret=SUCCESS |  
2019-08-23 02:48:18,440 | INFO  | DNAudit | user=null | ip=null | op=WRITE_CHUNK {blockData=conID: 1 locID: 102664011671732725 bcsId: 0} | ret=SUCCESS |  
2019-08-23 02:48:18,440 | INFO  | DNAudit | user=null | ip=null | op=PUT_BLOCK {blockData=[blockId=conID: 1 locID: 102664011671732725 bcsId: 0,size=2097152]} | ret=SUCCESS |  
2019-08-23 02:48:18,445 | INFO  | DNAudit | user=null | ip=null | op=WRITE_CHUNK {blockData=conID: 1 locID: 102664011671732725 bcsId: 2276} | ret=SUCCESS |  
2019-08-23 02:48:18,448 | INFO  | DNAudit | user=null | ip=null | op=WRITE_CHUNK {blockData=conID: 1 locID: 102664011671732725 bcsId: 2276} | ret=SUCCESS |  
2019-08-23 02:48:18,448 | INFO  | DNAudit | user=null | ip=null | op=WRITE_CHUNK {blockData=conID: 1 locID: 102664011671732725 bcsId: 2276} | ret=SUCCESS |  
2019-08-23 02:48:18,458 | INFO  | DNAudit | user=null | ip=null | op=WRITE_CHUNK {blockData=conID: 1 locID: 102664011671732725 bcsId: 2276} | ret=SUCCESS |  
2019-08-23 02:48:18,458 | INFO  | DNAudit | user=null | ip=null | op=PUT_BLOCK {blockData=[blockId=conID: 1 locID: 102664011671732725 bcsId: 0,size=3145728]} | ret=SUCCESS |  
2019-08-23 02:48:18,458 [grpc-default-executor-5] INFO  client.GrpcClientProtocolClient (GrpcClientProtocolClient.java:onNext(255)) - client-B268B4322F32->17750241-545b-4219-93a1-14a6ea3d85be: receive RaftClientReply:client-B268B4322F32->17750241-545b-4219-93a1-14a6ea3d85be@group-C33FBD9556F2, cid=1583, SUCCESS, logIndex=2281, commits[17750241-545b-4219-93a1-14a6ea3d85be:c2282, 4eaaa090-573e-41d3-9f8c-c99e236d806a:c2280, 5f4cf9ee-4bed-49de-adaa-861aec894328:c2280]
2019-08-23 02:48:18,459 [grpc-default-executor-5] INFO  client.GrpcClientProtocolClient (GrpcClientProtocolClient.java:onNext(255)) - client-B268B4322F32->17750241-545b-4219-93a1-14a6ea3d85be: receive RaftClientReply:client-B268B4322F32->17750241-545b-4219-93a1-14a6ea3d85be@group-C33FBD9556F2, cid=1584, SUCCESS, logIndex=2282, commits[17750241-545b-4219-93a1-14a6ea3d85be:c2282, 4eaaa090-573e-41d3-9f8c-c99e236d806a:c2280, 5f4cf9ee-4bed-49de-adaa-861aec894328:c2280]
2019-08-23 02:48:18,465 | INFO  | DNAudit | user=null | ip=null | op=WRITE_CHUNK {blockData=conID: 1 locID: 102664011671732725 bcsId: 2282} | ret=SUCCESS |  
2019-08-23 02:48:18,467 | INFO  | DNAudit | user=null | ip=null | op=WRITE_CHUNK {blockData=conID: 1 locID: 102664011671732725 bcsId: 2282} | ret=SUCCESS |  
2019-08-23 02:48:18,467 | INFO  | DNAudit | user=null | ip=null | op=WRITE_CHUNK {blockData=conID: 1 locID: 102664011671732725 bcsId: 2282} | ret=SUCCESS |  
2019-08-23 02:48:18,483 | INFO  | DNAudit | user=null | ip=null | op=WRITE_CHUNK {blockData=conID: 1 locID: 102664011671732725 bcsId: 2276} | ret=SUCCESS |  
2019-08-23 02:48:18,483 | INFO  | DNAudit | user=null | ip=null | op=WRITE_CHUNK {blockData=conID: 1 locID: 102664011671732725 bcsId: 2276} | ret=SUCCESS |  
2019-08-23 02:48:18,484 | INFO  | DNAudit | user=null | ip=null | op=PUT_BLOCK {blockData=[blockId=conID: 1 locID: 102664011671732725 bcsId: 0,size=3145728]} | ret=SUCCESS |  
2019-08-23 02:48:18,484 | INFO  | DNAudit | user=null | ip=null | op=PUT_BLOCK {blockData=[blockId=conID: 1 locID: 102664011671732725 bcsId: 0,size=3145728]} | ret=SUCCESS |  
2019-08-23 02:48:18,485 | INFO  | DNAudit | user=null | ip=null | op=WRITE_CHUNK {blockData=conID: 1 locID: 102664011671732725 bcsId: 2282} | ret=SUCCESS |  
2019-08-23 02:48:18,485 | INFO  | DNAudit | user=null | ip=null | op=PUT_BLOCK {blockData=[blockId=conID: 1 locID: 102664011671732725 bcsId: 0,size=4194304]} | ret=SUCCESS |  
2019-08-23 02:48:18,485 [grpc-default-executor-4] INFO  client.GrpcClientProtocolClient (GrpcClientProtocolClient.java:onNext(255)) - client-B268B4322F32->17750241-545b-4219-93a1-14a6ea3d85be: receive RaftClientReply:client-B268B4322F32->17750241-545b-4219-93a1-14a6ea3d85be@group-C33FBD9556F2, cid=1585, SUCCESS, logIndex=2285, commits[17750241-545b-4219-93a1-14a6ea3d85be:c2286, 4eaaa090-573e-41d3-9f8c-c99e236d806a:c2282, 5f4cf9ee-4bed-49de-adaa-861aec894328:c2282]
2019-08-23 02:48:18,486 [grpc-default-executor-4] INFO  client.GrpcClientProtocolClient (GrpcClientProtocolClient.java:onNext(255)) - client-B268B4322F32->17750241-545b-4219-93a1-14a6ea3d85be: receive RaftClientReply:client-B268B4322F32->17750241-545b-4219-93a1-14a6ea3d85be@group-C33FBD9556F2, cid=1586, SUCCESS, logIndex=2286, commits[17750241-545b-4219-93a1-14a6ea3d85be:c2286, 4eaaa090-573e-41d3-9f8c-c99e236d806a:c2282, 5f4cf9ee-4bed-49de-adaa-861aec894328:c2282]
2019-08-23 02:48:18,494 | INFO  | DNAudit | user=null | ip=null | op=WRITE_CHUNK {blockData=conID: 1 locID: 102664011671732725 bcsId: 2282} | ret=SUCCESS |  
2019-08-23 02:48:18,495 | INFO  | DNAudit | user=null | ip=null | op=WRITE_CHUNK {blockData=conID: 1 locID: 102664011671732725 bcsId: 2282} | ret=SUCCESS |  
2019-08-23 02:48:18,496 | INFO  | DNAudit | user=null | ip=null | op=PUT_BLOCK {blockData=[blockId=conID: 1 locID: 102664011671732725 bcsId: 0,size=4194304]} | ret=SUCCESS |  
2019-08-23 02:48:18,496 | INFO  | DNAudit | user=null | ip=null | op=PUT_BLOCK {blockData=[blockId=conID: 1 locID: 102664011671732725 bcsId: 0,size=4194304]} | ret=SUCCESS |  
2019-08-23 02:48:18,497 [grpc-default-executor-4] INFO  client.GrpcClientProtocolClient (GrpcClientProtocolClient.java:onNext(255)) - client-B268B4322F32->17750241-545b-4219-93a1-14a6ea3d85be: receive RaftClientReply:client-B268B4322F32->17750241-545b-4219-93a1-14a6ea3d85be@group-C33FBD9556F2, cid=1587, SUCCESS, logIndex=0, commits[17750241-545b-4219-93a1-14a6ea3d85be:c2288, 4eaaa090-573e-41d3-9f8c-c99e236d806a:c2286, 5f4cf9ee-4bed-49de-adaa-861aec894328:c2286]
2019-08-23 02:48:18,499 | INFO  | SCMAudit | user=jenkins1000 | ip=192.168.34.22 | op=ALLOCATE_BLOCK {owner=31d65bc3-3f70-45f5-bbc5-e3a15f967ba6, size=4194304, type=RATIS, factor=THREE} | ret=SUCCESS |  
2019-08-23 02:48:18,502 | INFO  | OMAudit | user=jenkins1000 | ip=127.0.0.1 | op=ALLOCATE_BLOCK {volume=vol-0-78052, bucket=bucket-0-33874, key=key-0-20719, dataSize=2147483657, replicationType=RATIS, replicationFactor=THREE, keyLocationInfo=[], clientID=102664010308846034} | ret=SUCCESS |  
2019-08-23 02:48:18,513 | INFO  | DNAudit | user=null | ip=null | op=WRITE_CHUNK {blockData=conID: 2 locID: 102664011677630966 bcsId: 0} | ret=SUCCESS |  
2019-08-23 02:48:18,515 | INFO  | DNAudit | user=null | ip=null | op=WRITE_CHUNK {blockData=conID: 2 locID: 102664011677630966 bcsId: 0} | ret=SUCCESS |  
2019-08-23 02:48:18,516 | INFO  | DNAudit | user=null | ip=null | op=WRITE_CHUNK {blockData=conID: 2 locID: 102664011677630966 bcsId: 0} | ret=SUCCESS |  
2019-08-23 02:48:18,516 | INFO  | DNAudit | user=null | ip=null | op=WRITE_CHUNK {blockData=conID: 2 locID: 102664011677630966 bcsId: 0} | ret=SUCCESS |  
2019-08-23 02:48:18,518 | INFO  | DNAudit | user=null | ip=null | op=WRITE_CHUNK {blockData=conID: 2 locID: 102664011677630966 bcsId: 0} | ret=SUCCESS |  
2019-08-23 02:48:18,518 | INFO  | DNAudit | user=null | ip=null | op=WRITE_CHUNK {blockData=conID: 2 locID: 102664011677630966 bcsId: 0} | ret=SUCCESS |  
2019-08-23 02:48:18,525 | INFO  | DNAudit | user=null | ip=null | op=WRITE_CHUNK {blockData=conID: 2 locID: 102664011677630966 bcsId: 0} | ret=SUCCESS |  
2019-08-23 02:48:18,526 | INFO  | DNAudit | user=null | ip=null | op=PUT_BLOCK {blockData=[blockId=conID: 2 locID: 102664011677630966 bcsId: 0,size=1048576]} | ret=SUCCESS |  
2019-08-23 02:48:18,526 [grpc-default-executor-4] INFO  client.GrpcClientProtocolClient (GrpcClientProtocolClient.java:onNext(255)) - client-B268B4322F32->17750241-545b-4219-93a1-14a6ea3d85be: receive RaftClientReply:client-B268B4322F32->17750241-545b-4219-93a1-14a6ea3d85be@group-C33FBD9556F2, cid=1588, SUCCESS, logIndex=2289, commits[17750241-545b-4219-93a1-14a6ea3d85be:c2290, 4eaaa090-573e-41d3-9f8c-c99e236d806a:c2288, 5f4cf9ee-4bed-49de-adaa-861aec894328:c2288]
2019-08-23 02:48:18,526 | INFO  | DNAudit | user=null | ip=null | op=WRITE_CHUNK {blockData=conID: 2 locID: 102664011677630966 bcsId: 0} | ret=SUCCESS |  
2019-08-23 02:48:18,526 [grpc-default-executor-4] INFO  client.GrpcClientProtocolClient (GrpcClientProtocolClient.java:onNext(255)) - client-B268B4322F32->17750241-545b-4219-93a1-14a6ea3d85be: receive RaftClientReply:client-B268B4322F32->17750241-545b-4219-93a1-14a6ea3d85be@group-C33FBD9556F2, cid=1589, SUCCESS, logIndex=2290, commits[17750241-545b-4219-93a1-14a6ea3d85be:c2290, 4eaaa090-573e-41d3-9f8c-c99e236d806a:c2288, 5f4cf9ee-4bed-49de-adaa-861aec894328:c2288]
2019-08-23 02:48:18,527 | INFO  | DNAudit | user=null | ip=null | op=PUT_BLOCK {blockData=[blockId=conID: 2 locID: 102664011677630966 bcsId: 0,size=2097152]} | ret=SUCCESS |  
2019-08-23 02:48:18,527 [grpc-default-executor-6] INFO  client.GrpcClientProtocolClient (GrpcClientProtocolClient.java:onNext(255)) - client-B268B4322F32->17750241-545b-4219-93a1-14a6ea3d85be: receive RaftClientReply:client-B268B4322F32->17750241-545b-4219-93a1-14a6ea3d85be@group-C33FBD9556F2, cid=1590, SUCCESS, logIndex=2291, commits[17750241-545b-4219-93a1-14a6ea3d85be:c2291, 4eaaa090-573e-41d3-9f8c-c99e236d806a:c2288, 5f4cf9ee-4bed-49de-adaa-861aec894328:c2288]
2019-08-23 02:48:18,527 [grpc-default-executor-6] INFO  client.GrpcClientProtocolClient (GrpcClientProtocolClient.java:onNext(255)) - client-B268B4322F32->17750241-545b-4219-93a1-14a6ea3d85be: receive RaftClientReply:client-B268B4322F32->17750241-545b-4219-93a1-14a6ea3d85be@group-C33FBD9556F2, cid=1591, SUCCESS, logIndex=2292, commits[17750241-545b-4219-93a1-14a6ea3d85be:c2292, 4eaaa090-573e-41d3-9f8c-c99e236d806a:c2288, 5f4cf9ee-4bed-49de-adaa-861aec894328:c2288]
2019-08-23 02:48:18,527 | INFO  | DNAudit | user=null | ip=null | op=WRITE_CHUNK {blockData=conID: 2 locID: 102664011677630966 bcsId: 0} | ret=SUCCESS |  
2019-08-23 02:48:18,528 | INFO  | DNAudit | user=null | ip=null | op=PUT_BLOCK {blockData=[blockId=conID: 2 locID: 102664011677630966 bcsId: 0,size=1048576]} | ret=SUCCESS |  
2019-08-23 02:48:18,528 | INFO  | DNAudit | user=null | ip=null | op=WRITE_CHUNK {blockData=conID: 2 locID: 102664011677630966 bcsId: 0} | ret=SUCCESS |  
2019-08-23 02:48:18,528 | INFO  | DNAudit | user=null | ip=null | op=PUT_BLOCK {blockData=[blockId=conID: 2 locID: 102664011677630966 bcsId: 0,size=1048576]} | ret=SUCCESS |  
2019-08-23 02:48:18,528 [grpc-default-executor-4] INFO  client.GrpcClientProtocolClient (GrpcClientProtocolClient.java:onNext(255)) - client-B268B4322F32->17750241-545b-4219-93a1-14a6ea3d85be: receive RaftClientReply:client-B268B4322F32->17750241-545b-4219-93a1-14a6ea3d85be@group-C33FBD9556F2, cid=1592, SUCCESS, logIndex=0, commits[17750241-545b-4219-93a1-14a6ea3d85be:c2294, 4eaaa090-573e-41d3-9f8c-c99e236d806a:c2290, 5f4cf9ee-4bed-49de-adaa-861aec894328:c2290]
2019-08-23 02:48:18,528 | INFO  | DNAudit | user=null | ip=null | op=WRITE_CHUNK {blockData=conID: 2 locID: 102664011677630966 bcsId: 0} | ret=SUCCESS |  
2019-08-23 02:48:18,529 | INFO  | DNAudit | user=null | ip=null | op=PUT_BLOCK {blockData=[blockId=conID: 2 locID: 102664011677630966 bcsId: 0,size=2097152]} | ret=SUCCESS |  
2019-08-23 02:48:18,529 | INFO  | DNAudit | user=null | ip=null | op=WRITE_CHUNK {blockData=conID: 2 locID: 102664011677630966 bcsId: 0} | ret=SUCCESS |  
2019-08-23 02:48:18,530 | INFO  | DNAudit | user=null | ip=null | op=PUT_BLOCK {blockData=[blockId=conID: 2 locID: 102664011677630966 bcsId: 0,size=2097152]} | ret=SUCCESS |  
2019-08-23 02:48:18,534 | INFO  | DNAudit | user=null | ip=null | op=WRITE_CHUNK {blockData=conID: 2 locID: 102664011677630966 bcsId: 2292} | ret=SUCCESS |  
2019-08-23 02:48:18,536 | INFO  | DNAudit | user=null | ip=null | op=WRITE_CHUNK {blockData=conID: 2 locID: 102664011677630966 bcsId: 2292} | ret=SUCCESS |  
2019-08-23 02:48:18,536 | INFO  | DNAudit | user=null | ip=null | op=WRITE_CHUNK {blockData=conID: 2 locID: 102664011677630966 bcsId: 2292} | ret=SUCCESS |  
2019-08-23 02:48:18,547 | INFO  | DNAudit | user=null | ip=null | op=WRITE_CHUNK {blockData=conID: 2 locID: 102664011677630966 bcsId: 2292} | ret=SUCCESS |  
2019-08-23 02:48:18,547 | INFO  | DNAudit | user=null | ip=null | op=PUT_BLOCK {blockData=[blockId=conID: 2 locID: 102664011677630966 bcsId: 0,size=3145728]} | ret=SUCCESS |  
2019-08-23 02:48:18,547 [grpc-default-executor-4] INFO  client.GrpcClientProtocolClient (GrpcClientProtocolClient.java:onNext(255)) - client-B268B4322F32->17750241-545b-4219-93a1-14a6ea3d85be: receive RaftClientReply:client-B268B4322F32->17750241-545b-4219-93a1-14a6ea3d85be@group-C33FBD9556F2, cid=1593, SUCCESS, logIndex=2297, commits[17750241-545b-4219-93a1-14a6ea3d85be:c2298, 4eaaa090-573e-41d3-9f8c-c99e236d806a:c2296, 5f4cf9ee-4bed-49de-adaa-861aec894328:c2296]
2019-08-23 02:48:18,548 [grpc-default-executor-4] INFO  client.GrpcClientProtocolClient (GrpcClientProtocolClient.java:onNext(255)) - client-B268B4322F32->17750241-545b-4219-93a1-14a6ea3d85be: receive RaftClientReply:client-B268B4322F32->17750241-545b-4219-93a1-14a6ea3d85be@group-C33FBD9556F2, cid=1594, SUCCESS, logIndex=2298, commits[17750241-545b-4219-93a1-14a6ea3d85be:c2298, 4eaaa090-573e-41d3-9f8c-c99e236d806a:c2296, 5f4cf9ee-4bed-49de-adaa-861aec894328:c2296]
2019-08-23 02:48:18,554 | INFO  | DNAudit | user=null | ip=null | op=WRITE_CHUNK {blockData=conID: 2 locID: 102664011677630966 bcsId: 2298} | ret=SUCCESS |  
2019-08-23 02:48:18,555 | INFO  | DNAudit | user=null | ip=null | op=WRITE_CHUNK {blockData=conID: 2 locID: 102664011677630966 bcsId: 2298} | ret=SUCCESS |  
2019-08-23 02:48:18,555 | INFO  | DNAudit | user=null | ip=null | op=WRITE_CHUNK {blockData=conID: 2 locID: 102664011677630966 bcsId: 2298} | ret=SUCCESS |  
2019-08-23 02:48:18,558 | INFO  | DNAudit | user=null | ip=null | op=WRITE_CHUNK {blockData=conID: 2 locID: 102664011677630966 bcsId: 2292} | ret=SUCCESS |  
2019-08-23 02:48:18,558 | INFO  | DNAudit | user=null | ip=null | op=WRITE_CHUNK {blockData=conID: 2 locID: 102664011677630966 bcsId: 2292} | ret=SUCCESS |  
2019-08-23 02:48:18,561 | INFO  | DNAudit | user=null | ip=null | op=PUT_BLOCK {blockData=[blockId=conID: 2 locID: 102664011677630966 bcsId: 0,size=3145728]} | ret=SUCCESS |  
2019-08-23 02:48:18,561 | INFO  | DNAudit | user=null | ip=null | op=PUT_BLOCK {blockData=[blockId=conID: 2 locID: 102664011677630966 bcsId: 0,size=3145728]} | ret=SUCCESS |  
2019-08-23 02:48:18,562 | INFO  | DNAudit | user=null | ip=null | op=WRITE_CHUNK {blockData=conID: 2 locID: 102664011677630966 bcsId: 2298} | ret=SUCCESS |  
2019-08-23 02:48:18,562 | INFO  | DNAudit | user=null | ip=null | op=PUT_BLOCK {blockData=[blockId=conID: 2 locID: 102664011677630966 bcsId: 0,size=4194304]} | ret=SUCCESS |  
2019-08-23 02:48:18,562 [grpc-default-executor-1] INFO  client.GrpcClientProtocolClient (GrpcClientProtocolClient.java:onNext(255)) - client-B268B4322F32->17750241-545b-4219-93a1-14a6ea3d85be: receive RaftClientReply:client-B268B4322F32->17750241-545b-4219-93a1-14a6ea3d85be@group-C33FBD9556F2, cid=1595, SUCCESS, logIndex=2301, commits[17750241-545b-4219-93a1-14a6ea3d85be:c2302, 4eaaa090-573e-41d3-9f8c-c99e236d806a:c2298, 5f4cf9ee-4bed-49de-adaa-861aec894328:c2298]
2019-08-23 02:48:18,562 [grpc-default-executor-1] INFO  client.GrpcClientProtocolClient (GrpcClientProtocolClient.java:onNext(255)) - client-B268B4322F32->17750241-545b-4219-93a1-14a6ea3d85be: receive RaftClientReply:client-B268B4322F32->17750241-545b-4219-93a1-14a6ea3d85be@group-C33FBD9556F2, cid=1596, SUCCESS, logIndex=2302, commits[17750241-545b-4219-93a1-14a6ea3d85be:c2302, 4eaaa090-573e-41d3-9f8c-c99e236d806a:c2298, 5f4cf9ee-4bed-49de-adaa-861aec894328:c2298]
2019-08-23 02:48:18,573 | INFO  | DNAudit | user=null | ip=null | op=WRITE_CHUNK {blockData=conID: 2 locID: 102664011677630966 bcsId: 2298} | ret=SUCCESS |  
2019-08-23 02:48:18,573 | INFO  | DNAudit | user=null | ip=null | op=WRITE_CHUNK {blockData=conID: 2 locID: 102664011677630966 bcsId: 2298} | ret=SUCCESS |  
2019-08-23 02:48:18,575 | INFO  | DNAudit | user=null | ip=null | op=PUT_BLOCK {blockData=[blockId=conID: 2 locID: 102664011677630966 bcsId: 0,size=4194304]} | ret=SUCCESS |  
2019-08-23 02:48:18,575 | INFO  | DNAudit | user=null | ip=null | op=PUT_BLOCK {blockData=[blockId=conID: 2 locID: 102664011677630966 bcsId: 0,size=4194304]} | ret=SUCCESS |  
2019-08-23 02:48:18,576 [grpc-default-executor-6] INFO  client.GrpcClientProtocolClient (GrpcClientProtocolClient.java:onNext(255)) - client-B268B4322F32->17750241-545b-4219-93a1-14a6ea3d85be: receive RaftClientReply:client-B268B4322F32->17750241-545b-4219-93a1-14a6ea3d85be@group-C33FBD9556F2, cid=1597, SUCCESS, logIndex=0, commits[17750241-545b-4219-93a1-14a6ea3d85be:c2304, 4eaaa090-573e-41d3-9f8c-c99e236d806a:c2302, 5f4cf9ee-4bed-49de-adaa-861aec894328:c2302]
2019-08-23 02:48:18,578 | INFO  | SCMAudit | user=jenkins1000 | ip=192.168.34.22 | op=ALLOCATE_BLOCK {owner=31d65bc3-3f70-45f5-bbc5-e3a15f967ba6, size=4194304, type=RATIS, factor=THREE} | ret=SUCCESS |  
2019-08-23 02:48:18,582 | INFO  | OMAudit | user=jenkins1000 | ip=127.0.0.1 | op=ALLOCATE_BLOCK {volume=vol-0-78052, bucket=bucket-0-33874, key=key-0-20719, dataSize=2147483657, replicationType=RATIS, replicationFactor=THREE, keyLocationInfo=[], clientID=102664010308846034} | ret=SUCCESS |  
2019-08-23 02:48:18,590 | INFO  | DNAudit | user=null | ip=null | op=WRITE_CHUNK {blockData=conID: 3 locID: 102664011682808311 bcsId: 0} | ret=SUCCESS |  
2019-08-23 02:48:18,593 | INFO  | DNAudit | user=null | ip=null | op=WRITE_CHUNK {blockData=conID: 3 locID: 102664011682808311 bcsId: 0} | ret=SUCCESS |  
2019-08-23 02:48:18,593 | INFO  | DNAudit | user=null | ip=null | op=WRITE_CHUNK {blockData=conID: 3 locID: 102664011682808311 bcsId: 0} | ret=SUCCESS |  
2019-08-23 02:48:18,594 | INFO  | DNAudit | user=null | ip=null | op=WRITE_CHUNK {blockData=conID: 3 locID: 102664011682808311 bcsId: 0} | ret=SUCCESS |  
2019-08-23 02:48:18,595 | INFO  | DNAudit | user=null | ip=null | op=WRITE_CHUNK {blockData=conID: 3 locID: 102664011682808311 bcsId: 0} | ret=SUCCESS |  
2019-08-23 02:48:18,596 | INFO  | DNAudit | user=null | ip=null | op=WRITE_CHUNK {blockData=conID: 3 locID: 102664011682808311 bcsId: 0} | ret=SUCCESS |  
2019-08-23 02:48:18,603 | INFO  | DNAudit | user=null | ip=null | op=WRITE_CHUNK {blockData=conID: 3 locID: 102664011682808311 bcsId: 0} | ret=SUCCESS |  
2019-08-23 02:48:18,603 | INFO  | DNAudit | user=null | ip=null | op=PUT_BLOCK {blockData=[blockId=conID: 3 locID: 102664011682808311 bcsId: 0,size=1048576]} | ret=SUCCESS |  
2019-08-23 02:48:18,604 [grpc-default-executor-1] INFO  client.GrpcClientProtocolClient (GrpcClientProtocolClient.java:onNext(255)) - client-B268B4322F32->17750241-545b-4219-93a1-14a6ea3d85be: receive RaftClientReply:client-B268B4322F32->17750241-545b-4219-93a1-14a6ea3d85be@group-C33FBD9556F2, cid=1598, SUCCESS, logIndex=2305, commits[17750241-545b-4219-93a1-14a6ea3d85be:c2306, 4eaaa090-573e-41d3-9f8c-c99e236d806a:c2304, 5f4cf9ee-4bed-49de-adaa-861aec894328:c2304]
2019-08-23 02:48:18,604 | INFO  | DNAudit | user=null | ip=null | op=WRITE_CHUNK {blockData=conID: 3 locID: 102664011682808311 bcsId: 0} | ret=SUCCESS |  
2019-08-23 02:48:18,604 | INFO  | DNAudit | user=null | ip=null | op=PUT_BLOCK {blockData=[blockId=conID: 3 locID: 102664011682808311 bcsId: 0,size=2097152]} | ret=SUCCESS |  
2019-08-23 02:48:18,604 [grpc-default-executor-1] INFO  client.GrpcClientProtocolClient (GrpcClientProtocolClient.java:onNext(255)) - client-B268B4322F32->17750241-545b-4219-93a1-14a6ea3d85be: receive RaftClientReply:client-B268B4322F32->17750241-545b-4219-93a1-14a6ea3d85be@group-C33FBD9556F2, cid=1599, SUCCESS, logIndex=2306, commits[17750241-545b-4219-93a1-14a6ea3d85be:c2306, 4eaaa090-573e-41d3-9f8c-c99e236d806a:c2304, 5f4cf9ee-4bed-49de-adaa-861aec894328:c2304]
2019-08-23 02:48:18,604 [grpc-default-executor-1] INFO  client.GrpcClientProtocolClient (GrpcClientProtocolClient.java:onNext(255)) - client-B268B4322F32->17750241-545b-4219-93a1-14a6ea3d85be: receive RaftClientReply:client-B268B4322F32->17750241-545b-4219-93a1-14a6ea3d85be@group-C33FBD9556F2, cid=1600, SUCCESS, logIndex=2307, commits[17750241-545b-4219-93a1-14a6ea3d85be:c2308, 4eaaa090-573e-41d3-9f8c-c99e236d806a:c2304, 5f4cf9ee-4bed-49de-adaa-861aec894328:c2304]
2019-08-23 02:48:18,605 [grpc-default-executor-1] INFO  client.GrpcClientProtocolClient (GrpcClientProtocolClient.java:onNext(255)) - client-B268B4322F32->17750241-545b-4219-93a1-14a6ea3d85be: receive RaftClientReply:client-B268B4322F32->17750241-545b-4219-93a1-14a6ea3d85be@group-C33FBD9556F2, cid=1601, SUCCESS, logIndex=2308, commits[17750241-545b-4219-93a1-14a6ea3d85be:c2308, 4eaaa090-573e-41d3-9f8c-c99e236d806a:c2304, 5f4cf9ee-4bed-49de-adaa-861aec894328:c2304]
2019-08-23 02:48:18,617 | INFO  | DNAudit | user=null | ip=null | op=WRITE_CHUNK {blockData=conID: 3 locID: 102664011682808311 bcsId: 0} | ret=SUCCESS |  
2019-08-23 02:48:18,617 | INFO  | DNAudit | user=null | ip=null | op=PUT_BLOCK {blockData=[blockId=conID: 3 locID: 102664011682808311 bcsId: 0,size=1048576]} | ret=SUCCESS |  
2019-08-23 02:48:18,617 | INFO  | DNAudit | user=null | ip=null | op=WRITE_CHUNK {blockData=conID: 3 locID: 102664011682808311 bcsId: 0} | ret=SUCCESS |  
2019-08-23 02:48:18,617 | INFO  | DNAudit | user=null | ip=null | op=PUT_BLOCK {blockData=[blockId=conID: 3 locID: 102664011682808311 bcsId: 0,size=1048576]} | ret=SUCCESS |  
2019-08-23 02:48:18,618 | INFO  | DNAudit | user=null | ip=null | op=WRITE_CHUNK {blockData=conID: 3 locID: 102664011682808311 bcsId: 0} | ret=SUCCESS |  
2019-08-23 02:48:18,618 | INFO  | DNAudit | user=null | ip=null | op=WRITE_CHUNK {blockData=conID: 3 locID: 102664011682808311 bcsId: 0} | ret=SUCCESS |  
2019-08-23 02:48:18,618 | INFO  | DNAudit | user=null | ip=null | op=PUT_BLOCK {blockData=[blockId=conID: 3 locID: 102664011682808311 bcsId: 0,size=2097152]} | ret=SUCCESS |  
2019-08-23 02:48:18,618 | INFO  | DNAudit | user=null | ip=null | op=PUT_BLOCK {blockData=[blockId=conID: 3 locID: 102664011682808311 bcsId: 0,size=2097152]} | ret=SUCCESS |  
2019-08-23 02:48:18,618 [grpc-default-executor-6] INFO  client.GrpcClientProtocolClient (GrpcClientProtocolClient.java:onNext(255)) - client-B268B4322F32->17750241-545b-4219-93a1-14a6ea3d85be: receive RaftClientReply:client-B268B4322F32->17750241-545b-4219-93a1-14a6ea3d85be@group-C33FBD9556F2, cid=1602, SUCCESS, logIndex=0, commits[17750241-545b-4219-93a1-14a6ea3d85be:c2310, 4eaaa090-573e-41d3-9f8c-c99e236d806a:c2306, 5f4cf9ee-4bed-49de-adaa-861aec894328:c2306]
2019-08-23 02:48:18,624 | INFO  | DNAudit | user=null | ip=null | op=WRITE_CHUNK {blockData=conID: 3 locID: 102664011682808311 bcsId: 2308} | ret=SUCCESS |  
2019-08-23 02:48:18,625 | INFO  | DNAudit | user=null | ip=null | op=WRITE_CHUNK {blockData=conID: 3 locID: 102664011682808311 bcsId: 2308} | ret=SUCCESS |  
2019-08-23 02:48:18,626 | INFO  | DNAudit | user=null | ip=null | op=WRITE_CHUNK {blockData=conID: 3 locID: 102664011682808311 bcsId: 2308} | ret=SUCCESS |  
2019-08-23 02:48:18,636 | INFO  | DNAudit | user=null | ip=null | op=WRITE_CHUNK {blockData=conID: 3 locID: 102664011682808311 bcsId: 2308} | ret=SUCCESS |  
2019-08-23 02:48:18,637 | INFO  | DNAudit | user=null | ip=null | op=PUT_BLOCK {blockData=[blockId=conID: 3 locID: 102664011682808311 bcsId: 0,size=3145728]} | ret=SUCCESS |  
2019-08-23 02:48:18,637 [grpc-default-executor-6] INFO  client.GrpcClientProtocolClient (GrpcClientProtocolClient.java:onNext(255)) - client-B268B4322F32->17750241-545b-4219-93a1-14a6ea3d85be: receive RaftClientReply:client-B268B4322F32->17750241-545b-4219-93a1-14a6ea3d85be@group-C33FBD9556F2, cid=1603, SUCCESS, logIndex=2313, commits[17750241-545b-4219-93a1-14a6ea3d85be:c2314, 4eaaa090-573e-41d3-9f8c-c99e236d806a:c2312, 5f4cf9ee-4bed-49de-adaa-861aec894328:c2312]
2019-08-23 02:48:18,637 [grpc-default-executor-6] INFO  client.GrpcClientProtocolClient (GrpcClientProtocolClient.java:onNext(255)) - client-B268B4322F32->17750241-545b-4219-93a1-14a6ea3d85be: receive RaftClientReply:client-B268B4322F32->17750241-545b-4219-93a1-14a6ea3d85be@group-C33FBD9556F2, cid=1604, SUCCESS, logIndex=2314, commits[17750241-545b-4219-93a1-14a6ea3d85be:c2314, 4eaaa090-573e-41d3-9f8c-c99e236d806a:c2312, 5f4cf9ee-4bed-49de-adaa-861aec894328:c2312]
2019-08-23 02:48:18,644 | INFO  | DNAudit | user=null | ip=null | op=WRITE_CHUNK {blockData=conID: 3 locID: 102664011682808311 bcsId: 2314} | ret=SUCCESS |  
2019-08-23 02:48:18,645 | INFO  | DNAudit | user=null | ip=null | op=WRITE_CHUNK {blockData=conID: 3 locID: 102664011682808311 bcsId: 2314} | ret=SUCCESS |  
2019-08-23 02:48:18,646 | INFO  | DNAudit | user=null | ip=null | op=WRITE_CHUNK {blockData=conID: 3 locID: 102664011682808311 bcsId: 2314} | ret=SUCCESS |  
2019-08-23 02:48:18,648 | INFO  | DNAudit | user=null | ip=null | op=WRITE_CHUNK {blockData=conID: 3 locID: 102664011682808311 bcsId: 2308} | ret=SUCCESS |  
2019-08-23 02:48:18,648 | INFO  | DNAudit | user=null | ip=null | op=WRITE_CHUNK {blockData=conID: 3 locID: 102664011682808311 bcsId: 2308} | ret=SUCCESS |  
2019-08-23 02:48:18,650 | INFO  | DNAudit | user=null | ip=null | op=PUT_BLOCK {blockData=[blockId=conID: 3 locID: 102664011682808311 bcsId: 0,size=3145728]} | ret=SUCCESS |  
2019-08-23 02:48:18,650 | INFO  | DNAudit | user=null | ip=null | op=PUT_BLOCK {blockData=[blockId=conID: 3 locID: 102664011682808311 bcsId: 0,size=3145728]} | ret=SUCCESS |  
2019-08-23 02:48:18,651 | INFO  | DNAudit | user=null | ip=null | op=WRITE_CHUNK {blockData=conID: 3 locID: 102664011682808311 bcsId: 2314} | ret=SUCCESS |  
2019-08-23 02:48:18,651 | INFO  | DNAudit | user=null | ip=null | op=PUT_BLOCK {blockData=[blockId=conID: 3 locID: 102664011682808311 bcsId: 0,size=4194304]} | ret=SUCCESS |  
2019-08-23 02:48:18,652 [grpc-default-executor-4] INFO  client.GrpcClientProtocolClient (GrpcClientProtocolClient.java:onNext(255)) - client-B268B4322F32->17750241-545b-4219-93a1-14a6ea3d85be: receive RaftClientReply:client-B268B4322F32->17750241-545b-4219-93a1-14a6ea3d85be@group-C33FBD9556F2, cid=1605, SUCCESS, logIndex=2317, commits[17750241-545b-4219-93a1-14a6ea3d85be:c2318, 4eaaa090-573e-41d3-9f8c-c99e236d806a:c2314, 5f4cf9ee-4bed-49de-adaa-861aec894328:c2314]
2019-08-23 02:48:18,652 [grpc-default-executor-4] INFO  client.GrpcClientProtocolClient (GrpcClientProtocolClient.java:onNext(255)) - client-B268B4322F32->17750241-545b-4219-93a1-14a6ea3d85be: receive RaftClientReply:client-B268B4322F32->17750241-545b-4219-93a1-14a6ea3d85be@group-C33FBD9556F2, cid=1606, SUCCESS, logIndex=2318, commits[17750241-545b-4219-93a1-14a6ea3d85be:c2318, 4eaaa090-573e-41d3-9f8c-c99e236d806a:c2314, 5f4cf9ee-4bed-49de-adaa-861aec894328:c2314]
2019-08-23 02:48:18,662 | INFO  | DNAudit | user=null | ip=null | op=WRITE_CHUNK {blockData=conID: 3 locID: 102664011682808311 bcsId: 2314} | ret=SUCCESS |  
2019-08-23 02:48:18,662 | INFO  | DNAudit | user=null | ip=null | op=WRITE_CHUNK {blockData=conID: 3 locID: 102664011682808311 bcsId: 2314} | ret=SUCCESS |  
 0.00% |█                                                                                                    |  0/1 Time: 0:00:212019-08-23 02:48:18,665 | INFO  | DNAudit | user=null | ip=null | op=PUT_BLOCK {blockData=[blockId=conID: 3 locID: 102664011682808311 bcsId: 0,size=4194304]} | ret=SUCCESS |  
2019-08-23 02:48:18,665 | INFO  | DNAudit | user=null | ip=null | op=PUT_BLOCK {blockData=[blockId=conID: 3 locID: 102664011682808311 bcsId: 0,size=4194304]} | ret=SUCCESS |  
2019-08-23 02:48:18,665 [grpc-default-executor-4] INFO  client.GrpcClientProtocolClient (GrpcClientProtocolClient.java:onNext(255)) - client-B268B4322F32->17750241-545b-4219-93a1-14a6ea3d85be: receive RaftClientReply:client-B268B4322F32->17750241-545b-4219-93a1-14a6ea3d85be@group-C33FBD9556F2, cid=1607, SUCCESS, logIndex=0, commits[17750241-545b-4219-93a1-14a6ea3d85be:c2320, 4eaaa090-573e-41d3-9f8c-c99e236d806a:c2318, 5f4cf9ee-4bed-49de-adaa-861aec894328:c2318]
2019-08-23 02:48:18,668 | INFO  | SCMAudit | user=jenkins1000 | ip=192.168.34.22 | op=ALLOCATE_BLOCK {owner=31d65bc3-3f70-45f5-bbc5-e3a15f967ba6, size=4194304, type=RATIS, factor=THREE} | ret=SUCCESS |  
2019-08-23 02:48:18,672 | INFO  | OMAudit | user=jenkins1000 | ip=127.0.0.1 | op=ALLOCATE_BLOCK {volume=vol-0-78052, bucket=bucket-0-33874, key=key-0-20719, dataSize=2147483657, replicationType=RATIS, replicationFactor=THREE, keyLocationInfo=[], clientID=102664010308846034} | ret=SUCCESS |  
2019-08-23 02:48:18,681 | INFO  | DNAudit | user=null | ip=null | op=WRITE_CHUNK {blockData=conID: 1 locID: 102664011688706552 bcsId: 0} | ret=SUCCESS |  
2019-08-23 02:48:18,684 | INFO  | DNAudit | user=null | ip=null | op=WRITE_CHUNK {blockData=conID: 1 locID: 102664011688706552 bcsId: 0} | ret=SUCCESS |  
2019-08-23 02:48:18,684 | INFO  | DNAudit | user=null | ip=null | op=WRITE_CHUNK {blockData=conID: 1 locID: 102664011688706552 bcsId: 0} | ret=SUCCESS |  
2019-08-23 02:48:18,684 | INFO  | DNAudit | user=null | ip=null | op=WRITE_CHUNK {blockData=conID: 1 locID: 102664011688706552 bcsId: 0} | ret=SUCCESS |  
2019-08-23 02:48:18,686 | INFO  | DNAudit | user=null | ip=null | op=WRITE_CHUNK {blockData=conID: 1 locID: 102664011688706552 bcsId: 0} | ret=SUCCESS |  
2019-08-23 02:48:18,687 | INFO  | DNAudit | user=null | ip=null | op=WRITE_CHUNK {blockData=conID: 1 locID: 102664011688706552 bcsId: 0} | ret=SUCCESS |  
2019-08-23 02:48:18,693 | INFO  | DNAudit | user=null | ip=null | op=WRITE_CHUNK {blockData=conID: 1 locID: 102664011688706552 bcsId: 0} | ret=SUCCESS |  
2019-08-23 02:48:18,693 | INFO  | DNAudit | user=null | ip=null | op=PUT_BLOCK {blockData=[blockId=conID: 1 locID: 102664011688706552 bcsId: 0,size=1048576]} | ret=SUCCESS |  
2019-08-23 02:48:18,694 | INFO  | DNAudit | user=null | ip=null | op=WRITE_CHUNK {blockData=conID: 1 locID: 102664011688706552 bcsId: 0} | ret=SUCCESS |  
2019-08-23 02:48:18,694 [grpc-default-executor-1] INFO  client.GrpcClientProtocolClient (GrpcClientProtocolClient.java:onNext(255)) - client-B268B4322F32->17750241-545b-4219-93a1-14a6ea3d85be: receive RaftClientReply:client-B268B4322F32->17750241-545b-4219-93a1-14a6ea3d85be@group-C33FBD9556F2, cid=1608, SUCCESS, logIndex=2321, commits[17750241-545b-4219-93a1-14a6ea3d85be:c2323, 4eaaa090-573e-41d3-9f8c-c99e236d806a:c2320, 5f4cf9ee-4bed-49de-adaa-861aec894328:c2320]
2019-08-23 02:48:18,694 | INFO  | DNAudit | user=null | ip=null | op=PUT_BLOCK {blockData=[blockId=conID: 1 locID: 102664011688706552 bcsId: 0,size=2097152]} | ret=SUCCESS |  
2019-08-23 02:48:18,694 [grpc-default-executor-1] INFO  client.GrpcClientProtocolClient (GrpcClientProtocolClient.java:onNext(255)) - client-B268B4322F32->17750241-545b-4219-93a1-14a6ea3d85be: receive RaftClientReply:client-B268B4322F32->17750241-545b-4219-93a1-14a6ea3d85be@group-C33FBD9556F2, cid=1609, SUCCESS, logIndex=2322, commits[17750241-545b-4219-93a1-14a6ea3d85be:c2324, 4eaaa090-573e-41d3-9f8c-c99e236d806a:c2320, 5f4cf9ee-4bed-49de-adaa-861aec894328:c2320]
2019-08-23 02:48:18,694 [grpc-default-executor-1] INFO  client.GrpcClientProtocolClient (GrpcClientProtocolClient.java:onNext(255)) - client-B268B4322F32->17750241-545b-4219-93a1-14a6ea3d85be: receive RaftClientReply:client-B268B4322F32->17750241-545b-4219-93a1-14a6ea3d85be@group-C33FBD9556F2, cid=1610, SUCCESS, logIndex=2323, commits[17750241-545b-4219-93a1-14a6ea3d85be:c2324, 4eaaa090-573e-41d3-9f8c-c99e236d806a:c2320, 5f4cf9ee-4bed-49de-adaa-861aec894328:c2320]
2019-08-23 02:48:18,694 [grpc-default-executor-1] INFO  client.GrpcClientProtocolClient (GrpcClientProtocolClient.java:onNext(255)) - client-B268B4322F32->17750241-545b-4219-93a1-14a6ea3d85be: receive RaftClientReply:client-B268B4322F32->17750241-545b-4219-93a1-14a6ea3d85be@group-C33FBD9556F2, cid=1611, SUCCESS, logIndex=2324, commits[17750241-545b-4219-93a1-14a6ea3d85be:c2324, 4eaaa090-573e-41d3-9f8c-c99e236d806a:c2320, 5f4cf9ee-4bed-49de-adaa-861aec894328:c2320]
2019-08-23 02:48:18,695 | INFO  | DNAudit | user=null | ip=null | op=WRITE_CHUNK {blockData=conID: 1 locID: 102664011688706552 bcsId: 0} | ret=SUCCESS |  
2019-08-23 02:48:18,695 | INFO  | DNAudit | user=null | ip=null | op=WRITE_CHUNK {blockData=conID: 1 locID: 102664011688706552 bcsId: 0} | ret=SUCCESS |  
2019-08-23 02:48:18,695 | INFO  | DNAudit | user=null | ip=null | op=PUT_BLOCK {blockData=[blockId=conID: 1 locID: 102664011688706552 bcsId: 0,size=1048576]} | ret=SUCCESS |  
2019-08-23 02:48:18,695 | INFO  | DNAudit | user=null | ip=null | op=PUT_BLOCK {blockData=[blockId=conID: 1 locID: 102664011688706552 bcsId: 0,size=1048576]} | ret=SUCCESS |  
2019-08-23 02:48:18,695 | INFO  | DNAudit | user=null | ip=null | op=WRITE_CHUNK {blockData=conID: 1 locID: 102664011688706552 bcsId: 0} | ret=SUCCESS |  
2019-08-23 02:48:18,695 [grpc-default-executor-6] INFO  client.GrpcClientProtocolClient (GrpcClientProtocolClient.java:onNext(255)) - client-B268B4322F32->17750241-545b-4219-93a1-14a6ea3d85be: receive RaftClientReply:client-B268B4322F32->17750241-545b-4219-93a1-14a6ea3d85be@group-C33FBD9556F2, cid=1612, SUCCESS, logIndex=0, commits[17750241-545b-4219-93a1-14a6ea3d85be:c2325, 4eaaa090-573e-41d3-9f8c-c99e236d806a:c2322, 5f4cf9ee-4bed-49de-adaa-861aec894328:c2322]
2019-08-23 02:48:18,696 | INFO  | DNAudit | user=null | ip=null | op=PUT_BLOCK {blockData=[blockId=conID: 1 locID: 102664011688706552 bcsId: 0,size=2097152]} | ret=SUCCESS |  
2019-08-23 02:48:18,697 | INFO  | DNAudit | user=null | ip=null | op=WRITE_CHUNK {blockData=conID: 1 locID: 102664011688706552 bcsId: 0} | ret=SUCCESS |  
2019-08-23 02:48:18,697 | INFO  | DNAudit | user=null | ip=null | op=PUT_BLOCK {blockData=[blockId=conID: 1 locID: 102664011688706552 bcsId: 0,size=2097152]} | ret=SUCCESS |  
2019-08-23 02:48:18,701 | INFO  | DNAudit | user=null | ip=null | op=WRITE_CHUNK {blockData=conID: 1 locID: 102664011688706552 bcsId: 2324} | ret=SUCCESS |  
2019-08-23 02:48:18,703 | INFO  | DNAudit | user=null | ip=null | op=WRITE_CHUNK {blockData=conID: 1 locID: 102664011688706552 bcsId: 2324} | ret=SUCCESS |  
2019-08-23 02:48:18,703 | INFO  | DNAudit | user=null | ip=null | op=WRITE_CHUNK {blockData=conID: 1 locID: 102664011688706552 bcsId: 2324} | ret=SUCCESS |  
2019-08-23 02:48:18,712 | INFO  | DNAudit | user=null | ip=null | op=WRITE_CHUNK {blockData=conID: 1 locID: 102664011688706552 bcsId: 2324} | ret=SUCCESS |  
2019-08-23 02:48:18,713 | INFO  | DNAudit | user=null | ip=null | op=PUT_BLOCK {blockData=[blockId=conID: 1 locID: 102664011688706552 bcsId: 0,size=3145728]} | ret=SUCCESS |  
2019-08-23 02:48:18,713 [grpc-default-executor-1] INFO  client.GrpcClientProtocolClient (GrpcClientProtocolClient.java:onNext(255)) - client-B268B4322F32->17750241-545b-4219-93a1-14a6ea3d85be: receive RaftClientReply:client-B268B4322F32->17750241-545b-4219-93a1-14a6ea3d85be@group-C33FBD9556F2, cid=1613, SUCCESS, logIndex=2329, commits[17750241-545b-4219-93a1-14a6ea3d85be:c2330, 4eaaa090-573e-41d3-9f8c-c99e236d806a:c2328, 5f4cf9ee-4bed-49de-adaa-861aec894328:c2328]
2019-08-23 02:48:18,713 [grpc-default-executor-1] INFO  client.GrpcClientProtocolClient (GrpcClientProtocolClient.java:onNext(255)) - client-B268B4322F32->17750241-545b-4219-93a1-14a6ea3d85be: receive RaftClientReply:client-B268B4322F32->17750241-545b-4219-93a1-14a6ea3d85be@group-C33FBD9556F2, cid=1614, SUCCESS, logIndex=2330, commits[17750241-545b-4219-93a1-14a6ea3d85be:c2330, 4eaaa090-573e-41d3-9f8c-c99e236d806a:c2328, 5f4cf9ee-4bed-49de-adaa-861aec894328:c2328]
2019-08-23 02:48:18,714 | INFO  | DNAudit | user=null | ip=null | op=WRITE_CHUNK {blockData=conID: 1 locID: 102664011688706552 bcsId: 2324} | ret=SUCCESS |  
2019-08-23 02:48:18,714 | INFO  | DNAudit | user=null | ip=null | op=WRITE_CHUNK {blockData=conID: 1 locID: 102664011688706552 bcsId: 2324} | ret=SUCCESS |  
2019-08-23 02:48:18,715 | INFO  | DNAudit | user=null | ip=null | op=PUT_BLOCK {blockData=[blockId=conID: 1 locID: 102664011688706552 bcsId: 0,size=3145728]} | ret=SUCCESS |  
2019-08-23 02:48:18,715 | INFO  | DNAudit | user=null | ip=null | op=PUT_BLOCK {blockData=[blockId=conID: 1 locID: 102664011688706552 bcsId: 0,size=3145728]} | ret=SUCCESS |  
2019-08-23 02:48:18,718 | INFO  | SCMAudit | user=jenkins1000 | ip=192.168.34.22 | op=SEND_HEARTBEAT {datanodeUUID=66ab6a68-e61f-4535-ab2f-12fe560929ed, command=[]} | ret=SUCCESS |  
2019-08-23 02:48:18,719 | INFO  | DNAudit | user=null | ip=null | op=WRITE_CHUNK {blockData=conID: 1 locID: 102664011688706552 bcsId: 2330} | ret=SUCCESS |  
2019-08-23 02:48:18,721 | INFO  | DNAudit | user=null | ip=null | op=WRITE_CHUNK {blockData=conID: 1 locID: 102664011688706552 bcsId: 2330} | ret=SUCCESS |  
2019-08-23 02:48:18,721 | INFO  | DNAudit | user=null | ip=null | op=WRITE_CHUNK {blockData=conID: 1 locID: 102664011688706552 bcsId: 2330} | ret=SUCCESS |  
2019-08-23 02:48:18,738 | INFO  | DNAudit | user=null | ip=null | op=WRITE_CHUNK {blockData=conID: 1 locID: 102664011688706552 bcsId: 2330} | ret=SUCCESS |  
2019-08-23 02:48:18,738 | INFO  | DNAudit | user=null | ip=null | op=PUT_BLOCK {blockData=[blockId=conID: 1 locID: 102664011688706552 bcsId: 0,size=4194304]} | ret=SUCCESS |  
2019-08-23 02:48:18,738 [grpc-default-executor-6] INFO  client.GrpcClientProtocolClient (GrpcClientProtocolClient.java:onNext(255)) - client-B268B4322F32->17750241-545b-4219-93a1-14a6ea3d85be: receive RaftClientReply:client-B268B4322F32->17750241-545b-4219-93a1-14a6ea3d85be@group-C33FBD9556F2, cid=1615, SUCCESS, logIndex=2333, commits[17750241-545b-4219-93a1-14a6ea3d85be:c2334, 4eaaa090-573e-41d3-9f8c-c99e236d806a:c2332, 5f4cf9ee-4bed-49de-adaa-861aec894328:c2330]
2019-08-23 02:48:18,739 [grpc-default-executor-6] INFO  client.GrpcClientProtocolClient (GrpcClientProtocolClient.java:onNext(255)) - client-B268B4322F32->17750241-545b-4219-93a1-14a6ea3d85be: receive RaftClientReply:client-B268B4322F32->17750241-545b-4219-93a1-14a6ea3d85be@group-C33FBD9556F2, cid=1616, SUCCESS, logIndex=2334, commits[17750241-545b-4219-93a1-14a6ea3d85be:c2334, 4eaaa090-573e-41d3-9f8c-c99e236d806a:c2332, 5f4cf9ee-4bed-49de-adaa-861aec894328:c2332]
2019-08-23 02:48:18,740 | INFO  | DNAudit | user=null | ip=null | op=WRITE_CHUNK {blockData=conID: 1 locID: 102664011688706552 bcsId: 2330} | ret=SUCCESS |  
2019-08-23 02:48:18,740 | INFO  | DNAudit | user=null | ip=null | op=WRITE_CHUNK {blockData=conID: 1 locID: 102664011688706552 bcsId: 2330} | ret=SUCCESS |  
2019-08-23 02:48:18,741 | INFO  | DNAudit | user=null | ip=null | op=PUT_BLOCK {blockData=[blockId=conID: 1 locID: 102664011688706552 bcsId: 0,size=4194304]} | ret=SUCCESS |  
2019-08-23 02:48:18,741 | INFO  | DNAudit | user=null | ip=null | op=PUT_BLOCK {blockData=[blockId=conID: 1 locID: 102664011688706552 bcsId: 0,size=4194304]} | ret=SUCCESS |  
2019-08-23 02:48:18,741 [grpc-default-executor-6] INFO  client.GrpcClientProtocolClient (GrpcClientProtocolClient.java:onNext(255)) - client-B268B4322F32->17750241-545b-4219-93a1-14a6ea3d85be: receive RaftClientReply:client-B268B4322F32->17750241-545b-4219-93a1-14a6ea3d85be@group-C33FBD9556F2, cid=1617, SUCCESS, logIndex=0, commits[17750241-545b-4219-93a1-14a6ea3d85be:c2336, 4eaaa090-573e-41d3-9f8c-c99e236d806a:c2334, 5f4cf9ee-4bed-49de-adaa-861aec894328:c2334]
2019-08-23 02:48:18,743 | INFO  | SCMAudit | user=jenkins1000 | ip=192.168.34.22 | op=ALLOCATE_BLOCK {owner=31d65bc3-3f70-45f5-bbc5-e3a15f967ba6, size=4194304, type=RATIS, factor=THREE} | ret=SUCCESS |  
2019-08-23 02:48:18,746 | INFO  | OMAudit | user=jenkins1000 | ip=127.0.0.1 | op=ALLOCATE_BLOCK {volume=vol-0-78052, bucket=bucket-0-33874, key=key-0-20719, dataSize=2147483657, replicationType=RATIS, replicationFactor=THREE, keyLocationInfo=[], clientID=102664010308846034} | ret=SUCCESS |  
2019-08-23 02:48:18,856 | INFO  | DNAudit | user=null | ip=null | op=WRITE_CHUNK {blockData=conID: 2 locID: 102664011693621753 bcsId: 0} | ret=SUCCESS |  
2019-08-23 02:48:18,859 | INFO  | DNAudit | user=null | ip=null | op=WRITE_CHUNK {blockData=conID: 2 locID: 102664011693621753 bcsId: 0} | ret=SUCCESS |  
2019-08-23 02:48:18,859 | INFO  | DNAudit | user=null | ip=null | op=WRITE_CHUNK {blockData=conID: 2 locID: 102664011693621753 bcsId: 0} | ret=SUCCESS |  
2019-08-23 02:48:18,859 | INFO  | DNAudit | user=null | ip=null | op=WRITE_CHUNK {blockData=conID: 2 locID: 102664011693621753 bcsId: 0} | ret=SUCCESS |  
2019-08-23 02:48:18,861 | INFO  | DNAudit | user=null | ip=null | op=WRITE_CHUNK {blockData=conID: 2 locID: 102664011693621753 bcsId: 0} | ret=SUCCESS |  
2019-08-23 02:48:18,861 | INFO  | DNAudit | user=null | ip=null | op=WRITE_CHUNK {blockData=conID: 2 locID: 102664011693621753 bcsId: 0} | ret=SUCCESS |  
2019-08-23 02:48:18,869 | INFO  | DNAudit | user=null | ip=null | op=WRITE_CHUNK {blockData=conID: 2 locID: 102664011693621753 bcsId: 0} | ret=SUCCESS |  
2019-08-23 02:48:18,869 | INFO  | DNAudit | user=null | ip=null | op=PUT_BLOCK {blockData=[blockId=conID: 2 locID: 102664011693621753 bcsId: 0,size=1048576]} | ret=SUCCESS |  
2019-08-23 02:48:18,869 [grpc-default-executor-6] INFO  client.GrpcClientProtocolClient (GrpcClientProtocolClient.java:onNext(255)) - client-B268B4322F32->17750241-545b-4219-93a1-14a6ea3d85be: receive RaftClientReply:client-B268B4322F32->17750241-545b-4219-93a1-14a6ea3d85be@group-C33FBD9556F2, cid=1618, SUCCESS, logIndex=2337, commits[17750241-545b-4219-93a1-14a6ea3d85be:c2338, 4eaaa090-573e-41d3-9f8c-c99e236d806a:c2336, 5f4cf9ee-4bed-49de-adaa-861aec894328:c2336]
2019-08-23 02:48:18,870 | INFO  | DNAudit | user=null | ip=null | op=WRITE_CHUNK {blockData=conID: 2 locID: 102664011693621753 bcsId: 0} | ret=SUCCESS |  
2019-08-23 02:48:18,870 | INFO  | DNAudit | user=null | ip=null | op=PUT_BLOCK {blockData=[blockId=conID: 2 locID: 102664011693621753 bcsId: 0,size=2097152]} | ret=SUCCESS |  
2019-08-23 02:48:18,870 [grpc-default-executor-6] INFO  client.GrpcClientProtocolClient (GrpcClientProtocolClient.java:onNext(255)) - client-B268B4322F32->17750241-545b-4219-93a1-14a6ea3d85be: receive RaftClientReply:client-B268B4322F32->17750241-545b-4219-93a1-14a6ea3d85be@group-C33FBD9556F2, cid=1619, SUCCESS, logIndex=2338, commits[17750241-545b-4219-93a1-14a6ea3d85be:c2340, 4eaaa090-573e-41d3-9f8c-c99e236d806a:c2336, 5f4cf9ee-4bed-49de-adaa-861aec894328:c2336]
2019-08-23 02:48:18,870 | INFO  | DNAudit | user=null | ip=null | op=WRITE_CHUNK {blockData=conID: 2 locID: 102664011693621753 bcsId: 0} | ret=SUCCESS |  
2019-08-23 02:48:18,870 [grpc-default-executor-4] INFO  client.GrpcClientProtocolClient (GrpcClientProtocolClient.java:onNext(255)) - client-B268B4322F32->17750241-545b-4219-93a1-14a6ea3d85be: receive RaftClientReply:client-B268B4322F32->17750241-545b-4219-93a1-14a6ea3d85be@group-C33FBD9556F2, cid=1620, SUCCESS, logIndex=2339, commits[17750241-545b-4219-93a1-14a6ea3d85be:c2340, 4eaaa090-573e-41d3-9f8c-c99e236d806a:c2336, 5f4cf9ee-4bed-49de-adaa-861aec894328:c2336]
2019-08-23 02:48:18,871 | INFO  | DNAudit | user=null | ip=null | op=PUT_BLOCK {blockData=[blockId=conID: 2 locID: 102664011693621753 bcsId: 0,size=1048576]} | ret=SUCCESS |  
2019-08-23 02:48:18,871 [grpc-default-executor-4] INFO  client.GrpcClientProtocolClient (GrpcClientProtocolClient.java:onNext(255)) - client-B268B4322F32->17750241-545b-4219-93a1-14a6ea3d85be: receive RaftClientReply:client-B268B4322F32->17750241-545b-4219-93a1-14a6ea3d85be@group-C33FBD9556F2, cid=1621, SUCCESS, logIndex=2340, commits[17750241-545b-4219-93a1-14a6ea3d85be:c2340, 4eaaa090-573e-41d3-9f8c-c99e236d806a:c2336, 5f4cf9ee-4bed-49de-adaa-861aec894328:c2336]
2019-08-23 02:48:18,871 | INFO  | DNAudit | user=null | ip=null | op=WRITE_CHUNK {blockData=conID: 2 locID: 102664011693621753 bcsId: 0} | ret=SUCCESS |  
2019-08-23 02:48:18,871 | INFO  | DNAudit | user=null | ip=null | op=PUT_BLOCK {blockData=[blockId=conID: 2 locID: 102664011693621753 bcsId: 0,size=1048576]} | ret=SUCCESS |  
2019-08-23 02:48:18,871 | INFO  | DNAudit | user=null | ip=null | op=WRITE_CHUNK {blockData=conID: 2 locID: 102664011693621753 bcsId: 0} | ret=SUCCESS |  
2019-08-23 02:48:18,872 | INFO  | DNAudit | user=null | ip=null | op=WRITE_CHUNK {blockData=conID: 2 locID: 102664011693621753 bcsId: 0} | ret=SUCCESS |  
2019-08-23 02:48:18,872 | INFO  | DNAudit | user=null | ip=null | op=PUT_BLOCK {blockData=[blockId=conID: 2 locID: 102664011693621753 bcsId: 0,size=2097152]} | ret=SUCCESS |  
2019-08-23 02:48:18,872 | INFO  | DNAudit | user=null | ip=null | op=PUT_BLOCK {blockData=[blockId=conID: 2 locID: 102664011693621753 bcsId: 0,size=2097152]} | ret=SUCCESS |  
2019-08-23 02:48:18,872 [grpc-default-executor-4] INFO  client.GrpcClientProtocolClient (GrpcClientProtocolClient.java:onNext(255)) - client-B268B4322F32->17750241-545b-4219-93a1-14a6ea3d85be: receive RaftClientReply:client-B268B4322F32->17750241-545b-4219-93a1-14a6ea3d85be@group-C33FBD9556F2, cid=1622, SUCCESS, logIndex=0, commits[17750241-545b-4219-93a1-14a6ea3d85be:c2343, 4eaaa090-573e-41d3-9f8c-c99e236d806a:c2340, 5f4cf9ee-4bed-49de-adaa-861aec894328:c2338]
2019-08-23 02:48:18,879 | INFO  | DNAudit | user=null | ip=null | op=WRITE_CHUNK {blockData=conID: 2 locID: 102664011693621753 bcsId: 2340} | ret=SUCCESS |  
2019-08-23 02:48:18,881 | INFO  | DNAudit | user=null | ip=null | op=WRITE_CHUNK {blockData=conID: 2 locID: 102664011693621753 bcsId: 2340} | ret=SUCCESS |  
2019-08-23 02:48:18,881 | INFO  | DNAudit | user=null | ip=null | op=WRITE_CHUNK {blockData=conID: 2 locID: 102664011693621753 bcsId: 2340} | ret=SUCCESS |  
2019-08-23 02:48:18,887 | INFO  | SCMAudit | user=jenkins1000 | ip=192.168.34.22 | op=SEND_HEARTBEAT {datanodeUUID=0cedf437-a8af-4d70-bac5-ea9863093e86, command=[]} | ret=SUCCESS |  
2019-08-23 02:48:18,891 | INFO  | DNAudit | user=null | ip=null | op=WRITE_CHUNK {blockData=conID: 2 locID: 102664011693621753 bcsId: 2340} | ret=SUCCESS |  
2019-08-23 02:48:18,891 | INFO  | DNAudit | user=null | ip=null | op=PUT_BLOCK {blockData=[blockId=conID: 2 locID: 102664011693621753 bcsId: 0,size=3145728]} | ret=SUCCESS |  
2019-08-23 02:48:18,891 [grpc-default-executor-6] INFO  client.GrpcClientProtocolClient (GrpcClientProtocolClient.java:onNext(255)) - client-B268B4322F32->17750241-545b-4219-93a1-14a6ea3d85be: receive RaftClientReply:client-B268B4322F32->17750241-545b-4219-93a1-14a6ea3d85be@group-C33FBD9556F2, cid=1623, SUCCESS, logIndex=2345, commits[17750241-545b-4219-93a1-14a6ea3d85be:c2346, 4eaaa090-573e-41d3-9f8c-c99e236d806a:c2344, 5f4cf9ee-4bed-49de-adaa-861aec894328:c2344]
2019-08-23 02:48:18,892 [grpc-default-executor-6] INFO  client.GrpcClientProtocolClient (GrpcClientProtocolClient.java:onNext(255)) - client-B268B4322F32->17750241-545b-4219-93a1-14a6ea3d85be: receive RaftClientReply:client-B268B4322F32->17750241-545b-4219-93a1-14a6ea3d85be@group-C33FBD9556F2, cid=1624, SUCCESS, logIndex=2346, commits[17750241-545b-4219-93a1-14a6ea3d85be:c2346, 4eaaa090-573e-41d3-9f8c-c99e236d806a:c2344, 5f4cf9ee-4bed-49de-adaa-861aec894328:c2344]
2019-08-23 02:48:18,898 | INFO  | DNAudit | user=null | ip=null | op=WRITE_CHUNK {blockData=conID: 2 locID: 102664011693621753 bcsId: 2346} | ret=SUCCESS |  
2019-08-23 02:48:18,901 | INFO  | DNAudit | user=null | ip=null | op=WRITE_CHUNK {blockData=conID: 2 locID: 102664011693621753 bcsId: 2346} | ret=SUCCESS |  
2019-08-23 02:48:18,901 | INFO  | DNAudit | user=null | ip=null | op=WRITE_CHUNK {blockData=conID: 2 locID: 102664011693621753 bcsId: 2346} | ret=SUCCESS |  
2019-08-23 02:48:18,903 | INFO  | DNAudit | user=null | ip=null | op=WRITE_CHUNK {blockData=conID: 2 locID: 102664011693621753 bcsId: 2340} | ret=SUCCESS |  
2019-08-23 02:48:18,903 | INFO  | DNAudit | user=null | ip=null | op=WRITE_CHUNK {blockData=conID: 2 locID: 102664011693621753 bcsId: 2340} | ret=SUCCESS |  
2019-08-23 02:48:18,905 | INFO  | DNAudit | user=null | ip=null | op=PUT_BLOCK {blockData=[blockId=conID: 2 locID: 102664011693621753 bcsId: 0,size=3145728]} | ret=SUCCESS |  
2019-08-23 02:48:18,905 | INFO  | DNAudit | user=null | ip=null | op=PUT_BLOCK {blockData=[blockId=conID: 2 locID: 102664011693621753 bcsId: 0,size=3145728]} | ret=SUCCESS |  
2019-08-23 02:48:18,906 | INFO  | DNAudit | user=null | ip=null | op=WRITE_CHUNK {blockData=conID: 2 locID: 102664011693621753 bcsId: 2346} | ret=SUCCESS |  
2019-08-23 02:48:18,906 | INFO  | DNAudit | user=null | ip=null | op=PUT_BLOCK {blockData=[blockId=conID: 2 locID: 102664011693621753 bcsId: 0,size=4194304]} | ret=SUCCESS |  
2019-08-23 02:48:18,906 [grpc-default-executor-6] INFO  client.GrpcClientProtocolClient (GrpcClientProtocolClient.java:onNext(255)) - client-B268B4322F32->17750241-545b-4219-93a1-14a6ea3d85be: receive RaftClientReply:client-B268B4322F32->17750241-545b-4219-93a1-14a6ea3d85be@group-C33FBD9556F2, cid=1625, SUCCESS, logIndex=2349, commits[17750241-545b-4219-93a1-14a6ea3d85be:c2350, 4eaaa090-573e-41d3-9f8c-c99e236d806a:c2346, 5f4cf9ee-4bed-49de-adaa-861aec894328:c2346]
2019-08-23 02:48:18,907 [grpc-default-executor-6] INFO  client.GrpcClientProtocolClient (GrpcClientProtocolClient.java:onNext(255)) - client-B268B4322F32->17750241-545b-4219-93a1-14a6ea3d85be: receive RaftClientReply:client-B268B4322F32->17750241-545b-4219-93a1-14a6ea3d85be@group-C33FBD9556F2, cid=1626, SUCCESS, logIndex=2350, commits[17750241-545b-4219-93a1-14a6ea3d85be:c2350, 4eaaa090-573e-41d3-9f8c-c99e236d806a:c2346, 5f4cf9ee-4bed-49de-adaa-861aec894328:c2346]
2019-08-23 02:48:18,917 | INFO  | DNAudit | user=null | ip=null | op=WRITE_CHUNK {blockData=conID: 2 locID: 102664011693621753 bcsId: 2346} | ret=SUCCESS |  
2019-08-23 02:48:18,917 | INFO  | DNAudit | user=null | ip=null | op=WRITE_CHUNK {blockData=conID: 2 locID: 102664011693621753 bcsId: 2346} | ret=SUCCESS |  
2019-08-23 02:48:18,920 | INFO  | DNAudit | user=null | ip=null | op=PUT_BLOCK {blockData=[blockId=conID: 2 locID: 102664011693621753 bcsId: 0,size=4194304]} | ret=SUCCESS |  
2019-08-23 02:48:18,920 | INFO  | DNAudit | user=null | ip=null | op=PUT_BLOCK {blockData=[blockId=conID: 2 locID: 102664011693621753 bcsId: 0,size=4194304]} | ret=SUCCESS |  
2019-08-23 02:48:18,920 [grpc-default-executor-6] INFO  client.GrpcClientProtocolClient (GrpcClientProtocolClient.java:onNext(255)) - client-B268B4322F32->17750241-545b-4219-93a1-14a6ea3d85be: receive RaftClientReply:client-B268B4322F32->17750241-545b-4219-93a1-14a6ea3d85be@group-C33FBD9556F2, cid=1627, SUCCESS, logIndex=0, commits[17750241-545b-4219-93a1-14a6ea3d85be:c2352, 4eaaa090-573e-41d3-9f8c-c99e236d806a:c2350, 5f4cf9ee-4bed-49de-adaa-861aec894328:c2350]
2019-08-23 02:48:18,922 | INFO  | SCMAudit | user=jenkins1000 | ip=192.168.34.22 | op=ALLOCATE_BLOCK {owner=31d65bc3-3f70-45f5-bbc5-e3a15f967ba6, size=4194304, type=RATIS, factor=THREE} | ret=SUCCESS |  
2019-08-23 02:48:18,925 | INFO  | OMAudit | user=jenkins1000 | ip=127.0.0.1 | op=ALLOCATE_BLOCK {volume=vol-0-78052, bucket=bucket-0-33874, key=key-0-20719, dataSize=2147483657, replicationType=RATIS, replicationFactor=THREE, keyLocationInfo=[], clientID=102664010308846034} | ret=SUCCESS |  
2019-08-23 02:48:18,934 | INFO  | DNAudit | user=null | ip=null | op=WRITE_CHUNK {blockData=conID: 3 locID: 102664011705352698 bcsId: 0} | ret=SUCCESS |  
2019-08-23 02:48:18,936 | INFO  | DNAudit | user=null | ip=null | op=WRITE_CHUNK {blockData=conID: 3 locID: 102664011705352698 bcsId: 0} | ret=SUCCESS |  
2019-08-23 02:48:18,937 | INFO  | DNAudit | user=null | ip=null | op=WRITE_CHUNK {blockData=conID: 3 locID: 102664011705352698 bcsId: 0} | ret=SUCCESS |  
2019-08-23 02:48:18,938 | INFO  | DNAudit | user=null | ip=null | op=WRITE_CHUNK {blockData=conID: 3 locID: 102664011705352698 bcsId: 0} | ret=SUCCESS |  
2019-08-23 02:48:18,940 | INFO  | DNAudit | user=null | ip=null | op=WRITE_CHUNK {blockData=conID: 3 locID: 102664011705352698 bcsId: 0} | ret=SUCCESS |  
2019-08-23 02:48:18,940 | INFO  | DNAudit | user=null | ip=null | op=WRITE_CHUNK {blockData=conID: 3 locID: 102664011705352698 bcsId: 0} | ret=SUCCESS |  
2019-08-23 02:48:18,947 | INFO  | DNAudit | user=null | ip=null | op=WRITE_CHUNK {blockData=conID: 3 locID: 102664011705352698 bcsId: 0} | ret=SUCCESS |  
2019-08-23 02:48:18,948 | INFO  | DNAudit | user=null | ip=null | op=PUT_BLOCK {blockData=[blockId=conID: 3 locID: 102664011705352698 bcsId: 0,size=1048576]} | ret=SUCCESS |  
2019-08-23 02:48:18,948 [grpc-default-executor-5] INFO  client.GrpcClientProtocolClient (GrpcClientProtocolClient.java:onNext(255)) - client-B268B4322F32->17750241-545b-4219-93a1-14a6ea3d85be: receive RaftClientReply:client-B268B4322F32->17750241-545b-4219-93a1-14a6ea3d85be@group-C33FBD9556F2, cid=1628, SUCCESS, logIndex=2353, commits[17750241-545b-4219-93a1-14a6ea3d85be:c2354, 4eaaa090-573e-41d3-9f8c-c99e236d806a:c2352, 5f4cf9ee-4bed-49de-adaa-861aec894328:c2352]
2019-08-23 02:48:18,948 | INFO  | DNAudit | user=null | ip=null | op=WRITE_CHUNK {blockData=conID: 3 locID: 102664011705352698 bcsId: 0} | ret=SUCCESS |  
2019-08-23 02:48:18,949 | INFO  | DNAudit | user=null | ip=null | op=WRITE_CHUNK {blockData=conID: 3 locID: 102664011705352698 bcsId: 0} | ret=SUCCESS |  
2019-08-23 02:48:18,949 | INFO  | DNAudit | user=null | ip=null | op=WRITE_CHUNK {blockData=conID: 3 locID: 102664011705352698 bcsId: 0} | ret=SUCCESS |  
2019-08-23 02:48:18,949 | INFO  | DNAudit | user=null | ip=null | op=PUT_BLOCK {blockData=[blockId=conID: 3 locID: 102664011705352698 bcsId: 0,size=2097152]} | ret=SUCCESS |  
2019-08-23 02:48:18,949 | INFO  | DNAudit | user=null | ip=null | op=PUT_BLOCK {blockData=[blockId=conID: 3 locID: 102664011705352698 bcsId: 0,size=1048576]} | ret=SUCCESS |  
2019-08-23 02:48:18,949 | INFO  | DNAudit | user=null | ip=null | op=PUT_BLOCK {blockData=[blockId=conID: 3 locID: 102664011705352698 bcsId: 0,size=1048576]} | ret=SUCCESS |  
2019-08-23 02:48:18,949 [grpc-default-executor-5] INFO  client.GrpcClientProtocolClient (GrpcClientProtocolClient.java:onNext(255)) - client-B268B4322F32->17750241-545b-4219-93a1-14a6ea3d85be: receive RaftClientReply:client-B268B4322F32->17750241-545b-4219-93a1-14a6ea3d85be@group-C33FBD9556F2, cid=1629, SUCCESS, logIndex=2354, commits[17750241-545b-4219-93a1-14a6ea3d85be:c2356, 4eaaa090-573e-41d3-9f8c-c99e236d806a:c2352, 5f4cf9ee-4bed-49de-adaa-861aec894328:c2352]
2019-08-23 02:48:18,949 [grpc-default-executor-5] INFO  client.GrpcClientProtocolClient (GrpcClientProtocolClient.java:onNext(255)) - client-B268B4322F32->17750241-545b-4219-93a1-14a6ea3d85be: receive RaftClientReply:client-B268B4322F32->17750241-545b-4219-93a1-14a6ea3d85be@group-C33FBD9556F2, cid=1630, SUCCESS, logIndex=2355, commits[17750241-545b-4219-93a1-14a6ea3d85be:c2356, 4eaaa090-573e-41d3-9f8c-c99e236d806a:c2352, 5f4cf9ee-4bed-49de-adaa-861aec894328:c2352]
2019-08-23 02:48:18,950 [grpc-default-executor-5] INFO  client.GrpcClientProtocolClient (GrpcClientProtocolClient.java:onNext(255)) - client-B268B4322F32->17750241-545b-4219-93a1-14a6ea3d85be: receive RaftClientReply:client-B268B4322F32->17750241-545b-4219-93a1-14a6ea3d85be@group-C33FBD9556F2, cid=1631, SUCCESS, logIndex=2356, commits[17750241-545b-4219-93a1-14a6ea3d85be:c2357, 4eaaa090-573e-41d3-9f8c-c99e236d806a:c2354, 5f4cf9ee-4bed-49de-adaa-861aec894328:c2354]
2019-08-23 02:48:18,950 | INFO  | DNAudit | user=null | ip=null | op=WRITE_CHUNK {blockData=conID: 3 locID: 102664011705352698 bcsId: 0} | ret=SUCCESS |  
2019-08-23 02:48:18,950 | INFO  | DNAudit | user=null | ip=null | op=PUT_BLOCK {blockData=[blockId=conID: 3 locID: 102664011705352698 bcsId: 0,size=2097152]} | ret=SUCCESS |  
2019-08-23 02:48:18,950 | INFO  | DNAudit | user=null | ip=null | op=WRITE_CHUNK {blockData=conID: 3 locID: 102664011705352698 bcsId: 0} | ret=SUCCESS |  
2019-08-23 02:48:18,951 | INFO  | DNAudit | user=null | ip=null | op=PUT_BLOCK {blockData=[blockId=conID: 3 locID: 102664011705352698 bcsId: 0,size=2097152]} | ret=SUCCESS |  
2019-08-23 02:48:18,956 | INFO  | DNAudit | user=null | ip=null | op=WRITE_CHUNK {blockData=conID: 3 locID: 102664011705352698 bcsId: 2356} | ret=SUCCESS |  
2019-08-23 02:48:18,958 | INFO  | DNAudit | user=null | ip=null | op=WRITE_CHUNK {blockData=conID: 3 locID: 102664011705352698 bcsId: 2356} | ret=SUCCESS |  
2019-08-23 02:48:18,958 | INFO  | DNAudit | user=null | ip=null | op=WRITE_CHUNK {blockData=conID: 3 locID: 102664011705352698 bcsId: 2356} | ret=SUCCESS |  
2019-08-23 02:48:18,969 | INFO  | DNAudit | user=null | ip=null | op=WRITE_CHUNK {blockData=conID: 3 locID: 102664011705352698 bcsId: 2356} | ret=SUCCESS |  
2019-08-23 02:48:18,969 | INFO  | DNAudit | user=null | ip=null | op=PUT_BLOCK {blockData=[blockId=conID: 3 locID: 102664011705352698 bcsId: 0,size=3145728]} | ret=SUCCESS |  
2019-08-23 02:48:18,969 [grpc-default-executor-5] INFO  client.GrpcClientProtocolClient (GrpcClientProtocolClient.java:onNext(255)) - client-B268B4322F32->17750241-545b-4219-93a1-14a6ea3d85be: receive RaftClientReply:client-B268B4322F32->17750241-545b-4219-93a1-14a6ea3d85be@group-C33FBD9556F2, cid=1632, SUCCESS, logIndex=2361, commits[17750241-545b-4219-93a1-14a6ea3d85be:c2362, 4eaaa090-573e-41d3-9f8c-c99e236d806a:c2360, 5f4cf9ee-4bed-49de-adaa-861aec894328:c2360]
2019-08-23 02:48:18,970 [grpc-default-executor-5] INFO  client.GrpcClientProtocolClient (GrpcClientProtocolClient.java:onNext(255)) - client-B268B4322F32->17750241-545b-4219-93a1-14a6ea3d85be: receive RaftClientReply:client-B268B4322F32->17750241-545b-4219-93a1-14a6ea3d85be@group-C33FBD9556F2, cid=1633, SUCCESS, logIndex=2362, commits[17750241-545b-4219-93a1-14a6ea3d85be:c2362, 4eaaa090-573e-41d3-9f8c-c99e236d806a:c2360, 5f4cf9ee-4bed-49de-adaa-861aec894328:c2360]
2019-08-23 02:48:18,977 | INFO  | DNAudit | user=null | ip=null | op=WRITE_CHUNK {blockData=conID: 3 locID: 102664011705352698 bcsId: 2362} | ret=SUCCESS |  
2019-08-23 02:48:18,979 | INFO  | DNAudit | user=null | ip=null | op=WRITE_CHUNK {blockData=conID: 3 locID: 102664011705352698 bcsId: 2362} | ret=SUCCESS |  
2019-08-23 02:48:18,979 | INFO  | DNAudit | user=null | ip=null | op=WRITE_CHUNK {blockData=conID: 3 locID: 102664011705352698 bcsId: 2362} | ret=SUCCESS |  
2019-08-23 02:48:18,988 | INFO  | DNAudit | user=null | ip=null | op=WRITE_CHUNK {blockData=conID: 3 locID: 102664011705352698 bcsId: 2356} | ret=SUCCESS |  
2019-08-23 02:48:18,989 | INFO  | DNAudit | user=null | ip=null | op=WRITE_CHUNK {blockData=conID: 3 locID: 102664011705352698 bcsId: 2356} | ret=SUCCESS |  
2019-08-23 02:48:18,989 | INFO  | DNAudit | user=null | ip=null | op=PUT_BLOCK {blockData=[blockId=conID: 3 locID: 102664011705352698 bcsId: 0,size=3145728]} | ret=SUCCESS |  
2019-08-23 02:48:18,989 | INFO  | DNAudit | user=null | ip=null | op=PUT_BLOCK {blockData=[blockId=conID: 3 locID: 102664011705352698 bcsId: 0,size=3145728]} | ret=SUCCESS |  
2019-08-23 02:48:18,990 | INFO  | DNAudit | user=null | ip=null | op=WRITE_CHUNK {blockData=conID: 3 locID: 102664011705352698 bcsId: 2362} | ret=SUCCESS |  
2019-08-23 02:48:18,991 | INFO  | DNAudit | user=null | ip=null | op=PUT_BLOCK {blockData=[blockId=conID: 3 locID: 102664011705352698 bcsId: 0,size=4194304]} | ret=SUCCESS |  
2019-08-23 02:48:18,991 [grpc-default-executor-6] INFO  client.GrpcClientProtocolClient (GrpcClientProtocolClient.java:onNext(255)) - client-B268B4322F32->17750241-545b-4219-93a1-14a6ea3d85be: receive RaftClientReply:client-B268B4322F32->17750241-545b-4219-93a1-14a6ea3d85be@group-C33FBD9556F2, cid=1634, SUCCESS, logIndex=2365, commits[17750241-545b-4219-93a1-14a6ea3d85be:c2366, 4eaaa090-573e-41d3-9f8c-c99e236d806a:c2362, 5f4cf9ee-4bed-49de-adaa-861aec894328:c2362]
2019-08-23 02:48:18,991 [grpc-default-executor-6] INFO  client.GrpcClientProtocolClient (GrpcClientProtocolClient.java:onNext(255)) - client-B268B4322F32->17750241-545b-4219-93a1-14a6ea3d85be: receive RaftClientReply:client-B268B4322F32->17750241-545b-4219-93a1-14a6ea3d85be@group-C33FBD9556F2, cid=1635, SUCCESS, logIndex=2366, commits[17750241-545b-4219-93a1-14a6ea3d85be:c2366, 4eaaa090-573e-41d3-9f8c-c99e236d806a:c2362, 5f4cf9ee-4bed-49de-adaa-861aec894328:c2362]
2019-08-23 02:48:18,992 | INFO  | DNAudit | user=null | ip=null | op=WRITE_CHUNK {blockData=conID: 3 locID: 102664011705352698 bcsId: 2362} | ret=SUCCESS |  
2019-08-23 02:48:18,992 | INFO  | DNAudit | user=null | ip=null | op=WRITE_CHUNK {blockData=conID: 3 locID: 102664011705352698 bcsId: 2362} | ret=SUCCESS |  
2019-08-23 02:48:18,992 | INFO  | DNAudit | user=null | ip=null | op=PUT_BLOCK {blockData=[blockId=conID: 3 locID: 102664011705352698 bcsId: 0,size=4194304]} | ret=SUCCESS |  
2019-08-23 02:48:18,992 | INFO  | DNAudit | user=null | ip=null | op=PUT_BLOCK {blockData=[blockId=conID: 3 locID: 102664011705352698 bcsId: 0,size=4194304]} | ret=SUCCESS |  
2019-08-23 02:48:18,993 [grpc-default-executor-6] INFO  client.GrpcClientProtocolClient (GrpcClientProtocolClient.java:onNext(255)) - client-B268B4322F32->17750241-545b-4219-93a1-14a6ea3d85be: receive RaftClientReply:client-B268B4322F32->17750241-545b-4219-93a1-14a6ea3d85be@group-C33FBD9556F2, cid=1636, SUCCESS, logIndex=0, commits[17750241-545b-4219-93a1-14a6ea3d85be:c2367, 4eaaa090-573e-41d3-9f8c-c99e236d806a:c2366, 5f4cf9ee-4bed-49de-adaa-861aec894328:c2366]
2019-08-23 02:48:18,994 | INFO  | SCMAudit | user=jenkins1000 | ip=192.168.34.22 | op=ALLOCATE_BLOCK {owner=31d65bc3-3f70-45f5-bbc5-e3a15f967ba6, size=4194304, type=RATIS, factor=THREE} | ret=SUCCESS |  
2019-08-23 02:48:18,996 | INFO  | OMAudit | user=jenkins1000 | ip=127.0.0.1 | op=ALLOCATE_BLOCK {volume=vol-0-78052, bucket=bucket-0-33874, key=key-0-20719, dataSize=2147483657, replicationType=RATIS, replicationFactor=THREE, keyLocationInfo=[], clientID=102664010308846034} | ret=SUCCESS |  
2019-08-23 02:48:19,007 | INFO  | DNAudit | user=null | ip=null | op=WRITE_CHUNK {blockData=conID: 1 locID: 102664011710071291 bcsId: 0} | ret=SUCCESS |  
2019-08-23 02:48:19,009 | INFO  | DNAudit | user=null | ip=null | op=WRITE_CHUNK {blockData=conID: 1 locID: 102664011710071291 bcsId: 0} | ret=SUCCESS |  
2019-08-23 02:48:19,010 | INFO  | DNAudit | user=null | ip=null | op=WRITE_CHUNK {blockData=conID: 1 locID: 102664011710071291 bcsId: 0} | ret=SUCCESS |  
2019-08-23 02:48:19,011 | INFO  | DNAudit | user=null | ip=null | op=WRITE_CHUNK {blockData=conID: 1 locID: 102664011710071291 bcsId: 0} | ret=SUCCESS |  
2019-08-23 02:48:19,012 | INFO  | DNAudit | user=null | ip=null | op=WRITE_CHUNK {blockData=conID: 1 locID: 102664011710071291 bcsId: 0} | ret=SUCCESS |  
2019-08-23 02:48:19,012 | INFO  | DNAudit | user=null | ip=null | op=WRITE_CHUNK {blockData=conID: 1 locID: 102664011710071291 bcsId: 0} | ret=SUCCESS |  
2019-08-23 02:48:19,019 | INFO  | DNAudit | user=null | ip=null | op=WRITE_CHUNK {blockData=conID: 1 locID: 102664011710071291 bcsId: 0} | ret=SUCCESS |  
2019-08-23 02:48:19,020 | INFO  | DNAudit | user=null | ip=null | op=PUT_BLOCK {blockData=[blockId=conID: 1 locID: 102664011710071291 bcsId: 0,size=1048576]} | ret=SUCCESS |  
2019-08-23 02:48:19,020 [grpc-default-executor-4] INFO  client.GrpcClientProtocolClient (GrpcClientProtocolClient.java:onNext(255)) - client-B268B4322F32->17750241-545b-4219-93a1-14a6ea3d85be: receive RaftClientReply:client-B268B4322F32->17750241-545b-4219-93a1-14a6ea3d85be@group-C33FBD9556F2, cid=1637, SUCCESS, logIndex=2369, commits[17750241-545b-4219-93a1-14a6ea3d85be:c2370, 4eaaa090-573e-41d3-9f8c-c99e236d806a:c2368, 5f4cf9ee-4bed-49de-adaa-861aec894328:c2368]
2019-08-23 02:48:19,020 | INFO  | DNAudit | user=null | ip=null | op=WRITE_CHUNK {blockData=conID: 1 locID: 102664011710071291 bcsId: 0} | ret=SUCCESS |  
2019-08-23 02:48:19,020 [grpc-default-executor-4] INFO  client.GrpcClientProtocolClient (GrpcClientProtocolClient.java:onNext(255)) - client-B268B4322F32->17750241-545b-4219-93a1-14a6ea3d85be: receive RaftClientReply:client-B268B4322F32->17750241-545b-4219-93a1-14a6ea3d85be@group-C33FBD9556F2, cid=1638, SUCCESS, logIndex=2370, commits[17750241-545b-4219-93a1-14a6ea3d85be:c2370, 4eaaa090-573e-41d3-9f8c-c99e236d806a:c2368, 5f4cf9ee-4bed-49de-adaa-861aec894328:c2368]
2019-08-23 02:48:19,020 | INFO  | DNAudit | user=null | ip=null | op=PUT_BLOCK {blockData=[blockId=conID: 1 locID: 102664011710071291 bcsId: 0,size=2097152]} | ret=SUCCESS |  
2019-08-23 02:48:19,021 [grpc-default-executor-4] INFO  client.GrpcClientProtocolClient (GrpcClientProtocolClient.java:onNext(255)) - client-B268B4322F32->17750241-545b-4219-93a1-14a6ea3d85be: receive RaftClientReply:client-B268B4322F32->17750241-545b-4219-93a1-14a6ea3d85be@group-C33FBD9556F2, cid=1639, SUCCESS, logIndex=2371, commits[17750241-545b-4219-93a1-14a6ea3d85be:c2372, 4eaaa090-573e-41d3-9f8c-c99e236d806a:c2368, 5f4cf9ee-4bed-49de-adaa-861aec894328:c2368]
2019-08-23 02:48:19,021 [grpc-default-executor-4] INFO  client.GrpcClientProtocolClient (GrpcClientProtocolClient.java:onNext(255)) - client-B268B4322F32->17750241-545b-4219-93a1-14a6ea3d85be: receive RaftClientReply:client-B268B4322F32->17750241-545b-4219-93a1-14a6ea3d85be@group-C33FBD9556F2, cid=1640, SUCCESS, logIndex=2372, commits[17750241-545b-4219-93a1-14a6ea3d85be:c2372, 4eaaa090-573e-41d3-9f8c-c99e236d806a:c2368, 5f4cf9ee-4bed-49de-adaa-861aec894328:c2368]
2019-08-23 02:48:19,033 | INFO  | DNAudit | user=null | ip=null | op=WRITE_CHUNK {blockData=conID: 1 locID: 102664011710071291 bcsId: 0} | ret=SUCCESS |  
2019-08-23 02:48:19,033 | INFO  | DNAudit | user=null | ip=null | op=WRITE_CHUNK {blockData=conID: 1 locID: 102664011710071291 bcsId: 0} | ret=SUCCESS |  
2019-08-23 02:48:19,034 | INFO  | DNAudit | user=null | ip=null | op=PUT_BLOCK {blockData=[blockId=conID: 1 locID: 102664011710071291 bcsId: 0,size=1048576]} | ret=SUCCESS |  
2019-08-23 02:48:19,034 | INFO  | DNAudit | user=null | ip=null | op=PUT_BLOCK {blockData=[blockId=conID: 1 locID: 102664011710071291 bcsId: 0,size=1048576]} | ret=SUCCESS |  
2019-08-23 02:48:19,034 | INFO  | DNAudit | user=null | ip=null | op=WRITE_CHUNK {blockData=conID: 1 locID: 102664011710071291 bcsId: 0} | ret=SUCCESS |  
2019-08-23 02:48:19,034 | INFO  | DNAudit | user=null | ip=null | op=PUT_BLOCK {blockData=[blockId=conID: 1 locID: 102664011710071291 bcsId: 0,size=2097152]} | ret=SUCCESS |  
2019-08-23 02:48:19,034 | INFO  | DNAudit | user=null | ip=null | op=WRITE_CHUNK {blockData=conID: 1 locID: 102664011710071291 bcsId: 0} | ret=SUCCESS |  
2019-08-23 02:48:19,034 [grpc-default-executor-1] INFO  client.GrpcClientProtocolClient (GrpcClientProtocolClient.java:onNext(255)) - client-B268B4322F32->17750241-545b-4219-93a1-14a6ea3d85be: receive RaftClientReply:client-B268B4322F32->17750241-545b-4219-93a1-14a6ea3d85be@group-C33FBD9556F2, cid=1641, SUCCESS, logIndex=0, commits[17750241-545b-4219-93a1-14a6ea3d85be:c2374, 4eaaa090-573e-41d3-9f8c-c99e236d806a:c2370, 5f4cf9ee-4bed-49de-adaa-861aec894328:c2370]
2019-08-23 02:48:19,034 | INFO  | DNAudit | user=null | ip=null | op=PUT_BLOCK {blockData=[blockId=conID: 1 locID: 102664011710071291 bcsId: 0,size=2097152]} | ret=SUCCESS |  
2019-08-23 02:48:19,041 | INFO  | DNAudit | user=null | ip=null | op=WRITE_CHUNK {blockData=conID: 1 locID: 102664011710071291 bcsId: 2372} | ret=SUCCESS |  
2019-08-23 02:48:19,043 | INFO  | DNAudit | user=null | ip=null | op=WRITE_CHUNK {blockData=conID: 1 locID: 102664011710071291 bcsId: 2372} | ret=SUCCESS |  
2019-08-23 02:48:19,043 | INFO  | DNAudit | user=null | ip=null | op=WRITE_CHUNK {blockData=conID: 1 locID: 102664011710071291 bcsId: 2372} | ret=SUCCESS |  
2019-08-23 02:48:19,052 | INFO  | DNAudit | user=null | ip=null | op=WRITE_CHUNK {blockData=conID: 1 locID: 102664011710071291 bcsId: 2372} | ret=SUCCESS |  
2019-08-23 02:48:19,053 | INFO  | DNAudit | user=null | ip=null | op=PUT_BLOCK {blockData=[blockId=conID: 1 locID: 102664011710071291 bcsId: 0,size=3145728]} | ret=SUCCESS |  
2019-08-23 02:48:19,053 [grpc-default-executor-1] INFO  client.GrpcClientProtocolClient (GrpcClientProtocolClient.java:onNext(255)) - client-B268B4322F32->17750241-545b-4219-93a1-14a6ea3d85be: receive RaftClientReply:client-B268B4322F32->17750241-545b-4219-93a1-14a6ea3d85be@group-C33FBD9556F2, cid=1642, SUCCESS, logIndex=2377, commits[17750241-545b-4219-93a1-14a6ea3d85be:c2378, 4eaaa090-573e-41d3-9f8c-c99e236d806a:c2376, 5f4cf9ee-4bed-49de-adaa-861aec894328:c2376]
2019-08-23 02:48:19,053 [grpc-default-executor-1] INFO  client.GrpcClientProtocolClient (GrpcClientProtocolClient.java:onNext(255)) - client-B268B4322F32->17750241-545b-4219-93a1-14a6ea3d85be: receive RaftClientReply:client-B268B4322F32->17750241-545b-4219-93a1-14a6ea3d85be@group-C33FBD9556F2, cid=1643, SUCCESS, logIndex=2378, commits[17750241-545b-4219-93a1-14a6ea3d85be:c2378, 4eaaa090-573e-41d3-9f8c-c99e236d806a:c2376, 5f4cf9ee-4bed-49de-adaa-861aec894328:c2376]
2019-08-23 02:48:19,060 | INFO  | DNAudit | user=null | ip=null | op=WRITE_CHUNK {blockData=conID: 1 locID: 102664011710071291 bcsId: 2378} | ret=SUCCESS |  
2019-08-23 02:48:19,061 | INFO  | DNAudit | user=null | ip=null | op=WRITE_CHUNK {blockData=conID: 1 locID: 102664011710071291 bcsId: 2378} | ret=SUCCESS |  
2019-08-23 02:48:19,061 | INFO  | DNAudit | user=null | ip=null | op=WRITE_CHUNK {blockData=conID: 1 locID: 102664011710071291 bcsId: 2378} | ret=SUCCESS |  
2019-08-23 02:48:19,064 | INFO  | DNAudit | user=null | ip=null | op=WRITE_CHUNK {blockData=conID: 1 locID: 102664011710071291 bcsId: 2372} | ret=SUCCESS |  
2019-08-23 02:48:19,064 | INFO  | DNAudit | user=null | ip=null | op=WRITE_CHUNK {blockData=conID: 1 locID: 102664011710071291 bcsId: 2372} | ret=SUCCESS |  
2019-08-23 02:48:19,068 | INFO  | DNAudit | user=null | ip=null | op=PUT_BLOCK {blockData=[blockId=conID: 1 locID: 102664011710071291 bcsId: 0,size=3145728]} | ret=SUCCESS |  
2019-08-23 02:48:19,068 | INFO  | DNAudit | user=null | ip=null | op=PUT_BLOCK {blockData=[blockId=conID: 1 locID: 102664011710071291 bcsId: 0,size=3145728]} | ret=SUCCESS |  
2019-08-23 02:48:19,068 | INFO  | DNAudit | user=null | ip=null | op=WRITE_CHUNK {blockData=conID: 1 locID: 102664011710071291 bcsId: 2378} | ret=SUCCESS |  
2019-08-23 02:48:19,069 | INFO  | DNAudit | user=null | ip=null | op=PUT_BLOCK {blockData=[blockId=conID: 1 locID: 102664011710071291 bcsId: 0,size=4194304]} | ret=SUCCESS |  
2019-08-23 02:48:19,069 [grpc-default-executor-1] INFO  client.GrpcClientProtocolClient (GrpcClientProtocolClient.java:onNext(255)) - client-B268B4322F32->17750241-545b-4219-93a1-14a6ea3d85be: receive RaftClientReply:client-B268B4322F32->17750241-545b-4219-93a1-14a6ea3d85be@group-C33FBD9556F2, cid=1644, SUCCESS, logIndex=2381, commits[17750241-545b-4219-93a1-14a6ea3d85be:c2382, 4eaaa090-573e-41d3-9f8c-c99e236d806a:c2378, 5f4cf9ee-4bed-49de-adaa-861aec894328:c2378]
2019-08-23 02:48:19,069 [grpc-default-executor-1] INFO  client.GrpcClientProtocolClient (GrpcClientProtocolClient.java:onNext(255)) - client-B268B4322F32->17750241-545b-4219-93a1-14a6ea3d85be: receive RaftClientReply:client-B268B4322F32->17750241-545b-4219-93a1-14a6ea3d85be@group-C33FBD9556F2, cid=1645, SUCCESS, logIndex=2382, commits[17750241-545b-4219-93a1-14a6ea3d85be:c2382, 4eaaa090-573e-41d3-9f8c-c99e236d806a:c2378, 5f4cf9ee-4bed-49de-adaa-861aec894328:c2378]
2019-08-23 02:48:19,080 | INFO  | DNAudit | user=null | ip=null | op=WRITE_CHUNK {blockData=conID: 1 locID: 102664011710071291 bcsId: 2378} | ret=SUCCESS |  
2019-08-23 02:48:19,080 | INFO  | DNAudit | user=null | ip=null | op=WRITE_CHUNK {blockData=conID: 1 locID: 102664011710071291 bcsId: 2378} | ret=SUCCESS |  
2019-08-23 02:48:19,083 | INFO  | DNAudit | user=null | ip=null | op=PUT_BLOCK {blockData=[blockId=conID: 1 locID: 102664011710071291 bcsId: 0,size=4194304]} | ret=SUCCESS |  
2019-08-23 02:48:19,083 | INFO  | DNAudit | user=null | ip=null | op=PUT_BLOCK {blockData=[blockId=conID: 1 locID: 102664011710071291 bcsId: 0,size=4194304]} | ret=SUCCESS |  
2019-08-23 02:48:19,083 [grpc-default-executor-6] INFO  client.GrpcClientProtocolClient (GrpcClientProtocolClient.java:onNext(255)) - client-B268B4322F32->17750241-545b-4219-93a1-14a6ea3d85be: receive RaftClientReply:client-B268B4322F32->17750241-545b-4219-93a1-14a6ea3d85be@group-C33FBD9556F2, cid=1646, SUCCESS, logIndex=0, commits[17750241-545b-4219-93a1-14a6ea3d85be:c2383, 4eaaa090-573e-41d3-9f8c-c99e236d806a:c2382, 5f4cf9ee-4bed-49de-adaa-861aec894328:c2382]
2019-08-23 02:48:19,085 | INFO  | SCMAudit | user=jenkins1000 | ip=192.168.34.22 | op=ALLOCATE_BLOCK {owner=31d65bc3-3f70-45f5-bbc5-e3a15f967ba6, size=4194304, type=RATIS, factor=THREE} | ret=SUCCESS |  
2019-08-23 02:48:19,088 | INFO  | OMAudit | user=jenkins1000 | ip=127.0.0.1 | op=ALLOCATE_BLOCK {volume=vol-0-78052, bucket=bucket-0-33874, key=key-0-20719, dataSize=2147483657, replicationType=RATIS, replicationFactor=THREE, keyLocationInfo=[], clientID=102664010308846034} | ret=SUCCESS |  
2019-08-23 02:48:19,099 | INFO  | DNAudit | user=null | ip=null | op=WRITE_CHUNK {blockData=conID: 2 locID: 102664011716035068 bcsId: 0} | ret=SUCCESS |  
2019-08-23 02:48:19,101 | INFO  | DNAudit | user=null | ip=null | op=WRITE_CHUNK {blockData=conID: 2 locID: 102664011716035068 bcsId: 0} | ret=SUCCESS |  
2019-08-23 02:48:19,101 | INFO  | DNAudit | user=null | ip=null | op=WRITE_CHUNK {blockData=conID: 2 locID: 102664011716035068 bcsId: 0} | ret=SUCCESS |  
2019-08-23 02:48:19,102 | INFO  | DNAudit | user=null | ip=null | op=WRITE_CHUNK {blockData=conID: 2 locID: 102664011716035068 bcsId: 0} | ret=SUCCESS |  
2019-08-23 02:48:19,103 | INFO  | DNAudit | user=null | ip=null | op=WRITE_CHUNK {blockData=conID: 2 locID: 102664011716035068 bcsId: 0} | ret=SUCCESS |  
2019-08-23 02:48:19,104 | INFO  | DNAudit | user=null | ip=null | op=WRITE_CHUNK {blockData=conID: 2 locID: 102664011716035068 bcsId: 0} | ret=SUCCESS |  
2019-08-23 02:48:19,111 | INFO  | DNAudit | user=null | ip=null | op=WRITE_CHUNK {blockData=conID: 2 locID: 102664011716035068 bcsId: 0} | ret=SUCCESS |  
2019-08-23 02:48:19,111 | INFO  | DNAudit | user=null | ip=null | op=PUT_BLOCK {blockData=[blockId=conID: 2 locID: 102664011716035068 bcsId: 0,size=1048576]} | ret=SUCCESS |  
2019-08-23 02:48:19,111 [grpc-default-executor-6] INFO  client.GrpcClientProtocolClient (GrpcClientProtocolClient.java:onNext(255)) - client-B268B4322F32->17750241-545b-4219-93a1-14a6ea3d85be: receive RaftClientReply:client-B268B4322F32->17750241-545b-4219-93a1-14a6ea3d85be@group-C33FBD9556F2, cid=1647, SUCCESS, logIndex=2385, commits[17750241-545b-4219-93a1-14a6ea3d85be:c2386, 4eaaa090-573e-41d3-9f8c-c99e236d806a:c2384, 5f4cf9ee-4bed-49de-adaa-861aec894328:c2384]
2019-08-23 02:48:19,112 [grpc-default-executor-6] INFO  client.GrpcClientProtocolClient (GrpcClientProtocolClient.java:onNext(255)) - client-B268B4322F32->17750241-545b-4219-93a1-14a6ea3d85be: receive RaftClientReply:client-B268B4322F32->17750241-545b-4219-93a1-14a6ea3d85be@group-C33FBD9556F2, cid=1648, SUCCESS, logIndex=2386, commits[17750241-545b-4219-93a1-14a6ea3d85be:c2386, 4eaaa090-573e-41d3-9f8c-c99e236d806a:c2384, 5f4cf9ee-4bed-49de-adaa-861aec894328:c2384]
2019-08-23 02:48:19,122 | INFO  | DNAudit | user=null | ip=null | op=WRITE_CHUNK {blockData=conID: 2 locID: 102664011716035068 bcsId: 0} | ret=SUCCESS |  
2019-08-23 02:48:19,122 | INFO  | DNAudit | user=null | ip=null | op=PUT_BLOCK {blockData=[blockId=conID: 2 locID: 102664011716035068 bcsId: 0,size=2097152]} | ret=SUCCESS |  
2019-08-23 02:48:19,122 [grpc-default-executor-6] INFO  client.GrpcClientProtocolClient (GrpcClientProtocolClient.java:onNext(255)) - client-B268B4322F32->17750241-545b-4219-93a1-14a6ea3d85be: receive RaftClientReply:client-B268B4322F32->17750241-545b-4219-93a1-14a6ea3d85be@group-C33FBD9556F2, cid=1649, SUCCESS, logIndex=2387, commits[17750241-545b-4219-93a1-14a6ea3d85be:c2388, 4eaaa090-573e-41d3-9f8c-c99e236d806a:c2384, 5f4cf9ee-4bed-49de-adaa-861aec894328:c2384]
2019-08-23 02:48:19,123 [grpc-default-executor-6] INFO  client.GrpcClientProtocolClient (GrpcClientProtocolClient.java:onNext(255)) - client-B268B4322F32->17750241-545b-4219-93a1-14a6ea3d85be: receive RaftClientReply:client-B268B4322F32->17750241-545b-4219-93a1-14a6ea3d85be@group-C33FBD9556F2, cid=1650, SUCCESS, logIndex=2388, commits[17750241-545b-4219-93a1-14a6ea3d85be:c2388, 4eaaa090-573e-41d3-9f8c-c99e236d806a:c2384, 5f4cf9ee-4bed-49de-adaa-861aec894328:c2384]
2019-08-23 02:48:19,123 | INFO  | DNAudit | user=null | ip=null | op=WRITE_CHUNK {blockData=conID: 2 locID: 102664011716035068 bcsId: 0} | ret=SUCCESS |  
2019-08-23 02:48:19,123 | INFO  | DNAudit | user=null | ip=null | op=PUT_BLOCK {blockData=[blockId=conID: 2 locID: 102664011716035068 bcsId: 0,size=1048576]} | ret=SUCCESS |  
2019-08-23 02:48:19,123 | INFO  | DNAudit | user=null | ip=null | op=WRITE_CHUNK {blockData=conID: 2 locID: 102664011716035068 bcsId: 0} | ret=SUCCESS |  
2019-08-23 02:48:19,124 | INFO  | DNAudit | user=null | ip=null | op=PUT_BLOCK {blockData=[blockId=conID: 2 locID: 102664011716035068 bcsId: 0,size=1048576]} | ret=SUCCESS |  
2019-08-23 02:48:19,124 | INFO  | DNAudit | user=null | ip=null | op=WRITE_CHUNK {blockData=conID: 2 locID: 102664011716035068 bcsId: 0} | ret=SUCCESS |  
2019-08-23 02:48:19,124 [grpc-default-executor-4] INFO  client.GrpcClientProtocolClient (GrpcClientProtocolClient.java:onNext(255)) - client-B268B4322F32->17750241-545b-4219-93a1-14a6ea3d85be: receive RaftClientReply:client-B268B4322F32->17750241-545b-4219-93a1-14a6ea3d85be@group-C33FBD9556F2, cid=1651, SUCCESS, logIndex=0, commits[17750241-545b-4219-93a1-14a6ea3d85be:c2390, 4eaaa090-573e-41d3-9f8c-c99e236d806a:c2386, 5f4cf9ee-4bed-49de-adaa-861aec894328:c2386]
2019-08-23 02:48:19,124 | INFO  | DNAudit | user=null | ip=null | op=PUT_BLOCK {blockData=[blockId=conID: 2 locID: 102664011716035068 bcsId: 0,size=2097152]} | ret=SUCCESS |  
2019-08-23 02:48:19,125 | INFO  | DNAudit | user=null | ip=null | op=WRITE_CHUNK {blockData=conID: 2 locID: 102664011716035068 bcsId: 0} | ret=SUCCESS |  
2019-08-23 02:48:19,125 | INFO  | DNAudit | user=null | ip=null | op=PUT_BLOCK {blockData=[blockId=conID: 2 locID: 102664011716035068 bcsId: 0,size=2097152]} | ret=SUCCESS |  
2019-08-23 02:48:19,130 | INFO  | DNAudit | user=null | ip=null | op=WRITE_CHUNK {blockData=conID: 2 locID: 102664011716035068 bcsId: 2388} | ret=SUCCESS |  
2019-08-23 02:48:19,132 | INFO  | DNAudit | user=null | ip=null | op=WRITE_CHUNK {blockData=conID: 2 locID: 102664011716035068 bcsId: 2388} | ret=SUCCESS |  
2019-08-23 02:48:19,133 | INFO  | DNAudit | user=null | ip=null | op=WRITE_CHUNK {blockData=conID: 2 locID: 102664011716035068 bcsId: 2388} | ret=SUCCESS |  
2019-08-23 02:48:19,143 | INFO  | DNAudit | user=null | ip=null | op=WRITE_CHUNK {blockData=conID: 2 locID: 102664011716035068 bcsId: 2388} | ret=SUCCESS |  
2019-08-23 02:48:19,143 | INFO  | DNAudit | user=null | ip=null | op=PUT_BLOCK {blockData=[blockId=conID: 2 locID: 102664011716035068 bcsId: 0,size=3145728]} | ret=SUCCESS |  
2019-08-23 02:48:19,143 [grpc-default-executor-6] INFO  client.GrpcClientProtocolClient (GrpcClientProtocolClient.java:onNext(255)) - client-B268B4322F32->17750241-545b-4219-93a1-14a6ea3d85be: receive RaftClientReply:client-B268B4322F32->17750241-545b-4219-93a1-14a6ea3d85be@group-C33FBD9556F2, cid=1652, SUCCESS, logIndex=2393, commits[17750241-545b-4219-93a1-14a6ea3d85be:c2394, 4eaaa090-573e-41d3-9f8c-c99e236d806a:c2392, 5f4cf9ee-4bed-49de-adaa-861aec894328:c2392]
2019-08-23 02:48:19,144 [grpc-default-executor-6] INFO  client.GrpcClientProtocolClient (GrpcClientProtocolClient.java:onNext(255)) - client-B268B4322F32->17750241-545b-4219-93a1-14a6ea3d85be: receive RaftClientReply:client-B268B4322F32->17750241-545b-4219-93a1-14a6ea3d85be@group-C33FBD9556F2, cid=1653, SUCCESS, logIndex=2394, commits[17750241-545b-4219-93a1-14a6ea3d85be:c2394, 4eaaa090-573e-41d3-9f8c-c99e236d806a:c2392, 5f4cf9ee-4bed-49de-adaa-861aec894328:c2392]
2019-08-23 02:48:19,150 | INFO  | DNAudit | user=null | ip=null | op=WRITE_CHUNK {blockData=conID: 2 locID: 102664011716035068 bcsId: 2394} | ret=SUCCESS |  
2019-08-23 02:48:19,152 | INFO  | DNAudit | user=null | ip=null | op=WRITE_CHUNK {blockData=conID: 2 locID: 102664011716035068 bcsId: 2394} | ret=SUCCESS |  
2019-08-23 02:48:19,152 | INFO  | DNAudit | user=null | ip=null | op=WRITE_CHUNK {blockData=conID: 2 locID: 102664011716035068 bcsId: 2394} | ret=SUCCESS |  
2019-08-23 02:48:19,154 | INFO  | DNAudit | user=null | ip=null | op=WRITE_CHUNK {blockData=conID: 2 locID: 102664011716035068 bcsId: 2388} | ret=SUCCESS |  
2019-08-23 02:48:19,154 | INFO  | DNAudit | user=null | ip=null | op=WRITE_CHUNK {blockData=conID: 2 locID: 102664011716035068 bcsId: 2388} | ret=SUCCESS |  
2019-08-23 02:48:19,154 | INFO  | DNAudit | user=null | ip=null | op=PUT_BLOCK {blockData=[blockId=conID: 2 locID: 102664011716035068 bcsId: 0,size=3145728]} | ret=SUCCESS |  
2019-08-23 02:48:19,154 | INFO  | DNAudit | user=null | ip=null | op=PUT_BLOCK {blockData=[blockId=conID: 2 locID: 102664011716035068 bcsId: 0,size=3145728]} | ret=SUCCESS |  
2019-08-23 02:48:19,158 | INFO  | DNAudit | user=null | ip=null | op=WRITE_CHUNK {blockData=conID: 2 locID: 102664011716035068 bcsId: 2394} | ret=SUCCESS |  
2019-08-23 02:48:19,158 | INFO  | DNAudit | user=null | ip=null | op=PUT_BLOCK {blockData=[blockId=conID: 2 locID: 102664011716035068 bcsId: 0,size=4194304]} | ret=SUCCESS |  
2019-08-23 02:48:19,158 [grpc-default-executor-6] INFO  client.GrpcClientProtocolClient (GrpcClientProtocolClient.java:onNext(255)) - client-B268B4322F32->17750241-545b-4219-93a1-14a6ea3d85be: receive RaftClientReply:client-B268B4322F32->17750241-545b-4219-93a1-14a6ea3d85be@group-C33FBD9556F2, cid=1654, SUCCESS, logIndex=2397, commits[17750241-545b-4219-93a1-14a6ea3d85be:c2398, 4eaaa090-573e-41d3-9f8c-c99e236d806a:c2394, 5f4cf9ee-4bed-49de-adaa-861aec894328:c2394]
2019-08-23 02:48:19,158 [grpc-default-executor-6] INFO  client.GrpcClientProtocolClient (GrpcClientProtocolClient.java:onNext(255)) - client-B268B4322F32->17750241-545b-4219-93a1-14a6ea3d85be: receive RaftClientReply:client-B268B4322F32->17750241-545b-4219-93a1-14a6ea3d85be@group-C33FBD9556F2, cid=1655, SUCCESS, logIndex=2398, commits[17750241-545b-4219-93a1-14a6ea3d85be:c2398, 4eaaa090-573e-41d3-9f8c-c99e236d806a:c2394, 5f4cf9ee-4bed-49de-adaa-861aec894328:c2394]
2019-08-23 02:48:19,168 | INFO  | DNAudit | user=null | ip=null | op=WRITE_CHUNK {blockData=conID: 2 locID: 102664011716035068 bcsId: 2394} | ret=SUCCESS |  
2019-08-23 02:48:19,168 | INFO  | DNAudit | user=null | ip=null | op=WRITE_CHUNK {blockData=conID: 2 locID: 102664011716035068 bcsId: 2394} | ret=SUCCESS |  
2019-08-23 02:48:19,169 | INFO  | DNAudit | user=null | ip=null | op=PUT_BLOCK {blockData=[blockId=conID: 2 locID: 102664011716035068 bcsId: 0,size=4194304]} | ret=SUCCESS |  
2019-08-23 02:48:19,171 | INFO  | DNAudit | user=null | ip=null | op=PUT_BLOCK {blockData=[blockId=conID: 2 locID: 102664011716035068 bcsId: 0,size=4194304]} | ret=SUCCESS |  
2019-08-23 02:48:19,171 [grpc-default-executor-6] INFO  client.GrpcClientProtocolClient (GrpcClientProtocolClient.java:onNext(255)) - client-B268B4322F32->17750241-545b-4219-93a1-14a6ea3d85be: receive RaftClientReply:client-B268B4322F32->17750241-545b-4219-93a1-14a6ea3d85be@group-C33FBD9556F2, cid=1656, SUCCESS, logIndex=0, commits[17750241-545b-4219-93a1-14a6ea3d85be:c2399, 4eaaa090-573e-41d3-9f8c-c99e236d806a:c2398, 5f4cf9ee-4bed-49de-adaa-861aec894328:c2398]
2019-08-23 02:48:19,174 | INFO  | SCMAudit | user=jenkins1000 | ip=192.168.34.22 | op=ALLOCATE_BLOCK {owner=31d65bc3-3f70-45f5-bbc5-e3a15f967ba6, size=4194304, type=RATIS, factor=THREE} | ret=SUCCESS |  
2019-08-23 02:48:19,177 | INFO  | OMAudit | user=jenkins1000 | ip=127.0.0.1 | op=ALLOCATE_BLOCK {volume=vol-0-78052, bucket=bucket-0-33874, key=key-0-20719, dataSize=2147483657, replicationType=RATIS, replicationFactor=THREE, keyLocationInfo=[], clientID=102664010308846034} | ret=SUCCESS |  
2019-08-23 02:48:19,187 | INFO  | DNAudit | user=null | ip=null | op=WRITE_CHUNK {blockData=conID: 3 locID: 102664011721867773 bcsId: 0} | ret=SUCCESS |  
2019-08-23 02:48:19,189 | INFO  | DNAudit | user=null | ip=null | op=WRITE_CHUNK {blockData=conID: 3 locID: 102664011721867773 bcsId: 0} | ret=SUCCESS |  
2019-08-23 02:48:19,191 | INFO  | DNAudit | user=null | ip=null | op=WRITE_CHUNK {blockData=conID: 3 locID: 102664011721867773 bcsId: 0} | ret=SUCCESS |  
2019-08-23 02:48:19,191 | INFO  | DNAudit | user=null | ip=null | op=WRITE_CHUNK {blockData=conID: 3 locID: 102664011721867773 bcsId: 0} | ret=SUCCESS |  
2019-08-23 02:48:19,192 | INFO  | DNAudit | user=null | ip=null | op=WRITE_CHUNK {blockData=conID: 3 locID: 102664011721867773 bcsId: 0} | ret=SUCCESS |  
2019-08-23 02:48:19,193 | INFO  | DNAudit | user=null | ip=null | op=WRITE_CHUNK {blockData=conID: 3 locID: 102664011721867773 bcsId: 0} | ret=SUCCESS |  
2019-08-23 02:48:19,198 | INFO  | DNAudit | user=null | ip=null | op=WRITE_CHUNK {blockData=conID: 3 locID: 102664011721867773 bcsId: 0} | ret=SUCCESS |  
2019-08-23 02:48:19,199 | INFO  | DNAudit | user=null | ip=null | op=PUT_BLOCK {blockData=[blockId=conID: 3 locID: 102664011721867773 bcsId: 0,size=1048576]} | ret=SUCCESS |  
2019-08-23 02:48:19,199 [grpc-default-executor-1] INFO  client.GrpcClientProtocolClient (GrpcClientProtocolClient.java:onNext(255)) - client-B268B4322F32->17750241-545b-4219-93a1-14a6ea3d85be: receive RaftClientReply:client-B268B4322F32->17750241-545b-4219-93a1-14a6ea3d85be@group-C33FBD9556F2, cid=1657, SUCCESS, logIndex=2401, commits[17750241-545b-4219-93a1-14a6ea3d85be:c2403, 4eaaa090-573e-41d3-9f8c-c99e236d806a:c2400, 5f4cf9ee-4bed-49de-adaa-861aec894328:c2400]
2019-08-23 02:48:19,199 | INFO  | DNAudit | user=null | ip=null | op=WRITE_CHUNK {blockData=conID: 3 locID: 102664011721867773 bcsId: 0} | ret=SUCCESS |  
2019-08-23 02:48:19,199 [grpc-default-executor-1] INFO  client.GrpcClientProtocolClient (GrpcClientProtocolClient.java:onNext(255)) - client-B268B4322F32->17750241-545b-4219-93a1-14a6ea3d85be: receive RaftClientReply:client-B268B4322F32->17750241-545b-4219-93a1-14a6ea3d85be@group-C33FBD9556F2, cid=1658, SUCCESS, logIndex=2402, commits[17750241-545b-4219-93a1-14a6ea3d85be:c2404, 4eaaa090-573e-41d3-9f8c-c99e236d806a:c2400, 5f4cf9ee-4bed-49de-adaa-861aec894328:c2400]
2019-08-23 02:48:19,200 | INFO  | DNAudit | user=null | ip=null | op=PUT_BLOCK {blockData=[blockId=conID: 3 locID: 102664011721867773 bcsId: 0,size=2097152]} | ret=SUCCESS |  
2019-08-23 02:48:19,200 [grpc-default-executor-1] INFO  client.GrpcClientProtocolClient (GrpcClientProtocolClient.java:onNext(255)) - client-B268B4322F32->17750241-545b-4219-93a1-14a6ea3d85be: receive RaftClientReply:client-B268B4322F32->17750241-545b-4219-93a1-14a6ea3d85be@group-C33FBD9556F2, cid=1659, SUCCESS, logIndex=2403, commits[17750241-545b-4219-93a1-14a6ea3d85be:c2404, 4eaaa090-573e-41d3-9f8c-c99e236d806a:c2400, 5f4cf9ee-4bed-49de-adaa-861aec894328:c2400]
2019-08-23 02:48:19,200 | INFO  | DNAudit | user=null | ip=null | op=WRITE_CHUNK {blockData=conID: 3 locID: 102664011721867773 bcsId: 0} | ret=SUCCESS |  
2019-08-23 02:48:19,200 | INFO  | DNAudit | user=null | ip=null | op=WRITE_CHUNK {blockData=conID: 3 locID: 102664011721867773 bcsId: 0} | ret=SUCCESS |  
2019-08-23 02:48:19,200 [grpc-default-executor-1] INFO  client.GrpcClientProtocolClient (GrpcClientProtocolClient.java:onNext(255)) - client-B268B4322F32->17750241-545b-4219-93a1-14a6ea3d85be: receive RaftClientReply:client-B268B4322F32->17750241-545b-4219-93a1-14a6ea3d85be@group-C33FBD9556F2, cid=1660, SUCCESS, logIndex=2404, commits[17750241-545b-4219-93a1-14a6ea3d85be:c2404, 4eaaa090-573e-41d3-9f8c-c99e236d806a:c2400, 5f4cf9ee-4bed-49de-adaa-861aec894328:c2400]
2019-08-23 02:48:19,200 | INFO  | DNAudit | user=null | ip=null | op=PUT_BLOCK {blockData=[blockId=conID: 3 locID: 102664011721867773 bcsId: 0,size=1048576]} | ret=SUCCESS |  
2019-08-23 02:48:19,201 | INFO  | DNAudit | user=null | ip=null | op=PUT_BLOCK {blockData=[blockId=conID: 3 locID: 102664011721867773 bcsId: 0,size=1048576]} | ret=SUCCESS |  
2019-08-23 02:48:19,201 | INFO  | DNAudit | user=null | ip=null | op=WRITE_CHUNK {blockData=conID: 3 locID: 102664011721867773 bcsId: 0} | ret=SUCCESS |  
2019-08-23 02:48:19,202 | INFO  | DNAudit | user=null | ip=null | op=WRITE_CHUNK {blockData=conID: 3 locID: 102664011721867773 bcsId: 0} | ret=SUCCESS |  
2019-08-23 02:48:19,202 | INFO  | DNAudit | user=null | ip=null | op=PUT_BLOCK {blockData=[blockId=conID: 3 locID: 102664011721867773 bcsId: 0,size=2097152]} | ret=SUCCESS |  
2019-08-23 02:48:19,202 | INFO  | DNAudit | user=null | ip=null | op=PUT_BLOCK {blockData=[blockId=conID: 3 locID: 102664011721867773 bcsId: 0,size=2097152]} | ret=SUCCESS |  
2019-08-23 02:48:19,202 [grpc-default-executor-4] INFO  client.GrpcClientProtocolClient (GrpcClientProtocolClient.java:onNext(255)) - client-B268B4322F32->17750241-545b-4219-93a1-14a6ea3d85be: receive RaftClientReply:client-B268B4322F32->17750241-545b-4219-93a1-14a6ea3d85be@group-C33FBD9556F2, cid=1661, SUCCESS, logIndex=0, commits[17750241-545b-4219-93a1-14a6ea3d85be:c2406, 4eaaa090-573e-41d3-9f8c-c99e236d806a:c2402, 5f4cf9ee-4bed-49de-adaa-861aec894328:c2402]
2019-08-23 02:48:19,208 | INFO  | DNAudit | user=null | ip=null | op=WRITE_CHUNK {blockData=conID: 3 locID: 102664011721867773 bcsId: 2404} | ret=SUCCESS |  
2019-08-23 02:48:19,210 | INFO  | DNAudit | user=null | ip=null | op=WRITE_CHUNK {blockData=conID: 3 locID: 102664011721867773 bcsId: 2404} | ret=SUCCESS |  
2019-08-23 02:48:19,211 | INFO  | DNAudit | user=null | ip=null | op=WRITE_CHUNK {blockData=conID: 3 locID: 102664011721867773 bcsId: 2404} | ret=SUCCESS |  
2019-08-23 02:48:19,212 | INFO  | DNAudit | user=null | ip=null | op=WRITE_CHUNK {blockData=conID: 3 locID: 102664011721867773 bcsId: 2404} | ret=SUCCESS |  
2019-08-23 02:48:19,212 | INFO  | DNAudit | user=null | ip=null | op=PUT_BLOCK {blockData=[blockId=conID: 3 locID: 102664011721867773 bcsId: 0,size=3145728]} | ret=SUCCESS |  
2019-08-23 02:48:19,212 [grpc-default-executor-6] INFO  client.GrpcClientProtocolClient (GrpcClientProtocolClient.java:onNext(255)) - client-B268B4322F32->17750241-545b-4219-93a1-14a6ea3d85be: receive RaftClientReply:client-B268B4322F32->17750241-545b-4219-93a1-14a6ea3d85be@group-C33FBD9556F2, cid=1662, SUCCESS, logIndex=2409, commits[17750241-545b-4219-93a1-14a6ea3d85be:c2410, 4eaaa090-573e-41d3-9f8c-c99e236d806a:c2404, 5f4cf9ee-4bed-49de-adaa-861aec894328:c2408]
2019-08-23 02:48:19,213 [grpc-default-executor-6] INFO  client.GrpcClientProtocolClient (GrpcClientProtocolClient.java:onNext(255)) - client-B268B4322F32->17750241-545b-4219-93a1-14a6ea3d85be: receive RaftClientReply:client-B268B4322F32->17750241-545b-4219-93a1-14a6ea3d85be@group-C33FBD9556F2, cid=1663, SUCCESS, logIndex=2410, commits[17750241-545b-4219-93a1-14a6ea3d85be:c2410, 4eaaa090-573e-41d3-9f8c-c99e236d806a:c2408, 5f4cf9ee-4bed-49de-adaa-861aec894328:c2408]
2019-08-23 02:48:19,214 | INFO  | DNAudit | user=null | ip=null | op=WRITE_CHUNK {blockData=conID: 3 locID: 102664011721867773 bcsId: 2404} | ret=SUCCESS |  
2019-08-23 02:48:19,214 | INFO  | DNAudit | user=null | ip=null | op=WRITE_CHUNK {blockData=conID: 3 locID: 102664011721867773 bcsId: 2404} | ret=SUCCESS |  
2019-08-23 02:48:19,214 | INFO  | DNAudit | user=null | ip=null | op=PUT_BLOCK {blockData=[blockId=conID: 3 locID: 102664011721867773 bcsId: 0,size=3145728]} | ret=SUCCESS |  
2019-08-23 02:48:19,214 | INFO  | DNAudit | user=null | ip=null | op=PUT_BLOCK {blockData=[blockId=conID: 3 locID: 102664011721867773 bcsId: 0,size=3145728]} | ret=SUCCESS |  
2019-08-23 02:48:19,219 | INFO  | DNAudit | user=null | ip=null | op=WRITE_CHUNK {blockData=conID: 3 locID: 102664011721867773 bcsId: 2410} | ret=SUCCESS |  
2019-08-23 02:48:19,221 | INFO  | DNAudit | user=null | ip=null | op=WRITE_CHUNK {blockData=conID: 3 locID: 102664011721867773 bcsId: 2410} | ret=SUCCESS |  
2019-08-23 02:48:19,221 | INFO  | DNAudit | user=null | ip=null | op=WRITE_CHUNK {blockData=conID: 3 locID: 102664011721867773 bcsId: 2410} | ret=SUCCESS |  
2019-08-23 02:48:19,243 | INFO  | DNAudit | user=null | ip=null | op=WRITE_CHUNK {blockData=conID: 3 locID: 102664011721867773 bcsId: 2410} | ret=SUCCESS |  
2019-08-23 02:48:19,244 | INFO  | DNAudit | user=null | ip=null | op=PUT_BLOCK {blockData=[blockId=conID: 3 locID: 102664011721867773 bcsId: 0,size=4194304]} | ret=SUCCESS |  
2019-08-23 02:48:19,244 [grpc-default-executor-6] INFO  client.GrpcClientProtocolClient (GrpcClientProtocolClient.java:onNext(255)) - client-B268B4322F32->17750241-545b-4219-93a1-14a6ea3d85be: receive RaftClientReply:client-B268B4322F32->17750241-545b-4219-93a1-14a6ea3d85be@group-C33FBD9556F2, cid=1664, SUCCESS, logIndex=2413, commits[17750241-545b-4219-93a1-14a6ea3d85be:c2414, 4eaaa090-573e-41d3-9f8c-c99e236d806a:c2412, 5f4cf9ee-4bed-49de-adaa-861aec894328:c2412]
2019-08-23 02:48:19,244 [grpc-default-executor-6] INFO  client.GrpcClientProtocolClient (GrpcClientProtocolClient.java:onNext(255)) - client-B268B4322F32->17750241-545b-4219-93a1-14a6ea3d85be: receive RaftClientReply:client-B268B4322F32->17750241-545b-4219-93a1-14a6ea3d85be@group-C33FBD9556F2, cid=1665, SUCCESS, logIndex=2414, commits[17750241-545b-4219-93a1-14a6ea3d85be:c2414, 4eaaa090-573e-41d3-9f8c-c99e236d806a:c2412, 5f4cf9ee-4bed-49de-adaa-861aec894328:c2412]
2019-08-23 02:48:19,255 | INFO  | DNAudit | user=null | ip=null | op=WRITE_CHUNK {blockData=conID: 3 locID: 102664011721867773 bcsId: 2410} | ret=SUCCESS |  
2019-08-23 02:48:19,255 | INFO  | DNAudit | user=null | ip=null | op=WRITE_CHUNK {blockData=conID: 3 locID: 102664011721867773 bcsId: 2410} | ret=SUCCESS |  
2019-08-23 02:48:19,256 | INFO  | DNAudit | user=null | ip=null | op=PUT_BLOCK {blockData=[blockId=conID: 3 locID: 102664011721867773 bcsId: 0,size=4194304]} | ret=SUCCESS |  
2019-08-23 02:48:19,256 | INFO  | DNAudit | user=null | ip=null | op=PUT_BLOCK {blockData=[blockId=conID: 3 locID: 102664011721867773 bcsId: 0,size=4194304]} | ret=SUCCESS |  
2019-08-23 02:48:19,256 [grpc-default-executor-1] INFO  client.GrpcClientProtocolClient (GrpcClientProtocolClient.java:onNext(255)) - client-B268B4322F32->17750241-545b-4219-93a1-14a6ea3d85be: receive RaftClientReply:client-B268B4322F32->17750241-545b-4219-93a1-14a6ea3d85be@group-C33FBD9556F2, cid=1666, SUCCESS, logIndex=0, commits[17750241-545b-4219-93a1-14a6ea3d85be:c2416, 4eaaa090-573e-41d3-9f8c-c99e236d806a:c2414, 5f4cf9ee-4bed-49de-adaa-861aec894328:c2414]
2019-08-23 02:48:19,258 | INFO  | SCMAudit | user=jenkins1000 | ip=192.168.34.22 | op=ALLOCATE_BLOCK {owner=31d65bc3-3f70-45f5-bbc5-e3a15f967ba6, size=4194304, type=RATIS, factor=THREE} | ret=SUCCESS |  
2019-08-23 02:48:19,261 | INFO  | OMAudit | user=jenkins1000 | ip=127.0.0.1 | op=ALLOCATE_BLOCK {volume=vol-0-78052, bucket=bucket-0-33874, key=key-0-20719, dataSize=2147483657, replicationType=RATIS, replicationFactor=THREE, keyLocationInfo=[], clientID=102664010308846034} | ret=SUCCESS |  
2019-08-23 02:48:19,272 | INFO  | DNAudit | user=null | ip=null | op=WRITE_CHUNK {blockData=conID: 1 locID: 102664011727372798 bcsId: 0} | ret=SUCCESS |  
2019-08-23 02:48:19,274 | INFO  | DNAudit | user=null | ip=null | op=WRITE_CHUNK {blockData=conID: 1 locID: 102664011727372798 bcsId: 0} | ret=SUCCESS |  
2019-08-23 02:48:19,274 | INFO  | DNAudit | user=null | ip=null | op=WRITE_CHUNK {blockData=conID: 1 locID: 102664011727372798 bcsId: 0} | ret=SUCCESS |  
2019-08-23 02:48:19,274 | INFO  | DNAudit | user=null | ip=null | op=WRITE_CHUNK {blockData=conID: 1 locID: 102664011727372798 bcsId: 0} | ret=SUCCESS |  
2019-08-23 02:48:19,276 | INFO  | DNAudit | user=null | ip=null | op=WRITE_CHUNK {blockData=conID: 1 locID: 102664011727372798 bcsId: 0} | ret=SUCCESS |  
2019-08-23 02:48:19,277 | INFO  | DNAudit | user=null | ip=null | op=WRITE_CHUNK {blockData=conID: 1 locID: 102664011727372798 bcsId: 0} | ret=SUCCESS |  
2019-08-23 02:48:19,285 | INFO  | DNAudit | user=null | ip=null | op=WRITE_CHUNK {blockData=conID: 1 locID: 102664011727372798 bcsId: 0} | ret=SUCCESS |  
2019-08-23 02:48:19,285 | INFO  | DNAudit | user=null | ip=null | op=PUT_BLOCK {blockData=[blockId=conID: 1 locID: 102664011727372798 bcsId: 0,size=1048576]} | ret=SUCCESS |  
2019-08-23 02:48:19,285 [grpc-default-executor-5] INFO  client.GrpcClientProtocolClient (GrpcClientProtocolClient.java:onNext(255)) - client-B268B4322F32->17750241-545b-4219-93a1-14a6ea3d85be: receive RaftClientReply:client-B268B4322F32->17750241-545b-4219-93a1-14a6ea3d85be@group-C33FBD9556F2, cid=1667, SUCCESS, logIndex=2417, commits[17750241-545b-4219-93a1-14a6ea3d85be:c2418, 4eaaa090-573e-41d3-9f8c-c99e236d806a:c2416, 5f4cf9ee-4bed-49de-adaa-861aec894328:c2416]
2019-08-23 02:48:19,286 | INFO  | DNAudit | user=null | ip=null | op=WRITE_CHUNK {blockData=conID: 1 locID: 102664011727372798 bcsId: 0} | ret=SUCCESS |  
2019-08-23 02:48:19,286 [grpc-default-executor-6] INFO  client.GrpcClientProtocolClient (GrpcClientProtocolClient.java:onNext(255)) - client-B268B4322F32->17750241-545b-4219-93a1-14a6ea3d85be: receive RaftClientReply:client-B268B4322F32->17750241-545b-4219-93a1-14a6ea3d85be@group-C33FBD9556F2, cid=1668, SUCCESS, logIndex=2418, commits[17750241-545b-4219-93a1-14a6ea3d85be:c2419, 4eaaa090-573e-41d3-9f8c-c99e236d806a:c2416, 5f4cf9ee-4bed-49de-adaa-861aec894328:c2416]
2019-08-23 02:48:19,286 | INFO  | DNAudit | user=null | ip=null | op=PUT_BLOCK {blockData=[blockId=conID: 1 locID: 102664011727372798 bcsId: 0,size=2097152]} | ret=SUCCESS |  
2019-08-23 02:48:19,286 [grpc-default-executor-6] INFO  client.GrpcClientProtocolClient (GrpcClientProtocolClient.java:onNext(255)) - client-B268B4322F32->17750241-545b-4219-93a1-14a6ea3d85be: receive RaftClientReply:client-B268B4322F32->17750241-545b-4219-93a1-14a6ea3d85be@group-C33FBD9556F2, cid=1669, SUCCESS, logIndex=2419, commits[17750241-545b-4219-93a1-14a6ea3d85be:c2420, 4eaaa090-573e-41d3-9f8c-c99e236d806a:c2416, 5f4cf9ee-4bed-49de-adaa-861aec894328:c2416]
2019-08-23 02:48:19,286 | INFO  | DNAudit | user=null | ip=null | op=WRITE_CHUNK {blockData=conID: 1 locID: 102664011727372798 bcsId: 0} | ret=SUCCESS |  
2019-08-23 02:48:19,286 [grpc-default-executor-1] INFO  client.GrpcClientProtocolClient (GrpcClientProtocolClient.java:onNext(255)) - client-B268B4322F32->17750241-545b-4219-93a1-14a6ea3d85be: receive RaftClientReply:client-B268B4322F32->17750241-545b-4219-93a1-14a6ea3d85be@group-C33FBD9556F2, cid=1670, SUCCESS, logIndex=2420, commits[17750241-545b-4219-93a1-14a6ea3d85be:c2420, 4eaaa090-573e-41d3-9f8c-c99e236d806a:c2416, 5f4cf9ee-4bed-49de-adaa-861aec894328:c2416]
2019-08-23 02:48:19,287 | INFO  | DNAudit | user=null | ip=null | op=PUT_BLOCK {blockData=[blockId=conID: 1 locID: 102664011727372798 bcsId: 0,size=1048576]} | ret=SUCCESS |  
2019-08-23 02:48:19,287 | INFO  | DNAudit | user=null | ip=null | op=WRITE_CHUNK {blockData=conID: 1 locID: 102664011727372798 bcsId: 0} | ret=SUCCESS |  
2019-08-23 02:48:19,287 | INFO  | DNAudit | user=null | ip=null | op=PUT_BLOCK {blockData=[blockId=conID: 1 locID: 102664011727372798 bcsId: 0,size=1048576]} | ret=SUCCESS |  
2019-08-23 02:48:19,287 | INFO  | DNAudit | user=null | ip=null | op=WRITE_CHUNK {blockData=conID: 1 locID: 102664011727372798 bcsId: 0} | ret=SUCCESS |  
2019-08-23 02:48:19,287 | INFO  | DNAudit | user=null | ip=null | op=PUT_BLOCK {blockData=[blockId=conID: 1 locID: 102664011727372798 bcsId: 0,size=2097152]} | ret=SUCCESS |  
2019-08-23 02:48:19,287 [grpc-default-executor-6] INFO  client.GrpcClientProtocolClient (GrpcClientProtocolClient.java:onNext(255)) - client-B268B4322F32->17750241-545b-4219-93a1-14a6ea3d85be: receive RaftClientReply:client-B268B4322F32->17750241-545b-4219-93a1-14a6ea3d85be@group-C33FBD9556F2, cid=1671, SUCCESS, logIndex=0, commits[17750241-545b-4219-93a1-14a6ea3d85be:c2422, 4eaaa090-573e-41d3-9f8c-c99e236d806a:c2418, 5f4cf9ee-4bed-49de-adaa-861aec894328:c2418]
2019-08-23 02:48:19,288 | INFO  | DNAudit | user=null | ip=null | op=WRITE_CHUNK {blockData=conID: 1 locID: 102664011727372798 bcsId: 0} | ret=SUCCESS |  
2019-08-23 02:48:19,288 | INFO  | DNAudit | user=null | ip=null | op=PUT_BLOCK {blockData=[blockId=conID: 1 locID: 102664011727372798 bcsId: 0,size=2097152]} | ret=SUCCESS |  
2019-08-23 02:48:19,293 | INFO  | DNAudit | user=null | ip=null | op=WRITE_CHUNK {blockData=conID: 1 locID: 102664011727372798 bcsId: 2420} | ret=SUCCESS |  
2019-08-23 02:48:19,296 | INFO  | DNAudit | user=null | ip=null | op=WRITE_CHUNK {blockData=conID: 1 locID: 102664011727372798 bcsId: 2420} | ret=SUCCESS |  
2019-08-23 02:48:19,296 | INFO  | DNAudit | user=null | ip=null | op=WRITE_CHUNK {blockData=conID: 1 locID: 102664011727372798 bcsId: 2420} | ret=SUCCESS |  
2019-08-23 02:48:19,306 | INFO  | DNAudit | user=null | ip=null | op=WRITE_CHUNK {blockData=conID: 1 locID: 102664011727372798 bcsId: 2420} | ret=SUCCESS |  
2019-08-23 02:48:19,307 | INFO  | DNAudit | user=null | ip=null | op=PUT_BLOCK {blockData=[blockId=conID: 1 locID: 102664011727372798 bcsId: 0,size=3145728]} | ret=SUCCESS |  
2019-08-23 02:48:19,307 [grpc-default-executor-6] INFO  client.GrpcClientProtocolClient (GrpcClientProtocolClient.java:onNext(255)) - client-B268B4322F32->17750241-545b-4219-93a1-14a6ea3d85be: receive RaftClientReply:client-B268B4322F32->17750241-545b-4219-93a1-14a6ea3d85be@group-C33FBD9556F2, cid=1672, SUCCESS, logIndex=2425, commits[17750241-545b-4219-93a1-14a6ea3d85be:c2426, 4eaaa090-573e-41d3-9f8c-c99e236d806a:c2424, 5f4cf9ee-4bed-49de-adaa-861aec894328:c2424]
2019-08-23 02:48:19,307 [grpc-default-executor-6] INFO  client.GrpcClientProtocolClient (GrpcClientProtocolClient.java:onNext(255)) - client-B268B4322F32->17750241-545b-4219-93a1-14a6ea3d85be: receive RaftClientReply:client-B268B4322F32->17750241-545b-4219-93a1-14a6ea3d85be@group-C33FBD9556F2, cid=1673, SUCCESS, logIndex=2426, commits[17750241-545b-4219-93a1-14a6ea3d85be:c2426, 4eaaa090-573e-41d3-9f8c-c99e236d806a:c2424, 5f4cf9ee-4bed-49de-adaa-861aec894328:c2424]
2019-08-23 02:48:19,312 | INFO  | DNAudit | user=null | ip=null | op=WRITE_CHUNK {blockData=conID: 1 locID: 102664011727372798 bcsId: 2426} | ret=SUCCESS |  
2019-08-23 02:48:19,315 | INFO  | DNAudit | user=null | ip=null | op=WRITE_CHUNK {blockData=conID: 1 locID: 102664011727372798 bcsId: 2426} | ret=SUCCESS |  
2019-08-23 02:48:19,315 | INFO  | DNAudit | user=null | ip=null | op=WRITE_CHUNK {blockData=conID: 1 locID: 102664011727372798 bcsId: 2426} | ret=SUCCESS |  
2019-08-23 02:48:19,318 | INFO  | DNAudit | user=null | ip=null | op=WRITE_CHUNK {blockData=conID: 1 locID: 102664011727372798 bcsId: 2420} | ret=SUCCESS |  
2019-08-23 02:48:19,318 | INFO  | DNAudit | user=null | ip=null | op=WRITE_CHUNK {blockData=conID: 1 locID: 102664011727372798 bcsId: 2420} | ret=SUCCESS |  
2019-08-23 02:48:19,318 | INFO  | DNAudit | user=null | ip=null | op=PUT_BLOCK {blockData=[blockId=conID: 1 locID: 102664011727372798 bcsId: 0,size=3145728]} | ret=SUCCESS |  
2019-08-23 02:48:19,318 | INFO  | DNAudit | user=null | ip=null | op=PUT_BLOCK {blockData=[blockId=conID: 1 locID: 102664011727372798 bcsId: 0,size=3145728]} | ret=SUCCESS |  
2019-08-23 02:48:19,321 | INFO  | DNAudit | user=null | ip=null | op=WRITE_CHUNK {blockData=conID: 1 locID: 102664011727372798 bcsId: 2426} | ret=SUCCESS |  
2019-08-23 02:48:19,321 | INFO  | DNAudit | user=null | ip=null | op=PUT_BLOCK {blockData=[blockId=conID: 1 locID: 102664011727372798 bcsId: 0,size=4194304]} | ret=SUCCESS |  
2019-08-23 02:48:19,321 [grpc-default-executor-1] INFO  client.GrpcClientProtocolClient (GrpcClientProtocolClient.java:onNext(255)) - client-B268B4322F32->17750241-545b-4219-93a1-14a6ea3d85be: receive RaftClientReply:client-B268B4322F32->17750241-545b-4219-93a1-14a6ea3d85be@group-C33FBD9556F2, cid=1674, SUCCESS, logIndex=2429, commits[17750241-545b-4219-93a1-14a6ea3d85be:c2430, 4eaaa090-573e-41d3-9f8c-c99e236d806a:c2426, 5f4cf9ee-4bed-49de-adaa-861aec894328:c2426]
2019-08-23 02:48:19,322 [grpc-default-executor-1] INFO  client.GrpcClientProtocolClient (GrpcClientProtocolClient.java:onNext(255)) - client-B268B4322F32->17750241-545b-4219-93a1-14a6ea3d85be: receive RaftClientReply:client-B268B4322F32->17750241-545b-4219-93a1-14a6ea3d85be@group-C33FBD9556F2, cid=1675, SUCCESS, logIndex=2430, commits[17750241-545b-4219-93a1-14a6ea3d85be:c2430, 4eaaa090-573e-41d3-9f8c-c99e236d806a:c2426, 5f4cf9ee-4bed-49de-adaa-861aec894328:c2426]
2019-08-23 02:48:19,332 | INFO  | DNAudit | user=null | ip=null | op=WRITE_CHUNK {blockData=conID: 1 locID: 102664011727372798 bcsId: 2426} | ret=SUCCESS |  
2019-08-23 02:48:19,332 | INFO  | DNAudit | user=null | ip=null | op=WRITE_CHUNK {blockData=conID: 1 locID: 102664011727372798 bcsId: 2426} | ret=SUCCESS |  
2019-08-23 02:48:19,333 | INFO  | DNAudit | user=null | ip=null | op=PUT_BLOCK {blockData=[blockId=conID: 1 locID: 102664011727372798 bcsId: 0,size=4194304]} | ret=SUCCESS |  
2019-08-23 02:48:19,333 | INFO  | DNAudit | user=null | ip=null | op=PUT_BLOCK {blockData=[blockId=conID: 1 locID: 102664011727372798 bcsId: 0,size=4194304]} | ret=SUCCESS |  
2019-08-23 02:48:19,334 [grpc-default-executor-6] INFO  client.GrpcClientProtocolClient (GrpcClientProtocolClient.java:onNext(255)) - client-B268B4322F32->17750241-545b-4219-93a1-14a6ea3d85be: receive RaftClientReply:client-B268B4322F32->17750241-545b-4219-93a1-14a6ea3d85be@group-C33FBD9556F2, cid=1676, SUCCESS, logIndex=0, commits[17750241-545b-4219-93a1-14a6ea3d85be:c2432, 4eaaa090-573e-41d3-9f8c-c99e236d806a:c2430, 5f4cf9ee-4bed-49de-adaa-861aec894328:c2430]
2019-08-23 02:48:19,335 | INFO  | SCMAudit | user=jenkins1000 | ip=192.168.34.22 | op=ALLOCATE_BLOCK {owner=31d65bc3-3f70-45f5-bbc5-e3a15f967ba6, size=4194304, type=RATIS, factor=THREE} | ret=SUCCESS |  
2019-08-23 02:48:19,338 | INFO  | OMAudit | user=jenkins1000 | ip=127.0.0.1 | op=ALLOCATE_BLOCK {volume=vol-0-78052, bucket=bucket-0-33874, key=key-0-20719, dataSize=2147483657, replicationType=RATIS, replicationFactor=THREE, keyLocationInfo=[], clientID=102664010308846034} | ret=SUCCESS |  
2019-08-23 02:48:19,347 | INFO  | DNAudit | user=null | ip=null | op=WRITE_CHUNK {blockData=conID: 2 locID: 102664011732419071 bcsId: 0} | ret=SUCCESS |  
2019-08-23 02:48:19,350 | INFO  | DNAudit | user=null | ip=null | op=WRITE_CHUNK {blockData=conID: 2 locID: 102664011732419071 bcsId: 0} | ret=SUCCESS |  
2019-08-23 02:48:19,350 | INFO  | DNAudit | user=null | ip=null | op=WRITE_CHUNK {blockData=conID: 2 locID: 102664011732419071 bcsId: 0} | ret=SUCCESS |  
2019-08-23 02:48:19,351 | INFO  | DNAudit | user=null | ip=null | op=WRITE_CHUNK {blockData=conID: 2 locID: 102664011732419071 bcsId: 0} | ret=SUCCESS |  
2019-08-23 02:48:19,353 | INFO  | DNAudit | user=null | ip=null | op=WRITE_CHUNK {blockData=conID: 2 locID: 102664011732419071 bcsId: 0} | ret=SUCCESS |  
2019-08-23 02:48:19,353 | INFO  | DNAudit | user=null | ip=null | op=WRITE_CHUNK {blockData=conID: 2 locID: 102664011732419071 bcsId: 0} | ret=SUCCESS |  
2019-08-23 02:48:19,360 | INFO  | DNAudit | user=null | ip=null | op=WRITE_CHUNK {blockData=conID: 2 locID: 102664011732419071 bcsId: 0} | ret=SUCCESS |  
2019-08-23 02:48:19,360 | INFO  | DNAudit | user=null | ip=null | op=PUT_BLOCK {blockData=[blockId=conID: 2 locID: 102664011732419071 bcsId: 0,size=1048576]} | ret=SUCCESS |  
2019-08-23 02:48:19,360 [grpc-default-executor-5] INFO  client.GrpcClientProtocolClient (GrpcClientProtocolClient.java:onNext(255)) - client-B268B4322F32->17750241-545b-4219-93a1-14a6ea3d85be: receive RaftClientReply:client-B268B4322F32->17750241-545b-4219-93a1-14a6ea3d85be@group-C33FBD9556F2, cid=1677, SUCCESS, logIndex=2433, commits[17750241-545b-4219-93a1-14a6ea3d85be:c2435, 4eaaa090-573e-41d3-9f8c-c99e236d806a:c2432, 5f4cf9ee-4bed-49de-adaa-861aec894328:c2432]
2019-08-23 02:48:19,361 | INFO  | DNAudit | user=null | ip=null | op=WRITE_CHUNK {blockData=conID: 2 locID: 102664011732419071 bcsId: 0} | ret=SUCCESS |  
2019-08-23 02:48:19,361 [grpc-default-executor-5] INFO  client.GrpcClientProtocolClient (GrpcClientProtocolClient.java:onNext(255)) - client-B268B4322F32->17750241-545b-4219-93a1-14a6ea3d85be: receive RaftClientReply:client-B268B4322F32->17750241-545b-4219-93a1-14a6ea3d85be@group-C33FBD9556F2, cid=1678, SUCCESS, logIndex=2434, commits[17750241-545b-4219-93a1-14a6ea3d85be:c2436, 4eaaa090-573e-41d3-9f8c-c99e236d806a:c2432, 5f4cf9ee-4bed-49de-adaa-861aec894328:c2432]
2019-08-23 02:48:19,361 | INFO  | DNAudit | user=null | ip=null | op=PUT_BLOCK {blockData=[blockId=conID: 2 locID: 102664011732419071 bcsId: 0,size=2097152]} | ret=SUCCESS |  
2019-08-23 02:48:19,361 [grpc-default-executor-5] INFO  client.GrpcClientProtocolClient (GrpcClientProtocolClient.java:onNext(255)) - client-B268B4322F32->17750241-545b-4219-93a1-14a6ea3d85be: receive RaftClientReply:client-B268B4322F32->17750241-545b-4219-93a1-14a6ea3d85be@group-C33FBD9556F2, cid=1679, SUCCESS, logIndex=2435, commits[17750241-545b-4219-93a1-14a6ea3d85be:c2436, 4eaaa090-573e-41d3-9f8c-c99e236d806a:c2432, 5f4cf9ee-4bed-49de-adaa-861aec894328:c2432]
2019-08-23 02:48:19,361 | INFO  | DNAudit | user=null | ip=null | op=WRITE_CHUNK {blockData=conID: 2 locID: 102664011732419071 bcsId: 0} | ret=SUCCESS |  
2019-08-23 02:48:19,361 [grpc-default-executor-5] INFO  client.GrpcClientProtocolClient (GrpcClientProtocolClient.java:onNext(255)) - client-B268B4322F32->17750241-545b-4219-93a1-14a6ea3d85be: receive RaftClientReply:client-B268B4322F32->17750241-545b-4219-93a1-14a6ea3d85be@group-C33FBD9556F2, cid=1680, SUCCESS, logIndex=2436, commits[17750241-545b-4219-93a1-14a6ea3d85be:c2437, 4eaaa090-573e-41d3-9f8c-c99e236d806a:c2432, 5f4cf9ee-4bed-49de-adaa-861aec894328:c2433]
2019-08-23 02:48:19,362 | INFO  | DNAudit | user=null | ip=null | op=WRITE_CHUNK {blockData=conID: 2 locID: 102664011732419071 bcsId: 0} | ret=SUCCESS |  
2019-08-23 02:48:19,362 | INFO  | DNAudit | user=null | ip=null | op=PUT_BLOCK {blockData=[blockId=conID: 2 locID: 102664011732419071 bcsId: 0,size=1048576]} | ret=SUCCESS |  
2019-08-23 02:48:19,362 | INFO  | DNAudit | user=null | ip=null | op=WRITE_CHUNK {blockData=conID: 2 locID: 102664011732419071 bcsId: 0} | ret=SUCCESS |  
2019-08-23 02:48:19,362 | INFO  | DNAudit | user=null | ip=null | op=PUT_BLOCK {blockData=[blockId=conID: 2 locID: 102664011732419071 bcsId: 0,size=1048576]} | ret=SUCCESS |  
2019-08-23 02:48:19,363 | INFO  | DNAudit | user=null | ip=null | op=WRITE_CHUNK {blockData=conID: 2 locID: 102664011732419071 bcsId: 0} | ret=SUCCESS |  
2019-08-23 02:48:19,363 [grpc-default-executor-5] INFO  client.GrpcClientProtocolClient (GrpcClientProtocolClient.java:onNext(255)) - client-B268B4322F32->17750241-545b-4219-93a1-14a6ea3d85be: receive RaftClientReply:client-B268B4322F32->17750241-545b-4219-93a1-14a6ea3d85be@group-C33FBD9556F2, cid=1681, SUCCESS, logIndex=0, commits[17750241-545b-4219-93a1-14a6ea3d85be:c2439, 4eaaa090-573e-41d3-9f8c-c99e236d806a:c2435, 5f4cf9ee-4bed-49de-adaa-861aec894328:c2434]
2019-08-23 02:48:19,363 | INFO  | DNAudit | user=null | ip=null | op=PUT_BLOCK {blockData=[blockId=conID: 2 locID: 102664011732419071 bcsId: 0,size=2097152]} | ret=SUCCESS |  
2019-08-23 02:48:19,363 | INFO  | DNAudit | user=null | ip=null | op=PUT_BLOCK {blockData=[blockId=conID: 2 locID: 102664011732419071 bcsId: 0,size=2097152]} | ret=SUCCESS |  
2019-08-23 02:48:19,368 | INFO  | DNAudit | user=null | ip=null | op=WRITE_CHUNK {blockData=conID: 2 locID: 102664011732419071 bcsId: 2436} | ret=SUCCESS |  
2019-08-23 02:48:19,371 | INFO  | DNAudit | user=null | ip=null | op=WRITE_CHUNK {blockData=conID: 2 locID: 102664011732419071 bcsId: 2436} | ret=SUCCESS |  
2019-08-23 02:48:19,371 | INFO  | DNAudit | user=null | ip=null | op=WRITE_CHUNK {blockData=conID: 2 locID: 102664011732419071 bcsId: 2436} | ret=SUCCESS |  
2019-08-23 02:48:19,374 | INFO  | SCMAudit | user=jenkins1000 | ip=192.168.34.22 | op=SEND_HEARTBEAT {datanodeUUID=17750241-545b-4219-93a1-14a6ea3d85be, command=[]} | ret=SUCCESS |  
2019-08-23 02:48:19,375 | INFO  | SCMAudit | user=jenkins1000 | ip=192.168.34.22 | op=SEND_HEARTBEAT {datanodeUUID=5f4cf9ee-4bed-49de-adaa-861aec894328, command=[]} | ret=SUCCESS |  
2019-08-23 02:48:19,375 | INFO  | SCMAudit | user=jenkins1000 | ip=192.168.34.22 | op=SEND_HEARTBEAT {datanodeUUID=4eaaa090-573e-41d3-9f8c-c99e236d806a, command=[]} | ret=SUCCESS |  
2019-08-23 02:48:19,380 | INFO  | DNAudit | user=null | ip=null | op=WRITE_CHUNK {blockData=conID: 2 locID: 102664011732419071 bcsId: 2436} | ret=SUCCESS |  
2019-08-23 02:48:19,381 | INFO  | DNAudit | user=null | ip=null | op=PUT_BLOCK {blockData=[blockId=conID: 2 locID: 102664011732419071 bcsId: 0,size=3145728]} | ret=SUCCESS |  
2019-08-23 02:48:19,381 [grpc-default-executor-4] INFO  client.GrpcClientProtocolClient (GrpcClientProtocolClient.java:onNext(255)) - client-B268B4322F32->17750241-545b-4219-93a1-14a6ea3d85be: receive RaftClientReply:client-B268B4322F32->17750241-545b-4219-93a1-14a6ea3d85be@group-C33FBD9556F2, cid=1682, SUCCESS, logIndex=2441, commits[17750241-545b-4219-93a1-14a6ea3d85be:c2442, 4eaaa090-573e-41d3-9f8c-c99e236d806a:c2440, 5f4cf9ee-4bed-49de-adaa-861aec894328:c2440]
2019-08-23 02:48:19,381 [grpc-default-executor-4] INFO  client.GrpcClientProtocolClient (GrpcClientProtocolClient.java:onNext(255)) - client-B268B4322F32->17750241-545b-4219-93a1-14a6ea3d85be: receive RaftClientReply:client-B268B4322F32->17750241-545b-4219-93a1-14a6ea3d85be@group-C33FBD9556F2, cid=1683, SUCCESS, logIndex=2442, commits[17750241-545b-4219-93a1-14a6ea3d85be:c2442, 4eaaa090-573e-41d3-9f8c-c99e236d806a:c2440, 5f4cf9ee-4bed-49de-adaa-861aec894328:c2440]
2019-08-23 02:48:19,387 | INFO  | DNAudit | user=null | ip=null | op=WRITE_CHUNK {blockData=conID: 2 locID: 102664011732419071 bcsId: 2442} | ret=SUCCESS |  
2019-08-23 02:48:19,489 | INFO  | DNAudit | user=null | ip=null | op=WRITE_CHUNK {blockData=conID: 2 locID: 102664011732419071 bcsId: 2442} | ret=SUCCESS |  
2019-08-23 02:48:19,489 | INFO  | DNAudit | user=null | ip=null | op=WRITE_CHUNK {blockData=conID: 2 locID: 102664011732419071 bcsId: 2436} | ret=SUCCESS |  
2019-08-23 02:48:19,490 | INFO  | DNAudit | user=null | ip=null | op=WRITE_CHUNK {blockData=conID: 2 locID: 102664011732419071 bcsId: 2436} | ret=SUCCESS |  
2019-08-23 02:48:19,491 | INFO  | DNAudit | user=null | ip=null | op=WRITE_CHUNK {blockData=conID: 2 locID: 102664011732419071 bcsId: 2442} | ret=SUCCESS |  
2019-08-23 02:48:19,497 | INFO  | DNAudit | user=null | ip=null | op=PUT_BLOCK {blockData=[blockId=conID: 2 locID: 102664011732419071 bcsId: 0,size=3145728]} | ret=SUCCESS |  
2019-08-23 02:48:19,498 | INFO  | DNAudit | user=null | ip=null | op=PUT_BLOCK {blockData=[blockId=conID: 2 locID: 102664011732419071 bcsId: 0,size=3145728]} | ret=SUCCESS |  
2019-08-23 02:48:19,499 | INFO  | DNAudit | user=null | ip=null | op=WRITE_CHUNK {blockData=conID: 2 locID: 102664011732419071 bcsId: 2442} | ret=SUCCESS |  
2019-08-23 02:48:19,500 | INFO  | DNAudit | user=null | ip=null | op=PUT_BLOCK {blockData=[blockId=conID: 2 locID: 102664011732419071 bcsId: 0,size=4194304]} | ret=SUCCESS |  
2019-08-23 02:48:19,500 [grpc-default-executor-1] INFO  client.GrpcClientProtocolClient (GrpcClientProtocolClient.java:onNext(255)) - client-B268B4322F32->17750241-545b-4219-93a1-14a6ea3d85be: receive RaftClientReply:client-B268B4322F32->17750241-545b-4219-93a1-14a6ea3d85be@group-C33FBD9556F2, cid=1684, SUCCESS, logIndex=2445, commits[17750241-545b-4219-93a1-14a6ea3d85be:c2446, 4eaaa090-573e-41d3-9f8c-c99e236d806a:c2442, 5f4cf9ee-4bed-49de-adaa-861aec894328:c2442]
2019-08-23 02:48:19,500 | INFO  | DNAudit | user=null | ip=null | op=WRITE_CHUNK {blockData=conID: 2 locID: 102664011732419071 bcsId: 2442} | ret=SUCCESS |  
2019-08-23 02:48:19,500 [grpc-default-executor-1] INFO  client.GrpcClientProtocolClient (GrpcClientProtocolClient.java:onNext(255)) - client-B268B4322F32->17750241-545b-4219-93a1-14a6ea3d85be: receive RaftClientReply:client-B268B4322F32->17750241-545b-4219-93a1-14a6ea3d85be@group-C33FBD9556F2, cid=1685, SUCCESS, logIndex=2446, commits[17750241-545b-4219-93a1-14a6ea3d85be:c2446, 4eaaa090-573e-41d3-9f8c-c99e236d806a:c2442, 5f4cf9ee-4bed-49de-adaa-861aec894328:c2442]
2019-08-23 02:48:19,501 | INFO  | DNAudit | user=null | ip=null | op=WRITE_CHUNK {blockData=conID: 2 locID: 102664011732419071 bcsId: 2442} | ret=SUCCESS |  
2019-08-23 02:48:19,501 | INFO  | DNAudit | user=null | ip=null | op=PUT_BLOCK {blockData=[blockId=conID: 2 locID: 102664011732419071 bcsId: 0,size=4194304]} | ret=SUCCESS |  
2019-08-23 02:48:19,501 | INFO  | DNAudit | user=null | ip=null | op=PUT_BLOCK {blockData=[blockId=conID: 2 locID: 102664011732419071 bcsId: 0,size=4194304]} | ret=SUCCESS |  
2019-08-23 02:48:19,502 [grpc-default-executor-4] INFO  client.GrpcClientProtocolClient (GrpcClientProtocolClient.java:onNext(255)) - client-B268B4322F32->17750241-545b-4219-93a1-14a6ea3d85be: receive RaftClientReply:client-B268B4322F32->17750241-545b-4219-93a1-14a6ea3d85be@group-C33FBD9556F2, cid=1686, SUCCESS, logIndex=0, commits[17750241-545b-4219-93a1-14a6ea3d85be:c2447, 4eaaa090-573e-41d3-9f8c-c99e236d806a:c2446, 5f4cf9ee-4bed-49de-adaa-861aec894328:c2446]
2019-08-23 02:48:19,504 | INFO  | SCMAudit | user=jenkins1000 | ip=192.168.34.22 | op=ALLOCATE_BLOCK {owner=31d65bc3-3f70-45f5-bbc5-e3a15f967ba6, size=4194304, type=RATIS, factor=THREE} | ret=SUCCESS |  
2019-08-23 02:48:19,508 | INFO  | OMAudit | user=jenkins1000 | ip=127.0.0.1 | op=ALLOCATE_BLOCK {volume=vol-0-78052, bucket=bucket-0-33874, key=key-0-20719, dataSize=2147483657, replicationType=RATIS, replicationFactor=THREE, keyLocationInfo=[], clientID=102664010308846034} | ret=SUCCESS |  
2019-08-23 02:48:19,518 | INFO  | DNAudit | user=null | ip=null | op=WRITE_CHUNK {blockData=conID: 3 locID: 102664011743494656 bcsId: 0} | ret=SUCCESS |  
2019-08-23 02:48:19,520 | INFO  | DNAudit | user=null | ip=null | op=WRITE_CHUNK {blockData=conID: 3 locID: 102664011743494656 bcsId: 0} | ret=SUCCESS |  
2019-08-23 02:48:19,521 | INFO  | DNAudit | user=null | ip=null | op=WRITE_CHUNK {blockData=conID: 3 locID: 102664011743494656 bcsId: 0} | ret=SUCCESS |  
2019-08-23 02:48:19,522 | INFO  | DNAudit | user=null | ip=null | op=WRITE_CHUNK {blockData=conID: 3 locID: 102664011743494656 bcsId: 0} | ret=SUCCESS |  
2019-08-23 02:48:19,524 | INFO  | DNAudit | user=null | ip=null | op=WRITE_CHUNK {blockData=conID: 3 locID: 102664011743494656 bcsId: 0} | ret=SUCCESS |  
2019-08-23 02:48:19,524 | INFO  | DNAudit | user=null | ip=null | op=WRITE_CHUNK {blockData=conID: 3 locID: 102664011743494656 bcsId: 0} | ret=SUCCESS |  
2019-08-23 02:48:19,530 | INFO  | DNAudit | user=null | ip=null | op=WRITE_CHUNK {blockData=conID: 3 locID: 102664011743494656 bcsId: 0} | ret=SUCCESS |  
2019-08-23 02:48:19,531 | INFO  | DNAudit | user=null | ip=null | op=PUT_BLOCK {blockData=[blockId=conID: 3 locID: 102664011743494656 bcsId: 0,size=1048576]} | ret=SUCCESS |  
2019-08-23 02:48:19,531 [grpc-default-executor-1] INFO  client.GrpcClientProtocolClient (GrpcClientProtocolClient.java:onNext(255)) - client-B268B4322F32->17750241-545b-4219-93a1-14a6ea3d85be: receive RaftClientReply:client-B268B4322F32->17750241-545b-4219-93a1-14a6ea3d85be@group-C33FBD9556F2, cid=1687, SUCCESS, logIndex=2449, commits[17750241-545b-4219-93a1-14a6ea3d85be:c2450, 4eaaa090-573e-41d3-9f8c-c99e236d806a:c2448, 5f4cf9ee-4bed-49de-adaa-861aec894328:c2448]
2019-08-23 02:48:19,532 | INFO  | DNAudit | user=null | ip=null | op=WRITE_CHUNK {blockData=conID: 3 locID: 102664011743494656 bcsId: 0} | ret=SUCCESS |  
2019-08-23 02:48:19,532 [grpc-default-executor-1] INFO  client.GrpcClientProtocolClient (GrpcClientProtocolClient.java:onNext(255)) - client-B268B4322F32->17750241-545b-4219-93a1-14a6ea3d85be: receive RaftClientReply:client-B268B4322F32->17750241-545b-4219-93a1-14a6ea3d85be@group-C33FBD9556F2, cid=1688, SUCCESS, logIndex=2450, commits[17750241-545b-4219-93a1-14a6ea3d85be:c2450, 4eaaa090-573e-41d3-9f8c-c99e236d806a:c2448, 5f4cf9ee-4bed-49de-adaa-861aec894328:c2448]
2019-08-23 02:48:19,532 | INFO  | DNAudit | user=null | ip=null | op=PUT_BLOCK {blockData=[blockId=conID: 3 locID: 102664011743494656 bcsId: 0,size=2097152]} | ret=SUCCESS |  
2019-08-23 02:48:19,532 [grpc-default-executor-2] INFO  client.GrpcClientProtocolClient (GrpcClientProtocolClient.java:onNext(255)) - client-B268B4322F32->17750241-545b-4219-93a1-14a6ea3d85be: receive RaftClientReply:client-B268B4322F32->17750241-545b-4219-93a1-14a6ea3d85be@group-C33FBD9556F2, cid=1689, SUCCESS, logIndex=2451, commits[17750241-545b-4219-93a1-14a6ea3d85be:c2451, 4eaaa090-573e-41d3-9f8c-c99e236d806a:c2448, 5f4cf9ee-4bed-49de-adaa-861aec894328:c2448]
2019-08-23 02:48:19,533 | INFO  | DNAudit | user=null | ip=null | op=WRITE_CHUNK {blockData=conID: 3 locID: 102664011743494656 bcsId: 0} | ret=SUCCESS |  
2019-08-23 02:48:19,533 [grpc-default-executor-1] INFO  client.GrpcClientProtocolClient (GrpcClientProtocolClient.java:onNext(255)) - client-B268B4322F32->17750241-545b-4219-93a1-14a6ea3d85be: receive RaftClientReply:client-B268B4322F32->17750241-545b-4219-93a1-14a6ea3d85be@group-C33FBD9556F2, cid=1690, SUCCESS, logIndex=2452, commits[17750241-545b-4219-93a1-14a6ea3d85be:c2452, 4eaaa090-573e-41d3-9f8c-c99e236d806a:c2448, 5f4cf9ee-4bed-49de-adaa-861aec894328:c2448]
2019-08-23 02:48:19,533 | INFO  | DNAudit | user=null | ip=null | op=PUT_BLOCK {blockData=[blockId=conID: 3 locID: 102664011743494656 bcsId: 0,size=1048576]} | ret=SUCCESS |  
2019-08-23 02:48:19,533 | INFO  | DNAudit | user=null | ip=null | op=WRITE_CHUNK {blockData=conID: 3 locID: 102664011743494656 bcsId: 0} | ret=SUCCESS |  
2019-08-23 02:48:19,534 | INFO  | DNAudit | user=null | ip=null | op=PUT_BLOCK {blockData=[blockId=conID: 3 locID: 102664011743494656 bcsId: 0,size=1048576]} | ret=SUCCESS |  
2019-08-23 02:48:19,534 [grpc-default-executor-2] INFO  client.GrpcClientProtocolClient (GrpcClientProtocolClient.java:onNext(255)) - client-B268B4322F32->17750241-545b-4219-93a1-14a6ea3d85be: receive RaftClientReply:client-B268B4322F32->17750241-545b-4219-93a1-14a6ea3d85be@group-C33FBD9556F2, cid=1691, SUCCESS, logIndex=0, commits[17750241-545b-4219-93a1-14a6ea3d85be:c2454, 4eaaa090-573e-41d3-9f8c-c99e236d806a:c2450, 5f4cf9ee-4bed-49de-adaa-861aec894328:c2450]
2019-08-23 02:48:19,534 | INFO  | DNAudit | user=null | ip=null | op=WRITE_CHUNK {blockData=conID: 3 locID: 102664011743494656 bcsId: 0} | ret=SUCCESS |  
2019-08-23 02:48:19,534 | INFO  | DNAudit | user=null | ip=null | op=PUT_BLOCK {blockData=[blockId=conID: 3 locID: 102664011743494656 bcsId: 0,size=2097152]} | ret=SUCCESS |  
2019-08-23 02:48:19,535 | INFO  | DNAudit | user=null | ip=null | op=WRITE_CHUNK {blockData=conID: 3 locID: 102664011743494656 bcsId: 0} | ret=SUCCESS |  
2019-08-23 02:48:19,535 | INFO  | DNAudit | user=null | ip=null | op=PUT_BLOCK {blockData=[blockId=conID: 3 locID: 102664011743494656 bcsId: 0,size=2097152]} | ret=SUCCESS |  
2019-08-23 02:48:19,541 | INFO  | DNAudit | user=null | ip=null | op=WRITE_CHUNK {blockData=conID: 3 locID: 102664011743494656 bcsId: 2452} | ret=SUCCESS |  
2019-08-23 02:48:19,543 | INFO  | DNAudit | user=null | ip=null | op=WRITE_CHUNK {blockData=conID: 3 locID: 102664011743494656 bcsId: 2452} | ret=SUCCESS |  
2019-08-23 02:48:19,543 | INFO  | DNAudit | user=null | ip=null | op=WRITE_CHUNK {blockData=conID: 3 locID: 102664011743494656 bcsId: 2452} | ret=SUCCESS |  
2019-08-23 02:48:19,562 | INFO  | DNAudit | user=null | ip=null | op=WRITE_CHUNK {blockData=conID: 3 locID: 102664011743494656 bcsId: 2452} | ret=SUCCESS |  
2019-08-23 02:48:19,563 | INFO  | DNAudit | user=null | ip=null | op=PUT_BLOCK {blockData=[blockId=conID: 3 locID: 102664011743494656 bcsId: 0,size=3145728]} | ret=SUCCESS |  
2019-08-23 02:48:19,563 [grpc-default-executor-2] INFO  client.GrpcClientProtocolClient (GrpcClientProtocolClient.java:onNext(255)) - client-B268B4322F32->17750241-545b-4219-93a1-14a6ea3d85be: receive RaftClientReply:client-B268B4322F32->17750241-545b-4219-93a1-14a6ea3d85be@group-C33FBD9556F2, cid=1692, SUCCESS, logIndex=2457, commits[17750241-545b-4219-93a1-14a6ea3d85be:c2457, 4eaaa090-573e-41d3-9f8c-c99e236d806a:c2456, 5f4cf9ee-4bed-49de-adaa-861aec894328:c2456]
2019-08-23 02:48:19,563 [grpc-default-executor-2] INFO  client.GrpcClientProtocolClient (GrpcClientProtocolClient.java:onNext(255)) - client-B268B4322F32->17750241-545b-4219-93a1-14a6ea3d85be: receive RaftClientReply:client-B268B4322F32->17750241-545b-4219-93a1-14a6ea3d85be@group-C33FBD9556F2, cid=1693, SUCCESS, logIndex=2458, commits[17750241-545b-4219-93a1-14a6ea3d85be:c2458, 4eaaa090-573e-41d3-9f8c-c99e236d806a:c2456, 5f4cf9ee-4bed-49de-adaa-861aec894328:c2456]
2019-08-23 02:48:19,570 | INFO  | DNAudit | user=null | ip=null | op=WRITE_CHUNK {blockData=conID: 3 locID: 102664011743494656 bcsId: 2458} | ret=SUCCESS |  
2019-08-23 02:48:19,573 | INFO  | DNAudit | user=null | ip=null | op=WRITE_CHUNK {blockData=conID: 3 locID: 102664011743494656 bcsId: 2458} | ret=SUCCESS |  
2019-08-23 02:48:19,573 | INFO  | DNAudit | user=null | ip=null | op=WRITE_CHUNK {blockData=conID: 3 locID: 102664011743494656 bcsId: 2458} | ret=SUCCESS |  
2019-08-23 02:48:19,574 | INFO  | DNAudit | user=null | ip=null | op=WRITE_CHUNK {blockData=conID: 3 locID: 102664011743494656 bcsId: 2452} | ret=SUCCESS |  
2019-08-23 02:48:19,574 | INFO  | DNAudit | user=null | ip=null | op=WRITE_CHUNK {blockData=conID: 3 locID: 102664011743494656 bcsId: 2452} | ret=SUCCESS |  
2019-08-23 02:48:19,576 | INFO  | DNAudit | user=null | ip=null | op=PUT_BLOCK {blockData=[blockId=conID: 3 locID: 102664011743494656 bcsId: 0,size=3145728]} | ret=SUCCESS |  
2019-08-23 02:48:19,576 | INFO  | DNAudit | user=null | ip=null | op=PUT_BLOCK {blockData=[blockId=conID: 3 locID: 102664011743494656 bcsId: 0,size=3145728]} | ret=SUCCESS |  
2019-08-23 02:48:19,577 | INFO  | DNAudit | user=null | ip=null | op=WRITE_CHUNK {blockData=conID: 3 locID: 102664011743494656 bcsId: 2458} | ret=SUCCESS |  
2019-08-23 02:48:19,577 | INFO  | DNAudit | user=null | ip=null | op=PUT_BLOCK {blockData=[blockId=conID: 3 locID: 102664011743494656 bcsId: 0,size=4194304]} | ret=SUCCESS |  
2019-08-23 02:48:19,577 [grpc-default-executor-2] INFO  client.GrpcClientProtocolClient (GrpcClientProtocolClient.java:onNext(255)) - client-B268B4322F32->17750241-545b-4219-93a1-14a6ea3d85be: receive RaftClientReply:client-B268B4322F32->17750241-545b-4219-93a1-14a6ea3d85be@group-C33FBD9556F2, cid=1694, SUCCESS, logIndex=2461, commits[17750241-545b-4219-93a1-14a6ea3d85be:c2462, 4eaaa090-573e-41d3-9f8c-c99e236d806a:c2458, 5f4cf9ee-4bed-49de-adaa-861aec894328:c2458]
2019-08-23 02:48:19,578 [grpc-default-executor-2] INFO  client.GrpcClientProtocolClient (GrpcClientProtocolClient.java:onNext(255)) - client-B268B4322F32->17750241-545b-4219-93a1-14a6ea3d85be: receive RaftClientReply:client-B268B4322F32->17750241-545b-4219-93a1-14a6ea3d85be@group-C33FBD9556F2, cid=1695, SUCCESS, logIndex=2462, commits[17750241-545b-4219-93a1-14a6ea3d85be:c2462, 4eaaa090-573e-41d3-9f8c-c99e236d806a:c2458, 5f4cf9ee-4bed-49de-adaa-861aec894328:c2458]
2019-08-23 02:48:19,588 | INFO  | DNAudit | user=null | ip=null | op=WRITE_CHUNK {blockData=conID: 3 locID: 102664011743494656 bcsId: 2458} | ret=SUCCESS |  
2019-08-23 02:48:19,588 | INFO  | DNAudit | user=null | ip=null | op=WRITE_CHUNK {blockData=conID: 3 locID: 102664011743494656 bcsId: 2458} | ret=SUCCESS |  
2019-08-23 02:48:19,591 | INFO  | DNAudit | user=null | ip=null | op=PUT_BLOCK {blockData=[blockId=conID: 3 locID: 102664011743494656 bcsId: 0,size=4194304]} | ret=SUCCESS |  
2019-08-23 02:48:19,591 | INFO  | DNAudit | user=null | ip=null | op=PUT_BLOCK {blockData=[blockId=conID: 3 locID: 102664011743494656 bcsId: 0,size=4194304]} | ret=SUCCESS |  
2019-08-23 02:48:19,592 [grpc-default-executor-2] INFO  client.GrpcClientProtocolClient (GrpcClientProtocolClient.java:onNext(255)) - client-B268B4322F32->17750241-545b-4219-93a1-14a6ea3d85be: receive RaftClientReply:client-B268B4322F32->17750241-545b-4219-93a1-14a6ea3d85be@group-C33FBD9556F2, cid=1696, SUCCESS, logIndex=0, commits[17750241-545b-4219-93a1-14a6ea3d85be:c2464, 4eaaa090-573e-41d3-9f8c-c99e236d806a:c2462, 5f4cf9ee-4bed-49de-adaa-861aec894328:c2462]
2019-08-23 02:48:19,593 | INFO  | SCMAudit | user=jenkins1000 | ip=192.168.34.22 | op=ALLOCATE_BLOCK {owner=31d65bc3-3f70-45f5-bbc5-e3a15f967ba6, size=4194304, type=RATIS, factor=THREE} | ret=SUCCESS |  
2019-08-23 02:48:19,597 | INFO  | OMAudit | user=jenkins1000 | ip=127.0.0.1 | op=ALLOCATE_BLOCK {volume=vol-0-78052, bucket=bucket-0-33874, key=key-0-20719, dataSize=2147483657, replicationType=RATIS, replicationFactor=THREE, keyLocationInfo=[], clientID=102664010308846034} | ret=SUCCESS |  
2019-08-23 02:48:19,607 | INFO  | DNAudit | user=null | ip=null | op=WRITE_CHUNK {blockData=conID: 1 locID: 102664011749327361 bcsId: 0} | ret=SUCCESS |  
2019-08-23 02:48:19,610 | INFO  | DNAudit | user=null | ip=null | op=WRITE_CHUNK {blockData=conID: 1 locID: 102664011749327361 bcsId: 0} | ret=SUCCESS |  
2019-08-23 02:48:19,610 | INFO  | DNAudit | user=null | ip=null | op=WRITE_CHUNK {blockData=conID: 1 locID: 102664011749327361 bcsId: 0} | ret=SUCCESS |  
2019-08-23 02:48:19,611 | INFO  | DNAudit | user=null | ip=null | op=WRITE_CHUNK {blockData=conID: 1 locID: 102664011749327361 bcsId: 0} | ret=SUCCESS |  
2019-08-23 02:48:19,613 | INFO  | DNAudit | user=null | ip=null | op=WRITE_CHUNK {blockData=conID: 1 locID: 102664011749327361 bcsId: 0} | ret=SUCCESS |  
2019-08-23 02:48:19,613 | INFO  | DNAudit | user=null | ip=null | op=WRITE_CHUNK {blockData=conID: 1 locID: 102664011749327361 bcsId: 0} | ret=SUCCESS |  
2019-08-23 02:48:19,618 | INFO  | DNAudit | user=null | ip=null | op=WRITE_CHUNK {blockData=conID: 1 locID: 102664011749327361 bcsId: 0} | ret=SUCCESS |  
2019-08-23 02:48:19,619 | INFO  | DNAudit | user=null | ip=null | op=PUT_BLOCK {blockData=[blockId=conID: 1 locID: 102664011749327361 bcsId: 0,size=1048576]} | ret=SUCCESS |  
2019-08-23 02:48:19,619 [grpc-default-executor-5] INFO  client.GrpcClientProtocolClient (GrpcClientProtocolClient.java:onNext(255)) - client-B268B4322F32->17750241-545b-4219-93a1-14a6ea3d85be: receive RaftClientReply:client-B268B4322F32->17750241-545b-4219-93a1-14a6ea3d85be@group-C33FBD9556F2, cid=1697, SUCCESS, logIndex=2465, commits[17750241-545b-4219-93a1-14a6ea3d85be:c2466, 4eaaa090-573e-41d3-9f8c-c99e236d806a:c2464, 5f4cf9ee-4bed-49de-adaa-861aec894328:c2464]
2019-08-23 02:48:19,620 | INFO  | DNAudit | user=null | ip=null | op=WRITE_CHUNK {blockData=conID: 1 locID: 102664011749327361 bcsId: 0} | ret=SUCCESS |  
2019-08-23 02:48:19,620 [grpc-default-executor-1] INFO  client.GrpcClientProtocolClient (GrpcClientProtocolClient.java:onNext(255)) - client-B268B4322F32->17750241-545b-4219-93a1-14a6ea3d85be: receive RaftClientReply:client-B268B4322F32->17750241-545b-4219-93a1-14a6ea3d85be@group-C33FBD9556F2, cid=1698, SUCCESS, logIndex=2466, commits[17750241-545b-4219-93a1-14a6ea3d85be:c2468, 4eaaa090-573e-41d3-9f8c-c99e236d806a:c2464, 5f4cf9ee-4bed-49de-adaa-861aec894328:c2464]
2019-08-23 02:48:19,620 | INFO  | DNAudit | user=null | ip=null | op=PUT_BLOCK {blockData=[blockId=conID: 1 locID: 102664011749327361 bcsId: 0,size=2097152]} | ret=SUCCESS |  
2019-08-23 02:48:19,620 | INFO  | DNAudit | user=null | ip=null | op=WRITE_CHUNK {blockData=conID: 1 locID: 102664011749327361 bcsId: 0} | ret=SUCCESS |  
2019-08-23 02:48:19,620 [grpc-default-executor-1] INFO  client.GrpcClientProtocolClient (GrpcClientProtocolClient.java:onNext(255)) - client-B268B4322F32->17750241-545b-4219-93a1-14a6ea3d85be: receive RaftClientReply:client-B268B4322F32->17750241-545b-4219-93a1-14a6ea3d85be@group-C33FBD9556F2, cid=1699, SUCCESS, logIndex=2467, commits[17750241-545b-4219-93a1-14a6ea3d85be:c2468, 4eaaa090-573e-41d3-9f8c-c99e236d806a:c2464, 5f4cf9ee-4bed-49de-adaa-861aec894328:c2464]
2019-08-23 02:48:19,620 | INFO  | DNAudit | user=null | ip=null | op=PUT_BLOCK {blockData=[blockId=conID: 1 locID: 102664011749327361 bcsId: 0,size=1048576]} | ret=SUCCESS |  
2019-08-23 02:48:19,621 | INFO  | DNAudit | user=null | ip=null | op=WRITE_CHUNK {blockData=conID: 1 locID: 102664011749327361 bcsId: 0} | ret=SUCCESS |  
2019-08-23 02:48:19,621 | INFO  | DNAudit | user=null | ip=null | op=PUT_BLOCK {blockData=[blockId=conID: 1 locID: 102664011749327361 bcsId: 0,size=1048576]} | ret=SUCCESS |  
2019-08-23 02:48:19,621 [grpc-default-executor-1] INFO  client.GrpcClientProtocolClient (GrpcClientProtocolClient.java:onNext(255)) - client-B268B4322F32->17750241-545b-4219-93a1-14a6ea3d85be: receive RaftClientReply:client-B268B4322F32->17750241-545b-4219-93a1-14a6ea3d85be@group-C33FBD9556F2, cid=1700, SUCCESS, logIndex=2468, commits[17750241-545b-4219-93a1-14a6ea3d85be:c2469, 4eaaa090-573e-41d3-9f8c-c99e236d806a:c2466, 5f4cf9ee-4bed-49de-adaa-861aec894328:c2464]
2019-08-23 02:48:19,621 | INFO  | DNAudit | user=null | ip=null | op=WRITE_CHUNK {blockData=conID: 1 locID: 102664011749327361 bcsId: 0} | ret=SUCCESS |  
2019-08-23 02:48:19,621 | INFO  | DNAudit | user=null | ip=null | op=WRITE_CHUNK {blockData=conID: 1 locID: 102664011749327361 bcsId: 0} | ret=SUCCESS |  
2019-08-23 02:48:19,621 | INFO  | DNAudit | user=null | ip=null | op=PUT_BLOCK {blockData=[blockId=conID: 1 locID: 102664011749327361 bcsId: 0,size=2097152]} | ret=SUCCESS |  
2019-08-23 02:48:19,622 | INFO  | DNAudit | user=null | ip=null | op=PUT_BLOCK {blockData=[blockId=conID: 1 locID: 102664011749327361 bcsId: 0,size=2097152]} | ret=SUCCESS |  
2019-08-23 02:48:19,622 [grpc-default-executor-1] INFO  client.GrpcClientProtocolClient (GrpcClientProtocolClient.java:onNext(255)) - client-B268B4322F32->17750241-545b-4219-93a1-14a6ea3d85be: receive RaftClientReply:client-B268B4322F32->17750241-545b-4219-93a1-14a6ea3d85be@group-C33FBD9556F2, cid=1701, SUCCESS, logIndex=0, commits[17750241-545b-4219-93a1-14a6ea3d85be:c2472, 4eaaa090-573e-41d3-9f8c-c99e236d806a:c2468, 5f4cf9ee-4bed-49de-adaa-861aec894328:c2467]
2019-08-23 02:48:19,629 | INFO  | DNAudit | user=null | ip=null | op=WRITE_CHUNK {blockData=conID: 1 locID: 102664011749327361 bcsId: 2468} | ret=SUCCESS |  
2019-08-23 02:48:19,631 | INFO  | DNAudit | user=null | ip=null | op=WRITE_CHUNK {blockData=conID: 1 locID: 102664011749327361 bcsId: 2468} | ret=SUCCESS |  
2019-08-23 02:48:19,631 | INFO  | DNAudit | user=null | ip=null | op=WRITE_CHUNK {blockData=conID: 1 locID: 102664011749327361 bcsId: 2468} | ret=SUCCESS |  
2019-08-23 02:48:19,633 | INFO  | DNAudit | user=null | ip=null | op=WRITE_CHUNK {blockData=conID: 1 locID: 102664011749327361 bcsId: 2468} | ret=SUCCESS |  
2019-08-23 02:48:19,634 | INFO  | DNAudit | user=null | ip=null | op=PUT_BLOCK {blockData=[blockId=conID: 1 locID: 102664011749327361 bcsId: 0,size=3145728]} | ret=SUCCESS |  
2019-08-23 02:48:19,634 [grpc-default-executor-5] INFO  client.GrpcClientProtocolClient (GrpcClientProtocolClient.java:onNext(255)) - client-B268B4322F32->17750241-545b-4219-93a1-14a6ea3d85be: receive RaftClientReply:client-B268B4322F32->17750241-545b-4219-93a1-14a6ea3d85be@group-C33FBD9556F2, cid=1702, SUCCESS, logIndex=2473, commits[17750241-545b-4219-93a1-14a6ea3d85be:c2474, 4eaaa090-573e-41d3-9f8c-c99e236d806a:c2472, 5f4cf9ee-4bed-49de-adaa-861aec894328:c2472]
2019-08-23 02:48:19,634 [grpc-default-executor-5] INFO  client.GrpcClientProtocolClient (GrpcClientProtocolClient.java:onNext(255)) - client-B268B4322F32->17750241-545b-4219-93a1-14a6ea3d85be: receive RaftClientReply:client-B268B4322F32->17750241-545b-4219-93a1-14a6ea3d85be@group-C33FBD9556F2, cid=1703, SUCCESS, logIndex=2474, commits[17750241-545b-4219-93a1-14a6ea3d85be:c2474, 4eaaa090-573e-41d3-9f8c-c99e236d806a:c2472, 5f4cf9ee-4bed-49de-adaa-861aec894328:c2472]
2019-08-23 02:48:19,635 | INFO  | DNAudit | user=null | ip=null | op=WRITE_CHUNK {blockData=conID: 1 locID: 102664011749327361 bcsId: 2468} | ret=SUCCESS |  
2019-08-23 02:48:19,635 | INFO  | DNAudit | user=null | ip=null | op=WRITE_CHUNK {blockData=conID: 1 locID: 102664011749327361 bcsId: 2468} | ret=SUCCESS |  
2019-08-23 02:48:19,635 | INFO  | DNAudit | user=null | ip=null | op=PUT_BLOCK {blockData=[blockId=conID: 1 locID: 102664011749327361 bcsId: 0,size=3145728]} | ret=SUCCESS |  
2019-08-23 02:48:19,636 | INFO  | DNAudit | user=null | ip=null | op=PUT_BLOCK {blockData=[blockId=conID: 1 locID: 102664011749327361 bcsId: 0,size=3145728]} | ret=SUCCESS |  
2019-08-23 02:48:19,640 | INFO  | DNAudit | user=null | ip=null | op=WRITE_CHUNK {blockData=conID: 1 locID: 102664011749327361 bcsId: 2474} | ret=SUCCESS |  
2019-08-23 02:48:19,642 | INFO  | DNAudit | user=null | ip=null | op=WRITE_CHUNK {blockData=conID: 1 locID: 102664011749327361 bcsId: 2474} | ret=SUCCESS |  
2019-08-23 02:48:19,642 | INFO  | DNAudit | user=null | ip=null | op=WRITE_CHUNK {blockData=conID: 1 locID: 102664011749327361 bcsId: 2474} | ret=SUCCESS |  
2019-08-23 02:48:19,651 | INFO  | DNAudit | user=null | ip=null | op=WRITE_CHUNK {blockData=conID: 1 locID: 102664011749327361 bcsId: 2474} | ret=SUCCESS |  
2019-08-23 02:48:19,652 | INFO  | DNAudit | user=null | ip=null | op=PUT_BLOCK {blockData=[blockId=conID: 1 locID: 102664011749327361 bcsId: 0,size=4194304]} | ret=SUCCESS |  
2019-08-23 02:48:19,652 [grpc-default-executor-5] INFO  client.GrpcClientProtocolClient (GrpcClientProtocolClient.java:onNext(255)) - client-B268B4322F32->17750241-545b-4219-93a1-14a6ea3d85be: receive RaftClientReply:client-B268B4322F32->17750241-545b-4219-93a1-14a6ea3d85be@group-C33FBD9556F2, cid=1704, SUCCESS, logIndex=2477, commits[17750241-545b-4219-93a1-14a6ea3d85be:c2478, 4eaaa090-573e-41d3-9f8c-c99e236d806a:c2476, 5f4cf9ee-4bed-49de-adaa-861aec894328:c2476]
2019-08-23 02:48:19,652 [grpc-default-executor-5] INFO  client.GrpcClientProtocolClient (GrpcClientProtocolClient.java:onNext(255)) - client-B268B4322F32->17750241-545b-4219-93a1-14a6ea3d85be: receive RaftClientReply:client-B268B4322F32->17750241-545b-4219-93a1-14a6ea3d85be@group-C33FBD9556F2, cid=1705, SUCCESS, logIndex=2478, commits[17750241-545b-4219-93a1-14a6ea3d85be:c2478, 4eaaa090-573e-41d3-9f8c-c99e236d806a:c2476, 5f4cf9ee-4bed-49de-adaa-861aec894328:c2476]
2019-08-23 02:48:19,661 | INFO  | DNAudit | user=null | ip=null | op=WRITE_CHUNK {blockData=conID: 1 locID: 102664011749327361 bcsId: 2474} | ret=SUCCESS |  
2019-08-23 02:48:19,661 | INFO  | DNAudit | user=null | ip=null | op=WRITE_CHUNK {blockData=conID: 1 locID: 102664011749327361 bcsId: 2474} | ret=SUCCESS |  
2019-08-23 02:48:19,662 | INFO  | DNAudit | user=null | ip=null | op=PUT_BLOCK {blockData=[blockId=conID: 1 locID: 102664011749327361 bcsId: 0,size=4194304]} | ret=SUCCESS |  
2019-08-23 02:48:19,662 | INFO  | DNAudit | user=null | ip=null | op=PUT_BLOCK {blockData=[blockId=conID: 1 locID: 102664011749327361 bcsId: 0,size=4194304]} | ret=SUCCESS |  
2019-08-23 02:48:19,663 [grpc-default-executor-1] INFO  client.GrpcClientProtocolClient (GrpcClientProtocolClient.java:onNext(255)) - client-B268B4322F32->17750241-545b-4219-93a1-14a6ea3d85be: receive RaftClientReply:client-B268B4322F32->17750241-545b-4219-93a1-14a6ea3d85be@group-C33FBD9556F2, cid=1706, SUCCESS, logIndex=0, commits[17750241-545b-4219-93a1-14a6ea3d85be:c2479, 4eaaa090-573e-41d3-9f8c-c99e236d806a:c2478, 5f4cf9ee-4bed-49de-adaa-861aec894328:c2478]
 0.00% |█                                                                                                    |  0/1 Time: 0:00:222019-08-23 02:48:19,665 | INFO  | SCMAudit | user=jenkins1000 | ip=192.168.34.22 | op=ALLOCATE_BLOCK {owner=31d65bc3-3f70-45f5-bbc5-e3a15f967ba6, size=4194304, type=RATIS, factor=THREE} | ret=SUCCESS |  
2019-08-23 02:48:19,668 | INFO  | OMAudit | user=jenkins1000 | ip=127.0.0.1 | op=ALLOCATE_BLOCK {volume=vol-0-78052, bucket=bucket-0-33874, key=key-0-20719, dataSize=2147483657, replicationType=RATIS, replicationFactor=THREE, keyLocationInfo=[], clientID=102664010308846034} | ret=SUCCESS |  
2019-08-23 02:48:19,679 | INFO  | DNAudit | user=null | ip=null | op=WRITE_CHUNK {blockData=conID: 2 locID: 102664011754045954 bcsId: 0} | ret=SUCCESS |  
2019-08-23 02:48:19,681 | INFO  | DNAudit | user=null | ip=null | op=WRITE_CHUNK {blockData=conID: 2 locID: 102664011754045954 bcsId: 0} | ret=SUCCESS |  
2019-08-23 02:48:19,682 | INFO  | DNAudit | user=null | ip=null | op=WRITE_CHUNK {blockData=conID: 2 locID: 102664011754045954 bcsId: 0} | ret=SUCCESS |  
2019-08-23 02:48:19,682 | INFO  | DNAudit | user=null | ip=null | op=WRITE_CHUNK {blockData=conID: 2 locID: 102664011754045954 bcsId: 0} | ret=SUCCESS |  
2019-08-23 02:48:19,683 | INFO  | DNAudit | user=null | ip=null | op=WRITE_CHUNK {blockData=conID: 2 locID: 102664011754045954 bcsId: 0} | ret=SUCCESS |  
2019-08-23 02:48:19,684 | INFO  | DNAudit | user=null | ip=null | op=PUT_BLOCK {blockData=[blockId=conID: 2 locID: 102664011754045954 bcsId: 0,size=1048576]} | ret=SUCCESS |  
2019-08-23 02:48:19,684 | INFO  | DNAudit | user=null | ip=null | op=WRITE_CHUNK {blockData=conID: 2 locID: 102664011754045954 bcsId: 0} | ret=SUCCESS |  
2019-08-23 02:48:19,684 [grpc-default-executor-6] INFO  client.GrpcClientProtocolClient (GrpcClientProtocolClient.java:onNext(255)) - client-B268B4322F32->17750241-545b-4219-93a1-14a6ea3d85be: receive RaftClientReply:client-B268B4322F32->17750241-545b-4219-93a1-14a6ea3d85be@group-C33FBD9556F2, cid=1707, SUCCESS, logIndex=2481, commits[17750241-545b-4219-93a1-14a6ea3d85be:c2482, 4eaaa090-573e-41d3-9f8c-c99e236d806a:c2478, 5f4cf9ee-4bed-49de-adaa-861aec894328:c2480]
2019-08-23 02:48:19,684 | INFO  | DNAudit | user=null | ip=null | op=WRITE_CHUNK {blockData=conID: 2 locID: 102664011754045954 bcsId: 0} | ret=SUCCESS |  
2019-08-23 02:48:19,685 [grpc-default-executor-6] INFO  client.GrpcClientProtocolClient (GrpcClientProtocolClient.java:onNext(255)) - client-B268B4322F32->17750241-545b-4219-93a1-14a6ea3d85be: receive RaftClientReply:client-B268B4322F32->17750241-545b-4219-93a1-14a6ea3d85be@group-C33FBD9556F2, cid=1708, SUCCESS, logIndex=2482, commits[17750241-545b-4219-93a1-14a6ea3d85be:c2482, 4eaaa090-573e-41d3-9f8c-c99e236d806a:c2480, 5f4cf9ee-4bed-49de-adaa-861aec894328:c2480]
2019-08-23 02:48:19,686 | INFO  | DNAudit | user=null | ip=null | op=WRITE_CHUNK {blockData=conID: 2 locID: 102664011754045954 bcsId: 0} | ret=SUCCESS |  
2019-08-23 02:48:19,686 | INFO  | DNAudit | user=null | ip=null | op=WRITE_CHUNK {blockData=conID: 2 locID: 102664011754045954 bcsId: 0} | ret=SUCCESS |  
2019-08-23 02:48:19,687 | INFO  | DNAudit | user=null | ip=null | op=PUT_BLOCK {blockData=[blockId=conID: 2 locID: 102664011754045954 bcsId: 0,size=2097152]} | ret=SUCCESS |  
2019-08-23 02:48:19,687 | INFO  | DNAudit | user=null | ip=null | op=PUT_BLOCK {blockData=[blockId=conID: 2 locID: 102664011754045954 bcsId: 0,size=1048576]} | ret=SUCCESS |  
2019-08-23 02:48:19,687 | INFO  | DNAudit | user=null | ip=null | op=WRITE_CHUNK {blockData=conID: 2 locID: 102664011754045954 bcsId: 0} | ret=SUCCESS |  
2019-08-23 02:48:19,687 [grpc-default-executor-5] INFO  client.GrpcClientProtocolClient (GrpcClientProtocolClient.java:onNext(255)) - client-B268B4322F32->17750241-545b-4219-93a1-14a6ea3d85be: receive RaftClientReply:client-B268B4322F32->17750241-545b-4219-93a1-14a6ea3d85be@group-C33FBD9556F2, cid=1709, SUCCESS, logIndex=2483, commits[17750241-545b-4219-93a1-14a6ea3d85be:c2484, 4eaaa090-573e-41d3-9f8c-c99e236d806a:c2480, 5f4cf9ee-4bed-49de-adaa-861aec894328:c2480]
2019-08-23 02:48:19,687 | INFO  | DNAudit | user=null | ip=null | op=PUT_BLOCK {blockData=[blockId=conID: 2 locID: 102664011754045954 bcsId: 0,size=1048576]} | ret=SUCCESS |  
2019-08-23 02:48:19,687 [grpc-default-executor-5] INFO  client.GrpcClientProtocolClient (GrpcClientProtocolClient.java:onNext(255)) - client-B268B4322F32->17750241-545b-4219-93a1-14a6ea3d85be: receive RaftClientReply:client-B268B4322F32->17750241-545b-4219-93a1-14a6ea3d85be@group-C33FBD9556F2, cid=1710, SUCCESS, logIndex=2484, commits[17750241-545b-4219-93a1-14a6ea3d85be:c2486, 4eaaa090-573e-41d3-9f8c-c99e236d806a:c2480, 5f4cf9ee-4bed-49de-adaa-861aec894328:c2482]
2019-08-23 02:48:19,688 | INFO  | DNAudit | user=null | ip=null | op=WRITE_CHUNK {blockData=conID: 2 locID: 102664011754045954 bcsId: 0} | ret=SUCCESS |  
2019-08-23 02:48:19,688 | INFO  | DNAudit | user=null | ip=null | op=PUT_BLOCK {blockData=[blockId=conID: 2 locID: 102664011754045954 bcsId: 0,size=2097152]} | ret=SUCCESS |  
2019-08-23 02:48:19,688 [grpc-default-executor-5] INFO  client.GrpcClientProtocolClient (GrpcClientProtocolClient.java:onNext(255)) - client-B268B4322F32->17750241-545b-4219-93a1-14a6ea3d85be: receive RaftClientReply:client-B268B4322F32->17750241-545b-4219-93a1-14a6ea3d85be@group-C33FBD9556F2, cid=1711, SUCCESS, logIndex=0, commits[17750241-545b-4219-93a1-14a6ea3d85be:c2486, 4eaaa090-573e-41d3-9f8c-c99e236d806a:c2482, 5f4cf9ee-4bed-49de-adaa-861aec894328:c2482]
2019-08-23 02:48:19,689 | INFO  | DNAudit | user=null | ip=null | op=WRITE_CHUNK {blockData=conID: 2 locID: 102664011754045954 bcsId: 0} | ret=SUCCESS |  
2019-08-23 02:48:19,689 | INFO  | DNAudit | user=null | ip=null | op=PUT_BLOCK {blockData=[blockId=conID: 2 locID: 102664011754045954 bcsId: 0,size=2097152]} | ret=SUCCESS |  
2019-08-23 02:48:19,694 | INFO  | DNAudit | user=null | ip=null | op=WRITE_CHUNK {blockData=conID: 2 locID: 102664011754045954 bcsId: 2484} | ret=SUCCESS |  
2019-08-23 02:48:19,696 | INFO  | DNAudit | user=null | ip=null | op=WRITE_CHUNK {blockData=conID: 2 locID: 102664011754045954 bcsId: 2484} | ret=SUCCESS |  
2019-08-23 02:48:19,696 | INFO  | DNAudit | user=null | ip=null | op=WRITE_CHUNK {blockData=conID: 2 locID: 102664011754045954 bcsId: 2484} | ret=SUCCESS |  
2019-08-23 02:48:19,698 | INFO  | DNAudit | user=null | ip=null | op=WRITE_CHUNK {blockData=conID: 2 locID: 102664011754045954 bcsId: 2484} | ret=SUCCESS |  
2019-08-23 02:48:19,699 | INFO  | DNAudit | user=null | ip=null | op=PUT_BLOCK {blockData=[blockId=conID: 2 locID: 102664011754045954 bcsId: 0,size=3145728]} | ret=SUCCESS |  
2019-08-23 02:48:19,699 [grpc-default-executor-6] INFO  client.GrpcClientProtocolClient (GrpcClientProtocolClient.java:onNext(255)) - client-B268B4322F32->17750241-545b-4219-93a1-14a6ea3d85be: receive RaftClientReply:client-B268B4322F32->17750241-545b-4219-93a1-14a6ea3d85be@group-C33FBD9556F2, cid=1712, SUCCESS, logIndex=2489, commits[17750241-545b-4219-93a1-14a6ea3d85be:c2490, 4eaaa090-573e-41d3-9f8c-c99e236d806a:c2488, 5f4cf9ee-4bed-49de-adaa-861aec894328:c2488]
2019-08-23 02:48:19,699 [grpc-default-executor-6] INFO  client.GrpcClientProtocolClient (GrpcClientProtocolClient.java:onNext(255)) - client-B268B4322F32->17750241-545b-4219-93a1-14a6ea3d85be: receive RaftClientReply:client-B268B4322F32->17750241-545b-4219-93a1-14a6ea3d85be@group-C33FBD9556F2, cid=1713, SUCCESS, logIndex=2490, commits[17750241-545b-4219-93a1-14a6ea3d85be:c2490, 4eaaa090-573e-41d3-9f8c-c99e236d806a:c2488, 5f4cf9ee-4bed-49de-adaa-861aec894328:c2488]
2019-08-23 02:48:19,701 | INFO  | DNAudit | user=null | ip=null | op=WRITE_CHUNK {blockData=conID: 2 locID: 102664011754045954 bcsId: 2484} | ret=SUCCESS |  
2019-08-23 02:48:19,701 | INFO  | DNAudit | user=null | ip=null | op=WRITE_CHUNK {blockData=conID: 2 locID: 102664011754045954 bcsId: 2484} | ret=SUCCESS |  
2019-08-23 02:48:19,701 | INFO  | DNAudit | user=null | ip=null | op=PUT_BLOCK {blockData=[blockId=conID: 2 locID: 102664011754045954 bcsId: 0,size=3145728]} | ret=SUCCESS |  
2019-08-23 02:48:19,701 | INFO  | DNAudit | user=null | ip=null | op=PUT_BLOCK {blockData=[blockId=conID: 2 locID: 102664011754045954 bcsId: 0,size=3145728]} | ret=SUCCESS |  
2019-08-23 02:48:19,705 | INFO  | DNAudit | user=null | ip=null | op=WRITE_CHUNK {blockData=conID: 2 locID: 102664011754045954 bcsId: 2490} | ret=SUCCESS |  
2019-08-23 02:48:19,708 | INFO  | DNAudit | user=null | ip=null | op=WRITE_CHUNK {blockData=conID: 2 locID: 102664011754045954 bcsId: 2490} | ret=SUCCESS |  
2019-08-23 02:48:19,708 | INFO  | DNAudit | user=null | ip=null | op=WRITE_CHUNK {blockData=conID: 2 locID: 102664011754045954 bcsId: 2490} | ret=SUCCESS |  
2019-08-23 02:48:19,718 | INFO  | SCMAudit | user=jenkins1000 | ip=192.168.34.22 | op=SEND_HEARTBEAT {datanodeUUID=66ab6a68-e61f-4535-ab2f-12fe560929ed, command=[]} | ret=SUCCESS |  
2019-08-23 02:48:19,721 | INFO  | DNAudit | user=null | ip=null | op=WRITE_CHUNK {blockData=conID: 2 locID: 102664011754045954 bcsId: 2490} | ret=SUCCESS |  
2019-08-23 02:48:19,722 | INFO  | DNAudit | user=null | ip=null | op=PUT_BLOCK {blockData=[blockId=conID: 2 locID: 102664011754045954 bcsId: 0,size=4194304]} | ret=SUCCESS |  
2019-08-23 02:48:19,722 [grpc-default-executor-5] INFO  client.GrpcClientProtocolClient (GrpcClientProtocolClient.java:onNext(255)) - client-B268B4322F32->17750241-545b-4219-93a1-14a6ea3d85be: receive RaftClientReply:client-B268B4322F32->17750241-545b-4219-93a1-14a6ea3d85be@group-C33FBD9556F2, cid=1714, SUCCESS, logIndex=2493, commits[17750241-545b-4219-93a1-14a6ea3d85be:c2494, 4eaaa090-573e-41d3-9f8c-c99e236d806a:c2492, 5f4cf9ee-4bed-49de-adaa-861aec894328:c2492]
2019-08-23 02:48:19,722 [grpc-default-executor-5] INFO  client.GrpcClientProtocolClient (GrpcClientProtocolClient.java:onNext(255)) - client-B268B4322F32->17750241-545b-4219-93a1-14a6ea3d85be: receive RaftClientReply:client-B268B4322F32->17750241-545b-4219-93a1-14a6ea3d85be@group-C33FBD9556F2, cid=1715, SUCCESS, logIndex=2494, commits[17750241-545b-4219-93a1-14a6ea3d85be:c2494, 4eaaa090-573e-41d3-9f8c-c99e236d806a:c2492, 5f4cf9ee-4bed-49de-adaa-861aec894328:c2492]
2019-08-23 02:48:19,731 | INFO  | DNAudit | user=null | ip=null | op=WRITE_CHUNK {blockData=conID: 2 locID: 102664011754045954 bcsId: 2490} | ret=SUCCESS |  
2019-08-23 02:48:19,731 | INFO  | DNAudit | user=null | ip=null | op=WRITE_CHUNK {blockData=conID: 2 locID: 102664011754045954 bcsId: 2490} | ret=SUCCESS |  
2019-08-23 02:48:19,731 | INFO  | DNAudit | user=null | ip=null | op=PUT_BLOCK {blockData=[blockId=conID: 2 locID: 102664011754045954 bcsId: 0,size=4194304]} | ret=SUCCESS |  
2019-08-23 02:48:19,731 | INFO  | DNAudit | user=null | ip=null | op=PUT_BLOCK {blockData=[blockId=conID: 2 locID: 102664011754045954 bcsId: 0,size=4194304]} | ret=SUCCESS |  
2019-08-23 02:48:19,732 [grpc-default-executor-5] INFO  client.GrpcClientProtocolClient (GrpcClientProtocolClient.java:onNext(255)) - client-B268B4322F32->17750241-545b-4219-93a1-14a6ea3d85be: receive RaftClientReply:client-B268B4322F32->17750241-545b-4219-93a1-14a6ea3d85be@group-C33FBD9556F2, cid=1716, SUCCESS, logIndex=0, commits[17750241-545b-4219-93a1-14a6ea3d85be:c2495, 4eaaa090-573e-41d3-9f8c-c99e236d806a:c2494, 5f4cf9ee-4bed-49de-adaa-861aec894328:c2494]
2019-08-23 02:48:19,733 | INFO  | SCMAudit | user=jenkins1000 | ip=192.168.34.22 | op=ALLOCATE_BLOCK {owner=31d65bc3-3f70-45f5-bbc5-e3a15f967ba6, size=4194304, type=RATIS, factor=THREE} | ret=SUCCESS |  
2019-08-23 02:48:19,738 | INFO  | OMAudit | user=jenkins1000 | ip=127.0.0.1 | op=ALLOCATE_BLOCK {volume=vol-0-78052, bucket=bucket-0-33874, key=key-0-20719, dataSize=2147483657, replicationType=RATIS, replicationFactor=THREE, keyLocationInfo=[], clientID=102664010308846034} | ret=SUCCESS |  
2019-08-23 02:48:19,748 | INFO  | DNAudit | user=null | ip=null | op=WRITE_CHUNK {blockData=conID: 3 locID: 102664011758502403 bcsId: 0} | ret=SUCCESS |  
2019-08-23 02:48:19,750 | INFO  | DNAudit | user=null | ip=null | op=WRITE_CHUNK {blockData=conID: 3 locID: 102664011758502403 bcsId: 0} | ret=SUCCESS |  
2019-08-23 02:48:19,750 | INFO  | DNAudit | user=null | ip=null | op=WRITE_CHUNK {blockData=conID: 3 locID: 102664011758502403 bcsId: 0} | ret=SUCCESS |  
2019-08-23 02:48:19,751 | INFO  | DNAudit | user=null | ip=null | op=WRITE_CHUNK {blockData=conID: 3 locID: 102664011758502403 bcsId: 0} | ret=SUCCESS |  
2019-08-23 02:48:19,753 | INFO  | DNAudit | user=null | ip=null | op=WRITE_CHUNK {blockData=conID: 3 locID: 102664011758502403 bcsId: 0} | ret=SUCCESS |  
2019-08-23 02:48:19,753 | INFO  | DNAudit | user=null | ip=null | op=WRITE_CHUNK {blockData=conID: 3 locID: 102664011758502403 bcsId: 0} | ret=SUCCESS |  
2019-08-23 02:48:19,754 | INFO  | DNAudit | user=null | ip=null | op=WRITE_CHUNK {blockData=conID: 3 locID: 102664011758502403 bcsId: 0} | ret=SUCCESS |  
2019-08-23 02:48:19,754 | INFO  | DNAudit | user=null | ip=null | op=PUT_BLOCK {blockData=[blockId=conID: 3 locID: 102664011758502403 bcsId: 0,size=1048576]} | ret=SUCCESS |  
2019-08-23 02:48:19,755 [grpc-default-executor-5] INFO  client.GrpcClientProtocolClient (GrpcClientProtocolClient.java:onNext(255)) - client-B268B4322F32->17750241-545b-4219-93a1-14a6ea3d85be: receive RaftClientReply:client-B268B4322F32->17750241-545b-4219-93a1-14a6ea3d85be@group-C33FBD9556F2, cid=1717, SUCCESS, logIndex=2497, commits[17750241-545b-4219-93a1-14a6ea3d85be:c2498, 4eaaa090-573e-41d3-9f8c-c99e236d806a:c2496, 5f4cf9ee-4bed-49de-adaa-861aec894328:c2496]
2019-08-23 02:48:19,755 | INFO  | DNAudit | user=null | ip=null | op=WRITE_CHUNK {blockData=conID: 3 locID: 102664011758502403 bcsId: 0} | ret=SUCCESS |  
2019-08-23 02:48:19,755 | INFO  | DNAudit | user=null | ip=null | op=WRITE_CHUNK {blockData=conID: 3 locID: 102664011758502403 bcsId: 0} | ret=SUCCESS |  
2019-08-23 02:48:19,755 | INFO  | DNAudit | user=null | ip=null | op=PUT_BLOCK {blockData=[blockId=conID: 3 locID: 102664011758502403 bcsId: 0,size=2097152]} | ret=SUCCESS |  
2019-08-23 02:48:19,755 [grpc-default-executor-5] INFO  client.GrpcClientProtocolClient (GrpcClientProtocolClient.java:onNext(255)) - client-B268B4322F32->17750241-545b-4219-93a1-14a6ea3d85be: receive RaftClientReply:client-B268B4322F32->17750241-545b-4219-93a1-14a6ea3d85be@group-C33FBD9556F2, cid=1718, SUCCESS, logIndex=2498, commits[17750241-545b-4219-93a1-14a6ea3d85be:c2500, 4eaaa090-573e-41d3-9f8c-c99e236d806a:c2496, 5f4cf9ee-4bed-49de-adaa-861aec894328:c2496]
2019-08-23 02:48:19,756 | INFO  | DNAudit | user=null | ip=null | op=WRITE_CHUNK {blockData=conID: 3 locID: 102664011758502403 bcsId: 0} | ret=SUCCESS |  
2019-08-23 02:48:19,756 | INFO  | DNAudit | user=null | ip=null | op=PUT_BLOCK {blockData=[blockId=conID: 3 locID: 102664011758502403 bcsId: 0,size=1048576]} | ret=SUCCESS |  
2019-08-23 02:48:19,756 [grpc-default-executor-5] INFO  client.GrpcClientProtocolClient (GrpcClientProtocolClient.java:onNext(255)) - client-B268B4322F32->17750241-545b-4219-93a1-14a6ea3d85be: receive RaftClientReply:client-B268B4322F32->17750241-545b-4219-93a1-14a6ea3d85be@group-C33FBD9556F2, cid=1719, SUCCESS, logIndex=2499, commits[17750241-545b-4219-93a1-14a6ea3d85be:c2500, 4eaaa090-573e-41d3-9f8c-c99e236d806a:c2496, 5f4cf9ee-4bed-49de-adaa-861aec894328:c2496]
2019-08-23 02:48:19,756 [grpc-default-executor-5] INFO  client.GrpcClientProtocolClient (GrpcClientProtocolClient.java:onNext(255)) - client-B268B4322F32->17750241-545b-4219-93a1-14a6ea3d85be: receive RaftClientReply:client-B268B4322F32->17750241-545b-4219-93a1-14a6ea3d85be@group-C33FBD9556F2, cid=1720, SUCCESS, logIndex=2500, commits[17750241-545b-4219-93a1-14a6ea3d85be:c2500, 4eaaa090-573e-41d3-9f8c-c99e236d806a:c2496, 5f4cf9ee-4bed-49de-adaa-861aec894328:c2496]
2019-08-23 02:48:19,756 | INFO  | DNAudit | user=null | ip=null | op=PUT_BLOCK {blockData=[blockId=conID: 3 locID: 102664011758502403 bcsId: 0,size=1048576]} | ret=SUCCESS |  
2019-08-23 02:48:19,757 | INFO  | DNAudit | user=null | ip=null | op=WRITE_CHUNK {blockData=conID: 3 locID: 102664011758502403 bcsId: 0} | ret=SUCCESS |  
2019-08-23 02:48:19,757 [grpc-default-executor-5] INFO  client.GrpcClientProtocolClient (GrpcClientProtocolClient.java:onNext(255)) - client-B268B4322F32->17750241-545b-4219-93a1-14a6ea3d85be: receive RaftClientReply:client-B268B4322F32->17750241-545b-4219-93a1-14a6ea3d85be@group-C33FBD9556F2, cid=1721, SUCCESS, logIndex=0, commits[17750241-545b-4219-93a1-14a6ea3d85be:c2502, 4eaaa090-573e-41d3-9f8c-c99e236d806a:c2498, 5f4cf9ee-4bed-49de-adaa-861aec894328:c2498]
2019-08-23 02:48:19,757 | INFO  | DNAudit | user=null | ip=null | op=PUT_BLOCK {blockData=[blockId=conID: 3 locID: 102664011758502403 bcsId: 0,size=2097152]} | ret=SUCCESS |  
2019-08-23 02:48:19,758 | INFO  | DNAudit | user=null | ip=null | op=WRITE_CHUNK {blockData=conID: 3 locID: 102664011758502403 bcsId: 0} | ret=SUCCESS |  
2019-08-23 02:48:19,758 | INFO  | DNAudit | user=null | ip=null | op=PUT_BLOCK {blockData=[blockId=conID: 3 locID: 102664011758502403 bcsId: 0,size=2097152]} | ret=SUCCESS |  
2019-08-23 02:48:19,763 | INFO  | DNAudit | user=null | ip=null | op=WRITE_CHUNK {blockData=conID: 3 locID: 102664011758502403 bcsId: 2500} | ret=SUCCESS |  
2019-08-23 02:48:19,764 | INFO  | DNAudit | user=null | ip=null | op=WRITE_CHUNK {blockData=conID: 3 locID: 102664011758502403 bcsId: 2500} | ret=SUCCESS |  
2019-08-23 02:48:19,764 | INFO  | DNAudit | user=null | ip=null | op=WRITE_CHUNK {blockData=conID: 3 locID: 102664011758502403 bcsId: 2500} | ret=SUCCESS |  
2019-08-23 02:48:19,770 | INFO  | DNAudit | user=null | ip=null | op=WRITE_CHUNK {blockData=conID: 3 locID: 102664011758502403 bcsId: 2500} | ret=SUCCESS |  
2019-08-23 02:48:19,770 | INFO  | DNAudit | user=null | ip=null | op=PUT_BLOCK {blockData=[blockId=conID: 3 locID: 102664011758502403 bcsId: 0,size=3145728]} | ret=SUCCESS |  
2019-08-23 02:48:19,771 [grpc-default-executor-6] INFO  client.GrpcClientProtocolClient (GrpcClientProtocolClient.java:onNext(255)) - client-B268B4322F32->17750241-545b-4219-93a1-14a6ea3d85be: receive RaftClientReply:client-B268B4322F32->17750241-545b-4219-93a1-14a6ea3d85be@group-C33FBD9556F2, cid=1722, SUCCESS, logIndex=2505, commits[17750241-545b-4219-93a1-14a6ea3d85be:c2506, 4eaaa090-573e-41d3-9f8c-c99e236d806a:c2504, 5f4cf9ee-4bed-49de-adaa-861aec894328:c2504]
2019-08-23 02:48:19,771 [grpc-default-executor-6] INFO  client.GrpcClientProtocolClient (GrpcClientProtocolClient.java:onNext(255)) - client-B268B4322F32->17750241-545b-4219-93a1-14a6ea3d85be: receive RaftClientReply:client-B268B4322F32->17750241-545b-4219-93a1-14a6ea3d85be@group-C33FBD9556F2, cid=1723, SUCCESS, logIndex=2506, commits[17750241-545b-4219-93a1-14a6ea3d85be:c2506, 4eaaa090-573e-41d3-9f8c-c99e236d806a:c2504, 5f4cf9ee-4bed-49de-adaa-861aec894328:c2504]
2019-08-23 02:48:19,773 | INFO  | DNAudit | user=null | ip=null | op=WRITE_CHUNK {blockData=conID: 3 locID: 102664011758502403 bcsId: 2500} | ret=SUCCESS |  
2019-08-23 02:48:19,773 | INFO  | DNAudit | user=null | ip=null | op=WRITE_CHUNK {blockData=conID: 3 locID: 102664011758502403 bcsId: 2500} | ret=SUCCESS |  
2019-08-23 02:48:19,774 | INFO  | DNAudit | user=null | ip=null | op=PUT_BLOCK {blockData=[blockId=conID: 3 locID: 102664011758502403 bcsId: 0,size=3145728]} | ret=SUCCESS |  
2019-08-23 02:48:19,774 | INFO  | DNAudit | user=null | ip=null | op=PUT_BLOCK {blockData=[blockId=conID: 3 locID: 102664011758502403 bcsId: 0,size=3145728]} | ret=SUCCESS |  
2019-08-23 02:48:19,777 | INFO  | DNAudit | user=null | ip=null | op=WRITE_CHUNK {blockData=conID: 3 locID: 102664011758502403 bcsId: 2506} | ret=SUCCESS |  
2019-08-23 02:48:19,778 | INFO  | DNAudit | user=null | ip=null | op=WRITE_CHUNK {blockData=conID: 3 locID: 102664011758502403 bcsId: 2506} | ret=SUCCESS |  
2019-08-23 02:48:19,779 | INFO  | DNAudit | user=null | ip=null | op=WRITE_CHUNK {blockData=conID: 3 locID: 102664011758502403 bcsId: 2506} | ret=SUCCESS |  
2019-08-23 02:48:19,790 | INFO  | DNAudit | user=null | ip=null | op=WRITE_CHUNK {blockData=conID: 3 locID: 102664011758502403 bcsId: 2506} | ret=SUCCESS |  
2019-08-23 02:48:19,790 | INFO  | DNAudit | user=null | ip=null | op=PUT_BLOCK {blockData=[blockId=conID: 3 locID: 102664011758502403 bcsId: 0,size=4194304]} | ret=SUCCESS |  
2019-08-23 02:48:19,790 [grpc-default-executor-5] INFO  client.GrpcClientProtocolClient (GrpcClientProtocolClient.java:onNext(255)) - client-B268B4322F32->17750241-545b-4219-93a1-14a6ea3d85be: receive RaftClientReply:client-B268B4322F32->17750241-545b-4219-93a1-14a6ea3d85be@group-C33FBD9556F2, cid=1724, SUCCESS, logIndex=2509, commits[17750241-545b-4219-93a1-14a6ea3d85be:c2510, 4eaaa090-573e-41d3-9f8c-c99e236d806a:c2508, 5f4cf9ee-4bed-49de-adaa-861aec894328:c2508]
2019-08-23 02:48:19,791 [grpc-default-executor-5] INFO  client.GrpcClientProtocolClient (GrpcClientProtocolClient.java:onNext(255)) - client-B268B4322F32->17750241-545b-4219-93a1-14a6ea3d85be: receive RaftClientReply:client-B268B4322F32->17750241-545b-4219-93a1-14a6ea3d85be@group-C33FBD9556F2, cid=1725, SUCCESS, logIndex=2510, commits[17750241-545b-4219-93a1-14a6ea3d85be:c2510, 4eaaa090-573e-41d3-9f8c-c99e236d806a:c2508, 5f4cf9ee-4bed-49de-adaa-861aec894328:c2508]
2019-08-23 02:48:19,801 | INFO  | DNAudit | user=null | ip=null | op=WRITE_CHUNK {blockData=conID: 3 locID: 102664011758502403 bcsId: 2506} | ret=SUCCESS |  
2019-08-23 02:48:19,801 | INFO  | DNAudit | user=null | ip=null | op=WRITE_CHUNK {blockData=conID: 3 locID: 102664011758502403 bcsId: 2506} | ret=SUCCESS |  
2019-08-23 02:48:19,802 | INFO  | DNAudit | user=null | ip=null | op=PUT_BLOCK {blockData=[blockId=conID: 3 locID: 102664011758502403 bcsId: 0,size=4194304]} | ret=SUCCESS |  
2019-08-23 02:48:19,802 | INFO  | DNAudit | user=null | ip=null | op=PUT_BLOCK {blockData=[blockId=conID: 3 locID: 102664011758502403 bcsId: 0,size=4194304]} | ret=SUCCESS |  
2019-08-23 02:48:19,803 [grpc-default-executor-5] INFO  client.GrpcClientProtocolClient (GrpcClientProtocolClient.java:onNext(255)) - client-B268B4322F32->17750241-545b-4219-93a1-14a6ea3d85be: receive RaftClientReply:client-B268B4322F32->17750241-545b-4219-93a1-14a6ea3d85be@group-C33FBD9556F2, cid=1726, SUCCESS, logIndex=0, commits[17750241-545b-4219-93a1-14a6ea3d85be:c2512, 4eaaa090-573e-41d3-9f8c-c99e236d806a:c2510, 5f4cf9ee-4bed-49de-adaa-861aec894328:c2510]
2019-08-23 02:48:19,805 | INFO  | SCMAudit | user=jenkins1000 | ip=192.168.34.22 | op=ALLOCATE_BLOCK {owner=31d65bc3-3f70-45f5-bbc5-e3a15f967ba6, size=4194304, type=RATIS, factor=THREE} | ret=SUCCESS |  
2019-08-23 02:48:19,807 | INFO  | OMAudit | user=jenkins1000 | ip=127.0.0.1 | op=ALLOCATE_BLOCK {volume=vol-0-78052, bucket=bucket-0-33874, key=key-0-20719, dataSize=2147483657, replicationType=RATIS, replicationFactor=THREE, keyLocationInfo=[], clientID=102664010308846034} | ret=SUCCESS |  
2019-08-23 02:48:19,817 | INFO  | DNAudit | user=null | ip=null | op=WRITE_CHUNK {blockData=conID: 1 locID: 102664011763220996 bcsId: 0} | ret=SUCCESS |  
2019-08-23 02:48:19,820 | INFO  | DNAudit | user=null | ip=null | op=WRITE_CHUNK {blockData=conID: 1 locID: 102664011763220996 bcsId: 0} | ret=SUCCESS |  
2019-08-23 02:48:19,821 | INFO  | DNAudit | user=null | ip=null | op=WRITE_CHUNK {blockData=conID: 1 locID: 102664011763220996 bcsId: 0} | ret=SUCCESS |  
2019-08-23 02:48:19,821 | INFO  | DNAudit | user=null | ip=null | op=WRITE_CHUNK {blockData=conID: 1 locID: 102664011763220996 bcsId: 0} | ret=SUCCESS |  
2019-08-23 02:48:19,823 | INFO  | DNAudit | user=null | ip=null | op=WRITE_CHUNK {blockData=conID: 1 locID: 102664011763220996 bcsId: 0} | ret=SUCCESS |  
2019-08-23 02:48:19,824 | INFO  | DNAudit | user=null | ip=null | op=WRITE_CHUNK {blockData=conID: 1 locID: 102664011763220996 bcsId: 0} | ret=SUCCESS |  
2019-08-23 02:48:19,830 | INFO  | DNAudit | user=null | ip=null | op=WRITE_CHUNK {blockData=conID: 1 locID: 102664011763220996 bcsId: 0} | ret=SUCCESS |  
2019-08-23 02:48:19,831 | INFO  | DNAudit | user=null | ip=null | op=PUT_BLOCK {blockData=[blockId=conID: 1 locID: 102664011763220996 bcsId: 0,size=1048576]} | ret=SUCCESS |  
2019-08-23 02:48:19,831 [grpc-default-executor-6] INFO  client.GrpcClientProtocolClient (GrpcClientProtocolClient.java:onNext(255)) - client-B268B4322F32->17750241-545b-4219-93a1-14a6ea3d85be: receive RaftClientReply:client-B268B4322F32->17750241-545b-4219-93a1-14a6ea3d85be@group-C33FBD9556F2, cid=1727, SUCCESS, logIndex=2513, commits[17750241-545b-4219-93a1-14a6ea3d85be:c2514, 4eaaa090-573e-41d3-9f8c-c99e236d806a:c2512, 5f4cf9ee-4bed-49de-adaa-861aec894328:c2512]
2019-08-23 02:48:19,831 | INFO  | DNAudit | user=null | ip=null | op=WRITE_CHUNK {blockData=conID: 1 locID: 102664011763220996 bcsId: 0} | ret=SUCCESS |  
2019-08-23 02:48:19,831 [grpc-default-executor-6] INFO  client.GrpcClientProtocolClient (GrpcClientProtocolClient.java:onNext(255)) - client-B268B4322F32->17750241-545b-4219-93a1-14a6ea3d85be: receive RaftClientReply:client-B268B4322F32->17750241-545b-4219-93a1-14a6ea3d85be@group-C33FBD9556F2, cid=1728, SUCCESS, logIndex=2514, commits[17750241-545b-4219-93a1-14a6ea3d85be:c2516, 4eaaa090-573e-41d3-9f8c-c99e236d806a:c2512, 5f4cf9ee-4bed-49de-adaa-861aec894328:c2512]
2019-08-23 02:48:19,832 | INFO  | DNAudit | user=null | ip=null | op=PUT_BLOCK {blockData=[blockId=conID: 1 locID: 102664011763220996 bcsId: 0,size=2097152]} | ret=SUCCESS |  
2019-08-23 02:48:19,832 [grpc-default-executor-6] INFO  client.GrpcClientProtocolClient (GrpcClientProtocolClient.java:onNext(255)) - client-B268B4322F32->17750241-545b-4219-93a1-14a6ea3d85be: receive RaftClientReply:client-B268B4322F32->17750241-545b-4219-93a1-14a6ea3d85be@group-C33FBD9556F2, cid=1729, SUCCESS, logIndex=2515, commits[17750241-545b-4219-93a1-14a6ea3d85be:c2516, 4eaaa090-573e-41d3-9f8c-c99e236d806a:c2512, 5f4cf9ee-4bed-49de-adaa-861aec894328:c2512]
2019-08-23 02:48:19,832 [grpc-default-executor-6] INFO  client.GrpcClientProtocolClient (GrpcClientProtocolClient.java:onNext(255)) - client-B268B4322F32->17750241-545b-4219-93a1-14a6ea3d85be: receive RaftClientReply:client-B268B4322F32->17750241-545b-4219-93a1-14a6ea3d85be@group-C33FBD9556F2, cid=1730, SUCCESS, logIndex=2516, commits[17750241-545b-4219-93a1-14a6ea3d85be:c2516, 4eaaa090-573e-41d3-9f8c-c99e236d806a:c2512, 5f4cf9ee-4bed-49de-adaa-861aec894328:c2512]
2019-08-23 02:48:19,843 | INFO  | DNAudit | user=null | ip=null | op=WRITE_CHUNK {blockData=conID: 1 locID: 102664011763220996 bcsId: 0} | ret=SUCCESS |  
2019-08-23 02:48:19,844 | INFO  | DNAudit | user=null | ip=null | op=PUT_BLOCK {blockData=[blockId=conID: 1 locID: 102664011763220996 bcsId: 0,size=1048576]} | ret=SUCCESS |  
2019-08-23 02:48:19,844 | INFO  | DNAudit | user=null | ip=null | op=WRITE_CHUNK {blockData=conID: 1 locID: 102664011763220996 bcsId: 0} | ret=SUCCESS |  
2019-08-23 02:48:19,844 | INFO  | DNAudit | user=null | ip=null | op=PUT_BLOCK {blockData=[blockId=conID: 1 locID: 102664011763220996 bcsId: 0,size=1048576]} | ret=SUCCESS |  
2019-08-23 02:48:19,845 | INFO  | DNAudit | user=null | ip=null | op=WRITE_CHUNK {blockData=conID: 1 locID: 102664011763220996 bcsId: 0} | ret=SUCCESS |  
2019-08-23 02:48:19,845 | INFO  | DNAudit | user=null | ip=null | op=WRITE_CHUNK {blockData=conID: 1 locID: 102664011763220996 bcsId: 0} | ret=SUCCESS |  
2019-08-23 02:48:19,845 | INFO  | DNAudit | user=null | ip=null | op=PUT_BLOCK {blockData=[blockId=conID: 1 locID: 102664011763220996 bcsId: 0,size=2097152]} | ret=SUCCESS |  
2019-08-23 02:48:19,845 [grpc-default-executor-6] INFO  client.GrpcClientProtocolClient (GrpcClientProtocolClient.java:onNext(255)) - client-B268B4322F32->17750241-545b-4219-93a1-14a6ea3d85be: receive RaftClientReply:client-B268B4322F32->17750241-545b-4219-93a1-14a6ea3d85be@group-C33FBD9556F2, cid=1731, SUCCESS, logIndex=0, commits[17750241-545b-4219-93a1-14a6ea3d85be:c2518, 4eaaa090-573e-41d3-9f8c-c99e236d806a:c2514, 5f4cf9ee-4bed-49de-adaa-861aec894328:c2514]
2019-08-23 02:48:19,845 | INFO  | DNAudit | user=null | ip=null | op=PUT_BLOCK {blockData=[blockId=conID: 1 locID: 102664011763220996 bcsId: 0,size=2097152]} | ret=SUCCESS |  
2019-08-23 02:48:19,851 | INFO  | DNAudit | user=null | ip=null | op=WRITE_CHUNK {blockData=conID: 1 locID: 102664011763220996 bcsId: 2516} | ret=SUCCESS |  
2019-08-23 02:48:19,854 | INFO  | DNAudit | user=null | ip=null | op=WRITE_CHUNK {blockData=conID: 1 locID: 102664011763220996 bcsId: 2516} | ret=SUCCESS |  
2019-08-23 02:48:19,855 | INFO  | DNAudit | user=null | ip=null | op=WRITE_CHUNK {blockData=conID: 1 locID: 102664011763220996 bcsId: 2516} | ret=SUCCESS |  
2019-08-23 02:48:19,863 | INFO  | DNAudit | user=null | ip=null | op=WRITE_CHUNK {blockData=conID: 1 locID: 102664011763220996 bcsId: 2516} | ret=SUCCESS |  
2019-08-23 02:48:19,864 | INFO  | DNAudit | user=null | ip=null | op=PUT_BLOCK {blockData=[blockId=conID: 1 locID: 102664011763220996 bcsId: 0,size=3145728]} | ret=SUCCESS |  
2019-08-23 02:48:19,864 [grpc-default-executor-5] INFO  client.GrpcClientProtocolClient (GrpcClientProtocolClient.java:onNext(255)) - client-B268B4322F32->17750241-545b-4219-93a1-14a6ea3d85be: receive RaftClientReply:client-B268B4322F32->17750241-545b-4219-93a1-14a6ea3d85be@group-C33FBD9556F2, cid=1732, SUCCESS, logIndex=2521, commits[17750241-545b-4219-93a1-14a6ea3d85be:c2522, 4eaaa090-573e-41d3-9f8c-c99e236d806a:c2520, 5f4cf9ee-4bed-49de-adaa-861aec894328:c2520]
2019-08-23 02:48:19,865 [grpc-default-executor-5] INFO  client.GrpcClientProtocolClient (GrpcClientProtocolClient.java:onNext(255)) - client-B268B4322F32->17750241-545b-4219-93a1-14a6ea3d85be: receive RaftClientReply:client-B268B4322F32->17750241-545b-4219-93a1-14a6ea3d85be@group-C33FBD9556F2, cid=1733, SUCCESS, logIndex=2522, commits[17750241-545b-4219-93a1-14a6ea3d85be:c2522, 4eaaa090-573e-41d3-9f8c-c99e236d806a:c2520, 5f4cf9ee-4bed-49de-adaa-861aec894328:c2520]
2019-08-23 02:48:19,871 | INFO  | DNAudit | user=null | ip=null | op=WRITE_CHUNK {blockData=conID: 1 locID: 102664011763220996 bcsId: 2522} | ret=SUCCESS |  
2019-08-23 02:48:19,872 | INFO  | DNAudit | user=null | ip=null | op=WRITE_CHUNK {blockData=conID: 1 locID: 102664011763220996 bcsId: 2522} | ret=SUCCESS |  
2019-08-23 02:48:19,873 | INFO  | DNAudit | user=null | ip=null | op=WRITE_CHUNK {blockData=conID: 1 locID: 102664011763220996 bcsId: 2522} | ret=SUCCESS |  
2019-08-23 02:48:19,875 | INFO  | DNAudit | user=null | ip=null | op=WRITE_CHUNK {blockData=conID: 1 locID: 102664011763220996 bcsId: 2516} | ret=SUCCESS |  
2019-08-23 02:48:19,875 | INFO  | DNAudit | user=null | ip=null | op=WRITE_CHUNK {blockData=conID: 1 locID: 102664011763220996 bcsId: 2516} | ret=SUCCESS |  
2019-08-23 02:48:19,876 | INFO  | DNAudit | user=null | ip=null | op=PUT_BLOCK {blockData=[blockId=conID: 1 locID: 102664011763220996 bcsId: 0,size=3145728]} | ret=SUCCESS |  
2019-08-23 02:48:19,876 | INFO  | DNAudit | user=null | ip=null | op=PUT_BLOCK {blockData=[blockId=conID: 1 locID: 102664011763220996 bcsId: 0,size=3145728]} | ret=SUCCESS |  
2019-08-23 02:48:19,877 | INFO  | DNAudit | user=null | ip=null | op=WRITE_CHUNK {blockData=conID: 1 locID: 102664011763220996 bcsId: 2522} | ret=SUCCESS |  
2019-08-23 02:48:19,878 | INFO  | DNAudit | user=null | ip=null | op=PUT_BLOCK {blockData=[blockId=conID: 1 locID: 102664011763220996 bcsId: 0,size=4194304]} | ret=SUCCESS |  
2019-08-23 02:48:19,878 [grpc-default-executor-6] INFO  client.GrpcClientProtocolClient (GrpcClientProtocolClient.java:onNext(255)) - client-B268B4322F32->17750241-545b-4219-93a1-14a6ea3d85be: receive RaftClientReply:client-B268B4322F32->17750241-545b-4219-93a1-14a6ea3d85be@group-C33FBD9556F2, cid=1734, SUCCESS, logIndex=2525, commits[17750241-545b-4219-93a1-14a6ea3d85be:c2526, 4eaaa090-573e-41d3-9f8c-c99e236d806a:c2522, 5f4cf9ee-4bed-49de-adaa-861aec894328:c2522]
2019-08-23 02:48:19,878 [grpc-default-executor-6] INFO  client.GrpcClientProtocolClient (GrpcClientProtocolClient.java:onNext(255)) - client-B268B4322F32->17750241-545b-4219-93a1-14a6ea3d85be: receive RaftClientReply:client-B268B4322F32->17750241-545b-4219-93a1-14a6ea3d85be@group-C33FBD9556F2, cid=1735, SUCCESS, logIndex=2526, commits[17750241-545b-4219-93a1-14a6ea3d85be:c2526, 4eaaa090-573e-41d3-9f8c-c99e236d806a:c2522, 5f4cf9ee-4bed-49de-adaa-861aec894328:c2522]
2019-08-23 02:48:19,887 | INFO  | SCMAudit | user=jenkins1000 | ip=192.168.34.22 | op=SEND_HEARTBEAT {datanodeUUID=0cedf437-a8af-4d70-bac5-ea9863093e86, command=[]} | ret=SUCCESS |  
2019-08-23 02:48:19,888 | INFO  | DNAudit | user=null | ip=null | op=WRITE_CHUNK {blockData=conID: 1 locID: 102664011763220996 bcsId: 2522} | ret=SUCCESS |  
2019-08-23 02:48:19,888 | INFO  | DNAudit | user=null | ip=null | op=WRITE_CHUNK {blockData=conID: 1 locID: 102664011763220996 bcsId: 2522} | ret=SUCCESS |  
2019-08-23 02:48:19,891 | INFO  | DNAudit | user=null | ip=null | op=PUT_BLOCK {blockData=[blockId=conID: 1 locID: 102664011763220996 bcsId: 0,size=4194304]} | ret=SUCCESS |  
2019-08-23 02:48:19,891 | INFO  | DNAudit | user=null | ip=null | op=PUT_BLOCK {blockData=[blockId=conID: 1 locID: 102664011763220996 bcsId: 0,size=4194304]} | ret=SUCCESS |  
2019-08-23 02:48:19,891 [grpc-default-executor-6] INFO  client.GrpcClientProtocolClient (GrpcClientProtocolClient.java:onNext(255)) - client-B268B4322F32->17750241-545b-4219-93a1-14a6ea3d85be: receive RaftClientReply:client-B268B4322F32->17750241-545b-4219-93a1-14a6ea3d85be@group-C33FBD9556F2, cid=1736, SUCCESS, logIndex=0, commits[17750241-545b-4219-93a1-14a6ea3d85be:c2528, 4eaaa090-573e-41d3-9f8c-c99e236d806a:c2526, 5f4cf9ee-4bed-49de-adaa-861aec894328:c2526]
2019-08-23 02:48:19,893 | INFO  | SCMAudit | user=jenkins1000 | ip=192.168.34.22 | op=ALLOCATE_BLOCK {owner=31d65bc3-3f70-45f5-bbc5-e3a15f967ba6, size=4194304, type=RATIS, factor=THREE} | ret=SUCCESS |  
2019-08-23 02:48:19,897 | INFO  | OMAudit | user=jenkins1000 | ip=127.0.0.1 | op=ALLOCATE_BLOCK {volume=vol-0-78052, bucket=bucket-0-33874, key=key-0-20719, dataSize=2147483657, replicationType=RATIS, replicationFactor=THREE, keyLocationInfo=[], clientID=102664010308846034} | ret=SUCCESS |  
2019-08-23 02:48:19,906 | INFO  | DNAudit | user=null | ip=null | op=WRITE_CHUNK {blockData=conID: 2 locID: 102664011768988165 bcsId: 0} | ret=SUCCESS |  
2019-08-23 02:48:19,909 | INFO  | DNAudit | user=null | ip=null | op=WRITE_CHUNK {blockData=conID: 2 locID: 102664011768988165 bcsId: 0} | ret=SUCCESS |  
2019-08-23 02:48:19,910 | INFO  | DNAudit | user=null | ip=null | op=WRITE_CHUNK {blockData=conID: 2 locID: 102664011768988165 bcsId: 0} | ret=SUCCESS |  
2019-08-23 02:48:19,910 | INFO  | DNAudit | user=null | ip=null | op=WRITE_CHUNK {blockData=conID: 2 locID: 102664011768988165 bcsId: 0} | ret=SUCCESS |  
2019-08-23 02:48:19,911 | INFO  | DNAudit | user=null | ip=null | op=WRITE_CHUNK {blockData=conID: 2 locID: 102664011768988165 bcsId: 0} | ret=SUCCESS |  
2019-08-23 02:48:19,912 | INFO  | DNAudit | user=null | ip=null | op=WRITE_CHUNK {blockData=conID: 2 locID: 102664011768988165 bcsId: 0} | ret=SUCCESS |  
2019-08-23 02:48:19,919 | INFO  | DNAudit | user=null | ip=null | op=WRITE_CHUNK {blockData=conID: 2 locID: 102664011768988165 bcsId: 0} | ret=SUCCESS |  
2019-08-23 02:48:19,920 | INFO  | DNAudit | user=null | ip=null | op=PUT_BLOCK {blockData=[blockId=conID: 2 locID: 102664011768988165 bcsId: 0,size=1048576]} | ret=SUCCESS |  
2019-08-23 02:48:19,920 [grpc-default-executor-5] INFO  client.GrpcClientProtocolClient (GrpcClientProtocolClient.java:onNext(255)) - client-B268B4322F32->17750241-545b-4219-93a1-14a6ea3d85be: receive RaftClientReply:client-B268B4322F32->17750241-545b-4219-93a1-14a6ea3d85be@group-C33FBD9556F2, cid=1737, SUCCESS, logIndex=2529, commits[17750241-545b-4219-93a1-14a6ea3d85be:c2531, 4eaaa090-573e-41d3-9f8c-c99e236d806a:c2528, 5f4cf9ee-4bed-49de-adaa-861aec894328:c2528]
2019-08-23 02:48:19,920 | INFO  | DNAudit | user=null | ip=null | op=WRITE_CHUNK {blockData=conID: 2 locID: 102664011768988165 bcsId: 0} | ret=SUCCESS |  
2019-08-23 02:48:19,920 [grpc-default-executor-5] INFO  client.GrpcClientProtocolClient (GrpcClientProtocolClient.java:onNext(255)) - client-B268B4322F32->17750241-545b-4219-93a1-14a6ea3d85be: receive RaftClientReply:client-B268B4322F32->17750241-545b-4219-93a1-14a6ea3d85be@group-C33FBD9556F2, cid=1738, SUCCESS, logIndex=2530, commits[17750241-545b-4219-93a1-14a6ea3d85be:c2532, 4eaaa090-573e-41d3-9f8c-c99e236d806a:c2528, 5f4cf9ee-4bed-49de-adaa-861aec894328:c2528]
2019-08-23 02:48:19,920 | INFO  | DNAudit | user=null | ip=null | op=PUT_BLOCK {blockData=[blockId=conID: 2 locID: 102664011768988165 bcsId: 0,size=2097152]} | ret=SUCCESS |  
2019-08-23 02:48:19,920 [grpc-default-executor-5] INFO  client.GrpcClientProtocolClient (GrpcClientProtocolClient.java:onNext(255)) - client-B268B4322F32->17750241-545b-4219-93a1-14a6ea3d85be: receive RaftClientReply:client-B268B4322F32->17750241-545b-4219-93a1-14a6ea3d85be@group-C33FBD9556F2, cid=1739, SUCCESS, logIndex=2531, commits[17750241-545b-4219-93a1-14a6ea3d85be:c2532, 4eaaa090-573e-41d3-9f8c-c99e236d806a:c2528, 5f4cf9ee-4bed-49de-adaa-861aec894328:c2528]
2019-08-23 02:48:19,921 [grpc-default-executor-5] INFO  client.GrpcClientProtocolClient (GrpcClientProtocolClient.java:onNext(255)) - client-B268B4322F32->17750241-545b-4219-93a1-14a6ea3d85be: receive RaftClientReply:client-B268B4322F32->17750241-545b-4219-93a1-14a6ea3d85be@group-C33FBD9556F2, cid=1740, SUCCESS, logIndex=2532, commits[17750241-545b-4219-93a1-14a6ea3d85be:c2532, 4eaaa090-573e-41d3-9f8c-c99e236d806a:c2528, 5f4cf9ee-4bed-49de-adaa-861aec894328:c2528]
2019-08-23 02:48:19,921 | INFO  | DNAudit | user=null | ip=null | op=WRITE_CHUNK {blockData=conID: 2 locID: 102664011768988165 bcsId: 0} | ret=SUCCESS |  
2019-08-23 02:48:19,921 | INFO  | DNAudit | user=null | ip=null | op=WRITE_CHUNK {blockData=conID: 2 locID: 102664011768988165 bcsId: 0} | ret=SUCCESS |  
2019-08-23 02:48:19,921 | INFO  | DNAudit | user=null | ip=null | op=PUT_BLOCK {blockData=[blockId=conID: 2 locID: 102664011768988165 bcsId: 0,size=1048576]} | ret=SUCCESS |  
2019-08-23 02:48:19,922 | INFO  | DNAudit | user=null | ip=null | op=WRITE_CHUNK {blockData=conID: 2 locID: 102664011768988165 bcsId: 0} | ret=SUCCESS |  
2019-08-23 02:48:19,922 | INFO  | DNAudit | user=null | ip=null | op=PUT_BLOCK {blockData=[blockId=conID: 2 locID: 102664011768988165 bcsId: 0,size=1048576]} | ret=SUCCESS |  
2019-08-23 02:48:19,922 | INFO  | DNAudit | user=null | ip=null | op=WRITE_CHUNK {blockData=conID: 2 locID: 102664011768988165 bcsId: 0} | ret=SUCCESS |  
2019-08-23 02:48:19,922 | INFO  | DNAudit | user=null | ip=null | op=PUT_BLOCK {blockData=[blockId=conID: 2 locID: 102664011768988165 bcsId: 0,size=2097152]} | ret=SUCCESS |  
2019-08-23 02:48:19,922 [grpc-default-executor-5] INFO  client.GrpcClientProtocolClient (GrpcClientProtocolClient.java:onNext(255)) - client-B268B4322F32->17750241-545b-4219-93a1-14a6ea3d85be: receive RaftClientReply:client-B268B4322F32->17750241-545b-4219-93a1-14a6ea3d85be@group-C33FBD9556F2, cid=1741, SUCCESS, logIndex=0, commits[17750241-545b-4219-93a1-14a6ea3d85be:c2535, 4eaaa090-573e-41d3-9f8c-c99e236d806a:c2531, 5f4cf9ee-4bed-49de-adaa-861aec894328:c2530]
2019-08-23 02:48:19,923 | INFO  | DNAudit | user=null | ip=null | op=PUT_BLOCK {blockData=[blockId=conID: 2 locID: 102664011768988165 bcsId: 0,size=2097152]} | ret=SUCCESS |  
2019-08-23 02:48:19,928 | INFO  | DNAudit | user=null | ip=null | op=WRITE_CHUNK {blockData=conID: 2 locID: 102664011768988165 bcsId: 2532} | ret=SUCCESS |  
2019-08-23 02:48:19,930 | INFO  | DNAudit | user=null | ip=null | op=WRITE_CHUNK {blockData=conID: 2 locID: 102664011768988165 bcsId: 2532} | ret=SUCCESS |  
2019-08-23 02:48:19,931 | INFO  | DNAudit | user=null | ip=null | op=WRITE_CHUNK {blockData=conID: 2 locID: 102664011768988165 bcsId: 2532} | ret=SUCCESS |  
2019-08-23 02:48:19,940 | INFO  | DNAudit | user=null | ip=null | op=WRITE_CHUNK {blockData=conID: 2 locID: 102664011768988165 bcsId: 2532} | ret=SUCCESS |  
2019-08-23 02:48:19,941 | INFO  | DNAudit | user=null | ip=null | op=PUT_BLOCK {blockData=[blockId=conID: 2 locID: 102664011768988165 bcsId: 0,size=3145728]} | ret=SUCCESS |  
2019-08-23 02:48:19,941 [grpc-default-executor-5] INFO  client.GrpcClientProtocolClient (GrpcClientProtocolClient.java:onNext(255)) - client-B268B4322F32->17750241-545b-4219-93a1-14a6ea3d85be: receive RaftClientReply:client-B268B4322F32->17750241-545b-4219-93a1-14a6ea3d85be@group-C33FBD9556F2, cid=1742, SUCCESS, logIndex=2537, commits[17750241-545b-4219-93a1-14a6ea3d85be:c2538, 4eaaa090-573e-41d3-9f8c-c99e236d806a:c2536, 5f4cf9ee-4bed-49de-adaa-861aec894328:c2536]
2019-08-23 02:48:19,941 [grpc-default-executor-5] INFO  client.GrpcClientProtocolClient (GrpcClientProtocolClient.java:onNext(255)) - client-B268B4322F32->17750241-545b-4219-93a1-14a6ea3d85be: receive RaftClientReply:client-B268B4322F32->17750241-545b-4219-93a1-14a6ea3d85be@group-C33FBD9556F2, cid=1743, SUCCESS, logIndex=2538, commits[17750241-545b-4219-93a1-14a6ea3d85be:c2538, 4eaaa090-573e-41d3-9f8c-c99e236d806a:c2536, 5f4cf9ee-4bed-49de-adaa-861aec894328:c2536]
2019-08-23 02:48:19,947 | INFO  | DNAudit | user=null | ip=null | op=WRITE_CHUNK {blockData=conID: 2 locID: 102664011768988165 bcsId: 2538} | ret=SUCCESS |  
2019-08-23 02:48:19,949 | INFO  | DNAudit | user=null | ip=null | op=WRITE_CHUNK {blockData=conID: 2 locID: 102664011768988165 bcsId: 2538} | ret=SUCCESS |  
2019-08-23 02:48:19,950 | INFO  | DNAudit | user=null | ip=null | op=WRITE_CHUNK {blockData=conID: 2 locID: 102664011768988165 bcsId: 2538} | ret=SUCCESS |  
2019-08-23 02:48:19,952 | INFO  | DNAudit | user=null | ip=null | op=WRITE_CHUNK {blockData=conID: 2 locID: 102664011768988165 bcsId: 2532} | ret=SUCCESS |  
2019-08-23 02:48:19,952 | INFO  | DNAudit | user=null | ip=null | op=WRITE_CHUNK {blockData=conID: 2 locID: 102664011768988165 bcsId: 2532} | ret=SUCCESS |  
2019-08-23 02:48:19,953 | INFO  | DNAudit | user=null | ip=null | op=PUT_BLOCK {blockData=[blockId=conID: 2 locID: 102664011768988165 bcsId: 0,size=3145728]} | ret=SUCCESS |  
2019-08-23 02:48:19,953 | INFO  | DNAudit | user=null | ip=null | op=PUT_BLOCK {blockData=[blockId=conID: 2 locID: 102664011768988165 bcsId: 0,size=3145728]} | ret=SUCCESS |  
2019-08-23 02:48:19,954 | INFO  | DNAudit | user=null | ip=null | op=WRITE_CHUNK {blockData=conID: 2 locID: 102664011768988165 bcsId: 2538} | ret=SUCCESS |  
2019-08-23 02:48:19,954 | INFO  | DNAudit | user=null | ip=null | op=PUT_BLOCK {blockData=[blockId=conID: 2 locID: 102664011768988165 bcsId: 0,size=4194304]} | ret=SUCCESS |  
2019-08-23 02:48:19,954 [grpc-default-executor-6] INFO  client.GrpcClientProtocolClient (GrpcClientProtocolClient.java:onNext(255)) - client-B268B4322F32->17750241-545b-4219-93a1-14a6ea3d85be: receive RaftClientReply:client-B268B4322F32->17750241-545b-4219-93a1-14a6ea3d85be@group-C33FBD9556F2, cid=1744, SUCCESS, logIndex=2541, commits[17750241-545b-4219-93a1-14a6ea3d85be:c2542, 4eaaa090-573e-41d3-9f8c-c99e236d806a:c2538, 5f4cf9ee-4bed-49de-adaa-861aec894328:c2538]
2019-08-23 02:48:19,955 [grpc-default-executor-6] INFO  client.GrpcClientProtocolClient (GrpcClientProtocolClient.java:onNext(255)) - client-B268B4322F32->17750241-545b-4219-93a1-14a6ea3d85be: receive RaftClientReply:client-B268B4322F32->17750241-545b-4219-93a1-14a6ea3d85be@group-C33FBD9556F2, cid=1745, SUCCESS, logIndex=2542, commits[17750241-545b-4219-93a1-14a6ea3d85be:c2542, 4eaaa090-573e-41d3-9f8c-c99e236d806a:c2538, 5f4cf9ee-4bed-49de-adaa-861aec894328:c2538]
2019-08-23 02:48:19,955 | INFO  | DNAudit | user=null | ip=null | op=WRITE_CHUNK {blockData=conID: 2 locID: 102664011768988165 bcsId: 2538} | ret=SUCCESS |  
2019-08-23 02:48:19,956 | INFO  | DNAudit | user=null | ip=null | op=WRITE_CHUNK {blockData=conID: 2 locID: 102664011768988165 bcsId: 2538} | ret=SUCCESS |  
2019-08-23 02:48:19,958 | INFO  | DNAudit | user=null | ip=null | op=PUT_BLOCK {blockData=[blockId=conID: 2 locID: 102664011768988165 bcsId: 0,size=4194304]} | ret=SUCCESS |  
2019-08-23 02:48:19,958 | INFO  | DNAudit | user=null | ip=null | op=PUT_BLOCK {blockData=[blockId=conID: 2 locID: 102664011768988165 bcsId: 0,size=4194304]} | ret=SUCCESS |  
2019-08-23 02:48:19,959 [grpc-default-executor-5] INFO  client.GrpcClientProtocolClient (GrpcClientProtocolClient.java:onNext(255)) - client-B268B4322F32->17750241-545b-4219-93a1-14a6ea3d85be: receive RaftClientReply:client-B268B4322F32->17750241-545b-4219-93a1-14a6ea3d85be@group-C33FBD9556F2, cid=1746, SUCCESS, logIndex=0, commits[17750241-545b-4219-93a1-14a6ea3d85be:c2544, 4eaaa090-573e-41d3-9f8c-c99e236d806a:c2542, 5f4cf9ee-4bed-49de-adaa-861aec894328:c2542]
2019-08-23 02:48:19,961 | INFO  | SCMAudit | user=jenkins1000 | ip=192.168.34.22 | op=ALLOCATE_BLOCK {owner=31d65bc3-3f70-45f5-bbc5-e3a15f967ba6, size=4194304, type=RATIS, factor=THREE} | ret=SUCCESS |  
2019-08-23 02:48:19,965 | INFO  | OMAudit | user=jenkins1000 | ip=127.0.0.1 | op=ALLOCATE_BLOCK {volume=vol-0-78052, bucket=bucket-0-33874, key=key-0-20719, dataSize=2147483657, replicationType=RATIS, replicationFactor=THREE, keyLocationInfo=[], clientID=102664010308846034} | ret=SUCCESS |  
2019-08-23 02:48:19,975 | INFO  | DNAudit | user=null | ip=null | op=WRITE_CHUNK {blockData=conID: 3 locID: 102664011773444614 bcsId: 0} | ret=SUCCESS |  
2019-08-23 02:48:19,977 | INFO  | DNAudit | user=null | ip=null | op=WRITE_CHUNK {blockData=conID: 3 locID: 102664011773444614 bcsId: 0} | ret=SUCCESS |  
2019-08-23 02:48:19,977 | INFO  | DNAudit | user=null | ip=null | op=WRITE_CHUNK {blockData=conID: 3 locID: 102664011773444614 bcsId: 0} | ret=SUCCESS |  
2019-08-23 02:48:19,978 | INFO  | DNAudit | user=null | ip=null | op=WRITE_CHUNK {blockData=conID: 3 locID: 102664011773444614 bcsId: 0} | ret=SUCCESS |  
2019-08-23 02:48:19,979 | INFO  | DNAudit | user=null | ip=null | op=WRITE_CHUNK {blockData=conID: 3 locID: 102664011773444614 bcsId: 0} | ret=SUCCESS |  
2019-08-23 02:48:19,979 | INFO  | DNAudit | user=null | ip=null | op=WRITE_CHUNK {blockData=conID: 3 locID: 102664011773444614 bcsId: 0} | ret=SUCCESS |  
2019-08-23 02:48:19,988 | INFO  | DNAudit | user=null | ip=null | op=WRITE_CHUNK {blockData=conID: 3 locID: 102664011773444614 bcsId: 0} | ret=SUCCESS |  
2019-08-23 02:48:19,989 | INFO  | DNAudit | user=null | ip=null | op=PUT_BLOCK {blockData=[blockId=conID: 3 locID: 102664011773444614 bcsId: 0,size=1048576]} | ret=SUCCESS |  
2019-08-23 02:48:19,989 [grpc-default-executor-6] INFO  client.GrpcClientProtocolClient (GrpcClientProtocolClient.java:onNext(255)) - client-B268B4322F32->17750241-545b-4219-93a1-14a6ea3d85be: receive RaftClientReply:client-B268B4322F32->17750241-545b-4219-93a1-14a6ea3d85be@group-C33FBD9556F2, cid=1747, SUCCESS, logIndex=2545, commits[17750241-545b-4219-93a1-14a6ea3d85be:c2548, 4eaaa090-573e-41d3-9f8c-c99e236d806a:c2544, 5f4cf9ee-4bed-49de-adaa-861aec894328:c2544]
2019-08-23 02:48:19,989 | INFO  | DNAudit | user=null | ip=null | op=WRITE_CHUNK {blockData=conID: 3 locID: 102664011773444614 bcsId: 0} | ret=SUCCESS |  
2019-08-23 02:48:19,990 [grpc-default-executor-6] INFO  client.GrpcClientProtocolClient (GrpcClientProtocolClient.java:onNext(255)) - client-B268B4322F32->17750241-545b-4219-93a1-14a6ea3d85be: receive RaftClientReply:client-B268B4322F32->17750241-545b-4219-93a1-14a6ea3d85be@group-C33FBD9556F2, cid=1748, SUCCESS, logIndex=2546, commits[17750241-545b-4219-93a1-14a6ea3d85be:c2548, 4eaaa090-573e-41d3-9f8c-c99e236d806a:c2544, 5f4cf9ee-4bed-49de-adaa-861aec894328:c2544]
2019-08-23 02:48:19,990 | INFO  | DNAudit | user=null | ip=null | op=PUT_BLOCK {blockData=[blockId=conID: 3 locID: 102664011773444614 bcsId: 0,size=2097152]} | ret=SUCCESS |  
2019-08-23 02:48:19,990 [grpc-default-executor-6] INFO  client.GrpcClientProtocolClient (GrpcClientProtocolClient.java:onNext(255)) - client-B268B4322F32->17750241-545b-4219-93a1-14a6ea3d85be: receive RaftClientReply:client-B268B4322F32->17750241-545b-4219-93a1-14a6ea3d85be@group-C33FBD9556F2, cid=1749, SUCCESS, logIndex=2547, commits[17750241-545b-4219-93a1-14a6ea3d85be:c2548, 4eaaa090-573e-41d3-9f8c-c99e236d806a:c2544, 5f4cf9ee-4bed-49de-adaa-861aec894328:c2544]
2019-08-23 02:48:19,991 [grpc-default-executor-6] INFO  client.GrpcClientProtocolClient (GrpcClientProtocolClient.java:onNext(255)) - client-B268B4322F32->17750241-545b-4219-93a1-14a6ea3d85be: receive RaftClientReply:client-B268B4322F32->17750241-545b-4219-93a1-14a6ea3d85be@group-C33FBD9556F2, cid=1750, SUCCESS, logIndex=2548, commits[17750241-545b-4219-93a1-14a6ea3d85be:c2548, 4eaaa090-573e-41d3-9f8c-c99e236d806a:c2544, 5f4cf9ee-4bed-49de-adaa-861aec894328:c2544]
2019-08-23 02:48:20,002 | INFO  | DNAudit | user=null | ip=null | op=WRITE_CHUNK {blockData=conID: 3 locID: 102664011773444614 bcsId: 0} | ret=SUCCESS |  
2019-08-23 02:48:20,002 | INFO  | DNAudit | user=null | ip=null | op=WRITE_CHUNK {blockData=conID: 3 locID: 102664011773444614 bcsId: 0} | ret=SUCCESS |  
2019-08-23 02:48:20,002 | INFO  | DNAudit | user=null | ip=null | op=PUT_BLOCK {blockData=[blockId=conID: 3 locID: 102664011773444614 bcsId: 0,size=1048576]} | ret=SUCCESS |  
2019-08-23 02:48:20,002 | INFO  | DNAudit | user=null | ip=null | op=PUT_BLOCK {blockData=[blockId=conID: 3 locID: 102664011773444614 bcsId: 0,size=1048576]} | ret=SUCCESS |  
2019-08-23 02:48:20,003 | INFO  | DNAudit | user=null | ip=null | op=WRITE_CHUNK {blockData=conID: 3 locID: 102664011773444614 bcsId: 0} | ret=SUCCESS |  
2019-08-23 02:48:20,003 | INFO  | DNAudit | user=null | ip=null | op=PUT_BLOCK {blockData=[blockId=conID: 3 locID: 102664011773444614 bcsId: 0,size=2097152]} | ret=SUCCESS |  
2019-08-23 02:48:20,003 | INFO  | DNAudit | user=null | ip=null | op=WRITE_CHUNK {blockData=conID: 3 locID: 102664011773444614 bcsId: 0} | ret=SUCCESS |  
2019-08-23 02:48:20,003 [grpc-default-executor-6] INFO  client.GrpcClientProtocolClient (GrpcClientProtocolClient.java:onNext(255)) - client-B268B4322F32->17750241-545b-4219-93a1-14a6ea3d85be: receive RaftClientReply:client-B268B4322F32->17750241-545b-4219-93a1-14a6ea3d85be@group-C33FBD9556F2, cid=1751, SUCCESS, logIndex=0, commits[17750241-545b-4219-93a1-14a6ea3d85be:c2549, 4eaaa090-573e-41d3-9f8c-c99e236d806a:c2546, 5f4cf9ee-4bed-49de-adaa-861aec894328:c2546]
2019-08-23 02:48:20,003 | INFO  | DNAudit | user=null | ip=null | op=PUT_BLOCK {blockData=[blockId=conID: 3 locID: 102664011773444614 bcsId: 0,size=2097152]} | ret=SUCCESS |  
2019-08-23 02:48:20,009 | INFO  | DNAudit | user=null | ip=null | op=WRITE_CHUNK {blockData=conID: 3 locID: 102664011773444614 bcsId: 2548} | ret=SUCCESS |  
2019-08-23 02:48:20,011 | INFO  | DNAudit | user=null | ip=null | op=WRITE_CHUNK {blockData=conID: 3 locID: 102664011773444614 bcsId: 2548} | ret=SUCCESS |  
2019-08-23 02:48:20,011 | INFO  | DNAudit | user=null | ip=null | op=WRITE_CHUNK {blockData=conID: 3 locID: 102664011773444614 bcsId: 2548} | ret=SUCCESS |  
2019-08-23 02:48:20,030 | INFO  | DNAudit | user=null | ip=null | op=WRITE_CHUNK {blockData=conID: 3 locID: 102664011773444614 bcsId: 2548} | ret=SUCCESS |  
2019-08-23 02:48:20,030 | INFO  | DNAudit | user=null | ip=null | op=PUT_BLOCK {blockData=[blockId=conID: 3 locID: 102664011773444614 bcsId: 0,size=3145728]} | ret=SUCCESS |  
2019-08-23 02:48:20,031 [grpc-default-executor-5] INFO  client.GrpcClientProtocolClient (GrpcClientProtocolClient.java:onNext(255)) - client-B268B4322F32->17750241-545b-4219-93a1-14a6ea3d85be: receive RaftClientReply:client-B268B4322F32->17750241-545b-4219-93a1-14a6ea3d85be@group-C33FBD9556F2, cid=1752, SUCCESS, logIndex=2553, commits[17750241-545b-4219-93a1-14a6ea3d85be:c2554, 4eaaa090-573e-41d3-9f8c-c99e236d806a:c2552, 5f4cf9ee-4bed-49de-adaa-861aec894328:c2548]
2019-08-23 02:48:20,031 [grpc-default-executor-5] INFO  client.GrpcClientProtocolClient (GrpcClientProtocolClient.java:onNext(255)) - client-B268B4322F32->17750241-545b-4219-93a1-14a6ea3d85be: receive RaftClientReply:client-B268B4322F32->17750241-545b-4219-93a1-14a6ea3d85be@group-C33FBD9556F2, cid=1753, SUCCESS, logIndex=2554, commits[17750241-545b-4219-93a1-14a6ea3d85be:c2554, 4eaaa090-573e-41d3-9f8c-c99e236d806a:c2552, 5f4cf9ee-4bed-49de-adaa-861aec894328:c2552]
2019-08-23 02:48:20,032 | INFO  | DNAudit | user=null | ip=null | op=WRITE_CHUNK {blockData=conID: 3 locID: 102664011773444614 bcsId: 2548} | ret=SUCCESS |  
2019-08-23 02:48:20,032 | INFO  | DNAudit | user=null | ip=null | op=WRITE_CHUNK {blockData=conID: 3 locID: 102664011773444614 bcsId: 2548} | ret=SUCCESS |  
2019-08-23 02:48:20,032 | INFO  | DNAudit | user=null | ip=null | op=PUT_BLOCK {blockData=[blockId=conID: 3 locID: 102664011773444614 bcsId: 0,size=3145728]} | ret=SUCCESS |  
2019-08-23 02:48:20,032 | INFO  | DNAudit | user=null | ip=null | op=PUT_BLOCK {blockData=[blockId=conID: 3 locID: 102664011773444614 bcsId: 0,size=3145728]} | ret=SUCCESS |  
2019-08-23 02:48:20,180 | INFO  | DNAudit | user=null | ip=null | op=WRITE_CHUNK {blockData=conID: 3 locID: 102664011773444614 bcsId: 2554} | ret=SUCCESS |  
2019-08-23 02:48:20,183 | INFO  | DNAudit | user=null | ip=null | op=WRITE_CHUNK {blockData=conID: 3 locID: 102664011773444614 bcsId: 2554} | ret=SUCCESS |  
2019-08-23 02:48:20,185 | INFO  | DNAudit | user=null | ip=null | op=WRITE_CHUNK {blockData=conID: 3 locID: 102664011773444614 bcsId: 2554} | ret=SUCCESS |  
2019-08-23 02:48:20,193 | INFO  | DNAudit | user=null | ip=null | op=WRITE_CHUNK {blockData=conID: 3 locID: 102664011773444614 bcsId: 2554} | ret=SUCCESS |  
2019-08-23 02:48:20,194 | INFO  | DNAudit | user=null | ip=null | op=PUT_BLOCK {blockData=[blockId=conID: 3 locID: 102664011773444614 bcsId: 0,size=4194304]} | ret=SUCCESS |  
2019-08-23 02:48:20,194 [grpc-default-executor-1] INFO  client.GrpcClientProtocolClient (GrpcClientProtocolClient.java:onNext(255)) - client-B268B4322F32->17750241-545b-4219-93a1-14a6ea3d85be: receive RaftClientReply:client-B268B4322F32->17750241-545b-4219-93a1-14a6ea3d85be@group-C33FBD9556F2, cid=1754, SUCCESS, logIndex=2557, commits[17750241-545b-4219-93a1-14a6ea3d85be:c2558, 4eaaa090-573e-41d3-9f8c-c99e236d806a:c2556, 5f4cf9ee-4bed-49de-adaa-861aec894328:c2556]
2019-08-23 02:48:20,194 [grpc-default-executor-1] INFO  client.GrpcClientProtocolClient (GrpcClientProtocolClient.java:onNext(255)) - client-B268B4322F32->17750241-545b-4219-93a1-14a6ea3d85be: receive RaftClientReply:client-B268B4322F32->17750241-545b-4219-93a1-14a6ea3d85be@group-C33FBD9556F2, cid=1755, SUCCESS, logIndex=2558, commits[17750241-545b-4219-93a1-14a6ea3d85be:c2558, 4eaaa090-573e-41d3-9f8c-c99e236d806a:c2556, 5f4cf9ee-4bed-49de-adaa-861aec894328:c2556]
2019-08-23 02:48:20,206 | INFO  | DNAudit | user=null | ip=null | op=WRITE_CHUNK {blockData=conID: 3 locID: 102664011773444614 bcsId: 2554} | ret=SUCCESS |  
2019-08-23 02:48:20,206 | INFO  | DNAudit | user=null | ip=null | op=WRITE_CHUNK {blockData=conID: 3 locID: 102664011773444614 bcsId: 2554} | ret=SUCCESS |  
2019-08-23 02:48:20,216 | INFO  | DNAudit | user=null | ip=null | op=PUT_BLOCK {blockData=[blockId=conID: 3 locID: 102664011773444614 bcsId: 0,size=4194304]} | ret=SUCCESS |  
2019-08-23 02:48:20,217 | INFO  | DNAudit | user=null | ip=null | op=PUT_BLOCK {blockData=[blockId=conID: 3 locID: 102664011773444614 bcsId: 0,size=4194304]} | ret=SUCCESS |  
2019-08-23 02:48:20,217 [grpc-default-executor-1] INFO  client.GrpcClientProtocolClient (GrpcClientProtocolClient.java:onNext(255)) - client-B268B4322F32->17750241-545b-4219-93a1-14a6ea3d85be: receive RaftClientReply:client-B268B4322F32->17750241-545b-4219-93a1-14a6ea3d85be@group-C33FBD9556F2, cid=1756, SUCCESS, logIndex=0, commits[17750241-545b-4219-93a1-14a6ea3d85be:c2560, 4eaaa090-573e-41d3-9f8c-c99e236d806a:c2558, 5f4cf9ee-4bed-49de-adaa-861aec894328:c2558]
2019-08-23 02:48:20,220 | INFO  | SCMAudit | user=jenkins1000 | ip=192.168.34.22 | op=ALLOCATE_BLOCK {owner=31d65bc3-3f70-45f5-bbc5-e3a15f967ba6, size=4194304, type=RATIS, factor=THREE} | ret=SUCCESS |  
2019-08-23 02:48:20,224 | INFO  | OMAudit | user=jenkins1000 | ip=127.0.0.1 | op=ALLOCATE_BLOCK {volume=vol-0-78052, bucket=bucket-0-33874, key=key-0-20719, dataSize=2147483657, replicationType=RATIS, replicationFactor=THREE, keyLocationInfo=[], clientID=102664010308846034} | ret=SUCCESS |  
2019-08-23 02:48:20,235 | INFO  | DNAudit | user=null | ip=null | op=WRITE_CHUNK {blockData=conID: 1 locID: 102664011790418439 bcsId: 0} | ret=SUCCESS |  
2019-08-23 02:48:20,238 | INFO  | DNAudit | user=null | ip=null | op=WRITE_CHUNK {blockData=conID: 1 locID: 102664011790418439 bcsId: 0} | ret=SUCCESS |  
2019-08-23 02:48:20,239 | INFO  | DNAudit | user=null | ip=null | op=WRITE_CHUNK {blockData=conID: 1 locID: 102664011790418439 bcsId: 0} | ret=SUCCESS |  
2019-08-23 02:48:20,240 | INFO  | DNAudit | user=null | ip=null | op=WRITE_CHUNK {blockData=conID: 1 locID: 102664011790418439 bcsId: 0} | ret=SUCCESS |  
2019-08-23 02:48:20,241 | INFO  | DNAudit | user=null | ip=null | op=WRITE_CHUNK {blockData=conID: 1 locID: 102664011790418439 bcsId: 0} | ret=SUCCESS |  
2019-08-23 02:48:20,243 | INFO  | DNAudit | user=null | ip=null | op=WRITE_CHUNK {blockData=conID: 1 locID: 102664011790418439 bcsId: 0} | ret=SUCCESS |  
2019-08-23 02:48:20,248 | INFO  | DNAudit | user=null | ip=null | op=WRITE_CHUNK {blockData=conID: 1 locID: 102664011790418439 bcsId: 0} | ret=SUCCESS |  
2019-08-23 02:48:20,248 | INFO  | DNAudit | user=null | ip=null | op=PUT_BLOCK {blockData=[blockId=conID: 1 locID: 102664011790418439 bcsId: 0,size=1048576]} | ret=SUCCESS |  
2019-08-23 02:48:20,249 [grpc-default-executor-2] INFO  client.GrpcClientProtocolClient (GrpcClientProtocolClient.java:onNext(255)) - client-B268B4322F32->17750241-545b-4219-93a1-14a6ea3d85be: receive RaftClientReply:client-B268B4322F32->17750241-545b-4219-93a1-14a6ea3d85be@group-C33FBD9556F2, cid=1757, SUCCESS, logIndex=2561, commits[17750241-545b-4219-93a1-14a6ea3d85be:c2563, 4eaaa090-573e-41d3-9f8c-c99e236d806a:c2560, 5f4cf9ee-4bed-49de-adaa-861aec894328:c2560]
2019-08-23 02:48:20,249 | INFO  | DNAudit | user=null | ip=null | op=WRITE_CHUNK {blockData=conID: 1 locID: 102664011790418439 bcsId: 0} | ret=SUCCESS |  
2019-08-23 02:48:20,249 [grpc-default-executor-1] INFO  client.GrpcClientProtocolClient (GrpcClientProtocolClient.java:onNext(255)) - client-B268B4322F32->17750241-545b-4219-93a1-14a6ea3d85be: receive RaftClientReply:client-B268B4322F32->17750241-545b-4219-93a1-14a6ea3d85be@group-C33FBD9556F2, cid=1758, SUCCESS, logIndex=2562, commits[17750241-545b-4219-93a1-14a6ea3d85be:c2564, 4eaaa090-573e-41d3-9f8c-c99e236d806a:c2560, 5f4cf9ee-4bed-49de-adaa-861aec894328:c2560]
2019-08-23 02:48:20,250 | INFO  | DNAudit | user=null | ip=null | op=PUT_BLOCK {blockData=[blockId=conID: 1 locID: 102664011790418439 bcsId: 0,size=2097152]} | ret=SUCCESS |  
2019-08-23 02:48:20,250 [grpc-default-executor-1] INFO  client.GrpcClientProtocolClient (GrpcClientProtocolClient.java:onNext(255)) - client-B268B4322F32->17750241-545b-4219-93a1-14a6ea3d85be: receive RaftClientReply:client-B268B4322F32->17750241-545b-4219-93a1-14a6ea3d85be@group-C33FBD9556F2, cid=1759, SUCCESS, logIndex=2563, commits[17750241-545b-4219-93a1-14a6ea3d85be:c2564, 4eaaa090-573e-41d3-9f8c-c99e236d806a:c2560, 5f4cf9ee-4bed-49de-adaa-861aec894328:c2560]
2019-08-23 02:48:20,250 [grpc-default-executor-1] INFO  client.GrpcClientProtocolClient (GrpcClientProtocolClient.java:onNext(255)) - client-B268B4322F32->17750241-545b-4219-93a1-14a6ea3d85be: receive RaftClientReply:client-B268B4322F32->17750241-545b-4219-93a1-14a6ea3d85be@group-C33FBD9556F2, cid=1760, SUCCESS, logIndex=2564, commits[17750241-545b-4219-93a1-14a6ea3d85be:c2564, 4eaaa090-573e-41d3-9f8c-c99e236d806a:c2560, 5f4cf9ee-4bed-49de-adaa-861aec894328:c2560]
2019-08-23 02:48:20,251 | INFO  | DNAudit | user=null | ip=null | op=WRITE_CHUNK {blockData=conID: 1 locID: 102664011790418439 bcsId: 0} | ret=SUCCESS |  
2019-08-23 02:48:20,262 | INFO  | DNAudit | user=null | ip=null | op=WRITE_CHUNK {blockData=conID: 1 locID: 102664011790418439 bcsId: 0} | ret=SUCCESS |  
2019-08-23 02:48:20,263 | INFO  | DNAudit | user=null | ip=null | op=PUT_BLOCK {blockData=[blockId=conID: 1 locID: 102664011790418439 bcsId: 0,size=1048576]} | ret=SUCCESS |  
2019-08-23 02:48:20,263 | INFO  | DNAudit | user=null | ip=null | op=WRITE_CHUNK {blockData=conID: 1 locID: 102664011790418439 bcsId: 0} | ret=SUCCESS |  
2019-08-23 02:48:20,263 | INFO  | DNAudit | user=null | ip=null | op=PUT_BLOCK {blockData=[blockId=conID: 1 locID: 102664011790418439 bcsId: 0,size=2097152]} | ret=SUCCESS |  
2019-08-23 02:48:20,264 | INFO  | DNAudit | user=null | ip=null | op=PUT_BLOCK {blockData=[blockId=conID: 1 locID: 102664011790418439 bcsId: 0,size=1048576]} | ret=SUCCESS |  
2019-08-23 02:48:20,264 | INFO  | DNAudit | user=null | ip=null | op=WRITE_CHUNK {blockData=conID: 1 locID: 102664011790418439 bcsId: 0} | ret=SUCCESS |  
2019-08-23 02:48:20,264 | INFO  | DNAudit | user=null | ip=null | op=PUT_BLOCK {blockData=[blockId=conID: 1 locID: 102664011790418439 bcsId: 0,size=2097152]} | ret=SUCCESS |  
2019-08-23 02:48:20,264 [grpc-default-executor-2] INFO  client.GrpcClientProtocolClient (GrpcClientProtocolClient.java:onNext(255)) - client-B268B4322F32->17750241-545b-4219-93a1-14a6ea3d85be: receive RaftClientReply:client-B268B4322F32->17750241-545b-4219-93a1-14a6ea3d85be@group-C33FBD9556F2, cid=1761, SUCCESS, logIndex=0, commits[17750241-545b-4219-93a1-14a6ea3d85be:c2568, 4eaaa090-573e-41d3-9f8c-c99e236d806a:c2564, 5f4cf9ee-4bed-49de-adaa-861aec894328:c2562]
2019-08-23 02:48:20,272 | INFO  | DNAudit | user=null | ip=null | op=WRITE_CHUNK {blockData=conID: 1 locID: 102664011790418439 bcsId: 2564} | ret=SUCCESS |  
2019-08-23 02:48:20,275 | INFO  | DNAudit | user=null | ip=null | op=WRITE_CHUNK {blockData=conID: 1 locID: 102664011790418439 bcsId: 2564} | ret=SUCCESS |  
2019-08-23 02:48:20,275 | INFO  | DNAudit | user=null | ip=null | op=WRITE_CHUNK {blockData=conID: 1 locID: 102664011790418439 bcsId: 2564} | ret=SUCCESS |  
2019-08-23 02:48:20,281 | INFO  | DNAudit | user=null | ip=null | op=WRITE_CHUNK {blockData=conID: 1 locID: 102664011790418439 bcsId: 2564} | ret=SUCCESS |  
2019-08-23 02:48:20,282 | INFO  | DNAudit | user=null | ip=null | op=PUT_BLOCK {blockData=[blockId=conID: 1 locID: 102664011790418439 bcsId: 0,size=3145728]} | ret=SUCCESS |  
2019-08-23 02:48:20,282 [grpc-default-executor-1] INFO  client.GrpcClientProtocolClient (GrpcClientProtocolClient.java:onNext(255)) - client-B268B4322F32->17750241-545b-4219-93a1-14a6ea3d85be: receive RaftClientReply:client-B268B4322F32->17750241-545b-4219-93a1-14a6ea3d85be@group-C33FBD9556F2, cid=1762, SUCCESS, logIndex=2569, commits[17750241-545b-4219-93a1-14a6ea3d85be:c2570, 4eaaa090-573e-41d3-9f8c-c99e236d806a:c2568, 5f4cf9ee-4bed-49de-adaa-861aec894328:c2568]
2019-08-23 02:48:20,282 [grpc-default-executor-1] INFO  client.GrpcClientProtocolClient (GrpcClientProtocolClient.java:onNext(255)) - client-B268B4322F32->17750241-545b-4219-93a1-14a6ea3d85be: receive RaftClientReply:client-B268B4322F32->17750241-545b-4219-93a1-14a6ea3d85be@group-C33FBD9556F2, cid=1763, SUCCESS, logIndex=2570, commits[17750241-545b-4219-93a1-14a6ea3d85be:c2570, 4eaaa090-573e-41d3-9f8c-c99e236d806a:c2568, 5f4cf9ee-4bed-49de-adaa-861aec894328:c2568]
2019-08-23 02:48:20,290 | INFO  | DNAudit | user=null | ip=null | op=WRITE_CHUNK {blockData=conID: 1 locID: 102664011790418439 bcsId: 2570} | ret=SUCCESS |  
2019-08-23 02:48:20,293 | INFO  | DNAudit | user=null | ip=null | op=WRITE_CHUNK {blockData=conID: 1 locID: 102664011790418439 bcsId: 2570} | ret=SUCCESS |  
2019-08-23 02:48:20,293 | INFO  | DNAudit | user=null | ip=null | op=WRITE_CHUNK {blockData=conID: 1 locID: 102664011790418439 bcsId: 2570} | ret=SUCCESS |  
2019-08-23 02:48:20,293 | INFO  | DNAudit | user=null | ip=null | op=WRITE_CHUNK {blockData=conID: 1 locID: 102664011790418439 bcsId: 2564} | ret=SUCCESS |  
2019-08-23 02:48:20,293 | INFO  | DNAudit | user=null | ip=null | op=WRITE_CHUNK {blockData=conID: 1 locID: 102664011790418439 bcsId: 2564} | ret=SUCCESS |  
2019-08-23 02:48:20,294 | INFO  | DNAudit | user=null | ip=null | op=PUT_BLOCK {blockData=[blockId=conID: 1 locID: 102664011790418439 bcsId: 0,size=3145728]} | ret=SUCCESS |  
2019-08-23 02:48:20,294 | INFO  | DNAudit | user=null | ip=null | op=PUT_BLOCK {blockData=[blockId=conID: 1 locID: 102664011790418439 bcsId: 0,size=3145728]} | ret=SUCCESS |  
2019-08-23 02:48:20,295 | INFO  | DNAudit | user=null | ip=null | op=WRITE_CHUNK {blockData=conID: 1 locID: 102664011790418439 bcsId: 2570} | ret=SUCCESS |  
2019-08-23 02:48:20,295 | INFO  | DNAudit | user=null | ip=null | op=PUT_BLOCK {blockData=[blockId=conID: 1 locID: 102664011790418439 bcsId: 0,size=4194304]} | ret=SUCCESS |  
2019-08-23 02:48:20,296 [grpc-default-executor-1] INFO  client.GrpcClientProtocolClient (GrpcClientProtocolClient.java:onNext(255)) - client-B268B4322F32->17750241-545b-4219-93a1-14a6ea3d85be: receive RaftClientReply:client-B268B4322F32->17750241-545b-4219-93a1-14a6ea3d85be@group-C33FBD9556F2, cid=1764, SUCCESS, logIndex=2573, commits[17750241-545b-4219-93a1-14a6ea3d85be:c2574, 4eaaa090-573e-41d3-9f8c-c99e236d806a:c2570, 5f4cf9ee-4bed-49de-adaa-861aec894328:c2570]
2019-08-23 02:48:20,296 [grpc-default-executor-1] INFO  client.GrpcClientProtocolClient (GrpcClientProtocolClient.java:onNext(255)) - client-B268B4322F32->17750241-545b-4219-93a1-14a6ea3d85be: receive RaftClientReply:client-B268B4322F32->17750241-545b-4219-93a1-14a6ea3d85be@group-C33FBD9556F2, cid=1765, SUCCESS, logIndex=2574, commits[17750241-545b-4219-93a1-14a6ea3d85be:c2574, 4eaaa090-573e-41d3-9f8c-c99e236d806a:c2570, 5f4cf9ee-4bed-49de-adaa-861aec894328:c2570]
2019-08-23 02:48:20,297 | INFO  | DNAudit | user=null | ip=null | op=WRITE_CHUNK {blockData=conID: 1 locID: 102664011790418439 bcsId: 2570} | ret=SUCCESS |  
2019-08-23 02:48:20,297 | INFO  | DNAudit | user=null | ip=null | op=WRITE_CHUNK {blockData=conID: 1 locID: 102664011790418439 bcsId: 2570} | ret=SUCCESS |  
2019-08-23 02:48:20,298 | INFO  | DNAudit | user=null | ip=null | op=PUT_BLOCK {blockData=[blockId=conID: 1 locID: 102664011790418439 bcsId: 0,size=4194304]} | ret=SUCCESS |  
2019-08-23 02:48:20,299 | INFO  | DNAudit | user=null | ip=null | op=PUT_BLOCK {blockData=[blockId=conID: 1 locID: 102664011790418439 bcsId: 0,size=4194304]} | ret=SUCCESS |  
2019-08-23 02:48:20,299 [grpc-default-executor-6] INFO  client.GrpcClientProtocolClient (GrpcClientProtocolClient.java:onNext(255)) - client-B268B4322F32->17750241-545b-4219-93a1-14a6ea3d85be: receive RaftClientReply:client-B268B4322F32->17750241-545b-4219-93a1-14a6ea3d85be@group-C33FBD9556F2, cid=1766, SUCCESS, logIndex=0, commits[17750241-545b-4219-93a1-14a6ea3d85be:c2576, 4eaaa090-573e-41d3-9f8c-c99e236d806a:c2574, 5f4cf9ee-4bed-49de-adaa-861aec894328:c2574]
2019-08-23 02:48:20,302 | INFO  | SCMAudit | user=jenkins1000 | ip=192.168.34.22 | op=ALLOCATE_BLOCK {owner=31d65bc3-3f70-45f5-bbc5-e3a15f967ba6, size=4194304, type=RATIS, factor=THREE} | ret=SUCCESS |  
2019-08-23 02:48:20,306 | INFO  | OMAudit | user=jenkins1000 | ip=127.0.0.1 | op=ALLOCATE_BLOCK {volume=vol-0-78052, bucket=bucket-0-33874, key=key-0-20719, dataSize=2147483657, replicationType=RATIS, replicationFactor=THREE, keyLocationInfo=[], clientID=102664010308846034} | ret=SUCCESS |  
2019-08-23 02:48:20,317 | INFO  | DNAudit | user=null | ip=null | op=WRITE_CHUNK {blockData=conID: 2 locID: 102664011795792392 bcsId: 0} | ret=SUCCESS |  
2019-08-23 02:48:20,319 | INFO  | DNAudit | user=null | ip=null | op=WRITE_CHUNK {blockData=conID: 2 locID: 102664011795792392 bcsId: 0} | ret=SUCCESS |  
2019-08-23 02:48:20,319 | INFO  | DNAudit | user=null | ip=null | op=WRITE_CHUNK {blockData=conID: 2 locID: 102664011795792392 bcsId: 0} | ret=SUCCESS |  
2019-08-23 02:48:20,320 | INFO  | DNAudit | user=null | ip=null | op=WRITE_CHUNK {blockData=conID: 2 locID: 102664011795792392 bcsId: 0} | ret=SUCCESS |  
2019-08-23 02:48:20,322 | INFO  | DNAudit | user=null | ip=null | op=WRITE_CHUNK {blockData=conID: 2 locID: 102664011795792392 bcsId: 0} | ret=SUCCESS |  
2019-08-23 02:48:20,322 | INFO  | DNAudit | user=null | ip=null | op=WRITE_CHUNK {blockData=conID: 2 locID: 102664011795792392 bcsId: 0} | ret=SUCCESS |  
2019-08-23 02:48:20,330 | INFO  | DNAudit | user=null | ip=null | op=WRITE_CHUNK {blockData=conID: 2 locID: 102664011795792392 bcsId: 0} | ret=SUCCESS |  
2019-08-23 02:48:20,330 | INFO  | DNAudit | user=null | ip=null | op=PUT_BLOCK {blockData=[blockId=conID: 2 locID: 102664011795792392 bcsId: 0,size=1048576]} | ret=SUCCESS |  
2019-08-23 02:48:20,330 | INFO  | DNAudit | user=null | ip=null | op=WRITE_CHUNK {blockData=conID: 2 locID: 102664011795792392 bcsId: 0} | ret=SUCCESS |  
2019-08-23 02:48:20,330 [grpc-default-executor-2] INFO  client.GrpcClientProtocolClient (GrpcClientProtocolClient.java:onNext(255)) - client-B268B4322F32->17750241-545b-4219-93a1-14a6ea3d85be: receive RaftClientReply:client-B268B4322F32->17750241-545b-4219-93a1-14a6ea3d85be@group-C33FBD9556F2, cid=1767, SUCCESS, logIndex=2577, commits[17750241-545b-4219-93a1-14a6ea3d85be:c2579, 4eaaa090-573e-41d3-9f8c-c99e236d806a:c2576, 5f4cf9ee-4bed-49de-adaa-861aec894328:c2576]
2019-08-23 02:48:20,331 | INFO  | DNAudit | user=null | ip=null | op=PUT_BLOCK {blockData=[blockId=conID: 2 locID: 102664011795792392 bcsId: 0,size=2097152]} | ret=SUCCESS |  
2019-08-23 02:48:20,331 | INFO  | DNAudit | user=null | ip=null | op=WRITE_CHUNK {blockData=conID: 2 locID: 102664011795792392 bcsId: 0} | ret=SUCCESS |  
2019-08-23 02:48:20,331 [grpc-default-executor-2] INFO  client.GrpcClientProtocolClient (GrpcClientProtocolClient.java:onNext(255)) - client-B268B4322F32->17750241-545b-4219-93a1-14a6ea3d85be: receive RaftClientReply:client-B268B4322F32->17750241-545b-4219-93a1-14a6ea3d85be@group-C33FBD9556F2, cid=1768, SUCCESS, logIndex=2578, commits[17750241-545b-4219-93a1-14a6ea3d85be:c2580, 4eaaa090-573e-41d3-9f8c-c99e236d806a:c2576, 5f4cf9ee-4bed-49de-adaa-861aec894328:c2576]
2019-08-23 02:48:20,331 | INFO  | DNAudit | user=null | ip=null | op=PUT_BLOCK {blockData=[blockId=conID: 2 locID: 102664011795792392 bcsId: 0,size=1048576]} | ret=SUCCESS |  
2019-08-23 02:48:20,332 | INFO  | DNAudit | user=null | ip=null | op=WRITE_CHUNK {blockData=conID: 2 locID: 102664011795792392 bcsId: 0} | ret=SUCCESS |  
2019-08-23 02:48:20,332 [grpc-default-executor-2] INFO  client.GrpcClientProtocolClient (GrpcClientProtocolClient.java:onNext(255)) - client-B268B4322F32->17750241-545b-4219-93a1-14a6ea3d85be: receive RaftClientReply:client-B268B4322F32->17750241-545b-4219-93a1-14a6ea3d85be@group-C33FBD9556F2, cid=1769, SUCCESS, logIndex=2579, commits[17750241-545b-4219-93a1-14a6ea3d85be:c2580, 4eaaa090-573e-41d3-9f8c-c99e236d806a:c2576, 5f4cf9ee-4bed-49de-adaa-861aec894328:c2576]
2019-08-23 02:48:20,332 | INFO  | DNAudit | user=null | ip=null | op=PUT_BLOCK {blockData=[blockId=conID: 2 locID: 102664011795792392 bcsId: 0,size=1048576]} | ret=SUCCESS |  
2019-08-23 02:48:20,332 [grpc-default-executor-2] INFO  client.GrpcClientProtocolClient (GrpcClientProtocolClient.java:onNext(255)) - client-B268B4322F32->17750241-545b-4219-93a1-14a6ea3d85be: receive RaftClientReply:client-B268B4322F32->17750241-545b-4219-93a1-14a6ea3d85be@group-C33FBD9556F2, cid=1770, SUCCESS, logIndex=2580, commits[17750241-545b-4219-93a1-14a6ea3d85be:c2580, 4eaaa090-573e-41d3-9f8c-c99e236d806a:c2576, 5f4cf9ee-4bed-49de-adaa-861aec894328:c2576]
2019-08-23 02:48:20,332 | INFO  | DNAudit | user=null | ip=null | op=WRITE_CHUNK {blockData=conID: 2 locID: 102664011795792392 bcsId: 0} | ret=SUCCESS |  
2019-08-23 02:48:20,332 | INFO  | DNAudit | user=null | ip=null | op=WRITE_CHUNK {blockData=conID: 2 locID: 102664011795792392 bcsId: 0} | ret=SUCCESS |  
2019-08-23 02:48:20,333 | INFO  | DNAudit | user=null | ip=null | op=PUT_BLOCK {blockData=[blockId=conID: 2 locID: 102664011795792392 bcsId: 0,size=2097152]} | ret=SUCCESS |  
2019-08-23 02:48:20,333 | INFO  | DNAudit | user=null | ip=null | op=PUT_BLOCK {blockData=[blockId=conID: 2 locID: 102664011795792392 bcsId: 0,size=2097152]} | ret=SUCCESS |  
2019-08-23 02:48:20,333 [grpc-default-executor-2] INFO  client.GrpcClientProtocolClient (GrpcClientProtocolClient.java:onNext(255)) - client-B268B4322F32->17750241-545b-4219-93a1-14a6ea3d85be: receive RaftClientReply:client-B268B4322F32->17750241-545b-4219-93a1-14a6ea3d85be@group-C33FBD9556F2, cid=1771, SUCCESS, logIndex=0, commits[17750241-545b-4219-93a1-14a6ea3d85be:c2584, 4eaaa090-573e-41d3-9f8c-c99e236d806a:c2580, 5f4cf9ee-4bed-49de-adaa-861aec894328:c2579]
2019-08-23 02:48:20,340 | INFO  | DNAudit | user=null | ip=null | op=WRITE_CHUNK {blockData=conID: 2 locID: 102664011795792392 bcsId: 2580} | ret=SUCCESS |  
2019-08-23 02:48:20,342 | INFO  | DNAudit | user=null | ip=null | op=WRITE_CHUNK {blockData=conID: 2 locID: 102664011795792392 bcsId: 2580} | ret=SUCCESS |  
2019-08-23 02:48:20,342 | INFO  | DNAudit | user=null | ip=null | op=WRITE_CHUNK {blockData=conID: 2 locID: 102664011795792392 bcsId: 2580} | ret=SUCCESS |  
2019-08-23 02:48:20,353 | INFO  | DNAudit | user=null | ip=null | op=WRITE_CHUNK {blockData=conID: 2 locID: 102664011795792392 bcsId: 2580} | ret=SUCCESS |  
2019-08-23 02:48:20,354 | INFO  | DNAudit | user=null | ip=null | op=PUT_BLOCK {blockData=[blockId=conID: 2 locID: 102664011795792392 bcsId: 0,size=3145728]} | ret=SUCCESS |  
2019-08-23 02:48:20,354 [grpc-default-executor-1] INFO  client.GrpcClientProtocolClient (GrpcClientProtocolClient.java:onNext(255)) - client-B268B4322F32->17750241-545b-4219-93a1-14a6ea3d85be: receive RaftClientReply:client-B268B4322F32->17750241-545b-4219-93a1-14a6ea3d85be@group-C33FBD9556F2, cid=1772, SUCCESS, logIndex=2585, commits[17750241-545b-4219-93a1-14a6ea3d85be:c2586, 4eaaa090-573e-41d3-9f8c-c99e236d806a:c2584, 5f4cf9ee-4bed-49de-adaa-861aec894328:c2584]
2019-08-23 02:48:20,354 [grpc-default-executor-1] INFO  client.GrpcClientProtocolClient (GrpcClientProtocolClient.java:onNext(255)) - client-B268B4322F32->17750241-545b-4219-93a1-14a6ea3d85be: receive RaftClientReply:client-B268B4322F32->17750241-545b-4219-93a1-14a6ea3d85be@group-C33FBD9556F2, cid=1773, SUCCESS, logIndex=2586, commits[17750241-545b-4219-93a1-14a6ea3d85be:c2586, 4eaaa090-573e-41d3-9f8c-c99e236d806a:c2584, 5f4cf9ee-4bed-49de-adaa-861aec894328:c2584]
2019-08-23 02:48:20,361 | INFO  | DNAudit | user=null | ip=null | op=WRITE_CHUNK {blockData=conID: 2 locID: 102664011795792392 bcsId: 2586} | ret=SUCCESS |  
2019-08-23 02:48:20,364 | INFO  | DNAudit | user=null | ip=null | op=WRITE_CHUNK {blockData=conID: 2 locID: 102664011795792392 bcsId: 2580} | ret=SUCCESS |  
2019-08-23 02:48:20,364 | INFO  | DNAudit | user=null | ip=null | op=WRITE_CHUNK {blockData=conID: 2 locID: 102664011795792392 bcsId: 2586} | ret=SUCCESS |  
2019-08-23 02:48:20,364 | INFO  | DNAudit | user=null | ip=null | op=WRITE_CHUNK {blockData=conID: 2 locID: 102664011795792392 bcsId: 2586} | ret=SUCCESS |  
2019-08-23 02:48:20,365 | INFO  | DNAudit | user=null | ip=null | op=WRITE_CHUNK {blockData=conID: 2 locID: 102664011795792392 bcsId: 2580} | ret=SUCCESS |  
2019-08-23 02:48:20,365 | INFO  | DNAudit | user=null | ip=null | op=PUT_BLOCK {blockData=[blockId=conID: 2 locID: 102664011795792392 bcsId: 0,size=3145728]} | ret=SUCCESS |  
2019-08-23 02:48:20,365 | INFO  | DNAudit | user=null | ip=null | op=PUT_BLOCK {blockData=[blockId=conID: 2 locID: 102664011795792392 bcsId: 0,size=3145728]} | ret=SUCCESS |  
2019-08-23 02:48:20,366 | INFO  | DNAudit | user=null | ip=null | op=WRITE_CHUNK {blockData=conID: 2 locID: 102664011795792392 bcsId: 2586} | ret=SUCCESS |  
2019-08-23 02:48:20,367 | INFO  | DNAudit | user=null | ip=null | op=PUT_BLOCK {blockData=[blockId=conID: 2 locID: 102664011795792392 bcsId: 0,size=4194304]} | ret=SUCCESS |  
2019-08-23 02:48:20,367 [grpc-default-executor-2] INFO  client.GrpcClientProtocolClient (GrpcClientProtocolClient.java:onNext(255)) - client-B268B4322F32->17750241-545b-4219-93a1-14a6ea3d85be: receive RaftClientReply:client-B268B4322F32->17750241-545b-4219-93a1-14a6ea3d85be@group-C33FBD9556F2, cid=1774, SUCCESS, logIndex=2589, commits[17750241-545b-4219-93a1-14a6ea3d85be:c2590, 4eaaa090-573e-41d3-9f8c-c99e236d806a:c2586, 5f4cf9ee-4bed-49de-adaa-861aec894328:c2586]
2019-08-23 02:48:20,368 [grpc-default-executor-2] INFO  client.GrpcClientProtocolClient (GrpcClientProtocolClient.java:onNext(255)) - client-B268B4322F32->17750241-545b-4219-93a1-14a6ea3d85be: receive RaftClientReply:client-B268B4322F32->17750241-545b-4219-93a1-14a6ea3d85be@group-C33FBD9556F2, cid=1775, SUCCESS, logIndex=2590, commits[17750241-545b-4219-93a1-14a6ea3d85be:c2590, 4eaaa090-573e-41d3-9f8c-c99e236d806a:c2586, 5f4cf9ee-4bed-49de-adaa-861aec894328:c2586]
2019-08-23 02:48:20,374 | INFO  | SCMAudit | user=jenkins1000 | ip=192.168.34.22 | op=SEND_HEARTBEAT {datanodeUUID=17750241-545b-4219-93a1-14a6ea3d85be, command=[]} | ret=SUCCESS |  
2019-08-23 02:48:20,375 | INFO  | SCMAudit | user=jenkins1000 | ip=192.168.34.22 | op=SEND_HEARTBEAT {datanodeUUID=5f4cf9ee-4bed-49de-adaa-861aec894328, command=[]} | ret=SUCCESS |  
2019-08-23 02:48:20,375 | INFO  | SCMAudit | user=jenkins1000 | ip=192.168.34.22 | op=SEND_HEARTBEAT {datanodeUUID=4eaaa090-573e-41d3-9f8c-c99e236d806a, command=[]} | ret=SUCCESS |  
2019-08-23 02:48:20,378 | INFO  | DNAudit | user=null | ip=null | op=WRITE_CHUNK {blockData=conID: 2 locID: 102664011795792392 bcsId: 2586} | ret=SUCCESS |  
2019-08-23 02:48:20,378 | INFO  | DNAudit | user=null | ip=null | op=WRITE_CHUNK {blockData=conID: 2 locID: 102664011795792392 bcsId: 2586} | ret=SUCCESS |  
2019-08-23 02:48:20,379 | INFO  | DNAudit | user=null | ip=null | op=PUT_BLOCK {blockData=[blockId=conID: 2 locID: 102664011795792392 bcsId: 0,size=4194304]} | ret=SUCCESS |  
2019-08-23 02:48:20,379 | INFO  | DNAudit | user=null | ip=null | op=PUT_BLOCK {blockData=[blockId=conID: 2 locID: 102664011795792392 bcsId: 0,size=4194304]} | ret=SUCCESS |  
2019-08-23 02:48:20,380 [grpc-default-executor-2] INFO  client.GrpcClientProtocolClient (GrpcClientProtocolClient.java:onNext(255)) - client-B268B4322F32->17750241-545b-4219-93a1-14a6ea3d85be: receive RaftClientReply:client-B268B4322F32->17750241-545b-4219-93a1-14a6ea3d85be@group-C33FBD9556F2, cid=1776, SUCCESS, logIndex=0, commits[17750241-545b-4219-93a1-14a6ea3d85be:c2592, 4eaaa090-573e-41d3-9f8c-c99e236d806a:c2590, 5f4cf9ee-4bed-49de-adaa-861aec894328:c2590]
2019-08-23 02:48:20,382 | INFO  | SCMAudit | user=jenkins1000 | ip=192.168.34.22 | op=ALLOCATE_BLOCK {owner=31d65bc3-3f70-45f5-bbc5-e3a15f967ba6, size=4194304, type=RATIS, factor=THREE} | ret=SUCCESS |  
2019-08-23 02:48:20,385 | INFO  | OMAudit | user=jenkins1000 | ip=127.0.0.1 | op=ALLOCATE_BLOCK {volume=vol-0-78052, bucket=bucket-0-33874, key=key-0-20719, dataSize=2147483657, replicationType=RATIS, replicationFactor=THREE, keyLocationInfo=[], clientID=102664010308846034} | ret=SUCCESS |  
2019-08-23 02:48:20,400 | INFO  | DNAudit | user=null | ip=null | op=WRITE_CHUNK {blockData=conID: 3 locID: 102664011801035273 bcsId: 0} | ret=SUCCESS |  
2019-08-23 02:48:20,403 | INFO  | DNAudit | user=null | ip=null | op=WRITE_CHUNK {blockData=conID: 3 locID: 102664011801035273 bcsId: 0} | ret=SUCCESS |  
2019-08-23 02:48:20,403 | INFO  | DNAudit | user=null | ip=null | op=WRITE_CHUNK {blockData=conID: 3 locID: 102664011801035273 bcsId: 0} | ret=SUCCESS |  
2019-08-23 02:48:20,403 | INFO  | DNAudit | user=null | ip=null | op=WRITE_CHUNK {blockData=conID: 3 locID: 102664011801035273 bcsId: 0} | ret=SUCCESS |  
2019-08-23 02:48:20,405 | INFO  | DNAudit | user=null | ip=null | op=WRITE_CHUNK {blockData=conID: 3 locID: 102664011801035273 bcsId: 0} | ret=SUCCESS |  
2019-08-23 02:48:20,405 | INFO  | DNAudit | user=null | ip=null | op=WRITE_CHUNK {blockData=conID: 3 locID: 102664011801035273 bcsId: 0} | ret=SUCCESS |  
2019-08-23 02:48:20,412 | INFO  | DNAudit | user=null | ip=null | op=WRITE_CHUNK {blockData=conID: 3 locID: 102664011801035273 bcsId: 0} | ret=SUCCESS |  
2019-08-23 02:48:20,413 | INFO  | DNAudit | user=null | ip=null | op=PUT_BLOCK {blockData=[blockId=conID: 3 locID: 102664011801035273 bcsId: 0,size=1048576]} | ret=SUCCESS |  
2019-08-23 02:48:20,413 [grpc-default-executor-2] INFO  client.GrpcClientProtocolClient (GrpcClientProtocolClient.java:onNext(255)) - client-B268B4322F32->17750241-545b-4219-93a1-14a6ea3d85be: receive RaftClientReply:client-B268B4322F32->17750241-545b-4219-93a1-14a6ea3d85be@group-C33FBD9556F2, cid=1777, SUCCESS, logIndex=2593, commits[17750241-545b-4219-93a1-14a6ea3d85be:c2596, 4eaaa090-573e-41d3-9f8c-c99e236d806a:c2592, 5f4cf9ee-4bed-49de-adaa-861aec894328:c2592]
2019-08-23 02:48:20,413 | INFO  | DNAudit | user=null | ip=null | op=WRITE_CHUNK {blockData=conID: 3 locID: 102664011801035273 bcsId: 0} | ret=SUCCESS |  
2019-08-23 02:48:20,414 [grpc-default-executor-2] INFO  client.GrpcClientProtocolClient (GrpcClientProtocolClient.java:onNext(255)) - client-B268B4322F32->17750241-545b-4219-93a1-14a6ea3d85be: receive RaftClientReply:client-B268B4322F32->17750241-545b-4219-93a1-14a6ea3d85be@group-C33FBD9556F2, cid=1778, SUCCESS, logIndex=2594, commits[17750241-545b-4219-93a1-14a6ea3d85be:c2596, 4eaaa090-573e-41d3-9f8c-c99e236d806a:c2592, 5f4cf9ee-4bed-49de-adaa-861aec894328:c2592]
2019-08-23 02:48:20,414 | INFO  | DNAudit | user=null | ip=null | op=PUT_BLOCK {blockData=[blockId=conID: 3 locID: 102664011801035273 bcsId: 0,size=2097152]} | ret=SUCCESS |  
2019-08-23 02:48:20,414 | INFO  | DNAudit | user=null | ip=null | op=WRITE_CHUNK {blockData=conID: 3 locID: 102664011801035273 bcsId: 0} | ret=SUCCESS |  
2019-08-23 02:48:20,414 [grpc-default-executor-2] INFO  client.GrpcClientProtocolClient (GrpcClientProtocolClient.java:onNext(255)) - client-B268B4322F32->17750241-545b-4219-93a1-14a6ea3d85be: receive RaftClientReply:client-B268B4322F32->17750241-545b-4219-93a1-14a6ea3d85be@group-C33FBD9556F2, cid=1779, SUCCESS, logIndex=2595, commits[17750241-545b-4219-93a1-14a6ea3d85be:c2596, 4eaaa090-573e-41d3-9f8c-c99e236d806a:c2592, 5f4cf9ee-4bed-49de-adaa-861aec894328:c2592]
2019-08-23 02:48:20,414 | INFO  | DNAudit | user=null | ip=null | op=PUT_BLOCK {blockData=[blockId=conID: 3 locID: 102664011801035273 bcsId: 0,size=1048576]} | ret=SUCCESS |  
2019-08-23 02:48:20,415 | INFO  | DNAudit | user=null | ip=null | op=WRITE_CHUNK {blockData=conID: 3 locID: 102664011801035273 bcsId: 0} | ret=SUCCESS |  
2019-08-23 02:48:20,415 | INFO  | DNAudit | user=null | ip=null | op=WRITE_CHUNK {blockData=conID: 3 locID: 102664011801035273 bcsId: 0} | ret=SUCCESS |  
2019-08-23 02:48:20,415 | INFO  | DNAudit | user=null | ip=null | op=PUT_BLOCK {blockData=[blockId=conID: 3 locID: 102664011801035273 bcsId: 0,size=1048576]} | ret=SUCCESS |  
2019-08-23 02:48:20,415 [grpc-default-executor-2] INFO  client.GrpcClientProtocolClient (GrpcClientProtocolClient.java:onNext(255)) - client-B268B4322F32->17750241-545b-4219-93a1-14a6ea3d85be: receive RaftClientReply:client-B268B4322F32->17750241-545b-4219-93a1-14a6ea3d85be@group-C33FBD9556F2, cid=1780, SUCCESS, logIndex=2596, commits[17750241-545b-4219-93a1-14a6ea3d85be:c2597, 4eaaa090-573e-41d3-9f8c-c99e236d806a:c2592, 5f4cf9ee-4bed-49de-adaa-861aec894328:c2594]
2019-08-23 02:48:20,415 | INFO  | DNAudit | user=null | ip=null | op=PUT_BLOCK {blockData=[blockId=conID: 3 locID: 102664011801035273 bcsId: 0,size=2097152]} | ret=SUCCESS |  
2019-08-23 02:48:20,415 | INFO  | DNAudit | user=null | ip=null | op=WRITE_CHUNK {blockData=conID: 3 locID: 102664011801035273 bcsId: 0} | ret=SUCCESS |  
2019-08-23 02:48:20,416 | INFO  | DNAudit | user=null | ip=null | op=PUT_BLOCK {blockData=[blockId=conID: 3 locID: 102664011801035273 bcsId: 0,size=2097152]} | ret=SUCCESS |  
2019-08-23 02:48:20,416 [grpc-default-executor-2] INFO  client.GrpcClientProtocolClient (GrpcClientProtocolClient.java:onNext(255)) - client-B268B4322F32->17750241-545b-4219-93a1-14a6ea3d85be: receive RaftClientReply:client-B268B4322F32->17750241-545b-4219-93a1-14a6ea3d85be@group-C33FBD9556F2, cid=1781, SUCCESS, logIndex=0, commits[17750241-545b-4219-93a1-14a6ea3d85be:c2600, 4eaaa090-573e-41d3-9f8c-c99e236d806a:c2594, 5f4cf9ee-4bed-49de-adaa-861aec894328:c2596]
2019-08-23 02:48:20,421 | INFO  | DNAudit | user=null | ip=null | op=WRITE_CHUNK {blockData=conID: 3 locID: 102664011801035273 bcsId: 2596} | ret=SUCCESS |  
2019-08-23 02:48:20,424 | INFO  | DNAudit | user=null | ip=null | op=WRITE_CHUNK {blockData=conID: 3 locID: 102664011801035273 bcsId: 2596} | ret=SUCCESS |  
2019-08-23 02:48:20,424 | INFO  | DNAudit | user=null | ip=null | op=WRITE_CHUNK {blockData=conID: 3 locID: 102664011801035273 bcsId: 2596} | ret=SUCCESS |  
2019-08-23 02:48:20,434 | INFO  | DNAudit | user=null | ip=null | op=WRITE_CHUNK {blockData=conID: 3 locID: 102664011801035273 bcsId: 2596} | ret=SUCCESS |  
2019-08-23 02:48:20,434 | INFO  | DNAudit | user=null | ip=null | op=PUT_BLOCK {blockData=[blockId=conID: 3 locID: 102664011801035273 bcsId: 0,size=3145728]} | ret=SUCCESS |  
2019-08-23 02:48:20,434 [grpc-default-executor-2] INFO  client.GrpcClientProtocolClient (GrpcClientProtocolClient.java:onNext(255)) - client-B268B4322F32->17750241-545b-4219-93a1-14a6ea3d85be: receive RaftClientReply:client-B268B4322F32->17750241-545b-4219-93a1-14a6ea3d85be@group-C33FBD9556F2, cid=1782, SUCCESS, logIndex=2601, commits[17750241-545b-4219-93a1-14a6ea3d85be:c2602, 4eaaa090-573e-41d3-9f8c-c99e236d806a:c2600, 5f4cf9ee-4bed-49de-adaa-861aec894328:c2600]
2019-08-23 02:48:20,435 [grpc-default-executor-2] INFO  client.GrpcClientProtocolClient (GrpcClientProtocolClient.java:onNext(255)) - client-B268B4322F32->17750241-545b-4219-93a1-14a6ea3d85be: receive RaftClientReply:client-B268B4322F32->17750241-545b-4219-93a1-14a6ea3d85be@group-C33FBD9556F2, cid=1783, SUCCESS, logIndex=2602, commits[17750241-545b-4219-93a1-14a6ea3d85be:c2602, 4eaaa090-573e-41d3-9f8c-c99e236d806a:c2600, 5f4cf9ee-4bed-49de-adaa-861aec894328:c2600]
2019-08-23 02:48:20,440 | INFO  | DNAudit | user=null | ip=null | op=WRITE_CHUNK {blockData=conID: 3 locID: 102664011801035273 bcsId: 2602} | ret=SUCCESS |  
2019-08-23 02:48:20,442 | INFO  | DNAudit | user=null | ip=null | op=WRITE_CHUNK {blockData=conID: 3 locID: 102664011801035273 bcsId: 2602} | ret=SUCCESS |  
2019-08-23 02:48:20,443 | INFO  | DNAudit | user=null | ip=null | op=WRITE_CHUNK {blockData=conID: 3 locID: 102664011801035273 bcsId: 2602} | ret=SUCCESS |  
2019-08-23 02:48:20,445 | INFO  | DNAudit | user=null | ip=null | op=WRITE_CHUNK {blockData=conID: 3 locID: 102664011801035273 bcsId: 2596} | ret=SUCCESS |  
2019-08-23 02:48:20,447 | INFO  | DNAudit | user=null | ip=null | op=WRITE_CHUNK {blockData=conID: 3 locID: 102664011801035273 bcsId: 2596} | ret=SUCCESS |  
2019-08-23 02:48:20,449 | INFO  | DNAudit | user=null | ip=null | op=PUT_BLOCK {blockData=[blockId=conID: 3 locID: 102664011801035273 bcsId: 0,size=3145728]} | ret=SUCCESS |  
2019-08-23 02:48:20,449 | INFO  | DNAudit | user=null | ip=null | op=PUT_BLOCK {blockData=[blockId=conID: 3 locID: 102664011801035273 bcsId: 0,size=3145728]} | ret=SUCCESS |  
2019-08-23 02:48:20,449 | INFO  | DNAudit | user=null | ip=null | op=WRITE_CHUNK {blockData=conID: 3 locID: 102664011801035273 bcsId: 2602} | ret=SUCCESS |  
2019-08-23 02:48:20,450 | INFO  | DNAudit | user=null | ip=null | op=PUT_BLOCK {blockData=[blockId=conID: 3 locID: 102664011801035273 bcsId: 0,size=4194304]} | ret=SUCCESS |  
2019-08-23 02:48:20,450 [grpc-default-executor-2] INFO  client.GrpcClientProtocolClient (GrpcClientProtocolClient.java:onNext(255)) - client-B268B4322F32->17750241-545b-4219-93a1-14a6ea3d85be: receive RaftClientReply:client-B268B4322F32->17750241-545b-4219-93a1-14a6ea3d85be@group-C33FBD9556F2, cid=1784, SUCCESS, logIndex=2605, commits[17750241-545b-4219-93a1-14a6ea3d85be:c2606, 4eaaa090-573e-41d3-9f8c-c99e236d806a:c2602, 5f4cf9ee-4bed-49de-adaa-861aec894328:c2602]
2019-08-23 02:48:20,450 [grpc-default-executor-2] INFO  client.GrpcClientProtocolClient (GrpcClientProtocolClient.java:onNext(255)) - client-B268B4322F32->17750241-545b-4219-93a1-14a6ea3d85be: receive RaftClientReply:client-B268B4322F32->17750241-545b-4219-93a1-14a6ea3d85be@group-C33FBD9556F2, cid=1785, SUCCESS, logIndex=2606, commits[17750241-545b-4219-93a1-14a6ea3d85be:c2606, 4eaaa090-573e-41d3-9f8c-c99e236d806a:c2602, 5f4cf9ee-4bed-49de-adaa-861aec894328:c2602]
2019-08-23 02:48:20,460 | INFO  | DNAudit | user=null | ip=null | op=WRITE_CHUNK {blockData=conID: 3 locID: 102664011801035273 bcsId: 2602} | ret=SUCCESS |  
2019-08-23 02:48:20,460 | INFO  | DNAudit | user=null | ip=null | op=WRITE_CHUNK {blockData=conID: 3 locID: 102664011801035273 bcsId: 2602} | ret=SUCCESS |  
2019-08-23 02:48:20,461 | INFO  | DNAudit | user=null | ip=null | op=PUT_BLOCK {blockData=[blockId=conID: 3 locID: 102664011801035273 bcsId: 0,size=4194304]} | ret=SUCCESS |  
2019-08-23 02:48:20,463 | INFO  | DNAudit | user=null | ip=null | op=PUT_BLOCK {blockData=[blockId=conID: 3 locID: 102664011801035273 bcsId: 0,size=4194304]} | ret=SUCCESS |  
2019-08-23 02:48:20,463 [grpc-default-executor-2] INFO  client.GrpcClientProtocolClient (GrpcClientProtocolClient.java:onNext(255)) - client-B268B4322F32->17750241-545b-4219-93a1-14a6ea3d85be: receive RaftClientReply:client-B268B4322F32->17750241-545b-4219-93a1-14a6ea3d85be@group-C33FBD9556F2, cid=1786, SUCCESS, logIndex=0, commits[17750241-545b-4219-93a1-14a6ea3d85be:c2608, 4eaaa090-573e-41d3-9f8c-c99e236d806a:c2606, 5f4cf9ee-4bed-49de-adaa-861aec894328:c2606]
2019-08-23 02:48:20,465 | INFO  | SCMAudit | user=jenkins1000 | ip=192.168.34.22 | op=ALLOCATE_BLOCK {owner=31d65bc3-3f70-45f5-bbc5-e3a15f967ba6, size=4194304, type=RATIS, factor=THREE} | ret=SUCCESS |  
2019-08-23 02:48:20,469 | INFO  | OMAudit | user=jenkins1000 | ip=127.0.0.1 | op=ALLOCATE_BLOCK {volume=vol-0-78052, bucket=bucket-0-33874, key=key-0-20719, dataSize=2147483657, replicationType=RATIS, replicationFactor=THREE, keyLocationInfo=[], clientID=102664010308846034} | ret=SUCCESS |  
2019-08-23 02:48:20,478 | INFO  | DNAudit | user=null | ip=null | op=WRITE_CHUNK {blockData=conID: 1 locID: 102664011806474762 bcsId: 0} | ret=SUCCESS |  
2019-08-23 02:48:20,483 | INFO  | DNAudit | user=null | ip=null | op=WRITE_CHUNK {blockData=conID: 1 locID: 102664011806474762 bcsId: 0} | ret=SUCCESS |  
2019-08-23 02:48:20,484 | INFO  | DNAudit | user=null | ip=null | op=WRITE_CHUNK {blockData=conID: 1 locID: 102664011806474762 bcsId: 0} | ret=SUCCESS |  
2019-08-23 02:48:20,484 | INFO  | DNAudit | user=null | ip=null | op=WRITE_CHUNK {blockData=conID: 1 locID: 102664011806474762 bcsId: 0} | ret=SUCCESS |  
2019-08-23 02:48:20,486 | INFO  | DNAudit | user=null | ip=null | op=WRITE_CHUNK {blockData=conID: 1 locID: 102664011806474762 bcsId: 0} | ret=SUCCESS |  
2019-08-23 02:48:20,486 | INFO  | DNAudit | user=null | ip=null | op=WRITE_CHUNK {blockData=conID: 1 locID: 102664011806474762 bcsId: 0} | ret=SUCCESS |  
2019-08-23 02:48:20,490 | INFO  | DNAudit | user=null | ip=null | op=WRITE_CHUNK {blockData=conID: 1 locID: 102664011806474762 bcsId: 0} | ret=SUCCESS |  
2019-08-23 02:48:20,491 | INFO  | DNAudit | user=null | ip=null | op=PUT_BLOCK {blockData=[blockId=conID: 1 locID: 102664011806474762 bcsId: 0,size=1048576]} | ret=SUCCESS |  
2019-08-23 02:48:20,491 [grpc-default-executor-5] INFO  client.GrpcClientProtocolClient (GrpcClientProtocolClient.java:onNext(255)) - client-B268B4322F32->17750241-545b-4219-93a1-14a6ea3d85be: receive RaftClientReply:client-B268B4322F32->17750241-545b-4219-93a1-14a6ea3d85be@group-C33FBD9556F2, cid=1787, SUCCESS, logIndex=2609, commits[17750241-545b-4219-93a1-14a6ea3d85be:c2610, 4eaaa090-573e-41d3-9f8c-c99e236d806a:c2608, 5f4cf9ee-4bed-49de-adaa-861aec894328:c2608]
2019-08-23 02:48:20,491 | INFO  | DNAudit | user=null | ip=null | op=WRITE_CHUNK {blockData=conID: 1 locID: 102664011806474762 bcsId: 0} | ret=SUCCESS |  
2019-08-23 02:48:20,491 [grpc-default-executor-5] INFO  client.GrpcClientProtocolClient (GrpcClientProtocolClient.java:onNext(255)) - client-B268B4322F32->17750241-545b-4219-93a1-14a6ea3d85be: receive RaftClientReply:client-B268B4322F32->17750241-545b-4219-93a1-14a6ea3d85be@group-C33FBD9556F2, cid=1788, SUCCESS, logIndex=2610, commits[17750241-545b-4219-93a1-14a6ea3d85be:c2610, 4eaaa090-573e-41d3-9f8c-c99e236d806a:c2608, 5f4cf9ee-4bed-49de-adaa-861aec894328:c2608]
2019-08-23 02:48:20,491 | INFO  | DNAudit | user=null | ip=null | op=PUT_BLOCK {blockData=[blockId=conID: 1 locID: 102664011806474762 bcsId: 0,size=2097152]} | ret=SUCCESS |  
2019-08-23 02:48:20,491 [grpc-default-executor-5] INFO  client.GrpcClientProtocolClient (GrpcClientProtocolClient.java:onNext(255)) - client-B268B4322F32->17750241-545b-4219-93a1-14a6ea3d85be: receive RaftClientReply:client-B268B4322F32->17750241-545b-4219-93a1-14a6ea3d85be@group-C33FBD9556F2, cid=1789, SUCCESS, logIndex=2611, commits[17750241-545b-4219-93a1-14a6ea3d85be:c2612, 4eaaa090-573e-41d3-9f8c-c99e236d806a:c2608, 5f4cf9ee-4bed-49de-adaa-861aec894328:c2608]
2019-08-23 02:48:20,492 [grpc-default-executor-5] INFO  client.GrpcClientProtocolClient (GrpcClientProtocolClient.java:onNext(255)) - client-B268B4322F32->17750241-545b-4219-93a1-14a6ea3d85be: receive RaftClientReply:client-B268B4322F32->17750241-545b-4219-93a1-14a6ea3d85be@group-C33FBD9556F2, cid=1790, SUCCESS, logIndex=2612, commits[17750241-545b-4219-93a1-14a6ea3d85be:c2612, 4eaaa090-573e-41d3-9f8c-c99e236d806a:c2608, 5f4cf9ee-4bed-49de-adaa-861aec894328:c2608]
2019-08-23 02:48:20,493 | INFO  | DNAudit | user=null | ip=null | op=WRITE_CHUNK {blockData=conID: 1 locID: 102664011806474762 bcsId: 0} | ret=SUCCESS |  
2019-08-23 02:48:20,493 | INFO  | DNAudit | user=null | ip=null | op=PUT_BLOCK {blockData=[blockId=conID: 1 locID: 102664011806474762 bcsId: 0,size=1048576]} | ret=SUCCESS |  
2019-08-23 02:48:20,493 | INFO  | DNAudit | user=null | ip=null | op=WRITE_CHUNK {blockData=conID: 1 locID: 102664011806474762 bcsId: 0} | ret=SUCCESS |  
2019-08-23 02:48:20,494 | INFO  | DNAudit | user=null | ip=null | op=PUT_BLOCK {blockData=[blockId=conID: 1 locID: 102664011806474762 bcsId: 0,size=1048576]} | ret=SUCCESS |  
2019-08-23 02:48:20,494 | INFO  | DNAudit | user=null | ip=null | op=WRITE_CHUNK {blockData=conID: 1 locID: 102664011806474762 bcsId: 0} | ret=SUCCESS |  
2019-08-23 02:48:20,494 | INFO  | DNAudit | user=null | ip=null | op=PUT_BLOCK {blockData=[blockId=conID: 1 locID: 102664011806474762 bcsId: 0,size=2097152]} | ret=SUCCESS |  
2019-08-23 02:48:20,494 [grpc-default-executor-5] INFO  client.GrpcClientProtocolClient (GrpcClientProtocolClient.java:onNext(255)) - client-B268B4322F32->17750241-545b-4219-93a1-14a6ea3d85be: receive RaftClientReply:client-B268B4322F32->17750241-545b-4219-93a1-14a6ea3d85be@group-C33FBD9556F2, cid=1791, SUCCESS, logIndex=0, commits[17750241-545b-4219-93a1-14a6ea3d85be:c2614, 4eaaa090-573e-41d3-9f8c-c99e236d806a:c2610, 5f4cf9ee-4bed-49de-adaa-861aec894328:c2610]
2019-08-23 02:48:20,494 | INFO  | DNAudit | user=null | ip=null | op=WRITE_CHUNK {blockData=conID: 1 locID: 102664011806474762 bcsId: 0} | ret=SUCCESS |  
2019-08-23 02:48:20,494 | INFO  | DNAudit | user=null | ip=null | op=PUT_BLOCK {blockData=[blockId=conID: 1 locID: 102664011806474762 bcsId: 0,size=2097152]} | ret=SUCCESS |  
2019-08-23 02:48:20,499 | INFO  | DNAudit | user=null | ip=null | op=WRITE_CHUNK {blockData=conID: 1 locID: 102664011806474762 bcsId: 2612} | ret=SUCCESS |  
2019-08-23 02:48:20,501 | INFO  | DNAudit | user=null | ip=null | op=WRITE_CHUNK {blockData=conID: 1 locID: 102664011806474762 bcsId: 2612} | ret=SUCCESS |  
2019-08-23 02:48:20,501 | INFO  | DNAudit | user=null | ip=null | op=WRITE_CHUNK {blockData=conID: 1 locID: 102664011806474762 bcsId: 2612} | ret=SUCCESS |  
2019-08-23 02:48:20,512 | INFO  | DNAudit | user=null | ip=null | op=WRITE_CHUNK {blockData=conID: 1 locID: 102664011806474762 bcsId: 2612} | ret=SUCCESS |  
2019-08-23 02:48:20,512 | INFO  | DNAudit | user=null | ip=null | op=PUT_BLOCK {blockData=[blockId=conID: 1 locID: 102664011806474762 bcsId: 0,size=3145728]} | ret=SUCCESS |  
2019-08-23 02:48:20,512 [grpc-default-executor-5] INFO  client.GrpcClientProtocolClient (GrpcClientProtocolClient.java:onNext(255)) - client-B268B4322F32->17750241-545b-4219-93a1-14a6ea3d85be: receive RaftClientReply:client-B268B4322F32->17750241-545b-4219-93a1-14a6ea3d85be@group-C33FBD9556F2, cid=1792, SUCCESS, logIndex=2617, commits[17750241-545b-4219-93a1-14a6ea3d85be:c2618, 4eaaa090-573e-41d3-9f8c-c99e236d806a:c2616, 5f4cf9ee-4bed-49de-adaa-861aec894328:c2616]
2019-08-23 02:48:20,513 [grpc-default-executor-5] INFO  client.GrpcClientProtocolClient (GrpcClientProtocolClient.java:onNext(255)) - client-B268B4322F32->17750241-545b-4219-93a1-14a6ea3d85be: receive RaftClientReply:client-B268B4322F32->17750241-545b-4219-93a1-14a6ea3d85be@group-C33FBD9556F2, cid=1793, SUCCESS, logIndex=2618, commits[17750241-545b-4219-93a1-14a6ea3d85be:c2618, 4eaaa090-573e-41d3-9f8c-c99e236d806a:c2616, 5f4cf9ee-4bed-49de-adaa-861aec894328:c2616]
2019-08-23 02:48:20,514 | INFO  | DNAudit | user=null | ip=null | op=WRITE_CHUNK {blockData=conID: 1 locID: 102664011806474762 bcsId: 2612} | ret=SUCCESS |  
2019-08-23 02:48:20,514 | INFO  | DNAudit | user=null | ip=null | op=WRITE_CHUNK {blockData=conID: 1 locID: 102664011806474762 bcsId: 2612} | ret=SUCCESS |  
2019-08-23 02:48:20,514 | INFO  | DNAudit | user=null | ip=null | op=PUT_BLOCK {blockData=[blockId=conID: 1 locID: 102664011806474762 bcsId: 0,size=3145728]} | ret=SUCCESS |  
2019-08-23 02:48:20,514 | INFO  | DNAudit | user=null | ip=null | op=PUT_BLOCK {blockData=[blockId=conID: 1 locID: 102664011806474762 bcsId: 0,size=3145728]} | ret=SUCCESS |  
2019-08-23 02:48:20,518 | INFO  | DNAudit | user=null | ip=null | op=WRITE_CHUNK {blockData=conID: 1 locID: 102664011806474762 bcsId: 2618} | ret=SUCCESS |  
2019-08-23 02:48:20,520 | INFO  | DNAudit | user=null | ip=null | op=WRITE_CHUNK {blockData=conID: 1 locID: 102664011806474762 bcsId: 2618} | ret=SUCCESS |  
2019-08-23 02:48:20,520 | INFO  | DNAudit | user=null | ip=null | op=WRITE_CHUNK {blockData=conID: 1 locID: 102664011806474762 bcsId: 2618} | ret=SUCCESS |  
2019-08-23 02:48:20,540 | INFO  | DNAudit | user=null | ip=null | op=WRITE_CHUNK {blockData=conID: 1 locID: 102664011806474762 bcsId: 2618} | ret=SUCCESS |  
2019-08-23 02:48:20,540 | INFO  | DNAudit | user=null | ip=null | op=PUT_BLOCK {blockData=[blockId=conID: 1 locID: 102664011806474762 bcsId: 0,size=4194304]} | ret=SUCCESS |  
2019-08-23 02:48:20,540 [grpc-default-executor-2] INFO  client.GrpcClientProtocolClient (GrpcClientProtocolClient.java:onNext(255)) - client-B268B4322F32->17750241-545b-4219-93a1-14a6ea3d85be: receive RaftClientReply:client-B268B4322F32->17750241-545b-4219-93a1-14a6ea3d85be@group-C33FBD9556F2, cid=1794, SUCCESS, logIndex=2620, commits[17750241-545b-4219-93a1-14a6ea3d85be:c2621, 4eaaa090-573e-41d3-9f8c-c99e236d806a:c2619, 5f4cf9ee-4bed-49de-adaa-861aec894328:c2619]
2019-08-23 02:48:20,541 [grpc-default-executor-2] INFO  client.GrpcClientProtocolClient (GrpcClientProtocolClient.java:onNext(255)) - client-B268B4322F32->17750241-545b-4219-93a1-14a6ea3d85be: receive RaftClientReply:client-B268B4322F32->17750241-545b-4219-93a1-14a6ea3d85be@group-C33FBD9556F2, cid=1795, SUCCESS, logIndex=2621, commits[17750241-545b-4219-93a1-14a6ea3d85be:c2621, 4eaaa090-573e-41d3-9f8c-c99e236d806a:c2619, 5f4cf9ee-4bed-49de-adaa-861aec894328:c2619]
2019-08-23 02:48:20,551 | INFO  | DNAudit | user=null | ip=null | op=WRITE_CHUNK {blockData=conID: 1 locID: 102664011806474762 bcsId: 2618} | ret=SUCCESS |  
2019-08-23 02:48:20,551 | INFO  | DNAudit | user=null | ip=null | op=WRITE_CHUNK {blockData=conID: 1 locID: 102664011806474762 bcsId: 2618} | ret=SUCCESS |  
2019-08-23 02:48:20,552 | INFO  | DNAudit | user=null | ip=null | op=PUT_BLOCK {blockData=[blockId=conID: 1 locID: 102664011806474762 bcsId: 0,size=4194304]} | ret=SUCCESS |  
2019-08-23 02:48:20,553 | INFO  | DNAudit | user=null | ip=null | op=PUT_BLOCK {blockData=[blockId=conID: 1 locID: 102664011806474762 bcsId: 0,size=4194304]} | ret=SUCCESS |  
2019-08-23 02:48:20,553 [grpc-default-executor-2] INFO  client.GrpcClientProtocolClient (GrpcClientProtocolClient.java:onNext(255)) - client-B268B4322F32->17750241-545b-4219-93a1-14a6ea3d85be: receive RaftClientReply:client-B268B4322F32->17750241-545b-4219-93a1-14a6ea3d85be@group-C33FBD9556F2, cid=1796, SUCCESS, logIndex=0, commits[17750241-545b-4219-93a1-14a6ea3d85be:c2623, 4eaaa090-573e-41d3-9f8c-c99e236d806a:c2621, 5f4cf9ee-4bed-49de-adaa-861aec894328:c2621]
2019-08-23 02:48:20,555 | INFO  | SCMAudit | user=jenkins1000 | ip=192.168.34.22 | op=ALLOCATE_BLOCK {owner=31d65bc3-3f70-45f5-bbc5-e3a15f967ba6, size=4194304, type=RATIS, factor=THREE} | ret=SUCCESS |  
2019-08-23 02:48:20,558 | INFO  | OMAudit | user=jenkins1000 | ip=127.0.0.1 | op=ALLOCATE_BLOCK {volume=vol-0-78052, bucket=bucket-0-33874, key=key-0-20719, dataSize=2147483657, replicationType=RATIS, replicationFactor=THREE, keyLocationInfo=[], clientID=102664010308846034} | ret=SUCCESS |  
2019-08-23 02:48:20,568 | INFO  | DNAudit | user=null | ip=null | op=WRITE_CHUNK {blockData=conID: 2 locID: 102664011812373003 bcsId: 0} | ret=SUCCESS |  
2019-08-23 02:48:20,572 | INFO  | DNAudit | user=null | ip=null | op=WRITE_CHUNK {blockData=conID: 2 locID: 102664011812373003 bcsId: 0} | ret=SUCCESS |  
2019-08-23 02:48:20,572 | INFO  | DNAudit | user=null | ip=null | op=WRITE_CHUNK {blockData=conID: 2 locID: 102664011812373003 bcsId: 0} | ret=SUCCESS |  
2019-08-23 02:48:20,572 | INFO  | DNAudit | user=null | ip=null | op=WRITE_CHUNK {blockData=conID: 2 locID: 102664011812373003 bcsId: 0} | ret=SUCCESS |  
2019-08-23 02:48:20,573 | INFO  | DNAudit | user=null | ip=null | op=WRITE_CHUNK {blockData=conID: 2 locID: 102664011812373003 bcsId: 0} | ret=SUCCESS |  
2019-08-23 02:48:20,574 | INFO  | DNAudit | user=null | ip=null | op=WRITE_CHUNK {blockData=conID: 2 locID: 102664011812373003 bcsId: 0} | ret=SUCCESS |  
2019-08-23 02:48:20,581 | INFO  | DNAudit | user=null | ip=null | op=WRITE_CHUNK {blockData=conID: 2 locID: 102664011812373003 bcsId: 0} | ret=SUCCESS |  
2019-08-23 02:48:20,581 | INFO  | DNAudit | user=null | ip=null | op=PUT_BLOCK {blockData=[blockId=conID: 2 locID: 102664011812373003 bcsId: 0,size=1048576]} | ret=SUCCESS |  
2019-08-23 02:48:20,581 [grpc-default-executor-2] INFO  client.GrpcClientProtocolClient (GrpcClientProtocolClient.java:onNext(255)) - client-B268B4322F32->17750241-545b-4219-93a1-14a6ea3d85be: receive RaftClientReply:client-B268B4322F32->17750241-545b-4219-93a1-14a6ea3d85be@group-C33FBD9556F2, cid=1797, SUCCESS, logIndex=2624, commits[17750241-545b-4219-93a1-14a6ea3d85be:c2625, 4eaaa090-573e-41d3-9f8c-c99e236d806a:c2623, 5f4cf9ee-4bed-49de-adaa-861aec894328:c2623]
2019-08-23 02:48:20,582 | INFO  | DNAudit | user=null | ip=null | op=WRITE_CHUNK {blockData=conID: 2 locID: 102664011812373003 bcsId: 0} | ret=SUCCESS |  
2019-08-23 02:48:20,582 [grpc-default-executor-6] INFO  client.GrpcClientProtocolClient (GrpcClientProtocolClient.java:onNext(255)) - client-B268B4322F32->17750241-545b-4219-93a1-14a6ea3d85be: receive RaftClientReply:client-B268B4322F32->17750241-545b-4219-93a1-14a6ea3d85be@group-C33FBD9556F2, cid=1798, SUCCESS, logIndex=2625, commits[17750241-545b-4219-93a1-14a6ea3d85be:c2626, 4eaaa090-573e-41d3-9f8c-c99e236d806a:c2623, 5f4cf9ee-4bed-49de-adaa-861aec894328:c2623]
2019-08-23 02:48:20,582 | INFO  | DNAudit | user=null | ip=null | op=PUT_BLOCK {blockData=[blockId=conID: 2 locID: 102664011812373003 bcsId: 0,size=2097152]} | ret=SUCCESS |  
2019-08-23 02:48:20,582 [grpc-default-executor-6] INFO  client.GrpcClientProtocolClient (GrpcClientProtocolClient.java:onNext(255)) - client-B268B4322F32->17750241-545b-4219-93a1-14a6ea3d85be: receive RaftClientReply:client-B268B4322F32->17750241-545b-4219-93a1-14a6ea3d85be@group-C33FBD9556F2, cid=1799, SUCCESS, logIndex=2626, commits[17750241-545b-4219-93a1-14a6ea3d85be:c2627, 4eaaa090-573e-41d3-9f8c-c99e236d806a:c2623, 5f4cf9ee-4bed-49de-adaa-861aec894328:c2623]
2019-08-23 02:48:20,582 [grpc-default-executor-6] INFO  client.GrpcClientProtocolClient (GrpcClientProtocolClient.java:onNext(255)) - client-B268B4322F32->17750241-545b-4219-93a1-14a6ea3d85be: receive RaftClientReply:client-B268B4322F32->17750241-545b-4219-93a1-14a6ea3d85be@group-C33FBD9556F2, cid=1800, SUCCESS, logIndex=2627, commits[17750241-545b-4219-93a1-14a6ea3d85be:c2627, 4eaaa090-573e-41d3-9f8c-c99e236d806a:c2623, 5f4cf9ee-4bed-49de-adaa-861aec894328:c2623]
2019-08-23 02:48:20,593 | INFO  | DNAudit | user=null | ip=null | op=WRITE_CHUNK {blockData=conID: 2 locID: 102664011812373003 bcsId: 0} | ret=SUCCESS |  
2019-08-23 02:48:20,593 | INFO  | DNAudit | user=null | ip=null | op=WRITE_CHUNK {blockData=conID: 2 locID: 102664011812373003 bcsId: 0} | ret=SUCCESS |  
2019-08-23 02:48:20,593 | INFO  | DNAudit | user=null | ip=null | op=PUT_BLOCK {blockData=[blockId=conID: 2 locID: 102664011812373003 bcsId: 0,size=1048576]} | ret=SUCCESS |  
2019-08-23 02:48:20,593 | INFO  | DNAudit | user=null | ip=null | op=PUT_BLOCK {blockData=[blockId=conID: 2 locID: 102664011812373003 bcsId: 0,size=1048576]} | ret=SUCCESS |  
2019-08-23 02:48:20,593 | INFO  | DNAudit | user=null | ip=null | op=WRITE_CHUNK {blockData=conID: 2 locID: 102664011812373003 bcsId: 0} | ret=SUCCESS |  
2019-08-23 02:48:20,594 [grpc-default-executor-6] INFO  client.GrpcClientProtocolClient (GrpcClientProtocolClient.java:onNext(255)) - client-B268B4322F32->17750241-545b-4219-93a1-14a6ea3d85be: receive RaftClientReply:client-B268B4322F32->17750241-545b-4219-93a1-14a6ea3d85be@group-C33FBD9556F2, cid=1801, SUCCESS, logIndex=0, commits[17750241-545b-4219-93a1-14a6ea3d85be:c2629, 4eaaa090-573e-41d3-9f8c-c99e236d806a:c2625, 5f4cf9ee-4bed-49de-adaa-861aec894328:c2625]
2019-08-23 02:48:20,594 | INFO  | DNAudit | user=null | ip=null | op=WRITE_CHUNK {blockData=conID: 2 locID: 102664011812373003 bcsId: 0} | ret=SUCCESS |  
2019-08-23 02:48:20,594 | INFO  | DNAudit | user=null | ip=null | op=PUT_BLOCK {blockData=[blockId=conID: 2 locID: 102664011812373003 bcsId: 0,size=2097152]} | ret=SUCCESS |  
2019-08-23 02:48:20,594 | INFO  | DNAudit | user=null | ip=null | op=PUT_BLOCK {blockData=[blockId=conID: 2 locID: 102664011812373003 bcsId: 0,size=2097152]} | ret=SUCCESS |  
2019-08-23 02:48:20,602 | INFO  | DNAudit | user=null | ip=null | op=WRITE_CHUNK {blockData=conID: 2 locID: 102664011812373003 bcsId: 2627} | ret=SUCCESS |  
2019-08-23 02:48:20,604 | INFO  | DNAudit | user=null | ip=null | op=WRITE_CHUNK {blockData=conID: 2 locID: 102664011812373003 bcsId: 2627} | ret=SUCCESS |  
2019-08-23 02:48:20,604 | INFO  | DNAudit | user=null | ip=null | op=WRITE_CHUNK {blockData=conID: 2 locID: 102664011812373003 bcsId: 2627} | ret=SUCCESS |  
2019-08-23 02:48:20,615 | INFO  | DNAudit | user=null | ip=null | op=WRITE_CHUNK {blockData=conID: 2 locID: 102664011812373003 bcsId: 2627} | ret=SUCCESS |  
2019-08-23 02:48:20,615 [grpc-default-executor-6] INFO  client.GrpcClientProtocolClient (GrpcClientProtocolClient.java:onNext(255)) - client-B268B4322F32->17750241-545b-4219-93a1-14a6ea3d85be: receive RaftClientReply:client-B268B4322F32->17750241-545b-4219-93a1-14a6ea3d85be@group-C33FBD9556F2, cid=1802, SUCCESS, logIndex=2632, commits[17750241-545b-4219-93a1-14a6ea3d85be:c2633, 4eaaa090-573e-41d3-9f8c-c99e236d806a:c2631, 5f4cf9ee-4bed-49de-adaa-861aec894328:c2631]
2019-08-23 02:48:20,615 | INFO  | DNAudit | user=null | ip=null | op=PUT_BLOCK {blockData=[blockId=conID: 2 locID: 102664011812373003 bcsId: 0,size=3145728]} | ret=SUCCESS |  
2019-08-23 02:48:20,616 [grpc-default-executor-6] INFO  client.GrpcClientProtocolClient (GrpcClientProtocolClient.java:onNext(255)) - client-B268B4322F32->17750241-545b-4219-93a1-14a6ea3d85be: receive RaftClientReply:client-B268B4322F32->17750241-545b-4219-93a1-14a6ea3d85be@group-C33FBD9556F2, cid=1803, SUCCESS, logIndex=2633, commits[17750241-545b-4219-93a1-14a6ea3d85be:c2633, 4eaaa090-573e-41d3-9f8c-c99e236d806a:c2631, 5f4cf9ee-4bed-49de-adaa-861aec894328:c2631]
2019-08-23 02:48:20,623 | INFO  | DNAudit | user=null | ip=null | op=WRITE_CHUNK {blockData=conID: 2 locID: 102664011812373003 bcsId: 2633} | ret=SUCCESS |  
2019-08-23 02:48:20,626 | INFO  | DNAudit | user=null | ip=null | op=WRITE_CHUNK {blockData=conID: 2 locID: 102664011812373003 bcsId: 2627} | ret=SUCCESS |  
2019-08-23 02:48:20,626 | INFO  | DNAudit | user=null | ip=null | op=WRITE_CHUNK {blockData=conID: 2 locID: 102664011812373003 bcsId: 2633} | ret=SUCCESS |  
2019-08-23 02:48:20,626 | INFO  | DNAudit | user=null | ip=null | op=WRITE_CHUNK {blockData=conID: 2 locID: 102664011812373003 bcsId: 2633} | ret=SUCCESS |  
2019-08-23 02:48:20,626 | INFO  | DNAudit | user=null | ip=null | op=WRITE_CHUNK {blockData=conID: 2 locID: 102664011812373003 bcsId: 2627} | ret=SUCCESS |  
2019-08-23 02:48:20,628 | INFO  | DNAudit | user=null | ip=null | op=PUT_BLOCK {blockData=[blockId=conID: 2 locID: 102664011812373003 bcsId: 0,size=3145728]} | ret=SUCCESS |  
2019-08-23 02:48:20,628 | INFO  | DNAudit | user=null | ip=null | op=PUT_BLOCK {blockData=[blockId=conID: 2 locID: 102664011812373003 bcsId: 0,size=3145728]} | ret=SUCCESS |  
2019-08-23 02:48:20,628 | INFO  | DNAudit | user=null | ip=null | op=WRITE_CHUNK {blockData=conID: 2 locID: 102664011812373003 bcsId: 2633} | ret=SUCCESS |  
2019-08-23 02:48:20,629 | INFO  | DNAudit | user=null | ip=null | op=PUT_BLOCK {blockData=[blockId=conID: 2 locID: 102664011812373003 bcsId: 0,size=4194304]} | ret=SUCCESS |  
2019-08-23 02:48:20,628 [grpc-default-executor-5] INFO  client.GrpcClientProtocolClient (GrpcClientProtocolClient.java:onNext(255)) - client-B268B4322F32->17750241-545b-4219-93a1-14a6ea3d85be: receive RaftClientReply:client-B268B4322F32->17750241-545b-4219-93a1-14a6ea3d85be@group-C33FBD9556F2, cid=1804, SUCCESS, logIndex=2636, commits[17750241-545b-4219-93a1-14a6ea3d85be:c2637, 4eaaa090-573e-41d3-9f8c-c99e236d806a:c2633, 5f4cf9ee-4bed-49de-adaa-861aec894328:c2633]
2019-08-23 02:48:20,629 [grpc-default-executor-5] INFO  client.GrpcClientProtocolClient (GrpcClientProtocolClient.java:onNext(255)) - client-B268B4322F32->17750241-545b-4219-93a1-14a6ea3d85be: receive RaftClientReply:client-B268B4322F32->17750241-545b-4219-93a1-14a6ea3d85be@group-C33FBD9556F2, cid=1805, SUCCESS, logIndex=2637, commits[17750241-545b-4219-93a1-14a6ea3d85be:c2637, 4eaaa090-573e-41d3-9f8c-c99e236d806a:c2633, 5f4cf9ee-4bed-49de-adaa-861aec894328:c2633]
2019-08-23 02:48:20,640 | INFO  | DNAudit | user=null | ip=null | op=WRITE_CHUNK {blockData=conID: 2 locID: 102664011812373003 bcsId: 2633} | ret=SUCCESS |  
2019-08-23 02:48:20,640 | INFO  | DNAudit | user=null | ip=null | op=WRITE_CHUNK {blockData=conID: 2 locID: 102664011812373003 bcsId: 2633} | ret=SUCCESS |  
2019-08-23 02:48:20,641 | INFO  | DNAudit | user=null | ip=null | op=PUT_BLOCK {blockData=[blockId=conID: 2 locID: 102664011812373003 bcsId: 0,size=4194304]} | ret=SUCCESS |  
2019-08-23 02:48:20,641 | INFO  | DNAudit | user=null | ip=null | op=PUT_BLOCK {blockData=[blockId=conID: 2 locID: 102664011812373003 bcsId: 0,size=4194304]} | ret=SUCCESS |  
2019-08-23 02:48:20,642 [grpc-default-executor-1] INFO  client.GrpcClientProtocolClient (GrpcClientProtocolClient.java:onNext(255)) - client-B268B4322F32->17750241-545b-4219-93a1-14a6ea3d85be: receive RaftClientReply:client-B268B4322F32->17750241-545b-4219-93a1-14a6ea3d85be@group-C33FBD9556F2, cid=1806, SUCCESS, logIndex=0, commits[17750241-545b-4219-93a1-14a6ea3d85be:c2639, 4eaaa090-573e-41d3-9f8c-c99e236d806a:c2637, 5f4cf9ee-4bed-49de-adaa-861aec894328:c2637]
2019-08-23 02:48:20,644 | INFO  | SCMAudit | user=jenkins1000 | ip=192.168.34.22 | op=ALLOCATE_BLOCK {owner=31d65bc3-3f70-45f5-bbc5-e3a15f967ba6, size=4194304, type=RATIS, factor=THREE} | ret=SUCCESS |  
2019-08-23 02:48:20,648 | INFO  | OMAudit | user=jenkins1000 | ip=127.0.0.1 | op=ALLOCATE_BLOCK {volume=vol-0-78052, bucket=bucket-0-33874, key=key-0-20719, dataSize=2147483657, replicationType=RATIS, replicationFactor=THREE, keyLocationInfo=[], clientID=102664010308846034} | ret=SUCCESS |  
2019-08-23 02:48:20,659 | INFO  | DNAudit | user=null | ip=null | op=WRITE_CHUNK {blockData=conID: 3 locID: 102664011818205708 bcsId: 0} | ret=SUCCESS |  
2019-08-23 02:48:20,661 | INFO  | DNAudit | user=null | ip=null | op=WRITE_CHUNK {blockData=conID: 3 locID: 102664011818205708 bcsId: 0} | ret=SUCCESS |  
2019-08-23 02:48:20,661 | INFO  | DNAudit | user=null | ip=null | op=WRITE_CHUNK {blockData=conID: 3 locID: 102664011818205708 bcsId: 0} | ret=SUCCESS |  
2019-08-23 02:48:20,662 | INFO  | DNAudit | user=null | ip=null | op=WRITE_CHUNK {blockData=conID: 3 locID: 102664011818205708 bcsId: 0} | ret=SUCCESS |  
2019-08-23 02:48:20,663 | INFO  | DNAudit | user=null | ip=null | op=WRITE_CHUNK {blockData=conID: 3 locID: 102664011818205708 bcsId: 0} | ret=SUCCESS |  
2019-08-23 02:48:20,663 | INFO  | DNAudit | user=null | ip=null | op=WRITE_CHUNK {blockData=conID: 3 locID: 102664011818205708 bcsId: 0} | ret=SUCCESS |  
 0.00% |█                                                                                                    |  0/1 Time: 0:00:232019-08-23 02:48:20,672 | INFO  | DNAudit | user=null | ip=null | op=WRITE_CHUNK {blockData=conID: 3 locID: 102664011818205708 bcsId: 0} | ret=SUCCESS |  
2019-08-23 02:48:20,673 | INFO  | DNAudit | user=null | ip=null | op=WRITE_CHUNK {blockData=conID: 3 locID: 102664011818205708 bcsId: 0} | ret=SUCCESS |  
2019-08-23 02:48:20,673 | INFO  | DNAudit | user=null | ip=null | op=PUT_BLOCK {blockData=[blockId=conID: 3 locID: 102664011818205708 bcsId: 0,size=1048576]} | ret=SUCCESS |  
2019-08-23 02:48:20,673 | INFO  | DNAudit | user=null | ip=null | op=WRITE_CHUNK {blockData=conID: 3 locID: 102664011818205708 bcsId: 0} | ret=SUCCESS |  
2019-08-23 02:48:20,673 [grpc-default-executor-5] INFO  client.GrpcClientProtocolClient (GrpcClientProtocolClient.java:onNext(255)) - client-B268B4322F32->17750241-545b-4219-93a1-14a6ea3d85be: receive RaftClientReply:client-B268B4322F32->17750241-545b-4219-93a1-14a6ea3d85be@group-C33FBD9556F2, cid=1807, SUCCESS, logIndex=2640, commits[17750241-545b-4219-93a1-14a6ea3d85be:c2643, 4eaaa090-573e-41d3-9f8c-c99e236d806a:c2639, 5f4cf9ee-4bed-49de-adaa-861aec894328:c2639]
2019-08-23 02:48:20,673 | INFO  | DNAudit | user=null | ip=null | op=PUT_BLOCK {blockData=[blockId=conID: 3 locID: 102664011818205708 bcsId: 0,size=1048576]} | ret=SUCCESS |  
2019-08-23 02:48:20,673 | INFO  | DNAudit | user=null | ip=null | op=WRITE_CHUNK {blockData=conID: 3 locID: 102664011818205708 bcsId: 0} | ret=SUCCESS |  
2019-08-23 02:48:20,673 [grpc-default-executor-5] INFO  client.GrpcClientProtocolClient (GrpcClientProtocolClient.java:onNext(255)) - client-B268B4322F32->17750241-545b-4219-93a1-14a6ea3d85be: receive RaftClientReply:client-B268B4322F32->17750241-545b-4219-93a1-14a6ea3d85be@group-C33FBD9556F2, cid=1808, SUCCESS, logIndex=2641, commits[17750241-545b-4219-93a1-14a6ea3d85be:c2644, 4eaaa090-573e-41d3-9f8c-c99e236d806a:c2640, 5f4cf9ee-4bed-49de-adaa-861aec894328:c2640]
2019-08-23 02:48:20,673 | INFO  | DNAudit | user=null | ip=null | op=WRITE_CHUNK {blockData=conID: 3 locID: 102664011818205708 bcsId: 0} | ret=SUCCESS |  
2019-08-23 02:48:20,674 | INFO  | DNAudit | user=null | ip=null | op=PUT_BLOCK {blockData=[blockId=conID: 3 locID: 102664011818205708 bcsId: 0,size=1048576]} | ret=SUCCESS |  
2019-08-23 02:48:20,674 | INFO  | DNAudit | user=null | ip=null | op=WRITE_CHUNK {blockData=conID: 3 locID: 102664011818205708 bcsId: 0} | ret=SUCCESS |  
2019-08-23 02:48:20,674 | INFO  | DNAudit | user=null | ip=null | op=PUT_BLOCK {blockData=[blockId=conID: 3 locID: 102664011818205708 bcsId: 0,size=2097152]} | ret=SUCCESS |  
2019-08-23 02:48:20,674 | INFO  | DNAudit | user=null | ip=null | op=PUT_BLOCK {blockData=[blockId=conID: 3 locID: 102664011818205708 bcsId: 0,size=2097152]} | ret=SUCCESS |  
2019-08-23 02:48:20,675 | INFO  | DNAudit | user=null | ip=null | op=PUT_BLOCK {blockData=[blockId=conID: 3 locID: 102664011818205708 bcsId: 0,size=2097152]} | ret=SUCCESS |  
2019-08-23 02:48:20,675 [grpc-default-executor-5] INFO  client.GrpcClientProtocolClient (GrpcClientProtocolClient.java:onNext(255)) - client-B268B4322F32->17750241-545b-4219-93a1-14a6ea3d85be: receive RaftClientReply:client-B268B4322F32->17750241-545b-4219-93a1-14a6ea3d85be@group-C33FBD9556F2, cid=1809, SUCCESS, logIndex=2642, commits[17750241-545b-4219-93a1-14a6ea3d85be:c2646, 4eaaa090-573e-41d3-9f8c-c99e236d806a:c2640, 5f4cf9ee-4bed-49de-adaa-861aec894328:c2643]
2019-08-23 02:48:20,675 [grpc-default-executor-5] INFO  client.GrpcClientProtocolClient (GrpcClientProtocolClient.java:onNext(255)) - client-B268B4322F32->17750241-545b-4219-93a1-14a6ea3d85be: receive RaftClientReply:client-B268B4322F32->17750241-545b-4219-93a1-14a6ea3d85be@group-C33FBD9556F2, cid=1810, SUCCESS, logIndex=2643, commits[17750241-545b-4219-93a1-14a6ea3d85be:c2647, 4eaaa090-573e-41d3-9f8c-c99e236d806a:c2643, 5f4cf9ee-4bed-49de-adaa-861aec894328:c2643]
2019-08-23 02:48:20,683 | INFO  | DNAudit | user=null | ip=null | op=WRITE_CHUNK {blockData=conID: 3 locID: 102664011818205708 bcsId: 2643} | ret=SUCCESS |  
2019-08-23 02:48:20,685 | INFO  | DNAudit | user=null | ip=null | op=WRITE_CHUNK {blockData=conID: 3 locID: 102664011818205708 bcsId: 2643} | ret=SUCCESS |  
2019-08-23 02:48:20,685 | INFO  | DNAudit | user=null | ip=null | op=WRITE_CHUNK {blockData=conID: 3 locID: 102664011818205708 bcsId: 2643} | ret=SUCCESS |  
2019-08-23 02:48:20,686 | INFO  | DNAudit | user=null | ip=null | op=WRITE_CHUNK {blockData=conID: 3 locID: 102664011818205708 bcsId: 2643} | ret=SUCCESS |  
2019-08-23 02:48:20,688 | INFO  | DNAudit | user=null | ip=null | op=WRITE_CHUNK {blockData=conID: 3 locID: 102664011818205708 bcsId: 2643} | ret=SUCCESS |  
2019-08-23 02:48:20,688 | INFO  | DNAudit | user=null | ip=null | op=WRITE_CHUNK {blockData=conID: 3 locID: 102664011818205708 bcsId: 2643} | ret=SUCCESS |  
2019-08-23 02:48:20,695 | INFO  | DNAudit | user=null | ip=null | op=WRITE_CHUNK {blockData=conID: 3 locID: 102664011818205708 bcsId: 2643} | ret=SUCCESS |  
2019-08-23 02:48:20,696 | INFO  | DNAudit | user=null | ip=null | op=PUT_BLOCK {blockData=[blockId=conID: 3 locID: 102664011818205708 bcsId: 0,size=3145728]} | ret=SUCCESS |  
2019-08-23 02:48:20,696 | INFO  | DNAudit | user=null | ip=null | op=WRITE_CHUNK {blockData=conID: 3 locID: 102664011818205708 bcsId: 2643} | ret=SUCCESS |  
2019-08-23 02:48:20,696 [grpc-default-executor-6] INFO  client.GrpcClientProtocolClient (GrpcClientProtocolClient.java:onNext(255)) - client-B268B4322F32->17750241-545b-4219-93a1-14a6ea3d85be: receive RaftClientReply:client-B268B4322F32->17750241-545b-4219-93a1-14a6ea3d85be@group-C33FBD9556F2, cid=1811, SUCCESS, logIndex=2648, commits[17750241-545b-4219-93a1-14a6ea3d85be:c2649, 4eaaa090-573e-41d3-9f8c-c99e236d806a:c2647, 5f4cf9ee-4bed-49de-adaa-861aec894328:c2647]
2019-08-23 02:48:20,696 | INFO  | DNAudit | user=null | ip=null | op=PUT_BLOCK {blockData=[blockId=conID: 3 locID: 102664011818205708 bcsId: 0,size=4194304]} | ret=SUCCESS |  
2019-08-23 02:48:20,696 [grpc-default-executor-5] INFO  client.GrpcClientProtocolClient (GrpcClientProtocolClient.java:onNext(255)) - client-B268B4322F32->17750241-545b-4219-93a1-14a6ea3d85be: receive RaftClientReply:client-B268B4322F32->17750241-545b-4219-93a1-14a6ea3d85be@group-C33FBD9556F2, cid=1812, SUCCESS, logIndex=2649, commits[17750241-545b-4219-93a1-14a6ea3d85be:c2649, 4eaaa090-573e-41d3-9f8c-c99e236d806a:c2647, 5f4cf9ee-4bed-49de-adaa-861aec894328:c2647]
2019-08-23 02:48:20,697 [grpc-default-executor-5] INFO  client.GrpcClientProtocolClient (GrpcClientProtocolClient.java:onNext(255)) - client-B268B4322F32->17750241-545b-4219-93a1-14a6ea3d85be: receive RaftClientReply:client-B268B4322F32->17750241-545b-4219-93a1-14a6ea3d85be@group-C33FBD9556F2, cid=1813, SUCCESS, logIndex=2650, commits[17750241-545b-4219-93a1-14a6ea3d85be:c2651, 4eaaa090-573e-41d3-9f8c-c99e236d806a:c2647, 5f4cf9ee-4bed-49de-adaa-861aec894328:c2647]
2019-08-23 02:48:20,697 [grpc-default-executor-5] INFO  client.GrpcClientProtocolClient (GrpcClientProtocolClient.java:onNext(255)) - client-B268B4322F32->17750241-545b-4219-93a1-14a6ea3d85be: receive RaftClientReply:client-B268B4322F32->17750241-545b-4219-93a1-14a6ea3d85be@group-C33FBD9556F2, cid=1814, SUCCESS, logIndex=2651, commits[17750241-545b-4219-93a1-14a6ea3d85be:c2651, 4eaaa090-573e-41d3-9f8c-c99e236d806a:c2647, 5f4cf9ee-4bed-49de-adaa-861aec894328:c2647]
2019-08-23 02:48:20,709 | INFO  | DNAudit | user=null | ip=null | op=WRITE_CHUNK {blockData=conID: 3 locID: 102664011818205708 bcsId: 2643} | ret=SUCCESS |  
2019-08-23 02:48:20,709 | INFO  | DNAudit | user=null | ip=null | op=WRITE_CHUNK {blockData=conID: 3 locID: 102664011818205708 bcsId: 2643} | ret=SUCCESS |  
2019-08-23 02:48:20,710 | INFO  | DNAudit | user=null | ip=null | op=PUT_BLOCK {blockData=[blockId=conID: 3 locID: 102664011818205708 bcsId: 0,size=3145728]} | ret=SUCCESS |  
2019-08-23 02:48:20,710 | INFO  | DNAudit | user=null | ip=null | op=PUT_BLOCK {blockData=[blockId=conID: 3 locID: 102664011818205708 bcsId: 0,size=3145728]} | ret=SUCCESS |  
2019-08-23 02:48:20,710 | INFO  | DNAudit | user=null | ip=null | op=WRITE_CHUNK {blockData=conID: 3 locID: 102664011818205708 bcsId: 2643} | ret=SUCCESS |  
2019-08-23 02:48:20,710 | INFO  | DNAudit | user=null | ip=null | op=PUT_BLOCK {blockData=[blockId=conID: 3 locID: 102664011818205708 bcsId: 0,size=4194304]} | ret=SUCCESS |  
2019-08-23 02:48:20,710 [grpc-default-executor-5] INFO  client.GrpcClientProtocolClient (GrpcClientProtocolClient.java:onNext(255)) - client-B268B4322F32->17750241-545b-4219-93a1-14a6ea3d85be: receive RaftClientReply:client-B268B4322F32->17750241-545b-4219-93a1-14a6ea3d85be@group-C33FBD9556F2, cid=1815, SUCCESS, logIndex=0, commits[17750241-545b-4219-93a1-14a6ea3d85be:c2653, 4eaaa090-573e-41d3-9f8c-c99e236d806a:c2649, 5f4cf9ee-4bed-49de-adaa-861aec894328:c2649]
2019-08-23 02:48:20,710 | INFO  | DNAudit | user=null | ip=null | op=WRITE_CHUNK {blockData=conID: 3 locID: 102664011818205708 bcsId: 2643} | ret=SUCCESS |  
2019-08-23 02:48:20,710 | INFO  | DNAudit | user=null | ip=null | op=PUT_BLOCK {blockData=[blockId=conID: 3 locID: 102664011818205708 bcsId: 0,size=4194304]} | ret=SUCCESS |  
2019-08-23 02:48:20,711 [grpc-default-executor-5] INFO  client.GrpcClientProtocolClient (GrpcClientProtocolClient.java:onNext(255)) - client-B268B4322F32->17750241-545b-4219-93a1-14a6ea3d85be: receive RaftClientReply:client-B268B4322F32->17750241-545b-4219-93a1-14a6ea3d85be@group-C33FBD9556F2, cid=1816, SUCCESS, logIndex=0, commits[17750241-545b-4219-93a1-14a6ea3d85be:c2655, 4eaaa090-573e-41d3-9f8c-c99e236d806a:c2651, 5f4cf9ee-4bed-49de-adaa-861aec894328:c2651]
2019-08-23 02:48:20,713 | INFO  | SCMAudit | user=jenkins1000 | ip=192.168.34.22 | op=ALLOCATE_BLOCK {owner=31d65bc3-3f70-45f5-bbc5-e3a15f967ba6, size=4194304, type=RATIS, factor=THREE} | ret=SUCCESS |  
2019-08-23 02:48:20,715 | INFO  | OMAudit | user=jenkins1000 | ip=127.0.0.1 | op=ALLOCATE_BLOCK {volume=vol-0-78052, bucket=bucket-0-33874, key=key-0-20719, dataSize=2147483657, replicationType=RATIS, replicationFactor=THREE, keyLocationInfo=[], clientID=102664010308846034} | ret=SUCCESS |  
2019-08-23 02:48:20,717 | INFO  | SCMAudit | user=jenkins1000 | ip=192.168.34.22 | op=SEND_HEARTBEAT {datanodeUUID=66ab6a68-e61f-4535-ab2f-12fe560929ed, command=[]} | ret=SUCCESS |  
2019-08-23 02:48:20,726 | INFO  | DNAudit | user=null | ip=null | op=WRITE_CHUNK {blockData=conID: 1 locID: 102664011822662157 bcsId: 0} | ret=SUCCESS |  
2019-08-23 02:48:20,729 | INFO  | DNAudit | user=null | ip=null | op=WRITE_CHUNK {blockData=conID: 1 locID: 102664011822662157 bcsId: 0} | ret=SUCCESS |  
2019-08-23 02:48:20,730 | INFO  | DNAudit | user=null | ip=null | op=WRITE_CHUNK {blockData=conID: 1 locID: 102664011822662157 bcsId: 0} | ret=SUCCESS |  
2019-08-23 02:48:20,730 | INFO  | DNAudit | user=null | ip=null | op=WRITE_CHUNK {blockData=conID: 1 locID: 102664011822662157 bcsId: 0} | ret=SUCCESS |  
2019-08-23 02:48:20,732 | INFO  | DNAudit | user=null | ip=null | op=WRITE_CHUNK {blockData=conID: 1 locID: 102664011822662157 bcsId: 0} | ret=SUCCESS |  
2019-08-23 02:48:20,732 | INFO  | DNAudit | user=null | ip=null | op=WRITE_CHUNK {blockData=conID: 1 locID: 102664011822662157 bcsId: 0} | ret=SUCCESS |  
2019-08-23 02:48:20,738 | INFO  | DNAudit | user=null | ip=null | op=WRITE_CHUNK {blockData=conID: 1 locID: 102664011822662157 bcsId: 0} | ret=SUCCESS |  
2019-08-23 02:48:20,739 | INFO  | DNAudit | user=null | ip=null | op=PUT_BLOCK {blockData=[blockId=conID: 1 locID: 102664011822662157 bcsId: 0,size=1048576]} | ret=SUCCESS |  
2019-08-23 02:48:20,739 [grpc-default-executor-6] INFO  client.GrpcClientProtocolClient (GrpcClientProtocolClient.java:onNext(255)) - client-B268B4322F32->17750241-545b-4219-93a1-14a6ea3d85be: receive RaftClientReply:client-B268B4322F32->17750241-545b-4219-93a1-14a6ea3d85be@group-C33FBD9556F2, cid=1817, SUCCESS, logIndex=2656, commits[17750241-545b-4219-93a1-14a6ea3d85be:c2657, 4eaaa090-573e-41d3-9f8c-c99e236d806a:c2655, 5f4cf9ee-4bed-49de-adaa-861aec894328:c2655]
2019-08-23 02:48:20,739 | INFO  | DNAudit | user=null | ip=null | op=WRITE_CHUNK {blockData=conID: 1 locID: 102664011822662157 bcsId: 0} | ret=SUCCESS |  
2019-08-23 02:48:20,740 | INFO  | DNAudit | user=null | ip=null | op=PUT_BLOCK {blockData=[blockId=conID: 1 locID: 102664011822662157 bcsId: 0,size=2097152]} | ret=SUCCESS |  
2019-08-23 02:48:20,740 [grpc-default-executor-2] INFO  client.GrpcClientProtocolClient (GrpcClientProtocolClient.java:onNext(255)) - client-B268B4322F32->17750241-545b-4219-93a1-14a6ea3d85be: receive RaftClientReply:client-B268B4322F32->17750241-545b-4219-93a1-14a6ea3d85be@group-C33FBD9556F2, cid=1818, SUCCESS, logIndex=2657, commits[17750241-545b-4219-93a1-14a6ea3d85be:c2657, 4eaaa090-573e-41d3-9f8c-c99e236d806a:c2655, 5f4cf9ee-4bed-49de-adaa-861aec894328:c2655]
2019-08-23 02:48:20,740 [grpc-default-executor-2] INFO  client.GrpcClientProtocolClient (GrpcClientProtocolClient.java:onNext(255)) - client-B268B4322F32->17750241-545b-4219-93a1-14a6ea3d85be: receive RaftClientReply:client-B268B4322F32->17750241-545b-4219-93a1-14a6ea3d85be@group-C33FBD9556F2, cid=1819, SUCCESS, logIndex=2658, commits[17750241-545b-4219-93a1-14a6ea3d85be:c2659, 4eaaa090-573e-41d3-9f8c-c99e236d806a:c2655, 5f4cf9ee-4bed-49de-adaa-861aec894328:c2655]
2019-08-23 02:48:20,740 [grpc-default-executor-2] INFO  client.GrpcClientProtocolClient (GrpcClientProtocolClient.java:onNext(255)) - client-B268B4322F32->17750241-545b-4219-93a1-14a6ea3d85be: receive RaftClientReply:client-B268B4322F32->17750241-545b-4219-93a1-14a6ea3d85be@group-C33FBD9556F2, cid=1820, SUCCESS, logIndex=2659, commits[17750241-545b-4219-93a1-14a6ea3d85be:c2659, 4eaaa090-573e-41d3-9f8c-c99e236d806a:c2655, 5f4cf9ee-4bed-49de-adaa-861aec894328:c2655]
2019-08-23 02:48:20,752 | INFO  | DNAudit | user=null | ip=null | op=WRITE_CHUNK {blockData=conID: 1 locID: 102664011822662157 bcsId: 0} | ret=SUCCESS |  
2019-08-23 02:48:20,752 | INFO  | DNAudit | user=null | ip=null | op=WRITE_CHUNK {blockData=conID: 1 locID: 102664011822662157 bcsId: 0} | ret=SUCCESS |  
2019-08-23 02:48:20,753 | INFO  | DNAudit | user=null | ip=null | op=PUT_BLOCK {blockData=[blockId=conID: 1 locID: 102664011822662157 bcsId: 0,size=1048576]} | ret=SUCCESS |  
2019-08-23 02:48:20,753 | INFO  | DNAudit | user=null | ip=null | op=PUT_BLOCK {blockData=[blockId=conID: 1 locID: 102664011822662157 bcsId: 0,size=1048576]} | ret=SUCCESS |  
2019-08-23 02:48:20,753 | INFO  | DNAudit | user=null | ip=null | op=WRITE_CHUNK {blockData=conID: 1 locID: 102664011822662157 bcsId: 0} | ret=SUCCESS |  
2019-08-23 02:48:20,753 | INFO  | DNAudit | user=null | ip=null | op=PUT_BLOCK {blockData=[blockId=conID: 1 locID: 102664011822662157 bcsId: 0,size=2097152]} | ret=SUCCESS |  
2019-08-23 02:48:20,753 [grpc-default-executor-2] INFO  client.GrpcClientProtocolClient (GrpcClientProtocolClient.java:onNext(255)) - client-B268B4322F32->17750241-545b-4219-93a1-14a6ea3d85be: receive RaftClientReply:client-B268B4322F32->17750241-545b-4219-93a1-14a6ea3d85be@group-C33FBD9556F2, cid=1821, SUCCESS, logIndex=0, commits[17750241-545b-4219-93a1-14a6ea3d85be:c2661, 4eaaa090-573e-41d3-9f8c-c99e236d806a:c2657, 5f4cf9ee-4bed-49de-adaa-861aec894328:c2657]
2019-08-23 02:48:20,753 | INFO  | DNAudit | user=null | ip=null | op=WRITE_CHUNK {blockData=conID: 1 locID: 102664011822662157 bcsId: 0} | ret=SUCCESS |  
2019-08-23 02:48:20,754 | INFO  | DNAudit | user=null | ip=null | op=PUT_BLOCK {blockData=[blockId=conID: 1 locID: 102664011822662157 bcsId: 0,size=2097152]} | ret=SUCCESS |  
2019-08-23 02:48:20,868 | INFO  | DNAudit | user=null | ip=null | op=WRITE_CHUNK {blockData=conID: 1 locID: 102664011822662157 bcsId: 2659} | ret=SUCCESS |  
2019-08-23 02:48:20,871 | INFO  | DNAudit | user=null | ip=null | op=WRITE_CHUNK {blockData=conID: 1 locID: 102664011822662157 bcsId: 2659} | ret=SUCCESS |  
2019-08-23 02:48:20,871 | INFO  | DNAudit | user=null | ip=null | op=WRITE_CHUNK {blockData=conID: 1 locID: 102664011822662157 bcsId: 2659} | ret=SUCCESS |  
2019-08-23 02:48:20,881 | INFO  | DNAudit | user=null | ip=null | op=WRITE_CHUNK {blockData=conID: 1 locID: 102664011822662157 bcsId: 2659} | ret=SUCCESS |  
2019-08-23 02:48:20,882 | INFO  | DNAudit | user=null | ip=null | op=PUT_BLOCK {blockData=[blockId=conID: 1 locID: 102664011822662157 bcsId: 0,size=3145728]} | ret=SUCCESS |  
2019-08-23 02:48:20,882 [grpc-default-executor-6] INFO  client.GrpcClientProtocolClient (GrpcClientProtocolClient.java:onNext(255)) - client-B268B4322F32->17750241-545b-4219-93a1-14a6ea3d85be: receive RaftClientReply:client-B268B4322F32->17750241-545b-4219-93a1-14a6ea3d85be@group-C33FBD9556F2, cid=1822, SUCCESS, logIndex=2664, commits[17750241-545b-4219-93a1-14a6ea3d85be:c2665, 4eaaa090-573e-41d3-9f8c-c99e236d806a:c2663, 5f4cf9ee-4bed-49de-adaa-861aec894328:c2663]
2019-08-23 02:48:20,883 [grpc-default-executor-6] INFO  client.GrpcClientProtocolClient (GrpcClientProtocolClient.java:onNext(255)) - client-B268B4322F32->17750241-545b-4219-93a1-14a6ea3d85be: receive RaftClientReply:client-B268B4322F32->17750241-545b-4219-93a1-14a6ea3d85be@group-C33FBD9556F2, cid=1823, SUCCESS, logIndex=2665, commits[17750241-545b-4219-93a1-14a6ea3d85be:c2665, 4eaaa090-573e-41d3-9f8c-c99e236d806a:c2663, 5f4cf9ee-4bed-49de-adaa-861aec894328:c2663]
2019-08-23 02:48:20,887 | INFO  | SCMAudit | user=jenkins1000 | ip=192.168.34.22 | op=SEND_HEARTBEAT {datanodeUUID=0cedf437-a8af-4d70-bac5-ea9863093e86, command=[]} | ret=SUCCESS |  
2019-08-23 02:48:20,891 | INFO  | DNAudit | user=null | ip=null | op=WRITE_CHUNK {blockData=conID: 1 locID: 102664011822662157 bcsId: 2665} | ret=SUCCESS |  
2019-08-23 02:48:20,893 | INFO  | DNAudit | user=null | ip=null | op=WRITE_CHUNK {blockData=conID: 1 locID: 102664011822662157 bcsId: 2665} | ret=SUCCESS |  
2019-08-23 02:48:20,894 | INFO  | DNAudit | user=null | ip=null | op=WRITE_CHUNK {blockData=conID: 1 locID: 102664011822662157 bcsId: 2659} | ret=SUCCESS |  
2019-08-23 02:48:20,894 | INFO  | DNAudit | user=null | ip=null | op=WRITE_CHUNK {blockData=conID: 1 locID: 102664011822662157 bcsId: 2659} | ret=SUCCESS |  
2019-08-23 02:48:20,894 | INFO  | DNAudit | user=null | ip=null | op=WRITE_CHUNK {blockData=conID: 1 locID: 102664011822662157 bcsId: 2665} | ret=SUCCESS |  
2019-08-23 02:48:20,894 | INFO  | DNAudit | user=null | ip=null | op=PUT_BLOCK {blockData=[blockId=conID: 1 locID: 102664011822662157 bcsId: 0,size=3145728]} | ret=SUCCESS |  
2019-08-23 02:48:20,894 | INFO  | DNAudit | user=null | ip=null | op=PUT_BLOCK {blockData=[blockId=conID: 1 locID: 102664011822662157 bcsId: 0,size=3145728]} | ret=SUCCESS |  
2019-08-23 02:48:20,895 | INFO  | DNAudit | user=null | ip=null | op=WRITE_CHUNK {blockData=conID: 1 locID: 102664011822662157 bcsId: 2665} | ret=SUCCESS |  
2019-08-23 02:48:20,896 | INFO  | DNAudit | user=null | ip=null | op=PUT_BLOCK {blockData=[blockId=conID: 1 locID: 102664011822662157 bcsId: 0,size=4194304]} | ret=SUCCESS |  
2019-08-23 02:48:20,896 [grpc-default-executor-1] INFO  client.GrpcClientProtocolClient (GrpcClientProtocolClient.java:onNext(255)) - client-B268B4322F32->17750241-545b-4219-93a1-14a6ea3d85be: receive RaftClientReply:client-B268B4322F32->17750241-545b-4219-93a1-14a6ea3d85be@group-C33FBD9556F2, cid=1824, SUCCESS, logIndex=2668, commits[17750241-545b-4219-93a1-14a6ea3d85be:c2669, 4eaaa090-573e-41d3-9f8c-c99e236d806a:c2665, 5f4cf9ee-4bed-49de-adaa-861aec894328:c2665]
2019-08-23 02:48:20,897 | INFO  | DNAudit | user=null | ip=null | op=WRITE_CHUNK {blockData=conID: 1 locID: 102664011822662157 bcsId: 2665} | ret=SUCCESS |  
2019-08-23 02:48:20,897 [grpc-default-executor-6] INFO  client.GrpcClientProtocolClient (GrpcClientProtocolClient.java:onNext(255)) - client-B268B4322F32->17750241-545b-4219-93a1-14a6ea3d85be: receive RaftClientReply:client-B268B4322F32->17750241-545b-4219-93a1-14a6ea3d85be@group-C33FBD9556F2, cid=1825, SUCCESS, logIndex=2669, commits[17750241-545b-4219-93a1-14a6ea3d85be:c2669, 4eaaa090-573e-41d3-9f8c-c99e236d806a:c2665, 5f4cf9ee-4bed-49de-adaa-861aec894328:c2665]
2019-08-23 02:48:20,899 | INFO  | DNAudit | user=null | ip=null | op=WRITE_CHUNK {blockData=conID: 1 locID: 102664011822662157 bcsId: 2665} | ret=SUCCESS |  
2019-08-23 02:48:20,910 | INFO  | DNAudit | user=null | ip=null | op=PUT_BLOCK {blockData=[blockId=conID: 1 locID: 102664011822662157 bcsId: 0,size=4194304]} | ret=SUCCESS |  
2019-08-23 02:48:20,910 | INFO  | DNAudit | user=null | ip=null | op=PUT_BLOCK {blockData=[blockId=conID: 1 locID: 102664011822662157 bcsId: 0,size=4194304]} | ret=SUCCESS |  
2019-08-23 02:48:20,911 [grpc-default-executor-6] INFO  client.GrpcClientProtocolClient (GrpcClientProtocolClient.java:onNext(255)) - client-B268B4322F32->17750241-545b-4219-93a1-14a6ea3d85be: receive RaftClientReply:client-B268B4322F32->17750241-545b-4219-93a1-14a6ea3d85be@group-C33FBD9556F2, cid=1826, SUCCESS, logIndex=0, commits[17750241-545b-4219-93a1-14a6ea3d85be:c2671, 4eaaa090-573e-41d3-9f8c-c99e236d806a:c2669, 5f4cf9ee-4bed-49de-adaa-861aec894328:c2669]
2019-08-23 02:48:20,913 | INFO  | SCMAudit | user=jenkins1000 | ip=192.168.34.22 | op=ALLOCATE_BLOCK {owner=31d65bc3-3f70-45f5-bbc5-e3a15f967ba6, size=4194304, type=RATIS, factor=THREE} | ret=SUCCESS |  
2019-08-23 02:48:20,917 | INFO  | OMAudit | user=jenkins1000 | ip=127.0.0.1 | op=ALLOCATE_BLOCK {volume=vol-0-78052, bucket=bucket-0-33874, key=key-0-20719, dataSize=2147483657, replicationType=RATIS, replicationFactor=THREE, keyLocationInfo=[], clientID=102664010308846034} | ret=SUCCESS |  
2019-08-23 02:48:20,929 | INFO  | DNAudit | user=null | ip=null | op=WRITE_CHUNK {blockData=conID: 2 locID: 102664011835834894 bcsId: 0} | ret=SUCCESS |  
2019-08-23 02:48:20,932 | INFO  | DNAudit | user=null | ip=null | op=WRITE_CHUNK {blockData=conID: 2 locID: 102664011835834894 bcsId: 0} | ret=SUCCESS |  
2019-08-23 02:48:20,933 | INFO  | DNAudit | user=null | ip=null | op=WRITE_CHUNK {blockData=conID: 2 locID: 102664011835834894 bcsId: 0} | ret=SUCCESS |  
2019-08-23 02:48:20,934 | INFO  | DNAudit | user=null | ip=null | op=WRITE_CHUNK {blockData=conID: 2 locID: 102664011835834894 bcsId: 0} | ret=SUCCESS |  
2019-08-23 02:48:20,936 | INFO  | DNAudit | user=null | ip=null | op=WRITE_CHUNK {blockData=conID: 2 locID: 102664011835834894 bcsId: 0} | ret=SUCCESS |  
2019-08-23 02:48:20,936 | INFO  | DNAudit | user=null | ip=null | op=WRITE_CHUNK {blockData=conID: 2 locID: 102664011835834894 bcsId: 0} | ret=SUCCESS |  
2019-08-23 02:48:20,942 | INFO  | DNAudit | user=null | ip=null | op=WRITE_CHUNK {blockData=conID: 2 locID: 102664011835834894 bcsId: 0} | ret=SUCCESS |  
2019-08-23 02:48:20,943 | INFO  | DNAudit | user=null | ip=null | op=PUT_BLOCK {blockData=[blockId=conID: 2 locID: 102664011835834894 bcsId: 0,size=1048576]} | ret=SUCCESS |  
2019-08-23 02:48:20,943 [grpc-default-executor-1] INFO  client.GrpcClientProtocolClient (GrpcClientProtocolClient.java:onNext(255)) - client-B268B4322F32->17750241-545b-4219-93a1-14a6ea3d85be: receive RaftClientReply:client-B268B4322F32->17750241-545b-4219-93a1-14a6ea3d85be@group-C33FBD9556F2, cid=1827, SUCCESS, logIndex=2672, commits[17750241-545b-4219-93a1-14a6ea3d85be:c2673, 4eaaa090-573e-41d3-9f8c-c99e236d806a:c2671, 5f4cf9ee-4bed-49de-adaa-861aec894328:c2671]
2019-08-23 02:48:20,943 [grpc-default-executor-1] INFO  client.GrpcClientProtocolClient (GrpcClientProtocolClient.java:onNext(255)) - client-B268B4322F32->17750241-545b-4219-93a1-14a6ea3d85be: receive RaftClientReply:client-B268B4322F32->17750241-545b-4219-93a1-14a6ea3d85be@group-C33FBD9556F2, cid=1828, SUCCESS, logIndex=2673, commits[17750241-545b-4219-93a1-14a6ea3d85be:c2673, 4eaaa090-573e-41d3-9f8c-c99e236d806a:c2671, 5f4cf9ee-4bed-49de-adaa-861aec894328:c2671]
2019-08-23 02:48:20,945 | INFO  | DNAudit | user=null | ip=null | op=WRITE_CHUNK {blockData=conID: 2 locID: 102664011835834894 bcsId: 0} | ret=SUCCESS |  
2019-08-23 02:48:20,945 | INFO  | DNAudit | user=null | ip=null | op=PUT_BLOCK {blockData=[blockId=conID: 2 locID: 102664011835834894 bcsId: 0,size=2097152]} | ret=SUCCESS |  
2019-08-23 02:48:20,945 [grpc-default-executor-2] INFO  client.GrpcClientProtocolClient (GrpcClientProtocolClient.java:onNext(255)) - client-B268B4322F32->17750241-545b-4219-93a1-14a6ea3d85be: receive RaftClientReply:client-B268B4322F32->17750241-545b-4219-93a1-14a6ea3d85be@group-C33FBD9556F2, cid=1829, SUCCESS, logIndex=2674, commits[17750241-545b-4219-93a1-14a6ea3d85be:c2675, 4eaaa090-573e-41d3-9f8c-c99e236d806a:c2671, 5f4cf9ee-4bed-49de-adaa-861aec894328:c2671]
2019-08-23 02:48:20,946 [grpc-default-executor-2] INFO  client.GrpcClientProtocolClient (GrpcClientProtocolClient.java:onNext(255)) - client-B268B4322F32->17750241-545b-4219-93a1-14a6ea3d85be: receive RaftClientReply:client-B268B4322F32->17750241-545b-4219-93a1-14a6ea3d85be@group-C33FBD9556F2, cid=1830, SUCCESS, logIndex=2675, commits[17750241-545b-4219-93a1-14a6ea3d85be:c2675, 4eaaa090-573e-41d3-9f8c-c99e236d806a:c2671, 5f4cf9ee-4bed-49de-adaa-861aec894328:c2671]
2019-08-23 02:48:20,957 | INFO  | DNAudit | user=null | ip=null | op=WRITE_CHUNK {blockData=conID: 2 locID: 102664011835834894 bcsId: 0} | ret=SUCCESS |  
2019-08-23 02:48:20,958 | INFO  | DNAudit | user=null | ip=null | op=PUT_BLOCK {blockData=[blockId=conID: 2 locID: 102664011835834894 bcsId: 0,size=1048576]} | ret=SUCCESS |  
2019-08-23 02:48:20,959 | INFO  | DNAudit | user=null | ip=null | op=WRITE_CHUNK {blockData=conID: 2 locID: 102664011835834894 bcsId: 0} | ret=SUCCESS |  
2019-08-23 02:48:20,959 | INFO  | DNAudit | user=null | ip=null | op=PUT_BLOCK {blockData=[blockId=conID: 2 locID: 102664011835834894 bcsId: 0,size=2097152]} | ret=SUCCESS |  
2019-08-23 02:48:20,959 | INFO  | DNAudit | user=null | ip=null | op=WRITE_CHUNK {blockData=conID: 2 locID: 102664011835834894 bcsId: 0} | ret=SUCCESS |  
2019-08-23 02:48:20,960 | INFO  | DNAudit | user=null | ip=null | op=PUT_BLOCK {blockData=[blockId=conID: 2 locID: 102664011835834894 bcsId: 0,size=1048576]} | ret=SUCCESS |  
2019-08-23 02:48:20,960 | INFO  | DNAudit | user=null | ip=null | op=WRITE_CHUNK {blockData=conID: 2 locID: 102664011835834894 bcsId: 0} | ret=SUCCESS |  
2019-08-23 02:48:20,960 | INFO  | DNAudit | user=null | ip=null | op=PUT_BLOCK {blockData=[blockId=conID: 2 locID: 102664011835834894 bcsId: 0,size=2097152]} | ret=SUCCESS |  
2019-08-23 02:48:20,960 [grpc-default-executor-2] INFO  client.GrpcClientProtocolClient (GrpcClientProtocolClient.java:onNext(255)) - client-B268B4322F32->17750241-545b-4219-93a1-14a6ea3d85be: receive RaftClientReply:client-B268B4322F32->17750241-545b-4219-93a1-14a6ea3d85be@group-C33FBD9556F2, cid=1831, SUCCESS, logIndex=0, commits[17750241-545b-4219-93a1-14a6ea3d85be:c2679, 4eaaa090-573e-41d3-9f8c-c99e236d806a:c2675, 5f4cf9ee-4bed-49de-adaa-861aec894328:c2675]
2019-08-23 02:48:20,969 | INFO  | DNAudit | user=null | ip=null | op=WRITE_CHUNK {blockData=conID: 2 locID: 102664011835834894 bcsId: 2675} | ret=SUCCESS |  
2019-08-23 02:48:20,972 | INFO  | DNAudit | user=null | ip=null | op=WRITE_CHUNK {blockData=conID: 2 locID: 102664011835834894 bcsId: 2675} | ret=SUCCESS |  
2019-08-23 02:48:20,972 | INFO  | DNAudit | user=null | ip=null | op=WRITE_CHUNK {blockData=conID: 2 locID: 102664011835834894 bcsId: 2675} | ret=SUCCESS |  
2019-08-23 02:48:20,981 | INFO  | DNAudit | user=null | ip=null | op=WRITE_CHUNK {blockData=conID: 2 locID: 102664011835834894 bcsId: 2675} | ret=SUCCESS |  
2019-08-23 02:48:20,982 | INFO  | DNAudit | user=null | ip=null | op=PUT_BLOCK {blockData=[blockId=conID: 2 locID: 102664011835834894 bcsId: 0,size=3145728]} | ret=SUCCESS |  
2019-08-23 02:48:20,982 [grpc-default-executor-2] INFO  client.GrpcClientProtocolClient (GrpcClientProtocolClient.java:onNext(255)) - client-B268B4322F32->17750241-545b-4219-93a1-14a6ea3d85be: receive RaftClientReply:client-B268B4322F32->17750241-545b-4219-93a1-14a6ea3d85be@group-C33FBD9556F2, cid=1832, SUCCESS, logIndex=2680, commits[17750241-545b-4219-93a1-14a6ea3d85be:c2681, 4eaaa090-573e-41d3-9f8c-c99e236d806a:c2679, 5f4cf9ee-4bed-49de-adaa-861aec894328:c2679]
2019-08-23 02:48:20,982 [grpc-default-executor-2] INFO  client.GrpcClientProtocolClient (GrpcClientProtocolClient.java:onNext(255)) - client-B268B4322F32->17750241-545b-4219-93a1-14a6ea3d85be: receive RaftClientReply:client-B268B4322F32->17750241-545b-4219-93a1-14a6ea3d85be@group-C33FBD9556F2, cid=1833, SUCCESS, logIndex=2681, commits[17750241-545b-4219-93a1-14a6ea3d85be:c2681, 4eaaa090-573e-41d3-9f8c-c99e236d806a:c2679, 5f4cf9ee-4bed-49de-adaa-861aec894328:c2679]
2019-08-23 02:48:20,989 | INFO  | DNAudit | user=null | ip=null | op=WRITE_CHUNK {blockData=conID: 2 locID: 102664011835834894 bcsId: 2681} | ret=SUCCESS |  
2019-08-23 02:48:20,992 | INFO  | DNAudit | user=null | ip=null | op=WRITE_CHUNK {blockData=conID: 2 locID: 102664011835834894 bcsId: 2681} | ret=SUCCESS |  
2019-08-23 02:48:20,992 | INFO  | DNAudit | user=null | ip=null | op=WRITE_CHUNK {blockData=conID: 2 locID: 102664011835834894 bcsId: 2675} | ret=SUCCESS |  
2019-08-23 02:48:20,992 | INFO  | DNAudit | user=null | ip=null | op=WRITE_CHUNK {blockData=conID: 2 locID: 102664011835834894 bcsId: 2681} | ret=SUCCESS |  
2019-08-23 02:48:20,992 | INFO  | DNAudit | user=null | ip=null | op=WRITE_CHUNK {blockData=conID: 2 locID: 102664011835834894 bcsId: 2675} | ret=SUCCESS |  
2019-08-23 02:48:20,994 | INFO  | DNAudit | user=null | ip=null | op=PUT_BLOCK {blockData=[blockId=conID: 2 locID: 102664011835834894 bcsId: 0,size=3145728]} | ret=SUCCESS |  
2019-08-23 02:48:20,994 | INFO  | DNAudit | user=null | ip=null | op=WRITE_CHUNK {blockData=conID: 2 locID: 102664011835834894 bcsId: 2681} | ret=SUCCESS |  
2019-08-23 02:48:20,994 | INFO  | DNAudit | user=null | ip=null | op=PUT_BLOCK {blockData=[blockId=conID: 2 locID: 102664011835834894 bcsId: 0,size=3145728]} | ret=SUCCESS |  
2019-08-23 02:48:20,995 | INFO  | DNAudit | user=null | ip=null | op=PUT_BLOCK {blockData=[blockId=conID: 2 locID: 102664011835834894 bcsId: 0,size=4194304]} | ret=SUCCESS |  
2019-08-23 02:48:20,995 [grpc-default-executor-5] INFO  client.GrpcClientProtocolClient (GrpcClientProtocolClient.java:onNext(255)) - client-B268B4322F32->17750241-545b-4219-93a1-14a6ea3d85be: receive RaftClientReply:client-B268B4322F32->17750241-545b-4219-93a1-14a6ea3d85be@group-C33FBD9556F2, cid=1834, SUCCESS, logIndex=2684, commits[17750241-545b-4219-93a1-14a6ea3d85be:c2685, 4eaaa090-573e-41d3-9f8c-c99e236d806a:c2680, 5f4cf9ee-4bed-49de-adaa-861aec894328:c2681]
2019-08-23 02:48:20,995 [grpc-default-executor-5] INFO  client.GrpcClientProtocolClient (GrpcClientProtocolClient.java:onNext(255)) - client-B268B4322F32->17750241-545b-4219-93a1-14a6ea3d85be: receive RaftClientReply:client-B268B4322F32->17750241-545b-4219-93a1-14a6ea3d85be@group-C33FBD9556F2, cid=1835, SUCCESS, logIndex=2685, commits[17750241-545b-4219-93a1-14a6ea3d85be:c2685, 4eaaa090-573e-41d3-9f8c-c99e236d806a:c2681, 5f4cf9ee-4bed-49de-adaa-861aec894328:c2681]
2019-08-23 02:48:20,995 | INFO  | DNAudit | user=null | ip=null | op=WRITE_CHUNK {blockData=conID: 2 locID: 102664011835834894 bcsId: 2681} | ret=SUCCESS |  
2019-08-23 02:48:20,996 | INFO  | DNAudit | user=null | ip=null | op=PUT_BLOCK {blockData=[blockId=conID: 2 locID: 102664011835834894 bcsId: 0,size=4194304]} | ret=SUCCESS |  
2019-08-23 02:48:20,998 | INFO  | DNAudit | user=null | ip=null | op=WRITE_CHUNK {blockData=conID: 2 locID: 102664011835834894 bcsId: 2681} | ret=SUCCESS |  
2019-08-23 02:48:20,998 | INFO  | DNAudit | user=null | ip=null | op=PUT_BLOCK {blockData=[blockId=conID: 2 locID: 102664011835834894 bcsId: 0,size=4194304]} | ret=SUCCESS |  
2019-08-23 02:48:20,998 [grpc-default-executor-5] INFO  client.GrpcClientProtocolClient (GrpcClientProtocolClient.java:onNext(255)) - client-B268B4322F32->17750241-545b-4219-93a1-14a6ea3d85be: receive RaftClientReply:client-B268B4322F32->17750241-545b-4219-93a1-14a6ea3d85be@group-C33FBD9556F2, cid=1836, SUCCESS, logIndex=0, commits[17750241-545b-4219-93a1-14a6ea3d85be:c2686, 4eaaa090-573e-41d3-9f8c-c99e236d806a:c2685, 5f4cf9ee-4bed-49de-adaa-861aec894328:c2685]
2019-08-23 02:48:21,000 | INFO  | SCMAudit | user=jenkins1000 | ip=192.168.34.22 | op=ALLOCATE_BLOCK {owner=31d65bc3-3f70-45f5-bbc5-e3a15f967ba6, size=4194304, type=RATIS, factor=THREE} | ret=SUCCESS |  
2019-08-23 02:48:21,003 | INFO  | OMAudit | user=jenkins1000 | ip=127.0.0.1 | op=ALLOCATE_BLOCK {volume=vol-0-78052, bucket=bucket-0-33874, key=key-0-20719, dataSize=2147483657, replicationType=RATIS, replicationFactor=THREE, keyLocationInfo=[], clientID=102664010308846034} | ret=SUCCESS |  
2019-08-23 02:48:21,014 | INFO  | DNAudit | user=null | ip=null | op=WRITE_CHUNK {blockData=conID: 3 locID: 102664011841536527 bcsId: 0} | ret=SUCCESS |  
2019-08-23 02:48:21,016 | INFO  | DNAudit | user=null | ip=null | op=WRITE_CHUNK {blockData=conID: 3 locID: 102664011841536527 bcsId: 0} | ret=SUCCESS |  
2019-08-23 02:48:21,016 | INFO  | DNAudit | user=null | ip=null | op=WRITE_CHUNK {blockData=conID: 3 locID: 102664011841536527 bcsId: 0} | ret=SUCCESS |  
2019-08-23 02:48:21,017 | INFO  | DNAudit | user=null | ip=null | op=WRITE_CHUNK {blockData=conID: 3 locID: 102664011841536527 bcsId: 0} | ret=SUCCESS |  
2019-08-23 02:48:21,019 | INFO  | DNAudit | user=null | ip=null | op=WRITE_CHUNK {blockData=conID: 3 locID: 102664011841536527 bcsId: 0} | ret=SUCCESS |  
2019-08-23 02:48:21,019 | INFO  | DNAudit | user=null | ip=null | op=WRITE_CHUNK {blockData=conID: 3 locID: 102664011841536527 bcsId: 0} | ret=SUCCESS |  
2019-08-23 02:48:21,031 | INFO  | DNAudit | user=null | ip=null | op=WRITE_CHUNK {blockData=conID: 3 locID: 102664011841536527 bcsId: 0} | ret=SUCCESS |  
2019-08-23 02:48:21,032 | INFO  | DNAudit | user=null | ip=null | op=PUT_BLOCK {blockData=[blockId=conID: 3 locID: 102664011841536527 bcsId: 0,size=1048576]} | ret=SUCCESS |  
2019-08-23 02:48:21,032 [grpc-default-executor-2] INFO  client.GrpcClientProtocolClient (GrpcClientProtocolClient.java:onNext(255)) - client-B268B4322F32->17750241-545b-4219-93a1-14a6ea3d85be: receive RaftClientReply:client-B268B4322F32->17750241-545b-4219-93a1-14a6ea3d85be@group-C33FBD9556F2, cid=1837, SUCCESS, logIndex=2688, commits[17750241-545b-4219-93a1-14a6ea3d85be:c2689, 4eaaa090-573e-41d3-9f8c-c99e236d806a:c2687, 5f4cf9ee-4bed-49de-adaa-861aec894328:c2685]
2019-08-23 02:48:21,033 | INFO  | DNAudit | user=null | ip=null | op=WRITE_CHUNK {blockData=conID: 3 locID: 102664011841536527 bcsId: 0} | ret=SUCCESS |  
2019-08-23 02:48:21,033 [grpc-default-executor-5] INFO  client.GrpcClientProtocolClient (GrpcClientProtocolClient.java:onNext(255)) - client-B268B4322F32->17750241-545b-4219-93a1-14a6ea3d85be: receive RaftClientReply:client-B268B4322F32->17750241-545b-4219-93a1-14a6ea3d85be@group-C33FBD9556F2, cid=1838, SUCCESS, logIndex=2689, commits[17750241-545b-4219-93a1-14a6ea3d85be:c2689, 4eaaa090-573e-41d3-9f8c-c99e236d806a:c2687, 5f4cf9ee-4bed-49de-adaa-861aec894328:c2687]
2019-08-23 02:48:21,033 | INFO  | DNAudit | user=null | ip=null | op=PUT_BLOCK {blockData=[blockId=conID: 3 locID: 102664011841536527 bcsId: 0,size=2097152]} | ret=SUCCESS |  
2019-08-23 02:48:21,033 [grpc-default-executor-5] INFO  client.GrpcClientProtocolClient (GrpcClientProtocolClient.java:onNext(255)) - client-B268B4322F32->17750241-545b-4219-93a1-14a6ea3d85be: receive RaftClientReply:client-B268B4322F32->17750241-545b-4219-93a1-14a6ea3d85be@group-C33FBD9556F2, cid=1839, SUCCESS, logIndex=2690, commits[17750241-545b-4219-93a1-14a6ea3d85be:c2691, 4eaaa090-573e-41d3-9f8c-c99e236d806a:c2687, 5f4cf9ee-4bed-49de-adaa-861aec894328:c2687]
2019-08-23 02:48:21,034 [grpc-default-executor-5] INFO  client.GrpcClientProtocolClient (GrpcClientProtocolClient.java:onNext(255)) - client-B268B4322F32->17750241-545b-4219-93a1-14a6ea3d85be: receive RaftClientReply:client-B268B4322F32->17750241-545b-4219-93a1-14a6ea3d85be@group-C33FBD9556F2, cid=1840, SUCCESS, logIndex=2691, commits[17750241-545b-4219-93a1-14a6ea3d85be:c2691, 4eaaa090-573e-41d3-9f8c-c99e236d806a:c2687, 5f4cf9ee-4bed-49de-adaa-861aec894328:c2687]
2019-08-23 02:48:21,044 | INFO  | DNAudit | user=null | ip=null | op=WRITE_CHUNK {blockData=conID: 3 locID: 102664011841536527 bcsId: 0} | ret=SUCCESS |  
2019-08-23 02:48:21,044 | INFO  | DNAudit | user=null | ip=null | op=WRITE_CHUNK {blockData=conID: 3 locID: 102664011841536527 bcsId: 0} | ret=SUCCESS |  
2019-08-23 02:48:21,044 | INFO  | DNAudit | user=null | ip=null | op=PUT_BLOCK {blockData=[blockId=conID: 3 locID: 102664011841536527 bcsId: 0,size=1048576]} | ret=SUCCESS |  
2019-08-23 02:48:21,045 | INFO  | DNAudit | user=null | ip=null | op=PUT_BLOCK {blockData=[blockId=conID: 3 locID: 102664011841536527 bcsId: 0,size=1048576]} | ret=SUCCESS |  
2019-08-23 02:48:21,045 | INFO  | DNAudit | user=null | ip=null | op=WRITE_CHUNK {blockData=conID: 3 locID: 102664011841536527 bcsId: 0} | ret=SUCCESS |  
2019-08-23 02:48:21,045 | INFO  | DNAudit | user=null | ip=null | op=PUT_BLOCK {blockData=[blockId=conID: 3 locID: 102664011841536527 bcsId: 0,size=2097152]} | ret=SUCCESS |  
2019-08-23 02:48:21,045 [grpc-default-executor-5] INFO  client.GrpcClientProtocolClient (GrpcClientProtocolClient.java:onNext(255)) - client-B268B4322F32->17750241-545b-4219-93a1-14a6ea3d85be: receive RaftClientReply:client-B268B4322F32->17750241-545b-4219-93a1-14a6ea3d85be@group-C33FBD9556F2, cid=1841, SUCCESS, logIndex=0, commits[17750241-545b-4219-93a1-14a6ea3d85be:c2692, 4eaaa090-573e-41d3-9f8c-c99e236d806a:c2689, 5f4cf9ee-4bed-49de-adaa-861aec894328:c2689]
2019-08-23 02:48:21,046 | INFO  | DNAudit | user=null | ip=null | op=WRITE_CHUNK {blockData=conID: 3 locID: 102664011841536527 bcsId: 0} | ret=SUCCESS |  
2019-08-23 02:48:21,046 | INFO  | DNAudit | user=null | ip=null | op=PUT_BLOCK {blockData=[blockId=conID: 3 locID: 102664011841536527 bcsId: 0,size=2097152]} | ret=SUCCESS |  
2019-08-23 02:48:21,053 | INFO  | DNAudit | user=null | ip=null | op=WRITE_CHUNK {blockData=conID: 3 locID: 102664011841536527 bcsId: 2691} | ret=SUCCESS |  
2019-08-23 02:48:21,054 | INFO  | DNAudit | user=null | ip=null | op=WRITE_CHUNK {blockData=conID: 3 locID: 102664011841536527 bcsId: 2691} | ret=SUCCESS |  
2019-08-23 02:48:21,055 | INFO  | DNAudit | user=null | ip=null | op=WRITE_CHUNK {blockData=conID: 3 locID: 102664011841536527 bcsId: 2691} | ret=SUCCESS |  
2019-08-23 02:48:21,065 | INFO  | DNAudit | user=null | ip=null | op=WRITE_CHUNK {blockData=conID: 3 locID: 102664011841536527 bcsId: 2691} | ret=SUCCESS |  
2019-08-23 02:48:21,066 | INFO  | DNAudit | user=null | ip=null | op=PUT_BLOCK {blockData=[blockId=conID: 3 locID: 102664011841536527 bcsId: 0,size=3145728]} | ret=SUCCESS |  
2019-08-23 02:48:21,066 [grpc-default-executor-2] INFO  client.GrpcClientProtocolClient (GrpcClientProtocolClient.java:onNext(255)) - client-B268B4322F32->17750241-545b-4219-93a1-14a6ea3d85be: receive RaftClientReply:client-B268B4322F32->17750241-545b-4219-93a1-14a6ea3d85be@group-C33FBD9556F2, cid=1842, SUCCESS, logIndex=2694, commits[17750241-545b-4219-93a1-14a6ea3d85be:c2695, 4eaaa090-573e-41d3-9f8c-c99e236d806a:c2693, 5f4cf9ee-4bed-49de-adaa-861aec894328:c2693]
2019-08-23 02:48:21,066 [grpc-default-executor-2] INFO  client.GrpcClientProtocolClient (GrpcClientProtocolClient.java:onNext(255)) - client-B268B4322F32->17750241-545b-4219-93a1-14a6ea3d85be: receive RaftClientReply:client-B268B4322F32->17750241-545b-4219-93a1-14a6ea3d85be@group-C33FBD9556F2, cid=1843, SUCCESS, logIndex=2695, commits[17750241-545b-4219-93a1-14a6ea3d85be:c2695, 4eaaa090-573e-41d3-9f8c-c99e236d806a:c2693, 5f4cf9ee-4bed-49de-adaa-861aec894328:c2693]
2019-08-23 02:48:21,075 | INFO  | DNAudit | user=null | ip=null | op=WRITE_CHUNK {blockData=conID: 3 locID: 102664011841536527 bcsId: 2695} | ret=SUCCESS |  
2019-08-23 02:48:21,077 | INFO  | DNAudit | user=null | ip=null | op=WRITE_CHUNK {blockData=conID: 3 locID: 102664011841536527 bcsId: 2691} | ret=SUCCESS |  
2019-08-23 02:48:21,077 | INFO  | DNAudit | user=null | ip=null | op=WRITE_CHUNK {blockData=conID: 3 locID: 102664011841536527 bcsId: 2691} | ret=SUCCESS |  
2019-08-23 02:48:21,077 | INFO  | DNAudit | user=null | ip=null | op=WRITE_CHUNK {blockData=conID: 3 locID: 102664011841536527 bcsId: 2695} | ret=SUCCESS |  
2019-08-23 02:48:21,077 | INFO  | DNAudit | user=null | ip=null | op=WRITE_CHUNK {blockData=conID: 3 locID: 102664011841536527 bcsId: 2695} | ret=SUCCESS |  
2019-08-23 02:48:21,088 | INFO  | DNAudit | user=null | ip=null | op=PUT_BLOCK {blockData=[blockId=conID: 3 locID: 102664011841536527 bcsId: 0,size=3145728]} | ret=SUCCESS |  
2019-08-23 02:48:21,089 | INFO  | DNAudit | user=null | ip=null | op=PUT_BLOCK {blockData=[blockId=conID: 3 locID: 102664011841536527 bcsId: 0,size=3145728]} | ret=SUCCESS |  
2019-08-23 02:48:21,089 | INFO  | DNAudit | user=null | ip=null | op=WRITE_CHUNK {blockData=conID: 3 locID: 102664011841536527 bcsId: 2695} | ret=SUCCESS |  
2019-08-23 02:48:21,090 | INFO  | DNAudit | user=null | ip=null | op=PUT_BLOCK {blockData=[blockId=conID: 3 locID: 102664011841536527 bcsId: 0,size=4194304]} | ret=SUCCESS |  
2019-08-23 02:48:21,090 [grpc-default-executor-5] INFO  client.GrpcClientProtocolClient (GrpcClientProtocolClient.java:onNext(255)) - client-B268B4322F32->17750241-545b-4219-93a1-14a6ea3d85be: receive RaftClientReply:client-B268B4322F32->17750241-545b-4219-93a1-14a6ea3d85be@group-C33FBD9556F2, cid=1844, SUCCESS, logIndex=2698, commits[17750241-545b-4219-93a1-14a6ea3d85be:c2699, 4eaaa090-573e-41d3-9f8c-c99e236d806a:c2695, 5f4cf9ee-4bed-49de-adaa-861aec894328:c2695]
2019-08-23 02:48:21,090 [grpc-default-executor-5] INFO  client.GrpcClientProtocolClient (GrpcClientProtocolClient.java:onNext(255)) - client-B268B4322F32->17750241-545b-4219-93a1-14a6ea3d85be: receive RaftClientReply:client-B268B4322F32->17750241-545b-4219-93a1-14a6ea3d85be@group-C33FBD9556F2, cid=1845, SUCCESS, logIndex=2699, commits[17750241-545b-4219-93a1-14a6ea3d85be:c2699, 4eaaa090-573e-41d3-9f8c-c99e236d806a:c2695, 5f4cf9ee-4bed-49de-adaa-861aec894328:c2695]
2019-08-23 02:48:21,092 | INFO  | DNAudit | user=null | ip=null | op=WRITE_CHUNK {blockData=conID: 3 locID: 102664011841536527 bcsId: 2695} | ret=SUCCESS |  
2019-08-23 02:48:21,092 | INFO  | DNAudit | user=null | ip=null | op=WRITE_CHUNK {blockData=conID: 3 locID: 102664011841536527 bcsId: 2695} | ret=SUCCESS |  
2019-08-23 02:48:21,104 | INFO  | DNAudit | user=null | ip=null | op=PUT_BLOCK {blockData=[blockId=conID: 3 locID: 102664011841536527 bcsId: 0,size=4194304]} | ret=SUCCESS |  
2019-08-23 02:48:21,104 | INFO  | DNAudit | user=null | ip=null | op=PUT_BLOCK {blockData=[blockId=conID: 3 locID: 102664011841536527 bcsId: 0,size=4194304]} | ret=SUCCESS |  
2019-08-23 02:48:21,104 [grpc-default-executor-2] INFO  client.GrpcClientProtocolClient (GrpcClientProtocolClient.java:onNext(255)) - client-B268B4322F32->17750241-545b-4219-93a1-14a6ea3d85be: receive RaftClientReply:client-B268B4322F32->17750241-545b-4219-93a1-14a6ea3d85be@group-C33FBD9556F2, cid=1846, SUCCESS, logIndex=0, commits[17750241-545b-4219-93a1-14a6ea3d85be:c2701, 4eaaa090-573e-41d3-9f8c-c99e236d806a:c2699, 5f4cf9ee-4bed-49de-adaa-861aec894328:c2699]
2019-08-23 02:48:21,107 | INFO  | SCMAudit | user=jenkins1000 | ip=192.168.34.22 | op=ALLOCATE_BLOCK {owner=31d65bc3-3f70-45f5-bbc5-e3a15f967ba6, size=4194304, type=RATIS, factor=THREE} | ret=SUCCESS |  
2019-08-23 02:48:21,111 | INFO  | OMAudit | user=jenkins1000 | ip=127.0.0.1 | op=ALLOCATE_BLOCK {volume=vol-0-78052, bucket=bucket-0-33874, key=key-0-20719, dataSize=2147483657, replicationType=RATIS, replicationFactor=THREE, keyLocationInfo=[], clientID=102664010308846034} | ret=SUCCESS |  
2019-08-23 02:48:21,123 | INFO  | DNAudit | user=null | ip=null | op=WRITE_CHUNK {blockData=conID: 1 locID: 102664011848548880 bcsId: 0} | ret=SUCCESS |  
2019-08-23 02:48:21,127 | INFO  | DNAudit | user=null | ip=null | op=WRITE_CHUNK {blockData=conID: 1 locID: 102664011848548880 bcsId: 0} | ret=SUCCESS |  
2019-08-23 02:48:21,128 | INFO  | DNAudit | user=null | ip=null | op=WRITE_CHUNK {blockData=conID: 1 locID: 102664011848548880 bcsId: 0} | ret=SUCCESS |  
2019-08-23 02:48:21,128 | INFO  | DNAudit | user=null | ip=null | op=WRITE_CHUNK {blockData=conID: 1 locID: 102664011848548880 bcsId: 0} | ret=SUCCESS |  
2019-08-23 02:48:21,130 | INFO  | DNAudit | user=null | ip=null | op=WRITE_CHUNK {blockData=conID: 1 locID: 102664011848548880 bcsId: 0} | ret=SUCCESS |  
2019-08-23 02:48:21,130 | INFO  | DNAudit | user=null | ip=null | op=WRITE_CHUNK {blockData=conID: 1 locID: 102664011848548880 bcsId: 0} | ret=SUCCESS |  
2019-08-23 02:48:21,136 | INFO  | DNAudit | user=null | ip=null | op=WRITE_CHUNK {blockData=conID: 1 locID: 102664011848548880 bcsId: 0} | ret=SUCCESS |  
2019-08-23 02:48:21,136 | INFO  | DNAudit | user=null | ip=null | op=PUT_BLOCK {blockData=[blockId=conID: 1 locID: 102664011848548880 bcsId: 0,size=1048576]} | ret=SUCCESS |  
2019-08-23 02:48:21,137 [grpc-default-executor-6] INFO  client.GrpcClientProtocolClient (GrpcClientProtocolClient.java:onNext(255)) - client-B268B4322F32->17750241-545b-4219-93a1-14a6ea3d85be: receive RaftClientReply:client-B268B4322F32->17750241-545b-4219-93a1-14a6ea3d85be@group-C33FBD9556F2, cid=1847, SUCCESS, logIndex=2702, commits[17750241-545b-4219-93a1-14a6ea3d85be:c2704, 4eaaa090-573e-41d3-9f8c-c99e236d806a:c2701, 5f4cf9ee-4bed-49de-adaa-861aec894328:c2701]
2019-08-23 02:48:21,137 | INFO  | DNAudit | user=null | ip=null | op=WRITE_CHUNK {blockData=conID: 1 locID: 102664011848548880 bcsId: 0} | ret=SUCCESS |  
2019-08-23 02:48:21,137 [grpc-default-executor-6] INFO  client.GrpcClientProtocolClient (GrpcClientProtocolClient.java:onNext(255)) - client-B268B4322F32->17750241-545b-4219-93a1-14a6ea3d85be: receive RaftClientReply:client-B268B4322F32->17750241-545b-4219-93a1-14a6ea3d85be@group-C33FBD9556F2, cid=1848, SUCCESS, logIndex=2703, commits[17750241-545b-4219-93a1-14a6ea3d85be:c2705, 4eaaa090-573e-41d3-9f8c-c99e236d806a:c2701, 5f4cf9ee-4bed-49de-adaa-861aec894328:c2701]
2019-08-23 02:48:21,137 | INFO  | DNAudit | user=null | ip=null | op=PUT_BLOCK {blockData=[blockId=conID: 1 locID: 102664011848548880 bcsId: 0,size=2097152]} | ret=SUCCESS |  
2019-08-23 02:48:21,138 [grpc-default-executor-6] INFO  client.GrpcClientProtocolClient (GrpcClientProtocolClient.java:onNext(255)) - client-B268B4322F32->17750241-545b-4219-93a1-14a6ea3d85be: receive RaftClientReply:client-B268B4322F32->17750241-545b-4219-93a1-14a6ea3d85be@group-C33FBD9556F2, cid=1849, SUCCESS, logIndex=2704, commits[17750241-545b-4219-93a1-14a6ea3d85be:c2705, 4eaaa090-573e-41d3-9f8c-c99e236d806a:c2701, 5f4cf9ee-4bed-49de-adaa-861aec894328:c2701]
2019-08-23 02:48:21,138 [grpc-default-executor-6] INFO  client.GrpcClientProtocolClient (GrpcClientProtocolClient.java:onNext(255)) - client-B268B4322F32->17750241-545b-4219-93a1-14a6ea3d85be: receive RaftClientReply:client-B268B4322F32->17750241-545b-4219-93a1-14a6ea3d85be@group-C33FBD9556F2, cid=1850, SUCCESS, logIndex=2705, commits[17750241-545b-4219-93a1-14a6ea3d85be:c2705, 4eaaa090-573e-41d3-9f8c-c99e236d806a:c2701, 5f4cf9ee-4bed-49de-adaa-861aec894328:c2701]
2019-08-23 02:48:21,149 | INFO  | DNAudit | user=null | ip=null | op=WRITE_CHUNK {blockData=conID: 1 locID: 102664011848548880 bcsId: 0} | ret=SUCCESS |  
2019-08-23 02:48:21,150 | INFO  | DNAudit | user=null | ip=null | op=WRITE_CHUNK {blockData=conID: 1 locID: 102664011848548880 bcsId: 0} | ret=SUCCESS |  
2019-08-23 02:48:21,151 | INFO  | DNAudit | user=null | ip=null | op=PUT_BLOCK {blockData=[blockId=conID: 1 locID: 102664011848548880 bcsId: 0,size=1048576]} | ret=SUCCESS |  
2019-08-23 02:48:21,151 | INFO  | DNAudit | user=null | ip=null | op=WRITE_CHUNK {blockData=conID: 1 locID: 102664011848548880 bcsId: 0} | ret=SUCCESS |  
2019-08-23 02:48:21,151 | INFO  | DNAudit | user=null | ip=null | op=PUT_BLOCK {blockData=[blockId=conID: 1 locID: 102664011848548880 bcsId: 0,size=2097152]} | ret=SUCCESS |  
2019-08-23 02:48:21,161 | INFO  | DNAudit | user=null | ip=null | op=PUT_BLOCK {blockData=[blockId=conID: 1 locID: 102664011848548880 bcsId: 0,size=1048576]} | ret=SUCCESS |  
2019-08-23 02:48:21,162 | INFO  | DNAudit | user=null | ip=null | op=WRITE_CHUNK {blockData=conID: 1 locID: 102664011848548880 bcsId: 0} | ret=SUCCESS |  
2019-08-23 02:48:21,162 | INFO  | DNAudit | user=null | ip=null | op=PUT_BLOCK {blockData=[blockId=conID: 1 locID: 102664011848548880 bcsId: 0,size=2097152]} | ret=SUCCESS |  
2019-08-23 02:48:21,162 [grpc-default-executor-6] INFO  client.GrpcClientProtocolClient (GrpcClientProtocolClient.java:onNext(255)) - client-B268B4322F32->17750241-545b-4219-93a1-14a6ea3d85be: receive RaftClientReply:client-B268B4322F32->17750241-545b-4219-93a1-14a6ea3d85be@group-C33FBD9556F2, cid=1851, SUCCESS, logIndex=0, commits[17750241-545b-4219-93a1-14a6ea3d85be:c2709, 4eaaa090-573e-41d3-9f8c-c99e236d806a:c2705, 5f4cf9ee-4bed-49de-adaa-861aec894328:c2703]
2019-08-23 02:48:21,170 | INFO  | DNAudit | user=null | ip=null | op=WRITE_CHUNK {blockData=conID: 1 locID: 102664011848548880 bcsId: 2705} | ret=SUCCESS |  
2019-08-23 02:48:21,172 | INFO  | DNAudit | user=null | ip=null | op=WRITE_CHUNK {blockData=conID: 1 locID: 102664011848548880 bcsId: 2705} | ret=SUCCESS |  
2019-08-23 02:48:21,172 | INFO  | DNAudit | user=null | ip=null | op=WRITE_CHUNK {blockData=conID: 1 locID: 102664011848548880 bcsId: 2705} | ret=SUCCESS |  
2019-08-23 02:48:21,183 | INFO  | DNAudit | user=null | ip=null | op=WRITE_CHUNK {blockData=conID: 1 locID: 102664011848548880 bcsId: 2705} | ret=SUCCESS |  
2019-08-23 02:48:21,184 | INFO  | DNAudit | user=null | ip=null | op=PUT_BLOCK {blockData=[blockId=conID: 1 locID: 102664011848548880 bcsId: 0,size=3145728]} | ret=SUCCESS |  
2019-08-23 02:48:21,184 [grpc-default-executor-2] INFO  client.GrpcClientProtocolClient (GrpcClientProtocolClient.java:onNext(255)) - client-B268B4322F32->17750241-545b-4219-93a1-14a6ea3d85be: receive RaftClientReply:client-B268B4322F32->17750241-545b-4219-93a1-14a6ea3d85be@group-C33FBD9556F2, cid=1852, SUCCESS, logIndex=2710, commits[17750241-545b-4219-93a1-14a6ea3d85be:c2711, 4eaaa090-573e-41d3-9f8c-c99e236d806a:c2709, 5f4cf9ee-4bed-49de-adaa-861aec894328:c2709]
2019-08-23 02:48:21,185 [grpc-default-executor-2] INFO  client.GrpcClientProtocolClient (GrpcClientProtocolClient.java:onNext(255)) - client-B268B4322F32->17750241-545b-4219-93a1-14a6ea3d85be: receive RaftClientReply:client-B268B4322F32->17750241-545b-4219-93a1-14a6ea3d85be@group-C33FBD9556F2, cid=1853, SUCCESS, logIndex=2711, commits[17750241-545b-4219-93a1-14a6ea3d85be:c2711, 4eaaa090-573e-41d3-9f8c-c99e236d806a:c2709, 5f4cf9ee-4bed-49de-adaa-861aec894328:c2709]
2019-08-23 02:48:21,192 | INFO  | DNAudit | user=null | ip=null | op=WRITE_CHUNK {blockData=conID: 1 locID: 102664011848548880 bcsId: 2711} | ret=SUCCESS |  
2019-08-23 02:48:21,193 | INFO  | DNAudit | user=null | ip=null | op=WRITE_CHUNK {blockData=conID: 1 locID: 102664011848548880 bcsId: 2711} | ret=SUCCESS |  
2019-08-23 02:48:21,194 | INFO  | DNAudit | user=null | ip=null | op=WRITE_CHUNK {blockData=conID: 1 locID: 102664011848548880 bcsId: 2711} | ret=SUCCESS |  
2019-08-23 02:48:21,195 | INFO  | DNAudit | user=null | ip=null | op=WRITE_CHUNK {blockData=conID: 1 locID: 102664011848548880 bcsId: 2705} | ret=SUCCESS |  
2019-08-23 02:48:21,195 | INFO  | DNAudit | user=null | ip=null | op=WRITE_CHUNK {blockData=conID: 1 locID: 102664011848548880 bcsId: 2705} | ret=SUCCESS |  
2019-08-23 02:48:21,199 | INFO  | DNAudit | user=null | ip=null | op=PUT_BLOCK {blockData=[blockId=conID: 1 locID: 102664011848548880 bcsId: 0,size=3145728]} | ret=SUCCESS |  
2019-08-23 02:48:21,199 | INFO  | DNAudit | user=null | ip=null | op=PUT_BLOCK {blockData=[blockId=conID: 1 locID: 102664011848548880 bcsId: 0,size=3145728]} | ret=SUCCESS |  
2019-08-23 02:48:21,200 | INFO  | DNAudit | user=null | ip=null | op=WRITE_CHUNK {blockData=conID: 1 locID: 102664011848548880 bcsId: 2711} | ret=SUCCESS |  
2019-08-23 02:48:21,200 | INFO  | DNAudit | user=null | ip=null | op=PUT_BLOCK {blockData=[blockId=conID: 1 locID: 102664011848548880 bcsId: 0,size=4194304]} | ret=SUCCESS |  
2019-08-23 02:48:21,201 [grpc-default-executor-6] INFO  client.GrpcClientProtocolClient (GrpcClientProtocolClient.java:onNext(255)) - client-B268B4322F32->17750241-545b-4219-93a1-14a6ea3d85be: receive RaftClientReply:client-B268B4322F32->17750241-545b-4219-93a1-14a6ea3d85be@group-C33FBD9556F2, cid=1854, SUCCESS, logIndex=2714, commits[17750241-545b-4219-93a1-14a6ea3d85be:c2715, 4eaaa090-573e-41d3-9f8c-c99e236d806a:c2711, 5f4cf9ee-4bed-49de-adaa-861aec894328:c2711]
2019-08-23 02:48:21,201 [grpc-default-executor-6] INFO  client.GrpcClientProtocolClient (GrpcClientProtocolClient.java:onNext(255)) - client-B268B4322F32->17750241-545b-4219-93a1-14a6ea3d85be: receive RaftClientReply:client-B268B4322F32->17750241-545b-4219-93a1-14a6ea3d85be@group-C33FBD9556F2, cid=1855, SUCCESS, logIndex=2715, commits[17750241-545b-4219-93a1-14a6ea3d85be:c2715, 4eaaa090-573e-41d3-9f8c-c99e236d806a:c2711, 5f4cf9ee-4bed-49de-adaa-861aec894328:c2711]
2019-08-23 02:48:21,203 | INFO  | DNAudit | user=null | ip=null | op=WRITE_CHUNK {blockData=conID: 1 locID: 102664011848548880 bcsId: 2711} | ret=SUCCESS |  
2019-08-23 02:48:21,203 | INFO  | DNAudit | user=null | ip=null | op=WRITE_CHUNK {blockData=conID: 1 locID: 102664011848548880 bcsId: 2711} | ret=SUCCESS |  
2019-08-23 02:48:21,203 | INFO  | DNAudit | user=null | ip=null | op=PUT_BLOCK {blockData=[blockId=conID: 1 locID: 102664011848548880 bcsId: 0,size=4194304]} | ret=SUCCESS |  
2019-08-23 02:48:21,204 | INFO  | DNAudit | user=null | ip=null | op=PUT_BLOCK {blockData=[blockId=conID: 1 locID: 102664011848548880 bcsId: 0,size=4194304]} | ret=SUCCESS |  
2019-08-23 02:48:21,204 [grpc-default-executor-5] INFO  client.GrpcClientProtocolClient (GrpcClientProtocolClient.java:onNext(255)) - client-B268B4322F32->17750241-545b-4219-93a1-14a6ea3d85be: receive RaftClientReply:client-B268B4322F32->17750241-545b-4219-93a1-14a6ea3d85be@group-C33FBD9556F2, cid=1856, SUCCESS, logIndex=0, commits[17750241-545b-4219-93a1-14a6ea3d85be:c2715, 4eaaa090-573e-41d3-9f8c-c99e236d806a:c2715, 5f4cf9ee-4bed-49de-adaa-861aec894328:c2715]
2019-08-23 02:48:21,206 | INFO  | SCMAudit | user=jenkins1000 | ip=192.168.34.22 | op=ALLOCATE_BLOCK {owner=31d65bc3-3f70-45f5-bbc5-e3a15f967ba6, size=4194304, type=RATIS, factor=THREE} | ret=SUCCESS |  
2019-08-23 02:48:21,209 | INFO  | OMAudit | user=jenkins1000 | ip=127.0.0.1 | op=ALLOCATE_BLOCK {volume=vol-0-78052, bucket=bucket-0-33874, key=key-0-20719, dataSize=2147483657, replicationType=RATIS, replicationFactor=THREE, keyLocationInfo=[], clientID=102664010308846034} | ret=SUCCESS |  
2019-08-23 02:48:21,221 | INFO  | DNAudit | user=null | ip=null | op=WRITE_CHUNK {blockData=conID: 2 locID: 102664011855036945 bcsId: 0} | ret=SUCCESS |  
2019-08-23 02:48:21,224 | INFO  | DNAudit | user=null | ip=null | op=WRITE_CHUNK {blockData=conID: 2 locID: 102664011855036945 bcsId: 0} | ret=SUCCESS |  
2019-08-23 02:48:21,225 | INFO  | DNAudit | user=null | ip=null | op=WRITE_CHUNK {blockData=conID: 2 locID: 102664011855036945 bcsId: 0} | ret=SUCCESS |  
2019-08-23 02:48:21,225 | INFO  | DNAudit | user=null | ip=null | op=WRITE_CHUNK {blockData=conID: 2 locID: 102664011855036945 bcsId: 0} | ret=SUCCESS |  
2019-08-23 02:48:21,227 | INFO  | DNAudit | user=null | ip=null | op=WRITE_CHUNK {blockData=conID: 2 locID: 102664011855036945 bcsId: 0} | ret=SUCCESS |  
2019-08-23 02:48:21,228 | INFO  | DNAudit | user=null | ip=null | op=WRITE_CHUNK {blockData=conID: 2 locID: 102664011855036945 bcsId: 0} | ret=SUCCESS |  
2019-08-23 02:48:21,232 | INFO  | DNAudit | user=null | ip=null | op=WRITE_CHUNK {blockData=conID: 2 locID: 102664011855036945 bcsId: 0} | ret=SUCCESS |  
2019-08-23 02:48:21,233 | INFO  | DNAudit | user=null | ip=null | op=PUT_BLOCK {blockData=[blockId=conID: 2 locID: 102664011855036945 bcsId: 0,size=1048576]} | ret=SUCCESS |  
2019-08-23 02:48:21,233 [grpc-default-executor-5] INFO  client.GrpcClientProtocolClient (GrpcClientProtocolClient.java:onNext(255)) - client-B268B4322F32->17750241-545b-4219-93a1-14a6ea3d85be: receive RaftClientReply:client-B268B4322F32->17750241-545b-4219-93a1-14a6ea3d85be@group-C33FBD9556F2, cid=1857, SUCCESS, logIndex=2718, commits[17750241-545b-4219-93a1-14a6ea3d85be:c2719, 4eaaa090-573e-41d3-9f8c-c99e236d806a:c2717, 5f4cf9ee-4bed-49de-adaa-861aec894328:c2717]
2019-08-23 02:48:21,233 | INFO  | DNAudit | user=null | ip=null | op=WRITE_CHUNK {blockData=conID: 2 locID: 102664011855036945 bcsId: 0} | ret=SUCCESS |  
2019-08-23 02:48:21,234 [grpc-default-executor-5] INFO  client.GrpcClientProtocolClient (GrpcClientProtocolClient.java:onNext(255)) - client-B268B4322F32->17750241-545b-4219-93a1-14a6ea3d85be: receive RaftClientReply:client-B268B4322F32->17750241-545b-4219-93a1-14a6ea3d85be@group-C33FBD9556F2, cid=1858, SUCCESS, logIndex=2719, commits[17750241-545b-4219-93a1-14a6ea3d85be:c2720, 4eaaa090-573e-41d3-9f8c-c99e236d806a:c2717, 5f4cf9ee-4bed-49de-adaa-861aec894328:c2717]
2019-08-23 02:48:21,234 | INFO  | DNAudit | user=null | ip=null | op=PUT_BLOCK {blockData=[blockId=conID: 2 locID: 102664011855036945 bcsId: 0,size=2097152]} | ret=SUCCESS |  
2019-08-23 02:48:21,234 [grpc-default-executor-5] INFO  client.GrpcClientProtocolClient (GrpcClientProtocolClient.java:onNext(255)) - client-B268B4322F32->17750241-545b-4219-93a1-14a6ea3d85be: receive RaftClientReply:client-B268B4322F32->17750241-545b-4219-93a1-14a6ea3d85be@group-C33FBD9556F2, cid=1859, SUCCESS, logIndex=2720, commits[17750241-545b-4219-93a1-14a6ea3d85be:c2721, 4eaaa090-573e-41d3-9f8c-c99e236d806a:c2717, 5f4cf9ee-4bed-49de-adaa-861aec894328:c2717]
2019-08-23 02:48:21,234 [grpc-default-executor-5] INFO  client.GrpcClientProtocolClient (GrpcClientProtocolClient.java:onNext(255)) - client-B268B4322F32->17750241-545b-4219-93a1-14a6ea3d85be: receive RaftClientReply:client-B268B4322F32->17750241-545b-4219-93a1-14a6ea3d85be@group-C33FBD9556F2, cid=1860, SUCCESS, logIndex=2721, commits[17750241-545b-4219-93a1-14a6ea3d85be:c2721, 4eaaa090-573e-41d3-9f8c-c99e236d806a:c2717, 5f4cf9ee-4bed-49de-adaa-861aec894328:c2717]
2019-08-23 02:48:21,237 | INFO  | DNAudit | user=null | ip=null | op=WRITE_CHUNK {blockData=conID: 2 locID: 102664011855036945 bcsId: 0} | ret=SUCCESS |  
2019-08-23 02:48:21,237 | INFO  | DNAudit | user=null | ip=null | op=PUT_BLOCK {blockData=[blockId=conID: 2 locID: 102664011855036945 bcsId: 0,size=1048576]} | ret=SUCCESS |  
2019-08-23 02:48:21,237 | INFO  | DNAudit | user=null | ip=null | op=WRITE_CHUNK {blockData=conID: 2 locID: 102664011855036945 bcsId: 0} | ret=SUCCESS |  
2019-08-23 02:48:21,238 | INFO  | DNAudit | user=null | ip=null | op=PUT_BLOCK {blockData=[blockId=conID: 2 locID: 102664011855036945 bcsId: 0,size=1048576]} | ret=SUCCESS |  
2019-08-23 02:48:21,238 [grpc-default-executor-5] INFO  client.GrpcClientProtocolClient (GrpcClientProtocolClient.java:onNext(255)) - client-B268B4322F32->17750241-545b-4219-93a1-14a6ea3d85be: receive RaftClientReply:client-B268B4322F32->17750241-545b-4219-93a1-14a6ea3d85be@group-C33FBD9556F2, cid=1861, SUCCESS, logIndex=0, commits[17750241-545b-4219-93a1-14a6ea3d85be:c2723, 4eaaa090-573e-41d3-9f8c-c99e236d806a:c2719, 5f4cf9ee-4bed-49de-adaa-861aec894328:c2719]
2019-08-23 02:48:21,238 | INFO  | DNAudit | user=null | ip=null | op=WRITE_CHUNK {blockData=conID: 2 locID: 102664011855036945 bcsId: 0} | ret=SUCCESS |  
2019-08-23 02:48:21,238 | INFO  | DNAudit | user=null | ip=null | op=PUT_BLOCK {blockData=[blockId=conID: 2 locID: 102664011855036945 bcsId: 0,size=2097152]} | ret=SUCCESS |  
2019-08-23 02:48:21,239 | INFO  | DNAudit | user=null | ip=null | op=WRITE_CHUNK {blockData=conID: 2 locID: 102664011855036945 bcsId: 0} | ret=SUCCESS |  
2019-08-23 02:48:21,239 | INFO  | DNAudit | user=null | ip=null | op=PUT_BLOCK {blockData=[blockId=conID: 2 locID: 102664011855036945 bcsId: 0,size=2097152]} | ret=SUCCESS |  
2019-08-23 02:48:21,245 | INFO  | DNAudit | user=null | ip=null | op=WRITE_CHUNK {blockData=conID: 2 locID: 102664011855036945 bcsId: 2721} | ret=SUCCESS |  
2019-08-23 02:48:21,247 | INFO  | DNAudit | user=null | ip=null | op=WRITE_CHUNK {blockData=conID: 2 locID: 102664011855036945 bcsId: 2721} | ret=SUCCESS |  
2019-08-23 02:48:21,248 | INFO  | DNAudit | user=null | ip=null | op=WRITE_CHUNK {blockData=conID: 2 locID: 102664011855036945 bcsId: 2721} | ret=SUCCESS |  
2019-08-23 02:48:21,249 | INFO  | DNAudit | user=null | ip=null | op=WRITE_CHUNK {blockData=conID: 2 locID: 102664011855036945 bcsId: 2721} | ret=SUCCESS |  
2019-08-23 02:48:21,250 | INFO  | DNAudit | user=null | ip=null | op=PUT_BLOCK {blockData=[blockId=conID: 2 locID: 102664011855036945 bcsId: 0,size=3145728]} | ret=SUCCESS |  
2019-08-23 02:48:21,250 [grpc-default-executor-5] INFO  client.GrpcClientProtocolClient (GrpcClientProtocolClient.java:onNext(255)) - client-B268B4322F32->17750241-545b-4219-93a1-14a6ea3d85be: receive RaftClientReply:client-B268B4322F32->17750241-545b-4219-93a1-14a6ea3d85be@group-C33FBD9556F2, cid=1862, SUCCESS, logIndex=2726, commits[17750241-545b-4219-93a1-14a6ea3d85be:c2727, 4eaaa090-573e-41d3-9f8c-c99e236d806a:c2725, 5f4cf9ee-4bed-49de-adaa-861aec894328:c2721]
2019-08-23 02:48:21,250 [grpc-default-executor-5] INFO  client.GrpcClientProtocolClient (GrpcClientProtocolClient.java:onNext(255)) - client-B268B4322F32->17750241-545b-4219-93a1-14a6ea3d85be: receive RaftClientReply:client-B268B4322F32->17750241-545b-4219-93a1-14a6ea3d85be@group-C33FBD9556F2, cid=1863, SUCCESS, logIndex=2727, commits[17750241-545b-4219-93a1-14a6ea3d85be:c2727, 4eaaa090-573e-41d3-9f8c-c99e236d806a:c2725, 5f4cf9ee-4bed-49de-adaa-861aec894328:c2725]
2019-08-23 02:48:21,252 | INFO  | DNAudit | user=null | ip=null | op=WRITE_CHUNK {blockData=conID: 2 locID: 102664011855036945 bcsId: 2721} | ret=SUCCESS |  
2019-08-23 02:48:21,252 | INFO  | DNAudit | user=null | ip=null | op=WRITE_CHUNK {blockData=conID: 2 locID: 102664011855036945 bcsId: 2721} | ret=SUCCESS |  
2019-08-23 02:48:21,252 | INFO  | DNAudit | user=null | ip=null | op=PUT_BLOCK {blockData=[blockId=conID: 2 locID: 102664011855036945 bcsId: 0,size=3145728]} | ret=SUCCESS |  
2019-08-23 02:48:21,252 | INFO  | DNAudit | user=null | ip=null | op=PUT_BLOCK {blockData=[blockId=conID: 2 locID: 102664011855036945 bcsId: 0,size=3145728]} | ret=SUCCESS |  
2019-08-23 02:48:21,258 | INFO  | DNAudit | user=null | ip=null | op=WRITE_CHUNK {blockData=conID: 2 locID: 102664011855036945 bcsId: 2727} | ret=SUCCESS |  
2019-08-23 02:48:21,260 | INFO  | DNAudit | user=null | ip=null | op=WRITE_CHUNK {blockData=conID: 2 locID: 102664011855036945 bcsId: 2727} | ret=SUCCESS |  
2019-08-23 02:48:21,260 | INFO  | DNAudit | user=null | ip=null | op=WRITE_CHUNK {blockData=conID: 2 locID: 102664011855036945 bcsId: 2727} | ret=SUCCESS |  
2019-08-23 02:48:21,283 | INFO  | DNAudit | user=null | ip=null | op=WRITE_CHUNK {blockData=conID: 2 locID: 102664011855036945 bcsId: 2727} | ret=SUCCESS |  
2019-08-23 02:48:21,283 | INFO  | DNAudit | user=null | ip=null | op=PUT_BLOCK {blockData=[blockId=conID: 2 locID: 102664011855036945 bcsId: 0,size=4194304]} | ret=SUCCESS |  
2019-08-23 02:48:21,283 [grpc-default-executor-2] INFO  client.GrpcClientProtocolClient (GrpcClientProtocolClient.java:onNext(255)) - client-B268B4322F32->17750241-545b-4219-93a1-14a6ea3d85be: receive RaftClientReply:client-B268B4322F32->17750241-545b-4219-93a1-14a6ea3d85be@group-C33FBD9556F2, cid=1864, SUCCESS, logIndex=2730, commits[17750241-545b-4219-93a1-14a6ea3d85be:c2731, 4eaaa090-573e-41d3-9f8c-c99e236d806a:c2727, 5f4cf9ee-4bed-49de-adaa-861aec894328:c2729]
2019-08-23 02:48:21,284 [grpc-default-executor-2] INFO  client.GrpcClientProtocolClient (GrpcClientProtocolClient.java:onNext(255)) - client-B268B4322F32->17750241-545b-4219-93a1-14a6ea3d85be: receive RaftClientReply:client-B268B4322F32->17750241-545b-4219-93a1-14a6ea3d85be@group-C33FBD9556F2, cid=1865, SUCCESS, logIndex=2731, commits[17750241-545b-4219-93a1-14a6ea3d85be:c2731, 4eaaa090-573e-41d3-9f8c-c99e236d806a:c2727, 5f4cf9ee-4bed-49de-adaa-861aec894328:c2729]
2019-08-23 02:48:21,286 | INFO  | DNAudit | user=null | ip=null | op=WRITE_CHUNK {blockData=conID: 2 locID: 102664011855036945 bcsId: 2727} | ret=SUCCESS |  
2019-08-23 02:48:21,286 | INFO  | DNAudit | user=null | ip=null | op=WRITE_CHUNK {blockData=conID: 2 locID: 102664011855036945 bcsId: 2727} | ret=SUCCESS |  
2019-08-23 02:48:21,286 | INFO  | DNAudit | user=null | ip=null | op=PUT_BLOCK {blockData=[blockId=conID: 2 locID: 102664011855036945 bcsId: 0,size=4194304]} | ret=SUCCESS |  
2019-08-23 02:48:21,297 | INFO  | DNAudit | user=null | ip=null | op=PUT_BLOCK {blockData=[blockId=conID: 2 locID: 102664011855036945 bcsId: 0,size=4194304]} | ret=SUCCESS |  
2019-08-23 02:48:21,298 [grpc-default-executor-2] INFO  client.GrpcClientProtocolClient (GrpcClientProtocolClient.java:onNext(255)) - client-B268B4322F32->17750241-545b-4219-93a1-14a6ea3d85be: receive RaftClientReply:client-B268B4322F32->17750241-545b-4219-93a1-14a6ea3d85be@group-C33FBD9556F2, cid=1866, SUCCESS, logIndex=0, commits[17750241-545b-4219-93a1-14a6ea3d85be:c2733, 4eaaa090-573e-41d3-9f8c-c99e236d806a:c2731, 5f4cf9ee-4bed-49de-adaa-861aec894328:c2731]
2019-08-23 02:48:21,299 | INFO  | SCMAudit | user=jenkins1000 | ip=192.168.34.22 | op=ALLOCATE_BLOCK {owner=31d65bc3-3f70-45f5-bbc5-e3a15f967ba6, size=4194304, type=RATIS, factor=THREE} | ret=SUCCESS |  
2019-08-23 02:48:21,303 | INFO  | OMAudit | user=jenkins1000 | ip=127.0.0.1 | op=ALLOCATE_BLOCK {volume=vol-0-78052, bucket=bucket-0-33874, key=key-0-20719, dataSize=2147483657, replicationType=RATIS, replicationFactor=THREE, keyLocationInfo=[], clientID=102664010308846034} | ret=SUCCESS |  
2019-08-23 02:48:21,315 | INFO  | DNAudit | user=null | ip=null | op=WRITE_CHUNK {blockData=conID: 3 locID: 102664011861131794 bcsId: 0} | ret=SUCCESS |  
2019-08-23 02:48:21,318 | INFO  | DNAudit | user=null | ip=null | op=WRITE_CHUNK {blockData=conID: 3 locID: 102664011861131794 bcsId: 0} | ret=SUCCESS |  
2019-08-23 02:48:21,318 | INFO  | DNAudit | user=null | ip=null | op=WRITE_CHUNK {blockData=conID: 3 locID: 102664011861131794 bcsId: 0} | ret=SUCCESS |  
2019-08-23 02:48:21,318 | INFO  | DNAudit | user=null | ip=null | op=WRITE_CHUNK {blockData=conID: 3 locID: 102664011861131794 bcsId: 0} | ret=SUCCESS |  
2019-08-23 02:48:21,322 | INFO  | DNAudit | user=null | ip=null | op=WRITE_CHUNK {blockData=conID: 3 locID: 102664011861131794 bcsId: 0} | ret=SUCCESS |  
2019-08-23 02:48:21,322 | INFO  | DNAudit | user=null | ip=null | op=WRITE_CHUNK {blockData=conID: 3 locID: 102664011861131794 bcsId: 0} | ret=SUCCESS |  
2019-08-23 02:48:21,327 | INFO  | DNAudit | user=null | ip=null | op=WRITE_CHUNK {blockData=conID: 3 locID: 102664011861131794 bcsId: 0} | ret=SUCCESS |  
2019-08-23 02:48:21,328 | INFO  | DNAudit | user=null | ip=null | op=PUT_BLOCK {blockData=[blockId=conID: 3 locID: 102664011861131794 bcsId: 0,size=1048576]} | ret=SUCCESS |  
2019-08-23 02:48:21,328 [grpc-default-executor-1] INFO  client.GrpcClientProtocolClient (GrpcClientProtocolClient.java:onNext(255)) - client-B268B4322F32->17750241-545b-4219-93a1-14a6ea3d85be: receive RaftClientReply:client-B268B4322F32->17750241-545b-4219-93a1-14a6ea3d85be@group-C33FBD9556F2, cid=1867, SUCCESS, logIndex=2734, commits[17750241-545b-4219-93a1-14a6ea3d85be:c2735, 4eaaa090-573e-41d3-9f8c-c99e236d806a:c2733, 5f4cf9ee-4bed-49de-adaa-861aec894328:c2733]
2019-08-23 02:48:21,328 | INFO  | DNAudit | user=null | ip=null | op=WRITE_CHUNK {blockData=conID: 3 locID: 102664011861131794 bcsId: 0} | ret=SUCCESS |  
2019-08-23 02:48:21,329 [grpc-default-executor-1] INFO  client.GrpcClientProtocolClient (GrpcClientProtocolClient.java:onNext(255)) - client-B268B4322F32->17750241-545b-4219-93a1-14a6ea3d85be: receive RaftClientReply:client-B268B4322F32->17750241-545b-4219-93a1-14a6ea3d85be@group-C33FBD9556F2, cid=1868, SUCCESS, logIndex=2735, commits[17750241-545b-4219-93a1-14a6ea3d85be:c2737, 4eaaa090-573e-41d3-9f8c-c99e236d806a:c2733, 5f4cf9ee-4bed-49de-adaa-861aec894328:c2733]
2019-08-23 02:48:21,329 | INFO  | DNAudit | user=null | ip=null | op=PUT_BLOCK {blockData=[blockId=conID: 3 locID: 102664011861131794 bcsId: 0,size=2097152]} | ret=SUCCESS |  
2019-08-23 02:48:21,329 [grpc-default-executor-1] INFO  client.GrpcClientProtocolClient (GrpcClientProtocolClient.java:onNext(255)) - client-B268B4322F32->17750241-545b-4219-93a1-14a6ea3d85be: receive RaftClientReply:client-B268B4322F32->17750241-545b-4219-93a1-14a6ea3d85be@group-C33FBD9556F2, cid=1869, SUCCESS, logIndex=2736, commits[17750241-545b-4219-93a1-14a6ea3d85be:c2737, 4eaaa090-573e-41d3-9f8c-c99e236d806a:c2733, 5f4cf9ee-4bed-49de-adaa-861aec894328:c2733]
2019-08-23 02:48:21,329 [grpc-default-executor-1] INFO  client.GrpcClientProtocolClient (GrpcClientProtocolClient.java:onNext(255)) - client-B268B4322F32->17750241-545b-4219-93a1-14a6ea3d85be: receive RaftClientReply:client-B268B4322F32->17750241-545b-4219-93a1-14a6ea3d85be@group-C33FBD9556F2, cid=1870, SUCCESS, logIndex=2737, commits[17750241-545b-4219-93a1-14a6ea3d85be:c2737, 4eaaa090-573e-41d3-9f8c-c99e236d806a:c2733, 5f4cf9ee-4bed-49de-adaa-861aec894328:c2733]
2019-08-23 02:48:21,340 | INFO  | DNAudit | user=null | ip=null | op=WRITE_CHUNK {blockData=conID: 3 locID: 102664011861131794 bcsId: 0} | ret=SUCCESS |  
2019-08-23 02:48:21,340 | INFO  | DNAudit | user=null | ip=null | op=PUT_BLOCK {blockData=[blockId=conID: 3 locID: 102664011861131794 bcsId: 0,size=1048576]} | ret=SUCCESS |  
2019-08-23 02:48:21,340 | INFO  | DNAudit | user=null | ip=null | op=WRITE_CHUNK {blockData=conID: 3 locID: 102664011861131794 bcsId: 0} | ret=SUCCESS |  
2019-08-23 02:48:21,340 | INFO  | DNAudit | user=null | ip=null | op=PUT_BLOCK {blockData=[blockId=conID: 3 locID: 102664011861131794 bcsId: 0,size=1048576]} | ret=SUCCESS |  
2019-08-23 02:48:21,341 | INFO  | DNAudit | user=null | ip=null | op=WRITE_CHUNK {blockData=conID: 3 locID: 102664011861131794 bcsId: 0} | ret=SUCCESS |  
2019-08-23 02:48:21,341 | INFO  | DNAudit | user=null | ip=null | op=PUT_BLOCK {blockData=[blockId=conID: 3 locID: 102664011861131794 bcsId: 0,size=2097152]} | ret=SUCCESS |  
2019-08-23 02:48:21,341 | INFO  | DNAudit | user=null | ip=null | op=WRITE_CHUNK {blockData=conID: 3 locID: 102664011861131794 bcsId: 0} | ret=SUCCESS |  
2019-08-23 02:48:21,341 | INFO  | DNAudit | user=null | ip=null | op=PUT_BLOCK {blockData=[blockId=conID: 3 locID: 102664011861131794 bcsId: 0,size=2097152]} | ret=SUCCESS |  
2019-08-23 02:48:21,341 [grpc-default-executor-1] INFO  client.GrpcClientProtocolClient (GrpcClientProtocolClient.java:onNext(255)) - client-B268B4322F32->17750241-545b-4219-93a1-14a6ea3d85be: receive RaftClientReply:client-B268B4322F32->17750241-545b-4219-93a1-14a6ea3d85be@group-C33FBD9556F2, cid=1871, SUCCESS, logIndex=0, commits[17750241-545b-4219-93a1-14a6ea3d85be:c2739, 4eaaa090-573e-41d3-9f8c-c99e236d806a:c2735, 5f4cf9ee-4bed-49de-adaa-861aec894328:c2735]
2019-08-23 02:48:21,348 | INFO  | DNAudit | user=null | ip=null | op=WRITE_CHUNK {blockData=conID: 3 locID: 102664011861131794 bcsId: 2737} | ret=SUCCESS |  
2019-08-23 02:48:21,350 | INFO  | DNAudit | user=null | ip=null | op=WRITE_CHUNK {blockData=conID: 3 locID: 102664011861131794 bcsId: 2737} | ret=SUCCESS |  
2019-08-23 02:48:21,350 | INFO  | DNAudit | user=null | ip=null | op=WRITE_CHUNK {blockData=conID: 3 locID: 102664011861131794 bcsId: 2737} | ret=SUCCESS |  
2019-08-23 02:48:21,361 | INFO  | DNAudit | user=null | ip=null | op=WRITE_CHUNK {blockData=conID: 3 locID: 102664011861131794 bcsId: 2737} | ret=SUCCESS |  
2019-08-23 02:48:21,362 | INFO  | DNAudit | user=null | ip=null | op=PUT_BLOCK {blockData=[blockId=conID: 3 locID: 102664011861131794 bcsId: 0,size=3145728]} | ret=SUCCESS |  
2019-08-23 02:48:21,362 [grpc-default-executor-2] INFO  client.GrpcClientProtocolClient (GrpcClientProtocolClient.java:onNext(255)) - client-B268B4322F32->17750241-545b-4219-93a1-14a6ea3d85be: receive RaftClientReply:client-B268B4322F32->17750241-545b-4219-93a1-14a6ea3d85be@group-C33FBD9556F2, cid=1872, SUCCESS, logIndex=2742, commits[17750241-545b-4219-93a1-14a6ea3d85be:c2743, 4eaaa090-573e-41d3-9f8c-c99e236d806a:c2741, 5f4cf9ee-4bed-49de-adaa-861aec894328:c2741]
2019-08-23 02:48:21,362 [grpc-default-executor-2] INFO  client.GrpcClientProtocolClient (GrpcClientProtocolClient.java:onNext(255)) - client-B268B4322F32->17750241-545b-4219-93a1-14a6ea3d85be: receive RaftClientReply:client-B268B4322F32->17750241-545b-4219-93a1-14a6ea3d85be@group-C33FBD9556F2, cid=1873, SUCCESS, logIndex=2743, commits[17750241-545b-4219-93a1-14a6ea3d85be:c2743, 4eaaa090-573e-41d3-9f8c-c99e236d806a:c2741, 5f4cf9ee-4bed-49de-adaa-861aec894328:c2741]
2019-08-23 02:48:21,369 | INFO  | DNAudit | user=null | ip=null | op=WRITE_CHUNK {blockData=conID: 3 locID: 102664011861131794 bcsId: 2743} | ret=SUCCESS |  
2019-08-23 02:48:21,371 | INFO  | DNAudit | user=null | ip=null | op=WRITE_CHUNK {blockData=conID: 3 locID: 102664011861131794 bcsId: 2743} | ret=SUCCESS |  
2019-08-23 02:48:21,371 | INFO  | DNAudit | user=null | ip=null | op=WRITE_CHUNK {blockData=conID: 3 locID: 102664011861131794 bcsId: 2743} | ret=SUCCESS |  
2019-08-23 02:48:21,373 | INFO  | DNAudit | user=null | ip=null | op=WRITE_CHUNK {blockData=conID: 3 locID: 102664011861131794 bcsId: 2737} | ret=SUCCESS |  
2019-08-23 02:48:21,373 | INFO  | DNAudit | user=null | ip=null | op=WRITE_CHUNK {blockData=conID: 3 locID: 102664011861131794 bcsId: 2737} | ret=SUCCESS |  
2019-08-23 02:48:21,373 | INFO  | DNAudit | user=null | ip=null | op=PUT_BLOCK {blockData=[blockId=conID: 3 locID: 102664011861131794 bcsId: 0,size=3145728]} | ret=SUCCESS |  
2019-08-23 02:48:21,373 | INFO  | DNAudit | user=null | ip=null | op=PUT_BLOCK {blockData=[blockId=conID: 3 locID: 102664011861131794 bcsId: 0,size=3145728]} | ret=SUCCESS |  
2019-08-23 02:48:21,375 | INFO  | SCMAudit | user=jenkins1000 | ip=192.168.34.22 | op=SEND_HEARTBEAT {datanodeUUID=17750241-545b-4219-93a1-14a6ea3d85be, command=[]} | ret=SUCCESS |  
2019-08-23 02:48:21,375 | INFO  | SCMAudit | user=jenkins1000 | ip=192.168.34.22 | op=SEND_HEARTBEAT {datanodeUUID=4eaaa090-573e-41d3-9f8c-c99e236d806a, command=[]} | ret=SUCCESS |  
2019-08-23 02:48:21,376 | INFO  | SCMAudit | user=jenkins1000 | ip=192.168.34.22 | op=SEND_HEARTBEAT {datanodeUUID=5f4cf9ee-4bed-49de-adaa-861aec894328, command=[]} | ret=SUCCESS |  
2019-08-23 02:48:21,376 | INFO  | DNAudit | user=null | ip=null | op=WRITE_CHUNK {blockData=conID: 3 locID: 102664011861131794 bcsId: 2743} | ret=SUCCESS |  
2019-08-23 02:48:21,377 | INFO  | DNAudit | user=null | ip=null | op=PUT_BLOCK {blockData=[blockId=conID: 3 locID: 102664011861131794 bcsId: 0,size=4194304]} | ret=SUCCESS |  
2019-08-23 02:48:21,377 [grpc-default-executor-1] INFO  client.GrpcClientProtocolClient (GrpcClientProtocolClient.java:onNext(255)) - client-B268B4322F32->17750241-545b-4219-93a1-14a6ea3d85be: receive RaftClientReply:client-B268B4322F32->17750241-545b-4219-93a1-14a6ea3d85be@group-C33FBD9556F2, cid=1874, SUCCESS, logIndex=2746, commits[17750241-545b-4219-93a1-14a6ea3d85be:c2747, 4eaaa090-573e-41d3-9f8c-c99e236d806a:c2743, 5f4cf9ee-4bed-49de-adaa-861aec894328:c2743]
2019-08-23 02:48:21,377 [grpc-default-executor-1] INFO  client.GrpcClientProtocolClient (GrpcClientProtocolClient.java:onNext(255)) - client-B268B4322F32->17750241-545b-4219-93a1-14a6ea3d85be: receive RaftClientReply:client-B268B4322F32->17750241-545b-4219-93a1-14a6ea3d85be@group-C33FBD9556F2, cid=1875, SUCCESS, logIndex=2747, commits[17750241-545b-4219-93a1-14a6ea3d85be:c2747, 4eaaa090-573e-41d3-9f8c-c99e236d806a:c2743, 5f4cf9ee-4bed-49de-adaa-861aec894328:c2743]
2019-08-23 02:48:21,388 | INFO  | DNAudit | user=null | ip=null | op=WRITE_CHUNK {blockData=conID: 3 locID: 102664011861131794 bcsId: 2743} | ret=SUCCESS |  
2019-08-23 02:48:21,388 | INFO  | DNAudit | user=null | ip=null | op=WRITE_CHUNK {blockData=conID: 3 locID: 102664011861131794 bcsId: 2743} | ret=SUCCESS |  
2019-08-23 02:48:21,388 | INFO  | DNAudit | user=null | ip=null | op=PUT_BLOCK {blockData=[blockId=conID: 3 locID: 102664011861131794 bcsId: 0,size=4194304]} | ret=SUCCESS |  
2019-08-23 02:48:21,388 | INFO  | DNAudit | user=null | ip=null | op=PUT_BLOCK {blockData=[blockId=conID: 3 locID: 102664011861131794 bcsId: 0,size=4194304]} | ret=SUCCESS |  
2019-08-23 02:48:21,388 [grpc-default-executor-1] INFO  client.GrpcClientProtocolClient (GrpcClientProtocolClient.java:onNext(255)) - client-B268B4322F32->17750241-545b-4219-93a1-14a6ea3d85be: receive RaftClientReply:client-B268B4322F32->17750241-545b-4219-93a1-14a6ea3d85be@group-C33FBD9556F2, cid=1876, SUCCESS, logIndex=0, commits[17750241-545b-4219-93a1-14a6ea3d85be:c2748, 4eaaa090-573e-41d3-9f8c-c99e236d806a:c2747, 5f4cf9ee-4bed-49de-adaa-861aec894328:c2747]
2019-08-23 02:48:21,390 | INFO  | SCMAudit | user=jenkins1000 | ip=192.168.34.22 | op=ALLOCATE_BLOCK {owner=31d65bc3-3f70-45f5-bbc5-e3a15f967ba6, size=4194304, type=RATIS, factor=THREE} | ret=SUCCESS |  
2019-08-23 02:48:21,394 | INFO  | OMAudit | user=jenkins1000 | ip=127.0.0.1 | op=ALLOCATE_BLOCK {volume=vol-0-78052, bucket=bucket-0-33874, key=key-0-20719, dataSize=2147483657, replicationType=RATIS, replicationFactor=THREE, keyLocationInfo=[], clientID=102664010308846034} | ret=SUCCESS |  
2019-08-23 02:48:21,403 | INFO  | DNAudit | user=null | ip=null | op=WRITE_CHUNK {blockData=conID: 1 locID: 102664011867095571 bcsId: 0} | ret=SUCCESS |  
2019-08-23 02:48:21,407 | INFO  | DNAudit | user=null | ip=null | op=WRITE_CHUNK {blockData=conID: 1 locID: 102664011867095571 bcsId: 0} | ret=SUCCESS |  
2019-08-23 02:48:21,407 | INFO  | DNAudit | user=null | ip=null | op=WRITE_CHUNK {blockData=conID: 1 locID: 102664011867095571 bcsId: 0} | ret=SUCCESS |  
2019-08-23 02:48:21,407 | INFO  | DNAudit | user=null | ip=null | op=WRITE_CHUNK {blockData=conID: 1 locID: 102664011867095571 bcsId: 0} | ret=SUCCESS |  
2019-08-23 02:48:21,409 | INFO  | DNAudit | user=null | ip=null | op=WRITE_CHUNK {blockData=conID: 1 locID: 102664011867095571 bcsId: 0} | ret=SUCCESS |  
2019-08-23 02:48:21,409 | INFO  | DNAudit | user=null | ip=null | op=WRITE_CHUNK {blockData=conID: 1 locID: 102664011867095571 bcsId: 0} | ret=SUCCESS |  
2019-08-23 02:48:21,416 | INFO  | DNAudit | user=null | ip=null | op=WRITE_CHUNK {blockData=conID: 1 locID: 102664011867095571 bcsId: 0} | ret=SUCCESS |  
2019-08-23 02:48:21,416 | INFO  | DNAudit | user=null | ip=null | op=PUT_BLOCK {blockData=[blockId=conID: 1 locID: 102664011867095571 bcsId: 0,size=1048576]} | ret=SUCCESS |  
2019-08-23 02:48:21,416 [grpc-default-executor-2] INFO  client.GrpcClientProtocolClient (GrpcClientProtocolClient.java:onNext(255)) - client-B268B4322F32->17750241-545b-4219-93a1-14a6ea3d85be: receive RaftClientReply:client-B268B4322F32->17750241-545b-4219-93a1-14a6ea3d85be@group-C33FBD9556F2, cid=1877, SUCCESS, logIndex=2750, commits[17750241-545b-4219-93a1-14a6ea3d85be:c2751, 4eaaa090-573e-41d3-9f8c-c99e236d806a:c2749, 5f4cf9ee-4bed-49de-adaa-861aec894328:c2749]
2019-08-23 02:48:21,417 | INFO  | DNAudit | user=null | ip=null | op=WRITE_CHUNK {blockData=conID: 1 locID: 102664011867095571 bcsId: 0} | ret=SUCCESS |  
2019-08-23 02:48:21,417 [grpc-default-executor-2] INFO  client.GrpcClientProtocolClient (GrpcClientProtocolClient.java:onNext(255)) - client-B268B4322F32->17750241-545b-4219-93a1-14a6ea3d85be: receive RaftClientReply:client-B268B4322F32->17750241-545b-4219-93a1-14a6ea3d85be@group-C33FBD9556F2, cid=1878, SUCCESS, logIndex=2751, commits[17750241-545b-4219-93a1-14a6ea3d85be:c2752, 4eaaa090-573e-41d3-9f8c-c99e236d806a:c2749, 5f4cf9ee-4bed-49de-adaa-861aec894328:c2749]
2019-08-23 02:48:21,417 | INFO  | DNAudit | user=null | ip=null | op=PUT_BLOCK {blockData=[blockId=conID: 1 locID: 102664011867095571 bcsId: 0,size=2097152]} | ret=SUCCESS |  
2019-08-23 02:48:21,417 [grpc-default-executor-2] INFO  client.GrpcClientProtocolClient (GrpcClientProtocolClient.java:onNext(255)) - client-B268B4322F32->17750241-545b-4219-93a1-14a6ea3d85be: receive RaftClientReply:client-B268B4322F32->17750241-545b-4219-93a1-14a6ea3d85be@group-C33FBD9556F2, cid=1879, SUCCESS, logIndex=2752, commits[17750241-545b-4219-93a1-14a6ea3d85be:c2753, 4eaaa090-573e-41d3-9f8c-c99e236d806a:c2749, 5f4cf9ee-4bed-49de-adaa-861aec894328:c2749]
2019-08-23 02:48:21,418 [grpc-default-executor-2] INFO  client.GrpcClientProtocolClient (GrpcClientProtocolClient.java:onNext(255)) - client-B268B4322F32->17750241-545b-4219-93a1-14a6ea3d85be: receive RaftClientReply:client-B268B4322F32->17750241-545b-4219-93a1-14a6ea3d85be@group-C33FBD9556F2, cid=1880, SUCCESS, logIndex=2753, commits[17750241-545b-4219-93a1-14a6ea3d85be:c2753, 4eaaa090-573e-41d3-9f8c-c99e236d806a:c2749, 5f4cf9ee-4bed-49de-adaa-861aec894328:c2749]
2019-08-23 02:48:21,429 | INFO  | DNAudit | user=null | ip=null | op=WRITE_CHUNK {blockData=conID: 1 locID: 102664011867095571 bcsId: 0} | ret=SUCCESS |  
2019-08-23 02:48:21,429 | INFO  | DNAudit | user=null | ip=null | op=PUT_BLOCK {blockData=[blockId=conID: 1 locID: 102664011867095571 bcsId: 0,size=1048576]} | ret=SUCCESS |  
2019-08-23 02:48:21,432 | INFO  | DNAudit | user=null | ip=null | op=WRITE_CHUNK {blockData=conID: 1 locID: 102664011867095571 bcsId: 0} | ret=SUCCESS |  
2019-08-23 02:48:21,432 | INFO  | DNAudit | user=null | ip=null | op=PUT_BLOCK {blockData=[blockId=conID: 1 locID: 102664011867095571 bcsId: 0,size=1048576]} | ret=SUCCESS |  
2019-08-23 02:48:21,432 [grpc-default-executor-2] INFO  client.GrpcClientProtocolClient (GrpcClientProtocolClient.java:onNext(255)) - client-B268B4322F32->17750241-545b-4219-93a1-14a6ea3d85be: receive RaftClientReply:client-B268B4322F32->17750241-545b-4219-93a1-14a6ea3d85be@group-C33FBD9556F2, cid=1881, SUCCESS, logIndex=0, commits[17750241-545b-4219-93a1-14a6ea3d85be:c2755, 4eaaa090-573e-41d3-9f8c-c99e236d806a:c2751, 5f4cf9ee-4bed-49de-adaa-861aec894328:c2751]
2019-08-23 02:48:21,432 | INFO  | DNAudit | user=null | ip=null | op=WRITE_CHUNK {blockData=conID: 1 locID: 102664011867095571 bcsId: 0} | ret=SUCCESS |  
2019-08-23 02:48:21,433 | INFO  | DNAudit | user=null | ip=null | op=PUT_BLOCK {blockData=[blockId=conID: 1 locID: 102664011867095571 bcsId: 0,size=2097152]} | ret=SUCCESS |  
2019-08-23 02:48:21,439 | INFO  | DNAudit | user=null | ip=null | op=WRITE_CHUNK {blockData=conID: 1 locID: 102664011867095571 bcsId: 2753} | ret=SUCCESS |  
2019-08-23 02:48:21,442 | INFO  | DNAudit | user=null | ip=null | op=WRITE_CHUNK {blockData=conID: 1 locID: 102664011867095571 bcsId: 2753} | ret=SUCCESS |  
2019-08-23 02:48:21,442 | INFO  | DNAudit | user=null | ip=null | op=WRITE_CHUNK {blockData=conID: 1 locID: 102664011867095571 bcsId: 2753} | ret=SUCCESS |  
2019-08-23 02:48:21,443 | INFO  | DNAudit | user=null | ip=null | op=WRITE_CHUNK {blockData=conID: 1 locID: 102664011867095571 bcsId: 0} | ret=SUCCESS |  
2019-08-23 02:48:21,443 | INFO  | DNAudit | user=null | ip=null | op=PUT_BLOCK {blockData=[blockId=conID: 1 locID: 102664011867095571 bcsId: 0,size=2097152]} | ret=SUCCESS |  
2019-08-23 02:48:21,444 | INFO  | DNAudit | user=null | ip=null | op=WRITE_CHUNK {blockData=conID: 1 locID: 102664011867095571 bcsId: 2753} | ret=SUCCESS |  
2019-08-23 02:48:21,445 | INFO  | DNAudit | user=null | ip=null | op=PUT_BLOCK {blockData=[blockId=conID: 1 locID: 102664011867095571 bcsId: 0,size=3145728]} | ret=SUCCESS |  
2019-08-23 02:48:21,445 [grpc-default-executor-5] INFO  client.GrpcClientProtocolClient (GrpcClientProtocolClient.java:onNext(255)) - client-B268B4322F32->17750241-545b-4219-93a1-14a6ea3d85be: receive RaftClientReply:client-B268B4322F32->17750241-545b-4219-93a1-14a6ea3d85be@group-C33FBD9556F2, cid=1882, SUCCESS, logIndex=2758, commits[17750241-545b-4219-93a1-14a6ea3d85be:c2759, 4eaaa090-573e-41d3-9f8c-c99e236d806a:c2753, 5f4cf9ee-4bed-49de-adaa-861aec894328:c2757]
2019-08-23 02:48:21,445 [grpc-default-executor-5] INFO  client.GrpcClientProtocolClient (GrpcClientProtocolClient.java:onNext(255)) - client-B268B4322F32->17750241-545b-4219-93a1-14a6ea3d85be: receive RaftClientReply:client-B268B4322F32->17750241-545b-4219-93a1-14a6ea3d85be@group-C33FBD9556F2, cid=1883, SUCCESS, logIndex=2759, commits[17750241-545b-4219-93a1-14a6ea3d85be:c2759, 4eaaa090-573e-41d3-9f8c-c99e236d806a:c2757, 5f4cf9ee-4bed-49de-adaa-861aec894328:c2757]
2019-08-23 02:48:21,446 | INFO  | DNAudit | user=null | ip=null | op=WRITE_CHUNK {blockData=conID: 1 locID: 102664011867095571 bcsId: 2753} | ret=SUCCESS |  
2019-08-23 02:48:21,446 | INFO  | DNAudit | user=null | ip=null | op=WRITE_CHUNK {blockData=conID: 1 locID: 102664011867095571 bcsId: 2753} | ret=SUCCESS |  
2019-08-23 02:48:21,446 | INFO  | DNAudit | user=null | ip=null | op=PUT_BLOCK {blockData=[blockId=conID: 1 locID: 102664011867095571 bcsId: 0,size=3145728]} | ret=SUCCESS |  
2019-08-23 02:48:21,452 | INFO  | DNAudit | user=null | ip=null | op=WRITE_CHUNK {blockData=conID: 1 locID: 102664011867095571 bcsId: 2759} | ret=SUCCESS |  
2019-08-23 02:48:21,454 | INFO  | DNAudit | user=null | ip=null | op=WRITE_CHUNK {blockData=conID: 1 locID: 102664011867095571 bcsId: 2759} | ret=SUCCESS |  
2019-08-23 02:48:21,454 | INFO  | DNAudit | user=null | ip=null | op=WRITE_CHUNK {blockData=conID: 1 locID: 102664011867095571 bcsId: 2759} | ret=SUCCESS |  
2019-08-23 02:48:21,459 | INFO  | DNAudit | user=null | ip=null | op=PUT_BLOCK {blockData=[blockId=conID: 1 locID: 102664011867095571 bcsId: 0,size=3145728]} | ret=SUCCESS |  
2019-08-23 02:48:21,473 | INFO  | DNAudit | user=null | ip=null | op=WRITE_CHUNK {blockData=conID: 1 locID: 102664011867095571 bcsId: 2759} | ret=SUCCESS |  
2019-08-23 02:48:21,473 | INFO  | DNAudit | user=null | ip=null | op=PUT_BLOCK {blockData=[blockId=conID: 1 locID: 102664011867095571 bcsId: 0,size=4194304]} | ret=SUCCESS |  
2019-08-23 02:48:21,473 [grpc-default-executor-5] INFO  client.GrpcClientProtocolClient (GrpcClientProtocolClient.java:onNext(255)) - client-B268B4322F32->17750241-545b-4219-93a1-14a6ea3d85be: receive RaftClientReply:client-B268B4322F32->17750241-545b-4219-93a1-14a6ea3d85be@group-C33FBD9556F2, cid=1884, SUCCESS, logIndex=2762, commits[17750241-545b-4219-93a1-14a6ea3d85be:c2763, 4eaaa090-573e-41d3-9f8c-c99e236d806a:c2760, 5f4cf9ee-4bed-49de-adaa-861aec894328:c2760]
2019-08-23 02:48:21,473 [grpc-default-executor-5] INFO  client.GrpcClientProtocolClient (GrpcClientProtocolClient.java:onNext(255)) - client-B268B4322F32->17750241-545b-4219-93a1-14a6ea3d85be: receive RaftClientReply:client-B268B4322F32->17750241-545b-4219-93a1-14a6ea3d85be@group-C33FBD9556F2, cid=1885, SUCCESS, logIndex=2763, commits[17750241-545b-4219-93a1-14a6ea3d85be:c2763, 4eaaa090-573e-41d3-9f8c-c99e236d806a:c2760, 5f4cf9ee-4bed-49de-adaa-861aec894328:c2760]
2019-08-23 02:48:21,474 | INFO  | DNAudit | user=null | ip=null | op=WRITE_CHUNK {blockData=conID: 1 locID: 102664011867095571 bcsId: 2759} | ret=SUCCESS |  
2019-08-23 02:48:21,474 | INFO  | DNAudit | user=null | ip=null | op=WRITE_CHUNK {blockData=conID: 1 locID: 102664011867095571 bcsId: 2759} | ret=SUCCESS |  
2019-08-23 02:48:21,477 | INFO  | DNAudit | user=null | ip=null | op=PUT_BLOCK {blockData=[blockId=conID: 1 locID: 102664011867095571 bcsId: 0,size=4194304]} | ret=SUCCESS |  
2019-08-23 02:48:21,477 | INFO  | DNAudit | user=null | ip=null | op=PUT_BLOCK {blockData=[blockId=conID: 1 locID: 102664011867095571 bcsId: 0,size=4194304]} | ret=SUCCESS |  
2019-08-23 02:48:21,478 [grpc-default-executor-5] INFO  client.GrpcClientProtocolClient (GrpcClientProtocolClient.java:onNext(255)) - client-B268B4322F32->17750241-545b-4219-93a1-14a6ea3d85be: receive RaftClientReply:client-B268B4322F32->17750241-545b-4219-93a1-14a6ea3d85be@group-C33FBD9556F2, cid=1886, SUCCESS, logIndex=0, commits[17750241-545b-4219-93a1-14a6ea3d85be:c2765, 4eaaa090-573e-41d3-9f8c-c99e236d806a:c2763, 5f4cf9ee-4bed-49de-adaa-861aec894328:c2763]
2019-08-23 02:48:21,480 | INFO  | SCMAudit | user=jenkins1000 | ip=192.168.34.22 | op=ALLOCATE_BLOCK {owner=31d65bc3-3f70-45f5-bbc5-e3a15f967ba6, size=4194304, type=RATIS, factor=THREE} | ret=SUCCESS |  
2019-08-23 02:48:21,483 | INFO  | OMAudit | user=jenkins1000 | ip=127.0.0.1 | op=ALLOCATE_BLOCK {volume=vol-0-78052, bucket=bucket-0-33874, key=key-0-20719, dataSize=2147483657, replicationType=RATIS, replicationFactor=THREE, keyLocationInfo=[], clientID=102664010308846034} | ret=SUCCESS |  
2019-08-23 02:48:21,493 | INFO  | DNAudit | user=null | ip=null | op=WRITE_CHUNK {blockData=conID: 2 locID: 102664011872993812 bcsId: 0} | ret=SUCCESS |  
2019-08-23 02:48:21,497 | INFO  | DNAudit | user=null | ip=null | op=WRITE_CHUNK {blockData=conID: 2 locID: 102664011872993812 bcsId: 0} | ret=SUCCESS |  
2019-08-23 02:48:21,497 | INFO  | DNAudit | user=null | ip=null | op=WRITE_CHUNK {blockData=conID: 2 locID: 102664011872993812 bcsId: 0} | ret=SUCCESS |  
2019-08-23 02:48:21,498 | INFO  | DNAudit | user=null | ip=null | op=WRITE_CHUNK {blockData=conID: 2 locID: 102664011872993812 bcsId: 0} | ret=SUCCESS |  
2019-08-23 02:48:21,501 | INFO  | DNAudit | user=null | ip=null | op=WRITE_CHUNK {blockData=conID: 2 locID: 102664011872993812 bcsId: 0} | ret=SUCCESS |  
2019-08-23 02:48:21,501 | INFO  | DNAudit | user=null | ip=null | op=WRITE_CHUNK {blockData=conID: 2 locID: 102664011872993812 bcsId: 0} | ret=SUCCESS |  
2019-08-23 02:48:21,505 | INFO  | DNAudit | user=null | ip=null | op=WRITE_CHUNK {blockData=conID: 2 locID: 102664011872993812 bcsId: 0} | ret=SUCCESS |  
2019-08-23 02:48:21,505 | INFO  | DNAudit | user=null | ip=null | op=PUT_BLOCK {blockData=[blockId=conID: 2 locID: 102664011872993812 bcsId: 0,size=1048576]} | ret=SUCCESS |  
2019-08-23 02:48:21,506 [grpc-default-executor-6] INFO  client.GrpcClientProtocolClient (GrpcClientProtocolClient.java:onNext(255)) - client-B268B4322F32->17750241-545b-4219-93a1-14a6ea3d85be: receive RaftClientReply:client-B268B4322F32->17750241-545b-4219-93a1-14a6ea3d85be@group-C33FBD9556F2, cid=1887, SUCCESS, logIndex=2766, commits[17750241-545b-4219-93a1-14a6ea3d85be:c2767, 4eaaa090-573e-41d3-9f8c-c99e236d806a:c2765, 5f4cf9ee-4bed-49de-adaa-861aec894328:c2765]
2019-08-23 02:48:21,506 | INFO  | DNAudit | user=null | ip=null | op=WRITE_CHUNK {blockData=conID: 2 locID: 102664011872993812 bcsId: 0} | ret=SUCCESS |  
2019-08-23 02:48:21,506 [grpc-default-executor-6] INFO  client.GrpcClientProtocolClient (GrpcClientProtocolClient.java:onNext(255)) - client-B268B4322F32->17750241-545b-4219-93a1-14a6ea3d85be: receive RaftClientReply:client-B268B4322F32->17750241-545b-4219-93a1-14a6ea3d85be@group-C33FBD9556F2, cid=1888, SUCCESS, logIndex=2767, commits[17750241-545b-4219-93a1-14a6ea3d85be:c2767, 4eaaa090-573e-41d3-9f8c-c99e236d806a:c2765, 5f4cf9ee-4bed-49de-adaa-861aec894328:c2765]
2019-08-23 02:48:21,506 | INFO  | DNAudit | user=null | ip=null | op=PUT_BLOCK {blockData=[blockId=conID: 2 locID: 102664011872993812 bcsId: 0,size=2097152]} | ret=SUCCESS |  
2019-08-23 02:48:21,507 | INFO  | DNAudit | user=null | ip=null | op=WRITE_CHUNK {blockData=conID: 2 locID: 102664011872993812 bcsId: 0} | ret=SUCCESS |  
2019-08-23 02:48:21,507 [grpc-default-executor-2] INFO  client.GrpcClientProtocolClient (GrpcClientProtocolClient.java:onNext(255)) - client-B268B4322F32->17750241-545b-4219-93a1-14a6ea3d85be: receive RaftClientReply:client-B268B4322F32->17750241-545b-4219-93a1-14a6ea3d85be@group-C33FBD9556F2, cid=1889, SUCCESS, logIndex=2768, commits[17750241-545b-4219-93a1-14a6ea3d85be:c2769, 4eaaa090-573e-41d3-9f8c-c99e236d806a:c2765, 5f4cf9ee-4bed-49de-adaa-861aec894328:c2765]
2019-08-23 02:48:21,508 | INFO  | DNAudit | user=null | ip=null | op=PUT_BLOCK {blockData=[blockId=conID: 2 locID: 102664011872993812 bcsId: 0,size=1048576]} | ret=SUCCESS |  
2019-08-23 02:48:21,507 [grpc-default-executor-2] INFO  client.GrpcClientProtocolClient (GrpcClientProtocolClient.java:onNext(255)) - client-B268B4322F32->17750241-545b-4219-93a1-14a6ea3d85be: receive RaftClientReply:client-B268B4322F32->17750241-545b-4219-93a1-14a6ea3d85be@group-C33FBD9556F2, cid=1890, SUCCESS, logIndex=2769, commits[17750241-545b-4219-93a1-14a6ea3d85be:c2769, 4eaaa090-573e-41d3-9f8c-c99e236d806a:c2765, 5f4cf9ee-4bed-49de-adaa-861aec894328:c2765]
2019-08-23 02:48:21,510 | INFO  | DNAudit | user=null | ip=null | op=WRITE_CHUNK {blockData=conID: 2 locID: 102664011872993812 bcsId: 0} | ret=SUCCESS |  
2019-08-23 02:48:21,510 | INFO  | DNAudit | user=null | ip=null | op=WRITE_CHUNK {blockData=conID: 2 locID: 102664011872993812 bcsId: 0} | ret=SUCCESS |  
2019-08-23 02:48:21,510 | INFO  | DNAudit | user=null | ip=null | op=PUT_BLOCK {blockData=[blockId=conID: 2 locID: 102664011872993812 bcsId: 0,size=2097152]} | ret=SUCCESS |  
2019-08-23 02:48:21,510 | INFO  | DNAudit | user=null | ip=null | op=PUT_BLOCK {blockData=[blockId=conID: 2 locID: 102664011872993812 bcsId: 0,size=1048576]} | ret=SUCCESS |  
2019-08-23 02:48:21,511 | INFO  | DNAudit | user=null | ip=null | op=WRITE_CHUNK {blockData=conID: 2 locID: 102664011872993812 bcsId: 0} | ret=SUCCESS |  
2019-08-23 02:48:21,511 [grpc-default-executor-2] INFO  client.GrpcClientProtocolClient (GrpcClientProtocolClient.java:onNext(255)) - client-B268B4322F32->17750241-545b-4219-93a1-14a6ea3d85be: receive RaftClientReply:client-B268B4322F32->17750241-545b-4219-93a1-14a6ea3d85be@group-C33FBD9556F2, cid=1891, SUCCESS, logIndex=0, commits[17750241-545b-4219-93a1-14a6ea3d85be:c2773, 4eaaa090-573e-41d3-9f8c-c99e236d806a:c2767, 5f4cf9ee-4bed-49de-adaa-861aec894328:c2769]
2019-08-23 02:48:21,511 | INFO  | DNAudit | user=null | ip=null | op=PUT_BLOCK {blockData=[blockId=conID: 2 locID: 102664011872993812 bcsId: 0,size=2097152]} | ret=SUCCESS |  
2019-08-23 02:48:21,518 | INFO  | DNAudit | user=null | ip=null | op=WRITE_CHUNK {blockData=conID: 2 locID: 102664011872993812 bcsId: 2769} | ret=SUCCESS |  
2019-08-23 02:48:21,520 | INFO  | DNAudit | user=null | ip=null | op=WRITE_CHUNK {blockData=conID: 2 locID: 102664011872993812 bcsId: 2769} | ret=SUCCESS |  
2019-08-23 02:48:21,521 | INFO  | DNAudit | user=null | ip=null | op=WRITE_CHUNK {blockData=conID: 2 locID: 102664011872993812 bcsId: 2769} | ret=SUCCESS |  
2019-08-23 02:48:21,531 | INFO  | DNAudit | user=null | ip=null | op=WRITE_CHUNK {blockData=conID: 2 locID: 102664011872993812 bcsId: 2769} | ret=SUCCESS |  
2019-08-23 02:48:21,532 | INFO  | DNAudit | user=null | ip=null | op=PUT_BLOCK {blockData=[blockId=conID: 2 locID: 102664011872993812 bcsId: 0,size=3145728]} | ret=SUCCESS |  
2019-08-23 02:48:21,532 [grpc-default-executor-2] INFO  client.GrpcClientProtocolClient (GrpcClientProtocolClient.java:onNext(255)) - client-B268B4322F32->17750241-545b-4219-93a1-14a6ea3d85be: receive RaftClientReply:client-B268B4322F32->17750241-545b-4219-93a1-14a6ea3d85be@group-C33FBD9556F2, cid=1892, SUCCESS, logIndex=2774, commits[17750241-545b-4219-93a1-14a6ea3d85be:c2775, 4eaaa090-573e-41d3-9f8c-c99e236d806a:c2773, 5f4cf9ee-4bed-49de-adaa-861aec894328:c2773]
2019-08-23 02:48:21,532 [grpc-default-executor-2] INFO  client.GrpcClientProtocolClient (GrpcClientProtocolClient.java:onNext(255)) - client-B268B4322F32->17750241-545b-4219-93a1-14a6ea3d85be: receive RaftClientReply:client-B268B4322F32->17750241-545b-4219-93a1-14a6ea3d85be@group-C33FBD9556F2, cid=1893, SUCCESS, logIndex=2775, commits[17750241-545b-4219-93a1-14a6ea3d85be:c2775, 4eaaa090-573e-41d3-9f8c-c99e236d806a:c2773, 5f4cf9ee-4bed-49de-adaa-861aec894328:c2773]
2019-08-23 02:48:21,539 | INFO  | DNAudit | user=null | ip=null | op=WRITE_CHUNK {blockData=conID: 2 locID: 102664011872993812 bcsId: 2775} | ret=SUCCESS |  
2019-08-23 02:48:21,541 | INFO  | DNAudit | user=null | ip=null | op=WRITE_CHUNK {blockData=conID: 2 locID: 102664011872993812 bcsId: 2775} | ret=SUCCESS |  
2019-08-23 02:48:21,541 | INFO  | DNAudit | user=null | ip=null | op=WRITE_CHUNK {blockData=conID: 2 locID: 102664011872993812 bcsId: 2775} | ret=SUCCESS |  
2019-08-23 02:48:21,547 | INFO  | DNAudit | user=null | ip=null | op=WRITE_CHUNK {blockData=conID: 2 locID: 102664011872993812 bcsId: 2769} | ret=SUCCESS |  
2019-08-23 02:48:21,547 | INFO  | DNAudit | user=null | ip=null | op=WRITE_CHUNK {blockData=conID: 2 locID: 102664011872993812 bcsId: 2769} | ret=SUCCESS |  
2019-08-23 02:48:21,549 | INFO  | DNAudit | user=null | ip=null | op=PUT_BLOCK {blockData=[blockId=conID: 2 locID: 102664011872993812 bcsId: 0,size=3145728]} | ret=SUCCESS |  
2019-08-23 02:48:21,550 | INFO  | DNAudit | user=null | ip=null | op=PUT_BLOCK {blockData=[blockId=conID: 2 locID: 102664011872993812 bcsId: 0,size=3145728]} | ret=SUCCESS |  
2019-08-23 02:48:21,550 | INFO  | DNAudit | user=null | ip=null | op=WRITE_CHUNK {blockData=conID: 2 locID: 102664011872993812 bcsId: 2775} | ret=SUCCESS |  
2019-08-23 02:48:21,550 | INFO  | DNAudit | user=null | ip=null | op=PUT_BLOCK {blockData=[blockId=conID: 2 locID: 102664011872993812 bcsId: 0,size=4194304]} | ret=SUCCESS |  
2019-08-23 02:48:21,550 [grpc-default-executor-2] INFO  client.GrpcClientProtocolClient (GrpcClientProtocolClient.java:onNext(255)) - client-B268B4322F32->17750241-545b-4219-93a1-14a6ea3d85be: receive RaftClientReply:client-B268B4322F32->17750241-545b-4219-93a1-14a6ea3d85be@group-C33FBD9556F2, cid=1894, SUCCESS, logIndex=2778, commits[17750241-545b-4219-93a1-14a6ea3d85be:c2779, 4eaaa090-573e-41d3-9f8c-c99e236d806a:c2775, 5f4cf9ee-4bed-49de-adaa-861aec894328:c2775]
2019-08-23 02:48:21,551 [grpc-default-executor-2] INFO  client.GrpcClientProtocolClient (GrpcClientProtocolClient.java:onNext(255)) - client-B268B4322F32->17750241-545b-4219-93a1-14a6ea3d85be: receive RaftClientReply:client-B268B4322F32->17750241-545b-4219-93a1-14a6ea3d85be@group-C33FBD9556F2, cid=1895, SUCCESS, logIndex=2779, commits[17750241-545b-4219-93a1-14a6ea3d85be:c2779, 4eaaa090-573e-41d3-9f8c-c99e236d806a:c2775, 5f4cf9ee-4bed-49de-adaa-861aec894328:c2775]
2019-08-23 02:48:21,561 | INFO  | DNAudit | user=null | ip=null | op=WRITE_CHUNK {blockData=conID: 2 locID: 102664011872993812 bcsId: 2775} | ret=SUCCESS |  
2019-08-23 02:48:21,562 | INFO  | DNAudit | user=null | ip=null | op=WRITE_CHUNK {blockData=conID: 2 locID: 102664011872993812 bcsId: 2775} | ret=SUCCESS |  
2019-08-23 02:48:21,563 | INFO  | DNAudit | user=null | ip=null | op=PUT_BLOCK {blockData=[blockId=conID: 2 locID: 102664011872993812 bcsId: 0,size=4194304]} | ret=SUCCESS |  
2019-08-23 02:48:21,565 | INFO  | DNAudit | user=null | ip=null | op=PUT_BLOCK {blockData=[blockId=conID: 2 locID: 102664011872993812 bcsId: 0,size=4194304]} | ret=SUCCESS |  
2019-08-23 02:48:21,565 [grpc-default-executor-2] INFO  client.GrpcClientProtocolClient (GrpcClientProtocolClient.java:onNext(255)) - client-B268B4322F32->17750241-545b-4219-93a1-14a6ea3d85be: receive RaftClientReply:client-B268B4322F32->17750241-545b-4219-93a1-14a6ea3d85be@group-C33FBD9556F2, cid=1896, SUCCESS, logIndex=0, commits[17750241-545b-4219-93a1-14a6ea3d85be:c2781, 4eaaa090-573e-41d3-9f8c-c99e236d806a:c2779, 5f4cf9ee-4bed-49de-adaa-861aec894328:c2779]
2019-08-23 02:48:21,568 | INFO  | SCMAudit | user=jenkins1000 | ip=192.168.34.22 | op=ALLOCATE_BLOCK {owner=31d65bc3-3f70-45f5-bbc5-e3a15f967ba6, size=4194304, type=RATIS, factor=THREE} | ret=SUCCESS |  
2019-08-23 02:48:21,572 | INFO  | OMAudit | user=jenkins1000 | ip=127.0.0.1 | op=ALLOCATE_BLOCK {volume=vol-0-78052, bucket=bucket-0-33874, key=key-0-20719, dataSize=2147483657, replicationType=RATIS, replicationFactor=THREE, keyLocationInfo=[], clientID=102664010308846034} | ret=SUCCESS |  
 0.00% |█                                                                                                    |  0/1 Time: 0:00:242019-08-23 02:48:21,718 | INFO  | SCMAudit | user=jenkins1000 | ip=192.168.34.22 | op=SEND_HEARTBEAT {datanodeUUID=66ab6a68-e61f-4535-ab2f-12fe560929ed, command=[]} | ret=SUCCESS |  
2019-08-23 02:48:21,719 | INFO  | DNAudit | user=null | ip=null | op=WRITE_CHUNK {blockData=conID: 3 locID: 102664011878760981 bcsId: 0} | ret=SUCCESS |  
2019-08-23 02:48:21,722 | INFO  | DNAudit | user=null | ip=null | op=WRITE_CHUNK {blockData=conID: 3 locID: 102664011878760981 bcsId: 0} | ret=SUCCESS |  
2019-08-23 02:48:21,722 | INFO  | DNAudit | user=null | ip=null | op=WRITE_CHUNK {blockData=conID: 3 locID: 102664011878760981 bcsId: 0} | ret=SUCCESS |  
2019-08-23 02:48:21,722 | INFO  | DNAudit | user=null | ip=null | op=WRITE_CHUNK {blockData=conID: 3 locID: 102664011878760981 bcsId: 0} | ret=SUCCESS |  
2019-08-23 02:48:21,724 | INFO  | DNAudit | user=null | ip=null | op=WRITE_CHUNK {blockData=conID: 3 locID: 102664011878760981 bcsId: 0} | ret=SUCCESS |  
2019-08-23 02:48:21,724 | INFO  | DNAudit | user=null | ip=null | op=WRITE_CHUNK {blockData=conID: 3 locID: 102664011878760981 bcsId: 0} | ret=SUCCESS |  
2019-08-23 02:48:21,732 | INFO  | DNAudit | user=null | ip=null | op=WRITE_CHUNK {blockData=conID: 3 locID: 102664011878760981 bcsId: 0} | ret=SUCCESS |  
2019-08-23 02:48:21,733 | INFO  | DNAudit | user=null | ip=null | op=PUT_BLOCK {blockData=[blockId=conID: 3 locID: 102664011878760981 bcsId: 0,size=1048576]} | ret=SUCCESS |  
2019-08-23 02:48:21,733 [grpc-default-executor-1] INFO  client.GrpcClientProtocolClient (GrpcClientProtocolClient.java:onNext(255)) - client-B268B4322F32->17750241-545b-4219-93a1-14a6ea3d85be: receive RaftClientReply:client-B268B4322F32->17750241-545b-4219-93a1-14a6ea3d85be@group-C33FBD9556F2, cid=1897, SUCCESS, logIndex=2782, commits[17750241-545b-4219-93a1-14a6ea3d85be:c2783, 4eaaa090-573e-41d3-9f8c-c99e236d806a:c2781, 5f4cf9ee-4bed-49de-adaa-861aec894328:c2781]
2019-08-23 02:48:21,733 | INFO  | DNAudit | user=null | ip=null | op=WRITE_CHUNK {blockData=conID: 3 locID: 102664011878760981 bcsId: 0} | ret=SUCCESS |  
2019-08-23 02:48:21,733 | INFO  | DNAudit | user=null | ip=null | op=PUT_BLOCK {blockData=[blockId=conID: 3 locID: 102664011878760981 bcsId: 0,size=2097152]} | ret=SUCCESS |  
2019-08-23 02:48:21,733 [grpc-default-executor-1] INFO  client.GrpcClientProtocolClient (GrpcClientProtocolClient.java:onNext(255)) - client-B268B4322F32->17750241-545b-4219-93a1-14a6ea3d85be: receive RaftClientReply:client-B268B4322F32->17750241-545b-4219-93a1-14a6ea3d85be@group-C33FBD9556F2, cid=1898, SUCCESS, logIndex=2783, commits[17750241-545b-4219-93a1-14a6ea3d85be:c2785, 4eaaa090-573e-41d3-9f8c-c99e236d806a:c2781, 5f4cf9ee-4bed-49de-adaa-861aec894328:c2781]
2019-08-23 02:48:21,734 [grpc-default-executor-1] INFO  client.GrpcClientProtocolClient (GrpcClientProtocolClient.java:onNext(255)) - client-B268B4322F32->17750241-545b-4219-93a1-14a6ea3d85be: receive RaftClientReply:client-B268B4322F32->17750241-545b-4219-93a1-14a6ea3d85be@group-C33FBD9556F2, cid=1899, SUCCESS, logIndex=2784, commits[17750241-545b-4219-93a1-14a6ea3d85be:c2785, 4eaaa090-573e-41d3-9f8c-c99e236d806a:c2781, 5f4cf9ee-4bed-49de-adaa-861aec894328:c2781]
2019-08-23 02:48:21,734 [grpc-default-executor-1] INFO  client.GrpcClientProtocolClient (GrpcClientProtocolClient.java:onNext(255)) - client-B268B4322F32->17750241-545b-4219-93a1-14a6ea3d85be: receive RaftClientReply:client-B268B4322F32->17750241-545b-4219-93a1-14a6ea3d85be@group-C33FBD9556F2, cid=1900, SUCCESS, logIndex=2785, commits[17750241-545b-4219-93a1-14a6ea3d85be:c2785, 4eaaa090-573e-41d3-9f8c-c99e236d806a:c2781, 5f4cf9ee-4bed-49de-adaa-861aec894328:c2781]
2019-08-23 02:48:21,745 | INFO  | DNAudit | user=null | ip=null | op=WRITE_CHUNK {blockData=conID: 3 locID: 102664011878760981 bcsId: 0} | ret=SUCCESS |  
2019-08-23 02:48:21,746 | INFO  | DNAudit | user=null | ip=null | op=PUT_BLOCK {blockData=[blockId=conID: 3 locID: 102664011878760981 bcsId: 0,size=1048576]} | ret=SUCCESS |  
2019-08-23 02:48:21,746 | INFO  | DNAudit | user=null | ip=null | op=WRITE_CHUNK {blockData=conID: 3 locID: 102664011878760981 bcsId: 0} | ret=SUCCESS |  
2019-08-23 02:48:21,746 | INFO  | DNAudit | user=null | ip=null | op=PUT_BLOCK {blockData=[blockId=conID: 3 locID: 102664011878760981 bcsId: 0,size=1048576]} | ret=SUCCESS |  
2019-08-23 02:48:21,747 | INFO  | DNAudit | user=null | ip=null | op=WRITE_CHUNK {blockData=conID: 3 locID: 102664011878760981 bcsId: 0} | ret=SUCCESS |  
2019-08-23 02:48:21,747 | INFO  | DNAudit | user=null | ip=null | op=WRITE_CHUNK {blockData=conID: 3 locID: 102664011878760981 bcsId: 0} | ret=SUCCESS |  
2019-08-23 02:48:21,747 | INFO  | DNAudit | user=null | ip=null | op=PUT_BLOCK {blockData=[blockId=conID: 3 locID: 102664011878760981 bcsId: 0,size=2097152]} | ret=SUCCESS |  
2019-08-23 02:48:21,747 [grpc-default-executor-1] INFO  client.GrpcClientProtocolClient (GrpcClientProtocolClient.java:onNext(255)) - client-B268B4322F32->17750241-545b-4219-93a1-14a6ea3d85be: receive RaftClientReply:client-B268B4322F32->17750241-545b-4219-93a1-14a6ea3d85be@group-C33FBD9556F2, cid=1901, SUCCESS, logIndex=0, commits[17750241-545b-4219-93a1-14a6ea3d85be:c2787, 4eaaa090-573e-41d3-9f8c-c99e236d806a:c2783, 5f4cf9ee-4bed-49de-adaa-861aec894328:c2783]
2019-08-23 02:48:21,747 | INFO  | DNAudit | user=null | ip=null | op=PUT_BLOCK {blockData=[blockId=conID: 3 locID: 102664011878760981 bcsId: 0,size=2097152]} | ret=SUCCESS |  
2019-08-23 02:48:21,753 | INFO  | DNAudit | user=null | ip=null | op=WRITE_CHUNK {blockData=conID: 3 locID: 102664011878760981 bcsId: 2785} | ret=SUCCESS |  
2019-08-23 02:48:21,755 | INFO  | DNAudit | user=null | ip=null | op=WRITE_CHUNK {blockData=conID: 3 locID: 102664011878760981 bcsId: 2785} | ret=SUCCESS |  
2019-08-23 02:48:21,755 | INFO  | DNAudit | user=null | ip=null | op=WRITE_CHUNK {blockData=conID: 3 locID: 102664011878760981 bcsId: 2785} | ret=SUCCESS |  
2019-08-23 02:48:21,766 | INFO  | DNAudit | user=null | ip=null | op=WRITE_CHUNK {blockData=conID: 3 locID: 102664011878760981 bcsId: 2785} | ret=SUCCESS |  
2019-08-23 02:48:21,766 | INFO  | DNAudit | user=null | ip=null | op=PUT_BLOCK {blockData=[blockId=conID: 3 locID: 102664011878760981 bcsId: 0,size=3145728]} | ret=SUCCESS |  
2019-08-23 02:48:21,766 [grpc-default-executor-6] INFO  client.GrpcClientProtocolClient (GrpcClientProtocolClient.java:onNext(255)) - client-B268B4322F32->17750241-545b-4219-93a1-14a6ea3d85be: receive RaftClientReply:client-B268B4322F32->17750241-545b-4219-93a1-14a6ea3d85be@group-C33FBD9556F2, cid=1902, SUCCESS, logIndex=2790, commits[17750241-545b-4219-93a1-14a6ea3d85be:c2791, 4eaaa090-573e-41d3-9f8c-c99e236d806a:c2789, 5f4cf9ee-4bed-49de-adaa-861aec894328:c2789]
2019-08-23 02:48:21,767 [grpc-default-executor-6] INFO  client.GrpcClientProtocolClient (GrpcClientProtocolClient.java:onNext(255)) - client-B268B4322F32->17750241-545b-4219-93a1-14a6ea3d85be: receive RaftClientReply:client-B268B4322F32->17750241-545b-4219-93a1-14a6ea3d85be@group-C33FBD9556F2, cid=1903, SUCCESS, logIndex=2791, commits[17750241-545b-4219-93a1-14a6ea3d85be:c2791, 4eaaa090-573e-41d3-9f8c-c99e236d806a:c2789, 5f4cf9ee-4bed-49de-adaa-861aec894328:c2789]
2019-08-23 02:48:21,774 | INFO  | DNAudit | user=null | ip=null | op=WRITE_CHUNK {blockData=conID: 3 locID: 102664011878760981 bcsId: 2791} | ret=SUCCESS |  
2019-08-23 02:48:21,776 | INFO  | DNAudit | user=null | ip=null | op=WRITE_CHUNK {blockData=conID: 3 locID: 102664011878760981 bcsId: 2791} | ret=SUCCESS |  
2019-08-23 02:48:21,777 | INFO  | DNAudit | user=null | ip=null | op=WRITE_CHUNK {blockData=conID: 3 locID: 102664011878760981 bcsId: 2791} | ret=SUCCESS |  
2019-08-23 02:48:21,778 | INFO  | DNAudit | user=null | ip=null | op=WRITE_CHUNK {blockData=conID: 3 locID: 102664011878760981 bcsId: 2785} | ret=SUCCESS |  
2019-08-23 02:48:21,778 | INFO  | DNAudit | user=null | ip=null | op=WRITE_CHUNK {blockData=conID: 3 locID: 102664011878760981 bcsId: 2785} | ret=SUCCESS |  
2019-08-23 02:48:21,790 | INFO  | DNAudit | user=null | ip=null | op=PUT_BLOCK {blockData=[blockId=conID: 3 locID: 102664011878760981 bcsId: 0,size=3145728]} | ret=SUCCESS |  
2019-08-23 02:48:21,790 | INFO  | DNAudit | user=null | ip=null | op=PUT_BLOCK {blockData=[blockId=conID: 3 locID: 102664011878760981 bcsId: 0,size=3145728]} | ret=SUCCESS |  
2019-08-23 02:48:21,790 | INFO  | DNAudit | user=null | ip=null | op=WRITE_CHUNK {blockData=conID: 3 locID: 102664011878760981 bcsId: 2791} | ret=SUCCESS |  
2019-08-23 02:48:21,791 | INFO  | DNAudit | user=null | ip=null | op=PUT_BLOCK {blockData=[blockId=conID: 3 locID: 102664011878760981 bcsId: 0,size=4194304]} | ret=SUCCESS |  
2019-08-23 02:48:21,791 [grpc-default-executor-6] INFO  client.GrpcClientProtocolClient (GrpcClientProtocolClient.java:onNext(255)) - client-B268B4322F32->17750241-545b-4219-93a1-14a6ea3d85be: receive RaftClientReply:client-B268B4322F32->17750241-545b-4219-93a1-14a6ea3d85be@group-C33FBD9556F2, cid=1904, SUCCESS, logIndex=2794, commits[17750241-545b-4219-93a1-14a6ea3d85be:c2795, 4eaaa090-573e-41d3-9f8c-c99e236d806a:c2791, 5f4cf9ee-4bed-49de-adaa-861aec894328:c2791]
2019-08-23 02:48:21,791 [grpc-default-executor-6] INFO  client.GrpcClientProtocolClient (GrpcClientProtocolClient.java:onNext(255)) - client-B268B4322F32->17750241-545b-4219-93a1-14a6ea3d85be: receive RaftClientReply:client-B268B4322F32->17750241-545b-4219-93a1-14a6ea3d85be@group-C33FBD9556F2, cid=1905, SUCCESS, logIndex=2795, commits[17750241-545b-4219-93a1-14a6ea3d85be:c2795, 4eaaa090-573e-41d3-9f8c-c99e236d806a:c2791, 5f4cf9ee-4bed-49de-adaa-861aec894328:c2791]
2019-08-23 02:48:21,802 | INFO  | DNAudit | user=null | ip=null | op=WRITE_CHUNK {blockData=conID: 3 locID: 102664011878760981 bcsId: 2791} | ret=SUCCESS |  
2019-08-23 02:48:21,802 | INFO  | DNAudit | user=null | ip=null | op=WRITE_CHUNK {blockData=conID: 3 locID: 102664011878760981 bcsId: 2791} | ret=SUCCESS |  
2019-08-23 02:48:21,802 | INFO  | DNAudit | user=null | ip=null | op=PUT_BLOCK {blockData=[blockId=conID: 3 locID: 102664011878760981 bcsId: 0,size=4194304]} | ret=SUCCESS |  
2019-08-23 02:48:21,802 | INFO  | DNAudit | user=null | ip=null | op=PUT_BLOCK {blockData=[blockId=conID: 3 locID: 102664011878760981 bcsId: 0,size=4194304]} | ret=SUCCESS |  
2019-08-23 02:48:21,802 [grpc-default-executor-6] INFO  client.GrpcClientProtocolClient (GrpcClientProtocolClient.java:onNext(255)) - client-B268B4322F32->17750241-545b-4219-93a1-14a6ea3d85be: receive RaftClientReply:client-B268B4322F32->17750241-545b-4219-93a1-14a6ea3d85be@group-C33FBD9556F2, cid=1906, SUCCESS, logIndex=0, commits[17750241-545b-4219-93a1-14a6ea3d85be:c2796, 4eaaa090-573e-41d3-9f8c-c99e236d806a:c2795, 5f4cf9ee-4bed-49de-adaa-861aec894328:c2795]
2019-08-23 02:48:21,804 | INFO  | SCMAudit | user=jenkins1000 | ip=192.168.34.22 | op=ALLOCATE_BLOCK {owner=31d65bc3-3f70-45f5-bbc5-e3a15f967ba6, size=4194304, type=RATIS, factor=THREE} | ret=SUCCESS |  
2019-08-23 02:48:21,808 | INFO  | OMAudit | user=jenkins1000 | ip=127.0.0.1 | op=ALLOCATE_BLOCK {volume=vol-0-78052, bucket=bucket-0-33874, key=key-0-20719, dataSize=2147483657, replicationType=RATIS, replicationFactor=THREE, keyLocationInfo=[], clientID=102664010308846034} | ret=SUCCESS |  
2019-08-23 02:48:21,818 | INFO  | DNAudit | user=null | ip=null | op=WRITE_CHUNK {blockData=conID: 1 locID: 102664011894227478 bcsId: 0} | ret=SUCCESS |  
2019-08-23 02:48:21,820 | INFO  | DNAudit | user=null | ip=null | op=WRITE_CHUNK {blockData=conID: 1 locID: 102664011894227478 bcsId: 0} | ret=SUCCESS |  
2019-08-23 02:48:21,820 | INFO  | DNAudit | user=null | ip=null | op=WRITE_CHUNK {blockData=conID: 1 locID: 102664011894227478 bcsId: 0} | ret=SUCCESS |  
2019-08-23 02:48:21,820 | INFO  | DNAudit | user=null | ip=null | op=WRITE_CHUNK {blockData=conID: 1 locID: 102664011894227478 bcsId: 0} | ret=SUCCESS |  
2019-08-23 02:48:21,822 | INFO  | DNAudit | user=null | ip=null | op=WRITE_CHUNK {blockData=conID: 1 locID: 102664011894227478 bcsId: 0} | ret=SUCCESS |  
2019-08-23 02:48:21,823 | INFO  | DNAudit | user=null | ip=null | op=WRITE_CHUNK {blockData=conID: 1 locID: 102664011894227478 bcsId: 0} | ret=SUCCESS |  
2019-08-23 02:48:21,823 | INFO  | DNAudit | user=null | ip=null | op=WRITE_CHUNK {blockData=conID: 1 locID: 102664011894227478 bcsId: 0} | ret=SUCCESS |  
2019-08-23 02:48:21,824 | INFO  | DNAudit | user=null | ip=null | op=PUT_BLOCK {blockData=[blockId=conID: 1 locID: 102664011894227478 bcsId: 0,size=1048576]} | ret=SUCCESS |  
2019-08-23 02:48:21,824 [grpc-default-executor-2] INFO  client.GrpcClientProtocolClient (GrpcClientProtocolClient.java:onNext(255)) - client-B268B4322F32->17750241-545b-4219-93a1-14a6ea3d85be: receive RaftClientReply:client-B268B4322F32->17750241-545b-4219-93a1-14a6ea3d85be@group-C33FBD9556F2, cid=1907, SUCCESS, logIndex=2798, commits[17750241-545b-4219-93a1-14a6ea3d85be:c2799, 4eaaa090-573e-41d3-9f8c-c99e236d806a:c2797, 5f4cf9ee-4bed-49de-adaa-861aec894328:c2797]
2019-08-23 02:48:21,825 | INFO  | DNAudit | user=null | ip=null | op=WRITE_CHUNK {blockData=conID: 1 locID: 102664011894227478 bcsId: 0} | ret=SUCCESS |  
2019-08-23 02:48:21,825 [grpc-default-executor-2] INFO  client.GrpcClientProtocolClient (GrpcClientProtocolClient.java:onNext(255)) - client-B268B4322F32->17750241-545b-4219-93a1-14a6ea3d85be: receive RaftClientReply:client-B268B4322F32->17750241-545b-4219-93a1-14a6ea3d85be@group-C33FBD9556F2, cid=1908, SUCCESS, logIndex=2799, commits[17750241-545b-4219-93a1-14a6ea3d85be:c2799, 4eaaa090-573e-41d3-9f8c-c99e236d806a:c2797, 5f4cf9ee-4bed-49de-adaa-861aec894328:c2797]
2019-08-23 02:48:21,825 | INFO  | DNAudit | user=null | ip=null | op=PUT_BLOCK {blockData=[blockId=conID: 1 locID: 102664011894227478 bcsId: 0,size=2097152]} | ret=SUCCESS |  
2019-08-23 02:48:21,825 [grpc-default-executor-2] INFO  client.GrpcClientProtocolClient (GrpcClientProtocolClient.java:onNext(255)) - client-B268B4322F32->17750241-545b-4219-93a1-14a6ea3d85be: receive RaftClientReply:client-B268B4322F32->17750241-545b-4219-93a1-14a6ea3d85be@group-C33FBD9556F2, cid=1909, SUCCESS, logIndex=2800, commits[17750241-545b-4219-93a1-14a6ea3d85be:c2801, 4eaaa090-573e-41d3-9f8c-c99e236d806a:c2797, 5f4cf9ee-4bed-49de-adaa-861aec894328:c2797]
2019-08-23 02:48:21,825 [grpc-default-executor-2] INFO  client.GrpcClientProtocolClient (GrpcClientProtocolClient.java:onNext(255)) - client-B268B4322F32->17750241-545b-4219-93a1-14a6ea3d85be: receive RaftClientReply:client-B268B4322F32->17750241-545b-4219-93a1-14a6ea3d85be@group-C33FBD9556F2, cid=1910, SUCCESS, logIndex=2801, commits[17750241-545b-4219-93a1-14a6ea3d85be:c2801, 4eaaa090-573e-41d3-9f8c-c99e236d806a:c2797, 5f4cf9ee-4bed-49de-adaa-861aec894328:c2797]
2019-08-23 02:48:21,836 | INFO  | DNAudit | user=null | ip=null | op=WRITE_CHUNK {blockData=conID: 1 locID: 102664011894227478 bcsId: 0} | ret=SUCCESS |  
2019-08-23 02:48:21,837 | INFO  | DNAudit | user=null | ip=null | op=WRITE_CHUNK {blockData=conID: 1 locID: 102664011894227478 bcsId: 0} | ret=SUCCESS |  
2019-08-23 02:48:21,837 | INFO  | DNAudit | user=null | ip=null | op=PUT_BLOCK {blockData=[blockId=conID: 1 locID: 102664011894227478 bcsId: 0,size=1048576]} | ret=SUCCESS |  
2019-08-23 02:48:21,837 | INFO  | DNAudit | user=null | ip=null | op=PUT_BLOCK {blockData=[blockId=conID: 1 locID: 102664011894227478 bcsId: 0,size=1048576]} | ret=SUCCESS |  
2019-08-23 02:48:21,837 | INFO  | DNAudit | user=null | ip=null | op=WRITE_CHUNK {blockData=conID: 1 locID: 102664011894227478 bcsId: 0} | ret=SUCCESS |  
2019-08-23 02:48:21,837 | INFO  | DNAudit | user=null | ip=null | op=WRITE_CHUNK {blockData=conID: 1 locID: 102664011894227478 bcsId: 0} | ret=SUCCESS |  
2019-08-23 02:48:21,837 [grpc-default-executor-2] INFO  client.GrpcClientProtocolClient (GrpcClientProtocolClient.java:onNext(255)) - client-B268B4322F32->17750241-545b-4219-93a1-14a6ea3d85be: receive RaftClientReply:client-B268B4322F32->17750241-545b-4219-93a1-14a6ea3d85be@group-C33FBD9556F2, cid=1911, SUCCESS, logIndex=0, commits[17750241-545b-4219-93a1-14a6ea3d85be:c2803, 4eaaa090-573e-41d3-9f8c-c99e236d806a:c2799, 5f4cf9ee-4bed-49de-adaa-861aec894328:c2799]
2019-08-23 02:48:21,838 | INFO  | DNAudit | user=null | ip=null | op=PUT_BLOCK {blockData=[blockId=conID: 1 locID: 102664011894227478 bcsId: 0,size=2097152]} | ret=SUCCESS |  
2019-08-23 02:48:21,838 | INFO  | DNAudit | user=null | ip=null | op=PUT_BLOCK {blockData=[blockId=conID: 1 locID: 102664011894227478 bcsId: 0,size=2097152]} | ret=SUCCESS |  
2019-08-23 02:48:21,843 | INFO  | DNAudit | user=null | ip=null | op=WRITE_CHUNK {blockData=conID: 1 locID: 102664011894227478 bcsId: 2801} | ret=SUCCESS |  
2019-08-23 02:48:21,845 | INFO  | DNAudit | user=null | ip=null | op=WRITE_CHUNK {blockData=conID: 1 locID: 102664011894227478 bcsId: 2801} | ret=SUCCESS |  
2019-08-23 02:48:21,846 | INFO  | DNAudit | user=null | ip=null | op=WRITE_CHUNK {blockData=conID: 1 locID: 102664011894227478 bcsId: 2801} | ret=SUCCESS |  
2019-08-23 02:48:21,855 | INFO  | DNAudit | user=null | ip=null | op=WRITE_CHUNK {blockData=conID: 1 locID: 102664011894227478 bcsId: 2801} | ret=SUCCESS |  
2019-08-23 02:48:21,856 | INFO  | DNAudit | user=null | ip=null | op=PUT_BLOCK {blockData=[blockId=conID: 1 locID: 102664011894227478 bcsId: 0,size=3145728]} | ret=SUCCESS |  
2019-08-23 02:48:21,856 [grpc-default-executor-1] INFO  client.GrpcClientProtocolClient (GrpcClientProtocolClient.java:onNext(255)) - client-B268B4322F32->17750241-545b-4219-93a1-14a6ea3d85be: receive RaftClientReply:client-B268B4322F32->17750241-545b-4219-93a1-14a6ea3d85be@group-C33FBD9556F2, cid=1912, SUCCESS, logIndex=2806, commits[17750241-545b-4219-93a1-14a6ea3d85be:c2807, 4eaaa090-573e-41d3-9f8c-c99e236d806a:c2805, 5f4cf9ee-4bed-49de-adaa-861aec894328:c2805]
2019-08-23 02:48:21,856 [grpc-default-executor-1] INFO  client.GrpcClientProtocolClient (GrpcClientProtocolClient.java:onNext(255)) - client-B268B4322F32->17750241-545b-4219-93a1-14a6ea3d85be: receive RaftClientReply:client-B268B4322F32->17750241-545b-4219-93a1-14a6ea3d85be@group-C33FBD9556F2, cid=1913, SUCCESS, logIndex=2807, commits[17750241-545b-4219-93a1-14a6ea3d85be:c2807, 4eaaa090-573e-41d3-9f8c-c99e236d806a:c2805, 5f4cf9ee-4bed-49de-adaa-861aec894328:c2805]
2019-08-23 02:48:21,862 | INFO  | DNAudit | user=null | ip=null | op=WRITE_CHUNK {blockData=conID: 1 locID: 102664011894227478 bcsId: 2807} | ret=SUCCESS |  
2019-08-23 02:48:21,864 | INFO  | DNAudit | user=null | ip=null | op=WRITE_CHUNK {blockData=conID: 1 locID: 102664011894227478 bcsId: 2807} | ret=SUCCESS |  
2019-08-23 02:48:21,865 | INFO  | DNAudit | user=null | ip=null | op=WRITE_CHUNK {blockData=conID: 1 locID: 102664011894227478 bcsId: 2807} | ret=SUCCESS |  
2019-08-23 02:48:21,867 | INFO  | DNAudit | user=null | ip=null | op=WRITE_CHUNK {blockData=conID: 1 locID: 102664011894227478 bcsId: 2801} | ret=SUCCESS |  
2019-08-23 02:48:21,867 | INFO  | DNAudit | user=null | ip=null | op=WRITE_CHUNK {blockData=conID: 1 locID: 102664011894227478 bcsId: 2801} | ret=SUCCESS |  
2019-08-23 02:48:21,869 | INFO  | DNAudit | user=null | ip=null | op=PUT_BLOCK {blockData=[blockId=conID: 1 locID: 102664011894227478 bcsId: 0,size=3145728]} | ret=SUCCESS |  
2019-08-23 02:48:21,870 | INFO  | DNAudit | user=null | ip=null | op=PUT_BLOCK {blockData=[blockId=conID: 1 locID: 102664011894227478 bcsId: 0,size=3145728]} | ret=SUCCESS |  
2019-08-23 02:48:21,870 | INFO  | DNAudit | user=null | ip=null | op=WRITE_CHUNK {blockData=conID: 1 locID: 102664011894227478 bcsId: 2807} | ret=SUCCESS |  
2019-08-23 02:48:21,870 | INFO  | DNAudit | user=null | ip=null | op=PUT_BLOCK {blockData=[blockId=conID: 1 locID: 102664011894227478 bcsId: 0,size=4194304]} | ret=SUCCESS |  
2019-08-23 02:48:21,870 [grpc-default-executor-6] INFO  client.GrpcClientProtocolClient (GrpcClientProtocolClient.java:onNext(255)) - client-B268B4322F32->17750241-545b-4219-93a1-14a6ea3d85be: receive RaftClientReply:client-B268B4322F32->17750241-545b-4219-93a1-14a6ea3d85be@group-C33FBD9556F2, cid=1914, SUCCESS, logIndex=2810, commits[17750241-545b-4219-93a1-14a6ea3d85be:c2810, 4eaaa090-573e-41d3-9f8c-c99e236d806a:c2807, 5f4cf9ee-4bed-49de-adaa-861aec894328:c2807]
2019-08-23 02:48:21,871 [grpc-default-executor-6] INFO  client.GrpcClientProtocolClient (GrpcClientProtocolClient.java:onNext(255)) - client-B268B4322F32->17750241-545b-4219-93a1-14a6ea3d85be: receive RaftClientReply:client-B268B4322F32->17750241-545b-4219-93a1-14a6ea3d85be@group-C33FBD9556F2, cid=1915, SUCCESS, logIndex=2811, commits[17750241-545b-4219-93a1-14a6ea3d85be:c2811, 4eaaa090-573e-41d3-9f8c-c99e236d806a:c2807, 5f4cf9ee-4bed-49de-adaa-861aec894328:c2807]
2019-08-23 02:48:21,883 | INFO  | DNAudit | user=null | ip=null | op=WRITE_CHUNK {blockData=conID: 1 locID: 102664011894227478 bcsId: 2807} | ret=SUCCESS |  
2019-08-23 02:48:21,883 | INFO  | DNAudit | user=null | ip=null | op=WRITE_CHUNK {blockData=conID: 1 locID: 102664011894227478 bcsId: 2807} | ret=SUCCESS |  
2019-08-23 02:48:21,887 | INFO  | SCMAudit | user=jenkins1000 | ip=192.168.34.22 | op=SEND_HEARTBEAT {datanodeUUID=0cedf437-a8af-4d70-bac5-ea9863093e86, command=[]} | ret=SUCCESS |  
2019-08-23 02:48:21,896 | INFO  | DNAudit | user=null | ip=null | op=PUT_BLOCK {blockData=[blockId=conID: 1 locID: 102664011894227478 bcsId: 0,size=4194304]} | ret=SUCCESS |  
2019-08-23 02:48:21,896 | INFO  | DNAudit | user=null | ip=null | op=PUT_BLOCK {blockData=[blockId=conID: 1 locID: 102664011894227478 bcsId: 0,size=4194304]} | ret=SUCCESS |  
2019-08-23 02:48:21,896 [grpc-default-executor-6] INFO  client.GrpcClientProtocolClient (GrpcClientProtocolClient.java:onNext(255)) - client-B268B4322F32->17750241-545b-4219-93a1-14a6ea3d85be: receive RaftClientReply:client-B268B4322F32->17750241-545b-4219-93a1-14a6ea3d85be@group-C33FBD9556F2, cid=1916, SUCCESS, logIndex=0, commits[17750241-545b-4219-93a1-14a6ea3d85be:c2813, 4eaaa090-573e-41d3-9f8c-c99e236d806a:c2811, 5f4cf9ee-4bed-49de-adaa-861aec894328:c2811]
2019-08-23 02:48:21,898 | INFO  | SCMAudit | user=jenkins1000 | ip=192.168.34.22 | op=ALLOCATE_BLOCK {owner=31d65bc3-3f70-45f5-bbc5-e3a15f967ba6, size=4194304, type=RATIS, factor=THREE} | ret=SUCCESS |  
2019-08-23 02:48:21,902 | INFO  | OMAudit | user=jenkins1000 | ip=127.0.0.1 | op=ALLOCATE_BLOCK {volume=vol-0-78052, bucket=bucket-0-33874, key=key-0-20719, dataSize=2147483657, replicationType=RATIS, replicationFactor=THREE, keyLocationInfo=[], clientID=102664010308846034} | ret=SUCCESS |  
2019-08-23 02:48:21,911 | INFO  | DNAudit | user=null | ip=null | op=WRITE_CHUNK {blockData=conID: 2 locID: 102664011900387863 bcsId: 0} | ret=SUCCESS |  
2019-08-23 02:48:21,915 | INFO  | DNAudit | user=null | ip=null | op=WRITE_CHUNK {blockData=conID: 2 locID: 102664011900387863 bcsId: 0} | ret=SUCCESS |  
2019-08-23 02:48:21,915 | INFO  | DNAudit | user=null | ip=null | op=WRITE_CHUNK {blockData=conID: 2 locID: 102664011900387863 bcsId: 0} | ret=SUCCESS |  
2019-08-23 02:48:21,915 | INFO  | DNAudit | user=null | ip=null | op=WRITE_CHUNK {blockData=conID: 2 locID: 102664011900387863 bcsId: 0} | ret=SUCCESS |  
2019-08-23 02:48:21,915 | INFO  | DNAudit | user=null | ip=null | op=WRITE_CHUNK {blockData=conID: 2 locID: 102664011900387863 bcsId: 0} | ret=SUCCESS |  
2019-08-23 02:48:21,916 | INFO  | DNAudit | user=null | ip=null | op=WRITE_CHUNK {blockData=conID: 2 locID: 102664011900387863 bcsId: 0} | ret=SUCCESS |  
2019-08-23 02:48:21,926 | INFO  | DNAudit | user=null | ip=null | op=WRITE_CHUNK {blockData=conID: 2 locID: 102664011900387863 bcsId: 0} | ret=SUCCESS |  
2019-08-23 02:48:21,926 | INFO  | DNAudit | user=null | ip=null | op=PUT_BLOCK {blockData=[blockId=conID: 2 locID: 102664011900387863 bcsId: 0,size=1048576]} | ret=SUCCESS |  
2019-08-23 02:48:21,926 [grpc-default-executor-1] INFO  client.GrpcClientProtocolClient (GrpcClientProtocolClient.java:onNext(255)) - client-B268B4322F32->17750241-545b-4219-93a1-14a6ea3d85be: receive RaftClientReply:client-B268B4322F32->17750241-545b-4219-93a1-14a6ea3d85be@group-C33FBD9556F2, cid=1917, SUCCESS, logIndex=2814, commits[17750241-545b-4219-93a1-14a6ea3d85be:c2815, 4eaaa090-573e-41d3-9f8c-c99e236d806a:c2813, 5f4cf9ee-4bed-49de-adaa-861aec894328:c2813]
2019-08-23 02:48:21,927 [grpc-default-executor-1] INFO  client.GrpcClientProtocolClient (GrpcClientProtocolClient.java:onNext(255)) - client-B268B4322F32->17750241-545b-4219-93a1-14a6ea3d85be: receive RaftClientReply:client-B268B4322F32->17750241-545b-4219-93a1-14a6ea3d85be@group-C33FBD9556F2, cid=1918, SUCCESS, logIndex=2815, commits[17750241-545b-4219-93a1-14a6ea3d85be:c2815, 4eaaa090-573e-41d3-9f8c-c99e236d806a:c2813, 5f4cf9ee-4bed-49de-adaa-861aec894328:c2813]
2019-08-23 02:48:21,935 | INFO  | DNAudit | user=null | ip=null | op=WRITE_CHUNK {blockData=conID: 2 locID: 102664011900387863 bcsId: 0} | ret=SUCCESS |  
2019-08-23 02:48:21,935 | INFO  | DNAudit | user=null | ip=null | op=PUT_BLOCK {blockData=[blockId=conID: 2 locID: 102664011900387863 bcsId: 0,size=2097152]} | ret=SUCCESS |  
2019-08-23 02:48:21,936 [grpc-default-executor-1] INFO  client.GrpcClientProtocolClient (GrpcClientProtocolClient.java:onNext(255)) - client-B268B4322F32->17750241-545b-4219-93a1-14a6ea3d85be: receive RaftClientReply:client-B268B4322F32->17750241-545b-4219-93a1-14a6ea3d85be@group-C33FBD9556F2, cid=1919, SUCCESS, logIndex=2816, commits[17750241-545b-4219-93a1-14a6ea3d85be:c2817, 4eaaa090-573e-41d3-9f8c-c99e236d806a:c2813, 5f4cf9ee-4bed-49de-adaa-861aec894328:c2813]
2019-08-23 02:48:21,936 [grpc-default-executor-1] INFO  client.GrpcClientProtocolClient (GrpcClientProtocolClient.java:onNext(255)) - client-B268B4322F32->17750241-545b-4219-93a1-14a6ea3d85be: receive RaftClientReply:client-B268B4322F32->17750241-545b-4219-93a1-14a6ea3d85be@group-C33FBD9556F2, cid=1920, SUCCESS, logIndex=2817, commits[17750241-545b-4219-93a1-14a6ea3d85be:c2817, 4eaaa090-573e-41d3-9f8c-c99e236d806a:c2813, 5f4cf9ee-4bed-49de-adaa-861aec894328:c2813]
2019-08-23 02:48:21,938 | INFO  | DNAudit | user=null | ip=null | op=WRITE_CHUNK {blockData=conID: 2 locID: 102664011900387863 bcsId: 0} | ret=SUCCESS |  
2019-08-23 02:48:21,938 | INFO  | DNAudit | user=null | ip=null | op=WRITE_CHUNK {blockData=conID: 2 locID: 102664011900387863 bcsId: 0} | ret=SUCCESS |  
2019-08-23 02:48:21,938 | INFO  | DNAudit | user=null | ip=null | op=PUT_BLOCK {blockData=[blockId=conID: 2 locID: 102664011900387863 bcsId: 0,size=1048576]} | ret=SUCCESS |  
2019-08-23 02:48:21,949 | INFO  | DNAudit | user=null | ip=null | op=PUT_BLOCK {blockData=[blockId=conID: 2 locID: 102664011900387863 bcsId: 0,size=1048576]} | ret=SUCCESS |  
2019-08-23 02:48:21,950 [grpc-default-executor-5] INFO  client.GrpcClientProtocolClient (GrpcClientProtocolClient.java:onNext(255)) - client-B268B4322F32->17750241-545b-4219-93a1-14a6ea3d85be: receive RaftClientReply:client-B268B4322F32->17750241-545b-4219-93a1-14a6ea3d85be@group-C33FBD9556F2, cid=1921, SUCCESS, logIndex=0, commits[17750241-545b-4219-93a1-14a6ea3d85be:c2818, 4eaaa090-573e-41d3-9f8c-c99e236d806a:c2815, 5f4cf9ee-4bed-49de-adaa-861aec894328:c2815]
2019-08-23 02:48:21,956 | INFO  | DNAudit | user=null | ip=null | op=WRITE_CHUNK {blockData=conID: 2 locID: 102664011900387863 bcsId: 2817} | ret=SUCCESS |  
2019-08-23 02:48:21,958 | INFO  | DNAudit | user=null | ip=null | op=WRITE_CHUNK {blockData=conID: 2 locID: 102664011900387863 bcsId: 2817} | ret=SUCCESS |  
2019-08-23 02:48:21,959 | INFO  | DNAudit | user=null | ip=null | op=WRITE_CHUNK {blockData=conID: 2 locID: 102664011900387863 bcsId: 2817} | ret=SUCCESS |  
2019-08-23 02:48:21,970 | INFO  | DNAudit | user=null | ip=null | op=WRITE_CHUNK {blockData=conID: 2 locID: 102664011900387863 bcsId: 0} | ret=SUCCESS |  
2019-08-23 02:48:21,970 | INFO  | DNAudit | user=null | ip=null | op=WRITE_CHUNK {blockData=conID: 2 locID: 102664011900387863 bcsId: 0} | ret=SUCCESS |  
2019-08-23 02:48:21,970 | INFO  | DNAudit | user=null | ip=null | op=PUT_BLOCK {blockData=[blockId=conID: 2 locID: 102664011900387863 bcsId: 0,size=2097152]} | ret=SUCCESS |  
2019-08-23 02:48:21,970 | INFO  | DNAudit | user=null | ip=null | op=WRITE_CHUNK {blockData=conID: 2 locID: 102664011900387863 bcsId: 2817} | ret=SUCCESS |  
2019-08-23 02:48:21,970 | INFO  | DNAudit | user=null | ip=null | op=PUT_BLOCK {blockData=[blockId=conID: 2 locID: 102664011900387863 bcsId: 0,size=2097152]} | ret=SUCCESS |  
2019-08-23 02:48:21,971 | INFO  | DNAudit | user=null | ip=null | op=PUT_BLOCK {blockData=[blockId=conID: 2 locID: 102664011900387863 bcsId: 0,size=3145728]} | ret=SUCCESS |  
2019-08-23 02:48:21,971 [grpc-default-executor-6] INFO  client.GrpcClientProtocolClient (GrpcClientProtocolClient.java:onNext(255)) - client-B268B4322F32->17750241-545b-4219-93a1-14a6ea3d85be: receive RaftClientReply:client-B268B4322F32->17750241-545b-4219-93a1-14a6ea3d85be@group-C33FBD9556F2, cid=1922, SUCCESS, logIndex=2822, commits[17750241-545b-4219-93a1-14a6ea3d85be:c2823, 4eaaa090-573e-41d3-9f8c-c99e236d806a:c2821, 5f4cf9ee-4bed-49de-adaa-861aec894328:c2821]
2019-08-23 02:48:21,971 [grpc-default-executor-6] INFO  client.GrpcClientProtocolClient (GrpcClientProtocolClient.java:onNext(255)) - client-B268B4322F32->17750241-545b-4219-93a1-14a6ea3d85be: receive RaftClientReply:client-B268B4322F32->17750241-545b-4219-93a1-14a6ea3d85be@group-C33FBD9556F2, cid=1923, SUCCESS, logIndex=2823, commits[17750241-545b-4219-93a1-14a6ea3d85be:c2823, 4eaaa090-573e-41d3-9f8c-c99e236d806a:c2821, 5f4cf9ee-4bed-49de-adaa-861aec894328:c2821]
2019-08-23 02:48:21,979 | INFO  | DNAudit | user=null | ip=null | op=WRITE_CHUNK {blockData=conID: 2 locID: 102664011900387863 bcsId: 2823} | ret=SUCCESS |  
2019-08-23 02:48:21,981 | INFO  | DNAudit | user=null | ip=null | op=WRITE_CHUNK {blockData=conID: 2 locID: 102664011900387863 bcsId: 2823} | ret=SUCCESS |  
2019-08-23 02:48:21,981 | INFO  | DNAudit | user=null | ip=null | op=WRITE_CHUNK {blockData=conID: 2 locID: 102664011900387863 bcsId: 2823} | ret=SUCCESS |  
2019-08-23 02:48:21,983 | INFO  | DNAudit | user=null | ip=null | op=WRITE_CHUNK {blockData=conID: 2 locID: 102664011900387863 bcsId: 2817} | ret=SUCCESS |  
2019-08-23 02:48:21,983 | INFO  | DNAudit | user=null | ip=null | op=WRITE_CHUNK {blockData=conID: 2 locID: 102664011900387863 bcsId: 2817} | ret=SUCCESS |  
2019-08-23 02:48:21,989 | INFO  | DNAudit | user=null | ip=null | op=PUT_BLOCK {blockData=[blockId=conID: 2 locID: 102664011900387863 bcsId: 0,size=3145728]} | ret=SUCCESS |  
2019-08-23 02:48:21,989 | INFO  | DNAudit | user=null | ip=null | op=PUT_BLOCK {blockData=[blockId=conID: 2 locID: 102664011900387863 bcsId: 0,size=3145728]} | ret=SUCCESS |  
2019-08-23 02:48:21,989 | INFO  | DNAudit | user=null | ip=null | op=WRITE_CHUNK {blockData=conID: 2 locID: 102664011900387863 bcsId: 2823} | ret=SUCCESS |  
2019-08-23 02:48:21,990 | INFO  | DNAudit | user=null | ip=null | op=PUT_BLOCK {blockData=[blockId=conID: 2 locID: 102664011900387863 bcsId: 0,size=4194304]} | ret=SUCCESS |  
2019-08-23 02:48:21,990 [grpc-default-executor-5] INFO  client.GrpcClientProtocolClient (GrpcClientProtocolClient.java:onNext(255)) - client-B268B4322F32->17750241-545b-4219-93a1-14a6ea3d85be: receive RaftClientReply:client-B268B4322F32->17750241-545b-4219-93a1-14a6ea3d85be@group-C33FBD9556F2, cid=1924, SUCCESS, logIndex=2826, commits[17750241-545b-4219-93a1-14a6ea3d85be:c2827, 4eaaa090-573e-41d3-9f8c-c99e236d806a:c2823, 5f4cf9ee-4bed-49de-adaa-861aec894328:c2823]
2019-08-23 02:48:21,990 [grpc-default-executor-5] INFO  client.GrpcClientProtocolClient (GrpcClientProtocolClient.java:onNext(255)) - client-B268B4322F32->17750241-545b-4219-93a1-14a6ea3d85be: receive RaftClientReply:client-B268B4322F32->17750241-545b-4219-93a1-14a6ea3d85be@group-C33FBD9556F2, cid=1925, SUCCESS, logIndex=2827, commits[17750241-545b-4219-93a1-14a6ea3d85be:c2827, 4eaaa090-573e-41d3-9f8c-c99e236d806a:c2823, 5f4cf9ee-4bed-49de-adaa-861aec894328:c2823]
2019-08-23 02:48:22,000 | INFO  | DNAudit | user=null | ip=null | op=WRITE_CHUNK {blockData=conID: 2 locID: 102664011900387863 bcsId: 2823} | ret=SUCCESS |  
2019-08-23 02:48:22,000 | INFO  | DNAudit | user=null | ip=null | op=WRITE_CHUNK {blockData=conID: 2 locID: 102664011900387863 bcsId: 2823} | ret=SUCCESS |  
2019-08-23 02:48:22,010 | INFO  | DNAudit | user=null | ip=null | op=PUT_BLOCK {blockData=[blockId=conID: 2 locID: 102664011900387863 bcsId: 0,size=4194304]} | ret=SUCCESS |  
2019-08-23 02:48:22,010 | INFO  | DNAudit | user=null | ip=null | op=PUT_BLOCK {blockData=[blockId=conID: 2 locID: 102664011900387863 bcsId: 0,size=4194304]} | ret=SUCCESS |  
2019-08-23 02:48:22,011 [grpc-default-executor-5] INFO  client.GrpcClientProtocolClient (GrpcClientProtocolClient.java:onNext(255)) - client-B268B4322F32->17750241-545b-4219-93a1-14a6ea3d85be: receive RaftClientReply:client-B268B4322F32->17750241-545b-4219-93a1-14a6ea3d85be@group-C33FBD9556F2, cid=1926, SUCCESS, logIndex=0, commits[17750241-545b-4219-93a1-14a6ea3d85be:c2829, 4eaaa090-573e-41d3-9f8c-c99e236d806a:c2827, 5f4cf9ee-4bed-49de-adaa-861aec894328:c2827]
2019-08-23 02:48:22,013 | INFO  | SCMAudit | user=jenkins1000 | ip=192.168.34.22 | op=ALLOCATE_BLOCK {owner=31d65bc3-3f70-45f5-bbc5-e3a15f967ba6, size=4194304, type=RATIS, factor=THREE} | ret=SUCCESS |  
2019-08-23 02:48:22,017 | INFO  | OMAudit | user=jenkins1000 | ip=127.0.0.1 | op=ALLOCATE_BLOCK {volume=vol-0-78052, bucket=bucket-0-33874, key=key-0-20719, dataSize=2147483657, replicationType=RATIS, replicationFactor=THREE, keyLocationInfo=[], clientID=102664010308846034} | ret=SUCCESS |  
2019-08-23 02:48:22,028 | INFO  | DNAudit | user=null | ip=null | op=WRITE_CHUNK {blockData=conID: 3 locID: 102664011907858968 bcsId: 0} | ret=SUCCESS |  
2019-08-23 02:48:22,030 | INFO  | DNAudit | user=null | ip=null | op=WRITE_CHUNK {blockData=conID: 3 locID: 102664011907858968 bcsId: 0} | ret=SUCCESS |  
2019-08-23 02:48:22,032 | INFO  | DNAudit | user=null | ip=null | op=WRITE_CHUNK {blockData=conID: 3 locID: 102664011907858968 bcsId: 0} | ret=SUCCESS |  
2019-08-23 02:48:22,032 | INFO  | DNAudit | user=null | ip=null | op=WRITE_CHUNK {blockData=conID: 3 locID: 102664011907858968 bcsId: 0} | ret=SUCCESS |  
2019-08-23 02:48:22,033 | INFO  | DNAudit | user=null | ip=null | op=WRITE_CHUNK {blockData=conID: 3 locID: 102664011907858968 bcsId: 0} | ret=SUCCESS |  
2019-08-23 02:48:22,033 | INFO  | DNAudit | user=null | ip=null | op=WRITE_CHUNK {blockData=conID: 3 locID: 102664011907858968 bcsId: 0} | ret=SUCCESS |  
2019-08-23 02:48:22,042 | INFO  | DNAudit | user=null | ip=null | op=WRITE_CHUNK {blockData=conID: 3 locID: 102664011907858968 bcsId: 0} | ret=SUCCESS |  
2019-08-23 02:48:22,043 | INFO  | DNAudit | user=null | ip=null | op=PUT_BLOCK {blockData=[blockId=conID: 3 locID: 102664011907858968 bcsId: 0,size=1048576]} | ret=SUCCESS |  
2019-08-23 02:48:22,043 [grpc-default-executor-6] INFO  client.GrpcClientProtocolClient (GrpcClientProtocolClient.java:onNext(255)) - client-B268B4322F32->17750241-545b-4219-93a1-14a6ea3d85be: receive RaftClientReply:client-B268B4322F32->17750241-545b-4219-93a1-14a6ea3d85be@group-C33FBD9556F2, cid=1927, SUCCESS, logIndex=2830, commits[17750241-545b-4219-93a1-14a6ea3d85be:c2831, 4eaaa090-573e-41d3-9f8c-c99e236d806a:c2829, 5f4cf9ee-4bed-49de-adaa-861aec894328:c2829]
2019-08-23 02:48:22,044 | INFO  | DNAudit | user=null | ip=null | op=WRITE_CHUNK {blockData=conID: 3 locID: 102664011907858968 bcsId: 0} | ret=SUCCESS |  
2019-08-23 02:48:22,044 [grpc-default-executor-6] INFO  client.GrpcClientProtocolClient (GrpcClientProtocolClient.java:onNext(255)) - client-B268B4322F32->17750241-545b-4219-93a1-14a6ea3d85be: receive RaftClientReply:client-B268B4322F32->17750241-545b-4219-93a1-14a6ea3d85be@group-C33FBD9556F2, cid=1928, SUCCESS, logIndex=2831, commits[17750241-545b-4219-93a1-14a6ea3d85be:c2833, 4eaaa090-573e-41d3-9f8c-c99e236d806a:c2829, 5f4cf9ee-4bed-49de-adaa-861aec894328:c2829]
2019-08-23 02:48:22,044 | INFO  | DNAudit | user=null | ip=null | op=PUT_BLOCK {blockData=[blockId=conID: 3 locID: 102664011907858968 bcsId: 0,size=2097152]} | ret=SUCCESS |  
2019-08-23 02:48:22,044 [grpc-default-executor-6] INFO  client.GrpcClientProtocolClient (GrpcClientProtocolClient.java:onNext(255)) - client-B268B4322F32->17750241-545b-4219-93a1-14a6ea3d85be: receive RaftClientReply:client-B268B4322F32->17750241-545b-4219-93a1-14a6ea3d85be@group-C33FBD9556F2, cid=1929, SUCCESS, logIndex=2832, commits[17750241-545b-4219-93a1-14a6ea3d85be:c2833, 4eaaa090-573e-41d3-9f8c-c99e236d806a:c2829, 5f4cf9ee-4bed-49de-adaa-861aec894328:c2829]
2019-08-23 02:48:22,045 [grpc-default-executor-6] INFO  client.GrpcClientProtocolClient (GrpcClientProtocolClient.java:onNext(255)) - client-B268B4322F32->17750241-545b-4219-93a1-14a6ea3d85be: receive RaftClientReply:client-B268B4322F32->17750241-545b-4219-93a1-14a6ea3d85be@group-C33FBD9556F2, cid=1930, SUCCESS, logIndex=2833, commits[17750241-545b-4219-93a1-14a6ea3d85be:c2833, 4eaaa090-573e-41d3-9f8c-c99e236d806a:c2829, 5f4cf9ee-4bed-49de-adaa-861aec894328:c2829]
2019-08-23 02:48:22,077 | INFO  | DNAudit | user=null | ip=null | op=WRITE_CHUNK {blockData=conID: 3 locID: 102664011907858968 bcsId: 0} | ret=SUCCESS |  
2019-08-23 02:48:22,077 | INFO  | DNAudit | user=null | ip=null | op=WRITE_CHUNK {blockData=conID: 3 locID: 102664011907858968 bcsId: 0} | ret=SUCCESS |  
2019-08-23 02:48:22,077 | INFO  | DNAudit | user=null | ip=null | op=PUT_BLOCK {blockData=[blockId=conID: 3 locID: 102664011907858968 bcsId: 0,size=1048576]} | ret=SUCCESS |  
2019-08-23 02:48:22,078 | INFO  | DNAudit | user=null | ip=null | op=PUT_BLOCK {blockData=[blockId=conID: 3 locID: 102664011907858968 bcsId: 0,size=1048576]} | ret=SUCCESS |  
2019-08-23 02:48:22,078 | INFO  | DNAudit | user=null | ip=null | op=WRITE_CHUNK {blockData=conID: 3 locID: 102664011907858968 bcsId: 0} | ret=SUCCESS |  
2019-08-23 02:48:22,078 | INFO  | DNAudit | user=null | ip=null | op=WRITE_CHUNK {blockData=conID: 3 locID: 102664011907858968 bcsId: 0} | ret=SUCCESS |  
2019-08-23 02:48:22,078 | INFO  | DNAudit | user=null | ip=null | op=PUT_BLOCK {blockData=[blockId=conID: 3 locID: 102664011907858968 bcsId: 0,size=2097152]} | ret=SUCCESS |  
2019-08-23 02:48:22,078 | INFO  | DNAudit | user=null | ip=null | op=PUT_BLOCK {blockData=[blockId=conID: 3 locID: 102664011907858968 bcsId: 0,size=2097152]} | ret=SUCCESS |  
2019-08-23 02:48:22,079 [grpc-default-executor-5] INFO  client.GrpcClientProtocolClient (GrpcClientProtocolClient.java:onNext(255)) - client-B268B4322F32->17750241-545b-4219-93a1-14a6ea3d85be: receive RaftClientReply:client-B268B4322F32->17750241-545b-4219-93a1-14a6ea3d85be@group-C33FBD9556F2, cid=1931, SUCCESS, logIndex=0, commits[17750241-545b-4219-93a1-14a6ea3d85be:c2836, 4eaaa090-573e-41d3-9f8c-c99e236d806a:c2832, 5f4cf9ee-4bed-49de-adaa-861aec894328:c2831]
2019-08-23 02:48:22,088 | INFO  | DNAudit | user=null | ip=null | op=WRITE_CHUNK {blockData=conID: 3 locID: 102664011907858968 bcsId: 2833} | ret=SUCCESS |  
2019-08-23 02:48:22,090 | INFO  | DNAudit | user=null | ip=null | op=WRITE_CHUNK {blockData=conID: 3 locID: 102664011907858968 bcsId: 2833} | ret=SUCCESS |  
2019-08-23 02:48:22,090 | INFO  | DNAudit | user=null | ip=null | op=WRITE_CHUNK {blockData=conID: 3 locID: 102664011907858968 bcsId: 2833} | ret=SUCCESS |  
2019-08-23 02:48:22,101 | INFO  | DNAudit | user=null | ip=null | op=WRITE_CHUNK {blockData=conID: 3 locID: 102664011907858968 bcsId: 2833} | ret=SUCCESS |  
2019-08-23 02:48:22,101 | INFO  | DNAudit | user=null | ip=null | op=PUT_BLOCK {blockData=[blockId=conID: 3 locID: 102664011907858968 bcsId: 0,size=3145728]} | ret=SUCCESS |  
2019-08-23 02:48:22,102 [grpc-default-executor-1] INFO  client.GrpcClientProtocolClient (GrpcClientProtocolClient.java:onNext(255)) - client-B268B4322F32->17750241-545b-4219-93a1-14a6ea3d85be: receive RaftClientReply:client-B268B4322F32->17750241-545b-4219-93a1-14a6ea3d85be@group-C33FBD9556F2, cid=1932, SUCCESS, logIndex=2838, commits[17750241-545b-4219-93a1-14a6ea3d85be:c2839, 4eaaa090-573e-41d3-9f8c-c99e236d806a:c2837, 5f4cf9ee-4bed-49de-adaa-861aec894328:c2837]
2019-08-23 02:48:22,102 [grpc-default-executor-1] INFO  client.GrpcClientProtocolClient (GrpcClientProtocolClient.java:onNext(255)) - client-B268B4322F32->17750241-545b-4219-93a1-14a6ea3d85be: receive RaftClientReply:client-B268B4322F32->17750241-545b-4219-93a1-14a6ea3d85be@group-C33FBD9556F2, cid=1933, SUCCESS, logIndex=2839, commits[17750241-545b-4219-93a1-14a6ea3d85be:c2839, 4eaaa090-573e-41d3-9f8c-c99e236d806a:c2837, 5f4cf9ee-4bed-49de-adaa-861aec894328:c2837]
2019-08-23 02:48:22,110 | INFO  | DNAudit | user=null | ip=null | op=WRITE_CHUNK {blockData=conID: 3 locID: 102664011907858968 bcsId: 2839} | ret=SUCCESS |  
2019-08-23 02:48:22,112 | INFO  | DNAudit | user=null | ip=null | op=WRITE_CHUNK {blockData=conID: 3 locID: 102664011907858968 bcsId: 2833} | ret=SUCCESS |  
2019-08-23 02:48:22,112 | INFO  | DNAudit | user=null | ip=null | op=WRITE_CHUNK {blockData=conID: 3 locID: 102664011907858968 bcsId: 2839} | ret=SUCCESS |  
2019-08-23 02:48:22,112 | INFO  | DNAudit | user=null | ip=null | op=WRITE_CHUNK {blockData=conID: 3 locID: 102664011907858968 bcsId: 2833} | ret=SUCCESS |  
2019-08-23 02:48:22,113 | INFO  | DNAudit | user=null | ip=null | op=WRITE_CHUNK {blockData=conID: 3 locID: 102664011907858968 bcsId: 2839} | ret=SUCCESS |  
2019-08-23 02:48:22,114 | INFO  | DNAudit | user=null | ip=null | op=PUT_BLOCK {blockData=[blockId=conID: 3 locID: 102664011907858968 bcsId: 0,size=3145728]} | ret=SUCCESS |  
2019-08-23 02:48:22,115 | INFO  | DNAudit | user=null | ip=null | op=WRITE_CHUNK {blockData=conID: 3 locID: 102664011907858968 bcsId: 2839} | ret=SUCCESS |  
2019-08-23 02:48:22,115 | INFO  | DNAudit | user=null | ip=null | op=PUT_BLOCK {blockData=[blockId=conID: 3 locID: 102664011907858968 bcsId: 0,size=3145728]} | ret=SUCCESS |  
2019-08-23 02:48:22,115 | INFO  | DNAudit | user=null | ip=null | op=PUT_BLOCK {blockData=[blockId=conID: 3 locID: 102664011907858968 bcsId: 0,size=4194304]} | ret=SUCCESS |  
2019-08-23 02:48:22,115 [grpc-default-executor-1] INFO  client.GrpcClientProtocolClient (GrpcClientProtocolClient.java:onNext(255)) - client-B268B4322F32->17750241-545b-4219-93a1-14a6ea3d85be: receive RaftClientReply:client-B268B4322F32->17750241-545b-4219-93a1-14a6ea3d85be@group-C33FBD9556F2, cid=1934, SUCCESS, logIndex=2842, commits[17750241-545b-4219-93a1-14a6ea3d85be:c2843, 4eaaa090-573e-41d3-9f8c-c99e236d806a:c2839, 5f4cf9ee-4bed-49de-adaa-861aec894328:c2839]
2019-08-23 02:48:22,116 [grpc-default-executor-1] INFO  client.GrpcClientProtocolClient (GrpcClientProtocolClient.java:onNext(255)) - client-B268B4322F32->17750241-545b-4219-93a1-14a6ea3d85be: receive RaftClientReply:client-B268B4322F32->17750241-545b-4219-93a1-14a6ea3d85be@group-C33FBD9556F2, cid=1935, SUCCESS, logIndex=2843, commits[17750241-545b-4219-93a1-14a6ea3d85be:c2843, 4eaaa090-573e-41d3-9f8c-c99e236d806a:c2839, 5f4cf9ee-4bed-49de-adaa-861aec894328:c2839]
2019-08-23 02:48:22,118 | INFO  | DNAudit | user=null | ip=null | op=WRITE_CHUNK {blockData=conID: 3 locID: 102664011907858968 bcsId: 2839} | ret=SUCCESS |  
2019-08-23 02:48:22,118 | INFO  | DNAudit | user=null | ip=null | op=WRITE_CHUNK {blockData=conID: 3 locID: 102664011907858968 bcsId: 2839} | ret=SUCCESS |  
2019-08-23 02:48:22,118 | INFO  | DNAudit | user=null | ip=null | op=PUT_BLOCK {blockData=[blockId=conID: 3 locID: 102664011907858968 bcsId: 0,size=4194304]} | ret=SUCCESS |  
2019-08-23 02:48:22,119 | INFO  | DNAudit | user=null | ip=null | op=PUT_BLOCK {blockData=[blockId=conID: 3 locID: 102664011907858968 bcsId: 0,size=4194304]} | ret=SUCCESS |  
2019-08-23 02:48:22,119 [grpc-default-executor-1] INFO  client.GrpcClientProtocolClient (GrpcClientProtocolClient.java:onNext(255)) - client-B268B4322F32->17750241-545b-4219-93a1-14a6ea3d85be: receive RaftClientReply:client-B268B4322F32->17750241-545b-4219-93a1-14a6ea3d85be@group-C33FBD9556F2, cid=1936, SUCCESS, logIndex=0, commits[17750241-545b-4219-93a1-14a6ea3d85be:c2844, 4eaaa090-573e-41d3-9f8c-c99e236d806a:c2843, 5f4cf9ee-4bed-49de-adaa-861aec894328:c2843]
2019-08-23 02:48:22,121 | INFO  | SCMAudit | user=jenkins1000 | ip=192.168.34.22 | op=ALLOCATE_BLOCK {owner=31d65bc3-3f70-45f5-bbc5-e3a15f967ba6, size=4194304, type=RATIS, factor=THREE} | ret=SUCCESS |  
2019-08-23 02:48:22,124 | INFO  | OMAudit | user=jenkins1000 | ip=127.0.0.1 | op=ALLOCATE_BLOCK {volume=vol-0-78052, bucket=bucket-0-33874, key=key-0-20719, dataSize=2147483657, replicationType=RATIS, replicationFactor=THREE, keyLocationInfo=[], clientID=102664010308846034} | ret=SUCCESS |  
2019-08-23 02:48:22,135 | INFO  | DNAudit | user=null | ip=null | op=WRITE_CHUNK {blockData=conID: 1 locID: 102664011915002393 bcsId: 0} | ret=SUCCESS |  
2019-08-23 02:48:22,138 | INFO  | DNAudit | user=null | ip=null | op=WRITE_CHUNK {blockData=conID: 1 locID: 102664011915002393 bcsId: 0} | ret=SUCCESS |  
2019-08-23 02:48:22,139 | INFO  | DNAudit | user=null | ip=null | op=WRITE_CHUNK {blockData=conID: 1 locID: 102664011915002393 bcsId: 0} | ret=SUCCESS |  
2019-08-23 02:48:22,140 | INFO  | DNAudit | user=null | ip=null | op=WRITE_CHUNK {blockData=conID: 1 locID: 102664011915002393 bcsId: 0} | ret=SUCCESS |  
2019-08-23 02:48:22,142 | INFO  | DNAudit | user=null | ip=null | op=WRITE_CHUNK {blockData=conID: 1 locID: 102664011915002393 bcsId: 0} | ret=SUCCESS |  
2019-08-23 02:48:22,143 | INFO  | DNAudit | user=null | ip=null | op=WRITE_CHUNK {blockData=conID: 1 locID: 102664011915002393 bcsId: 0} | ret=SUCCESS |  
2019-08-23 02:48:22,148 | INFO  | DNAudit | user=null | ip=null | op=WRITE_CHUNK {blockData=conID: 1 locID: 102664011915002393 bcsId: 0} | ret=SUCCESS |  
2019-08-23 02:48:22,149 | INFO  | DNAudit | user=null | ip=null | op=PUT_BLOCK {blockData=[blockId=conID: 1 locID: 102664011915002393 bcsId: 0,size=1048576]} | ret=SUCCESS |  
2019-08-23 02:48:22,149 [grpc-default-executor-5] INFO  client.GrpcClientProtocolClient (GrpcClientProtocolClient.java:onNext(255)) - client-B268B4322F32->17750241-545b-4219-93a1-14a6ea3d85be: receive RaftClientReply:client-B268B4322F32->17750241-545b-4219-93a1-14a6ea3d85be@group-C33FBD9556F2, cid=1937, SUCCESS, logIndex=2846, commits[17750241-545b-4219-93a1-14a6ea3d85be:c2847, 4eaaa090-573e-41d3-9f8c-c99e236d806a:c2845, 5f4cf9ee-4bed-49de-adaa-861aec894328:c2845]
2019-08-23 02:48:22,150 | INFO  | DNAudit | user=null | ip=null | op=WRITE_CHUNK {blockData=conID: 1 locID: 102664011915002393 bcsId: 0} | ret=SUCCESS |  
2019-08-23 02:48:22,150 [grpc-default-executor-5] INFO  client.GrpcClientProtocolClient (GrpcClientProtocolClient.java:onNext(255)) - client-B268B4322F32->17750241-545b-4219-93a1-14a6ea3d85be: receive RaftClientReply:client-B268B4322F32->17750241-545b-4219-93a1-14a6ea3d85be@group-C33FBD9556F2, cid=1938, SUCCESS, logIndex=2847, commits[17750241-545b-4219-93a1-14a6ea3d85be:c2848, 4eaaa090-573e-41d3-9f8c-c99e236d806a:c2845, 5f4cf9ee-4bed-49de-adaa-861aec894328:c2845]
2019-08-23 02:48:22,150 | INFO  | DNAudit | user=null | ip=null | op=PUT_BLOCK {blockData=[blockId=conID: 1 locID: 102664011915002393 bcsId: 0,size=2097152]} | ret=SUCCESS |  
2019-08-23 02:48:22,150 [grpc-default-executor-5] INFO  client.GrpcClientProtocolClient (GrpcClientProtocolClient.java:onNext(255)) - client-B268B4322F32->17750241-545b-4219-93a1-14a6ea3d85be: receive RaftClientReply:client-B268B4322F32->17750241-545b-4219-93a1-14a6ea3d85be@group-C33FBD9556F2, cid=1939, SUCCESS, logIndex=2848, commits[17750241-545b-4219-93a1-14a6ea3d85be:c2849, 4eaaa090-573e-41d3-9f8c-c99e236d806a:c2845, 5f4cf9ee-4bed-49de-adaa-861aec894328:c2845]
2019-08-23 02:48:22,151 [grpc-default-executor-5] INFO  client.GrpcClientProtocolClient (GrpcClientProtocolClient.java:onNext(255)) - client-B268B4322F32->17750241-545b-4219-93a1-14a6ea3d85be: receive RaftClientReply:client-B268B4322F32->17750241-545b-4219-93a1-14a6ea3d85be@group-C33FBD9556F2, cid=1940, SUCCESS, logIndex=2849, commits[17750241-545b-4219-93a1-14a6ea3d85be:c2849, 4eaaa090-573e-41d3-9f8c-c99e236d806a:c2845, 5f4cf9ee-4bed-49de-adaa-861aec894328:c2845]
2019-08-23 02:48:22,162 | INFO  | DNAudit | user=null | ip=null | op=WRITE_CHUNK {blockData=conID: 1 locID: 102664011915002393 bcsId: 0} | ret=SUCCESS |  
2019-08-23 02:48:22,162 | INFO  | DNAudit | user=null | ip=null | op=PUT_BLOCK {blockData=[blockId=conID: 1 locID: 102664011915002393 bcsId: 0,size=1048576]} | ret=SUCCESS |  
2019-08-23 02:48:22,162 | INFO  | DNAudit | user=null | ip=null | op=WRITE_CHUNK {blockData=conID: 1 locID: 102664011915002393 bcsId: 0} | ret=SUCCESS |  
2019-08-23 02:48:22,163 | INFO  | DNAudit | user=null | ip=null | op=PUT_BLOCK {blockData=[blockId=conID: 1 locID: 102664011915002393 bcsId: 0,size=1048576]} | ret=SUCCESS |  
2019-08-23 02:48:22,163 | INFO  | DNAudit | user=null | ip=null | op=WRITE_CHUNK {blockData=conID: 1 locID: 102664011915002393 bcsId: 0} | ret=SUCCESS |  
2019-08-23 02:48:22,163 | INFO  | DNAudit | user=null | ip=null | op=WRITE_CHUNK {blockData=conID: 1 locID: 102664011915002393 bcsId: 0} | ret=SUCCESS |  
2019-08-23 02:48:22,163 | INFO  | DNAudit | user=null | ip=null | op=PUT_BLOCK {blockData=[blockId=conID: 1 locID: 102664011915002393 bcsId: 0,size=2097152]} | ret=SUCCESS |  
2019-08-23 02:48:22,163 | INFO  | DNAudit | user=null | ip=null | op=PUT_BLOCK {blockData=[blockId=conID: 1 locID: 102664011915002393 bcsId: 0,size=2097152]} | ret=SUCCESS |  
2019-08-23 02:48:22,163 [grpc-default-executor-6] INFO  client.GrpcClientProtocolClient (GrpcClientProtocolClient.java:onNext(255)) - client-B268B4322F32->17750241-545b-4219-93a1-14a6ea3d85be: receive RaftClientReply:client-B268B4322F32->17750241-545b-4219-93a1-14a6ea3d85be@group-C33FBD9556F2, cid=1941, SUCCESS, logIndex=0, commits[17750241-545b-4219-93a1-14a6ea3d85be:c2851, 4eaaa090-573e-41d3-9f8c-c99e236d806a:c2847, 5f4cf9ee-4bed-49de-adaa-861aec894328:c2847]
2019-08-23 02:48:22,171 | INFO  | DNAudit | user=null | ip=null | op=WRITE_CHUNK {blockData=conID: 1 locID: 102664011915002393 bcsId: 2849} | ret=SUCCESS |  
2019-08-23 02:48:22,173 | INFO  | DNAudit | user=null | ip=null | op=WRITE_CHUNK {blockData=conID: 1 locID: 102664011915002393 bcsId: 2849} | ret=SUCCESS |  
2019-08-23 02:48:22,173 | INFO  | DNAudit | user=null | ip=null | op=WRITE_CHUNK {blockData=conID: 1 locID: 102664011915002393 bcsId: 2849} | ret=SUCCESS |  
2019-08-23 02:48:22,184 | INFO  | DNAudit | user=null | ip=null | op=WRITE_CHUNK {blockData=conID: 1 locID: 102664011915002393 bcsId: 2849} | ret=SUCCESS |  
2019-08-23 02:48:22,184 | INFO  | DNAudit | user=null | ip=null | op=PUT_BLOCK {blockData=[blockId=conID: 1 locID: 102664011915002393 bcsId: 0,size=3145728]} | ret=SUCCESS |  
2019-08-23 02:48:22,184 [grpc-default-executor-6] INFO  client.GrpcClientProtocolClient (GrpcClientProtocolClient.java:onNext(255)) - client-B268B4322F32->17750241-545b-4219-93a1-14a6ea3d85be: receive RaftClientReply:client-B268B4322F32->17750241-545b-4219-93a1-14a6ea3d85be@group-C33FBD9556F2, cid=1942, SUCCESS, logIndex=2854, commits[17750241-545b-4219-93a1-14a6ea3d85be:c2855, 4eaaa090-573e-41d3-9f8c-c99e236d806a:c2853, 5f4cf9ee-4bed-49de-adaa-861aec894328:c2853]
2019-08-23 02:48:22,185 [grpc-default-executor-6] INFO  client.GrpcClientProtocolClient (GrpcClientProtocolClient.java:onNext(255)) - client-B268B4322F32->17750241-545b-4219-93a1-14a6ea3d85be: receive RaftClientReply:client-B268B4322F32->17750241-545b-4219-93a1-14a6ea3d85be@group-C33FBD9556F2, cid=1943, SUCCESS, logIndex=2855, commits[17750241-545b-4219-93a1-14a6ea3d85be:c2855, 4eaaa090-573e-41d3-9f8c-c99e236d806a:c2853, 5f4cf9ee-4bed-49de-adaa-861aec894328:c2853]
2019-08-23 02:48:22,191 | INFO  | DNAudit | user=null | ip=null | op=WRITE_CHUNK {blockData=conID: 1 locID: 102664011915002393 bcsId: 2855} | ret=SUCCESS |  
2019-08-23 02:48:22,194 | INFO  | DNAudit | user=null | ip=null | op=WRITE_CHUNK {blockData=conID: 1 locID: 102664011915002393 bcsId: 2855} | ret=SUCCESS |  
2019-08-23 02:48:22,194 | INFO  | DNAudit | user=null | ip=null | op=WRITE_CHUNK {blockData=conID: 1 locID: 102664011915002393 bcsId: 2855} | ret=SUCCESS |  
2019-08-23 02:48:22,195 | INFO  | DNAudit | user=null | ip=null | op=WRITE_CHUNK {blockData=conID: 1 locID: 102664011915002393 bcsId: 2849} | ret=SUCCESS |  
2019-08-23 02:48:22,195 | INFO  | DNAudit | user=null | ip=null | op=WRITE_CHUNK {blockData=conID: 1 locID: 102664011915002393 bcsId: 2849} | ret=SUCCESS |  
2019-08-23 02:48:22,198 | INFO  | DNAudit | user=null | ip=null | op=PUT_BLOCK {blockData=[blockId=conID: 1 locID: 102664011915002393 bcsId: 0,size=3145728]} | ret=SUCCESS |  
2019-08-23 02:48:22,198 | INFO  | DNAudit | user=null | ip=null | op=PUT_BLOCK {blockData=[blockId=conID: 1 locID: 102664011915002393 bcsId: 0,size=3145728]} | ret=SUCCESS |  
2019-08-23 02:48:22,198 | INFO  | DNAudit | user=null | ip=null | op=WRITE_CHUNK {blockData=conID: 1 locID: 102664011915002393 bcsId: 2855} | ret=SUCCESS |  
2019-08-23 02:48:22,199 | INFO  | DNAudit | user=null | ip=null | op=PUT_BLOCK {blockData=[blockId=conID: 1 locID: 102664011915002393 bcsId: 0,size=4194304]} | ret=SUCCESS |  
2019-08-23 02:48:22,199 [grpc-default-executor-1] INFO  client.GrpcClientProtocolClient (GrpcClientProtocolClient.java:onNext(255)) - client-B268B4322F32->17750241-545b-4219-93a1-14a6ea3d85be: receive RaftClientReply:client-B268B4322F32->17750241-545b-4219-93a1-14a6ea3d85be@group-C33FBD9556F2, cid=1944, SUCCESS, logIndex=2858, commits[17750241-545b-4219-93a1-14a6ea3d85be:c2859, 4eaaa090-573e-41d3-9f8c-c99e236d806a:c2855, 5f4cf9ee-4bed-49de-adaa-861aec894328:c2855]
2019-08-23 02:48:22,199 [grpc-default-executor-1] INFO  client.GrpcClientProtocolClient (GrpcClientProtocolClient.java:onNext(255)) - client-B268B4322F32->17750241-545b-4219-93a1-14a6ea3d85be: receive RaftClientReply:client-B268B4322F32->17750241-545b-4219-93a1-14a6ea3d85be@group-C33FBD9556F2, cid=1945, SUCCESS, logIndex=2859, commits[17750241-545b-4219-93a1-14a6ea3d85be:c2859, 4eaaa090-573e-41d3-9f8c-c99e236d806a:c2855, 5f4cf9ee-4bed-49de-adaa-861aec894328:c2855]
2019-08-23 02:48:22,211 | INFO  | DNAudit | user=null | ip=null | op=WRITE_CHUNK {blockData=conID: 1 locID: 102664011915002393 bcsId: 2855} | ret=SUCCESS |  
2019-08-23 02:48:22,211 | INFO  | DNAudit | user=null | ip=null | op=WRITE_CHUNK {blockData=conID: 1 locID: 102664011915002393 bcsId: 2855} | ret=SUCCESS |  
2019-08-23 02:48:22,211 | INFO  | DNAudit | user=null | ip=null | op=PUT_BLOCK {blockData=[blockId=conID: 1 locID: 102664011915002393 bcsId: 0,size=4194304]} | ret=SUCCESS |  
2019-08-23 02:48:22,211 | INFO  | DNAudit | user=null | ip=null | op=PUT_BLOCK {blockData=[blockId=conID: 1 locID: 102664011915002393 bcsId: 0,size=4194304]} | ret=SUCCESS |  
2019-08-23 02:48:22,212 [grpc-default-executor-1] INFO  client.GrpcClientProtocolClient (GrpcClientProtocolClient.java:onNext(255)) - client-B268B4322F32->17750241-545b-4219-93a1-14a6ea3d85be: receive RaftClientReply:client-B268B4322F32->17750241-545b-4219-93a1-14a6ea3d85be@group-C33FBD9556F2, cid=1946, SUCCESS, logIndex=0, commits[17750241-545b-4219-93a1-14a6ea3d85be:c2860, 4eaaa090-573e-41d3-9f8c-c99e236d806a:c2859, 5f4cf9ee-4bed-49de-adaa-861aec894328:c2859]
2019-08-23 02:48:22,213 | INFO  | SCMAudit | user=jenkins1000 | ip=192.168.34.22 | op=ALLOCATE_BLOCK {owner=31d65bc3-3f70-45f5-bbc5-e3a15f967ba6, size=4194304, type=RATIS, factor=THREE} | ret=SUCCESS |  
2019-08-23 02:48:22,217 | INFO  | OMAudit | user=jenkins1000 | ip=127.0.0.1 | op=ALLOCATE_BLOCK {volume=vol-0-78052, bucket=bucket-0-33874, key=key-0-20719, dataSize=2147483657, replicationType=RATIS, replicationFactor=THREE, keyLocationInfo=[], clientID=102664010308846034} | ret=SUCCESS |  
2019-08-23 02:48:22,227 | INFO  | DNAudit | user=null | ip=null | op=WRITE_CHUNK {blockData=conID: 2 locID: 102664011921031706 bcsId: 0} | ret=SUCCESS |  
2019-08-23 02:48:22,230 | INFO  | DNAudit | user=null | ip=null | op=WRITE_CHUNK {blockData=conID: 2 locID: 102664011921031706 bcsId: 0} | ret=SUCCESS |  
2019-08-23 02:48:22,230 | INFO  | DNAudit | user=null | ip=null | op=WRITE_CHUNK {blockData=conID: 2 locID: 102664011921031706 bcsId: 0} | ret=SUCCESS |  
2019-08-23 02:48:22,231 | INFO  | DNAudit | user=null | ip=null | op=WRITE_CHUNK {blockData=conID: 2 locID: 102664011921031706 bcsId: 0} | ret=SUCCESS |  
2019-08-23 02:48:22,233 | INFO  | DNAudit | user=null | ip=null | op=WRITE_CHUNK {blockData=conID: 2 locID: 102664011921031706 bcsId: 0} | ret=SUCCESS |  
2019-08-23 02:48:22,233 | INFO  | DNAudit | user=null | ip=null | op=WRITE_CHUNK {blockData=conID: 2 locID: 102664011921031706 bcsId: 0} | ret=SUCCESS |  
2019-08-23 02:48:22,239 | INFO  | DNAudit | user=null | ip=null | op=WRITE_CHUNK {blockData=conID: 2 locID: 102664011921031706 bcsId: 0} | ret=SUCCESS |  
2019-08-23 02:48:22,239 | INFO  | DNAudit | user=null | ip=null | op=PUT_BLOCK {blockData=[blockId=conID: 2 locID: 102664011921031706 bcsId: 0,size=1048576]} | ret=SUCCESS |  
2019-08-23 02:48:22,240 [grpc-default-executor-1] INFO  client.GrpcClientProtocolClient (GrpcClientProtocolClient.java:onNext(255)) - client-B268B4322F32->17750241-545b-4219-93a1-14a6ea3d85be: receive RaftClientReply:client-B268B4322F32->17750241-545b-4219-93a1-14a6ea3d85be@group-C33FBD9556F2, cid=1947, SUCCESS, logIndex=2862, commits[17750241-545b-4219-93a1-14a6ea3d85be:c2863, 4eaaa090-573e-41d3-9f8c-c99e236d806a:c2861, 5f4cf9ee-4bed-49de-adaa-861aec894328:c2861]
2019-08-23 02:48:22,240 | INFO  | DNAudit | user=null | ip=null | op=WRITE_CHUNK {blockData=conID: 2 locID: 102664011921031706 bcsId: 0} | ret=SUCCESS |  
2019-08-23 02:48:22,240 | INFO  | DNAudit | user=null | ip=null | op=PUT_BLOCK {blockData=[blockId=conID: 2 locID: 102664011921031706 bcsId: 0,size=2097152]} | ret=SUCCESS |  
2019-08-23 02:48:22,240 [grpc-default-executor-2] INFO  client.GrpcClientProtocolClient (GrpcClientProtocolClient.java:onNext(255)) - client-B268B4322F32->17750241-545b-4219-93a1-14a6ea3d85be: receive RaftClientReply:client-B268B4322F32->17750241-545b-4219-93a1-14a6ea3d85be@group-C33FBD9556F2, cid=1948, SUCCESS, logIndex=2863, commits[17750241-545b-4219-93a1-14a6ea3d85be:c2863, 4eaaa090-573e-41d3-9f8c-c99e236d806a:c2861, 5f4cf9ee-4bed-49de-adaa-861aec894328:c2861]
2019-08-23 02:48:22,241 [grpc-default-executor-2] INFO  client.GrpcClientProtocolClient (GrpcClientProtocolClient.java:onNext(255)) - client-B268B4322F32->17750241-545b-4219-93a1-14a6ea3d85be: receive RaftClientReply:client-B268B4322F32->17750241-545b-4219-93a1-14a6ea3d85be@group-C33FBD9556F2, cid=1949, SUCCESS, logIndex=2864, commits[17750241-545b-4219-93a1-14a6ea3d85be:c2865, 4eaaa090-573e-41d3-9f8c-c99e236d806a:c2861, 5f4cf9ee-4bed-49de-adaa-861aec894328:c2861]
2019-08-23 02:48:22,241 [grpc-default-executor-2] INFO  client.GrpcClientProtocolClient (GrpcClientProtocolClient.java:onNext(255)) - client-B268B4322F32->17750241-545b-4219-93a1-14a6ea3d85be: receive RaftClientReply:client-B268B4322F32->17750241-545b-4219-93a1-14a6ea3d85be@group-C33FBD9556F2, cid=1950, SUCCESS, logIndex=2865, commits[17750241-545b-4219-93a1-14a6ea3d85be:c2865, 4eaaa090-573e-41d3-9f8c-c99e236d806a:c2861, 5f4cf9ee-4bed-49de-adaa-861aec894328:c2861]
2019-08-23 02:48:22,254 | INFO  | DNAudit | user=null | ip=null | op=WRITE_CHUNK {blockData=conID: 2 locID: 102664011921031706 bcsId: 0} | ret=SUCCESS |  
2019-08-23 02:48:22,254 | INFO  | DNAudit | user=null | ip=null | op=PUT_BLOCK {blockData=[blockId=conID: 2 locID: 102664011921031706 bcsId: 0,size=1048576]} | ret=SUCCESS |  
2019-08-23 02:48:22,256 | INFO  | DNAudit | user=null | ip=null | op=WRITE_CHUNK {blockData=conID: 2 locID: 102664011921031706 bcsId: 0} | ret=SUCCESS |  
2019-08-23 02:48:22,256 | INFO  | DNAudit | user=null | ip=null | op=PUT_BLOCK {blockData=[blockId=conID: 2 locID: 102664011921031706 bcsId: 0,size=1048576]} | ret=SUCCESS |  
2019-08-23 02:48:22,256 | INFO  | DNAudit | user=null | ip=null | op=WRITE_CHUNK {blockData=conID: 2 locID: 102664011921031706 bcsId: 0} | ret=SUCCESS |  
2019-08-23 02:48:22,256 [grpc-default-executor-2] INFO  client.GrpcClientProtocolClient (GrpcClientProtocolClient.java:onNext(255)) - client-B268B4322F32->17750241-545b-4219-93a1-14a6ea3d85be: receive RaftClientReply:client-B268B4322F32->17750241-545b-4219-93a1-14a6ea3d85be@group-C33FBD9556F2, cid=1951, SUCCESS, logIndex=0, commits[17750241-545b-4219-93a1-14a6ea3d85be:c2867, 4eaaa090-573e-41d3-9f8c-c99e236d806a:c2863, 5f4cf9ee-4bed-49de-adaa-861aec894328:c2863]
2019-08-23 02:48:22,256 | INFO  | DNAudit | user=null | ip=null | op=PUT_BLOCK {blockData=[blockId=conID: 2 locID: 102664011921031706 bcsId: 0,size=2097152]} | ret=SUCCESS |  
2019-08-23 02:48:22,257 | INFO  | DNAudit | user=null | ip=null | op=WRITE_CHUNK {blockData=conID: 2 locID: 102664011921031706 bcsId: 0} | ret=SUCCESS |  
2019-08-23 02:48:22,257 | INFO  | DNAudit | user=null | ip=null | op=PUT_BLOCK {blockData=[blockId=conID: 2 locID: 102664011921031706 bcsId: 0,size=2097152]} | ret=SUCCESS |  
2019-08-23 02:48:22,263 | INFO  | DNAudit | user=null | ip=null | op=WRITE_CHUNK {blockData=conID: 2 locID: 102664011921031706 bcsId: 2865} | ret=SUCCESS |  
2019-08-23 02:48:22,265 | INFO  | DNAudit | user=null | ip=null | op=WRITE_CHUNK {blockData=conID: 2 locID: 102664011921031706 bcsId: 2865} | ret=SUCCESS |  
2019-08-23 02:48:22,265 | INFO  | DNAudit | user=null | ip=null | op=WRITE_CHUNK {blockData=conID: 2 locID: 102664011921031706 bcsId: 2865} | ret=SUCCESS |  
2019-08-23 02:48:22,267 | INFO  | DNAudit | user=null | ip=null | op=WRITE_CHUNK {blockData=conID: 2 locID: 102664011921031706 bcsId: 2865} | ret=SUCCESS |  
2019-08-23 02:48:22,267 | INFO  | DNAudit | user=null | ip=null | op=PUT_BLOCK {blockData=[blockId=conID: 2 locID: 102664011921031706 bcsId: 0,size=3145728]} | ret=SUCCESS |  
2019-08-23 02:48:22,267 [grpc-default-executor-1] INFO  client.GrpcClientProtocolClient (GrpcClientProtocolClient.java:onNext(255)) - client-B268B4322F32->17750241-545b-4219-93a1-14a6ea3d85be: receive RaftClientReply:client-B268B4322F32->17750241-545b-4219-93a1-14a6ea3d85be@group-C33FBD9556F2, cid=1952, SUCCESS, logIndex=2870, commits[17750241-545b-4219-93a1-14a6ea3d85be:c2871, 4eaaa090-573e-41d3-9f8c-c99e236d806a:c2865, 5f4cf9ee-4bed-49de-adaa-861aec894328:c2869]
2019-08-23 02:48:22,268 [grpc-default-executor-1] INFO  client.GrpcClientProtocolClient (GrpcClientProtocolClient.java:onNext(255)) - client-B268B4322F32->17750241-545b-4219-93a1-14a6ea3d85be: receive RaftClientReply:client-B268B4322F32->17750241-545b-4219-93a1-14a6ea3d85be@group-C33FBD9556F2, cid=1953, SUCCESS, logIndex=2871, commits[17750241-545b-4219-93a1-14a6ea3d85be:c2871, 4eaaa090-573e-41d3-9f8c-c99e236d806a:c2869, 5f4cf9ee-4bed-49de-adaa-861aec894328:c2869]
2019-08-23 02:48:22,268 | INFO  | DNAudit | user=null | ip=null | op=WRITE_CHUNK {blockData=conID: 2 locID: 102664011921031706 bcsId: 2865} | ret=SUCCESS |  
2019-08-23 02:48:22,268 | INFO  | DNAudit | user=null | ip=null | op=WRITE_CHUNK {blockData=conID: 2 locID: 102664011921031706 bcsId: 2865} | ret=SUCCESS |  
2019-08-23 02:48:22,269 | INFO  | DNAudit | user=null | ip=null | op=PUT_BLOCK {blockData=[blockId=conID: 2 locID: 102664011921031706 bcsId: 0,size=3145728]} | ret=SUCCESS |  
2019-08-23 02:48:22,269 | INFO  | DNAudit | user=null | ip=null | op=PUT_BLOCK {blockData=[blockId=conID: 2 locID: 102664011921031706 bcsId: 0,size=3145728]} | ret=SUCCESS |  
2019-08-23 02:48:22,274 | INFO  | DNAudit | user=null | ip=null | op=WRITE_CHUNK {blockData=conID: 2 locID: 102664011921031706 bcsId: 2871} | ret=SUCCESS |  
2019-08-23 02:48:22,276 | INFO  | DNAudit | user=null | ip=null | op=WRITE_CHUNK {blockData=conID: 2 locID: 102664011921031706 bcsId: 2871} | ret=SUCCESS |  
2019-08-23 02:48:22,276 | INFO  | DNAudit | user=null | ip=null | op=WRITE_CHUNK {blockData=conID: 2 locID: 102664011921031706 bcsId: 2871} | ret=SUCCESS |  
2019-08-23 02:48:22,284 | INFO  | DNAudit | user=null | ip=null | op=WRITE_CHUNK {blockData=conID: 2 locID: 102664011921031706 bcsId: 2871} | ret=SUCCESS |  
2019-08-23 02:48:22,285 | INFO  | DNAudit | user=null | ip=null | op=PUT_BLOCK {blockData=[blockId=conID: 2 locID: 102664011921031706 bcsId: 0,size=4194304]} | ret=SUCCESS |  
2019-08-23 02:48:22,285 [grpc-default-executor-2] INFO  client.GrpcClientProtocolClient (GrpcClientProtocolClient.java:onNext(255)) - client-B268B4322F32->17750241-545b-4219-93a1-14a6ea3d85be: receive RaftClientReply:client-B268B4322F32->17750241-545b-4219-93a1-14a6ea3d85be@group-C33FBD9556F2, cid=1954, SUCCESS, logIndex=2874, commits[17750241-545b-4219-93a1-14a6ea3d85be:c2875, 4eaaa090-573e-41d3-9f8c-c99e236d806a:c2873, 5f4cf9ee-4bed-49de-adaa-861aec894328:c2873]
2019-08-23 02:48:22,285 [grpc-default-executor-2] INFO  client.GrpcClientProtocolClient (GrpcClientProtocolClient.java:onNext(255)) - client-B268B4322F32->17750241-545b-4219-93a1-14a6ea3d85be: receive RaftClientReply:client-B268B4322F32->17750241-545b-4219-93a1-14a6ea3d85be@group-C33FBD9556F2, cid=1955, SUCCESS, logIndex=2875, commits[17750241-545b-4219-93a1-14a6ea3d85be:c2875, 4eaaa090-573e-41d3-9f8c-c99e236d806a:c2873, 5f4cf9ee-4bed-49de-adaa-861aec894328:c2873]
2019-08-23 02:48:22,303 | INFO  | DNAudit | user=null | ip=null | op=WRITE_CHUNK {blockData=conID: 2 locID: 102664011921031706 bcsId: 2871} | ret=SUCCESS |  
2019-08-23 02:48:22,304 | INFO  | DNAudit | user=null | ip=null | op=WRITE_CHUNK {blockData=conID: 2 locID: 102664011921031706 bcsId: 2871} | ret=SUCCESS |  
2019-08-23 02:48:22,304 | INFO  | DNAudit | user=null | ip=null | op=PUT_BLOCK {blockData=[blockId=conID: 2 locID: 102664011921031706 bcsId: 0,size=4194304]} | ret=SUCCESS |  
2019-08-23 02:48:22,306 | INFO  | DNAudit | user=null | ip=null | op=PUT_BLOCK {blockData=[blockId=conID: 2 locID: 102664011921031706 bcsId: 0,size=4194304]} | ret=SUCCESS |  
2019-08-23 02:48:22,307 [grpc-default-executor-2] INFO  client.GrpcClientProtocolClient (GrpcClientProtocolClient.java:onNext(255)) - client-B268B4322F32->17750241-545b-4219-93a1-14a6ea3d85be: receive RaftClientReply:client-B268B4322F32->17750241-545b-4219-93a1-14a6ea3d85be@group-C33FBD9556F2, cid=1956, SUCCESS, logIndex=0, commits[17750241-545b-4219-93a1-14a6ea3d85be:c2877, 4eaaa090-573e-41d3-9f8c-c99e236d806a:c2875, 5f4cf9ee-4bed-49de-adaa-861aec894328:c2875]
2019-08-23 02:48:22,309 | INFO  | SCMAudit | user=jenkins1000 | ip=192.168.34.22 | op=ALLOCATE_BLOCK {owner=31d65bc3-3f70-45f5-bbc5-e3a15f967ba6, size=4194304, type=RATIS, factor=THREE} | ret=SUCCESS |  
2019-08-23 02:48:22,313 | INFO  | OMAudit | user=jenkins1000 | ip=127.0.0.1 | op=ALLOCATE_BLOCK {volume=vol-0-78052, bucket=bucket-0-33874, key=key-0-20719, dataSize=2147483657, replicationType=RATIS, replicationFactor=THREE, keyLocationInfo=[], clientID=102664010308846034} | ret=SUCCESS |  
2019-08-23 02:48:22,323 | INFO  | DNAudit | user=null | ip=null | op=WRITE_CHUNK {blockData=conID: 3 locID: 102664011927323163 bcsId: 0} | ret=SUCCESS |  
2019-08-23 02:48:22,325 | INFO  | DNAudit | user=null | ip=null | op=WRITE_CHUNK {blockData=conID: 3 locID: 102664011927323163 bcsId: 0} | ret=SUCCESS |  
2019-08-23 02:48:22,326 | INFO  | DNAudit | user=null | ip=null | op=WRITE_CHUNK {blockData=conID: 3 locID: 102664011927323163 bcsId: 0} | ret=SUCCESS |  
2019-08-23 02:48:22,326 | INFO  | DNAudit | user=null | ip=null | op=WRITE_CHUNK {blockData=conID: 3 locID: 102664011927323163 bcsId: 0} | ret=SUCCESS |  
2019-08-23 02:48:22,327 | INFO  | DNAudit | user=null | ip=null | op=WRITE_CHUNK {blockData=conID: 3 locID: 102664011927323163 bcsId: 0} | ret=SUCCESS |  
2019-08-23 02:48:22,328 | INFO  | DNAudit | user=null | ip=null | op=WRITE_CHUNK {blockData=conID: 3 locID: 102664011927323163 bcsId: 0} | ret=SUCCESS |  
2019-08-23 02:48:22,335 | INFO  | DNAudit | user=null | ip=null | op=WRITE_CHUNK {blockData=conID: 3 locID: 102664011927323163 bcsId: 0} | ret=SUCCESS |  
2019-08-23 02:48:22,336 | INFO  | DNAudit | user=null | ip=null | op=PUT_BLOCK {blockData=[blockId=conID: 3 locID: 102664011927323163 bcsId: 0,size=1048576]} | ret=SUCCESS |  
2019-08-23 02:48:22,336 [grpc-default-executor-5] INFO  client.GrpcClientProtocolClient (GrpcClientProtocolClient.java:onNext(255)) - client-B268B4322F32->17750241-545b-4219-93a1-14a6ea3d85be: receive RaftClientReply:client-B268B4322F32->17750241-545b-4219-93a1-14a6ea3d85be@group-C33FBD9556F2, cid=1957, SUCCESS, logIndex=2878, commits[17750241-545b-4219-93a1-14a6ea3d85be:c2879, 4eaaa090-573e-41d3-9f8c-c99e236d806a:c2877, 5f4cf9ee-4bed-49de-adaa-861aec894328:c2877]
2019-08-23 02:48:22,336 | INFO  | DNAudit | user=null | ip=null | op=WRITE_CHUNK {blockData=conID: 3 locID: 102664011927323163 bcsId: 0} | ret=SUCCESS |  
2019-08-23 02:48:22,337 | INFO  | DNAudit | user=null | ip=null | op=PUT_BLOCK {blockData=[blockId=conID: 3 locID: 102664011927323163 bcsId: 0,size=2097152]} | ret=SUCCESS |  
2019-08-23 02:48:22,337 [grpc-default-executor-5] INFO  client.GrpcClientProtocolClient (GrpcClientProtocolClient.java:onNext(255)) - client-B268B4322F32->17750241-545b-4219-93a1-14a6ea3d85be: receive RaftClientReply:client-B268B4322F32->17750241-545b-4219-93a1-14a6ea3d85be@group-C33FBD9556F2, cid=1958, SUCCESS, logIndex=2879, commits[17750241-545b-4219-93a1-14a6ea3d85be:c2881, 4eaaa090-573e-41d3-9f8c-c99e236d806a:c2877, 5f4cf9ee-4bed-49de-adaa-861aec894328:c2877]
2019-08-23 02:48:22,337 [grpc-default-executor-5] INFO  client.GrpcClientProtocolClient (GrpcClientProtocolClient.java:onNext(255)) - client-B268B4322F32->17750241-545b-4219-93a1-14a6ea3d85be: receive RaftClientReply:client-B268B4322F32->17750241-545b-4219-93a1-14a6ea3d85be@group-C33FBD9556F2, cid=1959, SUCCESS, logIndex=2880, commits[17750241-545b-4219-93a1-14a6ea3d85be:c2881, 4eaaa090-573e-41d3-9f8c-c99e236d806a:c2877, 5f4cf9ee-4bed-49de-adaa-861aec894328:c2877]
2019-08-23 02:48:22,337 [grpc-default-executor-5] INFO  client.GrpcClientProtocolClient (GrpcClientProtocolClient.java:onNext(255)) - client-B268B4322F32->17750241-545b-4219-93a1-14a6ea3d85be: receive RaftClientReply:client-B268B4322F32->17750241-545b-4219-93a1-14a6ea3d85be@group-C33FBD9556F2, cid=1960, SUCCESS, logIndex=2881, commits[17750241-545b-4219-93a1-14a6ea3d85be:c2881, 4eaaa090-573e-41d3-9f8c-c99e236d806a:c2877, 5f4cf9ee-4bed-49de-adaa-861aec894328:c2877]
2019-08-23 02:48:22,349 | INFO  | DNAudit | user=null | ip=null | op=WRITE_CHUNK {blockData=conID: 3 locID: 102664011927323163 bcsId: 0} | ret=SUCCESS |  
2019-08-23 02:48:22,349 | INFO  | DNAudit | user=null | ip=null | op=PUT_BLOCK {blockData=[blockId=conID: 3 locID: 102664011927323163 bcsId: 0,size=1048576]} | ret=SUCCESS |  
2019-08-23 02:48:22,351 | INFO  | DNAudit | user=null | ip=null | op=WRITE_CHUNK {blockData=conID: 3 locID: 102664011927323163 bcsId: 0} | ret=SUCCESS |  
2019-08-23 02:48:22,352 | INFO  | DNAudit | user=null | ip=null | op=PUT_BLOCK {blockData=[blockId=conID: 3 locID: 102664011927323163 bcsId: 0,size=1048576]} | ret=SUCCESS |  
2019-08-23 02:48:22,352 | INFO  | DNAudit | user=null | ip=null | op=WRITE_CHUNK {blockData=conID: 3 locID: 102664011927323163 bcsId: 0} | ret=SUCCESS |  
2019-08-23 02:48:22,352 | INFO  | DNAudit | user=null | ip=null | op=PUT_BLOCK {blockData=[blockId=conID: 3 locID: 102664011927323163 bcsId: 0,size=2097152]} | ret=SUCCESS |  
2019-08-23 02:48:22,352 [grpc-default-executor-5] INFO  client.GrpcClientProtocolClient (GrpcClientProtocolClient.java:onNext(255)) - client-B268B4322F32->17750241-545b-4219-93a1-14a6ea3d85be: receive RaftClientReply:client-B268B4322F32->17750241-545b-4219-93a1-14a6ea3d85be@group-C33FBD9556F2, cid=1961, SUCCESS, logIndex=0, commits[17750241-545b-4219-93a1-14a6ea3d85be:c2883, 4eaaa090-573e-41d3-9f8c-c99e236d806a:c2879, 5f4cf9ee-4bed-49de-adaa-861aec894328:c2879]
2019-08-23 02:48:22,358 | INFO  | DNAudit | user=null | ip=null | op=WRITE_CHUNK {blockData=conID: 3 locID: 102664011927323163 bcsId: 2881} | ret=SUCCESS |  
2019-08-23 02:48:22,360 | INFO  | DNAudit | user=null | ip=null | op=WRITE_CHUNK {blockData=conID: 3 locID: 102664011927323163 bcsId: 2881} | ret=SUCCESS |  
2019-08-23 02:48:22,360 | INFO  | DNAudit | user=null | ip=null | op=WRITE_CHUNK {blockData=conID: 3 locID: 102664011927323163 bcsId: 2881} | ret=SUCCESS |  
2019-08-23 02:48:22,362 | INFO  | DNAudit | user=null | ip=null | op=WRITE_CHUNK {blockData=conID: 3 locID: 102664011927323163 bcsId: 0} | ret=SUCCESS |  
2019-08-23 02:48:22,363 | INFO  | DNAudit | user=null | ip=null | op=PUT_BLOCK {blockData=[blockId=conID: 3 locID: 102664011927323163 bcsId: 0,size=2097152]} | ret=SUCCESS |  
2019-08-23 02:48:22,363 | INFO  | DNAudit | user=null | ip=null | op=WRITE_CHUNK {blockData=conID: 3 locID: 102664011927323163 bcsId: 2881} | ret=SUCCESS |  
2019-08-23 02:48:22,364 | INFO  | DNAudit | user=null | ip=null | op=PUT_BLOCK {blockData=[blockId=conID: 3 locID: 102664011927323163 bcsId: 0,size=3145728]} | ret=SUCCESS |  
2019-08-23 02:48:22,364 [grpc-default-executor-2] INFO  client.GrpcClientProtocolClient (GrpcClientProtocolClient.java:onNext(255)) - client-B268B4322F32->17750241-545b-4219-93a1-14a6ea3d85be: receive RaftClientReply:client-B268B4322F32->17750241-545b-4219-93a1-14a6ea3d85be@group-C33FBD9556F2, cid=1962, SUCCESS, logIndex=2886, commits[17750241-545b-4219-93a1-14a6ea3d85be:c2887, 4eaaa090-573e-41d3-9f8c-c99e236d806a:c2885, 5f4cf9ee-4bed-49de-adaa-861aec894328:c2885]
2019-08-23 02:48:22,364 [grpc-default-executor-2] INFO  client.GrpcClientProtocolClient (GrpcClientProtocolClient.java:onNext(255)) - client-B268B4322F32->17750241-545b-4219-93a1-14a6ea3d85be: receive RaftClientReply:client-B268B4322F32->17750241-545b-4219-93a1-14a6ea3d85be@group-C33FBD9556F2, cid=1963, SUCCESS, logIndex=2887, commits[17750241-545b-4219-93a1-14a6ea3d85be:c2887, 4eaaa090-573e-41d3-9f8c-c99e236d806a:c2885, 5f4cf9ee-4bed-49de-adaa-861aec894328:c2885]
2019-08-23 02:48:22,366 | INFO  | DNAudit | user=null | ip=null | op=WRITE_CHUNK {blockData=conID: 3 locID: 102664011927323163 bcsId: 2881} | ret=SUCCESS |  
2019-08-23 02:48:22,366 | INFO  | DNAudit | user=null | ip=null | op=WRITE_CHUNK {blockData=conID: 3 locID: 102664011927323163 bcsId: 2881} | ret=SUCCESS |  
2019-08-23 02:48:22,366 | INFO  | DNAudit | user=null | ip=null | op=PUT_BLOCK {blockData=[blockId=conID: 3 locID: 102664011927323163 bcsId: 0,size=3145728]} | ret=SUCCESS |  
2019-08-23 02:48:22,367 | INFO  | DNAudit | user=null | ip=null | op=PUT_BLOCK {blockData=[blockId=conID: 3 locID: 102664011927323163 bcsId: 0,size=3145728]} | ret=SUCCESS |  
2019-08-23 02:48:22,370 | INFO  | DNAudit | user=null | ip=null | op=WRITE_CHUNK {blockData=conID: 3 locID: 102664011927323163 bcsId: 2887} | ret=SUCCESS |  
2019-08-23 02:48:22,372 | INFO  | DNAudit | user=null | ip=null | op=WRITE_CHUNK {blockData=conID: 3 locID: 102664011927323163 bcsId: 2887} | ret=SUCCESS |  
2019-08-23 02:48:22,373 | INFO  | DNAudit | user=null | ip=null | op=WRITE_CHUNK {blockData=conID: 3 locID: 102664011927323163 bcsId: 2887} | ret=SUCCESS |  
2019-08-23 02:48:22,375 | INFO  | SCMAudit | user=jenkins1000 | ip=192.168.34.22 | op=SEND_HEARTBEAT {datanodeUUID=17750241-545b-4219-93a1-14a6ea3d85be, command=[]} | ret=SUCCESS |  
2019-08-23 02:48:22,375 | INFO  | SCMAudit | user=jenkins1000 | ip=192.168.34.22 | op=SEND_HEARTBEAT {datanodeUUID=4eaaa090-573e-41d3-9f8c-c99e236d806a, command=[]} | ret=SUCCESS |  
2019-08-23 02:48:22,376 | INFO  | SCMAudit | user=jenkins1000 | ip=192.168.34.22 | op=SEND_HEARTBEAT {datanodeUUID=5f4cf9ee-4bed-49de-adaa-861aec894328, command=[]} | ret=SUCCESS |  
2019-08-23 02:48:22,393 | INFO  | DNAudit | user=null | ip=null | op=WRITE_CHUNK {blockData=conID: 3 locID: 102664011927323163 bcsId: 2887} | ret=SUCCESS |  
2019-08-23 02:48:22,394 | INFO  | DNAudit | user=null | ip=null | op=PUT_BLOCK {blockData=[blockId=conID: 3 locID: 102664011927323163 bcsId: 0,size=4194304]} | ret=SUCCESS |  
2019-08-23 02:48:22,394 [grpc-default-executor-1] INFO  client.GrpcClientProtocolClient (GrpcClientProtocolClient.java:onNext(255)) - client-B268B4322F32->17750241-545b-4219-93a1-14a6ea3d85be: receive RaftClientReply:client-B268B4322F32->17750241-545b-4219-93a1-14a6ea3d85be@group-C33FBD9556F2, cid=1964, SUCCESS, logIndex=2890, commits[17750241-545b-4219-93a1-14a6ea3d85be:c2891, 4eaaa090-573e-41d3-9f8c-c99e236d806a:c2888, 5f4cf9ee-4bed-49de-adaa-861aec894328:c2888]
2019-08-23 02:48:22,394 [grpc-default-executor-1] INFO  client.GrpcClientProtocolClient (GrpcClientProtocolClient.java:onNext(255)) - client-B268B4322F32->17750241-545b-4219-93a1-14a6ea3d85be: receive RaftClientReply:client-B268B4322F32->17750241-545b-4219-93a1-14a6ea3d85be@group-C33FBD9556F2, cid=1965, SUCCESS, logIndex=2891, commits[17750241-545b-4219-93a1-14a6ea3d85be:c2891, 4eaaa090-573e-41d3-9f8c-c99e236d806a:c2888, 5f4cf9ee-4bed-49de-adaa-861aec894328:c2888]
2019-08-23 02:48:22,406 | INFO  | DNAudit | user=null | ip=null | op=WRITE_CHUNK {blockData=conID: 3 locID: 102664011927323163 bcsId: 2887} | ret=SUCCESS |  
2019-08-23 02:48:22,406 | INFO  | DNAudit | user=null | ip=null | op=WRITE_CHUNK {blockData=conID: 3 locID: 102664011927323163 bcsId: 2887} | ret=SUCCESS |  
2019-08-23 02:48:22,419 | INFO  | DNAudit | user=null | ip=null | op=PUT_BLOCK {blockData=[blockId=conID: 3 locID: 102664011927323163 bcsId: 0,size=4194304]} | ret=SUCCESS |  
2019-08-23 02:48:22,419 | INFO  | DNAudit | user=null | ip=null | op=PUT_BLOCK {blockData=[blockId=conID: 3 locID: 102664011927323163 bcsId: 0,size=4194304]} | ret=SUCCESS |  
2019-08-23 02:48:22,420 [grpc-default-executor-5] INFO  client.GrpcClientProtocolClient (GrpcClientProtocolClient.java:onNext(255)) - client-B268B4322F32->17750241-545b-4219-93a1-14a6ea3d85be: receive RaftClientReply:client-B268B4322F32->17750241-545b-4219-93a1-14a6ea3d85be@group-C33FBD9556F2, cid=1966, SUCCESS, logIndex=0, commits[17750241-545b-4219-93a1-14a6ea3d85be:c2893, 4eaaa090-573e-41d3-9f8c-c99e236d806a:c2891, 5f4cf9ee-4bed-49de-adaa-861aec894328:c2891]
2019-08-23 02:48:22,422 | INFO  | SCMAudit | user=jenkins1000 | ip=192.168.34.22 | op=ALLOCATE_BLOCK {owner=31d65bc3-3f70-45f5-bbc5-e3a15f967ba6, size=4194304, type=RATIS, factor=THREE} | ret=SUCCESS |  
2019-08-23 02:48:22,426 | INFO  | OMAudit | user=jenkins1000 | ip=127.0.0.1 | op=ALLOCATE_BLOCK {volume=vol-0-78052, bucket=bucket-0-33874, key=key-0-20719, dataSize=2147483657, replicationType=RATIS, replicationFactor=THREE, keyLocationInfo=[], clientID=102664010308846034} | ret=SUCCESS |  
2019-08-23 02:48:22,435 | INFO  | DNAudit | user=null | ip=null | op=WRITE_CHUNK {blockData=conID: 1 locID: 102664011934728732 bcsId: 0} | ret=SUCCESS |  
2019-08-23 02:48:22,439 | INFO  | DNAudit | user=null | ip=null | op=WRITE_CHUNK {blockData=conID: 1 locID: 102664011934728732 bcsId: 0} | ret=SUCCESS |  
2019-08-23 02:48:22,439 | INFO  | DNAudit | user=null | ip=null | op=WRITE_CHUNK {blockData=conID: 1 locID: 102664011934728732 bcsId: 0} | ret=SUCCESS |  
2019-08-23 02:48:22,439 | INFO  | DNAudit | user=null | ip=null | op=WRITE_CHUNK {blockData=conID: 1 locID: 102664011934728732 bcsId: 0} | ret=SUCCESS |  
2019-08-23 02:48:22,440 | INFO  | DNAudit | user=null | ip=null | op=WRITE_CHUNK {blockData=conID: 1 locID: 102664011934728732 bcsId: 0} | ret=SUCCESS |  
2019-08-23 02:48:22,441 | INFO  | DNAudit | user=null | ip=null | op=WRITE_CHUNK {blockData=conID: 1 locID: 102664011934728732 bcsId: 0} | ret=SUCCESS |  
2019-08-23 02:48:22,448 | INFO  | DNAudit | user=null | ip=null | op=WRITE_CHUNK {blockData=conID: 1 locID: 102664011934728732 bcsId: 0} | ret=SUCCESS |  
2019-08-23 02:48:22,449 | INFO  | DNAudit | user=null | ip=null | op=PUT_BLOCK {blockData=[blockId=conID: 1 locID: 102664011934728732 bcsId: 0,size=1048576]} | ret=SUCCESS |  
2019-08-23 02:48:22,449 [grpc-default-executor-1] INFO  client.GrpcClientProtocolClient (GrpcClientProtocolClient.java:onNext(255)) - client-B268B4322F32->17750241-545b-4219-93a1-14a6ea3d85be: receive RaftClientReply:client-B268B4322F32->17750241-545b-4219-93a1-14a6ea3d85be@group-C33FBD9556F2, cid=1967, SUCCESS, logIndex=2894, commits[17750241-545b-4219-93a1-14a6ea3d85be:c2896, 4eaaa090-573e-41d3-9f8c-c99e236d806a:c2893, 5f4cf9ee-4bed-49de-adaa-861aec894328:c2893]
2019-08-23 02:48:22,449 | INFO  | DNAudit | user=null | ip=null | op=WRITE_CHUNK {blockData=conID: 1 locID: 102664011934728732 bcsId: 0} | ret=SUCCESS |  
2019-08-23 02:48:22,449 [grpc-default-executor-1] INFO  client.GrpcClientProtocolClient (GrpcClientProtocolClient.java:onNext(255)) - client-B268B4322F32->17750241-545b-4219-93a1-14a6ea3d85be: receive RaftClientReply:client-B268B4322F32->17750241-545b-4219-93a1-14a6ea3d85be@group-C33FBD9556F2, cid=1968, SUCCESS, logIndex=2895, commits[17750241-545b-4219-93a1-14a6ea3d85be:c2897, 4eaaa090-573e-41d3-9f8c-c99e236d806a:c2893, 5f4cf9ee-4bed-49de-adaa-861aec894328:c2893]
2019-08-23 02:48:22,450 | INFO  | DNAudit | user=null | ip=null | op=PUT_BLOCK {blockData=[blockId=conID: 1 locID: 102664011934728732 bcsId: 0,size=2097152]} | ret=SUCCESS |  
2019-08-23 02:48:22,450 [grpc-default-executor-1] INFO  client.GrpcClientProtocolClient (GrpcClientProtocolClient.java:onNext(255)) - client-B268B4322F32->17750241-545b-4219-93a1-14a6ea3d85be: receive RaftClientReply:client-B268B4322F32->17750241-545b-4219-93a1-14a6ea3d85be@group-C33FBD9556F2, cid=1969, SUCCESS, logIndex=2896, commits[17750241-545b-4219-93a1-14a6ea3d85be:c2897, 4eaaa090-573e-41d3-9f8c-c99e236d806a:c2893, 5f4cf9ee-4bed-49de-adaa-861aec894328:c2893]
2019-08-23 02:48:22,450 [grpc-default-executor-1] INFO  client.GrpcClientProtocolClient (GrpcClientProtocolClient.java:onNext(255)) - client-B268B4322F32->17750241-545b-4219-93a1-14a6ea3d85be: receive RaftClientReply:client-B268B4322F32->17750241-545b-4219-93a1-14a6ea3d85be@group-C33FBD9556F2, cid=1970, SUCCESS, logIndex=2897, commits[17750241-545b-4219-93a1-14a6ea3d85be:c2897, 4eaaa090-573e-41d3-9f8c-c99e236d806a:c2893, 5f4cf9ee-4bed-49de-adaa-861aec894328:c2893]
2019-08-23 02:48:22,461 | INFO  | DNAudit | user=null | ip=null | op=WRITE_CHUNK {blockData=conID: 1 locID: 102664011934728732 bcsId: 0} | ret=SUCCESS |  
2019-08-23 02:48:22,463 | INFO  | DNAudit | user=null | ip=null | op=WRITE_CHUNK {blockData=conID: 1 locID: 102664011934728732 bcsId: 0} | ret=SUCCESS |  
2019-08-23 02:48:22,464 | INFO  | DNAudit | user=null | ip=null | op=PUT_BLOCK {blockData=[blockId=conID: 1 locID: 102664011934728732 bcsId: 0,size=1048576]} | ret=SUCCESS |  
2019-08-23 02:48:22,474 | INFO  | DNAudit | user=null | ip=null | op=PUT_BLOCK {blockData=[blockId=conID: 1 locID: 102664011934728732 bcsId: 0,size=1048576]} | ret=SUCCESS |  
2019-08-23 02:48:22,474 | INFO  | DNAudit | user=null | ip=null | op=WRITE_CHUNK {blockData=conID: 1 locID: 102664011934728732 bcsId: 0} | ret=SUCCESS |  
2019-08-23 02:48:22,475 | INFO  | DNAudit | user=null | ip=null | op=WRITE_CHUNK {blockData=conID: 1 locID: 102664011934728732 bcsId: 0} | ret=SUCCESS |  
2019-08-23 02:48:22,475 | INFO  | DNAudit | user=null | ip=null | op=PUT_BLOCK {blockData=[blockId=conID: 1 locID: 102664011934728732 bcsId: 0,size=2097152]} | ret=SUCCESS |  
2019-08-23 02:48:22,475 | INFO  | DNAudit | user=null | ip=null | op=PUT_BLOCK {blockData=[blockId=conID: 1 locID: 102664011934728732 bcsId: 0,size=2097152]} | ret=SUCCESS |  
2019-08-23 02:48:22,475 [grpc-default-executor-5] INFO  client.GrpcClientProtocolClient (GrpcClientProtocolClient.java:onNext(255)) - client-B268B4322F32->17750241-545b-4219-93a1-14a6ea3d85be: receive RaftClientReply:client-B268B4322F32->17750241-545b-4219-93a1-14a6ea3d85be@group-C33FBD9556F2, cid=1971, SUCCESS, logIndex=0, commits[17750241-545b-4219-93a1-14a6ea3d85be:c2899, 4eaaa090-573e-41d3-9f8c-c99e236d806a:c2895, 5f4cf9ee-4bed-49de-adaa-861aec894328:c2895]
2019-08-23 02:48:23,238 | INFO  | SCMAudit | user=jenkins1000 | ip=192.168.34.22 | op=SEND_HEARTBEAT {datanodeUUID=0cedf437-a8af-4d70-bac5-ea9863093e86, command=[]} | ret=SUCCESS |  
 0.00% |█                                                                                                    |  0/1 Time: 0:00:252019-08-23 02:48:23,238 | INFO  | SCMAudit | user=jenkins1000 | ip=192.168.34.22 | op=SEND_HEARTBEAT {datanodeUUID=66ab6a68-e61f-4535-ab2f-12fe560929ed, command=[]} | ret=SUCCESS |  
2019-08-23 02:48:23,240 | INFO  | DNAudit | user=null | ip=null | op=WRITE_CHUNK {blockData=conID: 1 locID: 102664011934728732 bcsId: 2897} | ret=SUCCESS |  
2019-08-23 02:48:23,245 | INFO  | DNAudit | user=null | ip=null | op=WRITE_CHUNK {blockData=conID: 1 locID: 102664011934728732 bcsId: 2897} | ret=SUCCESS |  
2019-08-23 02:48:23,245 | INFO  | DNAudit | user=null | ip=null | op=WRITE_CHUNK {blockData=conID: 1 locID: 102664011934728732 bcsId: 2897} | ret=SUCCESS |  
2019-08-23 02:48:23,254 | INFO  | DNAudit | user=null | ip=null | op=WRITE_CHUNK {blockData=conID: 1 locID: 102664011934728732 bcsId: 2897} | ret=SUCCESS |  
2019-08-23 02:48:23,255 | INFO  | DNAudit | user=null | ip=null | op=PUT_BLOCK {blockData=[blockId=conID: 1 locID: 102664011934728732 bcsId: 0,size=3145728]} | ret=SUCCESS |  
2019-08-23 02:48:23,255 [grpc-default-executor-5] INFO  client.GrpcClientProtocolClient (GrpcClientProtocolClient.java:onNext(255)) - client-B268B4322F32->17750241-545b-4219-93a1-14a6ea3d85be: receive RaftClientReply:client-B268B4322F32->17750241-545b-4219-93a1-14a6ea3d85be@group-C33FBD9556F2, cid=1972, SUCCESS, logIndex=2902, commits[17750241-545b-4219-93a1-14a6ea3d85be:c2903, 4eaaa090-573e-41d3-9f8c-c99e236d806a:c2901, 5f4cf9ee-4bed-49de-adaa-861aec894328:c2901]
2019-08-23 02:48:23,256 [grpc-default-executor-5] INFO  client.GrpcClientProtocolClient (GrpcClientProtocolClient.java:onNext(255)) - client-B268B4322F32->17750241-545b-4219-93a1-14a6ea3d85be: receive RaftClientReply:client-B268B4322F32->17750241-545b-4219-93a1-14a6ea3d85be@group-C33FBD9556F2, cid=1973, SUCCESS, logIndex=2903, commits[17750241-545b-4219-93a1-14a6ea3d85be:c2903, 4eaaa090-573e-41d3-9f8c-c99e236d806a:c2901, 5f4cf9ee-4bed-49de-adaa-861aec894328:c2901]
2019-08-23 02:48:23,264 | INFO  | DNAudit | user=null | ip=null | op=WRITE_CHUNK {blockData=conID: 1 locID: 102664011934728732 bcsId: 2903} | ret=SUCCESS |  
2019-08-23 02:48:23,265 | INFO  | DNAudit | user=null | ip=null | op=WRITE_CHUNK {blockData=conID: 1 locID: 102664011934728732 bcsId: 2897} | ret=SUCCESS |  
2019-08-23 02:48:23,266 | INFO  | DNAudit | user=null | ip=null | op=WRITE_CHUNK {blockData=conID: 1 locID: 102664011934728732 bcsId: 2897} | ret=SUCCESS |  
2019-08-23 02:48:23,266 | INFO  | DNAudit | user=null | ip=null | op=PUT_BLOCK {blockData=[blockId=conID: 1 locID: 102664011934728732 bcsId: 0,size=3145728]} | ret=SUCCESS |  
2019-08-23 02:48:23,266 | INFO  | DNAudit | user=null | ip=null | op=PUT_BLOCK {blockData=[blockId=conID: 1 locID: 102664011934728732 bcsId: 0,size=3145728]} | ret=SUCCESS |  
2019-08-23 02:48:23,267 | INFO  | DNAudit | user=null | ip=null | op=WRITE_CHUNK {blockData=conID: 1 locID: 102664011934728732 bcsId: 2903} | ret=SUCCESS |  
2019-08-23 02:48:23,268 | INFO  | DNAudit | user=null | ip=null | op=WRITE_CHUNK {blockData=conID: 1 locID: 102664011934728732 bcsId: 2903} | ret=SUCCESS |  
2019-08-23 02:48:23,280 | INFO  | DNAudit | user=null | ip=null | op=WRITE_CHUNK {blockData=conID: 1 locID: 102664011934728732 bcsId: 2903} | ret=SUCCESS |  
2019-08-23 02:48:23,281 | INFO  | DNAudit | user=null | ip=null | op=PUT_BLOCK {blockData=[blockId=conID: 1 locID: 102664011934728732 bcsId: 0,size=4194304]} | ret=SUCCESS |  
2019-08-23 02:48:23,281 [grpc-default-executor-5] INFO  client.GrpcClientProtocolClient (GrpcClientProtocolClient.java:onNext(255)) - client-B268B4322F32->17750241-545b-4219-93a1-14a6ea3d85be: receive RaftClientReply:client-B268B4322F32->17750241-545b-4219-93a1-14a6ea3d85be@group-C33FBD9556F2, cid=1974, SUCCESS, logIndex=2906, commits[17750241-545b-4219-93a1-14a6ea3d85be:c2907, 4eaaa090-573e-41d3-9f8c-c99e236d806a:c2903, 5f4cf9ee-4bed-49de-adaa-861aec894328:c2903]
2019-08-23 02:48:23,282 [grpc-default-executor-5] INFO  client.GrpcClientProtocolClient (GrpcClientProtocolClient.java:onNext(255)) - client-B268B4322F32->17750241-545b-4219-93a1-14a6ea3d85be: receive RaftClientReply:client-B268B4322F32->17750241-545b-4219-93a1-14a6ea3d85be@group-C33FBD9556F2, cid=1975, SUCCESS, logIndex=2907, commits[17750241-545b-4219-93a1-14a6ea3d85be:c2907, 4eaaa090-573e-41d3-9f8c-c99e236d806a:c2903, 5f4cf9ee-4bed-49de-adaa-861aec894328:c2903]
2019-08-23 02:48:23,292 | INFO  | DNAudit | user=null | ip=null | op=WRITE_CHUNK {blockData=conID: 1 locID: 102664011934728732 bcsId: 2903} | ret=SUCCESS |  
2019-08-23 02:48:23,292 | INFO  | DNAudit | user=null | ip=null | op=WRITE_CHUNK {blockData=conID: 1 locID: 102664011934728732 bcsId: 2903} | ret=SUCCESS |  
2019-08-23 02:48:23,292 | INFO  | DNAudit | user=null | ip=null | op=PUT_BLOCK {blockData=[blockId=conID: 1 locID: 102664011934728732 bcsId: 0,size=4194304]} | ret=SUCCESS |  
2019-08-23 02:48:23,292 | INFO  | DNAudit | user=null | ip=null | op=PUT_BLOCK {blockData=[blockId=conID: 1 locID: 102664011934728732 bcsId: 0,size=4194304]} | ret=SUCCESS |  
2019-08-23 02:48:23,293 [grpc-default-executor-5] INFO  client.GrpcClientProtocolClient (GrpcClientProtocolClient.java:onNext(255)) - client-B268B4322F32->17750241-545b-4219-93a1-14a6ea3d85be: receive RaftClientReply:client-B268B4322F32->17750241-545b-4219-93a1-14a6ea3d85be@group-C33FBD9556F2, cid=1976, SUCCESS, logIndex=0, commits[17750241-545b-4219-93a1-14a6ea3d85be:c2908, 4eaaa090-573e-41d3-9f8c-c99e236d806a:c2907, 5f4cf9ee-4bed-49de-adaa-861aec894328:c2907]
2019-08-23 02:48:23,295 | INFO  | SCMAudit | user=jenkins1000 | ip=192.168.34.22 | op=ALLOCATE_BLOCK {owner=31d65bc3-3f70-45f5-bbc5-e3a15f967ba6, size=4194304, type=RATIS, factor=THREE} | ret=SUCCESS |  
2019-08-23 02:48:23,299 | INFO  | OMAudit | user=jenkins1000 | ip=127.0.0.1 | op=ALLOCATE_BLOCK {volume=vol-0-78052, bucket=bucket-0-33874, key=key-0-20719, dataSize=2147483657, replicationType=RATIS, replicationFactor=THREE, keyLocationInfo=[], clientID=102664010308846034} | ret=SUCCESS |  
2019-08-23 02:48:23,310 | INFO  | DNAudit | user=null | ip=null | op=WRITE_CHUNK {blockData=conID: 2 locID: 102664011991941661 bcsId: 0} | ret=SUCCESS |  
2019-08-23 02:48:23,313 | INFO  | DNAudit | user=null | ip=null | op=WRITE_CHUNK {blockData=conID: 2 locID: 102664011991941661 bcsId: 0} | ret=SUCCESS |  
2019-08-23 02:48:23,314 | INFO  | DNAudit | user=null | ip=null | op=WRITE_CHUNK {blockData=conID: 2 locID: 102664011991941661 bcsId: 0} | ret=SUCCESS |  
2019-08-23 02:48:23,315 | INFO  | DNAudit | user=null | ip=null | op=WRITE_CHUNK {blockData=conID: 2 locID: 102664011991941661 bcsId: 0} | ret=SUCCESS |  
2019-08-23 02:48:23,316 | INFO  | DNAudit | user=null | ip=null | op=WRITE_CHUNK {blockData=conID: 2 locID: 102664011991941661 bcsId: 0} | ret=SUCCESS |  
2019-08-23 02:48:23,316 | INFO  | DNAudit | user=null | ip=null | op=WRITE_CHUNK {blockData=conID: 2 locID: 102664011991941661 bcsId: 0} | ret=SUCCESS |  
2019-08-23 02:48:23,323 | INFO  | DNAudit | user=null | ip=null | op=WRITE_CHUNK {blockData=conID: 2 locID: 102664011991941661 bcsId: 0} | ret=SUCCESS |  
2019-08-23 02:48:23,324 | INFO  | DNAudit | user=null | ip=null | op=PUT_BLOCK {blockData=[blockId=conID: 2 locID: 102664011991941661 bcsId: 0,size=1048576]} | ret=SUCCESS |  
2019-08-23 02:48:23,324 [grpc-default-executor-1] INFO  client.GrpcClientProtocolClient (GrpcClientProtocolClient.java:onNext(255)) - client-B268B4322F32->17750241-545b-4219-93a1-14a6ea3d85be: receive RaftClientReply:client-B268B4322F32->17750241-545b-4219-93a1-14a6ea3d85be@group-C33FBD9556F2, cid=1977, SUCCESS, logIndex=2910, commits[17750241-545b-4219-93a1-14a6ea3d85be:c2913, 4eaaa090-573e-41d3-9f8c-c99e236d806a:c2909, 5f4cf9ee-4bed-49de-adaa-861aec894328:c2909]
2019-08-23 02:48:23,325 | INFO  | DNAudit | user=null | ip=null | op=WRITE_CHUNK {blockData=conID: 2 locID: 102664011991941661 bcsId: 0} | ret=SUCCESS |  
2019-08-23 02:48:23,325 | INFO  | DNAudit | user=null | ip=null | op=WRITE_CHUNK {blockData=conID: 2 locID: 102664011991941661 bcsId: 0} | ret=SUCCESS |  
2019-08-23 02:48:23,325 [grpc-default-executor-5] INFO  client.GrpcClientProtocolClient (GrpcClientProtocolClient.java:onNext(255)) - client-B268B4322F32->17750241-545b-4219-93a1-14a6ea3d85be: receive RaftClientReply:client-B268B4322F32->17750241-545b-4219-93a1-14a6ea3d85be@group-C33FBD9556F2, cid=1978, SUCCESS, logIndex=2911, commits[17750241-545b-4219-93a1-14a6ea3d85be:c2913, 4eaaa090-573e-41d3-9f8c-c99e236d806a:c2909, 5f4cf9ee-4bed-49de-adaa-861aec894328:c2909]
2019-08-23 02:48:23,325 | INFO  | DNAudit | user=null | ip=null | op=PUT_BLOCK {blockData=[blockId=conID: 2 locID: 102664011991941661 bcsId: 0,size=2097152]} | ret=SUCCESS |  
2019-08-23 02:48:23,325 [grpc-default-executor-5] INFO  client.GrpcClientProtocolClient (GrpcClientProtocolClient.java:onNext(255)) - client-B268B4322F32->17750241-545b-4219-93a1-14a6ea3d85be: receive RaftClientReply:client-B268B4322F32->17750241-545b-4219-93a1-14a6ea3d85be@group-C33FBD9556F2, cid=1979, SUCCESS, logIndex=2912, commits[17750241-545b-4219-93a1-14a6ea3d85be:c2913, 4eaaa090-573e-41d3-9f8c-c99e236d806a:c2909, 5f4cf9ee-4bed-49de-adaa-861aec894328:c2909]
2019-08-23 02:48:23,326 [grpc-default-executor-5] INFO  client.GrpcClientProtocolClient (GrpcClientProtocolClient.java:onNext(255)) - client-B268B4322F32->17750241-545b-4219-93a1-14a6ea3d85be: receive RaftClientReply:client-B268B4322F32->17750241-545b-4219-93a1-14a6ea3d85be@group-C33FBD9556F2, cid=1980, SUCCESS, logIndex=2913, commits[17750241-545b-4219-93a1-14a6ea3d85be:c2914, 4eaaa090-573e-41d3-9f8c-c99e236d806a:c2909, 5f4cf9ee-4bed-49de-adaa-861aec894328:c2910]
2019-08-23 02:48:23,327 | INFO  | DNAudit | user=null | ip=null | op=WRITE_CHUNK {blockData=conID: 2 locID: 102664011991941661 bcsId: 0} | ret=SUCCESS |  
2019-08-23 02:48:23,328 | INFO  | DNAudit | user=null | ip=null | op=PUT_BLOCK {blockData=[blockId=conID: 2 locID: 102664011991941661 bcsId: 0,size=1048576]} | ret=SUCCESS |  
2019-08-23 02:48:23,338 | INFO  | DNAudit | user=null | ip=null | op=PUT_BLOCK {blockData=[blockId=conID: 2 locID: 102664011991941661 bcsId: 0,size=1048576]} | ret=SUCCESS |  
2019-08-23 02:48:23,338 | INFO  | DNAudit | user=null | ip=null | op=WRITE_CHUNK {blockData=conID: 2 locID: 102664011991941661 bcsId: 0} | ret=SUCCESS |  
2019-08-23 02:48:23,341 | INFO  | DNAudit | user=null | ip=null | op=PUT_BLOCK {blockData=[blockId=conID: 2 locID: 102664011991941661 bcsId: 0,size=2097152]} | ret=SUCCESS |  
2019-08-23 02:48:23,341 | INFO  | DNAudit | user=null | ip=null | op=WRITE_CHUNK {blockData=conID: 2 locID: 102664011991941661 bcsId: 0} | ret=SUCCESS |  
2019-08-23 02:48:23,341 | INFO  | DNAudit | user=null | ip=null | op=PUT_BLOCK {blockData=[blockId=conID: 2 locID: 102664011991941661 bcsId: 0,size=2097152]} | ret=SUCCESS |  
2019-08-23 02:48:23,342 [grpc-default-executor-5] INFO  client.GrpcClientProtocolClient (GrpcClientProtocolClient.java:onNext(255)) - client-B268B4322F32->17750241-545b-4219-93a1-14a6ea3d85be: receive RaftClientReply:client-B268B4322F32->17750241-545b-4219-93a1-14a6ea3d85be@group-C33FBD9556F2, cid=1981, SUCCESS, logIndex=0, commits[17750241-545b-4219-93a1-14a6ea3d85be:c2915, 4eaaa090-573e-41d3-9f8c-c99e236d806a:c2911, 5f4cf9ee-4bed-49de-adaa-861aec894328:c2911]
2019-08-23 02:48:23,349 | INFO  | DNAudit | user=null | ip=null | op=WRITE_CHUNK {blockData=conID: 2 locID: 102664011991941661 bcsId: 2913} | ret=SUCCESS |  
2019-08-23 02:48:23,352 | INFO  | DNAudit | user=null | ip=null | op=WRITE_CHUNK {blockData=conID: 2 locID: 102664011991941661 bcsId: 2913} | ret=SUCCESS |  
2019-08-23 02:48:23,352 | INFO  | DNAudit | user=null | ip=null | op=WRITE_CHUNK {blockData=conID: 2 locID: 102664011991941661 bcsId: 2913} | ret=SUCCESS |  
2019-08-23 02:48:23,364 | INFO  | DNAudit | user=null | ip=null | op=WRITE_CHUNK {blockData=conID: 2 locID: 102664011991941661 bcsId: 2913} | ret=SUCCESS |  
2019-08-23 02:48:23,364 | INFO  | DNAudit | user=null | ip=null | op=PUT_BLOCK {blockData=[blockId=conID: 2 locID: 102664011991941661 bcsId: 0,size=3145728]} | ret=SUCCESS |  
2019-08-23 02:48:23,364 [grpc-default-executor-5] INFO  client.GrpcClientProtocolClient (GrpcClientProtocolClient.java:onNext(255)) - client-B268B4322F32->17750241-545b-4219-93a1-14a6ea3d85be: receive RaftClientReply:client-B268B4322F32->17750241-545b-4219-93a1-14a6ea3d85be@group-C33FBD9556F2, cid=1982, SUCCESS, logIndex=2918, commits[17750241-545b-4219-93a1-14a6ea3d85be:c2919, 4eaaa090-573e-41d3-9f8c-c99e236d806a:c2917, 5f4cf9ee-4bed-49de-adaa-861aec894328:c2917]
2019-08-23 02:48:23,365 [grpc-default-executor-5] INFO  client.GrpcClientProtocolClient (GrpcClientProtocolClient.java:onNext(255)) - client-B268B4322F32->17750241-545b-4219-93a1-14a6ea3d85be: receive RaftClientReply:client-B268B4322F32->17750241-545b-4219-93a1-14a6ea3d85be@group-C33FBD9556F2, cid=1983, SUCCESS, logIndex=2919, commits[17750241-545b-4219-93a1-14a6ea3d85be:c2919, 4eaaa090-573e-41d3-9f8c-c99e236d806a:c2917, 5f4cf9ee-4bed-49de-adaa-861aec894328:c2917]
2019-08-23 02:48:23,371 | INFO  | DNAudit | user=null | ip=null | op=WRITE_CHUNK {blockData=conID: 2 locID: 102664011991941661 bcsId: 2919} | ret=SUCCESS |  
2019-08-23 02:48:23,373 | INFO  | DNAudit | user=null | ip=null | op=WRITE_CHUNK {blockData=conID: 2 locID: 102664011991941661 bcsId: 2919} | ret=SUCCESS |  
2019-08-23 02:48:23,374 | INFO  | DNAudit | user=null | ip=null | op=WRITE_CHUNK {blockData=conID: 2 locID: 102664011991941661 bcsId: 2919} | ret=SUCCESS |  
2019-08-23 02:48:23,375 | INFO  | SCMAudit | user=jenkins1000 | ip=192.168.34.22 | op=SEND_HEARTBEAT {datanodeUUID=17750241-545b-4219-93a1-14a6ea3d85be, command=[]} | ret=SUCCESS |  
2019-08-23 02:48:23,376 | INFO  | SCMAudit | user=jenkins1000 | ip=192.168.34.22 | op=SEND_HEARTBEAT {datanodeUUID=4eaaa090-573e-41d3-9f8c-c99e236d806a, command=[]} | ret=SUCCESS |  
2019-08-23 02:48:23,376 | INFO  | SCMAudit | user=jenkins1000 | ip=192.168.34.22 | op=SEND_HEARTBEAT {datanodeUUID=5f4cf9ee-4bed-49de-adaa-861aec894328, command=[]} | ret=SUCCESS |  
2019-08-23 02:48:23,377 | INFO  | DNAudit | user=null | ip=null | op=WRITE_CHUNK {blockData=conID: 2 locID: 102664011991941661 bcsId: 2913} | ret=SUCCESS |  
2019-08-23 02:48:23,377 | INFO  | DNAudit | user=null | ip=null | op=WRITE_CHUNK {blockData=conID: 2 locID: 102664011991941661 bcsId: 2913} | ret=SUCCESS |  
2019-08-23 02:48:23,377 | INFO  | DNAudit | user=null | ip=null | op=PUT_BLOCK {blockData=[blockId=conID: 2 locID: 102664011991941661 bcsId: 0,size=3145728]} | ret=SUCCESS |  
2019-08-23 02:48:23,377 | INFO  | DNAudit | user=null | ip=null | op=PUT_BLOCK {blockData=[blockId=conID: 2 locID: 102664011991941661 bcsId: 0,size=3145728]} | ret=SUCCESS |  
2019-08-23 02:48:23,390 | INFO  | DNAudit | user=null | ip=null | op=WRITE_CHUNK {blockData=conID: 2 locID: 102664011991941661 bcsId: 2919} | ret=SUCCESS |  
2019-08-23 02:48:23,391 | INFO  | DNAudit | user=null | ip=null | op=PUT_BLOCK {blockData=[blockId=conID: 2 locID: 102664011991941661 bcsId: 0,size=4194304]} | ret=SUCCESS |  
2019-08-23 02:48:23,391 [grpc-default-executor-6] INFO  client.GrpcClientProtocolClient (GrpcClientProtocolClient.java:onNext(255)) - client-B268B4322F32->17750241-545b-4219-93a1-14a6ea3d85be: receive RaftClientReply:client-B268B4322F32->17750241-545b-4219-93a1-14a6ea3d85be@group-C33FBD9556F2, cid=1984, SUCCESS, logIndex=2922, commits[17750241-545b-4219-93a1-14a6ea3d85be:c2923, 4eaaa090-573e-41d3-9f8c-c99e236d806a:c2919, 5f4cf9ee-4bed-49de-adaa-861aec894328:c2919]
2019-08-23 02:48:23,391 [grpc-default-executor-6] INFO  client.GrpcClientProtocolClient (GrpcClientProtocolClient.java:onNext(255)) - client-B268B4322F32->17750241-545b-4219-93a1-14a6ea3d85be: receive RaftClientReply:client-B268B4322F32->17750241-545b-4219-93a1-14a6ea3d85be@group-C33FBD9556F2, cid=1985, SUCCESS, logIndex=2923, commits[17750241-545b-4219-93a1-14a6ea3d85be:c2923, 4eaaa090-573e-41d3-9f8c-c99e236d806a:c2919, 5f4cf9ee-4bed-49de-adaa-861aec894328:c2919]
2019-08-23 02:48:23,401 | INFO  | DNAudit | user=null | ip=null | op=WRITE_CHUNK {blockData=conID: 2 locID: 102664011991941661 bcsId: 2919} | ret=SUCCESS |  
2019-08-23 02:48:23,402 | INFO  | DNAudit | user=null | ip=null | op=WRITE_CHUNK {blockData=conID: 2 locID: 102664011991941661 bcsId: 2919} | ret=SUCCESS |  
2019-08-23 02:48:23,403 | INFO  | DNAudit | user=null | ip=null | op=PUT_BLOCK {blockData=[blockId=conID: 2 locID: 102664011991941661 bcsId: 0,size=4194304]} | ret=SUCCESS |  
2019-08-23 02:48:23,403 | INFO  | DNAudit | user=null | ip=null | op=PUT_BLOCK {blockData=[blockId=conID: 2 locID: 102664011991941661 bcsId: 0,size=4194304]} | ret=SUCCESS |  
2019-08-23 02:48:23,404 [grpc-default-executor-6] INFO  client.GrpcClientProtocolClient (GrpcClientProtocolClient.java:onNext(255)) - client-B268B4322F32->17750241-545b-4219-93a1-14a6ea3d85be: receive RaftClientReply:client-B268B4322F32->17750241-545b-4219-93a1-14a6ea3d85be@group-C33FBD9556F2, cid=1986, SUCCESS, logIndex=0, commits[17750241-545b-4219-93a1-14a6ea3d85be:c2924, 4eaaa090-573e-41d3-9f8c-c99e236d806a:c2923, 5f4cf9ee-4bed-49de-adaa-861aec894328:c2923]
2019-08-23 02:48:23,405 | INFO  | SCMAudit | user=jenkins1000 | ip=192.168.34.22 | op=ALLOCATE_BLOCK {owner=31d65bc3-3f70-45f5-bbc5-e3a15f967ba6, size=4194304, type=RATIS, factor=THREE} | ret=SUCCESS |  
2019-08-23 02:48:23,409 | INFO  | OMAudit | user=jenkins1000 | ip=127.0.0.1 | op=ALLOCATE_BLOCK {volume=vol-0-78052, bucket=bucket-0-33874, key=key-0-20719, dataSize=2147483657, replicationType=RATIS, replicationFactor=THREE, keyLocationInfo=[], clientID=102664010308846034} | ret=SUCCESS |  
2019-08-23 02:48:23,418 | INFO  | DNAudit | user=null | ip=null | op=WRITE_CHUNK {blockData=conID: 3 locID: 102664011999150622 bcsId: 0} | ret=SUCCESS |  
2019-08-23 02:48:23,421 | INFO  | DNAudit | user=null | ip=null | op=WRITE_CHUNK {blockData=conID: 3 locID: 102664011999150622 bcsId: 0} | ret=SUCCESS |  
2019-08-23 02:48:23,422 | INFO  | DNAudit | user=null | ip=null | op=WRITE_CHUNK {blockData=conID: 3 locID: 102664011999150622 bcsId: 0} | ret=SUCCESS |  
2019-08-23 02:48:23,422 | INFO  | DNAudit | user=null | ip=null | op=WRITE_CHUNK {blockData=conID: 3 locID: 102664011999150622 bcsId: 0} | ret=SUCCESS |  
2019-08-23 02:48:23,424 | INFO  | DNAudit | user=null | ip=null | op=WRITE_CHUNK {blockData=conID: 3 locID: 102664011999150622 bcsId: 0} | ret=SUCCESS |  
2019-08-23 02:48:23,424 | INFO  | DNAudit | user=null | ip=null | op=WRITE_CHUNK {blockData=conID: 3 locID: 102664011999150622 bcsId: 0} | ret=SUCCESS |  
2019-08-23 02:48:23,424 | INFO  | DNAudit | user=null | ip=null | op=WRITE_CHUNK {blockData=conID: 3 locID: 102664011999150622 bcsId: 0} | ret=SUCCESS |  
2019-08-23 02:48:23,425 | INFO  | DNAudit | user=null | ip=null | op=PUT_BLOCK {blockData=[blockId=conID: 3 locID: 102664011999150622 bcsId: 0,size=1048576]} | ret=SUCCESS |  
2019-08-23 02:48:23,425 [grpc-default-executor-6] INFO  client.GrpcClientProtocolClient (GrpcClientProtocolClient.java:onNext(255)) - client-B268B4322F32->17750241-545b-4219-93a1-14a6ea3d85be: receive RaftClientReply:client-B268B4322F32->17750241-545b-4219-93a1-14a6ea3d85be@group-C33FBD9556F2, cid=1987, SUCCESS, logIndex=2926, commits[17750241-545b-4219-93a1-14a6ea3d85be:c2927, 4eaaa090-573e-41d3-9f8c-c99e236d806a:c2925, 5f4cf9ee-4bed-49de-adaa-861aec894328:c2923]
2019-08-23 02:48:23,425 [grpc-default-executor-6] INFO  client.GrpcClientProtocolClient (GrpcClientProtocolClient.java:onNext(255)) - client-B268B4322F32->17750241-545b-4219-93a1-14a6ea3d85be: receive RaftClientReply:client-B268B4322F32->17750241-545b-4219-93a1-14a6ea3d85be@group-C33FBD9556F2, cid=1988, SUCCESS, logIndex=2927, commits[17750241-545b-4219-93a1-14a6ea3d85be:c2927, 4eaaa090-573e-41d3-9f8c-c99e236d806a:c2925, 5f4cf9ee-4bed-49de-adaa-861aec894328:c2923]
2019-08-23 02:48:23,428 | INFO  | DNAudit | user=null | ip=null | op=WRITE_CHUNK {blockData=conID: 3 locID: 102664011999150622 bcsId: 0} | ret=SUCCESS |  
2019-08-23 02:48:23,428 | INFO  | DNAudit | user=null | ip=null | op=WRITE_CHUNK {blockData=conID: 3 locID: 102664011999150622 bcsId: 0} | ret=SUCCESS |  
2019-08-23 02:48:23,429 | INFO  | DNAudit | user=null | ip=null | op=PUT_BLOCK {blockData=[blockId=conID: 3 locID: 102664011999150622 bcsId: 0,size=1048576]} | ret=SUCCESS |  
2019-08-23 02:48:23,429 | INFO  | DNAudit | user=null | ip=null | op=WRITE_CHUNK {blockData=conID: 3 locID: 102664011999150622 bcsId: 0} | ret=SUCCESS |  
2019-08-23 02:48:23,429 | INFO  | DNAudit | user=null | ip=null | op=PUT_BLOCK {blockData=[blockId=conID: 3 locID: 102664011999150622 bcsId: 0,size=2097152]} | ret=SUCCESS |  
2019-08-23 02:48:23,429 [grpc-default-executor-6] INFO  client.GrpcClientProtocolClient (GrpcClientProtocolClient.java:onNext(255)) - client-B268B4322F32->17750241-545b-4219-93a1-14a6ea3d85be: receive RaftClientReply:client-B268B4322F32->17750241-545b-4219-93a1-14a6ea3d85be@group-C33FBD9556F2, cid=1989, SUCCESS, logIndex=2928, commits[17750241-545b-4219-93a1-14a6ea3d85be:c2929, 4eaaa090-573e-41d3-9f8c-c99e236d806a:c2925, 5f4cf9ee-4bed-49de-adaa-861aec894328:c2925]
2019-08-23 02:48:23,429 | INFO  | DNAudit | user=null | ip=null | op=PUT_BLOCK {blockData=[blockId=conID: 3 locID: 102664011999150622 bcsId: 0,size=1048576]} | ret=SUCCESS |  
2019-08-23 02:48:23,429 | INFO  | DNAudit | user=null | ip=null | op=WRITE_CHUNK {blockData=conID: 3 locID: 102664011999150622 bcsId: 0} | ret=SUCCESS |  
2019-08-23 02:48:23,429 [grpc-default-executor-1] INFO  client.GrpcClientProtocolClient (GrpcClientProtocolClient.java:onNext(255)) - client-B268B4322F32->17750241-545b-4219-93a1-14a6ea3d85be: receive RaftClientReply:client-B268B4322F32->17750241-545b-4219-93a1-14a6ea3d85be@group-C33FBD9556F2, cid=1990, SUCCESS, logIndex=2929, commits[17750241-545b-4219-93a1-14a6ea3d85be:c2931, 4eaaa090-573e-41d3-9f8c-c99e236d806a:c2927, 5f4cf9ee-4bed-49de-adaa-861aec894328:c2927]
2019-08-23 02:48:23,433 | INFO  | DNAudit | user=null | ip=null | op=WRITE_CHUNK {blockData=conID: 3 locID: 102664011999150622 bcsId: 0} | ret=SUCCESS |  
2019-08-23 02:48:23,433 | INFO  | DNAudit | user=null | ip=null | op=PUT_BLOCK {blockData=[blockId=conID: 3 locID: 102664011999150622 bcsId: 0,size=2097152]} | ret=SUCCESS |  
2019-08-23 02:48:23,434 | INFO  | DNAudit | user=null | ip=null | op=PUT_BLOCK {blockData=[blockId=conID: 3 locID: 102664011999150622 bcsId: 0,size=2097152]} | ret=SUCCESS |  
2019-08-23 02:48:23,436 | INFO  | DNAudit | user=null | ip=null | op=WRITE_CHUNK {blockData=conID: 3 locID: 102664011999150622 bcsId: 2929} | ret=SUCCESS |  
2019-08-23 02:48:23,437 | INFO  | DNAudit | user=null | ip=null | op=WRITE_CHUNK {blockData=conID: 3 locID: 102664011999150622 bcsId: 2929} | ret=SUCCESS |  
2019-08-23 02:48:23,437 | INFO  | DNAudit | user=null | ip=null | op=WRITE_CHUNK {blockData=conID: 3 locID: 102664011999150622 bcsId: 2929} | ret=SUCCESS |  
2019-08-23 02:48:23,448 | INFO  | DNAudit | user=null | ip=null | op=WRITE_CHUNK {blockData=conID: 3 locID: 102664011999150622 bcsId: 2929} | ret=SUCCESS |  
2019-08-23 02:48:23,448 | INFO  | DNAudit | user=null | ip=null | op=PUT_BLOCK {blockData=[blockId=conID: 3 locID: 102664011999150622 bcsId: 0,size=3145728]} | ret=SUCCESS |  
2019-08-23 02:48:23,448 [grpc-default-executor-5] INFO  client.GrpcClientProtocolClient (GrpcClientProtocolClient.java:onNext(255)) - client-B268B4322F32->17750241-545b-4219-93a1-14a6ea3d85be: receive RaftClientReply:client-B268B4322F32->17750241-545b-4219-93a1-14a6ea3d85be@group-C33FBD9556F2, cid=1991, SUCCESS, logIndex=2934, commits[17750241-545b-4219-93a1-14a6ea3d85be:c2935, 4eaaa090-573e-41d3-9f8c-c99e236d806a:c2933, 5f4cf9ee-4bed-49de-adaa-861aec894328:c2933]
2019-08-23 02:48:23,449 [grpc-default-executor-5] INFO  client.GrpcClientProtocolClient (GrpcClientProtocolClient.java:onNext(255)) - client-B268B4322F32->17750241-545b-4219-93a1-14a6ea3d85be: receive RaftClientReply:client-B268B4322F32->17750241-545b-4219-93a1-14a6ea3d85be@group-C33FBD9556F2, cid=1992, SUCCESS, logIndex=2935, commits[17750241-545b-4219-93a1-14a6ea3d85be:c2935, 4eaaa090-573e-41d3-9f8c-c99e236d806a:c2933, 5f4cf9ee-4bed-49de-adaa-861aec894328:c2933]
2019-08-23 02:48:23,451 | INFO  | DNAudit | user=null | ip=null | op=WRITE_CHUNK {blockData=conID: 3 locID: 102664011999150622 bcsId: 2929} | ret=SUCCESS |  
2019-08-23 02:48:23,451 | INFO  | DNAudit | user=null | ip=null | op=WRITE_CHUNK {blockData=conID: 3 locID: 102664011999150622 bcsId: 2929} | ret=SUCCESS |  
2019-08-23 02:48:23,452 | INFO  | DNAudit | user=null | ip=null | op=PUT_BLOCK {blockData=[blockId=conID: 3 locID: 102664011999150622 bcsId: 0,size=3145728]} | ret=SUCCESS |  
2019-08-23 02:48:23,452 | INFO  | DNAudit | user=null | ip=null | op=PUT_BLOCK {blockData=[blockId=conID: 3 locID: 102664011999150622 bcsId: 0,size=3145728]} | ret=SUCCESS |  
2019-08-23 02:48:23,455 | INFO  | DNAudit | user=null | ip=null | op=WRITE_CHUNK {blockData=conID: 3 locID: 102664011999150622 bcsId: 2935} | ret=SUCCESS |  
2019-08-23 02:48:23,457 | INFO  | DNAudit | user=null | ip=null | op=WRITE_CHUNK {blockData=conID: 3 locID: 102664011999150622 bcsId: 2935} | ret=SUCCESS |  
2019-08-23 02:48:23,457 | INFO  | DNAudit | user=null | ip=null | op=WRITE_CHUNK {blockData=conID: 3 locID: 102664011999150622 bcsId: 2935} | ret=SUCCESS |  
2019-08-23 02:48:23,463 | INFO  | DNAudit | user=null | ip=null | op=WRITE_CHUNK {blockData=conID: 3 locID: 102664011999150622 bcsId: 2935} | ret=SUCCESS |  
2019-08-23 02:48:23,464 | INFO  | DNAudit | user=null | ip=null | op=PUT_BLOCK {blockData=[blockId=conID: 3 locID: 102664011999150622 bcsId: 0,size=4194304]} | ret=SUCCESS |  
2019-08-23 02:48:23,464 [grpc-default-executor-5] INFO  client.GrpcClientProtocolClient (GrpcClientProtocolClient.java:onNext(255)) - client-B268B4322F32->17750241-545b-4219-93a1-14a6ea3d85be: receive RaftClientReply:client-B268B4322F32->17750241-545b-4219-93a1-14a6ea3d85be@group-C33FBD9556F2, cid=1993, SUCCESS, logIndex=2938, commits[17750241-545b-4219-93a1-14a6ea3d85be:c2939, 4eaaa090-573e-41d3-9f8c-c99e236d806a:c2937, 5f4cf9ee-4bed-49de-adaa-861aec894328:c2937]
2019-08-23 02:48:23,464 [grpc-default-executor-5] INFO  client.GrpcClientProtocolClient (GrpcClientProtocolClient.java:onNext(255)) - client-B268B4322F32->17750241-545b-4219-93a1-14a6ea3d85be: receive RaftClientReply:client-B268B4322F32->17750241-545b-4219-93a1-14a6ea3d85be@group-C33FBD9556F2, cid=1994, SUCCESS, logIndex=2939, commits[17750241-545b-4219-93a1-14a6ea3d85be:c2939, 4eaaa090-573e-41d3-9f8c-c99e236d806a:c2937, 5f4cf9ee-4bed-49de-adaa-861aec894328:c2937]
2019-08-23 02:48:23,466 | INFO  | DNAudit | user=null | ip=null | op=WRITE_CHUNK {blockData=conID: 3 locID: 102664011999150622 bcsId: 2935} | ret=SUCCESS |  
2019-08-23 02:48:23,466 | INFO  | DNAudit | user=null | ip=null | op=WRITE_CHUNK {blockData=conID: 3 locID: 102664011999150622 bcsId: 2935} | ret=SUCCESS |  
2019-08-23 02:48:23,469 | INFO  | DNAudit | user=null | ip=null | op=PUT_BLOCK {blockData=[blockId=conID: 3 locID: 102664011999150622 bcsId: 0,size=4194304]} | ret=SUCCESS |  
2019-08-23 02:48:23,470 | INFO  | DNAudit | user=null | ip=null | op=PUT_BLOCK {blockData=[blockId=conID: 3 locID: 102664011999150622 bcsId: 0,size=4194304]} | ret=SUCCESS |  
2019-08-23 02:48:23,470 [grpc-default-executor-1] INFO  client.GrpcClientProtocolClient (GrpcClientProtocolClient.java:onNext(255)) - client-B268B4322F32->17750241-545b-4219-93a1-14a6ea3d85be: receive RaftClientReply:client-B268B4322F32->17750241-545b-4219-93a1-14a6ea3d85be@group-C33FBD9556F2, cid=1995, SUCCESS, logIndex=0, commits[17750241-545b-4219-93a1-14a6ea3d85be:c2941, 4eaaa090-573e-41d3-9f8c-c99e236d806a:c2939, 5f4cf9ee-4bed-49de-adaa-861aec894328:c2939]
2019-08-23 02:48:23,472 | INFO  | SCMAudit | user=jenkins1000 | ip=192.168.34.22 | op=ALLOCATE_BLOCK {owner=31d65bc3-3f70-45f5-bbc5-e3a15f967ba6, size=4194304, type=RATIS, factor=THREE} | ret=SUCCESS |  
2019-08-23 02:48:23,476 | INFO  | OMAudit | user=jenkins1000 | ip=127.0.0.1 | op=ALLOCATE_BLOCK {volume=vol-0-78052, bucket=bucket-0-33874, key=key-0-20719, dataSize=2147483657, replicationType=RATIS, replicationFactor=THREE, keyLocationInfo=[], clientID=102664010308846034} | ret=SUCCESS |  
2019-08-23 02:48:23,485 | INFO  | DNAudit | user=null | ip=null | op=WRITE_CHUNK {blockData=conID: 1 locID: 102664012003541535 bcsId: 0} | ret=SUCCESS |  
2019-08-23 02:48:23,487 | INFO  | DNAudit | user=null | ip=null | op=WRITE_CHUNK {blockData=conID: 1 locID: 102664012003541535 bcsId: 0} | ret=SUCCESS |  
2019-08-23 02:48:23,487 | INFO  | DNAudit | user=null | ip=null | op=WRITE_CHUNK {blockData=conID: 1 locID: 102664012003541535 bcsId: 0} | ret=SUCCESS |  
2019-08-23 02:48:23,488 | INFO  | DNAudit | user=null | ip=null | op=WRITE_CHUNK {blockData=conID: 1 locID: 102664012003541535 bcsId: 0} | ret=SUCCESS |  
2019-08-23 02:48:23,489 | INFO  | DNAudit | user=null | ip=null | op=WRITE_CHUNK {blockData=conID: 1 locID: 102664012003541535 bcsId: 0} | ret=SUCCESS |  
2019-08-23 02:48:23,489 | INFO  | DNAudit | user=null | ip=null | op=WRITE_CHUNK {blockData=conID: 1 locID: 102664012003541535 bcsId: 0} | ret=SUCCESS |  
2019-08-23 02:48:23,500 | INFO  | DNAudit | user=null | ip=null | op=WRITE_CHUNK {blockData=conID: 1 locID: 102664012003541535 bcsId: 0} | ret=SUCCESS |  
2019-08-23 02:48:23,500 | INFO  | DNAudit | user=null | ip=null | op=PUT_BLOCK {blockData=[blockId=conID: 1 locID: 102664012003541535 bcsId: 0,size=1048576]} | ret=SUCCESS |  
2019-08-23 02:48:23,500 [grpc-default-executor-5] INFO  client.GrpcClientProtocolClient (GrpcClientProtocolClient.java:onNext(255)) - client-B268B4322F32->17750241-545b-4219-93a1-14a6ea3d85be: receive RaftClientReply:client-B268B4322F32->17750241-545b-4219-93a1-14a6ea3d85be@group-C33FBD9556F2, cid=1996, SUCCESS, logIndex=2942, commits[17750241-545b-4219-93a1-14a6ea3d85be:c2944, 4eaaa090-573e-41d3-9f8c-c99e236d806a:c2941, 5f4cf9ee-4bed-49de-adaa-861aec894328:c2941]
2019-08-23 02:48:23,500 | INFO  | DNAudit | user=null | ip=null | op=WRITE_CHUNK {blockData=conID: 1 locID: 102664012003541535 bcsId: 0} | ret=SUCCESS |  
2019-08-23 02:48:23,501 [grpc-default-executor-5] INFO  client.GrpcClientProtocolClient (GrpcClientProtocolClient.java:onNext(255)) - client-B268B4322F32->17750241-545b-4219-93a1-14a6ea3d85be: receive RaftClientReply:client-B268B4322F32->17750241-545b-4219-93a1-14a6ea3d85be@group-C33FBD9556F2, cid=1997, SUCCESS, logIndex=2943, commits[17750241-545b-4219-93a1-14a6ea3d85be:c2945, 4eaaa090-573e-41d3-9f8c-c99e236d806a:c2941, 5f4cf9ee-4bed-49de-adaa-861aec894328:c2941]
2019-08-23 02:48:23,501 | INFO  | DNAudit | user=null | ip=null | op=PUT_BLOCK {blockData=[blockId=conID: 1 locID: 102664012003541535 bcsId: 0,size=2097152]} | ret=SUCCESS |  
2019-08-23 02:48:23,501 [grpc-default-executor-5] INFO  client.GrpcClientProtocolClient (GrpcClientProtocolClient.java:onNext(255)) - client-B268B4322F32->17750241-545b-4219-93a1-14a6ea3d85be: receive RaftClientReply:client-B268B4322F32->17750241-545b-4219-93a1-14a6ea3d85be@group-C33FBD9556F2, cid=1998, SUCCESS, logIndex=2944, commits[17750241-545b-4219-93a1-14a6ea3d85be:c2945, 4eaaa090-573e-41d3-9f8c-c99e236d806a:c2941, 5f4cf9ee-4bed-49de-adaa-861aec894328:c2941]
2019-08-23 02:48:23,501 [grpc-default-executor-5] INFO  client.GrpcClientProtocolClient (GrpcClientProtocolClient.java:onNext(255)) - client-B268B4322F32->17750241-545b-4219-93a1-14a6ea3d85be: receive RaftClientReply:client-B268B4322F32->17750241-545b-4219-93a1-14a6ea3d85be@group-C33FBD9556F2, cid=1999, SUCCESS, logIndex=2945, commits[17750241-545b-4219-93a1-14a6ea3d85be:c2945, 4eaaa090-573e-41d3-9f8c-c99e236d806a:c2941, 5f4cf9ee-4bed-49de-adaa-861aec894328:c2941]
2019-08-23 02:48:23,511 | INFO  | DNAudit | user=null | ip=null | op=WRITE_CHUNK {blockData=conID: 1 locID: 102664012003541535 bcsId: 0} | ret=SUCCESS |  
2019-08-23 02:48:23,521 | INFO  | DNAudit | user=null | ip=null | op=WRITE_CHUNK {blockData=conID: 1 locID: 102664012003541535 bcsId: 0} | ret=SUCCESS |  
2019-08-23 02:48:23,521 | INFO  | DNAudit | user=null | ip=null | op=PUT_BLOCK {blockData=[blockId=conID: 1 locID: 102664012003541535 bcsId: 0,size=1048576]} | ret=SUCCESS |  
2019-08-23 02:48:23,521 | INFO  | DNAudit | user=null | ip=null | op=WRITE_CHUNK {blockData=conID: 1 locID: 102664012003541535 bcsId: 0} | ret=SUCCESS |  
2019-08-23 02:48:23,521 | INFO  | DNAudit | user=null | ip=null | op=PUT_BLOCK {blockData=[blockId=conID: 1 locID: 102664012003541535 bcsId: 0,size=2097152]} | ret=SUCCESS |  
2019-08-23 02:48:23,523 | INFO  | DNAudit | user=null | ip=null | op=PUT_BLOCK {blockData=[blockId=conID: 1 locID: 102664012003541535 bcsId: 0,size=1048576]} | ret=SUCCESS |  
2019-08-23 02:48:23,523 | INFO  | DNAudit | user=null | ip=null | op=WRITE_CHUNK {blockData=conID: 1 locID: 102664012003541535 bcsId: 0} | ret=SUCCESS |  
2019-08-23 02:48:23,523 | INFO  | DNAudit | user=null | ip=null | op=PUT_BLOCK {blockData=[blockId=conID: 1 locID: 102664012003541535 bcsId: 0,size=2097152]} | ret=SUCCESS |  
2019-08-23 02:48:23,523 [grpc-default-executor-2] INFO  client.GrpcClientProtocolClient (GrpcClientProtocolClient.java:onNext(255)) - client-B268B4322F32->17750241-545b-4219-93a1-14a6ea3d85be: receive RaftClientReply:client-B268B4322F32->17750241-545b-4219-93a1-14a6ea3d85be@group-C33FBD9556F2, cid=2000, SUCCESS, logIndex=0, commits[17750241-545b-4219-93a1-14a6ea3d85be:c2949, 4eaaa090-573e-41d3-9f8c-c99e236d806a:c2945, 5f4cf9ee-4bed-49de-adaa-861aec894328:c2944]
2019-08-23 02:48:23,530 | INFO  | DNAudit | user=null | ip=null | op=WRITE_CHUNK {blockData=conID: 1 locID: 102664012003541535 bcsId: 2945} | ret=SUCCESS |  
2019-08-23 02:48:23,532 | INFO  | DNAudit | user=null | ip=null | op=WRITE_CHUNK {blockData=conID: 1 locID: 102664012003541535 bcsId: 2945} | ret=SUCCESS |  
2019-08-23 02:48:23,533 | INFO  | DNAudit | user=null | ip=null | op=WRITE_CHUNK {blockData=conID: 1 locID: 102664012003541535 bcsId: 2945} | ret=SUCCESS |  
2019-08-23 02:48:23,546 | INFO  | DNAudit | user=null | ip=null | op=WRITE_CHUNK {blockData=conID: 1 locID: 102664012003541535 bcsId: 2945} | ret=SUCCESS |  
2019-08-23 02:48:23,546 | INFO  | DNAudit | user=null | ip=null | op=PUT_BLOCK {blockData=[blockId=conID: 1 locID: 102664012003541535 bcsId: 0,size=3145728]} | ret=SUCCESS |  
2019-08-23 02:48:23,546 [grpc-default-executor-1] INFO  client.GrpcClientProtocolClient (GrpcClientProtocolClient.java:onNext(255)) - client-B268B4322F32->17750241-545b-4219-93a1-14a6ea3d85be: receive RaftClientReply:client-B268B4322F32->17750241-545b-4219-93a1-14a6ea3d85be@group-C33FBD9556F2, cid=2001, SUCCESS, logIndex=2950, commits[17750241-545b-4219-93a1-14a6ea3d85be:c2951, 4eaaa090-573e-41d3-9f8c-c99e236d806a:c2949, 5f4cf9ee-4bed-49de-adaa-861aec894328:c2949]
2019-08-23 02:48:23,547 [grpc-default-executor-1] INFO  client.GrpcClientProtocolClient (GrpcClientProtocolClient.java:onNext(255)) - client-B268B4322F32->17750241-545b-4219-93a1-14a6ea3d85be: receive RaftClientReply:client-B268B4322F32->17750241-545b-4219-93a1-14a6ea3d85be@group-C33FBD9556F2, cid=2002, SUCCESS, logIndex=2951, commits[17750241-545b-4219-93a1-14a6ea3d85be:c2951, 4eaaa090-573e-41d3-9f8c-c99e236d806a:c2949, 5f4cf9ee-4bed-49de-adaa-861aec894328:c2949]
2019-08-23 02:48:23,554 | INFO  | DNAudit | user=null | ip=null | op=WRITE_CHUNK {blockData=conID: 1 locID: 102664012003541535 bcsId: 2951} | ret=SUCCESS |  
2019-08-23 02:48:23,556 | INFO  | DNAudit | user=null | ip=null | op=WRITE_CHUNK {blockData=conID: 1 locID: 102664012003541535 bcsId: 2951} | ret=SUCCESS |  
2019-08-23 02:48:23,556 | INFO  | DNAudit | user=null | ip=null | op=WRITE_CHUNK {blockData=conID: 1 locID: 102664012003541535 bcsId: 2951} | ret=SUCCESS |  
2019-08-23 02:48:23,562 | INFO  | DNAudit | user=null | ip=null | op=WRITE_CHUNK {blockData=conID: 1 locID: 102664012003541535 bcsId: 2945} | ret=SUCCESS |  
2019-08-23 02:48:23,562 | INFO  | DNAudit | user=null | ip=null | op=WRITE_CHUNK {blockData=conID: 1 locID: 102664012003541535 bcsId: 2945} | ret=SUCCESS |  
2019-08-23 02:48:23,563 | INFO  | DNAudit | user=null | ip=null | op=PUT_BLOCK {blockData=[blockId=conID: 1 locID: 102664012003541535 bcsId: 0,size=3145728]} | ret=SUCCESS |  
2019-08-23 02:48:23,563 | INFO  | DNAudit | user=null | ip=null | op=WRITE_CHUNK {blockData=conID: 1 locID: 102664012003541535 bcsId: 2951} | ret=SUCCESS |  
2019-08-23 02:48:23,564 | INFO  | DNAudit | user=null | ip=null | op=PUT_BLOCK {blockData=[blockId=conID: 1 locID: 102664012003541535 bcsId: 0,size=3145728]} | ret=SUCCESS |  
2019-08-23 02:48:23,564 | INFO  | DNAudit | user=null | ip=null | op=PUT_BLOCK {blockData=[blockId=conID: 1 locID: 102664012003541535 bcsId: 0,size=4194304]} | ret=SUCCESS |  
2019-08-23 02:48:23,564 [grpc-default-executor-1] INFO  client.GrpcClientProtocolClient (GrpcClientProtocolClient.java:onNext(255)) - client-B268B4322F32->17750241-545b-4219-93a1-14a6ea3d85be: receive RaftClientReply:client-B268B4322F32->17750241-545b-4219-93a1-14a6ea3d85be@group-C33FBD9556F2, cid=2003, SUCCESS, logIndex=2954, commits[17750241-545b-4219-93a1-14a6ea3d85be:c2955, 4eaaa090-573e-41d3-9f8c-c99e236d806a:c2950, 5f4cf9ee-4bed-49de-adaa-861aec894328:c2951]
2019-08-23 02:48:23,565 [grpc-default-executor-1] INFO  client.GrpcClientProtocolClient (GrpcClientProtocolClient.java:onNext(255)) - client-B268B4322F32->17750241-545b-4219-93a1-14a6ea3d85be: receive RaftClientReply:client-B268B4322F32->17750241-545b-4219-93a1-14a6ea3d85be@group-C33FBD9556F2, cid=2004, SUCCESS, logIndex=2955, commits[17750241-545b-4219-93a1-14a6ea3d85be:c2955, 4eaaa090-573e-41d3-9f8c-c99e236d806a:c2951, 5f4cf9ee-4bed-49de-adaa-861aec894328:c2951]
2019-08-23 02:48:23,575 | INFO  | DNAudit | user=null | ip=null | op=WRITE_CHUNK {blockData=conID: 1 locID: 102664012003541535 bcsId: 2951} | ret=SUCCESS |  
2019-08-23 02:48:23,575 | INFO  | DNAudit | user=null | ip=null | op=WRITE_CHUNK {blockData=conID: 1 locID: 102664012003541535 bcsId: 2951} | ret=SUCCESS |  
2019-08-23 02:48:23,576 | INFO  | DNAudit | user=null | ip=null | op=PUT_BLOCK {blockData=[blockId=conID: 1 locID: 102664012003541535 bcsId: 0,size=4194304]} | ret=SUCCESS |  
2019-08-23 02:48:23,576 | INFO  | DNAudit | user=null | ip=null | op=PUT_BLOCK {blockData=[blockId=conID: 1 locID: 102664012003541535 bcsId: 0,size=4194304]} | ret=SUCCESS |  
2019-08-23 02:48:23,576 [grpc-default-executor-2] INFO  client.GrpcClientProtocolClient (GrpcClientProtocolClient.java:onNext(255)) - client-B268B4322F32->17750241-545b-4219-93a1-14a6ea3d85be: receive RaftClientReply:client-B268B4322F32->17750241-545b-4219-93a1-14a6ea3d85be@group-C33FBD9556F2, cid=2005, SUCCESS, logIndex=0, commits[17750241-545b-4219-93a1-14a6ea3d85be:c2956, 4eaaa090-573e-41d3-9f8c-c99e236d806a:c2955, 5f4cf9ee-4bed-49de-adaa-861aec894328:c2955]
2019-08-23 02:48:23,578 | INFO  | SCMAudit | user=jenkins1000 | ip=192.168.34.22 | op=ALLOCATE_BLOCK {owner=31d65bc3-3f70-45f5-bbc5-e3a15f967ba6, size=4194304, type=RATIS, factor=THREE} | ret=SUCCESS |  
2019-08-23 02:48:23,582 | INFO  | OMAudit | user=jenkins1000 | ip=127.0.0.1 | op=ALLOCATE_BLOCK {volume=vol-0-78052, bucket=bucket-0-33874, key=key-0-20719, dataSize=2147483657, replicationType=RATIS, replicationFactor=THREE, keyLocationInfo=[], clientID=102664010308846034} | ret=SUCCESS |  
2019-08-23 02:48:23,592 | INFO  | DNAudit | user=null | ip=null | op=WRITE_CHUNK {blockData=conID: 2 locID: 102664012010488352 bcsId: 0} | ret=SUCCESS |  
2019-08-23 02:48:23,595 | INFO  | DNAudit | user=null | ip=null | op=WRITE_CHUNK {blockData=conID: 2 locID: 102664012010488352 bcsId: 0} | ret=SUCCESS |  
2019-08-23 02:48:23,595 | INFO  | DNAudit | user=null | ip=null | op=WRITE_CHUNK {blockData=conID: 2 locID: 102664012010488352 bcsId: 0} | ret=SUCCESS |  
2019-08-23 02:48:23,596 | INFO  | DNAudit | user=null | ip=null | op=WRITE_CHUNK {blockData=conID: 2 locID: 102664012010488352 bcsId: 0} | ret=SUCCESS |  
2019-08-23 02:48:23,597 | INFO  | DNAudit | user=null | ip=null | op=WRITE_CHUNK {blockData=conID: 2 locID: 102664012010488352 bcsId: 0} | ret=SUCCESS |  
2019-08-23 02:48:23,597 | INFO  | DNAudit | user=null | ip=null | op=WRITE_CHUNK {blockData=conID: 2 locID: 102664012010488352 bcsId: 0} | ret=SUCCESS |  
2019-08-23 02:48:23,609 | INFO  | DNAudit | user=null | ip=null | op=WRITE_CHUNK {blockData=conID: 2 locID: 102664012010488352 bcsId: 0} | ret=SUCCESS |  
2019-08-23 02:48:23,610 | INFO  | DNAudit | user=null | ip=null | op=PUT_BLOCK {blockData=[blockId=conID: 2 locID: 102664012010488352 bcsId: 0,size=1048576]} | ret=SUCCESS |  
2019-08-23 02:48:23,610 [grpc-default-executor-5] INFO  client.GrpcClientProtocolClient (GrpcClientProtocolClient.java:onNext(255)) - client-B268B4322F32->17750241-545b-4219-93a1-14a6ea3d85be: receive RaftClientReply:client-B268B4322F32->17750241-545b-4219-93a1-14a6ea3d85be@group-C33FBD9556F2, cid=2006, SUCCESS, logIndex=2957, commits[17750241-545b-4219-93a1-14a6ea3d85be:c2958, 4eaaa090-573e-41d3-9f8c-c99e236d806a:c2956, 5f4cf9ee-4bed-49de-adaa-861aec894328:c2956]
2019-08-23 02:48:23,610 | INFO  | DNAudit | user=null | ip=null | op=WRITE_CHUNK {blockData=conID: 2 locID: 102664012010488352 bcsId: 0} | ret=SUCCESS |  
2019-08-23 02:48:23,610 | INFO  | DNAudit | user=null | ip=null | op=PUT_BLOCK {blockData=[blockId=conID: 2 locID: 102664012010488352 bcsId: 0,size=2097152]} | ret=SUCCESS |  
2019-08-23 02:48:23,611 [grpc-default-executor-5] INFO  client.GrpcClientProtocolClient (GrpcClientProtocolClient.java:onNext(255)) - client-B268B4322F32->17750241-545b-4219-93a1-14a6ea3d85be: receive RaftClientReply:client-B268B4322F32->17750241-545b-4219-93a1-14a6ea3d85be@group-C33FBD9556F2, cid=2007, SUCCESS, logIndex=2958, commits[17750241-545b-4219-93a1-14a6ea3d85be:c2960, 4eaaa090-573e-41d3-9f8c-c99e236d806a:c2956, 5f4cf9ee-4bed-49de-adaa-861aec894328:c2956]
2019-08-23 02:48:23,611 [grpc-default-executor-5] INFO  client.GrpcClientProtocolClient (GrpcClientProtocolClient.java:onNext(255)) - client-B268B4322F32->17750241-545b-4219-93a1-14a6ea3d85be: receive RaftClientReply:client-B268B4322F32->17750241-545b-4219-93a1-14a6ea3d85be@group-C33FBD9556F2, cid=2008, SUCCESS, logIndex=2959, commits[17750241-545b-4219-93a1-14a6ea3d85be:c2960, 4eaaa090-573e-41d3-9f8c-c99e236d806a:c2956, 5f4cf9ee-4bed-49de-adaa-861aec894328:c2956]
2019-08-23 02:48:23,611 [grpc-default-executor-5] INFO  client.GrpcClientProtocolClient (GrpcClientProtocolClient.java:onNext(255)) - client-B268B4322F32->17750241-545b-4219-93a1-14a6ea3d85be: receive RaftClientReply:client-B268B4322F32->17750241-545b-4219-93a1-14a6ea3d85be@group-C33FBD9556F2, cid=2009, SUCCESS, logIndex=2960, commits[17750241-545b-4219-93a1-14a6ea3d85be:c2960, 4eaaa090-573e-41d3-9f8c-c99e236d806a:c2956, 5f4cf9ee-4bed-49de-adaa-861aec894328:c2956]
2019-08-23 02:48:23,622 | INFO  | DNAudit | user=null | ip=null | op=WRITE_CHUNK {blockData=conID: 2 locID: 102664012010488352 bcsId: 0} | ret=SUCCESS |  
2019-08-23 02:48:23,622 | INFO  | DNAudit | user=null | ip=null | op=WRITE_CHUNK {blockData=conID: 2 locID: 102664012010488352 bcsId: 0} | ret=SUCCESS |  
2019-08-23 02:48:23,622 | INFO  | DNAudit | user=null | ip=null | op=PUT_BLOCK {blockData=[blockId=conID: 2 locID: 102664012010488352 bcsId: 0,size=1048576]} | ret=SUCCESS |  
2019-08-23 02:48:23,635 | INFO  | DNAudit | user=null | ip=null | op=PUT_BLOCK {blockData=[blockId=conID: 2 locID: 102664012010488352 bcsId: 0,size=1048576]} | ret=SUCCESS |  
2019-08-23 02:48:23,635 | INFO  | DNAudit | user=null | ip=null | op=WRITE_CHUNK {blockData=conID: 2 locID: 102664012010488352 bcsId: 0} | ret=SUCCESS |  
2019-08-23 02:48:23,635 | INFO  | DNAudit | user=null | ip=null | op=WRITE_CHUNK {blockData=conID: 2 locID: 102664012010488352 bcsId: 0} | ret=SUCCESS |  
2019-08-23 02:48:23,635 | INFO  | DNAudit | user=null | ip=null | op=PUT_BLOCK {blockData=[blockId=conID: 2 locID: 102664012010488352 bcsId: 0,size=2097152]} | ret=SUCCESS |  
2019-08-23 02:48:23,635 | INFO  | DNAudit | user=null | ip=null | op=PUT_BLOCK {blockData=[blockId=conID: 2 locID: 102664012010488352 bcsId: 0,size=2097152]} | ret=SUCCESS |  
2019-08-23 02:48:23,636 [grpc-default-executor-6] INFO  client.GrpcClientProtocolClient (GrpcClientProtocolClient.java:onNext(255)) - client-B268B4322F32->17750241-545b-4219-93a1-14a6ea3d85be: receive RaftClientReply:client-B268B4322F32->17750241-545b-4219-93a1-14a6ea3d85be@group-C33FBD9556F2, cid=2010, SUCCESS, logIndex=0, commits[17750241-545b-4219-93a1-14a6ea3d85be:c2962, 4eaaa090-573e-41d3-9f8c-c99e236d806a:c2958, 5f4cf9ee-4bed-49de-adaa-861aec894328:c2958]
2019-08-23 02:48:23,643 | INFO  | DNAudit | user=null | ip=null | op=WRITE_CHUNK {blockData=conID: 2 locID: 102664012010488352 bcsId: 2960} | ret=SUCCESS |  
2019-08-23 02:48:23,645 | INFO  | DNAudit | user=null | ip=null | op=WRITE_CHUNK {blockData=conID: 2 locID: 102664012010488352 bcsId: 2960} | ret=SUCCESS |  
2019-08-23 02:48:23,646 | INFO  | DNAudit | user=null | ip=null | op=WRITE_CHUNK {blockData=conID: 2 locID: 102664012010488352 bcsId: 2960} | ret=SUCCESS |  
2019-08-23 02:48:23,656 | INFO  | DNAudit | user=null | ip=null | op=WRITE_CHUNK {blockData=conID: 2 locID: 102664012010488352 bcsId: 2960} | ret=SUCCESS |  
2019-08-23 02:48:23,656 | INFO  | DNAudit | user=null | ip=null | op=PUT_BLOCK {blockData=[blockId=conID: 2 locID: 102664012010488352 bcsId: 0,size=3145728]} | ret=SUCCESS |  
2019-08-23 02:48:23,656 [grpc-default-executor-1] INFO  client.GrpcClientProtocolClient (GrpcClientProtocolClient.java:onNext(255)) - client-B268B4322F32->17750241-545b-4219-93a1-14a6ea3d85be: receive RaftClientReply:client-B268B4322F32->17750241-545b-4219-93a1-14a6ea3d85be@group-C33FBD9556F2, cid=2011, SUCCESS, logIndex=2965, commits[17750241-545b-4219-93a1-14a6ea3d85be:c2966, 4eaaa090-573e-41d3-9f8c-c99e236d806a:c2964, 5f4cf9ee-4bed-49de-adaa-861aec894328:c2964]
2019-08-23 02:48:23,657 [grpc-default-executor-1] INFO  client.GrpcClientProtocolClient (GrpcClientProtocolClient.java:onNext(255)) - client-B268B4322F32->17750241-545b-4219-93a1-14a6ea3d85be: receive RaftClientReply:client-B268B4322F32->17750241-545b-4219-93a1-14a6ea3d85be@group-C33FBD9556F2, cid=2012, SUCCESS, logIndex=2966, commits[17750241-545b-4219-93a1-14a6ea3d85be:c2966, 4eaaa090-573e-41d3-9f8c-c99e236d806a:c2964, 5f4cf9ee-4bed-49de-adaa-861aec894328:c2964]
2019-08-23 02:48:23,664 | INFO  | DNAudit | user=null | ip=null | op=WRITE_CHUNK {blockData=conID: 2 locID: 102664012010488352 bcsId: 2966} | ret=SUCCESS |  
2019-08-23 02:48:23,667 | INFO  | DNAudit | user=null | ip=null | op=WRITE_CHUNK {blockData=conID: 2 locID: 102664012010488352 bcsId: 2966} | ret=SUCCESS |  
2019-08-23 02:48:23,667 | INFO  | DNAudit | user=null | ip=null | op=WRITE_CHUNK {blockData=conID: 2 locID: 102664012010488352 bcsId: 2966} | ret=SUCCESS |  
2019-08-23 02:48:23,669 | INFO  | DNAudit | user=null | ip=null | op=WRITE_CHUNK {blockData=conID: 2 locID: 102664012010488352 bcsId: 2960} | ret=SUCCESS |  
2019-08-23 02:48:23,669 | INFO  | DNAudit | user=null | ip=null | op=WRITE_CHUNK {blockData=conID: 2 locID: 102664012010488352 bcsId: 2960} | ret=SUCCESS |  
2019-08-23 02:48:23,681 | INFO  | DNAudit | user=null | ip=null | op=PUT_BLOCK {blockData=[blockId=conID: 2 locID: 102664012010488352 bcsId: 0,size=3145728]} | ret=SUCCESS |  
2019-08-23 02:48:23,682 | INFO  | DNAudit | user=null | ip=null | op=PUT_BLOCK {blockData=[blockId=conID: 2 locID: 102664012010488352 bcsId: 0,size=3145728]} | ret=SUCCESS |  
2019-08-23 02:48:23,682 | INFO  | DNAudit | user=null | ip=null | op=WRITE_CHUNK {blockData=conID: 2 locID: 102664012010488352 bcsId: 2966} | ret=SUCCESS |  
2019-08-23 02:48:23,683 | INFO  | DNAudit | user=null | ip=null | op=PUT_BLOCK {blockData=[blockId=conID: 2 locID: 102664012010488352 bcsId: 0,size=4194304]} | ret=SUCCESS |  
2019-08-23 02:48:23,683 [grpc-default-executor-5] INFO  client.GrpcClientProtocolClient (GrpcClientProtocolClient.java:onNext(255)) - client-B268B4322F32->17750241-545b-4219-93a1-14a6ea3d85be: receive RaftClientReply:client-B268B4322F32->17750241-545b-4219-93a1-14a6ea3d85be@group-C33FBD9556F2, cid=2013, SUCCESS, logIndex=2969, commits[17750241-545b-4219-93a1-14a6ea3d85be:c2970, 4eaaa090-573e-41d3-9f8c-c99e236d806a:c2966, 5f4cf9ee-4bed-49de-adaa-861aec894328:c2966]
2019-08-23 02:48:23,683 [grpc-default-executor-5] INFO  client.GrpcClientProtocolClient (GrpcClientProtocolClient.java:onNext(255)) - client-B268B4322F32->17750241-545b-4219-93a1-14a6ea3d85be: receive RaftClientReply:client-B268B4322F32->17750241-545b-4219-93a1-14a6ea3d85be@group-C33FBD9556F2, cid=2014, SUCCESS, logIndex=2970, commits[17750241-545b-4219-93a1-14a6ea3d85be:c2970, 4eaaa090-573e-41d3-9f8c-c99e236d806a:c2966, 5f4cf9ee-4bed-49de-adaa-861aec894328:c2966]
2019-08-23 02:48:23,695 | INFO  | DNAudit | user=null | ip=null | op=WRITE_CHUNK {blockData=conID: 2 locID: 102664012010488352 bcsId: 2966} | ret=SUCCESS |  
2019-08-23 02:48:23,695 | INFO  | DNAudit | user=null | ip=null | op=WRITE_CHUNK {blockData=conID: 2 locID: 102664012010488352 bcsId: 2966} | ret=SUCCESS |  
2019-08-23 02:48:23,696 | INFO  | DNAudit | user=null | ip=null | op=PUT_BLOCK {blockData=[blockId=conID: 2 locID: 102664012010488352 bcsId: 0,size=4194304]} | ret=SUCCESS |  
2019-08-23 02:48:23,696 | INFO  | DNAudit | user=null | ip=null | op=PUT_BLOCK {blockData=[blockId=conID: 2 locID: 102664012010488352 bcsId: 0,size=4194304]} | ret=SUCCESS |  
2019-08-23 02:48:23,696 [grpc-default-executor-5] INFO  client.GrpcClientProtocolClient (GrpcClientProtocolClient.java:onNext(255)) - client-B268B4322F32->17750241-545b-4219-93a1-14a6ea3d85be: receive RaftClientReply:client-B268B4322F32->17750241-545b-4219-93a1-14a6ea3d85be@group-C33FBD9556F2, cid=2015, SUCCESS, logIndex=0, commits[17750241-545b-4219-93a1-14a6ea3d85be:c2971, 4eaaa090-573e-41d3-9f8c-c99e236d806a:c2970, 5f4cf9ee-4bed-49de-adaa-861aec894328:c2970]
2019-08-23 02:48:23,698 | INFO  | SCMAudit | user=jenkins1000 | ip=192.168.34.22 | op=ALLOCATE_BLOCK {owner=31d65bc3-3f70-45f5-bbc5-e3a15f967ba6, size=4194304, type=RATIS, factor=THREE} | ret=SUCCESS |  
2019-08-23 02:48:23,702 | INFO  | OMAudit | user=jenkins1000 | ip=127.0.0.1 | op=ALLOCATE_BLOCK {volume=vol-0-78052, bucket=bucket-0-33874, key=key-0-20719, dataSize=2147483657, replicationType=RATIS, replicationFactor=THREE, keyLocationInfo=[], clientID=102664010308846034} | ret=SUCCESS |  
2019-08-23 02:48:23,715 | INFO  | DNAudit | user=null | ip=null | op=WRITE_CHUNK {blockData=conID: 3 locID: 102664012018352673 bcsId: 0} | ret=SUCCESS |  
2019-08-23 02:48:23,717 | INFO  | DNAudit | user=null | ip=null | op=WRITE_CHUNK {blockData=conID: 3 locID: 102664012018352673 bcsId: 0} | ret=SUCCESS |  
2019-08-23 02:48:23,718 | INFO  | DNAudit | user=null | ip=null | op=WRITE_CHUNK {blockData=conID: 3 locID: 102664012018352673 bcsId: 0} | ret=SUCCESS |  
2019-08-23 02:48:23,718 | INFO  | DNAudit | user=null | ip=null | op=WRITE_CHUNK {blockData=conID: 3 locID: 102664012018352673 bcsId: 0} | ret=SUCCESS |  
2019-08-23 02:48:23,721 | INFO  | DNAudit | user=null | ip=null | op=WRITE_CHUNK {blockData=conID: 3 locID: 102664012018352673 bcsId: 0} | ret=SUCCESS |  
2019-08-23 02:48:23,721 | INFO  | DNAudit | user=null | ip=null | op=WRITE_CHUNK {blockData=conID: 3 locID: 102664012018352673 bcsId: 0} | ret=SUCCESS |  
2019-08-23 02:48:23,730 | INFO  | DNAudit | user=null | ip=null | op=WRITE_CHUNK {blockData=conID: 3 locID: 102664012018352673 bcsId: 0} | ret=SUCCESS |  
2019-08-23 02:48:23,731 | INFO  | DNAudit | user=null | ip=null | op=PUT_BLOCK {blockData=[blockId=conID: 3 locID: 102664012018352673 bcsId: 0,size=1048576]} | ret=SUCCESS |  
2019-08-23 02:48:23,730 [grpc-default-executor-2] INFO  client.GrpcClientProtocolClient (GrpcClientProtocolClient.java:onNext(255)) - client-B268B4322F32->17750241-545b-4219-93a1-14a6ea3d85be: receive RaftClientReply:client-B268B4322F32->17750241-545b-4219-93a1-14a6ea3d85be@group-C33FBD9556F2, cid=2016, SUCCESS, logIndex=2973, commits[17750241-545b-4219-93a1-14a6ea3d85be:c2974, 4eaaa090-573e-41d3-9f8c-c99e236d806a:c2972, 5f4cf9ee-4bed-49de-adaa-861aec894328:c2972]
2019-08-23 02:48:23,731 [grpc-default-executor-6] INFO  client.GrpcClientProtocolClient (GrpcClientProtocolClient.java:onNext(255)) - client-B268B4322F32->17750241-545b-4219-93a1-14a6ea3d85be: receive RaftClientReply:client-B268B4322F32->17750241-545b-4219-93a1-14a6ea3d85be@group-C33FBD9556F2, cid=2017, SUCCESS, logIndex=2974, commits[17750241-545b-4219-93a1-14a6ea3d85be:c2974, 4eaaa090-573e-41d3-9f8c-c99e236d806a:c2972, 5f4cf9ee-4bed-49de-adaa-861aec894328:c2972]
2019-08-23 02:48:23,732 | INFO  | DNAudit | user=null | ip=null | op=WRITE_CHUNK {blockData=conID: 3 locID: 102664012018352673 bcsId: 0} | ret=SUCCESS |  
2019-08-23 02:48:23,732 | INFO  | DNAudit | user=null | ip=null | op=PUT_BLOCK {blockData=[blockId=conID: 3 locID: 102664012018352673 bcsId: 0,size=2097152]} | ret=SUCCESS |  
2019-08-23 02:48:23,732 [grpc-default-executor-6] INFO  client.GrpcClientProtocolClient (GrpcClientProtocolClient.java:onNext(255)) - client-B268B4322F32->17750241-545b-4219-93a1-14a6ea3d85be: receive RaftClientReply:client-B268B4322F32->17750241-545b-4219-93a1-14a6ea3d85be@group-C33FBD9556F2, cid=2018, SUCCESS, logIndex=2975, commits[17750241-545b-4219-93a1-14a6ea3d85be:c2976, 4eaaa090-573e-41d3-9f8c-c99e236d806a:c2972, 5f4cf9ee-4bed-49de-adaa-861aec894328:c2972]
2019-08-23 02:48:23,733 [grpc-default-executor-6] INFO  client.GrpcClientProtocolClient (GrpcClientProtocolClient.java:onNext(255)) - client-B268B4322F32->17750241-545b-4219-93a1-14a6ea3d85be: receive RaftClientReply:client-B268B4322F32->17750241-545b-4219-93a1-14a6ea3d85be@group-C33FBD9556F2, cid=2019, SUCCESS, logIndex=2976, commits[17750241-545b-4219-93a1-14a6ea3d85be:c2976, 4eaaa090-573e-41d3-9f8c-c99e236d806a:c2972, 5f4cf9ee-4bed-49de-adaa-861aec894328:c2972]
2019-08-23 02:48:23,733 | INFO  | DNAudit | user=null | ip=null | op=WRITE_CHUNK {blockData=conID: 3 locID: 102664012018352673 bcsId: 0} | ret=SUCCESS |  
2019-08-23 02:48:23,734 | INFO  | DNAudit | user=null | ip=null | op=PUT_BLOCK {blockData=[blockId=conID: 3 locID: 102664012018352673 bcsId: 0,size=1048576]} | ret=SUCCESS |  
2019-08-23 02:48:23,742 | INFO  | DNAudit | user=null | ip=null | op=WRITE_CHUNK {blockData=conID: 3 locID: 102664012018352673 bcsId: 0} | ret=SUCCESS |  
2019-08-23 02:48:23,742 | INFO  | DNAudit | user=null | ip=null | op=PUT_BLOCK {blockData=[blockId=conID: 3 locID: 102664012018352673 bcsId: 0,size=1048576]} | ret=SUCCESS |  
2019-08-23 02:48:23,742 | INFO  | DNAudit | user=null | ip=null | op=WRITE_CHUNK {blockData=conID: 3 locID: 102664012018352673 bcsId: 0} | ret=SUCCESS |  
2019-08-23 02:48:23,743 [grpc-default-executor-2] INFO  client.GrpcClientProtocolClient (GrpcClientProtocolClient.java:onNext(255)) - client-B268B4322F32->17750241-545b-4219-93a1-14a6ea3d85be: receive RaftClientReply:client-B268B4322F32->17750241-545b-4219-93a1-14a6ea3d85be@group-C33FBD9556F2, cid=2020, SUCCESS, logIndex=0, commits[17750241-545b-4219-93a1-14a6ea3d85be:c2978, 4eaaa090-573e-41d3-9f8c-c99e236d806a:c2974, 5f4cf9ee-4bed-49de-adaa-861aec894328:c2974]
2019-08-23 02:48:23,743 | INFO  | DNAudit | user=null | ip=null | op=WRITE_CHUNK {blockData=conID: 3 locID: 102664012018352673 bcsId: 0} | ret=SUCCESS |  
2019-08-23 02:48:23,743 | INFO  | DNAudit | user=null | ip=null | op=PUT_BLOCK {blockData=[blockId=conID: 3 locID: 102664012018352673 bcsId: 0,size=2097152]} | ret=SUCCESS |  
2019-08-23 02:48:23,744 | INFO  | DNAudit | user=null | ip=null | op=PUT_BLOCK {blockData=[blockId=conID: 3 locID: 102664012018352673 bcsId: 0,size=2097152]} | ret=SUCCESS |  
2019-08-23 02:48:23,749 | INFO  | DNAudit | user=null | ip=null | op=WRITE_CHUNK {blockData=conID: 3 locID: 102664012018352673 bcsId: 2976} | ret=SUCCESS |  
2019-08-23 02:48:23,752 | INFO  | DNAudit | user=null | ip=null | op=WRITE_CHUNK {blockData=conID: 3 locID: 102664012018352673 bcsId: 2976} | ret=SUCCESS |  
2019-08-23 02:48:23,752 | INFO  | DNAudit | user=null | ip=null | op=WRITE_CHUNK {blockData=conID: 3 locID: 102664012018352673 bcsId: 2976} | ret=SUCCESS |  
2019-08-23 02:48:23,763 | INFO  | DNAudit | user=null | ip=null | op=WRITE_CHUNK {blockData=conID: 3 locID: 102664012018352673 bcsId: 2976} | ret=SUCCESS |  
2019-08-23 02:48:23,763 | INFO  | DNAudit | user=null | ip=null | op=PUT_BLOCK {blockData=[blockId=conID: 3 locID: 102664012018352673 bcsId: 0,size=3145728]} | ret=SUCCESS |  
2019-08-23 02:48:23,763 [grpc-default-executor-2] INFO  client.GrpcClientProtocolClient (GrpcClientProtocolClient.java:onNext(255)) - client-B268B4322F32->17750241-545b-4219-93a1-14a6ea3d85be: receive RaftClientReply:client-B268B4322F32->17750241-545b-4219-93a1-14a6ea3d85be@group-C33FBD9556F2, cid=2021, SUCCESS, logIndex=2981, commits[17750241-545b-4219-93a1-14a6ea3d85be:c2982, 4eaaa090-573e-41d3-9f8c-c99e236d806a:c2976, 5f4cf9ee-4bed-49de-adaa-861aec894328:c2980]
2019-08-23 02:48:23,764 [grpc-default-executor-2] INFO  client.GrpcClientProtocolClient (GrpcClientProtocolClient.java:onNext(255)) - client-B268B4322F32->17750241-545b-4219-93a1-14a6ea3d85be: receive RaftClientReply:client-B268B4322F32->17750241-545b-4219-93a1-14a6ea3d85be@group-C33FBD9556F2, cid=2022, SUCCESS, logIndex=2982, commits[17750241-545b-4219-93a1-14a6ea3d85be:c2982, 4eaaa090-573e-41d3-9f8c-c99e236d806a:c2976, 5f4cf9ee-4bed-49de-adaa-861aec894328:c2980]
2019-08-23 02:48:23,771 | INFO  | DNAudit | user=null | ip=null | op=WRITE_CHUNK {blockData=conID: 3 locID: 102664012018352673 bcsId: 2982} | ret=SUCCESS |  
2019-08-23 02:48:23,773 | INFO  | DNAudit | user=null | ip=null | op=WRITE_CHUNK {blockData=conID: 3 locID: 102664012018352673 bcsId: 2982} | ret=SUCCESS |  
2019-08-23 02:48:23,773 | INFO  | DNAudit | user=null | ip=null | op=WRITE_CHUNK {blockData=conID: 3 locID: 102664012018352673 bcsId: 2982} | ret=SUCCESS |  
2019-08-23 02:48:23,775 | INFO  | DNAudit | user=null | ip=null | op=WRITE_CHUNK {blockData=conID: 3 locID: 102664012018352673 bcsId: 2976} | ret=SUCCESS |  
2019-08-23 02:48:23,775 | INFO  | DNAudit | user=null | ip=null | op=WRITE_CHUNK {blockData=conID: 3 locID: 102664012018352673 bcsId: 2976} | ret=SUCCESS |  
2019-08-23 02:48:23,776 | INFO  | DNAudit | user=null | ip=null | op=PUT_BLOCK {blockData=[blockId=conID: 3 locID: 102664012018352673 bcsId: 0,size=3145728]} | ret=SUCCESS |  
2019-08-23 02:48:23,776 | INFO  | DNAudit | user=null | ip=null | op=PUT_BLOCK {blockData=[blockId=conID: 3 locID: 102664012018352673 bcsId: 0,size=3145728]} | ret=SUCCESS |  
2019-08-23 02:48:23,776 | INFO  | DNAudit | user=null | ip=null | op=WRITE_CHUNK {blockData=conID: 3 locID: 102664012018352673 bcsId: 2982} | ret=SUCCESS |  
2019-08-23 02:48:23,776 | INFO  | DNAudit | user=null | ip=null | op=PUT_BLOCK {blockData=[blockId=conID: 3 locID: 102664012018352673 bcsId: 0,size=4194304]} | ret=SUCCESS |  
2019-08-23 02:48:23,777 [grpc-default-executor-6] INFO  client.GrpcClientProtocolClient (GrpcClientProtocolClient.java:onNext(255)) - client-B268B4322F32->17750241-545b-4219-93a1-14a6ea3d85be: receive RaftClientReply:client-B268B4322F32->17750241-545b-4219-93a1-14a6ea3d85be@group-C33FBD9556F2, cid=2023, SUCCESS, logIndex=2985, commits[17750241-545b-4219-93a1-14a6ea3d85be:c2986, 4eaaa090-573e-41d3-9f8c-c99e236d806a:c2982, 5f4cf9ee-4bed-49de-adaa-861aec894328:c2982]
2019-08-23 02:48:23,777 [grpc-default-executor-5] INFO  client.GrpcClientProtocolClient (GrpcClientProtocolClient.java:onNext(255)) - client-B268B4322F32->17750241-545b-4219-93a1-14a6ea3d85be: receive RaftClientReply:client-B268B4322F32->17750241-545b-4219-93a1-14a6ea3d85be@group-C33FBD9556F2, cid=2024, SUCCESS, logIndex=2986, commits[17750241-545b-4219-93a1-14a6ea3d85be:c2986, 4eaaa090-573e-41d3-9f8c-c99e236d806a:c2982, 5f4cf9ee-4bed-49de-adaa-861aec894328:c2982]
2019-08-23 02:48:23,777 | INFO  | DNAudit | user=null | ip=null | op=WRITE_CHUNK {blockData=conID: 3 locID: 102664012018352673 bcsId: 2982} | ret=SUCCESS |  
2019-08-23 02:48:23,781 | INFO  | DNAudit | user=null | ip=null | op=WRITE_CHUNK {blockData=conID: 3 locID: 102664012018352673 bcsId: 2982} | ret=SUCCESS |  
2019-08-23 02:48:23,782 | INFO  | DNAudit | user=null | ip=null | op=PUT_BLOCK {blockData=[blockId=conID: 3 locID: 102664012018352673 bcsId: 0,size=4194304]} | ret=SUCCESS |  
2019-08-23 02:48:23,782 | INFO  | DNAudit | user=null | ip=null | op=PUT_BLOCK {blockData=[blockId=conID: 3 locID: 102664012018352673 bcsId: 0,size=4194304]} | ret=SUCCESS |  
2019-08-23 02:48:23,782 [grpc-default-executor-5] INFO  client.GrpcClientProtocolClient (GrpcClientProtocolClient.java:onNext(255)) - client-B268B4322F32->17750241-545b-4219-93a1-14a6ea3d85be: receive RaftClientReply:client-B268B4322F32->17750241-545b-4219-93a1-14a6ea3d85be@group-C33FBD9556F2, cid=2025, SUCCESS, logIndex=0, commits[17750241-545b-4219-93a1-14a6ea3d85be:c2988, 4eaaa090-573e-41d3-9f8c-c99e236d806a:c2986, 5f4cf9ee-4bed-49de-adaa-861aec894328:c2986]
2019-08-23 02:48:23,784 | INFO  | SCMAudit | user=jenkins1000 | ip=192.168.34.22 | op=ALLOCATE_BLOCK {owner=31d65bc3-3f70-45f5-bbc5-e3a15f967ba6, size=4194304, type=RATIS, factor=THREE} | ret=SUCCESS |  
2019-08-23 02:48:23,787 | INFO  | OMAudit | user=jenkins1000 | ip=127.0.0.1 | op=ALLOCATE_BLOCK {volume=vol-0-78052, bucket=bucket-0-33874, key=key-0-20719, dataSize=2147483657, replicationType=RATIS, replicationFactor=THREE, keyLocationInfo=[], clientID=102664010308846034} | ret=SUCCESS |  
2019-08-23 02:48:23,796 | INFO  | DNAudit | user=null | ip=null | op=WRITE_CHUNK {blockData=conID: 1 locID: 102664012023988770 bcsId: 0} | ret=SUCCESS |  
2019-08-23 02:48:23,799 | INFO  | DNAudit | user=null | ip=null | op=WRITE_CHUNK {blockData=conID: 1 locID: 102664012023988770 bcsId: 0} | ret=SUCCESS |  
2019-08-23 02:48:23,799 | INFO  | DNAudit | user=null | ip=null | op=WRITE_CHUNK {blockData=conID: 1 locID: 102664012023988770 bcsId: 0} | ret=SUCCESS |  
2019-08-23 02:48:23,799 | INFO  | DNAudit | user=null | ip=null | op=WRITE_CHUNK {blockData=conID: 1 locID: 102664012023988770 bcsId: 0} | ret=SUCCESS |  
2019-08-23 02:48:23,800 | INFO  | DNAudit | user=null | ip=null | op=WRITE_CHUNK {blockData=conID: 1 locID: 102664012023988770 bcsId: 0} | ret=SUCCESS |  
2019-08-23 02:48:23,800 | INFO  | DNAudit | user=null | ip=null | op=WRITE_CHUNK {blockData=conID: 1 locID: 102664012023988770 bcsId: 0} | ret=SUCCESS |  
2019-08-23 02:48:23,804 | INFO  | DNAudit | user=null | ip=null | op=WRITE_CHUNK {blockData=conID: 1 locID: 102664012023988770 bcsId: 0} | ret=SUCCESS |  
2019-08-23 02:48:23,804 | INFO  | DNAudit | user=null | ip=null | op=PUT_BLOCK {blockData=[blockId=conID: 1 locID: 102664012023988770 bcsId: 0,size=1048576]} | ret=SUCCESS |  
2019-08-23 02:48:23,804 [grpc-default-executor-2] INFO  client.GrpcClientProtocolClient (GrpcClientProtocolClient.java:onNext(255)) - client-B268B4322F32->17750241-545b-4219-93a1-14a6ea3d85be: receive RaftClientReply:client-B268B4322F32->17750241-545b-4219-93a1-14a6ea3d85be@group-C33FBD9556F2, cid=2026, SUCCESS, logIndex=2989, commits[17750241-545b-4219-93a1-14a6ea3d85be:c2990, 4eaaa090-573e-41d3-9f8c-c99e236d806a:c2988, 5f4cf9ee-4bed-49de-adaa-861aec894328:c2988]
2019-08-23 02:48:23,805 [grpc-default-executor-2] INFO  client.GrpcClientProtocolClient (GrpcClientProtocolClient.java:onNext(255)) - client-B268B4322F32->17750241-545b-4219-93a1-14a6ea3d85be: receive RaftClientReply:client-B268B4322F32->17750241-545b-4219-93a1-14a6ea3d85be@group-C33FBD9556F2, cid=2027, SUCCESS, logIndex=2990, commits[17750241-545b-4219-93a1-14a6ea3d85be:c2990, 4eaaa090-573e-41d3-9f8c-c99e236d806a:c2988, 5f4cf9ee-4bed-49de-adaa-861aec894328:c2988]
2019-08-23 02:48:23,806 | INFO  | DNAudit | user=null | ip=null | op=WRITE_CHUNK {blockData=conID: 1 locID: 102664012023988770 bcsId: 0} | ret=SUCCESS |  
2019-08-23 02:48:23,807 | INFO  | DNAudit | user=null | ip=null | op=PUT_BLOCK {blockData=[blockId=conID: 1 locID: 102664012023988770 bcsId: 0,size=2097152]} | ret=SUCCESS |  
2019-08-23 02:48:23,807 [grpc-default-executor-2] INFO  client.GrpcClientProtocolClient (GrpcClientProtocolClient.java:onNext(255)) - client-B268B4322F32->17750241-545b-4219-93a1-14a6ea3d85be: receive RaftClientReply:client-B268B4322F32->17750241-545b-4219-93a1-14a6ea3d85be@group-C33FBD9556F2, cid=2028, SUCCESS, logIndex=2991, commits[17750241-545b-4219-93a1-14a6ea3d85be:c2992, 4eaaa090-573e-41d3-9f8c-c99e236d806a:c2988, 5f4cf9ee-4bed-49de-adaa-861aec894328:c2988]
2019-08-23 02:48:23,807 [grpc-default-executor-2] INFO  client.GrpcClientProtocolClient (GrpcClientProtocolClient.java:onNext(255)) - client-B268B4322F32->17750241-545b-4219-93a1-14a6ea3d85be: receive RaftClientReply:client-B268B4322F32->17750241-545b-4219-93a1-14a6ea3d85be@group-C33FBD9556F2, cid=2029, SUCCESS, logIndex=2992, commits[17750241-545b-4219-93a1-14a6ea3d85be:c2992, 4eaaa090-573e-41d3-9f8c-c99e236d806a:c2988, 5f4cf9ee-4bed-49de-adaa-861aec894328:c2988]
2019-08-23 02:48:23,817 | INFO  | DNAudit | user=null | ip=null | op=WRITE_CHUNK {blockData=conID: 1 locID: 102664012023988770 bcsId: 0} | ret=SUCCESS |  
2019-08-23 02:48:23,818 | INFO  | DNAudit | user=null | ip=null | op=PUT_BLOCK {blockData=[blockId=conID: 1 locID: 102664012023988770 bcsId: 0,size=1048576]} | ret=SUCCESS |  
2019-08-23 02:48:23,818 | INFO  | DNAudit | user=null | ip=null | op=WRITE_CHUNK {blockData=conID: 1 locID: 102664012023988770 bcsId: 0} | ret=SUCCESS |  
2019-08-23 02:48:23,818 | INFO  | DNAudit | user=null | ip=null | op=PUT_BLOCK {blockData=[blockId=conID: 1 locID: 102664012023988770 bcsId: 0,size=1048576]} | ret=SUCCESS |  
2019-08-23 02:48:23,818 [grpc-default-executor-2] INFO  client.GrpcClientProtocolClient (GrpcClientProtocolClient.java:onNext(255)) - client-B268B4322F32->17750241-545b-4219-93a1-14a6ea3d85be: receive RaftClientReply:client-B268B4322F32->17750241-545b-4219-93a1-14a6ea3d85be@group-C33FBD9556F2, cid=2030, SUCCESS, logIndex=0, commits[17750241-545b-4219-93a1-14a6ea3d85be:c2994, 4eaaa090-573e-41d3-9f8c-c99e236d806a:c2990, 5f4cf9ee-4bed-49de-adaa-861aec894328:c2990]
2019-08-23 02:48:23,818 | INFO  | DNAudit | user=null | ip=null | op=WRITE_CHUNK {blockData=conID: 1 locID: 102664012023988770 bcsId: 0} | ret=SUCCESS |  
2019-08-23 02:48:23,819 | INFO  | DNAudit | user=null | ip=null | op=PUT_BLOCK {blockData=[blockId=conID: 1 locID: 102664012023988770 bcsId: 0,size=2097152]} | ret=SUCCESS |  
2019-08-23 02:48:23,821 | INFO  | DNAudit | user=null | ip=null | op=WRITE_CHUNK {blockData=conID: 1 locID: 102664012023988770 bcsId: 0} | ret=SUCCESS |  
2019-08-23 02:48:23,821 | INFO  | DNAudit | user=null | ip=null | op=PUT_BLOCK {blockData=[blockId=conID: 1 locID: 102664012023988770 bcsId: 0,size=2097152]} | ret=SUCCESS |  
2019-08-23 02:48:23,824 | INFO  | DNAudit | user=null | ip=null | op=WRITE_CHUNK {blockData=conID: 1 locID: 102664012023988770 bcsId: 2992} | ret=SUCCESS |  
2019-08-23 02:48:23,826 | INFO  | DNAudit | user=null | ip=null | op=WRITE_CHUNK {blockData=conID: 1 locID: 102664012023988770 bcsId: 2992} | ret=SUCCESS |  
2019-08-23 02:48:23,827 | INFO  | DNAudit | user=null | ip=null | op=WRITE_CHUNK {blockData=conID: 1 locID: 102664012023988770 bcsId: 2992} | ret=SUCCESS |  
2019-08-23 02:48:23,836 | INFO  | DNAudit | user=null | ip=null | op=WRITE_CHUNK {blockData=conID: 1 locID: 102664012023988770 bcsId: 2992} | ret=SUCCESS |  
2019-08-23 02:48:23,836 | INFO  | DNAudit | user=null | ip=null | op=PUT_BLOCK {blockData=[blockId=conID: 1 locID: 102664012023988770 bcsId: 0,size=3145728]} | ret=SUCCESS |  
2019-08-23 02:48:23,836 [grpc-default-executor-2] INFO  client.GrpcClientProtocolClient (GrpcClientProtocolClient.java:onNext(255)) - client-B268B4322F32->17750241-545b-4219-93a1-14a6ea3d85be: receive RaftClientReply:client-B268B4322F32->17750241-545b-4219-93a1-14a6ea3d85be@group-C33FBD9556F2, cid=2031, SUCCESS, logIndex=2996, commits[17750241-545b-4219-93a1-14a6ea3d85be:c2997, 4eaaa090-573e-41d3-9f8c-c99e236d806a:c2995, 5f4cf9ee-4bed-49de-adaa-861aec894328:c2995]
2019-08-23 02:48:23,837 [grpc-default-executor-2] INFO  client.GrpcClientProtocolClient (GrpcClientProtocolClient.java:onNext(255)) - client-B268B4322F32->17750241-545b-4219-93a1-14a6ea3d85be: receive RaftClientReply:client-B268B4322F32->17750241-545b-4219-93a1-14a6ea3d85be@group-C33FBD9556F2, cid=2032, SUCCESS, logIndex=2997, commits[17750241-545b-4219-93a1-14a6ea3d85be:c2997, 4eaaa090-573e-41d3-9f8c-c99e236d806a:c2995, 5f4cf9ee-4bed-49de-adaa-861aec894328:c2995]
2019-08-23 02:48:23,842 | INFO  | DNAudit | user=null | ip=null | op=WRITE_CHUNK {blockData=conID: 1 locID: 102664012023988770 bcsId: 2997} | ret=SUCCESS |  
2019-08-23 02:48:23,844 | INFO  | DNAudit | user=null | ip=null | op=WRITE_CHUNK {blockData=conID: 1 locID: 102664012023988770 bcsId: 2997} | ret=SUCCESS |  
2019-08-23 02:48:23,844 | INFO  | DNAudit | user=null | ip=null | op=WRITE_CHUNK {blockData=conID: 1 locID: 102664012023988770 bcsId: 2997} | ret=SUCCESS |  
2019-08-23 02:48:23,847 | INFO  | DNAudit | user=null | ip=null | op=WRITE_CHUNK {blockData=conID: 1 locID: 102664012023988770 bcsId: 2992} | ret=SUCCESS |  
2019-08-23 02:48:23,847 | INFO  | DNAudit | user=null | ip=null | op=WRITE_CHUNK {blockData=conID: 1 locID: 102664012023988770 bcsId: 2992} | ret=SUCCESS |  
2019-08-23 02:48:23,847 | INFO  | DNAudit | user=null | ip=null | op=PUT_BLOCK {blockData=[blockId=conID: 1 locID: 102664012023988770 bcsId: 0,size=3145728]} | ret=SUCCESS |  
2019-08-23 02:48:23,850 | INFO  | DNAudit | user=null | ip=null | op=PUT_BLOCK {blockData=[blockId=conID: 1 locID: 102664012023988770 bcsId: 0,size=3145728]} | ret=SUCCESS |  
2019-08-23 02:48:23,850 | INFO  | DNAudit | user=null | ip=null | op=WRITE_CHUNK {blockData=conID: 1 locID: 102664012023988770 bcsId: 2997} | ret=SUCCESS |  
2019-08-23 02:48:23,851 | INFO  | DNAudit | user=null | ip=null | op=PUT_BLOCK {blockData=[blockId=conID: 1 locID: 102664012023988770 bcsId: 0,size=4194304]} | ret=SUCCESS |  
2019-08-23 02:48:23,851 [grpc-default-executor-2] INFO  client.GrpcClientProtocolClient (GrpcClientProtocolClient.java:onNext(255)) - client-B268B4322F32->17750241-545b-4219-93a1-14a6ea3d85be: receive RaftClientReply:client-B268B4322F32->17750241-545b-4219-93a1-14a6ea3d85be@group-C33FBD9556F2, cid=2033, SUCCESS, logIndex=3000, commits[17750241-545b-4219-93a1-14a6ea3d85be:c3001, 4eaaa090-573e-41d3-9f8c-c99e236d806a:c2997, 5f4cf9ee-4bed-49de-adaa-861aec894328:c2997]
2019-08-23 02:48:23,851 [grpc-default-executor-2] INFO  client.GrpcClientProtocolClient (GrpcClientProtocolClient.java:onNext(255)) - client-B268B4322F32->17750241-545b-4219-93a1-14a6ea3d85be: receive RaftClientReply:client-B268B4322F32->17750241-545b-4219-93a1-14a6ea3d85be@group-C33FBD9556F2, cid=2034, SUCCESS, logIndex=3001, commits[17750241-545b-4219-93a1-14a6ea3d85be:c3001, 4eaaa090-573e-41d3-9f8c-c99e236d806a:c2997, 5f4cf9ee-4bed-49de-adaa-861aec894328:c2997]
2019-08-23 02:48:23,861 | INFO  | DNAudit | user=null | ip=null | op=WRITE_CHUNK {blockData=conID: 1 locID: 102664012023988770 bcsId: 2997} | ret=SUCCESS |  
2019-08-23 02:48:23,861 | INFO  | DNAudit | user=null | ip=null | op=WRITE_CHUNK {blockData=conID: 1 locID: 102664012023988770 bcsId: 2997} | ret=SUCCESS |  
2019-08-23 02:48:23,864 | INFO  | DNAudit | user=null | ip=null | op=PUT_BLOCK {blockData=[blockId=conID: 1 locID: 102664012023988770 bcsId: 0,size=4194304]} | ret=SUCCESS |  
2019-08-23 02:48:23,864 | INFO  | DNAudit | user=null | ip=null | op=PUT_BLOCK {blockData=[blockId=conID: 1 locID: 102664012023988770 bcsId: 0,size=4194304]} | ret=SUCCESS |  
2019-08-23 02:48:23,865 [grpc-default-executor-2] INFO  client.GrpcClientProtocolClient (GrpcClientProtocolClient.java:onNext(255)) - client-B268B4322F32->17750241-545b-4219-93a1-14a6ea3d85be: receive RaftClientReply:client-B268B4322F32->17750241-545b-4219-93a1-14a6ea3d85be@group-C33FBD9556F2, cid=2035, SUCCESS, logIndex=0, commits[17750241-545b-4219-93a1-14a6ea3d85be:c3003, 4eaaa090-573e-41d3-9f8c-c99e236d806a:c3001, 5f4cf9ee-4bed-49de-adaa-861aec894328:c3001]
2019-08-23 02:48:23,866 | INFO  | SCMAudit | user=jenkins1000 | ip=192.168.34.22 | op=ALLOCATE_BLOCK {owner=31d65bc3-3f70-45f5-bbc5-e3a15f967ba6, size=4194304, type=RATIS, factor=THREE} | ret=SUCCESS |  
2019-08-23 02:48:23,869 | INFO  | OMAudit | user=jenkins1000 | ip=127.0.0.1 | op=ALLOCATE_BLOCK {volume=vol-0-78052, bucket=bucket-0-33874, key=key-0-20719, dataSize=2147483657, replicationType=RATIS, replicationFactor=THREE, keyLocationInfo=[], clientID=102664010308846034} | ret=SUCCESS |  
2019-08-23 02:48:23,878 | INFO  | DNAudit | user=null | ip=null | op=WRITE_CHUNK {blockData=conID: 2 locID: 102664012029362723 bcsId: 0} | ret=SUCCESS |  
2019-08-23 02:48:23,879 | INFO  | DNAudit | user=null | ip=null | op=WRITE_CHUNK {blockData=conID: 2 locID: 102664012029362723 bcsId: 0} | ret=SUCCESS |  
2019-08-23 02:48:23,881 | INFO  | DNAudit | user=null | ip=null | op=WRITE_CHUNK {blockData=conID: 2 locID: 102664012029362723 bcsId: 0} | ret=SUCCESS |  
2019-08-23 02:48:23,881 | INFO  | DNAudit | user=null | ip=null | op=WRITE_CHUNK {blockData=conID: 2 locID: 102664012029362723 bcsId: 0} | ret=SUCCESS |  
2019-08-23 02:48:23,882 | INFO  | DNAudit | user=null | ip=null | op=WRITE_CHUNK {blockData=conID: 2 locID: 102664012029362723 bcsId: 0} | ret=SUCCESS |  
2019-08-23 02:48:23,882 | INFO  | DNAudit | user=null | ip=null | op=WRITE_CHUNK {blockData=conID: 2 locID: 102664012029362723 bcsId: 0} | ret=SUCCESS |  
2019-08-23 02:48:23,892 | INFO  | DNAudit | user=null | ip=null | op=WRITE_CHUNK {blockData=conID: 2 locID: 102664012029362723 bcsId: 0} | ret=SUCCESS |  
2019-08-23 02:48:23,892 | INFO  | DNAudit | user=null | ip=null | op=PUT_BLOCK {blockData=[blockId=conID: 2 locID: 102664012029362723 bcsId: 0,size=1048576]} | ret=SUCCESS |  
2019-08-23 02:48:23,893 [grpc-default-executor-2] INFO  client.GrpcClientProtocolClient (GrpcClientProtocolClient.java:onNext(255)) - client-B268B4322F32->17750241-545b-4219-93a1-14a6ea3d85be: receive RaftClientReply:client-B268B4322F32->17750241-545b-4219-93a1-14a6ea3d85be@group-C33FBD9556F2, cid=2036, SUCCESS, logIndex=3004, commits[17750241-545b-4219-93a1-14a6ea3d85be:c3005, 4eaaa090-573e-41d3-9f8c-c99e236d806a:c3003, 5f4cf9ee-4bed-49de-adaa-861aec894328:c3003]
2019-08-23 02:48:23,893 [grpc-default-executor-2] INFO  client.GrpcClientProtocolClient (GrpcClientProtocolClient.java:onNext(255)) - client-B268B4322F32->17750241-545b-4219-93a1-14a6ea3d85be: receive RaftClientReply:client-B268B4322F32->17750241-545b-4219-93a1-14a6ea3d85be@group-C33FBD9556F2, cid=2037, SUCCESS, logIndex=3005, commits[17750241-545b-4219-93a1-14a6ea3d85be:c3005, 4eaaa090-573e-41d3-9f8c-c99e236d806a:c3003, 5f4cf9ee-4bed-49de-adaa-861aec894328:c3003]
2019-08-23 02:48:23,902 | INFO  | DNAudit | user=null | ip=null | op=WRITE_CHUNK {blockData=conID: 2 locID: 102664012029362723 bcsId: 0} | ret=SUCCESS |  
2019-08-23 02:48:23,903 | INFO  | DNAudit | user=null | ip=null | op=PUT_BLOCK {blockData=[blockId=conID: 2 locID: 102664012029362723 bcsId: 0,size=2097152]} | ret=SUCCESS |  
2019-08-23 02:48:23,903 [grpc-default-executor-2] INFO  client.GrpcClientProtocolClient (GrpcClientProtocolClient.java:onNext(255)) - client-B268B4322F32->17750241-545b-4219-93a1-14a6ea3d85be: receive RaftClientReply:client-B268B4322F32->17750241-545b-4219-93a1-14a6ea3d85be@group-C33FBD9556F2, cid=2038, SUCCESS, logIndex=3006, commits[17750241-545b-4219-93a1-14a6ea3d85be:c3007, 4eaaa090-573e-41d3-9f8c-c99e236d806a:c3003, 5f4cf9ee-4bed-49de-adaa-861aec894328:c3003]
2019-08-23 02:48:23,903 [grpc-default-executor-2] INFO  client.GrpcClientProtocolClient (GrpcClientProtocolClient.java:onNext(255)) - client-B268B4322F32->17750241-545b-4219-93a1-14a6ea3d85be: receive RaftClientReply:client-B268B4322F32->17750241-545b-4219-93a1-14a6ea3d85be@group-C33FBD9556F2, cid=2039, SUCCESS, logIndex=3007, commits[17750241-545b-4219-93a1-14a6ea3d85be:c3007, 4eaaa090-573e-41d3-9f8c-c99e236d806a:c3003, 5f4cf9ee-4bed-49de-adaa-861aec894328:c3003]
2019-08-23 02:48:23,904 | INFO  | DNAudit | user=null | ip=null | op=WRITE_CHUNK {blockData=conID: 2 locID: 102664012029362723 bcsId: 0} | ret=SUCCESS |  
2019-08-23 02:48:23,904 | INFO  | DNAudit | user=null | ip=null | op=WRITE_CHUNK {blockData=conID: 2 locID: 102664012029362723 bcsId: 0} | ret=SUCCESS |  
2019-08-23 02:48:23,904 | INFO  | DNAudit | user=null | ip=null | op=PUT_BLOCK {blockData=[blockId=conID: 2 locID: 102664012029362723 bcsId: 0,size=1048576]} | ret=SUCCESS |  
2019-08-23 02:48:23,916 | INFO  | DNAudit | user=null | ip=null | op=PUT_BLOCK {blockData=[blockId=conID: 2 locID: 102664012029362723 bcsId: 0,size=1048576]} | ret=SUCCESS |  
2019-08-23 02:48:23,917 [grpc-default-executor-6] INFO  client.GrpcClientProtocolClient (GrpcClientProtocolClient.java:onNext(255)) - client-B268B4322F32->17750241-545b-4219-93a1-14a6ea3d85be: receive RaftClientReply:client-B268B4322F32->17750241-545b-4219-93a1-14a6ea3d85be@group-C33FBD9556F2, cid=2040, SUCCESS, logIndex=0, commits[17750241-545b-4219-93a1-14a6ea3d85be:c3010, 4eaaa090-573e-41d3-9f8c-c99e236d806a:c3005, 5f4cf9ee-4bed-49de-adaa-861aec894328:c3005]
2019-08-23 02:48:23,923 | INFO  | DNAudit | user=null | ip=null | op=WRITE_CHUNK {blockData=conID: 2 locID: 102664012029362723 bcsId: 3007} | ret=SUCCESS |  
2019-08-23 02:48:23,925 | INFO  | DNAudit | user=null | ip=null | op=WRITE_CHUNK {blockData=conID: 2 locID: 102664012029362723 bcsId: 3007} | ret=SUCCESS |  
2019-08-23 02:48:23,925 | INFO  | DNAudit | user=null | ip=null | op=WRITE_CHUNK {blockData=conID: 2 locID: 102664012029362723 bcsId: 3007} | ret=SUCCESS |  
2019-08-23 02:48:23,935 | INFO  | DNAudit | user=null | ip=null | op=WRITE_CHUNK {blockData=conID: 2 locID: 102664012029362723 bcsId: 0} | ret=SUCCESS |  
2019-08-23 02:48:23,935 | INFO  | DNAudit | user=null | ip=null | op=WRITE_CHUNK {blockData=conID: 2 locID: 102664012029362723 bcsId: 0} | ret=SUCCESS |  
2019-08-23 02:48:23,935 | INFO  | DNAudit | user=null | ip=null | op=PUT_BLOCK {blockData=[blockId=conID: 2 locID: 102664012029362723 bcsId: 0,size=2097152]} | ret=SUCCESS |  
2019-08-23 02:48:23,935 | INFO  | DNAudit | user=null | ip=null | op=PUT_BLOCK {blockData=[blockId=conID: 2 locID: 102664012029362723 bcsId: 0,size=2097152]} | ret=SUCCESS |  
2019-08-23 02:48:23,935 | INFO  | DNAudit | user=null | ip=null | op=WRITE_CHUNK {blockData=conID: 2 locID: 102664012029362723 bcsId: 3007} | ret=SUCCESS |  
2019-08-23 02:48:23,936 | INFO  | DNAudit | user=null | ip=null | op=PUT_BLOCK {blockData=[blockId=conID: 2 locID: 102664012029362723 bcsId: 0,size=3145728]} | ret=SUCCESS |  
2019-08-23 02:48:23,936 [grpc-default-executor-6] INFO  client.GrpcClientProtocolClient (GrpcClientProtocolClient.java:onNext(255)) - client-B268B4322F32->17750241-545b-4219-93a1-14a6ea3d85be: receive RaftClientReply:client-B268B4322F32->17750241-545b-4219-93a1-14a6ea3d85be@group-C33FBD9556F2, cid=2041, SUCCESS, logIndex=3012, commits[17750241-545b-4219-93a1-14a6ea3d85be:c3013, 4eaaa090-573e-41d3-9f8c-c99e236d806a:c3011, 5f4cf9ee-4bed-49de-adaa-861aec894328:c3011]
2019-08-23 02:48:23,936 [grpc-default-executor-6] INFO  client.GrpcClientProtocolClient (GrpcClientProtocolClient.java:onNext(255)) - client-B268B4322F32->17750241-545b-4219-93a1-14a6ea3d85be: receive RaftClientReply:client-B268B4322F32->17750241-545b-4219-93a1-14a6ea3d85be@group-C33FBD9556F2, cid=2042, SUCCESS, logIndex=3013, commits[17750241-545b-4219-93a1-14a6ea3d85be:c3013, 4eaaa090-573e-41d3-9f8c-c99e236d806a:c3011, 5f4cf9ee-4bed-49de-adaa-861aec894328:c3011]
2019-08-23 02:48:23,944 | INFO  | DNAudit | user=null | ip=null | op=WRITE_CHUNK {blockData=conID: 2 locID: 102664012029362723 bcsId: 3013} | ret=SUCCESS |  
2019-08-23 02:48:23,946 | INFO  | DNAudit | user=null | ip=null | op=WRITE_CHUNK {blockData=conID: 2 locID: 102664012029362723 bcsId: 3013} | ret=SUCCESS |  
2019-08-23 02:48:23,946 | INFO  | DNAudit | user=null | ip=null | op=WRITE_CHUNK {blockData=conID: 2 locID: 102664012029362723 bcsId: 3013} | ret=SUCCESS |  
2019-08-23 02:48:23,946 | INFO  | DNAudit | user=null | ip=null | op=WRITE_CHUNK {blockData=conID: 2 locID: 102664012029362723 bcsId: 3007} | ret=SUCCESS |  
2019-08-23 02:48:23,946 | INFO  | DNAudit | user=null | ip=null | op=WRITE_CHUNK {blockData=conID: 2 locID: 102664012029362723 bcsId: 3007} | ret=SUCCESS |  
2019-08-23 02:48:23,947 | INFO  | DNAudit | user=null | ip=null | op=PUT_BLOCK {blockData=[blockId=conID: 2 locID: 102664012029362723 bcsId: 0,size=3145728]} | ret=SUCCESS |  
2019-08-23 02:48:23,947 | INFO  | DNAudit | user=null | ip=null | op=PUT_BLOCK {blockData=[blockId=conID: 2 locID: 102664012029362723 bcsId: 0,size=3145728]} | ret=SUCCESS |  
2019-08-23 02:48:23,949 | INFO  | DNAudit | user=null | ip=null | op=WRITE_CHUNK {blockData=conID: 2 locID: 102664012029362723 bcsId: 3013} | ret=SUCCESS |  
2019-08-23 02:48:23,950 | INFO  | DNAudit | user=null | ip=null | op=PUT_BLOCK {blockData=[blockId=conID: 2 locID: 102664012029362723 bcsId: 0,size=4194304]} | ret=SUCCESS |  
2019-08-23 02:48:23,950 [grpc-default-executor-2] INFO  client.GrpcClientProtocolClient (GrpcClientProtocolClient.java:onNext(255)) - client-B268B4322F32->17750241-545b-4219-93a1-14a6ea3d85be: receive RaftClientReply:client-B268B4322F32->17750241-545b-4219-93a1-14a6ea3d85be@group-C33FBD9556F2, cid=2043, SUCCESS, logIndex=3016, commits[17750241-545b-4219-93a1-14a6ea3d85be:c3017, 4eaaa090-573e-41d3-9f8c-c99e236d806a:c3013, 5f4cf9ee-4bed-49de-adaa-861aec894328:c3013]
2019-08-23 02:48:23,950 [grpc-default-executor-2] INFO  client.GrpcClientProtocolClient (GrpcClientProtocolClient.java:onNext(255)) - client-B268B4322F32->17750241-545b-4219-93a1-14a6ea3d85be: receive RaftClientReply:client-B268B4322F32->17750241-545b-4219-93a1-14a6ea3d85be@group-C33FBD9556F2, cid=2044, SUCCESS, logIndex=3017, commits[17750241-545b-4219-93a1-14a6ea3d85be:c3017, 4eaaa090-573e-41d3-9f8c-c99e236d806a:c3013, 5f4cf9ee-4bed-49de-adaa-861aec894328:c3013]
2019-08-23 02:48:23,960 | INFO  | DNAudit | user=null | ip=null | op=WRITE_CHUNK {blockData=conID: 2 locID: 102664012029362723 bcsId: 3013} | ret=SUCCESS |  
2019-08-23 02:48:23,961 | INFO  | DNAudit | user=null | ip=null | op=WRITE_CHUNK {blockData=conID: 2 locID: 102664012029362723 bcsId: 3013} | ret=SUCCESS |  
2019-08-23 02:48:23,962 | INFO  | DNAudit | user=null | ip=null | op=PUT_BLOCK {blockData=[blockId=conID: 2 locID: 102664012029362723 bcsId: 0,size=4194304]} | ret=SUCCESS |  
2019-08-23 02:48:23,962 | INFO  | DNAudit | user=null | ip=null | op=PUT_BLOCK {blockData=[blockId=conID: 2 locID: 102664012029362723 bcsId: 0,size=4194304]} | ret=SUCCESS |  
2019-08-23 02:48:23,963 [grpc-default-executor-6] INFO  client.GrpcClientProtocolClient (GrpcClientProtocolClient.java:onNext(255)) - client-B268B4322F32->17750241-545b-4219-93a1-14a6ea3d85be: receive RaftClientReply:client-B268B4322F32->17750241-545b-4219-93a1-14a6ea3d85be@group-C33FBD9556F2, cid=2045, SUCCESS, logIndex=0, commits[17750241-545b-4219-93a1-14a6ea3d85be:c3019, 4eaaa090-573e-41d3-9f8c-c99e236d806a:c3017, 5f4cf9ee-4bed-49de-adaa-861aec894328:c3017]
2019-08-23 02:48:23,964 | INFO  | SCMAudit | user=jenkins1000 | ip=192.168.34.22 | op=ALLOCATE_BLOCK {owner=31d65bc3-3f70-45f5-bbc5-e3a15f967ba6, size=4194304, type=RATIS, factor=THREE} | ret=SUCCESS |  
2019-08-23 02:48:23,967 | INFO  | OMAudit | user=jenkins1000 | ip=127.0.0.1 | op=ALLOCATE_BLOCK {volume=vol-0-78052, bucket=bucket-0-33874, key=key-0-20719, dataSize=2147483657, replicationType=RATIS, replicationFactor=THREE, keyLocationInfo=[], clientID=102664010308846034} | ret=SUCCESS |  
2019-08-23 02:48:23,976 | INFO  | DNAudit | user=null | ip=null | op=WRITE_CHUNK {blockData=conID: 3 locID: 102664012035785252 bcsId: 0} | ret=SUCCESS |  
2019-08-23 02:48:23,978 | INFO  | DNAudit | user=null | ip=null | op=WRITE_CHUNK {blockData=conID: 3 locID: 102664012035785252 bcsId: 0} | ret=SUCCESS |  
2019-08-23 02:48:23,978 | INFO  | DNAudit | user=null | ip=null | op=WRITE_CHUNK {blockData=conID: 3 locID: 102664012035785252 bcsId: 0} | ret=SUCCESS |  
2019-08-23 02:48:23,978 | INFO  | DNAudit | user=null | ip=null | op=WRITE_CHUNK {blockData=conID: 3 locID: 102664012035785252 bcsId: 0} | ret=SUCCESS |  
2019-08-23 02:48:23,979 | INFO  | DNAudit | user=null | ip=null | op=WRITE_CHUNK {blockData=conID: 3 locID: 102664012035785252 bcsId: 0} | ret=SUCCESS |  
2019-08-23 02:48:23,979 | INFO  | DNAudit | user=null | ip=null | op=WRITE_CHUNK {blockData=conID: 3 locID: 102664012035785252 bcsId: 0} | ret=SUCCESS |  
2019-08-23 02:48:23,989 | INFO  | DNAudit | user=null | ip=null | op=WRITE_CHUNK {blockData=conID: 3 locID: 102664012035785252 bcsId: 0} | ret=SUCCESS |  
2019-08-23 02:48:23,989 | INFO  | DNAudit | user=null | ip=null | op=PUT_BLOCK {blockData=[blockId=conID: 3 locID: 102664012035785252 bcsId: 0,size=1048576]} | ret=SUCCESS |  
2019-08-23 02:48:23,989 [grpc-default-executor-5] INFO  client.GrpcClientProtocolClient (GrpcClientProtocolClient.java:onNext(255)) - client-B268B4322F32->17750241-545b-4219-93a1-14a6ea3d85be: receive RaftClientReply:client-B268B4322F32->17750241-545b-4219-93a1-14a6ea3d85be@group-C33FBD9556F2, cid=2046, SUCCESS, logIndex=3020, commits[17750241-545b-4219-93a1-14a6ea3d85be:c3022, 4eaaa090-573e-41d3-9f8c-c99e236d806a:c3019, 5f4cf9ee-4bed-49de-adaa-861aec894328:c3019]
2019-08-23 02:48:23,990 | INFO  | DNAudit | user=null | ip=null | op=WRITE_CHUNK {blockData=conID: 3 locID: 102664012035785252 bcsId: 0} | ret=SUCCESS |  
2019-08-23 02:48:23,990 [grpc-default-executor-5] INFO  client.GrpcClientProtocolClient (GrpcClientProtocolClient.java:onNext(255)) - client-B268B4322F32->17750241-545b-4219-93a1-14a6ea3d85be: receive RaftClientReply:client-B268B4322F32->17750241-545b-4219-93a1-14a6ea3d85be@group-C33FBD9556F2, cid=2047, SUCCESS, logIndex=3021, commits[17750241-545b-4219-93a1-14a6ea3d85be:c3023, 4eaaa090-573e-41d3-9f8c-c99e236d806a:c3019, 5f4cf9ee-4bed-49de-adaa-861aec894328:c3019]
2019-08-23 02:48:23,990 | INFO  | DNAudit | user=null | ip=null | op=PUT_BLOCK {blockData=[blockId=conID: 3 locID: 102664012035785252 bcsId: 0,size=2097152]} | ret=SUCCESS |  
2019-08-23 02:48:23,990 [grpc-default-executor-5] INFO  client.GrpcClientProtocolClient (GrpcClientProtocolClient.java:onNext(255)) - client-B268B4322F32->17750241-545b-4219-93a1-14a6ea3d85be: receive RaftClientReply:client-B268B4322F32->17750241-545b-4219-93a1-14a6ea3d85be@group-C33FBD9556F2, cid=2048, SUCCESS, logIndex=3022, commits[17750241-545b-4219-93a1-14a6ea3d85be:c3023, 4eaaa090-573e-41d3-9f8c-c99e236d806a:c3019, 5f4cf9ee-4bed-49de-adaa-861aec894328:c3019]
2019-08-23 02:48:23,991 [grpc-default-executor-5] INFO  client.GrpcClientProtocolClient (GrpcClientProtocolClient.java:onNext(255)) - client-B268B4322F32->17750241-545b-4219-93a1-14a6ea3d85be: receive RaftClientReply:client-B268B4322F32->17750241-545b-4219-93a1-14a6ea3d85be@group-C33FBD9556F2, cid=2049, SUCCESS, logIndex=3023, commits[17750241-545b-4219-93a1-14a6ea3d85be:c3023, 4eaaa090-573e-41d3-9f8c-c99e236d806a:c3019, 5f4cf9ee-4bed-49de-adaa-861aec894328:c3019]
2019-08-23 02:48:23,992 | INFO  | DNAudit | user=null | ip=null | op=WRITE_CHUNK {blockData=conID: 3 locID: 102664012035785252 bcsId: 0} | ret=SUCCESS |  
2019-08-23 02:48:23,992 | INFO  | DNAudit | user=null | ip=null | op=WRITE_CHUNK {blockData=conID: 3 locID: 102664012035785252 bcsId: 0} | ret=SUCCESS |  
2019-08-23 02:48:23,992 [grpc-default-executor-5] INFO  client.GrpcClientProtocolClient (GrpcClientProtocolClient.java:onNext(255)) - client-B268B4322F32->17750241-545b-4219-93a1-14a6ea3d85be: receive RaftClientReply:client-B268B4322F32->17750241-545b-4219-93a1-14a6ea3d85be@group-C33FBD9556F2, cid=2050, SUCCESS, logIndex=0, commits[17750241-545b-4219-93a1-14a6ea3d85be:c3024, 4eaaa090-573e-41d3-9f8c-c99e236d806a:c3021, 5f4cf9ee-4bed-49de-adaa-861aec894328:c3021]
2019-08-23 02:48:23,993 | INFO  | DNAudit | user=null | ip=null | op=PUT_BLOCK {blockData=[blockId=conID: 3 locID: 102664012035785252 bcsId: 0,size=1048576]} | ret=SUCCESS |  
2019-08-23 02:48:23,993 | INFO  | DNAudit | user=null | ip=null | op=PUT_BLOCK {blockData=[blockId=conID: 3 locID: 102664012035785252 bcsId: 0,size=1048576]} | ret=SUCCESS |  
2019-08-23 02:48:23,995 | INFO  | DNAudit | user=null | ip=null | op=WRITE_CHUNK {blockData=conID: 3 locID: 102664012035785252 bcsId: 0} | ret=SUCCESS |  
2019-08-23 02:48:23,995 | INFO  | DNAudit | user=null | ip=null | op=WRITE_CHUNK {blockData=conID: 3 locID: 102664012035785252 bcsId: 0} | ret=SUCCESS |  
2019-08-23 02:48:23,995 | INFO  | DNAudit | user=null | ip=null | op=PUT_BLOCK {blockData=[blockId=conID: 3 locID: 102664012035785252 bcsId: 0,size=2097152]} | ret=SUCCESS |  
2019-08-23 02:48:23,995 | INFO  | DNAudit | user=null | ip=null | op=PUT_BLOCK {blockData=[blockId=conID: 3 locID: 102664012035785252 bcsId: 0,size=2097152]} | ret=SUCCESS |  
2019-08-23 02:48:23,998 | INFO  | DNAudit | user=null | ip=null | op=WRITE_CHUNK {blockData=conID: 3 locID: 102664012035785252 bcsId: 3023} | ret=SUCCESS |  
2019-08-23 02:48:24,000 | INFO  | DNAudit | user=null | ip=null | op=WRITE_CHUNK {blockData=conID: 3 locID: 102664012035785252 bcsId: 3023} | ret=SUCCESS |  
2019-08-23 02:48:24,000 | INFO  | DNAudit | user=null | ip=null | op=WRITE_CHUNK {blockData=conID: 3 locID: 102664012035785252 bcsId: 3023} | ret=SUCCESS |  
2019-08-23 02:48:24,010 | INFO  | DNAudit | user=null | ip=null | op=WRITE_CHUNK {blockData=conID: 3 locID: 102664012035785252 bcsId: 3023} | ret=SUCCESS |  
2019-08-23 02:48:24,011 | INFO  | DNAudit | user=null | ip=null | op=PUT_BLOCK {blockData=[blockId=conID: 3 locID: 102664012035785252 bcsId: 0,size=3145728]} | ret=SUCCESS |  
2019-08-23 02:48:24,011 [grpc-default-executor-1] INFO  client.GrpcClientProtocolClient (GrpcClientProtocolClient.java:onNext(255)) - client-B268B4322F32->17750241-545b-4219-93a1-14a6ea3d85be: receive RaftClientReply:client-B268B4322F32->17750241-545b-4219-93a1-14a6ea3d85be@group-C33FBD9556F2, cid=2051, SUCCESS, logIndex=3028, commits[17750241-545b-4219-93a1-14a6ea3d85be:c3029, 4eaaa090-573e-41d3-9f8c-c99e236d806a:c3027, 5f4cf9ee-4bed-49de-adaa-861aec894328:c3027]
2019-08-23 02:48:24,011 | INFO  | DNAudit | user=null | ip=null | op=WRITE_CHUNK {blockData=conID: 3 locID: 102664012035785252 bcsId: 3023} | ret=SUCCESS |  
2019-08-23 02:48:24,011 [grpc-default-executor-1] INFO  client.GrpcClientProtocolClient (GrpcClientProtocolClient.java:onNext(255)) - client-B268B4322F32->17750241-545b-4219-93a1-14a6ea3d85be: receive RaftClientReply:client-B268B4322F32->17750241-545b-4219-93a1-14a6ea3d85be@group-C33FBD9556F2, cid=2052, SUCCESS, logIndex=3029, commits[17750241-545b-4219-93a1-14a6ea3d85be:c3029, 4eaaa090-573e-41d3-9f8c-c99e236d806a:c3027, 5f4cf9ee-4bed-49de-adaa-861aec894328:c3027]
2019-08-23 02:48:24,012 | INFO  | DNAudit | user=null | ip=null | op=WRITE_CHUNK {blockData=conID: 3 locID: 102664012035785252 bcsId: 3023} | ret=SUCCESS |  
2019-08-23 02:48:24,012 | INFO  | DNAudit | user=null | ip=null | op=PUT_BLOCK {blockData=[blockId=conID: 3 locID: 102664012035785252 bcsId: 0,size=3145728]} | ret=SUCCESS |  
2019-08-23 02:48:24,012 | INFO  | DNAudit | user=null | ip=null | op=PUT_BLOCK {blockData=[blockId=conID: 3 locID: 102664012035785252 bcsId: 0,size=3145728]} | ret=SUCCESS |  
2019-08-23 02:48:24,113 | INFO  | DNAudit | user=null | ip=null | op=WRITE_CHUNK {blockData=conID: 3 locID: 102664012035785252 bcsId: 3029} | ret=SUCCESS |  
2019-08-23 02:48:24,116 | INFO  | DNAudit | user=null | ip=null | op=WRITE_CHUNK {blockData=conID: 3 locID: 102664012035785252 bcsId: 3029} | ret=SUCCESS |  
2019-08-23 02:48:24,117 | INFO  | DNAudit | user=null | ip=null | op=WRITE_CHUNK {blockData=conID: 3 locID: 102664012035785252 bcsId: 3029} | ret=SUCCESS |  
2019-08-23 02:48:24,127 | INFO  | DNAudit | user=null | ip=null | op=WRITE_CHUNK {blockData=conID: 3 locID: 102664012035785252 bcsId: 3029} | ret=SUCCESS |  
2019-08-23 02:48:24,127 | INFO  | DNAudit | user=null | ip=null | op=PUT_BLOCK {blockData=[blockId=conID: 3 locID: 102664012035785252 bcsId: 0,size=4194304]} | ret=SUCCESS |  
2019-08-23 02:48:24,127 [grpc-default-executor-1] INFO  client.GrpcClientProtocolClient (GrpcClientProtocolClient.java:onNext(255)) - client-B268B4322F32->17750241-545b-4219-93a1-14a6ea3d85be: receive RaftClientReply:client-B268B4322F32->17750241-545b-4219-93a1-14a6ea3d85be@group-C33FBD9556F2, cid=2053, SUCCESS, logIndex=3032, commits[17750241-545b-4219-93a1-14a6ea3d85be:c3033, 4eaaa090-573e-41d3-9f8c-c99e236d806a:c3031, 5f4cf9ee-4bed-49de-adaa-861aec894328:c3031]
2019-08-23 02:48:24,128 [grpc-default-executor-1] INFO  client.GrpcClientProtocolClient (GrpcClientProtocolClient.java:onNext(255)) - client-B268B4322F32->17750241-545b-4219-93a1-14a6ea3d85be: receive RaftClientReply:client-B268B4322F32->17750241-545b-4219-93a1-14a6ea3d85be@group-C33FBD9556F2, cid=2054, SUCCESS, logIndex=3033, commits[17750241-545b-4219-93a1-14a6ea3d85be:c3033, 4eaaa090-573e-41d3-9f8c-c99e236d806a:c3031, 5f4cf9ee-4bed-49de-adaa-861aec894328:c3031]
2019-08-23 02:48:24,138 | INFO  | DNAudit | user=null | ip=null | op=WRITE_CHUNK {blockData=conID: 3 locID: 102664012035785252 bcsId: 3029} | ret=SUCCESS |  
2019-08-23 02:48:24,138 | INFO  | DNAudit | user=null | ip=null | op=WRITE_CHUNK {blockData=conID: 3 locID: 102664012035785252 bcsId: 3029} | ret=SUCCESS |  
2019-08-23 02:48:24,141 | INFO  | DNAudit | user=null | ip=null | op=PUT_BLOCK {blockData=[blockId=conID: 3 locID: 102664012035785252 bcsId: 0,size=4194304]} | ret=SUCCESS |  
2019-08-23 02:48:24,141 | INFO  | DNAudit | user=null | ip=null | op=PUT_BLOCK {blockData=[blockId=conID: 3 locID: 102664012035785252 bcsId: 0,size=4194304]} | ret=SUCCESS |  
2019-08-23 02:48:24,141 [grpc-default-executor-5] INFO  client.GrpcClientProtocolClient (GrpcClientProtocolClient.java:onNext(255)) - client-B268B4322F32->17750241-545b-4219-93a1-14a6ea3d85be: receive RaftClientReply:client-B268B4322F32->17750241-545b-4219-93a1-14a6ea3d85be@group-C33FBD9556F2, cid=2055, SUCCESS, logIndex=0, commits[17750241-545b-4219-93a1-14a6ea3d85be:c3035, 4eaaa090-573e-41d3-9f8c-c99e236d806a:c3033, 5f4cf9ee-4bed-49de-adaa-861aec894328:c3033]
2019-08-23 02:48:24,143 | INFO  | SCMAudit | user=jenkins1000 | ip=192.168.34.22 | op=ALLOCATE_BLOCK {owner=31d65bc3-3f70-45f5-bbc5-e3a15f967ba6, size=4194304, type=RATIS, factor=THREE} | ret=SUCCESS |  
2019-08-23 02:48:24,148 | INFO  | OMAudit | user=jenkins1000 | ip=127.0.0.1 | op=ALLOCATE_BLOCK {volume=vol-0-78052, bucket=bucket-0-33874, key=key-0-20719, dataSize=2147483657, replicationType=RATIS, replicationFactor=THREE, keyLocationInfo=[], clientID=102664010308846034} | ret=SUCCESS |  
2019-08-23 02:48:24,158 | INFO  | DNAudit | user=null | ip=null | op=WRITE_CHUNK {blockData=conID: 1 locID: 102664012047516197 bcsId: 0} | ret=SUCCESS |  
2019-08-23 02:48:24,160 | INFO  | DNAudit | user=null | ip=null | op=WRITE_CHUNK {blockData=conID: 1 locID: 102664012047516197 bcsId: 0} | ret=SUCCESS |  
2019-08-23 02:48:24,161 | INFO  | DNAudit | user=null | ip=null | op=WRITE_CHUNK {blockData=conID: 1 locID: 102664012047516197 bcsId: 0} | ret=SUCCESS |  
2019-08-23 02:48:24,161 | INFO  | DNAudit | user=null | ip=null | op=WRITE_CHUNK {blockData=conID: 1 locID: 102664012047516197 bcsId: 0} | ret=SUCCESS |  
2019-08-23 02:48:24,164 | INFO  | DNAudit | user=null | ip=null | op=WRITE_CHUNK {blockData=conID: 1 locID: 102664012047516197 bcsId: 0} | ret=SUCCESS |  
2019-08-23 02:48:24,164 | INFO  | DNAudit | user=null | ip=null | op=WRITE_CHUNK {blockData=conID: 1 locID: 102664012047516197 bcsId: 0} | ret=SUCCESS |  
2019-08-23 02:48:24,171 | INFO  | DNAudit | user=null | ip=null | op=WRITE_CHUNK {blockData=conID: 1 locID: 102664012047516197 bcsId: 0} | ret=SUCCESS |  
2019-08-23 02:48:24,171 | INFO  | DNAudit | user=null | ip=null | op=PUT_BLOCK {blockData=[blockId=conID: 1 locID: 102664012047516197 bcsId: 0,size=1048576]} | ret=SUCCESS |  
2019-08-23 02:48:24,171 [grpc-default-executor-1] INFO  client.GrpcClientProtocolClient (GrpcClientProtocolClient.java:onNext(255)) - client-B268B4322F32->17750241-545b-4219-93a1-14a6ea3d85be: receive RaftClientReply:client-B268B4322F32->17750241-545b-4219-93a1-14a6ea3d85be@group-C33FBD9556F2, cid=2056, SUCCESS, logIndex=3036, commits[17750241-545b-4219-93a1-14a6ea3d85be:c3037, 4eaaa090-573e-41d3-9f8c-c99e236d806a:c3035, 5f4cf9ee-4bed-49de-adaa-861aec894328:c3035]
2019-08-23 02:48:24,172 | INFO  | DNAudit | user=null | ip=null | op=WRITE_CHUNK {blockData=conID: 1 locID: 102664012047516197 bcsId: 0} | ret=SUCCESS |  
2019-08-23 02:48:24,172 [grpc-default-executor-1] INFO  client.GrpcClientProtocolClient (GrpcClientProtocolClient.java:onNext(255)) - client-B268B4322F32->17750241-545b-4219-93a1-14a6ea3d85be: receive RaftClientReply:client-B268B4322F32->17750241-545b-4219-93a1-14a6ea3d85be@group-C33FBD9556F2, cid=2057, SUCCESS, logIndex=3037, commits[17750241-545b-4219-93a1-14a6ea3d85be:c3037, 4eaaa090-573e-41d3-9f8c-c99e236d806a:c3035, 5f4cf9ee-4bed-49de-adaa-861aec894328:c3035]
2019-08-23 02:48:24,172 | INFO  | DNAudit | user=null | ip=null | op=PUT_BLOCK {blockData=[blockId=conID: 1 locID: 102664012047516197 bcsId: 0,size=2097152]} | ret=SUCCESS |  
2019-08-23 02:48:24,172 [grpc-default-executor-1] INFO  client.GrpcClientProtocolClient (GrpcClientProtocolClient.java:onNext(255)) - client-B268B4322F32->17750241-545b-4219-93a1-14a6ea3d85be: receive RaftClientReply:client-B268B4322F32->17750241-545b-4219-93a1-14a6ea3d85be@group-C33FBD9556F2, cid=2058, SUCCESS, logIndex=3038, commits[17750241-545b-4219-93a1-14a6ea3d85be:c3039, 4eaaa090-573e-41d3-9f8c-c99e236d806a:c3035, 5f4cf9ee-4bed-49de-adaa-861aec894328:c3035]
2019-08-23 02:48:24,173 [grpc-default-executor-1] INFO  client.GrpcClientProtocolClient (GrpcClientProtocolClient.java:onNext(255)) - client-B268B4322F32->17750241-545b-4219-93a1-14a6ea3d85be: receive RaftClientReply:client-B268B4322F32->17750241-545b-4219-93a1-14a6ea3d85be@group-C33FBD9556F2, cid=2059, SUCCESS, logIndex=3039, commits[17750241-545b-4219-93a1-14a6ea3d85be:c3039, 4eaaa090-573e-41d3-9f8c-c99e236d806a:c3035, 5f4cf9ee-4bed-49de-adaa-861aec894328:c3035]
2019-08-23 02:48:24,184 | INFO  | DNAudit | user=null | ip=null | op=WRITE_CHUNK {blockData=conID: 1 locID: 102664012047516197 bcsId: 0} | ret=SUCCESS |  
2019-08-23 02:48:24,185 | INFO  | DNAudit | user=null | ip=null | op=PUT_BLOCK {blockData=[blockId=conID: 1 locID: 102664012047516197 bcsId: 0,size=1048576]} | ret=SUCCESS |  
2019-08-23 02:48:24,185 | INFO  | DNAudit | user=null | ip=null | op=WRITE_CHUNK {blockData=conID: 1 locID: 102664012047516197 bcsId: 0} | ret=SUCCESS |  
2019-08-23 02:48:24,185 | INFO  | DNAudit | user=null | ip=null | op=PUT_BLOCK {blockData=[blockId=conID: 1 locID: 102664012047516197 bcsId: 0,size=1048576]} | ret=SUCCESS |  
2019-08-23 02:48:24,185 | INFO  | DNAudit | user=null | ip=null | op=WRITE_CHUNK {blockData=conID: 1 locID: 102664012047516197 bcsId: 0} | ret=SUCCESS |  
2019-08-23 02:48:24,185 | INFO  | DNAudit | user=null | ip=null | op=PUT_BLOCK {blockData=[blockId=conID: 1 locID: 102664012047516197 bcsId: 0,size=2097152]} | ret=SUCCESS |  
2019-08-23 02:48:24,185 [grpc-default-executor-6] INFO  client.GrpcClientProtocolClient (GrpcClientProtocolClient.java:onNext(255)) - client-B268B4322F32->17750241-545b-4219-93a1-14a6ea3d85be: receive RaftClientReply:client-B268B4322F32->17750241-545b-4219-93a1-14a6ea3d85be@group-C33FBD9556F2, cid=2060, SUCCESS, logIndex=0, commits[17750241-545b-4219-93a1-14a6ea3d85be:c3041, 4eaaa090-573e-41d3-9f8c-c99e236d806a:c3037, 5f4cf9ee-4bed-49de-adaa-861aec894328:c3037]
2019-08-23 02:48:24,186 | INFO  | DNAudit | user=null | ip=null | op=WRITE_CHUNK {blockData=conID: 1 locID: 102664012047516197 bcsId: 0} | ret=SUCCESS |  
2019-08-23 02:48:24,186 | INFO  | DNAudit | user=null | ip=null | op=PUT_BLOCK {blockData=[blockId=conID: 1 locID: 102664012047516197 bcsId: 0,size=2097152]} | ret=SUCCESS |  
2019-08-23 02:48:24,192 | INFO  | DNAudit | user=null | ip=null | op=WRITE_CHUNK {blockData=conID: 1 locID: 102664012047516197 bcsId: 3039} | ret=SUCCESS |  
2019-08-23 02:48:24,195 | INFO  | DNAudit | user=null | ip=null | op=WRITE_CHUNK {blockData=conID: 1 locID: 102664012047516197 bcsId: 3039} | ret=SUCCESS |  
2019-08-23 02:48:24,195 | INFO  | DNAudit | user=null | ip=null | op=WRITE_CHUNK {blockData=conID: 1 locID: 102664012047516197 bcsId: 3039} | ret=SUCCESS |  
2019-08-23 02:48:24,204 | INFO  | DNAudit | user=null | ip=null | op=WRITE_CHUNK {blockData=conID: 1 locID: 102664012047516197 bcsId: 3039} | ret=SUCCESS |  
2019-08-23 02:48:24,204 | INFO  | DNAudit | user=null | ip=null | op=PUT_BLOCK {blockData=[blockId=conID: 1 locID: 102664012047516197 bcsId: 0,size=3145728]} | ret=SUCCESS |  
2019-08-23 02:48:24,205 [grpc-default-executor-2] INFO  client.GrpcClientProtocolClient (GrpcClientProtocolClient.java:onNext(255)) - client-B268B4322F32->17750241-545b-4219-93a1-14a6ea3d85be: receive RaftClientReply:client-B268B4322F32->17750241-545b-4219-93a1-14a6ea3d85be@group-C33FBD9556F2, cid=2061, SUCCESS, logIndex=3044, commits[17750241-545b-4219-93a1-14a6ea3d85be:c3045, 4eaaa090-573e-41d3-9f8c-c99e236d806a:c3043, 5f4cf9ee-4bed-49de-adaa-861aec894328:c3043]
2019-08-23 02:48:24,205 [grpc-default-executor-2] INFO  client.GrpcClientProtocolClient (GrpcClientProtocolClient.java:onNext(255)) - client-B268B4322F32->17750241-545b-4219-93a1-14a6ea3d85be: receive RaftClientReply:client-B268B4322F32->17750241-545b-4219-93a1-14a6ea3d85be@group-C33FBD9556F2, cid=2062, SUCCESS, logIndex=3045, commits[17750241-545b-4219-93a1-14a6ea3d85be:c3045, 4eaaa090-573e-41d3-9f8c-c99e236d806a:c3043, 5f4cf9ee-4bed-49de-adaa-861aec894328:c3043]
2019-08-23 02:48:24,210 | INFO  | DNAudit | user=null | ip=null | op=WRITE_CHUNK {blockData=conID: 1 locID: 102664012047516197 bcsId: 3045} | ret=SUCCESS |  
2019-08-23 02:48:24,212 | INFO  | DNAudit | user=null | ip=null | op=WRITE_CHUNK {blockData=conID: 1 locID: 102664012047516197 bcsId: 3045} | ret=SUCCESS |  
2019-08-23 02:48:24,213 | INFO  | DNAudit | user=null | ip=null | op=WRITE_CHUNK {blockData=conID: 1 locID: 102664012047516197 bcsId: 3045} | ret=SUCCESS |  
2019-08-23 02:48:24,215 | INFO  | DNAudit | user=null | ip=null | op=WRITE_CHUNK {blockData=conID: 1 locID: 102664012047516197 bcsId: 3039} | ret=SUCCESS |  
2019-08-23 02:48:24,218 | INFO  | DNAudit | user=null | ip=null | op=WRITE_CHUNK {blockData=conID: 1 locID: 102664012047516197 bcsId: 3039} | ret=SUCCESS |  
2019-08-23 02:48:24,219 | INFO  | DNAudit | user=null | ip=null | op=PUT_BLOCK {blockData=[blockId=conID: 1 locID: 102664012047516197 bcsId: 0,size=3145728]} | ret=SUCCESS |  
2019-08-23 02:48:24,219 | INFO  | DNAudit | user=null | ip=null | op=PUT_BLOCK {blockData=[blockId=conID: 1 locID: 102664012047516197 bcsId: 0,size=3145728]} | ret=SUCCESS |  
2019-08-23 02:48:24,219 | INFO  | DNAudit | user=null | ip=null | op=WRITE_CHUNK {blockData=conID: 1 locID: 102664012047516197 bcsId: 3045} | ret=SUCCESS |  
2019-08-23 02:48:24,220 | INFO  | DNAudit | user=null | ip=null | op=PUT_BLOCK {blockData=[blockId=conID: 1 locID: 102664012047516197 bcsId: 0,size=4194304]} | ret=SUCCESS |  
2019-08-23 02:48:24,220 [grpc-default-executor-2] INFO  client.GrpcClientProtocolClient (GrpcClientProtocolClient.java:onNext(255)) - client-B268B4322F32->17750241-545b-4219-93a1-14a6ea3d85be: receive RaftClientReply:client-B268B4322F32->17750241-545b-4219-93a1-14a6ea3d85be@group-C33FBD9556F2, cid=2063, SUCCESS, logIndex=3048, commits[17750241-545b-4219-93a1-14a6ea3d85be:c3049, 4eaaa090-573e-41d3-9f8c-c99e236d806a:c3045, 5f4cf9ee-4bed-49de-adaa-861aec894328:c3045]
2019-08-23 02:48:24,220 [grpc-default-executor-2] INFO  client.GrpcClientProtocolClient (GrpcClientProtocolClient.java:onNext(255)) - client-B268B4322F32->17750241-545b-4219-93a1-14a6ea3d85be: receive RaftClientReply:client-B268B4322F32->17750241-545b-4219-93a1-14a6ea3d85be@group-C33FBD9556F2, cid=2064, SUCCESS, logIndex=3049, commits[17750241-545b-4219-93a1-14a6ea3d85be:c3049, 4eaaa090-573e-41d3-9f8c-c99e236d806a:c3045, 5f4cf9ee-4bed-49de-adaa-861aec894328:c3045]
2019-08-23 02:48:24,231 | INFO  | DNAudit | user=null | ip=null | op=WRITE_CHUNK {blockData=conID: 1 locID: 102664012047516197 bcsId: 3045} | ret=SUCCESS |  
2019-08-23 02:48:24,231 | INFO  | DNAudit | user=null | ip=null | op=WRITE_CHUNK {blockData=conID: 1 locID: 102664012047516197 bcsId: 3045} | ret=SUCCESS |  
2019-08-23 02:48:24,234 | INFO  | DNAudit | user=null | ip=null | op=PUT_BLOCK {blockData=[blockId=conID: 1 locID: 102664012047516197 bcsId: 0,size=4194304]} | ret=SUCCESS |  
2019-08-23 02:48:24,234 | INFO  | DNAudit | user=null | ip=null | op=PUT_BLOCK {blockData=[blockId=conID: 1 locID: 102664012047516197 bcsId: 0,size=4194304]} | ret=SUCCESS |  
2019-08-23 02:48:24,234 [grpc-default-executor-6] INFO  client.GrpcClientProtocolClient (GrpcClientProtocolClient.java:onNext(255)) - client-B268B4322F32->17750241-545b-4219-93a1-14a6ea3d85be: receive RaftClientReply:client-B268B4322F32->17750241-545b-4219-93a1-14a6ea3d85be@group-C33FBD9556F2, cid=2065, SUCCESS, logIndex=0, commits[17750241-545b-4219-93a1-14a6ea3d85be:c3051, 4eaaa090-573e-41d3-9f8c-c99e236d806a:c3049, 5f4cf9ee-4bed-49de-adaa-861aec894328:c3049]
2019-08-23 02:48:24,236 | INFO  | SCMAudit | user=jenkins1000 | ip=192.168.34.22 | op=ALLOCATE_BLOCK {owner=31d65bc3-3f70-45f5-bbc5-e3a15f967ba6, size=4194304, type=RATIS, factor=THREE} | ret=SUCCESS |  
2019-08-23 02:48:24,237 | INFO  | SCMAudit | user=jenkins1000 | ip=192.168.34.22 | op=SEND_HEARTBEAT {datanodeUUID=66ab6a68-e61f-4535-ab2f-12fe560929ed, command=[]} | ret=SUCCESS |  
 0.00% |█                                                                                                    |  0/1 Time: 0:00:262019-08-23 02:48:24,240 | INFO  | SCMAudit | user=jenkins1000 | ip=192.168.34.22 | op=SEND_HEARTBEAT {datanodeUUID=0cedf437-a8af-4d70-bac5-ea9863093e86, command=[]} | ret=SUCCESS |  
2019-08-23 02:48:24,242 | INFO  | OMAudit | user=jenkins1000 | ip=127.0.0.1 | op=ALLOCATE_BLOCK {volume=vol-0-78052, bucket=bucket-0-33874, key=key-0-20719, dataSize=2147483657, replicationType=RATIS, replicationFactor=THREE, keyLocationInfo=[], clientID=102664010308846034} | ret=SUCCESS |  
2019-08-23 02:48:24,251 | INFO  | DNAudit | user=null | ip=null | op=WRITE_CHUNK {blockData=conID: 2 locID: 102664012053611046 bcsId: 0} | ret=SUCCESS |  
2019-08-23 02:48:24,252 | INFO  | DNAudit | user=null | ip=null | op=WRITE_CHUNK {blockData=conID: 2 locID: 102664012053611046 bcsId: 0} | ret=SUCCESS |  
2019-08-23 02:48:24,253 | INFO  | DNAudit | user=null | ip=null | op=WRITE_CHUNK {blockData=conID: 2 locID: 102664012053611046 bcsId: 0} | ret=SUCCESS |  
2019-08-23 02:48:24,253 | INFO  | DNAudit | user=null | ip=null | op=WRITE_CHUNK {blockData=conID: 2 locID: 102664012053611046 bcsId: 0} | ret=SUCCESS |  
2019-08-23 02:48:24,254 | INFO  | DNAudit | user=null | ip=null | op=WRITE_CHUNK {blockData=conID: 2 locID: 102664012053611046 bcsId: 0} | ret=SUCCESS |  
2019-08-23 02:48:24,255 | INFO  | DNAudit | user=null | ip=null | op=WRITE_CHUNK {blockData=conID: 2 locID: 102664012053611046 bcsId: 0} | ret=SUCCESS |  
2019-08-23 02:48:24,263 | INFO  | DNAudit | user=null | ip=null | op=WRITE_CHUNK {blockData=conID: 2 locID: 102664012053611046 bcsId: 0} | ret=SUCCESS |  
2019-08-23 02:48:24,264 | INFO  | DNAudit | user=null | ip=null | op=PUT_BLOCK {blockData=[blockId=conID: 2 locID: 102664012053611046 bcsId: 0,size=1048576]} | ret=SUCCESS |  
2019-08-23 02:48:24,264 | INFO  | DNAudit | user=null | ip=null | op=WRITE_CHUNK {blockData=conID: 2 locID: 102664012053611046 bcsId: 0} | ret=SUCCESS |  
2019-08-23 02:48:24,264 [grpc-default-executor-1] INFO  client.GrpcClientProtocolClient (GrpcClientProtocolClient.java:onNext(255)) - client-B268B4322F32->17750241-545b-4219-93a1-14a6ea3d85be: receive RaftClientReply:client-B268B4322F32->17750241-545b-4219-93a1-14a6ea3d85be@group-C33FBD9556F2, cid=2066, SUCCESS, logIndex=3052, commits[17750241-545b-4219-93a1-14a6ea3d85be:c3053, 4eaaa090-573e-41d3-9f8c-c99e236d806a:c3051, 5f4cf9ee-4bed-49de-adaa-861aec894328:c3051]
2019-08-23 02:48:24,264 | INFO  | DNAudit | user=null | ip=null | op=PUT_BLOCK {blockData=[blockId=conID: 2 locID: 102664012053611046 bcsId: 0,size=2097152]} | ret=SUCCESS |  
2019-08-23 02:48:24,264 | INFO  | DNAudit | user=null | ip=null | op=WRITE_CHUNK {blockData=conID: 2 locID: 102664012053611046 bcsId: 0} | ret=SUCCESS |  
2019-08-23 02:48:24,264 [grpc-default-executor-1] INFO  client.GrpcClientProtocolClient (GrpcClientProtocolClient.java:onNext(255)) - client-B268B4322F32->17750241-545b-4219-93a1-14a6ea3d85be: receive RaftClientReply:client-B268B4322F32->17750241-545b-4219-93a1-14a6ea3d85be@group-C33FBD9556F2, cid=2067, SUCCESS, logIndex=3053, commits[17750241-545b-4219-93a1-14a6ea3d85be:c3055, 4eaaa090-573e-41d3-9f8c-c99e236d806a:c3051, 5f4cf9ee-4bed-49de-adaa-861aec894328:c3051]
2019-08-23 02:48:24,265 [grpc-default-executor-1] INFO  client.GrpcClientProtocolClient (GrpcClientProtocolClient.java:onNext(255)) - client-B268B4322F32->17750241-545b-4219-93a1-14a6ea3d85be: receive RaftClientReply:client-B268B4322F32->17750241-545b-4219-93a1-14a6ea3d85be@group-C33FBD9556F2, cid=2068, SUCCESS, logIndex=3054, commits[17750241-545b-4219-93a1-14a6ea3d85be:c3055, 4eaaa090-573e-41d3-9f8c-c99e236d806a:c3051, 5f4cf9ee-4bed-49de-adaa-861aec894328:c3051]
2019-08-23 02:48:24,265 | INFO  | DNAudit | user=null | ip=null | op=WRITE_CHUNK {blockData=conID: 2 locID: 102664012053611046 bcsId: 0} | ret=SUCCESS |  
2019-08-23 02:48:24,265 [grpc-default-executor-1] INFO  client.GrpcClientProtocolClient (GrpcClientProtocolClient.java:onNext(255)) - client-B268B4322F32->17750241-545b-4219-93a1-14a6ea3d85be: receive RaftClientReply:client-B268B4322F32->17750241-545b-4219-93a1-14a6ea3d85be@group-C33FBD9556F2, cid=2069, SUCCESS, logIndex=3055, commits[17750241-545b-4219-93a1-14a6ea3d85be:c3056, 4eaaa090-573e-41d3-9f8c-c99e236d806a:c3051, 5f4cf9ee-4bed-49de-adaa-861aec894328:c3052]
2019-08-23 02:48:24,265 | INFO  | DNAudit | user=null | ip=null | op=PUT_BLOCK {blockData=[blockId=conID: 2 locID: 102664012053611046 bcsId: 0,size=1048576]} | ret=SUCCESS |  
2019-08-23 02:48:24,267 | INFO  | DNAudit | user=null | ip=null | op=PUT_BLOCK {blockData=[blockId=conID: 2 locID: 102664012053611046 bcsId: 0,size=1048576]} | ret=SUCCESS |  
2019-08-23 02:48:24,267 | INFO  | DNAudit | user=null | ip=null | op=WRITE_CHUNK {blockData=conID: 2 locID: 102664012053611046 bcsId: 0} | ret=SUCCESS |  
2019-08-23 02:48:24,268 [grpc-default-executor-1] INFO  client.GrpcClientProtocolClient (GrpcClientProtocolClient.java:onNext(255)) - client-B268B4322F32->17750241-545b-4219-93a1-14a6ea3d85be: receive RaftClientReply:client-B268B4322F32->17750241-545b-4219-93a1-14a6ea3d85be@group-C33FBD9556F2, cid=2070, SUCCESS, logIndex=0, commits[17750241-545b-4219-93a1-14a6ea3d85be:c3057, 4eaaa090-573e-41d3-9f8c-c99e236d806a:c3053, 5f4cf9ee-4bed-49de-adaa-861aec894328:c3053]
2019-08-23 02:48:24,268 | INFO  | DNAudit | user=null | ip=null | op=PUT_BLOCK {blockData=[blockId=conID: 2 locID: 102664012053611046 bcsId: 0,size=2097152]} | ret=SUCCESS |  
2019-08-23 02:48:24,273 | INFO  | DNAudit | user=null | ip=null | op=WRITE_CHUNK {blockData=conID: 2 locID: 102664012053611046 bcsId: 3055} | ret=SUCCESS |  
2019-08-23 02:48:24,275 | INFO  | DNAudit | user=null | ip=null | op=WRITE_CHUNK {blockData=conID: 2 locID: 102664012053611046 bcsId: 3055} | ret=SUCCESS |  
2019-08-23 02:48:24,275 | INFO  | DNAudit | user=null | ip=null | op=WRITE_CHUNK {blockData=conID: 2 locID: 102664012053611046 bcsId: 3055} | ret=SUCCESS |  
2019-08-23 02:48:24,278 | INFO  | DNAudit | user=null | ip=null | op=WRITE_CHUNK {blockData=conID: 2 locID: 102664012053611046 bcsId: 0} | ret=SUCCESS |  
2019-08-23 02:48:24,278 | INFO  | DNAudit | user=null | ip=null | op=PUT_BLOCK {blockData=[blockId=conID: 2 locID: 102664012053611046 bcsId: 0,size=2097152]} | ret=SUCCESS |  
2019-08-23 02:48:24,280 | INFO  | DNAudit | user=null | ip=null | op=WRITE_CHUNK {blockData=conID: 2 locID: 102664012053611046 bcsId: 3055} | ret=SUCCESS |  
2019-08-23 02:48:24,281 | INFO  | DNAudit | user=null | ip=null | op=PUT_BLOCK {blockData=[blockId=conID: 2 locID: 102664012053611046 bcsId: 0,size=3145728]} | ret=SUCCESS |  
2019-08-23 02:48:24,281 [grpc-default-executor-1] INFO  client.GrpcClientProtocolClient (GrpcClientProtocolClient.java:onNext(255)) - client-B268B4322F32->17750241-545b-4219-93a1-14a6ea3d85be: receive RaftClientReply:client-B268B4322F32->17750241-545b-4219-93a1-14a6ea3d85be@group-C33FBD9556F2, cid=2071, SUCCESS, logIndex=3060, commits[17750241-545b-4219-93a1-14a6ea3d85be:c3061, 4eaaa090-573e-41d3-9f8c-c99e236d806a:c3055, 5f4cf9ee-4bed-49de-adaa-861aec894328:c3059]
2019-08-23 02:48:24,281 [grpc-default-executor-1] INFO  client.GrpcClientProtocolClient (GrpcClientProtocolClient.java:onNext(255)) - client-B268B4322F32->17750241-545b-4219-93a1-14a6ea3d85be: receive RaftClientReply:client-B268B4322F32->17750241-545b-4219-93a1-14a6ea3d85be@group-C33FBD9556F2, cid=2072, SUCCESS, logIndex=3061, commits[17750241-545b-4219-93a1-14a6ea3d85be:c3061, 4eaaa090-573e-41d3-9f8c-c99e236d806a:c3055, 5f4cf9ee-4bed-49de-adaa-861aec894328:c3059]
2019-08-23 02:48:24,287 | INFO  | DNAudit | user=null | ip=null | op=WRITE_CHUNK {blockData=conID: 2 locID: 102664012053611046 bcsId: 3061} | ret=SUCCESS |  
2019-08-23 02:48:24,288 | INFO  | DNAudit | user=null | ip=null | op=WRITE_CHUNK {blockData=conID: 2 locID: 102664012053611046 bcsId: 3061} | ret=SUCCESS |  
2019-08-23 02:48:24,289 | INFO  | DNAudit | user=null | ip=null | op=WRITE_CHUNK {blockData=conID: 2 locID: 102664012053611046 bcsId: 3061} | ret=SUCCESS |  
2019-08-23 02:48:24,293 | INFO  | DNAudit | user=null | ip=null | op=WRITE_CHUNK {blockData=conID: 2 locID: 102664012053611046 bcsId: 3055} | ret=SUCCESS |  
2019-08-23 02:48:24,294 | INFO  | DNAudit | user=null | ip=null | op=PUT_BLOCK {blockData=[blockId=conID: 2 locID: 102664012053611046 bcsId: 0,size=3145728]} | ret=SUCCESS |  
2019-08-23 02:48:24,294 | INFO  | DNAudit | user=null | ip=null | op=WRITE_CHUNK {blockData=conID: 2 locID: 102664012053611046 bcsId: 3055} | ret=SUCCESS |  
2019-08-23 02:48:24,294 | INFO  | DNAudit | user=null | ip=null | op=PUT_BLOCK {blockData=[blockId=conID: 2 locID: 102664012053611046 bcsId: 0,size=3145728]} | ret=SUCCESS |  
2019-08-23 02:48:24,295 | INFO  | DNAudit | user=null | ip=null | op=WRITE_CHUNK {blockData=conID: 2 locID: 102664012053611046 bcsId: 3061} | ret=SUCCESS |  
2019-08-23 02:48:24,295 | INFO  | DNAudit | user=null | ip=null | op=PUT_BLOCK {blockData=[blockId=conID: 2 locID: 102664012053611046 bcsId: 0,size=4194304]} | ret=SUCCESS |  
2019-08-23 02:48:24,295 [grpc-default-executor-2] INFO  client.GrpcClientProtocolClient (GrpcClientProtocolClient.java:onNext(255)) - client-B268B4322F32->17750241-545b-4219-93a1-14a6ea3d85be: receive RaftClientReply:client-B268B4322F32->17750241-545b-4219-93a1-14a6ea3d85be@group-C33FBD9556F2, cid=2073, SUCCESS, logIndex=3064, commits[17750241-545b-4219-93a1-14a6ea3d85be:c3065, 4eaaa090-573e-41d3-9f8c-c99e236d806a:c3061, 5f4cf9ee-4bed-49de-adaa-861aec894328:c3061]
2019-08-23 02:48:24,296 [grpc-default-executor-2] INFO  client.GrpcClientProtocolClient (GrpcClientProtocolClient.java:onNext(255)) - client-B268B4322F32->17750241-545b-4219-93a1-14a6ea3d85be: receive RaftClientReply:client-B268B4322F32->17750241-545b-4219-93a1-14a6ea3d85be@group-C33FBD9556F2, cid=2074, SUCCESS, logIndex=3065, commits[17750241-545b-4219-93a1-14a6ea3d85be:c3065, 4eaaa090-573e-41d3-9f8c-c99e236d806a:c3061, 5f4cf9ee-4bed-49de-adaa-861aec894328:c3061]
2019-08-23 02:48:24,298 | INFO  | DNAudit | user=null | ip=null | op=WRITE_CHUNK {blockData=conID: 2 locID: 102664012053611046 bcsId: 3061} | ret=SUCCESS |  
2019-08-23 02:48:24,298 | INFO  | DNAudit | user=null | ip=null | op=WRITE_CHUNK {blockData=conID: 2 locID: 102664012053611046 bcsId: 3061} | ret=SUCCESS |  
2019-08-23 02:48:24,298 | INFO  | DNAudit | user=null | ip=null | op=PUT_BLOCK {blockData=[blockId=conID: 2 locID: 102664012053611046 bcsId: 0,size=4194304]} | ret=SUCCESS |  
2019-08-23 02:48:24,298 | INFO  | DNAudit | user=null | ip=null | op=PUT_BLOCK {blockData=[blockId=conID: 2 locID: 102664012053611046 bcsId: 0,size=4194304]} | ret=SUCCESS |  
2019-08-23 02:48:24,299 [grpc-default-executor-2] INFO  client.GrpcClientProtocolClient (GrpcClientProtocolClient.java:onNext(255)) - client-B268B4322F32->17750241-545b-4219-93a1-14a6ea3d85be: receive RaftClientReply:client-B268B4322F32->17750241-545b-4219-93a1-14a6ea3d85be@group-C33FBD9556F2, cid=2075, SUCCESS, logIndex=0, commits[17750241-545b-4219-93a1-14a6ea3d85be:c3066, 4eaaa090-573e-41d3-9f8c-c99e236d806a:c3065, 5f4cf9ee-4bed-49de-adaa-861aec894328:c3065]
2019-08-23 02:48:24,300 | INFO  | SCMAudit | user=jenkins1000 | ip=192.168.34.22 | op=ALLOCATE_BLOCK {owner=31d65bc3-3f70-45f5-bbc5-e3a15f967ba6, size=4194304, type=RATIS, factor=THREE} | ret=SUCCESS |  
2019-08-23 02:48:24,304 | INFO  | OMAudit | user=jenkins1000 | ip=127.0.0.1 | op=ALLOCATE_BLOCK {volume=vol-0-78052, bucket=bucket-0-33874, key=key-0-20719, dataSize=2147483657, replicationType=RATIS, replicationFactor=THREE, keyLocationInfo=[], clientID=102664010308846034} | ret=SUCCESS |  
2019-08-23 02:48:24,312 | INFO  | DNAudit | user=null | ip=null | op=WRITE_CHUNK {blockData=conID: 3 locID: 102664012057805351 bcsId: 0} | ret=SUCCESS |  
2019-08-23 02:48:24,315 | INFO  | DNAudit | user=null | ip=null | op=WRITE_CHUNK {blockData=conID: 3 locID: 102664012057805351 bcsId: 0} | ret=SUCCESS |  
2019-08-23 02:48:24,315 | INFO  | DNAudit | user=null | ip=null | op=WRITE_CHUNK {blockData=conID: 3 locID: 102664012057805351 bcsId: 0} | ret=SUCCESS |  
2019-08-23 02:48:24,316 | INFO  | DNAudit | user=null | ip=null | op=WRITE_CHUNK {blockData=conID: 3 locID: 102664012057805351 bcsId: 0} | ret=SUCCESS |  
2019-08-23 02:48:24,317 | INFO  | DNAudit | user=null | ip=null | op=WRITE_CHUNK {blockData=conID: 3 locID: 102664012057805351 bcsId: 0} | ret=SUCCESS |  
2019-08-23 02:48:24,317 | INFO  | DNAudit | user=null | ip=null | op=WRITE_CHUNK {blockData=conID: 3 locID: 102664012057805351 bcsId: 0} | ret=SUCCESS |  
2019-08-23 02:48:24,331 | INFO  | DNAudit | user=null | ip=null | op=WRITE_CHUNK {blockData=conID: 3 locID: 102664012057805351 bcsId: 0} | ret=SUCCESS |  
2019-08-23 02:48:24,331 | INFO  | DNAudit | user=null | ip=null | op=PUT_BLOCK {blockData=[blockId=conID: 3 locID: 102664012057805351 bcsId: 0,size=1048576]} | ret=SUCCESS |  
2019-08-23 02:48:24,332 | INFO  | DNAudit | user=null | ip=null | op=WRITE_CHUNK {blockData=conID: 3 locID: 102664012057805351 bcsId: 0} | ret=SUCCESS |  
2019-08-23 02:48:24,331 [grpc-default-executor-1] INFO  client.GrpcClientProtocolClient (GrpcClientProtocolClient.java:onNext(255)) - client-B268B4322F32->17750241-545b-4219-93a1-14a6ea3d85be: receive RaftClientReply:client-B268B4322F32->17750241-545b-4219-93a1-14a6ea3d85be@group-C33FBD9556F2, cid=2076, SUCCESS, logIndex=3068, commits[17750241-545b-4219-93a1-14a6ea3d85be:c3069, 4eaaa090-573e-41d3-9f8c-c99e236d806a:c3067, 5f4cf9ee-4bed-49de-adaa-861aec894328:c3065]
2019-08-23 02:48:24,332 | INFO  | DNAudit | user=null | ip=null | op=PUT_BLOCK {blockData=[blockId=conID: 3 locID: 102664012057805351 bcsId: 0,size=2097152]} | ret=SUCCESS |  
2019-08-23 02:48:24,332 | INFO  | DNAudit | user=null | ip=null | op=WRITE_CHUNK {blockData=conID: 3 locID: 102664012057805351 bcsId: 0} | ret=SUCCESS |  
2019-08-23 02:48:24,332 [grpc-default-executor-1] INFO  client.GrpcClientProtocolClient (GrpcClientProtocolClient.java:onNext(255)) - client-B268B4322F32->17750241-545b-4219-93a1-14a6ea3d85be: receive RaftClientReply:client-B268B4322F32->17750241-545b-4219-93a1-14a6ea3d85be@group-C33FBD9556F2, cid=2077, SUCCESS, logIndex=3069, commits[17750241-545b-4219-93a1-14a6ea3d85be:c3071, 4eaaa090-573e-41d3-9f8c-c99e236d806a:c3067, 5f4cf9ee-4bed-49de-adaa-861aec894328:c3067]
2019-08-23 02:48:24,332 | INFO  | DNAudit | user=null | ip=null | op=PUT_BLOCK {blockData=[blockId=conID: 3 locID: 102664012057805351 bcsId: 0,size=1048576]} | ret=SUCCESS |  
2019-08-23 02:48:24,332 [grpc-default-executor-1] INFO  client.GrpcClientProtocolClient (GrpcClientProtocolClient.java:onNext(255)) - client-B268B4322F32->17750241-545b-4219-93a1-14a6ea3d85be: receive RaftClientReply:client-B268B4322F32->17750241-545b-4219-93a1-14a6ea3d85be@group-C33FBD9556F2, cid=2078, SUCCESS, logIndex=3070, commits[17750241-545b-4219-93a1-14a6ea3d85be:c3071, 4eaaa090-573e-41d3-9f8c-c99e236d806a:c3067, 5f4cf9ee-4bed-49de-adaa-861aec894328:c3067]
2019-08-23 02:48:24,332 [grpc-default-executor-1] INFO  client.GrpcClientProtocolClient (GrpcClientProtocolClient.java:onNext(255)) - client-B268B4322F32->17750241-545b-4219-93a1-14a6ea3d85be: receive RaftClientReply:client-B268B4322F32->17750241-545b-4219-93a1-14a6ea3d85be@group-C33FBD9556F2, cid=2079, SUCCESS, logIndex=3071, commits[17750241-545b-4219-93a1-14a6ea3d85be:c3071, 4eaaa090-573e-41d3-9f8c-c99e236d806a:c3067, 5f4cf9ee-4bed-49de-adaa-861aec894328:c3067]
2019-08-23 02:48:24,334 | INFO  | DNAudit | user=null | ip=null | op=WRITE_CHUNK {blockData=conID: 3 locID: 102664012057805351 bcsId: 0} | ret=SUCCESS |  
2019-08-23 02:48:24,334 | INFO  | DNAudit | user=null | ip=null | op=PUT_BLOCK {blockData=[blockId=conID: 3 locID: 102664012057805351 bcsId: 0,size=1048576]} | ret=SUCCESS |  
2019-08-23 02:48:24,334 [grpc-default-executor-1] INFO  client.GrpcClientProtocolClient (GrpcClientProtocolClient.java:onNext(255)) - client-B268B4322F32->17750241-545b-4219-93a1-14a6ea3d85be: receive RaftClientReply:client-B268B4322F32->17750241-545b-4219-93a1-14a6ea3d85be@group-C33FBD9556F2, cid=2080, SUCCESS, logIndex=0, commits[17750241-545b-4219-93a1-14a6ea3d85be:c3072, 4eaaa090-573e-41d3-9f8c-c99e236d806a:c3069, 5f4cf9ee-4bed-49de-adaa-861aec894328:c3069]
2019-08-23 02:48:24,339 | INFO  | DNAudit | user=null | ip=null | op=WRITE_CHUNK {blockData=conID: 3 locID: 102664012057805351 bcsId: 3071} | ret=SUCCESS |  
2019-08-23 02:48:24,342 | INFO  | DNAudit | user=null | ip=null | op=WRITE_CHUNK {blockData=conID: 3 locID: 102664012057805351 bcsId: 3071} | ret=SUCCESS |  
2019-08-23 02:48:24,342 | INFO  | DNAudit | user=null | ip=null | op=WRITE_CHUNK {blockData=conID: 3 locID: 102664012057805351 bcsId: 3071} | ret=SUCCESS |  
2019-08-23 02:48:24,345 | INFO  | DNAudit | user=null | ip=null | op=WRITE_CHUNK {blockData=conID: 3 locID: 102664012057805351 bcsId: 0} | ret=SUCCESS |  
2019-08-23 02:48:24,345 | INFO  | DNAudit | user=null | ip=null | op=WRITE_CHUNK {blockData=conID: 3 locID: 102664012057805351 bcsId: 0} | ret=SUCCESS |  
2019-08-23 02:48:24,345 | INFO  | DNAudit | user=null | ip=null | op=PUT_BLOCK {blockData=[blockId=conID: 3 locID: 102664012057805351 bcsId: 0,size=2097152]} | ret=SUCCESS |  
2019-08-23 02:48:24,345 | INFO  | DNAudit | user=null | ip=null | op=PUT_BLOCK {blockData=[blockId=conID: 3 locID: 102664012057805351 bcsId: 0,size=2097152]} | ret=SUCCESS |  
2019-08-23 02:48:24,348 | INFO  | DNAudit | user=null | ip=null | op=WRITE_CHUNK {blockData=conID: 3 locID: 102664012057805351 bcsId: 3071} | ret=SUCCESS |  
2019-08-23 02:48:24,348 | INFO  | DNAudit | user=null | ip=null | op=PUT_BLOCK {blockData=[blockId=conID: 3 locID: 102664012057805351 bcsId: 0,size=3145728]} | ret=SUCCESS |  
2019-08-23 02:48:24,348 [grpc-default-executor-2] INFO  client.GrpcClientProtocolClient (GrpcClientProtocolClient.java:onNext(255)) - client-B268B4322F32->17750241-545b-4219-93a1-14a6ea3d85be: receive RaftClientReply:client-B268B4322F32->17750241-545b-4219-93a1-14a6ea3d85be@group-C33FBD9556F2, cid=2081, SUCCESS, logIndex=3075, commits[17750241-545b-4219-93a1-14a6ea3d85be:c3076, 4eaaa090-573e-41d3-9f8c-c99e236d806a:c3073, 5f4cf9ee-4bed-49de-adaa-861aec894328:c3071]
2019-08-23 02:48:24,349 [grpc-default-executor-2] INFO  client.GrpcClientProtocolClient (GrpcClientProtocolClient.java:onNext(255)) - client-B268B4322F32->17750241-545b-4219-93a1-14a6ea3d85be: receive RaftClientReply:client-B268B4322F32->17750241-545b-4219-93a1-14a6ea3d85be@group-C33FBD9556F2, cid=2082, SUCCESS, logIndex=3076, commits[17750241-545b-4219-93a1-14a6ea3d85be:c3076, 4eaaa090-573e-41d3-9f8c-c99e236d806a:c3073, 5f4cf9ee-4bed-49de-adaa-861aec894328:c3073]
2019-08-23 02:48:24,355 | INFO  | DNAudit | user=null | ip=null | op=WRITE_CHUNK {blockData=conID: 3 locID: 102664012057805351 bcsId: 3076} | ret=SUCCESS |  
2019-08-23 02:48:24,356 | INFO  | DNAudit | user=null | ip=null | op=WRITE_CHUNK {blockData=conID: 3 locID: 102664012057805351 bcsId: 3076} | ret=SUCCESS |  
2019-08-23 02:48:24,356 | INFO  | DNAudit | user=null | ip=null | op=WRITE_CHUNK {blockData=conID: 3 locID: 102664012057805351 bcsId: 3076} | ret=SUCCESS |  
2019-08-23 02:48:24,359 | INFO  | DNAudit | user=null | ip=null | op=WRITE_CHUNK {blockData=conID: 3 locID: 102664012057805351 bcsId: 3071} | ret=SUCCESS |  
2019-08-23 02:48:24,360 | INFO  | DNAudit | user=null | ip=null | op=WRITE_CHUNK {blockData=conID: 3 locID: 102664012057805351 bcsId: 3071} | ret=SUCCESS |  
2019-08-23 02:48:24,360 | INFO  | DNAudit | user=null | ip=null | op=PUT_BLOCK {blockData=[blockId=conID: 3 locID: 102664012057805351 bcsId: 0,size=3145728]} | ret=SUCCESS |  
2019-08-23 02:48:24,360 | INFO  | DNAudit | user=null | ip=null | op=PUT_BLOCK {blockData=[blockId=conID: 3 locID: 102664012057805351 bcsId: 0,size=3145728]} | ret=SUCCESS |  
2019-08-23 02:48:24,363 | INFO  | DNAudit | user=null | ip=null | op=WRITE_CHUNK {blockData=conID: 3 locID: 102664012057805351 bcsId: 3076} | ret=SUCCESS |  
2019-08-23 02:48:24,363 | INFO  | DNAudit | user=null | ip=null | op=PUT_BLOCK {blockData=[blockId=conID: 3 locID: 102664012057805351 bcsId: 0,size=4194304]} | ret=SUCCESS |  
2019-08-23 02:48:24,363 [grpc-default-executor-2] INFO  client.GrpcClientProtocolClient (GrpcClientProtocolClient.java:onNext(255)) - client-B268B4322F32->17750241-545b-4219-93a1-14a6ea3d85be: receive RaftClientReply:client-B268B4322F32->17750241-545b-4219-93a1-14a6ea3d85be@group-C33FBD9556F2, cid=2083, SUCCESS, logIndex=3078, commits[17750241-545b-4219-93a1-14a6ea3d85be:c3079, 4eaaa090-573e-41d3-9f8c-c99e236d806a:c3076, 5f4cf9ee-4bed-49de-adaa-861aec894328:c3076]
2019-08-23 02:48:24,363 [grpc-default-executor-2] INFO  client.GrpcClientProtocolClient (GrpcClientProtocolClient.java:onNext(255)) - client-B268B4322F32->17750241-545b-4219-93a1-14a6ea3d85be: receive RaftClientReply:client-B268B4322F32->17750241-545b-4219-93a1-14a6ea3d85be@group-C33FBD9556F2, cid=2084, SUCCESS, logIndex=3079, commits[17750241-545b-4219-93a1-14a6ea3d85be:c3079, 4eaaa090-573e-41d3-9f8c-c99e236d806a:c3076, 5f4cf9ee-4bed-49de-adaa-861aec894328:c3076]
2019-08-23 02:48:24,374 | INFO  | DNAudit | user=null | ip=null | op=WRITE_CHUNK {blockData=conID: 3 locID: 102664012057805351 bcsId: 3076} | ret=SUCCESS |  
2019-08-23 02:48:24,375 | INFO  | SCMAudit | user=jenkins1000 | ip=192.168.34.22 | op=SEND_HEARTBEAT {datanodeUUID=17750241-545b-4219-93a1-14a6ea3d85be, command=[]} | ret=SUCCESS |  
2019-08-23 02:48:24,375 | INFO  | DNAudit | user=null | ip=null | op=WRITE_CHUNK {blockData=conID: 3 locID: 102664012057805351 bcsId: 3076} | ret=SUCCESS |  
2019-08-23 02:48:24,376 | INFO  | SCMAudit | user=jenkins1000 | ip=192.168.34.22 | op=SEND_HEARTBEAT {datanodeUUID=4eaaa090-573e-41d3-9f8c-c99e236d806a, command=[]} | ret=SUCCESS |  
2019-08-23 02:48:24,376 | INFO  | SCMAudit | user=jenkins1000 | ip=192.168.34.22 | op=SEND_HEARTBEAT {datanodeUUID=5f4cf9ee-4bed-49de-adaa-861aec894328, command=[]} | ret=SUCCESS |  
2019-08-23 02:48:24,378 | INFO  | DNAudit | user=null | ip=null | op=PUT_BLOCK {blockData=[blockId=conID: 3 locID: 102664012057805351 bcsId: 0,size=4194304]} | ret=SUCCESS |  
2019-08-23 02:48:24,378 | INFO  | DNAudit | user=null | ip=null | op=PUT_BLOCK {blockData=[blockId=conID: 3 locID: 102664012057805351 bcsId: 0,size=4194304]} | ret=SUCCESS |  
2019-08-23 02:48:24,378 [grpc-default-executor-1] INFO  client.GrpcClientProtocolClient (GrpcClientProtocolClient.java:onNext(255)) - client-B268B4322F32->17750241-545b-4219-93a1-14a6ea3d85be: receive RaftClientReply:client-B268B4322F32->17750241-545b-4219-93a1-14a6ea3d85be@group-C33FBD9556F2, cid=2085, SUCCESS, logIndex=0, commits[17750241-545b-4219-93a1-14a6ea3d85be:c3080, 4eaaa090-573e-41d3-9f8c-c99e236d806a:c3079, 5f4cf9ee-4bed-49de-adaa-861aec894328:c3079]
2019-08-23 02:48:24,380 | INFO  | SCMAudit | user=jenkins1000 | ip=192.168.34.22 | op=ALLOCATE_BLOCK {owner=31d65bc3-3f70-45f5-bbc5-e3a15f967ba6, size=4194304, type=RATIS, factor=THREE} | ret=SUCCESS |  
2019-08-23 02:48:24,384 | INFO  | OMAudit | user=jenkins1000 | ip=127.0.0.1 | op=ALLOCATE_BLOCK {volume=vol-0-78052, bucket=bucket-0-33874, key=key-0-20719, dataSize=2147483657, replicationType=RATIS, replicationFactor=THREE, keyLocationInfo=[], clientID=102664010308846034} | ret=SUCCESS |  
2019-08-23 02:48:24,393 | INFO  | DNAudit | user=null | ip=null | op=WRITE_CHUNK {blockData=conID: 1 locID: 102664012063048232 bcsId: 0} | ret=SUCCESS |  
2019-08-23 02:48:24,395 | INFO  | DNAudit | user=null | ip=null | op=WRITE_CHUNK {blockData=conID: 1 locID: 102664012063048232 bcsId: 0} | ret=SUCCESS |  
2019-08-23 02:48:24,396 | INFO  | DNAudit | user=null | ip=null | op=WRITE_CHUNK {blockData=conID: 1 locID: 102664012063048232 bcsId: 0} | ret=SUCCESS |  
2019-08-23 02:48:24,397 | INFO  | DNAudit | user=null | ip=null | op=WRITE_CHUNK {blockData=conID: 1 locID: 102664012063048232 bcsId: 0} | ret=SUCCESS |  
2019-08-23 02:48:24,398 | INFO  | DNAudit | user=null | ip=null | op=WRITE_CHUNK {blockData=conID: 1 locID: 102664012063048232 bcsId: 0} | ret=SUCCESS |  
2019-08-23 02:48:24,398 | INFO  | DNAudit | user=null | ip=null | op=WRITE_CHUNK {blockData=conID: 1 locID: 102664012063048232 bcsId: 0} | ret=SUCCESS |  
2019-08-23 02:48:24,406 | INFO  | DNAudit | user=null | ip=null | op=WRITE_CHUNK {blockData=conID: 1 locID: 102664012063048232 bcsId: 0} | ret=SUCCESS |  
2019-08-23 02:48:24,406 | INFO  | DNAudit | user=null | ip=null | op=PUT_BLOCK {blockData=[blockId=conID: 1 locID: 102664012063048232 bcsId: 0,size=1048576]} | ret=SUCCESS |  
2019-08-23 02:48:24,407 [grpc-default-executor-2] INFO  client.GrpcClientProtocolClient (GrpcClientProtocolClient.java:onNext(255)) - client-B268B4322F32->17750241-545b-4219-93a1-14a6ea3d85be: receive RaftClientReply:client-B268B4322F32->17750241-545b-4219-93a1-14a6ea3d85be@group-C33FBD9556F2, cid=2086, SUCCESS, logIndex=3082, commits[17750241-545b-4219-93a1-14a6ea3d85be:c3083, 4eaaa090-573e-41d3-9f8c-c99e236d806a:c3081, 5f4cf9ee-4bed-49de-adaa-861aec894328:c3081]
2019-08-23 02:48:24,407 | INFO  | DNAudit | user=null | ip=null | op=WRITE_CHUNK {blockData=conID: 1 locID: 102664012063048232 bcsId: 0} | ret=SUCCESS |  
2019-08-23 02:48:24,407 | INFO  | DNAudit | user=null | ip=null | op=PUT_BLOCK {blockData=[blockId=conID: 1 locID: 102664012063048232 bcsId: 0,size=2097152]} | ret=SUCCESS |  
2019-08-23 02:48:24,407 [grpc-default-executor-2] INFO  client.GrpcClientProtocolClient (GrpcClientProtocolClient.java:onNext(255)) - client-B268B4322F32->17750241-545b-4219-93a1-14a6ea3d85be: receive RaftClientReply:client-B268B4322F32->17750241-545b-4219-93a1-14a6ea3d85be@group-C33FBD9556F2, cid=2087, SUCCESS, logIndex=3083, commits[17750241-545b-4219-93a1-14a6ea3d85be:c3085, 4eaaa090-573e-41d3-9f8c-c99e236d806a:c3081, 5f4cf9ee-4bed-49de-adaa-861aec894328:c3081]
2019-08-23 02:48:24,408 [grpc-default-executor-2] INFO  client.GrpcClientProtocolClient (GrpcClientProtocolClient.java:onNext(255)) - client-B268B4322F32->17750241-545b-4219-93a1-14a6ea3d85be: receive RaftClientReply:client-B268B4322F32->17750241-545b-4219-93a1-14a6ea3d85be@group-C33FBD9556F2, cid=2088, SUCCESS, logIndex=3084, commits[17750241-545b-4219-93a1-14a6ea3d85be:c3085, 4eaaa090-573e-41d3-9f8c-c99e236d806a:c3081, 5f4cf9ee-4bed-49de-adaa-861aec894328:c3081]
2019-08-23 02:48:24,408 [grpc-default-executor-2] INFO  client.GrpcClientProtocolClient (GrpcClientProtocolClient.java:onNext(255)) - client-B268B4322F32->17750241-545b-4219-93a1-14a6ea3d85be: receive RaftClientReply:client-B268B4322F32->17750241-545b-4219-93a1-14a6ea3d85be@group-C33FBD9556F2, cid=2089, SUCCESS, logIndex=3085, commits[17750241-545b-4219-93a1-14a6ea3d85be:c3085, 4eaaa090-573e-41d3-9f8c-c99e236d806a:c3081, 5f4cf9ee-4bed-49de-adaa-861aec894328:c3081]
2019-08-23 02:48:24,419 | INFO  | DNAudit | user=null | ip=null | op=WRITE_CHUNK {blockData=conID: 1 locID: 102664012063048232 bcsId: 0} | ret=SUCCESS |  
2019-08-23 02:48:24,419 | INFO  | DNAudit | user=null | ip=null | op=PUT_BLOCK {blockData=[blockId=conID: 1 locID: 102664012063048232 bcsId: 0,size=1048576]} | ret=SUCCESS |  
2019-08-23 02:48:24,420 | INFO  | DNAudit | user=null | ip=null | op=WRITE_CHUNK {blockData=conID: 1 locID: 102664012063048232 bcsId: 0} | ret=SUCCESS |  
2019-08-23 02:48:24,420 | INFO  | DNAudit | user=null | ip=null | op=WRITE_CHUNK {blockData=conID: 1 locID: 102664012063048232 bcsId: 0} | ret=SUCCESS |  
2019-08-23 02:48:24,420 | INFO  | DNAudit | user=null | ip=null | op=PUT_BLOCK {blockData=[blockId=conID: 1 locID: 102664012063048232 bcsId: 0,size=1048576]} | ret=SUCCESS |  
2019-08-23 02:48:24,420 | INFO  | DNAudit | user=null | ip=null | op=PUT_BLOCK {blockData=[blockId=conID: 1 locID: 102664012063048232 bcsId: 0,size=2097152]} | ret=SUCCESS |  
2019-08-23 02:48:24,420 [grpc-default-executor-2] INFO  client.GrpcClientProtocolClient (GrpcClientProtocolClient.java:onNext(255)) - client-B268B4322F32->17750241-545b-4219-93a1-14a6ea3d85be: receive RaftClientReply:client-B268B4322F32->17750241-545b-4219-93a1-14a6ea3d85be@group-C33FBD9556F2, cid=2090, SUCCESS, logIndex=0, commits[17750241-545b-4219-93a1-14a6ea3d85be:c3087, 4eaaa090-573e-41d3-9f8c-c99e236d806a:c3083, 5f4cf9ee-4bed-49de-adaa-861aec894328:c3083]
2019-08-23 02:48:24,421 | INFO  | DNAudit | user=null | ip=null | op=WRITE_CHUNK {blockData=conID: 1 locID: 102664012063048232 bcsId: 0} | ret=SUCCESS |  
2019-08-23 02:48:24,421 | INFO  | DNAudit | user=null | ip=null | op=PUT_BLOCK {blockData=[blockId=conID: 1 locID: 102664012063048232 bcsId: 0,size=2097152]} | ret=SUCCESS |  
2019-08-23 02:48:24,428 | INFO  | DNAudit | user=null | ip=null | op=WRITE_CHUNK {blockData=conID: 1 locID: 102664012063048232 bcsId: 3085} | ret=SUCCESS |  
2019-08-23 02:48:24,430 | INFO  | DNAudit | user=null | ip=null | op=WRITE_CHUNK {blockData=conID: 1 locID: 102664012063048232 bcsId: 3085} | ret=SUCCESS |  
2019-08-23 02:48:24,430 | INFO  | DNAudit | user=null | ip=null | op=WRITE_CHUNK {blockData=conID: 1 locID: 102664012063048232 bcsId: 3085} | ret=SUCCESS |  
2019-08-23 02:48:24,441 | INFO  | DNAudit | user=null | ip=null | op=WRITE_CHUNK {blockData=conID: 1 locID: 102664012063048232 bcsId: 3085} | ret=SUCCESS |  
2019-08-23 02:48:24,441 | INFO  | DNAudit | user=null | ip=null | op=PUT_BLOCK {blockData=[blockId=conID: 1 locID: 102664012063048232 bcsId: 0,size=3145728]} | ret=SUCCESS |  
2019-08-23 02:48:24,441 [grpc-default-executor-1] INFO  client.GrpcClientProtocolClient (GrpcClientProtocolClient.java:onNext(255)) - client-B268B4322F32->17750241-545b-4219-93a1-14a6ea3d85be: receive RaftClientReply:client-B268B4322F32->17750241-545b-4219-93a1-14a6ea3d85be@group-C33FBD9556F2, cid=2091, SUCCESS, logIndex=3090, commits[17750241-545b-4219-93a1-14a6ea3d85be:c3091, 4eaaa090-573e-41d3-9f8c-c99e236d806a:c3089, 5f4cf9ee-4bed-49de-adaa-861aec894328:c3089]
2019-08-23 02:48:24,442 [grpc-default-executor-1] INFO  client.GrpcClientProtocolClient (GrpcClientProtocolClient.java:onNext(255)) - client-B268B4322F32->17750241-545b-4219-93a1-14a6ea3d85be: receive RaftClientReply:client-B268B4322F32->17750241-545b-4219-93a1-14a6ea3d85be@group-C33FBD9556F2, cid=2092, SUCCESS, logIndex=3091, commits[17750241-545b-4219-93a1-14a6ea3d85be:c3091, 4eaaa090-573e-41d3-9f8c-c99e236d806a:c3089, 5f4cf9ee-4bed-49de-adaa-861aec894328:c3089]
2019-08-23 02:48:24,448 | INFO  | DNAudit | user=null | ip=null | op=WRITE_CHUNK {blockData=conID: 1 locID: 102664012063048232 bcsId: 3091} | ret=SUCCESS |  
2019-08-23 02:48:24,451 | INFO  | DNAudit | user=null | ip=null | op=WRITE_CHUNK {blockData=conID: 1 locID: 102664012063048232 bcsId: 3091} | ret=SUCCESS |  
2019-08-23 02:48:24,451 | INFO  | DNAudit | user=null | ip=null | op=WRITE_CHUNK {blockData=conID: 1 locID: 102664012063048232 bcsId: 3091} | ret=SUCCESS |  
2019-08-23 02:48:24,452 | INFO  | DNAudit | user=null | ip=null | op=WRITE_CHUNK {blockData=conID: 1 locID: 102664012063048232 bcsId: 3085} | ret=SUCCESS |  
2019-08-23 02:48:24,452 | INFO  | DNAudit | user=null | ip=null | op=WRITE_CHUNK {blockData=conID: 1 locID: 102664012063048232 bcsId: 3085} | ret=SUCCESS |  
2019-08-23 02:48:24,455 | INFO  | DNAudit | user=null | ip=null | op=PUT_BLOCK {blockData=[blockId=conID: 1 locID: 102664012063048232 bcsId: 0,size=3145728]} | ret=SUCCESS |  
2019-08-23 02:48:24,455 | INFO  | DNAudit | user=null | ip=null | op=PUT_BLOCK {blockData=[blockId=conID: 1 locID: 102664012063048232 bcsId: 0,size=3145728]} | ret=SUCCESS |  
2019-08-23 02:48:24,455 | INFO  | DNAudit | user=null | ip=null | op=WRITE_CHUNK {blockData=conID: 1 locID: 102664012063048232 bcsId: 3091} | ret=SUCCESS |  
2019-08-23 02:48:24,456 | INFO  | DNAudit | user=null | ip=null | op=PUT_BLOCK {blockData=[blockId=conID: 1 locID: 102664012063048232 bcsId: 0,size=4194304]} | ret=SUCCESS |  
2019-08-23 02:48:24,456 [grpc-default-executor-6] INFO  client.GrpcClientProtocolClient (GrpcClientProtocolClient.java:onNext(255)) - client-B268B4322F32->17750241-545b-4219-93a1-14a6ea3d85be: receive RaftClientReply:client-B268B4322F32->17750241-545b-4219-93a1-14a6ea3d85be@group-C33FBD9556F2, cid=2093, SUCCESS, logIndex=3094, commits[17750241-545b-4219-93a1-14a6ea3d85be:c3095, 4eaaa090-573e-41d3-9f8c-c99e236d806a:c3091, 5f4cf9ee-4bed-49de-adaa-861aec894328:c3091]
2019-08-23 02:48:24,456 [grpc-default-executor-6] INFO  client.GrpcClientProtocolClient (GrpcClientProtocolClient.java:onNext(255)) - client-B268B4322F32->17750241-545b-4219-93a1-14a6ea3d85be: receive RaftClientReply:client-B268B4322F32->17750241-545b-4219-93a1-14a6ea3d85be@group-C33FBD9556F2, cid=2094, SUCCESS, logIndex=3095, commits[17750241-545b-4219-93a1-14a6ea3d85be:c3095, 4eaaa090-573e-41d3-9f8c-c99e236d806a:c3091, 5f4cf9ee-4bed-49de-adaa-861aec894328:c3091]
2019-08-23 02:48:24,467 | INFO  | DNAudit | user=null | ip=null | op=WRITE_CHUNK {blockData=conID: 1 locID: 102664012063048232 bcsId: 3091} | ret=SUCCESS |  
2019-08-23 02:48:24,467 | INFO  | DNAudit | user=null | ip=null | op=WRITE_CHUNK {blockData=conID: 1 locID: 102664012063048232 bcsId: 3091} | ret=SUCCESS |  
2019-08-23 02:48:24,469 | INFO  | DNAudit | user=null | ip=null | op=PUT_BLOCK {blockData=[blockId=conID: 1 locID: 102664012063048232 bcsId: 0,size=4194304]} | ret=SUCCESS |  
2019-08-23 02:48:24,469 | INFO  | DNAudit | user=null | ip=null | op=PUT_BLOCK {blockData=[blockId=conID: 1 locID: 102664012063048232 bcsId: 0,size=4194304]} | ret=SUCCESS |  
2019-08-23 02:48:24,470 [grpc-default-executor-6] INFO  client.GrpcClientProtocolClient (GrpcClientProtocolClient.java:onNext(255)) - client-B268B4322F32->17750241-545b-4219-93a1-14a6ea3d85be: receive RaftClientReply:client-B268B4322F32->17750241-545b-4219-93a1-14a6ea3d85be@group-C33FBD9556F2, cid=2095, SUCCESS, logIndex=0, commits[17750241-545b-4219-93a1-14a6ea3d85be:c3097, 4eaaa090-573e-41d3-9f8c-c99e236d806a:c3095, 5f4cf9ee-4bed-49de-adaa-861aec894328:c3095]
2019-08-23 02:48:24,472 | INFO  | SCMAudit | user=jenkins1000 | ip=192.168.34.22 | op=ALLOCATE_BLOCK {owner=31d65bc3-3f70-45f5-bbc5-e3a15f967ba6, size=4194304, type=RATIS, factor=THREE} | ret=SUCCESS |  
2019-08-23 02:48:24,476 | INFO  | OMAudit | user=jenkins1000 | ip=127.0.0.1 | op=ALLOCATE_BLOCK {volume=vol-0-78052, bucket=bucket-0-33874, key=key-0-20719, dataSize=2147483657, replicationType=RATIS, replicationFactor=THREE, keyLocationInfo=[], clientID=102664010308846034} | ret=SUCCESS |  
2019-08-23 02:48:24,485 | INFO  | DNAudit | user=null | ip=null | op=WRITE_CHUNK {blockData=conID: 2 locID: 102664012069077545 bcsId: 0} | ret=SUCCESS |  
2019-08-23 02:48:24,487 | INFO  | DNAudit | user=null | ip=null | op=WRITE_CHUNK {blockData=conID: 2 locID: 102664012069077545 bcsId: 0} | ret=SUCCESS |  
2019-08-23 02:48:24,488 | INFO  | DNAudit | user=null | ip=null | op=WRITE_CHUNK {blockData=conID: 2 locID: 102664012069077545 bcsId: 0} | ret=SUCCESS |  
2019-08-23 02:48:24,489 | INFO  | DNAudit | user=null | ip=null | op=WRITE_CHUNK {blockData=conID: 2 locID: 102664012069077545 bcsId: 0} | ret=SUCCESS |  
2019-08-23 02:48:24,490 | INFO  | DNAudit | user=null | ip=null | op=WRITE_CHUNK {blockData=conID: 2 locID: 102664012069077545 bcsId: 0} | ret=SUCCESS |  
2019-08-23 02:48:24,490 | INFO  | DNAudit | user=null | ip=null | op=WRITE_CHUNK {blockData=conID: 2 locID: 102664012069077545 bcsId: 0} | ret=SUCCESS |  
2019-08-23 02:48:24,497 | INFO  | DNAudit | user=null | ip=null | op=WRITE_CHUNK {blockData=conID: 2 locID: 102664012069077545 bcsId: 0} | ret=SUCCESS |  
2019-08-23 02:48:24,497 | INFO  | DNAudit | user=null | ip=null | op=PUT_BLOCK {blockData=[blockId=conID: 2 locID: 102664012069077545 bcsId: 0,size=1048576]} | ret=SUCCESS |  
2019-08-23 02:48:24,498 | INFO  | DNAudit | user=null | ip=null | op=WRITE_CHUNK {blockData=conID: 2 locID: 102664012069077545 bcsId: 0} | ret=SUCCESS |  
2019-08-23 02:48:24,498 [grpc-default-executor-6] INFO  client.GrpcClientProtocolClient (GrpcClientProtocolClient.java:onNext(255)) - client-B268B4322F32->17750241-545b-4219-93a1-14a6ea3d85be: receive RaftClientReply:client-B268B4322F32->17750241-545b-4219-93a1-14a6ea3d85be@group-C33FBD9556F2, cid=2096, SUCCESS, logIndex=3098, commits[17750241-545b-4219-93a1-14a6ea3d85be:c3100, 4eaaa090-573e-41d3-9f8c-c99e236d806a:c3097, 5f4cf9ee-4bed-49de-adaa-861aec894328:c3097]
2019-08-23 02:48:24,498 | INFO  | DNAudit | user=null | ip=null | op=PUT_BLOCK {blockData=[blockId=conID: 2 locID: 102664012069077545 bcsId: 0,size=2097152]} | ret=SUCCESS |  
2019-08-23 02:48:24,498 [grpc-default-executor-6] INFO  client.GrpcClientProtocolClient (GrpcClientProtocolClient.java:onNext(255)) - client-B268B4322F32->17750241-545b-4219-93a1-14a6ea3d85be: receive RaftClientReply:client-B268B4322F32->17750241-545b-4219-93a1-14a6ea3d85be@group-C33FBD9556F2, cid=2097, SUCCESS, logIndex=3099, commits[17750241-545b-4219-93a1-14a6ea3d85be:c3101, 4eaaa090-573e-41d3-9f8c-c99e236d806a:c3097, 5f4cf9ee-4bed-49de-adaa-861aec894328:c3097]
2019-08-23 02:48:24,498 | INFO  | DNAudit | user=null | ip=null | op=WRITE_CHUNK {blockData=conID: 2 locID: 102664012069077545 bcsId: 0} | ret=SUCCESS |  
2019-08-23 02:48:24,499 [grpc-default-executor-6] INFO  client.GrpcClientProtocolClient (GrpcClientProtocolClient.java:onNext(255)) - client-B268B4322F32->17750241-545b-4219-93a1-14a6ea3d85be: receive RaftClientReply:client-B268B4322F32->17750241-545b-4219-93a1-14a6ea3d85be@group-C33FBD9556F2, cid=2098, SUCCESS, logIndex=3100, commits[17750241-545b-4219-93a1-14a6ea3d85be:c3101, 4eaaa090-573e-41d3-9f8c-c99e236d806a:c3097, 5f4cf9ee-4bed-49de-adaa-861aec894328:c3097]
2019-08-23 02:48:24,499 [grpc-default-executor-6] INFO  client.GrpcClientProtocolClient (GrpcClientProtocolClient.java:onNext(255)) - client-B268B4322F32->17750241-545b-4219-93a1-14a6ea3d85be: receive RaftClientReply:client-B268B4322F32->17750241-545b-4219-93a1-14a6ea3d85be@group-C33FBD9556F2, cid=2099, SUCCESS, logIndex=3101, commits[17750241-545b-4219-93a1-14a6ea3d85be:c3101, 4eaaa090-573e-41d3-9f8c-c99e236d806a:c3097, 5f4cf9ee-4bed-49de-adaa-861aec894328:c3098]
2019-08-23 02:48:24,499 | INFO  | DNAudit | user=null | ip=null | op=WRITE_CHUNK {blockData=conID: 2 locID: 102664012069077545 bcsId: 0} | ret=SUCCESS |  
2019-08-23 02:48:24,499 | INFO  | DNAudit | user=null | ip=null | op=PUT_BLOCK {blockData=[blockId=conID: 2 locID: 102664012069077545 bcsId: 0,size=1048576]} | ret=SUCCESS |  
2019-08-23 02:48:24,500 | INFO  | DNAudit | user=null | ip=null | op=WRITE_CHUNK {blockData=conID: 2 locID: 102664012069077545 bcsId: 0} | ret=SUCCESS |  
2019-08-23 02:48:24,501 | INFO  | DNAudit | user=null | ip=null | op=PUT_BLOCK {blockData=[blockId=conID: 2 locID: 102664012069077545 bcsId: 0,size=1048576]} | ret=SUCCESS |  
2019-08-23 02:48:24,501 | INFO  | DNAudit | user=null | ip=null | op=WRITE_CHUNK {blockData=conID: 2 locID: 102664012069077545 bcsId: 0} | ret=SUCCESS |  
2019-08-23 02:48:24,501 [grpc-default-executor-1] INFO  client.GrpcClientProtocolClient (GrpcClientProtocolClient.java:onNext(255)) - client-B268B4322F32->17750241-545b-4219-93a1-14a6ea3d85be: receive RaftClientReply:client-B268B4322F32->17750241-545b-4219-93a1-14a6ea3d85be@group-C33FBD9556F2, cid=2100, SUCCESS, logIndex=0, commits[17750241-545b-4219-93a1-14a6ea3d85be:c3104, 4eaaa090-573e-41d3-9f8c-c99e236d806a:c3100, 5f4cf9ee-4bed-49de-adaa-861aec894328:c3100]
2019-08-23 02:48:24,502 | INFO  | DNAudit | user=null | ip=null | op=PUT_BLOCK {blockData=[blockId=conID: 2 locID: 102664012069077545 bcsId: 0,size=2097152]} | ret=SUCCESS |  
2019-08-23 02:48:24,507 | INFO  | DNAudit | user=null | ip=null | op=WRITE_CHUNK {blockData=conID: 2 locID: 102664012069077545 bcsId: 3101} | ret=SUCCESS |  
2019-08-23 02:48:24,509 | INFO  | DNAudit | user=null | ip=null | op=WRITE_CHUNK {blockData=conID: 2 locID: 102664012069077545 bcsId: 3101} | ret=SUCCESS |  
2019-08-23 02:48:24,509 | INFO  | DNAudit | user=null | ip=null | op=WRITE_CHUNK {blockData=conID: 2 locID: 102664012069077545 bcsId: 3101} | ret=SUCCESS |  
2019-08-23 02:48:24,512 | INFO  | DNAudit | user=null | ip=null | op=PUT_BLOCK {blockData=[blockId=conID: 2 locID: 102664012069077545 bcsId: 0,size=2097152]} | ret=SUCCESS |  
2019-08-23 02:48:24,513 | INFO  | DNAudit | user=null | ip=null | op=WRITE_CHUNK {blockData=conID: 2 locID: 102664012069077545 bcsId: 3101} | ret=SUCCESS |  
2019-08-23 02:48:24,513 | INFO  | DNAudit | user=null | ip=null | op=PUT_BLOCK {blockData=[blockId=conID: 2 locID: 102664012069077545 bcsId: 0,size=3145728]} | ret=SUCCESS |  
2019-08-23 02:48:24,513 [grpc-default-executor-1] INFO  client.GrpcClientProtocolClient (GrpcClientProtocolClient.java:onNext(255)) - client-B268B4322F32->17750241-545b-4219-93a1-14a6ea3d85be: receive RaftClientReply:client-B268B4322F32->17750241-545b-4219-93a1-14a6ea3d85be@group-C33FBD9556F2, cid=2101, SUCCESS, logIndex=3106, commits[17750241-545b-4219-93a1-14a6ea3d85be:c3107, 4eaaa090-573e-41d3-9f8c-c99e236d806a:c3105, 5f4cf9ee-4bed-49de-adaa-861aec894328:c3105]
2019-08-23 02:48:24,514 [grpc-default-executor-1] INFO  client.GrpcClientProtocolClient (GrpcClientProtocolClient.java:onNext(255)) - client-B268B4322F32->17750241-545b-4219-93a1-14a6ea3d85be: receive RaftClientReply:client-B268B4322F32->17750241-545b-4219-93a1-14a6ea3d85be@group-C33FBD9556F2, cid=2102, SUCCESS, logIndex=3107, commits[17750241-545b-4219-93a1-14a6ea3d85be:c3107, 4eaaa090-573e-41d3-9f8c-c99e236d806a:c3105, 5f4cf9ee-4bed-49de-adaa-861aec894328:c3105]
2019-08-23 02:48:24,520 | INFO  | DNAudit | user=null | ip=null | op=WRITE_CHUNK {blockData=conID: 2 locID: 102664012069077545 bcsId: 3107} | ret=SUCCESS |  
2019-08-23 02:48:24,522 | INFO  | DNAudit | user=null | ip=null | op=WRITE_CHUNK {blockData=conID: 2 locID: 102664012069077545 bcsId: 3107} | ret=SUCCESS |  
2019-08-23 02:48:24,522 | INFO  | DNAudit | user=null | ip=null | op=WRITE_CHUNK {blockData=conID: 2 locID: 102664012069077545 bcsId: 3107} | ret=SUCCESS |  
2019-08-23 02:48:24,526 | INFO  | DNAudit | user=null | ip=null | op=WRITE_CHUNK {blockData=conID: 2 locID: 102664012069077545 bcsId: 3101} | ret=SUCCESS |  
2019-08-23 02:48:24,527 | INFO  | DNAudit | user=null | ip=null | op=PUT_BLOCK {blockData=[blockId=conID: 2 locID: 102664012069077545 bcsId: 0,size=3145728]} | ret=SUCCESS |  
2019-08-23 02:48:24,527 | INFO  | DNAudit | user=null | ip=null | op=WRITE_CHUNK {blockData=conID: 2 locID: 102664012069077545 bcsId: 3101} | ret=SUCCESS |  
2019-08-23 02:48:24,527 | INFO  | DNAudit | user=null | ip=null | op=PUT_BLOCK {blockData=[blockId=conID: 2 locID: 102664012069077545 bcsId: 0,size=3145728]} | ret=SUCCESS |  
2019-08-23 02:48:24,528 | INFO  | DNAudit | user=null | ip=null | op=WRITE_CHUNK {blockData=conID: 2 locID: 102664012069077545 bcsId: 3107} | ret=SUCCESS |  
2019-08-23 02:48:24,529 | INFO  | DNAudit | user=null | ip=null | op=PUT_BLOCK {blockData=[blockId=conID: 2 locID: 102664012069077545 bcsId: 0,size=4194304]} | ret=SUCCESS |  
2019-08-23 02:48:24,529 [grpc-default-executor-2] INFO  client.GrpcClientProtocolClient (GrpcClientProtocolClient.java:onNext(255)) - client-B268B4322F32->17750241-545b-4219-93a1-14a6ea3d85be: receive RaftClientReply:client-B268B4322F32->17750241-545b-4219-93a1-14a6ea3d85be@group-C33FBD9556F2, cid=2103, SUCCESS, logIndex=3110, commits[17750241-545b-4219-93a1-14a6ea3d85be:c3110, 4eaaa090-573e-41d3-9f8c-c99e236d806a:c3107, 5f4cf9ee-4bed-49de-adaa-861aec894328:c3107]
2019-08-23 02:48:24,530 | INFO  | DNAudit | user=null | ip=null | op=WRITE_CHUNK {blockData=conID: 2 locID: 102664012069077545 bcsId: 3107} | ret=SUCCESS |  
2019-08-23 02:48:24,530 | INFO  | DNAudit | user=null | ip=null | op=WRITE_CHUNK {blockData=conID: 2 locID: 102664012069077545 bcsId: 3107} | ret=SUCCESS |  
2019-08-23 02:48:24,530 [grpc-default-executor-2] INFO  client.GrpcClientProtocolClient (GrpcClientProtocolClient.java:onNext(255)) - client-B268B4322F32->17750241-545b-4219-93a1-14a6ea3d85be: receive RaftClientReply:client-B268B4322F32->17750241-545b-4219-93a1-14a6ea3d85be@group-C33FBD9556F2, cid=2104, SUCCESS, logIndex=3111, commits[17750241-545b-4219-93a1-14a6ea3d85be:c3111, 4eaaa090-573e-41d3-9f8c-c99e236d806a:c3107, 5f4cf9ee-4bed-49de-adaa-861aec894328:c3107]
2019-08-23 02:48:24,531 | INFO  | DNAudit | user=null | ip=null | op=PUT_BLOCK {blockData=[blockId=conID: 2 locID: 102664012069077545 bcsId: 0,size=4194304]} | ret=SUCCESS |  
2019-08-23 02:48:24,531 | INFO  | DNAudit | user=null | ip=null | op=PUT_BLOCK {blockData=[blockId=conID: 2 locID: 102664012069077545 bcsId: 0,size=4194304]} | ret=SUCCESS |  
2019-08-23 02:48:24,532 [grpc-default-executor-1] INFO  client.GrpcClientProtocolClient (GrpcClientProtocolClient.java:onNext(255)) - client-B268B4322F32->17750241-545b-4219-93a1-14a6ea3d85be: receive RaftClientReply:client-B268B4322F32->17750241-545b-4219-93a1-14a6ea3d85be@group-C33FBD9556F2, cid=2105, SUCCESS, logIndex=0, commits[17750241-545b-4219-93a1-14a6ea3d85be:c3113, 4eaaa090-573e-41d3-9f8c-c99e236d806a:c3111, 5f4cf9ee-4bed-49de-adaa-861aec894328:c3111]
2019-08-23 02:48:24,533 | INFO  | SCMAudit | user=jenkins1000 | ip=192.168.34.22 | op=ALLOCATE_BLOCK {owner=31d65bc3-3f70-45f5-bbc5-e3a15f967ba6, size=4194304, type=RATIS, factor=THREE} | ret=SUCCESS |  
2019-08-23 02:48:24,537 | INFO  | OMAudit | user=jenkins1000 | ip=127.0.0.1 | op=ALLOCATE_BLOCK {volume=vol-0-78052, bucket=bucket-0-33874, key=key-0-20719, dataSize=2147483657, replicationType=RATIS, replicationFactor=THREE, keyLocationInfo=[], clientID=102664010308846034} | ret=SUCCESS |  
2019-08-23 02:48:24,546 | INFO  | DNAudit | user=null | ip=null | op=WRITE_CHUNK {blockData=conID: 3 locID: 102664012073075242 bcsId: 0} | ret=SUCCESS |  
2019-08-23 02:48:24,548 | INFO  | DNAudit | user=null | ip=null | op=WRITE_CHUNK {blockData=conID: 3 locID: 102664012073075242 bcsId: 0} | ret=SUCCESS |  
2019-08-23 02:48:24,549 | INFO  | DNAudit | user=null | ip=null | op=WRITE_CHUNK {blockData=conID: 3 locID: 102664012073075242 bcsId: 0} | ret=SUCCESS |  
2019-08-23 02:48:24,550 | INFO  | DNAudit | user=null | ip=null | op=WRITE_CHUNK {blockData=conID: 3 locID: 102664012073075242 bcsId: 0} | ret=SUCCESS |  
2019-08-23 02:48:24,550 | INFO  | DNAudit | user=null | ip=null | op=WRITE_CHUNK {blockData=conID: 3 locID: 102664012073075242 bcsId: 0} | ret=SUCCESS |  
2019-08-23 02:48:24,551 | INFO  | DNAudit | user=null | ip=null | op=WRITE_CHUNK {blockData=conID: 3 locID: 102664012073075242 bcsId: 0} | ret=SUCCESS |  
2019-08-23 02:48:24,564 | INFO  | DNAudit | user=null | ip=null | op=WRITE_CHUNK {blockData=conID: 3 locID: 102664012073075242 bcsId: 0} | ret=SUCCESS |  
2019-08-23 02:48:24,564 | INFO  | DNAudit | user=null | ip=null | op=PUT_BLOCK {blockData=[blockId=conID: 3 locID: 102664012073075242 bcsId: 0,size=1048576]} | ret=SUCCESS |  
2019-08-23 02:48:24,565 | INFO  | DNAudit | user=null | ip=null | op=WRITE_CHUNK {blockData=conID: 3 locID: 102664012073075242 bcsId: 0} | ret=SUCCESS |  
2019-08-23 02:48:24,565 [grpc-default-executor-2] INFO  client.GrpcClientProtocolClient (GrpcClientProtocolClient.java:onNext(255)) - client-B268B4322F32->17750241-545b-4219-93a1-14a6ea3d85be: receive RaftClientReply:client-B268B4322F32->17750241-545b-4219-93a1-14a6ea3d85be@group-C33FBD9556F2, cid=2106, SUCCESS, logIndex=3114, commits[17750241-545b-4219-93a1-14a6ea3d85be:c3115, 4eaaa090-573e-41d3-9f8c-c99e236d806a:c3113, 5f4cf9ee-4bed-49de-adaa-861aec894328:c3111]
2019-08-23 02:48:24,565 | INFO  | DNAudit | user=null | ip=null | op=PUT_BLOCK {blockData=[blockId=conID: 3 locID: 102664012073075242 bcsId: 0,size=2097152]} | ret=SUCCESS |  
2019-08-23 02:48:24,565 | INFO  | DNAudit | user=null | ip=null | op=WRITE_CHUNK {blockData=conID: 3 locID: 102664012073075242 bcsId: 0} | ret=SUCCESS |  
2019-08-23 02:48:24,565 [grpc-default-executor-2] INFO  client.GrpcClientProtocolClient (GrpcClientProtocolClient.java:onNext(255)) - client-B268B4322F32->17750241-545b-4219-93a1-14a6ea3d85be: receive RaftClientReply:client-B268B4322F32->17750241-545b-4219-93a1-14a6ea3d85be@group-C33FBD9556F2, cid=2107, SUCCESS, logIndex=3115, commits[17750241-545b-4219-93a1-14a6ea3d85be:c3117, 4eaaa090-573e-41d3-9f8c-c99e236d806a:c3113, 5f4cf9ee-4bed-49de-adaa-861aec894328:c3113]
2019-08-23 02:48:24,566 [grpc-default-executor-2] INFO  client.GrpcClientProtocolClient (GrpcClientProtocolClient.java:onNext(255)) - client-B268B4322F32->17750241-545b-4219-93a1-14a6ea3d85be: receive RaftClientReply:client-B268B4322F32->17750241-545b-4219-93a1-14a6ea3d85be@group-C33FBD9556F2, cid=2108, SUCCESS, logIndex=3116, commits[17750241-545b-4219-93a1-14a6ea3d85be:c3117, 4eaaa090-573e-41d3-9f8c-c99e236d806a:c3113, 5f4cf9ee-4bed-49de-adaa-861aec894328:c3113]
2019-08-23 02:48:24,566 [grpc-default-executor-2] INFO  client.GrpcClientProtocolClient (GrpcClientProtocolClient.java:onNext(255)) - client-B268B4322F32->17750241-545b-4219-93a1-14a6ea3d85be: receive RaftClientReply:client-B268B4322F32->17750241-545b-4219-93a1-14a6ea3d85be@group-C33FBD9556F2, cid=2109, SUCCESS, logIndex=3117, commits[17750241-545b-4219-93a1-14a6ea3d85be:c3117, 4eaaa090-573e-41d3-9f8c-c99e236d806a:c3113, 5f4cf9ee-4bed-49de-adaa-861aec894328:c3113]
2019-08-23 02:48:24,566 | INFO  | DNAudit | user=null | ip=null | op=WRITE_CHUNK {blockData=conID: 3 locID: 102664012073075242 bcsId: 0} | ret=SUCCESS |  
2019-08-23 02:48:24,567 | INFO  | DNAudit | user=null | ip=null | op=PUT_BLOCK {blockData=[blockId=conID: 3 locID: 102664012073075242 bcsId: 0,size=1048576]} | ret=SUCCESS |  
2019-08-23 02:48:24,577 | INFO  | DNAudit | user=null | ip=null | op=PUT_BLOCK {blockData=[blockId=conID: 3 locID: 102664012073075242 bcsId: 0,size=1048576]} | ret=SUCCESS |  
2019-08-23 02:48:24,577 | INFO  | DNAudit | user=null | ip=null | op=WRITE_CHUNK {blockData=conID: 3 locID: 102664012073075242 bcsId: 0} | ret=SUCCESS |  
2019-08-23 02:48:24,578 | INFO  | DNAudit | user=null | ip=null | op=PUT_BLOCK {blockData=[blockId=conID: 3 locID: 102664012073075242 bcsId: 0,size=2097152]} | ret=SUCCESS |  
2019-08-23 02:48:24,578 | INFO  | DNAudit | user=null | ip=null | op=WRITE_CHUNK {blockData=conID: 3 locID: 102664012073075242 bcsId: 0} | ret=SUCCESS |  
2019-08-23 02:48:24,578 [grpc-default-executor-6] INFO  client.GrpcClientProtocolClient (GrpcClientProtocolClient.java:onNext(255)) - client-B268B4322F32->17750241-545b-4219-93a1-14a6ea3d85be: receive RaftClientReply:client-B268B4322F32->17750241-545b-4219-93a1-14a6ea3d85be@group-C33FBD9556F2, cid=2110, SUCCESS, logIndex=0, commits[17750241-545b-4219-93a1-14a6ea3d85be:c3119, 4eaaa090-573e-41d3-9f8c-c99e236d806a:c3115, 5f4cf9ee-4bed-49de-adaa-861aec894328:c3115]
2019-08-23 02:48:24,578 | INFO  | DNAudit | user=null | ip=null | op=PUT_BLOCK {blockData=[blockId=conID: 3 locID: 102664012073075242 bcsId: 0,size=2097152]} | ret=SUCCESS |  
2019-08-23 02:48:24,584 | INFO  | DNAudit | user=null | ip=null | op=WRITE_CHUNK {blockData=conID: 3 locID: 102664012073075242 bcsId: 3117} | ret=SUCCESS |  
2019-08-23 02:48:24,586 | INFO  | DNAudit | user=null | ip=null | op=WRITE_CHUNK {blockData=conID: 3 locID: 102664012073075242 bcsId: 3117} | ret=SUCCESS |  
2019-08-23 02:48:24,586 | INFO  | DNAudit | user=null | ip=null | op=WRITE_CHUNK {blockData=conID: 3 locID: 102664012073075242 bcsId: 3117} | ret=SUCCESS |  
2019-08-23 02:48:24,596 | INFO  | DNAudit | user=null | ip=null | op=WRITE_CHUNK {blockData=conID: 3 locID: 102664012073075242 bcsId: 3117} | ret=SUCCESS |  
2019-08-23 02:48:24,597 | INFO  | DNAudit | user=null | ip=null | op=PUT_BLOCK {blockData=[blockId=conID: 3 locID: 102664012073075242 bcsId: 0,size=3145728]} | ret=SUCCESS |  
2019-08-23 02:48:24,597 [grpc-default-executor-6] INFO  client.GrpcClientProtocolClient (GrpcClientProtocolClient.java:onNext(255)) - client-B268B4322F32->17750241-545b-4219-93a1-14a6ea3d85be: receive RaftClientReply:client-B268B4322F32->17750241-545b-4219-93a1-14a6ea3d85be@group-C33FBD9556F2, cid=2111, SUCCESS, logIndex=3121, commits[17750241-545b-4219-93a1-14a6ea3d85be:c3122, 4eaaa090-573e-41d3-9f8c-c99e236d806a:c3120, 5f4cf9ee-4bed-49de-adaa-861aec894328:c3120]
2019-08-23 02:48:24,597 [grpc-default-executor-6] INFO  client.GrpcClientProtocolClient (GrpcClientProtocolClient.java:onNext(255)) - client-B268B4322F32->17750241-545b-4219-93a1-14a6ea3d85be: receive RaftClientReply:client-B268B4322F32->17750241-545b-4219-93a1-14a6ea3d85be@group-C33FBD9556F2, cid=2112, SUCCESS, logIndex=3122, commits[17750241-545b-4219-93a1-14a6ea3d85be:c3122, 4eaaa090-573e-41d3-9f8c-c99e236d806a:c3120, 5f4cf9ee-4bed-49de-adaa-861aec894328:c3120]
2019-08-23 02:48:24,602 | INFO  | DNAudit | user=null | ip=null | op=WRITE_CHUNK {blockData=conID: 3 locID: 102664012073075242 bcsId: 3122} | ret=SUCCESS |  
2019-08-23 02:48:24,605 | INFO  | DNAudit | user=null | ip=null | op=WRITE_CHUNK {blockData=conID: 3 locID: 102664012073075242 bcsId: 3122} | ret=SUCCESS |  
2019-08-23 02:48:24,605 | INFO  | DNAudit | user=null | ip=null | op=WRITE_CHUNK {blockData=conID: 3 locID: 102664012073075242 bcsId: 3122} | ret=SUCCESS |  
2019-08-23 02:48:24,608 | INFO  | DNAudit | user=null | ip=null | op=WRITE_CHUNK {blockData=conID: 3 locID: 102664012073075242 bcsId: 3117} | ret=SUCCESS |  
2019-08-23 02:48:24,608 | INFO  | DNAudit | user=null | ip=null | op=WRITE_CHUNK {blockData=conID: 3 locID: 102664012073075242 bcsId: 3117} | ret=SUCCESS |  
2019-08-23 02:48:24,610 | INFO  | DNAudit | user=null | ip=null | op=PUT_BLOCK {blockData=[blockId=conID: 3 locID: 102664012073075242 bcsId: 0,size=3145728]} | ret=SUCCESS |  
2019-08-23 02:48:24,610 | INFO  | DNAudit | user=null | ip=null | op=PUT_BLOCK {blockData=[blockId=conID: 3 locID: 102664012073075242 bcsId: 0,size=3145728]} | ret=SUCCESS |  
2019-08-23 02:48:24,611 | INFO  | DNAudit | user=null | ip=null | op=WRITE_CHUNK {blockData=conID: 3 locID: 102664012073075242 bcsId: 3122} | ret=SUCCESS |  
2019-08-23 02:48:24,611 | INFO  | DNAudit | user=null | ip=null | op=PUT_BLOCK {blockData=[blockId=conID: 3 locID: 102664012073075242 bcsId: 0,size=4194304]} | ret=SUCCESS |  
2019-08-23 02:48:24,612 [grpc-default-executor-1] INFO  client.GrpcClientProtocolClient (GrpcClientProtocolClient.java:onNext(255)) - client-B268B4322F32->17750241-545b-4219-93a1-14a6ea3d85be: receive RaftClientReply:client-B268B4322F32->17750241-545b-4219-93a1-14a6ea3d85be@group-C33FBD9556F2, cid=2113, SUCCESS, logIndex=3125, commits[17750241-545b-4219-93a1-14a6ea3d85be:c3126, 4eaaa090-573e-41d3-9f8c-c99e236d806a:c3122, 5f4cf9ee-4bed-49de-adaa-861aec894328:c3122]
2019-08-23 02:48:24,612 [grpc-default-executor-1] INFO  client.GrpcClientProtocolClient (GrpcClientProtocolClient.java:onNext(255)) - client-B268B4322F32->17750241-545b-4219-93a1-14a6ea3d85be: receive RaftClientReply:client-B268B4322F32->17750241-545b-4219-93a1-14a6ea3d85be@group-C33FBD9556F2, cid=2114, SUCCESS, logIndex=3126, commits[17750241-545b-4219-93a1-14a6ea3d85be:c3126, 4eaaa090-573e-41d3-9f8c-c99e236d806a:c3122, 5f4cf9ee-4bed-49de-adaa-861aec894328:c3122]
2019-08-23 02:48:24,624 | INFO  | DNAudit | user=null | ip=null | op=WRITE_CHUNK {blockData=conID: 3 locID: 102664012073075242 bcsId: 3122} | ret=SUCCESS |  
2019-08-23 02:48:24,624 | INFO  | DNAudit | user=null | ip=null | op=WRITE_CHUNK {blockData=conID: 3 locID: 102664012073075242 bcsId: 3122} | ret=SUCCESS |  
2019-08-23 02:48:24,635 | INFO  | DNAudit | user=null | ip=null | op=PUT_BLOCK {blockData=[blockId=conID: 3 locID: 102664012073075242 bcsId: 0,size=4194304]} | ret=SUCCESS |  
2019-08-23 02:48:24,635 | INFO  | DNAudit | user=null | ip=null | op=PUT_BLOCK {blockData=[blockId=conID: 3 locID: 102664012073075242 bcsId: 0,size=4194304]} | ret=SUCCESS |  
2019-08-23 02:48:24,636 [grpc-default-executor-1] INFO  client.GrpcClientProtocolClient (GrpcClientProtocolClient.java:onNext(255)) - client-B268B4322F32->17750241-545b-4219-93a1-14a6ea3d85be: receive RaftClientReply:client-B268B4322F32->17750241-545b-4219-93a1-14a6ea3d85be@group-C33FBD9556F2, cid=2115, SUCCESS, logIndex=0, commits[17750241-545b-4219-93a1-14a6ea3d85be:c3128, 4eaaa090-573e-41d3-9f8c-c99e236d806a:c3126, 5f4cf9ee-4bed-49de-adaa-861aec894328:c3126]
2019-08-23 02:48:24,638 | INFO  | SCMAudit | user=jenkins1000 | ip=192.168.34.22 | op=ALLOCATE_BLOCK {owner=31d65bc3-3f70-45f5-bbc5-e3a15f967ba6, size=4194304, type=RATIS, factor=THREE} | ret=SUCCESS |  
2019-08-23 02:48:24,642 | INFO  | OMAudit | user=jenkins1000 | ip=127.0.0.1 | op=ALLOCATE_BLOCK {volume=vol-0-78052, bucket=bucket-0-33874, key=key-0-20719, dataSize=2147483657, replicationType=RATIS, replicationFactor=THREE, keyLocationInfo=[], clientID=102664010308846034} | ret=SUCCESS |  
2019-08-23 02:48:24,651 | INFO  | DNAudit | user=null | ip=null | op=WRITE_CHUNK {blockData=conID: 1 locID: 102664012079956523 bcsId: 0} | ret=SUCCESS |  
2019-08-23 02:48:24,653 | INFO  | DNAudit | user=null | ip=null | op=WRITE_CHUNK {blockData=conID: 1 locID: 102664012079956523 bcsId: 0} | ret=SUCCESS |  
2019-08-23 02:48:24,653 | INFO  | DNAudit | user=null | ip=null | op=WRITE_CHUNK {blockData=conID: 1 locID: 102664012079956523 bcsId: 0} | ret=SUCCESS |  
2019-08-23 02:48:24,654 | INFO  | DNAudit | user=null | ip=null | op=WRITE_CHUNK {blockData=conID: 1 locID: 102664012079956523 bcsId: 0} | ret=SUCCESS |  
2019-08-23 02:48:24,655 | INFO  | DNAudit | user=null | ip=null | op=WRITE_CHUNK {blockData=conID: 1 locID: 102664012079956523 bcsId: 0} | ret=SUCCESS |  
2019-08-23 02:48:24,656 | INFO  | DNAudit | user=null | ip=null | op=WRITE_CHUNK {blockData=conID: 1 locID: 102664012079956523 bcsId: 0} | ret=SUCCESS |  
2019-08-23 02:48:24,663 | INFO  | DNAudit | user=null | ip=null | op=WRITE_CHUNK {blockData=conID: 1 locID: 102664012079956523 bcsId: 0} | ret=SUCCESS |  
2019-08-23 02:48:24,664 | INFO  | DNAudit | user=null | ip=null | op=PUT_BLOCK {blockData=[blockId=conID: 1 locID: 102664012079956523 bcsId: 0,size=1048576]} | ret=SUCCESS |  
2019-08-23 02:48:24,664 [grpc-default-executor-6] INFO  client.GrpcClientProtocolClient (GrpcClientProtocolClient.java:onNext(255)) - client-B268B4322F32->17750241-545b-4219-93a1-14a6ea3d85be: receive RaftClientReply:client-B268B4322F32->17750241-545b-4219-93a1-14a6ea3d85be@group-C33FBD9556F2, cid=2116, SUCCESS, logIndex=3129, commits[17750241-545b-4219-93a1-14a6ea3d85be:c3130, 4eaaa090-573e-41d3-9f8c-c99e236d806a:c3128, 5f4cf9ee-4bed-49de-adaa-861aec894328:c3128]
2019-08-23 02:48:24,664 | INFO  | DNAudit | user=null | ip=null | op=WRITE_CHUNK {blockData=conID: 1 locID: 102664012079956523 bcsId: 0} | ret=SUCCESS |  
2019-08-23 02:48:24,664 | INFO  | DNAudit | user=null | ip=null | op=PUT_BLOCK {blockData=[blockId=conID: 1 locID: 102664012079956523 bcsId: 0,size=2097152]} | ret=SUCCESS |  
2019-08-23 02:48:24,664 [grpc-default-executor-6] INFO  client.GrpcClientProtocolClient (GrpcClientProtocolClient.java:onNext(255)) - client-B268B4322F32->17750241-545b-4219-93a1-14a6ea3d85be: receive RaftClientReply:client-B268B4322F32->17750241-545b-4219-93a1-14a6ea3d85be@group-C33FBD9556F2, cid=2117, SUCCESS, logIndex=3130, commits[17750241-545b-4219-93a1-14a6ea3d85be:c3132, 4eaaa090-573e-41d3-9f8c-c99e236d806a:c3128, 5f4cf9ee-4bed-49de-adaa-861aec894328:c3128]
2019-08-23 02:48:24,665 [grpc-default-executor-6] INFO  client.GrpcClientProtocolClient (GrpcClientProtocolClient.java:onNext(255)) - client-B268B4322F32->17750241-545b-4219-93a1-14a6ea3d85be: receive RaftClientReply:client-B268B4322F32->17750241-545b-4219-93a1-14a6ea3d85be@group-C33FBD9556F2, cid=2118, SUCCESS, logIndex=3131, commits[17750241-545b-4219-93a1-14a6ea3d85be:c3132, 4eaaa090-573e-41d3-9f8c-c99e236d806a:c3128, 5f4cf9ee-4bed-49de-adaa-861aec894328:c3128]
2019-08-23 02:48:24,665 [grpc-default-executor-6] INFO  client.GrpcClientProtocolClient (GrpcClientProtocolClient.java:onNext(255)) - client-B268B4322F32->17750241-545b-4219-93a1-14a6ea3d85be: receive RaftClientReply:client-B268B4322F32->17750241-545b-4219-93a1-14a6ea3d85be@group-C33FBD9556F2, cid=2119, SUCCESS, logIndex=3132, commits[17750241-545b-4219-93a1-14a6ea3d85be:c3132, 4eaaa090-573e-41d3-9f8c-c99e236d806a:c3128, 5f4cf9ee-4bed-49de-adaa-861aec894328:c3128]
2019-08-23 02:48:24,667 | INFO  | DNAudit | user=null | ip=null | op=WRITE_CHUNK {blockData=conID: 1 locID: 102664012079956523 bcsId: 0} | ret=SUCCESS |  
2019-08-23 02:48:24,667 | INFO  | DNAudit | user=null | ip=null | op=WRITE_CHUNK {blockData=conID: 1 locID: 102664012079956523 bcsId: 0} | ret=SUCCESS |  
2019-08-23 02:48:24,667 | INFO  | DNAudit | user=null | ip=null | op=PUT_BLOCK {blockData=[blockId=conID: 1 locID: 102664012079956523 bcsId: 0,size=1048576]} | ret=SUCCESS |  
2019-08-23 02:48:24,678 | INFO  | DNAudit | user=null | ip=null | op=WRITE_CHUNK {blockData=conID: 1 locID: 102664012079956523 bcsId: 0} | ret=SUCCESS |  
2019-08-23 02:48:24,678 | INFO  | DNAudit | user=null | ip=null | op=PUT_BLOCK {blockData=[blockId=conID: 1 locID: 102664012079956523 bcsId: 0,size=2097152]} | ret=SUCCESS |  
2019-08-23 02:48:24,678 | INFO  | DNAudit | user=null | ip=null | op=PUT_BLOCK {blockData=[blockId=conID: 1 locID: 102664012079956523 bcsId: 0,size=1048576]} | ret=SUCCESS |  
2019-08-23 02:48:24,678 | INFO  | DNAudit | user=null | ip=null | op=WRITE_CHUNK {blockData=conID: 1 locID: 102664012079956523 bcsId: 0} | ret=SUCCESS |  
2019-08-23 02:48:24,678 [grpc-default-executor-6] INFO  client.GrpcClientProtocolClient (GrpcClientProtocolClient.java:onNext(255)) - client-B268B4322F32->17750241-545b-4219-93a1-14a6ea3d85be: receive RaftClientReply:client-B268B4322F32->17750241-545b-4219-93a1-14a6ea3d85be@group-C33FBD9556F2, cid=2120, SUCCESS, logIndex=0, commits[17750241-545b-4219-93a1-14a6ea3d85be:c3136, 4eaaa090-573e-41d3-9f8c-c99e236d806a:c3132, 5f4cf9ee-4bed-49de-adaa-861aec894328:c3130]
2019-08-23 02:48:24,679 | INFO  | DNAudit | user=null | ip=null | op=PUT_BLOCK {blockData=[blockId=conID: 1 locID: 102664012079956523 bcsId: 0,size=2097152]} | ret=SUCCESS |  
2019-08-23 02:48:24,684 | INFO  | DNAudit | user=null | ip=null | op=WRITE_CHUNK {blockData=conID: 1 locID: 102664012079956523 bcsId: 3132} | ret=SUCCESS |  
2019-08-23 02:48:24,686 | INFO  | DNAudit | user=null | ip=null | op=WRITE_CHUNK {blockData=conID: 1 locID: 102664012079956523 bcsId: 3132} | ret=SUCCESS |  
2019-08-23 02:48:24,687 | INFO  | DNAudit | user=null | ip=null | op=WRITE_CHUNK {blockData=conID: 1 locID: 102664012079956523 bcsId: 3132} | ret=SUCCESS |  
2019-08-23 02:48:24,696 | INFO  | DNAudit | user=null | ip=null | op=WRITE_CHUNK {blockData=conID: 1 locID: 102664012079956523 bcsId: 3132} | ret=SUCCESS |  
2019-08-23 02:48:24,697 | INFO  | DNAudit | user=null | ip=null | op=PUT_BLOCK {blockData=[blockId=conID: 1 locID: 102664012079956523 bcsId: 0,size=3145728]} | ret=SUCCESS |  
2019-08-23 02:48:24,697 [grpc-default-executor-1] INFO  client.GrpcClientProtocolClient (GrpcClientProtocolClient.java:onNext(255)) - client-B268B4322F32->17750241-545b-4219-93a1-14a6ea3d85be: receive RaftClientReply:client-B268B4322F32->17750241-545b-4219-93a1-14a6ea3d85be@group-C33FBD9556F2, cid=2121, SUCCESS, logIndex=3137, commits[17750241-545b-4219-93a1-14a6ea3d85be:c3138, 4eaaa090-573e-41d3-9f8c-c99e236d806a:c3136, 5f4cf9ee-4bed-49de-adaa-861aec894328:c3136]
2019-08-23 02:48:24,697 [grpc-default-executor-1] INFO  client.GrpcClientProtocolClient (GrpcClientProtocolClient.java:onNext(255)) - client-B268B4322F32->17750241-545b-4219-93a1-14a6ea3d85be: receive RaftClientReply:client-B268B4322F32->17750241-545b-4219-93a1-14a6ea3d85be@group-C33FBD9556F2, cid=2122, SUCCESS, logIndex=3138, commits[17750241-545b-4219-93a1-14a6ea3d85be:c3138, 4eaaa090-573e-41d3-9f8c-c99e236d806a:c3136, 5f4cf9ee-4bed-49de-adaa-861aec894328:c3136]
2019-08-23 02:48:24,703 | INFO  | DNAudit | user=null | ip=null | op=WRITE_CHUNK {blockData=conID: 1 locID: 102664012079956523 bcsId: 3138} | ret=SUCCESS |  
2019-08-23 02:48:24,705 | INFO  | DNAudit | user=null | ip=null | op=WRITE_CHUNK {blockData=conID: 1 locID: 102664012079956523 bcsId: 3138} | ret=SUCCESS |  
2019-08-23 02:48:24,705 | INFO  | DNAudit | user=null | ip=null | op=WRITE_CHUNK {blockData=conID: 1 locID: 102664012079956523 bcsId: 3138} | ret=SUCCESS |  
2019-08-23 02:48:24,708 | INFO  | DNAudit | user=null | ip=null | op=WRITE_CHUNK {blockData=conID: 1 locID: 102664012079956523 bcsId: 3132} | ret=SUCCESS |  
2019-08-23 02:48:24,708 | INFO  | DNAudit | user=null | ip=null | op=WRITE_CHUNK {blockData=conID: 1 locID: 102664012079956523 bcsId: 3132} | ret=SUCCESS |  
2019-08-23 02:48:24,708 | INFO  | DNAudit | user=null | ip=null | op=PUT_BLOCK {blockData=[blockId=conID: 1 locID: 102664012079956523 bcsId: 0,size=3145728]} | ret=SUCCESS |  
2019-08-23 02:48:24,708 | INFO  | DNAudit | user=null | ip=null | op=PUT_BLOCK {blockData=[blockId=conID: 1 locID: 102664012079956523 bcsId: 0,size=3145728]} | ret=SUCCESS |  
2019-08-23 02:48:24,711 | INFO  | DNAudit | user=null | ip=null | op=WRITE_CHUNK {blockData=conID: 1 locID: 102664012079956523 bcsId: 3138} | ret=SUCCESS |  
2019-08-23 02:48:24,711 | INFO  | DNAudit | user=null | ip=null | op=PUT_BLOCK {blockData=[blockId=conID: 1 locID: 102664012079956523 bcsId: 0,size=4194304]} | ret=SUCCESS |  
2019-08-23 02:48:24,712 [grpc-default-executor-2] INFO  client.GrpcClientProtocolClient (GrpcClientProtocolClient.java:onNext(255)) - client-B268B4322F32->17750241-545b-4219-93a1-14a6ea3d85be: receive RaftClientReply:client-B268B4322F32->17750241-545b-4219-93a1-14a6ea3d85be@group-C33FBD9556F2, cid=2123, SUCCESS, logIndex=3141, commits[17750241-545b-4219-93a1-14a6ea3d85be:c3142, 4eaaa090-573e-41d3-9f8c-c99e236d806a:c3138, 5f4cf9ee-4bed-49de-adaa-861aec894328:c3138]
2019-08-23 02:48:24,712 [grpc-default-executor-2] INFO  client.GrpcClientProtocolClient (GrpcClientProtocolClient.java:onNext(255)) - client-B268B4322F32->17750241-545b-4219-93a1-14a6ea3d85be: receive RaftClientReply:client-B268B4322F32->17750241-545b-4219-93a1-14a6ea3d85be@group-C33FBD9556F2, cid=2124, SUCCESS, logIndex=3142, commits[17750241-545b-4219-93a1-14a6ea3d85be:c3142, 4eaaa090-573e-41d3-9f8c-c99e236d806a:c3138, 5f4cf9ee-4bed-49de-adaa-861aec894328:c3138]
2019-08-23 02:48:24,723 | INFO  | DNAudit | user=null | ip=null | op=WRITE_CHUNK {blockData=conID: 1 locID: 102664012079956523 bcsId: 3138} | ret=SUCCESS |  
2019-08-23 02:48:24,723 | INFO  | DNAudit | user=null | ip=null | op=WRITE_CHUNK {blockData=conID: 1 locID: 102664012079956523 bcsId: 3138} | ret=SUCCESS |  
2019-08-23 02:48:24,723 | INFO  | DNAudit | user=null | ip=null | op=PUT_BLOCK {blockData=[blockId=conID: 1 locID: 102664012079956523 bcsId: 0,size=4194304]} | ret=SUCCESS |  
2019-08-23 02:48:24,723 | INFO  | DNAudit | user=null | ip=null | op=PUT_BLOCK {blockData=[blockId=conID: 1 locID: 102664012079956523 bcsId: 0,size=4194304]} | ret=SUCCESS |  
2019-08-23 02:48:24,723 [grpc-default-executor-6] INFO  client.GrpcClientProtocolClient (GrpcClientProtocolClient.java:onNext(255)) - client-B268B4322F32->17750241-545b-4219-93a1-14a6ea3d85be: receive RaftClientReply:client-B268B4322F32->17750241-545b-4219-93a1-14a6ea3d85be@group-C33FBD9556F2, cid=2125, SUCCESS, logIndex=0, commits[17750241-545b-4219-93a1-14a6ea3d85be:c3142, 4eaaa090-573e-41d3-9f8c-c99e236d806a:c3142, 5f4cf9ee-4bed-49de-adaa-861aec894328:c3142]
2019-08-23 02:48:24,725 | INFO  | SCMAudit | user=jenkins1000 | ip=192.168.34.22 | op=ALLOCATE_BLOCK {owner=31d65bc3-3f70-45f5-bbc5-e3a15f967ba6, size=4194304, type=RATIS, factor=THREE} | ret=SUCCESS |  
2019-08-23 02:48:24,729 | INFO  | OMAudit | user=jenkins1000 | ip=127.0.0.1 | op=ALLOCATE_BLOCK {volume=vol-0-78052, bucket=bucket-0-33874, key=key-0-20719, dataSize=2147483657, replicationType=RATIS, replicationFactor=THREE, keyLocationInfo=[], clientID=102664010308846034} | ret=SUCCESS |  
2019-08-23 02:48:24,738 | INFO  | DNAudit | user=null | ip=null | op=WRITE_CHUNK {blockData=conID: 2 locID: 102664012085658156 bcsId: 0} | ret=SUCCESS |  
2019-08-23 02:48:24,740 | INFO  | DNAudit | user=null | ip=null | op=WRITE_CHUNK {blockData=conID: 2 locID: 102664012085658156 bcsId: 0} | ret=SUCCESS |  
2019-08-23 02:48:24,741 | INFO  | DNAudit | user=null | ip=null | op=WRITE_CHUNK {blockData=conID: 2 locID: 102664012085658156 bcsId: 0} | ret=SUCCESS |  
2019-08-23 02:48:24,742 | INFO  | DNAudit | user=null | ip=null | op=WRITE_CHUNK {blockData=conID: 2 locID: 102664012085658156 bcsId: 0} | ret=SUCCESS |  
2019-08-23 02:48:24,743 | INFO  | DNAudit | user=null | ip=null | op=WRITE_CHUNK {blockData=conID: 2 locID: 102664012085658156 bcsId: 0} | ret=SUCCESS |  
2019-08-23 02:48:24,743 | INFO  | DNAudit | user=null | ip=null | op=WRITE_CHUNK {blockData=conID: 2 locID: 102664012085658156 bcsId: 0} | ret=SUCCESS |  
2019-08-23 02:48:24,743 | INFO  | DNAudit | user=null | ip=null | op=PUT_BLOCK {blockData=[blockId=conID: 2 locID: 102664012085658156 bcsId: 0,size=1048576]} | ret=SUCCESS |  
2019-08-23 02:48:24,743 | INFO  | DNAudit | user=null | ip=null | op=WRITE_CHUNK {blockData=conID: 2 locID: 102664012085658156 bcsId: 0} | ret=SUCCESS |  
2019-08-23 02:48:24,743 [grpc-default-executor-6] INFO  client.GrpcClientProtocolClient (GrpcClientProtocolClient.java:onNext(255)) - client-B268B4322F32->17750241-545b-4219-93a1-14a6ea3d85be: receive RaftClientReply:client-B268B4322F32->17750241-545b-4219-93a1-14a6ea3d85be@group-C33FBD9556F2, cid=2126, SUCCESS, logIndex=3145, commits[17750241-545b-4219-93a1-14a6ea3d85be:c3146, 4eaaa090-573e-41d3-9f8c-c99e236d806a:c3144, 5f4cf9ee-4bed-49de-adaa-861aec894328:c3142]
2019-08-23 02:48:24,744 [grpc-default-executor-6] INFO  client.GrpcClientProtocolClient (GrpcClientProtocolClient.java:onNext(255)) - client-B268B4322F32->17750241-545b-4219-93a1-14a6ea3d85be: receive RaftClientReply:client-B268B4322F32->17750241-545b-4219-93a1-14a6ea3d85be@group-C33FBD9556F2, cid=2127, SUCCESS, logIndex=3146, commits[17750241-545b-4219-93a1-14a6ea3d85be:c3146, 4eaaa090-573e-41d3-9f8c-c99e236d806a:c3144, 5f4cf9ee-4bed-49de-adaa-861aec894328:c3142]
2019-08-23 02:48:24,745 | INFO  | DNAudit | user=null | ip=null | op=WRITE_CHUNK {blockData=conID: 2 locID: 102664012085658156 bcsId: 0} | ret=SUCCESS |  
2019-08-23 02:48:24,745 | INFO  | DNAudit | user=null | ip=null | op=WRITE_CHUNK {blockData=conID: 2 locID: 102664012085658156 bcsId: 0} | ret=SUCCESS |  
2019-08-23 02:48:24,745 | INFO  | DNAudit | user=null | ip=null | op=PUT_BLOCK {blockData=[blockId=conID: 2 locID: 102664012085658156 bcsId: 0,size=1048576]} | ret=SUCCESS |  
2019-08-23 02:48:24,745 | INFO  | DNAudit | user=null | ip=null | op=PUT_BLOCK {blockData=[blockId=conID: 2 locID: 102664012085658156 bcsId: 0,size=2097152]} | ret=SUCCESS |  
2019-08-23 02:48:24,745 [grpc-default-executor-1] INFO  client.GrpcClientProtocolClient (GrpcClientProtocolClient.java:onNext(255)) - client-B268B4322F32->17750241-545b-4219-93a1-14a6ea3d85be: receive RaftClientReply:client-B268B4322F32->17750241-545b-4219-93a1-14a6ea3d85be@group-C33FBD9556F2, cid=2128, SUCCESS, logIndex=3147, commits[17750241-545b-4219-93a1-14a6ea3d85be:c3149, 4eaaa090-573e-41d3-9f8c-c99e236d806a:c3145, 5f4cf9ee-4bed-49de-adaa-861aec894328:c3144]
2019-08-23 02:48:24,746 [grpc-default-executor-1] INFO  client.GrpcClientProtocolClient (GrpcClientProtocolClient.java:onNext(255)) - client-B268B4322F32->17750241-545b-4219-93a1-14a6ea3d85be: receive RaftClientReply:client-B268B4322F32->17750241-545b-4219-93a1-14a6ea3d85be@group-C33FBD9556F2, cid=2129, SUCCESS, logIndex=3148, commits[17750241-545b-4219-93a1-14a6ea3d85be:c3149, 4eaaa090-573e-41d3-9f8c-c99e236d806a:c3146, 5f4cf9ee-4bed-49de-adaa-861aec894328:c3144]
2019-08-23 02:48:24,747 | INFO  | DNAudit | user=null | ip=null | op=WRITE_CHUNK {blockData=conID: 2 locID: 102664012085658156 bcsId: 0} | ret=SUCCESS |  
2019-08-23 02:48:24,747 | INFO  | DNAudit | user=null | ip=null | op=PUT_BLOCK {blockData=[blockId=conID: 2 locID: 102664012085658156 bcsId: 0,size=1048576]} | ret=SUCCESS |  
2019-08-23 02:48:24,747 [grpc-default-executor-1] INFO  client.GrpcClientProtocolClient (GrpcClientProtocolClient.java:onNext(255)) - client-B268B4322F32->17750241-545b-4219-93a1-14a6ea3d85be: receive RaftClientReply:client-B268B4322F32->17750241-545b-4219-93a1-14a6ea3d85be@group-C33FBD9556F2, cid=2130, SUCCESS, logIndex=0, commits[17750241-545b-4219-93a1-14a6ea3d85be:c3150, 4eaaa090-573e-41d3-9f8c-c99e236d806a:c3146, 5f4cf9ee-4bed-49de-adaa-861aec894328:c3146]
2019-08-23 02:48:24,748 | INFO  | DNAudit | user=null | ip=null | op=WRITE_CHUNK {blockData=conID: 2 locID: 102664012085658156 bcsId: 0} | ret=SUCCESS |  
2019-08-23 02:48:24,749 | INFO  | DNAudit | user=null | ip=null | op=WRITE_CHUNK {blockData=conID: 2 locID: 102664012085658156 bcsId: 0} | ret=SUCCESS |  
2019-08-23 02:48:24,749 | INFO  | DNAudit | user=null | ip=null | op=PUT_BLOCK {blockData=[blockId=conID: 2 locID: 102664012085658156 bcsId: 0,size=2097152]} | ret=SUCCESS |  
2019-08-23 02:48:24,749 | INFO  | DNAudit | user=null | ip=null | op=PUT_BLOCK {blockData=[blockId=conID: 2 locID: 102664012085658156 bcsId: 0,size=2097152]} | ret=SUCCESS |  
2019-08-23 02:48:24,753 | INFO  | DNAudit | user=null | ip=null | op=WRITE_CHUNK {blockData=conID: 2 locID: 102664012085658156 bcsId: 3148} | ret=SUCCESS |  
2019-08-23 02:48:24,755 | INFO  | DNAudit | user=null | ip=null | op=WRITE_CHUNK {blockData=conID: 2 locID: 102664012085658156 bcsId: 3148} | ret=SUCCESS |  
2019-08-23 02:48:24,755 | INFO  | DNAudit | user=null | ip=null | op=WRITE_CHUNK {blockData=conID: 2 locID: 102664012085658156 bcsId: 3148} | ret=SUCCESS |  
2019-08-23 02:48:24,766 | INFO  | DNAudit | user=null | ip=null | op=WRITE_CHUNK {blockData=conID: 2 locID: 102664012085658156 bcsId: 3148} | ret=SUCCESS |  
2019-08-23 02:48:24,766 | INFO  | DNAudit | user=null | ip=null | op=PUT_BLOCK {blockData=[blockId=conID: 2 locID: 102664012085658156 bcsId: 0,size=3145728]} | ret=SUCCESS |  
2019-08-23 02:48:24,766 [grpc-default-executor-2] INFO  client.GrpcClientProtocolClient (GrpcClientProtocolClient.java:onNext(255)) - client-B268B4322F32->17750241-545b-4219-93a1-14a6ea3d85be: receive RaftClientReply:client-B268B4322F32->17750241-545b-4219-93a1-14a6ea3d85be@group-C33FBD9556F2, cid=2131, SUCCESS, logIndex=3153, commits[17750241-545b-4219-93a1-14a6ea3d85be:c3154, 4eaaa090-573e-41d3-9f8c-c99e236d806a:c3152, 5f4cf9ee-4bed-49de-adaa-861aec894328:c3152]
2019-08-23 02:48:24,767 [grpc-default-executor-2] INFO  client.GrpcClientProtocolClient (GrpcClientProtocolClient.java:onNext(255)) - client-B268B4322F32->17750241-545b-4219-93a1-14a6ea3d85be: receive RaftClientReply:client-B268B4322F32->17750241-545b-4219-93a1-14a6ea3d85be@group-C33FBD9556F2, cid=2132, SUCCESS, logIndex=3154, commits[17750241-545b-4219-93a1-14a6ea3d85be:c3154, 4eaaa090-573e-41d3-9f8c-c99e236d806a:c3152, 5f4cf9ee-4bed-49de-adaa-861aec894328:c3152]
2019-08-23 02:48:24,769 | INFO  | DNAudit | user=null | ip=null | op=WRITE_CHUNK {blockData=conID: 2 locID: 102664012085658156 bcsId: 3148} | ret=SUCCESS |  
2019-08-23 02:48:24,769 | INFO  | DNAudit | user=null | ip=null | op=WRITE_CHUNK {blockData=conID: 2 locID: 102664012085658156 bcsId: 3148} | ret=SUCCESS |  
2019-08-23 02:48:24,769 | INFO  | DNAudit | user=null | ip=null | op=PUT_BLOCK {blockData=[blockId=conID: 2 locID: 102664012085658156 bcsId: 0,size=3145728]} | ret=SUCCESS |  
2019-08-23 02:48:24,769 | INFO  | DNAudit | user=null | ip=null | op=PUT_BLOCK {blockData=[blockId=conID: 2 locID: 102664012085658156 bcsId: 0,size=3145728]} | ret=SUCCESS |  
2019-08-23 02:48:24,772 | INFO  | DNAudit | user=null | ip=null | op=WRITE_CHUNK {blockData=conID: 2 locID: 102664012085658156 bcsId: 3154} | ret=SUCCESS |  
2019-08-23 02:48:24,774 | INFO  | DNAudit | user=null | ip=null | op=WRITE_CHUNK {blockData=conID: 2 locID: 102664012085658156 bcsId: 3154} | ret=SUCCESS |  
2019-08-23 02:48:24,775 | INFO  | DNAudit | user=null | ip=null | op=WRITE_CHUNK {blockData=conID: 2 locID: 102664012085658156 bcsId: 3154} | ret=SUCCESS |  
2019-08-23 02:48:24,780 | INFO  | DNAudit | user=null | ip=null | op=WRITE_CHUNK {blockData=conID: 2 locID: 102664012085658156 bcsId: 3154} | ret=SUCCESS |  
2019-08-23 02:48:24,781 | INFO  | DNAudit | user=null | ip=null | op=PUT_BLOCK {blockData=[blockId=conID: 2 locID: 102664012085658156 bcsId: 0,size=4194304]} | ret=SUCCESS |  
2019-08-23 02:48:24,781 [grpc-default-executor-2] INFO  client.GrpcClientProtocolClient (GrpcClientProtocolClient.java:onNext(255)) - client-B268B4322F32->17750241-545b-4219-93a1-14a6ea3d85be: receive RaftClientReply:client-B268B4322F32->17750241-545b-4219-93a1-14a6ea3d85be@group-C33FBD9556F2, cid=2133, SUCCESS, logIndex=3157, commits[17750241-545b-4219-93a1-14a6ea3d85be:c3158, 4eaaa090-573e-41d3-9f8c-c99e236d806a:c3156, 5f4cf9ee-4bed-49de-adaa-861aec894328:c3156]
2019-08-23 02:48:24,781 [grpc-default-executor-2] INFO  client.GrpcClientProtocolClient (GrpcClientProtocolClient.java:onNext(255)) - client-B268B4322F32->17750241-545b-4219-93a1-14a6ea3d85be: receive RaftClientReply:client-B268B4322F32->17750241-545b-4219-93a1-14a6ea3d85be@group-C33FBD9556F2, cid=2134, SUCCESS, logIndex=3158, commits[17750241-545b-4219-93a1-14a6ea3d85be:c3158, 4eaaa090-573e-41d3-9f8c-c99e236d806a:c3156, 5f4cf9ee-4bed-49de-adaa-861aec894328:c3156]
2019-08-23 02:48:24,783 | INFO  | DNAudit | user=null | ip=null | op=WRITE_CHUNK {blockData=conID: 2 locID: 102664012085658156 bcsId: 3154} | ret=SUCCESS |  
2019-08-23 02:48:24,783 | INFO  | DNAudit | user=null | ip=null | op=WRITE_CHUNK {blockData=conID: 2 locID: 102664012085658156 bcsId: 3154} | ret=SUCCESS |  
2019-08-23 02:48:24,787 | INFO  | DNAudit | user=null | ip=null | op=PUT_BLOCK {blockData=[blockId=conID: 2 locID: 102664012085658156 bcsId: 0,size=4194304]} | ret=SUCCESS |  
2019-08-23 02:48:24,787 | INFO  | DNAudit | user=null | ip=null | op=PUT_BLOCK {blockData=[blockId=conID: 2 locID: 102664012085658156 bcsId: 0,size=4194304]} | ret=SUCCESS |  
2019-08-23 02:48:24,787 [grpc-default-executor-2] INFO  client.GrpcClientProtocolClient (GrpcClientProtocolClient.java:onNext(255)) - client-B268B4322F32->17750241-545b-4219-93a1-14a6ea3d85be: receive RaftClientReply:client-B268B4322F32->17750241-545b-4219-93a1-14a6ea3d85be@group-C33FBD9556F2, cid=2135, SUCCESS, logIndex=0, commits[17750241-545b-4219-93a1-14a6ea3d85be:c3160, 4eaaa090-573e-41d3-9f8c-c99e236d806a:c3158, 5f4cf9ee-4bed-49de-adaa-861aec894328:c3158]
2019-08-23 02:48:24,789 | INFO  | SCMAudit | user=jenkins1000 | ip=192.168.34.22 | op=ALLOCATE_BLOCK {owner=31d65bc3-3f70-45f5-bbc5-e3a15f967ba6, size=4194304, type=RATIS, factor=THREE} | ret=SUCCESS |  
2019-08-23 02:48:24,935 | INFO  | OMAudit | user=jenkins1000 | ip=127.0.0.1 | op=ALLOCATE_BLOCK {volume=vol-0-78052, bucket=bucket-0-33874, key=key-0-20719, dataSize=2147483657, replicationType=RATIS, replicationFactor=THREE, keyLocationInfo=[], clientID=102664010308846034} | ret=SUCCESS |  
2019-08-23 02:48:24,947 | INFO  | DNAudit | user=null | ip=null | op=WRITE_CHUNK {blockData=conID: 3 locID: 102664012089852461 bcsId: 0} | ret=SUCCESS |  
2019-08-23 02:48:24,949 | INFO  | DNAudit | user=null | ip=null | op=WRITE_CHUNK {blockData=conID: 3 locID: 102664012089852461 bcsId: 0} | ret=SUCCESS |  
2019-08-23 02:48:24,950 | INFO  | DNAudit | user=null | ip=null | op=WRITE_CHUNK {blockData=conID: 3 locID: 102664012089852461 bcsId: 0} | ret=SUCCESS |  
2019-08-23 02:48:24,951 | INFO  | DNAudit | user=null | ip=null | op=WRITE_CHUNK {blockData=conID: 3 locID: 102664012089852461 bcsId: 0} | ret=SUCCESS |  
2019-08-23 02:48:24,953 | INFO  | DNAudit | user=null | ip=null | op=WRITE_CHUNK {blockData=conID: 3 locID: 102664012089852461 bcsId: 0} | ret=SUCCESS |  
2019-08-23 02:48:24,954 | INFO  | DNAudit | user=null | ip=null | op=WRITE_CHUNK {blockData=conID: 3 locID: 102664012089852461 bcsId: 0} | ret=SUCCESS |  
2019-08-23 02:48:24,960 | INFO  | DNAudit | user=null | ip=null | op=WRITE_CHUNK {blockData=conID: 3 locID: 102664012089852461 bcsId: 0} | ret=SUCCESS |  
2019-08-23 02:48:24,961 | INFO  | DNAudit | user=null | ip=null | op=PUT_BLOCK {blockData=[blockId=conID: 3 locID: 102664012089852461 bcsId: 0,size=1048576]} | ret=SUCCESS |  
2019-08-23 02:48:24,961 [grpc-default-executor-1] INFO  client.GrpcClientProtocolClient (GrpcClientProtocolClient.java:onNext(255)) - client-B268B4322F32->17750241-545b-4219-93a1-14a6ea3d85be: receive RaftClientReply:client-B268B4322F32->17750241-545b-4219-93a1-14a6ea3d85be@group-C33FBD9556F2, cid=2136, SUCCESS, logIndex=3161, commits[17750241-545b-4219-93a1-14a6ea3d85be:c3162, 4eaaa090-573e-41d3-9f8c-c99e236d806a:c3160, 5f4cf9ee-4bed-49de-adaa-861aec894328:c3160]
2019-08-23 02:48:24,961 | INFO  | DNAudit | user=null | ip=null | op=WRITE_CHUNK {blockData=conID: 3 locID: 102664012089852461 bcsId: 0} | ret=SUCCESS |  
2019-08-23 02:48:24,961 [grpc-default-executor-1] INFO  client.GrpcClientProtocolClient (GrpcClientProtocolClient.java:onNext(255)) - client-B268B4322F32->17750241-545b-4219-93a1-14a6ea3d85be: receive RaftClientReply:client-B268B4322F32->17750241-545b-4219-93a1-14a6ea3d85be@group-C33FBD9556F2, cid=2137, SUCCESS, logIndex=3162, commits[17750241-545b-4219-93a1-14a6ea3d85be:c3164, 4eaaa090-573e-41d3-9f8c-c99e236d806a:c3160, 5f4cf9ee-4bed-49de-adaa-861aec894328:c3160]
2019-08-23 02:48:24,962 | INFO  | DNAudit | user=null | ip=null | op=WRITE_CHUNK {blockData=conID: 3 locID: 102664012089852461 bcsId: 0} | ret=SUCCESS |  
2019-08-23 02:48:24,962 | INFO  | DNAudit | user=null | ip=null | op=PUT_BLOCK {blockData=[blockId=conID: 3 locID: 102664012089852461 bcsId: 0,size=1048576]} | ret=SUCCESS |  
2019-08-23 02:48:24,962 | INFO  | DNAudit | user=null | ip=null | op=PUT_BLOCK {blockData=[blockId=conID: 3 locID: 102664012089852461 bcsId: 0,size=2097152]} | ret=SUCCESS |  
2019-08-23 02:48:24,962 | INFO  | DNAudit | user=null | ip=null | op=WRITE_CHUNK {blockData=conID: 3 locID: 102664012089852461 bcsId: 0} | ret=SUCCESS |  
2019-08-23 02:48:24,962 [grpc-default-executor-1] INFO  client.GrpcClientProtocolClient (GrpcClientProtocolClient.java:onNext(255)) - client-B268B4322F32->17750241-545b-4219-93a1-14a6ea3d85be: receive RaftClientReply:client-B268B4322F32->17750241-545b-4219-93a1-14a6ea3d85be@group-C33FBD9556F2, cid=2138, SUCCESS, logIndex=3163, commits[17750241-545b-4219-93a1-14a6ea3d85be:c3164, 4eaaa090-573e-41d3-9f8c-c99e236d806a:c3160, 5f4cf9ee-4bed-49de-adaa-861aec894328:c3160]
2019-08-23 02:48:24,962 | INFO  | DNAudit | user=null | ip=null | op=PUT_BLOCK {blockData=[blockId=conID: 3 locID: 102664012089852461 bcsId: 0,size=1048576]} | ret=SUCCESS |  
2019-08-23 02:48:24,963 | INFO  | DNAudit | user=null | ip=null | op=WRITE_CHUNK {blockData=conID: 3 locID: 102664012089852461 bcsId: 0} | ret=SUCCESS |  
2019-08-23 02:48:24,963 [grpc-default-executor-2] INFO  client.GrpcClientProtocolClient (GrpcClientProtocolClient.java:onNext(255)) - client-B268B4322F32->17750241-545b-4219-93a1-14a6ea3d85be: receive RaftClientReply:client-B268B4322F32->17750241-545b-4219-93a1-14a6ea3d85be@group-C33FBD9556F2, cid=2139, SUCCESS, logIndex=3164, commits[17750241-545b-4219-93a1-14a6ea3d85be:c3165, 4eaaa090-573e-41d3-9f8c-c99e236d806a:c3160, 5f4cf9ee-4bed-49de-adaa-861aec894328:c3162]
2019-08-23 02:48:24,963 | INFO  | DNAudit | user=null | ip=null | op=PUT_BLOCK {blockData=[blockId=conID: 3 locID: 102664012089852461 bcsId: 0,size=2097152]} | ret=SUCCESS |  
2019-08-23 02:48:24,963 | INFO  | DNAudit | user=null | ip=null | op=WRITE_CHUNK {blockData=conID: 3 locID: 102664012089852461 bcsId: 0} | ret=SUCCESS |  
2019-08-23 02:48:24,964 | INFO  | DNAudit | user=null | ip=null | op=PUT_BLOCK {blockData=[blockId=conID: 3 locID: 102664012089852461 bcsId: 0,size=2097152]} | ret=SUCCESS |  
2019-08-23 02:48:24,964 [grpc-default-executor-2] INFO  client.GrpcClientProtocolClient (GrpcClientProtocolClient.java:onNext(255)) - client-B268B4322F32->17750241-545b-4219-93a1-14a6ea3d85be: receive RaftClientReply:client-B268B4322F32->17750241-545b-4219-93a1-14a6ea3d85be@group-C33FBD9556F2, cid=2140, SUCCESS, logIndex=0, commits[17750241-545b-4219-93a1-14a6ea3d85be:c3168, 4eaaa090-573e-41d3-9f8c-c99e236d806a:c3163, 5f4cf9ee-4bed-49de-adaa-861aec894328:c3164]
2019-08-23 02:48:24,972 | INFO  | DNAudit | user=null | ip=null | op=WRITE_CHUNK {blockData=conID: 3 locID: 102664012089852461 bcsId: 3164} | ret=SUCCESS |  
2019-08-23 02:48:24,974 | INFO  | DNAudit | user=null | ip=null | op=WRITE_CHUNK {blockData=conID: 3 locID: 102664012089852461 bcsId: 3164} | ret=SUCCESS |  
2019-08-23 02:48:24,975 | INFO  | DNAudit | user=null | ip=null | op=WRITE_CHUNK {blockData=conID: 3 locID: 102664012089852461 bcsId: 3164} | ret=SUCCESS |  
2019-08-23 02:48:24,985 | INFO  | DNAudit | user=null | ip=null | op=WRITE_CHUNK {blockData=conID: 3 locID: 102664012089852461 bcsId: 3164} | ret=SUCCESS |  
2019-08-23 02:48:24,985 | INFO  | DNAudit | user=null | ip=null | op=PUT_BLOCK {blockData=[blockId=conID: 3 locID: 102664012089852461 bcsId: 0,size=3145728]} | ret=SUCCESS |  
2019-08-23 02:48:24,985 [grpc-default-executor-1] INFO  client.GrpcClientProtocolClient (GrpcClientProtocolClient.java:onNext(255)) - client-B268B4322F32->17750241-545b-4219-93a1-14a6ea3d85be: receive RaftClientReply:client-B268B4322F32->17750241-545b-4219-93a1-14a6ea3d85be@group-C33FBD9556F2, cid=2141, SUCCESS, logIndex=3169, commits[17750241-545b-4219-93a1-14a6ea3d85be:c3170, 4eaaa090-573e-41d3-9f8c-c99e236d806a:c3168, 5f4cf9ee-4bed-49de-adaa-861aec894328:c3168]
2019-08-23 02:48:24,986 [grpc-default-executor-1] INFO  client.GrpcClientProtocolClient (GrpcClientProtocolClient.java:onNext(255)) - client-B268B4322F32->17750241-545b-4219-93a1-14a6ea3d85be: receive RaftClientReply:client-B268B4322F32->17750241-545b-4219-93a1-14a6ea3d85be@group-C33FBD9556F2, cid=2142, SUCCESS, logIndex=3170, commits[17750241-545b-4219-93a1-14a6ea3d85be:c3170, 4eaaa090-573e-41d3-9f8c-c99e236d806a:c3168, 5f4cf9ee-4bed-49de-adaa-861aec894328:c3168]
2019-08-23 02:48:24,993 | INFO  | DNAudit | user=null | ip=null | op=WRITE_CHUNK {blockData=conID: 3 locID: 102664012089852461 bcsId: 3170} | ret=SUCCESS |  
2019-08-23 02:48:24,996 | INFO  | DNAudit | user=null | ip=null | op=WRITE_CHUNK {blockData=conID: 3 locID: 102664012089852461 bcsId: 3170} | ret=SUCCESS |  
2019-08-23 02:48:24,997 | INFO  | DNAudit | user=null | ip=null | op=WRITE_CHUNK {blockData=conID: 3 locID: 102664012089852461 bcsId: 3164} | ret=SUCCESS |  
2019-08-23 02:48:24,998 | INFO  | DNAudit | user=null | ip=null | op=WRITE_CHUNK {blockData=conID: 3 locID: 102664012089852461 bcsId: 3164} | ret=SUCCESS |  
2019-08-23 02:48:24,998 | INFO  | DNAudit | user=null | ip=null | op=PUT_BLOCK {blockData=[blockId=conID: 3 locID: 102664012089852461 bcsId: 0,size=3145728]} | ret=SUCCESS |  
2019-08-23 02:48:24,999 | INFO  | DNAudit | user=null | ip=null | op=PUT_BLOCK {blockData=[blockId=conID: 3 locID: 102664012089852461 bcsId: 0,size=3145728]} | ret=SUCCESS |  
2019-08-23 02:48:24,999 | INFO  | DNAudit | user=null | ip=null | op=WRITE_CHUNK {blockData=conID: 3 locID: 102664012089852461 bcsId: 3170} | ret=SUCCESS |  
2019-08-23 02:48:24,999 | INFO  | DNAudit | user=null | ip=null | op=WRITE_CHUNK {blockData=conID: 3 locID: 102664012089852461 bcsId: 3170} | ret=SUCCESS |  
2019-08-23 02:48:25,000 | INFO  | DNAudit | user=null | ip=null | op=PUT_BLOCK {blockData=[blockId=conID: 3 locID: 102664012089852461 bcsId: 0,size=4194304]} | ret=SUCCESS |  
2019-08-23 02:48:25,000 [grpc-default-executor-2] INFO  client.GrpcClientProtocolClient (GrpcClientProtocolClient.java:onNext(255)) - client-B268B4322F32->17750241-545b-4219-93a1-14a6ea3d85be: receive RaftClientReply:client-B268B4322F32->17750241-545b-4219-93a1-14a6ea3d85be@group-C33FBD9556F2, cid=2143, SUCCESS, logIndex=3173, commits[17750241-545b-4219-93a1-14a6ea3d85be:c3174, 4eaaa090-573e-41d3-9f8c-c99e236d806a:c3170, 5f4cf9ee-4bed-49de-adaa-861aec894328:c3170]
2019-08-23 02:48:25,001 [grpc-default-executor-2] INFO  client.GrpcClientProtocolClient (GrpcClientProtocolClient.java:onNext(255)) - client-B268B4322F32->17750241-545b-4219-93a1-14a6ea3d85be: receive RaftClientReply:client-B268B4322F32->17750241-545b-4219-93a1-14a6ea3d85be@group-C33FBD9556F2, cid=2144, SUCCESS, logIndex=3174, commits[17750241-545b-4219-93a1-14a6ea3d85be:c3174, 4eaaa090-573e-41d3-9f8c-c99e236d806a:c3170, 5f4cf9ee-4bed-49de-adaa-861aec894328:c3170]
2019-08-23 02:48:25,011 | INFO  | DNAudit | user=null | ip=null | op=WRITE_CHUNK {blockData=conID: 3 locID: 102664012089852461 bcsId: 3170} | ret=SUCCESS |  
2019-08-23 02:48:25,011 | INFO  | DNAudit | user=null | ip=null | op=PUT_BLOCK {blockData=[blockId=conID: 3 locID: 102664012089852461 bcsId: 0,size=4194304]} | ret=SUCCESS |  
2019-08-23 02:48:25,014 | INFO  | DNAudit | user=null | ip=null | op=WRITE_CHUNK {blockData=conID: 3 locID: 102664012089852461 bcsId: 3170} | ret=SUCCESS |  
2019-08-23 02:48:25,014 | INFO  | DNAudit | user=null | ip=null | op=PUT_BLOCK {blockData=[blockId=conID: 3 locID: 102664012089852461 bcsId: 0,size=4194304]} | ret=SUCCESS |  
2019-08-23 02:48:25,014 [grpc-default-executor-1] INFO  client.GrpcClientProtocolClient (GrpcClientProtocolClient.java:onNext(255)) - client-B268B4322F32->17750241-545b-4219-93a1-14a6ea3d85be: receive RaftClientReply:client-B268B4322F32->17750241-545b-4219-93a1-14a6ea3d85be@group-C33FBD9556F2, cid=2145, SUCCESS, logIndex=0, commits[17750241-545b-4219-93a1-14a6ea3d85be:c3175, 4eaaa090-573e-41d3-9f8c-c99e236d806a:c3174, 5f4cf9ee-4bed-49de-adaa-861aec894328:c3174]
2019-08-23 02:48:25,017 | INFO  | SCMAudit | user=jenkins1000 | ip=192.168.34.22 | op=ALLOCATE_BLOCK {owner=31d65bc3-3f70-45f5-bbc5-e3a15f967ba6, size=4194304, type=RATIS, factor=THREE} | ret=SUCCESS |  
2019-08-23 02:48:25,020 | INFO  | OMAudit | user=jenkins1000 | ip=127.0.0.1 | op=ALLOCATE_BLOCK {volume=vol-0-78052, bucket=bucket-0-33874, key=key-0-20719, dataSize=2147483657, replicationType=RATIS, replicationFactor=THREE, keyLocationInfo=[], clientID=102664010308846034} | ret=SUCCESS |  
2019-08-23 02:48:25,031 | INFO  | DNAudit | user=null | ip=null | op=WRITE_CHUNK {blockData=conID: 1 locID: 102664012104729134 bcsId: 0} | ret=SUCCESS |  
2019-08-23 02:48:25,034 | INFO  | DNAudit | user=null | ip=null | op=WRITE_CHUNK {blockData=conID: 1 locID: 102664012104729134 bcsId: 0} | ret=SUCCESS |  
2019-08-23 02:48:25,034 | INFO  | DNAudit | user=null | ip=null | op=WRITE_CHUNK {blockData=conID: 1 locID: 102664012104729134 bcsId: 0} | ret=SUCCESS |  
2019-08-23 02:48:25,034 | INFO  | DNAudit | user=null | ip=null | op=WRITE_CHUNK {blockData=conID: 1 locID: 102664012104729134 bcsId: 0} | ret=SUCCESS |  
2019-08-23 02:48:25,035 | INFO  | DNAudit | user=null | ip=null | op=WRITE_CHUNK {blockData=conID: 1 locID: 102664012104729134 bcsId: 0} | ret=SUCCESS |  
2019-08-23 02:48:25,035 | INFO  | DNAudit | user=null | ip=null | op=WRITE_CHUNK {blockData=conID: 1 locID: 102664012104729134 bcsId: 0} | ret=SUCCESS |  
2019-08-23 02:48:25,044 | INFO  | DNAudit | user=null | ip=null | op=WRITE_CHUNK {blockData=conID: 1 locID: 102664012104729134 bcsId: 0} | ret=SUCCESS |  
2019-08-23 02:48:25,045 | INFO  | DNAudit | user=null | ip=null | op=PUT_BLOCK {blockData=[blockId=conID: 1 locID: 102664012104729134 bcsId: 0,size=1048576]} | ret=SUCCESS |  
2019-08-23 02:48:25,045 | INFO  | DNAudit | user=null | ip=null | op=WRITE_CHUNK {blockData=conID: 1 locID: 102664012104729134 bcsId: 0} | ret=SUCCESS |  
2019-08-23 02:48:25,045 [grpc-default-executor-6] INFO  client.GrpcClientProtocolClient (GrpcClientProtocolClient.java:onNext(255)) - client-B268B4322F32->17750241-545b-4219-93a1-14a6ea3d85be: receive RaftClientReply:client-B268B4322F32->17750241-545b-4219-93a1-14a6ea3d85be@group-C33FBD9556F2, cid=2146, SUCCESS, logIndex=3177, commits[17750241-545b-4219-93a1-14a6ea3d85be:c3178, 4eaaa090-573e-41d3-9f8c-c99e236d806a:c3176, 5f4cf9ee-4bed-49de-adaa-861aec894328:c3176]
2019-08-23 02:48:25,045 | INFO  | DNAudit | user=null | ip=null | op=PUT_BLOCK {blockData=[blockId=conID: 1 locID: 102664012104729134 bcsId: 0,size=2097152]} | ret=SUCCESS |  
2019-08-23 02:48:25,046 [grpc-default-executor-6] INFO  client.GrpcClientProtocolClient (GrpcClientProtocolClient.java:onNext(255)) - client-B268B4322F32->17750241-545b-4219-93a1-14a6ea3d85be: receive RaftClientReply:client-B268B4322F32->17750241-545b-4219-93a1-14a6ea3d85be@group-C33FBD9556F2, cid=2147, SUCCESS, logIndex=3178, commits[17750241-545b-4219-93a1-14a6ea3d85be:c3180, 4eaaa090-573e-41d3-9f8c-c99e236d806a:c3176, 5f4cf9ee-4bed-49de-adaa-861aec894328:c3176]
2019-08-23 02:48:25,046 [grpc-default-executor-6] INFO  client.GrpcClientProtocolClient (GrpcClientProtocolClient.java:onNext(255)) - client-B268B4322F32->17750241-545b-4219-93a1-14a6ea3d85be: receive RaftClientReply:client-B268B4322F32->17750241-545b-4219-93a1-14a6ea3d85be@group-C33FBD9556F2, cid=2148, SUCCESS, logIndex=3179, commits[17750241-545b-4219-93a1-14a6ea3d85be:c3180, 4eaaa090-573e-41d3-9f8c-c99e236d806a:c3176, 5f4cf9ee-4bed-49de-adaa-861aec894328:c3176]
2019-08-23 02:48:25,046 [grpc-default-executor-6] INFO  client.GrpcClientProtocolClient (GrpcClientProtocolClient.java:onNext(255)) - client-B268B4322F32->17750241-545b-4219-93a1-14a6ea3d85be: receive RaftClientReply:client-B268B4322F32->17750241-545b-4219-93a1-14a6ea3d85be@group-C33FBD9556F2, cid=2149, SUCCESS, logIndex=3180, commits[17750241-545b-4219-93a1-14a6ea3d85be:c3180, 4eaaa090-573e-41d3-9f8c-c99e236d806a:c3176, 5f4cf9ee-4bed-49de-adaa-861aec894328:c3176]
2019-08-23 02:48:25,047 | INFO  | DNAudit | user=null | ip=null | op=WRITE_CHUNK {blockData=conID: 1 locID: 102664012104729134 bcsId: 0} | ret=SUCCESS |  
2019-08-23 02:48:25,047 | INFO  | DNAudit | user=null | ip=null | op=WRITE_CHUNK {blockData=conID: 1 locID: 102664012104729134 bcsId: 0} | ret=SUCCESS |  
2019-08-23 02:48:25,048 | INFO  | DNAudit | user=null | ip=null | op=PUT_BLOCK {blockData=[blockId=conID: 1 locID: 102664012104729134 bcsId: 0,size=1048576]} | ret=SUCCESS |  
2019-08-23 02:48:25,048 | INFO  | DNAudit | user=null | ip=null | op=PUT_BLOCK {blockData=[blockId=conID: 1 locID: 102664012104729134 bcsId: 0,size=1048576]} | ret=SUCCESS |  
2019-08-23 02:48:25,048 [grpc-default-executor-2] INFO  client.GrpcClientProtocolClient (GrpcClientProtocolClient.java:onNext(255)) - client-B268B4322F32->17750241-545b-4219-93a1-14a6ea3d85be: receive RaftClientReply:client-B268B4322F32->17750241-545b-4219-93a1-14a6ea3d85be@group-C33FBD9556F2, cid=2150, SUCCESS, logIndex=0, commits[17750241-545b-4219-93a1-14a6ea3d85be:c3182, 4eaaa090-573e-41d3-9f8c-c99e236d806a:c3178, 5f4cf9ee-4bed-49de-adaa-861aec894328:c3178]
2019-08-23 02:48:25,056 | INFO  | DNAudit | user=null | ip=null | op=WRITE_CHUNK {blockData=conID: 1 locID: 102664012104729134 bcsId: 3180} | ret=SUCCESS |  
2019-08-23 02:48:25,058 | INFO  | DNAudit | user=null | ip=null | op=WRITE_CHUNK {blockData=conID: 1 locID: 102664012104729134 bcsId: 3180} | ret=SUCCESS |  
2019-08-23 02:48:25,058 | INFO  | DNAudit | user=null | ip=null | op=WRITE_CHUNK {blockData=conID: 1 locID: 102664012104729134 bcsId: 3180} | ret=SUCCESS |  
2019-08-23 02:48:25,059 | INFO  | DNAudit | user=null | ip=null | op=WRITE_CHUNK {blockData=conID: 1 locID: 102664012104729134 bcsId: 0} | ret=SUCCESS |  
2019-08-23 02:48:25,059 | INFO  | DNAudit | user=null | ip=null | op=WRITE_CHUNK {blockData=conID: 1 locID: 102664012104729134 bcsId: 0} | ret=SUCCESS |  
2019-08-23 02:48:25,059 | INFO  | DNAudit | user=null | ip=null | op=PUT_BLOCK {blockData=[blockId=conID: 1 locID: 102664012104729134 bcsId: 0,size=2097152]} | ret=SUCCESS |  
2019-08-23 02:48:25,059 | INFO  | DNAudit | user=null | ip=null | op=PUT_BLOCK {blockData=[blockId=conID: 1 locID: 102664012104729134 bcsId: 0,size=2097152]} | ret=SUCCESS |  
2019-08-23 02:48:25,060 | INFO  | DNAudit | user=null | ip=null | op=WRITE_CHUNK {blockData=conID: 1 locID: 102664012104729134 bcsId: 3180} | ret=SUCCESS |  
2019-08-23 02:48:25,061 | INFO  | DNAudit | user=null | ip=null | op=PUT_BLOCK {blockData=[blockId=conID: 1 locID: 102664012104729134 bcsId: 0,size=3145728]} | ret=SUCCESS |  
2019-08-23 02:48:25,061 [grpc-default-executor-2] INFO  client.GrpcClientProtocolClient (GrpcClientProtocolClient.java:onNext(255)) - client-B268B4322F32->17750241-545b-4219-93a1-14a6ea3d85be: receive RaftClientReply:client-B268B4322F32->17750241-545b-4219-93a1-14a6ea3d85be@group-C33FBD9556F2, cid=2151, SUCCESS, logIndex=3185, commits[17750241-545b-4219-93a1-14a6ea3d85be:c3186, 4eaaa090-573e-41d3-9f8c-c99e236d806a:c3180, 5f4cf9ee-4bed-49de-adaa-861aec894328:c3182]
2019-08-23 02:48:25,061 [grpc-default-executor-2] INFO  client.GrpcClientProtocolClient (GrpcClientProtocolClient.java:onNext(255)) - client-B268B4322F32->17750241-545b-4219-93a1-14a6ea3d85be: receive RaftClientReply:client-B268B4322F32->17750241-545b-4219-93a1-14a6ea3d85be@group-C33FBD9556F2, cid=2152, SUCCESS, logIndex=3186, commits[17750241-545b-4219-93a1-14a6ea3d85be:c3186, 4eaaa090-573e-41d3-9f8c-c99e236d806a:c3182, 5f4cf9ee-4bed-49de-adaa-861aec894328:c3182]
2019-08-23 02:48:25,064 | INFO  | DNAudit | user=null | ip=null | op=WRITE_CHUNK {blockData=conID: 1 locID: 102664012104729134 bcsId: 3180} | ret=SUCCESS |  
2019-08-23 02:48:25,064 | INFO  | DNAudit | user=null | ip=null | op=WRITE_CHUNK {blockData=conID: 1 locID: 102664012104729134 bcsId: 3180} | ret=SUCCESS |  
2019-08-23 02:48:25,064 | INFO  | DNAudit | user=null | ip=null | op=PUT_BLOCK {blockData=[blockId=conID: 1 locID: 102664012104729134 bcsId: 0,size=3145728]} | ret=SUCCESS |  
2019-08-23 02:48:25,064 | INFO  | DNAudit | user=null | ip=null | op=PUT_BLOCK {blockData=[blockId=conID: 1 locID: 102664012104729134 bcsId: 0,size=3145728]} | ret=SUCCESS |  
2019-08-23 02:48:25,068 | INFO  | DNAudit | user=null | ip=null | op=WRITE_CHUNK {blockData=conID: 1 locID: 102664012104729134 bcsId: 3186} | ret=SUCCESS |  
2019-08-23 02:48:25,070 | INFO  | DNAudit | user=null | ip=null | op=WRITE_CHUNK {blockData=conID: 1 locID: 102664012104729134 bcsId: 3186} | ret=SUCCESS |  
2019-08-23 02:48:25,071 | INFO  | DNAudit | user=null | ip=null | op=WRITE_CHUNK {blockData=conID: 1 locID: 102664012104729134 bcsId: 3186} | ret=SUCCESS |  
2019-08-23 02:48:25,076 | INFO  | DNAudit | user=null | ip=null | op=WRITE_CHUNK {blockData=conID: 1 locID: 102664012104729134 bcsId: 3186} | ret=SUCCESS |  
2019-08-23 02:48:25,077 | INFO  | DNAudit | user=null | ip=null | op=PUT_BLOCK {blockData=[blockId=conID: 1 locID: 102664012104729134 bcsId: 0,size=4194304]} | ret=SUCCESS |  
2019-08-23 02:48:25,077 [grpc-default-executor-5] INFO  client.GrpcClientProtocolClient (GrpcClientProtocolClient.java:onNext(255)) - client-B268B4322F32->17750241-545b-4219-93a1-14a6ea3d85be: receive RaftClientReply:client-B268B4322F32->17750241-545b-4219-93a1-14a6ea3d85be@group-C33FBD9556F2, cid=2153, SUCCESS, logIndex=3189, commits[17750241-545b-4219-93a1-14a6ea3d85be:c3190, 4eaaa090-573e-41d3-9f8c-c99e236d806a:c3187, 5f4cf9ee-4bed-49de-adaa-861aec894328:c3187]
2019-08-23 02:48:25,077 [grpc-default-executor-5] INFO  client.GrpcClientProtocolClient (GrpcClientProtocolClient.java:onNext(255)) - client-B268B4322F32->17750241-545b-4219-93a1-14a6ea3d85be: receive RaftClientReply:client-B268B4322F32->17750241-545b-4219-93a1-14a6ea3d85be@group-C33FBD9556F2, cid=2154, SUCCESS, logIndex=3190, commits[17750241-545b-4219-93a1-14a6ea3d85be:c3190, 4eaaa090-573e-41d3-9f8c-c99e236d806a:c3187, 5f4cf9ee-4bed-49de-adaa-861aec894328:c3187]
2019-08-23 02:48:25,088 | INFO  | DNAudit | user=null | ip=null | op=WRITE_CHUNK {blockData=conID: 1 locID: 102664012104729134 bcsId: 3186} | ret=SUCCESS |  
2019-08-23 02:48:25,088 | INFO  | DNAudit | user=null | ip=null | op=WRITE_CHUNK {blockData=conID: 1 locID: 102664012104729134 bcsId: 3186} | ret=SUCCESS |  
2019-08-23 02:48:25,089 | INFO  | DNAudit | user=null | ip=null | op=PUT_BLOCK {blockData=[blockId=conID: 1 locID: 102664012104729134 bcsId: 0,size=4194304]} | ret=SUCCESS |  
2019-08-23 02:48:25,089 | INFO  | DNAudit | user=null | ip=null | op=PUT_BLOCK {blockData=[blockId=conID: 1 locID: 102664012104729134 bcsId: 0,size=4194304]} | ret=SUCCESS |  
2019-08-23 02:48:25,089 [grpc-default-executor-5] INFO  client.GrpcClientProtocolClient (GrpcClientProtocolClient.java:onNext(255)) - client-B268B4322F32->17750241-545b-4219-93a1-14a6ea3d85be: receive RaftClientReply:client-B268B4322F32->17750241-545b-4219-93a1-14a6ea3d85be@group-C33FBD9556F2, cid=2155, SUCCESS, logIndex=0, commits[17750241-545b-4219-93a1-14a6ea3d85be:c3191, 4eaaa090-573e-41d3-9f8c-c99e236d806a:c3190, 5f4cf9ee-4bed-49de-adaa-861aec894328:c3190]
2019-08-23 02:48:25,091 | INFO  | SCMAudit | user=jenkins1000 | ip=192.168.34.22 | op=ALLOCATE_BLOCK {owner=31d65bc3-3f70-45f5-bbc5-e3a15f967ba6, size=4194304, type=RATIS, factor=THREE} | ret=SUCCESS |  
2019-08-23 02:48:25,096 | INFO  | OMAudit | user=jenkins1000 | ip=127.0.0.1 | op=ALLOCATE_BLOCK {volume=vol-0-78052, bucket=bucket-0-33874, key=key-0-20719, dataSize=2147483657, replicationType=RATIS, replicationFactor=THREE, keyLocationInfo=[], clientID=102664010308846034} | ret=SUCCESS |  
2019-08-23 02:48:25,106 | INFO  | DNAudit | user=null | ip=null | op=WRITE_CHUNK {blockData=conID: 2 locID: 102664012109644335 bcsId: 0} | ret=SUCCESS |  
2019-08-23 02:48:25,107 | INFO  | DNAudit | user=null | ip=null | op=WRITE_CHUNK {blockData=conID: 2 locID: 102664012109644335 bcsId: 0} | ret=SUCCESS |  
2019-08-23 02:48:25,108 | INFO  | DNAudit | user=null | ip=null | op=WRITE_CHUNK {blockData=conID: 2 locID: 102664012109644335 bcsId: 0} | ret=SUCCESS |  
2019-08-23 02:48:25,108 | INFO  | DNAudit | user=null | ip=null | op=WRITE_CHUNK {blockData=conID: 2 locID: 102664012109644335 bcsId: 0} | ret=SUCCESS |  
2019-08-23 02:48:25,110 | INFO  | DNAudit | user=null | ip=null | op=WRITE_CHUNK {blockData=conID: 2 locID: 102664012109644335 bcsId: 0} | ret=SUCCESS |  
2019-08-23 02:48:25,110 | INFO  | DNAudit | user=null | ip=null | op=WRITE_CHUNK {blockData=conID: 2 locID: 102664012109644335 bcsId: 0} | ret=SUCCESS |  
2019-08-23 02:48:25,126 | INFO  | DNAudit | user=null | ip=null | op=WRITE_CHUNK {blockData=conID: 2 locID: 102664012109644335 bcsId: 0} | ret=SUCCESS |  
2019-08-23 02:48:25,127 | INFO  | DNAudit | user=null | ip=null | op=PUT_BLOCK {blockData=[blockId=conID: 2 locID: 102664012109644335 bcsId: 0,size=1048576]} | ret=SUCCESS |  
2019-08-23 02:48:25,127 | INFO  | DNAudit | user=null | ip=null | op=WRITE_CHUNK {blockData=conID: 2 locID: 102664012109644335 bcsId: 0} | ret=SUCCESS |  
2019-08-23 02:48:25,127 [grpc-default-executor-2] INFO  client.GrpcClientProtocolClient (GrpcClientProtocolClient.java:onNext(255)) - client-B268B4322F32->17750241-545b-4219-93a1-14a6ea3d85be: receive RaftClientReply:client-B268B4322F32->17750241-545b-4219-93a1-14a6ea3d85be@group-C33FBD9556F2, cid=2156, SUCCESS, logIndex=3193, commits[17750241-545b-4219-93a1-14a6ea3d85be:c3194, 4eaaa090-573e-41d3-9f8c-c99e236d806a:c3192, 5f4cf9ee-4bed-49de-adaa-861aec894328:c3192]
2019-08-23 02:48:25,127 | INFO  | DNAudit | user=null | ip=null | op=PUT_BLOCK {blockData=[blockId=conID: 2 locID: 102664012109644335 bcsId: 0,size=2097152]} | ret=SUCCESS |  
2019-08-23 02:48:25,128 [grpc-default-executor-2] INFO  client.GrpcClientProtocolClient (GrpcClientProtocolClient.java:onNext(255)) - client-B268B4322F32->17750241-545b-4219-93a1-14a6ea3d85be: receive RaftClientReply:client-B268B4322F32->17750241-545b-4219-93a1-14a6ea3d85be@group-C33FBD9556F2, cid=2157, SUCCESS, logIndex=3194, commits[17750241-545b-4219-93a1-14a6ea3d85be:c3196, 4eaaa090-573e-41d3-9f8c-c99e236d806a:c3192, 5f4cf9ee-4bed-49de-adaa-861aec894328:c3192]
2019-08-23 02:48:25,128 [grpc-default-executor-2] INFO  client.GrpcClientProtocolClient (GrpcClientProtocolClient.java:onNext(255)) - client-B268B4322F32->17750241-545b-4219-93a1-14a6ea3d85be: receive RaftClientReply:client-B268B4322F32->17750241-545b-4219-93a1-14a6ea3d85be@group-C33FBD9556F2, cid=2158, SUCCESS, logIndex=3195, commits[17750241-545b-4219-93a1-14a6ea3d85be:c3196, 4eaaa090-573e-41d3-9f8c-c99e236d806a:c3192, 5f4cf9ee-4bed-49de-adaa-861aec894328:c3192]
2019-08-23 02:48:25,129 [grpc-default-executor-2] INFO  client.GrpcClientProtocolClient (GrpcClientProtocolClient.java:onNext(255)) - client-B268B4322F32->17750241-545b-4219-93a1-14a6ea3d85be: receive RaftClientReply:client-B268B4322F32->17750241-545b-4219-93a1-14a6ea3d85be@group-C33FBD9556F2, cid=2159, SUCCESS, logIndex=3196, commits[17750241-545b-4219-93a1-14a6ea3d85be:c3196, 4eaaa090-573e-41d3-9f8c-c99e236d806a:c3192, 5f4cf9ee-4bed-49de-adaa-861aec894328:c3192]
2019-08-23 02:48:25,138 | INFO  | DNAudit | user=null | ip=null | op=WRITE_CHUNK {blockData=conID: 2 locID: 102664012109644335 bcsId: 0} | ret=SUCCESS |  
2019-08-23 02:48:25,138 | INFO  | DNAudit | user=null | ip=null | op=WRITE_CHUNK {blockData=conID: 2 locID: 102664012109644335 bcsId: 0} | ret=SUCCESS |  
2019-08-23 02:48:25,138 | INFO  | DNAudit | user=null | ip=null | op=PUT_BLOCK {blockData=[blockId=conID: 2 locID: 102664012109644335 bcsId: 0,size=1048576]} | ret=SUCCESS |  
2019-08-23 02:48:25,139 | INFO  | DNAudit | user=null | ip=null | op=PUT_BLOCK {blockData=[blockId=conID: 2 locID: 102664012109644335 bcsId: 0,size=1048576]} | ret=SUCCESS |  
2019-08-23 02:48:25,139 | INFO  | DNAudit | user=null | ip=null | op=WRITE_CHUNK {blockData=conID: 2 locID: 102664012109644335 bcsId: 0} | ret=SUCCESS |  
2019-08-23 02:48:25,139 | INFO  | DNAudit | user=null | ip=null | op=PUT_BLOCK {blockData=[blockId=conID: 2 locID: 102664012109644335 bcsId: 0,size=2097152]} | ret=SUCCESS |  
2019-08-23 02:48:25,139 | INFO  | DNAudit | user=null | ip=null | op=WRITE_CHUNK {blockData=conID: 2 locID: 102664012109644335 bcsId: 0} | ret=SUCCESS |  
2019-08-23 02:48:25,139 [grpc-default-executor-5] INFO  client.GrpcClientProtocolClient (GrpcClientProtocolClient.java:onNext(255)) - client-B268B4322F32->17750241-545b-4219-93a1-14a6ea3d85be: receive RaftClientReply:client-B268B4322F32->17750241-545b-4219-93a1-14a6ea3d85be@group-C33FBD9556F2, cid=2160, SUCCESS, logIndex=0, commits[17750241-545b-4219-93a1-14a6ea3d85be:c3198, 4eaaa090-573e-41d3-9f8c-c99e236d806a:c3194, 5f4cf9ee-4bed-49de-adaa-861aec894328:c3194]
2019-08-23 02:48:25,140 | INFO  | DNAudit | user=null | ip=null | op=PUT_BLOCK {blockData=[blockId=conID: 2 locID: 102664012109644335 bcsId: 0,size=2097152]} | ret=SUCCESS |  
2019-08-23 02:48:25,147 | INFO  | DNAudit | user=null | ip=null | op=WRITE_CHUNK {blockData=conID: 2 locID: 102664012109644335 bcsId: 3196} | ret=SUCCESS |  
2019-08-23 02:48:25,150 | INFO  | DNAudit | user=null | ip=null | op=WRITE_CHUNK {blockData=conID: 2 locID: 102664012109644335 bcsId: 3196} | ret=SUCCESS |  
2019-08-23 02:48:25,150 | INFO  | DNAudit | user=null | ip=null | op=WRITE_CHUNK {blockData=conID: 2 locID: 102664012109644335 bcsId: 3196} | ret=SUCCESS |  
2019-08-23 02:48:25,161 | INFO  | DNAudit | user=null | ip=null | op=WRITE_CHUNK {blockData=conID: 2 locID: 102664012109644335 bcsId: 3196} | ret=SUCCESS |  
2019-08-23 02:48:25,161 | INFO  | DNAudit | user=null | ip=null | op=PUT_BLOCK {blockData=[blockId=conID: 2 locID: 102664012109644335 bcsId: 0,size=3145728]} | ret=SUCCESS |  
2019-08-23 02:48:25,161 [grpc-default-executor-1] INFO  client.GrpcClientProtocolClient (GrpcClientProtocolClient.java:onNext(255)) - client-B268B4322F32->17750241-545b-4219-93a1-14a6ea3d85be: receive RaftClientReply:client-B268B4322F32->17750241-545b-4219-93a1-14a6ea3d85be@group-C33FBD9556F2, cid=2161, SUCCESS, logIndex=3200, commits[17750241-545b-4219-93a1-14a6ea3d85be:c3201, 4eaaa090-573e-41d3-9f8c-c99e236d806a:c3199, 5f4cf9ee-4bed-49de-adaa-861aec894328:c3199]
2019-08-23 02:48:25,162 [grpc-default-executor-1] INFO  client.GrpcClientProtocolClient (GrpcClientProtocolClient.java:onNext(255)) - client-B268B4322F32->17750241-545b-4219-93a1-14a6ea3d85be: receive RaftClientReply:client-B268B4322F32->17750241-545b-4219-93a1-14a6ea3d85be@group-C33FBD9556F2, cid=2162, SUCCESS, logIndex=3201, commits[17750241-545b-4219-93a1-14a6ea3d85be:c3201, 4eaaa090-573e-41d3-9f8c-c99e236d806a:c3199, 5f4cf9ee-4bed-49de-adaa-861aec894328:c3199]
2019-08-23 02:48:25,169 | INFO  | DNAudit | user=null | ip=null | op=WRITE_CHUNK {blockData=conID: 2 locID: 102664012109644335 bcsId: 3201} | ret=SUCCESS |  
2019-08-23 02:48:25,172 | INFO  | DNAudit | user=null | ip=null | op=WRITE_CHUNK {blockData=conID: 2 locID: 102664012109644335 bcsId: 3201} | ret=SUCCESS |  
2019-08-23 02:48:25,172 | INFO  | DNAudit | user=null | ip=null | op=WRITE_CHUNK {blockData=conID: 2 locID: 102664012109644335 bcsId: 3201} | ret=SUCCESS |  
2019-08-23 02:48:25,173 | INFO  | DNAudit | user=null | ip=null | op=WRITE_CHUNK {blockData=conID: 2 locID: 102664012109644335 bcsId: 3196} | ret=SUCCESS |  
2019-08-23 02:48:25,173 | INFO  | DNAudit | user=null | ip=null | op=WRITE_CHUNK {blockData=conID: 2 locID: 102664012109644335 bcsId: 3196} | ret=SUCCESS |  
2019-08-23 02:48:25,173 | INFO  | DNAudit | user=null | ip=null | op=PUT_BLOCK {blockData=[blockId=conID: 2 locID: 102664012109644335 bcsId: 0,size=3145728]} | ret=SUCCESS |  
2019-08-23 02:48:25,173 | INFO  | DNAudit | user=null | ip=null | op=PUT_BLOCK {blockData=[blockId=conID: 2 locID: 102664012109644335 bcsId: 0,size=3145728]} | ret=SUCCESS |  
2019-08-23 02:48:25,174 | INFO  | DNAudit | user=null | ip=null | op=WRITE_CHUNK {blockData=conID: 2 locID: 102664012109644335 bcsId: 3201} | ret=SUCCESS |  
2019-08-23 02:48:25,175 | INFO  | DNAudit | user=null | ip=null | op=PUT_BLOCK {blockData=[blockId=conID: 2 locID: 102664012109644335 bcsId: 0,size=4194304]} | ret=SUCCESS |  
2019-08-23 02:48:25,175 [grpc-default-executor-6] INFO  client.GrpcClientProtocolClient (GrpcClientProtocolClient.java:onNext(255)) - client-B268B4322F32->17750241-545b-4219-93a1-14a6ea3d85be: receive RaftClientReply:client-B268B4322F32->17750241-545b-4219-93a1-14a6ea3d85be@group-C33FBD9556F2, cid=2163, SUCCESS, logIndex=3204, commits[17750241-545b-4219-93a1-14a6ea3d85be:c3205, 4eaaa090-573e-41d3-9f8c-c99e236d806a:c3201, 5f4cf9ee-4bed-49de-adaa-861aec894328:c3201]
2019-08-23 02:48:25,175 [grpc-default-executor-6] INFO  client.GrpcClientProtocolClient (GrpcClientProtocolClient.java:onNext(255)) - client-B268B4322F32->17750241-545b-4219-93a1-14a6ea3d85be: receive RaftClientReply:client-B268B4322F32->17750241-545b-4219-93a1-14a6ea3d85be@group-C33FBD9556F2, cid=2164, SUCCESS, logIndex=3205, commits[17750241-545b-4219-93a1-14a6ea3d85be:c3205, 4eaaa090-573e-41d3-9f8c-c99e236d806a:c3201, 5f4cf9ee-4bed-49de-adaa-861aec894328:c3201]
2019-08-23 02:48:25,178 | INFO  | DNAudit | user=null | ip=null | op=WRITE_CHUNK {blockData=conID: 2 locID: 102664012109644335 bcsId: 3201} | ret=SUCCESS |  
2019-08-23 02:48:25,178 | INFO  | DNAudit | user=null | ip=null | op=WRITE_CHUNK {blockData=conID: 2 locID: 102664012109644335 bcsId: 3201} | ret=SUCCESS |  
2019-08-23 02:48:25,178 | INFO  | DNAudit | user=null | ip=null | op=PUT_BLOCK {blockData=[blockId=conID: 2 locID: 102664012109644335 bcsId: 0,size=4194304]} | ret=SUCCESS |  
2019-08-23 02:48:25,178 | INFO  | DNAudit | user=null | ip=null | op=PUT_BLOCK {blockData=[blockId=conID: 2 locID: 102664012109644335 bcsId: 0,size=4194304]} | ret=SUCCESS |  
2019-08-23 02:48:25,178 [grpc-default-executor-1] INFO  client.GrpcClientProtocolClient (GrpcClientProtocolClient.java:onNext(255)) - client-B268B4322F32->17750241-545b-4219-93a1-14a6ea3d85be: receive RaftClientReply:client-B268B4322F32->17750241-545b-4219-93a1-14a6ea3d85be@group-C33FBD9556F2, cid=2165, SUCCESS, logIndex=0, commits[17750241-545b-4219-93a1-14a6ea3d85be:c3206, 4eaaa090-573e-41d3-9f8c-c99e236d806a:c3205, 5f4cf9ee-4bed-49de-adaa-861aec894328:c3205]
2019-08-23 02:48:25,180 | INFO  | SCMAudit | user=jenkins1000 | ip=192.168.34.22 | op=ALLOCATE_BLOCK {owner=31d65bc3-3f70-45f5-bbc5-e3a15f967ba6, size=4194304, type=RATIS, factor=THREE} | ret=SUCCESS |  
2019-08-23 02:48:25,185 | INFO  | OMAudit | user=jenkins1000 | ip=127.0.0.1 | op=ALLOCATE_BLOCK {volume=vol-0-78052, bucket=bucket-0-33874, key=key-0-20719, dataSize=2147483657, replicationType=RATIS, replicationFactor=THREE, keyLocationInfo=[], clientID=102664010308846034} | ret=SUCCESS |  
2019-08-23 02:48:25,195 | INFO  | DNAudit | user=null | ip=null | op=WRITE_CHUNK {blockData=conID: 3 locID: 102664012115477040 bcsId: 0} | ret=SUCCESS |  
2019-08-23 02:48:25,198 | INFO  | DNAudit | user=null | ip=null | op=WRITE_CHUNK {blockData=conID: 3 locID: 102664012115477040 bcsId: 0} | ret=SUCCESS |  
2019-08-23 02:48:25,198 | INFO  | DNAudit | user=null | ip=null | op=WRITE_CHUNK {blockData=conID: 3 locID: 102664012115477040 bcsId: 0} | ret=SUCCESS |  
2019-08-23 02:48:25,199 | INFO  | DNAudit | user=null | ip=null | op=WRITE_CHUNK {blockData=conID: 3 locID: 102664012115477040 bcsId: 0} | ret=SUCCESS |  
2019-08-23 02:48:25,200 | INFO  | DNAudit | user=null | ip=null | op=WRITE_CHUNK {blockData=conID: 3 locID: 102664012115477040 bcsId: 0} | ret=SUCCESS |  
2019-08-23 02:48:25,201 | INFO  | DNAudit | user=null | ip=null | op=WRITE_CHUNK {blockData=conID: 3 locID: 102664012115477040 bcsId: 0} | ret=SUCCESS |  
2019-08-23 02:48:25,207 | INFO  | DNAudit | user=null | ip=null | op=WRITE_CHUNK {blockData=conID: 3 locID: 102664012115477040 bcsId: 0} | ret=SUCCESS |  
2019-08-23 02:48:25,208 | INFO  | DNAudit | user=null | ip=null | op=PUT_BLOCK {blockData=[blockId=conID: 3 locID: 102664012115477040 bcsId: 0,size=1048576]} | ret=SUCCESS |  
2019-08-23 02:48:25,208 [grpc-default-executor-6] INFO  client.GrpcClientProtocolClient (GrpcClientProtocolClient.java:onNext(255)) - client-B268B4322F32->17750241-545b-4219-93a1-14a6ea3d85be: receive RaftClientReply:client-B268B4322F32->17750241-545b-4219-93a1-14a6ea3d85be@group-C33FBD9556F2, cid=2166, SUCCESS, logIndex=3208, commits[17750241-545b-4219-93a1-14a6ea3d85be:c3209, 4eaaa090-573e-41d3-9f8c-c99e236d806a:c3207, 5f4cf9ee-4bed-49de-adaa-861aec894328:c3207]
2019-08-23 02:48:25,208 | INFO  | DNAudit | user=null | ip=null | op=WRITE_CHUNK {blockData=conID: 3 locID: 102664012115477040 bcsId: 0} | ret=SUCCESS |  
2019-08-23 02:48:25,209 | INFO  | DNAudit | user=null | ip=null | op=PUT_BLOCK {blockData=[blockId=conID: 3 locID: 102664012115477040 bcsId: 0,size=2097152]} | ret=SUCCESS |  
2019-08-23 02:48:25,209 [grpc-default-executor-2] INFO  client.GrpcClientProtocolClient (GrpcClientProtocolClient.java:onNext(255)) - client-B268B4322F32->17750241-545b-4219-93a1-14a6ea3d85be: receive RaftClientReply:client-B268B4322F32->17750241-545b-4219-93a1-14a6ea3d85be@group-C33FBD9556F2, cid=2167, SUCCESS, logIndex=3209, commits[17750241-545b-4219-93a1-14a6ea3d85be:c3210, 4eaaa090-573e-41d3-9f8c-c99e236d806a:c3207, 5f4cf9ee-4bed-49de-adaa-861aec894328:c3207]
2019-08-23 02:48:25,209 [grpc-default-executor-2] INFO  client.GrpcClientProtocolClient (GrpcClientProtocolClient.java:onNext(255)) - client-B268B4322F32->17750241-545b-4219-93a1-14a6ea3d85be: receive RaftClientReply:client-B268B4322F32->17750241-545b-4219-93a1-14a6ea3d85be@group-C33FBD9556F2, cid=2168, SUCCESS, logIndex=3210, commits[17750241-545b-4219-93a1-14a6ea3d85be:c3211, 4eaaa090-573e-41d3-9f8c-c99e236d806a:c3207, 5f4cf9ee-4bed-49de-adaa-861aec894328:c3207]
2019-08-23 02:48:25,210 [grpc-default-executor-2] INFO  client.GrpcClientProtocolClient (GrpcClientProtocolClient.java:onNext(255)) - client-B268B4322F32->17750241-545b-4219-93a1-14a6ea3d85be: receive RaftClientReply:client-B268B4322F32->17750241-545b-4219-93a1-14a6ea3d85be@group-C33FBD9556F2, cid=2169, SUCCESS, logIndex=3211, commits[17750241-545b-4219-93a1-14a6ea3d85be:c3211, 4eaaa090-573e-41d3-9f8c-c99e236d806a:c3207, 5f4cf9ee-4bed-49de-adaa-861aec894328:c3207]
2019-08-23 02:48:25,222 | INFO  | DNAudit | user=null | ip=null | op=WRITE_CHUNK {blockData=conID: 3 locID: 102664012115477040 bcsId: 0} | ret=SUCCESS |  
2019-08-23 02:48:25,222 | INFO  | DNAudit | user=null | ip=null | op=PUT_BLOCK {blockData=[blockId=conID: 3 locID: 102664012115477040 bcsId: 0,size=1048576]} | ret=SUCCESS |  
2019-08-23 02:48:25,222 | INFO  | DNAudit | user=null | ip=null | op=WRITE_CHUNK {blockData=conID: 3 locID: 102664012115477040 bcsId: 0} | ret=SUCCESS |  
2019-08-23 02:48:25,223 | INFO  | DNAudit | user=null | ip=null | op=PUT_BLOCK {blockData=[blockId=conID: 3 locID: 102664012115477040 bcsId: 0,size=1048576]} | ret=SUCCESS |  
2019-08-23 02:48:25,223 | INFO  | DNAudit | user=null | ip=null | op=WRITE_CHUNK {blockData=conID: 3 locID: 102664012115477040 bcsId: 0} | ret=SUCCESS |  
2019-08-23 02:48:25,223 | INFO  | DNAudit | user=null | ip=null | op=WRITE_CHUNK {blockData=conID: 3 locID: 102664012115477040 bcsId: 0} | ret=SUCCESS |  
2019-08-23 02:48:25,223 | INFO  | DNAudit | user=null | ip=null | op=PUT_BLOCK {blockData=[blockId=conID: 3 locID: 102664012115477040 bcsId: 0,size=2097152]} | ret=SUCCESS |  
2019-08-23 02:48:25,223 | INFO  | DNAudit | user=null | ip=null | op=PUT_BLOCK {blockData=[blockId=conID: 3 locID: 102664012115477040 bcsId: 0,size=2097152]} | ret=SUCCESS |  
2019-08-23 02:48:25,223 [grpc-default-executor-2] INFO  client.GrpcClientProtocolClient (GrpcClientProtocolClient.java:onNext(255)) - client-B268B4322F32->17750241-545b-4219-93a1-14a6ea3d85be: receive RaftClientReply:client-B268B4322F32->17750241-545b-4219-93a1-14a6ea3d85be@group-C33FBD9556F2, cid=2170, SUCCESS, logIndex=0, commits[17750241-545b-4219-93a1-14a6ea3d85be:c3213, 4eaaa090-573e-41d3-9f8c-c99e236d806a:c3209, 5f4cf9ee-4bed-49de-adaa-861aec894328:c3209]
2019-08-23 02:48:25,229 | INFO  | DNAudit | user=null | ip=null | op=WRITE_CHUNK {blockData=conID: 3 locID: 102664012115477040 bcsId: 3211} | ret=SUCCESS |  
2019-08-23 02:48:25,232 | INFO  | DNAudit | user=null | ip=null | op=WRITE_CHUNK {blockData=conID: 3 locID: 102664012115477040 bcsId: 3211} | ret=SUCCESS |  
2019-08-23 02:48:25,232 | INFO  | DNAudit | user=null | ip=null | op=WRITE_CHUNK {blockData=conID: 3 locID: 102664012115477040 bcsId: 3211} | ret=SUCCESS |  
2019-08-23 02:48:25,236 | INFO  | SCMAudit | user=jenkins1000 | ip=192.168.34.22 | op=SEND_HEARTBEAT {datanodeUUID=0cedf437-a8af-4d70-bac5-ea9863093e86, command=[]} | ret=SUCCESS |  
2019-08-23 02:48:25,237 | INFO  | SCMAudit | user=jenkins1000 | ip=192.168.34.22 | op=SEND_HEARTBEAT {datanodeUUID=66ab6a68-e61f-4535-ab2f-12fe560929ed, command=[]} | ret=SUCCESS |  
 0.00% |█                                                                                                    |  0/1 Time: 0:00:272019-08-23 02:48:25,241 | INFO  | DNAudit | user=null | ip=null | op=WRITE_CHUNK {blockData=conID: 3 locID: 102664012115477040 bcsId: 3211} | ret=SUCCESS |  
2019-08-23 02:48:25,242 | INFO  | DNAudit | user=null | ip=null | op=PUT_BLOCK {blockData=[blockId=conID: 3 locID: 102664012115477040 bcsId: 0,size=3145728]} | ret=SUCCESS |  
2019-08-23 02:48:25,242 [grpc-default-executor-2] INFO  client.GrpcClientProtocolClient (GrpcClientProtocolClient.java:onNext(255)) - client-B268B4322F32->17750241-545b-4219-93a1-14a6ea3d85be: receive RaftClientReply:client-B268B4322F32->17750241-545b-4219-93a1-14a6ea3d85be@group-C33FBD9556F2, cid=2171, SUCCESS, logIndex=3216, commits[17750241-545b-4219-93a1-14a6ea3d85be:c3217, 4eaaa090-573e-41d3-9f8c-c99e236d806a:c3215, 5f4cf9ee-4bed-49de-adaa-861aec894328:c3215]
2019-08-23 02:48:25,242 [grpc-default-executor-2] INFO  client.GrpcClientProtocolClient (GrpcClientProtocolClient.java:onNext(255)) - client-B268B4322F32->17750241-545b-4219-93a1-14a6ea3d85be: receive RaftClientReply:client-B268B4322F32->17750241-545b-4219-93a1-14a6ea3d85be@group-C33FBD9556F2, cid=2172, SUCCESS, logIndex=3217, commits[17750241-545b-4219-93a1-14a6ea3d85be:c3217, 4eaaa090-573e-41d3-9f8c-c99e236d806a:c3215, 5f4cf9ee-4bed-49de-adaa-861aec894328:c3215]
2019-08-23 02:48:25,249 | INFO  | DNAudit | user=null | ip=null | op=WRITE_CHUNK {blockData=conID: 3 locID: 102664012115477040 bcsId: 3217} | ret=SUCCESS |  
2019-08-23 02:48:25,251 | INFO  | DNAudit | user=null | ip=null | op=WRITE_CHUNK {blockData=conID: 3 locID: 102664012115477040 bcsId: 3217} | ret=SUCCESS |  
2019-08-23 02:48:25,251 | INFO  | DNAudit | user=null | ip=null | op=WRITE_CHUNK {blockData=conID: 3 locID: 102664012115477040 bcsId: 3217} | ret=SUCCESS |  
2019-08-23 02:48:25,253 | INFO  | DNAudit | user=null | ip=null | op=WRITE_CHUNK {blockData=conID: 3 locID: 102664012115477040 bcsId: 3211} | ret=SUCCESS |  
2019-08-23 02:48:25,253 | INFO  | DNAudit | user=null | ip=null | op=WRITE_CHUNK {blockData=conID: 3 locID: 102664012115477040 bcsId: 3211} | ret=SUCCESS |  
2019-08-23 02:48:25,255 | INFO  | DNAudit | user=null | ip=null | op=PUT_BLOCK {blockData=[blockId=conID: 3 locID: 102664012115477040 bcsId: 0,size=3145728]} | ret=SUCCESS |  
2019-08-23 02:48:25,255 | INFO  | DNAudit | user=null | ip=null | op=PUT_BLOCK {blockData=[blockId=conID: 3 locID: 102664012115477040 bcsId: 0,size=3145728]} | ret=SUCCESS |  
2019-08-23 02:48:25,256 | INFO  | DNAudit | user=null | ip=null | op=WRITE_CHUNK {blockData=conID: 3 locID: 102664012115477040 bcsId: 3217} | ret=SUCCESS |  
2019-08-23 02:48:25,256 | INFO  | DNAudit | user=null | ip=null | op=PUT_BLOCK {blockData=[blockId=conID: 3 locID: 102664012115477040 bcsId: 0,size=4194304]} | ret=SUCCESS |  
2019-08-23 02:48:25,257 [grpc-default-executor-5] INFO  client.GrpcClientProtocolClient (GrpcClientProtocolClient.java:onNext(255)) - client-B268B4322F32->17750241-545b-4219-93a1-14a6ea3d85be: receive RaftClientReply:client-B268B4322F32->17750241-545b-4219-93a1-14a6ea3d85be@group-C33FBD9556F2, cid=2173, SUCCESS, logIndex=3220, commits[17750241-545b-4219-93a1-14a6ea3d85be:c3221, 4eaaa090-573e-41d3-9f8c-c99e236d806a:c3217, 5f4cf9ee-4bed-49de-adaa-861aec894328:c3217]
2019-08-23 02:48:25,257 [grpc-default-executor-5] INFO  client.GrpcClientProtocolClient (GrpcClientProtocolClient.java:onNext(255)) - client-B268B4322F32->17750241-545b-4219-93a1-14a6ea3d85be: receive RaftClientReply:client-B268B4322F32->17750241-545b-4219-93a1-14a6ea3d85be@group-C33FBD9556F2, cid=2174, SUCCESS, logIndex=3221, commits[17750241-545b-4219-93a1-14a6ea3d85be:c3221, 4eaaa090-573e-41d3-9f8c-c99e236d806a:c3217, 5f4cf9ee-4bed-49de-adaa-861aec894328:c3217]
2019-08-23 02:48:25,268 | INFO  | DNAudit | user=null | ip=null | op=WRITE_CHUNK {blockData=conID: 3 locID: 102664012115477040 bcsId: 3217} | ret=SUCCESS |  
2019-08-23 02:48:25,268 | INFO  | DNAudit | user=null | ip=null | op=WRITE_CHUNK {blockData=conID: 3 locID: 102664012115477040 bcsId: 3217} | ret=SUCCESS |  
2019-08-23 02:48:25,270 | INFO  | DNAudit | user=null | ip=null | op=PUT_BLOCK {blockData=[blockId=conID: 3 locID: 102664012115477040 bcsId: 0,size=4194304]} | ret=SUCCESS |  
2019-08-23 02:48:25,270 | INFO  | DNAudit | user=null | ip=null | op=PUT_BLOCK {blockData=[blockId=conID: 3 locID: 102664012115477040 bcsId: 0,size=4194304]} | ret=SUCCESS |  
2019-08-23 02:48:25,271 [grpc-default-executor-6] INFO  client.GrpcClientProtocolClient (GrpcClientProtocolClient.java:onNext(255)) - client-B268B4322F32->17750241-545b-4219-93a1-14a6ea3d85be: receive RaftClientReply:client-B268B4322F32->17750241-545b-4219-93a1-14a6ea3d85be@group-C33FBD9556F2, cid=2175, SUCCESS, logIndex=0, commits[17750241-545b-4219-93a1-14a6ea3d85be:c3223, 4eaaa090-573e-41d3-9f8c-c99e236d806a:c3221, 5f4cf9ee-4bed-49de-adaa-861aec894328:c3221]
2019-08-23 02:48:25,273 | INFO  | SCMAudit | user=jenkins1000 | ip=192.168.34.22 | op=ALLOCATE_BLOCK {owner=31d65bc3-3f70-45f5-bbc5-e3a15f967ba6, size=4194304, type=RATIS, factor=THREE} | ret=SUCCESS |  
2019-08-23 02:48:25,277 | INFO  | OMAudit | user=jenkins1000 | ip=127.0.0.1 | op=ALLOCATE_BLOCK {volume=vol-0-78052, bucket=bucket-0-33874, key=key-0-20719, dataSize=2147483657, replicationType=RATIS, replicationFactor=THREE, keyLocationInfo=[], clientID=102664010308846034} | ret=SUCCESS |  
2019-08-23 02:48:25,286 | INFO  | DNAudit | user=null | ip=null | op=WRITE_CHUNK {blockData=conID: 1 locID: 102664012121571889 bcsId: 0} | ret=SUCCESS |  
2019-08-23 02:48:25,290 | INFO  | DNAudit | user=null | ip=null | op=WRITE_CHUNK {blockData=conID: 1 locID: 102664012121571889 bcsId: 0} | ret=SUCCESS |  
2019-08-23 02:48:25,290 | INFO  | DNAudit | user=null | ip=null | op=WRITE_CHUNK {blockData=conID: 1 locID: 102664012121571889 bcsId: 0} | ret=SUCCESS |  
2019-08-23 02:48:25,290 | INFO  | DNAudit | user=null | ip=null | op=WRITE_CHUNK {blockData=conID: 1 locID: 102664012121571889 bcsId: 0} | ret=SUCCESS |  
2019-08-23 02:48:25,292 | INFO  | DNAudit | user=null | ip=null | op=WRITE_CHUNK {blockData=conID: 1 locID: 102664012121571889 bcsId: 0} | ret=SUCCESS |  
2019-08-23 02:48:25,292 | INFO  | DNAudit | user=null | ip=null | op=WRITE_CHUNK {blockData=conID: 1 locID: 102664012121571889 bcsId: 0} | ret=SUCCESS |  
2019-08-23 02:48:25,299 | INFO  | DNAudit | user=null | ip=null | op=WRITE_CHUNK {blockData=conID: 1 locID: 102664012121571889 bcsId: 0} | ret=SUCCESS |  
2019-08-23 02:48:25,300 | INFO  | DNAudit | user=null | ip=null | op=PUT_BLOCK {blockData=[blockId=conID: 1 locID: 102664012121571889 bcsId: 0,size=1048576]} | ret=SUCCESS |  
2019-08-23 02:48:25,300 [grpc-default-executor-2] INFO  client.GrpcClientProtocolClient (GrpcClientProtocolClient.java:onNext(255)) - client-B268B4322F32->17750241-545b-4219-93a1-14a6ea3d85be: receive RaftClientReply:client-B268B4322F32->17750241-545b-4219-93a1-14a6ea3d85be@group-C33FBD9556F2, cid=2176, SUCCESS, logIndex=3224, commits[17750241-545b-4219-93a1-14a6ea3d85be:c3225, 4eaaa090-573e-41d3-9f8c-c99e236d806a:c3223, 5f4cf9ee-4bed-49de-adaa-861aec894328:c3223]
2019-08-23 02:48:25,300 | INFO  | DNAudit | user=null | ip=null | op=WRITE_CHUNK {blockData=conID: 1 locID: 102664012121571889 bcsId: 0} | ret=SUCCESS |  
2019-08-23 02:48:25,300 [grpc-default-executor-2] INFO  client.GrpcClientProtocolClient (GrpcClientProtocolClient.java:onNext(255)) - client-B268B4322F32->17750241-545b-4219-93a1-14a6ea3d85be: receive RaftClientReply:client-B268B4322F32->17750241-545b-4219-93a1-14a6ea3d85be@group-C33FBD9556F2, cid=2177, SUCCESS, logIndex=3225, commits[17750241-545b-4219-93a1-14a6ea3d85be:c3227, 4eaaa090-573e-41d3-9f8c-c99e236d806a:c3223, 5f4cf9ee-4bed-49de-adaa-861aec894328:c3223]
2019-08-23 02:48:25,301 | INFO  | DNAudit | user=null | ip=null | op=PUT_BLOCK {blockData=[blockId=conID: 1 locID: 102664012121571889 bcsId: 0,size=2097152]} | ret=SUCCESS |  
2019-08-23 02:48:25,301 [grpc-default-executor-2] INFO  client.GrpcClientProtocolClient (GrpcClientProtocolClient.java:onNext(255)) - client-B268B4322F32->17750241-545b-4219-93a1-14a6ea3d85be: receive RaftClientReply:client-B268B4322F32->17750241-545b-4219-93a1-14a6ea3d85be@group-C33FBD9556F2, cid=2178, SUCCESS, logIndex=3226, commits[17750241-545b-4219-93a1-14a6ea3d85be:c3227, 4eaaa090-573e-41d3-9f8c-c99e236d806a:c3223, 5f4cf9ee-4bed-49de-adaa-861aec894328:c3223]
2019-08-23 02:48:25,301 [grpc-default-executor-2] INFO  client.GrpcClientProtocolClient (GrpcClientProtocolClient.java:onNext(255)) - client-B268B4322F32->17750241-545b-4219-93a1-14a6ea3d85be: receive RaftClientReply:client-B268B4322F32->17750241-545b-4219-93a1-14a6ea3d85be@group-C33FBD9556F2, cid=2179, SUCCESS, logIndex=3227, commits[17750241-545b-4219-93a1-14a6ea3d85be:c3227, 4eaaa090-573e-41d3-9f8c-c99e236d806a:c3223, 5f4cf9ee-4bed-49de-adaa-861aec894328:c3223]
2019-08-23 02:48:25,302 | INFO  | DNAudit | user=null | ip=null | op=WRITE_CHUNK {blockData=conID: 1 locID: 102664012121571889 bcsId: 0} | ret=SUCCESS |  
2019-08-23 02:48:25,303 | INFO  | DNAudit | user=null | ip=null | op=WRITE_CHUNK {blockData=conID: 1 locID: 102664012121571889 bcsId: 0} | ret=SUCCESS |  
2019-08-23 02:48:25,303 | INFO  | DNAudit | user=null | ip=null | op=PUT_BLOCK {blockData=[blockId=conID: 1 locID: 102664012121571889 bcsId: 0,size=1048576]} | ret=SUCCESS |  
2019-08-23 02:48:25,314 | INFO  | DNAudit | user=null | ip=null | op=WRITE_CHUNK {blockData=conID: 1 locID: 102664012121571889 bcsId: 0} | ret=SUCCESS |  
2019-08-23 02:48:25,314 | INFO  | DNAudit | user=null | ip=null | op=PUT_BLOCK {blockData=[blockId=conID: 1 locID: 102664012121571889 bcsId: 0,size=1048576]} | ret=SUCCESS |  
2019-08-23 02:48:25,314 | INFO  | DNAudit | user=null | ip=null | op=PUT_BLOCK {blockData=[blockId=conID: 1 locID: 102664012121571889 bcsId: 0,size=2097152]} | ret=SUCCESS |  
2019-08-23 02:48:25,314 | INFO  | DNAudit | user=null | ip=null | op=WRITE_CHUNK {blockData=conID: 1 locID: 102664012121571889 bcsId: 0} | ret=SUCCESS |  
2019-08-23 02:48:25,314 [grpc-default-executor-2] INFO  client.GrpcClientProtocolClient (GrpcClientProtocolClient.java:onNext(255)) - client-B268B4322F32->17750241-545b-4219-93a1-14a6ea3d85be: receive RaftClientReply:client-B268B4322F32->17750241-545b-4219-93a1-14a6ea3d85be@group-C33FBD9556F2, cid=2180, SUCCESS, logIndex=0, commits[17750241-545b-4219-93a1-14a6ea3d85be:c3229, 4eaaa090-573e-41d3-9f8c-c99e236d806a:c3225, 5f4cf9ee-4bed-49de-adaa-861aec894328:c3225]
2019-08-23 02:48:25,315 | INFO  | DNAudit | user=null | ip=null | op=PUT_BLOCK {blockData=[blockId=conID: 1 locID: 102664012121571889 bcsId: 0,size=2097152]} | ret=SUCCESS |  
2019-08-23 02:48:25,320 | INFO  | DNAudit | user=null | ip=null | op=WRITE_CHUNK {blockData=conID: 1 locID: 102664012121571889 bcsId: 3227} | ret=SUCCESS |  
2019-08-23 02:48:25,323 | INFO  | DNAudit | user=null | ip=null | op=WRITE_CHUNK {blockData=conID: 1 locID: 102664012121571889 bcsId: 3227} | ret=SUCCESS |  
2019-08-23 02:48:25,323 | INFO  | DNAudit | user=null | ip=null | op=WRITE_CHUNK {blockData=conID: 1 locID: 102664012121571889 bcsId: 3227} | ret=SUCCESS |  
2019-08-23 02:48:25,332 | INFO  | DNAudit | user=null | ip=null | op=WRITE_CHUNK {blockData=conID: 1 locID: 102664012121571889 bcsId: 3227} | ret=SUCCESS |  
2019-08-23 02:48:25,332 | INFO  | DNAudit | user=null | ip=null | op=PUT_BLOCK {blockData=[blockId=conID: 1 locID: 102664012121571889 bcsId: 0,size=3145728]} | ret=SUCCESS |  
2019-08-23 02:48:25,333 [grpc-default-executor-5] INFO  client.GrpcClientProtocolClient (GrpcClientProtocolClient.java:onNext(255)) - client-B268B4322F32->17750241-545b-4219-93a1-14a6ea3d85be: receive RaftClientReply:client-B268B4322F32->17750241-545b-4219-93a1-14a6ea3d85be@group-C33FBD9556F2, cid=2181, SUCCESS, logIndex=3231, commits[17750241-545b-4219-93a1-14a6ea3d85be:c3232, 4eaaa090-573e-41d3-9f8c-c99e236d806a:c3230, 5f4cf9ee-4bed-49de-adaa-861aec894328:c3230]
2019-08-23 02:48:25,333 [grpc-default-executor-5] INFO  client.GrpcClientProtocolClient (GrpcClientProtocolClient.java:onNext(255)) - client-B268B4322F32->17750241-545b-4219-93a1-14a6ea3d85be: receive RaftClientReply:client-B268B4322F32->17750241-545b-4219-93a1-14a6ea3d85be@group-C33FBD9556F2, cid=2182, SUCCESS, logIndex=3232, commits[17750241-545b-4219-93a1-14a6ea3d85be:c3232, 4eaaa090-573e-41d3-9f8c-c99e236d806a:c3230, 5f4cf9ee-4bed-49de-adaa-861aec894328:c3230]
2019-08-23 02:48:25,339 | INFO  | DNAudit | user=null | ip=null | op=WRITE_CHUNK {blockData=conID: 1 locID: 102664012121571889 bcsId: 3232} | ret=SUCCESS |  
2019-08-23 02:48:25,341 | INFO  | DNAudit | user=null | ip=null | op=WRITE_CHUNK {blockData=conID: 1 locID: 102664012121571889 bcsId: 3232} | ret=SUCCESS |  
2019-08-23 02:48:25,341 | INFO  | DNAudit | user=null | ip=null | op=WRITE_CHUNK {blockData=conID: 1 locID: 102664012121571889 bcsId: 3232} | ret=SUCCESS |  
2019-08-23 02:48:25,343 | INFO  | DNAudit | user=null | ip=null | op=WRITE_CHUNK {blockData=conID: 1 locID: 102664012121571889 bcsId: 3227} | ret=SUCCESS |  
2019-08-23 02:48:25,343 | INFO  | DNAudit | user=null | ip=null | op=WRITE_CHUNK {blockData=conID: 1 locID: 102664012121571889 bcsId: 3227} | ret=SUCCESS |  
2019-08-23 02:48:25,346 | INFO  | DNAudit | user=null | ip=null | op=PUT_BLOCK {blockData=[blockId=conID: 1 locID: 102664012121571889 bcsId: 0,size=3145728]} | ret=SUCCESS |  
2019-08-23 02:48:25,346 | INFO  | DNAudit | user=null | ip=null | op=PUT_BLOCK {blockData=[blockId=conID: 1 locID: 102664012121571889 bcsId: 0,size=3145728]} | ret=SUCCESS |  
2019-08-23 02:48:25,347 | INFO  | DNAudit | user=null | ip=null | op=WRITE_CHUNK {blockData=conID: 1 locID: 102664012121571889 bcsId: 3232} | ret=SUCCESS |  
2019-08-23 02:48:25,347 | INFO  | DNAudit | user=null | ip=null | op=PUT_BLOCK {blockData=[blockId=conID: 1 locID: 102664012121571889 bcsId: 0,size=4194304]} | ret=SUCCESS |  
2019-08-23 02:48:25,347 [grpc-default-executor-6] INFO  client.GrpcClientProtocolClient (GrpcClientProtocolClient.java:onNext(255)) - client-B268B4322F32->17750241-545b-4219-93a1-14a6ea3d85be: receive RaftClientReply:client-B268B4322F32->17750241-545b-4219-93a1-14a6ea3d85be@group-C33FBD9556F2, cid=2183, SUCCESS, logIndex=3235, commits[17750241-545b-4219-93a1-14a6ea3d85be:c3236, 4eaaa090-573e-41d3-9f8c-c99e236d806a:c3232, 5f4cf9ee-4bed-49de-adaa-861aec894328:c3232]
2019-08-23 02:48:25,348 [grpc-default-executor-6] INFO  client.GrpcClientProtocolClient (GrpcClientProtocolClient.java:onNext(255)) - client-B268B4322F32->17750241-545b-4219-93a1-14a6ea3d85be: receive RaftClientReply:client-B268B4322F32->17750241-545b-4219-93a1-14a6ea3d85be@group-C33FBD9556F2, cid=2184, SUCCESS, logIndex=3236, commits[17750241-545b-4219-93a1-14a6ea3d85be:c3236, 4eaaa090-573e-41d3-9f8c-c99e236d806a:c3232, 5f4cf9ee-4bed-49de-adaa-861aec894328:c3232]
2019-08-23 02:48:25,370 | INFO  | DNAudit | user=null | ip=null | op=WRITE_CHUNK {blockData=conID: 1 locID: 102664012121571889 bcsId: 3232} | ret=SUCCESS |  
2019-08-23 02:48:25,371 | INFO  | DNAudit | user=null | ip=null | op=WRITE_CHUNK {blockData=conID: 1 locID: 102664012121571889 bcsId: 3232} | ret=SUCCESS |  
2019-08-23 02:48:25,371 | INFO  | DNAudit | user=null | ip=null | op=PUT_BLOCK {blockData=[blockId=conID: 1 locID: 102664012121571889 bcsId: 0,size=4194304]} | ret=SUCCESS |  
2019-08-23 02:48:25,374 [grpc-default-executor-6] INFO  client.GrpcClientProtocolClient (GrpcClientProtocolClient.java:onNext(255)) - client-B268B4322F32->17750241-545b-4219-93a1-14a6ea3d85be: receive RaftClientReply:client-B268B4322F32->17750241-545b-4219-93a1-14a6ea3d85be@group-C33FBD9556F2, cid=2185, SUCCESS, logIndex=0, commits[17750241-545b-4219-93a1-14a6ea3d85be:c3238, 4eaaa090-573e-41d3-9f8c-c99e236d806a:c3236, 5f4cf9ee-4bed-49de-adaa-861aec894328:c3236]
2019-08-23 02:48:25,375 | INFO  | SCMAudit | user=jenkins1000 | ip=192.168.34.22 | op=SEND_HEARTBEAT {datanodeUUID=17750241-545b-4219-93a1-14a6ea3d85be, command=[]} | ret=SUCCESS |  
2019-08-23 02:48:25,376 | INFO  | SCMAudit | user=jenkins1000 | ip=192.168.34.22 | op=SEND_HEARTBEAT {datanodeUUID=4eaaa090-573e-41d3-9f8c-c99e236d806a, command=[]} | ret=SUCCESS |  
2019-08-23 02:48:25,376 | INFO  | DNAudit | user=null | ip=null | op=PUT_BLOCK {blockData=[blockId=conID: 1 locID: 102664012121571889 bcsId: 0,size=4194304]} | ret=SUCCESS |  
2019-08-23 02:48:25,376 | INFO  | SCMAudit | user=jenkins1000 | ip=192.168.34.22 | op=SEND_HEARTBEAT {datanodeUUID=5f4cf9ee-4bed-49de-adaa-861aec894328, command=[]} | ret=SUCCESS |  
2019-08-23 02:48:25,377 | INFO  | SCMAudit | user=jenkins1000 | ip=192.168.34.22 | op=ALLOCATE_BLOCK {owner=31d65bc3-3f70-45f5-bbc5-e3a15f967ba6, size=4194304, type=RATIS, factor=THREE} | ret=SUCCESS |  
2019-08-23 02:48:25,379 | INFO  | OMAudit | user=jenkins1000 | ip=127.0.0.1 | op=ALLOCATE_BLOCK {volume=vol-0-78052, bucket=bucket-0-33874, key=key-0-20719, dataSize=2147483657, replicationType=RATIS, replicationFactor=THREE, keyLocationInfo=[], clientID=102664010308846034} | ret=SUCCESS |  
2019-08-23 02:48:25,390 | INFO  | DNAudit | user=null | ip=null | op=WRITE_CHUNK {blockData=conID: 2 locID: 102664012128387634 bcsId: 0} | ret=SUCCESS |  
2019-08-23 02:48:25,391 | INFO  | DNAudit | user=null | ip=null | op=WRITE_CHUNK {blockData=conID: 2 locID: 102664012128387634 bcsId: 0} | ret=SUCCESS |  
2019-08-23 02:48:25,392 | INFO  | DNAudit | user=null | ip=null | op=WRITE_CHUNK {blockData=conID: 2 locID: 102664012128387634 bcsId: 0} | ret=SUCCESS |  
2019-08-23 02:48:25,392 | INFO  | DNAudit | user=null | ip=null | op=WRITE_CHUNK {blockData=conID: 2 locID: 102664012128387634 bcsId: 0} | ret=SUCCESS |  
2019-08-23 02:48:25,394 | INFO  | DNAudit | user=null | ip=null | op=WRITE_CHUNK {blockData=conID: 2 locID: 102664012128387634 bcsId: 0} | ret=SUCCESS |  
2019-08-23 02:48:25,394 | INFO  | DNAudit | user=null | ip=null | op=WRITE_CHUNK {blockData=conID: 2 locID: 102664012128387634 bcsId: 0} | ret=SUCCESS |  
2019-08-23 02:48:25,403 | INFO  | DNAudit | user=null | ip=null | op=WRITE_CHUNK {blockData=conID: 2 locID: 102664012128387634 bcsId: 0} | ret=SUCCESS |  
2019-08-23 02:48:25,403 | INFO  | DNAudit | user=null | ip=null | op=PUT_BLOCK {blockData=[blockId=conID: 2 locID: 102664012128387634 bcsId: 0,size=1048576]} | ret=SUCCESS |  
2019-08-23 02:48:25,403 [grpc-default-executor-1] INFO  client.GrpcClientProtocolClient (GrpcClientProtocolClient.java:onNext(255)) - client-B268B4322F32->17750241-545b-4219-93a1-14a6ea3d85be: receive RaftClientReply:client-B268B4322F32->17750241-545b-4219-93a1-14a6ea3d85be@group-C33FBD9556F2, cid=2186, SUCCESS, logIndex=3239, commits[17750241-545b-4219-93a1-14a6ea3d85be:c3241, 4eaaa090-573e-41d3-9f8c-c99e236d806a:c3238, 5f4cf9ee-4bed-49de-adaa-861aec894328:c3238]
2019-08-23 02:48:25,404 | INFO  | DNAudit | user=null | ip=null | op=WRITE_CHUNK {blockData=conID: 2 locID: 102664012128387634 bcsId: 0} | ret=SUCCESS |  
2019-08-23 02:48:25,404 [grpc-default-executor-1] INFO  client.GrpcClientProtocolClient (GrpcClientProtocolClient.java:onNext(255)) - client-B268B4322F32->17750241-545b-4219-93a1-14a6ea3d85be: receive RaftClientReply:client-B268B4322F32->17750241-545b-4219-93a1-14a6ea3d85be@group-C33FBD9556F2, cid=2187, SUCCESS, logIndex=3240, commits[17750241-545b-4219-93a1-14a6ea3d85be:c3242, 4eaaa090-573e-41d3-9f8c-c99e236d806a:c3238, 5f4cf9ee-4bed-49de-adaa-861aec894328:c3238]
2019-08-23 02:48:25,404 | INFO  | DNAudit | user=null | ip=null | op=PUT_BLOCK {blockData=[blockId=conID: 2 locID: 102664012128387634 bcsId: 0,size=2097152]} | ret=SUCCESS |  
2019-08-23 02:48:25,404 [grpc-default-executor-1] INFO  client.GrpcClientProtocolClient (GrpcClientProtocolClient.java:onNext(255)) - client-B268B4322F32->17750241-545b-4219-93a1-14a6ea3d85be: receive RaftClientReply:client-B268B4322F32->17750241-545b-4219-93a1-14a6ea3d85be@group-C33FBD9556F2, cid=2188, SUCCESS, logIndex=3241, commits[17750241-545b-4219-93a1-14a6ea3d85be:c3242, 4eaaa090-573e-41d3-9f8c-c99e236d806a:c3238, 5f4cf9ee-4bed-49de-adaa-861aec894328:c3238]
2019-08-23 02:48:25,405 [grpc-default-executor-1] INFO  client.GrpcClientProtocolClient (GrpcClientProtocolClient.java:onNext(255)) - client-B268B4322F32->17750241-545b-4219-93a1-14a6ea3d85be: receive RaftClientReply:client-B268B4322F32->17750241-545b-4219-93a1-14a6ea3d85be@group-C33FBD9556F2, cid=2189, SUCCESS, logIndex=3242, commits[17750241-545b-4219-93a1-14a6ea3d85be:c3242, 4eaaa090-573e-41d3-9f8c-c99e236d806a:c3238, 5f4cf9ee-4bed-49de-adaa-861aec894328:c3238]
2019-08-23 02:48:25,405 | INFO  | DNAudit | user=null | ip=null | op=WRITE_CHUNK {blockData=conID: 2 locID: 102664012128387634 bcsId: 0} | ret=SUCCESS |  
2019-08-23 02:48:25,405 | INFO  | DNAudit | user=null | ip=null | op=WRITE_CHUNK {blockData=conID: 2 locID: 102664012128387634 bcsId: 0} | ret=SUCCESS |  
2019-08-23 02:48:25,405 | INFO  | DNAudit | user=null | ip=null | op=PUT_BLOCK {blockData=[blockId=conID: 2 locID: 102664012128387634 bcsId: 0,size=1048576]} | ret=SUCCESS |  
2019-08-23 02:48:25,405 | INFO  | DNAudit | user=null | ip=null | op=PUT_BLOCK {blockData=[blockId=conID: 2 locID: 102664012128387634 bcsId: 0,size=1048576]} | ret=SUCCESS |  
2019-08-23 02:48:25,405 | INFO  | DNAudit | user=null | ip=null | op=WRITE_CHUNK {blockData=conID: 2 locID: 102664012128387634 bcsId: 0} | ret=SUCCESS |  
2019-08-23 02:48:25,405 [grpc-default-executor-1] INFO  client.GrpcClientProtocolClient (GrpcClientProtocolClient.java:onNext(255)) - client-B268B4322F32->17750241-545b-4219-93a1-14a6ea3d85be: receive RaftClientReply:client-B268B4322F32->17750241-545b-4219-93a1-14a6ea3d85be@group-C33FBD9556F2, cid=2190, SUCCESS, logIndex=0, commits[17750241-545b-4219-93a1-14a6ea3d85be:c3243, 4eaaa090-573e-41d3-9f8c-c99e236d806a:c3241, 5f4cf9ee-4bed-49de-adaa-861aec894328:c3240]
2019-08-23 02:48:25,412 | INFO  | DNAudit | user=null | ip=null | op=WRITE_CHUNK {blockData=conID: 2 locID: 102664012128387634 bcsId: 3242} | ret=SUCCESS |  
2019-08-23 02:48:25,414 | INFO  | DNAudit | user=null | ip=null | op=WRITE_CHUNK {blockData=conID: 2 locID: 102664012128387634 bcsId: 3242} | ret=SUCCESS |  
2019-08-23 02:48:25,414 | INFO  | DNAudit | user=null | ip=null | op=WRITE_CHUNK {blockData=conID: 2 locID: 102664012128387634 bcsId: 3242} | ret=SUCCESS |  
2019-08-23 02:48:25,416 | INFO  | DNAudit | user=null | ip=null | op=WRITE_CHUNK {blockData=conID: 2 locID: 102664012128387634 bcsId: 0} | ret=SUCCESS |  
2019-08-23 02:48:25,416 | INFO  | DNAudit | user=null | ip=null | op=PUT_BLOCK {blockData=[blockId=conID: 2 locID: 102664012128387634 bcsId: 0,size=2097152]} | ret=SUCCESS |  
2019-08-23 02:48:25,416 | INFO  | DNAudit | user=null | ip=null | op=PUT_BLOCK {blockData=[blockId=conID: 2 locID: 102664012128387634 bcsId: 0,size=2097152]} | ret=SUCCESS |  
2019-08-23 02:48:25,417 | INFO  | DNAudit | user=null | ip=null | op=WRITE_CHUNK {blockData=conID: 2 locID: 102664012128387634 bcsId: 3242} | ret=SUCCESS |  
2019-08-23 02:48:25,418 | INFO  | DNAudit | user=null | ip=null | op=PUT_BLOCK {blockData=[blockId=conID: 2 locID: 102664012128387634 bcsId: 0,size=3145728]} | ret=SUCCESS |  
2019-08-23 02:48:25,418 [grpc-default-executor-2] INFO  client.GrpcClientProtocolClient (GrpcClientProtocolClient.java:onNext(255)) - client-B268B4322F32->17750241-545b-4219-93a1-14a6ea3d85be: receive RaftClientReply:client-B268B4322F32->17750241-545b-4219-93a1-14a6ea3d85be@group-C33FBD9556F2, cid=2191, SUCCESS, logIndex=3247, commits[17750241-545b-4219-93a1-14a6ea3d85be:c3248, 4eaaa090-573e-41d3-9f8c-c99e236d806a:c3243, 5f4cf9ee-4bed-49de-adaa-861aec894328:c3242]
2019-08-23 02:48:25,418 [grpc-default-executor-2] INFO  client.GrpcClientProtocolClient (GrpcClientProtocolClient.java:onNext(255)) - client-B268B4322F32->17750241-545b-4219-93a1-14a6ea3d85be: receive RaftClientReply:client-B268B4322F32->17750241-545b-4219-93a1-14a6ea3d85be@group-C33FBD9556F2, cid=2192, SUCCESS, logIndex=3248, commits[17750241-545b-4219-93a1-14a6ea3d85be:c3248, 4eaaa090-573e-41d3-9f8c-c99e236d806a:c3243, 5f4cf9ee-4bed-49de-adaa-861aec894328:c3243]
2019-08-23 02:48:25,419 | INFO  | DNAudit | user=null | ip=null | op=WRITE_CHUNK {blockData=conID: 2 locID: 102664012128387634 bcsId: 3242} | ret=SUCCESS |  
2019-08-23 02:48:25,419 | INFO  | DNAudit | user=null | ip=null | op=WRITE_CHUNK {blockData=conID: 2 locID: 102664012128387634 bcsId: 3242} | ret=SUCCESS |  
2019-08-23 02:48:25,422 | INFO  | DNAudit | user=null | ip=null | op=PUT_BLOCK {blockData=[blockId=conID: 2 locID: 102664012128387634 bcsId: 0,size=3145728]} | ret=SUCCESS |  
2019-08-23 02:48:25,422 | INFO  | DNAudit | user=null | ip=null | op=PUT_BLOCK {blockData=[blockId=conID: 2 locID: 102664012128387634 bcsId: 0,size=3145728]} | ret=SUCCESS |  
2019-08-23 02:48:25,425 | INFO  | DNAudit | user=null | ip=null | op=WRITE_CHUNK {blockData=conID: 2 locID: 102664012128387634 bcsId: 3248} | ret=SUCCESS |  
2019-08-23 02:48:25,427 | INFO  | DNAudit | user=null | ip=null | op=WRITE_CHUNK {blockData=conID: 2 locID: 102664012128387634 bcsId: 3248} | ret=SUCCESS |  
2019-08-23 02:48:25,427 | INFO  | DNAudit | user=null | ip=null | op=WRITE_CHUNK {blockData=conID: 2 locID: 102664012128387634 bcsId: 3248} | ret=SUCCESS |  
2019-08-23 02:48:25,437 | INFO  | DNAudit | user=null | ip=null | op=WRITE_CHUNK {blockData=conID: 2 locID: 102664012128387634 bcsId: 3248} | ret=SUCCESS |  
2019-08-23 02:48:25,438 | INFO  | DNAudit | user=null | ip=null | op=PUT_BLOCK {blockData=[blockId=conID: 2 locID: 102664012128387634 bcsId: 0,size=4194304]} | ret=SUCCESS |  
2019-08-23 02:48:25,438 [grpc-default-executor-2] INFO  client.GrpcClientProtocolClient (GrpcClientProtocolClient.java:onNext(255)) - client-B268B4322F32->17750241-545b-4219-93a1-14a6ea3d85be: receive RaftClientReply:client-B268B4322F32->17750241-545b-4219-93a1-14a6ea3d85be@group-C33FBD9556F2, cid=2193, SUCCESS, logIndex=3251, commits[17750241-545b-4219-93a1-14a6ea3d85be:c3252, 4eaaa090-573e-41d3-9f8c-c99e236d806a:c3250, 5f4cf9ee-4bed-49de-adaa-861aec894328:c3250]
2019-08-23 02:48:25,438 [grpc-default-executor-2] INFO  client.GrpcClientProtocolClient (GrpcClientProtocolClient.java:onNext(255)) - client-B268B4322F32->17750241-545b-4219-93a1-14a6ea3d85be: receive RaftClientReply:client-B268B4322F32->17750241-545b-4219-93a1-14a6ea3d85be@group-C33FBD9556F2, cid=2194, SUCCESS, logIndex=3252, commits[17750241-545b-4219-93a1-14a6ea3d85be:c3252, 4eaaa090-573e-41d3-9f8c-c99e236d806a:c3250, 5f4cf9ee-4bed-49de-adaa-861aec894328:c3250]
2019-08-23 02:48:25,449 | INFO  | DNAudit | user=null | ip=null | op=WRITE_CHUNK {blockData=conID: 2 locID: 102664012128387634 bcsId: 3248} | ret=SUCCESS |  
2019-08-23 02:48:25,449 | INFO  | DNAudit | user=null | ip=null | op=WRITE_CHUNK {blockData=conID: 2 locID: 102664012128387634 bcsId: 3248} | ret=SUCCESS |  
2019-08-23 02:48:25,449 | INFO  | DNAudit | user=null | ip=null | op=PUT_BLOCK {blockData=[blockId=conID: 2 locID: 102664012128387634 bcsId: 0,size=4194304]} | ret=SUCCESS |  
2019-08-23 02:48:25,449 | INFO  | DNAudit | user=null | ip=null | op=PUT_BLOCK {blockData=[blockId=conID: 2 locID: 102664012128387634 bcsId: 0,size=4194304]} | ret=SUCCESS |  
2019-08-23 02:48:25,449 [grpc-default-executor-2] INFO  client.GrpcClientProtocolClient (GrpcClientProtocolClient.java:onNext(255)) - client-B268B4322F32->17750241-545b-4219-93a1-14a6ea3d85be: receive RaftClientReply:client-B268B4322F32->17750241-545b-4219-93a1-14a6ea3d85be@group-C33FBD9556F2, cid=2195, SUCCESS, logIndex=0, commits[17750241-545b-4219-93a1-14a6ea3d85be:c3253, 4eaaa090-573e-41d3-9f8c-c99e236d806a:c3252, 5f4cf9ee-4bed-49de-adaa-861aec894328:c3252]
2019-08-23 02:48:25,451 | INFO  | SCMAudit | user=jenkins1000 | ip=192.168.34.22 | op=ALLOCATE_BLOCK {owner=31d65bc3-3f70-45f5-bbc5-e3a15f967ba6, size=4194304, type=RATIS, factor=THREE} | ret=SUCCESS |  
2019-08-23 02:48:25,456 | INFO  | OMAudit | user=jenkins1000 | ip=127.0.0.1 | op=ALLOCATE_BLOCK {volume=vol-0-78052, bucket=bucket-0-33874, key=key-0-20719, dataSize=2147483657, replicationType=RATIS, replicationFactor=THREE, keyLocationInfo=[], clientID=102664010308846034} | ret=SUCCESS |  
2019-08-23 02:48:25,465 | INFO  | DNAudit | user=null | ip=null | op=WRITE_CHUNK {blockData=conID: 3 locID: 102664012133237299 bcsId: 0} | ret=SUCCESS |  
2019-08-23 02:48:25,467 | INFO  | DNAudit | user=null | ip=null | op=WRITE_CHUNK {blockData=conID: 3 locID: 102664012133237299 bcsId: 0} | ret=SUCCESS |  
2019-08-23 02:48:25,468 | INFO  | DNAudit | user=null | ip=null | op=WRITE_CHUNK {blockData=conID: 3 locID: 102664012133237299 bcsId: 0} | ret=SUCCESS |  
2019-08-23 02:48:25,469 | INFO  | DNAudit | user=null | ip=null | op=WRITE_CHUNK {blockData=conID: 3 locID: 102664012133237299 bcsId: 0} | ret=SUCCESS |  
2019-08-23 02:48:25,469 | INFO  | DNAudit | user=null | ip=null | op=WRITE_CHUNK {blockData=conID: 3 locID: 102664012133237299 bcsId: 0} | ret=SUCCESS |  
2019-08-23 02:48:25,469 | INFO  | DNAudit | user=null | ip=null | op=WRITE_CHUNK {blockData=conID: 3 locID: 102664012133237299 bcsId: 0} | ret=SUCCESS |  
2019-08-23 02:48:25,480 | INFO  | DNAudit | user=null | ip=null | op=WRITE_CHUNK {blockData=conID: 3 locID: 102664012133237299 bcsId: 0} | ret=SUCCESS |  
2019-08-23 02:48:25,480 | INFO  | DNAudit | user=null | ip=null | op=PUT_BLOCK {blockData=[blockId=conID: 3 locID: 102664012133237299 bcsId: 0,size=1048576]} | ret=SUCCESS |  
2019-08-23 02:48:25,480 [grpc-default-executor-5] INFO  client.GrpcClientProtocolClient (GrpcClientProtocolClient.java:onNext(255)) - client-B268B4322F32->17750241-545b-4219-93a1-14a6ea3d85be: receive RaftClientReply:client-B268B4322F32->17750241-545b-4219-93a1-14a6ea3d85be@group-C33FBD9556F2, cid=2196, SUCCESS, logIndex=3255, commits[17750241-545b-4219-93a1-14a6ea3d85be:c3257, 4eaaa090-573e-41d3-9f8c-c99e236d806a:c3254, 5f4cf9ee-4bed-49de-adaa-861aec894328:c3254]
2019-08-23 02:48:25,481 | INFO  | DNAudit | user=null | ip=null | op=WRITE_CHUNK {blockData=conID: 3 locID: 102664012133237299 bcsId: 0} | ret=SUCCESS |  
2019-08-23 02:48:25,481 | INFO  | DNAudit | user=null | ip=null | op=PUT_BLOCK {blockData=[blockId=conID: 3 locID: 102664012133237299 bcsId: 0,size=2097152]} | ret=SUCCESS |  
2019-08-23 02:48:25,481 [grpc-default-executor-5] INFO  client.GrpcClientProtocolClient (GrpcClientProtocolClient.java:onNext(255)) - client-B268B4322F32->17750241-545b-4219-93a1-14a6ea3d85be: receive RaftClientReply:client-B268B4322F32->17750241-545b-4219-93a1-14a6ea3d85be@group-C33FBD9556F2, cid=2197, SUCCESS, logIndex=3256, commits[17750241-545b-4219-93a1-14a6ea3d85be:c3258, 4eaaa090-573e-41d3-9f8c-c99e236d806a:c3254, 5f4cf9ee-4bed-49de-adaa-861aec894328:c3254]
2019-08-23 02:48:25,481 [grpc-default-executor-5] INFO  client.GrpcClientProtocolClient (GrpcClientProtocolClient.java:onNext(255)) - client-B268B4322F32->17750241-545b-4219-93a1-14a6ea3d85be: receive RaftClientReply:client-B268B4322F32->17750241-545b-4219-93a1-14a6ea3d85be@group-C33FBD9556F2, cid=2198, SUCCESS, logIndex=3257, commits[17750241-545b-4219-93a1-14a6ea3d85be:c3258, 4eaaa090-573e-41d3-9f8c-c99e236d806a:c3254, 5f4cf9ee-4bed-49de-adaa-861aec894328:c3254]
2019-08-23 02:48:25,482 [grpc-default-executor-5] INFO  client.GrpcClientProtocolClient (GrpcClientProtocolClient.java:onNext(255)) - client-B268B4322F32->17750241-545b-4219-93a1-14a6ea3d85be: receive RaftClientReply:client-B268B4322F32->17750241-545b-4219-93a1-14a6ea3d85be@group-C33FBD9556F2, cid=2199, SUCCESS, logIndex=3258, commits[17750241-545b-4219-93a1-14a6ea3d85be:c3258, 4eaaa090-573e-41d3-9f8c-c99e236d806a:c3254, 5f4cf9ee-4bed-49de-adaa-861aec894328:c3254]
2019-08-23 02:48:25,491 | INFO  | DNAudit | user=null | ip=null | op=WRITE_CHUNK {blockData=conID: 3 locID: 102664012133237299 bcsId: 0} | ret=SUCCESS |  
2019-08-23 02:48:25,491 | INFO  | DNAudit | user=null | ip=null | op=WRITE_CHUNK {blockData=conID: 3 locID: 102664012133237299 bcsId: 0} | ret=SUCCESS |  
2019-08-23 02:48:25,491 | INFO  | DNAudit | user=null | ip=null | op=PUT_BLOCK {blockData=[blockId=conID: 3 locID: 102664012133237299 bcsId: 0,size=1048576]} | ret=SUCCESS |  
2019-08-23 02:48:25,494 | INFO  | DNAudit | user=null | ip=null | op=WRITE_CHUNK {blockData=conID: 3 locID: 102664012133237299 bcsId: 0} | ret=SUCCESS |  
2019-08-23 02:48:25,494 | INFO  | DNAudit | user=null | ip=null | op=PUT_BLOCK {blockData=[blockId=conID: 3 locID: 102664012133237299 bcsId: 0,size=1048576]} | ret=SUCCESS |  
2019-08-23 02:48:25,494 | INFO  | DNAudit | user=null | ip=null | op=PUT_BLOCK {blockData=[blockId=conID: 3 locID: 102664012133237299 bcsId: 0,size=2097152]} | ret=SUCCESS |  
2019-08-23 02:48:25,494 | INFO  | DNAudit | user=null | ip=null | op=WRITE_CHUNK {blockData=conID: 3 locID: 102664012133237299 bcsId: 0} | ret=SUCCESS |  
2019-08-23 02:48:25,495 | INFO  | DNAudit | user=null | ip=null | op=PUT_BLOCK {blockData=[blockId=conID: 3 locID: 102664012133237299 bcsId: 0,size=2097152]} | ret=SUCCESS |  
2019-08-23 02:48:25,495 [grpc-default-executor-5] INFO  client.GrpcClientProtocolClient (GrpcClientProtocolClient.java:onNext(255)) - client-B268B4322F32->17750241-545b-4219-93a1-14a6ea3d85be: receive RaftClientReply:client-B268B4322F32->17750241-545b-4219-93a1-14a6ea3d85be@group-C33FBD9556F2, cid=2200, SUCCESS, logIndex=0, commits[17750241-545b-4219-93a1-14a6ea3d85be:c3261, 4eaaa090-573e-41d3-9f8c-c99e236d806a:c3256, 5f4cf9ee-4bed-49de-adaa-861aec894328:c3258]
2019-08-23 02:48:25,502 | INFO  | DNAudit | user=null | ip=null | op=WRITE_CHUNK {blockData=conID: 3 locID: 102664012133237299 bcsId: 3258} | ret=SUCCESS |  
2019-08-23 02:48:25,504 | INFO  | DNAudit | user=null | ip=null | op=WRITE_CHUNK {blockData=conID: 3 locID: 102664012133237299 bcsId: 3258} | ret=SUCCESS |  
2019-08-23 02:48:25,504 | INFO  | DNAudit | user=null | ip=null | op=WRITE_CHUNK {blockData=conID: 3 locID: 102664012133237299 bcsId: 3258} | ret=SUCCESS |  
2019-08-23 02:48:25,514 | INFO  | DNAudit | user=null | ip=null | op=WRITE_CHUNK {blockData=conID: 3 locID: 102664012133237299 bcsId: 3258} | ret=SUCCESS |  
2019-08-23 02:48:25,515 | INFO  | DNAudit | user=null | ip=null | op=PUT_BLOCK {blockData=[blockId=conID: 3 locID: 102664012133237299 bcsId: 0,size=3145728]} | ret=SUCCESS |  
2019-08-23 02:48:25,515 [grpc-default-executor-5] INFO  client.GrpcClientProtocolClient (GrpcClientProtocolClient.java:onNext(255)) - client-B268B4322F32->17750241-545b-4219-93a1-14a6ea3d85be: receive RaftClientReply:client-B268B4322F32->17750241-545b-4219-93a1-14a6ea3d85be@group-C33FBD9556F2, cid=2201, SUCCESS, logIndex=3263, commits[17750241-545b-4219-93a1-14a6ea3d85be:c3264, 4eaaa090-573e-41d3-9f8c-c99e236d806a:c3262, 5f4cf9ee-4bed-49de-adaa-861aec894328:c3262]
2019-08-23 02:48:25,515 [grpc-default-executor-5] INFO  client.GrpcClientProtocolClient (GrpcClientProtocolClient.java:onNext(255)) - client-B268B4322F32->17750241-545b-4219-93a1-14a6ea3d85be: receive RaftClientReply:client-B268B4322F32->17750241-545b-4219-93a1-14a6ea3d85be@group-C33FBD9556F2, cid=2202, SUCCESS, logIndex=3264, commits[17750241-545b-4219-93a1-14a6ea3d85be:c3264, 4eaaa090-573e-41d3-9f8c-c99e236d806a:c3262, 5f4cf9ee-4bed-49de-adaa-861aec894328:c3262]
2019-08-23 02:48:25,523 | INFO  | DNAudit | user=null | ip=null | op=WRITE_CHUNK {blockData=conID: 3 locID: 102664012133237299 bcsId: 3264} | ret=SUCCESS |  
2019-08-23 02:48:25,524 | INFO  | DNAudit | user=null | ip=null | op=WRITE_CHUNK {blockData=conID: 3 locID: 102664012133237299 bcsId: 3264} | ret=SUCCESS |  
2019-08-23 02:48:25,524 | INFO  | DNAudit | user=null | ip=null | op=WRITE_CHUNK {blockData=conID: 3 locID: 102664012133237299 bcsId: 3264} | ret=SUCCESS |  
2019-08-23 02:48:25,525 | INFO  | DNAudit | user=null | ip=null | op=WRITE_CHUNK {blockData=conID: 3 locID: 102664012133237299 bcsId: 3258} | ret=SUCCESS |  
2019-08-23 02:48:25,526 | INFO  | DNAudit | user=null | ip=null | op=WRITE_CHUNK {blockData=conID: 3 locID: 102664012133237299 bcsId: 3258} | ret=SUCCESS |  
2019-08-23 02:48:25,529 | INFO  | DNAudit | user=null | ip=null | op=PUT_BLOCK {blockData=[blockId=conID: 3 locID: 102664012133237299 bcsId: 0,size=3145728]} | ret=SUCCESS |  
2019-08-23 02:48:25,529 | INFO  | DNAudit | user=null | ip=null | op=PUT_BLOCK {blockData=[blockId=conID: 3 locID: 102664012133237299 bcsId: 0,size=3145728]} | ret=SUCCESS |  
2019-08-23 02:48:25,529 | INFO  | DNAudit | user=null | ip=null | op=WRITE_CHUNK {blockData=conID: 3 locID: 102664012133237299 bcsId: 3264} | ret=SUCCESS |  
2019-08-23 02:48:25,530 | INFO  | DNAudit | user=null | ip=null | op=PUT_BLOCK {blockData=[blockId=conID: 3 locID: 102664012133237299 bcsId: 0,size=4194304]} | ret=SUCCESS |  
2019-08-23 02:48:25,530 [grpc-default-executor-6] INFO  client.GrpcClientProtocolClient (GrpcClientProtocolClient.java:onNext(255)) - client-B268B4322F32->17750241-545b-4219-93a1-14a6ea3d85be: receive RaftClientReply:client-B268B4322F32->17750241-545b-4219-93a1-14a6ea3d85be@group-C33FBD9556F2, cid=2203, SUCCESS, logIndex=3267, commits[17750241-545b-4219-93a1-14a6ea3d85be:c3268, 4eaaa090-573e-41d3-9f8c-c99e236d806a:c3264, 5f4cf9ee-4bed-49de-adaa-861aec894328:c3264]
2019-08-23 02:48:25,530 [grpc-default-executor-6] INFO  client.GrpcClientProtocolClient (GrpcClientProtocolClient.java:onNext(255)) - client-B268B4322F32->17750241-545b-4219-93a1-14a6ea3d85be: receive RaftClientReply:client-B268B4322F32->17750241-545b-4219-93a1-14a6ea3d85be@group-C33FBD9556F2, cid=2204, SUCCESS, logIndex=3268, commits[17750241-545b-4219-93a1-14a6ea3d85be:c3268, 4eaaa090-573e-41d3-9f8c-c99e236d806a:c3264, 5f4cf9ee-4bed-49de-adaa-861aec894328:c3264]
2019-08-23 02:48:25,540 | INFO  | DNAudit | user=null | ip=null | op=WRITE_CHUNK {blockData=conID: 3 locID: 102664012133237299 bcsId: 3264} | ret=SUCCESS |  
2019-08-23 02:48:25,540 | INFO  | DNAudit | user=null | ip=null | op=WRITE_CHUNK {blockData=conID: 3 locID: 102664012133237299 bcsId: 3264} | ret=SUCCESS |  
2019-08-23 02:48:25,544 | INFO  | DNAudit | user=null | ip=null | op=PUT_BLOCK {blockData=[blockId=conID: 3 locID: 102664012133237299 bcsId: 0,size=4194304]} | ret=SUCCESS |  
2019-08-23 02:48:25,544 | INFO  | DNAudit | user=null | ip=null | op=PUT_BLOCK {blockData=[blockId=conID: 3 locID: 102664012133237299 bcsId: 0,size=4194304]} | ret=SUCCESS |  
2019-08-23 02:48:25,545 [grpc-default-executor-5] INFO  client.GrpcClientProtocolClient (GrpcClientProtocolClient.java:onNext(255)) - client-B268B4322F32->17750241-545b-4219-93a1-14a6ea3d85be: receive RaftClientReply:client-B268B4322F32->17750241-545b-4219-93a1-14a6ea3d85be@group-C33FBD9556F2, cid=2205, SUCCESS, logIndex=0, commits[17750241-545b-4219-93a1-14a6ea3d85be:c3270, 4eaaa090-573e-41d3-9f8c-c99e236d806a:c3268, 5f4cf9ee-4bed-49de-adaa-861aec894328:c3268]
2019-08-23 02:48:25,546 | INFO  | SCMAudit | user=jenkins1000 | ip=192.168.34.22 | op=ALLOCATE_BLOCK {owner=31d65bc3-3f70-45f5-bbc5-e3a15f967ba6, size=4194304, type=RATIS, factor=THREE} | ret=SUCCESS |  
2019-08-23 02:48:25,550 | INFO  | OMAudit | user=jenkins1000 | ip=127.0.0.1 | op=ALLOCATE_BLOCK {volume=vol-0-78052, bucket=bucket-0-33874, key=key-0-20719, dataSize=2147483657, replicationType=RATIS, replicationFactor=THREE, keyLocationInfo=[], clientID=102664010308846034} | ret=SUCCESS |  
2019-08-23 02:48:25,559 | INFO  | DNAudit | user=null | ip=null | op=WRITE_CHUNK {blockData=conID: 1 locID: 102664012139463220 bcsId: 0} | ret=SUCCESS |  
2019-08-23 02:48:25,562 | INFO  | DNAudit | user=null | ip=null | op=WRITE_CHUNK {blockData=conID: 1 locID: 102664012139463220 bcsId: 0} | ret=SUCCESS |  
2019-08-23 02:48:25,562 | INFO  | DNAudit | user=null | ip=null | op=WRITE_CHUNK {blockData=conID: 1 locID: 102664012139463220 bcsId: 0} | ret=SUCCESS |  
2019-08-23 02:48:25,563 | INFO  | DNAudit | user=null | ip=null | op=WRITE_CHUNK {blockData=conID: 1 locID: 102664012139463220 bcsId: 0} | ret=SUCCESS |  
2019-08-23 02:48:25,565 | INFO  | DNAudit | user=null | ip=null | op=WRITE_CHUNK {blockData=conID: 1 locID: 102664012139463220 bcsId: 0} | ret=SUCCESS |  
2019-08-23 02:48:25,565 | INFO  | DNAudit | user=null | ip=null | op=WRITE_CHUNK {blockData=conID: 1 locID: 102664012139463220 bcsId: 0} | ret=SUCCESS |  
2019-08-23 02:48:25,566 | INFO  | DNAudit | user=null | ip=null | op=PUT_BLOCK {blockData=[blockId=conID: 1 locID: 102664012139463220 bcsId: 0,size=1048576]} | ret=SUCCESS |  
2019-08-23 02:48:25,566 | INFO  | DNAudit | user=null | ip=null | op=WRITE_CHUNK {blockData=conID: 1 locID: 102664012139463220 bcsId: 0} | ret=SUCCESS |  
2019-08-23 02:48:25,566 [grpc-default-executor-6] INFO  client.GrpcClientProtocolClient (GrpcClientProtocolClient.java:onNext(255)) - client-B268B4322F32->17750241-545b-4219-93a1-14a6ea3d85be: receive RaftClientReply:client-B268B4322F32->17750241-545b-4219-93a1-14a6ea3d85be@group-C33FBD9556F2, cid=2206, SUCCESS, logIndex=3271, commits[17750241-545b-4219-93a1-14a6ea3d85be:c3272, 4eaaa090-573e-41d3-9f8c-c99e236d806a:c3270, 5f4cf9ee-4bed-49de-adaa-861aec894328:c3270]
2019-08-23 02:48:25,566 [grpc-default-executor-6] INFO  client.GrpcClientProtocolClient (GrpcClientProtocolClient.java:onNext(255)) - client-B268B4322F32->17750241-545b-4219-93a1-14a6ea3d85be: receive RaftClientReply:client-B268B4322F32->17750241-545b-4219-93a1-14a6ea3d85be@group-C33FBD9556F2, cid=2207, SUCCESS, logIndex=3272, commits[17750241-545b-4219-93a1-14a6ea3d85be:c3272, 4eaaa090-573e-41d3-9f8c-c99e236d806a:c3270, 5f4cf9ee-4bed-49de-adaa-861aec894328:c3270]
2019-08-23 02:48:25,567 | INFO  | DNAudit | user=null | ip=null | op=WRITE_CHUNK {blockData=conID: 1 locID: 102664012139463220 bcsId: 0} | ret=SUCCESS |  
2019-08-23 02:48:25,568 | INFO  | DNAudit | user=null | ip=null | op=WRITE_CHUNK {blockData=conID: 1 locID: 102664012139463220 bcsId: 0} | ret=SUCCESS |  
2019-08-23 02:48:25,568 | INFO  | DNAudit | user=null | ip=null | op=WRITE_CHUNK {blockData=conID: 1 locID: 102664012139463220 bcsId: 0} | ret=SUCCESS |  
2019-08-23 02:48:25,568 | INFO  | DNAudit | user=null | ip=null | op=PUT_BLOCK {blockData=[blockId=conID: 1 locID: 102664012139463220 bcsId: 0,size=2097152]} | ret=SUCCESS |  
2019-08-23 02:48:25,568 | INFO  | DNAudit | user=null | ip=null | op=PUT_BLOCK {blockData=[blockId=conID: 1 locID: 102664012139463220 bcsId: 0,size=1048576]} | ret=SUCCESS |  
2019-08-23 02:48:25,568 | INFO  | DNAudit | user=null | ip=null | op=PUT_BLOCK {blockData=[blockId=conID: 1 locID: 102664012139463220 bcsId: 0,size=1048576]} | ret=SUCCESS |  
2019-08-23 02:48:25,568 [grpc-default-executor-5] INFO  client.GrpcClientProtocolClient (GrpcClientProtocolClient.java:onNext(255)) - client-B268B4322F32->17750241-545b-4219-93a1-14a6ea3d85be: receive RaftClientReply:client-B268B4322F32->17750241-545b-4219-93a1-14a6ea3d85be@group-C33FBD9556F2, cid=2208, SUCCESS, logIndex=3273, commits[17750241-545b-4219-93a1-14a6ea3d85be:c3274, 4eaaa090-573e-41d3-9f8c-c99e236d806a:c3270, 5f4cf9ee-4bed-49de-adaa-861aec894328:c3270]
2019-08-23 02:48:25,569 [grpc-default-executor-5] INFO  client.GrpcClientProtocolClient (GrpcClientProtocolClient.java:onNext(255)) - client-B268B4322F32->17750241-545b-4219-93a1-14a6ea3d85be: receive RaftClientReply:client-B268B4322F32->17750241-545b-4219-93a1-14a6ea3d85be@group-C33FBD9556F2, cid=2209, SUCCESS, logIndex=3274, commits[17750241-545b-4219-93a1-14a6ea3d85be:c3276, 4eaaa090-573e-41d3-9f8c-c99e236d806a:c3272, 5f4cf9ee-4bed-49de-adaa-861aec894328:c3272]
2019-08-23 02:48:25,575 | INFO  | DNAudit | user=null | ip=null | op=WRITE_CHUNK {blockData=conID: 1 locID: 102664012139463220 bcsId: 3274} | ret=SUCCESS |  
2019-08-23 02:48:25,577 | INFO  | DNAudit | user=null | ip=null | op=WRITE_CHUNK {blockData=conID: 1 locID: 102664012139463220 bcsId: 3274} | ret=SUCCESS |  
2019-08-23 02:48:25,578 | INFO  | DNAudit | user=null | ip=null | op=WRITE_CHUNK {blockData=conID: 1 locID: 102664012139463220 bcsId: 3274} | ret=SUCCESS |  
2019-08-23 02:48:25,579 | INFO  | DNAudit | user=null | ip=null | op=WRITE_CHUNK {blockData=conID: 1 locID: 102664012139463220 bcsId: 0} | ret=SUCCESS |  
2019-08-23 02:48:25,579 | INFO  | DNAudit | user=null | ip=null | op=WRITE_CHUNK {blockData=conID: 1 locID: 102664012139463220 bcsId: 0} | ret=SUCCESS |  
2019-08-23 02:48:25,580 | INFO  | DNAudit | user=null | ip=null | op=PUT_BLOCK {blockData=[blockId=conID: 1 locID: 102664012139463220 bcsId: 0,size=2097152]} | ret=SUCCESS |  
2019-08-23 02:48:25,580 | INFO  | DNAudit | user=null | ip=null | op=PUT_BLOCK {blockData=[blockId=conID: 1 locID: 102664012139463220 bcsId: 0,size=2097152]} | ret=SUCCESS |  
2019-08-23 02:48:25,581 | INFO  | DNAudit | user=null | ip=null | op=WRITE_CHUNK {blockData=conID: 1 locID: 102664012139463220 bcsId: 3274} | ret=SUCCESS |  
2019-08-23 02:48:25,581 | INFO  | DNAudit | user=null | ip=null | op=PUT_BLOCK {blockData=[blockId=conID: 1 locID: 102664012139463220 bcsId: 0,size=3145728]} | ret=SUCCESS |  
2019-08-23 02:48:25,581 [grpc-default-executor-1] INFO  client.GrpcClientProtocolClient (GrpcClientProtocolClient.java:onNext(255)) - client-B268B4322F32->17750241-545b-4219-93a1-14a6ea3d85be: receive RaftClientReply:client-B268B4322F32->17750241-545b-4219-93a1-14a6ea3d85be@group-C33FBD9556F2, cid=2210, SUCCESS, logIndex=3279, commits[17750241-545b-4219-93a1-14a6ea3d85be:c3280, 4eaaa090-573e-41d3-9f8c-c99e236d806a:c3274, 5f4cf9ee-4bed-49de-adaa-861aec894328:c3276]
2019-08-23 02:48:25,581 [grpc-default-executor-1] INFO  client.GrpcClientProtocolClient (GrpcClientProtocolClient.java:onNext(255)) - client-B268B4322F32->17750241-545b-4219-93a1-14a6ea3d85be: receive RaftClientReply:client-B268B4322F32->17750241-545b-4219-93a1-14a6ea3d85be@group-C33FBD9556F2, cid=2211, SUCCESS, logIndex=3280, commits[17750241-545b-4219-93a1-14a6ea3d85be:c3280, 4eaaa090-573e-41d3-9f8c-c99e236d806a:c3274, 5f4cf9ee-4bed-49de-adaa-861aec894328:c3276]
2019-08-23 02:48:25,583 | INFO  | DNAudit | user=null | ip=null | op=WRITE_CHUNK {blockData=conID: 1 locID: 102664012139463220 bcsId: 3274} | ret=SUCCESS |  
2019-08-23 02:48:25,583 | INFO  | DNAudit | user=null | ip=null | op=WRITE_CHUNK {blockData=conID: 1 locID: 102664012139463220 bcsId: 3274} | ret=SUCCESS |  
2019-08-23 02:48:25,583 | INFO  | DNAudit | user=null | ip=null | op=PUT_BLOCK {blockData=[blockId=conID: 1 locID: 102664012139463220 bcsId: 0,size=3145728]} | ret=SUCCESS |  
2019-08-23 02:48:25,583 | INFO  | DNAudit | user=null | ip=null | op=PUT_BLOCK {blockData=[blockId=conID: 1 locID: 102664012139463220 bcsId: 0,size=3145728]} | ret=SUCCESS |  
2019-08-23 02:48:25,588 | INFO  | DNAudit | user=null | ip=null | op=WRITE_CHUNK {blockData=conID: 1 locID: 102664012139463220 bcsId: 3280} | ret=SUCCESS |  
2019-08-23 02:48:25,589 | INFO  | DNAudit | user=null | ip=null | op=WRITE_CHUNK {blockData=conID: 1 locID: 102664012139463220 bcsId: 3280} | ret=SUCCESS |  
2019-08-23 02:48:25,590 | INFO  | DNAudit | user=null | ip=null | op=WRITE_CHUNK {blockData=conID: 1 locID: 102664012139463220 bcsId: 3280} | ret=SUCCESS |  
2019-08-23 02:48:25,595 | INFO  | DNAudit | user=null | ip=null | op=WRITE_CHUNK {blockData=conID: 1 locID: 102664012139463220 bcsId: 3280} | ret=SUCCESS |  
2019-08-23 02:48:25,595 | INFO  | DNAudit | user=null | ip=null | op=PUT_BLOCK {blockData=[blockId=conID: 1 locID: 102664012139463220 bcsId: 0,size=4194304]} | ret=SUCCESS |  
2019-08-23 02:48:25,595 [grpc-default-executor-5] INFO  client.GrpcClientProtocolClient (GrpcClientProtocolClient.java:onNext(255)) - client-B268B4322F32->17750241-545b-4219-93a1-14a6ea3d85be: receive RaftClientReply:client-B268B4322F32->17750241-545b-4219-93a1-14a6ea3d85be@group-C33FBD9556F2, cid=2212, SUCCESS, logIndex=3283, commits[17750241-545b-4219-93a1-14a6ea3d85be:c3284, 4eaaa090-573e-41d3-9f8c-c99e236d806a:c3281, 5f4cf9ee-4bed-49de-adaa-861aec894328:c3280]
2019-08-23 02:48:25,596 [grpc-default-executor-5] INFO  client.GrpcClientProtocolClient (GrpcClientProtocolClient.java:onNext(255)) - client-B268B4322F32->17750241-545b-4219-93a1-14a6ea3d85be: receive RaftClientReply:client-B268B4322F32->17750241-545b-4219-93a1-14a6ea3d85be@group-C33FBD9556F2, cid=2213, SUCCESS, logIndex=3284, commits[17750241-545b-4219-93a1-14a6ea3d85be:c3284, 4eaaa090-573e-41d3-9f8c-c99e236d806a:c3281, 5f4cf9ee-4bed-49de-adaa-861aec894328:c3280]
2019-08-23 02:48:25,597 | INFO  | DNAudit | user=null | ip=null | op=WRITE_CHUNK {blockData=conID: 1 locID: 102664012139463220 bcsId: 3280} | ret=SUCCESS |  
2019-08-23 02:48:25,608 | INFO  | DNAudit | user=null | ip=null | op=WRITE_CHUNK {blockData=conID: 1 locID: 102664012139463220 bcsId: 3280} | ret=SUCCESS |  
2019-08-23 02:48:25,609 | INFO  | DNAudit | user=null | ip=null | op=PUT_BLOCK {blockData=[blockId=conID: 1 locID: 102664012139463220 bcsId: 0,size=4194304]} | ret=SUCCESS |  
2019-08-23 02:48:25,609 | INFO  | DNAudit | user=null | ip=null | op=PUT_BLOCK {blockData=[blockId=conID: 1 locID: 102664012139463220 bcsId: 0,size=4194304]} | ret=SUCCESS |  
2019-08-23 02:48:25,609 [grpc-default-executor-5] INFO  client.GrpcClientProtocolClient (GrpcClientProtocolClient.java:onNext(255)) - client-B268B4322F32->17750241-545b-4219-93a1-14a6ea3d85be: receive RaftClientReply:client-B268B4322F32->17750241-545b-4219-93a1-14a6ea3d85be@group-C33FBD9556F2, cid=2214, SUCCESS, logIndex=0, commits[17750241-545b-4219-93a1-14a6ea3d85be:c3286, 4eaaa090-573e-41d3-9f8c-c99e236d806a:c3284, 5f4cf9ee-4bed-49de-adaa-861aec894328:c3284]
2019-08-23 02:48:25,611 | INFO  | SCMAudit | user=jenkins1000 | ip=192.168.34.22 | op=ALLOCATE_BLOCK {owner=31d65bc3-3f70-45f5-bbc5-e3a15f967ba6, size=4194304, type=RATIS, factor=THREE} | ret=SUCCESS |  
2019-08-23 02:48:25,615 | INFO  | OMAudit | user=jenkins1000 | ip=127.0.0.1 | op=ALLOCATE_BLOCK {volume=vol-0-78052, bucket=bucket-0-33874, key=key-0-20719, dataSize=2147483657, replicationType=RATIS, replicationFactor=THREE, keyLocationInfo=[], clientID=102664010308846034} | ret=SUCCESS |  
2019-08-23 02:48:25,624 | INFO  | DNAudit | user=null | ip=null | op=WRITE_CHUNK {blockData=conID: 2 locID: 102664012143723061 bcsId: 0} | ret=SUCCESS |  
2019-08-23 02:48:25,627 | INFO  | DNAudit | user=null | ip=null | op=WRITE_CHUNK {blockData=conID: 2 locID: 102664012143723061 bcsId: 0} | ret=SUCCESS |  
2019-08-23 02:48:25,628 | INFO  | DNAudit | user=null | ip=null | op=WRITE_CHUNK {blockData=conID: 2 locID: 102664012143723061 bcsId: 0} | ret=SUCCESS |  
2019-08-23 02:48:25,628 | INFO  | DNAudit | user=null | ip=null | op=WRITE_CHUNK {blockData=conID: 2 locID: 102664012143723061 bcsId: 0} | ret=SUCCESS |  
2019-08-23 02:48:25,629 | INFO  | DNAudit | user=null | ip=null | op=WRITE_CHUNK {blockData=conID: 2 locID: 102664012143723061 bcsId: 0} | ret=SUCCESS |  
2019-08-23 02:48:25,629 | INFO  | DNAudit | user=null | ip=null | op=WRITE_CHUNK {blockData=conID: 2 locID: 102664012143723061 bcsId: 0} | ret=SUCCESS |  
2019-08-23 02:48:25,636 | INFO  | DNAudit | user=null | ip=null | op=WRITE_CHUNK {blockData=conID: 2 locID: 102664012143723061 bcsId: 0} | ret=SUCCESS |  
2019-08-23 02:48:25,637 | INFO  | DNAudit | user=null | ip=null | op=PUT_BLOCK {blockData=[blockId=conID: 2 locID: 102664012143723061 bcsId: 0,size=1048576]} | ret=SUCCESS |  
2019-08-23 02:48:25,637 [grpc-default-executor-1] INFO  client.GrpcClientProtocolClient (GrpcClientProtocolClient.java:onNext(255)) - client-B268B4322F32->17750241-545b-4219-93a1-14a6ea3d85be: receive RaftClientReply:client-B268B4322F32->17750241-545b-4219-93a1-14a6ea3d85be@group-C33FBD9556F2, cid=2215, SUCCESS, logIndex=3287, commits[17750241-545b-4219-93a1-14a6ea3d85be:c3290, 4eaaa090-573e-41d3-9f8c-c99e236d806a:c3286, 5f4cf9ee-4bed-49de-adaa-861aec894328:c3286]
2019-08-23 02:48:25,637 | INFO  | DNAudit | user=null | ip=null | op=WRITE_CHUNK {blockData=conID: 2 locID: 102664012143723061 bcsId: 0} | ret=SUCCESS |  
2019-08-23 02:48:25,637 [grpc-default-executor-1] INFO  client.GrpcClientProtocolClient (GrpcClientProtocolClient.java:onNext(255)) - client-B268B4322F32->17750241-545b-4219-93a1-14a6ea3d85be: receive RaftClientReply:client-B268B4322F32->17750241-545b-4219-93a1-14a6ea3d85be@group-C33FBD9556F2, cid=2216, SUCCESS, logIndex=3288, commits[17750241-545b-4219-93a1-14a6ea3d85be:c3290, 4eaaa090-573e-41d3-9f8c-c99e236d806a:c3286, 5f4cf9ee-4bed-49de-adaa-861aec894328:c3286]
2019-08-23 02:48:25,638 | INFO  | DNAudit | user=null | ip=null | op=PUT_BLOCK {blockData=[blockId=conID: 2 locID: 102664012143723061 bcsId: 0,size=2097152]} | ret=SUCCESS |  
2019-08-23 02:48:25,638 [grpc-default-executor-1] INFO  client.GrpcClientProtocolClient (GrpcClientProtocolClient.java:onNext(255)) - client-B268B4322F32->17750241-545b-4219-93a1-14a6ea3d85be: receive RaftClientReply:client-B268B4322F32->17750241-545b-4219-93a1-14a6ea3d85be@group-C33FBD9556F2, cid=2217, SUCCESS, logIndex=3289, commits[17750241-545b-4219-93a1-14a6ea3d85be:c3290, 4eaaa090-573e-41d3-9f8c-c99e236d806a:c3286, 5f4cf9ee-4bed-49de-adaa-861aec894328:c3286]
2019-08-23 02:48:25,638 [grpc-default-executor-1] INFO  client.GrpcClientProtocolClient (GrpcClientProtocolClient.java:onNext(255)) - client-B268B4322F32->17750241-545b-4219-93a1-14a6ea3d85be: receive RaftClientReply:client-B268B4322F32->17750241-545b-4219-93a1-14a6ea3d85be@group-C33FBD9556F2, cid=2218, SUCCESS, logIndex=3290, commits[17750241-545b-4219-93a1-14a6ea3d85be:c3290, 4eaaa090-573e-41d3-9f8c-c99e236d806a:c3286, 5f4cf9ee-4bed-49de-adaa-861aec894328:c3286]
2019-08-23 02:48:25,639 | INFO  | DNAudit | user=null | ip=null | op=WRITE_CHUNK {blockData=conID: 2 locID: 102664012143723061 bcsId: 0} | ret=SUCCESS |  
2019-08-23 02:48:25,650 | INFO  | DNAudit | user=null | ip=null | op=WRITE_CHUNK {blockData=conID: 2 locID: 102664012143723061 bcsId: 0} | ret=SUCCESS |  
2019-08-23 02:48:25,650 | INFO  | DNAudit | user=null | ip=null | op=PUT_BLOCK {blockData=[blockId=conID: 2 locID: 102664012143723061 bcsId: 0,size=1048576]} | ret=SUCCESS |  
2019-08-23 02:48:25,650 | INFO  | DNAudit | user=null | ip=null | op=PUT_BLOCK {blockData=[blockId=conID: 2 locID: 102664012143723061 bcsId: 0,size=1048576]} | ret=SUCCESS |  
2019-08-23 02:48:25,651 | INFO  | DNAudit | user=null | ip=null | op=WRITE_CHUNK {blockData=conID: 2 locID: 102664012143723061 bcsId: 0} | ret=SUCCESS |  
2019-08-23 02:48:25,651 | INFO  | DNAudit | user=null | ip=null | op=WRITE_CHUNK {blockData=conID: 2 locID: 102664012143723061 bcsId: 0} | ret=SUCCESS |  
2019-08-23 02:48:25,651 | INFO  | DNAudit | user=null | ip=null | op=PUT_BLOCK {blockData=[blockId=conID: 2 locID: 102664012143723061 bcsId: 0,size=2097152]} | ret=SUCCESS |  
2019-08-23 02:48:25,651 [grpc-default-executor-1] INFO  client.GrpcClientProtocolClient (GrpcClientProtocolClient.java:onNext(255)) - client-B268B4322F32->17750241-545b-4219-93a1-14a6ea3d85be: receive RaftClientReply:client-B268B4322F32->17750241-545b-4219-93a1-14a6ea3d85be@group-C33FBD9556F2, cid=2219, SUCCESS, logIndex=0, commits[17750241-545b-4219-93a1-14a6ea3d85be:c3294, 4eaaa090-573e-41d3-9f8c-c99e236d806a:c3290, 5f4cf9ee-4bed-49de-adaa-861aec894328:c3288]
2019-08-23 02:48:25,651 | INFO  | DNAudit | user=null | ip=null | op=PUT_BLOCK {blockData=[blockId=conID: 2 locID: 102664012143723061 bcsId: 0,size=2097152]} | ret=SUCCESS |  
2019-08-23 02:48:25,656 | INFO  | DNAudit | user=null | ip=null | op=WRITE_CHUNK {blockData=conID: 2 locID: 102664012143723061 bcsId: 3290} | ret=SUCCESS |  
2019-08-23 02:48:25,658 | INFO  | DNAudit | user=null | ip=null | op=WRITE_CHUNK {blockData=conID: 2 locID: 102664012143723061 bcsId: 3290} | ret=SUCCESS |  
2019-08-23 02:48:25,659 | INFO  | DNAudit | user=null | ip=null | op=WRITE_CHUNK {blockData=conID: 2 locID: 102664012143723061 bcsId: 3290} | ret=SUCCESS |  
2019-08-23 02:48:25,669 | INFO  | DNAudit | user=null | ip=null | op=WRITE_CHUNK {blockData=conID: 2 locID: 102664012143723061 bcsId: 3290} | ret=SUCCESS |  
2019-08-23 02:48:25,669 | INFO  | DNAudit | user=null | ip=null | op=PUT_BLOCK {blockData=[blockId=conID: 2 locID: 102664012143723061 bcsId: 0,size=3145728]} | ret=SUCCESS |  
2019-08-23 02:48:25,669 [grpc-default-executor-1] INFO  client.GrpcClientProtocolClient (GrpcClientProtocolClient.java:onNext(255)) - client-B268B4322F32->17750241-545b-4219-93a1-14a6ea3d85be: receive RaftClientReply:client-B268B4322F32->17750241-545b-4219-93a1-14a6ea3d85be@group-C33FBD9556F2, cid=2220, SUCCESS, logIndex=3295, commits[17750241-545b-4219-93a1-14a6ea3d85be:c3296, 4eaaa090-573e-41d3-9f8c-c99e236d806a:c3294, 5f4cf9ee-4bed-49de-adaa-861aec894328:c3294]
2019-08-23 02:48:25,670 [grpc-default-executor-1] INFO  client.GrpcClientProtocolClient (GrpcClientProtocolClient.java:onNext(255)) - client-B268B4322F32->17750241-545b-4219-93a1-14a6ea3d85be: receive RaftClientReply:client-B268B4322F32->17750241-545b-4219-93a1-14a6ea3d85be@group-C33FBD9556F2, cid=2221, SUCCESS, logIndex=3296, commits[17750241-545b-4219-93a1-14a6ea3d85be:c3296, 4eaaa090-573e-41d3-9f8c-c99e236d806a:c3294, 5f4cf9ee-4bed-49de-adaa-861aec894328:c3294]
2019-08-23 02:48:25,676 | INFO  | DNAudit | user=null | ip=null | op=WRITE_CHUNK {blockData=conID: 2 locID: 102664012143723061 bcsId: 3296} | ret=SUCCESS |  
2019-08-23 02:48:25,678 | INFO  | DNAudit | user=null | ip=null | op=WRITE_CHUNK {blockData=conID: 2 locID: 102664012143723061 bcsId: 3296} | ret=SUCCESS |  
2019-08-23 02:48:25,678 | INFO  | DNAudit | user=null | ip=null | op=WRITE_CHUNK {blockData=conID: 2 locID: 102664012143723061 bcsId: 3296} | ret=SUCCESS |  
2019-08-23 02:48:25,804 | INFO  | DNAudit | user=null | ip=null | op=WRITE_CHUNK {blockData=conID: 2 locID: 102664012143723061 bcsId: 3290} | ret=SUCCESS |  
2019-08-23 02:48:25,805 | INFO  | DNAudit | user=null | ip=null | op=WRITE_CHUNK {blockData=conID: 2 locID: 102664012143723061 bcsId: 3290} | ret=SUCCESS |  
2019-08-23 02:48:25,805 | INFO  | DNAudit | user=null | ip=null | op=PUT_BLOCK {blockData=[blockId=conID: 2 locID: 102664012143723061 bcsId: 0,size=3145728]} | ret=SUCCESS |  
2019-08-23 02:48:25,805 | INFO  | DNAudit | user=null | ip=null | op=PUT_BLOCK {blockData=[blockId=conID: 2 locID: 102664012143723061 bcsId: 0,size=3145728]} | ret=SUCCESS |  
2019-08-23 02:48:25,806 | INFO  | DNAudit | user=null | ip=null | op=WRITE_CHUNK {blockData=conID: 2 locID: 102664012143723061 bcsId: 3296} | ret=SUCCESS |  
2019-08-23 02:48:25,806 | INFO  | DNAudit | user=null | ip=null | op=PUT_BLOCK {blockData=[blockId=conID: 2 locID: 102664012143723061 bcsId: 0,size=4194304]} | ret=SUCCESS |  
2019-08-23 02:48:25,806 [grpc-default-executor-5] INFO  client.GrpcClientProtocolClient (GrpcClientProtocolClient.java:onNext(255)) - client-B268B4322F32->17750241-545b-4219-93a1-14a6ea3d85be: receive RaftClientReply:client-B268B4322F32->17750241-545b-4219-93a1-14a6ea3d85be@group-C33FBD9556F2, cid=2222, SUCCESS, logIndex=3299, commits[17750241-545b-4219-93a1-14a6ea3d85be:c3300, 4eaaa090-573e-41d3-9f8c-c99e236d806a:c3296, 5f4cf9ee-4bed-49de-adaa-861aec894328:c3296]
2019-08-23 02:48:25,807 [grpc-default-executor-5] INFO  client.GrpcClientProtocolClient (GrpcClientProtocolClient.java:onNext(255)) - client-B268B4322F32->17750241-545b-4219-93a1-14a6ea3d85be: receive RaftClientReply:client-B268B4322F32->17750241-545b-4219-93a1-14a6ea3d85be@group-C33FBD9556F2, cid=2223, SUCCESS, logIndex=3300, commits[17750241-545b-4219-93a1-14a6ea3d85be:c3300, 4eaaa090-573e-41d3-9f8c-c99e236d806a:c3296, 5f4cf9ee-4bed-49de-adaa-861aec894328:c3296]
2019-08-23 02:48:25,817 | INFO  | DNAudit | user=null | ip=null | op=WRITE_CHUNK {blockData=conID: 2 locID: 102664012143723061 bcsId: 3296} | ret=SUCCESS |  
2019-08-23 02:48:25,817 | INFO  | DNAudit | user=null | ip=null | op=WRITE_CHUNK {blockData=conID: 2 locID: 102664012143723061 bcsId: 3296} | ret=SUCCESS |  
2019-08-23 02:48:25,820 | INFO  | DNAudit | user=null | ip=null | op=PUT_BLOCK {blockData=[blockId=conID: 2 locID: 102664012143723061 bcsId: 0,size=4194304]} | ret=SUCCESS |  
2019-08-23 02:48:25,820 | INFO  | DNAudit | user=null | ip=null | op=PUT_BLOCK {blockData=[blockId=conID: 2 locID: 102664012143723061 bcsId: 0,size=4194304]} | ret=SUCCESS |  
2019-08-23 02:48:25,820 [grpc-default-executor-5] INFO  client.GrpcClientProtocolClient (GrpcClientProtocolClient.java:onNext(255)) - client-B268B4322F32->17750241-545b-4219-93a1-14a6ea3d85be: receive RaftClientReply:client-B268B4322F32->17750241-545b-4219-93a1-14a6ea3d85be@group-C33FBD9556F2, cid=2224, SUCCESS, logIndex=0, commits[17750241-545b-4219-93a1-14a6ea3d85be:c3301, 4eaaa090-573e-41d3-9f8c-c99e236d806a:c3300, 5f4cf9ee-4bed-49de-adaa-861aec894328:c3300]
2019-08-23 02:48:25,822 | INFO  | SCMAudit | user=jenkins1000 | ip=192.168.34.22 | op=ALLOCATE_BLOCK {owner=31d65bc3-3f70-45f5-bbc5-e3a15f967ba6, size=4194304, type=RATIS, factor=THREE} | ret=SUCCESS |  
2019-08-23 02:48:25,825 | INFO  | OMAudit | user=jenkins1000 | ip=127.0.0.1 | op=ALLOCATE_BLOCK {volume=vol-0-78052, bucket=bucket-0-33874, key=key-0-20719, dataSize=2147483657, replicationType=RATIS, replicationFactor=THREE, keyLocationInfo=[], clientID=102664010308846034} | ret=SUCCESS |  
2019-08-23 02:48:25,837 | INFO  | DNAudit | user=null | ip=null | op=WRITE_CHUNK {blockData=conID: 3 locID: 102664012157551158 bcsId: 0} | ret=SUCCESS |  
2019-08-23 02:48:25,839 | INFO  | DNAudit | user=null | ip=null | op=WRITE_CHUNK {blockData=conID: 3 locID: 102664012157551158 bcsId: 0} | ret=SUCCESS |  
2019-08-23 02:48:25,841 | INFO  | DNAudit | user=null | ip=null | op=WRITE_CHUNK {blockData=conID: 3 locID: 102664012157551158 bcsId: 0} | ret=SUCCESS |  
2019-08-23 02:48:25,841 | INFO  | DNAudit | user=null | ip=null | op=WRITE_CHUNK {blockData=conID: 3 locID: 102664012157551158 bcsId: 0} | ret=SUCCESS |  
2019-08-23 02:48:25,843 | INFO  | DNAudit | user=null | ip=null | op=WRITE_CHUNK {blockData=conID: 3 locID: 102664012157551158 bcsId: 0} | ret=SUCCESS |  
2019-08-23 02:48:25,843 | INFO  | DNAudit | user=null | ip=null | op=WRITE_CHUNK {blockData=conID: 3 locID: 102664012157551158 bcsId: 0} | ret=SUCCESS |  
2019-08-23 02:48:25,853 | INFO  | DNAudit | user=null | ip=null | op=WRITE_CHUNK {blockData=conID: 3 locID: 102664012157551158 bcsId: 0} | ret=SUCCESS |  
2019-08-23 02:48:25,853 | INFO  | DNAudit | user=null | ip=null | op=PUT_BLOCK {blockData=[blockId=conID: 3 locID: 102664012157551158 bcsId: 0,size=1048576]} | ret=SUCCESS |  
2019-08-23 02:48:25,854 [grpc-default-executor-5] INFO  client.GrpcClientProtocolClient (GrpcClientProtocolClient.java:onNext(255)) - client-B268B4322F32->17750241-545b-4219-93a1-14a6ea3d85be: receive RaftClientReply:client-B268B4322F32->17750241-545b-4219-93a1-14a6ea3d85be@group-C33FBD9556F2, cid=2225, SUCCESS, logIndex=3303, commits[17750241-545b-4219-93a1-14a6ea3d85be:c3304, 4eaaa090-573e-41d3-9f8c-c99e236d806a:c3302, 5f4cf9ee-4bed-49de-adaa-861aec894328:c3302]
2019-08-23 02:48:25,854 | INFO  | DNAudit | user=null | ip=null | op=WRITE_CHUNK {blockData=conID: 3 locID: 102664012157551158 bcsId: 0} | ret=SUCCESS |  
2019-08-23 02:48:25,854 [grpc-default-executor-5] INFO  client.GrpcClientProtocolClient (GrpcClientProtocolClient.java:onNext(255)) - client-B268B4322F32->17750241-545b-4219-93a1-14a6ea3d85be: receive RaftClientReply:client-B268B4322F32->17750241-545b-4219-93a1-14a6ea3d85be@group-C33FBD9556F2, cid=2226, SUCCESS, logIndex=3304, commits[17750241-545b-4219-93a1-14a6ea3d85be:c3306, 4eaaa090-573e-41d3-9f8c-c99e236d806a:c3302, 5f4cf9ee-4bed-49de-adaa-861aec894328:c3302]
2019-08-23 02:48:25,854 | INFO  | DNAudit | user=null | ip=null | op=WRITE_CHUNK {blockData=conID: 3 locID: 102664012157551158 bcsId: 0} | ret=SUCCESS |  
2019-08-23 02:48:25,854 | INFO  | DNAudit | user=null | ip=null | op=PUT_BLOCK {blockData=[blockId=conID: 3 locID: 102664012157551158 bcsId: 0,size=2097152]} | ret=SUCCESS |  
2019-08-23 02:48:25,855 [grpc-default-executor-5] INFO  client.GrpcClientProtocolClient (GrpcClientProtocolClient.java:onNext(255)) - client-B268B4322F32->17750241-545b-4219-93a1-14a6ea3d85be: receive RaftClientReply:client-B268B4322F32->17750241-545b-4219-93a1-14a6ea3d85be@group-C33FBD9556F2, cid=2227, SUCCESS, logIndex=3305, commits[17750241-545b-4219-93a1-14a6ea3d85be:c3306, 4eaaa090-573e-41d3-9f8c-c99e236d806a:c3302, 5f4cf9ee-4bed-49de-adaa-861aec894328:c3302]
2019-08-23 02:48:25,855 | INFO  | DNAudit | user=null | ip=null | op=PUT_BLOCK {blockData=[blockId=conID: 3 locID: 102664012157551158 bcsId: 0,size=1048576]} | ret=SUCCESS |  
2019-08-23 02:48:25,855 | INFO  | DNAudit | user=null | ip=null | op=WRITE_CHUNK {blockData=conID: 3 locID: 102664012157551158 bcsId: 0} | ret=SUCCESS |  
2019-08-23 02:48:25,855 [grpc-default-executor-5] INFO  client.GrpcClientProtocolClient (GrpcClientProtocolClient.java:onNext(255)) - client-B268B4322F32->17750241-545b-4219-93a1-14a6ea3d85be: receive RaftClientReply:client-B268B4322F32->17750241-545b-4219-93a1-14a6ea3d85be@group-C33FBD9556F2, cid=2228, SUCCESS, logIndex=3306, commits[17750241-545b-4219-93a1-14a6ea3d85be:c3307, 4eaaa090-573e-41d3-9f8c-c99e236d806a:c3302, 5f4cf9ee-4bed-49de-adaa-861aec894328:c3303]
2019-08-23 02:48:25,855 | INFO  | DNAudit | user=null | ip=null | op=PUT_BLOCK {blockData=[blockId=conID: 3 locID: 102664012157551158 bcsId: 0,size=1048576]} | ret=SUCCESS |  
2019-08-23 02:48:25,856 | INFO  | DNAudit | user=null | ip=null | op=WRITE_CHUNK {blockData=conID: 3 locID: 102664012157551158 bcsId: 0} | ret=SUCCESS |  
2019-08-23 02:48:25,856 | INFO  | DNAudit | user=null | ip=null | op=PUT_BLOCK {blockData=[blockId=conID: 3 locID: 102664012157551158 bcsId: 0,size=2097152]} | ret=SUCCESS |  
2019-08-23 02:48:25,856 [grpc-default-executor-5] INFO  client.GrpcClientProtocolClient (GrpcClientProtocolClient.java:onNext(255)) - client-B268B4322F32->17750241-545b-4219-93a1-14a6ea3d85be: receive RaftClientReply:client-B268B4322F32->17750241-545b-4219-93a1-14a6ea3d85be@group-C33FBD9556F2, cid=2229, SUCCESS, logIndex=0, commits[17750241-545b-4219-93a1-14a6ea3d85be:c3310, 4eaaa090-573e-41d3-9f8c-c99e236d806a:c3304, 5f4cf9ee-4bed-49de-adaa-861aec894328:c3306]
2019-08-23 02:48:25,862 | INFO  | DNAudit | user=null | ip=null | op=WRITE_CHUNK {blockData=conID: 3 locID: 102664012157551158 bcsId: 3306} | ret=SUCCESS |  
2019-08-23 02:48:25,865 | INFO  | DNAudit | user=null | ip=null | op=WRITE_CHUNK {blockData=conID: 3 locID: 102664012157551158 bcsId: 3306} | ret=SUCCESS |  
2019-08-23 02:48:25,865 | INFO  | DNAudit | user=null | ip=null | op=WRITE_CHUNK {blockData=conID: 3 locID: 102664012157551158 bcsId: 3306} | ret=SUCCESS |  
2019-08-23 02:48:25,866 | INFO  | DNAudit | user=null | ip=null | op=WRITE_CHUNK {blockData=conID: 3 locID: 102664012157551158 bcsId: 0} | ret=SUCCESS |  
2019-08-23 02:48:25,867 | INFO  | DNAudit | user=null | ip=null | op=PUT_BLOCK {blockData=[blockId=conID: 3 locID: 102664012157551158 bcsId: 0,size=2097152]} | ret=SUCCESS |  
2019-08-23 02:48:25,868 | INFO  | DNAudit | user=null | ip=null | op=WRITE_CHUNK {blockData=conID: 3 locID: 102664012157551158 bcsId: 3306} | ret=SUCCESS |  
2019-08-23 02:48:25,868 | INFO  | DNAudit | user=null | ip=null | op=PUT_BLOCK {blockData=[blockId=conID: 3 locID: 102664012157551158 bcsId: 0,size=3145728]} | ret=SUCCESS |  
2019-08-23 02:48:25,868 [grpc-default-executor-1] INFO  client.GrpcClientProtocolClient (GrpcClientProtocolClient.java:onNext(255)) - client-B268B4322F32->17750241-545b-4219-93a1-14a6ea3d85be: receive RaftClientReply:client-B268B4322F32->17750241-545b-4219-93a1-14a6ea3d85be@group-C33FBD9556F2, cid=2230, SUCCESS, logIndex=3311, commits[17750241-545b-4219-93a1-14a6ea3d85be:c3312, 4eaaa090-573e-41d3-9f8c-c99e236d806a:c3306, 5f4cf9ee-4bed-49de-adaa-861aec894328:c3310]
2019-08-23 02:48:25,869 [grpc-default-executor-1] INFO  client.GrpcClientProtocolClient (GrpcClientProtocolClient.java:onNext(255)) - client-B268B4322F32->17750241-545b-4219-93a1-14a6ea3d85be: receive RaftClientReply:client-B268B4322F32->17750241-545b-4219-93a1-14a6ea3d85be@group-C33FBD9556F2, cid=2231, SUCCESS, logIndex=3312, commits[17750241-545b-4219-93a1-14a6ea3d85be:c3312, 4eaaa090-573e-41d3-9f8c-c99e236d806a:c3310, 5f4cf9ee-4bed-49de-adaa-861aec894328:c3310]
2019-08-23 02:48:25,869 | INFO  | DNAudit | user=null | ip=null | op=WRITE_CHUNK {blockData=conID: 3 locID: 102664012157551158 bcsId: 3306} | ret=SUCCESS |  
2019-08-23 02:48:25,869 | INFO  | DNAudit | user=null | ip=null | op=WRITE_CHUNK {blockData=conID: 3 locID: 102664012157551158 bcsId: 3306} | ret=SUCCESS |  
2019-08-23 02:48:25,869 | INFO  | DNAudit | user=null | ip=null | op=PUT_BLOCK {blockData=[blockId=conID: 3 locID: 102664012157551158 bcsId: 0,size=3145728]} | ret=SUCCESS |  
2019-08-23 02:48:25,869 | INFO  | DNAudit | user=null | ip=null | op=PUT_BLOCK {blockData=[blockId=conID: 3 locID: 102664012157551158 bcsId: 0,size=3145728]} | ret=SUCCESS |  
2019-08-23 02:48:25,876 | INFO  | DNAudit | user=null | ip=null | op=WRITE_CHUNK {blockData=conID: 3 locID: 102664012157551158 bcsId: 3312} | ret=SUCCESS |  
2019-08-23 02:48:25,878 | INFO  | DNAudit | user=null | ip=null | op=WRITE_CHUNK {blockData=conID: 3 locID: 102664012157551158 bcsId: 3312} | ret=SUCCESS |  
2019-08-23 02:48:25,879 | INFO  | DNAudit | user=null | ip=null | op=WRITE_CHUNK {blockData=conID: 3 locID: 102664012157551158 bcsId: 3312} | ret=SUCCESS |  
2019-08-23 02:48:25,888 | INFO  | DNAudit | user=null | ip=null | op=WRITE_CHUNK {blockData=conID: 3 locID: 102664012157551158 bcsId: 3312} | ret=SUCCESS |  
2019-08-23 02:48:25,888 | INFO  | DNAudit | user=null | ip=null | op=PUT_BLOCK {blockData=[blockId=conID: 3 locID: 102664012157551158 bcsId: 0,size=4194304]} | ret=SUCCESS |  
2019-08-23 02:48:25,889 [grpc-default-executor-1] INFO  client.GrpcClientProtocolClient (GrpcClientProtocolClient.java:onNext(255)) - client-B268B4322F32->17750241-545b-4219-93a1-14a6ea3d85be: receive RaftClientReply:client-B268B4322F32->17750241-545b-4219-93a1-14a6ea3d85be@group-C33FBD9556F2, cid=2232, SUCCESS, logIndex=3315, commits[17750241-545b-4219-93a1-14a6ea3d85be:c3316, 4eaaa090-573e-41d3-9f8c-c99e236d806a:c3314, 5f4cf9ee-4bed-49de-adaa-861aec894328:c3314]
2019-08-23 02:48:25,889 [grpc-default-executor-1] INFO  client.GrpcClientProtocolClient (GrpcClientProtocolClient.java:onNext(255)) - client-B268B4322F32->17750241-545b-4219-93a1-14a6ea3d85be: receive RaftClientReply:client-B268B4322F32->17750241-545b-4219-93a1-14a6ea3d85be@group-C33FBD9556F2, cid=2233, SUCCESS, logIndex=3316, commits[17750241-545b-4219-93a1-14a6ea3d85be:c3316, 4eaaa090-573e-41d3-9f8c-c99e236d806a:c3314, 5f4cf9ee-4bed-49de-adaa-861aec894328:c3314]
2019-08-23 02:48:25,900 | INFO  | DNAudit | user=null | ip=null | op=WRITE_CHUNK {blockData=conID: 3 locID: 102664012157551158 bcsId: 3312} | ret=SUCCESS |  
2019-08-23 02:48:25,900 | INFO  | DNAudit | user=null | ip=null | op=WRITE_CHUNK {blockData=conID: 3 locID: 102664012157551158 bcsId: 3312} | ret=SUCCESS |  
2019-08-23 02:48:25,903 | INFO  | DNAudit | user=null | ip=null | op=PUT_BLOCK {blockData=[blockId=conID: 3 locID: 102664012157551158 bcsId: 0,size=4194304]} | ret=SUCCESS |  
2019-08-23 02:48:25,903 | INFO  | DNAudit | user=null | ip=null | op=PUT_BLOCK {blockData=[blockId=conID: 3 locID: 102664012157551158 bcsId: 0,size=4194304]} | ret=SUCCESS |  
2019-08-23 02:48:25,903 [grpc-default-executor-6] INFO  client.GrpcClientProtocolClient (GrpcClientProtocolClient.java:onNext(255)) - client-B268B4322F32->17750241-545b-4219-93a1-14a6ea3d85be: receive RaftClientReply:client-B268B4322F32->17750241-545b-4219-93a1-14a6ea3d85be@group-C33FBD9556F2, cid=2234, SUCCESS, logIndex=0, commits[17750241-545b-4219-93a1-14a6ea3d85be:c3318, 4eaaa090-573e-41d3-9f8c-c99e236d806a:c3316, 5f4cf9ee-4bed-49de-adaa-861aec894328:c3316]
2019-08-23 02:48:25,905 | INFO  | SCMAudit | user=jenkins1000 | ip=192.168.34.22 | op=ALLOCATE_BLOCK {owner=31d65bc3-3f70-45f5-bbc5-e3a15f967ba6, size=4194304, type=RATIS, factor=THREE} | ret=SUCCESS |  
2019-08-23 02:48:25,909 | INFO  | OMAudit | user=jenkins1000 | ip=127.0.0.1 | op=ALLOCATE_BLOCK {volume=vol-0-78052, bucket=bucket-0-33874, key=key-0-20719, dataSize=2147483657, replicationType=RATIS, replicationFactor=THREE, keyLocationInfo=[], clientID=102664010308846034} | ret=SUCCESS |  
2019-08-23 02:48:25,918 | INFO  | DNAudit | user=null | ip=null | op=WRITE_CHUNK {blockData=conID: 1 locID: 102664012162990647 bcsId: 0} | ret=SUCCESS |  
2019-08-23 02:48:25,920 | INFO  | DNAudit | user=null | ip=null | op=WRITE_CHUNK {blockData=conID: 1 locID: 102664012162990647 bcsId: 0} | ret=SUCCESS |  
2019-08-23 02:48:25,921 | INFO  | DNAudit | user=null | ip=null | op=WRITE_CHUNK {blockData=conID: 1 locID: 102664012162990647 bcsId: 0} | ret=SUCCESS |  
2019-08-23 02:48:25,921 | INFO  | DNAudit | user=null | ip=null | op=WRITE_CHUNK {blockData=conID: 1 locID: 102664012162990647 bcsId: 0} | ret=SUCCESS |  
2019-08-23 02:48:25,923 | INFO  | DNAudit | user=null | ip=null | op=WRITE_CHUNK {blockData=conID: 1 locID: 102664012162990647 bcsId: 0} | ret=SUCCESS |  
2019-08-23 02:48:25,924 | INFO  | DNAudit | user=null | ip=null | op=WRITE_CHUNK {blockData=conID: 1 locID: 102664012162990647 bcsId: 0} | ret=SUCCESS |  
2019-08-23 02:48:25,931 | INFO  | DNAudit | user=null | ip=null | op=WRITE_CHUNK {blockData=conID: 1 locID: 102664012162990647 bcsId: 0} | ret=SUCCESS |  
2019-08-23 02:48:25,932 | INFO  | DNAudit | user=null | ip=null | op=PUT_BLOCK {blockData=[blockId=conID: 1 locID: 102664012162990647 bcsId: 0,size=1048576]} | ret=SUCCESS |  
2019-08-23 02:48:25,932 [grpc-default-executor-1] INFO  client.GrpcClientProtocolClient (GrpcClientProtocolClient.java:onNext(255)) - client-B268B4322F32->17750241-545b-4219-93a1-14a6ea3d85be: receive RaftClientReply:client-B268B4322F32->17750241-545b-4219-93a1-14a6ea3d85be@group-C33FBD9556F2, cid=2235, SUCCESS, logIndex=3319, commits[17750241-545b-4219-93a1-14a6ea3d85be:c3320, 4eaaa090-573e-41d3-9f8c-c99e236d806a:c3318, 5f4cf9ee-4bed-49de-adaa-861aec894328:c3318]
2019-08-23 02:48:25,932 | INFO  | DNAudit | user=null | ip=null | op=WRITE_CHUNK {blockData=conID: 1 locID: 102664012162990647 bcsId: 0} | ret=SUCCESS |  
2019-08-23 02:48:25,932 | INFO  | DNAudit | user=null | ip=null | op=PUT_BLOCK {blockData=[blockId=conID: 1 locID: 102664012162990647 bcsId: 0,size=2097152]} | ret=SUCCESS |  
2019-08-23 02:48:25,932 [grpc-default-executor-1] INFO  client.GrpcClientProtocolClient (GrpcClientProtocolClient.java:onNext(255)) - client-B268B4322F32->17750241-545b-4219-93a1-14a6ea3d85be: receive RaftClientReply:client-B268B4322F32->17750241-545b-4219-93a1-14a6ea3d85be@group-C33FBD9556F2, cid=2236, SUCCESS, logIndex=3320, commits[17750241-545b-4219-93a1-14a6ea3d85be:c3321, 4eaaa090-573e-41d3-9f8c-c99e236d806a:c3318, 5f4cf9ee-4bed-49de-adaa-861aec894328:c3318]
2019-08-23 02:48:25,933 [grpc-default-executor-1] INFO  client.GrpcClientProtocolClient (GrpcClientProtocolClient.java:onNext(255)) - client-B268B4322F32->17750241-545b-4219-93a1-14a6ea3d85be: receive RaftClientReply:client-B268B4322F32->17750241-545b-4219-93a1-14a6ea3d85be@group-C33FBD9556F2, cid=2237, SUCCESS, logIndex=3321, commits[17750241-545b-4219-93a1-14a6ea3d85be:c3322, 4eaaa090-573e-41d3-9f8c-c99e236d806a:c3318, 5f4cf9ee-4bed-49de-adaa-861aec894328:c3318]
2019-08-23 02:48:25,933 [grpc-default-executor-1] INFO  client.GrpcClientProtocolClient (GrpcClientProtocolClient.java:onNext(255)) - client-B268B4322F32->17750241-545b-4219-93a1-14a6ea3d85be: receive RaftClientReply:client-B268B4322F32->17750241-545b-4219-93a1-14a6ea3d85be@group-C33FBD9556F2, cid=2238, SUCCESS, logIndex=3322, commits[17750241-545b-4219-93a1-14a6ea3d85be:c3322, 4eaaa090-573e-41d3-9f8c-c99e236d806a:c3318, 5f4cf9ee-4bed-49de-adaa-861aec894328:c3318]
2019-08-23 02:48:25,945 | INFO  | DNAudit | user=null | ip=null | op=WRITE_CHUNK {blockData=conID: 1 locID: 102664012162990647 bcsId: 0} | ret=SUCCESS |  
2019-08-23 02:48:25,945 | INFO  | DNAudit | user=null | ip=null | op=WRITE_CHUNK {blockData=conID: 1 locID: 102664012162990647 bcsId: 0} | ret=SUCCESS |  
2019-08-23 02:48:25,946 | INFO  | DNAudit | user=null | ip=null | op=PUT_BLOCK {blockData=[blockId=conID: 1 locID: 102664012162990647 bcsId: 0,size=1048576]} | ret=SUCCESS |  
2019-08-23 02:48:25,946 | INFO  | DNAudit | user=null | ip=null | op=PUT_BLOCK {blockData=[blockId=conID: 1 locID: 102664012162990647 bcsId: 0,size=1048576]} | ret=SUCCESS |  
2019-08-23 02:48:25,946 | INFO  | DNAudit | user=null | ip=null | op=WRITE_CHUNK {blockData=conID: 1 locID: 102664012162990647 bcsId: 0} | ret=SUCCESS |  
2019-08-23 02:48:25,946 | INFO  | DNAudit | user=null | ip=null | op=WRITE_CHUNK {blockData=conID: 1 locID: 102664012162990647 bcsId: 0} | ret=SUCCESS |  
2019-08-23 02:48:25,946 | INFO  | DNAudit | user=null | ip=null | op=PUT_BLOCK {blockData=[blockId=conID: 1 locID: 102664012162990647 bcsId: 0,size=2097152]} | ret=SUCCESS |  
2019-08-23 02:48:25,946 | INFO  | DNAudit | user=null | ip=null | op=PUT_BLOCK {blockData=[blockId=conID: 1 locID: 102664012162990647 bcsId: 0,size=2097152]} | ret=SUCCESS |  
2019-08-23 02:48:25,946 [grpc-default-executor-6] INFO  client.GrpcClientProtocolClient (GrpcClientProtocolClient.java:onNext(255)) - client-B268B4322F32->17750241-545b-4219-93a1-14a6ea3d85be: receive RaftClientReply:client-B268B4322F32->17750241-545b-4219-93a1-14a6ea3d85be@group-C33FBD9556F2, cid=2239, SUCCESS, logIndex=0, commits[17750241-545b-4219-93a1-14a6ea3d85be:c3324, 4eaaa090-573e-41d3-9f8c-c99e236d806a:c3320, 5f4cf9ee-4bed-49de-adaa-861aec894328:c3320]
2019-08-23 02:48:25,952 | INFO  | DNAudit | user=null | ip=null | op=WRITE_CHUNK {blockData=conID: 1 locID: 102664012162990647 bcsId: 3322} | ret=SUCCESS |  
2019-08-23 02:48:25,955 | INFO  | DNAudit | user=null | ip=null | op=WRITE_CHUNK {blockData=conID: 1 locID: 102664012162990647 bcsId: 3322} | ret=SUCCESS |  
2019-08-23 02:48:25,955 | INFO  | DNAudit | user=null | ip=null | op=WRITE_CHUNK {blockData=conID: 1 locID: 102664012162990647 bcsId: 3322} | ret=SUCCESS |  
2019-08-23 02:48:25,965 | INFO  | DNAudit | user=null | ip=null | op=WRITE_CHUNK {blockData=conID: 1 locID: 102664012162990647 bcsId: 3322} | ret=SUCCESS |  
2019-08-23 02:48:25,965 | INFO  | DNAudit | user=null | ip=null | op=PUT_BLOCK {blockData=[blockId=conID: 1 locID: 102664012162990647 bcsId: 0,size=3145728]} | ret=SUCCESS |  
2019-08-23 02:48:25,965 [grpc-default-executor-1] INFO  client.GrpcClientProtocolClient (GrpcClientProtocolClient.java:onNext(255)) - client-B268B4322F32->17750241-545b-4219-93a1-14a6ea3d85be: receive RaftClientReply:client-B268B4322F32->17750241-545b-4219-93a1-14a6ea3d85be@group-C33FBD9556F2, cid=2240, SUCCESS, logIndex=3327, commits[17750241-545b-4219-93a1-14a6ea3d85be:c3328, 4eaaa090-573e-41d3-9f8c-c99e236d806a:c3326, 5f4cf9ee-4bed-49de-adaa-861aec894328:c3326]
2019-08-23 02:48:25,966 [grpc-default-executor-1] INFO  client.GrpcClientProtocolClient (GrpcClientProtocolClient.java:onNext(255)) - client-B268B4322F32->17750241-545b-4219-93a1-14a6ea3d85be: receive RaftClientReply:client-B268B4322F32->17750241-545b-4219-93a1-14a6ea3d85be@group-C33FBD9556F2, cid=2241, SUCCESS, logIndex=3328, commits[17750241-545b-4219-93a1-14a6ea3d85be:c3328, 4eaaa090-573e-41d3-9f8c-c99e236d806a:c3326, 5f4cf9ee-4bed-49de-adaa-861aec894328:c3326]
2019-08-23 02:48:25,971 | INFO  | DNAudit | user=null | ip=null | op=WRITE_CHUNK {blockData=conID: 1 locID: 102664012162990647 bcsId: 3328} | ret=SUCCESS |  
2019-08-23 02:48:25,974 | INFO  | DNAudit | user=null | ip=null | op=WRITE_CHUNK {blockData=conID: 1 locID: 102664012162990647 bcsId: 3328} | ret=SUCCESS |  
2019-08-23 02:48:25,974 | INFO  | DNAudit | user=null | ip=null | op=WRITE_CHUNK {blockData=conID: 1 locID: 102664012162990647 bcsId: 3328} | ret=SUCCESS |  
2019-08-23 02:48:25,976 | INFO  | DNAudit | user=null | ip=null | op=WRITE_CHUNK {blockData=conID: 1 locID: 102664012162990647 bcsId: 3322} | ret=SUCCESS |  
2019-08-23 02:48:25,977 | INFO  | DNAudit | user=null | ip=null | op=WRITE_CHUNK {blockData=conID: 1 locID: 102664012162990647 bcsId: 3322} | ret=SUCCESS |  
2019-08-23 02:48:25,979 | INFO  | DNAudit | user=null | ip=null | op=PUT_BLOCK {blockData=[blockId=conID: 1 locID: 102664012162990647 bcsId: 0,size=3145728]} | ret=SUCCESS |  
2019-08-23 02:48:25,979 | INFO  | DNAudit | user=null | ip=null | op=PUT_BLOCK {blockData=[blockId=conID: 1 locID: 102664012162990647 bcsId: 0,size=3145728]} | ret=SUCCESS |  
2019-08-23 02:48:25,980 | INFO  | DNAudit | user=null | ip=null | op=WRITE_CHUNK {blockData=conID: 1 locID: 102664012162990647 bcsId: 3328} | ret=SUCCESS |  
2019-08-23 02:48:25,980 | INFO  | DNAudit | user=null | ip=null | op=PUT_BLOCK {blockData=[blockId=conID: 1 locID: 102664012162990647 bcsId: 0,size=4194304]} | ret=SUCCESS |  
2019-08-23 02:48:25,980 [grpc-default-executor-1] INFO  client.GrpcClientProtocolClient (GrpcClientProtocolClient.java:onNext(255)) - client-B268B4322F32->17750241-545b-4219-93a1-14a6ea3d85be: receive RaftClientReply:client-B268B4322F32->17750241-545b-4219-93a1-14a6ea3d85be@group-C33FBD9556F2, cid=2242, SUCCESS, logIndex=3331, commits[17750241-545b-4219-93a1-14a6ea3d85be:c3332, 4eaaa090-573e-41d3-9f8c-c99e236d806a:c3328, 5f4cf9ee-4bed-49de-adaa-861aec894328:c3328]
2019-08-23 02:48:25,981 [grpc-default-executor-1] INFO  client.GrpcClientProtocolClient (GrpcClientProtocolClient.java:onNext(255)) - client-B268B4322F32->17750241-545b-4219-93a1-14a6ea3d85be: receive RaftClientReply:client-B268B4322F32->17750241-545b-4219-93a1-14a6ea3d85be@group-C33FBD9556F2, cid=2243, SUCCESS, logIndex=3332, commits[17750241-545b-4219-93a1-14a6ea3d85be:c3332, 4eaaa090-573e-41d3-9f8c-c99e236d806a:c3328, 5f4cf9ee-4bed-49de-adaa-861aec894328:c3328]
2019-08-23 02:48:25,991 | INFO  | DNAudit | user=null | ip=null | op=WRITE_CHUNK {blockData=conID: 1 locID: 102664012162990647 bcsId: 3328} | ret=SUCCESS |  
2019-08-23 02:48:25,991 | INFO  | DNAudit | user=null | ip=null | op=WRITE_CHUNK {blockData=conID: 1 locID: 102664012162990647 bcsId: 3328} | ret=SUCCESS |  
2019-08-23 02:48:25,994 | INFO  | DNAudit | user=null | ip=null | op=PUT_BLOCK {blockData=[blockId=conID: 1 locID: 102664012162990647 bcsId: 0,size=4194304]} | ret=SUCCESS |  
2019-08-23 02:48:25,994 | INFO  | DNAudit | user=null | ip=null | op=PUT_BLOCK {blockData=[blockId=conID: 1 locID: 102664012162990647 bcsId: 0,size=4194304]} | ret=SUCCESS |  
2019-08-23 02:48:25,995 [grpc-default-executor-1] INFO  client.GrpcClientProtocolClient (GrpcClientProtocolClient.java:onNext(255)) - client-B268B4322F32->17750241-545b-4219-93a1-14a6ea3d85be: receive RaftClientReply:client-B268B4322F32->17750241-545b-4219-93a1-14a6ea3d85be@group-C33FBD9556F2, cid=2244, SUCCESS, logIndex=0, commits[17750241-545b-4219-93a1-14a6ea3d85be:c3334, 4eaaa090-573e-41d3-9f8c-c99e236d806a:c3332, 5f4cf9ee-4bed-49de-adaa-861aec894328:c3332]
2019-08-23 02:48:25,997 | INFO  | SCMAudit | user=jenkins1000 | ip=192.168.34.22 | op=ALLOCATE_BLOCK {owner=31d65bc3-3f70-45f5-bbc5-e3a15f967ba6, size=4194304, type=RATIS, factor=THREE} | ret=SUCCESS |  
2019-08-23 02:48:26,000 | INFO  | OMAudit | user=jenkins1000 | ip=127.0.0.1 | op=ALLOCATE_BLOCK {volume=vol-0-78052, bucket=bucket-0-33874, key=key-0-20719, dataSize=2147483657, replicationType=RATIS, replicationFactor=THREE, keyLocationInfo=[], clientID=102664010308846034} | ret=SUCCESS |  
2019-08-23 02:48:26,009 | INFO  | DNAudit | user=null | ip=null | op=WRITE_CHUNK {blockData=conID: 2 locID: 102664012168954424 bcsId: 0} | ret=SUCCESS |  
2019-08-23 02:48:26,010 | INFO  | DNAudit | user=null | ip=null | op=WRITE_CHUNK {blockData=conID: 2 locID: 102664012168954424 bcsId: 0} | ret=SUCCESS |  
2019-08-23 02:48:26,012 | INFO  | DNAudit | user=null | ip=null | op=WRITE_CHUNK {blockData=conID: 2 locID: 102664012168954424 bcsId: 0} | ret=SUCCESS |  
2019-08-23 02:48:26,012 | INFO  | DNAudit | user=null | ip=null | op=WRITE_CHUNK {blockData=conID: 2 locID: 102664012168954424 bcsId: 0} | ret=SUCCESS |  
2019-08-23 02:48:26,013 | INFO  | DNAudit | user=null | ip=null | op=WRITE_CHUNK {blockData=conID: 2 locID: 102664012168954424 bcsId: 0} | ret=SUCCESS |  
2019-08-23 02:48:26,014 | INFO  | DNAudit | user=null | ip=null | op=WRITE_CHUNK {blockData=conID: 2 locID: 102664012168954424 bcsId: 0} | ret=SUCCESS |  
2019-08-23 02:48:26,021 | INFO  | DNAudit | user=null | ip=null | op=WRITE_CHUNK {blockData=conID: 2 locID: 102664012168954424 bcsId: 0} | ret=SUCCESS |  
2019-08-23 02:48:26,022 | INFO  | DNAudit | user=null | ip=null | op=PUT_BLOCK {blockData=[blockId=conID: 2 locID: 102664012168954424 bcsId: 0,size=1048576]} | ret=SUCCESS |  
2019-08-23 02:48:26,022 | INFO  | DNAudit | user=null | ip=null | op=WRITE_CHUNK {blockData=conID: 2 locID: 102664012168954424 bcsId: 0} | ret=SUCCESS |  
2019-08-23 02:48:26,022 [grpc-default-executor-5] INFO  client.GrpcClientProtocolClient (GrpcClientProtocolClient.java:onNext(255)) - client-B268B4322F32->17750241-545b-4219-93a1-14a6ea3d85be: receive RaftClientReply:client-B268B4322F32->17750241-545b-4219-93a1-14a6ea3d85be@group-C33FBD9556F2, cid=2245, SUCCESS, logIndex=3335, commits[17750241-545b-4219-93a1-14a6ea3d85be:c3337, 4eaaa090-573e-41d3-9f8c-c99e236d806a:c3334, 5f4cf9ee-4bed-49de-adaa-861aec894328:c3334]
2019-08-23 02:48:26,022 | INFO  | DNAudit | user=null | ip=null | op=PUT_BLOCK {blockData=[blockId=conID: 2 locID: 102664012168954424 bcsId: 0,size=2097152]} | ret=SUCCESS |  
2019-08-23 02:48:26,023 [grpc-default-executor-5] INFO  client.GrpcClientProtocolClient (GrpcClientProtocolClient.java:onNext(255)) - client-B268B4322F32->17750241-545b-4219-93a1-14a6ea3d85be: receive RaftClientReply:client-B268B4322F32->17750241-545b-4219-93a1-14a6ea3d85be@group-C33FBD9556F2, cid=2246, SUCCESS, logIndex=3336, commits[17750241-545b-4219-93a1-14a6ea3d85be:c3338, 4eaaa090-573e-41d3-9f8c-c99e236d806a:c3334, 5f4cf9ee-4bed-49de-adaa-861aec894328:c3334]
2019-08-23 02:48:26,023 [grpc-default-executor-5] INFO  client.GrpcClientProtocolClient (GrpcClientProtocolClient.java:onNext(255)) - client-B268B4322F32->17750241-545b-4219-93a1-14a6ea3d85be: receive RaftClientReply:client-B268B4322F32->17750241-545b-4219-93a1-14a6ea3d85be@group-C33FBD9556F2, cid=2247, SUCCESS, logIndex=3337, commits[17750241-545b-4219-93a1-14a6ea3d85be:c3338, 4eaaa090-573e-41d3-9f8c-c99e236d806a:c3334, 5f4cf9ee-4bed-49de-adaa-861aec894328:c3334]
2019-08-23 02:48:26,024 | INFO  | DNAudit | user=null | ip=null | op=WRITE_CHUNK {blockData=conID: 2 locID: 102664012168954424 bcsId: 0} | ret=SUCCESS |  
2019-08-23 02:48:26,024 | INFO  | DNAudit | user=null | ip=null | op=WRITE_CHUNK {blockData=conID: 2 locID: 102664012168954424 bcsId: 0} | ret=SUCCESS |  
2019-08-23 02:48:26,024 [grpc-default-executor-5] INFO  client.GrpcClientProtocolClient (GrpcClientProtocolClient.java:onNext(255)) - client-B268B4322F32->17750241-545b-4219-93a1-14a6ea3d85be: receive RaftClientReply:client-B268B4322F32->17750241-545b-4219-93a1-14a6ea3d85be@group-C33FBD9556F2, cid=2248, SUCCESS, logIndex=3338, commits[17750241-545b-4219-93a1-14a6ea3d85be:c3338, 4eaaa090-573e-41d3-9f8c-c99e236d806a:c3334, 5f4cf9ee-4bed-49de-adaa-861aec894328:c3334]
2019-08-23 02:48:26,024 | INFO  | DNAudit | user=null | ip=null | op=PUT_BLOCK {blockData=[blockId=conID: 2 locID: 102664012168954424 bcsId: 0,size=1048576]} | ret=SUCCESS |  
2019-08-23 02:48:26,024 | INFO  | DNAudit | user=null | ip=null | op=PUT_BLOCK {blockData=[blockId=conID: 2 locID: 102664012168954424 bcsId: 0,size=1048576]} | ret=SUCCESS |  
2019-08-23 02:48:26,024 | INFO  | DNAudit | user=null | ip=null | op=WRITE_CHUNK {blockData=conID: 2 locID: 102664012168954424 bcsId: 0} | ret=SUCCESS |  
2019-08-23 02:48:26,025 [grpc-default-executor-5] INFO  client.GrpcClientProtocolClient (GrpcClientProtocolClient.java:onNext(255)) - client-B268B4322F32->17750241-545b-4219-93a1-14a6ea3d85be: receive RaftClientReply:client-B268B4322F32->17750241-545b-4219-93a1-14a6ea3d85be@group-C33FBD9556F2, cid=2249, SUCCESS, logIndex=0, commits[17750241-545b-4219-93a1-14a6ea3d85be:c3341, 4eaaa090-573e-41d3-9f8c-c99e236d806a:c3337, 5f4cf9ee-4bed-49de-adaa-861aec894328:c3336]
2019-08-23 02:48:26,026 | INFO  | DNAudit | user=null | ip=null | op=PUT_BLOCK {blockData=[blockId=conID: 2 locID: 102664012168954424 bcsId: 0,size=2097152]} | ret=SUCCESS |  
2019-08-23 02:48:26,027 | INFO  | DNAudit | user=null | ip=null | op=WRITE_CHUNK {blockData=conID: 2 locID: 102664012168954424 bcsId: 0} | ret=SUCCESS |  
2019-08-23 02:48:26,027 | INFO  | DNAudit | user=null | ip=null | op=PUT_BLOCK {blockData=[blockId=conID: 2 locID: 102664012168954424 bcsId: 0,size=2097152]} | ret=SUCCESS |  
2019-08-23 02:48:26,031 | INFO  | DNAudit | user=null | ip=null | op=WRITE_CHUNK {blockData=conID: 2 locID: 102664012168954424 bcsId: 3338} | ret=SUCCESS |  
2019-08-23 02:48:26,033 | INFO  | DNAudit | user=null | ip=null | op=WRITE_CHUNK {blockData=conID: 2 locID: 102664012168954424 bcsId: 3338} | ret=SUCCESS |  
2019-08-23 02:48:26,033 | INFO  | DNAudit | user=null | ip=null | op=WRITE_CHUNK {blockData=conID: 2 locID: 102664012168954424 bcsId: 3338} | ret=SUCCESS |  
2019-08-23 02:48:26,043 | INFO  | DNAudit | user=null | ip=null | op=WRITE_CHUNK {blockData=conID: 2 locID: 102664012168954424 bcsId: 3338} | ret=SUCCESS |  
2019-08-23 02:48:26,044 | INFO  | DNAudit | user=null | ip=null | op=PUT_BLOCK {blockData=[blockId=conID: 2 locID: 102664012168954424 bcsId: 0,size=3145728]} | ret=SUCCESS |  
2019-08-23 02:48:26,044 [grpc-default-executor-1] INFO  client.GrpcClientProtocolClient (GrpcClientProtocolClient.java:onNext(255)) - client-B268B4322F32->17750241-545b-4219-93a1-14a6ea3d85be: receive RaftClientReply:client-B268B4322F32->17750241-545b-4219-93a1-14a6ea3d85be@group-C33FBD9556F2, cid=2250, SUCCESS, logIndex=3343, commits[17750241-545b-4219-93a1-14a6ea3d85be:c3344, 4eaaa090-573e-41d3-9f8c-c99e236d806a:c3342, 5f4cf9ee-4bed-49de-adaa-861aec894328:c3342]
2019-08-23 02:48:26,044 [grpc-default-executor-1] INFO  client.GrpcClientProtocolClient (GrpcClientProtocolClient.java:onNext(255)) - client-B268B4322F32->17750241-545b-4219-93a1-14a6ea3d85be: receive RaftClientReply:client-B268B4322F32->17750241-545b-4219-93a1-14a6ea3d85be@group-C33FBD9556F2, cid=2251, SUCCESS, logIndex=3344, commits[17750241-545b-4219-93a1-14a6ea3d85be:c3344, 4eaaa090-573e-41d3-9f8c-c99e236d806a:c3342, 5f4cf9ee-4bed-49de-adaa-861aec894328:c3342]
2019-08-23 02:48:26,050 | INFO  | DNAudit | user=null | ip=null | op=WRITE_CHUNK {blockData=conID: 2 locID: 102664012168954424 bcsId: 3344} | ret=SUCCESS |  
2019-08-23 02:48:26,052 | INFO  | DNAudit | user=null | ip=null | op=WRITE_CHUNK {blockData=conID: 2 locID: 102664012168954424 bcsId: 3344} | ret=SUCCESS |  
2019-08-23 02:48:26,052 | INFO  | DNAudit | user=null | ip=null | op=WRITE_CHUNK {blockData=conID: 2 locID: 102664012168954424 bcsId: 3344} | ret=SUCCESS |  
2019-08-23 02:48:26,055 | INFO  | DNAudit | user=null | ip=null | op=WRITE_CHUNK {blockData=conID: 2 locID: 102664012168954424 bcsId: 3338} | ret=SUCCESS |  
2019-08-23 02:48:26,055 | INFO  | DNAudit | user=null | ip=null | op=WRITE_CHUNK {blockData=conID: 2 locID: 102664012168954424 bcsId: 3338} | ret=SUCCESS |  
2019-08-23 02:48:26,056 | INFO  | DNAudit | user=null | ip=null | op=PUT_BLOCK {blockData=[blockId=conID: 2 locID: 102664012168954424 bcsId: 0,size=3145728]} | ret=SUCCESS |  
2019-08-23 02:48:26,057 | INFO  | DNAudit | user=null | ip=null | op=PUT_BLOCK {blockData=[blockId=conID: 2 locID: 102664012168954424 bcsId: 0,size=3145728]} | ret=SUCCESS |  
2019-08-23 02:48:26,057 | INFO  | DNAudit | user=null | ip=null | op=WRITE_CHUNK {blockData=conID: 2 locID: 102664012168954424 bcsId: 3344} | ret=SUCCESS |  
2019-08-23 02:48:26,058 | INFO  | DNAudit | user=null | ip=null | op=PUT_BLOCK {blockData=[blockId=conID: 2 locID: 102664012168954424 bcsId: 0,size=4194304]} | ret=SUCCESS |  
2019-08-23 02:48:26,058 [grpc-default-executor-1] INFO  client.GrpcClientProtocolClient (GrpcClientProtocolClient.java:onNext(255)) - client-B268B4322F32->17750241-545b-4219-93a1-14a6ea3d85be: receive RaftClientReply:client-B268B4322F32->17750241-545b-4219-93a1-14a6ea3d85be@group-C33FBD9556F2, cid=2252, SUCCESS, logIndex=3347, commits[17750241-545b-4219-93a1-14a6ea3d85be:c3348, 4eaaa090-573e-41d3-9f8c-c99e236d806a:c3344, 5f4cf9ee-4bed-49de-adaa-861aec894328:c3344]
2019-08-23 02:48:26,058 [grpc-default-executor-1] INFO  client.GrpcClientProtocolClient (GrpcClientProtocolClient.java:onNext(255)) - client-B268B4322F32->17750241-545b-4219-93a1-14a6ea3d85be: receive RaftClientReply:client-B268B4322F32->17750241-545b-4219-93a1-14a6ea3d85be@group-C33FBD9556F2, cid=2253, SUCCESS, logIndex=3348, commits[17750241-545b-4219-93a1-14a6ea3d85be:c3348, 4eaaa090-573e-41d3-9f8c-c99e236d806a:c3344, 5f4cf9ee-4bed-49de-adaa-861aec894328:c3344]
2019-08-23 02:48:26,079 | INFO  | DNAudit | user=null | ip=null | op=WRITE_CHUNK {blockData=conID: 2 locID: 102664012168954424 bcsId: 3344} | ret=SUCCESS |  
2019-08-23 02:48:26,079 | INFO  | DNAudit | user=null | ip=null | op=PUT_BLOCK {blockData=[blockId=conID: 2 locID: 102664012168954424 bcsId: 0,size=4194304]} | ret=SUCCESS |  
2019-08-23 02:48:26,079 | INFO  | DNAudit | user=null | ip=null | op=WRITE_CHUNK {blockData=conID: 2 locID: 102664012168954424 bcsId: 3344} | ret=SUCCESS |  
2019-08-23 02:48:26,079 | INFO  | DNAudit | user=null | ip=null | op=PUT_BLOCK {blockData=[blockId=conID: 2 locID: 102664012168954424 bcsId: 0,size=4194304]} | ret=SUCCESS |  
2019-08-23 02:48:26,080 [grpc-default-executor-1] INFO  client.GrpcClientProtocolClient (GrpcClientProtocolClient.java:onNext(255)) - client-B268B4322F32->17750241-545b-4219-93a1-14a6ea3d85be: receive RaftClientReply:client-B268B4322F32->17750241-545b-4219-93a1-14a6ea3d85be@group-C33FBD9556F2, cid=2254, SUCCESS, logIndex=0, commits[17750241-545b-4219-93a1-14a6ea3d85be:c3349, 4eaaa090-573e-41d3-9f8c-c99e236d806a:c3348, 5f4cf9ee-4bed-49de-adaa-861aec894328:c3348]
2019-08-23 02:48:26,081 | INFO  | SCMAudit | user=jenkins1000 | ip=192.168.34.22 | op=ALLOCATE_BLOCK {owner=31d65bc3-3f70-45f5-bbc5-e3a15f967ba6, size=4194304, type=RATIS, factor=THREE} | ret=SUCCESS |  
2019-08-23 02:48:26,086 | INFO  | OMAudit | user=jenkins1000 | ip=127.0.0.1 | op=ALLOCATE_BLOCK {volume=vol-0-78052, bucket=bucket-0-33874, key=key-0-20719, dataSize=2147483657, replicationType=RATIS, replicationFactor=THREE, keyLocationInfo=[], clientID=102664010308846034} | ret=SUCCESS |  
2019-08-23 02:48:26,097 | INFO  | DNAudit | user=null | ip=null | op=WRITE_CHUNK {blockData=conID: 3 locID: 102664012174524985 bcsId: 0} | ret=SUCCESS |  
2019-08-23 02:48:26,100 | INFO  | DNAudit | user=null | ip=null | op=WRITE_CHUNK {blockData=conID: 3 locID: 102664012174524985 bcsId: 0} | ret=SUCCESS |  
2019-08-23 02:48:26,101 | INFO  | DNAudit | user=null | ip=null | op=WRITE_CHUNK {blockData=conID: 3 locID: 102664012174524985 bcsId: 0} | ret=SUCCESS |  
2019-08-23 02:48:26,102 | INFO  | DNAudit | user=null | ip=null | op=WRITE_CHUNK {blockData=conID: 3 locID: 102664012174524985 bcsId: 0} | ret=SUCCESS |  
2019-08-23 02:48:26,104 | INFO  | DNAudit | user=null | ip=null | op=WRITE_CHUNK {blockData=conID: 3 locID: 102664012174524985 bcsId: 0} | ret=SUCCESS |  
2019-08-23 02:48:26,104 | INFO  | DNAudit | user=null | ip=null | op=WRITE_CHUNK {blockData=conID: 3 locID: 102664012174524985 bcsId: 0} | ret=SUCCESS |  
2019-08-23 02:48:26,110 | INFO  | DNAudit | user=null | ip=null | op=WRITE_CHUNK {blockData=conID: 3 locID: 102664012174524985 bcsId: 0} | ret=SUCCESS |  
2019-08-23 02:48:26,111 | INFO  | DNAudit | user=null | ip=null | op=PUT_BLOCK {blockData=[blockId=conID: 3 locID: 102664012174524985 bcsId: 0,size=1048576]} | ret=SUCCESS |  
2019-08-23 02:48:26,111 [grpc-default-executor-5] INFO  client.GrpcClientProtocolClient (GrpcClientProtocolClient.java:onNext(255)) - client-B268B4322F32->17750241-545b-4219-93a1-14a6ea3d85be: receive RaftClientReply:client-B268B4322F32->17750241-545b-4219-93a1-14a6ea3d85be@group-C33FBD9556F2, cid=2255, SUCCESS, logIndex=3351, commits[17750241-545b-4219-93a1-14a6ea3d85be:c3352, 4eaaa090-573e-41d3-9f8c-c99e236d806a:c3350, 5f4cf9ee-4bed-49de-adaa-861aec894328:c3350]
2019-08-23 02:48:26,111 | INFO  | DNAudit | user=null | ip=null | op=WRITE_CHUNK {blockData=conID: 3 locID: 102664012174524985 bcsId: 0} | ret=SUCCESS |  
2019-08-23 02:48:26,112 | INFO  | DNAudit | user=null | ip=null | op=WRITE_CHUNK {blockData=conID: 3 locID: 102664012174524985 bcsId: 0} | ret=SUCCESS |  
2019-08-23 02:48:26,112 | INFO  | DNAudit | user=null | ip=null | op=PUT_BLOCK {blockData=[blockId=conID: 3 locID: 102664012174524985 bcsId: 0,size=2097152]} | ret=SUCCESS |  
2019-08-23 02:48:26,112 [grpc-default-executor-5] INFO  client.GrpcClientProtocolClient (GrpcClientProtocolClient.java:onNext(255)) - client-B268B4322F32->17750241-545b-4219-93a1-14a6ea3d85be: receive RaftClientReply:client-B268B4322F32->17750241-545b-4219-93a1-14a6ea3d85be@group-C33FBD9556F2, cid=2256, SUCCESS, logIndex=3352, commits[17750241-545b-4219-93a1-14a6ea3d85be:c3353, 4eaaa090-573e-41d3-9f8c-c99e236d806a:c3350, 5f4cf9ee-4bed-49de-adaa-861aec894328:c3350]
2019-08-23 02:48:26,112 | INFO  | DNAudit | user=null | ip=null | op=PUT_BLOCK {blockData=[blockId=conID: 3 locID: 102664012174524985 bcsId: 0,size=1048576]} | ret=SUCCESS |  
2019-08-23 02:48:26,112 | INFO  | DNAudit | user=null | ip=null | op=WRITE_CHUNK {blockData=conID: 3 locID: 102664012174524985 bcsId: 0} | ret=SUCCESS |  
2019-08-23 02:48:26,112 [grpc-default-executor-5] INFO  client.GrpcClientProtocolClient (GrpcClientProtocolClient.java:onNext(255)) - client-B268B4322F32->17750241-545b-4219-93a1-14a6ea3d85be: receive RaftClientReply:client-B268B4322F32->17750241-545b-4219-93a1-14a6ea3d85be@group-C33FBD9556F2, cid=2257, SUCCESS, logIndex=3353, commits[17750241-545b-4219-93a1-14a6ea3d85be:c3354, 4eaaa090-573e-41d3-9f8c-c99e236d806a:c3350, 5f4cf9ee-4bed-49de-adaa-861aec894328:c3350]
2019-08-23 02:48:26,113 | INFO  | DNAudit | user=null | ip=null | op=PUT_BLOCK {blockData=[blockId=conID: 3 locID: 102664012174524985 bcsId: 0,size=1048576]} | ret=SUCCESS |  
2019-08-23 02:48:26,113 [grpc-default-executor-5] INFO  client.GrpcClientProtocolClient (GrpcClientProtocolClient.java:onNext(255)) - client-B268B4322F32->17750241-545b-4219-93a1-14a6ea3d85be: receive RaftClientReply:client-B268B4322F32->17750241-545b-4219-93a1-14a6ea3d85be@group-C33FBD9556F2, cid=2258, SUCCESS, logIndex=3354, commits[17750241-545b-4219-93a1-14a6ea3d85be:c3355, 4eaaa090-573e-41d3-9f8c-c99e236d806a:c3350, 5f4cf9ee-4bed-49de-adaa-861aec894328:c3351]
2019-08-23 02:48:26,113 | INFO  | DNAudit | user=null | ip=null | op=WRITE_CHUNK {blockData=conID: 3 locID: 102664012174524985 bcsId: 0} | ret=SUCCESS |  
2019-08-23 02:48:26,113 | INFO  | DNAudit | user=null | ip=null | op=WRITE_CHUNK {blockData=conID: 3 locID: 102664012174524985 bcsId: 0} | ret=SUCCESS |  
2019-08-23 02:48:26,113 | INFO  | DNAudit | user=null | ip=null | op=PUT_BLOCK {blockData=[blockId=conID: 3 locID: 102664012174524985 bcsId: 0,size=2097152]} | ret=SUCCESS |  
2019-08-23 02:48:26,114 [grpc-default-executor-5] INFO  client.GrpcClientProtocolClient (GrpcClientProtocolClient.java:onNext(255)) - client-B268B4322F32->17750241-545b-4219-93a1-14a6ea3d85be: receive RaftClientReply:client-B268B4322F32->17750241-545b-4219-93a1-14a6ea3d85be@group-C33FBD9556F2, cid=2259, SUCCESS, logIndex=0, commits[17750241-545b-4219-93a1-14a6ea3d85be:c3358, 4eaaa090-573e-41d3-9f8c-c99e236d806a:c3353, 5f4cf9ee-4bed-49de-adaa-861aec894328:c3354]
2019-08-23 02:48:26,114 | INFO  | DNAudit | user=null | ip=null | op=PUT_BLOCK {blockData=[blockId=conID: 3 locID: 102664012174524985 bcsId: 0,size=2097152]} | ret=SUCCESS |  
2019-08-23 02:48:26,121 | INFO  | DNAudit | user=null | ip=null | op=WRITE_CHUNK {blockData=conID: 3 locID: 102664012174524985 bcsId: 3354} | ret=SUCCESS |  
2019-08-23 02:48:26,123 | INFO  | DNAudit | user=null | ip=null | op=WRITE_CHUNK {blockData=conID: 3 locID: 102664012174524985 bcsId: 3354} | ret=SUCCESS |  
2019-08-23 02:48:26,124 | INFO  | DNAudit | user=null | ip=null | op=WRITE_CHUNK {blockData=conID: 3 locID: 102664012174524985 bcsId: 3354} | ret=SUCCESS |  
2019-08-23 02:48:26,134 | INFO  | DNAudit | user=null | ip=null | op=WRITE_CHUNK {blockData=conID: 3 locID: 102664012174524985 bcsId: 3354} | ret=SUCCESS |  
2019-08-23 02:48:26,134 | INFO  | DNAudit | user=null | ip=null | op=PUT_BLOCK {blockData=[blockId=conID: 3 locID: 102664012174524985 bcsId: 0,size=3145728]} | ret=SUCCESS |  
2019-08-23 02:48:26,135 [grpc-default-executor-2] INFO  client.GrpcClientProtocolClient (GrpcClientProtocolClient.java:onNext(255)) - client-B268B4322F32->17750241-545b-4219-93a1-14a6ea3d85be: receive RaftClientReply:client-B268B4322F32->17750241-545b-4219-93a1-14a6ea3d85be@group-C33FBD9556F2, cid=2260, SUCCESS, logIndex=3359, commits[17750241-545b-4219-93a1-14a6ea3d85be:c3360, 4eaaa090-573e-41d3-9f8c-c99e236d806a:c3358, 5f4cf9ee-4bed-49de-adaa-861aec894328:c3358]
2019-08-23 02:48:26,135 [grpc-default-executor-2] INFO  client.GrpcClientProtocolClient (GrpcClientProtocolClient.java:onNext(255)) - client-B268B4322F32->17750241-545b-4219-93a1-14a6ea3d85be: receive RaftClientReply:client-B268B4322F32->17750241-545b-4219-93a1-14a6ea3d85be@group-C33FBD9556F2, cid=2261, SUCCESS, logIndex=3360, commits[17750241-545b-4219-93a1-14a6ea3d85be:c3360, 4eaaa090-573e-41d3-9f8c-c99e236d806a:c3358, 5f4cf9ee-4bed-49de-adaa-861aec894328:c3358]
2019-08-23 02:48:26,142 | INFO  | DNAudit | user=null | ip=null | op=WRITE_CHUNK {blockData=conID: 3 locID: 102664012174524985 bcsId: 3360} | ret=SUCCESS |  
2019-08-23 02:48:26,144 | INFO  | DNAudit | user=null | ip=null | op=WRITE_CHUNK {blockData=conID: 3 locID: 102664012174524985 bcsId: 3360} | ret=SUCCESS |  
2019-08-23 02:48:26,144 | INFO  | DNAudit | user=null | ip=null | op=WRITE_CHUNK {blockData=conID: 3 locID: 102664012174524985 bcsId: 3360} | ret=SUCCESS |  
2019-08-23 02:48:26,146 | INFO  | DNAudit | user=null | ip=null | op=WRITE_CHUNK {blockData=conID: 3 locID: 102664012174524985 bcsId: 3354} | ret=SUCCESS |  
2019-08-23 02:48:26,146 | INFO  | DNAudit | user=null | ip=null | op=WRITE_CHUNK {blockData=conID: 3 locID: 102664012174524985 bcsId: 3354} | ret=SUCCESS |  
2019-08-23 02:48:26,148 | INFO  | DNAudit | user=null | ip=null | op=PUT_BLOCK {blockData=[blockId=conID: 3 locID: 102664012174524985 bcsId: 0,size=3145728]} | ret=SUCCESS |  
2019-08-23 02:48:26,149 | INFO  | DNAudit | user=null | ip=null | op=PUT_BLOCK {blockData=[blockId=conID: 3 locID: 102664012174524985 bcsId: 0,size=3145728]} | ret=SUCCESS |  
2019-08-23 02:48:26,149 | INFO  | DNAudit | user=null | ip=null | op=WRITE_CHUNK {blockData=conID: 3 locID: 102664012174524985 bcsId: 3360} | ret=SUCCESS |  
2019-08-23 02:48:26,150 | INFO  | DNAudit | user=null | ip=null | op=PUT_BLOCK {blockData=[blockId=conID: 3 locID: 102664012174524985 bcsId: 0,size=4194304]} | ret=SUCCESS |  
2019-08-23 02:48:26,150 [grpc-default-executor-5] INFO  client.GrpcClientProtocolClient (GrpcClientProtocolClient.java:onNext(255)) - client-B268B4322F32->17750241-545b-4219-93a1-14a6ea3d85be: receive RaftClientReply:client-B268B4322F32->17750241-545b-4219-93a1-14a6ea3d85be@group-C33FBD9556F2, cid=2262, SUCCESS, logIndex=3363, commits[17750241-545b-4219-93a1-14a6ea3d85be:c3364, 4eaaa090-573e-41d3-9f8c-c99e236d806a:c3360, 5f4cf9ee-4bed-49de-adaa-861aec894328:c3360]
2019-08-23 02:48:26,150 [grpc-default-executor-5] INFO  client.GrpcClientProtocolClient (GrpcClientProtocolClient.java:onNext(255)) - client-B268B4322F32->17750241-545b-4219-93a1-14a6ea3d85be: receive RaftClientReply:client-B268B4322F32->17750241-545b-4219-93a1-14a6ea3d85be@group-C33FBD9556F2, cid=2263, SUCCESS, logIndex=3364, commits[17750241-545b-4219-93a1-14a6ea3d85be:c3364, 4eaaa090-573e-41d3-9f8c-c99e236d806a:c3360, 5f4cf9ee-4bed-49de-adaa-861aec894328:c3360]
2019-08-23 02:48:26,161 | INFO  | DNAudit | user=null | ip=null | op=WRITE_CHUNK {blockData=conID: 3 locID: 102664012174524985 bcsId: 3360} | ret=SUCCESS |  
2019-08-23 02:48:26,161 | INFO  | DNAudit | user=null | ip=null | op=WRITE_CHUNK {blockData=conID: 3 locID: 102664012174524985 bcsId: 3360} | ret=SUCCESS |  
2019-08-23 02:48:26,161 | INFO  | DNAudit | user=null | ip=null | op=PUT_BLOCK {blockData=[blockId=conID: 3 locID: 102664012174524985 bcsId: 0,size=4194304]} | ret=SUCCESS |  
2019-08-23 02:48:26,161 | INFO  | DNAudit | user=null | ip=null | op=PUT_BLOCK {blockData=[blockId=conID: 3 locID: 102664012174524985 bcsId: 0,size=4194304]} | ret=SUCCESS |  
2019-08-23 02:48:26,161 [grpc-default-executor-5] INFO  client.GrpcClientProtocolClient (GrpcClientProtocolClient.java:onNext(255)) - client-B268B4322F32->17750241-545b-4219-93a1-14a6ea3d85be: receive RaftClientReply:client-B268B4322F32->17750241-545b-4219-93a1-14a6ea3d85be@group-C33FBD9556F2, cid=2264, SUCCESS, logIndex=0, commits[17750241-545b-4219-93a1-14a6ea3d85be:c3365, 4eaaa090-573e-41d3-9f8c-c99e236d806a:c3364, 5f4cf9ee-4bed-49de-adaa-861aec894328:c3364]
2019-08-23 02:48:26,163 | INFO  | SCMAudit | user=jenkins1000 | ip=192.168.34.22 | op=ALLOCATE_BLOCK {owner=31d65bc3-3f70-45f5-bbc5-e3a15f967ba6, size=4194304, type=RATIS, factor=THREE} | ret=SUCCESS |  
2019-08-23 02:48:26,166 | INFO  | OMAudit | user=jenkins1000 | ip=127.0.0.1 | op=ALLOCATE_BLOCK {volume=vol-0-78052, bucket=bucket-0-33874, key=key-0-20719, dataSize=2147483657, replicationType=RATIS, replicationFactor=THREE, keyLocationInfo=[], clientID=102664010308846034} | ret=SUCCESS |  
2019-08-23 02:48:26,176 | INFO  | DNAudit | user=null | ip=null | op=WRITE_CHUNK {blockData=conID: 1 locID: 102664012179898938 bcsId: 0} | ret=SUCCESS |  
2019-08-23 02:48:26,178 | INFO  | DNAudit | user=null | ip=null | op=WRITE_CHUNK {blockData=conID: 1 locID: 102664012179898938 bcsId: 0} | ret=SUCCESS |  
2019-08-23 02:48:26,179 | INFO  | DNAudit | user=null | ip=null | op=WRITE_CHUNK {blockData=conID: 1 locID: 102664012179898938 bcsId: 0} | ret=SUCCESS |  
2019-08-23 02:48:26,179 | INFO  | DNAudit | user=null | ip=null | op=WRITE_CHUNK {blockData=conID: 1 locID: 102664012179898938 bcsId: 0} | ret=SUCCESS |  
2019-08-23 02:48:26,181 | INFO  | DNAudit | user=null | ip=null | op=WRITE_CHUNK {blockData=conID: 1 locID: 102664012179898938 bcsId: 0} | ret=SUCCESS |  
2019-08-23 02:48:26,182 | INFO  | DNAudit | user=null | ip=null | op=WRITE_CHUNK {blockData=conID: 1 locID: 102664012179898938 bcsId: 0} | ret=SUCCESS |  
2019-08-23 02:48:26,189 | INFO  | DNAudit | user=null | ip=null | op=WRITE_CHUNK {blockData=conID: 1 locID: 102664012179898938 bcsId: 0} | ret=SUCCESS |  
2019-08-23 02:48:26,189 | INFO  | DNAudit | user=null | ip=null | op=PUT_BLOCK {blockData=[blockId=conID: 1 locID: 102664012179898938 bcsId: 0,size=1048576]} | ret=SUCCESS |  
2019-08-23 02:48:26,189 [grpc-default-executor-6] INFO  client.GrpcClientProtocolClient (GrpcClientProtocolClient.java:onNext(255)) - client-B268B4322F32->17750241-545b-4219-93a1-14a6ea3d85be: receive RaftClientReply:client-B268B4322F32->17750241-545b-4219-93a1-14a6ea3d85be@group-C33FBD9556F2, cid=2265, SUCCESS, logIndex=3367, commits[17750241-545b-4219-93a1-14a6ea3d85be:c3368, 4eaaa090-573e-41d3-9f8c-c99e236d806a:c3366, 5f4cf9ee-4bed-49de-adaa-861aec894328:c3366]
2019-08-23 02:48:26,190 | INFO  | DNAudit | user=null | ip=null | op=WRITE_CHUNK {blockData=conID: 1 locID: 102664012179898938 bcsId: 0} | ret=SUCCESS |  
2019-08-23 02:48:26,190 [grpc-default-executor-6] INFO  client.GrpcClientProtocolClient (GrpcClientProtocolClient.java:onNext(255)) - client-B268B4322F32->17750241-545b-4219-93a1-14a6ea3d85be: receive RaftClientReply:client-B268B4322F32->17750241-545b-4219-93a1-14a6ea3d85be@group-C33FBD9556F2, cid=2266, SUCCESS, logIndex=3368, commits[17750241-545b-4219-93a1-14a6ea3d85be:c3368, 4eaaa090-573e-41d3-9f8c-c99e236d806a:c3366, 5f4cf9ee-4bed-49de-adaa-861aec894328:c3366]
2019-08-23 02:48:26,190 | INFO  | DNAudit | user=null | ip=null | op=PUT_BLOCK {blockData=[blockId=conID: 1 locID: 102664012179898938 bcsId: 0,size=2097152]} | ret=SUCCESS |  
2019-08-23 02:48:26,190 [grpc-default-executor-6] INFO  client.GrpcClientProtocolClient (GrpcClientProtocolClient.java:onNext(255)) - client-B268B4322F32->17750241-545b-4219-93a1-14a6ea3d85be: receive RaftClientReply:client-B268B4322F32->17750241-545b-4219-93a1-14a6ea3d85be@group-C33FBD9556F2, cid=2267, SUCCESS, logIndex=3369, commits[17750241-545b-4219-93a1-14a6ea3d85be:c3370, 4eaaa090-573e-41d3-9f8c-c99e236d806a:c3366, 5f4cf9ee-4bed-49de-adaa-861aec894328:c3366]
2019-08-23 02:48:26,191 [grpc-default-executor-6] INFO  client.GrpcClientProtocolClient (GrpcClientProtocolClient.java:onNext(255)) - client-B268B4322F32->17750241-545b-4219-93a1-14a6ea3d85be: receive RaftClientReply:client-B268B4322F32->17750241-545b-4219-93a1-14a6ea3d85be@group-C33FBD9556F2, cid=2268, SUCCESS, logIndex=3370, commits[17750241-545b-4219-93a1-14a6ea3d85be:c3370, 4eaaa090-573e-41d3-9f8c-c99e236d806a:c3366, 5f4cf9ee-4bed-49de-adaa-861aec894328:c3366]
2019-08-23 02:48:26,202 | INFO  | DNAudit | user=null | ip=null | op=WRITE_CHUNK {blockData=conID: 1 locID: 102664012179898938 bcsId: 0} | ret=SUCCESS |  
2019-08-23 02:48:26,202 | INFO  | DNAudit | user=null | ip=null | op=PUT_BLOCK {blockData=[blockId=conID: 1 locID: 102664012179898938 bcsId: 0,size=1048576]} | ret=SUCCESS |  
2019-08-23 02:48:26,203 | INFO  | DNAudit | user=null | ip=null | op=WRITE_CHUNK {blockData=conID: 1 locID: 102664012179898938 bcsId: 0} | ret=SUCCESS |  
2019-08-23 02:48:26,203 | INFO  | DNAudit | user=null | ip=null | op=WRITE_CHUNK {blockData=conID: 1 locID: 102664012179898938 bcsId: 0} | ret=SUCCESS |  
2019-08-23 02:48:26,203 | INFO  | DNAudit | user=null | ip=null | op=PUT_BLOCK {blockData=[blockId=conID: 1 locID: 102664012179898938 bcsId: 0,size=1048576]} | ret=SUCCESS |  
2019-08-23 02:48:26,203 | INFO  | DNAudit | user=null | ip=null | op=PUT_BLOCK {blockData=[blockId=conID: 1 locID: 102664012179898938 bcsId: 0,size=2097152]} | ret=SUCCESS |  
2019-08-23 02:48:26,203 [grpc-default-executor-6] INFO  client.GrpcClientProtocolClient (GrpcClientProtocolClient.java:onNext(255)) - client-B268B4322F32->17750241-545b-4219-93a1-14a6ea3d85be: receive RaftClientReply:client-B268B4322F32->17750241-545b-4219-93a1-14a6ea3d85be@group-C33FBD9556F2, cid=2269, SUCCESS, logIndex=0, commits[17750241-545b-4219-93a1-14a6ea3d85be:c3372, 4eaaa090-573e-41d3-9f8c-c99e236d806a:c3368, 5f4cf9ee-4bed-49de-adaa-861aec894328:c3368]
2019-08-23 02:48:26,203 | INFO  | DNAudit | user=null | ip=null | op=WRITE_CHUNK {blockData=conID: 1 locID: 102664012179898938 bcsId: 0} | ret=SUCCESS |  
2019-08-23 02:48:26,204 | INFO  | DNAudit | user=null | ip=null | op=PUT_BLOCK {blockData=[blockId=conID: 1 locID: 102664012179898938 bcsId: 0,size=2097152]} | ret=SUCCESS |  
2019-08-23 02:48:26,211 | INFO  | DNAudit | user=null | ip=null | op=WRITE_CHUNK {blockData=conID: 1 locID: 102664012179898938 bcsId: 3370} | ret=SUCCESS |  
2019-08-23 02:48:26,212 | INFO  | DNAudit | user=null | ip=null | op=WRITE_CHUNK {blockData=conID: 1 locID: 102664012179898938 bcsId: 3370} | ret=SUCCESS |  
2019-08-23 02:48:26,213 | INFO  | DNAudit | user=null | ip=null | op=WRITE_CHUNK {blockData=conID: 1 locID: 102664012179898938 bcsId: 3370} | ret=SUCCESS |  
2019-08-23 02:48:26,223 | INFO  | DNAudit | user=null | ip=null | op=WRITE_CHUNK {blockData=conID: 1 locID: 102664012179898938 bcsId: 3370} | ret=SUCCESS |  
2019-08-23 02:48:26,223 | INFO  | DNAudit | user=null | ip=null | op=PUT_BLOCK {blockData=[blockId=conID: 1 locID: 102664012179898938 bcsId: 0,size=3145728]} | ret=SUCCESS |  
2019-08-23 02:48:26,224 [grpc-default-executor-6] INFO  client.GrpcClientProtocolClient (GrpcClientProtocolClient.java:onNext(255)) - client-B268B4322F32->17750241-545b-4219-93a1-14a6ea3d85be: receive RaftClientReply:client-B268B4322F32->17750241-545b-4219-93a1-14a6ea3d85be@group-C33FBD9556F2, cid=2270, SUCCESS, logIndex=3375, commits[17750241-545b-4219-93a1-14a6ea3d85be:c3376, 4eaaa090-573e-41d3-9f8c-c99e236d806a:c3374, 5f4cf9ee-4bed-49de-adaa-861aec894328:c3374]
2019-08-23 02:48:26,224 [grpc-default-executor-6] INFO  client.GrpcClientProtocolClient (GrpcClientProtocolClient.java:onNext(255)) - client-B268B4322F32->17750241-545b-4219-93a1-14a6ea3d85be: receive RaftClientReply:client-B268B4322F32->17750241-545b-4219-93a1-14a6ea3d85be@group-C33FBD9556F2, cid=2271, SUCCESS, logIndex=3376, commits[17750241-545b-4219-93a1-14a6ea3d85be:c3376, 4eaaa090-573e-41d3-9f8c-c99e236d806a:c3374, 5f4cf9ee-4bed-49de-adaa-861aec894328:c3374]
2019-08-23 02:48:26,232 | INFO  | DNAudit | user=null | ip=null | op=WRITE_CHUNK {blockData=conID: 1 locID: 102664012179898938 bcsId: 3376} | ret=SUCCESS |  
2019-08-23 02:48:26,235 | INFO  | DNAudit | user=null | ip=null | op=WRITE_CHUNK {blockData=conID: 1 locID: 102664012179898938 bcsId: 3376} | ret=SUCCESS |  
2019-08-23 02:48:26,235 | INFO  | DNAudit | user=null | ip=null | op=WRITE_CHUNK {blockData=conID: 1 locID: 102664012179898938 bcsId: 3376} | ret=SUCCESS |  
2019-08-23 02:48:26,236 | INFO  | DNAudit | user=null | ip=null | op=WRITE_CHUNK {blockData=conID: 1 locID: 102664012179898938 bcsId: 3370} | ret=SUCCESS |  
2019-08-23 02:48:26,236 | INFO  | DNAudit | user=null | ip=null | op=WRITE_CHUNK {blockData=conID: 1 locID: 102664012179898938 bcsId: 3370} | ret=SUCCESS |  
2019-08-23 02:48:26,236 | INFO  | SCMAudit | user=jenkins1000 | ip=192.168.34.22 | op=SEND_HEARTBEAT {datanodeUUID=0cedf437-a8af-4d70-bac5-ea9863093e86, command=[]} | ret=SUCCESS |  
2019-08-23 02:48:26,237 | INFO  | DNAudit | user=null | ip=null | op=PUT_BLOCK {blockData=[blockId=conID: 1 locID: 102664012179898938 bcsId: 0,size=3145728]} | ret=SUCCESS |  
2019-08-23 02:48:26,238 | INFO  | SCMAudit | user=jenkins1000 | ip=192.168.34.22 | op=SEND_HEARTBEAT {datanodeUUID=66ab6a68-e61f-4535-ab2f-12fe560929ed, command=[]} | ret=SUCCESS |  
 0.00% |█                                                                                                    |  0/1 Time: 0:00:282019-08-23 02:48:26,248 | INFO  | DNAudit | user=null | ip=null | op=PUT_BLOCK {blockData=[blockId=conID: 1 locID: 102664012179898938 bcsId: 0,size=3145728]} | ret=SUCCESS |  
2019-08-23 02:48:26,248 | INFO  | DNAudit | user=null | ip=null | op=WRITE_CHUNK {blockData=conID: 1 locID: 102664012179898938 bcsId: 3376} | ret=SUCCESS |  
2019-08-23 02:48:26,249 | INFO  | DNAudit | user=null | ip=null | op=PUT_BLOCK {blockData=[blockId=conID: 1 locID: 102664012179898938 bcsId: 0,size=4194304]} | ret=SUCCESS |  
2019-08-23 02:48:26,249 [grpc-default-executor-6] INFO  client.GrpcClientProtocolClient (GrpcClientProtocolClient.java:onNext(255)) - client-B268B4322F32->17750241-545b-4219-93a1-14a6ea3d85be: receive RaftClientReply:client-B268B4322F32->17750241-545b-4219-93a1-14a6ea3d85be@group-C33FBD9556F2, cid=2272, SUCCESS, logIndex=3379, commits[17750241-545b-4219-93a1-14a6ea3d85be:c3379, 4eaaa090-573e-41d3-9f8c-c99e236d806a:c3376, 5f4cf9ee-4bed-49de-adaa-861aec894328:c3376]
2019-08-23 02:48:26,249 [grpc-default-executor-6] INFO  client.GrpcClientProtocolClient (GrpcClientProtocolClient.java:onNext(255)) - client-B268B4322F32->17750241-545b-4219-93a1-14a6ea3d85be: receive RaftClientReply:client-B268B4322F32->17750241-545b-4219-93a1-14a6ea3d85be@group-C33FBD9556F2, cid=2273, SUCCESS, logIndex=3380, commits[17750241-545b-4219-93a1-14a6ea3d85be:c3380, 4eaaa090-573e-41d3-9f8c-c99e236d806a:c3376, 5f4cf9ee-4bed-49de-adaa-861aec894328:c3376]
2019-08-23 02:48:26,260 | INFO  | DNAudit | user=null | ip=null | op=WRITE_CHUNK {blockData=conID: 1 locID: 102664012179898938 bcsId: 3376} | ret=SUCCESS |  
2019-08-23 02:48:26,262 | INFO  | DNAudit | user=null | ip=null | op=WRITE_CHUNK {blockData=conID: 1 locID: 102664012179898938 bcsId: 3376} | ret=SUCCESS |  
2019-08-23 02:48:26,264 | INFO  | DNAudit | user=null | ip=null | op=PUT_BLOCK {blockData=[blockId=conID: 1 locID: 102664012179898938 bcsId: 0,size=4194304]} | ret=SUCCESS |  
2019-08-23 02:48:26,264 | INFO  | DNAudit | user=null | ip=null | op=PUT_BLOCK {blockData=[blockId=conID: 1 locID: 102664012179898938 bcsId: 0,size=4194304]} | ret=SUCCESS |  
2019-08-23 02:48:26,265 [grpc-default-executor-6] INFO  client.GrpcClientProtocolClient (GrpcClientProtocolClient.java:onNext(255)) - client-B268B4322F32->17750241-545b-4219-93a1-14a6ea3d85be: receive RaftClientReply:client-B268B4322F32->17750241-545b-4219-93a1-14a6ea3d85be@group-C33FBD9556F2, cid=2274, SUCCESS, logIndex=0, commits[17750241-545b-4219-93a1-14a6ea3d85be:c3382, 4eaaa090-573e-41d3-9f8c-c99e236d806a:c3380, 5f4cf9ee-4bed-49de-adaa-861aec894328:c3380]
2019-08-23 02:48:26,267 | INFO  | SCMAudit | user=jenkins1000 | ip=192.168.34.22 | op=ALLOCATE_BLOCK {owner=31d65bc3-3f70-45f5-bbc5-e3a15f967ba6, size=4194304, type=RATIS, factor=THREE} | ret=SUCCESS |  
2019-08-23 02:48:26,272 | INFO  | OMAudit | user=jenkins1000 | ip=127.0.0.1 | op=ALLOCATE_BLOCK {volume=vol-0-78052, bucket=bucket-0-33874, key=key-0-20719, dataSize=2147483657, replicationType=RATIS, replicationFactor=THREE, keyLocationInfo=[], clientID=102664010308846034} | ret=SUCCESS |  
2019-08-23 02:48:26,283 | INFO  | DNAudit | user=null | ip=null | op=WRITE_CHUNK {blockData=conID: 2 locID: 102664012186714683 bcsId: 0} | ret=SUCCESS |  
2019-08-23 02:48:26,285 | INFO  | DNAudit | user=null | ip=null | op=WRITE_CHUNK {blockData=conID: 2 locID: 102664012186714683 bcsId: 0} | ret=SUCCESS |  
2019-08-23 02:48:26,287 | INFO  | DNAudit | user=null | ip=null | op=WRITE_CHUNK {blockData=conID: 2 locID: 102664012186714683 bcsId: 0} | ret=SUCCESS |  
2019-08-23 02:48:26,287 | INFO  | DNAudit | user=null | ip=null | op=WRITE_CHUNK {blockData=conID: 2 locID: 102664012186714683 bcsId: 0} | ret=SUCCESS |  
2019-08-23 02:48:26,287 | INFO  | DNAudit | user=null | ip=null | op=WRITE_CHUNK {blockData=conID: 2 locID: 102664012186714683 bcsId: 0} | ret=SUCCESS |  
2019-08-23 02:48:26,287 | INFO  | DNAudit | user=null | ip=null | op=PUT_BLOCK {blockData=[blockId=conID: 2 locID: 102664012186714683 bcsId: 0,size=1048576]} | ret=SUCCESS |  
2019-08-23 02:48:26,287 [grpc-default-executor-2] INFO  client.GrpcClientProtocolClient (GrpcClientProtocolClient.java:onNext(255)) - client-B268B4322F32->17750241-545b-4219-93a1-14a6ea3d85be: receive RaftClientReply:client-B268B4322F32->17750241-545b-4219-93a1-14a6ea3d85be@group-C33FBD9556F2, cid=2275, SUCCESS, logIndex=3383, commits[17750241-545b-4219-93a1-14a6ea3d85be:c3384, 4eaaa090-573e-41d3-9f8c-c99e236d806a:c3382, 5f4cf9ee-4bed-49de-adaa-861aec894328:c3380]
2019-08-23 02:48:26,288 [grpc-default-executor-5] INFO  client.GrpcClientProtocolClient (GrpcClientProtocolClient.java:onNext(255)) - client-B268B4322F32->17750241-545b-4219-93a1-14a6ea3d85be: receive RaftClientReply:client-B268B4322F32->17750241-545b-4219-93a1-14a6ea3d85be@group-C33FBD9556F2, cid=2276, SUCCESS, logIndex=3384, commits[17750241-545b-4219-93a1-14a6ea3d85be:c3384, 4eaaa090-573e-41d3-9f8c-c99e236d806a:c3382, 5f4cf9ee-4bed-49de-adaa-861aec894328:c3380]
2019-08-23 02:48:26,289 | INFO  | DNAudit | user=null | ip=null | op=WRITE_CHUNK {blockData=conID: 2 locID: 102664012186714683 bcsId: 0} | ret=SUCCESS |  
2019-08-23 02:48:26,289 | INFO  | DNAudit | user=null | ip=null | op=WRITE_CHUNK {blockData=conID: 2 locID: 102664012186714683 bcsId: 0} | ret=SUCCESS |  
2019-08-23 02:48:26,291 | INFO  | DNAudit | user=null | ip=null | op=WRITE_CHUNK {blockData=conID: 2 locID: 102664012186714683 bcsId: 0} | ret=SUCCESS |  
2019-08-23 02:48:26,291 | INFO  | DNAudit | user=null | ip=null | op=WRITE_CHUNK {blockData=conID: 2 locID: 102664012186714683 bcsId: 0} | ret=SUCCESS |  
2019-08-23 02:48:26,291 | INFO  | DNAudit | user=null | ip=null | op=PUT_BLOCK {blockData=[blockId=conID: 2 locID: 102664012186714683 bcsId: 0,size=2097152]} | ret=SUCCESS |  
2019-08-23 02:48:26,291 | INFO  | DNAudit | user=null | ip=null | op=WRITE_CHUNK {blockData=conID: 2 locID: 102664012186714683 bcsId: 0} | ret=SUCCESS |  
2019-08-23 02:48:26,291 | INFO  | DNAudit | user=null | ip=null | op=PUT_BLOCK {blockData=[blockId=conID: 2 locID: 102664012186714683 bcsId: 0,size=1048576]} | ret=SUCCESS |  
2019-08-23 02:48:26,292 | INFO  | DNAudit | user=null | ip=null | op=PUT_BLOCK {blockData=[blockId=conID: 2 locID: 102664012186714683 bcsId: 0,size=1048576]} | ret=SUCCESS |  
2019-08-23 02:48:26,292 [grpc-default-executor-5] INFO  client.GrpcClientProtocolClient (GrpcClientProtocolClient.java:onNext(255)) - client-B268B4322F32->17750241-545b-4219-93a1-14a6ea3d85be: receive RaftClientReply:client-B268B4322F32->17750241-545b-4219-93a1-14a6ea3d85be@group-C33FBD9556F2, cid=2277, SUCCESS, logIndex=3385, commits[17750241-545b-4219-93a1-14a6ea3d85be:c3386, 4eaaa090-573e-41d3-9f8c-c99e236d806a:c3382, 5f4cf9ee-4bed-49de-adaa-861aec894328:c3382]
2019-08-23 02:48:26,292 [grpc-default-executor-5] INFO  client.GrpcClientProtocolClient (GrpcClientProtocolClient.java:onNext(255)) - client-B268B4322F32->17750241-545b-4219-93a1-14a6ea3d85be: receive RaftClientReply:client-B268B4322F32->17750241-545b-4219-93a1-14a6ea3d85be@group-C33FBD9556F2, cid=2278, SUCCESS, logIndex=3386, commits[17750241-545b-4219-93a1-14a6ea3d85be:c3388, 4eaaa090-573e-41d3-9f8c-c99e236d806a:c3384, 5f4cf9ee-4bed-49de-adaa-861aec894328:c3382]
2019-08-23 02:48:26,292 | INFO  | DNAudit | user=null | ip=null | op=WRITE_CHUNK {blockData=conID: 2 locID: 102664012186714683 bcsId: 0} | ret=SUCCESS |  
2019-08-23 02:48:26,293 | INFO  | DNAudit | user=null | ip=null | op=PUT_BLOCK {blockData=[blockId=conID: 2 locID: 102664012186714683 bcsId: 0,size=2097152]} | ret=SUCCESS |  
2019-08-23 02:48:26,293 [grpc-default-executor-5] INFO  client.GrpcClientProtocolClient (GrpcClientProtocolClient.java:onNext(255)) - client-B268B4322F32->17750241-545b-4219-93a1-14a6ea3d85be: receive RaftClientReply:client-B268B4322F32->17750241-545b-4219-93a1-14a6ea3d85be@group-C33FBD9556F2, cid=2279, SUCCESS, logIndex=0, commits[17750241-545b-4219-93a1-14a6ea3d85be:c3389, 4eaaa090-573e-41d3-9f8c-c99e236d806a:c3386, 5f4cf9ee-4bed-49de-adaa-861aec894328:c3384]
2019-08-23 02:48:26,293 | INFO  | DNAudit | user=null | ip=null | op=WRITE_CHUNK {blockData=conID: 2 locID: 102664012186714683 bcsId: 0} | ret=SUCCESS |  
2019-08-23 02:48:26,294 | INFO  | DNAudit | user=null | ip=null | op=PUT_BLOCK {blockData=[blockId=conID: 2 locID: 102664012186714683 bcsId: 0,size=2097152]} | ret=SUCCESS |  
2019-08-23 02:48:26,301 | INFO  | DNAudit | user=null | ip=null | op=WRITE_CHUNK {blockData=conID: 2 locID: 102664012186714683 bcsId: 3386} | ret=SUCCESS |  
2019-08-23 02:48:26,303 | INFO  | DNAudit | user=null | ip=null | op=WRITE_CHUNK {blockData=conID: 2 locID: 102664012186714683 bcsId: 3386} | ret=SUCCESS |  
2019-08-23 02:48:26,303 | INFO  | DNAudit | user=null | ip=null | op=WRITE_CHUNK {blockData=conID: 2 locID: 102664012186714683 bcsId: 3386} | ret=SUCCESS |  
2019-08-23 02:48:26,306 | INFO  | DNAudit | user=null | ip=null | op=WRITE_CHUNK {blockData=conID: 2 locID: 102664012186714683 bcsId: 3386} | ret=SUCCESS |  
2019-08-23 02:48:26,307 | INFO  | DNAudit | user=null | ip=null | op=PUT_BLOCK {blockData=[blockId=conID: 2 locID: 102664012186714683 bcsId: 0,size=3145728]} | ret=SUCCESS |  
2019-08-23 02:48:26,307 [grpc-default-executor-5] INFO  client.GrpcClientProtocolClient (GrpcClientProtocolClient.java:onNext(255)) - client-B268B4322F32->17750241-545b-4219-93a1-14a6ea3d85be: receive RaftClientReply:client-B268B4322F32->17750241-545b-4219-93a1-14a6ea3d85be@group-C33FBD9556F2, cid=2280, SUCCESS, logIndex=3391, commits[17750241-545b-4219-93a1-14a6ea3d85be:c3392, 4eaaa090-573e-41d3-9f8c-c99e236d806a:c3390, 5f4cf9ee-4bed-49de-adaa-861aec894328:c3390]
2019-08-23 02:48:26,307 [grpc-default-executor-5] INFO  client.GrpcClientProtocolClient (GrpcClientProtocolClient.java:onNext(255)) - client-B268B4322F32->17750241-545b-4219-93a1-14a6ea3d85be: receive RaftClientReply:client-B268B4322F32->17750241-545b-4219-93a1-14a6ea3d85be@group-C33FBD9556F2, cid=2281, SUCCESS, logIndex=3392, commits[17750241-545b-4219-93a1-14a6ea3d85be:c3392, 4eaaa090-573e-41d3-9f8c-c99e236d806a:c3390, 5f4cf9ee-4bed-49de-adaa-861aec894328:c3390]
2019-08-23 02:48:26,309 | INFO  | DNAudit | user=null | ip=null | op=WRITE_CHUNK {blockData=conID: 2 locID: 102664012186714683 bcsId: 3386} | ret=SUCCESS |  
2019-08-23 02:48:26,309 | INFO  | DNAudit | user=null | ip=null | op=WRITE_CHUNK {blockData=conID: 2 locID: 102664012186714683 bcsId: 3386} | ret=SUCCESS |  
2019-08-23 02:48:26,309 | INFO  | DNAudit | user=null | ip=null | op=PUT_BLOCK {blockData=[blockId=conID: 2 locID: 102664012186714683 bcsId: 0,size=3145728]} | ret=SUCCESS |  
2019-08-23 02:48:26,310 | INFO  | DNAudit | user=null | ip=null | op=PUT_BLOCK {blockData=[blockId=conID: 2 locID: 102664012186714683 bcsId: 0,size=3145728]} | ret=SUCCESS |  
2019-08-23 02:48:26,314 | INFO  | DNAudit | user=null | ip=null | op=WRITE_CHUNK {blockData=conID: 2 locID: 102664012186714683 bcsId: 3392} | ret=SUCCESS |  
2019-08-23 02:48:26,317 | INFO  | DNAudit | user=null | ip=null | op=WRITE_CHUNK {blockData=conID: 2 locID: 102664012186714683 bcsId: 3392} | ret=SUCCESS |  
2019-08-23 02:48:26,317 | INFO  | DNAudit | user=null | ip=null | op=WRITE_CHUNK {blockData=conID: 2 locID: 102664012186714683 bcsId: 3392} | ret=SUCCESS |  
2019-08-23 02:48:26,337 | INFO  | DNAudit | user=null | ip=null | op=WRITE_CHUNK {blockData=conID: 2 locID: 102664012186714683 bcsId: 3392} | ret=SUCCESS |  
2019-08-23 02:48:26,338 | INFO  | DNAudit | user=null | ip=null | op=PUT_BLOCK {blockData=[blockId=conID: 2 locID: 102664012186714683 bcsId: 0,size=4194304]} | ret=SUCCESS |  
2019-08-23 02:48:26,338 [grpc-default-executor-5] INFO  client.GrpcClientProtocolClient (GrpcClientProtocolClient.java:onNext(255)) - client-B268B4322F32->17750241-545b-4219-93a1-14a6ea3d85be: receive RaftClientReply:client-B268B4322F32->17750241-545b-4219-93a1-14a6ea3d85be@group-C33FBD9556F2, cid=2282, SUCCESS, logIndex=3395, commits[17750241-545b-4219-93a1-14a6ea3d85be:c3396, 4eaaa090-573e-41d3-9f8c-c99e236d806a:c3394, 5f4cf9ee-4bed-49de-adaa-861aec894328:c3394]
2019-08-23 02:48:26,338 [grpc-default-executor-5] INFO  client.GrpcClientProtocolClient (GrpcClientProtocolClient.java:onNext(255)) - client-B268B4322F32->17750241-545b-4219-93a1-14a6ea3d85be: receive RaftClientReply:client-B268B4322F32->17750241-545b-4219-93a1-14a6ea3d85be@group-C33FBD9556F2, cid=2283, SUCCESS, logIndex=3396, commits[17750241-545b-4219-93a1-14a6ea3d85be:c3396, 4eaaa090-573e-41d3-9f8c-c99e236d806a:c3394, 5f4cf9ee-4bed-49de-adaa-861aec894328:c3394]
2019-08-23 02:48:26,351 | INFO  | DNAudit | user=null | ip=null | op=WRITE_CHUNK {blockData=conID: 2 locID: 102664012186714683 bcsId: 3392} | ret=SUCCESS |  
2019-08-23 02:48:26,351 | INFO  | DNAudit | user=null | ip=null | op=WRITE_CHUNK {blockData=conID: 2 locID: 102664012186714683 bcsId: 3392} | ret=SUCCESS |  
2019-08-23 02:48:26,351 | INFO  | DNAudit | user=null | ip=null | op=PUT_BLOCK {blockData=[blockId=conID: 2 locID: 102664012186714683 bcsId: 0,size=4194304]} | ret=SUCCESS |  
2019-08-23 02:48:26,351 | INFO  | DNAudit | user=null | ip=null | op=PUT_BLOCK {blockData=[blockId=conID: 2 locID: 102664012186714683 bcsId: 0,size=4194304]} | ret=SUCCESS |  
2019-08-23 02:48:26,352 [grpc-default-executor-5] INFO  client.GrpcClientProtocolClient (GrpcClientProtocolClient.java:onNext(255)) - client-B268B4322F32->17750241-545b-4219-93a1-14a6ea3d85be: receive RaftClientReply:client-B268B4322F32->17750241-545b-4219-93a1-14a6ea3d85be@group-C33FBD9556F2, cid=2284, SUCCESS, logIndex=0, commits[17750241-545b-4219-93a1-14a6ea3d85be:c3397, 4eaaa090-573e-41d3-9f8c-c99e236d806a:c3396, 5f4cf9ee-4bed-49de-adaa-861aec894328:c3396]
2019-08-23 02:48:26,354 | INFO  | SCMAudit | user=jenkins1000 | ip=192.168.34.22 | op=ALLOCATE_BLOCK {owner=31d65bc3-3f70-45f5-bbc5-e3a15f967ba6, size=4194304, type=RATIS, factor=THREE} | ret=SUCCESS |  
2019-08-23 02:48:26,359 | INFO  | OMAudit | user=jenkins1000 | ip=127.0.0.1 | op=ALLOCATE_BLOCK {volume=vol-0-78052, bucket=bucket-0-33874, key=key-0-20719, dataSize=2147483657, replicationType=RATIS, replicationFactor=THREE, keyLocationInfo=[], clientID=102664010308846034} | ret=SUCCESS |  
2019-08-23 02:48:26,372 | INFO  | DNAudit | user=null | ip=null | op=WRITE_CHUNK {blockData=conID: 3 locID: 102664012192416316 bcsId: 0} | ret=SUCCESS |  
2019-08-23 02:48:26,375 | INFO  | DNAudit | user=null | ip=null | op=WRITE_CHUNK {blockData=conID: 3 locID: 102664012192416316 bcsId: 0} | ret=SUCCESS |  
2019-08-23 02:48:26,376 | INFO  | SCMAudit | user=jenkins1000 | ip=192.168.34.22 | op=SEND_HEARTBEAT {datanodeUUID=4eaaa090-573e-41d3-9f8c-c99e236d806a, command=[]} | ret=SUCCESS |  
2019-08-23 02:48:26,376 | INFO  | SCMAudit | user=jenkins1000 | ip=192.168.34.22 | op=SEND_HEARTBEAT {datanodeUUID=17750241-545b-4219-93a1-14a6ea3d85be, command=[]} | ret=SUCCESS |  
2019-08-23 02:48:26,376 | INFO  | DNAudit | user=null | ip=null | op=WRITE_CHUNK {blockData=conID: 3 locID: 102664012192416316 bcsId: 0} | ret=SUCCESS |  
2019-08-23 02:48:26,376 | INFO  | SCMAudit | user=jenkins1000 | ip=192.168.34.22 | op=SEND_HEARTBEAT {datanodeUUID=5f4cf9ee-4bed-49de-adaa-861aec894328, command=[]} | ret=SUCCESS |  
2019-08-23 02:48:26,376 | INFO  | DNAudit | user=null | ip=null | op=WRITE_CHUNK {blockData=conID: 3 locID: 102664012192416316 bcsId: 0} | ret=SUCCESS |  
2019-08-23 02:48:26,379 | INFO  | DNAudit | user=null | ip=null | op=WRITE_CHUNK {blockData=conID: 3 locID: 102664012192416316 bcsId: 0} | ret=SUCCESS |  
2019-08-23 02:48:26,379 | INFO  | DNAudit | user=null | ip=null | op=WRITE_CHUNK {blockData=conID: 3 locID: 102664012192416316 bcsId: 0} | ret=SUCCESS |  
2019-08-23 02:48:26,385 | INFO  | DNAudit | user=null | ip=null | op=WRITE_CHUNK {blockData=conID: 3 locID: 102664012192416316 bcsId: 0} | ret=SUCCESS |  
2019-08-23 02:48:26,385 | INFO  | DNAudit | user=null | ip=null | op=PUT_BLOCK {blockData=[blockId=conID: 3 locID: 102664012192416316 bcsId: 0,size=1048576]} | ret=SUCCESS |  
2019-08-23 02:48:26,386 [grpc-default-executor-6] INFO  client.GrpcClientProtocolClient (GrpcClientProtocolClient.java:onNext(255)) - client-B268B4322F32->17750241-545b-4219-93a1-14a6ea3d85be: receive RaftClientReply:client-B268B4322F32->17750241-545b-4219-93a1-14a6ea3d85be@group-C33FBD9556F2, cid=2285, SUCCESS, logIndex=3399, commits[17750241-545b-4219-93a1-14a6ea3d85be:c3400, 4eaaa090-573e-41d3-9f8c-c99e236d806a:c3398, 5f4cf9ee-4bed-49de-adaa-861aec894328:c3398]
2019-08-23 02:48:26,386 | INFO  | DNAudit | user=null | ip=null | op=WRITE_CHUNK {blockData=conID: 3 locID: 102664012192416316 bcsId: 0} | ret=SUCCESS |  
2019-08-23 02:48:26,386 | INFO  | DNAudit | user=null | ip=null | op=PUT_BLOCK {blockData=[blockId=conID: 3 locID: 102664012192416316 bcsId: 0,size=2097152]} | ret=SUCCESS |  
2019-08-23 02:48:26,386 [grpc-default-executor-6] INFO  client.GrpcClientProtocolClient (GrpcClientProtocolClient.java:onNext(255)) - client-B268B4322F32->17750241-545b-4219-93a1-14a6ea3d85be: receive RaftClientReply:client-B268B4322F32->17750241-545b-4219-93a1-14a6ea3d85be@group-C33FBD9556F2, cid=2286, SUCCESS, logIndex=3400, commits[17750241-545b-4219-93a1-14a6ea3d85be:c3402, 4eaaa090-573e-41d3-9f8c-c99e236d806a:c3398, 5f4cf9ee-4bed-49de-adaa-861aec894328:c3398]
2019-08-23 02:48:26,387 [grpc-default-executor-6] INFO  client.GrpcClientProtocolClient (GrpcClientProtocolClient.java:onNext(255)) - client-B268B4322F32->17750241-545b-4219-93a1-14a6ea3d85be: receive RaftClientReply:client-B268B4322F32->17750241-545b-4219-93a1-14a6ea3d85be@group-C33FBD9556F2, cid=2287, SUCCESS, logIndex=3401, commits[17750241-545b-4219-93a1-14a6ea3d85be:c3402, 4eaaa090-573e-41d3-9f8c-c99e236d806a:c3398, 5f4cf9ee-4bed-49de-adaa-861aec894328:c3398]
2019-08-23 02:48:26,387 [grpc-default-executor-6] INFO  client.GrpcClientProtocolClient (GrpcClientProtocolClient.java:onNext(255)) - client-B268B4322F32->17750241-545b-4219-93a1-14a6ea3d85be: receive RaftClientReply:client-B268B4322F32->17750241-545b-4219-93a1-14a6ea3d85be@group-C33FBD9556F2, cid=2288, SUCCESS, logIndex=3402, commits[17750241-545b-4219-93a1-14a6ea3d85be:c3402, 4eaaa090-573e-41d3-9f8c-c99e236d806a:c3398, 5f4cf9ee-4bed-49de-adaa-861aec894328:c3398]
2019-08-23 02:48:26,388 | INFO  | DNAudit | user=null | ip=null | op=WRITE_CHUNK {blockData=conID: 3 locID: 102664012192416316 bcsId: 0} | ret=SUCCESS |  
2019-08-23 02:48:26,399 | INFO  | DNAudit | user=null | ip=null | op=WRITE_CHUNK {blockData=conID: 3 locID: 102664012192416316 bcsId: 0} | ret=SUCCESS |  
2019-08-23 02:48:26,399 | INFO  | DNAudit | user=null | ip=null | op=PUT_BLOCK {blockData=[blockId=conID: 3 locID: 102664012192416316 bcsId: 0,size=1048576]} | ret=SUCCESS |  
2019-08-23 02:48:26,399 | INFO  | DNAudit | user=null | ip=null | op=PUT_BLOCK {blockData=[blockId=conID: 3 locID: 102664012192416316 bcsId: 0,size=1048576]} | ret=SUCCESS |  
2019-08-23 02:48:26,400 | INFO  | DNAudit | user=null | ip=null | op=WRITE_CHUNK {blockData=conID: 3 locID: 102664012192416316 bcsId: 0} | ret=SUCCESS |  
2019-08-23 02:48:26,400 | INFO  | DNAudit | user=null | ip=null | op=WRITE_CHUNK {blockData=conID: 3 locID: 102664012192416316 bcsId: 0} | ret=SUCCESS |  
2019-08-23 02:48:26,400 | INFO  | DNAudit | user=null | ip=null | op=PUT_BLOCK {blockData=[blockId=conID: 3 locID: 102664012192416316 bcsId: 0,size=2097152]} | ret=SUCCESS |  
2019-08-23 02:48:26,400 | INFO  | DNAudit | user=null | ip=null | op=PUT_BLOCK {blockData=[blockId=conID: 3 locID: 102664012192416316 bcsId: 0,size=2097152]} | ret=SUCCESS |  
2019-08-23 02:48:26,400 [grpc-default-executor-1] INFO  client.GrpcClientProtocolClient (GrpcClientProtocolClient.java:onNext(255)) - client-B268B4322F32->17750241-545b-4219-93a1-14a6ea3d85be: receive RaftClientReply:client-B268B4322F32->17750241-545b-4219-93a1-14a6ea3d85be@group-C33FBD9556F2, cid=2289, SUCCESS, logIndex=0, commits[17750241-545b-4219-93a1-14a6ea3d85be:c3404, 4eaaa090-573e-41d3-9f8c-c99e236d806a:c3400, 5f4cf9ee-4bed-49de-adaa-861aec894328:c3400]
2019-08-23 02:48:26,408 | INFO  | DNAudit | user=null | ip=null | op=WRITE_CHUNK {blockData=conID: 3 locID: 102664012192416316 bcsId: 3402} | ret=SUCCESS |  
2019-08-23 02:48:26,411 | INFO  | DNAudit | user=null | ip=null | op=WRITE_CHUNK {blockData=conID: 3 locID: 102664012192416316 bcsId: 3402} | ret=SUCCESS |  
2019-08-23 02:48:26,411 | INFO  | DNAudit | user=null | ip=null | op=WRITE_CHUNK {blockData=conID: 3 locID: 102664012192416316 bcsId: 3402} | ret=SUCCESS |  
2019-08-23 02:48:26,421 | INFO  | DNAudit | user=null | ip=null | op=WRITE_CHUNK {blockData=conID: 3 locID: 102664012192416316 bcsId: 3402} | ret=SUCCESS |  
2019-08-23 02:48:26,422 | INFO  | DNAudit | user=null | ip=null | op=PUT_BLOCK {blockData=[blockId=conID: 3 locID: 102664012192416316 bcsId: 0,size=3145728]} | ret=SUCCESS |  
2019-08-23 02:48:26,422 [grpc-default-executor-1] INFO  client.GrpcClientProtocolClient (GrpcClientProtocolClient.java:onNext(255)) - client-B268B4322F32->17750241-545b-4219-93a1-14a6ea3d85be: receive RaftClientReply:client-B268B4322F32->17750241-545b-4219-93a1-14a6ea3d85be@group-C33FBD9556F2, cid=2290, SUCCESS, logIndex=3407, commits[17750241-545b-4219-93a1-14a6ea3d85be:c3408, 4eaaa090-573e-41d3-9f8c-c99e236d806a:c3406, 5f4cf9ee-4bed-49de-adaa-861aec894328:c3406]
2019-08-23 02:48:26,423 [grpc-default-executor-1] INFO  client.GrpcClientProtocolClient (GrpcClientProtocolClient.java:onNext(255)) - client-B268B4322F32->17750241-545b-4219-93a1-14a6ea3d85be: receive RaftClientReply:client-B268B4322F32->17750241-545b-4219-93a1-14a6ea3d85be@group-C33FBD9556F2, cid=2291, SUCCESS, logIndex=3408, commits[17750241-545b-4219-93a1-14a6ea3d85be:c3408, 4eaaa090-573e-41d3-9f8c-c99e236d806a:c3406, 5f4cf9ee-4bed-49de-adaa-861aec894328:c3406]
2019-08-23 02:48:26,430 | INFO  | DNAudit | user=null | ip=null | op=WRITE_CHUNK {blockData=conID: 3 locID: 102664012192416316 bcsId: 3408} | ret=SUCCESS |  
2019-08-23 02:48:26,432 | INFO  | DNAudit | user=null | ip=null | op=WRITE_CHUNK {blockData=conID: 3 locID: 102664012192416316 bcsId: 3408} | ret=SUCCESS |  
2019-08-23 02:48:26,433 | INFO  | DNAudit | user=null | ip=null | op=WRITE_CHUNK {blockData=conID: 3 locID: 102664012192416316 bcsId: 3402} | ret=SUCCESS |  
2019-08-23 02:48:26,433 | INFO  | DNAudit | user=null | ip=null | op=WRITE_CHUNK {blockData=conID: 3 locID: 102664012192416316 bcsId: 3402} | ret=SUCCESS |  
2019-08-23 02:48:26,434 | INFO  | DNAudit | user=null | ip=null | op=WRITE_CHUNK {blockData=conID: 3 locID: 102664012192416316 bcsId: 3408} | ret=SUCCESS |  
2019-08-23 02:48:26,434 | INFO  | DNAudit | user=null | ip=null | op=PUT_BLOCK {blockData=[blockId=conID: 3 locID: 102664012192416316 bcsId: 0,size=3145728]} | ret=SUCCESS |  
2019-08-23 02:48:26,435 | INFO  | DNAudit | user=null | ip=null | op=WRITE_CHUNK {blockData=conID: 3 locID: 102664012192416316 bcsId: 3408} | ret=SUCCESS |  
2019-08-23 02:48:26,435 | INFO  | DNAudit | user=null | ip=null | op=PUT_BLOCK {blockData=[blockId=conID: 3 locID: 102664012192416316 bcsId: 0,size=3145728]} | ret=SUCCESS |  
2019-08-23 02:48:26,435 | INFO  | DNAudit | user=null | ip=null | op=PUT_BLOCK {blockData=[blockId=conID: 3 locID: 102664012192416316 bcsId: 0,size=4194304]} | ret=SUCCESS |  
2019-08-23 02:48:26,435 [grpc-default-executor-5] INFO  client.GrpcClientProtocolClient (GrpcClientProtocolClient.java:onNext(255)) - client-B268B4322F32->17750241-545b-4219-93a1-14a6ea3d85be: receive RaftClientReply:client-B268B4322F32->17750241-545b-4219-93a1-14a6ea3d85be@group-C33FBD9556F2, cid=2292, SUCCESS, logIndex=3411, commits[17750241-545b-4219-93a1-14a6ea3d85be:c3412, 4eaaa090-573e-41d3-9f8c-c99e236d806a:c3407, 5f4cf9ee-4bed-49de-adaa-861aec894328:c3408]
2019-08-23 02:48:26,436 [grpc-default-executor-5] INFO  client.GrpcClientProtocolClient (GrpcClientProtocolClient.java:onNext(255)) - client-B268B4322F32->17750241-545b-4219-93a1-14a6ea3d85be: receive RaftClientReply:client-B268B4322F32->17750241-545b-4219-93a1-14a6ea3d85be@group-C33FBD9556F2, cid=2293, SUCCESS, logIndex=3412, commits[17750241-545b-4219-93a1-14a6ea3d85be:c3412, 4eaaa090-573e-41d3-9f8c-c99e236d806a:c3408, 5f4cf9ee-4bed-49de-adaa-861aec894328:c3408]
2019-08-23 02:48:26,446 | INFO  | DNAudit | user=null | ip=null | op=WRITE_CHUNK {blockData=conID: 3 locID: 102664012192416316 bcsId: 3408} | ret=SUCCESS |  
2019-08-23 02:48:26,446 | INFO  | DNAudit | user=null | ip=null | op=WRITE_CHUNK {blockData=conID: 3 locID: 102664012192416316 bcsId: 3408} | ret=SUCCESS |  
2019-08-23 02:48:26,447 | INFO  | DNAudit | user=null | ip=null | op=PUT_BLOCK {blockData=[blockId=conID: 3 locID: 102664012192416316 bcsId: 0,size=4194304]} | ret=SUCCESS |  
2019-08-23 02:48:26,447 | INFO  | DNAudit | user=null | ip=null | op=PUT_BLOCK {blockData=[blockId=conID: 3 locID: 102664012192416316 bcsId: 0,size=4194304]} | ret=SUCCESS |  
2019-08-23 02:48:26,448 [grpc-default-executor-5] INFO  client.GrpcClientProtocolClient (GrpcClientProtocolClient.java:onNext(255)) - client-B268B4322F32->17750241-545b-4219-93a1-14a6ea3d85be: receive RaftClientReply:client-B268B4322F32->17750241-545b-4219-93a1-14a6ea3d85be@group-C33FBD9556F2, cid=2294, SUCCESS, logIndex=0, commits[17750241-545b-4219-93a1-14a6ea3d85be:c3414, 4eaaa090-573e-41d3-9f8c-c99e236d806a:c3412, 5f4cf9ee-4bed-49de-adaa-861aec894328:c3412]
2019-08-23 02:48:26,450 | INFO  | SCMAudit | user=jenkins1000 | ip=192.168.34.22 | op=ALLOCATE_BLOCK {owner=31d65bc3-3f70-45f5-bbc5-e3a15f967ba6, size=4194304, type=RATIS, factor=THREE} | ret=SUCCESS |  
2019-08-23 02:48:26,454 | INFO  | OMAudit | user=jenkins1000 | ip=127.0.0.1 | op=ALLOCATE_BLOCK {volume=vol-0-78052, bucket=bucket-0-33874, key=key-0-20719, dataSize=2147483657, replicationType=RATIS, replicationFactor=THREE, keyLocationInfo=[], clientID=102664010308846034} | ret=SUCCESS |  
2019-08-23 02:48:26,466 | INFO  | DNAudit | user=null | ip=null | op=WRITE_CHUNK {blockData=conID: 1 locID: 102664012198707773 bcsId: 0} | ret=SUCCESS |  
2019-08-23 02:48:26,469 | INFO  | DNAudit | user=null | ip=null | op=WRITE_CHUNK {blockData=conID: 1 locID: 102664012198707773 bcsId: 0} | ret=SUCCESS |  
2019-08-23 02:48:26,470 | INFO  | DNAudit | user=null | ip=null | op=WRITE_CHUNK {blockData=conID: 1 locID: 102664012198707773 bcsId: 0} | ret=SUCCESS |  
2019-08-23 02:48:26,470 | INFO  | DNAudit | user=null | ip=null | op=WRITE_CHUNK {blockData=conID: 1 locID: 102664012198707773 bcsId: 0} | ret=SUCCESS |  
2019-08-23 02:48:26,471 | INFO  | DNAudit | user=null | ip=null | op=WRITE_CHUNK {blockData=conID: 1 locID: 102664012198707773 bcsId: 0} | ret=SUCCESS |  
2019-08-23 02:48:26,472 | INFO  | DNAudit | user=null | ip=null | op=WRITE_CHUNK {blockData=conID: 1 locID: 102664012198707773 bcsId: 0} | ret=SUCCESS |  
2019-08-23 02:48:26,479 | INFO  | DNAudit | user=null | ip=null | op=WRITE_CHUNK {blockData=conID: 1 locID: 102664012198707773 bcsId: 0} | ret=SUCCESS |  
2019-08-23 02:48:26,479 | INFO  | DNAudit | user=null | ip=null | op=PUT_BLOCK {blockData=[blockId=conID: 1 locID: 102664012198707773 bcsId: 0,size=1048576]} | ret=SUCCESS |  
2019-08-23 02:48:26,479 [grpc-default-executor-5] INFO  client.GrpcClientProtocolClient (GrpcClientProtocolClient.java:onNext(255)) - client-B268B4322F32->17750241-545b-4219-93a1-14a6ea3d85be: receive RaftClientReply:client-B268B4322F32->17750241-545b-4219-93a1-14a6ea3d85be@group-C33FBD9556F2, cid=2295, SUCCESS, logIndex=3415, commits[17750241-545b-4219-93a1-14a6ea3d85be:c3416, 4eaaa090-573e-41d3-9f8c-c99e236d806a:c3414, 5f4cf9ee-4bed-49de-adaa-861aec894328:c3414]
2019-08-23 02:48:26,480 [grpc-default-executor-5] INFO  client.GrpcClientProtocolClient (GrpcClientProtocolClient.java:onNext(255)) - client-B268B4322F32->17750241-545b-4219-93a1-14a6ea3d85be: receive RaftClientReply:client-B268B4322F32->17750241-545b-4219-93a1-14a6ea3d85be@group-C33FBD9556F2, cid=2296, SUCCESS, logIndex=3416, commits[17750241-545b-4219-93a1-14a6ea3d85be:c3416, 4eaaa090-573e-41d3-9f8c-c99e236d806a:c3414, 5f4cf9ee-4bed-49de-adaa-861aec894328:c3414]
2019-08-23 02:48:26,490 | INFO  | DNAudit | user=null | ip=null | op=WRITE_CHUNK {blockData=conID: 1 locID: 102664012198707773 bcsId: 0} | ret=SUCCESS |  
2019-08-23 02:48:26,491 | INFO  | DNAudit | user=null | ip=null | op=PUT_BLOCK {blockData=[blockId=conID: 1 locID: 102664012198707773 bcsId: 0,size=2097152]} | ret=SUCCESS |  
2019-08-23 02:48:26,491 [grpc-default-executor-5] INFO  client.GrpcClientProtocolClient (GrpcClientProtocolClient.java:onNext(255)) - client-B268B4322F32->17750241-545b-4219-93a1-14a6ea3d85be: receive RaftClientReply:client-B268B4322F32->17750241-545b-4219-93a1-14a6ea3d85be@group-C33FBD9556F2, cid=2297, SUCCESS, logIndex=3417, commits[17750241-545b-4219-93a1-14a6ea3d85be:c3418, 4eaaa090-573e-41d3-9f8c-c99e236d806a:c3414, 5f4cf9ee-4bed-49de-adaa-861aec894328:c3414]
2019-08-23 02:48:26,491 [grpc-default-executor-5] INFO  client.GrpcClientProtocolClient (GrpcClientProtocolClient.java:onNext(255)) - client-B268B4322F32->17750241-545b-4219-93a1-14a6ea3d85be: receive RaftClientReply:client-B268B4322F32->17750241-545b-4219-93a1-14a6ea3d85be@group-C33FBD9556F2, cid=2298, SUCCESS, logIndex=3418, commits[17750241-545b-4219-93a1-14a6ea3d85be:c3418, 4eaaa090-573e-41d3-9f8c-c99e236d806a:c3414, 5f4cf9ee-4bed-49de-adaa-861aec894328:c3414]
2019-08-23 02:48:26,503 | INFO  | DNAudit | user=null | ip=null | op=WRITE_CHUNK {blockData=conID: 1 locID: 102664012198707773 bcsId: 0} | ret=SUCCESS |  
2019-08-23 02:48:26,504 | INFO  | DNAudit | user=null | ip=null | op=PUT_BLOCK {blockData=[blockId=conID: 1 locID: 102664012198707773 bcsId: 0,size=1048576]} | ret=SUCCESS |  
2019-08-23 02:48:26,504 | INFO  | DNAudit | user=null | ip=null | op=WRITE_CHUNK {blockData=conID: 1 locID: 102664012198707773 bcsId: 0} | ret=SUCCESS |  
2019-08-23 02:48:26,504 | INFO  | DNAudit | user=null | ip=null | op=PUT_BLOCK {blockData=[blockId=conID: 1 locID: 102664012198707773 bcsId: 0,size=1048576]} | ret=SUCCESS |  
2019-08-23 02:48:26,504 | INFO  | DNAudit | user=null | ip=null | op=WRITE_CHUNK {blockData=conID: 1 locID: 102664012198707773 bcsId: 0} | ret=SUCCESS |  
2019-08-23 02:48:26,504 | INFO  | DNAudit | user=null | ip=null | op=WRITE_CHUNK {blockData=conID: 1 locID: 102664012198707773 bcsId: 0} | ret=SUCCESS |  
2019-08-23 02:48:26,504 | INFO  | DNAudit | user=null | ip=null | op=PUT_BLOCK {blockData=[blockId=conID: 1 locID: 102664012198707773 bcsId: 0,size=2097152]} | ret=SUCCESS |  
2019-08-23 02:48:26,505 | INFO  | DNAudit | user=null | ip=null | op=PUT_BLOCK {blockData=[blockId=conID: 1 locID: 102664012198707773 bcsId: 0,size=2097152]} | ret=SUCCESS |  
2019-08-23 02:48:26,505 [grpc-default-executor-5] INFO  client.GrpcClientProtocolClient (GrpcClientProtocolClient.java:onNext(255)) - client-B268B4322F32->17750241-545b-4219-93a1-14a6ea3d85be: receive RaftClientReply:client-B268B4322F32->17750241-545b-4219-93a1-14a6ea3d85be@group-C33FBD9556F2, cid=2299, SUCCESS, logIndex=0, commits[17750241-545b-4219-93a1-14a6ea3d85be:c3420, 4eaaa090-573e-41d3-9f8c-c99e236d806a:c3416, 5f4cf9ee-4bed-49de-adaa-861aec894328:c3416]
2019-08-23 02:48:26,511 | INFO  | DNAudit | user=null | ip=null | op=WRITE_CHUNK {blockData=conID: 1 locID: 102664012198707773 bcsId: 3418} | ret=SUCCESS |  
2019-08-23 02:48:26,513 | INFO  | DNAudit | user=null | ip=null | op=WRITE_CHUNK {blockData=conID: 1 locID: 102664012198707773 bcsId: 3418} | ret=SUCCESS |  
2019-08-23 02:48:26,514 | INFO  | DNAudit | user=null | ip=null | op=WRITE_CHUNK {blockData=conID: 1 locID: 102664012198707773 bcsId: 3418} | ret=SUCCESS |  
2019-08-23 02:48:26,524 | INFO  | DNAudit | user=null | ip=null | op=WRITE_CHUNK {blockData=conID: 1 locID: 102664012198707773 bcsId: 3418} | ret=SUCCESS |  
2019-08-23 02:48:26,525 | INFO  | DNAudit | user=null | ip=null | op=PUT_BLOCK {blockData=[blockId=conID: 1 locID: 102664012198707773 bcsId: 0,size=3145728]} | ret=SUCCESS |  
2019-08-23 02:48:26,525 [grpc-default-executor-5] INFO  client.GrpcClientProtocolClient (GrpcClientProtocolClient.java:onNext(255)) - client-B268B4322F32->17750241-545b-4219-93a1-14a6ea3d85be: receive RaftClientReply:client-B268B4322F32->17750241-545b-4219-93a1-14a6ea3d85be@group-C33FBD9556F2, cid=2300, SUCCESS, logIndex=3423, commits[17750241-545b-4219-93a1-14a6ea3d85be:c3424, 4eaaa090-573e-41d3-9f8c-c99e236d806a:c3422, 5f4cf9ee-4bed-49de-adaa-861aec894328:c3422]
2019-08-23 02:48:26,525 [grpc-default-executor-5] INFO  client.GrpcClientProtocolClient (GrpcClientProtocolClient.java:onNext(255)) - client-B268B4322F32->17750241-545b-4219-93a1-14a6ea3d85be: receive RaftClientReply:client-B268B4322F32->17750241-545b-4219-93a1-14a6ea3d85be@group-C33FBD9556F2, cid=2301, SUCCESS, logIndex=3424, commits[17750241-545b-4219-93a1-14a6ea3d85be:c3424, 4eaaa090-573e-41d3-9f8c-c99e236d806a:c3422, 5f4cf9ee-4bed-49de-adaa-861aec894328:c3422]
2019-08-23 02:48:26,528 | INFO  | DNAudit | user=null | ip=null | op=WRITE_CHUNK {blockData=conID: 1 locID: 102664012198707773 bcsId: 3418} | ret=SUCCESS |  
2019-08-23 02:48:26,528 | INFO  | DNAudit | user=null | ip=null | op=WRITE_CHUNK {blockData=conID: 1 locID: 102664012198707773 bcsId: 3418} | ret=SUCCESS |  
2019-08-23 02:48:26,529 | INFO  | DNAudit | user=null | ip=null | op=PUT_BLOCK {blockData=[blockId=conID: 1 locID: 102664012198707773 bcsId: 0,size=3145728]} | ret=SUCCESS |  
2019-08-23 02:48:26,529 | INFO  | DNAudit | user=null | ip=null | op=PUT_BLOCK {blockData=[blockId=conID: 1 locID: 102664012198707773 bcsId: 0,size=3145728]} | ret=SUCCESS |  
2019-08-23 02:48:26,535 | INFO  | DNAudit | user=null | ip=null | op=WRITE_CHUNK {blockData=conID: 1 locID: 102664012198707773 bcsId: 3424} | ret=SUCCESS |  
2019-08-23 02:48:26,536 | INFO  | DNAudit | user=null | ip=null | op=WRITE_CHUNK {blockData=conID: 1 locID: 102664012198707773 bcsId: 3424} | ret=SUCCESS |  
2019-08-23 02:48:26,537 | INFO  | DNAudit | user=null | ip=null | op=WRITE_CHUNK {blockData=conID: 1 locID: 102664012198707773 bcsId: 3424} | ret=SUCCESS |  
2019-08-23 02:48:26,539 | INFO  | DNAudit | user=null | ip=null | op=WRITE_CHUNK {blockData=conID: 1 locID: 102664012198707773 bcsId: 3424} | ret=SUCCESS |  
2019-08-23 02:48:26,539 | INFO  | DNAudit | user=null | ip=null | op=PUT_BLOCK {blockData=[blockId=conID: 1 locID: 102664012198707773 bcsId: 0,size=4194304]} | ret=SUCCESS |  
2019-08-23 02:48:26,539 [grpc-default-executor-6] INFO  client.GrpcClientProtocolClient (GrpcClientProtocolClient.java:onNext(255)) - client-B268B4322F32->17750241-545b-4219-93a1-14a6ea3d85be: receive RaftClientReply:client-B268B4322F32->17750241-545b-4219-93a1-14a6ea3d85be@group-C33FBD9556F2, cid=2302, SUCCESS, logIndex=3427, commits[17750241-545b-4219-93a1-14a6ea3d85be:c3428, 4eaaa090-573e-41d3-9f8c-c99e236d806a:c3426, 5f4cf9ee-4bed-49de-adaa-861aec894328:c3426]
2019-08-23 02:48:26,540 [grpc-default-executor-6] INFO  client.GrpcClientProtocolClient (GrpcClientProtocolClient.java:onNext(255)) - client-B268B4322F32->17750241-545b-4219-93a1-14a6ea3d85be: receive RaftClientReply:client-B268B4322F32->17750241-545b-4219-93a1-14a6ea3d85be@group-C33FBD9556F2, cid=2303, SUCCESS, logIndex=3428, commits[17750241-545b-4219-93a1-14a6ea3d85be:c3428, 4eaaa090-573e-41d3-9f8c-c99e236d806a:c3426, 5f4cf9ee-4bed-49de-adaa-861aec894328:c3426]
2019-08-23 02:48:26,541 | INFO  | DNAudit | user=null | ip=null | op=WRITE_CHUNK {blockData=conID: 1 locID: 102664012198707773 bcsId: 3424} | ret=SUCCESS |  
2019-08-23 02:48:26,541 | INFO  | DNAudit | user=null | ip=null | op=WRITE_CHUNK {blockData=conID: 1 locID: 102664012198707773 bcsId: 3424} | ret=SUCCESS |  
2019-08-23 02:48:26,541 | INFO  | DNAudit | user=null | ip=null | op=PUT_BLOCK {blockData=[blockId=conID: 1 locID: 102664012198707773 bcsId: 0,size=4194304]} | ret=SUCCESS |  
2019-08-23 02:48:26,541 [grpc-default-executor-5] INFO  client.GrpcClientProtocolClient (GrpcClientProtocolClient.java:onNext(255)) - client-B268B4322F32->17750241-545b-4219-93a1-14a6ea3d85be: receive RaftClientReply:client-B268B4322F32->17750241-545b-4219-93a1-14a6ea3d85be@group-C33FBD9556F2, cid=2304, SUCCESS, logIndex=0, commits[17750241-545b-4219-93a1-14a6ea3d85be:c3428, 4eaaa090-573e-41d3-9f8c-c99e236d806a:c3428, 5f4cf9ee-4bed-49de-adaa-861aec894328:c3428]
2019-08-23 02:48:26,541 | INFO  | DNAudit | user=null | ip=null | op=PUT_BLOCK {blockData=[blockId=conID: 1 locID: 102664012198707773 bcsId: 0,size=4194304]} | ret=SUCCESS |  
2019-08-23 02:48:26,543 | INFO  | SCMAudit | user=jenkins1000 | ip=192.168.34.22 | op=ALLOCATE_BLOCK {owner=31d65bc3-3f70-45f5-bbc5-e3a15f967ba6, size=4194304, type=RATIS, factor=THREE} | ret=SUCCESS |  
2019-08-23 02:48:26,546 | INFO  | OMAudit | user=jenkins1000 | ip=127.0.0.1 | op=ALLOCATE_BLOCK {volume=vol-0-78052, bucket=bucket-0-33874, key=key-0-20719, dataSize=2147483657, replicationType=RATIS, replicationFactor=THREE, keyLocationInfo=[], clientID=102664010308846034} | ret=SUCCESS |  
2019-08-23 02:48:26,556 | INFO  | DNAudit | user=null | ip=null | op=WRITE_CHUNK {blockData=conID: 2 locID: 102664012204737086 bcsId: 0} | ret=SUCCESS |  
2019-08-23 02:48:26,558 | INFO  | DNAudit | user=null | ip=null | op=WRITE_CHUNK {blockData=conID: 2 locID: 102664012204737086 bcsId: 0} | ret=SUCCESS |  
2019-08-23 02:48:26,559 | INFO  | DNAudit | user=null | ip=null | op=WRITE_CHUNK {blockData=conID: 2 locID: 102664012204737086 bcsId: 0} | ret=SUCCESS |  
2019-08-23 02:48:26,560 | INFO  | DNAudit | user=null | ip=null | op=WRITE_CHUNK {blockData=conID: 2 locID: 102664012204737086 bcsId: 0} | ret=SUCCESS |  
2019-08-23 02:48:26,560 | INFO  | DNAudit | user=null | ip=null | op=WRITE_CHUNK {blockData=conID: 2 locID: 102664012204737086 bcsId: 0} | ret=SUCCESS |  
2019-08-23 02:48:26,561 | INFO  | DNAudit | user=null | ip=null | op=PUT_BLOCK {blockData=[blockId=conID: 2 locID: 102664012204737086 bcsId: 0,size=1048576]} | ret=SUCCESS |  
2019-08-23 02:48:26,561 [grpc-default-executor-5] INFO  client.GrpcClientProtocolClient (GrpcClientProtocolClient.java:onNext(255)) - client-B268B4322F32->17750241-545b-4219-93a1-14a6ea3d85be: receive RaftClientReply:client-B268B4322F32->17750241-545b-4219-93a1-14a6ea3d85be@group-C33FBD9556F2, cid=2305, SUCCESS, logIndex=3431, commits[17750241-545b-4219-93a1-14a6ea3d85be:c3432, 4eaaa090-573e-41d3-9f8c-c99e236d806a:c3430, 5f4cf9ee-4bed-49de-adaa-861aec894328:c3428]
2019-08-23 02:48:26,562 [grpc-default-executor-5] INFO  client.GrpcClientProtocolClient (GrpcClientProtocolClient.java:onNext(255)) - client-B268B4322F32->17750241-545b-4219-93a1-14a6ea3d85be: receive RaftClientReply:client-B268B4322F32->17750241-545b-4219-93a1-14a6ea3d85be@group-C33FBD9556F2, cid=2306, SUCCESS, logIndex=3432, commits[17750241-545b-4219-93a1-14a6ea3d85be:c3432, 4eaaa090-573e-41d3-9f8c-c99e236d806a:c3430, 5f4cf9ee-4bed-49de-adaa-861aec894328:c3430]
2019-08-23 02:48:26,562 | INFO  | DNAudit | user=null | ip=null | op=WRITE_CHUNK {blockData=conID: 2 locID: 102664012204737086 bcsId: 0} | ret=SUCCESS |  
2019-08-23 02:48:26,563 | INFO  | DNAudit | user=null | ip=null | op=WRITE_CHUNK {blockData=conID: 2 locID: 102664012204737086 bcsId: 0} | ret=SUCCESS |  
2019-08-23 02:48:26,571 | INFO  | DNAudit | user=null | ip=null | op=WRITE_CHUNK {blockData=conID: 2 locID: 102664012204737086 bcsId: 0} | ret=SUCCESS |  
2019-08-23 02:48:26,571 | INFO  | DNAudit | user=null | ip=null | op=WRITE_CHUNK {blockData=conID: 2 locID: 102664012204737086 bcsId: 0} | ret=SUCCESS |  
2019-08-23 02:48:26,571 | INFO  | DNAudit | user=null | ip=null | op=PUT_BLOCK {blockData=[blockId=conID: 2 locID: 102664012204737086 bcsId: 0,size=1048576]} | ret=SUCCESS |  
2019-08-23 02:48:26,571 | INFO  | DNAudit | user=null | ip=null | op=PUT_BLOCK {blockData=[blockId=conID: 2 locID: 102664012204737086 bcsId: 0,size=2097152]} | ret=SUCCESS |  
2019-08-23 02:48:26,571 | INFO  | DNAudit | user=null | ip=null | op=WRITE_CHUNK {blockData=conID: 2 locID: 102664012204737086 bcsId: 0} | ret=SUCCESS |  
2019-08-23 02:48:26,571 [grpc-default-executor-1] INFO  client.GrpcClientProtocolClient (GrpcClientProtocolClient.java:onNext(255)) - client-B268B4322F32->17750241-545b-4219-93a1-14a6ea3d85be: receive RaftClientReply:client-B268B4322F32->17750241-545b-4219-93a1-14a6ea3d85be@group-C33FBD9556F2, cid=2307, SUCCESS, logIndex=3433, commits[17750241-545b-4219-93a1-14a6ea3d85be:c3434, 4eaaa090-573e-41d3-9f8c-c99e236d806a:c3430, 5f4cf9ee-4bed-49de-adaa-861aec894328:c3430]
2019-08-23 02:48:26,572 | INFO  | DNAudit | user=null | ip=null | op=PUT_BLOCK {blockData=[blockId=conID: 2 locID: 102664012204737086 bcsId: 0,size=1048576]} | ret=SUCCESS |  
2019-08-23 02:48:26,572 [grpc-default-executor-1] INFO  client.GrpcClientProtocolClient (GrpcClientProtocolClient.java:onNext(255)) - client-B268B4322F32->17750241-545b-4219-93a1-14a6ea3d85be: receive RaftClientReply:client-B268B4322F32->17750241-545b-4219-93a1-14a6ea3d85be@group-C33FBD9556F2, cid=2308, SUCCESS, logIndex=3434, commits[17750241-545b-4219-93a1-14a6ea3d85be:c3436, 4eaaa090-573e-41d3-9f8c-c99e236d806a:c3431, 5f4cf9ee-4bed-49de-adaa-861aec894328:c3432]
2019-08-23 02:48:26,572 | INFO  | DNAudit | user=null | ip=null | op=WRITE_CHUNK {blockData=conID: 2 locID: 102664012204737086 bcsId: 0} | ret=SUCCESS |  
2019-08-23 02:48:26,573 [grpc-default-executor-1] INFO  client.GrpcClientProtocolClient (GrpcClientProtocolClient.java:onNext(255)) - client-B268B4322F32->17750241-545b-4219-93a1-14a6ea3d85be: receive RaftClientReply:client-B268B4322F32->17750241-545b-4219-93a1-14a6ea3d85be@group-C33FBD9556F2, cid=2309, SUCCESS, logIndex=0, commits[17750241-545b-4219-93a1-14a6ea3d85be:c3437, 4eaaa090-573e-41d3-9f8c-c99e236d806a:c3432, 5f4cf9ee-4bed-49de-adaa-861aec894328:c3433]
2019-08-23 02:48:26,574 | INFO  | DNAudit | user=null | ip=null | op=WRITE_CHUNK {blockData=conID: 2 locID: 102664012204737086 bcsId: 0} | ret=SUCCESS |  
2019-08-23 02:48:26,575 | INFO  | DNAudit | user=null | ip=null | op=PUT_BLOCK {blockData=[blockId=conID: 2 locID: 102664012204737086 bcsId: 0,size=2097152]} | ret=SUCCESS |  
2019-08-23 02:48:26,575 | INFO  | DNAudit | user=null | ip=null | op=PUT_BLOCK {blockData=[blockId=conID: 2 locID: 102664012204737086 bcsId: 0,size=2097152]} | ret=SUCCESS |  
2019-08-23 02:48:26,579 | INFO  | DNAudit | user=null | ip=null | op=WRITE_CHUNK {blockData=conID: 2 locID: 102664012204737086 bcsId: 3434} | ret=SUCCESS |  
2019-08-23 02:48:26,581 | INFO  | DNAudit | user=null | ip=null | op=WRITE_CHUNK {blockData=conID: 2 locID: 102664012204737086 bcsId: 3434} | ret=SUCCESS |  
2019-08-23 02:48:26,582 | INFO  | DNAudit | user=null | ip=null | op=WRITE_CHUNK {blockData=conID: 2 locID: 102664012204737086 bcsId: 3434} | ret=SUCCESS |  
2019-08-23 02:48:26,596 | INFO  | DNAudit | user=null | ip=null | op=WRITE_CHUNK {blockData=conID: 2 locID: 102664012204737086 bcsId: 3434} | ret=SUCCESS |  
2019-08-23 02:48:26,744 [grpc-default-executor-6] INFO  client.GrpcClientProtocolClient (GrpcClientProtocolClient.java:onNext(255)) - client-B268B4322F32->17750241-545b-4219-93a1-14a6ea3d85be: receive RaftClientReply:client-B268B4322F32->17750241-545b-4219-93a1-14a6ea3d85be@group-C33FBD9556F2, cid=2310, SUCCESS, logIndex=3439, commits[17750241-545b-4219-93a1-14a6ea3d85be:c3440, 4eaaa090-573e-41d3-9f8c-c99e236d806a:c3438, 5f4cf9ee-4bed-49de-adaa-861aec894328:c3438]
2019-08-23 02:48:26,745 | INFO  | DNAudit | user=null | ip=null | op=PUT_BLOCK {blockData=[blockId=conID: 2 locID: 102664012204737086 bcsId: 0,size=3145728]} | ret=SUCCESS |  
2019-08-23 02:48:26,745 | INFO  | DNAudit | user=null | ip=null | op=WRITE_CHUNK {blockData=conID: 2 locID: 102664012204737086 bcsId: 3434} | ret=SUCCESS |  
2019-08-23 02:48:26,745 | INFO  | DNAudit | user=null | ip=null | op=WRITE_CHUNK {blockData=conID: 2 locID: 102664012204737086 bcsId: 3434} | ret=SUCCESS |  
2019-08-23 02:48:26,745 | INFO  | DNAudit | user=null | ip=null | op=PUT_BLOCK {blockData=[blockId=conID: 2 locID: 102664012204737086 bcsId: 0,size=3145728]} | ret=SUCCESS |  
2019-08-23 02:48:26,746 | INFO  | DNAudit | user=null | ip=null | op=PUT_BLOCK {blockData=[blockId=conID: 2 locID: 102664012204737086 bcsId: 0,size=3145728]} | ret=SUCCESS |  
2019-08-23 02:48:26,746 [grpc-default-executor-1] INFO  client.GrpcClientProtocolClient (GrpcClientProtocolClient.java:onNext(255)) - client-B268B4322F32->17750241-545b-4219-93a1-14a6ea3d85be: receive RaftClientReply:client-B268B4322F32->17750241-545b-4219-93a1-14a6ea3d85be@group-C33FBD9556F2, cid=2311, SUCCESS, logIndex=3440, commits[17750241-545b-4219-93a1-14a6ea3d85be:c3440, 4eaaa090-573e-41d3-9f8c-c99e236d806a:c3440, 5f4cf9ee-4bed-49de-adaa-861aec894328:c3438]
2019-08-23 02:48:26,755 | INFO  | DNAudit | user=null | ip=null | op=WRITE_CHUNK {blockData=conID: 2 locID: 102664012204737086 bcsId: 3440} | ret=SUCCESS |  
2019-08-23 02:48:26,760 | INFO  | DNAudit | user=null | ip=null | op=WRITE_CHUNK {blockData=conID: 2 locID: 102664012204737086 bcsId: 3440} | ret=SUCCESS |  
2019-08-23 02:48:26,760 | INFO  | DNAudit | user=null | ip=null | op=WRITE_CHUNK {blockData=conID: 2 locID: 102664012204737086 bcsId: 3440} | ret=SUCCESS |  
2019-08-23 02:48:26,772 | INFO  | DNAudit | user=null | ip=null | op=WRITE_CHUNK {blockData=conID: 2 locID: 102664012204737086 bcsId: 3440} | ret=SUCCESS |  
2019-08-23 02:48:26,772 | INFO  | DNAudit | user=null | ip=null | op=PUT_BLOCK {blockData=[blockId=conID: 2 locID: 102664012204737086 bcsId: 0,size=4194304]} | ret=SUCCESS |  
2019-08-23 02:48:26,772 [grpc-default-executor-5] INFO  client.GrpcClientProtocolClient (GrpcClientProtocolClient.java:onNext(255)) - client-B268B4322F32->17750241-545b-4219-93a1-14a6ea3d85be: receive RaftClientReply:client-B268B4322F32->17750241-545b-4219-93a1-14a6ea3d85be@group-C33FBD9556F2, cid=2312, SUCCESS, logIndex=3443, commits[17750241-545b-4219-93a1-14a6ea3d85be:c3444, 4eaaa090-573e-41d3-9f8c-c99e236d806a:c3440, 5f4cf9ee-4bed-49de-adaa-861aec894328:c3441]
2019-08-23 02:48:26,773 [grpc-default-executor-5] INFO  client.GrpcClientProtocolClient (GrpcClientProtocolClient.java:onNext(255)) - client-B268B4322F32->17750241-545b-4219-93a1-14a6ea3d85be: receive RaftClientReply:client-B268B4322F32->17750241-545b-4219-93a1-14a6ea3d85be@group-C33FBD9556F2, cid=2313, SUCCESS, logIndex=3444, commits[17750241-545b-4219-93a1-14a6ea3d85be:c3444, 4eaaa090-573e-41d3-9f8c-c99e236d806a:c3441, 5f4cf9ee-4bed-49de-adaa-861aec894328:c3441]
2019-08-23 02:48:26,773 | INFO  | DNAudit | user=null | ip=null | op=WRITE_CHUNK {blockData=conID: 2 locID: 102664012204737086 bcsId: 3440} | ret=SUCCESS |  
2019-08-23 02:48:26,773 | INFO  | DNAudit | user=null | ip=null | op=WRITE_CHUNK {blockData=conID: 2 locID: 102664012204737086 bcsId: 3440} | ret=SUCCESS |  
2019-08-23 02:48:26,774 | INFO  | DNAudit | user=null | ip=null | op=PUT_BLOCK {blockData=[blockId=conID: 2 locID: 102664012204737086 bcsId: 0,size=4194304]} | ret=SUCCESS |  
2019-08-23 02:48:26,774 | INFO  | DNAudit | user=null | ip=null | op=PUT_BLOCK {blockData=[blockId=conID: 2 locID: 102664012204737086 bcsId: 0,size=4194304]} | ret=SUCCESS |  
2019-08-23 02:48:26,774 [grpc-default-executor-6] INFO  client.GrpcClientProtocolClient (GrpcClientProtocolClient.java:onNext(255)) - client-B268B4322F32->17750241-545b-4219-93a1-14a6ea3d85be: receive RaftClientReply:client-B268B4322F32->17750241-545b-4219-93a1-14a6ea3d85be@group-C33FBD9556F2, cid=2314, SUCCESS, logIndex=0, commits[17750241-545b-4219-93a1-14a6ea3d85be:c3445, 4eaaa090-573e-41d3-9f8c-c99e236d806a:c3444, 5f4cf9ee-4bed-49de-adaa-861aec894328:c3444]
2019-08-23 02:48:26,777 | INFO  | SCMAudit | user=jenkins1000 | ip=192.168.34.22 | op=ALLOCATE_BLOCK {owner=31d65bc3-3f70-45f5-bbc5-e3a15f967ba6, size=4194304, type=RATIS, factor=THREE} | ret=SUCCESS |  
2019-08-23 02:48:26,780 | INFO  | OMAudit | user=jenkins1000 | ip=127.0.0.1 | op=ALLOCATE_BLOCK {volume=vol-0-78052, bucket=bucket-0-33874, key=key-0-20719, dataSize=2147483657, replicationType=RATIS, replicationFactor=THREE, keyLocationInfo=[], clientID=102664010308846034} | ret=SUCCESS |  
2019-08-23 02:48:26,793 | INFO  | DNAudit | user=null | ip=null | op=WRITE_CHUNK {blockData=conID: 3 locID: 102664012220138047 bcsId: 0} | ret=SUCCESS |  
2019-08-23 02:48:26,795 | INFO  | DNAudit | user=null | ip=null | op=WRITE_CHUNK {blockData=conID: 3 locID: 102664012220138047 bcsId: 0} | ret=SUCCESS |  
2019-08-23 02:48:26,797 | INFO  | DNAudit | user=null | ip=null | op=WRITE_CHUNK {blockData=conID: 3 locID: 102664012220138047 bcsId: 0} | ret=SUCCESS |  
2019-08-23 02:48:26,797 | INFO  | DNAudit | user=null | ip=null | op=WRITE_CHUNK {blockData=conID: 3 locID: 102664012220138047 bcsId: 0} | ret=SUCCESS |  
2019-08-23 02:48:26,799 | INFO  | DNAudit | user=null | ip=null | op=WRITE_CHUNK {blockData=conID: 3 locID: 102664012220138047 bcsId: 0} | ret=SUCCESS |  
2019-08-23 02:48:26,800 | INFO  | DNAudit | user=null | ip=null | op=WRITE_CHUNK {blockData=conID: 3 locID: 102664012220138047 bcsId: 0} | ret=SUCCESS |  
2019-08-23 02:48:26,806 | INFO  | DNAudit | user=null | ip=null | op=WRITE_CHUNK {blockData=conID: 3 locID: 102664012220138047 bcsId: 0} | ret=SUCCESS |  
2019-08-23 02:48:26,807 | INFO  | DNAudit | user=null | ip=null | op=PUT_BLOCK {blockData=[blockId=conID: 3 locID: 102664012220138047 bcsId: 0,size=1048576]} | ret=SUCCESS |  
2019-08-23 02:48:26,807 [grpc-default-executor-6] INFO  client.GrpcClientProtocolClient (GrpcClientProtocolClient.java:onNext(255)) - client-B268B4322F32->17750241-545b-4219-93a1-14a6ea3d85be: receive RaftClientReply:client-B268B4322F32->17750241-545b-4219-93a1-14a6ea3d85be@group-C33FBD9556F2, cid=2315, SUCCESS, logIndex=3447, commits[17750241-545b-4219-93a1-14a6ea3d85be:c3448, 4eaaa090-573e-41d3-9f8c-c99e236d806a:c3446, 5f4cf9ee-4bed-49de-adaa-861aec894328:c3446]
2019-08-23 02:48:26,807 | INFO  | DNAudit | user=null | ip=null | op=WRITE_CHUNK {blockData=conID: 3 locID: 102664012220138047 bcsId: 0} | ret=SUCCESS |  
2019-08-23 02:48:26,807 | INFO  | DNAudit | user=null | ip=null | op=PUT_BLOCK {blockData=[blockId=conID: 3 locID: 102664012220138047 bcsId: 0,size=2097152]} | ret=SUCCESS |  
2019-08-23 02:48:26,807 [grpc-default-executor-6] INFO  client.GrpcClientProtocolClient (GrpcClientProtocolClient.java:onNext(255)) - client-B268B4322F32->17750241-545b-4219-93a1-14a6ea3d85be: receive RaftClientReply:client-B268B4322F32->17750241-545b-4219-93a1-14a6ea3d85be@group-C33FBD9556F2, cid=2316, SUCCESS, logIndex=3448, commits[17750241-545b-4219-93a1-14a6ea3d85be:c3448, 4eaaa090-573e-41d3-9f8c-c99e236d806a:c3446, 5f4cf9ee-4bed-49de-adaa-861aec894328:c3446]
2019-08-23 02:48:26,808 [grpc-default-executor-6] INFO  client.GrpcClientProtocolClient (GrpcClientProtocolClient.java:onNext(255)) - client-B268B4322F32->17750241-545b-4219-93a1-14a6ea3d85be: receive RaftClientReply:client-B268B4322F32->17750241-545b-4219-93a1-14a6ea3d85be@group-C33FBD9556F2, cid=2317, SUCCESS, logIndex=3449, commits[17750241-545b-4219-93a1-14a6ea3d85be:c3450, 4eaaa090-573e-41d3-9f8c-c99e236d806a:c3446, 5f4cf9ee-4bed-49de-adaa-861aec894328:c3446]
2019-08-23 02:48:26,808 [grpc-default-executor-6] INFO  client.GrpcClientProtocolClient (GrpcClientProtocolClient.java:onNext(255)) - client-B268B4322F32->17750241-545b-4219-93a1-14a6ea3d85be: receive RaftClientReply:client-B268B4322F32->17750241-545b-4219-93a1-14a6ea3d85be@group-C33FBD9556F2, cid=2318, SUCCESS, logIndex=3450, commits[17750241-545b-4219-93a1-14a6ea3d85be:c3450, 4eaaa090-573e-41d3-9f8c-c99e236d806a:c3446, 5f4cf9ee-4bed-49de-adaa-861aec894328:c3446]
2019-08-23 02:48:26,819 | INFO  | DNAudit | user=null | ip=null | op=WRITE_CHUNK {blockData=conID: 3 locID: 102664012220138047 bcsId: 0} | ret=SUCCESS |  
2019-08-23 02:48:26,820 | INFO  | DNAudit | user=null | ip=null | op=WRITE_CHUNK {blockData=conID: 3 locID: 102664012220138047 bcsId: 0} | ret=SUCCESS |  
2019-08-23 02:48:26,820 | INFO  | DNAudit | user=null | ip=null | op=PUT_BLOCK {blockData=[blockId=conID: 3 locID: 102664012220138047 bcsId: 0,size=1048576]} | ret=SUCCESS |  
2019-08-23 02:48:26,820 | INFO  | DNAudit | user=null | ip=null | op=PUT_BLOCK {blockData=[blockId=conID: 3 locID: 102664012220138047 bcsId: 0,size=1048576]} | ret=SUCCESS |  
2019-08-23 02:48:26,820 | INFO  | DNAudit | user=null | ip=null | op=WRITE_CHUNK {blockData=conID: 3 locID: 102664012220138047 bcsId: 0} | ret=SUCCESS |  
2019-08-23 02:48:26,820 | INFO  | DNAudit | user=null | ip=null | op=WRITE_CHUNK {blockData=conID: 3 locID: 102664012220138047 bcsId: 0} | ret=SUCCESS |  
2019-08-23 02:48:26,821 | INFO  | DNAudit | user=null | ip=null | op=PUT_BLOCK {blockData=[blockId=conID: 3 locID: 102664012220138047 bcsId: 0,size=2097152]} | ret=SUCCESS |  
2019-08-23 02:48:26,821 | INFO  | DNAudit | user=null | ip=null | op=PUT_BLOCK {blockData=[blockId=conID: 3 locID: 102664012220138047 bcsId: 0,size=2097152]} | ret=SUCCESS |  
2019-08-23 02:48:26,821 [grpc-default-executor-6] INFO  client.GrpcClientProtocolClient (GrpcClientProtocolClient.java:onNext(255)) - client-B268B4322F32->17750241-545b-4219-93a1-14a6ea3d85be: receive RaftClientReply:client-B268B4322F32->17750241-545b-4219-93a1-14a6ea3d85be@group-C33FBD9556F2, cid=2319, SUCCESS, logIndex=0, commits[17750241-545b-4219-93a1-14a6ea3d85be:c3452, 4eaaa090-573e-41d3-9f8c-c99e236d806a:c3448, 5f4cf9ee-4bed-49de-adaa-861aec894328:c3448]
2019-08-23 02:48:26,828 | INFO  | DNAudit | user=null | ip=null | op=WRITE_CHUNK {blockData=conID: 3 locID: 102664012220138047 bcsId: 3450} | ret=SUCCESS |  
2019-08-23 02:48:26,831 | INFO  | DNAudit | user=null | ip=null | op=WRITE_CHUNK {blockData=conID: 3 locID: 102664012220138047 bcsId: 3450} | ret=SUCCESS |  
2019-08-23 02:48:26,831 | INFO  | DNAudit | user=null | ip=null | op=WRITE_CHUNK {blockData=conID: 3 locID: 102664012220138047 bcsId: 3450} | ret=SUCCESS |  
2019-08-23 02:48:26,848 | INFO  | DNAudit | user=null | ip=null | op=WRITE_CHUNK {blockData=conID: 3 locID: 102664012220138047 bcsId: 3450} | ret=SUCCESS |  
2019-08-23 02:48:26,849 | INFO  | DNAudit | user=null | ip=null | op=PUT_BLOCK {blockData=[blockId=conID: 3 locID: 102664012220138047 bcsId: 0,size=3145728]} | ret=SUCCESS |  
2019-08-23 02:48:26,849 [grpc-default-executor-1] INFO  client.GrpcClientProtocolClient (GrpcClientProtocolClient.java:onNext(255)) - client-B268B4322F32->17750241-545b-4219-93a1-14a6ea3d85be: receive RaftClientReply:client-B268B4322F32->17750241-545b-4219-93a1-14a6ea3d85be@group-C33FBD9556F2, cid=2320, SUCCESS, logIndex=3455, commits[17750241-545b-4219-93a1-14a6ea3d85be:c3456, 4eaaa090-573e-41d3-9f8c-c99e236d806a:c3454, 5f4cf9ee-4bed-49de-adaa-861aec894328:c3450]
2019-08-23 02:48:26,849 | INFO  | DNAudit | user=null | ip=null | op=WRITE_CHUNK {blockData=conID: 3 locID: 102664012220138047 bcsId: 3450} | ret=SUCCESS |  
2019-08-23 02:48:26,849 [grpc-default-executor-1] INFO  client.GrpcClientProtocolClient (GrpcClientProtocolClient.java:onNext(255)) - client-B268B4322F32->17750241-545b-4219-93a1-14a6ea3d85be: receive RaftClientReply:client-B268B4322F32->17750241-545b-4219-93a1-14a6ea3d85be@group-C33FBD9556F2, cid=2321, SUCCESS, logIndex=3456, commits[17750241-545b-4219-93a1-14a6ea3d85be:c3456, 4eaaa090-573e-41d3-9f8c-c99e236d806a:c3454, 5f4cf9ee-4bed-49de-adaa-861aec894328:c3454]
2019-08-23 02:48:26,850 | INFO  | DNAudit | user=null | ip=null | op=WRITE_CHUNK {blockData=conID: 3 locID: 102664012220138047 bcsId: 3450} | ret=SUCCESS |  
2019-08-23 02:48:26,850 | INFO  | DNAudit | user=null | ip=null | op=PUT_BLOCK {blockData=[blockId=conID: 3 locID: 102664012220138047 bcsId: 0,size=3145728]} | ret=SUCCESS |  
2019-08-23 02:48:26,850 | INFO  | DNAudit | user=null | ip=null | op=PUT_BLOCK {blockData=[blockId=conID: 3 locID: 102664012220138047 bcsId: 0,size=3145728]} | ret=SUCCESS |  
2019-08-23 02:48:26,857 | INFO  | DNAudit | user=null | ip=null | op=WRITE_CHUNK {blockData=conID: 3 locID: 102664012220138047 bcsId: 3456} | ret=SUCCESS |  
2019-08-23 02:48:26,859 | INFO  | DNAudit | user=null | ip=null | op=WRITE_CHUNK {blockData=conID: 3 locID: 102664012220138047 bcsId: 3456} | ret=SUCCESS |  
2019-08-23 02:48:26,859 | INFO  | DNAudit | user=null | ip=null | op=WRITE_CHUNK {blockData=conID: 3 locID: 102664012220138047 bcsId: 3456} | ret=SUCCESS |  
2019-08-23 02:48:26,870 | INFO  | DNAudit | user=null | ip=null | op=WRITE_CHUNK {blockData=conID: 3 locID: 102664012220138047 bcsId: 3456} | ret=SUCCESS |  
2019-08-23 02:48:26,870 | INFO  | DNAudit | user=null | ip=null | op=PUT_BLOCK {blockData=[blockId=conID: 3 locID: 102664012220138047 bcsId: 0,size=4194304]} | ret=SUCCESS |  
2019-08-23 02:48:26,870 [grpc-default-executor-1] INFO  client.GrpcClientProtocolClient (GrpcClientProtocolClient.java:onNext(255)) - client-B268B4322F32->17750241-545b-4219-93a1-14a6ea3d85be: receive RaftClientReply:client-B268B4322F32->17750241-545b-4219-93a1-14a6ea3d85be@group-C33FBD9556F2, cid=2322, SUCCESS, logIndex=3458, commits[17750241-545b-4219-93a1-14a6ea3d85be:c3459, 4eaaa090-573e-41d3-9f8c-c99e236d806a:c3457, 5f4cf9ee-4bed-49de-adaa-861aec894328:c3457]
2019-08-23 02:48:26,871 [grpc-default-executor-1] INFO  client.GrpcClientProtocolClient (GrpcClientProtocolClient.java:onNext(255)) - client-B268B4322F32->17750241-545b-4219-93a1-14a6ea3d85be: receive RaftClientReply:client-B268B4322F32->17750241-545b-4219-93a1-14a6ea3d85be@group-C33FBD9556F2, cid=2323, SUCCESS, logIndex=3459, commits[17750241-545b-4219-93a1-14a6ea3d85be:c3459, 4eaaa090-573e-41d3-9f8c-c99e236d806a:c3457, 5f4cf9ee-4bed-49de-adaa-861aec894328:c3457]
2019-08-23 02:48:26,881 | INFO  | DNAudit | user=null | ip=null | op=WRITE_CHUNK {blockData=conID: 3 locID: 102664012220138047 bcsId: 3456} | ret=SUCCESS |  
2019-08-23 02:48:26,881 | INFO  | DNAudit | user=null | ip=null | op=WRITE_CHUNK {blockData=conID: 3 locID: 102664012220138047 bcsId: 3456} | ret=SUCCESS |  
2019-08-23 02:48:26,884 | INFO  | DNAudit | user=null | ip=null | op=PUT_BLOCK {blockData=[blockId=conID: 3 locID: 102664012220138047 bcsId: 0,size=4194304]} | ret=SUCCESS |  
2019-08-23 02:48:26,884 | INFO  | DNAudit | user=null | ip=null | op=PUT_BLOCK {blockData=[blockId=conID: 3 locID: 102664012220138047 bcsId: 0,size=4194304]} | ret=SUCCESS |  
2019-08-23 02:48:26,885 [grpc-default-executor-1] INFO  client.GrpcClientProtocolClient (GrpcClientProtocolClient.java:onNext(255)) - client-B268B4322F32->17750241-545b-4219-93a1-14a6ea3d85be: receive RaftClientReply:client-B268B4322F32->17750241-545b-4219-93a1-14a6ea3d85be@group-C33FBD9556F2, cid=2324, SUCCESS, logIndex=0, commits[17750241-545b-4219-93a1-14a6ea3d85be:c3461, 4eaaa090-573e-41d3-9f8c-c99e236d806a:c3459, 5f4cf9ee-4bed-49de-adaa-861aec894328:c3459]
2019-08-23 02:48:26,887 | INFO  | SCMAudit | user=jenkins1000 | ip=192.168.34.22 | op=ALLOCATE_BLOCK {owner=31d65bc3-3f70-45f5-bbc5-e3a15f967ba6, size=4194304, type=RATIS, factor=THREE} | ret=SUCCESS |  
2019-08-23 02:48:26,890 | INFO  | OMAudit | user=jenkins1000 | ip=127.0.0.1 | op=ALLOCATE_BLOCK {volume=vol-0-78052, bucket=bucket-0-33874, key=key-0-20719, dataSize=2147483657, replicationType=RATIS, replicationFactor=THREE, keyLocationInfo=[], clientID=102664010308846034} | ret=SUCCESS |  
2019-08-23 02:48:26,901 | INFO  | DNAudit | user=null | ip=null | op=WRITE_CHUNK {blockData=conID: 1 locID: 102664012227347008 bcsId: 0} | ret=SUCCESS |  
2019-08-23 02:48:26,904 | INFO  | DNAudit | user=null | ip=null | op=WRITE_CHUNK {blockData=conID: 1 locID: 102664012227347008 bcsId: 0} | ret=SUCCESS |  
2019-08-23 02:48:26,904 | INFO  | DNAudit | user=null | ip=null | op=WRITE_CHUNK {blockData=conID: 1 locID: 102664012227347008 bcsId: 0} | ret=SUCCESS |  
2019-08-23 02:48:26,904 | INFO  | DNAudit | user=null | ip=null | op=WRITE_CHUNK {blockData=conID: 1 locID: 102664012227347008 bcsId: 0} | ret=SUCCESS |  
2019-08-23 02:48:26,907 | INFO  | DNAudit | user=null | ip=null | op=WRITE_CHUNK {blockData=conID: 1 locID: 102664012227347008 bcsId: 0} | ret=SUCCESS |  
2019-08-23 02:48:26,907 | INFO  | DNAudit | user=null | ip=null | op=WRITE_CHUNK {blockData=conID: 1 locID: 102664012227347008 bcsId: 0} | ret=SUCCESS |  
2019-08-23 02:48:26,914 | INFO  | DNAudit | user=null | ip=null | op=WRITE_CHUNK {blockData=conID: 1 locID: 102664012227347008 bcsId: 0} | ret=SUCCESS |  
2019-08-23 02:48:26,915 | INFO  | DNAudit | user=null | ip=null | op=PUT_BLOCK {blockData=[blockId=conID: 1 locID: 102664012227347008 bcsId: 0,size=1048576]} | ret=SUCCESS |  
2019-08-23 02:48:26,915 [grpc-default-executor-1] INFO  client.GrpcClientProtocolClient (GrpcClientProtocolClient.java:onNext(255)) - client-B268B4322F32->17750241-545b-4219-93a1-14a6ea3d85be: receive RaftClientReply:client-B268B4322F32->17750241-545b-4219-93a1-14a6ea3d85be@group-C33FBD9556F2, cid=2325, SUCCESS, logIndex=3462, commits[17750241-545b-4219-93a1-14a6ea3d85be:c3463, 4eaaa090-573e-41d3-9f8c-c99e236d806a:c3461, 5f4cf9ee-4bed-49de-adaa-861aec894328:c3461]
2019-08-23 02:48:26,915 | INFO  | DNAudit | user=null | ip=null | op=WRITE_CHUNK {blockData=conID: 1 locID: 102664012227347008 bcsId: 0} | ret=SUCCESS |  
2019-08-23 02:48:26,915 [grpc-default-executor-1] INFO  client.GrpcClientProtocolClient (GrpcClientProtocolClient.java:onNext(255)) - client-B268B4322F32->17750241-545b-4219-93a1-14a6ea3d85be: receive RaftClientReply:client-B268B4322F32->17750241-545b-4219-93a1-14a6ea3d85be@group-C33FBD9556F2, cid=2326, SUCCESS, logIndex=3463, commits[17750241-545b-4219-93a1-14a6ea3d85be:c3463, 4eaaa090-573e-41d3-9f8c-c99e236d806a:c3461, 5f4cf9ee-4bed-49de-adaa-861aec894328:c3461]
2019-08-23 02:48:26,916 | INFO  | DNAudit | user=null | ip=null | op=PUT_BLOCK {blockData=[blockId=conID: 1 locID: 102664012227347008 bcsId: 0,size=2097152]} | ret=SUCCESS |  
2019-08-23 02:48:26,916 [grpc-default-executor-1] INFO  client.GrpcClientProtocolClient (GrpcClientProtocolClient.java:onNext(255)) - client-B268B4322F32->17750241-545b-4219-93a1-14a6ea3d85be: receive RaftClientReply:client-B268B4322F32->17750241-545b-4219-93a1-14a6ea3d85be@group-C33FBD9556F2, cid=2327, SUCCESS, logIndex=3464, commits[17750241-545b-4219-93a1-14a6ea3d85be:c3465, 4eaaa090-573e-41d3-9f8c-c99e236d806a:c3461, 5f4cf9ee-4bed-49de-adaa-861aec894328:c3461]
2019-08-23 02:48:26,916 | INFO  | DNAudit | user=null | ip=null | op=WRITE_CHUNK {blockData=conID: 1 locID: 102664012227347008 bcsId: 0} | ret=SUCCESS |  
2019-08-23 02:48:26,916 [grpc-default-executor-5] INFO  client.GrpcClientProtocolClient (GrpcClientProtocolClient.java:onNext(255)) - client-B268B4322F32->17750241-545b-4219-93a1-14a6ea3d85be: receive RaftClientReply:client-B268B4322F32->17750241-545b-4219-93a1-14a6ea3d85be@group-C33FBD9556F2, cid=2328, SUCCESS, logIndex=3465, commits[17750241-545b-4219-93a1-14a6ea3d85be:c3465, 4eaaa090-573e-41d3-9f8c-c99e236d806a:c3461, 5f4cf9ee-4bed-49de-adaa-861aec894328:c3461]
2019-08-23 02:48:26,916 | INFO  | DNAudit | user=null | ip=null | op=PUT_BLOCK {blockData=[blockId=conID: 1 locID: 102664012227347008 bcsId: 0,size=1048576]} | ret=SUCCESS |  
2019-08-23 02:48:26,918 | INFO  | DNAudit | user=null | ip=null | op=WRITE_CHUNK {blockData=conID: 1 locID: 102664012227347008 bcsId: 0} | ret=SUCCESS |  
2019-08-23 02:48:26,918 | INFO  | DNAudit | user=null | ip=null | op=PUT_BLOCK {blockData=[blockId=conID: 1 locID: 102664012227347008 bcsId: 0,size=1048576]} | ret=SUCCESS |  
2019-08-23 02:48:26,919 [grpc-default-executor-5] INFO  client.GrpcClientProtocolClient (GrpcClientProtocolClient.java:onNext(255)) - client-B268B4322F32->17750241-545b-4219-93a1-14a6ea3d85be: receive RaftClientReply:client-B268B4322F32->17750241-545b-4219-93a1-14a6ea3d85be@group-C33FBD9556F2, cid=2329, SUCCESS, logIndex=0, commits[17750241-545b-4219-93a1-14a6ea3d85be:c3467, 4eaaa090-573e-41d3-9f8c-c99e236d806a:c3463, 5f4cf9ee-4bed-49de-adaa-861aec894328:c3463]
2019-08-23 02:48:26,929 | INFO  | DNAudit | user=null | ip=null | op=WRITE_CHUNK {blockData=conID: 1 locID: 102664012227347008 bcsId: 0} | ret=SUCCESS |  
2019-08-23 02:48:26,929 | INFO  | DNAudit | user=null | ip=null | op=PUT_BLOCK {blockData=[blockId=conID: 1 locID: 102664012227347008 bcsId: 0,size=2097152]} | ret=SUCCESS |  
2019-08-23 02:48:26,930 | INFO  | DNAudit | user=null | ip=null | op=WRITE_CHUNK {blockData=conID: 1 locID: 102664012227347008 bcsId: 3465} | ret=SUCCESS |  
2019-08-23 02:48:26,930 | INFO  | DNAudit | user=null | ip=null | op=WRITE_CHUNK {blockData=conID: 1 locID: 102664012227347008 bcsId: 0} | ret=SUCCESS |  
2019-08-23 02:48:26,931 | INFO  | DNAudit | user=null | ip=null | op=PUT_BLOCK {blockData=[blockId=conID: 1 locID: 102664012227347008 bcsId: 0,size=2097152]} | ret=SUCCESS |  
2019-08-23 02:48:26,932 | INFO  | DNAudit | user=null | ip=null | op=WRITE_CHUNK {blockData=conID: 1 locID: 102664012227347008 bcsId: 3465} | ret=SUCCESS |  
2019-08-23 02:48:26,932 | INFO  | DNAudit | user=null | ip=null | op=WRITE_CHUNK {blockData=conID: 1 locID: 102664012227347008 bcsId: 3465} | ret=SUCCESS |  
2019-08-23 02:48:26,942 | INFO  | DNAudit | user=null | ip=null | op=WRITE_CHUNK {blockData=conID: 1 locID: 102664012227347008 bcsId: 3465} | ret=SUCCESS |  
2019-08-23 02:48:26,942 | INFO  | DNAudit | user=null | ip=null | op=PUT_BLOCK {blockData=[blockId=conID: 1 locID: 102664012227347008 bcsId: 0,size=3145728]} | ret=SUCCESS |  
2019-08-23 02:48:26,943 [grpc-default-executor-6] INFO  client.GrpcClientProtocolClient (GrpcClientProtocolClient.java:onNext(255)) - client-B268B4322F32->17750241-545b-4219-93a1-14a6ea3d85be: receive RaftClientReply:client-B268B4322F32->17750241-545b-4219-93a1-14a6ea3d85be@group-C33FBD9556F2, cid=2330, SUCCESS, logIndex=3470, commits[17750241-545b-4219-93a1-14a6ea3d85be:c3471, 4eaaa090-573e-41d3-9f8c-c99e236d806a:c3467, 5f4cf9ee-4bed-49de-adaa-861aec894328:c3467]
2019-08-23 02:48:26,943 [grpc-default-executor-6] INFO  client.GrpcClientProtocolClient (GrpcClientProtocolClient.java:onNext(255)) - client-B268B4322F32->17750241-545b-4219-93a1-14a6ea3d85be: receive RaftClientReply:client-B268B4322F32->17750241-545b-4219-93a1-14a6ea3d85be@group-C33FBD9556F2, cid=2331, SUCCESS, logIndex=3471, commits[17750241-545b-4219-93a1-14a6ea3d85be:c3471, 4eaaa090-573e-41d3-9f8c-c99e236d806a:c3467, 5f4cf9ee-4bed-49de-adaa-861aec894328:c3467]
2019-08-23 02:48:26,949 | INFO  | DNAudit | user=null | ip=null | op=WRITE_CHUNK {blockData=conID: 1 locID: 102664012227347008 bcsId: 3471} | ret=SUCCESS |  
2019-08-23 02:48:26,951 | INFO  | DNAudit | user=null | ip=null | op=WRITE_CHUNK {blockData=conID: 1 locID: 102664012227347008 bcsId: 3471} | ret=SUCCESS |  
2019-08-23 02:48:26,952 | INFO  | DNAudit | user=null | ip=null | op=WRITE_CHUNK {blockData=conID: 1 locID: 102664012227347008 bcsId: 3471} | ret=SUCCESS |  
2019-08-23 02:48:26,955 | INFO  | DNAudit | user=null | ip=null | op=WRITE_CHUNK {blockData=conID: 1 locID: 102664012227347008 bcsId: 3465} | ret=SUCCESS |  
2019-08-23 02:48:26,955 | INFO  | DNAudit | user=null | ip=null | op=WRITE_CHUNK {blockData=conID: 1 locID: 102664012227347008 bcsId: 3465} | ret=SUCCESS |  
2019-08-23 02:48:26,966 | INFO  | DNAudit | user=null | ip=null | op=PUT_BLOCK {blockData=[blockId=conID: 1 locID: 102664012227347008 bcsId: 0,size=3145728]} | ret=SUCCESS |  
2019-08-23 02:48:26,966 | INFO  | DNAudit | user=null | ip=null | op=PUT_BLOCK {blockData=[blockId=conID: 1 locID: 102664012227347008 bcsId: 0,size=3145728]} | ret=SUCCESS |  
2019-08-23 02:48:26,967 | INFO  | DNAudit | user=null | ip=null | op=WRITE_CHUNK {blockData=conID: 1 locID: 102664012227347008 bcsId: 3471} | ret=SUCCESS |  
2019-08-23 02:48:26,967 | INFO  | DNAudit | user=null | ip=null | op=PUT_BLOCK {blockData=[blockId=conID: 1 locID: 102664012227347008 bcsId: 0,size=4194304]} | ret=SUCCESS |  
2019-08-23 02:48:26,968 [grpc-default-executor-6] INFO  client.GrpcClientProtocolClient (GrpcClientProtocolClient.java:onNext(255)) - client-B268B4322F32->17750241-545b-4219-93a1-14a6ea3d85be: receive RaftClientReply:client-B268B4322F32->17750241-545b-4219-93a1-14a6ea3d85be@group-C33FBD9556F2, cid=2332, SUCCESS, logIndex=3474, commits[17750241-545b-4219-93a1-14a6ea3d85be:c3475, 4eaaa090-573e-41d3-9f8c-c99e236d806a:c3471, 5f4cf9ee-4bed-49de-adaa-861aec894328:c3471]
2019-08-23 02:48:26,968 [grpc-default-executor-6] INFO  client.GrpcClientProtocolClient (GrpcClientProtocolClient.java:onNext(255)) - client-B268B4322F32->17750241-545b-4219-93a1-14a6ea3d85be: receive RaftClientReply:client-B268B4322F32->17750241-545b-4219-93a1-14a6ea3d85be@group-C33FBD9556F2, cid=2333, SUCCESS, logIndex=3475, commits[17750241-545b-4219-93a1-14a6ea3d85be:c3475, 4eaaa090-573e-41d3-9f8c-c99e236d806a:c3471, 5f4cf9ee-4bed-49de-adaa-861aec894328:c3471]
2019-08-23 02:48:26,979 | INFO  | DNAudit | user=null | ip=null | op=WRITE_CHUNK {blockData=conID: 1 locID: 102664012227347008 bcsId: 3471} | ret=SUCCESS |  
2019-08-23 02:48:26,979 | INFO  | DNAudit | user=null | ip=null | op=WRITE_CHUNK {blockData=conID: 1 locID: 102664012227347008 bcsId: 3471} | ret=SUCCESS |  
2019-08-23 02:48:26,979 | INFO  | DNAudit | user=null | ip=null | op=PUT_BLOCK {blockData=[blockId=conID: 1 locID: 102664012227347008 bcsId: 0,size=4194304]} | ret=SUCCESS |  
2019-08-23 02:48:26,979 | INFO  | DNAudit | user=null | ip=null | op=PUT_BLOCK {blockData=[blockId=conID: 1 locID: 102664012227347008 bcsId: 0,size=4194304]} | ret=SUCCESS |  
2019-08-23 02:48:26,979 [grpc-default-executor-6] INFO  client.GrpcClientProtocolClient (GrpcClientProtocolClient.java:onNext(255)) - client-B268B4322F32->17750241-545b-4219-93a1-14a6ea3d85be: receive RaftClientReply:client-B268B4322F32->17750241-545b-4219-93a1-14a6ea3d85be@group-C33FBD9556F2, cid=2334, SUCCESS, logIndex=0, commits[17750241-545b-4219-93a1-14a6ea3d85be:c3476, 4eaaa090-573e-41d3-9f8c-c99e236d806a:c3475, 5f4cf9ee-4bed-49de-adaa-861aec894328:c3475]
2019-08-23 02:48:26,981 | INFO  | SCMAudit | user=jenkins1000 | ip=192.168.34.22 | op=ALLOCATE_BLOCK {owner=31d65bc3-3f70-45f5-bbc5-e3a15f967ba6, size=4194304, type=RATIS, factor=THREE} | ret=SUCCESS |  
2019-08-23 02:48:26,986 | INFO  | OMAudit | user=jenkins1000 | ip=127.0.0.1 | op=ALLOCATE_BLOCK {volume=vol-0-78052, bucket=bucket-0-33874, key=key-0-20719, dataSize=2147483657, replicationType=RATIS, replicationFactor=THREE, keyLocationInfo=[], clientID=102664010308846034} | ret=SUCCESS |  
2019-08-23 02:48:26,997 | INFO  | DNAudit | user=null | ip=null | op=WRITE_CHUNK {blockData=conID: 2 locID: 102664012233507393 bcsId: 0} | ret=SUCCESS |  
2019-08-23 02:48:27,000 | INFO  | DNAudit | user=null | ip=null | op=WRITE_CHUNK {blockData=conID: 2 locID: 102664012233507393 bcsId: 0} | ret=SUCCESS |  
2019-08-23 02:48:27,001 | INFO  | DNAudit | user=null | ip=null | op=WRITE_CHUNK {blockData=conID: 2 locID: 102664012233507393 bcsId: 0} | ret=SUCCESS |  
2019-08-23 02:48:27,001 | INFO  | DNAudit | user=null | ip=null | op=WRITE_CHUNK {blockData=conID: 2 locID: 102664012233507393 bcsId: 0} | ret=SUCCESS |  
2019-08-23 02:48:27,003 | INFO  | DNAudit | user=null | ip=null | op=WRITE_CHUNK {blockData=conID: 2 locID: 102664012233507393 bcsId: 0} | ret=SUCCESS |  
2019-08-23 02:48:27,003 | INFO  | DNAudit | user=null | ip=null | op=WRITE_CHUNK {blockData=conID: 2 locID: 102664012233507393 bcsId: 0} | ret=SUCCESS |  
2019-08-23 02:48:27,011 | INFO  | DNAudit | user=null | ip=null | op=WRITE_CHUNK {blockData=conID: 2 locID: 102664012233507393 bcsId: 0} | ret=SUCCESS |  
2019-08-23 02:48:27,012 | INFO  | DNAudit | user=null | ip=null | op=PUT_BLOCK {blockData=[blockId=conID: 2 locID: 102664012233507393 bcsId: 0,size=1048576]} | ret=SUCCESS |  
2019-08-23 02:48:27,012 [grpc-default-executor-5] INFO  client.GrpcClientProtocolClient (GrpcClientProtocolClient.java:onNext(255)) - client-B268B4322F32->17750241-545b-4219-93a1-14a6ea3d85be: receive RaftClientReply:client-B268B4322F32->17750241-545b-4219-93a1-14a6ea3d85be@group-C33FBD9556F2, cid=2335, SUCCESS, logIndex=3478, commits[17750241-545b-4219-93a1-14a6ea3d85be:c3479, 4eaaa090-573e-41d3-9f8c-c99e236d806a:c3477, 5f4cf9ee-4bed-49de-adaa-861aec894328:c3477]
2019-08-23 02:48:27,013 [grpc-default-executor-5] INFO  client.GrpcClientProtocolClient (GrpcClientProtocolClient.java:onNext(255)) - client-B268B4322F32->17750241-545b-4219-93a1-14a6ea3d85be: receive RaftClientReply:client-B268B4322F32->17750241-545b-4219-93a1-14a6ea3d85be@group-C33FBD9556F2, cid=2336, SUCCESS, logIndex=3479, commits[17750241-545b-4219-93a1-14a6ea3d85be:c3479, 4eaaa090-573e-41d3-9f8c-c99e236d806a:c3477, 5f4cf9ee-4bed-49de-adaa-861aec894328:c3477]
2019-08-23 02:48:27,022 | INFO  | DNAudit | user=null | ip=null | op=WRITE_CHUNK {blockData=conID: 2 locID: 102664012233507393 bcsId: 0} | ret=SUCCESS |  
2019-08-23 02:48:27,022 | INFO  | DNAudit | user=null | ip=null | op=PUT_BLOCK {blockData=[blockId=conID: 2 locID: 102664012233507393 bcsId: 0,size=2097152]} | ret=SUCCESS |  
2019-08-23 02:48:27,022 [grpc-default-executor-1] INFO  client.GrpcClientProtocolClient (GrpcClientProtocolClient.java:onNext(255)) - client-B268B4322F32->17750241-545b-4219-93a1-14a6ea3d85be: receive RaftClientReply:client-B268B4322F32->17750241-545b-4219-93a1-14a6ea3d85be@group-C33FBD9556F2, cid=2337, SUCCESS, logIndex=3480, commits[17750241-545b-4219-93a1-14a6ea3d85be:c3481, 4eaaa090-573e-41d3-9f8c-c99e236d806a:c3477, 5f4cf9ee-4bed-49de-adaa-861aec894328:c3477]
2019-08-23 02:48:27,023 | INFO  | DNAudit | user=null | ip=null | op=WRITE_CHUNK {blockData=conID: 2 locID: 102664012233507393 bcsId: 0} | ret=SUCCESS |  
2019-08-23 02:48:27,023 [grpc-default-executor-1] INFO  client.GrpcClientProtocolClient (GrpcClientProtocolClient.java:onNext(255)) - client-B268B4322F32->17750241-545b-4219-93a1-14a6ea3d85be: receive RaftClientReply:client-B268B4322F32->17750241-545b-4219-93a1-14a6ea3d85be@group-C33FBD9556F2, cid=2338, SUCCESS, logIndex=3481, commits[17750241-545b-4219-93a1-14a6ea3d85be:c3481, 4eaaa090-573e-41d3-9f8c-c99e236d806a:c3477, 5f4cf9ee-4bed-49de-adaa-861aec894328:c3477]
2019-08-23 02:48:27,023 | INFO  | DNAudit | user=null | ip=null | op=PUT_BLOCK {blockData=[blockId=conID: 2 locID: 102664012233507393 bcsId: 0,size=1048576]} | ret=SUCCESS |  
2019-08-23 02:48:27,024 | INFO  | DNAudit | user=null | ip=null | op=WRITE_CHUNK {blockData=conID: 2 locID: 102664012233507393 bcsId: 0} | ret=SUCCESS |  
2019-08-23 02:48:27,024 | INFO  | DNAudit | user=null | ip=null | op=PUT_BLOCK {blockData=[blockId=conID: 2 locID: 102664012233507393 bcsId: 0,size=2097152]} | ret=SUCCESS |  
2019-08-23 02:48:27,024 | INFO  | DNAudit | user=null | ip=null | op=WRITE_CHUNK {blockData=conID: 2 locID: 102664012233507393 bcsId: 0} | ret=SUCCESS |  
2019-08-23 02:48:27,025 | INFO  | DNAudit | user=null | ip=null | op=PUT_BLOCK {blockData=[blockId=conID: 2 locID: 102664012233507393 bcsId: 0,size=1048576]} | ret=SUCCESS |  
2019-08-23 02:48:27,025 [grpc-default-executor-5] INFO  client.GrpcClientProtocolClient (GrpcClientProtocolClient.java:onNext(255)) - client-B268B4322F32->17750241-545b-4219-93a1-14a6ea3d85be: receive RaftClientReply:client-B268B4322F32->17750241-545b-4219-93a1-14a6ea3d85be@group-C33FBD9556F2, cid=2339, SUCCESS, logIndex=0, commits[17750241-545b-4219-93a1-14a6ea3d85be:c3484, 4eaaa090-573e-41d3-9f8c-c99e236d806a:c3479, 5f4cf9ee-4bed-49de-adaa-861aec894328:c3481]
2019-08-23 02:48:27,025 | INFO  | DNAudit | user=null | ip=null | op=WRITE_CHUNK {blockData=conID: 2 locID: 102664012233507393 bcsId: 0} | ret=SUCCESS |  
2019-08-23 02:48:27,025 | INFO  | DNAudit | user=null | ip=null | op=PUT_BLOCK {blockData=[blockId=conID: 2 locID: 102664012233507393 bcsId: 0,size=2097152]} | ret=SUCCESS |  
2019-08-23 02:48:27,031 | INFO  | DNAudit | user=null | ip=null | op=WRITE_CHUNK {blockData=conID: 2 locID: 102664012233507393 bcsId: 3481} | ret=SUCCESS |  
2019-08-23 02:48:27,034 | INFO  | DNAudit | user=null | ip=null | op=WRITE_CHUNK {blockData=conID: 2 locID: 102664012233507393 bcsId: 3481} | ret=SUCCESS |  
2019-08-23 02:48:27,034 | INFO  | DNAudit | user=null | ip=null | op=WRITE_CHUNK {blockData=conID: 2 locID: 102664012233507393 bcsId: 3481} | ret=SUCCESS |  
2019-08-23 02:48:27,044 | INFO  | DNAudit | user=null | ip=null | op=WRITE_CHUNK {blockData=conID: 2 locID: 102664012233507393 bcsId: 3481} | ret=SUCCESS |  
2019-08-23 02:48:27,045 | INFO  | DNAudit | user=null | ip=null | op=PUT_BLOCK {blockData=[blockId=conID: 2 locID: 102664012233507393 bcsId: 0,size=3145728]} | ret=SUCCESS |  
2019-08-23 02:48:27,045 [grpc-default-executor-1] INFO  client.GrpcClientProtocolClient (GrpcClientProtocolClient.java:onNext(255)) - client-B268B4322F32->17750241-545b-4219-93a1-14a6ea3d85be: receive RaftClientReply:client-B268B4322F32->17750241-545b-4219-93a1-14a6ea3d85be@group-C33FBD9556F2, cid=2340, SUCCESS, logIndex=3485, commits[17750241-545b-4219-93a1-14a6ea3d85be:c3486, 4eaaa090-573e-41d3-9f8c-c99e236d806a:c3484, 5f4cf9ee-4bed-49de-adaa-861aec894328:c3484]
2019-08-23 02:48:27,045 [grpc-default-executor-1] INFO  client.GrpcClientProtocolClient (GrpcClientProtocolClient.java:onNext(255)) - client-B268B4322F32->17750241-545b-4219-93a1-14a6ea3d85be: receive RaftClientReply:client-B268B4322F32->17750241-545b-4219-93a1-14a6ea3d85be@group-C33FBD9556F2, cid=2341, SUCCESS, logIndex=3486, commits[17750241-545b-4219-93a1-14a6ea3d85be:c3486, 4eaaa090-573e-41d3-9f8c-c99e236d806a:c3484, 5f4cf9ee-4bed-49de-adaa-861aec894328:c3484]
2019-08-23 02:48:27,052 | INFO  | DNAudit | user=null | ip=null | op=WRITE_CHUNK {blockData=conID: 2 locID: 102664012233507393 bcsId: 3486} | ret=SUCCESS |  
2019-08-23 02:48:27,054 | INFO  | DNAudit | user=null | ip=null | op=WRITE_CHUNK {blockData=conID: 2 locID: 102664012233507393 bcsId: 3486} | ret=SUCCESS |  
2019-08-23 02:48:27,054 | INFO  | DNAudit | user=null | ip=null | op=WRITE_CHUNK {blockData=conID: 2 locID: 102664012233507393 bcsId: 3486} | ret=SUCCESS |  
2019-08-23 02:48:27,055 | INFO  | DNAudit | user=null | ip=null | op=WRITE_CHUNK {blockData=conID: 2 locID: 102664012233507393 bcsId: 3481} | ret=SUCCESS |  
2019-08-23 02:48:27,055 | INFO  | DNAudit | user=null | ip=null | op=WRITE_CHUNK {blockData=conID: 2 locID: 102664012233507393 bcsId: 3481} | ret=SUCCESS |  
2019-08-23 02:48:27,055 | INFO  | DNAudit | user=null | ip=null | op=PUT_BLOCK {blockData=[blockId=conID: 2 locID: 102664012233507393 bcsId: 0,size=3145728]} | ret=SUCCESS |  
2019-08-23 02:48:27,055 | INFO  | DNAudit | user=null | ip=null | op=PUT_BLOCK {blockData=[blockId=conID: 2 locID: 102664012233507393 bcsId: 0,size=3145728]} | ret=SUCCESS |  
2019-08-23 02:48:27,058 | INFO  | DNAudit | user=null | ip=null | op=WRITE_CHUNK {blockData=conID: 2 locID: 102664012233507393 bcsId: 3486} | ret=SUCCESS |  
2019-08-23 02:48:27,059 | INFO  | DNAudit | user=null | ip=null | op=PUT_BLOCK {blockData=[blockId=conID: 2 locID: 102664012233507393 bcsId: 0,size=4194304]} | ret=SUCCESS |  
2019-08-23 02:48:27,059 [grpc-default-executor-5] INFO  client.GrpcClientProtocolClient (GrpcClientProtocolClient.java:onNext(255)) - client-B268B4322F32->17750241-545b-4219-93a1-14a6ea3d85be: receive RaftClientReply:client-B268B4322F32->17750241-545b-4219-93a1-14a6ea3d85be@group-C33FBD9556F2, cid=2342, SUCCESS, logIndex=3489, commits[17750241-545b-4219-93a1-14a6ea3d85be:c3490, 4eaaa090-573e-41d3-9f8c-c99e236d806a:c3486, 5f4cf9ee-4bed-49de-adaa-861aec894328:c3486]
2019-08-23 02:48:27,059 [grpc-default-executor-5] INFO  client.GrpcClientProtocolClient (GrpcClientProtocolClient.java:onNext(255)) - client-B268B4322F32->17750241-545b-4219-93a1-14a6ea3d85be: receive RaftClientReply:client-B268B4322F32->17750241-545b-4219-93a1-14a6ea3d85be@group-C33FBD9556F2, cid=2343, SUCCESS, logIndex=3490, commits[17750241-545b-4219-93a1-14a6ea3d85be:c3490, 4eaaa090-573e-41d3-9f8c-c99e236d806a:c3486, 5f4cf9ee-4bed-49de-adaa-861aec894328:c3486]
2019-08-23 02:48:27,060 | INFO  | DNAudit | user=null | ip=null | op=WRITE_CHUNK {blockData=conID: 2 locID: 102664012233507393 bcsId: 3486} | ret=SUCCESS |  
2019-08-23 02:48:27,060 | INFO  | DNAudit | user=null | ip=null | op=WRITE_CHUNK {blockData=conID: 2 locID: 102664012233507393 bcsId: 3486} | ret=SUCCESS |  
2019-08-23 02:48:27,060 | INFO  | DNAudit | user=null | ip=null | op=PUT_BLOCK {blockData=[blockId=conID: 2 locID: 102664012233507393 bcsId: 0,size=4194304]} | ret=SUCCESS |  
2019-08-23 02:48:27,060 | INFO  | DNAudit | user=null | ip=null | op=PUT_BLOCK {blockData=[blockId=conID: 2 locID: 102664012233507393 bcsId: 0,size=4194304]} | ret=SUCCESS |  
2019-08-23 02:48:27,060 [grpc-default-executor-5] INFO  client.GrpcClientProtocolClient (GrpcClientProtocolClient.java:onNext(255)) - client-B268B4322F32->17750241-545b-4219-93a1-14a6ea3d85be: receive RaftClientReply:client-B268B4322F32->17750241-545b-4219-93a1-14a6ea3d85be@group-C33FBD9556F2, cid=2344, SUCCESS, logIndex=0, commits[17750241-545b-4219-93a1-14a6ea3d85be:c3491, 4eaaa090-573e-41d3-9f8c-c99e236d806a:c3490, 5f4cf9ee-4bed-49de-adaa-861aec894328:c3490]
2019-08-23 02:48:27,062 | INFO  | SCMAudit | user=jenkins1000 | ip=192.168.34.22 | op=ALLOCATE_BLOCK {owner=31d65bc3-3f70-45f5-bbc5-e3a15f967ba6, size=4194304, type=RATIS, factor=THREE} | ret=SUCCESS |  
2019-08-23 02:48:27,067 | INFO  | OMAudit | user=jenkins1000 | ip=127.0.0.1 | op=ALLOCATE_BLOCK {volume=vol-0-78052, bucket=bucket-0-33874, key=key-0-20719, dataSize=2147483657, replicationType=RATIS, replicationFactor=THREE, keyLocationInfo=[], clientID=102664010308846034} | ret=SUCCESS |  
2019-08-23 02:48:27,077 | INFO  | DNAudit | user=null | ip=null | op=WRITE_CHUNK {blockData=conID: 3 locID: 102664012238815810 bcsId: 0} | ret=SUCCESS |  
2019-08-23 02:48:27,080 | INFO  | DNAudit | user=null | ip=null | op=WRITE_CHUNK {blockData=conID: 3 locID: 102664012238815810 bcsId: 0} | ret=SUCCESS |  
2019-08-23 02:48:27,081 | INFO  | DNAudit | user=null | ip=null | op=WRITE_CHUNK {blockData=conID: 3 locID: 102664012238815810 bcsId: 0} | ret=SUCCESS |  
2019-08-23 02:48:27,082 | INFO  | DNAudit | user=null | ip=null | op=WRITE_CHUNK {blockData=conID: 3 locID: 102664012238815810 bcsId: 0} | ret=SUCCESS |  
2019-08-23 02:48:27,083 | INFO  | DNAudit | user=null | ip=null | op=WRITE_CHUNK {blockData=conID: 3 locID: 102664012238815810 bcsId: 0} | ret=SUCCESS |  
2019-08-23 02:48:27,083 | INFO  | DNAudit | user=null | ip=null | op=WRITE_CHUNK {blockData=conID: 3 locID: 102664012238815810 bcsId: 0} | ret=SUCCESS |  
2019-08-23 02:48:27,087 | INFO  | DNAudit | user=null | ip=null | op=WRITE_CHUNK {blockData=conID: 3 locID: 102664012238815810 bcsId: 0} | ret=SUCCESS |  
2019-08-23 02:48:27,088 | INFO  | DNAudit | user=null | ip=null | op=PUT_BLOCK {blockData=[blockId=conID: 3 locID: 102664012238815810 bcsId: 0,size=1048576]} | ret=SUCCESS |  
2019-08-23 02:48:27,088 [grpc-default-executor-6] INFO  client.GrpcClientProtocolClient (GrpcClientProtocolClient.java:onNext(255)) - client-B268B4322F32->17750241-545b-4219-93a1-14a6ea3d85be: receive RaftClientReply:client-B268B4322F32->17750241-545b-4219-93a1-14a6ea3d85be@group-C33FBD9556F2, cid=2345, SUCCESS, logIndex=3493, commits[17750241-545b-4219-93a1-14a6ea3d85be:c3494, 4eaaa090-573e-41d3-9f8c-c99e236d806a:c3492, 5f4cf9ee-4bed-49de-adaa-861aec894328:c3492]
2019-08-23 02:48:27,089 [grpc-default-executor-6] INFO  client.GrpcClientProtocolClient (GrpcClientProtocolClient.java:onNext(255)) - client-B268B4322F32->17750241-545b-4219-93a1-14a6ea3d85be: receive RaftClientReply:client-B268B4322F32->17750241-545b-4219-93a1-14a6ea3d85be@group-C33FBD9556F2, cid=2346, SUCCESS, logIndex=3494, commits[17750241-545b-4219-93a1-14a6ea3d85be:c3494, 4eaaa090-573e-41d3-9f8c-c99e236d806a:c3492, 5f4cf9ee-4bed-49de-adaa-861aec894328:c3492]
2019-08-23 02:48:27,089 | INFO  | DNAudit | user=null | ip=null | op=WRITE_CHUNK {blockData=conID: 3 locID: 102664012238815810 bcsId: 0} | ret=SUCCESS |  
2019-08-23 02:48:27,089 | INFO  | DNAudit | user=null | ip=null | op=PUT_BLOCK {blockData=[blockId=conID: 3 locID: 102664012238815810 bcsId: 0,size=2097152]} | ret=SUCCESS |  
2019-08-23 02:48:27,090 [grpc-default-executor-1] INFO  client.GrpcClientProtocolClient (GrpcClientProtocolClient.java:onNext(255)) - client-B268B4322F32->17750241-545b-4219-93a1-14a6ea3d85be: receive RaftClientReply:client-B268B4322F32->17750241-545b-4219-93a1-14a6ea3d85be@group-C33FBD9556F2, cid=2347, SUCCESS, logIndex=3495, commits[17750241-545b-4219-93a1-14a6ea3d85be:c3496, 4eaaa090-573e-41d3-9f8c-c99e236d806a:c3492, 5f4cf9ee-4bed-49de-adaa-861aec894328:c3492]
2019-08-23 02:48:27,090 [grpc-default-executor-1] INFO  client.GrpcClientProtocolClient (GrpcClientProtocolClient.java:onNext(255)) - client-B268B4322F32->17750241-545b-4219-93a1-14a6ea3d85be: receive RaftClientReply:client-B268B4322F32->17750241-545b-4219-93a1-14a6ea3d85be@group-C33FBD9556F2, cid=2348, SUCCESS, logIndex=3496, commits[17750241-545b-4219-93a1-14a6ea3d85be:c3496, 4eaaa090-573e-41d3-9f8c-c99e236d806a:c3492, 5f4cf9ee-4bed-49de-adaa-861aec894328:c3492]
2019-08-23 02:48:27,090 | INFO  | DNAudit | user=null | ip=null | op=WRITE_CHUNK {blockData=conID: 3 locID: 102664012238815810 bcsId: 0} | ret=SUCCESS |  
2019-08-23 02:48:27,090 | INFO  | DNAudit | user=null | ip=null | op=PUT_BLOCK {blockData=[blockId=conID: 3 locID: 102664012238815810 bcsId: 0,size=1048576]} | ret=SUCCESS |  
2019-08-23 02:48:27,092 | INFO  | DNAudit | user=null | ip=null | op=WRITE_CHUNK {blockData=conID: 3 locID: 102664012238815810 bcsId: 0} | ret=SUCCESS |  
2019-08-23 02:48:27,092 | INFO  | DNAudit | user=null | ip=null | op=PUT_BLOCK {blockData=[blockId=conID: 3 locID: 102664012238815810 bcsId: 0,size=1048576]} | ret=SUCCESS |  
2019-08-23 02:48:27,093 [grpc-default-executor-1] INFO  client.GrpcClientProtocolClient (GrpcClientProtocolClient.java:onNext(255)) - client-B268B4322F32->17750241-545b-4219-93a1-14a6ea3d85be: receive RaftClientReply:client-B268B4322F32->17750241-545b-4219-93a1-14a6ea3d85be@group-C33FBD9556F2, cid=2349, SUCCESS, logIndex=0, commits[17750241-545b-4219-93a1-14a6ea3d85be:c3498, 4eaaa090-573e-41d3-9f8c-c99e236d806a:c3494, 5f4cf9ee-4bed-49de-adaa-861aec894328:c3494]
2019-08-23 02:48:27,093 | INFO  | DNAudit | user=null | ip=null | op=WRITE_CHUNK {blockData=conID: 3 locID: 102664012238815810 bcsId: 0} | ret=SUCCESS |  
2019-08-23 02:48:27,093 | INFO  | DNAudit | user=null | ip=null | op=PUT_BLOCK {blockData=[blockId=conID: 3 locID: 102664012238815810 bcsId: 0,size=2097152]} | ret=SUCCESS |  
2019-08-23 02:48:27,095 | INFO  | DNAudit | user=null | ip=null | op=WRITE_CHUNK {blockData=conID: 3 locID: 102664012238815810 bcsId: 0} | ret=SUCCESS |  
2019-08-23 02:48:27,096 | INFO  | DNAudit | user=null | ip=null | op=PUT_BLOCK {blockData=[blockId=conID: 3 locID: 102664012238815810 bcsId: 0,size=2097152]} | ret=SUCCESS |  
2019-08-23 02:48:27,100 | INFO  | DNAudit | user=null | ip=null | op=WRITE_CHUNK {blockData=conID: 3 locID: 102664012238815810 bcsId: 3496} | ret=SUCCESS |  
2019-08-23 02:48:27,102 | INFO  | DNAudit | user=null | ip=null | op=WRITE_CHUNK {blockData=conID: 3 locID: 102664012238815810 bcsId: 3496} | ret=SUCCESS |  
2019-08-23 02:48:27,102 | INFO  | DNAudit | user=null | ip=null | op=WRITE_CHUNK {blockData=conID: 3 locID: 102664012238815810 bcsId: 3496} | ret=SUCCESS |  
2019-08-23 02:48:27,115 | INFO  | DNAudit | user=null | ip=null | op=WRITE_CHUNK {blockData=conID: 3 locID: 102664012238815810 bcsId: 3496} | ret=SUCCESS |  
2019-08-23 02:48:27,115 | INFO  | DNAudit | user=null | ip=null | op=PUT_BLOCK {blockData=[blockId=conID: 3 locID: 102664012238815810 bcsId: 0,size=3145728]} | ret=SUCCESS |  
2019-08-23 02:48:27,115 [grpc-default-executor-6] INFO  client.GrpcClientProtocolClient (GrpcClientProtocolClient.java:onNext(255)) - client-B268B4322F32->17750241-545b-4219-93a1-14a6ea3d85be: receive RaftClientReply:client-B268B4322F32->17750241-545b-4219-93a1-14a6ea3d85be@group-C33FBD9556F2, cid=2350, SUCCESS, logIndex=3501, commits[17750241-545b-4219-93a1-14a6ea3d85be:c3502, 4eaaa090-573e-41d3-9f8c-c99e236d806a:c3500, 5f4cf9ee-4bed-49de-adaa-861aec894328:c3500]
2019-08-23 02:48:27,116 [grpc-default-executor-6] INFO  client.GrpcClientProtocolClient (GrpcClientProtocolClient.java:onNext(255)) - client-B268B4322F32->17750241-545b-4219-93a1-14a6ea3d85be: receive RaftClientReply:client-B268B4322F32->17750241-545b-4219-93a1-14a6ea3d85be@group-C33FBD9556F2, cid=2351, SUCCESS, logIndex=3502, commits[17750241-545b-4219-93a1-14a6ea3d85be:c3502, 4eaaa090-573e-41d3-9f8c-c99e236d806a:c3500, 5f4cf9ee-4bed-49de-adaa-861aec894328:c3500]
2019-08-23 02:48:27,116 | INFO  | DNAudit | user=null | ip=null | op=WRITE_CHUNK {blockData=conID: 3 locID: 102664012238815810 bcsId: 3496} | ret=SUCCESS |  
2019-08-23 02:48:27,117 | INFO  | DNAudit | user=null | ip=null | op=WRITE_CHUNK {blockData=conID: 3 locID: 102664012238815810 bcsId: 3496} | ret=SUCCESS |  
2019-08-23 02:48:27,117 | INFO  | DNAudit | user=null | ip=null | op=PUT_BLOCK {blockData=[blockId=conID: 3 locID: 102664012238815810 bcsId: 0,size=3145728]} | ret=SUCCESS |  
2019-08-23 02:48:27,117 | INFO  | DNAudit | user=null | ip=null | op=PUT_BLOCK {blockData=[blockId=conID: 3 locID: 102664012238815810 bcsId: 0,size=3145728]} | ret=SUCCESS |  
2019-08-23 02:48:27,123 | INFO  | DNAudit | user=null | ip=null | op=WRITE_CHUNK {blockData=conID: 3 locID: 102664012238815810 bcsId: 3502} | ret=SUCCESS |  
2019-08-23 02:48:27,125 | INFO  | DNAudit | user=null | ip=null | op=WRITE_CHUNK {blockData=conID: 3 locID: 102664012238815810 bcsId: 3502} | ret=SUCCESS |  
2019-08-23 02:48:27,125 | INFO  | DNAudit | user=null | ip=null | op=WRITE_CHUNK {blockData=conID: 3 locID: 102664012238815810 bcsId: 3502} | ret=SUCCESS |  
2019-08-23 02:48:27,135 | INFO  | DNAudit | user=null | ip=null | op=WRITE_CHUNK {blockData=conID: 3 locID: 102664012238815810 bcsId: 3502} | ret=SUCCESS |  
2019-08-23 02:48:27,136 | INFO  | DNAudit | user=null | ip=null | op=PUT_BLOCK {blockData=[blockId=conID: 3 locID: 102664012238815810 bcsId: 0,size=4194304]} | ret=SUCCESS |  
2019-08-23 02:48:27,136 [grpc-default-executor-1] INFO  client.GrpcClientProtocolClient (GrpcClientProtocolClient.java:onNext(255)) - client-B268B4322F32->17750241-545b-4219-93a1-14a6ea3d85be: receive RaftClientReply:client-B268B4322F32->17750241-545b-4219-93a1-14a6ea3d85be@group-C33FBD9556F2, cid=2352, SUCCESS, logIndex=3504, commits[17750241-545b-4219-93a1-14a6ea3d85be:c3505, 4eaaa090-573e-41d3-9f8c-c99e236d806a:c3503, 5f4cf9ee-4bed-49de-adaa-861aec894328:c3503]
2019-08-23 02:48:27,137 [grpc-default-executor-1] INFO  client.GrpcClientProtocolClient (GrpcClientProtocolClient.java:onNext(255)) - client-B268B4322F32->17750241-545b-4219-93a1-14a6ea3d85be: receive RaftClientReply:client-B268B4322F32->17750241-545b-4219-93a1-14a6ea3d85be@group-C33FBD9556F2, cid=2353, SUCCESS, logIndex=3505, commits[17750241-545b-4219-93a1-14a6ea3d85be:c3505, 4eaaa090-573e-41d3-9f8c-c99e236d806a:c3503, 5f4cf9ee-4bed-49de-adaa-861aec894328:c3503]
2019-08-23 02:48:27,147 | INFO  | DNAudit | user=null | ip=null | op=WRITE_CHUNK {blockData=conID: 3 locID: 102664012238815810 bcsId: 3502} | ret=SUCCESS |  
2019-08-23 02:48:27,147 | INFO  | DNAudit | user=null | ip=null | op=WRITE_CHUNK {blockData=conID: 3 locID: 102664012238815810 bcsId: 3502} | ret=SUCCESS |  
2019-08-23 02:48:27,147 | INFO  | DNAudit | user=null | ip=null | op=PUT_BLOCK {blockData=[blockId=conID: 3 locID: 102664012238815810 bcsId: 0,size=4194304]} | ret=SUCCESS |  
2019-08-23 02:48:27,147 | INFO  | DNAudit | user=null | ip=null | op=PUT_BLOCK {blockData=[blockId=conID: 3 locID: 102664012238815810 bcsId: 0,size=4194304]} | ret=SUCCESS |  
2019-08-23 02:48:27,147 [grpc-default-executor-1] INFO  client.GrpcClientProtocolClient (GrpcClientProtocolClient.java:onNext(255)) - client-B268B4322F32->17750241-545b-4219-93a1-14a6ea3d85be: receive RaftClientReply:client-B268B4322F32->17750241-545b-4219-93a1-14a6ea3d85be@group-C33FBD9556F2, cid=2354, SUCCESS, logIndex=0, commits[17750241-545b-4219-93a1-14a6ea3d85be:c3506, 4eaaa090-573e-41d3-9f8c-c99e236d806a:c3505, 5f4cf9ee-4bed-49de-adaa-861aec894328:c3505]
2019-08-23 02:48:27,149 | INFO  | SCMAudit | user=jenkins1000 | ip=192.168.34.22 | op=ALLOCATE_BLOCK {owner=31d65bc3-3f70-45f5-bbc5-e3a15f967ba6, size=4194304, type=RATIS, factor=THREE} | ret=SUCCESS |  
2019-08-23 02:48:27,152 | INFO  | OMAudit | user=jenkins1000 | ip=127.0.0.1 | op=ALLOCATE_BLOCK {volume=vol-0-78052, bucket=bucket-0-33874, key=key-0-20719, dataSize=2147483657, replicationType=RATIS, replicationFactor=THREE, keyLocationInfo=[], clientID=102664010308846034} | ret=SUCCESS |  
2019-08-23 02:48:27,162 | INFO  | DNAudit | user=null | ip=null | op=WRITE_CHUNK {blockData=conID: 1 locID: 102664012244517443 bcsId: 0} | ret=SUCCESS |  
2019-08-23 02:48:27,165 | INFO  | DNAudit | user=null | ip=null | op=WRITE_CHUNK {blockData=conID: 1 locID: 102664012244517443 bcsId: 0} | ret=SUCCESS |  
2019-08-23 02:48:27,165 | INFO  | DNAudit | user=null | ip=null | op=WRITE_CHUNK {blockData=conID: 1 locID: 102664012244517443 bcsId: 0} | ret=SUCCESS |  
2019-08-23 02:48:27,165 | INFO  | DNAudit | user=null | ip=null | op=WRITE_CHUNK {blockData=conID: 1 locID: 102664012244517443 bcsId: 0} | ret=SUCCESS |  
2019-08-23 02:48:27,167 | INFO  | DNAudit | user=null | ip=null | op=WRITE_CHUNK {blockData=conID: 1 locID: 102664012244517443 bcsId: 0} | ret=SUCCESS |  
2019-08-23 02:48:27,168 | INFO  | DNAudit | user=null | ip=null | op=WRITE_CHUNK {blockData=conID: 1 locID: 102664012244517443 bcsId: 0} | ret=SUCCESS |  
2019-08-23 02:48:27,174 | INFO  | DNAudit | user=null | ip=null | op=WRITE_CHUNK {blockData=conID: 1 locID: 102664012244517443 bcsId: 0} | ret=SUCCESS |  
2019-08-23 02:48:27,175 | INFO  | DNAudit | user=null | ip=null | op=PUT_BLOCK {blockData=[blockId=conID: 1 locID: 102664012244517443 bcsId: 0,size=1048576]} | ret=SUCCESS |  
2019-08-23 02:48:27,175 | INFO  | DNAudit | user=null | ip=null | op=WRITE_CHUNK {blockData=conID: 1 locID: 102664012244517443 bcsId: 0} | ret=SUCCESS |  
2019-08-23 02:48:27,175 [grpc-default-executor-2] INFO  client.GrpcClientProtocolClient (GrpcClientProtocolClient.java:onNext(255)) - client-B268B4322F32->17750241-545b-4219-93a1-14a6ea3d85be: receive RaftClientReply:client-B268B4322F32->17750241-545b-4219-93a1-14a6ea3d85be@group-C33FBD9556F2, cid=2355, SUCCESS, logIndex=3508, commits[17750241-545b-4219-93a1-14a6ea3d85be:c3509, 4eaaa090-573e-41d3-9f8c-c99e236d806a:c3507, 5f4cf9ee-4bed-49de-adaa-861aec894328:c3507]
2019-08-23 02:48:27,175 | INFO  | DNAudit | user=null | ip=null | op=PUT_BLOCK {blockData=[blockId=conID: 1 locID: 102664012244517443 bcsId: 0,size=2097152]} | ret=SUCCESS |  
2019-08-23 02:48:27,175 [grpc-default-executor-2] INFO  client.GrpcClientProtocolClient (GrpcClientProtocolClient.java:onNext(255)) - client-B268B4322F32->17750241-545b-4219-93a1-14a6ea3d85be: receive RaftClientReply:client-B268B4322F32->17750241-545b-4219-93a1-14a6ea3d85be@group-C33FBD9556F2, cid=2356, SUCCESS, logIndex=3509, commits[17750241-545b-4219-93a1-14a6ea3d85be:c3511, 4eaaa090-573e-41d3-9f8c-c99e236d806a:c3507, 5f4cf9ee-4bed-49de-adaa-861aec894328:c3507]
2019-08-23 02:48:27,176 [grpc-default-executor-2] INFO  client.GrpcClientProtocolClient (GrpcClientProtocolClient.java:onNext(255)) - client-B268B4322F32->17750241-545b-4219-93a1-14a6ea3d85be: receive RaftClientReply:client-B268B4322F32->17750241-545b-4219-93a1-14a6ea3d85be@group-C33FBD9556F2, cid=2357, SUCCESS, logIndex=3510, commits[17750241-545b-4219-93a1-14a6ea3d85be:c3511, 4eaaa090-573e-41d3-9f8c-c99e236d806a:c3507, 5f4cf9ee-4bed-49de-adaa-861aec894328:c3507]
2019-08-23 02:48:27,176 [grpc-default-executor-2] INFO  client.GrpcClientProtocolClient (GrpcClientProtocolClient.java:onNext(255)) - client-B268B4322F32->17750241-545b-4219-93a1-14a6ea3d85be: receive RaftClientReply:client-B268B4322F32->17750241-545b-4219-93a1-14a6ea3d85be@group-C33FBD9556F2, cid=2358, SUCCESS, logIndex=3511, commits[17750241-545b-4219-93a1-14a6ea3d85be:c3511, 4eaaa090-573e-41d3-9f8c-c99e236d806a:c3507, 5f4cf9ee-4bed-49de-adaa-861aec894328:c3507]
2019-08-23 02:48:27,187 | INFO  | DNAudit | user=null | ip=null | op=WRITE_CHUNK {blockData=conID: 1 locID: 102664012244517443 bcsId: 0} | ret=SUCCESS |  
2019-08-23 02:48:27,188 | INFO  | DNAudit | user=null | ip=null | op=PUT_BLOCK {blockData=[blockId=conID: 1 locID: 102664012244517443 bcsId: 0,size=1048576]} | ret=SUCCESS |  
2019-08-23 02:48:27,189 | INFO  | DNAudit | user=null | ip=null | op=WRITE_CHUNK {blockData=conID: 1 locID: 102664012244517443 bcsId: 0} | ret=SUCCESS |  
2019-08-23 02:48:27,189 | INFO  | DNAudit | user=null | ip=null | op=PUT_BLOCK {blockData=[blockId=conID: 1 locID: 102664012244517443 bcsId: 0,size=1048576]} | ret=SUCCESS |  
2019-08-23 02:48:27,190 | INFO  | DNAudit | user=null | ip=null | op=WRITE_CHUNK {blockData=conID: 1 locID: 102664012244517443 bcsId: 0} | ret=SUCCESS |  
2019-08-23 02:48:27,190 [grpc-default-executor-2] INFO  client.GrpcClientProtocolClient (GrpcClientProtocolClient.java:onNext(255)) - client-B268B4322F32->17750241-545b-4219-93a1-14a6ea3d85be: receive RaftClientReply:client-B268B4322F32->17750241-545b-4219-93a1-14a6ea3d85be@group-C33FBD9556F2, cid=2359, SUCCESS, logIndex=0, commits[17750241-545b-4219-93a1-14a6ea3d85be:c3513, 4eaaa090-573e-41d3-9f8c-c99e236d806a:c3509, 5f4cf9ee-4bed-49de-adaa-861aec894328:c3509]
2019-08-23 02:48:27,190 | INFO  | DNAudit | user=null | ip=null | op=PUT_BLOCK {blockData=[blockId=conID: 1 locID: 102664012244517443 bcsId: 0,size=2097152]} | ret=SUCCESS |  
2019-08-23 02:48:27,196 | INFO  | DNAudit | user=null | ip=null | op=WRITE_CHUNK {blockData=conID: 1 locID: 102664012244517443 bcsId: 3511} | ret=SUCCESS |  
2019-08-23 02:48:27,199 | INFO  | DNAudit | user=null | ip=null | op=WRITE_CHUNK {blockData=conID: 1 locID: 102664012244517443 bcsId: 3511} | ret=SUCCESS |  
2019-08-23 02:48:27,199 | INFO  | DNAudit | user=null | ip=null | op=WRITE_CHUNK {blockData=conID: 1 locID: 102664012244517443 bcsId: 3511} | ret=SUCCESS |  
2019-08-23 02:48:27,200 | INFO  | DNAudit | user=null | ip=null | op=WRITE_CHUNK {blockData=conID: 1 locID: 102664012244517443 bcsId: 0} | ret=SUCCESS |  
2019-08-23 02:48:27,200 | INFO  | DNAudit | user=null | ip=null | op=PUT_BLOCK {blockData=[blockId=conID: 1 locID: 102664012244517443 bcsId: 0,size=2097152]} | ret=SUCCESS |  
2019-08-23 02:48:27,201 | INFO  | DNAudit | user=null | ip=null | op=WRITE_CHUNK {blockData=conID: 1 locID: 102664012244517443 bcsId: 3511} | ret=SUCCESS |  
2019-08-23 02:48:27,201 | INFO  | DNAudit | user=null | ip=null | op=PUT_BLOCK {blockData=[blockId=conID: 1 locID: 102664012244517443 bcsId: 0,size=3145728]} | ret=SUCCESS |  
2019-08-23 02:48:27,202 [grpc-default-executor-1] INFO  client.GrpcClientProtocolClient (GrpcClientProtocolClient.java:onNext(255)) - client-B268B4322F32->17750241-545b-4219-93a1-14a6ea3d85be: receive RaftClientReply:client-B268B4322F32->17750241-545b-4219-93a1-14a6ea3d85be@group-C33FBD9556F2, cid=2360, SUCCESS, logIndex=3516, commits[17750241-545b-4219-93a1-14a6ea3d85be:c3517, 4eaaa090-573e-41d3-9f8c-c99e236d806a:c3515, 5f4cf9ee-4bed-49de-adaa-861aec894328:c3515]
2019-08-23 02:48:27,202 [grpc-default-executor-1] INFO  client.GrpcClientProtocolClient (GrpcClientProtocolClient.java:onNext(255)) - client-B268B4322F32->17750241-545b-4219-93a1-14a6ea3d85be: receive RaftClientReply:client-B268B4322F32->17750241-545b-4219-93a1-14a6ea3d85be@group-C33FBD9556F2, cid=2361, SUCCESS, logIndex=3517, commits[17750241-545b-4219-93a1-14a6ea3d85be:c3517, 4eaaa090-573e-41d3-9f8c-c99e236d806a:c3515, 5f4cf9ee-4bed-49de-adaa-861aec894328:c3515]
2019-08-23 02:48:27,208 | INFO  | DNAudit | user=null | ip=null | op=WRITE_CHUNK {blockData=conID: 1 locID: 102664012244517443 bcsId: 3517} | ret=SUCCESS |  
2019-08-23 02:48:27,211 | INFO  | DNAudit | user=null | ip=null | op=WRITE_CHUNK {blockData=conID: 1 locID: 102664012244517443 bcsId: 3517} | ret=SUCCESS |  
2019-08-23 02:48:27,212 | INFO  | DNAudit | user=null | ip=null | op=WRITE_CHUNK {blockData=conID: 1 locID: 102664012244517443 bcsId: 3517} | ret=SUCCESS |  
2019-08-23 02:48:27,214 | INFO  | DNAudit | user=null | ip=null | op=WRITE_CHUNK {blockData=conID: 1 locID: 102664012244517443 bcsId: 3511} | ret=SUCCESS |  
2019-08-23 02:48:27,214 | INFO  | DNAudit | user=null | ip=null | op=WRITE_CHUNK {blockData=conID: 1 locID: 102664012244517443 bcsId: 3511} | ret=SUCCESS |  
2019-08-23 02:48:27,225 | INFO  | DNAudit | user=null | ip=null | op=PUT_BLOCK {blockData=[blockId=conID: 1 locID: 102664012244517443 bcsId: 0,size=3145728]} | ret=SUCCESS |  
2019-08-23 02:48:27,225 | INFO  | DNAudit | user=null | ip=null | op=PUT_BLOCK {blockData=[blockId=conID: 1 locID: 102664012244517443 bcsId: 0,size=3145728]} | ret=SUCCESS |  
2019-08-23 02:48:27,226 | INFO  | DNAudit | user=null | ip=null | op=WRITE_CHUNK {blockData=conID: 1 locID: 102664012244517443 bcsId: 3517} | ret=SUCCESS |  
2019-08-23 02:48:27,226 | INFO  | DNAudit | user=null | ip=null | op=PUT_BLOCK {blockData=[blockId=conID: 1 locID: 102664012244517443 bcsId: 0,size=4194304]} | ret=SUCCESS |  
2019-08-23 02:48:27,226 [grpc-default-executor-2] INFO  client.GrpcClientProtocolClient (GrpcClientProtocolClient.java:onNext(255)) - client-B268B4322F32->17750241-545b-4219-93a1-14a6ea3d85be: receive RaftClientReply:client-B268B4322F32->17750241-545b-4219-93a1-14a6ea3d85be@group-C33FBD9556F2, cid=2362, SUCCESS, logIndex=3520, commits[17750241-545b-4219-93a1-14a6ea3d85be:c3521, 4eaaa090-573e-41d3-9f8c-c99e236d806a:c3517, 5f4cf9ee-4bed-49de-adaa-861aec894328:c3517]
2019-08-23 02:48:27,227 [grpc-default-executor-2] INFO  client.GrpcClientProtocolClient (GrpcClientProtocolClient.java:onNext(255)) - client-B268B4322F32->17750241-545b-4219-93a1-14a6ea3d85be: receive RaftClientReply:client-B268B4322F32->17750241-545b-4219-93a1-14a6ea3d85be@group-C33FBD9556F2, cid=2363, SUCCESS, logIndex=3521, commits[17750241-545b-4219-93a1-14a6ea3d85be:c3521, 4eaaa090-573e-41d3-9f8c-c99e236d806a:c3517, 5f4cf9ee-4bed-49de-adaa-861aec894328:c3517]
2019-08-23 02:48:27,237 | INFO  | SCMAudit | user=jenkins1000 | ip=192.168.34.22 | op=SEND_HEARTBEAT {datanodeUUID=0cedf437-a8af-4d70-bac5-ea9863093e86, command=[]} | ret=SUCCESS |  
 0.00% |█                                                                                                    |  0/1 Time: 0:00:292019-08-23 02:48:27,240 | INFO  | SCMAudit | user=jenkins1000 | ip=192.168.34.22 | op=SEND_HEARTBEAT {datanodeUUID=66ab6a68-e61f-4535-ab2f-12fe560929ed, command=[]} | ret=SUCCESS |  
2019-08-23 02:48:27,241 | INFO  | DNAudit | user=null | ip=null | op=WRITE_CHUNK {blockData=conID: 1 locID: 102664012244517443 bcsId: 3517} | ret=SUCCESS |  
2019-08-23 02:48:27,241 | INFO  | DNAudit | user=null | ip=null | op=WRITE_CHUNK {blockData=conID: 1 locID: 102664012244517443 bcsId: 3517} | ret=SUCCESS |  
2019-08-23 02:48:27,241 | INFO  | DNAudit | user=null | ip=null | op=PUT_BLOCK {blockData=[blockId=conID: 1 locID: 102664012244517443 bcsId: 0,size=4194304]} | ret=SUCCESS |  
2019-08-23 02:48:27,251 | INFO  | DNAudit | user=null | ip=null | op=PUT_BLOCK {blockData=[blockId=conID: 1 locID: 102664012244517443 bcsId: 0,size=4194304]} | ret=SUCCESS |  
2019-08-23 02:48:27,252 [grpc-default-executor-2] INFO  client.GrpcClientProtocolClient (GrpcClientProtocolClient.java:onNext(255)) - client-B268B4322F32->17750241-545b-4219-93a1-14a6ea3d85be: receive RaftClientReply:client-B268B4322F32->17750241-545b-4219-93a1-14a6ea3d85be@group-C33FBD9556F2, cid=2364, SUCCESS, logIndex=0, commits[17750241-545b-4219-93a1-14a6ea3d85be:c3523, 4eaaa090-573e-41d3-9f8c-c99e236d806a:c3521, 5f4cf9ee-4bed-49de-adaa-861aec894328:c3521]
2019-08-23 02:48:27,254 | INFO  | SCMAudit | user=jenkins1000 | ip=192.168.34.22 | op=ALLOCATE_BLOCK {owner=31d65bc3-3f70-45f5-bbc5-e3a15f967ba6, size=4194304, type=RATIS, factor=THREE} | ret=SUCCESS |  
2019-08-23 02:48:27,259 | INFO  | OMAudit | user=jenkins1000 | ip=127.0.0.1 | op=ALLOCATE_BLOCK {volume=vol-0-78052, bucket=bucket-0-33874, key=key-0-20719, dataSize=2147483657, replicationType=RATIS, replicationFactor=THREE, keyLocationInfo=[], clientID=102664010308846034} | ret=SUCCESS |  
2019-08-23 02:48:27,272 | INFO  | DNAudit | user=null | ip=null | op=WRITE_CHUNK {blockData=conID: 2 locID: 102664012251398724 bcsId: 0} | ret=SUCCESS |  
2019-08-23 02:48:27,275 | INFO  | DNAudit | user=null | ip=null | op=WRITE_CHUNK {blockData=conID: 2 locID: 102664012251398724 bcsId: 0} | ret=SUCCESS |  
2019-08-23 02:48:27,275 | INFO  | DNAudit | user=null | ip=null | op=WRITE_CHUNK {blockData=conID: 2 locID: 102664012251398724 bcsId: 0} | ret=SUCCESS |  
2019-08-23 02:48:27,276 | INFO  | DNAudit | user=null | ip=null | op=WRITE_CHUNK {blockData=conID: 2 locID: 102664012251398724 bcsId: 0} | ret=SUCCESS |  
2019-08-23 02:48:27,278 | INFO  | DNAudit | user=null | ip=null | op=WRITE_CHUNK {blockData=conID: 2 locID: 102664012251398724 bcsId: 0} | ret=SUCCESS |  
2019-08-23 02:48:27,279 | INFO  | DNAudit | user=null | ip=null | op=WRITE_CHUNK {blockData=conID: 2 locID: 102664012251398724 bcsId: 0} | ret=SUCCESS |  
2019-08-23 02:48:27,284 | INFO  | DNAudit | user=null | ip=null | op=WRITE_CHUNK {blockData=conID: 2 locID: 102664012251398724 bcsId: 0} | ret=SUCCESS |  
2019-08-23 02:48:27,285 | INFO  | DNAudit | user=null | ip=null | op=PUT_BLOCK {blockData=[blockId=conID: 2 locID: 102664012251398724 bcsId: 0,size=1048576]} | ret=SUCCESS |  
2019-08-23 02:48:27,286 | INFO  | DNAudit | user=null | ip=null | op=WRITE_CHUNK {blockData=conID: 2 locID: 102664012251398724 bcsId: 0} | ret=SUCCESS |  
2019-08-23 02:48:27,285 [grpc-default-executor-1] INFO  client.GrpcClientProtocolClient (GrpcClientProtocolClient.java:onNext(255)) - client-B268B4322F32->17750241-545b-4219-93a1-14a6ea3d85be: receive RaftClientReply:client-B268B4322F32->17750241-545b-4219-93a1-14a6ea3d85be@group-C33FBD9556F2, cid=2365, SUCCESS, logIndex=3524, commits[17750241-545b-4219-93a1-14a6ea3d85be:c3525, 4eaaa090-573e-41d3-9f8c-c99e236d806a:c3523, 5f4cf9ee-4bed-49de-adaa-861aec894328:c3523]
2019-08-23 02:48:27,286 | INFO  | DNAudit | user=null | ip=null | op=PUT_BLOCK {blockData=[blockId=conID: 2 locID: 102664012251398724 bcsId: 0,size=2097152]} | ret=SUCCESS |  
2019-08-23 02:48:27,287 | INFO  | DNAudit | user=null | ip=null | op=WRITE_CHUNK {blockData=conID: 2 locID: 102664012251398724 bcsId: 0} | ret=SUCCESS |  
2019-08-23 02:48:27,287 | INFO  | DNAudit | user=null | ip=null | op=PUT_BLOCK {blockData=[blockId=conID: 2 locID: 102664012251398724 bcsId: 0,size=1048576]} | ret=SUCCESS |  
2019-08-23 02:48:27,287 [grpc-default-executor-1] INFO  client.GrpcClientProtocolClient (GrpcClientProtocolClient.java:onNext(255)) - client-B268B4322F32->17750241-545b-4219-93a1-14a6ea3d85be: receive RaftClientReply:client-B268B4322F32->17750241-545b-4219-93a1-14a6ea3d85be@group-C33FBD9556F2, cid=2366, SUCCESS, logIndex=3525, commits[17750241-545b-4219-93a1-14a6ea3d85be:c3526, 4eaaa090-573e-41d3-9f8c-c99e236d806a:c3523, 5f4cf9ee-4bed-49de-adaa-861aec894328:c3523]
2019-08-23 02:48:27,287 [grpc-default-executor-1] INFO  client.GrpcClientProtocolClient (GrpcClientProtocolClient.java:onNext(255)) - client-B268B4322F32->17750241-545b-4219-93a1-14a6ea3d85be: receive RaftClientReply:client-B268B4322F32->17750241-545b-4219-93a1-14a6ea3d85be@group-C33FBD9556F2, cid=2367, SUCCESS, logIndex=3526, commits[17750241-545b-4219-93a1-14a6ea3d85be:c3527, 4eaaa090-573e-41d3-9f8c-c99e236d806a:c3523, 5f4cf9ee-4bed-49de-adaa-861aec894328:c3523]
2019-08-23 02:48:27,288 [grpc-default-executor-1] INFO  client.GrpcClientProtocolClient (GrpcClientProtocolClient.java:onNext(255)) - client-B268B4322F32->17750241-545b-4219-93a1-14a6ea3d85be: receive RaftClientReply:client-B268B4322F32->17750241-545b-4219-93a1-14a6ea3d85be@group-C33FBD9556F2, cid=2368, SUCCESS, logIndex=3527, commits[17750241-545b-4219-93a1-14a6ea3d85be:c3527, 4eaaa090-573e-41d3-9f8c-c99e236d806a:c3523, 5f4cf9ee-4bed-49de-adaa-861aec894328:c3523]
2019-08-23 02:48:27,288 | INFO  | DNAudit | user=null | ip=null | op=WRITE_CHUNK {blockData=conID: 2 locID: 102664012251398724 bcsId: 0} | ret=SUCCESS |  
2019-08-23 02:48:27,289 | INFO  | DNAudit | user=null | ip=null | op=PUT_BLOCK {blockData=[blockId=conID: 2 locID: 102664012251398724 bcsId: 0,size=1048576]} | ret=SUCCESS |  
2019-08-23 02:48:27,289 | INFO  | DNAudit | user=null | ip=null | op=WRITE_CHUNK {blockData=conID: 2 locID: 102664012251398724 bcsId: 0} | ret=SUCCESS |  
2019-08-23 02:48:27,289 [grpc-default-executor-5] INFO  client.GrpcClientProtocolClient (GrpcClientProtocolClient.java:onNext(255)) - client-B268B4322F32->17750241-545b-4219-93a1-14a6ea3d85be: receive RaftClientReply:client-B268B4322F32->17750241-545b-4219-93a1-14a6ea3d85be@group-C33FBD9556F2, cid=2369, SUCCESS, logIndex=0, commits[17750241-545b-4219-93a1-14a6ea3d85be:c3529, 4eaaa090-573e-41d3-9f8c-c99e236d806a:c3525, 5f4cf9ee-4bed-49de-adaa-861aec894328:c3525]
2019-08-23 02:48:27,289 | INFO  | DNAudit | user=null | ip=null | op=PUT_BLOCK {blockData=[blockId=conID: 2 locID: 102664012251398724 bcsId: 0,size=2097152]} | ret=SUCCESS |  
2019-08-23 02:48:27,291 | INFO  | DNAudit | user=null | ip=null | op=WRITE_CHUNK {blockData=conID: 2 locID: 102664012251398724 bcsId: 0} | ret=SUCCESS |  
2019-08-23 02:48:27,291 | INFO  | DNAudit | user=null | ip=null | op=PUT_BLOCK {blockData=[blockId=conID: 2 locID: 102664012251398724 bcsId: 0,size=2097152]} | ret=SUCCESS |  
2019-08-23 02:48:27,296 | INFO  | DNAudit | user=null | ip=null | op=WRITE_CHUNK {blockData=conID: 2 locID: 102664012251398724 bcsId: 3527} | ret=SUCCESS |  
2019-08-23 02:48:27,300 | INFO  | DNAudit | user=null | ip=null | op=WRITE_CHUNK {blockData=conID: 2 locID: 102664012251398724 bcsId: 3527} | ret=SUCCESS |  
2019-08-23 02:48:27,300 | INFO  | DNAudit | user=null | ip=null | op=WRITE_CHUNK {blockData=conID: 2 locID: 102664012251398724 bcsId: 3527} | ret=SUCCESS |  
2019-08-23 02:48:27,302 | INFO  | DNAudit | user=null | ip=null | op=WRITE_CHUNK {blockData=conID: 2 locID: 102664012251398724 bcsId: 3527} | ret=SUCCESS |  
2019-08-23 02:48:27,303 | INFO  | DNAudit | user=null | ip=null | op=PUT_BLOCK {blockData=[blockId=conID: 2 locID: 102664012251398724 bcsId: 0,size=3145728]} | ret=SUCCESS |  
2019-08-23 02:48:27,303 [grpc-default-executor-5] INFO  client.GrpcClientProtocolClient (GrpcClientProtocolClient.java:onNext(255)) - client-B268B4322F32->17750241-545b-4219-93a1-14a6ea3d85be: receive RaftClientReply:client-B268B4322F32->17750241-545b-4219-93a1-14a6ea3d85be@group-C33FBD9556F2, cid=2370, SUCCESS, logIndex=3532, commits[17750241-545b-4219-93a1-14a6ea3d85be:c3533, 4eaaa090-573e-41d3-9f8c-c99e236d806a:c3531, 5f4cf9ee-4bed-49de-adaa-861aec894328:c3531]
2019-08-23 02:48:27,303 [grpc-default-executor-5] INFO  client.GrpcClientProtocolClient (GrpcClientProtocolClient.java:onNext(255)) - client-B268B4322F32->17750241-545b-4219-93a1-14a6ea3d85be: receive RaftClientReply:client-B268B4322F32->17750241-545b-4219-93a1-14a6ea3d85be@group-C33FBD9556F2, cid=2371, SUCCESS, logIndex=3533, commits[17750241-545b-4219-93a1-14a6ea3d85be:c3533, 4eaaa090-573e-41d3-9f8c-c99e236d806a:c3531, 5f4cf9ee-4bed-49de-adaa-861aec894328:c3531]
2019-08-23 02:48:27,304 | INFO  | DNAudit | user=null | ip=null | op=WRITE_CHUNK {blockData=conID: 2 locID: 102664012251398724 bcsId: 3527} | ret=SUCCESS |  
2019-08-23 02:48:27,304 | INFO  | DNAudit | user=null | ip=null | op=WRITE_CHUNK {blockData=conID: 2 locID: 102664012251398724 bcsId: 3527} | ret=SUCCESS |  
2019-08-23 02:48:27,304 | INFO  | DNAudit | user=null | ip=null | op=PUT_BLOCK {blockData=[blockId=conID: 2 locID: 102664012251398724 bcsId: 0,size=3145728]} | ret=SUCCESS |  
2019-08-23 02:48:27,304 | INFO  | DNAudit | user=null | ip=null | op=PUT_BLOCK {blockData=[blockId=conID: 2 locID: 102664012251398724 bcsId: 0,size=3145728]} | ret=SUCCESS |  
2019-08-23 02:48:27,310 | INFO  | DNAudit | user=null | ip=null | op=WRITE_CHUNK {blockData=conID: 2 locID: 102664012251398724 bcsId: 3533} | ret=SUCCESS |  
2019-08-23 02:48:27,313 | INFO  | DNAudit | user=null | ip=null | op=WRITE_CHUNK {blockData=conID: 2 locID: 102664012251398724 bcsId: 3533} | ret=SUCCESS |  
2019-08-23 02:48:27,313 | INFO  | DNAudit | user=null | ip=null | op=WRITE_CHUNK {blockData=conID: 2 locID: 102664012251398724 bcsId: 3533} | ret=SUCCESS |  
2019-08-23 02:48:27,315 | INFO  | DNAudit | user=null | ip=null | op=WRITE_CHUNK {blockData=conID: 2 locID: 102664012251398724 bcsId: 3533} | ret=SUCCESS |  
2019-08-23 02:48:27,316 | INFO  | DNAudit | user=null | ip=null | op=PUT_BLOCK {blockData=[blockId=conID: 2 locID: 102664012251398724 bcsId: 0,size=4194304]} | ret=SUCCESS |  
2019-08-23 02:48:27,316 [grpc-default-executor-2] INFO  client.GrpcClientProtocolClient (GrpcClientProtocolClient.java:onNext(255)) - client-B268B4322F32->17750241-545b-4219-93a1-14a6ea3d85be: receive RaftClientReply:client-B268B4322F32->17750241-545b-4219-93a1-14a6ea3d85be@group-C33FBD9556F2, cid=2372, SUCCESS, logIndex=3536, commits[17750241-545b-4219-93a1-14a6ea3d85be:c3537, 4eaaa090-573e-41d3-9f8c-c99e236d806a:c3533, 5f4cf9ee-4bed-49de-adaa-861aec894328:c3535]
2019-08-23 02:48:27,316 [grpc-default-executor-2] INFO  client.GrpcClientProtocolClient (GrpcClientProtocolClient.java:onNext(255)) - client-B268B4322F32->17750241-545b-4219-93a1-14a6ea3d85be: receive RaftClientReply:client-B268B4322F32->17750241-545b-4219-93a1-14a6ea3d85be@group-C33FBD9556F2, cid=2373, SUCCESS, logIndex=3537, commits[17750241-545b-4219-93a1-14a6ea3d85be:c3537, 4eaaa090-573e-41d3-9f8c-c99e236d806a:c3535, 5f4cf9ee-4bed-49de-adaa-861aec894328:c3535]
2019-08-23 02:48:27,317 | INFO  | DNAudit | user=null | ip=null | op=WRITE_CHUNK {blockData=conID: 2 locID: 102664012251398724 bcsId: 3533} | ret=SUCCESS |  
2019-08-23 02:48:27,317 | INFO  | DNAudit | user=null | ip=null | op=PUT_BLOCK {blockData=[blockId=conID: 2 locID: 102664012251398724 bcsId: 0,size=4194304]} | ret=SUCCESS |  
2019-08-23 02:48:27,318 | INFO  | DNAudit | user=null | ip=null | op=WRITE_CHUNK {blockData=conID: 2 locID: 102664012251398724 bcsId: 3533} | ret=SUCCESS |  
2019-08-23 02:48:27,318 | INFO  | DNAudit | user=null | ip=null | op=PUT_BLOCK {blockData=[blockId=conID: 2 locID: 102664012251398724 bcsId: 0,size=4194304]} | ret=SUCCESS |  
2019-08-23 02:48:27,318 [grpc-default-executor-2] INFO  client.GrpcClientProtocolClient (GrpcClientProtocolClient.java:onNext(255)) - client-B268B4322F32->17750241-545b-4219-93a1-14a6ea3d85be: receive RaftClientReply:client-B268B4322F32->17750241-545b-4219-93a1-14a6ea3d85be@group-C33FBD9556F2, cid=2374, SUCCESS, logIndex=0, commits[17750241-545b-4219-93a1-14a6ea3d85be:c3538, 4eaaa090-573e-41d3-9f8c-c99e236d806a:c3537, 5f4cf9ee-4bed-49de-adaa-861aec894328:c3537]
2019-08-23 02:48:27,320 | INFO  | SCMAudit | user=jenkins1000 | ip=192.168.34.22 | op=ALLOCATE_BLOCK {owner=31d65bc3-3f70-45f5-bbc5-e3a15f967ba6, size=4194304, type=RATIS, factor=THREE} | ret=SUCCESS |  
2019-08-23 02:48:27,323 | INFO  | OMAudit | user=jenkins1000 | ip=127.0.0.1 | op=ALLOCATE_BLOCK {volume=vol-0-78052, bucket=bucket-0-33874, key=key-0-20719, dataSize=2147483657, replicationType=RATIS, replicationFactor=THREE, keyLocationInfo=[], clientID=102664010308846034} | ret=SUCCESS |  
2019-08-23 02:48:27,333 | INFO  | DNAudit | user=null | ip=null | op=WRITE_CHUNK {blockData=conID: 3 locID: 102664012255724101 bcsId: 0} | ret=SUCCESS |  
2019-08-23 02:48:27,336 | INFO  | DNAudit | user=null | ip=null | op=WRITE_CHUNK {blockData=conID: 3 locID: 102664012255724101 bcsId: 0} | ret=SUCCESS |  
2019-08-23 02:48:27,336 | INFO  | DNAudit | user=null | ip=null | op=WRITE_CHUNK {blockData=conID: 3 locID: 102664012255724101 bcsId: 0} | ret=SUCCESS |  
2019-08-23 02:48:27,336 | INFO  | DNAudit | user=null | ip=null | op=WRITE_CHUNK {blockData=conID: 3 locID: 102664012255724101 bcsId: 0} | ret=SUCCESS |  
2019-08-23 02:48:27,337 | INFO  | DNAudit | user=null | ip=null | op=WRITE_CHUNK {blockData=conID: 3 locID: 102664012255724101 bcsId: 0} | ret=SUCCESS |  
2019-08-23 02:48:27,338 | INFO  | DNAudit | user=null | ip=null | op=WRITE_CHUNK {blockData=conID: 3 locID: 102664012255724101 bcsId: 0} | ret=SUCCESS |  
2019-08-23 02:48:27,357 | INFO  | DNAudit | user=null | ip=null | op=WRITE_CHUNK {blockData=conID: 3 locID: 102664012255724101 bcsId: 0} | ret=SUCCESS |  
2019-08-23 02:48:27,358 | INFO  | DNAudit | user=null | ip=null | op=PUT_BLOCK {blockData=[blockId=conID: 3 locID: 102664012255724101 bcsId: 0,size=1048576]} | ret=SUCCESS |  
2019-08-23 02:48:27,358 [grpc-default-executor-1] INFO  client.GrpcClientProtocolClient (GrpcClientProtocolClient.java:onNext(255)) - client-B268B4322F32->17750241-545b-4219-93a1-14a6ea3d85be: receive RaftClientReply:client-B268B4322F32->17750241-545b-4219-93a1-14a6ea3d85be@group-C33FBD9556F2, cid=2375, SUCCESS, logIndex=3540, commits[17750241-545b-4219-93a1-14a6ea3d85be:c3542, 4eaaa090-573e-41d3-9f8c-c99e236d806a:c3539, 5f4cf9ee-4bed-49de-adaa-861aec894328:c3539]
2019-08-23 02:48:27,364 | INFO  | DNAudit | user=null | ip=null | op=WRITE_CHUNK {blockData=conID: 3 locID: 102664012255724101 bcsId: 0} | ret=SUCCESS |  
2019-08-23 02:48:27,364 | INFO  | DNAudit | user=null | ip=null | op=WRITE_CHUNK {blockData=conID: 3 locID: 102664012255724101 bcsId: 0} | ret=SUCCESS |  
2019-08-23 02:48:27,364 | INFO  | DNAudit | user=null | ip=null | op=PUT_BLOCK {blockData=[blockId=conID: 3 locID: 102664012255724101 bcsId: 0,size=2097152]} | ret=SUCCESS |  
2019-08-23 02:48:27,364 [grpc-default-executor-1] INFO  client.GrpcClientProtocolClient (GrpcClientProtocolClient.java:onNext(255)) - client-B268B4322F32->17750241-545b-4219-93a1-14a6ea3d85be: receive RaftClientReply:client-B268B4322F32->17750241-545b-4219-93a1-14a6ea3d85be@group-C33FBD9556F2, cid=2376, SUCCESS, logIndex=3541, commits[17750241-545b-4219-93a1-14a6ea3d85be:c3543, 4eaaa090-573e-41d3-9f8c-c99e236d806a:c3539, 5f4cf9ee-4bed-49de-adaa-861aec894328:c3539]
2019-08-23 02:48:27,365 | INFO  | DNAudit | user=null | ip=null | op=WRITE_CHUNK {blockData=conID: 3 locID: 102664012255724101 bcsId: 0} | ret=SUCCESS |  
2019-08-23 02:48:27,365 | INFO  | DNAudit | user=null | ip=null | op=PUT_BLOCK {blockData=[blockId=conID: 3 locID: 102664012255724101 bcsId: 0,size=1048576]} | ret=SUCCESS |  
2019-08-23 02:48:27,365 [grpc-default-executor-5] INFO  client.GrpcClientProtocolClient (GrpcClientProtocolClient.java:onNext(255)) - client-B268B4322F32->17750241-545b-4219-93a1-14a6ea3d85be: receive RaftClientReply:client-B268B4322F32->17750241-545b-4219-93a1-14a6ea3d85be@group-C33FBD9556F2, cid=2377, SUCCESS, logIndex=3542, commits[17750241-545b-4219-93a1-14a6ea3d85be:c3543, 4eaaa090-573e-41d3-9f8c-c99e236d806a:c3539, 5f4cf9ee-4bed-49de-adaa-861aec894328:c3539]
2019-08-23 02:48:27,366 [grpc-default-executor-5] INFO  client.GrpcClientProtocolClient (GrpcClientProtocolClient.java:onNext(255)) - client-B268B4322F32->17750241-545b-4219-93a1-14a6ea3d85be: receive RaftClientReply:client-B268B4322F32->17750241-545b-4219-93a1-14a6ea3d85be@group-C33FBD9556F2, cid=2378, SUCCESS, logIndex=3543, commits[17750241-545b-4219-93a1-14a6ea3d85be:c3543, 4eaaa090-573e-41d3-9f8c-c99e236d806a:c3539, 5f4cf9ee-4bed-49de-adaa-861aec894328:c3539]
2019-08-23 02:48:27,376 | INFO  | SCMAudit | user=jenkins1000 | ip=192.168.34.22 | op=SEND_HEARTBEAT {datanodeUUID=4eaaa090-573e-41d3-9f8c-c99e236d806a, command=[]} | ret=SUCCESS |  
2019-08-23 02:48:27,376 | INFO  | SCMAudit | user=jenkins1000 | ip=192.168.34.22 | op=SEND_HEARTBEAT {datanodeUUID=17750241-545b-4219-93a1-14a6ea3d85be, command=[]} | ret=SUCCESS |  
2019-08-23 02:48:27,376 | INFO  | SCMAudit | user=jenkins1000 | ip=192.168.34.22 | op=SEND_HEARTBEAT {datanodeUUID=5f4cf9ee-4bed-49de-adaa-861aec894328, command=[]} | ret=SUCCESS |  
2019-08-23 02:48:27,379 | INFO  | DNAudit | user=null | ip=null | op=PUT_BLOCK {blockData=[blockId=conID: 3 locID: 102664012255724101 bcsId: 0,size=1048576]} | ret=SUCCESS |  
2019-08-23 02:48:27,379 | INFO  | DNAudit | user=null | ip=null | op=WRITE_CHUNK {blockData=conID: 3 locID: 102664012255724101 bcsId: 0} | ret=SUCCESS |  
2019-08-23 02:48:27,379 | INFO  | DNAudit | user=null | ip=null | op=WRITE_CHUNK {blockData=conID: 3 locID: 102664012255724101 bcsId: 0} | ret=SUCCESS |  
2019-08-23 02:48:27,379 | INFO  | DNAudit | user=null | ip=null | op=PUT_BLOCK {blockData=[blockId=conID: 3 locID: 102664012255724101 bcsId: 0,size=2097152]} | ret=SUCCESS |  
2019-08-23 02:48:27,380 | INFO  | DNAudit | user=null | ip=null | op=PUT_BLOCK {blockData=[blockId=conID: 3 locID: 102664012255724101 bcsId: 0,size=2097152]} | ret=SUCCESS |  
2019-08-23 02:48:27,380 [grpc-default-executor-1] INFO  client.GrpcClientProtocolClient (GrpcClientProtocolClient.java:onNext(255)) - client-B268B4322F32->17750241-545b-4219-93a1-14a6ea3d85be: receive RaftClientReply:client-B268B4322F32->17750241-545b-4219-93a1-14a6ea3d85be@group-C33FBD9556F2, cid=2379, SUCCESS, logIndex=0, commits[17750241-545b-4219-93a1-14a6ea3d85be:c3545, 4eaaa090-573e-41d3-9f8c-c99e236d806a:c3541, 5f4cf9ee-4bed-49de-adaa-861aec894328:c3541]
2019-08-23 02:48:27,389 | INFO  | DNAudit | user=null | ip=null | op=WRITE_CHUNK {blockData=conID: 3 locID: 102664012255724101 bcsId: 3543} | ret=SUCCESS |  
2019-08-23 02:48:27,391 | INFO  | DNAudit | user=null | ip=null | op=WRITE_CHUNK {blockData=conID: 3 locID: 102664012255724101 bcsId: 3543} | ret=SUCCESS |  
2019-08-23 02:48:27,392 | INFO  | DNAudit | user=null | ip=null | op=WRITE_CHUNK {blockData=conID: 3 locID: 102664012255724101 bcsId: 3543} | ret=SUCCESS |  
2019-08-23 02:48:27,402 | INFO  | DNAudit | user=null | ip=null | op=WRITE_CHUNK {blockData=conID: 3 locID: 102664012255724101 bcsId: 3543} | ret=SUCCESS |  
2019-08-23 02:48:27,403 | INFO  | DNAudit | user=null | ip=null | op=PUT_BLOCK {blockData=[blockId=conID: 3 locID: 102664012255724101 bcsId: 0,size=3145728]} | ret=SUCCESS |  
2019-08-23 02:48:27,403 [grpc-default-executor-2] INFO  client.GrpcClientProtocolClient (GrpcClientProtocolClient.java:onNext(255)) - client-B268B4322F32->17750241-545b-4219-93a1-14a6ea3d85be: receive RaftClientReply:client-B268B4322F32->17750241-545b-4219-93a1-14a6ea3d85be@group-C33FBD9556F2, cid=2380, SUCCESS, logIndex=3548, commits[17750241-545b-4219-93a1-14a6ea3d85be:c3549, 4eaaa090-573e-41d3-9f8c-c99e236d806a:c3547, 5f4cf9ee-4bed-49de-adaa-861aec894328:c3547]
2019-08-23 02:48:27,404 [grpc-default-executor-2] INFO  client.GrpcClientProtocolClient (GrpcClientProtocolClient.java:onNext(255)) - client-B268B4322F32->17750241-545b-4219-93a1-14a6ea3d85be: receive RaftClientReply:client-B268B4322F32->17750241-545b-4219-93a1-14a6ea3d85be@group-C33FBD9556F2, cid=2381, SUCCESS, logIndex=3549, commits[17750241-545b-4219-93a1-14a6ea3d85be:c3549, 4eaaa090-573e-41d3-9f8c-c99e236d806a:c3547, 5f4cf9ee-4bed-49de-adaa-861aec894328:c3547]
2019-08-23 02:48:27,412 | INFO  | DNAudit | user=null | ip=null | op=WRITE_CHUNK {blockData=conID: 3 locID: 102664012255724101 bcsId: 3549} | ret=SUCCESS |  
2019-08-23 02:48:27,414 | INFO  | DNAudit | user=null | ip=null | op=WRITE_CHUNK {blockData=conID: 3 locID: 102664012255724101 bcsId: 3543} | ret=SUCCESS |  
2019-08-23 02:48:27,414 | INFO  | DNAudit | user=null | ip=null | op=WRITE_CHUNK {blockData=conID: 3 locID: 102664012255724101 bcsId: 3543} | ret=SUCCESS |  
2019-08-23 02:48:27,414 | INFO  | DNAudit | user=null | ip=null | op=PUT_BLOCK {blockData=[blockId=conID: 3 locID: 102664012255724101 bcsId: 0,size=3145728]} | ret=SUCCESS |  
2019-08-23 02:48:27,415 | INFO  | DNAudit | user=null | ip=null | op=WRITE_CHUNK {blockData=conID: 3 locID: 102664012255724101 bcsId: 3549} | ret=SUCCESS |  
2019-08-23 02:48:27,415 | INFO  | DNAudit | user=null | ip=null | op=PUT_BLOCK {blockData=[blockId=conID: 3 locID: 102664012255724101 bcsId: 0,size=3145728]} | ret=SUCCESS |  
2019-08-23 02:48:27,416 | INFO  | DNAudit | user=null | ip=null | op=WRITE_CHUNK {blockData=conID: 3 locID: 102664012255724101 bcsId: 3549} | ret=SUCCESS |  
2019-08-23 02:48:27,428 | INFO  | DNAudit | user=null | ip=null | op=WRITE_CHUNK {blockData=conID: 3 locID: 102664012255724101 bcsId: 3549} | ret=SUCCESS |  
2019-08-23 02:48:27,428 | INFO  | DNAudit | user=null | ip=null | op=PUT_BLOCK {blockData=[blockId=conID: 3 locID: 102664012255724101 bcsId: 0,size=4194304]} | ret=SUCCESS |  
2019-08-23 02:48:27,429 [grpc-default-executor-2] INFO  client.GrpcClientProtocolClient (GrpcClientProtocolClient.java:onNext(255)) - client-B268B4322F32->17750241-545b-4219-93a1-14a6ea3d85be: receive RaftClientReply:client-B268B4322F32->17750241-545b-4219-93a1-14a6ea3d85be@group-C33FBD9556F2, cid=2382, SUCCESS, logIndex=3552, commits[17750241-545b-4219-93a1-14a6ea3d85be:c3553, 4eaaa090-573e-41d3-9f8c-c99e236d806a:c3549, 5f4cf9ee-4bed-49de-adaa-861aec894328:c3549]
2019-08-23 02:48:27,429 [grpc-default-executor-2] INFO  client.GrpcClientProtocolClient (GrpcClientProtocolClient.java:onNext(255)) - client-B268B4322F32->17750241-545b-4219-93a1-14a6ea3d85be: receive RaftClientReply:client-B268B4322F32->17750241-545b-4219-93a1-14a6ea3d85be@group-C33FBD9556F2, cid=2383, SUCCESS, logIndex=3553, commits[17750241-545b-4219-93a1-14a6ea3d85be:c3553, 4eaaa090-573e-41d3-9f8c-c99e236d806a:c3549, 5f4cf9ee-4bed-49de-adaa-861aec894328:c3549]
2019-08-23 02:48:27,440 | INFO  | DNAudit | user=null | ip=null | op=WRITE_CHUNK {blockData=conID: 3 locID: 102664012255724101 bcsId: 3549} | ret=SUCCESS |  
2019-08-23 02:48:27,440 | INFO  | DNAudit | user=null | ip=null | op=PUT_BLOCK {blockData=[blockId=conID: 3 locID: 102664012255724101 bcsId: 0,size=4194304]} | ret=SUCCESS |  
2019-08-23 02:48:27,440 | INFO  | DNAudit | user=null | ip=null | op=WRITE_CHUNK {blockData=conID: 3 locID: 102664012255724101 bcsId: 3549} | ret=SUCCESS |  
2019-08-23 02:48:27,441 | INFO  | DNAudit | user=null | ip=null | op=PUT_BLOCK {blockData=[blockId=conID: 3 locID: 102664012255724101 bcsId: 0,size=4194304]} | ret=SUCCESS |  
2019-08-23 02:48:27,442 [grpc-default-executor-2] INFO  client.GrpcClientProtocolClient (GrpcClientProtocolClient.java:onNext(255)) - client-B268B4322F32->17750241-545b-4219-93a1-14a6ea3d85be: receive RaftClientReply:client-B268B4322F32->17750241-545b-4219-93a1-14a6ea3d85be@group-C33FBD9556F2, cid=2384, SUCCESS, logIndex=0, commits[17750241-545b-4219-93a1-14a6ea3d85be:c3554, 4eaaa090-573e-41d3-9f8c-c99e236d806a:c3553, 5f4cf9ee-4bed-49de-adaa-861aec894328:c3553]
2019-08-23 02:48:27,444 | INFO  | SCMAudit | user=jenkins1000 | ip=192.168.34.22 | op=ALLOCATE_BLOCK {owner=31d65bc3-3f70-45f5-bbc5-e3a15f967ba6, size=4194304, type=RATIS, factor=THREE} | ret=SUCCESS |  
2019-08-23 02:48:27,451 | INFO  | OMAudit | user=jenkins1000 | ip=127.0.0.1 | op=ALLOCATE_BLOCK {volume=vol-0-78052, bucket=bucket-0-33874, key=key-0-20719, dataSize=2147483657, replicationType=RATIS, replicationFactor=THREE, keyLocationInfo=[], clientID=102664010308846034} | ret=SUCCESS |  
2019-08-23 02:48:27,464 | INFO  | DNAudit | user=null | ip=null | op=WRITE_CHUNK {blockData=conID: 1 locID: 102664012263850566 bcsId: 0} | ret=SUCCESS |  
2019-08-23 02:48:27,467 | INFO  | DNAudit | user=null | ip=null | op=WRITE_CHUNK {blockData=conID: 1 locID: 102664012263850566 bcsId: 0} | ret=SUCCESS |  
2019-08-23 02:48:27,467 | INFO  | DNAudit | user=null | ip=null | op=WRITE_CHUNK {blockData=conID: 1 locID: 102664012263850566 bcsId: 0} | ret=SUCCESS |  
2019-08-23 02:48:27,468 | INFO  | DNAudit | user=null | ip=null | op=WRITE_CHUNK {blockData=conID: 1 locID: 102664012263850566 bcsId: 0} | ret=SUCCESS |  
2019-08-23 02:48:27,470 | INFO  | DNAudit | user=null | ip=null | op=WRITE_CHUNK {blockData=conID: 1 locID: 102664012263850566 bcsId: 0} | ret=SUCCESS |  
2019-08-23 02:48:27,471 | INFO  | DNAudit | user=null | ip=null | op=WRITE_CHUNK {blockData=conID: 1 locID: 102664012263850566 bcsId: 0} | ret=SUCCESS |  
2019-08-23 02:48:27,477 | INFO  | DNAudit | user=null | ip=null | op=WRITE_CHUNK {blockData=conID: 1 locID: 102664012263850566 bcsId: 0} | ret=SUCCESS |  
2019-08-23 02:48:27,477 | INFO  | DNAudit | user=null | ip=null | op=PUT_BLOCK {blockData=[blockId=conID: 1 locID: 102664012263850566 bcsId: 0,size=1048576]} | ret=SUCCESS |  
2019-08-23 02:48:27,478 | INFO  | DNAudit | user=null | ip=null | op=WRITE_CHUNK {blockData=conID: 1 locID: 102664012263850566 bcsId: 0} | ret=SUCCESS |  
2019-08-23 02:48:27,478 [grpc-default-executor-2] INFO  client.GrpcClientProtocolClient (GrpcClientProtocolClient.java:onNext(255)) - client-B268B4322F32->17750241-545b-4219-93a1-14a6ea3d85be: receive RaftClientReply:client-B268B4322F32->17750241-545b-4219-93a1-14a6ea3d85be@group-C33FBD9556F2, cid=2385, SUCCESS, logIndex=3556, commits[17750241-545b-4219-93a1-14a6ea3d85be:c3557, 4eaaa090-573e-41d3-9f8c-c99e236d806a:c3555, 5f4cf9ee-4bed-49de-adaa-861aec894328:c3555]
2019-08-23 02:48:27,478 | INFO  | DNAudit | user=null | ip=null | op=PUT_BLOCK {blockData=[blockId=conID: 1 locID: 102664012263850566 bcsId: 0,size=2097152]} | ret=SUCCESS |  
2019-08-23 02:48:27,478 | INFO  | DNAudit | user=null | ip=null | op=WRITE_CHUNK {blockData=conID: 1 locID: 102664012263850566 bcsId: 0} | ret=SUCCESS |  
2019-08-23 02:48:27,479 | INFO  | DNAudit | user=null | ip=null | op=PUT_BLOCK {blockData=[blockId=conID: 1 locID: 102664012263850566 bcsId: 0,size=1048576]} | ret=SUCCESS |  
2019-08-23 02:48:27,479 | INFO  | DNAudit | user=null | ip=null | op=WRITE_CHUNK {blockData=conID: 1 locID: 102664012263850566 bcsId: 0} | ret=SUCCESS |  
2019-08-23 02:48:27,479 | INFO  | DNAudit | user=null | ip=null | op=PUT_BLOCK {blockData=[blockId=conID: 1 locID: 102664012263850566 bcsId: 0,size=1048576]} | ret=SUCCESS |  
2019-08-23 02:48:27,480 | INFO  | DNAudit | user=null | ip=null | op=WRITE_CHUNK {blockData=conID: 1 locID: 102664012263850566 bcsId: 0} | ret=SUCCESS |  
2019-08-23 02:48:27,480 | INFO  | DNAudit | user=null | ip=null | op=PUT_BLOCK {blockData=[blockId=conID: 1 locID: 102664012263850566 bcsId: 0,size=2097152]} | ret=SUCCESS |  
2019-08-23 02:48:27,480 [grpc-default-executor-2] INFO  client.GrpcClientProtocolClient (GrpcClientProtocolClient.java:onNext(255)) - client-B268B4322F32->17750241-545b-4219-93a1-14a6ea3d85be: receive RaftClientReply:client-B268B4322F32->17750241-545b-4219-93a1-14a6ea3d85be@group-C33FBD9556F2, cid=2386, SUCCESS, logIndex=3557, commits[17750241-545b-4219-93a1-14a6ea3d85be:c3559, 4eaaa090-573e-41d3-9f8c-c99e236d806a:c3555, 5f4cf9ee-4bed-49de-adaa-861aec894328:c3555]
2019-08-23 02:48:27,481 | INFO  | DNAudit | user=null | ip=null | op=WRITE_CHUNK {blockData=conID: 1 locID: 102664012263850566 bcsId: 0} | ret=SUCCESS |  
2019-08-23 02:48:27,481 | INFO  | DNAudit | user=null | ip=null | op=PUT_BLOCK {blockData=[blockId=conID: 1 locID: 102664012263850566 bcsId: 0,size=2097152]} | ret=SUCCESS |  
2019-08-23 02:48:27,482 [grpc-default-executor-2] INFO  client.GrpcClientProtocolClient (GrpcClientProtocolClient.java:onNext(255)) - client-B268B4322F32->17750241-545b-4219-93a1-14a6ea3d85be: receive RaftClientReply:client-B268B4322F32->17750241-545b-4219-93a1-14a6ea3d85be@group-C33FBD9556F2, cid=2387, SUCCESS, logIndex=3558, commits[17750241-545b-4219-93a1-14a6ea3d85be:c3559, 4eaaa090-573e-41d3-9f8c-c99e236d806a:c3555, 5f4cf9ee-4bed-49de-adaa-861aec894328:c3555]
2019-08-23 02:48:27,482 [grpc-default-executor-2] INFO  client.GrpcClientProtocolClient (GrpcClientProtocolClient.java:onNext(255)) - client-B268B4322F32->17750241-545b-4219-93a1-14a6ea3d85be: receive RaftClientReply:client-B268B4322F32->17750241-545b-4219-93a1-14a6ea3d85be@group-C33FBD9556F2, cid=2388, SUCCESS, logIndex=3559, commits[17750241-545b-4219-93a1-14a6ea3d85be:c3559, 4eaaa090-573e-41d3-9f8c-c99e236d806a:c3555, 5f4cf9ee-4bed-49de-adaa-861aec894328:c3555]
2019-08-23 02:48:27,483 [grpc-default-executor-2] INFO  client.GrpcClientProtocolClient (GrpcClientProtocolClient.java:onNext(255)) - client-B268B4322F32->17750241-545b-4219-93a1-14a6ea3d85be: receive RaftClientReply:client-B268B4322F32->17750241-545b-4219-93a1-14a6ea3d85be@group-C33FBD9556F2, cid=2389, SUCCESS, logIndex=0, commits[17750241-545b-4219-93a1-14a6ea3d85be:c3563, 4eaaa090-573e-41d3-9f8c-c99e236d806a:c3559, 5f4cf9ee-4bed-49de-adaa-861aec894328:c3559]
2019-08-23 02:48:27,491 | INFO  | DNAudit | user=null | ip=null | op=WRITE_CHUNK {blockData=conID: 1 locID: 102664012263850566 bcsId: 3559} | ret=SUCCESS |  
2019-08-23 02:48:27,494 | INFO  | DNAudit | user=null | ip=null | op=WRITE_CHUNK {blockData=conID: 1 locID: 102664012263850566 bcsId: 3559} | ret=SUCCESS |  
2019-08-23 02:48:27,494 | INFO  | DNAudit | user=null | ip=null | op=WRITE_CHUNK {blockData=conID: 1 locID: 102664012263850566 bcsId: 3559} | ret=SUCCESS |  
2019-08-23 02:48:27,505 | INFO  | DNAudit | user=null | ip=null | op=WRITE_CHUNK {blockData=conID: 1 locID: 102664012263850566 bcsId: 3559} | ret=SUCCESS |  
2019-08-23 02:48:27,506 | INFO  | DNAudit | user=null | ip=null | op=PUT_BLOCK {blockData=[blockId=conID: 1 locID: 102664012263850566 bcsId: 0,size=3145728]} | ret=SUCCESS |  
2019-08-23 02:48:27,506 [grpc-default-executor-1] INFO  client.GrpcClientProtocolClient (GrpcClientProtocolClient.java:onNext(255)) - client-B268B4322F32->17750241-545b-4219-93a1-14a6ea3d85be: receive RaftClientReply:client-B268B4322F32->17750241-545b-4219-93a1-14a6ea3d85be@group-C33FBD9556F2, cid=2390, SUCCESS, logIndex=3564, commits[17750241-545b-4219-93a1-14a6ea3d85be:c3565, 4eaaa090-573e-41d3-9f8c-c99e236d806a:c3563, 5f4cf9ee-4bed-49de-adaa-861aec894328:c3563]
2019-08-23 02:48:27,506 [grpc-default-executor-1] INFO  client.GrpcClientProtocolClient (GrpcClientProtocolClient.java:onNext(255)) - client-B268B4322F32->17750241-545b-4219-93a1-14a6ea3d85be: receive RaftClientReply:client-B268B4322F32->17750241-545b-4219-93a1-14a6ea3d85be@group-C33FBD9556F2, cid=2391, SUCCESS, logIndex=3565, commits[17750241-545b-4219-93a1-14a6ea3d85be:c3565, 4eaaa090-573e-41d3-9f8c-c99e236d806a:c3563, 5f4cf9ee-4bed-49de-adaa-861aec894328:c3563]
2019-08-23 02:48:27,514 | INFO  | DNAudit | user=null | ip=null | op=WRITE_CHUNK {blockData=conID: 1 locID: 102664012263850566 bcsId: 3565} | ret=SUCCESS |  
2019-08-23 02:48:27,517 | INFO  | DNAudit | user=null | ip=null | op=WRITE_CHUNK {blockData=conID: 1 locID: 102664012263850566 bcsId: 3559} | ret=SUCCESS |  
2019-08-23 02:48:27,517 | INFO  | DNAudit | user=null | ip=null | op=WRITE_CHUNK {blockData=conID: 1 locID: 102664012263850566 bcsId: 3559} | ret=SUCCESS |  
2019-08-23 02:48:27,517 | INFO  | DNAudit | user=null | ip=null | op=PUT_BLOCK {blockData=[blockId=conID: 1 locID: 102664012263850566 bcsId: 0,size=3145728]} | ret=SUCCESS |  
2019-08-23 02:48:27,517 | INFO  | DNAudit | user=null | ip=null | op=WRITE_CHUNK {blockData=conID: 1 locID: 102664012263850566 bcsId: 3565} | ret=SUCCESS |  
2019-08-23 02:48:27,518 | INFO  | DNAudit | user=null | ip=null | op=PUT_BLOCK {blockData=[blockId=conID: 1 locID: 102664012263850566 bcsId: 0,size=3145728]} | ret=SUCCESS |  
2019-08-23 02:48:27,518 | INFO  | DNAudit | user=null | ip=null | op=WRITE_CHUNK {blockData=conID: 1 locID: 102664012263850566 bcsId: 3565} | ret=SUCCESS |  
2019-08-23 02:48:27,530 | INFO  | DNAudit | user=null | ip=null | op=WRITE_CHUNK {blockData=conID: 1 locID: 102664012263850566 bcsId: 3565} | ret=SUCCESS |  
2019-08-23 02:48:27,530 | INFO  | DNAudit | user=null | ip=null | op=PUT_BLOCK {blockData=[blockId=conID: 1 locID: 102664012263850566 bcsId: 0,size=4194304]} | ret=SUCCESS |  
2019-08-23 02:48:27,530 [grpc-default-executor-1] INFO  client.GrpcClientProtocolClient (GrpcClientProtocolClient.java:onNext(255)) - client-B268B4322F32->17750241-545b-4219-93a1-14a6ea3d85be: receive RaftClientReply:client-B268B4322F32->17750241-545b-4219-93a1-14a6ea3d85be@group-C33FBD9556F2, cid=2392, SUCCESS, logIndex=3568, commits[17750241-545b-4219-93a1-14a6ea3d85be:c3569, 4eaaa090-573e-41d3-9f8c-c99e236d806a:c3565, 5f4cf9ee-4bed-49de-adaa-861aec894328:c3565]
2019-08-23 02:48:27,531 [grpc-default-executor-1] INFO  client.GrpcClientProtocolClient (GrpcClientProtocolClient.java:onNext(255)) - client-B268B4322F32->17750241-545b-4219-93a1-14a6ea3d85be: receive RaftClientReply:client-B268B4322F32->17750241-545b-4219-93a1-14a6ea3d85be@group-C33FBD9556F2, cid=2393, SUCCESS, logIndex=3569, commits[17750241-545b-4219-93a1-14a6ea3d85be:c3569, 4eaaa090-573e-41d3-9f8c-c99e236d806a:c3565, 5f4cf9ee-4bed-49de-adaa-861aec894328:c3565]
2019-08-23 02:48:27,541 | INFO  | DNAudit | user=null | ip=null | op=WRITE_CHUNK {blockData=conID: 1 locID: 102664012263850566 bcsId: 3565} | ret=SUCCESS |  
2019-08-23 02:48:27,541 | INFO  | DNAudit | user=null | ip=null | op=WRITE_CHUNK {blockData=conID: 1 locID: 102664012263850566 bcsId: 3565} | ret=SUCCESS |  
2019-08-23 02:48:27,542 | INFO  | DNAudit | user=null | ip=null | op=PUT_BLOCK {blockData=[blockId=conID: 1 locID: 102664012263850566 bcsId: 0,size=4194304]} | ret=SUCCESS |  
2019-08-23 02:48:27,542 | INFO  | DNAudit | user=null | ip=null | op=PUT_BLOCK {blockData=[blockId=conID: 1 locID: 102664012263850566 bcsId: 0,size=4194304]} | ret=SUCCESS |  
2019-08-23 02:48:27,543 [grpc-default-executor-1] INFO  client.GrpcClientProtocolClient (GrpcClientProtocolClient.java:onNext(255)) - client-B268B4322F32->17750241-545b-4219-93a1-14a6ea3d85be: receive RaftClientReply:client-B268B4322F32->17750241-545b-4219-93a1-14a6ea3d85be@group-C33FBD9556F2, cid=2394, SUCCESS, logIndex=0, commits[17750241-545b-4219-93a1-14a6ea3d85be:c3570, 4eaaa090-573e-41d3-9f8c-c99e236d806a:c3569, 5f4cf9ee-4bed-49de-adaa-861aec894328:c3569]
2019-08-23 02:48:27,545 | INFO  | SCMAudit | user=jenkins1000 | ip=192.168.34.22 | op=ALLOCATE_BLOCK {owner=31d65bc3-3f70-45f5-bbc5-e3a15f967ba6, size=4194304, type=RATIS, factor=THREE} | ret=SUCCESS |  
2019-08-23 02:48:27,552 | INFO  | OMAudit | user=jenkins1000 | ip=127.0.0.1 | op=ALLOCATE_BLOCK {volume=vol-0-78052, bucket=bucket-0-33874, key=key-0-20719, dataSize=2147483657, replicationType=RATIS, replicationFactor=THREE, keyLocationInfo=[], clientID=102664010308846034} | ret=SUCCESS |  
2019-08-23 02:48:27,565 | INFO  | DNAudit | user=null | ip=null | op=WRITE_CHUNK {blockData=conID: 2 locID: 102664012270469703 bcsId: 0} | ret=SUCCESS |  
2019-08-23 02:48:27,569 | INFO  | DNAudit | user=null | ip=null | op=WRITE_CHUNK {blockData=conID: 2 locID: 102664012270469703 bcsId: 0} | ret=SUCCESS |  
2019-08-23 02:48:27,569 | INFO  | DNAudit | user=null | ip=null | op=WRITE_CHUNK {blockData=conID: 2 locID: 102664012270469703 bcsId: 0} | ret=SUCCESS |  
2019-08-23 02:48:27,570 | INFO  | DNAudit | user=null | ip=null | op=WRITE_CHUNK {blockData=conID: 2 locID: 102664012270469703 bcsId: 0} | ret=SUCCESS |  
2019-08-23 02:48:27,572 | INFO  | DNAudit | user=null | ip=null | op=WRITE_CHUNK {blockData=conID: 2 locID: 102664012270469703 bcsId: 0} | ret=SUCCESS |  
2019-08-23 02:48:27,573 | INFO  | DNAudit | user=null | ip=null | op=WRITE_CHUNK {blockData=conID: 2 locID: 102664012270469703 bcsId: 0} | ret=SUCCESS |  
2019-08-23 02:48:27,579 | INFO  | DNAudit | user=null | ip=null | op=WRITE_CHUNK {blockData=conID: 2 locID: 102664012270469703 bcsId: 0} | ret=SUCCESS |  
2019-08-23 02:48:27,579 | INFO  | DNAudit | user=null | ip=null | op=PUT_BLOCK {blockData=[blockId=conID: 2 locID: 102664012270469703 bcsId: 0,size=1048576]} | ret=SUCCESS |  
2019-08-23 02:48:27,580 [grpc-default-executor-2] INFO  client.GrpcClientProtocolClient (GrpcClientProtocolClient.java:onNext(255)) - client-B268B4322F32->17750241-545b-4219-93a1-14a6ea3d85be: receive RaftClientReply:client-B268B4322F32->17750241-545b-4219-93a1-14a6ea3d85be@group-C33FBD9556F2, cid=2395, SUCCESS, logIndex=3572, commits[17750241-545b-4219-93a1-14a6ea3d85be:c3573, 4eaaa090-573e-41d3-9f8c-c99e236d806a:c3571, 5f4cf9ee-4bed-49de-adaa-861aec894328:c3571]
2019-08-23 02:48:27,580 [grpc-default-executor-2] INFO  client.GrpcClientProtocolClient (GrpcClientProtocolClient.java:onNext(255)) - client-B268B4322F32->17750241-545b-4219-93a1-14a6ea3d85be: receive RaftClientReply:client-B268B4322F32->17750241-545b-4219-93a1-14a6ea3d85be@group-C33FBD9556F2, cid=2396, SUCCESS, logIndex=3573, commits[17750241-545b-4219-93a1-14a6ea3d85be:c3573, 4eaaa090-573e-41d3-9f8c-c99e236d806a:c3571, 5f4cf9ee-4bed-49de-adaa-861aec894328:c3571]
2019-08-23 02:48:27,588 | INFO  | DNAudit | user=null | ip=null | op=WRITE_CHUNK {blockData=conID: 2 locID: 102664012270469703 bcsId: 0} | ret=SUCCESS |  
2019-08-23 02:48:27,589 | INFO  | DNAudit | user=null | ip=null | op=PUT_BLOCK {blockData=[blockId=conID: 2 locID: 102664012270469703 bcsId: 0,size=2097152]} | ret=SUCCESS |  
2019-08-23 02:48:27,589 | INFO  | DNAudit | user=null | ip=null | op=WRITE_CHUNK {blockData=conID: 2 locID: 102664012270469703 bcsId: 0} | ret=SUCCESS |  
2019-08-23 02:48:27,589 | INFO  | DNAudit | user=null | ip=null | op=PUT_BLOCK {blockData=[blockId=conID: 2 locID: 102664012270469703 bcsId: 0,size=1048576]} | ret=SUCCESS |  
2019-08-23 02:48:27,590 [grpc-default-executor-1] INFO  client.GrpcClientProtocolClient (GrpcClientProtocolClient.java:onNext(255)) - client-B268B4322F32->17750241-545b-4219-93a1-14a6ea3d85be: receive RaftClientReply:client-B268B4322F32->17750241-545b-4219-93a1-14a6ea3d85be@group-C33FBD9556F2, cid=2397, SUCCESS, logIndex=3574, commits[17750241-545b-4219-93a1-14a6ea3d85be:c3574, 4eaaa090-573e-41d3-9f8c-c99e236d806a:c3571, 5f4cf9ee-4bed-49de-adaa-861aec894328:c3571]
2019-08-23 02:48:27,590 [grpc-default-executor-1] INFO  client.GrpcClientProtocolClient (GrpcClientProtocolClient.java:onNext(255)) - client-B268B4322F32->17750241-545b-4219-93a1-14a6ea3d85be: receive RaftClientReply:client-B268B4322F32->17750241-545b-4219-93a1-14a6ea3d85be@group-C33FBD9556F2, cid=2398, SUCCESS, logIndex=3575, commits[17750241-545b-4219-93a1-14a6ea3d85be:c3576, 4eaaa090-573e-41d3-9f8c-c99e236d806a:c3571, 5f4cf9ee-4bed-49de-adaa-861aec894328:c3572]
2019-08-23 02:48:27,591 | INFO  | DNAudit | user=null | ip=null | op=WRITE_CHUNK {blockData=conID: 2 locID: 102664012270469703 bcsId: 0} | ret=SUCCESS |  
2019-08-23 02:48:27,591 | INFO  | DNAudit | user=null | ip=null | op=PUT_BLOCK {blockData=[blockId=conID: 2 locID: 102664012270469703 bcsId: 0,size=1048576]} | ret=SUCCESS |  
2019-08-23 02:48:27,592 | INFO  | DNAudit | user=null | ip=null | op=WRITE_CHUNK {blockData=conID: 2 locID: 102664012270469703 bcsId: 0} | ret=SUCCESS |  
2019-08-23 02:48:27,592 [grpc-default-executor-1] INFO  client.GrpcClientProtocolClient (GrpcClientProtocolClient.java:onNext(255)) - client-B268B4322F32->17750241-545b-4219-93a1-14a6ea3d85be: receive RaftClientReply:client-B268B4322F32->17750241-545b-4219-93a1-14a6ea3d85be@group-C33FBD9556F2, cid=2399, SUCCESS, logIndex=0, commits[17750241-545b-4219-93a1-14a6ea3d85be:c3577, 4eaaa090-573e-41d3-9f8c-c99e236d806a:c3573, 5f4cf9ee-4bed-49de-adaa-861aec894328:c3573]
2019-08-23 02:48:27,592 | INFO  | DNAudit | user=null | ip=null | op=WRITE_CHUNK {blockData=conID: 2 locID: 102664012270469703 bcsId: 0} | ret=SUCCESS |  
2019-08-23 02:48:27,593 | INFO  | DNAudit | user=null | ip=null | op=PUT_BLOCK {blockData=[blockId=conID: 2 locID: 102664012270469703 bcsId: 0,size=2097152]} | ret=SUCCESS |  
2019-08-23 02:48:27,593 | INFO  | DNAudit | user=null | ip=null | op=PUT_BLOCK {blockData=[blockId=conID: 2 locID: 102664012270469703 bcsId: 0,size=2097152]} | ret=SUCCESS |  
2019-08-23 02:48:27,600 | INFO  | DNAudit | user=null | ip=null | op=WRITE_CHUNK {blockData=conID: 2 locID: 102664012270469703 bcsId: 3575} | ret=SUCCESS |  
2019-08-23 02:48:27,604 | INFO  | DNAudit | user=null | ip=null | op=WRITE_CHUNK {blockData=conID: 2 locID: 102664012270469703 bcsId: 3575} | ret=SUCCESS |  
2019-08-23 02:48:27,604 | INFO  | DNAudit | user=null | ip=null | op=WRITE_CHUNK {blockData=conID: 2 locID: 102664012270469703 bcsId: 3575} | ret=SUCCESS |  
2019-08-23 02:48:27,616 | INFO  | DNAudit | user=null | ip=null | op=WRITE_CHUNK {blockData=conID: 2 locID: 102664012270469703 bcsId: 3575} | ret=SUCCESS |  
2019-08-23 02:48:27,617 | INFO  | DNAudit | user=null | ip=null | op=PUT_BLOCK {blockData=[blockId=conID: 2 locID: 102664012270469703 bcsId: 0,size=3145728]} | ret=SUCCESS |  
2019-08-23 02:48:27,617 [grpc-default-executor-1] INFO  client.GrpcClientProtocolClient (GrpcClientProtocolClient.java:onNext(255)) - client-B268B4322F32->17750241-545b-4219-93a1-14a6ea3d85be: receive RaftClientReply:client-B268B4322F32->17750241-545b-4219-93a1-14a6ea3d85be@group-C33FBD9556F2, cid=2400, SUCCESS, logIndex=3580, commits[17750241-545b-4219-93a1-14a6ea3d85be:c3581, 4eaaa090-573e-41d3-9f8c-c99e236d806a:c3579, 5f4cf9ee-4bed-49de-adaa-861aec894328:c3579]
2019-08-23 02:48:27,618 [grpc-default-executor-1] INFO  client.GrpcClientProtocolClient (GrpcClientProtocolClient.java:onNext(255)) - client-B268B4322F32->17750241-545b-4219-93a1-14a6ea3d85be: receive RaftClientReply:client-B268B4322F32->17750241-545b-4219-93a1-14a6ea3d85be@group-C33FBD9556F2, cid=2401, SUCCESS, logIndex=3581, commits[17750241-545b-4219-93a1-14a6ea3d85be:c3581, 4eaaa090-573e-41d3-9f8c-c99e236d806a:c3579, 5f4cf9ee-4bed-49de-adaa-861aec894328:c3579]
2019-08-23 02:48:27,626 | INFO  | DNAudit | user=null | ip=null | op=WRITE_CHUNK {blockData=conID: 2 locID: 102664012270469703 bcsId: 3581} | ret=SUCCESS |  
2019-08-23 02:48:27,628 | INFO  | DNAudit | user=null | ip=null | op=WRITE_CHUNK {blockData=conID: 2 locID: 102664012270469703 bcsId: 3575} | ret=SUCCESS |  
2019-08-23 02:48:27,628 | INFO  | DNAudit | user=null | ip=null | op=WRITE_CHUNK {blockData=conID: 2 locID: 102664012270469703 bcsId: 3575} | ret=SUCCESS |  
2019-08-23 02:48:27,629 | INFO  | DNAudit | user=null | ip=null | op=WRITE_CHUNK {blockData=conID: 2 locID: 102664012270469703 bcsId: 3581} | ret=SUCCESS |  
2019-08-23 02:48:27,629 | INFO  | DNAudit | user=null | ip=null | op=WRITE_CHUNK {blockData=conID: 2 locID: 102664012270469703 bcsId: 3581} | ret=SUCCESS |  
2019-08-23 02:48:27,641 | INFO  | DNAudit | user=null | ip=null | op=PUT_BLOCK {blockData=[blockId=conID: 2 locID: 102664012270469703 bcsId: 0,size=3145728]} | ret=SUCCESS |  
2019-08-23 02:48:27,641 | INFO  | DNAudit | user=null | ip=null | op=PUT_BLOCK {blockData=[blockId=conID: 2 locID: 102664012270469703 bcsId: 0,size=3145728]} | ret=SUCCESS |  
2019-08-23 02:48:27,642 | INFO  | DNAudit | user=null | ip=null | op=WRITE_CHUNK {blockData=conID: 2 locID: 102664012270469703 bcsId: 3581} | ret=SUCCESS |  
2019-08-23 02:48:27,642 | INFO  | DNAudit | user=null | ip=null | op=PUT_BLOCK {blockData=[blockId=conID: 2 locID: 102664012270469703 bcsId: 0,size=4194304]} | ret=SUCCESS |  
2019-08-23 02:48:27,642 [grpc-default-executor-5] INFO  client.GrpcClientProtocolClient (GrpcClientProtocolClient.java:onNext(255)) - client-B268B4322F32->17750241-545b-4219-93a1-14a6ea3d85be: receive RaftClientReply:client-B268B4322F32->17750241-545b-4219-93a1-14a6ea3d85be@group-C33FBD9556F2, cid=2402, SUCCESS, logIndex=3584, commits[17750241-545b-4219-93a1-14a6ea3d85be:c3585, 4eaaa090-573e-41d3-9f8c-c99e236d806a:c3580, 5f4cf9ee-4bed-49de-adaa-861aec894328:c3581]
2019-08-23 02:48:27,908 [grpc-default-executor-5] INFO  client.GrpcClientProtocolClient (GrpcClientProtocolClient.java:onNext(255)) - client-B268B4322F32->17750241-545b-4219-93a1-14a6ea3d85be: receive RaftClientReply:client-B268B4322F32->17750241-545b-4219-93a1-14a6ea3d85be@group-C33FBD9556F2, cid=2403, SUCCESS, logIndex=3585, commits[17750241-545b-4219-93a1-14a6ea3d85be:c3585, 4eaaa090-573e-41d3-9f8c-c99e236d806a:c3581, 5f4cf9ee-4bed-49de-adaa-861aec894328:c3581]
2019-08-23 02:48:27,909 | INFO  | DNAudit | user=null | ip=null | op=WRITE_CHUNK {blockData=conID: 2 locID: 102664012270469703 bcsId: 3581} | ret=SUCCESS |  
2019-08-23 02:48:27,909 | INFO  | DNAudit | user=null | ip=null | op=WRITE_CHUNK {blockData=conID: 2 locID: 102664012270469703 bcsId: 3581} | ret=SUCCESS |  
2019-08-23 02:48:27,920 | INFO  | DNAudit | user=null | ip=null | op=PUT_BLOCK {blockData=[blockId=conID: 2 locID: 102664012270469703 bcsId: 0,size=4194304]} | ret=SUCCESS |  
2019-08-23 02:48:27,920 | INFO  | DNAudit | user=null | ip=null | op=PUT_BLOCK {blockData=[blockId=conID: 2 locID: 102664012270469703 bcsId: 0,size=4194304]} | ret=SUCCESS |  
2019-08-23 02:48:27,921 [grpc-default-executor-5] INFO  client.GrpcClientProtocolClient (GrpcClientProtocolClient.java:onNext(255)) - client-B268B4322F32->17750241-545b-4219-93a1-14a6ea3d85be: receive RaftClientReply:client-B268B4322F32->17750241-545b-4219-93a1-14a6ea3d85be@group-C33FBD9556F2, cid=2404, SUCCESS, logIndex=0, commits[17750241-545b-4219-93a1-14a6ea3d85be:c3587, 4eaaa090-573e-41d3-9f8c-c99e236d806a:c3585, 5f4cf9ee-4bed-49de-adaa-861aec894328:c3585]
2019-08-23 02:48:27,924 | INFO  | SCMAudit | user=jenkins1000 | ip=192.168.34.22 | op=ALLOCATE_BLOCK {owner=31d65bc3-3f70-45f5-bbc5-e3a15f967ba6, size=4194304, type=RATIS, factor=THREE} | ret=SUCCESS |  
2019-08-23 02:48:27,928 | INFO  | OMAudit | user=jenkins1000 | ip=127.0.0.1 | op=ALLOCATE_BLOCK {volume=vol-0-78052, bucket=bucket-0-33874, key=key-0-20719, dataSize=2147483657, replicationType=RATIS, replicationFactor=THREE, keyLocationInfo=[], clientID=102664010308846034} | ret=SUCCESS |  
2019-08-23 02:48:27,942 | INFO  | DNAudit | user=null | ip=null | op=WRITE_CHUNK {blockData=conID: 3 locID: 102664012295307848 bcsId: 0} | ret=SUCCESS |  
2019-08-23 02:48:27,944 | INFO  | DNAudit | user=null | ip=null | op=WRITE_CHUNK {blockData=conID: 3 locID: 102664012295307848 bcsId: 0} | ret=SUCCESS |  
2019-08-23 02:48:27,947 | INFO  | DNAudit | user=null | ip=null | op=WRITE_CHUNK {blockData=conID: 3 locID: 102664012295307848 bcsId: 0} | ret=SUCCESS |  
2019-08-23 02:48:27,947 | INFO  | DNAudit | user=null | ip=null | op=WRITE_CHUNK {blockData=conID: 3 locID: 102664012295307848 bcsId: 0} | ret=SUCCESS |  
2019-08-23 02:48:27,949 | INFO  | DNAudit | user=null | ip=null | op=WRITE_CHUNK {blockData=conID: 3 locID: 102664012295307848 bcsId: 0} | ret=SUCCESS |  
2019-08-23 02:48:27,950 | INFO  | DNAudit | user=null | ip=null | op=WRITE_CHUNK {blockData=conID: 3 locID: 102664012295307848 bcsId: 0} | ret=SUCCESS |  
2019-08-23 02:48:27,956 | INFO  | DNAudit | user=null | ip=null | op=WRITE_CHUNK {blockData=conID: 3 locID: 102664012295307848 bcsId: 0} | ret=SUCCESS |  
2019-08-23 02:48:27,957 | INFO  | DNAudit | user=null | ip=null | op=PUT_BLOCK {blockData=[blockId=conID: 3 locID: 102664012295307848 bcsId: 0,size=1048576]} | ret=SUCCESS |  
2019-08-23 02:48:27,958 | INFO  | DNAudit | user=null | ip=null | op=WRITE_CHUNK {blockData=conID: 3 locID: 102664012295307848 bcsId: 0} | ret=SUCCESS |  
2019-08-23 02:48:27,958 [grpc-default-executor-6] INFO  client.GrpcClientProtocolClient (GrpcClientProtocolClient.java:onNext(255)) - client-B268B4322F32->17750241-545b-4219-93a1-14a6ea3d85be: receive RaftClientReply:client-B268B4322F32->17750241-545b-4219-93a1-14a6ea3d85be@group-C33FBD9556F2, cid=2405, SUCCESS, logIndex=3588, commits[17750241-545b-4219-93a1-14a6ea3d85be:c3589, 4eaaa090-573e-41d3-9f8c-c99e236d806a:c3587, 5f4cf9ee-4bed-49de-adaa-861aec894328:c3587]
2019-08-23 02:48:27,958 | INFO  | DNAudit | user=null | ip=null | op=PUT_BLOCK {blockData=[blockId=conID: 3 locID: 102664012295307848 bcsId: 0,size=2097152]} | ret=SUCCESS |  
2019-08-23 02:48:27,959 [grpc-default-executor-6] INFO  client.GrpcClientProtocolClient (GrpcClientProtocolClient.java:onNext(255)) - client-B268B4322F32->17750241-545b-4219-93a1-14a6ea3d85be: receive RaftClientReply:client-B268B4322F32->17750241-545b-4219-93a1-14a6ea3d85be@group-C33FBD9556F2, cid=2406, SUCCESS, logIndex=3589, commits[17750241-545b-4219-93a1-14a6ea3d85be:c3591, 4eaaa090-573e-41d3-9f8c-c99e236d806a:c3587, 5f4cf9ee-4bed-49de-adaa-861aec894328:c3587]
2019-08-23 02:48:27,959 [grpc-default-executor-6] INFO  client.GrpcClientProtocolClient (GrpcClientProtocolClient.java:onNext(255)) - client-B268B4322F32->17750241-545b-4219-93a1-14a6ea3d85be: receive RaftClientReply:client-B268B4322F32->17750241-545b-4219-93a1-14a6ea3d85be@group-C33FBD9556F2, cid=2407, SUCCESS, logIndex=3590, commits[17750241-545b-4219-93a1-14a6ea3d85be:c3591, 4eaaa090-573e-41d3-9f8c-c99e236d806a:c3587, 5f4cf9ee-4bed-49de-adaa-861aec894328:c3587]
2019-08-23 02:48:27,959 [grpc-default-executor-6] INFO  client.GrpcClientProtocolClient (GrpcClientProtocolClient.java:onNext(255)) - client-B268B4322F32->17750241-545b-4219-93a1-14a6ea3d85be: receive RaftClientReply:client-B268B4322F32->17750241-545b-4219-93a1-14a6ea3d85be@group-C33FBD9556F2, cid=2408, SUCCESS, logIndex=3591, commits[17750241-545b-4219-93a1-14a6ea3d85be:c3591, 4eaaa090-573e-41d3-9f8c-c99e236d806a:c3587, 5f4cf9ee-4bed-49de-adaa-861aec894328:c3587]
2019-08-23 02:48:27,960 | INFO  | DNAudit | user=null | ip=null | op=WRITE_CHUNK {blockData=conID: 3 locID: 102664012295307848 bcsId: 0} | ret=SUCCESS |  
2019-08-23 02:48:27,960 | INFO  | DNAudit | user=null | ip=null | op=WRITE_CHUNK {blockData=conID: 3 locID: 102664012295307848 bcsId: 0} | ret=SUCCESS |  
2019-08-23 02:48:27,960 | INFO  | DNAudit | user=null | ip=null | op=PUT_BLOCK {blockData=[blockId=conID: 3 locID: 102664012295307848 bcsId: 0,size=1048576]} | ret=SUCCESS |  
2019-08-23 02:48:27,960 | INFO  | DNAudit | user=null | ip=null | op=PUT_BLOCK {blockData=[blockId=conID: 3 locID: 102664012295307848 bcsId: 0,size=1048576]} | ret=SUCCESS |  
2019-08-23 02:48:27,960 [grpc-default-executor-6] INFO  client.GrpcClientProtocolClient (GrpcClientProtocolClient.java:onNext(255)) - client-B268B4322F32->17750241-545b-4219-93a1-14a6ea3d85be: receive RaftClientReply:client-B268B4322F32->17750241-545b-4219-93a1-14a6ea3d85be@group-C33FBD9556F2, cid=2409, SUCCESS, logIndex=0, commits[17750241-545b-4219-93a1-14a6ea3d85be:c3592, 4eaaa090-573e-41d3-9f8c-c99e236d806a:c3589, 5f4cf9ee-4bed-49de-adaa-861aec894328:c3589]
2019-08-23 02:48:27,970 | INFO  | DNAudit | user=null | ip=null | op=WRITE_CHUNK {blockData=conID: 3 locID: 102664012295307848 bcsId: 3591} | ret=SUCCESS |  
2019-08-23 02:48:27,972 | INFO  | DNAudit | user=null | ip=null | op=WRITE_CHUNK {blockData=conID: 3 locID: 102664012295307848 bcsId: 0} | ret=SUCCESS |  
2019-08-23 02:48:27,972 | INFO  | DNAudit | user=null | ip=null | op=WRITE_CHUNK {blockData=conID: 3 locID: 102664012295307848 bcsId: 0} | ret=SUCCESS |  
2019-08-23 02:48:27,972 | INFO  | DNAudit | user=null | ip=null | op=PUT_BLOCK {blockData=[blockId=conID: 3 locID: 102664012295307848 bcsId: 0,size=2097152]} | ret=SUCCESS |  
2019-08-23 02:48:27,972 | INFO  | DNAudit | user=null | ip=null | op=PUT_BLOCK {blockData=[blockId=conID: 3 locID: 102664012295307848 bcsId: 0,size=2097152]} | ret=SUCCESS |  
2019-08-23 02:48:27,973 | INFO  | DNAudit | user=null | ip=null | op=WRITE_CHUNK {blockData=conID: 3 locID: 102664012295307848 bcsId: 3591} | ret=SUCCESS |  
2019-08-23 02:48:27,974 | INFO  | DNAudit | user=null | ip=null | op=WRITE_CHUNK {blockData=conID: 3 locID: 102664012295307848 bcsId: 3591} | ret=SUCCESS |  
2019-08-23 02:48:27,986 | INFO  | DNAudit | user=null | ip=null | op=WRITE_CHUNK {blockData=conID: 3 locID: 102664012295307848 bcsId: 3591} | ret=SUCCESS |  
2019-08-23 02:48:27,987 | INFO  | DNAudit | user=null | ip=null | op=PUT_BLOCK {blockData=[blockId=conID: 3 locID: 102664012295307848 bcsId: 0,size=3145728]} | ret=SUCCESS |  
2019-08-23 02:48:27,987 [grpc-default-executor-2] INFO  client.GrpcClientProtocolClient (GrpcClientProtocolClient.java:onNext(255)) - client-B268B4322F32->17750241-545b-4219-93a1-14a6ea3d85be: receive RaftClientReply:client-B268B4322F32->17750241-545b-4219-93a1-14a6ea3d85be@group-C33FBD9556F2, cid=2410, SUCCESS, logIndex=3596, commits[17750241-545b-4219-93a1-14a6ea3d85be:c3597, 4eaaa090-573e-41d3-9f8c-c99e236d806a:c3592, 5f4cf9ee-4bed-49de-adaa-861aec894328:c3592]
2019-08-23 02:48:27,987 [grpc-default-executor-2] INFO  client.GrpcClientProtocolClient (GrpcClientProtocolClient.java:onNext(255)) - client-B268B4322F32->17750241-545b-4219-93a1-14a6ea3d85be: receive RaftClientReply:client-B268B4322F32->17750241-545b-4219-93a1-14a6ea3d85be@group-C33FBD9556F2, cid=2411, SUCCESS, logIndex=3597, commits[17750241-545b-4219-93a1-14a6ea3d85be:c3597, 4eaaa090-573e-41d3-9f8c-c99e236d806a:c3592, 5f4cf9ee-4bed-49de-adaa-861aec894328:c3592]
2019-08-23 02:48:27,989 | INFO  | DNAudit | user=null | ip=null | op=WRITE_CHUNK {blockData=conID: 3 locID: 102664012295307848 bcsId: 3591} | ret=SUCCESS |  
2019-08-23 02:48:27,989 | INFO  | DNAudit | user=null | ip=null | op=WRITE_CHUNK {blockData=conID: 3 locID: 102664012295307848 bcsId: 3591} | ret=SUCCESS |  
2019-08-23 02:48:27,989 | INFO  | DNAudit | user=null | ip=null | op=PUT_BLOCK {blockData=[blockId=conID: 3 locID: 102664012295307848 bcsId: 0,size=3145728]} | ret=SUCCESS |  
2019-08-23 02:48:27,989 | INFO  | DNAudit | user=null | ip=null | op=PUT_BLOCK {blockData=[blockId=conID: 3 locID: 102664012295307848 bcsId: 0,size=3145728]} | ret=SUCCESS |  
2019-08-23 02:48:27,996 | INFO  | DNAudit | user=null | ip=null | op=WRITE_CHUNK {blockData=conID: 3 locID: 102664012295307848 bcsId: 3597} | ret=SUCCESS |  
2019-08-23 02:48:27,998 | INFO  | DNAudit | user=null | ip=null | op=WRITE_CHUNK {blockData=conID: 3 locID: 102664012295307848 bcsId: 3597} | ret=SUCCESS |  
2019-08-23 02:48:27,998 | INFO  | DNAudit | user=null | ip=null | op=WRITE_CHUNK {blockData=conID: 3 locID: 102664012295307848 bcsId: 3597} | ret=SUCCESS |  
2019-08-23 02:48:28,004 | INFO  | DNAudit | user=null | ip=null | op=WRITE_CHUNK {blockData=conID: 3 locID: 102664012295307848 bcsId: 3597} | ret=SUCCESS |  
2019-08-23 02:48:28,004 | INFO  | DNAudit | user=null | ip=null | op=PUT_BLOCK {blockData=[blockId=conID: 3 locID: 102664012295307848 bcsId: 0,size=4194304]} | ret=SUCCESS |  
2019-08-23 02:48:28,005 [grpc-default-executor-2] INFO  client.GrpcClientProtocolClient (GrpcClientProtocolClient.java:onNext(255)) - client-B268B4322F32->17750241-545b-4219-93a1-14a6ea3d85be: receive RaftClientReply:client-B268B4322F32->17750241-545b-4219-93a1-14a6ea3d85be@group-C33FBD9556F2, cid=2412, SUCCESS, logIndex=3600, commits[17750241-545b-4219-93a1-14a6ea3d85be:c3601, 4eaaa090-573e-41d3-9f8c-c99e236d806a:c3598, 5f4cf9ee-4bed-49de-adaa-861aec894328:c3598]
2019-08-23 02:48:28,005 [grpc-default-executor-2] INFO  client.GrpcClientProtocolClient (GrpcClientProtocolClient.java:onNext(255)) - client-B268B4322F32->17750241-545b-4219-93a1-14a6ea3d85be: receive RaftClientReply:client-B268B4322F32->17750241-545b-4219-93a1-14a6ea3d85be@group-C33FBD9556F2, cid=2413, SUCCESS, logIndex=3601, commits[17750241-545b-4219-93a1-14a6ea3d85be:c3601, 4eaaa090-573e-41d3-9f8c-c99e236d806a:c3598, 5f4cf9ee-4bed-49de-adaa-861aec894328:c3598]
2019-08-23 02:48:28,015 | INFO  | DNAudit | user=null | ip=null | op=WRITE_CHUNK {blockData=conID: 3 locID: 102664012295307848 bcsId: 3597} | ret=SUCCESS |  
2019-08-23 02:48:28,015 | INFO  | DNAudit | user=null | ip=null | op=WRITE_CHUNK {blockData=conID: 3 locID: 102664012295307848 bcsId: 3597} | ret=SUCCESS |  
2019-08-23 02:48:28,018 | INFO  | DNAudit | user=null | ip=null | op=PUT_BLOCK {blockData=[blockId=conID: 3 locID: 102664012295307848 bcsId: 0,size=4194304]} | ret=SUCCESS |  
2019-08-23 02:48:28,018 | INFO  | DNAudit | user=null | ip=null | op=PUT_BLOCK {blockData=[blockId=conID: 3 locID: 102664012295307848 bcsId: 0,size=4194304]} | ret=SUCCESS |  
2019-08-23 02:48:28,018 [grpc-default-executor-1] INFO  client.GrpcClientProtocolClient (GrpcClientProtocolClient.java:onNext(255)) - client-B268B4322F32->17750241-545b-4219-93a1-14a6ea3d85be: receive RaftClientReply:client-B268B4322F32->17750241-545b-4219-93a1-14a6ea3d85be@group-C33FBD9556F2, cid=2414, SUCCESS, logIndex=0, commits[17750241-545b-4219-93a1-14a6ea3d85be:c3603, 4eaaa090-573e-41d3-9f8c-c99e236d806a:c3601, 5f4cf9ee-4bed-49de-adaa-861aec894328:c3601]
2019-08-23 02:48:28,020 | INFO  | SCMAudit | user=jenkins1000 | ip=192.168.34.22 | op=ALLOCATE_BLOCK {owner=31d65bc3-3f70-45f5-bbc5-e3a15f967ba6, size=4194304, type=RATIS, factor=THREE} | ret=SUCCESS |  
2019-08-23 02:48:28,027 | INFO  | OMAudit | user=jenkins1000 | ip=127.0.0.1 | op=ALLOCATE_BLOCK {volume=vol-0-78052, bucket=bucket-0-33874, key=key-0-20719, dataSize=2147483657, replicationType=RATIS, replicationFactor=THREE, keyLocationInfo=[], clientID=102664010308846034} | ret=SUCCESS |  
2019-08-23 02:48:28,038 | INFO  | DNAudit | user=null | ip=null | op=WRITE_CHUNK {blockData=conID: 1 locID: 102664012301599305 bcsId: 0} | ret=SUCCESS |  
2019-08-23 02:48:28,040 | INFO  | DNAudit | user=null | ip=null | op=WRITE_CHUNK {blockData=conID: 1 locID: 102664012301599305 bcsId: 0} | ret=SUCCESS |  
2019-08-23 02:48:28,041 | INFO  | DNAudit | user=null | ip=null | op=WRITE_CHUNK {blockData=conID: 1 locID: 102664012301599305 bcsId: 0} | ret=SUCCESS |  
2019-08-23 02:48:28,042 | INFO  | DNAudit | user=null | ip=null | op=WRITE_CHUNK {blockData=conID: 1 locID: 102664012301599305 bcsId: 0} | ret=SUCCESS |  
2019-08-23 02:48:28,043 | INFO  | DNAudit | user=null | ip=null | op=WRITE_CHUNK {blockData=conID: 1 locID: 102664012301599305 bcsId: 0} | ret=SUCCESS |  
2019-08-23 02:48:28,044 | INFO  | DNAudit | user=null | ip=null | op=WRITE_CHUNK {blockData=conID: 1 locID: 102664012301599305 bcsId: 0} | ret=SUCCESS |  
2019-08-23 02:48:28,055 | INFO  | DNAudit | user=null | ip=null | op=WRITE_CHUNK {blockData=conID: 1 locID: 102664012301599305 bcsId: 0} | ret=SUCCESS |  
2019-08-23 02:48:28,055 | INFO  | DNAudit | user=null | ip=null | op=PUT_BLOCK {blockData=[blockId=conID: 1 locID: 102664012301599305 bcsId: 0,size=1048576]} | ret=SUCCESS |  
2019-08-23 02:48:28,056 | INFO  | DNAudit | user=null | ip=null | op=WRITE_CHUNK {blockData=conID: 1 locID: 102664012301599305 bcsId: 0} | ret=SUCCESS |  
2019-08-23 02:48:28,056 [grpc-default-executor-2] INFO  client.GrpcClientProtocolClient (GrpcClientProtocolClient.java:onNext(255)) - client-B268B4322F32->17750241-545b-4219-93a1-14a6ea3d85be: receive RaftClientReply:client-B268B4322F32->17750241-545b-4219-93a1-14a6ea3d85be@group-C33FBD9556F2, cid=2415, SUCCESS, logIndex=3604, commits[17750241-545b-4219-93a1-14a6ea3d85be:c3605, 4eaaa090-573e-41d3-9f8c-c99e236d806a:c3603, 5f4cf9ee-4bed-49de-adaa-861aec894328:c3603]
2019-08-23 02:48:28,056 | INFO  | DNAudit | user=null | ip=null | op=PUT_BLOCK {blockData=[blockId=conID: 1 locID: 102664012301599305 bcsId: 0,size=2097152]} | ret=SUCCESS |  
2019-08-23 02:48:28,056 | INFO  | DNAudit | user=null | ip=null | op=WRITE_CHUNK {blockData=conID: 1 locID: 102664012301599305 bcsId: 0} | ret=SUCCESS |  
2019-08-23 02:48:28,056 [grpc-default-executor-2] INFO  client.GrpcClientProtocolClient (GrpcClientProtocolClient.java:onNext(255)) - client-B268B4322F32->17750241-545b-4219-93a1-14a6ea3d85be: receive RaftClientReply:client-B268B4322F32->17750241-545b-4219-93a1-14a6ea3d85be@group-C33FBD9556F2, cid=2416, SUCCESS, logIndex=3605, commits[17750241-545b-4219-93a1-14a6ea3d85be:c3607, 4eaaa090-573e-41d3-9f8c-c99e236d806a:c3603, 5f4cf9ee-4bed-49de-adaa-861aec894328:c3603]
2019-08-23 02:48:28,057 | INFO  | DNAudit | user=null | ip=null | op=PUT_BLOCK {blockData=[blockId=conID: 1 locID: 102664012301599305 bcsId: 0,size=1048576]} | ret=SUCCESS |  
2019-08-23 02:48:28,057 [grpc-default-executor-2] INFO  client.GrpcClientProtocolClient (GrpcClientProtocolClient.java:onNext(255)) - client-B268B4322F32->17750241-545b-4219-93a1-14a6ea3d85be: receive RaftClientReply:client-B268B4322F32->17750241-545b-4219-93a1-14a6ea3d85be@group-C33FBD9556F2, cid=2417, SUCCESS, logIndex=3606, commits[17750241-545b-4219-93a1-14a6ea3d85be:c3607, 4eaaa090-573e-41d3-9f8c-c99e236d806a:c3603, 5f4cf9ee-4bed-49de-adaa-861aec894328:c3603]
2019-08-23 02:48:28,057 [grpc-default-executor-2] INFO  client.GrpcClientProtocolClient (GrpcClientProtocolClient.java:onNext(255)) - client-B268B4322F32->17750241-545b-4219-93a1-14a6ea3d85be: receive RaftClientReply:client-B268B4322F32->17750241-545b-4219-93a1-14a6ea3d85be@group-C33FBD9556F2, cid=2418, SUCCESS, logIndex=3607, commits[17750241-545b-4219-93a1-14a6ea3d85be:c3608, 4eaaa090-573e-41d3-9f8c-c99e236d806a:c3603, 5f4cf9ee-4bed-49de-adaa-861aec894328:c3605]
2019-08-23 02:48:28,067 | INFO  | DNAudit | user=null | ip=null | op=WRITE_CHUNK {blockData=conID: 1 locID: 102664012301599305 bcsId: 0} | ret=SUCCESS |  
2019-08-23 02:48:28,067 | INFO  | DNAudit | user=null | ip=null | op=PUT_BLOCK {blockData=[blockId=conID: 1 locID: 102664012301599305 bcsId: 0,size=1048576]} | ret=SUCCESS |  
2019-08-23 02:48:28,068 [grpc-default-executor-2] INFO  client.GrpcClientProtocolClient (GrpcClientProtocolClient.java:onNext(255)) - client-B268B4322F32->17750241-545b-4219-93a1-14a6ea3d85be: receive RaftClientReply:client-B268B4322F32->17750241-545b-4219-93a1-14a6ea3d85be@group-C33FBD9556F2, cid=2419, SUCCESS, logIndex=0, commits[17750241-545b-4219-93a1-14a6ea3d85be:c3608, 4eaaa090-573e-41d3-9f8c-c99e236d806a:c3605, 5f4cf9ee-4bed-49de-adaa-861aec894328:c3605]
2019-08-23 02:48:28,068 | INFO  | DNAudit | user=null | ip=null | op=WRITE_CHUNK {blockData=conID: 1 locID: 102664012301599305 bcsId: 0} | ret=SUCCESS |  
2019-08-23 02:48:28,068 | INFO  | DNAudit | user=null | ip=null | op=WRITE_CHUNK {blockData=conID: 1 locID: 102664012301599305 bcsId: 0} | ret=SUCCESS |  
2019-08-23 02:48:28,068 | INFO  | DNAudit | user=null | ip=null | op=PUT_BLOCK {blockData=[blockId=conID: 1 locID: 102664012301599305 bcsId: 0,size=2097152]} | ret=SUCCESS |  
2019-08-23 02:48:28,069 | INFO  | DNAudit | user=null | ip=null | op=PUT_BLOCK {blockData=[blockId=conID: 1 locID: 102664012301599305 bcsId: 0,size=2097152]} | ret=SUCCESS |  
2019-08-23 02:48:28,075 | INFO  | DNAudit | user=null | ip=null | op=WRITE_CHUNK {blockData=conID: 1 locID: 102664012301599305 bcsId: 3607} | ret=SUCCESS |  
2019-08-23 02:48:28,077 | INFO  | DNAudit | user=null | ip=null | op=WRITE_CHUNK {blockData=conID: 1 locID: 102664012301599305 bcsId: 3607} | ret=SUCCESS |  
2019-08-23 02:48:28,077 | INFO  | DNAudit | user=null | ip=null | op=WRITE_CHUNK {blockData=conID: 1 locID: 102664012301599305 bcsId: 3607} | ret=SUCCESS |  
2019-08-23 02:48:28,089 | INFO  | DNAudit | user=null | ip=null | op=WRITE_CHUNK {blockData=conID: 1 locID: 102664012301599305 bcsId: 3607} | ret=SUCCESS |  
2019-08-23 02:48:28,089 | INFO  | DNAudit | user=null | ip=null | op=PUT_BLOCK {blockData=[blockId=conID: 1 locID: 102664012301599305 bcsId: 0,size=3145728]} | ret=SUCCESS |  
2019-08-23 02:48:28,090 [grpc-default-executor-5] INFO  client.GrpcClientProtocolClient (GrpcClientProtocolClient.java:onNext(255)) - client-B268B4322F32->17750241-545b-4219-93a1-14a6ea3d85be: receive RaftClientReply:client-B268B4322F32->17750241-545b-4219-93a1-14a6ea3d85be@group-C33FBD9556F2, cid=2420, SUCCESS, logIndex=3611, commits[17750241-545b-4219-93a1-14a6ea3d85be:c3611, 4eaaa090-573e-41d3-9f8c-c99e236d806a:c3610, 5f4cf9ee-4bed-49de-adaa-861aec894328:c3610]
2019-08-23 02:48:28,090 [grpc-default-executor-5] INFO  client.GrpcClientProtocolClient (GrpcClientProtocolClient.java:onNext(255)) - client-B268B4322F32->17750241-545b-4219-93a1-14a6ea3d85be: receive RaftClientReply:client-B268B4322F32->17750241-545b-4219-93a1-14a6ea3d85be@group-C33FBD9556F2, cid=2421, SUCCESS, logIndex=3612, commits[17750241-545b-4219-93a1-14a6ea3d85be:c3612, 4eaaa090-573e-41d3-9f8c-c99e236d806a:c3610, 5f4cf9ee-4bed-49de-adaa-861aec894328:c3610]
2019-08-23 02:48:28,097 | INFO  | DNAudit | user=null | ip=null | op=WRITE_CHUNK {blockData=conID: 1 locID: 102664012301599305 bcsId: 3612} | ret=SUCCESS |  
2019-08-23 02:48:28,099 | INFO  | DNAudit | user=null | ip=null | op=WRITE_CHUNK {blockData=conID: 1 locID: 102664012301599305 bcsId: 3612} | ret=SUCCESS |  
2019-08-23 02:48:28,099 | INFO  | DNAudit | user=null | ip=null | op=WRITE_CHUNK {blockData=conID: 1 locID: 102664012301599305 bcsId: 3612} | ret=SUCCESS |  
2019-08-23 02:48:28,101 | INFO  | DNAudit | user=null | ip=null | op=WRITE_CHUNK {blockData=conID: 1 locID: 102664012301599305 bcsId: 3607} | ret=SUCCESS |  
2019-08-23 02:48:28,101 | INFO  | DNAudit | user=null | ip=null | op=WRITE_CHUNK {blockData=conID: 1 locID: 102664012301599305 bcsId: 3607} | ret=SUCCESS |  
2019-08-23 02:48:28,104 | INFO  | DNAudit | user=null | ip=null | op=PUT_BLOCK {blockData=[blockId=conID: 1 locID: 102664012301599305 bcsId: 0,size=3145728]} | ret=SUCCESS |  
2019-08-23 02:48:28,104 | INFO  | DNAudit | user=null | ip=null | op=PUT_BLOCK {blockData=[blockId=conID: 1 locID: 102664012301599305 bcsId: 0,size=3145728]} | ret=SUCCESS |  
2019-08-23 02:48:28,105 | INFO  | DNAudit | user=null | ip=null | op=WRITE_CHUNK {blockData=conID: 1 locID: 102664012301599305 bcsId: 3612} | ret=SUCCESS |  
2019-08-23 02:48:28,105 | INFO  | DNAudit | user=null | ip=null | op=PUT_BLOCK {blockData=[blockId=conID: 1 locID: 102664012301599305 bcsId: 0,size=4194304]} | ret=SUCCESS |  
2019-08-23 02:48:28,106 [grpc-default-executor-5] INFO  client.GrpcClientProtocolClient (GrpcClientProtocolClient.java:onNext(255)) - client-B268B4322F32->17750241-545b-4219-93a1-14a6ea3d85be: receive RaftClientReply:client-B268B4322F32->17750241-545b-4219-93a1-14a6ea3d85be@group-C33FBD9556F2, cid=2422, SUCCESS, logIndex=3615, commits[17750241-545b-4219-93a1-14a6ea3d85be:c3616, 4eaaa090-573e-41d3-9f8c-c99e236d806a:c3612, 5f4cf9ee-4bed-49de-adaa-861aec894328:c3612]
2019-08-23 02:48:28,106 [grpc-default-executor-5] INFO  client.GrpcClientProtocolClient (GrpcClientProtocolClient.java:onNext(255)) - client-B268B4322F32->17750241-545b-4219-93a1-14a6ea3d85be: receive RaftClientReply:client-B268B4322F32->17750241-545b-4219-93a1-14a6ea3d85be@group-C33FBD9556F2, cid=2423, SUCCESS, logIndex=3616, commits[17750241-545b-4219-93a1-14a6ea3d85be:c3616, 4eaaa090-573e-41d3-9f8c-c99e236d806a:c3612, 5f4cf9ee-4bed-49de-adaa-861aec894328:c3612]
2019-08-23 02:48:28,107 | INFO  | DNAudit | user=null | ip=null | op=WRITE_CHUNK {blockData=conID: 1 locID: 102664012301599305 bcsId: 3612} | ret=SUCCESS |  
2019-08-23 02:48:28,107 | INFO  | DNAudit | user=null | ip=null | op=PUT_BLOCK {blockData=[blockId=conID: 1 locID: 102664012301599305 bcsId: 0,size=4194304]} | ret=SUCCESS |  
2019-08-23 02:48:28,109 | INFO  | DNAudit | user=null | ip=null | op=WRITE_CHUNK {blockData=conID: 1 locID: 102664012301599305 bcsId: 3612} | ret=SUCCESS |  
2019-08-23 02:48:28,109 | INFO  | DNAudit | user=null | ip=null | op=PUT_BLOCK {blockData=[blockId=conID: 1 locID: 102664012301599305 bcsId: 0,size=4194304]} | ret=SUCCESS |  
2019-08-23 02:48:28,109 [grpc-default-executor-5] INFO  client.GrpcClientProtocolClient (GrpcClientProtocolClient.java:onNext(255)) - client-B268B4322F32->17750241-545b-4219-93a1-14a6ea3d85be: receive RaftClientReply:client-B268B4322F32->17750241-545b-4219-93a1-14a6ea3d85be@group-C33FBD9556F2, cid=2424, SUCCESS, logIndex=0, commits[17750241-545b-4219-93a1-14a6ea3d85be:c3617, 4eaaa090-573e-41d3-9f8c-c99e236d806a:c3616, 5f4cf9ee-4bed-49de-adaa-861aec894328:c3616]
2019-08-23 02:48:28,111 | INFO  | SCMAudit | user=jenkins1000 | ip=192.168.34.22 | op=ALLOCATE_BLOCK {owner=31d65bc3-3f70-45f5-bbc5-e3a15f967ba6, size=4194304, type=RATIS, factor=THREE} | ret=SUCCESS |  
2019-08-23 02:48:28,115 | INFO  | OMAudit | user=jenkins1000 | ip=127.0.0.1 | op=ALLOCATE_BLOCK {volume=vol-0-78052, bucket=bucket-0-33874, key=key-0-20719, dataSize=2147483657, replicationType=RATIS, replicationFactor=THREE, keyLocationInfo=[], clientID=102664010308846034} | ret=SUCCESS |  
2019-08-23 02:48:28,124 | INFO  | DNAudit | user=null | ip=null | op=WRITE_CHUNK {blockData=conID: 2 locID: 102664012307563082 bcsId: 0} | ret=SUCCESS |  
2019-08-23 02:48:28,126 | INFO  | DNAudit | user=null | ip=null | op=WRITE_CHUNK {blockData=conID: 2 locID: 102664012307563082 bcsId: 0} | ret=SUCCESS |  
2019-08-23 02:48:28,126 | INFO  | DNAudit | user=null | ip=null | op=WRITE_CHUNK {blockData=conID: 2 locID: 102664012307563082 bcsId: 0} | ret=SUCCESS |  
2019-08-23 02:48:28,127 | INFO  | DNAudit | user=null | ip=null | op=WRITE_CHUNK {blockData=conID: 2 locID: 102664012307563082 bcsId: 0} | ret=SUCCESS |  
2019-08-23 02:48:28,128 | INFO  | DNAudit | user=null | ip=null | op=WRITE_CHUNK {blockData=conID: 2 locID: 102664012307563082 bcsId: 0} | ret=SUCCESS |  
2019-08-23 02:48:28,128 | INFO  | DNAudit | user=null | ip=null | op=WRITE_CHUNK {blockData=conID: 2 locID: 102664012307563082 bcsId: 0} | ret=SUCCESS |  
2019-08-23 02:48:28,138 | INFO  | DNAudit | user=null | ip=null | op=WRITE_CHUNK {blockData=conID: 2 locID: 102664012307563082 bcsId: 0} | ret=SUCCESS |  
2019-08-23 02:48:28,138 | INFO  | DNAudit | user=null | ip=null | op=PUT_BLOCK {blockData=[blockId=conID: 2 locID: 102664012307563082 bcsId: 0,size=1048576]} | ret=SUCCESS |  
2019-08-23 02:48:28,138 [grpc-default-executor-1] INFO  client.GrpcClientProtocolClient (GrpcClientProtocolClient.java:onNext(255)) - client-B268B4322F32->17750241-545b-4219-93a1-14a6ea3d85be: receive RaftClientReply:client-B268B4322F32->17750241-545b-4219-93a1-14a6ea3d85be@group-C33FBD9556F2, cid=2425, SUCCESS, logIndex=3619, commits[17750241-545b-4219-93a1-14a6ea3d85be:c3620, 4eaaa090-573e-41d3-9f8c-c99e236d806a:c3618, 5f4cf9ee-4bed-49de-adaa-861aec894328:c3618]
2019-08-23 02:48:28,139 | INFO  | DNAudit | user=null | ip=null | op=WRITE_CHUNK {blockData=conID: 2 locID: 102664012307563082 bcsId: 0} | ret=SUCCESS |  
2019-08-23 02:48:28,139 | INFO  | DNAudit | user=null | ip=null | op=PUT_BLOCK {blockData=[blockId=conID: 2 locID: 102664012307563082 bcsId: 0,size=2097152]} | ret=SUCCESS |  
2019-08-23 02:48:28,139 [grpc-default-executor-1] INFO  client.GrpcClientProtocolClient (GrpcClientProtocolClient.java:onNext(255)) - client-B268B4322F32->17750241-545b-4219-93a1-14a6ea3d85be: receive RaftClientReply:client-B268B4322F32->17750241-545b-4219-93a1-14a6ea3d85be@group-C33FBD9556F2, cid=2426, SUCCESS, logIndex=3620, commits[17750241-545b-4219-93a1-14a6ea3d85be:c3622, 4eaaa090-573e-41d3-9f8c-c99e236d806a:c3618, 5f4cf9ee-4bed-49de-adaa-861aec894328:c3618]
2019-08-23 02:48:28,140 [grpc-default-executor-1] INFO  client.GrpcClientProtocolClient (GrpcClientProtocolClient.java:onNext(255)) - client-B268B4322F32->17750241-545b-4219-93a1-14a6ea3d85be: receive RaftClientReply:client-B268B4322F32->17750241-545b-4219-93a1-14a6ea3d85be@group-C33FBD9556F2, cid=2427, SUCCESS, logIndex=3621, commits[17750241-545b-4219-93a1-14a6ea3d85be:c3622, 4eaaa090-573e-41d3-9f8c-c99e236d806a:c3618, 5f4cf9ee-4bed-49de-adaa-861aec894328:c3618]
2019-08-23 02:48:28,140 | INFO  | DNAudit | user=null | ip=null | op=WRITE_CHUNK {blockData=conID: 2 locID: 102664012307563082 bcsId: 0} | ret=SUCCESS |  
2019-08-23 02:48:28,140 | INFO  | DNAudit | user=null | ip=null | op=PUT_BLOCK {blockData=[blockId=conID: 2 locID: 102664012307563082 bcsId: 0,size=1048576]} | ret=SUCCESS |  
2019-08-23 02:48:28,141 | INFO  | DNAudit | user=null | ip=null | op=WRITE_CHUNK {blockData=conID: 2 locID: 102664012307563082 bcsId: 0} | ret=SUCCESS |  
2019-08-23 02:48:28,141 | INFO  | DNAudit | user=null | ip=null | op=PUT_BLOCK {blockData=[blockId=conID: 2 locID: 102664012307563082 bcsId: 0,size=1048576]} | ret=SUCCESS |  
2019-08-23 02:48:28,141 | INFO  | DNAudit | user=null | ip=null | op=WRITE_CHUNK {blockData=conID: 2 locID: 102664012307563082 bcsId: 0} | ret=SUCCESS |  
2019-08-23 02:48:28,141 | INFO  | DNAudit | user=null | ip=null | op=WRITE_CHUNK {blockData=conID: 2 locID: 102664012307563082 bcsId: 0} | ret=SUCCESS |  
2019-08-23 02:48:28,141 | INFO  | DNAudit | user=null | ip=null | op=PUT_BLOCK {blockData=[blockId=conID: 2 locID: 102664012307563082 bcsId: 0,size=2097152]} | ret=SUCCESS |  
2019-08-23 02:48:28,141 | INFO  | DNAudit | user=null | ip=null | op=PUT_BLOCK {blockData=[blockId=conID: 2 locID: 102664012307563082 bcsId: 0,size=2097152]} | ret=SUCCESS |  
2019-08-23 02:48:28,141 [grpc-default-executor-1] INFO  client.GrpcClientProtocolClient (GrpcClientProtocolClient.java:onNext(255)) - client-B268B4322F32->17750241-545b-4219-93a1-14a6ea3d85be: receive RaftClientReply:client-B268B4322F32->17750241-545b-4219-93a1-14a6ea3d85be@group-C33FBD9556F2, cid=2428, SUCCESS, logIndex=3622, commits[17750241-545b-4219-93a1-14a6ea3d85be:c3622, 4eaaa090-573e-41d3-9f8c-c99e236d806a:c3618, 5f4cf9ee-4bed-49de-adaa-861aec894328:c3618]
2019-08-23 02:48:28,142 [grpc-default-executor-2] INFO  client.GrpcClientProtocolClient (GrpcClientProtocolClient.java:onNext(255)) - client-B268B4322F32->17750241-545b-4219-93a1-14a6ea3d85be: receive RaftClientReply:client-B268B4322F32->17750241-545b-4219-93a1-14a6ea3d85be@group-C33FBD9556F2, cid=2429, SUCCESS, logIndex=0, commits[17750241-545b-4219-93a1-14a6ea3d85be:c3625, 4eaaa090-573e-41d3-9f8c-c99e236d806a:c3622, 5f4cf9ee-4bed-49de-adaa-861aec894328:c3622]
2019-08-23 02:48:28,149 | INFO  | DNAudit | user=null | ip=null | op=WRITE_CHUNK {blockData=conID: 2 locID: 102664012307563082 bcsId: 3622} | ret=SUCCESS |  
2019-08-23 02:48:28,151 | INFO  | DNAudit | user=null | ip=null | op=WRITE_CHUNK {blockData=conID: 2 locID: 102664012307563082 bcsId: 3622} | ret=SUCCESS |  
2019-08-23 02:48:28,151 | INFO  | DNAudit | user=null | ip=null | op=WRITE_CHUNK {blockData=conID: 2 locID: 102664012307563082 bcsId: 3622} | ret=SUCCESS |  
2019-08-23 02:48:28,163 | INFO  | DNAudit | user=null | ip=null | op=WRITE_CHUNK {blockData=conID: 2 locID: 102664012307563082 bcsId: 3622} | ret=SUCCESS |  
2019-08-23 02:48:28,164 | INFO  | DNAudit | user=null | ip=null | op=PUT_BLOCK {blockData=[blockId=conID: 2 locID: 102664012307563082 bcsId: 0,size=3145728]} | ret=SUCCESS |  
2019-08-23 02:48:28,164 [grpc-default-executor-5] INFO  client.GrpcClientProtocolClient (GrpcClientProtocolClient.java:onNext(255)) - client-B268B4322F32->17750241-545b-4219-93a1-14a6ea3d85be: receive RaftClientReply:client-B268B4322F32->17750241-545b-4219-93a1-14a6ea3d85be@group-C33FBD9556F2, cid=2430, SUCCESS, logIndex=3626, commits[17750241-545b-4219-93a1-14a6ea3d85be:c3627, 4eaaa090-573e-41d3-9f8c-c99e236d806a:c3625, 5f4cf9ee-4bed-49de-adaa-861aec894328:c3625]
2019-08-23 02:48:28,164 [grpc-default-executor-5] INFO  client.GrpcClientProtocolClient (GrpcClientProtocolClient.java:onNext(255)) - client-B268B4322F32->17750241-545b-4219-93a1-14a6ea3d85be: receive RaftClientReply:client-B268B4322F32->17750241-545b-4219-93a1-14a6ea3d85be@group-C33FBD9556F2, cid=2431, SUCCESS, logIndex=3627, commits[17750241-545b-4219-93a1-14a6ea3d85be:c3627, 4eaaa090-573e-41d3-9f8c-c99e236d806a:c3625, 5f4cf9ee-4bed-49de-adaa-861aec894328:c3625]
2019-08-23 02:48:28,170 | INFO  | DNAudit | user=null | ip=null | op=WRITE_CHUNK {blockData=conID: 2 locID: 102664012307563082 bcsId: 3627} | ret=SUCCESS |  
2019-08-23 02:48:28,173 | INFO  | DNAudit | user=null | ip=null | op=WRITE_CHUNK {blockData=conID: 2 locID: 102664012307563082 bcsId: 3622} | ret=SUCCESS |  
2019-08-23 02:48:28,173 | INFO  | DNAudit | user=null | ip=null | op=WRITE_CHUNK {blockData=conID: 2 locID: 102664012307563082 bcsId: 3622} | ret=SUCCESS |  
2019-08-23 02:48:28,173 | INFO  | DNAudit | user=null | ip=null | op=WRITE_CHUNK {blockData=conID: 2 locID: 102664012307563082 bcsId: 3627} | ret=SUCCESS |  
2019-08-23 02:48:28,173 | INFO  | DNAudit | user=null | ip=null | op=PUT_BLOCK {blockData=[blockId=conID: 2 locID: 102664012307563082 bcsId: 0,size=3145728]} | ret=SUCCESS |  
2019-08-23 02:48:28,174 | INFO  | DNAudit | user=null | ip=null | op=PUT_BLOCK {blockData=[blockId=conID: 2 locID: 102664012307563082 bcsId: 0,size=3145728]} | ret=SUCCESS |  
2019-08-23 02:48:28,174 | INFO  | DNAudit | user=null | ip=null | op=WRITE_CHUNK {blockData=conID: 2 locID: 102664012307563082 bcsId: 3627} | ret=SUCCESS |  
2019-08-23 02:48:28,175 | INFO  | DNAudit | user=null | ip=null | op=WRITE_CHUNK {blockData=conID: 2 locID: 102664012307563082 bcsId: 3627} | ret=SUCCESS |  
2019-08-23 02:48:28,175 | INFO  | DNAudit | user=null | ip=null | op=PUT_BLOCK {blockData=[blockId=conID: 2 locID: 102664012307563082 bcsId: 0,size=4194304]} | ret=SUCCESS |  
2019-08-23 02:48:28,175 [grpc-default-executor-2] INFO  client.GrpcClientProtocolClient (GrpcClientProtocolClient.java:onNext(255)) - client-B268B4322F32->17750241-545b-4219-93a1-14a6ea3d85be: receive RaftClientReply:client-B268B4322F32->17750241-545b-4219-93a1-14a6ea3d85be@group-C33FBD9556F2, cid=2432, SUCCESS, logIndex=3630, commits[17750241-545b-4219-93a1-14a6ea3d85be:c3631, 4eaaa090-573e-41d3-9f8c-c99e236d806a:c3627, 5f4cf9ee-4bed-49de-adaa-861aec894328:c3627]
2019-08-23 02:48:28,176 [grpc-default-executor-2] INFO  client.GrpcClientProtocolClient (GrpcClientProtocolClient.java:onNext(255)) - client-B268B4322F32->17750241-545b-4219-93a1-14a6ea3d85be: receive RaftClientReply:client-B268B4322F32->17750241-545b-4219-93a1-14a6ea3d85be@group-C33FBD9556F2, cid=2433, SUCCESS, logIndex=3631, commits[17750241-545b-4219-93a1-14a6ea3d85be:c3631, 4eaaa090-573e-41d3-9f8c-c99e236d806a:c3627, 5f4cf9ee-4bed-49de-adaa-861aec894328:c3627]
2019-08-23 02:48:28,176 | INFO  | DNAudit | user=null | ip=null | op=WRITE_CHUNK {blockData=conID: 2 locID: 102664012307563082 bcsId: 3627} | ret=SUCCESS |  
2019-08-23 02:48:28,177 | INFO  | DNAudit | user=null | ip=null | op=WRITE_CHUNK {blockData=conID: 2 locID: 102664012307563082 bcsId: 3627} | ret=SUCCESS |  
2019-08-23 02:48:28,177 | INFO  | DNAudit | user=null | ip=null | op=PUT_BLOCK {blockData=[blockId=conID: 2 locID: 102664012307563082 bcsId: 0,size=4194304]} | ret=SUCCESS |  
2019-08-23 02:48:28,188 | INFO  | DNAudit | user=null | ip=null | op=PUT_BLOCK {blockData=[blockId=conID: 2 locID: 102664012307563082 bcsId: 0,size=4194304]} | ret=SUCCESS |  
2019-08-23 02:48:28,189 [grpc-default-executor-2] INFO  client.GrpcClientProtocolClient (GrpcClientProtocolClient.java:onNext(255)) - client-B268B4322F32->17750241-545b-4219-93a1-14a6ea3d85be: receive RaftClientReply:client-B268B4322F32->17750241-545b-4219-93a1-14a6ea3d85be@group-C33FBD9556F2, cid=2434, SUCCESS, logIndex=0, commits[17750241-545b-4219-93a1-14a6ea3d85be:c3632, 4eaaa090-573e-41d3-9f8c-c99e236d806a:c3631, 5f4cf9ee-4bed-49de-adaa-861aec894328:c3631]
2019-08-23 02:48:28,191 | INFO  | SCMAudit | user=jenkins1000 | ip=192.168.34.22 | op=ALLOCATE_BLOCK {owner=31d65bc3-3f70-45f5-bbc5-e3a15f967ba6, size=4194304, type=RATIS, factor=THREE} | ret=SUCCESS |  
2019-08-23 02:48:28,196 | INFO  | OMAudit | user=jenkins1000 | ip=127.0.0.1 | op=ALLOCATE_BLOCK {volume=vol-0-78052, bucket=bucket-0-33874, key=key-0-20719, dataSize=2147483657, replicationType=RATIS, replicationFactor=THREE, keyLocationInfo=[], clientID=102664010308846034} | ret=SUCCESS |  
2019-08-23 02:48:28,206 | INFO  | DNAudit | user=null | ip=null | op=WRITE_CHUNK {blockData=conID: 3 locID: 102664012312805963 bcsId: 0} | ret=SUCCESS |  
2019-08-23 02:48:28,209 | INFO  | DNAudit | user=null | ip=null | op=WRITE_CHUNK {blockData=conID: 3 locID: 102664012312805963 bcsId: 0} | ret=SUCCESS |  
2019-08-23 02:48:28,209 | INFO  | DNAudit | user=null | ip=null | op=WRITE_CHUNK {blockData=conID: 3 locID: 102664012312805963 bcsId: 0} | ret=SUCCESS |  
2019-08-23 02:48:28,210 | INFO  | DNAudit | user=null | ip=null | op=WRITE_CHUNK {blockData=conID: 3 locID: 102664012312805963 bcsId: 0} | ret=SUCCESS |  
2019-08-23 02:48:28,211 | INFO  | DNAudit | user=null | ip=null | op=WRITE_CHUNK {blockData=conID: 3 locID: 102664012312805963 bcsId: 0} | ret=SUCCESS |  
2019-08-23 02:48:28,213 | INFO  | DNAudit | user=null | ip=null | op=WRITE_CHUNK {blockData=conID: 3 locID: 102664012312805963 bcsId: 0} | ret=SUCCESS |  
2019-08-23 02:48:28,218 | INFO  | DNAudit | user=null | ip=null | op=WRITE_CHUNK {blockData=conID: 3 locID: 102664012312805963 bcsId: 0} | ret=SUCCESS |  
2019-08-23 02:48:28,219 | INFO  | DNAudit | user=null | ip=null | op=PUT_BLOCK {blockData=[blockId=conID: 3 locID: 102664012312805963 bcsId: 0,size=1048576]} | ret=SUCCESS |  
2019-08-23 02:48:28,219 [grpc-default-executor-1] INFO  client.GrpcClientProtocolClient (GrpcClientProtocolClient.java:onNext(255)) - client-B268B4322F32->17750241-545b-4219-93a1-14a6ea3d85be: receive RaftClientReply:client-B268B4322F32->17750241-545b-4219-93a1-14a6ea3d85be@group-C33FBD9556F2, cid=2435, SUCCESS, logIndex=3634, commits[17750241-545b-4219-93a1-14a6ea3d85be:c3635, 4eaaa090-573e-41d3-9f8c-c99e236d806a:c3633, 5f4cf9ee-4bed-49de-adaa-861aec894328:c3633]
2019-08-23 02:48:28,220 | INFO  | DNAudit | user=null | ip=null | op=WRITE_CHUNK {blockData=conID: 3 locID: 102664012312805963 bcsId: 0} | ret=SUCCESS |  
2019-08-23 02:48:28,221 [grpc-default-executor-2] INFO  client.GrpcClientProtocolClient (GrpcClientProtocolClient.java:onNext(255)) - client-B268B4322F32->17750241-545b-4219-93a1-14a6ea3d85be: receive RaftClientReply:client-B268B4322F32->17750241-545b-4219-93a1-14a6ea3d85be@group-C33FBD9556F2, cid=2436, SUCCESS, logIndex=3635, commits[17750241-545b-4219-93a1-14a6ea3d85be:c3635, 4eaaa090-573e-41d3-9f8c-c99e236d806a:c3633, 5f4cf9ee-4bed-49de-adaa-861aec894328:c3633]
2019-08-23 02:48:28,221 | INFO  | DNAudit | user=null | ip=null | op=PUT_BLOCK {blockData=[blockId=conID: 3 locID: 102664012312805963 bcsId: 0,size=2097152]} | ret=SUCCESS |  
2019-08-23 02:48:28,222 [grpc-default-executor-2] INFO  client.GrpcClientProtocolClient (GrpcClientProtocolClient.java:onNext(255)) - client-B268B4322F32->17750241-545b-4219-93a1-14a6ea3d85be: receive RaftClientReply:client-B268B4322F32->17750241-545b-4219-93a1-14a6ea3d85be@group-C33FBD9556F2, cid=2437, SUCCESS, logIndex=3636, commits[17750241-545b-4219-93a1-14a6ea3d85be:c3637, 4eaaa090-573e-41d3-9f8c-c99e236d806a:c3633, 5f4cf9ee-4bed-49de-adaa-861aec894328:c3633]
2019-08-23 02:48:28,222 [grpc-default-executor-2] INFO  client.GrpcClientProtocolClient (GrpcClientProtocolClient.java:onNext(255)) - client-B268B4322F32->17750241-545b-4219-93a1-14a6ea3d85be: receive RaftClientReply:client-B268B4322F32->17750241-545b-4219-93a1-14a6ea3d85be@group-C33FBD9556F2, cid=2438, SUCCESS, logIndex=3637, commits[17750241-545b-4219-93a1-14a6ea3d85be:c3637, 4eaaa090-573e-41d3-9f8c-c99e236d806a:c3633, 5f4cf9ee-4bed-49de-adaa-861aec894328:c3633]
2019-08-23 02:48:28,233 | INFO  | DNAudit | user=null | ip=null | op=WRITE_CHUNK {blockData=conID: 3 locID: 102664012312805963 bcsId: 0} | ret=SUCCESS |  
2019-08-23 02:48:28,233 | INFO  | DNAudit | user=null | ip=null | op=WRITE_CHUNK {blockData=conID: 3 locID: 102664012312805963 bcsId: 0} | ret=SUCCESS |  
2019-08-23 02:48:28,233 | INFO  | DNAudit | user=null | ip=null | op=PUT_BLOCK {blockData=[blockId=conID: 3 locID: 102664012312805963 bcsId: 0,size=1048576]} | ret=SUCCESS |  
2019-08-23 02:48:28,234 | INFO  | DNAudit | user=null | ip=null | op=PUT_BLOCK {blockData=[blockId=conID: 3 locID: 102664012312805963 bcsId: 0,size=1048576]} | ret=SUCCESS |  
2019-08-23 02:48:28,234 | INFO  | DNAudit | user=null | ip=null | op=WRITE_CHUNK {blockData=conID: 3 locID: 102664012312805963 bcsId: 0} | ret=SUCCESS |  
2019-08-23 02:48:28,234 | INFO  | DNAudit | user=null | ip=null | op=WRITE_CHUNK {blockData=conID: 3 locID: 102664012312805963 bcsId: 0} | ret=SUCCESS |  
2019-08-23 02:48:28,234 | INFO  | DNAudit | user=null | ip=null | op=PUT_BLOCK {blockData=[blockId=conID: 3 locID: 102664012312805963 bcsId: 0,size=2097152]} | ret=SUCCESS |  
2019-08-23 02:48:28,234 | INFO  | DNAudit | user=null | ip=null | op=PUT_BLOCK {blockData=[blockId=conID: 3 locID: 102664012312805963 bcsId: 0,size=2097152]} | ret=SUCCESS |  
2019-08-23 02:48:28,234 [grpc-default-executor-2] INFO  client.GrpcClientProtocolClient (GrpcClientProtocolClient.java:onNext(255)) - client-B268B4322F32->17750241-545b-4219-93a1-14a6ea3d85be: receive RaftClientReply:client-B268B4322F32->17750241-545b-4219-93a1-14a6ea3d85be@group-C33FBD9556F2, cid=2439, SUCCESS, logIndex=0, commits[17750241-545b-4219-93a1-14a6ea3d85be:c3639, 4eaaa090-573e-41d3-9f8c-c99e236d806a:c3635, 5f4cf9ee-4bed-49de-adaa-861aec894328:c3635]
2019-08-23 02:48:28,236 | INFO  | SCMAudit | user=jenkins1000 | ip=192.168.34.22 | op=SEND_HEARTBEAT {datanodeUUID=0cedf437-a8af-4d70-bac5-ea9863093e86, command=[]} | ret=SUCCESS |  
2019-08-23 02:48:28,238 | INFO  | SCMAudit | user=jenkins1000 | ip=192.168.34.22 | op=SEND_HEARTBEAT {datanodeUUID=66ab6a68-e61f-4535-ab2f-12fe560929ed, command=[]} | ret=SUCCESS |  
 0.00% |█                                                                                                    |  0/1 Time: 0:00:302019-08-23 02:48:28,242 | INFO  | DNAudit | user=null | ip=null | op=WRITE_CHUNK {blockData=conID: 3 locID: 102664012312805963 bcsId: 3637} | ret=SUCCESS |  
2019-08-23 02:48:28,245 | INFO  | DNAudit | user=null | ip=null | op=WRITE_CHUNK {blockData=conID: 3 locID: 102664012312805963 bcsId: 3637} | ret=SUCCESS |  
2019-08-23 02:48:28,245 | INFO  | DNAudit | user=null | ip=null | op=WRITE_CHUNK {blockData=conID: 3 locID: 102664012312805963 bcsId: 3637} | ret=SUCCESS |  
2019-08-23 02:48:28,256 | INFO  | DNAudit | user=null | ip=null | op=WRITE_CHUNK {blockData=conID: 3 locID: 102664012312805963 bcsId: 3637} | ret=SUCCESS |  
2019-08-23 02:48:28,256 | INFO  | DNAudit | user=null | ip=null | op=PUT_BLOCK {blockData=[blockId=conID: 3 locID: 102664012312805963 bcsId: 0,size=3145728]} | ret=SUCCESS |  
2019-08-23 02:48:28,257 [grpc-default-executor-6] INFO  client.GrpcClientProtocolClient (GrpcClientProtocolClient.java:onNext(255)) - client-B268B4322F32->17750241-545b-4219-93a1-14a6ea3d85be: receive RaftClientReply:client-B268B4322F32->17750241-545b-4219-93a1-14a6ea3d85be@group-C33FBD9556F2, cid=2440, SUCCESS, logIndex=3642, commits[17750241-545b-4219-93a1-14a6ea3d85be:c3643, 4eaaa090-573e-41d3-9f8c-c99e236d806a:c3641, 5f4cf9ee-4bed-49de-adaa-861aec894328:c3641]
2019-08-23 02:48:28,257 [grpc-default-executor-6] INFO  client.GrpcClientProtocolClient (GrpcClientProtocolClient.java:onNext(255)) - client-B268B4322F32->17750241-545b-4219-93a1-14a6ea3d85be: receive RaftClientReply:client-B268B4322F32->17750241-545b-4219-93a1-14a6ea3d85be@group-C33FBD9556F2, cid=2441, SUCCESS, logIndex=3643, commits[17750241-545b-4219-93a1-14a6ea3d85be:c3643, 4eaaa090-573e-41d3-9f8c-c99e236d806a:c3641, 5f4cf9ee-4bed-49de-adaa-861aec894328:c3641]
2019-08-23 02:48:28,264 | INFO  | DNAudit | user=null | ip=null | op=WRITE_CHUNK {blockData=conID: 3 locID: 102664012312805963 bcsId: 3643} | ret=SUCCESS |  
2019-08-23 02:48:28,267 | INFO  | DNAudit | user=null | ip=null | op=WRITE_CHUNK {blockData=conID: 3 locID: 102664012312805963 bcsId: 3643} | ret=SUCCESS |  
2019-08-23 02:48:28,267 | INFO  | DNAudit | user=null | ip=null | op=WRITE_CHUNK {blockData=conID: 3 locID: 102664012312805963 bcsId: 3643} | ret=SUCCESS |  
2019-08-23 02:48:28,270 | INFO  | DNAudit | user=null | ip=null | op=WRITE_CHUNK {blockData=conID: 3 locID: 102664012312805963 bcsId: 3637} | ret=SUCCESS |  
2019-08-23 02:48:28,270 | INFO  | DNAudit | user=null | ip=null | op=WRITE_CHUNK {blockData=conID: 3 locID: 102664012312805963 bcsId: 3637} | ret=SUCCESS |  
2019-08-23 02:48:28,282 | INFO  | DNAudit | user=null | ip=null | op=PUT_BLOCK {blockData=[blockId=conID: 3 locID: 102664012312805963 bcsId: 0,size=3145728]} | ret=SUCCESS |  
2019-08-23 02:48:28,283 | INFO  | DNAudit | user=null | ip=null | op=PUT_BLOCK {blockData=[blockId=conID: 3 locID: 102664012312805963 bcsId: 0,size=3145728]} | ret=SUCCESS |  
2019-08-23 02:48:28,283 | INFO  | DNAudit | user=null | ip=null | op=WRITE_CHUNK {blockData=conID: 3 locID: 102664012312805963 bcsId: 3643} | ret=SUCCESS |  
2019-08-23 02:48:28,284 | INFO  | DNAudit | user=null | ip=null | op=PUT_BLOCK {blockData=[blockId=conID: 3 locID: 102664012312805963 bcsId: 0,size=4194304]} | ret=SUCCESS |  
2019-08-23 02:48:28,284 [grpc-default-executor-6] INFO  client.GrpcClientProtocolClient (GrpcClientProtocolClient.java:onNext(255)) - client-B268B4322F32->17750241-545b-4219-93a1-14a6ea3d85be: receive RaftClientReply:client-B268B4322F32->17750241-545b-4219-93a1-14a6ea3d85be@group-C33FBD9556F2, cid=2442, SUCCESS, logIndex=3646, commits[17750241-545b-4219-93a1-14a6ea3d85be:c3646, 4eaaa090-573e-41d3-9f8c-c99e236d806a:c3643, 5f4cf9ee-4bed-49de-adaa-861aec894328:c3643]
2019-08-23 02:48:28,284 [grpc-default-executor-6] INFO  client.GrpcClientProtocolClient (GrpcClientProtocolClient.java:onNext(255)) - client-B268B4322F32->17750241-545b-4219-93a1-14a6ea3d85be: receive RaftClientReply:client-B268B4322F32->17750241-545b-4219-93a1-14a6ea3d85be@group-C33FBD9556F2, cid=2443, SUCCESS, logIndex=3647, commits[17750241-545b-4219-93a1-14a6ea3d85be:c3647, 4eaaa090-573e-41d3-9f8c-c99e236d806a:c3643, 5f4cf9ee-4bed-49de-adaa-861aec894328:c3643]
2019-08-23 02:48:28,296 | INFO  | DNAudit | user=null | ip=null | op=WRITE_CHUNK {blockData=conID: 3 locID: 102664012312805963 bcsId: 3643} | ret=SUCCESS |  
2019-08-23 02:48:28,296 | INFO  | DNAudit | user=null | ip=null | op=WRITE_CHUNK {blockData=conID: 3 locID: 102664012312805963 bcsId: 3643} | ret=SUCCESS |  
2019-08-23 02:48:28,307 | INFO  | DNAudit | user=null | ip=null | op=PUT_BLOCK {blockData=[blockId=conID: 3 locID: 102664012312805963 bcsId: 0,size=4194304]} | ret=SUCCESS |  
2019-08-23 02:48:28,308 | INFO  | DNAudit | user=null | ip=null | op=PUT_BLOCK {blockData=[blockId=conID: 3 locID: 102664012312805963 bcsId: 0,size=4194304]} | ret=SUCCESS |  
2019-08-23 02:48:28,308 [grpc-default-executor-6] INFO  client.GrpcClientProtocolClient (GrpcClientProtocolClient.java:onNext(255)) - client-B268B4322F32->17750241-545b-4219-93a1-14a6ea3d85be: receive RaftClientReply:client-B268B4322F32->17750241-545b-4219-93a1-14a6ea3d85be@group-C33FBD9556F2, cid=2444, SUCCESS, logIndex=0, commits[17750241-545b-4219-93a1-14a6ea3d85be:c3649, 4eaaa090-573e-41d3-9f8c-c99e236d806a:c3647, 5f4cf9ee-4bed-49de-adaa-861aec894328:c3647]
2019-08-23 02:48:28,310 | INFO  | SCMAudit | user=jenkins1000 | ip=192.168.34.22 | op=ALLOCATE_BLOCK {owner=31d65bc3-3f70-45f5-bbc5-e3a15f967ba6, size=4194304, type=RATIS, factor=THREE} | ret=SUCCESS |  
2019-08-23 02:48:28,314 | INFO  | OMAudit | user=jenkins1000 | ip=127.0.0.1 | op=ALLOCATE_BLOCK {volume=vol-0-78052, bucket=bucket-0-33874, key=key-0-20719, dataSize=2147483657, replicationType=RATIS, replicationFactor=THREE, keyLocationInfo=[], clientID=102664010308846034} | ret=SUCCESS |  
2019-08-23 02:48:28,327 | INFO  | DNAudit | user=null | ip=null | op=WRITE_CHUNK {blockData=conID: 1 locID: 102664012320604748 bcsId: 0} | ret=SUCCESS |  
2019-08-23 02:48:28,330 | INFO  | DNAudit | user=null | ip=null | op=WRITE_CHUNK {blockData=conID: 1 locID: 102664012320604748 bcsId: 0} | ret=SUCCESS |  
2019-08-23 02:48:28,331 | INFO  | DNAudit | user=null | ip=null | op=WRITE_CHUNK {blockData=conID: 1 locID: 102664012320604748 bcsId: 0} | ret=SUCCESS |  
2019-08-23 02:48:28,333 | INFO  | DNAudit | user=null | ip=null | op=WRITE_CHUNK {blockData=conID: 1 locID: 102664012320604748 bcsId: 0} | ret=SUCCESS |  
2019-08-23 02:48:28,335 | INFO  | DNAudit | user=null | ip=null | op=WRITE_CHUNK {blockData=conID: 1 locID: 102664012320604748 bcsId: 0} | ret=SUCCESS |  
2019-08-23 02:48:28,335 | INFO  | DNAudit | user=null | ip=null | op=WRITE_CHUNK {blockData=conID: 1 locID: 102664012320604748 bcsId: 0} | ret=SUCCESS |  
2019-08-23 02:48:28,341 | INFO  | DNAudit | user=null | ip=null | op=WRITE_CHUNK {blockData=conID: 1 locID: 102664012320604748 bcsId: 0} | ret=SUCCESS |  
2019-08-23 02:48:28,342 | INFO  | DNAudit | user=null | ip=null | op=PUT_BLOCK {blockData=[blockId=conID: 1 locID: 102664012320604748 bcsId: 0,size=1048576]} | ret=SUCCESS |  
2019-08-23 02:48:28,342 [grpc-default-executor-6] INFO  client.GrpcClientProtocolClient (GrpcClientProtocolClient.java:onNext(255)) - client-B268B4322F32->17750241-545b-4219-93a1-14a6ea3d85be: receive RaftClientReply:client-B268B4322F32->17750241-545b-4219-93a1-14a6ea3d85be@group-C33FBD9556F2, cid=2445, SUCCESS, logIndex=3650, commits[17750241-545b-4219-93a1-14a6ea3d85be:c3651, 4eaaa090-573e-41d3-9f8c-c99e236d806a:c3649, 5f4cf9ee-4bed-49de-adaa-861aec894328:c3649]
2019-08-23 02:48:28,343 [grpc-default-executor-6] INFO  client.GrpcClientProtocolClient (GrpcClientProtocolClient.java:onNext(255)) - client-B268B4322F32->17750241-545b-4219-93a1-14a6ea3d85be: receive RaftClientReply:client-B268B4322F32->17750241-545b-4219-93a1-14a6ea3d85be@group-C33FBD9556F2, cid=2446, SUCCESS, logIndex=3651, commits[17750241-545b-4219-93a1-14a6ea3d85be:c3651, 4eaaa090-573e-41d3-9f8c-c99e236d806a:c3649, 5f4cf9ee-4bed-49de-adaa-861aec894328:c3649]
2019-08-23 02:48:28,353 | INFO  | DNAudit | user=null | ip=null | op=WRITE_CHUNK {blockData=conID: 1 locID: 102664012320604748 bcsId: 0} | ret=SUCCESS |  
2019-08-23 02:48:28,354 | INFO  | DNAudit | user=null | ip=null | op=WRITE_CHUNK {blockData=conID: 1 locID: 102664012320604748 bcsId: 0} | ret=SUCCESS |  
2019-08-23 02:48:28,354 | INFO  | DNAudit | user=null | ip=null | op=PUT_BLOCK {blockData=[blockId=conID: 1 locID: 102664012320604748 bcsId: 0,size=2097152]} | ret=SUCCESS |  
2019-08-23 02:48:28,354 | INFO  | DNAudit | user=null | ip=null | op=PUT_BLOCK {blockData=[blockId=conID: 1 locID: 102664012320604748 bcsId: 0,size=1048576]} | ret=SUCCESS |  
2019-08-23 02:48:28,354 [grpc-default-executor-1] INFO  client.GrpcClientProtocolClient (GrpcClientProtocolClient.java:onNext(255)) - client-B268B4322F32->17750241-545b-4219-93a1-14a6ea3d85be: receive RaftClientReply:client-B268B4322F32->17750241-545b-4219-93a1-14a6ea3d85be@group-C33FBD9556F2, cid=2447, SUCCESS, logIndex=3652, commits[17750241-545b-4219-93a1-14a6ea3d85be:c3653, 4eaaa090-573e-41d3-9f8c-c99e236d806a:c3649, 5f4cf9ee-4bed-49de-adaa-861aec894328:c3649]
2019-08-23 02:48:28,355 | INFO  | DNAudit | user=null | ip=null | op=WRITE_CHUNK {blockData=conID: 1 locID: 102664012320604748 bcsId: 0} | ret=SUCCESS |  
2019-08-23 02:48:28,355 [grpc-default-executor-1] INFO  client.GrpcClientProtocolClient (GrpcClientProtocolClient.java:onNext(255)) - client-B268B4322F32->17750241-545b-4219-93a1-14a6ea3d85be: receive RaftClientReply:client-B268B4322F32->17750241-545b-4219-93a1-14a6ea3d85be@group-C33FBD9556F2, cid=2448, SUCCESS, logIndex=3653, commits[17750241-545b-4219-93a1-14a6ea3d85be:c3653, 4eaaa090-573e-41d3-9f8c-c99e236d806a:c3649, 5f4cf9ee-4bed-49de-adaa-861aec894328:c3649]
2019-08-23 02:48:28,355 | INFO  | DNAudit | user=null | ip=null | op=PUT_BLOCK {blockData=[blockId=conID: 1 locID: 102664012320604748 bcsId: 0,size=1048576]} | ret=SUCCESS |  
2019-08-23 02:48:28,356 | INFO  | DNAudit | user=null | ip=null | op=WRITE_CHUNK {blockData=conID: 1 locID: 102664012320604748 bcsId: 0} | ret=SUCCESS |  
2019-08-23 02:48:28,356 | INFO  | DNAudit | user=null | ip=null | op=PUT_BLOCK {blockData=[blockId=conID: 1 locID: 102664012320604748 bcsId: 0,size=2097152]} | ret=SUCCESS |  
2019-08-23 02:48:28,356 | INFO  | DNAudit | user=null | ip=null | op=WRITE_CHUNK {blockData=conID: 1 locID: 102664012320604748 bcsId: 0} | ret=SUCCESS |  
2019-08-23 02:48:28,357 | INFO  | DNAudit | user=null | ip=null | op=PUT_BLOCK {blockData=[blockId=conID: 1 locID: 102664012320604748 bcsId: 0,size=2097152]} | ret=SUCCESS |  
2019-08-23 02:48:28,357 [grpc-default-executor-6] INFO  client.GrpcClientProtocolClient (GrpcClientProtocolClient.java:onNext(255)) - client-B268B4322F32->17750241-545b-4219-93a1-14a6ea3d85be: receive RaftClientReply:client-B268B4322F32->17750241-545b-4219-93a1-14a6ea3d85be@group-C33FBD9556F2, cid=2449, SUCCESS, logIndex=0, commits[17750241-545b-4219-93a1-14a6ea3d85be:c3655, 4eaaa090-573e-41d3-9f8c-c99e236d806a:c3651, 5f4cf9ee-4bed-49de-adaa-861aec894328:c3651]
2019-08-23 02:48:28,365 | INFO  | DNAudit | user=null | ip=null | op=WRITE_CHUNK {blockData=conID: 1 locID: 102664012320604748 bcsId: 3653} | ret=SUCCESS |  
2019-08-23 02:48:28,368 | INFO  | DNAudit | user=null | ip=null | op=WRITE_CHUNK {blockData=conID: 1 locID: 102664012320604748 bcsId: 3653} | ret=SUCCESS |  
2019-08-23 02:48:28,368 | INFO  | DNAudit | user=null | ip=null | op=WRITE_CHUNK {blockData=conID: 1 locID: 102664012320604748 bcsId: 3653} | ret=SUCCESS |  
2019-08-23 02:48:28,376 | INFO  | SCMAudit | user=jenkins1000 | ip=192.168.34.22 | op=SEND_HEARTBEAT {datanodeUUID=17750241-545b-4219-93a1-14a6ea3d85be, command=[]} | ret=SUCCESS |  
2019-08-23 02:48:28,376 | INFO  | SCMAudit | user=jenkins1000 | ip=192.168.34.22 | op=SEND_HEARTBEAT {datanodeUUID=5f4cf9ee-4bed-49de-adaa-861aec894328, command=[]} | ret=SUCCESS |  
2019-08-23 02:48:28,377 | INFO  | DNAudit | user=null | ip=null | op=WRITE_CHUNK {blockData=conID: 1 locID: 102664012320604748 bcsId: 3653} | ret=SUCCESS |  
2019-08-23 02:48:28,377 | INFO  | DNAudit | user=null | ip=null | op=PUT_BLOCK {blockData=[blockId=conID: 1 locID: 102664012320604748 bcsId: 0,size=3145728]} | ret=SUCCESS |  
2019-08-23 02:48:28,377 | INFO  | SCMAudit | user=jenkins1000 | ip=192.168.34.22 | op=SEND_HEARTBEAT {datanodeUUID=4eaaa090-573e-41d3-9f8c-c99e236d806a, command=[]} | ret=SUCCESS |  
2019-08-23 02:48:28,377 [grpc-default-executor-2] INFO  client.GrpcClientProtocolClient (GrpcClientProtocolClient.java:onNext(255)) - client-B268B4322F32->17750241-545b-4219-93a1-14a6ea3d85be: receive RaftClientReply:client-B268B4322F32->17750241-545b-4219-93a1-14a6ea3d85be@group-C33FBD9556F2, cid=2450, SUCCESS, logIndex=3658, commits[17750241-545b-4219-93a1-14a6ea3d85be:c3659, 4eaaa090-573e-41d3-9f8c-c99e236d806a:c3657, 5f4cf9ee-4bed-49de-adaa-861aec894328:c3657]
2019-08-23 02:48:28,378 [grpc-default-executor-2] INFO  client.GrpcClientProtocolClient (GrpcClientProtocolClient.java:onNext(255)) - client-B268B4322F32->17750241-545b-4219-93a1-14a6ea3d85be: receive RaftClientReply:client-B268B4322F32->17750241-545b-4219-93a1-14a6ea3d85be@group-C33FBD9556F2, cid=2451, SUCCESS, logIndex=3659, commits[17750241-545b-4219-93a1-14a6ea3d85be:c3659, 4eaaa090-573e-41d3-9f8c-c99e236d806a:c3657, 5f4cf9ee-4bed-49de-adaa-861aec894328:c3657]
2019-08-23 02:48:28,388 | INFO  | DNAudit | user=null | ip=null | op=WRITE_CHUNK {blockData=conID: 1 locID: 102664012320604748 bcsId: 3653} | ret=SUCCESS |  
2019-08-23 02:48:28,389 | INFO  | DNAudit | user=null | ip=null | op=WRITE_CHUNK {blockData=conID: 1 locID: 102664012320604748 bcsId: 3653} | ret=SUCCESS |  
2019-08-23 02:48:28,389 | INFO  | DNAudit | user=null | ip=null | op=PUT_BLOCK {blockData=[blockId=conID: 1 locID: 102664012320604748 bcsId: 0,size=3145728]} | ret=SUCCESS |  
2019-08-23 02:48:28,389 | INFO  | DNAudit | user=null | ip=null | op=PUT_BLOCK {blockData=[blockId=conID: 1 locID: 102664012320604748 bcsId: 0,size=3145728]} | ret=SUCCESS |  
2019-08-23 02:48:28,391 | INFO  | DNAudit | user=null | ip=null | op=WRITE_CHUNK {blockData=conID: 1 locID: 102664012320604748 bcsId: 3659} | ret=SUCCESS |  
2019-08-23 02:48:28,394 | INFO  | DNAudit | user=null | ip=null | op=WRITE_CHUNK {blockData=conID: 1 locID: 102664012320604748 bcsId: 3659} | ret=SUCCESS |  
2019-08-23 02:48:28,394 | INFO  | DNAudit | user=null | ip=null | op=WRITE_CHUNK {blockData=conID: 1 locID: 102664012320604748 bcsId: 3659} | ret=SUCCESS |  
2019-08-23 02:48:28,402 | INFO  | DNAudit | user=null | ip=null | op=WRITE_CHUNK {blockData=conID: 1 locID: 102664012320604748 bcsId: 3659} | ret=SUCCESS |  
2019-08-23 02:48:28,402 | INFO  | DNAudit | user=null | ip=null | op=PUT_BLOCK {blockData=[blockId=conID: 1 locID: 102664012320604748 bcsId: 0,size=4194304]} | ret=SUCCESS |  
2019-08-23 02:48:28,402 [grpc-default-executor-2] INFO  client.GrpcClientProtocolClient (GrpcClientProtocolClient.java:onNext(255)) - client-B268B4322F32->17750241-545b-4219-93a1-14a6ea3d85be: receive RaftClientReply:client-B268B4322F32->17750241-545b-4219-93a1-14a6ea3d85be@group-C33FBD9556F2, cid=2452, SUCCESS, logIndex=3662, commits[17750241-545b-4219-93a1-14a6ea3d85be:c3663, 4eaaa090-573e-41d3-9f8c-c99e236d806a:c3660, 5f4cf9ee-4bed-49de-adaa-861aec894328:c3660]
2019-08-23 02:48:28,403 [grpc-default-executor-2] INFO  client.GrpcClientProtocolClient (GrpcClientProtocolClient.java:onNext(255)) - client-B268B4322F32->17750241-545b-4219-93a1-14a6ea3d85be: receive RaftClientReply:client-B268B4322F32->17750241-545b-4219-93a1-14a6ea3d85be@group-C33FBD9556F2, cid=2453, SUCCESS, logIndex=3663, commits[17750241-545b-4219-93a1-14a6ea3d85be:c3663, 4eaaa090-573e-41d3-9f8c-c99e236d806a:c3660, 5f4cf9ee-4bed-49de-adaa-861aec894328:c3660]
2019-08-23 02:48:28,403 | INFO  | DNAudit | user=null | ip=null | op=WRITE_CHUNK {blockData=conID: 1 locID: 102664012320604748 bcsId: 3659} | ret=SUCCESS |  
2019-08-23 02:48:28,403 | INFO  | DNAudit | user=null | ip=null | op=WRITE_CHUNK {blockData=conID: 1 locID: 102664012320604748 bcsId: 3659} | ret=SUCCESS |  
2019-08-23 02:48:28,404 | INFO  | DNAudit | user=null | ip=null | op=PUT_BLOCK {blockData=[blockId=conID: 1 locID: 102664012320604748 bcsId: 0,size=4194304]} | ret=SUCCESS |  
2019-08-23 02:48:28,404 | INFO  | DNAudit | user=null | ip=null | op=PUT_BLOCK {blockData=[blockId=conID: 1 locID: 102664012320604748 bcsId: 0,size=4194304]} | ret=SUCCESS |  
2019-08-23 02:48:28,404 [grpc-default-executor-6] INFO  client.GrpcClientProtocolClient (GrpcClientProtocolClient.java:onNext(255)) - client-B268B4322F32->17750241-545b-4219-93a1-14a6ea3d85be: receive RaftClientReply:client-B268B4322F32->17750241-545b-4219-93a1-14a6ea3d85be@group-C33FBD9556F2, cid=2454, SUCCESS, logIndex=0, commits[17750241-545b-4219-93a1-14a6ea3d85be:c3664, 4eaaa090-573e-41d3-9f8c-c99e236d806a:c3663, 5f4cf9ee-4bed-49de-adaa-861aec894328:c3663]
2019-08-23 02:48:28,406 | INFO  | SCMAudit | user=jenkins1000 | ip=192.168.34.22 | op=ALLOCATE_BLOCK {owner=31d65bc3-3f70-45f5-bbc5-e3a15f967ba6, size=4194304, type=RATIS, factor=THREE} | ret=SUCCESS |  
2019-08-23 02:48:28,412 | INFO  | OMAudit | user=jenkins1000 | ip=127.0.0.1 | op=ALLOCATE_BLOCK {volume=vol-0-78052, bucket=bucket-0-33874, key=key-0-20719, dataSize=2147483657, replicationType=RATIS, replicationFactor=THREE, keyLocationInfo=[], clientID=102664010308846034} | ret=SUCCESS |  
2019-08-23 02:48:28,423 | INFO  | DNAudit | user=null | ip=null | op=WRITE_CHUNK {blockData=conID: 2 locID: 102664012326896205 bcsId: 0} | ret=SUCCESS |  
2019-08-23 02:48:28,427 | INFO  | DNAudit | user=null | ip=null | op=WRITE_CHUNK {blockData=conID: 2 locID: 102664012326896205 bcsId: 0} | ret=SUCCESS |  
2019-08-23 02:48:28,427 | INFO  | DNAudit | user=null | ip=null | op=WRITE_CHUNK {blockData=conID: 2 locID: 102664012326896205 bcsId: 0} | ret=SUCCESS |  
2019-08-23 02:48:28,428 | INFO  | DNAudit | user=null | ip=null | op=WRITE_CHUNK {blockData=conID: 2 locID: 102664012326896205 bcsId: 0} | ret=SUCCESS |  
2019-08-23 02:48:28,431 | INFO  | DNAudit | user=null | ip=null | op=WRITE_CHUNK {blockData=conID: 2 locID: 102664012326896205 bcsId: 0} | ret=SUCCESS |  
2019-08-23 02:48:28,431 | INFO  | DNAudit | user=null | ip=null | op=WRITE_CHUNK {blockData=conID: 2 locID: 102664012326896205 bcsId: 0} | ret=SUCCESS |  
2019-08-23 02:48:28,443 | INFO  | DNAudit | user=null | ip=null | op=WRITE_CHUNK {blockData=conID: 2 locID: 102664012326896205 bcsId: 0} | ret=SUCCESS |  
2019-08-23 02:48:28,444 | INFO  | DNAudit | user=null | ip=null | op=PUT_BLOCK {blockData=[blockId=conID: 2 locID: 102664012326896205 bcsId: 0,size=1048576]} | ret=SUCCESS |  
2019-08-23 02:48:28,444 [grpc-default-executor-6] INFO  client.GrpcClientProtocolClient (GrpcClientProtocolClient.java:onNext(255)) - client-B268B4322F32->17750241-545b-4219-93a1-14a6ea3d85be: receive RaftClientReply:client-B268B4322F32->17750241-545b-4219-93a1-14a6ea3d85be@group-C33FBD9556F2, cid=2455, SUCCESS, logIndex=3666, commits[17750241-545b-4219-93a1-14a6ea3d85be:c3667, 4eaaa090-573e-41d3-9f8c-c99e236d806a:c3665, 5f4cf9ee-4bed-49de-adaa-861aec894328:c3665]
2019-08-23 02:48:28,444 | INFO  | DNAudit | user=null | ip=null | op=WRITE_CHUNK {blockData=conID: 2 locID: 102664012326896205 bcsId: 0} | ret=SUCCESS |  
2019-08-23 02:48:28,444 [grpc-default-executor-2] INFO  client.GrpcClientProtocolClient (GrpcClientProtocolClient.java:onNext(255)) - client-B268B4322F32->17750241-545b-4219-93a1-14a6ea3d85be: receive RaftClientReply:client-B268B4322F32->17750241-545b-4219-93a1-14a6ea3d85be@group-C33FBD9556F2, cid=2456, SUCCESS, logIndex=3667, commits[17750241-545b-4219-93a1-14a6ea3d85be:c3668, 4eaaa090-573e-41d3-9f8c-c99e236d806a:c3665, 5f4cf9ee-4bed-49de-adaa-861aec894328:c3665]
2019-08-23 02:48:28,445 | INFO  | DNAudit | user=null | ip=null | op=PUT_BLOCK {blockData=[blockId=conID: 2 locID: 102664012326896205 bcsId: 0,size=2097152]} | ret=SUCCESS |  
2019-08-23 02:48:28,445 [grpc-default-executor-2] INFO  client.GrpcClientProtocolClient (GrpcClientProtocolClient.java:onNext(255)) - client-B268B4322F32->17750241-545b-4219-93a1-14a6ea3d85be: receive RaftClientReply:client-B268B4322F32->17750241-545b-4219-93a1-14a6ea3d85be@group-C33FBD9556F2, cid=2457, SUCCESS, logIndex=3668, commits[17750241-545b-4219-93a1-14a6ea3d85be:c3669, 4eaaa090-573e-41d3-9f8c-c99e236d806a:c3665, 5f4cf9ee-4bed-49de-adaa-861aec894328:c3665]
2019-08-23 02:48:28,445 [grpc-default-executor-2] INFO  client.GrpcClientProtocolClient (GrpcClientProtocolClient.java:onNext(255)) - client-B268B4322F32->17750241-545b-4219-93a1-14a6ea3d85be: receive RaftClientReply:client-B268B4322F32->17750241-545b-4219-93a1-14a6ea3d85be@group-C33FBD9556F2, cid=2458, SUCCESS, logIndex=3669, commits[17750241-545b-4219-93a1-14a6ea3d85be:c3669, 4eaaa090-573e-41d3-9f8c-c99e236d806a:c3665, 5f4cf9ee-4bed-49de-adaa-861aec894328:c3665]
2019-08-23 02:48:28,457 | INFO  | DNAudit | user=null | ip=null | op=WRITE_CHUNK {blockData=conID: 2 locID: 102664012326896205 bcsId: 0} | ret=SUCCESS |  
2019-08-23 02:48:28,457 | INFO  | DNAudit | user=null | ip=null | op=PUT_BLOCK {blockData=[blockId=conID: 2 locID: 102664012326896205 bcsId: 0,size=1048576]} | ret=SUCCESS |  
2019-08-23 02:48:28,457 | INFO  | DNAudit | user=null | ip=null | op=WRITE_CHUNK {blockData=conID: 2 locID: 102664012326896205 bcsId: 0} | ret=SUCCESS |  
2019-08-23 02:48:28,458 | INFO  | DNAudit | user=null | ip=null | op=PUT_BLOCK {blockData=[blockId=conID: 2 locID: 102664012326896205 bcsId: 0,size=1048576]} | ret=SUCCESS |  
2019-08-23 02:48:28,458 | INFO  | DNAudit | user=null | ip=null | op=WRITE_CHUNK {blockData=conID: 2 locID: 102664012326896205 bcsId: 0} | ret=SUCCESS |  
2019-08-23 02:48:28,458 | INFO  | DNAudit | user=null | ip=null | op=WRITE_CHUNK {blockData=conID: 2 locID: 102664012326896205 bcsId: 0} | ret=SUCCESS |  
2019-08-23 02:48:28,458 | INFO  | DNAudit | user=null | ip=null | op=PUT_BLOCK {blockData=[blockId=conID: 2 locID: 102664012326896205 bcsId: 0,size=2097152]} | ret=SUCCESS |  
2019-08-23 02:48:28,458 | INFO  | DNAudit | user=null | ip=null | op=PUT_BLOCK {blockData=[blockId=conID: 2 locID: 102664012326896205 bcsId: 0,size=2097152]} | ret=SUCCESS |  
2019-08-23 02:48:28,459 [grpc-default-executor-2] INFO  client.GrpcClientProtocolClient (GrpcClientProtocolClient.java:onNext(255)) - client-B268B4322F32->17750241-545b-4219-93a1-14a6ea3d85be: receive RaftClientReply:client-B268B4322F32->17750241-545b-4219-93a1-14a6ea3d85be@group-C33FBD9556F2, cid=2459, SUCCESS, logIndex=0, commits[17750241-545b-4219-93a1-14a6ea3d85be:c3671, 4eaaa090-573e-41d3-9f8c-c99e236d806a:c3667, 5f4cf9ee-4bed-49de-adaa-861aec894328:c3667]
2019-08-23 02:48:28,466 | INFO  | DNAudit | user=null | ip=null | op=WRITE_CHUNK {blockData=conID: 2 locID: 102664012326896205 bcsId: 3669} | ret=SUCCESS |  
2019-08-23 02:48:28,469 | INFO  | DNAudit | user=null | ip=null | op=WRITE_CHUNK {blockData=conID: 2 locID: 102664012326896205 bcsId: 3669} | ret=SUCCESS |  
2019-08-23 02:48:28,470 | INFO  | DNAudit | user=null | ip=null | op=WRITE_CHUNK {blockData=conID: 2 locID: 102664012326896205 bcsId: 3669} | ret=SUCCESS |  
2019-08-23 02:48:28,479 | INFO  | DNAudit | user=null | ip=null | op=WRITE_CHUNK {blockData=conID: 2 locID: 102664012326896205 bcsId: 3669} | ret=SUCCESS |  
2019-08-23 02:48:28,480 | INFO  | DNAudit | user=null | ip=null | op=PUT_BLOCK {blockData=[blockId=conID: 2 locID: 102664012326896205 bcsId: 0,size=3145728]} | ret=SUCCESS |  
2019-08-23 02:48:28,480 [grpc-default-executor-1] INFO  client.GrpcClientProtocolClient (GrpcClientProtocolClient.java:onNext(255)) - client-B268B4322F32->17750241-545b-4219-93a1-14a6ea3d85be: receive RaftClientReply:client-B268B4322F32->17750241-545b-4219-93a1-14a6ea3d85be@group-C33FBD9556F2, cid=2460, SUCCESS, logIndex=3674, commits[17750241-545b-4219-93a1-14a6ea3d85be:c3675, 4eaaa090-573e-41d3-9f8c-c99e236d806a:c3673, 5f4cf9ee-4bed-49de-adaa-861aec894328:c3673]
2019-08-23 02:48:28,480 [grpc-default-executor-1] INFO  client.GrpcClientProtocolClient (GrpcClientProtocolClient.java:onNext(255)) - client-B268B4322F32->17750241-545b-4219-93a1-14a6ea3d85be: receive RaftClientReply:client-B268B4322F32->17750241-545b-4219-93a1-14a6ea3d85be@group-C33FBD9556F2, cid=2461, SUCCESS, logIndex=3675, commits[17750241-545b-4219-93a1-14a6ea3d85be:c3675, 4eaaa090-573e-41d3-9f8c-c99e236d806a:c3673, 5f4cf9ee-4bed-49de-adaa-861aec894328:c3673]
2019-08-23 02:48:28,488 | INFO  | DNAudit | user=null | ip=null | op=WRITE_CHUNK {blockData=conID: 2 locID: 102664012326896205 bcsId: 3675} | ret=SUCCESS |  
2019-08-23 02:48:28,490 | INFO  | DNAudit | user=null | ip=null | op=WRITE_CHUNK {blockData=conID: 2 locID: 102664012326896205 bcsId: 3669} | ret=SUCCESS |  
2019-08-23 02:48:28,490 | INFO  | DNAudit | user=null | ip=null | op=WRITE_CHUNK {blockData=conID: 2 locID: 102664012326896205 bcsId: 3669} | ret=SUCCESS |  
2019-08-23 02:48:28,491 | INFO  | DNAudit | user=null | ip=null | op=WRITE_CHUNK {blockData=conID: 2 locID: 102664012326896205 bcsId: 3675} | ret=SUCCESS |  
2019-08-23 02:48:28,491 | INFO  | DNAudit | user=null | ip=null | op=WRITE_CHUNK {blockData=conID: 2 locID: 102664012326896205 bcsId: 3675} | ret=SUCCESS |  
2019-08-23 02:48:28,492 | INFO  | DNAudit | user=null | ip=null | op=PUT_BLOCK {blockData=[blockId=conID: 2 locID: 102664012326896205 bcsId: 0,size=3145728]} | ret=SUCCESS |  
2019-08-23 02:48:28,492 | INFO  | DNAudit | user=null | ip=null | op=WRITE_CHUNK {blockData=conID: 2 locID: 102664012326896205 bcsId: 3675} | ret=SUCCESS |  
2019-08-23 02:48:28,492 | INFO  | DNAudit | user=null | ip=null | op=PUT_BLOCK {blockData=[blockId=conID: 2 locID: 102664012326896205 bcsId: 0,size=3145728]} | ret=SUCCESS |  
2019-08-23 02:48:28,493 | INFO  | DNAudit | user=null | ip=null | op=PUT_BLOCK {blockData=[blockId=conID: 2 locID: 102664012326896205 bcsId: 0,size=4194304]} | ret=SUCCESS |  
2019-08-23 02:48:28,493 [grpc-default-executor-2] INFO  client.GrpcClientProtocolClient (GrpcClientProtocolClient.java:onNext(255)) - client-B268B4322F32->17750241-545b-4219-93a1-14a6ea3d85be: receive RaftClientReply:client-B268B4322F32->17750241-545b-4219-93a1-14a6ea3d85be@group-C33FBD9556F2, cid=2462, SUCCESS, logIndex=3678, commits[17750241-545b-4219-93a1-14a6ea3d85be:c3679, 4eaaa090-573e-41d3-9f8c-c99e236d806a:c3674, 5f4cf9ee-4bed-49de-adaa-861aec894328:c3675]
2019-08-23 02:48:28,494 [grpc-default-executor-2] INFO  client.GrpcClientProtocolClient (GrpcClientProtocolClient.java:onNext(255)) - client-B268B4322F32->17750241-545b-4219-93a1-14a6ea3d85be: receive RaftClientReply:client-B268B4322F32->17750241-545b-4219-93a1-14a6ea3d85be@group-C33FBD9556F2, cid=2463, SUCCESS, logIndex=3679, commits[17750241-545b-4219-93a1-14a6ea3d85be:c3679, 4eaaa090-573e-41d3-9f8c-c99e236d806a:c3675, 5f4cf9ee-4bed-49de-adaa-861aec894328:c3675]
2019-08-23 02:48:28,495 | INFO  | DNAudit | user=null | ip=null | op=WRITE_CHUNK {blockData=conID: 2 locID: 102664012326896205 bcsId: 3675} | ret=SUCCESS |  
2019-08-23 02:48:28,495 | INFO  | DNAudit | user=null | ip=null | op=WRITE_CHUNK {blockData=conID: 2 locID: 102664012326896205 bcsId: 3675} | ret=SUCCESS |  
2019-08-23 02:48:28,506 | INFO  | DNAudit | user=null | ip=null | op=PUT_BLOCK {blockData=[blockId=conID: 2 locID: 102664012326896205 bcsId: 0,size=4194304]} | ret=SUCCESS |  
2019-08-23 02:48:28,507 | INFO  | DNAudit | user=null | ip=null | op=PUT_BLOCK {blockData=[blockId=conID: 2 locID: 102664012326896205 bcsId: 0,size=4194304]} | ret=SUCCESS |  
2019-08-23 02:48:28,507 [grpc-default-executor-2] INFO  client.GrpcClientProtocolClient (GrpcClientProtocolClient.java:onNext(255)) - client-B268B4322F32->17750241-545b-4219-93a1-14a6ea3d85be: receive RaftClientReply:client-B268B4322F32->17750241-545b-4219-93a1-14a6ea3d85be@group-C33FBD9556F2, cid=2464, SUCCESS, logIndex=0, commits[17750241-545b-4219-93a1-14a6ea3d85be:c3681, 4eaaa090-573e-41d3-9f8c-c99e236d806a:c3679, 5f4cf9ee-4bed-49de-adaa-861aec894328:c3679]
2019-08-23 02:48:28,509 | INFO  | SCMAudit | user=jenkins1000 | ip=192.168.34.22 | op=ALLOCATE_BLOCK {owner=31d65bc3-3f70-45f5-bbc5-e3a15f967ba6, size=4194304, type=RATIS, factor=THREE} | ret=SUCCESS |  
2019-08-23 02:48:28,517 | INFO  | OMAudit | user=jenkins1000 | ip=127.0.0.1 | op=ALLOCATE_BLOCK {volume=vol-0-78052, bucket=bucket-0-33874, key=key-0-20719, dataSize=2147483657, replicationType=RATIS, replicationFactor=THREE, keyLocationInfo=[], clientID=102664010308846034} | ret=SUCCESS |  
2019-08-23 02:48:28,532 | INFO  | DNAudit | user=null | ip=null | op=WRITE_CHUNK {blockData=conID: 3 locID: 102664012333646414 bcsId: 0} | ret=SUCCESS |  
2019-08-23 02:48:28,534 | INFO  | DNAudit | user=null | ip=null | op=WRITE_CHUNK {blockData=conID: 3 locID: 102664012333646414 bcsId: 0} | ret=SUCCESS |  
2019-08-23 02:48:28,534 | INFO  | DNAudit | user=null | ip=null | op=WRITE_CHUNK {blockData=conID: 3 locID: 102664012333646414 bcsId: 0} | ret=SUCCESS |  
2019-08-23 02:48:28,535 | INFO  | DNAudit | user=null | ip=null | op=WRITE_CHUNK {blockData=conID: 3 locID: 102664012333646414 bcsId: 0} | ret=SUCCESS |  
2019-08-23 02:48:28,536 | INFO  | DNAudit | user=null | ip=null | op=WRITE_CHUNK {blockData=conID: 3 locID: 102664012333646414 bcsId: 0} | ret=SUCCESS |  
2019-08-23 02:48:28,537 | INFO  | DNAudit | user=null | ip=null | op=WRITE_CHUNK {blockData=conID: 3 locID: 102664012333646414 bcsId: 0} | ret=SUCCESS |  
2019-08-23 02:48:28,546 | INFO  | DNAudit | user=null | ip=null | op=WRITE_CHUNK {blockData=conID: 3 locID: 102664012333646414 bcsId: 0} | ret=SUCCESS |  
2019-08-23 02:48:28,547 | INFO  | DNAudit | user=null | ip=null | op=PUT_BLOCK {blockData=[blockId=conID: 3 locID: 102664012333646414 bcsId: 0,size=1048576]} | ret=SUCCESS |  
2019-08-23 02:48:28,547 | INFO  | DNAudit | user=null | ip=null | op=WRITE_CHUNK {blockData=conID: 3 locID: 102664012333646414 bcsId: 0} | ret=SUCCESS |  
2019-08-23 02:48:28,547 | INFO  | DNAudit | user=null | ip=null | op=PUT_BLOCK {blockData=[blockId=conID: 3 locID: 102664012333646414 bcsId: 0,size=2097152]} | ret=SUCCESS |  
2019-08-23 02:48:28,548 | INFO  | DNAudit | user=null | ip=null | op=WRITE_CHUNK {blockData=conID: 3 locID: 102664012333646414 bcsId: 0} | ret=SUCCESS |  
2019-08-23 02:48:28,547 [grpc-default-executor-1] INFO  client.GrpcClientProtocolClient (GrpcClientProtocolClient.java:onNext(255)) - client-B268B4322F32->17750241-545b-4219-93a1-14a6ea3d85be: receive RaftClientReply:client-B268B4322F32->17750241-545b-4219-93a1-14a6ea3d85be@group-C33FBD9556F2, cid=2465, SUCCESS, logIndex=3682, commits[17750241-545b-4219-93a1-14a6ea3d85be:c3683, 4eaaa090-573e-41d3-9f8c-c99e236d806a:c3681, 5f4cf9ee-4bed-49de-adaa-861aec894328:c3681]
2019-08-23 02:48:28,548 | INFO  | DNAudit | user=null | ip=null | op=PUT_BLOCK {blockData=[blockId=conID: 3 locID: 102664012333646414 bcsId: 0,size=1048576]} | ret=SUCCESS |  
2019-08-23 02:48:28,548 [grpc-default-executor-1] INFO  client.GrpcClientProtocolClient (GrpcClientProtocolClient.java:onNext(255)) - client-B268B4322F32->17750241-545b-4219-93a1-14a6ea3d85be: receive RaftClientReply:client-B268B4322F32->17750241-545b-4219-93a1-14a6ea3d85be@group-C33FBD9556F2, cid=2466, SUCCESS, logIndex=3683, commits[17750241-545b-4219-93a1-14a6ea3d85be:c3685, 4eaaa090-573e-41d3-9f8c-c99e236d806a:c3681, 5f4cf9ee-4bed-49de-adaa-861aec894328:c3681]
2019-08-23 02:48:28,548 [grpc-default-executor-1] INFO  client.GrpcClientProtocolClient (GrpcClientProtocolClient.java:onNext(255)) - client-B268B4322F32->17750241-545b-4219-93a1-14a6ea3d85be: receive RaftClientReply:client-B268B4322F32->17750241-545b-4219-93a1-14a6ea3d85be@group-C33FBD9556F2, cid=2467, SUCCESS, logIndex=3684, commits[17750241-545b-4219-93a1-14a6ea3d85be:c3685, 4eaaa090-573e-41d3-9f8c-c99e236d806a:c3681, 5f4cf9ee-4bed-49de-adaa-861aec894328:c3681]
2019-08-23 02:48:28,548 [grpc-default-executor-1] INFO  client.GrpcClientProtocolClient (GrpcClientProtocolClient.java:onNext(255)) - client-B268B4322F32->17750241-545b-4219-93a1-14a6ea3d85be: receive RaftClientReply:client-B268B4322F32->17750241-545b-4219-93a1-14a6ea3d85be@group-C33FBD9556F2, cid=2468, SUCCESS, logIndex=3685, commits[17750241-545b-4219-93a1-14a6ea3d85be:c3685, 4eaaa090-573e-41d3-9f8c-c99e236d806a:c3681, 5f4cf9ee-4bed-49de-adaa-861aec894328:c3681]
2019-08-23 02:48:28,550 | INFO  | DNAudit | user=null | ip=null | op=WRITE_CHUNK {blockData=conID: 3 locID: 102664012333646414 bcsId: 0} | ret=SUCCESS |  
2019-08-23 02:48:28,550 | INFO  | DNAudit | user=null | ip=null | op=PUT_BLOCK {blockData=[blockId=conID: 3 locID: 102664012333646414 bcsId: 0,size=1048576]} | ret=SUCCESS |  
2019-08-23 02:48:28,551 [grpc-default-executor-1] INFO  client.GrpcClientProtocolClient (GrpcClientProtocolClient.java:onNext(255)) - client-B268B4322F32->17750241-545b-4219-93a1-14a6ea3d85be: receive RaftClientReply:client-B268B4322F32->17750241-545b-4219-93a1-14a6ea3d85be@group-C33FBD9556F2, cid=2469, SUCCESS, logIndex=0, commits[17750241-545b-4219-93a1-14a6ea3d85be:c3686, 4eaaa090-573e-41d3-9f8c-c99e236d806a:c3683, 5f4cf9ee-4bed-49de-adaa-861aec894328:c3683]
2019-08-23 02:48:28,558 | INFO  | DNAudit | user=null | ip=null | op=WRITE_CHUNK {blockData=conID: 3 locID: 102664012333646414 bcsId: 3685} | ret=SUCCESS |  
2019-08-23 02:48:28,560 | INFO  | DNAudit | user=null | ip=null | op=WRITE_CHUNK {blockData=conID: 3 locID: 102664012333646414 bcsId: 3685} | ret=SUCCESS |  
2019-08-23 02:48:28,560 | INFO  | DNAudit | user=null | ip=null | op=WRITE_CHUNK {blockData=conID: 3 locID: 102664012333646414 bcsId: 3685} | ret=SUCCESS |  
2019-08-23 02:48:28,561 | INFO  | DNAudit | user=null | ip=null | op=WRITE_CHUNK {blockData=conID: 3 locID: 102664012333646414 bcsId: 0} | ret=SUCCESS |  
2019-08-23 02:48:28,561 | INFO  | DNAudit | user=null | ip=null | op=PUT_BLOCK {blockData=[blockId=conID: 3 locID: 102664012333646414 bcsId: 0,size=2097152]} | ret=SUCCESS |  
2019-08-23 02:48:28,561 | INFO  | DNAudit | user=null | ip=null | op=WRITE_CHUNK {blockData=conID: 3 locID: 102664012333646414 bcsId: 0} | ret=SUCCESS |  
2019-08-23 02:48:28,561 | INFO  | DNAudit | user=null | ip=null | op=PUT_BLOCK {blockData=[blockId=conID: 3 locID: 102664012333646414 bcsId: 0,size=2097152]} | ret=SUCCESS |  
2019-08-23 02:48:28,564 | INFO  | DNAudit | user=null | ip=null | op=WRITE_CHUNK {blockData=conID: 3 locID: 102664012333646414 bcsId: 3685} | ret=SUCCESS |  
2019-08-23 02:48:28,565 | INFO  | DNAudit | user=null | ip=null | op=PUT_BLOCK {blockData=[blockId=conID: 3 locID: 102664012333646414 bcsId: 0,size=3145728]} | ret=SUCCESS |  
2019-08-23 02:48:28,565 [grpc-default-executor-6] INFO  client.GrpcClientProtocolClient (GrpcClientProtocolClient.java:onNext(255)) - client-B268B4322F32->17750241-545b-4219-93a1-14a6ea3d85be: receive RaftClientReply:client-B268B4322F32->17750241-545b-4219-93a1-14a6ea3d85be@group-C33FBD9556F2, cid=2470, SUCCESS, logIndex=3690, commits[17750241-545b-4219-93a1-14a6ea3d85be:c3691, 4eaaa090-573e-41d3-9f8c-c99e236d806a:c3687, 5f4cf9ee-4bed-49de-adaa-861aec894328:c3687]
2019-08-23 02:48:28,566 [grpc-default-executor-6] INFO  client.GrpcClientProtocolClient (GrpcClientProtocolClient.java:onNext(255)) - client-B268B4322F32->17750241-545b-4219-93a1-14a6ea3d85be: receive RaftClientReply:client-B268B4322F32->17750241-545b-4219-93a1-14a6ea3d85be@group-C33FBD9556F2, cid=2471, SUCCESS, logIndex=3691, commits[17750241-545b-4219-93a1-14a6ea3d85be:c3691, 4eaaa090-573e-41d3-9f8c-c99e236d806a:c3687, 5f4cf9ee-4bed-49de-adaa-861aec894328:c3687]
2019-08-23 02:48:28,573 | INFO  | DNAudit | user=null | ip=null | op=WRITE_CHUNK {blockData=conID: 3 locID: 102664012333646414 bcsId: 3691} | ret=SUCCESS |  
2019-08-23 02:48:28,575 | INFO  | DNAudit | user=null | ip=null | op=WRITE_CHUNK {blockData=conID: 3 locID: 102664012333646414 bcsId: 3691} | ret=SUCCESS |  
2019-08-23 02:48:28,576 | INFO  | DNAudit | user=null | ip=null | op=WRITE_CHUNK {blockData=conID: 3 locID: 102664012333646414 bcsId: 3691} | ret=SUCCESS |  
2019-08-23 02:48:28,576 | INFO  | DNAudit | user=null | ip=null | op=WRITE_CHUNK {blockData=conID: 3 locID: 102664012333646414 bcsId: 3685} | ret=SUCCESS |  
2019-08-23 02:48:28,576 | INFO  | DNAudit | user=null | ip=null | op=WRITE_CHUNK {blockData=conID: 3 locID: 102664012333646414 bcsId: 3685} | ret=SUCCESS |  
2019-08-23 02:48:28,576 | INFO  | DNAudit | user=null | ip=null | op=PUT_BLOCK {blockData=[blockId=conID: 3 locID: 102664012333646414 bcsId: 0,size=3145728]} | ret=SUCCESS |  
2019-08-23 02:48:28,577 | INFO  | DNAudit | user=null | ip=null | op=PUT_BLOCK {blockData=[blockId=conID: 3 locID: 102664012333646414 bcsId: 0,size=3145728]} | ret=SUCCESS |  
2019-08-23 02:48:28,578 | INFO  | DNAudit | user=null | ip=null | op=WRITE_CHUNK {blockData=conID: 3 locID: 102664012333646414 bcsId: 3691} | ret=SUCCESS |  
2019-08-23 02:48:28,578 | INFO  | DNAudit | user=null | ip=null | op=PUT_BLOCK {blockData=[blockId=conID: 3 locID: 102664012333646414 bcsId: 0,size=4194304]} | ret=SUCCESS |  
2019-08-23 02:48:28,578 [grpc-default-executor-1] INFO  client.GrpcClientProtocolClient (GrpcClientProtocolClient.java:onNext(255)) - client-B268B4322F32->17750241-545b-4219-93a1-14a6ea3d85be: receive RaftClientReply:client-B268B4322F32->17750241-545b-4219-93a1-14a6ea3d85be@group-C33FBD9556F2, cid=2472, SUCCESS, logIndex=3694, commits[17750241-545b-4219-93a1-14a6ea3d85be:c3695, 4eaaa090-573e-41d3-9f8c-c99e236d806a:c3691, 5f4cf9ee-4bed-49de-adaa-861aec894328:c3691]
2019-08-23 02:48:28,579 [grpc-default-executor-1] INFO  client.GrpcClientProtocolClient (GrpcClientProtocolClient.java:onNext(255)) - client-B268B4322F32->17750241-545b-4219-93a1-14a6ea3d85be: receive RaftClientReply:client-B268B4322F32->17750241-545b-4219-93a1-14a6ea3d85be@group-C33FBD9556F2, cid=2473, SUCCESS, logIndex=3695, commits[17750241-545b-4219-93a1-14a6ea3d85be:c3695, 4eaaa090-573e-41d3-9f8c-c99e236d806a:c3691, 5f4cf9ee-4bed-49de-adaa-861aec894328:c3691]
2019-08-23 02:48:28,579 | INFO  | DNAudit | user=null | ip=null | op=WRITE_CHUNK {blockData=conID: 3 locID: 102664012333646414 bcsId: 3691} | ret=SUCCESS |  
2019-08-23 02:48:28,579 | INFO  | DNAudit | user=null | ip=null | op=PUT_BLOCK {blockData=[blockId=conID: 3 locID: 102664012333646414 bcsId: 0,size=4194304]} | ret=SUCCESS |  
2019-08-23 02:48:28,581 | INFO  | DNAudit | user=null | ip=null | op=WRITE_CHUNK {blockData=conID: 3 locID: 102664012333646414 bcsId: 3691} | ret=SUCCESS |  
2019-08-23 02:48:28,581 | INFO  | DNAudit | user=null | ip=null | op=PUT_BLOCK {blockData=[blockId=conID: 3 locID: 102664012333646414 bcsId: 0,size=4194304]} | ret=SUCCESS |  
2019-08-23 02:48:28,582 [grpc-default-executor-1] INFO  client.GrpcClientProtocolClient (GrpcClientProtocolClient.java:onNext(255)) - client-B268B4322F32->17750241-545b-4219-93a1-14a6ea3d85be: receive RaftClientReply:client-B268B4322F32->17750241-545b-4219-93a1-14a6ea3d85be@group-C33FBD9556F2, cid=2474, SUCCESS, logIndex=0, commits[17750241-545b-4219-93a1-14a6ea3d85be:c3696, 4eaaa090-573e-41d3-9f8c-c99e236d806a:c3695, 5f4cf9ee-4bed-49de-adaa-861aec894328:c3695]
2019-08-23 02:48:28,583 | INFO  | SCMAudit | user=jenkins1000 | ip=192.168.34.22 | op=ALLOCATE_BLOCK {owner=31d65bc3-3f70-45f5-bbc5-e3a15f967ba6, size=4194304, type=RATIS, factor=THREE} | ret=SUCCESS |  
2019-08-23 02:48:28,586 | INFO  | OMAudit | user=jenkins1000 | ip=127.0.0.1 | op=ALLOCATE_BLOCK {volume=vol-0-78052, bucket=bucket-0-33874, key=key-0-20719, dataSize=2147483657, replicationType=RATIS, replicationFactor=THREE, keyLocationInfo=[], clientID=102664010308846034} | ret=SUCCESS |  
2019-08-23 02:48:28,598 | INFO  | DNAudit | user=null | ip=null | op=WRITE_CHUNK {blockData=conID: 1 locID: 102664012338496079 bcsId: 0} | ret=SUCCESS |  
2019-08-23 02:48:28,600 | INFO  | DNAudit | user=null | ip=null | op=WRITE_CHUNK {blockData=conID: 1 locID: 102664012338496079 bcsId: 0} | ret=SUCCESS |  
2019-08-23 02:48:28,600 | INFO  | DNAudit | user=null | ip=null | op=WRITE_CHUNK {blockData=conID: 1 locID: 102664012338496079 bcsId: 0} | ret=SUCCESS |  
2019-08-23 02:48:28,601 | INFO  | DNAudit | user=null | ip=null | op=WRITE_CHUNK {blockData=conID: 1 locID: 102664012338496079 bcsId: 0} | ret=SUCCESS |  
2019-08-23 02:48:28,603 | INFO  | DNAudit | user=null | ip=null | op=WRITE_CHUNK {blockData=conID: 1 locID: 102664012338496079 bcsId: 0} | ret=SUCCESS |  
2019-08-23 02:48:28,603 | INFO  | DNAudit | user=null | ip=null | op=WRITE_CHUNK {blockData=conID: 1 locID: 102664012338496079 bcsId: 0} | ret=SUCCESS |  
2019-08-23 02:48:28,613 | INFO  | DNAudit | user=null | ip=null | op=WRITE_CHUNK {blockData=conID: 1 locID: 102664012338496079 bcsId: 0} | ret=SUCCESS |  
2019-08-23 02:48:28,613 | INFO  | DNAudit | user=null | ip=null | op=PUT_BLOCK {blockData=[blockId=conID: 1 locID: 102664012338496079 bcsId: 0,size=1048576]} | ret=SUCCESS |  
2019-08-23 02:48:28,613 | INFO  | DNAudit | user=null | ip=null | op=WRITE_CHUNK {blockData=conID: 1 locID: 102664012338496079 bcsId: 0} | ret=SUCCESS |  
2019-08-23 02:48:28,613 [grpc-default-executor-6] INFO  client.GrpcClientProtocolClient (GrpcClientProtocolClient.java:onNext(255)) - client-B268B4322F32->17750241-545b-4219-93a1-14a6ea3d85be: receive RaftClientReply:client-B268B4322F32->17750241-545b-4219-93a1-14a6ea3d85be@group-C33FBD9556F2, cid=2475, SUCCESS, logIndex=3698, commits[17750241-545b-4219-93a1-14a6ea3d85be:c3699, 4eaaa090-573e-41d3-9f8c-c99e236d806a:c3697, 5f4cf9ee-4bed-49de-adaa-861aec894328:c3697]
2019-08-23 02:48:28,613 | INFO  | DNAudit | user=null | ip=null | op=PUT_BLOCK {blockData=[blockId=conID: 1 locID: 102664012338496079 bcsId: 0,size=2097152]} | ret=SUCCESS |  
2019-08-23 02:48:28,614 [grpc-default-executor-6] INFO  client.GrpcClientProtocolClient (GrpcClientProtocolClient.java:onNext(255)) - client-B268B4322F32->17750241-545b-4219-93a1-14a6ea3d85be: receive RaftClientReply:client-B268B4322F32->17750241-545b-4219-93a1-14a6ea3d85be@group-C33FBD9556F2, cid=2476, SUCCESS, logIndex=3699, commits[17750241-545b-4219-93a1-14a6ea3d85be:c3701, 4eaaa090-573e-41d3-9f8c-c99e236d806a:c3697, 5f4cf9ee-4bed-49de-adaa-861aec894328:c3697]
2019-08-23 02:48:28,614 [grpc-default-executor-6] INFO  client.GrpcClientProtocolClient (GrpcClientProtocolClient.java:onNext(255)) - client-B268B4322F32->17750241-545b-4219-93a1-14a6ea3d85be: receive RaftClientReply:client-B268B4322F32->17750241-545b-4219-93a1-14a6ea3d85be@group-C33FBD9556F2, cid=2477, SUCCESS, logIndex=3700, commits[17750241-545b-4219-93a1-14a6ea3d85be:c3701, 4eaaa090-573e-41d3-9f8c-c99e236d806a:c3697, 5f4cf9ee-4bed-49de-adaa-861aec894328:c3697]
2019-08-23 02:48:28,615 [grpc-default-executor-6] INFO  client.GrpcClientProtocolClient (GrpcClientProtocolClient.java:onNext(255)) - client-B268B4322F32->17750241-545b-4219-93a1-14a6ea3d85be: receive RaftClientReply:client-B268B4322F32->17750241-545b-4219-93a1-14a6ea3d85be@group-C33FBD9556F2, cid=2478, SUCCESS, logIndex=3701, commits[17750241-545b-4219-93a1-14a6ea3d85be:c3701, 4eaaa090-573e-41d3-9f8c-c99e236d806a:c3697, 5f4cf9ee-4bed-49de-adaa-861aec894328:c3697]
2019-08-23 02:48:28,615 | INFO  | DNAudit | user=null | ip=null | op=WRITE_CHUNK {blockData=conID: 1 locID: 102664012338496079 bcsId: 0} | ret=SUCCESS |  
2019-08-23 02:48:28,615 | INFO  | DNAudit | user=null | ip=null | op=PUT_BLOCK {blockData=[blockId=conID: 1 locID: 102664012338496079 bcsId: 0,size=1048576]} | ret=SUCCESS |  
2019-08-23 02:48:28,615 | INFO  | DNAudit | user=null | ip=null | op=WRITE_CHUNK {blockData=conID: 1 locID: 102664012338496079 bcsId: 0} | ret=SUCCESS |  
2019-08-23 02:48:28,616 | INFO  | DNAudit | user=null | ip=null | op=PUT_BLOCK {blockData=[blockId=conID: 1 locID: 102664012338496079 bcsId: 0,size=1048576]} | ret=SUCCESS |  
2019-08-23 02:48:28,616 | INFO  | DNAudit | user=null | ip=null | op=WRITE_CHUNK {blockData=conID: 1 locID: 102664012338496079 bcsId: 0} | ret=SUCCESS |  
2019-08-23 02:48:28,616 [grpc-default-executor-6] INFO  client.GrpcClientProtocolClient (GrpcClientProtocolClient.java:onNext(255)) - client-B268B4322F32->17750241-545b-4219-93a1-14a6ea3d85be: receive RaftClientReply:client-B268B4322F32->17750241-545b-4219-93a1-14a6ea3d85be@group-C33FBD9556F2, cid=2479, SUCCESS, logIndex=0, commits[17750241-545b-4219-93a1-14a6ea3d85be:c3702, 4eaaa090-573e-41d3-9f8c-c99e236d806a:c3699, 5f4cf9ee-4bed-49de-adaa-861aec894328:c3699]
2019-08-23 02:48:28,616 | INFO  | DNAudit | user=null | ip=null | op=PUT_BLOCK {blockData=[blockId=conID: 1 locID: 102664012338496079 bcsId: 0,size=2097152]} | ret=SUCCESS |  
2019-08-23 02:48:28,616 | INFO  | DNAudit | user=null | ip=null | op=WRITE_CHUNK {blockData=conID: 1 locID: 102664012338496079 bcsId: 0} | ret=SUCCESS |  
2019-08-23 02:48:28,617 | INFO  | DNAudit | user=null | ip=null | op=PUT_BLOCK {blockData=[blockId=conID: 1 locID: 102664012338496079 bcsId: 0,size=2097152]} | ret=SUCCESS |  
2019-08-23 02:48:28,622 | INFO  | DNAudit | user=null | ip=null | op=WRITE_CHUNK {blockData=conID: 1 locID: 102664012338496079 bcsId: 3701} | ret=SUCCESS |  
2019-08-23 02:48:28,625 | INFO  | DNAudit | user=null | ip=null | op=WRITE_CHUNK {blockData=conID: 1 locID: 102664012338496079 bcsId: 3701} | ret=SUCCESS |  
2019-08-23 02:48:28,625 | INFO  | DNAudit | user=null | ip=null | op=WRITE_CHUNK {blockData=conID: 1 locID: 102664012338496079 bcsId: 3701} | ret=SUCCESS |  
2019-08-23 02:48:28,627 | INFO  | DNAudit | user=null | ip=null | op=WRITE_CHUNK {blockData=conID: 1 locID: 102664012338496079 bcsId: 3701} | ret=SUCCESS |  
2019-08-23 02:48:28,628 | INFO  | DNAudit | user=null | ip=null | op=PUT_BLOCK {blockData=[blockId=conID: 1 locID: 102664012338496079 bcsId: 0,size=3145728]} | ret=SUCCESS |  
2019-08-23 02:48:28,628 [grpc-default-executor-1] INFO  client.GrpcClientProtocolClient (GrpcClientProtocolClient.java:onNext(255)) - client-B268B4322F32->17750241-545b-4219-93a1-14a6ea3d85be: receive RaftClientReply:client-B268B4322F32->17750241-545b-4219-93a1-14a6ea3d85be@group-C33FBD9556F2, cid=2480, SUCCESS, logIndex=3705, commits[17750241-545b-4219-93a1-14a6ea3d85be:c3706, 4eaaa090-573e-41d3-9f8c-c99e236d806a:c3701, 5f4cf9ee-4bed-49de-adaa-861aec894328:c3704]
2019-08-23 02:48:28,628 [grpc-default-executor-1] INFO  client.GrpcClientProtocolClient (GrpcClientProtocolClient.java:onNext(255)) - client-B268B4322F32->17750241-545b-4219-93a1-14a6ea3d85be: receive RaftClientReply:client-B268B4322F32->17750241-545b-4219-93a1-14a6ea3d85be@group-C33FBD9556F2, cid=2481, SUCCESS, logIndex=3706, commits[17750241-545b-4219-93a1-14a6ea3d85be:c3706, 4eaaa090-573e-41d3-9f8c-c99e236d806a:c3704, 5f4cf9ee-4bed-49de-adaa-861aec894328:c3704]
2019-08-23 02:48:28,630 | INFO  | DNAudit | user=null | ip=null | op=WRITE_CHUNK {blockData=conID: 1 locID: 102664012338496079 bcsId: 3701} | ret=SUCCESS |  
2019-08-23 02:48:28,630 | INFO  | DNAudit | user=null | ip=null | op=PUT_BLOCK {blockData=[blockId=conID: 1 locID: 102664012338496079 bcsId: 0,size=3145728]} | ret=SUCCESS |  
2019-08-23 02:48:28,630 | INFO  | DNAudit | user=null | ip=null | op=WRITE_CHUNK {blockData=conID: 1 locID: 102664012338496079 bcsId: 3701} | ret=SUCCESS |  
2019-08-23 02:48:28,631 | INFO  | DNAudit | user=null | ip=null | op=PUT_BLOCK {blockData=[blockId=conID: 1 locID: 102664012338496079 bcsId: 0,size=3145728]} | ret=SUCCESS |  
2019-08-23 02:48:28,634 | INFO  | DNAudit | user=null | ip=null | op=WRITE_CHUNK {blockData=conID: 1 locID: 102664012338496079 bcsId: 3706} | ret=SUCCESS |  
2019-08-23 02:48:28,637 | INFO  | DNAudit | user=null | ip=null | op=WRITE_CHUNK {blockData=conID: 1 locID: 102664012338496079 bcsId: 3706} | ret=SUCCESS |  
2019-08-23 02:48:28,637 | INFO  | DNAudit | user=null | ip=null | op=WRITE_CHUNK {blockData=conID: 1 locID: 102664012338496079 bcsId: 3706} | ret=SUCCESS |  
2019-08-23 02:48:28,645 | INFO  | DNAudit | user=null | ip=null | op=WRITE_CHUNK {blockData=conID: 1 locID: 102664012338496079 bcsId: 3706} | ret=SUCCESS |  
2019-08-23 02:48:28,645 | INFO  | DNAudit | user=null | ip=null | op=PUT_BLOCK {blockData=[blockId=conID: 1 locID: 102664012338496079 bcsId: 0,size=4194304]} | ret=SUCCESS |  
2019-08-23 02:48:28,645 [grpc-default-executor-2] INFO  client.GrpcClientProtocolClient (GrpcClientProtocolClient.java:onNext(255)) - client-B268B4322F32->17750241-545b-4219-93a1-14a6ea3d85be: receive RaftClientReply:client-B268B4322F32->17750241-545b-4219-93a1-14a6ea3d85be@group-C33FBD9556F2, cid=2482, SUCCESS, logIndex=3709, commits[17750241-545b-4219-93a1-14a6ea3d85be:c3710, 4eaaa090-573e-41d3-9f8c-c99e236d806a:c3708, 5f4cf9ee-4bed-49de-adaa-861aec894328:c3706]
2019-08-23 02:48:28,646 [grpc-default-executor-2] INFO  client.GrpcClientProtocolClient (GrpcClientProtocolClient.java:onNext(255)) - client-B268B4322F32->17750241-545b-4219-93a1-14a6ea3d85be: receive RaftClientReply:client-B268B4322F32->17750241-545b-4219-93a1-14a6ea3d85be@group-C33FBD9556F2, cid=2483, SUCCESS, logIndex=3710, commits[17750241-545b-4219-93a1-14a6ea3d85be:c3710, 4eaaa090-573e-41d3-9f8c-c99e236d806a:c3708, 5f4cf9ee-4bed-49de-adaa-861aec894328:c3708]
2019-08-23 02:48:28,681 | INFO  | DNAudit | user=null | ip=null | op=WRITE_CHUNK {blockData=conID: 1 locID: 102664012338496079 bcsId: 3706} | ret=SUCCESS |  
2019-08-23 02:48:28,682 | INFO  | DNAudit | user=null | ip=null | op=WRITE_CHUNK {blockData=conID: 1 locID: 102664012338496079 bcsId: 3706} | ret=SUCCESS |  
2019-08-23 02:48:28,682 | INFO  | DNAudit | user=null | ip=null | op=PUT_BLOCK {blockData=[blockId=conID: 1 locID: 102664012338496079 bcsId: 0,size=4194304]} | ret=SUCCESS |  
2019-08-23 02:48:28,682 | INFO  | DNAudit | user=null | ip=null | op=PUT_BLOCK {blockData=[blockId=conID: 1 locID: 102664012338496079 bcsId: 0,size=4194304]} | ret=SUCCESS |  
2019-08-23 02:48:28,682 [grpc-default-executor-2] INFO  client.GrpcClientProtocolClient (GrpcClientProtocolClient.java:onNext(255)) - client-B268B4322F32->17750241-545b-4219-93a1-14a6ea3d85be: receive RaftClientReply:client-B268B4322F32->17750241-545b-4219-93a1-14a6ea3d85be@group-C33FBD9556F2, cid=2484, SUCCESS, logIndex=0, commits[17750241-545b-4219-93a1-14a6ea3d85be:c3711, 4eaaa090-573e-41d3-9f8c-c99e236d806a:c3710, 5f4cf9ee-4bed-49de-adaa-861aec894328:c3710]
2019-08-23 02:48:28,684 | INFO  | SCMAudit | user=jenkins1000 | ip=192.168.34.22 | op=ALLOCATE_BLOCK {owner=31d65bc3-3f70-45f5-bbc5-e3a15f967ba6, size=4194304, type=RATIS, factor=THREE} | ret=SUCCESS |  
2019-08-23 02:48:28,690 | INFO  | OMAudit | user=jenkins1000 | ip=127.0.0.1 | op=ALLOCATE_BLOCK {volume=vol-0-78052, bucket=bucket-0-33874, key=key-0-20719, dataSize=2147483657, replicationType=RATIS, replicationFactor=THREE, keyLocationInfo=[], clientID=102664010308846034} | ret=SUCCESS |  
2019-08-23 02:48:28,703 | INFO  | DNAudit | user=null | ip=null | op=WRITE_CHUNK {blockData=conID: 2 locID: 102664012345115216 bcsId: 0} | ret=SUCCESS |  
2019-08-23 02:48:28,705 | INFO  | DNAudit | user=null | ip=null | op=WRITE_CHUNK {blockData=conID: 2 locID: 102664012345115216 bcsId: 0} | ret=SUCCESS |  
2019-08-23 02:48:28,707 | INFO  | DNAudit | user=null | ip=null | op=WRITE_CHUNK {blockData=conID: 2 locID: 102664012345115216 bcsId: 0} | ret=SUCCESS |  
2019-08-23 02:48:28,707 | INFO  | DNAudit | user=null | ip=null | op=WRITE_CHUNK {blockData=conID: 2 locID: 102664012345115216 bcsId: 0} | ret=SUCCESS |  
2019-08-23 02:48:28,708 | INFO  | DNAudit | user=null | ip=null | op=WRITE_CHUNK {blockData=conID: 2 locID: 102664012345115216 bcsId: 0} | ret=SUCCESS |  
2019-08-23 02:48:28,709 | INFO  | DNAudit | user=null | ip=null | op=WRITE_CHUNK {blockData=conID: 2 locID: 102664012345115216 bcsId: 0} | ret=SUCCESS |  
2019-08-23 02:48:28,730 | INFO  | DNAudit | user=null | ip=null | op=WRITE_CHUNK {blockData=conID: 2 locID: 102664012345115216 bcsId: 0} | ret=SUCCESS |  
2019-08-23 02:48:28,731 | INFO  | DNAudit | user=null | ip=null | op=PUT_BLOCK {blockData=[blockId=conID: 2 locID: 102664012345115216 bcsId: 0,size=1048576]} | ret=SUCCESS |  
2019-08-23 02:48:28,731 | INFO  | DNAudit | user=null | ip=null | op=WRITE_CHUNK {blockData=conID: 2 locID: 102664012345115216 bcsId: 0} | ret=SUCCESS |  
2019-08-23 02:48:28,731 [grpc-default-executor-6] INFO  client.GrpcClientProtocolClient (GrpcClientProtocolClient.java:onNext(255)) - client-B268B4322F32->17750241-545b-4219-93a1-14a6ea3d85be: receive RaftClientReply:client-B268B4322F32->17750241-545b-4219-93a1-14a6ea3d85be@group-C33FBD9556F2, cid=2485, SUCCESS, logIndex=3713, commits[17750241-545b-4219-93a1-14a6ea3d85be:c3714, 4eaaa090-573e-41d3-9f8c-c99e236d806a:c3712, 5f4cf9ee-4bed-49de-adaa-861aec894328:c3712]
2019-08-23 02:48:28,731 | INFO  | DNAudit | user=null | ip=null | op=PUT_BLOCK {blockData=[blockId=conID: 2 locID: 102664012345115216 bcsId: 0,size=2097152]} | ret=SUCCESS |  
2019-08-23 02:48:28,731 [grpc-default-executor-6] INFO  client.GrpcClientProtocolClient (GrpcClientProtocolClient.java:onNext(255)) - client-B268B4322F32->17750241-545b-4219-93a1-14a6ea3d85be: receive RaftClientReply:client-B268B4322F32->17750241-545b-4219-93a1-14a6ea3d85be@group-C33FBD9556F2, cid=2486, SUCCESS, logIndex=3714, commits[17750241-545b-4219-93a1-14a6ea3d85be:c3716, 4eaaa090-573e-41d3-9f8c-c99e236d806a:c3712, 5f4cf9ee-4bed-49de-adaa-861aec894328:c3712]
2019-08-23 02:48:28,732 [grpc-default-executor-6] INFO  client.GrpcClientProtocolClient (GrpcClientProtocolClient.java:onNext(255)) - client-B268B4322F32->17750241-545b-4219-93a1-14a6ea3d85be: receive RaftClientReply:client-B268B4322F32->17750241-545b-4219-93a1-14a6ea3d85be@group-C33FBD9556F2, cid=2487, SUCCESS, logIndex=3715, commits[17750241-545b-4219-93a1-14a6ea3d85be:c3716, 4eaaa090-573e-41d3-9f8c-c99e236d806a:c3712, 5f4cf9ee-4bed-49de-adaa-861aec894328:c3712]
2019-08-23 02:48:28,732 [grpc-default-executor-6] INFO  client.GrpcClientProtocolClient (GrpcClientProtocolClient.java:onNext(255)) - client-B268B4322F32->17750241-545b-4219-93a1-14a6ea3d85be: receive RaftClientReply:client-B268B4322F32->17750241-545b-4219-93a1-14a6ea3d85be@group-C33FBD9556F2, cid=2488, SUCCESS, logIndex=3716, commits[17750241-545b-4219-93a1-14a6ea3d85be:c3716, 4eaaa090-573e-41d3-9f8c-c99e236d806a:c3712, 5f4cf9ee-4bed-49de-adaa-861aec894328:c3712]
2019-08-23 02:48:28,734 | INFO  | DNAudit | user=null | ip=null | op=WRITE_CHUNK {blockData=conID: 2 locID: 102664012345115216 bcsId: 0} | ret=SUCCESS |  
2019-08-23 02:48:28,734 | INFO  | DNAudit | user=null | ip=null | op=WRITE_CHUNK {blockData=conID: 2 locID: 102664012345115216 bcsId: 0} | ret=SUCCESS |  
2019-08-23 02:48:28,735 | INFO  | DNAudit | user=null | ip=null | op=PUT_BLOCK {blockData=[blockId=conID: 2 locID: 102664012345115216 bcsId: 0,size=1048576]} | ret=SUCCESS |  
2019-08-23 02:48:28,746 | INFO  | DNAudit | user=null | ip=null | op=PUT_BLOCK {blockData=[blockId=conID: 2 locID: 102664012345115216 bcsId: 0,size=1048576]} | ret=SUCCESS |  
2019-08-23 02:48:28,746 | INFO  | DNAudit | user=null | ip=null | op=WRITE_CHUNK {blockData=conID: 2 locID: 102664012345115216 bcsId: 0} | ret=SUCCESS |  
2019-08-23 02:48:28,746 | INFO  | DNAudit | user=null | ip=null | op=WRITE_CHUNK {blockData=conID: 2 locID: 102664012345115216 bcsId: 0} | ret=SUCCESS |  
2019-08-23 02:48:28,746 | INFO  | DNAudit | user=null | ip=null | op=PUT_BLOCK {blockData=[blockId=conID: 2 locID: 102664012345115216 bcsId: 0,size=2097152]} | ret=SUCCESS |  
2019-08-23 02:48:28,746 | INFO  | DNAudit | user=null | ip=null | op=PUT_BLOCK {blockData=[blockId=conID: 2 locID: 102664012345115216 bcsId: 0,size=2097152]} | ret=SUCCESS |  
2019-08-23 02:48:28,747 [grpc-default-executor-5] INFO  client.GrpcClientProtocolClient (GrpcClientProtocolClient.java:onNext(255)) - client-B268B4322F32->17750241-545b-4219-93a1-14a6ea3d85be: receive RaftClientReply:client-B268B4322F32->17750241-545b-4219-93a1-14a6ea3d85be@group-C33FBD9556F2, cid=2489, SUCCESS, logIndex=0, commits[17750241-545b-4219-93a1-14a6ea3d85be:c3718, 4eaaa090-573e-41d3-9f8c-c99e236d806a:c3714, 5f4cf9ee-4bed-49de-adaa-861aec894328:c3714]
2019-08-23 02:48:28,755 | INFO  | DNAudit | user=null | ip=null | op=WRITE_CHUNK {blockData=conID: 2 locID: 102664012345115216 bcsId: 3716} | ret=SUCCESS |  
2019-08-23 02:48:28,757 | INFO  | DNAudit | user=null | ip=null | op=WRITE_CHUNK {blockData=conID: 2 locID: 102664012345115216 bcsId: 3716} | ret=SUCCESS |  
2019-08-23 02:48:28,757 | INFO  | DNAudit | user=null | ip=null | op=WRITE_CHUNK {blockData=conID: 2 locID: 102664012345115216 bcsId: 3716} | ret=SUCCESS |  
2019-08-23 02:48:28,769 | INFO  | DNAudit | user=null | ip=null | op=WRITE_CHUNK {blockData=conID: 2 locID: 102664012345115216 bcsId: 3716} | ret=SUCCESS |  
2019-08-23 02:48:28,769 | INFO  | DNAudit | user=null | ip=null | op=PUT_BLOCK {blockData=[blockId=conID: 2 locID: 102664012345115216 bcsId: 0,size=3145728]} | ret=SUCCESS |  
2019-08-23 02:48:28,770 [grpc-default-executor-6] INFO  client.GrpcClientProtocolClient (GrpcClientProtocolClient.java:onNext(255)) - client-B268B4322F32->17750241-545b-4219-93a1-14a6ea3d85be: receive RaftClientReply:client-B268B4322F32->17750241-545b-4219-93a1-14a6ea3d85be@group-C33FBD9556F2, cid=2490, SUCCESS, logIndex=3721, commits[17750241-545b-4219-93a1-14a6ea3d85be:c3722, 4eaaa090-573e-41d3-9f8c-c99e236d806a:c3720, 5f4cf9ee-4bed-49de-adaa-861aec894328:c3720]
2019-08-23 02:48:28,770 [grpc-default-executor-6] INFO  client.GrpcClientProtocolClient (GrpcClientProtocolClient.java:onNext(255)) - client-B268B4322F32->17750241-545b-4219-93a1-14a6ea3d85be: receive RaftClientReply:client-B268B4322F32->17750241-545b-4219-93a1-14a6ea3d85be@group-C33FBD9556F2, cid=2491, SUCCESS, logIndex=3722, commits[17750241-545b-4219-93a1-14a6ea3d85be:c3722, 4eaaa090-573e-41d3-9f8c-c99e236d806a:c3720, 5f4cf9ee-4bed-49de-adaa-861aec894328:c3720]
2019-08-23 02:48:28,779 | INFO  | DNAudit | user=null | ip=null | op=WRITE_CHUNK {blockData=conID: 2 locID: 102664012345115216 bcsId: 3722} | ret=SUCCESS |  
2019-08-23 02:48:28,781 | INFO  | DNAudit | user=null | ip=null | op=WRITE_CHUNK {blockData=conID: 2 locID: 102664012345115216 bcsId: 3716} | ret=SUCCESS |  
2019-08-23 02:48:28,781 | INFO  | DNAudit | user=null | ip=null | op=WRITE_CHUNK {blockData=conID: 2 locID: 102664012345115216 bcsId: 3716} | ret=SUCCESS |  
2019-08-23 02:48:28,781 | INFO  | DNAudit | user=null | ip=null | op=WRITE_CHUNK {blockData=conID: 2 locID: 102664012345115216 bcsId: 3722} | ret=SUCCESS |  
2019-08-23 02:48:28,781 | INFO  | DNAudit | user=null | ip=null | op=PUT_BLOCK {blockData=[blockId=conID: 2 locID: 102664012345115216 bcsId: 0,size=3145728]} | ret=SUCCESS |  
2019-08-23 02:48:28,781 | INFO  | DNAudit | user=null | ip=null | op=PUT_BLOCK {blockData=[blockId=conID: 2 locID: 102664012345115216 bcsId: 0,size=3145728]} | ret=SUCCESS |  
2019-08-23 02:48:28,781 | INFO  | DNAudit | user=null | ip=null | op=WRITE_CHUNK {blockData=conID: 2 locID: 102664012345115216 bcsId: 3722} | ret=SUCCESS |  
2019-08-23 02:48:28,783 | INFO  | DNAudit | user=null | ip=null | op=WRITE_CHUNK {blockData=conID: 2 locID: 102664012345115216 bcsId: 3722} | ret=SUCCESS |  
2019-08-23 02:48:28,783 | INFO  | DNAudit | user=null | ip=null | op=PUT_BLOCK {blockData=[blockId=conID: 2 locID: 102664012345115216 bcsId: 0,size=4194304]} | ret=SUCCESS |  
2019-08-23 02:48:28,783 [grpc-default-executor-6] INFO  client.GrpcClientProtocolClient (GrpcClientProtocolClient.java:onNext(255)) - client-B268B4322F32->17750241-545b-4219-93a1-14a6ea3d85be: receive RaftClientReply:client-B268B4322F32->17750241-545b-4219-93a1-14a6ea3d85be@group-C33FBD9556F2, cid=2492, SUCCESS, logIndex=3725, commits[17750241-545b-4219-93a1-14a6ea3d85be:c3726, 4eaaa090-573e-41d3-9f8c-c99e236d806a:c3722, 5f4cf9ee-4bed-49de-adaa-861aec894328:c3722]
2019-08-23 02:48:28,784 [grpc-default-executor-6] INFO  client.GrpcClientProtocolClient (GrpcClientProtocolClient.java:onNext(255)) - client-B268B4322F32->17750241-545b-4219-93a1-14a6ea3d85be: receive RaftClientReply:client-B268B4322F32->17750241-545b-4219-93a1-14a6ea3d85be@group-C33FBD9556F2, cid=2493, SUCCESS, logIndex=3726, commits[17750241-545b-4219-93a1-14a6ea3d85be:c3726, 4eaaa090-573e-41d3-9f8c-c99e236d806a:c3722, 5f4cf9ee-4bed-49de-adaa-861aec894328:c3722]
2019-08-23 02:48:28,793 | INFO  | DNAudit | user=null | ip=null | op=WRITE_CHUNK {blockData=conID: 2 locID: 102664012345115216 bcsId: 3722} | ret=SUCCESS |  
2019-08-23 02:48:28,794 | INFO  | DNAudit | user=null | ip=null | op=WRITE_CHUNK {blockData=conID: 2 locID: 102664012345115216 bcsId: 3722} | ret=SUCCESS |  
2019-08-23 02:48:28,795 | INFO  | DNAudit | user=null | ip=null | op=PUT_BLOCK {blockData=[blockId=conID: 2 locID: 102664012345115216 bcsId: 0,size=4194304]} | ret=SUCCESS |  
2019-08-23 02:48:28,795 | INFO  | DNAudit | user=null | ip=null | op=PUT_BLOCK {blockData=[blockId=conID: 2 locID: 102664012345115216 bcsId: 0,size=4194304]} | ret=SUCCESS |  
2019-08-23 02:48:28,795 [grpc-default-executor-6] INFO  client.GrpcClientProtocolClient (GrpcClientProtocolClient.java:onNext(255)) - client-B268B4322F32->17750241-545b-4219-93a1-14a6ea3d85be: receive RaftClientReply:client-B268B4322F32->17750241-545b-4219-93a1-14a6ea3d85be@group-C33FBD9556F2, cid=2494, SUCCESS, logIndex=0, commits[17750241-545b-4219-93a1-14a6ea3d85be:c3728, 4eaaa090-573e-41d3-9f8c-c99e236d806a:c3726, 5f4cf9ee-4bed-49de-adaa-861aec894328:c3726]
2019-08-23 02:48:28,797 | INFO  | SCMAudit | user=jenkins1000 | ip=192.168.34.22 | op=ALLOCATE_BLOCK {owner=31d65bc3-3f70-45f5-bbc5-e3a15f967ba6, size=4194304, type=RATIS, factor=THREE} | ret=SUCCESS |  
2019-08-23 02:48:28,802 | INFO  | OMAudit | user=jenkins1000 | ip=127.0.0.1 | op=ALLOCATE_BLOCK {volume=vol-0-78052, bucket=bucket-0-33874, key=key-0-20719, dataSize=2147483657, replicationType=RATIS, replicationFactor=THREE, keyLocationInfo=[], clientID=102664010308846034} | ret=SUCCESS |  
2019-08-23 02:48:29,006 | INFO  | DNAudit | user=null | ip=null | op=WRITE_CHUNK {blockData=conID: 3 locID: 102664012352520785 bcsId: 0} | ret=SUCCESS |  
2019-08-23 02:48:29,009 | INFO  | DNAudit | user=null | ip=null | op=WRITE_CHUNK {blockData=conID: 3 locID: 102664012352520785 bcsId: 0} | ret=SUCCESS |  
2019-08-23 02:48:29,009 | INFO  | DNAudit | user=null | ip=null | op=WRITE_CHUNK {blockData=conID: 3 locID: 102664012352520785 bcsId: 0} | ret=SUCCESS |  
2019-08-23 02:48:29,010 | INFO  | DNAudit | user=null | ip=null | op=WRITE_CHUNK {blockData=conID: 3 locID: 102664012352520785 bcsId: 0} | ret=SUCCESS |  
2019-08-23 02:48:29,012 | INFO  | DNAudit | user=null | ip=null | op=WRITE_CHUNK {blockData=conID: 3 locID: 102664012352520785 bcsId: 0} | ret=SUCCESS |  
2019-08-23 02:48:29,012 | INFO  | DNAudit | user=null | ip=null | op=WRITE_CHUNK {blockData=conID: 3 locID: 102664012352520785 bcsId: 0} | ret=SUCCESS |  
2019-08-23 02:48:29,019 | INFO  | DNAudit | user=null | ip=null | op=WRITE_CHUNK {blockData=conID: 3 locID: 102664012352520785 bcsId: 0} | ret=SUCCESS |  
2019-08-23 02:48:29,019 | INFO  | DNAudit | user=null | ip=null | op=PUT_BLOCK {blockData=[blockId=conID: 3 locID: 102664012352520785 bcsId: 0,size=1048576]} | ret=SUCCESS |  
2019-08-23 02:48:29,019 [grpc-default-executor-5] INFO  client.GrpcClientProtocolClient (GrpcClientProtocolClient.java:onNext(255)) - client-B268B4322F32->17750241-545b-4219-93a1-14a6ea3d85be: receive RaftClientReply:client-B268B4322F32->17750241-545b-4219-93a1-14a6ea3d85be@group-C33FBD9556F2, cid=2495, SUCCESS, logIndex=3729, commits[17750241-545b-4219-93a1-14a6ea3d85be:c3732, 4eaaa090-573e-41d3-9f8c-c99e236d806a:c3728, 5f4cf9ee-4bed-49de-adaa-861aec894328:c3728]
2019-08-23 02:48:29,020 | INFO  | DNAudit | user=null | ip=null | op=WRITE_CHUNK {blockData=conID: 3 locID: 102664012352520785 bcsId: 0} | ret=SUCCESS |  
2019-08-23 02:48:29,020 [grpc-default-executor-5] INFO  client.GrpcClientProtocolClient (GrpcClientProtocolClient.java:onNext(255)) - client-B268B4322F32->17750241-545b-4219-93a1-14a6ea3d85be: receive RaftClientReply:client-B268B4322F32->17750241-545b-4219-93a1-14a6ea3d85be@group-C33FBD9556F2, cid=2496, SUCCESS, logIndex=3730, commits[17750241-545b-4219-93a1-14a6ea3d85be:c3732, 4eaaa090-573e-41d3-9f8c-c99e236d806a:c3728, 5f4cf9ee-4bed-49de-adaa-861aec894328:c3728]
2019-08-23 02:48:29,020 | INFO  | DNAudit | user=null | ip=null | op=PUT_BLOCK {blockData=[blockId=conID: 3 locID: 102664012352520785 bcsId: 0,size=2097152]} | ret=SUCCESS |  
2019-08-23 02:48:29,020 [grpc-default-executor-5] INFO  client.GrpcClientProtocolClient (GrpcClientProtocolClient.java:onNext(255)) - client-B268B4322F32->17750241-545b-4219-93a1-14a6ea3d85be: receive RaftClientReply:client-B268B4322F32->17750241-545b-4219-93a1-14a6ea3d85be@group-C33FBD9556F2, cid=2497, SUCCESS, logIndex=3731, commits[17750241-545b-4219-93a1-14a6ea3d85be:c3732, 4eaaa090-573e-41d3-9f8c-c99e236d806a:c3728, 5f4cf9ee-4bed-49de-adaa-861aec894328:c3728]
2019-08-23 02:48:29,021 [grpc-default-executor-5] INFO  client.GrpcClientProtocolClient (GrpcClientProtocolClient.java:onNext(255)) - client-B268B4322F32->17750241-545b-4219-93a1-14a6ea3d85be: receive RaftClientReply:client-B268B4322F32->17750241-545b-4219-93a1-14a6ea3d85be@group-C33FBD9556F2, cid=2498, SUCCESS, logIndex=3732, commits[17750241-545b-4219-93a1-14a6ea3d85be:c3732, 4eaaa090-573e-41d3-9f8c-c99e236d806a:c3728, 5f4cf9ee-4bed-49de-adaa-861aec894328:c3728]
2019-08-23 02:48:29,022 | INFO  | DNAudit | user=null | ip=null | op=WRITE_CHUNK {blockData=conID: 3 locID: 102664012352520785 bcsId: 0} | ret=SUCCESS |  
2019-08-23 02:48:29,033 | INFO  | DNAudit | user=null | ip=null | op=WRITE_CHUNK {blockData=conID: 3 locID: 102664012352520785 bcsId: 0} | ret=SUCCESS |  
2019-08-23 02:48:29,033 | INFO  | DNAudit | user=null | ip=null | op=PUT_BLOCK {blockData=[blockId=conID: 3 locID: 102664012352520785 bcsId: 0,size=1048576]} | ret=SUCCESS |  
2019-08-23 02:48:29,033 | INFO  | DNAudit | user=null | ip=null | op=PUT_BLOCK {blockData=[blockId=conID: 3 locID: 102664012352520785 bcsId: 0,size=1048576]} | ret=SUCCESS |  
2019-08-23 02:48:29,033 | INFO  | DNAudit | user=null | ip=null | op=WRITE_CHUNK {blockData=conID: 3 locID: 102664012352520785 bcsId: 0} | ret=SUCCESS |  
2019-08-23 02:48:29,033 | INFO  | DNAudit | user=null | ip=null | op=WRITE_CHUNK {blockData=conID: 3 locID: 102664012352520785 bcsId: 0} | ret=SUCCESS |  
2019-08-23 02:48:29,034 | INFO  | DNAudit | user=null | ip=null | op=PUT_BLOCK {blockData=[blockId=conID: 3 locID: 102664012352520785 bcsId: 0,size=2097152]} | ret=SUCCESS |  
2019-08-23 02:48:29,034 | INFO  | DNAudit | user=null | ip=null | op=PUT_BLOCK {blockData=[blockId=conID: 3 locID: 102664012352520785 bcsId: 0,size=2097152]} | ret=SUCCESS |  
2019-08-23 02:48:29,034 [grpc-default-executor-5] INFO  client.GrpcClientProtocolClient (GrpcClientProtocolClient.java:onNext(255)) - client-B268B4322F32->17750241-545b-4219-93a1-14a6ea3d85be: receive RaftClientReply:client-B268B4322F32->17750241-545b-4219-93a1-14a6ea3d85be@group-C33FBD9556F2, cid=2499, SUCCESS, logIndex=0, commits[17750241-545b-4219-93a1-14a6ea3d85be:c3734, 4eaaa090-573e-41d3-9f8c-c99e236d806a:c3731, 5f4cf9ee-4bed-49de-adaa-861aec894328:c3731]
2019-08-23 02:48:29,041 | INFO  | DNAudit | user=null | ip=null | op=WRITE_CHUNK {blockData=conID: 3 locID: 102664012352520785 bcsId: 3732} | ret=SUCCESS |  
2019-08-23 02:48:29,044 | INFO  | DNAudit | user=null | ip=null | op=WRITE_CHUNK {blockData=conID: 3 locID: 102664012352520785 bcsId: 3732} | ret=SUCCESS |  
2019-08-23 02:48:29,044 | INFO  | DNAudit | user=null | ip=null | op=WRITE_CHUNK {blockData=conID: 3 locID: 102664012352520785 bcsId: 3732} | ret=SUCCESS |  
2019-08-23 02:48:29,054 | INFO  | DNAudit | user=null | ip=null | op=WRITE_CHUNK {blockData=conID: 3 locID: 102664012352520785 bcsId: 3732} | ret=SUCCESS |  
2019-08-23 02:48:29,055 | INFO  | DNAudit | user=null | ip=null | op=PUT_BLOCK {blockData=[blockId=conID: 3 locID: 102664012352520785 bcsId: 0,size=3145728]} | ret=SUCCESS |  
2019-08-23 02:48:29,055 [grpc-default-executor-5] INFO  client.GrpcClientProtocolClient (GrpcClientProtocolClient.java:onNext(255)) - client-B268B4322F32->17750241-545b-4219-93a1-14a6ea3d85be: receive RaftClientReply:client-B268B4322F32->17750241-545b-4219-93a1-14a6ea3d85be@group-C33FBD9556F2, cid=2500, SUCCESS, logIndex=3737, commits[17750241-545b-4219-93a1-14a6ea3d85be:c3738, 4eaaa090-573e-41d3-9f8c-c99e236d806a:c3736, 5f4cf9ee-4bed-49de-adaa-861aec894328:c3736]
2019-08-23 02:48:29,055 [grpc-default-executor-5] INFO  client.GrpcClientProtocolClient (GrpcClientProtocolClient.java:onNext(255)) - client-B268B4322F32->17750241-545b-4219-93a1-14a6ea3d85be: receive RaftClientReply:client-B268B4322F32->17750241-545b-4219-93a1-14a6ea3d85be@group-C33FBD9556F2, cid=2501, SUCCESS, logIndex=3738, commits[17750241-545b-4219-93a1-14a6ea3d85be:c3738, 4eaaa090-573e-41d3-9f8c-c99e236d806a:c3736, 5f4cf9ee-4bed-49de-adaa-861aec894328:c3736]
2019-08-23 02:48:29,063 | INFO  | DNAudit | user=null | ip=null | op=WRITE_CHUNK {blockData=conID: 3 locID: 102664012352520785 bcsId: 3738} | ret=SUCCESS |  
2019-08-23 02:48:29,064 | INFO  | DNAudit | user=null | ip=null | op=WRITE_CHUNK {blockData=conID: 3 locID: 102664012352520785 bcsId: 3738} | ret=SUCCESS |  
2019-08-23 02:48:29,065 | INFO  | DNAudit | user=null | ip=null | op=WRITE_CHUNK {blockData=conID: 3 locID: 102664012352520785 bcsId: 3738} | ret=SUCCESS |  
2019-08-23 02:48:29,066 | INFO  | DNAudit | user=null | ip=null | op=WRITE_CHUNK {blockData=conID: 3 locID: 102664012352520785 bcsId: 3732} | ret=SUCCESS |  
2019-08-23 02:48:29,066 | INFO  | DNAudit | user=null | ip=null | op=WRITE_CHUNK {blockData=conID: 3 locID: 102664012352520785 bcsId: 3732} | ret=SUCCESS |  
2019-08-23 02:48:29,066 | INFO  | DNAudit | user=null | ip=null | op=PUT_BLOCK {blockData=[blockId=conID: 3 locID: 102664012352520785 bcsId: 0,size=3145728]} | ret=SUCCESS |  
2019-08-23 02:48:29,066 | INFO  | DNAudit | user=null | ip=null | op=PUT_BLOCK {blockData=[blockId=conID: 3 locID: 102664012352520785 bcsId: 0,size=3145728]} | ret=SUCCESS |  
2019-08-23 02:48:29,067 | INFO  | DNAudit | user=null | ip=null | op=WRITE_CHUNK {blockData=conID: 3 locID: 102664012352520785 bcsId: 3738} | ret=SUCCESS |  
2019-08-23 02:48:29,068 | INFO  | DNAudit | user=null | ip=null | op=PUT_BLOCK {blockData=[blockId=conID: 3 locID: 102664012352520785 bcsId: 0,size=4194304]} | ret=SUCCESS |  
2019-08-23 02:48:29,068 [grpc-default-executor-6] INFO  client.GrpcClientProtocolClient (GrpcClientProtocolClient.java:onNext(255)) - client-B268B4322F32->17750241-545b-4219-93a1-14a6ea3d85be: receive RaftClientReply:client-B268B4322F32->17750241-545b-4219-93a1-14a6ea3d85be@group-C33FBD9556F2, cid=2502, SUCCESS, logIndex=3741, commits[17750241-545b-4219-93a1-14a6ea3d85be:c3741, 4eaaa090-573e-41d3-9f8c-c99e236d806a:c3738, 5f4cf9ee-4bed-49de-adaa-861aec894328:c3738]
2019-08-23 02:48:29,068 [grpc-default-executor-6] INFO  client.GrpcClientProtocolClient (GrpcClientProtocolClient.java:onNext(255)) - client-B268B4322F32->17750241-545b-4219-93a1-14a6ea3d85be: receive RaftClientReply:client-B268B4322F32->17750241-545b-4219-93a1-14a6ea3d85be@group-C33FBD9556F2, cid=2503, SUCCESS, logIndex=3742, commits[17750241-545b-4219-93a1-14a6ea3d85be:c3742, 4eaaa090-573e-41d3-9f8c-c99e236d806a:c3738, 5f4cf9ee-4bed-49de-adaa-861aec894328:c3738]
2019-08-23 02:48:29,079 | INFO  | DNAudit | user=null | ip=null | op=WRITE_CHUNK {blockData=conID: 3 locID: 102664012352520785 bcsId: 3738} | ret=SUCCESS |  
2019-08-23 02:48:29,079 | INFO  | DNAudit | user=null | ip=null | op=WRITE_CHUNK {blockData=conID: 3 locID: 102664012352520785 bcsId: 3738} | ret=SUCCESS |  
2019-08-23 02:48:29,082 | INFO  | DNAudit | user=null | ip=null | op=PUT_BLOCK {blockData=[blockId=conID: 3 locID: 102664012352520785 bcsId: 0,size=4194304]} | ret=SUCCESS |  
2019-08-23 02:48:29,083 | INFO  | DNAudit | user=null | ip=null | op=PUT_BLOCK {blockData=[blockId=conID: 3 locID: 102664012352520785 bcsId: 0,size=4194304]} | ret=SUCCESS |  
2019-08-23 02:48:29,083 [grpc-default-executor-5] INFO  client.GrpcClientProtocolClient (GrpcClientProtocolClient.java:onNext(255)) - client-B268B4322F32->17750241-545b-4219-93a1-14a6ea3d85be: receive RaftClientReply:client-B268B4322F32->17750241-545b-4219-93a1-14a6ea3d85be@group-C33FBD9556F2, cid=2504, SUCCESS, logIndex=0, commits[17750241-545b-4219-93a1-14a6ea3d85be:c3744, 4eaaa090-573e-41d3-9f8c-c99e236d806a:c3742, 5f4cf9ee-4bed-49de-adaa-861aec894328:c3742]
2019-08-23 02:48:29,085 | INFO  | SCMAudit | user=jenkins1000 | ip=192.168.34.22 | op=ALLOCATE_BLOCK {owner=31d65bc3-3f70-45f5-bbc5-e3a15f967ba6, size=4194304, type=RATIS, factor=THREE} | ret=SUCCESS |  
2019-08-23 02:48:29,088 | INFO  | OMAudit | user=jenkins1000 | ip=127.0.0.1 | op=ALLOCATE_BLOCK {volume=vol-0-78052, bucket=bucket-0-33874, key=key-0-20719, dataSize=2147483657, replicationType=RATIS, replicationFactor=THREE, keyLocationInfo=[], clientID=102664010308846034} | ret=SUCCESS |  
2019-08-23 02:48:29,098 | INFO  | DNAudit | user=null | ip=null | op=WRITE_CHUNK {blockData=conID: 1 locID: 102664012371395154 bcsId: 0} | ret=SUCCESS |  
2019-08-23 02:48:29,100 | INFO  | DNAudit | user=null | ip=null | op=WRITE_CHUNK {blockData=conID: 1 locID: 102664012371395154 bcsId: 0} | ret=SUCCESS |  
2019-08-23 02:48:29,100 | INFO  | DNAudit | user=null | ip=null | op=WRITE_CHUNK {blockData=conID: 1 locID: 102664012371395154 bcsId: 0} | ret=SUCCESS |  
2019-08-23 02:48:29,100 | INFO  | DNAudit | user=null | ip=null | op=WRITE_CHUNK {blockData=conID: 1 locID: 102664012371395154 bcsId: 0} | ret=SUCCESS |  
2019-08-23 02:48:29,102 | INFO  | DNAudit | user=null | ip=null | op=WRITE_CHUNK {blockData=conID: 1 locID: 102664012371395154 bcsId: 0} | ret=SUCCESS |  
2019-08-23 02:48:29,102 | INFO  | DNAudit | user=null | ip=null | op=WRITE_CHUNK {blockData=conID: 1 locID: 102664012371395154 bcsId: 0} | ret=SUCCESS |  
2019-08-23 02:48:29,110 | INFO  | DNAudit | user=null | ip=null | op=WRITE_CHUNK {blockData=conID: 1 locID: 102664012371395154 bcsId: 0} | ret=SUCCESS |  
2019-08-23 02:48:29,111 | INFO  | DNAudit | user=null | ip=null | op=PUT_BLOCK {blockData=[blockId=conID: 1 locID: 102664012371395154 bcsId: 0,size=1048576]} | ret=SUCCESS |  
2019-08-23 02:48:29,111 [grpc-default-executor-6] INFO  client.GrpcClientProtocolClient (GrpcClientProtocolClient.java:onNext(255)) - client-B268B4322F32->17750241-545b-4219-93a1-14a6ea3d85be: receive RaftClientReply:client-B268B4322F32->17750241-545b-4219-93a1-14a6ea3d85be@group-C33FBD9556F2, cid=2505, SUCCESS, logIndex=3745, commits[17750241-545b-4219-93a1-14a6ea3d85be:c3746, 4eaaa090-573e-41d3-9f8c-c99e236d806a:c3744, 5f4cf9ee-4bed-49de-adaa-861aec894328:c3744]
2019-08-23 02:48:29,111 | INFO  | DNAudit | user=null | ip=null | op=WRITE_CHUNK {blockData=conID: 1 locID: 102664012371395154 bcsId: 0} | ret=SUCCESS |  
2019-08-23 02:48:29,111 | INFO  | DNAudit | user=null | ip=null | op=PUT_BLOCK {blockData=[blockId=conID: 1 locID: 102664012371395154 bcsId: 0,size=2097152]} | ret=SUCCESS |  
2019-08-23 02:48:29,111 [grpc-default-executor-6] INFO  client.GrpcClientProtocolClient (GrpcClientProtocolClient.java:onNext(255)) - client-B268B4322F32->17750241-545b-4219-93a1-14a6ea3d85be: receive RaftClientReply:client-B268B4322F32->17750241-545b-4219-93a1-14a6ea3d85be@group-C33FBD9556F2, cid=2506, SUCCESS, logIndex=3746, commits[17750241-545b-4219-93a1-14a6ea3d85be:c3746, 4eaaa090-573e-41d3-9f8c-c99e236d806a:c3744, 5f4cf9ee-4bed-49de-adaa-861aec894328:c3744]
2019-08-23 02:48:29,112 [grpc-default-executor-6] INFO  client.GrpcClientProtocolClient (GrpcClientProtocolClient.java:onNext(255)) - client-B268B4322F32->17750241-545b-4219-93a1-14a6ea3d85be: receive RaftClientReply:client-B268B4322F32->17750241-545b-4219-93a1-14a6ea3d85be@group-C33FBD9556F2, cid=2507, SUCCESS, logIndex=3747, commits[17750241-545b-4219-93a1-14a6ea3d85be:c3748, 4eaaa090-573e-41d3-9f8c-c99e236d806a:c3744, 5f4cf9ee-4bed-49de-adaa-861aec894328:c3744]
2019-08-23 02:48:29,112 [grpc-default-executor-6] INFO  client.GrpcClientProtocolClient (GrpcClientProtocolClient.java:onNext(255)) - client-B268B4322F32->17750241-545b-4219-93a1-14a6ea3d85be: receive RaftClientReply:client-B268B4322F32->17750241-545b-4219-93a1-14a6ea3d85be@group-C33FBD9556F2, cid=2508, SUCCESS, logIndex=3748, commits[17750241-545b-4219-93a1-14a6ea3d85be:c3748, 4eaaa090-573e-41d3-9f8c-c99e236d806a:c3744, 5f4cf9ee-4bed-49de-adaa-861aec894328:c3744]
2019-08-23 02:48:29,112 | INFO  | DNAudit | user=null | ip=null | op=WRITE_CHUNK {blockData=conID: 1 locID: 102664012371395154 bcsId: 0} | ret=SUCCESS |  
2019-08-23 02:48:29,112 | INFO  | DNAudit | user=null | ip=null | op=PUT_BLOCK {blockData=[blockId=conID: 1 locID: 102664012371395154 bcsId: 0,size=1048576]} | ret=SUCCESS |  
2019-08-23 02:48:29,113 | INFO  | DNAudit | user=null | ip=null | op=WRITE_CHUNK {blockData=conID: 1 locID: 102664012371395154 bcsId: 0} | ret=SUCCESS |  
2019-08-23 02:48:29,113 | INFO  | DNAudit | user=null | ip=null | op=PUT_BLOCK {blockData=[blockId=conID: 1 locID: 102664012371395154 bcsId: 0,size=1048576]} | ret=SUCCESS |  
2019-08-23 02:48:29,113 | INFO  | DNAudit | user=null | ip=null | op=WRITE_CHUNK {blockData=conID: 1 locID: 102664012371395154 bcsId: 0} | ret=SUCCESS |  
2019-08-23 02:48:29,113 [grpc-default-executor-5] INFO  client.GrpcClientProtocolClient (GrpcClientProtocolClient.java:onNext(255)) - client-B268B4322F32->17750241-545b-4219-93a1-14a6ea3d85be: receive RaftClientReply:client-B268B4322F32->17750241-545b-4219-93a1-14a6ea3d85be@group-C33FBD9556F2, cid=2509, SUCCESS, logIndex=0, commits[17750241-545b-4219-93a1-14a6ea3d85be:c3750, 4eaaa090-573e-41d3-9f8c-c99e236d806a:c3746, 5f4cf9ee-4bed-49de-adaa-861aec894328:c3746]
2019-08-23 02:48:29,113 | INFO  | DNAudit | user=null | ip=null | op=WRITE_CHUNK {blockData=conID: 1 locID: 102664012371395154 bcsId: 0} | ret=SUCCESS |  
2019-08-23 02:48:29,113 | INFO  | DNAudit | user=null | ip=null | op=PUT_BLOCK {blockData=[blockId=conID: 1 locID: 102664012371395154 bcsId: 0,size=2097152]} | ret=SUCCESS |  
2019-08-23 02:48:29,115 | INFO  | DNAudit | user=null | ip=null | op=PUT_BLOCK {blockData=[blockId=conID: 1 locID: 102664012371395154 bcsId: 0,size=2097152]} | ret=SUCCESS |  
2019-08-23 02:48:29,119 | INFO  | DNAudit | user=null | ip=null | op=WRITE_CHUNK {blockData=conID: 1 locID: 102664012371395154 bcsId: 3748} | ret=SUCCESS |  
2019-08-23 02:48:29,121 | INFO  | DNAudit | user=null | ip=null | op=WRITE_CHUNK {blockData=conID: 1 locID: 102664012371395154 bcsId: 3748} | ret=SUCCESS |  
2019-08-23 02:48:29,122 | INFO  | DNAudit | user=null | ip=null | op=WRITE_CHUNK {blockData=conID: 1 locID: 102664012371395154 bcsId: 3748} | ret=SUCCESS |  
2019-08-23 02:48:29,131 | INFO  | DNAudit | user=null | ip=null | op=WRITE_CHUNK {blockData=conID: 1 locID: 102664012371395154 bcsId: 3748} | ret=SUCCESS |  
2019-08-23 02:48:29,132 | INFO  | DNAudit | user=null | ip=null | op=PUT_BLOCK {blockData=[blockId=conID: 1 locID: 102664012371395154 bcsId: 0,size=3145728]} | ret=SUCCESS |  
2019-08-23 02:48:29,132 [grpc-default-executor-1] INFO  client.GrpcClientProtocolClient (GrpcClientProtocolClient.java:onNext(255)) - client-B268B4322F32->17750241-545b-4219-93a1-14a6ea3d85be: receive RaftClientReply:client-B268B4322F32->17750241-545b-4219-93a1-14a6ea3d85be@group-C33FBD9556F2, cid=2510, SUCCESS, logIndex=3753, commits[17750241-545b-4219-93a1-14a6ea3d85be:c3754, 4eaaa090-573e-41d3-9f8c-c99e236d806a:c3752, 5f4cf9ee-4bed-49de-adaa-861aec894328:c3752]
2019-08-23 02:48:29,132 [grpc-default-executor-1] INFO  client.GrpcClientProtocolClient (GrpcClientProtocolClient.java:onNext(255)) - client-B268B4322F32->17750241-545b-4219-93a1-14a6ea3d85be: receive RaftClientReply:client-B268B4322F32->17750241-545b-4219-93a1-14a6ea3d85be@group-C33FBD9556F2, cid=2511, SUCCESS, logIndex=3754, commits[17750241-545b-4219-93a1-14a6ea3d85be:c3754, 4eaaa090-573e-41d3-9f8c-c99e236d806a:c3752, 5f4cf9ee-4bed-49de-adaa-861aec894328:c3752]
2019-08-23 02:48:29,139 | INFO  | DNAudit | user=null | ip=null | op=WRITE_CHUNK {blockData=conID: 1 locID: 102664012371395154 bcsId: 3754} | ret=SUCCESS |  
2019-08-23 02:48:29,141 | INFO  | DNAudit | user=null | ip=null | op=WRITE_CHUNK {blockData=conID: 1 locID: 102664012371395154 bcsId: 3754} | ret=SUCCESS |  
2019-08-23 02:48:29,142 | INFO  | DNAudit | user=null | ip=null | op=WRITE_CHUNK {blockData=conID: 1 locID: 102664012371395154 bcsId: 3754} | ret=SUCCESS |  
2019-08-23 02:48:29,144 | INFO  | DNAudit | user=null | ip=null | op=WRITE_CHUNK {blockData=conID: 1 locID: 102664012371395154 bcsId: 3748} | ret=SUCCESS |  
2019-08-23 02:48:29,145 | INFO  | DNAudit | user=null | ip=null | op=WRITE_CHUNK {blockData=conID: 1 locID: 102664012371395154 bcsId: 3748} | ret=SUCCESS |  
2019-08-23 02:48:29,156 | INFO  | DNAudit | user=null | ip=null | op=PUT_BLOCK {blockData=[blockId=conID: 1 locID: 102664012371395154 bcsId: 0,size=3145728]} | ret=SUCCESS |  
2019-08-23 02:48:29,156 | INFO  | DNAudit | user=null | ip=null | op=PUT_BLOCK {blockData=[blockId=conID: 1 locID: 102664012371395154 bcsId: 0,size=3145728]} | ret=SUCCESS |  
2019-08-23 02:48:29,156 | INFO  | DNAudit | user=null | ip=null | op=WRITE_CHUNK {blockData=conID: 1 locID: 102664012371395154 bcsId: 3754} | ret=SUCCESS |  
2019-08-23 02:48:29,156 | INFO  | DNAudit | user=null | ip=null | op=PUT_BLOCK {blockData=[blockId=conID: 1 locID: 102664012371395154 bcsId: 0,size=4194304]} | ret=SUCCESS |  
2019-08-23 02:48:29,156 [grpc-default-executor-5] INFO  client.GrpcClientProtocolClient (GrpcClientProtocolClient.java:onNext(255)) - client-B268B4322F32->17750241-545b-4219-93a1-14a6ea3d85be: receive RaftClientReply:client-B268B4322F32->17750241-545b-4219-93a1-14a6ea3d85be@group-C33FBD9556F2, cid=2512, SUCCESS, logIndex=3757, commits[17750241-545b-4219-93a1-14a6ea3d85be:c3758, 4eaaa090-573e-41d3-9f8c-c99e236d806a:c3754, 5f4cf9ee-4bed-49de-adaa-861aec894328:c3754]
2019-08-23 02:48:29,157 [grpc-default-executor-5] INFO  client.GrpcClientProtocolClient (GrpcClientProtocolClient.java:onNext(255)) - client-B268B4322F32->17750241-545b-4219-93a1-14a6ea3d85be: receive RaftClientReply:client-B268B4322F32->17750241-545b-4219-93a1-14a6ea3d85be@group-C33FBD9556F2, cid=2513, SUCCESS, logIndex=3758, commits[17750241-545b-4219-93a1-14a6ea3d85be:c3758, 4eaaa090-573e-41d3-9f8c-c99e236d806a:c3754, 5f4cf9ee-4bed-49de-adaa-861aec894328:c3754]
2019-08-23 02:48:29,169 | INFO  | DNAudit | user=null | ip=null | op=WRITE_CHUNK {blockData=conID: 1 locID: 102664012371395154 bcsId: 3754} | ret=SUCCESS |  
2019-08-23 02:48:29,169 | INFO  | DNAudit | user=null | ip=null | op=WRITE_CHUNK {blockData=conID: 1 locID: 102664012371395154 bcsId: 3754} | ret=SUCCESS |  
2019-08-23 02:48:29,172 | INFO  | DNAudit | user=null | ip=null | op=PUT_BLOCK {blockData=[blockId=conID: 1 locID: 102664012371395154 bcsId: 0,size=4194304]} | ret=SUCCESS |  
2019-08-23 02:48:29,172 | INFO  | DNAudit | user=null | ip=null | op=PUT_BLOCK {blockData=[blockId=conID: 1 locID: 102664012371395154 bcsId: 0,size=4194304]} | ret=SUCCESS |  
2019-08-23 02:48:29,173 [grpc-default-executor-5] INFO  client.GrpcClientProtocolClient (GrpcClientProtocolClient.java:onNext(255)) - client-B268B4322F32->17750241-545b-4219-93a1-14a6ea3d85be: receive RaftClientReply:client-B268B4322F32->17750241-545b-4219-93a1-14a6ea3d85be@group-C33FBD9556F2, cid=2514, SUCCESS, logIndex=0, commits[17750241-545b-4219-93a1-14a6ea3d85be:c3760, 4eaaa090-573e-41d3-9f8c-c99e236d806a:c3758, 5f4cf9ee-4bed-49de-adaa-861aec894328:c3758]
2019-08-23 02:48:29,174 | INFO  | SCMAudit | user=jenkins1000 | ip=192.168.34.22 | op=ALLOCATE_BLOCK {owner=31d65bc3-3f70-45f5-bbc5-e3a15f967ba6, size=4194304, type=RATIS, factor=THREE} | ret=SUCCESS |  
2019-08-23 02:48:29,177 | INFO  | OMAudit | user=jenkins1000 | ip=127.0.0.1 | op=ALLOCATE_BLOCK {volume=vol-0-78052, bucket=bucket-0-33874, key=key-0-20719, dataSize=2147483657, replicationType=RATIS, replicationFactor=THREE, keyLocationInfo=[], clientID=102664010308846034} | ret=SUCCESS |  
2019-08-23 02:48:29,187 | INFO  | DNAudit | user=null | ip=null | op=WRITE_CHUNK {blockData=conID: 2 locID: 102664012377227859 bcsId: 0} | ret=SUCCESS |  
2019-08-23 02:48:29,190 | INFO  | DNAudit | user=null | ip=null | op=WRITE_CHUNK {blockData=conID: 2 locID: 102664012377227859 bcsId: 0} | ret=SUCCESS |  
2019-08-23 02:48:29,190 | INFO  | DNAudit | user=null | ip=null | op=WRITE_CHUNK {blockData=conID: 2 locID: 102664012377227859 bcsId: 0} | ret=SUCCESS |  
2019-08-23 02:48:29,190 | INFO  | DNAudit | user=null | ip=null | op=WRITE_CHUNK {blockData=conID: 2 locID: 102664012377227859 bcsId: 0} | ret=SUCCESS |  
2019-08-23 02:48:29,192 | INFO  | DNAudit | user=null | ip=null | op=WRITE_CHUNK {blockData=conID: 2 locID: 102664012377227859 bcsId: 0} | ret=SUCCESS |  
2019-08-23 02:48:29,193 | INFO  | DNAudit | user=null | ip=null | op=WRITE_CHUNK {blockData=conID: 2 locID: 102664012377227859 bcsId: 0} | ret=SUCCESS |  
2019-08-23 02:48:29,198 | INFO  | DNAudit | user=null | ip=null | op=WRITE_CHUNK {blockData=conID: 2 locID: 102664012377227859 bcsId: 0} | ret=SUCCESS |  
2019-08-23 02:48:29,199 | INFO  | DNAudit | user=null | ip=null | op=PUT_BLOCK {blockData=[blockId=conID: 2 locID: 102664012377227859 bcsId: 0,size=1048576]} | ret=SUCCESS |  
2019-08-23 02:48:29,199 | INFO  | DNAudit | user=null | ip=null | op=WRITE_CHUNK {blockData=conID: 2 locID: 102664012377227859 bcsId: 0} | ret=SUCCESS |  
2019-08-23 02:48:29,199 [grpc-default-executor-5] INFO  client.GrpcClientProtocolClient (GrpcClientProtocolClient.java:onNext(255)) - client-B268B4322F32->17750241-545b-4219-93a1-14a6ea3d85be: receive RaftClientReply:client-B268B4322F32->17750241-545b-4219-93a1-14a6ea3d85be@group-C33FBD9556F2, cid=2515, SUCCESS, logIndex=3761, commits[17750241-545b-4219-93a1-14a6ea3d85be:c3762, 4eaaa090-573e-41d3-9f8c-c99e236d806a:c3760, 5f4cf9ee-4bed-49de-adaa-861aec894328:c3760]
2019-08-23 02:48:29,199 | INFO  | DNAudit | user=null | ip=null | op=PUT_BLOCK {blockData=[blockId=conID: 2 locID: 102664012377227859 bcsId: 0,size=2097152]} | ret=SUCCESS |  
2019-08-23 02:48:29,199 | INFO  | DNAudit | user=null | ip=null | op=WRITE_CHUNK {blockData=conID: 2 locID: 102664012377227859 bcsId: 0} | ret=SUCCESS |  
2019-08-23 02:48:29,199 [grpc-default-executor-5] INFO  client.GrpcClientProtocolClient (GrpcClientProtocolClient.java:onNext(255)) - client-B268B4322F32->17750241-545b-4219-93a1-14a6ea3d85be: receive RaftClientReply:client-B268B4322F32->17750241-545b-4219-93a1-14a6ea3d85be@group-C33FBD9556F2, cid=2516, SUCCESS, logIndex=3762, commits[17750241-545b-4219-93a1-14a6ea3d85be:c3764, 4eaaa090-573e-41d3-9f8c-c99e236d806a:c3760, 5f4cf9ee-4bed-49de-adaa-861aec894328:c3760]
2019-08-23 02:48:29,200 [grpc-default-executor-5] INFO  client.GrpcClientProtocolClient (GrpcClientProtocolClient.java:onNext(255)) - client-B268B4322F32->17750241-545b-4219-93a1-14a6ea3d85be: receive RaftClientReply:client-B268B4322F32->17750241-545b-4219-93a1-14a6ea3d85be@group-C33FBD9556F2, cid=2517, SUCCESS, logIndex=3763, commits[17750241-545b-4219-93a1-14a6ea3d85be:c3764, 4eaaa090-573e-41d3-9f8c-c99e236d806a:c3760, 5f4cf9ee-4bed-49de-adaa-861aec894328:c3760]
2019-08-23 02:48:29,200 [grpc-default-executor-5] INFO  client.GrpcClientProtocolClient (GrpcClientProtocolClient.java:onNext(255)) - client-B268B4322F32->17750241-545b-4219-93a1-14a6ea3d85be: receive RaftClientReply:client-B268B4322F32->17750241-545b-4219-93a1-14a6ea3d85be@group-C33FBD9556F2, cid=2518, SUCCESS, logIndex=3764, commits[17750241-545b-4219-93a1-14a6ea3d85be:c3764, 4eaaa090-573e-41d3-9f8c-c99e236d806a:c3760, 5f4cf9ee-4bed-49de-adaa-861aec894328:c3761]
2019-08-23 02:48:29,201 | INFO  | DNAudit | user=null | ip=null | op=WRITE_CHUNK {blockData=conID: 2 locID: 102664012377227859 bcsId: 0} | ret=SUCCESS |  
2019-08-23 02:48:29,202 | INFO  | DNAudit | user=null | ip=null | op=PUT_BLOCK {blockData=[blockId=conID: 2 locID: 102664012377227859 bcsId: 0,size=1048576]} | ret=SUCCESS |  
2019-08-23 02:48:29,203 | INFO  | DNAudit | user=null | ip=null | op=PUT_BLOCK {blockData=[blockId=conID: 2 locID: 102664012377227859 bcsId: 0,size=1048576]} | ret=SUCCESS |  
2019-08-23 02:48:29,203 | INFO  | DNAudit | user=null | ip=null | op=WRITE_CHUNK {blockData=conID: 2 locID: 102664012377227859 bcsId: 0} | ret=SUCCESS |  
2019-08-23 02:48:29,203 | INFO  | DNAudit | user=null | ip=null | op=PUT_BLOCK {blockData=[blockId=conID: 2 locID: 102664012377227859 bcsId: 0,size=2097152]} | ret=SUCCESS |  
2019-08-23 02:48:29,203 [grpc-default-executor-5] INFO  client.GrpcClientProtocolClient (GrpcClientProtocolClient.java:onNext(255)) - client-B268B4322F32->17750241-545b-4219-93a1-14a6ea3d85be: receive RaftClientReply:client-B268B4322F32->17750241-545b-4219-93a1-14a6ea3d85be@group-C33FBD9556F2, cid=2519, SUCCESS, logIndex=0, commits[17750241-545b-4219-93a1-14a6ea3d85be:c3766, 4eaaa090-573e-41d3-9f8c-c99e236d806a:c3762, 5f4cf9ee-4bed-49de-adaa-861aec894328:c3762]
2019-08-23 02:48:29,203 | INFO  | DNAudit | user=null | ip=null | op=WRITE_CHUNK {blockData=conID: 2 locID: 102664012377227859 bcsId: 0} | ret=SUCCESS |  
2019-08-23 02:48:29,204 | INFO  | DNAudit | user=null | ip=null | op=PUT_BLOCK {blockData=[blockId=conID: 2 locID: 102664012377227859 bcsId: 0,size=2097152]} | ret=SUCCESS |  
2019-08-23 02:48:29,209 | INFO  | DNAudit | user=null | ip=null | op=WRITE_CHUNK {blockData=conID: 2 locID: 102664012377227859 bcsId: 3764} | ret=SUCCESS |  
2019-08-23 02:48:29,212 | INFO  | DNAudit | user=null | ip=null | op=WRITE_CHUNK {blockData=conID: 2 locID: 102664012377227859 bcsId: 3764} | ret=SUCCESS |  
2019-08-23 02:48:29,212 | INFO  | DNAudit | user=null | ip=null | op=WRITE_CHUNK {blockData=conID: 2 locID: 102664012377227859 bcsId: 3764} | ret=SUCCESS |  
2019-08-23 02:48:29,224 | INFO  | DNAudit | user=null | ip=null | op=WRITE_CHUNK {blockData=conID: 2 locID: 102664012377227859 bcsId: 3764} | ret=SUCCESS |  
2019-08-23 02:48:29,225 | INFO  | DNAudit | user=null | ip=null | op=PUT_BLOCK {blockData=[blockId=conID: 2 locID: 102664012377227859 bcsId: 0,size=3145728]} | ret=SUCCESS |  
2019-08-23 02:48:29,225 [grpc-default-executor-5] INFO  client.GrpcClientProtocolClient (GrpcClientProtocolClient.java:onNext(255)) - client-B268B4322F32->17750241-545b-4219-93a1-14a6ea3d85be: receive RaftClientReply:client-B268B4322F32->17750241-545b-4219-93a1-14a6ea3d85be@group-C33FBD9556F2, cid=2520, SUCCESS, logIndex=3769, commits[17750241-545b-4219-93a1-14a6ea3d85be:c3770, 4eaaa090-573e-41d3-9f8c-c99e236d806a:c3768, 5f4cf9ee-4bed-49de-adaa-861aec894328:c3768]
2019-08-23 02:48:29,225 [grpc-default-executor-5] INFO  client.GrpcClientProtocolClient (GrpcClientProtocolClient.java:onNext(255)) - client-B268B4322F32->17750241-545b-4219-93a1-14a6ea3d85be: receive RaftClientReply:client-B268B4322F32->17750241-545b-4219-93a1-14a6ea3d85be@group-C33FBD9556F2, cid=2521, SUCCESS, logIndex=3770, commits[17750241-545b-4219-93a1-14a6ea3d85be:c3770, 4eaaa090-573e-41d3-9f8c-c99e236d806a:c3768, 5f4cf9ee-4bed-49de-adaa-861aec894328:c3768]
2019-08-23 02:48:29,230 | INFO  | DNAudit | user=null | ip=null | op=WRITE_CHUNK {blockData=conID: 2 locID: 102664012377227859 bcsId: 3770} | ret=SUCCESS |  
2019-08-23 02:48:29,233 | INFO  | DNAudit | user=null | ip=null | op=WRITE_CHUNK {blockData=conID: 2 locID: 102664012377227859 bcsId: 3770} | ret=SUCCESS |  
2019-08-23 02:48:29,233 | INFO  | DNAudit | user=null | ip=null | op=WRITE_CHUNK {blockData=conID: 2 locID: 102664012377227859 bcsId: 3770} | ret=SUCCESS |  
2019-08-23 02:48:29,236 | INFO  | DNAudit | user=null | ip=null | op=WRITE_CHUNK {blockData=conID: 2 locID: 102664012377227859 bcsId: 3764} | ret=SUCCESS |  
2019-08-23 02:48:29,236 | INFO  | DNAudit | user=null | ip=null | op=WRITE_CHUNK {blockData=conID: 2 locID: 102664012377227859 bcsId: 3764} | ret=SUCCESS |  
2019-08-23 02:48:29,236 | INFO  | SCMAudit | user=jenkins1000 | ip=192.168.34.22 | op=SEND_HEARTBEAT {datanodeUUID=0cedf437-a8af-4d70-bac5-ea9863093e86, command=[]} | ret=SUCCESS |  
2019-08-23 02:48:29,237 | INFO  | DNAudit | user=null | ip=null | op=PUT_BLOCK {blockData=[blockId=conID: 2 locID: 102664012377227859 bcsId: 0,size=3145728]} | ret=SUCCESS |  
2019-08-23 02:48:29,237 | INFO  | DNAudit | user=null | ip=null | op=PUT_BLOCK {blockData=[blockId=conID: 2 locID: 102664012377227859 bcsId: 0,size=3145728]} | ret=SUCCESS |  
2019-08-23 02:48:29,238 | INFO  | DNAudit | user=null | ip=null | op=WRITE_CHUNK {blockData=conID: 2 locID: 102664012377227859 bcsId: 3770} | ret=SUCCESS |  
2019-08-23 02:48:29,238 | INFO  | SCMAudit | user=jenkins1000 | ip=192.168.34.22 | op=SEND_HEARTBEAT {datanodeUUID=66ab6a68-e61f-4535-ab2f-12fe560929ed, command=[]} | ret=SUCCESS |  
2019-08-23 02:48:29,238 | INFO  | DNAudit | user=null | ip=null | op=PUT_BLOCK {blockData=[blockId=conID: 2 locID: 102664012377227859 bcsId: 0,size=4194304]} | ret=SUCCESS |  
2019-08-23 02:48:29,238 [grpc-default-executor-6] INFO  client.GrpcClientProtocolClient (GrpcClientProtocolClient.java:onNext(255)) - client-B268B4322F32->17750241-545b-4219-93a1-14a6ea3d85be: receive RaftClientReply:client-B268B4322F32->17750241-545b-4219-93a1-14a6ea3d85be@group-C33FBD9556F2, cid=2522, SUCCESS, logIndex=3773, commits[17750241-545b-4219-93a1-14a6ea3d85be:c3774, 4eaaa090-573e-41d3-9f8c-c99e236d806a:c3770, 5f4cf9ee-4bed-49de-adaa-861aec894328:c3770]
2019-08-23 02:48:29,239 [grpc-default-executor-6] INFO  client.GrpcClientProtocolClient (GrpcClientProtocolClient.java:onNext(255)) - client-B268B4322F32->17750241-545b-4219-93a1-14a6ea3d85be: receive RaftClientReply:client-B268B4322F32->17750241-545b-4219-93a1-14a6ea3d85be@group-C33FBD9556F2, cid=2523, SUCCESS, logIndex=3774, commits[17750241-545b-4219-93a1-14a6ea3d85be:c3774, 4eaaa090-573e-41d3-9f8c-c99e236d806a:c3770, 5f4cf9ee-4bed-49de-adaa-861aec894328:c3770]
 0.00% |█                                                                                                    |  0/1 Time: 0:00:312019-08-23 02:48:29,260 | INFO  | DNAudit | user=null | ip=null | op=WRITE_CHUNK {blockData=conID: 2 locID: 102664012377227859 bcsId: 3770} | ret=SUCCESS |  
2019-08-23 02:48:29,260 | INFO  | DNAudit | user=null | ip=null | op=WRITE_CHUNK {blockData=conID: 2 locID: 102664012377227859 bcsId: 3770} | ret=SUCCESS |  
2019-08-23 02:48:29,261 | INFO  | DNAudit | user=null | ip=null | op=PUT_BLOCK {blockData=[blockId=conID: 2 locID: 102664012377227859 bcsId: 0,size=4194304]} | ret=SUCCESS |  
2019-08-23 02:48:29,263 | INFO  | DNAudit | user=null | ip=null | op=PUT_BLOCK {blockData=[blockId=conID: 2 locID: 102664012377227859 bcsId: 0,size=4194304]} | ret=SUCCESS |  
2019-08-23 02:48:29,263 [grpc-default-executor-6] INFO  client.GrpcClientProtocolClient (GrpcClientProtocolClient.java:onNext(255)) - client-B268B4322F32->17750241-545b-4219-93a1-14a6ea3d85be: receive RaftClientReply:client-B268B4322F32->17750241-545b-4219-93a1-14a6ea3d85be@group-C33FBD9556F2, cid=2524, SUCCESS, logIndex=0, commits[17750241-545b-4219-93a1-14a6ea3d85be:c3776, 4eaaa090-573e-41d3-9f8c-c99e236d806a:c3774, 5f4cf9ee-4bed-49de-adaa-861aec894328:c3774]
2019-08-23 02:48:29,265 | INFO  | SCMAudit | user=jenkins1000 | ip=192.168.34.22 | op=ALLOCATE_BLOCK {owner=31d65bc3-3f70-45f5-bbc5-e3a15f967ba6, size=4194304, type=RATIS, factor=THREE} | ret=SUCCESS |  
2019-08-23 02:48:29,270 | INFO  | OMAudit | user=jenkins1000 | ip=127.0.0.1 | op=ALLOCATE_BLOCK {volume=vol-0-78052, bucket=bucket-0-33874, key=key-0-20719, dataSize=2147483657, replicationType=RATIS, replicationFactor=THREE, keyLocationInfo=[], clientID=102664010308846034} | ret=SUCCESS |  
2019-08-23 02:48:29,280 | INFO  | DNAudit | user=null | ip=null | op=WRITE_CHUNK {blockData=conID: 3 locID: 102664012383191636 bcsId: 0} | ret=SUCCESS |  
2019-08-23 02:48:29,283 | INFO  | DNAudit | user=null | ip=null | op=WRITE_CHUNK {blockData=conID: 3 locID: 102664012383191636 bcsId: 0} | ret=SUCCESS |  
2019-08-23 02:48:29,284 | INFO  | DNAudit | user=null | ip=null | op=WRITE_CHUNK {blockData=conID: 3 locID: 102664012383191636 bcsId: 0} | ret=SUCCESS |  
2019-08-23 02:48:29,284 | INFO  | DNAudit | user=null | ip=null | op=WRITE_CHUNK {blockData=conID: 3 locID: 102664012383191636 bcsId: 0} | ret=SUCCESS |  
2019-08-23 02:48:29,286 | INFO  | DNAudit | user=null | ip=null | op=WRITE_CHUNK {blockData=conID: 3 locID: 102664012383191636 bcsId: 0} | ret=SUCCESS |  
2019-08-23 02:48:29,286 | INFO  | DNAudit | user=null | ip=null | op=WRITE_CHUNK {blockData=conID: 3 locID: 102664012383191636 bcsId: 0} | ret=SUCCESS |  
2019-08-23 02:48:29,292 | INFO  | DNAudit | user=null | ip=null | op=WRITE_CHUNK {blockData=conID: 3 locID: 102664012383191636 bcsId: 0} | ret=SUCCESS |  
2019-08-23 02:48:29,293 | INFO  | DNAudit | user=null | ip=null | op=PUT_BLOCK {blockData=[blockId=conID: 3 locID: 102664012383191636 bcsId: 0,size=1048576]} | ret=SUCCESS |  
2019-08-23 02:48:29,293 [grpc-default-executor-5] INFO  client.GrpcClientProtocolClient (GrpcClientProtocolClient.java:onNext(255)) - client-B268B4322F32->17750241-545b-4219-93a1-14a6ea3d85be: receive RaftClientReply:client-B268B4322F32->17750241-545b-4219-93a1-14a6ea3d85be@group-C33FBD9556F2, cid=2525, SUCCESS, logIndex=3777, commits[17750241-545b-4219-93a1-14a6ea3d85be:c3779, 4eaaa090-573e-41d3-9f8c-c99e236d806a:c3776, 5f4cf9ee-4bed-49de-adaa-861aec894328:c3776]
2019-08-23 02:48:29,293 | INFO  | DNAudit | user=null | ip=null | op=WRITE_CHUNK {blockData=conID: 3 locID: 102664012383191636 bcsId: 0} | ret=SUCCESS |  
2019-08-23 02:48:29,294 [grpc-default-executor-5] INFO  client.GrpcClientProtocolClient (GrpcClientProtocolClient.java:onNext(255)) - client-B268B4322F32->17750241-545b-4219-93a1-14a6ea3d85be: receive RaftClientReply:client-B268B4322F32->17750241-545b-4219-93a1-14a6ea3d85be@group-C33FBD9556F2, cid=2526, SUCCESS, logIndex=3778, commits[17750241-545b-4219-93a1-14a6ea3d85be:c3780, 4eaaa090-573e-41d3-9f8c-c99e236d806a:c3776, 5f4cf9ee-4bed-49de-adaa-861aec894328:c3776]
2019-08-23 02:48:29,294 | INFO  | DNAudit | user=null | ip=null | op=PUT_BLOCK {blockData=[blockId=conID: 3 locID: 102664012383191636 bcsId: 0,size=2097152]} | ret=SUCCESS |  
2019-08-23 02:48:29,294 [grpc-default-executor-5] INFO  client.GrpcClientProtocolClient (GrpcClientProtocolClient.java:onNext(255)) - client-B268B4322F32->17750241-545b-4219-93a1-14a6ea3d85be: receive RaftClientReply:client-B268B4322F32->17750241-545b-4219-93a1-14a6ea3d85be@group-C33FBD9556F2, cid=2527, SUCCESS, logIndex=3779, commits[17750241-545b-4219-93a1-14a6ea3d85be:c3780, 4eaaa090-573e-41d3-9f8c-c99e236d806a:c3776, 5f4cf9ee-4bed-49de-adaa-861aec894328:c3776]
2019-08-23 02:48:29,294 | INFO  | DNAudit | user=null | ip=null | op=WRITE_CHUNK {blockData=conID: 3 locID: 102664012383191636 bcsId: 0} | ret=SUCCESS |  
2019-08-23 02:48:29,294 | INFO  | DNAudit | user=null | ip=null | op=PUT_BLOCK {blockData=[blockId=conID: 3 locID: 102664012383191636 bcsId: 0,size=1048576]} | ret=SUCCESS |  
2019-08-23 02:48:29,294 [grpc-default-executor-6] INFO  client.GrpcClientProtocolClient (GrpcClientProtocolClient.java:onNext(255)) - client-B268B4322F32->17750241-545b-4219-93a1-14a6ea3d85be: receive RaftClientReply:client-B268B4322F32->17750241-545b-4219-93a1-14a6ea3d85be@group-C33FBD9556F2, cid=2528, SUCCESS, logIndex=3780, commits[17750241-545b-4219-93a1-14a6ea3d85be:c3780, 4eaaa090-573e-41d3-9f8c-c99e236d806a:c3776, 5f4cf9ee-4bed-49de-adaa-861aec894328:c3776]
2019-08-23 02:48:29,295 | INFO  | DNAudit | user=null | ip=null | op=WRITE_CHUNK {blockData=conID: 3 locID: 102664012383191636 bcsId: 0} | ret=SUCCESS |  
2019-08-23 02:48:29,295 | INFO  | DNAudit | user=null | ip=null | op=PUT_BLOCK {blockData=[blockId=conID: 3 locID: 102664012383191636 bcsId: 0,size=1048576]} | ret=SUCCESS |  
2019-08-23 02:48:29,295 | INFO  | DNAudit | user=null | ip=null | op=WRITE_CHUNK {blockData=conID: 3 locID: 102664012383191636 bcsId: 0} | ret=SUCCESS |  
2019-08-23 02:48:29,296 [grpc-default-executor-6] INFO  client.GrpcClientProtocolClient (GrpcClientProtocolClient.java:onNext(255)) - client-B268B4322F32->17750241-545b-4219-93a1-14a6ea3d85be: receive RaftClientReply:client-B268B4322F32->17750241-545b-4219-93a1-14a6ea3d85be@group-C33FBD9556F2, cid=2529, SUCCESS, logIndex=0, commits[17750241-545b-4219-93a1-14a6ea3d85be:c3782, 4eaaa090-573e-41d3-9f8c-c99e236d806a:c3778, 5f4cf9ee-4bed-49de-adaa-861aec894328:c3779]
2019-08-23 02:48:29,302 | INFO  | DNAudit | user=null | ip=null | op=WRITE_CHUNK {blockData=conID: 3 locID: 102664012383191636 bcsId: 3780} | ret=SUCCESS |  
2019-08-23 02:48:29,305 | INFO  | DNAudit | user=null | ip=null | op=WRITE_CHUNK {blockData=conID: 3 locID: 102664012383191636 bcsId: 3780} | ret=SUCCESS |  
2019-08-23 02:48:29,305 | INFO  | DNAudit | user=null | ip=null | op=WRITE_CHUNK {blockData=conID: 3 locID: 102664012383191636 bcsId: 3780} | ret=SUCCESS |  
2019-08-23 02:48:29,306 | INFO  | DNAudit | user=null | ip=null | op=WRITE_CHUNK {blockData=conID: 3 locID: 102664012383191636 bcsId: 0} | ret=SUCCESS |  
2019-08-23 02:48:29,306 | INFO  | DNAudit | user=null | ip=null | op=PUT_BLOCK {blockData=[blockId=conID: 3 locID: 102664012383191636 bcsId: 0,size=2097152]} | ret=SUCCESS |  
2019-08-23 02:48:29,306 | INFO  | DNAudit | user=null | ip=null | op=PUT_BLOCK {blockData=[blockId=conID: 3 locID: 102664012383191636 bcsId: 0,size=2097152]} | ret=SUCCESS |  
2019-08-23 02:48:29,309 | INFO  | DNAudit | user=null | ip=null | op=WRITE_CHUNK {blockData=conID: 3 locID: 102664012383191636 bcsId: 3780} | ret=SUCCESS |  
2019-08-23 02:48:29,309 | INFO  | DNAudit | user=null | ip=null | op=PUT_BLOCK {blockData=[blockId=conID: 3 locID: 102664012383191636 bcsId: 0,size=3145728]} | ret=SUCCESS |  
2019-08-23 02:48:29,310 [grpc-default-executor-6] INFO  client.GrpcClientProtocolClient (GrpcClientProtocolClient.java:onNext(255)) - client-B268B4322F32->17750241-545b-4219-93a1-14a6ea3d85be: receive RaftClientReply:client-B268B4322F32->17750241-545b-4219-93a1-14a6ea3d85be@group-C33FBD9556F2, cid=2530, SUCCESS, logIndex=3785, commits[17750241-545b-4219-93a1-14a6ea3d85be:c3786, 4eaaa090-573e-41d3-9f8c-c99e236d806a:c3783, 5f4cf9ee-4bed-49de-adaa-861aec894328:c3780]
2019-08-23 02:48:29,310 [grpc-default-executor-6] INFO  client.GrpcClientProtocolClient (GrpcClientProtocolClient.java:onNext(255)) - client-B268B4322F32->17750241-545b-4219-93a1-14a6ea3d85be: receive RaftClientReply:client-B268B4322F32->17750241-545b-4219-93a1-14a6ea3d85be@group-C33FBD9556F2, cid=2531, SUCCESS, logIndex=3786, commits[17750241-545b-4219-93a1-14a6ea3d85be:c3786, 4eaaa090-573e-41d3-9f8c-c99e236d806a:c3783, 5f4cf9ee-4bed-49de-adaa-861aec894328:c3783]
2019-08-23 02:48:29,316 | INFO  | DNAudit | user=null | ip=null | op=WRITE_CHUNK {blockData=conID: 3 locID: 102664012383191636 bcsId: 3786} | ret=SUCCESS |  
2019-08-23 02:48:29,319 | INFO  | DNAudit | user=null | ip=null | op=WRITE_CHUNK {blockData=conID: 3 locID: 102664012383191636 bcsId: 3786} | ret=SUCCESS |  
2019-08-23 02:48:29,319 | INFO  | DNAudit | user=null | ip=null | op=WRITE_CHUNK {blockData=conID: 3 locID: 102664012383191636 bcsId: 3786} | ret=SUCCESS |  
2019-08-23 02:48:29,320 | INFO  | DNAudit | user=null | ip=null | op=WRITE_CHUNK {blockData=conID: 3 locID: 102664012383191636 bcsId: 3780} | ret=SUCCESS |  
2019-08-23 02:48:29,321 | INFO  | DNAudit | user=null | ip=null | op=WRITE_CHUNK {blockData=conID: 3 locID: 102664012383191636 bcsId: 3780} | ret=SUCCESS |  
2019-08-23 02:48:29,321 | INFO  | DNAudit | user=null | ip=null | op=PUT_BLOCK {blockData=[blockId=conID: 3 locID: 102664012383191636 bcsId: 0,size=3145728]} | ret=SUCCESS |  
2019-08-23 02:48:29,321 | INFO  | DNAudit | user=null | ip=null | op=PUT_BLOCK {blockData=[blockId=conID: 3 locID: 102664012383191636 bcsId: 0,size=3145728]} | ret=SUCCESS |  
2019-08-23 02:48:29,332 | INFO  | DNAudit | user=null | ip=null | op=WRITE_CHUNK {blockData=conID: 3 locID: 102664012383191636 bcsId: 3786} | ret=SUCCESS |  
2019-08-23 02:48:29,332 | INFO  | DNAudit | user=null | ip=null | op=PUT_BLOCK {blockData=[blockId=conID: 3 locID: 102664012383191636 bcsId: 0,size=4194304]} | ret=SUCCESS |  
2019-08-23 02:48:29,333 [grpc-default-executor-6] INFO  client.GrpcClientProtocolClient (GrpcClientProtocolClient.java:onNext(255)) - client-B268B4322F32->17750241-545b-4219-93a1-14a6ea3d85be: receive RaftClientReply:client-B268B4322F32->17750241-545b-4219-93a1-14a6ea3d85be@group-C33FBD9556F2, cid=2532, SUCCESS, logIndex=3788, commits[17750241-545b-4219-93a1-14a6ea3d85be:c3789, 4eaaa090-573e-41d3-9f8c-c99e236d806a:c3786, 5f4cf9ee-4bed-49de-adaa-861aec894328:c3786]
2019-08-23 02:48:29,333 [grpc-default-executor-6] INFO  client.GrpcClientProtocolClient (GrpcClientProtocolClient.java:onNext(255)) - client-B268B4322F32->17750241-545b-4219-93a1-14a6ea3d85be: receive RaftClientReply:client-B268B4322F32->17750241-545b-4219-93a1-14a6ea3d85be@group-C33FBD9556F2, cid=2533, SUCCESS, logIndex=3789, commits[17750241-545b-4219-93a1-14a6ea3d85be:c3789, 4eaaa090-573e-41d3-9f8c-c99e236d806a:c3786, 5f4cf9ee-4bed-49de-adaa-861aec894328:c3786]
2019-08-23 02:48:29,377 | INFO  | SCMAudit | user=jenkins1000 | ip=192.168.34.22 | op=SEND_HEARTBEAT {datanodeUUID=5f4cf9ee-4bed-49de-adaa-861aec894328, command=[]} | ret=SUCCESS |  
2019-08-23 02:48:29,377 | INFO  | SCMAudit | user=jenkins1000 | ip=192.168.34.22 | op=SEND_HEARTBEAT {datanodeUUID=4eaaa090-573e-41d3-9f8c-c99e236d806a, command=[]} | ret=SUCCESS |  
2019-08-23 02:48:29,377 | INFO  | SCMAudit | user=jenkins1000 | ip=192.168.34.22 | op=SEND_HEARTBEAT {datanodeUUID=17750241-545b-4219-93a1-14a6ea3d85be, command=[]} | ret=SUCCESS |  
2019-08-23 02:48:30,236 | INFO  | SCMAudit | user=jenkins1000 | ip=192.168.34.22 | op=SEND_HEARTBEAT {datanodeUUID=0cedf437-a8af-4d70-bac5-ea9863093e86, command=[]} | ret=SUCCESS |  
2019-08-23 02:48:30,238 | INFO  | SCMAudit | user=jenkins1000 | ip=192.168.34.22 | op=SEND_HEARTBEAT {datanodeUUID=66ab6a68-e61f-4535-ab2f-12fe560929ed, command=[]} | ret=SUCCESS |  
 0.00% |█                                                                                                    |  0/1 Time: 0:00:322019-08-23 02:48:30,377 | INFO  | SCMAudit | user=jenkins1000 | ip=192.168.34.22 | op=SEND_HEARTBEAT {datanodeUUID=17750241-545b-4219-93a1-14a6ea3d85be, command=[]} | ret=SUCCESS |  
2019-08-23 02:48:30,377 | INFO  | SCMAudit | user=jenkins1000 | ip=192.168.34.22 | op=SEND_HEARTBEAT {datanodeUUID=5f4cf9ee-4bed-49de-adaa-861aec894328, command=[]} | ret=SUCCESS |  
2019-08-23 02:48:30,377 | INFO  | SCMAudit | user=jenkins1000 | ip=192.168.34.22 | op=SEND_HEARTBEAT {datanodeUUID=4eaaa090-573e-41d3-9f8c-c99e236d806a, command=[]} | ret=SUCCESS |  
2019-08-23 02:48:31,237 | INFO  | SCMAudit | user=jenkins1000 | ip=192.168.34.22 | op=SEND_HEARTBEAT {datanodeUUID=0cedf437-a8af-4d70-bac5-ea9863093e86, command=[]} | ret=SUCCESS |  
2019-08-23 02:48:31,239 | INFO  | SCMAudit | user=jenkins1000 | ip=192.168.34.22 | op=SEND_HEARTBEAT {datanodeUUID=66ab6a68-e61f-4535-ab2f-12fe560929ed, command=[]} | ret=SUCCESS |  
 0.00% |█                                                                                                    |  0/1 Time: 0:00:332019-08-23 02:48:31,376 | INFO  | SCMAudit | user=jenkins1000 | ip=192.168.34.22 | op=SEND_HEARTBEAT {datanodeUUID=4eaaa090-573e-41d3-9f8c-c99e236d806a, command=[]} | ret=SUCCESS |  
2019-08-23 02:48:31,377 | INFO  | SCMAudit | user=jenkins1000 | ip=192.168.34.22 | op=SEND_HEARTBEAT {datanodeUUID=5f4cf9ee-4bed-49de-adaa-861aec894328, command=[]} | ret=SUCCESS |  
2019-08-23 02:48:31,377 | INFO  | SCMAudit | user=jenkins1000 | ip=192.168.34.22 | op=SEND_HEARTBEAT {datanodeUUID=17750241-545b-4219-93a1-14a6ea3d85be, command=[]} | ret=SUCCESS |  
2019-08-23 02:48:31,848 | INFO  | DNAudit | user=null | ip=null | op=WRITE_CHUNK {blockData=conID: 3 locID: 102664012383191636 bcsId: 3786} | ret=SUCCESS |  
2019-08-23 02:48:31,849 | INFO  | DNAudit | user=null | ip=null | op=WRITE_CHUNK {blockData=conID: 3 locID: 102664012383191636 bcsId: 3786} | ret=SUCCESS |  
2019-08-23 02:48:31,849 | INFO  | DNAudit | user=null | ip=null | op=PUT_BLOCK {blockData=[blockId=conID: 3 locID: 102664012383191636 bcsId: 0,size=4194304]} | ret=SUCCESS |  
2019-08-23 02:48:31,849 | INFO  | DNAudit | user=null | ip=null | op=PUT_BLOCK {blockData=[blockId=conID: 3 locID: 102664012383191636 bcsId: 0,size=4194304]} | ret=SUCCESS |  
2019-08-23 02:48:31,849 [grpc-default-executor-5] INFO  client.GrpcClientProtocolClient (GrpcClientProtocolClient.java:onNext(255)) - client-B268B4322F32->17750241-545b-4219-93a1-14a6ea3d85be: receive RaftClientReply:client-B268B4322F32->17750241-545b-4219-93a1-14a6ea3d85be@group-C33FBD9556F2, cid=2534, SUCCESS, logIndex=0, commits[17750241-545b-4219-93a1-14a6ea3d85be:c3791, 4eaaa090-573e-41d3-9f8c-c99e236d806a:c3791, 5f4cf9ee-4bed-49de-adaa-861aec894328:c3791]
2019-08-23 02:48:31,852 | INFO  | SCMAudit | user=jenkins1000 | ip=192.168.34.22 | op=ALLOCATE_BLOCK {owner=31d65bc3-3f70-45f5-bbc5-e3a15f967ba6, size=4194304, type=RATIS, factor=THREE} | ret=SUCCESS |  
2019-08-23 02:48:31,857 | INFO  | OMAudit | user=jenkins1000 | ip=127.0.0.1 | op=ALLOCATE_BLOCK {volume=vol-0-78052, bucket=bucket-0-33874, key=key-0-20719, dataSize=2147483657, replicationType=RATIS, replicationFactor=THREE, keyLocationInfo=[], clientID=102664010308846034} | ret=SUCCESS |  
2019-08-23 02:48:31,872 | INFO  | DNAudit | user=null | ip=null | op=WRITE_CHUNK {blockData=conID: 1 locID: 102664012552733269 bcsId: 0} | ret=SUCCESS |  
2019-08-23 02:48:31,876 | INFO  | DNAudit | user=null | ip=null | op=WRITE_CHUNK {blockData=conID: 1 locID: 102664012552733269 bcsId: 0} | ret=SUCCESS |  
2019-08-23 02:48:31,877 | INFO  | DNAudit | user=null | ip=null | op=WRITE_CHUNK {blockData=conID: 1 locID: 102664012552733269 bcsId: 0} | ret=SUCCESS |  
2019-08-23 02:48:31,877 | INFO  | DNAudit | user=null | ip=null | op=WRITE_CHUNK {blockData=conID: 1 locID: 102664012552733269 bcsId: 0} | ret=SUCCESS |  
2019-08-23 02:48:31,880 | INFO  | DNAudit | user=null | ip=null | op=WRITE_CHUNK {blockData=conID: 1 locID: 102664012552733269 bcsId: 0} | ret=SUCCESS |  
2019-08-23 02:48:31,880 | INFO  | DNAudit | user=null | ip=null | op=WRITE_CHUNK {blockData=conID: 1 locID: 102664012552733269 bcsId: 0} | ret=SUCCESS |  
2019-08-23 02:48:31,887 | INFO  | DNAudit | user=null | ip=null | op=WRITE_CHUNK {blockData=conID: 1 locID: 102664012552733269 bcsId: 0} | ret=SUCCESS |  
2019-08-23 02:48:31,888 | INFO  | DNAudit | user=null | ip=null | op=PUT_BLOCK {blockData=[blockId=conID: 1 locID: 102664012552733269 bcsId: 0,size=1048576]} | ret=SUCCESS |  
2019-08-23 02:48:31,889 | INFO  | DNAudit | user=null | ip=null | op=WRITE_CHUNK {blockData=conID: 1 locID: 102664012552733269 bcsId: 0} | ret=SUCCESS |  
2019-08-23 02:48:31,889 | INFO  | DNAudit | user=null | ip=null | op=WRITE_CHUNK {blockData=conID: 1 locID: 102664012552733269 bcsId: 0} | ret=SUCCESS |  
2019-08-23 02:48:31,889 [grpc-default-executor-1] INFO  client.GrpcClientProtocolClient (GrpcClientProtocolClient.java:onNext(255)) - client-B268B4322F32->17750241-545b-4219-93a1-14a6ea3d85be: receive RaftClientReply:client-B268B4322F32->17750241-545b-4219-93a1-14a6ea3d85be@group-C33FBD9556F2, cid=2535, SUCCESS, logIndex=3792, commits[17750241-545b-4219-93a1-14a6ea3d85be:c3793, 4eaaa090-573e-41d3-9f8c-c99e236d806a:c3791, 5f4cf9ee-4bed-49de-adaa-861aec894328:c3791]
2019-08-23 02:48:31,889 | INFO  | DNAudit | user=null | ip=null | op=PUT_BLOCK {blockData=[blockId=conID: 1 locID: 102664012552733269 bcsId: 0,size=2097152]} | ret=SUCCESS |  
2019-08-23 02:48:31,890 [grpc-default-executor-1] INFO  client.GrpcClientProtocolClient (GrpcClientProtocolClient.java:onNext(255)) - client-B268B4322F32->17750241-545b-4219-93a1-14a6ea3d85be: receive RaftClientReply:client-B268B4322F32->17750241-545b-4219-93a1-14a6ea3d85be@group-C33FBD9556F2, cid=2536, SUCCESS, logIndex=3793, commits[17750241-545b-4219-93a1-14a6ea3d85be:c3795, 4eaaa090-573e-41d3-9f8c-c99e236d806a:c3791, 5f4cf9ee-4bed-49de-adaa-861aec894328:c3791]
2019-08-23 02:48:31,890 [grpc-default-executor-1] INFO  client.GrpcClientProtocolClient (GrpcClientProtocolClient.java:onNext(255)) - client-B268B4322F32->17750241-545b-4219-93a1-14a6ea3d85be: receive RaftClientReply:client-B268B4322F32->17750241-545b-4219-93a1-14a6ea3d85be@group-C33FBD9556F2, cid=2537, SUCCESS, logIndex=3794, commits[17750241-545b-4219-93a1-14a6ea3d85be:c3796, 4eaaa090-573e-41d3-9f8c-c99e236d806a:c3791, 5f4cf9ee-4bed-49de-adaa-861aec894328:c3792]
2019-08-23 02:48:31,890 [grpc-default-executor-1] INFO  client.GrpcClientProtocolClient (GrpcClientProtocolClient.java:onNext(255)) - client-B268B4322F32->17750241-545b-4219-93a1-14a6ea3d85be: receive RaftClientReply:client-B268B4322F32->17750241-545b-4219-93a1-14a6ea3d85be@group-C33FBD9556F2, cid=2538, SUCCESS, logIndex=3795, commits[17750241-545b-4219-93a1-14a6ea3d85be:c3796, 4eaaa090-573e-41d3-9f8c-c99e236d806a:c3791, 5f4cf9ee-4bed-49de-adaa-861aec894328:c3792]
2019-08-23 02:48:31,891 | INFO  | DNAudit | user=null | ip=null | op=WRITE_CHUNK {blockData=conID: 1 locID: 102664012552733269 bcsId: 0} | ret=SUCCESS |  
2019-08-23 02:48:31,891 | INFO  | DNAudit | user=null | ip=null | op=PUT_BLOCK {blockData=[blockId=conID: 1 locID: 102664012552733269 bcsId: 0,size=1048576]} | ret=SUCCESS |  
2019-08-23 02:48:31,892 | INFO  | DNAudit | user=null | ip=null | op=PUT_BLOCK {blockData=[blockId=conID: 1 locID: 102664012552733269 bcsId: 0,size=1048576]} | ret=SUCCESS |  
2019-08-23 02:48:31,892 | INFO  | DNAudit | user=null | ip=null | op=WRITE_CHUNK {blockData=conID: 1 locID: 102664012552733269 bcsId: 0} | ret=SUCCESS |  
2019-08-23 02:48:31,892 | INFO  | DNAudit | user=null | ip=null | op=WRITE_CHUNK {blockData=conID: 1 locID: 102664012552733269 bcsId: 0} | ret=SUCCESS |  
2019-08-23 02:48:31,893 | INFO  | DNAudit | user=null | ip=null | op=PUT_BLOCK {blockData=[blockId=conID: 1 locID: 102664012552733269 bcsId: 0,size=2097152]} | ret=SUCCESS |  
2019-08-23 02:48:31,893 [grpc-default-executor-5] INFO  client.GrpcClientProtocolClient (GrpcClientProtocolClient.java:onNext(255)) - client-B268B4322F32->17750241-545b-4219-93a1-14a6ea3d85be: receive RaftClientReply:client-B268B4322F32->17750241-545b-4219-93a1-14a6ea3d85be@group-C33FBD9556F2, cid=2539, SUCCESS, logIndex=0, commits[17750241-545b-4219-93a1-14a6ea3d85be:c3797, 4eaaa090-573e-41d3-9f8c-c99e236d806a:c3793, 5f4cf9ee-4bed-49de-adaa-861aec894328:c3793]
2019-08-23 02:48:31,893 | INFO  | DNAudit | user=null | ip=null | op=PUT_BLOCK {blockData=[blockId=conID: 1 locID: 102664012552733269 bcsId: 0,size=2097152]} | ret=SUCCESS |  
2019-08-23 02:48:31,902 | INFO  | DNAudit | user=null | ip=null | op=WRITE_CHUNK {blockData=conID: 1 locID: 102664012552733269 bcsId: 3795} | ret=SUCCESS |  
2019-08-23 02:48:31,906 | INFO  | DNAudit | user=null | ip=null | op=WRITE_CHUNK {blockData=conID: 1 locID: 102664012552733269 bcsId: 3795} | ret=SUCCESS |  
2019-08-23 02:48:31,906 | INFO  | DNAudit | user=null | ip=null | op=WRITE_CHUNK {blockData=conID: 1 locID: 102664012552733269 bcsId: 3795} | ret=SUCCESS |  
2019-08-23 02:48:31,909 | INFO  | DNAudit | user=null | ip=null | op=WRITE_CHUNK {blockData=conID: 1 locID: 102664012552733269 bcsId: 3795} | ret=SUCCESS |  
2019-08-23 02:48:31,909 | INFO  | DNAudit | user=null | ip=null | op=PUT_BLOCK {blockData=[blockId=conID: 1 locID: 102664012552733269 bcsId: 0,size=3145728]} | ret=SUCCESS |  
2019-08-23 02:48:31,910 [grpc-default-executor-1] INFO  client.GrpcClientProtocolClient (GrpcClientProtocolClient.java:onNext(255)) - client-B268B4322F32->17750241-545b-4219-93a1-14a6ea3d85be: receive RaftClientReply:client-B268B4322F32->17750241-545b-4219-93a1-14a6ea3d85be@group-C33FBD9556F2, cid=2540, SUCCESS, logIndex=3800, commits[17750241-545b-4219-93a1-14a6ea3d85be:c3801, 4eaaa090-573e-41d3-9f8c-c99e236d806a:c3795, 5f4cf9ee-4bed-49de-adaa-861aec894328:c3799]
2019-08-23 02:48:31,910 [grpc-default-executor-1] INFO  client.GrpcClientProtocolClient (GrpcClientProtocolClient.java:onNext(255)) - client-B268B4322F32->17750241-545b-4219-93a1-14a6ea3d85be: receive RaftClientReply:client-B268B4322F32->17750241-545b-4219-93a1-14a6ea3d85be@group-C33FBD9556F2, cid=2541, SUCCESS, logIndex=3801, commits[17750241-545b-4219-93a1-14a6ea3d85be:c3801, 4eaaa090-573e-41d3-9f8c-c99e236d806a:c3799, 5f4cf9ee-4bed-49de-adaa-861aec894328:c3799]
2019-08-23 02:48:31,911 | INFO  | DNAudit | user=null | ip=null | op=WRITE_CHUNK {blockData=conID: 1 locID: 102664012552733269 bcsId: 3795} | ret=SUCCESS |  
2019-08-23 02:48:31,911 | INFO  | DNAudit | user=null | ip=null | op=WRITE_CHUNK {blockData=conID: 1 locID: 102664012552733269 bcsId: 3795} | ret=SUCCESS |  
2019-08-23 02:48:31,911 | INFO  | DNAudit | user=null | ip=null | op=PUT_BLOCK {blockData=[blockId=conID: 1 locID: 102664012552733269 bcsId: 0,size=3145728]} | ret=SUCCESS |  
2019-08-23 02:48:31,911 | INFO  | DNAudit | user=null | ip=null | op=PUT_BLOCK {blockData=[blockId=conID: 1 locID: 102664012552733269 bcsId: 0,size=3145728]} | ret=SUCCESS |  
2019-08-23 02:48:31,919 | INFO  | DNAudit | user=null | ip=null | op=WRITE_CHUNK {blockData=conID: 1 locID: 102664012552733269 bcsId: 3801} | ret=SUCCESS |  
2019-08-23 02:48:31,922 | INFO  | DNAudit | user=null | ip=null | op=WRITE_CHUNK {blockData=conID: 1 locID: 102664012552733269 bcsId: 3801} | ret=SUCCESS |  
2019-08-23 02:48:31,923 | INFO  | DNAudit | user=null | ip=null | op=WRITE_CHUNK {blockData=conID: 1 locID: 102664012552733269 bcsId: 3801} | ret=SUCCESS |  
2019-08-23 02:48:31,925 | INFO  | DNAudit | user=null | ip=null | op=WRITE_CHUNK {blockData=conID: 1 locID: 102664012552733269 bcsId: 3801} | ret=SUCCESS |  
2019-08-23 02:48:31,925 | INFO  | DNAudit | user=null | ip=null | op=PUT_BLOCK {blockData=[blockId=conID: 1 locID: 102664012552733269 bcsId: 0,size=4194304]} | ret=SUCCESS |  
2019-08-23 02:48:31,925 [grpc-default-executor-6] INFO  client.GrpcClientProtocolClient (GrpcClientProtocolClient.java:onNext(255)) - client-B268B4322F32->17750241-545b-4219-93a1-14a6ea3d85be: receive RaftClientReply:client-B268B4322F32->17750241-545b-4219-93a1-14a6ea3d85be@group-C33FBD9556F2, cid=2542, SUCCESS, logIndex=3804, commits[17750241-545b-4219-93a1-14a6ea3d85be:c3805, 4eaaa090-573e-41d3-9f8c-c99e236d806a:c3803, 5f4cf9ee-4bed-49de-adaa-861aec894328:c3803]
2019-08-23 02:48:31,926 [grpc-default-executor-6] INFO  client.GrpcClientProtocolClient (GrpcClientProtocolClient.java:onNext(255)) - client-B268B4322F32->17750241-545b-4219-93a1-14a6ea3d85be: receive RaftClientReply:client-B268B4322F32->17750241-545b-4219-93a1-14a6ea3d85be@group-C33FBD9556F2, cid=2543, SUCCESS, logIndex=3805, commits[17750241-545b-4219-93a1-14a6ea3d85be:c3805, 4eaaa090-573e-41d3-9f8c-c99e236d806a:c3803, 5f4cf9ee-4bed-49de-adaa-861aec894328:c3803]
2019-08-23 02:48:31,926 | INFO  | DNAudit | user=null | ip=null | op=WRITE_CHUNK {blockData=conID: 1 locID: 102664012552733269 bcsId: 3801} | ret=SUCCESS |  
2019-08-23 02:48:31,927 | INFO  | DNAudit | user=null | ip=null | op=WRITE_CHUNK {blockData=conID: 1 locID: 102664012552733269 bcsId: 3801} | ret=SUCCESS |  
2019-08-23 02:48:31,929 | INFO  | DNAudit | user=null | ip=null | op=PUT_BLOCK {blockData=[blockId=conID: 1 locID: 102664012552733269 bcsId: 0,size=4194304]} | ret=SUCCESS |  
2019-08-23 02:48:31,929 | INFO  | DNAudit | user=null | ip=null | op=PUT_BLOCK {blockData=[blockId=conID: 1 locID: 102664012552733269 bcsId: 0,size=4194304]} | ret=SUCCESS |  
2019-08-23 02:48:31,930 [grpc-default-executor-5] INFO  client.GrpcClientProtocolClient (GrpcClientProtocolClient.java:onNext(255)) - client-B268B4322F32->17750241-545b-4219-93a1-14a6ea3d85be: receive RaftClientReply:client-B268B4322F32->17750241-545b-4219-93a1-14a6ea3d85be@group-C33FBD9556F2, cid=2544, SUCCESS, logIndex=0, commits[17750241-545b-4219-93a1-14a6ea3d85be:c3807, 4eaaa090-573e-41d3-9f8c-c99e236d806a:c3805, 5f4cf9ee-4bed-49de-adaa-861aec894328:c3805]
2019-08-23 02:48:31,932 | INFO  | SCMAudit | user=jenkins1000 | ip=192.168.34.22 | op=ALLOCATE_BLOCK {owner=31d65bc3-3f70-45f5-bbc5-e3a15f967ba6, size=4194304, type=RATIS, factor=THREE} | ret=SUCCESS |  
2019-08-23 02:48:31,937 | INFO  | OMAudit | user=jenkins1000 | ip=127.0.0.1 | op=ALLOCATE_BLOCK {volume=vol-0-78052, bucket=bucket-0-33874, key=key-0-20719, dataSize=2147483657, replicationType=RATIS, replicationFactor=THREE, keyLocationInfo=[], clientID=102664010308846034} | ret=SUCCESS |  
2019-08-23 02:48:31,950 | INFO  | DNAudit | user=null | ip=null | op=WRITE_CHUNK {blockData=conID: 2 locID: 102664012557976150 bcsId: 0} | ret=SUCCESS |  
2019-08-23 02:48:31,953 | INFO  | DNAudit | user=null | ip=null | op=WRITE_CHUNK {blockData=conID: 2 locID: 102664012557976150 bcsId: 0} | ret=SUCCESS |  
2019-08-23 02:48:31,954 | INFO  | DNAudit | user=null | ip=null | op=WRITE_CHUNK {blockData=conID: 2 locID: 102664012557976150 bcsId: 0} | ret=SUCCESS |  
2019-08-23 02:48:31,954 | INFO  | DNAudit | user=null | ip=null | op=WRITE_CHUNK {blockData=conID: 2 locID: 102664012557976150 bcsId: 0} | ret=SUCCESS |  
2019-08-23 02:48:31,956 | INFO  | DNAudit | user=null | ip=null | op=WRITE_CHUNK {blockData=conID: 2 locID: 102664012557976150 bcsId: 0} | ret=SUCCESS |  
2019-08-23 02:48:31,956 | INFO  | DNAudit | user=null | ip=null | op=PUT_BLOCK {blockData=[blockId=conID: 2 locID: 102664012557976150 bcsId: 0,size=1048576]} | ret=SUCCESS |  
2019-08-23 02:48:31,956 | INFO  | DNAudit | user=null | ip=null | op=WRITE_CHUNK {blockData=conID: 2 locID: 102664012557976150 bcsId: 0} | ret=SUCCESS |  
2019-08-23 02:48:31,956 [grpc-default-executor-6] INFO  client.GrpcClientProtocolClient (GrpcClientProtocolClient.java:onNext(255)) - client-B268B4322F32->17750241-545b-4219-93a1-14a6ea3d85be: receive RaftClientReply:client-B268B4322F32->17750241-545b-4219-93a1-14a6ea3d85be@group-C33FBD9556F2, cid=2545, SUCCESS, logIndex=3808, commits[17750241-545b-4219-93a1-14a6ea3d85be:c3809, 4eaaa090-573e-41d3-9f8c-c99e236d806a:c3807, 5f4cf9ee-4bed-49de-adaa-861aec894328:c3805]
2019-08-23 02:48:31,957 | INFO  | DNAudit | user=null | ip=null | op=WRITE_CHUNK {blockData=conID: 2 locID: 102664012557976150 bcsId: 0} | ret=SUCCESS |  
2019-08-23 02:48:31,957 [grpc-default-executor-6] INFO  client.GrpcClientProtocolClient (GrpcClientProtocolClient.java:onNext(255)) - client-B268B4322F32->17750241-545b-4219-93a1-14a6ea3d85be: receive RaftClientReply:client-B268B4322F32->17750241-545b-4219-93a1-14a6ea3d85be@group-C33FBD9556F2, cid=2546, SUCCESS, logIndex=3809, commits[17750241-545b-4219-93a1-14a6ea3d85be:c3809, 4eaaa090-573e-41d3-9f8c-c99e236d806a:c3807, 5f4cf9ee-4bed-49de-adaa-861aec894328:c3807]
2019-08-23 02:48:31,958 | INFO  | DNAudit | user=null | ip=null | op=WRITE_CHUNK {blockData=conID: 2 locID: 102664012557976150 bcsId: 0} | ret=SUCCESS |  
2019-08-23 02:48:31,959 | INFO  | DNAudit | user=null | ip=null | op=WRITE_CHUNK {blockData=conID: 2 locID: 102664012557976150 bcsId: 0} | ret=SUCCESS |  
2019-08-23 02:48:31,959 | INFO  | DNAudit | user=null | ip=null | op=PUT_BLOCK {blockData=[blockId=conID: 2 locID: 102664012557976150 bcsId: 0,size=1048576]} | ret=SUCCESS |  
2019-08-23 02:48:31,959 | INFO  | DNAudit | user=null | ip=null | op=PUT_BLOCK {blockData=[blockId=conID: 2 locID: 102664012557976150 bcsId: 0,size=2097152]} | ret=SUCCESS |  
2019-08-23 02:48:31,959 [grpc-default-executor-6] INFO  client.GrpcClientProtocolClient (GrpcClientProtocolClient.java:onNext(255)) - client-B268B4322F32->17750241-545b-4219-93a1-14a6ea3d85be: receive RaftClientReply:client-B268B4322F32->17750241-545b-4219-93a1-14a6ea3d85be@group-C33FBD9556F2, cid=2547, SUCCESS, logIndex=3810, commits[17750241-545b-4219-93a1-14a6ea3d85be:c3813, 4eaaa090-573e-41d3-9f8c-c99e236d806a:c3807, 5f4cf9ee-4bed-49de-adaa-861aec894328:c3809]
2019-08-23 02:48:31,960 [grpc-default-executor-1] INFO  client.GrpcClientProtocolClient (GrpcClientProtocolClient.java:onNext(255)) - client-B268B4322F32->17750241-545b-4219-93a1-14a6ea3d85be: receive RaftClientReply:client-B268B4322F32->17750241-545b-4219-93a1-14a6ea3d85be@group-C33FBD9556F2, cid=2548, SUCCESS, logIndex=3811, commits[17750241-545b-4219-93a1-14a6ea3d85be:c3813, 4eaaa090-573e-41d3-9f8c-c99e236d806a:c3807, 5f4cf9ee-4bed-49de-adaa-861aec894328:c3809]
2019-08-23 02:48:31,960 | INFO  | DNAudit | user=null | ip=null | op=WRITE_CHUNK {blockData=conID: 2 locID: 102664012557976150 bcsId: 0} | ret=SUCCESS |  
2019-08-23 02:48:31,961 | INFO  | DNAudit | user=null | ip=null | op=PUT_BLOCK {blockData=[blockId=conID: 2 locID: 102664012557976150 bcsId: 0,size=1048576]} | ret=SUCCESS |  
2019-08-23 02:48:31,961 | INFO  | DNAudit | user=null | ip=null | op=WRITE_CHUNK {blockData=conID: 2 locID: 102664012557976150 bcsId: 0} | ret=SUCCESS |  
2019-08-23 02:48:31,961 [grpc-default-executor-6] INFO  client.GrpcClientProtocolClient (GrpcClientProtocolClient.java:onNext(255)) - client-B268B4322F32->17750241-545b-4219-93a1-14a6ea3d85be: receive RaftClientReply:client-B268B4322F32->17750241-545b-4219-93a1-14a6ea3d85be@group-C33FBD9556F2, cid=2549, SUCCESS, logIndex=0, commits[17750241-545b-4219-93a1-14a6ea3d85be:c3813, 4eaaa090-573e-41d3-9f8c-c99e236d806a:c3809, 5f4cf9ee-4bed-49de-adaa-861aec894328:c3809]
2019-08-23 02:48:31,961 | INFO  | DNAudit | user=null | ip=null | op=PUT_BLOCK {blockData=[blockId=conID: 2 locID: 102664012557976150 bcsId: 0,size=2097152]} | ret=SUCCESS |  
2019-08-23 02:48:31,963 | INFO  | DNAudit | user=null | ip=null | op=WRITE_CHUNK {blockData=conID: 2 locID: 102664012557976150 bcsId: 0} | ret=SUCCESS |  
2019-08-23 02:48:31,963 | INFO  | DNAudit | user=null | ip=null | op=PUT_BLOCK {blockData=[blockId=conID: 2 locID: 102664012557976150 bcsId: 0,size=2097152]} | ret=SUCCESS |  
2019-08-23 02:48:31,969 | INFO  | DNAudit | user=null | ip=null | op=WRITE_CHUNK {blockData=conID: 2 locID: 102664012557976150 bcsId: 3811} | ret=SUCCESS |  
2019-08-23 02:48:31,971 | INFO  | DNAudit | user=null | ip=null | op=WRITE_CHUNK {blockData=conID: 2 locID: 102664012557976150 bcsId: 3811} | ret=SUCCESS |  
2019-08-23 02:48:31,971 | INFO  | DNAudit | user=null | ip=null | op=WRITE_CHUNK {blockData=conID: 2 locID: 102664012557976150 bcsId: 3811} | ret=SUCCESS |  
2019-08-23 02:48:31,973 | INFO  | DNAudit | user=null | ip=null | op=WRITE_CHUNK {blockData=conID: 2 locID: 102664012557976150 bcsId: 3811} | ret=SUCCESS |  
2019-08-23 02:48:31,974 | INFO  | DNAudit | user=null | ip=null | op=PUT_BLOCK {blockData=[blockId=conID: 2 locID: 102664012557976150 bcsId: 0,size=3145728]} | ret=SUCCESS |  
2019-08-23 02:48:31,974 [grpc-default-executor-1] INFO  client.GrpcClientProtocolClient (GrpcClientProtocolClient.java:onNext(255)) - client-B268B4322F32->17750241-545b-4219-93a1-14a6ea3d85be: receive RaftClientReply:client-B268B4322F32->17750241-545b-4219-93a1-14a6ea3d85be@group-C33FBD9556F2, cid=2550, SUCCESS, logIndex=3816, commits[17750241-545b-4219-93a1-14a6ea3d85be:c3817, 4eaaa090-573e-41d3-9f8c-c99e236d806a:c3815, 5f4cf9ee-4bed-49de-adaa-861aec894328:c3811]
2019-08-23 02:48:31,974 [grpc-default-executor-1] INFO  client.GrpcClientProtocolClient (GrpcClientProtocolClient.java:onNext(255)) - client-B268B4322F32->17750241-545b-4219-93a1-14a6ea3d85be: receive RaftClientReply:client-B268B4322F32->17750241-545b-4219-93a1-14a6ea3d85be@group-C33FBD9556F2, cid=2551, SUCCESS, logIndex=3817, commits[17750241-545b-4219-93a1-14a6ea3d85be:c3817, 4eaaa090-573e-41d3-9f8c-c99e236d806a:c3815, 5f4cf9ee-4bed-49de-adaa-861aec894328:c3815]
2019-08-23 02:48:31,976 | INFO  | DNAudit | user=null | ip=null | op=WRITE_CHUNK {blockData=conID: 2 locID: 102664012557976150 bcsId: 3811} | ret=SUCCESS |  
2019-08-23 02:48:31,976 | INFO  | DNAudit | user=null | ip=null | op=WRITE_CHUNK {blockData=conID: 2 locID: 102664012557976150 bcsId: 3811} | ret=SUCCESS |  
2019-08-23 02:48:31,977 | INFO  | DNAudit | user=null | ip=null | op=PUT_BLOCK {blockData=[blockId=conID: 2 locID: 102664012557976150 bcsId: 0,size=3145728]} | ret=SUCCESS |  
2019-08-23 02:48:31,977 | INFO  | DNAudit | user=null | ip=null | op=PUT_BLOCK {blockData=[blockId=conID: 2 locID: 102664012557976150 bcsId: 0,size=3145728]} | ret=SUCCESS |  
2019-08-23 02:48:31,982 | INFO  | DNAudit | user=null | ip=null | op=WRITE_CHUNK {blockData=conID: 2 locID: 102664012557976150 bcsId: 3817} | ret=SUCCESS |  
2019-08-23 02:48:31,984 | INFO  | DNAudit | user=null | ip=null | op=WRITE_CHUNK {blockData=conID: 2 locID: 102664012557976150 bcsId: 3817} | ret=SUCCESS |  
2019-08-23 02:48:31,985 | INFO  | DNAudit | user=null | ip=null | op=WRITE_CHUNK {blockData=conID: 2 locID: 102664012557976150 bcsId: 3817} | ret=SUCCESS |  
2019-08-23 02:48:31,986 | INFO  | DNAudit | user=null | ip=null | op=WRITE_CHUNK {blockData=conID: 2 locID: 102664012557976150 bcsId: 3817} | ret=SUCCESS |  
2019-08-23 02:48:31,987 | INFO  | DNAudit | user=null | ip=null | op=PUT_BLOCK {blockData=[blockId=conID: 2 locID: 102664012557976150 bcsId: 0,size=4194304]} | ret=SUCCESS |  
2019-08-23 02:48:31,987 [grpc-default-executor-6] INFO  client.GrpcClientProtocolClient (GrpcClientProtocolClient.java:onNext(255)) - client-B268B4322F32->17750241-545b-4219-93a1-14a6ea3d85be: receive RaftClientReply:client-B268B4322F32->17750241-545b-4219-93a1-14a6ea3d85be@group-C33FBD9556F2, cid=2552, SUCCESS, logIndex=3820, commits[17750241-545b-4219-93a1-14a6ea3d85be:c3821, 4eaaa090-573e-41d3-9f8c-c99e236d806a:c3819, 5f4cf9ee-4bed-49de-adaa-861aec894328:c3819]
2019-08-23 02:48:31,987 [grpc-default-executor-6] INFO  client.GrpcClientProtocolClient (GrpcClientProtocolClient.java:onNext(255)) - client-B268B4322F32->17750241-545b-4219-93a1-14a6ea3d85be: receive RaftClientReply:client-B268B4322F32->17750241-545b-4219-93a1-14a6ea3d85be@group-C33FBD9556F2, cid=2553, SUCCESS, logIndex=3821, commits[17750241-545b-4219-93a1-14a6ea3d85be:c3821, 4eaaa090-573e-41d3-9f8c-c99e236d806a:c3819, 5f4cf9ee-4bed-49de-adaa-861aec894328:c3819]
2019-08-23 02:48:31,988 | INFO  | DNAudit | user=null | ip=null | op=WRITE_CHUNK {blockData=conID: 2 locID: 102664012557976150 bcsId: 3817} | ret=SUCCESS |  
2019-08-23 02:48:31,988 | INFO  | DNAudit | user=null | ip=null | op=WRITE_CHUNK {blockData=conID: 2 locID: 102664012557976150 bcsId: 3817} | ret=SUCCESS |  
2019-08-23 02:48:31,989 | INFO  | DNAudit | user=null | ip=null | op=PUT_BLOCK {blockData=[blockId=conID: 2 locID: 102664012557976150 bcsId: 0,size=4194304]} | ret=SUCCESS |  
2019-08-23 02:48:31,989 | INFO  | DNAudit | user=null | ip=null | op=PUT_BLOCK {blockData=[blockId=conID: 2 locID: 102664012557976150 bcsId: 0,size=4194304]} | ret=SUCCESS |  
2019-08-23 02:48:31,989 [grpc-default-executor-6] INFO  client.GrpcClientProtocolClient (GrpcClientProtocolClient.java:onNext(255)) - client-B268B4322F32->17750241-545b-4219-93a1-14a6ea3d85be: receive RaftClientReply:client-B268B4322F32->17750241-545b-4219-93a1-14a6ea3d85be@group-C33FBD9556F2, cid=2554, SUCCESS, logIndex=0, commits[17750241-545b-4219-93a1-14a6ea3d85be:c3822, 4eaaa090-573e-41d3-9f8c-c99e236d806a:c3821, 5f4cf9ee-4bed-49de-adaa-861aec894328:c3821]
2019-08-23 02:48:31,991 | INFO  | SCMAudit | user=jenkins1000 | ip=192.168.34.22 | op=ALLOCATE_BLOCK {owner=31d65bc3-3f70-45f5-bbc5-e3a15f967ba6, size=4194304, type=RATIS, factor=THREE} | ret=SUCCESS |  
2019-08-23 02:48:31,994 | INFO  | OMAudit | user=jenkins1000 | ip=127.0.0.1 | op=ALLOCATE_BLOCK {volume=vol-0-78052, bucket=bucket-0-33874, key=key-0-20719, dataSize=2147483657, replicationType=RATIS, replicationFactor=THREE, keyLocationInfo=[], clientID=102664010308846034} | ret=SUCCESS |  
2019-08-23 02:48:32,005 | INFO  | DNAudit | user=null | ip=null | op=WRITE_CHUNK {blockData=conID: 3 locID: 102664012561777239 bcsId: 0} | ret=SUCCESS |  
2019-08-23 02:48:32,008 | INFO  | DNAudit | user=null | ip=null | op=WRITE_CHUNK {blockData=conID: 3 locID: 102664012561777239 bcsId: 0} | ret=SUCCESS |  
2019-08-23 02:48:32,008 | INFO  | DNAudit | user=null | ip=null | op=WRITE_CHUNK {blockData=conID: 3 locID: 102664012561777239 bcsId: 0} | ret=SUCCESS |  
2019-08-23 02:48:32,008 | INFO  | DNAudit | user=null | ip=null | op=WRITE_CHUNK {blockData=conID: 3 locID: 102664012561777239 bcsId: 0} | ret=SUCCESS |  
2019-08-23 02:48:32,010 | INFO  | DNAudit | user=null | ip=null | op=WRITE_CHUNK {blockData=conID: 3 locID: 102664012561777239 bcsId: 0} | ret=SUCCESS |  
2019-08-23 02:48:32,010 | INFO  | DNAudit | user=null | ip=null | op=WRITE_CHUNK {blockData=conID: 3 locID: 102664012561777239 bcsId: 0} | ret=SUCCESS |  
2019-08-23 02:48:32,018 | INFO  | DNAudit | user=null | ip=null | op=WRITE_CHUNK {blockData=conID: 3 locID: 102664012561777239 bcsId: 0} | ret=SUCCESS |  
2019-08-23 02:48:32,019 | INFO  | DNAudit | user=null | ip=null | op=PUT_BLOCK {blockData=[blockId=conID: 3 locID: 102664012561777239 bcsId: 0,size=1048576]} | ret=SUCCESS |  
2019-08-23 02:48:32,019 [grpc-default-executor-6] INFO  client.GrpcClientProtocolClient (GrpcClientProtocolClient.java:onNext(255)) - client-B268B4322F32->17750241-545b-4219-93a1-14a6ea3d85be: receive RaftClientReply:client-B268B4322F32->17750241-545b-4219-93a1-14a6ea3d85be@group-C33FBD9556F2, cid=2555, SUCCESS, logIndex=3824, commits[17750241-545b-4219-93a1-14a6ea3d85be:c3825, 4eaaa090-573e-41d3-9f8c-c99e236d806a:c3823, 5f4cf9ee-4bed-49de-adaa-861aec894328:c3823]
2019-08-23 02:48:32,019 | INFO  | DNAudit | user=null | ip=null | op=WRITE_CHUNK {blockData=conID: 3 locID: 102664012561777239 bcsId: 0} | ret=SUCCESS |  
2019-08-23 02:48:32,020 | INFO  | DNAudit | user=null | ip=null | op=PUT_BLOCK {blockData=[blockId=conID: 3 locID: 102664012561777239 bcsId: 0,size=2097152]} | ret=SUCCESS |  
2019-08-23 02:48:32,020 [grpc-default-executor-6] INFO  client.GrpcClientProtocolClient (GrpcClientProtocolClient.java:onNext(255)) - client-B268B4322F32->17750241-545b-4219-93a1-14a6ea3d85be: receive RaftClientReply:client-B268B4322F32->17750241-545b-4219-93a1-14a6ea3d85be@group-C33FBD9556F2, cid=2556, SUCCESS, logIndex=3825, commits[17750241-545b-4219-93a1-14a6ea3d85be:c3827, 4eaaa090-573e-41d3-9f8c-c99e236d806a:c3823, 5f4cf9ee-4bed-49de-adaa-861aec894328:c3823]
2019-08-23 02:48:32,020 [grpc-default-executor-6] INFO  client.GrpcClientProtocolClient (GrpcClientProtocolClient.java:onNext(255)) - client-B268B4322F32->17750241-545b-4219-93a1-14a6ea3d85be: receive RaftClientReply:client-B268B4322F32->17750241-545b-4219-93a1-14a6ea3d85be@group-C33FBD9556F2, cid=2557, SUCCESS, logIndex=3826, commits[17750241-545b-4219-93a1-14a6ea3d85be:c3827, 4eaaa090-573e-41d3-9f8c-c99e236d806a:c3823, 5f4cf9ee-4bed-49de-adaa-861aec894328:c3823]
2019-08-23 02:48:32,021 [grpc-default-executor-6] INFO  client.GrpcClientProtocolClient (GrpcClientProtocolClient.java:onNext(255)) - client-B268B4322F32->17750241-545b-4219-93a1-14a6ea3d85be: receive RaftClientReply:client-B268B4322F32->17750241-545b-4219-93a1-14a6ea3d85be@group-C33FBD9556F2, cid=2558, SUCCESS, logIndex=3827, commits[17750241-545b-4219-93a1-14a6ea3d85be:c3827, 4eaaa090-573e-41d3-9f8c-c99e236d806a:c3823, 5f4cf9ee-4bed-49de-adaa-861aec894328:c3823]
2019-08-23 02:48:32,022 | INFO  | DNAudit | user=null | ip=null | op=WRITE_CHUNK {blockData=conID: 3 locID: 102664012561777239 bcsId: 0} | ret=SUCCESS |  
2019-08-23 02:48:32,022 | INFO  | DNAudit | user=null | ip=null | op=WRITE_CHUNK {blockData=conID: 3 locID: 102664012561777239 bcsId: 0} | ret=SUCCESS |  
2019-08-23 02:48:32,022 | INFO  | DNAudit | user=null | ip=null | op=PUT_BLOCK {blockData=[blockId=conID: 3 locID: 102664012561777239 bcsId: 0,size=1048576]} | ret=SUCCESS |  
2019-08-23 02:48:32,023 | INFO  | DNAudit | user=null | ip=null | op=WRITE_CHUNK {blockData=conID: 3 locID: 102664012561777239 bcsId: 0} | ret=SUCCESS |  
2019-08-23 02:48:32,023 | INFO  | DNAudit | user=null | ip=null | op=PUT_BLOCK {blockData=[blockId=conID: 3 locID: 102664012561777239 bcsId: 0,size=1048576]} | ret=SUCCESS |  
2019-08-23 02:48:32,023 | INFO  | DNAudit | user=null | ip=null | op=PUT_BLOCK {blockData=[blockId=conID: 3 locID: 102664012561777239 bcsId: 0,size=2097152]} | ret=SUCCESS |  
2019-08-23 02:48:32,023 | INFO  | DNAudit | user=null | ip=null | op=WRITE_CHUNK {blockData=conID: 3 locID: 102664012561777239 bcsId: 0} | ret=SUCCESS |  
2019-08-23 02:48:32,024 | INFO  | DNAudit | user=null | ip=null | op=PUT_BLOCK {blockData=[blockId=conID: 3 locID: 102664012561777239 bcsId: 0,size=2097152]} | ret=SUCCESS |  
2019-08-23 02:48:32,024 [grpc-default-executor-6] INFO  client.GrpcClientProtocolClient (GrpcClientProtocolClient.java:onNext(255)) - client-B268B4322F32->17750241-545b-4219-93a1-14a6ea3d85be: receive RaftClientReply:client-B268B4322F32->17750241-545b-4219-93a1-14a6ea3d85be@group-C33FBD9556F2, cid=2559, SUCCESS, logIndex=0, commits[17750241-545b-4219-93a1-14a6ea3d85be:c3831, 4eaaa090-573e-41d3-9f8c-c99e236d806a:c3827, 5f4cf9ee-4bed-49de-adaa-861aec894328:c3825]
2019-08-23 02:48:32,031 | INFO  | DNAudit | user=null | ip=null | op=WRITE_CHUNK {blockData=conID: 3 locID: 102664012561777239 bcsId: 3827} | ret=SUCCESS |  
2019-08-23 02:48:32,033 | INFO  | DNAudit | user=null | ip=null | op=WRITE_CHUNK {blockData=conID: 3 locID: 102664012561777239 bcsId: 3827} | ret=SUCCESS |  
2019-08-23 02:48:32,033 | INFO  | DNAudit | user=null | ip=null | op=WRITE_CHUNK {blockData=conID: 3 locID: 102664012561777239 bcsId: 3827} | ret=SUCCESS |  
2019-08-23 02:48:32,035 | INFO  | DNAudit | user=null | ip=null | op=WRITE_CHUNK {blockData=conID: 3 locID: 102664012561777239 bcsId: 3827} | ret=SUCCESS |  
2019-08-23 02:48:32,036 | INFO  | DNAudit | user=null | ip=null | op=PUT_BLOCK {blockData=[blockId=conID: 3 locID: 102664012561777239 bcsId: 0,size=3145728]} | ret=SUCCESS |  
2019-08-23 02:48:32,036 [grpc-default-executor-5] INFO  client.GrpcClientProtocolClient (GrpcClientProtocolClient.java:onNext(255)) - client-B268B4322F32->17750241-545b-4219-93a1-14a6ea3d85be: receive RaftClientReply:client-B268B4322F32->17750241-545b-4219-93a1-14a6ea3d85be@group-C33FBD9556F2, cid=2560, SUCCESS, logIndex=3832, commits[17750241-545b-4219-93a1-14a6ea3d85be:c3833, 4eaaa090-573e-41d3-9f8c-c99e236d806a:c3831, 5f4cf9ee-4bed-49de-adaa-861aec894328:c3831]
2019-08-23 02:48:32,036 [grpc-default-executor-5] INFO  client.GrpcClientProtocolClient (GrpcClientProtocolClient.java:onNext(255)) - client-B268B4322F32->17750241-545b-4219-93a1-14a6ea3d85be: receive RaftClientReply:client-B268B4322F32->17750241-545b-4219-93a1-14a6ea3d85be@group-C33FBD9556F2, cid=2561, SUCCESS, logIndex=3833, commits[17750241-545b-4219-93a1-14a6ea3d85be:c3833, 4eaaa090-573e-41d3-9f8c-c99e236d806a:c3831, 5f4cf9ee-4bed-49de-adaa-861aec894328:c3831]
2019-08-23 02:48:32,037 | INFO  | DNAudit | user=null | ip=null | op=WRITE_CHUNK {blockData=conID: 3 locID: 102664012561777239 bcsId: 3827} | ret=SUCCESS |  
2019-08-23 02:48:32,037 | INFO  | DNAudit | user=null | ip=null | op=PUT_BLOCK {blockData=[blockId=conID: 3 locID: 102664012561777239 bcsId: 0,size=3145728]} | ret=SUCCESS |  
2019-08-23 02:48:32,039 | INFO  | DNAudit | user=null | ip=null | op=WRITE_CHUNK {blockData=conID: 3 locID: 102664012561777239 bcsId: 3827} | ret=SUCCESS |  
2019-08-23 02:48:32,039 | INFO  | DNAudit | user=null | ip=null | op=PUT_BLOCK {blockData=[blockId=conID: 3 locID: 102664012561777239 bcsId: 0,size=3145728]} | ret=SUCCESS |  
2019-08-23 02:48:32,043 | INFO  | DNAudit | user=null | ip=null | op=WRITE_CHUNK {blockData=conID: 3 locID: 102664012561777239 bcsId: 3833} | ret=SUCCESS |  
2019-08-23 02:48:32,046 | INFO  | DNAudit | user=null | ip=null | op=WRITE_CHUNK {blockData=conID: 3 locID: 102664012561777239 bcsId: 3833} | ret=SUCCESS |  
2019-08-23 02:48:32,046 | INFO  | DNAudit | user=null | ip=null | op=WRITE_CHUNK {blockData=conID: 3 locID: 102664012561777239 bcsId: 3833} | ret=SUCCESS |  
2019-08-23 02:48:32,054 | INFO  | DNAudit | user=null | ip=null | op=WRITE_CHUNK {blockData=conID: 3 locID: 102664012561777239 bcsId: 3833} | ret=SUCCESS |  
2019-08-23 02:48:32,055 | INFO  | DNAudit | user=null | ip=null | op=PUT_BLOCK {blockData=[blockId=conID: 3 locID: 102664012561777239 bcsId: 0,size=4194304]} | ret=SUCCESS |  
2019-08-23 02:48:32,055 [grpc-default-executor-5] INFO  client.GrpcClientProtocolClient (GrpcClientProtocolClient.java:onNext(255)) - client-B268B4322F32->17750241-545b-4219-93a1-14a6ea3d85be: receive RaftClientReply:client-B268B4322F32->17750241-545b-4219-93a1-14a6ea3d85be@group-C33FBD9556F2, cid=2562, SUCCESS, logIndex=3836, commits[17750241-545b-4219-93a1-14a6ea3d85be:c3837, 4eaaa090-573e-41d3-9f8c-c99e236d806a:c3835, 5f4cf9ee-4bed-49de-adaa-861aec894328:c3835]
2019-08-23 02:48:32,055 [grpc-default-executor-5] INFO  client.GrpcClientProtocolClient (GrpcClientProtocolClient.java:onNext(255)) - client-B268B4322F32->17750241-545b-4219-93a1-14a6ea3d85be: receive RaftClientReply:client-B268B4322F32->17750241-545b-4219-93a1-14a6ea3d85be@group-C33FBD9556F2, cid=2563, SUCCESS, logIndex=3837, commits[17750241-545b-4219-93a1-14a6ea3d85be:c3837, 4eaaa090-573e-41d3-9f8c-c99e236d806a:c3835, 5f4cf9ee-4bed-49de-adaa-861aec894328:c3835]
2019-08-23 02:48:32,064 | INFO  | DNAudit | user=null | ip=null | op=WRITE_CHUNK {blockData=conID: 3 locID: 102664012561777239 bcsId: 3833} | ret=SUCCESS |  
2019-08-23 02:48:32,065 | INFO  | DNAudit | user=null | ip=null | op=WRITE_CHUNK {blockData=conID: 3 locID: 102664012561777239 bcsId: 3833} | ret=SUCCESS |  
2019-08-23 02:48:32,065 | INFO  | DNAudit | user=null | ip=null | op=PUT_BLOCK {blockData=[blockId=conID: 3 locID: 102664012561777239 bcsId: 0,size=4194304]} | ret=SUCCESS |  
2019-08-23 02:48:32,065 | INFO  | DNAudit | user=null | ip=null | op=PUT_BLOCK {blockData=[blockId=conID: 3 locID: 102664012561777239 bcsId: 0,size=4194304]} | ret=SUCCESS |  
2019-08-23 02:48:32,065 [grpc-default-executor-5] INFO  client.GrpcClientProtocolClient (GrpcClientProtocolClient.java:onNext(255)) - client-B268B4322F32->17750241-545b-4219-93a1-14a6ea3d85be: receive RaftClientReply:client-B268B4322F32->17750241-545b-4219-93a1-14a6ea3d85be@group-C33FBD9556F2, cid=2564, SUCCESS, logIndex=0, commits[17750241-545b-4219-93a1-14a6ea3d85be:c3838, 4eaaa090-573e-41d3-9f8c-c99e236d806a:c3837, 5f4cf9ee-4bed-49de-adaa-861aec894328:c3837]
2019-08-23 02:48:32,067 | INFO  | SCMAudit | user=jenkins1000 | ip=192.168.34.22 | op=ALLOCATE_BLOCK {owner=31d65bc3-3f70-45f5-bbc5-e3a15f967ba6, size=4194304, type=RATIS, factor=THREE} | ret=SUCCESS |  
2019-08-23 02:48:32,072 | INFO  | OMAudit | user=jenkins1000 | ip=127.0.0.1 | op=ALLOCATE_BLOCK {volume=vol-0-78052, bucket=bucket-0-33874, key=key-0-20719, dataSize=2147483657, replicationType=RATIS, replicationFactor=THREE, keyLocationInfo=[], clientID=102664010308846034} | ret=SUCCESS |  
2019-08-23 02:48:32,084 | INFO  | DNAudit | user=null | ip=null | op=WRITE_CHUNK {blockData=conID: 1 locID: 102664012566823512 bcsId: 0} | ret=SUCCESS |  
2019-08-23 02:48:32,087 | INFO  | DNAudit | user=null | ip=null | op=WRITE_CHUNK {blockData=conID: 1 locID: 102664012566823512 bcsId: 0} | ret=SUCCESS |  
2019-08-23 02:48:32,088 | INFO  | DNAudit | user=null | ip=null | op=WRITE_CHUNK {blockData=conID: 1 locID: 102664012566823512 bcsId: 0} | ret=SUCCESS |  
2019-08-23 02:48:32,088 | INFO  | DNAudit | user=null | ip=null | op=WRITE_CHUNK {blockData=conID: 1 locID: 102664012566823512 bcsId: 0} | ret=SUCCESS |  
2019-08-23 02:48:32,089 | INFO  | DNAudit | user=null | ip=null | op=WRITE_CHUNK {blockData=conID: 1 locID: 102664012566823512 bcsId: 0} | ret=SUCCESS |  
2019-08-23 02:48:32,089 | INFO  | DNAudit | user=null | ip=null | op=WRITE_CHUNK {blockData=conID: 1 locID: 102664012566823512 bcsId: 0} | ret=SUCCESS |  
2019-08-23 02:48:32,091 | INFO  | DNAudit | user=null | ip=null | op=WRITE_CHUNK {blockData=conID: 1 locID: 102664012566823512 bcsId: 0} | ret=SUCCESS |  
2019-08-23 02:48:32,091 | INFO  | DNAudit | user=null | ip=null | op=PUT_BLOCK {blockData=[blockId=conID: 1 locID: 102664012566823512 bcsId: 0,size=1048576]} | ret=SUCCESS |  
2019-08-23 02:48:32,092 | INFO  | DNAudit | user=null | ip=null | op=WRITE_CHUNK {blockData=conID: 1 locID: 102664012566823512 bcsId: 0} | ret=SUCCESS |  
2019-08-23 02:48:32,092 [grpc-default-executor-5] INFO  client.GrpcClientProtocolClient (GrpcClientProtocolClient.java:onNext(255)) - client-B268B4322F32->17750241-545b-4219-93a1-14a6ea3d85be: receive RaftClientReply:client-B268B4322F32->17750241-545b-4219-93a1-14a6ea3d85be@group-C33FBD9556F2, cid=2565, SUCCESS, logIndex=3840, commits[17750241-545b-4219-93a1-14a6ea3d85be:c3843, 4eaaa090-573e-41d3-9f8c-c99e236d806a:c3837, 5f4cf9ee-4bed-49de-adaa-861aec894328:c3839]
2019-08-23 02:48:32,092 | INFO  | DNAudit | user=null | ip=null | op=PUT_BLOCK {blockData=[blockId=conID: 1 locID: 102664012566823512 bcsId: 0,size=2097152]} | ret=SUCCESS |  
2019-08-23 02:48:32,092 | INFO  | DNAudit | user=null | ip=null | op=WRITE_CHUNK {blockData=conID: 1 locID: 102664012566823512 bcsId: 0} | ret=SUCCESS |  
2019-08-23 02:48:32,092 [grpc-default-executor-5] INFO  client.GrpcClientProtocolClient (GrpcClientProtocolClient.java:onNext(255)) - client-B268B4322F32->17750241-545b-4219-93a1-14a6ea3d85be: receive RaftClientReply:client-B268B4322F32->17750241-545b-4219-93a1-14a6ea3d85be@group-C33FBD9556F2, cid=2566, SUCCESS, logIndex=3841, commits[17750241-545b-4219-93a1-14a6ea3d85be:c3843, 4eaaa090-573e-41d3-9f8c-c99e236d806a:c3839, 5f4cf9ee-4bed-49de-adaa-861aec894328:c3839]
2019-08-23 02:48:32,093 [grpc-default-executor-5] INFO  client.GrpcClientProtocolClient (GrpcClientProtocolClient.java:onNext(255)) - client-B268B4322F32->17750241-545b-4219-93a1-14a6ea3d85be: receive RaftClientReply:client-B268B4322F32->17750241-545b-4219-93a1-14a6ea3d85be@group-C33FBD9556F2, cid=2567, SUCCESS, logIndex=3842, commits[17750241-545b-4219-93a1-14a6ea3d85be:c3843, 4eaaa090-573e-41d3-9f8c-c99e236d806a:c3839, 5f4cf9ee-4bed-49de-adaa-861aec894328:c3839]
2019-08-23 02:48:32,093 [grpc-default-executor-5] INFO  client.GrpcClientProtocolClient (GrpcClientProtocolClient.java:onNext(255)) - client-B268B4322F32->17750241-545b-4219-93a1-14a6ea3d85be: receive RaftClientReply:client-B268B4322F32->17750241-545b-4219-93a1-14a6ea3d85be@group-C33FBD9556F2, cid=2568, SUCCESS, logIndex=3843, commits[17750241-545b-4219-93a1-14a6ea3d85be:c3844, 4eaaa090-573e-41d3-9f8c-c99e236d806a:c3839, 5f4cf9ee-4bed-49de-adaa-861aec894328:c3840]
2019-08-23 02:48:32,094 | INFO  | DNAudit | user=null | ip=null | op=WRITE_CHUNK {blockData=conID: 1 locID: 102664012566823512 bcsId: 0} | ret=SUCCESS |  
2019-08-23 02:48:32,094 | INFO  | DNAudit | user=null | ip=null | op=PUT_BLOCK {blockData=[blockId=conID: 1 locID: 102664012566823512 bcsId: 0,size=1048576]} | ret=SUCCESS |  
2019-08-23 02:48:32,095 | INFO  | DNAudit | user=null | ip=null | op=WRITE_CHUNK {blockData=conID: 1 locID: 102664012566823512 bcsId: 0} | ret=SUCCESS |  
2019-08-23 02:48:32,095 | INFO  | DNAudit | user=null | ip=null | op=PUT_BLOCK {blockData=[blockId=conID: 1 locID: 102664012566823512 bcsId: 0,size=2097152]} | ret=SUCCESS |  
2019-08-23 02:48:32,095 | INFO  | DNAudit | user=null | ip=null | op=PUT_BLOCK {blockData=[blockId=conID: 1 locID: 102664012566823512 bcsId: 0,size=1048576]} | ret=SUCCESS |  
2019-08-23 02:48:32,096 | INFO  | DNAudit | user=null | ip=null | op=WRITE_CHUNK {blockData=conID: 1 locID: 102664012566823512 bcsId: 0} | ret=SUCCESS |  
2019-08-23 02:48:32,096 [grpc-default-executor-5] INFO  client.GrpcClientProtocolClient (GrpcClientProtocolClient.java:onNext(255)) - client-B268B4322F32->17750241-545b-4219-93a1-14a6ea3d85be: receive RaftClientReply:client-B268B4322F32->17750241-545b-4219-93a1-14a6ea3d85be@group-C33FBD9556F2, cid=2569, SUCCESS, logIndex=0, commits[17750241-545b-4219-93a1-14a6ea3d85be:c3847, 4eaaa090-573e-41d3-9f8c-c99e236d806a:c3843, 5f4cf9ee-4bed-49de-adaa-861aec894328:c3841]
2019-08-23 02:48:32,096 | INFO  | DNAudit | user=null | ip=null | op=PUT_BLOCK {blockData=[blockId=conID: 1 locID: 102664012566823512 bcsId: 0,size=2097152]} | ret=SUCCESS |  
2019-08-23 02:48:32,103 | INFO  | DNAudit | user=null | ip=null | op=WRITE_CHUNK {blockData=conID: 1 locID: 102664012566823512 bcsId: 3843} | ret=SUCCESS |  
2019-08-23 02:48:32,105 | INFO  | DNAudit | user=null | ip=null | op=WRITE_CHUNK {blockData=conID: 1 locID: 102664012566823512 bcsId: 3843} | ret=SUCCESS |  
2019-08-23 02:48:32,105 | INFO  | DNAudit | user=null | ip=null | op=WRITE_CHUNK {blockData=conID: 1 locID: 102664012566823512 bcsId: 3843} | ret=SUCCESS |  
2019-08-23 02:48:32,107 | INFO  | DNAudit | user=null | ip=null | op=WRITE_CHUNK {blockData=conID: 1 locID: 102664012566823512 bcsId: 3843} | ret=SUCCESS |  
2019-08-23 02:48:32,107 | INFO  | DNAudit | user=null | ip=null | op=PUT_BLOCK {blockData=[blockId=conID: 1 locID: 102664012566823512 bcsId: 0,size=3145728]} | ret=SUCCESS |  
2019-08-23 02:48:32,108 [grpc-default-executor-1] INFO  client.GrpcClientProtocolClient (GrpcClientProtocolClient.java:onNext(255)) - client-B268B4322F32->17750241-545b-4219-93a1-14a6ea3d85be: receive RaftClientReply:client-B268B4322F32->17750241-545b-4219-93a1-14a6ea3d85be@group-C33FBD9556F2, cid=2570, SUCCESS, logIndex=3848, commits[17750241-545b-4219-93a1-14a6ea3d85be:c3849, 4eaaa090-573e-41d3-9f8c-c99e236d806a:c3843, 5f4cf9ee-4bed-49de-adaa-861aec894328:c3847]
2019-08-23 02:48:32,108 [grpc-default-executor-1] INFO  client.GrpcClientProtocolClient (GrpcClientProtocolClient.java:onNext(255)) - client-B268B4322F32->17750241-545b-4219-93a1-14a6ea3d85be: receive RaftClientReply:client-B268B4322F32->17750241-545b-4219-93a1-14a6ea3d85be@group-C33FBD9556F2, cid=2571, SUCCESS, logIndex=3849, commits[17750241-545b-4219-93a1-14a6ea3d85be:c3849, 4eaaa090-573e-41d3-9f8c-c99e236d806a:c3843, 5f4cf9ee-4bed-49de-adaa-861aec894328:c3847]
2019-08-23 02:48:32,110 | INFO  | DNAudit | user=null | ip=null | op=WRITE_CHUNK {blockData=conID: 1 locID: 102664012566823512 bcsId: 3843} | ret=SUCCESS |  
2019-08-23 02:48:32,111 | INFO  | DNAudit | user=null | ip=null | op=WRITE_CHUNK {blockData=conID: 1 locID: 102664012566823512 bcsId: 3843} | ret=SUCCESS |  
2019-08-23 02:48:32,111 | INFO  | DNAudit | user=null | ip=null | op=PUT_BLOCK {blockData=[blockId=conID: 1 locID: 102664012566823512 bcsId: 0,size=3145728]} | ret=SUCCESS |  
2019-08-23 02:48:32,111 | INFO  | DNAudit | user=null | ip=null | op=PUT_BLOCK {blockData=[blockId=conID: 1 locID: 102664012566823512 bcsId: 0,size=3145728]} | ret=SUCCESS |  
2019-08-23 02:48:32,115 | INFO  | DNAudit | user=null | ip=null | op=WRITE_CHUNK {blockData=conID: 1 locID: 102664012566823512 bcsId: 3849} | ret=SUCCESS |  
2019-08-23 02:48:32,117 | INFO  | DNAudit | user=null | ip=null | op=WRITE_CHUNK {blockData=conID: 1 locID: 102664012566823512 bcsId: 3849} | ret=SUCCESS |  
2019-08-23 02:48:32,117 | INFO  | DNAudit | user=null | ip=null | op=WRITE_CHUNK {blockData=conID: 1 locID: 102664012566823512 bcsId: 3849} | ret=SUCCESS |  
2019-08-23 02:48:32,119 | INFO  | DNAudit | user=null | ip=null | op=WRITE_CHUNK {blockData=conID: 1 locID: 102664012566823512 bcsId: 3849} | ret=SUCCESS |  
2019-08-23 02:48:32,120 | INFO  | DNAudit | user=null | ip=null | op=PUT_BLOCK {blockData=[blockId=conID: 1 locID: 102664012566823512 bcsId: 0,size=4194304]} | ret=SUCCESS |  
2019-08-23 02:48:32,120 [grpc-default-executor-5] INFO  client.GrpcClientProtocolClient (GrpcClientProtocolClient.java:onNext(255)) - client-B268B4322F32->17750241-545b-4219-93a1-14a6ea3d85be: receive RaftClientReply:client-B268B4322F32->17750241-545b-4219-93a1-14a6ea3d85be@group-C33FBD9556F2, cid=2572, SUCCESS, logIndex=3852, commits[17750241-545b-4219-93a1-14a6ea3d85be:c3853, 4eaaa090-573e-41d3-9f8c-c99e236d806a:c3851, 5f4cf9ee-4bed-49de-adaa-861aec894328:c3849]
2019-08-23 02:48:32,120 [grpc-default-executor-5] INFO  client.GrpcClientProtocolClient (GrpcClientProtocolClient.java:onNext(255)) - client-B268B4322F32->17750241-545b-4219-93a1-14a6ea3d85be: receive RaftClientReply:client-B268B4322F32->17750241-545b-4219-93a1-14a6ea3d85be@group-C33FBD9556F2, cid=2573, SUCCESS, logIndex=3853, commits[17750241-545b-4219-93a1-14a6ea3d85be:c3853, 4eaaa090-573e-41d3-9f8c-c99e236d806a:c3851, 5f4cf9ee-4bed-49de-adaa-861aec894328:c3851]
2019-08-23 02:48:32,122 | INFO  | DNAudit | user=null | ip=null | op=WRITE_CHUNK {blockData=conID: 1 locID: 102664012566823512 bcsId: 3849} | ret=SUCCESS |  
2019-08-23 02:48:32,122 | INFO  | DNAudit | user=null | ip=null | op=WRITE_CHUNK {blockData=conID: 1 locID: 102664012566823512 bcsId: 3849} | ret=SUCCESS |  
2019-08-23 02:48:32,123 | INFO  | DNAudit | user=null | ip=null | op=PUT_BLOCK {blockData=[blockId=conID: 1 locID: 102664012566823512 bcsId: 0,size=4194304]} | ret=SUCCESS |  
2019-08-23 02:48:32,123 | INFO  | DNAudit | user=null | ip=null | op=PUT_BLOCK {blockData=[blockId=conID: 1 locID: 102664012566823512 bcsId: 0,size=4194304]} | ret=SUCCESS |  
2019-08-23 02:48:32,123 [grpc-default-executor-5] INFO  client.GrpcClientProtocolClient (GrpcClientProtocolClient.java:onNext(255)) - client-B268B4322F32->17750241-545b-4219-93a1-14a6ea3d85be: receive RaftClientReply:client-B268B4322F32->17750241-545b-4219-93a1-14a6ea3d85be@group-C33FBD9556F2, cid=2574, SUCCESS, logIndex=0, commits[17750241-545b-4219-93a1-14a6ea3d85be:c3854, 4eaaa090-573e-41d3-9f8c-c99e236d806a:c3853, 5f4cf9ee-4bed-49de-adaa-861aec894328:c3853]
2019-08-23 02:48:32,125 | INFO  | SCMAudit | user=jenkins1000 | ip=192.168.34.22 | op=ALLOCATE_BLOCK {owner=31d65bc3-3f70-45f5-bbc5-e3a15f967ba6, size=4194304, type=RATIS, factor=THREE} | ret=SUCCESS |  
2019-08-23 02:48:32,130 | INFO  | OMAudit | user=jenkins1000 | ip=127.0.0.1 | op=ALLOCATE_BLOCK {volume=vol-0-78052, bucket=bucket-0-33874, key=key-0-20719, dataSize=2147483657, replicationType=RATIS, replicationFactor=THREE, keyLocationInfo=[], clientID=102664010308846034} | ret=SUCCESS |  
2019-08-23 02:48:32,141 | INFO  | DNAudit | user=null | ip=null | op=WRITE_CHUNK {blockData=conID: 2 locID: 102664012570624601 bcsId: 0} | ret=SUCCESS |  
2019-08-23 02:48:32,143 | INFO  | DNAudit | user=null | ip=null | op=WRITE_CHUNK {blockData=conID: 2 locID: 102664012570624601 bcsId: 0} | ret=SUCCESS |  
2019-08-23 02:48:32,144 | INFO  | DNAudit | user=null | ip=null | op=WRITE_CHUNK {blockData=conID: 2 locID: 102664012570624601 bcsId: 0} | ret=SUCCESS |  
2019-08-23 02:48:32,144 | INFO  | DNAudit | user=null | ip=null | op=WRITE_CHUNK {blockData=conID: 2 locID: 102664012570624601 bcsId: 0} | ret=SUCCESS |  
2019-08-23 02:48:32,146 | INFO  | DNAudit | user=null | ip=null | op=WRITE_CHUNK {blockData=conID: 2 locID: 102664012570624601 bcsId: 0} | ret=SUCCESS |  
2019-08-23 02:48:32,146 | INFO  | DNAudit | user=null | ip=null | op=WRITE_CHUNK {blockData=conID: 2 locID: 102664012570624601 bcsId: 0} | ret=SUCCESS |  
2019-08-23 02:48:32,152 | INFO  | DNAudit | user=null | ip=null | op=WRITE_CHUNK {blockData=conID: 2 locID: 102664012570624601 bcsId: 0} | ret=SUCCESS |  
2019-08-23 02:48:32,153 | INFO  | DNAudit | user=null | ip=null | op=PUT_BLOCK {blockData=[blockId=conID: 2 locID: 102664012570624601 bcsId: 0,size=1048576]} | ret=SUCCESS |  
2019-08-23 02:48:32,153 [grpc-default-executor-5] INFO  client.GrpcClientProtocolClient (GrpcClientProtocolClient.java:onNext(255)) - client-B268B4322F32->17750241-545b-4219-93a1-14a6ea3d85be: receive RaftClientReply:client-B268B4322F32->17750241-545b-4219-93a1-14a6ea3d85be@group-C33FBD9556F2, cid=2575, SUCCESS, logIndex=3856, commits[17750241-545b-4219-93a1-14a6ea3d85be:c3858, 4eaaa090-573e-41d3-9f8c-c99e236d806a:c3855, 5f4cf9ee-4bed-49de-adaa-861aec894328:c3855]
2019-08-23 02:48:32,153 | INFO  | DNAudit | user=null | ip=null | op=WRITE_CHUNK {blockData=conID: 2 locID: 102664012570624601 bcsId: 0} | ret=SUCCESS |  
2019-08-23 02:48:32,153 | INFO  | DNAudit | user=null | ip=null | op=PUT_BLOCK {blockData=[blockId=conID: 2 locID: 102664012570624601 bcsId: 0,size=2097152]} | ret=SUCCESS |  
2019-08-23 02:48:32,154 [grpc-default-executor-5] INFO  client.GrpcClientProtocolClient (GrpcClientProtocolClient.java:onNext(255)) - client-B268B4322F32->17750241-545b-4219-93a1-14a6ea3d85be: receive RaftClientReply:client-B268B4322F32->17750241-545b-4219-93a1-14a6ea3d85be@group-C33FBD9556F2, cid=2576, SUCCESS, logIndex=3857, commits[17750241-545b-4219-93a1-14a6ea3d85be:c3859, 4eaaa090-573e-41d3-9f8c-c99e236d806a:c3855, 5f4cf9ee-4bed-49de-adaa-861aec894328:c3855]
2019-08-23 02:48:32,154 [grpc-default-executor-5] INFO  client.GrpcClientProtocolClient (GrpcClientProtocolClient.java:onNext(255)) - client-B268B4322F32->17750241-545b-4219-93a1-14a6ea3d85be: receive RaftClientReply:client-B268B4322F32->17750241-545b-4219-93a1-14a6ea3d85be@group-C33FBD9556F2, cid=2577, SUCCESS, logIndex=3858, commits[17750241-545b-4219-93a1-14a6ea3d85be:c3859, 4eaaa090-573e-41d3-9f8c-c99e236d806a:c3855, 5f4cf9ee-4bed-49de-adaa-861aec894328:c3855]
2019-08-23 02:48:32,154 [grpc-default-executor-5] INFO  client.GrpcClientProtocolClient (GrpcClientProtocolClient.java:onNext(255)) - client-B268B4322F32->17750241-545b-4219-93a1-14a6ea3d85be: receive RaftClientReply:client-B268B4322F32->17750241-545b-4219-93a1-14a6ea3d85be@group-C33FBD9556F2, cid=2578, SUCCESS, logIndex=3859, commits[17750241-545b-4219-93a1-14a6ea3d85be:c3859, 4eaaa090-573e-41d3-9f8c-c99e236d806a:c3855, 5f4cf9ee-4bed-49de-adaa-861aec894328:c3855]
2019-08-23 02:48:32,154 | INFO  | DNAudit | user=null | ip=null | op=WRITE_CHUNK {blockData=conID: 2 locID: 102664012570624601 bcsId: 0} | ret=SUCCESS |  
2019-08-23 02:48:32,154 | INFO  | DNAudit | user=null | ip=null | op=WRITE_CHUNK {blockData=conID: 2 locID: 102664012570624601 bcsId: 0} | ret=SUCCESS |  
2019-08-23 02:48:32,155 | INFO  | DNAudit | user=null | ip=null | op=PUT_BLOCK {blockData=[blockId=conID: 2 locID: 102664012570624601 bcsId: 0,size=1048576]} | ret=SUCCESS |  
2019-08-23 02:48:32,155 | INFO  | DNAudit | user=null | ip=null | op=WRITE_CHUNK {blockData=conID: 2 locID: 102664012570624601 bcsId: 0} | ret=SUCCESS |  
2019-08-23 02:48:32,155 | INFO  | DNAudit | user=null | ip=null | op=PUT_BLOCK {blockData=[blockId=conID: 2 locID: 102664012570624601 bcsId: 0,size=1048576]} | ret=SUCCESS |  
2019-08-23 02:48:32,155 | INFO  | DNAudit | user=null | ip=null | op=WRITE_CHUNK {blockData=conID: 2 locID: 102664012570624601 bcsId: 0} | ret=SUCCESS |  
2019-08-23 02:48:32,156 | INFO  | DNAudit | user=null | ip=null | op=PUT_BLOCK {blockData=[blockId=conID: 2 locID: 102664012570624601 bcsId: 0,size=2097152]} | ret=SUCCESS |  
2019-08-23 02:48:32,156 [grpc-default-executor-1] INFO  client.GrpcClientProtocolClient (GrpcClientProtocolClient.java:onNext(255)) - client-B268B4322F32->17750241-545b-4219-93a1-14a6ea3d85be: receive RaftClientReply:client-B268B4322F32->17750241-545b-4219-93a1-14a6ea3d85be@group-C33FBD9556F2, cid=2579, SUCCESS, logIndex=0, commits[17750241-545b-4219-93a1-14a6ea3d85be:c3862, 4eaaa090-573e-41d3-9f8c-c99e236d806a:c3858, 5f4cf9ee-4bed-49de-adaa-861aec894328:c3857]
2019-08-23 02:48:32,156 | INFO  | DNAudit | user=null | ip=null | op=PUT_BLOCK {blockData=[blockId=conID: 2 locID: 102664012570624601 bcsId: 0,size=2097152]} | ret=SUCCESS |  
2019-08-23 02:48:32,161 | INFO  | DNAudit | user=null | ip=null | op=WRITE_CHUNK {blockData=conID: 2 locID: 102664012570624601 bcsId: 3859} | ret=SUCCESS |  
2019-08-23 02:48:32,164 | INFO  | DNAudit | user=null | ip=null | op=WRITE_CHUNK {blockData=conID: 2 locID: 102664012570624601 bcsId: 3859} | ret=SUCCESS |  
2019-08-23 02:48:32,164 | INFO  | DNAudit | user=null | ip=null | op=WRITE_CHUNK {blockData=conID: 2 locID: 102664012570624601 bcsId: 3859} | ret=SUCCESS |  
2019-08-23 02:48:32,188 | INFO  | DNAudit | user=null | ip=null | op=WRITE_CHUNK {blockData=conID: 2 locID: 102664012570624601 bcsId: 3859} | ret=SUCCESS |  
2019-08-23 02:48:32,188 | INFO  | DNAudit | user=null | ip=null | op=PUT_BLOCK {blockData=[blockId=conID: 2 locID: 102664012570624601 bcsId: 0,size=3145728]} | ret=SUCCESS |  
2019-08-23 02:48:32,189 [grpc-default-executor-6] INFO  client.GrpcClientProtocolClient (GrpcClientProtocolClient.java:onNext(255)) - client-B268B4322F32->17750241-545b-4219-93a1-14a6ea3d85be: receive RaftClientReply:client-B268B4322F32->17750241-545b-4219-93a1-14a6ea3d85be@group-C33FBD9556F2, cid=2580, SUCCESS, logIndex=3864, commits[17750241-545b-4219-93a1-14a6ea3d85be:c3865, 4eaaa090-573e-41d3-9f8c-c99e236d806a:c3863, 5f4cf9ee-4bed-49de-adaa-861aec894328:c3863]
2019-08-23 02:48:32,189 [grpc-default-executor-6] INFO  client.GrpcClientProtocolClient (GrpcClientProtocolClient.java:onNext(255)) - client-B268B4322F32->17750241-545b-4219-93a1-14a6ea3d85be: receive RaftClientReply:client-B268B4322F32->17750241-545b-4219-93a1-14a6ea3d85be@group-C33FBD9556F2, cid=2581, SUCCESS, logIndex=3865, commits[17750241-545b-4219-93a1-14a6ea3d85be:c3865, 4eaaa090-573e-41d3-9f8c-c99e236d806a:c3863, 5f4cf9ee-4bed-49de-adaa-861aec894328:c3863]
2019-08-23 02:48:32,191 | INFO  | DNAudit | user=null | ip=null | op=WRITE_CHUNK {blockData=conID: 2 locID: 102664012570624601 bcsId: 3859} | ret=SUCCESS |  
2019-08-23 02:48:32,191 | INFO  | DNAudit | user=null | ip=null | op=WRITE_CHUNK {blockData=conID: 2 locID: 102664012570624601 bcsId: 3859} | ret=SUCCESS |  
2019-08-23 02:48:32,191 | INFO  | DNAudit | user=null | ip=null | op=PUT_BLOCK {blockData=[blockId=conID: 2 locID: 102664012570624601 bcsId: 0,size=3145728]} | ret=SUCCESS |  
2019-08-23 02:48:32,191 | INFO  | DNAudit | user=null | ip=null | op=PUT_BLOCK {blockData=[blockId=conID: 2 locID: 102664012570624601 bcsId: 0,size=3145728]} | ret=SUCCESS |  
2019-08-23 02:48:32,197 | INFO  | DNAudit | user=null | ip=null | op=WRITE_CHUNK {blockData=conID: 2 locID: 102664012570624601 bcsId: 3865} | ret=SUCCESS |  
2019-08-23 02:48:32,199 | INFO  | DNAudit | user=null | ip=null | op=WRITE_CHUNK {blockData=conID: 2 locID: 102664012570624601 bcsId: 3865} | ret=SUCCESS |  
2019-08-23 02:48:32,199 | INFO  | DNAudit | user=null | ip=null | op=WRITE_CHUNK {blockData=conID: 2 locID: 102664012570624601 bcsId: 3865} | ret=SUCCESS |  
2019-08-23 02:48:32,205 | INFO  | DNAudit | user=null | ip=null | op=WRITE_CHUNK {blockData=conID: 2 locID: 102664012570624601 bcsId: 3865} | ret=SUCCESS |  
2019-08-23 02:48:32,206 | INFO  | DNAudit | user=null | ip=null | op=PUT_BLOCK {blockData=[blockId=conID: 2 locID: 102664012570624601 bcsId: 0,size=4194304]} | ret=SUCCESS |  
2019-08-23 02:48:32,206 [grpc-default-executor-1] INFO  client.GrpcClientProtocolClient (GrpcClientProtocolClient.java:onNext(255)) - client-B268B4322F32->17750241-545b-4219-93a1-14a6ea3d85be: receive RaftClientReply:client-B268B4322F32->17750241-545b-4219-93a1-14a6ea3d85be@group-C33FBD9556F2, cid=2582, SUCCESS, logIndex=3868, commits[17750241-545b-4219-93a1-14a6ea3d85be:c3869, 4eaaa090-573e-41d3-9f8c-c99e236d806a:c3866, 5f4cf9ee-4bed-49de-adaa-861aec894328:c3866]
2019-08-23 02:48:32,206 [grpc-default-executor-1] INFO  client.GrpcClientProtocolClient (GrpcClientProtocolClient.java:onNext(255)) - client-B268B4322F32->17750241-545b-4219-93a1-14a6ea3d85be: receive RaftClientReply:client-B268B4322F32->17750241-545b-4219-93a1-14a6ea3d85be@group-C33FBD9556F2, cid=2583, SUCCESS, logIndex=3869, commits[17750241-545b-4219-93a1-14a6ea3d85be:c3869, 4eaaa090-573e-41d3-9f8c-c99e236d806a:c3866, 5f4cf9ee-4bed-49de-adaa-861aec894328:c3866]
2019-08-23 02:48:32,217 | INFO  | DNAudit | user=null | ip=null | op=WRITE_CHUNK {blockData=conID: 2 locID: 102664012570624601 bcsId: 3865} | ret=SUCCESS |  
2019-08-23 02:48:32,217 | INFO  | DNAudit | user=null | ip=null | op=WRITE_CHUNK {blockData=conID: 2 locID: 102664012570624601 bcsId: 3865} | ret=SUCCESS |  
2019-08-23 02:48:32,217 | INFO  | DNAudit | user=null | ip=null | op=PUT_BLOCK {blockData=[blockId=conID: 2 locID: 102664012570624601 bcsId: 0,size=4194304]} | ret=SUCCESS |  
2019-08-23 02:48:32,219 | INFO  | DNAudit | user=null | ip=null | op=PUT_BLOCK {blockData=[blockId=conID: 2 locID: 102664012570624601 bcsId: 0,size=4194304]} | ret=SUCCESS |  
2019-08-23 02:48:32,220 [grpc-default-executor-6] INFO  client.GrpcClientProtocolClient (GrpcClientProtocolClient.java:onNext(255)) - client-B268B4322F32->17750241-545b-4219-93a1-14a6ea3d85be: receive RaftClientReply:client-B268B4322F32->17750241-545b-4219-93a1-14a6ea3d85be@group-C33FBD9556F2, cid=2584, SUCCESS, logIndex=0, commits[17750241-545b-4219-93a1-14a6ea3d85be:c3870, 4eaaa090-573e-41d3-9f8c-c99e236d806a:c3869, 5f4cf9ee-4bed-49de-adaa-861aec894328:c3869]
2019-08-23 02:48:32,222 | INFO  | SCMAudit | user=jenkins1000 | ip=192.168.34.22 | op=ALLOCATE_BLOCK {owner=31d65bc3-3f70-45f5-bbc5-e3a15f967ba6, size=4194304, type=RATIS, factor=THREE} | ret=SUCCESS |  
2019-08-23 02:48:32,225 | INFO  | OMAudit | user=jenkins1000 | ip=127.0.0.1 | op=ALLOCATE_BLOCK {volume=vol-0-78052, bucket=bucket-0-33874, key=key-0-20719, dataSize=2147483657, replicationType=RATIS, replicationFactor=THREE, keyLocationInfo=[], clientID=102664010308846034} | ret=SUCCESS |  
 0.00% |█                                                                                                    |  0/1 Time: 0:00:342019-08-23 02:48:32,349 | INFO  | SCMAudit | user=jenkins1000 | ip=192.168.34.22 | op=SEND_HEARTBEAT {datanodeUUID=0cedf437-a8af-4d70-bac5-ea9863093e86, command=[]} | ret=SUCCESS |  
2019-08-23 02:48:32,349 | INFO  | SCMAudit | user=jenkins1000 | ip=192.168.34.22 | op=SEND_HEARTBEAT {datanodeUUID=66ab6a68-e61f-4535-ab2f-12fe560929ed, command=[]} | ret=SUCCESS |  
2019-08-23 02:48:32,354 | INFO  | DNAudit | user=null | ip=null | op=WRITE_CHUNK {blockData=conID: 3 locID: 102664012576981594 bcsId: 0} | ret=SUCCESS |  
2019-08-23 02:48:32,358 | INFO  | DNAudit | user=null | ip=null | op=WRITE_CHUNK {blockData=conID: 3 locID: 102664012576981594 bcsId: 0} | ret=SUCCESS |  
2019-08-23 02:48:32,359 | INFO  | DNAudit | user=null | ip=null | op=WRITE_CHUNK {blockData=conID: 3 locID: 102664012576981594 bcsId: 0} | ret=SUCCESS |  
2019-08-23 02:48:32,359 | INFO  | DNAudit | user=null | ip=null | op=WRITE_CHUNK {blockData=conID: 3 locID: 102664012576981594 bcsId: 0} | ret=SUCCESS |  
2019-08-23 02:48:32,361 | INFO  | DNAudit | user=null | ip=null | op=WRITE_CHUNK {blockData=conID: 3 locID: 102664012576981594 bcsId: 0} | ret=SUCCESS |  
2019-08-23 02:48:32,362 | INFO  | DNAudit | user=null | ip=null | op=WRITE_CHUNK {blockData=conID: 3 locID: 102664012576981594 bcsId: 0} | ret=SUCCESS |  
2019-08-23 02:48:32,367 | INFO  | DNAudit | user=null | ip=null | op=WRITE_CHUNK {blockData=conID: 3 locID: 102664012576981594 bcsId: 0} | ret=SUCCESS |  
2019-08-23 02:48:32,367 | INFO  | DNAudit | user=null | ip=null | op=PUT_BLOCK {blockData=[blockId=conID: 3 locID: 102664012576981594 bcsId: 0,size=1048576]} | ret=SUCCESS |  
2019-08-23 02:48:32,368 [grpc-default-executor-2] INFO  client.GrpcClientProtocolClient (GrpcClientProtocolClient.java:onNext(255)) - client-B268B4322F32->17750241-545b-4219-93a1-14a6ea3d85be: receive RaftClientReply:client-B268B4322F32->17750241-545b-4219-93a1-14a6ea3d85be@group-C33FBD9556F2, cid=2585, SUCCESS, logIndex=3872, commits[17750241-545b-4219-93a1-14a6ea3d85be:c3873, 4eaaa090-573e-41d3-9f8c-c99e236d806a:c3871, 5f4cf9ee-4bed-49de-adaa-861aec894328:c3871]
2019-08-23 02:48:32,368 | INFO  | DNAudit | user=null | ip=null | op=WRITE_CHUNK {blockData=conID: 3 locID: 102664012576981594 bcsId: 0} | ret=SUCCESS |  
2019-08-23 02:48:32,368 | INFO  | DNAudit | user=null | ip=null | op=WRITE_CHUNK {blockData=conID: 3 locID: 102664012576981594 bcsId: 0} | ret=SUCCESS |  
2019-08-23 02:48:32,368 | INFO  | DNAudit | user=null | ip=null | op=WRITE_CHUNK {blockData=conID: 3 locID: 102664012576981594 bcsId: 0} | ret=SUCCESS |  
2019-08-23 02:48:32,369 | INFO  | DNAudit | user=null | ip=null | op=PUT_BLOCK {blockData=[blockId=conID: 3 locID: 102664012576981594 bcsId: 0,size=2097152]} | ret=SUCCESS |  
2019-08-23 02:48:32,369 [grpc-default-executor-2] INFO  client.GrpcClientProtocolClient (GrpcClientProtocolClient.java:onNext(255)) - client-B268B4322F32->17750241-545b-4219-93a1-14a6ea3d85be: receive RaftClientReply:client-B268B4322F32->17750241-545b-4219-93a1-14a6ea3d85be@group-C33FBD9556F2, cid=2586, SUCCESS, logIndex=3873, commits[17750241-545b-4219-93a1-14a6ea3d85be:c3875, 4eaaa090-573e-41d3-9f8c-c99e236d806a:c3871, 5f4cf9ee-4bed-49de-adaa-861aec894328:c3871]
2019-08-23 02:48:32,369 | INFO  | DNAudit | user=null | ip=null | op=PUT_BLOCK {blockData=[blockId=conID: 3 locID: 102664012576981594 bcsId: 0,size=1048576]} | ret=SUCCESS |  
2019-08-23 02:48:32,369 [grpc-default-executor-2] INFO  client.GrpcClientProtocolClient (GrpcClientProtocolClient.java:onNext(255)) - client-B268B4322F32->17750241-545b-4219-93a1-14a6ea3d85be: receive RaftClientReply:client-B268B4322F32->17750241-545b-4219-93a1-14a6ea3d85be@group-C33FBD9556F2, cid=2587, SUCCESS, logIndex=3874, commits[17750241-545b-4219-93a1-14a6ea3d85be:c3875, 4eaaa090-573e-41d3-9f8c-c99e236d806a:c3871, 5f4cf9ee-4bed-49de-adaa-861aec894328:c3872]
2019-08-23 02:48:32,369 | INFO  | DNAudit | user=null | ip=null | op=PUT_BLOCK {blockData=[blockId=conID: 3 locID: 102664012576981594 bcsId: 0,size=1048576]} | ret=SUCCESS |  
2019-08-23 02:48:32,369 [grpc-default-executor-2] INFO  client.GrpcClientProtocolClient (GrpcClientProtocolClient.java:onNext(255)) - client-B268B4322F32->17750241-545b-4219-93a1-14a6ea3d85be: receive RaftClientReply:client-B268B4322F32->17750241-545b-4219-93a1-14a6ea3d85be@group-C33FBD9556F2, cid=2588, SUCCESS, logIndex=3875, commits[17750241-545b-4219-93a1-14a6ea3d85be:c3877, 4eaaa090-573e-41d3-9f8c-c99e236d806a:c3873, 5f4cf9ee-4bed-49de-adaa-861aec894328:c3872]
2019-08-23 02:48:32,370 [grpc-default-executor-2] INFO  client.GrpcClientProtocolClient (GrpcClientProtocolClient.java:onNext(255)) - client-B268B4322F32->17750241-545b-4219-93a1-14a6ea3d85be: receive RaftClientReply:client-B268B4322F32->17750241-545b-4219-93a1-14a6ea3d85be@group-C33FBD9556F2, cid=2589, SUCCESS, logIndex=0, commits[17750241-545b-4219-93a1-14a6ea3d85be:c3877, 4eaaa090-573e-41d3-9f8c-c99e236d806a:c3873, 5f4cf9ee-4bed-49de-adaa-861aec894328:c3873]
2019-08-23 02:48:32,371 | INFO  | DNAudit | user=null | ip=null | op=WRITE_CHUNK {blockData=conID: 3 locID: 102664012576981594 bcsId: 0} | ret=SUCCESS |  
2019-08-23 02:48:32,372 | INFO  | DNAudit | user=null | ip=null | op=PUT_BLOCK {blockData=[blockId=conID: 3 locID: 102664012576981594 bcsId: 0,size=2097152]} | ret=SUCCESS |  
2019-08-23 02:48:32,376 | INFO  | SCMAudit | user=jenkins1000 | ip=192.168.34.22 | op=SEND_HEARTBEAT {datanodeUUID=4eaaa090-573e-41d3-9f8c-c99e236d806a, command=[]} | ret=SUCCESS |  
2019-08-23 02:48:32,377 | INFO  | SCMAudit | user=jenkins1000 | ip=192.168.34.22 | op=SEND_HEARTBEAT {datanodeUUID=5f4cf9ee-4bed-49de-adaa-861aec894328, command=[]} | ret=SUCCESS |  
2019-08-23 02:48:32,377 | INFO  | SCMAudit | user=jenkins1000 | ip=192.168.34.22 | op=SEND_HEARTBEAT {datanodeUUID=17750241-545b-4219-93a1-14a6ea3d85be, command=[]} | ret=SUCCESS |  
2019-08-23 02:48:32,380 | INFO  | DNAudit | user=null | ip=null | op=WRITE_CHUNK {blockData=conID: 3 locID: 102664012576981594 bcsId: 3875} | ret=SUCCESS |  
2019-08-23 02:48:32,382 | INFO  | DNAudit | user=null | ip=null | op=WRITE_CHUNK {blockData=conID: 3 locID: 102664012576981594 bcsId: 3875} | ret=SUCCESS |  
2019-08-23 02:48:32,382 | INFO  | DNAudit | user=null | ip=null | op=WRITE_CHUNK {blockData=conID: 3 locID: 102664012576981594 bcsId: 3875} | ret=SUCCESS |  
2019-08-23 02:48:32,382 | INFO  | DNAudit | user=null | ip=null | op=WRITE_CHUNK {blockData=conID: 3 locID: 102664012576981594 bcsId: 0} | ret=SUCCESS |  
2019-08-23 02:48:32,383 | INFO  | DNAudit | user=null | ip=null | op=PUT_BLOCK {blockData=[blockId=conID: 3 locID: 102664012576981594 bcsId: 0,size=2097152]} | ret=SUCCESS |  
2019-08-23 02:48:32,384 | INFO  | DNAudit | user=null | ip=null | op=WRITE_CHUNK {blockData=conID: 3 locID: 102664012576981594 bcsId: 3875} | ret=SUCCESS |  
2019-08-23 02:48:32,385 | INFO  | DNAudit | user=null | ip=null | op=PUT_BLOCK {blockData=[blockId=conID: 3 locID: 102664012576981594 bcsId: 0,size=3145728]} | ret=SUCCESS |  
2019-08-23 02:48:32,385 [grpc-default-executor-2] INFO  client.GrpcClientProtocolClient (GrpcClientProtocolClient.java:onNext(255)) - client-B268B4322F32->17750241-545b-4219-93a1-14a6ea3d85be: receive RaftClientReply:client-B268B4322F32->17750241-545b-4219-93a1-14a6ea3d85be@group-C33FBD9556F2, cid=2590, SUCCESS, logIndex=3880, commits[17750241-545b-4219-93a1-14a6ea3d85be:c3881, 4eaaa090-573e-41d3-9f8c-c99e236d806a:c3879, 5f4cf9ee-4bed-49de-adaa-861aec894328:c3879]
2019-08-23 02:48:32,385 [grpc-default-executor-2] INFO  client.GrpcClientProtocolClient (GrpcClientProtocolClient.java:onNext(255)) - client-B268B4322F32->17750241-545b-4219-93a1-14a6ea3d85be: receive RaftClientReply:client-B268B4322F32->17750241-545b-4219-93a1-14a6ea3d85be@group-C33FBD9556F2, cid=2591, SUCCESS, logIndex=3881, commits[17750241-545b-4219-93a1-14a6ea3d85be:c3881, 4eaaa090-573e-41d3-9f8c-c99e236d806a:c3879, 5f4cf9ee-4bed-49de-adaa-861aec894328:c3879]
2019-08-23 02:48:32,385 | INFO  | DNAudit | user=null | ip=null | op=WRITE_CHUNK {blockData=conID: 3 locID: 102664012576981594 bcsId: 3875} | ret=SUCCESS |  
2019-08-23 02:48:32,386 | INFO  | DNAudit | user=null | ip=null | op=PUT_BLOCK {blockData=[blockId=conID: 3 locID: 102664012576981594 bcsId: 0,size=3145728]} | ret=SUCCESS |  
2019-08-23 02:48:32,386 | INFO  | DNAudit | user=null | ip=null | op=WRITE_CHUNK {blockData=conID: 3 locID: 102664012576981594 bcsId: 3875} | ret=SUCCESS |  
2019-08-23 02:48:32,386 | INFO  | DNAudit | user=null | ip=null | op=PUT_BLOCK {blockData=[blockId=conID: 3 locID: 102664012576981594 bcsId: 0,size=3145728]} | ret=SUCCESS |  
2019-08-23 02:48:32,394 | INFO  | DNAudit | user=null | ip=null | op=WRITE_CHUNK {blockData=conID: 3 locID: 102664012576981594 bcsId: 3881} | ret=SUCCESS |  
2019-08-23 02:48:32,397 | INFO  | DNAudit | user=null | ip=null | op=WRITE_CHUNK {blockData=conID: 3 locID: 102664012576981594 bcsId: 3881} | ret=SUCCESS |  
2019-08-23 02:48:32,397 | INFO  | DNAudit | user=null | ip=null | op=WRITE_CHUNK {blockData=conID: 3 locID: 102664012576981594 bcsId: 3881} | ret=SUCCESS |  
2019-08-23 02:48:32,406 | INFO  | DNAudit | user=null | ip=null | op=WRITE_CHUNK {blockData=conID: 3 locID: 102664012576981594 bcsId: 3881} | ret=SUCCESS |  
2019-08-23 02:48:32,407 | INFO  | DNAudit | user=null | ip=null | op=PUT_BLOCK {blockData=[blockId=conID: 3 locID: 102664012576981594 bcsId: 0,size=4194304]} | ret=SUCCESS |  
2019-08-23 02:48:32,407 [grpc-default-executor-1] INFO  client.GrpcClientProtocolClient (GrpcClientProtocolClient.java:onNext(255)) - client-B268B4322F32->17750241-545b-4219-93a1-14a6ea3d85be: receive RaftClientReply:client-B268B4322F32->17750241-545b-4219-93a1-14a6ea3d85be@group-C33FBD9556F2, cid=2592, SUCCESS, logIndex=3884, commits[17750241-545b-4219-93a1-14a6ea3d85be:c3885, 4eaaa090-573e-41d3-9f8c-c99e236d806a:c3883, 5f4cf9ee-4bed-49de-adaa-861aec894328:c3883]
2019-08-23 02:48:32,407 [grpc-default-executor-1] INFO  client.GrpcClientProtocolClient (GrpcClientProtocolClient.java:onNext(255)) - client-B268B4322F32->17750241-545b-4219-93a1-14a6ea3d85be: receive RaftClientReply:client-B268B4322F32->17750241-545b-4219-93a1-14a6ea3d85be@group-C33FBD9556F2, cid=2593, SUCCESS, logIndex=3885, commits[17750241-545b-4219-93a1-14a6ea3d85be:c3885, 4eaaa090-573e-41d3-9f8c-c99e236d806a:c3883, 5f4cf9ee-4bed-49de-adaa-861aec894328:c3883]
2019-08-23 02:48:32,423 | INFO  | DNAudit | user=null | ip=null | op=WRITE_CHUNK {blockData=conID: 3 locID: 102664012576981594 bcsId: 3881} | ret=SUCCESS |  
2019-08-23 02:48:32,424 | INFO  | DNAudit | user=null | ip=null | op=WRITE_CHUNK {blockData=conID: 3 locID: 102664012576981594 bcsId: 3881} | ret=SUCCESS |  
2019-08-23 02:48:32,424 | INFO  | DNAudit | user=null | ip=null | op=PUT_BLOCK {blockData=[blockId=conID: 3 locID: 102664012576981594 bcsId: 0,size=4194304]} | ret=SUCCESS |  
2019-08-23 02:48:32,424 | INFO  | DNAudit | user=null | ip=null | op=PUT_BLOCK {blockData=[blockId=conID: 3 locID: 102664012576981594 bcsId: 0,size=4194304]} | ret=SUCCESS |  
2019-08-23 02:48:32,424 [grpc-default-executor-1] INFO  client.GrpcClientProtocolClient (GrpcClientProtocolClient.java:onNext(255)) - client-B268B4322F32->17750241-545b-4219-93a1-14a6ea3d85be: receive RaftClientReply:client-B268B4322F32->17750241-545b-4219-93a1-14a6ea3d85be@group-C33FBD9556F2, cid=2594, SUCCESS, logIndex=0, commits[17750241-545b-4219-93a1-14a6ea3d85be:c3886, 4eaaa090-573e-41d3-9f8c-c99e236d806a:c3885, 5f4cf9ee-4bed-49de-adaa-861aec894328:c3885]
2019-08-23 02:48:32,426 | INFO  | SCMAudit | user=jenkins1000 | ip=192.168.34.22 | op=ALLOCATE_BLOCK {owner=31d65bc3-3f70-45f5-bbc5-e3a15f967ba6, size=4194304, type=RATIS, factor=THREE} | ret=SUCCESS |  
2019-08-23 02:48:32,431 | INFO  | OMAudit | user=jenkins1000 | ip=127.0.0.1 | op=ALLOCATE_BLOCK {volume=vol-0-78052, bucket=bucket-0-33874, key=key-0-20719, dataSize=2147483657, replicationType=RATIS, replicationFactor=THREE, keyLocationInfo=[], clientID=102664010308846034} | ret=SUCCESS |  
2019-08-23 02:48:32,445 | INFO  | DNAudit | user=null | ip=null | op=WRITE_CHUNK {blockData=conID: 1 locID: 102664012590350939 bcsId: 0} | ret=SUCCESS |  
2019-08-23 02:48:32,448 | INFO  | DNAudit | user=null | ip=null | op=WRITE_CHUNK {blockData=conID: 1 locID: 102664012590350939 bcsId: 0} | ret=SUCCESS |  
2019-08-23 02:48:32,449 | INFO  | DNAudit | user=null | ip=null | op=WRITE_CHUNK {blockData=conID: 1 locID: 102664012590350939 bcsId: 0} | ret=SUCCESS |  
2019-08-23 02:48:32,449 | INFO  | DNAudit | user=null | ip=null | op=WRITE_CHUNK {blockData=conID: 1 locID: 102664012590350939 bcsId: 0} | ret=SUCCESS |  
2019-08-23 02:48:32,451 | INFO  | DNAudit | user=null | ip=null | op=WRITE_CHUNK {blockData=conID: 1 locID: 102664012590350939 bcsId: 0} | ret=SUCCESS |  
2019-08-23 02:48:32,451 | INFO  | DNAudit | user=null | ip=null | op=WRITE_CHUNK {blockData=conID: 1 locID: 102664012590350939 bcsId: 0} | ret=SUCCESS |  
2019-08-23 02:48:32,458 | INFO  | DNAudit | user=null | ip=null | op=WRITE_CHUNK {blockData=conID: 1 locID: 102664012590350939 bcsId: 0} | ret=SUCCESS |  
2019-08-23 02:48:32,458 | INFO  | DNAudit | user=null | ip=null | op=PUT_BLOCK {blockData=[blockId=conID: 1 locID: 102664012590350939 bcsId: 0,size=1048576]} | ret=SUCCESS |  
2019-08-23 02:48:32,458 [grpc-default-executor-2] INFO  client.GrpcClientProtocolClient (GrpcClientProtocolClient.java:onNext(255)) - client-B268B4322F32->17750241-545b-4219-93a1-14a6ea3d85be: receive RaftClientReply:client-B268B4322F32->17750241-545b-4219-93a1-14a6ea3d85be@group-C33FBD9556F2, cid=2595, SUCCESS, logIndex=3888, commits[17750241-545b-4219-93a1-14a6ea3d85be:c3889, 4eaaa090-573e-41d3-9f8c-c99e236d806a:c3887, 5f4cf9ee-4bed-49de-adaa-861aec894328:c3887]
2019-08-23 02:48:32,459 | INFO  | DNAudit | user=null | ip=null | op=WRITE_CHUNK {blockData=conID: 1 locID: 102664012590350939 bcsId: 0} | ret=SUCCESS |  
2019-08-23 02:48:32,459 | INFO  | DNAudit | user=null | ip=null | op=PUT_BLOCK {blockData=[blockId=conID: 1 locID: 102664012590350939 bcsId: 0,size=2097152]} | ret=SUCCESS |  
2019-08-23 02:48:32,459 [grpc-default-executor-2] INFO  client.GrpcClientProtocolClient (GrpcClientProtocolClient.java:onNext(255)) - client-B268B4322F32->17750241-545b-4219-93a1-14a6ea3d85be: receive RaftClientReply:client-B268B4322F32->17750241-545b-4219-93a1-14a6ea3d85be@group-C33FBD9556F2, cid=2596, SUCCESS, logIndex=3889, commits[17750241-545b-4219-93a1-14a6ea3d85be:c3891, 4eaaa090-573e-41d3-9f8c-c99e236d806a:c3887, 5f4cf9ee-4bed-49de-adaa-861aec894328:c3887]
2019-08-23 02:48:32,459 | INFO  | DNAudit | user=null | ip=null | op=WRITE_CHUNK {blockData=conID: 1 locID: 102664012590350939 bcsId: 0} | ret=SUCCESS |  
2019-08-23 02:48:32,460 [grpc-default-executor-2] INFO  client.GrpcClientProtocolClient (GrpcClientProtocolClient.java:onNext(255)) - client-B268B4322F32->17750241-545b-4219-93a1-14a6ea3d85be: receive RaftClientReply:client-B268B4322F32->17750241-545b-4219-93a1-14a6ea3d85be@group-C33FBD9556F2, cid=2597, SUCCESS, logIndex=3890, commits[17750241-545b-4219-93a1-14a6ea3d85be:c3891, 4eaaa090-573e-41d3-9f8c-c99e236d806a:c3887, 5f4cf9ee-4bed-49de-adaa-861aec894328:c3887]
2019-08-23 02:48:32,460 [grpc-default-executor-2] INFO  client.GrpcClientProtocolClient (GrpcClientProtocolClient.java:onNext(255)) - client-B268B4322F32->17750241-545b-4219-93a1-14a6ea3d85be: receive RaftClientReply:client-B268B4322F32->17750241-545b-4219-93a1-14a6ea3d85be@group-C33FBD9556F2, cid=2598, SUCCESS, logIndex=3891, commits[17750241-545b-4219-93a1-14a6ea3d85be:c3892, 4eaaa090-573e-41d3-9f8c-c99e236d806a:c3887, 5f4cf9ee-4bed-49de-adaa-861aec894328:c3888]
2019-08-23 02:48:32,461 | INFO  | DNAudit | user=null | ip=null | op=WRITE_CHUNK {blockData=conID: 1 locID: 102664012590350939 bcsId: 0} | ret=SUCCESS |  
2019-08-23 02:48:32,462 | INFO  | DNAudit | user=null | ip=null | op=PUT_BLOCK {blockData=[blockId=conID: 1 locID: 102664012590350939 bcsId: 0,size=1048576]} | ret=SUCCESS |  
2019-08-23 02:48:32,472 | INFO  | DNAudit | user=null | ip=null | op=PUT_BLOCK {blockData=[blockId=conID: 1 locID: 102664012590350939 bcsId: 0,size=1048576]} | ret=SUCCESS |  
2019-08-23 02:48:32,472 | INFO  | DNAudit | user=null | ip=null | op=WRITE_CHUNK {blockData=conID: 1 locID: 102664012590350939 bcsId: 0} | ret=SUCCESS |  
2019-08-23 02:48:32,472 | INFO  | DNAudit | user=null | ip=null | op=WRITE_CHUNK {blockData=conID: 1 locID: 102664012590350939 bcsId: 0} | ret=SUCCESS |  
2019-08-23 02:48:32,473 | INFO  | DNAudit | user=null | ip=null | op=PUT_BLOCK {blockData=[blockId=conID: 1 locID: 102664012590350939 bcsId: 0,size=2097152]} | ret=SUCCESS |  
2019-08-23 02:48:32,473 | INFO  | DNAudit | user=null | ip=null | op=PUT_BLOCK {blockData=[blockId=conID: 1 locID: 102664012590350939 bcsId: 0,size=2097152]} | ret=SUCCESS |  
2019-08-23 02:48:32,473 [grpc-default-executor-5] INFO  client.GrpcClientProtocolClient (GrpcClientProtocolClient.java:onNext(255)) - client-B268B4322F32->17750241-545b-4219-93a1-14a6ea3d85be: receive RaftClientReply:client-B268B4322F32->17750241-545b-4219-93a1-14a6ea3d85be@group-C33FBD9556F2, cid=2599, SUCCESS, logIndex=0, commits[17750241-545b-4219-93a1-14a6ea3d85be:c3893, 4eaaa090-573e-41d3-9f8c-c99e236d806a:c3889, 5f4cf9ee-4bed-49de-adaa-861aec894328:c3889]
2019-08-23 02:48:32,481 | INFO  | DNAudit | user=null | ip=null | op=WRITE_CHUNK {blockData=conID: 1 locID: 102664012590350939 bcsId: 3891} | ret=SUCCESS |  
2019-08-23 02:48:32,483 | INFO  | DNAudit | user=null | ip=null | op=WRITE_CHUNK {blockData=conID: 1 locID: 102664012590350939 bcsId: 3891} | ret=SUCCESS |  
2019-08-23 02:48:32,483 | INFO  | DNAudit | user=null | ip=null | op=WRITE_CHUNK {blockData=conID: 1 locID: 102664012590350939 bcsId: 3891} | ret=SUCCESS |  
2019-08-23 02:48:32,493 | INFO  | DNAudit | user=null | ip=null | op=WRITE_CHUNK {blockData=conID: 1 locID: 102664012590350939 bcsId: 3891} | ret=SUCCESS |  
2019-08-23 02:48:32,494 | INFO  | DNAudit | user=null | ip=null | op=PUT_BLOCK {blockData=[blockId=conID: 1 locID: 102664012590350939 bcsId: 0,size=3145728]} | ret=SUCCESS |  
2019-08-23 02:48:32,494 [grpc-default-executor-5] INFO  client.GrpcClientProtocolClient (GrpcClientProtocolClient.java:onNext(255)) - client-B268B4322F32->17750241-545b-4219-93a1-14a6ea3d85be: receive RaftClientReply:client-B268B4322F32->17750241-545b-4219-93a1-14a6ea3d85be@group-C33FBD9556F2, cid=2600, SUCCESS, logIndex=3896, commits[17750241-545b-4219-93a1-14a6ea3d85be:c3897, 4eaaa090-573e-41d3-9f8c-c99e236d806a:c3895, 5f4cf9ee-4bed-49de-adaa-861aec894328:c3895]
2019-08-23 02:48:32,494 [grpc-default-executor-5] INFO  client.GrpcClientProtocolClient (GrpcClientProtocolClient.java:onNext(255)) - client-B268B4322F32->17750241-545b-4219-93a1-14a6ea3d85be: receive RaftClientReply:client-B268B4322F32->17750241-545b-4219-93a1-14a6ea3d85be@group-C33FBD9556F2, cid=2601, SUCCESS, logIndex=3897, commits[17750241-545b-4219-93a1-14a6ea3d85be:c3897, 4eaaa090-573e-41d3-9f8c-c99e236d806a:c3895, 5f4cf9ee-4bed-49de-adaa-861aec894328:c3895]
2019-08-23 02:48:32,502 | INFO  | DNAudit | user=null | ip=null | op=WRITE_CHUNK {blockData=conID: 1 locID: 102664012590350939 bcsId: 3897} | ret=SUCCESS |  
2019-08-23 02:48:32,504 | INFO  | DNAudit | user=null | ip=null | op=WRITE_CHUNK {blockData=conID: 1 locID: 102664012590350939 bcsId: 3897} | ret=SUCCESS |  
2019-08-23 02:48:32,505 | INFO  | DNAudit | user=null | ip=null | op=WRITE_CHUNK {blockData=conID: 1 locID: 102664012590350939 bcsId: 3897} | ret=SUCCESS |  
2019-08-23 02:48:32,506 | INFO  | DNAudit | user=null | ip=null | op=WRITE_CHUNK {blockData=conID: 1 locID: 102664012590350939 bcsId: 3891} | ret=SUCCESS |  
2019-08-23 02:48:32,506 | INFO  | DNAudit | user=null | ip=null | op=WRITE_CHUNK {blockData=conID: 1 locID: 102664012590350939 bcsId: 3891} | ret=SUCCESS |  
2019-08-23 02:48:32,517 | INFO  | DNAudit | user=null | ip=null | op=PUT_BLOCK {blockData=[blockId=conID: 1 locID: 102664012590350939 bcsId: 0,size=3145728]} | ret=SUCCESS |  
2019-08-23 02:48:32,517 | INFO  | DNAudit | user=null | ip=null | op=PUT_BLOCK {blockData=[blockId=conID: 1 locID: 102664012590350939 bcsId: 0,size=3145728]} | ret=SUCCESS |  
2019-08-23 02:48:32,517 | INFO  | DNAudit | user=null | ip=null | op=WRITE_CHUNK {blockData=conID: 1 locID: 102664012590350939 bcsId: 3897} | ret=SUCCESS |  
2019-08-23 02:48:32,518 | INFO  | DNAudit | user=null | ip=null | op=PUT_BLOCK {blockData=[blockId=conID: 1 locID: 102664012590350939 bcsId: 0,size=4194304]} | ret=SUCCESS |  
2019-08-23 02:48:32,518 [grpc-default-executor-2] INFO  client.GrpcClientProtocolClient (GrpcClientProtocolClient.java:onNext(255)) - client-B268B4322F32->17750241-545b-4219-93a1-14a6ea3d85be: receive RaftClientReply:client-B268B4322F32->17750241-545b-4219-93a1-14a6ea3d85be@group-C33FBD9556F2, cid=2602, SUCCESS, logIndex=3900, commits[17750241-545b-4219-93a1-14a6ea3d85be:c3901, 4eaaa090-573e-41d3-9f8c-c99e236d806a:c3897, 5f4cf9ee-4bed-49de-adaa-861aec894328:c3897]
2019-08-23 02:48:32,519 [grpc-default-executor-2] INFO  client.GrpcClientProtocolClient (GrpcClientProtocolClient.java:onNext(255)) - client-B268B4322F32->17750241-545b-4219-93a1-14a6ea3d85be: receive RaftClientReply:client-B268B4322F32->17750241-545b-4219-93a1-14a6ea3d85be@group-C33FBD9556F2, cid=2603, SUCCESS, logIndex=3901, commits[17750241-545b-4219-93a1-14a6ea3d85be:c3901, 4eaaa090-573e-41d3-9f8c-c99e236d806a:c3897, 5f4cf9ee-4bed-49de-adaa-861aec894328:c3897]
2019-08-23 02:48:32,530 | INFO  | DNAudit | user=null | ip=null | op=WRITE_CHUNK {blockData=conID: 1 locID: 102664012590350939 bcsId: 3897} | ret=SUCCESS |  
2019-08-23 02:48:32,530 | INFO  | DNAudit | user=null | ip=null | op=WRITE_CHUNK {blockData=conID: 1 locID: 102664012590350939 bcsId: 3897} | ret=SUCCESS |  
2019-08-23 02:48:32,531 | INFO  | DNAudit | user=null | ip=null | op=PUT_BLOCK {blockData=[blockId=conID: 1 locID: 102664012590350939 bcsId: 0,size=4194304]} | ret=SUCCESS |  
2019-08-23 02:48:32,531 | INFO  | DNAudit | user=null | ip=null | op=PUT_BLOCK {blockData=[blockId=conID: 1 locID: 102664012590350939 bcsId: 0,size=4194304]} | ret=SUCCESS |  
2019-08-23 02:48:32,531 [grpc-default-executor-2] INFO  client.GrpcClientProtocolClient (GrpcClientProtocolClient.java:onNext(255)) - client-B268B4322F32->17750241-545b-4219-93a1-14a6ea3d85be: receive RaftClientReply:client-B268B4322F32->17750241-545b-4219-93a1-14a6ea3d85be@group-C33FBD9556F2, cid=2604, SUCCESS, logIndex=0, commits[17750241-545b-4219-93a1-14a6ea3d85be:c3902, 4eaaa090-573e-41d3-9f8c-c99e236d806a:c3901, 5f4cf9ee-4bed-49de-adaa-861aec894328:c3901]
2019-08-23 02:48:32,533 | INFO  | SCMAudit | user=jenkins1000 | ip=192.168.34.22 | op=ALLOCATE_BLOCK {owner=31d65bc3-3f70-45f5-bbc5-e3a15f967ba6, size=4194304, type=RATIS, factor=THREE} | ret=SUCCESS |  
2019-08-23 02:48:32,537 | INFO  | OMAudit | user=jenkins1000 | ip=127.0.0.1 | op=ALLOCATE_BLOCK {volume=vol-0-78052, bucket=bucket-0-33874, key=key-0-20719, dataSize=2147483657, replicationType=RATIS, replicationFactor=THREE, keyLocationInfo=[], clientID=102664010308846034} | ret=SUCCESS |  
2019-08-23 02:48:32,549 | INFO  | DNAudit | user=null | ip=null | op=WRITE_CHUNK {blockData=conID: 2 locID: 102664012597363292 bcsId: 0} | ret=SUCCESS |  
2019-08-23 02:48:32,552 | INFO  | DNAudit | user=null | ip=null | op=WRITE_CHUNK {blockData=conID: 2 locID: 102664012597363292 bcsId: 0} | ret=SUCCESS |  
2019-08-23 02:48:32,552 | INFO  | DNAudit | user=null | ip=null | op=WRITE_CHUNK {blockData=conID: 2 locID: 102664012597363292 bcsId: 0} | ret=SUCCESS |  
2019-08-23 02:48:32,553 | INFO  | DNAudit | user=null | ip=null | op=WRITE_CHUNK {blockData=conID: 2 locID: 102664012597363292 bcsId: 0} | ret=SUCCESS |  
2019-08-23 02:48:32,554 | INFO  | DNAudit | user=null | ip=null | op=WRITE_CHUNK {blockData=conID: 2 locID: 102664012597363292 bcsId: 0} | ret=SUCCESS |  
2019-08-23 02:48:32,555 | INFO  | DNAudit | user=null | ip=null | op=WRITE_CHUNK {blockData=conID: 2 locID: 102664012597363292 bcsId: 0} | ret=SUCCESS |  
2019-08-23 02:48:32,562 | INFO  | DNAudit | user=null | ip=null | op=WRITE_CHUNK {blockData=conID: 2 locID: 102664012597363292 bcsId: 0} | ret=SUCCESS |  
2019-08-23 02:48:32,562 | INFO  | DNAudit | user=null | ip=null | op=PUT_BLOCK {blockData=[blockId=conID: 2 locID: 102664012597363292 bcsId: 0,size=1048576]} | ret=SUCCESS |  
2019-08-23 02:48:32,562 [grpc-default-executor-2] INFO  client.GrpcClientProtocolClient (GrpcClientProtocolClient.java:onNext(255)) - client-B268B4322F32->17750241-545b-4219-93a1-14a6ea3d85be: receive RaftClientReply:client-B268B4322F32->17750241-545b-4219-93a1-14a6ea3d85be@group-C33FBD9556F2, cid=2605, SUCCESS, logIndex=3904, commits[17750241-545b-4219-93a1-14a6ea3d85be:c3905, 4eaaa090-573e-41d3-9f8c-c99e236d806a:c3903, 5f4cf9ee-4bed-49de-adaa-861aec894328:c3903]
2019-08-23 02:48:32,563 | INFO  | DNAudit | user=null | ip=null | op=WRITE_CHUNK {blockData=conID: 2 locID: 102664012597363292 bcsId: 0} | ret=SUCCESS |  
2019-08-23 02:48:32,563 [grpc-default-executor-5] INFO  client.GrpcClientProtocolClient (GrpcClientProtocolClient.java:onNext(255)) - client-B268B4322F32->17750241-545b-4219-93a1-14a6ea3d85be: receive RaftClientReply:client-B268B4322F32->17750241-545b-4219-93a1-14a6ea3d85be@group-C33FBD9556F2, cid=2606, SUCCESS, logIndex=3905, commits[17750241-545b-4219-93a1-14a6ea3d85be:c3905, 4eaaa090-573e-41d3-9f8c-c99e236d806a:c3903, 5f4cf9ee-4bed-49de-adaa-861aec894328:c3903]
2019-08-23 02:48:32,564 | INFO  | DNAudit | user=null | ip=null | op=PUT_BLOCK {blockData=[blockId=conID: 2 locID: 102664012597363292 bcsId: 0,size=2097152]} | ret=SUCCESS |  
2019-08-23 02:48:32,564 [grpc-default-executor-5] INFO  client.GrpcClientProtocolClient (GrpcClientProtocolClient.java:onNext(255)) - client-B268B4322F32->17750241-545b-4219-93a1-14a6ea3d85be: receive RaftClientReply:client-B268B4322F32->17750241-545b-4219-93a1-14a6ea3d85be@group-C33FBD9556F2, cid=2607, SUCCESS, logIndex=3906, commits[17750241-545b-4219-93a1-14a6ea3d85be:c3907, 4eaaa090-573e-41d3-9f8c-c99e236d806a:c3903, 5f4cf9ee-4bed-49de-adaa-861aec894328:c3903]
2019-08-23 02:48:32,564 | INFO  | DNAudit | user=null | ip=null | op=WRITE_CHUNK {blockData=conID: 2 locID: 102664012597363292 bcsId: 0} | ret=SUCCESS |  
2019-08-23 02:48:32,564 | INFO  | DNAudit | user=null | ip=null | op=PUT_BLOCK {blockData=[blockId=conID: 2 locID: 102664012597363292 bcsId: 0,size=1048576]} | ret=SUCCESS |  
2019-08-23 02:48:32,564 [grpc-default-executor-6] INFO  client.GrpcClientProtocolClient (GrpcClientProtocolClient.java:onNext(255)) - client-B268B4322F32->17750241-545b-4219-93a1-14a6ea3d85be: receive RaftClientReply:client-B268B4322F32->17750241-545b-4219-93a1-14a6ea3d85be@group-C33FBD9556F2, cid=2608, SUCCESS, logIndex=3907, commits[17750241-545b-4219-93a1-14a6ea3d85be:c3907, 4eaaa090-573e-41d3-9f8c-c99e236d806a:c3903, 5f4cf9ee-4bed-49de-adaa-861aec894328:c3903]
2019-08-23 02:48:32,566 | INFO  | DNAudit | user=null | ip=null | op=WRITE_CHUNK {blockData=conID: 2 locID: 102664012597363292 bcsId: 0} | ret=SUCCESS |  
2019-08-23 02:48:32,566 | INFO  | DNAudit | user=null | ip=null | op=PUT_BLOCK {blockData=[blockId=conID: 2 locID: 102664012597363292 bcsId: 0,size=1048576]} | ret=SUCCESS |  
2019-08-23 02:48:32,566 [grpc-default-executor-6] INFO  client.GrpcClientProtocolClient (GrpcClientProtocolClient.java:onNext(255)) - client-B268B4322F32->17750241-545b-4219-93a1-14a6ea3d85be: receive RaftClientReply:client-B268B4322F32->17750241-545b-4219-93a1-14a6ea3d85be@group-C33FBD9556F2, cid=2609, SUCCESS, logIndex=0, commits[17750241-545b-4219-93a1-14a6ea3d85be:c3909, 4eaaa090-573e-41d3-9f8c-c99e236d806a:c3905, 5f4cf9ee-4bed-49de-adaa-861aec894328:c3905]
2019-08-23 02:48:32,574 | INFO  | DNAudit | user=null | ip=null | op=WRITE_CHUNK {blockData=conID: 2 locID: 102664012597363292 bcsId: 3907} | ret=SUCCESS |  
2019-08-23 02:48:32,576 | INFO  | DNAudit | user=null | ip=null | op=WRITE_CHUNK {blockData=conID: 2 locID: 102664012597363292 bcsId: 3907} | ret=SUCCESS |  
2019-08-23 02:48:32,576 | INFO  | DNAudit | user=null | ip=null | op=WRITE_CHUNK {blockData=conID: 2 locID: 102664012597363292 bcsId: 3907} | ret=SUCCESS |  
2019-08-23 02:48:32,576 | INFO  | DNAudit | user=null | ip=null | op=WRITE_CHUNK {blockData=conID: 2 locID: 102664012597363292 bcsId: 0} | ret=SUCCESS |  
2019-08-23 02:48:32,577 | INFO  | DNAudit | user=null | ip=null | op=PUT_BLOCK {blockData=[blockId=conID: 2 locID: 102664012597363292 bcsId: 0,size=2097152]} | ret=SUCCESS |  
2019-08-23 02:48:32,579 | INFO  | DNAudit | user=null | ip=null | op=WRITE_CHUNK {blockData=conID: 2 locID: 102664012597363292 bcsId: 0} | ret=SUCCESS |  
2019-08-23 02:48:32,579 | INFO  | DNAudit | user=null | ip=null | op=PUT_BLOCK {blockData=[blockId=conID: 2 locID: 102664012597363292 bcsId: 0,size=2097152]} | ret=SUCCESS |  
2019-08-23 02:48:32,591 | INFO  | DNAudit | user=null | ip=null | op=WRITE_CHUNK {blockData=conID: 2 locID: 102664012597363292 bcsId: 3907} | ret=SUCCESS |  
2019-08-23 02:48:32,591 | INFO  | DNAudit | user=null | ip=null | op=PUT_BLOCK {blockData=[blockId=conID: 2 locID: 102664012597363292 bcsId: 0,size=3145728]} | ret=SUCCESS |  
2019-08-23 02:48:32,592 [grpc-default-executor-2] INFO  client.GrpcClientProtocolClient (GrpcClientProtocolClient.java:onNext(255)) - client-B268B4322F32->17750241-545b-4219-93a1-14a6ea3d85be: receive RaftClientReply:client-B268B4322F32->17750241-545b-4219-93a1-14a6ea3d85be@group-C33FBD9556F2, cid=2610, SUCCESS, logIndex=3912, commits[17750241-545b-4219-93a1-14a6ea3d85be:c3913, 4eaaa090-573e-41d3-9f8c-c99e236d806a:c3909, 5f4cf9ee-4bed-49de-adaa-861aec894328:c3907]
2019-08-23 02:48:32,592 [grpc-default-executor-2] INFO  client.GrpcClientProtocolClient (GrpcClientProtocolClient.java:onNext(255)) - client-B268B4322F32->17750241-545b-4219-93a1-14a6ea3d85be: receive RaftClientReply:client-B268B4322F32->17750241-545b-4219-93a1-14a6ea3d85be@group-C33FBD9556F2, cid=2611, SUCCESS, logIndex=3913, commits[17750241-545b-4219-93a1-14a6ea3d85be:c3913, 4eaaa090-573e-41d3-9f8c-c99e236d806a:c3909, 5f4cf9ee-4bed-49de-adaa-861aec894328:c3909]
2019-08-23 02:48:32,594 | INFO  | DNAudit | user=null | ip=null | op=WRITE_CHUNK {blockData=conID: 2 locID: 102664012597363292 bcsId: 3907} | ret=SUCCESS |  
2019-08-23 02:48:32,594 | INFO  | DNAudit | user=null | ip=null | op=WRITE_CHUNK {blockData=conID: 2 locID: 102664012597363292 bcsId: 3907} | ret=SUCCESS |  
2019-08-23 02:48:32,595 | INFO  | DNAudit | user=null | ip=null | op=PUT_BLOCK {blockData=[blockId=conID: 2 locID: 102664012597363292 bcsId: 0,size=3145728]} | ret=SUCCESS |  
2019-08-23 02:48:32,595 | INFO  | DNAudit | user=null | ip=null | op=PUT_BLOCK {blockData=[blockId=conID: 2 locID: 102664012597363292 bcsId: 0,size=3145728]} | ret=SUCCESS |  
2019-08-23 02:48:32,598 | INFO  | DNAudit | user=null | ip=null | op=WRITE_CHUNK {blockData=conID: 2 locID: 102664012597363292 bcsId: 3913} | ret=SUCCESS |  
2019-08-23 02:48:32,600 | INFO  | DNAudit | user=null | ip=null | op=WRITE_CHUNK {blockData=conID: 2 locID: 102664012597363292 bcsId: 3913} | ret=SUCCESS |  
2019-08-23 02:48:32,600 | INFO  | DNAudit | user=null | ip=null | op=WRITE_CHUNK {blockData=conID: 2 locID: 102664012597363292 bcsId: 3913} | ret=SUCCESS |  
2019-08-23 02:48:32,610 | INFO  | DNAudit | user=null | ip=null | op=WRITE_CHUNK {blockData=conID: 2 locID: 102664012597363292 bcsId: 3913} | ret=SUCCESS |  
2019-08-23 02:48:32,610 | INFO  | DNAudit | user=null | ip=null | op=PUT_BLOCK {blockData=[blockId=conID: 2 locID: 102664012597363292 bcsId: 0,size=4194304]} | ret=SUCCESS |  
2019-08-23 02:48:32,610 [grpc-default-executor-6] INFO  client.GrpcClientProtocolClient (GrpcClientProtocolClient.java:onNext(255)) - client-B268B4322F32->17750241-545b-4219-93a1-14a6ea3d85be: receive RaftClientReply:client-B268B4322F32->17750241-545b-4219-93a1-14a6ea3d85be@group-C33FBD9556F2, cid=2612, SUCCESS, logIndex=3915, commits[17750241-545b-4219-93a1-14a6ea3d85be:c3916, 4eaaa090-573e-41d3-9f8c-c99e236d806a:c3914, 5f4cf9ee-4bed-49de-adaa-861aec894328:c3914]
2019-08-23 02:48:32,611 [grpc-default-executor-6] INFO  client.GrpcClientProtocolClient (GrpcClientProtocolClient.java:onNext(255)) - client-B268B4322F32->17750241-545b-4219-93a1-14a6ea3d85be: receive RaftClientReply:client-B268B4322F32->17750241-545b-4219-93a1-14a6ea3d85be@group-C33FBD9556F2, cid=2613, SUCCESS, logIndex=3916, commits[17750241-545b-4219-93a1-14a6ea3d85be:c3916, 4eaaa090-573e-41d3-9f8c-c99e236d806a:c3914, 5f4cf9ee-4bed-49de-adaa-861aec894328:c3914]
2019-08-23 02:48:32,621 | INFO  | DNAudit | user=null | ip=null | op=WRITE_CHUNK {blockData=conID: 2 locID: 102664012597363292 bcsId: 3913} | ret=SUCCESS |  
2019-08-23 02:48:32,621 | INFO  | DNAudit | user=null | ip=null | op=WRITE_CHUNK {blockData=conID: 2 locID: 102664012597363292 bcsId: 3913} | ret=SUCCESS |  
2019-08-23 02:48:32,631 | INFO  | DNAudit | user=null | ip=null | op=PUT_BLOCK {blockData=[blockId=conID: 2 locID: 102664012597363292 bcsId: 0,size=4194304]} | ret=SUCCESS |  
2019-08-23 02:48:32,631 | INFO  | DNAudit | user=null | ip=null | op=PUT_BLOCK {blockData=[blockId=conID: 2 locID: 102664012597363292 bcsId: 0,size=4194304]} | ret=SUCCESS |  
2019-08-23 02:48:32,632 [grpc-default-executor-2] INFO  client.GrpcClientProtocolClient (GrpcClientProtocolClient.java:onNext(255)) - client-B268B4322F32->17750241-545b-4219-93a1-14a6ea3d85be: receive RaftClientReply:client-B268B4322F32->17750241-545b-4219-93a1-14a6ea3d85be@group-C33FBD9556F2, cid=2614, SUCCESS, logIndex=0, commits[17750241-545b-4219-93a1-14a6ea3d85be:c3918, 4eaaa090-573e-41d3-9f8c-c99e236d806a:c3916, 5f4cf9ee-4bed-49de-adaa-861aec894328:c3916]
2019-08-23 02:48:32,633 | INFO  | SCMAudit | user=jenkins1000 | ip=192.168.34.22 | op=ALLOCATE_BLOCK {owner=31d65bc3-3f70-45f5-bbc5-e3a15f967ba6, size=4194304, type=RATIS, factor=THREE} | ret=SUCCESS |  
2019-08-23 02:48:32,638 | INFO  | OMAudit | user=jenkins1000 | ip=127.0.0.1 | op=ALLOCATE_BLOCK {volume=vol-0-78052, bucket=bucket-0-33874, key=key-0-20719, dataSize=2147483657, replicationType=RATIS, replicationFactor=THREE, keyLocationInfo=[], clientID=102664010308846034} | ret=SUCCESS |  
2019-08-23 02:48:32,649 | INFO  | DNAudit | user=null | ip=null | op=WRITE_CHUNK {blockData=conID: 3 locID: 102664012603916893 bcsId: 0} | ret=SUCCESS |  
2019-08-23 02:48:32,652 | INFO  | DNAudit | user=null | ip=null | op=WRITE_CHUNK {blockData=conID: 3 locID: 102664012603916893 bcsId: 0} | ret=SUCCESS |  
2019-08-23 02:48:32,652 | INFO  | DNAudit | user=null | ip=null | op=WRITE_CHUNK {blockData=conID: 3 locID: 102664012603916893 bcsId: 0} | ret=SUCCESS |  
2019-08-23 02:48:32,653 | INFO  | DNAudit | user=null | ip=null | op=WRITE_CHUNK {blockData=conID: 3 locID: 102664012603916893 bcsId: 0} | ret=SUCCESS |  
2019-08-23 02:48:32,655 | INFO  | DNAudit | user=null | ip=null | op=WRITE_CHUNK {blockData=conID: 3 locID: 102664012603916893 bcsId: 0} | ret=SUCCESS |  
2019-08-23 02:48:32,655 | INFO  | DNAudit | user=null | ip=null | op=WRITE_CHUNK {blockData=conID: 3 locID: 102664012603916893 bcsId: 0} | ret=SUCCESS |  
2019-08-23 02:48:32,661 | INFO  | DNAudit | user=null | ip=null | op=WRITE_CHUNK {blockData=conID: 3 locID: 102664012603916893 bcsId: 0} | ret=SUCCESS |  
2019-08-23 02:48:32,661 | INFO  | DNAudit | user=null | ip=null | op=PUT_BLOCK {blockData=[blockId=conID: 3 locID: 102664012603916893 bcsId: 0,size=1048576]} | ret=SUCCESS |  
2019-08-23 02:48:32,661 [grpc-default-executor-5] INFO  client.GrpcClientProtocolClient (GrpcClientProtocolClient.java:onNext(255)) - client-B268B4322F32->17750241-545b-4219-93a1-14a6ea3d85be: receive RaftClientReply:client-B268B4322F32->17750241-545b-4219-93a1-14a6ea3d85be@group-C33FBD9556F2, cid=2615, SUCCESS, logIndex=3919, commits[17750241-545b-4219-93a1-14a6ea3d85be:c3920, 4eaaa090-573e-41d3-9f8c-c99e236d806a:c3918, 5f4cf9ee-4bed-49de-adaa-861aec894328:c3918]
2019-08-23 02:48:32,662 | INFO  | DNAudit | user=null | ip=null | op=WRITE_CHUNK {blockData=conID: 3 locID: 102664012603916893 bcsId: 0} | ret=SUCCESS |  
2019-08-23 02:48:32,662 [grpc-default-executor-6] INFO  client.GrpcClientProtocolClient (GrpcClientProtocolClient.java:onNext(255)) - client-B268B4322F32->17750241-545b-4219-93a1-14a6ea3d85be: receive RaftClientReply:client-B268B4322F32->17750241-545b-4219-93a1-14a6ea3d85be@group-C33FBD9556F2, cid=2616, SUCCESS, logIndex=3920, commits[17750241-545b-4219-93a1-14a6ea3d85be:c3920, 4eaaa090-573e-41d3-9f8c-c99e236d806a:c3918, 5f4cf9ee-4bed-49de-adaa-861aec894328:c3918]
2019-08-23 02:48:32,663 | INFO  | DNAudit | user=null | ip=null | op=PUT_BLOCK {blockData=[blockId=conID: 3 locID: 102664012603916893 bcsId: 0,size=2097152]} | ret=SUCCESS |  
2019-08-23 02:48:32,663 [grpc-default-executor-6] INFO  client.GrpcClientProtocolClient (GrpcClientProtocolClient.java:onNext(255)) - client-B268B4322F32->17750241-545b-4219-93a1-14a6ea3d85be: receive RaftClientReply:client-B268B4322F32->17750241-545b-4219-93a1-14a6ea3d85be@group-C33FBD9556F2, cid=2617, SUCCESS, logIndex=3921, commits[17750241-545b-4219-93a1-14a6ea3d85be:c3922, 4eaaa090-573e-41d3-9f8c-c99e236d806a:c3918, 5f4cf9ee-4bed-49de-adaa-861aec894328:c3918]
2019-08-23 02:48:32,663 [grpc-default-executor-6] INFO  client.GrpcClientProtocolClient (GrpcClientProtocolClient.java:onNext(255)) - client-B268B4322F32->17750241-545b-4219-93a1-14a6ea3d85be: receive RaftClientReply:client-B268B4322F32->17750241-545b-4219-93a1-14a6ea3d85be@group-C33FBD9556F2, cid=2618, SUCCESS, logIndex=3922, commits[17750241-545b-4219-93a1-14a6ea3d85be:c3922, 4eaaa090-573e-41d3-9f8c-c99e236d806a:c3918, 5f4cf9ee-4bed-49de-adaa-861aec894328:c3918]
2019-08-23 02:48:32,672 | INFO  | DNAudit | user=null | ip=null | op=WRITE_CHUNK {blockData=conID: 3 locID: 102664012603916893 bcsId: 0} | ret=SUCCESS |  
2019-08-23 02:48:32,672 | INFO  | DNAudit | user=null | ip=null | op=WRITE_CHUNK {blockData=conID: 3 locID: 102664012603916893 bcsId: 0} | ret=SUCCESS |  
2019-08-23 02:48:32,672 | INFO  | DNAudit | user=null | ip=null | op=PUT_BLOCK {blockData=[blockId=conID: 3 locID: 102664012603916893 bcsId: 0,size=1048576]} | ret=SUCCESS |  
2019-08-23 02:48:32,672 | INFO  | DNAudit | user=null | ip=null | op=PUT_BLOCK {blockData=[blockId=conID: 3 locID: 102664012603916893 bcsId: 0,size=1048576]} | ret=SUCCESS |  
2019-08-23 02:48:32,673 [grpc-default-executor-6] INFO  client.GrpcClientProtocolClient (GrpcClientProtocolClient.java:onNext(255)) - client-B268B4322F32->17750241-545b-4219-93a1-14a6ea3d85be: receive RaftClientReply:client-B268B4322F32->17750241-545b-4219-93a1-14a6ea3d85be@group-C33FBD9556F2, cid=2619, SUCCESS, logIndex=0, commits[17750241-545b-4219-93a1-14a6ea3d85be:c3924, 4eaaa090-573e-41d3-9f8c-c99e236d806a:c3920, 5f4cf9ee-4bed-49de-adaa-861aec894328:c3920]
2019-08-23 02:48:32,673 | INFO  | DNAudit | user=null | ip=null | op=WRITE_CHUNK {blockData=conID: 3 locID: 102664012603916893 bcsId: 0} | ret=SUCCESS |  
2019-08-23 02:48:32,673 | INFO  | DNAudit | user=null | ip=null | op=PUT_BLOCK {blockData=[blockId=conID: 3 locID: 102664012603916893 bcsId: 0,size=2097152]} | ret=SUCCESS |  
2019-08-23 02:48:32,673 | INFO  | DNAudit | user=null | ip=null | op=WRITE_CHUNK {blockData=conID: 3 locID: 102664012603916893 bcsId: 0} | ret=SUCCESS |  
2019-08-23 02:48:32,674 | INFO  | DNAudit | user=null | ip=null | op=PUT_BLOCK {blockData=[blockId=conID: 3 locID: 102664012603916893 bcsId: 0,size=2097152]} | ret=SUCCESS |  
2019-08-23 02:48:32,679 | INFO  | DNAudit | user=null | ip=null | op=WRITE_CHUNK {blockData=conID: 3 locID: 102664012603916893 bcsId: 3922} | ret=SUCCESS |  
2019-08-23 02:48:32,681 | INFO  | DNAudit | user=null | ip=null | op=WRITE_CHUNK {blockData=conID: 3 locID: 102664012603916893 bcsId: 3922} | ret=SUCCESS |  
2019-08-23 02:48:32,681 | INFO  | DNAudit | user=null | ip=null | op=WRITE_CHUNK {blockData=conID: 3 locID: 102664012603916893 bcsId: 3922} | ret=SUCCESS |  
2019-08-23 02:48:32,691 | INFO  | DNAudit | user=null | ip=null | op=WRITE_CHUNK {blockData=conID: 3 locID: 102664012603916893 bcsId: 3922} | ret=SUCCESS |  
2019-08-23 02:48:32,691 | INFO  | DNAudit | user=null | ip=null | op=PUT_BLOCK {blockData=[blockId=conID: 3 locID: 102664012603916893 bcsId: 0,size=3145728]} | ret=SUCCESS |  
2019-08-23 02:48:32,692 [grpc-default-executor-5] INFO  client.GrpcClientProtocolClient (GrpcClientProtocolClient.java:onNext(255)) - client-B268B4322F32->17750241-545b-4219-93a1-14a6ea3d85be: receive RaftClientReply:client-B268B4322F32->17750241-545b-4219-93a1-14a6ea3d85be@group-C33FBD9556F2, cid=2620, SUCCESS, logIndex=3927, commits[17750241-545b-4219-93a1-14a6ea3d85be:c3928, 4eaaa090-573e-41d3-9f8c-c99e236d806a:c3926, 5f4cf9ee-4bed-49de-adaa-861aec894328:c3926]
2019-08-23 02:48:32,692 [grpc-default-executor-5] INFO  client.GrpcClientProtocolClient (GrpcClientProtocolClient.java:onNext(255)) - client-B268B4322F32->17750241-545b-4219-93a1-14a6ea3d85be: receive RaftClientReply:client-B268B4322F32->17750241-545b-4219-93a1-14a6ea3d85be@group-C33FBD9556F2, cid=2621, SUCCESS, logIndex=3928, commits[17750241-545b-4219-93a1-14a6ea3d85be:c3928, 4eaaa090-573e-41d3-9f8c-c99e236d806a:c3926, 5f4cf9ee-4bed-49de-adaa-861aec894328:c3926]
2019-08-23 02:48:32,699 | INFO  | DNAudit | user=null | ip=null | op=WRITE_CHUNK {blockData=conID: 3 locID: 102664012603916893 bcsId: 3928} | ret=SUCCESS |  
2019-08-23 02:48:32,701 | INFO  | DNAudit | user=null | ip=null | op=WRITE_CHUNK {blockData=conID: 3 locID: 102664012603916893 bcsId: 3928} | ret=SUCCESS |  
2019-08-23 02:48:32,701 | INFO  | DNAudit | user=null | ip=null | op=WRITE_CHUNK {blockData=conID: 3 locID: 102664012603916893 bcsId: 3928} | ret=SUCCESS |  
2019-08-23 02:48:32,703 | INFO  | DNAudit | user=null | ip=null | op=WRITE_CHUNK {blockData=conID: 3 locID: 102664012603916893 bcsId: 3922} | ret=SUCCESS |  
2019-08-23 02:48:32,703 | INFO  | DNAudit | user=null | ip=null | op=WRITE_CHUNK {blockData=conID: 3 locID: 102664012603916893 bcsId: 3922} | ret=SUCCESS |  
2019-08-23 02:48:32,703 | INFO  | DNAudit | user=null | ip=null | op=PUT_BLOCK {blockData=[blockId=conID: 3 locID: 102664012603916893 bcsId: 0,size=3145728]} | ret=SUCCESS |  
2019-08-23 02:48:32,705 | INFO  | DNAudit | user=null | ip=null | op=PUT_BLOCK {blockData=[blockId=conID: 3 locID: 102664012603916893 bcsId: 0,size=3145728]} | ret=SUCCESS |  
2019-08-23 02:48:32,706 | INFO  | DNAudit | user=null | ip=null | op=WRITE_CHUNK {blockData=conID: 3 locID: 102664012603916893 bcsId: 3928} | ret=SUCCESS |  
2019-08-23 02:48:32,706 | INFO  | DNAudit | user=null | ip=null | op=PUT_BLOCK {blockData=[blockId=conID: 3 locID: 102664012603916893 bcsId: 0,size=4194304]} | ret=SUCCESS |  
2019-08-23 02:48:32,707 [grpc-default-executor-5] INFO  client.GrpcClientProtocolClient (GrpcClientProtocolClient.java:onNext(255)) - client-B268B4322F32->17750241-545b-4219-93a1-14a6ea3d85be: receive RaftClientReply:client-B268B4322F32->17750241-545b-4219-93a1-14a6ea3d85be@group-C33FBD9556F2, cid=2622, SUCCESS, logIndex=3931, commits[17750241-545b-4219-93a1-14a6ea3d85be:c3932, 4eaaa090-573e-41d3-9f8c-c99e236d806a:c3928, 5f4cf9ee-4bed-49de-adaa-861aec894328:c3928]
2019-08-23 02:48:32,707 [grpc-default-executor-5] INFO  client.GrpcClientProtocolClient (GrpcClientProtocolClient.java:onNext(255)) - client-B268B4322F32->17750241-545b-4219-93a1-14a6ea3d85be: receive RaftClientReply:client-B268B4322F32->17750241-545b-4219-93a1-14a6ea3d85be@group-C33FBD9556F2, cid=2623, SUCCESS, logIndex=3932, commits[17750241-545b-4219-93a1-14a6ea3d85be:c3932, 4eaaa090-573e-41d3-9f8c-c99e236d806a:c3928, 5f4cf9ee-4bed-49de-adaa-861aec894328:c3928]
2019-08-23 02:48:32,727 | INFO  | DNAudit | user=null | ip=null | op=WRITE_CHUNK {blockData=conID: 3 locID: 102664012603916893 bcsId: 3928} | ret=SUCCESS |  
2019-08-23 02:48:32,727 | INFO  | DNAudit | user=null | ip=null | op=PUT_BLOCK {blockData=[blockId=conID: 3 locID: 102664012603916893 bcsId: 0,size=4194304]} | ret=SUCCESS |  
2019-08-23 02:48:32,727 | INFO  | DNAudit | user=null | ip=null | op=WRITE_CHUNK {blockData=conID: 3 locID: 102664012603916893 bcsId: 3928} | ret=SUCCESS |  
2019-08-23 02:48:32,727 | INFO  | DNAudit | user=null | ip=null | op=PUT_BLOCK {blockData=[blockId=conID: 3 locID: 102664012603916893 bcsId: 0,size=4194304]} | ret=SUCCESS |  
2019-08-23 02:48:32,728 [grpc-default-executor-5] INFO  client.GrpcClientProtocolClient (GrpcClientProtocolClient.java:onNext(255)) - client-B268B4322F32->17750241-545b-4219-93a1-14a6ea3d85be: receive RaftClientReply:client-B268B4322F32->17750241-545b-4219-93a1-14a6ea3d85be@group-C33FBD9556F2, cid=2624, SUCCESS, logIndex=0, commits[17750241-545b-4219-93a1-14a6ea3d85be:c3933, 4eaaa090-573e-41d3-9f8c-c99e236d806a:c3932, 5f4cf9ee-4bed-49de-adaa-861aec894328:c3932]
2019-08-23 02:48:32,730 | INFO  | SCMAudit | user=jenkins1000 | ip=192.168.34.22 | op=ALLOCATE_BLOCK {owner=31d65bc3-3f70-45f5-bbc5-e3a15f967ba6, size=4194304, type=RATIS, factor=THREE} | ret=SUCCESS |  
2019-08-23 02:48:32,735 | INFO  | OMAudit | user=jenkins1000 | ip=127.0.0.1 | op=ALLOCATE_BLOCK {volume=vol-0-78052, bucket=bucket-0-33874, key=key-0-20719, dataSize=2147483657, replicationType=RATIS, replicationFactor=THREE, keyLocationInfo=[], clientID=102664010308846034} | ret=SUCCESS |  
2019-08-23 02:48:32,746 | INFO  | DNAudit | user=null | ip=null | op=WRITE_CHUNK {blockData=conID: 1 locID: 102664012610273886 bcsId: 0} | ret=SUCCESS |  
2019-08-23 02:48:32,749 | INFO  | DNAudit | user=null | ip=null | op=WRITE_CHUNK {blockData=conID: 1 locID: 102664012610273886 bcsId: 0} | ret=SUCCESS |  
2019-08-23 02:48:32,749 | INFO  | DNAudit | user=null | ip=null | op=WRITE_CHUNK {blockData=conID: 1 locID: 102664012610273886 bcsId: 0} | ret=SUCCESS |  
2019-08-23 02:48:32,750 | INFO  | DNAudit | user=null | ip=null | op=WRITE_CHUNK {blockData=conID: 1 locID: 102664012610273886 bcsId: 0} | ret=SUCCESS |  
2019-08-23 02:48:32,753 | INFO  | DNAudit | user=null | ip=null | op=WRITE_CHUNK {blockData=conID: 1 locID: 102664012610273886 bcsId: 0} | ret=SUCCESS |  
2019-08-23 02:48:32,753 | INFO  | DNAudit | user=null | ip=null | op=WRITE_CHUNK {blockData=conID: 1 locID: 102664012610273886 bcsId: 0} | ret=SUCCESS |  
2019-08-23 02:48:32,774 | INFO  | DNAudit | user=null | ip=null | op=WRITE_CHUNK {blockData=conID: 1 locID: 102664012610273886 bcsId: 0} | ret=SUCCESS |  
2019-08-23 02:48:32,774 | INFO  | DNAudit | user=null | ip=null | op=PUT_BLOCK {blockData=[blockId=conID: 1 locID: 102664012610273886 bcsId: 0,size=1048576]} | ret=SUCCESS |  
2019-08-23 02:48:32,775 | INFO  | DNAudit | user=null | ip=null | op=WRITE_CHUNK {blockData=conID: 1 locID: 102664012610273886 bcsId: 0} | ret=SUCCESS |  
2019-08-23 02:48:32,774 [grpc-default-executor-1] INFO  client.GrpcClientProtocolClient (GrpcClientProtocolClient.java:onNext(255)) - client-B268B4322F32->17750241-545b-4219-93a1-14a6ea3d85be: receive RaftClientReply:client-B268B4322F32->17750241-545b-4219-93a1-14a6ea3d85be@group-C33FBD9556F2, cid=2625, SUCCESS, logIndex=3935, commits[17750241-545b-4219-93a1-14a6ea3d85be:c3936, 4eaaa090-573e-41d3-9f8c-c99e236d806a:c3934, 5f4cf9ee-4bed-49de-adaa-861aec894328:c3934]
2019-08-23 02:48:32,775 | INFO  | DNAudit | user=null | ip=null | op=WRITE_CHUNK {blockData=conID: 1 locID: 102664012610273886 bcsId: 0} | ret=SUCCESS |  
2019-08-23 02:48:32,775 | INFO  | DNAudit | user=null | ip=null | op=PUT_BLOCK {blockData=[blockId=conID: 1 locID: 102664012610273886 bcsId: 0,size=2097152]} | ret=SUCCESS |  
2019-08-23 02:48:32,775 [grpc-default-executor-1] INFO  client.GrpcClientProtocolClient (GrpcClientProtocolClient.java:onNext(255)) - client-B268B4322F32->17750241-545b-4219-93a1-14a6ea3d85be: receive RaftClientReply:client-B268B4322F32->17750241-545b-4219-93a1-14a6ea3d85be@group-C33FBD9556F2, cid=2626, SUCCESS, logIndex=3936, commits[17750241-545b-4219-93a1-14a6ea3d85be:c3938, 4eaaa090-573e-41d3-9f8c-c99e236d806a:c3934, 5f4cf9ee-4bed-49de-adaa-861aec894328:c3934]
2019-08-23 02:48:32,775 [grpc-default-executor-1] INFO  client.GrpcClientProtocolClient (GrpcClientProtocolClient.java:onNext(255)) - client-B268B4322F32->17750241-545b-4219-93a1-14a6ea3d85be: receive RaftClientReply:client-B268B4322F32->17750241-545b-4219-93a1-14a6ea3d85be@group-C33FBD9556F2, cid=2627, SUCCESS, logIndex=3937, commits[17750241-545b-4219-93a1-14a6ea3d85be:c3938, 4eaaa090-573e-41d3-9f8c-c99e236d806a:c3934, 5f4cf9ee-4bed-49de-adaa-861aec894328:c3934]
2019-08-23 02:48:32,776 [grpc-default-executor-1] INFO  client.GrpcClientProtocolClient (GrpcClientProtocolClient.java:onNext(255)) - client-B268B4322F32->17750241-545b-4219-93a1-14a6ea3d85be: receive RaftClientReply:client-B268B4322F32->17750241-545b-4219-93a1-14a6ea3d85be@group-C33FBD9556F2, cid=2628, SUCCESS, logIndex=3938, commits[17750241-545b-4219-93a1-14a6ea3d85be:c3939, 4eaaa090-573e-41d3-9f8c-c99e236d806a:c3934, 5f4cf9ee-4bed-49de-adaa-861aec894328:c3935]
2019-08-23 02:48:32,776 | INFO  | DNAudit | user=null | ip=null | op=WRITE_CHUNK {blockData=conID: 1 locID: 102664012610273886 bcsId: 0} | ret=SUCCESS |  
2019-08-23 02:48:32,776 | INFO  | DNAudit | user=null | ip=null | op=PUT_BLOCK {blockData=[blockId=conID: 1 locID: 102664012610273886 bcsId: 0,size=1048576]} | ret=SUCCESS |  
2019-08-23 02:48:32,778 | INFO  | DNAudit | user=null | ip=null | op=PUT_BLOCK {blockData=[blockId=conID: 1 locID: 102664012610273886 bcsId: 0,size=1048576]} | ret=SUCCESS |  
2019-08-23 02:48:32,778 | INFO  | DNAudit | user=null | ip=null | op=WRITE_CHUNK {blockData=conID: 1 locID: 102664012610273886 bcsId: 0} | ret=SUCCESS |  
2019-08-23 02:48:32,778 | INFO  | DNAudit | user=null | ip=null | op=PUT_BLOCK {blockData=[blockId=conID: 1 locID: 102664012610273886 bcsId: 0,size=2097152]} | ret=SUCCESS |  
2019-08-23 02:48:32,778 [grpc-default-executor-1] INFO  client.GrpcClientProtocolClient (GrpcClientProtocolClient.java:onNext(255)) - client-B268B4322F32->17750241-545b-4219-93a1-14a6ea3d85be: receive RaftClientReply:client-B268B4322F32->17750241-545b-4219-93a1-14a6ea3d85be@group-C33FBD9556F2, cid=2629, SUCCESS, logIndex=0, commits[17750241-545b-4219-93a1-14a6ea3d85be:c3940, 4eaaa090-573e-41d3-9f8c-c99e236d806a:c3936, 5f4cf9ee-4bed-49de-adaa-861aec894328:c3936]
2019-08-23 02:48:32,785 | INFO  | DNAudit | user=null | ip=null | op=WRITE_CHUNK {blockData=conID: 1 locID: 102664012610273886 bcsId: 3938} | ret=SUCCESS |  
2019-08-23 02:48:32,788 | INFO  | DNAudit | user=null | ip=null | op=WRITE_CHUNK {blockData=conID: 1 locID: 102664012610273886 bcsId: 3938} | ret=SUCCESS |  
2019-08-23 02:48:32,788 | INFO  | DNAudit | user=null | ip=null | op=WRITE_CHUNK {blockData=conID: 1 locID: 102664012610273886 bcsId: 3938} | ret=SUCCESS |  
2019-08-23 02:48:32,788 | INFO  | DNAudit | user=null | ip=null | op=WRITE_CHUNK {blockData=conID: 1 locID: 102664012610273886 bcsId: 0} | ret=SUCCESS |  
2019-08-23 02:48:32,789 | INFO  | DNAudit | user=null | ip=null | op=PUT_BLOCK {blockData=[blockId=conID: 1 locID: 102664012610273886 bcsId: 0,size=2097152]} | ret=SUCCESS |  
2019-08-23 02:48:32,790 | INFO  | DNAudit | user=null | ip=null | op=WRITE_CHUNK {blockData=conID: 1 locID: 102664012610273886 bcsId: 3938} | ret=SUCCESS |  
2019-08-23 02:48:32,790 | INFO  | DNAudit | user=null | ip=null | op=PUT_BLOCK {blockData=[blockId=conID: 1 locID: 102664012610273886 bcsId: 0,size=3145728]} | ret=SUCCESS |  
2019-08-23 02:48:32,791 [grpc-default-executor-2] INFO  client.GrpcClientProtocolClient (GrpcClientProtocolClient.java:onNext(255)) - client-B268B4322F32->17750241-545b-4219-93a1-14a6ea3d85be: receive RaftClientReply:client-B268B4322F32->17750241-545b-4219-93a1-14a6ea3d85be@group-C33FBD9556F2, cid=2630, SUCCESS, logIndex=3942, commits[17750241-545b-4219-93a1-14a6ea3d85be:c3943, 4eaaa090-573e-41d3-9f8c-c99e236d806a:c3941, 5f4cf9ee-4bed-49de-adaa-861aec894328:c3941]
2019-08-23 02:48:32,791 [grpc-default-executor-2] INFO  client.GrpcClientProtocolClient (GrpcClientProtocolClient.java:onNext(255)) - client-B268B4322F32->17750241-545b-4219-93a1-14a6ea3d85be: receive RaftClientReply:client-B268B4322F32->17750241-545b-4219-93a1-14a6ea3d85be@group-C33FBD9556F2, cid=2631, SUCCESS, logIndex=3943, commits[17750241-545b-4219-93a1-14a6ea3d85be:c3943, 4eaaa090-573e-41d3-9f8c-c99e236d806a:c3941, 5f4cf9ee-4bed-49de-adaa-861aec894328:c3941]
2019-08-23 02:48:32,797 | INFO  | DNAudit | user=null | ip=null | op=WRITE_CHUNK {blockData=conID: 1 locID: 102664012610273886 bcsId: 3943} | ret=SUCCESS |  
2019-08-23 02:48:32,800 | INFO  | DNAudit | user=null | ip=null | op=WRITE_CHUNK {blockData=conID: 1 locID: 102664012610273886 bcsId: 3943} | ret=SUCCESS |  
2019-08-23 02:48:32,801 | INFO  | DNAudit | user=null | ip=null | op=WRITE_CHUNK {blockData=conID: 1 locID: 102664012610273886 bcsId: 3943} | ret=SUCCESS |  
2019-08-23 02:48:32,803 | INFO  | DNAudit | user=null | ip=null | op=WRITE_CHUNK {blockData=conID: 1 locID: 102664012610273886 bcsId: 3938} | ret=SUCCESS |  
2019-08-23 02:48:32,803 | INFO  | DNAudit | user=null | ip=null | op=WRITE_CHUNK {blockData=conID: 1 locID: 102664012610273886 bcsId: 3938} | ret=SUCCESS |  
2019-08-23 02:48:32,814 | INFO  | DNAudit | user=null | ip=null | op=PUT_BLOCK {blockData=[blockId=conID: 1 locID: 102664012610273886 bcsId: 0,size=3145728]} | ret=SUCCESS |  
2019-08-23 02:48:32,814 | INFO  | DNAudit | user=null | ip=null | op=PUT_BLOCK {blockData=[blockId=conID: 1 locID: 102664012610273886 bcsId: 0,size=3145728]} | ret=SUCCESS |  
2019-08-23 02:48:32,814 | INFO  | DNAudit | user=null | ip=null | op=WRITE_CHUNK {blockData=conID: 1 locID: 102664012610273886 bcsId: 3943} | ret=SUCCESS |  
2019-08-23 02:48:32,815 | INFO  | DNAudit | user=null | ip=null | op=PUT_BLOCK {blockData=[blockId=conID: 1 locID: 102664012610273886 bcsId: 0,size=4194304]} | ret=SUCCESS |  
2019-08-23 02:48:32,815 [grpc-default-executor-2] INFO  client.GrpcClientProtocolClient (GrpcClientProtocolClient.java:onNext(255)) - client-B268B4322F32->17750241-545b-4219-93a1-14a6ea3d85be: receive RaftClientReply:client-B268B4322F32->17750241-545b-4219-93a1-14a6ea3d85be@group-C33FBD9556F2, cid=2632, SUCCESS, logIndex=3946, commits[17750241-545b-4219-93a1-14a6ea3d85be:c3947, 4eaaa090-573e-41d3-9f8c-c99e236d806a:c3943, 5f4cf9ee-4bed-49de-adaa-861aec894328:c3943]
2019-08-23 02:48:32,816 [grpc-default-executor-2] INFO  client.GrpcClientProtocolClient (GrpcClientProtocolClient.java:onNext(255)) - client-B268B4322F32->17750241-545b-4219-93a1-14a6ea3d85be: receive RaftClientReply:client-B268B4322F32->17750241-545b-4219-93a1-14a6ea3d85be@group-C33FBD9556F2, cid=2633, SUCCESS, logIndex=3947, commits[17750241-545b-4219-93a1-14a6ea3d85be:c3947, 4eaaa090-573e-41d3-9f8c-c99e236d806a:c3943, 5f4cf9ee-4bed-49de-adaa-861aec894328:c3943]
2019-08-23 02:48:32,826 | INFO  | DNAudit | user=null | ip=null | op=WRITE_CHUNK {blockData=conID: 1 locID: 102664012610273886 bcsId: 3943} | ret=SUCCESS |  
2019-08-23 02:48:32,826 | INFO  | DNAudit | user=null | ip=null | op=WRITE_CHUNK {blockData=conID: 1 locID: 102664012610273886 bcsId: 3943} | ret=SUCCESS |  
2019-08-23 02:48:32,828 | INFO  | DNAudit | user=null | ip=null | op=PUT_BLOCK {blockData=[blockId=conID: 1 locID: 102664012610273886 bcsId: 0,size=4194304]} | ret=SUCCESS |  
2019-08-23 02:48:32,828 | INFO  | DNAudit | user=null | ip=null | op=PUT_BLOCK {blockData=[blockId=conID: 1 locID: 102664012610273886 bcsId: 0,size=4194304]} | ret=SUCCESS |  
2019-08-23 02:48:32,829 [grpc-default-executor-2] INFO  client.GrpcClientProtocolClient (GrpcClientProtocolClient.java:onNext(255)) - client-B268B4322F32->17750241-545b-4219-93a1-14a6ea3d85be: receive RaftClientReply:client-B268B4322F32->17750241-545b-4219-93a1-14a6ea3d85be@group-C33FBD9556F2, cid=2634, SUCCESS, logIndex=0, commits[17750241-545b-4219-93a1-14a6ea3d85be:c3949, 4eaaa090-573e-41d3-9f8c-c99e236d806a:c3947, 5f4cf9ee-4bed-49de-adaa-861aec894328:c3947]
2019-08-23 02:48:32,831 | INFO  | SCMAudit | user=jenkins1000 | ip=192.168.34.22 | op=ALLOCATE_BLOCK {owner=31d65bc3-3f70-45f5-bbc5-e3a15f967ba6, size=4194304, type=RATIS, factor=THREE} | ret=SUCCESS |  
2019-08-23 02:48:32,834 | INFO  | OMAudit | user=jenkins1000 | ip=127.0.0.1 | op=ALLOCATE_BLOCK {volume=vol-0-78052, bucket=bucket-0-33874, key=key-0-20719, dataSize=2147483657, replicationType=RATIS, replicationFactor=THREE, keyLocationInfo=[], clientID=102664010308846034} | ret=SUCCESS |  
2019-08-23 02:48:32,844 | INFO  | DNAudit | user=null | ip=null | op=WRITE_CHUNK {blockData=conID: 2 locID: 102664012616893023 bcsId: 0} | ret=SUCCESS |  
2019-08-23 02:48:32,847 | INFO  | DNAudit | user=null | ip=null | op=WRITE_CHUNK {blockData=conID: 2 locID: 102664012616893023 bcsId: 0} | ret=SUCCESS |  
2019-08-23 02:48:32,847 | INFO  | DNAudit | user=null | ip=null | op=WRITE_CHUNK {blockData=conID: 2 locID: 102664012616893023 bcsId: 0} | ret=SUCCESS |  
2019-08-23 02:48:32,848 | INFO  | DNAudit | user=null | ip=null | op=WRITE_CHUNK {blockData=conID: 2 locID: 102664012616893023 bcsId: 0} | ret=SUCCESS |  
2019-08-23 02:48:32,849 | INFO  | DNAudit | user=null | ip=null | op=WRITE_CHUNK {blockData=conID: 2 locID: 102664012616893023 bcsId: 0} | ret=SUCCESS |  
2019-08-23 02:48:32,849 | INFO  | DNAudit | user=null | ip=null | op=WRITE_CHUNK {blockData=conID: 2 locID: 102664012616893023 bcsId: 0} | ret=SUCCESS |  
2019-08-23 02:48:32,859 | INFO  | DNAudit | user=null | ip=null | op=WRITE_CHUNK {blockData=conID: 2 locID: 102664012616893023 bcsId: 0} | ret=SUCCESS |  
2019-08-23 02:48:32,860 | INFO  | DNAudit | user=null | ip=null | op=PUT_BLOCK {blockData=[blockId=conID: 2 locID: 102664012616893023 bcsId: 0,size=1048576]} | ret=SUCCESS |  
2019-08-23 02:48:32,860 [grpc-default-executor-6] INFO  client.GrpcClientProtocolClient (GrpcClientProtocolClient.java:onNext(255)) - client-B268B4322F32->17750241-545b-4219-93a1-14a6ea3d85be: receive RaftClientReply:client-B268B4322F32->17750241-545b-4219-93a1-14a6ea3d85be@group-C33FBD9556F2, cid=2635, SUCCESS, logIndex=3950, commits[17750241-545b-4219-93a1-14a6ea3d85be:c3951, 4eaaa090-573e-41d3-9f8c-c99e236d806a:c3949, 5f4cf9ee-4bed-49de-adaa-861aec894328:c3949]
2019-08-23 02:48:32,860 [grpc-default-executor-6] INFO  client.GrpcClientProtocolClient (GrpcClientProtocolClient.java:onNext(255)) - client-B268B4322F32->17750241-545b-4219-93a1-14a6ea3d85be: receive RaftClientReply:client-B268B4322F32->17750241-545b-4219-93a1-14a6ea3d85be@group-C33FBD9556F2, cid=2636, SUCCESS, logIndex=3951, commits[17750241-545b-4219-93a1-14a6ea3d85be:c3951, 4eaaa090-573e-41d3-9f8c-c99e236d806a:c3949, 5f4cf9ee-4bed-49de-adaa-861aec894328:c3949]
2019-08-23 02:48:32,868 | INFO  | DNAudit | user=null | ip=null | op=WRITE_CHUNK {blockData=conID: 2 locID: 102664012616893023 bcsId: 0} | ret=SUCCESS |  
2019-08-23 02:48:32,869 | INFO  | DNAudit | user=null | ip=null | op=PUT_BLOCK {blockData=[blockId=conID: 2 locID: 102664012616893023 bcsId: 0,size=2097152]} | ret=SUCCESS |  
2019-08-23 02:48:32,869 [grpc-default-executor-6] INFO  client.GrpcClientProtocolClient (GrpcClientProtocolClient.java:onNext(255)) - client-B268B4322F32->17750241-545b-4219-93a1-14a6ea3d85be: receive RaftClientReply:client-B268B4322F32->17750241-545b-4219-93a1-14a6ea3d85be@group-C33FBD9556F2, cid=2637, SUCCESS, logIndex=3952, commits[17750241-545b-4219-93a1-14a6ea3d85be:c3953, 4eaaa090-573e-41d3-9f8c-c99e236d806a:c3949, 5f4cf9ee-4bed-49de-adaa-861aec894328:c3949]
2019-08-23 02:48:32,869 | INFO  | DNAudit | user=null | ip=null | op=WRITE_CHUNK {blockData=conID: 2 locID: 102664012616893023 bcsId: 0} | ret=SUCCESS |  
2019-08-23 02:48:32,869 [grpc-default-executor-5] INFO  client.GrpcClientProtocolClient (GrpcClientProtocolClient.java:onNext(255)) - client-B268B4322F32->17750241-545b-4219-93a1-14a6ea3d85be: receive RaftClientReply:client-B268B4322F32->17750241-545b-4219-93a1-14a6ea3d85be@group-C33FBD9556F2, cid=2638, SUCCESS, logIndex=3953, commits[17750241-545b-4219-93a1-14a6ea3d85be:c3953, 4eaaa090-573e-41d3-9f8c-c99e236d806a:c3949, 5f4cf9ee-4bed-49de-adaa-861aec894328:c3949]
2019-08-23 02:48:32,870 | INFO  | DNAudit | user=null | ip=null | op=PUT_BLOCK {blockData=[blockId=conID: 2 locID: 102664012616893023 bcsId: 0,size=1048576]} | ret=SUCCESS |  
2019-08-23 02:48:32,870 | INFO  | DNAudit | user=null | ip=null | op=WRITE_CHUNK {blockData=conID: 2 locID: 102664012616893023 bcsId: 0} | ret=SUCCESS |  
2019-08-23 02:48:32,871 | INFO  | DNAudit | user=null | ip=null | op=PUT_BLOCK {blockData=[blockId=conID: 2 locID: 102664012616893023 bcsId: 0,size=2097152]} | ret=SUCCESS |  
2019-08-23 02:48:32,872 | INFO  | DNAudit | user=null | ip=null | op=WRITE_CHUNK {blockData=conID: 2 locID: 102664012616893023 bcsId: 0} | ret=SUCCESS |  
2019-08-23 02:48:32,873 | INFO  | DNAudit | user=null | ip=null | op=PUT_BLOCK {blockData=[blockId=conID: 2 locID: 102664012616893023 bcsId: 0,size=1048576]} | ret=SUCCESS |  
2019-08-23 02:48:32,873 | INFO  | DNAudit | user=null | ip=null | op=WRITE_CHUNK {blockData=conID: 2 locID: 102664012616893023 bcsId: 0} | ret=SUCCESS |  
2019-08-23 02:48:32,873 [grpc-default-executor-5] INFO  client.GrpcClientProtocolClient (GrpcClientProtocolClient.java:onNext(255)) - client-B268B4322F32->17750241-545b-4219-93a1-14a6ea3d85be: receive RaftClientReply:client-B268B4322F32->17750241-545b-4219-93a1-14a6ea3d85be@group-C33FBD9556F2, cid=2639, SUCCESS, logIndex=0, commits[17750241-545b-4219-93a1-14a6ea3d85be:c3956, 4eaaa090-573e-41d3-9f8c-c99e236d806a:c3951, 5f4cf9ee-4bed-49de-adaa-861aec894328:c3953]
2019-08-23 02:48:32,873 | INFO  | DNAudit | user=null | ip=null | op=PUT_BLOCK {blockData=[blockId=conID: 2 locID: 102664012616893023 bcsId: 0,size=2097152]} | ret=SUCCESS |  
2019-08-23 02:48:32,880 | INFO  | DNAudit | user=null | ip=null | op=WRITE_CHUNK {blockData=conID: 2 locID: 102664012616893023 bcsId: 3953} | ret=SUCCESS |  
2019-08-23 02:48:32,882 | INFO  | DNAudit | user=null | ip=null | op=WRITE_CHUNK {blockData=conID: 2 locID: 102664012616893023 bcsId: 3953} | ret=SUCCESS |  
2019-08-23 02:48:32,882 | INFO  | DNAudit | user=null | ip=null | op=WRITE_CHUNK {blockData=conID: 2 locID: 102664012616893023 bcsId: 3953} | ret=SUCCESS |  
2019-08-23 02:48:32,892 | INFO  | DNAudit | user=null | ip=null | op=WRITE_CHUNK {blockData=conID: 2 locID: 102664012616893023 bcsId: 3953} | ret=SUCCESS |  
2019-08-23 02:48:32,893 | INFO  | DNAudit | user=null | ip=null | op=PUT_BLOCK {blockData=[blockId=conID: 2 locID: 102664012616893023 bcsId: 0,size=3145728]} | ret=SUCCESS |  
2019-08-23 02:48:32,893 [grpc-default-executor-6] INFO  client.GrpcClientProtocolClient (GrpcClientProtocolClient.java:onNext(255)) - client-B268B4322F32->17750241-545b-4219-93a1-14a6ea3d85be: receive RaftClientReply:client-B268B4322F32->17750241-545b-4219-93a1-14a6ea3d85be@group-C33FBD9556F2, cid=2640, SUCCESS, logIndex=3957, commits[17750241-545b-4219-93a1-14a6ea3d85be:c3958, 4eaaa090-573e-41d3-9f8c-c99e236d806a:c3956, 5f4cf9ee-4bed-49de-adaa-861aec894328:c3956]
2019-08-23 02:48:32,893 [grpc-default-executor-6] INFO  client.GrpcClientProtocolClient (GrpcClientProtocolClient.java:onNext(255)) - client-B268B4322F32->17750241-545b-4219-93a1-14a6ea3d85be: receive RaftClientReply:client-B268B4322F32->17750241-545b-4219-93a1-14a6ea3d85be@group-C33FBD9556F2, cid=2641, SUCCESS, logIndex=3958, commits[17750241-545b-4219-93a1-14a6ea3d85be:c3958, 4eaaa090-573e-41d3-9f8c-c99e236d806a:c3956, 5f4cf9ee-4bed-49de-adaa-861aec894328:c3956]
2019-08-23 02:48:32,900 | INFO  | DNAudit | user=null | ip=null | op=WRITE_CHUNK {blockData=conID: 2 locID: 102664012616893023 bcsId: 3958} | ret=SUCCESS |  
2019-08-23 02:48:32,902 | INFO  | DNAudit | user=null | ip=null | op=WRITE_CHUNK {blockData=conID: 2 locID: 102664012616893023 bcsId: 3958} | ret=SUCCESS |  
2019-08-23 02:48:32,902 | INFO  | DNAudit | user=null | ip=null | op=WRITE_CHUNK {blockData=conID: 2 locID: 102664012616893023 bcsId: 3958} | ret=SUCCESS |  
2019-08-23 02:48:32,904 | INFO  | DNAudit | user=null | ip=null | op=WRITE_CHUNK {blockData=conID: 2 locID: 102664012616893023 bcsId: 3953} | ret=SUCCESS |  
2019-08-23 02:48:32,904 | INFO  | DNAudit | user=null | ip=null | op=WRITE_CHUNK {blockData=conID: 2 locID: 102664012616893023 bcsId: 3953} | ret=SUCCESS |  
2019-08-23 02:48:32,905 | INFO  | DNAudit | user=null | ip=null | op=PUT_BLOCK {blockData=[blockId=conID: 2 locID: 102664012616893023 bcsId: 0,size=3145728]} | ret=SUCCESS |  
2019-08-23 02:48:32,906 | INFO  | DNAudit | user=null | ip=null | op=PUT_BLOCK {blockData=[blockId=conID: 2 locID: 102664012616893023 bcsId: 0,size=3145728]} | ret=SUCCESS |  
2019-08-23 02:48:32,906 | INFO  | DNAudit | user=null | ip=null | op=WRITE_CHUNK {blockData=conID: 2 locID: 102664012616893023 bcsId: 3958} | ret=SUCCESS |  
2019-08-23 02:48:32,907 | INFO  | DNAudit | user=null | ip=null | op=PUT_BLOCK {blockData=[blockId=conID: 2 locID: 102664012616893023 bcsId: 0,size=4194304]} | ret=SUCCESS |  
2019-08-23 02:48:32,907 [grpc-default-executor-1] INFO  client.GrpcClientProtocolClient (GrpcClientProtocolClient.java:onNext(255)) - client-B268B4322F32->17750241-545b-4219-93a1-14a6ea3d85be: receive RaftClientReply:client-B268B4322F32->17750241-545b-4219-93a1-14a6ea3d85be@group-C33FBD9556F2, cid=2642, SUCCESS, logIndex=3961, commits[17750241-545b-4219-93a1-14a6ea3d85be:c3961, 4eaaa090-573e-41d3-9f8c-c99e236d806a:c3958, 5f4cf9ee-4bed-49de-adaa-861aec894328:c3958]
2019-08-23 02:48:32,907 [grpc-default-executor-1] INFO  client.GrpcClientProtocolClient (GrpcClientProtocolClient.java:onNext(255)) - client-B268B4322F32->17750241-545b-4219-93a1-14a6ea3d85be: receive RaftClientReply:client-B268B4322F32->17750241-545b-4219-93a1-14a6ea3d85be@group-C33FBD9556F2, cid=2643, SUCCESS, logIndex=3962, commits[17750241-545b-4219-93a1-14a6ea3d85be:c3962, 4eaaa090-573e-41d3-9f8c-c99e236d806a:c3958, 5f4cf9ee-4bed-49de-adaa-861aec894328:c3958]
2019-08-23 02:48:32,931 | INFO  | DNAudit | user=null | ip=null | op=WRITE_CHUNK {blockData=conID: 2 locID: 102664012616893023 bcsId: 3958} | ret=SUCCESS |  
2019-08-23 02:48:32,932 | INFO  | DNAudit | user=null | ip=null | op=WRITE_CHUNK {blockData=conID: 2 locID: 102664012616893023 bcsId: 3958} | ret=SUCCESS |  
2019-08-23 02:48:32,934 | INFO  | DNAudit | user=null | ip=null | op=PUT_BLOCK {blockData=[blockId=conID: 2 locID: 102664012616893023 bcsId: 0,size=4194304]} | ret=SUCCESS |  
2019-08-23 02:48:32,934 | INFO  | DNAudit | user=null | ip=null | op=PUT_BLOCK {blockData=[blockId=conID: 2 locID: 102664012616893023 bcsId: 0,size=4194304]} | ret=SUCCESS |  
2019-08-23 02:48:32,934 [grpc-default-executor-1] INFO  client.GrpcClientProtocolClient (GrpcClientProtocolClient.java:onNext(255)) - client-B268B4322F32->17750241-545b-4219-93a1-14a6ea3d85be: receive RaftClientReply:client-B268B4322F32->17750241-545b-4219-93a1-14a6ea3d85be@group-C33FBD9556F2, cid=2644, SUCCESS, logIndex=0, commits[17750241-545b-4219-93a1-14a6ea3d85be:c3964, 4eaaa090-573e-41d3-9f8c-c99e236d806a:c3962, 5f4cf9ee-4bed-49de-adaa-861aec894328:c3962]
2019-08-23 02:48:32,936 | INFO  | SCMAudit | user=jenkins1000 | ip=192.168.34.22 | op=ALLOCATE_BLOCK {owner=31d65bc3-3f70-45f5-bbc5-e3a15f967ba6, size=4194304, type=RATIS, factor=THREE} | ret=SUCCESS |  
2019-08-23 02:48:32,939 | INFO  | OMAudit | user=jenkins1000 | ip=127.0.0.1 | op=ALLOCATE_BLOCK {volume=vol-0-78052, bucket=bucket-0-33874, key=key-0-20719, dataSize=2147483657, replicationType=RATIS, replicationFactor=THREE, keyLocationInfo=[], clientID=102664010308846034} | ret=SUCCESS |  
2019-08-23 02:48:32,950 | INFO  | DNAudit | user=null | ip=null | op=WRITE_CHUNK {blockData=conID: 3 locID: 102664012623774304 bcsId: 0} | ret=SUCCESS |  
2019-08-23 02:48:32,953 | INFO  | DNAudit | user=null | ip=null | op=WRITE_CHUNK {blockData=conID: 3 locID: 102664012623774304 bcsId: 0} | ret=SUCCESS |  
2019-08-23 02:48:32,953 | INFO  | DNAudit | user=null | ip=null | op=WRITE_CHUNK {blockData=conID: 3 locID: 102664012623774304 bcsId: 0} | ret=SUCCESS |  
2019-08-23 02:48:32,954 | INFO  | DNAudit | user=null | ip=null | op=WRITE_CHUNK {blockData=conID: 3 locID: 102664012623774304 bcsId: 0} | ret=SUCCESS |  
2019-08-23 02:48:32,955 | INFO  | DNAudit | user=null | ip=null | op=WRITE_CHUNK {blockData=conID: 3 locID: 102664012623774304 bcsId: 0} | ret=SUCCESS |  
2019-08-23 02:48:32,955 | INFO  | DNAudit | user=null | ip=null | op=WRITE_CHUNK {blockData=conID: 3 locID: 102664012623774304 bcsId: 0} | ret=SUCCESS |  
2019-08-23 02:48:32,963 | INFO  | DNAudit | user=null | ip=null | op=WRITE_CHUNK {blockData=conID: 3 locID: 102664012623774304 bcsId: 0} | ret=SUCCESS |  
2019-08-23 02:48:32,963 | INFO  | DNAudit | user=null | ip=null | op=PUT_BLOCK {blockData=[blockId=conID: 3 locID: 102664012623774304 bcsId: 0,size=1048576]} | ret=SUCCESS |  
2019-08-23 02:48:32,964 | INFO  | DNAudit | user=null | ip=null | op=WRITE_CHUNK {blockData=conID: 3 locID: 102664012623774304 bcsId: 0} | ret=SUCCESS |  
2019-08-23 02:48:32,963 [grpc-default-executor-1] INFO  client.GrpcClientProtocolClient (GrpcClientProtocolClient.java:onNext(255)) - client-B268B4322F32->17750241-545b-4219-93a1-14a6ea3d85be: receive RaftClientReply:client-B268B4322F32->17750241-545b-4219-93a1-14a6ea3d85be@group-C33FBD9556F2, cid=2645, SUCCESS, logIndex=3965, commits[17750241-545b-4219-93a1-14a6ea3d85be:c3967, 4eaaa090-573e-41d3-9f8c-c99e236d806a:c3964, 5f4cf9ee-4bed-49de-adaa-861aec894328:c3964]
2019-08-23 02:48:32,964 | INFO  | DNAudit | user=null | ip=null | op=PUT_BLOCK {blockData=[blockId=conID: 3 locID: 102664012623774304 bcsId: 0,size=2097152]} | ret=SUCCESS |  
2019-08-23 02:48:32,964 | INFO  | DNAudit | user=null | ip=null | op=WRITE_CHUNK {blockData=conID: 3 locID: 102664012623774304 bcsId: 0} | ret=SUCCESS |  
2019-08-23 02:48:32,964 [grpc-default-executor-1] INFO  client.GrpcClientProtocolClient (GrpcClientProtocolClient.java:onNext(255)) - client-B268B4322F32->17750241-545b-4219-93a1-14a6ea3d85be: receive RaftClientReply:client-B268B4322F32->17750241-545b-4219-93a1-14a6ea3d85be@group-C33FBD9556F2, cid=2646, SUCCESS, logIndex=3966, commits[17750241-545b-4219-93a1-14a6ea3d85be:c3968, 4eaaa090-573e-41d3-9f8c-c99e236d806a:c3964, 5f4cf9ee-4bed-49de-adaa-861aec894328:c3964]
2019-08-23 02:48:32,964 [grpc-default-executor-1] INFO  client.GrpcClientProtocolClient (GrpcClientProtocolClient.java:onNext(255)) - client-B268B4322F32->17750241-545b-4219-93a1-14a6ea3d85be: receive RaftClientReply:client-B268B4322F32->17750241-545b-4219-93a1-14a6ea3d85be@group-C33FBD9556F2, cid=2647, SUCCESS, logIndex=3967, commits[17750241-545b-4219-93a1-14a6ea3d85be:c3968, 4eaaa090-573e-41d3-9f8c-c99e236d806a:c3964, 5f4cf9ee-4bed-49de-adaa-861aec894328:c3964]
2019-08-23 02:48:32,964 [grpc-default-executor-1] INFO  client.GrpcClientProtocolClient (GrpcClientProtocolClient.java:onNext(255)) - client-B268B4322F32->17750241-545b-4219-93a1-14a6ea3d85be: receive RaftClientReply:client-B268B4322F32->17750241-545b-4219-93a1-14a6ea3d85be@group-C33FBD9556F2, cid=2648, SUCCESS, logIndex=3968, commits[17750241-545b-4219-93a1-14a6ea3d85be:c3968, 4eaaa090-573e-41d3-9f8c-c99e236d806a:c3964, 5f4cf9ee-4bed-49de-adaa-861aec894328:c3964]
2019-08-23 02:48:32,966 | INFO  | DNAudit | user=null | ip=null | op=WRITE_CHUNK {blockData=conID: 3 locID: 102664012623774304 bcsId: 0} | ret=SUCCESS |  
2019-08-23 02:48:32,966 | INFO  | DNAudit | user=null | ip=null | op=PUT_BLOCK {blockData=[blockId=conID: 3 locID: 102664012623774304 bcsId: 0,size=1048576]} | ret=SUCCESS |  
2019-08-23 02:48:32,966 | INFO  | DNAudit | user=null | ip=null | op=WRITE_CHUNK {blockData=conID: 3 locID: 102664012623774304 bcsId: 0} | ret=SUCCESS |  
2019-08-23 02:48:32,977 | INFO  | DNAudit | user=null | ip=null | op=PUT_BLOCK {blockData=[blockId=conID: 3 locID: 102664012623774304 bcsId: 0,size=1048576]} | ret=SUCCESS |  
2019-08-23 02:48:32,978 | INFO  | DNAudit | user=null | ip=null | op=WRITE_CHUNK {blockData=conID: 3 locID: 102664012623774304 bcsId: 0} | ret=SUCCESS |  
2019-08-23 02:48:32,978 | INFO  | DNAudit | user=null | ip=null | op=PUT_BLOCK {blockData=[blockId=conID: 3 locID: 102664012623774304 bcsId: 0,size=2097152]} | ret=SUCCESS |  
2019-08-23 02:48:32,978 | INFO  | DNAudit | user=null | ip=null | op=PUT_BLOCK {blockData=[blockId=conID: 3 locID: 102664012623774304 bcsId: 0,size=2097152]} | ret=SUCCESS |  
2019-08-23 02:48:32,978 [grpc-default-executor-1] INFO  client.GrpcClientProtocolClient (GrpcClientProtocolClient.java:onNext(255)) - client-B268B4322F32->17750241-545b-4219-93a1-14a6ea3d85be: receive RaftClientReply:client-B268B4322F32->17750241-545b-4219-93a1-14a6ea3d85be@group-C33FBD9556F2, cid=2649, SUCCESS, logIndex=0, commits[17750241-545b-4219-93a1-14a6ea3d85be:c3971, 4eaaa090-573e-41d3-9f8c-c99e236d806a:c3966, 5f4cf9ee-4bed-49de-adaa-861aec894328:c3967]
2019-08-23 02:48:32,985 | INFO  | DNAudit | user=null | ip=null | op=WRITE_CHUNK {blockData=conID: 3 locID: 102664012623774304 bcsId: 3968} | ret=SUCCESS |  
2019-08-23 02:48:32,987 | INFO  | DNAudit | user=null | ip=null | op=WRITE_CHUNK {blockData=conID: 3 locID: 102664012623774304 bcsId: 3968} | ret=SUCCESS |  
2019-08-23 02:48:32,988 | INFO  | DNAudit | user=null | ip=null | op=WRITE_CHUNK {blockData=conID: 3 locID: 102664012623774304 bcsId: 3968} | ret=SUCCESS |  
2019-08-23 02:48:32,998 | INFO  | DNAudit | user=null | ip=null | op=WRITE_CHUNK {blockData=conID: 3 locID: 102664012623774304 bcsId: 3968} | ret=SUCCESS |  
2019-08-23 02:48:32,998 | INFO  | DNAudit | user=null | ip=null | op=PUT_BLOCK {blockData=[blockId=conID: 3 locID: 102664012623774304 bcsId: 0,size=3145728]} | ret=SUCCESS |  
2019-08-23 02:48:32,999 [grpc-default-executor-1] INFO  client.GrpcClientProtocolClient (GrpcClientProtocolClient.java:onNext(255)) - client-B268B4322F32->17750241-545b-4219-93a1-14a6ea3d85be: receive RaftClientReply:client-B268B4322F32->17750241-545b-4219-93a1-14a6ea3d85be@group-C33FBD9556F2, cid=2650, SUCCESS, logIndex=3973, commits[17750241-545b-4219-93a1-14a6ea3d85be:c3973, 4eaaa090-573e-41d3-9f8c-c99e236d806a:c3972, 5f4cf9ee-4bed-49de-adaa-861aec894328:c3972]
2019-08-23 02:48:32,999 [grpc-default-executor-1] INFO  client.GrpcClientProtocolClient (GrpcClientProtocolClient.java:onNext(255)) - client-B268B4322F32->17750241-545b-4219-93a1-14a6ea3d85be: receive RaftClientReply:client-B268B4322F32->17750241-545b-4219-93a1-14a6ea3d85be@group-C33FBD9556F2, cid=2651, SUCCESS, logIndex=3974, commits[17750241-545b-4219-93a1-14a6ea3d85be:c3974, 4eaaa090-573e-41d3-9f8c-c99e236d806a:c3972, 5f4cf9ee-4bed-49de-adaa-861aec894328:c3972]
2019-08-23 02:48:33,007 | INFO  | DNAudit | user=null | ip=null | op=WRITE_CHUNK {blockData=conID: 3 locID: 102664012623774304 bcsId: 3974} | ret=SUCCESS |  
2019-08-23 02:48:33,009 | INFO  | DNAudit | user=null | ip=null | op=WRITE_CHUNK {blockData=conID: 3 locID: 102664012623774304 bcsId: 3974} | ret=SUCCESS |  
2019-08-23 02:48:33,009 | INFO  | DNAudit | user=null | ip=null | op=WRITE_CHUNK {blockData=conID: 3 locID: 102664012623774304 bcsId: 3968} | ret=SUCCESS |  
2019-08-23 02:48:33,009 | INFO  | DNAudit | user=null | ip=null | op=WRITE_CHUNK {blockData=conID: 3 locID: 102664012623774304 bcsId: 3974} | ret=SUCCESS |  
2019-08-23 02:48:33,009 | INFO  | DNAudit | user=null | ip=null | op=WRITE_CHUNK {blockData=conID: 3 locID: 102664012623774304 bcsId: 3968} | ret=SUCCESS |  
2019-08-23 02:48:33,011 | INFO  | DNAudit | user=null | ip=null | op=PUT_BLOCK {blockData=[blockId=conID: 3 locID: 102664012623774304 bcsId: 0,size=3145728]} | ret=SUCCESS |  
2019-08-23 02:48:33,012 | INFO  | DNAudit | user=null | ip=null | op=WRITE_CHUNK {blockData=conID: 3 locID: 102664012623774304 bcsId: 3974} | ret=SUCCESS |  
2019-08-23 02:48:33,012 | INFO  | DNAudit | user=null | ip=null | op=PUT_BLOCK {blockData=[blockId=conID: 3 locID: 102664012623774304 bcsId: 0,size=3145728]} | ret=SUCCESS |  
2019-08-23 02:48:33,012 | INFO  | DNAudit | user=null | ip=null | op=PUT_BLOCK {blockData=[blockId=conID: 3 locID: 102664012623774304 bcsId: 0,size=4194304]} | ret=SUCCESS |  
2019-08-23 02:48:33,012 [grpc-default-executor-6] INFO  client.GrpcClientProtocolClient (GrpcClientProtocolClient.java:onNext(255)) - client-B268B4322F32->17750241-545b-4219-93a1-14a6ea3d85be: receive RaftClientReply:client-B268B4322F32->17750241-545b-4219-93a1-14a6ea3d85be@group-C33FBD9556F2, cid=2652, SUCCESS, logIndex=3977, commits[17750241-545b-4219-93a1-14a6ea3d85be:c3978, 4eaaa090-573e-41d3-9f8c-c99e236d806a:c3974, 5f4cf9ee-4bed-49de-adaa-861aec894328:c3974]
2019-08-23 02:48:33,013 | INFO  | DNAudit | user=null | ip=null | op=WRITE_CHUNK {blockData=conID: 3 locID: 102664012623774304 bcsId: 3974} | ret=SUCCESS |  
2019-08-23 02:48:33,013 [grpc-default-executor-1] INFO  client.GrpcClientProtocolClient (GrpcClientProtocolClient.java:onNext(255)) - client-B268B4322F32->17750241-545b-4219-93a1-14a6ea3d85be: receive RaftClientReply:client-B268B4322F32->17750241-545b-4219-93a1-14a6ea3d85be@group-C33FBD9556F2, cid=2653, SUCCESS, logIndex=3978, commits[17750241-545b-4219-93a1-14a6ea3d85be:c3978, 4eaaa090-573e-41d3-9f8c-c99e236d806a:c3974, 5f4cf9ee-4bed-49de-adaa-861aec894328:c3974]
2019-08-23 02:48:33,013 | INFO  | DNAudit | user=null | ip=null | op=PUT_BLOCK {blockData=[blockId=conID: 3 locID: 102664012623774304 bcsId: 0,size=4194304]} | ret=SUCCESS |  
2019-08-23 02:48:33,015 | INFO  | DNAudit | user=null | ip=null | op=WRITE_CHUNK {blockData=conID: 3 locID: 102664012623774304 bcsId: 3974} | ret=SUCCESS |  
2019-08-23 02:48:33,016 | INFO  | DNAudit | user=null | ip=null | op=PUT_BLOCK {blockData=[blockId=conID: 3 locID: 102664012623774304 bcsId: 0,size=4194304]} | ret=SUCCESS |  
2019-08-23 02:48:33,016 [grpc-default-executor-1] INFO  client.GrpcClientProtocolClient (GrpcClientProtocolClient.java:onNext(255)) - client-B268B4322F32->17750241-545b-4219-93a1-14a6ea3d85be: receive RaftClientReply:client-B268B4322F32->17750241-545b-4219-93a1-14a6ea3d85be@group-C33FBD9556F2, cid=2654, SUCCESS, logIndex=0, commits[17750241-545b-4219-93a1-14a6ea3d85be:c3979, 4eaaa090-573e-41d3-9f8c-c99e236d806a:c3978, 5f4cf9ee-4bed-49de-adaa-861aec894328:c3978]
2019-08-23 02:48:33,018 | INFO  | SCMAudit | user=jenkins1000 | ip=192.168.34.22 | op=ALLOCATE_BLOCK {owner=31d65bc3-3f70-45f5-bbc5-e3a15f967ba6, size=4194304, type=RATIS, factor=THREE} | ret=SUCCESS |  
2019-08-23 02:48:33,021 | INFO  | OMAudit | user=jenkins1000 | ip=127.0.0.1 | op=ALLOCATE_BLOCK {volume=vol-0-78052, bucket=bucket-0-33874, key=key-0-20719, dataSize=2147483657, replicationType=RATIS, replicationFactor=THREE, keyLocationInfo=[], clientID=102664010308846034} | ret=SUCCESS |  
2019-08-23 02:48:33,032 | INFO  | DNAudit | user=null | ip=null | op=WRITE_CHUNK {blockData=conID: 1 locID: 102664012629082721 bcsId: 0} | ret=SUCCESS |  
2019-08-23 02:48:33,035 | INFO  | DNAudit | user=null | ip=null | op=WRITE_CHUNK {blockData=conID: 1 locID: 102664012629082721 bcsId: 0} | ret=SUCCESS |  
2019-08-23 02:48:33,035 | INFO  | DNAudit | user=null | ip=null | op=WRITE_CHUNK {blockData=conID: 1 locID: 102664012629082721 bcsId: 0} | ret=SUCCESS |  
2019-08-23 02:48:33,035 | INFO  | DNAudit | user=null | ip=null | op=WRITE_CHUNK {blockData=conID: 1 locID: 102664012629082721 bcsId: 0} | ret=SUCCESS |  
2019-08-23 02:48:33,036 | INFO  | DNAudit | user=null | ip=null | op=WRITE_CHUNK {blockData=conID: 1 locID: 102664012629082721 bcsId: 0} | ret=SUCCESS |  
2019-08-23 02:48:33,036 | INFO  | DNAudit | user=null | ip=null | op=WRITE_CHUNK {blockData=conID: 1 locID: 102664012629082721 bcsId: 0} | ret=SUCCESS |  
2019-08-23 02:48:33,048 | INFO  | DNAudit | user=null | ip=null | op=WRITE_CHUNK {blockData=conID: 1 locID: 102664012629082721 bcsId: 0} | ret=SUCCESS |  
2019-08-23 02:48:33,049 | INFO  | DNAudit | user=null | ip=null | op=PUT_BLOCK {blockData=[blockId=conID: 1 locID: 102664012629082721 bcsId: 0,size=1048576]} | ret=SUCCESS |  
2019-08-23 02:48:33,049 | INFO  | DNAudit | user=null | ip=null | op=WRITE_CHUNK {blockData=conID: 1 locID: 102664012629082721 bcsId: 0} | ret=SUCCESS |  
2019-08-23 02:48:33,049 [grpc-default-executor-6] INFO  client.GrpcClientProtocolClient (GrpcClientProtocolClient.java:onNext(255)) - client-B268B4322F32->17750241-545b-4219-93a1-14a6ea3d85be: receive RaftClientReply:client-B268B4322F32->17750241-545b-4219-93a1-14a6ea3d85be@group-C33FBD9556F2, cid=2655, SUCCESS, logIndex=3981, commits[17750241-545b-4219-93a1-14a6ea3d85be:c3982, 4eaaa090-573e-41d3-9f8c-c99e236d806a:c3980, 5f4cf9ee-4bed-49de-adaa-861aec894328:c3980]
2019-08-23 02:48:33,050 | INFO  | DNAudit | user=null | ip=null | op=PUT_BLOCK {blockData=[blockId=conID: 1 locID: 102664012629082721 bcsId: 0,size=2097152]} | ret=SUCCESS |  
2019-08-23 02:48:33,050 [grpc-default-executor-6] INFO  client.GrpcClientProtocolClient (GrpcClientProtocolClient.java:onNext(255)) - client-B268B4322F32->17750241-545b-4219-93a1-14a6ea3d85be: receive RaftClientReply:client-B268B4322F32->17750241-545b-4219-93a1-14a6ea3d85be@group-C33FBD9556F2, cid=2656, SUCCESS, logIndex=3982, commits[17750241-545b-4219-93a1-14a6ea3d85be:c3984, 4eaaa090-573e-41d3-9f8c-c99e236d806a:c3980, 5f4cf9ee-4bed-49de-adaa-861aec894328:c3980]
2019-08-23 02:48:33,051 [grpc-default-executor-6] INFO  client.GrpcClientProtocolClient (GrpcClientProtocolClient.java:onNext(255)) - client-B268B4322F32->17750241-545b-4219-93a1-14a6ea3d85be: receive RaftClientReply:client-B268B4322F32->17750241-545b-4219-93a1-14a6ea3d85be@group-C33FBD9556F2, cid=2657, SUCCESS, logIndex=3983, commits[17750241-545b-4219-93a1-14a6ea3d85be:c3984, 4eaaa090-573e-41d3-9f8c-c99e236d806a:c3980, 5f4cf9ee-4bed-49de-adaa-861aec894328:c3980]
2019-08-23 02:48:33,051 [grpc-default-executor-6] INFO  client.GrpcClientProtocolClient (GrpcClientProtocolClient.java:onNext(255)) - client-B268B4322F32->17750241-545b-4219-93a1-14a6ea3d85be: receive RaftClientReply:client-B268B4322F32->17750241-545b-4219-93a1-14a6ea3d85be@group-C33FBD9556F2, cid=2658, SUCCESS, logIndex=3984, commits[17750241-545b-4219-93a1-14a6ea3d85be:c3984, 4eaaa090-573e-41d3-9f8c-c99e236d806a:c3980, 5f4cf9ee-4bed-49de-adaa-861aec894328:c3980]
2019-08-23 02:48:33,061 | INFO  | DNAudit | user=null | ip=null | op=WRITE_CHUNK {blockData=conID: 1 locID: 102664012629082721 bcsId: 0} | ret=SUCCESS |  
2019-08-23 02:48:33,061 | INFO  | DNAudit | user=null | ip=null | op=WRITE_CHUNK {blockData=conID: 1 locID: 102664012629082721 bcsId: 0} | ret=SUCCESS |  
2019-08-23 02:48:33,062 | INFO  | DNAudit | user=null | ip=null | op=PUT_BLOCK {blockData=[blockId=conID: 1 locID: 102664012629082721 bcsId: 0,size=1048576]} | ret=SUCCESS |  
2019-08-23 02:48:33,072 | INFO  | DNAudit | user=null | ip=null | op=PUT_BLOCK {blockData=[blockId=conID: 1 locID: 102664012629082721 bcsId: 0,size=1048576]} | ret=SUCCESS |  
2019-08-23 02:48:33,073 | INFO  | DNAudit | user=null | ip=null | op=WRITE_CHUNK {blockData=conID: 1 locID: 102664012629082721 bcsId: 0} | ret=SUCCESS |  
2019-08-23 02:48:33,073 | INFO  | DNAudit | user=null | ip=null | op=WRITE_CHUNK {blockData=conID: 1 locID: 102664012629082721 bcsId: 0} | ret=SUCCESS |  
2019-08-23 02:48:33,073 | INFO  | DNAudit | user=null | ip=null | op=PUT_BLOCK {blockData=[blockId=conID: 1 locID: 102664012629082721 bcsId: 0,size=2097152]} | ret=SUCCESS |  
2019-08-23 02:48:33,073 | INFO  | DNAudit | user=null | ip=null | op=PUT_BLOCK {blockData=[blockId=conID: 1 locID: 102664012629082721 bcsId: 0,size=2097152]} | ret=SUCCESS |  
2019-08-23 02:48:33,073 [grpc-default-executor-1] INFO  client.GrpcClientProtocolClient (GrpcClientProtocolClient.java:onNext(255)) - client-B268B4322F32->17750241-545b-4219-93a1-14a6ea3d85be: receive RaftClientReply:client-B268B4322F32->17750241-545b-4219-93a1-14a6ea3d85be@group-C33FBD9556F2, cid=2659, SUCCESS, logIndex=0, commits[17750241-545b-4219-93a1-14a6ea3d85be:c3986, 4eaaa090-573e-41d3-9f8c-c99e236d806a:c3982, 5f4cf9ee-4bed-49de-adaa-861aec894328:c3982]
2019-08-23 02:48:33,080 | INFO  | DNAudit | user=null | ip=null | op=WRITE_CHUNK {blockData=conID: 1 locID: 102664012629082721 bcsId: 3984} | ret=SUCCESS |  
2019-08-23 02:48:33,082 | INFO  | DNAudit | user=null | ip=null | op=WRITE_CHUNK {blockData=conID: 1 locID: 102664012629082721 bcsId: 3984} | ret=SUCCESS |  
2019-08-23 02:48:33,083 | INFO  | DNAudit | user=null | ip=null | op=WRITE_CHUNK {blockData=conID: 1 locID: 102664012629082721 bcsId: 3984} | ret=SUCCESS |  
2019-08-23 02:48:33,092 | INFO  | DNAudit | user=null | ip=null | op=WRITE_CHUNK {blockData=conID: 1 locID: 102664012629082721 bcsId: 3984} | ret=SUCCESS |  
2019-08-23 02:48:33,092 | INFO  | DNAudit | user=null | ip=null | op=PUT_BLOCK {blockData=[blockId=conID: 1 locID: 102664012629082721 bcsId: 0,size=3145728]} | ret=SUCCESS |  
2019-08-23 02:48:33,092 [grpc-default-executor-2] INFO  client.GrpcClientProtocolClient (GrpcClientProtocolClient.java:onNext(255)) - client-B268B4322F32->17750241-545b-4219-93a1-14a6ea3d85be: receive RaftClientReply:client-B268B4322F32->17750241-545b-4219-93a1-14a6ea3d85be@group-C33FBD9556F2, cid=2660, SUCCESS, logIndex=3989, commits[17750241-545b-4219-93a1-14a6ea3d85be:c3990, 4eaaa090-573e-41d3-9f8c-c99e236d806a:c3988, 5f4cf9ee-4bed-49de-adaa-861aec894328:c3988]
2019-08-23 02:48:33,093 [grpc-default-executor-2] INFO  client.GrpcClientProtocolClient (GrpcClientProtocolClient.java:onNext(255)) - client-B268B4322F32->17750241-545b-4219-93a1-14a6ea3d85be: receive RaftClientReply:client-B268B4322F32->17750241-545b-4219-93a1-14a6ea3d85be@group-C33FBD9556F2, cid=2661, SUCCESS, logIndex=3990, commits[17750241-545b-4219-93a1-14a6ea3d85be:c3990, 4eaaa090-573e-41d3-9f8c-c99e236d806a:c3988, 5f4cf9ee-4bed-49de-adaa-861aec894328:c3988]
2019-08-23 02:48:33,098 | INFO  | DNAudit | user=null | ip=null | op=WRITE_CHUNK {blockData=conID: 1 locID: 102664012629082721 bcsId: 3990} | ret=SUCCESS |  
2019-08-23 02:48:33,101 | INFO  | DNAudit | user=null | ip=null | op=WRITE_CHUNK {blockData=conID: 1 locID: 102664012629082721 bcsId: 3990} | ret=SUCCESS |  
2019-08-23 02:48:33,101 | INFO  | DNAudit | user=null | ip=null | op=WRITE_CHUNK {blockData=conID: 1 locID: 102664012629082721 bcsId: 3990} | ret=SUCCESS |  
2019-08-23 02:48:33,103 | INFO  | DNAudit | user=null | ip=null | op=WRITE_CHUNK {blockData=conID: 1 locID: 102664012629082721 bcsId: 3984} | ret=SUCCESS |  
2019-08-23 02:48:33,103 | INFO  | DNAudit | user=null | ip=null | op=WRITE_CHUNK {blockData=conID: 1 locID: 102664012629082721 bcsId: 3984} | ret=SUCCESS |  
2019-08-23 02:48:33,106 | INFO  | DNAudit | user=null | ip=null | op=PUT_BLOCK {blockData=[blockId=conID: 1 locID: 102664012629082721 bcsId: 0,size=3145728]} | ret=SUCCESS |  
2019-08-23 02:48:33,106 | INFO  | DNAudit | user=null | ip=null | op=PUT_BLOCK {blockData=[blockId=conID: 1 locID: 102664012629082721 bcsId: 0,size=3145728]} | ret=SUCCESS |  
2019-08-23 02:48:33,107 | INFO  | DNAudit | user=null | ip=null | op=WRITE_CHUNK {blockData=conID: 1 locID: 102664012629082721 bcsId: 3990} | ret=SUCCESS |  
2019-08-23 02:48:33,107 | INFO  | DNAudit | user=null | ip=null | op=PUT_BLOCK {blockData=[blockId=conID: 1 locID: 102664012629082721 bcsId: 0,size=4194304]} | ret=SUCCESS |  
2019-08-23 02:48:33,107 [grpc-default-executor-1] INFO  client.GrpcClientProtocolClient (GrpcClientProtocolClient.java:onNext(255)) - client-B268B4322F32->17750241-545b-4219-93a1-14a6ea3d85be: receive RaftClientReply:client-B268B4322F32->17750241-545b-4219-93a1-14a6ea3d85be@group-C33FBD9556F2, cid=2662, SUCCESS, logIndex=3993, commits[17750241-545b-4219-93a1-14a6ea3d85be:c3994, 4eaaa090-573e-41d3-9f8c-c99e236d806a:c3990, 5f4cf9ee-4bed-49de-adaa-861aec894328:c3990]
2019-08-23 02:48:33,108 [grpc-default-executor-1] INFO  client.GrpcClientProtocolClient (GrpcClientProtocolClient.java:onNext(255)) - client-B268B4322F32->17750241-545b-4219-93a1-14a6ea3d85be: receive RaftClientReply:client-B268B4322F32->17750241-545b-4219-93a1-14a6ea3d85be@group-C33FBD9556F2, cid=2663, SUCCESS, logIndex=3994, commits[17750241-545b-4219-93a1-14a6ea3d85be:c3994, 4eaaa090-573e-41d3-9f8c-c99e236d806a:c3990, 5f4cf9ee-4bed-49de-adaa-861aec894328:c3990]
2019-08-23 02:48:33,108 | INFO  | DNAudit | user=null | ip=null | op=WRITE_CHUNK {blockData=conID: 1 locID: 102664012629082721 bcsId: 3990} | ret=SUCCESS |  
2019-08-23 02:48:33,108 | INFO  | DNAudit | user=null | ip=null | op=WRITE_CHUNK {blockData=conID: 1 locID: 102664012629082721 bcsId: 3990} | ret=SUCCESS |  
2019-08-23 02:48:33,111 | INFO  | DNAudit | user=null | ip=null | op=PUT_BLOCK {blockData=[blockId=conID: 1 locID: 102664012629082721 bcsId: 0,size=4194304]} | ret=SUCCESS |  
2019-08-23 02:48:33,112 | INFO  | DNAudit | user=null | ip=null | op=PUT_BLOCK {blockData=[blockId=conID: 1 locID: 102664012629082721 bcsId: 0,size=4194304]} | ret=SUCCESS |  
2019-08-23 02:48:33,112 [grpc-default-executor-1] INFO  client.GrpcClientProtocolClient (GrpcClientProtocolClient.java:onNext(255)) - client-B268B4322F32->17750241-545b-4219-93a1-14a6ea3d85be: receive RaftClientReply:client-B268B4322F32->17750241-545b-4219-93a1-14a6ea3d85be@group-C33FBD9556F2, cid=2664, SUCCESS, logIndex=0, commits[17750241-545b-4219-93a1-14a6ea3d85be:c3996, 4eaaa090-573e-41d3-9f8c-c99e236d806a:c3994, 5f4cf9ee-4bed-49de-adaa-861aec894328:c3994]
2019-08-23 02:48:33,114 | INFO  | SCMAudit | user=jenkins1000 | ip=192.168.34.22 | op=ALLOCATE_BLOCK {owner=31d65bc3-3f70-45f5-bbc5-e3a15f967ba6, size=4194304, type=RATIS, factor=THREE} | ret=SUCCESS |  
2019-08-23 02:48:33,119 | INFO  | OMAudit | user=jenkins1000 | ip=127.0.0.1 | op=ALLOCATE_BLOCK {volume=vol-0-78052, bucket=bucket-0-33874, key=key-0-20719, dataSize=2147483657, replicationType=RATIS, replicationFactor=THREE, keyLocationInfo=[], clientID=102664010308846034} | ret=SUCCESS |  
2019-08-23 02:48:33,130 | INFO  | DNAudit | user=null | ip=null | op=WRITE_CHUNK {blockData=conID: 2 locID: 102664012635439714 bcsId: 0} | ret=SUCCESS |  
2019-08-23 02:48:33,133 | INFO  | DNAudit | user=null | ip=null | op=WRITE_CHUNK {blockData=conID: 2 locID: 102664012635439714 bcsId: 0} | ret=SUCCESS |  
2019-08-23 02:48:33,133 | INFO  | DNAudit | user=null | ip=null | op=WRITE_CHUNK {blockData=conID: 2 locID: 102664012635439714 bcsId: 0} | ret=SUCCESS |  
2019-08-23 02:48:33,133 | INFO  | DNAudit | user=null | ip=null | op=WRITE_CHUNK {blockData=conID: 2 locID: 102664012635439714 bcsId: 0} | ret=SUCCESS |  
2019-08-23 02:48:33,135 | INFO  | DNAudit | user=null | ip=null | op=WRITE_CHUNK {blockData=conID: 2 locID: 102664012635439714 bcsId: 0} | ret=SUCCESS |  
2019-08-23 02:48:33,135 | INFO  | DNAudit | user=null | ip=null | op=WRITE_CHUNK {blockData=conID: 2 locID: 102664012635439714 bcsId: 0} | ret=SUCCESS |  
2019-08-23 02:48:33,143 | INFO  | DNAudit | user=null | ip=null | op=WRITE_CHUNK {blockData=conID: 2 locID: 102664012635439714 bcsId: 0} | ret=SUCCESS |  
2019-08-23 02:48:33,143 | INFO  | DNAudit | user=null | ip=null | op=PUT_BLOCK {blockData=[blockId=conID: 2 locID: 102664012635439714 bcsId: 0,size=1048576]} | ret=SUCCESS |  
2019-08-23 02:48:33,143 [grpc-default-executor-1] INFO  client.GrpcClientProtocolClient (GrpcClientProtocolClient.java:onNext(255)) - client-B268B4322F32->17750241-545b-4219-93a1-14a6ea3d85be: receive RaftClientReply:client-B268B4322F32->17750241-545b-4219-93a1-14a6ea3d85be@group-C33FBD9556F2, cid=2665, SUCCESS, logIndex=3997, commits[17750241-545b-4219-93a1-14a6ea3d85be:c3997, 4eaaa090-573e-41d3-9f8c-c99e236d806a:c3996, 5f4cf9ee-4bed-49de-adaa-861aec894328:c3996]
2019-08-23 02:48:33,144 [grpc-default-executor-1] INFO  client.GrpcClientProtocolClient (GrpcClientProtocolClient.java:onNext(255)) - client-B268B4322F32->17750241-545b-4219-93a1-14a6ea3d85be: receive RaftClientReply:client-B268B4322F32->17750241-545b-4219-93a1-14a6ea3d85be@group-C33FBD9556F2, cid=2666, SUCCESS, logIndex=3998, commits[17750241-545b-4219-93a1-14a6ea3d85be:c3998, 4eaaa090-573e-41d3-9f8c-c99e236d806a:c3996, 5f4cf9ee-4bed-49de-adaa-861aec894328:c3996]
2019-08-23 02:48:33,144 | INFO  | DNAudit | user=null | ip=null | op=WRITE_CHUNK {blockData=conID: 2 locID: 102664012635439714 bcsId: 0} | ret=SUCCESS |  
2019-08-23 02:48:33,145 | INFO  | DNAudit | user=null | ip=null | op=PUT_BLOCK {blockData=[blockId=conID: 2 locID: 102664012635439714 bcsId: 0,size=2097152]} | ret=SUCCESS |  
2019-08-23 02:48:33,145 [grpc-default-executor-2] INFO  client.GrpcClientProtocolClient (GrpcClientProtocolClient.java:onNext(255)) - client-B268B4322F32->17750241-545b-4219-93a1-14a6ea3d85be: receive RaftClientReply:client-B268B4322F32->17750241-545b-4219-93a1-14a6ea3d85be@group-C33FBD9556F2, cid=2667, SUCCESS, logIndex=3999, commits[17750241-545b-4219-93a1-14a6ea3d85be:c3999, 4eaaa090-573e-41d3-9f8c-c99e236d806a:c3996, 5f4cf9ee-4bed-49de-adaa-861aec894328:c3996]
2019-08-23 02:48:33,145 [grpc-default-executor-2] INFO  client.GrpcClientProtocolClient (GrpcClientProtocolClient.java:onNext(255)) - client-B268B4322F32->17750241-545b-4219-93a1-14a6ea3d85be: receive RaftClientReply:client-B268B4322F32->17750241-545b-4219-93a1-14a6ea3d85be@group-C33FBD9556F2, cid=2668, SUCCESS, logIndex=4000, commits[17750241-545b-4219-93a1-14a6ea3d85be:c4000, 4eaaa090-573e-41d3-9f8c-c99e236d806a:c3996, 5f4cf9ee-4bed-49de-adaa-861aec894328:c3996]
2019-08-23 02:48:33,146 | INFO  | DNAudit | user=null | ip=null | op=WRITE_CHUNK {blockData=conID: 2 locID: 102664012635439714 bcsId: 0} | ret=SUCCESS |  
2019-08-23 02:48:33,146 | INFO  | DNAudit | user=null | ip=null | op=PUT_BLOCK {blockData=[blockId=conID: 2 locID: 102664012635439714 bcsId: 0,size=1048576]} | ret=SUCCESS |  
2019-08-23 02:48:33,148 | INFO  | DNAudit | user=null | ip=null | op=WRITE_CHUNK {blockData=conID: 2 locID: 102664012635439714 bcsId: 0} | ret=SUCCESS |  
2019-08-23 02:48:33,148 | INFO  | DNAudit | user=null | ip=null | op=PUT_BLOCK {blockData=[blockId=conID: 2 locID: 102664012635439714 bcsId: 0,size=1048576]} | ret=SUCCESS |  
2019-08-23 02:48:33,148 [grpc-default-executor-2] INFO  client.GrpcClientProtocolClient (GrpcClientProtocolClient.java:onNext(255)) - client-B268B4322F32->17750241-545b-4219-93a1-14a6ea3d85be: receive RaftClientReply:client-B268B4322F32->17750241-545b-4219-93a1-14a6ea3d85be@group-C33FBD9556F2, cid=2669, SUCCESS, logIndex=0, commits[17750241-545b-4219-93a1-14a6ea3d85be:c4002, 4eaaa090-573e-41d3-9f8c-c99e236d806a:c3998, 5f4cf9ee-4bed-49de-adaa-861aec894328:c3998]
2019-08-23 02:48:33,149 | INFO  | DNAudit | user=null | ip=null | op=WRITE_CHUNK {blockData=conID: 2 locID: 102664012635439714 bcsId: 0} | ret=SUCCESS |  
2019-08-23 02:48:33,149 | INFO  | DNAudit | user=null | ip=null | op=PUT_BLOCK {blockData=[blockId=conID: 2 locID: 102664012635439714 bcsId: 0,size=2097152]} | ret=SUCCESS |  
2019-08-23 02:48:33,149 | INFO  | DNAudit | user=null | ip=null | op=WRITE_CHUNK {blockData=conID: 2 locID: 102664012635439714 bcsId: 0} | ret=SUCCESS |  
2019-08-23 02:48:33,150 | INFO  | DNAudit | user=null | ip=null | op=PUT_BLOCK {blockData=[blockId=conID: 2 locID: 102664012635439714 bcsId: 0,size=2097152]} | ret=SUCCESS |  
2019-08-23 02:48:33,155 | INFO  | DNAudit | user=null | ip=null | op=WRITE_CHUNK {blockData=conID: 2 locID: 102664012635439714 bcsId: 4000} | ret=SUCCESS |  
2019-08-23 02:48:33,157 | INFO  | DNAudit | user=null | ip=null | op=WRITE_CHUNK {blockData=conID: 2 locID: 102664012635439714 bcsId: 4000} | ret=SUCCESS |  
2019-08-23 02:48:33,158 | INFO  | DNAudit | user=null | ip=null | op=WRITE_CHUNK {blockData=conID: 2 locID: 102664012635439714 bcsId: 4000} | ret=SUCCESS |  
2019-08-23 02:48:33,168 | INFO  | DNAudit | user=null | ip=null | op=WRITE_CHUNK {blockData=conID: 2 locID: 102664012635439714 bcsId: 4000} | ret=SUCCESS |  
2019-08-23 02:48:33,168 | INFO  | DNAudit | user=null | ip=null | op=PUT_BLOCK {blockData=[blockId=conID: 2 locID: 102664012635439714 bcsId: 0,size=3145728]} | ret=SUCCESS |  
2019-08-23 02:48:33,168 [grpc-default-executor-5] INFO  client.GrpcClientProtocolClient (GrpcClientProtocolClient.java:onNext(255)) - client-B268B4322F32->17750241-545b-4219-93a1-14a6ea3d85be: receive RaftClientReply:client-B268B4322F32->17750241-545b-4219-93a1-14a6ea3d85be@group-C33FBD9556F2, cid=2670, SUCCESS, logIndex=4005, commits[17750241-545b-4219-93a1-14a6ea3d85be:c4006, 4eaaa090-573e-41d3-9f8c-c99e236d806a:c4004, 5f4cf9ee-4bed-49de-adaa-861aec894328:c4004]
2019-08-23 02:48:33,169 [grpc-default-executor-5] INFO  client.GrpcClientProtocolClient (GrpcClientProtocolClient.java:onNext(255)) - client-B268B4322F32->17750241-545b-4219-93a1-14a6ea3d85be: receive RaftClientReply:client-B268B4322F32->17750241-545b-4219-93a1-14a6ea3d85be@group-C33FBD9556F2, cid=2671, SUCCESS, logIndex=4006, commits[17750241-545b-4219-93a1-14a6ea3d85be:c4006, 4eaaa090-573e-41d3-9f8c-c99e236d806a:c4004, 5f4cf9ee-4bed-49de-adaa-861aec894328:c4004]
2019-08-23 02:48:33,175 | INFO  | DNAudit | user=null | ip=null | op=WRITE_CHUNK {blockData=conID: 2 locID: 102664012635439714 bcsId: 4006} | ret=SUCCESS |  
2019-08-23 02:48:33,177 | INFO  | DNAudit | user=null | ip=null | op=WRITE_CHUNK {blockData=conID: 2 locID: 102664012635439714 bcsId: 4006} | ret=SUCCESS |  
2019-08-23 02:48:33,178 | INFO  | DNAudit | user=null | ip=null | op=WRITE_CHUNK {blockData=conID: 2 locID: 102664012635439714 bcsId: 4006} | ret=SUCCESS |  
2019-08-23 02:48:33,199 | INFO  | DNAudit | user=null | ip=null | op=WRITE_CHUNK {blockData=conID: 2 locID: 102664012635439714 bcsId: 4000} | ret=SUCCESS |  
2019-08-23 02:48:33,199 | INFO  | DNAudit | user=null | ip=null | op=WRITE_CHUNK {blockData=conID: 2 locID: 102664012635439714 bcsId: 4000} | ret=SUCCESS |  
2019-08-23 02:48:33,199 | INFO  | DNAudit | user=null | ip=null | op=PUT_BLOCK {blockData=[blockId=conID: 2 locID: 102664012635439714 bcsId: 0,size=3145728]} | ret=SUCCESS |  
2019-08-23 02:48:33,199 | INFO  | DNAudit | user=null | ip=null | op=PUT_BLOCK {blockData=[blockId=conID: 2 locID: 102664012635439714 bcsId: 0,size=3145728]} | ret=SUCCESS |  
2019-08-23 02:48:33,202 | INFO  | DNAudit | user=null | ip=null | op=WRITE_CHUNK {blockData=conID: 2 locID: 102664012635439714 bcsId: 4006} | ret=SUCCESS |  
2019-08-23 02:48:33,202 | INFO  | DNAudit | user=null | ip=null | op=PUT_BLOCK {blockData=[blockId=conID: 2 locID: 102664012635439714 bcsId: 0,size=4194304]} | ret=SUCCESS |  
2019-08-23 02:48:33,203 [grpc-default-executor-5] INFO  client.GrpcClientProtocolClient (GrpcClientProtocolClient.java:onNext(255)) - client-B268B4322F32->17750241-545b-4219-93a1-14a6ea3d85be: receive RaftClientReply:client-B268B4322F32->17750241-545b-4219-93a1-14a6ea3d85be@group-C33FBD9556F2, cid=2672, SUCCESS, logIndex=4009, commits[17750241-545b-4219-93a1-14a6ea3d85be:c4010, 4eaaa090-573e-41d3-9f8c-c99e236d806a:c4006, 5f4cf9ee-4bed-49de-adaa-861aec894328:c4006]
2019-08-23 02:48:33,203 [grpc-default-executor-5] INFO  client.GrpcClientProtocolClient (GrpcClientProtocolClient.java:onNext(255)) - client-B268B4322F32->17750241-545b-4219-93a1-14a6ea3d85be: receive RaftClientReply:client-B268B4322F32->17750241-545b-4219-93a1-14a6ea3d85be@group-C33FBD9556F2, cid=2673, SUCCESS, logIndex=4010, commits[17750241-545b-4219-93a1-14a6ea3d85be:c4010, 4eaaa090-573e-41d3-9f8c-c99e236d806a:c4006, 5f4cf9ee-4bed-49de-adaa-861aec894328:c4006]
2019-08-23 02:48:33,213 | INFO  | DNAudit | user=null | ip=null | op=WRITE_CHUNK {blockData=conID: 2 locID: 102664012635439714 bcsId: 4006} | ret=SUCCESS |  
2019-08-23 02:48:33,214 | INFO  | DNAudit | user=null | ip=null | op=WRITE_CHUNK {blockData=conID: 2 locID: 102664012635439714 bcsId: 4006} | ret=SUCCESS |  
2019-08-23 02:48:33,214 | INFO  | DNAudit | user=null | ip=null | op=PUT_BLOCK {blockData=[blockId=conID: 2 locID: 102664012635439714 bcsId: 0,size=4194304]} | ret=SUCCESS |  
2019-08-23 02:48:33,214 | INFO  | DNAudit | user=null | ip=null | op=PUT_BLOCK {blockData=[blockId=conID: 2 locID: 102664012635439714 bcsId: 0,size=4194304]} | ret=SUCCESS |  
2019-08-23 02:48:33,214 [grpc-default-executor-5] INFO  client.GrpcClientProtocolClient (GrpcClientProtocolClient.java:onNext(255)) - client-B268B4322F32->17750241-545b-4219-93a1-14a6ea3d85be: receive RaftClientReply:client-B268B4322F32->17750241-545b-4219-93a1-14a6ea3d85be@group-C33FBD9556F2, cid=2674, SUCCESS, logIndex=0, commits[17750241-545b-4219-93a1-14a6ea3d85be:c4011, 4eaaa090-573e-41d3-9f8c-c99e236d806a:c4010, 5f4cf9ee-4bed-49de-adaa-861aec894328:c4010]
2019-08-23 02:48:33,216 | INFO  | SCMAudit | user=jenkins1000 | ip=192.168.34.22 | op=ALLOCATE_BLOCK {owner=31d65bc3-3f70-45f5-bbc5-e3a15f967ba6, size=4194304, type=RATIS, factor=THREE} | ret=SUCCESS |  
 0.00% |█                                                                                                    |  0/1 Time: 0:00:352019-08-23 02:48:33,359 | INFO  | SCMAudit | user=jenkins1000 | ip=192.168.34.22 | op=SEND_HEARTBEAT {datanodeUUID=0cedf437-a8af-4d70-bac5-ea9863093e86, command=[]} | ret=SUCCESS |  
2019-08-23 02:48:33,359 | INFO  | SCMAudit | user=jenkins1000 | ip=192.168.34.22 | op=SEND_HEARTBEAT {datanodeUUID=66ab6a68-e61f-4535-ab2f-12fe560929ed, command=[]} | ret=SUCCESS |  
2019-08-23 02:48:33,362 | INFO  | OMAudit | user=jenkins1000 | ip=127.0.0.1 | op=ALLOCATE_BLOCK {volume=vol-0-78052, bucket=bucket-0-33874, key=key-0-20719, dataSize=2147483657, replicationType=RATIS, replicationFactor=THREE, keyLocationInfo=[], clientID=102664010308846034} | ret=SUCCESS |  
2019-08-23 02:48:33,375 | INFO  | DNAudit | user=null | ip=null | op=WRITE_CHUNK {blockData=conID: 3 locID: 102664012642124387 bcsId: 0} | ret=SUCCESS |  
2019-08-23 02:48:33,377 | INFO  | SCMAudit | user=jenkins1000 | ip=192.168.34.22 | op=SEND_HEARTBEAT {datanodeUUID=4eaaa090-573e-41d3-9f8c-c99e236d806a, command=[]} | ret=SUCCESS |  
2019-08-23 02:48:33,377 | INFO  | SCMAudit | user=jenkins1000 | ip=192.168.34.22 | op=SEND_HEARTBEAT {datanodeUUID=5f4cf9ee-4bed-49de-adaa-861aec894328, command=[]} | ret=SUCCESS |  
2019-08-23 02:48:33,377 | INFO  | SCMAudit | user=jenkins1000 | ip=192.168.34.22 | op=SEND_HEARTBEAT {datanodeUUID=17750241-545b-4219-93a1-14a6ea3d85be, command=[]} | ret=SUCCESS |  
2019-08-23 02:48:33,379 | INFO  | DNAudit | user=null | ip=null | op=WRITE_CHUNK {blockData=conID: 3 locID: 102664012642124387 bcsId: 0} | ret=SUCCESS |  
2019-08-23 02:48:33,379 | INFO  | DNAudit | user=null | ip=null | op=WRITE_CHUNK {blockData=conID: 3 locID: 102664012642124387 bcsId: 0} | ret=SUCCESS |  
2019-08-23 02:48:33,379 | INFO  | DNAudit | user=null | ip=null | op=WRITE_CHUNK {blockData=conID: 3 locID: 102664012642124387 bcsId: 0} | ret=SUCCESS |  
2019-08-23 02:48:33,382 | INFO  | DNAudit | user=null | ip=null | op=WRITE_CHUNK {blockData=conID: 3 locID: 102664012642124387 bcsId: 0} | ret=SUCCESS |  
2019-08-23 02:48:33,382 | INFO  | DNAudit | user=null | ip=null | op=WRITE_CHUNK {blockData=conID: 3 locID: 102664012642124387 bcsId: 0} | ret=SUCCESS |  
2019-08-23 02:48:33,387 | INFO  | DNAudit | user=null | ip=null | op=WRITE_CHUNK {blockData=conID: 3 locID: 102664012642124387 bcsId: 0} | ret=SUCCESS |  
2019-08-23 02:48:33,388 | INFO  | DNAudit | user=null | ip=null | op=PUT_BLOCK {blockData=[blockId=conID: 3 locID: 102664012642124387 bcsId: 0,size=1048576]} | ret=SUCCESS |  
2019-08-23 02:48:33,388 [grpc-default-executor-6] INFO  client.GrpcClientProtocolClient (GrpcClientProtocolClient.java:onNext(255)) - client-B268B4322F32->17750241-545b-4219-93a1-14a6ea3d85be: receive RaftClientReply:client-B268B4322F32->17750241-545b-4219-93a1-14a6ea3d85be@group-C33FBD9556F2, cid=2675, SUCCESS, logIndex=4013, commits[17750241-545b-4219-93a1-14a6ea3d85be:c4015, 4eaaa090-573e-41d3-9f8c-c99e236d806a:c4012, 5f4cf9ee-4bed-49de-adaa-861aec894328:c4012]
2019-08-23 02:48:33,389 | INFO  | DNAudit | user=null | ip=null | op=WRITE_CHUNK {blockData=conID: 3 locID: 102664012642124387 bcsId: 0} | ret=SUCCESS |  
2019-08-23 02:48:33,389 | INFO  | DNAudit | user=null | ip=null | op=WRITE_CHUNK {blockData=conID: 3 locID: 102664012642124387 bcsId: 0} | ret=SUCCESS |  
2019-08-23 02:48:33,389 | INFO  | DNAudit | user=null | ip=null | op=PUT_BLOCK {blockData=[blockId=conID: 3 locID: 102664012642124387 bcsId: 0,size=2097152]} | ret=SUCCESS |  
2019-08-23 02:48:33,389 [grpc-default-executor-6] INFO  client.GrpcClientProtocolClient (GrpcClientProtocolClient.java:onNext(255)) - client-B268B4322F32->17750241-545b-4219-93a1-14a6ea3d85be: receive RaftClientReply:client-B268B4322F32->17750241-545b-4219-93a1-14a6ea3d85be@group-C33FBD9556F2, cid=2676, SUCCESS, logIndex=4014, commits[17750241-545b-4219-93a1-14a6ea3d85be:c4016, 4eaaa090-573e-41d3-9f8c-c99e236d806a:c4012, 5f4cf9ee-4bed-49de-adaa-861aec894328:c4012]
2019-08-23 02:48:33,389 [grpc-default-executor-6] INFO  client.GrpcClientProtocolClient (GrpcClientProtocolClient.java:onNext(255)) - client-B268B4322F32->17750241-545b-4219-93a1-14a6ea3d85be: receive RaftClientReply:client-B268B4322F32->17750241-545b-4219-93a1-14a6ea3d85be@group-C33FBD9556F2, cid=2677, SUCCESS, logIndex=4015, commits[17750241-545b-4219-93a1-14a6ea3d85be:c4017, 4eaaa090-573e-41d3-9f8c-c99e236d806a:c4013, 5f4cf9ee-4bed-49de-adaa-861aec894328:c4012]
2019-08-23 02:48:33,390 [grpc-default-executor-6] INFO  client.GrpcClientProtocolClient (GrpcClientProtocolClient.java:onNext(255)) - client-B268B4322F32->17750241-545b-4219-93a1-14a6ea3d85be: receive RaftClientReply:client-B268B4322F32->17750241-545b-4219-93a1-14a6ea3d85be@group-C33FBD9556F2, cid=2678, SUCCESS, logIndex=4016, commits[17750241-545b-4219-93a1-14a6ea3d85be:c4017, 4eaaa090-573e-41d3-9f8c-c99e236d806a:c4013, 5f4cf9ee-4bed-49de-adaa-861aec894328:c4012]
2019-08-23 02:48:33,391 | INFO  | DNAudit | user=null | ip=null | op=WRITE_CHUNK {blockData=conID: 3 locID: 102664012642124387 bcsId: 0} | ret=SUCCESS |  
2019-08-23 02:48:33,391 | INFO  | DNAudit | user=null | ip=null | op=PUT_BLOCK {blockData=[blockId=conID: 3 locID: 102664012642124387 bcsId: 0,size=1048576]} | ret=SUCCESS |  
2019-08-23 02:48:33,402 | INFO  | DNAudit | user=null | ip=null | op=PUT_BLOCK {blockData=[blockId=conID: 3 locID: 102664012642124387 bcsId: 0,size=1048576]} | ret=SUCCESS |  
2019-08-23 02:48:33,402 | INFO  | DNAudit | user=null | ip=null | op=WRITE_CHUNK {blockData=conID: 3 locID: 102664012642124387 bcsId: 0} | ret=SUCCESS |  
2019-08-23 02:48:33,402 | INFO  | DNAudit | user=null | ip=null | op=WRITE_CHUNK {blockData=conID: 3 locID: 102664012642124387 bcsId: 0} | ret=SUCCESS |  
2019-08-23 02:48:33,403 | INFO  | DNAudit | user=null | ip=null | op=PUT_BLOCK {blockData=[blockId=conID: 3 locID: 102664012642124387 bcsId: 0,size=2097152]} | ret=SUCCESS |  
2019-08-23 02:48:33,402 [grpc-default-executor-6] INFO  client.GrpcClientProtocolClient (GrpcClientProtocolClient.java:onNext(255)) - client-B268B4322F32->17750241-545b-4219-93a1-14a6ea3d85be: receive RaftClientReply:client-B268B4322F32->17750241-545b-4219-93a1-14a6ea3d85be@group-C33FBD9556F2, cid=2679, SUCCESS, logIndex=0, commits[17750241-545b-4219-93a1-14a6ea3d85be:c4018, 4eaaa090-573e-41d3-9f8c-c99e236d806a:c4014, 5f4cf9ee-4bed-49de-adaa-861aec894328:c4014]
2019-08-23 02:48:33,403 | INFO  | DNAudit | user=null | ip=null | op=PUT_BLOCK {blockData=[blockId=conID: 3 locID: 102664012642124387 bcsId: 0,size=2097152]} | ret=SUCCESS |  
2019-08-23 02:48:33,409 | INFO  | DNAudit | user=null | ip=null | op=WRITE_CHUNK {blockData=conID: 3 locID: 102664012642124387 bcsId: 4016} | ret=SUCCESS |  
2019-08-23 02:48:33,411 | INFO  | DNAudit | user=null | ip=null | op=WRITE_CHUNK {blockData=conID: 3 locID: 102664012642124387 bcsId: 4016} | ret=SUCCESS |  
2019-08-23 02:48:33,412 | INFO  | DNAudit | user=null | ip=null | op=WRITE_CHUNK {blockData=conID: 3 locID: 102664012642124387 bcsId: 4016} | ret=SUCCESS |  
2019-08-23 02:48:33,422 | INFO  | DNAudit | user=null | ip=null | op=WRITE_CHUNK {blockData=conID: 3 locID: 102664012642124387 bcsId: 4016} | ret=SUCCESS |  
2019-08-23 02:48:33,423 | INFO  | DNAudit | user=null | ip=null | op=PUT_BLOCK {blockData=[blockId=conID: 3 locID: 102664012642124387 bcsId: 0,size=3145728]} | ret=SUCCESS |  
2019-08-23 02:48:33,423 [grpc-default-executor-6] INFO  client.GrpcClientProtocolClient (GrpcClientProtocolClient.java:onNext(255)) - client-B268B4322F32->17750241-545b-4219-93a1-14a6ea3d85be: receive RaftClientReply:client-B268B4322F32->17750241-545b-4219-93a1-14a6ea3d85be@group-C33FBD9556F2, cid=2680, SUCCESS, logIndex=4021, commits[17750241-545b-4219-93a1-14a6ea3d85be:c4022, 4eaaa090-573e-41d3-9f8c-c99e236d806a:c4020, 5f4cf9ee-4bed-49de-adaa-861aec894328:c4020]
2019-08-23 02:48:33,423 [grpc-default-executor-6] INFO  client.GrpcClientProtocolClient (GrpcClientProtocolClient.java:onNext(255)) - client-B268B4322F32->17750241-545b-4219-93a1-14a6ea3d85be: receive RaftClientReply:client-B268B4322F32->17750241-545b-4219-93a1-14a6ea3d85be@group-C33FBD9556F2, cid=2681, SUCCESS, logIndex=4022, commits[17750241-545b-4219-93a1-14a6ea3d85be:c4022, 4eaaa090-573e-41d3-9f8c-c99e236d806a:c4020, 5f4cf9ee-4bed-49de-adaa-861aec894328:c4020]
2019-08-23 02:48:33,429 | INFO  | DNAudit | user=null | ip=null | op=WRITE_CHUNK {blockData=conID: 3 locID: 102664012642124387 bcsId: 4022} | ret=SUCCESS |  
2019-08-23 02:48:33,432 | INFO  | DNAudit | user=null | ip=null | op=WRITE_CHUNK {blockData=conID: 3 locID: 102664012642124387 bcsId: 4022} | ret=SUCCESS |  
2019-08-23 02:48:33,433 | INFO  | DNAudit | user=null | ip=null | op=WRITE_CHUNK {blockData=conID: 3 locID: 102664012642124387 bcsId: 4022} | ret=SUCCESS |  
2019-08-23 02:48:33,441 | INFO  | DNAudit | user=null | ip=null | op=WRITE_CHUNK {blockData=conID: 3 locID: 102664012642124387 bcsId: 4016} | ret=SUCCESS |  
2019-08-23 02:48:33,441 | INFO  | DNAudit | user=null | ip=null | op=WRITE_CHUNK {blockData=conID: 3 locID: 102664012642124387 bcsId: 4016} | ret=SUCCESS |  
2019-08-23 02:48:33,443 | INFO  | DNAudit | user=null | ip=null | op=PUT_BLOCK {blockData=[blockId=conID: 3 locID: 102664012642124387 bcsId: 0,size=3145728]} | ret=SUCCESS |  
2019-08-23 02:48:33,444 | INFO  | DNAudit | user=null | ip=null | op=PUT_BLOCK {blockData=[blockId=conID: 3 locID: 102664012642124387 bcsId: 0,size=3145728]} | ret=SUCCESS |  
2019-08-23 02:48:33,444 | INFO  | DNAudit | user=null | ip=null | op=WRITE_CHUNK {blockData=conID: 3 locID: 102664012642124387 bcsId: 4022} | ret=SUCCESS |  
2019-08-23 02:48:33,445 | INFO  | DNAudit | user=null | ip=null | op=PUT_BLOCK {blockData=[blockId=conID: 3 locID: 102664012642124387 bcsId: 0,size=4194304]} | ret=SUCCESS |  
2019-08-23 02:48:33,445 [grpc-default-executor-6] INFO  client.GrpcClientProtocolClient (GrpcClientProtocolClient.java:onNext(255)) - client-B268B4322F32->17750241-545b-4219-93a1-14a6ea3d85be: receive RaftClientReply:client-B268B4322F32->17750241-545b-4219-93a1-14a6ea3d85be@group-C33FBD9556F2, cid=2682, SUCCESS, logIndex=4025, commits[17750241-545b-4219-93a1-14a6ea3d85be:c4026, 4eaaa090-573e-41d3-9f8c-c99e236d806a:c4022, 5f4cf9ee-4bed-49de-adaa-861aec894328:c4022]
2019-08-23 02:48:33,445 [grpc-default-executor-6] INFO  client.GrpcClientProtocolClient (GrpcClientProtocolClient.java:onNext(255)) - client-B268B4322F32->17750241-545b-4219-93a1-14a6ea3d85be: receive RaftClientReply:client-B268B4322F32->17750241-545b-4219-93a1-14a6ea3d85be@group-C33FBD9556F2, cid=2683, SUCCESS, logIndex=4026, commits[17750241-545b-4219-93a1-14a6ea3d85be:c4026, 4eaaa090-573e-41d3-9f8c-c99e236d806a:c4022, 5f4cf9ee-4bed-49de-adaa-861aec894328:c4022]
2019-08-23 02:48:33,456 | INFO  | DNAudit | user=null | ip=null | op=WRITE_CHUNK {blockData=conID: 3 locID: 102664012642124387 bcsId: 4022} | ret=SUCCESS |  
2019-08-23 02:48:33,456 | INFO  | DNAudit | user=null | ip=null | op=WRITE_CHUNK {blockData=conID: 3 locID: 102664012642124387 bcsId: 4022} | ret=SUCCESS |  
2019-08-23 02:48:33,457 | INFO  | DNAudit | user=null | ip=null | op=PUT_BLOCK {blockData=[blockId=conID: 3 locID: 102664012642124387 bcsId: 0,size=4194304]} | ret=SUCCESS |  
2019-08-23 02:48:33,459 | INFO  | DNAudit | user=null | ip=null | op=PUT_BLOCK {blockData=[blockId=conID: 3 locID: 102664012642124387 bcsId: 0,size=4194304]} | ret=SUCCESS |  
2019-08-23 02:48:33,460 [grpc-default-executor-6] INFO  client.GrpcClientProtocolClient (GrpcClientProtocolClient.java:onNext(255)) - client-B268B4322F32->17750241-545b-4219-93a1-14a6ea3d85be: receive RaftClientReply:client-B268B4322F32->17750241-545b-4219-93a1-14a6ea3d85be@group-C33FBD9556F2, cid=2684, SUCCESS, logIndex=0, commits[17750241-545b-4219-93a1-14a6ea3d85be:c4028, 4eaaa090-573e-41d3-9f8c-c99e236d806a:c4026, 5f4cf9ee-4bed-49de-adaa-861aec894328:c4026]
2019-08-23 02:48:33,464 | INFO  | SCMAudit | user=jenkins1000 | ip=192.168.34.22 | op=ALLOCATE_BLOCK {owner=31d65bc3-3f70-45f5-bbc5-e3a15f967ba6, size=4194304, type=RATIS, factor=THREE} | ret=SUCCESS |  
2019-08-23 02:48:33,470 | INFO  | OMAudit | user=jenkins1000 | ip=127.0.0.1 | op=ALLOCATE_BLOCK {volume=vol-0-78052, bucket=bucket-0-33874, key=key-0-20719, dataSize=2147483657, replicationType=RATIS, replicationFactor=THREE, keyLocationInfo=[], clientID=102664010308846034} | ret=SUCCESS |  
2019-08-23 02:48:33,483 | INFO  | DNAudit | user=null | ip=null | op=WRITE_CHUNK {blockData=conID: 1 locID: 102664012658377316 bcsId: 0} | ret=SUCCESS |  
2019-08-23 02:48:33,487 | INFO  | DNAudit | user=null | ip=null | op=WRITE_CHUNK {blockData=conID: 1 locID: 102664012658377316 bcsId: 0} | ret=SUCCESS |  
2019-08-23 02:48:33,487 | INFO  | DNAudit | user=null | ip=null | op=WRITE_CHUNK {blockData=conID: 1 locID: 102664012658377316 bcsId: 0} | ret=SUCCESS |  
2019-08-23 02:48:33,488 | INFO  | DNAudit | user=null | ip=null | op=WRITE_CHUNK {blockData=conID: 1 locID: 102664012658377316 bcsId: 0} | ret=SUCCESS |  
2019-08-23 02:48:33,490 | INFO  | DNAudit | user=null | ip=null | op=WRITE_CHUNK {blockData=conID: 1 locID: 102664012658377316 bcsId: 0} | ret=SUCCESS |  
2019-08-23 02:48:33,491 | INFO  | DNAudit | user=null | ip=null | op=WRITE_CHUNK {blockData=conID: 1 locID: 102664012658377316 bcsId: 0} | ret=SUCCESS |  
2019-08-23 02:48:33,496 | INFO  | DNAudit | user=null | ip=null | op=WRITE_CHUNK {blockData=conID: 1 locID: 102664012658377316 bcsId: 0} | ret=SUCCESS |  
2019-08-23 02:48:33,496 | INFO  | DNAudit | user=null | ip=null | op=PUT_BLOCK {blockData=[blockId=conID: 1 locID: 102664012658377316 bcsId: 0,size=1048576]} | ret=SUCCESS |  
2019-08-23 02:48:33,497 | INFO  | DNAudit | user=null | ip=null | op=WRITE_CHUNK {blockData=conID: 1 locID: 102664012658377316 bcsId: 0} | ret=SUCCESS |  
2019-08-23 02:48:33,497 [grpc-default-executor-5] INFO  client.GrpcClientProtocolClient (GrpcClientProtocolClient.java:onNext(255)) - client-B268B4322F32->17750241-545b-4219-93a1-14a6ea3d85be: receive RaftClientReply:client-B268B4322F32->17750241-545b-4219-93a1-14a6ea3d85be@group-C33FBD9556F2, cid=2685, SUCCESS, logIndex=4029, commits[17750241-545b-4219-93a1-14a6ea3d85be:c4030, 4eaaa090-573e-41d3-9f8c-c99e236d806a:c4028, 5f4cf9ee-4bed-49de-adaa-861aec894328:c4028]
2019-08-23 02:48:33,497 | INFO  | DNAudit | user=null | ip=null | op=PUT_BLOCK {blockData=[blockId=conID: 1 locID: 102664012658377316 bcsId: 0,size=2097152]} | ret=SUCCESS |  
2019-08-23 02:48:33,497 [grpc-default-executor-5] INFO  client.GrpcClientProtocolClient (GrpcClientProtocolClient.java:onNext(255)) - client-B268B4322F32->17750241-545b-4219-93a1-14a6ea3d85be: receive RaftClientReply:client-B268B4322F32->17750241-545b-4219-93a1-14a6ea3d85be@group-C33FBD9556F2, cid=2686, SUCCESS, logIndex=4030, commits[17750241-545b-4219-93a1-14a6ea3d85be:c4032, 4eaaa090-573e-41d3-9f8c-c99e236d806a:c4028, 5f4cf9ee-4bed-49de-adaa-861aec894328:c4028]
2019-08-23 02:48:33,498 [grpc-default-executor-5] INFO  client.GrpcClientProtocolClient (GrpcClientProtocolClient.java:onNext(255)) - client-B268B4322F32->17750241-545b-4219-93a1-14a6ea3d85be: receive RaftClientReply:client-B268B4322F32->17750241-545b-4219-93a1-14a6ea3d85be@group-C33FBD9556F2, cid=2687, SUCCESS, logIndex=4031, commits[17750241-545b-4219-93a1-14a6ea3d85be:c4032, 4eaaa090-573e-41d3-9f8c-c99e236d806a:c4028, 5f4cf9ee-4bed-49de-adaa-861aec894328:c4028]
2019-08-23 02:48:33,498 [grpc-default-executor-5] INFO  client.GrpcClientProtocolClient (GrpcClientProtocolClient.java:onNext(255)) - client-B268B4322F32->17750241-545b-4219-93a1-14a6ea3d85be: receive RaftClientReply:client-B268B4322F32->17750241-545b-4219-93a1-14a6ea3d85be@group-C33FBD9556F2, cid=2688, SUCCESS, logIndex=4032, commits[17750241-545b-4219-93a1-14a6ea3d85be:c4032, 4eaaa090-573e-41d3-9f8c-c99e236d806a:c4028, 5f4cf9ee-4bed-49de-adaa-861aec894328:c4028]
2019-08-23 02:48:33,509 | INFO  | DNAudit | user=null | ip=null | op=WRITE_CHUNK {blockData=conID: 1 locID: 102664012658377316 bcsId: 0} | ret=SUCCESS |  
2019-08-23 02:48:33,510 | INFO  | DNAudit | user=null | ip=null | op=PUT_BLOCK {blockData=[blockId=conID: 1 locID: 102664012658377316 bcsId: 0,size=1048576]} | ret=SUCCESS |  
2019-08-23 02:48:33,510 | INFO  | DNAudit | user=null | ip=null | op=WRITE_CHUNK {blockData=conID: 1 locID: 102664012658377316 bcsId: 0} | ret=SUCCESS |  
2019-08-23 02:48:33,510 | INFO  | DNAudit | user=null | ip=null | op=PUT_BLOCK {blockData=[blockId=conID: 1 locID: 102664012658377316 bcsId: 0,size=1048576]} | ret=SUCCESS |  
2019-08-23 02:48:33,510 | INFO  | DNAudit | user=null | ip=null | op=WRITE_CHUNK {blockData=conID: 1 locID: 102664012658377316 bcsId: 0} | ret=SUCCESS |  
2019-08-23 02:48:33,510 | INFO  | DNAudit | user=null | ip=null | op=WRITE_CHUNK {blockData=conID: 1 locID: 102664012658377316 bcsId: 0} | ret=SUCCESS |  
2019-08-23 02:48:33,511 | INFO  | DNAudit | user=null | ip=null | op=PUT_BLOCK {blockData=[blockId=conID: 1 locID: 102664012658377316 bcsId: 0,size=2097152]} | ret=SUCCESS |  
2019-08-23 02:48:33,511 | INFO  | DNAudit | user=null | ip=null | op=PUT_BLOCK {blockData=[blockId=conID: 1 locID: 102664012658377316 bcsId: 0,size=2097152]} | ret=SUCCESS |  
2019-08-23 02:48:33,511 [grpc-default-executor-6] INFO  client.GrpcClientProtocolClient (GrpcClientProtocolClient.java:onNext(255)) - client-B268B4322F32->17750241-545b-4219-93a1-14a6ea3d85be: receive RaftClientReply:client-B268B4322F32->17750241-545b-4219-93a1-14a6ea3d85be@group-C33FBD9556F2, cid=2689, SUCCESS, logIndex=0, commits[17750241-545b-4219-93a1-14a6ea3d85be:c4034, 4eaaa090-573e-41d3-9f8c-c99e236d806a:c4030, 5f4cf9ee-4bed-49de-adaa-861aec894328:c4030]
2019-08-23 02:48:33,519 | INFO  | DNAudit | user=null | ip=null | op=WRITE_CHUNK {blockData=conID: 1 locID: 102664012658377316 bcsId: 4032} | ret=SUCCESS |  
2019-08-23 02:48:33,522 | INFO  | DNAudit | user=null | ip=null | op=WRITE_CHUNK {blockData=conID: 1 locID: 102664012658377316 bcsId: 4032} | ret=SUCCESS |  
2019-08-23 02:48:33,523 | INFO  | DNAudit | user=null | ip=null | op=WRITE_CHUNK {blockData=conID: 1 locID: 102664012658377316 bcsId: 4032} | ret=SUCCESS |  
2019-08-23 02:48:33,532 | INFO  | DNAudit | user=null | ip=null | op=WRITE_CHUNK {blockData=conID: 1 locID: 102664012658377316 bcsId: 4032} | ret=SUCCESS |  
2019-08-23 02:48:33,532 | INFO  | DNAudit | user=null | ip=null | op=PUT_BLOCK {blockData=[blockId=conID: 1 locID: 102664012658377316 bcsId: 0,size=3145728]} | ret=SUCCESS |  
2019-08-23 02:48:33,533 [grpc-default-executor-6] INFO  client.GrpcClientProtocolClient (GrpcClientProtocolClient.java:onNext(255)) - client-B268B4322F32->17750241-545b-4219-93a1-14a6ea3d85be: receive RaftClientReply:client-B268B4322F32->17750241-545b-4219-93a1-14a6ea3d85be@group-C33FBD9556F2, cid=2690, SUCCESS, logIndex=4037, commits[17750241-545b-4219-93a1-14a6ea3d85be:c4038, 4eaaa090-573e-41d3-9f8c-c99e236d806a:c4036, 5f4cf9ee-4bed-49de-adaa-861aec894328:c4036]
2019-08-23 02:48:33,533 [grpc-default-executor-6] INFO  client.GrpcClientProtocolClient (GrpcClientProtocolClient.java:onNext(255)) - client-B268B4322F32->17750241-545b-4219-93a1-14a6ea3d85be: receive RaftClientReply:client-B268B4322F32->17750241-545b-4219-93a1-14a6ea3d85be@group-C33FBD9556F2, cid=2691, SUCCESS, logIndex=4038, commits[17750241-545b-4219-93a1-14a6ea3d85be:c4038, 4eaaa090-573e-41d3-9f8c-c99e236d806a:c4036, 5f4cf9ee-4bed-49de-adaa-861aec894328:c4036]
2019-08-23 02:48:33,541 | INFO  | DNAudit | user=null | ip=null | op=WRITE_CHUNK {blockData=conID: 1 locID: 102664012658377316 bcsId: 4038} | ret=SUCCESS |  
2019-08-23 02:48:33,544 | INFO  | DNAudit | user=null | ip=null | op=WRITE_CHUNK {blockData=conID: 1 locID: 102664012658377316 bcsId: 4038} | ret=SUCCESS |  
2019-08-23 02:48:33,545 | INFO  | DNAudit | user=null | ip=null | op=WRITE_CHUNK {blockData=conID: 1 locID: 102664012658377316 bcsId: 4038} | ret=SUCCESS |  
2019-08-23 02:48:33,545 | INFO  | DNAudit | user=null | ip=null | op=WRITE_CHUNK {blockData=conID: 1 locID: 102664012658377316 bcsId: 4032} | ret=SUCCESS |  
2019-08-23 02:48:33,545 | INFO  | DNAudit | user=null | ip=null | op=WRITE_CHUNK {blockData=conID: 1 locID: 102664012658377316 bcsId: 4032} | ret=SUCCESS |  
2019-08-23 02:48:33,558 | INFO  | DNAudit | user=null | ip=null | op=PUT_BLOCK {blockData=[blockId=conID: 1 locID: 102664012658377316 bcsId: 0,size=3145728]} | ret=SUCCESS |  
2019-08-23 02:48:33,558 | INFO  | DNAudit | user=null | ip=null | op=PUT_BLOCK {blockData=[blockId=conID: 1 locID: 102664012658377316 bcsId: 0,size=3145728]} | ret=SUCCESS |  
2019-08-23 02:48:33,559 | INFO  | DNAudit | user=null | ip=null | op=WRITE_CHUNK {blockData=conID: 1 locID: 102664012658377316 bcsId: 4038} | ret=SUCCESS |  
2019-08-23 02:48:33,559 | INFO  | DNAudit | user=null | ip=null | op=PUT_BLOCK {blockData=[blockId=conID: 1 locID: 102664012658377316 bcsId: 0,size=4194304]} | ret=SUCCESS |  
2019-08-23 02:48:33,560 [grpc-default-executor-1] INFO  client.GrpcClientProtocolClient (GrpcClientProtocolClient.java:onNext(255)) - client-B268B4322F32->17750241-545b-4219-93a1-14a6ea3d85be: receive RaftClientReply:client-B268B4322F32->17750241-545b-4219-93a1-14a6ea3d85be@group-C33FBD9556F2, cid=2692, SUCCESS, logIndex=4041, commits[17750241-545b-4219-93a1-14a6ea3d85be:c4042, 4eaaa090-573e-41d3-9f8c-c99e236d806a:c4038, 5f4cf9ee-4bed-49de-adaa-861aec894328:c4038]
2019-08-23 02:48:33,560 [grpc-default-executor-1] INFO  client.GrpcClientProtocolClient (GrpcClientProtocolClient.java:onNext(255)) - client-B268B4322F32->17750241-545b-4219-93a1-14a6ea3d85be: receive RaftClientReply:client-B268B4322F32->17750241-545b-4219-93a1-14a6ea3d85be@group-C33FBD9556F2, cid=2693, SUCCESS, logIndex=4042, commits[17750241-545b-4219-93a1-14a6ea3d85be:c4042, 4eaaa090-573e-41d3-9f8c-c99e236d806a:c4038, 5f4cf9ee-4bed-49de-adaa-861aec894328:c4038]
2019-08-23 02:48:33,572 | INFO  | DNAudit | user=null | ip=null | op=WRITE_CHUNK {blockData=conID: 1 locID: 102664012658377316 bcsId: 4038} | ret=SUCCESS |  
2019-08-23 02:48:33,572 | INFO  | DNAudit | user=null | ip=null | op=WRITE_CHUNK {blockData=conID: 1 locID: 102664012658377316 bcsId: 4038} | ret=SUCCESS |  
2019-08-23 02:48:33,585 | INFO  | DNAudit | user=null | ip=null | op=PUT_BLOCK {blockData=[blockId=conID: 1 locID: 102664012658377316 bcsId: 0,size=4194304]} | ret=SUCCESS |  
2019-08-23 02:48:33,585 | INFO  | DNAudit | user=null | ip=null | op=PUT_BLOCK {blockData=[blockId=conID: 1 locID: 102664012658377316 bcsId: 0,size=4194304]} | ret=SUCCESS |  
2019-08-23 02:48:33,585 [grpc-default-executor-6] INFO  client.GrpcClientProtocolClient (GrpcClientProtocolClient.java:onNext(255)) - client-B268B4322F32->17750241-545b-4219-93a1-14a6ea3d85be: receive RaftClientReply:client-B268B4322F32->17750241-545b-4219-93a1-14a6ea3d85be@group-C33FBD9556F2, cid=2694, SUCCESS, logIndex=0, commits[17750241-545b-4219-93a1-14a6ea3d85be:c4044, 4eaaa090-573e-41d3-9f8c-c99e236d806a:c4042, 5f4cf9ee-4bed-49de-adaa-861aec894328:c4042]
2019-08-23 02:48:33,588 | INFO  | SCMAudit | user=jenkins1000 | ip=192.168.34.22 | op=ALLOCATE_BLOCK {owner=31d65bc3-3f70-45f5-bbc5-e3a15f967ba6, size=4194304, type=RATIS, factor=THREE} | ret=SUCCESS |  
2019-08-23 02:48:33,593 | INFO  | OMAudit | user=jenkins1000 | ip=127.0.0.1 | op=ALLOCATE_BLOCK {volume=vol-0-78052, bucket=bucket-0-33874, key=key-0-20719, dataSize=2147483657, replicationType=RATIS, replicationFactor=THREE, keyLocationInfo=[], clientID=102664010308846034} | ret=SUCCESS |  
2019-08-23 02:48:33,606 | INFO  | DNAudit | user=null | ip=null | op=WRITE_CHUNK {blockData=conID: 2 locID: 102664012666503781 bcsId: 0} | ret=SUCCESS |  
2019-08-23 02:48:33,609 | INFO  | DNAudit | user=null | ip=null | op=WRITE_CHUNK {blockData=conID: 2 locID: 102664012666503781 bcsId: 0} | ret=SUCCESS |  
2019-08-23 02:48:33,610 | INFO  | DNAudit | user=null | ip=null | op=WRITE_CHUNK {blockData=conID: 2 locID: 102664012666503781 bcsId: 0} | ret=SUCCESS |  
2019-08-23 02:48:33,611 | INFO  | DNAudit | user=null | ip=null | op=WRITE_CHUNK {blockData=conID: 2 locID: 102664012666503781 bcsId: 0} | ret=SUCCESS |  
2019-08-23 02:48:33,613 | INFO  | DNAudit | user=null | ip=null | op=WRITE_CHUNK {blockData=conID: 2 locID: 102664012666503781 bcsId: 0} | ret=SUCCESS |  
2019-08-23 02:48:33,613 | INFO  | DNAudit | user=null | ip=null | op=WRITE_CHUNK {blockData=conID: 2 locID: 102664012666503781 bcsId: 0} | ret=SUCCESS |  
2019-08-23 02:48:33,621 | INFO  | DNAudit | user=null | ip=null | op=WRITE_CHUNK {blockData=conID: 2 locID: 102664012666503781 bcsId: 0} | ret=SUCCESS |  
2019-08-23 02:48:33,622 | INFO  | DNAudit | user=null | ip=null | op=PUT_BLOCK {blockData=[blockId=conID: 2 locID: 102664012666503781 bcsId: 0,size=1048576]} | ret=SUCCESS |  
2019-08-23 02:48:33,622 | INFO  | DNAudit | user=null | ip=null | op=WRITE_CHUNK {blockData=conID: 2 locID: 102664012666503781 bcsId: 0} | ret=SUCCESS |  
2019-08-23 02:48:33,622 [grpc-default-executor-1] INFO  client.GrpcClientProtocolClient (GrpcClientProtocolClient.java:onNext(255)) - client-B268B4322F32->17750241-545b-4219-93a1-14a6ea3d85be: receive RaftClientReply:client-B268B4322F32->17750241-545b-4219-93a1-14a6ea3d85be@group-C33FBD9556F2, cid=2695, SUCCESS, logIndex=4045, commits[17750241-545b-4219-93a1-14a6ea3d85be:c4046, 4eaaa090-573e-41d3-9f8c-c99e236d806a:c4044, 5f4cf9ee-4bed-49de-adaa-861aec894328:c4044]
2019-08-23 02:48:33,623 | INFO  | DNAudit | user=null | ip=null | op=PUT_BLOCK {blockData=[blockId=conID: 2 locID: 102664012666503781 bcsId: 0,size=2097152]} | ret=SUCCESS |  
2019-08-23 02:48:33,623 [grpc-default-executor-1] INFO  client.GrpcClientProtocolClient (GrpcClientProtocolClient.java:onNext(255)) - client-B268B4322F32->17750241-545b-4219-93a1-14a6ea3d85be: receive RaftClientReply:client-B268B4322F32->17750241-545b-4219-93a1-14a6ea3d85be@group-C33FBD9556F2, cid=2696, SUCCESS, logIndex=4046, commits[17750241-545b-4219-93a1-14a6ea3d85be:c4048, 4eaaa090-573e-41d3-9f8c-c99e236d806a:c4044, 5f4cf9ee-4bed-49de-adaa-861aec894328:c4044]
2019-08-23 02:48:33,623 [grpc-default-executor-1] INFO  client.GrpcClientProtocolClient (GrpcClientProtocolClient.java:onNext(255)) - client-B268B4322F32->17750241-545b-4219-93a1-14a6ea3d85be: receive RaftClientReply:client-B268B4322F32->17750241-545b-4219-93a1-14a6ea3d85be@group-C33FBD9556F2, cid=2697, SUCCESS, logIndex=4047, commits[17750241-545b-4219-93a1-14a6ea3d85be:c4048, 4eaaa090-573e-41d3-9f8c-c99e236d806a:c4044, 5f4cf9ee-4bed-49de-adaa-861aec894328:c4044]
2019-08-23 02:48:33,623 [grpc-default-executor-1] INFO  client.GrpcClientProtocolClient (GrpcClientProtocolClient.java:onNext(255)) - client-B268B4322F32->17750241-545b-4219-93a1-14a6ea3d85be: receive RaftClientReply:client-B268B4322F32->17750241-545b-4219-93a1-14a6ea3d85be@group-C33FBD9556F2, cid=2698, SUCCESS, logIndex=4048, commits[17750241-545b-4219-93a1-14a6ea3d85be:c4048, 4eaaa090-573e-41d3-9f8c-c99e236d806a:c4044, 5f4cf9ee-4bed-49de-adaa-861aec894328:c4044]
2019-08-23 02:48:33,635 | INFO  | DNAudit | user=null | ip=null | op=WRITE_CHUNK {blockData=conID: 2 locID: 102664012666503781 bcsId: 0} | ret=SUCCESS |  
2019-08-23 02:48:33,638 | INFO  | DNAudit | user=null | ip=null | op=WRITE_CHUNK {blockData=conID: 2 locID: 102664012666503781 bcsId: 0} | ret=SUCCESS |  
2019-08-23 02:48:33,638 | INFO  | DNAudit | user=null | ip=null | op=PUT_BLOCK {blockData=[blockId=conID: 2 locID: 102664012666503781 bcsId: 0,size=1048576]} | ret=SUCCESS |  
2019-08-23 02:48:33,638 | INFO  | DNAudit | user=null | ip=null | op=WRITE_CHUNK {blockData=conID: 2 locID: 102664012666503781 bcsId: 0} | ret=SUCCESS |  
2019-08-23 02:48:33,638 | INFO  | DNAudit | user=null | ip=null | op=PUT_BLOCK {blockData=[blockId=conID: 2 locID: 102664012666503781 bcsId: 0,size=1048576]} | ret=SUCCESS |  
2019-08-23 02:48:33,639 | INFO  | DNAudit | user=null | ip=null | op=WRITE_CHUNK {blockData=conID: 2 locID: 102664012666503781 bcsId: 0} | ret=SUCCESS |  
2019-08-23 02:48:33,639 | INFO  | DNAudit | user=null | ip=null | op=PUT_BLOCK {blockData=[blockId=conID: 2 locID: 102664012666503781 bcsId: 0,size=2097152]} | ret=SUCCESS |  
2019-08-23 02:48:33,639 | INFO  | DNAudit | user=null | ip=null | op=PUT_BLOCK {blockData=[blockId=conID: 2 locID: 102664012666503781 bcsId: 0,size=2097152]} | ret=SUCCESS |  
2019-08-23 02:48:33,639 [grpc-default-executor-6] INFO  client.GrpcClientProtocolClient (GrpcClientProtocolClient.java:onNext(255)) - client-B268B4322F32->17750241-545b-4219-93a1-14a6ea3d85be: receive RaftClientReply:client-B268B4322F32->17750241-545b-4219-93a1-14a6ea3d85be@group-C33FBD9556F2, cid=2699, SUCCESS, logIndex=0, commits[17750241-545b-4219-93a1-14a6ea3d85be:c4051, 4eaaa090-573e-41d3-9f8c-c99e236d806a:c4046, 5f4cf9ee-4bed-49de-adaa-861aec894328:c4047]
2019-08-23 02:48:33,647 | INFO  | DNAudit | user=null | ip=null | op=WRITE_CHUNK {blockData=conID: 2 locID: 102664012666503781 bcsId: 4048} | ret=SUCCESS |  
2019-08-23 02:48:33,650 | INFO  | DNAudit | user=null | ip=null | op=WRITE_CHUNK {blockData=conID: 2 locID: 102664012666503781 bcsId: 4048} | ret=SUCCESS |  
2019-08-23 02:48:33,650 | INFO  | DNAudit | user=null | ip=null | op=WRITE_CHUNK {blockData=conID: 2 locID: 102664012666503781 bcsId: 4048} | ret=SUCCESS |  
2019-08-23 02:48:33,667 | INFO  | DNAudit | user=null | ip=null | op=WRITE_CHUNK {blockData=conID: 2 locID: 102664012666503781 bcsId: 4048} | ret=SUCCESS |  
2019-08-23 02:48:33,668 | INFO  | DNAudit | user=null | ip=null | op=PUT_BLOCK {blockData=[blockId=conID: 2 locID: 102664012666503781 bcsId: 0,size=3145728]} | ret=SUCCESS |  
2019-08-23 02:48:33,668 [grpc-default-executor-5] INFO  client.GrpcClientProtocolClient (GrpcClientProtocolClient.java:onNext(255)) - client-B268B4322F32->17750241-545b-4219-93a1-14a6ea3d85be: receive RaftClientReply:client-B268B4322F32->17750241-545b-4219-93a1-14a6ea3d85be@group-C33FBD9556F2, cid=2700, SUCCESS, logIndex=4053, commits[17750241-545b-4219-93a1-14a6ea3d85be:c4054, 4eaaa090-573e-41d3-9f8c-c99e236d806a:c4052, 5f4cf9ee-4bed-49de-adaa-861aec894328:c4052]
2019-08-23 02:48:33,668 [grpc-default-executor-5] INFO  client.GrpcClientProtocolClient (GrpcClientProtocolClient.java:onNext(255)) - client-B268B4322F32->17750241-545b-4219-93a1-14a6ea3d85be: receive RaftClientReply:client-B268B4322F32->17750241-545b-4219-93a1-14a6ea3d85be@group-C33FBD9556F2, cid=2701, SUCCESS, logIndex=4054, commits[17750241-545b-4219-93a1-14a6ea3d85be:c4054, 4eaaa090-573e-41d3-9f8c-c99e236d806a:c4052, 5f4cf9ee-4bed-49de-adaa-861aec894328:c4052]
2019-08-23 02:48:33,677 | INFO  | DNAudit | user=null | ip=null | op=WRITE_CHUNK {blockData=conID: 2 locID: 102664012666503781 bcsId: 4054} | ret=SUCCESS |  
2019-08-23 02:48:33,680 | INFO  | DNAudit | user=null | ip=null | op=WRITE_CHUNK {blockData=conID: 2 locID: 102664012666503781 bcsId: 4054} | ret=SUCCESS |  
2019-08-23 02:48:33,680 | INFO  | DNAudit | user=null | ip=null | op=WRITE_CHUNK {blockData=conID: 2 locID: 102664012666503781 bcsId: 4054} | ret=SUCCESS |  
2019-08-23 02:48:33,693 | INFO  | DNAudit | user=null | ip=null | op=WRITE_CHUNK {blockData=conID: 2 locID: 102664012666503781 bcsId: 4048} | ret=SUCCESS |  
2019-08-23 02:48:33,693 | INFO  | DNAudit | user=null | ip=null | op=WRITE_CHUNK {blockData=conID: 2 locID: 102664012666503781 bcsId: 4048} | ret=SUCCESS |  
2019-08-23 02:48:33,695 | INFO  | DNAudit | user=null | ip=null | op=PUT_BLOCK {blockData=[blockId=conID: 2 locID: 102664012666503781 bcsId: 0,size=3145728]} | ret=SUCCESS |  
2019-08-23 02:48:33,695 | INFO  | DNAudit | user=null | ip=null | op=PUT_BLOCK {blockData=[blockId=conID: 2 locID: 102664012666503781 bcsId: 0,size=3145728]} | ret=SUCCESS |  
2019-08-23 02:48:33,696 | INFO  | DNAudit | user=null | ip=null | op=WRITE_CHUNK {blockData=conID: 2 locID: 102664012666503781 bcsId: 4054} | ret=SUCCESS |  
2019-08-23 02:48:33,696 | INFO  | DNAudit | user=null | ip=null | op=PUT_BLOCK {blockData=[blockId=conID: 2 locID: 102664012666503781 bcsId: 0,size=4194304]} | ret=SUCCESS |  
2019-08-23 02:48:33,697 [grpc-default-executor-6] INFO  client.GrpcClientProtocolClient (GrpcClientProtocolClient.java:onNext(255)) - client-B268B4322F32->17750241-545b-4219-93a1-14a6ea3d85be: receive RaftClientReply:client-B268B4322F32->17750241-545b-4219-93a1-14a6ea3d85be@group-C33FBD9556F2, cid=2702, SUCCESS, logIndex=4057, commits[17750241-545b-4219-93a1-14a6ea3d85be:c4058, 4eaaa090-573e-41d3-9f8c-c99e236d806a:c4054, 5f4cf9ee-4bed-49de-adaa-861aec894328:c4054]
2019-08-23 02:48:33,697 [grpc-default-executor-6] INFO  client.GrpcClientProtocolClient (GrpcClientProtocolClient.java:onNext(255)) - client-B268B4322F32->17750241-545b-4219-93a1-14a6ea3d85be: receive RaftClientReply:client-B268B4322F32->17750241-545b-4219-93a1-14a6ea3d85be@group-C33FBD9556F2, cid=2703, SUCCESS, logIndex=4058, commits[17750241-545b-4219-93a1-14a6ea3d85be:c4058, 4eaaa090-573e-41d3-9f8c-c99e236d806a:c4054, 5f4cf9ee-4bed-49de-adaa-861aec894328:c4054]
2019-08-23 02:48:33,711 | INFO  | DNAudit | user=null | ip=null | op=WRITE_CHUNK {blockData=conID: 2 locID: 102664012666503781 bcsId: 4054} | ret=SUCCESS |  
2019-08-23 02:48:33,712 | INFO  | DNAudit | user=null | ip=null | op=WRITE_CHUNK {blockData=conID: 2 locID: 102664012666503781 bcsId: 4054} | ret=SUCCESS |  
2019-08-23 02:48:33,712 | INFO  | DNAudit | user=null | ip=null | op=PUT_BLOCK {blockData=[blockId=conID: 2 locID: 102664012666503781 bcsId: 0,size=4194304]} | ret=SUCCESS |  
2019-08-23 02:48:33,715 | INFO  | DNAudit | user=null | ip=null | op=PUT_BLOCK {blockData=[blockId=conID: 2 locID: 102664012666503781 bcsId: 0,size=4194304]} | ret=SUCCESS |  
2019-08-23 02:48:33,716 [grpc-default-executor-6] INFO  client.GrpcClientProtocolClient (GrpcClientProtocolClient.java:onNext(255)) - client-B268B4322F32->17750241-545b-4219-93a1-14a6ea3d85be: receive RaftClientReply:client-B268B4322F32->17750241-545b-4219-93a1-14a6ea3d85be@group-C33FBD9556F2, cid=2704, SUCCESS, logIndex=0, commits[17750241-545b-4219-93a1-14a6ea3d85be:c4060, 4eaaa090-573e-41d3-9f8c-c99e236d806a:c4058, 5f4cf9ee-4bed-49de-adaa-861aec894328:c4058]
2019-08-23 02:48:33,718 | INFO  | SCMAudit | user=jenkins1000 | ip=192.168.34.22 | op=ALLOCATE_BLOCK {owner=31d65bc3-3f70-45f5-bbc5-e3a15f967ba6, size=4194304, type=RATIS, factor=THREE} | ret=SUCCESS |  
2019-08-23 02:48:33,724 | INFO  | OMAudit | user=jenkins1000 | ip=127.0.0.1 | op=ALLOCATE_BLOCK {volume=vol-0-78052, bucket=bucket-0-33874, key=key-0-20719, dataSize=2147483657, replicationType=RATIS, replicationFactor=THREE, keyLocationInfo=[], clientID=102664010308846034} | ret=SUCCESS |  
2019-08-23 02:48:33,737 | INFO  | DNAudit | user=null | ip=null | op=WRITE_CHUNK {blockData=conID: 3 locID: 102664012675023462 bcsId: 0} | ret=SUCCESS |  
2019-08-23 02:48:33,741 | INFO  | DNAudit | user=null | ip=null | op=WRITE_CHUNK {blockData=conID: 3 locID: 102664012675023462 bcsId: 0} | ret=SUCCESS |  
2019-08-23 02:48:33,741 | INFO  | DNAudit | user=null | ip=null | op=WRITE_CHUNK {blockData=conID: 3 locID: 102664012675023462 bcsId: 0} | ret=SUCCESS |  
2019-08-23 02:48:33,741 | INFO  | DNAudit | user=null | ip=null | op=WRITE_CHUNK {blockData=conID: 3 locID: 102664012675023462 bcsId: 0} | ret=SUCCESS |  
2019-08-23 02:48:33,743 | INFO  | DNAudit | user=null | ip=null | op=WRITE_CHUNK {blockData=conID: 3 locID: 102664012675023462 bcsId: 0} | ret=SUCCESS |  
2019-08-23 02:48:33,743 | INFO  | DNAudit | user=null | ip=null | op=WRITE_CHUNK {blockData=conID: 3 locID: 102664012675023462 bcsId: 0} | ret=SUCCESS |  
2019-08-23 02:48:33,750 | INFO  | DNAudit | user=null | ip=null | op=WRITE_CHUNK {blockData=conID: 3 locID: 102664012675023462 bcsId: 0} | ret=SUCCESS |  
2019-08-23 02:48:33,750 | INFO  | DNAudit | user=null | ip=null | op=PUT_BLOCK {blockData=[blockId=conID: 3 locID: 102664012675023462 bcsId: 0,size=1048576]} | ret=SUCCESS |  
2019-08-23 02:48:33,751 [grpc-default-executor-6] INFO  client.GrpcClientProtocolClient (GrpcClientProtocolClient.java:onNext(255)) - client-B268B4322F32->17750241-545b-4219-93a1-14a6ea3d85be: receive RaftClientReply:client-B268B4322F32->17750241-545b-4219-93a1-14a6ea3d85be@group-C33FBD9556F2, cid=2705, SUCCESS, logIndex=4061, commits[17750241-545b-4219-93a1-14a6ea3d85be:c4063, 4eaaa090-573e-41d3-9f8c-c99e236d806a:c4060, 5f4cf9ee-4bed-49de-adaa-861aec894328:c4060]
2019-08-23 02:48:33,751 | INFO  | DNAudit | user=null | ip=null | op=WRITE_CHUNK {blockData=conID: 3 locID: 102664012675023462 bcsId: 0} | ret=SUCCESS |  
2019-08-23 02:48:33,751 | INFO  | DNAudit | user=null | ip=null | op=PUT_BLOCK {blockData=[blockId=conID: 3 locID: 102664012675023462 bcsId: 0,size=2097152]} | ret=SUCCESS |  
2019-08-23 02:48:33,752 | INFO  | DNAudit | user=null | ip=null | op=WRITE_CHUNK {blockData=conID: 3 locID: 102664012675023462 bcsId: 0} | ret=SUCCESS |  
2019-08-23 02:48:33,752 [grpc-default-executor-1] INFO  client.GrpcClientProtocolClient (GrpcClientProtocolClient.java:onNext(255)) - client-B268B4322F32->17750241-545b-4219-93a1-14a6ea3d85be: receive RaftClientReply:client-B268B4322F32->17750241-545b-4219-93a1-14a6ea3d85be@group-C33FBD9556F2, cid=2706, SUCCESS, logIndex=4062, commits[17750241-545b-4219-93a1-14a6ea3d85be:c4064, 4eaaa090-573e-41d3-9f8c-c99e236d806a:c4060, 5f4cf9ee-4bed-49de-adaa-861aec894328:c4060]
2019-08-23 02:48:33,752 [grpc-default-executor-1] INFO  client.GrpcClientProtocolClient (GrpcClientProtocolClient.java:onNext(255)) - client-B268B4322F32->17750241-545b-4219-93a1-14a6ea3d85be: receive RaftClientReply:client-B268B4322F32->17750241-545b-4219-93a1-14a6ea3d85be@group-C33FBD9556F2, cid=2707, SUCCESS, logIndex=4063, commits[17750241-545b-4219-93a1-14a6ea3d85be:c4064, 4eaaa090-573e-41d3-9f8c-c99e236d806a:c4060, 5f4cf9ee-4bed-49de-adaa-861aec894328:c4060]
2019-08-23 02:48:33,752 [grpc-default-executor-1] INFO  client.GrpcClientProtocolClient (GrpcClientProtocolClient.java:onNext(255)) - client-B268B4322F32->17750241-545b-4219-93a1-14a6ea3d85be: receive RaftClientReply:client-B268B4322F32->17750241-545b-4219-93a1-14a6ea3d85be@group-C33FBD9556F2, cid=2708, SUCCESS, logIndex=4064, commits[17750241-545b-4219-93a1-14a6ea3d85be:c4064, 4eaaa090-573e-41d3-9f8c-c99e236d806a:c4060, 5f4cf9ee-4bed-49de-adaa-861aec894328:c4061]
2019-08-23 02:48:33,762 | INFO  | DNAudit | user=null | ip=null | op=WRITE_CHUNK {blockData=conID: 3 locID: 102664012675023462 bcsId: 0} | ret=SUCCESS |  
2019-08-23 02:48:33,763 | INFO  | DNAudit | user=null | ip=null | op=PUT_BLOCK {blockData=[blockId=conID: 3 locID: 102664012675023462 bcsId: 0,size=1048576]} | ret=SUCCESS |  
2019-08-23 02:48:33,763 | INFO  | DNAudit | user=null | ip=null | op=PUT_BLOCK {blockData=[blockId=conID: 3 locID: 102664012675023462 bcsId: 0,size=1048576]} | ret=SUCCESS |  
2019-08-23 02:48:33,763 | INFO  | DNAudit | user=null | ip=null | op=WRITE_CHUNK {blockData=conID: 3 locID: 102664012675023462 bcsId: 0} | ret=SUCCESS |  
2019-08-23 02:48:33,763 | INFO  | DNAudit | user=null | ip=null | op=WRITE_CHUNK {blockData=conID: 3 locID: 102664012675023462 bcsId: 0} | ret=SUCCESS |  
2019-08-23 02:48:33,763 | INFO  | DNAudit | user=null | ip=null | op=PUT_BLOCK {blockData=[blockId=conID: 3 locID: 102664012675023462 bcsId: 0,size=2097152]} | ret=SUCCESS |  
2019-08-23 02:48:33,763 | INFO  | DNAudit | user=null | ip=null | op=PUT_BLOCK {blockData=[blockId=conID: 3 locID: 102664012675023462 bcsId: 0,size=2097152]} | ret=SUCCESS |  
2019-08-23 02:48:33,764 [grpc-default-executor-1] INFO  client.GrpcClientProtocolClient (GrpcClientProtocolClient.java:onNext(255)) - client-B268B4322F32->17750241-545b-4219-93a1-14a6ea3d85be: receive RaftClientReply:client-B268B4322F32->17750241-545b-4219-93a1-14a6ea3d85be@group-C33FBD9556F2, cid=2709, SUCCESS, logIndex=0, commits[17750241-545b-4219-93a1-14a6ea3d85be:c4067, 4eaaa090-573e-41d3-9f8c-c99e236d806a:c4063, 5f4cf9ee-4bed-49de-adaa-861aec894328:c4062]
2019-08-23 02:48:33,772 | INFO  | DNAudit | user=null | ip=null | op=WRITE_CHUNK {blockData=conID: 3 locID: 102664012675023462 bcsId: 4064} | ret=SUCCESS |  
2019-08-23 02:48:33,775 | INFO  | DNAudit | user=null | ip=null | op=WRITE_CHUNK {blockData=conID: 3 locID: 102664012675023462 bcsId: 4064} | ret=SUCCESS |  
2019-08-23 02:48:33,775 | INFO  | DNAudit | user=null | ip=null | op=WRITE_CHUNK {blockData=conID: 3 locID: 102664012675023462 bcsId: 4064} | ret=SUCCESS |  
2019-08-23 02:48:33,784 | INFO  | DNAudit | user=null | ip=null | op=WRITE_CHUNK {blockData=conID: 3 locID: 102664012675023462 bcsId: 4064} | ret=SUCCESS |  
2019-08-23 02:48:33,785 | INFO  | DNAudit | user=null | ip=null | op=PUT_BLOCK {blockData=[blockId=conID: 3 locID: 102664012675023462 bcsId: 0,size=3145728]} | ret=SUCCESS |  
2019-08-23 02:48:33,785 [grpc-default-executor-5] INFO  client.GrpcClientProtocolClient (GrpcClientProtocolClient.java:onNext(255)) - client-B268B4322F32->17750241-545b-4219-93a1-14a6ea3d85be: receive RaftClientReply:client-B268B4322F32->17750241-545b-4219-93a1-14a6ea3d85be@group-C33FBD9556F2, cid=2710, SUCCESS, logIndex=4069, commits[17750241-545b-4219-93a1-14a6ea3d85be:c4070, 4eaaa090-573e-41d3-9f8c-c99e236d806a:c4068, 5f4cf9ee-4bed-49de-adaa-861aec894328:c4068]
2019-08-23 02:48:33,785 [grpc-default-executor-5] INFO  client.GrpcClientProtocolClient (GrpcClientProtocolClient.java:onNext(255)) - client-B268B4322F32->17750241-545b-4219-93a1-14a6ea3d85be: receive RaftClientReply:client-B268B4322F32->17750241-545b-4219-93a1-14a6ea3d85be@group-C33FBD9556F2, cid=2711, SUCCESS, logIndex=4070, commits[17750241-545b-4219-93a1-14a6ea3d85be:c4070, 4eaaa090-573e-41d3-9f8c-c99e236d806a:c4068, 5f4cf9ee-4bed-49de-adaa-861aec894328:c4068]
2019-08-23 02:48:33,793 | INFO  | DNAudit | user=null | ip=null | op=WRITE_CHUNK {blockData=conID: 3 locID: 102664012675023462 bcsId: 4070} | ret=SUCCESS |  
2019-08-23 02:48:33,795 | INFO  | DNAudit | user=null | ip=null | op=WRITE_CHUNK {blockData=conID: 3 locID: 102664012675023462 bcsId: 4064} | ret=SUCCESS |  
2019-08-23 02:48:33,796 | INFO  | DNAudit | user=null | ip=null | op=WRITE_CHUNK {blockData=conID: 3 locID: 102664012675023462 bcsId: 4070} | ret=SUCCESS |  
2019-08-23 02:48:33,796 | INFO  | DNAudit | user=null | ip=null | op=WRITE_CHUNK {blockData=conID: 3 locID: 102664012675023462 bcsId: 4064} | ret=SUCCESS |  
2019-08-23 02:48:33,797 | INFO  | DNAudit | user=null | ip=null | op=WRITE_CHUNK {blockData=conID: 3 locID: 102664012675023462 bcsId: 4070} | ret=SUCCESS |  
2019-08-23 02:48:33,808 | INFO  | DNAudit | user=null | ip=null | op=PUT_BLOCK {blockData=[blockId=conID: 3 locID: 102664012675023462 bcsId: 0,size=3145728]} | ret=SUCCESS |  
2019-08-23 02:48:33,809 | INFO  | DNAudit | user=null | ip=null | op=PUT_BLOCK {blockData=[blockId=conID: 3 locID: 102664012675023462 bcsId: 0,size=3145728]} | ret=SUCCESS |  
2019-08-23 02:48:33,809 | INFO  | DNAudit | user=null | ip=null | op=WRITE_CHUNK {blockData=conID: 3 locID: 102664012675023462 bcsId: 4070} | ret=SUCCESS |  
2019-08-23 02:48:33,809 | INFO  | DNAudit | user=null | ip=null | op=PUT_BLOCK {blockData=[blockId=conID: 3 locID: 102664012675023462 bcsId: 0,size=4194304]} | ret=SUCCESS |  
2019-08-23 02:48:33,810 [grpc-default-executor-1] INFO  client.GrpcClientProtocolClient (GrpcClientProtocolClient.java:onNext(255)) - client-B268B4322F32->17750241-545b-4219-93a1-14a6ea3d85be: receive RaftClientReply:client-B268B4322F32->17750241-545b-4219-93a1-14a6ea3d85be@group-C33FBD9556F2, cid=2712, SUCCESS, logIndex=4073, commits[17750241-545b-4219-93a1-14a6ea3d85be:c4073, 4eaaa090-573e-41d3-9f8c-c99e236d806a:c4070, 5f4cf9ee-4bed-49de-adaa-861aec894328:c4070]
2019-08-23 02:48:33,810 [grpc-default-executor-1] INFO  client.GrpcClientProtocolClient (GrpcClientProtocolClient.java:onNext(255)) - client-B268B4322F32->17750241-545b-4219-93a1-14a6ea3d85be: receive RaftClientReply:client-B268B4322F32->17750241-545b-4219-93a1-14a6ea3d85be@group-C33FBD9556F2, cid=2713, SUCCESS, logIndex=4074, commits[17750241-545b-4219-93a1-14a6ea3d85be:c4074, 4eaaa090-573e-41d3-9f8c-c99e236d806a:c4070, 5f4cf9ee-4bed-49de-adaa-861aec894328:c4070]
2019-08-23 02:48:33,822 | INFO  | DNAudit | user=null | ip=null | op=WRITE_CHUNK {blockData=conID: 3 locID: 102664012675023462 bcsId: 4070} | ret=SUCCESS |  
2019-08-23 02:48:33,822 | INFO  | DNAudit | user=null | ip=null | op=WRITE_CHUNK {blockData=conID: 3 locID: 102664012675023462 bcsId: 4070} | ret=SUCCESS |  
2019-08-23 02:48:33,835 | INFO  | DNAudit | user=null | ip=null | op=PUT_BLOCK {blockData=[blockId=conID: 3 locID: 102664012675023462 bcsId: 0,size=4194304]} | ret=SUCCESS |  
2019-08-23 02:48:33,835 | INFO  | DNAudit | user=null | ip=null | op=PUT_BLOCK {blockData=[blockId=conID: 3 locID: 102664012675023462 bcsId: 0,size=4194304]} | ret=SUCCESS |  
2019-08-23 02:48:33,836 [grpc-default-executor-1] INFO  client.GrpcClientProtocolClient (GrpcClientProtocolClient.java:onNext(255)) - client-B268B4322F32->17750241-545b-4219-93a1-14a6ea3d85be: receive RaftClientReply:client-B268B4322F32->17750241-545b-4219-93a1-14a6ea3d85be@group-C33FBD9556F2, cid=2714, SUCCESS, logIndex=0, commits[17750241-545b-4219-93a1-14a6ea3d85be:c4076, 4eaaa090-573e-41d3-9f8c-c99e236d806a:c4074, 5f4cf9ee-4bed-49de-adaa-861aec894328:c4074]
2019-08-23 02:48:33,837 | INFO  | SCMAudit | user=jenkins1000 | ip=192.168.34.22 | op=ALLOCATE_BLOCK {owner=31d65bc3-3f70-45f5-bbc5-e3a15f967ba6, size=4194304, type=RATIS, factor=THREE} | ret=SUCCESS |  
2019-08-23 02:48:33,843 | INFO  | OMAudit | user=jenkins1000 | ip=127.0.0.1 | op=ALLOCATE_BLOCK {volume=vol-0-78052, bucket=bucket-0-33874, key=key-0-20719, dataSize=2147483657, replicationType=RATIS, replicationFactor=THREE, keyLocationInfo=[], clientID=102664010308846034} | ret=SUCCESS |  
2019-08-23 02:48:33,856 | INFO  | DNAudit | user=null | ip=null | op=WRITE_CHUNK {blockData=conID: 1 locID: 102664012682822247 bcsId: 0} | ret=SUCCESS |  
2019-08-23 02:48:33,860 | INFO  | DNAudit | user=null | ip=null | op=WRITE_CHUNK {blockData=conID: 1 locID: 102664012682822247 bcsId: 0} | ret=SUCCESS |  
2019-08-23 02:48:33,861 | INFO  | DNAudit | user=null | ip=null | op=WRITE_CHUNK {blockData=conID: 1 locID: 102664012682822247 bcsId: 0} | ret=SUCCESS |  
2019-08-23 02:48:33,861 | INFO  | DNAudit | user=null | ip=null | op=WRITE_CHUNK {blockData=conID: 1 locID: 102664012682822247 bcsId: 0} | ret=SUCCESS |  
2019-08-23 02:48:33,863 | INFO  | DNAudit | user=null | ip=null | op=WRITE_CHUNK {blockData=conID: 1 locID: 102664012682822247 bcsId: 0} | ret=SUCCESS |  
2019-08-23 02:48:33,863 | INFO  | DNAudit | user=null | ip=null | op=WRITE_CHUNK {blockData=conID: 1 locID: 102664012682822247 bcsId: 0} | ret=SUCCESS |  
2019-08-23 02:48:33,871 | INFO  | DNAudit | user=null | ip=null | op=WRITE_CHUNK {blockData=conID: 1 locID: 102664012682822247 bcsId: 0} | ret=SUCCESS |  
2019-08-23 02:48:33,872 | INFO  | DNAudit | user=null | ip=null | op=PUT_BLOCK {blockData=[blockId=conID: 1 locID: 102664012682822247 bcsId: 0,size=1048576]} | ret=SUCCESS |  
2019-08-23 02:48:33,872 [grpc-default-executor-2] INFO  client.GrpcClientProtocolClient (GrpcClientProtocolClient.java:onNext(255)) - client-B268B4322F32->17750241-545b-4219-93a1-14a6ea3d85be: receive RaftClientReply:client-B268B4322F32->17750241-545b-4219-93a1-14a6ea3d85be@group-C33FBD9556F2, cid=2715, SUCCESS, logIndex=4077, commits[17750241-545b-4219-93a1-14a6ea3d85be:c4078, 4eaaa090-573e-41d3-9f8c-c99e236d806a:c4076, 5f4cf9ee-4bed-49de-adaa-861aec894328:c4076]
2019-08-23 02:48:33,873 [grpc-default-executor-2] INFO  client.GrpcClientProtocolClient (GrpcClientProtocolClient.java:onNext(255)) - client-B268B4322F32->17750241-545b-4219-93a1-14a6ea3d85be: receive RaftClientReply:client-B268B4322F32->17750241-545b-4219-93a1-14a6ea3d85be@group-C33FBD9556F2, cid=2716, SUCCESS, logIndex=4078, commits[17750241-545b-4219-93a1-14a6ea3d85be:c4078, 4eaaa090-573e-41d3-9f8c-c99e236d806a:c4076, 5f4cf9ee-4bed-49de-adaa-861aec894328:c4076]
2019-08-23 02:48:33,881 | INFO  | DNAudit | user=null | ip=null | op=WRITE_CHUNK {blockData=conID: 1 locID: 102664012682822247 bcsId: 0} | ret=SUCCESS |  
2019-08-23 02:48:33,881 | INFO  | DNAudit | user=null | ip=null | op=PUT_BLOCK {blockData=[blockId=conID: 1 locID: 102664012682822247 bcsId: 0,size=2097152]} | ret=SUCCESS |  
2019-08-23 02:48:33,881 [grpc-default-executor-2] INFO  client.GrpcClientProtocolClient (GrpcClientProtocolClient.java:onNext(255)) - client-B268B4322F32->17750241-545b-4219-93a1-14a6ea3d85be: receive RaftClientReply:client-B268B4322F32->17750241-545b-4219-93a1-14a6ea3d85be@group-C33FBD9556F2, cid=2717, SUCCESS, logIndex=4079, commits[17750241-545b-4219-93a1-14a6ea3d85be:c4080, 4eaaa090-573e-41d3-9f8c-c99e236d806a:c4076, 5f4cf9ee-4bed-49de-adaa-861aec894328:c4076]
2019-08-23 02:48:33,882 [grpc-default-executor-2] INFO  client.GrpcClientProtocolClient (GrpcClientProtocolClient.java:onNext(255)) - client-B268B4322F32->17750241-545b-4219-93a1-14a6ea3d85be: receive RaftClientReply:client-B268B4322F32->17750241-545b-4219-93a1-14a6ea3d85be@group-C33FBD9556F2, cid=2718, SUCCESS, logIndex=4080, commits[17750241-545b-4219-93a1-14a6ea3d85be:c4080, 4eaaa090-573e-41d3-9f8c-c99e236d806a:c4076, 5f4cf9ee-4bed-49de-adaa-861aec894328:c4076]
2019-08-23 02:48:33,883 | INFO  | DNAudit | user=null | ip=null | op=WRITE_CHUNK {blockData=conID: 1 locID: 102664012682822247 bcsId: 0} | ret=SUCCESS |  
2019-08-23 02:48:33,883 | INFO  | DNAudit | user=null | ip=null | op=WRITE_CHUNK {blockData=conID: 1 locID: 102664012682822247 bcsId: 0} | ret=SUCCESS |  
2019-08-23 02:48:33,883 | INFO  | DNAudit | user=null | ip=null | op=PUT_BLOCK {blockData=[blockId=conID: 1 locID: 102664012682822247 bcsId: 0,size=1048576]} | ret=SUCCESS |  
2019-08-23 02:48:33,884 | INFO  | DNAudit | user=null | ip=null | op=PUT_BLOCK {blockData=[blockId=conID: 1 locID: 102664012682822247 bcsId: 0,size=1048576]} | ret=SUCCESS |  
2019-08-23 02:48:33,884 [grpc-default-executor-2] INFO  client.GrpcClientProtocolClient (GrpcClientProtocolClient.java:onNext(255)) - client-B268B4322F32->17750241-545b-4219-93a1-14a6ea3d85be: receive RaftClientReply:client-B268B4322F32->17750241-545b-4219-93a1-14a6ea3d85be@group-C33FBD9556F2, cid=2719, SUCCESS, logIndex=0, commits[17750241-545b-4219-93a1-14a6ea3d85be:c4080, 4eaaa090-573e-41d3-9f8c-c99e236d806a:c4078, 5f4cf9ee-4bed-49de-adaa-861aec894328:c4078]
2019-08-23 02:48:33,892 | INFO  | DNAudit | user=null | ip=null | op=WRITE_CHUNK {blockData=conID: 1 locID: 102664012682822247 bcsId: 4080} | ret=SUCCESS |  
2019-08-23 02:48:33,894 | INFO  | DNAudit | user=null | ip=null | op=WRITE_CHUNK {blockData=conID: 1 locID: 102664012682822247 bcsId: 4080} | ret=SUCCESS |  
2019-08-23 02:48:33,895 | INFO  | DNAudit | user=null | ip=null | op=WRITE_CHUNK {blockData=conID: 1 locID: 102664012682822247 bcsId: 4080} | ret=SUCCESS |  
2019-08-23 02:48:33,908 | INFO  | DNAudit | user=null | ip=null | op=WRITE_CHUNK {blockData=conID: 1 locID: 102664012682822247 bcsId: 0} | ret=SUCCESS |  
2019-08-23 02:48:33,908 | INFO  | DNAudit | user=null | ip=null | op=WRITE_CHUNK {blockData=conID: 1 locID: 102664012682822247 bcsId: 0} | ret=SUCCESS |  
2019-08-23 02:48:33,908 | INFO  | DNAudit | user=null | ip=null | op=WRITE_CHUNK {blockData=conID: 1 locID: 102664012682822247 bcsId: 4080} | ret=SUCCESS |  
2019-08-23 02:48:33,908 | INFO  | DNAudit | user=null | ip=null | op=PUT_BLOCK {blockData=[blockId=conID: 1 locID: 102664012682822247 bcsId: 0,size=2097152]} | ret=SUCCESS |  
2019-08-23 02:48:33,908 | INFO  | DNAudit | user=null | ip=null | op=PUT_BLOCK {blockData=[blockId=conID: 1 locID: 102664012682822247 bcsId: 0,size=2097152]} | ret=SUCCESS |  
2019-08-23 02:48:33,909 | INFO  | DNAudit | user=null | ip=null | op=PUT_BLOCK {blockData=[blockId=conID: 1 locID: 102664012682822247 bcsId: 0,size=3145728]} | ret=SUCCESS |  
2019-08-23 02:48:33,909 [grpc-default-executor-5] INFO  client.GrpcClientProtocolClient (GrpcClientProtocolClient.java:onNext(255)) - client-B268B4322F32->17750241-545b-4219-93a1-14a6ea3d85be: receive RaftClientReply:client-B268B4322F32->17750241-545b-4219-93a1-14a6ea3d85be@group-C33FBD9556F2, cid=2720, SUCCESS, logIndex=4085, commits[17750241-545b-4219-93a1-14a6ea3d85be:c4086, 4eaaa090-573e-41d3-9f8c-c99e236d806a:c4080, 5f4cf9ee-4bed-49de-adaa-861aec894328:c4080]
2019-08-23 02:48:33,909 [grpc-default-executor-5] INFO  client.GrpcClientProtocolClient (GrpcClientProtocolClient.java:onNext(255)) - client-B268B4322F32->17750241-545b-4219-93a1-14a6ea3d85be: receive RaftClientReply:client-B268B4322F32->17750241-545b-4219-93a1-14a6ea3d85be@group-C33FBD9556F2, cid=2721, SUCCESS, logIndex=4086, commits[17750241-545b-4219-93a1-14a6ea3d85be:c4086, 4eaaa090-573e-41d3-9f8c-c99e236d806a:c4080, 5f4cf9ee-4bed-49de-adaa-861aec894328:c4080]
2019-08-23 02:48:33,910 | INFO  | DNAudit | user=null | ip=null | op=WRITE_CHUNK {blockData=conID: 1 locID: 102664012682822247 bcsId: 4080} | ret=SUCCESS |  
2019-08-23 02:48:33,910 | INFO  | DNAudit | user=null | ip=null | op=WRITE_CHUNK {blockData=conID: 1 locID: 102664012682822247 bcsId: 4080} | ret=SUCCESS |  
2019-08-23 02:48:33,911 | INFO  | DNAudit | user=null | ip=null | op=PUT_BLOCK {blockData=[blockId=conID: 1 locID: 102664012682822247 bcsId: 0,size=3145728]} | ret=SUCCESS |  
2019-08-23 02:48:33,911 | INFO  | DNAudit | user=null | ip=null | op=PUT_BLOCK {blockData=[blockId=conID: 1 locID: 102664012682822247 bcsId: 0,size=3145728]} | ret=SUCCESS |  
2019-08-23 02:48:33,916 | INFO  | DNAudit | user=null | ip=null | op=WRITE_CHUNK {blockData=conID: 1 locID: 102664012682822247 bcsId: 4086} | ret=SUCCESS |  
2019-08-23 02:48:33,919 | INFO  | DNAudit | user=null | ip=null | op=WRITE_CHUNK {blockData=conID: 1 locID: 102664012682822247 bcsId: 4086} | ret=SUCCESS |  
2019-08-23 02:48:33,920 | INFO  | DNAudit | user=null | ip=null | op=WRITE_CHUNK {blockData=conID: 1 locID: 102664012682822247 bcsId: 4086} | ret=SUCCESS |  
2019-08-23 02:48:33,937 | INFO  | DNAudit | user=null | ip=null | op=WRITE_CHUNK {blockData=conID: 1 locID: 102664012682822247 bcsId: 4086} | ret=SUCCESS |  
2019-08-23 02:48:33,938 | INFO  | DNAudit | user=null | ip=null | op=PUT_BLOCK {blockData=[blockId=conID: 1 locID: 102664012682822247 bcsId: 0,size=4194304]} | ret=SUCCESS |  
2019-08-23 02:48:33,938 [grpc-default-executor-1] INFO  client.GrpcClientProtocolClient (GrpcClientProtocolClient.java:onNext(255)) - client-B268B4322F32->17750241-545b-4219-93a1-14a6ea3d85be: receive RaftClientReply:client-B268B4322F32->17750241-545b-4219-93a1-14a6ea3d85be@group-C33FBD9556F2, cid=2722, SUCCESS, logIndex=4089, commits[17750241-545b-4219-93a1-14a6ea3d85be:c4090, 4eaaa090-573e-41d3-9f8c-c99e236d806a:c4088, 5f4cf9ee-4bed-49de-adaa-861aec894328:c4088]
2019-08-23 02:48:33,938 [grpc-default-executor-1] INFO  client.GrpcClientProtocolClient (GrpcClientProtocolClient.java:onNext(255)) - client-B268B4322F32->17750241-545b-4219-93a1-14a6ea3d85be: receive RaftClientReply:client-B268B4322F32->17750241-545b-4219-93a1-14a6ea3d85be@group-C33FBD9556F2, cid=2723, SUCCESS, logIndex=4090, commits[17750241-545b-4219-93a1-14a6ea3d85be:c4090, 4eaaa090-573e-41d3-9f8c-c99e236d806a:c4088, 5f4cf9ee-4bed-49de-adaa-861aec894328:c4088]
2019-08-23 02:48:33,939 | INFO  | DNAudit | user=null | ip=null | op=WRITE_CHUNK {blockData=conID: 1 locID: 102664012682822247 bcsId: 4086} | ret=SUCCESS |  
2019-08-23 02:48:33,939 | INFO  | DNAudit | user=null | ip=null | op=PUT_BLOCK {blockData=[blockId=conID: 1 locID: 102664012682822247 bcsId: 0,size=4194304]} | ret=SUCCESS |  
2019-08-23 02:48:33,940 | INFO  | DNAudit | user=null | ip=null | op=WRITE_CHUNK {blockData=conID: 1 locID: 102664012682822247 bcsId: 4086} | ret=SUCCESS |  
2019-08-23 02:48:33,940 | INFO  | DNAudit | user=null | ip=null | op=PUT_BLOCK {blockData=[blockId=conID: 1 locID: 102664012682822247 bcsId: 0,size=4194304]} | ret=SUCCESS |  
2019-08-23 02:48:33,940 [grpc-default-executor-1] INFO  client.GrpcClientProtocolClient (GrpcClientProtocolClient.java:onNext(255)) - client-B268B4322F32->17750241-545b-4219-93a1-14a6ea3d85be: receive RaftClientReply:client-B268B4322F32->17750241-545b-4219-93a1-14a6ea3d85be@group-C33FBD9556F2, cid=2724, SUCCESS, logIndex=0, commits[17750241-545b-4219-93a1-14a6ea3d85be:c4091, 4eaaa090-573e-41d3-9f8c-c99e236d806a:c4090, 5f4cf9ee-4bed-49de-adaa-861aec894328:c4090]
2019-08-23 02:48:33,942 | INFO  | SCMAudit | user=jenkins1000 | ip=192.168.34.22 | op=ALLOCATE_BLOCK {owner=31d65bc3-3f70-45f5-bbc5-e3a15f967ba6, size=4194304, type=RATIS, factor=THREE} | ret=SUCCESS |  
2019-08-23 02:48:33,947 | INFO  | OMAudit | user=jenkins1000 | ip=127.0.0.1 | op=ALLOCATE_BLOCK {volume=vol-0-78052, bucket=bucket-0-33874, key=key-0-20719, dataSize=2147483657, replicationType=RATIS, replicationFactor=THREE, keyLocationInfo=[], clientID=102664010308846034} | ret=SUCCESS |  
2019-08-23 02:48:33,958 | INFO  | DNAudit | user=null | ip=null | op=WRITE_CHUNK {blockData=conID: 2 locID: 102664012689703528 bcsId: 0} | ret=SUCCESS |  
2019-08-23 02:48:33,962 | INFO  | DNAudit | user=null | ip=null | op=WRITE_CHUNK {blockData=conID: 2 locID: 102664012689703528 bcsId: 0} | ret=SUCCESS |  
2019-08-23 02:48:33,962 | INFO  | DNAudit | user=null | ip=null | op=WRITE_CHUNK {blockData=conID: 2 locID: 102664012689703528 bcsId: 0} | ret=SUCCESS |  
2019-08-23 02:48:33,962 | INFO  | DNAudit | user=null | ip=null | op=WRITE_CHUNK {blockData=conID: 2 locID: 102664012689703528 bcsId: 0} | ret=SUCCESS |  
2019-08-23 02:48:33,964 | INFO  | DNAudit | user=null | ip=null | op=WRITE_CHUNK {blockData=conID: 2 locID: 102664012689703528 bcsId: 0} | ret=SUCCESS |  
2019-08-23 02:48:33,964 | INFO  | DNAudit | user=null | ip=null | op=WRITE_CHUNK {blockData=conID: 2 locID: 102664012689703528 bcsId: 0} | ret=SUCCESS |  
2019-08-23 02:48:33,966 | INFO  | DNAudit | user=null | ip=null | op=WRITE_CHUNK {blockData=conID: 2 locID: 102664012689703528 bcsId: 0} | ret=SUCCESS |  
2019-08-23 02:48:33,967 | INFO  | DNAudit | user=null | ip=null | op=PUT_BLOCK {blockData=[blockId=conID: 2 locID: 102664012689703528 bcsId: 0,size=1048576]} | ret=SUCCESS |  
2019-08-23 02:48:33,967 [grpc-default-executor-1] INFO  client.GrpcClientProtocolClient (GrpcClientProtocolClient.java:onNext(255)) - client-B268B4322F32->17750241-545b-4219-93a1-14a6ea3d85be: receive RaftClientReply:client-B268B4322F32->17750241-545b-4219-93a1-14a6ea3d85be@group-C33FBD9556F2, cid=2725, SUCCESS, logIndex=4093, commits[17750241-545b-4219-93a1-14a6ea3d85be:c4094, 4eaaa090-573e-41d3-9f8c-c99e236d806a:c4092, 5f4cf9ee-4bed-49de-adaa-861aec894328:c4092]
2019-08-23 02:48:33,967 | INFO  | DNAudit | user=null | ip=null | op=WRITE_CHUNK {blockData=conID: 2 locID: 102664012689703528 bcsId: 0} | ret=SUCCESS |  
2019-08-23 02:48:33,968 | INFO  | DNAudit | user=null | ip=null | op=PUT_BLOCK {blockData=[blockId=conID: 2 locID: 102664012689703528 bcsId: 0,size=2097152]} | ret=SUCCESS |  
2019-08-23 02:48:33,968 [grpc-default-executor-1] INFO  client.GrpcClientProtocolClient (GrpcClientProtocolClient.java:onNext(255)) - client-B268B4322F32->17750241-545b-4219-93a1-14a6ea3d85be: receive RaftClientReply:client-B268B4322F32->17750241-545b-4219-93a1-14a6ea3d85be@group-C33FBD9556F2, cid=2726, SUCCESS, logIndex=4094, commits[17750241-545b-4219-93a1-14a6ea3d85be:c4096, 4eaaa090-573e-41d3-9f8c-c99e236d806a:c4092, 5f4cf9ee-4bed-49de-adaa-861aec894328:c4092]
2019-08-23 02:48:33,968 | INFO  | DNAudit | user=null | ip=null | op=WRITE_CHUNK {blockData=conID: 2 locID: 102664012689703528 bcsId: 0} | ret=SUCCESS |  
2019-08-23 02:48:33,968 [grpc-default-executor-1] INFO  client.GrpcClientProtocolClient (GrpcClientProtocolClient.java:onNext(255)) - client-B268B4322F32->17750241-545b-4219-93a1-14a6ea3d85be: receive RaftClientReply:client-B268B4322F32->17750241-545b-4219-93a1-14a6ea3d85be@group-C33FBD9556F2, cid=2727, SUCCESS, logIndex=4095, commits[17750241-545b-4219-93a1-14a6ea3d85be:c4096, 4eaaa090-573e-41d3-9f8c-c99e236d806a:c4092, 5f4cf9ee-4bed-49de-adaa-861aec894328:c4092]
2019-08-23 02:48:33,968 [grpc-default-executor-1] INFO  client.GrpcClientProtocolClient (GrpcClientProtocolClient.java:onNext(255)) - client-B268B4322F32->17750241-545b-4219-93a1-14a6ea3d85be: receive RaftClientReply:client-B268B4322F32->17750241-545b-4219-93a1-14a6ea3d85be@group-C33FBD9556F2, cid=2728, SUCCESS, logIndex=4096, commits[17750241-545b-4219-93a1-14a6ea3d85be:c4096, 4eaaa090-573e-41d3-9f8c-c99e236d806a:c4092, 5f4cf9ee-4bed-49de-adaa-861aec894328:c4092]
2019-08-23 02:48:33,979 | INFO  | DNAudit | user=null | ip=null | op=WRITE_CHUNK {blockData=conID: 2 locID: 102664012689703528 bcsId: 0} | ret=SUCCESS |  
2019-08-23 02:48:33,979 | INFO  | DNAudit | user=null | ip=null | op=PUT_BLOCK {blockData=[blockId=conID: 2 locID: 102664012689703528 bcsId: 0,size=1048576]} | ret=SUCCESS |  
2019-08-23 02:48:33,980 | INFO  | DNAudit | user=null | ip=null | op=WRITE_CHUNK {blockData=conID: 2 locID: 102664012689703528 bcsId: 0} | ret=SUCCESS |  
2019-08-23 02:48:33,980 | INFO  | DNAudit | user=null | ip=null | op=PUT_BLOCK {blockData=[blockId=conID: 2 locID: 102664012689703528 bcsId: 0,size=1048576]} | ret=SUCCESS |  
2019-08-23 02:48:33,980 | INFO  | DNAudit | user=null | ip=null | op=WRITE_CHUNK {blockData=conID: 2 locID: 102664012689703528 bcsId: 0} | ret=SUCCESS |  
2019-08-23 02:48:33,980 | INFO  | DNAudit | user=null | ip=null | op=PUT_BLOCK {blockData=[blockId=conID: 2 locID: 102664012689703528 bcsId: 0,size=2097152]} | ret=SUCCESS |  
2019-08-23 02:48:33,980 | INFO  | DNAudit | user=null | ip=null | op=PUT_BLOCK {blockData=[blockId=conID: 2 locID: 102664012689703528 bcsId: 0,size=2097152]} | ret=SUCCESS |  
2019-08-23 02:48:33,980 [grpc-default-executor-6] INFO  client.GrpcClientProtocolClient (GrpcClientProtocolClient.java:onNext(255)) - client-B268B4322F32->17750241-545b-4219-93a1-14a6ea3d85be: receive RaftClientReply:client-B268B4322F32->17750241-545b-4219-93a1-14a6ea3d85be@group-C33FBD9556F2, cid=2729, SUCCESS, logIndex=0, commits[17750241-545b-4219-93a1-14a6ea3d85be:c4099, 4eaaa090-573e-41d3-9f8c-c99e236d806a:c4095, 5f4cf9ee-4bed-49de-adaa-861aec894328:c4094]
2019-08-23 02:48:33,987 | INFO  | DNAudit | user=null | ip=null | op=WRITE_CHUNK {blockData=conID: 2 locID: 102664012689703528 bcsId: 4096} | ret=SUCCESS |  
2019-08-23 02:48:33,989 | INFO  | DNAudit | user=null | ip=null | op=WRITE_CHUNK {blockData=conID: 2 locID: 102664012689703528 bcsId: 4096} | ret=SUCCESS |  
2019-08-23 02:48:33,989 | INFO  | DNAudit | user=null | ip=null | op=WRITE_CHUNK {blockData=conID: 2 locID: 102664012689703528 bcsId: 4096} | ret=SUCCESS |  
2019-08-23 02:48:33,999 | INFO  | DNAudit | user=null | ip=null | op=WRITE_CHUNK {blockData=conID: 2 locID: 102664012689703528 bcsId: 4096} | ret=SUCCESS |  
2019-08-23 02:48:33,999 | INFO  | DNAudit | user=null | ip=null | op=PUT_BLOCK {blockData=[blockId=conID: 2 locID: 102664012689703528 bcsId: 0,size=3145728]} | ret=SUCCESS |  
2019-08-23 02:48:33,999 [grpc-default-executor-5] INFO  client.GrpcClientProtocolClient (GrpcClientProtocolClient.java:onNext(255)) - client-B268B4322F32->17750241-545b-4219-93a1-14a6ea3d85be: receive RaftClientReply:client-B268B4322F32->17750241-545b-4219-93a1-14a6ea3d85be@group-C33FBD9556F2, cid=2730, SUCCESS, logIndex=4101, commits[17750241-545b-4219-93a1-14a6ea3d85be:c4102, 4eaaa090-573e-41d3-9f8c-c99e236d806a:c4100, 5f4cf9ee-4bed-49de-adaa-861aec894328:c4100]
2019-08-23 02:48:34,000 [grpc-default-executor-5] INFO  client.GrpcClientProtocolClient (GrpcClientProtocolClient.java:onNext(255)) - client-B268B4322F32->17750241-545b-4219-93a1-14a6ea3d85be: receive RaftClientReply:client-B268B4322F32->17750241-545b-4219-93a1-14a6ea3d85be@group-C33FBD9556F2, cid=2731, SUCCESS, logIndex=4102, commits[17750241-545b-4219-93a1-14a6ea3d85be:c4102, 4eaaa090-573e-41d3-9f8c-c99e236d806a:c4100, 5f4cf9ee-4bed-49de-adaa-861aec894328:c4100]
2019-08-23 02:48:34,005 | INFO  | DNAudit | user=null | ip=null | op=WRITE_CHUNK {blockData=conID: 2 locID: 102664012689703528 bcsId: 4102} | ret=SUCCESS |  
2019-08-23 02:48:34,007 | INFO  | DNAudit | user=null | ip=null | op=WRITE_CHUNK {blockData=conID: 2 locID: 102664012689703528 bcsId: 4102} | ret=SUCCESS |  
2019-08-23 02:48:34,007 | INFO  | DNAudit | user=null | ip=null | op=WRITE_CHUNK {blockData=conID: 2 locID: 102664012689703528 bcsId: 4102} | ret=SUCCESS |  
2019-08-23 02:48:34,010 | INFO  | DNAudit | user=null | ip=null | op=WRITE_CHUNK {blockData=conID: 2 locID: 102664012689703528 bcsId: 4096} | ret=SUCCESS |  
2019-08-23 02:48:34,010 | INFO  | DNAudit | user=null | ip=null | op=WRITE_CHUNK {blockData=conID: 2 locID: 102664012689703528 bcsId: 4096} | ret=SUCCESS |  
2019-08-23 02:48:34,013 | INFO  | DNAudit | user=null | ip=null | op=PUT_BLOCK {blockData=[blockId=conID: 2 locID: 102664012689703528 bcsId: 0,size=3145728]} | ret=SUCCESS |  
2019-08-23 02:48:34,013 | INFO  | DNAudit | user=null | ip=null | op=PUT_BLOCK {blockData=[blockId=conID: 2 locID: 102664012689703528 bcsId: 0,size=3145728]} | ret=SUCCESS |  
2019-08-23 02:48:34,013 | INFO  | DNAudit | user=null | ip=null | op=WRITE_CHUNK {blockData=conID: 2 locID: 102664012689703528 bcsId: 4102} | ret=SUCCESS |  
2019-08-23 02:48:34,014 | INFO  | DNAudit | user=null | ip=null | op=PUT_BLOCK {blockData=[blockId=conID: 2 locID: 102664012689703528 bcsId: 0,size=4194304]} | ret=SUCCESS |  
2019-08-23 02:48:34,014 [grpc-default-executor-1] INFO  client.GrpcClientProtocolClient (GrpcClientProtocolClient.java:onNext(255)) - client-B268B4322F32->17750241-545b-4219-93a1-14a6ea3d85be: receive RaftClientReply:client-B268B4322F32->17750241-545b-4219-93a1-14a6ea3d85be@group-C33FBD9556F2, cid=2732, SUCCESS, logIndex=4105, commits[17750241-545b-4219-93a1-14a6ea3d85be:c4106, 4eaaa090-573e-41d3-9f8c-c99e236d806a:c4102, 5f4cf9ee-4bed-49de-adaa-861aec894328:c4102]
2019-08-23 02:48:34,014 [grpc-default-executor-1] INFO  client.GrpcClientProtocolClient (GrpcClientProtocolClient.java:onNext(255)) - client-B268B4322F32->17750241-545b-4219-93a1-14a6ea3d85be: receive RaftClientReply:client-B268B4322F32->17750241-545b-4219-93a1-14a6ea3d85be@group-C33FBD9556F2, cid=2733, SUCCESS, logIndex=4106, commits[17750241-545b-4219-93a1-14a6ea3d85be:c4106, 4eaaa090-573e-41d3-9f8c-c99e236d806a:c4102, 5f4cf9ee-4bed-49de-adaa-861aec894328:c4102]
2019-08-23 02:48:34,026 | INFO  | DNAudit | user=null | ip=null | op=WRITE_CHUNK {blockData=conID: 2 locID: 102664012689703528 bcsId: 4102} | ret=SUCCESS |  
2019-08-23 02:48:34,026 | INFO  | DNAudit | user=null | ip=null | op=WRITE_CHUNK {blockData=conID: 2 locID: 102664012689703528 bcsId: 4102} | ret=SUCCESS |  
2019-08-23 02:48:34,026 | INFO  | DNAudit | user=null | ip=null | op=PUT_BLOCK {blockData=[blockId=conID: 2 locID: 102664012689703528 bcsId: 0,size=4194304]} | ret=SUCCESS |  
2019-08-23 02:48:34,026 | INFO  | DNAudit | user=null | ip=null | op=PUT_BLOCK {blockData=[blockId=conID: 2 locID: 102664012689703528 bcsId: 0,size=4194304]} | ret=SUCCESS |  
2019-08-23 02:48:34,026 [grpc-default-executor-1] INFO  client.GrpcClientProtocolClient (GrpcClientProtocolClient.java:onNext(255)) - client-B268B4322F32->17750241-545b-4219-93a1-14a6ea3d85be: receive RaftClientReply:client-B268B4322F32->17750241-545b-4219-93a1-14a6ea3d85be@group-C33FBD9556F2, cid=2734, SUCCESS, logIndex=0, commits[17750241-545b-4219-93a1-14a6ea3d85be:c4107, 4eaaa090-573e-41d3-9f8c-c99e236d806a:c4106, 5f4cf9ee-4bed-49de-adaa-861aec894328:c4106]
2019-08-23 02:48:34,028 | INFO  | SCMAudit | user=jenkins1000 | ip=192.168.34.22 | op=ALLOCATE_BLOCK {owner=31d65bc3-3f70-45f5-bbc5-e3a15f967ba6, size=4194304, type=RATIS, factor=THREE} | ret=SUCCESS |  
2019-08-23 02:48:34,031 | INFO  | OMAudit | user=jenkins1000 | ip=127.0.0.1 | op=ALLOCATE_BLOCK {volume=vol-0-78052, bucket=bucket-0-33874, key=key-0-20719, dataSize=2147483657, replicationType=RATIS, replicationFactor=THREE, keyLocationInfo=[], clientID=102664010308846034} | ret=SUCCESS |  
2019-08-23 02:48:34,041 | INFO  | DNAudit | user=null | ip=null | op=WRITE_CHUNK {blockData=conID: 3 locID: 102664012695339625 bcsId: 0} | ret=SUCCESS |  
2019-08-23 02:48:34,042 | INFO  | DNAudit | user=null | ip=null | op=WRITE_CHUNK {blockData=conID: 3 locID: 102664012695339625 bcsId: 0} | ret=SUCCESS |  
2019-08-23 02:48:34,043 | INFO  | DNAudit | user=null | ip=null | op=WRITE_CHUNK {blockData=conID: 3 locID: 102664012695339625 bcsId: 0} | ret=SUCCESS |  
2019-08-23 02:48:34,043 | INFO  | DNAudit | user=null | ip=null | op=WRITE_CHUNK {blockData=conID: 3 locID: 102664012695339625 bcsId: 0} | ret=SUCCESS |  
2019-08-23 02:48:34,044 | INFO  | DNAudit | user=null | ip=null | op=WRITE_CHUNK {blockData=conID: 3 locID: 102664012695339625 bcsId: 0} | ret=SUCCESS |  
2019-08-23 02:48:34,044 | INFO  | DNAudit | user=null | ip=null | op=WRITE_CHUNK {blockData=conID: 3 locID: 102664012695339625 bcsId: 0} | ret=SUCCESS |  
2019-08-23 02:48:34,056 | INFO  | DNAudit | user=null | ip=null | op=WRITE_CHUNK {blockData=conID: 3 locID: 102664012695339625 bcsId: 0} | ret=SUCCESS |  
2019-08-23 02:48:34,056 | INFO  | DNAudit | user=null | ip=null | op=PUT_BLOCK {blockData=[blockId=conID: 3 locID: 102664012695339625 bcsId: 0,size=1048576]} | ret=SUCCESS |  
2019-08-23 02:48:34,056 | INFO  | DNAudit | user=null | ip=null | op=WRITE_CHUNK {blockData=conID: 3 locID: 102664012695339625 bcsId: 0} | ret=SUCCESS |  
2019-08-23 02:48:34,056 [grpc-default-executor-6] INFO  client.GrpcClientProtocolClient (GrpcClientProtocolClient.java:onNext(255)) - client-B268B4322F32->17750241-545b-4219-93a1-14a6ea3d85be: receive RaftClientReply:client-B268B4322F32->17750241-545b-4219-93a1-14a6ea3d85be@group-C33FBD9556F2, cid=2735, SUCCESS, logIndex=4109, commits[17750241-545b-4219-93a1-14a6ea3d85be:c4110, 4eaaa090-573e-41d3-9f8c-c99e236d806a:c4106, 5f4cf9ee-4bed-49de-adaa-861aec894328:c4108]
2019-08-23 02:48:34,057 | INFO  | DNAudit | user=null | ip=null | op=PUT_BLOCK {blockData=[blockId=conID: 3 locID: 102664012695339625 bcsId: 0,size=2097152]} | ret=SUCCESS |  
2019-08-23 02:48:34,057 [grpc-default-executor-6] INFO  client.GrpcClientProtocolClient (GrpcClientProtocolClient.java:onNext(255)) - client-B268B4322F32->17750241-545b-4219-93a1-14a6ea3d85be: receive RaftClientReply:client-B268B4322F32->17750241-545b-4219-93a1-14a6ea3d85be@group-C33FBD9556F2, cid=2736, SUCCESS, logIndex=4110, commits[17750241-545b-4219-93a1-14a6ea3d85be:c4112, 4eaaa090-573e-41d3-9f8c-c99e236d806a:c4108, 5f4cf9ee-4bed-49de-adaa-861aec894328:c4108]
2019-08-23 02:48:34,057 [grpc-default-executor-6] INFO  client.GrpcClientProtocolClient (GrpcClientProtocolClient.java:onNext(255)) - client-B268B4322F32->17750241-545b-4219-93a1-14a6ea3d85be: receive RaftClientReply:client-B268B4322F32->17750241-545b-4219-93a1-14a6ea3d85be@group-C33FBD9556F2, cid=2737, SUCCESS, logIndex=4111, commits[17750241-545b-4219-93a1-14a6ea3d85be:c4112, 4eaaa090-573e-41d3-9f8c-c99e236d806a:c4108, 5f4cf9ee-4bed-49de-adaa-861aec894328:c4108]
2019-08-23 02:48:34,057 [grpc-default-executor-6] INFO  client.GrpcClientProtocolClient (GrpcClientProtocolClient.java:onNext(255)) - client-B268B4322F32->17750241-545b-4219-93a1-14a6ea3d85be: receive RaftClientReply:client-B268B4322F32->17750241-545b-4219-93a1-14a6ea3d85be@group-C33FBD9556F2, cid=2738, SUCCESS, logIndex=4112, commits[17750241-545b-4219-93a1-14a6ea3d85be:c4112, 4eaaa090-573e-41d3-9f8c-c99e236d806a:c4108, 5f4cf9ee-4bed-49de-adaa-861aec894328:c4108]
2019-08-23 02:48:34,068 | INFO  | DNAudit | user=null | ip=null | op=WRITE_CHUNK {blockData=conID: 3 locID: 102664012695339625 bcsId: 0} | ret=SUCCESS |  
2019-08-23 02:48:34,068 | INFO  | DNAudit | user=null | ip=null | op=PUT_BLOCK {blockData=[blockId=conID: 3 locID: 102664012695339625 bcsId: 0,size=1048576]} | ret=SUCCESS |  
2019-08-23 02:48:34,080 | INFO  | DNAudit | user=null | ip=null | op=WRITE_CHUNK {blockData=conID: 3 locID: 102664012695339625 bcsId: 0} | ret=SUCCESS |  
2019-08-23 02:48:34,080 | INFO  | DNAudit | user=null | ip=null | op=PUT_BLOCK {blockData=[blockId=conID: 3 locID: 102664012695339625 bcsId: 0,size=1048576]} | ret=SUCCESS |  
2019-08-23 02:48:34,080 [grpc-default-executor-6] INFO  client.GrpcClientProtocolClient (GrpcClientProtocolClient.java:onNext(255)) - client-B268B4322F32->17750241-545b-4219-93a1-14a6ea3d85be: receive RaftClientReply:client-B268B4322F32->17750241-545b-4219-93a1-14a6ea3d85be@group-C33FBD9556F2, cid=2739, SUCCESS, logIndex=0, commits[17750241-545b-4219-93a1-14a6ea3d85be:c4113, 4eaaa090-573e-41d3-9f8c-c99e236d806a:c4110, 5f4cf9ee-4bed-49de-adaa-861aec894328:c4110]
2019-08-23 02:48:34,081 | INFO  | DNAudit | user=null | ip=null | op=WRITE_CHUNK {blockData=conID: 3 locID: 102664012695339625 bcsId: 0} | ret=SUCCESS |  
2019-08-23 02:48:34,081 | INFO  | DNAudit | user=null | ip=null | op=PUT_BLOCK {blockData=[blockId=conID: 3 locID: 102664012695339625 bcsId: 0,size=2097152]} | ret=SUCCESS |  
2019-08-23 02:48:34,082 | INFO  | DNAudit | user=null | ip=null | op=WRITE_CHUNK {blockData=conID: 3 locID: 102664012695339625 bcsId: 0} | ret=SUCCESS |  
2019-08-23 02:48:34,082 | INFO  | DNAudit | user=null | ip=null | op=PUT_BLOCK {blockData=[blockId=conID: 3 locID: 102664012695339625 bcsId: 0,size=2097152]} | ret=SUCCESS |  
2019-08-23 02:48:34,087 | INFO  | DNAudit | user=null | ip=null | op=WRITE_CHUNK {blockData=conID: 3 locID: 102664012695339625 bcsId: 4112} | ret=SUCCESS |  
2019-08-23 02:48:34,089 | INFO  | DNAudit | user=null | ip=null | op=WRITE_CHUNK {blockData=conID: 3 locID: 102664012695339625 bcsId: 4112} | ret=SUCCESS |  
2019-08-23 02:48:34,089 | INFO  | DNAudit | user=null | ip=null | op=WRITE_CHUNK {blockData=conID: 3 locID: 102664012695339625 bcsId: 4112} | ret=SUCCESS |  
2019-08-23 02:48:34,101 | INFO  | DNAudit | user=null | ip=null | op=WRITE_CHUNK {blockData=conID: 3 locID: 102664012695339625 bcsId: 4112} | ret=SUCCESS |  
2019-08-23 02:48:34,101 | INFO  | DNAudit | user=null | ip=null | op=PUT_BLOCK {blockData=[blockId=conID: 3 locID: 102664012695339625 bcsId: 0,size=3145728]} | ret=SUCCESS |  
2019-08-23 02:48:34,101 [grpc-default-executor-6] INFO  client.GrpcClientProtocolClient (GrpcClientProtocolClient.java:onNext(255)) - client-B268B4322F32->17750241-545b-4219-93a1-14a6ea3d85be: receive RaftClientReply:client-B268B4322F32->17750241-545b-4219-93a1-14a6ea3d85be@group-C33FBD9556F2, cid=2740, SUCCESS, logIndex=4116, commits[17750241-545b-4219-93a1-14a6ea3d85be:c4117, 4eaaa090-573e-41d3-9f8c-c99e236d806a:c4115, 5f4cf9ee-4bed-49de-adaa-861aec894328:c4115]
2019-08-23 02:48:34,102 [grpc-default-executor-6] INFO  client.GrpcClientProtocolClient (GrpcClientProtocolClient.java:onNext(255)) - client-B268B4322F32->17750241-545b-4219-93a1-14a6ea3d85be: receive RaftClientReply:client-B268B4322F32->17750241-545b-4219-93a1-14a6ea3d85be@group-C33FBD9556F2, cid=2741, SUCCESS, logIndex=4117, commits[17750241-545b-4219-93a1-14a6ea3d85be:c4117, 4eaaa090-573e-41d3-9f8c-c99e236d806a:c4115, 5f4cf9ee-4bed-49de-adaa-861aec894328:c4115]
2019-08-23 02:48:34,107 | INFO  | DNAudit | user=null | ip=null | op=WRITE_CHUNK {blockData=conID: 3 locID: 102664012695339625 bcsId: 4117} | ret=SUCCESS |  
2019-08-23 02:48:34,109 | INFO  | DNAudit | user=null | ip=null | op=WRITE_CHUNK {blockData=conID: 3 locID: 102664012695339625 bcsId: 4117} | ret=SUCCESS |  
2019-08-23 02:48:34,110 | INFO  | DNAudit | user=null | ip=null | op=WRITE_CHUNK {blockData=conID: 3 locID: 102664012695339625 bcsId: 4117} | ret=SUCCESS |  
2019-08-23 02:48:34,114 | INFO  | DNAudit | user=null | ip=null | op=WRITE_CHUNK {blockData=conID: 3 locID: 102664012695339625 bcsId: 4112} | ret=SUCCESS |  
2019-08-23 02:48:34,114 | INFO  | DNAudit | user=null | ip=null | op=WRITE_CHUNK {blockData=conID: 3 locID: 102664012695339625 bcsId: 4112} | ret=SUCCESS |  
2019-08-23 02:48:34,124 | INFO  | DNAudit | user=null | ip=null | op=PUT_BLOCK {blockData=[blockId=conID: 3 locID: 102664012695339625 bcsId: 0,size=3145728]} | ret=SUCCESS |  
2019-08-23 02:48:34,124 | INFO  | DNAudit | user=null | ip=null | op=PUT_BLOCK {blockData=[blockId=conID: 3 locID: 102664012695339625 bcsId: 0,size=3145728]} | ret=SUCCESS |  
2019-08-23 02:48:34,124 | INFO  | DNAudit | user=null | ip=null | op=WRITE_CHUNK {blockData=conID: 3 locID: 102664012695339625 bcsId: 4117} | ret=SUCCESS |  
2019-08-23 02:48:34,125 | INFO  | DNAudit | user=null | ip=null | op=PUT_BLOCK {blockData=[blockId=conID: 3 locID: 102664012695339625 bcsId: 0,size=4194304]} | ret=SUCCESS |  
2019-08-23 02:48:34,125 [grpc-default-executor-6] INFO  client.GrpcClientProtocolClient (GrpcClientProtocolClient.java:onNext(255)) - client-B268B4322F32->17750241-545b-4219-93a1-14a6ea3d85be: receive RaftClientReply:client-B268B4322F32->17750241-545b-4219-93a1-14a6ea3d85be@group-C33FBD9556F2, cid=2742, SUCCESS, logIndex=4120, commits[17750241-545b-4219-93a1-14a6ea3d85be:c4121, 4eaaa090-573e-41d3-9f8c-c99e236d806a:c4117, 5f4cf9ee-4bed-49de-adaa-861aec894328:c4117]
2019-08-23 02:48:34,125 [grpc-default-executor-6] INFO  client.GrpcClientProtocolClient (GrpcClientProtocolClient.java:onNext(255)) - client-B268B4322F32->17750241-545b-4219-93a1-14a6ea3d85be: receive RaftClientReply:client-B268B4322F32->17750241-545b-4219-93a1-14a6ea3d85be@group-C33FBD9556F2, cid=2743, SUCCESS, logIndex=4121, commits[17750241-545b-4219-93a1-14a6ea3d85be:c4121, 4eaaa090-573e-41d3-9f8c-c99e236d806a:c4117, 5f4cf9ee-4bed-49de-adaa-861aec894328:c4117]
2019-08-23 02:48:34,142 | INFO  | DNAudit | user=null | ip=null | op=WRITE_CHUNK {blockData=conID: 3 locID: 102664012695339625 bcsId: 4117} | ret=SUCCESS |  
2019-08-23 02:48:34,142 | INFO  | DNAudit | user=null | ip=null | op=WRITE_CHUNK {blockData=conID: 3 locID: 102664012695339625 bcsId: 4117} | ret=SUCCESS |  
2019-08-23 02:48:34,145 | INFO  | DNAudit | user=null | ip=null | op=PUT_BLOCK {blockData=[blockId=conID: 3 locID: 102664012695339625 bcsId: 0,size=4194304]} | ret=SUCCESS |  
2019-08-23 02:48:34,145 | INFO  | DNAudit | user=null | ip=null | op=PUT_BLOCK {blockData=[blockId=conID: 3 locID: 102664012695339625 bcsId: 0,size=4194304]} | ret=SUCCESS |  
2019-08-23 02:48:34,145 [grpc-default-executor-6] INFO  client.GrpcClientProtocolClient (GrpcClientProtocolClient.java:onNext(255)) - client-B268B4322F32->17750241-545b-4219-93a1-14a6ea3d85be: receive RaftClientReply:client-B268B4322F32->17750241-545b-4219-93a1-14a6ea3d85be@group-C33FBD9556F2, cid=2744, SUCCESS, logIndex=0, commits[17750241-545b-4219-93a1-14a6ea3d85be:c4123, 4eaaa090-573e-41d3-9f8c-c99e236d806a:c4121, 5f4cf9ee-4bed-49de-adaa-861aec894328:c4121]
2019-08-23 02:48:34,147 | INFO  | SCMAudit | user=jenkins1000 | ip=192.168.34.22 | op=ALLOCATE_BLOCK {owner=31d65bc3-3f70-45f5-bbc5-e3a15f967ba6, size=4194304, type=RATIS, factor=THREE} | ret=SUCCESS |  
2019-08-23 02:48:34,151 | INFO  | OMAudit | user=jenkins1000 | ip=127.0.0.1 | op=ALLOCATE_BLOCK {volume=vol-0-78052, bucket=bucket-0-33874, key=key-0-20719, dataSize=2147483657, replicationType=RATIS, replicationFactor=THREE, keyLocationInfo=[], clientID=102664010308846034} | ret=SUCCESS |  
2019-08-23 02:48:34,161 | INFO  | DNAudit | user=null | ip=null | op=WRITE_CHUNK {blockData=conID: 1 locID: 102664012703138410 bcsId: 0} | ret=SUCCESS |  
2019-08-23 02:48:34,164 | INFO  | DNAudit | user=null | ip=null | op=WRITE_CHUNK {blockData=conID: 1 locID: 102664012703138410 bcsId: 0} | ret=SUCCESS |  
2019-08-23 02:48:34,164 | INFO  | DNAudit | user=null | ip=null | op=WRITE_CHUNK {blockData=conID: 1 locID: 102664012703138410 bcsId: 0} | ret=SUCCESS |  
2019-08-23 02:48:34,165 | INFO  | DNAudit | user=null | ip=null | op=WRITE_CHUNK {blockData=conID: 1 locID: 102664012703138410 bcsId: 0} | ret=SUCCESS |  
2019-08-23 02:48:34,167 | INFO  | DNAudit | user=null | ip=null | op=WRITE_CHUNK {blockData=conID: 1 locID: 102664012703138410 bcsId: 0} | ret=SUCCESS |  
2019-08-23 02:48:34,167 | INFO  | DNAudit | user=null | ip=null | op=WRITE_CHUNK {blockData=conID: 1 locID: 102664012703138410 bcsId: 0} | ret=SUCCESS |  
2019-08-23 02:48:34,174 | INFO  | DNAudit | user=null | ip=null | op=WRITE_CHUNK {blockData=conID: 1 locID: 102664012703138410 bcsId: 0} | ret=SUCCESS |  
2019-08-23 02:48:34,174 | INFO  | DNAudit | user=null | ip=null | op=PUT_BLOCK {blockData=[blockId=conID: 1 locID: 102664012703138410 bcsId: 0,size=1048576]} | ret=SUCCESS |  
2019-08-23 02:48:34,174 [grpc-default-executor-1] INFO  client.GrpcClientProtocolClient (GrpcClientProtocolClient.java:onNext(255)) - client-B268B4322F32->17750241-545b-4219-93a1-14a6ea3d85be: receive RaftClientReply:client-B268B4322F32->17750241-545b-4219-93a1-14a6ea3d85be@group-C33FBD9556F2, cid=2745, SUCCESS, logIndex=4124, commits[17750241-545b-4219-93a1-14a6ea3d85be:c4125, 4eaaa090-573e-41d3-9f8c-c99e236d806a:c4123, 5f4cf9ee-4bed-49de-adaa-861aec894328:c4123]
2019-08-23 02:48:34,175 [grpc-default-executor-1] INFO  client.GrpcClientProtocolClient (GrpcClientProtocolClient.java:onNext(255)) - client-B268B4322F32->17750241-545b-4219-93a1-14a6ea3d85be: receive RaftClientReply:client-B268B4322F32->17750241-545b-4219-93a1-14a6ea3d85be@group-C33FBD9556F2, cid=2746, SUCCESS, logIndex=4125, commits[17750241-545b-4219-93a1-14a6ea3d85be:c4125, 4eaaa090-573e-41d3-9f8c-c99e236d806a:c4123, 5f4cf9ee-4bed-49de-adaa-861aec894328:c4123]
2019-08-23 02:48:34,175 | INFO  | DNAudit | user=null | ip=null | op=WRITE_CHUNK {blockData=conID: 1 locID: 102664012703138410 bcsId: 0} | ret=SUCCESS |  
2019-08-23 02:48:34,176 | INFO  | DNAudit | user=null | ip=null | op=PUT_BLOCK {blockData=[blockId=conID: 1 locID: 102664012703138410 bcsId: 0,size=2097152]} | ret=SUCCESS |  
2019-08-23 02:48:34,176 [grpc-default-executor-1] INFO  client.GrpcClientProtocolClient (GrpcClientProtocolClient.java:onNext(255)) - client-B268B4322F32->17750241-545b-4219-93a1-14a6ea3d85be: receive RaftClientReply:client-B268B4322F32->17750241-545b-4219-93a1-14a6ea3d85be@group-C33FBD9556F2, cid=2747, SUCCESS, logIndex=4126, commits[17750241-545b-4219-93a1-14a6ea3d85be:c4126, 4eaaa090-573e-41d3-9f8c-c99e236d806a:c4123, 5f4cf9ee-4bed-49de-adaa-861aec894328:c4123]
2019-08-23 02:48:34,176 [grpc-default-executor-1] INFO  client.GrpcClientProtocolClient (GrpcClientProtocolClient.java:onNext(255)) - client-B268B4322F32->17750241-545b-4219-93a1-14a6ea3d85be: receive RaftClientReply:client-B268B4322F32->17750241-545b-4219-93a1-14a6ea3d85be@group-C33FBD9556F2, cid=2748, SUCCESS, logIndex=4127, commits[17750241-545b-4219-93a1-14a6ea3d85be:c4127, 4eaaa090-573e-41d3-9f8c-c99e236d806a:c4123, 5f4cf9ee-4bed-49de-adaa-861aec894328:c4123]
2019-08-23 02:48:34,178 | INFO  | DNAudit | user=null | ip=null | op=WRITE_CHUNK {blockData=conID: 1 locID: 102664012703138410 bcsId: 0} | ret=SUCCESS |  
2019-08-23 02:48:34,178 | INFO  | DNAudit | user=null | ip=null | op=PUT_BLOCK {blockData=[blockId=conID: 1 locID: 102664012703138410 bcsId: 0,size=1048576]} | ret=SUCCESS |  
2019-08-23 02:48:34,178 | INFO  | DNAudit | user=null | ip=null | op=WRITE_CHUNK {blockData=conID: 1 locID: 102664012703138410 bcsId: 0} | ret=SUCCESS |  
2019-08-23 02:48:34,178 | INFO  | DNAudit | user=null | ip=null | op=PUT_BLOCK {blockData=[blockId=conID: 1 locID: 102664012703138410 bcsId: 0,size=1048576]} | ret=SUCCESS |  
2019-08-23 02:48:34,179 [grpc-default-executor-6] INFO  client.GrpcClientProtocolClient (GrpcClientProtocolClient.java:onNext(255)) - client-B268B4322F32->17750241-545b-4219-93a1-14a6ea3d85be: receive RaftClientReply:client-B268B4322F32->17750241-545b-4219-93a1-14a6ea3d85be@group-C33FBD9556F2, cid=2749, SUCCESS, logIndex=0, commits[17750241-545b-4219-93a1-14a6ea3d85be:c4129, 4eaaa090-573e-41d3-9f8c-c99e236d806a:c4125, 5f4cf9ee-4bed-49de-adaa-861aec894328:c4125]
2019-08-23 02:48:34,180 | INFO  | DNAudit | user=null | ip=null | op=WRITE_CHUNK {blockData=conID: 1 locID: 102664012703138410 bcsId: 0} | ret=SUCCESS |  
2019-08-23 02:48:34,180 | INFO  | DNAudit | user=null | ip=null | op=WRITE_CHUNK {blockData=conID: 1 locID: 102664012703138410 bcsId: 0} | ret=SUCCESS |  
2019-08-23 02:48:34,180 | INFO  | DNAudit | user=null | ip=null | op=PUT_BLOCK {blockData=[blockId=conID: 1 locID: 102664012703138410 bcsId: 0,size=2097152]} | ret=SUCCESS |  
2019-08-23 02:48:34,180 | INFO  | DNAudit | user=null | ip=null | op=PUT_BLOCK {blockData=[blockId=conID: 1 locID: 102664012703138410 bcsId: 0,size=2097152]} | ret=SUCCESS |  
2019-08-23 02:48:34,186 | INFO  | DNAudit | user=null | ip=null | op=WRITE_CHUNK {blockData=conID: 1 locID: 102664012703138410 bcsId: 4127} | ret=SUCCESS |  
2019-08-23 02:48:34,187 | INFO  | DNAudit | user=null | ip=null | op=WRITE_CHUNK {blockData=conID: 1 locID: 102664012703138410 bcsId: 4127} | ret=SUCCESS |  
2019-08-23 02:48:34,188 | INFO  | DNAudit | user=null | ip=null | op=WRITE_CHUNK {blockData=conID: 1 locID: 102664012703138410 bcsId: 4127} | ret=SUCCESS |  
2019-08-23 02:48:34,200 | INFO  | DNAudit | user=null | ip=null | op=WRITE_CHUNK {blockData=conID: 1 locID: 102664012703138410 bcsId: 4127} | ret=SUCCESS |  
2019-08-23 02:48:34,200 | INFO  | DNAudit | user=null | ip=null | op=PUT_BLOCK {blockData=[blockId=conID: 1 locID: 102664012703138410 bcsId: 0,size=3145728]} | ret=SUCCESS |  
2019-08-23 02:48:34,200 [grpc-default-executor-1] INFO  client.GrpcClientProtocolClient (GrpcClientProtocolClient.java:onNext(255)) - client-B268B4322F32->17750241-545b-4219-93a1-14a6ea3d85be: receive RaftClientReply:client-B268B4322F32->17750241-545b-4219-93a1-14a6ea3d85be@group-C33FBD9556F2, cid=2750, SUCCESS, logIndex=4132, commits[17750241-545b-4219-93a1-14a6ea3d85be:c4133, 4eaaa090-573e-41d3-9f8c-c99e236d806a:c4131, 5f4cf9ee-4bed-49de-adaa-861aec894328:c4131]
2019-08-23 02:48:34,201 [grpc-default-executor-1] INFO  client.GrpcClientProtocolClient (GrpcClientProtocolClient.java:onNext(255)) - client-B268B4322F32->17750241-545b-4219-93a1-14a6ea3d85be: receive RaftClientReply:client-B268B4322F32->17750241-545b-4219-93a1-14a6ea3d85be@group-C33FBD9556F2, cid=2751, SUCCESS, logIndex=4133, commits[17750241-545b-4219-93a1-14a6ea3d85be:c4133, 4eaaa090-573e-41d3-9f8c-c99e236d806a:c4131, 5f4cf9ee-4bed-49de-adaa-861aec894328:c4131]
2019-08-23 02:48:34,208 | INFO  | DNAudit | user=null | ip=null | op=WRITE_CHUNK {blockData=conID: 1 locID: 102664012703138410 bcsId: 4133} | ret=SUCCESS |  
2019-08-23 02:48:34,209 | INFO  | DNAudit | user=null | ip=null | op=WRITE_CHUNK {blockData=conID: 1 locID: 102664012703138410 bcsId: 4133} | ret=SUCCESS |  
2019-08-23 02:48:34,210 | INFO  | DNAudit | user=null | ip=null | op=WRITE_CHUNK {blockData=conID: 1 locID: 102664012703138410 bcsId: 4133} | ret=SUCCESS |  
2019-08-23 02:48:34,212 | INFO  | DNAudit | user=null | ip=null | op=WRITE_CHUNK {blockData=conID: 1 locID: 102664012703138410 bcsId: 4127} | ret=SUCCESS |  
2019-08-23 02:48:34,212 | INFO  | DNAudit | user=null | ip=null | op=WRITE_CHUNK {blockData=conID: 1 locID: 102664012703138410 bcsId: 4127} | ret=SUCCESS |  
2019-08-23 02:48:34,212 | INFO  | DNAudit | user=null | ip=null | op=PUT_BLOCK {blockData=[blockId=conID: 1 locID: 102664012703138410 bcsId: 0,size=3145728]} | ret=SUCCESS |  
2019-08-23 02:48:34,213 | INFO  | DNAudit | user=null | ip=null | op=PUT_BLOCK {blockData=[blockId=conID: 1 locID: 102664012703138410 bcsId: 0,size=3145728]} | ret=SUCCESS |  
2019-08-23 02:48:34,214 | INFO  | DNAudit | user=null | ip=null | op=WRITE_CHUNK {blockData=conID: 1 locID: 102664012703138410 bcsId: 4133} | ret=SUCCESS |  
2019-08-23 02:48:34,214 | INFO  | DNAudit | user=null | ip=null | op=PUT_BLOCK {blockData=[blockId=conID: 1 locID: 102664012703138410 bcsId: 0,size=4194304]} | ret=SUCCESS |  
2019-08-23 02:48:34,214 [grpc-default-executor-1] INFO  client.GrpcClientProtocolClient (GrpcClientProtocolClient.java:onNext(255)) - client-B268B4322F32->17750241-545b-4219-93a1-14a6ea3d85be: receive RaftClientReply:client-B268B4322F32->17750241-545b-4219-93a1-14a6ea3d85be@group-C33FBD9556F2, cid=2752, SUCCESS, logIndex=4136, commits[17750241-545b-4219-93a1-14a6ea3d85be:c4137, 4eaaa090-573e-41d3-9f8c-c99e236d806a:c4133, 5f4cf9ee-4bed-49de-adaa-861aec894328:c4133]
2019-08-23 02:48:34,215 [grpc-default-executor-1] INFO  client.GrpcClientProtocolClient (GrpcClientProtocolClient.java:onNext(255)) - client-B268B4322F32->17750241-545b-4219-93a1-14a6ea3d85be: receive RaftClientReply:client-B268B4322F32->17750241-545b-4219-93a1-14a6ea3d85be@group-C33FBD9556F2, cid=2753, SUCCESS, logIndex=4137, commits[17750241-545b-4219-93a1-14a6ea3d85be:c4137, 4eaaa090-573e-41d3-9f8c-c99e236d806a:c4133, 5f4cf9ee-4bed-49de-adaa-861aec894328:c4133]
2019-08-23 02:48:34,225 | INFO  | DNAudit | user=null | ip=null | op=WRITE_CHUNK {blockData=conID: 1 locID: 102664012703138410 bcsId: 4133} | ret=SUCCESS |  
2019-08-23 02:48:34,225 | INFO  | DNAudit | user=null | ip=null | op=WRITE_CHUNK {blockData=conID: 1 locID: 102664012703138410 bcsId: 4133} | ret=SUCCESS |  
2019-08-23 02:48:34,226 | INFO  | DNAudit | user=null | ip=null | op=PUT_BLOCK {blockData=[blockId=conID: 1 locID: 102664012703138410 bcsId: 0,size=4194304]} | ret=SUCCESS |  
2019-08-23 02:48:34,226 | INFO  | DNAudit | user=null | ip=null | op=PUT_BLOCK {blockData=[blockId=conID: 1 locID: 102664012703138410 bcsId: 0,size=4194304]} | ret=SUCCESS |  
2019-08-23 02:48:34,227 [grpc-default-executor-6] INFO  client.GrpcClientProtocolClient (GrpcClientProtocolClient.java:onNext(255)) - client-B268B4322F32->17750241-545b-4219-93a1-14a6ea3d85be: receive RaftClientReply:client-B268B4322F32->17750241-545b-4219-93a1-14a6ea3d85be@group-C33FBD9556F2, cid=2754, SUCCESS, logIndex=0, commits[17750241-545b-4219-93a1-14a6ea3d85be:c4139, 4eaaa090-573e-41d3-9f8c-c99e236d806a:c4137, 5f4cf9ee-4bed-49de-adaa-861aec894328:c4137]
2019-08-23 02:48:34,229 | INFO  | SCMAudit | user=jenkins1000 | ip=192.168.34.22 | op=ALLOCATE_BLOCK {owner=31d65bc3-3f70-45f5-bbc5-e3a15f967ba6, size=4194304, type=RATIS, factor=THREE} | ret=SUCCESS |  
2019-08-23 02:48:34,233 | INFO  | OMAudit | user=jenkins1000 | ip=127.0.0.1 | op=ALLOCATE_BLOCK {volume=vol-0-78052, bucket=bucket-0-33874, key=key-0-20719, dataSize=2147483657, replicationType=RATIS, replicationFactor=THREE, keyLocationInfo=[], clientID=102664010308846034} | ret=SUCCESS |  
2019-08-23 02:48:34,244 | INFO  | DNAudit | user=null | ip=null | op=WRITE_CHUNK {blockData=conID: 2 locID: 102664012708512363 bcsId: 0} | ret=SUCCESS |  
2019-08-23 02:48:34,247 | INFO  | DNAudit | user=null | ip=null | op=WRITE_CHUNK {blockData=conID: 2 locID: 102664012708512363 bcsId: 0} | ret=SUCCESS |  
2019-08-23 02:48:34,247 | INFO  | DNAudit | user=null | ip=null | op=WRITE_CHUNK {blockData=conID: 2 locID: 102664012708512363 bcsId: 0} | ret=SUCCESS |  
2019-08-23 02:48:34,248 | INFO  | DNAudit | user=null | ip=null | op=WRITE_CHUNK {blockData=conID: 2 locID: 102664012708512363 bcsId: 0} | ret=SUCCESS |  
2019-08-23 02:48:34,249 | INFO  | DNAudit | user=null | ip=null | op=WRITE_CHUNK {blockData=conID: 2 locID: 102664012708512363 bcsId: 0} | ret=SUCCESS |  
2019-08-23 02:48:34,250 | INFO  | DNAudit | user=null | ip=null | op=WRITE_CHUNK {blockData=conID: 2 locID: 102664012708512363 bcsId: 0} | ret=SUCCESS |  
2019-08-23 02:48:34,256 | INFO  | DNAudit | user=null | ip=null | op=WRITE_CHUNK {blockData=conID: 2 locID: 102664012708512363 bcsId: 0} | ret=SUCCESS |  
2019-08-23 02:48:34,257 | INFO  | DNAudit | user=null | ip=null | op=PUT_BLOCK {blockData=[blockId=conID: 2 locID: 102664012708512363 bcsId: 0,size=1048576]} | ret=SUCCESS |  
2019-08-23 02:48:34,257 | INFO  | DNAudit | user=null | ip=null | op=WRITE_CHUNK {blockData=conID: 2 locID: 102664012708512363 bcsId: 0} | ret=SUCCESS |  
2019-08-23 02:48:34,257 [grpc-default-executor-5] INFO  client.GrpcClientProtocolClient (GrpcClientProtocolClient.java:onNext(255)) - client-B268B4322F32->17750241-545b-4219-93a1-14a6ea3d85be: receive RaftClientReply:client-B268B4322F32->17750241-545b-4219-93a1-14a6ea3d85be@group-C33FBD9556F2, cid=2755, SUCCESS, logIndex=4140, commits[17750241-545b-4219-93a1-14a6ea3d85be:c4141, 4eaaa090-573e-41d3-9f8c-c99e236d806a:c4139, 5f4cf9ee-4bed-49de-adaa-861aec894328:c4139]
2019-08-23 02:48:34,257 | INFO  | DNAudit | user=null | ip=null | op=PUT_BLOCK {blockData=[blockId=conID: 2 locID: 102664012708512363 bcsId: 0,size=2097152]} | ret=SUCCESS |  
2019-08-23 02:48:34,257 [grpc-default-executor-5] INFO  client.GrpcClientProtocolClient (GrpcClientProtocolClient.java:onNext(255)) - client-B268B4322F32->17750241-545b-4219-93a1-14a6ea3d85be: receive RaftClientReply:client-B268B4322F32->17750241-545b-4219-93a1-14a6ea3d85be@group-C33FBD9556F2, cid=2756, SUCCESS, logIndex=4141, commits[17750241-545b-4219-93a1-14a6ea3d85be:c4143, 4eaaa090-573e-41d3-9f8c-c99e236d806a:c4139, 5f4cf9ee-4bed-49de-adaa-861aec894328:c4139]
2019-08-23 02:48:34,258 [grpc-default-executor-5] INFO  client.GrpcClientProtocolClient (GrpcClientProtocolClient.java:onNext(255)) - client-B268B4322F32->17750241-545b-4219-93a1-14a6ea3d85be: receive RaftClientReply:client-B268B4322F32->17750241-545b-4219-93a1-14a6ea3d85be@group-C33FBD9556F2, cid=2757, SUCCESS, logIndex=4142, commits[17750241-545b-4219-93a1-14a6ea3d85be:c4143, 4eaaa090-573e-41d3-9f8c-c99e236d806a:c4139, 5f4cf9ee-4bed-49de-adaa-861aec894328:c4139]
2019-08-23 02:48:34,258 [grpc-default-executor-5] INFO  client.GrpcClientProtocolClient (GrpcClientProtocolClient.java:onNext(255)) - client-B268B4322F32->17750241-545b-4219-93a1-14a6ea3d85be: receive RaftClientReply:client-B268B4322F32->17750241-545b-4219-93a1-14a6ea3d85be@group-C33FBD9556F2, cid=2758, SUCCESS, logIndex=4143, commits[17750241-545b-4219-93a1-14a6ea3d85be:c4143, 4eaaa090-573e-41d3-9f8c-c99e236d806a:c4139, 5f4cf9ee-4bed-49de-adaa-861aec894328:c4139]
2019-08-23 02:48:34,259 | INFO  | DNAudit | user=null | ip=null | op=WRITE_CHUNK {blockData=conID: 2 locID: 102664012708512363 bcsId: 0} | ret=SUCCESS |  
2019-08-23 02:48:34,270 | INFO  | DNAudit | user=null | ip=null | op=WRITE_CHUNK {blockData=conID: 2 locID: 102664012708512363 bcsId: 0} | ret=SUCCESS |  
2019-08-23 02:48:34,270 | INFO  | DNAudit | user=null | ip=null | op=PUT_BLOCK {blockData=[blockId=conID: 2 locID: 102664012708512363 bcsId: 0,size=1048576]} | ret=SUCCESS |  
2019-08-23 02:48:34,271 | INFO  | DNAudit | user=null | ip=null | op=PUT_BLOCK {blockData=[blockId=conID: 2 locID: 102664012708512363 bcsId: 0,size=1048576]} | ret=SUCCESS |  
2019-08-23 02:48:34,271 | INFO  | DNAudit | user=null | ip=null | op=WRITE_CHUNK {blockData=conID: 2 locID: 102664012708512363 bcsId: 0} | ret=SUCCESS |  
2019-08-23 02:48:34,271 | INFO  | DNAudit | user=null | ip=null | op=WRITE_CHUNK {blockData=conID: 2 locID: 102664012708512363 bcsId: 0} | ret=SUCCESS |  
2019-08-23 02:48:34,271 | INFO  | DNAudit | user=null | ip=null | op=PUT_BLOCK {blockData=[blockId=conID: 2 locID: 102664012708512363 bcsId: 0,size=2097152]} | ret=SUCCESS |  
2019-08-23 02:48:34,271 | INFO  | DNAudit | user=null | ip=null | op=PUT_BLOCK {blockData=[blockId=conID: 2 locID: 102664012708512363 bcsId: 0,size=2097152]} | ret=SUCCESS |  
2019-08-23 02:48:34,271 [grpc-default-executor-5] INFO  client.GrpcClientProtocolClient (GrpcClientProtocolClient.java:onNext(255)) - client-B268B4322F32->17750241-545b-4219-93a1-14a6ea3d85be: receive RaftClientReply:client-B268B4322F32->17750241-545b-4219-93a1-14a6ea3d85be@group-C33FBD9556F2, cid=2759, SUCCESS, logIndex=0, commits[17750241-545b-4219-93a1-14a6ea3d85be:c4146, 4eaaa090-573e-41d3-9f8c-c99e236d806a:c4142, 5f4cf9ee-4bed-49de-adaa-861aec894328:c4141]
2019-08-23 02:48:34,278 | INFO  | DNAudit | user=null | ip=null | op=WRITE_CHUNK {blockData=conID: 2 locID: 102664012708512363 bcsId: 4143} | ret=SUCCESS |  
2019-08-23 02:48:34,279 | INFO  | DNAudit | user=null | ip=null | op=WRITE_CHUNK {blockData=conID: 2 locID: 102664012708512363 bcsId: 4143} | ret=SUCCESS |  
2019-08-23 02:48:34,279 | INFO  | DNAudit | user=null | ip=null | op=WRITE_CHUNK {blockData=conID: 2 locID: 102664012708512363 bcsId: 4143} | ret=SUCCESS |  
2019-08-23 02:48:34,292 | INFO  | DNAudit | user=null | ip=null | op=WRITE_CHUNK {blockData=conID: 2 locID: 102664012708512363 bcsId: 4143} | ret=SUCCESS |  
2019-08-23 02:48:34,292 | INFO  | DNAudit | user=null | ip=null | op=PUT_BLOCK {blockData=[blockId=conID: 2 locID: 102664012708512363 bcsId: 0,size=3145728]} | ret=SUCCESS |  
2019-08-23 02:48:34,292 [grpc-default-executor-5] INFO  client.GrpcClientProtocolClient (GrpcClientProtocolClient.java:onNext(255)) - client-B268B4322F32->17750241-545b-4219-93a1-14a6ea3d85be: receive RaftClientReply:client-B268B4322F32->17750241-545b-4219-93a1-14a6ea3d85be@group-C33FBD9556F2, cid=2760, SUCCESS, logIndex=4148, commits[17750241-545b-4219-93a1-14a6ea3d85be:c4149, 4eaaa090-573e-41d3-9f8c-c99e236d806a:c4147, 5f4cf9ee-4bed-49de-adaa-861aec894328:c4147]
2019-08-23 02:48:34,292 [grpc-default-executor-5] INFO  client.GrpcClientProtocolClient (GrpcClientProtocolClient.java:onNext(255)) - client-B268B4322F32->17750241-545b-4219-93a1-14a6ea3d85be: receive RaftClientReply:client-B268B4322F32->17750241-545b-4219-93a1-14a6ea3d85be@group-C33FBD9556F2, cid=2761, SUCCESS, logIndex=4149, commits[17750241-545b-4219-93a1-14a6ea3d85be:c4149, 4eaaa090-573e-41d3-9f8c-c99e236d806a:c4147, 5f4cf9ee-4bed-49de-adaa-861aec894328:c4147]
 0.00% |█                                                                                                    |  0/1 Time: 0:00:362019-08-23 02:48:34,422 | INFO  | SCMAudit | user=jenkins1000 | ip=192.168.34.22 | op=SEND_HEARTBEAT {datanodeUUID=17750241-545b-4219-93a1-14a6ea3d85be, command=[]} | ret=SUCCESS |  
2019-08-23 02:48:34,422 | INFO  | SCMAudit | user=jenkins1000 | ip=192.168.34.22 | op=SEND_HEARTBEAT {datanodeUUID=5f4cf9ee-4bed-49de-adaa-861aec894328, command=[]} | ret=SUCCESS |  
2019-08-23 02:48:34,422 | INFO  | SCMAudit | user=jenkins1000 | ip=192.168.34.22 | op=SEND_HEARTBEAT {datanodeUUID=4eaaa090-573e-41d3-9f8c-c99e236d806a, command=[]} | ret=SUCCESS |  
2019-08-23 02:48:34,423 | INFO  | SCMAudit | user=jenkins1000 | ip=192.168.34.22 | op=SEND_HEARTBEAT {datanodeUUID=66ab6a68-e61f-4535-ab2f-12fe560929ed, command=[]} | ret=SUCCESS |  
2019-08-23 02:48:34,423 | INFO  | SCMAudit | user=jenkins1000 | ip=192.168.34.22 | op=SEND_HEARTBEAT {datanodeUUID=0cedf437-a8af-4d70-bac5-ea9863093e86, command=[]} | ret=SUCCESS |  
2019-08-23 02:48:34,426 | INFO  | DNAudit | user=null | ip=null | op=WRITE_CHUNK {blockData=conID: 2 locID: 102664012708512363 bcsId: 4149} | ret=SUCCESS |  
2019-08-23 02:48:34,430 | INFO  | DNAudit | user=null | ip=null | op=WRITE_CHUNK {blockData=conID: 2 locID: 102664012708512363 bcsId: 4149} | ret=SUCCESS |  
2019-08-23 02:48:34,430 | INFO  | DNAudit | user=null | ip=null | op=WRITE_CHUNK {blockData=conID: 2 locID: 102664012708512363 bcsId: 4149} | ret=SUCCESS |  
2019-08-23 02:48:34,454 | INFO  | DNAudit | user=null | ip=null | op=WRITE_CHUNK {blockData=conID: 2 locID: 102664012708512363 bcsId: 4143} | ret=SUCCESS |  
2019-08-23 02:48:34,455 | INFO  | DNAudit | user=null | ip=null | op=WRITE_CHUNK {blockData=conID: 2 locID: 102664012708512363 bcsId: 4143} | ret=SUCCESS |  
2019-08-23 02:48:35,040 | INFO  | DNAudit | user=null | ip=null | op=PUT_BLOCK {blockData=[blockId=conID: 2 locID: 102664012708512363 bcsId: 0,size=3145728]} | ret=SUCCESS |  
2019-08-23 02:48:35,040 | INFO  | DNAudit | user=null | ip=null | op=PUT_BLOCK {blockData=[blockId=conID: 2 locID: 102664012708512363 bcsId: 0,size=3145728]} | ret=SUCCESS |  
2019-08-23 02:48:35,040 | INFO  | DNAudit | user=null | ip=null | op=WRITE_CHUNK {blockData=conID: 2 locID: 102664012708512363 bcsId: 4149} | ret=SUCCESS |  
2019-08-23 02:48:35,041 | INFO  | DNAudit | user=null | ip=null | op=PUT_BLOCK {blockData=[blockId=conID: 2 locID: 102664012708512363 bcsId: 0,size=4194304]} | ret=SUCCESS |  
2019-08-23 02:48:35,041 [grpc-default-executor-5] INFO  client.GrpcClientProtocolClient (GrpcClientProtocolClient.java:onNext(255)) - client-B268B4322F32->17750241-545b-4219-93a1-14a6ea3d85be: receive RaftClientReply:client-B268B4322F32->17750241-545b-4219-93a1-14a6ea3d85be@group-C33FBD9556F2, cid=2762, SUCCESS, logIndex=4152, commits[17750241-545b-4219-93a1-14a6ea3d85be:c4153, 4eaaa090-573e-41d3-9f8c-c99e236d806a:c4149, 5f4cf9ee-4bed-49de-adaa-861aec894328:c4149]
2019-08-23 02:48:35,042 [grpc-default-executor-5] INFO  client.GrpcClientProtocolClient (GrpcClientProtocolClient.java:onNext(255)) - client-B268B4322F32->17750241-545b-4219-93a1-14a6ea3d85be: receive RaftClientReply:client-B268B4322F32->17750241-545b-4219-93a1-14a6ea3d85be@group-C33FBD9556F2, cid=2763, SUCCESS, logIndex=4153, commits[17750241-545b-4219-93a1-14a6ea3d85be:c4153, 4eaaa090-573e-41d3-9f8c-c99e236d806a:c4149, 5f4cf9ee-4bed-49de-adaa-861aec894328:c4149]
2019-08-23 02:48:35,058 | INFO  | DNAudit | user=null | ip=null | op=WRITE_CHUNK {blockData=conID: 2 locID: 102664012708512363 bcsId: 4149} | ret=SUCCESS |  
2019-08-23 02:48:35,058 | INFO  | DNAudit | user=null | ip=null | op=WRITE_CHUNK {blockData=conID: 2 locID: 102664012708512363 bcsId: 4149} | ret=SUCCESS |  
 0.00% |█                                                                                                    |  0/1 Time: 0:00:372019-08-23 02:48:35,422 | INFO  | SCMAudit | user=jenkins1000 | ip=192.168.34.22 | op=SEND_HEARTBEAT {datanodeUUID=4eaaa090-573e-41d3-9f8c-c99e236d806a, command=[]} | ret=SUCCESS |  
2019-08-23 02:48:35,422 | INFO  | SCMAudit | user=jenkins1000 | ip=192.168.34.22 | op=SEND_HEARTBEAT {datanodeUUID=17750241-545b-4219-93a1-14a6ea3d85be, command=[]} | ret=SUCCESS |  
2019-08-23 02:48:35,422 | INFO  | SCMAudit | user=jenkins1000 | ip=192.168.34.22 | op=SEND_HEARTBEAT {datanodeUUID=5f4cf9ee-4bed-49de-adaa-861aec894328, command=[]} | ret=SUCCESS |  
2019-08-23 02:48:35,423 | INFO  | SCMAudit | user=jenkins1000 | ip=192.168.34.22 | op=SEND_HEARTBEAT {datanodeUUID=0cedf437-a8af-4d70-bac5-ea9863093e86, command=[]} | ret=SUCCESS |  
2019-08-23 02:48:35,423 | INFO  | SCMAudit | user=jenkins1000 | ip=192.168.34.22 | op=SEND_HEARTBEAT {datanodeUUID=66ab6a68-e61f-4535-ab2f-12fe560929ed, command=[]} | ret=SUCCESS |  
2019-08-23 02:48:36,421 | INFO  | SCMAudit | user=jenkins1000 | ip=192.168.34.22 | op=SEND_HEARTBEAT {datanodeUUID=4eaaa090-573e-41d3-9f8c-c99e236d806a, command=[]} | ret=SUCCESS |  
2019-08-23 02:48:36,421 | INFO  | SCMAudit | user=jenkins1000 | ip=192.168.34.22 | op=SEND_HEARTBEAT {datanodeUUID=17750241-545b-4219-93a1-14a6ea3d85be, command=[]} | ret=SUCCESS |  
2019-08-23 02:48:36,422 | INFO  | SCMAudit | user=jenkins1000 | ip=192.168.34.22 | op=SEND_HEARTBEAT {datanodeUUID=5f4cf9ee-4bed-49de-adaa-861aec894328, command=[]} | ret=SUCCESS |  
 0.00% |█                                                                                                    |  0/1 Time: 0:00:382019-08-23 02:48:36,423 | INFO  | SCMAudit | user=jenkins1000 | ip=192.168.34.22 | op=SEND_HEARTBEAT {datanodeUUID=0cedf437-a8af-4d70-bac5-ea9863093e86, command=[]} | ret=SUCCESS |  
2019-08-23 02:48:36,423 | INFO  | SCMAudit | user=jenkins1000 | ip=192.168.34.22 | op=SEND_HEARTBEAT {datanodeUUID=66ab6a68-e61f-4535-ab2f-12fe560929ed, command=[]} | ret=SUCCESS |  
2019-08-23 02:48:37,422 | INFO  | SCMAudit | user=jenkins1000 | ip=192.168.34.22 | op=SEND_HEARTBEAT {datanodeUUID=4eaaa090-573e-41d3-9f8c-c99e236d806a, command=[]} | ret=SUCCESS |  
2019-08-23 02:48:37,422 | INFO  | SCMAudit | user=jenkins1000 | ip=192.168.34.22 | op=SEND_HEARTBEAT {datanodeUUID=17750241-545b-4219-93a1-14a6ea3d85be, command=[]} | ret=SUCCESS |  
2019-08-23 02:48:37,422 | INFO  | SCMAudit | user=jenkins1000 | ip=192.168.34.22 | op=SEND_HEARTBEAT {datanodeUUID=5f4cf9ee-4bed-49de-adaa-861aec894328, command=[]} | ret=SUCCESS |  
 0.00% |█                                                                                                    |  0/1 Time: 0:00:392019-08-23 02:48:37,423 | INFO  | SCMAudit | user=jenkins1000 | ip=192.168.34.22 | op=SEND_HEARTBEAT {datanodeUUID=0cedf437-a8af-4d70-bac5-ea9863093e86, command=[]} | ret=SUCCESS |  
2019-08-23 02:48:37,423 | INFO  | SCMAudit | user=jenkins1000 | ip=192.168.34.22 | op=SEND_HEARTBEAT {datanodeUUID=66ab6a68-e61f-4535-ab2f-12fe560929ed, command=[]} | ret=SUCCESS |  
2019-08-23 02:48:37,560 | INFO  | DNAudit | user=null | ip=null | op=PUT_BLOCK {blockData=[blockId=conID: 2 locID: 102664012708512363 bcsId: 0,size=4194304]} | ret=SUCCESS |  
2019-08-23 02:48:37,560 | INFO  | DNAudit | user=null | ip=null | op=PUT_BLOCK {blockData=[blockId=conID: 2 locID: 102664012708512363 bcsId: 0,size=4194304]} | ret=SUCCESS |  
2019-08-23 02:48:38,020 [grpc-default-executor-5] INFO  client.GrpcClientProtocolClient (GrpcClientProtocolClient.java:onNext(255)) - client-B268B4322F32->17750241-545b-4219-93a1-14a6ea3d85be: receive RaftClientReply:client-B268B4322F32->17750241-545b-4219-93a1-14a6ea3d85be@group-C33FBD9556F2, cid=2764, SUCCESS, logIndex=0, commits[17750241-545b-4219-93a1-14a6ea3d85be:c4154, 4eaaa090-573e-41d3-9f8c-c99e236d806a:c4154, 5f4cf9ee-4bed-49de-adaa-861aec894328:c4154]
2019-08-23 02:48:38,022 | INFO  | SCMAudit | user=jenkins1000 | ip=192.168.34.22 | op=ALLOCATE_BLOCK {owner=31d65bc3-3f70-45f5-bbc5-e3a15f967ba6, size=4194304, type=RATIS, factor=THREE} | ret=SUCCESS |  
2019-08-23 02:48:38,029 | INFO  | OMAudit | user=jenkins1000 | ip=127.0.0.1 | op=ALLOCATE_BLOCK {volume=vol-0-78052, bucket=bucket-0-33874, key=key-0-20719, dataSize=2147483657, replicationType=RATIS, replicationFactor=THREE, keyLocationInfo=[], clientID=102664010308846034} | ret=SUCCESS |  
2019-08-23 02:48:38,044 | INFO  | DNAudit | user=null | ip=null | op=WRITE_CHUNK {blockData=conID: 3 locID: 102664012957090412 bcsId: 0} | ret=SUCCESS |  
2019-08-23 02:48:38,049 | INFO  | DNAudit | user=null | ip=null | op=WRITE_CHUNK {blockData=conID: 3 locID: 102664012957090412 bcsId: 0} | ret=SUCCESS |  
2019-08-23 02:48:38,049 | INFO  | DNAudit | user=null | ip=null | op=WRITE_CHUNK {blockData=conID: 3 locID: 102664012957090412 bcsId: 0} | ret=SUCCESS |  
2019-08-23 02:48:38,049 | INFO  | DNAudit | user=null | ip=null | op=WRITE_CHUNK {blockData=conID: 3 locID: 102664012957090412 bcsId: 0} | ret=SUCCESS |  
2019-08-23 02:48:38,053 | INFO  | DNAudit | user=null | ip=null | op=WRITE_CHUNK {blockData=conID: 3 locID: 102664012957090412 bcsId: 0} | ret=SUCCESS |  
2019-08-23 02:48:38,054 | INFO  | DNAudit | user=null | ip=null | op=WRITE_CHUNK {blockData=conID: 3 locID: 102664012957090412 bcsId: 0} | ret=SUCCESS |  
2019-08-23 02:48:38,146 | INFO  | DNAudit | user=null | ip=null | op=WRITE_CHUNK {blockData=conID: 3 locID: 102664012957090412 bcsId: 0} | ret=SUCCESS |  
2019-08-23 02:48:38,146 | INFO  | DNAudit | user=null | ip=null | op=PUT_BLOCK {blockData=[blockId=conID: 3 locID: 102664012957090412 bcsId: 0,size=1048576]} | ret=SUCCESS |  
2019-08-23 02:48:38,147 | INFO  | DNAudit | user=null | ip=null | op=WRITE_CHUNK {blockData=conID: 3 locID: 102664012957090412 bcsId: 0} | ret=SUCCESS |  
2019-08-23 02:48:38,147 [grpc-default-executor-2] INFO  client.GrpcClientProtocolClient (GrpcClientProtocolClient.java:onNext(255)) - client-B268B4322F32->17750241-545b-4219-93a1-14a6ea3d85be: receive RaftClientReply:client-B268B4322F32->17750241-545b-4219-93a1-14a6ea3d85be@group-C33FBD9556F2, cid=2765, SUCCESS, logIndex=4156, commits[17750241-545b-4219-93a1-14a6ea3d85be:c4157, 4eaaa090-573e-41d3-9f8c-c99e236d806a:c4155, 5f4cf9ee-4bed-49de-adaa-861aec894328:c4155]
2019-08-23 02:48:38,147 | INFO  | DNAudit | user=null | ip=null | op=PUT_BLOCK {blockData=[blockId=conID: 3 locID: 102664012957090412 bcsId: 0,size=2097152]} | ret=SUCCESS |  
2019-08-23 02:48:38,147 [grpc-default-executor-2] INFO  client.GrpcClientProtocolClient (GrpcClientProtocolClient.java:onNext(255)) - client-B268B4322F32->17750241-545b-4219-93a1-14a6ea3d85be: receive RaftClientReply:client-B268B4322F32->17750241-545b-4219-93a1-14a6ea3d85be@group-C33FBD9556F2, cid=2766, SUCCESS, logIndex=4157, commits[17750241-545b-4219-93a1-14a6ea3d85be:c4159, 4eaaa090-573e-41d3-9f8c-c99e236d806a:c4155, 5f4cf9ee-4bed-49de-adaa-861aec894328:c4155]
2019-08-23 02:48:38,148 [grpc-default-executor-2] INFO  client.GrpcClientProtocolClient (GrpcClientProtocolClient.java:onNext(255)) - client-B268B4322F32->17750241-545b-4219-93a1-14a6ea3d85be: receive RaftClientReply:client-B268B4322F32->17750241-545b-4219-93a1-14a6ea3d85be@group-C33FBD9556F2, cid=2767, SUCCESS, logIndex=4158, commits[17750241-545b-4219-93a1-14a6ea3d85be:c4159, 4eaaa090-573e-41d3-9f8c-c99e236d806a:c4155, 5f4cf9ee-4bed-49de-adaa-861aec894328:c4155]
2019-08-23 02:48:38,148 [grpc-default-executor-2] INFO  client.GrpcClientProtocolClient (GrpcClientProtocolClient.java:onNext(255)) - client-B268B4322F32->17750241-545b-4219-93a1-14a6ea3d85be: receive RaftClientReply:client-B268B4322F32->17750241-545b-4219-93a1-14a6ea3d85be@group-C33FBD9556F2, cid=2768, SUCCESS, logIndex=4159, commits[17750241-545b-4219-93a1-14a6ea3d85be:c4159, 4eaaa090-573e-41d3-9f8c-c99e236d806a:c4155, 5f4cf9ee-4bed-49de-adaa-861aec894328:c4155]
2019-08-23 02:48:38,159 | INFO  | DNAudit | user=null | ip=null | op=WRITE_CHUNK {blockData=conID: 3 locID: 102664012957090412 bcsId: 0} | ret=SUCCESS |  
2019-08-23 02:48:38,160 | INFO  | DNAudit | user=null | ip=null | op=WRITE_CHUNK {blockData=conID: 3 locID: 102664012957090412 bcsId: 0} | ret=SUCCESS |  
2019-08-23 02:48:38,160 | INFO  | DNAudit | user=null | ip=null | op=PUT_BLOCK {blockData=[blockId=conID: 3 locID: 102664012957090412 bcsId: 0,size=1048576]} | ret=SUCCESS |  
2019-08-23 02:48:38,160 | INFO  | DNAudit | user=null | ip=null | op=PUT_BLOCK {blockData=[blockId=conID: 3 locID: 102664012957090412 bcsId: 0,size=1048576]} | ret=SUCCESS |  
2019-08-23 02:48:38,161 | INFO  | DNAudit | user=null | ip=null | op=WRITE_CHUNK {blockData=conID: 3 locID: 102664012957090412 bcsId: 0} | ret=SUCCESS |  
2019-08-23 02:48:38,161 | INFO  | DNAudit | user=null | ip=null | op=WRITE_CHUNK {blockData=conID: 3 locID: 102664012957090412 bcsId: 0} | ret=SUCCESS |  
2019-08-23 02:48:38,161 | INFO  | DNAudit | user=null | ip=null | op=PUT_BLOCK {blockData=[blockId=conID: 3 locID: 102664012957090412 bcsId: 0,size=2097152]} | ret=SUCCESS |  
2019-08-23 02:48:38,161 | INFO  | DNAudit | user=null | ip=null | op=PUT_BLOCK {blockData=[blockId=conID: 3 locID: 102664012957090412 bcsId: 0,size=2097152]} | ret=SUCCESS |  
2019-08-23 02:48:38,161 [grpc-default-executor-2] INFO  client.GrpcClientProtocolClient (GrpcClientProtocolClient.java:onNext(255)) - client-B268B4322F32->17750241-545b-4219-93a1-14a6ea3d85be: receive RaftClientReply:client-B268B4322F32->17750241-545b-4219-93a1-14a6ea3d85be@group-C33FBD9556F2, cid=2769, SUCCESS, logIndex=0, commits[17750241-545b-4219-93a1-14a6ea3d85be:c4162, 4eaaa090-573e-41d3-9f8c-c99e236d806a:c4159, 5f4cf9ee-4bed-49de-adaa-861aec894328:c4157]
2019-08-23 02:48:38,170 | INFO  | DNAudit | user=null | ip=null | op=WRITE_CHUNK {blockData=conID: 3 locID: 102664012957090412 bcsId: 4159} | ret=SUCCESS |  
2019-08-23 02:48:38,173 | INFO  | DNAudit | user=null | ip=null | op=WRITE_CHUNK {blockData=conID: 3 locID: 102664012957090412 bcsId: 4159} | ret=SUCCESS |  
2019-08-23 02:48:38,173 | INFO  | DNAudit | user=null | ip=null | op=WRITE_CHUNK {blockData=conID: 3 locID: 102664012957090412 bcsId: 4159} | ret=SUCCESS |  
2019-08-23 02:48:38,183 | INFO  | DNAudit | user=null | ip=null | op=WRITE_CHUNK {blockData=conID: 3 locID: 102664012957090412 bcsId: 4159} | ret=SUCCESS |  
2019-08-23 02:48:38,183 | INFO  | DNAudit | user=null | ip=null | op=PUT_BLOCK {blockData=[blockId=conID: 3 locID: 102664012957090412 bcsId: 0,size=3145728]} | ret=SUCCESS |  
2019-08-23 02:48:38,183 [grpc-default-executor-2] INFO  client.GrpcClientProtocolClient (GrpcClientProtocolClient.java:onNext(255)) - client-B268B4322F32->17750241-545b-4219-93a1-14a6ea3d85be: receive RaftClientReply:client-B268B4322F32->17750241-545b-4219-93a1-14a6ea3d85be@group-C33FBD9556F2, cid=2770, SUCCESS, logIndex=4163, commits[17750241-545b-4219-93a1-14a6ea3d85be:c4164, 4eaaa090-573e-41d3-9f8c-c99e236d806a:c4162, 5f4cf9ee-4bed-49de-adaa-861aec894328:c4162]
2019-08-23 02:48:38,184 [grpc-default-executor-2] INFO  client.GrpcClientProtocolClient (GrpcClientProtocolClient.java:onNext(255)) - client-B268B4322F32->17750241-545b-4219-93a1-14a6ea3d85be: receive RaftClientReply:client-B268B4322F32->17750241-545b-4219-93a1-14a6ea3d85be@group-C33FBD9556F2, cid=2771, SUCCESS, logIndex=4164, commits[17750241-545b-4219-93a1-14a6ea3d85be:c4164, 4eaaa090-573e-41d3-9f8c-c99e236d806a:c4162, 5f4cf9ee-4bed-49de-adaa-861aec894328:c4162]
2019-08-23 02:48:38,188 | INFO  | DNAudit | user=null | ip=null | op=WRITE_CHUNK {blockData=conID: 3 locID: 102664012957090412 bcsId: 4159} | ret=SUCCESS |  
2019-08-23 02:48:38,188 | INFO  | DNAudit | user=null | ip=null | op=WRITE_CHUNK {blockData=conID: 3 locID: 102664012957090412 bcsId: 4159} | ret=SUCCESS |  
2019-08-23 02:48:38,190 | INFO  | DNAudit | user=null | ip=null | op=PUT_BLOCK {blockData=[blockId=conID: 3 locID: 102664012957090412 bcsId: 0,size=3145728]} | ret=SUCCESS |  
2019-08-23 02:48:38,190 | INFO  | DNAudit | user=null | ip=null | op=PUT_BLOCK {blockData=[blockId=conID: 3 locID: 102664012957090412 bcsId: 0,size=3145728]} | ret=SUCCESS |  
2019-08-23 02:48:38,192 | INFO  | DNAudit | user=null | ip=null | op=WRITE_CHUNK {blockData=conID: 3 locID: 102664012957090412 bcsId: 4164} | ret=SUCCESS |  
2019-08-23 02:48:38,195 | INFO  | DNAudit | user=null | ip=null | op=WRITE_CHUNK {blockData=conID: 3 locID: 102664012957090412 bcsId: 4164} | ret=SUCCESS |  
2019-08-23 02:48:38,195 | INFO  | DNAudit | user=null | ip=null | op=WRITE_CHUNK {blockData=conID: 3 locID: 102664012957090412 bcsId: 4164} | ret=SUCCESS |  
2019-08-23 02:48:38,205 | INFO  | DNAudit | user=null | ip=null | op=WRITE_CHUNK {blockData=conID: 3 locID: 102664012957090412 bcsId: 4164} | ret=SUCCESS |  
2019-08-23 02:48:38,206 | INFO  | DNAudit | user=null | ip=null | op=PUT_BLOCK {blockData=[blockId=conID: 3 locID: 102664012957090412 bcsId: 0,size=4194304]} | ret=SUCCESS |  
2019-08-23 02:48:38,206 [grpc-default-executor-5] INFO  client.GrpcClientProtocolClient (GrpcClientProtocolClient.java:onNext(255)) - client-B268B4322F32->17750241-545b-4219-93a1-14a6ea3d85be: receive RaftClientReply:client-B268B4322F32->17750241-545b-4219-93a1-14a6ea3d85be@group-C33FBD9556F2, cid=2772, SUCCESS, logIndex=4167, commits[17750241-545b-4219-93a1-14a6ea3d85be:c4168, 4eaaa090-573e-41d3-9f8c-c99e236d806a:c4166, 5f4cf9ee-4bed-49de-adaa-861aec894328:c4165]
2019-08-23 02:48:38,206 [grpc-default-executor-5] INFO  client.GrpcClientProtocolClient (GrpcClientProtocolClient.java:onNext(255)) - client-B268B4322F32->17750241-545b-4219-93a1-14a6ea3d85be: receive RaftClientReply:client-B268B4322F32->17750241-545b-4219-93a1-14a6ea3d85be@group-C33FBD9556F2, cid=2773, SUCCESS, logIndex=4168, commits[17750241-545b-4219-93a1-14a6ea3d85be:c4168, 4eaaa090-573e-41d3-9f8c-c99e236d806a:c4166, 5f4cf9ee-4bed-49de-adaa-861aec894328:c4166]
2019-08-23 02:48:38,217 | INFO  | DNAudit | user=null | ip=null | op=WRITE_CHUNK {blockData=conID: 3 locID: 102664012957090412 bcsId: 4164} | ret=SUCCESS |  
2019-08-23 02:48:38,217 | INFO  | DNAudit | user=null | ip=null | op=WRITE_CHUNK {blockData=conID: 3 locID: 102664012957090412 bcsId: 4164} | ret=SUCCESS |  
2019-08-23 02:48:38,220 | INFO  | DNAudit | user=null | ip=null | op=PUT_BLOCK {blockData=[blockId=conID: 3 locID: 102664012957090412 bcsId: 0,size=4194304]} | ret=SUCCESS |  
2019-08-23 02:48:38,220 | INFO  | DNAudit | user=null | ip=null | op=PUT_BLOCK {blockData=[blockId=conID: 3 locID: 102664012957090412 bcsId: 0,size=4194304]} | ret=SUCCESS |  
2019-08-23 02:48:38,220 [grpc-default-executor-2] INFO  client.GrpcClientProtocolClient (GrpcClientProtocolClient.java:onNext(255)) - client-B268B4322F32->17750241-545b-4219-93a1-14a6ea3d85be: receive RaftClientReply:client-B268B4322F32->17750241-545b-4219-93a1-14a6ea3d85be@group-C33FBD9556F2, cid=2774, SUCCESS, logIndex=0, commits[17750241-545b-4219-93a1-14a6ea3d85be:c4170, 4eaaa090-573e-41d3-9f8c-c99e236d806a:c4168, 5f4cf9ee-4bed-49de-adaa-861aec894328:c4168]
2019-08-23 02:48:38,223 | INFO  | SCMAudit | user=jenkins1000 | ip=192.168.34.22 | op=ALLOCATE_BLOCK {owner=31d65bc3-3f70-45f5-bbc5-e3a15f967ba6, size=4194304, type=RATIS, factor=THREE} | ret=SUCCESS |  
2019-08-23 02:48:38,228 | INFO  | OMAudit | user=jenkins1000 | ip=127.0.0.1 | op=ALLOCATE_BLOCK {volume=vol-0-78052, bucket=bucket-0-33874, key=key-0-20719, dataSize=2147483657, replicationType=RATIS, replicationFactor=THREE, keyLocationInfo=[], clientID=102664010308846034} | ret=SUCCESS |  
2019-08-23 02:48:38,243 | INFO  | DNAudit | user=null | ip=null | op=WRITE_CHUNK {blockData=conID: 1 locID: 102664012970197613 bcsId: 0} | ret=SUCCESS |  
2019-08-23 02:48:38,245 | INFO  | DNAudit | user=null | ip=null | op=WRITE_CHUNK {blockData=conID: 1 locID: 102664012970197613 bcsId: 0} | ret=SUCCESS |  
2019-08-23 02:48:38,246 | INFO  | DNAudit | user=null | ip=null | op=WRITE_CHUNK {blockData=conID: 1 locID: 102664012970197613 bcsId: 0} | ret=SUCCESS |  
2019-08-23 02:48:38,247 | INFO  | DNAudit | user=null | ip=null | op=WRITE_CHUNK {blockData=conID: 1 locID: 102664012970197613 bcsId: 0} | ret=SUCCESS |  
2019-08-23 02:48:38,250 | INFO  | DNAudit | user=null | ip=null | op=WRITE_CHUNK {blockData=conID: 1 locID: 102664012970197613 bcsId: 0} | ret=SUCCESS |  
2019-08-23 02:48:38,250 | INFO  | DNAudit | user=null | ip=null | op=WRITE_CHUNK {blockData=conID: 1 locID: 102664012970197613 bcsId: 0} | ret=SUCCESS |  
2019-08-23 02:48:38,262 | INFO  | DNAudit | user=null | ip=null | op=WRITE_CHUNK {blockData=conID: 1 locID: 102664012970197613 bcsId: 0} | ret=SUCCESS |  
2019-08-23 02:48:38,262 | INFO  | DNAudit | user=null | ip=null | op=PUT_BLOCK {blockData=[blockId=conID: 1 locID: 102664012970197613 bcsId: 0,size=1048576]} | ret=SUCCESS |  
2019-08-23 02:48:38,263 | INFO  | DNAudit | user=null | ip=null | op=WRITE_CHUNK {blockData=conID: 1 locID: 102664012970197613 bcsId: 0} | ret=SUCCESS |  
2019-08-23 02:48:38,263 [grpc-default-executor-6] INFO  client.GrpcClientProtocolClient (GrpcClientProtocolClient.java:onNext(255)) - client-B268B4322F32->17750241-545b-4219-93a1-14a6ea3d85be: receive RaftClientReply:client-B268B4322F32->17750241-545b-4219-93a1-14a6ea3d85be@group-C33FBD9556F2, cid=2775, SUCCESS, logIndex=4171, commits[17750241-545b-4219-93a1-14a6ea3d85be:c4172, 4eaaa090-573e-41d3-9f8c-c99e236d806a:c4170, 5f4cf9ee-4bed-49de-adaa-861aec894328:c4170]
2019-08-23 02:48:38,263 | INFO  | DNAudit | user=null | ip=null | op=PUT_BLOCK {blockData=[blockId=conID: 1 locID: 102664012970197613 bcsId: 0,size=2097152]} | ret=SUCCESS |  
2019-08-23 02:48:38,263 [grpc-default-executor-6] INFO  client.GrpcClientProtocolClient (GrpcClientProtocolClient.java:onNext(255)) - client-B268B4322F32->17750241-545b-4219-93a1-14a6ea3d85be: receive RaftClientReply:client-B268B4322F32->17750241-545b-4219-93a1-14a6ea3d85be@group-C33FBD9556F2, cid=2776, SUCCESS, logIndex=4172, commits[17750241-545b-4219-93a1-14a6ea3d85be:c4173, 4eaaa090-573e-41d3-9f8c-c99e236d806a:c4170, 5f4cf9ee-4bed-49de-adaa-861aec894328:c4170]
2019-08-23 02:48:38,263 [grpc-default-executor-6] INFO  client.GrpcClientProtocolClient (GrpcClientProtocolClient.java:onNext(255)) - client-B268B4322F32->17750241-545b-4219-93a1-14a6ea3d85be: receive RaftClientReply:client-B268B4322F32->17750241-545b-4219-93a1-14a6ea3d85be@group-C33FBD9556F2, cid=2777, SUCCESS, logIndex=4173, commits[17750241-545b-4219-93a1-14a6ea3d85be:c4174, 4eaaa090-573e-41d3-9f8c-c99e236d806a:c4170, 5f4cf9ee-4bed-49de-adaa-861aec894328:c4170]
2019-08-23 02:48:38,264 [grpc-default-executor-6] INFO  client.GrpcClientProtocolClient (GrpcClientProtocolClient.java:onNext(255)) - client-B268B4322F32->17750241-545b-4219-93a1-14a6ea3d85be: receive RaftClientReply:client-B268B4322F32->17750241-545b-4219-93a1-14a6ea3d85be@group-C33FBD9556F2, cid=2778, SUCCESS, logIndex=4174, commits[17750241-545b-4219-93a1-14a6ea3d85be:c4174, 4eaaa090-573e-41d3-9f8c-c99e236d806a:c4170, 5f4cf9ee-4bed-49de-adaa-861aec894328:c4170]
2019-08-23 02:48:38,276 | INFO  | DNAudit | user=null | ip=null | op=WRITE_CHUNK {blockData=conID: 1 locID: 102664012970197613 bcsId: 0} | ret=SUCCESS |  
2019-08-23 02:48:38,276 | INFO  | DNAudit | user=null | ip=null | op=PUT_BLOCK {blockData=[blockId=conID: 1 locID: 102664012970197613 bcsId: 0,size=1048576]} | ret=SUCCESS |  
2019-08-23 02:48:38,276 | INFO  | DNAudit | user=null | ip=null | op=WRITE_CHUNK {blockData=conID: 1 locID: 102664012970197613 bcsId: 0} | ret=SUCCESS |  
2019-08-23 02:48:38,277 | INFO  | DNAudit | user=null | ip=null | op=WRITE_CHUNK {blockData=conID: 1 locID: 102664012970197613 bcsId: 0} | ret=SUCCESS |  
2019-08-23 02:48:38,277 | INFO  | DNAudit | user=null | ip=null | op=PUT_BLOCK {blockData=[blockId=conID: 1 locID: 102664012970197613 bcsId: 0,size=1048576]} | ret=SUCCESS |  
2019-08-23 02:48:38,277 [grpc-default-executor-6] INFO  client.GrpcClientProtocolClient (GrpcClientProtocolClient.java:onNext(255)) - client-B268B4322F32->17750241-545b-4219-93a1-14a6ea3d85be: receive RaftClientReply:client-B268B4322F32->17750241-545b-4219-93a1-14a6ea3d85be@group-C33FBD9556F2, cid=2779, SUCCESS, logIndex=0, commits[17750241-545b-4219-93a1-14a6ea3d85be:c4176, 4eaaa090-573e-41d3-9f8c-c99e236d806a:c4172, 5f4cf9ee-4bed-49de-adaa-861aec894328:c4172]
2019-08-23 02:48:38,277 | INFO  | DNAudit | user=null | ip=null | op=PUT_BLOCK {blockData=[blockId=conID: 1 locID: 102664012970197613 bcsId: 0,size=2097152]} | ret=SUCCESS |  
2019-08-23 02:48:38,277 | INFO  | DNAudit | user=null | ip=null | op=WRITE_CHUNK {blockData=conID: 1 locID: 102664012970197613 bcsId: 0} | ret=SUCCESS |  
2019-08-23 02:48:38,277 | INFO  | DNAudit | user=null | ip=null | op=PUT_BLOCK {blockData=[blockId=conID: 1 locID: 102664012970197613 bcsId: 0,size=2097152]} | ret=SUCCESS |  
2019-08-23 02:48:38,284 | INFO  | DNAudit | user=null | ip=null | op=WRITE_CHUNK {blockData=conID: 1 locID: 102664012970197613 bcsId: 4174} | ret=SUCCESS |  
2019-08-23 02:48:38,287 | INFO  | DNAudit | user=null | ip=null | op=WRITE_CHUNK {blockData=conID: 1 locID: 102664012970197613 bcsId: 4174} | ret=SUCCESS |  
2019-08-23 02:48:38,287 | INFO  | DNAudit | user=null | ip=null | op=WRITE_CHUNK {blockData=conID: 1 locID: 102664012970197613 bcsId: 4174} | ret=SUCCESS |  
2019-08-23 02:48:38,291 | INFO  | DNAudit | user=null | ip=null | op=WRITE_CHUNK {blockData=conID: 1 locID: 102664012970197613 bcsId: 4174} | ret=SUCCESS |  
2019-08-23 02:48:38,291 | INFO  | DNAudit | user=null | ip=null | op=PUT_BLOCK {blockData=[blockId=conID: 1 locID: 102664012970197613 bcsId: 0,size=3145728]} | ret=SUCCESS |  
2019-08-23 02:48:38,291 [grpc-default-executor-1] INFO  client.GrpcClientProtocolClient (GrpcClientProtocolClient.java:onNext(255)) - client-B268B4322F32->17750241-545b-4219-93a1-14a6ea3d85be: receive RaftClientReply:client-B268B4322F32->17750241-545b-4219-93a1-14a6ea3d85be@group-C33FBD9556F2, cid=2780, SUCCESS, logIndex=4179, commits[17750241-545b-4219-93a1-14a6ea3d85be:c4180, 4eaaa090-573e-41d3-9f8c-c99e236d806a:c4178, 5f4cf9ee-4bed-49de-adaa-861aec894328:c4178]
2019-08-23 02:48:38,292 [grpc-default-executor-1] INFO  client.GrpcClientProtocolClient (GrpcClientProtocolClient.java:onNext(255)) - client-B268B4322F32->17750241-545b-4219-93a1-14a6ea3d85be: receive RaftClientReply:client-B268B4322F32->17750241-545b-4219-93a1-14a6ea3d85be@group-C33FBD9556F2, cid=2781, SUCCESS, logIndex=4180, commits[17750241-545b-4219-93a1-14a6ea3d85be:c4180, 4eaaa090-573e-41d3-9f8c-c99e236d806a:c4178, 5f4cf9ee-4bed-49de-adaa-861aec894328:c4178]
2019-08-23 02:48:38,299 | INFO  | DNAudit | user=null | ip=null | op=WRITE_CHUNK {blockData=conID: 1 locID: 102664012970197613 bcsId: 4180} | ret=SUCCESS |  
2019-08-23 02:48:38,301 | INFO  | DNAudit | user=null | ip=null | op=WRITE_CHUNK {blockData=conID: 1 locID: 102664012970197613 bcsId: 4180} | ret=SUCCESS |  
2019-08-23 02:48:38,302 | INFO  | DNAudit | user=null | ip=null | op=WRITE_CHUNK {blockData=conID: 1 locID: 102664012970197613 bcsId: 4180} | ret=SUCCESS |  
2019-08-23 02:48:38,303 | INFO  | DNAudit | user=null | ip=null | op=WRITE_CHUNK {blockData=conID: 1 locID: 102664012970197613 bcsId: 4174} | ret=SUCCESS |  
2019-08-23 02:48:38,303 | INFO  | DNAudit | user=null | ip=null | op=WRITE_CHUNK {blockData=conID: 1 locID: 102664012970197613 bcsId: 4174} | ret=SUCCESS |  
2019-08-23 02:48:38,306 | INFO  | DNAudit | user=null | ip=null | op=PUT_BLOCK {blockData=[blockId=conID: 1 locID: 102664012970197613 bcsId: 0,size=3145728]} | ret=SUCCESS |  
2019-08-23 02:48:38,306 | INFO  | DNAudit | user=null | ip=null | op=PUT_BLOCK {blockData=[blockId=conID: 1 locID: 102664012970197613 bcsId: 0,size=3145728]} | ret=SUCCESS |  
2019-08-23 02:48:38,306 | INFO  | DNAudit | user=null | ip=null | op=WRITE_CHUNK {blockData=conID: 1 locID: 102664012970197613 bcsId: 4180} | ret=SUCCESS |  
2019-08-23 02:48:38,307 | INFO  | DNAudit | user=null | ip=null | op=PUT_BLOCK {blockData=[blockId=conID: 1 locID: 102664012970197613 bcsId: 0,size=4194304]} | ret=SUCCESS |  
2019-08-23 02:48:38,307 [grpc-default-executor-6] INFO  client.GrpcClientProtocolClient (GrpcClientProtocolClient.java:onNext(255)) - client-B268B4322F32->17750241-545b-4219-93a1-14a6ea3d85be: receive RaftClientReply:client-B268B4322F32->17750241-545b-4219-93a1-14a6ea3d85be@group-C33FBD9556F2, cid=2782, SUCCESS, logIndex=4183, commits[17750241-545b-4219-93a1-14a6ea3d85be:c4184, 4eaaa090-573e-41d3-9f8c-c99e236d806a:c4180, 5f4cf9ee-4bed-49de-adaa-861aec894328:c4180]
2019-08-23 02:48:38,307 [grpc-default-executor-6] INFO  client.GrpcClientProtocolClient (GrpcClientProtocolClient.java:onNext(255)) - client-B268B4322F32->17750241-545b-4219-93a1-14a6ea3d85be: receive RaftClientReply:client-B268B4322F32->17750241-545b-4219-93a1-14a6ea3d85be@group-C33FBD9556F2, cid=2783, SUCCESS, logIndex=4184, commits[17750241-545b-4219-93a1-14a6ea3d85be:c4184, 4eaaa090-573e-41d3-9f8c-c99e236d806a:c4180, 5f4cf9ee-4bed-49de-adaa-861aec894328:c4180]
2019-08-23 02:48:38,319 | INFO  | DNAudit | user=null | ip=null | op=WRITE_CHUNK {blockData=conID: 1 locID: 102664012970197613 bcsId: 4180} | ret=SUCCESS |  
2019-08-23 02:48:38,320 | INFO  | DNAudit | user=null | ip=null | op=WRITE_CHUNK {blockData=conID: 1 locID: 102664012970197613 bcsId: 4180} | ret=SUCCESS |  
2019-08-23 02:48:38,322 | INFO  | DNAudit | user=null | ip=null | op=PUT_BLOCK {blockData=[blockId=conID: 1 locID: 102664012970197613 bcsId: 0,size=4194304]} | ret=SUCCESS |  
2019-08-23 02:48:38,322 | INFO  | DNAudit | user=null | ip=null | op=PUT_BLOCK {blockData=[blockId=conID: 1 locID: 102664012970197613 bcsId: 0,size=4194304]} | ret=SUCCESS |  
2019-08-23 02:48:38,323 [grpc-default-executor-6] INFO  client.GrpcClientProtocolClient (GrpcClientProtocolClient.java:onNext(255)) - client-B268B4322F32->17750241-545b-4219-93a1-14a6ea3d85be: receive RaftClientReply:client-B268B4322F32->17750241-545b-4219-93a1-14a6ea3d85be@group-C33FBD9556F2, cid=2784, SUCCESS, logIndex=0, commits[17750241-545b-4219-93a1-14a6ea3d85be:c4186, 4eaaa090-573e-41d3-9f8c-c99e236d806a:c4184, 5f4cf9ee-4bed-49de-adaa-861aec894328:c4184]
2019-08-23 02:48:38,325 | INFO  | SCMAudit | user=jenkins1000 | ip=192.168.34.22 | op=ALLOCATE_BLOCK {owner=31d65bc3-3f70-45f5-bbc5-e3a15f967ba6, size=4194304, type=RATIS, factor=THREE} | ret=SUCCESS |  
2019-08-23 02:48:38,330 | INFO  | OMAudit | user=jenkins1000 | ip=127.0.0.1 | op=ALLOCATE_BLOCK {volume=vol-0-78052, bucket=bucket-0-33874, key=key-0-20719, dataSize=2147483657, replicationType=RATIS, replicationFactor=THREE, keyLocationInfo=[], clientID=102664010308846034} | ret=SUCCESS |  
2019-08-23 02:48:38,343 | INFO  | DNAudit | user=null | ip=null | op=WRITE_CHUNK {blockData=conID: 2 locID: 102664012976947822 bcsId: 0} | ret=SUCCESS |  
2019-08-23 02:48:38,347 | INFO  | DNAudit | user=null | ip=null | op=WRITE_CHUNK {blockData=conID: 2 locID: 102664012976947822 bcsId: 0} | ret=SUCCESS |  
2019-08-23 02:48:38,347 | INFO  | DNAudit | user=null | ip=null | op=WRITE_CHUNK {blockData=conID: 2 locID: 102664012976947822 bcsId: 0} | ret=SUCCESS |  
2019-08-23 02:48:38,348 | INFO  | DNAudit | user=null | ip=null | op=WRITE_CHUNK {blockData=conID: 2 locID: 102664012976947822 bcsId: 0} | ret=SUCCESS |  
2019-08-23 02:48:38,349 | INFO  | DNAudit | user=null | ip=null | op=WRITE_CHUNK {blockData=conID: 2 locID: 102664012976947822 bcsId: 0} | ret=SUCCESS |  
2019-08-23 02:48:38,349 | INFO  | DNAudit | user=null | ip=null | op=WRITE_CHUNK {blockData=conID: 2 locID: 102664012976947822 bcsId: 0} | ret=SUCCESS |  
2019-08-23 02:48:38,356 | INFO  | DNAudit | user=null | ip=null | op=WRITE_CHUNK {blockData=conID: 2 locID: 102664012976947822 bcsId: 0} | ret=SUCCESS |  
2019-08-23 02:48:38,356 | INFO  | DNAudit | user=null | ip=null | op=PUT_BLOCK {blockData=[blockId=conID: 2 locID: 102664012976947822 bcsId: 0,size=1048576]} | ret=SUCCESS |  
2019-08-23 02:48:38,357 [grpc-default-executor-1] INFO  client.GrpcClientProtocolClient (GrpcClientProtocolClient.java:onNext(255)) - client-B268B4322F32->17750241-545b-4219-93a1-14a6ea3d85be: receive RaftClientReply:client-B268B4322F32->17750241-545b-4219-93a1-14a6ea3d85be@group-C33FBD9556F2, cid=2785, SUCCESS, logIndex=4187, commits[17750241-545b-4219-93a1-14a6ea3d85be:c4189, 4eaaa090-573e-41d3-9f8c-c99e236d806a:c4186, 5f4cf9ee-4bed-49de-adaa-861aec894328:c4186]
2019-08-23 02:48:38,357 | INFO  | DNAudit | user=null | ip=null | op=WRITE_CHUNK {blockData=conID: 2 locID: 102664012976947822 bcsId: 0} | ret=SUCCESS |  
2019-08-23 02:48:38,357 | INFO  | DNAudit | user=null | ip=null | op=PUT_BLOCK {blockData=[blockId=conID: 2 locID: 102664012976947822 bcsId: 0,size=2097152]} | ret=SUCCESS |  
2019-08-23 02:48:38,357 [grpc-default-executor-1] INFO  client.GrpcClientProtocolClient (GrpcClientProtocolClient.java:onNext(255)) - client-B268B4322F32->17750241-545b-4219-93a1-14a6ea3d85be: receive RaftClientReply:client-B268B4322F32->17750241-545b-4219-93a1-14a6ea3d85be@group-C33FBD9556F2, cid=2786, SUCCESS, logIndex=4188, commits[17750241-545b-4219-93a1-14a6ea3d85be:c4189, 4eaaa090-573e-41d3-9f8c-c99e236d806a:c4186, 5f4cf9ee-4bed-49de-adaa-861aec894328:c4186]
2019-08-23 02:48:38,358 [grpc-default-executor-1] INFO  client.GrpcClientProtocolClient (GrpcClientProtocolClient.java:onNext(255)) - client-B268B4322F32->17750241-545b-4219-93a1-14a6ea3d85be: receive RaftClientReply:client-B268B4322F32->17750241-545b-4219-93a1-14a6ea3d85be@group-C33FBD9556F2, cid=2787, SUCCESS, logIndex=4189, commits[17750241-545b-4219-93a1-14a6ea3d85be:c4190, 4eaaa090-573e-41d3-9f8c-c99e236d806a:c4186, 5f4cf9ee-4bed-49de-adaa-861aec894328:c4186]
2019-08-23 02:48:38,358 [grpc-default-executor-1] INFO  client.GrpcClientProtocolClient (GrpcClientProtocolClient.java:onNext(255)) - client-B268B4322F32->17750241-545b-4219-93a1-14a6ea3d85be: receive RaftClientReply:client-B268B4322F32->17750241-545b-4219-93a1-14a6ea3d85be@group-C33FBD9556F2, cid=2788, SUCCESS, logIndex=4190, commits[17750241-545b-4219-93a1-14a6ea3d85be:c4190, 4eaaa090-573e-41d3-9f8c-c99e236d806a:c4186, 5f4cf9ee-4bed-49de-adaa-861aec894328:c4186]
2019-08-23 02:48:38,359 | INFO  | DNAudit | user=null | ip=null | op=WRITE_CHUNK {blockData=conID: 2 locID: 102664012976947822 bcsId: 0} | ret=SUCCESS |  
2019-08-23 02:48:38,360 | INFO  | DNAudit | user=null | ip=null | op=WRITE_CHUNK {blockData=conID: 2 locID: 102664012976947822 bcsId: 0} | ret=SUCCESS |  
2019-08-23 02:48:38,360 | INFO  | DNAudit | user=null | ip=null | op=PUT_BLOCK {blockData=[blockId=conID: 2 locID: 102664012976947822 bcsId: 0,size=1048576]} | ret=SUCCESS |  
2019-08-23 02:48:38,360 | INFO  | DNAudit | user=null | ip=null | op=WRITE_CHUNK {blockData=conID: 2 locID: 102664012976947822 bcsId: 0} | ret=SUCCESS |  
2019-08-23 02:48:38,372 | INFO  | DNAudit | user=null | ip=null | op=PUT_BLOCK {blockData=[blockId=conID: 2 locID: 102664012976947822 bcsId: 0,size=2097152]} | ret=SUCCESS |  
2019-08-23 02:48:38,372 | INFO  | DNAudit | user=null | ip=null | op=PUT_BLOCK {blockData=[blockId=conID: 2 locID: 102664012976947822 bcsId: 0,size=1048576]} | ret=SUCCESS |  
2019-08-23 02:48:38,372 | INFO  | DNAudit | user=null | ip=null | op=WRITE_CHUNK {blockData=conID: 2 locID: 102664012976947822 bcsId: 0} | ret=SUCCESS |  
2019-08-23 02:48:38,373 | INFO  | DNAudit | user=null | ip=null | op=PUT_BLOCK {blockData=[blockId=conID: 2 locID: 102664012976947822 bcsId: 0,size=2097152]} | ret=SUCCESS |  
2019-08-23 02:48:38,373 [grpc-default-executor-1] INFO  client.GrpcClientProtocolClient (GrpcClientProtocolClient.java:onNext(255)) - client-B268B4322F32->17750241-545b-4219-93a1-14a6ea3d85be: receive RaftClientReply:client-B268B4322F32->17750241-545b-4219-93a1-14a6ea3d85be@group-C33FBD9556F2, cid=2789, SUCCESS, logIndex=0, commits[17750241-545b-4219-93a1-14a6ea3d85be:c4194, 4eaaa090-573e-41d3-9f8c-c99e236d806a:c4188, 5f4cf9ee-4bed-49de-adaa-861aec894328:c4190]
2019-08-23 02:48:38,380 | INFO  | DNAudit | user=null | ip=null | op=WRITE_CHUNK {blockData=conID: 2 locID: 102664012976947822 bcsId: 4190} | ret=SUCCESS |  
2019-08-23 02:48:38,383 | INFO  | DNAudit | user=null | ip=null | op=WRITE_CHUNK {blockData=conID: 2 locID: 102664012976947822 bcsId: 4190} | ret=SUCCESS |  
2019-08-23 02:48:38,383 | INFO  | DNAudit | user=null | ip=null | op=WRITE_CHUNK {blockData=conID: 2 locID: 102664012976947822 bcsId: 4190} | ret=SUCCESS |  
2019-08-23 02:48:38,401 | INFO  | DNAudit | user=null | ip=null | op=WRITE_CHUNK {blockData=conID: 2 locID: 102664012976947822 bcsId: 4190} | ret=SUCCESS |  
2019-08-23 02:48:38,401 | INFO  | DNAudit | user=null | ip=null | op=PUT_BLOCK {blockData=[blockId=conID: 2 locID: 102664012976947822 bcsId: 0,size=3145728]} | ret=SUCCESS |  
2019-08-23 02:48:38,402 [grpc-default-executor-6] INFO  client.GrpcClientProtocolClient (GrpcClientProtocolClient.java:onNext(255)) - client-B268B4322F32->17750241-545b-4219-93a1-14a6ea3d85be: receive RaftClientReply:client-B268B4322F32->17750241-545b-4219-93a1-14a6ea3d85be@group-C33FBD9556F2, cid=2790, SUCCESS, logIndex=4195, commits[17750241-545b-4219-93a1-14a6ea3d85be:c4196, 4eaaa090-573e-41d3-9f8c-c99e236d806a:c4194, 5f4cf9ee-4bed-49de-adaa-861aec894328:c4194]
2019-08-23 02:48:38,402 [grpc-default-executor-6] INFO  client.GrpcClientProtocolClient (GrpcClientProtocolClient.java:onNext(255)) - client-B268B4322F32->17750241-545b-4219-93a1-14a6ea3d85be: receive RaftClientReply:client-B268B4322F32->17750241-545b-4219-93a1-14a6ea3d85be@group-C33FBD9556F2, cid=2791, SUCCESS, logIndex=4196, commits[17750241-545b-4219-93a1-14a6ea3d85be:c4196, 4eaaa090-573e-41d3-9f8c-c99e236d806a:c4194, 5f4cf9ee-4bed-49de-adaa-861aec894328:c4194]
2019-08-23 02:48:38,410 | INFO  | DNAudit | user=null | ip=null | op=WRITE_CHUNK {blockData=conID: 2 locID: 102664012976947822 bcsId: 4196} | ret=SUCCESS |  
2019-08-23 02:48:38,413 | INFO  | DNAudit | user=null | ip=null | op=WRITE_CHUNK {blockData=conID: 2 locID: 102664012976947822 bcsId: 4190} | ret=SUCCESS |  
2019-08-23 02:48:38,413 | INFO  | DNAudit | user=null | ip=null | op=WRITE_CHUNK {blockData=conID: 2 locID: 102664012976947822 bcsId: 4190} | ret=SUCCESS |  
2019-08-23 02:48:38,413 | INFO  | DNAudit | user=null | ip=null | op=PUT_BLOCK {blockData=[blockId=conID: 2 locID: 102664012976947822 bcsId: 0,size=3145728]} | ret=SUCCESS |  
2019-08-23 02:48:38,413 | INFO  | DNAudit | user=null | ip=null | op=WRITE_CHUNK {blockData=conID: 2 locID: 102664012976947822 bcsId: 4196} | ret=SUCCESS |  
2019-08-23 02:48:38,413 | INFO  | DNAudit | user=null | ip=null | op=PUT_BLOCK {blockData=[blockId=conID: 2 locID: 102664012976947822 bcsId: 0,size=3145728]} | ret=SUCCESS |  
2019-08-23 02:48:38,414 | INFO  | DNAudit | user=null | ip=null | op=WRITE_CHUNK {blockData=conID: 2 locID: 102664012976947822 bcsId: 4196} | ret=SUCCESS |  
2019-08-23 02:48:38,421 | INFO  | SCMAudit | user=jenkins1000 | ip=192.168.34.22 | op=SEND_HEARTBEAT {datanodeUUID=4eaaa090-573e-41d3-9f8c-c99e236d806a, command=[]} | ret=SUCCESS |  
2019-08-23 02:48:38,422 | INFO  | SCMAudit | user=jenkins1000 | ip=192.168.34.22 | op=SEND_HEARTBEAT {datanodeUUID=17750241-545b-4219-93a1-14a6ea3d85be, command=[]} | ret=SUCCESS |  
2019-08-23 02:48:38,423 | INFO  | SCMAudit | user=jenkins1000 | ip=192.168.34.22 | op=SEND_HEARTBEAT {datanodeUUID=0cedf437-a8af-4d70-bac5-ea9863093e86, command=[]} | ret=SUCCESS |  
2019-08-23 02:48:38,423 | INFO  | SCMAudit | user=jenkins1000 | ip=192.168.34.22 | op=SEND_HEARTBEAT {datanodeUUID=66ab6a68-e61f-4535-ab2f-12fe560929ed, command=[]} | ret=SUCCESS |  
 0.00% |█                                                                                                    |  0/1 Time: 0:00:402019-08-23 02:48:38,423 | INFO  | SCMAudit | user=jenkins1000 | ip=192.168.34.22 | op=SEND_HEARTBEAT {datanodeUUID=5f4cf9ee-4bed-49de-adaa-861aec894328, command=[]} | ret=SUCCESS |  
2019-08-23 02:48:38,425 | INFO  | DNAudit | user=null | ip=null | op=WRITE_CHUNK {blockData=conID: 2 locID: 102664012976947822 bcsId: 4196} | ret=SUCCESS |  
2019-08-23 02:48:38,426 | INFO  | DNAudit | user=null | ip=null | op=PUT_BLOCK {blockData=[blockId=conID: 2 locID: 102664012976947822 bcsId: 0,size=4194304]} | ret=SUCCESS |  
2019-08-23 02:48:38,426 [grpc-default-executor-6] INFO  client.GrpcClientProtocolClient (GrpcClientProtocolClient.java:onNext(255)) - client-B268B4322F32->17750241-545b-4219-93a1-14a6ea3d85be: receive RaftClientReply:client-B268B4322F32->17750241-545b-4219-93a1-14a6ea3d85be@group-C33FBD9556F2, cid=2792, SUCCESS, logIndex=4199, commits[17750241-545b-4219-93a1-14a6ea3d85be:c4200, 4eaaa090-573e-41d3-9f8c-c99e236d806a:c4196, 5f4cf9ee-4bed-49de-adaa-861aec894328:c4196]
2019-08-23 02:48:38,426 [grpc-default-executor-6] INFO  client.GrpcClientProtocolClient (GrpcClientProtocolClient.java:onNext(255)) - client-B268B4322F32->17750241-545b-4219-93a1-14a6ea3d85be: receive RaftClientReply:client-B268B4322F32->17750241-545b-4219-93a1-14a6ea3d85be@group-C33FBD9556F2, cid=2793, SUCCESS, logIndex=4200, commits[17750241-545b-4219-93a1-14a6ea3d85be:c4200, 4eaaa090-573e-41d3-9f8c-c99e236d806a:c4196, 5f4cf9ee-4bed-49de-adaa-861aec894328:c4196]
2019-08-23 02:48:38,428 | INFO  | DNAudit | user=null | ip=null | op=WRITE_CHUNK {blockData=conID: 2 locID: 102664012976947822 bcsId: 4196} | ret=SUCCESS |  
2019-08-23 02:48:38,428 | INFO  | DNAudit | user=null | ip=null | op=WRITE_CHUNK {blockData=conID: 2 locID: 102664012976947822 bcsId: 4196} | ret=SUCCESS |  
2019-08-23 02:48:38,441 | INFO  | DNAudit | user=null | ip=null | op=PUT_BLOCK {blockData=[blockId=conID: 2 locID: 102664012976947822 bcsId: 0,size=4194304]} | ret=SUCCESS |  
2019-08-23 02:48:38,441 | INFO  | DNAudit | user=null | ip=null | op=PUT_BLOCK {blockData=[blockId=conID: 2 locID: 102664012976947822 bcsId: 0,size=4194304]} | ret=SUCCESS |  
2019-08-23 02:48:38,441 [grpc-default-executor-5] INFO  client.GrpcClientProtocolClient (GrpcClientProtocolClient.java:onNext(255)) - client-B268B4322F32->17750241-545b-4219-93a1-14a6ea3d85be: receive RaftClientReply:client-B268B4322F32->17750241-545b-4219-93a1-14a6ea3d85be@group-C33FBD9556F2, cid=2794, SUCCESS, logIndex=0, commits[17750241-545b-4219-93a1-14a6ea3d85be:c4202, 4eaaa090-573e-41d3-9f8c-c99e236d806a:c4200, 5f4cf9ee-4bed-49de-adaa-861aec894328:c4200]
2019-08-23 02:48:38,444 | INFO  | SCMAudit | user=jenkins1000 | ip=192.168.34.22 | op=ALLOCATE_BLOCK {owner=31d65bc3-3f70-45f5-bbc5-e3a15f967ba6, size=4194304, type=RATIS, factor=THREE} | ret=SUCCESS |  
2019-08-23 02:48:38,448 | INFO  | OMAudit | user=jenkins1000 | ip=127.0.0.1 | op=ALLOCATE_BLOCK {volume=vol-0-78052, bucket=bucket-0-33874, key=key-0-20719, dataSize=2147483657, replicationType=RATIS, replicationFactor=THREE, keyLocationInfo=[], clientID=102664010308846034} | ret=SUCCESS |  
2019-08-23 02:48:38,460 | INFO  | DNAudit | user=null | ip=null | op=WRITE_CHUNK {blockData=conID: 3 locID: 102664012984681071 bcsId: 0} | ret=SUCCESS |  
2019-08-23 02:48:38,465 | INFO  | DNAudit | user=null | ip=null | op=WRITE_CHUNK {blockData=conID: 3 locID: 102664012984681071 bcsId: 0} | ret=SUCCESS |  
2019-08-23 02:48:38,465 | INFO  | DNAudit | user=null | ip=null | op=WRITE_CHUNK {blockData=conID: 3 locID: 102664012984681071 bcsId: 0} | ret=SUCCESS |  
2019-08-23 02:48:38,465 | INFO  | DNAudit | user=null | ip=null | op=WRITE_CHUNK {blockData=conID: 3 locID: 102664012984681071 bcsId: 0} | ret=SUCCESS |  
2019-08-23 02:48:38,467 | INFO  | DNAudit | user=null | ip=null | op=WRITE_CHUNK {blockData=conID: 3 locID: 102664012984681071 bcsId: 0} | ret=SUCCESS |  
2019-08-23 02:48:38,467 | INFO  | DNAudit | user=null | ip=null | op=WRITE_CHUNK {blockData=conID: 3 locID: 102664012984681071 bcsId: 0} | ret=SUCCESS |  
2019-08-23 02:48:38,473 | INFO  | DNAudit | user=null | ip=null | op=WRITE_CHUNK {blockData=conID: 3 locID: 102664012984681071 bcsId: 0} | ret=SUCCESS |  
2019-08-23 02:48:38,473 | INFO  | DNAudit | user=null | ip=null | op=PUT_BLOCK {blockData=[blockId=conID: 3 locID: 102664012984681071 bcsId: 0,size=1048576]} | ret=SUCCESS |  
2019-08-23 02:48:38,474 [grpc-default-executor-5] INFO  client.GrpcClientProtocolClient (GrpcClientProtocolClient.java:onNext(255)) - client-B268B4322F32->17750241-545b-4219-93a1-14a6ea3d85be: receive RaftClientReply:client-B268B4322F32->17750241-545b-4219-93a1-14a6ea3d85be@group-C33FBD9556F2, cid=2795, SUCCESS, logIndex=4203, commits[17750241-545b-4219-93a1-14a6ea3d85be:c4205, 4eaaa090-573e-41d3-9f8c-c99e236d806a:c4202, 5f4cf9ee-4bed-49de-adaa-861aec894328:c4200]
2019-08-23 02:48:38,474 | INFO  | DNAudit | user=null | ip=null | op=WRITE_CHUNK {blockData=conID: 3 locID: 102664012984681071 bcsId: 0} | ret=SUCCESS |  
2019-08-23 02:48:38,474 [grpc-default-executor-6] INFO  client.GrpcClientProtocolClient (GrpcClientProtocolClient.java:onNext(255)) - client-B268B4322F32->17750241-545b-4219-93a1-14a6ea3d85be: receive RaftClientReply:client-B268B4322F32->17750241-545b-4219-93a1-14a6ea3d85be@group-C33FBD9556F2, cid=2796, SUCCESS, logIndex=4204, commits[17750241-545b-4219-93a1-14a6ea3d85be:c4206, 4eaaa090-573e-41d3-9f8c-c99e236d806a:c4202, 5f4cf9ee-4bed-49de-adaa-861aec894328:c4202]
2019-08-23 02:48:38,474 | INFO  | DNAudit | user=null | ip=null | op=PUT_BLOCK {blockData=[blockId=conID: 3 locID: 102664012984681071 bcsId: 0,size=2097152]} | ret=SUCCESS |  
2019-08-23 02:48:38,474 [grpc-default-executor-6] INFO  client.GrpcClientProtocolClient (GrpcClientProtocolClient.java:onNext(255)) - client-B268B4322F32->17750241-545b-4219-93a1-14a6ea3d85be: receive RaftClientReply:client-B268B4322F32->17750241-545b-4219-93a1-14a6ea3d85be@group-C33FBD9556F2, cid=2797, SUCCESS, logIndex=4205, commits[17750241-545b-4219-93a1-14a6ea3d85be:c4206, 4eaaa090-573e-41d3-9f8c-c99e236d806a:c4202, 5f4cf9ee-4bed-49de-adaa-861aec894328:c4202]
2019-08-23 02:48:38,475 [grpc-default-executor-6] INFO  client.GrpcClientProtocolClient (GrpcClientProtocolClient.java:onNext(255)) - client-B268B4322F32->17750241-545b-4219-93a1-14a6ea3d85be: receive RaftClientReply:client-B268B4322F32->17750241-545b-4219-93a1-14a6ea3d85be@group-C33FBD9556F2, cid=2798, SUCCESS, logIndex=4206, commits[17750241-545b-4219-93a1-14a6ea3d85be:c4206, 4eaaa090-573e-41d3-9f8c-c99e236d806a:c4202, 5f4cf9ee-4bed-49de-adaa-861aec894328:c4202]
2019-08-23 02:48:38,476 | INFO  | DNAudit | user=null | ip=null | op=WRITE_CHUNK {blockData=conID: 3 locID: 102664012984681071 bcsId: 0} | ret=SUCCESS |  
2019-08-23 02:48:38,477 | INFO  | DNAudit | user=null | ip=null | op=PUT_BLOCK {blockData=[blockId=conID: 3 locID: 102664012984681071 bcsId: 0,size=1048576]} | ret=SUCCESS |  
2019-08-23 02:48:38,487 | INFO  | DNAudit | user=null | ip=null | op=WRITE_CHUNK {blockData=conID: 3 locID: 102664012984681071 bcsId: 0} | ret=SUCCESS |  
2019-08-23 02:48:38,487 | INFO  | DNAudit | user=null | ip=null | op=PUT_BLOCK {blockData=[blockId=conID: 3 locID: 102664012984681071 bcsId: 0,size=1048576]} | ret=SUCCESS |  
2019-08-23 02:48:38,487 | INFO  | DNAudit | user=null | ip=null | op=WRITE_CHUNK {blockData=conID: 3 locID: 102664012984681071 bcsId: 0} | ret=SUCCESS |  
2019-08-23 02:48:38,488 | INFO  | DNAudit | user=null | ip=null | op=PUT_BLOCK {blockData=[blockId=conID: 3 locID: 102664012984681071 bcsId: 0,size=2097152]} | ret=SUCCESS |  
2019-08-23 02:48:38,488 [grpc-default-executor-5] INFO  client.GrpcClientProtocolClient (GrpcClientProtocolClient.java:onNext(255)) - client-B268B4322F32->17750241-545b-4219-93a1-14a6ea3d85be: receive RaftClientReply:client-B268B4322F32->17750241-545b-4219-93a1-14a6ea3d85be@group-C33FBD9556F2, cid=2799, SUCCESS, logIndex=0, commits[17750241-545b-4219-93a1-14a6ea3d85be:c4207, 4eaaa090-573e-41d3-9f8c-c99e236d806a:c4204, 5f4cf9ee-4bed-49de-adaa-861aec894328:c4204]
2019-08-23 02:48:38,488 | INFO  | DNAudit | user=null | ip=null | op=WRITE_CHUNK {blockData=conID: 3 locID: 102664012984681071 bcsId: 0} | ret=SUCCESS |  
2019-08-23 02:48:38,488 | INFO  | DNAudit | user=null | ip=null | op=PUT_BLOCK {blockData=[blockId=conID: 3 locID: 102664012984681071 bcsId: 0,size=2097152]} | ret=SUCCESS |  
2019-08-23 02:48:38,495 | INFO  | DNAudit | user=null | ip=null | op=WRITE_CHUNK {blockData=conID: 3 locID: 102664012984681071 bcsId: 4206} | ret=SUCCESS |  
2019-08-23 02:48:38,498 | INFO  | DNAudit | user=null | ip=null | op=WRITE_CHUNK {blockData=conID: 3 locID: 102664012984681071 bcsId: 4206} | ret=SUCCESS |  
2019-08-23 02:48:38,498 | INFO  | DNAudit | user=null | ip=null | op=WRITE_CHUNK {blockData=conID: 3 locID: 102664012984681071 bcsId: 4206} | ret=SUCCESS |  
2019-08-23 02:48:38,507 | INFO  | DNAudit | user=null | ip=null | op=WRITE_CHUNK {blockData=conID: 3 locID: 102664012984681071 bcsId: 4206} | ret=SUCCESS |  
2019-08-23 02:48:38,508 | INFO  | DNAudit | user=null | ip=null | op=PUT_BLOCK {blockData=[blockId=conID: 3 locID: 102664012984681071 bcsId: 0,size=3145728]} | ret=SUCCESS |  
2019-08-23 02:48:38,508 [grpc-default-executor-2] INFO  client.GrpcClientProtocolClient (GrpcClientProtocolClient.java:onNext(255)) - client-B268B4322F32->17750241-545b-4219-93a1-14a6ea3d85be: receive RaftClientReply:client-B268B4322F32->17750241-545b-4219-93a1-14a6ea3d85be@group-C33FBD9556F2, cid=2800, SUCCESS, logIndex=4211, commits[17750241-545b-4219-93a1-14a6ea3d85be:c4212, 4eaaa090-573e-41d3-9f8c-c99e236d806a:c4210, 5f4cf9ee-4bed-49de-adaa-861aec894328:c4210]
2019-08-23 02:48:38,508 [grpc-default-executor-2] INFO  client.GrpcClientProtocolClient (GrpcClientProtocolClient.java:onNext(255)) - client-B268B4322F32->17750241-545b-4219-93a1-14a6ea3d85be: receive RaftClientReply:client-B268B4322F32->17750241-545b-4219-93a1-14a6ea3d85be@group-C33FBD9556F2, cid=2801, SUCCESS, logIndex=4212, commits[17750241-545b-4219-93a1-14a6ea3d85be:c4212, 4eaaa090-573e-41d3-9f8c-c99e236d806a:c4210, 5f4cf9ee-4bed-49de-adaa-861aec894328:c4210]
2019-08-23 02:48:38,516 | INFO  | DNAudit | user=null | ip=null | op=WRITE_CHUNK {blockData=conID: 3 locID: 102664012984681071 bcsId: 4212} | ret=SUCCESS |  
2019-08-23 02:48:38,518 | INFO  | DNAudit | user=null | ip=null | op=WRITE_CHUNK {blockData=conID: 3 locID: 102664012984681071 bcsId: 4212} | ret=SUCCESS |  
2019-08-23 02:48:38,518 | INFO  | DNAudit | user=null | ip=null | op=WRITE_CHUNK {blockData=conID: 3 locID: 102664012984681071 bcsId: 4212} | ret=SUCCESS |  
2019-08-23 02:48:38,527 | INFO  | DNAudit | user=null | ip=null | op=WRITE_CHUNK {blockData=conID: 3 locID: 102664012984681071 bcsId: 4206} | ret=SUCCESS |  
2019-08-23 02:48:38,527 | INFO  | DNAudit | user=null | ip=null | op=WRITE_CHUNK {blockData=conID: 3 locID: 102664012984681071 bcsId: 4206} | ret=SUCCESS |  
2019-08-23 02:48:38,528 | INFO  | DNAudit | user=null | ip=null | op=PUT_BLOCK {blockData=[blockId=conID: 3 locID: 102664012984681071 bcsId: 0,size=3145728]} | ret=SUCCESS |  
2019-08-23 02:48:38,528 | INFO  | DNAudit | user=null | ip=null | op=PUT_BLOCK {blockData=[blockId=conID: 3 locID: 102664012984681071 bcsId: 0,size=3145728]} | ret=SUCCESS |  
2019-08-23 02:48:38,528 | INFO  | DNAudit | user=null | ip=null | op=WRITE_CHUNK {blockData=conID: 3 locID: 102664012984681071 bcsId: 4212} | ret=SUCCESS |  
2019-08-23 02:48:38,529 | INFO  | DNAudit | user=null | ip=null | op=PUT_BLOCK {blockData=[blockId=conID: 3 locID: 102664012984681071 bcsId: 0,size=4194304]} | ret=SUCCESS |  
2019-08-23 02:48:38,529 [grpc-default-executor-6] INFO  client.GrpcClientProtocolClient (GrpcClientProtocolClient.java:onNext(255)) - client-B268B4322F32->17750241-545b-4219-93a1-14a6ea3d85be: receive RaftClientReply:client-B268B4322F32->17750241-545b-4219-93a1-14a6ea3d85be@group-C33FBD9556F2, cid=2802, SUCCESS, logIndex=4215, commits[17750241-545b-4219-93a1-14a6ea3d85be:c4216, 4eaaa090-573e-41d3-9f8c-c99e236d806a:c4212, 5f4cf9ee-4bed-49de-adaa-861aec894328:c4212]
2019-08-23 02:48:38,529 [grpc-default-executor-6] INFO  client.GrpcClientProtocolClient (GrpcClientProtocolClient.java:onNext(255)) - client-B268B4322F32->17750241-545b-4219-93a1-14a6ea3d85be: receive RaftClientReply:client-B268B4322F32->17750241-545b-4219-93a1-14a6ea3d85be@group-C33FBD9556F2, cid=2803, SUCCESS, logIndex=4216, commits[17750241-545b-4219-93a1-14a6ea3d85be:c4216, 4eaaa090-573e-41d3-9f8c-c99e236d806a:c4212, 5f4cf9ee-4bed-49de-adaa-861aec894328:c4212]
2019-08-23 02:48:38,540 | INFO  | DNAudit | user=null | ip=null | op=WRITE_CHUNK {blockData=conID: 3 locID: 102664012984681071 bcsId: 4212} | ret=SUCCESS |  
2019-08-23 02:48:38,540 | INFO  | DNAudit | user=null | ip=null | op=WRITE_CHUNK {blockData=conID: 3 locID: 102664012984681071 bcsId: 4212} | ret=SUCCESS |  
2019-08-23 02:48:38,543 | INFO  | DNAudit | user=null | ip=null | op=PUT_BLOCK {blockData=[blockId=conID: 3 locID: 102664012984681071 bcsId: 0,size=4194304]} | ret=SUCCESS |  
2019-08-23 02:48:38,543 | INFO  | DNAudit | user=null | ip=null | op=PUT_BLOCK {blockData=[blockId=conID: 3 locID: 102664012984681071 bcsId: 0,size=4194304]} | ret=SUCCESS |  
2019-08-23 02:48:38,544 [grpc-default-executor-6] INFO  client.GrpcClientProtocolClient (GrpcClientProtocolClient.java:onNext(255)) - client-B268B4322F32->17750241-545b-4219-93a1-14a6ea3d85be: receive RaftClientReply:client-B268B4322F32->17750241-545b-4219-93a1-14a6ea3d85be@group-C33FBD9556F2, cid=2804, SUCCESS, logIndex=0, commits[17750241-545b-4219-93a1-14a6ea3d85be:c4218, 4eaaa090-573e-41d3-9f8c-c99e236d806a:c4216, 5f4cf9ee-4bed-49de-adaa-861aec894328:c4216]
2019-08-23 02:48:38,545 | INFO  | SCMAudit | user=jenkins1000 | ip=192.168.34.22 | op=ALLOCATE_BLOCK {owner=31d65bc3-3f70-45f5-bbc5-e3a15f967ba6, size=4194304, type=RATIS, factor=THREE} | ret=SUCCESS |  
2019-08-23 02:48:38,550 | INFO  | OMAudit | user=jenkins1000 | ip=127.0.0.1 | op=ALLOCATE_BLOCK {volume=vol-0-78052, bucket=bucket-0-33874, key=key-0-20719, dataSize=2147483657, replicationType=RATIS, replicationFactor=THREE, keyLocationInfo=[], clientID=102664010308846034} | ret=SUCCESS |  
2019-08-23 02:48:38,560 | INFO  | DNAudit | user=null | ip=null | op=WRITE_CHUNK {blockData=conID: 1 locID: 102664012991365744 bcsId: 0} | ret=SUCCESS |  
2019-08-23 02:48:38,562 | INFO  | DNAudit | user=null | ip=null | op=WRITE_CHUNK {blockData=conID: 1 locID: 102664012991365744 bcsId: 0} | ret=SUCCESS |  
2019-08-23 02:48:38,563 | INFO  | DNAudit | user=null | ip=null | op=WRITE_CHUNK {blockData=conID: 1 locID: 102664012991365744 bcsId: 0} | ret=SUCCESS |  
2019-08-23 02:48:38,564 | INFO  | DNAudit | user=null | ip=null | op=WRITE_CHUNK {blockData=conID: 1 locID: 102664012991365744 bcsId: 0} | ret=SUCCESS |  
2019-08-23 02:48:38,566 | INFO  | DNAudit | user=null | ip=null | op=WRITE_CHUNK {blockData=conID: 1 locID: 102664012991365744 bcsId: 0} | ret=SUCCESS |  
2019-08-23 02:48:38,566 | INFO  | DNAudit | user=null | ip=null | op=WRITE_CHUNK {blockData=conID: 1 locID: 102664012991365744 bcsId: 0} | ret=SUCCESS |  
2019-08-23 02:48:38,573 | INFO  | DNAudit | user=null | ip=null | op=WRITE_CHUNK {blockData=conID: 1 locID: 102664012991365744 bcsId: 0} | ret=SUCCESS |  
2019-08-23 02:48:38,573 | INFO  | DNAudit | user=null | ip=null | op=PUT_BLOCK {blockData=[blockId=conID: 1 locID: 102664012991365744 bcsId: 0,size=1048576]} | ret=SUCCESS |  
2019-08-23 02:48:38,573 [grpc-default-executor-5] INFO  client.GrpcClientProtocolClient (GrpcClientProtocolClient.java:onNext(255)) - client-B268B4322F32->17750241-545b-4219-93a1-14a6ea3d85be: receive RaftClientReply:client-B268B4322F32->17750241-545b-4219-93a1-14a6ea3d85be@group-C33FBD9556F2, cid=2805, SUCCESS, logIndex=4219, commits[17750241-545b-4219-93a1-14a6ea3d85be:c4220, 4eaaa090-573e-41d3-9f8c-c99e236d806a:c4218, 5f4cf9ee-4bed-49de-adaa-861aec894328:c4218]
2019-08-23 02:48:38,574 | INFO  | DNAudit | user=null | ip=null | op=WRITE_CHUNK {blockData=conID: 1 locID: 102664012991365744 bcsId: 0} | ret=SUCCESS |  
2019-08-23 02:48:38,574 [grpc-default-executor-5] INFO  client.GrpcClientProtocolClient (GrpcClientProtocolClient.java:onNext(255)) - client-B268B4322F32->17750241-545b-4219-93a1-14a6ea3d85be: receive RaftClientReply:client-B268B4322F32->17750241-545b-4219-93a1-14a6ea3d85be@group-C33FBD9556F2, cid=2806, SUCCESS, logIndex=4220, commits[17750241-545b-4219-93a1-14a6ea3d85be:c4220, 4eaaa090-573e-41d3-9f8c-c99e236d806a:c4218, 5f4cf9ee-4bed-49de-adaa-861aec894328:c4218]
2019-08-23 02:48:38,574 | INFO  | DNAudit | user=null | ip=null | op=PUT_BLOCK {blockData=[blockId=conID: 1 locID: 102664012991365744 bcsId: 0,size=2097152]} | ret=SUCCESS |  
2019-08-23 02:48:38,574 [grpc-default-executor-5] INFO  client.GrpcClientProtocolClient (GrpcClientProtocolClient.java:onNext(255)) - client-B268B4322F32->17750241-545b-4219-93a1-14a6ea3d85be: receive RaftClientReply:client-B268B4322F32->17750241-545b-4219-93a1-14a6ea3d85be@group-C33FBD9556F2, cid=2807, SUCCESS, logIndex=4221, commits[17750241-545b-4219-93a1-14a6ea3d85be:c4222, 4eaaa090-573e-41d3-9f8c-c99e236d806a:c4218, 5f4cf9ee-4bed-49de-adaa-861aec894328:c4218]
2019-08-23 02:48:38,575 [grpc-default-executor-5] INFO  client.GrpcClientProtocolClient (GrpcClientProtocolClient.java:onNext(255)) - client-B268B4322F32->17750241-545b-4219-93a1-14a6ea3d85be: receive RaftClientReply:client-B268B4322F32->17750241-545b-4219-93a1-14a6ea3d85be@group-C33FBD9556F2, cid=2808, SUCCESS, logIndex=4222, commits[17750241-545b-4219-93a1-14a6ea3d85be:c4222, 4eaaa090-573e-41d3-9f8c-c99e236d806a:c4218, 5f4cf9ee-4bed-49de-adaa-861aec894328:c4218]
2019-08-23 02:48:38,587 | INFO  | DNAudit | user=null | ip=null | op=WRITE_CHUNK {blockData=conID: 1 locID: 102664012991365744 bcsId: 0} | ret=SUCCESS |  
2019-08-23 02:48:38,587 | INFO  | DNAudit | user=null | ip=null | op=PUT_BLOCK {blockData=[blockId=conID: 1 locID: 102664012991365744 bcsId: 0,size=1048576]} | ret=SUCCESS |  
2019-08-23 02:48:38,588 | INFO  | DNAudit | user=null | ip=null | op=WRITE_CHUNK {blockData=conID: 1 locID: 102664012991365744 bcsId: 0} | ret=SUCCESS |  
2019-08-23 02:48:38,588 | INFO  | DNAudit | user=null | ip=null | op=PUT_BLOCK {blockData=[blockId=conID: 1 locID: 102664012991365744 bcsId: 0,size=1048576]} | ret=SUCCESS |  
2019-08-23 02:48:38,588 | INFO  | DNAudit | user=null | ip=null | op=WRITE_CHUNK {blockData=conID: 1 locID: 102664012991365744 bcsId: 0} | ret=SUCCESS |  
2019-08-23 02:48:38,588 [grpc-default-executor-5] INFO  client.GrpcClientProtocolClient (GrpcClientProtocolClient.java:onNext(255)) - client-B268B4322F32->17750241-545b-4219-93a1-14a6ea3d85be: receive RaftClientReply:client-B268B4322F32->17750241-545b-4219-93a1-14a6ea3d85be@group-C33FBD9556F2, cid=2809, SUCCESS, logIndex=0, commits[17750241-545b-4219-93a1-14a6ea3d85be:c4224, 4eaaa090-573e-41d3-9f8c-c99e236d806a:c4220, 5f4cf9ee-4bed-49de-adaa-861aec894328:c4220]
2019-08-23 02:48:38,588 | INFO  | DNAudit | user=null | ip=null | op=PUT_BLOCK {blockData=[blockId=conID: 1 locID: 102664012991365744 bcsId: 0,size=2097152]} | ret=SUCCESS |  
2019-08-23 02:48:38,595 | INFO  | DNAudit | user=null | ip=null | op=WRITE_CHUNK {blockData=conID: 1 locID: 102664012991365744 bcsId: 4222} | ret=SUCCESS |  
2019-08-23 02:48:38,598 | INFO  | DNAudit | user=null | ip=null | op=WRITE_CHUNK {blockData=conID: 1 locID: 102664012991365744 bcsId: 4222} | ret=SUCCESS |  
2019-08-23 02:48:38,598 | INFO  | DNAudit | user=null | ip=null | op=WRITE_CHUNK {blockData=conID: 1 locID: 102664012991365744 bcsId: 4222} | ret=SUCCESS |  
2019-08-23 02:48:38,599 | INFO  | DNAudit | user=null | ip=null | op=WRITE_CHUNK {blockData=conID: 1 locID: 102664012991365744 bcsId: 0} | ret=SUCCESS |  
2019-08-23 02:48:38,599 | INFO  | DNAudit | user=null | ip=null | op=PUT_BLOCK {blockData=[blockId=conID: 1 locID: 102664012991365744 bcsId: 0,size=2097152]} | ret=SUCCESS |  
2019-08-23 02:48:38,602 | INFO  | DNAudit | user=null | ip=null | op=WRITE_CHUNK {blockData=conID: 1 locID: 102664012991365744 bcsId: 4222} | ret=SUCCESS |  
2019-08-23 02:48:38,602 | INFO  | DNAudit | user=null | ip=null | op=PUT_BLOCK {blockData=[blockId=conID: 1 locID: 102664012991365744 bcsId: 0,size=3145728]} | ret=SUCCESS |  
2019-08-23 02:48:38,602 [grpc-default-executor-2] INFO  client.GrpcClientProtocolClient (GrpcClientProtocolClient.java:onNext(255)) - client-B268B4322F32->17750241-545b-4219-93a1-14a6ea3d85be: receive RaftClientReply:client-B268B4322F32->17750241-545b-4219-93a1-14a6ea3d85be@group-C33FBD9556F2, cid=2810, SUCCESS, logIndex=4227, commits[17750241-545b-4219-93a1-14a6ea3d85be:c4228, 4eaaa090-573e-41d3-9f8c-c99e236d806a:c4226, 5f4cf9ee-4bed-49de-adaa-861aec894328:c4226]
2019-08-23 02:48:38,602 [grpc-default-executor-2] INFO  client.GrpcClientProtocolClient (GrpcClientProtocolClient.java:onNext(255)) - client-B268B4322F32->17750241-545b-4219-93a1-14a6ea3d85be: receive RaftClientReply:client-B268B4322F32->17750241-545b-4219-93a1-14a6ea3d85be@group-C33FBD9556F2, cid=2811, SUCCESS, logIndex=4228, commits[17750241-545b-4219-93a1-14a6ea3d85be:c4228, 4eaaa090-573e-41d3-9f8c-c99e236d806a:c4226, 5f4cf9ee-4bed-49de-adaa-861aec894328:c4226]
2019-08-23 02:48:38,610 | INFO  | DNAudit | user=null | ip=null | op=WRITE_CHUNK {blockData=conID: 1 locID: 102664012991365744 bcsId: 4228} | ret=SUCCESS |  
2019-08-23 02:48:38,612 | INFO  | DNAudit | user=null | ip=null | op=WRITE_CHUNK {blockData=conID: 1 locID: 102664012991365744 bcsId: 4228} | ret=SUCCESS |  
2019-08-23 02:48:38,612 | INFO  | DNAudit | user=null | ip=null | op=WRITE_CHUNK {blockData=conID: 1 locID: 102664012991365744 bcsId: 4228} | ret=SUCCESS |  
2019-08-23 02:48:38,613 | INFO  | DNAudit | user=null | ip=null | op=WRITE_CHUNK {blockData=conID: 1 locID: 102664012991365744 bcsId: 4222} | ret=SUCCESS |  
2019-08-23 02:48:38,613 | INFO  | DNAudit | user=null | ip=null | op=WRITE_CHUNK {blockData=conID: 1 locID: 102664012991365744 bcsId: 4222} | ret=SUCCESS |  
2019-08-23 02:48:38,615 | INFO  | DNAudit | user=null | ip=null | op=PUT_BLOCK {blockData=[blockId=conID: 1 locID: 102664012991365744 bcsId: 0,size=3145728]} | ret=SUCCESS |  
2019-08-23 02:48:38,616 | INFO  | DNAudit | user=null | ip=null | op=PUT_BLOCK {blockData=[blockId=conID: 1 locID: 102664012991365744 bcsId: 0,size=3145728]} | ret=SUCCESS |  
2019-08-23 02:48:38,616 | INFO  | DNAudit | user=null | ip=null | op=WRITE_CHUNK {blockData=conID: 1 locID: 102664012991365744 bcsId: 4228} | ret=SUCCESS |  
2019-08-23 02:48:38,616 | INFO  | DNAudit | user=null | ip=null | op=PUT_BLOCK {blockData=[blockId=conID: 1 locID: 102664012991365744 bcsId: 0,size=4194304]} | ret=SUCCESS |  
2019-08-23 02:48:38,617 [grpc-default-executor-5] INFO  client.GrpcClientProtocolClient (GrpcClientProtocolClient.java:onNext(255)) - client-B268B4322F32->17750241-545b-4219-93a1-14a6ea3d85be: receive RaftClientReply:client-B268B4322F32->17750241-545b-4219-93a1-14a6ea3d85be@group-C33FBD9556F2, cid=2812, SUCCESS, logIndex=4231, commits[17750241-545b-4219-93a1-14a6ea3d85be:c4231, 4eaaa090-573e-41d3-9f8c-c99e236d806a:c4228, 5f4cf9ee-4bed-49de-adaa-861aec894328:c4228]
2019-08-23 02:48:38,617 [grpc-default-executor-5] INFO  client.GrpcClientProtocolClient (GrpcClientProtocolClient.java:onNext(255)) - client-B268B4322F32->17750241-545b-4219-93a1-14a6ea3d85be: receive RaftClientReply:client-B268B4322F32->17750241-545b-4219-93a1-14a6ea3d85be@group-C33FBD9556F2, cid=2813, SUCCESS, logIndex=4232, commits[17750241-545b-4219-93a1-14a6ea3d85be:c4232, 4eaaa090-573e-41d3-9f8c-c99e236d806a:c4228, 5f4cf9ee-4bed-49de-adaa-861aec894328:c4228]
2019-08-23 02:48:38,629 | INFO  | DNAudit | user=null | ip=null | op=WRITE_CHUNK {blockData=conID: 1 locID: 102664012991365744 bcsId: 4228} | ret=SUCCESS |  
2019-08-23 02:48:38,629 | INFO  | DNAudit | user=null | ip=null | op=WRITE_CHUNK {blockData=conID: 1 locID: 102664012991365744 bcsId: 4228} | ret=SUCCESS |  
2019-08-23 02:48:38,640 | INFO  | DNAudit | user=null | ip=null | op=PUT_BLOCK {blockData=[blockId=conID: 1 locID: 102664012991365744 bcsId: 0,size=4194304]} | ret=SUCCESS |  
2019-08-23 02:48:38,640 | INFO  | DNAudit | user=null | ip=null | op=PUT_BLOCK {blockData=[blockId=conID: 1 locID: 102664012991365744 bcsId: 0,size=4194304]} | ret=SUCCESS |  
2019-08-23 02:48:38,641 [grpc-default-executor-5] INFO  client.GrpcClientProtocolClient (GrpcClientProtocolClient.java:onNext(255)) - client-B268B4322F32->17750241-545b-4219-93a1-14a6ea3d85be: receive RaftClientReply:client-B268B4322F32->17750241-545b-4219-93a1-14a6ea3d85be@group-C33FBD9556F2, cid=2814, SUCCESS, logIndex=0, commits[17750241-545b-4219-93a1-14a6ea3d85be:c4234, 4eaaa090-573e-41d3-9f8c-c99e236d806a:c4232, 5f4cf9ee-4bed-49de-adaa-861aec894328:c4232]
2019-08-23 02:48:38,643 | INFO  | SCMAudit | user=jenkins1000 | ip=192.168.34.22 | op=ALLOCATE_BLOCK {owner=31d65bc3-3f70-45f5-bbc5-e3a15f967ba6, size=4194304, type=RATIS, factor=THREE} | ret=SUCCESS |  
2019-08-23 02:48:38,648 | INFO  | OMAudit | user=jenkins1000 | ip=127.0.0.1 | op=ALLOCATE_BLOCK {volume=vol-0-78052, bucket=bucket-0-33874, key=key-0-20719, dataSize=2147483657, replicationType=RATIS, replicationFactor=THREE, keyLocationInfo=[], clientID=102664010308846034} | ret=SUCCESS |  
2019-08-23 02:48:38,661 | INFO  | DNAudit | user=null | ip=null | op=WRITE_CHUNK {blockData=conID: 2 locID: 102664012997788273 bcsId: 0} | ret=SUCCESS |  
2019-08-23 02:48:38,664 | INFO  | DNAudit | user=null | ip=null | op=WRITE_CHUNK {blockData=conID: 2 locID: 102664012997788273 bcsId: 0} | ret=SUCCESS |  
2019-08-23 02:48:38,664 | INFO  | DNAudit | user=null | ip=null | op=WRITE_CHUNK {blockData=conID: 2 locID: 102664012997788273 bcsId: 0} | ret=SUCCESS |  
2019-08-23 02:48:38,664 | INFO  | DNAudit | user=null | ip=null | op=WRITE_CHUNK {blockData=conID: 2 locID: 102664012997788273 bcsId: 0} | ret=SUCCESS |  
2019-08-23 02:48:38,666 | INFO  | DNAudit | user=null | ip=null | op=WRITE_CHUNK {blockData=conID: 2 locID: 102664012997788273 bcsId: 0} | ret=SUCCESS |  
2019-08-23 02:48:38,667 | INFO  | DNAudit | user=null | ip=null | op=WRITE_CHUNK {blockData=conID: 2 locID: 102664012997788273 bcsId: 0} | ret=SUCCESS |  
2019-08-23 02:48:38,673 | INFO  | DNAudit | user=null | ip=null | op=WRITE_CHUNK {blockData=conID: 2 locID: 102664012997788273 bcsId: 0} | ret=SUCCESS |  
2019-08-23 02:48:38,674 | INFO  | DNAudit | user=null | ip=null | op=PUT_BLOCK {blockData=[blockId=conID: 2 locID: 102664012997788273 bcsId: 0,size=1048576]} | ret=SUCCESS |  
2019-08-23 02:48:38,674 [grpc-default-executor-5] INFO  client.GrpcClientProtocolClient (GrpcClientProtocolClient.java:onNext(255)) - client-B268B4322F32->17750241-545b-4219-93a1-14a6ea3d85be: receive RaftClientReply:client-B268B4322F32->17750241-545b-4219-93a1-14a6ea3d85be@group-C33FBD9556F2, cid=2815, SUCCESS, logIndex=4235, commits[17750241-545b-4219-93a1-14a6ea3d85be:c4236, 4eaaa090-573e-41d3-9f8c-c99e236d806a:c4234, 5f4cf9ee-4bed-49de-adaa-861aec894328:c4234]
2019-08-23 02:48:38,674 | INFO  | DNAudit | user=null | ip=null | op=WRITE_CHUNK {blockData=conID: 2 locID: 102664012997788273 bcsId: 0} | ret=SUCCESS |  
2019-08-23 02:48:38,675 | INFO  | DNAudit | user=null | ip=null | op=PUT_BLOCK {blockData=[blockId=conID: 2 locID: 102664012997788273 bcsId: 0,size=2097152]} | ret=SUCCESS |  
2019-08-23 02:48:38,675 [grpc-default-executor-5] INFO  client.GrpcClientProtocolClient (GrpcClientProtocolClient.java:onNext(255)) - client-B268B4322F32->17750241-545b-4219-93a1-14a6ea3d85be: receive RaftClientReply:client-B268B4322F32->17750241-545b-4219-93a1-14a6ea3d85be@group-C33FBD9556F2, cid=2816, SUCCESS, logIndex=4236, commits[17750241-545b-4219-93a1-14a6ea3d85be:c4236, 4eaaa090-573e-41d3-9f8c-c99e236d806a:c4234, 5f4cf9ee-4bed-49de-adaa-861aec894328:c4234]
2019-08-23 02:48:38,675 [grpc-default-executor-5] INFO  client.GrpcClientProtocolClient (GrpcClientProtocolClient.java:onNext(255)) - client-B268B4322F32->17750241-545b-4219-93a1-14a6ea3d85be: receive RaftClientReply:client-B268B4322F32->17750241-545b-4219-93a1-14a6ea3d85be@group-C33FBD9556F2, cid=2817, SUCCESS, logIndex=4237, commits[17750241-545b-4219-93a1-14a6ea3d85be:c4238, 4eaaa090-573e-41d3-9f8c-c99e236d806a:c4234, 5f4cf9ee-4bed-49de-adaa-861aec894328:c4234]
2019-08-23 02:48:38,675 [grpc-default-executor-5] INFO  client.GrpcClientProtocolClient (GrpcClientProtocolClient.java:onNext(255)) - client-B268B4322F32->17750241-545b-4219-93a1-14a6ea3d85be: receive RaftClientReply:client-B268B4322F32->17750241-545b-4219-93a1-14a6ea3d85be@group-C33FBD9556F2, cid=2818, SUCCESS, logIndex=4238, commits[17750241-545b-4219-93a1-14a6ea3d85be:c4238, 4eaaa090-573e-41d3-9f8c-c99e236d806a:c4234, 5f4cf9ee-4bed-49de-adaa-861aec894328:c4234]
2019-08-23 02:48:38,687 | INFO  | DNAudit | user=null | ip=null | op=WRITE_CHUNK {blockData=conID: 2 locID: 102664012997788273 bcsId: 0} | ret=SUCCESS |  
2019-08-23 02:48:38,687 | INFO  | DNAudit | user=null | ip=null | op=PUT_BLOCK {blockData=[blockId=conID: 2 locID: 102664012997788273 bcsId: 0,size=1048576]} | ret=SUCCESS |  
2019-08-23 02:48:38,689 | INFO  | DNAudit | user=null | ip=null | op=WRITE_CHUNK {blockData=conID: 2 locID: 102664012997788273 bcsId: 0} | ret=SUCCESS |  
2019-08-23 02:48:38,689 | INFO  | DNAudit | user=null | ip=null | op=PUT_BLOCK {blockData=[blockId=conID: 2 locID: 102664012997788273 bcsId: 0,size=1048576]} | ret=SUCCESS |  
2019-08-23 02:48:38,690 | INFO  | DNAudit | user=null | ip=null | op=WRITE_CHUNK {blockData=conID: 2 locID: 102664012997788273 bcsId: 0} | ret=SUCCESS |  
2019-08-23 02:48:38,690 | INFO  | DNAudit | user=null | ip=null | op=PUT_BLOCK {blockData=[blockId=conID: 2 locID: 102664012997788273 bcsId: 0,size=2097152]} | ret=SUCCESS |  
2019-08-23 02:48:38,690 [grpc-default-executor-5] INFO  client.GrpcClientProtocolClient (GrpcClientProtocolClient.java:onNext(255)) - client-B268B4322F32->17750241-545b-4219-93a1-14a6ea3d85be: receive RaftClientReply:client-B268B4322F32->17750241-545b-4219-93a1-14a6ea3d85be@group-C33FBD9556F2, cid=2819, SUCCESS, logIndex=0, commits[17750241-545b-4219-93a1-14a6ea3d85be:c4240, 4eaaa090-573e-41d3-9f8c-c99e236d806a:c4236, 5f4cf9ee-4bed-49de-adaa-861aec894328:c4236]
2019-08-23 02:48:38,698 | INFO  | DNAudit | user=null | ip=null | op=WRITE_CHUNK {blockData=conID: 2 locID: 102664012997788273 bcsId: 4238} | ret=SUCCESS |  
2019-08-23 02:48:38,700 | INFO  | DNAudit | user=null | ip=null | op=WRITE_CHUNK {blockData=conID: 2 locID: 102664012997788273 bcsId: 4238} | ret=SUCCESS |  
2019-08-23 02:48:38,700 | INFO  | DNAudit | user=null | ip=null | op=WRITE_CHUNK {blockData=conID: 2 locID: 102664012997788273 bcsId: 0} | ret=SUCCESS |  
2019-08-23 02:48:38,700 | INFO  | DNAudit | user=null | ip=null | op=PUT_BLOCK {blockData=[blockId=conID: 2 locID: 102664012997788273 bcsId: 0,size=2097152]} | ret=SUCCESS |  
2019-08-23 02:48:38,700 | INFO  | DNAudit | user=null | ip=null | op=WRITE_CHUNK {blockData=conID: 2 locID: 102664012997788273 bcsId: 4238} | ret=SUCCESS |  
2019-08-23 02:48:38,702 | INFO  | DNAudit | user=null | ip=null | op=WRITE_CHUNK {blockData=conID: 2 locID: 102664012997788273 bcsId: 4238} | ret=SUCCESS |  
2019-08-23 02:48:38,702 | INFO  | DNAudit | user=null | ip=null | op=PUT_BLOCK {blockData=[blockId=conID: 2 locID: 102664012997788273 bcsId: 0,size=3145728]} | ret=SUCCESS |  
2019-08-23 02:48:38,702 [grpc-default-executor-2] INFO  client.GrpcClientProtocolClient (GrpcClientProtocolClient.java:onNext(255)) - client-B268B4322F32->17750241-545b-4219-93a1-14a6ea3d85be: receive RaftClientReply:client-B268B4322F32->17750241-545b-4219-93a1-14a6ea3d85be@group-C33FBD9556F2, cid=2820, SUCCESS, logIndex=4243, commits[17750241-545b-4219-93a1-14a6ea3d85be:c4244, 4eaaa090-573e-41d3-9f8c-c99e236d806a:c4242, 5f4cf9ee-4bed-49de-adaa-861aec894328:c4242]
2019-08-23 02:48:38,703 [grpc-default-executor-2] INFO  client.GrpcClientProtocolClient (GrpcClientProtocolClient.java:onNext(255)) - client-B268B4322F32->17750241-545b-4219-93a1-14a6ea3d85be: receive RaftClientReply:client-B268B4322F32->17750241-545b-4219-93a1-14a6ea3d85be@group-C33FBD9556F2, cid=2821, SUCCESS, logIndex=4244, commits[17750241-545b-4219-93a1-14a6ea3d85be:c4244, 4eaaa090-573e-41d3-9f8c-c99e236d806a:c4242, 5f4cf9ee-4bed-49de-adaa-861aec894328:c4242]
2019-08-23 02:48:38,704 | INFO  | DNAudit | user=null | ip=null | op=WRITE_CHUNK {blockData=conID: 2 locID: 102664012997788273 bcsId: 4238} | ret=SUCCESS |  
2019-08-23 02:48:38,705 | INFO  | DNAudit | user=null | ip=null | op=WRITE_CHUNK {blockData=conID: 2 locID: 102664012997788273 bcsId: 4238} | ret=SUCCESS |  
2019-08-23 02:48:38,705 | INFO  | DNAudit | user=null | ip=null | op=PUT_BLOCK {blockData=[blockId=conID: 2 locID: 102664012997788273 bcsId: 0,size=3145728]} | ret=SUCCESS |  
2019-08-23 02:48:38,705 | INFO  | DNAudit | user=null | ip=null | op=PUT_BLOCK {blockData=[blockId=conID: 2 locID: 102664012997788273 bcsId: 0,size=3145728]} | ret=SUCCESS |  
2019-08-23 02:48:38,710 | INFO  | DNAudit | user=null | ip=null | op=WRITE_CHUNK {blockData=conID: 2 locID: 102664012997788273 bcsId: 4244} | ret=SUCCESS |  
2019-08-23 02:48:38,712 | INFO  | DNAudit | user=null | ip=null | op=WRITE_CHUNK {blockData=conID: 2 locID: 102664012997788273 bcsId: 4244} | ret=SUCCESS |  
2019-08-23 02:48:38,713 | INFO  | DNAudit | user=null | ip=null | op=WRITE_CHUNK {blockData=conID: 2 locID: 102664012997788273 bcsId: 4244} | ret=SUCCESS |  
2019-08-23 02:48:38,721 | INFO  | DNAudit | user=null | ip=null | op=WRITE_CHUNK {blockData=conID: 2 locID: 102664012997788273 bcsId: 4244} | ret=SUCCESS |  
2019-08-23 02:48:38,721 | INFO  | DNAudit | user=null | ip=null | op=PUT_BLOCK {blockData=[blockId=conID: 2 locID: 102664012997788273 bcsId: 0,size=4194304]} | ret=SUCCESS |  
2019-08-23 02:48:38,721 [grpc-default-executor-6] INFO  client.GrpcClientProtocolClient (GrpcClientProtocolClient.java:onNext(255)) - client-B268B4322F32->17750241-545b-4219-93a1-14a6ea3d85be: receive RaftClientReply:client-B268B4322F32->17750241-545b-4219-93a1-14a6ea3d85be@group-C33FBD9556F2, cid=2822, SUCCESS, logIndex=4247, commits[17750241-545b-4219-93a1-14a6ea3d85be:c4248, 4eaaa090-573e-41d3-9f8c-c99e236d806a:c4245, 5f4cf9ee-4bed-49de-adaa-861aec894328:c4245]
2019-08-23 02:48:38,722 [grpc-default-executor-6] INFO  client.GrpcClientProtocolClient (GrpcClientProtocolClient.java:onNext(255)) - client-B268B4322F32->17750241-545b-4219-93a1-14a6ea3d85be: receive RaftClientReply:client-B268B4322F32->17750241-545b-4219-93a1-14a6ea3d85be@group-C33FBD9556F2, cid=2823, SUCCESS, logIndex=4248, commits[17750241-545b-4219-93a1-14a6ea3d85be:c4248, 4eaaa090-573e-41d3-9f8c-c99e236d806a:c4245, 5f4cf9ee-4bed-49de-adaa-861aec894328:c4245]
2019-08-23 02:48:38,732 | INFO  | DNAudit | user=null | ip=null | op=WRITE_CHUNK {blockData=conID: 2 locID: 102664012997788273 bcsId: 4244} | ret=SUCCESS |  
2019-08-23 02:48:38,733 | INFO  | DNAudit | user=null | ip=null | op=WRITE_CHUNK {blockData=conID: 2 locID: 102664012997788273 bcsId: 4244} | ret=SUCCESS |  
2019-08-23 02:48:38,735 | INFO  | DNAudit | user=null | ip=null | op=PUT_BLOCK {blockData=[blockId=conID: 2 locID: 102664012997788273 bcsId: 0,size=4194304]} | ret=SUCCESS |  
2019-08-23 02:48:38,736 | INFO  | DNAudit | user=null | ip=null | op=PUT_BLOCK {blockData=[blockId=conID: 2 locID: 102664012997788273 bcsId: 0,size=4194304]} | ret=SUCCESS |  
2019-08-23 02:48:38,736 [grpc-default-executor-6] INFO  client.GrpcClientProtocolClient (GrpcClientProtocolClient.java:onNext(255)) - client-B268B4322F32->17750241-545b-4219-93a1-14a6ea3d85be: receive RaftClientReply:client-B268B4322F32->17750241-545b-4219-93a1-14a6ea3d85be@group-C33FBD9556F2, cid=2824, SUCCESS, logIndex=0, commits[17750241-545b-4219-93a1-14a6ea3d85be:c4249, 4eaaa090-573e-41d3-9f8c-c99e236d806a:c4248, 5f4cf9ee-4bed-49de-adaa-861aec894328:c4248]
2019-08-23 02:48:38,738 | INFO  | SCMAudit | user=jenkins1000 | ip=192.168.34.22 | op=ALLOCATE_BLOCK {owner=31d65bc3-3f70-45f5-bbc5-e3a15f967ba6, size=4194304, type=RATIS, factor=THREE} | ret=SUCCESS |  
2019-08-23 02:48:38,744 | INFO  | OMAudit | user=jenkins1000 | ip=127.0.0.1 | op=ALLOCATE_BLOCK {volume=vol-0-78052, bucket=bucket-0-33874, key=key-0-20719, dataSize=2147483657, replicationType=RATIS, replicationFactor=THREE, keyLocationInfo=[], clientID=102664010308846034} | ret=SUCCESS |  
2019-08-23 02:48:38,757 | INFO  | DNAudit | user=null | ip=null | op=WRITE_CHUNK {blockData=conID: 3 locID: 102664013004014194 bcsId: 0} | ret=SUCCESS |  
2019-08-23 02:48:38,760 | INFO  | DNAudit | user=null | ip=null | op=WRITE_CHUNK {blockData=conID: 3 locID: 102664013004014194 bcsId: 0} | ret=SUCCESS |  
2019-08-23 02:48:38,761 | INFO  | DNAudit | user=null | ip=null | op=WRITE_CHUNK {blockData=conID: 3 locID: 102664013004014194 bcsId: 0} | ret=SUCCESS |  
2019-08-23 02:48:38,761 | INFO  | DNAudit | user=null | ip=null | op=WRITE_CHUNK {blockData=conID: 3 locID: 102664013004014194 bcsId: 0} | ret=SUCCESS |  
2019-08-23 02:48:38,764 | INFO  | DNAudit | user=null | ip=null | op=WRITE_CHUNK {blockData=conID: 3 locID: 102664013004014194 bcsId: 0} | ret=SUCCESS |  
2019-08-23 02:48:38,764 | INFO  | DNAudit | user=null | ip=null | op=WRITE_CHUNK {blockData=conID: 3 locID: 102664013004014194 bcsId: 0} | ret=SUCCESS |  
2019-08-23 02:48:38,799 | INFO  | DNAudit | user=null | ip=null | op=WRITE_CHUNK {blockData=conID: 3 locID: 102664013004014194 bcsId: 0} | ret=SUCCESS |  
2019-08-23 02:48:38,800 | INFO  | DNAudit | user=null | ip=null | op=PUT_BLOCK {blockData=[blockId=conID: 3 locID: 102664013004014194 bcsId: 0,size=1048576]} | ret=SUCCESS |  
2019-08-23 02:48:38,800 [grpc-default-executor-2] INFO  client.GrpcClientProtocolClient (GrpcClientProtocolClient.java:onNext(255)) - client-B268B4322F32->17750241-545b-4219-93a1-14a6ea3d85be: receive RaftClientReply:client-B268B4322F32->17750241-545b-4219-93a1-14a6ea3d85be@group-C33FBD9556F2, cid=2825, SUCCESS, logIndex=4251, commits[17750241-545b-4219-93a1-14a6ea3d85be:c4252, 4eaaa090-573e-41d3-9f8c-c99e236d806a:c4248, 5f4cf9ee-4bed-49de-adaa-861aec894328:c4250]
2019-08-23 02:48:38,801 [grpc-default-executor-5] INFO  client.GrpcClientProtocolClient (GrpcClientProtocolClient.java:onNext(255)) - client-B268B4322F32->17750241-545b-4219-93a1-14a6ea3d85be: receive RaftClientReply:client-B268B4322F32->17750241-545b-4219-93a1-14a6ea3d85be@group-C33FBD9556F2, cid=2826, SUCCESS, logIndex=4252, commits[17750241-545b-4219-93a1-14a6ea3d85be:c4252, 4eaaa090-573e-41d3-9f8c-c99e236d806a:c4248, 5f4cf9ee-4bed-49de-adaa-861aec894328:c4250]
2019-08-23 02:48:38,812 | INFO  | DNAudit | user=null | ip=null | op=WRITE_CHUNK {blockData=conID: 3 locID: 102664013004014194 bcsId: 0} | ret=SUCCESS |  
2019-08-23 02:48:38,813 | INFO  | DNAudit | user=null | ip=null | op=WRITE_CHUNK {blockData=conID: 3 locID: 102664013004014194 bcsId: 0} | ret=SUCCESS |  
2019-08-23 02:48:38,813 | INFO  | DNAudit | user=null | ip=null | op=WRITE_CHUNK {blockData=conID: 3 locID: 102664013004014194 bcsId: 0} | ret=SUCCESS |  
2019-08-23 02:48:38,813 | INFO  | DNAudit | user=null | ip=null | op=PUT_BLOCK {blockData=[blockId=conID: 3 locID: 102664013004014194 bcsId: 0,size=2097152]} | ret=SUCCESS |  
2019-08-23 02:48:38,813 | INFO  | DNAudit | user=null | ip=null | op=PUT_BLOCK {blockData=[blockId=conID: 3 locID: 102664013004014194 bcsId: 0,size=1048576]} | ret=SUCCESS |  
2019-08-23 02:48:38,813 | INFO  | DNAudit | user=null | ip=null | op=PUT_BLOCK {blockData=[blockId=conID: 3 locID: 102664013004014194 bcsId: 0,size=1048576]} | ret=SUCCESS |  
2019-08-23 02:48:38,813 [grpc-default-executor-2] INFO  client.GrpcClientProtocolClient (GrpcClientProtocolClient.java:onNext(255)) - client-B268B4322F32->17750241-545b-4219-93a1-14a6ea3d85be: receive RaftClientReply:client-B268B4322F32->17750241-545b-4219-93a1-14a6ea3d85be@group-C33FBD9556F2, cid=2827, SUCCESS, logIndex=4253, commits[17750241-545b-4219-93a1-14a6ea3d85be:c4254, 4eaaa090-573e-41d3-9f8c-c99e236d806a:c4250, 5f4cf9ee-4bed-49de-adaa-861aec894328:c4250]
2019-08-23 02:48:38,814 [grpc-default-executor-2] INFO  client.GrpcClientProtocolClient (GrpcClientProtocolClient.java:onNext(255)) - client-B268B4322F32->17750241-545b-4219-93a1-14a6ea3d85be: receive RaftClientReply:client-B268B4322F32->17750241-545b-4219-93a1-14a6ea3d85be@group-C33FBD9556F2, cid=2828, SUCCESS, logIndex=4254, commits[17750241-545b-4219-93a1-14a6ea3d85be:c4256, 4eaaa090-573e-41d3-9f8c-c99e236d806a:c4252, 5f4cf9ee-4bed-49de-adaa-861aec894328:c4252]
2019-08-23 02:48:38,823 | INFO  | DNAudit | user=null | ip=null | op=WRITE_CHUNK {blockData=conID: 3 locID: 102664013004014194 bcsId: 4254} | ret=SUCCESS |  
2019-08-23 02:48:38,825 | INFO  | DNAudit | user=null | ip=null | op=WRITE_CHUNK {blockData=conID: 3 locID: 102664013004014194 bcsId: 0} | ret=SUCCESS |  
2019-08-23 02:48:38,825 | INFO  | DNAudit | user=null | ip=null | op=WRITE_CHUNK {blockData=conID: 3 locID: 102664013004014194 bcsId: 4254} | ret=SUCCESS |  
2019-08-23 02:48:38,826 | INFO  | DNAudit | user=null | ip=null | op=WRITE_CHUNK {blockData=conID: 3 locID: 102664013004014194 bcsId: 4254} | ret=SUCCESS |  
2019-08-23 02:48:38,826 | INFO  | DNAudit | user=null | ip=null | op=PUT_BLOCK {blockData=[blockId=conID: 3 locID: 102664013004014194 bcsId: 0,size=2097152]} | ret=SUCCESS |  
2019-08-23 02:48:38,827 | INFO  | DNAudit | user=null | ip=null | op=WRITE_CHUNK {blockData=conID: 3 locID: 102664013004014194 bcsId: 0} | ret=SUCCESS |  
2019-08-23 02:48:38,827 | INFO  | DNAudit | user=null | ip=null | op=PUT_BLOCK {blockData=[blockId=conID: 3 locID: 102664013004014194 bcsId: 0,size=2097152]} | ret=SUCCESS |  
2019-08-23 02:48:38,840 | INFO  | DNAudit | user=null | ip=null | op=WRITE_CHUNK {blockData=conID: 3 locID: 102664013004014194 bcsId: 4254} | ret=SUCCESS |  
2019-08-23 02:48:38,840 | INFO  | DNAudit | user=null | ip=null | op=PUT_BLOCK {blockData=[blockId=conID: 3 locID: 102664013004014194 bcsId: 0,size=3145728]} | ret=SUCCESS |  
2019-08-23 02:48:38,840 [grpc-default-executor-6] INFO  client.GrpcClientProtocolClient (GrpcClientProtocolClient.java:onNext(255)) - client-B268B4322F32->17750241-545b-4219-93a1-14a6ea3d85be: receive RaftClientReply:client-B268B4322F32->17750241-545b-4219-93a1-14a6ea3d85be@group-C33FBD9556F2, cid=2829, SUCCESS, logIndex=4259, commits[17750241-545b-4219-93a1-14a6ea3d85be:c4260, 4eaaa090-573e-41d3-9f8c-c99e236d806a:c4256, 5f4cf9ee-4bed-49de-adaa-861aec894328:c4254]
2019-08-23 02:48:38,841 [grpc-default-executor-6] INFO  client.GrpcClientProtocolClient (GrpcClientProtocolClient.java:onNext(255)) - client-B268B4322F32->17750241-545b-4219-93a1-14a6ea3d85be: receive RaftClientReply:client-B268B4322F32->17750241-545b-4219-93a1-14a6ea3d85be@group-C33FBD9556F2, cid=2830, SUCCESS, logIndex=4260, commits[17750241-545b-4219-93a1-14a6ea3d85be:c4260, 4eaaa090-573e-41d3-9f8c-c99e236d806a:c4256, 5f4cf9ee-4bed-49de-adaa-861aec894328:c4256]
2019-08-23 02:48:38,849 | INFO  | DNAudit | user=null | ip=null | op=WRITE_CHUNK {blockData=conID: 3 locID: 102664013004014194 bcsId: 4260} | ret=SUCCESS |  
2019-08-23 02:48:38,853 | INFO  | DNAudit | user=null | ip=null | op=WRITE_CHUNK {blockData=conID: 3 locID: 102664013004014194 bcsId: 4260} | ret=SUCCESS |  
2019-08-23 02:48:38,853 | INFO  | DNAudit | user=null | ip=null | op=WRITE_CHUNK {blockData=conID: 3 locID: 102664013004014194 bcsId: 4260} | ret=SUCCESS |  
2019-08-23 02:48:38,853 | INFO  | DNAudit | user=null | ip=null | op=WRITE_CHUNK {blockData=conID: 3 locID: 102664013004014194 bcsId: 4254} | ret=SUCCESS |  
2019-08-23 02:48:38,854 | INFO  | DNAudit | user=null | ip=null | op=WRITE_CHUNK {blockData=conID: 3 locID: 102664013004014194 bcsId: 4254} | ret=SUCCESS |  
2019-08-23 02:48:38,854 | INFO  | DNAudit | user=null | ip=null | op=PUT_BLOCK {blockData=[blockId=conID: 3 locID: 102664013004014194 bcsId: 0,size=3145728]} | ret=SUCCESS |  
2019-08-23 02:48:38,854 | INFO  | DNAudit | user=null | ip=null | op=PUT_BLOCK {blockData=[blockId=conID: 3 locID: 102664013004014194 bcsId: 0,size=3145728]} | ret=SUCCESS |  
2019-08-23 02:48:38,867 | INFO  | DNAudit | user=null | ip=null | op=WRITE_CHUNK {blockData=conID: 3 locID: 102664013004014194 bcsId: 4260} | ret=SUCCESS |  
2019-08-23 02:48:38,867 | INFO  | DNAudit | user=null | ip=null | op=PUT_BLOCK {blockData=[blockId=conID: 3 locID: 102664013004014194 bcsId: 0,size=4194304]} | ret=SUCCESS |  
2019-08-23 02:48:38,867 [grpc-default-executor-5] INFO  client.GrpcClientProtocolClient (GrpcClientProtocolClient.java:onNext(255)) - client-B268B4322F32->17750241-545b-4219-93a1-14a6ea3d85be: receive RaftClientReply:client-B268B4322F32->17750241-545b-4219-93a1-14a6ea3d85be@group-C33FBD9556F2, cid=2831, SUCCESS, logIndex=4262, commits[17750241-545b-4219-93a1-14a6ea3d85be:c4263, 4eaaa090-573e-41d3-9f8c-c99e236d806a:c4260, 5f4cf9ee-4bed-49de-adaa-861aec894328:c4260]
2019-08-23 02:48:38,868 [grpc-default-executor-5] INFO  client.GrpcClientProtocolClient (GrpcClientProtocolClient.java:onNext(255)) - client-B268B4322F32->17750241-545b-4219-93a1-14a6ea3d85be: receive RaftClientReply:client-B268B4322F32->17750241-545b-4219-93a1-14a6ea3d85be@group-C33FBD9556F2, cid=2832, SUCCESS, logIndex=4263, commits[17750241-545b-4219-93a1-14a6ea3d85be:c4263, 4eaaa090-573e-41d3-9f8c-c99e236d806a:c4260, 5f4cf9ee-4bed-49de-adaa-861aec894328:c4260]
2019-08-23 02:48:38,894 | INFO  | DNAudit | user=null | ip=null | op=WRITE_CHUNK {blockData=conID: 3 locID: 102664013004014194 bcsId: 4260} | ret=SUCCESS |  
2019-08-23 02:48:38,894 | INFO  | DNAudit | user=null | ip=null | op=WRITE_CHUNK {blockData=conID: 3 locID: 102664013004014194 bcsId: 4260} | ret=SUCCESS |  
2019-08-23 02:48:38,897 | INFO  | DNAudit | user=null | ip=null | op=PUT_BLOCK {blockData=[blockId=conID: 3 locID: 102664013004014194 bcsId: 0,size=4194304]} | ret=SUCCESS |  
2019-08-23 02:48:38,897 | INFO  | DNAudit | user=null | ip=null | op=PUT_BLOCK {blockData=[blockId=conID: 3 locID: 102664013004014194 bcsId: 0,size=4194304]} | ret=SUCCESS |  
2019-08-23 02:48:38,898 [grpc-default-executor-5] INFO  client.GrpcClientProtocolClient (GrpcClientProtocolClient.java:onNext(255)) - client-B268B4322F32->17750241-545b-4219-93a1-14a6ea3d85be: receive RaftClientReply:client-B268B4322F32->17750241-545b-4219-93a1-14a6ea3d85be@group-C33FBD9556F2, cid=2833, SUCCESS, logIndex=0, commits[17750241-545b-4219-93a1-14a6ea3d85be:c4265, 4eaaa090-573e-41d3-9f8c-c99e236d806a:c4263, 5f4cf9ee-4bed-49de-adaa-861aec894328:c4263]
2019-08-23 02:48:38,900 | INFO  | SCMAudit | user=jenkins1000 | ip=192.168.34.22 | op=ALLOCATE_BLOCK {owner=31d65bc3-3f70-45f5-bbc5-e3a15f967ba6, size=4194304, type=RATIS, factor=THREE} | ret=SUCCESS |  
2019-08-23 02:48:38,906 | INFO  | OMAudit | user=jenkins1000 | ip=127.0.0.1 | op=ALLOCATE_BLOCK {volume=vol-0-78052, bucket=bucket-0-33874, key=key-0-20719, dataSize=2147483657, replicationType=RATIS, replicationFactor=THREE, keyLocationInfo=[], clientID=102664010308846034} | ret=SUCCESS |  
2019-08-23 02:48:38,920 | INFO  | DNAudit | user=null | ip=null | op=WRITE_CHUNK {blockData=conID: 1 locID: 102664013014631027 bcsId: 0} | ret=SUCCESS |  
2019-08-23 02:48:38,923 | INFO  | DNAudit | user=null | ip=null | op=WRITE_CHUNK {blockData=conID: 1 locID: 102664013014631027 bcsId: 0} | ret=SUCCESS |  
2019-08-23 02:48:38,925 | INFO  | DNAudit | user=null | ip=null | op=WRITE_CHUNK {blockData=conID: 1 locID: 102664013014631027 bcsId: 0} | ret=SUCCESS |  
2019-08-23 02:48:38,925 | INFO  | DNAudit | user=null | ip=null | op=WRITE_CHUNK {blockData=conID: 1 locID: 102664013014631027 bcsId: 0} | ret=SUCCESS |  
2019-08-23 02:48:38,927 | INFO  | DNAudit | user=null | ip=null | op=WRITE_CHUNK {blockData=conID: 1 locID: 102664013014631027 bcsId: 0} | ret=SUCCESS |  
2019-08-23 02:48:38,927 | INFO  | DNAudit | user=null | ip=null | op=WRITE_CHUNK {blockData=conID: 1 locID: 102664013014631027 bcsId: 0} | ret=SUCCESS |  
2019-08-23 02:48:38,935 | INFO  | DNAudit | user=null | ip=null | op=WRITE_CHUNK {blockData=conID: 1 locID: 102664013014631027 bcsId: 0} | ret=SUCCESS |  
2019-08-23 02:48:38,936 | INFO  | DNAudit | user=null | ip=null | op=PUT_BLOCK {blockData=[blockId=conID: 1 locID: 102664013014631027 bcsId: 0,size=1048576]} | ret=SUCCESS |  
2019-08-23 02:48:38,936 [grpc-default-executor-6] INFO  client.GrpcClientProtocolClient (GrpcClientProtocolClient.java:onNext(255)) - client-B268B4322F32->17750241-545b-4219-93a1-14a6ea3d85be: receive RaftClientReply:client-B268B4322F32->17750241-545b-4219-93a1-14a6ea3d85be@group-C33FBD9556F2, cid=2834, SUCCESS, logIndex=4266, commits[17750241-545b-4219-93a1-14a6ea3d85be:c4267, 4eaaa090-573e-41d3-9f8c-c99e236d806a:c4265, 5f4cf9ee-4bed-49de-adaa-861aec894328:c4265]
2019-08-23 02:48:38,937 | INFO  | DNAudit | user=null | ip=null | op=WRITE_CHUNK {blockData=conID: 1 locID: 102664013014631027 bcsId: 0} | ret=SUCCESS |  
2019-08-23 02:48:38,937 [grpc-default-executor-6] INFO  client.GrpcClientProtocolClient (GrpcClientProtocolClient.java:onNext(255)) - client-B268B4322F32->17750241-545b-4219-93a1-14a6ea3d85be: receive RaftClientReply:client-B268B4322F32->17750241-545b-4219-93a1-14a6ea3d85be@group-C33FBD9556F2, cid=2835, SUCCESS, logIndex=4267, commits[17750241-545b-4219-93a1-14a6ea3d85be:c4269, 4eaaa090-573e-41d3-9f8c-c99e236d806a:c4265, 5f4cf9ee-4bed-49de-adaa-861aec894328:c4265]
2019-08-23 02:48:38,937 | INFO  | DNAudit | user=null | ip=null | op=PUT_BLOCK {blockData=[blockId=conID: 1 locID: 102664013014631027 bcsId: 0,size=2097152]} | ret=SUCCESS |  
2019-08-23 02:48:38,937 [grpc-default-executor-6] INFO  client.GrpcClientProtocolClient (GrpcClientProtocolClient.java:onNext(255)) - client-B268B4322F32->17750241-545b-4219-93a1-14a6ea3d85be: receive RaftClientReply:client-B268B4322F32->17750241-545b-4219-93a1-14a6ea3d85be@group-C33FBD9556F2, cid=2836, SUCCESS, logIndex=4268, commits[17750241-545b-4219-93a1-14a6ea3d85be:c4269, 4eaaa090-573e-41d3-9f8c-c99e236d806a:c4265, 5f4cf9ee-4bed-49de-adaa-861aec894328:c4265]
2019-08-23 02:48:38,938 [grpc-default-executor-6] INFO  client.GrpcClientProtocolClient (GrpcClientProtocolClient.java:onNext(255)) - client-B268B4322F32->17750241-545b-4219-93a1-14a6ea3d85be: receive RaftClientReply:client-B268B4322F32->17750241-545b-4219-93a1-14a6ea3d85be@group-C33FBD9556F2, cid=2837, SUCCESS, logIndex=4269, commits[17750241-545b-4219-93a1-14a6ea3d85be:c4269, 4eaaa090-573e-41d3-9f8c-c99e236d806a:c4265, 5f4cf9ee-4bed-49de-adaa-861aec894328:c4265]
2019-08-23 02:48:38,949 | INFO  | DNAudit | user=null | ip=null | op=WRITE_CHUNK {blockData=conID: 1 locID: 102664013014631027 bcsId: 0} | ret=SUCCESS |  
2019-08-23 02:48:38,960 | INFO  | DNAudit | user=null | ip=null | op=WRITE_CHUNK {blockData=conID: 1 locID: 102664013014631027 bcsId: 0} | ret=SUCCESS |  
2019-08-23 02:48:38,960 | INFO  | DNAudit | user=null | ip=null | op=PUT_BLOCK {blockData=[blockId=conID: 1 locID: 102664013014631027 bcsId: 0,size=1048576]} | ret=SUCCESS |  
2019-08-23 02:48:38,961 | INFO  | DNAudit | user=null | ip=null | op=PUT_BLOCK {blockData=[blockId=conID: 1 locID: 102664013014631027 bcsId: 0,size=1048576]} | ret=SUCCESS |  
2019-08-23 02:48:38,961 | INFO  | DNAudit | user=null | ip=null | op=WRITE_CHUNK {blockData=conID: 1 locID: 102664013014631027 bcsId: 0} | ret=SUCCESS |  
2019-08-23 02:48:38,961 | INFO  | DNAudit | user=null | ip=null | op=PUT_BLOCK {blockData=[blockId=conID: 1 locID: 102664013014631027 bcsId: 0,size=2097152]} | ret=SUCCESS |  
2019-08-23 02:48:38,961 | INFO  | DNAudit | user=null | ip=null | op=WRITE_CHUNK {blockData=conID: 1 locID: 102664013014631027 bcsId: 0} | ret=SUCCESS |  
2019-08-23 02:48:38,961 | INFO  | DNAudit | user=null | ip=null | op=PUT_BLOCK {blockData=[blockId=conID: 1 locID: 102664013014631027 bcsId: 0,size=2097152]} | ret=SUCCESS |  
2019-08-23 02:48:38,962 [grpc-default-executor-6] INFO  client.GrpcClientProtocolClient (GrpcClientProtocolClient.java:onNext(255)) - client-B268B4322F32->17750241-545b-4219-93a1-14a6ea3d85be: receive RaftClientReply:client-B268B4322F32->17750241-545b-4219-93a1-14a6ea3d85be@group-C33FBD9556F2, cid=2838, SUCCESS, logIndex=0, commits[17750241-545b-4219-93a1-14a6ea3d85be:c4272, 4eaaa090-573e-41d3-9f8c-c99e236d806a:c4267, 5f4cf9ee-4bed-49de-adaa-861aec894328:c4269]
2019-08-23 02:48:38,970 | INFO  | DNAudit | user=null | ip=null | op=WRITE_CHUNK {blockData=conID: 1 locID: 102664013014631027 bcsId: 4269} | ret=SUCCESS |  
2019-08-23 02:48:38,971 | INFO  | DNAudit | user=null | ip=null | op=WRITE_CHUNK {blockData=conID: 1 locID: 102664013014631027 bcsId: 4269} | ret=SUCCESS |  
2019-08-23 02:48:38,972 | INFO  | DNAudit | user=null | ip=null | op=WRITE_CHUNK {blockData=conID: 1 locID: 102664013014631027 bcsId: 4269} | ret=SUCCESS |  
2019-08-23 02:48:38,984 | INFO  | DNAudit | user=null | ip=null | op=WRITE_CHUNK {blockData=conID: 1 locID: 102664013014631027 bcsId: 4269} | ret=SUCCESS |  
2019-08-23 02:48:38,984 | INFO  | DNAudit | user=null | ip=null | op=PUT_BLOCK {blockData=[blockId=conID: 1 locID: 102664013014631027 bcsId: 0,size=3145728]} | ret=SUCCESS |  
2019-08-23 02:48:38,985 [grpc-default-executor-2] INFO  client.GrpcClientProtocolClient (GrpcClientProtocolClient.java:onNext(255)) - client-B268B4322F32->17750241-545b-4219-93a1-14a6ea3d85be: receive RaftClientReply:client-B268B4322F32->17750241-545b-4219-93a1-14a6ea3d85be@group-C33FBD9556F2, cid=2839, SUCCESS, logIndex=4273, commits[17750241-545b-4219-93a1-14a6ea3d85be:c4274, 4eaaa090-573e-41d3-9f8c-c99e236d806a:c4272, 5f4cf9ee-4bed-49de-adaa-861aec894328:c4272]
2019-08-23 02:48:38,985 [grpc-default-executor-2] INFO  client.GrpcClientProtocolClient (GrpcClientProtocolClient.java:onNext(255)) - client-B268B4322F32->17750241-545b-4219-93a1-14a6ea3d85be: receive RaftClientReply:client-B268B4322F32->17750241-545b-4219-93a1-14a6ea3d85be@group-C33FBD9556F2, cid=2840, SUCCESS, logIndex=4274, commits[17750241-545b-4219-93a1-14a6ea3d85be:c4274, 4eaaa090-573e-41d3-9f8c-c99e236d806a:c4272, 5f4cf9ee-4bed-49de-adaa-861aec894328:c4272]
2019-08-23 02:48:38,992 | INFO  | DNAudit | user=null | ip=null | op=WRITE_CHUNK {blockData=conID: 1 locID: 102664013014631027 bcsId: 4274} | ret=SUCCESS |  
2019-08-23 02:48:38,993 | INFO  | DNAudit | user=null | ip=null | op=WRITE_CHUNK {blockData=conID: 1 locID: 102664013014631027 bcsId: 4274} | ret=SUCCESS |  
2019-08-23 02:48:38,994 | INFO  | DNAudit | user=null | ip=null | op=WRITE_CHUNK {blockData=conID: 1 locID: 102664013014631027 bcsId: 4274} | ret=SUCCESS |  
2019-08-23 02:48:38,997 | INFO  | DNAudit | user=null | ip=null | op=WRITE_CHUNK {blockData=conID: 1 locID: 102664013014631027 bcsId: 4269} | ret=SUCCESS |  
2019-08-23 02:48:38,997 | INFO  | DNAudit | user=null | ip=null | op=WRITE_CHUNK {blockData=conID: 1 locID: 102664013014631027 bcsId: 4269} | ret=SUCCESS |  
2019-08-23 02:48:38,998 | INFO  | DNAudit | user=null | ip=null | op=PUT_BLOCK {blockData=[blockId=conID: 1 locID: 102664013014631027 bcsId: 0,size=3145728]} | ret=SUCCESS |  
2019-08-23 02:48:38,998 | INFO  | DNAudit | user=null | ip=null | op=PUT_BLOCK {blockData=[blockId=conID: 1 locID: 102664013014631027 bcsId: 0,size=3145728]} | ret=SUCCESS |  
2019-08-23 02:48:39,011 | INFO  | DNAudit | user=null | ip=null | op=WRITE_CHUNK {blockData=conID: 1 locID: 102664013014631027 bcsId: 4274} | ret=SUCCESS |  
2019-08-23 02:48:39,012 | INFO  | DNAudit | user=null | ip=null | op=PUT_BLOCK {blockData=[blockId=conID: 1 locID: 102664013014631027 bcsId: 0,size=4194304]} | ret=SUCCESS |  
2019-08-23 02:48:39,012 [grpc-default-executor-2] INFO  client.GrpcClientProtocolClient (GrpcClientProtocolClient.java:onNext(255)) - client-B268B4322F32->17750241-545b-4219-93a1-14a6ea3d85be: receive RaftClientReply:client-B268B4322F32->17750241-545b-4219-93a1-14a6ea3d85be@group-C33FBD9556F2, cid=2841, SUCCESS, logIndex=4277, commits[17750241-545b-4219-93a1-14a6ea3d85be:c4278, 4eaaa090-573e-41d3-9f8c-c99e236d806a:c4274, 5f4cf9ee-4bed-49de-adaa-861aec894328:c4274]
2019-08-23 02:48:39,012 [grpc-default-executor-2] INFO  client.GrpcClientProtocolClient (GrpcClientProtocolClient.java:onNext(255)) - client-B268B4322F32->17750241-545b-4219-93a1-14a6ea3d85be: receive RaftClientReply:client-B268B4322F32->17750241-545b-4219-93a1-14a6ea3d85be@group-C33FBD9556F2, cid=2842, SUCCESS, logIndex=4278, commits[17750241-545b-4219-93a1-14a6ea3d85be:c4278, 4eaaa090-573e-41d3-9f8c-c99e236d806a:c4274, 5f4cf9ee-4bed-49de-adaa-861aec894328:c4274]
2019-08-23 02:48:39,033 | INFO  | DNAudit | user=null | ip=null | op=WRITE_CHUNK {blockData=conID: 1 locID: 102664013014631027 bcsId: 4274} | ret=SUCCESS |  
2019-08-23 02:48:39,033 | INFO  | DNAudit | user=null | ip=null | op=WRITE_CHUNK {blockData=conID: 1 locID: 102664013014631027 bcsId: 4274} | ret=SUCCESS |  
2019-08-23 02:48:39,033 | INFO  | DNAudit | user=null | ip=null | op=PUT_BLOCK {blockData=[blockId=conID: 1 locID: 102664013014631027 bcsId: 0,size=4194304]} | ret=SUCCESS |  
2019-08-23 02:48:39,033 | INFO  | DNAudit | user=null | ip=null | op=PUT_BLOCK {blockData=[blockId=conID: 1 locID: 102664013014631027 bcsId: 0,size=4194304]} | ret=SUCCESS |  
2019-08-23 02:48:39,033 [grpc-default-executor-2] INFO  client.GrpcClientProtocolClient (GrpcClientProtocolClient.java:onNext(255)) - client-B268B4322F32->17750241-545b-4219-93a1-14a6ea3d85be: receive RaftClientReply:client-B268B4322F32->17750241-545b-4219-93a1-14a6ea3d85be@group-C33FBD9556F2, cid=2843, SUCCESS, logIndex=0, commits[17750241-545b-4219-93a1-14a6ea3d85be:c4279, 4eaaa090-573e-41d3-9f8c-c99e236d806a:c4278, 5f4cf9ee-4bed-49de-adaa-861aec894328:c4278]
2019-08-23 02:48:39,035 | INFO  | SCMAudit | user=jenkins1000 | ip=192.168.34.22 | op=ALLOCATE_BLOCK {owner=31d65bc3-3f70-45f5-bbc5-e3a15f967ba6, size=4194304, type=RATIS, factor=THREE} | ret=SUCCESS |  
2019-08-23 02:48:39,041 | INFO  | OMAudit | user=jenkins1000 | ip=127.0.0.1 | op=ALLOCATE_BLOCK {volume=vol-0-78052, bucket=bucket-0-33874, key=key-0-20719, dataSize=2147483657, replicationType=RATIS, replicationFactor=THREE, keyLocationInfo=[], clientID=102664010308846034} | ret=SUCCESS |  
2019-08-23 02:48:39,055 | INFO  | DNAudit | user=null | ip=null | op=WRITE_CHUNK {blockData=conID: 2 locID: 102664013023478388 bcsId: 0} | ret=SUCCESS |  
2019-08-23 02:48:39,058 | INFO  | DNAudit | user=null | ip=null | op=WRITE_CHUNK {blockData=conID: 2 locID: 102664013023478388 bcsId: 0} | ret=SUCCESS |  
2019-08-23 02:48:39,058 | INFO  | DNAudit | user=null | ip=null | op=WRITE_CHUNK {blockData=conID: 2 locID: 102664013023478388 bcsId: 0} | ret=SUCCESS |  
2019-08-23 02:48:39,059 | INFO  | DNAudit | user=null | ip=null | op=WRITE_CHUNK {blockData=conID: 2 locID: 102664013023478388 bcsId: 0} | ret=SUCCESS |  
2019-08-23 02:48:39,059 | INFO  | DNAudit | user=null | ip=null | op=WRITE_CHUNK {blockData=conID: 2 locID: 102664013023478388 bcsId: 0} | ret=SUCCESS |  
2019-08-23 02:48:39,060 | INFO  | DNAudit | user=null | ip=null | op=WRITE_CHUNK {blockData=conID: 2 locID: 102664013023478388 bcsId: 0} | ret=SUCCESS |  
2019-08-23 02:48:39,068 | INFO  | DNAudit | user=null | ip=null | op=WRITE_CHUNK {blockData=conID: 2 locID: 102664013023478388 bcsId: 0} | ret=SUCCESS |  
2019-08-23 02:48:39,069 | INFO  | DNAudit | user=null | ip=null | op=PUT_BLOCK {blockData=[blockId=conID: 2 locID: 102664013023478388 bcsId: 0,size=1048576]} | ret=SUCCESS |  
2019-08-23 02:48:39,069 [grpc-default-executor-5] INFO  client.GrpcClientProtocolClient (GrpcClientProtocolClient.java:onNext(255)) - client-B268B4322F32->17750241-545b-4219-93a1-14a6ea3d85be: receive RaftClientReply:client-B268B4322F32->17750241-545b-4219-93a1-14a6ea3d85be@group-C33FBD9556F2, cid=2844, SUCCESS, logIndex=4281, commits[17750241-545b-4219-93a1-14a6ea3d85be:c4283, 4eaaa090-573e-41d3-9f8c-c99e236d806a:c4280, 5f4cf9ee-4bed-49de-adaa-861aec894328:c4280]
2019-08-23 02:48:39,069 | INFO  | DNAudit | user=null | ip=null | op=WRITE_CHUNK {blockData=conID: 2 locID: 102664013023478388 bcsId: 0} | ret=SUCCESS |  
2019-08-23 02:48:39,069 [grpc-default-executor-5] INFO  client.GrpcClientProtocolClient (GrpcClientProtocolClient.java:onNext(255)) - client-B268B4322F32->17750241-545b-4219-93a1-14a6ea3d85be: receive RaftClientReply:client-B268B4322F32->17750241-545b-4219-93a1-14a6ea3d85be@group-C33FBD9556F2, cid=2845, SUCCESS, logIndex=4282, commits[17750241-545b-4219-93a1-14a6ea3d85be:c4284, 4eaaa090-573e-41d3-9f8c-c99e236d806a:c4280, 5f4cf9ee-4bed-49de-adaa-861aec894328:c4280]
2019-08-23 02:48:39,070 | INFO  | DNAudit | user=null | ip=null | op=PUT_BLOCK {blockData=[blockId=conID: 2 locID: 102664013023478388 bcsId: 0,size=2097152]} | ret=SUCCESS |  
2019-08-23 02:48:39,070 [grpc-default-executor-5] INFO  client.GrpcClientProtocolClient (GrpcClientProtocolClient.java:onNext(255)) - client-B268B4322F32->17750241-545b-4219-93a1-14a6ea3d85be: receive RaftClientReply:client-B268B4322F32->17750241-545b-4219-93a1-14a6ea3d85be@group-C33FBD9556F2, cid=2846, SUCCESS, logIndex=4283, commits[17750241-545b-4219-93a1-14a6ea3d85be:c4284, 4eaaa090-573e-41d3-9f8c-c99e236d806a:c4280, 5f4cf9ee-4bed-49de-adaa-861aec894328:c4280]
2019-08-23 02:48:39,070 [grpc-default-executor-5] INFO  client.GrpcClientProtocolClient (GrpcClientProtocolClient.java:onNext(255)) - client-B268B4322F32->17750241-545b-4219-93a1-14a6ea3d85be: receive RaftClientReply:client-B268B4322F32->17750241-545b-4219-93a1-14a6ea3d85be@group-C33FBD9556F2, cid=2847, SUCCESS, logIndex=4284, commits[17750241-545b-4219-93a1-14a6ea3d85be:c4284, 4eaaa090-573e-41d3-9f8c-c99e236d806a:c4280, 5f4cf9ee-4bed-49de-adaa-861aec894328:c4280]
2019-08-23 02:48:39,071 | INFO  | DNAudit | user=null | ip=null | op=WRITE_CHUNK {blockData=conID: 2 locID: 102664013023478388 bcsId: 0} | ret=SUCCESS |  
2019-08-23 02:48:39,073 | INFO  | DNAudit | user=null | ip=null | op=WRITE_CHUNK {blockData=conID: 2 locID: 102664013023478388 bcsId: 0} | ret=SUCCESS |  
2019-08-23 02:48:39,073 | INFO  | DNAudit | user=null | ip=null | op=PUT_BLOCK {blockData=[blockId=conID: 2 locID: 102664013023478388 bcsId: 0,size=1048576]} | ret=SUCCESS |  
2019-08-23 02:48:39,084 | INFO  | DNAudit | user=null | ip=null | op=PUT_BLOCK {blockData=[blockId=conID: 2 locID: 102664013023478388 bcsId: 0,size=1048576]} | ret=SUCCESS |  
2019-08-23 02:48:39,084 | INFO  | DNAudit | user=null | ip=null | op=WRITE_CHUNK {blockData=conID: 2 locID: 102664013023478388 bcsId: 0} | ret=SUCCESS |  
2019-08-23 02:48:39,084 | INFO  | DNAudit | user=null | ip=null | op=WRITE_CHUNK {blockData=conID: 2 locID: 102664013023478388 bcsId: 0} | ret=SUCCESS |  
2019-08-23 02:48:39,202 | INFO  | DNAudit | user=null | ip=null | op=PUT_BLOCK {blockData=[blockId=conID: 2 locID: 102664013023478388 bcsId: 0,size=2097152]} | ret=SUCCESS |  
2019-08-23 02:48:39,202 | INFO  | DNAudit | user=null | ip=null | op=PUT_BLOCK {blockData=[blockId=conID: 2 locID: 102664013023478388 bcsId: 0,size=2097152]} | ret=SUCCESS |  
2019-08-23 02:48:39,202 [grpc-default-executor-5] INFO  client.GrpcClientProtocolClient (GrpcClientProtocolClient.java:onNext(255)) - client-B268B4322F32->17750241-545b-4219-93a1-14a6ea3d85be: receive RaftClientReply:client-B268B4322F32->17750241-545b-4219-93a1-14a6ea3d85be@group-C33FBD9556F2, cid=2848, SUCCESS, logIndex=0, commits[17750241-545b-4219-93a1-14a6ea3d85be:c4286, 4eaaa090-573e-41d3-9f8c-c99e236d806a:c4282, 5f4cf9ee-4bed-49de-adaa-861aec894328:c4282]
2019-08-23 02:48:39,210 | INFO  | DNAudit | user=null | ip=null | op=WRITE_CHUNK {blockData=conID: 2 locID: 102664013023478388 bcsId: 4284} | ret=SUCCESS |  
2019-08-23 02:48:39,213 | INFO  | DNAudit | user=null | ip=null | op=WRITE_CHUNK {blockData=conID: 2 locID: 102664013023478388 bcsId: 4284} | ret=SUCCESS |  
2019-08-23 02:48:39,213 | INFO  | DNAudit | user=null | ip=null | op=WRITE_CHUNK {blockData=conID: 2 locID: 102664013023478388 bcsId: 4284} | ret=SUCCESS |  
2019-08-23 02:48:39,224 | INFO  | DNAudit | user=null | ip=null | op=WRITE_CHUNK {blockData=conID: 2 locID: 102664013023478388 bcsId: 4284} | ret=SUCCESS |  
2019-08-23 02:48:39,225 | INFO  | DNAudit | user=null | ip=null | op=PUT_BLOCK {blockData=[blockId=conID: 2 locID: 102664013023478388 bcsId: 0,size=3145728]} | ret=SUCCESS |  
2019-08-23 02:48:39,225 [grpc-default-executor-5] INFO  client.GrpcClientProtocolClient (GrpcClientProtocolClient.java:onNext(255)) - client-B268B4322F32->17750241-545b-4219-93a1-14a6ea3d85be: receive RaftClientReply:client-B268B4322F32->17750241-545b-4219-93a1-14a6ea3d85be@group-C33FBD9556F2, cid=2849, SUCCESS, logIndex=4289, commits[17750241-545b-4219-93a1-14a6ea3d85be:c4290, 4eaaa090-573e-41d3-9f8c-c99e236d806a:c4288, 5f4cf9ee-4bed-49de-adaa-861aec894328:c4288]
2019-08-23 02:48:39,225 [grpc-default-executor-5] INFO  client.GrpcClientProtocolClient (GrpcClientProtocolClient.java:onNext(255)) - client-B268B4322F32->17750241-545b-4219-93a1-14a6ea3d85be: receive RaftClientReply:client-B268B4322F32->17750241-545b-4219-93a1-14a6ea3d85be@group-C33FBD9556F2, cid=2850, SUCCESS, logIndex=4290, commits[17750241-545b-4219-93a1-14a6ea3d85be:c4290, 4eaaa090-573e-41d3-9f8c-c99e236d806a:c4288, 5f4cf9ee-4bed-49de-adaa-861aec894328:c4288]
2019-08-23 02:48:39,233 | INFO  | DNAudit | user=null | ip=null | op=WRITE_CHUNK {blockData=conID: 2 locID: 102664013023478388 bcsId: 4290} | ret=SUCCESS |  
2019-08-23 02:48:39,235 | INFO  | DNAudit | user=null | ip=null | op=WRITE_CHUNK {blockData=conID: 2 locID: 102664013023478388 bcsId: 4290} | ret=SUCCESS |  
2019-08-23 02:48:39,236 | INFO  | DNAudit | user=null | ip=null | op=WRITE_CHUNK {blockData=conID: 2 locID: 102664013023478388 bcsId: 4290} | ret=SUCCESS |  
2019-08-23 02:48:39,238 | INFO  | DNAudit | user=null | ip=null | op=WRITE_CHUNK {blockData=conID: 2 locID: 102664013023478388 bcsId: 4284} | ret=SUCCESS |  
2019-08-23 02:48:39,238 | INFO  | DNAudit | user=null | ip=null | op=WRITE_CHUNK {blockData=conID: 2 locID: 102664013023478388 bcsId: 4284} | ret=SUCCESS |  
2019-08-23 02:48:39,250 | INFO  | DNAudit | user=null | ip=null | op=PUT_BLOCK {blockData=[blockId=conID: 2 locID: 102664013023478388 bcsId: 0,size=3145728]} | ret=SUCCESS |  
2019-08-23 02:48:39,250 | INFO  | DNAudit | user=null | ip=null | op=PUT_BLOCK {blockData=[blockId=conID: 2 locID: 102664013023478388 bcsId: 0,size=3145728]} | ret=SUCCESS |  
2019-08-23 02:48:39,250 | INFO  | DNAudit | user=null | ip=null | op=WRITE_CHUNK {blockData=conID: 2 locID: 102664013023478388 bcsId: 4290} | ret=SUCCESS |  
2019-08-23 02:48:39,251 | INFO  | DNAudit | user=null | ip=null | op=PUT_BLOCK {blockData=[blockId=conID: 2 locID: 102664013023478388 bcsId: 0,size=4194304]} | ret=SUCCESS |  
2019-08-23 02:48:39,251 [grpc-default-executor-6] INFO  client.GrpcClientProtocolClient (GrpcClientProtocolClient.java:onNext(255)) - client-B268B4322F32->17750241-545b-4219-93a1-14a6ea3d85be: receive RaftClientReply:client-B268B4322F32->17750241-545b-4219-93a1-14a6ea3d85be@group-C33FBD9556F2, cid=2851, SUCCESS, logIndex=4293, commits[17750241-545b-4219-93a1-14a6ea3d85be:c4294, 4eaaa090-573e-41d3-9f8c-c99e236d806a:c4290, 5f4cf9ee-4bed-49de-adaa-861aec894328:c4290]
2019-08-23 02:48:39,251 [grpc-default-executor-6] INFO  client.GrpcClientProtocolClient (GrpcClientProtocolClient.java:onNext(255)) - client-B268B4322F32->17750241-545b-4219-93a1-14a6ea3d85be: receive RaftClientReply:client-B268B4322F32->17750241-545b-4219-93a1-14a6ea3d85be@group-C33FBD9556F2, cid=2852, SUCCESS, logIndex=4294, commits[17750241-545b-4219-93a1-14a6ea3d85be:c4294, 4eaaa090-573e-41d3-9f8c-c99e236d806a:c4290, 5f4cf9ee-4bed-49de-adaa-861aec894328:c4290]
2019-08-23 02:48:39,263 | INFO  | DNAudit | user=null | ip=null | op=WRITE_CHUNK {blockData=conID: 2 locID: 102664013023478388 bcsId: 4290} | ret=SUCCESS |  
2019-08-23 02:48:39,263 | INFO  | DNAudit | user=null | ip=null | op=WRITE_CHUNK {blockData=conID: 2 locID: 102664013023478388 bcsId: 4290} | ret=SUCCESS |  
2019-08-23 02:48:39,264 | INFO  | DNAudit | user=null | ip=null | op=PUT_BLOCK {blockData=[blockId=conID: 2 locID: 102664013023478388 bcsId: 0,size=4194304]} | ret=SUCCESS |  
2019-08-23 02:48:39,264 | INFO  | DNAudit | user=null | ip=null | op=PUT_BLOCK {blockData=[blockId=conID: 2 locID: 102664013023478388 bcsId: 0,size=4194304]} | ret=SUCCESS |  
2019-08-23 02:48:39,264 [grpc-default-executor-6] INFO  client.GrpcClientProtocolClient (GrpcClientProtocolClient.java:onNext(255)) - client-B268B4322F32->17750241-545b-4219-93a1-14a6ea3d85be: receive RaftClientReply:client-B268B4322F32->17750241-545b-4219-93a1-14a6ea3d85be@group-C33FBD9556F2, cid=2853, SUCCESS, logIndex=0, commits[17750241-545b-4219-93a1-14a6ea3d85be:c4295, 4eaaa090-573e-41d3-9f8c-c99e236d806a:c4294, 5f4cf9ee-4bed-49de-adaa-861aec894328:c4294]
2019-08-23 02:48:39,266 | INFO  | SCMAudit | user=jenkins1000 | ip=192.168.34.22 | op=ALLOCATE_BLOCK {owner=31d65bc3-3f70-45f5-bbc5-e3a15f967ba6, size=4194304, type=RATIS, factor=THREE} | ret=SUCCESS |  
2019-08-23 02:48:39,272 | INFO  | OMAudit | user=jenkins1000 | ip=127.0.0.1 | op=ALLOCATE_BLOCK {volume=vol-0-78052, bucket=bucket-0-33874, key=key-0-20719, dataSize=2147483657, replicationType=RATIS, replicationFactor=THREE, keyLocationInfo=[], clientID=102664010308846034} | ret=SUCCESS |  
2019-08-23 02:48:39,284 | INFO  | DNAudit | user=null | ip=null | op=WRITE_CHUNK {blockData=conID: 3 locID: 102664013038617205 bcsId: 0} | ret=SUCCESS |  
2019-08-23 02:48:39,288 | INFO  | DNAudit | user=null | ip=null | op=WRITE_CHUNK {blockData=conID: 3 locID: 102664013038617205 bcsId: 0} | ret=SUCCESS |  
2019-08-23 02:48:39,288 | INFO  | DNAudit | user=null | ip=null | op=WRITE_CHUNK {blockData=conID: 3 locID: 102664013038617205 bcsId: 0} | ret=SUCCESS |  
2019-08-23 02:48:39,288 | INFO  | DNAudit | user=null | ip=null | op=WRITE_CHUNK {blockData=conID: 3 locID: 102664013038617205 bcsId: 0} | ret=SUCCESS |  
2019-08-23 02:48:39,290 | INFO  | DNAudit | user=null | ip=null | op=WRITE_CHUNK {blockData=conID: 3 locID: 102664013038617205 bcsId: 0} | ret=SUCCESS |  
2019-08-23 02:48:39,290 | INFO  | DNAudit | user=null | ip=null | op=WRITE_CHUNK {blockData=conID: 3 locID: 102664013038617205 bcsId: 0} | ret=SUCCESS |  
2019-08-23 02:48:39,300 | INFO  | DNAudit | user=null | ip=null | op=WRITE_CHUNK {blockData=conID: 3 locID: 102664013038617205 bcsId: 0} | ret=SUCCESS |  
2019-08-23 02:48:39,301 | INFO  | DNAudit | user=null | ip=null | op=PUT_BLOCK {blockData=[blockId=conID: 3 locID: 102664013038617205 bcsId: 0,size=1048576]} | ret=SUCCESS |  
2019-08-23 02:48:39,301 [grpc-default-executor-5] INFO  client.GrpcClientProtocolClient (GrpcClientProtocolClient.java:onNext(255)) - client-B268B4322F32->17750241-545b-4219-93a1-14a6ea3d85be: receive RaftClientReply:client-B268B4322F32->17750241-545b-4219-93a1-14a6ea3d85be@group-C33FBD9556F2, cid=2854, SUCCESS, logIndex=4297, commits[17750241-545b-4219-93a1-14a6ea3d85be:c4298, 4eaaa090-573e-41d3-9f8c-c99e236d806a:c4296, 5f4cf9ee-4bed-49de-adaa-861aec894328:c4296]
2019-08-23 02:48:39,301 | INFO  | DNAudit | user=null | ip=null | op=WRITE_CHUNK {blockData=conID: 3 locID: 102664013038617205 bcsId: 0} | ret=SUCCESS |  
2019-08-23 02:48:39,302 | INFO  | DNAudit | user=null | ip=null | op=PUT_BLOCK {blockData=[blockId=conID: 3 locID: 102664013038617205 bcsId: 0,size=2097152]} | ret=SUCCESS |  
2019-08-23 02:48:39,302 [grpc-default-executor-5] INFO  client.GrpcClientProtocolClient (GrpcClientProtocolClient.java:onNext(255)) - client-B268B4322F32->17750241-545b-4219-93a1-14a6ea3d85be: receive RaftClientReply:client-B268B4322F32->17750241-545b-4219-93a1-14a6ea3d85be@group-C33FBD9556F2, cid=2855, SUCCESS, logIndex=4298, commits[17750241-545b-4219-93a1-14a6ea3d85be:c4300, 4eaaa090-573e-41d3-9f8c-c99e236d806a:c4296, 5f4cf9ee-4bed-49de-adaa-861aec894328:c4296]
2019-08-23 02:48:39,302 [grpc-default-executor-5] INFO  client.GrpcClientProtocolClient (GrpcClientProtocolClient.java:onNext(255)) - client-B268B4322F32->17750241-545b-4219-93a1-14a6ea3d85be: receive RaftClientReply:client-B268B4322F32->17750241-545b-4219-93a1-14a6ea3d85be@group-C33FBD9556F2, cid=2856, SUCCESS, logIndex=4299, commits[17750241-545b-4219-93a1-14a6ea3d85be:c4300, 4eaaa090-573e-41d3-9f8c-c99e236d806a:c4296, 5f4cf9ee-4bed-49de-adaa-861aec894328:c4296]
2019-08-23 02:48:39,302 [grpc-default-executor-5] INFO  client.GrpcClientProtocolClient (GrpcClientProtocolClient.java:onNext(255)) - client-B268B4322F32->17750241-545b-4219-93a1-14a6ea3d85be: receive RaftClientReply:client-B268B4322F32->17750241-545b-4219-93a1-14a6ea3d85be@group-C33FBD9556F2, cid=2857, SUCCESS, logIndex=4300, commits[17750241-545b-4219-93a1-14a6ea3d85be:c4300, 4eaaa090-573e-41d3-9f8c-c99e236d806a:c4296, 5f4cf9ee-4bed-49de-adaa-861aec894328:c4296]
2019-08-23 02:48:39,313 | INFO  | DNAudit | user=null | ip=null | op=WRITE_CHUNK {blockData=conID: 3 locID: 102664013038617205 bcsId: 0} | ret=SUCCESS |  
2019-08-23 02:48:39,313 | INFO  | DNAudit | user=null | ip=null | op=WRITE_CHUNK {blockData=conID: 3 locID: 102664013038617205 bcsId: 0} | ret=SUCCESS |  
2019-08-23 02:48:39,313 | INFO  | DNAudit | user=null | ip=null | op=PUT_BLOCK {blockData=[blockId=conID: 3 locID: 102664013038617205 bcsId: 0,size=1048576]} | ret=SUCCESS |  
2019-08-23 02:48:39,313 | INFO  | DNAudit | user=null | ip=null | op=WRITE_CHUNK {blockData=conID: 3 locID: 102664013038617205 bcsId: 0} | ret=SUCCESS |  
2019-08-23 02:48:39,314 | INFO  | DNAudit | user=null | ip=null | op=PUT_BLOCK {blockData=[blockId=conID: 3 locID: 102664013038617205 bcsId: 0,size=2097152]} | ret=SUCCESS |  
2019-08-23 02:48:39,314 | INFO  | DNAudit | user=null | ip=null | op=PUT_BLOCK {blockData=[blockId=conID: 3 locID: 102664013038617205 bcsId: 0,size=1048576]} | ret=SUCCESS |  
2019-08-23 02:48:39,314 | INFO  | DNAudit | user=null | ip=null | op=WRITE_CHUNK {blockData=conID: 3 locID: 102664013038617205 bcsId: 0} | ret=SUCCESS |  
2019-08-23 02:48:39,314 | INFO  | DNAudit | user=null | ip=null | op=PUT_BLOCK {blockData=[blockId=conID: 3 locID: 102664013038617205 bcsId: 0,size=2097152]} | ret=SUCCESS |  
2019-08-23 02:48:39,314 [grpc-default-executor-5] INFO  client.GrpcClientProtocolClient (GrpcClientProtocolClient.java:onNext(255)) - client-B268B4322F32->17750241-545b-4219-93a1-14a6ea3d85be: receive RaftClientReply:client-B268B4322F32->17750241-545b-4219-93a1-14a6ea3d85be@group-C33FBD9556F2, cid=2858, SUCCESS, logIndex=0, commits[17750241-545b-4219-93a1-14a6ea3d85be:c4304, 4eaaa090-573e-41d3-9f8c-c99e236d806a:c4298, 5f4cf9ee-4bed-49de-adaa-861aec894328:c4300]
2019-08-23 02:48:39,321 | INFO  | DNAudit | user=null | ip=null | op=WRITE_CHUNK {blockData=conID: 3 locID: 102664013038617205 bcsId: 4300} | ret=SUCCESS |  
2019-08-23 02:48:39,323 | INFO  | DNAudit | user=null | ip=null | op=WRITE_CHUNK {blockData=conID: 3 locID: 102664013038617205 bcsId: 4300} | ret=SUCCESS |  
2019-08-23 02:48:39,324 | INFO  | DNAudit | user=null | ip=null | op=WRITE_CHUNK {blockData=conID: 3 locID: 102664013038617205 bcsId: 4300} | ret=SUCCESS |  
2019-08-23 02:48:39,342 | INFO  | DNAudit | user=null | ip=null | op=WRITE_CHUNK {blockData=conID: 3 locID: 102664013038617205 bcsId: 4300} | ret=SUCCESS |  
2019-08-23 02:48:39,342 | INFO  | DNAudit | user=null | ip=null | op=PUT_BLOCK {blockData=[blockId=conID: 3 locID: 102664013038617205 bcsId: 0,size=3145728]} | ret=SUCCESS |  
2019-08-23 02:48:39,343 [grpc-default-executor-2] INFO  client.GrpcClientProtocolClient (GrpcClientProtocolClient.java:onNext(255)) - client-B268B4322F32->17750241-545b-4219-93a1-14a6ea3d85be: receive RaftClientReply:client-B268B4322F32->17750241-545b-4219-93a1-14a6ea3d85be@group-C33FBD9556F2, cid=2859, SUCCESS, logIndex=4305, commits[17750241-545b-4219-93a1-14a6ea3d85be:c4306, 4eaaa090-573e-41d3-9f8c-c99e236d806a:c4304, 5f4cf9ee-4bed-49de-adaa-861aec894328:c4304]
2019-08-23 02:48:39,343 [grpc-default-executor-2] INFO  client.GrpcClientProtocolClient (GrpcClientProtocolClient.java:onNext(255)) - client-B268B4322F32->17750241-545b-4219-93a1-14a6ea3d85be: receive RaftClientReply:client-B268B4322F32->17750241-545b-4219-93a1-14a6ea3d85be@group-C33FBD9556F2, cid=2860, SUCCESS, logIndex=4306, commits[17750241-545b-4219-93a1-14a6ea3d85be:c4306, 4eaaa090-573e-41d3-9f8c-c99e236d806a:c4304, 5f4cf9ee-4bed-49de-adaa-861aec894328:c4304]
2019-08-23 02:48:39,349 | INFO  | DNAudit | user=null | ip=null | op=WRITE_CHUNK {blockData=conID: 3 locID: 102664013038617205 bcsId: 4306} | ret=SUCCESS |  
2019-08-23 02:48:39,352 | INFO  | DNAudit | user=null | ip=null | op=WRITE_CHUNK {blockData=conID: 3 locID: 102664013038617205 bcsId: 4306} | ret=SUCCESS |  
2019-08-23 02:48:39,352 | INFO  | DNAudit | user=null | ip=null | op=WRITE_CHUNK {blockData=conID: 3 locID: 102664013038617205 bcsId: 4306} | ret=SUCCESS |  
2019-08-23 02:48:39,353 | INFO  | DNAudit | user=null | ip=null | op=WRITE_CHUNK {blockData=conID: 3 locID: 102664013038617205 bcsId: 4300} | ret=SUCCESS |  
2019-08-23 02:48:39,354 | INFO  | DNAudit | user=null | ip=null | op=WRITE_CHUNK {blockData=conID: 3 locID: 102664013038617205 bcsId: 4300} | ret=SUCCESS |  
2019-08-23 02:48:39,356 | INFO  | DNAudit | user=null | ip=null | op=PUT_BLOCK {blockData=[blockId=conID: 3 locID: 102664013038617205 bcsId: 0,size=3145728]} | ret=SUCCESS |  
2019-08-23 02:48:39,357 | INFO  | DNAudit | user=null | ip=null | op=PUT_BLOCK {blockData=[blockId=conID: 3 locID: 102664013038617205 bcsId: 0,size=3145728]} | ret=SUCCESS |  
2019-08-23 02:48:39,357 | INFO  | DNAudit | user=null | ip=null | op=WRITE_CHUNK {blockData=conID: 3 locID: 102664013038617205 bcsId: 4306} | ret=SUCCESS |  
2019-08-23 02:48:39,357 | INFO  | DNAudit | user=null | ip=null | op=PUT_BLOCK {blockData=[blockId=conID: 3 locID: 102664013038617205 bcsId: 0,size=4194304]} | ret=SUCCESS |  
2019-08-23 02:48:39,358 [grpc-default-executor-6] INFO  client.GrpcClientProtocolClient (GrpcClientProtocolClient.java:onNext(255)) - client-B268B4322F32->17750241-545b-4219-93a1-14a6ea3d85be: receive RaftClientReply:client-B268B4322F32->17750241-545b-4219-93a1-14a6ea3d85be@group-C33FBD9556F2, cid=2861, SUCCESS, logIndex=4309, commits[17750241-545b-4219-93a1-14a6ea3d85be:c4310, 4eaaa090-573e-41d3-9f8c-c99e236d806a:c4306, 5f4cf9ee-4bed-49de-adaa-861aec894328:c4306]
2019-08-23 02:48:39,358 [grpc-default-executor-6] INFO  client.GrpcClientProtocolClient (GrpcClientProtocolClient.java:onNext(255)) - client-B268B4322F32->17750241-545b-4219-93a1-14a6ea3d85be: receive RaftClientReply:client-B268B4322F32->17750241-545b-4219-93a1-14a6ea3d85be@group-C33FBD9556F2, cid=2862, SUCCESS, logIndex=4310, commits[17750241-545b-4219-93a1-14a6ea3d85be:c4310, 4eaaa090-573e-41d3-9f8c-c99e236d806a:c4306, 5f4cf9ee-4bed-49de-adaa-861aec894328:c4306]
2019-08-23 02:48:39,370 | INFO  | DNAudit | user=null | ip=null | op=WRITE_CHUNK {blockData=conID: 3 locID: 102664013038617205 bcsId: 4306} | ret=SUCCESS |  
2019-08-23 02:48:39,370 | INFO  | DNAudit | user=null | ip=null | op=WRITE_CHUNK {blockData=conID: 3 locID: 102664013038617205 bcsId: 4306} | ret=SUCCESS |  
2019-08-23 02:48:39,370 | INFO  | DNAudit | user=null | ip=null | op=PUT_BLOCK {blockData=[blockId=conID: 3 locID: 102664013038617205 bcsId: 0,size=4194304]} | ret=SUCCESS |  
2019-08-23 02:48:39,370 | INFO  | DNAudit | user=null | ip=null | op=PUT_BLOCK {blockData=[blockId=conID: 3 locID: 102664013038617205 bcsId: 0,size=4194304]} | ret=SUCCESS |  
2019-08-23 02:48:39,370 [grpc-default-executor-6] INFO  client.GrpcClientProtocolClient (GrpcClientProtocolClient.java:onNext(255)) - client-B268B4322F32->17750241-545b-4219-93a1-14a6ea3d85be: receive RaftClientReply:client-B268B4322F32->17750241-545b-4219-93a1-14a6ea3d85be@group-C33FBD9556F2, cid=2863, SUCCESS, logIndex=0, commits[17750241-545b-4219-93a1-14a6ea3d85be:c4311, 4eaaa090-573e-41d3-9f8c-c99e236d806a:c4310, 5f4cf9ee-4bed-49de-adaa-861aec894328:c4310]
2019-08-23 02:48:39,372 | INFO  | SCMAudit | user=jenkins1000 | ip=192.168.34.22 | op=ALLOCATE_BLOCK {owner=31d65bc3-3f70-45f5-bbc5-e3a15f967ba6, size=4194304, type=RATIS, factor=THREE} | ret=SUCCESS |  
2019-08-23 02:48:39,378 | INFO  | OMAudit | user=jenkins1000 | ip=127.0.0.1 | op=ALLOCATE_BLOCK {volume=vol-0-78052, bucket=bucket-0-33874, key=key-0-20719, dataSize=2147483657, replicationType=RATIS, replicationFactor=THREE, keyLocationInfo=[], clientID=102664010308846034} | ret=SUCCESS |  
2019-08-23 02:48:39,390 | INFO  | DNAudit | user=null | ip=null | op=WRITE_CHUNK {blockData=conID: 1 locID: 102664013045564022 bcsId: 0} | ret=SUCCESS |  
2019-08-23 02:48:39,392 | INFO  | DNAudit | user=null | ip=null | op=WRITE_CHUNK {blockData=conID: 1 locID: 102664013045564022 bcsId: 0} | ret=SUCCESS |  
2019-08-23 02:48:39,393 | INFO  | DNAudit | user=null | ip=null | op=WRITE_CHUNK {blockData=conID: 1 locID: 102664013045564022 bcsId: 0} | ret=SUCCESS |  
2019-08-23 02:48:39,393 | INFO  | DNAudit | user=null | ip=null | op=WRITE_CHUNK {blockData=conID: 1 locID: 102664013045564022 bcsId: 0} | ret=SUCCESS |  
2019-08-23 02:48:39,395 | INFO  | DNAudit | user=null | ip=null | op=WRITE_CHUNK {blockData=conID: 1 locID: 102664013045564022 bcsId: 0} | ret=SUCCESS |  
2019-08-23 02:48:39,395 | INFO  | DNAudit | user=null | ip=null | op=WRITE_CHUNK {blockData=conID: 1 locID: 102664013045564022 bcsId: 0} | ret=SUCCESS |  
2019-08-23 02:48:39,403 | INFO  | DNAudit | user=null | ip=null | op=WRITE_CHUNK {blockData=conID: 1 locID: 102664013045564022 bcsId: 0} | ret=SUCCESS |  
2019-08-23 02:48:39,404 | INFO  | DNAudit | user=null | ip=null | op=PUT_BLOCK {blockData=[blockId=conID: 1 locID: 102664013045564022 bcsId: 0,size=1048576]} | ret=SUCCESS |  
2019-08-23 02:48:39,404 [grpc-default-executor-6] INFO  client.GrpcClientProtocolClient (GrpcClientProtocolClient.java:onNext(255)) - client-B268B4322F32->17750241-545b-4219-93a1-14a6ea3d85be: receive RaftClientReply:client-B268B4322F32->17750241-545b-4219-93a1-14a6ea3d85be@group-C33FBD9556F2, cid=2864, SUCCESS, logIndex=4313, commits[17750241-545b-4219-93a1-14a6ea3d85be:c4314, 4eaaa090-573e-41d3-9f8c-c99e236d806a:c4312, 5f4cf9ee-4bed-49de-adaa-861aec894328:c4312]
2019-08-23 02:48:39,405 [grpc-default-executor-6] INFO  client.GrpcClientProtocolClient (GrpcClientProtocolClient.java:onNext(255)) - client-B268B4322F32->17750241-545b-4219-93a1-14a6ea3d85be: receive RaftClientReply:client-B268B4322F32->17750241-545b-4219-93a1-14a6ea3d85be@group-C33FBD9556F2, cid=2865, SUCCESS, logIndex=4314, commits[17750241-545b-4219-93a1-14a6ea3d85be:c4314, 4eaaa090-573e-41d3-9f8c-c99e236d806a:c4312, 5f4cf9ee-4bed-49de-adaa-861aec894328:c4312]
2019-08-23 02:48:39,413 | INFO  | DNAudit | user=null | ip=null | op=WRITE_CHUNK {blockData=conID: 1 locID: 102664013045564022 bcsId: 0} | ret=SUCCESS |  
2019-08-23 02:48:39,414 | INFO  | DNAudit | user=null | ip=null | op=PUT_BLOCK {blockData=[blockId=conID: 1 locID: 102664013045564022 bcsId: 0,size=2097152]} | ret=SUCCESS |  
2019-08-23 02:48:39,414 [grpc-default-executor-6] INFO  client.GrpcClientProtocolClient (GrpcClientProtocolClient.java:onNext(255)) - client-B268B4322F32->17750241-545b-4219-93a1-14a6ea3d85be: receive RaftClientReply:client-B268B4322F32->17750241-545b-4219-93a1-14a6ea3d85be@group-C33FBD9556F2, cid=2866, SUCCESS, logIndex=4315, commits[17750241-545b-4219-93a1-14a6ea3d85be:c4316, 4eaaa090-573e-41d3-9f8c-c99e236d806a:c4312, 5f4cf9ee-4bed-49de-adaa-861aec894328:c4312]
2019-08-23 02:48:39,414 [grpc-default-executor-6] INFO  client.GrpcClientProtocolClient (GrpcClientProtocolClient.java:onNext(255)) - client-B268B4322F32->17750241-545b-4219-93a1-14a6ea3d85be: receive RaftClientReply:client-B268B4322F32->17750241-545b-4219-93a1-14a6ea3d85be@group-C33FBD9556F2, cid=2867, SUCCESS, logIndex=4316, commits[17750241-545b-4219-93a1-14a6ea3d85be:c4316, 4eaaa090-573e-41d3-9f8c-c99e236d806a:c4312, 5f4cf9ee-4bed-49de-adaa-861aec894328:c4312]
2019-08-23 02:48:39,416 | INFO  | DNAudit | user=null | ip=null | op=WRITE_CHUNK {blockData=conID: 1 locID: 102664013045564022 bcsId: 0} | ret=SUCCESS |  
2019-08-23 02:48:39,416 | INFO  | DNAudit | user=null | ip=null | op=PUT_BLOCK {blockData=[blockId=conID: 1 locID: 102664013045564022 bcsId: 0,size=1048576]} | ret=SUCCESS |  
2019-08-23 02:48:39,416 | INFO  | DNAudit | user=null | ip=null | op=WRITE_CHUNK {blockData=conID: 1 locID: 102664013045564022 bcsId: 0} | ret=SUCCESS |  
2019-08-23 02:48:39,422 | INFO  | SCMAudit | user=jenkins1000 | ip=192.168.34.22 | op=SEND_HEARTBEAT {datanodeUUID=4eaaa090-573e-41d3-9f8c-c99e236d806a, command=[]} | ret=SUCCESS |  
2019-08-23 02:48:39,422 | INFO  | SCMAudit | user=jenkins1000 | ip=192.168.34.22 | op=SEND_HEARTBEAT {datanodeUUID=5f4cf9ee-4bed-49de-adaa-861aec894328, command=[]} | ret=SUCCESS |  
2019-08-23 02:48:39,422 | INFO  | SCMAudit | user=jenkins1000 | ip=192.168.34.22 | op=SEND_HEARTBEAT {datanodeUUID=17750241-545b-4219-93a1-14a6ea3d85be, command=[]} | ret=SUCCESS |  
2019-08-23 02:48:39,422 | INFO  | SCMAudit | user=jenkins1000 | ip=192.168.34.22 | op=SEND_HEARTBEAT {datanodeUUID=0cedf437-a8af-4d70-bac5-ea9863093e86, command=[]} | ret=SUCCESS |  
 0.00% |█                                                                                                    |  0/1 Time: 0:00:412019-08-23 02:48:39,423 | INFO  | SCMAudit | user=jenkins1000 | ip=192.168.34.22 | op=SEND_HEARTBEAT {datanodeUUID=66ab6a68-e61f-4535-ab2f-12fe560929ed, command=[]} | ret=SUCCESS |  
2019-08-23 02:48:39,429 | INFO  | DNAudit | user=null | ip=null | op=PUT_BLOCK {blockData=[blockId=conID: 1 locID: 102664013045564022 bcsId: 0,size=1048576]} | ret=SUCCESS |  
2019-08-23 02:48:39,429 [grpc-default-executor-5] INFO  client.GrpcClientProtocolClient (GrpcClientProtocolClient.java:onNext(255)) - client-B268B4322F32->17750241-545b-4219-93a1-14a6ea3d85be: receive RaftClientReply:client-B268B4322F32->17750241-545b-4219-93a1-14a6ea3d85be@group-C33FBD9556F2, cid=2868, SUCCESS, logIndex=0, commits[17750241-545b-4219-93a1-14a6ea3d85be:c4319, 4eaaa090-573e-41d3-9f8c-c99e236d806a:c4314, 5f4cf9ee-4bed-49de-adaa-861aec894328:c4314]
2019-08-23 02:48:39,435 | INFO  | DNAudit | user=null | ip=null | op=WRITE_CHUNK {blockData=conID: 1 locID: 102664013045564022 bcsId: 4316} | ret=SUCCESS |  
2019-08-23 02:48:39,438 | INFO  | DNAudit | user=null | ip=null | op=WRITE_CHUNK {blockData=conID: 1 locID: 102664013045564022 bcsId: 4316} | ret=SUCCESS |  
2019-08-23 02:48:39,439 | INFO  | DNAudit | user=null | ip=null | op=WRITE_CHUNK {blockData=conID: 1 locID: 102664013045564022 bcsId: 4316} | ret=SUCCESS |  
2019-08-23 02:48:39,449 | INFO  | DNAudit | user=null | ip=null | op=WRITE_CHUNK {blockData=conID: 1 locID: 102664013045564022 bcsId: 0} | ret=SUCCESS |  
2019-08-23 02:48:39,449 | INFO  | DNAudit | user=null | ip=null | op=WRITE_CHUNK {blockData=conID: 1 locID: 102664013045564022 bcsId: 0} | ret=SUCCESS |  
2019-08-23 02:48:39,449 | INFO  | DNAudit | user=null | ip=null | op=PUT_BLOCK {blockData=[blockId=conID: 1 locID: 102664013045564022 bcsId: 0,size=2097152]} | ret=SUCCESS |  
2019-08-23 02:48:39,449 | INFO  | DNAudit | user=null | ip=null | op=WRITE_CHUNK {blockData=conID: 1 locID: 102664013045564022 bcsId: 4316} | ret=SUCCESS |  
2019-08-23 02:48:39,449 | INFO  | DNAudit | user=null | ip=null | op=PUT_BLOCK {blockData=[blockId=conID: 1 locID: 102664013045564022 bcsId: 0,size=2097152]} | ret=SUCCESS |  
2019-08-23 02:48:39,450 | INFO  | DNAudit | user=null | ip=null | op=PUT_BLOCK {blockData=[blockId=conID: 1 locID: 102664013045564022 bcsId: 0,size=3145728]} | ret=SUCCESS |  
2019-08-23 02:48:39,450 [grpc-default-executor-6] INFO  client.GrpcClientProtocolClient (GrpcClientProtocolClient.java:onNext(255)) - client-B268B4322F32->17750241-545b-4219-93a1-14a6ea3d85be: receive RaftClientReply:client-B268B4322F32->17750241-545b-4219-93a1-14a6ea3d85be@group-C33FBD9556F2, cid=2869, SUCCESS, logIndex=4321, commits[17750241-545b-4219-93a1-14a6ea3d85be:c4322, 4eaaa090-573e-41d3-9f8c-c99e236d806a:c4320, 5f4cf9ee-4bed-49de-adaa-861aec894328:c4320]
2019-08-23 02:48:39,450 [grpc-default-executor-6] INFO  client.GrpcClientProtocolClient (GrpcClientProtocolClient.java:onNext(255)) - client-B268B4322F32->17750241-545b-4219-93a1-14a6ea3d85be: receive RaftClientReply:client-B268B4322F32->17750241-545b-4219-93a1-14a6ea3d85be@group-C33FBD9556F2, cid=2870, SUCCESS, logIndex=4322, commits[17750241-545b-4219-93a1-14a6ea3d85be:c4322, 4eaaa090-573e-41d3-9f8c-c99e236d806a:c4320, 5f4cf9ee-4bed-49de-adaa-861aec894328:c4320]
2019-08-23 02:48:39,457 | INFO  | DNAudit | user=null | ip=null | op=WRITE_CHUNK {blockData=conID: 1 locID: 102664013045564022 bcsId: 4322} | ret=SUCCESS |  
2019-08-23 02:48:39,460 | INFO  | DNAudit | user=null | ip=null | op=WRITE_CHUNK {blockData=conID: 1 locID: 102664013045564022 bcsId: 4322} | ret=SUCCESS |  
2019-08-23 02:48:39,460 | INFO  | DNAudit | user=null | ip=null | op=WRITE_CHUNK {blockData=conID: 1 locID: 102664013045564022 bcsId: 4322} | ret=SUCCESS |  
2019-08-23 02:48:39,462 | INFO  | DNAudit | user=null | ip=null | op=WRITE_CHUNK {blockData=conID: 1 locID: 102664013045564022 bcsId: 4316} | ret=SUCCESS |  
2019-08-23 02:48:39,463 | INFO  | DNAudit | user=null | ip=null | op=WRITE_CHUNK {blockData=conID: 1 locID: 102664013045564022 bcsId: 4316} | ret=SUCCESS |  
2019-08-23 02:48:39,475 | INFO  | DNAudit | user=null | ip=null | op=PUT_BLOCK {blockData=[blockId=conID: 1 locID: 102664013045564022 bcsId: 0,size=3145728]} | ret=SUCCESS |  
2019-08-23 02:48:39,475 | INFO  | DNAudit | user=null | ip=null | op=PUT_BLOCK {blockData=[blockId=conID: 1 locID: 102664013045564022 bcsId: 0,size=3145728]} | ret=SUCCESS |  
2019-08-23 02:48:39,476 | INFO  | DNAudit | user=null | ip=null | op=WRITE_CHUNK {blockData=conID: 1 locID: 102664013045564022 bcsId: 4322} | ret=SUCCESS |  
2019-08-23 02:48:39,476 | INFO  | DNAudit | user=null | ip=null | op=PUT_BLOCK {blockData=[blockId=conID: 1 locID: 102664013045564022 bcsId: 0,size=4194304]} | ret=SUCCESS |  
2019-08-23 02:48:39,476 [grpc-default-executor-6] INFO  client.GrpcClientProtocolClient (GrpcClientProtocolClient.java:onNext(255)) - client-B268B4322F32->17750241-545b-4219-93a1-14a6ea3d85be: receive RaftClientReply:client-B268B4322F32->17750241-545b-4219-93a1-14a6ea3d85be@group-C33FBD9556F2, cid=2871, SUCCESS, logIndex=4325, commits[17750241-545b-4219-93a1-14a6ea3d85be:c4325, 4eaaa090-573e-41d3-9f8c-c99e236d806a:c4322, 5f4cf9ee-4bed-49de-adaa-861aec894328:c4322]
2019-08-23 02:48:39,477 [grpc-default-executor-6] INFO  client.GrpcClientProtocolClient (GrpcClientProtocolClient.java:onNext(255)) - client-B268B4322F32->17750241-545b-4219-93a1-14a6ea3d85be: receive RaftClientReply:client-B268B4322F32->17750241-545b-4219-93a1-14a6ea3d85be@group-C33FBD9556F2, cid=2872, SUCCESS, logIndex=4326, commits[17750241-545b-4219-93a1-14a6ea3d85be:c4326, 4eaaa090-573e-41d3-9f8c-c99e236d806a:c4322, 5f4cf9ee-4bed-49de-adaa-861aec894328:c4322]
2019-08-23 02:48:39,489 | INFO  | DNAudit | user=null | ip=null | op=WRITE_CHUNK {blockData=conID: 1 locID: 102664013045564022 bcsId: 4322} | ret=SUCCESS |  
2019-08-23 02:48:39,489 | INFO  | DNAudit | user=null | ip=null | op=WRITE_CHUNK {blockData=conID: 1 locID: 102664013045564022 bcsId: 4322} | ret=SUCCESS |  
2019-08-23 02:48:39,490 | INFO  | DNAudit | user=null | ip=null | op=PUT_BLOCK {blockData=[blockId=conID: 1 locID: 102664013045564022 bcsId: 0,size=4194304]} | ret=SUCCESS |  
2019-08-23 02:48:39,490 | INFO  | DNAudit | user=null | ip=null | op=PUT_BLOCK {blockData=[blockId=conID: 1 locID: 102664013045564022 bcsId: 0,size=4194304]} | ret=SUCCESS |  
2019-08-23 02:48:39,491 [grpc-default-executor-6] INFO  client.GrpcClientProtocolClient (GrpcClientProtocolClient.java:onNext(255)) - client-B268B4322F32->17750241-545b-4219-93a1-14a6ea3d85be: receive RaftClientReply:client-B268B4322F32->17750241-545b-4219-93a1-14a6ea3d85be@group-C33FBD9556F2, cid=2873, SUCCESS, logIndex=0, commits[17750241-545b-4219-93a1-14a6ea3d85be:c4328, 4eaaa090-573e-41d3-9f8c-c99e236d806a:c4326, 5f4cf9ee-4bed-49de-adaa-861aec894328:c4326]
2019-08-23 02:48:39,493 | INFO  | SCMAudit | user=jenkins1000 | ip=192.168.34.22 | op=ALLOCATE_BLOCK {owner=31d65bc3-3f70-45f5-bbc5-e3a15f967ba6, size=4194304, type=RATIS, factor=THREE} | ret=SUCCESS |  
2019-08-23 02:48:39,499 | INFO  | OMAudit | user=jenkins1000 | ip=127.0.0.1 | op=ALLOCATE_BLOCK {volume=vol-0-78052, bucket=bucket-0-33874, key=key-0-20719, dataSize=2147483657, replicationType=RATIS, replicationFactor=THREE, keyLocationInfo=[], clientID=102664010308846034} | ret=SUCCESS |  
2019-08-23 02:48:39,513 | INFO  | DNAudit | user=null | ip=null | op=WRITE_CHUNK {blockData=conID: 2 locID: 102664013053493879 bcsId: 0} | ret=SUCCESS |  
2019-08-23 02:48:39,515 | INFO  | DNAudit | user=null | ip=null | op=WRITE_CHUNK {blockData=conID: 2 locID: 102664013053493879 bcsId: 0} | ret=SUCCESS |  
2019-08-23 02:48:39,516 | INFO  | DNAudit | user=null | ip=null | op=WRITE_CHUNK {blockData=conID: 2 locID: 102664013053493879 bcsId: 0} | ret=SUCCESS |  
2019-08-23 02:48:39,516 | INFO  | DNAudit | user=null | ip=null | op=WRITE_CHUNK {blockData=conID: 2 locID: 102664013053493879 bcsId: 0} | ret=SUCCESS |  
2019-08-23 02:48:39,518 | INFO  | DNAudit | user=null | ip=null | op=WRITE_CHUNK {blockData=conID: 2 locID: 102664013053493879 bcsId: 0} | ret=SUCCESS |  
2019-08-23 02:48:39,518 | INFO  | DNAudit | user=null | ip=null | op=WRITE_CHUNK {blockData=conID: 2 locID: 102664013053493879 bcsId: 0} | ret=SUCCESS |  
2019-08-23 02:48:39,535 | INFO  | DNAudit | user=null | ip=null | op=WRITE_CHUNK {blockData=conID: 2 locID: 102664013053493879 bcsId: 0} | ret=SUCCESS |  
2019-08-23 02:48:39,536 | INFO  | DNAudit | user=null | ip=null | op=PUT_BLOCK {blockData=[blockId=conID: 2 locID: 102664013053493879 bcsId: 0,size=1048576]} | ret=SUCCESS |  
2019-08-23 02:48:39,536 [grpc-default-executor-1] INFO  client.GrpcClientProtocolClient (GrpcClientProtocolClient.java:onNext(255)) - client-B268B4322F32->17750241-545b-4219-93a1-14a6ea3d85be: receive RaftClientReply:client-B268B4322F32->17750241-545b-4219-93a1-14a6ea3d85be@group-C33FBD9556F2, cid=2874, SUCCESS, logIndex=4329, commits[17750241-545b-4219-93a1-14a6ea3d85be:c4330, 4eaaa090-573e-41d3-9f8c-c99e236d806a:c4328, 5f4cf9ee-4bed-49de-adaa-861aec894328:c4328]
2019-08-23 02:48:39,537 | INFO  | DNAudit | user=null | ip=null | op=WRITE_CHUNK {blockData=conID: 2 locID: 102664013053493879 bcsId: 0} | ret=SUCCESS |  
2019-08-23 02:48:39,537 | INFO  | DNAudit | user=null | ip=null | op=WRITE_CHUNK {blockData=conID: 2 locID: 102664013053493879 bcsId: 0} | ret=SUCCESS |  
2019-08-23 02:48:39,537 | INFO  | DNAudit | user=null | ip=null | op=PUT_BLOCK {blockData=[blockId=conID: 2 locID: 102664013053493879 bcsId: 0,size=1048576]} | ret=SUCCESS |  
2019-08-23 02:48:39,537 [grpc-default-executor-1] INFO  client.GrpcClientProtocolClient (GrpcClientProtocolClient.java:onNext(255)) - client-B268B4322F32->17750241-545b-4219-93a1-14a6ea3d85be: receive RaftClientReply:client-B268B4322F32->17750241-545b-4219-93a1-14a6ea3d85be@group-C33FBD9556F2, cid=2875, SUCCESS, logIndex=4330, commits[17750241-545b-4219-93a1-14a6ea3d85be:c4332, 4eaaa090-573e-41d3-9f8c-c99e236d806a:c4328, 5f4cf9ee-4bed-49de-adaa-861aec894328:c4328]
2019-08-23 02:48:39,537 | INFO  | DNAudit | user=null | ip=null | op=PUT_BLOCK {blockData=[blockId=conID: 2 locID: 102664013053493879 bcsId: 0,size=2097152]} | ret=SUCCESS |  
2019-08-23 02:48:39,537 [grpc-default-executor-1] INFO  client.GrpcClientProtocolClient (GrpcClientProtocolClient.java:onNext(255)) - client-B268B4322F32->17750241-545b-4219-93a1-14a6ea3d85be: receive RaftClientReply:client-B268B4322F32->17750241-545b-4219-93a1-14a6ea3d85be@group-C33FBD9556F2, cid=2876, SUCCESS, logIndex=4331, commits[17750241-545b-4219-93a1-14a6ea3d85be:c4332, 4eaaa090-573e-41d3-9f8c-c99e236d806a:c4328, 5f4cf9ee-4bed-49de-adaa-861aec894328:c4330]
2019-08-23 02:48:39,538 [grpc-default-executor-1] INFO  client.GrpcClientProtocolClient (GrpcClientProtocolClient.java:onNext(255)) - client-B268B4322F32->17750241-545b-4219-93a1-14a6ea3d85be: receive RaftClientReply:client-B268B4322F32->17750241-545b-4219-93a1-14a6ea3d85be@group-C33FBD9556F2, cid=2877, SUCCESS, logIndex=4332, commits[17750241-545b-4219-93a1-14a6ea3d85be:c4333, 4eaaa090-573e-41d3-9f8c-c99e236d806a:c4328, 5f4cf9ee-4bed-49de-adaa-861aec894328:c4330]
2019-08-23 02:48:39,539 | INFO  | DNAudit | user=null | ip=null | op=WRITE_CHUNK {blockData=conID: 2 locID: 102664013053493879 bcsId: 0} | ret=SUCCESS |  
2019-08-23 02:48:39,540 | INFO  | DNAudit | user=null | ip=null | op=PUT_BLOCK {blockData=[blockId=conID: 2 locID: 102664013053493879 bcsId: 0,size=1048576]} | ret=SUCCESS |  
2019-08-23 02:48:39,540 [grpc-default-executor-1] INFO  client.GrpcClientProtocolClient (GrpcClientProtocolClient.java:onNext(255)) - client-B268B4322F32->17750241-545b-4219-93a1-14a6ea3d85be: receive RaftClientReply:client-B268B4322F32->17750241-545b-4219-93a1-14a6ea3d85be@group-C33FBD9556F2, cid=2878, SUCCESS, logIndex=0, commits[17750241-545b-4219-93a1-14a6ea3d85be:c4333, 4eaaa090-573e-41d3-9f8c-c99e236d806a:c4330, 5f4cf9ee-4bed-49de-adaa-861aec894328:c4330]
2019-08-23 02:48:39,547 | INFO  | DNAudit | user=null | ip=null | op=WRITE_CHUNK {blockData=conID: 2 locID: 102664013053493879 bcsId: 4332} | ret=SUCCESS |  
2019-08-23 02:48:39,549 | INFO  | DNAudit | user=null | ip=null | op=WRITE_CHUNK {blockData=conID: 2 locID: 102664013053493879 bcsId: 4332} | ret=SUCCESS |  
2019-08-23 02:48:39,549 | INFO  | DNAudit | user=null | ip=null | op=WRITE_CHUNK {blockData=conID: 2 locID: 102664013053493879 bcsId: 4332} | ret=SUCCESS |  
2019-08-23 02:48:39,550 | INFO  | DNAudit | user=null | ip=null | op=WRITE_CHUNK {blockData=conID: 2 locID: 102664013053493879 bcsId: 0} | ret=SUCCESS |  
2019-08-23 02:48:39,550 | INFO  | DNAudit | user=null | ip=null | op=WRITE_CHUNK {blockData=conID: 2 locID: 102664013053493879 bcsId: 0} | ret=SUCCESS |  
2019-08-23 02:48:39,551 | INFO  | DNAudit | user=null | ip=null | op=PUT_BLOCK {blockData=[blockId=conID: 2 locID: 102664013053493879 bcsId: 0,size=2097152]} | ret=SUCCESS |  
2019-08-23 02:48:39,551 | INFO  | DNAudit | user=null | ip=null | op=PUT_BLOCK {blockData=[blockId=conID: 2 locID: 102664013053493879 bcsId: 0,size=2097152]} | ret=SUCCESS |  
2019-08-23 02:48:39,551 | INFO  | DNAudit | user=null | ip=null | op=WRITE_CHUNK {blockData=conID: 2 locID: 102664013053493879 bcsId: 4332} | ret=SUCCESS |  
2019-08-23 02:48:39,552 | INFO  | DNAudit | user=null | ip=null | op=PUT_BLOCK {blockData=[blockId=conID: 2 locID: 102664013053493879 bcsId: 0,size=3145728]} | ret=SUCCESS |  
2019-08-23 02:48:39,552 [grpc-default-executor-1] INFO  client.GrpcClientProtocolClient (GrpcClientProtocolClient.java:onNext(255)) - client-B268B4322F32->17750241-545b-4219-93a1-14a6ea3d85be: receive RaftClientReply:client-B268B4322F32->17750241-545b-4219-93a1-14a6ea3d85be@group-C33FBD9556F2, cid=2879, SUCCESS, logIndex=4336, commits[17750241-545b-4219-93a1-14a6ea3d85be:c4337, 4eaaa090-573e-41d3-9f8c-c99e236d806a:c4332, 5f4cf9ee-4bed-49de-adaa-861aec894328:c4334]
2019-08-23 02:48:39,552 [grpc-default-executor-1] INFO  client.GrpcClientProtocolClient (GrpcClientProtocolClient.java:onNext(255)) - client-B268B4322F32->17750241-545b-4219-93a1-14a6ea3d85be: receive RaftClientReply:client-B268B4322F32->17750241-545b-4219-93a1-14a6ea3d85be@group-C33FBD9556F2, cid=2880, SUCCESS, logIndex=4337, commits[17750241-545b-4219-93a1-14a6ea3d85be:c4337, 4eaaa090-573e-41d3-9f8c-c99e236d806a:c4334, 5f4cf9ee-4bed-49de-adaa-861aec894328:c4334]
2019-08-23 02:48:39,559 | INFO  | DNAudit | user=null | ip=null | op=WRITE_CHUNK {blockData=conID: 2 locID: 102664013053493879 bcsId: 4337} | ret=SUCCESS |  
2019-08-23 02:48:39,562 | INFO  | DNAudit | user=null | ip=null | op=WRITE_CHUNK {blockData=conID: 2 locID: 102664013053493879 bcsId: 4337} | ret=SUCCESS |  
2019-08-23 02:48:39,562 | INFO  | DNAudit | user=null | ip=null | op=WRITE_CHUNK {blockData=conID: 2 locID: 102664013053493879 bcsId: 4337} | ret=SUCCESS |  
2019-08-23 02:48:39,563 | INFO  | DNAudit | user=null | ip=null | op=WRITE_CHUNK {blockData=conID: 2 locID: 102664013053493879 bcsId: 4332} | ret=SUCCESS |  
2019-08-23 02:48:39,563 | INFO  | DNAudit | user=null | ip=null | op=PUT_BLOCK {blockData=[blockId=conID: 2 locID: 102664013053493879 bcsId: 0,size=3145728]} | ret=SUCCESS |  
2019-08-23 02:48:39,563 | INFO  | DNAudit | user=null | ip=null | op=WRITE_CHUNK {blockData=conID: 2 locID: 102664013053493879 bcsId: 4332} | ret=SUCCESS |  
2019-08-23 02:48:39,563 | INFO  | DNAudit | user=null | ip=null | op=PUT_BLOCK {blockData=[blockId=conID: 2 locID: 102664013053493879 bcsId: 0,size=3145728]} | ret=SUCCESS |  
2019-08-23 02:48:39,566 | INFO  | DNAudit | user=null | ip=null | op=WRITE_CHUNK {blockData=conID: 2 locID: 102664013053493879 bcsId: 4337} | ret=SUCCESS |  
2019-08-23 02:48:39,566 | INFO  | DNAudit | user=null | ip=null | op=PUT_BLOCK {blockData=[blockId=conID: 2 locID: 102664013053493879 bcsId: 0,size=4194304]} | ret=SUCCESS |  
2019-08-23 02:48:39,566 [grpc-default-executor-6] INFO  client.GrpcClientProtocolClient (GrpcClientProtocolClient.java:onNext(255)) - client-B268B4322F32->17750241-545b-4219-93a1-14a6ea3d85be: receive RaftClientReply:client-B268B4322F32->17750241-545b-4219-93a1-14a6ea3d85be@group-C33FBD9556F2, cid=2881, SUCCESS, logIndex=4340, commits[17750241-545b-4219-93a1-14a6ea3d85be:c4341, 4eaaa090-573e-41d3-9f8c-c99e236d806a:c4337, 5f4cf9ee-4bed-49de-adaa-861aec894328:c4337]
2019-08-23 02:48:39,567 [grpc-default-executor-6] INFO  client.GrpcClientProtocolClient (GrpcClientProtocolClient.java:onNext(255)) - client-B268B4322F32->17750241-545b-4219-93a1-14a6ea3d85be: receive RaftClientReply:client-B268B4322F32->17750241-545b-4219-93a1-14a6ea3d85be@group-C33FBD9556F2, cid=2882, SUCCESS, logIndex=4341, commits[17750241-545b-4219-93a1-14a6ea3d85be:c4341, 4eaaa090-573e-41d3-9f8c-c99e236d806a:c4337, 5f4cf9ee-4bed-49de-adaa-861aec894328:c4337]
2019-08-23 02:48:39,579 | INFO  | DNAudit | user=null | ip=null | op=WRITE_CHUNK {blockData=conID: 2 locID: 102664013053493879 bcsId: 4337} | ret=SUCCESS |  
2019-08-23 02:48:39,579 | INFO  | DNAudit | user=null | ip=null | op=WRITE_CHUNK {blockData=conID: 2 locID: 102664013053493879 bcsId: 4337} | ret=SUCCESS |  
2019-08-23 02:48:39,579 | INFO  | DNAudit | user=null | ip=null | op=PUT_BLOCK {blockData=[blockId=conID: 2 locID: 102664013053493879 bcsId: 0,size=4194304]} | ret=SUCCESS |  
2019-08-23 02:48:39,579 | INFO  | DNAudit | user=null | ip=null | op=PUT_BLOCK {blockData=[blockId=conID: 2 locID: 102664013053493879 bcsId: 0,size=4194304]} | ret=SUCCESS |  
2019-08-23 02:48:39,580 [grpc-default-executor-6] INFO  client.GrpcClientProtocolClient (GrpcClientProtocolClient.java:onNext(255)) - client-B268B4322F32->17750241-545b-4219-93a1-14a6ea3d85be: receive RaftClientReply:client-B268B4322F32->17750241-545b-4219-93a1-14a6ea3d85be@group-C33FBD9556F2, cid=2883, SUCCESS, logIndex=0, commits[17750241-545b-4219-93a1-14a6ea3d85be:c4342, 4eaaa090-573e-41d3-9f8c-c99e236d806a:c4341, 5f4cf9ee-4bed-49de-adaa-861aec894328:c4341]
2019-08-23 02:48:39,582 | INFO  | SCMAudit | user=jenkins1000 | ip=192.168.34.22 | op=ALLOCATE_BLOCK {owner=31d65bc3-3f70-45f5-bbc5-e3a15f967ba6, size=4194304, type=RATIS, factor=THREE} | ret=SUCCESS |  
2019-08-23 02:48:39,588 | INFO  | OMAudit | user=jenkins1000 | ip=127.0.0.1 | op=ALLOCATE_BLOCK {volume=vol-0-78052, bucket=bucket-0-33874, key=key-0-20719, dataSize=2147483657, replicationType=RATIS, replicationFactor=THREE, keyLocationInfo=[], clientID=102664010308846034} | ret=SUCCESS |  
2019-08-23 02:48:39,601 | INFO  | DNAudit | user=null | ip=null | op=WRITE_CHUNK {blockData=conID: 3 locID: 102664013059326584 bcsId: 0} | ret=SUCCESS |  
2019-08-23 02:48:39,604 | INFO  | DNAudit | user=null | ip=null | op=WRITE_CHUNK {blockData=conID: 3 locID: 102664013059326584 bcsId: 0} | ret=SUCCESS |  
2019-08-23 02:48:39,605 | INFO  | DNAudit | user=null | ip=null | op=WRITE_CHUNK {blockData=conID: 3 locID: 102664013059326584 bcsId: 0} | ret=SUCCESS |  
2019-08-23 02:48:39,605 | INFO  | DNAudit | user=null | ip=null | op=WRITE_CHUNK {blockData=conID: 3 locID: 102664013059326584 bcsId: 0} | ret=SUCCESS |  
2019-08-23 02:48:39,606 | INFO  | DNAudit | user=null | ip=null | op=WRITE_CHUNK {blockData=conID: 3 locID: 102664013059326584 bcsId: 0} | ret=SUCCESS |  
2019-08-23 02:48:39,606 | INFO  | DNAudit | user=null | ip=null | op=WRITE_CHUNK {blockData=conID: 3 locID: 102664013059326584 bcsId: 0} | ret=SUCCESS |  
2019-08-23 02:48:39,619 | INFO  | DNAudit | user=null | ip=null | op=WRITE_CHUNK {blockData=conID: 3 locID: 102664013059326584 bcsId: 0} | ret=SUCCESS |  
2019-08-23 02:48:39,620 | INFO  | DNAudit | user=null | ip=null | op=PUT_BLOCK {blockData=[blockId=conID: 3 locID: 102664013059326584 bcsId: 0,size=1048576]} | ret=SUCCESS |  
2019-08-23 02:48:39,621 | INFO  | DNAudit | user=null | ip=null | op=WRITE_CHUNK {blockData=conID: 3 locID: 102664013059326584 bcsId: 0} | ret=SUCCESS |  
2019-08-23 02:48:39,620 [grpc-default-executor-1] INFO  client.GrpcClientProtocolClient (GrpcClientProtocolClient.java:onNext(255)) - client-B268B4322F32->17750241-545b-4219-93a1-14a6ea3d85be: receive RaftClientReply:client-B268B4322F32->17750241-545b-4219-93a1-14a6ea3d85be@group-C33FBD9556F2, cid=2884, SUCCESS, logIndex=4343, commits[17750241-545b-4219-93a1-14a6ea3d85be:c4346, 4eaaa090-573e-41d3-9f8c-c99e236d806a:c4342, 5f4cf9ee-4bed-49de-adaa-861aec894328:c4342]
2019-08-23 02:48:39,621 | INFO  | DNAudit | user=null | ip=null | op=PUT_BLOCK {blockData=[blockId=conID: 3 locID: 102664013059326584 bcsId: 0,size=2097152]} | ret=SUCCESS |  
2019-08-23 02:48:39,621 [grpc-default-executor-1] INFO  client.GrpcClientProtocolClient (GrpcClientProtocolClient.java:onNext(255)) - client-B268B4322F32->17750241-545b-4219-93a1-14a6ea3d85be: receive RaftClientReply:client-B268B4322F32->17750241-545b-4219-93a1-14a6ea3d85be@group-C33FBD9556F2, cid=2885, SUCCESS, logIndex=4344, commits[17750241-545b-4219-93a1-14a6ea3d85be:c4346, 4eaaa090-573e-41d3-9f8c-c99e236d806a:c4342, 5f4cf9ee-4bed-49de-adaa-861aec894328:c4342]
2019-08-23 02:48:39,622 [grpc-default-executor-1] INFO  client.GrpcClientProtocolClient (GrpcClientProtocolClient.java:onNext(255)) - client-B268B4322F32->17750241-545b-4219-93a1-14a6ea3d85be: receive RaftClientReply:client-B268B4322F32->17750241-545b-4219-93a1-14a6ea3d85be@group-C33FBD9556F2, cid=2886, SUCCESS, logIndex=4345, commits[17750241-545b-4219-93a1-14a6ea3d85be:c4346, 4eaaa090-573e-41d3-9f8c-c99e236d806a:c4342, 5f4cf9ee-4bed-49de-adaa-861aec894328:c4342]
2019-08-23 02:48:39,622 [grpc-default-executor-1] INFO  client.GrpcClientProtocolClient (GrpcClientProtocolClient.java:onNext(255)) - client-B268B4322F32->17750241-545b-4219-93a1-14a6ea3d85be: receive RaftClientReply:client-B268B4322F32->17750241-545b-4219-93a1-14a6ea3d85be@group-C33FBD9556F2, cid=2887, SUCCESS, logIndex=4346, commits[17750241-545b-4219-93a1-14a6ea3d85be:c4346, 4eaaa090-573e-41d3-9f8c-c99e236d806a:c4342, 5f4cf9ee-4bed-49de-adaa-861aec894328:c4342]
2019-08-23 02:48:39,631 | INFO  | DNAudit | user=null | ip=null | op=WRITE_CHUNK {blockData=conID: 3 locID: 102664013059326584 bcsId: 0} | ret=SUCCESS |  
2019-08-23 02:48:39,631 | INFO  | DNAudit | user=null | ip=null | op=WRITE_CHUNK {blockData=conID: 3 locID: 102664013059326584 bcsId: 0} | ret=SUCCESS |  
2019-08-23 02:48:39,631 | INFO  | DNAudit | user=null | ip=null | op=PUT_BLOCK {blockData=[blockId=conID: 3 locID: 102664013059326584 bcsId: 0,size=1048576]} | ret=SUCCESS |  
2019-08-23 02:48:39,631 | INFO  | DNAudit | user=null | ip=null | op=PUT_BLOCK {blockData=[blockId=conID: 3 locID: 102664013059326584 bcsId: 0,size=1048576]} | ret=SUCCESS |  
2019-08-23 02:48:39,632 | INFO  | DNAudit | user=null | ip=null | op=WRITE_CHUNK {blockData=conID: 3 locID: 102664013059326584 bcsId: 0} | ret=SUCCESS |  
2019-08-23 02:48:39,631 [grpc-default-executor-1] INFO  client.GrpcClientProtocolClient (GrpcClientProtocolClient.java:onNext(255)) - client-B268B4322F32->17750241-545b-4219-93a1-14a6ea3d85be: receive RaftClientReply:client-B268B4322F32->17750241-545b-4219-93a1-14a6ea3d85be@group-C33FBD9556F2, cid=2888, SUCCESS, logIndex=0, commits[17750241-545b-4219-93a1-14a6ea3d85be:c4347, 4eaaa090-573e-41d3-9f8c-c99e236d806a:c4344, 5f4cf9ee-4bed-49de-adaa-861aec894328:c4344]
2019-08-23 02:48:39,634 | INFO  | DNAudit | user=null | ip=null | op=PUT_BLOCK {blockData=[blockId=conID: 3 locID: 102664013059326584 bcsId: 0,size=2097152]} | ret=SUCCESS |  
2019-08-23 02:48:39,634 | INFO  | DNAudit | user=null | ip=null | op=WRITE_CHUNK {blockData=conID: 3 locID: 102664013059326584 bcsId: 0} | ret=SUCCESS |  
2019-08-23 02:48:39,634 | INFO  | DNAudit | user=null | ip=null | op=PUT_BLOCK {blockData=[blockId=conID: 3 locID: 102664013059326584 bcsId: 0,size=2097152]} | ret=SUCCESS |  
2019-08-23 02:48:39,639 | INFO  | DNAudit | user=null | ip=null | op=WRITE_CHUNK {blockData=conID: 3 locID: 102664013059326584 bcsId: 4346} | ret=SUCCESS |  
2019-08-23 02:48:39,642 | INFO  | DNAudit | user=null | ip=null | op=WRITE_CHUNK {blockData=conID: 3 locID: 102664013059326584 bcsId: 4346} | ret=SUCCESS |  
2019-08-23 02:48:39,642 | INFO  | DNAudit | user=null | ip=null | op=WRITE_CHUNK {blockData=conID: 3 locID: 102664013059326584 bcsId: 4346} | ret=SUCCESS |  
2019-08-23 02:48:39,654 | INFO  | DNAudit | user=null | ip=null | op=WRITE_CHUNK {blockData=conID: 3 locID: 102664013059326584 bcsId: 4346} | ret=SUCCESS |  
2019-08-23 02:48:39,654 | INFO  | DNAudit | user=null | ip=null | op=PUT_BLOCK {blockData=[blockId=conID: 3 locID: 102664013059326584 bcsId: 0,size=3145728]} | ret=SUCCESS |  
2019-08-23 02:48:39,654 [grpc-default-executor-5] INFO  client.GrpcClientProtocolClient (GrpcClientProtocolClient.java:onNext(255)) - client-B268B4322F32->17750241-545b-4219-93a1-14a6ea3d85be: receive RaftClientReply:client-B268B4322F32->17750241-545b-4219-93a1-14a6ea3d85be@group-C33FBD9556F2, cid=2889, SUCCESS, logIndex=4351, commits[17750241-545b-4219-93a1-14a6ea3d85be:c4352, 4eaaa090-573e-41d3-9f8c-c99e236d806a:c4350, 5f4cf9ee-4bed-49de-adaa-861aec894328:c4350]
2019-08-23 02:48:39,655 [grpc-default-executor-5] INFO  client.GrpcClientProtocolClient (GrpcClientProtocolClient.java:onNext(255)) - client-B268B4322F32->17750241-545b-4219-93a1-14a6ea3d85be: receive RaftClientReply:client-B268B4322F32->17750241-545b-4219-93a1-14a6ea3d85be@group-C33FBD9556F2, cid=2890, SUCCESS, logIndex=4352, commits[17750241-545b-4219-93a1-14a6ea3d85be:c4352, 4eaaa090-573e-41d3-9f8c-c99e236d806a:c4350, 5f4cf9ee-4bed-49de-adaa-861aec894328:c4350]
2019-08-23 02:48:39,663 | INFO  | DNAudit | user=null | ip=null | op=WRITE_CHUNK {blockData=conID: 3 locID: 102664013059326584 bcsId: 4352} | ret=SUCCESS |  
2019-08-23 02:48:39,666 | INFO  | DNAudit | user=null | ip=null | op=WRITE_CHUNK {blockData=conID: 3 locID: 102664013059326584 bcsId: 4346} | ret=SUCCESS |  
2019-08-23 02:48:39,666 | INFO  | DNAudit | user=null | ip=null | op=WRITE_CHUNK {blockData=conID: 3 locID: 102664013059326584 bcsId: 4352} | ret=SUCCESS |  
2019-08-23 02:48:39,666 | INFO  | DNAudit | user=null | ip=null | op=WRITE_CHUNK {blockData=conID: 3 locID: 102664013059326584 bcsId: 4346} | ret=SUCCESS |  
2019-08-23 02:48:39,667 | INFO  | DNAudit | user=null | ip=null | op=WRITE_CHUNK {blockData=conID: 3 locID: 102664013059326584 bcsId: 4352} | ret=SUCCESS |  
2019-08-23 02:48:39,667 | INFO  | DNAudit | user=null | ip=null | op=PUT_BLOCK {blockData=[blockId=conID: 3 locID: 102664013059326584 bcsId: 0,size=3145728]} | ret=SUCCESS |  
2019-08-23 02:48:39,667 | INFO  | DNAudit | user=null | ip=null | op=PUT_BLOCK {blockData=[blockId=conID: 3 locID: 102664013059326584 bcsId: 0,size=3145728]} | ret=SUCCESS |  
2019-08-23 02:48:39,680 | INFO  | DNAudit | user=null | ip=null | op=WRITE_CHUNK {blockData=conID: 3 locID: 102664013059326584 bcsId: 4352} | ret=SUCCESS |  
2019-08-23 02:48:39,681 | INFO  | DNAudit | user=null | ip=null | op=PUT_BLOCK {blockData=[blockId=conID: 3 locID: 102664013059326584 bcsId: 0,size=4194304]} | ret=SUCCESS |  
2019-08-23 02:48:39,681 [grpc-default-executor-1] INFO  client.GrpcClientProtocolClient (GrpcClientProtocolClient.java:onNext(255)) - client-B268B4322F32->17750241-545b-4219-93a1-14a6ea3d85be: receive RaftClientReply:client-B268B4322F32->17750241-545b-4219-93a1-14a6ea3d85be@group-C33FBD9556F2, cid=2891, SUCCESS, logIndex=4355, commits[17750241-545b-4219-93a1-14a6ea3d85be:c4356, 4eaaa090-573e-41d3-9f8c-c99e236d806a:c4352, 5f4cf9ee-4bed-49de-adaa-861aec894328:c4352]
2019-08-23 02:48:39,681 [grpc-default-executor-1] INFO  client.GrpcClientProtocolClient (GrpcClientProtocolClient.java:onNext(255)) - client-B268B4322F32->17750241-545b-4219-93a1-14a6ea3d85be: receive RaftClientReply:client-B268B4322F32->17750241-545b-4219-93a1-14a6ea3d85be@group-C33FBD9556F2, cid=2892, SUCCESS, logIndex=4356, commits[17750241-545b-4219-93a1-14a6ea3d85be:c4356, 4eaaa090-573e-41d3-9f8c-c99e236d806a:c4352, 5f4cf9ee-4bed-49de-adaa-861aec894328:c4352]
2019-08-23 02:48:39,694 | INFO  | DNAudit | user=null | ip=null | op=WRITE_CHUNK {blockData=conID: 3 locID: 102664013059326584 bcsId: 4352} | ret=SUCCESS |  
2019-08-23 02:48:39,694 | INFO  | DNAudit | user=null | ip=null | op=WRITE_CHUNK {blockData=conID: 3 locID: 102664013059326584 bcsId: 4352} | ret=SUCCESS |  
2019-08-23 02:48:39,694 | INFO  | DNAudit | user=null | ip=null | op=PUT_BLOCK {blockData=[blockId=conID: 3 locID: 102664013059326584 bcsId: 0,size=4194304]} | ret=SUCCESS |  
2019-08-23 02:48:39,694 | INFO  | DNAudit | user=null | ip=null | op=PUT_BLOCK {blockData=[blockId=conID: 3 locID: 102664013059326584 bcsId: 0,size=4194304]} | ret=SUCCESS |  
2019-08-23 02:48:39,694 [grpc-default-executor-5] INFO  client.GrpcClientProtocolClient (GrpcClientProtocolClient.java:onNext(255)) - client-B268B4322F32->17750241-545b-4219-93a1-14a6ea3d85be: receive RaftClientReply:client-B268B4322F32->17750241-545b-4219-93a1-14a6ea3d85be@group-C33FBD9556F2, cid=2893, SUCCESS, logIndex=0, commits[17750241-545b-4219-93a1-14a6ea3d85be:c4356, 4eaaa090-573e-41d3-9f8c-c99e236d806a:c4356, 5f4cf9ee-4bed-49de-adaa-861aec894328:c4356]
2019-08-23 02:48:39,696 | INFO  | SCMAudit | user=jenkins1000 | ip=192.168.34.22 | op=ALLOCATE_BLOCK {owner=31d65bc3-3f70-45f5-bbc5-e3a15f967ba6, size=4194304, type=RATIS, factor=THREE} | ret=SUCCESS |  
2019-08-23 02:48:39,702 | INFO  | OMAudit | user=jenkins1000 | ip=127.0.0.1 | op=ALLOCATE_BLOCK {volume=vol-0-78052, bucket=bucket-0-33874, key=key-0-20719, dataSize=2147483657, replicationType=RATIS, replicationFactor=THREE, keyLocationInfo=[], clientID=102664010308846034} | ret=SUCCESS |  
2019-08-23 02:48:39,714 | INFO  | DNAudit | user=null | ip=null | op=WRITE_CHUNK {blockData=conID: 1 locID: 102664013066797689 bcsId: 0} | ret=SUCCESS |  
2019-08-23 02:48:39,716 | INFO  | DNAudit | user=null | ip=null | op=WRITE_CHUNK {blockData=conID: 1 locID: 102664013066797689 bcsId: 0} | ret=SUCCESS |  
2019-08-23 02:48:39,717 | INFO  | DNAudit | user=null | ip=null | op=WRITE_CHUNK {blockData=conID: 1 locID: 102664013066797689 bcsId: 0} | ret=SUCCESS |  
2019-08-23 02:48:39,719 | INFO  | DNAudit | user=null | ip=null | op=WRITE_CHUNK {blockData=conID: 1 locID: 102664013066797689 bcsId: 0} | ret=SUCCESS |  
2019-08-23 02:48:39,721 | INFO  | DNAudit | user=null | ip=null | op=WRITE_CHUNK {blockData=conID: 1 locID: 102664013066797689 bcsId: 0} | ret=SUCCESS |  
2019-08-23 02:48:39,721 | INFO  | DNAudit | user=null | ip=null | op=WRITE_CHUNK {blockData=conID: 1 locID: 102664013066797689 bcsId: 0} | ret=SUCCESS |  
2019-08-23 02:48:39,727 | INFO  | DNAudit | user=null | ip=null | op=WRITE_CHUNK {blockData=conID: 1 locID: 102664013066797689 bcsId: 0} | ret=SUCCESS |  
2019-08-23 02:48:39,728 | INFO  | DNAudit | user=null | ip=null | op=PUT_BLOCK {blockData=[blockId=conID: 1 locID: 102664013066797689 bcsId: 0,size=1048576]} | ret=SUCCESS |  
2019-08-23 02:48:39,728 [grpc-default-executor-5] INFO  client.GrpcClientProtocolClient (GrpcClientProtocolClient.java:onNext(255)) - client-B268B4322F32->17750241-545b-4219-93a1-14a6ea3d85be: receive RaftClientReply:client-B268B4322F32->17750241-545b-4219-93a1-14a6ea3d85be@group-C33FBD9556F2, cid=2894, SUCCESS, logIndex=4359, commits[17750241-545b-4219-93a1-14a6ea3d85be:c4360, 4eaaa090-573e-41d3-9f8c-c99e236d806a:c4358, 5f4cf9ee-4bed-49de-adaa-861aec894328:c4358]
2019-08-23 02:48:39,728 [grpc-default-executor-5] INFO  client.GrpcClientProtocolClient (GrpcClientProtocolClient.java:onNext(255)) - client-B268B4322F32->17750241-545b-4219-93a1-14a6ea3d85be: receive RaftClientReply:client-B268B4322F32->17750241-545b-4219-93a1-14a6ea3d85be@group-C33FBD9556F2, cid=2895, SUCCESS, logIndex=4360, commits[17750241-545b-4219-93a1-14a6ea3d85be:c4360, 4eaaa090-573e-41d3-9f8c-c99e236d806a:c4358, 5f4cf9ee-4bed-49de-adaa-861aec894328:c4358]
2019-08-23 02:48:39,747 | INFO  | DNAudit | user=null | ip=null | op=WRITE_CHUNK {blockData=conID: 1 locID: 102664013066797689 bcsId: 0} | ret=SUCCESS |  
2019-08-23 02:48:39,747 | INFO  | DNAudit | user=null | ip=null | op=PUT_BLOCK {blockData=[blockId=conID: 1 locID: 102664013066797689 bcsId: 0,size=2097152]} | ret=SUCCESS |  
2019-08-23 02:48:39,747 [grpc-default-executor-5] INFO  client.GrpcClientProtocolClient (GrpcClientProtocolClient.java:onNext(255)) - client-B268B4322F32->17750241-545b-4219-93a1-14a6ea3d85be: receive RaftClientReply:client-B268B4322F32->17750241-545b-4219-93a1-14a6ea3d85be@group-C33FBD9556F2, cid=2896, SUCCESS, logIndex=4361, commits[17750241-545b-4219-93a1-14a6ea3d85be:c4362, 4eaaa090-573e-41d3-9f8c-c99e236d806a:c4358, 5f4cf9ee-4bed-49de-adaa-861aec894328:c4358]
2019-08-23 02:48:39,748 | INFO  | DNAudit | user=null | ip=null | op=WRITE_CHUNK {blockData=conID: 1 locID: 102664013066797689 bcsId: 0} | ret=SUCCESS |  
2019-08-23 02:48:39,748 | INFO  | DNAudit | user=null | ip=null | op=PUT_BLOCK {blockData=[blockId=conID: 1 locID: 102664013066797689 bcsId: 0,size=1048576]} | ret=SUCCESS |  
2019-08-23 02:48:39,748 [grpc-default-executor-6] INFO  client.GrpcClientProtocolClient (GrpcClientProtocolClient.java:onNext(255)) - client-B268B4322F32->17750241-545b-4219-93a1-14a6ea3d85be: receive RaftClientReply:client-B268B4322F32->17750241-545b-4219-93a1-14a6ea3d85be@group-C33FBD9556F2, cid=2897, SUCCESS, logIndex=4362, commits[17750241-545b-4219-93a1-14a6ea3d85be:c4362, 4eaaa090-573e-41d3-9f8c-c99e236d806a:c4358, 5f4cf9ee-4bed-49de-adaa-861aec894328:c4358]
2019-08-23 02:48:39,750 | INFO  | DNAudit | user=null | ip=null | op=WRITE_CHUNK {blockData=conID: 1 locID: 102664013066797689 bcsId: 0} | ret=SUCCESS |  
2019-08-23 02:48:39,750 | INFO  | DNAudit | user=null | ip=null | op=PUT_BLOCK {blockData=[blockId=conID: 1 locID: 102664013066797689 bcsId: 0,size=1048576]} | ret=SUCCESS |  
2019-08-23 02:48:39,750 [grpc-default-executor-6] INFO  client.GrpcClientProtocolClient (GrpcClientProtocolClient.java:onNext(255)) - client-B268B4322F32->17750241-545b-4219-93a1-14a6ea3d85be: receive RaftClientReply:client-B268B4322F32->17750241-545b-4219-93a1-14a6ea3d85be@group-C33FBD9556F2, cid=2898, SUCCESS, logIndex=0, commits[17750241-545b-4219-93a1-14a6ea3d85be:c4364, 4eaaa090-573e-41d3-9f8c-c99e236d806a:c4360, 5f4cf9ee-4bed-49de-adaa-861aec894328:c4360]
2019-08-23 02:48:39,757 | INFO  | DNAudit | user=null | ip=null | op=WRITE_CHUNK {blockData=conID: 1 locID: 102664013066797689 bcsId: 4362} | ret=SUCCESS |  
2019-08-23 02:48:39,759 | INFO  | DNAudit | user=null | ip=null | op=WRITE_CHUNK {blockData=conID: 1 locID: 102664013066797689 bcsId: 4362} | ret=SUCCESS |  
2019-08-23 02:48:39,759 | INFO  | DNAudit | user=null | ip=null | op=WRITE_CHUNK {blockData=conID: 1 locID: 102664013066797689 bcsId: 4362} | ret=SUCCESS |  
2019-08-23 02:48:39,761 | INFO  | DNAudit | user=null | ip=null | op=WRITE_CHUNK {blockData=conID: 1 locID: 102664013066797689 bcsId: 0} | ret=SUCCESS |  
2019-08-23 02:48:39,761 | INFO  | DNAudit | user=null | ip=null | op=PUT_BLOCK {blockData=[blockId=conID: 1 locID: 102664013066797689 bcsId: 0,size=2097152]} | ret=SUCCESS |  
2019-08-23 02:48:39,763 | INFO  | DNAudit | user=null | ip=null | op=WRITE_CHUNK {blockData=conID: 1 locID: 102664013066797689 bcsId: 0} | ret=SUCCESS |  
2019-08-23 02:48:39,763 | INFO  | DNAudit | user=null | ip=null | op=PUT_BLOCK {blockData=[blockId=conID: 1 locID: 102664013066797689 bcsId: 0,size=2097152]} | ret=SUCCESS |  
2019-08-23 02:48:39,766 | INFO  | DNAudit | user=null | ip=null | op=WRITE_CHUNK {blockData=conID: 1 locID: 102664013066797689 bcsId: 4362} | ret=SUCCESS |  
2019-08-23 02:48:39,766 | INFO  | DNAudit | user=null | ip=null | op=PUT_BLOCK {blockData=[blockId=conID: 1 locID: 102664013066797689 bcsId: 0,size=3145728]} | ret=SUCCESS |  
2019-08-23 02:48:39,766 [grpc-default-executor-5] INFO  client.GrpcClientProtocolClient (GrpcClientProtocolClient.java:onNext(255)) - client-B268B4322F32->17750241-545b-4219-93a1-14a6ea3d85be: receive RaftClientReply:client-B268B4322F32->17750241-545b-4219-93a1-14a6ea3d85be@group-C33FBD9556F2, cid=2899, SUCCESS, logIndex=4367, commits[17750241-545b-4219-93a1-14a6ea3d85be:c4368, 4eaaa090-573e-41d3-9f8c-c99e236d806a:c4364, 5f4cf9ee-4bed-49de-adaa-861aec894328:c4362]
2019-08-23 02:48:39,767 [grpc-default-executor-5] INFO  client.GrpcClientProtocolClient (GrpcClientProtocolClient.java:onNext(255)) - client-B268B4322F32->17750241-545b-4219-93a1-14a6ea3d85be: receive RaftClientReply:client-B268B4322F32->17750241-545b-4219-93a1-14a6ea3d85be@group-C33FBD9556F2, cid=2900, SUCCESS, logIndex=4368, commits[17750241-545b-4219-93a1-14a6ea3d85be:c4368, 4eaaa090-573e-41d3-9f8c-c99e236d806a:c4364, 5f4cf9ee-4bed-49de-adaa-861aec894328:c4364]
2019-08-23 02:48:39,769 | INFO  | DNAudit | user=null | ip=null | op=WRITE_CHUNK {blockData=conID: 1 locID: 102664013066797689 bcsId: 4362} | ret=SUCCESS |  
2019-08-23 02:48:39,769 | INFO  | DNAudit | user=null | ip=null | op=PUT_BLOCK {blockData=[blockId=conID: 1 locID: 102664013066797689 bcsId: 0,size=3145728]} | ret=SUCCESS |  
2019-08-23 02:48:39,769 | INFO  | DNAudit | user=null | ip=null | op=WRITE_CHUNK {blockData=conID: 1 locID: 102664013066797689 bcsId: 4362} | ret=SUCCESS |  
2019-08-23 02:48:39,770 | INFO  | DNAudit | user=null | ip=null | op=PUT_BLOCK {blockData=[blockId=conID: 1 locID: 102664013066797689 bcsId: 0,size=3145728]} | ret=SUCCESS |  
2019-08-23 02:48:39,773 | INFO  | DNAudit | user=null | ip=null | op=WRITE_CHUNK {blockData=conID: 1 locID: 102664013066797689 bcsId: 4368} | ret=SUCCESS |  
2019-08-23 02:48:39,775 | INFO  | DNAudit | user=null | ip=null | op=WRITE_CHUNK {blockData=conID: 1 locID: 102664013066797689 bcsId: 4368} | ret=SUCCESS |  
2019-08-23 02:48:39,775 | INFO  | DNAudit | user=null | ip=null | op=WRITE_CHUNK {blockData=conID: 1 locID: 102664013066797689 bcsId: 4368} | ret=SUCCESS |  
2019-08-23 02:48:39,789 | INFO  | DNAudit | user=null | ip=null | op=WRITE_CHUNK {blockData=conID: 1 locID: 102664013066797689 bcsId: 4368} | ret=SUCCESS |  
2019-08-23 02:48:39,789 | INFO  | DNAudit | user=null | ip=null | op=PUT_BLOCK {blockData=[blockId=conID: 1 locID: 102664013066797689 bcsId: 0,size=4194304]} | ret=SUCCESS |  
2019-08-23 02:48:39,789 [grpc-default-executor-5] INFO  client.GrpcClientProtocolClient (GrpcClientProtocolClient.java:onNext(255)) - client-B268B4322F32->17750241-545b-4219-93a1-14a6ea3d85be: receive RaftClientReply:client-B268B4322F32->17750241-545b-4219-93a1-14a6ea3d85be@group-C33FBD9556F2, cid=2901, SUCCESS, logIndex=4370, commits[17750241-545b-4219-93a1-14a6ea3d85be:c4371, 4eaaa090-573e-41d3-9f8c-c99e236d806a:c4369, 5f4cf9ee-4bed-49de-adaa-861aec894328:c4369]
2019-08-23 02:48:39,790 [grpc-default-executor-5] INFO  client.GrpcClientProtocolClient (GrpcClientProtocolClient.java:onNext(255)) - client-B268B4322F32->17750241-545b-4219-93a1-14a6ea3d85be: receive RaftClientReply:client-B268B4322F32->17750241-545b-4219-93a1-14a6ea3d85be@group-C33FBD9556F2, cid=2902, SUCCESS, logIndex=4371, commits[17750241-545b-4219-93a1-14a6ea3d85be:c4371, 4eaaa090-573e-41d3-9f8c-c99e236d806a:c4369, 5f4cf9ee-4bed-49de-adaa-861aec894328:c4369]
2019-08-23 02:48:39,801 | INFO  | DNAudit | user=null | ip=null | op=WRITE_CHUNK {blockData=conID: 1 locID: 102664013066797689 bcsId: 4368} | ret=SUCCESS |  
2019-08-23 02:48:39,801 | INFO  | DNAudit | user=null | ip=null | op=WRITE_CHUNK {blockData=conID: 1 locID: 102664013066797689 bcsId: 4368} | ret=SUCCESS |  
2019-08-23 02:48:39,803 | INFO  | DNAudit | user=null | ip=null | op=PUT_BLOCK {blockData=[blockId=conID: 1 locID: 102664013066797689 bcsId: 0,size=4194304]} | ret=SUCCESS |  
2019-08-23 02:48:39,803 | INFO  | DNAudit | user=null | ip=null | op=PUT_BLOCK {blockData=[blockId=conID: 1 locID: 102664013066797689 bcsId: 0,size=4194304]} | ret=SUCCESS |  
2019-08-23 02:48:39,804 [grpc-default-executor-6] INFO  client.GrpcClientProtocolClient (GrpcClientProtocolClient.java:onNext(255)) - client-B268B4322F32->17750241-545b-4219-93a1-14a6ea3d85be: receive RaftClientReply:client-B268B4322F32->17750241-545b-4219-93a1-14a6ea3d85be@group-C33FBD9556F2, cid=2903, SUCCESS, logIndex=0, commits[17750241-545b-4219-93a1-14a6ea3d85be:c4373, 4eaaa090-573e-41d3-9f8c-c99e236d806a:c4371, 5f4cf9ee-4bed-49de-adaa-861aec894328:c4371]
2019-08-23 02:48:39,806 | INFO  | SCMAudit | user=jenkins1000 | ip=192.168.34.22 | op=ALLOCATE_BLOCK {owner=31d65bc3-3f70-45f5-bbc5-e3a15f967ba6, size=4194304, type=RATIS, factor=THREE} | ret=SUCCESS |  
2019-08-23 02:48:39,812 | INFO  | OMAudit | user=jenkins1000 | ip=127.0.0.1 | op=ALLOCATE_BLOCK {volume=vol-0-78052, bucket=bucket-0-33874, key=key-0-20719, dataSize=2147483657, replicationType=RATIS, replicationFactor=THREE, keyLocationInfo=[], clientID=102664010308846034} | ret=SUCCESS |  
2019-08-23 02:48:39,822 | INFO  | DNAudit | user=null | ip=null | op=WRITE_CHUNK {blockData=conID: 2 locID: 102664013074006650 bcsId: 0} | ret=SUCCESS |  
2019-08-23 02:48:39,823 | INFO  | DNAudit | user=null | ip=null | op=WRITE_CHUNK {blockData=conID: 2 locID: 102664013074006650 bcsId: 0} | ret=SUCCESS |  
2019-08-23 02:48:39,824 | INFO  | DNAudit | user=null | ip=null | op=WRITE_CHUNK {blockData=conID: 2 locID: 102664013074006650 bcsId: 0} | ret=SUCCESS |  
2019-08-23 02:48:39,825 | INFO  | DNAudit | user=null | ip=null | op=WRITE_CHUNK {blockData=conID: 2 locID: 102664013074006650 bcsId: 0} | ret=SUCCESS |  
2019-08-23 02:48:39,826 | INFO  | DNAudit | user=null | ip=null | op=WRITE_CHUNK {blockData=conID: 2 locID: 102664013074006650 bcsId: 0} | ret=SUCCESS |  
2019-08-23 02:48:39,827 | INFO  | DNAudit | user=null | ip=null | op=WRITE_CHUNK {blockData=conID: 2 locID: 102664013074006650 bcsId: 0} | ret=SUCCESS |  
2019-08-23 02:48:39,851 | INFO  | DNAudit | user=null | ip=null | op=WRITE_CHUNK {blockData=conID: 2 locID: 102664013074006650 bcsId: 0} | ret=SUCCESS |  
2019-08-23 02:48:39,852 | INFO  | DNAudit | user=null | ip=null | op=PUT_BLOCK {blockData=[blockId=conID: 2 locID: 102664013074006650 bcsId: 0,size=1048576]} | ret=SUCCESS |  
2019-08-23 02:48:39,852 [grpc-default-executor-1] INFO  client.GrpcClientProtocolClient (GrpcClientProtocolClient.java:onNext(255)) - client-B268B4322F32->17750241-545b-4219-93a1-14a6ea3d85be: receive RaftClientReply:client-B268B4322F32->17750241-545b-4219-93a1-14a6ea3d85be@group-C33FBD9556F2, cid=2904, SUCCESS, logIndex=4374, commits[17750241-545b-4219-93a1-14a6ea3d85be:c4377, 4eaaa090-573e-41d3-9f8c-c99e236d806a:c4373, 5f4cf9ee-4bed-49de-adaa-861aec894328:c4371]
2019-08-23 02:48:39,853 | INFO  | DNAudit | user=null | ip=null | op=WRITE_CHUNK {blockData=conID: 2 locID: 102664013074006650 bcsId: 0} | ret=SUCCESS |  
2019-08-23 02:48:39,853 [grpc-default-executor-1] INFO  client.GrpcClientProtocolClient (GrpcClientProtocolClient.java:onNext(255)) - client-B268B4322F32->17750241-545b-4219-93a1-14a6ea3d85be: receive RaftClientReply:client-B268B4322F32->17750241-545b-4219-93a1-14a6ea3d85be@group-C33FBD9556F2, cid=2905, SUCCESS, logIndex=4375, commits[17750241-545b-4219-93a1-14a6ea3d85be:c4377, 4eaaa090-573e-41d3-9f8c-c99e236d806a:c4373, 5f4cf9ee-4bed-49de-adaa-861aec894328:c4373]
2019-08-23 02:48:39,853 | INFO  | DNAudit | user=null | ip=null | op=PUT_BLOCK {blockData=[blockId=conID: 2 locID: 102664013074006650 bcsId: 0,size=2097152]} | ret=SUCCESS |  
2019-08-23 02:48:39,853 [grpc-default-executor-1] INFO  client.GrpcClientProtocolClient (GrpcClientProtocolClient.java:onNext(255)) - client-B268B4322F32->17750241-545b-4219-93a1-14a6ea3d85be: receive RaftClientReply:client-B268B4322F32->17750241-545b-4219-93a1-14a6ea3d85be@group-C33FBD9556F2, cid=2906, SUCCESS, logIndex=4376, commits[17750241-545b-4219-93a1-14a6ea3d85be:c4377, 4eaaa090-573e-41d3-9f8c-c99e236d806a:c4373, 5f4cf9ee-4bed-49de-adaa-861aec894328:c4373]
2019-08-23 02:48:39,854 [grpc-default-executor-1] INFO  client.GrpcClientProtocolClient (GrpcClientProtocolClient.java:onNext(255)) - client-B268B4322F32->17750241-545b-4219-93a1-14a6ea3d85be: receive RaftClientReply:client-B268B4322F32->17750241-545b-4219-93a1-14a6ea3d85be@group-C33FBD9556F2, cid=2907, SUCCESS, logIndex=4377, commits[17750241-545b-4219-93a1-14a6ea3d85be:c4377, 4eaaa090-573e-41d3-9f8c-c99e236d806a:c4373, 5f4cf9ee-4bed-49de-adaa-861aec894328:c4373]
2019-08-23 02:48:39,863 | INFO  | DNAudit | user=null | ip=null | op=WRITE_CHUNK {blockData=conID: 2 locID: 102664013074006650 bcsId: 0} | ret=SUCCESS |  
2019-08-23 02:48:39,863 | INFO  | DNAudit | user=null | ip=null | op=WRITE_CHUNK {blockData=conID: 2 locID: 102664013074006650 bcsId: 0} | ret=SUCCESS |  
2019-08-23 02:48:39,863 | INFO  | DNAudit | user=null | ip=null | op=PUT_BLOCK {blockData=[blockId=conID: 2 locID: 102664013074006650 bcsId: 0,size=1048576]} | ret=SUCCESS |  
2019-08-23 02:48:39,863 | INFO  | DNAudit | user=null | ip=null | op=WRITE_CHUNK {blockData=conID: 2 locID: 102664013074006650 bcsId: 0} | ret=SUCCESS |  
2019-08-23 02:48:39,864 | INFO  | DNAudit | user=null | ip=null | op=PUT_BLOCK {blockData=[blockId=conID: 2 locID: 102664013074006650 bcsId: 0,size=2097152]} | ret=SUCCESS |  
2019-08-23 02:48:39,866 | INFO  | DNAudit | user=null | ip=null | op=PUT_BLOCK {blockData=[blockId=conID: 2 locID: 102664013074006650 bcsId: 0,size=1048576]} | ret=SUCCESS |  
2019-08-23 02:48:39,866 | INFO  | DNAudit | user=null | ip=null | op=WRITE_CHUNK {blockData=conID: 2 locID: 102664013074006650 bcsId: 0} | ret=SUCCESS |  
2019-08-23 02:48:39,866 | INFO  | DNAudit | user=null | ip=null | op=PUT_BLOCK {blockData=[blockId=conID: 2 locID: 102664013074006650 bcsId: 0,size=2097152]} | ret=SUCCESS |  
2019-08-23 02:48:39,866 [grpc-default-executor-5] INFO  client.GrpcClientProtocolClient (GrpcClientProtocolClient.java:onNext(255)) - client-B268B4322F32->17750241-545b-4219-93a1-14a6ea3d85be: receive RaftClientReply:client-B268B4322F32->17750241-545b-4219-93a1-14a6ea3d85be@group-C33FBD9556F2, cid=2908, SUCCESS, logIndex=0, commits[17750241-545b-4219-93a1-14a6ea3d85be:c4381, 4eaaa090-573e-41d3-9f8c-c99e236d806a:c4375, 5f4cf9ee-4bed-49de-adaa-861aec894328:c4377]
2019-08-23 02:48:39,872 | INFO  | DNAudit | user=null | ip=null | op=WRITE_CHUNK {blockData=conID: 2 locID: 102664013074006650 bcsId: 4377} | ret=SUCCESS |  
2019-08-23 02:48:39,875 | INFO  | DNAudit | user=null | ip=null | op=WRITE_CHUNK {blockData=conID: 2 locID: 102664013074006650 bcsId: 4377} | ret=SUCCESS |  
2019-08-23 02:48:39,875 | INFO  | DNAudit | user=null | ip=null | op=WRITE_CHUNK {blockData=conID: 2 locID: 102664013074006650 bcsId: 4377} | ret=SUCCESS |  
2019-08-23 02:48:39,887 | INFO  | DNAudit | user=null | ip=null | op=WRITE_CHUNK {blockData=conID: 2 locID: 102664013074006650 bcsId: 4377} | ret=SUCCESS |  
2019-08-23 02:48:39,887 | INFO  | DNAudit | user=null | ip=null | op=PUT_BLOCK {blockData=[blockId=conID: 2 locID: 102664013074006650 bcsId: 0,size=3145728]} | ret=SUCCESS |  
2019-08-23 02:48:39,887 [grpc-default-executor-5] INFO  client.GrpcClientProtocolClient (GrpcClientProtocolClient.java:onNext(255)) - client-B268B4322F32->17750241-545b-4219-93a1-14a6ea3d85be: receive RaftClientReply:client-B268B4322F32->17750241-545b-4219-93a1-14a6ea3d85be@group-C33FBD9556F2, cid=2909, SUCCESS, logIndex=4382, commits[17750241-545b-4219-93a1-14a6ea3d85be:c4383, 4eaaa090-573e-41d3-9f8c-c99e236d806a:c4381, 5f4cf9ee-4bed-49de-adaa-861aec894328:c4381]
2019-08-23 02:48:39,888 [grpc-default-executor-5] INFO  client.GrpcClientProtocolClient (GrpcClientProtocolClient.java:onNext(255)) - client-B268B4322F32->17750241-545b-4219-93a1-14a6ea3d85be: receive RaftClientReply:client-B268B4322F32->17750241-545b-4219-93a1-14a6ea3d85be@group-C33FBD9556F2, cid=2910, SUCCESS, logIndex=4383, commits[17750241-545b-4219-93a1-14a6ea3d85be:c4383, 4eaaa090-573e-41d3-9f8c-c99e236d806a:c4381, 5f4cf9ee-4bed-49de-adaa-861aec894328:c4381]
2019-08-23 02:48:39,893 | INFO  | DNAudit | user=null | ip=null | op=WRITE_CHUNK {blockData=conID: 2 locID: 102664013074006650 bcsId: 4383} | ret=SUCCESS |  
2019-08-23 02:48:39,896 | INFO  | DNAudit | user=null | ip=null | op=WRITE_CHUNK {blockData=conID: 2 locID: 102664013074006650 bcsId: 4383} | ret=SUCCESS |  
2019-08-23 02:48:39,896 | INFO  | DNAudit | user=null | ip=null | op=WRITE_CHUNK {blockData=conID: 2 locID: 102664013074006650 bcsId: 4383} | ret=SUCCESS |  
2019-08-23 02:48:39,900 | INFO  | DNAudit | user=null | ip=null | op=WRITE_CHUNK {blockData=conID: 2 locID: 102664013074006650 bcsId: 4377} | ret=SUCCESS |  
2019-08-23 02:48:39,900 | INFO  | DNAudit | user=null | ip=null | op=WRITE_CHUNK {blockData=conID: 2 locID: 102664013074006650 bcsId: 4377} | ret=SUCCESS |  
2019-08-23 02:48:39,912 | INFO  | DNAudit | user=null | ip=null | op=PUT_BLOCK {blockData=[blockId=conID: 2 locID: 102664013074006650 bcsId: 0,size=3145728]} | ret=SUCCESS |  
2019-08-23 02:48:39,912 | INFO  | DNAudit | user=null | ip=null | op=PUT_BLOCK {blockData=[blockId=conID: 2 locID: 102664013074006650 bcsId: 0,size=3145728]} | ret=SUCCESS |  
2019-08-23 02:48:39,913 | INFO  | DNAudit | user=null | ip=null | op=WRITE_CHUNK {blockData=conID: 2 locID: 102664013074006650 bcsId: 4383} | ret=SUCCESS |  
2019-08-23 02:48:39,913 | INFO  | DNAudit | user=null | ip=null | op=PUT_BLOCK {blockData=[blockId=conID: 2 locID: 102664013074006650 bcsId: 0,size=4194304]} | ret=SUCCESS |  
2019-08-23 02:48:39,914 [grpc-default-executor-1] INFO  client.GrpcClientProtocolClient (GrpcClientProtocolClient.java:onNext(255)) - client-B268B4322F32->17750241-545b-4219-93a1-14a6ea3d85be: receive RaftClientReply:client-B268B4322F32->17750241-545b-4219-93a1-14a6ea3d85be@group-C33FBD9556F2, cid=2911, SUCCESS, logIndex=4386, commits[17750241-545b-4219-93a1-14a6ea3d85be:c4387, 4eaaa090-573e-41d3-9f8c-c99e236d806a:c4383, 5f4cf9ee-4bed-49de-adaa-861aec894328:c4383]
2019-08-23 02:48:39,914 [grpc-default-executor-1] INFO  client.GrpcClientProtocolClient (GrpcClientProtocolClient.java:onNext(255)) - client-B268B4322F32->17750241-545b-4219-93a1-14a6ea3d85be: receive RaftClientReply:client-B268B4322F32->17750241-545b-4219-93a1-14a6ea3d85be@group-C33FBD9556F2, cid=2912, SUCCESS, logIndex=4387, commits[17750241-545b-4219-93a1-14a6ea3d85be:c4387, 4eaaa090-573e-41d3-9f8c-c99e236d806a:c4383, 5f4cf9ee-4bed-49de-adaa-861aec894328:c4383]
2019-08-23 02:48:39,926 | INFO  | DNAudit | user=null | ip=null | op=WRITE_CHUNK {blockData=conID: 2 locID: 102664013074006650 bcsId: 4383} | ret=SUCCESS |  
2019-08-23 02:48:39,926 | INFO  | DNAudit | user=null | ip=null | op=WRITE_CHUNK {blockData=conID: 2 locID: 102664013074006650 bcsId: 4383} | ret=SUCCESS |  
2019-08-23 02:48:39,926 | INFO  | DNAudit | user=null | ip=null | op=PUT_BLOCK {blockData=[blockId=conID: 2 locID: 102664013074006650 bcsId: 0,size=4194304]} | ret=SUCCESS |  
2019-08-23 02:48:39,927 | INFO  | DNAudit | user=null | ip=null | op=PUT_BLOCK {blockData=[blockId=conID: 2 locID: 102664013074006650 bcsId: 0,size=4194304]} | ret=SUCCESS |  
2019-08-23 02:48:39,927 [grpc-default-executor-1] INFO  client.GrpcClientProtocolClient (GrpcClientProtocolClient.java:onNext(255)) - client-B268B4322F32->17750241-545b-4219-93a1-14a6ea3d85be: receive RaftClientReply:client-B268B4322F32->17750241-545b-4219-93a1-14a6ea3d85be@group-C33FBD9556F2, cid=2913, SUCCESS, logIndex=0, commits[17750241-545b-4219-93a1-14a6ea3d85be:c4388, 4eaaa090-573e-41d3-9f8c-c99e236d806a:c4387, 5f4cf9ee-4bed-49de-adaa-861aec894328:c4387]
2019-08-23 02:48:39,928 | INFO  | SCMAudit | user=jenkins1000 | ip=192.168.34.22 | op=ALLOCATE_BLOCK {owner=31d65bc3-3f70-45f5-bbc5-e3a15f967ba6, size=4194304, type=RATIS, factor=THREE} | ret=SUCCESS |  
2019-08-23 02:48:39,933 | INFO  | OMAudit | user=jenkins1000 | ip=127.0.0.1 | op=ALLOCATE_BLOCK {volume=vol-0-78052, bucket=bucket-0-33874, key=key-0-20719, dataSize=2147483657, replicationType=RATIS, replicationFactor=THREE, keyLocationInfo=[], clientID=102664010308846034} | ret=SUCCESS |  
2019-08-23 02:48:39,942 | INFO  | DNAudit | user=null | ip=null | op=WRITE_CHUNK {blockData=conID: 3 locID: 102664013082002043 bcsId: 0} | ret=SUCCESS |  
2019-08-23 02:48:39,944 | INFO  | DNAudit | user=null | ip=null | op=WRITE_CHUNK {blockData=conID: 3 locID: 102664013082002043 bcsId: 0} | ret=SUCCESS |  
2019-08-23 02:48:39,945 | INFO  | DNAudit | user=null | ip=null | op=WRITE_CHUNK {blockData=conID: 3 locID: 102664013082002043 bcsId: 0} | ret=SUCCESS |  
2019-08-23 02:48:39,945 | INFO  | DNAudit | user=null | ip=null | op=WRITE_CHUNK {blockData=conID: 3 locID: 102664013082002043 bcsId: 0} | ret=SUCCESS |  
2019-08-23 02:48:39,946 | INFO  | DNAudit | user=null | ip=null | op=WRITE_CHUNK {blockData=conID: 3 locID: 102664013082002043 bcsId: 0} | ret=SUCCESS |  
2019-08-23 02:48:39,946 | INFO  | DNAudit | user=null | ip=null | op=WRITE_CHUNK {blockData=conID: 3 locID: 102664013082002043 bcsId: 0} | ret=SUCCESS |  
2019-08-23 02:48:39,956 | INFO  | DNAudit | user=null | ip=null | op=WRITE_CHUNK {blockData=conID: 3 locID: 102664013082002043 bcsId: 0} | ret=SUCCESS |  
2019-08-23 02:48:39,956 | INFO  | DNAudit | user=null | ip=null | op=PUT_BLOCK {blockData=[blockId=conID: 3 locID: 102664013082002043 bcsId: 0,size=1048576]} | ret=SUCCESS |  
2019-08-23 02:48:39,956 [grpc-default-executor-2] INFO  client.GrpcClientProtocolClient (GrpcClientProtocolClient.java:onNext(255)) - client-B268B4322F32->17750241-545b-4219-93a1-14a6ea3d85be: receive RaftClientReply:client-B268B4322F32->17750241-545b-4219-93a1-14a6ea3d85be@group-C33FBD9556F2, cid=2914, SUCCESS, logIndex=4390, commits[17750241-545b-4219-93a1-14a6ea3d85be:c4391, 4eaaa090-573e-41d3-9f8c-c99e236d806a:c4389, 5f4cf9ee-4bed-49de-adaa-861aec894328:c4389]
2019-08-23 02:48:39,957 [grpc-default-executor-2] INFO  client.GrpcClientProtocolClient (GrpcClientProtocolClient.java:onNext(255)) - client-B268B4322F32->17750241-545b-4219-93a1-14a6ea3d85be: receive RaftClientReply:client-B268B4322F32->17750241-545b-4219-93a1-14a6ea3d85be@group-C33FBD9556F2, cid=2915, SUCCESS, logIndex=4391, commits[17750241-545b-4219-93a1-14a6ea3d85be:c4391, 4eaaa090-573e-41d3-9f8c-c99e236d806a:c4389, 5f4cf9ee-4bed-49de-adaa-861aec894328:c4389]
2019-08-23 02:48:39,966 | INFO  | DNAudit | user=null | ip=null | op=WRITE_CHUNK {blockData=conID: 3 locID: 102664013082002043 bcsId: 0} | ret=SUCCESS |  
2019-08-23 02:48:39,966 | INFO  | DNAudit | user=null | ip=null | op=PUT_BLOCK {blockData=[blockId=conID: 3 locID: 102664013082002043 bcsId: 0,size=2097152]} | ret=SUCCESS |  
2019-08-23 02:48:39,967 [grpc-default-executor-1] INFO  client.GrpcClientProtocolClient (GrpcClientProtocolClient.java:onNext(255)) - client-B268B4322F32->17750241-545b-4219-93a1-14a6ea3d85be: receive RaftClientReply:client-B268B4322F32->17750241-545b-4219-93a1-14a6ea3d85be@group-C33FBD9556F2, cid=2916, SUCCESS, logIndex=4392, commits[17750241-545b-4219-93a1-14a6ea3d85be:c4393, 4eaaa090-573e-41d3-9f8c-c99e236d806a:c4389, 5f4cf9ee-4bed-49de-adaa-861aec894328:c4389]
2019-08-23 02:48:39,967 [grpc-default-executor-1] INFO  client.GrpcClientProtocolClient (GrpcClientProtocolClient.java:onNext(255)) - client-B268B4322F32->17750241-545b-4219-93a1-14a6ea3d85be: receive RaftClientReply:client-B268B4322F32->17750241-545b-4219-93a1-14a6ea3d85be@group-C33FBD9556F2, cid=2917, SUCCESS, logIndex=4393, commits[17750241-545b-4219-93a1-14a6ea3d85be:c4393, 4eaaa090-573e-41d3-9f8c-c99e236d806a:c4389, 5f4cf9ee-4bed-49de-adaa-861aec894328:c4389]
2019-08-23 02:48:39,968 | INFO  | DNAudit | user=null | ip=null | op=WRITE_CHUNK {blockData=conID: 3 locID: 102664013082002043 bcsId: 0} | ret=SUCCESS |  
2019-08-23 02:48:39,969 | INFO  | DNAudit | user=null | ip=null | op=PUT_BLOCK {blockData=[blockId=conID: 3 locID: 102664013082002043 bcsId: 0,size=1048576]} | ret=SUCCESS |  
2019-08-23 02:48:39,978 | INFO  | DNAudit | user=null | ip=null | op=WRITE_CHUNK {blockData=conID: 3 locID: 102664013082002043 bcsId: 0} | ret=SUCCESS |  
2019-08-23 02:48:39,978 | INFO  | DNAudit | user=null | ip=null | op=PUT_BLOCK {blockData=[blockId=conID: 3 locID: 102664013082002043 bcsId: 0,size=1048576]} | ret=SUCCESS |  
2019-08-23 02:48:39,978 | INFO  | DNAudit | user=null | ip=null | op=WRITE_CHUNK {blockData=conID: 3 locID: 102664013082002043 bcsId: 0} | ret=SUCCESS |  
2019-08-23 02:48:39,978 | INFO  | DNAudit | user=null | ip=null | op=WRITE_CHUNK {blockData=conID: 3 locID: 102664013082002043 bcsId: 0} | ret=SUCCESS |  
2019-08-23 02:48:39,979 | INFO  | DNAudit | user=null | ip=null | op=PUT_BLOCK {blockData=[blockId=conID: 3 locID: 102664013082002043 bcsId: 0,size=2097152]} | ret=SUCCESS |  
2019-08-23 02:48:39,979 | INFO  | DNAudit | user=null | ip=null | op=PUT_BLOCK {blockData=[blockId=conID: 3 locID: 102664013082002043 bcsId: 0,size=2097152]} | ret=SUCCESS |  
2019-08-23 02:48:39,979 [grpc-default-executor-2] INFO  client.GrpcClientProtocolClient (GrpcClientProtocolClient.java:onNext(255)) - client-B268B4322F32->17750241-545b-4219-93a1-14a6ea3d85be: receive RaftClientReply:client-B268B4322F32->17750241-545b-4219-93a1-14a6ea3d85be@group-C33FBD9556F2, cid=2918, SUCCESS, logIndex=0, commits[17750241-545b-4219-93a1-14a6ea3d85be:c4394, 4eaaa090-573e-41d3-9f8c-c99e236d806a:c4391, 5f4cf9ee-4bed-49de-adaa-861aec894328:c4391]
2019-08-23 02:48:39,985 | INFO  | DNAudit | user=null | ip=null | op=WRITE_CHUNK {blockData=conID: 3 locID: 102664013082002043 bcsId: 4393} | ret=SUCCESS |  
2019-08-23 02:48:39,986 | INFO  | DNAudit | user=null | ip=null | op=WRITE_CHUNK {blockData=conID: 3 locID: 102664013082002043 bcsId: 4393} | ret=SUCCESS |  
2019-08-23 02:48:39,987 | INFO  | DNAudit | user=null | ip=null | op=WRITE_CHUNK {blockData=conID: 3 locID: 102664013082002043 bcsId: 4393} | ret=SUCCESS |  
2019-08-23 02:48:39,988 | INFO  | DNAudit | user=null | ip=null | op=WRITE_CHUNK {blockData=conID: 3 locID: 102664013082002043 bcsId: 4393} | ret=SUCCESS |  
2019-08-23 02:48:39,989 | INFO  | DNAudit | user=null | ip=null | op=PUT_BLOCK {blockData=[blockId=conID: 3 locID: 102664013082002043 bcsId: 0,size=3145728]} | ret=SUCCESS |  
2019-08-23 02:48:39,989 [grpc-default-executor-2] INFO  client.GrpcClientProtocolClient (GrpcClientProtocolClient.java:onNext(255)) - client-B268B4322F32->17750241-545b-4219-93a1-14a6ea3d85be: receive RaftClientReply:client-B268B4322F32->17750241-545b-4219-93a1-14a6ea3d85be@group-C33FBD9556F2, cid=2919, SUCCESS, logIndex=4397, commits[17750241-545b-4219-93a1-14a6ea3d85be:c4398, 4eaaa090-573e-41d3-9f8c-c99e236d806a:c4393, 5f4cf9ee-4bed-49de-adaa-861aec894328:c4396]
2019-08-23 02:48:39,989 | INFO  | DNAudit | user=null | ip=null | op=WRITE_CHUNK {blockData=conID: 3 locID: 102664013082002043 bcsId: 4393} | ret=SUCCESS |  
2019-08-23 02:48:39,990 [grpc-default-executor-2] INFO  client.GrpcClientProtocolClient (GrpcClientProtocolClient.java:onNext(255)) - client-B268B4322F32->17750241-545b-4219-93a1-14a6ea3d85be: receive RaftClientReply:client-B268B4322F32->17750241-545b-4219-93a1-14a6ea3d85be@group-C33FBD9556F2, cid=2920, SUCCESS, logIndex=4398, commits[17750241-545b-4219-93a1-14a6ea3d85be:c4398, 4eaaa090-573e-41d3-9f8c-c99e236d806a:c4396, 5f4cf9ee-4bed-49de-adaa-861aec894328:c4396]
2019-08-23 02:48:39,990 | INFO  | DNAudit | user=null | ip=null | op=PUT_BLOCK {blockData=[blockId=conID: 3 locID: 102664013082002043 bcsId: 0,size=3145728]} | ret=SUCCESS |  
2019-08-23 02:48:39,990 | INFO  | DNAudit | user=null | ip=null | op=WRITE_CHUNK {blockData=conID: 3 locID: 102664013082002043 bcsId: 4393} | ret=SUCCESS |  
2019-08-23 02:48:39,990 | INFO  | DNAudit | user=null | ip=null | op=PUT_BLOCK {blockData=[blockId=conID: 3 locID: 102664013082002043 bcsId: 0,size=3145728]} | ret=SUCCESS |  
2019-08-23 02:48:39,995 | INFO  | DNAudit | user=null | ip=null | op=WRITE_CHUNK {blockData=conID: 3 locID: 102664013082002043 bcsId: 4398} | ret=SUCCESS |  
2019-08-23 02:48:39,997 | INFO  | DNAudit | user=null | ip=null | op=WRITE_CHUNK {blockData=conID: 3 locID: 102664013082002043 bcsId: 4398} | ret=SUCCESS |  
2019-08-23 02:48:39,997 | INFO  | DNAudit | user=null | ip=null | op=WRITE_CHUNK {blockData=conID: 3 locID: 102664013082002043 bcsId: 4398} | ret=SUCCESS |  
2019-08-23 02:48:40,007 | INFO  | DNAudit | user=null | ip=null | op=WRITE_CHUNK {blockData=conID: 3 locID: 102664013082002043 bcsId: 4398} | ret=SUCCESS |  
2019-08-23 02:48:40,007 | INFO  | DNAudit | user=null | ip=null | op=PUT_BLOCK {blockData=[blockId=conID: 3 locID: 102664013082002043 bcsId: 0,size=4194304]} | ret=SUCCESS |  
2019-08-23 02:48:40,007 [grpc-default-executor-2] INFO  client.GrpcClientProtocolClient (GrpcClientProtocolClient.java:onNext(255)) - client-B268B4322F32->17750241-545b-4219-93a1-14a6ea3d85be: receive RaftClientReply:client-B268B4322F32->17750241-545b-4219-93a1-14a6ea3d85be@group-C33FBD9556F2, cid=2921, SUCCESS, logIndex=4401, commits[17750241-545b-4219-93a1-14a6ea3d85be:c4402, 4eaaa090-573e-41d3-9f8c-c99e236d806a:c4400, 5f4cf9ee-4bed-49de-adaa-861aec894328:c4400]
2019-08-23 02:48:40,008 [grpc-default-executor-2] INFO  client.GrpcClientProtocolClient (GrpcClientProtocolClient.java:onNext(255)) - client-B268B4322F32->17750241-545b-4219-93a1-14a6ea3d85be: receive RaftClientReply:client-B268B4322F32->17750241-545b-4219-93a1-14a6ea3d85be@group-C33FBD9556F2, cid=2922, SUCCESS, logIndex=4402, commits[17750241-545b-4219-93a1-14a6ea3d85be:c4402, 4eaaa090-573e-41d3-9f8c-c99e236d806a:c4400, 5f4cf9ee-4bed-49de-adaa-861aec894328:c4400]
2019-08-23 02:48:40,018 | INFO  | DNAudit | user=null | ip=null | op=WRITE_CHUNK {blockData=conID: 3 locID: 102664013082002043 bcsId: 4398} | ret=SUCCESS |  
2019-08-23 02:48:40,018 | INFO  | DNAudit | user=null | ip=null | op=WRITE_CHUNK {blockData=conID: 3 locID: 102664013082002043 bcsId: 4398} | ret=SUCCESS |  
2019-08-23 02:48:40,020 | INFO  | DNAudit | user=null | ip=null | op=PUT_BLOCK {blockData=[blockId=conID: 3 locID: 102664013082002043 bcsId: 0,size=4194304]} | ret=SUCCESS |  
2019-08-23 02:48:40,020 | INFO  | DNAudit | user=null | ip=null | op=PUT_BLOCK {blockData=[blockId=conID: 3 locID: 102664013082002043 bcsId: 0,size=4194304]} | ret=SUCCESS |  
2019-08-23 02:48:40,021 [grpc-default-executor-2] INFO  client.GrpcClientProtocolClient (GrpcClientProtocolClient.java:onNext(255)) - client-B268B4322F32->17750241-545b-4219-93a1-14a6ea3d85be: receive RaftClientReply:client-B268B4322F32->17750241-545b-4219-93a1-14a6ea3d85be@group-C33FBD9556F2, cid=2923, SUCCESS, logIndex=0, commits[17750241-545b-4219-93a1-14a6ea3d85be:c4403, 4eaaa090-573e-41d3-9f8c-c99e236d806a:c4402, 5f4cf9ee-4bed-49de-adaa-861aec894328:c4402]
2019-08-23 02:48:40,022 | INFO  | SCMAudit | user=jenkins1000 | ip=192.168.34.22 | op=ALLOCATE_BLOCK {owner=31d65bc3-3f70-45f5-bbc5-e3a15f967ba6, size=4194304, type=RATIS, factor=THREE} | ret=SUCCESS |  
2019-08-23 02:48:40,027 | INFO  | OMAudit | user=jenkins1000 | ip=127.0.0.1 | op=ALLOCATE_BLOCK {volume=vol-0-78052, bucket=bucket-0-33874, key=key-0-20719, dataSize=2147483657, replicationType=RATIS, replicationFactor=THREE, keyLocationInfo=[], clientID=102664010308846034} | ret=SUCCESS |  
2019-08-23 02:48:40,037 | INFO  | DNAudit | user=null | ip=null | op=WRITE_CHUNK {blockData=conID: 1 locID: 102664013088162428 bcsId: 0} | ret=SUCCESS |  
2019-08-23 02:48:40,040 | INFO  | DNAudit | user=null | ip=null | op=WRITE_CHUNK {blockData=conID: 1 locID: 102664013088162428 bcsId: 0} | ret=SUCCESS |  
2019-08-23 02:48:40,041 | INFO  | DNAudit | user=null | ip=null | op=WRITE_CHUNK {blockData=conID: 1 locID: 102664013088162428 bcsId: 0} | ret=SUCCESS |  
2019-08-23 02:48:40,041 | INFO  | DNAudit | user=null | ip=null | op=WRITE_CHUNK {blockData=conID: 1 locID: 102664013088162428 bcsId: 0} | ret=SUCCESS |  
2019-08-23 02:48:40,043 | INFO  | DNAudit | user=null | ip=null | op=WRITE_CHUNK {blockData=conID: 1 locID: 102664013088162428 bcsId: 0} | ret=SUCCESS |  
2019-08-23 02:48:40,043 | INFO  | DNAudit | user=null | ip=null | op=WRITE_CHUNK {blockData=conID: 1 locID: 102664013088162428 bcsId: 0} | ret=SUCCESS |  
2019-08-23 02:48:40,044 | INFO  | DNAudit | user=null | ip=null | op=WRITE_CHUNK {blockData=conID: 1 locID: 102664013088162428 bcsId: 0} | ret=SUCCESS |  
2019-08-23 02:48:40,045 | INFO  | DNAudit | user=null | ip=null | op=PUT_BLOCK {blockData=[blockId=conID: 1 locID: 102664013088162428 bcsId: 0,size=1048576]} | ret=SUCCESS |  
2019-08-23 02:48:40,045 [grpc-default-executor-5] INFO  client.GrpcClientProtocolClient (GrpcClientProtocolClient.java:onNext(255)) - client-B268B4322F32->17750241-545b-4219-93a1-14a6ea3d85be: receive RaftClientReply:client-B268B4322F32->17750241-545b-4219-93a1-14a6ea3d85be@group-C33FBD9556F2, cid=2924, SUCCESS, logIndex=4405, commits[17750241-545b-4219-93a1-14a6ea3d85be:c4406, 4eaaa090-573e-41d3-9f8c-c99e236d806a:c4404, 5f4cf9ee-4bed-49de-adaa-861aec894328:c4402]
2019-08-23 02:48:40,046 [grpc-default-executor-5] INFO  client.GrpcClientProtocolClient (GrpcClientProtocolClient.java:onNext(255)) - client-B268B4322F32->17750241-545b-4219-93a1-14a6ea3d85be: receive RaftClientReply:client-B268B4322F32->17750241-545b-4219-93a1-14a6ea3d85be@group-C33FBD9556F2, cid=2925, SUCCESS, logIndex=4406, commits[17750241-545b-4219-93a1-14a6ea3d85be:c4406, 4eaaa090-573e-41d3-9f8c-c99e236d806a:c4404, 5f4cf9ee-4bed-49de-adaa-861aec894328:c4402]
2019-08-23 02:48:40,046 | INFO  | DNAudit | user=null | ip=null | op=WRITE_CHUNK {blockData=conID: 1 locID: 102664013088162428 bcsId: 0} | ret=SUCCESS |  
2019-08-23 02:48:40,047 | INFO  | DNAudit | user=null | ip=null | op=PUT_BLOCK {blockData=[blockId=conID: 1 locID: 102664013088162428 bcsId: 0,size=2097152]} | ret=SUCCESS |  
2019-08-23 02:48:40,047 [grpc-default-executor-1] INFO  client.GrpcClientProtocolClient (GrpcClientProtocolClient.java:onNext(255)) - client-B268B4322F32->17750241-545b-4219-93a1-14a6ea3d85be: receive RaftClientReply:client-B268B4322F32->17750241-545b-4219-93a1-14a6ea3d85be@group-C33FBD9556F2, cid=2926, SUCCESS, logIndex=4407, commits[17750241-545b-4219-93a1-14a6ea3d85be:c4408, 4eaaa090-573e-41d3-9f8c-c99e236d806a:c4404, 5f4cf9ee-4bed-49de-adaa-861aec894328:c4404]
2019-08-23 02:48:40,047 [grpc-default-executor-1] INFO  client.GrpcClientProtocolClient (GrpcClientProtocolClient.java:onNext(255)) - client-B268B4322F32->17750241-545b-4219-93a1-14a6ea3d85be: receive RaftClientReply:client-B268B4322F32->17750241-545b-4219-93a1-14a6ea3d85be@group-C33FBD9556F2, cid=2927, SUCCESS, logIndex=4408, commits[17750241-545b-4219-93a1-14a6ea3d85be:c4408, 4eaaa090-573e-41d3-9f8c-c99e236d806a:c4404, 5f4cf9ee-4bed-49de-adaa-861aec894328:c4404]
2019-08-23 02:48:40,057 | INFO  | DNAudit | user=null | ip=null | op=WRITE_CHUNK {blockData=conID: 1 locID: 102664013088162428 bcsId: 0} | ret=SUCCESS |  
2019-08-23 02:48:40,057 | INFO  | DNAudit | user=null | ip=null | op=PUT_BLOCK {blockData=[blockId=conID: 1 locID: 102664013088162428 bcsId: 0,size=1048576]} | ret=SUCCESS |  
2019-08-23 02:48:40,058 | INFO  | DNAudit | user=null | ip=null | op=WRITE_CHUNK {blockData=conID: 1 locID: 102664013088162428 bcsId: 0} | ret=SUCCESS |  
2019-08-23 02:48:40,058 | INFO  | DNAudit | user=null | ip=null | op=PUT_BLOCK {blockData=[blockId=conID: 1 locID: 102664013088162428 bcsId: 0,size=1048576]} | ret=SUCCESS |  
2019-08-23 02:48:40,058 | INFO  | DNAudit | user=null | ip=null | op=WRITE_CHUNK {blockData=conID: 1 locID: 102664013088162428 bcsId: 0} | ret=SUCCESS |  
2019-08-23 02:48:40,058 [grpc-default-executor-1] INFO  client.GrpcClientProtocolClient (GrpcClientProtocolClient.java:onNext(255)) - client-B268B4322F32->17750241-545b-4219-93a1-14a6ea3d85be: receive RaftClientReply:client-B268B4322F32->17750241-545b-4219-93a1-14a6ea3d85be@group-C33FBD9556F2, cid=2928, SUCCESS, logIndex=0, commits[17750241-545b-4219-93a1-14a6ea3d85be:c4410, 4eaaa090-573e-41d3-9f8c-c99e236d806a:c4406, 5f4cf9ee-4bed-49de-adaa-861aec894328:c4406]
2019-08-23 02:48:40,058 | INFO  | DNAudit | user=null | ip=null | op=PUT_BLOCK {blockData=[blockId=conID: 1 locID: 102664013088162428 bcsId: 0,size=2097152]} | ret=SUCCESS |  
2019-08-23 02:48:40,060 | INFO  | DNAudit | user=null | ip=null | op=WRITE_CHUNK {blockData=conID: 1 locID: 102664013088162428 bcsId: 0} | ret=SUCCESS |  
2019-08-23 02:48:40,060 | INFO  | DNAudit | user=null | ip=null | op=PUT_BLOCK {blockData=[blockId=conID: 1 locID: 102664013088162428 bcsId: 0,size=2097152]} | ret=SUCCESS |  
2019-08-23 02:48:40,064 | INFO  | DNAudit | user=null | ip=null | op=WRITE_CHUNK {blockData=conID: 1 locID: 102664013088162428 bcsId: 4408} | ret=SUCCESS |  
2019-08-23 02:48:40,066 | INFO  | DNAudit | user=null | ip=null | op=WRITE_CHUNK {blockData=conID: 1 locID: 102664013088162428 bcsId: 4408} | ret=SUCCESS |  
2019-08-23 02:48:40,067 | INFO  | DNAudit | user=null | ip=null | op=WRITE_CHUNK {blockData=conID: 1 locID: 102664013088162428 bcsId: 4408} | ret=SUCCESS |  
2019-08-23 02:48:40,084 | INFO  | DNAudit | user=null | ip=null | op=WRITE_CHUNK {blockData=conID: 1 locID: 102664013088162428 bcsId: 4408} | ret=SUCCESS |  
2019-08-23 02:48:40,084 | INFO  | DNAudit | user=null | ip=null | op=PUT_BLOCK {blockData=[blockId=conID: 1 locID: 102664013088162428 bcsId: 0,size=3145728]} | ret=SUCCESS |  
2019-08-23 02:48:40,085 [grpc-default-executor-1] INFO  client.GrpcClientProtocolClient (GrpcClientProtocolClient.java:onNext(255)) - client-B268B4322F32->17750241-545b-4219-93a1-14a6ea3d85be: receive RaftClientReply:client-B268B4322F32->17750241-545b-4219-93a1-14a6ea3d85be@group-C33FBD9556F2, cid=2929, SUCCESS, logIndex=4413, commits[17750241-545b-4219-93a1-14a6ea3d85be:c4414, 4eaaa090-573e-41d3-9f8c-c99e236d806a:c4412, 5f4cf9ee-4bed-49de-adaa-861aec894328:c4412]
2019-08-23 02:48:40,085 [grpc-default-executor-1] INFO  client.GrpcClientProtocolClient (GrpcClientProtocolClient.java:onNext(255)) - client-B268B4322F32->17750241-545b-4219-93a1-14a6ea3d85be: receive RaftClientReply:client-B268B4322F32->17750241-545b-4219-93a1-14a6ea3d85be@group-C33FBD9556F2, cid=2930, SUCCESS, logIndex=4414, commits[17750241-545b-4219-93a1-14a6ea3d85be:c4414, 4eaaa090-573e-41d3-9f8c-c99e236d806a:c4412, 5f4cf9ee-4bed-49de-adaa-861aec894328:c4412]
2019-08-23 02:48:40,093 | INFO  | DNAudit | user=null | ip=null | op=WRITE_CHUNK {blockData=conID: 1 locID: 102664013088162428 bcsId: 4414} | ret=SUCCESS |  
2019-08-23 02:48:40,095 | INFO  | DNAudit | user=null | ip=null | op=WRITE_CHUNK {blockData=conID: 1 locID: 102664013088162428 bcsId: 4414} | ret=SUCCESS |  
2019-08-23 02:48:40,095 | INFO  | DNAudit | user=null | ip=null | op=WRITE_CHUNK {blockData=conID: 1 locID: 102664013088162428 bcsId: 4414} | ret=SUCCESS |  
2019-08-23 02:48:40,096 | INFO  | DNAudit | user=null | ip=null | op=WRITE_CHUNK {blockData=conID: 1 locID: 102664013088162428 bcsId: 4408} | ret=SUCCESS |  
2019-08-23 02:48:40,096 | INFO  | DNAudit | user=null | ip=null | op=WRITE_CHUNK {blockData=conID: 1 locID: 102664013088162428 bcsId: 4408} | ret=SUCCESS |  
2019-08-23 02:48:40,098 | INFO  | DNAudit | user=null | ip=null | op=PUT_BLOCK {blockData=[blockId=conID: 1 locID: 102664013088162428 bcsId: 0,size=3145728]} | ret=SUCCESS |  
2019-08-23 02:48:40,098 | INFO  | DNAudit | user=null | ip=null | op=PUT_BLOCK {blockData=[blockId=conID: 1 locID: 102664013088162428 bcsId: 0,size=3145728]} | ret=SUCCESS |  
2019-08-23 02:48:40,099 | INFO  | DNAudit | user=null | ip=null | op=WRITE_CHUNK {blockData=conID: 1 locID: 102664013088162428 bcsId: 4414} | ret=SUCCESS |  
2019-08-23 02:48:40,099 | INFO  | DNAudit | user=null | ip=null | op=PUT_BLOCK {blockData=[blockId=conID: 1 locID: 102664013088162428 bcsId: 0,size=4194304]} | ret=SUCCESS |  
2019-08-23 02:48:40,100 [grpc-default-executor-2] INFO  client.GrpcClientProtocolClient (GrpcClientProtocolClient.java:onNext(255)) - client-B268B4322F32->17750241-545b-4219-93a1-14a6ea3d85be: receive RaftClientReply:client-B268B4322F32->17750241-545b-4219-93a1-14a6ea3d85be@group-C33FBD9556F2, cid=2931, SUCCESS, logIndex=4417, commits[17750241-545b-4219-93a1-14a6ea3d85be:c4418, 4eaaa090-573e-41d3-9f8c-c99e236d806a:c4414, 5f4cf9ee-4bed-49de-adaa-861aec894328:c4414]
2019-08-23 02:48:40,100 [grpc-default-executor-2] INFO  client.GrpcClientProtocolClient (GrpcClientProtocolClient.java:onNext(255)) - client-B268B4322F32->17750241-545b-4219-93a1-14a6ea3d85be: receive RaftClientReply:client-B268B4322F32->17750241-545b-4219-93a1-14a6ea3d85be@group-C33FBD9556F2, cid=2932, SUCCESS, logIndex=4418, commits[17750241-545b-4219-93a1-14a6ea3d85be:c4418, 4eaaa090-573e-41d3-9f8c-c99e236d806a:c4414, 5f4cf9ee-4bed-49de-adaa-861aec894328:c4414]
2019-08-23 02:48:40,111 | INFO  | DNAudit | user=null | ip=null | op=WRITE_CHUNK {blockData=conID: 1 locID: 102664013088162428 bcsId: 4414} | ret=SUCCESS |  
2019-08-23 02:48:40,111 | INFO  | DNAudit | user=null | ip=null | op=WRITE_CHUNK {blockData=conID: 1 locID: 102664013088162428 bcsId: 4414} | ret=SUCCESS |  
2019-08-23 02:48:40,111 | INFO  | DNAudit | user=null | ip=null | op=PUT_BLOCK {blockData=[blockId=conID: 1 locID: 102664013088162428 bcsId: 0,size=4194304]} | ret=SUCCESS |  
2019-08-23 02:48:40,111 | INFO  | DNAudit | user=null | ip=null | op=PUT_BLOCK {blockData=[blockId=conID: 1 locID: 102664013088162428 bcsId: 0,size=4194304]} | ret=SUCCESS |  
2019-08-23 02:48:40,111 [grpc-default-executor-2] INFO  client.GrpcClientProtocolClient (GrpcClientProtocolClient.java:onNext(255)) - client-B268B4322F32->17750241-545b-4219-93a1-14a6ea3d85be: receive RaftClientReply:client-B268B4322F32->17750241-545b-4219-93a1-14a6ea3d85be@group-C33FBD9556F2, cid=2933, SUCCESS, logIndex=0, commits[17750241-545b-4219-93a1-14a6ea3d85be:c4419, 4eaaa090-573e-41d3-9f8c-c99e236d806a:c4418, 5f4cf9ee-4bed-49de-adaa-861aec894328:c4418]
2019-08-23 02:48:40,113 | INFO  | SCMAudit | user=jenkins1000 | ip=192.168.34.22 | op=ALLOCATE_BLOCK {owner=31d65bc3-3f70-45f5-bbc5-e3a15f967ba6, size=4194304, type=RATIS, factor=THREE} | ret=SUCCESS |  
2019-08-23 02:48:40,118 | INFO  | OMAudit | user=jenkins1000 | ip=127.0.0.1 | op=ALLOCATE_BLOCK {volume=vol-0-78052, bucket=bucket-0-33874, key=key-0-20719, dataSize=2147483657, replicationType=RATIS, replicationFactor=THREE, keyLocationInfo=[], clientID=102664010308846034} | ret=SUCCESS |  
2019-08-23 02:48:40,130 | INFO  | DNAudit | user=null | ip=null | op=WRITE_CHUNK {blockData=conID: 2 locID: 102664013094126205 bcsId: 0} | ret=SUCCESS |  
2019-08-23 02:48:40,133 | INFO  | DNAudit | user=null | ip=null | op=WRITE_CHUNK {blockData=conID: 2 locID: 102664013094126205 bcsId: 0} | ret=SUCCESS |  
2019-08-23 02:48:40,134 | INFO  | DNAudit | user=null | ip=null | op=WRITE_CHUNK {blockData=conID: 2 locID: 102664013094126205 bcsId: 0} | ret=SUCCESS |  
2019-08-23 02:48:40,134 | INFO  | DNAudit | user=null | ip=null | op=WRITE_CHUNK {blockData=conID: 2 locID: 102664013094126205 bcsId: 0} | ret=SUCCESS |  
2019-08-23 02:48:40,137 | INFO  | DNAudit | user=null | ip=null | op=WRITE_CHUNK {blockData=conID: 2 locID: 102664013094126205 bcsId: 0} | ret=SUCCESS |  
2019-08-23 02:48:40,137 | INFO  | DNAudit | user=null | ip=null | op=WRITE_CHUNK {blockData=conID: 2 locID: 102664013094126205 bcsId: 0} | ret=SUCCESS |  
2019-08-23 02:48:40,143 | INFO  | DNAudit | user=null | ip=null | op=WRITE_CHUNK {blockData=conID: 2 locID: 102664013094126205 bcsId: 0} | ret=SUCCESS |  
2019-08-23 02:48:40,144 | INFO  | DNAudit | user=null | ip=null | op=PUT_BLOCK {blockData=[blockId=conID: 2 locID: 102664013094126205 bcsId: 0,size=1048576]} | ret=SUCCESS |  
2019-08-23 02:48:40,144 [grpc-default-executor-2] INFO  client.GrpcClientProtocolClient (GrpcClientProtocolClient.java:onNext(255)) - client-B268B4322F32->17750241-545b-4219-93a1-14a6ea3d85be: receive RaftClientReply:client-B268B4322F32->17750241-545b-4219-93a1-14a6ea3d85be@group-C33FBD9556F2, cid=2934, SUCCESS, logIndex=4421, commits[17750241-545b-4219-93a1-14a6ea3d85be:c4422, 4eaaa090-573e-41d3-9f8c-c99e236d806a:c4420, 5f4cf9ee-4bed-49de-adaa-861aec894328:c4420]
2019-08-23 02:48:40,144 | INFO  | DNAudit | user=null | ip=null | op=WRITE_CHUNK {blockData=conID: 2 locID: 102664013094126205 bcsId: 0} | ret=SUCCESS |  
2019-08-23 02:48:40,144 [grpc-default-executor-2] INFO  client.GrpcClientProtocolClient (GrpcClientProtocolClient.java:onNext(255)) - client-B268B4322F32->17750241-545b-4219-93a1-14a6ea3d85be: receive RaftClientReply:client-B268B4322F32->17750241-545b-4219-93a1-14a6ea3d85be@group-C33FBD9556F2, cid=2935, SUCCESS, logIndex=4422, commits[17750241-545b-4219-93a1-14a6ea3d85be:c4424, 4eaaa090-573e-41d3-9f8c-c99e236d806a:c4420, 5f4cf9ee-4bed-49de-adaa-861aec894328:c4420]
2019-08-23 02:48:40,145 | INFO  | DNAudit | user=null | ip=null | op=PUT_BLOCK {blockData=[blockId=conID: 2 locID: 102664013094126205 bcsId: 0,size=2097152]} | ret=SUCCESS |  
2019-08-23 02:48:40,145 [grpc-default-executor-2] INFO  client.GrpcClientProtocolClient (GrpcClientProtocolClient.java:onNext(255)) - client-B268B4322F32->17750241-545b-4219-93a1-14a6ea3d85be: receive RaftClientReply:client-B268B4322F32->17750241-545b-4219-93a1-14a6ea3d85be@group-C33FBD9556F2, cid=2936, SUCCESS, logIndex=4423, commits[17750241-545b-4219-93a1-14a6ea3d85be:c4424, 4eaaa090-573e-41d3-9f8c-c99e236d806a:c4420, 5f4cf9ee-4bed-49de-adaa-861aec894328:c4420]
2019-08-23 02:48:40,145 [grpc-default-executor-2] INFO  client.GrpcClientProtocolClient (GrpcClientProtocolClient.java:onNext(255)) - client-B268B4322F32->17750241-545b-4219-93a1-14a6ea3d85be: receive RaftClientReply:client-B268B4322F32->17750241-545b-4219-93a1-14a6ea3d85be@group-C33FBD9556F2, cid=2937, SUCCESS, logIndex=4424, commits[17750241-545b-4219-93a1-14a6ea3d85be:c4424, 4eaaa090-573e-41d3-9f8c-c99e236d806a:c4420, 5f4cf9ee-4bed-49de-adaa-861aec894328:c4420]
2019-08-23 02:48:40,157 | INFO  | DNAudit | user=null | ip=null | op=WRITE_CHUNK {blockData=conID: 2 locID: 102664013094126205 bcsId: 0} | ret=SUCCESS |  
2019-08-23 02:48:40,157 | INFO  | DNAudit | user=null | ip=null | op=PUT_BLOCK {blockData=[blockId=conID: 2 locID: 102664013094126205 bcsId: 0,size=1048576]} | ret=SUCCESS |  
2019-08-23 02:48:40,159 | INFO  | DNAudit | user=null | ip=null | op=WRITE_CHUNK {blockData=conID: 2 locID: 102664013094126205 bcsId: 0} | ret=SUCCESS |  
2019-08-23 02:48:40,159 | INFO  | DNAudit | user=null | ip=null | op=PUT_BLOCK {blockData=[blockId=conID: 2 locID: 102664013094126205 bcsId: 0,size=1048576]} | ret=SUCCESS |  
2019-08-23 02:48:40,159 | INFO  | DNAudit | user=null | ip=null | op=WRITE_CHUNK {blockData=conID: 2 locID: 102664013094126205 bcsId: 0} | ret=SUCCESS |  
2019-08-23 02:48:40,159 [grpc-default-executor-2] INFO  client.GrpcClientProtocolClient (GrpcClientProtocolClient.java:onNext(255)) - client-B268B4322F32->17750241-545b-4219-93a1-14a6ea3d85be: receive RaftClientReply:client-B268B4322F32->17750241-545b-4219-93a1-14a6ea3d85be@group-C33FBD9556F2, cid=2938, SUCCESS, logIndex=0, commits[17750241-545b-4219-93a1-14a6ea3d85be:c4426, 4eaaa090-573e-41d3-9f8c-c99e236d806a:c4422, 5f4cf9ee-4bed-49de-adaa-861aec894328:c4422]
2019-08-23 02:48:40,160 | INFO  | DNAudit | user=null | ip=null | op=PUT_BLOCK {blockData=[blockId=conID: 2 locID: 102664013094126205 bcsId: 0,size=2097152]} | ret=SUCCESS |  
2019-08-23 02:48:40,318 | INFO  | DNAudit | user=null | ip=null | op=WRITE_CHUNK {blockData=conID: 2 locID: 102664013094126205 bcsId: 0} | ret=SUCCESS |  
2019-08-23 02:48:40,318 | INFO  | DNAudit | user=null | ip=null | op=PUT_BLOCK {blockData=[blockId=conID: 2 locID: 102664013094126205 bcsId: 0,size=2097152]} | ret=SUCCESS |  
2019-08-23 02:48:40,319 | INFO  | DNAudit | user=null | ip=null | op=WRITE_CHUNK {blockData=conID: 2 locID: 102664013094126205 bcsId: 4424} | ret=SUCCESS |  
2019-08-23 02:48:40,323 | INFO  | DNAudit | user=null | ip=null | op=WRITE_CHUNK {blockData=conID: 2 locID: 102664013094126205 bcsId: 4424} | ret=SUCCESS |  
2019-08-23 02:48:40,324 | INFO  | DNAudit | user=null | ip=null | op=WRITE_CHUNK {blockData=conID: 2 locID: 102664013094126205 bcsId: 4424} | ret=SUCCESS |  
2019-08-23 02:48:40,333 | INFO  | DNAudit | user=null | ip=null | op=WRITE_CHUNK {blockData=conID: 2 locID: 102664013094126205 bcsId: 4424} | ret=SUCCESS |  
2019-08-23 02:48:40,333 | INFO  | DNAudit | user=null | ip=null | op=PUT_BLOCK {blockData=[blockId=conID: 2 locID: 102664013094126205 bcsId: 0,size=3145728]} | ret=SUCCESS |  
2019-08-23 02:48:40,333 [grpc-default-executor-5] INFO  client.GrpcClientProtocolClient (GrpcClientProtocolClient.java:onNext(255)) - client-B268B4322F32->17750241-545b-4219-93a1-14a6ea3d85be: receive RaftClientReply:client-B268B4322F32->17750241-545b-4219-93a1-14a6ea3d85be@group-C33FBD9556F2, cid=2939, SUCCESS, logIndex=4429, commits[17750241-545b-4219-93a1-14a6ea3d85be:c4430, 4eaaa090-573e-41d3-9f8c-c99e236d806a:c4428, 5f4cf9ee-4bed-49de-adaa-861aec894328:c4428]
2019-08-23 02:48:40,334 [grpc-default-executor-5] INFO  client.GrpcClientProtocolClient (GrpcClientProtocolClient.java:onNext(255)) - client-B268B4322F32->17750241-545b-4219-93a1-14a6ea3d85be: receive RaftClientReply:client-B268B4322F32->17750241-545b-4219-93a1-14a6ea3d85be@group-C33FBD9556F2, cid=2940, SUCCESS, logIndex=4430, commits[17750241-545b-4219-93a1-14a6ea3d85be:c4430, 4eaaa090-573e-41d3-9f8c-c99e236d806a:c4428, 5f4cf9ee-4bed-49de-adaa-861aec894328:c4428]
2019-08-23 02:48:40,342 | INFO  | DNAudit | user=null | ip=null | op=WRITE_CHUNK {blockData=conID: 2 locID: 102664013094126205 bcsId: 4430} | ret=SUCCESS |  
2019-08-23 02:48:40,344 | INFO  | DNAudit | user=null | ip=null | op=WRITE_CHUNK {blockData=conID: 2 locID: 102664013094126205 bcsId: 4424} | ret=SUCCESS |  
2019-08-23 02:48:40,344 | INFO  | DNAudit | user=null | ip=null | op=WRITE_CHUNK {blockData=conID: 2 locID: 102664013094126205 bcsId: 4424} | ret=SUCCESS |  
2019-08-23 02:48:40,345 | INFO  | DNAudit | user=null | ip=null | op=WRITE_CHUNK {blockData=conID: 2 locID: 102664013094126205 bcsId: 4430} | ret=SUCCESS |  
2019-08-23 02:48:40,345 | INFO  | DNAudit | user=null | ip=null | op=PUT_BLOCK {blockData=[blockId=conID: 2 locID: 102664013094126205 bcsId: 0,size=3145728]} | ret=SUCCESS |  
2019-08-23 02:48:40,345 | INFO  | DNAudit | user=null | ip=null | op=PUT_BLOCK {blockData=[blockId=conID: 2 locID: 102664013094126205 bcsId: 0,size=3145728]} | ret=SUCCESS |  
2019-08-23 02:48:40,345 | INFO  | DNAudit | user=null | ip=null | op=WRITE_CHUNK {blockData=conID: 2 locID: 102664013094126205 bcsId: 4430} | ret=SUCCESS |  
2019-08-23 02:48:40,357 | INFO  | DNAudit | user=null | ip=null | op=WRITE_CHUNK {blockData=conID: 2 locID: 102664013094126205 bcsId: 4430} | ret=SUCCESS |  
2019-08-23 02:48:40,357 | INFO  | DNAudit | user=null | ip=null | op=PUT_BLOCK {blockData=[blockId=conID: 2 locID: 102664013094126205 bcsId: 0,size=4194304]} | ret=SUCCESS |  
2019-08-23 02:48:40,358 [grpc-default-executor-1] INFO  client.GrpcClientProtocolClient (GrpcClientProtocolClient.java:onNext(255)) - client-B268B4322F32->17750241-545b-4219-93a1-14a6ea3d85be: receive RaftClientReply:client-B268B4322F32->17750241-545b-4219-93a1-14a6ea3d85be@group-C33FBD9556F2, cid=2941, SUCCESS, logIndex=4433, commits[17750241-545b-4219-93a1-14a6ea3d85be:c4434, 4eaaa090-573e-41d3-9f8c-c99e236d806a:c4430, 5f4cf9ee-4bed-49de-adaa-861aec894328:c4430]
2019-08-23 02:48:40,358 [grpc-default-executor-1] INFO  client.GrpcClientProtocolClient (GrpcClientProtocolClient.java:onNext(255)) - client-B268B4322F32->17750241-545b-4219-93a1-14a6ea3d85be: receive RaftClientReply:client-B268B4322F32->17750241-545b-4219-93a1-14a6ea3d85be@group-C33FBD9556F2, cid=2942, SUCCESS, logIndex=4434, commits[17750241-545b-4219-93a1-14a6ea3d85be:c4434, 4eaaa090-573e-41d3-9f8c-c99e236d806a:c4430, 5f4cf9ee-4bed-49de-adaa-861aec894328:c4430]
2019-08-23 02:48:40,360 | INFO  | DNAudit | user=null | ip=null | op=WRITE_CHUNK {blockData=conID: 2 locID: 102664013094126205 bcsId: 4430} | ret=SUCCESS |  
2019-08-23 02:48:40,360 | INFO  | DNAudit | user=null | ip=null | op=WRITE_CHUNK {blockData=conID: 2 locID: 102664013094126205 bcsId: 4430} | ret=SUCCESS |  
2019-08-23 02:48:40,373 | INFO  | DNAudit | user=null | ip=null | op=PUT_BLOCK {blockData=[blockId=conID: 2 locID: 102664013094126205 bcsId: 0,size=4194304]} | ret=SUCCESS |  
2019-08-23 02:48:40,373 | INFO  | DNAudit | user=null | ip=null | op=PUT_BLOCK {blockData=[blockId=conID: 2 locID: 102664013094126205 bcsId: 0,size=4194304]} | ret=SUCCESS |  
2019-08-23 02:48:40,373 [grpc-default-executor-1] INFO  client.GrpcClientProtocolClient (GrpcClientProtocolClient.java:onNext(255)) - client-B268B4322F32->17750241-545b-4219-93a1-14a6ea3d85be: receive RaftClientReply:client-B268B4322F32->17750241-545b-4219-93a1-14a6ea3d85be@group-C33FBD9556F2, cid=2943, SUCCESS, logIndex=0, commits[17750241-545b-4219-93a1-14a6ea3d85be:c4436, 4eaaa090-573e-41d3-9f8c-c99e236d806a:c4434, 5f4cf9ee-4bed-49de-adaa-861aec894328:c4434]
2019-08-23 02:48:40,375 | INFO  | SCMAudit | user=jenkins1000 | ip=192.168.34.22 | op=ALLOCATE_BLOCK {owner=31d65bc3-3f70-45f5-bbc5-e3a15f967ba6, size=4194304, type=RATIS, factor=THREE} | ret=SUCCESS |  
2019-08-23 02:48:40,379 | INFO  | OMAudit | user=jenkins1000 | ip=127.0.0.1 | op=ALLOCATE_BLOCK {volume=vol-0-78052, bucket=bucket-0-33874, key=key-0-20719, dataSize=2147483657, replicationType=RATIS, replicationFactor=THREE, keyLocationInfo=[], clientID=102664010308846034} | ret=SUCCESS |  
2019-08-23 02:48:40,391 | INFO  | DNAudit | user=null | ip=null | op=WRITE_CHUNK {blockData=conID: 3 locID: 102664013111296638 bcsId: 0} | ret=SUCCESS |  
2019-08-23 02:48:40,393 | INFO  | DNAudit | user=null | ip=null | op=WRITE_CHUNK {blockData=conID: 3 locID: 102664013111296638 bcsId: 0} | ret=SUCCESS |  
2019-08-23 02:48:40,394 | INFO  | DNAudit | user=null | ip=null | op=WRITE_CHUNK {blockData=conID: 3 locID: 102664013111296638 bcsId: 0} | ret=SUCCESS |  
2019-08-23 02:48:40,395 | INFO  | DNAudit | user=null | ip=null | op=WRITE_CHUNK {blockData=conID: 3 locID: 102664013111296638 bcsId: 0} | ret=SUCCESS |  
2019-08-23 02:48:40,397 | INFO  | DNAudit | user=null | ip=null | op=WRITE_CHUNK {blockData=conID: 3 locID: 102664013111296638 bcsId: 0} | ret=SUCCESS |  
2019-08-23 02:48:40,397 | INFO  | DNAudit | user=null | ip=null | op=WRITE_CHUNK {blockData=conID: 3 locID: 102664013111296638 bcsId: 0} | ret=SUCCESS |  
2019-08-23 02:48:40,405 | INFO  | DNAudit | user=null | ip=null | op=WRITE_CHUNK {blockData=conID: 3 locID: 102664013111296638 bcsId: 0} | ret=SUCCESS |  
2019-08-23 02:48:40,406 | INFO  | DNAudit | user=null | ip=null | op=PUT_BLOCK {blockData=[blockId=conID: 3 locID: 102664013111296638 bcsId: 0,size=1048576]} | ret=SUCCESS |  
2019-08-23 02:48:40,406 [grpc-default-executor-5] INFO  client.GrpcClientProtocolClient (GrpcClientProtocolClient.java:onNext(255)) - client-B268B4322F32->17750241-545b-4219-93a1-14a6ea3d85be: receive RaftClientReply:client-B268B4322F32->17750241-545b-4219-93a1-14a6ea3d85be@group-C33FBD9556F2, cid=2944, SUCCESS, logIndex=4437, commits[17750241-545b-4219-93a1-14a6ea3d85be:c4438, 4eaaa090-573e-41d3-9f8c-c99e236d806a:c4436, 5f4cf9ee-4bed-49de-adaa-861aec894328:c4436]
2019-08-23 02:48:40,407 [grpc-default-executor-5] INFO  client.GrpcClientProtocolClient (GrpcClientProtocolClient.java:onNext(255)) - client-B268B4322F32->17750241-545b-4219-93a1-14a6ea3d85be: receive RaftClientReply:client-B268B4322F32->17750241-545b-4219-93a1-14a6ea3d85be@group-C33FBD9556F2, cid=2945, SUCCESS, logIndex=4438, commits[17750241-545b-4219-93a1-14a6ea3d85be:c4438, 4eaaa090-573e-41d3-9f8c-c99e236d806a:c4436, 5f4cf9ee-4bed-49de-adaa-861aec894328:c4436]
2019-08-23 02:48:40,418 | INFO  | DNAudit | user=null | ip=null | op=WRITE_CHUNK {blockData=conID: 3 locID: 102664013111296638 bcsId: 0} | ret=SUCCESS |  
2019-08-23 02:48:40,418 | INFO  | DNAudit | user=null | ip=null | op=PUT_BLOCK {blockData=[blockId=conID: 3 locID: 102664013111296638 bcsId: 0,size=2097152]} | ret=SUCCESS |  
2019-08-23 02:48:40,419 [grpc-default-executor-5] INFO  client.GrpcClientProtocolClient (GrpcClientProtocolClient.java:onNext(255)) - client-B268B4322F32->17750241-545b-4219-93a1-14a6ea3d85be: receive RaftClientReply:client-B268B4322F32->17750241-545b-4219-93a1-14a6ea3d85be@group-C33FBD9556F2, cid=2946, SUCCESS, logIndex=4439, commits[17750241-545b-4219-93a1-14a6ea3d85be:c4440, 4eaaa090-573e-41d3-9f8c-c99e236d806a:c4436, 5f4cf9ee-4bed-49de-adaa-861aec894328:c4436]
2019-08-23 02:48:40,419 [grpc-default-executor-5] INFO  client.GrpcClientProtocolClient (GrpcClientProtocolClient.java:onNext(255)) - client-B268B4322F32->17750241-545b-4219-93a1-14a6ea3d85be: receive RaftClientReply:client-B268B4322F32->17750241-545b-4219-93a1-14a6ea3d85be@group-C33FBD9556F2, cid=2947, SUCCESS, logIndex=4440, commits[17750241-545b-4219-93a1-14a6ea3d85be:c4440, 4eaaa090-573e-41d3-9f8c-c99e236d806a:c4436, 5f4cf9ee-4bed-49de-adaa-861aec894328:c4436]
2019-08-23 02:48:40,422 | INFO  | SCMAudit | user=jenkins1000 | ip=192.168.34.22 | op=SEND_HEARTBEAT {datanodeUUID=5f4cf9ee-4bed-49de-adaa-861aec894328, command=[]} | ret=SUCCESS |  
2019-08-23 02:48:40,422 | INFO  | SCMAudit | user=jenkins1000 | ip=192.168.34.22 | op=SEND_HEARTBEAT {datanodeUUID=4eaaa090-573e-41d3-9f8c-c99e236d806a, command=[]} | ret=SUCCESS |  
2019-08-23 02:48:40,422 | INFO  | SCMAudit | user=jenkins1000 | ip=192.168.34.22 | op=SEND_HEARTBEAT {datanodeUUID=17750241-545b-4219-93a1-14a6ea3d85be, command=[]} | ret=SUCCESS |  
2019-08-23 02:48:40,422 | INFO  | SCMAudit | user=jenkins1000 | ip=192.168.34.22 | op=SEND_HEARTBEAT {datanodeUUID=0cedf437-a8af-4d70-bac5-ea9863093e86, command=[]} | ret=SUCCESS |  
 0.00% |█                                                                                                    |  0/1 Time: 0:00:422019-08-23 02:48:40,424 | INFO  | SCMAudit | user=jenkins1000 | ip=192.168.34.22 | op=SEND_HEARTBEAT {datanodeUUID=66ab6a68-e61f-4535-ab2f-12fe560929ed, command=[]} | ret=SUCCESS |  
2019-08-23 02:48:40,431 | INFO  | DNAudit | user=null | ip=null | op=WRITE_CHUNK {blockData=conID: 3 locID: 102664013111296638 bcsId: 0} | ret=SUCCESS |  
2019-08-23 02:48:40,431 | INFO  | DNAudit | user=null | ip=null | op=WRITE_CHUNK {blockData=conID: 3 locID: 102664013111296638 bcsId: 0} | ret=SUCCESS |  
2019-08-23 02:48:40,431 | INFO  | DNAudit | user=null | ip=null | op=PUT_BLOCK {blockData=[blockId=conID: 3 locID: 102664013111296638 bcsId: 0,size=1048576]} | ret=SUCCESS |  
2019-08-23 02:48:40,431 | INFO  | DNAudit | user=null | ip=null | op=PUT_BLOCK {blockData=[blockId=conID: 3 locID: 102664013111296638 bcsId: 0,size=1048576]} | ret=SUCCESS |  
2019-08-23 02:48:40,431 [grpc-default-executor-5] INFO  client.GrpcClientProtocolClient (GrpcClientProtocolClient.java:onNext(255)) - client-B268B4322F32->17750241-545b-4219-93a1-14a6ea3d85be: receive RaftClientReply:client-B268B4322F32->17750241-545b-4219-93a1-14a6ea3d85be@group-C33FBD9556F2, cid=2948, SUCCESS, logIndex=0, commits[17750241-545b-4219-93a1-14a6ea3d85be:c4441, 4eaaa090-573e-41d3-9f8c-c99e236d806a:c4438, 5f4cf9ee-4bed-49de-adaa-861aec894328:c4438]
2019-08-23 02:48:40,442 | INFO  | DNAudit | user=null | ip=null | op=WRITE_CHUNK {blockData=conID: 3 locID: 102664013111296638 bcsId: 4440} | ret=SUCCESS |  
2019-08-23 02:48:40,443 | INFO  | DNAudit | user=null | ip=null | op=WRITE_CHUNK {blockData=conID: 3 locID: 102664013111296638 bcsId: 0} | ret=SUCCESS |  
2019-08-23 02:48:40,443 | INFO  | DNAudit | user=null | ip=null | op=PUT_BLOCK {blockData=[blockId=conID: 3 locID: 102664013111296638 bcsId: 0,size=2097152]} | ret=SUCCESS |  
2019-08-23 02:48:40,443 | INFO  | DNAudit | user=null | ip=null | op=WRITE_CHUNK {blockData=conID: 3 locID: 102664013111296638 bcsId: 0} | ret=SUCCESS |  
2019-08-23 02:48:40,444 | INFO  | DNAudit | user=null | ip=null | op=PUT_BLOCK {blockData=[blockId=conID: 3 locID: 102664013111296638 bcsId: 0,size=2097152]} | ret=SUCCESS |  
2019-08-23 02:48:40,444 | INFO  | DNAudit | user=null | ip=null | op=WRITE_CHUNK {blockData=conID: 3 locID: 102664013111296638 bcsId: 4440} | ret=SUCCESS |  
2019-08-23 02:48:40,444 | INFO  | DNAudit | user=null | ip=null | op=WRITE_CHUNK {blockData=conID: 3 locID: 102664013111296638 bcsId: 4440} | ret=SUCCESS |  
2019-08-23 02:48:40,456 | INFO  | DNAudit | user=null | ip=null | op=WRITE_CHUNK {blockData=conID: 3 locID: 102664013111296638 bcsId: 4440} | ret=SUCCESS |  
2019-08-23 02:48:40,457 | INFO  | DNAudit | user=null | ip=null | op=PUT_BLOCK {blockData=[blockId=conID: 3 locID: 102664013111296638 bcsId: 0,size=3145728]} | ret=SUCCESS |  
2019-08-23 02:48:40,457 [grpc-default-executor-5] INFO  client.GrpcClientProtocolClient (GrpcClientProtocolClient.java:onNext(255)) - client-B268B4322F32->17750241-545b-4219-93a1-14a6ea3d85be: receive RaftClientReply:client-B268B4322F32->17750241-545b-4219-93a1-14a6ea3d85be@group-C33FBD9556F2, cid=2949, SUCCESS, logIndex=4445, commits[17750241-545b-4219-93a1-14a6ea3d85be:c4446, 4eaaa090-573e-41d3-9f8c-c99e236d806a:c4442, 5f4cf9ee-4bed-49de-adaa-861aec894328:c4442]
2019-08-23 02:48:40,457 [grpc-default-executor-5] INFO  client.GrpcClientProtocolClient (GrpcClientProtocolClient.java:onNext(255)) - client-B268B4322F32->17750241-545b-4219-93a1-14a6ea3d85be: receive RaftClientReply:client-B268B4322F32->17750241-545b-4219-93a1-14a6ea3d85be@group-C33FBD9556F2, cid=2950, SUCCESS, logIndex=4446, commits[17750241-545b-4219-93a1-14a6ea3d85be:c4446, 4eaaa090-573e-41d3-9f8c-c99e236d806a:c4442, 5f4cf9ee-4bed-49de-adaa-861aec894328:c4442]
2019-08-23 02:48:40,465 | INFO  | DNAudit | user=null | ip=null | op=WRITE_CHUNK {blockData=conID: 3 locID: 102664013111296638 bcsId: 4446} | ret=SUCCESS |  
2019-08-23 02:48:40,467 | INFO  | DNAudit | user=null | ip=null | op=WRITE_CHUNK {blockData=conID: 3 locID: 102664013111296638 bcsId: 4446} | ret=SUCCESS |  
2019-08-23 02:48:40,468 | INFO  | DNAudit | user=null | ip=null | op=WRITE_CHUNK {blockData=conID: 3 locID: 102664013111296638 bcsId: 4446} | ret=SUCCESS |  
2019-08-23 02:48:40,468 | INFO  | DNAudit | user=null | ip=null | op=WRITE_CHUNK {blockData=conID: 3 locID: 102664013111296638 bcsId: 4440} | ret=SUCCESS |  
2019-08-23 02:48:40,469 | INFO  | DNAudit | user=null | ip=null | op=WRITE_CHUNK {blockData=conID: 3 locID: 102664013111296638 bcsId: 4440} | ret=SUCCESS |  
2019-08-23 02:48:40,478 | INFO  | DNAudit | user=null | ip=null | op=PUT_BLOCK {blockData=[blockId=conID: 3 locID: 102664013111296638 bcsId: 0,size=3145728]} | ret=SUCCESS |  
2019-08-23 02:48:40,478 | INFO  | DNAudit | user=null | ip=null | op=PUT_BLOCK {blockData=[blockId=conID: 3 locID: 102664013111296638 bcsId: 0,size=3145728]} | ret=SUCCESS |  
2019-08-23 02:48:40,478 | INFO  | DNAudit | user=null | ip=null | op=WRITE_CHUNK {blockData=conID: 3 locID: 102664013111296638 bcsId: 4446} | ret=SUCCESS |  
2019-08-23 02:48:40,479 | INFO  | DNAudit | user=null | ip=null | op=PUT_BLOCK {blockData=[blockId=conID: 3 locID: 102664013111296638 bcsId: 0,size=4194304]} | ret=SUCCESS |  
2019-08-23 02:48:40,479 [grpc-default-executor-1] INFO  client.GrpcClientProtocolClient (GrpcClientProtocolClient.java:onNext(255)) - client-B268B4322F32->17750241-545b-4219-93a1-14a6ea3d85be: receive RaftClientReply:client-B268B4322F32->17750241-545b-4219-93a1-14a6ea3d85be@group-C33FBD9556F2, cid=2951, SUCCESS, logIndex=4449, commits[17750241-545b-4219-93a1-14a6ea3d85be:c4450, 4eaaa090-573e-41d3-9f8c-c99e236d806a:c4446, 5f4cf9ee-4bed-49de-adaa-861aec894328:c4446]
2019-08-23 02:48:40,479 [grpc-default-executor-1] INFO  client.GrpcClientProtocolClient (GrpcClientProtocolClient.java:onNext(255)) - client-B268B4322F32->17750241-545b-4219-93a1-14a6ea3d85be: receive RaftClientReply:client-B268B4322F32->17750241-545b-4219-93a1-14a6ea3d85be@group-C33FBD9556F2, cid=2952, SUCCESS, logIndex=4450, commits[17750241-545b-4219-93a1-14a6ea3d85be:c4450, 4eaaa090-573e-41d3-9f8c-c99e236d806a:c4446, 5f4cf9ee-4bed-49de-adaa-861aec894328:c4446]
2019-08-23 02:48:40,497 | INFO  | DNAudit | user=null | ip=null | op=WRITE_CHUNK {blockData=conID: 3 locID: 102664013111296638 bcsId: 4446} | ret=SUCCESS |  
2019-08-23 02:48:40,497 | INFO  | DNAudit | user=null | ip=null | op=WRITE_CHUNK {blockData=conID: 3 locID: 102664013111296638 bcsId: 4446} | ret=SUCCESS |  
2019-08-23 02:48:40,499 | INFO  | DNAudit | user=null | ip=null | op=PUT_BLOCK {blockData=[blockId=conID: 3 locID: 102664013111296638 bcsId: 0,size=4194304]} | ret=SUCCESS |  
2019-08-23 02:48:40,499 | INFO  | DNAudit | user=null | ip=null | op=PUT_BLOCK {blockData=[blockId=conID: 3 locID: 102664013111296638 bcsId: 0,size=4194304]} | ret=SUCCESS |  
2019-08-23 02:48:40,500 [grpc-default-executor-1] INFO  client.GrpcClientProtocolClient (GrpcClientProtocolClient.java:onNext(255)) - client-B268B4322F32->17750241-545b-4219-93a1-14a6ea3d85be: receive RaftClientReply:client-B268B4322F32->17750241-545b-4219-93a1-14a6ea3d85be@group-C33FBD9556F2, cid=2953, SUCCESS, logIndex=0, commits[17750241-545b-4219-93a1-14a6ea3d85be:c4452, 4eaaa090-573e-41d3-9f8c-c99e236d806a:c4450, 5f4cf9ee-4bed-49de-adaa-861aec894328:c4450]
2019-08-23 02:48:40,502 | INFO  | SCMAudit | user=jenkins1000 | ip=192.168.34.22 | op=ALLOCATE_BLOCK {owner=31d65bc3-3f70-45f5-bbc5-e3a15f967ba6, size=4194304, type=RATIS, factor=THREE} | ret=SUCCESS |  
2019-08-23 02:48:40,509 | INFO  | OMAudit | user=jenkins1000 | ip=127.0.0.1 | op=ALLOCATE_BLOCK {volume=vol-0-78052, bucket=bucket-0-33874, key=key-0-20719, dataSize=2147483657, replicationType=RATIS, replicationFactor=THREE, keyLocationInfo=[], clientID=102664010308846034} | ret=SUCCESS |  
2019-08-23 02:48:40,521 | INFO  | DNAudit | user=null | ip=null | op=WRITE_CHUNK {blockData=conID: 1 locID: 102664013119619711 bcsId: 0} | ret=SUCCESS |  
2019-08-23 02:48:40,523 | INFO  | DNAudit | user=null | ip=null | op=WRITE_CHUNK {blockData=conID: 1 locID: 102664013119619711 bcsId: 0} | ret=SUCCESS |  
2019-08-23 02:48:40,524 | INFO  | DNAudit | user=null | ip=null | op=WRITE_CHUNK {blockData=conID: 1 locID: 102664013119619711 bcsId: 0} | ret=SUCCESS |  
2019-08-23 02:48:40,525 | INFO  | DNAudit | user=null | ip=null | op=WRITE_CHUNK {blockData=conID: 1 locID: 102664013119619711 bcsId: 0} | ret=SUCCESS |  
2019-08-23 02:48:40,527 | INFO  | DNAudit | user=null | ip=null | op=WRITE_CHUNK {blockData=conID: 1 locID: 102664013119619711 bcsId: 0} | ret=SUCCESS |  
2019-08-23 02:48:40,527 | INFO  | DNAudit | user=null | ip=null | op=WRITE_CHUNK {blockData=conID: 1 locID: 102664013119619711 bcsId: 0} | ret=SUCCESS |  
2019-08-23 02:48:40,534 | INFO  | DNAudit | user=null | ip=null | op=WRITE_CHUNK {blockData=conID: 1 locID: 102664013119619711 bcsId: 0} | ret=SUCCESS |  
2019-08-23 02:48:40,534 | INFO  | DNAudit | user=null | ip=null | op=PUT_BLOCK {blockData=[blockId=conID: 1 locID: 102664013119619711 bcsId: 0,size=1048576]} | ret=SUCCESS |  
2019-08-23 02:48:40,534 [grpc-default-executor-5] INFO  client.GrpcClientProtocolClient (GrpcClientProtocolClient.java:onNext(255)) - client-B268B4322F32->17750241-545b-4219-93a1-14a6ea3d85be: receive RaftClientReply:client-B268B4322F32->17750241-545b-4219-93a1-14a6ea3d85be@group-C33FBD9556F2, cid=2954, SUCCESS, logIndex=4453, commits[17750241-545b-4219-93a1-14a6ea3d85be:c4454, 4eaaa090-573e-41d3-9f8c-c99e236d806a:c4452, 5f4cf9ee-4bed-49de-adaa-861aec894328:c4452]
2019-08-23 02:48:40,535 [grpc-default-executor-5] INFO  client.GrpcClientProtocolClient (GrpcClientProtocolClient.java:onNext(255)) - client-B268B4322F32->17750241-545b-4219-93a1-14a6ea3d85be: receive RaftClientReply:client-B268B4322F32->17750241-545b-4219-93a1-14a6ea3d85be@group-C33FBD9556F2, cid=2955, SUCCESS, logIndex=4454, commits[17750241-545b-4219-93a1-14a6ea3d85be:c4454, 4eaaa090-573e-41d3-9f8c-c99e236d806a:c4452, 5f4cf9ee-4bed-49de-adaa-861aec894328:c4452]
2019-08-23 02:48:40,536 | INFO  | DNAudit | user=null | ip=null | op=WRITE_CHUNK {blockData=conID: 1 locID: 102664013119619711 bcsId: 0} | ret=SUCCESS |  
2019-08-23 02:48:40,537 | INFO  | DNAudit | user=null | ip=null | op=PUT_BLOCK {blockData=[blockId=conID: 1 locID: 102664013119619711 bcsId: 0,size=2097152]} | ret=SUCCESS |  
2019-08-23 02:48:40,537 [grpc-default-executor-5] INFO  client.GrpcClientProtocolClient (GrpcClientProtocolClient.java:onNext(255)) - client-B268B4322F32->17750241-545b-4219-93a1-14a6ea3d85be: receive RaftClientReply:client-B268B4322F32->17750241-545b-4219-93a1-14a6ea3d85be@group-C33FBD9556F2, cid=2956, SUCCESS, logIndex=4455, commits[17750241-545b-4219-93a1-14a6ea3d85be:c4456, 4eaaa090-573e-41d3-9f8c-c99e236d806a:c4452, 5f4cf9ee-4bed-49de-adaa-861aec894328:c4452]
2019-08-23 02:48:40,537 [grpc-default-executor-5] INFO  client.GrpcClientProtocolClient (GrpcClientProtocolClient.java:onNext(255)) - client-B268B4322F32->17750241-545b-4219-93a1-14a6ea3d85be: receive RaftClientReply:client-B268B4322F32->17750241-545b-4219-93a1-14a6ea3d85be@group-C33FBD9556F2, cid=2957, SUCCESS, logIndex=4456, commits[17750241-545b-4219-93a1-14a6ea3d85be:c4456, 4eaaa090-573e-41d3-9f8c-c99e236d806a:c4452, 5f4cf9ee-4bed-49de-adaa-861aec894328:c4452]
2019-08-23 02:48:40,551 | INFO  | DNAudit | user=null | ip=null | op=WRITE_CHUNK {blockData=conID: 1 locID: 102664013119619711 bcsId: 0} | ret=SUCCESS |  
2019-08-23 02:48:40,551 | INFO  | DNAudit | user=null | ip=null | op=WRITE_CHUNK {blockData=conID: 1 locID: 102664013119619711 bcsId: 0} | ret=SUCCESS |  
2019-08-23 02:48:40,552 | INFO  | DNAudit | user=null | ip=null | op=PUT_BLOCK {blockData=[blockId=conID: 1 locID: 102664013119619711 bcsId: 0,size=1048576]} | ret=SUCCESS |  
2019-08-23 02:48:40,552 | INFO  | DNAudit | user=null | ip=null | op=PUT_BLOCK {blockData=[blockId=conID: 1 locID: 102664013119619711 bcsId: 0,size=1048576]} | ret=SUCCESS |  
2019-08-23 02:48:40,552 [grpc-default-executor-5] INFO  client.GrpcClientProtocolClient (GrpcClientProtocolClient.java:onNext(255)) - client-B268B4322F32->17750241-545b-4219-93a1-14a6ea3d85be: receive RaftClientReply:client-B268B4322F32->17750241-545b-4219-93a1-14a6ea3d85be@group-C33FBD9556F2, cid=2958, SUCCESS, logIndex=0, commits[17750241-545b-4219-93a1-14a6ea3d85be:c4458, 4eaaa090-573e-41d3-9f8c-c99e236d806a:c4454, 5f4cf9ee-4bed-49de-adaa-861aec894328:c4454]
2019-08-23 02:48:40,560 | INFO  | DNAudit | user=null | ip=null | op=WRITE_CHUNK {blockData=conID: 1 locID: 102664013119619711 bcsId: 4456} | ret=SUCCESS |  
2019-08-23 02:48:40,563 | INFO  | DNAudit | user=null | ip=null | op=WRITE_CHUNK {blockData=conID: 1 locID: 102664013119619711 bcsId: 4456} | ret=SUCCESS |  
2019-08-23 02:48:40,563 | INFO  | DNAudit | user=null | ip=null | op=WRITE_CHUNK {blockData=conID: 1 locID: 102664013119619711 bcsId: 4456} | ret=SUCCESS |  
2019-08-23 02:48:40,578 | INFO  | DNAudit | user=null | ip=null | op=WRITE_CHUNK {blockData=conID: 1 locID: 102664013119619711 bcsId: 0} | ret=SUCCESS |  
2019-08-23 02:48:40,579 | INFO  | DNAudit | user=null | ip=null | op=WRITE_CHUNK {blockData=conID: 1 locID: 102664013119619711 bcsId: 0} | ret=SUCCESS |  
2019-08-23 02:48:40,579 | INFO  | DNAudit | user=null | ip=null | op=PUT_BLOCK {blockData=[blockId=conID: 1 locID: 102664013119619711 bcsId: 0,size=2097152]} | ret=SUCCESS |  
2019-08-23 02:48:40,579 | INFO  | DNAudit | user=null | ip=null | op=PUT_BLOCK {blockData=[blockId=conID: 1 locID: 102664013119619711 bcsId: 0,size=2097152]} | ret=SUCCESS |  
2019-08-23 02:48:40,590 | INFO  | DNAudit | user=null | ip=null | op=WRITE_CHUNK {blockData=conID: 1 locID: 102664013119619711 bcsId: 4456} | ret=SUCCESS |  
2019-08-23 02:48:40,591 | INFO  | DNAudit | user=null | ip=null | op=PUT_BLOCK {blockData=[blockId=conID: 1 locID: 102664013119619711 bcsId: 0,size=3145728]} | ret=SUCCESS |  
2019-08-23 02:48:40,591 [grpc-default-executor-1] INFO  client.GrpcClientProtocolClient (GrpcClientProtocolClient.java:onNext(255)) - client-B268B4322F32->17750241-545b-4219-93a1-14a6ea3d85be: receive RaftClientReply:client-B268B4322F32->17750241-545b-4219-93a1-14a6ea3d85be@group-C33FBD9556F2, cid=2959, SUCCESS, logIndex=4461, commits[17750241-545b-4219-93a1-14a6ea3d85be:c4462, 4eaaa090-573e-41d3-9f8c-c99e236d806a:c4458, 5f4cf9ee-4bed-49de-adaa-861aec894328:c4458]
2019-08-23 02:48:40,592 [grpc-default-executor-1] INFO  client.GrpcClientProtocolClient (GrpcClientProtocolClient.java:onNext(255)) - client-B268B4322F32->17750241-545b-4219-93a1-14a6ea3d85be: receive RaftClientReply:client-B268B4322F32->17750241-545b-4219-93a1-14a6ea3d85be@group-C33FBD9556F2, cid=2960, SUCCESS, logIndex=4462, commits[17750241-545b-4219-93a1-14a6ea3d85be:c4462, 4eaaa090-573e-41d3-9f8c-c99e236d806a:c4458, 5f4cf9ee-4bed-49de-adaa-861aec894328:c4458]
2019-08-23 02:48:40,600 | INFO  | DNAudit | user=null | ip=null | op=WRITE_CHUNK {blockData=conID: 1 locID: 102664013119619711 bcsId: 4462} | ret=SUCCESS |  
2019-08-23 02:48:40,602 | INFO  | DNAudit | user=null | ip=null | op=WRITE_CHUNK {blockData=conID: 1 locID: 102664013119619711 bcsId: 4456} | ret=SUCCESS |  
2019-08-23 02:48:40,602 | INFO  | DNAudit | user=null | ip=null | op=WRITE_CHUNK {blockData=conID: 1 locID: 102664013119619711 bcsId: 4456} | ret=SUCCESS |  
2019-08-23 02:48:40,602 | INFO  | DNAudit | user=null | ip=null | op=PUT_BLOCK {blockData=[blockId=conID: 1 locID: 102664013119619711 bcsId: 0,size=3145728]} | ret=SUCCESS |  
2019-08-23 02:48:40,602 | INFO  | DNAudit | user=null | ip=null | op=PUT_BLOCK {blockData=[blockId=conID: 1 locID: 102664013119619711 bcsId: 0,size=3145728]} | ret=SUCCESS |  
2019-08-23 02:48:40,603 | INFO  | DNAudit | user=null | ip=null | op=WRITE_CHUNK {blockData=conID: 1 locID: 102664013119619711 bcsId: 4462} | ret=SUCCESS |  
2019-08-23 02:48:40,603 | INFO  | DNAudit | user=null | ip=null | op=WRITE_CHUNK {blockData=conID: 1 locID: 102664013119619711 bcsId: 4462} | ret=SUCCESS |  
2019-08-23 02:48:40,615 | INFO  | DNAudit | user=null | ip=null | op=WRITE_CHUNK {blockData=conID: 1 locID: 102664013119619711 bcsId: 4462} | ret=SUCCESS |  
2019-08-23 02:48:40,615 | INFO  | DNAudit | user=null | ip=null | op=PUT_BLOCK {blockData=[blockId=conID: 1 locID: 102664013119619711 bcsId: 0,size=4194304]} | ret=SUCCESS |  
2019-08-23 02:48:40,615 [grpc-default-executor-2] INFO  client.GrpcClientProtocolClient (GrpcClientProtocolClient.java:onNext(255)) - client-B268B4322F32->17750241-545b-4219-93a1-14a6ea3d85be: receive RaftClientReply:client-B268B4322F32->17750241-545b-4219-93a1-14a6ea3d85be@group-C33FBD9556F2, cid=2961, SUCCESS, logIndex=4465, commits[17750241-545b-4219-93a1-14a6ea3d85be:c4466, 4eaaa090-573e-41d3-9f8c-c99e236d806a:c4462, 5f4cf9ee-4bed-49de-adaa-861aec894328:c4462]
2019-08-23 02:48:40,616 [grpc-default-executor-2] INFO  client.GrpcClientProtocolClient (GrpcClientProtocolClient.java:onNext(255)) - client-B268B4322F32->17750241-545b-4219-93a1-14a6ea3d85be: receive RaftClientReply:client-B268B4322F32->17750241-545b-4219-93a1-14a6ea3d85be@group-C33FBD9556F2, cid=2962, SUCCESS, logIndex=4466, commits[17750241-545b-4219-93a1-14a6ea3d85be:c4466, 4eaaa090-573e-41d3-9f8c-c99e236d806a:c4462, 5f4cf9ee-4bed-49de-adaa-861aec894328:c4462]
2019-08-23 02:48:40,618 | INFO  | DNAudit | user=null | ip=null | op=WRITE_CHUNK {blockData=conID: 1 locID: 102664013119619711 bcsId: 4462} | ret=SUCCESS |  
2019-08-23 02:48:40,618 | INFO  | DNAudit | user=null | ip=null | op=WRITE_CHUNK {blockData=conID: 1 locID: 102664013119619711 bcsId: 4462} | ret=SUCCESS |  
2019-08-23 02:48:40,630 | INFO  | DNAudit | user=null | ip=null | op=PUT_BLOCK {blockData=[blockId=conID: 1 locID: 102664013119619711 bcsId: 0,size=4194304]} | ret=SUCCESS |  
2019-08-23 02:48:40,630 | INFO  | DNAudit | user=null | ip=null | op=PUT_BLOCK {blockData=[blockId=conID: 1 locID: 102664013119619711 bcsId: 0,size=4194304]} | ret=SUCCESS |  
2019-08-23 02:48:40,631 [grpc-default-executor-2] INFO  client.GrpcClientProtocolClient (GrpcClientProtocolClient.java:onNext(255)) - client-B268B4322F32->17750241-545b-4219-93a1-14a6ea3d85be: receive RaftClientReply:client-B268B4322F32->17750241-545b-4219-93a1-14a6ea3d85be@group-C33FBD9556F2, cid=2963, SUCCESS, logIndex=0, commits[17750241-545b-4219-93a1-14a6ea3d85be:c4468, 4eaaa090-573e-41d3-9f8c-c99e236d806a:c4466, 5f4cf9ee-4bed-49de-adaa-861aec894328:c4466]
2019-08-23 02:48:40,633 | INFO  | SCMAudit | user=jenkins1000 | ip=192.168.34.22 | op=ALLOCATE_BLOCK {owner=31d65bc3-3f70-45f5-bbc5-e3a15f967ba6, size=4194304, type=RATIS, factor=THREE} | ret=SUCCESS |  
2019-08-23 02:48:40,639 | INFO  | OMAudit | user=jenkins1000 | ip=127.0.0.1 | op=ALLOCATE_BLOCK {volume=vol-0-78052, bucket=bucket-0-33874, key=key-0-20719, dataSize=2147483657, replicationType=RATIS, replicationFactor=THREE, keyLocationInfo=[], clientID=102664010308846034} | ret=SUCCESS |  
2019-08-23 02:48:40,651 | INFO  | DNAudit | user=null | ip=null | op=WRITE_CHUNK {blockData=conID: 2 locID: 102664013128204928 bcsId: 0} | ret=SUCCESS |  
2019-08-23 02:48:40,655 | INFO  | DNAudit | user=null | ip=null | op=WRITE_CHUNK {blockData=conID: 2 locID: 102664013128204928 bcsId: 0} | ret=SUCCESS |  
2019-08-23 02:48:40,655 | INFO  | DNAudit | user=null | ip=null | op=WRITE_CHUNK {blockData=conID: 2 locID: 102664013128204928 bcsId: 0} | ret=SUCCESS |  
2019-08-23 02:48:40,656 | INFO  | DNAudit | user=null | ip=null | op=WRITE_CHUNK {blockData=conID: 2 locID: 102664013128204928 bcsId: 0} | ret=SUCCESS |  
2019-08-23 02:48:40,656 | INFO  | DNAudit | user=null | ip=null | op=WRITE_CHUNK {blockData=conID: 2 locID: 102664013128204928 bcsId: 0} | ret=SUCCESS |  
2019-08-23 02:48:40,657 | INFO  | DNAudit | user=null | ip=null | op=WRITE_CHUNK {blockData=conID: 2 locID: 102664013128204928 bcsId: 0} | ret=SUCCESS |  
2019-08-23 02:48:40,666 | INFO  | DNAudit | user=null | ip=null | op=WRITE_CHUNK {blockData=conID: 2 locID: 102664013128204928 bcsId: 0} | ret=SUCCESS |  
2019-08-23 02:48:40,666 | INFO  | DNAudit | user=null | ip=null | op=PUT_BLOCK {blockData=[blockId=conID: 2 locID: 102664013128204928 bcsId: 0,size=1048576]} | ret=SUCCESS |  
2019-08-23 02:48:40,666 [grpc-default-executor-1] INFO  client.GrpcClientProtocolClient (GrpcClientProtocolClient.java:onNext(255)) - client-B268B4322F32->17750241-545b-4219-93a1-14a6ea3d85be: receive RaftClientReply:client-B268B4322F32->17750241-545b-4219-93a1-14a6ea3d85be@group-C33FBD9556F2, cid=2964, SUCCESS, logIndex=4469, commits[17750241-545b-4219-93a1-14a6ea3d85be:c4470, 4eaaa090-573e-41d3-9f8c-c99e236d806a:c4468, 5f4cf9ee-4bed-49de-adaa-861aec894328:c4468]
2019-08-23 02:48:40,667 [grpc-default-executor-1] INFO  client.GrpcClientProtocolClient (GrpcClientProtocolClient.java:onNext(255)) - client-B268B4322F32->17750241-545b-4219-93a1-14a6ea3d85be: receive RaftClientReply:client-B268B4322F32->17750241-545b-4219-93a1-14a6ea3d85be@group-C33FBD9556F2, cid=2965, SUCCESS, logIndex=4470, commits[17750241-545b-4219-93a1-14a6ea3d85be:c4470, 4eaaa090-573e-41d3-9f8c-c99e236d806a:c4468, 5f4cf9ee-4bed-49de-adaa-861aec894328:c4468]
2019-08-23 02:48:40,675 | INFO  | DNAudit | user=null | ip=null | op=WRITE_CHUNK {blockData=conID: 2 locID: 102664013128204928 bcsId: 0} | ret=SUCCESS |  
2019-08-23 02:48:40,676 | INFO  | DNAudit | user=null | ip=null | op=PUT_BLOCK {blockData=[blockId=conID: 2 locID: 102664013128204928 bcsId: 0,size=2097152]} | ret=SUCCESS |  
2019-08-23 02:48:40,676 [grpc-default-executor-1] INFO  client.GrpcClientProtocolClient (GrpcClientProtocolClient.java:onNext(255)) - client-B268B4322F32->17750241-545b-4219-93a1-14a6ea3d85be: receive RaftClientReply:client-B268B4322F32->17750241-545b-4219-93a1-14a6ea3d85be@group-C33FBD9556F2, cid=2966, SUCCESS, logIndex=4471, commits[17750241-545b-4219-93a1-14a6ea3d85be:c4472, 4eaaa090-573e-41d3-9f8c-c99e236d806a:c4468, 5f4cf9ee-4bed-49de-adaa-861aec894328:c4468]
2019-08-23 02:48:40,676 [grpc-default-executor-1] INFO  client.GrpcClientProtocolClient (GrpcClientProtocolClient.java:onNext(255)) - client-B268B4322F32->17750241-545b-4219-93a1-14a6ea3d85be: receive RaftClientReply:client-B268B4322F32->17750241-545b-4219-93a1-14a6ea3d85be@group-C33FBD9556F2, cid=2967, SUCCESS, logIndex=4472, commits[17750241-545b-4219-93a1-14a6ea3d85be:c4472, 4eaaa090-573e-41d3-9f8c-c99e236d806a:c4468, 5f4cf9ee-4bed-49de-adaa-861aec894328:c4468]
2019-08-23 02:48:40,678 | INFO  | DNAudit | user=null | ip=null | op=WRITE_CHUNK {blockData=conID: 2 locID: 102664013128204928 bcsId: 0} | ret=SUCCESS |  
2019-08-23 02:48:40,678 | INFO  | DNAudit | user=null | ip=null | op=WRITE_CHUNK {blockData=conID: 2 locID: 102664013128204928 bcsId: 0} | ret=SUCCESS |  
2019-08-23 02:48:40,678 | INFO  | DNAudit | user=null | ip=null | op=PUT_BLOCK {blockData=[blockId=conID: 2 locID: 102664013128204928 bcsId: 0,size=1048576]} | ret=SUCCESS |  
2019-08-23 02:48:40,678 | INFO  | DNAudit | user=null | ip=null | op=PUT_BLOCK {blockData=[blockId=conID: 2 locID: 102664013128204928 bcsId: 0,size=1048576]} | ret=SUCCESS |  
2019-08-23 02:48:40,678 [grpc-default-executor-1] INFO  client.GrpcClientProtocolClient (GrpcClientProtocolClient.java:onNext(255)) - client-B268B4322F32->17750241-545b-4219-93a1-14a6ea3d85be: receive RaftClientReply:client-B268B4322F32->17750241-545b-4219-93a1-14a6ea3d85be@group-C33FBD9556F2, cid=2968, SUCCESS, logIndex=0, commits[17750241-545b-4219-93a1-14a6ea3d85be:c4472, 4eaaa090-573e-41d3-9f8c-c99e236d806a:c4470, 5f4cf9ee-4bed-49de-adaa-861aec894328:c4470]
2019-08-23 02:48:40,687 | INFO  | DNAudit | user=null | ip=null | op=WRITE_CHUNK {blockData=conID: 2 locID: 102664013128204928 bcsId: 4472} | ret=SUCCESS |  
2019-08-23 02:48:40,688 | INFO  | DNAudit | user=null | ip=null | op=WRITE_CHUNK {blockData=conID: 2 locID: 102664013128204928 bcsId: 4472} | ret=SUCCESS |  
2019-08-23 02:48:40,688 | INFO  | DNAudit | user=null | ip=null | op=WRITE_CHUNK {blockData=conID: 2 locID: 102664013128204928 bcsId: 4472} | ret=SUCCESS |  
2019-08-23 02:48:40,703 | INFO  | DNAudit | user=null | ip=null | op=WRITE_CHUNK {blockData=conID: 2 locID: 102664013128204928 bcsId: 0} | ret=SUCCESS |  
2019-08-23 02:48:40,703 | INFO  | DNAudit | user=null | ip=null | op=WRITE_CHUNK {blockData=conID: 2 locID: 102664013128204928 bcsId: 0} | ret=SUCCESS |  
2019-08-23 02:48:40,703 | INFO  | DNAudit | user=null | ip=null | op=PUT_BLOCK {blockData=[blockId=conID: 2 locID: 102664013128204928 bcsId: 0,size=2097152]} | ret=SUCCESS |  
2019-08-23 02:48:40,703 | INFO  | DNAudit | user=null | ip=null | op=WRITE_CHUNK {blockData=conID: 2 locID: 102664013128204928 bcsId: 4472} | ret=SUCCESS |  
2019-08-23 02:48:40,704 | INFO  | DNAudit | user=null | ip=null | op=PUT_BLOCK {blockData=[blockId=conID: 2 locID: 102664013128204928 bcsId: 0,size=2097152]} | ret=SUCCESS |  
2019-08-23 02:48:40,704 | INFO  | DNAudit | user=null | ip=null | op=PUT_BLOCK {blockData=[blockId=conID: 2 locID: 102664013128204928 bcsId: 0,size=3145728]} | ret=SUCCESS |  
2019-08-23 02:48:40,704 [grpc-default-executor-1] INFO  client.GrpcClientProtocolClient (GrpcClientProtocolClient.java:onNext(255)) - client-B268B4322F32->17750241-545b-4219-93a1-14a6ea3d85be: receive RaftClientReply:client-B268B4322F32->17750241-545b-4219-93a1-14a6ea3d85be@group-C33FBD9556F2, cid=2969, SUCCESS, logIndex=4477, commits[17750241-545b-4219-93a1-14a6ea3d85be:c4478, 4eaaa090-573e-41d3-9f8c-c99e236d806a:c4472, 5f4cf9ee-4bed-49de-adaa-861aec894328:c4472]
2019-08-23 02:48:40,704 [grpc-default-executor-1] INFO  client.GrpcClientProtocolClient (GrpcClientProtocolClient.java:onNext(255)) - client-B268B4322F32->17750241-545b-4219-93a1-14a6ea3d85be: receive RaftClientReply:client-B268B4322F32->17750241-545b-4219-93a1-14a6ea3d85be@group-C33FBD9556F2, cid=2970, SUCCESS, logIndex=4478, commits[17750241-545b-4219-93a1-14a6ea3d85be:c4478, 4eaaa090-573e-41d3-9f8c-c99e236d806a:c4472, 5f4cf9ee-4bed-49de-adaa-861aec894328:c4472]
2019-08-23 02:48:40,712 | INFO  | DNAudit | user=null | ip=null | op=WRITE_CHUNK {blockData=conID: 2 locID: 102664013128204928 bcsId: 4478} | ret=SUCCESS |  
2019-08-23 02:48:40,715 | INFO  | DNAudit | user=null | ip=null | op=WRITE_CHUNK {blockData=conID: 2 locID: 102664013128204928 bcsId: 4478} | ret=SUCCESS |  
2019-08-23 02:48:40,715 | INFO  | DNAudit | user=null | ip=null | op=WRITE_CHUNK {blockData=conID: 2 locID: 102664013128204928 bcsId: 4478} | ret=SUCCESS |  
2019-08-23 02:48:40,716 | INFO  | DNAudit | user=null | ip=null | op=WRITE_CHUNK {blockData=conID: 2 locID: 102664013128204928 bcsId: 4472} | ret=SUCCESS |  
2019-08-23 02:48:40,716 | INFO  | DNAudit | user=null | ip=null | op=WRITE_CHUNK {blockData=conID: 2 locID: 102664013128204928 bcsId: 4472} | ret=SUCCESS |  
2019-08-23 02:48:40,729 | INFO  | DNAudit | user=null | ip=null | op=PUT_BLOCK {blockData=[blockId=conID: 2 locID: 102664013128204928 bcsId: 0,size=3145728]} | ret=SUCCESS |  
2019-08-23 02:48:40,729 | INFO  | DNAudit | user=null | ip=null | op=PUT_BLOCK {blockData=[blockId=conID: 2 locID: 102664013128204928 bcsId: 0,size=3145728]} | ret=SUCCESS |  
2019-08-23 02:48:40,730 | INFO  | DNAudit | user=null | ip=null | op=WRITE_CHUNK {blockData=conID: 2 locID: 102664013128204928 bcsId: 4478} | ret=SUCCESS |  
2019-08-23 02:48:40,732 | INFO  | DNAudit | user=null | ip=null | op=PUT_BLOCK {blockData=[blockId=conID: 2 locID: 102664013128204928 bcsId: 0,size=4194304]} | ret=SUCCESS |  
2019-08-23 02:48:40,732 [grpc-default-executor-1] INFO  client.GrpcClientProtocolClient (GrpcClientProtocolClient.java:onNext(255)) - client-B268B4322F32->17750241-545b-4219-93a1-14a6ea3d85be: receive RaftClientReply:client-B268B4322F32->17750241-545b-4219-93a1-14a6ea3d85be@group-C33FBD9556F2, cid=2971, SUCCESS, logIndex=4481, commits[17750241-545b-4219-93a1-14a6ea3d85be:c4482, 4eaaa090-573e-41d3-9f8c-c99e236d806a:c4478, 5f4cf9ee-4bed-49de-adaa-861aec894328:c4478]
2019-08-23 02:48:40,733 [grpc-default-executor-1] INFO  client.GrpcClientProtocolClient (GrpcClientProtocolClient.java:onNext(255)) - client-B268B4322F32->17750241-545b-4219-93a1-14a6ea3d85be: receive RaftClientReply:client-B268B4322F32->17750241-545b-4219-93a1-14a6ea3d85be@group-C33FBD9556F2, cid=2972, SUCCESS, logIndex=4482, commits[17750241-545b-4219-93a1-14a6ea3d85be:c4482, 4eaaa090-573e-41d3-9f8c-c99e236d806a:c4478, 5f4cf9ee-4bed-49de-adaa-861aec894328:c4478]
2019-08-23 02:48:40,748 | INFO  | DNAudit | user=null | ip=null | op=WRITE_CHUNK {blockData=conID: 2 locID: 102664013128204928 bcsId: 4478} | ret=SUCCESS |  
2019-08-23 02:48:40,748 | INFO  | DNAudit | user=null | ip=null | op=WRITE_CHUNK {blockData=conID: 2 locID: 102664013128204928 bcsId: 4478} | ret=SUCCESS |  
2019-08-23 02:48:40,749 | INFO  | DNAudit | user=null | ip=null | op=PUT_BLOCK {blockData=[blockId=conID: 2 locID: 102664013128204928 bcsId: 0,size=4194304]} | ret=SUCCESS |  
2019-08-23 02:48:40,749 | INFO  | DNAudit | user=null | ip=null | op=PUT_BLOCK {blockData=[blockId=conID: 2 locID: 102664013128204928 bcsId: 0,size=4194304]} | ret=SUCCESS |  
2019-08-23 02:48:40,749 [grpc-default-executor-1] INFO  client.GrpcClientProtocolClient (GrpcClientProtocolClient.java:onNext(255)) - client-B268B4322F32->17750241-545b-4219-93a1-14a6ea3d85be: receive RaftClientReply:client-B268B4322F32->17750241-545b-4219-93a1-14a6ea3d85be@group-C33FBD9556F2, cid=2973, SUCCESS, logIndex=0, commits[17750241-545b-4219-93a1-14a6ea3d85be:c4482, 4eaaa090-573e-41d3-9f8c-c99e236d806a:c4482, 5f4cf9ee-4bed-49de-adaa-861aec894328:c4482]
2019-08-23 02:48:40,751 | INFO  | SCMAudit | user=jenkins1000 | ip=192.168.34.22 | op=ALLOCATE_BLOCK {owner=31d65bc3-3f70-45f5-bbc5-e3a15f967ba6, size=4194304, type=RATIS, factor=THREE} | ret=SUCCESS |  
2019-08-23 02:48:40,759 | INFO  | OMAudit | user=jenkins1000 | ip=127.0.0.1 | op=ALLOCATE_BLOCK {volume=vol-0-78052, bucket=bucket-0-33874, key=key-0-20719, dataSize=2147483657, replicationType=RATIS, replicationFactor=THREE, keyLocationInfo=[], clientID=102664010308846034} | ret=SUCCESS |  
2019-08-23 02:48:40,774 | INFO  | DNAudit | user=null | ip=null | op=WRITE_CHUNK {blockData=conID: 3 locID: 102664013135938177 bcsId: 0} | ret=SUCCESS |  
2019-08-23 02:48:40,775 | INFO  | DNAudit | user=null | ip=null | op=WRITE_CHUNK {blockData=conID: 3 locID: 102664013135938177 bcsId: 0} | ret=SUCCESS |  
2019-08-23 02:48:40,782 | INFO  | DNAudit | user=null | ip=null | op=WRITE_CHUNK {blockData=conID: 3 locID: 102664013135938177 bcsId: 0} | ret=SUCCESS |  
2019-08-23 02:48:40,782 | INFO  | DNAudit | user=null | ip=null | op=WRITE_CHUNK {blockData=conID: 3 locID: 102664013135938177 bcsId: 0} | ret=SUCCESS |  
2019-08-23 02:48:40,782 | INFO  | DNAudit | user=null | ip=null | op=WRITE_CHUNK {blockData=conID: 3 locID: 102664013135938177 bcsId: 0} | ret=SUCCESS |  
2019-08-23 02:48:40,782 | INFO  | DNAudit | user=null | ip=null | op=WRITE_CHUNK {blockData=conID: 3 locID: 102664013135938177 bcsId: 0} | ret=SUCCESS |  
2019-08-23 02:48:40,789 | INFO  | DNAudit | user=null | ip=null | op=WRITE_CHUNK {blockData=conID: 3 locID: 102664013135938177 bcsId: 0} | ret=SUCCESS |  
2019-08-23 02:48:40,789 | INFO  | DNAudit | user=null | ip=null | op=PUT_BLOCK {blockData=[blockId=conID: 3 locID: 102664013135938177 bcsId: 0,size=1048576]} | ret=SUCCESS |  
2019-08-23 02:48:40,790 | INFO  | DNAudit | user=null | ip=null | op=WRITE_CHUNK {blockData=conID: 3 locID: 102664013135938177 bcsId: 0} | ret=SUCCESS |  
2019-08-23 02:48:40,790 [grpc-default-executor-1] INFO  client.GrpcClientProtocolClient (GrpcClientProtocolClient.java:onNext(255)) - client-B268B4322F32->17750241-545b-4219-93a1-14a6ea3d85be: receive RaftClientReply:client-B268B4322F32->17750241-545b-4219-93a1-14a6ea3d85be@group-C33FBD9556F2, cid=2974, SUCCESS, logIndex=4485, commits[17750241-545b-4219-93a1-14a6ea3d85be:c4486, 4eaaa090-573e-41d3-9f8c-c99e236d806a:c4484, 5f4cf9ee-4bed-49de-adaa-861aec894328:c4484]
2019-08-23 02:48:40,790 | INFO  | DNAudit | user=null | ip=null | op=PUT_BLOCK {blockData=[blockId=conID: 3 locID: 102664013135938177 bcsId: 0,size=2097152]} | ret=SUCCESS |  
2019-08-23 02:48:40,790 [grpc-default-executor-1] INFO  client.GrpcClientProtocolClient (GrpcClientProtocolClient.java:onNext(255)) - client-B268B4322F32->17750241-545b-4219-93a1-14a6ea3d85be: receive RaftClientReply:client-B268B4322F32->17750241-545b-4219-93a1-14a6ea3d85be@group-C33FBD9556F2, cid=2975, SUCCESS, logIndex=4486, commits[17750241-545b-4219-93a1-14a6ea3d85be:c4488, 4eaaa090-573e-41d3-9f8c-c99e236d806a:c4484, 5f4cf9ee-4bed-49de-adaa-861aec894328:c4484]
2019-08-23 02:48:40,790 [grpc-default-executor-1] INFO  client.GrpcClientProtocolClient (GrpcClientProtocolClient.java:onNext(255)) - client-B268B4322F32->17750241-545b-4219-93a1-14a6ea3d85be: receive RaftClientReply:client-B268B4322F32->17750241-545b-4219-93a1-14a6ea3d85be@group-C33FBD9556F2, cid=2976, SUCCESS, logIndex=4487, commits[17750241-545b-4219-93a1-14a6ea3d85be:c4488, 4eaaa090-573e-41d3-9f8c-c99e236d806a:c4484, 5f4cf9ee-4bed-49de-adaa-861aec894328:c4484]
2019-08-23 02:48:40,791 [grpc-default-executor-1] INFO  client.GrpcClientProtocolClient (GrpcClientProtocolClient.java:onNext(255)) - client-B268B4322F32->17750241-545b-4219-93a1-14a6ea3d85be: receive RaftClientReply:client-B268B4322F32->17750241-545b-4219-93a1-14a6ea3d85be@group-C33FBD9556F2, cid=2977, SUCCESS, logIndex=4488, commits[17750241-545b-4219-93a1-14a6ea3d85be:c4488, 4eaaa090-573e-41d3-9f8c-c99e236d806a:c4484, 5f4cf9ee-4bed-49de-adaa-861aec894328:c4484]
2019-08-23 02:48:40,816 | INFO  | DNAudit | user=null | ip=null | op=WRITE_CHUNK {blockData=conID: 3 locID: 102664013135938177 bcsId: 0} | ret=SUCCESS |  
2019-08-23 02:48:40,816 | INFO  | DNAudit | user=null | ip=null | op=WRITE_CHUNK {blockData=conID: 3 locID: 102664013135938177 bcsId: 0} | ret=SUCCESS |  
2019-08-23 02:48:40,816 | INFO  | DNAudit | user=null | ip=null | op=PUT_BLOCK {blockData=[blockId=conID: 3 locID: 102664013135938177 bcsId: 0,size=1048576]} | ret=SUCCESS |  
2019-08-23 02:48:40,817 | INFO  | DNAudit | user=null | ip=null | op=PUT_BLOCK {blockData=[blockId=conID: 3 locID: 102664013135938177 bcsId: 0,size=1048576]} | ret=SUCCESS |  
2019-08-23 02:48:40,818 | INFO  | DNAudit | user=null | ip=null | op=WRITE_CHUNK {blockData=conID: 3 locID: 102664013135938177 bcsId: 0} | ret=SUCCESS |  
2019-08-23 02:48:40,818 [grpc-default-executor-1] INFO  client.GrpcClientProtocolClient (GrpcClientProtocolClient.java:onNext(255)) - client-B268B4322F32->17750241-545b-4219-93a1-14a6ea3d85be: receive RaftClientReply:client-B268B4322F32->17750241-545b-4219-93a1-14a6ea3d85be@group-C33FBD9556F2, cid=2978, SUCCESS, logIndex=0, commits[17750241-545b-4219-93a1-14a6ea3d85be:c4490, 4eaaa090-573e-41d3-9f8c-c99e236d806a:c4486, 5f4cf9ee-4bed-49de-adaa-861aec894328:c4486]
2019-08-23 02:48:40,818 | INFO  | DNAudit | user=null | ip=null | op=PUT_BLOCK {blockData=[blockId=conID: 3 locID: 102664013135938177 bcsId: 0,size=2097152]} | ret=SUCCESS |  
2019-08-23 02:48:40,820 | INFO  | DNAudit | user=null | ip=null | op=WRITE_CHUNK {blockData=conID: 3 locID: 102664013135938177 bcsId: 0} | ret=SUCCESS |  
2019-08-23 02:48:40,820 | INFO  | DNAudit | user=null | ip=null | op=PUT_BLOCK {blockData=[blockId=conID: 3 locID: 102664013135938177 bcsId: 0,size=2097152]} | ret=SUCCESS |  
2019-08-23 02:48:40,826 | INFO  | DNAudit | user=null | ip=null | op=WRITE_CHUNK {blockData=conID: 3 locID: 102664013135938177 bcsId: 4488} | ret=SUCCESS |  
2019-08-23 02:48:40,828 | INFO  | DNAudit | user=null | ip=null | op=WRITE_CHUNK {blockData=conID: 3 locID: 102664013135938177 bcsId: 4488} | ret=SUCCESS |  
2019-08-23 02:48:40,828 | INFO  | DNAudit | user=null | ip=null | op=WRITE_CHUNK {blockData=conID: 3 locID: 102664013135938177 bcsId: 4488} | ret=SUCCESS |  
2019-08-23 02:48:40,839 | INFO  | DNAudit | user=null | ip=null | op=WRITE_CHUNK {blockData=conID: 3 locID: 102664013135938177 bcsId: 4488} | ret=SUCCESS |  
2019-08-23 02:48:40,839 | INFO  | DNAudit | user=null | ip=null | op=PUT_BLOCK {blockData=[blockId=conID: 3 locID: 102664013135938177 bcsId: 0,size=3145728]} | ret=SUCCESS |  
2019-08-23 02:48:40,839 [grpc-default-executor-5] INFO  client.GrpcClientProtocolClient (GrpcClientProtocolClient.java:onNext(255)) - client-B268B4322F32->17750241-545b-4219-93a1-14a6ea3d85be: receive RaftClientReply:client-B268B4322F32->17750241-545b-4219-93a1-14a6ea3d85be@group-C33FBD9556F2, cid=2979, SUCCESS, logIndex=4493, commits[17750241-545b-4219-93a1-14a6ea3d85be:c4494, 4eaaa090-573e-41d3-9f8c-c99e236d806a:c4492, 5f4cf9ee-4bed-49de-adaa-861aec894328:c4492]
2019-08-23 02:48:40,840 [grpc-default-executor-5] INFO  client.GrpcClientProtocolClient (GrpcClientProtocolClient.java:onNext(255)) - client-B268B4322F32->17750241-545b-4219-93a1-14a6ea3d85be: receive RaftClientReply:client-B268B4322F32->17750241-545b-4219-93a1-14a6ea3d85be@group-C33FBD9556F2, cid=2980, SUCCESS, logIndex=4494, commits[17750241-545b-4219-93a1-14a6ea3d85be:c4494, 4eaaa090-573e-41d3-9f8c-c99e236d806a:c4492, 5f4cf9ee-4bed-49de-adaa-861aec894328:c4492]
2019-08-23 02:48:40,848 | INFO  | DNAudit | user=null | ip=null | op=WRITE_CHUNK {blockData=conID: 3 locID: 102664013135938177 bcsId: 4494} | ret=SUCCESS |  
2019-08-23 02:48:40,850 | INFO  | DNAudit | user=null | ip=null | op=WRITE_CHUNK {blockData=conID: 3 locID: 102664013135938177 bcsId: 4494} | ret=SUCCESS |  
2019-08-23 02:48:40,850 | INFO  | DNAudit | user=null | ip=null | op=WRITE_CHUNK {blockData=conID: 3 locID: 102664013135938177 bcsId: 4488} | ret=SUCCESS |  
2019-08-23 02:48:40,850 | INFO  | DNAudit | user=null | ip=null | op=WRITE_CHUNK {blockData=conID: 3 locID: 102664013135938177 bcsId: 4488} | ret=SUCCESS |  
2019-08-23 02:48:40,851 | INFO  | DNAudit | user=null | ip=null | op=WRITE_CHUNK {blockData=conID: 3 locID: 102664013135938177 bcsId: 4494} | ret=SUCCESS |  
2019-08-23 02:48:40,862 | INFO  | DNAudit | user=null | ip=null | op=PUT_BLOCK {blockData=[blockId=conID: 3 locID: 102664013135938177 bcsId: 0,size=3145728]} | ret=SUCCESS |  
2019-08-23 02:48:40,862 | INFO  | DNAudit | user=null | ip=null | op=PUT_BLOCK {blockData=[blockId=conID: 3 locID: 102664013135938177 bcsId: 0,size=3145728]} | ret=SUCCESS |  
2019-08-23 02:48:40,862 | INFO  | DNAudit | user=null | ip=null | op=WRITE_CHUNK {blockData=conID: 3 locID: 102664013135938177 bcsId: 4494} | ret=SUCCESS |  
2019-08-23 02:48:40,863 | INFO  | DNAudit | user=null | ip=null | op=PUT_BLOCK {blockData=[blockId=conID: 3 locID: 102664013135938177 bcsId: 0,size=4194304]} | ret=SUCCESS |  
2019-08-23 02:48:40,863 [grpc-default-executor-2] INFO  client.GrpcClientProtocolClient (GrpcClientProtocolClient.java:onNext(255)) - client-B268B4322F32->17750241-545b-4219-93a1-14a6ea3d85be: receive RaftClientReply:client-B268B4322F32->17750241-545b-4219-93a1-14a6ea3d85be@group-C33FBD9556F2, cid=2981, SUCCESS, logIndex=4497, commits[17750241-545b-4219-93a1-14a6ea3d85be:c4498, 4eaaa090-573e-41d3-9f8c-c99e236d806a:c4494, 5f4cf9ee-4bed-49de-adaa-861aec894328:c4493]
2019-08-23 02:48:40,863 [grpc-default-executor-2] INFO  client.GrpcClientProtocolClient (GrpcClientProtocolClient.java:onNext(255)) - client-B268B4322F32->17750241-545b-4219-93a1-14a6ea3d85be: receive RaftClientReply:client-B268B4322F32->17750241-545b-4219-93a1-14a6ea3d85be@group-C33FBD9556F2, cid=2982, SUCCESS, logIndex=4498, commits[17750241-545b-4219-93a1-14a6ea3d85be:c4498, 4eaaa090-573e-41d3-9f8c-c99e236d806a:c4494, 5f4cf9ee-4bed-49de-adaa-861aec894328:c4494]
2019-08-23 02:48:40,875 | INFO  | DNAudit | user=null | ip=null | op=WRITE_CHUNK {blockData=conID: 3 locID: 102664013135938177 bcsId: 4494} | ret=SUCCESS |  
2019-08-23 02:48:40,875 | INFO  | DNAudit | user=null | ip=null | op=WRITE_CHUNK {blockData=conID: 3 locID: 102664013135938177 bcsId: 4494} | ret=SUCCESS |  
2019-08-23 02:48:40,876 | INFO  | DNAudit | user=null | ip=null | op=PUT_BLOCK {blockData=[blockId=conID: 3 locID: 102664013135938177 bcsId: 0,size=4194304]} | ret=SUCCESS |  
2019-08-23 02:48:40,876 | INFO  | DNAudit | user=null | ip=null | op=PUT_BLOCK {blockData=[blockId=conID: 3 locID: 102664013135938177 bcsId: 0,size=4194304]} | ret=SUCCESS |  
2019-08-23 02:48:40,876 [grpc-default-executor-2] INFO  client.GrpcClientProtocolClient (GrpcClientProtocolClient.java:onNext(255)) - client-B268B4322F32->17750241-545b-4219-93a1-14a6ea3d85be: receive RaftClientReply:client-B268B4322F32->17750241-545b-4219-93a1-14a6ea3d85be@group-C33FBD9556F2, cid=2983, SUCCESS, logIndex=0, commits[17750241-545b-4219-93a1-14a6ea3d85be:c4499, 4eaaa090-573e-41d3-9f8c-c99e236d806a:c4498, 5f4cf9ee-4bed-49de-adaa-861aec894328:c4498]
2019-08-23 02:48:40,878 | INFO  | SCMAudit | user=jenkins1000 | ip=192.168.34.22 | op=ALLOCATE_BLOCK {owner=31d65bc3-3f70-45f5-bbc5-e3a15f967ba6, size=4194304, type=RATIS, factor=THREE} | ret=SUCCESS |  
2019-08-23 02:48:40,883 | INFO  | OMAudit | user=jenkins1000 | ip=127.0.0.1 | op=ALLOCATE_BLOCK {volume=vol-0-78052, bucket=bucket-0-33874, key=key-0-20719, dataSize=2147483657, replicationType=RATIS, replicationFactor=THREE, keyLocationInfo=[], clientID=102664010308846034} | ret=SUCCESS |  
2019-08-23 02:48:40,896 | INFO  | DNAudit | user=null | ip=null | op=WRITE_CHUNK {blockData=conID: 1 locID: 102664013144261250 bcsId: 0} | ret=SUCCESS |  
2019-08-23 02:48:40,900 | INFO  | DNAudit | user=null | ip=null | op=WRITE_CHUNK {blockData=conID: 1 locID: 102664013144261250 bcsId: 0} | ret=SUCCESS |  
2019-08-23 02:48:40,901 | INFO  | DNAudit | user=null | ip=null | op=WRITE_CHUNK {blockData=conID: 1 locID: 102664013144261250 bcsId: 0} | ret=SUCCESS |  
2019-08-23 02:48:40,901 | INFO  | DNAudit | user=null | ip=null | op=WRITE_CHUNK {blockData=conID: 1 locID: 102664013144261250 bcsId: 0} | ret=SUCCESS |  
2019-08-23 02:48:40,903 | INFO  | DNAudit | user=null | ip=null | op=WRITE_CHUNK {blockData=conID: 1 locID: 102664013144261250 bcsId: 0} | ret=SUCCESS |  
2019-08-23 02:48:40,904 | INFO  | DNAudit | user=null | ip=null | op=WRITE_CHUNK {blockData=conID: 1 locID: 102664013144261250 bcsId: 0} | ret=SUCCESS |  
2019-08-23 02:48:40,908 | INFO  | DNAudit | user=null | ip=null | op=WRITE_CHUNK {blockData=conID: 1 locID: 102664013144261250 bcsId: 0} | ret=SUCCESS |  
2019-08-23 02:48:40,909 | INFO  | DNAudit | user=null | ip=null | op=PUT_BLOCK {blockData=[blockId=conID: 1 locID: 102664013144261250 bcsId: 0,size=1048576]} | ret=SUCCESS |  
2019-08-23 02:48:40,911 | INFO  | DNAudit | user=null | ip=null | op=WRITE_CHUNK {blockData=conID: 1 locID: 102664013144261250 bcsId: 0} | ret=SUCCESS |  
2019-08-23 02:48:40,910 [grpc-default-executor-1] INFO  client.GrpcClientProtocolClient (GrpcClientProtocolClient.java:onNext(255)) - client-B268B4322F32->17750241-545b-4219-93a1-14a6ea3d85be: receive RaftClientReply:client-B268B4322F32->17750241-545b-4219-93a1-14a6ea3d85be@group-C33FBD9556F2, cid=2984, SUCCESS, logIndex=4501, commits[17750241-545b-4219-93a1-14a6ea3d85be:c4502, 4eaaa090-573e-41d3-9f8c-c99e236d806a:c4500, 5f4cf9ee-4bed-49de-adaa-861aec894328:c4500]
2019-08-23 02:48:40,911 | INFO  | DNAudit | user=null | ip=null | op=PUT_BLOCK {blockData=[blockId=conID: 1 locID: 102664013144261250 bcsId: 0,size=2097152]} | ret=SUCCESS |  
2019-08-23 02:48:40,911 [grpc-default-executor-1] INFO  client.GrpcClientProtocolClient (GrpcClientProtocolClient.java:onNext(255)) - client-B268B4322F32->17750241-545b-4219-93a1-14a6ea3d85be: receive RaftClientReply:client-B268B4322F32->17750241-545b-4219-93a1-14a6ea3d85be@group-C33FBD9556F2, cid=2985, SUCCESS, logIndex=4502, commits[17750241-545b-4219-93a1-14a6ea3d85be:c4502, 4eaaa090-573e-41d3-9f8c-c99e236d806a:c4500, 5f4cf9ee-4bed-49de-adaa-861aec894328:c4500]
2019-08-23 02:48:40,911 [grpc-default-executor-1] INFO  client.GrpcClientProtocolClient (GrpcClientProtocolClient.java:onNext(255)) - client-B268B4322F32->17750241-545b-4219-93a1-14a6ea3d85be: receive RaftClientReply:client-B268B4322F32->17750241-545b-4219-93a1-14a6ea3d85be@group-C33FBD9556F2, cid=2986, SUCCESS, logIndex=4503, commits[17750241-545b-4219-93a1-14a6ea3d85be:c4504, 4eaaa090-573e-41d3-9f8c-c99e236d806a:c4500, 5f4cf9ee-4bed-49de-adaa-861aec894328:c4500]
2019-08-23 02:48:40,912 [grpc-default-executor-1] INFO  client.GrpcClientProtocolClient (GrpcClientProtocolClient.java:onNext(255)) - client-B268B4322F32->17750241-545b-4219-93a1-14a6ea3d85be: receive RaftClientReply:client-B268B4322F32->17750241-545b-4219-93a1-14a6ea3d85be@group-C33FBD9556F2, cid=2987, SUCCESS, logIndex=4504, commits[17750241-545b-4219-93a1-14a6ea3d85be:c4504, 4eaaa090-573e-41d3-9f8c-c99e236d806a:c4500, 5f4cf9ee-4bed-49de-adaa-861aec894328:c4500]
2019-08-23 02:48:40,921 | INFO  | DNAudit | user=null | ip=null | op=WRITE_CHUNK {blockData=conID: 1 locID: 102664013144261250 bcsId: 0} | ret=SUCCESS |  
2019-08-23 02:48:40,922 | INFO  | DNAudit | user=null | ip=null | op=PUT_BLOCK {blockData=[blockId=conID: 1 locID: 102664013144261250 bcsId: 0,size=1048576]} | ret=SUCCESS |  
2019-08-23 02:48:40,924 | INFO  | DNAudit | user=null | ip=null | op=WRITE_CHUNK {blockData=conID: 1 locID: 102664013144261250 bcsId: 0} | ret=SUCCESS |  
2019-08-23 02:48:40,924 | INFO  | DNAudit | user=null | ip=null | op=PUT_BLOCK {blockData=[blockId=conID: 1 locID: 102664013144261250 bcsId: 0,size=1048576]} | ret=SUCCESS |  
2019-08-23 02:48:40,924 | INFO  | DNAudit | user=null | ip=null | op=WRITE_CHUNK {blockData=conID: 1 locID: 102664013144261250 bcsId: 0} | ret=SUCCESS |  
2019-08-23 02:48:40,925 [grpc-default-executor-1] INFO  client.GrpcClientProtocolClient (GrpcClientProtocolClient.java:onNext(255)) - client-B268B4322F32->17750241-545b-4219-93a1-14a6ea3d85be: receive RaftClientReply:client-B268B4322F32->17750241-545b-4219-93a1-14a6ea3d85be@group-C33FBD9556F2, cid=2988, SUCCESS, logIndex=0, commits[17750241-545b-4219-93a1-14a6ea3d85be:c4506, 4eaaa090-573e-41d3-9f8c-c99e236d806a:c4502, 5f4cf9ee-4bed-49de-adaa-861aec894328:c4502]
2019-08-23 02:48:40,932 | INFO  | DNAudit | user=null | ip=null | op=WRITE_CHUNK {blockData=conID: 1 locID: 102664013144261250 bcsId: 4504} | ret=SUCCESS |  
2019-08-23 02:48:40,935 | INFO  | DNAudit | user=null | ip=null | op=WRITE_CHUNK {blockData=conID: 1 locID: 102664013144261250 bcsId: 0} | ret=SUCCESS |  
2019-08-23 02:48:40,935 | INFO  | DNAudit | user=null | ip=null | op=PUT_BLOCK {blockData=[blockId=conID: 1 locID: 102664013144261250 bcsId: 0,size=2097152]} | ret=SUCCESS |  
2019-08-23 02:48:40,937 | INFO  | DNAudit | user=null | ip=null | op=WRITE_CHUNK {blockData=conID: 1 locID: 102664013144261250 bcsId: 4504} | ret=SUCCESS |  
2019-08-23 02:48:40,937 | INFO  | DNAudit | user=null | ip=null | op=PUT_BLOCK {blockData=[blockId=conID: 1 locID: 102664013144261250 bcsId: 0,size=2097152]} | ret=SUCCESS |  
2019-08-23 02:48:40,939 | INFO  | DNAudit | user=null | ip=null | op=WRITE_CHUNK {blockData=conID: 1 locID: 102664013144261250 bcsId: 4504} | ret=SUCCESS |  
2019-08-23 02:48:40,950 | INFO  | DNAudit | user=null | ip=null | op=WRITE_CHUNK {blockData=conID: 1 locID: 102664013144261250 bcsId: 4504} | ret=SUCCESS |  
2019-08-23 02:48:40,950 | INFO  | DNAudit | user=null | ip=null | op=PUT_BLOCK {blockData=[blockId=conID: 1 locID: 102664013144261250 bcsId: 0,size=3145728]} | ret=SUCCESS |  
2019-08-23 02:48:40,951 [grpc-default-executor-1] INFO  client.GrpcClientProtocolClient (GrpcClientProtocolClient.java:onNext(255)) - client-B268B4322F32->17750241-545b-4219-93a1-14a6ea3d85be: receive RaftClientReply:client-B268B4322F32->17750241-545b-4219-93a1-14a6ea3d85be@group-C33FBD9556F2, cid=2989, SUCCESS, logIndex=4509, commits[17750241-545b-4219-93a1-14a6ea3d85be:c4510, 4eaaa090-573e-41d3-9f8c-c99e236d806a:c4506, 5f4cf9ee-4bed-49de-adaa-861aec894328:c4506]
2019-08-23 02:48:40,951 [grpc-default-executor-1] INFO  client.GrpcClientProtocolClient (GrpcClientProtocolClient.java:onNext(255)) - client-B268B4322F32->17750241-545b-4219-93a1-14a6ea3d85be: receive RaftClientReply:client-B268B4322F32->17750241-545b-4219-93a1-14a6ea3d85be@group-C33FBD9556F2, cid=2990, SUCCESS, logIndex=4510, commits[17750241-545b-4219-93a1-14a6ea3d85be:c4510, 4eaaa090-573e-41d3-9f8c-c99e236d806a:c4506, 5f4cf9ee-4bed-49de-adaa-861aec894328:c4506]
2019-08-23 02:48:40,957 | INFO  | DNAudit | user=null | ip=null | op=WRITE_CHUNK {blockData=conID: 1 locID: 102664013144261250 bcsId: 4510} | ret=SUCCESS |  
2019-08-23 02:48:40,960 | INFO  | DNAudit | user=null | ip=null | op=WRITE_CHUNK {blockData=conID: 1 locID: 102664013144261250 bcsId: 4510} | ret=SUCCESS |  
2019-08-23 02:48:40,960 | INFO  | DNAudit | user=null | ip=null | op=WRITE_CHUNK {blockData=conID: 1 locID: 102664013144261250 bcsId: 4510} | ret=SUCCESS |  
2019-08-23 02:48:40,961 | INFO  | DNAudit | user=null | ip=null | op=WRITE_CHUNK {blockData=conID: 1 locID: 102664013144261250 bcsId: 4504} | ret=SUCCESS |  
2019-08-23 02:48:40,961 | INFO  | DNAudit | user=null | ip=null | op=WRITE_CHUNK {blockData=conID: 1 locID: 102664013144261250 bcsId: 4504} | ret=SUCCESS |  
2019-08-23 02:48:40,963 | INFO  | DNAudit | user=null | ip=null | op=PUT_BLOCK {blockData=[blockId=conID: 1 locID: 102664013144261250 bcsId: 0,size=3145728]} | ret=SUCCESS |  
2019-08-23 02:48:40,963 | INFO  | DNAudit | user=null | ip=null | op=PUT_BLOCK {blockData=[blockId=conID: 1 locID: 102664013144261250 bcsId: 0,size=3145728]} | ret=SUCCESS |  
2019-08-23 02:48:40,964 | INFO  | DNAudit | user=null | ip=null | op=WRITE_CHUNK {blockData=conID: 1 locID: 102664013144261250 bcsId: 4510} | ret=SUCCESS |  
2019-08-23 02:48:40,964 | INFO  | DNAudit | user=null | ip=null | op=PUT_BLOCK {blockData=[blockId=conID: 1 locID: 102664013144261250 bcsId: 0,size=4194304]} | ret=SUCCESS |  
2019-08-23 02:48:40,965 [grpc-default-executor-5] INFO  client.GrpcClientProtocolClient (GrpcClientProtocolClient.java:onNext(255)) - client-B268B4322F32->17750241-545b-4219-93a1-14a6ea3d85be: receive RaftClientReply:client-B268B4322F32->17750241-545b-4219-93a1-14a6ea3d85be@group-C33FBD9556F2, cid=2991, SUCCESS, logIndex=4513, commits[17750241-545b-4219-93a1-14a6ea3d85be:c4514, 4eaaa090-573e-41d3-9f8c-c99e236d806a:c4510, 5f4cf9ee-4bed-49de-adaa-861aec894328:c4510]
2019-08-23 02:48:40,965 [grpc-default-executor-5] INFO  client.GrpcClientProtocolClient (GrpcClientProtocolClient.java:onNext(255)) - client-B268B4322F32->17750241-545b-4219-93a1-14a6ea3d85be: receive RaftClientReply:client-B268B4322F32->17750241-545b-4219-93a1-14a6ea3d85be@group-C33FBD9556F2, cid=2992, SUCCESS, logIndex=4514, commits[17750241-545b-4219-93a1-14a6ea3d85be:c4514, 4eaaa090-573e-41d3-9f8c-c99e236d806a:c4510, 5f4cf9ee-4bed-49de-adaa-861aec894328:c4510]
2019-08-23 02:48:40,967 | INFO  | DNAudit | user=null | ip=null | op=WRITE_CHUNK {blockData=conID: 1 locID: 102664013144261250 bcsId: 4510} | ret=SUCCESS |  
2019-08-23 02:48:40,968 | INFO  | DNAudit | user=null | ip=null | op=WRITE_CHUNK {blockData=conID: 1 locID: 102664013144261250 bcsId: 4510} | ret=SUCCESS |  
2019-08-23 02:48:40,969 | INFO  | DNAudit | user=null | ip=null | op=PUT_BLOCK {blockData=[blockId=conID: 1 locID: 102664013144261250 bcsId: 0,size=4194304]} | ret=SUCCESS |  
2019-08-23 02:48:40,969 | INFO  | DNAudit | user=null | ip=null | op=PUT_BLOCK {blockData=[blockId=conID: 1 locID: 102664013144261250 bcsId: 0,size=4194304]} | ret=SUCCESS |  
2019-08-23 02:48:40,969 [grpc-default-executor-1] INFO  client.GrpcClientProtocolClient (GrpcClientProtocolClient.java:onNext(255)) - client-B268B4322F32->17750241-545b-4219-93a1-14a6ea3d85be: receive RaftClientReply:client-B268B4322F32->17750241-545b-4219-93a1-14a6ea3d85be@group-C33FBD9556F2, cid=2993, SUCCESS, logIndex=0, commits[17750241-545b-4219-93a1-14a6ea3d85be:c4516, 4eaaa090-573e-41d3-9f8c-c99e236d806a:c4514, 5f4cf9ee-4bed-49de-adaa-861aec894328:c4514]
2019-08-23 02:48:40,971 | INFO  | SCMAudit | user=jenkins1000 | ip=192.168.34.22 | op=ALLOCATE_BLOCK {owner=31d65bc3-3f70-45f5-bbc5-e3a15f967ba6, size=4194304, type=RATIS, factor=THREE} | ret=SUCCESS |  
2019-08-23 02:48:40,976 | INFO  | OMAudit | user=jenkins1000 | ip=127.0.0.1 | op=ALLOCATE_BLOCK {volume=vol-0-78052, bucket=bucket-0-33874, key=key-0-20719, dataSize=2147483657, replicationType=RATIS, replicationFactor=THREE, keyLocationInfo=[], clientID=102664010308846034} | ret=SUCCESS |  
2019-08-23 02:48:40,986 | INFO  | DNAudit | user=null | ip=null | op=WRITE_CHUNK {blockData=conID: 2 locID: 102664013150356099 bcsId: 0} | ret=SUCCESS |  
2019-08-23 02:48:40,988 | INFO  | DNAudit | user=null | ip=null | op=WRITE_CHUNK {blockData=conID: 2 locID: 102664013150356099 bcsId: 0} | ret=SUCCESS |  
2019-08-23 02:48:40,989 | INFO  | DNAudit | user=null | ip=null | op=WRITE_CHUNK {blockData=conID: 2 locID: 102664013150356099 bcsId: 0} | ret=SUCCESS |  
2019-08-23 02:48:40,989 | INFO  | DNAudit | user=null | ip=null | op=WRITE_CHUNK {blockData=conID: 2 locID: 102664013150356099 bcsId: 0} | ret=SUCCESS |  
2019-08-23 02:48:40,990 | INFO  | DNAudit | user=null | ip=null | op=WRITE_CHUNK {blockData=conID: 2 locID: 102664013150356099 bcsId: 0} | ret=SUCCESS |  
2019-08-23 02:48:40,991 | INFO  | DNAudit | user=null | ip=null | op=WRITE_CHUNK {blockData=conID: 2 locID: 102664013150356099 bcsId: 0} | ret=SUCCESS |  
2019-08-23 02:48:40,991 | INFO  | DNAudit | user=null | ip=null | op=WRITE_CHUNK {blockData=conID: 2 locID: 102664013150356099 bcsId: 0} | ret=SUCCESS |  
2019-08-23 02:48:40,991 | INFO  | DNAudit | user=null | ip=null | op=PUT_BLOCK {blockData=[blockId=conID: 2 locID: 102664013150356099 bcsId: 0,size=1048576]} | ret=SUCCESS |  
2019-08-23 02:48:40,991 [grpc-default-executor-6] INFO  client.GrpcClientProtocolClient (GrpcClientProtocolClient.java:onNext(255)) - client-B268B4322F32->17750241-545b-4219-93a1-14a6ea3d85be: receive RaftClientReply:client-B268B4322F32->17750241-545b-4219-93a1-14a6ea3d85be@group-C33FBD9556F2, cid=2994, SUCCESS, logIndex=4517, commits[17750241-545b-4219-93a1-14a6ea3d85be:c4518, 4eaaa090-573e-41d3-9f8c-c99e236d806a:c4516, 5f4cf9ee-4bed-49de-adaa-861aec894328:c4514]
2019-08-23 02:48:40,992 | INFO  | DNAudit | user=null | ip=null | op=WRITE_CHUNK {blockData=conID: 2 locID: 102664013150356099 bcsId: 0} | ret=SUCCESS |  
2019-08-23 02:48:40,992 [grpc-default-executor-6] INFO  client.GrpcClientProtocolClient (GrpcClientProtocolClient.java:onNext(255)) - client-B268B4322F32->17750241-545b-4219-93a1-14a6ea3d85be: receive RaftClientReply:client-B268B4322F32->17750241-545b-4219-93a1-14a6ea3d85be@group-C33FBD9556F2, cid=2995, SUCCESS, logIndex=4518, commits[17750241-545b-4219-93a1-14a6ea3d85be:c4518, 4eaaa090-573e-41d3-9f8c-c99e236d806a:c4516, 5f4cf9ee-4bed-49de-adaa-861aec894328:c4514]
2019-08-23 02:48:40,992 | INFO  | DNAudit | user=null | ip=null | op=PUT_BLOCK {blockData=[blockId=conID: 2 locID: 102664013150356099 bcsId: 0,size=2097152]} | ret=SUCCESS |  
2019-08-23 02:48:40,992 [grpc-default-executor-6] INFO  client.GrpcClientProtocolClient (GrpcClientProtocolClient.java:onNext(255)) - client-B268B4322F32->17750241-545b-4219-93a1-14a6ea3d85be: receive RaftClientReply:client-B268B4322F32->17750241-545b-4219-93a1-14a6ea3d85be@group-C33FBD9556F2, cid=2996, SUCCESS, logIndex=4519, commits[17750241-545b-4219-93a1-14a6ea3d85be:c4520, 4eaaa090-573e-41d3-9f8c-c99e236d806a:c4516, 5f4cf9ee-4bed-49de-adaa-861aec894328:c4514]
2019-08-23 02:48:40,992 [grpc-default-executor-6] INFO  client.GrpcClientProtocolClient (GrpcClientProtocolClient.java:onNext(255)) - client-B268B4322F32->17750241-545b-4219-93a1-14a6ea3d85be: receive RaftClientReply:client-B268B4322F32->17750241-545b-4219-93a1-14a6ea3d85be@group-C33FBD9556F2, cid=2997, SUCCESS, logIndex=4520, commits[17750241-545b-4219-93a1-14a6ea3d85be:c4520, 4eaaa090-573e-41d3-9f8c-c99e236d806a:c4516, 5f4cf9ee-4bed-49de-adaa-861aec894328:c4514]
2019-08-23 02:48:40,993 | INFO  | DNAudit | user=null | ip=null | op=WRITE_CHUNK {blockData=conID: 2 locID: 102664013150356099 bcsId: 0} | ret=SUCCESS |  
2019-08-23 02:48:40,993 | INFO  | DNAudit | user=null | ip=null | op=PUT_BLOCK {blockData=[blockId=conID: 2 locID: 102664013150356099 bcsId: 0,size=1048576]} | ret=SUCCESS |  
2019-08-23 02:48:40,995 | INFO  | DNAudit | user=null | ip=null | op=WRITE_CHUNK {blockData=conID: 2 locID: 102664013150356099 bcsId: 0} | ret=SUCCESS |  
2019-08-23 02:48:40,995 | INFO  | DNAudit | user=null | ip=null | op=PUT_BLOCK {blockData=[blockId=conID: 2 locID: 102664013150356099 bcsId: 0,size=1048576]} | ret=SUCCESS |  
2019-08-23 02:48:40,995 [grpc-default-executor-1] INFO  client.GrpcClientProtocolClient (GrpcClientProtocolClient.java:onNext(255)) - client-B268B4322F32->17750241-545b-4219-93a1-14a6ea3d85be: receive RaftClientReply:client-B268B4322F32->17750241-545b-4219-93a1-14a6ea3d85be@group-C33FBD9556F2, cid=2998, SUCCESS, logIndex=0, commits[17750241-545b-4219-93a1-14a6ea3d85be:c4521, 4eaaa090-573e-41d3-9f8c-c99e236d806a:c4518, 5f4cf9ee-4bed-49de-adaa-861aec894328:c4518]
2019-08-23 02:48:40,996 | INFO  | DNAudit | user=null | ip=null | op=WRITE_CHUNK {blockData=conID: 2 locID: 102664013150356099 bcsId: 0} | ret=SUCCESS |  
2019-08-23 02:48:40,996 | INFO  | DNAudit | user=null | ip=null | op=PUT_BLOCK {blockData=[blockId=conID: 2 locID: 102664013150356099 bcsId: 0,size=2097152]} | ret=SUCCESS |  
2019-08-23 02:48:40,998 | INFO  | DNAudit | user=null | ip=null | op=WRITE_CHUNK {blockData=conID: 2 locID: 102664013150356099 bcsId: 0} | ret=SUCCESS |  
2019-08-23 02:48:40,998 | INFO  | DNAudit | user=null | ip=null | op=PUT_BLOCK {blockData=[blockId=conID: 2 locID: 102664013150356099 bcsId: 0,size=2097152]} | ret=SUCCESS |  
2019-08-23 02:48:41,002 | INFO  | DNAudit | user=null | ip=null | op=WRITE_CHUNK {blockData=conID: 2 locID: 102664013150356099 bcsId: 4520} | ret=SUCCESS |  
2019-08-23 02:48:41,004 | INFO  | DNAudit | user=null | ip=null | op=WRITE_CHUNK {blockData=conID: 2 locID: 102664013150356099 bcsId: 4520} | ret=SUCCESS |  
2019-08-23 02:48:41,005 | INFO  | DNAudit | user=null | ip=null | op=WRITE_CHUNK {blockData=conID: 2 locID: 102664013150356099 bcsId: 4520} | ret=SUCCESS |  
2019-08-23 02:48:41,015 | INFO  | DNAudit | user=null | ip=null | op=WRITE_CHUNK {blockData=conID: 2 locID: 102664013150356099 bcsId: 4520} | ret=SUCCESS |  
2019-08-23 02:48:41,015 | INFO  | DNAudit | user=null | ip=null | op=PUT_BLOCK {blockData=[blockId=conID: 2 locID: 102664013150356099 bcsId: 0,size=3145728]} | ret=SUCCESS |  
2019-08-23 02:48:41,015 [grpc-default-executor-1] INFO  client.GrpcClientProtocolClient (GrpcClientProtocolClient.java:onNext(255)) - client-B268B4322F32->17750241-545b-4219-93a1-14a6ea3d85be: receive RaftClientReply:client-B268B4322F32->17750241-545b-4219-93a1-14a6ea3d85be@group-C33FBD9556F2, cid=2999, SUCCESS, logIndex=4524, commits[17750241-545b-4219-93a1-14a6ea3d85be:c4525, 4eaaa090-573e-41d3-9f8c-c99e236d806a:c4523, 5f4cf9ee-4bed-49de-adaa-861aec894328:c4523]
2019-08-23 02:48:41,016 [grpc-default-executor-1] INFO  client.GrpcClientProtocolClient (GrpcClientProtocolClient.java:onNext(255)) - client-B268B4322F32->17750241-545b-4219-93a1-14a6ea3d85be: receive RaftClientReply:client-B268B4322F32->17750241-545b-4219-93a1-14a6ea3d85be@group-C33FBD9556F2, cid=3000, SUCCESS, logIndex=4525, commits[17750241-545b-4219-93a1-14a6ea3d85be:c4525, 4eaaa090-573e-41d3-9f8c-c99e236d806a:c4523, 5f4cf9ee-4bed-49de-adaa-861aec894328:c4523]
2019-08-23 02:48:41,018 | INFO  | DNAudit | user=null | ip=null | op=WRITE_CHUNK {blockData=conID: 2 locID: 102664013150356099 bcsId: 4520} | ret=SUCCESS |  
2019-08-23 02:48:41,018 | INFO  | DNAudit | user=null | ip=null | op=WRITE_CHUNK {blockData=conID: 2 locID: 102664013150356099 bcsId: 4520} | ret=SUCCESS |  
2019-08-23 02:48:41,019 | INFO  | DNAudit | user=null | ip=null | op=PUT_BLOCK {blockData=[blockId=conID: 2 locID: 102664013150356099 bcsId: 0,size=3145728]} | ret=SUCCESS |  
2019-08-23 02:48:41,019 | INFO  | DNAudit | user=null | ip=null | op=PUT_BLOCK {blockData=[blockId=conID: 2 locID: 102664013150356099 bcsId: 0,size=3145728]} | ret=SUCCESS |  
2019-08-23 02:48:41,022 | INFO  | DNAudit | user=null | ip=null | op=WRITE_CHUNK {blockData=conID: 2 locID: 102664013150356099 bcsId: 4525} | ret=SUCCESS |  
2019-08-23 02:48:41,024 | INFO  | DNAudit | user=null | ip=null | op=WRITE_CHUNK {blockData=conID: 2 locID: 102664013150356099 bcsId: 4525} | ret=SUCCESS |  
2019-08-23 02:48:41,024 | INFO  | DNAudit | user=null | ip=null | op=WRITE_CHUNK {blockData=conID: 2 locID: 102664013150356099 bcsId: 4525} | ret=SUCCESS |  
2019-08-23 02:48:41,034 | INFO  | DNAudit | user=null | ip=null | op=WRITE_CHUNK {blockData=conID: 2 locID: 102664013150356099 bcsId: 4525} | ret=SUCCESS |  
2019-08-23 02:48:41,034 | INFO  | DNAudit | user=null | ip=null | op=PUT_BLOCK {blockData=[blockId=conID: 2 locID: 102664013150356099 bcsId: 0,size=4194304]} | ret=SUCCESS |  
2019-08-23 02:48:41,034 [grpc-default-executor-1] INFO  client.GrpcClientProtocolClient (GrpcClientProtocolClient.java:onNext(255)) - client-B268B4322F32->17750241-545b-4219-93a1-14a6ea3d85be: receive RaftClientReply:client-B268B4322F32->17750241-545b-4219-93a1-14a6ea3d85be@group-C33FBD9556F2, cid=3001, SUCCESS, logIndex=4528, commits[17750241-545b-4219-93a1-14a6ea3d85be:c4529, 4eaaa090-573e-41d3-9f8c-c99e236d806a:c4525, 5f4cf9ee-4bed-49de-adaa-861aec894328:c4527]
2019-08-23 02:48:41,035 [grpc-default-executor-1] INFO  client.GrpcClientProtocolClient (GrpcClientProtocolClient.java:onNext(255)) - client-B268B4322F32->17750241-545b-4219-93a1-14a6ea3d85be: receive RaftClientReply:client-B268B4322F32->17750241-545b-4219-93a1-14a6ea3d85be@group-C33FBD9556F2, cid=3002, SUCCESS, logIndex=4529, commits[17750241-545b-4219-93a1-14a6ea3d85be:c4529, 4eaaa090-573e-41d3-9f8c-c99e236d806a:c4527, 5f4cf9ee-4bed-49de-adaa-861aec894328:c4527]
2019-08-23 02:48:41,036 | INFO  | DNAudit | user=null | ip=null | op=WRITE_CHUNK {blockData=conID: 2 locID: 102664013150356099 bcsId: 4525} | ret=SUCCESS |  
2019-08-23 02:48:41,036 | INFO  | DNAudit | user=null | ip=null | op=PUT_BLOCK {blockData=[blockId=conID: 2 locID: 102664013150356099 bcsId: 0,size=4194304]} | ret=SUCCESS |  
2019-08-23 02:48:41,038 | INFO  | DNAudit | user=null | ip=null | op=WRITE_CHUNK {blockData=conID: 2 locID: 102664013150356099 bcsId: 4525} | ret=SUCCESS |  
2019-08-23 02:48:41,038 | INFO  | DNAudit | user=null | ip=null | op=PUT_BLOCK {blockData=[blockId=conID: 2 locID: 102664013150356099 bcsId: 0,size=4194304]} | ret=SUCCESS |  
2019-08-23 02:48:41,038 [grpc-default-executor-1] INFO  client.GrpcClientProtocolClient (GrpcClientProtocolClient.java:onNext(255)) - client-B268B4322F32->17750241-545b-4219-93a1-14a6ea3d85be: receive RaftClientReply:client-B268B4322F32->17750241-545b-4219-93a1-14a6ea3d85be@group-C33FBD9556F2, cid=3003, SUCCESS, logIndex=0, commits[17750241-545b-4219-93a1-14a6ea3d85be:c4530, 4eaaa090-573e-41d3-9f8c-c99e236d806a:c4529, 5f4cf9ee-4bed-49de-adaa-861aec894328:c4529]
2019-08-23 02:48:41,040 | INFO  | SCMAudit | user=jenkins1000 | ip=192.168.34.22 | op=ALLOCATE_BLOCK {owner=31d65bc3-3f70-45f5-bbc5-e3a15f967ba6, size=4194304, type=RATIS, factor=THREE} | ret=SUCCESS |  
2019-08-23 02:48:41,044 | INFO  | OMAudit | user=jenkins1000 | ip=127.0.0.1 | op=ALLOCATE_BLOCK {volume=vol-0-78052, bucket=bucket-0-33874, key=key-0-20719, dataSize=2147483657, replicationType=RATIS, replicationFactor=THREE, keyLocationInfo=[], clientID=102664010308846034} | ret=SUCCESS |  
2019-08-23 02:48:41,055 | INFO  | DNAudit | user=null | ip=null | op=WRITE_CHUNK {blockData=conID: 3 locID: 102664013154878084 bcsId: 0} | ret=SUCCESS |  
2019-08-23 02:48:41,058 | INFO  | DNAudit | user=null | ip=null | op=WRITE_CHUNK {blockData=conID: 3 locID: 102664013154878084 bcsId: 0} | ret=SUCCESS |  
2019-08-23 02:48:41,058 | INFO  | DNAudit | user=null | ip=null | op=WRITE_CHUNK {blockData=conID: 3 locID: 102664013154878084 bcsId: 0} | ret=SUCCESS |  
2019-08-23 02:48:41,058 | INFO  | DNAudit | user=null | ip=null | op=WRITE_CHUNK {blockData=conID: 3 locID: 102664013154878084 bcsId: 0} | ret=SUCCESS |  
2019-08-23 02:48:41,060 | INFO  | DNAudit | user=null | ip=null | op=WRITE_CHUNK {blockData=conID: 3 locID: 102664013154878084 bcsId: 0} | ret=SUCCESS |  
2019-08-23 02:48:41,060 | INFO  | DNAudit | user=null | ip=null | op=WRITE_CHUNK {blockData=conID: 3 locID: 102664013154878084 bcsId: 0} | ret=SUCCESS |  
2019-08-23 02:48:41,062 | INFO  | DNAudit | user=null | ip=null | op=WRITE_CHUNK {blockData=conID: 3 locID: 102664013154878084 bcsId: 0} | ret=SUCCESS |  
2019-08-23 02:48:41,062 | INFO  | DNAudit | user=null | ip=null | op=PUT_BLOCK {blockData=[blockId=conID: 3 locID: 102664013154878084 bcsId: 0,size=1048576]} | ret=SUCCESS |  
2019-08-23 02:48:41,063 | INFO  | DNAudit | user=null | ip=null | op=WRITE_CHUNK {blockData=conID: 3 locID: 102664013154878084 bcsId: 0} | ret=SUCCESS |  
2019-08-23 02:48:41,063 [grpc-default-executor-6] INFO  client.GrpcClientProtocolClient (GrpcClientProtocolClient.java:onNext(255)) - client-B268B4322F32->17750241-545b-4219-93a1-14a6ea3d85be: receive RaftClientReply:client-B268B4322F32->17750241-545b-4219-93a1-14a6ea3d85be@group-C33FBD9556F2, cid=3004, SUCCESS, logIndex=4532, commits[17750241-545b-4219-93a1-14a6ea3d85be:c4535, 4eaaa090-573e-41d3-9f8c-c99e236d806a:c4531, 5f4cf9ee-4bed-49de-adaa-861aec894328:c4531]
2019-08-23 02:48:41,063 | INFO  | DNAudit | user=null | ip=null | op=PUT_BLOCK {blockData=[blockId=conID: 3 locID: 102664013154878084 bcsId: 0,size=2097152]} | ret=SUCCESS |  
2019-08-23 02:48:41,063 [grpc-default-executor-6] INFO  client.GrpcClientProtocolClient (GrpcClientProtocolClient.java:onNext(255)) - client-B268B4322F32->17750241-545b-4219-93a1-14a6ea3d85be: receive RaftClientReply:client-B268B4322F32->17750241-545b-4219-93a1-14a6ea3d85be@group-C33FBD9556F2, cid=3005, SUCCESS, logIndex=4533, commits[17750241-545b-4219-93a1-14a6ea3d85be:c4535, 4eaaa090-573e-41d3-9f8c-c99e236d806a:c4531, 5f4cf9ee-4bed-49de-adaa-861aec894328:c4531]
2019-08-23 02:48:41,063 [grpc-default-executor-6] INFO  client.GrpcClientProtocolClient (GrpcClientProtocolClient.java:onNext(255)) - client-B268B4322F32->17750241-545b-4219-93a1-14a6ea3d85be: receive RaftClientReply:client-B268B4322F32->17750241-545b-4219-93a1-14a6ea3d85be@group-C33FBD9556F2, cid=3006, SUCCESS, logIndex=4534, commits[17750241-545b-4219-93a1-14a6ea3d85be:c4535, 4eaaa090-573e-41d3-9f8c-c99e236d806a:c4531, 5f4cf9ee-4bed-49de-adaa-861aec894328:c4531]
2019-08-23 02:48:41,063 [grpc-default-executor-6] INFO  client.GrpcClientProtocolClient (GrpcClientProtocolClient.java:onNext(255)) - client-B268B4322F32->17750241-545b-4219-93a1-14a6ea3d85be: receive RaftClientReply:client-B268B4322F32->17750241-545b-4219-93a1-14a6ea3d85be@group-C33FBD9556F2, cid=3007, SUCCESS, logIndex=4535, commits[17750241-545b-4219-93a1-14a6ea3d85be:c4535, 4eaaa090-573e-41d3-9f8c-c99e236d806a:c4531, 5f4cf9ee-4bed-49de-adaa-861aec894328:c4531]
2019-08-23 02:48:41,075 | INFO  | DNAudit | user=null | ip=null | op=WRITE_CHUNK {blockData=conID: 3 locID: 102664013154878084 bcsId: 0} | ret=SUCCESS |  
2019-08-23 02:48:41,075 | INFO  | DNAudit | user=null | ip=null | op=WRITE_CHUNK {blockData=conID: 3 locID: 102664013154878084 bcsId: 0} | ret=SUCCESS |  
2019-08-23 02:48:41,076 | INFO  | DNAudit | user=null | ip=null | op=PUT_BLOCK {blockData=[blockId=conID: 3 locID: 102664013154878084 bcsId: 0,size=1048576]} | ret=SUCCESS |  
2019-08-23 02:48:41,076 | INFO  | DNAudit | user=null | ip=null | op=PUT_BLOCK {blockData=[blockId=conID: 3 locID: 102664013154878084 bcsId: 0,size=1048576]} | ret=SUCCESS |  
2019-08-23 02:48:41,076 | INFO  | DNAudit | user=null | ip=null | op=WRITE_CHUNK {blockData=conID: 3 locID: 102664013154878084 bcsId: 0} | ret=SUCCESS |  
2019-08-23 02:48:41,076 | INFO  | DNAudit | user=null | ip=null | op=PUT_BLOCK {blockData=[blockId=conID: 3 locID: 102664013154878084 bcsId: 0,size=2097152]} | ret=SUCCESS |  
2019-08-23 02:48:41,077 | INFO  | DNAudit | user=null | ip=null | op=WRITE_CHUNK {blockData=conID: 3 locID: 102664013154878084 bcsId: 0} | ret=SUCCESS |  
2019-08-23 02:48:41,077 [grpc-default-executor-6] INFO  client.GrpcClientProtocolClient (GrpcClientProtocolClient.java:onNext(255)) - client-B268B4322F32->17750241-545b-4219-93a1-14a6ea3d85be: receive RaftClientReply:client-B268B4322F32->17750241-545b-4219-93a1-14a6ea3d85be@group-C33FBD9556F2, cid=3008, SUCCESS, logIndex=0, commits[17750241-545b-4219-93a1-14a6ea3d85be:c4537, 4eaaa090-573e-41d3-9f8c-c99e236d806a:c4533, 5f4cf9ee-4bed-49de-adaa-861aec894328:c4533]
2019-08-23 02:48:41,077 | INFO  | DNAudit | user=null | ip=null | op=PUT_BLOCK {blockData=[blockId=conID: 3 locID: 102664013154878084 bcsId: 0,size=2097152]} | ret=SUCCESS |  
2019-08-23 02:48:41,083 | INFO  | DNAudit | user=null | ip=null | op=WRITE_CHUNK {blockData=conID: 3 locID: 102664013154878084 bcsId: 4535} | ret=SUCCESS |  
2019-08-23 02:48:41,085 | INFO  | DNAudit | user=null | ip=null | op=WRITE_CHUNK {blockData=conID: 3 locID: 102664013154878084 bcsId: 4535} | ret=SUCCESS |  
2019-08-23 02:48:41,085 | INFO  | DNAudit | user=null | ip=null | op=WRITE_CHUNK {blockData=conID: 3 locID: 102664013154878084 bcsId: 4535} | ret=SUCCESS |  
2019-08-23 02:48:41,097 | INFO  | DNAudit | user=null | ip=null | op=WRITE_CHUNK {blockData=conID: 3 locID: 102664013154878084 bcsId: 4535} | ret=SUCCESS |  
2019-08-23 02:48:41,097 | INFO  | DNAudit | user=null | ip=null | op=PUT_BLOCK {blockData=[blockId=conID: 3 locID: 102664013154878084 bcsId: 0,size=3145728]} | ret=SUCCESS |  
2019-08-23 02:48:41,098 [grpc-default-executor-1] INFO  client.GrpcClientProtocolClient (GrpcClientProtocolClient.java:onNext(255)) - client-B268B4322F32->17750241-545b-4219-93a1-14a6ea3d85be: receive RaftClientReply:client-B268B4322F32->17750241-545b-4219-93a1-14a6ea3d85be@group-C33FBD9556F2, cid=3009, SUCCESS, logIndex=4540, commits[17750241-545b-4219-93a1-14a6ea3d85be:c4541, 4eaaa090-573e-41d3-9f8c-c99e236d806a:c4539, 5f4cf9ee-4bed-49de-adaa-861aec894328:c4539]
2019-08-23 02:48:41,098 [grpc-default-executor-1] INFO  client.GrpcClientProtocolClient (GrpcClientProtocolClient.java:onNext(255)) - client-B268B4322F32->17750241-545b-4219-93a1-14a6ea3d85be: receive RaftClientReply:client-B268B4322F32->17750241-545b-4219-93a1-14a6ea3d85be@group-C33FBD9556F2, cid=3010, SUCCESS, logIndex=4541, commits[17750241-545b-4219-93a1-14a6ea3d85be:c4541, 4eaaa090-573e-41d3-9f8c-c99e236d806a:c4539, 5f4cf9ee-4bed-49de-adaa-861aec894328:c4539]
2019-08-23 02:48:41,104 | INFO  | DNAudit | user=null | ip=null | op=WRITE_CHUNK {blockData=conID: 3 locID: 102664013154878084 bcsId: 4541} | ret=SUCCESS |  
2019-08-23 02:48:41,106 | INFO  | DNAudit | user=null | ip=null | op=WRITE_CHUNK {blockData=conID: 3 locID: 102664013154878084 bcsId: 4541} | ret=SUCCESS |  
2019-08-23 02:48:41,107 | INFO  | DNAudit | user=null | ip=null | op=WRITE_CHUNK {blockData=conID: 3 locID: 102664013154878084 bcsId: 4541} | ret=SUCCESS |  
2019-08-23 02:48:41,110 | INFO  | DNAudit | user=null | ip=null | op=WRITE_CHUNK {blockData=conID: 3 locID: 102664013154878084 bcsId: 4535} | ret=SUCCESS |  
2019-08-23 02:48:41,110 | INFO  | DNAudit | user=null | ip=null | op=WRITE_CHUNK {blockData=conID: 3 locID: 102664013154878084 bcsId: 4535} | ret=SUCCESS |  
2019-08-23 02:48:41,123 | INFO  | DNAudit | user=null | ip=null | op=PUT_BLOCK {blockData=[blockId=conID: 3 locID: 102664013154878084 bcsId: 0,size=3145728]} | ret=SUCCESS |  
2019-08-23 02:48:41,123 | INFO  | DNAudit | user=null | ip=null | op=PUT_BLOCK {blockData=[blockId=conID: 3 locID: 102664013154878084 bcsId: 0,size=3145728]} | ret=SUCCESS |  
2019-08-23 02:48:41,123 | INFO  | DNAudit | user=null | ip=null | op=WRITE_CHUNK {blockData=conID: 3 locID: 102664013154878084 bcsId: 4541} | ret=SUCCESS |  
2019-08-23 02:48:41,124 | INFO  | DNAudit | user=null | ip=null | op=PUT_BLOCK {blockData=[blockId=conID: 3 locID: 102664013154878084 bcsId: 0,size=4194304]} | ret=SUCCESS |  
2019-08-23 02:48:41,124 [grpc-default-executor-1] INFO  client.GrpcClientProtocolClient (GrpcClientProtocolClient.java:onNext(255)) - client-B268B4322F32->17750241-545b-4219-93a1-14a6ea3d85be: receive RaftClientReply:client-B268B4322F32->17750241-545b-4219-93a1-14a6ea3d85be@group-C33FBD9556F2, cid=3011, SUCCESS, logIndex=4544, commits[17750241-545b-4219-93a1-14a6ea3d85be:c4545, 4eaaa090-573e-41d3-9f8c-c99e236d806a:c4541, 5f4cf9ee-4bed-49de-adaa-861aec894328:c4541]
2019-08-23 02:48:41,125 [grpc-default-executor-1] INFO  client.GrpcClientProtocolClient (GrpcClientProtocolClient.java:onNext(255)) - client-B268B4322F32->17750241-545b-4219-93a1-14a6ea3d85be: receive RaftClientReply:client-B268B4322F32->17750241-545b-4219-93a1-14a6ea3d85be@group-C33FBD9556F2, cid=3012, SUCCESS, logIndex=4545, commits[17750241-545b-4219-93a1-14a6ea3d85be:c4545, 4eaaa090-573e-41d3-9f8c-c99e236d806a:c4541, 5f4cf9ee-4bed-49de-adaa-861aec894328:c4541]
2019-08-23 02:48:41,137 | INFO  | DNAudit | user=null | ip=null | op=WRITE_CHUNK {blockData=conID: 3 locID: 102664013154878084 bcsId: 4541} | ret=SUCCESS |  
2019-08-23 02:48:41,137 | INFO  | DNAudit | user=null | ip=null | op=WRITE_CHUNK {blockData=conID: 3 locID: 102664013154878084 bcsId: 4541} | ret=SUCCESS |  
2019-08-23 02:48:41,149 | INFO  | DNAudit | user=null | ip=null | op=PUT_BLOCK {blockData=[blockId=conID: 3 locID: 102664013154878084 bcsId: 0,size=4194304]} | ret=SUCCESS |  
2019-08-23 02:48:41,149 | INFO  | DNAudit | user=null | ip=null | op=PUT_BLOCK {blockData=[blockId=conID: 3 locID: 102664013154878084 bcsId: 0,size=4194304]} | ret=SUCCESS |  
2019-08-23 02:48:41,150 [grpc-default-executor-1] INFO  client.GrpcClientProtocolClient (GrpcClientProtocolClient.java:onNext(255)) - client-B268B4322F32->17750241-545b-4219-93a1-14a6ea3d85be: receive RaftClientReply:client-B268B4322F32->17750241-545b-4219-93a1-14a6ea3d85be@group-C33FBD9556F2, cid=3013, SUCCESS, logIndex=0, commits[17750241-545b-4219-93a1-14a6ea3d85be:c4547, 4eaaa090-573e-41d3-9f8c-c99e236d806a:c4545, 5f4cf9ee-4bed-49de-adaa-861aec894328:c4545]
2019-08-23 02:48:41,153 | INFO  | SCMAudit | user=jenkins1000 | ip=192.168.34.22 | op=ALLOCATE_BLOCK {owner=31d65bc3-3f70-45f5-bbc5-e3a15f967ba6, size=4194304, type=RATIS, factor=THREE} | ret=SUCCESS |  
2019-08-23 02:48:41,160 | INFO  | OMAudit | user=jenkins1000 | ip=127.0.0.1 | op=ALLOCATE_BLOCK {volume=vol-0-78052, bucket=bucket-0-33874, key=key-0-20719, dataSize=2147483657, replicationType=RATIS, replicationFactor=THREE, keyLocationInfo=[], clientID=102664010308846034} | ret=SUCCESS |  
2019-08-23 02:48:41,173 | INFO  | DNAudit | user=null | ip=null | op=WRITE_CHUNK {blockData=conID: 1 locID: 102664013162283653 bcsId: 0} | ret=SUCCESS |  
2019-08-23 02:48:41,177 | INFO  | DNAudit | user=null | ip=null | op=WRITE_CHUNK {blockData=conID: 1 locID: 102664013162283653 bcsId: 0} | ret=SUCCESS |  
2019-08-23 02:48:41,178 | INFO  | DNAudit | user=null | ip=null | op=WRITE_CHUNK {blockData=conID: 1 locID: 102664013162283653 bcsId: 0} | ret=SUCCESS |  
2019-08-23 02:48:41,178 | INFO  | DNAudit | user=null | ip=null | op=WRITE_CHUNK {blockData=conID: 1 locID: 102664013162283653 bcsId: 0} | ret=SUCCESS |  
2019-08-23 02:48:41,180 | INFO  | DNAudit | user=null | ip=null | op=WRITE_CHUNK {blockData=conID: 1 locID: 102664013162283653 bcsId: 0} | ret=SUCCESS |  
2019-08-23 02:48:41,181 | INFO  | DNAudit | user=null | ip=null | op=WRITE_CHUNK {blockData=conID: 1 locID: 102664013162283653 bcsId: 0} | ret=SUCCESS |  
2019-08-23 02:48:41,187 | INFO  | DNAudit | user=null | ip=null | op=WRITE_CHUNK {blockData=conID: 1 locID: 102664013162283653 bcsId: 0} | ret=SUCCESS |  
2019-08-23 02:48:41,188 | INFO  | DNAudit | user=null | ip=null | op=PUT_BLOCK {blockData=[blockId=conID: 1 locID: 102664013162283653 bcsId: 0,size=1048576]} | ret=SUCCESS |  
2019-08-23 02:48:41,188 [grpc-default-executor-5] INFO  client.GrpcClientProtocolClient (GrpcClientProtocolClient.java:onNext(255)) - client-B268B4322F32->17750241-545b-4219-93a1-14a6ea3d85be: receive RaftClientReply:client-B268B4322F32->17750241-545b-4219-93a1-14a6ea3d85be@group-C33FBD9556F2, cid=3014, SUCCESS, logIndex=4548, commits[17750241-545b-4219-93a1-14a6ea3d85be:c4549, 4eaaa090-573e-41d3-9f8c-c99e236d806a:c4547, 5f4cf9ee-4bed-49de-adaa-861aec894328:c4547]
2019-08-23 02:48:41,189 [grpc-default-executor-5] INFO  client.GrpcClientProtocolClient (GrpcClientProtocolClient.java:onNext(255)) - client-B268B4322F32->17750241-545b-4219-93a1-14a6ea3d85be: receive RaftClientReply:client-B268B4322F32->17750241-545b-4219-93a1-14a6ea3d85be@group-C33FBD9556F2, cid=3015, SUCCESS, logIndex=4549, commits[17750241-545b-4219-93a1-14a6ea3d85be:c4549, 4eaaa090-573e-41d3-9f8c-c99e236d806a:c4547, 5f4cf9ee-4bed-49de-adaa-861aec894328:c4547]
2019-08-23 02:48:41,197 | INFO  | DNAudit | user=null | ip=null | op=WRITE_CHUNK {blockData=conID: 1 locID: 102664013162283653 bcsId: 0} | ret=SUCCESS |  
2019-08-23 02:48:41,198 | INFO  | DNAudit | user=null | ip=null | op=PUT_BLOCK {blockData=[blockId=conID: 1 locID: 102664013162283653 bcsId: 0,size=2097152]} | ret=SUCCESS |  
2019-08-23 02:48:41,198 [grpc-default-executor-5] INFO  client.GrpcClientProtocolClient (GrpcClientProtocolClient.java:onNext(255)) - client-B268B4322F32->17750241-545b-4219-93a1-14a6ea3d85be: receive RaftClientReply:client-B268B4322F32->17750241-545b-4219-93a1-14a6ea3d85be@group-C33FBD9556F2, cid=3016, SUCCESS, logIndex=4550, commits[17750241-545b-4219-93a1-14a6ea3d85be:c4551, 4eaaa090-573e-41d3-9f8c-c99e236d806a:c4547, 5f4cf9ee-4bed-49de-adaa-861aec894328:c4547]
2019-08-23 02:48:41,198 [grpc-default-executor-5] INFO  client.GrpcClientProtocolClient (GrpcClientProtocolClient.java:onNext(255)) - client-B268B4322F32->17750241-545b-4219-93a1-14a6ea3d85be: receive RaftClientReply:client-B268B4322F32->17750241-545b-4219-93a1-14a6ea3d85be@group-C33FBD9556F2, cid=3017, SUCCESS, logIndex=4551, commits[17750241-545b-4219-93a1-14a6ea3d85be:c4551, 4eaaa090-573e-41d3-9f8c-c99e236d806a:c4547, 5f4cf9ee-4bed-49de-adaa-861aec894328:c4547]
2019-08-23 02:48:41,199 | INFO  | DNAudit | user=null | ip=null | op=WRITE_CHUNK {blockData=conID: 1 locID: 102664013162283653 bcsId: 0} | ret=SUCCESS |  
2019-08-23 02:48:41,212 | INFO  | DNAudit | user=null | ip=null | op=WRITE_CHUNK {blockData=conID: 1 locID: 102664013162283653 bcsId: 0} | ret=SUCCESS |  
2019-08-23 02:48:41,213 | INFO  | DNAudit | user=null | ip=null | op=PUT_BLOCK {blockData=[blockId=conID: 1 locID: 102664013162283653 bcsId: 0,size=1048576]} | ret=SUCCESS |  
2019-08-23 02:48:41,213 | INFO  | DNAudit | user=null | ip=null | op=PUT_BLOCK {blockData=[blockId=conID: 1 locID: 102664013162283653 bcsId: 0,size=1048576]} | ret=SUCCESS |  
2019-08-23 02:48:41,213 | INFO  | DNAudit | user=null | ip=null | op=WRITE_CHUNK {blockData=conID: 1 locID: 102664013162283653 bcsId: 0} | ret=SUCCESS |  
2019-08-23 02:48:41,213 | INFO  | DNAudit | user=null | ip=null | op=PUT_BLOCK {blockData=[blockId=conID: 1 locID: 102664013162283653 bcsId: 0,size=2097152]} | ret=SUCCESS |  
2019-08-23 02:48:41,213 | INFO  | DNAudit | user=null | ip=null | op=WRITE_CHUNK {blockData=conID: 1 locID: 102664013162283653 bcsId: 0} | ret=SUCCESS |  
2019-08-23 02:48:41,213 | INFO  | DNAudit | user=null | ip=null | op=PUT_BLOCK {blockData=[blockId=conID: 1 locID: 102664013162283653 bcsId: 0,size=2097152]} | ret=SUCCESS |  
2019-08-23 02:48:41,213 [grpc-default-executor-5] INFO  client.GrpcClientProtocolClient (GrpcClientProtocolClient.java:onNext(255)) - client-B268B4322F32->17750241-545b-4219-93a1-14a6ea3d85be: receive RaftClientReply:client-B268B4322F32->17750241-545b-4219-93a1-14a6ea3d85be@group-C33FBD9556F2, cid=3018, SUCCESS, logIndex=0, commits[17750241-545b-4219-93a1-14a6ea3d85be:c4553, 4eaaa090-573e-41d3-9f8c-c99e236d806a:c4549, 5f4cf9ee-4bed-49de-adaa-861aec894328:c4549]
2019-08-23 02:48:41,222 | INFO  | DNAudit | user=null | ip=null | op=WRITE_CHUNK {blockData=conID: 1 locID: 102664013162283653 bcsId: 4551} | ret=SUCCESS |  
2019-08-23 02:48:41,225 | INFO  | DNAudit | user=null | ip=null | op=WRITE_CHUNK {blockData=conID: 1 locID: 102664013162283653 bcsId: 4551} | ret=SUCCESS |  
2019-08-23 02:48:41,226 | INFO  | DNAudit | user=null | ip=null | op=WRITE_CHUNK {blockData=conID: 1 locID: 102664013162283653 bcsId: 4551} | ret=SUCCESS |  
2019-08-23 02:48:41,237 | INFO  | DNAudit | user=null | ip=null | op=WRITE_CHUNK {blockData=conID: 1 locID: 102664013162283653 bcsId: 4551} | ret=SUCCESS |  
2019-08-23 02:48:41,238 | INFO  | DNAudit | user=null | ip=null | op=PUT_BLOCK {blockData=[blockId=conID: 1 locID: 102664013162283653 bcsId: 0,size=3145728]} | ret=SUCCESS |  
2019-08-23 02:48:41,238 [grpc-default-executor-1] INFO  client.GrpcClientProtocolClient (GrpcClientProtocolClient.java:onNext(255)) - client-B268B4322F32->17750241-545b-4219-93a1-14a6ea3d85be: receive RaftClientReply:client-B268B4322F32->17750241-545b-4219-93a1-14a6ea3d85be@group-C33FBD9556F2, cid=3019, SUCCESS, logIndex=4555, commits[17750241-545b-4219-93a1-14a6ea3d85be:c4556, 4eaaa090-573e-41d3-9f8c-c99e236d806a:c4553, 5f4cf9ee-4bed-49de-adaa-861aec894328:c4553]
2019-08-23 02:48:41,239 [grpc-default-executor-1] INFO  client.GrpcClientProtocolClient (GrpcClientProtocolClient.java:onNext(255)) - client-B268B4322F32->17750241-545b-4219-93a1-14a6ea3d85be: receive RaftClientReply:client-B268B4322F32->17750241-545b-4219-93a1-14a6ea3d85be@group-C33FBD9556F2, cid=3020, SUCCESS, logIndex=4556, commits[17750241-545b-4219-93a1-14a6ea3d85be:c4556, 4eaaa090-573e-41d3-9f8c-c99e236d806a:c4553, 5f4cf9ee-4bed-49de-adaa-861aec894328:c4553]
2019-08-23 02:48:41,239 | INFO  | DNAudit | user=null | ip=null | op=WRITE_CHUNK {blockData=conID: 1 locID: 102664013162283653 bcsId: 4551} | ret=SUCCESS |  
2019-08-23 02:48:41,239 | INFO  | DNAudit | user=null | ip=null | op=WRITE_CHUNK {blockData=conID: 1 locID: 102664013162283653 bcsId: 4551} | ret=SUCCESS |  
2019-08-23 02:48:41,240 | INFO  | DNAudit | user=null | ip=null | op=PUT_BLOCK {blockData=[blockId=conID: 1 locID: 102664013162283653 bcsId: 0,size=3145728]} | ret=SUCCESS |  
2019-08-23 02:48:41,240 | INFO  | DNAudit | user=null | ip=null | op=PUT_BLOCK {blockData=[blockId=conID: 1 locID: 102664013162283653 bcsId: 0,size=3145728]} | ret=SUCCESS |  
2019-08-23 02:48:41,246 | INFO  | DNAudit | user=null | ip=null | op=WRITE_CHUNK {blockData=conID: 1 locID: 102664013162283653 bcsId: 4556} | ret=SUCCESS |  
2019-08-23 02:48:41,250 | INFO  | DNAudit | user=null | ip=null | op=WRITE_CHUNK {blockData=conID: 1 locID: 102664013162283653 bcsId: 4556} | ret=SUCCESS |  
2019-08-23 02:48:41,251 | INFO  | DNAudit | user=null | ip=null | op=WRITE_CHUNK {blockData=conID: 1 locID: 102664013162283653 bcsId: 4556} | ret=SUCCESS |  
2019-08-23 02:48:41,259 | INFO  | DNAudit | user=null | ip=null | op=WRITE_CHUNK {blockData=conID: 1 locID: 102664013162283653 bcsId: 4556} | ret=SUCCESS |  
2019-08-23 02:48:41,259 | INFO  | DNAudit | user=null | ip=null | op=PUT_BLOCK {blockData=[blockId=conID: 1 locID: 102664013162283653 bcsId: 0,size=4194304]} | ret=SUCCESS |  
2019-08-23 02:48:41,260 [grpc-default-executor-6] INFO  client.GrpcClientProtocolClient (GrpcClientProtocolClient.java:onNext(255)) - client-B268B4322F32->17750241-545b-4219-93a1-14a6ea3d85be: receive RaftClientReply:client-B268B4322F32->17750241-545b-4219-93a1-14a6ea3d85be@group-C33FBD9556F2, cid=3021, SUCCESS, logIndex=4559, commits[17750241-545b-4219-93a1-14a6ea3d85be:c4560, 4eaaa090-573e-41d3-9f8c-c99e236d806a:c4558, 5f4cf9ee-4bed-49de-adaa-861aec894328:c4558]
2019-08-23 02:48:41,260 [grpc-default-executor-6] INFO  client.GrpcClientProtocolClient (GrpcClientProtocolClient.java:onNext(255)) - client-B268B4322F32->17750241-545b-4219-93a1-14a6ea3d85be: receive RaftClientReply:client-B268B4322F32->17750241-545b-4219-93a1-14a6ea3d85be@group-C33FBD9556F2, cid=3022, SUCCESS, logIndex=4560, commits[17750241-545b-4219-93a1-14a6ea3d85be:c4560, 4eaaa090-573e-41d3-9f8c-c99e236d806a:c4558, 5f4cf9ee-4bed-49de-adaa-861aec894328:c4558]
2019-08-23 02:48:41,270 | INFO  | DNAudit | user=null | ip=null | op=WRITE_CHUNK {blockData=conID: 1 locID: 102664013162283653 bcsId: 4556} | ret=SUCCESS |  
2019-08-23 02:48:41,270 | INFO  | DNAudit | user=null | ip=null | op=WRITE_CHUNK {blockData=conID: 1 locID: 102664013162283653 bcsId: 4556} | ret=SUCCESS |  
2019-08-23 02:48:41,273 | INFO  | DNAudit | user=null | ip=null | op=PUT_BLOCK {blockData=[blockId=conID: 1 locID: 102664013162283653 bcsId: 0,size=4194304]} | ret=SUCCESS |  
2019-08-23 02:48:41,274 | INFO  | DNAudit | user=null | ip=null | op=PUT_BLOCK {blockData=[blockId=conID: 1 locID: 102664013162283653 bcsId: 0,size=4194304]} | ret=SUCCESS |  
2019-08-23 02:48:41,274 [grpc-default-executor-6] INFO  client.GrpcClientProtocolClient (GrpcClientProtocolClient.java:onNext(255)) - client-B268B4322F32->17750241-545b-4219-93a1-14a6ea3d85be: receive RaftClientReply:client-B268B4322F32->17750241-545b-4219-93a1-14a6ea3d85be@group-C33FBD9556F2, cid=3023, SUCCESS, logIndex=0, commits[17750241-545b-4219-93a1-14a6ea3d85be:c4562, 4eaaa090-573e-41d3-9f8c-c99e236d806a:c4560, 5f4cf9ee-4bed-49de-adaa-861aec894328:c4560]
2019-08-23 02:48:41,276 | INFO  | SCMAudit | user=jenkins1000 | ip=192.168.34.22 | op=ALLOCATE_BLOCK {owner=31d65bc3-3f70-45f5-bbc5-e3a15f967ba6, size=4194304, type=RATIS, factor=THREE} | ret=SUCCESS |  
2019-08-23 02:48:41,283 | INFO  | OMAudit | user=jenkins1000 | ip=127.0.0.1 | op=ALLOCATE_BLOCK {volume=vol-0-78052, bucket=bucket-0-33874, key=key-0-20719, dataSize=2147483657, replicationType=RATIS, replicationFactor=THREE, keyLocationInfo=[], clientID=102664010308846034} | ret=SUCCESS |  
2019-08-23 02:48:41,302 | INFO  | DNAudit | user=null | ip=null | op=WRITE_CHUNK {blockData=conID: 2 locID: 102664013170344582 bcsId: 0} | ret=SUCCESS |  
2019-08-23 02:48:41,305 | INFO  | DNAudit | user=null | ip=null | op=WRITE_CHUNK {blockData=conID: 2 locID: 102664013170344582 bcsId: 0} | ret=SUCCESS |  
2019-08-23 02:48:41,305 | INFO  | DNAudit | user=null | ip=null | op=WRITE_CHUNK {blockData=conID: 2 locID: 102664013170344582 bcsId: 0} | ret=SUCCESS |  
2019-08-23 02:48:41,306 | INFO  | DNAudit | user=null | ip=null | op=WRITE_CHUNK {blockData=conID: 2 locID: 102664013170344582 bcsId: 0} | ret=SUCCESS |  
2019-08-23 02:48:41,307 | INFO  | DNAudit | user=null | ip=null | op=WRITE_CHUNK {blockData=conID: 2 locID: 102664013170344582 bcsId: 0} | ret=SUCCESS |  
2019-08-23 02:48:41,308 | INFO  | DNAudit | user=null | ip=null | op=WRITE_CHUNK {blockData=conID: 2 locID: 102664013170344582 bcsId: 0} | ret=SUCCESS |  
2019-08-23 02:48:41,316 | INFO  | DNAudit | user=null | ip=null | op=WRITE_CHUNK {blockData=conID: 2 locID: 102664013170344582 bcsId: 0} | ret=SUCCESS |  
2019-08-23 02:48:41,324 | INFO  | DNAudit | user=null | ip=null | op=PUT_BLOCK {blockData=[blockId=conID: 2 locID: 102664013170344582 bcsId: 0,size=1048576]} | ret=SUCCESS |  
2019-08-23 02:48:41,324 | INFO  | DNAudit | user=null | ip=null | op=WRITE_CHUNK {blockData=conID: 2 locID: 102664013170344582 bcsId: 0} | ret=SUCCESS |  
2019-08-23 02:48:41,325 | INFO  | DNAudit | user=null | ip=null | op=PUT_BLOCK {blockData=[blockId=conID: 2 locID: 102664013170344582 bcsId: 0,size=2097152]} | ret=SUCCESS |  
2019-08-23 02:48:41,324 [grpc-default-executor-5] INFO  client.GrpcClientProtocolClient (GrpcClientProtocolClient.java:onNext(255)) - client-B268B4322F32->17750241-545b-4219-93a1-14a6ea3d85be: receive RaftClientReply:client-B268B4322F32->17750241-545b-4219-93a1-14a6ea3d85be@group-C33FBD9556F2, cid=3024, SUCCESS, logIndex=4563, commits[17750241-545b-4219-93a1-14a6ea3d85be:c4566, 4eaaa090-573e-41d3-9f8c-c99e236d806a:c4562, 5f4cf9ee-4bed-49de-adaa-861aec894328:c4562]
2019-08-23 02:48:41,326 [grpc-default-executor-5] INFO  client.GrpcClientProtocolClient (GrpcClientProtocolClient.java:onNext(255)) - client-B268B4322F32->17750241-545b-4219-93a1-14a6ea3d85be: receive RaftClientReply:client-B268B4322F32->17750241-545b-4219-93a1-14a6ea3d85be@group-C33FBD9556F2, cid=3025, SUCCESS, logIndex=4564, commits[17750241-545b-4219-93a1-14a6ea3d85be:c4566, 4eaaa090-573e-41d3-9f8c-c99e236d806a:c4562, 5f4cf9ee-4bed-49de-adaa-861aec894328:c4562]
2019-08-23 02:48:41,326 [grpc-default-executor-5] INFO  client.GrpcClientProtocolClient (GrpcClientProtocolClient.java:onNext(255)) - client-B268B4322F32->17750241-545b-4219-93a1-14a6ea3d85be: receive RaftClientReply:client-B268B4322F32->17750241-545b-4219-93a1-14a6ea3d85be@group-C33FBD9556F2, cid=3026, SUCCESS, logIndex=4565, commits[17750241-545b-4219-93a1-14a6ea3d85be:c4566, 4eaaa090-573e-41d3-9f8c-c99e236d806a:c4562, 5f4cf9ee-4bed-49de-adaa-861aec894328:c4562]
2019-08-23 02:48:41,327 [grpc-default-executor-5] INFO  client.GrpcClientProtocolClient (GrpcClientProtocolClient.java:onNext(255)) - client-B268B4322F32->17750241-545b-4219-93a1-14a6ea3d85be: receive RaftClientReply:client-B268B4322F32->17750241-545b-4219-93a1-14a6ea3d85be@group-C33FBD9556F2, cid=3027, SUCCESS, logIndex=4566, commits[17750241-545b-4219-93a1-14a6ea3d85be:c4566, 4eaaa090-573e-41d3-9f8c-c99e236d806a:c4562, 5f4cf9ee-4bed-49de-adaa-861aec894328:c4562]
2019-08-23 02:48:41,333 | INFO  | DNAudit | user=null | ip=null | op=WRITE_CHUNK {blockData=conID: 2 locID: 102664013170344582 bcsId: 0} | ret=SUCCESS |  
2019-08-23 02:48:41,333 | INFO  | DNAudit | user=null | ip=null | op=WRITE_CHUNK {blockData=conID: 2 locID: 102664013170344582 bcsId: 0} | ret=SUCCESS |  
2019-08-23 02:48:41,336 | INFO  | DNAudit | user=null | ip=null | op=PUT_BLOCK {blockData=[blockId=conID: 2 locID: 102664013170344582 bcsId: 0,size=1048576]} | ret=SUCCESS |  
2019-08-23 02:48:41,336 | INFO  | DNAudit | user=null | ip=null | op=PUT_BLOCK {blockData=[blockId=conID: 2 locID: 102664013170344582 bcsId: 0,size=1048576]} | ret=SUCCESS |  
2019-08-23 02:48:41,336 | INFO  | DNAudit | user=null | ip=null | op=WRITE_CHUNK {blockData=conID: 2 locID: 102664013170344582 bcsId: 0} | ret=SUCCESS |  
2019-08-23 02:48:41,336 | INFO  | DNAudit | user=null | ip=null | op=WRITE_CHUNK {blockData=conID: 2 locID: 102664013170344582 bcsId: 0} | ret=SUCCESS |  
2019-08-23 02:48:41,337 | INFO  | DNAudit | user=null | ip=null | op=PUT_BLOCK {blockData=[blockId=conID: 2 locID: 102664013170344582 bcsId: 0,size=2097152]} | ret=SUCCESS |  
2019-08-23 02:48:41,337 | INFO  | DNAudit | user=null | ip=null | op=PUT_BLOCK {blockData=[blockId=conID: 2 locID: 102664013170344582 bcsId: 0,size=2097152]} | ret=SUCCESS |  
2019-08-23 02:48:41,337 [grpc-default-executor-1] INFO  client.GrpcClientProtocolClient (GrpcClientProtocolClient.java:onNext(255)) - client-B268B4322F32->17750241-545b-4219-93a1-14a6ea3d85be: receive RaftClientReply:client-B268B4322F32->17750241-545b-4219-93a1-14a6ea3d85be@group-C33FBD9556F2, cid=3028, SUCCESS, logIndex=0, commits[17750241-545b-4219-93a1-14a6ea3d85be:c4568, 4eaaa090-573e-41d3-9f8c-c99e236d806a:c4565, 5f4cf9ee-4bed-49de-adaa-861aec894328:c4565]
 0.00% |█                                                                                                    |  0/1 Time: 0:00:432019-08-23 02:48:41,504 | INFO  | DNAudit | user=null | ip=null | op=WRITE_CHUNK {blockData=conID: 2 locID: 102664013170344582 bcsId: 4566} | ret=SUCCESS |  
2019-08-23 02:48:41,505 | INFO  | SCMAudit | user=jenkins1000 | ip=192.168.34.22 | op=SEND_HEARTBEAT {datanodeUUID=4eaaa090-573e-41d3-9f8c-c99e236d806a, command=[]} | ret=SUCCESS |  
2019-08-23 02:48:41,505 | INFO  | SCMAudit | user=jenkins1000 | ip=192.168.34.22 | op=SEND_HEARTBEAT {datanodeUUID=17750241-545b-4219-93a1-14a6ea3d85be, command=[]} | ret=SUCCESS |  
2019-08-23 02:48:41,505 | INFO  | SCMAudit | user=jenkins1000 | ip=192.168.34.22 | op=SEND_HEARTBEAT {datanodeUUID=5f4cf9ee-4bed-49de-adaa-861aec894328, command=[]} | ret=SUCCESS |  
2019-08-23 02:48:41,505 | INFO  | SCMAudit | user=jenkins1000 | ip=192.168.34.22 | op=SEND_HEARTBEAT {datanodeUUID=66ab6a68-e61f-4535-ab2f-12fe560929ed, command=[]} | ret=SUCCESS |  
2019-08-23 02:48:41,505 | INFO  | SCMAudit | user=jenkins1000 | ip=192.168.34.22 | op=SEND_HEARTBEAT {datanodeUUID=0cedf437-a8af-4d70-bac5-ea9863093e86, command=[]} | ret=SUCCESS |  
2019-08-23 02:48:41,505 | INFO  | DNAudit | user=null | ip=null | op=WRITE_CHUNK {blockData=conID: 2 locID: 102664013170344582 bcsId: 4566} | ret=SUCCESS |  
2019-08-23 02:48:41,506 | INFO  | DNAudit | user=null | ip=null | op=WRITE_CHUNK {blockData=conID: 2 locID: 102664013170344582 bcsId: 4566} | ret=SUCCESS |  
2019-08-23 02:48:41,517 | INFO  | DNAudit | user=null | ip=null | op=WRITE_CHUNK {blockData=conID: 2 locID: 102664013170344582 bcsId: 4566} | ret=SUCCESS |  
2019-08-23 02:48:41,517 | INFO  | DNAudit | user=null | ip=null | op=PUT_BLOCK {blockData=[blockId=conID: 2 locID: 102664013170344582 bcsId: 0,size=3145728]} | ret=SUCCESS |  
2019-08-23 02:48:41,518 [grpc-default-executor-5] INFO  client.GrpcClientProtocolClient (GrpcClientProtocolClient.java:onNext(255)) - client-B268B4322F32->17750241-545b-4219-93a1-14a6ea3d85be: receive RaftClientReply:client-B268B4322F32->17750241-545b-4219-93a1-14a6ea3d85be@group-C33FBD9556F2, cid=3029, SUCCESS, logIndex=4570, commits[17750241-545b-4219-93a1-14a6ea3d85be:c4571, 4eaaa090-573e-41d3-9f8c-c99e236d806a:c4569, 5f4cf9ee-4bed-49de-adaa-861aec894328:c4569]
2019-08-23 02:48:41,518 [grpc-default-executor-5] INFO  client.GrpcClientProtocolClient (GrpcClientProtocolClient.java:onNext(255)) - client-B268B4322F32->17750241-545b-4219-93a1-14a6ea3d85be: receive RaftClientReply:client-B268B4322F32->17750241-545b-4219-93a1-14a6ea3d85be@group-C33FBD9556F2, cid=3030, SUCCESS, logIndex=4571, commits[17750241-545b-4219-93a1-14a6ea3d85be:c4571, 4eaaa090-573e-41d3-9f8c-c99e236d806a:c4569, 5f4cf9ee-4bed-49de-adaa-861aec894328:c4569]
2019-08-23 02:48:41,527 | INFO  | DNAudit | user=null | ip=null | op=WRITE_CHUNK {blockData=conID: 2 locID: 102664013170344582 bcsId: 4571} | ret=SUCCESS |  
2019-08-23 02:48:41,529 | INFO  | DNAudit | user=null | ip=null | op=WRITE_CHUNK {blockData=conID: 2 locID: 102664013170344582 bcsId: 4566} | ret=SUCCESS |  
2019-08-23 02:48:41,529 | INFO  | DNAudit | user=null | ip=null | op=WRITE_CHUNK {blockData=conID: 2 locID: 102664013170344582 bcsId: 4566} | ret=SUCCESS |  
2019-08-23 02:48:41,530 | INFO  | DNAudit | user=null | ip=null | op=WRITE_CHUNK {blockData=conID: 2 locID: 102664013170344582 bcsId: 4571} | ret=SUCCESS |  
2019-08-23 02:48:41,530 | INFO  | DNAudit | user=null | ip=null | op=WRITE_CHUNK {blockData=conID: 2 locID: 102664013170344582 bcsId: 4571} | ret=SUCCESS |  
2019-08-23 02:48:41,541 | INFO  | DNAudit | user=null | ip=null | op=PUT_BLOCK {blockData=[blockId=conID: 2 locID: 102664013170344582 bcsId: 0,size=3145728]} | ret=SUCCESS |  
2019-08-23 02:48:41,542 | INFO  | DNAudit | user=null | ip=null | op=PUT_BLOCK {blockData=[blockId=conID: 2 locID: 102664013170344582 bcsId: 0,size=3145728]} | ret=SUCCESS |  
2019-08-23 02:48:41,542 | INFO  | DNAudit | user=null | ip=null | op=WRITE_CHUNK {blockData=conID: 2 locID: 102664013170344582 bcsId: 4571} | ret=SUCCESS |  
2019-08-23 02:48:41,543 | INFO  | DNAudit | user=null | ip=null | op=PUT_BLOCK {blockData=[blockId=conID: 2 locID: 102664013170344582 bcsId: 0,size=4194304]} | ret=SUCCESS |  
2019-08-23 02:48:41,543 [grpc-default-executor-1] INFO  client.GrpcClientProtocolClient (GrpcClientProtocolClient.java:onNext(255)) - client-B268B4322F32->17750241-545b-4219-93a1-14a6ea3d85be: receive RaftClientReply:client-B268B4322F32->17750241-545b-4219-93a1-14a6ea3d85be@group-C33FBD9556F2, cid=3031, SUCCESS, logIndex=4574, commits[17750241-545b-4219-93a1-14a6ea3d85be:c4575, 4eaaa090-573e-41d3-9f8c-c99e236d806a:c4571, 5f4cf9ee-4bed-49de-adaa-861aec894328:c4571]
2019-08-23 02:48:41,543 [grpc-default-executor-1] INFO  client.GrpcClientProtocolClient (GrpcClientProtocolClient.java:onNext(255)) - client-B268B4322F32->17750241-545b-4219-93a1-14a6ea3d85be: receive RaftClientReply:client-B268B4322F32->17750241-545b-4219-93a1-14a6ea3d85be@group-C33FBD9556F2, cid=3032, SUCCESS, logIndex=4575, commits[17750241-545b-4219-93a1-14a6ea3d85be:c4575, 4eaaa090-573e-41d3-9f8c-c99e236d806a:c4571, 5f4cf9ee-4bed-49de-adaa-861aec894328:c4571]
2019-08-23 02:48:41,556 | INFO  | DNAudit | user=null | ip=null | op=WRITE_CHUNK {blockData=conID: 2 locID: 102664013170344582 bcsId: 4571} | ret=SUCCESS |  
2019-08-23 02:48:41,556 | INFO  | DNAudit | user=null | ip=null | op=WRITE_CHUNK {blockData=conID: 2 locID: 102664013170344582 bcsId: 4571} | ret=SUCCESS |  
2019-08-23 02:48:41,556 | INFO  | DNAudit | user=null | ip=null | op=PUT_BLOCK {blockData=[blockId=conID: 2 locID: 102664013170344582 bcsId: 0,size=4194304]} | ret=SUCCESS |  
2019-08-23 02:48:41,556 | INFO  | DNAudit | user=null | ip=null | op=PUT_BLOCK {blockData=[blockId=conID: 2 locID: 102664013170344582 bcsId: 0,size=4194304]} | ret=SUCCESS |  
2019-08-23 02:48:41,556 [grpc-default-executor-1] INFO  client.GrpcClientProtocolClient (GrpcClientProtocolClient.java:onNext(255)) - client-B268B4322F32->17750241-545b-4219-93a1-14a6ea3d85be: receive RaftClientReply:client-B268B4322F32->17750241-545b-4219-93a1-14a6ea3d85be@group-C33FBD9556F2, cid=3033, SUCCESS, logIndex=0, commits[17750241-545b-4219-93a1-14a6ea3d85be:c4576, 4eaaa090-573e-41d3-9f8c-c99e236d806a:c4575, 5f4cf9ee-4bed-49de-adaa-861aec894328:c4575]
2019-08-23 02:48:41,560 | INFO  | SCMAudit | user=jenkins1000 | ip=192.168.34.22 | op=ALLOCATE_BLOCK {owner=31d65bc3-3f70-45f5-bbc5-e3a15f967ba6, size=4194304, type=RATIS, factor=THREE} | ret=SUCCESS |  
2019-08-23 02:48:41,567 | INFO  | OMAudit | user=jenkins1000 | ip=127.0.0.1 | op=ALLOCATE_BLOCK {volume=vol-0-78052, bucket=bucket-0-33874, key=key-0-20719, dataSize=2147483657, replicationType=RATIS, replicationFactor=THREE, keyLocationInfo=[], clientID=102664010308846034} | ret=SUCCESS |  
2019-08-23 02:48:41,581 | INFO  | DNAudit | user=null | ip=null | op=WRITE_CHUNK {blockData=conID: 3 locID: 102664013188956807 bcsId: 0} | ret=SUCCESS |  
2019-08-23 02:48:41,584 | INFO  | DNAudit | user=null | ip=null | op=WRITE_CHUNK {blockData=conID: 3 locID: 102664013188956807 bcsId: 0} | ret=SUCCESS |  
2019-08-23 02:48:41,584 | INFO  | DNAudit | user=null | ip=null | op=WRITE_CHUNK {blockData=conID: 3 locID: 102664013188956807 bcsId: 0} | ret=SUCCESS |  
2019-08-23 02:48:41,585 | INFO  | DNAudit | user=null | ip=null | op=WRITE_CHUNK {blockData=conID: 3 locID: 102664013188956807 bcsId: 0} | ret=SUCCESS |  
2019-08-23 02:48:41,585 | INFO  | DNAudit | user=null | ip=null | op=WRITE_CHUNK {blockData=conID: 3 locID: 102664013188956807 bcsId: 0} | ret=SUCCESS |  
2019-08-23 02:48:41,586 | INFO  | DNAudit | user=null | ip=null | op=WRITE_CHUNK {blockData=conID: 3 locID: 102664013188956807 bcsId: 0} | ret=SUCCESS |  
2019-08-23 02:48:41,597 | INFO  | DNAudit | user=null | ip=null | op=WRITE_CHUNK {blockData=conID: 3 locID: 102664013188956807 bcsId: 0} | ret=SUCCESS |  
2019-08-23 02:48:41,598 | INFO  | DNAudit | user=null | ip=null | op=PUT_BLOCK {blockData=[blockId=conID: 3 locID: 102664013188956807 bcsId: 0,size=1048576]} | ret=SUCCESS |  
2019-08-23 02:48:41,598 [grpc-default-executor-1] INFO  client.GrpcClientProtocolClient (GrpcClientProtocolClient.java:onNext(255)) - client-B268B4322F32->17750241-545b-4219-93a1-14a6ea3d85be: receive RaftClientReply:client-B268B4322F32->17750241-545b-4219-93a1-14a6ea3d85be@group-C33FBD9556F2, cid=3034, SUCCESS, logIndex=4578, commits[17750241-545b-4219-93a1-14a6ea3d85be:c4581, 4eaaa090-573e-41d3-9f8c-c99e236d806a:c4577, 5f4cf9ee-4bed-49de-adaa-861aec894328:c4577]
2019-08-23 02:48:41,599 | INFO  | DNAudit | user=null | ip=null | op=WRITE_CHUNK {blockData=conID: 3 locID: 102664013188956807 bcsId: 0} | ret=SUCCESS |  
2019-08-23 02:48:41,599 | INFO  | DNAudit | user=null | ip=null | op=WRITE_CHUNK {blockData=conID: 3 locID: 102664013188956807 bcsId: 0} | ret=SUCCESS |  
2019-08-23 02:48:41,599 [grpc-default-executor-1] INFO  client.GrpcClientProtocolClient (GrpcClientProtocolClient.java:onNext(255)) - client-B268B4322F32->17750241-545b-4219-93a1-14a6ea3d85be: receive RaftClientReply:client-B268B4322F32->17750241-545b-4219-93a1-14a6ea3d85be@group-C33FBD9556F2, cid=3035, SUCCESS, logIndex=4579, commits[17750241-545b-4219-93a1-14a6ea3d85be:c4581, 4eaaa090-573e-41d3-9f8c-c99e236d806a:c4577, 5f4cf9ee-4bed-49de-adaa-861aec894328:c4577]
2019-08-23 02:48:41,599 | INFO  | DNAudit | user=null | ip=null | op=PUT_BLOCK {blockData=[blockId=conID: 3 locID: 102664013188956807 bcsId: 0,size=2097152]} | ret=SUCCESS |  
2019-08-23 02:48:41,600 | INFO  | DNAudit | user=null | ip=null | op=WRITE_CHUNK {blockData=conID: 3 locID: 102664013188956807 bcsId: 0} | ret=SUCCESS |  
2019-08-23 02:48:41,600 [grpc-default-executor-2] INFO  client.GrpcClientProtocolClient (GrpcClientProtocolClient.java:onNext(255)) - client-B268B4322F32->17750241-545b-4219-93a1-14a6ea3d85be: receive RaftClientReply:client-B268B4322F32->17750241-545b-4219-93a1-14a6ea3d85be@group-C33FBD9556F2, cid=3036, SUCCESS, logIndex=4580, commits[17750241-545b-4219-93a1-14a6ea3d85be:c4582, 4eaaa090-573e-41d3-9f8c-c99e236d806a:c4578, 5f4cf9ee-4bed-49de-adaa-861aec894328:c4577]
2019-08-23 02:48:41,600 | INFO  | DNAudit | user=null | ip=null | op=PUT_BLOCK {blockData=[blockId=conID: 3 locID: 102664013188956807 bcsId: 0,size=1048576]} | ret=SUCCESS |  
2019-08-23 02:48:41,600 [grpc-default-executor-2] INFO  client.GrpcClientProtocolClient (GrpcClientProtocolClient.java:onNext(255)) - client-B268B4322F32->17750241-545b-4219-93a1-14a6ea3d85be: receive RaftClientReply:client-B268B4322F32->17750241-545b-4219-93a1-14a6ea3d85be@group-C33FBD9556F2, cid=3037, SUCCESS, logIndex=4581, commits[17750241-545b-4219-93a1-14a6ea3d85be:c4582, 4eaaa090-573e-41d3-9f8c-c99e236d806a:c4578, 5f4cf9ee-4bed-49de-adaa-861aec894328:c4577]
2019-08-23 02:48:41,601 | INFO  | DNAudit | user=null | ip=null | op=WRITE_CHUNK {blockData=conID: 3 locID: 102664013188956807 bcsId: 0} | ret=SUCCESS |  
2019-08-23 02:48:41,601 | INFO  | DNAudit | user=null | ip=null | op=PUT_BLOCK {blockData=[blockId=conID: 3 locID: 102664013188956807 bcsId: 0,size=2097152]} | ret=SUCCESS |  
2019-08-23 02:48:41,611 | INFO  | DNAudit | user=null | ip=null | op=PUT_BLOCK {blockData=[blockId=conID: 3 locID: 102664013188956807 bcsId: 0,size=1048576]} | ret=SUCCESS |  
2019-08-23 02:48:41,611 | INFO  | DNAudit | user=null | ip=null | op=WRITE_CHUNK {blockData=conID: 3 locID: 102664013188956807 bcsId: 0} | ret=SUCCESS |  
2019-08-23 02:48:41,611 | INFO  | DNAudit | user=null | ip=null | op=PUT_BLOCK {blockData=[blockId=conID: 3 locID: 102664013188956807 bcsId: 0,size=2097152]} | ret=SUCCESS |  
2019-08-23 02:48:41,612 [grpc-default-executor-2] INFO  client.GrpcClientProtocolClient (GrpcClientProtocolClient.java:onNext(255)) - client-B268B4322F32->17750241-545b-4219-93a1-14a6ea3d85be: receive RaftClientReply:client-B268B4322F32->17750241-545b-4219-93a1-14a6ea3d85be@group-C33FBD9556F2, cid=3038, SUCCESS, logIndex=0, commits[17750241-545b-4219-93a1-14a6ea3d85be:c4583, 4eaaa090-573e-41d3-9f8c-c99e236d806a:c4579, 5f4cf9ee-4bed-49de-adaa-861aec894328:c4581]
2019-08-23 02:48:41,618 | INFO  | DNAudit | user=null | ip=null | op=WRITE_CHUNK {blockData=conID: 3 locID: 102664013188956807 bcsId: 4581} | ret=SUCCESS |  
2019-08-23 02:48:41,621 | INFO  | DNAudit | user=null | ip=null | op=WRITE_CHUNK {blockData=conID: 3 locID: 102664013188956807 bcsId: 4581} | ret=SUCCESS |  
2019-08-23 02:48:41,621 | INFO  | DNAudit | user=null | ip=null | op=WRITE_CHUNK {blockData=conID: 3 locID: 102664013188956807 bcsId: 4581} | ret=SUCCESS |  
2019-08-23 02:48:41,633 | INFO  | DNAudit | user=null | ip=null | op=WRITE_CHUNK {blockData=conID: 3 locID: 102664013188956807 bcsId: 4581} | ret=SUCCESS |  
2019-08-23 02:48:41,633 | INFO  | DNAudit | user=null | ip=null | op=PUT_BLOCK {blockData=[blockId=conID: 3 locID: 102664013188956807 bcsId: 0,size=3145728]} | ret=SUCCESS |  
2019-08-23 02:48:41,633 [grpc-default-executor-1] INFO  client.GrpcClientProtocolClient (GrpcClientProtocolClient.java:onNext(255)) - client-B268B4322F32->17750241-545b-4219-93a1-14a6ea3d85be: receive RaftClientReply:client-B268B4322F32->17750241-545b-4219-93a1-14a6ea3d85be@group-C33FBD9556F2, cid=3039, SUCCESS, logIndex=4586, commits[17750241-545b-4219-93a1-14a6ea3d85be:c4587, 4eaaa090-573e-41d3-9f8c-c99e236d806a:c4585, 5f4cf9ee-4bed-49de-adaa-861aec894328:c4585]
2019-08-23 02:48:41,634 [grpc-default-executor-1] INFO  client.GrpcClientProtocolClient (GrpcClientProtocolClient.java:onNext(255)) - client-B268B4322F32->17750241-545b-4219-93a1-14a6ea3d85be: receive RaftClientReply:client-B268B4322F32->17750241-545b-4219-93a1-14a6ea3d85be@group-C33FBD9556F2, cid=3040, SUCCESS, logIndex=4587, commits[17750241-545b-4219-93a1-14a6ea3d85be:c4587, 4eaaa090-573e-41d3-9f8c-c99e236d806a:c4585, 5f4cf9ee-4bed-49de-adaa-861aec894328:c4585]
2019-08-23 02:48:41,640 | INFO  | DNAudit | user=null | ip=null | op=WRITE_CHUNK {blockData=conID: 3 locID: 102664013188956807 bcsId: 4587} | ret=SUCCESS |  
2019-08-23 02:48:41,642 | INFO  | DNAudit | user=null | ip=null | op=WRITE_CHUNK {blockData=conID: 3 locID: 102664013188956807 bcsId: 4587} | ret=SUCCESS |  
2019-08-23 02:48:41,643 | INFO  | DNAudit | user=null | ip=null | op=WRITE_CHUNK {blockData=conID: 3 locID: 102664013188956807 bcsId: 4587} | ret=SUCCESS |  
2019-08-23 02:48:41,646 | INFO  | DNAudit | user=null | ip=null | op=WRITE_CHUNK {blockData=conID: 3 locID: 102664013188956807 bcsId: 4581} | ret=SUCCESS |  
2019-08-23 02:48:41,646 | INFO  | DNAudit | user=null | ip=null | op=WRITE_CHUNK {blockData=conID: 3 locID: 102664013188956807 bcsId: 4581} | ret=SUCCESS |  
2019-08-23 02:48:41,657 | INFO  | DNAudit | user=null | ip=null | op=PUT_BLOCK {blockData=[blockId=conID: 3 locID: 102664013188956807 bcsId: 0,size=3145728]} | ret=SUCCESS |  
2019-08-23 02:48:41,657 | INFO  | DNAudit | user=null | ip=null | op=PUT_BLOCK {blockData=[blockId=conID: 3 locID: 102664013188956807 bcsId: 0,size=3145728]} | ret=SUCCESS |  
2019-08-23 02:48:41,658 | INFO  | DNAudit | user=null | ip=null | op=WRITE_CHUNK {blockData=conID: 3 locID: 102664013188956807 bcsId: 4587} | ret=SUCCESS |  
2019-08-23 02:48:41,658 | INFO  | DNAudit | user=null | ip=null | op=PUT_BLOCK {blockData=[blockId=conID: 3 locID: 102664013188956807 bcsId: 0,size=4194304]} | ret=SUCCESS |  
2019-08-23 02:48:41,658 [grpc-default-executor-1] INFO  client.GrpcClientProtocolClient (GrpcClientProtocolClient.java:onNext(255)) - client-B268B4322F32->17750241-545b-4219-93a1-14a6ea3d85be: receive RaftClientReply:client-B268B4322F32->17750241-545b-4219-93a1-14a6ea3d85be@group-C33FBD9556F2, cid=3041, SUCCESS, logIndex=4590, commits[17750241-545b-4219-93a1-14a6ea3d85be:c4591, 4eaaa090-573e-41d3-9f8c-c99e236d806a:c4587, 5f4cf9ee-4bed-49de-adaa-861aec894328:c4587]
2019-08-23 02:48:41,659 [grpc-default-executor-1] INFO  client.GrpcClientProtocolClient (GrpcClientProtocolClient.java:onNext(255)) - client-B268B4322F32->17750241-545b-4219-93a1-14a6ea3d85be: receive RaftClientReply:client-B268B4322F32->17750241-545b-4219-93a1-14a6ea3d85be@group-C33FBD9556F2, cid=3042, SUCCESS, logIndex=4591, commits[17750241-545b-4219-93a1-14a6ea3d85be:c4591, 4eaaa090-573e-41d3-9f8c-c99e236d806a:c4587, 5f4cf9ee-4bed-49de-adaa-861aec894328:c4587]
2019-08-23 02:48:41,670 | INFO  | DNAudit | user=null | ip=null | op=WRITE_CHUNK {blockData=conID: 3 locID: 102664013188956807 bcsId: 4587} | ret=SUCCESS |  
2019-08-23 02:48:41,670 | INFO  | DNAudit | user=null | ip=null | op=WRITE_CHUNK {blockData=conID: 3 locID: 102664013188956807 bcsId: 4587} | ret=SUCCESS |  
2019-08-23 02:48:41,683 | INFO  | DNAudit | user=null | ip=null | op=PUT_BLOCK {blockData=[blockId=conID: 3 locID: 102664013188956807 bcsId: 0,size=4194304]} | ret=SUCCESS |  
2019-08-23 02:48:41,683 | INFO  | DNAudit | user=null | ip=null | op=PUT_BLOCK {blockData=[blockId=conID: 3 locID: 102664013188956807 bcsId: 0,size=4194304]} | ret=SUCCESS |  
2019-08-23 02:48:41,684 [grpc-default-executor-1] INFO  client.GrpcClientProtocolClient (GrpcClientProtocolClient.java:onNext(255)) - client-B268B4322F32->17750241-545b-4219-93a1-14a6ea3d85be: receive RaftClientReply:client-B268B4322F32->17750241-545b-4219-93a1-14a6ea3d85be@group-C33FBD9556F2, cid=3043, SUCCESS, logIndex=0, commits[17750241-545b-4219-93a1-14a6ea3d85be:c4593, 4eaaa090-573e-41d3-9f8c-c99e236d806a:c4591, 5f4cf9ee-4bed-49de-adaa-861aec894328:c4591]
2019-08-23 02:48:41,686 | INFO  | SCMAudit | user=jenkins1000 | ip=192.168.34.22 | op=ALLOCATE_BLOCK {owner=31d65bc3-3f70-45f5-bbc5-e3a15f967ba6, size=4194304, type=RATIS, factor=THREE} | ret=SUCCESS |  
2019-08-23 02:48:41,693 | INFO  | OMAudit | user=jenkins1000 | ip=127.0.0.1 | op=ALLOCATE_BLOCK {volume=vol-0-78052, bucket=bucket-0-33874, key=key-0-20719, dataSize=2147483657, replicationType=RATIS, replicationFactor=THREE, keyLocationInfo=[], clientID=102664010308846034} | ret=SUCCESS |  
2019-08-23 02:48:41,704 | INFO  | DNAudit | user=null | ip=null | op=WRITE_CHUNK {blockData=conID: 1 locID: 102664013197214344 bcsId: 0} | ret=SUCCESS |  
2019-08-23 02:48:41,707 | INFO  | DNAudit | user=null | ip=null | op=WRITE_CHUNK {blockData=conID: 1 locID: 102664013197214344 bcsId: 0} | ret=SUCCESS |  
2019-08-23 02:48:41,707 | INFO  | DNAudit | user=null | ip=null | op=WRITE_CHUNK {blockData=conID: 1 locID: 102664013197214344 bcsId: 0} | ret=SUCCESS |  
2019-08-23 02:48:41,708 | INFO  | DNAudit | user=null | ip=null | op=WRITE_CHUNK {blockData=conID: 1 locID: 102664013197214344 bcsId: 0} | ret=SUCCESS |  
2019-08-23 02:48:41,710 | INFO  | DNAudit | user=null | ip=null | op=WRITE_CHUNK {blockData=conID: 1 locID: 102664013197214344 bcsId: 0} | ret=SUCCESS |  
2019-08-23 02:48:41,710 | INFO  | DNAudit | user=null | ip=null | op=WRITE_CHUNK {blockData=conID: 1 locID: 102664013197214344 bcsId: 0} | ret=SUCCESS |  
2019-08-23 02:48:41,721 | INFO  | DNAudit | user=null | ip=null | op=WRITE_CHUNK {blockData=conID: 1 locID: 102664013197214344 bcsId: 0} | ret=SUCCESS |  
2019-08-23 02:48:41,721 | INFO  | DNAudit | user=null | ip=null | op=PUT_BLOCK {blockData=[blockId=conID: 1 locID: 102664013197214344 bcsId: 0,size=1048576]} | ret=SUCCESS |  
2019-08-23 02:48:41,722 | INFO  | DNAudit | user=null | ip=null | op=WRITE_CHUNK {blockData=conID: 1 locID: 102664013197214344 bcsId: 0} | ret=SUCCESS |  
2019-08-23 02:48:41,722 [grpc-default-executor-5] INFO  client.GrpcClientProtocolClient (GrpcClientProtocolClient.java:onNext(255)) - client-B268B4322F32->17750241-545b-4219-93a1-14a6ea3d85be: receive RaftClientReply:client-B268B4322F32->17750241-545b-4219-93a1-14a6ea3d85be@group-C33FBD9556F2, cid=3044, SUCCESS, logIndex=4594, commits[17750241-545b-4219-93a1-14a6ea3d85be:c4595, 4eaaa090-573e-41d3-9f8c-c99e236d806a:c4593, 5f4cf9ee-4bed-49de-adaa-861aec894328:c4593]
2019-08-23 02:48:41,722 | INFO  | DNAudit | user=null | ip=null | op=PUT_BLOCK {blockData=[blockId=conID: 1 locID: 102664013197214344 bcsId: 0,size=2097152]} | ret=SUCCESS |  
2019-08-23 02:48:41,722 | INFO  | DNAudit | user=null | ip=null | op=WRITE_CHUNK {blockData=conID: 1 locID: 102664013197214344 bcsId: 0} | ret=SUCCESS |  
2019-08-23 02:48:41,723 | INFO  | DNAudit | user=null | ip=null | op=PUT_BLOCK {blockData=[blockId=conID: 1 locID: 102664013197214344 bcsId: 0,size=1048576]} | ret=SUCCESS |  
2019-08-23 02:48:41,723 [grpc-default-executor-5] INFO  client.GrpcClientProtocolClient (GrpcClientProtocolClient.java:onNext(255)) - client-B268B4322F32->17750241-545b-4219-93a1-14a6ea3d85be: receive RaftClientReply:client-B268B4322F32->17750241-545b-4219-93a1-14a6ea3d85be@group-C33FBD9556F2, cid=3045, SUCCESS, logIndex=4595, commits[17750241-545b-4219-93a1-14a6ea3d85be:c4597, 4eaaa090-573e-41d3-9f8c-c99e236d806a:c4593, 5f4cf9ee-4bed-49de-adaa-861aec894328:c4593]
2019-08-23 02:48:41,723 [grpc-default-executor-5] INFO  client.GrpcClientProtocolClient (GrpcClientProtocolClient.java:onNext(255)) - client-B268B4322F32->17750241-545b-4219-93a1-14a6ea3d85be: receive RaftClientReply:client-B268B4322F32->17750241-545b-4219-93a1-14a6ea3d85be@group-C33FBD9556F2, cid=3046, SUCCESS, logIndex=4596, commits[17750241-545b-4219-93a1-14a6ea3d85be:c4597, 4eaaa090-573e-41d3-9f8c-c99e236d806a:c4593, 5f4cf9ee-4bed-49de-adaa-861aec894328:c4593]
2019-08-23 02:48:41,723 | INFO  | DNAudit | user=null | ip=null | op=WRITE_CHUNK {blockData=conID: 1 locID: 102664013197214344 bcsId: 0} | ret=SUCCESS |  
2019-08-23 02:48:41,724 | INFO  | DNAudit | user=null | ip=null | op=PUT_BLOCK {blockData=[blockId=conID: 1 locID: 102664013197214344 bcsId: 0,size=1048576]} | ret=SUCCESS |  
2019-08-23 02:48:41,724 [grpc-default-executor-2] INFO  client.GrpcClientProtocolClient (GrpcClientProtocolClient.java:onNext(255)) - client-B268B4322F32->17750241-545b-4219-93a1-14a6ea3d85be: receive RaftClientReply:client-B268B4322F32->17750241-545b-4219-93a1-14a6ea3d85be@group-C33FBD9556F2, cid=3047, SUCCESS, logIndex=4597, commits[17750241-545b-4219-93a1-14a6ea3d85be:c4597, 4eaaa090-573e-41d3-9f8c-c99e236d806a:c4593, 5f4cf9ee-4bed-49de-adaa-861aec894328:c4593]
2019-08-23 02:48:41,725 [grpc-default-executor-2] INFO  client.GrpcClientProtocolClient (GrpcClientProtocolClient.java:onNext(255)) - client-B268B4322F32->17750241-545b-4219-93a1-14a6ea3d85be: receive RaftClientReply:client-B268B4322F32->17750241-545b-4219-93a1-14a6ea3d85be@group-C33FBD9556F2, cid=3048, SUCCESS, logIndex=0, commits[17750241-545b-4219-93a1-14a6ea3d85be:c4599, 4eaaa090-573e-41d3-9f8c-c99e236d806a:c4595, 5f4cf9ee-4bed-49de-adaa-861aec894328:c4595]
2019-08-23 02:48:41,733 | INFO  | DNAudit | user=null | ip=null | op=WRITE_CHUNK {blockData=conID: 1 locID: 102664013197214344 bcsId: 4597} | ret=SUCCESS |  
2019-08-23 02:48:41,734 | INFO  | DNAudit | user=null | ip=null | op=WRITE_CHUNK {blockData=conID: 1 locID: 102664013197214344 bcsId: 0} | ret=SUCCESS |  
2019-08-23 02:48:41,734 | INFO  | DNAudit | user=null | ip=null | op=PUT_BLOCK {blockData=[blockId=conID: 1 locID: 102664013197214344 bcsId: 0,size=2097152]} | ret=SUCCESS |  
2019-08-23 02:48:41,734 | INFO  | DNAudit | user=null | ip=null | op=WRITE_CHUNK {blockData=conID: 1 locID: 102664013197214344 bcsId: 4597} | ret=SUCCESS |  
2019-08-23 02:48:41,735 | INFO  | DNAudit | user=null | ip=null | op=WRITE_CHUNK {blockData=conID: 1 locID: 102664013197214344 bcsId: 4597} | ret=SUCCESS |  
2019-08-23 02:48:41,736 | INFO  | DNAudit | user=null | ip=null | op=WRITE_CHUNK {blockData=conID: 1 locID: 102664013197214344 bcsId: 0} | ret=SUCCESS |  
2019-08-23 02:48:41,736 | INFO  | DNAudit | user=null | ip=null | op=PUT_BLOCK {blockData=[blockId=conID: 1 locID: 102664013197214344 bcsId: 0,size=2097152]} | ret=SUCCESS |  
2019-08-23 02:48:41,747 | INFO  | DNAudit | user=null | ip=null | op=WRITE_CHUNK {blockData=conID: 1 locID: 102664013197214344 bcsId: 4597} | ret=SUCCESS |  
2019-08-23 02:48:41,748 | INFO  | DNAudit | user=null | ip=null | op=PUT_BLOCK {blockData=[blockId=conID: 1 locID: 102664013197214344 bcsId: 0,size=3145728]} | ret=SUCCESS |  
2019-08-23 02:48:41,748 [grpc-default-executor-5] INFO  client.GrpcClientProtocolClient (GrpcClientProtocolClient.java:onNext(255)) - client-B268B4322F32->17750241-545b-4219-93a1-14a6ea3d85be: receive RaftClientReply:client-B268B4322F32->17750241-545b-4219-93a1-14a6ea3d85be@group-C33FBD9556F2, cid=3049, SUCCESS, logIndex=4602, commits[17750241-545b-4219-93a1-14a6ea3d85be:c4603, 4eaaa090-573e-41d3-9f8c-c99e236d806a:c4597, 5f4cf9ee-4bed-49de-adaa-861aec894328:c4599]
2019-08-23 02:48:41,749 [grpc-default-executor-5] INFO  client.GrpcClientProtocolClient (GrpcClientProtocolClient.java:onNext(255)) - client-B268B4322F32->17750241-545b-4219-93a1-14a6ea3d85be: receive RaftClientReply:client-B268B4322F32->17750241-545b-4219-93a1-14a6ea3d85be@group-C33FBD9556F2, cid=3050, SUCCESS, logIndex=4603, commits[17750241-545b-4219-93a1-14a6ea3d85be:c4603, 4eaaa090-573e-41d3-9f8c-c99e236d806a:c4599, 5f4cf9ee-4bed-49de-adaa-861aec894328:c4599]
2019-08-23 02:48:41,749 | INFO  | DNAudit | user=null | ip=null | op=WRITE_CHUNK {blockData=conID: 1 locID: 102664013197214344 bcsId: 4597} | ret=SUCCESS |  
2019-08-23 02:48:41,749 | INFO  | DNAudit | user=null | ip=null | op=PUT_BLOCK {blockData=[blockId=conID: 1 locID: 102664013197214344 bcsId: 0,size=3145728]} | ret=SUCCESS |  
2019-08-23 02:48:41,750 | INFO  | DNAudit | user=null | ip=null | op=WRITE_CHUNK {blockData=conID: 1 locID: 102664013197214344 bcsId: 4597} | ret=SUCCESS |  
2019-08-23 02:48:41,750 | INFO  | DNAudit | user=null | ip=null | op=PUT_BLOCK {blockData=[blockId=conID: 1 locID: 102664013197214344 bcsId: 0,size=3145728]} | ret=SUCCESS |  
2019-08-23 02:48:41,756 | INFO  | DNAudit | user=null | ip=null | op=WRITE_CHUNK {blockData=conID: 1 locID: 102664013197214344 bcsId: 4603} | ret=SUCCESS |  
2019-08-23 02:48:41,758 | INFO  | DNAudit | user=null | ip=null | op=WRITE_CHUNK {blockData=conID: 1 locID: 102664013197214344 bcsId: 4603} | ret=SUCCESS |  
2019-08-23 02:48:41,758 | INFO  | DNAudit | user=null | ip=null | op=WRITE_CHUNK {blockData=conID: 1 locID: 102664013197214344 bcsId: 4603} | ret=SUCCESS |  
2019-08-23 02:48:41,767 | INFO  | DNAudit | user=null | ip=null | op=WRITE_CHUNK {blockData=conID: 1 locID: 102664013197214344 bcsId: 4603} | ret=SUCCESS |  
2019-08-23 02:48:41,767 | INFO  | DNAudit | user=null | ip=null | op=PUT_BLOCK {blockData=[blockId=conID: 1 locID: 102664013197214344 bcsId: 0,size=4194304]} | ret=SUCCESS |  
2019-08-23 02:48:41,768 [grpc-default-executor-2] INFO  client.GrpcClientProtocolClient (GrpcClientProtocolClient.java:onNext(255)) - client-B268B4322F32->17750241-545b-4219-93a1-14a6ea3d85be: receive RaftClientReply:client-B268B4322F32->17750241-545b-4219-93a1-14a6ea3d85be@group-C33FBD9556F2, cid=3051, SUCCESS, logIndex=4605, commits[17750241-545b-4219-93a1-14a6ea3d85be:c4606, 4eaaa090-573e-41d3-9f8c-c99e236d806a:c4604, 5f4cf9ee-4bed-49de-adaa-861aec894328:c4604]
2019-08-23 02:48:41,768 [grpc-default-executor-2] INFO  client.GrpcClientProtocolClient (GrpcClientProtocolClient.java:onNext(255)) - client-B268B4322F32->17750241-545b-4219-93a1-14a6ea3d85be: receive RaftClientReply:client-B268B4322F32->17750241-545b-4219-93a1-14a6ea3d85be@group-C33FBD9556F2, cid=3052, SUCCESS, logIndex=4606, commits[17750241-545b-4219-93a1-14a6ea3d85be:c4606, 4eaaa090-573e-41d3-9f8c-c99e236d806a:c4604, 5f4cf9ee-4bed-49de-adaa-861aec894328:c4604]
2019-08-23 02:48:41,770 | INFO  | DNAudit | user=null | ip=null | op=WRITE_CHUNK {blockData=conID: 1 locID: 102664013197214344 bcsId: 4603} | ret=SUCCESS |  
2019-08-23 02:48:41,770 | INFO  | DNAudit | user=null | ip=null | op=WRITE_CHUNK {blockData=conID: 1 locID: 102664013197214344 bcsId: 4603} | ret=SUCCESS |  
2019-08-23 02:48:41,773 | INFO  | DNAudit | user=null | ip=null | op=PUT_BLOCK {blockData=[blockId=conID: 1 locID: 102664013197214344 bcsId: 0,size=4194304]} | ret=SUCCESS |  
2019-08-23 02:48:41,773 | INFO  | DNAudit | user=null | ip=null | op=PUT_BLOCK {blockData=[blockId=conID: 1 locID: 102664013197214344 bcsId: 0,size=4194304]} | ret=SUCCESS |  
2019-08-23 02:48:41,774 [grpc-default-executor-2] INFO  client.GrpcClientProtocolClient (GrpcClientProtocolClient.java:onNext(255)) - client-B268B4322F32->17750241-545b-4219-93a1-14a6ea3d85be: receive RaftClientReply:client-B268B4322F32->17750241-545b-4219-93a1-14a6ea3d85be@group-C33FBD9556F2, cid=3053, SUCCESS, logIndex=0, commits[17750241-545b-4219-93a1-14a6ea3d85be:c4608, 4eaaa090-573e-41d3-9f8c-c99e236d806a:c4606, 5f4cf9ee-4bed-49de-adaa-861aec894328:c4606]
2019-08-23 02:48:41,776 | INFO  | SCMAudit | user=jenkins1000 | ip=192.168.34.22 | op=ALLOCATE_BLOCK {owner=31d65bc3-3f70-45f5-bbc5-e3a15f967ba6, size=4194304, type=RATIS, factor=THREE} | ret=SUCCESS |  
2019-08-23 02:48:41,781 | INFO  | OMAudit | user=jenkins1000 | ip=127.0.0.1 | op=ALLOCATE_BLOCK {volume=vol-0-78052, bucket=bucket-0-33874, key=key-0-20719, dataSize=2147483657, replicationType=RATIS, replicationFactor=THREE, keyLocationInfo=[], clientID=102664010308846034} | ret=SUCCESS |  
2019-08-23 02:48:41,794 | INFO  | DNAudit | user=null | ip=null | op=WRITE_CHUNK {blockData=conID: 2 locID: 102664013203112585 bcsId: 0} | ret=SUCCESS |  
2019-08-23 02:48:41,795 | INFO  | DNAudit | user=null | ip=null | op=WRITE_CHUNK {blockData=conID: 2 locID: 102664013203112585 bcsId: 0} | ret=SUCCESS |  
2019-08-23 02:48:41,796 | INFO  | DNAudit | user=null | ip=null | op=WRITE_CHUNK {blockData=conID: 2 locID: 102664013203112585 bcsId: 0} | ret=SUCCESS |  
2019-08-23 02:48:41,797 | INFO  | DNAudit | user=null | ip=null | op=WRITE_CHUNK {blockData=conID: 2 locID: 102664013203112585 bcsId: 0} | ret=SUCCESS |  
2019-08-23 02:48:41,799 | INFO  | DNAudit | user=null | ip=null | op=WRITE_CHUNK {blockData=conID: 2 locID: 102664013203112585 bcsId: 0} | ret=SUCCESS |  
2019-08-23 02:48:41,800 | INFO  | DNAudit | user=null | ip=null | op=WRITE_CHUNK {blockData=conID: 2 locID: 102664013203112585 bcsId: 0} | ret=SUCCESS |  
2019-08-23 02:48:41,801 | INFO  | DNAudit | user=null | ip=null | op=WRITE_CHUNK {blockData=conID: 2 locID: 102664013203112585 bcsId: 0} | ret=SUCCESS |  
2019-08-23 02:48:41,801 | INFO  | DNAudit | user=null | ip=null | op=PUT_BLOCK {blockData=[blockId=conID: 2 locID: 102664013203112585 bcsId: 0,size=1048576]} | ret=SUCCESS |  
2019-08-23 02:48:41,801 [grpc-default-executor-5] INFO  client.GrpcClientProtocolClient (GrpcClientProtocolClient.java:onNext(255)) - client-B268B4322F32->17750241-545b-4219-93a1-14a6ea3d85be: receive RaftClientReply:client-B268B4322F32->17750241-545b-4219-93a1-14a6ea3d85be@group-C33FBD9556F2, cid=3054, SUCCESS, logIndex=4609, commits[17750241-545b-4219-93a1-14a6ea3d85be:c4610, 4eaaa090-573e-41d3-9f8c-c99e236d806a:c4608, 5f4cf9ee-4bed-49de-adaa-861aec894328:c4606]
2019-08-23 02:48:41,802 | INFO  | DNAudit | user=null | ip=null | op=WRITE_CHUNK {blockData=conID: 2 locID: 102664013203112585 bcsId: 0} | ret=SUCCESS |  
2019-08-23 02:48:41,802 | INFO  | DNAudit | user=null | ip=null | op=PUT_BLOCK {blockData=[blockId=conID: 2 locID: 102664013203112585 bcsId: 0,size=2097152]} | ret=SUCCESS |  
2019-08-23 02:48:41,802 [grpc-default-executor-5] INFO  client.GrpcClientProtocolClient (GrpcClientProtocolClient.java:onNext(255)) - client-B268B4322F32->17750241-545b-4219-93a1-14a6ea3d85be: receive RaftClientReply:client-B268B4322F32->17750241-545b-4219-93a1-14a6ea3d85be@group-C33FBD9556F2, cid=3055, SUCCESS, logIndex=4610, commits[17750241-545b-4219-93a1-14a6ea3d85be:c4611, 4eaaa090-573e-41d3-9f8c-c99e236d806a:c4608, 5f4cf9ee-4bed-49de-adaa-861aec894328:c4606]
2019-08-23 02:48:41,803 | INFO  | DNAudit | user=null | ip=null | op=WRITE_CHUNK {blockData=conID: 2 locID: 102664013203112585 bcsId: 0} | ret=SUCCESS |  
2019-08-23 02:48:41,803 | INFO  | DNAudit | user=null | ip=null | op=PUT_BLOCK {blockData=[blockId=conID: 2 locID: 102664013203112585 bcsId: 0,size=1048576]} | ret=SUCCESS |  
2019-08-23 02:48:41,803 [grpc-default-executor-2] INFO  client.GrpcClientProtocolClient (GrpcClientProtocolClient.java:onNext(255)) - client-B268B4322F32->17750241-545b-4219-93a1-14a6ea3d85be: receive RaftClientReply:client-B268B4322F32->17750241-545b-4219-93a1-14a6ea3d85be@group-C33FBD9556F2, cid=3056, SUCCESS, logIndex=4611, commits[17750241-545b-4219-93a1-14a6ea3d85be:c4612, 4eaaa090-573e-41d3-9f8c-c99e236d806a:c4608, 5f4cf9ee-4bed-49de-adaa-861aec894328:c4606]
2019-08-23 02:48:41,803 [grpc-default-executor-2] INFO  client.GrpcClientProtocolClient (GrpcClientProtocolClient.java:onNext(255)) - client-B268B4322F32->17750241-545b-4219-93a1-14a6ea3d85be: receive RaftClientReply:client-B268B4322F32->17750241-545b-4219-93a1-14a6ea3d85be@group-C33FBD9556F2, cid=3057, SUCCESS, logIndex=4612, commits[17750241-545b-4219-93a1-14a6ea3d85be:c4612, 4eaaa090-573e-41d3-9f8c-c99e236d806a:c4608, 5f4cf9ee-4bed-49de-adaa-861aec894328:c4606]
2019-08-23 02:48:41,804 | INFO  | DNAudit | user=null | ip=null | op=WRITE_CHUNK {blockData=conID: 2 locID: 102664013203112585 bcsId: 0} | ret=SUCCESS |  
2019-08-23 02:48:41,804 | INFO  | DNAudit | user=null | ip=null | op=PUT_BLOCK {blockData=[blockId=conID: 2 locID: 102664013203112585 bcsId: 0,size=1048576]} | ret=SUCCESS |  
2019-08-23 02:48:41,804 | INFO  | DNAudit | user=null | ip=null | op=WRITE_CHUNK {blockData=conID: 2 locID: 102664013203112585 bcsId: 0} | ret=SUCCESS |  
2019-08-23 02:48:41,804 | INFO  | DNAudit | user=null | ip=null | op=PUT_BLOCK {blockData=[blockId=conID: 2 locID: 102664013203112585 bcsId: 0,size=2097152]} | ret=SUCCESS |  
2019-08-23 02:48:41,805 [grpc-default-executor-2] INFO  client.GrpcClientProtocolClient (GrpcClientProtocolClient.java:onNext(255)) - client-B268B4322F32->17750241-545b-4219-93a1-14a6ea3d85be: receive RaftClientReply:client-B268B4322F32->17750241-545b-4219-93a1-14a6ea3d85be@group-C33FBD9556F2, cid=3058, SUCCESS, logIndex=0, commits[17750241-545b-4219-93a1-14a6ea3d85be:c4614, 4eaaa090-573e-41d3-9f8c-c99e236d806a:c4610, 5f4cf9ee-4bed-49de-adaa-861aec894328:c4610]
2019-08-23 02:48:41,807 | INFO  | DNAudit | user=null | ip=null | op=WRITE_CHUNK {blockData=conID: 2 locID: 102664013203112585 bcsId: 0} | ret=SUCCESS |  
2019-08-23 02:48:41,807 | INFO  | DNAudit | user=null | ip=null | op=PUT_BLOCK {blockData=[blockId=conID: 2 locID: 102664013203112585 bcsId: 0,size=2097152]} | ret=SUCCESS |  
2019-08-23 02:48:41,812 | INFO  | DNAudit | user=null | ip=null | op=WRITE_CHUNK {blockData=conID: 2 locID: 102664013203112585 bcsId: 4612} | ret=SUCCESS |  
2019-08-23 02:48:41,814 | INFO  | DNAudit | user=null | ip=null | op=WRITE_CHUNK {blockData=conID: 2 locID: 102664013203112585 bcsId: 4612} | ret=SUCCESS |  
2019-08-23 02:48:41,815 | INFO  | DNAudit | user=null | ip=null | op=WRITE_CHUNK {blockData=conID: 2 locID: 102664013203112585 bcsId: 4612} | ret=SUCCESS |  
2019-08-23 02:48:41,831 | INFO  | DNAudit | user=null | ip=null | op=WRITE_CHUNK {blockData=conID: 2 locID: 102664013203112585 bcsId: 4612} | ret=SUCCESS |  
2019-08-23 02:48:41,831 | INFO  | DNAudit | user=null | ip=null | op=PUT_BLOCK {blockData=[blockId=conID: 2 locID: 102664013203112585 bcsId: 0,size=3145728]} | ret=SUCCESS |  
2019-08-23 02:48:41,832 [grpc-default-executor-6] INFO  client.GrpcClientProtocolClient (GrpcClientProtocolClient.java:onNext(255)) - client-B268B4322F32->17750241-545b-4219-93a1-14a6ea3d85be: receive RaftClientReply:client-B268B4322F32->17750241-545b-4219-93a1-14a6ea3d85be@group-C33FBD9556F2, cid=3059, SUCCESS, logIndex=4617, commits[17750241-545b-4219-93a1-14a6ea3d85be:c4618, 4eaaa090-573e-41d3-9f8c-c99e236d806a:c4616, 5f4cf9ee-4bed-49de-adaa-861aec894328:c4616]
2019-08-23 02:48:41,832 [grpc-default-executor-6] INFO  client.GrpcClientProtocolClient (GrpcClientProtocolClient.java:onNext(255)) - client-B268B4322F32->17750241-545b-4219-93a1-14a6ea3d85be: receive RaftClientReply:client-B268B4322F32->17750241-545b-4219-93a1-14a6ea3d85be@group-C33FBD9556F2, cid=3060, SUCCESS, logIndex=4618, commits[17750241-545b-4219-93a1-14a6ea3d85be:c4618, 4eaaa090-573e-41d3-9f8c-c99e236d806a:c4616, 5f4cf9ee-4bed-49de-adaa-861aec894328:c4616]
2019-08-23 02:48:41,840 | INFO  | DNAudit | user=null | ip=null | op=WRITE_CHUNK {blockData=conID: 2 locID: 102664013203112585 bcsId: 4618} | ret=SUCCESS |  
2019-08-23 02:48:41,842 | INFO  | DNAudit | user=null | ip=null | op=WRITE_CHUNK {blockData=conID: 2 locID: 102664013203112585 bcsId: 4618} | ret=SUCCESS |  
2019-08-23 02:48:41,842 | INFO  | DNAudit | user=null | ip=null | op=WRITE_CHUNK {blockData=conID: 2 locID: 102664013203112585 bcsId: 4618} | ret=SUCCESS |  
2019-08-23 02:48:41,854 | INFO  | DNAudit | user=null | ip=null | op=WRITE_CHUNK {blockData=conID: 2 locID: 102664013203112585 bcsId: 4612} | ret=SUCCESS |  
2019-08-23 02:48:41,854 | INFO  | DNAudit | user=null | ip=null | op=WRITE_CHUNK {blockData=conID: 2 locID: 102664013203112585 bcsId: 4612} | ret=SUCCESS |  
2019-08-23 02:48:41,854 | INFO  | DNAudit | user=null | ip=null | op=PUT_BLOCK {blockData=[blockId=conID: 2 locID: 102664013203112585 bcsId: 0,size=3145728]} | ret=SUCCESS |  
2019-08-23 02:48:41,857 | INFO  | DNAudit | user=null | ip=null | op=WRITE_CHUNK {blockData=conID: 2 locID: 102664013203112585 bcsId: 4618} | ret=SUCCESS |  
2019-08-23 02:48:41,857 | INFO  | DNAudit | user=null | ip=null | op=PUT_BLOCK {blockData=[blockId=conID: 2 locID: 102664013203112585 bcsId: 0,size=3145728]} | ret=SUCCESS |  
2019-08-23 02:48:41,857 | INFO  | DNAudit | user=null | ip=null | op=PUT_BLOCK {blockData=[blockId=conID: 2 locID: 102664013203112585 bcsId: 0,size=4194304]} | ret=SUCCESS |  
2019-08-23 02:48:41,858 [grpc-default-executor-6] INFO  client.GrpcClientProtocolClient (GrpcClientProtocolClient.java:onNext(255)) - client-B268B4322F32->17750241-545b-4219-93a1-14a6ea3d85be: receive RaftClientReply:client-B268B4322F32->17750241-545b-4219-93a1-14a6ea3d85be@group-C33FBD9556F2, cid=3061, SUCCESS, logIndex=4621, commits[17750241-545b-4219-93a1-14a6ea3d85be:c4622, 4eaaa090-573e-41d3-9f8c-c99e236d806a:c4617, 5f4cf9ee-4bed-49de-adaa-861aec894328:c4618]
2019-08-23 02:48:41,858 [grpc-default-executor-6] INFO  client.GrpcClientProtocolClient (GrpcClientProtocolClient.java:onNext(255)) - client-B268B4322F32->17750241-545b-4219-93a1-14a6ea3d85be: receive RaftClientReply:client-B268B4322F32->17750241-545b-4219-93a1-14a6ea3d85be@group-C33FBD9556F2, cid=3062, SUCCESS, logIndex=4622, commits[17750241-545b-4219-93a1-14a6ea3d85be:c4622, 4eaaa090-573e-41d3-9f8c-c99e236d806a:c4618, 5f4cf9ee-4bed-49de-adaa-861aec894328:c4618]
2019-08-23 02:48:41,868 | INFO  | DNAudit | user=null | ip=null | op=WRITE_CHUNK {blockData=conID: 2 locID: 102664013203112585 bcsId: 4618} | ret=SUCCESS |  
2019-08-23 02:48:41,868 | INFO  | DNAudit | user=null | ip=null | op=WRITE_CHUNK {blockData=conID: 2 locID: 102664013203112585 bcsId: 4618} | ret=SUCCESS |  
2019-08-23 02:48:41,869 | INFO  | DNAudit | user=null | ip=null | op=PUT_BLOCK {blockData=[blockId=conID: 2 locID: 102664013203112585 bcsId: 0,size=4194304]} | ret=SUCCESS |  
2019-08-23 02:48:41,869 | INFO  | DNAudit | user=null | ip=null | op=PUT_BLOCK {blockData=[blockId=conID: 2 locID: 102664013203112585 bcsId: 0,size=4194304]} | ret=SUCCESS |  
2019-08-23 02:48:41,869 [grpc-default-executor-6] INFO  client.GrpcClientProtocolClient (GrpcClientProtocolClient.java:onNext(255)) - client-B268B4322F32->17750241-545b-4219-93a1-14a6ea3d85be: receive RaftClientReply:client-B268B4322F32->17750241-545b-4219-93a1-14a6ea3d85be@group-C33FBD9556F2, cid=3063, SUCCESS, logIndex=0, commits[17750241-545b-4219-93a1-14a6ea3d85be:c4623, 4eaaa090-573e-41d3-9f8c-c99e236d806a:c4622, 5f4cf9ee-4bed-49de-adaa-861aec894328:c4622]
2019-08-23 02:48:41,871 | INFO  | SCMAudit | user=jenkins1000 | ip=192.168.34.22 | op=ALLOCATE_BLOCK {owner=31d65bc3-3f70-45f5-bbc5-e3a15f967ba6, size=4194304, type=RATIS, factor=THREE} | ret=SUCCESS |  
2019-08-23 02:48:41,878 | INFO  | OMAudit | user=jenkins1000 | ip=127.0.0.1 | op=ALLOCATE_BLOCK {volume=vol-0-78052, bucket=bucket-0-33874, key=key-0-20719, dataSize=2147483657, replicationType=RATIS, replicationFactor=THREE, keyLocationInfo=[], clientID=102664010308846034} | ret=SUCCESS |  
2019-08-23 02:48:41,892 | INFO  | DNAudit | user=null | ip=null | op=WRITE_CHUNK {blockData=conID: 3 locID: 102664013209338506 bcsId: 0} | ret=SUCCESS |  
2019-08-23 02:48:41,895 | INFO  | DNAudit | user=null | ip=null | op=WRITE_CHUNK {blockData=conID: 3 locID: 102664013209338506 bcsId: 0} | ret=SUCCESS |  
2019-08-23 02:48:41,896 | INFO  | DNAudit | user=null | ip=null | op=WRITE_CHUNK {blockData=conID: 3 locID: 102664013209338506 bcsId: 0} | ret=SUCCESS |  
2019-08-23 02:48:41,896 | INFO  | DNAudit | user=null | ip=null | op=WRITE_CHUNK {blockData=conID: 3 locID: 102664013209338506 bcsId: 0} | ret=SUCCESS |  
2019-08-23 02:48:41,899 | INFO  | DNAudit | user=null | ip=null | op=WRITE_CHUNK {blockData=conID: 3 locID: 102664013209338506 bcsId: 0} | ret=SUCCESS |  
2019-08-23 02:48:41,899 | INFO  | DNAudit | user=null | ip=null | op=WRITE_CHUNK {blockData=conID: 3 locID: 102664013209338506 bcsId: 0} | ret=SUCCESS |  
2019-08-23 02:48:41,906 | INFO  | DNAudit | user=null | ip=null | op=WRITE_CHUNK {blockData=conID: 3 locID: 102664013209338506 bcsId: 0} | ret=SUCCESS |  
2019-08-23 02:48:41,907 | INFO  | DNAudit | user=null | ip=null | op=PUT_BLOCK {blockData=[blockId=conID: 3 locID: 102664013209338506 bcsId: 0,size=1048576]} | ret=SUCCESS |  
2019-08-23 02:48:41,907 [grpc-default-executor-5] INFO  client.GrpcClientProtocolClient (GrpcClientProtocolClient.java:onNext(255)) - client-B268B4322F32->17750241-545b-4219-93a1-14a6ea3d85be: receive RaftClientReply:client-B268B4322F32->17750241-545b-4219-93a1-14a6ea3d85be@group-C33FBD9556F2, cid=3064, SUCCESS, logIndex=4624, commits[17750241-545b-4219-93a1-14a6ea3d85be:c4625, 4eaaa090-573e-41d3-9f8c-c99e236d806a:c4623, 5f4cf9ee-4bed-49de-adaa-861aec894328:c4623]
2019-08-23 02:48:41,908 [grpc-default-executor-5] INFO  client.GrpcClientProtocolClient (GrpcClientProtocolClient.java:onNext(255)) - client-B268B4322F32->17750241-545b-4219-93a1-14a6ea3d85be: receive RaftClientReply:client-B268B4322F32->17750241-545b-4219-93a1-14a6ea3d85be@group-C33FBD9556F2, cid=3065, SUCCESS, logIndex=4625, commits[17750241-545b-4219-93a1-14a6ea3d85be:c4625, 4eaaa090-573e-41d3-9f8c-c99e236d806a:c4623, 5f4cf9ee-4bed-49de-adaa-861aec894328:c4623]
2019-08-23 02:48:41,919 | INFO  | DNAudit | user=null | ip=null | op=WRITE_CHUNK {blockData=conID: 3 locID: 102664013209338506 bcsId: 0} | ret=SUCCESS |  
2019-08-23 02:48:41,919 | INFO  | DNAudit | user=null | ip=null | op=PUT_BLOCK {blockData=[blockId=conID: 3 locID: 102664013209338506 bcsId: 0,size=2097152]} | ret=SUCCESS |  
2019-08-23 02:48:41,919 [grpc-default-executor-2] INFO  client.GrpcClientProtocolClient (GrpcClientProtocolClient.java:onNext(255)) - client-B268B4322F32->17750241-545b-4219-93a1-14a6ea3d85be: receive RaftClientReply:client-B268B4322F32->17750241-545b-4219-93a1-14a6ea3d85be@group-C33FBD9556F2, cid=3066, SUCCESS, logIndex=4626, commits[17750241-545b-4219-93a1-14a6ea3d85be:c4627, 4eaaa090-573e-41d3-9f8c-c99e236d806a:c4623, 5f4cf9ee-4bed-49de-adaa-861aec894328:c4623]
2019-08-23 02:48:41,920 [grpc-default-executor-2] INFO  client.GrpcClientProtocolClient (GrpcClientProtocolClient.java:onNext(255)) - client-B268B4322F32->17750241-545b-4219-93a1-14a6ea3d85be: receive RaftClientReply:client-B268B4322F32->17750241-545b-4219-93a1-14a6ea3d85be@group-C33FBD9556F2, cid=3067, SUCCESS, logIndex=4627, commits[17750241-545b-4219-93a1-14a6ea3d85be:c4627, 4eaaa090-573e-41d3-9f8c-c99e236d806a:c4623, 5f4cf9ee-4bed-49de-adaa-861aec894328:c4623]
2019-08-23 02:48:41,931 | INFO  | DNAudit | user=null | ip=null | op=WRITE_CHUNK {blockData=conID: 3 locID: 102664013209338506 bcsId: 0} | ret=SUCCESS |  
2019-08-23 02:48:41,931 | INFO  | DNAudit | user=null | ip=null | op=PUT_BLOCK {blockData=[blockId=conID: 3 locID: 102664013209338506 bcsId: 0,size=1048576]} | ret=SUCCESS |  
2019-08-23 02:48:41,931 | INFO  | DNAudit | user=null | ip=null | op=WRITE_CHUNK {blockData=conID: 3 locID: 102664013209338506 bcsId: 0} | ret=SUCCESS |  
2019-08-23 02:48:41,931 | INFO  | DNAudit | user=null | ip=null | op=PUT_BLOCK {blockData=[blockId=conID: 3 locID: 102664013209338506 bcsId: 0,size=1048576]} | ret=SUCCESS |  
2019-08-23 02:48:41,932 [grpc-default-executor-2] INFO  client.GrpcClientProtocolClient (GrpcClientProtocolClient.java:onNext(255)) - client-B268B4322F32->17750241-545b-4219-93a1-14a6ea3d85be: receive RaftClientReply:client-B268B4322F32->17750241-545b-4219-93a1-14a6ea3d85be@group-C33FBD9556F2, cid=3068, SUCCESS, logIndex=0, commits[17750241-545b-4219-93a1-14a6ea3d85be:c4629, 4eaaa090-573e-41d3-9f8c-c99e236d806a:c4625, 5f4cf9ee-4bed-49de-adaa-861aec894328:c4625]
2019-08-23 02:48:41,940 | INFO  | DNAudit | user=null | ip=null | op=WRITE_CHUNK {blockData=conID: 3 locID: 102664013209338506 bcsId: 4627} | ret=SUCCESS |  
2019-08-23 02:48:41,943 | INFO  | DNAudit | user=null | ip=null | op=WRITE_CHUNK {blockData=conID: 3 locID: 102664013209338506 bcsId: 4627} | ret=SUCCESS |  
2019-08-23 02:48:41,943 | INFO  | DNAudit | user=null | ip=null | op=WRITE_CHUNK {blockData=conID: 3 locID: 102664013209338506 bcsId: 4627} | ret=SUCCESS |  
2019-08-23 02:48:41,944 | INFO  | DNAudit | user=null | ip=null | op=WRITE_CHUNK {blockData=conID: 3 locID: 102664013209338506 bcsId: 0} | ret=SUCCESS |  
2019-08-23 02:48:41,944 | INFO  | DNAudit | user=null | ip=null | op=WRITE_CHUNK {blockData=conID: 3 locID: 102664013209338506 bcsId: 0} | ret=SUCCESS |  
2019-08-23 02:48:41,944 | INFO  | DNAudit | user=null | ip=null | op=PUT_BLOCK {blockData=[blockId=conID: 3 locID: 102664013209338506 bcsId: 0,size=2097152]} | ret=SUCCESS |  
2019-08-23 02:48:41,944 | INFO  | DNAudit | user=null | ip=null | op=PUT_BLOCK {blockData=[blockId=conID: 3 locID: 102664013209338506 bcsId: 0,size=2097152]} | ret=SUCCESS |  
2019-08-23 02:48:41,957 | INFO  | DNAudit | user=null | ip=null | op=WRITE_CHUNK {blockData=conID: 3 locID: 102664013209338506 bcsId: 4627} | ret=SUCCESS |  
2019-08-23 02:48:41,957 | INFO  | DNAudit | user=null | ip=null | op=PUT_BLOCK {blockData=[blockId=conID: 3 locID: 102664013209338506 bcsId: 0,size=3145728]} | ret=SUCCESS |  
2019-08-23 02:48:41,958 [grpc-default-executor-5] INFO  client.GrpcClientProtocolClient (GrpcClientProtocolClient.java:onNext(255)) - client-B268B4322F32->17750241-545b-4219-93a1-14a6ea3d85be: receive RaftClientReply:client-B268B4322F32->17750241-545b-4219-93a1-14a6ea3d85be@group-C33FBD9556F2, cid=3069, SUCCESS, logIndex=4632, commits[17750241-545b-4219-93a1-14a6ea3d85be:c4633, 4eaaa090-573e-41d3-9f8c-c99e236d806a:c4629, 5f4cf9ee-4bed-49de-adaa-861aec894328:c4629]
2019-08-23 02:48:41,958 [grpc-default-executor-5] INFO  client.GrpcClientProtocolClient (GrpcClientProtocolClient.java:onNext(255)) - client-B268B4322F32->17750241-545b-4219-93a1-14a6ea3d85be: receive RaftClientReply:client-B268B4322F32->17750241-545b-4219-93a1-14a6ea3d85be@group-C33FBD9556F2, cid=3070, SUCCESS, logIndex=4633, commits[17750241-545b-4219-93a1-14a6ea3d85be:c4633, 4eaaa090-573e-41d3-9f8c-c99e236d806a:c4629, 5f4cf9ee-4bed-49de-adaa-861aec894328:c4629]
2019-08-23 02:48:41,966 | INFO  | DNAudit | user=null | ip=null | op=WRITE_CHUNK {blockData=conID: 3 locID: 102664013209338506 bcsId: 4633} | ret=SUCCESS |  
2019-08-23 02:48:41,969 | INFO  | DNAudit | user=null | ip=null | op=WRITE_CHUNK {blockData=conID: 3 locID: 102664013209338506 bcsId: 4633} | ret=SUCCESS |  
2019-08-23 02:48:41,969 | INFO  | DNAudit | user=null | ip=null | op=WRITE_CHUNK {blockData=conID: 3 locID: 102664013209338506 bcsId: 4633} | ret=SUCCESS |  
2019-08-23 02:48:41,970 | INFO  | DNAudit | user=null | ip=null | op=WRITE_CHUNK {blockData=conID: 3 locID: 102664013209338506 bcsId: 4627} | ret=SUCCESS |  
2019-08-23 02:48:41,970 | INFO  | DNAudit | user=null | ip=null | op=WRITE_CHUNK {blockData=conID: 3 locID: 102664013209338506 bcsId: 4627} | ret=SUCCESS |  
2019-08-23 02:48:41,970 | INFO  | DNAudit | user=null | ip=null | op=PUT_BLOCK {blockData=[blockId=conID: 3 locID: 102664013209338506 bcsId: 0,size=3145728]} | ret=SUCCESS |  
2019-08-23 02:48:41,970 | INFO  | DNAudit | user=null | ip=null | op=PUT_BLOCK {blockData=[blockId=conID: 3 locID: 102664013209338506 bcsId: 0,size=3145728]} | ret=SUCCESS |  
2019-08-23 02:48:41,983 | INFO  | DNAudit | user=null | ip=null | op=WRITE_CHUNK {blockData=conID: 3 locID: 102664013209338506 bcsId: 4633} | ret=SUCCESS |  
2019-08-23 02:48:41,984 | INFO  | DNAudit | user=null | ip=null | op=PUT_BLOCK {blockData=[blockId=conID: 3 locID: 102664013209338506 bcsId: 0,size=4194304]} | ret=SUCCESS |  
2019-08-23 02:48:41,984 [grpc-default-executor-5] INFO  client.GrpcClientProtocolClient (GrpcClientProtocolClient.java:onNext(255)) - client-B268B4322F32->17750241-545b-4219-93a1-14a6ea3d85be: receive RaftClientReply:client-B268B4322F32->17750241-545b-4219-93a1-14a6ea3d85be@group-C33FBD9556F2, cid=3071, SUCCESS, logIndex=4636, commits[17750241-545b-4219-93a1-14a6ea3d85be:c4637, 4eaaa090-573e-41d3-9f8c-c99e236d806a:c4633, 5f4cf9ee-4bed-49de-adaa-861aec894328:c4633]
2019-08-23 02:48:41,984 [grpc-default-executor-5] INFO  client.GrpcClientProtocolClient (GrpcClientProtocolClient.java:onNext(255)) - client-B268B4322F32->17750241-545b-4219-93a1-14a6ea3d85be: receive RaftClientReply:client-B268B4322F32->17750241-545b-4219-93a1-14a6ea3d85be@group-C33FBD9556F2, cid=3072, SUCCESS, logIndex=4637, commits[17750241-545b-4219-93a1-14a6ea3d85be:c4637, 4eaaa090-573e-41d3-9f8c-c99e236d806a:c4633, 5f4cf9ee-4bed-49de-adaa-861aec894328:c4633]
2019-08-23 02:48:42,002 | INFO  | DNAudit | user=null | ip=null | op=WRITE_CHUNK {blockData=conID: 3 locID: 102664013209338506 bcsId: 4633} | ret=SUCCESS |  
2019-08-23 02:48:42,003 | INFO  | DNAudit | user=null | ip=null | op=WRITE_CHUNK {blockData=conID: 3 locID: 102664013209338506 bcsId: 4633} | ret=SUCCESS |  
2019-08-23 02:48:42,003 | INFO  | DNAudit | user=null | ip=null | op=PUT_BLOCK {blockData=[blockId=conID: 3 locID: 102664013209338506 bcsId: 0,size=4194304]} | ret=SUCCESS |  
2019-08-23 02:48:42,005 | INFO  | DNAudit | user=null | ip=null | op=PUT_BLOCK {blockData=[blockId=conID: 3 locID: 102664013209338506 bcsId: 0,size=4194304]} | ret=SUCCESS |  
2019-08-23 02:48:42,005 [grpc-default-executor-5] INFO  client.GrpcClientProtocolClient (GrpcClientProtocolClient.java:onNext(255)) - client-B268B4322F32->17750241-545b-4219-93a1-14a6ea3d85be: receive RaftClientReply:client-B268B4322F32->17750241-545b-4219-93a1-14a6ea3d85be@group-C33FBD9556F2, cid=3073, SUCCESS, logIndex=0, commits[17750241-545b-4219-93a1-14a6ea3d85be:c4638, 4eaaa090-573e-41d3-9f8c-c99e236d806a:c4637, 5f4cf9ee-4bed-49de-adaa-861aec894328:c4637]
2019-08-23 02:48:42,008 | INFO  | SCMAudit | user=jenkins1000 | ip=192.168.34.22 | op=ALLOCATE_BLOCK {owner=31d65bc3-3f70-45f5-bbc5-e3a15f967ba6, size=4194304, type=RATIS, factor=THREE} | ret=SUCCESS |  
2019-08-23 02:48:42,012 | INFO  | OMAudit | user=jenkins1000 | ip=127.0.0.1 | op=ALLOCATE_BLOCK {volume=vol-0-78052, bucket=bucket-0-33874, key=key-0-20719, dataSize=2147483657, replicationType=RATIS, replicationFactor=THREE, keyLocationInfo=[], clientID=102664010308846034} | ret=SUCCESS |  
2019-08-23 02:48:42,026 | INFO  | DNAudit | user=null | ip=null | op=WRITE_CHUNK {blockData=conID: 1 locID: 102664013218251403 bcsId: 0} | ret=SUCCESS |  
2019-08-23 02:48:42,029 | INFO  | DNAudit | user=null | ip=null | op=WRITE_CHUNK {blockData=conID: 1 locID: 102664013218251403 bcsId: 0} | ret=SUCCESS |  
2019-08-23 02:48:42,029 | INFO  | DNAudit | user=null | ip=null | op=WRITE_CHUNK {blockData=conID: 1 locID: 102664013218251403 bcsId: 0} | ret=SUCCESS |  
2019-08-23 02:48:42,029 | INFO  | DNAudit | user=null | ip=null | op=WRITE_CHUNK {blockData=conID: 1 locID: 102664013218251403 bcsId: 0} | ret=SUCCESS |  
2019-08-23 02:48:42,032 | INFO  | DNAudit | user=null | ip=null | op=WRITE_CHUNK {blockData=conID: 1 locID: 102664013218251403 bcsId: 0} | ret=SUCCESS |  
2019-08-23 02:48:42,032 | INFO  | DNAudit | user=null | ip=null | op=WRITE_CHUNK {blockData=conID: 1 locID: 102664013218251403 bcsId: 0} | ret=SUCCESS |  
2019-08-23 02:48:42,040 | INFO  | DNAudit | user=null | ip=null | op=WRITE_CHUNK {blockData=conID: 1 locID: 102664013218251403 bcsId: 0} | ret=SUCCESS |  
2019-08-23 02:48:42,040 | INFO  | DNAudit | user=null | ip=null | op=PUT_BLOCK {blockData=[blockId=conID: 1 locID: 102664013218251403 bcsId: 0,size=1048576]} | ret=SUCCESS |  
2019-08-23 02:48:42,041 [grpc-default-executor-2] INFO  client.GrpcClientProtocolClient (GrpcClientProtocolClient.java:onNext(255)) - client-B268B4322F32->17750241-545b-4219-93a1-14a6ea3d85be: receive RaftClientReply:client-B268B4322F32->17750241-545b-4219-93a1-14a6ea3d85be@group-C33FBD9556F2, cid=3074, SUCCESS, logIndex=4640, commits[17750241-545b-4219-93a1-14a6ea3d85be:c4641, 4eaaa090-573e-41d3-9f8c-c99e236d806a:c4639, 5f4cf9ee-4bed-49de-adaa-861aec894328:c4639]
2019-08-23 02:48:42,041 [grpc-default-executor-2] INFO  client.GrpcClientProtocolClient (GrpcClientProtocolClient.java:onNext(255)) - client-B268B4322F32->17750241-545b-4219-93a1-14a6ea3d85be: receive RaftClientReply:client-B268B4322F32->17750241-545b-4219-93a1-14a6ea3d85be@group-C33FBD9556F2, cid=3075, SUCCESS, logIndex=4641, commits[17750241-545b-4219-93a1-14a6ea3d85be:c4641, 4eaaa090-573e-41d3-9f8c-c99e236d806a:c4639, 5f4cf9ee-4bed-49de-adaa-861aec894328:c4639]
2019-08-23 02:48:42,043 | INFO  | DNAudit | user=null | ip=null | op=WRITE_CHUNK {blockData=conID: 1 locID: 102664013218251403 bcsId: 0} | ret=SUCCESS |  
2019-08-23 02:48:42,043 | INFO  | DNAudit | user=null | ip=null | op=PUT_BLOCK {blockData=[blockId=conID: 1 locID: 102664013218251403 bcsId: 0,size=2097152]} | ret=SUCCESS |  
2019-08-23 02:48:42,043 [grpc-default-executor-5] INFO  client.GrpcClientProtocolClient (GrpcClientProtocolClient.java:onNext(255)) - client-B268B4322F32->17750241-545b-4219-93a1-14a6ea3d85be: receive RaftClientReply:client-B268B4322F32->17750241-545b-4219-93a1-14a6ea3d85be@group-C33FBD9556F2, cid=3076, SUCCESS, logIndex=4642, commits[17750241-545b-4219-93a1-14a6ea3d85be:c4643, 4eaaa090-573e-41d3-9f8c-c99e236d806a:c4639, 5f4cf9ee-4bed-49de-adaa-861aec894328:c4639]
2019-08-23 02:48:42,044 [grpc-default-executor-5] INFO  client.GrpcClientProtocolClient (GrpcClientProtocolClient.java:onNext(255)) - client-B268B4322F32->17750241-545b-4219-93a1-14a6ea3d85be: receive RaftClientReply:client-B268B4322F32->17750241-545b-4219-93a1-14a6ea3d85be@group-C33FBD9556F2, cid=3077, SUCCESS, logIndex=4643, commits[17750241-545b-4219-93a1-14a6ea3d85be:c4643, 4eaaa090-573e-41d3-9f8c-c99e236d806a:c4639, 5f4cf9ee-4bed-49de-adaa-861aec894328:c4639]
2019-08-23 02:48:42,046 | INFO  | DNAudit | user=null | ip=null | op=WRITE_CHUNK {blockData=conID: 1 locID: 102664013218251403 bcsId: 0} | ret=SUCCESS |  
2019-08-23 02:48:42,046 | INFO  | DNAudit | user=null | ip=null | op=WRITE_CHUNK {blockData=conID: 1 locID: 102664013218251403 bcsId: 0} | ret=SUCCESS |  
2019-08-23 02:48:42,046 | INFO  | DNAudit | user=null | ip=null | op=PUT_BLOCK {blockData=[blockId=conID: 1 locID: 102664013218251403 bcsId: 0,size=1048576]} | ret=SUCCESS |  
2019-08-23 02:48:42,046 | INFO  | DNAudit | user=null | ip=null | op=PUT_BLOCK {blockData=[blockId=conID: 1 locID: 102664013218251403 bcsId: 0,size=1048576]} | ret=SUCCESS |  
2019-08-23 02:48:42,047 [grpc-default-executor-5] INFO  client.GrpcClientProtocolClient (GrpcClientProtocolClient.java:onNext(255)) - client-B268B4322F32->17750241-545b-4219-93a1-14a6ea3d85be: receive RaftClientReply:client-B268B4322F32->17750241-545b-4219-93a1-14a6ea3d85be@group-C33FBD9556F2, cid=3078, SUCCESS, logIndex=0, commits[17750241-545b-4219-93a1-14a6ea3d85be:c4645, 4eaaa090-573e-41d3-9f8c-c99e236d806a:c4641, 5f4cf9ee-4bed-49de-adaa-861aec894328:c4641]
2019-08-23 02:48:42,054 | INFO  | DNAudit | user=null | ip=null | op=WRITE_CHUNK {blockData=conID: 1 locID: 102664013218251403 bcsId: 4643} | ret=SUCCESS |  
2019-08-23 02:48:42,057 | INFO  | DNAudit | user=null | ip=null | op=WRITE_CHUNK {blockData=conID: 1 locID: 102664013218251403 bcsId: 4643} | ret=SUCCESS |  
2019-08-23 02:48:42,057 | INFO  | DNAudit | user=null | ip=null | op=WRITE_CHUNK {blockData=conID: 1 locID: 102664013218251403 bcsId: 4643} | ret=SUCCESS |  
2019-08-23 02:48:42,064 | INFO  | DNAudit | user=null | ip=null | op=WRITE_CHUNK {blockData=conID: 1 locID: 102664013218251403 bcsId: 0} | ret=SUCCESS |  
2019-08-23 02:48:42,064 | INFO  | DNAudit | user=null | ip=null | op=WRITE_CHUNK {blockData=conID: 1 locID: 102664013218251403 bcsId: 0} | ret=SUCCESS |  
2019-08-23 02:48:42,064 | INFO  | DNAudit | user=null | ip=null | op=PUT_BLOCK {blockData=[blockId=conID: 1 locID: 102664013218251403 bcsId: 0,size=2097152]} | ret=SUCCESS |  
2019-08-23 02:48:42,065 | INFO  | DNAudit | user=null | ip=null | op=PUT_BLOCK {blockData=[blockId=conID: 1 locID: 102664013218251403 bcsId: 0,size=2097152]} | ret=SUCCESS |  
2019-08-23 02:48:42,066 | INFO  | DNAudit | user=null | ip=null | op=WRITE_CHUNK {blockData=conID: 1 locID: 102664013218251403 bcsId: 4643} | ret=SUCCESS |  
2019-08-23 02:48:42,066 | INFO  | DNAudit | user=null | ip=null | op=PUT_BLOCK {blockData=[blockId=conID: 1 locID: 102664013218251403 bcsId: 0,size=3145728]} | ret=SUCCESS |  
2019-08-23 02:48:42,067 [grpc-default-executor-5] INFO  client.GrpcClientProtocolClient (GrpcClientProtocolClient.java:onNext(255)) - client-B268B4322F32->17750241-545b-4219-93a1-14a6ea3d85be: receive RaftClientReply:client-B268B4322F32->17750241-545b-4219-93a1-14a6ea3d85be@group-C33FBD9556F2, cid=3079, SUCCESS, logIndex=4648, commits[17750241-545b-4219-93a1-14a6ea3d85be:c4649, 4eaaa090-573e-41d3-9f8c-c99e236d806a:c4645, 5f4cf9ee-4bed-49de-adaa-861aec894328:c4643]
2019-08-23 02:48:42,067 [grpc-default-executor-5] INFO  client.GrpcClientProtocolClient (GrpcClientProtocolClient.java:onNext(255)) - client-B268B4322F32->17750241-545b-4219-93a1-14a6ea3d85be: receive RaftClientReply:client-B268B4322F32->17750241-545b-4219-93a1-14a6ea3d85be@group-C33FBD9556F2, cid=3080, SUCCESS, logIndex=4649, commits[17750241-545b-4219-93a1-14a6ea3d85be:c4649, 4eaaa090-573e-41d3-9f8c-c99e236d806a:c4645, 5f4cf9ee-4bed-49de-adaa-861aec894328:c4645]
2019-08-23 02:48:42,067 | INFO  | DNAudit | user=null | ip=null | op=WRITE_CHUNK {blockData=conID: 1 locID: 102664013218251403 bcsId: 4643} | ret=SUCCESS |  
2019-08-23 02:48:42,068 | INFO  | DNAudit | user=null | ip=null | op=WRITE_CHUNK {blockData=conID: 1 locID: 102664013218251403 bcsId: 4643} | ret=SUCCESS |  
2019-08-23 02:48:42,068 | INFO  | DNAudit | user=null | ip=null | op=PUT_BLOCK {blockData=[blockId=conID: 1 locID: 102664013218251403 bcsId: 0,size=3145728]} | ret=SUCCESS |  
2019-08-23 02:48:42,068 | INFO  | DNAudit | user=null | ip=null | op=PUT_BLOCK {blockData=[blockId=conID: 1 locID: 102664013218251403 bcsId: 0,size=3145728]} | ret=SUCCESS |  
2019-08-23 02:48:42,074 | INFO  | DNAudit | user=null | ip=null | op=WRITE_CHUNK {blockData=conID: 1 locID: 102664013218251403 bcsId: 4649} | ret=SUCCESS |  
2019-08-23 02:48:42,076 | INFO  | DNAudit | user=null | ip=null | op=WRITE_CHUNK {blockData=conID: 1 locID: 102664013218251403 bcsId: 4649} | ret=SUCCESS |  
2019-08-23 02:48:42,076 | INFO  | DNAudit | user=null | ip=null | op=WRITE_CHUNK {blockData=conID: 1 locID: 102664013218251403 bcsId: 4649} | ret=SUCCESS |  
2019-08-23 02:48:42,100 | INFO  | DNAudit | user=null | ip=null | op=WRITE_CHUNK {blockData=conID: 1 locID: 102664013218251403 bcsId: 4649} | ret=SUCCESS |  
2019-08-23 02:48:42,100 | INFO  | DNAudit | user=null | ip=null | op=PUT_BLOCK {blockData=[blockId=conID: 1 locID: 102664013218251403 bcsId: 0,size=4194304]} | ret=SUCCESS |  
2019-08-23 02:48:42,100 [grpc-default-executor-2] INFO  client.GrpcClientProtocolClient (GrpcClientProtocolClient.java:onNext(255)) - client-B268B4322F32->17750241-545b-4219-93a1-14a6ea3d85be: receive RaftClientReply:client-B268B4322F32->17750241-545b-4219-93a1-14a6ea3d85be@group-C33FBD9556F2, cid=3081, SUCCESS, logIndex=4652, commits[17750241-545b-4219-93a1-14a6ea3d85be:c4653, 4eaaa090-573e-41d3-9f8c-c99e236d806a:c4651, 5f4cf9ee-4bed-49de-adaa-861aec894328:c4651]
2019-08-23 02:48:42,101 [grpc-default-executor-2] INFO  client.GrpcClientProtocolClient (GrpcClientProtocolClient.java:onNext(255)) - client-B268B4322F32->17750241-545b-4219-93a1-14a6ea3d85be: receive RaftClientReply:client-B268B4322F32->17750241-545b-4219-93a1-14a6ea3d85be@group-C33FBD9556F2, cid=3082, SUCCESS, logIndex=4653, commits[17750241-545b-4219-93a1-14a6ea3d85be:c4653, 4eaaa090-573e-41d3-9f8c-c99e236d806a:c4651, 5f4cf9ee-4bed-49de-adaa-861aec894328:c4651]
2019-08-23 02:48:42,111 | INFO  | DNAudit | user=null | ip=null | op=WRITE_CHUNK {blockData=conID: 1 locID: 102664013218251403 bcsId: 4649} | ret=SUCCESS |  
2019-08-23 02:48:42,111 | INFO  | DNAudit | user=null | ip=null | op=WRITE_CHUNK {blockData=conID: 1 locID: 102664013218251403 bcsId: 4649} | ret=SUCCESS |  
2019-08-23 02:48:42,112 | INFO  | DNAudit | user=null | ip=null | op=PUT_BLOCK {blockData=[blockId=conID: 1 locID: 102664013218251403 bcsId: 0,size=4194304]} | ret=SUCCESS |  
2019-08-23 02:48:42,117 | INFO  | DNAudit | user=null | ip=null | op=PUT_BLOCK {blockData=[blockId=conID: 1 locID: 102664013218251403 bcsId: 0,size=4194304]} | ret=SUCCESS |  
2019-08-23 02:48:42,117 [grpc-default-executor-2] INFO  client.GrpcClientProtocolClient (GrpcClientProtocolClient.java:onNext(255)) - client-B268B4322F32->17750241-545b-4219-93a1-14a6ea3d85be: receive RaftClientReply:client-B268B4322F32->17750241-545b-4219-93a1-14a6ea3d85be@group-C33FBD9556F2, cid=3083, SUCCESS, logIndex=0, commits[17750241-545b-4219-93a1-14a6ea3d85be:c4654, 4eaaa090-573e-41d3-9f8c-c99e236d806a:c4653, 5f4cf9ee-4bed-49de-adaa-861aec894328:c4653]
2019-08-23 02:48:42,119 | INFO  | SCMAudit | user=jenkins1000 | ip=192.168.34.22 | op=ALLOCATE_BLOCK {owner=31d65bc3-3f70-45f5-bbc5-e3a15f967ba6, size=4194304, type=RATIS, factor=THREE} | ret=SUCCESS |  
2019-08-23 02:48:42,126 | INFO  | OMAudit | user=jenkins1000 | ip=127.0.0.1 | op=ALLOCATE_BLOCK {volume=vol-0-78052, bucket=bucket-0-33874, key=key-0-20719, dataSize=2147483657, replicationType=RATIS, replicationFactor=THREE, keyLocationInfo=[], clientID=102664010308846034} | ret=SUCCESS |  
2019-08-23 02:48:42,140 | INFO  | DNAudit | user=null | ip=null | op=WRITE_CHUNK {blockData=conID: 2 locID: 102664013225591436 bcsId: 0} | ret=SUCCESS |  
2019-08-23 02:48:42,143 | INFO  | DNAudit | user=null | ip=null | op=WRITE_CHUNK {blockData=conID: 2 locID: 102664013225591436 bcsId: 0} | ret=SUCCESS |  
2019-08-23 02:48:42,144 | INFO  | DNAudit | user=null | ip=null | op=WRITE_CHUNK {blockData=conID: 2 locID: 102664013225591436 bcsId: 0} | ret=SUCCESS |  
2019-08-23 02:48:42,144 | INFO  | DNAudit | user=null | ip=null | op=WRITE_CHUNK {blockData=conID: 2 locID: 102664013225591436 bcsId: 0} | ret=SUCCESS |  
2019-08-23 02:48:42,146 | INFO  | DNAudit | user=null | ip=null | op=WRITE_CHUNK {blockData=conID: 2 locID: 102664013225591436 bcsId: 0} | ret=SUCCESS |  
2019-08-23 02:48:42,146 | INFO  | DNAudit | user=null | ip=null | op=WRITE_CHUNK {blockData=conID: 2 locID: 102664013225591436 bcsId: 0} | ret=SUCCESS |  
2019-08-23 02:48:42,152 | INFO  | DNAudit | user=null | ip=null | op=WRITE_CHUNK {blockData=conID: 2 locID: 102664013225591436 bcsId: 0} | ret=SUCCESS |  
2019-08-23 02:48:42,153 | INFO  | DNAudit | user=null | ip=null | op=PUT_BLOCK {blockData=[blockId=conID: 2 locID: 102664013225591436 bcsId: 0,size=1048576]} | ret=SUCCESS |  
2019-08-23 02:48:42,153 | INFO  | DNAudit | user=null | ip=null | op=WRITE_CHUNK {blockData=conID: 2 locID: 102664013225591436 bcsId: 0} | ret=SUCCESS |  
2019-08-23 02:48:42,153 [grpc-default-executor-6] INFO  client.GrpcClientProtocolClient (GrpcClientProtocolClient.java:onNext(255)) - client-B268B4322F32->17750241-545b-4219-93a1-14a6ea3d85be: receive RaftClientReply:client-B268B4322F32->17750241-545b-4219-93a1-14a6ea3d85be@group-C33FBD9556F2, cid=3084, SUCCESS, logIndex=4656, commits[17750241-545b-4219-93a1-14a6ea3d85be:c4657, 4eaaa090-573e-41d3-9f8c-c99e236d806a:c4655, 5f4cf9ee-4bed-49de-adaa-861aec894328:c4655]
2019-08-23 02:48:42,154 | INFO  | DNAudit | user=null | ip=null | op=PUT_BLOCK {blockData=[blockId=conID: 2 locID: 102664013225591436 bcsId: 0,size=2097152]} | ret=SUCCESS |  
2019-08-23 02:48:42,154 [grpc-default-executor-6] INFO  client.GrpcClientProtocolClient (GrpcClientProtocolClient.java:onNext(255)) - client-B268B4322F32->17750241-545b-4219-93a1-14a6ea3d85be: receive RaftClientReply:client-B268B4322F32->17750241-545b-4219-93a1-14a6ea3d85be@group-C33FBD9556F2, cid=3085, SUCCESS, logIndex=4657, commits[17750241-545b-4219-93a1-14a6ea3d85be:c4659, 4eaaa090-573e-41d3-9f8c-c99e236d806a:c4655, 5f4cf9ee-4bed-49de-adaa-861aec894328:c4655]
2019-08-23 02:48:42,154 [grpc-default-executor-6] INFO  client.GrpcClientProtocolClient (GrpcClientProtocolClient.java:onNext(255)) - client-B268B4322F32->17750241-545b-4219-93a1-14a6ea3d85be: receive RaftClientReply:client-B268B4322F32->17750241-545b-4219-93a1-14a6ea3d85be@group-C33FBD9556F2, cid=3086, SUCCESS, logIndex=4658, commits[17750241-545b-4219-93a1-14a6ea3d85be:c4659, 4eaaa090-573e-41d3-9f8c-c99e236d806a:c4655, 5f4cf9ee-4bed-49de-adaa-861aec894328:c4655]
2019-08-23 02:48:42,154 [grpc-default-executor-6] INFO  client.GrpcClientProtocolClient (GrpcClientProtocolClient.java:onNext(255)) - client-B268B4322F32->17750241-545b-4219-93a1-14a6ea3d85be: receive RaftClientReply:client-B268B4322F32->17750241-545b-4219-93a1-14a6ea3d85be@group-C33FBD9556F2, cid=3087, SUCCESS, logIndex=4659, commits[17750241-545b-4219-93a1-14a6ea3d85be:c4659, 4eaaa090-573e-41d3-9f8c-c99e236d806a:c4655, 5f4cf9ee-4bed-49de-adaa-861aec894328:c4655]
2019-08-23 02:48:42,156 | INFO  | DNAudit | user=null | ip=null | op=WRITE_CHUNK {blockData=conID: 2 locID: 102664013225591436 bcsId: 0} | ret=SUCCESS |  
2019-08-23 02:48:42,156 | INFO  | DNAudit | user=null | ip=null | op=WRITE_CHUNK {blockData=conID: 2 locID: 102664013225591436 bcsId: 0} | ret=SUCCESS |  
2019-08-23 02:48:42,156 | INFO  | DNAudit | user=null | ip=null | op=PUT_BLOCK {blockData=[blockId=conID: 2 locID: 102664013225591436 bcsId: 0,size=1048576]} | ret=SUCCESS |  
2019-08-23 02:48:42,167 | INFO  | DNAudit | user=null | ip=null | op=WRITE_CHUNK {blockData=conID: 2 locID: 102664013225591436 bcsId: 0} | ret=SUCCESS |  
2019-08-23 02:48:42,167 | INFO  | DNAudit | user=null | ip=null | op=PUT_BLOCK {blockData=[blockId=conID: 2 locID: 102664013225591436 bcsId: 0,size=1048576]} | ret=SUCCESS |  
2019-08-23 02:48:42,167 | INFO  | DNAudit | user=null | ip=null | op=PUT_BLOCK {blockData=[blockId=conID: 2 locID: 102664013225591436 bcsId: 0,size=2097152]} | ret=SUCCESS |  
2019-08-23 02:48:42,167 | INFO  | DNAudit | user=null | ip=null | op=WRITE_CHUNK {blockData=conID: 2 locID: 102664013225591436 bcsId: 0} | ret=SUCCESS |  
2019-08-23 02:48:42,168 | INFO  | DNAudit | user=null | ip=null | op=PUT_BLOCK {blockData=[blockId=conID: 2 locID: 102664013225591436 bcsId: 0,size=2097152]} | ret=SUCCESS |  
2019-08-23 02:48:42,167 [grpc-default-executor-6] INFO  client.GrpcClientProtocolClient (GrpcClientProtocolClient.java:onNext(255)) - client-B268B4322F32->17750241-545b-4219-93a1-14a6ea3d85be: receive RaftClientReply:client-B268B4322F32->17750241-545b-4219-93a1-14a6ea3d85be@group-C33FBD9556F2, cid=3088, SUCCESS, logIndex=0, commits[17750241-545b-4219-93a1-14a6ea3d85be:c4662, 4eaaa090-573e-41d3-9f8c-c99e236d806a:c4659, 5f4cf9ee-4bed-49de-adaa-861aec894328:c4657]
2019-08-23 02:48:42,175 | INFO  | DNAudit | user=null | ip=null | op=WRITE_CHUNK {blockData=conID: 2 locID: 102664013225591436 bcsId: 4659} | ret=SUCCESS |  
2019-08-23 02:48:42,177 | INFO  | DNAudit | user=null | ip=null | op=WRITE_CHUNK {blockData=conID: 2 locID: 102664013225591436 bcsId: 4659} | ret=SUCCESS |  
2019-08-23 02:48:42,178 | INFO  | DNAudit | user=null | ip=null | op=WRITE_CHUNK {blockData=conID: 2 locID: 102664013225591436 bcsId: 4659} | ret=SUCCESS |  
2019-08-23 02:48:42,187 | INFO  | DNAudit | user=null | ip=null | op=WRITE_CHUNK {blockData=conID: 2 locID: 102664013225591436 bcsId: 4659} | ret=SUCCESS |  
2019-08-23 02:48:42,188 | INFO  | DNAudit | user=null | ip=null | op=PUT_BLOCK {blockData=[blockId=conID: 2 locID: 102664013225591436 bcsId: 0,size=3145728]} | ret=SUCCESS |  
2019-08-23 02:48:42,188 [grpc-default-executor-6] INFO  client.GrpcClientProtocolClient (GrpcClientProtocolClient.java:onNext(255)) - client-B268B4322F32->17750241-545b-4219-93a1-14a6ea3d85be: receive RaftClientReply:client-B268B4322F32->17750241-545b-4219-93a1-14a6ea3d85be@group-C33FBD9556F2, cid=3089, SUCCESS, logIndex=4663, commits[17750241-545b-4219-93a1-14a6ea3d85be:c4664, 4eaaa090-573e-41d3-9f8c-c99e236d806a:c4662, 5f4cf9ee-4bed-49de-adaa-861aec894328:c4662]
2019-08-23 02:48:42,189 [grpc-default-executor-6] INFO  client.GrpcClientProtocolClient (GrpcClientProtocolClient.java:onNext(255)) - client-B268B4322F32->17750241-545b-4219-93a1-14a6ea3d85be: receive RaftClientReply:client-B268B4322F32->17750241-545b-4219-93a1-14a6ea3d85be@group-C33FBD9556F2, cid=3090, SUCCESS, logIndex=4664, commits[17750241-545b-4219-93a1-14a6ea3d85be:c4664, 4eaaa090-573e-41d3-9f8c-c99e236d806a:c4662, 5f4cf9ee-4bed-49de-adaa-861aec894328:c4662]
2019-08-23 02:48:42,196 | INFO  | DNAudit | user=null | ip=null | op=WRITE_CHUNK {blockData=conID: 2 locID: 102664013225591436 bcsId: 4664} | ret=SUCCESS |  
2019-08-23 02:48:42,198 | INFO  | DNAudit | user=null | ip=null | op=WRITE_CHUNK {blockData=conID: 2 locID: 102664013225591436 bcsId: 4664} | ret=SUCCESS |  
2019-08-23 02:48:42,198 | INFO  | DNAudit | user=null | ip=null | op=WRITE_CHUNK {blockData=conID: 2 locID: 102664013225591436 bcsId: 4664} | ret=SUCCESS |  
2019-08-23 02:48:42,201 | INFO  | DNAudit | user=null | ip=null | op=WRITE_CHUNK {blockData=conID: 2 locID: 102664013225591436 bcsId: 4659} | ret=SUCCESS |  
2019-08-23 02:48:42,201 | INFO  | DNAudit | user=null | ip=null | op=WRITE_CHUNK {blockData=conID: 2 locID: 102664013225591436 bcsId: 4659} | ret=SUCCESS |  
2019-08-23 02:48:42,201 | INFO  | DNAudit | user=null | ip=null | op=PUT_BLOCK {blockData=[blockId=conID: 2 locID: 102664013225591436 bcsId: 0,size=3145728]} | ret=SUCCESS |  
2019-08-23 02:48:42,201 | INFO  | DNAudit | user=null | ip=null | op=PUT_BLOCK {blockData=[blockId=conID: 2 locID: 102664013225591436 bcsId: 0,size=3145728]} | ret=SUCCESS |  
2019-08-23 02:48:42,214 | INFO  | DNAudit | user=null | ip=null | op=WRITE_CHUNK {blockData=conID: 2 locID: 102664013225591436 bcsId: 4664} | ret=SUCCESS |  
2019-08-23 02:48:42,215 | INFO  | DNAudit | user=null | ip=null | op=PUT_BLOCK {blockData=[blockId=conID: 2 locID: 102664013225591436 bcsId: 0,size=4194304]} | ret=SUCCESS |  
2019-08-23 02:48:42,215 [grpc-default-executor-2] INFO  client.GrpcClientProtocolClient (GrpcClientProtocolClient.java:onNext(255)) - client-B268B4322F32->17750241-545b-4219-93a1-14a6ea3d85be: receive RaftClientReply:client-B268B4322F32->17750241-545b-4219-93a1-14a6ea3d85be@group-C33FBD9556F2, cid=3091, SUCCESS, logIndex=4667, commits[17750241-545b-4219-93a1-14a6ea3d85be:c4668, 4eaaa090-573e-41d3-9f8c-c99e236d806a:c4664, 5f4cf9ee-4bed-49de-adaa-861aec894328:c4664]
2019-08-23 02:48:42,215 [grpc-default-executor-2] INFO  client.GrpcClientProtocolClient (GrpcClientProtocolClient.java:onNext(255)) - client-B268B4322F32->17750241-545b-4219-93a1-14a6ea3d85be: receive RaftClientReply:client-B268B4322F32->17750241-545b-4219-93a1-14a6ea3d85be@group-C33FBD9556F2, cid=3092, SUCCESS, logIndex=4668, commits[17750241-545b-4219-93a1-14a6ea3d85be:c4668, 4eaaa090-573e-41d3-9f8c-c99e236d806a:c4664, 5f4cf9ee-4bed-49de-adaa-861aec894328:c4664]
2019-08-23 02:48:42,227 | INFO  | DNAudit | user=null | ip=null | op=WRITE_CHUNK {blockData=conID: 2 locID: 102664013225591436 bcsId: 4664} | ret=SUCCESS |  
2019-08-23 02:48:42,227 | INFO  | DNAudit | user=null | ip=null | op=WRITE_CHUNK {blockData=conID: 2 locID: 102664013225591436 bcsId: 4664} | ret=SUCCESS |  
2019-08-23 02:48:42,227 | INFO  | DNAudit | user=null | ip=null | op=PUT_BLOCK {blockData=[blockId=conID: 2 locID: 102664013225591436 bcsId: 0,size=4194304]} | ret=SUCCESS |  
2019-08-23 02:48:42,227 | INFO  | DNAudit | user=null | ip=null | op=PUT_BLOCK {blockData=[blockId=conID: 2 locID: 102664013225591436 bcsId: 0,size=4194304]} | ret=SUCCESS |  
2019-08-23 02:48:42,227 [grpc-default-executor-5] INFO  client.GrpcClientProtocolClient (GrpcClientProtocolClient.java:onNext(255)) - client-B268B4322F32->17750241-545b-4219-93a1-14a6ea3d85be: receive RaftClientReply:client-B268B4322F32->17750241-545b-4219-93a1-14a6ea3d85be@group-C33FBD9556F2, cid=3093, SUCCESS, logIndex=0, commits[17750241-545b-4219-93a1-14a6ea3d85be:c4669, 4eaaa090-573e-41d3-9f8c-c99e236d806a:c4668, 5f4cf9ee-4bed-49de-adaa-861aec894328:c4668]
2019-08-23 02:48:42,229 | INFO  | SCMAudit | user=jenkins1000 | ip=192.168.34.22 | op=ALLOCATE_BLOCK {owner=31d65bc3-3f70-45f5-bbc5-e3a15f967ba6, size=4194304, type=RATIS, factor=THREE} | ret=SUCCESS |  
2019-08-23 02:48:42,235 | INFO  | OMAudit | user=jenkins1000 | ip=127.0.0.1 | op=ALLOCATE_BLOCK {volume=vol-0-78052, bucket=bucket-0-33874, key=key-0-20719, dataSize=2147483657, replicationType=RATIS, replicationFactor=THREE, keyLocationInfo=[], clientID=102664010308846034} | ret=SUCCESS |  
2019-08-23 02:48:42,248 | INFO  | DNAudit | user=null | ip=null | op=WRITE_CHUNK {blockData=conID: 3 locID: 102664013232800397 bcsId: 0} | ret=SUCCESS |  
2019-08-23 02:48:42,250 | INFO  | DNAudit | user=null | ip=null | op=WRITE_CHUNK {blockData=conID: 3 locID: 102664013232800397 bcsId: 0} | ret=SUCCESS |  
2019-08-23 02:48:42,251 | INFO  | DNAudit | user=null | ip=null | op=WRITE_CHUNK {blockData=conID: 3 locID: 102664013232800397 bcsId: 0} | ret=SUCCESS |  
2019-08-23 02:48:42,251 | INFO  | DNAudit | user=null | ip=null | op=WRITE_CHUNK {blockData=conID: 3 locID: 102664013232800397 bcsId: 0} | ret=SUCCESS |  
2019-08-23 02:48:42,253 | INFO  | DNAudit | user=null | ip=null | op=WRITE_CHUNK {blockData=conID: 3 locID: 102664013232800397 bcsId: 0} | ret=SUCCESS |  
2019-08-23 02:48:42,254 | INFO  | DNAudit | user=null | ip=null | op=WRITE_CHUNK {blockData=conID: 3 locID: 102664013232800397 bcsId: 0} | ret=SUCCESS |  
2019-08-23 02:48:42,262 | INFO  | DNAudit | user=null | ip=null | op=WRITE_CHUNK {blockData=conID: 3 locID: 102664013232800397 bcsId: 0} | ret=SUCCESS |  
2019-08-23 02:48:42,262 | INFO  | DNAudit | user=null | ip=null | op=PUT_BLOCK {blockData=[blockId=conID: 3 locID: 102664013232800397 bcsId: 0,size=1048576]} | ret=SUCCESS |  
2019-08-23 02:48:42,263 [grpc-default-executor-5] INFO  client.GrpcClientProtocolClient (GrpcClientProtocolClient.java:onNext(255)) - client-B268B4322F32->17750241-545b-4219-93a1-14a6ea3d85be: receive RaftClientReply:client-B268B4322F32->17750241-545b-4219-93a1-14a6ea3d85be@group-C33FBD9556F2, cid=3094, SUCCESS, logIndex=4671, commits[17750241-545b-4219-93a1-14a6ea3d85be:c4672, 4eaaa090-573e-41d3-9f8c-c99e236d806a:c4670, 5f4cf9ee-4bed-49de-adaa-861aec894328:c4670]
2019-08-23 02:48:42,263 [grpc-default-executor-5] INFO  client.GrpcClientProtocolClient (GrpcClientProtocolClient.java:onNext(255)) - client-B268B4322F32->17750241-545b-4219-93a1-14a6ea3d85be: receive RaftClientReply:client-B268B4322F32->17750241-545b-4219-93a1-14a6ea3d85be@group-C33FBD9556F2, cid=3095, SUCCESS, logIndex=4672, commits[17750241-545b-4219-93a1-14a6ea3d85be:c4672, 4eaaa090-573e-41d3-9f8c-c99e236d806a:c4670, 5f4cf9ee-4bed-49de-adaa-861aec894328:c4670]
2019-08-23 02:48:42,275 | INFO  | DNAudit | user=null | ip=null | op=WRITE_CHUNK {blockData=conID: 3 locID: 102664013232800397 bcsId: 0} | ret=SUCCESS |  
2019-08-23 02:48:42,276 | INFO  | DNAudit | user=null | ip=null | op=PUT_BLOCK {blockData=[blockId=conID: 3 locID: 102664013232800397 bcsId: 0,size=2097152]} | ret=SUCCESS |  
2019-08-23 02:48:42,276 [grpc-default-executor-6] INFO  client.GrpcClientProtocolClient (GrpcClientProtocolClient.java:onNext(255)) - client-B268B4322F32->17750241-545b-4219-93a1-14a6ea3d85be: receive RaftClientReply:client-B268B4322F32->17750241-545b-4219-93a1-14a6ea3d85be@group-C33FBD9556F2, cid=3096, SUCCESS, logIndex=4673, commits[17750241-545b-4219-93a1-14a6ea3d85be:c4674, 4eaaa090-573e-41d3-9f8c-c99e236d806a:c4670, 5f4cf9ee-4bed-49de-adaa-861aec894328:c4670]
2019-08-23 02:48:42,276 [grpc-default-executor-6] INFO  client.GrpcClientProtocolClient (GrpcClientProtocolClient.java:onNext(255)) - client-B268B4322F32->17750241-545b-4219-93a1-14a6ea3d85be: receive RaftClientReply:client-B268B4322F32->17750241-545b-4219-93a1-14a6ea3d85be@group-C33FBD9556F2, cid=3097, SUCCESS, logIndex=4674, commits[17750241-545b-4219-93a1-14a6ea3d85be:c4674, 4eaaa090-573e-41d3-9f8c-c99e236d806a:c4670, 5f4cf9ee-4bed-49de-adaa-861aec894328:c4670]
2019-08-23 02:48:42,277 | INFO  | DNAudit | user=null | ip=null | op=WRITE_CHUNK {blockData=conID: 3 locID: 102664013232800397 bcsId: 0} | ret=SUCCESS |  
2019-08-23 02:48:42,277 | INFO  | DNAudit | user=null | ip=null | op=WRITE_CHUNK {blockData=conID: 3 locID: 102664013232800397 bcsId: 0} | ret=SUCCESS |  
2019-08-23 02:48:42,277 | INFO  | DNAudit | user=null | ip=null | op=PUT_BLOCK {blockData=[blockId=conID: 3 locID: 102664013232800397 bcsId: 0,size=1048576]} | ret=SUCCESS |  
2019-08-23 02:48:42,278 | INFO  | DNAudit | user=null | ip=null | op=PUT_BLOCK {blockData=[blockId=conID: 3 locID: 102664013232800397 bcsId: 0,size=1048576]} | ret=SUCCESS |  
2019-08-23 02:48:42,278 [grpc-default-executor-6] INFO  client.GrpcClientProtocolClient (GrpcClientProtocolClient.java:onNext(255)) - client-B268B4322F32->17750241-545b-4219-93a1-14a6ea3d85be: receive RaftClientReply:client-B268B4322F32->17750241-545b-4219-93a1-14a6ea3d85be@group-C33FBD9556F2, cid=3098, SUCCESS, logIndex=0, commits[17750241-545b-4219-93a1-14a6ea3d85be:c4675, 4eaaa090-573e-41d3-9f8c-c99e236d806a:c4672, 5f4cf9ee-4bed-49de-adaa-861aec894328:c4672]
2019-08-23 02:48:42,280 | INFO  | DNAudit | user=null | ip=null | op=WRITE_CHUNK {blockData=conID: 3 locID: 102664013232800397 bcsId: 0} | ret=SUCCESS |  
2019-08-23 02:48:42,280 | INFO  | DNAudit | user=null | ip=null | op=WRITE_CHUNK {blockData=conID: 3 locID: 102664013232800397 bcsId: 0} | ret=SUCCESS |  
2019-08-23 02:48:42,281 | INFO  | DNAudit | user=null | ip=null | op=PUT_BLOCK {blockData=[blockId=conID: 3 locID: 102664013232800397 bcsId: 0,size=2097152]} | ret=SUCCESS |  
2019-08-23 02:48:42,281 | INFO  | DNAudit | user=null | ip=null | op=PUT_BLOCK {blockData=[blockId=conID: 3 locID: 102664013232800397 bcsId: 0,size=2097152]} | ret=SUCCESS |  
2019-08-23 02:48:42,286 | INFO  | DNAudit | user=null | ip=null | op=WRITE_CHUNK {blockData=conID: 3 locID: 102664013232800397 bcsId: 4674} | ret=SUCCESS |  
2019-08-23 02:48:42,289 | INFO  | DNAudit | user=null | ip=null | op=WRITE_CHUNK {blockData=conID: 3 locID: 102664013232800397 bcsId: 4674} | ret=SUCCESS |  
2019-08-23 02:48:42,289 | INFO  | DNAudit | user=null | ip=null | op=WRITE_CHUNK {blockData=conID: 3 locID: 102664013232800397 bcsId: 4674} | ret=SUCCESS |  
2019-08-23 02:48:42,305 | INFO  | DNAudit | user=null | ip=null | op=WRITE_CHUNK {blockData=conID: 3 locID: 102664013232800397 bcsId: 4674} | ret=SUCCESS |  
2019-08-23 02:48:42,306 | INFO  | DNAudit | user=null | ip=null | op=PUT_BLOCK {blockData=[blockId=conID: 3 locID: 102664013232800397 bcsId: 0,size=3145728]} | ret=SUCCESS |  
2019-08-23 02:48:42,306 [grpc-default-executor-5] INFO  client.GrpcClientProtocolClient (GrpcClientProtocolClient.java:onNext(255)) - client-B268B4322F32->17750241-545b-4219-93a1-14a6ea3d85be: receive RaftClientReply:client-B268B4322F32->17750241-545b-4219-93a1-14a6ea3d85be@group-C33FBD9556F2, cid=3099, SUCCESS, logIndex=4679, commits[17750241-545b-4219-93a1-14a6ea3d85be:c4680, 4eaaa090-573e-41d3-9f8c-c99e236d806a:c4678, 5f4cf9ee-4bed-49de-adaa-861aec894328:c4678]
2019-08-23 02:48:42,307 [grpc-default-executor-5] INFO  client.GrpcClientProtocolClient (GrpcClientProtocolClient.java:onNext(255)) - client-B268B4322F32->17750241-545b-4219-93a1-14a6ea3d85be: receive RaftClientReply:client-B268B4322F32->17750241-545b-4219-93a1-14a6ea3d85be@group-C33FBD9556F2, cid=3100, SUCCESS, logIndex=4680, commits[17750241-545b-4219-93a1-14a6ea3d85be:c4680, 4eaaa090-573e-41d3-9f8c-c99e236d806a:c4678, 5f4cf9ee-4bed-49de-adaa-861aec894328:c4678]
2019-08-23 02:48:42,316 | INFO  | DNAudit | user=null | ip=null | op=WRITE_CHUNK {blockData=conID: 3 locID: 102664013232800397 bcsId: 4680} | ret=SUCCESS |  
2019-08-23 02:48:42,318 | INFO  | DNAudit | user=null | ip=null | op=WRITE_CHUNK {blockData=conID: 3 locID: 102664013232800397 bcsId: 4680} | ret=SUCCESS |  
2019-08-23 02:48:42,318 | INFO  | DNAudit | user=null | ip=null | op=WRITE_CHUNK {blockData=conID: 3 locID: 102664013232800397 bcsId: 4680} | ret=SUCCESS |  
2019-08-23 02:48:42,324 | INFO  | DNAudit | user=null | ip=null | op=WRITE_CHUNK {blockData=conID: 3 locID: 102664013232800397 bcsId: 4674} | ret=SUCCESS |  
2019-08-23 02:48:42,324 | INFO  | DNAudit | user=null | ip=null | op=WRITE_CHUNK {blockData=conID: 3 locID: 102664013232800397 bcsId: 4674} | ret=SUCCESS |  
2019-08-23 02:48:42,326 | INFO  | DNAudit | user=null | ip=null | op=PUT_BLOCK {blockData=[blockId=conID: 3 locID: 102664013232800397 bcsId: 0,size=3145728]} | ret=SUCCESS |  
2019-08-23 02:48:42,327 | INFO  | DNAudit | user=null | ip=null | op=WRITE_CHUNK {blockData=conID: 3 locID: 102664013232800397 bcsId: 4680} | ret=SUCCESS |  
2019-08-23 02:48:42,327 | INFO  | DNAudit | user=null | ip=null | op=PUT_BLOCK {blockData=[blockId=conID: 3 locID: 102664013232800397 bcsId: 0,size=3145728]} | ret=SUCCESS |  
2019-08-23 02:48:42,327 | INFO  | DNAudit | user=null | ip=null | op=PUT_BLOCK {blockData=[blockId=conID: 3 locID: 102664013232800397 bcsId: 0,size=4194304]} | ret=SUCCESS |  
2019-08-23 02:48:42,328 [grpc-default-executor-6] INFO  client.GrpcClientProtocolClient (GrpcClientProtocolClient.java:onNext(255)) - client-B268B4322F32->17750241-545b-4219-93a1-14a6ea3d85be: receive RaftClientReply:client-B268B4322F32->17750241-545b-4219-93a1-14a6ea3d85be@group-C33FBD9556F2, cid=3101, SUCCESS, logIndex=4683, commits[17750241-545b-4219-93a1-14a6ea3d85be:c4684, 4eaaa090-573e-41d3-9f8c-c99e236d806a:c4680, 5f4cf9ee-4bed-49de-adaa-861aec894328:c4679]
2019-08-23 02:48:42,328 [grpc-default-executor-6] INFO  client.GrpcClientProtocolClient (GrpcClientProtocolClient.java:onNext(255)) - client-B268B4322F32->17750241-545b-4219-93a1-14a6ea3d85be: receive RaftClientReply:client-B268B4322F32->17750241-545b-4219-93a1-14a6ea3d85be@group-C33FBD9556F2, cid=3102, SUCCESS, logIndex=4684, commits[17750241-545b-4219-93a1-14a6ea3d85be:c4684, 4eaaa090-573e-41d3-9f8c-c99e236d806a:c4680, 5f4cf9ee-4bed-49de-adaa-861aec894328:c4680]
2019-08-23 02:48:42,330 | INFO  | DNAudit | user=null | ip=null | op=WRITE_CHUNK {blockData=conID: 3 locID: 102664013232800397 bcsId: 4680} | ret=SUCCESS |  
2019-08-23 02:48:42,330 | INFO  | DNAudit | user=null | ip=null | op=WRITE_CHUNK {blockData=conID: 3 locID: 102664013232800397 bcsId: 4680} | ret=SUCCESS |  
2019-08-23 02:48:42,333 | INFO  | DNAudit | user=null | ip=null | op=PUT_BLOCK {blockData=[blockId=conID: 3 locID: 102664013232800397 bcsId: 0,size=4194304]} | ret=SUCCESS |  
2019-08-23 02:48:42,333 | INFO  | DNAudit | user=null | ip=null | op=PUT_BLOCK {blockData=[blockId=conID: 3 locID: 102664013232800397 bcsId: 0,size=4194304]} | ret=SUCCESS |  
2019-08-23 02:48:42,334 [grpc-default-executor-6] INFO  client.GrpcClientProtocolClient (GrpcClientProtocolClient.java:onNext(255)) - client-B268B4322F32->17750241-545b-4219-93a1-14a6ea3d85be: receive RaftClientReply:client-B268B4322F32->17750241-545b-4219-93a1-14a6ea3d85be@group-C33FBD9556F2, cid=3103, SUCCESS, logIndex=0, commits[17750241-545b-4219-93a1-14a6ea3d85be:c4686, 4eaaa090-573e-41d3-9f8c-c99e236d806a:c4684, 5f4cf9ee-4bed-49de-adaa-861aec894328:c4684]
2019-08-23 02:48:42,336 | INFO  | SCMAudit | user=jenkins1000 | ip=192.168.34.22 | op=ALLOCATE_BLOCK {owner=31d65bc3-3f70-45f5-bbc5-e3a15f967ba6, size=4194304, type=RATIS, factor=THREE} | ret=SUCCESS |  
2019-08-23 02:48:42,343 | INFO  | OMAudit | user=jenkins1000 | ip=127.0.0.1 | op=ALLOCATE_BLOCK {volume=vol-0-78052, bucket=bucket-0-33874, key=key-0-20719, dataSize=2147483657, replicationType=RATIS, replicationFactor=THREE, keyLocationInfo=[], clientID=102664010308846034} | ret=SUCCESS |  
2019-08-23 02:48:42,358 | INFO  | DNAudit | user=null | ip=null | op=WRITE_CHUNK {blockData=conID: 1 locID: 102664013239812750 bcsId: 0} | ret=SUCCESS |  
2019-08-23 02:48:42,361 | INFO  | DNAudit | user=null | ip=null | op=WRITE_CHUNK {blockData=conID: 1 locID: 102664013239812750 bcsId: 0} | ret=SUCCESS |  
2019-08-23 02:48:42,362 | INFO  | DNAudit | user=null | ip=null | op=WRITE_CHUNK {blockData=conID: 1 locID: 102664013239812750 bcsId: 0} | ret=SUCCESS |  
2019-08-23 02:48:42,362 | INFO  | DNAudit | user=null | ip=null | op=WRITE_CHUNK {blockData=conID: 1 locID: 102664013239812750 bcsId: 0} | ret=SUCCESS |  
2019-08-23 02:48:42,365 | INFO  | DNAudit | user=null | ip=null | op=WRITE_CHUNK {blockData=conID: 1 locID: 102664013239812750 bcsId: 0} | ret=SUCCESS |  
2019-08-23 02:48:42,366 | INFO  | DNAudit | user=null | ip=null | op=WRITE_CHUNK {blockData=conID: 1 locID: 102664013239812750 bcsId: 0} | ret=SUCCESS |  
2019-08-23 02:48:42,371 | INFO  | DNAudit | user=null | ip=null | op=WRITE_CHUNK {blockData=conID: 1 locID: 102664013239812750 bcsId: 0} | ret=SUCCESS |  
2019-08-23 02:48:42,371 | INFO  | DNAudit | user=null | ip=null | op=PUT_BLOCK {blockData=[blockId=conID: 1 locID: 102664013239812750 bcsId: 0,size=1048576]} | ret=SUCCESS |  
2019-08-23 02:48:42,372 [grpc-default-executor-2] INFO  client.GrpcClientProtocolClient (GrpcClientProtocolClient.java:onNext(255)) - client-B268B4322F32->17750241-545b-4219-93a1-14a6ea3d85be: receive RaftClientReply:client-B268B4322F32->17750241-545b-4219-93a1-14a6ea3d85be@group-C33FBD9556F2, cid=3104, SUCCESS, logIndex=4687, commits[17750241-545b-4219-93a1-14a6ea3d85be:c4688, 4eaaa090-573e-41d3-9f8c-c99e236d806a:c4686, 5f4cf9ee-4bed-49de-adaa-861aec894328:c4686]
2019-08-23 02:48:42,372 | INFO  | DNAudit | user=null | ip=null | op=WRITE_CHUNK {blockData=conID: 1 locID: 102664013239812750 bcsId: 0} | ret=SUCCESS |  
2019-08-23 02:48:42,372 | INFO  | DNAudit | user=null | ip=null | op=WRITE_CHUNK {blockData=conID: 1 locID: 102664013239812750 bcsId: 0} | ret=SUCCESS |  
2019-08-23 02:48:42,377 | INFO  | DNAudit | user=null | ip=null | op=PUT_BLOCK {blockData=[blockId=conID: 1 locID: 102664013239812750 bcsId: 0,size=2097152]} | ret=SUCCESS |  
2019-08-23 02:48:42,377 [grpc-default-executor-2] INFO  client.GrpcClientProtocolClient (GrpcClientProtocolClient.java:onNext(255)) - client-B268B4322F32->17750241-545b-4219-93a1-14a6ea3d85be: receive RaftClientReply:client-B268B4322F32->17750241-545b-4219-93a1-14a6ea3d85be@group-C33FBD9556F2, cid=3105, SUCCESS, logIndex=4688, commits[17750241-545b-4219-93a1-14a6ea3d85be:c4690, 4eaaa090-573e-41d3-9f8c-c99e236d806a:c4686, 5f4cf9ee-4bed-49de-adaa-861aec894328:c4686]
2019-08-23 02:48:42,378 | INFO  | DNAudit | user=null | ip=null | op=WRITE_CHUNK {blockData=conID: 1 locID: 102664013239812750 bcsId: 0} | ret=SUCCESS |  
2019-08-23 02:48:42,378 [grpc-default-executor-6] INFO  client.GrpcClientProtocolClient (GrpcClientProtocolClient.java:onNext(255)) - client-B268B4322F32->17750241-545b-4219-93a1-14a6ea3d85be: receive RaftClientReply:client-B268B4322F32->17750241-545b-4219-93a1-14a6ea3d85be@group-C33FBD9556F2, cid=3106, SUCCESS, logIndex=4689, commits[17750241-545b-4219-93a1-14a6ea3d85be:c4690, 4eaaa090-573e-41d3-9f8c-c99e236d806a:c4686, 5f4cf9ee-4bed-49de-adaa-861aec894328:c4686]
2019-08-23 02:48:42,378 | INFO  | DNAudit | user=null | ip=null | op=PUT_BLOCK {blockData=[blockId=conID: 1 locID: 102664013239812750 bcsId: 0,size=1048576]} | ret=SUCCESS |  
2019-08-23 02:48:42,378 [grpc-default-executor-2] INFO  client.GrpcClientProtocolClient (GrpcClientProtocolClient.java:onNext(255)) - client-B268B4322F32->17750241-545b-4219-93a1-14a6ea3d85be: receive RaftClientReply:client-B268B4322F32->17750241-545b-4219-93a1-14a6ea3d85be@group-C33FBD9556F2, cid=3107, SUCCESS, logIndex=4690, commits[17750241-545b-4219-93a1-14a6ea3d85be:c4691, 4eaaa090-573e-41d3-9f8c-c99e236d806a:c4687, 5f4cf9ee-4bed-49de-adaa-861aec894328:c4686]
2019-08-23 02:48:42,385 | INFO  | DNAudit | user=null | ip=null | op=PUT_BLOCK {blockData=[blockId=conID: 1 locID: 102664013239812750 bcsId: 0,size=1048576]} | ret=SUCCESS |  
2019-08-23 02:48:42,386 | INFO  | DNAudit | user=null | ip=null | op=WRITE_CHUNK {blockData=conID: 1 locID: 102664013239812750 bcsId: 0} | ret=SUCCESS |  
2019-08-23 02:48:42,386 | INFO  | DNAudit | user=null | ip=null | op=PUT_BLOCK {blockData=[blockId=conID: 1 locID: 102664013239812750 bcsId: 0,size=2097152]} | ret=SUCCESS |  
2019-08-23 02:48:42,386 [grpc-default-executor-2] INFO  client.GrpcClientProtocolClient (GrpcClientProtocolClient.java:onNext(255)) - client-B268B4322F32->17750241-545b-4219-93a1-14a6ea3d85be: receive RaftClientReply:client-B268B4322F32->17750241-545b-4219-93a1-14a6ea3d85be@group-C33FBD9556F2, cid=3108, SUCCESS, logIndex=0, commits[17750241-545b-4219-93a1-14a6ea3d85be:c4692, 4eaaa090-573e-41d3-9f8c-c99e236d806a:c4688, 5f4cf9ee-4bed-49de-adaa-861aec894328:c4688]
2019-08-23 02:48:42,388 | INFO  | DNAudit | user=null | ip=null | op=WRITE_CHUNK {blockData=conID: 1 locID: 102664013239812750 bcsId: 0} | ret=SUCCESS |  
2019-08-23 02:48:42,388 | INFO  | DNAudit | user=null | ip=null | op=PUT_BLOCK {blockData=[blockId=conID: 1 locID: 102664013239812750 bcsId: 0,size=2097152]} | ret=SUCCESS |  
2019-08-23 02:48:42,395 | INFO  | DNAudit | user=null | ip=null | op=WRITE_CHUNK {blockData=conID: 1 locID: 102664013239812750 bcsId: 4690} | ret=SUCCESS |  
2019-08-23 02:48:42,398 | INFO  | DNAudit | user=null | ip=null | op=WRITE_CHUNK {blockData=conID: 1 locID: 102664013239812750 bcsId: 4690} | ret=SUCCESS |  
2019-08-23 02:48:42,398 | INFO  | DNAudit | user=null | ip=null | op=WRITE_CHUNK {blockData=conID: 1 locID: 102664013239812750 bcsId: 4690} | ret=SUCCESS |  
2019-08-23 02:48:42,409 | INFO  | DNAudit | user=null | ip=null | op=WRITE_CHUNK {blockData=conID: 1 locID: 102664013239812750 bcsId: 4690} | ret=SUCCESS |  
2019-08-23 02:48:42,410 | INFO  | DNAudit | user=null | ip=null | op=PUT_BLOCK {blockData=[blockId=conID: 1 locID: 102664013239812750 bcsId: 0,size=3145728]} | ret=SUCCESS |  
2019-08-23 02:48:42,410 [grpc-default-executor-6] INFO  client.GrpcClientProtocolClient (GrpcClientProtocolClient.java:onNext(255)) - client-B268B4322F32->17750241-545b-4219-93a1-14a6ea3d85be: receive RaftClientReply:client-B268B4322F32->17750241-545b-4219-93a1-14a6ea3d85be@group-C33FBD9556F2, cid=3109, SUCCESS, logIndex=4695, commits[17750241-545b-4219-93a1-14a6ea3d85be:c4696, 4eaaa090-573e-41d3-9f8c-c99e236d806a:c4694, 5f4cf9ee-4bed-49de-adaa-861aec894328:c4694]
2019-08-23 02:48:42,410 [grpc-default-executor-6] INFO  client.GrpcClientProtocolClient (GrpcClientProtocolClient.java:onNext(255)) - client-B268B4322F32->17750241-545b-4219-93a1-14a6ea3d85be: receive RaftClientReply:client-B268B4322F32->17750241-545b-4219-93a1-14a6ea3d85be@group-C33FBD9556F2, cid=3110, SUCCESS, logIndex=4696, commits[17750241-545b-4219-93a1-14a6ea3d85be:c4696, 4eaaa090-573e-41d3-9f8c-c99e236d806a:c4694, 5f4cf9ee-4bed-49de-adaa-861aec894328:c4694]
2019-08-23 02:48:42,418 | INFO  | DNAudit | user=null | ip=null | op=WRITE_CHUNK {blockData=conID: 1 locID: 102664013239812750 bcsId: 4696} | ret=SUCCESS |  
2019-08-23 02:48:42,421 | INFO  | DNAudit | user=null | ip=null | op=WRITE_CHUNK {blockData=conID: 1 locID: 102664013239812750 bcsId: 4696} | ret=SUCCESS |  
2019-08-23 02:48:42,421 | INFO  | DNAudit | user=null | ip=null | op=WRITE_CHUNK {blockData=conID: 1 locID: 102664013239812750 bcsId: 4696} | ret=SUCCESS |  
2019-08-23 02:48:42,422 | INFO  | DNAudit | user=null | ip=null | op=WRITE_CHUNK {blockData=conID: 1 locID: 102664013239812750 bcsId: 4690} | ret=SUCCESS |  
2019-08-23 02:48:42,422 | INFO  | DNAudit | user=null | ip=null | op=WRITE_CHUNK {blockData=conID: 1 locID: 102664013239812750 bcsId: 4690} | ret=SUCCESS |  
2019-08-23 02:48:42,435 | INFO  | DNAudit | user=null | ip=null | op=PUT_BLOCK {blockData=[blockId=conID: 1 locID: 102664013239812750 bcsId: 0,size=3145728]} | ret=SUCCESS |  
2019-08-23 02:48:42,436 | INFO  | DNAudit | user=null | ip=null | op=PUT_BLOCK {blockData=[blockId=conID: 1 locID: 102664013239812750 bcsId: 0,size=3145728]} | ret=SUCCESS |  
2019-08-23 02:48:42,436 | INFO  | DNAudit | user=null | ip=null | op=WRITE_CHUNK {blockData=conID: 1 locID: 102664013239812750 bcsId: 4696} | ret=SUCCESS |  
2019-08-23 02:48:42,436 | INFO  | DNAudit | user=null | ip=null | op=PUT_BLOCK {blockData=[blockId=conID: 1 locID: 102664013239812750 bcsId: 0,size=4194304]} | ret=SUCCESS |  
2019-08-23 02:48:42,437 [grpc-default-executor-2] INFO  client.GrpcClientProtocolClient (GrpcClientProtocolClient.java:onNext(255)) - client-B268B4322F32->17750241-545b-4219-93a1-14a6ea3d85be: receive RaftClientReply:client-B268B4322F32->17750241-545b-4219-93a1-14a6ea3d85be@group-C33FBD9556F2, cid=3111, SUCCESS, logIndex=4699, commits[17750241-545b-4219-93a1-14a6ea3d85be:c4700, 4eaaa090-573e-41d3-9f8c-c99e236d806a:c4696, 5f4cf9ee-4bed-49de-adaa-861aec894328:c4696]
2019-08-23 02:48:42,437 [grpc-default-executor-2] INFO  client.GrpcClientProtocolClient (GrpcClientProtocolClient.java:onNext(255)) - client-B268B4322F32->17750241-545b-4219-93a1-14a6ea3d85be: receive RaftClientReply:client-B268B4322F32->17750241-545b-4219-93a1-14a6ea3d85be@group-C33FBD9556F2, cid=3112, SUCCESS, logIndex=4700, commits[17750241-545b-4219-93a1-14a6ea3d85be:c4700, 4eaaa090-573e-41d3-9f8c-c99e236d806a:c4696, 5f4cf9ee-4bed-49de-adaa-861aec894328:c4696]
2019-08-23 02:48:42,449 | INFO  | DNAudit | user=null | ip=null | op=WRITE_CHUNK {blockData=conID: 1 locID: 102664013239812750 bcsId: 4696} | ret=SUCCESS |  
2019-08-23 02:48:42,449 | INFO  | DNAudit | user=null | ip=null | op=WRITE_CHUNK {blockData=conID: 1 locID: 102664013239812750 bcsId: 4696} | ret=SUCCESS |  
2019-08-23 02:48:42,462 | INFO  | DNAudit | user=null | ip=null | op=PUT_BLOCK {blockData=[blockId=conID: 1 locID: 102664013239812750 bcsId: 0,size=4194304]} | ret=SUCCESS |  
2019-08-23 02:48:42,462 | INFO  | DNAudit | user=null | ip=null | op=PUT_BLOCK {blockData=[blockId=conID: 1 locID: 102664013239812750 bcsId: 0,size=4194304]} | ret=SUCCESS |  
2019-08-23 02:48:42,462 [grpc-default-executor-6] INFO  client.GrpcClientProtocolClient (GrpcClientProtocolClient.java:onNext(255)) - client-B268B4322F32->17750241-545b-4219-93a1-14a6ea3d85be: receive RaftClientReply:client-B268B4322F32->17750241-545b-4219-93a1-14a6ea3d85be@group-C33FBD9556F2, cid=3113, SUCCESS, logIndex=0, commits[17750241-545b-4219-93a1-14a6ea3d85be:c4702, 4eaaa090-573e-41d3-9f8c-c99e236d806a:c4700, 5f4cf9ee-4bed-49de-adaa-861aec894328:c4700]
2019-08-23 02:48:42,465 | INFO  | SCMAudit | user=jenkins1000 | ip=192.168.34.22 | op=ALLOCATE_BLOCK {owner=31d65bc3-3f70-45f5-bbc5-e3a15f967ba6, size=4194304, type=RATIS, factor=THREE} | ret=SUCCESS |  
2019-08-23 02:48:42,471 | INFO  | OMAudit | user=jenkins1000 | ip=127.0.0.1 | op=ALLOCATE_BLOCK {volume=vol-0-78052, bucket=bucket-0-33874, key=key-0-20719, dataSize=2147483657, replicationType=RATIS, replicationFactor=THREE, keyLocationInfo=[], clientID=102664010308846034} | ret=SUCCESS |  
2019-08-23 02:48:42,485 | INFO  | DNAudit | user=null | ip=null | op=WRITE_CHUNK {blockData=conID: 2 locID: 102664013248266895 bcsId: 0} | ret=SUCCESS |  
2019-08-23 02:48:42,488 | INFO  | DNAudit | user=null | ip=null | op=WRITE_CHUNK {blockData=conID: 2 locID: 102664013248266895 bcsId: 0} | ret=SUCCESS |  
2019-08-23 02:48:42,489 | INFO  | DNAudit | user=null | ip=null | op=WRITE_CHUNK {blockData=conID: 2 locID: 102664013248266895 bcsId: 0} | ret=SUCCESS |  
2019-08-23 02:48:42,489 | INFO  | DNAudit | user=null | ip=null | op=WRITE_CHUNK {blockData=conID: 2 locID: 102664013248266895 bcsId: 0} | ret=SUCCESS |  
2019-08-23 02:48:42,491 | INFO  | DNAudit | user=null | ip=null | op=WRITE_CHUNK {blockData=conID: 2 locID: 102664013248266895 bcsId: 0} | ret=SUCCESS |  
2019-08-23 02:48:42,491 | INFO  | DNAudit | user=null | ip=null | op=WRITE_CHUNK {blockData=conID: 2 locID: 102664013248266895 bcsId: 0} | ret=SUCCESS |  
2019-08-23 02:48:42,500 | INFO  | DNAudit | user=null | ip=null | op=WRITE_CHUNK {blockData=conID: 2 locID: 102664013248266895 bcsId: 0} | ret=SUCCESS |  
2019-08-23 02:48:42,501 | INFO  | DNAudit | user=null | ip=null | op=PUT_BLOCK {blockData=[blockId=conID: 2 locID: 102664013248266895 bcsId: 0,size=1048576]} | ret=SUCCESS |  
 0.00% |█                                                                                                    |  0/1 Time: 0:00:442019-08-23 02:48:42,507 | INFO  | SCMAudit | user=jenkins1000 | ip=192.168.34.22 | op=SEND_HEARTBEAT {datanodeUUID=66ab6a68-e61f-4535-ab2f-12fe560929ed, command=[]} | ret=SUCCESS |  
2019-08-23 02:48:42,506 [grpc-default-executor-5] INFO  client.GrpcClientProtocolClient (GrpcClientProtocolClient.java:onNext(255)) - client-B268B4322F32->17750241-545b-4219-93a1-14a6ea3d85be: receive RaftClientReply:client-B268B4322F32->17750241-545b-4219-93a1-14a6ea3d85be@group-C33FBD9556F2, cid=3114, SUCCESS, logIndex=4703, commits[17750241-545b-4219-93a1-14a6ea3d85be:c4704, 4eaaa090-573e-41d3-9f8c-c99e236d806a:c4702, 5f4cf9ee-4bed-49de-adaa-861aec894328:c4702]
2019-08-23 02:48:42,507 | INFO  | SCMAudit | user=jenkins1000 | ip=192.168.34.22 | op=SEND_HEARTBEAT {datanodeUUID=17750241-545b-4219-93a1-14a6ea3d85be, command=[]} | ret=SUCCESS |  
2019-08-23 02:48:42,507 | INFO  | SCMAudit | user=jenkins1000 | ip=192.168.34.22 | op=SEND_HEARTBEAT {datanodeUUID=5f4cf9ee-4bed-49de-adaa-861aec894328, command=[]} | ret=SUCCESS |  
2019-08-23 02:48:42,507 | INFO  | SCMAudit | user=jenkins1000 | ip=192.168.34.22 | op=SEND_HEARTBEAT {datanodeUUID=4eaaa090-573e-41d3-9f8c-c99e236d806a, command=[]} | ret=SUCCESS |  
2019-08-23 02:48:42,507 [grpc-default-executor-5] INFO  client.GrpcClientProtocolClient (GrpcClientProtocolClient.java:onNext(255)) - client-B268B4322F32->17750241-545b-4219-93a1-14a6ea3d85be: receive RaftClientReply:client-B268B4322F32->17750241-545b-4219-93a1-14a6ea3d85be@group-C33FBD9556F2, cid=3115, SUCCESS, logIndex=4704, commits[17750241-545b-4219-93a1-14a6ea3d85be:c4704, 4eaaa090-573e-41d3-9f8c-c99e236d806a:c4702, 5f4cf9ee-4bed-49de-adaa-861aec894328:c4702]
2019-08-23 02:48:42,510 | INFO  | SCMAudit | user=jenkins1000 | ip=192.168.34.22 | op=SEND_HEARTBEAT {datanodeUUID=0cedf437-a8af-4d70-bac5-ea9863093e86, command=[]} | ret=SUCCESS |  
2019-08-23 02:48:42,510 | INFO  | DNAudit | user=null | ip=null | op=WRITE_CHUNK {blockData=conID: 2 locID: 102664013248266895 bcsId: 0} | ret=SUCCESS |  
2019-08-23 02:48:42,511 | INFO  | DNAudit | user=null | ip=null | op=PUT_BLOCK {blockData=[blockId=conID: 2 locID: 102664013248266895 bcsId: 0,size=2097152]} | ret=SUCCESS |  
2019-08-23 02:48:42,511 [grpc-default-executor-6] INFO  client.GrpcClientProtocolClient (GrpcClientProtocolClient.java:onNext(255)) - client-B268B4322F32->17750241-545b-4219-93a1-14a6ea3d85be: receive RaftClientReply:client-B268B4322F32->17750241-545b-4219-93a1-14a6ea3d85be@group-C33FBD9556F2, cid=3116, SUCCESS, logIndex=4705, commits[17750241-545b-4219-93a1-14a6ea3d85be:c4706, 4eaaa090-573e-41d3-9f8c-c99e236d806a:c4702, 5f4cf9ee-4bed-49de-adaa-861aec894328:c4702]
2019-08-23 02:48:42,511 [grpc-default-executor-6] INFO  client.GrpcClientProtocolClient (GrpcClientProtocolClient.java:onNext(255)) - client-B268B4322F32->17750241-545b-4219-93a1-14a6ea3d85be: receive RaftClientReply:client-B268B4322F32->17750241-545b-4219-93a1-14a6ea3d85be@group-C33FBD9556F2, cid=3117, SUCCESS, logIndex=4706, commits[17750241-545b-4219-93a1-14a6ea3d85be:c4706, 4eaaa090-573e-41d3-9f8c-c99e236d806a:c4702, 5f4cf9ee-4bed-49de-adaa-861aec894328:c4702]
2019-08-23 02:48:42,513 | INFO  | DNAudit | user=null | ip=null | op=WRITE_CHUNK {blockData=conID: 2 locID: 102664013248266895 bcsId: 0} | ret=SUCCESS |  
2019-08-23 02:48:42,513 | INFO  | DNAudit | user=null | ip=null | op=PUT_BLOCK {blockData=[blockId=conID: 2 locID: 102664013248266895 bcsId: 0,size=1048576]} | ret=SUCCESS |  
2019-08-23 02:48:42,524 | INFO  | DNAudit | user=null | ip=null | op=WRITE_CHUNK {blockData=conID: 2 locID: 102664013248266895 bcsId: 0} | ret=SUCCESS |  
2019-08-23 02:48:42,524 | INFO  | DNAudit | user=null | ip=null | op=PUT_BLOCK {blockData=[blockId=conID: 2 locID: 102664013248266895 bcsId: 0,size=1048576]} | ret=SUCCESS |  
2019-08-23 02:48:42,525 | INFO  | DNAudit | user=null | ip=null | op=WRITE_CHUNK {blockData=conID: 2 locID: 102664013248266895 bcsId: 0} | ret=SUCCESS |  
2019-08-23 02:48:42,525 | INFO  | DNAudit | user=null | ip=null | op=WRITE_CHUNK {blockData=conID: 2 locID: 102664013248266895 bcsId: 0} | ret=SUCCESS |  
2019-08-23 02:48:42,525 | INFO  | DNAudit | user=null | ip=null | op=PUT_BLOCK {blockData=[blockId=conID: 2 locID: 102664013248266895 bcsId: 0,size=2097152]} | ret=SUCCESS |  
2019-08-23 02:48:42,525 | INFO  | DNAudit | user=null | ip=null | op=PUT_BLOCK {blockData=[blockId=conID: 2 locID: 102664013248266895 bcsId: 0,size=2097152]} | ret=SUCCESS |  
2019-08-23 02:48:42,525 [grpc-default-executor-5] INFO  client.GrpcClientProtocolClient (GrpcClientProtocolClient.java:onNext(255)) - client-B268B4322F32->17750241-545b-4219-93a1-14a6ea3d85be: receive RaftClientReply:client-B268B4322F32->17750241-545b-4219-93a1-14a6ea3d85be@group-C33FBD9556F2, cid=3118, SUCCESS, logIndex=0, commits[17750241-545b-4219-93a1-14a6ea3d85be:c4708, 4eaaa090-573e-41d3-9f8c-c99e236d806a:c4704, 5f4cf9ee-4bed-49de-adaa-861aec894328:c4704]
2019-08-23 02:48:42,534 | INFO  | DNAudit | user=null | ip=null | op=WRITE_CHUNK {blockData=conID: 2 locID: 102664013248266895 bcsId: 4706} | ret=SUCCESS |  
2019-08-23 02:48:42,535 | INFO  | DNAudit | user=null | ip=null | op=WRITE_CHUNK {blockData=conID: 2 locID: 102664013248266895 bcsId: 4706} | ret=SUCCESS |  
2019-08-23 02:48:42,535 | INFO  | DNAudit | user=null | ip=null | op=WRITE_CHUNK {blockData=conID: 2 locID: 102664013248266895 bcsId: 4706} | ret=SUCCESS |  
2019-08-23 02:48:42,696 | INFO  | DNAudit | user=null | ip=null | op=WRITE_CHUNK {blockData=conID: 2 locID: 102664013248266895 bcsId: 4706} | ret=SUCCESS |  
2019-08-23 02:48:42,697 | INFO  | DNAudit | user=null | ip=null | op=PUT_BLOCK {blockData=[blockId=conID: 2 locID: 102664013248266895 bcsId: 0,size=3145728]} | ret=SUCCESS |  
2019-08-23 02:48:42,697 [grpc-default-executor-6] INFO  client.GrpcClientProtocolClient (GrpcClientProtocolClient.java:onNext(255)) - client-B268B4322F32->17750241-545b-4219-93a1-14a6ea3d85be: receive RaftClientReply:client-B268B4322F32->17750241-545b-4219-93a1-14a6ea3d85be@group-C33FBD9556F2, cid=3119, SUCCESS, logIndex=4710, commits[17750241-545b-4219-93a1-14a6ea3d85be:c4711, 4eaaa090-573e-41d3-9f8c-c99e236d806a:c4709, 5f4cf9ee-4bed-49de-adaa-861aec894328:c4709]
2019-08-23 02:48:42,698 [grpc-default-executor-6] INFO  client.GrpcClientProtocolClient (GrpcClientProtocolClient.java:onNext(255)) - client-B268B4322F32->17750241-545b-4219-93a1-14a6ea3d85be: receive RaftClientReply:client-B268B4322F32->17750241-545b-4219-93a1-14a6ea3d85be@group-C33FBD9556F2, cid=3120, SUCCESS, logIndex=4711, commits[17750241-545b-4219-93a1-14a6ea3d85be:c4711, 4eaaa090-573e-41d3-9f8c-c99e236d806a:c4709, 5f4cf9ee-4bed-49de-adaa-861aec894328:c4709]
2019-08-23 02:48:42,706 | INFO  | DNAudit | user=null | ip=null | op=WRITE_CHUNK {blockData=conID: 2 locID: 102664013248266895 bcsId: 4711} | ret=SUCCESS |  
2019-08-23 02:48:42,708 | INFO  | DNAudit | user=null | ip=null | op=WRITE_CHUNK {blockData=conID: 2 locID: 102664013248266895 bcsId: 4706} | ret=SUCCESS |  
2019-08-23 02:48:42,708 | INFO  | DNAudit | user=null | ip=null | op=WRITE_CHUNK {blockData=conID: 2 locID: 102664013248266895 bcsId: 4706} | ret=SUCCESS |  
2019-08-23 02:48:42,708 | INFO  | DNAudit | user=null | ip=null | op=PUT_BLOCK {blockData=[blockId=conID: 2 locID: 102664013248266895 bcsId: 0,size=3145728]} | ret=SUCCESS |  
2019-08-23 02:48:42,708 | INFO  | DNAudit | user=null | ip=null | op=PUT_BLOCK {blockData=[blockId=conID: 2 locID: 102664013248266895 bcsId: 0,size=3145728]} | ret=SUCCESS |  
2019-08-23 02:48:42,709 | INFO  | DNAudit | user=null | ip=null | op=WRITE_CHUNK {blockData=conID: 2 locID: 102664013248266895 bcsId: 4711} | ret=SUCCESS |  
2019-08-23 02:48:42,709 | INFO  | DNAudit | user=null | ip=null | op=WRITE_CHUNK {blockData=conID: 2 locID: 102664013248266895 bcsId: 4711} | ret=SUCCESS |  
2019-08-23 02:48:42,721 | INFO  | DNAudit | user=null | ip=null | op=WRITE_CHUNK {blockData=conID: 2 locID: 102664013248266895 bcsId: 4711} | ret=SUCCESS |  
2019-08-23 02:48:42,721 | INFO  | DNAudit | user=null | ip=null | op=PUT_BLOCK {blockData=[blockId=conID: 2 locID: 102664013248266895 bcsId: 0,size=4194304]} | ret=SUCCESS |  
2019-08-23 02:48:42,722 [grpc-default-executor-2] INFO  client.GrpcClientProtocolClient (GrpcClientProtocolClient.java:onNext(255)) - client-B268B4322F32->17750241-545b-4219-93a1-14a6ea3d85be: receive RaftClientReply:client-B268B4322F32->17750241-545b-4219-93a1-14a6ea3d85be@group-C33FBD9556F2, cid=3121, SUCCESS, logIndex=4714, commits[17750241-545b-4219-93a1-14a6ea3d85be:c4715, 4eaaa090-573e-41d3-9f8c-c99e236d806a:c4711, 5f4cf9ee-4bed-49de-adaa-861aec894328:c4711]
2019-08-23 02:48:42,722 [grpc-default-executor-2] INFO  client.GrpcClientProtocolClient (GrpcClientProtocolClient.java:onNext(255)) - client-B268B4322F32->17750241-545b-4219-93a1-14a6ea3d85be: receive RaftClientReply:client-B268B4322F32->17750241-545b-4219-93a1-14a6ea3d85be@group-C33FBD9556F2, cid=3122, SUCCESS, logIndex=4715, commits[17750241-545b-4219-93a1-14a6ea3d85be:c4715, 4eaaa090-573e-41d3-9f8c-c99e236d806a:c4711, 5f4cf9ee-4bed-49de-adaa-861aec894328:c4711]
2019-08-23 02:48:42,724 | INFO  | DNAudit | user=null | ip=null | op=WRITE_CHUNK {blockData=conID: 2 locID: 102664013248266895 bcsId: 4711} | ret=SUCCESS |  
2019-08-23 02:48:42,724 | INFO  | DNAudit | user=null | ip=null | op=WRITE_CHUNK {blockData=conID: 2 locID: 102664013248266895 bcsId: 4711} | ret=SUCCESS |  
2019-08-23 02:48:42,735 | INFO  | DNAudit | user=null | ip=null | op=PUT_BLOCK {blockData=[blockId=conID: 2 locID: 102664013248266895 bcsId: 0,size=4194304]} | ret=SUCCESS |  
2019-08-23 02:48:42,735 | INFO  | DNAudit | user=null | ip=null | op=PUT_BLOCK {blockData=[blockId=conID: 2 locID: 102664013248266895 bcsId: 0,size=4194304]} | ret=SUCCESS |  
2019-08-23 02:48:42,736 [grpc-default-executor-5] INFO  client.GrpcClientProtocolClient (GrpcClientProtocolClient.java:onNext(255)) - client-B268B4322F32->17750241-545b-4219-93a1-14a6ea3d85be: receive RaftClientReply:client-B268B4322F32->17750241-545b-4219-93a1-14a6ea3d85be@group-C33FBD9556F2, cid=3123, SUCCESS, logIndex=0, commits[17750241-545b-4219-93a1-14a6ea3d85be:c4717, 4eaaa090-573e-41d3-9f8c-c99e236d806a:c4715, 5f4cf9ee-4bed-49de-adaa-861aec894328:c4715]
2019-08-23 02:48:42,738 | INFO  | SCMAudit | user=jenkins1000 | ip=192.168.34.22 | op=ALLOCATE_BLOCK {owner=31d65bc3-3f70-45f5-bbc5-e3a15f967ba6, size=4194304, type=RATIS, factor=THREE} | ret=SUCCESS |  
2019-08-23 02:48:42,743 | INFO  | OMAudit | user=jenkins1000 | ip=127.0.0.1 | op=ALLOCATE_BLOCK {volume=vol-0-78052, bucket=bucket-0-33874, key=key-0-20719, dataSize=2147483657, replicationType=RATIS, replicationFactor=THREE, keyLocationInfo=[], clientID=102664010308846034} | ret=SUCCESS |  
2019-08-23 02:48:42,758 | INFO  | DNAudit | user=null | ip=null | op=WRITE_CHUNK {blockData=conID: 3 locID: 102664013266158224 bcsId: 0} | ret=SUCCESS |  
2019-08-23 02:48:42,761 | INFO  | DNAudit | user=null | ip=null | op=WRITE_CHUNK {blockData=conID: 3 locID: 102664013266158224 bcsId: 0} | ret=SUCCESS |  
2019-08-23 02:48:42,761 | INFO  | DNAudit | user=null | ip=null | op=WRITE_CHUNK {blockData=conID: 3 locID: 102664013266158224 bcsId: 0} | ret=SUCCESS |  
2019-08-23 02:48:42,762 | INFO  | DNAudit | user=null | ip=null | op=WRITE_CHUNK {blockData=conID: 3 locID: 102664013266158224 bcsId: 0} | ret=SUCCESS |  
2019-08-23 02:48:42,765 | INFO  | DNAudit | user=null | ip=null | op=WRITE_CHUNK {blockData=conID: 3 locID: 102664013266158224 bcsId: 0} | ret=SUCCESS |  
2019-08-23 02:48:42,766 | INFO  | DNAudit | user=null | ip=null | op=WRITE_CHUNK {blockData=conID: 3 locID: 102664013266158224 bcsId: 0} | ret=SUCCESS |  
2019-08-23 02:48:42,772 | INFO  | DNAudit | user=null | ip=null | op=WRITE_CHUNK {blockData=conID: 3 locID: 102664013266158224 bcsId: 0} | ret=SUCCESS |  
2019-08-23 02:48:42,772 | INFO  | DNAudit | user=null | ip=null | op=PUT_BLOCK {blockData=[blockId=conID: 3 locID: 102664013266158224 bcsId: 0,size=1048576]} | ret=SUCCESS |  
2019-08-23 02:48:42,773 | INFO  | DNAudit | user=null | ip=null | op=WRITE_CHUNK {blockData=conID: 3 locID: 102664013266158224 bcsId: 0} | ret=SUCCESS |  
2019-08-23 02:48:42,773 [grpc-default-executor-1] INFO  client.GrpcClientProtocolClient (GrpcClientProtocolClient.java:onNext(255)) - client-B268B4322F32->17750241-545b-4219-93a1-14a6ea3d85be: receive RaftClientReply:client-B268B4322F32->17750241-545b-4219-93a1-14a6ea3d85be@group-C33FBD9556F2, cid=3124, SUCCESS, logIndex=4718, commits[17750241-545b-4219-93a1-14a6ea3d85be:c4719, 4eaaa090-573e-41d3-9f8c-c99e236d806a:c4717, 5f4cf9ee-4bed-49de-adaa-861aec894328:c4717]
2019-08-23 02:48:42,773 | INFO  | DNAudit | user=null | ip=null | op=PUT_BLOCK {blockData=[blockId=conID: 3 locID: 102664013266158224 bcsId: 0,size=2097152]} | ret=SUCCESS |  
2019-08-23 02:48:42,774 [grpc-default-executor-1] INFO  client.GrpcClientProtocolClient (GrpcClientProtocolClient.java:onNext(255)) - client-B268B4322F32->17750241-545b-4219-93a1-14a6ea3d85be: receive RaftClientReply:client-B268B4322F32->17750241-545b-4219-93a1-14a6ea3d85be@group-C33FBD9556F2, cid=3125, SUCCESS, logIndex=4719, commits[17750241-545b-4219-93a1-14a6ea3d85be:c4719, 4eaaa090-573e-41d3-9f8c-c99e236d806a:c4717, 5f4cf9ee-4bed-49de-adaa-861aec894328:c4717]
2019-08-23 02:48:42,774 [grpc-default-executor-1] INFO  client.GrpcClientProtocolClient (GrpcClientProtocolClient.java:onNext(255)) - client-B268B4322F32->17750241-545b-4219-93a1-14a6ea3d85be: receive RaftClientReply:client-B268B4322F32->17750241-545b-4219-93a1-14a6ea3d85be@group-C33FBD9556F2, cid=3126, SUCCESS, logIndex=4720, commits[17750241-545b-4219-93a1-14a6ea3d85be:c4721, 4eaaa090-573e-41d3-9f8c-c99e236d806a:c4717, 5f4cf9ee-4bed-49de-adaa-861aec894328:c4717]
2019-08-23 02:48:42,776 [grpc-default-executor-1] INFO  client.GrpcClientProtocolClient (GrpcClientProtocolClient.java:onNext(255)) - client-B268B4322F32->17750241-545b-4219-93a1-14a6ea3d85be: receive RaftClientReply:client-B268B4322F32->17750241-545b-4219-93a1-14a6ea3d85be@group-C33FBD9556F2, cid=3127, SUCCESS, logIndex=4721, commits[17750241-545b-4219-93a1-14a6ea3d85be:c4721, 4eaaa090-573e-41d3-9f8c-c99e236d806a:c4717, 5f4cf9ee-4bed-49de-adaa-861aec894328:c4717]
2019-08-23 02:48:42,787 | INFO  | DNAudit | user=null | ip=null | op=WRITE_CHUNK {blockData=conID: 3 locID: 102664013266158224 bcsId: 0} | ret=SUCCESS |  
2019-08-23 02:48:42,787 | INFO  | DNAudit | user=null | ip=null | op=PUT_BLOCK {blockData=[blockId=conID: 3 locID: 102664013266158224 bcsId: 0,size=1048576]} | ret=SUCCESS |  
2019-08-23 02:48:42,787 | INFO  | DNAudit | user=null | ip=null | op=WRITE_CHUNK {blockData=conID: 3 locID: 102664013266158224 bcsId: 0} | ret=SUCCESS |  
2019-08-23 02:48:42,788 | INFO  | DNAudit | user=null | ip=null | op=PUT_BLOCK {blockData=[blockId=conID: 3 locID: 102664013266158224 bcsId: 0,size=1048576]} | ret=SUCCESS |  
2019-08-23 02:48:42,788 | INFO  | DNAudit | user=null | ip=null | op=WRITE_CHUNK {blockData=conID: 3 locID: 102664013266158224 bcsId: 0} | ret=SUCCESS |  
2019-08-23 02:48:42,788 | INFO  | DNAudit | user=null | ip=null | op=PUT_BLOCK {blockData=[blockId=conID: 3 locID: 102664013266158224 bcsId: 0,size=2097152]} | ret=SUCCESS |  
2019-08-23 02:48:42,789 [grpc-default-executor-1] INFO  client.GrpcClientProtocolClient (GrpcClientProtocolClient.java:onNext(255)) - client-B268B4322F32->17750241-545b-4219-93a1-14a6ea3d85be: receive RaftClientReply:client-B268B4322F32->17750241-545b-4219-93a1-14a6ea3d85be@group-C33FBD9556F2, cid=3128, SUCCESS, logIndex=0, commits[17750241-545b-4219-93a1-14a6ea3d85be:c4722, 4eaaa090-573e-41d3-9f8c-c99e236d806a:c4719, 5f4cf9ee-4bed-49de-adaa-861aec894328:c4719]
2019-08-23 02:48:42,798 | INFO  | DNAudit | user=null | ip=null | op=WRITE_CHUNK {blockData=conID: 3 locID: 102664013266158224 bcsId: 0} | ret=SUCCESS |  
2019-08-23 02:48:42,799 | INFO  | DNAudit | user=null | ip=null | op=PUT_BLOCK {blockData=[blockId=conID: 3 locID: 102664013266158224 bcsId: 0,size=2097152]} | ret=SUCCESS |  
2019-08-23 02:48:42,802 | INFO  | DNAudit | user=null | ip=null | op=WRITE_CHUNK {blockData=conID: 3 locID: 102664013266158224 bcsId: 4721} | ret=SUCCESS |  
2019-08-23 02:48:42,805 | INFO  | DNAudit | user=null | ip=null | op=WRITE_CHUNK {blockData=conID: 3 locID: 102664013266158224 bcsId: 4721} | ret=SUCCESS |  
2019-08-23 02:48:42,805 | INFO  | DNAudit | user=null | ip=null | op=WRITE_CHUNK {blockData=conID: 3 locID: 102664013266158224 bcsId: 4721} | ret=SUCCESS |  
2019-08-23 02:48:42,817 | INFO  | DNAudit | user=null | ip=null | op=WRITE_CHUNK {blockData=conID: 3 locID: 102664013266158224 bcsId: 4721} | ret=SUCCESS |  
2019-08-23 02:48:42,817 | INFO  | DNAudit | user=null | ip=null | op=PUT_BLOCK {blockData=[blockId=conID: 3 locID: 102664013266158224 bcsId: 0,size=3145728]} | ret=SUCCESS |  
2019-08-23 02:48:42,817 [grpc-default-executor-5] INFO  client.GrpcClientProtocolClient (GrpcClientProtocolClient.java:onNext(255)) - client-B268B4322F32->17750241-545b-4219-93a1-14a6ea3d85be: receive RaftClientReply:client-B268B4322F32->17750241-545b-4219-93a1-14a6ea3d85be@group-C33FBD9556F2, cid=3129, SUCCESS, logIndex=4726, commits[17750241-545b-4219-93a1-14a6ea3d85be:c4727, 4eaaa090-573e-41d3-9f8c-c99e236d806a:c4725, 5f4cf9ee-4bed-49de-adaa-861aec894328:c4725]
2019-08-23 02:48:42,818 [grpc-default-executor-5] INFO  client.GrpcClientProtocolClient (GrpcClientProtocolClient.java:onNext(255)) - client-B268B4322F32->17750241-545b-4219-93a1-14a6ea3d85be: receive RaftClientReply:client-B268B4322F32->17750241-545b-4219-93a1-14a6ea3d85be@group-C33FBD9556F2, cid=3130, SUCCESS, logIndex=4727, commits[17750241-545b-4219-93a1-14a6ea3d85be:c4727, 4eaaa090-573e-41d3-9f8c-c99e236d806a:c4725, 5f4cf9ee-4bed-49de-adaa-861aec894328:c4725]
2019-08-23 02:48:42,828 | INFO  | DNAudit | user=null | ip=null | op=WRITE_CHUNK {blockData=conID: 3 locID: 102664013266158224 bcsId: 4727} | ret=SUCCESS |  
2019-08-23 02:48:42,830 | INFO  | DNAudit | user=null | ip=null | op=WRITE_CHUNK {blockData=conID: 3 locID: 102664013266158224 bcsId: 4727} | ret=SUCCESS |  
2019-08-23 02:48:42,831 | INFO  | DNAudit | user=null | ip=null | op=WRITE_CHUNK {blockData=conID: 3 locID: 102664013266158224 bcsId: 4721} | ret=SUCCESS |  
2019-08-23 02:48:42,831 | INFO  | DNAudit | user=null | ip=null | op=WRITE_CHUNK {blockData=conID: 3 locID: 102664013266158224 bcsId: 4721} | ret=SUCCESS |  
2019-08-23 02:48:42,831 | INFO  | DNAudit | user=null | ip=null | op=WRITE_CHUNK {blockData=conID: 3 locID: 102664013266158224 bcsId: 4727} | ret=SUCCESS |  
2019-08-23 02:48:42,831 | INFO  | DNAudit | user=null | ip=null | op=PUT_BLOCK {blockData=[blockId=conID: 3 locID: 102664013266158224 bcsId: 0,size=3145728]} | ret=SUCCESS |  
2019-08-23 02:48:42,842 | INFO  | DNAudit | user=null | ip=null | op=PUT_BLOCK {blockData=[blockId=conID: 3 locID: 102664013266158224 bcsId: 0,size=3145728]} | ret=SUCCESS |  
2019-08-23 02:48:42,843 | INFO  | DNAudit | user=null | ip=null | op=WRITE_CHUNK {blockData=conID: 3 locID: 102664013266158224 bcsId: 4727} | ret=SUCCESS |  
2019-08-23 02:48:42,843 | INFO  | DNAudit | user=null | ip=null | op=PUT_BLOCK {blockData=[blockId=conID: 3 locID: 102664013266158224 bcsId: 0,size=4194304]} | ret=SUCCESS |  
2019-08-23 02:48:42,844 [grpc-default-executor-1] INFO  client.GrpcClientProtocolClient (GrpcClientProtocolClient.java:onNext(255)) - client-B268B4322F32->17750241-545b-4219-93a1-14a6ea3d85be: receive RaftClientReply:client-B268B4322F32->17750241-545b-4219-93a1-14a6ea3d85be@group-C33FBD9556F2, cid=3131, SUCCESS, logIndex=4730, commits[17750241-545b-4219-93a1-14a6ea3d85be:c4730, 4eaaa090-573e-41d3-9f8c-c99e236d806a:c4727, 5f4cf9ee-4bed-49de-adaa-861aec894328:c4727]
2019-08-23 02:48:42,844 [grpc-default-executor-1] INFO  client.GrpcClientProtocolClient (GrpcClientProtocolClient.java:onNext(255)) - client-B268B4322F32->17750241-545b-4219-93a1-14a6ea3d85be: receive RaftClientReply:client-B268B4322F32->17750241-545b-4219-93a1-14a6ea3d85be@group-C33FBD9556F2, cid=3132, SUCCESS, logIndex=4731, commits[17750241-545b-4219-93a1-14a6ea3d85be:c4731, 4eaaa090-573e-41d3-9f8c-c99e236d806a:c4727, 5f4cf9ee-4bed-49de-adaa-861aec894328:c4727]
2019-08-23 02:48:42,866 | INFO  | DNAudit | user=null | ip=null | op=WRITE_CHUNK {blockData=conID: 3 locID: 102664013266158224 bcsId: 4727} | ret=SUCCESS |  
2019-08-23 02:48:42,866 | INFO  | DNAudit | user=null | ip=null | op=WRITE_CHUNK {blockData=conID: 3 locID: 102664013266158224 bcsId: 4727} | ret=SUCCESS |  
2019-08-23 02:48:42,867 | INFO  | DNAudit | user=null | ip=null | op=PUT_BLOCK {blockData=[blockId=conID: 3 locID: 102664013266158224 bcsId: 0,size=4194304]} | ret=SUCCESS |  
2019-08-23 02:48:42,869 | INFO  | DNAudit | user=null | ip=null | op=PUT_BLOCK {blockData=[blockId=conID: 3 locID: 102664013266158224 bcsId: 0,size=4194304]} | ret=SUCCESS |  
2019-08-23 02:48:42,870 [grpc-default-executor-1] INFO  client.GrpcClientProtocolClient (GrpcClientProtocolClient.java:onNext(255)) - client-B268B4322F32->17750241-545b-4219-93a1-14a6ea3d85be: receive RaftClientReply:client-B268B4322F32->17750241-545b-4219-93a1-14a6ea3d85be@group-C33FBD9556F2, cid=3133, SUCCESS, logIndex=0, commits[17750241-545b-4219-93a1-14a6ea3d85be:c4733, 4eaaa090-573e-41d3-9f8c-c99e236d806a:c4731, 5f4cf9ee-4bed-49de-adaa-861aec894328:c4731]
2019-08-23 02:48:42,872 | INFO  | SCMAudit | user=jenkins1000 | ip=192.168.34.22 | op=ALLOCATE_BLOCK {owner=31d65bc3-3f70-45f5-bbc5-e3a15f967ba6, size=4194304, type=RATIS, factor=THREE} | ret=SUCCESS |  
2019-08-23 02:48:42,882 | INFO  | OMAudit | user=jenkins1000 | ip=127.0.0.1 | op=ALLOCATE_BLOCK {volume=vol-0-78052, bucket=bucket-0-33874, key=key-0-20719, dataSize=2147483657, replicationType=RATIS, replicationFactor=THREE, keyLocationInfo=[], clientID=102664010308846034} | ret=SUCCESS |  
2019-08-23 02:48:42,902 | INFO  | DNAudit | user=null | ip=null | op=WRITE_CHUNK {blockData=conID: 1 locID: 102664013274940049 bcsId: 0} | ret=SUCCESS |  
2019-08-23 02:48:42,904 | INFO  | DNAudit | user=null | ip=null | op=WRITE_CHUNK {blockData=conID: 1 locID: 102664013274940049 bcsId: 0} | ret=SUCCESS |  
2019-08-23 02:48:42,906 | INFO  | DNAudit | user=null | ip=null | op=WRITE_CHUNK {blockData=conID: 1 locID: 102664013274940049 bcsId: 0} | ret=SUCCESS |  
2019-08-23 02:48:42,907 | INFO  | DNAudit | user=null | ip=null | op=WRITE_CHUNK {blockData=conID: 1 locID: 102664013274940049 bcsId: 0} | ret=SUCCESS |  
2019-08-23 02:48:42,910 | INFO  | DNAudit | user=null | ip=null | op=WRITE_CHUNK {blockData=conID: 1 locID: 102664013274940049 bcsId: 0} | ret=SUCCESS |  
2019-08-23 02:48:42,911 | INFO  | DNAudit | user=null | ip=null | op=WRITE_CHUNK {blockData=conID: 1 locID: 102664013274940049 bcsId: 0} | ret=SUCCESS |  
2019-08-23 02:48:42,915 | INFO  | DNAudit | user=null | ip=null | op=WRITE_CHUNK {blockData=conID: 1 locID: 102664013274940049 bcsId: 0} | ret=SUCCESS |  
2019-08-23 02:48:42,916 | INFO  | DNAudit | user=null | ip=null | op=PUT_BLOCK {blockData=[blockId=conID: 1 locID: 102664013274940049 bcsId: 0,size=1048576]} | ret=SUCCESS |  
2019-08-23 02:48:42,916 | INFO  | DNAudit | user=null | ip=null | op=WRITE_CHUNK {blockData=conID: 1 locID: 102664013274940049 bcsId: 0} | ret=SUCCESS |  
2019-08-23 02:48:42,917 | INFO  | DNAudit | user=null | ip=null | op=PUT_BLOCK {blockData=[blockId=conID: 1 locID: 102664013274940049 bcsId: 0,size=2097152]} | ret=SUCCESS |  
2019-08-23 02:48:42,917 [grpc-default-executor-1] INFO  client.GrpcClientProtocolClient (GrpcClientProtocolClient.java:onNext(255)) - client-B268B4322F32->17750241-545b-4219-93a1-14a6ea3d85be: receive RaftClientReply:client-B268B4322F32->17750241-545b-4219-93a1-14a6ea3d85be@group-C33FBD9556F2, cid=3134, SUCCESS, logIndex=4734, commits[17750241-545b-4219-93a1-14a6ea3d85be:c4735, 4eaaa090-573e-41d3-9f8c-c99e236d806a:c4733, 5f4cf9ee-4bed-49de-adaa-861aec894328:c4733]
2019-08-23 02:48:42,918 [grpc-default-executor-1] INFO  client.GrpcClientProtocolClient (GrpcClientProtocolClient.java:onNext(255)) - client-B268B4322F32->17750241-545b-4219-93a1-14a6ea3d85be: receive RaftClientReply:client-B268B4322F32->17750241-545b-4219-93a1-14a6ea3d85be@group-C33FBD9556F2, cid=3135, SUCCESS, logIndex=4735, commits[17750241-545b-4219-93a1-14a6ea3d85be:c4737, 4eaaa090-573e-41d3-9f8c-c99e236d806a:c4733, 5f4cf9ee-4bed-49de-adaa-861aec894328:c4733]
2019-08-23 02:48:42,918 [grpc-default-executor-1] INFO  client.GrpcClientProtocolClient (GrpcClientProtocolClient.java:onNext(255)) - client-B268B4322F32->17750241-545b-4219-93a1-14a6ea3d85be: receive RaftClientReply:client-B268B4322F32->17750241-545b-4219-93a1-14a6ea3d85be@group-C33FBD9556F2, cid=3136, SUCCESS, logIndex=4736, commits[17750241-545b-4219-93a1-14a6ea3d85be:c4737, 4eaaa090-573e-41d3-9f8c-c99e236d806a:c4733, 5f4cf9ee-4bed-49de-adaa-861aec894328:c4733]
2019-08-23 02:48:42,919 [grpc-default-executor-1] INFO  client.GrpcClientProtocolClient (GrpcClientProtocolClient.java:onNext(255)) - client-B268B4322F32->17750241-545b-4219-93a1-14a6ea3d85be: receive RaftClientReply:client-B268B4322F32->17750241-545b-4219-93a1-14a6ea3d85be@group-C33FBD9556F2, cid=3137, SUCCESS, logIndex=4737, commits[17750241-545b-4219-93a1-14a6ea3d85be:c4737, 4eaaa090-573e-41d3-9f8c-c99e236d806a:c4733, 5f4cf9ee-4bed-49de-adaa-861aec894328:c4733]
2019-08-23 02:48:42,930 | INFO  | DNAudit | user=null | ip=null | op=WRITE_CHUNK {blockData=conID: 1 locID: 102664013274940049 bcsId: 0} | ret=SUCCESS |  
2019-08-23 02:48:42,930 | INFO  | DNAudit | user=null | ip=null | op=WRITE_CHUNK {blockData=conID: 1 locID: 102664013274940049 bcsId: 0} | ret=SUCCESS |  
2019-08-23 02:48:42,930 | INFO  | DNAudit | user=null | ip=null | op=PUT_BLOCK {blockData=[blockId=conID: 1 locID: 102664013274940049 bcsId: 0,size=1048576]} | ret=SUCCESS |  
2019-08-23 02:48:42,931 | INFO  | DNAudit | user=null | ip=null | op=WRITE_CHUNK {blockData=conID: 1 locID: 102664013274940049 bcsId: 0} | ret=SUCCESS |  
2019-08-23 02:48:42,931 | INFO  | DNAudit | user=null | ip=null | op=PUT_BLOCK {blockData=[blockId=conID: 1 locID: 102664013274940049 bcsId: 0,size=2097152]} | ret=SUCCESS |  
2019-08-23 02:48:42,942 | INFO  | DNAudit | user=null | ip=null | op=PUT_BLOCK {blockData=[blockId=conID: 1 locID: 102664013274940049 bcsId: 0,size=1048576]} | ret=SUCCESS |  
2019-08-23 02:48:42,942 | INFO  | DNAudit | user=null | ip=null | op=WRITE_CHUNK {blockData=conID: 1 locID: 102664013274940049 bcsId: 0} | ret=SUCCESS |  
2019-08-23 02:48:42,942 | INFO  | DNAudit | user=null | ip=null | op=PUT_BLOCK {blockData=[blockId=conID: 1 locID: 102664013274940049 bcsId: 0,size=2097152]} | ret=SUCCESS |  
2019-08-23 02:48:42,943 [grpc-default-executor-1] INFO  client.GrpcClientProtocolClient (GrpcClientProtocolClient.java:onNext(255)) - client-B268B4322F32->17750241-545b-4219-93a1-14a6ea3d85be: receive RaftClientReply:client-B268B4322F32->17750241-545b-4219-93a1-14a6ea3d85be@group-C33FBD9556F2, cid=3138, SUCCESS, logIndex=0, commits[17750241-545b-4219-93a1-14a6ea3d85be:c4741, 4eaaa090-573e-41d3-9f8c-c99e236d806a:c4737, 5f4cf9ee-4bed-49de-adaa-861aec894328:c4735]
2019-08-23 02:48:42,953 | INFO  | DNAudit | user=null | ip=null | op=WRITE_CHUNK {blockData=conID: 1 locID: 102664013274940049 bcsId: 4737} | ret=SUCCESS |  
2019-08-23 02:48:42,956 | INFO  | DNAudit | user=null | ip=null | op=WRITE_CHUNK {blockData=conID: 1 locID: 102664013274940049 bcsId: 4737} | ret=SUCCESS |  
2019-08-23 02:48:42,957 | INFO  | DNAudit | user=null | ip=null | op=WRITE_CHUNK {blockData=conID: 1 locID: 102664013274940049 bcsId: 4737} | ret=SUCCESS |  
2019-08-23 02:48:42,967 | INFO  | DNAudit | user=null | ip=null | op=WRITE_CHUNK {blockData=conID: 1 locID: 102664013274940049 bcsId: 4737} | ret=SUCCESS |  
2019-08-23 02:48:42,968 | INFO  | DNAudit | user=null | ip=null | op=PUT_BLOCK {blockData=[blockId=conID: 1 locID: 102664013274940049 bcsId: 0,size=3145728]} | ret=SUCCESS |  
2019-08-23 02:48:42,968 [grpc-default-executor-6] INFO  client.GrpcClientProtocolClient (GrpcClientProtocolClient.java:onNext(255)) - client-B268B4322F32->17750241-545b-4219-93a1-14a6ea3d85be: receive RaftClientReply:client-B268B4322F32->17750241-545b-4219-93a1-14a6ea3d85be@group-C33FBD9556F2, cid=3139, SUCCESS, logIndex=4742, commits[17750241-545b-4219-93a1-14a6ea3d85be:c4742, 4eaaa090-573e-41d3-9f8c-c99e236d806a:c4741, 5f4cf9ee-4bed-49de-adaa-861aec894328:c4737]
2019-08-23 02:48:42,968 [grpc-default-executor-6] INFO  client.GrpcClientProtocolClient (GrpcClientProtocolClient.java:onNext(255)) - client-B268B4322F32->17750241-545b-4219-93a1-14a6ea3d85be: receive RaftClientReply:client-B268B4322F32->17750241-545b-4219-93a1-14a6ea3d85be@group-C33FBD9556F2, cid=3140, SUCCESS, logIndex=4743, commits[17750241-545b-4219-93a1-14a6ea3d85be:c4743, 4eaaa090-573e-41d3-9f8c-c99e236d806a:c4741, 5f4cf9ee-4bed-49de-adaa-861aec894328:c4741]
2019-08-23 02:48:42,980 | INFO  | DNAudit | user=null | ip=null | op=WRITE_CHUNK {blockData=conID: 1 locID: 102664013274940049 bcsId: 4737} | ret=SUCCESS |  
2019-08-23 02:48:42,980 | INFO  | DNAudit | user=null | ip=null | op=WRITE_CHUNK {blockData=conID: 1 locID: 102664013274940049 bcsId: 4737} | ret=SUCCESS |  
2019-08-23 02:48:42,983 | INFO  | DNAudit | user=null | ip=null | op=WRITE_CHUNK {blockData=conID: 1 locID: 102664013274940049 bcsId: 4743} | ret=SUCCESS |  
2019-08-23 02:48:42,987 | INFO  | DNAudit | user=null | ip=null | op=WRITE_CHUNK {blockData=conID: 1 locID: 102664013274940049 bcsId: 4743} | ret=SUCCESS |  
2019-08-23 02:48:42,987 | INFO  | DNAudit | user=null | ip=null | op=WRITE_CHUNK {blockData=conID: 1 locID: 102664013274940049 bcsId: 4743} | ret=SUCCESS |  
2019-08-23 02:48:42,993 | INFO  | DNAudit | user=null | ip=null | op=PUT_BLOCK {blockData=[blockId=conID: 1 locID: 102664013274940049 bcsId: 0,size=3145728]} | ret=SUCCESS |  
2019-08-23 02:48:42,993 | INFO  | DNAudit | user=null | ip=null | op=PUT_BLOCK {blockData=[blockId=conID: 1 locID: 102664013274940049 bcsId: 0,size=3145728]} | ret=SUCCESS |  
2019-08-23 02:48:43,006 | INFO  | DNAudit | user=null | ip=null | op=WRITE_CHUNK {blockData=conID: 1 locID: 102664013274940049 bcsId: 4743} | ret=SUCCESS |  
2019-08-23 02:48:43,007 | INFO  | DNAudit | user=null | ip=null | op=PUT_BLOCK {blockData=[blockId=conID: 1 locID: 102664013274940049 bcsId: 0,size=4194304]} | ret=SUCCESS |  
2019-08-23 02:48:43,008 [grpc-default-executor-6] INFO  client.GrpcClientProtocolClient (GrpcClientProtocolClient.java:onNext(255)) - client-B268B4322F32->17750241-545b-4219-93a1-14a6ea3d85be: receive RaftClientReply:client-B268B4322F32->17750241-545b-4219-93a1-14a6ea3d85be@group-C33FBD9556F2, cid=3141, SUCCESS, logIndex=4746, commits[17750241-545b-4219-93a1-14a6ea3d85be:c4747, 4eaaa090-573e-41d3-9f8c-c99e236d806a:c4744, 5f4cf9ee-4bed-49de-adaa-861aec894328:c4743]
2019-08-23 02:48:43,008 [grpc-default-executor-6] INFO  client.GrpcClientProtocolClient (GrpcClientProtocolClient.java:onNext(255)) - client-B268B4322F32->17750241-545b-4219-93a1-14a6ea3d85be: receive RaftClientReply:client-B268B4322F32->17750241-545b-4219-93a1-14a6ea3d85be@group-C33FBD9556F2, cid=3142, SUCCESS, logIndex=4747, commits[17750241-545b-4219-93a1-14a6ea3d85be:c4747, 4eaaa090-573e-41d3-9f8c-c99e236d806a:c4744, 5f4cf9ee-4bed-49de-adaa-861aec894328:c4744]
2019-08-23 02:48:43,020 | INFO  | DNAudit | user=null | ip=null | op=WRITE_CHUNK {blockData=conID: 1 locID: 102664013274940049 bcsId: 4743} | ret=SUCCESS |  
2019-08-23 02:48:43,020 | INFO  | DNAudit | user=null | ip=null | op=WRITE_CHUNK {blockData=conID: 1 locID: 102664013274940049 bcsId: 4743} | ret=SUCCESS |  
2019-08-23 02:48:43,020 | INFO  | DNAudit | user=null | ip=null | op=PUT_BLOCK {blockData=[blockId=conID: 1 locID: 102664013274940049 bcsId: 0,size=4194304]} | ret=SUCCESS |  
2019-08-23 02:48:43,020 | INFO  | DNAudit | user=null | ip=null | op=PUT_BLOCK {blockData=[blockId=conID: 1 locID: 102664013274940049 bcsId: 0,size=4194304]} | ret=SUCCESS |  
2019-08-23 02:48:43,021 [grpc-default-executor-6] INFO  client.GrpcClientProtocolClient (GrpcClientProtocolClient.java:onNext(255)) - client-B268B4322F32->17750241-545b-4219-93a1-14a6ea3d85be: receive RaftClientReply:client-B268B4322F32->17750241-545b-4219-93a1-14a6ea3d85be@group-C33FBD9556F2, cid=3143, SUCCESS, logIndex=0, commits[17750241-545b-4219-93a1-14a6ea3d85be:c4748, 4eaaa090-573e-41d3-9f8c-c99e236d806a:c4747, 5f4cf9ee-4bed-49de-adaa-861aec894328:c4747]
2019-08-23 02:48:43,023 | INFO  | SCMAudit | user=jenkins1000 | ip=192.168.34.22 | op=ALLOCATE_BLOCK {owner=31d65bc3-3f70-45f5-bbc5-e3a15f967ba6, size=4194304, type=RATIS, factor=THREE} | ret=SUCCESS |  
2019-08-23 02:48:43,032 | INFO  | OMAudit | user=jenkins1000 | ip=127.0.0.1 | op=ALLOCATE_BLOCK {volume=vol-0-78052, bucket=bucket-0-33874, key=key-0-20719, dataSize=2147483657, replicationType=RATIS, replicationFactor=THREE, keyLocationInfo=[], clientID=102664010308846034} | ret=SUCCESS |  
2019-08-23 02:48:43,048 | INFO  | DNAudit | user=null | ip=null | op=WRITE_CHUNK {blockData=conID: 2 locID: 102664013284835986 bcsId: 0} | ret=SUCCESS |  
2019-08-23 02:48:43,052 | INFO  | DNAudit | user=null | ip=null | op=WRITE_CHUNK {blockData=conID: 2 locID: 102664013284835986 bcsId: 0} | ret=SUCCESS |  
2019-08-23 02:48:43,053 | INFO  | DNAudit | user=null | ip=null | op=WRITE_CHUNK {blockData=conID: 2 locID: 102664013284835986 bcsId: 0} | ret=SUCCESS |  
2019-08-23 02:48:43,053 | INFO  | DNAudit | user=null | ip=null | op=WRITE_CHUNK {blockData=conID: 2 locID: 102664013284835986 bcsId: 0} | ret=SUCCESS |  
2019-08-23 02:48:43,056 | INFO  | DNAudit | user=null | ip=null | op=WRITE_CHUNK {blockData=conID: 2 locID: 102664013284835986 bcsId: 0} | ret=SUCCESS |  
2019-08-23 02:48:43,057 | INFO  | DNAudit | user=null | ip=null | op=WRITE_CHUNK {blockData=conID: 2 locID: 102664013284835986 bcsId: 0} | ret=SUCCESS |  
2019-08-23 02:48:43,062 | INFO  | DNAudit | user=null | ip=null | op=WRITE_CHUNK {blockData=conID: 2 locID: 102664013284835986 bcsId: 0} | ret=SUCCESS |  
2019-08-23 02:48:43,063 | INFO  | DNAudit | user=null | ip=null | op=PUT_BLOCK {blockData=[blockId=conID: 2 locID: 102664013284835986 bcsId: 0,size=1048576]} | ret=SUCCESS |  
2019-08-23 02:48:43,063 | INFO  | DNAudit | user=null | ip=null | op=WRITE_CHUNK {blockData=conID: 2 locID: 102664013284835986 bcsId: 0} | ret=SUCCESS |  
2019-08-23 02:48:43,064 [grpc-default-executor-6] INFO  client.GrpcClientProtocolClient (GrpcClientProtocolClient.java:onNext(255)) - client-B268B4322F32->17750241-545b-4219-93a1-14a6ea3d85be: receive RaftClientReply:client-B268B4322F32->17750241-545b-4219-93a1-14a6ea3d85be@group-C33FBD9556F2, cid=3144, SUCCESS, logIndex=4750, commits[17750241-545b-4219-93a1-14a6ea3d85be:c4751, 4eaaa090-573e-41d3-9f8c-c99e236d806a:c4749, 5f4cf9ee-4bed-49de-adaa-861aec894328:c4749]
2019-08-23 02:48:43,064 | INFO  | DNAudit | user=null | ip=null | op=PUT_BLOCK {blockData=[blockId=conID: 2 locID: 102664013284835986 bcsId: 0,size=2097152]} | ret=SUCCESS |  
2019-08-23 02:48:43,064 | INFO  | DNAudit | user=null | ip=null | op=WRITE_CHUNK {blockData=conID: 2 locID: 102664013284835986 bcsId: 0} | ret=SUCCESS |  
2019-08-23 02:48:43,065 | INFO  | DNAudit | user=null | ip=null | op=PUT_BLOCK {blockData=[blockId=conID: 2 locID: 102664013284835986 bcsId: 0,size=1048576]} | ret=SUCCESS |  
2019-08-23 02:48:43,065 | INFO  | DNAudit | user=null | ip=null | op=WRITE_CHUNK {blockData=conID: 2 locID: 102664013284835986 bcsId: 0} | ret=SUCCESS |  
2019-08-23 02:48:43,065 | INFO  | DNAudit | user=null | ip=null | op=PUT_BLOCK {blockData=[blockId=conID: 2 locID: 102664013284835986 bcsId: 0,size=1048576]} | ret=SUCCESS |  
2019-08-23 02:48:43,065 [grpc-default-executor-6] INFO  client.GrpcClientProtocolClient (GrpcClientProtocolClient.java:onNext(255)) - client-B268B4322F32->17750241-545b-4219-93a1-14a6ea3d85be: receive RaftClientReply:client-B268B4322F32->17750241-545b-4219-93a1-14a6ea3d85be@group-C33FBD9556F2, cid=3145, SUCCESS, logIndex=4751, commits[17750241-545b-4219-93a1-14a6ea3d85be:c4751, 4eaaa090-573e-41d3-9f8c-c99e236d806a:c4749, 5f4cf9ee-4bed-49de-adaa-861aec894328:c4749]
2019-08-23 02:48:43,065 | INFO  | DNAudit | user=null | ip=null | op=WRITE_CHUNK {blockData=conID: 2 locID: 102664013284835986 bcsId: 0} | ret=SUCCESS |  
2019-08-23 02:48:43,066 | INFO  | DNAudit | user=null | ip=null | op=PUT_BLOCK {blockData=[blockId=conID: 2 locID: 102664013284835986 bcsId: 0,size=2097152]} | ret=SUCCESS |  
2019-08-23 02:48:43,066 [grpc-default-executor-1] INFO  client.GrpcClientProtocolClient (GrpcClientProtocolClient.java:onNext(255)) - client-B268B4322F32->17750241-545b-4219-93a1-14a6ea3d85be: receive RaftClientReply:client-B268B4322F32->17750241-545b-4219-93a1-14a6ea3d85be@group-C33FBD9556F2, cid=3146, SUCCESS, logIndex=4752, commits[17750241-545b-4219-93a1-14a6ea3d85be:c4753, 4eaaa090-573e-41d3-9f8c-c99e236d806a:c4749, 5f4cf9ee-4bed-49de-adaa-861aec894328:c4749]
2019-08-23 02:48:43,067 [grpc-default-executor-1] INFO  client.GrpcClientProtocolClient (GrpcClientProtocolClient.java:onNext(255)) - client-B268B4322F32->17750241-545b-4219-93a1-14a6ea3d85be: receive RaftClientReply:client-B268B4322F32->17750241-545b-4219-93a1-14a6ea3d85be@group-C33FBD9556F2, cid=3147, SUCCESS, logIndex=4753, commits[17750241-545b-4219-93a1-14a6ea3d85be:c4753, 4eaaa090-573e-41d3-9f8c-c99e236d806a:c4749, 5f4cf9ee-4bed-49de-adaa-861aec894328:c4749]
2019-08-23 02:48:43,067 | INFO  | DNAudit | user=null | ip=null | op=WRITE_CHUNK {blockData=conID: 2 locID: 102664013284835986 bcsId: 0} | ret=SUCCESS |  
2019-08-23 02:48:43,067 | INFO  | DNAudit | user=null | ip=null | op=PUT_BLOCK {blockData=[blockId=conID: 2 locID: 102664013284835986 bcsId: 0,size=2097152]} | ret=SUCCESS |  
2019-08-23 02:48:43,068 [grpc-default-executor-1] INFO  client.GrpcClientProtocolClient (GrpcClientProtocolClient.java:onNext(255)) - client-B268B4322F32->17750241-545b-4219-93a1-14a6ea3d85be: receive RaftClientReply:client-B268B4322F32->17750241-545b-4219-93a1-14a6ea3d85be@group-C33FBD9556F2, cid=3148, SUCCESS, logIndex=0, commits[17750241-545b-4219-93a1-14a6ea3d85be:c4756, 4eaaa090-573e-41d3-9f8c-c99e236d806a:c4753, 5f4cf9ee-4bed-49de-adaa-861aec894328:c4753]
2019-08-23 02:48:43,078 | INFO  | DNAudit | user=null | ip=null | op=WRITE_CHUNK {blockData=conID: 2 locID: 102664013284835986 bcsId: 4753} | ret=SUCCESS |  
2019-08-23 02:48:43,080 | INFO  | DNAudit | user=null | ip=null | op=WRITE_CHUNK {blockData=conID: 2 locID: 102664013284835986 bcsId: 4753} | ret=SUCCESS |  
2019-08-23 02:48:43,081 | INFO  | DNAudit | user=null | ip=null | op=WRITE_CHUNK {blockData=conID: 2 locID: 102664013284835986 bcsId: 4753} | ret=SUCCESS |  
2019-08-23 02:48:43,091 | INFO  | DNAudit | user=null | ip=null | op=WRITE_CHUNK {blockData=conID: 2 locID: 102664013284835986 bcsId: 4753} | ret=SUCCESS |  
2019-08-23 02:48:43,092 | INFO  | DNAudit | user=null | ip=null | op=PUT_BLOCK {blockData=[blockId=conID: 2 locID: 102664013284835986 bcsId: 0,size=3145728]} | ret=SUCCESS |  
2019-08-23 02:48:43,092 [grpc-default-executor-2] INFO  client.GrpcClientProtocolClient (GrpcClientProtocolClient.java:onNext(255)) - client-B268B4322F32->17750241-545b-4219-93a1-14a6ea3d85be: receive RaftClientReply:client-B268B4322F32->17750241-545b-4219-93a1-14a6ea3d85be@group-C33FBD9556F2, cid=3149, SUCCESS, logIndex=4757, commits[17750241-545b-4219-93a1-14a6ea3d85be:c4758, 4eaaa090-573e-41d3-9f8c-c99e236d806a:c4756, 5f4cf9ee-4bed-49de-adaa-861aec894328:c4756]
2019-08-23 02:48:43,093 [grpc-default-executor-2] INFO  client.GrpcClientProtocolClient (GrpcClientProtocolClient.java:onNext(255)) - client-B268B4322F32->17750241-545b-4219-93a1-14a6ea3d85be: receive RaftClientReply:client-B268B4322F32->17750241-545b-4219-93a1-14a6ea3d85be@group-C33FBD9556F2, cid=3150, SUCCESS, logIndex=4758, commits[17750241-545b-4219-93a1-14a6ea3d85be:c4758, 4eaaa090-573e-41d3-9f8c-c99e236d806a:c4756, 5f4cf9ee-4bed-49de-adaa-861aec894328:c4756]
2019-08-23 02:48:43,102 | INFO  | DNAudit | user=null | ip=null | op=WRITE_CHUNK {blockData=conID: 2 locID: 102664013284835986 bcsId: 4758} | ret=SUCCESS |  
2019-08-23 02:48:43,105 | INFO  | DNAudit | user=null | ip=null | op=WRITE_CHUNK {blockData=conID: 2 locID: 102664013284835986 bcsId: 4758} | ret=SUCCESS |  
2019-08-23 02:48:43,106 | INFO  | DNAudit | user=null | ip=null | op=WRITE_CHUNK {blockData=conID: 2 locID: 102664013284835986 bcsId: 4758} | ret=SUCCESS |  
2019-08-23 02:48:43,117 | INFO  | DNAudit | user=null | ip=null | op=WRITE_CHUNK {blockData=conID: 2 locID: 102664013284835986 bcsId: 4753} | ret=SUCCESS |  
2019-08-23 02:48:43,117 | INFO  | DNAudit | user=null | ip=null | op=WRITE_CHUNK {blockData=conID: 2 locID: 102664013284835986 bcsId: 4753} | ret=SUCCESS |  
2019-08-23 02:48:43,118 | INFO  | DNAudit | user=null | ip=null | op=PUT_BLOCK {blockData=[blockId=conID: 2 locID: 102664013284835986 bcsId: 0,size=3145728]} | ret=SUCCESS |  
2019-08-23 02:48:43,118 | INFO  | DNAudit | user=null | ip=null | op=PUT_BLOCK {blockData=[blockId=conID: 2 locID: 102664013284835986 bcsId: 0,size=3145728]} | ret=SUCCESS |  
2019-08-23 02:48:43,120 | INFO  | DNAudit | user=null | ip=null | op=WRITE_CHUNK {blockData=conID: 2 locID: 102664013284835986 bcsId: 4758} | ret=SUCCESS |  
2019-08-23 02:48:43,120 | INFO  | DNAudit | user=null | ip=null | op=PUT_BLOCK {blockData=[blockId=conID: 2 locID: 102664013284835986 bcsId: 0,size=4194304]} | ret=SUCCESS |  
2019-08-23 02:48:43,121 [grpc-default-executor-6] INFO  client.GrpcClientProtocolClient (GrpcClientProtocolClient.java:onNext(255)) - client-B268B4322F32->17750241-545b-4219-93a1-14a6ea3d85be: receive RaftClientReply:client-B268B4322F32->17750241-545b-4219-93a1-14a6ea3d85be@group-C33FBD9556F2, cid=3151, SUCCESS, logIndex=4761, commits[17750241-545b-4219-93a1-14a6ea3d85be:c4762, 4eaaa090-573e-41d3-9f8c-c99e236d806a:c4758, 5f4cf9ee-4bed-49de-adaa-861aec894328:c4758]
2019-08-23 02:48:43,121 [grpc-default-executor-6] INFO  client.GrpcClientProtocolClient (GrpcClientProtocolClient.java:onNext(255)) - client-B268B4322F32->17750241-545b-4219-93a1-14a6ea3d85be: receive RaftClientReply:client-B268B4322F32->17750241-545b-4219-93a1-14a6ea3d85be@group-C33FBD9556F2, cid=3152, SUCCESS, logIndex=4762, commits[17750241-545b-4219-93a1-14a6ea3d85be:c4762, 4eaaa090-573e-41d3-9f8c-c99e236d806a:c4758, 5f4cf9ee-4bed-49de-adaa-861aec894328:c4758]
2019-08-23 02:48:43,132 | INFO  | DNAudit | user=null | ip=null | op=WRITE_CHUNK {blockData=conID: 2 locID: 102664013284835986 bcsId: 4758} | ret=SUCCESS |  
2019-08-23 02:48:43,132 | INFO  | DNAudit | user=null | ip=null | op=WRITE_CHUNK {blockData=conID: 2 locID: 102664013284835986 bcsId: 4758} | ret=SUCCESS |  
2019-08-23 02:48:43,135 | INFO  | DNAudit | user=null | ip=null | op=PUT_BLOCK {blockData=[blockId=conID: 2 locID: 102664013284835986 bcsId: 0,size=4194304]} | ret=SUCCESS |  
2019-08-23 02:48:43,135 | INFO  | DNAudit | user=null | ip=null | op=PUT_BLOCK {blockData=[blockId=conID: 2 locID: 102664013284835986 bcsId: 0,size=4194304]} | ret=SUCCESS |  
2019-08-23 02:48:43,136 [grpc-default-executor-6] INFO  client.GrpcClientProtocolClient (GrpcClientProtocolClient.java:onNext(255)) - client-B268B4322F32->17750241-545b-4219-93a1-14a6ea3d85be: receive RaftClientReply:client-B268B4322F32->17750241-545b-4219-93a1-14a6ea3d85be@group-C33FBD9556F2, cid=3153, SUCCESS, logIndex=0, commits[17750241-545b-4219-93a1-14a6ea3d85be:c4764, 4eaaa090-573e-41d3-9f8c-c99e236d806a:c4762, 5f4cf9ee-4bed-49de-adaa-861aec894328:c4762]
2019-08-23 02:48:43,138 | INFO  | SCMAudit | user=jenkins1000 | ip=192.168.34.22 | op=ALLOCATE_BLOCK {owner=31d65bc3-3f70-45f5-bbc5-e3a15f967ba6, size=4194304, type=RATIS, factor=THREE} | ret=SUCCESS |  
2019-08-23 02:48:43,146 | INFO  | OMAudit | user=jenkins1000 | ip=127.0.0.1 | op=ALLOCATE_BLOCK {volume=vol-0-78052, bucket=bucket-0-33874, key=key-0-20719, dataSize=2147483657, replicationType=RATIS, replicationFactor=THREE, keyLocationInfo=[], clientID=102664010308846034} | ret=SUCCESS |  
2019-08-23 02:48:43,165 | INFO  | DNAudit | user=null | ip=null | op=WRITE_CHUNK {blockData=conID: 3 locID: 102664013292372627 bcsId: 0} | ret=SUCCESS |  
2019-08-23 02:48:43,167 | INFO  | DNAudit | user=null | ip=null | op=WRITE_CHUNK {blockData=conID: 3 locID: 102664013292372627 bcsId: 0} | ret=SUCCESS |  
2019-08-23 02:48:43,169 | INFO  | DNAudit | user=null | ip=null | op=WRITE_CHUNK {blockData=conID: 3 locID: 102664013292372627 bcsId: 0} | ret=SUCCESS |  
2019-08-23 02:48:43,169 | INFO  | DNAudit | user=null | ip=null | op=WRITE_CHUNK {blockData=conID: 3 locID: 102664013292372627 bcsId: 0} | ret=SUCCESS |  
2019-08-23 02:48:43,172 | INFO  | DNAudit | user=null | ip=null | op=WRITE_CHUNK {blockData=conID: 3 locID: 102664013292372627 bcsId: 0} | ret=SUCCESS |  
2019-08-23 02:48:43,172 | INFO  | DNAudit | user=null | ip=null | op=WRITE_CHUNK {blockData=conID: 3 locID: 102664013292372627 bcsId: 0} | ret=SUCCESS |  
2019-08-23 02:48:43,179 | INFO  | DNAudit | user=null | ip=null | op=WRITE_CHUNK {blockData=conID: 3 locID: 102664013292372627 bcsId: 0} | ret=SUCCESS |  
2019-08-23 02:48:43,180 | INFO  | DNAudit | user=null | ip=null | op=PUT_BLOCK {blockData=[blockId=conID: 3 locID: 102664013292372627 bcsId: 0,size=1048576]} | ret=SUCCESS |  
2019-08-23 02:48:43,180 [grpc-default-executor-6] INFO  client.GrpcClientProtocolClient (GrpcClientProtocolClient.java:onNext(255)) - client-B268B4322F32->17750241-545b-4219-93a1-14a6ea3d85be: receive RaftClientReply:client-B268B4322F32->17750241-545b-4219-93a1-14a6ea3d85be@group-C33FBD9556F2, cid=3154, SUCCESS, logIndex=4765, commits[17750241-545b-4219-93a1-14a6ea3d85be:c4766, 4eaaa090-573e-41d3-9f8c-c99e236d806a:c4764, 5f4cf9ee-4bed-49de-adaa-861aec894328:c4764]
2019-08-23 02:48:43,181 [grpc-default-executor-6] INFO  client.GrpcClientProtocolClient (GrpcClientProtocolClient.java:onNext(255)) - client-B268B4322F32->17750241-545b-4219-93a1-14a6ea3d85be: receive RaftClientReply:client-B268B4322F32->17750241-545b-4219-93a1-14a6ea3d85be@group-C33FBD9556F2, cid=3155, SUCCESS, logIndex=4766, commits[17750241-545b-4219-93a1-14a6ea3d85be:c4766, 4eaaa090-573e-41d3-9f8c-c99e236d806a:c4764, 5f4cf9ee-4bed-49de-adaa-861aec894328:c4764]
2019-08-23 02:48:43,191 | INFO  | DNAudit | user=null | ip=null | op=WRITE_CHUNK {blockData=conID: 3 locID: 102664013292372627 bcsId: 0} | ret=SUCCESS |  
2019-08-23 02:48:43,191 | INFO  | DNAudit | user=null | ip=null | op=PUT_BLOCK {blockData=[blockId=conID: 3 locID: 102664013292372627 bcsId: 0,size=2097152]} | ret=SUCCESS |  
2019-08-23 02:48:43,191 [grpc-default-executor-6] INFO  client.GrpcClientProtocolClient (GrpcClientProtocolClient.java:onNext(255)) - client-B268B4322F32->17750241-545b-4219-93a1-14a6ea3d85be: receive RaftClientReply:client-B268B4322F32->17750241-545b-4219-93a1-14a6ea3d85be@group-C33FBD9556F2, cid=3156, SUCCESS, logIndex=4767, commits[17750241-545b-4219-93a1-14a6ea3d85be:c4768, 4eaaa090-573e-41d3-9f8c-c99e236d806a:c4764, 5f4cf9ee-4bed-49de-adaa-861aec894328:c4764]
2019-08-23 02:48:43,192 | INFO  | DNAudit | user=null | ip=null | op=WRITE_CHUNK {blockData=conID: 3 locID: 102664013292372627 bcsId: 0} | ret=SUCCESS |  
2019-08-23 02:48:43,192 | INFO  | DNAudit | user=null | ip=null | op=WRITE_CHUNK {blockData=conID: 3 locID: 102664013292372627 bcsId: 0} | ret=SUCCESS |  
2019-08-23 02:48:43,192 | INFO  | DNAudit | user=null | ip=null | op=PUT_BLOCK {blockData=[blockId=conID: 3 locID: 102664013292372627 bcsId: 0,size=1048576]} | ret=SUCCESS |  
2019-08-23 02:48:43,192 | INFO  | DNAudit | user=null | ip=null | op=PUT_BLOCK {blockData=[blockId=conID: 3 locID: 102664013292372627 bcsId: 0,size=1048576]} | ret=SUCCESS |  
2019-08-23 02:48:43,193 [grpc-default-executor-6] INFO  client.GrpcClientProtocolClient (GrpcClientProtocolClient.java:onNext(255)) - client-B268B4322F32->17750241-545b-4219-93a1-14a6ea3d85be: receive RaftClientReply:client-B268B4322F32->17750241-545b-4219-93a1-14a6ea3d85be@group-C33FBD9556F2, cid=3157, SUCCESS, logIndex=4768, commits[17750241-545b-4219-93a1-14a6ea3d85be:c4768, 4eaaa090-573e-41d3-9f8c-c99e236d806a:c4764, 5f4cf9ee-4bed-49de-adaa-861aec894328:c4764]
2019-08-23 02:48:43,193 | INFO  | DNAudit | user=null | ip=null | op=WRITE_CHUNK {blockData=conID: 3 locID: 102664013292372627 bcsId: 0} | ret=SUCCESS |  
2019-08-23 02:48:43,193 | INFO  | DNAudit | user=null | ip=null | op=PUT_BLOCK {blockData=[blockId=conID: 3 locID: 102664013292372627 bcsId: 0,size=2097152]} | ret=SUCCESS |  
2019-08-23 02:48:43,193 | INFO  | DNAudit | user=null | ip=null | op=WRITE_CHUNK {blockData=conID: 3 locID: 102664013292372627 bcsId: 0} | ret=SUCCESS |  
2019-08-23 02:48:43,194 | INFO  | DNAudit | user=null | ip=null | op=PUT_BLOCK {blockData=[blockId=conID: 3 locID: 102664013292372627 bcsId: 0,size=2097152]} | ret=SUCCESS |  
2019-08-23 02:48:43,194 [grpc-default-executor-5] INFO  client.GrpcClientProtocolClient (GrpcClientProtocolClient.java:onNext(255)) - client-B268B4322F32->17750241-545b-4219-93a1-14a6ea3d85be: receive RaftClientReply:client-B268B4322F32->17750241-545b-4219-93a1-14a6ea3d85be@group-C33FBD9556F2, cid=3158, SUCCESS, logIndex=0, commits[17750241-545b-4219-93a1-14a6ea3d85be:c4770, 4eaaa090-573e-41d3-9f8c-c99e236d806a:c4766, 5f4cf9ee-4bed-49de-adaa-861aec894328:c4766]
2019-08-23 02:48:43,205 | INFO  | DNAudit | user=null | ip=null | op=WRITE_CHUNK {blockData=conID: 3 locID: 102664013292372627 bcsId: 4768} | ret=SUCCESS |  
2019-08-23 02:48:43,206 | INFO  | DNAudit | user=null | ip=null | op=WRITE_CHUNK {blockData=conID: 3 locID: 102664013292372627 bcsId: 4768} | ret=SUCCESS |  
2019-08-23 02:48:43,206 | INFO  | DNAudit | user=null | ip=null | op=WRITE_CHUNK {blockData=conID: 3 locID: 102664013292372627 bcsId: 4768} | ret=SUCCESS |  
2019-08-23 02:48:43,219 | INFO  | DNAudit | user=null | ip=null | op=WRITE_CHUNK {blockData=conID: 3 locID: 102664013292372627 bcsId: 4768} | ret=SUCCESS |  
2019-08-23 02:48:43,220 | INFO  | DNAudit | user=null | ip=null | op=PUT_BLOCK {blockData=[blockId=conID: 3 locID: 102664013292372627 bcsId: 0,size=3145728]} | ret=SUCCESS |  
2019-08-23 02:48:43,220 [grpc-default-executor-6] INFO  client.GrpcClientProtocolClient (GrpcClientProtocolClient.java:onNext(255)) - client-B268B4322F32->17750241-545b-4219-93a1-14a6ea3d85be: receive RaftClientReply:client-B268B4322F32->17750241-545b-4219-93a1-14a6ea3d85be@group-C33FBD9556F2, cid=3159, SUCCESS, logIndex=4773, commits[17750241-545b-4219-93a1-14a6ea3d85be:c4774, 4eaaa090-573e-41d3-9f8c-c99e236d806a:c4772, 5f4cf9ee-4bed-49de-adaa-861aec894328:c4772]
2019-08-23 02:48:43,221 [grpc-default-executor-6] INFO  client.GrpcClientProtocolClient (GrpcClientProtocolClient.java:onNext(255)) - client-B268B4322F32->17750241-545b-4219-93a1-14a6ea3d85be: receive RaftClientReply:client-B268B4322F32->17750241-545b-4219-93a1-14a6ea3d85be@group-C33FBD9556F2, cid=3160, SUCCESS, logIndex=4774, commits[17750241-545b-4219-93a1-14a6ea3d85be:c4774, 4eaaa090-573e-41d3-9f8c-c99e236d806a:c4772, 5f4cf9ee-4bed-49de-adaa-861aec894328:c4772]
2019-08-23 02:48:43,229 | INFO  | DNAudit | user=null | ip=null | op=WRITE_CHUNK {blockData=conID: 3 locID: 102664013292372627 bcsId: 4774} | ret=SUCCESS |  
2019-08-23 02:48:43,231 | INFO  | DNAudit | user=null | ip=null | op=WRITE_CHUNK {blockData=conID: 3 locID: 102664013292372627 bcsId: 4774} | ret=SUCCESS |  
2019-08-23 02:48:43,232 | INFO  | DNAudit | user=null | ip=null | op=WRITE_CHUNK {blockData=conID: 3 locID: 102664013292372627 bcsId: 4774} | ret=SUCCESS |  
2019-08-23 02:48:43,232 | INFO  | DNAudit | user=null | ip=null | op=WRITE_CHUNK {blockData=conID: 3 locID: 102664013292372627 bcsId: 4768} | ret=SUCCESS |  
2019-08-23 02:48:43,232 | INFO  | DNAudit | user=null | ip=null | op=WRITE_CHUNK {blockData=conID: 3 locID: 102664013292372627 bcsId: 4768} | ret=SUCCESS |  
2019-08-23 02:48:43,233 | INFO  | DNAudit | user=null | ip=null | op=PUT_BLOCK {blockData=[blockId=conID: 3 locID: 102664013292372627 bcsId: 0,size=3145728]} | ret=SUCCESS |  
2019-08-23 02:48:43,233 | INFO  | DNAudit | user=null | ip=null | op=PUT_BLOCK {blockData=[blockId=conID: 3 locID: 102664013292372627 bcsId: 0,size=3145728]} | ret=SUCCESS |  
2019-08-23 02:48:43,246 | INFO  | DNAudit | user=null | ip=null | op=WRITE_CHUNK {blockData=conID: 3 locID: 102664013292372627 bcsId: 4774} | ret=SUCCESS |  
2019-08-23 02:48:43,246 | INFO  | DNAudit | user=null | ip=null | op=PUT_BLOCK {blockData=[blockId=conID: 3 locID: 102664013292372627 bcsId: 0,size=4194304]} | ret=SUCCESS |  
2019-08-23 02:48:43,247 [grpc-default-executor-2] INFO  client.GrpcClientProtocolClient (GrpcClientProtocolClient.java:onNext(255)) - client-B268B4322F32->17750241-545b-4219-93a1-14a6ea3d85be: receive RaftClientReply:client-B268B4322F32->17750241-545b-4219-93a1-14a6ea3d85be@group-C33FBD9556F2, cid=3161, SUCCESS, logIndex=4777, commits[17750241-545b-4219-93a1-14a6ea3d85be:c4777, 4eaaa090-573e-41d3-9f8c-c99e236d806a:c4774, 5f4cf9ee-4bed-49de-adaa-861aec894328:c4774]
2019-08-23 02:48:43,247 [grpc-default-executor-2] INFO  client.GrpcClientProtocolClient (GrpcClientProtocolClient.java:onNext(255)) - client-B268B4322F32->17750241-545b-4219-93a1-14a6ea3d85be: receive RaftClientReply:client-B268B4322F32->17750241-545b-4219-93a1-14a6ea3d85be@group-C33FBD9556F2, cid=3162, SUCCESS, logIndex=4778, commits[17750241-545b-4219-93a1-14a6ea3d85be:c4778, 4eaaa090-573e-41d3-9f8c-c99e236d806a:c4774, 5f4cf9ee-4bed-49de-adaa-861aec894328:c4774]
2019-08-23 02:48:43,258 | INFO  | DNAudit | user=null | ip=null | op=WRITE_CHUNK {blockData=conID: 3 locID: 102664013292372627 bcsId: 4774} | ret=SUCCESS |  
2019-08-23 02:48:43,258 | INFO  | DNAudit | user=null | ip=null | op=WRITE_CHUNK {blockData=conID: 3 locID: 102664013292372627 bcsId: 4774} | ret=SUCCESS |  
2019-08-23 02:48:43,272 | INFO  | DNAudit | user=null | ip=null | op=PUT_BLOCK {blockData=[blockId=conID: 3 locID: 102664013292372627 bcsId: 0,size=4194304]} | ret=SUCCESS |  
2019-08-23 02:48:43,272 | INFO  | DNAudit | user=null | ip=null | op=PUT_BLOCK {blockData=[blockId=conID: 3 locID: 102664013292372627 bcsId: 0,size=4194304]} | ret=SUCCESS |  
2019-08-23 02:48:43,273 [grpc-default-executor-2] INFO  client.GrpcClientProtocolClient (GrpcClientProtocolClient.java:onNext(255)) - client-B268B4322F32->17750241-545b-4219-93a1-14a6ea3d85be: receive RaftClientReply:client-B268B4322F32->17750241-545b-4219-93a1-14a6ea3d85be@group-C33FBD9556F2, cid=3163, SUCCESS, logIndex=0, commits[17750241-545b-4219-93a1-14a6ea3d85be:c4780, 4eaaa090-573e-41d3-9f8c-c99e236d806a:c4778, 5f4cf9ee-4bed-49de-adaa-861aec894328:c4778]
2019-08-23 02:48:43,275 | INFO  | SCMAudit | user=jenkins1000 | ip=192.168.34.22 | op=ALLOCATE_BLOCK {owner=31d65bc3-3f70-45f5-bbc5-e3a15f967ba6, size=4194304, type=RATIS, factor=THREE} | ret=SUCCESS |  
2019-08-23 02:48:43,283 | INFO  | OMAudit | user=jenkins1000 | ip=127.0.0.1 | op=ALLOCATE_BLOCK {volume=vol-0-78052, bucket=bucket-0-33874, key=key-0-20719, dataSize=2147483657, replicationType=RATIS, replicationFactor=THREE, keyLocationInfo=[], clientID=102664010308846034} | ret=SUCCESS |  
2019-08-23 02:48:43,299 | INFO  | DNAudit | user=null | ip=null | op=WRITE_CHUNK {blockData=conID: 1 locID: 102664013301351060 bcsId: 0} | ret=SUCCESS |  
2019-08-23 02:48:43,302 | INFO  | DNAudit | user=null | ip=null | op=WRITE_CHUNK {blockData=conID: 1 locID: 102664013301351060 bcsId: 0} | ret=SUCCESS |  
2019-08-23 02:48:43,302 | INFO  | DNAudit | user=null | ip=null | op=WRITE_CHUNK {blockData=conID: 1 locID: 102664013301351060 bcsId: 0} | ret=SUCCESS |  
2019-08-23 02:48:43,303 | INFO  | DNAudit | user=null | ip=null | op=WRITE_CHUNK {blockData=conID: 1 locID: 102664013301351060 bcsId: 0} | ret=SUCCESS |  
2019-08-23 02:48:43,305 | INFO  | DNAudit | user=null | ip=null | op=WRITE_CHUNK {blockData=conID: 1 locID: 102664013301351060 bcsId: 0} | ret=SUCCESS |  
2019-08-23 02:48:43,305 | INFO  | DNAudit | user=null | ip=null | op=WRITE_CHUNK {blockData=conID: 1 locID: 102664013301351060 bcsId: 0} | ret=SUCCESS |  
2019-08-23 02:48:43,312 | INFO  | DNAudit | user=null | ip=null | op=WRITE_CHUNK {blockData=conID: 1 locID: 102664013301351060 bcsId: 0} | ret=SUCCESS |  
2019-08-23 02:48:43,313 | INFO  | DNAudit | user=null | ip=null | op=PUT_BLOCK {blockData=[blockId=conID: 1 locID: 102664013301351060 bcsId: 0,size=1048576]} | ret=SUCCESS |  
2019-08-23 02:48:43,313 [grpc-default-executor-6] INFO  client.GrpcClientProtocolClient (GrpcClientProtocolClient.java:onNext(255)) - client-B268B4322F32->17750241-545b-4219-93a1-14a6ea3d85be: receive RaftClientReply:client-B268B4322F32->17750241-545b-4219-93a1-14a6ea3d85be@group-C33FBD9556F2, cid=3164, SUCCESS, logIndex=4781, commits[17750241-545b-4219-93a1-14a6ea3d85be:c4783, 4eaaa090-573e-41d3-9f8c-c99e236d806a:c4780, 5f4cf9ee-4bed-49de-adaa-861aec894328:c4780]
2019-08-23 02:48:43,313 | INFO  | DNAudit | user=null | ip=null | op=WRITE_CHUNK {blockData=conID: 1 locID: 102664013301351060 bcsId: 0} | ret=SUCCESS |  
2019-08-23 02:48:43,314 | INFO  | DNAudit | user=null | ip=null | op=WRITE_CHUNK {blockData=conID: 1 locID: 102664013301351060 bcsId: 0} | ret=SUCCESS |  
2019-08-23 02:48:43,314 | INFO  | DNAudit | user=null | ip=null | op=PUT_BLOCK {blockData=[blockId=conID: 1 locID: 102664013301351060 bcsId: 0,size=1048576]} | ret=SUCCESS |  
2019-08-23 02:48:43,314 [grpc-default-executor-6] INFO  client.GrpcClientProtocolClient (GrpcClientProtocolClient.java:onNext(255)) - client-B268B4322F32->17750241-545b-4219-93a1-14a6ea3d85be: receive RaftClientReply:client-B268B4322F32->17750241-545b-4219-93a1-14a6ea3d85be@group-C33FBD9556F2, cid=3165, SUCCESS, logIndex=4782, commits[17750241-545b-4219-93a1-14a6ea3d85be:c4784, 4eaaa090-573e-41d3-9f8c-c99e236d806a:c4780, 5f4cf9ee-4bed-49de-adaa-861aec894328:c4780]
2019-08-23 02:48:43,314 | INFO  | DNAudit | user=null | ip=null | op=PUT_BLOCK {blockData=[blockId=conID: 1 locID: 102664013301351060 bcsId: 0,size=2097152]} | ret=SUCCESS |  
2019-08-23 02:48:43,315 | INFO  | DNAudit | user=null | ip=null | op=WRITE_CHUNK {blockData=conID: 1 locID: 102664013301351060 bcsId: 0} | ret=SUCCESS |  
2019-08-23 02:48:43,314 [grpc-default-executor-2] INFO  client.GrpcClientProtocolClient (GrpcClientProtocolClient.java:onNext(255)) - client-B268B4322F32->17750241-545b-4219-93a1-14a6ea3d85be: receive RaftClientReply:client-B268B4322F32->17750241-545b-4219-93a1-14a6ea3d85be@group-C33FBD9556F2, cid=3166, SUCCESS, logIndex=4783, commits[17750241-545b-4219-93a1-14a6ea3d85be:c4784, 4eaaa090-573e-41d3-9f8c-c99e236d806a:c4780, 5f4cf9ee-4bed-49de-adaa-861aec894328:c4780]
2019-08-23 02:48:43,315 | INFO  | DNAudit | user=null | ip=null | op=PUT_BLOCK {blockData=[blockId=conID: 1 locID: 102664013301351060 bcsId: 0,size=1048576]} | ret=SUCCESS |  
2019-08-23 02:48:43,315 [grpc-default-executor-2] INFO  client.GrpcClientProtocolClient (GrpcClientProtocolClient.java:onNext(255)) - client-B268B4322F32->17750241-545b-4219-93a1-14a6ea3d85be: receive RaftClientReply:client-B268B4322F32->17750241-545b-4219-93a1-14a6ea3d85be@group-C33FBD9556F2, cid=3167, SUCCESS, logIndex=4784, commits[17750241-545b-4219-93a1-14a6ea3d85be:c4785, 4eaaa090-573e-41d3-9f8c-c99e236d806a:c4782, 5f4cf9ee-4bed-49de-adaa-861aec894328:c4780]
2019-08-23 02:48:43,317 [grpc-default-executor-2] INFO  client.GrpcClientProtocolClient (GrpcClientProtocolClient.java:onNext(255)) - client-B268B4322F32->17750241-545b-4219-93a1-14a6ea3d85be: receive RaftClientReply:client-B268B4322F32->17750241-545b-4219-93a1-14a6ea3d85be@group-C33FBD9556F2, cid=3168, SUCCESS, logIndex=0, commits[17750241-545b-4219-93a1-14a6ea3d85be:c4785, 4eaaa090-573e-41d3-9f8c-c99e236d806a:c4782, 5f4cf9ee-4bed-49de-adaa-861aec894328:c4782]
2019-08-23 02:48:43,325 | INFO  | DNAudit | user=null | ip=null | op=WRITE_CHUNK {blockData=conID: 1 locID: 102664013301351060 bcsId: 4784} | ret=SUCCESS |  
2019-08-23 02:48:43,326 | INFO  | DNAudit | user=null | ip=null | op=WRITE_CHUNK {blockData=conID: 1 locID: 102664013301351060 bcsId: 0} | ret=SUCCESS |  
2019-08-23 02:48:43,326 | INFO  | DNAudit | user=null | ip=null | op=PUT_BLOCK {blockData=[blockId=conID: 1 locID: 102664013301351060 bcsId: 0,size=2097152]} | ret=SUCCESS |  
2019-08-23 02:48:43,328 | INFO  | DNAudit | user=null | ip=null | op=WRITE_CHUNK {blockData=conID: 1 locID: 102664013301351060 bcsId: 0} | ret=SUCCESS |  
2019-08-23 02:48:43,328 | INFO  | DNAudit | user=null | ip=null | op=PUT_BLOCK {blockData=[blockId=conID: 1 locID: 102664013301351060 bcsId: 0,size=2097152]} | ret=SUCCESS |  
2019-08-23 02:48:43,328 | INFO  | DNAudit | user=null | ip=null | op=WRITE_CHUNK {blockData=conID: 1 locID: 102664013301351060 bcsId: 4784} | ret=SUCCESS |  
2019-08-23 02:48:43,329 | INFO  | DNAudit | user=null | ip=null | op=WRITE_CHUNK {blockData=conID: 1 locID: 102664013301351060 bcsId: 4784} | ret=SUCCESS |  
2019-08-23 02:48:43,331 | INFO  | DNAudit | user=null | ip=null | op=WRITE_CHUNK {blockData=conID: 1 locID: 102664013301351060 bcsId: 4784} | ret=SUCCESS |  
2019-08-23 02:48:43,331 | INFO  | DNAudit | user=null | ip=null | op=PUT_BLOCK {blockData=[blockId=conID: 1 locID: 102664013301351060 bcsId: 0,size=3145728]} | ret=SUCCESS |  
2019-08-23 02:48:43,332 [grpc-default-executor-5] INFO  client.GrpcClientProtocolClient (GrpcClientProtocolClient.java:onNext(255)) - client-B268B4322F32->17750241-545b-4219-93a1-14a6ea3d85be: receive RaftClientReply:client-B268B4322F32->17750241-545b-4219-93a1-14a6ea3d85be@group-C33FBD9556F2, cid=3169, SUCCESS, logIndex=4789, commits[17750241-545b-4219-93a1-14a6ea3d85be:c4790, 4eaaa090-573e-41d3-9f8c-c99e236d806a:c4785, 5f4cf9ee-4bed-49de-adaa-861aec894328:c4784]
2019-08-23 02:48:43,332 | INFO  | DNAudit | user=null | ip=null | op=WRITE_CHUNK {blockData=conID: 1 locID: 102664013301351060 bcsId: 4784} | ret=SUCCESS |  
2019-08-23 02:48:43,332 | INFO  | DNAudit | user=null | ip=null | op=WRITE_CHUNK {blockData=conID: 1 locID: 102664013301351060 bcsId: 4784} | ret=SUCCESS |  
2019-08-23 02:48:43,332 | INFO  | DNAudit | user=null | ip=null | op=PUT_BLOCK {blockData=[blockId=conID: 1 locID: 102664013301351060 bcsId: 0,size=3145728]} | ret=SUCCESS |  
2019-08-23 02:48:43,332 [grpc-default-executor-5] INFO  client.GrpcClientProtocolClient (GrpcClientProtocolClient.java:onNext(255)) - client-B268B4322F32->17750241-545b-4219-93a1-14a6ea3d85be: receive RaftClientReply:client-B268B4322F32->17750241-545b-4219-93a1-14a6ea3d85be@group-C33FBD9556F2, cid=3170, SUCCESS, logIndex=4790, commits[17750241-545b-4219-93a1-14a6ea3d85be:c4790, 4eaaa090-573e-41d3-9f8c-c99e236d806a:c4785, 5f4cf9ee-4bed-49de-adaa-861aec894328:c4785]
2019-08-23 02:48:43,332 | INFO  | DNAudit | user=null | ip=null | op=PUT_BLOCK {blockData=[blockId=conID: 1 locID: 102664013301351060 bcsId: 0,size=3145728]} | ret=SUCCESS |  
2019-08-23 02:48:43,341 | INFO  | DNAudit | user=null | ip=null | op=WRITE_CHUNK {blockData=conID: 1 locID: 102664013301351060 bcsId: 4790} | ret=SUCCESS |  
2019-08-23 02:48:43,344 | INFO  | DNAudit | user=null | ip=null | op=WRITE_CHUNK {blockData=conID: 1 locID: 102664013301351060 bcsId: 4790} | ret=SUCCESS |  
2019-08-23 02:48:43,344 | INFO  | DNAudit | user=null | ip=null | op=WRITE_CHUNK {blockData=conID: 1 locID: 102664013301351060 bcsId: 4790} | ret=SUCCESS |  
2019-08-23 02:48:43,363 | INFO  | DNAudit | user=null | ip=null | op=WRITE_CHUNK {blockData=conID: 1 locID: 102664013301351060 bcsId: 4790} | ret=SUCCESS |  
2019-08-23 02:48:43,363 | INFO  | DNAudit | user=null | ip=null | op=PUT_BLOCK {blockData=[blockId=conID: 1 locID: 102664013301351060 bcsId: 0,size=4194304]} | ret=SUCCESS |  
2019-08-23 02:48:43,364 [grpc-default-executor-2] INFO  client.GrpcClientProtocolClient (GrpcClientProtocolClient.java:onNext(255)) - client-B268B4322F32->17750241-545b-4219-93a1-14a6ea3d85be: receive RaftClientReply:client-B268B4322F32->17750241-545b-4219-93a1-14a6ea3d85be@group-C33FBD9556F2, cid=3171, SUCCESS, logIndex=4793, commits[17750241-545b-4219-93a1-14a6ea3d85be:c4794, 4eaaa090-573e-41d3-9f8c-c99e236d806a:c4792, 5f4cf9ee-4bed-49de-adaa-861aec894328:c4792]
2019-08-23 02:48:43,364 [grpc-default-executor-2] INFO  client.GrpcClientProtocolClient (GrpcClientProtocolClient.java:onNext(255)) - client-B268B4322F32->17750241-545b-4219-93a1-14a6ea3d85be: receive RaftClientReply:client-B268B4322F32->17750241-545b-4219-93a1-14a6ea3d85be@group-C33FBD9556F2, cid=3172, SUCCESS, logIndex=4794, commits[17750241-545b-4219-93a1-14a6ea3d85be:c4794, 4eaaa090-573e-41d3-9f8c-c99e236d806a:c4792, 5f4cf9ee-4bed-49de-adaa-861aec894328:c4792]
2019-08-23 02:48:43,374 | INFO  | DNAudit | user=null | ip=null | op=WRITE_CHUNK {blockData=conID: 1 locID: 102664013301351060 bcsId: 4790} | ret=SUCCESS |  
2019-08-23 02:48:43,375 | INFO  | DNAudit | user=null | ip=null | op=WRITE_CHUNK {blockData=conID: 1 locID: 102664013301351060 bcsId: 4790} | ret=SUCCESS |  
2019-08-23 02:48:43,375 | INFO  | DNAudit | user=null | ip=null | op=PUT_BLOCK {blockData=[blockId=conID: 1 locID: 102664013301351060 bcsId: 0,size=4194304]} | ret=SUCCESS |  
2019-08-23 02:48:43,376 | INFO  | DNAudit | user=null | ip=null | op=PUT_BLOCK {blockData=[blockId=conID: 1 locID: 102664013301351060 bcsId: 0,size=4194304]} | ret=SUCCESS |  
2019-08-23 02:48:43,377 [grpc-default-executor-2] INFO  client.GrpcClientProtocolClient (GrpcClientProtocolClient.java:onNext(255)) - client-B268B4322F32->17750241-545b-4219-93a1-14a6ea3d85be: receive RaftClientReply:client-B268B4322F32->17750241-545b-4219-93a1-14a6ea3d85be@group-C33FBD9556F2, cid=3173, SUCCESS, logIndex=0, commits[17750241-545b-4219-93a1-14a6ea3d85be:c4796, 4eaaa090-573e-41d3-9f8c-c99e236d806a:c4794, 5f4cf9ee-4bed-49de-adaa-861aec894328:c4794]
2019-08-23 02:48:43,379 | INFO  | SCMAudit | user=jenkins1000 | ip=192.168.34.22 | op=ALLOCATE_BLOCK {owner=31d65bc3-3f70-45f5-bbc5-e3a15f967ba6, size=4194304, type=RATIS, factor=THREE} | ret=SUCCESS |  
2019-08-23 02:48:43,386 | INFO  | OMAudit | user=jenkins1000 | ip=127.0.0.1 | op=ALLOCATE_BLOCK {volume=vol-0-78052, bucket=bucket-0-33874, key=key-0-20719, dataSize=2147483657, replicationType=RATIS, replicationFactor=THREE, keyLocationInfo=[], clientID=102664010308846034} | ret=SUCCESS |  
2019-08-23 02:48:43,400 | INFO  | DNAudit | user=null | ip=null | op=WRITE_CHUNK {blockData=conID: 2 locID: 102664013308166805 bcsId: 0} | ret=SUCCESS |  
2019-08-23 02:48:43,403 | INFO  | DNAudit | user=null | ip=null | op=WRITE_CHUNK {blockData=conID: 2 locID: 102664013308166805 bcsId: 0} | ret=SUCCESS |  
2019-08-23 02:48:43,404 | INFO  | DNAudit | user=null | ip=null | op=WRITE_CHUNK {blockData=conID: 2 locID: 102664013308166805 bcsId: 0} | ret=SUCCESS |  
2019-08-23 02:48:43,405 | INFO  | DNAudit | user=null | ip=null | op=WRITE_CHUNK {blockData=conID: 2 locID: 102664013308166805 bcsId: 0} | ret=SUCCESS |  
2019-08-23 02:48:43,407 | INFO  | DNAudit | user=null | ip=null | op=WRITE_CHUNK {blockData=conID: 2 locID: 102664013308166805 bcsId: 0} | ret=SUCCESS |  
2019-08-23 02:48:43,407 | INFO  | DNAudit | user=null | ip=null | op=WRITE_CHUNK {blockData=conID: 2 locID: 102664013308166805 bcsId: 0} | ret=SUCCESS |  
2019-08-23 02:48:43,414 | INFO  | DNAudit | user=null | ip=null | op=WRITE_CHUNK {blockData=conID: 2 locID: 102664013308166805 bcsId: 0} | ret=SUCCESS |  
2019-08-23 02:48:43,414 | INFO  | DNAudit | user=null | ip=null | op=PUT_BLOCK {blockData=[blockId=conID: 2 locID: 102664013308166805 bcsId: 0,size=1048576]} | ret=SUCCESS |  
2019-08-23 02:48:43,414 [grpc-default-executor-6] INFO  client.GrpcClientProtocolClient (GrpcClientProtocolClient.java:onNext(255)) - client-B268B4322F32->17750241-545b-4219-93a1-14a6ea3d85be: receive RaftClientReply:client-B268B4322F32->17750241-545b-4219-93a1-14a6ea3d85be@group-C33FBD9556F2, cid=3174, SUCCESS, logIndex=4797, commits[17750241-545b-4219-93a1-14a6ea3d85be:c4798, 4eaaa090-573e-41d3-9f8c-c99e236d806a:c4796, 5f4cf9ee-4bed-49de-adaa-861aec894328:c4796]
2019-08-23 02:48:43,415 [grpc-default-executor-6] INFO  client.GrpcClientProtocolClient (GrpcClientProtocolClient.java:onNext(255)) - client-B268B4322F32->17750241-545b-4219-93a1-14a6ea3d85be: receive RaftClientReply:client-B268B4322F32->17750241-545b-4219-93a1-14a6ea3d85be@group-C33FBD9556F2, cid=3175, SUCCESS, logIndex=4798, commits[17750241-545b-4219-93a1-14a6ea3d85be:c4798, 4eaaa090-573e-41d3-9f8c-c99e236d806a:c4796, 5f4cf9ee-4bed-49de-adaa-861aec894328:c4796]
2019-08-23 02:48:43,424 | INFO  | DNAudit | user=null | ip=null | op=WRITE_CHUNK {blockData=conID: 2 locID: 102664013308166805 bcsId: 0} | ret=SUCCESS |  
2019-08-23 02:48:43,424 | INFO  | DNAudit | user=null | ip=null | op=PUT_BLOCK {blockData=[blockId=conID: 2 locID: 102664013308166805 bcsId: 0,size=2097152]} | ret=SUCCESS |  
2019-08-23 02:48:43,425 | INFO  | DNAudit | user=null | ip=null | op=WRITE_CHUNK {blockData=conID: 2 locID: 102664013308166805 bcsId: 0} | ret=SUCCESS |  
2019-08-23 02:48:43,425 | INFO  | DNAudit | user=null | ip=null | op=PUT_BLOCK {blockData=[blockId=conID: 2 locID: 102664013308166805 bcsId: 0,size=1048576]} | ret=SUCCESS |  
2019-08-23 02:48:43,426 [grpc-default-executor-5] INFO  client.GrpcClientProtocolClient (GrpcClientProtocolClient.java:onNext(255)) - client-B268B4322F32->17750241-545b-4219-93a1-14a6ea3d85be: receive RaftClientReply:client-B268B4322F32->17750241-545b-4219-93a1-14a6ea3d85be@group-C33FBD9556F2, cid=3176, SUCCESS, logIndex=4799, commits[17750241-545b-4219-93a1-14a6ea3d85be:c4800, 4eaaa090-573e-41d3-9f8c-c99e236d806a:c4796, 5f4cf9ee-4bed-49de-adaa-861aec894328:c4796]
2019-08-23 02:48:43,426 [grpc-default-executor-5] INFO  client.GrpcClientProtocolClient (GrpcClientProtocolClient.java:onNext(255)) - client-B268B4322F32->17750241-545b-4219-93a1-14a6ea3d85be: receive RaftClientReply:client-B268B4322F32->17750241-545b-4219-93a1-14a6ea3d85be@group-C33FBD9556F2, cid=3177, SUCCESS, logIndex=4800, commits[17750241-545b-4219-93a1-14a6ea3d85be:c4800, 4eaaa090-573e-41d3-9f8c-c99e236d806a:c4796, 5f4cf9ee-4bed-49de-adaa-861aec894328:c4796]
2019-08-23 02:48:43,427 | INFO  | DNAudit | user=null | ip=null | op=WRITE_CHUNK {blockData=conID: 2 locID: 102664013308166805 bcsId: 0} | ret=SUCCESS |  
2019-08-23 02:48:43,427 | INFO  | DNAudit | user=null | ip=null | op=PUT_BLOCK {blockData=[blockId=conID: 2 locID: 102664013308166805 bcsId: 0,size=1048576]} | ret=SUCCESS |  
2019-08-23 02:48:43,428 [grpc-default-executor-5] INFO  client.GrpcClientProtocolClient (GrpcClientProtocolClient.java:onNext(255)) - client-B268B4322F32->17750241-545b-4219-93a1-14a6ea3d85be: receive RaftClientReply:client-B268B4322F32->17750241-545b-4219-93a1-14a6ea3d85be@group-C33FBD9556F2, cid=3178, SUCCESS, logIndex=0, commits[17750241-545b-4219-93a1-14a6ea3d85be:c4802, 4eaaa090-573e-41d3-9f8c-c99e236d806a:c4798, 5f4cf9ee-4bed-49de-adaa-861aec894328:c4798]
2019-08-23 02:48:43,436 | INFO  | DNAudit | user=null | ip=null | op=WRITE_CHUNK {blockData=conID: 2 locID: 102664013308166805 bcsId: 4800} | ret=SUCCESS |  
2019-08-23 02:48:43,438 | INFO  | DNAudit | user=null | ip=null | op=WRITE_CHUNK {blockData=conID: 2 locID: 102664013308166805 bcsId: 0} | ret=SUCCESS |  
2019-08-23 02:48:43,438 | INFO  | DNAudit | user=null | ip=null | op=WRITE_CHUNK {blockData=conID: 2 locID: 102664013308166805 bcsId: 4800} | ret=SUCCESS |  
2019-08-23 02:48:43,438 | INFO  | DNAudit | user=null | ip=null | op=PUT_BLOCK {blockData=[blockId=conID: 2 locID: 102664013308166805 bcsId: 0,size=2097152]} | ret=SUCCESS |  
2019-08-23 02:48:43,438 | INFO  | DNAudit | user=null | ip=null | op=WRITE_CHUNK {blockData=conID: 2 locID: 102664013308166805 bcsId: 0} | ret=SUCCESS |  
2019-08-23 02:48:43,439 | INFO  | DNAudit | user=null | ip=null | op=PUT_BLOCK {blockData=[blockId=conID: 2 locID: 102664013308166805 bcsId: 0,size=2097152]} | ret=SUCCESS |  
2019-08-23 02:48:43,439 | INFO  | DNAudit | user=null | ip=null | op=WRITE_CHUNK {blockData=conID: 2 locID: 102664013308166805 bcsId: 4800} | ret=SUCCESS |  
2019-08-23 02:48:43,441 | INFO  | DNAudit | user=null | ip=null | op=WRITE_CHUNK {blockData=conID: 2 locID: 102664013308166805 bcsId: 4800} | ret=SUCCESS |  
2019-08-23 02:48:43,441 | INFO  | DNAudit | user=null | ip=null | op=PUT_BLOCK {blockData=[blockId=conID: 2 locID: 102664013308166805 bcsId: 0,size=3145728]} | ret=SUCCESS |  
2019-08-23 02:48:43,441 [grpc-default-executor-2] INFO  client.GrpcClientProtocolClient (GrpcClientProtocolClient.java:onNext(255)) - client-B268B4322F32->17750241-545b-4219-93a1-14a6ea3d85be: receive RaftClientReply:client-B268B4322F32->17750241-545b-4219-93a1-14a6ea3d85be@group-C33FBD9556F2, cid=3179, SUCCESS, logIndex=4805, commits[17750241-545b-4219-93a1-14a6ea3d85be:c4806, 4eaaa090-573e-41d3-9f8c-c99e236d806a:c4802, 5f4cf9ee-4bed-49de-adaa-861aec894328:c4800]
2019-08-23 02:48:43,442 | INFO  | DNAudit | user=null | ip=null | op=WRITE_CHUNK {blockData=conID: 2 locID: 102664013308166805 bcsId: 4800} | ret=SUCCESS |  
2019-08-23 02:48:43,442 | INFO  | DNAudit | user=null | ip=null | op=PUT_BLOCK {blockData=[blockId=conID: 2 locID: 102664013308166805 bcsId: 0,size=3145728]} | ret=SUCCESS |  
2019-08-23 02:48:43,442 [grpc-default-executor-5] INFO  client.GrpcClientProtocolClient (GrpcClientProtocolClient.java:onNext(255)) - client-B268B4322F32->17750241-545b-4219-93a1-14a6ea3d85be: receive RaftClientReply:client-B268B4322F32->17750241-545b-4219-93a1-14a6ea3d85be@group-C33FBD9556F2, cid=3180, SUCCESS, logIndex=4806, commits[17750241-545b-4219-93a1-14a6ea3d85be:c4806, 4eaaa090-573e-41d3-9f8c-c99e236d806a:c4802, 5f4cf9ee-4bed-49de-adaa-861aec894328:c4802]
2019-08-23 02:48:43,444 | INFO  | DNAudit | user=null | ip=null | op=WRITE_CHUNK {blockData=conID: 2 locID: 102664013308166805 bcsId: 4800} | ret=SUCCESS |  
2019-08-23 02:48:43,444 | INFO  | DNAudit | user=null | ip=null | op=PUT_BLOCK {blockData=[blockId=conID: 2 locID: 102664013308166805 bcsId: 0,size=3145728]} | ret=SUCCESS |  
2019-08-23 02:48:43,449 | INFO  | DNAudit | user=null | ip=null | op=WRITE_CHUNK {blockData=conID: 2 locID: 102664013308166805 bcsId: 4806} | ret=SUCCESS |  
2019-08-23 02:48:43,452 | INFO  | DNAudit | user=null | ip=null | op=WRITE_CHUNK {blockData=conID: 2 locID: 102664013308166805 bcsId: 4806} | ret=SUCCESS |  
2019-08-23 02:48:43,453 | INFO  | DNAudit | user=null | ip=null | op=WRITE_CHUNK {blockData=conID: 2 locID: 102664013308166805 bcsId: 4806} | ret=SUCCESS |  
2019-08-23 02:48:43,469 | INFO  | DNAudit | user=null | ip=null | op=WRITE_CHUNK {blockData=conID: 2 locID: 102664013308166805 bcsId: 4806} | ret=SUCCESS |  
2019-08-23 02:48:43,469 | INFO  | DNAudit | user=null | ip=null | op=PUT_BLOCK {blockData=[blockId=conID: 2 locID: 102664013308166805 bcsId: 0,size=4194304]} | ret=SUCCESS |  
2019-08-23 02:48:43,470 [grpc-default-executor-6] INFO  client.GrpcClientProtocolClient (GrpcClientProtocolClient.java:onNext(255)) - client-B268B4322F32->17750241-545b-4219-93a1-14a6ea3d85be: receive RaftClientReply:client-B268B4322F32->17750241-545b-4219-93a1-14a6ea3d85be@group-C33FBD9556F2, cid=3181, SUCCESS, logIndex=4809, commits[17750241-545b-4219-93a1-14a6ea3d85be:c4810, 4eaaa090-573e-41d3-9f8c-c99e236d806a:c4807, 5f4cf9ee-4bed-49de-adaa-861aec894328:c4807]
2019-08-23 02:48:43,470 | INFO  | DNAudit | user=null | ip=null | op=WRITE_CHUNK {blockData=conID: 2 locID: 102664013308166805 bcsId: 4806} | ret=SUCCESS |  
2019-08-23 02:48:43,470 [grpc-default-executor-6] INFO  client.GrpcClientProtocolClient (GrpcClientProtocolClient.java:onNext(255)) - client-B268B4322F32->17750241-545b-4219-93a1-14a6ea3d85be: receive RaftClientReply:client-B268B4322F32->17750241-545b-4219-93a1-14a6ea3d85be@group-C33FBD9556F2, cid=3182, SUCCESS, logIndex=4810, commits[17750241-545b-4219-93a1-14a6ea3d85be:c4810, 4eaaa090-573e-41d3-9f8c-c99e236d806a:c4807, 5f4cf9ee-4bed-49de-adaa-861aec894328:c4807]
2019-08-23 02:48:43,470 | INFO  | DNAudit | user=null | ip=null | op=PUT_BLOCK {blockData=[blockId=conID: 2 locID: 102664013308166805 bcsId: 0,size=4194304]} | ret=SUCCESS |  
2019-08-23 02:48:43,472 | INFO  | DNAudit | user=null | ip=null | op=WRITE_CHUNK {blockData=conID: 2 locID: 102664013308166805 bcsId: 4806} | ret=SUCCESS |  
2019-08-23 02:48:43,473 | INFO  | DNAudit | user=null | ip=null | op=PUT_BLOCK {blockData=[blockId=conID: 2 locID: 102664013308166805 bcsId: 0,size=4194304]} | ret=SUCCESS |  
2019-08-23 02:48:43,473 [grpc-default-executor-6] INFO  client.GrpcClientProtocolClient (GrpcClientProtocolClient.java:onNext(255)) - client-B268B4322F32->17750241-545b-4219-93a1-14a6ea3d85be: receive RaftClientReply:client-B268B4322F32->17750241-545b-4219-93a1-14a6ea3d85be@group-C33FBD9556F2, cid=3183, SUCCESS, logIndex=0, commits[17750241-545b-4219-93a1-14a6ea3d85be:c4811, 4eaaa090-573e-41d3-9f8c-c99e236d806a:c4810, 5f4cf9ee-4bed-49de-adaa-861aec894328:c4810]
2019-08-23 02:48:43,475 | INFO  | SCMAudit | user=jenkins1000 | ip=192.168.34.22 | op=ALLOCATE_BLOCK {owner=31d65bc3-3f70-45f5-bbc5-e3a15f967ba6, size=4194304, type=RATIS, factor=THREE} | ret=SUCCESS |  
2019-08-23 02:48:43,480 | INFO  | OMAudit | user=jenkins1000 | ip=127.0.0.1 | op=ALLOCATE_BLOCK {volume=vol-0-78052, bucket=bucket-0-33874, key=key-0-20719, dataSize=2147483657, replicationType=RATIS, replicationFactor=THREE, keyLocationInfo=[], clientID=102664010308846034} | ret=SUCCESS |  
2019-08-23 02:48:43,493 | INFO  | DNAudit | user=null | ip=null | op=WRITE_CHUNK {blockData=conID: 3 locID: 102664013314458262 bcsId: 0} | ret=SUCCESS |  
2019-08-23 02:48:43,496 | INFO  | DNAudit | user=null | ip=null | op=WRITE_CHUNK {blockData=conID: 3 locID: 102664013314458262 bcsId: 0} | ret=SUCCESS |  
2019-08-23 02:48:43,497 | INFO  | DNAudit | user=null | ip=null | op=WRITE_CHUNK {blockData=conID: 3 locID: 102664013314458262 bcsId: 0} | ret=SUCCESS |  
2019-08-23 02:48:43,497 | INFO  | DNAudit | user=null | ip=null | op=WRITE_CHUNK {blockData=conID: 3 locID: 102664013314458262 bcsId: 0} | ret=SUCCESS |  
2019-08-23 02:48:43,499 | INFO  | DNAudit | user=null | ip=null | op=WRITE_CHUNK {blockData=conID: 3 locID: 102664013314458262 bcsId: 0} | ret=SUCCESS |  
2019-08-23 02:48:43,499 | INFO  | DNAudit | user=null | ip=null | op=WRITE_CHUNK {blockData=conID: 3 locID: 102664013314458262 bcsId: 0} | ret=SUCCESS |  
2019-08-23 02:48:43,506 | INFO  | SCMAudit | user=jenkins1000 | ip=192.168.34.22 | op=SEND_HEARTBEAT {datanodeUUID=17750241-545b-4219-93a1-14a6ea3d85be, command=[]} | ret=SUCCESS |  
2019-08-23 02:48:43,506 | INFO  | SCMAudit | user=jenkins1000 | ip=192.168.34.22 | op=SEND_HEARTBEAT {datanodeUUID=0cedf437-a8af-4d70-bac5-ea9863093e86, command=[]} | ret=SUCCESS |  
 0.00% |█                                                                                                    |  0/1 Time: 0:00:452019-08-23 02:48:43,507 | INFO  | SCMAudit | user=jenkins1000 | ip=192.168.34.22 | op=SEND_HEARTBEAT {datanodeUUID=4eaaa090-573e-41d3-9f8c-c99e236d806a, command=[]} | ret=SUCCESS |  
2019-08-23 02:48:43,507 | INFO  | SCMAudit | user=jenkins1000 | ip=192.168.34.22 | op=SEND_HEARTBEAT {datanodeUUID=5f4cf9ee-4bed-49de-adaa-861aec894328, command=[]} | ret=SUCCESS |  
2019-08-23 02:48:43,507 | INFO  | SCMAudit | user=jenkins1000 | ip=192.168.34.22 | op=SEND_HEARTBEAT {datanodeUUID=66ab6a68-e61f-4535-ab2f-12fe560929ed, command=[]} | ret=SUCCESS |  
2019-08-23 02:48:43,508 | INFO  | DNAudit | user=null | ip=null | op=WRITE_CHUNK {blockData=conID: 3 locID: 102664013314458262 bcsId: 0} | ret=SUCCESS |  
2019-08-23 02:48:43,508 | INFO  | DNAudit | user=null | ip=null | op=PUT_BLOCK {blockData=[blockId=conID: 3 locID: 102664013314458262 bcsId: 0,size=1048576]} | ret=SUCCESS |  
2019-08-23 02:48:43,508 [grpc-default-executor-6] INFO  client.GrpcClientProtocolClient (GrpcClientProtocolClient.java:onNext(255)) - client-B268B4322F32->17750241-545b-4219-93a1-14a6ea3d85be: receive RaftClientReply:client-B268B4322F32->17750241-545b-4219-93a1-14a6ea3d85be@group-C33FBD9556F2, cid=3184, SUCCESS, logIndex=4813, commits[17750241-545b-4219-93a1-14a6ea3d85be:c4814, 4eaaa090-573e-41d3-9f8c-c99e236d806a:c4812, 5f4cf9ee-4bed-49de-adaa-861aec894328:c4812]
2019-08-23 02:48:43,509 [grpc-default-executor-6] INFO  client.GrpcClientProtocolClient (GrpcClientProtocolClient.java:onNext(255)) - client-B268B4322F32->17750241-545b-4219-93a1-14a6ea3d85be: receive RaftClientReply:client-B268B4322F32->17750241-545b-4219-93a1-14a6ea3d85be@group-C33FBD9556F2, cid=3185, SUCCESS, logIndex=4814, commits[17750241-545b-4219-93a1-14a6ea3d85be:c4814, 4eaaa090-573e-41d3-9f8c-c99e236d806a:c4812, 5f4cf9ee-4bed-49de-adaa-861aec894328:c4812]
2019-08-23 02:48:43,521 | INFO  | DNAudit | user=null | ip=null | op=WRITE_CHUNK {blockData=conID: 3 locID: 102664013314458262 bcsId: 0} | ret=SUCCESS |  
2019-08-23 02:48:43,522 | INFO  | DNAudit | user=null | ip=null | op=PUT_BLOCK {blockData=[blockId=conID: 3 locID: 102664013314458262 bcsId: 0,size=2097152]} | ret=SUCCESS |  
2019-08-23 02:48:43,522 | INFO  | DNAudit | user=null | ip=null | op=WRITE_CHUNK {blockData=conID: 3 locID: 102664013314458262 bcsId: 0} | ret=SUCCESS |  
2019-08-23 02:48:43,522 | INFO  | DNAudit | user=null | ip=null | op=PUT_BLOCK {blockData=[blockId=conID: 3 locID: 102664013314458262 bcsId: 0,size=1048576]} | ret=SUCCESS |  
2019-08-23 02:48:43,522 [grpc-default-executor-5] INFO  client.GrpcClientProtocolClient (GrpcClientProtocolClient.java:onNext(255)) - client-B268B4322F32->17750241-545b-4219-93a1-14a6ea3d85be: receive RaftClientReply:client-B268B4322F32->17750241-545b-4219-93a1-14a6ea3d85be@group-C33FBD9556F2, cid=3186, SUCCESS, logIndex=4815, commits[17750241-545b-4219-93a1-14a6ea3d85be:c4816, 4eaaa090-573e-41d3-9f8c-c99e236d806a:c4812, 5f4cf9ee-4bed-49de-adaa-861aec894328:c4812]
2019-08-23 02:48:43,523 | INFO  | DNAudit | user=null | ip=null | op=WRITE_CHUNK {blockData=conID: 3 locID: 102664013314458262 bcsId: 0} | ret=SUCCESS |  
2019-08-23 02:48:43,523 [grpc-default-executor-2] INFO  client.GrpcClientProtocolClient (GrpcClientProtocolClient.java:onNext(255)) - client-B268B4322F32->17750241-545b-4219-93a1-14a6ea3d85be: receive RaftClientReply:client-B268B4322F32->17750241-545b-4219-93a1-14a6ea3d85be@group-C33FBD9556F2, cid=3187, SUCCESS, logIndex=4816, commits[17750241-545b-4219-93a1-14a6ea3d85be:c4816, 4eaaa090-573e-41d3-9f8c-c99e236d806a:c4812, 5f4cf9ee-4bed-49de-adaa-861aec894328:c4812]
2019-08-23 02:48:43,523 | INFO  | DNAudit | user=null | ip=null | op=PUT_BLOCK {blockData=[blockId=conID: 3 locID: 102664013314458262 bcsId: 0,size=1048576]} | ret=SUCCESS |  
2019-08-23 02:48:43,524 [grpc-default-executor-5] INFO  client.GrpcClientProtocolClient (GrpcClientProtocolClient.java:onNext(255)) - client-B268B4322F32->17750241-545b-4219-93a1-14a6ea3d85be: receive RaftClientReply:client-B268B4322F32->17750241-545b-4219-93a1-14a6ea3d85be@group-C33FBD9556F2, cid=3188, SUCCESS, logIndex=0, commits[17750241-545b-4219-93a1-14a6ea3d85be:c4818, 4eaaa090-573e-41d3-9f8c-c99e236d806a:c4814, 5f4cf9ee-4bed-49de-adaa-861aec894328:c4814]
2019-08-23 02:48:43,533 | INFO  | DNAudit | user=null | ip=null | op=WRITE_CHUNK {blockData=conID: 3 locID: 102664013314458262 bcsId: 4816} | ret=SUCCESS |  
2019-08-23 02:48:43,534 | INFO  | DNAudit | user=null | ip=null | op=WRITE_CHUNK {blockData=conID: 3 locID: 102664013314458262 bcsId: 0} | ret=SUCCESS |  
2019-08-23 02:48:43,534 | INFO  | DNAudit | user=null | ip=null | op=PUT_BLOCK {blockData=[blockId=conID: 3 locID: 102664013314458262 bcsId: 0,size=2097152]} | ret=SUCCESS |  
2019-08-23 02:48:43,536 | INFO  | DNAudit | user=null | ip=null | op=WRITE_CHUNK {blockData=conID: 3 locID: 102664013314458262 bcsId: 4816} | ret=SUCCESS |  
2019-08-23 02:48:43,536 | INFO  | DNAudit | user=null | ip=null | op=WRITE_CHUNK {blockData=conID: 3 locID: 102664013314458262 bcsId: 0} | ret=SUCCESS |  
2019-08-23 02:48:43,536 | INFO  | DNAudit | user=null | ip=null | op=WRITE_CHUNK {blockData=conID: 3 locID: 102664013314458262 bcsId: 4816} | ret=SUCCESS |  
2019-08-23 02:48:43,536 | INFO  | DNAudit | user=null | ip=null | op=PUT_BLOCK {blockData=[blockId=conID: 3 locID: 102664013314458262 bcsId: 0,size=2097152]} | ret=SUCCESS |  
2019-08-23 02:48:43,550 | INFO  | DNAudit | user=null | ip=null | op=WRITE_CHUNK {blockData=conID: 3 locID: 102664013314458262 bcsId: 4816} | ret=SUCCESS |  
2019-08-23 02:48:43,550 | INFO  | DNAudit | user=null | ip=null | op=PUT_BLOCK {blockData=[blockId=conID: 3 locID: 102664013314458262 bcsId: 0,size=3145728]} | ret=SUCCESS |  
2019-08-23 02:48:43,551 [grpc-default-executor-2] INFO  client.GrpcClientProtocolClient (GrpcClientProtocolClient.java:onNext(255)) - client-B268B4322F32->17750241-545b-4219-93a1-14a6ea3d85be: receive RaftClientReply:client-B268B4322F32->17750241-545b-4219-93a1-14a6ea3d85be@group-C33FBD9556F2, cid=3189, SUCCESS, logIndex=4821, commits[17750241-545b-4219-93a1-14a6ea3d85be:c4822, 4eaaa090-573e-41d3-9f8c-c99e236d806a:c4818, 5f4cf9ee-4bed-49de-adaa-861aec894328:c4818]
2019-08-23 02:48:43,551 [grpc-default-executor-2] INFO  client.GrpcClientProtocolClient (GrpcClientProtocolClient.java:onNext(255)) - client-B268B4322F32->17750241-545b-4219-93a1-14a6ea3d85be: receive RaftClientReply:client-B268B4322F32->17750241-545b-4219-93a1-14a6ea3d85be@group-C33FBD9556F2, cid=3190, SUCCESS, logIndex=4822, commits[17750241-545b-4219-93a1-14a6ea3d85be:c4822, 4eaaa090-573e-41d3-9f8c-c99e236d806a:c4818, 5f4cf9ee-4bed-49de-adaa-861aec894328:c4818]
2019-08-23 02:48:43,553 | INFO  | DNAudit | user=null | ip=null | op=WRITE_CHUNK {blockData=conID: 3 locID: 102664013314458262 bcsId: 4816} | ret=SUCCESS |  
2019-08-23 02:48:43,553 | INFO  | DNAudit | user=null | ip=null | op=WRITE_CHUNK {blockData=conID: 3 locID: 102664013314458262 bcsId: 4816} | ret=SUCCESS |  
2019-08-23 02:48:43,553 | INFO  | DNAudit | user=null | ip=null | op=PUT_BLOCK {blockData=[blockId=conID: 3 locID: 102664013314458262 bcsId: 0,size=3145728]} | ret=SUCCESS |  
2019-08-23 02:48:43,553 | INFO  | DNAudit | user=null | ip=null | op=PUT_BLOCK {blockData=[blockId=conID: 3 locID: 102664013314458262 bcsId: 0,size=3145728]} | ret=SUCCESS |  
2019-08-23 02:48:43,559 | INFO  | DNAudit | user=null | ip=null | op=WRITE_CHUNK {blockData=conID: 3 locID: 102664013314458262 bcsId: 4822} | ret=SUCCESS |  
2019-08-23 02:48:43,561 | INFO  | DNAudit | user=null | ip=null | op=WRITE_CHUNK {blockData=conID: 3 locID: 102664013314458262 bcsId: 4822} | ret=SUCCESS |  
2019-08-23 02:48:43,562 | INFO  | DNAudit | user=null | ip=null | op=WRITE_CHUNK {blockData=conID: 3 locID: 102664013314458262 bcsId: 4822} | ret=SUCCESS |  
2019-08-23 02:48:43,570 | INFO  | DNAudit | user=null | ip=null | op=WRITE_CHUNK {blockData=conID: 3 locID: 102664013314458262 bcsId: 4822} | ret=SUCCESS |  
2019-08-23 02:48:43,571 | INFO  | DNAudit | user=null | ip=null | op=PUT_BLOCK {blockData=[blockId=conID: 3 locID: 102664013314458262 bcsId: 0,size=4194304]} | ret=SUCCESS |  
2019-08-23 02:48:43,571 [grpc-default-executor-5] INFO  client.GrpcClientProtocolClient (GrpcClientProtocolClient.java:onNext(255)) - client-B268B4322F32->17750241-545b-4219-93a1-14a6ea3d85be: receive RaftClientReply:client-B268B4322F32->17750241-545b-4219-93a1-14a6ea3d85be@group-C33FBD9556F2, cid=3191, SUCCESS, logIndex=4825, commits[17750241-545b-4219-93a1-14a6ea3d85be:c4826, 4eaaa090-573e-41d3-9f8c-c99e236d806a:c4824, 5f4cf9ee-4bed-49de-adaa-861aec894328:c4824]
2019-08-23 02:48:43,572 [grpc-default-executor-5] INFO  client.GrpcClientProtocolClient (GrpcClientProtocolClient.java:onNext(255)) - client-B268B4322F32->17750241-545b-4219-93a1-14a6ea3d85be: receive RaftClientReply:client-B268B4322F32->17750241-545b-4219-93a1-14a6ea3d85be@group-C33FBD9556F2, cid=3192, SUCCESS, logIndex=4826, commits[17750241-545b-4219-93a1-14a6ea3d85be:c4826, 4eaaa090-573e-41d3-9f8c-c99e236d806a:c4824, 5f4cf9ee-4bed-49de-adaa-861aec894328:c4824]
2019-08-23 02:48:43,574 | INFO  | DNAudit | user=null | ip=null | op=WRITE_CHUNK {blockData=conID: 3 locID: 102664013314458262 bcsId: 4822} | ret=SUCCESS |  
2019-08-23 02:48:43,574 | INFO  | DNAudit | user=null | ip=null | op=PUT_BLOCK {blockData=[blockId=conID: 3 locID: 102664013314458262 bcsId: 0,size=4194304]} | ret=SUCCESS |  
2019-08-23 02:48:43,574 | INFO  | DNAudit | user=null | ip=null | op=WRITE_CHUNK {blockData=conID: 3 locID: 102664013314458262 bcsId: 4822} | ret=SUCCESS |  
2019-08-23 02:48:43,575 | INFO  | DNAudit | user=null | ip=null | op=PUT_BLOCK {blockData=[blockId=conID: 3 locID: 102664013314458262 bcsId: 0,size=4194304]} | ret=SUCCESS |  
2019-08-23 02:48:43,575 [grpc-default-executor-5] INFO  client.GrpcClientProtocolClient (GrpcClientProtocolClient.java:onNext(255)) - client-B268B4322F32->17750241-545b-4219-93a1-14a6ea3d85be: receive RaftClientReply:client-B268B4322F32->17750241-545b-4219-93a1-14a6ea3d85be@group-C33FBD9556F2, cid=3193, SUCCESS, logIndex=0, commits[17750241-545b-4219-93a1-14a6ea3d85be:c4827, 4eaaa090-573e-41d3-9f8c-c99e236d806a:c4826, 5f4cf9ee-4bed-49de-adaa-861aec894328:c4826]
2019-08-23 02:48:43,576 | INFO  | SCMAudit | user=jenkins1000 | ip=192.168.34.22 | op=ALLOCATE_BLOCK {owner=31d65bc3-3f70-45f5-bbc5-e3a15f967ba6, size=4194304, type=RATIS, factor=THREE} | ret=SUCCESS |  
2019-08-23 02:48:43,582 | INFO  | OMAudit | user=jenkins1000 | ip=127.0.0.1 | op=ALLOCATE_BLOCK {volume=vol-0-78052, bucket=bucket-0-33874, key=key-0-20719, dataSize=2147483657, replicationType=RATIS, replicationFactor=THREE, keyLocationInfo=[], clientID=102664010308846034} | ret=SUCCESS |  
2019-08-23 02:48:43,595 | INFO  | DNAudit | user=null | ip=null | op=WRITE_CHUNK {blockData=conID: 1 locID: 102664013321077399 bcsId: 0} | ret=SUCCESS |  
2019-08-23 02:48:43,597 | INFO  | DNAudit | user=null | ip=null | op=WRITE_CHUNK {blockData=conID: 1 locID: 102664013321077399 bcsId: 0} | ret=SUCCESS |  
2019-08-23 02:48:43,598 | INFO  | DNAudit | user=null | ip=null | op=WRITE_CHUNK {blockData=conID: 1 locID: 102664013321077399 bcsId: 0} | ret=SUCCESS |  
2019-08-23 02:48:43,598 | INFO  | DNAudit | user=null | ip=null | op=WRITE_CHUNK {blockData=conID: 1 locID: 102664013321077399 bcsId: 0} | ret=SUCCESS |  
2019-08-23 02:48:43,600 | INFO  | DNAudit | user=null | ip=null | op=WRITE_CHUNK {blockData=conID: 1 locID: 102664013321077399 bcsId: 0} | ret=SUCCESS |  
2019-08-23 02:48:43,600 | INFO  | DNAudit | user=null | ip=null | op=WRITE_CHUNK {blockData=conID: 1 locID: 102664013321077399 bcsId: 0} | ret=SUCCESS |  
2019-08-23 02:48:43,607 | INFO  | DNAudit | user=null | ip=null | op=WRITE_CHUNK {blockData=conID: 1 locID: 102664013321077399 bcsId: 0} | ret=SUCCESS |  
2019-08-23 02:48:43,607 | INFO  | DNAudit | user=null | ip=null | op=PUT_BLOCK {blockData=[blockId=conID: 1 locID: 102664013321077399 bcsId: 0,size=1048576]} | ret=SUCCESS |  
2019-08-23 02:48:43,607 | INFO  | DNAudit | user=null | ip=null | op=WRITE_CHUNK {blockData=conID: 1 locID: 102664013321077399 bcsId: 0} | ret=SUCCESS |  
2019-08-23 02:48:43,608 | INFO  | DNAudit | user=null | ip=null | op=PUT_BLOCK {blockData=[blockId=conID: 1 locID: 102664013321077399 bcsId: 0,size=2097152]} | ret=SUCCESS |  
2019-08-23 02:48:43,608 [grpc-default-executor-2] INFO  client.GrpcClientProtocolClient (GrpcClientProtocolClient.java:onNext(255)) - client-B268B4322F32->17750241-545b-4219-93a1-14a6ea3d85be: receive RaftClientReply:client-B268B4322F32->17750241-545b-4219-93a1-14a6ea3d85be@group-C33FBD9556F2, cid=3194, SUCCESS, logIndex=4829, commits[17750241-545b-4219-93a1-14a6ea3d85be:c4831, 4eaaa090-573e-41d3-9f8c-c99e236d806a:c4826, 5f4cf9ee-4bed-49de-adaa-861aec894328:c4828]
2019-08-23 02:48:43,608 [grpc-default-executor-2] INFO  client.GrpcClientProtocolClient (GrpcClientProtocolClient.java:onNext(255)) - client-B268B4322F32->17750241-545b-4219-93a1-14a6ea3d85be: receive RaftClientReply:client-B268B4322F32->17750241-545b-4219-93a1-14a6ea3d85be@group-C33FBD9556F2, cid=3195, SUCCESS, logIndex=4830, commits[17750241-545b-4219-93a1-14a6ea3d85be:c4831, 4eaaa090-573e-41d3-9f8c-c99e236d806a:c4828, 5f4cf9ee-4bed-49de-adaa-861aec894328:c4828]
2019-08-23 02:48:43,608 [grpc-default-executor-2] INFO  client.GrpcClientProtocolClient (GrpcClientProtocolClient.java:onNext(255)) - client-B268B4322F32->17750241-545b-4219-93a1-14a6ea3d85be: receive RaftClientReply:client-B268B4322F32->17750241-545b-4219-93a1-14a6ea3d85be@group-C33FBD9556F2, cid=3196, SUCCESS, logIndex=4831, commits[17750241-545b-4219-93a1-14a6ea3d85be:c4832, 4eaaa090-573e-41d3-9f8c-c99e236d806a:c4828, 5f4cf9ee-4bed-49de-adaa-861aec894328:c4828]
2019-08-23 02:48:43,609 [grpc-default-executor-2] INFO  client.GrpcClientProtocolClient (GrpcClientProtocolClient.java:onNext(255)) - client-B268B4322F32->17750241-545b-4219-93a1-14a6ea3d85be: receive RaftClientReply:client-B268B4322F32->17750241-545b-4219-93a1-14a6ea3d85be@group-C33FBD9556F2, cid=3197, SUCCESS, logIndex=4832, commits[17750241-545b-4219-93a1-14a6ea3d85be:c4832, 4eaaa090-573e-41d3-9f8c-c99e236d806a:c4828, 5f4cf9ee-4bed-49de-adaa-861aec894328:c4828]
2019-08-23 02:48:43,619 | INFO  | DNAudit | user=null | ip=null | op=WRITE_CHUNK {blockData=conID: 1 locID: 102664013321077399 bcsId: 0} | ret=SUCCESS |  
2019-08-23 02:48:43,619 | INFO  | DNAudit | user=null | ip=null | op=WRITE_CHUNK {blockData=conID: 1 locID: 102664013321077399 bcsId: 0} | ret=SUCCESS |  
2019-08-23 02:48:43,622 | INFO  | DNAudit | user=null | ip=null | op=PUT_BLOCK {blockData=[blockId=conID: 1 locID: 102664013321077399 bcsId: 0,size=1048576]} | ret=SUCCESS |  
2019-08-23 02:48:43,622 | INFO  | DNAudit | user=null | ip=null | op=PUT_BLOCK {blockData=[blockId=conID: 1 locID: 102664013321077399 bcsId: 0,size=1048576]} | ret=SUCCESS |  
2019-08-23 02:48:43,622 | INFO  | DNAudit | user=null | ip=null | op=WRITE_CHUNK {blockData=conID: 1 locID: 102664013321077399 bcsId: 0} | ret=SUCCESS |  
2019-08-23 02:48:43,623 | INFO  | DNAudit | user=null | ip=null | op=PUT_BLOCK {blockData=[blockId=conID: 1 locID: 102664013321077399 bcsId: 0,size=2097152]} | ret=SUCCESS |  
2019-08-23 02:48:43,623 | INFO  | DNAudit | user=null | ip=null | op=WRITE_CHUNK {blockData=conID: 1 locID: 102664013321077399 bcsId: 0} | ret=SUCCESS |  
2019-08-23 02:48:43,623 | INFO  | DNAudit | user=null | ip=null | op=PUT_BLOCK {blockData=[blockId=conID: 1 locID: 102664013321077399 bcsId: 0,size=2097152]} | ret=SUCCESS |  
2019-08-23 02:48:43,624 [grpc-default-executor-2] INFO  client.GrpcClientProtocolClient (GrpcClientProtocolClient.java:onNext(255)) - client-B268B4322F32->17750241-545b-4219-93a1-14a6ea3d85be: receive RaftClientReply:client-B268B4322F32->17750241-545b-4219-93a1-14a6ea3d85be@group-C33FBD9556F2, cid=3198, SUCCESS, logIndex=0, commits[17750241-545b-4219-93a1-14a6ea3d85be:c4836, 4eaaa090-573e-41d3-9f8c-c99e236d806a:c4832, 5f4cf9ee-4bed-49de-adaa-861aec894328:c4830]
2019-08-23 02:48:43,632 | INFO  | DNAudit | user=null | ip=null | op=WRITE_CHUNK {blockData=conID: 1 locID: 102664013321077399 bcsId: 4832} | ret=SUCCESS |  
2019-08-23 02:48:43,635 | INFO  | DNAudit | user=null | ip=null | op=WRITE_CHUNK {blockData=conID: 1 locID: 102664013321077399 bcsId: 4832} | ret=SUCCESS |  
2019-08-23 02:48:43,635 | INFO  | DNAudit | user=null | ip=null | op=WRITE_CHUNK {blockData=conID: 1 locID: 102664013321077399 bcsId: 4832} | ret=SUCCESS |  
2019-08-23 02:48:43,645 | INFO  | DNAudit | user=null | ip=null | op=WRITE_CHUNK {blockData=conID: 1 locID: 102664013321077399 bcsId: 4832} | ret=SUCCESS |  
2019-08-23 02:48:43,646 | INFO  | DNAudit | user=null | ip=null | op=PUT_BLOCK {blockData=[blockId=conID: 1 locID: 102664013321077399 bcsId: 0,size=3145728]} | ret=SUCCESS |  
2019-08-23 02:48:43,646 [grpc-default-executor-6] INFO  client.GrpcClientProtocolClient (GrpcClientProtocolClient.java:onNext(255)) - client-B268B4322F32->17750241-545b-4219-93a1-14a6ea3d85be: receive RaftClientReply:client-B268B4322F32->17750241-545b-4219-93a1-14a6ea3d85be@group-C33FBD9556F2, cid=3199, SUCCESS, logIndex=4837, commits[17750241-545b-4219-93a1-14a6ea3d85be:c4838, 4eaaa090-573e-41d3-9f8c-c99e236d806a:c4836, 5f4cf9ee-4bed-49de-adaa-861aec894328:c4832]
2019-08-23 02:48:43,647 [grpc-default-executor-6] INFO  client.GrpcClientProtocolClient (GrpcClientProtocolClient.java:onNext(255)) - client-B268B4322F32->17750241-545b-4219-93a1-14a6ea3d85be: receive RaftClientReply:client-B268B4322F32->17750241-545b-4219-93a1-14a6ea3d85be@group-C33FBD9556F2, cid=3200, SUCCESS, logIndex=4838, commits[17750241-545b-4219-93a1-14a6ea3d85be:c4838, 4eaaa090-573e-41d3-9f8c-c99e236d806a:c4836, 5f4cf9ee-4bed-49de-adaa-861aec894328:c4836]
2019-08-23 02:48:43,654 | INFO  | DNAudit | user=null | ip=null | op=WRITE_CHUNK {blockData=conID: 1 locID: 102664013321077399 bcsId: 4838} | ret=SUCCESS |  
2019-08-23 02:48:43,657 | INFO  | DNAudit | user=null | ip=null | op=WRITE_CHUNK {blockData=conID: 1 locID: 102664013321077399 bcsId: 4838} | ret=SUCCESS |  
2019-08-23 02:48:43,657 | INFO  | DNAudit | user=null | ip=null | op=WRITE_CHUNK {blockData=conID: 1 locID: 102664013321077399 bcsId: 4838} | ret=SUCCESS |  
2019-08-23 02:48:43,662 | INFO  | DNAudit | user=null | ip=null | op=WRITE_CHUNK {blockData=conID: 1 locID: 102664013321077399 bcsId: 4832} | ret=SUCCESS |  
2019-08-23 02:48:43,663 | INFO  | DNAudit | user=null | ip=null | op=WRITE_CHUNK {blockData=conID: 1 locID: 102664013321077399 bcsId: 4832} | ret=SUCCESS |  
2019-08-23 02:48:43,663 | INFO  | DNAudit | user=null | ip=null | op=PUT_BLOCK {blockData=[blockId=conID: 1 locID: 102664013321077399 bcsId: 0,size=3145728]} | ret=SUCCESS |  
2019-08-23 02:48:43,663 | INFO  | DNAudit | user=null | ip=null | op=PUT_BLOCK {blockData=[blockId=conID: 1 locID: 102664013321077399 bcsId: 0,size=3145728]} | ret=SUCCESS |  
2019-08-23 02:48:43,665 | INFO  | DNAudit | user=null | ip=null | op=WRITE_CHUNK {blockData=conID: 1 locID: 102664013321077399 bcsId: 4838} | ret=SUCCESS |  
2019-08-23 02:48:43,666 | INFO  | DNAudit | user=null | ip=null | op=PUT_BLOCK {blockData=[blockId=conID: 1 locID: 102664013321077399 bcsId: 0,size=4194304]} | ret=SUCCESS |  
2019-08-23 02:48:43,666 [grpc-default-executor-6] INFO  client.GrpcClientProtocolClient (GrpcClientProtocolClient.java:onNext(255)) - client-B268B4322F32->17750241-545b-4219-93a1-14a6ea3d85be: receive RaftClientReply:client-B268B4322F32->17750241-545b-4219-93a1-14a6ea3d85be@group-C33FBD9556F2, cid=3201, SUCCESS, logIndex=4841, commits[17750241-545b-4219-93a1-14a6ea3d85be:c4842, 4eaaa090-573e-41d3-9f8c-c99e236d806a:c4838, 5f4cf9ee-4bed-49de-adaa-861aec894328:c4838]
2019-08-23 02:48:43,667 [grpc-default-executor-6] INFO  client.GrpcClientProtocolClient (GrpcClientProtocolClient.java:onNext(255)) - client-B268B4322F32->17750241-545b-4219-93a1-14a6ea3d85be: receive RaftClientReply:client-B268B4322F32->17750241-545b-4219-93a1-14a6ea3d85be@group-C33FBD9556F2, cid=3202, SUCCESS, logIndex=4842, commits[17750241-545b-4219-93a1-14a6ea3d85be:c4842, 4eaaa090-573e-41d3-9f8c-c99e236d806a:c4838, 5f4cf9ee-4bed-49de-adaa-861aec894328:c4838]
2019-08-23 02:48:43,677 | INFO  | DNAudit | user=null | ip=null | op=WRITE_CHUNK {blockData=conID: 1 locID: 102664013321077399 bcsId: 4838} | ret=SUCCESS |  
2019-08-23 02:48:43,677 | INFO  | DNAudit | user=null | ip=null | op=WRITE_CHUNK {blockData=conID: 1 locID: 102664013321077399 bcsId: 4838} | ret=SUCCESS |  
2019-08-23 02:48:43,677 | INFO  | DNAudit | user=null | ip=null | op=PUT_BLOCK {blockData=[blockId=conID: 1 locID: 102664013321077399 bcsId: 0,size=4194304]} | ret=SUCCESS |  
2019-08-23 02:48:43,677 | INFO  | DNAudit | user=null | ip=null | op=PUT_BLOCK {blockData=[blockId=conID: 1 locID: 102664013321077399 bcsId: 0,size=4194304]} | ret=SUCCESS |  
2019-08-23 02:48:43,678 [grpc-default-executor-6] INFO  client.GrpcClientProtocolClient (GrpcClientProtocolClient.java:onNext(255)) - client-B268B4322F32->17750241-545b-4219-93a1-14a6ea3d85be: receive RaftClientReply:client-B268B4322F32->17750241-545b-4219-93a1-14a6ea3d85be@group-C33FBD9556F2, cid=3203, SUCCESS, logIndex=0, commits[17750241-545b-4219-93a1-14a6ea3d85be:c4843, 4eaaa090-573e-41d3-9f8c-c99e236d806a:c4842, 5f4cf9ee-4bed-49de-adaa-861aec894328:c4842]
2019-08-23 02:48:43,680 | INFO  | SCMAudit | user=jenkins1000 | ip=192.168.34.22 | op=ALLOCATE_BLOCK {owner=31d65bc3-3f70-45f5-bbc5-e3a15f967ba6, size=4194304, type=RATIS, factor=THREE} | ret=SUCCESS |  
2019-08-23 02:48:43,690 | INFO  | OMAudit | user=jenkins1000 | ip=127.0.0.1 | op=ALLOCATE_BLOCK {volume=vol-0-78052, bucket=bucket-0-33874, key=key-0-20719, dataSize=2147483657, replicationType=RATIS, replicationFactor=THREE, keyLocationInfo=[], clientID=102664010308846034} | ret=SUCCESS |  
2019-08-23 02:48:43,705 | INFO  | DNAudit | user=null | ip=null | op=WRITE_CHUNK {blockData=conID: 2 locID: 102664013327893144 bcsId: 0} | ret=SUCCESS |  
2019-08-23 02:48:43,708 | INFO  | DNAudit | user=null | ip=null | op=WRITE_CHUNK {blockData=conID: 2 locID: 102664013327893144 bcsId: 0} | ret=SUCCESS |  
2019-08-23 02:48:43,709 | INFO  | DNAudit | user=null | ip=null | op=WRITE_CHUNK {blockData=conID: 2 locID: 102664013327893144 bcsId: 0} | ret=SUCCESS |  
2019-08-23 02:48:43,710 | INFO  | DNAudit | user=null | ip=null | op=WRITE_CHUNK {blockData=conID: 2 locID: 102664013327893144 bcsId: 0} | ret=SUCCESS |  
2019-08-23 02:48:43,713 | INFO  | DNAudit | user=null | ip=null | op=WRITE_CHUNK {blockData=conID: 2 locID: 102664013327893144 bcsId: 0} | ret=SUCCESS |  
2019-08-23 02:48:43,713 | INFO  | DNAudit | user=null | ip=null | op=WRITE_CHUNK {blockData=conID: 2 locID: 102664013327893144 bcsId: 0} | ret=SUCCESS |  
2019-08-23 02:48:43,720 | INFO  | DNAudit | user=null | ip=null | op=WRITE_CHUNK {blockData=conID: 2 locID: 102664013327893144 bcsId: 0} | ret=SUCCESS |  
2019-08-23 02:48:43,720 | INFO  | DNAudit | user=null | ip=null | op=PUT_BLOCK {blockData=[blockId=conID: 2 locID: 102664013327893144 bcsId: 0,size=1048576]} | ret=SUCCESS |  
2019-08-23 02:48:43,721 [grpc-default-executor-6] INFO  client.GrpcClientProtocolClient (GrpcClientProtocolClient.java:onNext(255)) - client-B268B4322F32->17750241-545b-4219-93a1-14a6ea3d85be: receive RaftClientReply:client-B268B4322F32->17750241-545b-4219-93a1-14a6ea3d85be@group-C33FBD9556F2, cid=3204, SUCCESS, logIndex=4844, commits[17750241-545b-4219-93a1-14a6ea3d85be:c4845, 4eaaa090-573e-41d3-9f8c-c99e236d806a:c4843, 5f4cf9ee-4bed-49de-adaa-861aec894328:c4843]
2019-08-23 02:48:43,721 [grpc-default-executor-6] INFO  client.GrpcClientProtocolClient (GrpcClientProtocolClient.java:onNext(255)) - client-B268B4322F32->17750241-545b-4219-93a1-14a6ea3d85be: receive RaftClientReply:client-B268B4322F32->17750241-545b-4219-93a1-14a6ea3d85be@group-C33FBD9556F2, cid=3205, SUCCESS, logIndex=4845, commits[17750241-545b-4219-93a1-14a6ea3d85be:c4845, 4eaaa090-573e-41d3-9f8c-c99e236d806a:c4843, 5f4cf9ee-4bed-49de-adaa-861aec894328:c4843]
2019-08-23 02:48:43,732 | INFO  | DNAudit | user=null | ip=null | op=WRITE_CHUNK {blockData=conID: 2 locID: 102664013327893144 bcsId: 0} | ret=SUCCESS |  
2019-08-23 02:48:43,732 | INFO  | DNAudit | user=null | ip=null | op=PUT_BLOCK {blockData=[blockId=conID: 2 locID: 102664013327893144 bcsId: 0,size=2097152]} | ret=SUCCESS |  
2019-08-23 02:48:43,733 [grpc-default-executor-6] INFO  client.GrpcClientProtocolClient (GrpcClientProtocolClient.java:onNext(255)) - client-B268B4322F32->17750241-545b-4219-93a1-14a6ea3d85be: receive RaftClientReply:client-B268B4322F32->17750241-545b-4219-93a1-14a6ea3d85be@group-C33FBD9556F2, cid=3206, SUCCESS, logIndex=4846, commits[17750241-545b-4219-93a1-14a6ea3d85be:c4846, 4eaaa090-573e-41d3-9f8c-c99e236d806a:c4843, 5f4cf9ee-4bed-49de-adaa-861aec894328:c4843]
2019-08-23 02:48:43,734 [grpc-default-executor-6] INFO  client.GrpcClientProtocolClient (GrpcClientProtocolClient.java:onNext(255)) - client-B268B4322F32->17750241-545b-4219-93a1-14a6ea3d85be: receive RaftClientReply:client-B268B4322F32->17750241-545b-4219-93a1-14a6ea3d85be@group-C33FBD9556F2, cid=3207, SUCCESS, logIndex=4847, commits[17750241-545b-4219-93a1-14a6ea3d85be:c4847, 4eaaa090-573e-41d3-9f8c-c99e236d806a:c4843, 5f4cf9ee-4bed-49de-adaa-861aec894328:c4843]
2019-08-23 02:48:43,743 | INFO  | DNAudit | user=null | ip=null | op=WRITE_CHUNK {blockData=conID: 2 locID: 102664013327893144 bcsId: 0} | ret=SUCCESS |  
2019-08-23 02:48:43,744 | INFO  | DNAudit | user=null | ip=null | op=WRITE_CHUNK {blockData=conID: 2 locID: 102664013327893144 bcsId: 0} | ret=SUCCESS |  
2019-08-23 02:48:43,744 | INFO  | DNAudit | user=null | ip=null | op=PUT_BLOCK {blockData=[blockId=conID: 2 locID: 102664013327893144 bcsId: 0,size=1048576]} | ret=SUCCESS |  
2019-08-23 02:48:43,744 | INFO  | DNAudit | user=null | ip=null | op=PUT_BLOCK {blockData=[blockId=conID: 2 locID: 102664013327893144 bcsId: 0,size=1048576]} | ret=SUCCESS |  
2019-08-23 02:48:43,745 [grpc-default-executor-6] INFO  client.GrpcClientProtocolClient (GrpcClientProtocolClient.java:onNext(255)) - client-B268B4322F32->17750241-545b-4219-93a1-14a6ea3d85be: receive RaftClientReply:client-B268B4322F32->17750241-545b-4219-93a1-14a6ea3d85be@group-C33FBD9556F2, cid=3208, SUCCESS, logIndex=0, commits[17750241-545b-4219-93a1-14a6ea3d85be:c4849, 4eaaa090-573e-41d3-9f8c-c99e236d806a:c4845, 5f4cf9ee-4bed-49de-adaa-861aec894328:c4845]
2019-08-23 02:48:43,754 | INFO  | DNAudit | user=null | ip=null | op=WRITE_CHUNK {blockData=conID: 2 locID: 102664013327893144 bcsId: 4847} | ret=SUCCESS |  
2019-08-23 02:48:43,756 | INFO  | DNAudit | user=null | ip=null | op=WRITE_CHUNK {blockData=conID: 2 locID: 102664013327893144 bcsId: 4847} | ret=SUCCESS |  
2019-08-23 02:48:43,756 | INFO  | DNAudit | user=null | ip=null | op=WRITE_CHUNK {blockData=conID: 2 locID: 102664013327893144 bcsId: 4847} | ret=SUCCESS |  
2019-08-23 02:48:43,756 | INFO  | DNAudit | user=null | ip=null | op=WRITE_CHUNK {blockData=conID: 2 locID: 102664013327893144 bcsId: 0} | ret=SUCCESS |  
2019-08-23 02:48:43,756 | INFO  | DNAudit | user=null | ip=null | op=WRITE_CHUNK {blockData=conID: 2 locID: 102664013327893144 bcsId: 0} | ret=SUCCESS |  
2019-08-23 02:48:43,757 | INFO  | DNAudit | user=null | ip=null | op=PUT_BLOCK {blockData=[blockId=conID: 2 locID: 102664013327893144 bcsId: 0,size=2097152]} | ret=SUCCESS |  
2019-08-23 02:48:43,757 | INFO  | DNAudit | user=null | ip=null | op=PUT_BLOCK {blockData=[blockId=conID: 2 locID: 102664013327893144 bcsId: 0,size=2097152]} | ret=SUCCESS |  
2019-08-23 02:48:43,770 | INFO  | DNAudit | user=null | ip=null | op=WRITE_CHUNK {blockData=conID: 2 locID: 102664013327893144 bcsId: 4847} | ret=SUCCESS |  
2019-08-23 02:48:43,770 | INFO  | DNAudit | user=null | ip=null | op=PUT_BLOCK {blockData=[blockId=conID: 2 locID: 102664013327893144 bcsId: 0,size=3145728]} | ret=SUCCESS |  
2019-08-23 02:48:43,771 [grpc-default-executor-6] INFO  client.GrpcClientProtocolClient (GrpcClientProtocolClient.java:onNext(255)) - client-B268B4322F32->17750241-545b-4219-93a1-14a6ea3d85be: receive RaftClientReply:client-B268B4322F32->17750241-545b-4219-93a1-14a6ea3d85be@group-C33FBD9556F2, cid=3209, SUCCESS, logIndex=4852, commits[17750241-545b-4219-93a1-14a6ea3d85be:c4853, 4eaaa090-573e-41d3-9f8c-c99e236d806a:c4849, 5f4cf9ee-4bed-49de-adaa-861aec894328:c4849]
2019-08-23 02:48:43,771 [grpc-default-executor-6] INFO  client.GrpcClientProtocolClient (GrpcClientProtocolClient.java:onNext(255)) - client-B268B4322F32->17750241-545b-4219-93a1-14a6ea3d85be: receive RaftClientReply:client-B268B4322F32->17750241-545b-4219-93a1-14a6ea3d85be@group-C33FBD9556F2, cid=3210, SUCCESS, logIndex=4853, commits[17750241-545b-4219-93a1-14a6ea3d85be:c4853, 4eaaa090-573e-41d3-9f8c-c99e236d806a:c4849, 5f4cf9ee-4bed-49de-adaa-861aec894328:c4849]
2019-08-23 02:48:43,779 | INFO  | DNAudit | user=null | ip=null | op=WRITE_CHUNK {blockData=conID: 2 locID: 102664013327893144 bcsId: 4853} | ret=SUCCESS |  
2019-08-23 02:48:43,782 | INFO  | DNAudit | user=null | ip=null | op=WRITE_CHUNK {blockData=conID: 2 locID: 102664013327893144 bcsId: 4853} | ret=SUCCESS |  
2019-08-23 02:48:43,782 | INFO  | DNAudit | user=null | ip=null | op=WRITE_CHUNK {blockData=conID: 2 locID: 102664013327893144 bcsId: 4853} | ret=SUCCESS |  
2019-08-23 02:48:43,782 | INFO  | DNAudit | user=null | ip=null | op=WRITE_CHUNK {blockData=conID: 2 locID: 102664013327893144 bcsId: 4847} | ret=SUCCESS |  
2019-08-23 02:48:43,783 | INFO  | DNAudit | user=null | ip=null | op=WRITE_CHUNK {blockData=conID: 2 locID: 102664013327893144 bcsId: 4847} | ret=SUCCESS |  
2019-08-23 02:48:43,783 | INFO  | DNAudit | user=null | ip=null | op=PUT_BLOCK {blockData=[blockId=conID: 2 locID: 102664013327893144 bcsId: 0,size=3145728]} | ret=SUCCESS |  
2019-08-23 02:48:43,795 | INFO  | DNAudit | user=null | ip=null | op=PUT_BLOCK {blockData=[blockId=conID: 2 locID: 102664013327893144 bcsId: 0,size=3145728]} | ret=SUCCESS |  
2019-08-23 02:48:43,796 | INFO  | DNAudit | user=null | ip=null | op=WRITE_CHUNK {blockData=conID: 2 locID: 102664013327893144 bcsId: 4853} | ret=SUCCESS |  
2019-08-23 02:48:43,797 | INFO  | DNAudit | user=null | ip=null | op=PUT_BLOCK {blockData=[blockId=conID: 2 locID: 102664013327893144 bcsId: 0,size=4194304]} | ret=SUCCESS |  
2019-08-23 02:48:43,797 [grpc-default-executor-2] INFO  client.GrpcClientProtocolClient (GrpcClientProtocolClient.java:onNext(255)) - client-B268B4322F32->17750241-545b-4219-93a1-14a6ea3d85be: receive RaftClientReply:client-B268B4322F32->17750241-545b-4219-93a1-14a6ea3d85be@group-C33FBD9556F2, cid=3211, SUCCESS, logIndex=4856, commits[17750241-545b-4219-93a1-14a6ea3d85be:c4856, 4eaaa090-573e-41d3-9f8c-c99e236d806a:c4853, 5f4cf9ee-4bed-49de-adaa-861aec894328:c4853]
2019-08-23 02:48:43,797 [grpc-default-executor-2] INFO  client.GrpcClientProtocolClient (GrpcClientProtocolClient.java:onNext(255)) - client-B268B4322F32->17750241-545b-4219-93a1-14a6ea3d85be: receive RaftClientReply:client-B268B4322F32->17750241-545b-4219-93a1-14a6ea3d85be@group-C33FBD9556F2, cid=3212, SUCCESS, logIndex=4857, commits[17750241-545b-4219-93a1-14a6ea3d85be:c4857, 4eaaa090-573e-41d3-9f8c-c99e236d806a:c4853, 5f4cf9ee-4bed-49de-adaa-861aec894328:c4853]
2019-08-23 02:48:43,816 | INFO  | DNAudit | user=null | ip=null | op=WRITE_CHUNK {blockData=conID: 2 locID: 102664013327893144 bcsId: 4853} | ret=SUCCESS |  
2019-08-23 02:48:43,816 | INFO  | DNAudit | user=null | ip=null | op=WRITE_CHUNK {blockData=conID: 2 locID: 102664013327893144 bcsId: 4853} | ret=SUCCESS |  
2019-08-23 02:48:43,818 | INFO  | DNAudit | user=null | ip=null | op=PUT_BLOCK {blockData=[blockId=conID: 2 locID: 102664013327893144 bcsId: 0,size=4194304]} | ret=SUCCESS |  
2019-08-23 02:48:43,818 | INFO  | DNAudit | user=null | ip=null | op=PUT_BLOCK {blockData=[blockId=conID: 2 locID: 102664013327893144 bcsId: 0,size=4194304]} | ret=SUCCESS |  
2019-08-23 02:48:43,819 [grpc-default-executor-2] INFO  client.GrpcClientProtocolClient (GrpcClientProtocolClient.java:onNext(255)) - client-B268B4322F32->17750241-545b-4219-93a1-14a6ea3d85be: receive RaftClientReply:client-B268B4322F32->17750241-545b-4219-93a1-14a6ea3d85be@group-C33FBD9556F2, cid=3213, SUCCESS, logIndex=0, commits[17750241-545b-4219-93a1-14a6ea3d85be:c4859, 4eaaa090-573e-41d3-9f8c-c99e236d806a:c4857, 5f4cf9ee-4bed-49de-adaa-861aec894328:c4857]
2019-08-23 02:48:43,821 | INFO  | SCMAudit | user=jenkins1000 | ip=192.168.34.22 | op=ALLOCATE_BLOCK {owner=31d65bc3-3f70-45f5-bbc5-e3a15f967ba6, size=4194304, type=RATIS, factor=THREE} | ret=SUCCESS |  
2019-08-23 02:48:43,828 | INFO  | OMAudit | user=jenkins1000 | ip=127.0.0.1 | op=ALLOCATE_BLOCK {volume=vol-0-78052, bucket=bucket-0-33874, key=key-0-20719, dataSize=2147483657, replicationType=RATIS, replicationFactor=THREE, keyLocationInfo=[], clientID=102664010308846034} | ret=SUCCESS |  
2019-08-23 02:48:43,987 | INFO  | DNAudit | user=null | ip=null | op=WRITE_CHUNK {blockData=conID: 3 locID: 102664013337133721 bcsId: 0} | ret=SUCCESS |  
2019-08-23 02:48:43,991 | INFO  | DNAudit | user=null | ip=null | op=WRITE_CHUNK {blockData=conID: 3 locID: 102664013337133721 bcsId: 0} | ret=SUCCESS |  
2019-08-23 02:48:43,992 | INFO  | DNAudit | user=null | ip=null | op=WRITE_CHUNK {blockData=conID: 3 locID: 102664013337133721 bcsId: 0} | ret=SUCCESS |  
2019-08-23 02:48:43,992 | INFO  | DNAudit | user=null | ip=null | op=WRITE_CHUNK {blockData=conID: 3 locID: 102664013337133721 bcsId: 0} | ret=SUCCESS |  
2019-08-23 02:48:43,994 | INFO  | DNAudit | user=null | ip=null | op=WRITE_CHUNK {blockData=conID: 3 locID: 102664013337133721 bcsId: 0} | ret=SUCCESS |  
2019-08-23 02:48:43,995 | INFO  | DNAudit | user=null | ip=null | op=WRITE_CHUNK {blockData=conID: 3 locID: 102664013337133721 bcsId: 0} | ret=SUCCESS |  
2019-08-23 02:48:44,000 | INFO  | DNAudit | user=null | ip=null | op=WRITE_CHUNK {blockData=conID: 3 locID: 102664013337133721 bcsId: 0} | ret=SUCCESS |  
2019-08-23 02:48:44,001 | INFO  | DNAudit | user=null | ip=null | op=PUT_BLOCK {blockData=[blockId=conID: 3 locID: 102664013337133721 bcsId: 0,size=1048576]} | ret=SUCCESS |  
2019-08-23 02:48:44,002 | INFO  | DNAudit | user=null | ip=null | op=WRITE_CHUNK {blockData=conID: 3 locID: 102664013337133721 bcsId: 0} | ret=SUCCESS |  
2019-08-23 02:48:44,002 [grpc-default-executor-6] INFO  client.GrpcClientProtocolClient (GrpcClientProtocolClient.java:onNext(255)) - client-B268B4322F32->17750241-545b-4219-93a1-14a6ea3d85be: receive RaftClientReply:client-B268B4322F32->17750241-545b-4219-93a1-14a6ea3d85be@group-C33FBD9556F2, cid=3214, SUCCESS, logIndex=4860, commits[17750241-545b-4219-93a1-14a6ea3d85be:c4861, 4eaaa090-573e-41d3-9f8c-c99e236d806a:c4859, 5f4cf9ee-4bed-49de-adaa-861aec894328:c4859]
2019-08-23 02:48:44,002 | INFO  | DNAudit | user=null | ip=null | op=PUT_BLOCK {blockData=[blockId=conID: 3 locID: 102664013337133721 bcsId: 0,size=2097152]} | ret=SUCCESS |  
2019-08-23 02:48:44,003 [grpc-default-executor-6] INFO  client.GrpcClientProtocolClient (GrpcClientProtocolClient.java:onNext(255)) - client-B268B4322F32->17750241-545b-4219-93a1-14a6ea3d85be: receive RaftClientReply:client-B268B4322F32->17750241-545b-4219-93a1-14a6ea3d85be@group-C33FBD9556F2, cid=3215, SUCCESS, logIndex=4861, commits[17750241-545b-4219-93a1-14a6ea3d85be:c4863, 4eaaa090-573e-41d3-9f8c-c99e236d806a:c4859, 5f4cf9ee-4bed-49de-adaa-861aec894328:c4859]
2019-08-23 02:48:44,003 [grpc-default-executor-6] INFO  client.GrpcClientProtocolClient (GrpcClientProtocolClient.java:onNext(255)) - client-B268B4322F32->17750241-545b-4219-93a1-14a6ea3d85be: receive RaftClientReply:client-B268B4322F32->17750241-545b-4219-93a1-14a6ea3d85be@group-C33FBD9556F2, cid=3216, SUCCESS, logIndex=4862, commits[17750241-545b-4219-93a1-14a6ea3d85be:c4863, 4eaaa090-573e-41d3-9f8c-c99e236d806a:c4859, 5f4cf9ee-4bed-49de-adaa-861aec894328:c4859]
2019-08-23 02:48:44,004 | INFO  | DNAudit | user=null | ip=null | op=WRITE_CHUNK {blockData=conID: 3 locID: 102664013337133721 bcsId: 0} | ret=SUCCESS |  
2019-08-23 02:48:44,004 | INFO  | DNAudit | user=null | ip=null | op=PUT_BLOCK {blockData=[blockId=conID: 3 locID: 102664013337133721 bcsId: 0,size=1048576]} | ret=SUCCESS |  
2019-08-23 02:48:44,004 [grpc-default-executor-1] INFO  client.GrpcClientProtocolClient (GrpcClientProtocolClient.java:onNext(255)) - client-B268B4322F32->17750241-545b-4219-93a1-14a6ea3d85be: receive RaftClientReply:client-B268B4322F32->17750241-545b-4219-93a1-14a6ea3d85be@group-C33FBD9556F2, cid=3217, SUCCESS, logIndex=4863, commits[17750241-545b-4219-93a1-14a6ea3d85be:c4863, 4eaaa090-573e-41d3-9f8c-c99e236d806a:c4859, 5f4cf9ee-4bed-49de-adaa-861aec894328:c4859]
2019-08-23 02:48:44,015 | INFO  | DNAudit | user=null | ip=null | op=WRITE_CHUNK {blockData=conID: 3 locID: 102664013337133721 bcsId: 0} | ret=SUCCESS |  
2019-08-23 02:48:44,015 | INFO  | DNAudit | user=null | ip=null | op=PUT_BLOCK {blockData=[blockId=conID: 3 locID: 102664013337133721 bcsId: 0,size=1048576]} | ret=SUCCESS |  
2019-08-23 02:48:44,015 | INFO  | DNAudit | user=null | ip=null | op=WRITE_CHUNK {blockData=conID: 3 locID: 102664013337133721 bcsId: 0} | ret=SUCCESS |  
2019-08-23 02:48:44,016 | INFO  | DNAudit | user=null | ip=null | op=PUT_BLOCK {blockData=[blockId=conID: 3 locID: 102664013337133721 bcsId: 0,size=2097152]} | ret=SUCCESS |  
2019-08-23 02:48:44,016 | INFO  | DNAudit | user=null | ip=null | op=WRITE_CHUNK {blockData=conID: 3 locID: 102664013337133721 bcsId: 0} | ret=SUCCESS |  
2019-08-23 02:48:44,016 | INFO  | DNAudit | user=null | ip=null | op=PUT_BLOCK {blockData=[blockId=conID: 3 locID: 102664013337133721 bcsId: 0,size=2097152]} | ret=SUCCESS |  
2019-08-23 02:48:44,016 [grpc-default-executor-6] INFO  client.GrpcClientProtocolClient (GrpcClientProtocolClient.java:onNext(255)) - client-B268B4322F32->17750241-545b-4219-93a1-14a6ea3d85be: receive RaftClientReply:client-B268B4322F32->17750241-545b-4219-93a1-14a6ea3d85be@group-C33FBD9556F2, cid=3218, SUCCESS, logIndex=0, commits[17750241-545b-4219-93a1-14a6ea3d85be:c4865, 4eaaa090-573e-41d3-9f8c-c99e236d806a:c4861, 5f4cf9ee-4bed-49de-adaa-861aec894328:c4861]
2019-08-23 02:48:44,026 | INFO  | DNAudit | user=null | ip=null | op=WRITE_CHUNK {blockData=conID: 3 locID: 102664013337133721 bcsId: 4863} | ret=SUCCESS |  
2019-08-23 02:48:44,029 | INFO  | DNAudit | user=null | ip=null | op=WRITE_CHUNK {blockData=conID: 3 locID: 102664013337133721 bcsId: 4863} | ret=SUCCESS |  
2019-08-23 02:48:44,029 | INFO  | DNAudit | user=null | ip=null | op=WRITE_CHUNK {blockData=conID: 3 locID: 102664013337133721 bcsId: 4863} | ret=SUCCESS |  
2019-08-23 02:48:44,040 | INFO  | DNAudit | user=null | ip=null | op=WRITE_CHUNK {blockData=conID: 3 locID: 102664013337133721 bcsId: 4863} | ret=SUCCESS |  
2019-08-23 02:48:44,040 | INFO  | DNAudit | user=null | ip=null | op=PUT_BLOCK {blockData=[blockId=conID: 3 locID: 102664013337133721 bcsId: 0,size=3145728]} | ret=SUCCESS |  
2019-08-23 02:48:44,040 [grpc-default-executor-2] INFO  client.GrpcClientProtocolClient (GrpcClientProtocolClient.java:onNext(255)) - client-B268B4322F32->17750241-545b-4219-93a1-14a6ea3d85be: receive RaftClientReply:client-B268B4322F32->17750241-545b-4219-93a1-14a6ea3d85be@group-C33FBD9556F2, cid=3219, SUCCESS, logIndex=4868, commits[17750241-545b-4219-93a1-14a6ea3d85be:c4869, 4eaaa090-573e-41d3-9f8c-c99e236d806a:c4867, 5f4cf9ee-4bed-49de-adaa-861aec894328:c4867]
2019-08-23 02:48:44,041 [grpc-default-executor-2] INFO  client.GrpcClientProtocolClient (GrpcClientProtocolClient.java:onNext(255)) - client-B268B4322F32->17750241-545b-4219-93a1-14a6ea3d85be: receive RaftClientReply:client-B268B4322F32->17750241-545b-4219-93a1-14a6ea3d85be@group-C33FBD9556F2, cid=3220, SUCCESS, logIndex=4869, commits[17750241-545b-4219-93a1-14a6ea3d85be:c4869, 4eaaa090-573e-41d3-9f8c-c99e236d806a:c4867, 5f4cf9ee-4bed-49de-adaa-861aec894328:c4867]
2019-08-23 02:48:44,048 | INFO  | DNAudit | user=null | ip=null | op=WRITE_CHUNK {blockData=conID: 3 locID: 102664013337133721 bcsId: 4869} | ret=SUCCESS |  
2019-08-23 02:48:44,050 | INFO  | DNAudit | user=null | ip=null | op=WRITE_CHUNK {blockData=conID: 3 locID: 102664013337133721 bcsId: 4869} | ret=SUCCESS |  
2019-08-23 02:48:44,051 | INFO  | DNAudit | user=null | ip=null | op=WRITE_CHUNK {blockData=conID: 3 locID: 102664013337133721 bcsId: 4869} | ret=SUCCESS |  
2019-08-23 02:48:44,053 | INFO  | DNAudit | user=null | ip=null | op=WRITE_CHUNK {blockData=conID: 3 locID: 102664013337133721 bcsId: 4863} | ret=SUCCESS |  
2019-08-23 02:48:44,053 | INFO  | DNAudit | user=null | ip=null | op=WRITE_CHUNK {blockData=conID: 3 locID: 102664013337133721 bcsId: 4863} | ret=SUCCESS |  
2019-08-23 02:48:44,064 | INFO  | DNAudit | user=null | ip=null | op=PUT_BLOCK {blockData=[blockId=conID: 3 locID: 102664013337133721 bcsId: 0,size=3145728]} | ret=SUCCESS |  
2019-08-23 02:48:44,064 | INFO  | DNAudit | user=null | ip=null | op=PUT_BLOCK {blockData=[blockId=conID: 3 locID: 102664013337133721 bcsId: 0,size=3145728]} | ret=SUCCESS |  
2019-08-23 02:48:44,065 | INFO  | DNAudit | user=null | ip=null | op=WRITE_CHUNK {blockData=conID: 3 locID: 102664013337133721 bcsId: 4869} | ret=SUCCESS |  
2019-08-23 02:48:44,065 | INFO  | DNAudit | user=null | ip=null | op=PUT_BLOCK {blockData=[blockId=conID: 3 locID: 102664013337133721 bcsId: 0,size=4194304]} | ret=SUCCESS |  
2019-08-23 02:48:44,066 [grpc-default-executor-1] INFO  client.GrpcClientProtocolClient (GrpcClientProtocolClient.java:onNext(255)) - client-B268B4322F32->17750241-545b-4219-93a1-14a6ea3d85be: receive RaftClientReply:client-B268B4322F32->17750241-545b-4219-93a1-14a6ea3d85be@group-C33FBD9556F2, cid=3221, SUCCESS, logIndex=4872, commits[17750241-545b-4219-93a1-14a6ea3d85be:c4873, 4eaaa090-573e-41d3-9f8c-c99e236d806a:c4869, 5f4cf9ee-4bed-49de-adaa-861aec894328:c4869]
2019-08-23 02:48:44,066 [grpc-default-executor-1] INFO  client.GrpcClientProtocolClient (GrpcClientProtocolClient.java:onNext(255)) - client-B268B4322F32->17750241-545b-4219-93a1-14a6ea3d85be: receive RaftClientReply:client-B268B4322F32->17750241-545b-4219-93a1-14a6ea3d85be@group-C33FBD9556F2, cid=3222, SUCCESS, logIndex=4873, commits[17750241-545b-4219-93a1-14a6ea3d85be:c4873, 4eaaa090-573e-41d3-9f8c-c99e236d806a:c4869, 5f4cf9ee-4bed-49de-adaa-861aec894328:c4869]
2019-08-23 02:48:44,078 | INFO  | DNAudit | user=null | ip=null | op=WRITE_CHUNK {blockData=conID: 3 locID: 102664013337133721 bcsId: 4869} | ret=SUCCESS |  
2019-08-23 02:48:44,078 | INFO  | DNAudit | user=null | ip=null | op=WRITE_CHUNK {blockData=conID: 3 locID: 102664013337133721 bcsId: 4869} | ret=SUCCESS |  
2019-08-23 02:48:44,090 | INFO  | DNAudit | user=null | ip=null | op=PUT_BLOCK {blockData=[blockId=conID: 3 locID: 102664013337133721 bcsId: 0,size=4194304]} | ret=SUCCESS |  
2019-08-23 02:48:44,090 | INFO  | DNAudit | user=null | ip=null | op=PUT_BLOCK {blockData=[blockId=conID: 3 locID: 102664013337133721 bcsId: 0,size=4194304]} | ret=SUCCESS |  
2019-08-23 02:48:44,091 [grpc-default-executor-2] INFO  client.GrpcClientProtocolClient (GrpcClientProtocolClient.java:onNext(255)) - client-B268B4322F32->17750241-545b-4219-93a1-14a6ea3d85be: receive RaftClientReply:client-B268B4322F32->17750241-545b-4219-93a1-14a6ea3d85be@group-C33FBD9556F2, cid=3223, SUCCESS, logIndex=0, commits[17750241-545b-4219-93a1-14a6ea3d85be:c4875, 4eaaa090-573e-41d3-9f8c-c99e236d806a:c4873, 5f4cf9ee-4bed-49de-adaa-861aec894328:c4873]
2019-08-23 02:48:44,093 | INFO  | SCMAudit | user=jenkins1000 | ip=192.168.34.22 | op=ALLOCATE_BLOCK {owner=31d65bc3-3f70-45f5-bbc5-e3a15f967ba6, size=4194304, type=RATIS, factor=THREE} | ret=SUCCESS |  
2019-08-23 02:48:44,097 | INFO  | OMAudit | user=jenkins1000 | ip=127.0.0.1 | op=ALLOCATE_BLOCK {volume=vol-0-78052, bucket=bucket-0-33874, key=key-0-20719, dataSize=2147483657, replicationType=RATIS, replicationFactor=THREE, keyLocationInfo=[], clientID=102664010308846034} | ret=SUCCESS |  
2019-08-23 02:48:44,109 | INFO  | DNAudit | user=null | ip=null | op=WRITE_CHUNK {blockData=conID: 1 locID: 102664013354959514 bcsId: 0} | ret=SUCCESS |  
2019-08-23 02:48:44,110 | INFO  | DNAudit | user=null | ip=null | op=WRITE_CHUNK {blockData=conID: 1 locID: 102664013354959514 bcsId: 0} | ret=SUCCESS |  
2019-08-23 02:48:44,111 | INFO  | DNAudit | user=null | ip=null | op=WRITE_CHUNK {blockData=conID: 1 locID: 102664013354959514 bcsId: 0} | ret=SUCCESS |  
2019-08-23 02:48:44,111 | INFO  | DNAudit | user=null | ip=null | op=WRITE_CHUNK {blockData=conID: 1 locID: 102664013354959514 bcsId: 0} | ret=SUCCESS |  
2019-08-23 02:48:44,112 | INFO  | DNAudit | user=null | ip=null | op=WRITE_CHUNK {blockData=conID: 1 locID: 102664013354959514 bcsId: 0} | ret=SUCCESS |  
2019-08-23 02:48:44,113 | INFO  | DNAudit | user=null | ip=null | op=WRITE_CHUNK {blockData=conID: 1 locID: 102664013354959514 bcsId: 0} | ret=SUCCESS |  
2019-08-23 02:48:44,122 | INFO  | DNAudit | user=null | ip=null | op=WRITE_CHUNK {blockData=conID: 1 locID: 102664013354959514 bcsId: 0} | ret=SUCCESS |  
2019-08-23 02:48:44,123 | INFO  | DNAudit | user=null | ip=null | op=PUT_BLOCK {blockData=[blockId=conID: 1 locID: 102664013354959514 bcsId: 0,size=1048576]} | ret=SUCCESS |  
2019-08-23 02:48:44,123 [grpc-default-executor-2] INFO  client.GrpcClientProtocolClient (GrpcClientProtocolClient.java:onNext(255)) - client-B268B4322F32->17750241-545b-4219-93a1-14a6ea3d85be: receive RaftClientReply:client-B268B4322F32->17750241-545b-4219-93a1-14a6ea3d85be@group-C33FBD9556F2, cid=3224, SUCCESS, logIndex=4876, commits[17750241-545b-4219-93a1-14a6ea3d85be:c4877, 4eaaa090-573e-41d3-9f8c-c99e236d806a:c4875, 5f4cf9ee-4bed-49de-adaa-861aec894328:c4875]
2019-08-23 02:48:44,124 [grpc-default-executor-2] INFO  client.GrpcClientProtocolClient (GrpcClientProtocolClient.java:onNext(255)) - client-B268B4322F32->17750241-545b-4219-93a1-14a6ea3d85be: receive RaftClientReply:client-B268B4322F32->17750241-545b-4219-93a1-14a6ea3d85be@group-C33FBD9556F2, cid=3225, SUCCESS, logIndex=4877, commits[17750241-545b-4219-93a1-14a6ea3d85be:c4877, 4eaaa090-573e-41d3-9f8c-c99e236d806a:c4875, 5f4cf9ee-4bed-49de-adaa-861aec894328:c4875]
2019-08-23 02:48:44,132 | INFO  | DNAudit | user=null | ip=null | op=WRITE_CHUNK {blockData=conID: 1 locID: 102664013354959514 bcsId: 0} | ret=SUCCESS |  
2019-08-23 02:48:44,133 | INFO  | DNAudit | user=null | ip=null | op=PUT_BLOCK {blockData=[blockId=conID: 1 locID: 102664013354959514 bcsId: 0,size=2097152]} | ret=SUCCESS |  
2019-08-23 02:48:44,133 [grpc-default-executor-6] INFO  client.GrpcClientProtocolClient (GrpcClientProtocolClient.java:onNext(255)) - client-B268B4322F32->17750241-545b-4219-93a1-14a6ea3d85be: receive RaftClientReply:client-B268B4322F32->17750241-545b-4219-93a1-14a6ea3d85be@group-C33FBD9556F2, cid=3226, SUCCESS, logIndex=4878, commits[17750241-545b-4219-93a1-14a6ea3d85be:c4879, 4eaaa090-573e-41d3-9f8c-c99e236d806a:c4875, 5f4cf9ee-4bed-49de-adaa-861aec894328:c4875]
2019-08-23 02:48:44,133 [grpc-default-executor-6] INFO  client.GrpcClientProtocolClient (GrpcClientProtocolClient.java:onNext(255)) - client-B268B4322F32->17750241-545b-4219-93a1-14a6ea3d85be: receive RaftClientReply:client-B268B4322F32->17750241-545b-4219-93a1-14a6ea3d85be@group-C33FBD9556F2, cid=3227, SUCCESS, logIndex=4879, commits[17750241-545b-4219-93a1-14a6ea3d85be:c4879, 4eaaa090-573e-41d3-9f8c-c99e236d806a:c4875, 5f4cf9ee-4bed-49de-adaa-861aec894328:c4875]
2019-08-23 02:48:44,135 | INFO  | DNAudit | user=null | ip=null | op=WRITE_CHUNK {blockData=conID: 1 locID: 102664013354959514 bcsId: 0} | ret=SUCCESS |  
2019-08-23 02:48:44,148 | INFO  | DNAudit | user=null | ip=null | op=WRITE_CHUNK {blockData=conID: 1 locID: 102664013354959514 bcsId: 0} | ret=SUCCESS |  
2019-08-23 02:48:44,148 | INFO  | DNAudit | user=null | ip=null | op=PUT_BLOCK {blockData=[blockId=conID: 1 locID: 102664013354959514 bcsId: 0,size=1048576]} | ret=SUCCESS |  
2019-08-23 02:48:44,148 | INFO  | DNAudit | user=null | ip=null | op=PUT_BLOCK {blockData=[blockId=conID: 1 locID: 102664013354959514 bcsId: 0,size=1048576]} | ret=SUCCESS |  
2019-08-23 02:48:44,149 | INFO  | DNAudit | user=null | ip=null | op=WRITE_CHUNK {blockData=conID: 1 locID: 102664013354959514 bcsId: 0} | ret=SUCCESS |  
2019-08-23 02:48:44,149 | INFO  | DNAudit | user=null | ip=null | op=WRITE_CHUNK {blockData=conID: 1 locID: 102664013354959514 bcsId: 0} | ret=SUCCESS |  
2019-08-23 02:48:44,149 [grpc-default-executor-2] INFO  client.GrpcClientProtocolClient (GrpcClientProtocolClient.java:onNext(255)) - client-B268B4322F32->17750241-545b-4219-93a1-14a6ea3d85be: receive RaftClientReply:client-B268B4322F32->17750241-545b-4219-93a1-14a6ea3d85be@group-C33FBD9556F2, cid=3228, SUCCESS, logIndex=0, commits[17750241-545b-4219-93a1-14a6ea3d85be:c4881, 4eaaa090-573e-41d3-9f8c-c99e236d806a:c4877, 5f4cf9ee-4bed-49de-adaa-861aec894328:c4877]
2019-08-23 02:48:44,149 | INFO  | DNAudit | user=null | ip=null | op=PUT_BLOCK {blockData=[blockId=conID: 1 locID: 102664013354959514 bcsId: 0,size=2097152]} | ret=SUCCESS |  
2019-08-23 02:48:44,149 | INFO  | DNAudit | user=null | ip=null | op=PUT_BLOCK {blockData=[blockId=conID: 1 locID: 102664013354959514 bcsId: 0,size=2097152]} | ret=SUCCESS |  
2019-08-23 02:48:44,154 | INFO  | DNAudit | user=null | ip=null | op=WRITE_CHUNK {blockData=conID: 1 locID: 102664013354959514 bcsId: 4879} | ret=SUCCESS |  
2019-08-23 02:48:44,157 | INFO  | DNAudit | user=null | ip=null | op=WRITE_CHUNK {blockData=conID: 1 locID: 102664013354959514 bcsId: 4879} | ret=SUCCESS |  
2019-08-23 02:48:44,157 | INFO  | DNAudit | user=null | ip=null | op=WRITE_CHUNK {blockData=conID: 1 locID: 102664013354959514 bcsId: 4879} | ret=SUCCESS |  
2019-08-23 02:48:44,175 | INFO  | DNAudit | user=null | ip=null | op=WRITE_CHUNK {blockData=conID: 1 locID: 102664013354959514 bcsId: 4879} | ret=SUCCESS |  
2019-08-23 02:48:44,175 | INFO  | DNAudit | user=null | ip=null | op=PUT_BLOCK {blockData=[blockId=conID: 1 locID: 102664013354959514 bcsId: 0,size=3145728]} | ret=SUCCESS |  
2019-08-23 02:48:44,176 [grpc-default-executor-2] INFO  client.GrpcClientProtocolClient (GrpcClientProtocolClient.java:onNext(255)) - client-B268B4322F32->17750241-545b-4219-93a1-14a6ea3d85be: receive RaftClientReply:client-B268B4322F32->17750241-545b-4219-93a1-14a6ea3d85be@group-C33FBD9556F2, cid=3229, SUCCESS, logIndex=4883, commits[17750241-545b-4219-93a1-14a6ea3d85be:c4884, 4eaaa090-573e-41d3-9f8c-c99e236d806a:c4882, 5f4cf9ee-4bed-49de-adaa-861aec894328:c4882]
2019-08-23 02:48:44,176 [grpc-default-executor-2] INFO  client.GrpcClientProtocolClient (GrpcClientProtocolClient.java:onNext(255)) - client-B268B4322F32->17750241-545b-4219-93a1-14a6ea3d85be: receive RaftClientReply:client-B268B4322F32->17750241-545b-4219-93a1-14a6ea3d85be@group-C33FBD9556F2, cid=3230, SUCCESS, logIndex=4884, commits[17750241-545b-4219-93a1-14a6ea3d85be:c4884, 4eaaa090-573e-41d3-9f8c-c99e236d806a:c4882, 5f4cf9ee-4bed-49de-adaa-861aec894328:c4882]
2019-08-23 02:48:44,182 | INFO  | DNAudit | user=null | ip=null | op=WRITE_CHUNK {blockData=conID: 1 locID: 102664013354959514 bcsId: 4884} | ret=SUCCESS |  
2019-08-23 02:48:44,183 | INFO  | DNAudit | user=null | ip=null | op=WRITE_CHUNK {blockData=conID: 1 locID: 102664013354959514 bcsId: 4884} | ret=SUCCESS |  
2019-08-23 02:48:44,184 | INFO  | DNAudit | user=null | ip=null | op=WRITE_CHUNK {blockData=conID: 1 locID: 102664013354959514 bcsId: 4884} | ret=SUCCESS |  
2019-08-23 02:48:44,187 | INFO  | DNAudit | user=null | ip=null | op=WRITE_CHUNK {blockData=conID: 1 locID: 102664013354959514 bcsId: 4879} | ret=SUCCESS |  
2019-08-23 02:48:44,187 | INFO  | DNAudit | user=null | ip=null | op=WRITE_CHUNK {blockData=conID: 1 locID: 102664013354959514 bcsId: 4879} | ret=SUCCESS |  
2019-08-23 02:48:44,189 | INFO  | DNAudit | user=null | ip=null | op=PUT_BLOCK {blockData=[blockId=conID: 1 locID: 102664013354959514 bcsId: 0,size=3145728]} | ret=SUCCESS |  
2019-08-23 02:48:44,190 | INFO  | DNAudit | user=null | ip=null | op=PUT_BLOCK {blockData=[blockId=conID: 1 locID: 102664013354959514 bcsId: 0,size=3145728]} | ret=SUCCESS |  
2019-08-23 02:48:44,190 | INFO  | DNAudit | user=null | ip=null | op=WRITE_CHUNK {blockData=conID: 1 locID: 102664013354959514 bcsId: 4884} | ret=SUCCESS |  
2019-08-23 02:48:44,190 | INFO  | DNAudit | user=null | ip=null | op=PUT_BLOCK {blockData=[blockId=conID: 1 locID: 102664013354959514 bcsId: 0,size=4194304]} | ret=SUCCESS |  
2019-08-23 02:48:44,191 [grpc-default-executor-1] INFO  client.GrpcClientProtocolClient (GrpcClientProtocolClient.java:onNext(255)) - client-B268B4322F32->17750241-545b-4219-93a1-14a6ea3d85be: receive RaftClientReply:client-B268B4322F32->17750241-545b-4219-93a1-14a6ea3d85be@group-C33FBD9556F2, cid=3231, SUCCESS, logIndex=4887, commits[17750241-545b-4219-93a1-14a6ea3d85be:c4888, 4eaaa090-573e-41d3-9f8c-c99e236d806a:c4884, 5f4cf9ee-4bed-49de-adaa-861aec894328:c4884]
2019-08-23 02:48:44,191 [grpc-default-executor-1] INFO  client.GrpcClientProtocolClient (GrpcClientProtocolClient.java:onNext(255)) - client-B268B4322F32->17750241-545b-4219-93a1-14a6ea3d85be: receive RaftClientReply:client-B268B4322F32->17750241-545b-4219-93a1-14a6ea3d85be@group-C33FBD9556F2, cid=3232, SUCCESS, logIndex=4888, commits[17750241-545b-4219-93a1-14a6ea3d85be:c4888, 4eaaa090-573e-41d3-9f8c-c99e236d806a:c4884, 5f4cf9ee-4bed-49de-adaa-861aec894328:c4884]
2019-08-23 02:48:44,204 | INFO  | DNAudit | user=null | ip=null | op=WRITE_CHUNK {blockData=conID: 1 locID: 102664013354959514 bcsId: 4884} | ret=SUCCESS |  
2019-08-23 02:48:44,205 | INFO  | DNAudit | user=null | ip=null | op=WRITE_CHUNK {blockData=conID: 1 locID: 102664013354959514 bcsId: 4884} | ret=SUCCESS |  
2019-08-23 02:48:44,205 | INFO  | DNAudit | user=null | ip=null | op=PUT_BLOCK {blockData=[blockId=conID: 1 locID: 102664013354959514 bcsId: 0,size=4194304]} | ret=SUCCESS |  
2019-08-23 02:48:44,206 | INFO  | DNAudit | user=null | ip=null | op=PUT_BLOCK {blockData=[blockId=conID: 1 locID: 102664013354959514 bcsId: 0,size=4194304]} | ret=SUCCESS |  
2019-08-23 02:48:44,207 [grpc-default-executor-1] INFO  client.GrpcClientProtocolClient (GrpcClientProtocolClient.java:onNext(255)) - client-B268B4322F32->17750241-545b-4219-93a1-14a6ea3d85be: receive RaftClientReply:client-B268B4322F32->17750241-545b-4219-93a1-14a6ea3d85be@group-C33FBD9556F2, cid=3233, SUCCESS, logIndex=0, commits[17750241-545b-4219-93a1-14a6ea3d85be:c4890, 4eaaa090-573e-41d3-9f8c-c99e236d806a:c4888, 5f4cf9ee-4bed-49de-adaa-861aec894328:c4888]
2019-08-23 02:48:44,208 | INFO  | SCMAudit | user=jenkins1000 | ip=192.168.34.22 | op=ALLOCATE_BLOCK {owner=31d65bc3-3f70-45f5-bbc5-e3a15f967ba6, size=4194304, type=RATIS, factor=THREE} | ret=SUCCESS |  
2019-08-23 02:48:44,212 | INFO  | OMAudit | user=jenkins1000 | ip=127.0.0.1 | op=ALLOCATE_BLOCK {volume=vol-0-78052, bucket=bucket-0-33874, key=key-0-20719, dataSize=2147483657, replicationType=RATIS, replicationFactor=THREE, keyLocationInfo=[], clientID=102664010308846034} | ret=SUCCESS |  
2019-08-23 02:48:44,222 | INFO  | DNAudit | user=null | ip=null | op=WRITE_CHUNK {blockData=conID: 2 locID: 102664013362496155 bcsId: 0} | ret=SUCCESS |  
2019-08-23 02:48:44,223 | INFO  | DNAudit | user=null | ip=null | op=WRITE_CHUNK {blockData=conID: 2 locID: 102664013362496155 bcsId: 0} | ret=SUCCESS |  
2019-08-23 02:48:44,223 | INFO  | DNAudit | user=null | ip=null | op=WRITE_CHUNK {blockData=conID: 2 locID: 102664013362496155 bcsId: 0} | ret=SUCCESS |  
2019-08-23 02:48:44,224 | INFO  | DNAudit | user=null | ip=null | op=WRITE_CHUNK {blockData=conID: 2 locID: 102664013362496155 bcsId: 0} | ret=SUCCESS |  
2019-08-23 02:48:44,225 | INFO  | DNAudit | user=null | ip=null | op=WRITE_CHUNK {blockData=conID: 2 locID: 102664013362496155 bcsId: 0} | ret=SUCCESS |  
2019-08-23 02:48:44,225 | INFO  | DNAudit | user=null | ip=null | op=WRITE_CHUNK {blockData=conID: 2 locID: 102664013362496155 bcsId: 0} | ret=SUCCESS |  
2019-08-23 02:48:44,236 | INFO  | DNAudit | user=null | ip=null | op=WRITE_CHUNK {blockData=conID: 2 locID: 102664013362496155 bcsId: 0} | ret=SUCCESS |  
2019-08-23 02:48:44,236 | INFO  | DNAudit | user=null | ip=null | op=PUT_BLOCK {blockData=[blockId=conID: 2 locID: 102664013362496155 bcsId: 0,size=1048576]} | ret=SUCCESS |  
2019-08-23 02:48:44,236 | INFO  | DNAudit | user=null | ip=null | op=WRITE_CHUNK {blockData=conID: 2 locID: 102664013362496155 bcsId: 0} | ret=SUCCESS |  
2019-08-23 02:48:44,236 [grpc-default-executor-1] INFO  client.GrpcClientProtocolClient (GrpcClientProtocolClient.java:onNext(255)) - client-B268B4322F32->17750241-545b-4219-93a1-14a6ea3d85be: receive RaftClientReply:client-B268B4322F32->17750241-545b-4219-93a1-14a6ea3d85be@group-C33FBD9556F2, cid=3234, SUCCESS, logIndex=4891, commits[17750241-545b-4219-93a1-14a6ea3d85be:c4893, 4eaaa090-573e-41d3-9f8c-c99e236d806a:c4890, 5f4cf9ee-4bed-49de-adaa-861aec894328:c4890]
2019-08-23 02:48:44,237 | INFO  | DNAudit | user=null | ip=null | op=PUT_BLOCK {blockData=[blockId=conID: 2 locID: 102664013362496155 bcsId: 0,size=2097152]} | ret=SUCCESS |  
2019-08-23 02:48:44,237 [grpc-default-executor-1] INFO  client.GrpcClientProtocolClient (GrpcClientProtocolClient.java:onNext(255)) - client-B268B4322F32->17750241-545b-4219-93a1-14a6ea3d85be: receive RaftClientReply:client-B268B4322F32->17750241-545b-4219-93a1-14a6ea3d85be@group-C33FBD9556F2, cid=3235, SUCCESS, logIndex=4892, commits[17750241-545b-4219-93a1-14a6ea3d85be:c4894, 4eaaa090-573e-41d3-9f8c-c99e236d806a:c4890, 5f4cf9ee-4bed-49de-adaa-861aec894328:c4890]
2019-08-23 02:48:44,237 [grpc-default-executor-1] INFO  client.GrpcClientProtocolClient (GrpcClientProtocolClient.java:onNext(255)) - client-B268B4322F32->17750241-545b-4219-93a1-14a6ea3d85be: receive RaftClientReply:client-B268B4322F32->17750241-545b-4219-93a1-14a6ea3d85be@group-C33FBD9556F2, cid=3236, SUCCESS, logIndex=4893, commits[17750241-545b-4219-93a1-14a6ea3d85be:c4894, 4eaaa090-573e-41d3-9f8c-c99e236d806a:c4890, 5f4cf9ee-4bed-49de-adaa-861aec894328:c4890]
2019-08-23 02:48:44,237 [grpc-default-executor-1] INFO  client.GrpcClientProtocolClient (GrpcClientProtocolClient.java:onNext(255)) - client-B268B4322F32->17750241-545b-4219-93a1-14a6ea3d85be: receive RaftClientReply:client-B268B4322F32->17750241-545b-4219-93a1-14a6ea3d85be@group-C33FBD9556F2, cid=3237, SUCCESS, logIndex=4894, commits[17750241-545b-4219-93a1-14a6ea3d85be:c4894, 4eaaa090-573e-41d3-9f8c-c99e236d806a:c4890, 5f4cf9ee-4bed-49de-adaa-861aec894328:c4890]
2019-08-23 02:48:44,248 | INFO  | DNAudit | user=null | ip=null | op=WRITE_CHUNK {blockData=conID: 2 locID: 102664013362496155 bcsId: 0} | ret=SUCCESS |  
2019-08-23 02:48:44,248 | INFO  | DNAudit | user=null | ip=null | op=WRITE_CHUNK {blockData=conID: 2 locID: 102664013362496155 bcsId: 0} | ret=SUCCESS |  
2019-08-23 02:48:44,248 | INFO  | DNAudit | user=null | ip=null | op=PUT_BLOCK {blockData=[blockId=conID: 2 locID: 102664013362496155 bcsId: 0,size=1048576]} | ret=SUCCESS |  
2019-08-23 02:48:44,261 | INFO  | DNAudit | user=null | ip=null | op=PUT_BLOCK {blockData=[blockId=conID: 2 locID: 102664013362496155 bcsId: 0,size=1048576]} | ret=SUCCESS |  
2019-08-23 02:48:44,261 | INFO  | DNAudit | user=null | ip=null | op=WRITE_CHUNK {blockData=conID: 2 locID: 102664013362496155 bcsId: 0} | ret=SUCCESS |  
2019-08-23 02:48:44,261 | INFO  | DNAudit | user=null | ip=null | op=WRITE_CHUNK {blockData=conID: 2 locID: 102664013362496155 bcsId: 0} | ret=SUCCESS |  
2019-08-23 02:48:44,262 | INFO  | DNAudit | user=null | ip=null | op=PUT_BLOCK {blockData=[blockId=conID: 2 locID: 102664013362496155 bcsId: 0,size=2097152]} | ret=SUCCESS |  
2019-08-23 02:48:44,262 | INFO  | DNAudit | user=null | ip=null | op=PUT_BLOCK {blockData=[blockId=conID: 2 locID: 102664013362496155 bcsId: 0,size=2097152]} | ret=SUCCESS |  
2019-08-23 02:48:44,262 [grpc-default-executor-2] INFO  client.GrpcClientProtocolClient (GrpcClientProtocolClient.java:onNext(255)) - client-B268B4322F32->17750241-545b-4219-93a1-14a6ea3d85be: receive RaftClientReply:client-B268B4322F32->17750241-545b-4219-93a1-14a6ea3d85be@group-C33FBD9556F2, cid=3238, SUCCESS, logIndex=0, commits[17750241-545b-4219-93a1-14a6ea3d85be:c4896, 4eaaa090-573e-41d3-9f8c-c99e236d806a:c4892, 5f4cf9ee-4bed-49de-adaa-861aec894328:c4892]
2019-08-23 02:48:44,268 | INFO  | DNAudit | user=null | ip=null | op=WRITE_CHUNK {blockData=conID: 2 locID: 102664013362496155 bcsId: 4894} | ret=SUCCESS |  
2019-08-23 02:48:44,269 | INFO  | DNAudit | user=null | ip=null | op=WRITE_CHUNK {blockData=conID: 2 locID: 102664013362496155 bcsId: 4894} | ret=SUCCESS |  
2019-08-23 02:48:44,270 | INFO  | DNAudit | user=null | ip=null | op=WRITE_CHUNK {blockData=conID: 2 locID: 102664013362496155 bcsId: 4894} | ret=SUCCESS |  
2019-08-23 02:48:44,281 | INFO  | DNAudit | user=null | ip=null | op=WRITE_CHUNK {blockData=conID: 2 locID: 102664013362496155 bcsId: 4894} | ret=SUCCESS |  
2019-08-23 02:48:44,281 | INFO  | DNAudit | user=null | ip=null | op=PUT_BLOCK {blockData=[blockId=conID: 2 locID: 102664013362496155 bcsId: 0,size=3145728]} | ret=SUCCESS |  
2019-08-23 02:48:44,281 [grpc-default-executor-1] INFO  client.GrpcClientProtocolClient (GrpcClientProtocolClient.java:onNext(255)) - client-B268B4322F32->17750241-545b-4219-93a1-14a6ea3d85be: receive RaftClientReply:client-B268B4322F32->17750241-545b-4219-93a1-14a6ea3d85be@group-C33FBD9556F2, cid=3239, SUCCESS, logIndex=4899, commits[17750241-545b-4219-93a1-14a6ea3d85be:c4900, 4eaaa090-573e-41d3-9f8c-c99e236d806a:c4898, 5f4cf9ee-4bed-49de-adaa-861aec894328:c4898]
2019-08-23 02:48:44,282 [grpc-default-executor-1] INFO  client.GrpcClientProtocolClient (GrpcClientProtocolClient.java:onNext(255)) - client-B268B4322F32->17750241-545b-4219-93a1-14a6ea3d85be: receive RaftClientReply:client-B268B4322F32->17750241-545b-4219-93a1-14a6ea3d85be@group-C33FBD9556F2, cid=3240, SUCCESS, logIndex=4900, commits[17750241-545b-4219-93a1-14a6ea3d85be:c4900, 4eaaa090-573e-41d3-9f8c-c99e236d806a:c4898, 5f4cf9ee-4bed-49de-adaa-861aec894328:c4898]
2019-08-23 02:48:44,287 | INFO  | DNAudit | user=null | ip=null | op=WRITE_CHUNK {blockData=conID: 2 locID: 102664013362496155 bcsId: 4900} | ret=SUCCESS |  
2019-08-23 02:48:44,289 | INFO  | DNAudit | user=null | ip=null | op=WRITE_CHUNK {blockData=conID: 2 locID: 102664013362496155 bcsId: 4900} | ret=SUCCESS |  
2019-08-23 02:48:44,290 | INFO  | DNAudit | user=null | ip=null | op=WRITE_CHUNK {blockData=conID: 2 locID: 102664013362496155 bcsId: 4900} | ret=SUCCESS |  
2019-08-23 02:48:44,294 | INFO  | DNAudit | user=null | ip=null | op=WRITE_CHUNK {blockData=conID: 2 locID: 102664013362496155 bcsId: 4894} | ret=SUCCESS |  
2019-08-23 02:48:44,294 | INFO  | DNAudit | user=null | ip=null | op=WRITE_CHUNK {blockData=conID: 2 locID: 102664013362496155 bcsId: 4894} | ret=SUCCESS |  
2019-08-23 02:48:44,307 | INFO  | DNAudit | user=null | ip=null | op=PUT_BLOCK {blockData=[blockId=conID: 2 locID: 102664013362496155 bcsId: 0,size=3145728]} | ret=SUCCESS |  
2019-08-23 02:48:44,307 | INFO  | DNAudit | user=null | ip=null | op=PUT_BLOCK {blockData=[blockId=conID: 2 locID: 102664013362496155 bcsId: 0,size=3145728]} | ret=SUCCESS |  
2019-08-23 02:48:44,308 | INFO  | DNAudit | user=null | ip=null | op=WRITE_CHUNK {blockData=conID: 2 locID: 102664013362496155 bcsId: 4900} | ret=SUCCESS |  
2019-08-23 02:48:44,308 | INFO  | DNAudit | user=null | ip=null | op=PUT_BLOCK {blockData=[blockId=conID: 2 locID: 102664013362496155 bcsId: 0,size=4194304]} | ret=SUCCESS |  
2019-08-23 02:48:44,308 [grpc-default-executor-2] INFO  client.GrpcClientProtocolClient (GrpcClientProtocolClient.java:onNext(255)) - client-B268B4322F32->17750241-545b-4219-93a1-14a6ea3d85be: receive RaftClientReply:client-B268B4322F32->17750241-545b-4219-93a1-14a6ea3d85be@group-C33FBD9556F2, cid=3241, SUCCESS, logIndex=4903, commits[17750241-545b-4219-93a1-14a6ea3d85be:c4904, 4eaaa090-573e-41d3-9f8c-c99e236d806a:c4900, 5f4cf9ee-4bed-49de-adaa-861aec894328:c4900]
2019-08-23 02:48:44,308 [grpc-default-executor-2] INFO  client.GrpcClientProtocolClient (GrpcClientProtocolClient.java:onNext(255)) - client-B268B4322F32->17750241-545b-4219-93a1-14a6ea3d85be: receive RaftClientReply:client-B268B4322F32->17750241-545b-4219-93a1-14a6ea3d85be@group-C33FBD9556F2, cid=3242, SUCCESS, logIndex=4904, commits[17750241-545b-4219-93a1-14a6ea3d85be:c4904, 4eaaa090-573e-41d3-9f8c-c99e236d806a:c4900, 5f4cf9ee-4bed-49de-adaa-861aec894328:c4900]
2019-08-23 02:48:44,320 | INFO  | DNAudit | user=null | ip=null | op=WRITE_CHUNK {blockData=conID: 2 locID: 102664013362496155 bcsId: 4900} | ret=SUCCESS |  
2019-08-23 02:48:44,320 | INFO  | DNAudit | user=null | ip=null | op=WRITE_CHUNK {blockData=conID: 2 locID: 102664013362496155 bcsId: 4900} | ret=SUCCESS |  
2019-08-23 02:48:44,320 | INFO  | DNAudit | user=null | ip=null | op=PUT_BLOCK {blockData=[blockId=conID: 2 locID: 102664013362496155 bcsId: 0,size=4194304]} | ret=SUCCESS |  
2019-08-23 02:48:44,320 | INFO  | DNAudit | user=null | ip=null | op=PUT_BLOCK {blockData=[blockId=conID: 2 locID: 102664013362496155 bcsId: 0,size=4194304]} | ret=SUCCESS |  
2019-08-23 02:48:44,321 [grpc-default-executor-2] INFO  client.GrpcClientProtocolClient (GrpcClientProtocolClient.java:onNext(255)) - client-B268B4322F32->17750241-545b-4219-93a1-14a6ea3d85be: receive RaftClientReply:client-B268B4322F32->17750241-545b-4219-93a1-14a6ea3d85be@group-C33FBD9556F2, cid=3243, SUCCESS, logIndex=0, commits[17750241-545b-4219-93a1-14a6ea3d85be:c4905, 4eaaa090-573e-41d3-9f8c-c99e236d806a:c4904, 5f4cf9ee-4bed-49de-adaa-861aec894328:c4904]
2019-08-23 02:48:44,322 | INFO  | SCMAudit | user=jenkins1000 | ip=192.168.34.22 | op=ALLOCATE_BLOCK {owner=31d65bc3-3f70-45f5-bbc5-e3a15f967ba6, size=4194304, type=RATIS, factor=THREE} | ret=SUCCESS |  
2019-08-23 02:48:44,328 | INFO  | OMAudit | user=jenkins1000 | ip=127.0.0.1 | op=ALLOCATE_BLOCK {volume=vol-0-78052, bucket=bucket-0-33874, key=key-0-20719, dataSize=2147483657, replicationType=RATIS, replicationFactor=THREE, keyLocationInfo=[], clientID=102664010308846034} | ret=SUCCESS |  
2019-08-23 02:48:44,338 | INFO  | DNAudit | user=null | ip=null | op=WRITE_CHUNK {blockData=conID: 3 locID: 102664013369967260 bcsId: 0} | ret=SUCCESS |  
2019-08-23 02:48:44,340 | INFO  | DNAudit | user=null | ip=null | op=WRITE_CHUNK {blockData=conID: 3 locID: 102664013369967260 bcsId: 0} | ret=SUCCESS |  
2019-08-23 02:48:44,341 | INFO  | DNAudit | user=null | ip=null | op=WRITE_CHUNK {blockData=conID: 3 locID: 102664013369967260 bcsId: 0} | ret=SUCCESS |  
2019-08-23 02:48:44,341 | INFO  | DNAudit | user=null | ip=null | op=WRITE_CHUNK {blockData=conID: 3 locID: 102664013369967260 bcsId: 0} | ret=SUCCESS |  
2019-08-23 02:48:44,342 | INFO  | DNAudit | user=null | ip=null | op=WRITE_CHUNK {blockData=conID: 3 locID: 102664013369967260 bcsId: 0} | ret=SUCCESS |  
2019-08-23 02:48:44,342 | INFO  | DNAudit | user=null | ip=null | op=WRITE_CHUNK {blockData=conID: 3 locID: 102664013369967260 bcsId: 0} | ret=SUCCESS |  
2019-08-23 02:48:44,358 | INFO  | DNAudit | user=null | ip=null | op=WRITE_CHUNK {blockData=conID: 3 locID: 102664013369967260 bcsId: 0} | ret=SUCCESS |  
2019-08-23 02:48:44,358 | INFO  | DNAudit | user=null | ip=null | op=PUT_BLOCK {blockData=[blockId=conID: 3 locID: 102664013369967260 bcsId: 0,size=1048576]} | ret=SUCCESS |  
2019-08-23 02:48:44,359 | INFO  | DNAudit | user=null | ip=null | op=WRITE_CHUNK {blockData=conID: 3 locID: 102664013369967260 bcsId: 0} | ret=SUCCESS |  
2019-08-23 02:48:44,359 | INFO  | DNAudit | user=null | ip=null | op=PUT_BLOCK {blockData=[blockId=conID: 3 locID: 102664013369967260 bcsId: 0,size=2097152]} | ret=SUCCESS |  
2019-08-23 02:48:44,359 [grpc-default-executor-1] INFO  client.GrpcClientProtocolClient (GrpcClientProtocolClient.java:onNext(255)) - client-B268B4322F32->17750241-545b-4219-93a1-14a6ea3d85be: receive RaftClientReply:client-B268B4322F32->17750241-545b-4219-93a1-14a6ea3d85be@group-C33FBD9556F2, cid=3244, SUCCESS, logIndex=4907, commits[17750241-545b-4219-93a1-14a6ea3d85be:c4908, 4eaaa090-573e-41d3-9f8c-c99e236d806a:c4906, 5f4cf9ee-4bed-49de-adaa-861aec894328:c4906]
2019-08-23 02:48:44,359 [grpc-default-executor-1] INFO  client.GrpcClientProtocolClient (GrpcClientProtocolClient.java:onNext(255)) - client-B268B4322F32->17750241-545b-4219-93a1-14a6ea3d85be: receive RaftClientReply:client-B268B4322F32->17750241-545b-4219-93a1-14a6ea3d85be@group-C33FBD9556F2, cid=3245, SUCCESS, logIndex=4908, commits[17750241-545b-4219-93a1-14a6ea3d85be:c4909, 4eaaa090-573e-41d3-9f8c-c99e236d806a:c4906, 5f4cf9ee-4bed-49de-adaa-861aec894328:c4906]
2019-08-23 02:48:44,360 [grpc-default-executor-1] INFO  client.GrpcClientProtocolClient (GrpcClientProtocolClient.java:onNext(255)) - client-B268B4322F32->17750241-545b-4219-93a1-14a6ea3d85be: receive RaftClientReply:client-B268B4322F32->17750241-545b-4219-93a1-14a6ea3d85be@group-C33FBD9556F2, cid=3246, SUCCESS, logIndex=4909, commits[17750241-545b-4219-93a1-14a6ea3d85be:c4910, 4eaaa090-573e-41d3-9f8c-c99e236d806a:c4906, 5f4cf9ee-4bed-49de-adaa-861aec894328:c4906]
2019-08-23 02:48:44,360 [grpc-default-executor-1] INFO  client.GrpcClientProtocolClient (GrpcClientProtocolClient.java:onNext(255)) - client-B268B4322F32->17750241-545b-4219-93a1-14a6ea3d85be: receive RaftClientReply:client-B268B4322F32->17750241-545b-4219-93a1-14a6ea3d85be@group-C33FBD9556F2, cid=3247, SUCCESS, logIndex=4910, commits[17750241-545b-4219-93a1-14a6ea3d85be:c4910, 4eaaa090-573e-41d3-9f8c-c99e236d806a:c4906, 5f4cf9ee-4bed-49de-adaa-861aec894328:c4906]
2019-08-23 02:48:44,362 | INFO  | DNAudit | user=null | ip=null | op=WRITE_CHUNK {blockData=conID: 3 locID: 102664013369967260 bcsId: 0} | ret=SUCCESS |  
2019-08-23 02:48:44,362 | INFO  | DNAudit | user=null | ip=null | op=WRITE_CHUNK {blockData=conID: 3 locID: 102664013369967260 bcsId: 0} | ret=SUCCESS |  
2019-08-23 02:48:44,362 | INFO  | DNAudit | user=null | ip=null | op=PUT_BLOCK {blockData=[blockId=conID: 3 locID: 102664013369967260 bcsId: 0,size=1048576]} | ret=SUCCESS |  
2019-08-23 02:48:44,362 | INFO  | DNAudit | user=null | ip=null | op=WRITE_CHUNK {blockData=conID: 3 locID: 102664013369967260 bcsId: 0} | ret=SUCCESS |  
2019-08-23 02:48:44,362 | INFO  | DNAudit | user=null | ip=null | op=PUT_BLOCK {blockData=[blockId=conID: 3 locID: 102664013369967260 bcsId: 0,size=1048576]} | ret=SUCCESS |  
2019-08-23 02:48:44,362 | INFO  | DNAudit | user=null | ip=null | op=WRITE_CHUNK {blockData=conID: 3 locID: 102664013369967260 bcsId: 0} | ret=SUCCESS |  
2019-08-23 02:48:44,363 [grpc-default-executor-1] INFO  client.GrpcClientProtocolClient (GrpcClientProtocolClient.java:onNext(255)) - client-B268B4322F32->17750241-545b-4219-93a1-14a6ea3d85be: receive RaftClientReply:client-B268B4322F32->17750241-545b-4219-93a1-14a6ea3d85be@group-C33FBD9556F2, cid=3248, SUCCESS, logIndex=0, commits[17750241-545b-4219-93a1-14a6ea3d85be:c4913, 4eaaa090-573e-41d3-9f8c-c99e236d806a:c4909, 5f4cf9ee-4bed-49de-adaa-861aec894328:c4908]
2019-08-23 02:48:44,368 | INFO  | DNAudit | user=null | ip=null | op=WRITE_CHUNK {blockData=conID: 3 locID: 102664013369967260 bcsId: 4910} | ret=SUCCESS |  
2019-08-23 02:48:44,370 | INFO  | DNAudit | user=null | ip=null | op=WRITE_CHUNK {blockData=conID: 3 locID: 102664013369967260 bcsId: 4910} | ret=SUCCESS |  
2019-08-23 02:48:44,371 | INFO  | DNAudit | user=null | ip=null | op=WRITE_CHUNK {blockData=conID: 3 locID: 102664013369967260 bcsId: 4910} | ret=SUCCESS |  
2019-08-23 02:48:44,375 | INFO  | DNAudit | user=null | ip=null | op=PUT_BLOCK {blockData=[blockId=conID: 3 locID: 102664013369967260 bcsId: 0,size=2097152]} | ret=SUCCESS |  
2019-08-23 02:48:44,375 | INFO  | DNAudit | user=null | ip=null | op=PUT_BLOCK {blockData=[blockId=conID: 3 locID: 102664013369967260 bcsId: 0,size=2097152]} | ret=SUCCESS |  
2019-08-23 02:48:44,378 | INFO  | DNAudit | user=null | ip=null | op=WRITE_CHUNK {blockData=conID: 3 locID: 102664013369967260 bcsId: 4910} | ret=SUCCESS |  
2019-08-23 02:48:44,378 | INFO  | DNAudit | user=null | ip=null | op=PUT_BLOCK {blockData=[blockId=conID: 3 locID: 102664013369967260 bcsId: 0,size=3145728]} | ret=SUCCESS |  
2019-08-23 02:48:44,378 [grpc-default-executor-1] INFO  client.GrpcClientProtocolClient (GrpcClientProtocolClient.java:onNext(255)) - client-B268B4322F32->17750241-545b-4219-93a1-14a6ea3d85be: receive RaftClientReply:client-B268B4322F32->17750241-545b-4219-93a1-14a6ea3d85be@group-C33FBD9556F2, cid=3249, SUCCESS, logIndex=4915, commits[17750241-545b-4219-93a1-14a6ea3d85be:c4916, 4eaaa090-573e-41d3-9f8c-c99e236d806a:c4913, 5f4cf9ee-4bed-49de-adaa-861aec894328:c4913]
2019-08-23 02:48:44,379 [grpc-default-executor-1] INFO  client.GrpcClientProtocolClient (GrpcClientProtocolClient.java:onNext(255)) - client-B268B4322F32->17750241-545b-4219-93a1-14a6ea3d85be: receive RaftClientReply:client-B268B4322F32->17750241-545b-4219-93a1-14a6ea3d85be@group-C33FBD9556F2, cid=3250, SUCCESS, logIndex=4916, commits[17750241-545b-4219-93a1-14a6ea3d85be:c4916, 4eaaa090-573e-41d3-9f8c-c99e236d806a:c4913, 5f4cf9ee-4bed-49de-adaa-861aec894328:c4913]
2019-08-23 02:48:44,381 | INFO  | DNAudit | user=null | ip=null | op=WRITE_CHUNK {blockData=conID: 3 locID: 102664013369967260 bcsId: 4910} | ret=SUCCESS |  
2019-08-23 02:48:44,381 | INFO  | DNAudit | user=null | ip=null | op=WRITE_CHUNK {blockData=conID: 3 locID: 102664013369967260 bcsId: 4910} | ret=SUCCESS |  
2019-08-23 02:48:44,384 | INFO  | DNAudit | user=null | ip=null | op=PUT_BLOCK {blockData=[blockId=conID: 3 locID: 102664013369967260 bcsId: 0,size=3145728]} | ret=SUCCESS |  
2019-08-23 02:48:44,384 | INFO  | DNAudit | user=null | ip=null | op=PUT_BLOCK {blockData=[blockId=conID: 3 locID: 102664013369967260 bcsId: 0,size=3145728]} | ret=SUCCESS |  
2019-08-23 02:48:44,384 | INFO  | DNAudit | user=null | ip=null | op=WRITE_CHUNK {blockData=conID: 3 locID: 102664013369967260 bcsId: 4916} | ret=SUCCESS |  
2019-08-23 02:48:44,387 | INFO  | DNAudit | user=null | ip=null | op=WRITE_CHUNK {blockData=conID: 3 locID: 102664013369967260 bcsId: 4916} | ret=SUCCESS |  
2019-08-23 02:48:44,387 | INFO  | DNAudit | user=null | ip=null | op=WRITE_CHUNK {blockData=conID: 3 locID: 102664013369967260 bcsId: 4916} | ret=SUCCESS |  
2019-08-23 02:48:44,405 | INFO  | DNAudit | user=null | ip=null | op=WRITE_CHUNK {blockData=conID: 3 locID: 102664013369967260 bcsId: 4916} | ret=SUCCESS |  
2019-08-23 02:48:44,405 | INFO  | DNAudit | user=null | ip=null | op=PUT_BLOCK {blockData=[blockId=conID: 3 locID: 102664013369967260 bcsId: 0,size=4194304]} | ret=SUCCESS |  
2019-08-23 02:48:44,405 [grpc-default-executor-2] INFO  client.GrpcClientProtocolClient (GrpcClientProtocolClient.java:onNext(255)) - client-B268B4322F32->17750241-545b-4219-93a1-14a6ea3d85be: receive RaftClientReply:client-B268B4322F32->17750241-545b-4219-93a1-14a6ea3d85be@group-C33FBD9556F2, cid=3251, SUCCESS, logIndex=4919, commits[17750241-545b-4219-93a1-14a6ea3d85be:c4920, 4eaaa090-573e-41d3-9f8c-c99e236d806a:c4917, 5f4cf9ee-4bed-49de-adaa-861aec894328:c4916]
2019-08-23 02:48:44,405 [grpc-default-executor-2] INFO  client.GrpcClientProtocolClient (GrpcClientProtocolClient.java:onNext(255)) - client-B268B4322F32->17750241-545b-4219-93a1-14a6ea3d85be: receive RaftClientReply:client-B268B4322F32->17750241-545b-4219-93a1-14a6ea3d85be@group-C33FBD9556F2, cid=3252, SUCCESS, logIndex=4920, commits[17750241-545b-4219-93a1-14a6ea3d85be:c4920, 4eaaa090-573e-41d3-9f8c-c99e236d806a:c4917, 5f4cf9ee-4bed-49de-adaa-861aec894328:c4917]
2019-08-23 02:48:44,406 | INFO  | DNAudit | user=null | ip=null | op=WRITE_CHUNK {blockData=conID: 3 locID: 102664013369967260 bcsId: 4916} | ret=SUCCESS |  
2019-08-23 02:48:44,406 | INFO  | DNAudit | user=null | ip=null | op=WRITE_CHUNK {blockData=conID: 3 locID: 102664013369967260 bcsId: 4916} | ret=SUCCESS |  
2019-08-23 02:48:44,418 | INFO  | DNAudit | user=null | ip=null | op=PUT_BLOCK {blockData=[blockId=conID: 3 locID: 102664013369967260 bcsId: 0,size=4194304]} | ret=SUCCESS |  
2019-08-23 02:48:44,418 | INFO  | DNAudit | user=null | ip=null | op=PUT_BLOCK {blockData=[blockId=conID: 3 locID: 102664013369967260 bcsId: 0,size=4194304]} | ret=SUCCESS |  
2019-08-23 02:48:44,419 [grpc-default-executor-2] INFO  client.GrpcClientProtocolClient (GrpcClientProtocolClient.java:onNext(255)) - client-B268B4322F32->17750241-545b-4219-93a1-14a6ea3d85be: receive RaftClientReply:client-B268B4322F32->17750241-545b-4219-93a1-14a6ea3d85be@group-C33FBD9556F2, cid=3253, SUCCESS, logIndex=0, commits[17750241-545b-4219-93a1-14a6ea3d85be:c4922, 4eaaa090-573e-41d3-9f8c-c99e236d806a:c4920, 5f4cf9ee-4bed-49de-adaa-861aec894328:c4920]
2019-08-23 02:48:44,420 | INFO  | SCMAudit | user=jenkins1000 | ip=192.168.34.22 | op=ALLOCATE_BLOCK {owner=31d65bc3-3f70-45f5-bbc5-e3a15f967ba6, size=4194304, type=RATIS, factor=THREE} | ret=SUCCESS |  
2019-08-23 02:48:44,424 | INFO  | OMAudit | user=jenkins1000 | ip=127.0.0.1 | op=ALLOCATE_BLOCK {volume=vol-0-78052, bucket=bucket-0-33874, key=key-0-20719, dataSize=2147483657, replicationType=RATIS, replicationFactor=THREE, keyLocationInfo=[], clientID=102664010308846034} | ret=SUCCESS |  
2019-08-23 02:48:44,434 | INFO  | DNAudit | user=null | ip=null | op=WRITE_CHUNK {blockData=conID: 1 locID: 102664013376389789 bcsId: 0} | ret=SUCCESS |  
2019-08-23 02:48:44,436 | INFO  | DNAudit | user=null | ip=null | op=WRITE_CHUNK {blockData=conID: 1 locID: 102664013376389789 bcsId: 0} | ret=SUCCESS |  
2019-08-23 02:48:44,437 | INFO  | DNAudit | user=null | ip=null | op=WRITE_CHUNK {blockData=conID: 1 locID: 102664013376389789 bcsId: 0} | ret=SUCCESS |  
2019-08-23 02:48:44,437 | INFO  | DNAudit | user=null | ip=null | op=WRITE_CHUNK {blockData=conID: 1 locID: 102664013376389789 bcsId: 0} | ret=SUCCESS |  
2019-08-23 02:48:44,439 | INFO  | DNAudit | user=null | ip=null | op=WRITE_CHUNK {blockData=conID: 1 locID: 102664013376389789 bcsId: 0} | ret=SUCCESS |  
2019-08-23 02:48:44,440 | INFO  | DNAudit | user=null | ip=null | op=WRITE_CHUNK {blockData=conID: 1 locID: 102664013376389789 bcsId: 0} | ret=SUCCESS |  
2019-08-23 02:48:44,450 | INFO  | DNAudit | user=null | ip=null | op=WRITE_CHUNK {blockData=conID: 1 locID: 102664013376389789 bcsId: 0} | ret=SUCCESS |  
2019-08-23 02:48:44,450 | INFO  | DNAudit | user=null | ip=null | op=PUT_BLOCK {blockData=[blockId=conID: 1 locID: 102664013376389789 bcsId: 0,size=1048576]} | ret=SUCCESS |  
2019-08-23 02:48:44,451 [grpc-default-executor-1] INFO  client.GrpcClientProtocolClient (GrpcClientProtocolClient.java:onNext(255)) - client-B268B4322F32->17750241-545b-4219-93a1-14a6ea3d85be: receive RaftClientReply:client-B268B4322F32->17750241-545b-4219-93a1-14a6ea3d85be@group-C33FBD9556F2, cid=3254, SUCCESS, logIndex=4923, commits[17750241-545b-4219-93a1-14a6ea3d85be:c4924, 4eaaa090-573e-41d3-9f8c-c99e236d806a:c4922, 5f4cf9ee-4bed-49de-adaa-861aec894328:c4920]
2019-08-23 02:48:44,451 [grpc-default-executor-1] INFO  client.GrpcClientProtocolClient (GrpcClientProtocolClient.java:onNext(255)) - client-B268B4322F32->17750241-545b-4219-93a1-14a6ea3d85be: receive RaftClientReply:client-B268B4322F32->17750241-545b-4219-93a1-14a6ea3d85be@group-C33FBD9556F2, cid=3255, SUCCESS, logIndex=4924, commits[17750241-545b-4219-93a1-14a6ea3d85be:c4924, 4eaaa090-573e-41d3-9f8c-c99e236d806a:c4922, 5f4cf9ee-4bed-49de-adaa-861aec894328:c4920]
2019-08-23 02:48:44,452 | INFO  | DNAudit | user=null | ip=null | op=WRITE_CHUNK {blockData=conID: 1 locID: 102664013376389789 bcsId: 0} | ret=SUCCESS |  
2019-08-23 02:48:44,452 | INFO  | DNAudit | user=null | ip=null | op=PUT_BLOCK {blockData=[blockId=conID: 1 locID: 102664013376389789 bcsId: 0,size=2097152]} | ret=SUCCESS |  
2019-08-23 02:48:44,453 [grpc-default-executor-1] INFO  client.GrpcClientProtocolClient (GrpcClientProtocolClient.java:onNext(255)) - client-B268B4322F32->17750241-545b-4219-93a1-14a6ea3d85be: receive RaftClientReply:client-B268B4322F32->17750241-545b-4219-93a1-14a6ea3d85be@group-C33FBD9556F2, cid=3256, SUCCESS, logIndex=4925, commits[17750241-545b-4219-93a1-14a6ea3d85be:c4926, 4eaaa090-573e-41d3-9f8c-c99e236d806a:c4922, 5f4cf9ee-4bed-49de-adaa-861aec894328:c4922]
2019-08-23 02:48:44,453 [grpc-default-executor-1] INFO  client.GrpcClientProtocolClient (GrpcClientProtocolClient.java:onNext(255)) - client-B268B4322F32->17750241-545b-4219-93a1-14a6ea3d85be: receive RaftClientReply:client-B268B4322F32->17750241-545b-4219-93a1-14a6ea3d85be@group-C33FBD9556F2, cid=3257, SUCCESS, logIndex=4926, commits[17750241-545b-4219-93a1-14a6ea3d85be:c4926, 4eaaa090-573e-41d3-9f8c-c99e236d806a:c4922, 5f4cf9ee-4bed-49de-adaa-861aec894328:c4922]
2019-08-23 02:48:44,464 | INFO  | DNAudit | user=null | ip=null | op=WRITE_CHUNK {blockData=conID: 1 locID: 102664013376389789 bcsId: 0} | ret=SUCCESS |  
2019-08-23 02:48:44,465 | INFO  | DNAudit | user=null | ip=null | op=PUT_BLOCK {blockData=[blockId=conID: 1 locID: 102664013376389789 bcsId: 0,size=1048576]} | ret=SUCCESS |  
2019-08-23 02:48:44,465 | INFO  | DNAudit | user=null | ip=null | op=WRITE_CHUNK {blockData=conID: 1 locID: 102664013376389789 bcsId: 0} | ret=SUCCESS |  
2019-08-23 02:48:44,465 | INFO  | DNAudit | user=null | ip=null | op=PUT_BLOCK {blockData=[blockId=conID: 1 locID: 102664013376389789 bcsId: 0,size=1048576]} | ret=SUCCESS |  
2019-08-23 02:48:44,465 [grpc-default-executor-1] INFO  client.GrpcClientProtocolClient (GrpcClientProtocolClient.java:onNext(255)) - client-B268B4322F32->17750241-545b-4219-93a1-14a6ea3d85be: receive RaftClientReply:client-B268B4322F32->17750241-545b-4219-93a1-14a6ea3d85be@group-C33FBD9556F2, cid=3258, SUCCESS, logIndex=0, commits[17750241-545b-4219-93a1-14a6ea3d85be:c4928, 4eaaa090-573e-41d3-9f8c-c99e236d806a:c4924, 5f4cf9ee-4bed-49de-adaa-861aec894328:c4924]
2019-08-23 02:48:44,471 | INFO  | DNAudit | user=null | ip=null | op=WRITE_CHUNK {blockData=conID: 1 locID: 102664013376389789 bcsId: 4926} | ret=SUCCESS |  
2019-08-23 02:48:44,472 | INFO  | DNAudit | user=null | ip=null | op=WRITE_CHUNK {blockData=conID: 1 locID: 102664013376389789 bcsId: 4926} | ret=SUCCESS |  
2019-08-23 02:48:44,474 | INFO  | DNAudit | user=null | ip=null | op=WRITE_CHUNK {blockData=conID: 1 locID: 102664013376389789 bcsId: 4926} | ret=SUCCESS |  
2019-08-23 02:48:44,476 | INFO  | DNAudit | user=null | ip=null | op=WRITE_CHUNK {blockData=conID: 1 locID: 102664013376389789 bcsId: 0} | ret=SUCCESS |  
2019-08-23 02:48:44,476 | INFO  | DNAudit | user=null | ip=null | op=PUT_BLOCK {blockData=[blockId=conID: 1 locID: 102664013376389789 bcsId: 0,size=2097152]} | ret=SUCCESS |  
2019-08-23 02:48:44,476 | INFO  | DNAudit | user=null | ip=null | op=WRITE_CHUNK {blockData=conID: 1 locID: 102664013376389789 bcsId: 0} | ret=SUCCESS |  
2019-08-23 02:48:44,476 | INFO  | DNAudit | user=null | ip=null | op=PUT_BLOCK {blockData=[blockId=conID: 1 locID: 102664013376389789 bcsId: 0,size=2097152]} | ret=SUCCESS |  
2019-08-23 02:48:44,477 | INFO  | DNAudit | user=null | ip=null | op=WRITE_CHUNK {blockData=conID: 1 locID: 102664013376389789 bcsId: 4926} | ret=SUCCESS |  
2019-08-23 02:48:44,477 | INFO  | DNAudit | user=null | ip=null | op=PUT_BLOCK {blockData=[blockId=conID: 1 locID: 102664013376389789 bcsId: 0,size=3145728]} | ret=SUCCESS |  
2019-08-23 02:48:44,478 [grpc-default-executor-1] INFO  client.GrpcClientProtocolClient (GrpcClientProtocolClient.java:onNext(255)) - client-B268B4322F32->17750241-545b-4219-93a1-14a6ea3d85be: receive RaftClientReply:client-B268B4322F32->17750241-545b-4219-93a1-14a6ea3d85be@group-C33FBD9556F2, cid=3259, SUCCESS, logIndex=4931, commits[17750241-545b-4219-93a1-14a6ea3d85be:c4932, 4eaaa090-573e-41d3-9f8c-c99e236d806a:c4926, 5f4cf9ee-4bed-49de-adaa-861aec894328:c4928]
2019-08-23 02:48:44,478 [grpc-default-executor-1] INFO  client.GrpcClientProtocolClient (GrpcClientProtocolClient.java:onNext(255)) - client-B268B4322F32->17750241-545b-4219-93a1-14a6ea3d85be: receive RaftClientReply:client-B268B4322F32->17750241-545b-4219-93a1-14a6ea3d85be@group-C33FBD9556F2, cid=3260, SUCCESS, logIndex=4932, commits[17750241-545b-4219-93a1-14a6ea3d85be:c4932, 4eaaa090-573e-41d3-9f8c-c99e236d806a:c4928, 5f4cf9ee-4bed-49de-adaa-861aec894328:c4928]
2019-08-23 02:48:44,483 | INFO  | DNAudit | user=null | ip=null | op=WRITE_CHUNK {blockData=conID: 1 locID: 102664013376389789 bcsId: 4932} | ret=SUCCESS |  
2019-08-23 02:48:44,486 | INFO  | DNAudit | user=null | ip=null | op=WRITE_CHUNK {blockData=conID: 1 locID: 102664013376389789 bcsId: 4932} | ret=SUCCESS |  
2019-08-23 02:48:44,486 | INFO  | DNAudit | user=null | ip=null | op=WRITE_CHUNK {blockData=conID: 1 locID: 102664013376389789 bcsId: 4932} | ret=SUCCESS |  
2019-08-23 02:48:44,489 | INFO  | DNAudit | user=null | ip=null | op=WRITE_CHUNK {blockData=conID: 1 locID: 102664013376389789 bcsId: 4926} | ret=SUCCESS |  
2019-08-23 02:48:44,489 | INFO  | DNAudit | user=null | ip=null | op=PUT_BLOCK {blockData=[blockId=conID: 1 locID: 102664013376389789 bcsId: 0,size=3145728]} | ret=SUCCESS |  
2019-08-23 02:48:44,489 | INFO  | DNAudit | user=null | ip=null | op=WRITE_CHUNK {blockData=conID: 1 locID: 102664013376389789 bcsId: 4926} | ret=SUCCESS |  
2019-08-23 02:48:44,489 | INFO  | DNAudit | user=null | ip=null | op=PUT_BLOCK {blockData=[blockId=conID: 1 locID: 102664013376389789 bcsId: 0,size=3145728]} | ret=SUCCESS |  
2019-08-23 02:48:44,492 | INFO  | DNAudit | user=null | ip=null | op=WRITE_CHUNK {blockData=conID: 1 locID: 102664013376389789 bcsId: 4932} | ret=SUCCESS |  
2019-08-23 02:48:44,492 | INFO  | DNAudit | user=null | ip=null | op=PUT_BLOCK {blockData=[blockId=conID: 1 locID: 102664013376389789 bcsId: 0,size=4194304]} | ret=SUCCESS |  
2019-08-23 02:48:44,493 [grpc-default-executor-1] INFO  client.GrpcClientProtocolClient (GrpcClientProtocolClient.java:onNext(255)) - client-B268B4322F32->17750241-545b-4219-93a1-14a6ea3d85be: receive RaftClientReply:client-B268B4322F32->17750241-545b-4219-93a1-14a6ea3d85be@group-C33FBD9556F2, cid=3261, SUCCESS, logIndex=4934, commits[17750241-545b-4219-93a1-14a6ea3d85be:c4935, 4eaaa090-573e-41d3-9f8c-c99e236d806a:c4932, 5f4cf9ee-4bed-49de-adaa-861aec894328:c4932]
2019-08-23 02:48:44,493 [grpc-default-executor-1] INFO  client.GrpcClientProtocolClient (GrpcClientProtocolClient.java:onNext(255)) - client-B268B4322F32->17750241-545b-4219-93a1-14a6ea3d85be: receive RaftClientReply:client-B268B4322F32->17750241-545b-4219-93a1-14a6ea3d85be@group-C33FBD9556F2, cid=3262, SUCCESS, logIndex=4935, commits[17750241-545b-4219-93a1-14a6ea3d85be:c4935, 4eaaa090-573e-41d3-9f8c-c99e236d806a:c4932, 5f4cf9ee-4bed-49de-adaa-861aec894328:c4932]
2019-08-23 02:48:44,504 | INFO  | DNAudit | user=null | ip=null | op=WRITE_CHUNK {blockData=conID: 1 locID: 102664013376389789 bcsId: 4932} | ret=SUCCESS |  
2019-08-23 02:48:44,504 | INFO  | DNAudit | user=null | ip=null | op=WRITE_CHUNK {blockData=conID: 1 locID: 102664013376389789 bcsId: 4932} | ret=SUCCESS |  
2019-08-23 02:48:44,504 | INFO  | DNAudit | user=null | ip=null | op=PUT_BLOCK {blockData=[blockId=conID: 1 locID: 102664013376389789 bcsId: 0,size=4194304]} | ret=SUCCESS |  
2019-08-23 02:48:44,505 | INFO  | DNAudit | user=null | ip=null | op=PUT_BLOCK {blockData=[blockId=conID: 1 locID: 102664013376389789 bcsId: 0,size=4194304]} | ret=SUCCESS |  
2019-08-23 02:48:44,505 [grpc-default-executor-1] INFO  client.GrpcClientProtocolClient (GrpcClientProtocolClient.java:onNext(255)) - client-B268B4322F32->17750241-545b-4219-93a1-14a6ea3d85be: receive RaftClientReply:client-B268B4322F32->17750241-545b-4219-93a1-14a6ea3d85be@group-C33FBD9556F2, cid=3263, SUCCESS, logIndex=0, commits[17750241-545b-4219-93a1-14a6ea3d85be:c4937, 4eaaa090-573e-41d3-9f8c-c99e236d806a:c4935, 5f4cf9ee-4bed-49de-adaa-861aec894328:c4935]
2019-08-23 02:48:44,506 | INFO  | SCMAudit | user=jenkins1000 | ip=192.168.34.22 | op=SEND_HEARTBEAT {datanodeUUID=0cedf437-a8af-4d70-bac5-ea9863093e86, command=[]} | ret=SUCCESS |  
2019-08-23 02:48:44,506 | INFO  | SCMAudit | user=jenkins1000 | ip=192.168.34.22 | op=SEND_HEARTBEAT {datanodeUUID=17750241-545b-4219-93a1-14a6ea3d85be, command=[]} | ret=SUCCESS |  
 0.00% |█                                                                                                    |  0/1 Time: 0:00:462019-08-23 02:48:44,506 | INFO  | SCMAudit | user=jenkins1000 | ip=192.168.34.22 | op=SEND_HEARTBEAT {datanodeUUID=5f4cf9ee-4bed-49de-adaa-861aec894328, command=[]} | ret=SUCCESS |  
2019-08-23 02:48:44,506 | INFO  | SCMAudit | user=jenkins1000 | ip=192.168.34.22 | op=SEND_HEARTBEAT {datanodeUUID=66ab6a68-e61f-4535-ab2f-12fe560929ed, command=[]} | ret=SUCCESS |  
2019-08-23 02:48:44,507 | INFO  | SCMAudit | user=jenkins1000 | ip=192.168.34.22 | op=ALLOCATE_BLOCK {owner=31d65bc3-3f70-45f5-bbc5-e3a15f967ba6, size=4194304, type=RATIS, factor=THREE} | ret=SUCCESS |  
2019-08-23 02:48:44,507 | INFO  | SCMAudit | user=jenkins1000 | ip=192.168.34.22 | op=SEND_HEARTBEAT {datanodeUUID=4eaaa090-573e-41d3-9f8c-c99e236d806a, command=[]} | ret=SUCCESS |  
2019-08-23 02:48:44,515 | INFO  | OMAudit | user=jenkins1000 | ip=127.0.0.1 | op=ALLOCATE_BLOCK {volume=vol-0-78052, bucket=bucket-0-33874, key=key-0-20719, dataSize=2147483657, replicationType=RATIS, replicationFactor=THREE, keyLocationInfo=[], clientID=102664010308846034} | ret=SUCCESS |  
2019-08-23 02:48:44,524 | INFO  | DNAudit | user=null | ip=null | op=WRITE_CHUNK {blockData=conID: 2 locID: 102664013382091422 bcsId: 0} | ret=SUCCESS |  
2019-08-23 02:48:44,527 | INFO  | DNAudit | user=null | ip=null | op=WRITE_CHUNK {blockData=conID: 2 locID: 102664013382091422 bcsId: 0} | ret=SUCCESS |  
2019-08-23 02:48:44,527 | INFO  | DNAudit | user=null | ip=null | op=WRITE_CHUNK {blockData=conID: 2 locID: 102664013382091422 bcsId: 0} | ret=SUCCESS |  
2019-08-23 02:48:44,527 | INFO  | DNAudit | user=null | ip=null | op=WRITE_CHUNK {blockData=conID: 2 locID: 102664013382091422 bcsId: 0} | ret=SUCCESS |  
2019-08-23 02:48:44,529 | INFO  | DNAudit | user=null | ip=null | op=WRITE_CHUNK {blockData=conID: 2 locID: 102664013382091422 bcsId: 0} | ret=SUCCESS |  
2019-08-23 02:48:44,529 | INFO  | DNAudit | user=null | ip=null | op=WRITE_CHUNK {blockData=conID: 2 locID: 102664013382091422 bcsId: 0} | ret=SUCCESS |  
2019-08-23 02:48:44,536 | INFO  | DNAudit | user=null | ip=null | op=WRITE_CHUNK {blockData=conID: 2 locID: 102664013382091422 bcsId: 0} | ret=SUCCESS |  
2019-08-23 02:48:44,537 | INFO  | DNAudit | user=null | ip=null | op=PUT_BLOCK {blockData=[blockId=conID: 2 locID: 102664013382091422 bcsId: 0,size=1048576]} | ret=SUCCESS |  
2019-08-23 02:48:44,537 [grpc-default-executor-2] INFO  client.GrpcClientProtocolClient (GrpcClientProtocolClient.java:onNext(255)) - client-B268B4322F32->17750241-545b-4219-93a1-14a6ea3d85be: receive RaftClientReply:client-B268B4322F32->17750241-545b-4219-93a1-14a6ea3d85be@group-C33FBD9556F2, cid=3264, SUCCESS, logIndex=4938, commits[17750241-545b-4219-93a1-14a6ea3d85be:c4939, 4eaaa090-573e-41d3-9f8c-c99e236d806a:c4937, 5f4cf9ee-4bed-49de-adaa-861aec894328:c4937]
2019-08-23 02:48:44,537 | INFO  | DNAudit | user=null | ip=null | op=WRITE_CHUNK {blockData=conID: 2 locID: 102664013382091422 bcsId: 0} | ret=SUCCESS |  
2019-08-23 02:48:44,538 | INFO  | DNAudit | user=null | ip=null | op=PUT_BLOCK {blockData=[blockId=conID: 2 locID: 102664013382091422 bcsId: 0,size=2097152]} | ret=SUCCESS |  
2019-08-23 02:48:44,538 [grpc-default-executor-5] INFO  client.GrpcClientProtocolClient (GrpcClientProtocolClient.java:onNext(255)) - client-B268B4322F32->17750241-545b-4219-93a1-14a6ea3d85be: receive RaftClientReply:client-B268B4322F32->17750241-545b-4219-93a1-14a6ea3d85be@group-C33FBD9556F2, cid=3265, SUCCESS, logIndex=4939, commits[17750241-545b-4219-93a1-14a6ea3d85be:c4939, 4eaaa090-573e-41d3-9f8c-c99e236d806a:c4937, 5f4cf9ee-4bed-49de-adaa-861aec894328:c4937]
2019-08-23 02:48:44,538 [grpc-default-executor-5] INFO  client.GrpcClientProtocolClient (GrpcClientProtocolClient.java:onNext(255)) - client-B268B4322F32->17750241-545b-4219-93a1-14a6ea3d85be: receive RaftClientReply:client-B268B4322F32->17750241-545b-4219-93a1-14a6ea3d85be@group-C33FBD9556F2, cid=3266, SUCCESS, logIndex=4940, commits[17750241-545b-4219-93a1-14a6ea3d85be:c4940, 4eaaa090-573e-41d3-9f8c-c99e236d806a:c4937, 5f4cf9ee-4bed-49de-adaa-861aec894328:c4937]
2019-08-23 02:48:44,538 | INFO  | DNAudit | user=null | ip=null | op=WRITE_CHUNK {blockData=conID: 2 locID: 102664013382091422 bcsId: 0} | ret=SUCCESS |  
2019-08-23 02:48:44,538 [grpc-default-executor-5] INFO  client.GrpcClientProtocolClient (GrpcClientProtocolClient.java:onNext(255)) - client-B268B4322F32->17750241-545b-4219-93a1-14a6ea3d85be: receive RaftClientReply:client-B268B4322F32->17750241-545b-4219-93a1-14a6ea3d85be@group-C33FBD9556F2, cid=3267, SUCCESS, logIndex=4941, commits[17750241-545b-4219-93a1-14a6ea3d85be:c4941, 4eaaa090-573e-41d3-9f8c-c99e236d806a:c4937, 5f4cf9ee-4bed-49de-adaa-861aec894328:c4937]
2019-08-23 02:48:44,539 | INFO  | DNAudit | user=null | ip=null | op=PUT_BLOCK {blockData=[blockId=conID: 2 locID: 102664013382091422 bcsId: 0,size=1048576]} | ret=SUCCESS |  
2019-08-23 02:48:44,540 | INFO  | DNAudit | user=null | ip=null | op=WRITE_CHUNK {blockData=conID: 2 locID: 102664013382091422 bcsId: 0} | ret=SUCCESS |  
2019-08-23 02:48:44,541 | INFO  | DNAudit | user=null | ip=null | op=PUT_BLOCK {blockData=[blockId=conID: 2 locID: 102664013382091422 bcsId: 0,size=1048576]} | ret=SUCCESS |  
2019-08-23 02:48:44,541 [grpc-default-executor-2] INFO  client.GrpcClientProtocolClient (GrpcClientProtocolClient.java:onNext(255)) - client-B268B4322F32->17750241-545b-4219-93a1-14a6ea3d85be: receive RaftClientReply:client-B268B4322F32->17750241-545b-4219-93a1-14a6ea3d85be@group-C33FBD9556F2, cid=3268, SUCCESS, logIndex=0, commits[17750241-545b-4219-93a1-14a6ea3d85be:c4943, 4eaaa090-573e-41d3-9f8c-c99e236d806a:c4939, 5f4cf9ee-4bed-49de-adaa-861aec894328:c4939]
2019-08-23 02:48:44,547 | INFO  | DNAudit | user=null | ip=null | op=WRITE_CHUNK {blockData=conID: 2 locID: 102664013382091422 bcsId: 4941} | ret=SUCCESS |  
2019-08-23 02:48:44,549 | INFO  | DNAudit | user=null | ip=null | op=WRITE_CHUNK {blockData=conID: 2 locID: 102664013382091422 bcsId: 4941} | ret=SUCCESS |  
2019-08-23 02:48:44,549 | INFO  | DNAudit | user=null | ip=null | op=WRITE_CHUNK {blockData=conID: 2 locID: 102664013382091422 bcsId: 4941} | ret=SUCCESS |  
2019-08-23 02:48:44,551 | INFO  | DNAudit | user=null | ip=null | op=WRITE_CHUNK {blockData=conID: 2 locID: 102664013382091422 bcsId: 0} | ret=SUCCESS |  
2019-08-23 02:48:44,552 | INFO  | DNAudit | user=null | ip=null | op=PUT_BLOCK {blockData=[blockId=conID: 2 locID: 102664013382091422 bcsId: 0,size=2097152]} | ret=SUCCESS |  
2019-08-23 02:48:44,552 | INFO  | DNAudit | user=null | ip=null | op=WRITE_CHUNK {blockData=conID: 2 locID: 102664013382091422 bcsId: 0} | ret=SUCCESS |  
2019-08-23 02:48:44,552 | INFO  | DNAudit | user=null | ip=null | op=PUT_BLOCK {blockData=[blockId=conID: 2 locID: 102664013382091422 bcsId: 0,size=2097152]} | ret=SUCCESS |  
2019-08-23 02:48:44,555 | INFO  | DNAudit | user=null | ip=null | op=WRITE_CHUNK {blockData=conID: 2 locID: 102664013382091422 bcsId: 4941} | ret=SUCCESS |  
2019-08-23 02:48:44,555 | INFO  | DNAudit | user=null | ip=null | op=PUT_BLOCK {blockData=[blockId=conID: 2 locID: 102664013382091422 bcsId: 0,size=3145728]} | ret=SUCCESS |  
2019-08-23 02:48:44,556 [grpc-default-executor-1] INFO  client.GrpcClientProtocolClient (GrpcClientProtocolClient.java:onNext(255)) - client-B268B4322F32->17750241-545b-4219-93a1-14a6ea3d85be: receive RaftClientReply:client-B268B4322F32->17750241-545b-4219-93a1-14a6ea3d85be@group-C33FBD9556F2, cid=3269, SUCCESS, logIndex=4946, commits[17750241-545b-4219-93a1-14a6ea3d85be:c4947, 4eaaa090-573e-41d3-9f8c-c99e236d806a:c4941, 5f4cf9ee-4bed-49de-adaa-861aec894328:c4943]
2019-08-23 02:48:44,556 [grpc-default-executor-1] INFO  client.GrpcClientProtocolClient (GrpcClientProtocolClient.java:onNext(255)) - client-B268B4322F32->17750241-545b-4219-93a1-14a6ea3d85be: receive RaftClientReply:client-B268B4322F32->17750241-545b-4219-93a1-14a6ea3d85be@group-C33FBD9556F2, cid=3270, SUCCESS, logIndex=4947, commits[17750241-545b-4219-93a1-14a6ea3d85be:c4947, 4eaaa090-573e-41d3-9f8c-c99e236d806a:c4943, 5f4cf9ee-4bed-49de-adaa-861aec894328:c4943]
2019-08-23 02:48:44,562 | INFO  | DNAudit | user=null | ip=null | op=WRITE_CHUNK {blockData=conID: 2 locID: 102664013382091422 bcsId: 4947} | ret=SUCCESS |  
2019-08-23 02:48:44,564 | INFO  | DNAudit | user=null | ip=null | op=WRITE_CHUNK {blockData=conID: 2 locID: 102664013382091422 bcsId: 4947} | ret=SUCCESS |  
2019-08-23 02:48:44,564 | INFO  | DNAudit | user=null | ip=null | op=WRITE_CHUNK {blockData=conID: 2 locID: 102664013382091422 bcsId: 4947} | ret=SUCCESS |  
2019-08-23 02:48:44,566 | INFO  | DNAudit | user=null | ip=null | op=WRITE_CHUNK {blockData=conID: 2 locID: 102664013382091422 bcsId: 4941} | ret=SUCCESS |  
2019-08-23 02:48:44,567 | INFO  | DNAudit | user=null | ip=null | op=WRITE_CHUNK {blockData=conID: 2 locID: 102664013382091422 bcsId: 4941} | ret=SUCCESS |  
2019-08-23 02:48:44,567 | INFO  | DNAudit | user=null | ip=null | op=PUT_BLOCK {blockData=[blockId=conID: 2 locID: 102664013382091422 bcsId: 0,size=3145728]} | ret=SUCCESS |  
2019-08-23 02:48:44,567 | INFO  | DNAudit | user=null | ip=null | op=PUT_BLOCK {blockData=[blockId=conID: 2 locID: 102664013382091422 bcsId: 0,size=3145728]} | ret=SUCCESS |  
2019-08-23 02:48:44,568 | INFO  | DNAudit | user=null | ip=null | op=WRITE_CHUNK {blockData=conID: 2 locID: 102664013382091422 bcsId: 4947} | ret=SUCCESS |  
2019-08-23 02:48:44,568 | INFO  | DNAudit | user=null | ip=null | op=PUT_BLOCK {blockData=[blockId=conID: 2 locID: 102664013382091422 bcsId: 0,size=4194304]} | ret=SUCCESS |  
2019-08-23 02:48:44,569 [grpc-default-executor-5] INFO  client.GrpcClientProtocolClient (GrpcClientProtocolClient.java:onNext(255)) - client-B268B4322F32->17750241-545b-4219-93a1-14a6ea3d85be: receive RaftClientReply:client-B268B4322F32->17750241-545b-4219-93a1-14a6ea3d85be@group-C33FBD9556F2, cid=3271, SUCCESS, logIndex=4949, commits[17750241-545b-4219-93a1-14a6ea3d85be:c4950, 4eaaa090-573e-41d3-9f8c-c99e236d806a:c4947, 5f4cf9ee-4bed-49de-adaa-861aec894328:c4947]
2019-08-23 02:48:44,569 [grpc-default-executor-5] INFO  client.GrpcClientProtocolClient (GrpcClientProtocolClient.java:onNext(255)) - client-B268B4322F32->17750241-545b-4219-93a1-14a6ea3d85be: receive RaftClientReply:client-B268B4322F32->17750241-545b-4219-93a1-14a6ea3d85be@group-C33FBD9556F2, cid=3272, SUCCESS, logIndex=4950, commits[17750241-545b-4219-93a1-14a6ea3d85be:c4950, 4eaaa090-573e-41d3-9f8c-c99e236d806a:c4947, 5f4cf9ee-4bed-49de-adaa-861aec894328:c4947]
2019-08-23 02:48:44,579 | INFO  | DNAudit | user=null | ip=null | op=WRITE_CHUNK {blockData=conID: 2 locID: 102664013382091422 bcsId: 4947} | ret=SUCCESS |  
2019-08-23 02:48:44,580 | INFO  | DNAudit | user=null | ip=null | op=WRITE_CHUNK {blockData=conID: 2 locID: 102664013382091422 bcsId: 4947} | ret=SUCCESS |  
2019-08-23 02:48:44,582 | INFO  | DNAudit | user=null | ip=null | op=PUT_BLOCK {blockData=[blockId=conID: 2 locID: 102664013382091422 bcsId: 0,size=4194304]} | ret=SUCCESS |  
2019-08-23 02:48:44,583 | INFO  | DNAudit | user=null | ip=null | op=PUT_BLOCK {blockData=[blockId=conID: 2 locID: 102664013382091422 bcsId: 0,size=4194304]} | ret=SUCCESS |  
2019-08-23 02:48:44,583 [grpc-default-executor-2] INFO  client.GrpcClientProtocolClient (GrpcClientProtocolClient.java:onNext(255)) - client-B268B4322F32->17750241-545b-4219-93a1-14a6ea3d85be: receive RaftClientReply:client-B268B4322F32->17750241-545b-4219-93a1-14a6ea3d85be@group-C33FBD9556F2, cid=3273, SUCCESS, logIndex=0, commits[17750241-545b-4219-93a1-14a6ea3d85be:c4952, 4eaaa090-573e-41d3-9f8c-c99e236d806a:c4950, 5f4cf9ee-4bed-49de-adaa-861aec894328:c4950]
2019-08-23 02:48:44,590 | INFO  | SCMAudit | user=jenkins1000 | ip=192.168.34.22 | op=ALLOCATE_BLOCK {owner=31d65bc3-3f70-45f5-bbc5-e3a15f967ba6, size=4194304, type=RATIS, factor=THREE} | ret=SUCCESS |  
2019-08-23 02:48:44,596 | INFO  | OMAudit | user=jenkins1000 | ip=127.0.0.1 | op=ALLOCATE_BLOCK {volume=vol-0-78052, bucket=bucket-0-33874, key=key-0-20719, dataSize=2147483657, replicationType=RATIS, replicationFactor=THREE, keyLocationInfo=[], clientID=102664010308846034} | ret=SUCCESS |  
2019-08-23 02:48:44,606 | INFO  | DNAudit | user=null | ip=null | op=WRITE_CHUNK {blockData=conID: 3 locID: 102664013387530911 bcsId: 0} | ret=SUCCESS |  
2019-08-23 02:48:44,609 | INFO  | DNAudit | user=null | ip=null | op=WRITE_CHUNK {blockData=conID: 3 locID: 102664013387530911 bcsId: 0} | ret=SUCCESS |  
2019-08-23 02:48:44,609 | INFO  | DNAudit | user=null | ip=null | op=WRITE_CHUNK {blockData=conID: 3 locID: 102664013387530911 bcsId: 0} | ret=SUCCESS |  
2019-08-23 02:48:44,609 | INFO  | DNAudit | user=null | ip=null | op=WRITE_CHUNK {blockData=conID: 3 locID: 102664013387530911 bcsId: 0} | ret=SUCCESS |  
2019-08-23 02:48:44,611 | INFO  | DNAudit | user=null | ip=null | op=WRITE_CHUNK {blockData=conID: 3 locID: 102664013387530911 bcsId: 0} | ret=SUCCESS |  
2019-08-23 02:48:44,611 | INFO  | DNAudit | user=null | ip=null | op=WRITE_CHUNK {blockData=conID: 3 locID: 102664013387530911 bcsId: 0} | ret=SUCCESS |  
2019-08-23 02:48:44,611 | INFO  | DNAudit | user=null | ip=null | op=PUT_BLOCK {blockData=[blockId=conID: 3 locID: 102664013387530911 bcsId: 0,size=1048576]} | ret=SUCCESS |  
2019-08-23 02:48:44,611 | INFO  | DNAudit | user=null | ip=null | op=WRITE_CHUNK {blockData=conID: 3 locID: 102664013387530911 bcsId: 0} | ret=SUCCESS |  
2019-08-23 02:48:44,611 [grpc-default-executor-5] INFO  client.GrpcClientProtocolClient (GrpcClientProtocolClient.java:onNext(255)) - client-B268B4322F32->17750241-545b-4219-93a1-14a6ea3d85be: receive RaftClientReply:client-B268B4322F32->17750241-545b-4219-93a1-14a6ea3d85be@group-C33FBD9556F2, cid=3274, SUCCESS, logIndex=4953, commits[17750241-545b-4219-93a1-14a6ea3d85be:c4954, 4eaaa090-573e-41d3-9f8c-c99e236d806a:c4952, 5f4cf9ee-4bed-49de-adaa-861aec894328:c4952]
2019-08-23 02:48:44,612 [grpc-default-executor-5] INFO  client.GrpcClientProtocolClient (GrpcClientProtocolClient.java:onNext(255)) - client-B268B4322F32->17750241-545b-4219-93a1-14a6ea3d85be: receive RaftClientReply:client-B268B4322F32->17750241-545b-4219-93a1-14a6ea3d85be@group-C33FBD9556F2, cid=3275, SUCCESS, logIndex=4954, commits[17750241-545b-4219-93a1-14a6ea3d85be:c4954, 4eaaa090-573e-41d3-9f8c-c99e236d806a:c4952, 5f4cf9ee-4bed-49de-adaa-861aec894328:c4952]
2019-08-23 02:48:44,612 | INFO  | DNAudit | user=null | ip=null | op=WRITE_CHUNK {blockData=conID: 3 locID: 102664013387530911 bcsId: 0} | ret=SUCCESS |  
2019-08-23 02:48:44,612 | INFO  | DNAudit | user=null | ip=null | op=WRITE_CHUNK {blockData=conID: 3 locID: 102664013387530911 bcsId: 0} | ret=SUCCESS |  
2019-08-23 02:48:44,613 | INFO  | DNAudit | user=null | ip=null | op=PUT_BLOCK {blockData=[blockId=conID: 3 locID: 102664013387530911 bcsId: 0,size=2097152]} | ret=SUCCESS |  
2019-08-23 02:48:44,613 | INFO  | DNAudit | user=null | ip=null | op=PUT_BLOCK {blockData=[blockId=conID: 3 locID: 102664013387530911 bcsId: 0,size=1048576]} | ret=SUCCESS |  
2019-08-23 02:48:44,613 [grpc-default-executor-2] INFO  client.GrpcClientProtocolClient (GrpcClientProtocolClient.java:onNext(255)) - client-B268B4322F32->17750241-545b-4219-93a1-14a6ea3d85be: receive RaftClientReply:client-B268B4322F32->17750241-545b-4219-93a1-14a6ea3d85be@group-C33FBD9556F2, cid=3276, SUCCESS, logIndex=4955, commits[17750241-545b-4219-93a1-14a6ea3d85be:c4956, 4eaaa090-573e-41d3-9f8c-c99e236d806a:c4952, 5f4cf9ee-4bed-49de-adaa-861aec894328:c4952]
2019-08-23 02:48:44,613 | INFO  | DNAudit | user=null | ip=null | op=WRITE_CHUNK {blockData=conID: 3 locID: 102664013387530911 bcsId: 0} | ret=SUCCESS |  
2019-08-23 02:48:44,613 [grpc-default-executor-2] INFO  client.GrpcClientProtocolClient (GrpcClientProtocolClient.java:onNext(255)) - client-B268B4322F32->17750241-545b-4219-93a1-14a6ea3d85be: receive RaftClientReply:client-B268B4322F32->17750241-545b-4219-93a1-14a6ea3d85be@group-C33FBD9556F2, cid=3277, SUCCESS, logIndex=4956, commits[17750241-545b-4219-93a1-14a6ea3d85be:c4958, 4eaaa090-573e-41d3-9f8c-c99e236d806a:c4954, 5f4cf9ee-4bed-49de-adaa-861aec894328:c4952]
2019-08-23 02:48:44,614 | INFO  | DNAudit | user=null | ip=null | op=PUT_BLOCK {blockData=[blockId=conID: 3 locID: 102664013387530911 bcsId: 0,size=1048576]} | ret=SUCCESS |  
2019-08-23 02:48:44,614 [grpc-default-executor-2] INFO  client.GrpcClientProtocolClient (GrpcClientProtocolClient.java:onNext(255)) - client-B268B4322F32->17750241-545b-4219-93a1-14a6ea3d85be: receive RaftClientReply:client-B268B4322F32->17750241-545b-4219-93a1-14a6ea3d85be@group-C33FBD9556F2, cid=3278, SUCCESS, logIndex=0, commits[17750241-545b-4219-93a1-14a6ea3d85be:c4958, 4eaaa090-573e-41d3-9f8c-c99e236d806a:c4954, 5f4cf9ee-4bed-49de-adaa-861aec894328:c4954]
2019-08-23 02:48:44,616 | INFO  | DNAudit | user=null | ip=null | op=WRITE_CHUNK {blockData=conID: 3 locID: 102664013387530911 bcsId: 0} | ret=SUCCESS |  
2019-08-23 02:48:44,616 | INFO  | DNAudit | user=null | ip=null | op=WRITE_CHUNK {blockData=conID: 3 locID: 102664013387530911 bcsId: 0} | ret=SUCCESS |  
2019-08-23 02:48:44,616 | INFO  | DNAudit | user=null | ip=null | op=PUT_BLOCK {blockData=[blockId=conID: 3 locID: 102664013387530911 bcsId: 0,size=2097152]} | ret=SUCCESS |  
2019-08-23 02:48:44,616 | INFO  | DNAudit | user=null | ip=null | op=PUT_BLOCK {blockData=[blockId=conID: 3 locID: 102664013387530911 bcsId: 0,size=2097152]} | ret=SUCCESS |  
2019-08-23 02:48:44,621 | INFO  | DNAudit | user=null | ip=null | op=WRITE_CHUNK {blockData=conID: 3 locID: 102664013387530911 bcsId: 4956} | ret=SUCCESS |  
2019-08-23 02:48:44,623 | INFO  | DNAudit | user=null | ip=null | op=WRITE_CHUNK {blockData=conID: 3 locID: 102664013387530911 bcsId: 4956} | ret=SUCCESS |  
2019-08-23 02:48:44,623 | INFO  | DNAudit | user=null | ip=null | op=WRITE_CHUNK {blockData=conID: 3 locID: 102664013387530911 bcsId: 4956} | ret=SUCCESS |  
2019-08-23 02:48:44,625 | INFO  | DNAudit | user=null | ip=null | op=WRITE_CHUNK {blockData=conID: 3 locID: 102664013387530911 bcsId: 4956} | ret=SUCCESS |  
2019-08-23 02:48:44,625 | INFO  | DNAudit | user=null | ip=null | op=PUT_BLOCK {blockData=[blockId=conID: 3 locID: 102664013387530911 bcsId: 0,size=3145728]} | ret=SUCCESS |  
2019-08-23 02:48:44,625 [grpc-default-executor-6] INFO  client.GrpcClientProtocolClient (GrpcClientProtocolClient.java:onNext(255)) - client-B268B4322F32->17750241-545b-4219-93a1-14a6ea3d85be: receive RaftClientReply:client-B268B4322F32->17750241-545b-4219-93a1-14a6ea3d85be@group-C33FBD9556F2, cid=3279, SUCCESS, logIndex=4961, commits[17750241-545b-4219-93a1-14a6ea3d85be:c4962, 4eaaa090-573e-41d3-9f8c-c99e236d806a:c4960, 5f4cf9ee-4bed-49de-adaa-861aec894328:c4956]
2019-08-23 02:48:44,626 [grpc-default-executor-6] INFO  client.GrpcClientProtocolClient (GrpcClientProtocolClient.java:onNext(255)) - client-B268B4322F32->17750241-545b-4219-93a1-14a6ea3d85be: receive RaftClientReply:client-B268B4322F32->17750241-545b-4219-93a1-14a6ea3d85be@group-C33FBD9556F2, cid=3280, SUCCESS, logIndex=4962, commits[17750241-545b-4219-93a1-14a6ea3d85be:c4962, 4eaaa090-573e-41d3-9f8c-c99e236d806a:c4960, 5f4cf9ee-4bed-49de-adaa-861aec894328:c4960]
2019-08-23 02:48:44,628 | INFO  | DNAudit | user=null | ip=null | op=WRITE_CHUNK {blockData=conID: 3 locID: 102664013387530911 bcsId: 4956} | ret=SUCCESS |  
2019-08-23 02:48:44,628 | INFO  | DNAudit | user=null | ip=null | op=PUT_BLOCK {blockData=[blockId=conID: 3 locID: 102664013387530911 bcsId: 0,size=3145728]} | ret=SUCCESS |  
2019-08-23 02:48:44,628 | INFO  | DNAudit | user=null | ip=null | op=WRITE_CHUNK {blockData=conID: 3 locID: 102664013387530911 bcsId: 4956} | ret=SUCCESS |  
2019-08-23 02:48:44,628 | INFO  | DNAudit | user=null | ip=null | op=PUT_BLOCK {blockData=[blockId=conID: 3 locID: 102664013387530911 bcsId: 0,size=3145728]} | ret=SUCCESS |  
2019-08-23 02:48:44,632 | INFO  | DNAudit | user=null | ip=null | op=WRITE_CHUNK {blockData=conID: 3 locID: 102664013387530911 bcsId: 4962} | ret=SUCCESS |  
2019-08-23 02:48:44,633 | INFO  | DNAudit | user=null | ip=null | op=WRITE_CHUNK {blockData=conID: 3 locID: 102664013387530911 bcsId: 4962} | ret=SUCCESS |  
2019-08-23 02:48:44,634 | INFO  | DNAudit | user=null | ip=null | op=WRITE_CHUNK {blockData=conID: 3 locID: 102664013387530911 bcsId: 4962} | ret=SUCCESS |  
2019-08-23 02:48:44,635 | INFO  | DNAudit | user=null | ip=null | op=WRITE_CHUNK {blockData=conID: 3 locID: 102664013387530911 bcsId: 4962} | ret=SUCCESS |  
2019-08-23 02:48:44,635 | INFO  | DNAudit | user=null | ip=null | op=PUT_BLOCK {blockData=[blockId=conID: 3 locID: 102664013387530911 bcsId: 0,size=4194304]} | ret=SUCCESS |  
2019-08-23 02:48:44,635 [grpc-default-executor-6] INFO  client.GrpcClientProtocolClient (GrpcClientProtocolClient.java:onNext(255)) - client-B268B4322F32->17750241-545b-4219-93a1-14a6ea3d85be: receive RaftClientReply:client-B268B4322F32->17750241-545b-4219-93a1-14a6ea3d85be@group-C33FBD9556F2, cid=3281, SUCCESS, logIndex=4965, commits[17750241-545b-4219-93a1-14a6ea3d85be:c4966, 4eaaa090-573e-41d3-9f8c-c99e236d806a:c4964, 5f4cf9ee-4bed-49de-adaa-861aec894328:c4962]
2019-08-23 02:48:44,636 [grpc-default-executor-6] INFO  client.GrpcClientProtocolClient (GrpcClientProtocolClient.java:onNext(255)) - client-B268B4322F32->17750241-545b-4219-93a1-14a6ea3d85be: receive RaftClientReply:client-B268B4322F32->17750241-545b-4219-93a1-14a6ea3d85be@group-C33FBD9556F2, cid=3282, SUCCESS, logIndex=4966, commits[17750241-545b-4219-93a1-14a6ea3d85be:c4966, 4eaaa090-573e-41d3-9f8c-c99e236d806a:c4964, 5f4cf9ee-4bed-49de-adaa-861aec894328:c4964]
2019-08-23 02:48:44,638 | INFO  | DNAudit | user=null | ip=null | op=WRITE_CHUNK {blockData=conID: 3 locID: 102664013387530911 bcsId: 4962} | ret=SUCCESS |  
2019-08-23 02:48:44,638 | INFO  | DNAudit | user=null | ip=null | op=PUT_BLOCK {blockData=[blockId=conID: 3 locID: 102664013387530911 bcsId: 0,size=4194304]} | ret=SUCCESS |  
2019-08-23 02:48:44,638 | INFO  | DNAudit | user=null | ip=null | op=WRITE_CHUNK {blockData=conID: 3 locID: 102664013387530911 bcsId: 4962} | ret=SUCCESS |  
2019-08-23 02:48:44,638 [grpc-default-executor-6] INFO  client.GrpcClientProtocolClient (GrpcClientProtocolClient.java:onNext(255)) - client-B268B4322F32->17750241-545b-4219-93a1-14a6ea3d85be: receive RaftClientReply:client-B268B4322F32->17750241-545b-4219-93a1-14a6ea3d85be@group-C33FBD9556F2, cid=3283, SUCCESS, logIndex=0, commits[17750241-545b-4219-93a1-14a6ea3d85be:c4967, 4eaaa090-573e-41d3-9f8c-c99e236d806a:c4966, 5f4cf9ee-4bed-49de-adaa-861aec894328:c4966]
2019-08-23 02:48:44,639 | INFO  | DNAudit | user=null | ip=null | op=PUT_BLOCK {blockData=[blockId=conID: 3 locID: 102664013387530911 bcsId: 0,size=4194304]} | ret=SUCCESS |  
2019-08-23 02:48:44,640 | INFO  | SCMAudit | user=jenkins1000 | ip=192.168.34.22 | op=ALLOCATE_BLOCK {owner=31d65bc3-3f70-45f5-bbc5-e3a15f967ba6, size=4194304, type=RATIS, factor=THREE} | ret=SUCCESS |  
2019-08-23 02:48:44,644 | INFO  | OMAudit | user=jenkins1000 | ip=127.0.0.1 | op=ALLOCATE_BLOCK {volume=vol-0-78052, bucket=bucket-0-33874, key=key-0-20719, dataSize=2147483657, replicationType=RATIS, replicationFactor=THREE, keyLocationInfo=[], clientID=102664010308846034} | ret=SUCCESS |  
2019-08-23 02:48:44,656 | INFO  | DNAudit | user=null | ip=null | op=WRITE_CHUNK {blockData=conID: 1 locID: 102664013390807712 bcsId: 0} | ret=SUCCESS |  
2019-08-23 02:48:44,658 | INFO  | DNAudit | user=null | ip=null | op=WRITE_CHUNK {blockData=conID: 1 locID: 102664013390807712 bcsId: 0} | ret=SUCCESS |  
2019-08-23 02:48:44,659 | INFO  | DNAudit | user=null | ip=null | op=WRITE_CHUNK {blockData=conID: 1 locID: 102664013390807712 bcsId: 0} | ret=SUCCESS |  
2019-08-23 02:48:44,659 | INFO  | DNAudit | user=null | ip=null | op=WRITE_CHUNK {blockData=conID: 1 locID: 102664013390807712 bcsId: 0} | ret=SUCCESS |  
2019-08-23 02:48:44,660 | INFO  | DNAudit | user=null | ip=null | op=WRITE_CHUNK {blockData=conID: 1 locID: 102664013390807712 bcsId: 0} | ret=SUCCESS |  
2019-08-23 02:48:44,660 | INFO  | DNAudit | user=null | ip=null | op=WRITE_CHUNK {blockData=conID: 1 locID: 102664013390807712 bcsId: 0} | ret=SUCCESS |  
2019-08-23 02:48:44,664 | INFO  | DNAudit | user=null | ip=null | op=WRITE_CHUNK {blockData=conID: 1 locID: 102664013390807712 bcsId: 0} | ret=SUCCESS |  
2019-08-23 02:48:44,665 | INFO  | DNAudit | user=null | ip=null | op=PUT_BLOCK {blockData=[blockId=conID: 1 locID: 102664013390807712 bcsId: 0,size=1048576]} | ret=SUCCESS |  
2019-08-23 02:48:44,665 [grpc-default-executor-1] INFO  client.GrpcClientProtocolClient (GrpcClientProtocolClient.java:onNext(255)) - client-B268B4322F32->17750241-545b-4219-93a1-14a6ea3d85be: receive RaftClientReply:client-B268B4322F32->17750241-545b-4219-93a1-14a6ea3d85be@group-C33FBD9556F2, cid=3284, SUCCESS, logIndex=4969, commits[17750241-545b-4219-93a1-14a6ea3d85be:c4969, 4eaaa090-573e-41d3-9f8c-c99e236d806a:c4968, 5f4cf9ee-4bed-49de-adaa-861aec894328:c4968]
2019-08-23 02:48:44,666 | INFO  | DNAudit | user=null | ip=null | op=WRITE_CHUNK {blockData=conID: 1 locID: 102664013390807712 bcsId: 0} | ret=SUCCESS |  
2019-08-23 02:48:44,666 | INFO  | DNAudit | user=null | ip=null | op=PUT_BLOCK {blockData=[blockId=conID: 1 locID: 102664013390807712 bcsId: 0,size=2097152]} | ret=SUCCESS |  
2019-08-23 02:48:44,666 [grpc-default-executor-1] INFO  client.GrpcClientProtocolClient (GrpcClientProtocolClient.java:onNext(255)) - client-B268B4322F32->17750241-545b-4219-93a1-14a6ea3d85be: receive RaftClientReply:client-B268B4322F32->17750241-545b-4219-93a1-14a6ea3d85be@group-C33FBD9556F2, cid=3285, SUCCESS, logIndex=4970, commits[17750241-545b-4219-93a1-14a6ea3d85be:c4972, 4eaaa090-573e-41d3-9f8c-c99e236d806a:c4968, 5f4cf9ee-4bed-49de-adaa-861aec894328:c4968]
2019-08-23 02:48:44,666 [grpc-default-executor-1] INFO  client.GrpcClientProtocolClient (GrpcClientProtocolClient.java:onNext(255)) - client-B268B4322F32->17750241-545b-4219-93a1-14a6ea3d85be: receive RaftClientReply:client-B268B4322F32->17750241-545b-4219-93a1-14a6ea3d85be@group-C33FBD9556F2, cid=3286, SUCCESS, logIndex=4971, commits[17750241-545b-4219-93a1-14a6ea3d85be:c4972, 4eaaa090-573e-41d3-9f8c-c99e236d806a:c4968, 5f4cf9ee-4bed-49de-adaa-861aec894328:c4968]
2019-08-23 02:48:44,667 | INFO  | DNAudit | user=null | ip=null | op=WRITE_CHUNK {blockData=conID: 1 locID: 102664013390807712 bcsId: 0} | ret=SUCCESS |  
2019-08-23 02:48:44,667 | INFO  | DNAudit | user=null | ip=null | op=WRITE_CHUNK {blockData=conID: 1 locID: 102664013390807712 bcsId: 0} | ret=SUCCESS |  
2019-08-23 02:48:44,667 | INFO  | DNAudit | user=null | ip=null | op=PUT_BLOCK {blockData=[blockId=conID: 1 locID: 102664013390807712 bcsId: 0,size=1048576]} | ret=SUCCESS |  
2019-08-23 02:48:44,667 [grpc-default-executor-1] INFO  client.GrpcClientProtocolClient (GrpcClientProtocolClient.java:onNext(255)) - client-B268B4322F32->17750241-545b-4219-93a1-14a6ea3d85be: receive RaftClientReply:client-B268B4322F32->17750241-545b-4219-93a1-14a6ea3d85be@group-C33FBD9556F2, cid=3287, SUCCESS, logIndex=4972, commits[17750241-545b-4219-93a1-14a6ea3d85be:c4972, 4eaaa090-573e-41d3-9f8c-c99e236d806a:c4968, 5f4cf9ee-4bed-49de-adaa-861aec894328:c4968]
2019-08-23 02:48:44,667 | INFO  | DNAudit | user=null | ip=null | op=PUT_BLOCK {blockData=[blockId=conID: 1 locID: 102664013390807712 bcsId: 0,size=1048576]} | ret=SUCCESS |  
2019-08-23 02:48:44,668 [grpc-default-executor-1] INFO  client.GrpcClientProtocolClient (GrpcClientProtocolClient.java:onNext(255)) - client-B268B4322F32->17750241-545b-4219-93a1-14a6ea3d85be: receive RaftClientReply:client-B268B4322F32->17750241-545b-4219-93a1-14a6ea3d85be@group-C33FBD9556F2, cid=3288, SUCCESS, logIndex=0, commits[17750241-545b-4219-93a1-14a6ea3d85be:c4973, 4eaaa090-573e-41d3-9f8c-c99e236d806a:c4970, 5f4cf9ee-4bed-49de-adaa-861aec894328:c4970]
2019-08-23 02:48:44,669 | INFO  | DNAudit | user=null | ip=null | op=WRITE_CHUNK {blockData=conID: 1 locID: 102664013390807712 bcsId: 0} | ret=SUCCESS |  
2019-08-23 02:48:44,670 | INFO  | DNAudit | user=null | ip=null | op=WRITE_CHUNK {blockData=conID: 1 locID: 102664013390807712 bcsId: 0} | ret=SUCCESS |  
2019-08-23 02:48:44,670 | INFO  | DNAudit | user=null | ip=null | op=PUT_BLOCK {blockData=[blockId=conID: 1 locID: 102664013390807712 bcsId: 0,size=2097152]} | ret=SUCCESS |  
2019-08-23 02:48:44,670 | INFO  | DNAudit | user=null | ip=null | op=PUT_BLOCK {blockData=[blockId=conID: 1 locID: 102664013390807712 bcsId: 0,size=2097152]} | ret=SUCCESS |  
2019-08-23 02:48:44,674 | INFO  | DNAudit | user=null | ip=null | op=WRITE_CHUNK {blockData=conID: 1 locID: 102664013390807712 bcsId: 4972} | ret=SUCCESS |  
2019-08-23 02:48:44,675 | INFO  | DNAudit | user=null | ip=null | op=WRITE_CHUNK {blockData=conID: 1 locID: 102664013390807712 bcsId: 4972} | ret=SUCCESS |  
2019-08-23 02:48:44,676 | INFO  | DNAudit | user=null | ip=null | op=WRITE_CHUNK {blockData=conID: 1 locID: 102664013390807712 bcsId: 4972} | ret=SUCCESS |  
2019-08-23 02:48:44,680 | INFO  | DNAudit | user=null | ip=null | op=WRITE_CHUNK {blockData=conID: 1 locID: 102664013390807712 bcsId: 4972} | ret=SUCCESS |  
2019-08-23 02:48:44,680 | INFO  | DNAudit | user=null | ip=null | op=PUT_BLOCK {blockData=[blockId=conID: 1 locID: 102664013390807712 bcsId: 0,size=3145728]} | ret=SUCCESS |  
2019-08-23 02:48:44,680 [grpc-default-executor-1] INFO  client.GrpcClientProtocolClient (GrpcClientProtocolClient.java:onNext(255)) - client-B268B4322F32->17750241-545b-4219-93a1-14a6ea3d85be: receive RaftClientReply:client-B268B4322F32->17750241-545b-4219-93a1-14a6ea3d85be@group-C33FBD9556F2, cid=3289, SUCCESS, logIndex=4977, commits[17750241-545b-4219-93a1-14a6ea3d85be:c4978, 4eaaa090-573e-41d3-9f8c-c99e236d806a:c4972, 5f4cf9ee-4bed-49de-adaa-861aec894328:c4976]
2019-08-23 02:48:44,680 [grpc-default-executor-1] INFO  client.GrpcClientProtocolClient (GrpcClientProtocolClient.java:onNext(255)) - client-B268B4322F32->17750241-545b-4219-93a1-14a6ea3d85be: receive RaftClientReply:client-B268B4322F32->17750241-545b-4219-93a1-14a6ea3d85be@group-C33FBD9556F2, cid=3290, SUCCESS, logIndex=4978, commits[17750241-545b-4219-93a1-14a6ea3d85be:c4978, 4eaaa090-573e-41d3-9f8c-c99e236d806a:c4976, 5f4cf9ee-4bed-49de-adaa-861aec894328:c4976]
2019-08-23 02:48:44,683 | INFO  | DNAudit | user=null | ip=null | op=WRITE_CHUNK {blockData=conID: 1 locID: 102664013390807712 bcsId: 4972} | ret=SUCCESS |  
2019-08-23 02:48:44,683 | INFO  | DNAudit | user=null | ip=null | op=WRITE_CHUNK {blockData=conID: 1 locID: 102664013390807712 bcsId: 4972} | ret=SUCCESS |  
2019-08-23 02:48:44,683 | INFO  | DNAudit | user=null | ip=null | op=PUT_BLOCK {blockData=[blockId=conID: 1 locID: 102664013390807712 bcsId: 0,size=3145728]} | ret=SUCCESS |  
2019-08-23 02:48:44,683 | INFO  | DNAudit | user=null | ip=null | op=PUT_BLOCK {blockData=[blockId=conID: 1 locID: 102664013390807712 bcsId: 0,size=3145728]} | ret=SUCCESS |  
2019-08-23 02:48:44,686 | INFO  | DNAudit | user=null | ip=null | op=WRITE_CHUNK {blockData=conID: 1 locID: 102664013390807712 bcsId: 4978} | ret=SUCCESS |  
2019-08-23 02:48:44,688 | INFO  | DNAudit | user=null | ip=null | op=WRITE_CHUNK {blockData=conID: 1 locID: 102664013390807712 bcsId: 4978} | ret=SUCCESS |  
2019-08-23 02:48:44,689 | INFO  | DNAudit | user=null | ip=null | op=WRITE_CHUNK {blockData=conID: 1 locID: 102664013390807712 bcsId: 4978} | ret=SUCCESS |  
2019-08-23 02:48:44,696 | INFO  | DNAudit | user=null | ip=null | op=WRITE_CHUNK {blockData=conID: 1 locID: 102664013390807712 bcsId: 4978} | ret=SUCCESS |  
2019-08-23 02:48:44,696 | INFO  | DNAudit | user=null | ip=null | op=PUT_BLOCK {blockData=[blockId=conID: 1 locID: 102664013390807712 bcsId: 0,size=4194304]} | ret=SUCCESS |  
2019-08-23 02:48:44,696 [grpc-default-executor-2] INFO  client.GrpcClientProtocolClient (GrpcClientProtocolClient.java:onNext(255)) - client-B268B4322F32->17750241-545b-4219-93a1-14a6ea3d85be: receive RaftClientReply:client-B268B4322F32->17750241-545b-4219-93a1-14a6ea3d85be@group-C33FBD9556F2, cid=3291, SUCCESS, logIndex=4981, commits[17750241-545b-4219-93a1-14a6ea3d85be:c4982, 4eaaa090-573e-41d3-9f8c-c99e236d806a:c4979, 5f4cf9ee-4bed-49de-adaa-861aec894328:c4979]
2019-08-23 02:48:44,697 [grpc-default-executor-2] INFO  client.GrpcClientProtocolClient (GrpcClientProtocolClient.java:onNext(255)) - client-B268B4322F32->17750241-545b-4219-93a1-14a6ea3d85be: receive RaftClientReply:client-B268B4322F32->17750241-545b-4219-93a1-14a6ea3d85be@group-C33FBD9556F2, cid=3292, SUCCESS, logIndex=4982, commits[17750241-545b-4219-93a1-14a6ea3d85be:c4982, 4eaaa090-573e-41d3-9f8c-c99e236d806a:c4979, 5f4cf9ee-4bed-49de-adaa-861aec894328:c4979]
2019-08-23 02:48:44,707 | INFO  | DNAudit | user=null | ip=null | op=WRITE_CHUNK {blockData=conID: 1 locID: 102664013390807712 bcsId: 4978} | ret=SUCCESS |  
2019-08-23 02:48:44,707 | INFO  | DNAudit | user=null | ip=null | op=WRITE_CHUNK {blockData=conID: 1 locID: 102664013390807712 bcsId: 4978} | ret=SUCCESS |  
2019-08-23 02:48:44,708 | INFO  | DNAudit | user=null | ip=null | op=PUT_BLOCK {blockData=[blockId=conID: 1 locID: 102664013390807712 bcsId: 0,size=4194304]} | ret=SUCCESS |  
2019-08-23 02:48:44,708 | INFO  | DNAudit | user=null | ip=null | op=PUT_BLOCK {blockData=[blockId=conID: 1 locID: 102664013390807712 bcsId: 0,size=4194304]} | ret=SUCCESS |  
2019-08-23 02:48:44,709 [grpc-default-executor-2] INFO  client.GrpcClientProtocolClient (GrpcClientProtocolClient.java:onNext(255)) - client-B268B4322F32->17750241-545b-4219-93a1-14a6ea3d85be: receive RaftClientReply:client-B268B4322F32->17750241-545b-4219-93a1-14a6ea3d85be@group-C33FBD9556F2, cid=3293, SUCCESS, logIndex=0, commits[17750241-545b-4219-93a1-14a6ea3d85be:c4984, 4eaaa090-573e-41d3-9f8c-c99e236d806a:c4982, 5f4cf9ee-4bed-49de-adaa-861aec894328:c4982]
2019-08-23 02:48:44,710 | INFO  | SCMAudit | user=jenkins1000 | ip=192.168.34.22 | op=ALLOCATE_BLOCK {owner=31d65bc3-3f70-45f5-bbc5-e3a15f967ba6, size=4194304, type=RATIS, factor=THREE} | ret=SUCCESS |  
2019-08-23 02:48:44,717 | INFO  | OMAudit | user=jenkins1000 | ip=127.0.0.1 | op=ALLOCATE_BLOCK {volume=vol-0-78052, bucket=bucket-0-33874, key=key-0-20719, dataSize=2147483657, replicationType=RATIS, replicationFactor=THREE, keyLocationInfo=[], clientID=102664010308846034} | ret=SUCCESS |  
2019-08-23 02:48:44,727 | INFO  | DNAudit | user=null | ip=null | op=WRITE_CHUNK {blockData=conID: 2 locID: 102664013395395233 bcsId: 0} | ret=SUCCESS |  
2019-08-23 02:48:44,729 | INFO  | DNAudit | user=null | ip=null | op=WRITE_CHUNK {blockData=conID: 2 locID: 102664013395395233 bcsId: 0} | ret=SUCCESS |  
2019-08-23 02:48:44,730 | INFO  | DNAudit | user=null | ip=null | op=WRITE_CHUNK {blockData=conID: 2 locID: 102664013395395233 bcsId: 0} | ret=SUCCESS |  
2019-08-23 02:48:44,730 | INFO  | DNAudit | user=null | ip=null | op=WRITE_CHUNK {blockData=conID: 2 locID: 102664013395395233 bcsId: 0} | ret=SUCCESS |  
2019-08-23 02:48:44,731 | INFO  | DNAudit | user=null | ip=null | op=WRITE_CHUNK {blockData=conID: 2 locID: 102664013395395233 bcsId: 0} | ret=SUCCESS |  
2019-08-23 02:48:44,732 | INFO  | DNAudit | user=null | ip=null | op=WRITE_CHUNK {blockData=conID: 2 locID: 102664013395395233 bcsId: 0} | ret=SUCCESS |  
2019-08-23 02:48:44,739 | INFO  | DNAudit | user=null | ip=null | op=WRITE_CHUNK {blockData=conID: 2 locID: 102664013395395233 bcsId: 0} | ret=SUCCESS |  
2019-08-23 02:48:44,740 | INFO  | DNAudit | user=null | ip=null | op=PUT_BLOCK {blockData=[blockId=conID: 2 locID: 102664013395395233 bcsId: 0,size=1048576]} | ret=SUCCESS |  
2019-08-23 02:48:44,740 [grpc-default-executor-1] INFO  client.GrpcClientProtocolClient (GrpcClientProtocolClient.java:onNext(255)) - client-B268B4322F32->17750241-545b-4219-93a1-14a6ea3d85be: receive RaftClientReply:client-B268B4322F32->17750241-545b-4219-93a1-14a6ea3d85be@group-C33FBD9556F2, cid=3294, SUCCESS, logIndex=4985, commits[17750241-545b-4219-93a1-14a6ea3d85be:c4988, 4eaaa090-573e-41d3-9f8c-c99e236d806a:c4984, 5f4cf9ee-4bed-49de-adaa-861aec894328:c4984]
2019-08-23 02:48:44,740 | INFO  | DNAudit | user=null | ip=null | op=WRITE_CHUNK {blockData=conID: 2 locID: 102664013395395233 bcsId: 0} | ret=SUCCESS |  
2019-08-23 02:48:44,740 | INFO  | DNAudit | user=null | ip=null | op=WRITE_CHUNK {blockData=conID: 2 locID: 102664013395395233 bcsId: 0} | ret=SUCCESS |  
2019-08-23 02:48:44,741 | INFO  | DNAudit | user=null | ip=null | op=PUT_BLOCK {blockData=[blockId=conID: 2 locID: 102664013395395233 bcsId: 0,size=2097152]} | ret=SUCCESS |  
2019-08-23 02:48:44,741 [grpc-default-executor-1] INFO  client.GrpcClientProtocolClient (GrpcClientProtocolClient.java:onNext(255)) - client-B268B4322F32->17750241-545b-4219-93a1-14a6ea3d85be: receive RaftClientReply:client-B268B4322F32->17750241-545b-4219-93a1-14a6ea3d85be@group-C33FBD9556F2, cid=3295, SUCCESS, logIndex=4986, commits[17750241-545b-4219-93a1-14a6ea3d85be:c4988, 4eaaa090-573e-41d3-9f8c-c99e236d806a:c4984, 5f4cf9ee-4bed-49de-adaa-861aec894328:c4984]
2019-08-23 02:48:44,741 [grpc-default-executor-1] INFO  client.GrpcClientProtocolClient (GrpcClientProtocolClient.java:onNext(255)) - client-B268B4322F32->17750241-545b-4219-93a1-14a6ea3d85be: receive RaftClientReply:client-B268B4322F32->17750241-545b-4219-93a1-14a6ea3d85be@group-C33FBD9556F2, cid=3296, SUCCESS, logIndex=4987, commits[17750241-545b-4219-93a1-14a6ea3d85be:c4988, 4eaaa090-573e-41d3-9f8c-c99e236d806a:c4984, 5f4cf9ee-4bed-49de-adaa-861aec894328:c4984]
2019-08-23 02:48:44,741 [grpc-default-executor-1] INFO  client.GrpcClientProtocolClient (GrpcClientProtocolClient.java:onNext(255)) - client-B268B4322F32->17750241-545b-4219-93a1-14a6ea3d85be: receive RaftClientReply:client-B268B4322F32->17750241-545b-4219-93a1-14a6ea3d85be@group-C33FBD9556F2, cid=3297, SUCCESS, logIndex=4988, commits[17750241-545b-4219-93a1-14a6ea3d85be:c4989, 4eaaa090-573e-41d3-9f8c-c99e236d806a:c4985, 5f4cf9ee-4bed-49de-adaa-861aec894328:c4984]
2019-08-23 02:48:44,743 | INFO  | DNAudit | user=null | ip=null | op=WRITE_CHUNK {blockData=conID: 2 locID: 102664013395395233 bcsId: 0} | ret=SUCCESS |  
2019-08-23 02:48:44,743 | INFO  | DNAudit | user=null | ip=null | op=PUT_BLOCK {blockData=[blockId=conID: 2 locID: 102664013395395233 bcsId: 0,size=1048576]} | ret=SUCCESS |  
2019-08-23 02:48:44,743 | INFO  | DNAudit | user=null | ip=null | op=WRITE_CHUNK {blockData=conID: 2 locID: 102664013395395233 bcsId: 0} | ret=SUCCESS |  
2019-08-23 02:48:44,753 | INFO  | DNAudit | user=null | ip=null | op=PUT_BLOCK {blockData=[blockId=conID: 2 locID: 102664013395395233 bcsId: 0,size=1048576]} | ret=SUCCESS |  
2019-08-23 02:48:44,753 | INFO  | DNAudit | user=null | ip=null | op=WRITE_CHUNK {blockData=conID: 2 locID: 102664013395395233 bcsId: 0} | ret=SUCCESS |  
2019-08-23 02:48:44,753 | INFO  | DNAudit | user=null | ip=null | op=PUT_BLOCK {blockData=[blockId=conID: 2 locID: 102664013395395233 bcsId: 0,size=2097152]} | ret=SUCCESS |  
2019-08-23 02:48:44,754 | INFO  | DNAudit | user=null | ip=null | op=PUT_BLOCK {blockData=[blockId=conID: 2 locID: 102664013395395233 bcsId: 0,size=2097152]} | ret=SUCCESS |  
2019-08-23 02:48:44,754 [grpc-default-executor-1] INFO  client.GrpcClientProtocolClient (GrpcClientProtocolClient.java:onNext(255)) - client-B268B4322F32->17750241-545b-4219-93a1-14a6ea3d85be: receive RaftClientReply:client-B268B4322F32->17750241-545b-4219-93a1-14a6ea3d85be@group-C33FBD9556F2, cid=3298, SUCCESS, logIndex=0, commits[17750241-545b-4219-93a1-14a6ea3d85be:c4991, 4eaaa090-573e-41d3-9f8c-c99e236d806a:c4986, 5f4cf9ee-4bed-49de-adaa-861aec894328:c4987]
2019-08-23 02:48:44,759 | INFO  | DNAudit | user=null | ip=null | op=WRITE_CHUNK {blockData=conID: 2 locID: 102664013395395233 bcsId: 4988} | ret=SUCCESS |  
2019-08-23 02:48:44,761 | INFO  | DNAudit | user=null | ip=null | op=WRITE_CHUNK {blockData=conID: 2 locID: 102664013395395233 bcsId: 4988} | ret=SUCCESS |  
2019-08-23 02:48:44,761 | INFO  | DNAudit | user=null | ip=null | op=WRITE_CHUNK {blockData=conID: 2 locID: 102664013395395233 bcsId: 4988} | ret=SUCCESS |  
2019-08-23 02:48:44,771 | INFO  | DNAudit | user=null | ip=null | op=WRITE_CHUNK {blockData=conID: 2 locID: 102664013395395233 bcsId: 4988} | ret=SUCCESS |  
2019-08-23 02:48:44,772 | INFO  | DNAudit | user=null | ip=null | op=PUT_BLOCK {blockData=[blockId=conID: 2 locID: 102664013395395233 bcsId: 0,size=3145728]} | ret=SUCCESS |  
2019-08-23 02:48:44,772 [grpc-default-executor-6] INFO  client.GrpcClientProtocolClient (GrpcClientProtocolClient.java:onNext(255)) - client-B268B4322F32->17750241-545b-4219-93a1-14a6ea3d85be: receive RaftClientReply:client-B268B4322F32->17750241-545b-4219-93a1-14a6ea3d85be@group-C33FBD9556F2, cid=3299, SUCCESS, logIndex=4993, commits[17750241-545b-4219-93a1-14a6ea3d85be:c4994, 4eaaa090-573e-41d3-9f8c-c99e236d806a:c4992, 5f4cf9ee-4bed-49de-adaa-861aec894328:c4992]
2019-08-23 02:48:44,772 [grpc-default-executor-6] INFO  client.GrpcClientProtocolClient (GrpcClientProtocolClient.java:onNext(255)) - client-B268B4322F32->17750241-545b-4219-93a1-14a6ea3d85be: receive RaftClientReply:client-B268B4322F32->17750241-545b-4219-93a1-14a6ea3d85be@group-C33FBD9556F2, cid=3300, SUCCESS, logIndex=4994, commits[17750241-545b-4219-93a1-14a6ea3d85be:c4994, 4eaaa090-573e-41d3-9f8c-c99e236d806a:c4992, 5f4cf9ee-4bed-49de-adaa-861aec894328:c4992]
2019-08-23 02:48:44,778 | INFO  | DNAudit | user=null | ip=null | op=WRITE_CHUNK {blockData=conID: 2 locID: 102664013395395233 bcsId: 4994} | ret=SUCCESS |  
2019-08-23 02:48:44,780 | INFO  | DNAudit | user=null | ip=null | op=WRITE_CHUNK {blockData=conID: 2 locID: 102664013395395233 bcsId: 4994} | ret=SUCCESS |  
2019-08-23 02:48:44,781 | INFO  | DNAudit | user=null | ip=null | op=WRITE_CHUNK {blockData=conID: 2 locID: 102664013395395233 bcsId: 4994} | ret=SUCCESS |  
2019-08-23 02:48:44,783 | INFO  | DNAudit | user=null | ip=null | op=WRITE_CHUNK {blockData=conID: 2 locID: 102664013395395233 bcsId: 4988} | ret=SUCCESS |  
2019-08-23 02:48:44,783 | INFO  | DNAudit | user=null | ip=null | op=WRITE_CHUNK {blockData=conID: 2 locID: 102664013395395233 bcsId: 4988} | ret=SUCCESS |  
2019-08-23 02:48:44,925 | INFO  | DNAudit | user=null | ip=null | op=PUT_BLOCK {blockData=[blockId=conID: 2 locID: 102664013395395233 bcsId: 0,size=3145728]} | ret=SUCCESS |  
2019-08-23 02:48:44,925 | INFO  | DNAudit | user=null | ip=null | op=PUT_BLOCK {blockData=[blockId=conID: 2 locID: 102664013395395233 bcsId: 0,size=3145728]} | ret=SUCCESS |  
2019-08-23 02:48:44,926 | INFO  | DNAudit | user=null | ip=null | op=WRITE_CHUNK {blockData=conID: 2 locID: 102664013395395233 bcsId: 4994} | ret=SUCCESS |  
2019-08-23 02:48:44,927 | INFO  | DNAudit | user=null | ip=null | op=PUT_BLOCK {blockData=[blockId=conID: 2 locID: 102664013395395233 bcsId: 0,size=4194304]} | ret=SUCCESS |  
2019-08-23 02:48:44,927 [grpc-default-executor-6] INFO  client.GrpcClientProtocolClient (GrpcClientProtocolClient.java:onNext(255)) - client-B268B4322F32->17750241-545b-4219-93a1-14a6ea3d85be: receive RaftClientReply:client-B268B4322F32->17750241-545b-4219-93a1-14a6ea3d85be@group-C33FBD9556F2, cid=3301, SUCCESS, logIndex=4997, commits[17750241-545b-4219-93a1-14a6ea3d85be:c4998, 4eaaa090-573e-41d3-9f8c-c99e236d806a:c4994, 5f4cf9ee-4bed-49de-adaa-861aec894328:c4994]
2019-08-23 02:48:44,927 [grpc-default-executor-6] INFO  client.GrpcClientProtocolClient (GrpcClientProtocolClient.java:onNext(255)) - client-B268B4322F32->17750241-545b-4219-93a1-14a6ea3d85be: receive RaftClientReply:client-B268B4322F32->17750241-545b-4219-93a1-14a6ea3d85be@group-C33FBD9556F2, cid=3302, SUCCESS, logIndex=4998, commits[17750241-545b-4219-93a1-14a6ea3d85be:c4998, 4eaaa090-573e-41d3-9f8c-c99e236d806a:c4994, 5f4cf9ee-4bed-49de-adaa-861aec894328:c4994]
2019-08-23 02:48:44,937 | INFO  | DNAudit | user=null | ip=null | op=WRITE_CHUNK {blockData=conID: 2 locID: 102664013395395233 bcsId: 4994} | ret=SUCCESS |  
2019-08-23 02:48:44,938 | INFO  | DNAudit | user=null | ip=null | op=PUT_BLOCK {blockData=[blockId=conID: 2 locID: 102664013395395233 bcsId: 0,size=4194304]} | ret=SUCCESS |  
2019-08-23 02:48:44,939 | INFO  | DNAudit | user=null | ip=null | op=WRITE_CHUNK {blockData=conID: 2 locID: 102664013395395233 bcsId: 4994} | ret=SUCCESS |  
2019-08-23 02:48:44,939 | INFO  | DNAudit | user=null | ip=null | op=PUT_BLOCK {blockData=[blockId=conID: 2 locID: 102664013395395233 bcsId: 0,size=4194304]} | ret=SUCCESS |  
2019-08-23 02:48:44,940 [grpc-default-executor-6] INFO  client.GrpcClientProtocolClient (GrpcClientProtocolClient.java:onNext(255)) - client-B268B4322F32->17750241-545b-4219-93a1-14a6ea3d85be: receive RaftClientReply:client-B268B4322F32->17750241-545b-4219-93a1-14a6ea3d85be@group-C33FBD9556F2, cid=3303, SUCCESS, logIndex=0, commits[17750241-545b-4219-93a1-14a6ea3d85be:c4999, 4eaaa090-573e-41d3-9f8c-c99e236d806a:c4998, 5f4cf9ee-4bed-49de-adaa-861aec894328:c4998]
2019-08-23 02:48:44,942 | INFO  | SCMAudit | user=jenkins1000 | ip=192.168.34.22 | op=ALLOCATE_BLOCK {owner=31d65bc3-3f70-45f5-bbc5-e3a15f967ba6, size=4194304, type=RATIS, factor=THREE} | ret=SUCCESS |  
2019-08-23 02:48:44,949 | INFO  | OMAudit | user=jenkins1000 | ip=127.0.0.1 | op=ALLOCATE_BLOCK {volume=vol-0-78052, bucket=bucket-0-33874, key=key-0-20719, dataSize=2147483657, replicationType=RATIS, replicationFactor=THREE, keyLocationInfo=[], clientID=102664010308846034} | ret=SUCCESS |  
2019-08-23 02:48:44,961 | INFO  | DNAudit | user=null | ip=null | op=WRITE_CHUNK {blockData=conID: 3 locID: 102664013410599586 bcsId: 0} | ret=SUCCESS |  
2019-08-23 02:48:44,963 | INFO  | DNAudit | user=null | ip=null | op=WRITE_CHUNK {blockData=conID: 3 locID: 102664013410599586 bcsId: 0} | ret=SUCCESS |  
2019-08-23 02:48:44,964 | INFO  | DNAudit | user=null | ip=null | op=WRITE_CHUNK {blockData=conID: 3 locID: 102664013410599586 bcsId: 0} | ret=SUCCESS |  
2019-08-23 02:48:44,964 | INFO  | DNAudit | user=null | ip=null | op=WRITE_CHUNK {blockData=conID: 3 locID: 102664013410599586 bcsId: 0} | ret=SUCCESS |  
2019-08-23 02:48:44,965 | INFO  | DNAudit | user=null | ip=null | op=WRITE_CHUNK {blockData=conID: 3 locID: 102664013410599586 bcsId: 0} | ret=SUCCESS |  
2019-08-23 02:48:44,966 | INFO  | DNAudit | user=null | ip=null | op=WRITE_CHUNK {blockData=conID: 3 locID: 102664013410599586 bcsId: 0} | ret=SUCCESS |  
2019-08-23 02:48:44,976 | INFO  | DNAudit | user=null | ip=null | op=WRITE_CHUNK {blockData=conID: 3 locID: 102664013410599586 bcsId: 0} | ret=SUCCESS |  
2019-08-23 02:48:44,977 | INFO  | DNAudit | user=null | ip=null | op=PUT_BLOCK {blockData=[blockId=conID: 3 locID: 102664013410599586 bcsId: 0,size=1048576]} | ret=SUCCESS |  
2019-08-23 02:48:44,978 | INFO  | DNAudit | user=null | ip=null | op=WRITE_CHUNK {blockData=conID: 3 locID: 102664013410599586 bcsId: 0} | ret=SUCCESS |  
2019-08-23 02:48:44,978 [grpc-default-executor-1] INFO  client.GrpcClientProtocolClient (GrpcClientProtocolClient.java:onNext(255)) - client-B268B4322F32->17750241-545b-4219-93a1-14a6ea3d85be: receive RaftClientReply:client-B268B4322F32->17750241-545b-4219-93a1-14a6ea3d85be@group-C33FBD9556F2, cid=3304, SUCCESS, logIndex=5000, commits[17750241-545b-4219-93a1-14a6ea3d85be:c5002, 4eaaa090-573e-41d3-9f8c-c99e236d806a:c4999, 5f4cf9ee-4bed-49de-adaa-861aec894328:c4999]
2019-08-23 02:48:44,978 | INFO  | DNAudit | user=null | ip=null | op=PUT_BLOCK {blockData=[blockId=conID: 3 locID: 102664013410599586 bcsId: 0,size=2097152]} | ret=SUCCESS |  
2019-08-23 02:48:44,978 [grpc-default-executor-1] INFO  client.GrpcClientProtocolClient (GrpcClientProtocolClient.java:onNext(255)) - client-B268B4322F32->17750241-545b-4219-93a1-14a6ea3d85be: receive RaftClientReply:client-B268B4322F32->17750241-545b-4219-93a1-14a6ea3d85be@group-C33FBD9556F2, cid=3305, SUCCESS, logIndex=5001, commits[17750241-545b-4219-93a1-14a6ea3d85be:c5003, 4eaaa090-573e-41d3-9f8c-c99e236d806a:c4999, 5f4cf9ee-4bed-49de-adaa-861aec894328:c4999]
2019-08-23 02:48:44,978 [grpc-default-executor-1] INFO  client.GrpcClientProtocolClient (GrpcClientProtocolClient.java:onNext(255)) - client-B268B4322F32->17750241-545b-4219-93a1-14a6ea3d85be: receive RaftClientReply:client-B268B4322F32->17750241-545b-4219-93a1-14a6ea3d85be@group-C33FBD9556F2, cid=3306, SUCCESS, logIndex=5002, commits[17750241-545b-4219-93a1-14a6ea3d85be:c5003, 4eaaa090-573e-41d3-9f8c-c99e236d806a:c4999, 5f4cf9ee-4bed-49de-adaa-861aec894328:c4999]
2019-08-23 02:48:44,979 [grpc-default-executor-1] INFO  client.GrpcClientProtocolClient (GrpcClientProtocolClient.java:onNext(255)) - client-B268B4322F32->17750241-545b-4219-93a1-14a6ea3d85be: receive RaftClientReply:client-B268B4322F32->17750241-545b-4219-93a1-14a6ea3d85be@group-C33FBD9556F2, cid=3307, SUCCESS, logIndex=5003, commits[17750241-545b-4219-93a1-14a6ea3d85be:c5003, 4eaaa090-573e-41d3-9f8c-c99e236d806a:c4999, 5f4cf9ee-4bed-49de-adaa-861aec894328:c4999]
2019-08-23 02:48:44,988 | INFO  | DNAudit | user=null | ip=null | op=WRITE_CHUNK {blockData=conID: 3 locID: 102664013410599586 bcsId: 0} | ret=SUCCESS |  
2019-08-23 02:48:44,988 | INFO  | DNAudit | user=null | ip=null | op=WRITE_CHUNK {blockData=conID: 3 locID: 102664013410599586 bcsId: 0} | ret=SUCCESS |  
2019-08-23 02:48:44,988 | INFO  | DNAudit | user=null | ip=null | op=PUT_BLOCK {blockData=[blockId=conID: 3 locID: 102664013410599586 bcsId: 0,size=1048576]} | ret=SUCCESS |  
2019-08-23 02:48:44,989 | INFO  | DNAudit | user=null | ip=null | op=WRITE_CHUNK {blockData=conID: 3 locID: 102664013410599586 bcsId: 0} | ret=SUCCESS |  
2019-08-23 02:48:44,989 | INFO  | DNAudit | user=null | ip=null | op=PUT_BLOCK {blockData=[blockId=conID: 3 locID: 102664013410599586 bcsId: 0,size=1048576]} | ret=SUCCESS |  
2019-08-23 02:48:44,989 | INFO  | DNAudit | user=null | ip=null | op=WRITE_CHUNK {blockData=conID: 3 locID: 102664013410599586 bcsId: 0} | ret=SUCCESS |  
2019-08-23 02:48:44,989 | INFO  | DNAudit | user=null | ip=null | op=PUT_BLOCK {blockData=[blockId=conID: 3 locID: 102664013410599586 bcsId: 0,size=2097152]} | ret=SUCCESS |  
2019-08-23 02:48:44,990 [grpc-default-executor-1] INFO  client.GrpcClientProtocolClient (GrpcClientProtocolClient.java:onNext(255)) - client-B268B4322F32->17750241-545b-4219-93a1-14a6ea3d85be: receive RaftClientReply:client-B268B4322F32->17750241-545b-4219-93a1-14a6ea3d85be@group-C33FBD9556F2, cid=3308, SUCCESS, logIndex=0, commits[17750241-545b-4219-93a1-14a6ea3d85be:c5006, 4eaaa090-573e-41d3-9f8c-c99e236d806a:c5001, 5f4cf9ee-4bed-49de-adaa-861aec894328:c5002]
2019-08-23 02:48:44,990 | INFO  | DNAudit | user=null | ip=null | op=PUT_BLOCK {blockData=[blockId=conID: 3 locID: 102664013410599586 bcsId: 0,size=2097152]} | ret=SUCCESS |  
2019-08-23 02:48:44,997 | INFO  | DNAudit | user=null | ip=null | op=WRITE_CHUNK {blockData=conID: 3 locID: 102664013410599586 bcsId: 5003} | ret=SUCCESS |  
2019-08-23 02:48:45,000 | INFO  | DNAudit | user=null | ip=null | op=WRITE_CHUNK {blockData=conID: 3 locID: 102664013410599586 bcsId: 5003} | ret=SUCCESS |  
2019-08-23 02:48:45,001 | INFO  | DNAudit | user=null | ip=null | op=WRITE_CHUNK {blockData=conID: 3 locID: 102664013410599586 bcsId: 5003} | ret=SUCCESS |  
2019-08-23 02:48:45,010 | INFO  | DNAudit | user=null | ip=null | op=WRITE_CHUNK {blockData=conID: 3 locID: 102664013410599586 bcsId: 5003} | ret=SUCCESS |  
2019-08-23 02:48:45,010 | INFO  | DNAudit | user=null | ip=null | op=PUT_BLOCK {blockData=[blockId=conID: 3 locID: 102664013410599586 bcsId: 0,size=3145728]} | ret=SUCCESS |  
2019-08-23 02:48:45,011 [grpc-default-executor-1] INFO  client.GrpcClientProtocolClient (GrpcClientProtocolClient.java:onNext(255)) - client-B268B4322F32->17750241-545b-4219-93a1-14a6ea3d85be: receive RaftClientReply:client-B268B4322F32->17750241-545b-4219-93a1-14a6ea3d85be@group-C33FBD9556F2, cid=3309, SUCCESS, logIndex=5008, commits[17750241-545b-4219-93a1-14a6ea3d85be:c5009, 4eaaa090-573e-41d3-9f8c-c99e236d806a:c5007, 5f4cf9ee-4bed-49de-adaa-861aec894328:c5007]
2019-08-23 02:48:45,011 [grpc-default-executor-1] INFO  client.GrpcClientProtocolClient (GrpcClientProtocolClient.java:onNext(255)) - client-B268B4322F32->17750241-545b-4219-93a1-14a6ea3d85be: receive RaftClientReply:client-B268B4322F32->17750241-545b-4219-93a1-14a6ea3d85be@group-C33FBD9556F2, cid=3310, SUCCESS, logIndex=5009, commits[17750241-545b-4219-93a1-14a6ea3d85be:c5009, 4eaaa090-573e-41d3-9f8c-c99e236d806a:c5007, 5f4cf9ee-4bed-49de-adaa-861aec894328:c5007]
2019-08-23 02:48:45,018 | INFO  | DNAudit | user=null | ip=null | op=WRITE_CHUNK {blockData=conID: 3 locID: 102664013410599586 bcsId: 5009} | ret=SUCCESS |  
2019-08-23 02:48:45,020 | INFO  | DNAudit | user=null | ip=null | op=WRITE_CHUNK {blockData=conID: 3 locID: 102664013410599586 bcsId: 5009} | ret=SUCCESS |  
2019-08-23 02:48:45,021 | INFO  | DNAudit | user=null | ip=null | op=WRITE_CHUNK {blockData=conID: 3 locID: 102664013410599586 bcsId: 5009} | ret=SUCCESS |  
2019-08-23 02:48:45,022 | INFO  | DNAudit | user=null | ip=null | op=WRITE_CHUNK {blockData=conID: 3 locID: 102664013410599586 bcsId: 5003} | ret=SUCCESS |  
2019-08-23 02:48:45,022 | INFO  | DNAudit | user=null | ip=null | op=WRITE_CHUNK {blockData=conID: 3 locID: 102664013410599586 bcsId: 5003} | ret=SUCCESS |  
2019-08-23 02:48:45,023 | INFO  | DNAudit | user=null | ip=null | op=PUT_BLOCK {blockData=[blockId=conID: 3 locID: 102664013410599586 bcsId: 0,size=3145728]} | ret=SUCCESS |  
2019-08-23 02:48:45,025 | INFO  | DNAudit | user=null | ip=null | op=PUT_BLOCK {blockData=[blockId=conID: 3 locID: 102664013410599586 bcsId: 0,size=3145728]} | ret=SUCCESS |  
2019-08-23 02:48:45,025 | INFO  | DNAudit | user=null | ip=null | op=WRITE_CHUNK {blockData=conID: 3 locID: 102664013410599586 bcsId: 5009} | ret=SUCCESS |  
2019-08-23 02:48:45,026 | INFO  | DNAudit | user=null | ip=null | op=PUT_BLOCK {blockData=[blockId=conID: 3 locID: 102664013410599586 bcsId: 0,size=4194304]} | ret=SUCCESS |  
2019-08-23 02:48:45,026 [grpc-default-executor-6] INFO  client.GrpcClientProtocolClient (GrpcClientProtocolClient.java:onNext(255)) - client-B268B4322F32->17750241-545b-4219-93a1-14a6ea3d85be: receive RaftClientReply:client-B268B4322F32->17750241-545b-4219-93a1-14a6ea3d85be@group-C33FBD9556F2, cid=3311, SUCCESS, logIndex=5012, commits[17750241-545b-4219-93a1-14a6ea3d85be:c5013, 4eaaa090-573e-41d3-9f8c-c99e236d806a:c5009, 5f4cf9ee-4bed-49de-adaa-861aec894328:c5009]
2019-08-23 02:48:45,026 [grpc-default-executor-6] INFO  client.GrpcClientProtocolClient (GrpcClientProtocolClient.java:onNext(255)) - client-B268B4322F32->17750241-545b-4219-93a1-14a6ea3d85be: receive RaftClientReply:client-B268B4322F32->17750241-545b-4219-93a1-14a6ea3d85be@group-C33FBD9556F2, cid=3312, SUCCESS, logIndex=5013, commits[17750241-545b-4219-93a1-14a6ea3d85be:c5013, 4eaaa090-573e-41d3-9f8c-c99e236d806a:c5009, 5f4cf9ee-4bed-49de-adaa-861aec894328:c5009]
2019-08-23 02:48:45,037 | INFO  | DNAudit | user=null | ip=null | op=WRITE_CHUNK {blockData=conID: 3 locID: 102664013410599586 bcsId: 5009} | ret=SUCCESS |  
2019-08-23 02:48:45,037 | INFO  | DNAudit | user=null | ip=null | op=WRITE_CHUNK {blockData=conID: 3 locID: 102664013410599586 bcsId: 5009} | ret=SUCCESS |  
2019-08-23 02:48:45,038 | INFO  | DNAudit | user=null | ip=null | op=PUT_BLOCK {blockData=[blockId=conID: 3 locID: 102664013410599586 bcsId: 0,size=4194304]} | ret=SUCCESS |  
2019-08-23 02:48:45,038 | INFO  | DNAudit | user=null | ip=null | op=PUT_BLOCK {blockData=[blockId=conID: 3 locID: 102664013410599586 bcsId: 0,size=4194304]} | ret=SUCCESS |  
2019-08-23 02:48:45,039 [grpc-default-executor-6] INFO  client.GrpcClientProtocolClient (GrpcClientProtocolClient.java:onNext(255)) - client-B268B4322F32->17750241-545b-4219-93a1-14a6ea3d85be: receive RaftClientReply:client-B268B4322F32->17750241-545b-4219-93a1-14a6ea3d85be@group-C33FBD9556F2, cid=3313, SUCCESS, logIndex=0, commits[17750241-545b-4219-93a1-14a6ea3d85be:c5015, 4eaaa090-573e-41d3-9f8c-c99e236d806a:c5013, 5f4cf9ee-4bed-49de-adaa-861aec894328:c5013]
2019-08-23 02:48:45,041 | INFO  | SCMAudit | user=jenkins1000 | ip=192.168.34.22 | op=ALLOCATE_BLOCK {owner=31d65bc3-3f70-45f5-bbc5-e3a15f967ba6, size=4194304, type=RATIS, factor=THREE} | ret=SUCCESS |  
2019-08-23 02:48:45,046 | INFO  | OMAudit | user=jenkins1000 | ip=127.0.0.1 | op=ALLOCATE_BLOCK {volume=vol-0-78052, bucket=bucket-0-33874, key=key-0-20719, dataSize=2147483657, replicationType=RATIS, replicationFactor=THREE, keyLocationInfo=[], clientID=102664010308846034} | ret=SUCCESS |  
2019-08-23 02:48:45,057 | INFO  | DNAudit | user=null | ip=null | op=WRITE_CHUNK {blockData=conID: 1 locID: 102664013417087651 bcsId: 0} | ret=SUCCESS |  
2019-08-23 02:48:45,060 | INFO  | DNAudit | user=null | ip=null | op=WRITE_CHUNK {blockData=conID: 1 locID: 102664013417087651 bcsId: 0} | ret=SUCCESS |  
2019-08-23 02:48:45,061 | INFO  | DNAudit | user=null | ip=null | op=WRITE_CHUNK {blockData=conID: 1 locID: 102664013417087651 bcsId: 0} | ret=SUCCESS |  
2019-08-23 02:48:45,061 | INFO  | DNAudit | user=null | ip=null | op=WRITE_CHUNK {blockData=conID: 1 locID: 102664013417087651 bcsId: 0} | ret=SUCCESS |  
2019-08-23 02:48:45,062 | INFO  | DNAudit | user=null | ip=null | op=WRITE_CHUNK {blockData=conID: 1 locID: 102664013417087651 bcsId: 0} | ret=SUCCESS |  
2019-08-23 02:48:45,063 | INFO  | DNAudit | user=null | ip=null | op=WRITE_CHUNK {blockData=conID: 1 locID: 102664013417087651 bcsId: 0} | ret=SUCCESS |  
2019-08-23 02:48:45,070 | INFO  | DNAudit | user=null | ip=null | op=WRITE_CHUNK {blockData=conID: 1 locID: 102664013417087651 bcsId: 0} | ret=SUCCESS |  
2019-08-23 02:48:45,070 | INFO  | DNAudit | user=null | ip=null | op=PUT_BLOCK {blockData=[blockId=conID: 1 locID: 102664013417087651 bcsId: 0,size=1048576]} | ret=SUCCESS |  
2019-08-23 02:48:45,071 | INFO  | DNAudit | user=null | ip=null | op=WRITE_CHUNK {blockData=conID: 1 locID: 102664013417087651 bcsId: 0} | ret=SUCCESS |  
2019-08-23 02:48:45,071 [grpc-default-executor-6] INFO  client.GrpcClientProtocolClient (GrpcClientProtocolClient.java:onNext(255)) - client-B268B4322F32->17750241-545b-4219-93a1-14a6ea3d85be: receive RaftClientReply:client-B268B4322F32->17750241-545b-4219-93a1-14a6ea3d85be@group-C33FBD9556F2, cid=3314, SUCCESS, logIndex=5016, commits[17750241-545b-4219-93a1-14a6ea3d85be:c5017, 4eaaa090-573e-41d3-9f8c-c99e236d806a:c5015, 5f4cf9ee-4bed-49de-adaa-861aec894328:c5015]
2019-08-23 02:48:45,071 | INFO  | DNAudit | user=null | ip=null | op=WRITE_CHUNK {blockData=conID: 1 locID: 102664013417087651 bcsId: 0} | ret=SUCCESS |  
2019-08-23 02:48:45,071 | INFO  | DNAudit | user=null | ip=null | op=PUT_BLOCK {blockData=[blockId=conID: 1 locID: 102664013417087651 bcsId: 0,size=2097152]} | ret=SUCCESS |  
2019-08-23 02:48:45,071 | INFO  | DNAudit | user=null | ip=null | op=WRITE_CHUNK {blockData=conID: 1 locID: 102664013417087651 bcsId: 0} | ret=SUCCESS |  
2019-08-23 02:48:45,072 | INFO  | DNAudit | user=null | ip=null | op=PUT_BLOCK {blockData=[blockId=conID: 1 locID: 102664013417087651 bcsId: 0,size=1048576]} | ret=SUCCESS |  
2019-08-23 02:48:45,072 [grpc-default-executor-6] INFO  client.GrpcClientProtocolClient (GrpcClientProtocolClient.java:onNext(255)) - client-B268B4322F32->17750241-545b-4219-93a1-14a6ea3d85be: receive RaftClientReply:client-B268B4322F32->17750241-545b-4219-93a1-14a6ea3d85be@group-C33FBD9556F2, cid=3315, SUCCESS, logIndex=5017, commits[17750241-545b-4219-93a1-14a6ea3d85be:c5019, 4eaaa090-573e-41d3-9f8c-c99e236d806a:c5015, 5f4cf9ee-4bed-49de-adaa-861aec894328:c5015]
2019-08-23 02:48:45,072 [grpc-default-executor-6] INFO  client.GrpcClientProtocolClient (GrpcClientProtocolClient.java:onNext(255)) - client-B268B4322F32->17750241-545b-4219-93a1-14a6ea3d85be: receive RaftClientReply:client-B268B4322F32->17750241-545b-4219-93a1-14a6ea3d85be@group-C33FBD9556F2, cid=3316, SUCCESS, logIndex=5018, commits[17750241-545b-4219-93a1-14a6ea3d85be:c5019, 4eaaa090-573e-41d3-9f8c-c99e236d806a:c5015, 5f4cf9ee-4bed-49de-adaa-861aec894328:c5015]
2019-08-23 02:48:45,072 | INFO  | DNAudit | user=null | ip=null | op=PUT_BLOCK {blockData=[blockId=conID: 1 locID: 102664013417087651 bcsId: 0,size=1048576]} | ret=SUCCESS |  
2019-08-23 02:48:45,072 | INFO  | DNAudit | user=null | ip=null | op=WRITE_CHUNK {blockData=conID: 1 locID: 102664013417087651 bcsId: 0} | ret=SUCCESS |  
2019-08-23 02:48:45,072 [grpc-default-executor-6] INFO  client.GrpcClientProtocolClient (GrpcClientProtocolClient.java:onNext(255)) - client-B268B4322F32->17750241-545b-4219-93a1-14a6ea3d85be: receive RaftClientReply:client-B268B4322F32->17750241-545b-4219-93a1-14a6ea3d85be@group-C33FBD9556F2, cid=3317, SUCCESS, logIndex=5019, commits[17750241-545b-4219-93a1-14a6ea3d85be:c5020, 4eaaa090-573e-41d3-9f8c-c99e236d806a:c5016, 5f4cf9ee-4bed-49de-adaa-861aec894328:c5016]
2019-08-23 02:48:45,073 | INFO  | DNAudit | user=null | ip=null | op=PUT_BLOCK {blockData=[blockId=conID: 1 locID: 102664013417087651 bcsId: 0,size=2097152]} | ret=SUCCESS |  
2019-08-23 02:48:45,073 | INFO  | DNAudit | user=null | ip=null | op=WRITE_CHUNK {blockData=conID: 1 locID: 102664013417087651 bcsId: 0} | ret=SUCCESS |  
2019-08-23 02:48:45,073 | INFO  | DNAudit | user=null | ip=null | op=PUT_BLOCK {blockData=[blockId=conID: 1 locID: 102664013417087651 bcsId: 0,size=2097152]} | ret=SUCCESS |  
2019-08-23 02:48:45,073 [grpc-default-executor-1] INFO  client.GrpcClientProtocolClient (GrpcClientProtocolClient.java:onNext(255)) - client-B268B4322F32->17750241-545b-4219-93a1-14a6ea3d85be: receive RaftClientReply:client-B268B4322F32->17750241-545b-4219-93a1-14a6ea3d85be@group-C33FBD9556F2, cid=3318, SUCCESS, logIndex=0, commits[17750241-545b-4219-93a1-14a6ea3d85be:c5023, 4eaaa090-573e-41d3-9f8c-c99e236d806a:c5019, 5f4cf9ee-4bed-49de-adaa-861aec894328:c5017]
2019-08-23 02:48:45,081 | INFO  | DNAudit | user=null | ip=null | op=WRITE_CHUNK {blockData=conID: 1 locID: 102664013417087651 bcsId: 5019} | ret=SUCCESS |  
2019-08-23 02:48:45,083 | INFO  | DNAudit | user=null | ip=null | op=WRITE_CHUNK {blockData=conID: 1 locID: 102664013417087651 bcsId: 5019} | ret=SUCCESS |  
2019-08-23 02:48:45,083 | INFO  | DNAudit | user=null | ip=null | op=WRITE_CHUNK {blockData=conID: 1 locID: 102664013417087651 bcsId: 5019} | ret=SUCCESS |  
2019-08-23 02:48:45,093 | INFO  | DNAudit | user=null | ip=null | op=WRITE_CHUNK {blockData=conID: 1 locID: 102664013417087651 bcsId: 5019} | ret=SUCCESS |  
2019-08-23 02:48:45,094 | INFO  | DNAudit | user=null | ip=null | op=PUT_BLOCK {blockData=[blockId=conID: 1 locID: 102664013417087651 bcsId: 0,size=3145728]} | ret=SUCCESS |  
2019-08-23 02:48:45,094 [grpc-default-executor-6] INFO  client.GrpcClientProtocolClient (GrpcClientProtocolClient.java:onNext(255)) - client-B268B4322F32->17750241-545b-4219-93a1-14a6ea3d85be: receive RaftClientReply:client-B268B4322F32->17750241-545b-4219-93a1-14a6ea3d85be@group-C33FBD9556F2, cid=3319, SUCCESS, logIndex=5024, commits[17750241-545b-4219-93a1-14a6ea3d85be:c5025, 4eaaa090-573e-41d3-9f8c-c99e236d806a:c5023, 5f4cf9ee-4bed-49de-adaa-861aec894328:c5023]
2019-08-23 02:48:45,094 [grpc-default-executor-6] INFO  client.GrpcClientProtocolClient (GrpcClientProtocolClient.java:onNext(255)) - client-B268B4322F32->17750241-545b-4219-93a1-14a6ea3d85be: receive RaftClientReply:client-B268B4322F32->17750241-545b-4219-93a1-14a6ea3d85be@group-C33FBD9556F2, cid=3320, SUCCESS, logIndex=5025, commits[17750241-545b-4219-93a1-14a6ea3d85be:c5025, 4eaaa090-573e-41d3-9f8c-c99e236d806a:c5023, 5f4cf9ee-4bed-49de-adaa-861aec894328:c5023]
2019-08-23 02:48:45,102 | INFO  | DNAudit | user=null | ip=null | op=WRITE_CHUNK {blockData=conID: 1 locID: 102664013417087651 bcsId: 5025} | ret=SUCCESS |  
2019-08-23 02:48:45,104 | INFO  | DNAudit | user=null | ip=null | op=WRITE_CHUNK {blockData=conID: 1 locID: 102664013417087651 bcsId: 5025} | ret=SUCCESS |  
2019-08-23 02:48:45,104 | INFO  | DNAudit | user=null | ip=null | op=WRITE_CHUNK {blockData=conID: 1 locID: 102664013417087651 bcsId: 5025} | ret=SUCCESS |  
2019-08-23 02:48:45,105 | INFO  | DNAudit | user=null | ip=null | op=WRITE_CHUNK {blockData=conID: 1 locID: 102664013417087651 bcsId: 5019} | ret=SUCCESS |  
2019-08-23 02:48:45,105 | INFO  | DNAudit | user=null | ip=null | op=WRITE_CHUNK {blockData=conID: 1 locID: 102664013417087651 bcsId: 5019} | ret=SUCCESS |  
2019-08-23 02:48:45,106 | INFO  | DNAudit | user=null | ip=null | op=PUT_BLOCK {blockData=[blockId=conID: 1 locID: 102664013417087651 bcsId: 0,size=3145728]} | ret=SUCCESS |  
2019-08-23 02:48:45,107 | INFO  | DNAudit | user=null | ip=null | op=PUT_BLOCK {blockData=[blockId=conID: 1 locID: 102664013417087651 bcsId: 0,size=3145728]} | ret=SUCCESS |  
2019-08-23 02:48:45,107 | INFO  | DNAudit | user=null | ip=null | op=WRITE_CHUNK {blockData=conID: 1 locID: 102664013417087651 bcsId: 5025} | ret=SUCCESS |  
2019-08-23 02:48:45,108 | INFO  | DNAudit | user=null | ip=null | op=PUT_BLOCK {blockData=[blockId=conID: 1 locID: 102664013417087651 bcsId: 0,size=4194304]} | ret=SUCCESS |  
2019-08-23 02:48:45,108 [grpc-default-executor-5] INFO  client.GrpcClientProtocolClient (GrpcClientProtocolClient.java:onNext(255)) - client-B268B4322F32->17750241-545b-4219-93a1-14a6ea3d85be: receive RaftClientReply:client-B268B4322F32->17750241-545b-4219-93a1-14a6ea3d85be@group-C33FBD9556F2, cid=3321, SUCCESS, logIndex=5028, commits[17750241-545b-4219-93a1-14a6ea3d85be:c5029, 4eaaa090-573e-41d3-9f8c-c99e236d806a:c5025, 5f4cf9ee-4bed-49de-adaa-861aec894328:c5025]
2019-08-23 02:48:45,108 [grpc-default-executor-5] INFO  client.GrpcClientProtocolClient (GrpcClientProtocolClient.java:onNext(255)) - client-B268B4322F32->17750241-545b-4219-93a1-14a6ea3d85be: receive RaftClientReply:client-B268B4322F32->17750241-545b-4219-93a1-14a6ea3d85be@group-C33FBD9556F2, cid=3322, SUCCESS, logIndex=5029, commits[17750241-545b-4219-93a1-14a6ea3d85be:c5029, 4eaaa090-573e-41d3-9f8c-c99e236d806a:c5025, 5f4cf9ee-4bed-49de-adaa-861aec894328:c5025]
2019-08-23 02:48:45,119 | INFO  | DNAudit | user=null | ip=null | op=WRITE_CHUNK {blockData=conID: 1 locID: 102664013417087651 bcsId: 5025} | ret=SUCCESS |  
2019-08-23 02:48:45,119 | INFO  | DNAudit | user=null | ip=null | op=WRITE_CHUNK {blockData=conID: 1 locID: 102664013417087651 bcsId: 5025} | ret=SUCCESS |  
2019-08-23 02:48:45,119 | INFO  | DNAudit | user=null | ip=null | op=PUT_BLOCK {blockData=[blockId=conID: 1 locID: 102664013417087651 bcsId: 0,size=4194304]} | ret=SUCCESS |  
2019-08-23 02:48:45,121 | INFO  | DNAudit | user=null | ip=null | op=PUT_BLOCK {blockData=[blockId=conID: 1 locID: 102664013417087651 bcsId: 0,size=4194304]} | ret=SUCCESS |  
2019-08-23 02:48:45,122 [grpc-default-executor-5] INFO  client.GrpcClientProtocolClient (GrpcClientProtocolClient.java:onNext(255)) - client-B268B4322F32->17750241-545b-4219-93a1-14a6ea3d85be: receive RaftClientReply:client-B268B4322F32->17750241-545b-4219-93a1-14a6ea3d85be@group-C33FBD9556F2, cid=3323, SUCCESS, logIndex=0, commits[17750241-545b-4219-93a1-14a6ea3d85be:c5030, 4eaaa090-573e-41d3-9f8c-c99e236d806a:c5029, 5f4cf9ee-4bed-49de-adaa-861aec894328:c5029]
2019-08-23 02:48:45,124 | INFO  | SCMAudit | user=jenkins1000 | ip=192.168.34.22 | op=ALLOCATE_BLOCK {owner=31d65bc3-3f70-45f5-bbc5-e3a15f967ba6, size=4194304, type=RATIS, factor=THREE} | ret=SUCCESS |  
2019-08-23 02:48:45,132 | INFO  | OMAudit | user=jenkins1000 | ip=127.0.0.1 | op=ALLOCATE_BLOCK {volume=vol-0-78052, bucket=bucket-0-33874, key=key-0-20719, dataSize=2147483657, replicationType=RATIS, replicationFactor=THREE, keyLocationInfo=[], clientID=102664010308846034} | ret=SUCCESS |  
2019-08-23 02:48:45,145 | INFO  | DNAudit | user=null | ip=null | op=WRITE_CHUNK {blockData=conID: 2 locID: 102664013422527140 bcsId: 0} | ret=SUCCESS |  
2019-08-23 02:48:45,149 | INFO  | DNAudit | user=null | ip=null | op=WRITE_CHUNK {blockData=conID: 2 locID: 102664013422527140 bcsId: 0} | ret=SUCCESS |  
2019-08-23 02:48:45,150 | INFO  | DNAudit | user=null | ip=null | op=WRITE_CHUNK {blockData=conID: 2 locID: 102664013422527140 bcsId: 0} | ret=SUCCESS |  
2019-08-23 02:48:45,150 | INFO  | DNAudit | user=null | ip=null | op=WRITE_CHUNK {blockData=conID: 2 locID: 102664013422527140 bcsId: 0} | ret=SUCCESS |  
2019-08-23 02:48:45,151 | INFO  | DNAudit | user=null | ip=null | op=WRITE_CHUNK {blockData=conID: 2 locID: 102664013422527140 bcsId: 0} | ret=SUCCESS |  
2019-08-23 02:48:45,151 | INFO  | DNAudit | user=null | ip=null | op=WRITE_CHUNK {blockData=conID: 2 locID: 102664013422527140 bcsId: 0} | ret=SUCCESS |  
2019-08-23 02:48:45,164 | INFO  | DNAudit | user=null | ip=null | op=WRITE_CHUNK {blockData=conID: 2 locID: 102664013422527140 bcsId: 0} | ret=SUCCESS |  
2019-08-23 02:48:45,164 | INFO  | DNAudit | user=null | ip=null | op=PUT_BLOCK {blockData=[blockId=conID: 2 locID: 102664013422527140 bcsId: 0,size=1048576]} | ret=SUCCESS |  
2019-08-23 02:48:45,165 | INFO  | DNAudit | user=null | ip=null | op=WRITE_CHUNK {blockData=conID: 2 locID: 102664013422527140 bcsId: 0} | ret=SUCCESS |  
2019-08-23 02:48:45,165 [grpc-default-executor-5] INFO  client.GrpcClientProtocolClient (GrpcClientProtocolClient.java:onNext(255)) - client-B268B4322F32->17750241-545b-4219-93a1-14a6ea3d85be: receive RaftClientReply:client-B268B4322F32->17750241-545b-4219-93a1-14a6ea3d85be@group-C33FBD9556F2, cid=3324, SUCCESS, logIndex=5032, commits[17750241-545b-4219-93a1-14a6ea3d85be:c5034, 4eaaa090-573e-41d3-9f8c-c99e236d806a:c5031, 5f4cf9ee-4bed-49de-adaa-861aec894328:c5029]
2019-08-23 02:48:45,165 | INFO  | DNAudit | user=null | ip=null | op=PUT_BLOCK {blockData=[blockId=conID: 2 locID: 102664013422527140 bcsId: 0,size=2097152]} | ret=SUCCESS |  
2019-08-23 02:48:45,165 | INFO  | DNAudit | user=null | ip=null | op=WRITE_CHUNK {blockData=conID: 2 locID: 102664013422527140 bcsId: 0} | ret=SUCCESS |  
2019-08-23 02:48:45,166 [grpc-default-executor-5] INFO  client.GrpcClientProtocolClient (GrpcClientProtocolClient.java:onNext(255)) - client-B268B4322F32->17750241-545b-4219-93a1-14a6ea3d85be: receive RaftClientReply:client-B268B4322F32->17750241-545b-4219-93a1-14a6ea3d85be@group-C33FBD9556F2, cid=3325, SUCCESS, logIndex=5033, commits[17750241-545b-4219-93a1-14a6ea3d85be:c5035, 4eaaa090-573e-41d3-9f8c-c99e236d806a:c5031, 5f4cf9ee-4bed-49de-adaa-861aec894328:c5031]
2019-08-23 02:48:45,166 | INFO  | DNAudit | user=null | ip=null | op=WRITE_CHUNK {blockData=conID: 2 locID: 102664013422527140 bcsId: 0} | ret=SUCCESS |  
2019-08-23 02:48:45,166 [grpc-default-executor-5] INFO  client.GrpcClientProtocolClient (GrpcClientProtocolClient.java:onNext(255)) - client-B268B4322F32->17750241-545b-4219-93a1-14a6ea3d85be: receive RaftClientReply:client-B268B4322F32->17750241-545b-4219-93a1-14a6ea3d85be@group-C33FBD9556F2, cid=3326, SUCCESS, logIndex=5034, commits[17750241-545b-4219-93a1-14a6ea3d85be:c5035, 4eaaa090-573e-41d3-9f8c-c99e236d806a:c5031, 5f4cf9ee-4bed-49de-adaa-861aec894328:c5031]
2019-08-23 02:48:45,166 [grpc-default-executor-5] INFO  client.GrpcClientProtocolClient (GrpcClientProtocolClient.java:onNext(255)) - client-B268B4322F32->17750241-545b-4219-93a1-14a6ea3d85be: receive RaftClientReply:client-B268B4322F32->17750241-545b-4219-93a1-14a6ea3d85be@group-C33FBD9556F2, cid=3327, SUCCESS, logIndex=5035, commits[17750241-545b-4219-93a1-14a6ea3d85be:c5035, 4eaaa090-573e-41d3-9f8c-c99e236d806a:c5031, 5f4cf9ee-4bed-49de-adaa-861aec894328:c5031]
2019-08-23 02:48:45,167 | INFO  | DNAudit | user=null | ip=null | op=PUT_BLOCK {blockData=[blockId=conID: 2 locID: 102664013422527140 bcsId: 0,size=1048576]} | ret=SUCCESS |  
2019-08-23 02:48:45,167 | INFO  | DNAudit | user=null | ip=null | op=PUT_BLOCK {blockData=[blockId=conID: 2 locID: 102664013422527140 bcsId: 0,size=1048576]} | ret=SUCCESS |  
2019-08-23 02:48:45,167 | INFO  | DNAudit | user=null | ip=null | op=WRITE_CHUNK {blockData=conID: 2 locID: 102664013422527140 bcsId: 0} | ret=SUCCESS |  
2019-08-23 02:48:45,167 | INFO  | DNAudit | user=null | ip=null | op=WRITE_CHUNK {blockData=conID: 2 locID: 102664013422527140 bcsId: 0} | ret=SUCCESS |  
2019-08-23 02:48:45,168 | INFO  | DNAudit | user=null | ip=null | op=PUT_BLOCK {blockData=[blockId=conID: 2 locID: 102664013422527140 bcsId: 0,size=2097152]} | ret=SUCCESS |  
2019-08-23 02:48:45,168 | INFO  | DNAudit | user=null | ip=null | op=PUT_BLOCK {blockData=[blockId=conID: 2 locID: 102664013422527140 bcsId: 0,size=2097152]} | ret=SUCCESS |  
2019-08-23 02:48:45,168 [grpc-default-executor-5] INFO  client.GrpcClientProtocolClient (GrpcClientProtocolClient.java:onNext(255)) - client-B268B4322F32->17750241-545b-4219-93a1-14a6ea3d85be: receive RaftClientReply:client-B268B4322F32->17750241-545b-4219-93a1-14a6ea3d85be@group-C33FBD9556F2, cid=3328, SUCCESS, logIndex=0, commits[17750241-545b-4219-93a1-14a6ea3d85be:c5036, 4eaaa090-573e-41d3-9f8c-c99e236d806a:c5033, 5f4cf9ee-4bed-49de-adaa-861aec894328:c5035]
2019-08-23 02:48:45,178 | INFO  | DNAudit | user=null | ip=null | op=WRITE_CHUNK {blockData=conID: 2 locID: 102664013422527140 bcsId: 5035} | ret=SUCCESS |  
2019-08-23 02:48:45,181 | INFO  | DNAudit | user=null | ip=null | op=WRITE_CHUNK {blockData=conID: 2 locID: 102664013422527140 bcsId: 5035} | ret=SUCCESS |  
2019-08-23 02:48:45,181 | INFO  | DNAudit | user=null | ip=null | op=WRITE_CHUNK {blockData=conID: 2 locID: 102664013422527140 bcsId: 5035} | ret=SUCCESS |  
2019-08-23 02:48:45,201 | INFO  | DNAudit | user=null | ip=null | op=WRITE_CHUNK {blockData=conID: 2 locID: 102664013422527140 bcsId: 5035} | ret=SUCCESS |  
2019-08-23 02:48:45,201 | INFO  | DNAudit | user=null | ip=null | op=PUT_BLOCK {blockData=[blockId=conID: 2 locID: 102664013422527140 bcsId: 0,size=3145728]} | ret=SUCCESS |  
2019-08-23 02:48:45,201 [grpc-default-executor-5] INFO  client.GrpcClientProtocolClient (GrpcClientProtocolClient.java:onNext(255)) - client-B268B4322F32->17750241-545b-4219-93a1-14a6ea3d85be: receive RaftClientReply:client-B268B4322F32->17750241-545b-4219-93a1-14a6ea3d85be@group-C33FBD9556F2, cid=3329, SUCCESS, logIndex=5040, commits[17750241-545b-4219-93a1-14a6ea3d85be:c5041, 4eaaa090-573e-41d3-9f8c-c99e236d806a:c5039, 5f4cf9ee-4bed-49de-adaa-861aec894328:c5039]
2019-08-23 02:48:45,202 [grpc-default-executor-5] INFO  client.GrpcClientProtocolClient (GrpcClientProtocolClient.java:onNext(255)) - client-B268B4322F32->17750241-545b-4219-93a1-14a6ea3d85be: receive RaftClientReply:client-B268B4322F32->17750241-545b-4219-93a1-14a6ea3d85be@group-C33FBD9556F2, cid=3330, SUCCESS, logIndex=5041, commits[17750241-545b-4219-93a1-14a6ea3d85be:c5041, 4eaaa090-573e-41d3-9f8c-c99e236d806a:c5039, 5f4cf9ee-4bed-49de-adaa-861aec894328:c5039]
2019-08-23 02:48:45,210 | INFO  | DNAudit | user=null | ip=null | op=WRITE_CHUNK {blockData=conID: 2 locID: 102664013422527140 bcsId: 5041} | ret=SUCCESS |  
2019-08-23 02:48:45,212 | INFO  | DNAudit | user=null | ip=null | op=WRITE_CHUNK {blockData=conID: 2 locID: 102664013422527140 bcsId: 5035} | ret=SUCCESS |  
2019-08-23 02:48:45,212 | INFO  | DNAudit | user=null | ip=null | op=WRITE_CHUNK {blockData=conID: 2 locID: 102664013422527140 bcsId: 5035} | ret=SUCCESS |  
2019-08-23 02:48:45,212 | INFO  | DNAudit | user=null | ip=null | op=PUT_BLOCK {blockData=[blockId=conID: 2 locID: 102664013422527140 bcsId: 0,size=3145728]} | ret=SUCCESS |  
2019-08-23 02:48:45,212 | INFO  | DNAudit | user=null | ip=null | op=WRITE_CHUNK {blockData=conID: 2 locID: 102664013422527140 bcsId: 5041} | ret=SUCCESS |  
2019-08-23 02:48:45,212 | INFO  | DNAudit | user=null | ip=null | op=PUT_BLOCK {blockData=[blockId=conID: 2 locID: 102664013422527140 bcsId: 0,size=3145728]} | ret=SUCCESS |  
2019-08-23 02:48:45,213 | INFO  | DNAudit | user=null | ip=null | op=WRITE_CHUNK {blockData=conID: 2 locID: 102664013422527140 bcsId: 5041} | ret=SUCCESS |  
2019-08-23 02:48:45,225 | INFO  | DNAudit | user=null | ip=null | op=WRITE_CHUNK {blockData=conID: 2 locID: 102664013422527140 bcsId: 5041} | ret=SUCCESS |  
2019-08-23 02:48:45,225 | INFO  | DNAudit | user=null | ip=null | op=PUT_BLOCK {blockData=[blockId=conID: 2 locID: 102664013422527140 bcsId: 0,size=4194304]} | ret=SUCCESS |  
2019-08-23 02:48:45,225 [grpc-default-executor-1] INFO  client.GrpcClientProtocolClient (GrpcClientProtocolClient.java:onNext(255)) - client-B268B4322F32->17750241-545b-4219-93a1-14a6ea3d85be: receive RaftClientReply:client-B268B4322F32->17750241-545b-4219-93a1-14a6ea3d85be@group-C33FBD9556F2, cid=3331, SUCCESS, logIndex=5044, commits[17750241-545b-4219-93a1-14a6ea3d85be:c5045, 4eaaa090-573e-41d3-9f8c-c99e236d806a:c5041, 5f4cf9ee-4bed-49de-adaa-861aec894328:c5041]
2019-08-23 02:48:45,226 [grpc-default-executor-1] INFO  client.GrpcClientProtocolClient (GrpcClientProtocolClient.java:onNext(255)) - client-B268B4322F32->17750241-545b-4219-93a1-14a6ea3d85be: receive RaftClientReply:client-B268B4322F32->17750241-545b-4219-93a1-14a6ea3d85be@group-C33FBD9556F2, cid=3332, SUCCESS, logIndex=5045, commits[17750241-545b-4219-93a1-14a6ea3d85be:c5045, 4eaaa090-573e-41d3-9f8c-c99e236d806a:c5041, 5f4cf9ee-4bed-49de-adaa-861aec894328:c5041]
2019-08-23 02:48:45,228 | INFO  | DNAudit | user=null | ip=null | op=WRITE_CHUNK {blockData=conID: 2 locID: 102664013422527140 bcsId: 5041} | ret=SUCCESS |  
2019-08-23 02:48:45,228 | INFO  | DNAudit | user=null | ip=null | op=WRITE_CHUNK {blockData=conID: 2 locID: 102664013422527140 bcsId: 5041} | ret=SUCCESS |  
2019-08-23 02:48:45,239 | INFO  | DNAudit | user=null | ip=null | op=PUT_BLOCK {blockData=[blockId=conID: 2 locID: 102664013422527140 bcsId: 0,size=4194304]} | ret=SUCCESS |  
2019-08-23 02:48:45,239 | INFO  | DNAudit | user=null | ip=null | op=PUT_BLOCK {blockData=[blockId=conID: 2 locID: 102664013422527140 bcsId: 0,size=4194304]} | ret=SUCCESS |  
2019-08-23 02:48:45,240 [grpc-default-executor-1] INFO  client.GrpcClientProtocolClient (GrpcClientProtocolClient.java:onNext(255)) - client-B268B4322F32->17750241-545b-4219-93a1-14a6ea3d85be: receive RaftClientReply:client-B268B4322F32->17750241-545b-4219-93a1-14a6ea3d85be@group-C33FBD9556F2, cid=3333, SUCCESS, logIndex=0, commits[17750241-545b-4219-93a1-14a6ea3d85be:c5047, 4eaaa090-573e-41d3-9f8c-c99e236d806a:c5045, 5f4cf9ee-4bed-49de-adaa-861aec894328:c5045]
2019-08-23 02:48:45,242 | INFO  | SCMAudit | user=jenkins1000 | ip=192.168.34.22 | op=ALLOCATE_BLOCK {owner=31d65bc3-3f70-45f5-bbc5-e3a15f967ba6, size=4194304, type=RATIS, factor=THREE} | ret=SUCCESS |  
2019-08-23 02:48:45,246 | INFO  | OMAudit | user=jenkins1000 | ip=127.0.0.1 | op=ALLOCATE_BLOCK {volume=vol-0-78052, bucket=bucket-0-33874, key=key-0-20719, dataSize=2147483657, replicationType=RATIS, replicationFactor=THREE, keyLocationInfo=[], clientID=102664010308846034} | ret=SUCCESS |  
2019-08-23 02:48:45,257 | INFO  | DNAudit | user=null | ip=null | op=WRITE_CHUNK {blockData=conID: 3 locID: 102664013430194853 bcsId: 0} | ret=SUCCESS |  
2019-08-23 02:48:45,260 | INFO  | DNAudit | user=null | ip=null | op=WRITE_CHUNK {blockData=conID: 3 locID: 102664013430194853 bcsId: 0} | ret=SUCCESS |  
2019-08-23 02:48:45,261 | INFO  | DNAudit | user=null | ip=null | op=WRITE_CHUNK {blockData=conID: 3 locID: 102664013430194853 bcsId: 0} | ret=SUCCESS |  
2019-08-23 02:48:45,261 | INFO  | DNAudit | user=null | ip=null | op=WRITE_CHUNK {blockData=conID: 3 locID: 102664013430194853 bcsId: 0} | ret=SUCCESS |  
2019-08-23 02:48:45,263 | INFO  | DNAudit | user=null | ip=null | op=WRITE_CHUNK {blockData=conID: 3 locID: 102664013430194853 bcsId: 0} | ret=SUCCESS |  
2019-08-23 02:48:45,263 | INFO  | DNAudit | user=null | ip=null | op=WRITE_CHUNK {blockData=conID: 3 locID: 102664013430194853 bcsId: 0} | ret=SUCCESS |  
2019-08-23 02:48:45,270 | INFO  | DNAudit | user=null | ip=null | op=WRITE_CHUNK {blockData=conID: 3 locID: 102664013430194853 bcsId: 0} | ret=SUCCESS |  
2019-08-23 02:48:45,270 | INFO  | DNAudit | user=null | ip=null | op=PUT_BLOCK {blockData=[blockId=conID: 3 locID: 102664013430194853 bcsId: 0,size=1048576]} | ret=SUCCESS |  
2019-08-23 02:48:45,271 | INFO  | DNAudit | user=null | ip=null | op=WRITE_CHUNK {blockData=conID: 3 locID: 102664013430194853 bcsId: 0} | ret=SUCCESS |  
2019-08-23 02:48:45,270 [grpc-default-executor-1] INFO  client.GrpcClientProtocolClient (GrpcClientProtocolClient.java:onNext(255)) - client-B268B4322F32->17750241-545b-4219-93a1-14a6ea3d85be: receive RaftClientReply:client-B268B4322F32->17750241-545b-4219-93a1-14a6ea3d85be@group-C33FBD9556F2, cid=3334, SUCCESS, logIndex=5048, commits[17750241-545b-4219-93a1-14a6ea3d85be:c5050, 4eaaa090-573e-41d3-9f8c-c99e236d806a:c5047, 5f4cf9ee-4bed-49de-adaa-861aec894328:c5047]
2019-08-23 02:48:45,271 | INFO  | DNAudit | user=null | ip=null | op=PUT_BLOCK {blockData=[blockId=conID: 3 locID: 102664013430194853 bcsId: 0,size=2097152]} | ret=SUCCESS |  
2019-08-23 02:48:45,271 [grpc-default-executor-1] INFO  client.GrpcClientProtocolClient (GrpcClientProtocolClient.java:onNext(255)) - client-B268B4322F32->17750241-545b-4219-93a1-14a6ea3d85be: receive RaftClientReply:client-B268B4322F32->17750241-545b-4219-93a1-14a6ea3d85be@group-C33FBD9556F2, cid=3335, SUCCESS, logIndex=5049, commits[17750241-545b-4219-93a1-14a6ea3d85be:c5051, 4eaaa090-573e-41d3-9f8c-c99e236d806a:c5047, 5f4cf9ee-4bed-49de-adaa-861aec894328:c5047]
2019-08-23 02:48:45,271 [grpc-default-executor-1] INFO  client.GrpcClientProtocolClient (GrpcClientProtocolClient.java:onNext(255)) - client-B268B4322F32->17750241-545b-4219-93a1-14a6ea3d85be: receive RaftClientReply:client-B268B4322F32->17750241-545b-4219-93a1-14a6ea3d85be@group-C33FBD9556F2, cid=3336, SUCCESS, logIndex=5050, commits[17750241-545b-4219-93a1-14a6ea3d85be:c5051, 4eaaa090-573e-41d3-9f8c-c99e236d806a:c5047, 5f4cf9ee-4bed-49de-adaa-861aec894328:c5047]
2019-08-23 02:48:45,271 [grpc-default-executor-1] INFO  client.GrpcClientProtocolClient (GrpcClientProtocolClient.java:onNext(255)) - client-B268B4322F32->17750241-545b-4219-93a1-14a6ea3d85be: receive RaftClientReply:client-B268B4322F32->17750241-545b-4219-93a1-14a6ea3d85be@group-C33FBD9556F2, cid=3337, SUCCESS, logIndex=5051, commits[17750241-545b-4219-93a1-14a6ea3d85be:c5051, 4eaaa090-573e-41d3-9f8c-c99e236d806a:c5047, 5f4cf9ee-4bed-49de-adaa-861aec894328:c5047]
2019-08-23 02:48:45,272 | INFO  | DNAudit | user=null | ip=null | op=WRITE_CHUNK {blockData=conID: 3 locID: 102664013430194853 bcsId: 0} | ret=SUCCESS |  
2019-08-23 02:48:45,272 | INFO  | DNAudit | user=null | ip=null | op=PUT_BLOCK {blockData=[blockId=conID: 3 locID: 102664013430194853 bcsId: 0,size=1048576]} | ret=SUCCESS |  
2019-08-23 02:48:45,272 | INFO  | DNAudit | user=null | ip=null | op=WRITE_CHUNK {blockData=conID: 3 locID: 102664013430194853 bcsId: 0} | ret=SUCCESS |  
2019-08-23 02:48:45,272 | INFO  | DNAudit | user=null | ip=null | op=WRITE_CHUNK {blockData=conID: 3 locID: 102664013430194853 bcsId: 0} | ret=SUCCESS |  
2019-08-23 02:48:45,275 | INFO  | DNAudit | user=null | ip=null | op=PUT_BLOCK {blockData=[blockId=conID: 3 locID: 102664013430194853 bcsId: 0,size=2097152]} | ret=SUCCESS |  
2019-08-23 02:48:45,275 | INFO  | DNAudit | user=null | ip=null | op=PUT_BLOCK {blockData=[blockId=conID: 3 locID: 102664013430194853 bcsId: 0,size=1048576]} | ret=SUCCESS |  
2019-08-23 02:48:45,276 | INFO  | DNAudit | user=null | ip=null | op=WRITE_CHUNK {blockData=conID: 3 locID: 102664013430194853 bcsId: 0} | ret=SUCCESS |  
2019-08-23 02:48:45,276 | INFO  | DNAudit | user=null | ip=null | op=PUT_BLOCK {blockData=[blockId=conID: 3 locID: 102664013430194853 bcsId: 0,size=2097152]} | ret=SUCCESS |  
2019-08-23 02:48:45,276 [grpc-default-executor-2] INFO  client.GrpcClientProtocolClient (GrpcClientProtocolClient.java:onNext(255)) - client-B268B4322F32->17750241-545b-4219-93a1-14a6ea3d85be: receive RaftClientReply:client-B268B4322F32->17750241-545b-4219-93a1-14a6ea3d85be@group-C33FBD9556F2, cid=3338, SUCCESS, logIndex=0, commits[17750241-545b-4219-93a1-14a6ea3d85be:c5055, 4eaaa090-573e-41d3-9f8c-c99e236d806a:c5051, 5f4cf9ee-4bed-49de-adaa-861aec894328:c5049]
2019-08-23 02:48:45,283 | INFO  | DNAudit | user=null | ip=null | op=WRITE_CHUNK {blockData=conID: 3 locID: 102664013430194853 bcsId: 5051} | ret=SUCCESS |  
2019-08-23 02:48:45,285 | INFO  | DNAudit | user=null | ip=null | op=WRITE_CHUNK {blockData=conID: 3 locID: 102664013430194853 bcsId: 5051} | ret=SUCCESS |  
2019-08-23 02:48:45,285 | INFO  | DNAudit | user=null | ip=null | op=WRITE_CHUNK {blockData=conID: 3 locID: 102664013430194853 bcsId: 5051} | ret=SUCCESS |  
2019-08-23 02:48:45,295 | INFO  | DNAudit | user=null | ip=null | op=WRITE_CHUNK {blockData=conID: 3 locID: 102664013430194853 bcsId: 5051} | ret=SUCCESS |  
2019-08-23 02:48:45,296 | INFO  | DNAudit | user=null | ip=null | op=PUT_BLOCK {blockData=[blockId=conID: 3 locID: 102664013430194853 bcsId: 0,size=3145728]} | ret=SUCCESS |  
2019-08-23 02:48:45,296 [grpc-default-executor-2] INFO  client.GrpcClientProtocolClient (GrpcClientProtocolClient.java:onNext(255)) - client-B268B4322F32->17750241-545b-4219-93a1-14a6ea3d85be: receive RaftClientReply:client-B268B4322F32->17750241-545b-4219-93a1-14a6ea3d85be@group-C33FBD9556F2, cid=3339, SUCCESS, logIndex=5056, commits[17750241-545b-4219-93a1-14a6ea3d85be:c5057, 4eaaa090-573e-41d3-9f8c-c99e236d806a:c5055, 5f4cf9ee-4bed-49de-adaa-861aec894328:c5055]
2019-08-23 02:48:45,296 [grpc-default-executor-2] INFO  client.GrpcClientProtocolClient (GrpcClientProtocolClient.java:onNext(255)) - client-B268B4322F32->17750241-545b-4219-93a1-14a6ea3d85be: receive RaftClientReply:client-B268B4322F32->17750241-545b-4219-93a1-14a6ea3d85be@group-C33FBD9556F2, cid=3340, SUCCESS, logIndex=5057, commits[17750241-545b-4219-93a1-14a6ea3d85be:c5057, 4eaaa090-573e-41d3-9f8c-c99e236d806a:c5055, 5f4cf9ee-4bed-49de-adaa-861aec894328:c5055]
2019-08-23 02:48:45,303 | INFO  | DNAudit | user=null | ip=null | op=WRITE_CHUNK {blockData=conID: 3 locID: 102664013430194853 bcsId: 5057} | ret=SUCCESS |  
2019-08-23 02:48:45,305 | INFO  | DNAudit | user=null | ip=null | op=WRITE_CHUNK {blockData=conID: 3 locID: 102664013430194853 bcsId: 5057} | ret=SUCCESS |  
2019-08-23 02:48:45,306 | INFO  | DNAudit | user=null | ip=null | op=WRITE_CHUNK {blockData=conID: 3 locID: 102664013430194853 bcsId: 5057} | ret=SUCCESS |  
2019-08-23 02:48:45,307 | INFO  | DNAudit | user=null | ip=null | op=WRITE_CHUNK {blockData=conID: 3 locID: 102664013430194853 bcsId: 5051} | ret=SUCCESS |  
2019-08-23 02:48:45,307 | INFO  | DNAudit | user=null | ip=null | op=WRITE_CHUNK {blockData=conID: 3 locID: 102664013430194853 bcsId: 5051} | ret=SUCCESS |  
2019-08-23 02:48:45,310 | INFO  | DNAudit | user=null | ip=null | op=PUT_BLOCK {blockData=[blockId=conID: 3 locID: 102664013430194853 bcsId: 0,size=3145728]} | ret=SUCCESS |  
2019-08-23 02:48:45,310 | INFO  | DNAudit | user=null | ip=null | op=PUT_BLOCK {blockData=[blockId=conID: 3 locID: 102664013430194853 bcsId: 0,size=3145728]} | ret=SUCCESS |  
2019-08-23 02:48:45,310 | INFO  | DNAudit | user=null | ip=null | op=WRITE_CHUNK {blockData=conID: 3 locID: 102664013430194853 bcsId: 5057} | ret=SUCCESS |  
2019-08-23 02:48:45,311 | INFO  | DNAudit | user=null | ip=null | op=PUT_BLOCK {blockData=[blockId=conID: 3 locID: 102664013430194853 bcsId: 0,size=4194304]} | ret=SUCCESS |  
2019-08-23 02:48:45,311 [grpc-default-executor-2] INFO  client.GrpcClientProtocolClient (GrpcClientProtocolClient.java:onNext(255)) - client-B268B4322F32->17750241-545b-4219-93a1-14a6ea3d85be: receive RaftClientReply:client-B268B4322F32->17750241-545b-4219-93a1-14a6ea3d85be@group-C33FBD9556F2, cid=3341, SUCCESS, logIndex=5060, commits[17750241-545b-4219-93a1-14a6ea3d85be:c5061, 4eaaa090-573e-41d3-9f8c-c99e236d806a:c5057, 5f4cf9ee-4bed-49de-adaa-861aec894328:c5057]
2019-08-23 02:48:45,311 [grpc-default-executor-2] INFO  client.GrpcClientProtocolClient (GrpcClientProtocolClient.java:onNext(255)) - client-B268B4322F32->17750241-545b-4219-93a1-14a6ea3d85be: receive RaftClientReply:client-B268B4322F32->17750241-545b-4219-93a1-14a6ea3d85be@group-C33FBD9556F2, cid=3342, SUCCESS, logIndex=5061, commits[17750241-545b-4219-93a1-14a6ea3d85be:c5061, 4eaaa090-573e-41d3-9f8c-c99e236d806a:c5057, 5f4cf9ee-4bed-49de-adaa-861aec894328:c5057]
2019-08-23 02:48:45,322 | INFO  | DNAudit | user=null | ip=null | op=WRITE_CHUNK {blockData=conID: 3 locID: 102664013430194853 bcsId: 5057} | ret=SUCCESS |  
2019-08-23 02:48:45,322 | INFO  | DNAudit | user=null | ip=null | op=WRITE_CHUNK {blockData=conID: 3 locID: 102664013430194853 bcsId: 5057} | ret=SUCCESS |  
2019-08-23 02:48:45,322 | INFO  | DNAudit | user=null | ip=null | op=PUT_BLOCK {blockData=[blockId=conID: 3 locID: 102664013430194853 bcsId: 0,size=4194304]} | ret=SUCCESS |  
2019-08-23 02:48:45,323 | INFO  | DNAudit | user=null | ip=null | op=PUT_BLOCK {blockData=[blockId=conID: 3 locID: 102664013430194853 bcsId: 0,size=4194304]} | ret=SUCCESS |  
2019-08-23 02:48:45,323 [grpc-default-executor-2] INFO  client.GrpcClientProtocolClient (GrpcClientProtocolClient.java:onNext(255)) - client-B268B4322F32->17750241-545b-4219-93a1-14a6ea3d85be: receive RaftClientReply:client-B268B4322F32->17750241-545b-4219-93a1-14a6ea3d85be@group-C33FBD9556F2, cid=3343, SUCCESS, logIndex=0, commits[17750241-545b-4219-93a1-14a6ea3d85be:c5062, 4eaaa090-573e-41d3-9f8c-c99e236d806a:c5061, 5f4cf9ee-4bed-49de-adaa-861aec894328:c5061]
2019-08-23 02:48:45,324 | INFO  | SCMAudit | user=jenkins1000 | ip=192.168.34.22 | op=ALLOCATE_BLOCK {owner=31d65bc3-3f70-45f5-bbc5-e3a15f967ba6, size=4194304, type=RATIS, factor=THREE} | ret=SUCCESS |  
2019-08-23 02:48:45,330 | INFO  | OMAudit | user=jenkins1000 | ip=127.0.0.1 | op=ALLOCATE_BLOCK {volume=vol-0-78052, bucket=bucket-0-33874, key=key-0-20719, dataSize=2147483657, replicationType=RATIS, replicationFactor=THREE, keyLocationInfo=[], clientID=102664010308846034} | ret=SUCCESS |  
2019-08-23 02:48:45,340 | INFO  | DNAudit | user=null | ip=null | op=WRITE_CHUNK {blockData=conID: 1 locID: 102664013435634342 bcsId: 0} | ret=SUCCESS |  
2019-08-23 02:48:45,342 | INFO  | DNAudit | user=null | ip=null | op=WRITE_CHUNK {blockData=conID: 1 locID: 102664013435634342 bcsId: 0} | ret=SUCCESS |  
2019-08-23 02:48:45,342 | INFO  | DNAudit | user=null | ip=null | op=WRITE_CHUNK {blockData=conID: 1 locID: 102664013435634342 bcsId: 0} | ret=SUCCESS |  
2019-08-23 02:48:45,343 | INFO  | DNAudit | user=null | ip=null | op=WRITE_CHUNK {blockData=conID: 1 locID: 102664013435634342 bcsId: 0} | ret=SUCCESS |  
2019-08-23 02:48:45,344 | INFO  | DNAudit | user=null | ip=null | op=WRITE_CHUNK {blockData=conID: 1 locID: 102664013435634342 bcsId: 0} | ret=SUCCESS |  
2019-08-23 02:48:45,345 | INFO  | DNAudit | user=null | ip=null | op=WRITE_CHUNK {blockData=conID: 1 locID: 102664013435634342 bcsId: 0} | ret=SUCCESS |  
2019-08-23 02:48:45,354 | INFO  | DNAudit | user=null | ip=null | op=WRITE_CHUNK {blockData=conID: 1 locID: 102664013435634342 bcsId: 0} | ret=SUCCESS |  
2019-08-23 02:48:45,355 | INFO  | DNAudit | user=null | ip=null | op=PUT_BLOCK {blockData=[blockId=conID: 1 locID: 102664013435634342 bcsId: 0,size=1048576]} | ret=SUCCESS |  
2019-08-23 02:48:45,355 [grpc-default-executor-2] INFO  client.GrpcClientProtocolClient (GrpcClientProtocolClient.java:onNext(255)) - client-B268B4322F32->17750241-545b-4219-93a1-14a6ea3d85be: receive RaftClientReply:client-B268B4322F32->17750241-545b-4219-93a1-14a6ea3d85be@group-C33FBD9556F2, cid=3344, SUCCESS, logIndex=5064, commits[17750241-545b-4219-93a1-14a6ea3d85be:c5065, 4eaaa090-573e-41d3-9f8c-c99e236d806a:c5063, 5f4cf9ee-4bed-49de-adaa-861aec894328:c5063]
2019-08-23 02:48:45,355 [grpc-default-executor-2] INFO  client.GrpcClientProtocolClient (GrpcClientProtocolClient.java:onNext(255)) - client-B268B4322F32->17750241-545b-4219-93a1-14a6ea3d85be: receive RaftClientReply:client-B268B4322F32->17750241-545b-4219-93a1-14a6ea3d85be@group-C33FBD9556F2, cid=3345, SUCCESS, logIndex=5065, commits[17750241-545b-4219-93a1-14a6ea3d85be:c5065, 4eaaa090-573e-41d3-9f8c-c99e236d806a:c5063, 5f4cf9ee-4bed-49de-adaa-861aec894328:c5063]
2019-08-23 02:48:45,365 | INFO  | DNAudit | user=null | ip=null | op=WRITE_CHUNK {blockData=conID: 1 locID: 102664013435634342 bcsId: 0} | ret=SUCCESS |  
2019-08-23 02:48:45,366 | INFO  | DNAudit | user=null | ip=null | op=PUT_BLOCK {blockData=[blockId=conID: 1 locID: 102664013435634342 bcsId: 0,size=2097152]} | ret=SUCCESS |  
2019-08-23 02:48:45,366 [grpc-default-executor-2] INFO  client.GrpcClientProtocolClient (GrpcClientProtocolClient.java:onNext(255)) - client-B268B4322F32->17750241-545b-4219-93a1-14a6ea3d85be: receive RaftClientReply:client-B268B4322F32->17750241-545b-4219-93a1-14a6ea3d85be@group-C33FBD9556F2, cid=3346, SUCCESS, logIndex=5066, commits[17750241-545b-4219-93a1-14a6ea3d85be:c5067, 4eaaa090-573e-41d3-9f8c-c99e236d806a:c5063, 5f4cf9ee-4bed-49de-adaa-861aec894328:c5063]
2019-08-23 02:48:45,366 | INFO  | DNAudit | user=null | ip=null | op=WRITE_CHUNK {blockData=conID: 1 locID: 102664013435634342 bcsId: 0} | ret=SUCCESS |  
2019-08-23 02:48:45,366 | INFO  | DNAudit | user=null | ip=null | op=PUT_BLOCK {blockData=[blockId=conID: 1 locID: 102664013435634342 bcsId: 0,size=1048576]} | ret=SUCCESS |  
2019-08-23 02:48:45,366 [grpc-default-executor-2] INFO  client.GrpcClientProtocolClient (GrpcClientProtocolClient.java:onNext(255)) - client-B268B4322F32->17750241-545b-4219-93a1-14a6ea3d85be: receive RaftClientReply:client-B268B4322F32->17750241-545b-4219-93a1-14a6ea3d85be@group-C33FBD9556F2, cid=3347, SUCCESS, logIndex=5067, commits[17750241-545b-4219-93a1-14a6ea3d85be:c5067, 4eaaa090-573e-41d3-9f8c-c99e236d806a:c5063, 5f4cf9ee-4bed-49de-adaa-861aec894328:c5063]
2019-08-23 02:48:45,369 | INFO  | DNAudit | user=null | ip=null | op=WRITE_CHUNK {blockData=conID: 1 locID: 102664013435634342 bcsId: 0} | ret=SUCCESS |  
2019-08-23 02:48:45,369 | INFO  | DNAudit | user=null | ip=null | op=PUT_BLOCK {blockData=[blockId=conID: 1 locID: 102664013435634342 bcsId: 0,size=1048576]} | ret=SUCCESS |  
2019-08-23 02:48:45,369 [grpc-default-executor-2] INFO  client.GrpcClientProtocolClient (GrpcClientProtocolClient.java:onNext(255)) - client-B268B4322F32->17750241-545b-4219-93a1-14a6ea3d85be: receive RaftClientReply:client-B268B4322F32->17750241-545b-4219-93a1-14a6ea3d85be@group-C33FBD9556F2, cid=3348, SUCCESS, logIndex=0, commits[17750241-545b-4219-93a1-14a6ea3d85be:c5069, 4eaaa090-573e-41d3-9f8c-c99e236d806a:c5065, 5f4cf9ee-4bed-49de-adaa-861aec894328:c5065]
2019-08-23 02:48:45,376 | INFO  | DNAudit | user=null | ip=null | op=WRITE_CHUNK {blockData=conID: 1 locID: 102664013435634342 bcsId: 5067} | ret=SUCCESS |  
2019-08-23 02:48:45,378 | INFO  | DNAudit | user=null | ip=null | op=WRITE_CHUNK {blockData=conID: 1 locID: 102664013435634342 bcsId: 5067} | ret=SUCCESS |  
2019-08-23 02:48:45,378 | INFO  | DNAudit | user=null | ip=null | op=WRITE_CHUNK {blockData=conID: 1 locID: 102664013435634342 bcsId: 5067} | ret=SUCCESS |  
2019-08-23 02:48:45,380 | INFO  | DNAudit | user=null | ip=null | op=WRITE_CHUNK {blockData=conID: 1 locID: 102664013435634342 bcsId: 0} | ret=SUCCESS |  
2019-08-23 02:48:45,382 | INFO  | DNAudit | user=null | ip=null | op=WRITE_CHUNK {blockData=conID: 1 locID: 102664013435634342 bcsId: 0} | ret=SUCCESS |  
2019-08-23 02:48:45,382 | INFO  | DNAudit | user=null | ip=null | op=PUT_BLOCK {blockData=[blockId=conID: 1 locID: 102664013435634342 bcsId: 0,size=2097152]} | ret=SUCCESS |  
2019-08-23 02:48:45,393 | INFO  | DNAudit | user=null | ip=null | op=PUT_BLOCK {blockData=[blockId=conID: 1 locID: 102664013435634342 bcsId: 0,size=2097152]} | ret=SUCCESS |  
2019-08-23 02:48:45,393 | INFO  | DNAudit | user=null | ip=null | op=WRITE_CHUNK {blockData=conID: 1 locID: 102664013435634342 bcsId: 5067} | ret=SUCCESS |  
2019-08-23 02:48:45,394 | INFO  | DNAudit | user=null | ip=null | op=PUT_BLOCK {blockData=[blockId=conID: 1 locID: 102664013435634342 bcsId: 0,size=3145728]} | ret=SUCCESS |  
2019-08-23 02:48:45,394 [grpc-default-executor-1] INFO  client.GrpcClientProtocolClient (GrpcClientProtocolClient.java:onNext(255)) - client-B268B4322F32->17750241-545b-4219-93a1-14a6ea3d85be: receive RaftClientReply:client-B268B4322F32->17750241-545b-4219-93a1-14a6ea3d85be@group-C33FBD9556F2, cid=3349, SUCCESS, logIndex=5072, commits[17750241-545b-4219-93a1-14a6ea3d85be:c5073, 4eaaa090-573e-41d3-9f8c-c99e236d806a:c5069, 5f4cf9ee-4bed-49de-adaa-861aec894328:c5067]
2019-08-23 02:48:45,394 [grpc-default-executor-1] INFO  client.GrpcClientProtocolClient (GrpcClientProtocolClient.java:onNext(255)) - client-B268B4322F32->17750241-545b-4219-93a1-14a6ea3d85be: receive RaftClientReply:client-B268B4322F32->17750241-545b-4219-93a1-14a6ea3d85be@group-C33FBD9556F2, cid=3350, SUCCESS, logIndex=5073, commits[17750241-545b-4219-93a1-14a6ea3d85be:c5073, 4eaaa090-573e-41d3-9f8c-c99e236d806a:c5069, 5f4cf9ee-4bed-49de-adaa-861aec894328:c5069]
2019-08-23 02:48:45,395 | INFO  | DNAudit | user=null | ip=null | op=WRITE_CHUNK {blockData=conID: 1 locID: 102664013435634342 bcsId: 5067} | ret=SUCCESS |  
2019-08-23 02:48:45,395 | INFO  | DNAudit | user=null | ip=null | op=PUT_BLOCK {blockData=[blockId=conID: 1 locID: 102664013435634342 bcsId: 0,size=3145728]} | ret=SUCCESS |  
2019-08-23 02:48:45,395 | INFO  | DNAudit | user=null | ip=null | op=WRITE_CHUNK {blockData=conID: 1 locID: 102664013435634342 bcsId: 5067} | ret=SUCCESS |  
2019-08-23 02:48:45,395 | INFO  | DNAudit | user=null | ip=null | op=PUT_BLOCK {blockData=[blockId=conID: 1 locID: 102664013435634342 bcsId: 0,size=3145728]} | ret=SUCCESS |  
2019-08-23 02:48:45,401 | INFO  | DNAudit | user=null | ip=null | op=WRITE_CHUNK {blockData=conID: 1 locID: 102664013435634342 bcsId: 5073} | ret=SUCCESS |  
2019-08-23 02:48:45,403 | INFO  | DNAudit | user=null | ip=null | op=WRITE_CHUNK {blockData=conID: 1 locID: 102664013435634342 bcsId: 5073} | ret=SUCCESS |  
2019-08-23 02:48:45,403 | INFO  | DNAudit | user=null | ip=null | op=WRITE_CHUNK {blockData=conID: 1 locID: 102664013435634342 bcsId: 5073} | ret=SUCCESS |  
2019-08-23 02:48:45,413 | INFO  | DNAudit | user=null | ip=null | op=WRITE_CHUNK {blockData=conID: 1 locID: 102664013435634342 bcsId: 5073} | ret=SUCCESS |  
2019-08-23 02:48:45,414 | INFO  | DNAudit | user=null | ip=null | op=PUT_BLOCK {blockData=[blockId=conID: 1 locID: 102664013435634342 bcsId: 0,size=4194304]} | ret=SUCCESS |  
2019-08-23 02:48:45,414 [grpc-default-executor-5] INFO  client.GrpcClientProtocolClient (GrpcClientProtocolClient.java:onNext(255)) - client-B268B4322F32->17750241-545b-4219-93a1-14a6ea3d85be: receive RaftClientReply:client-B268B4322F32->17750241-545b-4219-93a1-14a6ea3d85be@group-C33FBD9556F2, cid=3351, SUCCESS, logIndex=5075, commits[17750241-545b-4219-93a1-14a6ea3d85be:c5076, 4eaaa090-573e-41d3-9f8c-c99e236d806a:c5074, 5f4cf9ee-4bed-49de-adaa-861aec894328:c5074]
2019-08-23 02:48:45,414 [grpc-default-executor-5] INFO  client.GrpcClientProtocolClient (GrpcClientProtocolClient.java:onNext(255)) - client-B268B4322F32->17750241-545b-4219-93a1-14a6ea3d85be: receive RaftClientReply:client-B268B4322F32->17750241-545b-4219-93a1-14a6ea3d85be@group-C33FBD9556F2, cid=3352, SUCCESS, logIndex=5076, commits[17750241-545b-4219-93a1-14a6ea3d85be:c5076, 4eaaa090-573e-41d3-9f8c-c99e236d806a:c5074, 5f4cf9ee-4bed-49de-adaa-861aec894328:c5074]
2019-08-23 02:48:45,434 | INFO  | DNAudit | user=null | ip=null | op=WRITE_CHUNK {blockData=conID: 1 locID: 102664013435634342 bcsId: 5073} | ret=SUCCESS |  
2019-08-23 02:48:45,434 | INFO  | DNAudit | user=null | ip=null | op=WRITE_CHUNK {blockData=conID: 1 locID: 102664013435634342 bcsId: 5073} | ret=SUCCESS |  
2019-08-23 02:48:45,445 | INFO  | DNAudit | user=null | ip=null | op=PUT_BLOCK {blockData=[blockId=conID: 1 locID: 102664013435634342 bcsId: 0,size=4194304]} | ret=SUCCESS |  
2019-08-23 02:48:45,446 | INFO  | DNAudit | user=null | ip=null | op=PUT_BLOCK {blockData=[blockId=conID: 1 locID: 102664013435634342 bcsId: 0,size=4194304]} | ret=SUCCESS |  
2019-08-23 02:48:45,446 [grpc-default-executor-5] INFO  client.GrpcClientProtocolClient (GrpcClientProtocolClient.java:onNext(255)) - client-B268B4322F32->17750241-545b-4219-93a1-14a6ea3d85be: receive RaftClientReply:client-B268B4322F32->17750241-545b-4219-93a1-14a6ea3d85be@group-C33FBD9556F2, cid=3353, SUCCESS, logIndex=0, commits[17750241-545b-4219-93a1-14a6ea3d85be:c5078, 4eaaa090-573e-41d3-9f8c-c99e236d806a:c5076, 5f4cf9ee-4bed-49de-adaa-861aec894328:c5076]
2019-08-23 02:48:45,448 | INFO  | SCMAudit | user=jenkins1000 | ip=192.168.34.22 | op=ALLOCATE_BLOCK {owner=31d65bc3-3f70-45f5-bbc5-e3a15f967ba6, size=4194304, type=RATIS, factor=THREE} | ret=SUCCESS |  
2019-08-23 02:48:45,456 | INFO  | OMAudit | user=jenkins1000 | ip=127.0.0.1 | op=ALLOCATE_BLOCK {volume=vol-0-78052, bucket=bucket-0-33874, key=key-0-20719, dataSize=2147483657, replicationType=RATIS, replicationFactor=THREE, keyLocationInfo=[], clientID=102664010308846034} | ret=SUCCESS |  
2019-08-23 02:48:45,470 | INFO  | DNAudit | user=null | ip=null | op=WRITE_CHUNK {blockData=conID: 2 locID: 102664013443760807 bcsId: 0} | ret=SUCCESS |  
2019-08-23 02:48:45,473 | INFO  | DNAudit | user=null | ip=null | op=WRITE_CHUNK {blockData=conID: 2 locID: 102664013443760807 bcsId: 0} | ret=SUCCESS |  
2019-08-23 02:48:45,474 | INFO  | DNAudit | user=null | ip=null | op=WRITE_CHUNK {blockData=conID: 2 locID: 102664013443760807 bcsId: 0} | ret=SUCCESS |  
2019-08-23 02:48:45,474 | INFO  | DNAudit | user=null | ip=null | op=WRITE_CHUNK {blockData=conID: 2 locID: 102664013443760807 bcsId: 0} | ret=SUCCESS |  
2019-08-23 02:48:45,477 | INFO  | DNAudit | user=null | ip=null | op=WRITE_CHUNK {blockData=conID: 2 locID: 102664013443760807 bcsId: 0} | ret=SUCCESS |  
2019-08-23 02:48:45,477 | INFO  | DNAudit | user=null | ip=null | op=WRITE_CHUNK {blockData=conID: 2 locID: 102664013443760807 bcsId: 0} | ret=SUCCESS |  
2019-08-23 02:48:45,483 | INFO  | DNAudit | user=null | ip=null | op=WRITE_CHUNK {blockData=conID: 2 locID: 102664013443760807 bcsId: 0} | ret=SUCCESS |  
2019-08-23 02:48:45,483 | INFO  | DNAudit | user=null | ip=null | op=PUT_BLOCK {blockData=[blockId=conID: 2 locID: 102664013443760807 bcsId: 0,size=1048576]} | ret=SUCCESS |  
2019-08-23 02:48:45,484 [grpc-default-executor-2] INFO  client.GrpcClientProtocolClient (GrpcClientProtocolClient.java:onNext(255)) - client-B268B4322F32->17750241-545b-4219-93a1-14a6ea3d85be: receive RaftClientReply:client-B268B4322F32->17750241-545b-4219-93a1-14a6ea3d85be@group-C33FBD9556F2, cid=3354, SUCCESS, logIndex=5079, commits[17750241-545b-4219-93a1-14a6ea3d85be:c5080, 4eaaa090-573e-41d3-9f8c-c99e236d806a:c5078, 5f4cf9ee-4bed-49de-adaa-861aec894328:c5078]
2019-08-23 02:48:45,485 | INFO  | DNAudit | user=null | ip=null | op=WRITE_CHUNK {blockData=conID: 2 locID: 102664013443760807 bcsId: 0} | ret=SUCCESS |  
2019-08-23 02:48:45,485 [grpc-default-executor-2] INFO  client.GrpcClientProtocolClient (GrpcClientProtocolClient.java:onNext(255)) - client-B268B4322F32->17750241-545b-4219-93a1-14a6ea3d85be: receive RaftClientReply:client-B268B4322F32->17750241-545b-4219-93a1-14a6ea3d85be@group-C33FBD9556F2, cid=3355, SUCCESS, logIndex=5080, commits[17750241-545b-4219-93a1-14a6ea3d85be:c5080, 4eaaa090-573e-41d3-9f8c-c99e236d806a:c5078, 5f4cf9ee-4bed-49de-adaa-861aec894328:c5078]
2019-08-23 02:48:45,485 | INFO  | DNAudit | user=null | ip=null | op=PUT_BLOCK {blockData=[blockId=conID: 2 locID: 102664013443760807 bcsId: 0,size=2097152]} | ret=SUCCESS |  
2019-08-23 02:48:45,486 [grpc-default-executor-2] INFO  client.GrpcClientProtocolClient (GrpcClientProtocolClient.java:onNext(255)) - client-B268B4322F32->17750241-545b-4219-93a1-14a6ea3d85be: receive RaftClientReply:client-B268B4322F32->17750241-545b-4219-93a1-14a6ea3d85be@group-C33FBD9556F2, cid=3356, SUCCESS, logIndex=5081, commits[17750241-545b-4219-93a1-14a6ea3d85be:c5082, 4eaaa090-573e-41d3-9f8c-c99e236d806a:c5078, 5f4cf9ee-4bed-49de-adaa-861aec894328:c5078]
2019-08-23 02:48:45,486 [grpc-default-executor-2] INFO  client.GrpcClientProtocolClient (GrpcClientProtocolClient.java:onNext(255)) - client-B268B4322F32->17750241-545b-4219-93a1-14a6ea3d85be: receive RaftClientReply:client-B268B4322F32->17750241-545b-4219-93a1-14a6ea3d85be@group-C33FBD9556F2, cid=3357, SUCCESS, logIndex=5082, commits[17750241-545b-4219-93a1-14a6ea3d85be:c5082, 4eaaa090-573e-41d3-9f8c-c99e236d806a:c5078, 5f4cf9ee-4bed-49de-adaa-861aec894328:c5078]
2019-08-23 02:48:45,496 | INFO  | DNAudit | user=null | ip=null | op=WRITE_CHUNK {blockData=conID: 2 locID: 102664013443760807 bcsId: 0} | ret=SUCCESS |  
2019-08-23 02:48:45,496 | INFO  | DNAudit | user=null | ip=null | op=PUT_BLOCK {blockData=[blockId=conID: 2 locID: 102664013443760807 bcsId: 0,size=1048576]} | ret=SUCCESS |  
2019-08-23 02:48:45,496 | INFO  | DNAudit | user=null | ip=null | op=WRITE_CHUNK {blockData=conID: 2 locID: 102664013443760807 bcsId: 0} | ret=SUCCESS |  
2019-08-23 02:48:45,496 | INFO  | DNAudit | user=null | ip=null | op=PUT_BLOCK {blockData=[blockId=conID: 2 locID: 102664013443760807 bcsId: 0,size=1048576]} | ret=SUCCESS |  
2019-08-23 02:48:45,497 | INFO  | DNAudit | user=null | ip=null | op=WRITE_CHUNK {blockData=conID: 2 locID: 102664013443760807 bcsId: 0} | ret=SUCCESS |  
2019-08-23 02:48:45,497 | INFO  | DNAudit | user=null | ip=null | op=PUT_BLOCK {blockData=[blockId=conID: 2 locID: 102664013443760807 bcsId: 0,size=2097152]} | ret=SUCCESS |  
2019-08-23 02:48:45,497 | INFO  | DNAudit | user=null | ip=null | op=WRITE_CHUNK {blockData=conID: 2 locID: 102664013443760807 bcsId: 0} | ret=SUCCESS |  
2019-08-23 02:48:45,497 [grpc-default-executor-2] INFO  client.GrpcClientProtocolClient (GrpcClientProtocolClient.java:onNext(255)) - client-B268B4322F32->17750241-545b-4219-93a1-14a6ea3d85be: receive RaftClientReply:client-B268B4322F32->17750241-545b-4219-93a1-14a6ea3d85be@group-C33FBD9556F2, cid=3358, SUCCESS, logIndex=0, commits[17750241-545b-4219-93a1-14a6ea3d85be:c5084, 4eaaa090-573e-41d3-9f8c-c99e236d806a:c5080, 5f4cf9ee-4bed-49de-adaa-861aec894328:c5080]
2019-08-23 02:48:45,497 | INFO  | DNAudit | user=null | ip=null | op=PUT_BLOCK {blockData=[blockId=conID: 2 locID: 102664013443760807 bcsId: 0,size=2097152]} | ret=SUCCESS |  
2019-08-23 02:48:45,505 | INFO  | DNAudit | user=null | ip=null | op=WRITE_CHUNK {blockData=conID: 2 locID: 102664013443760807 bcsId: 5082} | ret=SUCCESS |  
 0.00% |█                                                                                                    |  0/1 Time: 0:00:472019-08-23 02:48:45,507 | INFO  | SCMAudit | user=jenkins1000 | ip=192.168.34.22 | op=SEND_HEARTBEAT {datanodeUUID=0cedf437-a8af-4d70-bac5-ea9863093e86, command=[]} | ret=SUCCESS |  
2019-08-23 02:48:45,507 | INFO  | SCMAudit | user=jenkins1000 | ip=192.168.34.22 | op=SEND_HEARTBEAT {datanodeUUID=66ab6a68-e61f-4535-ab2f-12fe560929ed, command=[]} | ret=SUCCESS |  
2019-08-23 02:48:45,507 | INFO  | SCMAudit | user=jenkins1000 | ip=192.168.34.22 | op=SEND_HEARTBEAT {datanodeUUID=17750241-545b-4219-93a1-14a6ea3d85be, command=[]} | ret=SUCCESS |  
2019-08-23 02:48:45,507 | INFO  | SCMAudit | user=jenkins1000 | ip=192.168.34.22 | op=SEND_HEARTBEAT {datanodeUUID=5f4cf9ee-4bed-49de-adaa-861aec894328, command=[]} | ret=SUCCESS |  
2019-08-23 02:48:45,507 | INFO  | SCMAudit | user=jenkins1000 | ip=192.168.34.22 | op=SEND_HEARTBEAT {datanodeUUID=4eaaa090-573e-41d3-9f8c-c99e236d806a, command=[]} | ret=SUCCESS |  
2019-08-23 02:48:45,508 | INFO  | DNAudit | user=null | ip=null | op=WRITE_CHUNK {blockData=conID: 2 locID: 102664013443760807 bcsId: 5082} | ret=SUCCESS |  
2019-08-23 02:48:45,509 | INFO  | DNAudit | user=null | ip=null | op=WRITE_CHUNK {blockData=conID: 2 locID: 102664013443760807 bcsId: 5082} | ret=SUCCESS |  
2019-08-23 02:48:45,518 | INFO  | DNAudit | user=null | ip=null | op=WRITE_CHUNK {blockData=conID: 2 locID: 102664013443760807 bcsId: 5082} | ret=SUCCESS |  
2019-08-23 02:48:45,518 | INFO  | DNAudit | user=null | ip=null | op=PUT_BLOCK {blockData=[blockId=conID: 2 locID: 102664013443760807 bcsId: 0,size=3145728]} | ret=SUCCESS |  
2019-08-23 02:48:45,518 [grpc-default-executor-6] INFO  client.GrpcClientProtocolClient (GrpcClientProtocolClient.java:onNext(255)) - client-B268B4322F32->17750241-545b-4219-93a1-14a6ea3d85be: receive RaftClientReply:client-B268B4322F32->17750241-545b-4219-93a1-14a6ea3d85be@group-C33FBD9556F2, cid=3359, SUCCESS, logIndex=5087, commits[17750241-545b-4219-93a1-14a6ea3d85be:c5088, 4eaaa090-573e-41d3-9f8c-c99e236d806a:c5086, 5f4cf9ee-4bed-49de-adaa-861aec894328:c5086]
2019-08-23 02:48:45,519 [grpc-default-executor-6] INFO  client.GrpcClientProtocolClient (GrpcClientProtocolClient.java:onNext(255)) - client-B268B4322F32->17750241-545b-4219-93a1-14a6ea3d85be: receive RaftClientReply:client-B268B4322F32->17750241-545b-4219-93a1-14a6ea3d85be@group-C33FBD9556F2, cid=3360, SUCCESS, logIndex=5088, commits[17750241-545b-4219-93a1-14a6ea3d85be:c5088, 4eaaa090-573e-41d3-9f8c-c99e236d806a:c5086, 5f4cf9ee-4bed-49de-adaa-861aec894328:c5086]
2019-08-23 02:48:45,526 | INFO  | DNAudit | user=null | ip=null | op=WRITE_CHUNK {blockData=conID: 2 locID: 102664013443760807 bcsId: 5088} | ret=SUCCESS |  
2019-08-23 02:48:45,529 | INFO  | DNAudit | user=null | ip=null | op=WRITE_CHUNK {blockData=conID: 2 locID: 102664013443760807 bcsId: 5088} | ret=SUCCESS |  
2019-08-23 02:48:45,529 | INFO  | DNAudit | user=null | ip=null | op=WRITE_CHUNK {blockData=conID: 2 locID: 102664013443760807 bcsId: 5088} | ret=SUCCESS |  
2019-08-23 02:48:45,530 | INFO  | DNAudit | user=null | ip=null | op=WRITE_CHUNK {blockData=conID: 2 locID: 102664013443760807 bcsId: 5082} | ret=SUCCESS |  
2019-08-23 02:48:45,530 | INFO  | DNAudit | user=null | ip=null | op=WRITE_CHUNK {blockData=conID: 2 locID: 102664013443760807 bcsId: 5082} | ret=SUCCESS |  
2019-08-23 02:48:45,530 | INFO  | DNAudit | user=null | ip=null | op=PUT_BLOCK {blockData=[blockId=conID: 2 locID: 102664013443760807 bcsId: 0,size=3145728]} | ret=SUCCESS |  
2019-08-23 02:48:45,531 | INFO  | DNAudit | user=null | ip=null | op=PUT_BLOCK {blockData=[blockId=conID: 2 locID: 102664013443760807 bcsId: 0,size=3145728]} | ret=SUCCESS |  
2019-08-23 02:48:45,531 | INFO  | DNAudit | user=null | ip=null | op=WRITE_CHUNK {blockData=conID: 2 locID: 102664013443760807 bcsId: 5088} | ret=SUCCESS |  
2019-08-23 02:48:45,532 | INFO  | DNAudit | user=null | ip=null | op=PUT_BLOCK {blockData=[blockId=conID: 2 locID: 102664013443760807 bcsId: 0,size=4194304]} | ret=SUCCESS |  
2019-08-23 02:48:45,532 [grpc-default-executor-5] INFO  client.GrpcClientProtocolClient (GrpcClientProtocolClient.java:onNext(255)) - client-B268B4322F32->17750241-545b-4219-93a1-14a6ea3d85be: receive RaftClientReply:client-B268B4322F32->17750241-545b-4219-93a1-14a6ea3d85be@group-C33FBD9556F2, cid=3361, SUCCESS, logIndex=5091, commits[17750241-545b-4219-93a1-14a6ea3d85be:c5092, 4eaaa090-573e-41d3-9f8c-c99e236d806a:c5088, 5f4cf9ee-4bed-49de-adaa-861aec894328:c5088]
2019-08-23 02:48:45,532 [grpc-default-executor-5] INFO  client.GrpcClientProtocolClient (GrpcClientProtocolClient.java:onNext(255)) - client-B268B4322F32->17750241-545b-4219-93a1-14a6ea3d85be: receive RaftClientReply:client-B268B4322F32->17750241-545b-4219-93a1-14a6ea3d85be@group-C33FBD9556F2, cid=3362, SUCCESS, logIndex=5092, commits[17750241-545b-4219-93a1-14a6ea3d85be:c5092, 4eaaa090-573e-41d3-9f8c-c99e236d806a:c5088, 5f4cf9ee-4bed-49de-adaa-861aec894328:c5088]
2019-08-23 02:48:45,543 | INFO  | DNAudit | user=null | ip=null | op=WRITE_CHUNK {blockData=conID: 2 locID: 102664013443760807 bcsId: 5088} | ret=SUCCESS |  
2019-08-23 02:48:45,543 | INFO  | DNAudit | user=null | ip=null | op=WRITE_CHUNK {blockData=conID: 2 locID: 102664013443760807 bcsId: 5088} | ret=SUCCESS |  
2019-08-23 02:48:45,546 | INFO  | DNAudit | user=null | ip=null | op=PUT_BLOCK {blockData=[blockId=conID: 2 locID: 102664013443760807 bcsId: 0,size=4194304]} | ret=SUCCESS |  
2019-08-23 02:48:45,546 | INFO  | DNAudit | user=null | ip=null | op=PUT_BLOCK {blockData=[blockId=conID: 2 locID: 102664013443760807 bcsId: 0,size=4194304]} | ret=SUCCESS |  
2019-08-23 02:48:45,547 [grpc-default-executor-5] INFO  client.GrpcClientProtocolClient (GrpcClientProtocolClient.java:onNext(255)) - client-B268B4322F32->17750241-545b-4219-93a1-14a6ea3d85be: receive RaftClientReply:client-B268B4322F32->17750241-545b-4219-93a1-14a6ea3d85be@group-C33FBD9556F2, cid=3363, SUCCESS, logIndex=0, commits[17750241-545b-4219-93a1-14a6ea3d85be:c5094, 4eaaa090-573e-41d3-9f8c-c99e236d806a:c5092, 5f4cf9ee-4bed-49de-adaa-861aec894328:c5092]
2019-08-23 02:48:45,549 | INFO  | SCMAudit | user=jenkins1000 | ip=192.168.34.22 | op=ALLOCATE_BLOCK {owner=31d65bc3-3f70-45f5-bbc5-e3a15f967ba6, size=4194304, type=RATIS, factor=THREE} | ret=SUCCESS |  
2019-08-23 02:48:45,555 | INFO  | OMAudit | user=jenkins1000 | ip=127.0.0.1 | op=ALLOCATE_BLOCK {volume=vol-0-78052, bucket=bucket-0-33874, key=key-0-20719, dataSize=2147483657, replicationType=RATIS, replicationFactor=THREE, keyLocationInfo=[], clientID=102664010308846034} | ret=SUCCESS |  
2019-08-23 02:48:45,575 | INFO  | DNAudit | user=null | ip=null | op=WRITE_CHUNK {blockData=conID: 3 locID: 102664013450379944 bcsId: 0} | ret=SUCCESS |  
2019-08-23 02:48:45,578 | INFO  | DNAudit | user=null | ip=null | op=WRITE_CHUNK {blockData=conID: 3 locID: 102664013450379944 bcsId: 0} | ret=SUCCESS |  
2019-08-23 02:48:45,580 | INFO  | DNAudit | user=null | ip=null | op=WRITE_CHUNK {blockData=conID: 3 locID: 102664013450379944 bcsId: 0} | ret=SUCCESS |  
2019-08-23 02:48:45,580 | INFO  | DNAudit | user=null | ip=null | op=WRITE_CHUNK {blockData=conID: 3 locID: 102664013450379944 bcsId: 0} | ret=SUCCESS |  
2019-08-23 02:48:45,580 | INFO  | DNAudit | user=null | ip=null | op=WRITE_CHUNK {blockData=conID: 3 locID: 102664013450379944 bcsId: 0} | ret=SUCCESS |  
2019-08-23 02:48:45,581 | INFO  | DNAudit | user=null | ip=null | op=WRITE_CHUNK {blockData=conID: 3 locID: 102664013450379944 bcsId: 0} | ret=SUCCESS |  
2019-08-23 02:48:45,593 | INFO  | DNAudit | user=null | ip=null | op=WRITE_CHUNK {blockData=conID: 3 locID: 102664013450379944 bcsId: 0} | ret=SUCCESS |  
2019-08-23 02:48:45,594 | INFO  | DNAudit | user=null | ip=null | op=PUT_BLOCK {blockData=[blockId=conID: 3 locID: 102664013450379944 bcsId: 0,size=1048576]} | ret=SUCCESS |  
2019-08-23 02:48:45,594 | INFO  | DNAudit | user=null | ip=null | op=WRITE_CHUNK {blockData=conID: 3 locID: 102664013450379944 bcsId: 0} | ret=SUCCESS |  
2019-08-23 02:48:45,594 [grpc-default-executor-2] INFO  client.GrpcClientProtocolClient (GrpcClientProtocolClient.java:onNext(255)) - client-B268B4322F32->17750241-545b-4219-93a1-14a6ea3d85be: receive RaftClientReply:client-B268B4322F32->17750241-545b-4219-93a1-14a6ea3d85be@group-C33FBD9556F2, cid=3364, SUCCESS, logIndex=5095, commits[17750241-545b-4219-93a1-14a6ea3d85be:c5098, 4eaaa090-573e-41d3-9f8c-c99e236d806a:c5094, 5f4cf9ee-4bed-49de-adaa-861aec894328:c5094]
2019-08-23 02:48:45,595 | INFO  | DNAudit | user=null | ip=null | op=PUT_BLOCK {blockData=[blockId=conID: 3 locID: 102664013450379944 bcsId: 0,size=2097152]} | ret=SUCCESS |  
2019-08-23 02:48:45,595 [grpc-default-executor-2] INFO  client.GrpcClientProtocolClient (GrpcClientProtocolClient.java:onNext(255)) - client-B268B4322F32->17750241-545b-4219-93a1-14a6ea3d85be: receive RaftClientReply:client-B268B4322F32->17750241-545b-4219-93a1-14a6ea3d85be@group-C33FBD9556F2, cid=3365, SUCCESS, logIndex=5096, commits[17750241-545b-4219-93a1-14a6ea3d85be:c5098, 4eaaa090-573e-41d3-9f8c-c99e236d806a:c5094, 5f4cf9ee-4bed-49de-adaa-861aec894328:c5094]
2019-08-23 02:48:45,595 [grpc-default-executor-2] INFO  client.GrpcClientProtocolClient (GrpcClientProtocolClient.java:onNext(255)) - client-B268B4322F32->17750241-545b-4219-93a1-14a6ea3d85be: receive RaftClientReply:client-B268B4322F32->17750241-545b-4219-93a1-14a6ea3d85be@group-C33FBD9556F2, cid=3366, SUCCESS, logIndex=5097, commits[17750241-545b-4219-93a1-14a6ea3d85be:c5098, 4eaaa090-573e-41d3-9f8c-c99e236d806a:c5094, 5f4cf9ee-4bed-49de-adaa-861aec894328:c5094]
2019-08-23 02:48:45,595 [grpc-default-executor-2] INFO  client.GrpcClientProtocolClient (GrpcClientProtocolClient.java:onNext(255)) - client-B268B4322F32->17750241-545b-4219-93a1-14a6ea3d85be: receive RaftClientReply:client-B268B4322F32->17750241-545b-4219-93a1-14a6ea3d85be@group-C33FBD9556F2, cid=3367, SUCCESS, logIndex=5098, commits[17750241-545b-4219-93a1-14a6ea3d85be:c5098, 4eaaa090-573e-41d3-9f8c-c99e236d806a:c5094, 5f4cf9ee-4bed-49de-adaa-861aec894328:c5094]
2019-08-23 02:48:45,604 | INFO  | DNAudit | user=null | ip=null | op=WRITE_CHUNK {blockData=conID: 3 locID: 102664013450379944 bcsId: 0} | ret=SUCCESS |  
2019-08-23 02:48:45,604 | INFO  | DNAudit | user=null | ip=null | op=WRITE_CHUNK {blockData=conID: 3 locID: 102664013450379944 bcsId: 0} | ret=SUCCESS |  
2019-08-23 02:48:45,605 | INFO  | DNAudit | user=null | ip=null | op=PUT_BLOCK {blockData=[blockId=conID: 3 locID: 102664013450379944 bcsId: 0,size=1048576]} | ret=SUCCESS |  
2019-08-23 02:48:45,605 [grpc-default-executor-2] INFO  client.GrpcClientProtocolClient (GrpcClientProtocolClient.java:onNext(255)) - client-B268B4322F32->17750241-545b-4219-93a1-14a6ea3d85be: receive RaftClientReply:client-B268B4322F32->17750241-545b-4219-93a1-14a6ea3d85be@group-C33FBD9556F2, cid=3368, SUCCESS, logIndex=0, commits[17750241-545b-4219-93a1-14a6ea3d85be:c5099, 4eaaa090-573e-41d3-9f8c-c99e236d806a:c5096, 5f4cf9ee-4bed-49de-adaa-861aec894328:c5096]
2019-08-23 02:48:45,605 | INFO  | DNAudit | user=null | ip=null | op=PUT_BLOCK {blockData=[blockId=conID: 3 locID: 102664013450379944 bcsId: 0,size=1048576]} | ret=SUCCESS |  
2019-08-23 02:48:45,605 | INFO  | DNAudit | user=null | ip=null | op=WRITE_CHUNK {blockData=conID: 3 locID: 102664013450379944 bcsId: 0} | ret=SUCCESS |  
2019-08-23 02:48:45,605 | INFO  | DNAudit | user=null | ip=null | op=WRITE_CHUNK {blockData=conID: 3 locID: 102664013450379944 bcsId: 0} | ret=SUCCESS |  
2019-08-23 02:48:45,606 | INFO  | DNAudit | user=null | ip=null | op=PUT_BLOCK {blockData=[blockId=conID: 3 locID: 102664013450379944 bcsId: 0,size=2097152]} | ret=SUCCESS |  
2019-08-23 02:48:45,606 | INFO  | DNAudit | user=null | ip=null | op=PUT_BLOCK {blockData=[blockId=conID: 3 locID: 102664013450379944 bcsId: 0,size=2097152]} | ret=SUCCESS |  
2019-08-23 02:48:45,612 | INFO  | DNAudit | user=null | ip=null | op=WRITE_CHUNK {blockData=conID: 3 locID: 102664013450379944 bcsId: 5098} | ret=SUCCESS |  
2019-08-23 02:48:45,615 | INFO  | DNAudit | user=null | ip=null | op=WRITE_CHUNK {blockData=conID: 3 locID: 102664013450379944 bcsId: 5098} | ret=SUCCESS |  
2019-08-23 02:48:45,615 | INFO  | DNAudit | user=null | ip=null | op=WRITE_CHUNK {blockData=conID: 3 locID: 102664013450379944 bcsId: 5098} | ret=SUCCESS |  
2019-08-23 02:48:45,625 | INFO  | DNAudit | user=null | ip=null | op=WRITE_CHUNK {blockData=conID: 3 locID: 102664013450379944 bcsId: 5098} | ret=SUCCESS |  
2019-08-23 02:48:45,625 | INFO  | DNAudit | user=null | ip=null | op=PUT_BLOCK {blockData=[blockId=conID: 3 locID: 102664013450379944 bcsId: 0,size=3145728]} | ret=SUCCESS |  
2019-08-23 02:48:45,625 [grpc-default-executor-5] INFO  client.GrpcClientProtocolClient (GrpcClientProtocolClient.java:onNext(255)) - client-B268B4322F32->17750241-545b-4219-93a1-14a6ea3d85be: receive RaftClientReply:client-B268B4322F32->17750241-545b-4219-93a1-14a6ea3d85be@group-C33FBD9556F2, cid=3369, SUCCESS, logIndex=5103, commits[17750241-545b-4219-93a1-14a6ea3d85be:c5104, 4eaaa090-573e-41d3-9f8c-c99e236d806a:c5102, 5f4cf9ee-4bed-49de-adaa-861aec894328:c5102]
2019-08-23 02:48:45,626 [grpc-default-executor-5] INFO  client.GrpcClientProtocolClient (GrpcClientProtocolClient.java:onNext(255)) - client-B268B4322F32->17750241-545b-4219-93a1-14a6ea3d85be: receive RaftClientReply:client-B268B4322F32->17750241-545b-4219-93a1-14a6ea3d85be@group-C33FBD9556F2, cid=3370, SUCCESS, logIndex=5104, commits[17750241-545b-4219-93a1-14a6ea3d85be:c5104, 4eaaa090-573e-41d3-9f8c-c99e236d806a:c5102, 5f4cf9ee-4bed-49de-adaa-861aec894328:c5102]
2019-08-23 02:48:45,634 | INFO  | DNAudit | user=null | ip=null | op=WRITE_CHUNK {blockData=conID: 3 locID: 102664013450379944 bcsId: 5104} | ret=SUCCESS |  
2019-08-23 02:48:45,636 | INFO  | DNAudit | user=null | ip=null | op=WRITE_CHUNK {blockData=conID: 3 locID: 102664013450379944 bcsId: 5104} | ret=SUCCESS |  
2019-08-23 02:48:45,636 | INFO  | DNAudit | user=null | ip=null | op=WRITE_CHUNK {blockData=conID: 3 locID: 102664013450379944 bcsId: 5104} | ret=SUCCESS |  
2019-08-23 02:48:45,636 | INFO  | DNAudit | user=null | ip=null | op=WRITE_CHUNK {blockData=conID: 3 locID: 102664013450379944 bcsId: 5098} | ret=SUCCESS |  
2019-08-23 02:48:45,636 | INFO  | DNAudit | user=null | ip=null | op=WRITE_CHUNK {blockData=conID: 3 locID: 102664013450379944 bcsId: 5098} | ret=SUCCESS |  
2019-08-23 02:48:45,637 | INFO  | DNAudit | user=null | ip=null | op=PUT_BLOCK {blockData=[blockId=conID: 3 locID: 102664013450379944 bcsId: 0,size=3145728]} | ret=SUCCESS |  
2019-08-23 02:48:45,638 | INFO  | DNAudit | user=null | ip=null | op=PUT_BLOCK {blockData=[blockId=conID: 3 locID: 102664013450379944 bcsId: 0,size=3145728]} | ret=SUCCESS |  
2019-08-23 02:48:45,638 | INFO  | DNAudit | user=null | ip=null | op=WRITE_CHUNK {blockData=conID: 3 locID: 102664013450379944 bcsId: 5104} | ret=SUCCESS |  
2019-08-23 02:48:45,639 | INFO  | DNAudit | user=null | ip=null | op=PUT_BLOCK {blockData=[blockId=conID: 3 locID: 102664013450379944 bcsId: 0,size=4194304]} | ret=SUCCESS |  
2019-08-23 02:48:45,639 [grpc-default-executor-1] INFO  client.GrpcClientProtocolClient (GrpcClientProtocolClient.java:onNext(255)) - client-B268B4322F32->17750241-545b-4219-93a1-14a6ea3d85be: receive RaftClientReply:client-B268B4322F32->17750241-545b-4219-93a1-14a6ea3d85be@group-C33FBD9556F2, cid=3371, SUCCESS, logIndex=5107, commits[17750241-545b-4219-93a1-14a6ea3d85be:c5107, 4eaaa090-573e-41d3-9f8c-c99e236d806a:c5104, 5f4cf9ee-4bed-49de-adaa-861aec894328:c5104]
2019-08-23 02:48:45,639 [grpc-default-executor-1] INFO  client.GrpcClientProtocolClient (GrpcClientProtocolClient.java:onNext(255)) - client-B268B4322F32->17750241-545b-4219-93a1-14a6ea3d85be: receive RaftClientReply:client-B268B4322F32->17750241-545b-4219-93a1-14a6ea3d85be@group-C33FBD9556F2, cid=3372, SUCCESS, logIndex=5108, commits[17750241-545b-4219-93a1-14a6ea3d85be:c5108, 4eaaa090-573e-41d3-9f8c-c99e236d806a:c5104, 5f4cf9ee-4bed-49de-adaa-861aec894328:c5104]
2019-08-23 02:48:45,651 | INFO  | DNAudit | user=null | ip=null | op=WRITE_CHUNK {blockData=conID: 3 locID: 102664013450379944 bcsId: 5104} | ret=SUCCESS |  
2019-08-23 02:48:45,651 | INFO  | DNAudit | user=null | ip=null | op=WRITE_CHUNK {blockData=conID: 3 locID: 102664013450379944 bcsId: 5104} | ret=SUCCESS |  
2019-08-23 02:48:45,653 | INFO  | DNAudit | user=null | ip=null | op=PUT_BLOCK {blockData=[blockId=conID: 3 locID: 102664013450379944 bcsId: 0,size=4194304]} | ret=SUCCESS |  
2019-08-23 02:48:45,653 | INFO  | DNAudit | user=null | ip=null | op=PUT_BLOCK {blockData=[blockId=conID: 3 locID: 102664013450379944 bcsId: 0,size=4194304]} | ret=SUCCESS |  
2019-08-23 02:48:45,654 [grpc-default-executor-5] INFO  client.GrpcClientProtocolClient (GrpcClientProtocolClient.java:onNext(255)) - client-B268B4322F32->17750241-545b-4219-93a1-14a6ea3d85be: receive RaftClientReply:client-B268B4322F32->17750241-545b-4219-93a1-14a6ea3d85be@group-C33FBD9556F2, cid=3373, SUCCESS, logIndex=0, commits[17750241-545b-4219-93a1-14a6ea3d85be:c5109, 4eaaa090-573e-41d3-9f8c-c99e236d806a:c5108, 5f4cf9ee-4bed-49de-adaa-861aec894328:c5108]
2019-08-23 02:48:45,656 | INFO  | SCMAudit | user=jenkins1000 | ip=192.168.34.22 | op=ALLOCATE_BLOCK {owner=31d65bc3-3f70-45f5-bbc5-e3a15f967ba6, size=4194304, type=RATIS, factor=THREE} | ret=SUCCESS |  
2019-08-23 02:48:45,663 | INFO  | OMAudit | user=jenkins1000 | ip=127.0.0.1 | op=ALLOCATE_BLOCK {volume=vol-0-78052, bucket=bucket-0-33874, key=key-0-20719, dataSize=2147483657, replicationType=RATIS, replicationFactor=THREE, keyLocationInfo=[], clientID=102664010308846034} | ret=SUCCESS |  
2019-08-23 02:48:45,676 | INFO  | DNAudit | user=null | ip=null | op=WRITE_CHUNK {blockData=conID: 1 locID: 102664013457392297 bcsId: 0} | ret=SUCCESS |  
2019-08-23 02:48:45,678 | INFO  | DNAudit | user=null | ip=null | op=WRITE_CHUNK {blockData=conID: 1 locID: 102664013457392297 bcsId: 0} | ret=SUCCESS |  
2019-08-23 02:48:45,680 | INFO  | DNAudit | user=null | ip=null | op=WRITE_CHUNK {blockData=conID: 1 locID: 102664013457392297 bcsId: 0} | ret=SUCCESS |  
2019-08-23 02:48:45,680 | INFO  | DNAudit | user=null | ip=null | op=WRITE_CHUNK {blockData=conID: 1 locID: 102664013457392297 bcsId: 0} | ret=SUCCESS |  
2019-08-23 02:48:45,681 | INFO  | DNAudit | user=null | ip=null | op=WRITE_CHUNK {blockData=conID: 1 locID: 102664013457392297 bcsId: 0} | ret=SUCCESS |  
2019-08-23 02:48:45,682 | INFO  | DNAudit | user=null | ip=null | op=WRITE_CHUNK {blockData=conID: 1 locID: 102664013457392297 bcsId: 0} | ret=SUCCESS |  
2019-08-23 02:48:45,689 | INFO  | DNAudit | user=null | ip=null | op=WRITE_CHUNK {blockData=conID: 1 locID: 102664013457392297 bcsId: 0} | ret=SUCCESS |  
2019-08-23 02:48:45,690 | INFO  | DNAudit | user=null | ip=null | op=PUT_BLOCK {blockData=[blockId=conID: 1 locID: 102664013457392297 bcsId: 0,size=1048576]} | ret=SUCCESS |  
2019-08-23 02:48:45,690 [grpc-default-executor-5] INFO  client.GrpcClientProtocolClient (GrpcClientProtocolClient.java:onNext(255)) - client-B268B4322F32->17750241-545b-4219-93a1-14a6ea3d85be: receive RaftClientReply:client-B268B4322F32->17750241-545b-4219-93a1-14a6ea3d85be@group-C33FBD9556F2, cid=3374, SUCCESS, logIndex=5111, commits[17750241-545b-4219-93a1-14a6ea3d85be:c5114, 4eaaa090-573e-41d3-9f8c-c99e236d806a:c5110, 5f4cf9ee-4bed-49de-adaa-861aec894328:c5110]
2019-08-23 02:48:45,690 | INFO  | DNAudit | user=null | ip=null | op=WRITE_CHUNK {blockData=conID: 1 locID: 102664013457392297 bcsId: 0} | ret=SUCCESS |  
2019-08-23 02:48:45,691 | INFO  | DNAudit | user=null | ip=null | op=PUT_BLOCK {blockData=[blockId=conID: 1 locID: 102664013457392297 bcsId: 0,size=2097152]} | ret=SUCCESS |  
2019-08-23 02:48:45,691 [grpc-default-executor-5] INFO  client.GrpcClientProtocolClient (GrpcClientProtocolClient.java:onNext(255)) - client-B268B4322F32->17750241-545b-4219-93a1-14a6ea3d85be: receive RaftClientReply:client-B268B4322F32->17750241-545b-4219-93a1-14a6ea3d85be@group-C33FBD9556F2, cid=3375, SUCCESS, logIndex=5112, commits[17750241-545b-4219-93a1-14a6ea3d85be:c5114, 4eaaa090-573e-41d3-9f8c-c99e236d806a:c5110, 5f4cf9ee-4bed-49de-adaa-861aec894328:c5110]
2019-08-23 02:48:45,691 [grpc-default-executor-5] INFO  client.GrpcClientProtocolClient (GrpcClientProtocolClient.java:onNext(255)) - client-B268B4322F32->17750241-545b-4219-93a1-14a6ea3d85be: receive RaftClientReply:client-B268B4322F32->17750241-545b-4219-93a1-14a6ea3d85be@group-C33FBD9556F2, cid=3376, SUCCESS, logIndex=5113, commits[17750241-545b-4219-93a1-14a6ea3d85be:c5114, 4eaaa090-573e-41d3-9f8c-c99e236d806a:c5110, 5f4cf9ee-4bed-49de-adaa-861aec894328:c5110]
2019-08-23 02:48:45,691 [grpc-default-executor-5] INFO  client.GrpcClientProtocolClient (GrpcClientProtocolClient.java:onNext(255)) - client-B268B4322F32->17750241-545b-4219-93a1-14a6ea3d85be: receive RaftClientReply:client-B268B4322F32->17750241-545b-4219-93a1-14a6ea3d85be@group-C33FBD9556F2, cid=3377, SUCCESS, logIndex=5114, commits[17750241-545b-4219-93a1-14a6ea3d85be:c5114, 4eaaa090-573e-41d3-9f8c-c99e236d806a:c5110, 5f4cf9ee-4bed-49de-adaa-861aec894328:c5110]
2019-08-23 02:48:45,721 | INFO  | DNAudit | user=null | ip=null | op=WRITE_CHUNK {blockData=conID: 1 locID: 102664013457392297 bcsId: 0} | ret=SUCCESS |  
2019-08-23 02:48:45,722 | INFO  | DNAudit | user=null | ip=null | op=WRITE_CHUNK {blockData=conID: 1 locID: 102664013457392297 bcsId: 0} | ret=SUCCESS |  
2019-08-23 02:48:45,722 | INFO  | DNAudit | user=null | ip=null | op=PUT_BLOCK {blockData=[blockId=conID: 1 locID: 102664013457392297 bcsId: 0,size=1048576]} | ret=SUCCESS |  
2019-08-23 02:48:45,722 | INFO  | DNAudit | user=null | ip=null | op=PUT_BLOCK {blockData=[blockId=conID: 1 locID: 102664013457392297 bcsId: 0,size=1048576]} | ret=SUCCESS |  
2019-08-23 02:48:45,723 | INFO  | DNAudit | user=null | ip=null | op=WRITE_CHUNK {blockData=conID: 1 locID: 102664013457392297 bcsId: 0} | ret=SUCCESS |  
2019-08-23 02:48:45,723 [grpc-default-executor-5] INFO  client.GrpcClientProtocolClient (GrpcClientProtocolClient.java:onNext(255)) - client-B268B4322F32->17750241-545b-4219-93a1-14a6ea3d85be: receive RaftClientReply:client-B268B4322F32->17750241-545b-4219-93a1-14a6ea3d85be@group-C33FBD9556F2, cid=3378, SUCCESS, logIndex=0, commits[17750241-545b-4219-93a1-14a6ea3d85be:c5115, 4eaaa090-573e-41d3-9f8c-c99e236d806a:c5112, 5f4cf9ee-4bed-49de-adaa-861aec894328:c5112]
2019-08-23 02:48:45,723 | INFO  | DNAudit | user=null | ip=null | op=PUT_BLOCK {blockData=[blockId=conID: 1 locID: 102664013457392297 bcsId: 0,size=2097152]} | ret=SUCCESS |  
2019-08-23 02:48:45,724 | INFO  | DNAudit | user=null | ip=null | op=WRITE_CHUNK {blockData=conID: 1 locID: 102664013457392297 bcsId: 0} | ret=SUCCESS |  
2019-08-23 02:48:45,725 | INFO  | DNAudit | user=null | ip=null | op=PUT_BLOCK {blockData=[blockId=conID: 1 locID: 102664013457392297 bcsId: 0,size=2097152]} | ret=SUCCESS |  
2019-08-23 02:48:45,730 | INFO  | DNAudit | user=null | ip=null | op=WRITE_CHUNK {blockData=conID: 1 locID: 102664013457392297 bcsId: 5114} | ret=SUCCESS |  
2019-08-23 02:48:45,733 | INFO  | DNAudit | user=null | ip=null | op=WRITE_CHUNK {blockData=conID: 1 locID: 102664013457392297 bcsId: 5114} | ret=SUCCESS |  
2019-08-23 02:48:45,735 | INFO  | DNAudit | user=null | ip=null | op=WRITE_CHUNK {blockData=conID: 1 locID: 102664013457392297 bcsId: 5114} | ret=SUCCESS |  
2019-08-23 02:48:45,746 | INFO  | DNAudit | user=null | ip=null | op=WRITE_CHUNK {blockData=conID: 1 locID: 102664013457392297 bcsId: 5114} | ret=SUCCESS |  
2019-08-23 02:48:45,747 | INFO  | DNAudit | user=null | ip=null | op=PUT_BLOCK {blockData=[blockId=conID: 1 locID: 102664013457392297 bcsId: 0,size=3145728]} | ret=SUCCESS |  
2019-08-23 02:48:45,747 [grpc-default-executor-1] INFO  client.GrpcClientProtocolClient (GrpcClientProtocolClient.java:onNext(255)) - client-B268B4322F32->17750241-545b-4219-93a1-14a6ea3d85be: receive RaftClientReply:client-B268B4322F32->17750241-545b-4219-93a1-14a6ea3d85be@group-C33FBD9556F2, cid=3379, SUCCESS, logIndex=5119, commits[17750241-545b-4219-93a1-14a6ea3d85be:c5120, 4eaaa090-573e-41d3-9f8c-c99e236d806a:c5118, 5f4cf9ee-4bed-49de-adaa-861aec894328:c5118]
2019-08-23 02:48:45,747 [grpc-default-executor-1] INFO  client.GrpcClientProtocolClient (GrpcClientProtocolClient.java:onNext(255)) - client-B268B4322F32->17750241-545b-4219-93a1-14a6ea3d85be: receive RaftClientReply:client-B268B4322F32->17750241-545b-4219-93a1-14a6ea3d85be@group-C33FBD9556F2, cid=3380, SUCCESS, logIndex=5120, commits[17750241-545b-4219-93a1-14a6ea3d85be:c5120, 4eaaa090-573e-41d3-9f8c-c99e236d806a:c5118, 5f4cf9ee-4bed-49de-adaa-861aec894328:c5118]
2019-08-23 02:48:45,747 | INFO  | DNAudit | user=null | ip=null | op=WRITE_CHUNK {blockData=conID: 1 locID: 102664013457392297 bcsId: 5114} | ret=SUCCESS |  
2019-08-23 02:48:45,748 | INFO  | DNAudit | user=null | ip=null | op=PUT_BLOCK {blockData=[blockId=conID: 1 locID: 102664013457392297 bcsId: 0,size=3145728]} | ret=SUCCESS |  
2019-08-23 02:48:45,748 | INFO  | DNAudit | user=null | ip=null | op=WRITE_CHUNK {blockData=conID: 1 locID: 102664013457392297 bcsId: 5114} | ret=SUCCESS |  
2019-08-23 02:48:45,748 | INFO  | DNAudit | user=null | ip=null | op=PUT_BLOCK {blockData=[blockId=conID: 1 locID: 102664013457392297 bcsId: 0,size=3145728]} | ret=SUCCESS |  
2019-08-23 02:48:45,754 | INFO  | DNAudit | user=null | ip=null | op=WRITE_CHUNK {blockData=conID: 1 locID: 102664013457392297 bcsId: 5120} | ret=SUCCESS |  
2019-08-23 02:48:45,757 | INFO  | DNAudit | user=null | ip=null | op=WRITE_CHUNK {blockData=conID: 1 locID: 102664013457392297 bcsId: 5120} | ret=SUCCESS |  
2019-08-23 02:48:45,757 | INFO  | DNAudit | user=null | ip=null | op=WRITE_CHUNK {blockData=conID: 1 locID: 102664013457392297 bcsId: 5120} | ret=SUCCESS |  
2019-08-23 02:48:45,766 | INFO  | DNAudit | user=null | ip=null | op=WRITE_CHUNK {blockData=conID: 1 locID: 102664013457392297 bcsId: 5120} | ret=SUCCESS |  
2019-08-23 02:48:45,766 | INFO  | DNAudit | user=null | ip=null | op=PUT_BLOCK {blockData=[blockId=conID: 1 locID: 102664013457392297 bcsId: 0,size=4194304]} | ret=SUCCESS |  
2019-08-23 02:48:45,766 [grpc-default-executor-1] INFO  client.GrpcClientProtocolClient (GrpcClientProtocolClient.java:onNext(255)) - client-B268B4322F32->17750241-545b-4219-93a1-14a6ea3d85be: receive RaftClientReply:client-B268B4322F32->17750241-545b-4219-93a1-14a6ea3d85be@group-C33FBD9556F2, cid=3381, SUCCESS, logIndex=5123, commits[17750241-545b-4219-93a1-14a6ea3d85be:c5124, 4eaaa090-573e-41d3-9f8c-c99e236d806a:c5122, 5f4cf9ee-4bed-49de-adaa-861aec894328:c5122]
2019-08-23 02:48:45,767 [grpc-default-executor-1] INFO  client.GrpcClientProtocolClient (GrpcClientProtocolClient.java:onNext(255)) - client-B268B4322F32->17750241-545b-4219-93a1-14a6ea3d85be: receive RaftClientReply:client-B268B4322F32->17750241-545b-4219-93a1-14a6ea3d85be@group-C33FBD9556F2, cid=3382, SUCCESS, logIndex=5124, commits[17750241-545b-4219-93a1-14a6ea3d85be:c5124, 4eaaa090-573e-41d3-9f8c-c99e236d806a:c5122, 5f4cf9ee-4bed-49de-adaa-861aec894328:c5122]
2019-08-23 02:48:45,777 | INFO  | DNAudit | user=null | ip=null | op=WRITE_CHUNK {blockData=conID: 1 locID: 102664013457392297 bcsId: 5120} | ret=SUCCESS |  
2019-08-23 02:48:45,777 | INFO  | DNAudit | user=null | ip=null | op=WRITE_CHUNK {blockData=conID: 1 locID: 102664013457392297 bcsId: 5120} | ret=SUCCESS |  
2019-08-23 02:48:45,780 | INFO  | DNAudit | user=null | ip=null | op=PUT_BLOCK {blockData=[blockId=conID: 1 locID: 102664013457392297 bcsId: 0,size=4194304]} | ret=SUCCESS |  
2019-08-23 02:48:45,780 | INFO  | DNAudit | user=null | ip=null | op=PUT_BLOCK {blockData=[blockId=conID: 1 locID: 102664013457392297 bcsId: 0,size=4194304]} | ret=SUCCESS |  
2019-08-23 02:48:45,781 [grpc-default-executor-1] INFO  client.GrpcClientProtocolClient (GrpcClientProtocolClient.java:onNext(255)) - client-B268B4322F32->17750241-545b-4219-93a1-14a6ea3d85be: receive RaftClientReply:client-B268B4322F32->17750241-545b-4219-93a1-14a6ea3d85be@group-C33FBD9556F2, cid=3383, SUCCESS, logIndex=0, commits[17750241-545b-4219-93a1-14a6ea3d85be:c5126, 4eaaa090-573e-41d3-9f8c-c99e236d806a:c5124, 5f4cf9ee-4bed-49de-adaa-861aec894328:c5124]
2019-08-23 02:48:45,783 | INFO  | SCMAudit | user=jenkins1000 | ip=192.168.34.22 | op=ALLOCATE_BLOCK {owner=31d65bc3-3f70-45f5-bbc5-e3a15f967ba6, size=4194304, type=RATIS, factor=THREE} | ret=SUCCESS |  
2019-08-23 02:48:45,790 | INFO  | OMAudit | user=jenkins1000 | ip=127.0.0.1 | op=ALLOCATE_BLOCK {volume=vol-0-78052, bucket=bucket-0-33874, key=key-0-20719, dataSize=2147483657, replicationType=RATIS, replicationFactor=THREE, keyLocationInfo=[], clientID=102664010308846034} | ret=SUCCESS |  
2019-08-23 02:48:45,804 | INFO  | DNAudit | user=null | ip=null | op=WRITE_CHUNK {blockData=conID: 2 locID: 102664013465715370 bcsId: 0} | ret=SUCCESS |  
2019-08-23 02:48:45,805 | INFO  | DNAudit | user=null | ip=null | op=WRITE_CHUNK {blockData=conID: 2 locID: 102664013465715370 bcsId: 0} | ret=SUCCESS |  
2019-08-23 02:48:45,807 | INFO  | DNAudit | user=null | ip=null | op=WRITE_CHUNK {blockData=conID: 2 locID: 102664013465715370 bcsId: 0} | ret=SUCCESS |  
2019-08-23 02:48:45,807 | INFO  | DNAudit | user=null | ip=null | op=WRITE_CHUNK {blockData=conID: 2 locID: 102664013465715370 bcsId: 0} | ret=SUCCESS |  
2019-08-23 02:48:45,808 | INFO  | DNAudit | user=null | ip=null | op=WRITE_CHUNK {blockData=conID: 2 locID: 102664013465715370 bcsId: 0} | ret=SUCCESS |  
2019-08-23 02:48:45,809 | INFO  | DNAudit | user=null | ip=null | op=WRITE_CHUNK {blockData=conID: 2 locID: 102664013465715370 bcsId: 0} | ret=SUCCESS |  
2019-08-23 02:48:45,820 | INFO  | DNAudit | user=null | ip=null | op=WRITE_CHUNK {blockData=conID: 2 locID: 102664013465715370 bcsId: 0} | ret=SUCCESS |  
2019-08-23 02:48:45,820 | INFO  | DNAudit | user=null | ip=null | op=PUT_BLOCK {blockData=[blockId=conID: 2 locID: 102664013465715370 bcsId: 0,size=1048576]} | ret=SUCCESS |  
2019-08-23 02:48:45,820 [grpc-default-executor-2] INFO  client.GrpcClientProtocolClient (GrpcClientProtocolClient.java:onNext(255)) - client-B268B4322F32->17750241-545b-4219-93a1-14a6ea3d85be: receive RaftClientReply:client-B268B4322F32->17750241-545b-4219-93a1-14a6ea3d85be@group-C33FBD9556F2, cid=3384, SUCCESS, logIndex=5127, commits[17750241-545b-4219-93a1-14a6ea3d85be:c5129, 4eaaa090-573e-41d3-9f8c-c99e236d806a:c5126, 5f4cf9ee-4bed-49de-adaa-861aec894328:c5126]
2019-08-23 02:48:45,820 | INFO  | DNAudit | user=null | ip=null | op=WRITE_CHUNK {blockData=conID: 2 locID: 102664013465715370 bcsId: 0} | ret=SUCCESS |  
2019-08-23 02:48:45,821 [grpc-default-executor-2] INFO  client.GrpcClientProtocolClient (GrpcClientProtocolClient.java:onNext(255)) - client-B268B4322F32->17750241-545b-4219-93a1-14a6ea3d85be: receive RaftClientReply:client-B268B4322F32->17750241-545b-4219-93a1-14a6ea3d85be@group-C33FBD9556F2, cid=3385, SUCCESS, logIndex=5128, commits[17750241-545b-4219-93a1-14a6ea3d85be:c5130, 4eaaa090-573e-41d3-9f8c-c99e236d806a:c5126, 5f4cf9ee-4bed-49de-adaa-861aec894328:c5126]
2019-08-23 02:48:45,821 | INFO  | DNAudit | user=null | ip=null | op=PUT_BLOCK {blockData=[blockId=conID: 2 locID: 102664013465715370 bcsId: 0,size=2097152]} | ret=SUCCESS |  
2019-08-23 02:48:45,821 [grpc-default-executor-2] INFO  client.GrpcClientProtocolClient (GrpcClientProtocolClient.java:onNext(255)) - client-B268B4322F32->17750241-545b-4219-93a1-14a6ea3d85be: receive RaftClientReply:client-B268B4322F32->17750241-545b-4219-93a1-14a6ea3d85be@group-C33FBD9556F2, cid=3386, SUCCESS, logIndex=5129, commits[17750241-545b-4219-93a1-14a6ea3d85be:c5130, 4eaaa090-573e-41d3-9f8c-c99e236d806a:c5126, 5f4cf9ee-4bed-49de-adaa-861aec894328:c5126]
2019-08-23 02:48:45,821 [grpc-default-executor-2] INFO  client.GrpcClientProtocolClient (GrpcClientProtocolClient.java:onNext(255)) - client-B268B4322F32->17750241-545b-4219-93a1-14a6ea3d85be: receive RaftClientReply:client-B268B4322F32->17750241-545b-4219-93a1-14a6ea3d85be@group-C33FBD9556F2, cid=3387, SUCCESS, logIndex=5130, commits[17750241-545b-4219-93a1-14a6ea3d85be:c5130, 4eaaa090-573e-41d3-9f8c-c99e236d806a:c5126, 5f4cf9ee-4bed-49de-adaa-861aec894328:c5126]
2019-08-23 02:48:45,831 | INFO  | DNAudit | user=null | ip=null | op=WRITE_CHUNK {blockData=conID: 2 locID: 102664013465715370 bcsId: 0} | ret=SUCCESS |  
2019-08-23 02:48:45,831 | INFO  | DNAudit | user=null | ip=null | op=WRITE_CHUNK {blockData=conID: 2 locID: 102664013465715370 bcsId: 0} | ret=SUCCESS |  
2019-08-23 02:48:45,831 | INFO  | DNAudit | user=null | ip=null | op=PUT_BLOCK {blockData=[blockId=conID: 2 locID: 102664013465715370 bcsId: 0,size=1048576]} | ret=SUCCESS |  
2019-08-23 02:48:45,832 | INFO  | DNAudit | user=null | ip=null | op=WRITE_CHUNK {blockData=conID: 2 locID: 102664013465715370 bcsId: 0} | ret=SUCCESS |  
2019-08-23 02:48:45,832 | INFO  | DNAudit | user=null | ip=null | op=PUT_BLOCK {blockData=[blockId=conID: 2 locID: 102664013465715370 bcsId: 0,size=1048576]} | ret=SUCCESS |  
2019-08-23 02:48:45,832 | INFO  | DNAudit | user=null | ip=null | op=WRITE_CHUNK {blockData=conID: 2 locID: 102664013465715370 bcsId: 0} | ret=SUCCESS |  
2019-08-23 02:48:45,832 | INFO  | DNAudit | user=null | ip=null | op=PUT_BLOCK {blockData=[blockId=conID: 2 locID: 102664013465715370 bcsId: 0,size=2097152]} | ret=SUCCESS |  
2019-08-23 02:48:45,832 | INFO  | DNAudit | user=null | ip=null | op=PUT_BLOCK {blockData=[blockId=conID: 2 locID: 102664013465715370 bcsId: 0,size=2097152]} | ret=SUCCESS |  
2019-08-23 02:48:45,832 [grpc-default-executor-1] INFO  client.GrpcClientProtocolClient (GrpcClientProtocolClient.java:onNext(255)) - client-B268B4322F32->17750241-545b-4219-93a1-14a6ea3d85be: receive RaftClientReply:client-B268B4322F32->17750241-545b-4219-93a1-14a6ea3d85be@group-C33FBD9556F2, cid=3388, SUCCESS, logIndex=0, commits[17750241-545b-4219-93a1-14a6ea3d85be:c5133, 4eaaa090-573e-41d3-9f8c-c99e236d806a:c5129, 5f4cf9ee-4bed-49de-adaa-861aec894328:c5128]
2019-08-23 02:48:45,841 | INFO  | DNAudit | user=null | ip=null | op=WRITE_CHUNK {blockData=conID: 2 locID: 102664013465715370 bcsId: 5130} | ret=SUCCESS |  
2019-08-23 02:48:45,843 | INFO  | DNAudit | user=null | ip=null | op=WRITE_CHUNK {blockData=conID: 2 locID: 102664013465715370 bcsId: 5130} | ret=SUCCESS |  
2019-08-23 02:48:45,843 | INFO  | DNAudit | user=null | ip=null | op=WRITE_CHUNK {blockData=conID: 2 locID: 102664013465715370 bcsId: 5130} | ret=SUCCESS |  
2019-08-23 02:48:45,854 | INFO  | DNAudit | user=null | ip=null | op=WRITE_CHUNK {blockData=conID: 2 locID: 102664013465715370 bcsId: 5130} | ret=SUCCESS |  
2019-08-23 02:48:45,855 | INFO  | DNAudit | user=null | ip=null | op=PUT_BLOCK {blockData=[blockId=conID: 2 locID: 102664013465715370 bcsId: 0,size=3145728]} | ret=SUCCESS |  
2019-08-23 02:48:45,855 [grpc-default-executor-5] INFO  client.GrpcClientProtocolClient (GrpcClientProtocolClient.java:onNext(255)) - client-B268B4322F32->17750241-545b-4219-93a1-14a6ea3d85be: receive RaftClientReply:client-B268B4322F32->17750241-545b-4219-93a1-14a6ea3d85be@group-C33FBD9556F2, cid=3389, SUCCESS, logIndex=5135, commits[17750241-545b-4219-93a1-14a6ea3d85be:c5136, 4eaaa090-573e-41d3-9f8c-c99e236d806a:c5134, 5f4cf9ee-4bed-49de-adaa-861aec894328:c5134]
2019-08-23 02:48:45,856 [grpc-default-executor-5] INFO  client.GrpcClientProtocolClient (GrpcClientProtocolClient.java:onNext(255)) - client-B268B4322F32->17750241-545b-4219-93a1-14a6ea3d85be: receive RaftClientReply:client-B268B4322F32->17750241-545b-4219-93a1-14a6ea3d85be@group-C33FBD9556F2, cid=3390, SUCCESS, logIndex=5136, commits[17750241-545b-4219-93a1-14a6ea3d85be:c5136, 4eaaa090-573e-41d3-9f8c-c99e236d806a:c5134, 5f4cf9ee-4bed-49de-adaa-861aec894328:c5134]
 0.00% |█                                                                                                    |  0/1 Time: 0:00:492019-08-23 02:48:46,629 [Thread-273] WARN  util.JavaUtils (JavaUtils.java:sleep(250)) - Unexpected long sleep: sleep(5181ms) actually took 5944ms which is over the threshold 300ms
2019-08-23 02:48:46,631 | INFO  | SCMAudit | user=jenkins1000 | ip=192.168.34.22 | op=SEND_HEARTBEAT {datanodeUUID=0cedf437-a8af-4d70-bac5-ea9863093e86, command=[]} | ret=SUCCESS |  
2019-08-23 02:48:46,631 | INFO  | SCMAudit | user=jenkins1000 | ip=192.168.34.22 | op=SEND_HEARTBEAT {datanodeUUID=5f4cf9ee-4bed-49de-adaa-861aec894328, command=[]} | ret=SUCCESS |  
2019-08-23 02:48:46,631 | INFO  | SCMAudit | user=jenkins1000 | ip=192.168.34.22 | op=SEND_HEARTBEAT {datanodeUUID=4eaaa090-573e-41d3-9f8c-c99e236d806a, command=[]} | ret=SUCCESS |  
2019-08-23 02:48:46,631 | INFO  | SCMAudit | user=jenkins1000 | ip=192.168.34.22 | op=SEND_HEARTBEAT {datanodeUUID=17750241-545b-4219-93a1-14a6ea3d85be, command=[]} | ret=SUCCESS |  
2019-08-23 02:48:46,631 | INFO  | SCMAudit | user=jenkins1000 | ip=192.168.34.22 | op=SEND_HEARTBEAT {datanodeUUID=66ab6a68-e61f-4535-ab2f-12fe560929ed, command=[]} | ret=SUCCESS |  
2019-08-23 02:48:46,632 | INFO  | DNAudit | user=null | ip=null | op=WRITE_CHUNK {blockData=conID: 2 locID: 102664013465715370 bcsId: 5130} | ret=SUCCESS |  
2019-08-23 02:48:46,632 | INFO  | DNAudit | user=null | ip=null | op=WRITE_CHUNK {blockData=conID: 2 locID: 102664013465715370 bcsId: 5130} | ret=SUCCESS |  
2019-08-23 02:48:46,639 | INFO  | DNAudit | user=null | ip=null | op=WRITE_CHUNK {blockData=conID: 2 locID: 102664013465715370 bcsId: 5136} | ret=SUCCESS |  
2019-08-23 02:48:46,642 | INFO  | DNAudit | user=null | ip=null | op=PUT_BLOCK {blockData=[blockId=conID: 2 locID: 102664013465715370 bcsId: 0,size=3145728]} | ret=SUCCESS |  
2019-08-23 02:48:46,642 | INFO  | DNAudit | user=null | ip=null | op=PUT_BLOCK {blockData=[blockId=conID: 2 locID: 102664013465715370 bcsId: 0,size=3145728]} | ret=SUCCESS |  
2019-08-23 02:48:46,644 | INFO  | DNAudit | user=null | ip=null | op=WRITE_CHUNK {blockData=conID: 2 locID: 102664013465715370 bcsId: 5136} | ret=SUCCESS |  
2019-08-23 02:48:46,644 | INFO  | DNAudit | user=null | ip=null | op=WRITE_CHUNK {blockData=conID: 2 locID: 102664013465715370 bcsId: 5136} | ret=SUCCESS |  
2019-08-23 02:48:46,656 | INFO  | DNAudit | user=null | ip=null | op=WRITE_CHUNK {blockData=conID: 2 locID: 102664013465715370 bcsId: 5136} | ret=SUCCESS |  
2019-08-23 02:48:46,657 | INFO  | DNAudit | user=null | ip=null | op=PUT_BLOCK {blockData=[blockId=conID: 2 locID: 102664013465715370 bcsId: 0,size=4194304]} | ret=SUCCESS |  
2019-08-23 02:48:46,657 | INFO  | DNAudit | user=null | ip=null | op=WRITE_CHUNK {blockData=conID: 2 locID: 102664013465715370 bcsId: 5136} | ret=SUCCESS |  
2019-08-23 02:48:46,657 [grpc-default-executor-2] INFO  client.GrpcClientProtocolClient (GrpcClientProtocolClient.java:onNext(255)) - client-B268B4322F32->17750241-545b-4219-93a1-14a6ea3d85be: receive RaftClientReply:client-B268B4322F32->17750241-545b-4219-93a1-14a6ea3d85be@group-C33FBD9556F2, cid=3391, SUCCESS, logIndex=5139, commits[17750241-545b-4219-93a1-14a6ea3d85be:c5140, 4eaaa090-573e-41d3-9f8c-c99e236d806a:c5137, 5f4cf9ee-4bed-49de-adaa-861aec894328:c5137]
2019-08-23 02:48:46,658 [grpc-default-executor-2] INFO  client.GrpcClientProtocolClient (GrpcClientProtocolClient.java:onNext(255)) - client-B268B4322F32->17750241-545b-4219-93a1-14a6ea3d85be: receive RaftClientReply:client-B268B4322F32->17750241-545b-4219-93a1-14a6ea3d85be@group-C33FBD9556F2, cid=3392, SUCCESS, logIndex=5140, commits[17750241-545b-4219-93a1-14a6ea3d85be:c5140, 4eaaa090-573e-41d3-9f8c-c99e236d806a:c5137, 5f4cf9ee-4bed-49de-adaa-861aec894328:c5137]
2019-08-23 02:48:46,659 | INFO  | DNAudit | user=null | ip=null | op=WRITE_CHUNK {blockData=conID: 2 locID: 102664013465715370 bcsId: 5136} | ret=SUCCESS |  
2019-08-23 02:48:46,671 | INFO  | DNAudit | user=null | ip=null | op=PUT_BLOCK {blockData=[blockId=conID: 2 locID: 102664013465715370 bcsId: 0,size=4194304]} | ret=SUCCESS |  
2019-08-23 02:48:46,671 | INFO  | DNAudit | user=null | ip=null | op=PUT_BLOCK {blockData=[blockId=conID: 2 locID: 102664013465715370 bcsId: 0,size=4194304]} | ret=SUCCESS |  
2019-08-23 02:48:46,672 [grpc-default-executor-2] INFO  client.GrpcClientProtocolClient (GrpcClientProtocolClient.java:onNext(255)) - client-B268B4322F32->17750241-545b-4219-93a1-14a6ea3d85be: receive RaftClientReply:client-B268B4322F32->17750241-545b-4219-93a1-14a6ea3d85be@group-C33FBD9556F2, cid=3393, SUCCESS, logIndex=0, commits[17750241-545b-4219-93a1-14a6ea3d85be:c5142, 4eaaa090-573e-41d3-9f8c-c99e236d806a:c5140, 5f4cf9ee-4bed-49de-adaa-861aec894328:c5140]
2019-08-23 02:48:46,676 | INFO  | SCMAudit | user=jenkins1000 | ip=192.168.34.22 | op=ALLOCATE_BLOCK {owner=31d65bc3-3f70-45f5-bbc5-e3a15f967ba6, size=4194304, type=RATIS, factor=THREE} | ret=SUCCESS |  
2019-08-23 02:48:46,685 | INFO  | OMAudit | user=jenkins1000 | ip=127.0.0.1 | op=ALLOCATE_BLOCK {volume=vol-0-78052, bucket=bucket-0-33874, key=key-0-20719, dataSize=2147483657, replicationType=RATIS, replicationFactor=THREE, keyLocationInfo=[], clientID=102664010308846034} | ret=SUCCESS |  
2019-08-23 02:48:46,700 | INFO  | DNAudit | user=null | ip=null | op=WRITE_CHUNK {blockData=conID: 3 locID: 102664013524239019 bcsId: 0} | ret=SUCCESS |  
2019-08-23 02:48:46,703 | INFO  | DNAudit | user=null | ip=null | op=WRITE_CHUNK {blockData=conID: 3 locID: 102664013524239019 bcsId: 0} | ret=SUCCESS |  
2019-08-23 02:48:46,704 | INFO  | DNAudit | user=null | ip=null | op=WRITE_CHUNK {blockData=conID: 3 locID: 102664013524239019 bcsId: 0} | ret=SUCCESS |  
2019-08-23 02:48:46,705 | INFO  | DNAudit | user=null | ip=null | op=WRITE_CHUNK {blockData=conID: 3 locID: 102664013524239019 bcsId: 0} | ret=SUCCESS |  
2019-08-23 02:48:46,707 | INFO  | DNAudit | user=null | ip=null | op=WRITE_CHUNK {blockData=conID: 3 locID: 102664013524239019 bcsId: 0} | ret=SUCCESS |  
2019-08-23 02:48:46,708 | INFO  | DNAudit | user=null | ip=null | op=WRITE_CHUNK {blockData=conID: 3 locID: 102664013524239019 bcsId: 0} | ret=SUCCESS |  
2019-08-23 02:48:46,715 | INFO  | DNAudit | user=null | ip=null | op=WRITE_CHUNK {blockData=conID: 3 locID: 102664013524239019 bcsId: 0} | ret=SUCCESS |  
2019-08-23 02:48:46,715 | INFO  | DNAudit | user=null | ip=null | op=PUT_BLOCK {blockData=[blockId=conID: 3 locID: 102664013524239019 bcsId: 0,size=1048576]} | ret=SUCCESS |  
2019-08-23 02:48:46,716 [grpc-default-executor-1] INFO  client.GrpcClientProtocolClient (GrpcClientProtocolClient.java:onNext(255)) - client-B268B4322F32->17750241-545b-4219-93a1-14a6ea3d85be: receive RaftClientReply:client-B268B4322F32->17750241-545b-4219-93a1-14a6ea3d85be@group-C33FBD9556F2, cid=3394, SUCCESS, logIndex=5143, commits[17750241-545b-4219-93a1-14a6ea3d85be:c5144, 4eaaa090-573e-41d3-9f8c-c99e236d806a:c5140, 5f4cf9ee-4bed-49de-adaa-861aec894328:c5142]
2019-08-23 02:48:46,717 [grpc-default-executor-1] INFO  client.GrpcClientProtocolClient (GrpcClientProtocolClient.java:onNext(255)) - client-B268B4322F32->17750241-545b-4219-93a1-14a6ea3d85be: receive RaftClientReply:client-B268B4322F32->17750241-545b-4219-93a1-14a6ea3d85be@group-C33FBD9556F2, cid=3395, SUCCESS, logIndex=5144, commits[17750241-545b-4219-93a1-14a6ea3d85be:c5144, 4eaaa090-573e-41d3-9f8c-c99e236d806a:c5140, 5f4cf9ee-4bed-49de-adaa-861aec894328:c5142]
2019-08-23 02:48:46,717 | INFO  | DNAudit | user=null | ip=null | op=WRITE_CHUNK {blockData=conID: 3 locID: 102664013524239019 bcsId: 0} | ret=SUCCESS |  
2019-08-23 02:48:46,718 | INFO  | DNAudit | user=null | ip=null | op=PUT_BLOCK {blockData=[blockId=conID: 3 locID: 102664013524239019 bcsId: 0,size=2097152]} | ret=SUCCESS |  
2019-08-23 02:48:46,718 [grpc-default-executor-1] INFO  client.GrpcClientProtocolClient (GrpcClientProtocolClient.java:onNext(255)) - client-B268B4322F32->17750241-545b-4219-93a1-14a6ea3d85be: receive RaftClientReply:client-B268B4322F32->17750241-545b-4219-93a1-14a6ea3d85be@group-C33FBD9556F2, cid=3396, SUCCESS, logIndex=5145, commits[17750241-545b-4219-93a1-14a6ea3d85be:c5146, 4eaaa090-573e-41d3-9f8c-c99e236d806a:c5142, 5f4cf9ee-4bed-49de-adaa-861aec894328:c5142]
2019-08-23 02:48:46,718 [grpc-default-executor-1] INFO  client.GrpcClientProtocolClient (GrpcClientProtocolClient.java:onNext(255)) - client-B268B4322F32->17750241-545b-4219-93a1-14a6ea3d85be: receive RaftClientReply:client-B268B4322F32->17750241-545b-4219-93a1-14a6ea3d85be@group-C33FBD9556F2, cid=3397, SUCCESS, logIndex=5146, commits[17750241-545b-4219-93a1-14a6ea3d85be:c5146, 4eaaa090-573e-41d3-9f8c-c99e236d806a:c5142, 5f4cf9ee-4bed-49de-adaa-861aec894328:c5142]
2019-08-23 02:48:46,719 | INFO  | DNAudit | user=null | ip=null | op=WRITE_CHUNK {blockData=conID: 3 locID: 102664013524239019 bcsId: 0} | ret=SUCCESS |  
2019-08-23 02:48:46,719 | INFO  | DNAudit | user=null | ip=null | op=PUT_BLOCK {blockData=[blockId=conID: 3 locID: 102664013524239019 bcsId: 0,size=1048576]} | ret=SUCCESS |  
2019-08-23 02:48:46,719 | INFO  | DNAudit | user=null | ip=null | op=WRITE_CHUNK {blockData=conID: 3 locID: 102664013524239019 bcsId: 0} | ret=SUCCESS |  
2019-08-23 02:48:46,720 | INFO  | DNAudit | user=null | ip=null | op=PUT_BLOCK {blockData=[blockId=conID: 3 locID: 102664013524239019 bcsId: 0,size=1048576]} | ret=SUCCESS |  
2019-08-23 02:48:46,720 [grpc-default-executor-5] INFO  client.GrpcClientProtocolClient (GrpcClientProtocolClient.java:onNext(255)) - client-B268B4322F32->17750241-545b-4219-93a1-14a6ea3d85be: receive RaftClientReply:client-B268B4322F32->17750241-545b-4219-93a1-14a6ea3d85be@group-C33FBD9556F2, cid=3398, SUCCESS, logIndex=0, commits[17750241-545b-4219-93a1-14a6ea3d85be:c5148, 4eaaa090-573e-41d3-9f8c-c99e236d806a:c5144, 5f4cf9ee-4bed-49de-adaa-861aec894328:c5144]
2019-08-23 02:48:46,728 | INFO  | DNAudit | user=null | ip=null | op=WRITE_CHUNK {blockData=conID: 3 locID: 102664013524239019 bcsId: 5146} | ret=SUCCESS |  
2019-08-23 02:48:46,730 | INFO  | DNAudit | user=null | ip=null | op=WRITE_CHUNK {blockData=conID: 3 locID: 102664013524239019 bcsId: 0} | ret=SUCCESS |  
2019-08-23 02:48:46,731 | INFO  | DNAudit | user=null | ip=null | op=WRITE_CHUNK {blockData=conID: 3 locID: 102664013524239019 bcsId: 0} | ret=SUCCESS |  
2019-08-23 02:48:46,731 | INFO  | DNAudit | user=null | ip=null | op=WRITE_CHUNK {blockData=conID: 3 locID: 102664013524239019 bcsId: 5146} | ret=SUCCESS |  
2019-08-23 02:48:46,731 | INFO  | DNAudit | user=null | ip=null | op=PUT_BLOCK {blockData=[blockId=conID: 3 locID: 102664013524239019 bcsId: 0,size=2097152]} | ret=SUCCESS |  
2019-08-23 02:48:46,731 | INFO  | DNAudit | user=null | ip=null | op=PUT_BLOCK {blockData=[blockId=conID: 3 locID: 102664013524239019 bcsId: 0,size=2097152]} | ret=SUCCESS |  
2019-08-23 02:48:46,732 | INFO  | DNAudit | user=null | ip=null | op=WRITE_CHUNK {blockData=conID: 3 locID: 102664013524239019 bcsId: 5146} | ret=SUCCESS |  
2019-08-23 02:48:46,743 | INFO  | DNAudit | user=null | ip=null | op=WRITE_CHUNK {blockData=conID: 3 locID: 102664013524239019 bcsId: 5146} | ret=SUCCESS |  
2019-08-23 02:48:46,743 | INFO  | DNAudit | user=null | ip=null | op=PUT_BLOCK {blockData=[blockId=conID: 3 locID: 102664013524239019 bcsId: 0,size=3145728]} | ret=SUCCESS |  
2019-08-23 02:48:46,743 [grpc-default-executor-2] INFO  client.GrpcClientProtocolClient (GrpcClientProtocolClient.java:onNext(255)) - client-B268B4322F32->17750241-545b-4219-93a1-14a6ea3d85be: receive RaftClientReply:client-B268B4322F32->17750241-545b-4219-93a1-14a6ea3d85be@group-C33FBD9556F2, cid=3399, SUCCESS, logIndex=5151, commits[17750241-545b-4219-93a1-14a6ea3d85be:c5152, 4eaaa090-573e-41d3-9f8c-c99e236d806a:c5148, 5f4cf9ee-4bed-49de-adaa-861aec894328:c5146]
2019-08-23 02:48:46,744 [grpc-default-executor-2] INFO  client.GrpcClientProtocolClient (GrpcClientProtocolClient.java:onNext(255)) - client-B268B4322F32->17750241-545b-4219-93a1-14a6ea3d85be: receive RaftClientReply:client-B268B4322F32->17750241-545b-4219-93a1-14a6ea3d85be@group-C33FBD9556F2, cid=3400, SUCCESS, logIndex=5152, commits[17750241-545b-4219-93a1-14a6ea3d85be:c5152, 4eaaa090-573e-41d3-9f8c-c99e236d806a:c5148, 5f4cf9ee-4bed-49de-adaa-861aec894328:c5148]
2019-08-23 02:48:46,746 | INFO  | DNAudit | user=null | ip=null | op=WRITE_CHUNK {blockData=conID: 3 locID: 102664013524239019 bcsId: 5146} | ret=SUCCESS |  
2019-08-23 02:48:46,746 | INFO  | DNAudit | user=null | ip=null | op=WRITE_CHUNK {blockData=conID: 3 locID: 102664013524239019 bcsId: 5146} | ret=SUCCESS |  
2019-08-23 02:48:46,746 | INFO  | DNAudit | user=null | ip=null | op=PUT_BLOCK {blockData=[blockId=conID: 3 locID: 102664013524239019 bcsId: 0,size=3145728]} | ret=SUCCESS |  
2019-08-23 02:48:46,746 | INFO  | DNAudit | user=null | ip=null | op=PUT_BLOCK {blockData=[blockId=conID: 3 locID: 102664013524239019 bcsId: 0,size=3145728]} | ret=SUCCESS |  
2019-08-23 02:48:46,752 | INFO  | DNAudit | user=null | ip=null | op=WRITE_CHUNK {blockData=conID: 3 locID: 102664013524239019 bcsId: 5152} | ret=SUCCESS |  
2019-08-23 02:48:46,754 | INFO  | DNAudit | user=null | ip=null | op=WRITE_CHUNK {blockData=conID: 3 locID: 102664013524239019 bcsId: 5152} | ret=SUCCESS |  
2019-08-23 02:48:46,755 | INFO  | DNAudit | user=null | ip=null | op=WRITE_CHUNK {blockData=conID: 3 locID: 102664013524239019 bcsId: 5152} | ret=SUCCESS |  
2019-08-23 02:48:46,760 | INFO  | DNAudit | user=null | ip=null | op=WRITE_CHUNK {blockData=conID: 3 locID: 102664013524239019 bcsId: 5152} | ret=SUCCESS |  
2019-08-23 02:48:46,761 | INFO  | DNAudit | user=null | ip=null | op=PUT_BLOCK {blockData=[blockId=conID: 3 locID: 102664013524239019 bcsId: 0,size=4194304]} | ret=SUCCESS |  
2019-08-23 02:48:46,761 [grpc-default-executor-1] INFO  client.GrpcClientProtocolClient (GrpcClientProtocolClient.java:onNext(255)) - client-B268B4322F32->17750241-545b-4219-93a1-14a6ea3d85be: receive RaftClientReply:client-B268B4322F32->17750241-545b-4219-93a1-14a6ea3d85be@group-C33FBD9556F2, cid=3401, SUCCESS, logIndex=5155, commits[17750241-545b-4219-93a1-14a6ea3d85be:c5156, 4eaaa090-573e-41d3-9f8c-c99e236d806a:c5153, 5f4cf9ee-4bed-49de-adaa-861aec894328:c5153]
2019-08-23 02:48:46,761 [grpc-default-executor-1] INFO  client.GrpcClientProtocolClient (GrpcClientProtocolClient.java:onNext(255)) - client-B268B4322F32->17750241-545b-4219-93a1-14a6ea3d85be: receive RaftClientReply:client-B268B4322F32->17750241-545b-4219-93a1-14a6ea3d85be@group-C33FBD9556F2, cid=3402, SUCCESS, logIndex=5156, commits[17750241-545b-4219-93a1-14a6ea3d85be:c5156, 4eaaa090-573e-41d3-9f8c-c99e236d806a:c5153, 5f4cf9ee-4bed-49de-adaa-861aec894328:c5153]
2019-08-23 02:48:46,772 | INFO  | DNAudit | user=null | ip=null | op=WRITE_CHUNK {blockData=conID: 3 locID: 102664013524239019 bcsId: 5152} | ret=SUCCESS |  
2019-08-23 02:48:46,772 | INFO  | DNAudit | user=null | ip=null | op=WRITE_CHUNK {blockData=conID: 3 locID: 102664013524239019 bcsId: 5152} | ret=SUCCESS |  
2019-08-23 02:48:46,775 | INFO  | DNAudit | user=null | ip=null | op=PUT_BLOCK {blockData=[blockId=conID: 3 locID: 102664013524239019 bcsId: 0,size=4194304]} | ret=SUCCESS |  
2019-08-23 02:48:46,775 | INFO  | DNAudit | user=null | ip=null | op=PUT_BLOCK {blockData=[blockId=conID: 3 locID: 102664013524239019 bcsId: 0,size=4194304]} | ret=SUCCESS |  
2019-08-23 02:48:46,775 [grpc-default-executor-1] INFO  client.GrpcClientProtocolClient (GrpcClientProtocolClient.java:onNext(255)) - client-B268B4322F32->17750241-545b-4219-93a1-14a6ea3d85be: receive RaftClientReply:client-B268B4322F32->17750241-545b-4219-93a1-14a6ea3d85be@group-C33FBD9556F2, cid=3403, SUCCESS, logIndex=0, commits[17750241-545b-4219-93a1-14a6ea3d85be:c5158, 4eaaa090-573e-41d3-9f8c-c99e236d806a:c5156, 5f4cf9ee-4bed-49de-adaa-861aec894328:c5156]
2019-08-23 02:48:46,777 | INFO  | SCMAudit | user=jenkins1000 | ip=192.168.34.22 | op=ALLOCATE_BLOCK {owner=31d65bc3-3f70-45f5-bbc5-e3a15f967ba6, size=4194304, type=RATIS, factor=THREE} | ret=SUCCESS |  
2019-08-23 02:48:46,783 | INFO  | OMAudit | user=jenkins1000 | ip=127.0.0.1 | op=ALLOCATE_BLOCK {volume=vol-0-78052, bucket=bucket-0-33874, key=key-0-20719, dataSize=2147483657, replicationType=RATIS, replicationFactor=THREE, keyLocationInfo=[], clientID=102664010308846034} | ret=SUCCESS |  
2019-08-23 02:48:46,796 | INFO  | DNAudit | user=null | ip=null | op=WRITE_CHUNK {blockData=conID: 1 locID: 102664013530858156 bcsId: 0} | ret=SUCCESS |  
2019-08-23 02:48:46,799 | INFO  | DNAudit | user=null | ip=null | op=WRITE_CHUNK {blockData=conID: 1 locID: 102664013530858156 bcsId: 0} | ret=SUCCESS |  
2019-08-23 02:48:46,800 | INFO  | DNAudit | user=null | ip=null | op=WRITE_CHUNK {blockData=conID: 1 locID: 102664013530858156 bcsId: 0} | ret=SUCCESS |  
2019-08-23 02:48:46,801 | INFO  | DNAudit | user=null | ip=null | op=WRITE_CHUNK {blockData=conID: 1 locID: 102664013530858156 bcsId: 0} | ret=SUCCESS |  
2019-08-23 02:48:46,804 | INFO  | DNAudit | user=null | ip=null | op=WRITE_CHUNK {blockData=conID: 1 locID: 102664013530858156 bcsId: 0} | ret=SUCCESS |  
2019-08-23 02:48:46,804 | INFO  | DNAudit | user=null | ip=null | op=WRITE_CHUNK {blockData=conID: 1 locID: 102664013530858156 bcsId: 0} | ret=SUCCESS |  
2019-08-23 02:48:46,808 | INFO  | DNAudit | user=null | ip=null | op=WRITE_CHUNK {blockData=conID: 1 locID: 102664013530858156 bcsId: 0} | ret=SUCCESS |  
2019-08-23 02:48:46,809 | INFO  | DNAudit | user=null | ip=null | op=PUT_BLOCK {blockData=[blockId=conID: 1 locID: 102664013530858156 bcsId: 0,size=1048576]} | ret=SUCCESS |  
2019-08-23 02:48:46,809 [grpc-default-executor-2] INFO  client.GrpcClientProtocolClient (GrpcClientProtocolClient.java:onNext(255)) - client-B268B4322F32->17750241-545b-4219-93a1-14a6ea3d85be: receive RaftClientReply:client-B268B4322F32->17750241-545b-4219-93a1-14a6ea3d85be@group-C33FBD9556F2, cid=3404, SUCCESS, logIndex=5159, commits[17750241-545b-4219-93a1-14a6ea3d85be:c5160, 4eaaa090-573e-41d3-9f8c-c99e236d806a:c5158, 5f4cf9ee-4bed-49de-adaa-861aec894328:c5158]
2019-08-23 02:48:46,809 | INFO  | DNAudit | user=null | ip=null | op=WRITE_CHUNK {blockData=conID: 1 locID: 102664013530858156 bcsId: 0} | ret=SUCCESS |  
2019-08-23 02:48:46,810 | INFO  | DNAudit | user=null | ip=null | op=PUT_BLOCK {blockData=[blockId=conID: 1 locID: 102664013530858156 bcsId: 0,size=2097152]} | ret=SUCCESS |  
2019-08-23 02:48:46,810 [grpc-default-executor-2] INFO  client.GrpcClientProtocolClient (GrpcClientProtocolClient.java:onNext(255)) - client-B268B4322F32->17750241-545b-4219-93a1-14a6ea3d85be: receive RaftClientReply:client-B268B4322F32->17750241-545b-4219-93a1-14a6ea3d85be@group-C33FBD9556F2, cid=3405, SUCCESS, logIndex=5160, commits[17750241-545b-4219-93a1-14a6ea3d85be:c5161, 4eaaa090-573e-41d3-9f8c-c99e236d806a:c5158, 5f4cf9ee-4bed-49de-adaa-861aec894328:c5158]
2019-08-23 02:48:46,810 [grpc-default-executor-2] INFO  client.GrpcClientProtocolClient (GrpcClientProtocolClient.java:onNext(255)) - client-B268B4322F32->17750241-545b-4219-93a1-14a6ea3d85be: receive RaftClientReply:client-B268B4322F32->17750241-545b-4219-93a1-14a6ea3d85be@group-C33FBD9556F2, cid=3406, SUCCESS, logIndex=5161, commits[17750241-545b-4219-93a1-14a6ea3d85be:c5162, 4eaaa090-573e-41d3-9f8c-c99e236d806a:c5158, 5f4cf9ee-4bed-49de-adaa-861aec894328:c5158]
2019-08-23 02:48:46,810 [grpc-default-executor-2] INFO  client.GrpcClientProtocolClient (GrpcClientProtocolClient.java:onNext(255)) - client-B268B4322F32->17750241-545b-4219-93a1-14a6ea3d85be: receive RaftClientReply:client-B268B4322F32->17750241-545b-4219-93a1-14a6ea3d85be@group-C33FBD9556F2, cid=3407, SUCCESS, logIndex=5162, commits[17750241-545b-4219-93a1-14a6ea3d85be:c5162, 4eaaa090-573e-41d3-9f8c-c99e236d806a:c5158, 5f4cf9ee-4bed-49de-adaa-861aec894328:c5158]
2019-08-23 02:48:46,827 | INFO  | DNAudit | user=null | ip=null | op=WRITE_CHUNK {blockData=conID: 1 locID: 102664013530858156 bcsId: 0} | ret=SUCCESS |  
2019-08-23 02:48:46,827 | INFO  | DNAudit | user=null | ip=null | op=WRITE_CHUNK {blockData=conID: 1 locID: 102664013530858156 bcsId: 0} | ret=SUCCESS |  
2019-08-23 02:48:46,828 | INFO  | DNAudit | user=null | ip=null | op=PUT_BLOCK {blockData=[blockId=conID: 1 locID: 102664013530858156 bcsId: 0,size=1048576]} | ret=SUCCESS |  
2019-08-23 02:48:46,828 | INFO  | DNAudit | user=null | ip=null | op=PUT_BLOCK {blockData=[blockId=conID: 1 locID: 102664013530858156 bcsId: 0,size=1048576]} | ret=SUCCESS |  
2019-08-23 02:48:46,828 | INFO  | DNAudit | user=null | ip=null | op=WRITE_CHUNK {blockData=conID: 1 locID: 102664013530858156 bcsId: 0} | ret=SUCCESS |  
2019-08-23 02:48:46,828 | INFO  | DNAudit | user=null | ip=null | op=WRITE_CHUNK {blockData=conID: 1 locID: 102664013530858156 bcsId: 0} | ret=SUCCESS |  
2019-08-23 02:48:46,828 | INFO  | DNAudit | user=null | ip=null | op=PUT_BLOCK {blockData=[blockId=conID: 1 locID: 102664013530858156 bcsId: 0,size=2097152]} | ret=SUCCESS |  
2019-08-23 02:48:46,828 | INFO  | DNAudit | user=null | ip=null | op=PUT_BLOCK {blockData=[blockId=conID: 1 locID: 102664013530858156 bcsId: 0,size=2097152]} | ret=SUCCESS |  
2019-08-23 02:48:46,828 [grpc-default-executor-2] INFO  client.GrpcClientProtocolClient (GrpcClientProtocolClient.java:onNext(255)) - client-B268B4322F32->17750241-545b-4219-93a1-14a6ea3d85be: receive RaftClientReply:client-B268B4322F32->17750241-545b-4219-93a1-14a6ea3d85be@group-C33FBD9556F2, cid=3408, SUCCESS, logIndex=0, commits[17750241-545b-4219-93a1-14a6ea3d85be:c5163, 4eaaa090-573e-41d3-9f8c-c99e236d806a:c5160, 5f4cf9ee-4bed-49de-adaa-861aec894328:c5160]
2019-08-23 02:48:46,837 | INFO  | DNAudit | user=null | ip=null | op=WRITE_CHUNK {blockData=conID: 1 locID: 102664013530858156 bcsId: 5162} | ret=SUCCESS |  
2019-08-23 02:48:46,840 | INFO  | DNAudit | user=null | ip=null | op=WRITE_CHUNK {blockData=conID: 1 locID: 102664013530858156 bcsId: 5162} | ret=SUCCESS |  
2019-08-23 02:48:46,840 | INFO  | DNAudit | user=null | ip=null | op=WRITE_CHUNK {blockData=conID: 1 locID: 102664013530858156 bcsId: 5162} | ret=SUCCESS |  
2019-08-23 02:48:46,848 | INFO  | DNAudit | user=null | ip=null | op=WRITE_CHUNK {blockData=conID: 1 locID: 102664013530858156 bcsId: 5162} | ret=SUCCESS |  
2019-08-23 02:48:46,849 | INFO  | DNAudit | user=null | ip=null | op=PUT_BLOCK {blockData=[blockId=conID: 1 locID: 102664013530858156 bcsId: 0,size=3145728]} | ret=SUCCESS |  
2019-08-23 02:48:46,849 [grpc-default-executor-6] INFO  client.GrpcClientProtocolClient (GrpcClientProtocolClient.java:onNext(255)) - client-B268B4322F32->17750241-545b-4219-93a1-14a6ea3d85be: receive RaftClientReply:client-B268B4322F32->17750241-545b-4219-93a1-14a6ea3d85be@group-C33FBD9556F2, cid=3409, SUCCESS, logIndex=5167, commits[17750241-545b-4219-93a1-14a6ea3d85be:c5168, 4eaaa090-573e-41d3-9f8c-c99e236d806a:c5166, 5f4cf9ee-4bed-49de-adaa-861aec894328:c5166]
2019-08-23 02:48:46,850 [grpc-default-executor-6] INFO  client.GrpcClientProtocolClient (GrpcClientProtocolClient.java:onNext(255)) - client-B268B4322F32->17750241-545b-4219-93a1-14a6ea3d85be: receive RaftClientReply:client-B268B4322F32->17750241-545b-4219-93a1-14a6ea3d85be@group-C33FBD9556F2, cid=3410, SUCCESS, logIndex=5168, commits[17750241-545b-4219-93a1-14a6ea3d85be:c5168, 4eaaa090-573e-41d3-9f8c-c99e236d806a:c5166, 5f4cf9ee-4bed-49de-adaa-861aec894328:c5166]
2019-08-23 02:48:46,850 | INFO  | DNAudit | user=null | ip=null | op=WRITE_CHUNK {blockData=conID: 1 locID: 102664013530858156 bcsId: 5162} | ret=SUCCESS |  
2019-08-23 02:48:46,851 | INFO  | DNAudit | user=null | ip=null | op=WRITE_CHUNK {blockData=conID: 1 locID: 102664013530858156 bcsId: 5162} | ret=SUCCESS |  
2019-08-23 02:48:46,852 | INFO  | DNAudit | user=null | ip=null | op=PUT_BLOCK {blockData=[blockId=conID: 1 locID: 102664013530858156 bcsId: 0,size=3145728]} | ret=SUCCESS |  
2019-08-23 02:48:46,853 | INFO  | DNAudit | user=null | ip=null | op=PUT_BLOCK {blockData=[blockId=conID: 1 locID: 102664013530858156 bcsId: 0,size=3145728]} | ret=SUCCESS |  
2019-08-23 02:48:46,858 | INFO  | DNAudit | user=null | ip=null | op=WRITE_CHUNK {blockData=conID: 1 locID: 102664013530858156 bcsId: 5168} | ret=SUCCESS |  
2019-08-23 02:48:46,861 | INFO  | DNAudit | user=null | ip=null | op=WRITE_CHUNK {blockData=conID: 1 locID: 102664013530858156 bcsId: 5168} | ret=SUCCESS |  
2019-08-23 02:48:46,861 | INFO  | DNAudit | user=null | ip=null | op=WRITE_CHUNK {blockData=conID: 1 locID: 102664013530858156 bcsId: 5168} | ret=SUCCESS |  
2019-08-23 02:48:46,871 | INFO  | DNAudit | user=null | ip=null | op=WRITE_CHUNK {blockData=conID: 1 locID: 102664013530858156 bcsId: 5168} | ret=SUCCESS |  
2019-08-23 02:48:46,872 | INFO  | DNAudit | user=null | ip=null | op=PUT_BLOCK {blockData=[blockId=conID: 1 locID: 102664013530858156 bcsId: 0,size=4194304]} | ret=SUCCESS |  
2019-08-23 02:48:46,872 [grpc-default-executor-2] INFO  client.GrpcClientProtocolClient (GrpcClientProtocolClient.java:onNext(255)) - client-B268B4322F32->17750241-545b-4219-93a1-14a6ea3d85be: receive RaftClientReply:client-B268B4322F32->17750241-545b-4219-93a1-14a6ea3d85be@group-C33FBD9556F2, cid=3411, SUCCESS, logIndex=5171, commits[17750241-545b-4219-93a1-14a6ea3d85be:c5172, 4eaaa090-573e-41d3-9f8c-c99e236d806a:c5170, 5f4cf9ee-4bed-49de-adaa-861aec894328:c5168]
2019-08-23 02:48:46,872 [grpc-default-executor-2] INFO  client.GrpcClientProtocolClient (GrpcClientProtocolClient.java:onNext(255)) - client-B268B4322F32->17750241-545b-4219-93a1-14a6ea3d85be: receive RaftClientReply:client-B268B4322F32->17750241-545b-4219-93a1-14a6ea3d85be@group-C33FBD9556F2, cid=3412, SUCCESS, logIndex=5172, commits[17750241-545b-4219-93a1-14a6ea3d85be:c5172, 4eaaa090-573e-41d3-9f8c-c99e236d806a:c5170, 5f4cf9ee-4bed-49de-adaa-861aec894328:c5168]
2019-08-23 02:48:46,874 | INFO  | DNAudit | user=null | ip=null | op=WRITE_CHUNK {blockData=conID: 1 locID: 102664013530858156 bcsId: 5168} | ret=SUCCESS |  
2019-08-23 02:48:46,874 | INFO  | DNAudit | user=null | ip=null | op=WRITE_CHUNK {blockData=conID: 1 locID: 102664013530858156 bcsId: 5168} | ret=SUCCESS |  
2019-08-23 02:48:46,874 | INFO  | DNAudit | user=null | ip=null | op=PUT_BLOCK {blockData=[blockId=conID: 1 locID: 102664013530858156 bcsId: 0,size=4194304]} | ret=SUCCESS |  
2019-08-23 02:48:46,874 | INFO  | DNAudit | user=null | ip=null | op=PUT_BLOCK {blockData=[blockId=conID: 1 locID: 102664013530858156 bcsId: 0,size=4194304]} | ret=SUCCESS |  
2019-08-23 02:48:46,875 [grpc-default-executor-2] INFO  client.GrpcClientProtocolClient (GrpcClientProtocolClient.java:onNext(255)) - client-B268B4322F32->17750241-545b-4219-93a1-14a6ea3d85be: receive RaftClientReply:client-B268B4322F32->17750241-545b-4219-93a1-14a6ea3d85be@group-C33FBD9556F2, cid=3413, SUCCESS, logIndex=0, commits[17750241-545b-4219-93a1-14a6ea3d85be:c5173, 4eaaa090-573e-41d3-9f8c-c99e236d806a:c5172, 5f4cf9ee-4bed-49de-adaa-861aec894328:c5172]
2019-08-23 02:48:46,877 | INFO  | SCMAudit | user=jenkins1000 | ip=192.168.34.22 | op=ALLOCATE_BLOCK {owner=31d65bc3-3f70-45f5-bbc5-e3a15f967ba6, size=4194304, type=RATIS, factor=THREE} | ret=SUCCESS |  
2019-08-23 02:48:46,883 | INFO  | OMAudit | user=jenkins1000 | ip=127.0.0.1 | op=ALLOCATE_BLOCK {volume=vol-0-78052, bucket=bucket-0-33874, key=key-0-20719, dataSize=2147483657, replicationType=RATIS, replicationFactor=THREE, keyLocationInfo=[], clientID=102664010308846034} | ret=SUCCESS |  
2019-08-23 02:48:46,895 | INFO  | DNAudit | user=null | ip=null | op=WRITE_CHUNK {blockData=conID: 2 locID: 102664013537411757 bcsId: 0} | ret=SUCCESS |  
2019-08-23 02:48:46,897 | INFO  | DNAudit | user=null | ip=null | op=WRITE_CHUNK {blockData=conID: 2 locID: 102664013537411757 bcsId: 0} | ret=SUCCESS |  
2019-08-23 02:48:46,898 | INFO  | DNAudit | user=null | ip=null | op=WRITE_CHUNK {blockData=conID: 2 locID: 102664013537411757 bcsId: 0} | ret=SUCCESS |  
2019-08-23 02:48:46,899 | INFO  | DNAudit | user=null | ip=null | op=WRITE_CHUNK {blockData=conID: 2 locID: 102664013537411757 bcsId: 0} | ret=SUCCESS |  
2019-08-23 02:48:46,901 | INFO  | DNAudit | user=null | ip=null | op=WRITE_CHUNK {blockData=conID: 2 locID: 102664013537411757 bcsId: 0} | ret=SUCCESS |  
2019-08-23 02:48:46,902 | INFO  | DNAudit | user=null | ip=null | op=WRITE_CHUNK {blockData=conID: 2 locID: 102664013537411757 bcsId: 0} | ret=SUCCESS |  
2019-08-23 02:48:46,907 | INFO  | DNAudit | user=null | ip=null | op=WRITE_CHUNK {blockData=conID: 2 locID: 102664013537411757 bcsId: 0} | ret=SUCCESS |  
2019-08-23 02:48:46,907 | INFO  | DNAudit | user=null | ip=null | op=PUT_BLOCK {blockData=[blockId=conID: 2 locID: 102664013537411757 bcsId: 0,size=1048576]} | ret=SUCCESS |  
2019-08-23 02:48:46,908 | INFO  | DNAudit | user=null | ip=null | op=WRITE_CHUNK {blockData=conID: 2 locID: 102664013537411757 bcsId: 0} | ret=SUCCESS |  
2019-08-23 02:48:46,908 [grpc-default-executor-6] INFO  client.GrpcClientProtocolClient (GrpcClientProtocolClient.java:onNext(255)) - client-B268B4322F32->17750241-545b-4219-93a1-14a6ea3d85be: receive RaftClientReply:client-B268B4322F32->17750241-545b-4219-93a1-14a6ea3d85be@group-C33FBD9556F2, cid=3414, SUCCESS, logIndex=5175, commits[17750241-545b-4219-93a1-14a6ea3d85be:c5176, 4eaaa090-573e-41d3-9f8c-c99e236d806a:c5174, 5f4cf9ee-4bed-49de-adaa-861aec894328:c5174]
2019-08-23 02:48:46,908 | INFO  | DNAudit | user=null | ip=null | op=PUT_BLOCK {blockData=[blockId=conID: 2 locID: 102664013537411757 bcsId: 0,size=2097152]} | ret=SUCCESS |  
2019-08-23 02:48:46,908 [grpc-default-executor-6] INFO  client.GrpcClientProtocolClient (GrpcClientProtocolClient.java:onNext(255)) - client-B268B4322F32->17750241-545b-4219-93a1-14a6ea3d85be: receive RaftClientReply:client-B268B4322F32->17750241-545b-4219-93a1-14a6ea3d85be@group-C33FBD9556F2, cid=3415, SUCCESS, logIndex=5176, commits[17750241-545b-4219-93a1-14a6ea3d85be:c5178, 4eaaa090-573e-41d3-9f8c-c99e236d806a:c5174, 5f4cf9ee-4bed-49de-adaa-861aec894328:c5174]
2019-08-23 02:48:46,908 [grpc-default-executor-6] INFO  client.GrpcClientProtocolClient (GrpcClientProtocolClient.java:onNext(255)) - client-B268B4322F32->17750241-545b-4219-93a1-14a6ea3d85be: receive RaftClientReply:client-B268B4322F32->17750241-545b-4219-93a1-14a6ea3d85be@group-C33FBD9556F2, cid=3416, SUCCESS, logIndex=5177, commits[17750241-545b-4219-93a1-14a6ea3d85be:c5178, 4eaaa090-573e-41d3-9f8c-c99e236d806a:c5174, 5f4cf9ee-4bed-49de-adaa-861aec894328:c5174]
2019-08-23 02:48:46,909 [grpc-default-executor-6] INFO  client.GrpcClientProtocolClient (GrpcClientProtocolClient.java:onNext(255)) - client-B268B4322F32->17750241-545b-4219-93a1-14a6ea3d85be: receive RaftClientReply:client-B268B4322F32->17750241-545b-4219-93a1-14a6ea3d85be@group-C33FBD9556F2, cid=3417, SUCCESS, logIndex=5178, commits[17750241-545b-4219-93a1-14a6ea3d85be:c5178, 4eaaa090-573e-41d3-9f8c-c99e236d806a:c5174, 5f4cf9ee-4bed-49de-adaa-861aec894328:c5174]
2019-08-23 02:48:46,911 | INFO  | DNAudit | user=null | ip=null | op=WRITE_CHUNK {blockData=conID: 2 locID: 102664013537411757 bcsId: 0} | ret=SUCCESS |  
2019-08-23 02:48:46,911 | INFO  | DNAudit | user=null | ip=null | op=PUT_BLOCK {blockData=[blockId=conID: 2 locID: 102664013537411757 bcsId: 0,size=1048576]} | ret=SUCCESS |  
2019-08-23 02:48:46,911 | INFO  | DNAudit | user=null | ip=null | op=WRITE_CHUNK {blockData=conID: 2 locID: 102664013537411757 bcsId: 0} | ret=SUCCESS |  
2019-08-23 02:48:46,911 | INFO  | DNAudit | user=null | ip=null | op=PUT_BLOCK {blockData=[blockId=conID: 2 locID: 102664013537411757 bcsId: 0,size=1048576]} | ret=SUCCESS |  
2019-08-23 02:48:46,912 | INFO  | DNAudit | user=null | ip=null | op=WRITE_CHUNK {blockData=conID: 2 locID: 102664013537411757 bcsId: 0} | ret=SUCCESS |  
2019-08-23 02:48:46,912 | INFO  | DNAudit | user=null | ip=null | op=PUT_BLOCK {blockData=[blockId=conID: 2 locID: 102664013537411757 bcsId: 0,size=2097152]} | ret=SUCCESS |  
2019-08-23 02:48:46,912 | INFO  | DNAudit | user=null | ip=null | op=WRITE_CHUNK {blockData=conID: 2 locID: 102664013537411757 bcsId: 0} | ret=SUCCESS |  
2019-08-23 02:48:46,912 [grpc-default-executor-6] INFO  client.GrpcClientProtocolClient (GrpcClientProtocolClient.java:onNext(255)) - client-B268B4322F32->17750241-545b-4219-93a1-14a6ea3d85be: receive RaftClientReply:client-B268B4322F32->17750241-545b-4219-93a1-14a6ea3d85be@group-C33FBD9556F2, cid=3418, SUCCESS, logIndex=0, commits[17750241-545b-4219-93a1-14a6ea3d85be:c5180, 4eaaa090-573e-41d3-9f8c-c99e236d806a:c5176, 5f4cf9ee-4bed-49de-adaa-861aec894328:c5176]
2019-08-23 02:48:46,912 | INFO  | DNAudit | user=null | ip=null | op=PUT_BLOCK {blockData=[blockId=conID: 2 locID: 102664013537411757 bcsId: 0,size=2097152]} | ret=SUCCESS |  
2019-08-23 02:48:46,920 | INFO  | DNAudit | user=null | ip=null | op=WRITE_CHUNK {blockData=conID: 2 locID: 102664013537411757 bcsId: 5178} | ret=SUCCESS |  
2019-08-23 02:48:46,922 | INFO  | DNAudit | user=null | ip=null | op=WRITE_CHUNK {blockData=conID: 2 locID: 102664013537411757 bcsId: 5178} | ret=SUCCESS |  
2019-08-23 02:48:46,922 | INFO  | DNAudit | user=null | ip=null | op=WRITE_CHUNK {blockData=conID: 2 locID: 102664013537411757 bcsId: 5178} | ret=SUCCESS |  
2019-08-23 02:48:46,944 | INFO  | DNAudit | user=null | ip=null | op=WRITE_CHUNK {blockData=conID: 2 locID: 102664013537411757 bcsId: 5178} | ret=SUCCESS |  
2019-08-23 02:48:46,945 | INFO  | DNAudit | user=null | ip=null | op=PUT_BLOCK {blockData=[blockId=conID: 2 locID: 102664013537411757 bcsId: 0,size=3145728]} | ret=SUCCESS |  
2019-08-23 02:48:46,945 [grpc-default-executor-6] INFO  client.GrpcClientProtocolClient (GrpcClientProtocolClient.java:onNext(255)) - client-B268B4322F32->17750241-545b-4219-93a1-14a6ea3d85be: receive RaftClientReply:client-B268B4322F32->17750241-545b-4219-93a1-14a6ea3d85be@group-C33FBD9556F2, cid=3419, SUCCESS, logIndex=5183, commits[17750241-545b-4219-93a1-14a6ea3d85be:c5184, 4eaaa090-573e-41d3-9f8c-c99e236d806a:c5182, 5f4cf9ee-4bed-49de-adaa-861aec894328:c5182]
2019-08-23 02:48:46,946 [grpc-default-executor-6] INFO  client.GrpcClientProtocolClient (GrpcClientProtocolClient.java:onNext(255)) - client-B268B4322F32->17750241-545b-4219-93a1-14a6ea3d85be: receive RaftClientReply:client-B268B4322F32->17750241-545b-4219-93a1-14a6ea3d85be@group-C33FBD9556F2, cid=3420, SUCCESS, logIndex=5184, commits[17750241-545b-4219-93a1-14a6ea3d85be:c5184, 4eaaa090-573e-41d3-9f8c-c99e236d806a:c5182, 5f4cf9ee-4bed-49de-adaa-861aec894328:c5182]
2019-08-23 02:48:46,956 | INFO  | DNAudit | user=null | ip=null | op=WRITE_CHUNK {blockData=conID: 2 locID: 102664013537411757 bcsId: 5184} | ret=SUCCESS |  
2019-08-23 02:48:46,956 | INFO  | DNAudit | user=null | ip=null | op=WRITE_CHUNK {blockData=conID: 2 locID: 102664013537411757 bcsId: 5178} | ret=SUCCESS |  
2019-08-23 02:48:46,956 | INFO  | DNAudit | user=null | ip=null | op=WRITE_CHUNK {blockData=conID: 2 locID: 102664013537411757 bcsId: 5178} | ret=SUCCESS |  
2019-08-23 02:48:46,956 | INFO  | DNAudit | user=null | ip=null | op=PUT_BLOCK {blockData=[blockId=conID: 2 locID: 102664013537411757 bcsId: 0,size=3145728]} | ret=SUCCESS |  
2019-08-23 02:48:46,958 | INFO  | DNAudit | user=null | ip=null | op=PUT_BLOCK {blockData=[blockId=conID: 2 locID: 102664013537411757 bcsId: 0,size=3145728]} | ret=SUCCESS |  
2019-08-23 02:48:46,958 | INFO  | DNAudit | user=null | ip=null | op=WRITE_CHUNK {blockData=conID: 2 locID: 102664013537411757 bcsId: 5184} | ret=SUCCESS |  
2019-08-23 02:48:46,959 | INFO  | DNAudit | user=null | ip=null | op=WRITE_CHUNK {blockData=conID: 2 locID: 102664013537411757 bcsId: 5184} | ret=SUCCESS |  
2019-08-23 02:48:46,970 | INFO  | DNAudit | user=null | ip=null | op=WRITE_CHUNK {blockData=conID: 2 locID: 102664013537411757 bcsId: 5184} | ret=SUCCESS |  
2019-08-23 02:48:46,971 | INFO  | DNAudit | user=null | ip=null | op=PUT_BLOCK {blockData=[blockId=conID: 2 locID: 102664013537411757 bcsId: 0,size=4194304]} | ret=SUCCESS |  
2019-08-23 02:48:46,971 [grpc-default-executor-1] INFO  client.GrpcClientProtocolClient (GrpcClientProtocolClient.java:onNext(255)) - client-B268B4322F32->17750241-545b-4219-93a1-14a6ea3d85be: receive RaftClientReply:client-B268B4322F32->17750241-545b-4219-93a1-14a6ea3d85be@group-C33FBD9556F2, cid=3421, SUCCESS, logIndex=5187, commits[17750241-545b-4219-93a1-14a6ea3d85be:c5188, 4eaaa090-573e-41d3-9f8c-c99e236d806a:c5184, 5f4cf9ee-4bed-49de-adaa-861aec894328:c5184]
2019-08-23 02:48:46,971 [grpc-default-executor-1] INFO  client.GrpcClientProtocolClient (GrpcClientProtocolClient.java:onNext(255)) - client-B268B4322F32->17750241-545b-4219-93a1-14a6ea3d85be: receive RaftClientReply:client-B268B4322F32->17750241-545b-4219-93a1-14a6ea3d85be@group-C33FBD9556F2, cid=3422, SUCCESS, logIndex=5188, commits[17750241-545b-4219-93a1-14a6ea3d85be:c5188, 4eaaa090-573e-41d3-9f8c-c99e236d806a:c5184, 5f4cf9ee-4bed-49de-adaa-861aec894328:c5184]
2019-08-23 02:48:46,972 | INFO  | DNAudit | user=null | ip=null | op=WRITE_CHUNK {blockData=conID: 2 locID: 102664013537411757 bcsId: 5184} | ret=SUCCESS |  
2019-08-23 02:48:46,972 | INFO  | DNAudit | user=null | ip=null | op=WRITE_CHUNK {blockData=conID: 2 locID: 102664013537411757 bcsId: 5184} | ret=SUCCESS |  
2019-08-23 02:48:46,972 | INFO  | DNAudit | user=null | ip=null | op=PUT_BLOCK {blockData=[blockId=conID: 2 locID: 102664013537411757 bcsId: 0,size=4194304]} | ret=SUCCESS |  
2019-08-23 02:48:46,972 | INFO  | DNAudit | user=null | ip=null | op=PUT_BLOCK {blockData=[blockId=conID: 2 locID: 102664013537411757 bcsId: 0,size=4194304]} | ret=SUCCESS |  
2019-08-23 02:48:46,973 [grpc-default-executor-1] INFO  client.GrpcClientProtocolClient (GrpcClientProtocolClient.java:onNext(255)) - client-B268B4322F32->17750241-545b-4219-93a1-14a6ea3d85be: receive RaftClientReply:client-B268B4322F32->17750241-545b-4219-93a1-14a6ea3d85be@group-C33FBD9556F2, cid=3423, SUCCESS, logIndex=0, commits[17750241-545b-4219-93a1-14a6ea3d85be:c5189, 4eaaa090-573e-41d3-9f8c-c99e236d806a:c5188, 5f4cf9ee-4bed-49de-adaa-861aec894328:c5188]
2019-08-23 02:48:46,975 | INFO  | SCMAudit | user=jenkins1000 | ip=192.168.34.22 | op=ALLOCATE_BLOCK {owner=31d65bc3-3f70-45f5-bbc5-e3a15f967ba6, size=4194304, type=RATIS, factor=THREE} | ret=SUCCESS |  
2019-08-23 02:48:46,981 | INFO  | OMAudit | user=jenkins1000 | ip=127.0.0.1 | op=ALLOCATE_BLOCK {volume=vol-0-78052, bucket=bucket-0-33874, key=key-0-20719, dataSize=2147483657, replicationType=RATIS, replicationFactor=THREE, keyLocationInfo=[], clientID=102664010308846034} | ret=SUCCESS |  
2019-08-23 02:48:46,996 | INFO  | DNAudit | user=null | ip=null | op=WRITE_CHUNK {blockData=conID: 3 locID: 102664013543768750 bcsId: 0} | ret=SUCCESS |  
2019-08-23 02:48:46,999 | INFO  | DNAudit | user=null | ip=null | op=WRITE_CHUNK {blockData=conID: 3 locID: 102664013543768750 bcsId: 0} | ret=SUCCESS |  
2019-08-23 02:48:47,000 | INFO  | DNAudit | user=null | ip=null | op=WRITE_CHUNK {blockData=conID: 3 locID: 102664013543768750 bcsId: 0} | ret=SUCCESS |  
2019-08-23 02:48:47,000 | INFO  | DNAudit | user=null | ip=null | op=WRITE_CHUNK {blockData=conID: 3 locID: 102664013543768750 bcsId: 0} | ret=SUCCESS |  
2019-08-23 02:48:47,002 | INFO  | DNAudit | user=null | ip=null | op=WRITE_CHUNK {blockData=conID: 3 locID: 102664013543768750 bcsId: 0} | ret=SUCCESS |  
2019-08-23 02:48:47,003 | INFO  | DNAudit | user=null | ip=null | op=WRITE_CHUNK {blockData=conID: 3 locID: 102664013543768750 bcsId: 0} | ret=SUCCESS |  
2019-08-23 02:48:47,009 | INFO  | DNAudit | user=null | ip=null | op=WRITE_CHUNK {blockData=conID: 3 locID: 102664013543768750 bcsId: 0} | ret=SUCCESS |  
2019-08-23 02:48:47,009 | INFO  | DNAudit | user=null | ip=null | op=PUT_BLOCK {blockData=[blockId=conID: 3 locID: 102664013543768750 bcsId: 0,size=1048576]} | ret=SUCCESS |  
2019-08-23 02:48:47,010 [grpc-default-executor-2] INFO  client.GrpcClientProtocolClient (GrpcClientProtocolClient.java:onNext(255)) - client-B268B4322F32->17750241-545b-4219-93a1-14a6ea3d85be: receive RaftClientReply:client-B268B4322F32->17750241-545b-4219-93a1-14a6ea3d85be@group-C33FBD9556F2, cid=3424, SUCCESS, logIndex=5190, commits[17750241-545b-4219-93a1-14a6ea3d85be:c5191, 4eaaa090-573e-41d3-9f8c-c99e236d806a:c5189, 5f4cf9ee-4bed-49de-adaa-861aec894328:c5189]
2019-08-23 02:48:47,010 | INFO  | DNAudit | user=null | ip=null | op=WRITE_CHUNK {blockData=conID: 3 locID: 102664013543768750 bcsId: 0} | ret=SUCCESS |  
2019-08-23 02:48:47,010 | INFO  | DNAudit | user=null | ip=null | op=PUT_BLOCK {blockData=[blockId=conID: 3 locID: 102664013543768750 bcsId: 0,size=2097152]} | ret=SUCCESS |  
2019-08-23 02:48:47,010 [grpc-default-executor-2] INFO  client.GrpcClientProtocolClient (GrpcClientProtocolClient.java:onNext(255)) - client-B268B4322F32->17750241-545b-4219-93a1-14a6ea3d85be: receive RaftClientReply:client-B268B4322F32->17750241-545b-4219-93a1-14a6ea3d85be@group-C33FBD9556F2, cid=3425, SUCCESS, logIndex=5191, commits[17750241-545b-4219-93a1-14a6ea3d85be:c5193, 4eaaa090-573e-41d3-9f8c-c99e236d806a:c5189, 5f4cf9ee-4bed-49de-adaa-861aec894328:c5189]
2019-08-23 02:48:47,011 [grpc-default-executor-2] INFO  client.GrpcClientProtocolClient (GrpcClientProtocolClient.java:onNext(255)) - client-B268B4322F32->17750241-545b-4219-93a1-14a6ea3d85be: receive RaftClientReply:client-B268B4322F32->17750241-545b-4219-93a1-14a6ea3d85be@group-C33FBD9556F2, cid=3426, SUCCESS, logIndex=5192, commits[17750241-545b-4219-93a1-14a6ea3d85be:c5193, 4eaaa090-573e-41d3-9f8c-c99e236d806a:c5189, 5f4cf9ee-4bed-49de-adaa-861aec894328:c5189]
2019-08-23 02:48:47,011 [grpc-default-executor-2] INFO  client.GrpcClientProtocolClient (GrpcClientProtocolClient.java:onNext(255)) - client-B268B4322F32->17750241-545b-4219-93a1-14a6ea3d85be: receive RaftClientReply:client-B268B4322F32->17750241-545b-4219-93a1-14a6ea3d85be@group-C33FBD9556F2, cid=3427, SUCCESS, logIndex=5193, commits[17750241-545b-4219-93a1-14a6ea3d85be:c5193, 4eaaa090-573e-41d3-9f8c-c99e236d806a:c5189, 5f4cf9ee-4bed-49de-adaa-861aec894328:c5189]
2019-08-23 02:48:47,012 | INFO  | DNAudit | user=null | ip=null | op=WRITE_CHUNK {blockData=conID: 3 locID: 102664013543768750 bcsId: 0} | ret=SUCCESS |  
2019-08-23 02:48:47,023 | INFO  | DNAudit | user=null | ip=null | op=WRITE_CHUNK {blockData=conID: 3 locID: 102664013543768750 bcsId: 0} | ret=SUCCESS |  
2019-08-23 02:48:47,023 | INFO  | DNAudit | user=null | ip=null | op=PUT_BLOCK {blockData=[blockId=conID: 3 locID: 102664013543768750 bcsId: 0,size=1048576]} | ret=SUCCESS |  
2019-08-23 02:48:47,023 | INFO  | DNAudit | user=null | ip=null | op=PUT_BLOCK {blockData=[blockId=conID: 3 locID: 102664013543768750 bcsId: 0,size=1048576]} | ret=SUCCESS |  
2019-08-23 02:48:47,024 | INFO  | DNAudit | user=null | ip=null | op=WRITE_CHUNK {blockData=conID: 3 locID: 102664013543768750 bcsId: 0} | ret=SUCCESS |  
2019-08-23 02:48:47,024 | INFO  | DNAudit | user=null | ip=null | op=WRITE_CHUNK {blockData=conID: 3 locID: 102664013543768750 bcsId: 0} | ret=SUCCESS |  
2019-08-23 02:48:47,024 | INFO  | DNAudit | user=null | ip=null | op=PUT_BLOCK {blockData=[blockId=conID: 3 locID: 102664013543768750 bcsId: 0,size=2097152]} | ret=SUCCESS |  
2019-08-23 02:48:47,024 | INFO  | DNAudit | user=null | ip=null | op=PUT_BLOCK {blockData=[blockId=conID: 3 locID: 102664013543768750 bcsId: 0,size=2097152]} | ret=SUCCESS |  
2019-08-23 02:48:47,024 [grpc-default-executor-2] INFO  client.GrpcClientProtocolClient (GrpcClientProtocolClient.java:onNext(255)) - client-B268B4322F32->17750241-545b-4219-93a1-14a6ea3d85be: receive RaftClientReply:client-B268B4322F32->17750241-545b-4219-93a1-14a6ea3d85be@group-C33FBD9556F2, cid=3428, SUCCESS, logIndex=0, commits[17750241-545b-4219-93a1-14a6ea3d85be:c5196, 4eaaa090-573e-41d3-9f8c-c99e236d806a:c5193, 5f4cf9ee-4bed-49de-adaa-861aec894328:c5191]
2019-08-23 02:48:47,033 | INFO  | DNAudit | user=null | ip=null | op=WRITE_CHUNK {blockData=conID: 3 locID: 102664013543768750 bcsId: 5193} | ret=SUCCESS |  
2019-08-23 02:48:47,036 | INFO  | DNAudit | user=null | ip=null | op=WRITE_CHUNK {blockData=conID: 3 locID: 102664013543768750 bcsId: 5193} | ret=SUCCESS |  
2019-08-23 02:48:47,036 | INFO  | DNAudit | user=null | ip=null | op=WRITE_CHUNK {blockData=conID: 3 locID: 102664013543768750 bcsId: 5193} | ret=SUCCESS |  
2019-08-23 02:48:47,046 | INFO  | DNAudit | user=null | ip=null | op=WRITE_CHUNK {blockData=conID: 3 locID: 102664013543768750 bcsId: 5193} | ret=SUCCESS |  
2019-08-23 02:48:47,046 | INFO  | DNAudit | user=null | ip=null | op=PUT_BLOCK {blockData=[blockId=conID: 3 locID: 102664013543768750 bcsId: 0,size=3145728]} | ret=SUCCESS |  
2019-08-23 02:48:47,046 [grpc-default-executor-2] INFO  client.GrpcClientProtocolClient (GrpcClientProtocolClient.java:onNext(255)) - client-B268B4322F32->17750241-545b-4219-93a1-14a6ea3d85be: receive RaftClientReply:client-B268B4322F32->17750241-545b-4219-93a1-14a6ea3d85be@group-C33FBD9556F2, cid=3429, SUCCESS, logIndex=5197, commits[17750241-545b-4219-93a1-14a6ea3d85be:c5198, 4eaaa090-573e-41d3-9f8c-c99e236d806a:c5196, 5f4cf9ee-4bed-49de-adaa-861aec894328:c5196]
2019-08-23 02:48:47,047 [grpc-default-executor-2] INFO  client.GrpcClientProtocolClient (GrpcClientProtocolClient.java:onNext(255)) - client-B268B4322F32->17750241-545b-4219-93a1-14a6ea3d85be: receive RaftClientReply:client-B268B4322F32->17750241-545b-4219-93a1-14a6ea3d85be@group-C33FBD9556F2, cid=3430, SUCCESS, logIndex=5198, commits[17750241-545b-4219-93a1-14a6ea3d85be:c5198, 4eaaa090-573e-41d3-9f8c-c99e236d806a:c5196, 5f4cf9ee-4bed-49de-adaa-861aec894328:c5196]
2019-08-23 02:48:47,055 | INFO  | DNAudit | user=null | ip=null | op=WRITE_CHUNK {blockData=conID: 3 locID: 102664013543768750 bcsId: 5198} | ret=SUCCESS |  
2019-08-23 02:48:47,057 | INFO  | DNAudit | user=null | ip=null | op=WRITE_CHUNK {blockData=conID: 3 locID: 102664013543768750 bcsId: 5193} | ret=SUCCESS |  
2019-08-23 02:48:47,057 | INFO  | DNAudit | user=null | ip=null | op=WRITE_CHUNK {blockData=conID: 3 locID: 102664013543768750 bcsId: 5193} | ret=SUCCESS |  
2019-08-23 02:48:47,058 | INFO  | DNAudit | user=null | ip=null | op=WRITE_CHUNK {blockData=conID: 3 locID: 102664013543768750 bcsId: 5198} | ret=SUCCESS |  
2019-08-23 02:48:47,058 | INFO  | DNAudit | user=null | ip=null | op=WRITE_CHUNK {blockData=conID: 3 locID: 102664013543768750 bcsId: 5198} | ret=SUCCESS |  
2019-08-23 02:48:47,070 | INFO  | DNAudit | user=null | ip=null | op=PUT_BLOCK {blockData=[blockId=conID: 3 locID: 102664013543768750 bcsId: 0,size=3145728]} | ret=SUCCESS |  
2019-08-23 02:48:47,070 | INFO  | DNAudit | user=null | ip=null | op=PUT_BLOCK {blockData=[blockId=conID: 3 locID: 102664013543768750 bcsId: 0,size=3145728]} | ret=SUCCESS |  
2019-08-23 02:48:47,070 | INFO  | DNAudit | user=null | ip=null | op=WRITE_CHUNK {blockData=conID: 3 locID: 102664013543768750 bcsId: 5198} | ret=SUCCESS |  
2019-08-23 02:48:47,071 | INFO  | DNAudit | user=null | ip=null | op=PUT_BLOCK {blockData=[blockId=conID: 3 locID: 102664013543768750 bcsId: 0,size=4194304]} | ret=SUCCESS |  
2019-08-23 02:48:47,071 [grpc-default-executor-1] INFO  client.GrpcClientProtocolClient (GrpcClientProtocolClient.java:onNext(255)) - client-B268B4322F32->17750241-545b-4219-93a1-14a6ea3d85be: receive RaftClientReply:client-B268B4322F32->17750241-545b-4219-93a1-14a6ea3d85be@group-C33FBD9556F2, cid=3431, SUCCESS, logIndex=5201, commits[17750241-545b-4219-93a1-14a6ea3d85be:c5202, 4eaaa090-573e-41d3-9f8c-c99e236d806a:c5198, 5f4cf9ee-4bed-49de-adaa-861aec894328:c5198]
2019-08-23 02:48:47,071 [grpc-default-executor-1] INFO  client.GrpcClientProtocolClient (GrpcClientProtocolClient.java:onNext(255)) - client-B268B4322F32->17750241-545b-4219-93a1-14a6ea3d85be: receive RaftClientReply:client-B268B4322F32->17750241-545b-4219-93a1-14a6ea3d85be@group-C33FBD9556F2, cid=3432, SUCCESS, logIndex=5202, commits[17750241-545b-4219-93a1-14a6ea3d85be:c5202, 4eaaa090-573e-41d3-9f8c-c99e236d806a:c5198, 5f4cf9ee-4bed-49de-adaa-861aec894328:c5198]
2019-08-23 02:48:47,082 | INFO  | DNAudit | user=null | ip=null | op=WRITE_CHUNK {blockData=conID: 3 locID: 102664013543768750 bcsId: 5198} | ret=SUCCESS |  
2019-08-23 02:48:47,082 | INFO  | DNAudit | user=null | ip=null | op=WRITE_CHUNK {blockData=conID: 3 locID: 102664013543768750 bcsId: 5198} | ret=SUCCESS |  
2019-08-23 02:48:47,083 | INFO  | DNAudit | user=null | ip=null | op=PUT_BLOCK {blockData=[blockId=conID: 3 locID: 102664013543768750 bcsId: 0,size=4194304]} | ret=SUCCESS |  
2019-08-23 02:48:47,083 | INFO  | DNAudit | user=null | ip=null | op=PUT_BLOCK {blockData=[blockId=conID: 3 locID: 102664013543768750 bcsId: 0,size=4194304]} | ret=SUCCESS |  
2019-08-23 02:48:47,084 [grpc-default-executor-2] INFO  client.GrpcClientProtocolClient (GrpcClientProtocolClient.java:onNext(255)) - client-B268B4322F32->17750241-545b-4219-93a1-14a6ea3d85be: receive RaftClientReply:client-B268B4322F32->17750241-545b-4219-93a1-14a6ea3d85be@group-C33FBD9556F2, cid=3433, SUCCESS, logIndex=0, commits[17750241-545b-4219-93a1-14a6ea3d85be:c5204, 4eaaa090-573e-41d3-9f8c-c99e236d806a:c5202, 5f4cf9ee-4bed-49de-adaa-861aec894328:c5202]
2019-08-23 02:48:47,086 | INFO  | SCMAudit | user=jenkins1000 | ip=192.168.34.22 | op=ALLOCATE_BLOCK {owner=31d65bc3-3f70-45f5-bbc5-e3a15f967ba6, size=4194304, type=RATIS, factor=THREE} | ret=SUCCESS |  
2019-08-23 02:48:47,092 | INFO  | OMAudit | user=jenkins1000 | ip=127.0.0.1 | op=ALLOCATE_BLOCK {volume=vol-0-78052, bucket=bucket-0-33874, key=key-0-20719, dataSize=2147483657, replicationType=RATIS, replicationFactor=THREE, keyLocationInfo=[], clientID=102664010308846034} | ret=SUCCESS |  
2019-08-23 02:48:47,104 | INFO  | DNAudit | user=null | ip=null | op=WRITE_CHUNK {blockData=conID: 1 locID: 102664013551108783 bcsId: 0} | ret=SUCCESS |  
2019-08-23 02:48:47,109 | INFO  | DNAudit | user=null | ip=null | op=WRITE_CHUNK {blockData=conID: 1 locID: 102664013551108783 bcsId: 0} | ret=SUCCESS |  
2019-08-23 02:48:47,109 | INFO  | DNAudit | user=null | ip=null | op=WRITE_CHUNK {blockData=conID: 1 locID: 102664013551108783 bcsId: 0} | ret=SUCCESS |  
2019-08-23 02:48:47,110 | INFO  | DNAudit | user=null | ip=null | op=WRITE_CHUNK {blockData=conID: 1 locID: 102664013551108783 bcsId: 0} | ret=SUCCESS |  
2019-08-23 02:48:47,112 | INFO  | DNAudit | user=null | ip=null | op=WRITE_CHUNK {blockData=conID: 1 locID: 102664013551108783 bcsId: 0} | ret=SUCCESS |  
2019-08-23 02:48:47,112 | INFO  | DNAudit | user=null | ip=null | op=WRITE_CHUNK {blockData=conID: 1 locID: 102664013551108783 bcsId: 0} | ret=SUCCESS |  
2019-08-23 02:48:47,117 | INFO  | DNAudit | user=null | ip=null | op=WRITE_CHUNK {blockData=conID: 1 locID: 102664013551108783 bcsId: 0} | ret=SUCCESS |  
2019-08-23 02:48:47,118 | INFO  | DNAudit | user=null | ip=null | op=PUT_BLOCK {blockData=[blockId=conID: 1 locID: 102664013551108783 bcsId: 0,size=1048576]} | ret=SUCCESS |  
2019-08-23 02:48:47,118 | INFO  | DNAudit | user=null | ip=null | op=WRITE_CHUNK {blockData=conID: 1 locID: 102664013551108783 bcsId: 0} | ret=SUCCESS |  
2019-08-23 02:48:47,118 | INFO  | DNAudit | user=null | ip=null | op=PUT_BLOCK {blockData=[blockId=conID: 1 locID: 102664013551108783 bcsId: 0,size=2097152]} | ret=SUCCESS |  
2019-08-23 02:48:47,118 [grpc-default-executor-6] INFO  client.GrpcClientProtocolClient (GrpcClientProtocolClient.java:onNext(255)) - client-B268B4322F32->17750241-545b-4219-93a1-14a6ea3d85be: receive RaftClientReply:client-B268B4322F32->17750241-545b-4219-93a1-14a6ea3d85be@group-C33FBD9556F2, cid=3434, SUCCESS, logIndex=5205, commits[17750241-545b-4219-93a1-14a6ea3d85be:c5208, 4eaaa090-573e-41d3-9f8c-c99e236d806a:c5202, 5f4cf9ee-4bed-49de-adaa-861aec894328:c5204]
2019-08-23 02:48:47,119 [grpc-default-executor-6] INFO  client.GrpcClientProtocolClient (GrpcClientProtocolClient.java:onNext(255)) - client-B268B4322F32->17750241-545b-4219-93a1-14a6ea3d85be: receive RaftClientReply:client-B268B4322F32->17750241-545b-4219-93a1-14a6ea3d85be@group-C33FBD9556F2, cid=3435, SUCCESS, logIndex=5206, commits[17750241-545b-4219-93a1-14a6ea3d85be:c5208, 4eaaa090-573e-41d3-9f8c-c99e236d806a:c5204, 5f4cf9ee-4bed-49de-adaa-861aec894328:c5204]
2019-08-23 02:48:47,119 [grpc-default-executor-6] INFO  client.GrpcClientProtocolClient (GrpcClientProtocolClient.java:onNext(255)) - client-B268B4322F32->17750241-545b-4219-93a1-14a6ea3d85be: receive RaftClientReply:client-B268B4322F32->17750241-545b-4219-93a1-14a6ea3d85be@group-C33FBD9556F2, cid=3436, SUCCESS, logIndex=5207, commits[17750241-545b-4219-93a1-14a6ea3d85be:c5208, 4eaaa090-573e-41d3-9f8c-c99e236d806a:c5204, 5f4cf9ee-4bed-49de-adaa-861aec894328:c5204]
2019-08-23 02:48:47,120 [grpc-default-executor-6] INFO  client.GrpcClientProtocolClient (GrpcClientProtocolClient.java:onNext(255)) - client-B268B4322F32->17750241-545b-4219-93a1-14a6ea3d85be: receive RaftClientReply:client-B268B4322F32->17750241-545b-4219-93a1-14a6ea3d85be@group-C33FBD9556F2, cid=3437, SUCCESS, logIndex=5208, commits[17750241-545b-4219-93a1-14a6ea3d85be:c5208, 4eaaa090-573e-41d3-9f8c-c99e236d806a:c5204, 5f4cf9ee-4bed-49de-adaa-861aec894328:c5204]
2019-08-23 02:48:47,129 | INFO  | DNAudit | user=null | ip=null | op=WRITE_CHUNK {blockData=conID: 1 locID: 102664013551108783 bcsId: 0} | ret=SUCCESS |  
2019-08-23 02:48:47,129 | INFO  | DNAudit | user=null | ip=null | op=WRITE_CHUNK {blockData=conID: 1 locID: 102664013551108783 bcsId: 0} | ret=SUCCESS |  
2019-08-23 02:48:47,130 | INFO  | DNAudit | user=null | ip=null | op=PUT_BLOCK {blockData=[blockId=conID: 1 locID: 102664013551108783 bcsId: 0,size=1048576]} | ret=SUCCESS |  
2019-08-23 02:48:47,130 | INFO  | DNAudit | user=null | ip=null | op=PUT_BLOCK {blockData=[blockId=conID: 1 locID: 102664013551108783 bcsId: 0,size=1048576]} | ret=SUCCESS |  
2019-08-23 02:48:47,130 | INFO  | DNAudit | user=null | ip=null | op=WRITE_CHUNK {blockData=conID: 1 locID: 102664013551108783 bcsId: 0} | ret=SUCCESS |  
2019-08-23 02:48:47,131 | INFO  | DNAudit | user=null | ip=null | op=PUT_BLOCK {blockData=[blockId=conID: 1 locID: 102664013551108783 bcsId: 0,size=2097152]} | ret=SUCCESS |  
2019-08-23 02:48:47,131 | INFO  | DNAudit | user=null | ip=null | op=WRITE_CHUNK {blockData=conID: 1 locID: 102664013551108783 bcsId: 0} | ret=SUCCESS |  
2019-08-23 02:48:47,131 | INFO  | DNAudit | user=null | ip=null | op=PUT_BLOCK {blockData=[blockId=conID: 1 locID: 102664013551108783 bcsId: 0,size=2097152]} | ret=SUCCESS |  
2019-08-23 02:48:47,131 [grpc-default-executor-6] INFO  client.GrpcClientProtocolClient (GrpcClientProtocolClient.java:onNext(255)) - client-B268B4322F32->17750241-545b-4219-93a1-14a6ea3d85be: receive RaftClientReply:client-B268B4322F32->17750241-545b-4219-93a1-14a6ea3d85be@group-C33FBD9556F2, cid=3438, SUCCESS, logIndex=0, commits[17750241-545b-4219-93a1-14a6ea3d85be:c5210, 4eaaa090-573e-41d3-9f8c-c99e236d806a:c5207, 5f4cf9ee-4bed-49de-adaa-861aec894328:c5207]
2019-08-23 02:48:47,140 | INFO  | DNAudit | user=null | ip=null | op=WRITE_CHUNK {blockData=conID: 1 locID: 102664013551108783 bcsId: 5208} | ret=SUCCESS |  
2019-08-23 02:48:47,143 | INFO  | DNAudit | user=null | ip=null | op=WRITE_CHUNK {blockData=conID: 1 locID: 102664013551108783 bcsId: 5208} | ret=SUCCESS |  
2019-08-23 02:48:47,144 | INFO  | DNAudit | user=null | ip=null | op=WRITE_CHUNK {blockData=conID: 1 locID: 102664013551108783 bcsId: 5208} | ret=SUCCESS |  
2019-08-23 02:48:47,153 | INFO  | DNAudit | user=null | ip=null | op=WRITE_CHUNK {blockData=conID: 1 locID: 102664013551108783 bcsId: 5208} | ret=SUCCESS |  
2019-08-23 02:48:47,154 | INFO  | DNAudit | user=null | ip=null | op=PUT_BLOCK {blockData=[blockId=conID: 1 locID: 102664013551108783 bcsId: 0,size=3145728]} | ret=SUCCESS |  
2019-08-23 02:48:47,154 [grpc-default-executor-2] INFO  client.GrpcClientProtocolClient (GrpcClientProtocolClient.java:onNext(255)) - client-B268B4322F32->17750241-545b-4219-93a1-14a6ea3d85be: receive RaftClientReply:client-B268B4322F32->17750241-545b-4219-93a1-14a6ea3d85be@group-C33FBD9556F2, cid=3439, SUCCESS, logIndex=5213, commits[17750241-545b-4219-93a1-14a6ea3d85be:c5214, 4eaaa090-573e-41d3-9f8c-c99e236d806a:c5212, 5f4cf9ee-4bed-49de-adaa-861aec894328:c5212]
2019-08-23 02:48:47,154 [grpc-default-executor-2] INFO  client.GrpcClientProtocolClient (GrpcClientProtocolClient.java:onNext(255)) - client-B268B4322F32->17750241-545b-4219-93a1-14a6ea3d85be: receive RaftClientReply:client-B268B4322F32->17750241-545b-4219-93a1-14a6ea3d85be@group-C33FBD9556F2, cid=3440, SUCCESS, logIndex=5214, commits[17750241-545b-4219-93a1-14a6ea3d85be:c5214, 4eaaa090-573e-41d3-9f8c-c99e236d806a:c5212, 5f4cf9ee-4bed-49de-adaa-861aec894328:c5212]
2019-08-23 02:48:47,163 | INFO  | DNAudit | user=null | ip=null | op=WRITE_CHUNK {blockData=conID: 1 locID: 102664013551108783 bcsId: 5214} | ret=SUCCESS |  
2019-08-23 02:48:47,166 | INFO  | DNAudit | user=null | ip=null | op=WRITE_CHUNK {blockData=conID: 1 locID: 102664013551108783 bcsId: 5214} | ret=SUCCESS |  
2019-08-23 02:48:47,166 | INFO  | DNAudit | user=null | ip=null | op=WRITE_CHUNK {blockData=conID: 1 locID: 102664013551108783 bcsId: 5214} | ret=SUCCESS |  
2019-08-23 02:48:47,171 | INFO  | DNAudit | user=null | ip=null | op=WRITE_CHUNK {blockData=conID: 1 locID: 102664013551108783 bcsId: 5208} | ret=SUCCESS |  
2019-08-23 02:48:47,172 | INFO  | DNAudit | user=null | ip=null | op=WRITE_CHUNK {blockData=conID: 1 locID: 102664013551108783 bcsId: 5208} | ret=SUCCESS |  
2019-08-23 02:48:47,172 | INFO  | DNAudit | user=null | ip=null | op=PUT_BLOCK {blockData=[blockId=conID: 1 locID: 102664013551108783 bcsId: 0,size=3145728]} | ret=SUCCESS |  
2019-08-23 02:48:47,174 | INFO  | DNAudit | user=null | ip=null | op=WRITE_CHUNK {blockData=conID: 1 locID: 102664013551108783 bcsId: 5214} | ret=SUCCESS |  
2019-08-23 02:48:47,175 | INFO  | DNAudit | user=null | ip=null | op=PUT_BLOCK {blockData=[blockId=conID: 1 locID: 102664013551108783 bcsId: 0,size=3145728]} | ret=SUCCESS |  
2019-08-23 02:48:47,175 | INFO  | DNAudit | user=null | ip=null | op=PUT_BLOCK {blockData=[blockId=conID: 1 locID: 102664013551108783 bcsId: 0,size=4194304]} | ret=SUCCESS |  
2019-08-23 02:48:47,175 [grpc-default-executor-1] INFO  client.GrpcClientProtocolClient (GrpcClientProtocolClient.java:onNext(255)) - client-B268B4322F32->17750241-545b-4219-93a1-14a6ea3d85be: receive RaftClientReply:client-B268B4322F32->17750241-545b-4219-93a1-14a6ea3d85be@group-C33FBD9556F2, cid=3441, SUCCESS, logIndex=5217, commits[17750241-545b-4219-93a1-14a6ea3d85be:c5218, 4eaaa090-573e-41d3-9f8c-c99e236d806a:c5214, 5f4cf9ee-4bed-49de-adaa-861aec894328:c5213]
2019-08-23 02:48:47,175 [grpc-default-executor-1] INFO  client.GrpcClientProtocolClient (GrpcClientProtocolClient.java:onNext(255)) - client-B268B4322F32->17750241-545b-4219-93a1-14a6ea3d85be: receive RaftClientReply:client-B268B4322F32->17750241-545b-4219-93a1-14a6ea3d85be@group-C33FBD9556F2, cid=3442, SUCCESS, logIndex=5218, commits[17750241-545b-4219-93a1-14a6ea3d85be:c5218, 4eaaa090-573e-41d3-9f8c-c99e236d806a:c5214, 5f4cf9ee-4bed-49de-adaa-861aec894328:c5214]
2019-08-23 02:48:47,186 | INFO  | DNAudit | user=null | ip=null | op=WRITE_CHUNK {blockData=conID: 1 locID: 102664013551108783 bcsId: 5214} | ret=SUCCESS |  
2019-08-23 02:48:47,186 | INFO  | DNAudit | user=null | ip=null | op=WRITE_CHUNK {blockData=conID: 1 locID: 102664013551108783 bcsId: 5214} | ret=SUCCESS |  
2019-08-23 02:48:47,186 | INFO  | DNAudit | user=null | ip=null | op=PUT_BLOCK {blockData=[blockId=conID: 1 locID: 102664013551108783 bcsId: 0,size=4194304]} | ret=SUCCESS |  
2019-08-23 02:48:47,186 | INFO  | DNAudit | user=null | ip=null | op=PUT_BLOCK {blockData=[blockId=conID: 1 locID: 102664013551108783 bcsId: 0,size=4194304]} | ret=SUCCESS |  
2019-08-23 02:48:47,187 [grpc-default-executor-1] INFO  client.GrpcClientProtocolClient (GrpcClientProtocolClient.java:onNext(255)) - client-B268B4322F32->17750241-545b-4219-93a1-14a6ea3d85be: receive RaftClientReply:client-B268B4322F32->17750241-545b-4219-93a1-14a6ea3d85be@group-C33FBD9556F2, cid=3443, SUCCESS, logIndex=0, commits[17750241-545b-4219-93a1-14a6ea3d85be:c5219, 4eaaa090-573e-41d3-9f8c-c99e236d806a:c5218, 5f4cf9ee-4bed-49de-adaa-861aec894328:c5218]
2019-08-23 02:48:47,189 | INFO  | SCMAudit | user=jenkins1000 | ip=192.168.34.22 | op=ALLOCATE_BLOCK {owner=31d65bc3-3f70-45f5-bbc5-e3a15f967ba6, size=4194304, type=RATIS, factor=THREE} | ret=SUCCESS |  
2019-08-23 02:48:47,197 | INFO  | OMAudit | user=jenkins1000 | ip=127.0.0.1 | op=ALLOCATE_BLOCK {volume=vol-0-78052, bucket=bucket-0-33874, key=key-0-20719, dataSize=2147483657, replicationType=RATIS, replicationFactor=THREE, keyLocationInfo=[], clientID=102664010308846034} | ret=SUCCESS |  
2019-08-23 02:48:47,211 | INFO  | DNAudit | user=null | ip=null | op=WRITE_CHUNK {blockData=conID: 2 locID: 102664013557858992 bcsId: 0} | ret=SUCCESS |  
2019-08-23 02:48:47,214 | INFO  | DNAudit | user=null | ip=null | op=WRITE_CHUNK {blockData=conID: 2 locID: 102664013557858992 bcsId: 0} | ret=SUCCESS |  
2019-08-23 02:48:47,215 | INFO  | DNAudit | user=null | ip=null | op=WRITE_CHUNK {blockData=conID: 2 locID: 102664013557858992 bcsId: 0} | ret=SUCCESS |  
2019-08-23 02:48:47,216 | INFO  | DNAudit | user=null | ip=null | op=WRITE_CHUNK {blockData=conID: 2 locID: 102664013557858992 bcsId: 0} | ret=SUCCESS |  
2019-08-23 02:48:47,218 | INFO  | DNAudit | user=null | ip=null | op=WRITE_CHUNK {blockData=conID: 2 locID: 102664013557858992 bcsId: 0} | ret=SUCCESS |  
2019-08-23 02:48:47,218 | INFO  | DNAudit | user=null | ip=null | op=WRITE_CHUNK {blockData=conID: 2 locID: 102664013557858992 bcsId: 0} | ret=SUCCESS |  
2019-08-23 02:48:47,224 | INFO  | DNAudit | user=null | ip=null | op=WRITE_CHUNK {blockData=conID: 2 locID: 102664013557858992 bcsId: 0} | ret=SUCCESS |  
2019-08-23 02:48:47,225 | INFO  | DNAudit | user=null | ip=null | op=PUT_BLOCK {blockData=[blockId=conID: 2 locID: 102664013557858992 bcsId: 0,size=1048576]} | ret=SUCCESS |  
2019-08-23 02:48:47,225 | INFO  | DNAudit | user=null | ip=null | op=WRITE_CHUNK {blockData=conID: 2 locID: 102664013557858992 bcsId: 0} | ret=SUCCESS |  
2019-08-23 02:48:47,225 [grpc-default-executor-1] INFO  client.GrpcClientProtocolClient (GrpcClientProtocolClient.java:onNext(255)) - client-B268B4322F32->17750241-545b-4219-93a1-14a6ea3d85be: receive RaftClientReply:client-B268B4322F32->17750241-545b-4219-93a1-14a6ea3d85be@group-C33FBD9556F2, cid=3444, SUCCESS, logIndex=5220, commits[17750241-545b-4219-93a1-14a6ea3d85be:c5221, 4eaaa090-573e-41d3-9f8c-c99e236d806a:c5219, 5f4cf9ee-4bed-49de-adaa-861aec894328:c5219]
2019-08-23 02:48:47,225 [grpc-default-executor-1] INFO  client.GrpcClientProtocolClient (GrpcClientProtocolClient.java:onNext(255)) - client-B268B4322F32->17750241-545b-4219-93a1-14a6ea3d85be: receive RaftClientReply:client-B268B4322F32->17750241-545b-4219-93a1-14a6ea3d85be@group-C33FBD9556F2, cid=3445, SUCCESS, logIndex=5221, commits[17750241-545b-4219-93a1-14a6ea3d85be:c5222, 4eaaa090-573e-41d3-9f8c-c99e236d806a:c5219, 5f4cf9ee-4bed-49de-adaa-861aec894328:c5219]
2019-08-23 02:48:47,226 | INFO  | DNAudit | user=null | ip=null | op=PUT_BLOCK {blockData=[blockId=conID: 2 locID: 102664013557858992 bcsId: 0,size=2097152]} | ret=SUCCESS |  
2019-08-23 02:48:47,226 [grpc-default-executor-5] INFO  client.GrpcClientProtocolClient (GrpcClientProtocolClient.java:onNext(255)) - client-B268B4322F32->17750241-545b-4219-93a1-14a6ea3d85be: receive RaftClientReply:client-B268B4322F32->17750241-545b-4219-93a1-14a6ea3d85be@group-C33FBD9556F2, cid=3446, SUCCESS, logIndex=5222, commits[17750241-545b-4219-93a1-14a6ea3d85be:c5223, 4eaaa090-573e-41d3-9f8c-c99e236d806a:c5219, 5f4cf9ee-4bed-49de-adaa-861aec894328:c5219]
2019-08-23 02:48:47,226 | INFO  | DNAudit | user=null | ip=null | op=WRITE_CHUNK {blockData=conID: 2 locID: 102664013557858992 bcsId: 0} | ret=SUCCESS |  
2019-08-23 02:48:47,227 | INFO  | DNAudit | user=null | ip=null | op=WRITE_CHUNK {blockData=conID: 2 locID: 102664013557858992 bcsId: 0} | ret=SUCCESS |  
2019-08-23 02:48:47,227 | INFO  | DNAudit | user=null | ip=null | op=PUT_BLOCK {blockData=[blockId=conID: 2 locID: 102664013557858992 bcsId: 0,size=1048576]} | ret=SUCCESS |  
2019-08-23 02:48:47,226 [grpc-default-executor-5] INFO  client.GrpcClientProtocolClient (GrpcClientProtocolClient.java:onNext(255)) - client-B268B4322F32->17750241-545b-4219-93a1-14a6ea3d85be: receive RaftClientReply:client-B268B4322F32->17750241-545b-4219-93a1-14a6ea3d85be@group-C33FBD9556F2, cid=3447, SUCCESS, logIndex=5223, commits[17750241-545b-4219-93a1-14a6ea3d85be:c5223, 4eaaa090-573e-41d3-9f8c-c99e236d806a:c5219, 5f4cf9ee-4bed-49de-adaa-861aec894328:c5219]
2019-08-23 02:48:47,227 | INFO  | DNAudit | user=null | ip=null | op=PUT_BLOCK {blockData=[blockId=conID: 2 locID: 102664013557858992 bcsId: 0,size=1048576]} | ret=SUCCESS |  
2019-08-23 02:48:47,227 | INFO  | DNAudit | user=null | ip=null | op=WRITE_CHUNK {blockData=conID: 2 locID: 102664013557858992 bcsId: 0} | ret=SUCCESS |  
2019-08-23 02:48:47,227 | INFO  | DNAudit | user=null | ip=null | op=PUT_BLOCK {blockData=[blockId=conID: 2 locID: 102664013557858992 bcsId: 0,size=2097152]} | ret=SUCCESS |  
2019-08-23 02:48:47,227 | INFO  | DNAudit | user=null | ip=null | op=WRITE_CHUNK {blockData=conID: 2 locID: 102664013557858992 bcsId: 0} | ret=SUCCESS |  
2019-08-23 02:48:47,228 | INFO  | DNAudit | user=null | ip=null | op=PUT_BLOCK {blockData=[blockId=conID: 2 locID: 102664013557858992 bcsId: 0,size=2097152]} | ret=SUCCESS |  
2019-08-23 02:48:47,228 [grpc-default-executor-5] INFO  client.GrpcClientProtocolClient (GrpcClientProtocolClient.java:onNext(255)) - client-B268B4322F32->17750241-545b-4219-93a1-14a6ea3d85be: receive RaftClientReply:client-B268B4322F32->17750241-545b-4219-93a1-14a6ea3d85be@group-C33FBD9556F2, cid=3448, SUCCESS, logIndex=0, commits[17750241-545b-4219-93a1-14a6ea3d85be:c5225, 4eaaa090-573e-41d3-9f8c-c99e236d806a:c5221, 5f4cf9ee-4bed-49de-adaa-861aec894328:c5222]
2019-08-23 02:48:47,235 | INFO  | DNAudit | user=null | ip=null | op=WRITE_CHUNK {blockData=conID: 2 locID: 102664013557858992 bcsId: 5223} | ret=SUCCESS |  
2019-08-23 02:48:47,239 | INFO  | DNAudit | user=null | ip=null | op=WRITE_CHUNK {blockData=conID: 2 locID: 102664013557858992 bcsId: 5223} | ret=SUCCESS |  
2019-08-23 02:48:47,239 | INFO  | DNAudit | user=null | ip=null | op=WRITE_CHUNK {blockData=conID: 2 locID: 102664013557858992 bcsId: 5223} | ret=SUCCESS |  
2019-08-23 02:48:47,248 | INFO  | DNAudit | user=null | ip=null | op=WRITE_CHUNK {blockData=conID: 2 locID: 102664013557858992 bcsId: 5223} | ret=SUCCESS |  
2019-08-23 02:48:47,249 | INFO  | DNAudit | user=null | ip=null | op=PUT_BLOCK {blockData=[blockId=conID: 2 locID: 102664013557858992 bcsId: 0,size=3145728]} | ret=SUCCESS |  
2019-08-23 02:48:47,249 [grpc-default-executor-1] INFO  client.GrpcClientProtocolClient (GrpcClientProtocolClient.java:onNext(255)) - client-B268B4322F32->17750241-545b-4219-93a1-14a6ea3d85be: receive RaftClientReply:client-B268B4322F32->17750241-545b-4219-93a1-14a6ea3d85be@group-C33FBD9556F2, cid=3449, SUCCESS, logIndex=5228, commits[17750241-545b-4219-93a1-14a6ea3d85be:c5229, 4eaaa090-573e-41d3-9f8c-c99e236d806a:c5227, 5f4cf9ee-4bed-49de-adaa-861aec894328:c5227]
2019-08-23 02:48:47,249 [grpc-default-executor-1] INFO  client.GrpcClientProtocolClient (GrpcClientProtocolClient.java:onNext(255)) - client-B268B4322F32->17750241-545b-4219-93a1-14a6ea3d85be: receive RaftClientReply:client-B268B4322F32->17750241-545b-4219-93a1-14a6ea3d85be@group-C33FBD9556F2, cid=3450, SUCCESS, logIndex=5229, commits[17750241-545b-4219-93a1-14a6ea3d85be:c5229, 4eaaa090-573e-41d3-9f8c-c99e236d806a:c5227, 5f4cf9ee-4bed-49de-adaa-861aec894328:c5227]
2019-08-23 02:48:47,258 | INFO  | DNAudit | user=null | ip=null | op=WRITE_CHUNK {blockData=conID: 2 locID: 102664013557858992 bcsId: 5229} | ret=SUCCESS |  
2019-08-23 02:48:47,260 | INFO  | DNAudit | user=null | ip=null | op=WRITE_CHUNK {blockData=conID: 2 locID: 102664013557858992 bcsId: 5223} | ret=SUCCESS |  
2019-08-23 02:48:47,261 | INFO  | DNAudit | user=null | ip=null | op=WRITE_CHUNK {blockData=conID: 2 locID: 102664013557858992 bcsId: 5223} | ret=SUCCESS |  
2019-08-23 02:48:47,261 | INFO  | DNAudit | user=null | ip=null | op=WRITE_CHUNK {blockData=conID: 2 locID: 102664013557858992 bcsId: 5229} | ret=SUCCESS |  
2019-08-23 02:48:47,261 | INFO  | DNAudit | user=null | ip=null | op=WRITE_CHUNK {blockData=conID: 2 locID: 102664013557858992 bcsId: 5229} | ret=SUCCESS |  
2019-08-23 02:48:47,274 | INFO  | DNAudit | user=null | ip=null | op=PUT_BLOCK {blockData=[blockId=conID: 2 locID: 102664013557858992 bcsId: 0,size=3145728]} | ret=SUCCESS |  
2019-08-23 02:48:47,275 | INFO  | DNAudit | user=null | ip=null | op=PUT_BLOCK {blockData=[blockId=conID: 2 locID: 102664013557858992 bcsId: 0,size=3145728]} | ret=SUCCESS |  
2019-08-23 02:48:47,275 | INFO  | DNAudit | user=null | ip=null | op=WRITE_CHUNK {blockData=conID: 2 locID: 102664013557858992 bcsId: 5229} | ret=SUCCESS |  
2019-08-23 02:48:47,275 | INFO  | DNAudit | user=null | ip=null | op=PUT_BLOCK {blockData=[blockId=conID: 2 locID: 102664013557858992 bcsId: 0,size=4194304]} | ret=SUCCESS |  
2019-08-23 02:48:47,276 [grpc-default-executor-5] INFO  client.GrpcClientProtocolClient (GrpcClientProtocolClient.java:onNext(255)) - client-B268B4322F32->17750241-545b-4219-93a1-14a6ea3d85be: receive RaftClientReply:client-B268B4322F32->17750241-545b-4219-93a1-14a6ea3d85be@group-C33FBD9556F2, cid=3451, SUCCESS, logIndex=5232, commits[17750241-545b-4219-93a1-14a6ea3d85be:c5233, 4eaaa090-573e-41d3-9f8c-c99e236d806a:c5229, 5f4cf9ee-4bed-49de-adaa-861aec894328:c5229]
2019-08-23 02:48:47,276 [grpc-default-executor-5] INFO  client.GrpcClientProtocolClient (GrpcClientProtocolClient.java:onNext(255)) - client-B268B4322F32->17750241-545b-4219-93a1-14a6ea3d85be: receive RaftClientReply:client-B268B4322F32->17750241-545b-4219-93a1-14a6ea3d85be@group-C33FBD9556F2, cid=3452, SUCCESS, logIndex=5233, commits[17750241-545b-4219-93a1-14a6ea3d85be:c5233, 4eaaa090-573e-41d3-9f8c-c99e236d806a:c5229, 5f4cf9ee-4bed-49de-adaa-861aec894328:c5229]
2019-08-23 02:48:47,287 | INFO  | DNAudit | user=null | ip=null | op=WRITE_CHUNK {blockData=conID: 2 locID: 102664013557858992 bcsId: 5229} | ret=SUCCESS |  
2019-08-23 02:48:47,287 | INFO  | DNAudit | user=null | ip=null | op=WRITE_CHUNK {blockData=conID: 2 locID: 102664013557858992 bcsId: 5229} | ret=SUCCESS |  
2019-08-23 02:48:47,287 | INFO  | DNAudit | user=null | ip=null | op=PUT_BLOCK {blockData=[blockId=conID: 2 locID: 102664013557858992 bcsId: 0,size=4194304]} | ret=SUCCESS |  
2019-08-23 02:48:47,287 | INFO  | DNAudit | user=null | ip=null | op=PUT_BLOCK {blockData=[blockId=conID: 2 locID: 102664013557858992 bcsId: 0,size=4194304]} | ret=SUCCESS |  
2019-08-23 02:48:47,287 [grpc-default-executor-5] INFO  client.GrpcClientProtocolClient (GrpcClientProtocolClient.java:onNext(255)) - client-B268B4322F32->17750241-545b-4219-93a1-14a6ea3d85be: receive RaftClientReply:client-B268B4322F32->17750241-545b-4219-93a1-14a6ea3d85be@group-C33FBD9556F2, cid=3453, SUCCESS, logIndex=0, commits[17750241-545b-4219-93a1-14a6ea3d85be:c5234, 4eaaa090-573e-41d3-9f8c-c99e236d806a:c5233, 5f4cf9ee-4bed-49de-adaa-861aec894328:c5233]
2019-08-23 02:48:47,290 | INFO  | SCMAudit | user=jenkins1000 | ip=192.168.34.22 | op=ALLOCATE_BLOCK {owner=31d65bc3-3f70-45f5-bbc5-e3a15f967ba6, size=4194304, type=RATIS, factor=THREE} | ret=SUCCESS |  
2019-08-23 02:48:47,295 | INFO  | OMAudit | user=jenkins1000 | ip=127.0.0.1 | op=ALLOCATE_BLOCK {volume=vol-0-78052, bucket=bucket-0-33874, key=key-0-20719, dataSize=2147483657, replicationType=RATIS, replicationFactor=THREE, keyLocationInfo=[], clientID=102664010308846034} | ret=SUCCESS |  
2019-08-23 02:48:47,307 | INFO  | DNAudit | user=null | ip=null | op=WRITE_CHUNK {blockData=conID: 3 locID: 102664013564412593 bcsId: 0} | ret=SUCCESS |  
2019-08-23 02:48:47,311 | INFO  | DNAudit | user=null | ip=null | op=WRITE_CHUNK {blockData=conID: 3 locID: 102664013564412593 bcsId: 0} | ret=SUCCESS |  
2019-08-23 02:48:47,311 | INFO  | DNAudit | user=null | ip=null | op=WRITE_CHUNK {blockData=conID: 3 locID: 102664013564412593 bcsId: 0} | ret=SUCCESS |  
2019-08-23 02:48:47,312 | INFO  | DNAudit | user=null | ip=null | op=WRITE_CHUNK {blockData=conID: 3 locID: 102664013564412593 bcsId: 0} | ret=SUCCESS |  
2019-08-23 02:48:47,315 | INFO  | DNAudit | user=null | ip=null | op=WRITE_CHUNK {blockData=conID: 3 locID: 102664013564412593 bcsId: 0} | ret=SUCCESS |  
2019-08-23 02:48:47,315 | INFO  | DNAudit | user=null | ip=null | op=WRITE_CHUNK {blockData=conID: 3 locID: 102664013564412593 bcsId: 0} | ret=SUCCESS |  
2019-08-23 02:48:47,320 | INFO  | DNAudit | user=null | ip=null | op=WRITE_CHUNK {blockData=conID: 3 locID: 102664013564412593 bcsId: 0} | ret=SUCCESS |  
2019-08-23 02:48:47,320 | INFO  | DNAudit | user=null | ip=null | op=PUT_BLOCK {blockData=[blockId=conID: 3 locID: 102664013564412593 bcsId: 0,size=1048576]} | ret=SUCCESS |  
2019-08-23 02:48:47,320 [grpc-default-executor-2] INFO  client.GrpcClientProtocolClient (GrpcClientProtocolClient.java:onNext(255)) - client-B268B4322F32->17750241-545b-4219-93a1-14a6ea3d85be: receive RaftClientReply:client-B268B4322F32->17750241-545b-4219-93a1-14a6ea3d85be@group-C33FBD9556F2, cid=3454, SUCCESS, logIndex=5236, commits[17750241-545b-4219-93a1-14a6ea3d85be:c5237, 4eaaa090-573e-41d3-9f8c-c99e236d806a:c5235, 5f4cf9ee-4bed-49de-adaa-861aec894328:c5235]
2019-08-23 02:48:47,321 | INFO  | DNAudit | user=null | ip=null | op=WRITE_CHUNK {blockData=conID: 3 locID: 102664013564412593 bcsId: 0} | ret=SUCCESS |  
2019-08-23 02:48:47,321 [grpc-default-executor-2] INFO  client.GrpcClientProtocolClient (GrpcClientProtocolClient.java:onNext(255)) - client-B268B4322F32->17750241-545b-4219-93a1-14a6ea3d85be: receive RaftClientReply:client-B268B4322F32->17750241-545b-4219-93a1-14a6ea3d85be@group-C33FBD9556F2, cid=3455, SUCCESS, logIndex=5237, commits[17750241-545b-4219-93a1-14a6ea3d85be:c5237, 4eaaa090-573e-41d3-9f8c-c99e236d806a:c5235, 5f4cf9ee-4bed-49de-adaa-861aec894328:c5235]
2019-08-23 02:48:47,321 | INFO  | DNAudit | user=null | ip=null | op=PUT_BLOCK {blockData=[blockId=conID: 3 locID: 102664013564412593 bcsId: 0,size=2097152]} | ret=SUCCESS |  
2019-08-23 02:48:47,322 [grpc-default-executor-2] INFO  client.GrpcClientProtocolClient (GrpcClientProtocolClient.java:onNext(255)) - client-B268B4322F32->17750241-545b-4219-93a1-14a6ea3d85be: receive RaftClientReply:client-B268B4322F32->17750241-545b-4219-93a1-14a6ea3d85be@group-C33FBD9556F2, cid=3456, SUCCESS, logIndex=5238, commits[17750241-545b-4219-93a1-14a6ea3d85be:c5239, 4eaaa090-573e-41d3-9f8c-c99e236d806a:c5235, 5f4cf9ee-4bed-49de-adaa-861aec894328:c5235]
2019-08-23 02:48:47,322 [grpc-default-executor-2] INFO  client.GrpcClientProtocolClient (GrpcClientProtocolClient.java:onNext(255)) - client-B268B4322F32->17750241-545b-4219-93a1-14a6ea3d85be: receive RaftClientReply:client-B268B4322F32->17750241-545b-4219-93a1-14a6ea3d85be@group-C33FBD9556F2, cid=3457, SUCCESS, logIndex=5239, commits[17750241-545b-4219-93a1-14a6ea3d85be:c5239, 4eaaa090-573e-41d3-9f8c-c99e236d806a:c5235, 5f4cf9ee-4bed-49de-adaa-861aec894328:c5235]
2019-08-23 02:48:47,334 | INFO  | DNAudit | user=null | ip=null | op=WRITE_CHUNK {blockData=conID: 3 locID: 102664013564412593 bcsId: 0} | ret=SUCCESS |  
2019-08-23 02:48:47,334 | INFO  | DNAudit | user=null | ip=null | op=PUT_BLOCK {blockData=[blockId=conID: 3 locID: 102664013564412593 bcsId: 0,size=1048576]} | ret=SUCCESS |  
2019-08-23 02:48:47,334 | INFO  | DNAudit | user=null | ip=null | op=WRITE_CHUNK {blockData=conID: 3 locID: 102664013564412593 bcsId: 0} | ret=SUCCESS |  
2019-08-23 02:48:47,335 | INFO  | DNAudit | user=null | ip=null | op=PUT_BLOCK {blockData=[blockId=conID: 3 locID: 102664013564412593 bcsId: 0,size=1048576]} | ret=SUCCESS |  
2019-08-23 02:48:47,335 | INFO  | DNAudit | user=null | ip=null | op=WRITE_CHUNK {blockData=conID: 3 locID: 102664013564412593 bcsId: 0} | ret=SUCCESS |  
2019-08-23 02:48:47,335 | INFO  | DNAudit | user=null | ip=null | op=WRITE_CHUNK {blockData=conID: 3 locID: 102664013564412593 bcsId: 0} | ret=SUCCESS |  
2019-08-23 02:48:47,335 | INFO  | DNAudit | user=null | ip=null | op=PUT_BLOCK {blockData=[blockId=conID: 3 locID: 102664013564412593 bcsId: 0,size=2097152]} | ret=SUCCESS |  
2019-08-23 02:48:47,335 | INFO  | DNAudit | user=null | ip=null | op=PUT_BLOCK {blockData=[blockId=conID: 3 locID: 102664013564412593 bcsId: 0,size=2097152]} | ret=SUCCESS |  
2019-08-23 02:48:47,335 [grpc-default-executor-1] INFO  client.GrpcClientProtocolClient (GrpcClientProtocolClient.java:onNext(255)) - client-B268B4322F32->17750241-545b-4219-93a1-14a6ea3d85be: receive RaftClientReply:client-B268B4322F32->17750241-545b-4219-93a1-14a6ea3d85be@group-C33FBD9556F2, cid=3458, SUCCESS, logIndex=0, commits[17750241-545b-4219-93a1-14a6ea3d85be:c5241, 4eaaa090-573e-41d3-9f8c-c99e236d806a:c5237, 5f4cf9ee-4bed-49de-adaa-861aec894328:c5237]
2019-08-23 02:48:47,344 | INFO  | DNAudit | user=null | ip=null | op=WRITE_CHUNK {blockData=conID: 3 locID: 102664013564412593 bcsId: 5239} | ret=SUCCESS |  
2019-08-23 02:48:47,345 | INFO  | DNAudit | user=null | ip=null | op=WRITE_CHUNK {blockData=conID: 3 locID: 102664013564412593 bcsId: 5239} | ret=SUCCESS |  
2019-08-23 02:48:47,347 | INFO  | DNAudit | user=null | ip=null | op=WRITE_CHUNK {blockData=conID: 3 locID: 102664013564412593 bcsId: 5239} | ret=SUCCESS |  
2019-08-23 02:48:47,357 | INFO  | DNAudit | user=null | ip=null | op=WRITE_CHUNK {blockData=conID: 3 locID: 102664013564412593 bcsId: 5239} | ret=SUCCESS |  
2019-08-23 02:48:47,357 | INFO  | DNAudit | user=null | ip=null | op=PUT_BLOCK {blockData=[blockId=conID: 3 locID: 102664013564412593 bcsId: 0,size=3145728]} | ret=SUCCESS |  
2019-08-23 02:48:47,357 [grpc-default-executor-5] INFO  client.GrpcClientProtocolClient (GrpcClientProtocolClient.java:onNext(255)) - client-B268B4322F32->17750241-545b-4219-93a1-14a6ea3d85be: receive RaftClientReply:client-B268B4322F32->17750241-545b-4219-93a1-14a6ea3d85be@group-C33FBD9556F2, cid=3459, SUCCESS, logIndex=5244, commits[17750241-545b-4219-93a1-14a6ea3d85be:c5245, 4eaaa090-573e-41d3-9f8c-c99e236d806a:c5243, 5f4cf9ee-4bed-49de-adaa-861aec894328:c5243]
2019-08-23 02:48:47,358 [grpc-default-executor-5] INFO  client.GrpcClientProtocolClient (GrpcClientProtocolClient.java:onNext(255)) - client-B268B4322F32->17750241-545b-4219-93a1-14a6ea3d85be: receive RaftClientReply:client-B268B4322F32->17750241-545b-4219-93a1-14a6ea3d85be@group-C33FBD9556F2, cid=3460, SUCCESS, logIndex=5245, commits[17750241-545b-4219-93a1-14a6ea3d85be:c5245, 4eaaa090-573e-41d3-9f8c-c99e236d806a:c5243, 5f4cf9ee-4bed-49de-adaa-861aec894328:c5243]
2019-08-23 02:48:47,365 | INFO  | DNAudit | user=null | ip=null | op=WRITE_CHUNK {blockData=conID: 3 locID: 102664013564412593 bcsId: 5245} | ret=SUCCESS |  
2019-08-23 02:48:47,367 | INFO  | DNAudit | user=null | ip=null | op=WRITE_CHUNK {blockData=conID: 3 locID: 102664013564412593 bcsId: 5245} | ret=SUCCESS |  
2019-08-23 02:48:47,368 | INFO  | DNAudit | user=null | ip=null | op=WRITE_CHUNK {blockData=conID: 3 locID: 102664013564412593 bcsId: 5245} | ret=SUCCESS |  
2019-08-23 02:48:47,368 | INFO  | DNAudit | user=null | ip=null | op=WRITE_CHUNK {blockData=conID: 3 locID: 102664013564412593 bcsId: 5239} | ret=SUCCESS |  
2019-08-23 02:48:47,368 | INFO  | DNAudit | user=null | ip=null | op=WRITE_CHUNK {blockData=conID: 3 locID: 102664013564412593 bcsId: 5239} | ret=SUCCESS |  
2019-08-23 02:48:47,368 | INFO  | DNAudit | user=null | ip=null | op=PUT_BLOCK {blockData=[blockId=conID: 3 locID: 102664013564412593 bcsId: 0,size=3145728]} | ret=SUCCESS |  
2019-08-23 02:48:47,369 | INFO  | DNAudit | user=null | ip=null | op=PUT_BLOCK {blockData=[blockId=conID: 3 locID: 102664013564412593 bcsId: 0,size=3145728]} | ret=SUCCESS |  
2019-08-23 02:48:47,370 | INFO  | DNAudit | user=null | ip=null | op=WRITE_CHUNK {blockData=conID: 3 locID: 102664013564412593 bcsId: 5245} | ret=SUCCESS |  
2019-08-23 02:48:47,370 | INFO  | DNAudit | user=null | ip=null | op=PUT_BLOCK {blockData=[blockId=conID: 3 locID: 102664013564412593 bcsId: 0,size=4194304]} | ret=SUCCESS |  
2019-08-23 02:48:47,371 [grpc-default-executor-2] INFO  client.GrpcClientProtocolClient (GrpcClientProtocolClient.java:onNext(255)) - client-B268B4322F32->17750241-545b-4219-93a1-14a6ea3d85be: receive RaftClientReply:client-B268B4322F32->17750241-545b-4219-93a1-14a6ea3d85be@group-C33FBD9556F2, cid=3461, SUCCESS, logIndex=5248, commits[17750241-545b-4219-93a1-14a6ea3d85be:c5249, 4eaaa090-573e-41d3-9f8c-c99e236d806a:c5245, 5f4cf9ee-4bed-49de-adaa-861aec894328:c5245]
2019-08-23 02:48:47,371 [grpc-default-executor-2] INFO  client.GrpcClientProtocolClient (GrpcClientProtocolClient.java:onNext(255)) - client-B268B4322F32->17750241-545b-4219-93a1-14a6ea3d85be: receive RaftClientReply:client-B268B4322F32->17750241-545b-4219-93a1-14a6ea3d85be@group-C33FBD9556F2, cid=3462, SUCCESS, logIndex=5249, commits[17750241-545b-4219-93a1-14a6ea3d85be:c5249, 4eaaa090-573e-41d3-9f8c-c99e236d806a:c5245, 5f4cf9ee-4bed-49de-adaa-861aec894328:c5245]
2019-08-23 02:48:47,373 | INFO  | DNAudit | user=null | ip=null | op=WRITE_CHUNK {blockData=conID: 3 locID: 102664013564412593 bcsId: 5245} | ret=SUCCESS |  
2019-08-23 02:48:47,373 | INFO  | DNAudit | user=null | ip=null | op=WRITE_CHUNK {blockData=conID: 3 locID: 102664013564412593 bcsId: 5245} | ret=SUCCESS |  
2019-08-23 02:48:47,373 | INFO  | DNAudit | user=null | ip=null | op=PUT_BLOCK {blockData=[blockId=conID: 3 locID: 102664013564412593 bcsId: 0,size=4194304]} | ret=SUCCESS |  
2019-08-23 02:48:47,374 | INFO  | DNAudit | user=null | ip=null | op=PUT_BLOCK {blockData=[blockId=conID: 3 locID: 102664013564412593 bcsId: 0,size=4194304]} | ret=SUCCESS |  
2019-08-23 02:48:47,374 [grpc-default-executor-2] INFO  client.GrpcClientProtocolClient (GrpcClientProtocolClient.java:onNext(255)) - client-B268B4322F32->17750241-545b-4219-93a1-14a6ea3d85be: receive RaftClientReply:client-B268B4322F32->17750241-545b-4219-93a1-14a6ea3d85be@group-C33FBD9556F2, cid=3463, SUCCESS, logIndex=0, commits[17750241-545b-4219-93a1-14a6ea3d85be:c5250, 4eaaa090-573e-41d3-9f8c-c99e236d806a:c5249, 5f4cf9ee-4bed-49de-adaa-861aec894328:c5249]
2019-08-23 02:48:47,376 | INFO  | SCMAudit | user=jenkins1000 | ip=192.168.34.22 | op=ALLOCATE_BLOCK {owner=31d65bc3-3f70-45f5-bbc5-e3a15f967ba6, size=4194304, type=RATIS, factor=THREE} | ret=SUCCESS |  
2019-08-23 02:48:47,381 | INFO  | OMAudit | user=jenkins1000 | ip=127.0.0.1 | op=ALLOCATE_BLOCK {volume=vol-0-78052, bucket=bucket-0-33874, key=key-0-20719, dataSize=2147483657, replicationType=RATIS, replicationFactor=THREE, keyLocationInfo=[], clientID=102664010308846034} | ret=SUCCESS |  
2019-08-23 02:48:47,393 | INFO  | DNAudit | user=null | ip=null | op=WRITE_CHUNK {blockData=conID: 1 locID: 102664013570114226 bcsId: 0} | ret=SUCCESS |  
2019-08-23 02:48:47,395 | INFO  | DNAudit | user=null | ip=null | op=WRITE_CHUNK {blockData=conID: 1 locID: 102664013570114226 bcsId: 0} | ret=SUCCESS |  
2019-08-23 02:48:47,396 | INFO  | DNAudit | user=null | ip=null | op=WRITE_CHUNK {blockData=conID: 1 locID: 102664013570114226 bcsId: 0} | ret=SUCCESS |  
2019-08-23 02:48:47,397 | INFO  | DNAudit | user=null | ip=null | op=WRITE_CHUNK {blockData=conID: 1 locID: 102664013570114226 bcsId: 0} | ret=SUCCESS |  
2019-08-23 02:48:47,398 | INFO  | DNAudit | user=null | ip=null | op=WRITE_CHUNK {blockData=conID: 1 locID: 102664013570114226 bcsId: 0} | ret=SUCCESS |  
2019-08-23 02:48:47,399 | INFO  | DNAudit | user=null | ip=null | op=WRITE_CHUNK {blockData=conID: 1 locID: 102664013570114226 bcsId: 0} | ret=SUCCESS |  
2019-08-23 02:48:47,409 | INFO  | DNAudit | user=null | ip=null | op=WRITE_CHUNK {blockData=conID: 1 locID: 102664013570114226 bcsId: 0} | ret=SUCCESS |  
2019-08-23 02:48:47,409 | INFO  | DNAudit | user=null | ip=null | op=PUT_BLOCK {blockData=[blockId=conID: 1 locID: 102664013570114226 bcsId: 0,size=1048576]} | ret=SUCCESS |  
2019-08-23 02:48:47,410 | INFO  | DNAudit | user=null | ip=null | op=WRITE_CHUNK {blockData=conID: 1 locID: 102664013570114226 bcsId: 0} | ret=SUCCESS |  
2019-08-23 02:48:47,410 [grpc-default-executor-2] INFO  client.GrpcClientProtocolClient (GrpcClientProtocolClient.java:onNext(255)) - client-B268B4322F32->17750241-545b-4219-93a1-14a6ea3d85be: receive RaftClientReply:client-B268B4322F32->17750241-545b-4219-93a1-14a6ea3d85be@group-C33FBD9556F2, cid=3464, SUCCESS, logIndex=5252, commits[17750241-545b-4219-93a1-14a6ea3d85be:c5253, 4eaaa090-573e-41d3-9f8c-c99e236d806a:c5251, 5f4cf9ee-4bed-49de-adaa-861aec894328:c5251]
2019-08-23 02:48:47,410 | INFO  | DNAudit | user=null | ip=null | op=PUT_BLOCK {blockData=[blockId=conID: 1 locID: 102664013570114226 bcsId: 0,size=2097152]} | ret=SUCCESS |  
2019-08-23 02:48:47,410 [grpc-default-executor-2] INFO  client.GrpcClientProtocolClient (GrpcClientProtocolClient.java:onNext(255)) - client-B268B4322F32->17750241-545b-4219-93a1-14a6ea3d85be: receive RaftClientReply:client-B268B4322F32->17750241-545b-4219-93a1-14a6ea3d85be@group-C33FBD9556F2, cid=3465, SUCCESS, logIndex=5253, commits[17750241-545b-4219-93a1-14a6ea3d85be:c5255, 4eaaa090-573e-41d3-9f8c-c99e236d806a:c5251, 5f4cf9ee-4bed-49de-adaa-861aec894328:c5251]
2019-08-23 02:48:47,411 [grpc-default-executor-2] INFO  client.GrpcClientProtocolClient (GrpcClientProtocolClient.java:onNext(255)) - client-B268B4322F32->17750241-545b-4219-93a1-14a6ea3d85be: receive RaftClientReply:client-B268B4322F32->17750241-545b-4219-93a1-14a6ea3d85be@group-C33FBD9556F2, cid=3466, SUCCESS, logIndex=5254, commits[17750241-545b-4219-93a1-14a6ea3d85be:c5255, 4eaaa090-573e-41d3-9f8c-c99e236d806a:c5251, 5f4cf9ee-4bed-49de-adaa-861aec894328:c5251]
2019-08-23 02:48:47,411 [grpc-default-executor-2] INFO  client.GrpcClientProtocolClient (GrpcClientProtocolClient.java:onNext(255)) - client-B268B4322F32->17750241-545b-4219-93a1-14a6ea3d85be: receive RaftClientReply:client-B268B4322F32->17750241-545b-4219-93a1-14a6ea3d85be@group-C33FBD9556F2, cid=3467, SUCCESS, logIndex=5255, commits[17750241-545b-4219-93a1-14a6ea3d85be:c5255, 4eaaa090-573e-41d3-9f8c-c99e236d806a:c5251, 5f4cf9ee-4bed-49de-adaa-861aec894328:c5251]
2019-08-23 02:48:47,433 | INFO  | DNAudit | user=null | ip=null | op=WRITE_CHUNK {blockData=conID: 1 locID: 102664013570114226 bcsId: 0} | ret=SUCCESS |  
2019-08-23 02:48:47,434 | INFO  | DNAudit | user=null | ip=null | op=WRITE_CHUNK {blockData=conID: 1 locID: 102664013570114226 bcsId: 0} | ret=SUCCESS |  
2019-08-23 02:48:47,434 | INFO  | DNAudit | user=null | ip=null | op=PUT_BLOCK {blockData=[blockId=conID: 1 locID: 102664013570114226 bcsId: 0,size=1048576]} | ret=SUCCESS |  
2019-08-23 02:48:47,434 | INFO  | DNAudit | user=null | ip=null | op=PUT_BLOCK {blockData=[blockId=conID: 1 locID: 102664013570114226 bcsId: 0,size=1048576]} | ret=SUCCESS |  
2019-08-23 02:48:47,434 | INFO  | DNAudit | user=null | ip=null | op=WRITE_CHUNK {blockData=conID: 1 locID: 102664013570114226 bcsId: 0} | ret=SUCCESS |  
2019-08-23 02:48:47,435 | INFO  | DNAudit | user=null | ip=null | op=PUT_BLOCK {blockData=[blockId=conID: 1 locID: 102664013570114226 bcsId: 0,size=2097152]} | ret=SUCCESS |  
2019-08-23 02:48:47,435 | INFO  | DNAudit | user=null | ip=null | op=WRITE_CHUNK {blockData=conID: 1 locID: 102664013570114226 bcsId: 0} | ret=SUCCESS |  
2019-08-23 02:48:47,435 [grpc-default-executor-2] INFO  client.GrpcClientProtocolClient (GrpcClientProtocolClient.java:onNext(255)) - client-B268B4322F32->17750241-545b-4219-93a1-14a6ea3d85be: receive RaftClientReply:client-B268B4322F32->17750241-545b-4219-93a1-14a6ea3d85be@group-C33FBD9556F2, cid=3468, SUCCESS, logIndex=0, commits[17750241-545b-4219-93a1-14a6ea3d85be:c5257, 4eaaa090-573e-41d3-9f8c-c99e236d806a:c5253, 5f4cf9ee-4bed-49de-adaa-861aec894328:c5253]
2019-08-23 02:48:47,435 | INFO  | DNAudit | user=null | ip=null | op=PUT_BLOCK {blockData=[blockId=conID: 1 locID: 102664013570114226 bcsId: 0,size=2097152]} | ret=SUCCESS |  
2019-08-23 02:48:47,442 | INFO  | DNAudit | user=null | ip=null | op=WRITE_CHUNK {blockData=conID: 1 locID: 102664013570114226 bcsId: 5255} | ret=SUCCESS |  
2019-08-23 02:48:47,445 | INFO  | DNAudit | user=null | ip=null | op=WRITE_CHUNK {blockData=conID: 1 locID: 102664013570114226 bcsId: 5255} | ret=SUCCESS |  
2019-08-23 02:48:47,446 | INFO  | DNAudit | user=null | ip=null | op=WRITE_CHUNK {blockData=conID: 1 locID: 102664013570114226 bcsId: 5255} | ret=SUCCESS |  
2019-08-23 02:48:47,455 | INFO  | DNAudit | user=null | ip=null | op=WRITE_CHUNK {blockData=conID: 1 locID: 102664013570114226 bcsId: 5255} | ret=SUCCESS |  
2019-08-23 02:48:47,455 | INFO  | DNAudit | user=null | ip=null | op=PUT_BLOCK {blockData=[blockId=conID: 1 locID: 102664013570114226 bcsId: 0,size=3145728]} | ret=SUCCESS |  
2019-08-23 02:48:47,455 [grpc-default-executor-2] INFO  client.GrpcClientProtocolClient (GrpcClientProtocolClient.java:onNext(255)) - client-B268B4322F32->17750241-545b-4219-93a1-14a6ea3d85be: receive RaftClientReply:client-B268B4322F32->17750241-545b-4219-93a1-14a6ea3d85be@group-C33FBD9556F2, cid=3469, SUCCESS, logIndex=5260, commits[17750241-545b-4219-93a1-14a6ea3d85be:c5261, 4eaaa090-573e-41d3-9f8c-c99e236d806a:c5259, 5f4cf9ee-4bed-49de-adaa-861aec894328:c5259]
2019-08-23 02:48:47,456 [grpc-default-executor-2] INFO  client.GrpcClientProtocolClient (GrpcClientProtocolClient.java:onNext(255)) - client-B268B4322F32->17750241-545b-4219-93a1-14a6ea3d85be: receive RaftClientReply:client-B268B4322F32->17750241-545b-4219-93a1-14a6ea3d85be@group-C33FBD9556F2, cid=3470, SUCCESS, logIndex=5261, commits[17750241-545b-4219-93a1-14a6ea3d85be:c5261, 4eaaa090-573e-41d3-9f8c-c99e236d806a:c5259, 5f4cf9ee-4bed-49de-adaa-861aec894328:c5259]
2019-08-23 02:48:47,463 | INFO  | DNAudit | user=null | ip=null | op=WRITE_CHUNK {blockData=conID: 1 locID: 102664013570114226 bcsId: 5261} | ret=SUCCESS |  
2019-08-23 02:48:47,466 | INFO  | DNAudit | user=null | ip=null | op=WRITE_CHUNK {blockData=conID: 1 locID: 102664013570114226 bcsId: 5255} | ret=SUCCESS |  
2019-08-23 02:48:47,466 | INFO  | DNAudit | user=null | ip=null | op=WRITE_CHUNK {blockData=conID: 1 locID: 102664013570114226 bcsId: 5261} | ret=SUCCESS |  
2019-08-23 02:48:47,466 | INFO  | DNAudit | user=null | ip=null | op=WRITE_CHUNK {blockData=conID: 1 locID: 102664013570114226 bcsId: 5255} | ret=SUCCESS |  
2019-08-23 02:48:47,466 | INFO  | DNAudit | user=null | ip=null | op=WRITE_CHUNK {blockData=conID: 1 locID: 102664013570114226 bcsId: 5261} | ret=SUCCESS |  
2019-08-23 02:48:47,468 | INFO  | DNAudit | user=null | ip=null | op=PUT_BLOCK {blockData=[blockId=conID: 1 locID: 102664013570114226 bcsId: 0,size=3145728]} | ret=SUCCESS |  
2019-08-23 02:48:47,468 | INFO  | DNAudit | user=null | ip=null | op=PUT_BLOCK {blockData=[blockId=conID: 1 locID: 102664013570114226 bcsId: 0,size=3145728]} | ret=SUCCESS |  
2019-08-23 02:48:47,468 | INFO  | DNAudit | user=null | ip=null | op=WRITE_CHUNK {blockData=conID: 1 locID: 102664013570114226 bcsId: 5261} | ret=SUCCESS |  
2019-08-23 02:48:47,469 | INFO  | DNAudit | user=null | ip=null | op=PUT_BLOCK {blockData=[blockId=conID: 1 locID: 102664013570114226 bcsId: 0,size=4194304]} | ret=SUCCESS |  
2019-08-23 02:48:47,469 [grpc-default-executor-1] INFO  client.GrpcClientProtocolClient (GrpcClientProtocolClient.java:onNext(255)) - client-B268B4322F32->17750241-545b-4219-93a1-14a6ea3d85be: receive RaftClientReply:client-B268B4322F32->17750241-545b-4219-93a1-14a6ea3d85be@group-C33FBD9556F2, cid=3471, SUCCESS, logIndex=5264, commits[17750241-545b-4219-93a1-14a6ea3d85be:c5265, 4eaaa090-573e-41d3-9f8c-c99e236d806a:c5261, 5f4cf9ee-4bed-49de-adaa-861aec894328:c5261]
2019-08-23 02:48:47,469 [grpc-default-executor-1] INFO  client.GrpcClientProtocolClient (GrpcClientProtocolClient.java:onNext(255)) - client-B268B4322F32->17750241-545b-4219-93a1-14a6ea3d85be: receive RaftClientReply:client-B268B4322F32->17750241-545b-4219-93a1-14a6ea3d85be@group-C33FBD9556F2, cid=3472, SUCCESS, logIndex=5265, commits[17750241-545b-4219-93a1-14a6ea3d85be:c5265, 4eaaa090-573e-41d3-9f8c-c99e236d806a:c5261, 5f4cf9ee-4bed-49de-adaa-861aec894328:c5261]
2019-08-23 02:48:47,480 | INFO  | DNAudit | user=null | ip=null | op=WRITE_CHUNK {blockData=conID: 1 locID: 102664013570114226 bcsId: 5261} | ret=SUCCESS |  
2019-08-23 02:48:47,480 | INFO  | DNAudit | user=null | ip=null | op=PUT_BLOCK {blockData=[blockId=conID: 1 locID: 102664013570114226 bcsId: 0,size=4194304]} | ret=SUCCESS |  
2019-08-23 02:48:47,480 | INFO  | DNAudit | user=null | ip=null | op=WRITE_CHUNK {blockData=conID: 1 locID: 102664013570114226 bcsId: 5261} | ret=SUCCESS |  
2019-08-23 02:48:47,480 | INFO  | DNAudit | user=null | ip=null | op=PUT_BLOCK {blockData=[blockId=conID: 1 locID: 102664013570114226 bcsId: 0,size=4194304]} | ret=SUCCESS |  
2019-08-23 02:48:47,481 [grpc-default-executor-1] INFO  client.GrpcClientProtocolClient (GrpcClientProtocolClient.java:onNext(255)) - client-B268B4322F32->17750241-545b-4219-93a1-14a6ea3d85be: receive RaftClientReply:client-B268B4322F32->17750241-545b-4219-93a1-14a6ea3d85be@group-C33FBD9556F2, cid=3473, SUCCESS, logIndex=0, commits[17750241-545b-4219-93a1-14a6ea3d85be:c5266, 4eaaa090-573e-41d3-9f8c-c99e236d806a:c5265, 5f4cf9ee-4bed-49de-adaa-861aec894328:c5265]
2019-08-23 02:48:47,483 | INFO  | SCMAudit | user=jenkins1000 | ip=192.168.34.22 | op=ALLOCATE_BLOCK {owner=31d65bc3-3f70-45f5-bbc5-e3a15f967ba6, size=4194304, type=RATIS, factor=THREE} | ret=SUCCESS |  
2019-08-23 02:48:47,489 | INFO  | OMAudit | user=jenkins1000 | ip=127.0.0.1 | op=ALLOCATE_BLOCK {volume=vol-0-78052, bucket=bucket-0-33874, key=key-0-20719, dataSize=2147483657, replicationType=RATIS, replicationFactor=THREE, keyLocationInfo=[], clientID=102664010308846034} | ret=SUCCESS |  
2019-08-23 02:48:47,505 | INFO  | DNAudit | user=null | ip=null | op=WRITE_CHUNK {blockData=conID: 2 locID: 102664013577126579 bcsId: 0} | ret=SUCCESS |  
2019-08-23 02:48:47,506 | INFO  | DNAudit | user=null | ip=null | op=WRITE_CHUNK {blockData=conID: 2 locID: 102664013577126579 bcsId: 0} | ret=SUCCESS |  
2019-08-23 02:48:47,508 | INFO  | DNAudit | user=null | ip=null | op=WRITE_CHUNK {blockData=conID: 2 locID: 102664013577126579 bcsId: 0} | ret=SUCCESS |  
2019-08-23 02:48:47,508 | INFO  | DNAudit | user=null | ip=null | op=WRITE_CHUNK {blockData=conID: 2 locID: 102664013577126579 bcsId: 0} | ret=SUCCESS |  
2019-08-23 02:48:47,510 | INFO  | DNAudit | user=null | ip=null | op=WRITE_CHUNK {blockData=conID: 2 locID: 102664013577126579 bcsId: 0} | ret=SUCCESS |  
2019-08-23 02:48:47,510 | INFO  | DNAudit | user=null | ip=null | op=WRITE_CHUNK {blockData=conID: 2 locID: 102664013577126579 bcsId: 0} | ret=SUCCESS |  
2019-08-23 02:48:47,519 | INFO  | DNAudit | user=null | ip=null | op=WRITE_CHUNK {blockData=conID: 2 locID: 102664013577126579 bcsId: 0} | ret=SUCCESS |  
2019-08-23 02:48:47,519 | INFO  | DNAudit | user=null | ip=null | op=PUT_BLOCK {blockData=[blockId=conID: 2 locID: 102664013577126579 bcsId: 0,size=1048576]} | ret=SUCCESS |  
2019-08-23 02:48:47,520 [grpc-default-executor-5] INFO  client.GrpcClientProtocolClient (GrpcClientProtocolClient.java:onNext(255)) - client-B268B4322F32->17750241-545b-4219-93a1-14a6ea3d85be: receive RaftClientReply:client-B268B4322F32->17750241-545b-4219-93a1-14a6ea3d85be@group-C33FBD9556F2, cid=3474, SUCCESS, logIndex=5268, commits[17750241-545b-4219-93a1-14a6ea3d85be:c5271, 4eaaa090-573e-41d3-9f8c-c99e236d806a:c5267, 5f4cf9ee-4bed-49de-adaa-861aec894328:c5267]
2019-08-23 02:48:47,520 | INFO  | DNAudit | user=null | ip=null | op=WRITE_CHUNK {blockData=conID: 2 locID: 102664013577126579 bcsId: 0} | ret=SUCCESS |  
2019-08-23 02:48:47,520 | INFO  | DNAudit | user=null | ip=null | op=PUT_BLOCK {blockData=[blockId=conID: 2 locID: 102664013577126579 bcsId: 0,size=2097152]} | ret=SUCCESS |  
2019-08-23 02:48:47,520 [grpc-default-executor-5] INFO  client.GrpcClientProtocolClient (GrpcClientProtocolClient.java:onNext(255)) - client-B268B4322F32->17750241-545b-4219-93a1-14a6ea3d85be: receive RaftClientReply:client-B268B4322F32->17750241-545b-4219-93a1-14a6ea3d85be@group-C33FBD9556F2, cid=3475, SUCCESS, logIndex=5269, commits[17750241-545b-4219-93a1-14a6ea3d85be:c5271, 4eaaa090-573e-41d3-9f8c-c99e236d806a:c5267, 5f4cf9ee-4bed-49de-adaa-861aec894328:c5267]
2019-08-23 02:48:47,521 [grpc-default-executor-5] INFO  client.GrpcClientProtocolClient (GrpcClientProtocolClient.java:onNext(255)) - client-B268B4322F32->17750241-545b-4219-93a1-14a6ea3d85be: receive RaftClientReply:client-B268B4322F32->17750241-545b-4219-93a1-14a6ea3d85be@group-C33FBD9556F2, cid=3476, SUCCESS, logIndex=5270, commits[17750241-545b-4219-93a1-14a6ea3d85be:c5271, 4eaaa090-573e-41d3-9f8c-c99e236d806a:c5267, 5f4cf9ee-4bed-49de-adaa-861aec894328:c5267]
2019-08-23 02:48:47,521 [grpc-default-executor-5] INFO  client.GrpcClientProtocolClient (GrpcClientProtocolClient.java:onNext(255)) - client-B268B4322F32->17750241-545b-4219-93a1-14a6ea3d85be: receive RaftClientReply:client-B268B4322F32->17750241-545b-4219-93a1-14a6ea3d85be@group-C33FBD9556F2, cid=3477, SUCCESS, logIndex=5271, commits[17750241-545b-4219-93a1-14a6ea3d85be:c5271, 4eaaa090-573e-41d3-9f8c-c99e236d806a:c5267, 5f4cf9ee-4bed-49de-adaa-861aec894328:c5267]
2019-08-23 02:48:47,530 | INFO  | DNAudit | user=null | ip=null | op=WRITE_CHUNK {blockData=conID: 2 locID: 102664013577126579 bcsId: 0} | ret=SUCCESS |  
2019-08-23 02:48:47,530 | INFO  | DNAudit | user=null | ip=null | op=WRITE_CHUNK {blockData=conID: 2 locID: 102664013577126579 bcsId: 0} | ret=SUCCESS |  
2019-08-23 02:48:47,531 | INFO  | DNAudit | user=null | ip=null | op=PUT_BLOCK {blockData=[blockId=conID: 2 locID: 102664013577126579 bcsId: 0,size=1048576]} | ret=SUCCESS |  
2019-08-23 02:48:47,531 | INFO  | DNAudit | user=null | ip=null | op=WRITE_CHUNK {blockData=conID: 2 locID: 102664013577126579 bcsId: 0} | ret=SUCCESS |  
2019-08-23 02:48:47,531 | INFO  | DNAudit | user=null | ip=null | op=PUT_BLOCK {blockData=[blockId=conID: 2 locID: 102664013577126579 bcsId: 0,size=1048576]} | ret=SUCCESS |  
2019-08-23 02:48:47,532 | INFO  | DNAudit | user=null | ip=null | op=WRITE_CHUNK {blockData=conID: 2 locID: 102664013577126579 bcsId: 0} | ret=SUCCESS |  
2019-08-23 02:48:47,532 | INFO  | DNAudit | user=null | ip=null | op=PUT_BLOCK {blockData=[blockId=conID: 2 locID: 102664013577126579 bcsId: 0,size=2097152]} | ret=SUCCESS |  
2019-08-23 02:48:47,532 | INFO  | DNAudit | user=null | ip=null | op=PUT_BLOCK {blockData=[blockId=conID: 2 locID: 102664013577126579 bcsId: 0,size=2097152]} | ret=SUCCESS |  
2019-08-23 02:48:47,532 [grpc-default-executor-6] INFO  client.GrpcClientProtocolClient (GrpcClientProtocolClient.java:onNext(255)) - client-B268B4322F32->17750241-545b-4219-93a1-14a6ea3d85be: receive RaftClientReply:client-B268B4322F32->17750241-545b-4219-93a1-14a6ea3d85be@group-C33FBD9556F2, cid=3478, SUCCESS, logIndex=0, commits[17750241-545b-4219-93a1-14a6ea3d85be:c5274, 4eaaa090-573e-41d3-9f8c-c99e236d806a:c5269, 5f4cf9ee-4bed-49de-adaa-861aec894328:c5270]
2019-08-23 02:48:47,539 | INFO  | DNAudit | user=null | ip=null | op=WRITE_CHUNK {blockData=conID: 2 locID: 102664013577126579 bcsId: 5271} | ret=SUCCESS |  
2019-08-23 02:48:47,543 | INFO  | DNAudit | user=null | ip=null | op=WRITE_CHUNK {blockData=conID: 2 locID: 102664013577126579 bcsId: 5271} | ret=SUCCESS |  
2019-08-23 02:48:47,543 | INFO  | DNAudit | user=null | ip=null | op=WRITE_CHUNK {blockData=conID: 2 locID: 102664013577126579 bcsId: 5271} | ret=SUCCESS |  
2019-08-23 02:48:47,552 | INFO  | DNAudit | user=null | ip=null | op=WRITE_CHUNK {blockData=conID: 2 locID: 102664013577126579 bcsId: 5271} | ret=SUCCESS |  
2019-08-23 02:48:47,552 | INFO  | DNAudit | user=null | ip=null | op=PUT_BLOCK {blockData=[blockId=conID: 2 locID: 102664013577126579 bcsId: 0,size=3145728]} | ret=SUCCESS |  
2019-08-23 02:48:47,553 [grpc-default-executor-2] INFO  client.GrpcClientProtocolClient (GrpcClientProtocolClient.java:onNext(255)) - client-B268B4322F32->17750241-545b-4219-93a1-14a6ea3d85be: receive RaftClientReply:client-B268B4322F32->17750241-545b-4219-93a1-14a6ea3d85be@group-C33FBD9556F2, cid=3479, SUCCESS, logIndex=5276, commits[17750241-545b-4219-93a1-14a6ea3d85be:c5277, 4eaaa090-573e-41d3-9f8c-c99e236d806a:c5275, 5f4cf9ee-4bed-49de-adaa-861aec894328:c5275]
2019-08-23 02:48:47,553 [grpc-default-executor-2] INFO  client.GrpcClientProtocolClient (GrpcClientProtocolClient.java:onNext(255)) - client-B268B4322F32->17750241-545b-4219-93a1-14a6ea3d85be: receive RaftClientReply:client-B268B4322F32->17750241-545b-4219-93a1-14a6ea3d85be@group-C33FBD9556F2, cid=3480, SUCCESS, logIndex=5277, commits[17750241-545b-4219-93a1-14a6ea3d85be:c5277, 4eaaa090-573e-41d3-9f8c-c99e236d806a:c5275, 5f4cf9ee-4bed-49de-adaa-861aec894328:c5275]
 0.00% |█                                                                                                    |  0/1 Time: 0:00:502019-08-23 02:48:47,715 | INFO  | SCMAudit | user=jenkins1000 | ip=192.168.34.22 | op=SEND_HEARTBEAT {datanodeUUID=0cedf437-a8af-4d70-bac5-ea9863093e86, command=[]} | ret=SUCCESS |  
2019-08-23 02:48:47,715 | INFO  | SCMAudit | user=jenkins1000 | ip=192.168.34.22 | op=SEND_HEARTBEAT {datanodeUUID=4eaaa090-573e-41d3-9f8c-c99e236d806a, command=[]} | ret=SUCCESS |  
2019-08-23 02:48:47,715 | INFO  | SCMAudit | user=jenkins1000 | ip=192.168.34.22 | op=SEND_HEARTBEAT {datanodeUUID=17750241-545b-4219-93a1-14a6ea3d85be, command=[]} | ret=SUCCESS |  
2019-08-23 02:48:47,715 | INFO  | SCMAudit | user=jenkins1000 | ip=192.168.34.22 | op=SEND_HEARTBEAT {datanodeUUID=5f4cf9ee-4bed-49de-adaa-861aec894328, command=[]} | ret=SUCCESS |  
2019-08-23 02:48:47,715 | INFO  | SCMAudit | user=jenkins1000 | ip=192.168.34.22 | op=SEND_HEARTBEAT {datanodeUUID=66ab6a68-e61f-4535-ab2f-12fe560929ed, command=[]} | ret=SUCCESS |  
2019-08-23 02:48:47,716 | INFO  | DNAudit | user=null | ip=null | op=WRITE_CHUNK {blockData=conID: 2 locID: 102664013577126579 bcsId: 5271} | ret=SUCCESS |  
2019-08-23 02:48:47,716 | INFO  | DNAudit | user=null | ip=null | op=WRITE_CHUNK {blockData=conID: 2 locID: 102664013577126579 bcsId: 5271} | ret=SUCCESS |  
2019-08-23 02:48:47,716 | INFO  | DNAudit | user=null | ip=null | op=WRITE_CHUNK {blockData=conID: 2 locID: 102664013577126579 bcsId: 5277} | ret=SUCCESS |  
2019-08-23 02:48:47,718 | INFO  | DNAudit | user=null | ip=null | op=WRITE_CHUNK {blockData=conID: 2 locID: 102664013577126579 bcsId: 5277} | ret=SUCCESS |  
2019-08-23 02:48:47,719 | INFO  | DNAudit | user=null | ip=null | op=WRITE_CHUNK {blockData=conID: 2 locID: 102664013577126579 bcsId: 5277} | ret=SUCCESS |  
2019-08-23 02:48:47,726 | INFO  | DNAudit | user=null | ip=null | op=PUT_BLOCK {blockData=[blockId=conID: 2 locID: 102664013577126579 bcsId: 0,size=3145728]} | ret=SUCCESS |  
2019-08-23 02:48:47,727 | INFO  | DNAudit | user=null | ip=null | op=PUT_BLOCK {blockData=[blockId=conID: 2 locID: 102664013577126579 bcsId: 0,size=3145728]} | ret=SUCCESS |  
2019-08-23 02:48:47,728 | INFO  | DNAudit | user=null | ip=null | op=WRITE_CHUNK {blockData=conID: 2 locID: 102664013577126579 bcsId: 5277} | ret=SUCCESS |  
2019-08-23 02:48:47,728 | INFO  | DNAudit | user=null | ip=null | op=PUT_BLOCK {blockData=[blockId=conID: 2 locID: 102664013577126579 bcsId: 0,size=4194304]} | ret=SUCCESS |  
2019-08-23 02:48:47,729 [grpc-default-executor-5] INFO  client.GrpcClientProtocolClient (GrpcClientProtocolClient.java:onNext(255)) - client-B268B4322F32->17750241-545b-4219-93a1-14a6ea3d85be: receive RaftClientReply:client-B268B4322F32->17750241-545b-4219-93a1-14a6ea3d85be@group-C33FBD9556F2, cid=3481, SUCCESS, logIndex=5280, commits[17750241-545b-4219-93a1-14a6ea3d85be:c5281, 4eaaa090-573e-41d3-9f8c-c99e236d806a:c5277, 5f4cf9ee-4bed-49de-adaa-861aec894328:c5277]
2019-08-23 02:48:47,729 [grpc-default-executor-5] INFO  client.GrpcClientProtocolClient (GrpcClientProtocolClient.java:onNext(255)) - client-B268B4322F32->17750241-545b-4219-93a1-14a6ea3d85be: receive RaftClientReply:client-B268B4322F32->17750241-545b-4219-93a1-14a6ea3d85be@group-C33FBD9556F2, cid=3482, SUCCESS, logIndex=5281, commits[17750241-545b-4219-93a1-14a6ea3d85be:c5281, 4eaaa090-573e-41d3-9f8c-c99e236d806a:c5277, 5f4cf9ee-4bed-49de-adaa-861aec894328:c5277]
2019-08-23 02:48:47,729 | INFO  | DNAudit | user=null | ip=null | op=WRITE_CHUNK {blockData=conID: 2 locID: 102664013577126579 bcsId: 5277} | ret=SUCCESS |  
2019-08-23 02:48:47,730 | INFO  | DNAudit | user=null | ip=null | op=PUT_BLOCK {blockData=[blockId=conID: 2 locID: 102664013577126579 bcsId: 0,size=4194304]} | ret=SUCCESS |  
2019-08-23 02:48:47,730 | INFO  | DNAudit | user=null | ip=null | op=WRITE_CHUNK {blockData=conID: 2 locID: 102664013577126579 bcsId: 5277} | ret=SUCCESS |  
2019-08-23 02:48:47,730 | INFO  | DNAudit | user=null | ip=null | op=PUT_BLOCK {blockData=[blockId=conID: 2 locID: 102664013577126579 bcsId: 0,size=4194304]} | ret=SUCCESS |  
2019-08-23 02:48:47,731 [grpc-default-executor-5] INFO  client.GrpcClientProtocolClient (GrpcClientProtocolClient.java:onNext(255)) - client-B268B4322F32->17750241-545b-4219-93a1-14a6ea3d85be: receive RaftClientReply:client-B268B4322F32->17750241-545b-4219-93a1-14a6ea3d85be@group-C33FBD9556F2, cid=3483, SUCCESS, logIndex=0, commits[17750241-545b-4219-93a1-14a6ea3d85be:c5282, 4eaaa090-573e-41d3-9f8c-c99e236d806a:c5281, 5f4cf9ee-4bed-49de-adaa-861aec894328:c5281]
2019-08-23 02:48:47,732 | INFO  | SCMAudit | user=jenkins1000 | ip=192.168.34.22 | op=ALLOCATE_BLOCK {owner=31d65bc3-3f70-45f5-bbc5-e3a15f967ba6, size=4194304, type=RATIS, factor=THREE} | ret=SUCCESS |  
2019-08-23 02:48:47,741 | INFO  | OMAudit | user=jenkins1000 | ip=127.0.0.1 | op=ALLOCATE_BLOCK {volume=vol-0-78052, bucket=bucket-0-33874, key=key-0-20719, dataSize=2147483657, replicationType=RATIS, replicationFactor=THREE, keyLocationInfo=[], clientID=102664010308846034} | ret=SUCCESS |  
2019-08-23 02:48:47,752 | INFO  | DNAudit | user=null | ip=null | op=WRITE_CHUNK {blockData=conID: 3 locID: 102664013593445044 bcsId: 0} | ret=SUCCESS |  
2019-08-23 02:48:47,753 | INFO  | DNAudit | user=null | ip=null | op=WRITE_CHUNK {blockData=conID: 3 locID: 102664013593445044 bcsId: 0} | ret=SUCCESS |  
2019-08-23 02:48:47,754 | INFO  | DNAudit | user=null | ip=null | op=WRITE_CHUNK {blockData=conID: 3 locID: 102664013593445044 bcsId: 0} | ret=SUCCESS |  
2019-08-23 02:48:47,755 | INFO  | DNAudit | user=null | ip=null | op=WRITE_CHUNK {blockData=conID: 3 locID: 102664013593445044 bcsId: 0} | ret=SUCCESS |  
2019-08-23 02:48:47,756 | INFO  | DNAudit | user=null | ip=null | op=WRITE_CHUNK {blockData=conID: 3 locID: 102664013593445044 bcsId: 0} | ret=SUCCESS |  
2019-08-23 02:48:47,756 | INFO  | DNAudit | user=null | ip=null | op=WRITE_CHUNK {blockData=conID: 3 locID: 102664013593445044 bcsId: 0} | ret=SUCCESS |  
2019-08-23 02:48:47,766 | INFO  | DNAudit | user=null | ip=null | op=WRITE_CHUNK {blockData=conID: 3 locID: 102664013593445044 bcsId: 0} | ret=SUCCESS |  
2019-08-23 02:48:47,766 | INFO  | DNAudit | user=null | ip=null | op=PUT_BLOCK {blockData=[blockId=conID: 3 locID: 102664013593445044 bcsId: 0,size=1048576]} | ret=SUCCESS |  
2019-08-23 02:48:47,766 [grpc-default-executor-2] INFO  client.GrpcClientProtocolClient (GrpcClientProtocolClient.java:onNext(255)) - client-B268B4322F32->17750241-545b-4219-93a1-14a6ea3d85be: receive RaftClientReply:client-B268B4322F32->17750241-545b-4219-93a1-14a6ea3d85be@group-C33FBD9556F2, cid=3484, SUCCESS, logIndex=5284, commits[17750241-545b-4219-93a1-14a6ea3d85be:c5287, 4eaaa090-573e-41d3-9f8c-c99e236d806a:c5283, 5f4cf9ee-4bed-49de-adaa-861aec894328:c5283]
2019-08-23 02:48:47,767 | INFO  | DNAudit | user=null | ip=null | op=WRITE_CHUNK {blockData=conID: 3 locID: 102664013593445044 bcsId: 0} | ret=SUCCESS |  
2019-08-23 02:48:47,767 | INFO  | DNAudit | user=null | ip=null | op=PUT_BLOCK {blockData=[blockId=conID: 3 locID: 102664013593445044 bcsId: 0,size=2097152]} | ret=SUCCESS |  
2019-08-23 02:48:47,767 [grpc-default-executor-2] INFO  client.GrpcClientProtocolClient (GrpcClientProtocolClient.java:onNext(255)) - client-B268B4322F32->17750241-545b-4219-93a1-14a6ea3d85be: receive RaftClientReply:client-B268B4322F32->17750241-545b-4219-93a1-14a6ea3d85be@group-C33FBD9556F2, cid=3485, SUCCESS, logIndex=5285, commits[17750241-545b-4219-93a1-14a6ea3d85be:c5287, 4eaaa090-573e-41d3-9f8c-c99e236d806a:c5283, 5f4cf9ee-4bed-49de-adaa-861aec894328:c5283]
2019-08-23 02:48:47,767 [grpc-default-executor-2] INFO  client.GrpcClientProtocolClient (GrpcClientProtocolClient.java:onNext(255)) - client-B268B4322F32->17750241-545b-4219-93a1-14a6ea3d85be: receive RaftClientReply:client-B268B4322F32->17750241-545b-4219-93a1-14a6ea3d85be@group-C33FBD9556F2, cid=3486, SUCCESS, logIndex=5286, commits[17750241-545b-4219-93a1-14a6ea3d85be:c5287, 4eaaa090-573e-41d3-9f8c-c99e236d806a:c5283, 5f4cf9ee-4bed-49de-adaa-861aec894328:c5283]
2019-08-23 02:48:47,768 [grpc-default-executor-2] INFO  client.GrpcClientProtocolClient (GrpcClientProtocolClient.java:onNext(255)) - client-B268B4322F32->17750241-545b-4219-93a1-14a6ea3d85be: receive RaftClientReply:client-B268B4322F32->17750241-545b-4219-93a1-14a6ea3d85be@group-C33FBD9556F2, cid=3487, SUCCESS, logIndex=5287, commits[17750241-545b-4219-93a1-14a6ea3d85be:c5287, 4eaaa090-573e-41d3-9f8c-c99e236d806a:c5283, 5f4cf9ee-4bed-49de-adaa-861aec894328:c5283]
2019-08-23 02:48:47,777 | INFO  | DNAudit | user=null | ip=null | op=WRITE_CHUNK {blockData=conID: 3 locID: 102664013593445044 bcsId: 0} | ret=SUCCESS |  
2019-08-23 02:48:47,777 | INFO  | DNAudit | user=null | ip=null | op=WRITE_CHUNK {blockData=conID: 3 locID: 102664013593445044 bcsId: 0} | ret=SUCCESS |  
2019-08-23 02:48:47,778 | INFO  | DNAudit | user=null | ip=null | op=PUT_BLOCK {blockData=[blockId=conID: 3 locID: 102664013593445044 bcsId: 0,size=1048576]} | ret=SUCCESS |  
2019-08-23 02:48:47,778 | INFO  | DNAudit | user=null | ip=null | op=PUT_BLOCK {blockData=[blockId=conID: 3 locID: 102664013593445044 bcsId: 0,size=1048576]} | ret=SUCCESS |  
2019-08-23 02:48:47,779 | INFO  | DNAudit | user=null | ip=null | op=WRITE_CHUNK {blockData=conID: 3 locID: 102664013593445044 bcsId: 0} | ret=SUCCESS |  
2019-08-23 02:48:47,779 | INFO  | DNAudit | user=null | ip=null | op=PUT_BLOCK {blockData=[blockId=conID: 3 locID: 102664013593445044 bcsId: 0,size=2097152]} | ret=SUCCESS |  
2019-08-23 02:48:47,779 [grpc-default-executor-2] INFO  client.GrpcClientProtocolClient (GrpcClientProtocolClient.java:onNext(255)) - client-B268B4322F32->17750241-545b-4219-93a1-14a6ea3d85be: receive RaftClientReply:client-B268B4322F32->17750241-545b-4219-93a1-14a6ea3d85be@group-C33FBD9556F2, cid=3488, SUCCESS, logIndex=0, commits[17750241-545b-4219-93a1-14a6ea3d85be:c5289, 4eaaa090-573e-41d3-9f8c-c99e236d806a:c5285, 5f4cf9ee-4bed-49de-adaa-861aec894328:c5285]
2019-08-23 02:48:47,779 | INFO  | DNAudit | user=null | ip=null | op=WRITE_CHUNK {blockData=conID: 3 locID: 102664013593445044 bcsId: 0} | ret=SUCCESS |  
2019-08-23 02:48:47,780 | INFO  | DNAudit | user=null | ip=null | op=PUT_BLOCK {blockData=[blockId=conID: 3 locID: 102664013593445044 bcsId: 0,size=2097152]} | ret=SUCCESS |  
2019-08-23 02:48:47,786 | INFO  | DNAudit | user=null | ip=null | op=WRITE_CHUNK {blockData=conID: 3 locID: 102664013593445044 bcsId: 5287} | ret=SUCCESS |  
2019-08-23 02:48:47,789 | INFO  | DNAudit | user=null | ip=null | op=WRITE_CHUNK {blockData=conID: 3 locID: 102664013593445044 bcsId: 5287} | ret=SUCCESS |  
2019-08-23 02:48:47,789 | INFO  | DNAudit | user=null | ip=null | op=WRITE_CHUNK {blockData=conID: 3 locID: 102664013593445044 bcsId: 5287} | ret=SUCCESS |  
2019-08-23 02:48:47,798 | INFO  | DNAudit | user=null | ip=null | op=WRITE_CHUNK {blockData=conID: 3 locID: 102664013593445044 bcsId: 5287} | ret=SUCCESS |  
2019-08-23 02:48:47,798 | INFO  | DNAudit | user=null | ip=null | op=PUT_BLOCK {blockData=[blockId=conID: 3 locID: 102664013593445044 bcsId: 0,size=3145728]} | ret=SUCCESS |  
2019-08-23 02:48:47,799 [grpc-default-executor-5] INFO  client.GrpcClientProtocolClient (GrpcClientProtocolClient.java:onNext(255)) - client-B268B4322F32->17750241-545b-4219-93a1-14a6ea3d85be: receive RaftClientReply:client-B268B4322F32->17750241-545b-4219-93a1-14a6ea3d85be@group-C33FBD9556F2, cid=3489, SUCCESS, logIndex=5292, commits[17750241-545b-4219-93a1-14a6ea3d85be:c5293, 4eaaa090-573e-41d3-9f8c-c99e236d806a:c5291, 5f4cf9ee-4bed-49de-adaa-861aec894328:c5291]
2019-08-23 02:48:47,799 [grpc-default-executor-5] INFO  client.GrpcClientProtocolClient (GrpcClientProtocolClient.java:onNext(255)) - client-B268B4322F32->17750241-545b-4219-93a1-14a6ea3d85be: receive RaftClientReply:client-B268B4322F32->17750241-545b-4219-93a1-14a6ea3d85be@group-C33FBD9556F2, cid=3490, SUCCESS, logIndex=5293, commits[17750241-545b-4219-93a1-14a6ea3d85be:c5293, 4eaaa090-573e-41d3-9f8c-c99e236d806a:c5291, 5f4cf9ee-4bed-49de-adaa-861aec894328:c5291]
2019-08-23 02:48:47,806 | INFO  | DNAudit | user=null | ip=null | op=WRITE_CHUNK {blockData=conID: 3 locID: 102664013593445044 bcsId: 5293} | ret=SUCCESS |  
2019-08-23 02:48:47,808 | INFO  | DNAudit | user=null | ip=null | op=WRITE_CHUNK {blockData=conID: 3 locID: 102664013593445044 bcsId: 5293} | ret=SUCCESS |  
2019-08-23 02:48:47,809 | INFO  | DNAudit | user=null | ip=null | op=WRITE_CHUNK {blockData=conID: 3 locID: 102664013593445044 bcsId: 5293} | ret=SUCCESS |  
2019-08-23 02:48:47,810 | INFO  | DNAudit | user=null | ip=null | op=WRITE_CHUNK {blockData=conID: 3 locID: 102664013593445044 bcsId: 5287} | ret=SUCCESS |  
2019-08-23 02:48:47,810 | INFO  | DNAudit | user=null | ip=null | op=WRITE_CHUNK {blockData=conID: 3 locID: 102664013593445044 bcsId: 5287} | ret=SUCCESS |  
2019-08-23 02:48:47,813 | INFO  | DNAudit | user=null | ip=null | op=PUT_BLOCK {blockData=[blockId=conID: 3 locID: 102664013593445044 bcsId: 0,size=3145728]} | ret=SUCCESS |  
2019-08-23 02:48:47,813 | INFO  | DNAudit | user=null | ip=null | op=PUT_BLOCK {blockData=[blockId=conID: 3 locID: 102664013593445044 bcsId: 0,size=3145728]} | ret=SUCCESS |  
2019-08-23 02:48:47,813 | INFO  | DNAudit | user=null | ip=null | op=WRITE_CHUNK {blockData=conID: 3 locID: 102664013593445044 bcsId: 5293} | ret=SUCCESS |  
2019-08-23 02:48:47,814 | INFO  | DNAudit | user=null | ip=null | op=PUT_BLOCK {blockData=[blockId=conID: 3 locID: 102664013593445044 bcsId: 0,size=4194304]} | ret=SUCCESS |  
2019-08-23 02:48:47,814 [grpc-default-executor-2] INFO  client.GrpcClientProtocolClient (GrpcClientProtocolClient.java:onNext(255)) - client-B268B4322F32->17750241-545b-4219-93a1-14a6ea3d85be: receive RaftClientReply:client-B268B4322F32->17750241-545b-4219-93a1-14a6ea3d85be@group-C33FBD9556F2, cid=3491, SUCCESS, logIndex=5296, commits[17750241-545b-4219-93a1-14a6ea3d85be:c5297, 4eaaa090-573e-41d3-9f8c-c99e236d806a:c5293, 5f4cf9ee-4bed-49de-adaa-861aec894328:c5293]
2019-08-23 02:48:47,814 [grpc-default-executor-2] INFO  client.GrpcClientProtocolClient (GrpcClientProtocolClient.java:onNext(255)) - client-B268B4322F32->17750241-545b-4219-93a1-14a6ea3d85be: receive RaftClientReply:client-B268B4322F32->17750241-545b-4219-93a1-14a6ea3d85be@group-C33FBD9556F2, cid=3492, SUCCESS, logIndex=5297, commits[17750241-545b-4219-93a1-14a6ea3d85be:c5297, 4eaaa090-573e-41d3-9f8c-c99e236d806a:c5293, 5f4cf9ee-4bed-49de-adaa-861aec894328:c5293]
2019-08-23 02:48:47,824 | INFO  | DNAudit | user=null | ip=null | op=WRITE_CHUNK {blockData=conID: 3 locID: 102664013593445044 bcsId: 5293} | ret=SUCCESS |  
2019-08-23 02:48:47,825 | INFO  | DNAudit | user=null | ip=null | op=WRITE_CHUNK {blockData=conID: 3 locID: 102664013593445044 bcsId: 5293} | ret=SUCCESS |  
2019-08-23 02:48:47,827 | INFO  | DNAudit | user=null | ip=null | op=PUT_BLOCK {blockData=[blockId=conID: 3 locID: 102664013593445044 bcsId: 0,size=4194304]} | ret=SUCCESS |  
2019-08-23 02:48:47,827 | INFO  | DNAudit | user=null | ip=null | op=PUT_BLOCK {blockData=[blockId=conID: 3 locID: 102664013593445044 bcsId: 0,size=4194304]} | ret=SUCCESS |  
2019-08-23 02:48:47,828 [grpc-default-executor-2] INFO  client.GrpcClientProtocolClient (GrpcClientProtocolClient.java:onNext(255)) - client-B268B4322F32->17750241-545b-4219-93a1-14a6ea3d85be: receive RaftClientReply:client-B268B4322F32->17750241-545b-4219-93a1-14a6ea3d85be@group-C33FBD9556F2, cid=3493, SUCCESS, logIndex=0, commits[17750241-545b-4219-93a1-14a6ea3d85be:c5299, 4eaaa090-573e-41d3-9f8c-c99e236d806a:c5297, 5f4cf9ee-4bed-49de-adaa-861aec894328:c5297]
2019-08-23 02:48:47,829 | INFO  | SCMAudit | user=jenkins1000 | ip=192.168.34.22 | op=ALLOCATE_BLOCK {owner=31d65bc3-3f70-45f5-bbc5-e3a15f967ba6, size=4194304, type=RATIS, factor=THREE} | ret=SUCCESS |  
2019-08-23 02:48:47,834 | INFO  | OMAudit | user=jenkins1000 | ip=127.0.0.1 | op=ALLOCATE_BLOCK {volume=vol-0-78052, bucket=bucket-0-33874, key=key-0-20719, dataSize=2147483657, replicationType=RATIS, replicationFactor=THREE, keyLocationInfo=[], clientID=102664010308846034} | ret=SUCCESS |  
2019-08-23 02:48:47,848 | INFO  | DNAudit | user=null | ip=null | op=WRITE_CHUNK {blockData=conID: 1 locID: 102664013599802037 bcsId: 0} | ret=SUCCESS |  
2019-08-23 02:48:47,849 | INFO  | DNAudit | user=null | ip=null | op=WRITE_CHUNK {blockData=conID: 1 locID: 102664013599802037 bcsId: 0} | ret=SUCCESS |  
2019-08-23 02:48:47,849 | INFO  | DNAudit | user=null | ip=null | op=WRITE_CHUNK {blockData=conID: 1 locID: 102664013599802037 bcsId: 0} | ret=SUCCESS |  
2019-08-23 02:48:47,850 | INFO  | DNAudit | user=null | ip=null | op=WRITE_CHUNK {blockData=conID: 1 locID: 102664013599802037 bcsId: 0} | ret=SUCCESS |  
2019-08-23 02:48:47,851 | INFO  | DNAudit | user=null | ip=null | op=WRITE_CHUNK {blockData=conID: 1 locID: 102664013599802037 bcsId: 0} | ret=SUCCESS |  
2019-08-23 02:48:47,852 | INFO  | DNAudit | user=null | ip=null | op=WRITE_CHUNK {blockData=conID: 1 locID: 102664013599802037 bcsId: 0} | ret=SUCCESS |  
2019-08-23 02:48:47,862 | INFO  | DNAudit | user=null | ip=null | op=WRITE_CHUNK {blockData=conID: 1 locID: 102664013599802037 bcsId: 0} | ret=SUCCESS |  
2019-08-23 02:48:47,863 | INFO  | DNAudit | user=null | ip=null | op=PUT_BLOCK {blockData=[blockId=conID: 1 locID: 102664013599802037 bcsId: 0,size=1048576]} | ret=SUCCESS |  
2019-08-23 02:48:47,863 | INFO  | DNAudit | user=null | ip=null | op=WRITE_CHUNK {blockData=conID: 1 locID: 102664013599802037 bcsId: 0} | ret=SUCCESS |  
2019-08-23 02:48:47,863 [grpc-default-executor-2] INFO  client.GrpcClientProtocolClient (GrpcClientProtocolClient.java:onNext(255)) - client-B268B4322F32->17750241-545b-4219-93a1-14a6ea3d85be: receive RaftClientReply:client-B268B4322F32->17750241-545b-4219-93a1-14a6ea3d85be@group-C33FBD9556F2, cid=3494, SUCCESS, logIndex=5300, commits[17750241-545b-4219-93a1-14a6ea3d85be:c5301, 4eaaa090-573e-41d3-9f8c-c99e236d806a:c5299, 5f4cf9ee-4bed-49de-adaa-861aec894328:c5299]
2019-08-23 02:48:47,864 | INFO  | DNAudit | user=null | ip=null | op=PUT_BLOCK {blockData=[blockId=conID: 1 locID: 102664013599802037 bcsId: 0,size=2097152]} | ret=SUCCESS |  
2019-08-23 02:48:47,864 [grpc-default-executor-2] INFO  client.GrpcClientProtocolClient (GrpcClientProtocolClient.java:onNext(255)) - client-B268B4322F32->17750241-545b-4219-93a1-14a6ea3d85be: receive RaftClientReply:client-B268B4322F32->17750241-545b-4219-93a1-14a6ea3d85be@group-C33FBD9556F2, cid=3495, SUCCESS, logIndex=5301, commits[17750241-545b-4219-93a1-14a6ea3d85be:c5303, 4eaaa090-573e-41d3-9f8c-c99e236d806a:c5299, 5f4cf9ee-4bed-49de-adaa-861aec894328:c5299]
2019-08-23 02:48:47,864 [grpc-default-executor-2] INFO  client.GrpcClientProtocolClient (GrpcClientProtocolClient.java:onNext(255)) - client-B268B4322F32->17750241-545b-4219-93a1-14a6ea3d85be: receive RaftClientReply:client-B268B4322F32->17750241-545b-4219-93a1-14a6ea3d85be@group-C33FBD9556F2, cid=3496, SUCCESS, logIndex=5302, commits[17750241-545b-4219-93a1-14a6ea3d85be:c5303, 4eaaa090-573e-41d3-9f8c-c99e236d806a:c5299, 5f4cf9ee-4bed-49de-adaa-861aec894328:c5299]
2019-08-23 02:48:47,864 [grpc-default-executor-2] INFO  client.GrpcClientProtocolClient (GrpcClientProtocolClient.java:onNext(255)) - client-B268B4322F32->17750241-545b-4219-93a1-14a6ea3d85be: receive RaftClientReply:client-B268B4322F32->17750241-545b-4219-93a1-14a6ea3d85be@group-C33FBD9556F2, cid=3497, SUCCESS, logIndex=5303, commits[17750241-545b-4219-93a1-14a6ea3d85be:c5303, 4eaaa090-573e-41d3-9f8c-c99e236d806a:c5299, 5f4cf9ee-4bed-49de-adaa-861aec894328:c5299]
 0.00% |█                                                                                                    |  0/1 Time: 0:00:512019-08-23 02:48:48,717 | INFO  | SCMAudit | user=jenkins1000 | ip=192.168.34.22 | op=SEND_HEARTBEAT {datanodeUUID=4eaaa090-573e-41d3-9f8c-c99e236d806a, command=[]} | ret=SUCCESS |  
2019-08-23 02:48:48,717 | INFO  | SCMAudit | user=jenkins1000 | ip=192.168.34.22 | op=SEND_HEARTBEAT {datanodeUUID=17750241-545b-4219-93a1-14a6ea3d85be, command=[]} | ret=SUCCESS |  
2019-08-23 02:48:48,718 | INFO  | SCMAudit | user=jenkins1000 | ip=192.168.34.22 | op=SEND_HEARTBEAT {datanodeUUID=5f4cf9ee-4bed-49de-adaa-861aec894328, command=[]} | ret=SUCCESS |  
2019-08-23 02:48:48,718 | INFO  | SCMAudit | user=jenkins1000 | ip=192.168.34.22 | op=SEND_HEARTBEAT {datanodeUUID=66ab6a68-e61f-4535-ab2f-12fe560929ed, command=[]} | ret=SUCCESS |  
2019-08-23 02:48:48,718 | INFO  | SCMAudit | user=jenkins1000 | ip=192.168.34.22 | op=SEND_HEARTBEAT {datanodeUUID=0cedf437-a8af-4d70-bac5-ea9863093e86, command=[]} | ret=SUCCESS |  
2019-08-23 02:48:49,716 | INFO  | SCMAudit | user=jenkins1000 | ip=192.168.34.22 | op=SEND_HEARTBEAT {datanodeUUID=4eaaa090-573e-41d3-9f8c-c99e236d806a, command=[]} | ret=SUCCESS |  
2019-08-23 02:48:49,716 | INFO  | SCMAudit | user=jenkins1000 | ip=192.168.34.22 | op=SEND_HEARTBEAT {datanodeUUID=17750241-545b-4219-93a1-14a6ea3d85be, command=[]} | ret=SUCCESS |  
2019-08-23 02:48:49,717 | INFO  | SCMAudit | user=jenkins1000 | ip=192.168.34.22 | op=SEND_HEARTBEAT {datanodeUUID=5f4cf9ee-4bed-49de-adaa-861aec894328, command=[]} | ret=SUCCESS |  
 0.00% |█                                                                                                    |  0/1 Time: 0:00:522019-08-23 02:48:49,718 | INFO  | SCMAudit | user=jenkins1000 | ip=192.168.34.22 | op=SEND_HEARTBEAT {datanodeUUID=66ab6a68-e61f-4535-ab2f-12fe560929ed, command=[]} | ret=SUCCESS |  
2019-08-23 02:48:49,718 | INFO  | SCMAudit | user=jenkins1000 | ip=192.168.34.22 | op=SEND_HEARTBEAT {datanodeUUID=0cedf437-a8af-4d70-bac5-ea9863093e86, command=[]} | ret=SUCCESS |  
2019-08-23 02:48:50,365 | INFO  | DNAudit | user=null | ip=null | op=WRITE_CHUNK {blockData=conID: 1 locID: 102664013599802037 bcsId: 0} | ret=SUCCESS |  
2019-08-23 02:48:50,365 | INFO  | DNAudit | user=null | ip=null | op=WRITE_CHUNK {blockData=conID: 1 locID: 102664013599802037 bcsId: 0} | ret=SUCCESS |  
2019-08-23 02:48:50,365 | INFO  | DNAudit | user=null | ip=null | op=PUT_BLOCK {blockData=[blockId=conID: 1 locID: 102664013599802037 bcsId: 0,size=1048576]} | ret=SUCCESS |  
2019-08-23 02:48:50,365 | INFO  | DNAudit | user=null | ip=null | op=WRITE_CHUNK {blockData=conID: 1 locID: 102664013599802037 bcsId: 0} | ret=SUCCESS |  
2019-08-23 02:48:50,365 | INFO  | DNAudit | user=null | ip=null | op=PUT_BLOCK {blockData=[blockId=conID: 1 locID: 102664013599802037 bcsId: 0,size=1048576]} | ret=SUCCESS |  
2019-08-23 02:48:50,365 | INFO  | DNAudit | user=null | ip=null | op=PUT_BLOCK {blockData=[blockId=conID: 1 locID: 102664013599802037 bcsId: 0,size=2097152]} | ret=SUCCESS |  
2019-08-23 02:48:50,365 | INFO  | DNAudit | user=null | ip=null | op=WRITE_CHUNK {blockData=conID: 1 locID: 102664013599802037 bcsId: 0} | ret=SUCCESS |  
2019-08-23 02:48:50,366 | INFO  | DNAudit | user=null | ip=null | op=PUT_BLOCK {blockData=[blockId=conID: 1 locID: 102664013599802037 bcsId: 0,size=2097152]} | ret=SUCCESS |  
2019-08-23 02:48:50,717 | INFO  | SCMAudit | user=jenkins1000 | ip=192.168.34.22 | op=SEND_HEARTBEAT {datanodeUUID=5f4cf9ee-4bed-49de-adaa-861aec894328, command=[]} | ret=SUCCESS |  
2019-08-23 02:48:50,717 | INFO  | SCMAudit | user=jenkins1000 | ip=192.168.34.22 | op=SEND_HEARTBEAT {datanodeUUID=4eaaa090-573e-41d3-9f8c-c99e236d806a, command=[]} | ret=SUCCESS |  
2019-08-23 02:48:50,717 | INFO  | SCMAudit | user=jenkins1000 | ip=192.168.34.22 | op=SEND_HEARTBEAT {datanodeUUID=17750241-545b-4219-93a1-14a6ea3d85be, command=[]} | ret=SUCCESS |  
 0.00% |█                                                                                                    |  0/1 Time: 0:00:532019-08-23 02:48:50,718 | INFO  | SCMAudit | user=jenkins1000 | ip=192.168.34.22 | op=SEND_HEARTBEAT {datanodeUUID=66ab6a68-e61f-4535-ab2f-12fe560929ed, command=[]} | ret=SUCCESS |  
2019-08-23 02:48:50,718 | INFO  | SCMAudit | user=jenkins1000 | ip=192.168.34.22 | op=SEND_HEARTBEAT {datanodeUUID=0cedf437-a8af-4d70-bac5-ea9863093e86, command=[]} | ret=SUCCESS |  
2019-08-23 02:48:50,863 [java.util.concurrent.ThreadPoolExecutor$Worker@1ef67a79[State = -1, empty queue]] WARN  server.GrpcLogAppender (GrpcLogAppender.java:timeoutAppendRequest(200)) - GrpcLogAppender(17750241-545b-4219-93a1-14a6ea3d85be->4eaaa090-573e-41d3-9f8c-c99e236d806a): appendEntries Timeout, request=17750241-545b-4219-93a1-14a6ea3d85be->4eaaa090-573e-41d3-9f8c-c99e236d806a#5316-t1, previous=(t:1, i:5303), leaderCommit=5301, initializing? false, entries: size=1, first=(t:1, i:5304), METADATAENTRY(c5300)
2019-08-23 02:48:50,863 [java.util.concurrent.ThreadPoolExecutor$Worker@4e960548[State = -1, empty queue]] WARN  server.GrpcLogAppender (GrpcLogAppender.java:timeoutAppendRequest(200)) - GrpcLogAppender(17750241-545b-4219-93a1-14a6ea3d85be->5f4cf9ee-4bed-49de-adaa-861aec894328): appendEntries Timeout, request=17750241-545b-4219-93a1-14a6ea3d85be->5f4cf9ee-4bed-49de-adaa-861aec894328#5316-t1, previous=(t:1, i:5303), leaderCommit=5301, initializing? false, entries: size=1, first=(t:1, i:5304), METADATAENTRY(c5300)
2019-08-23 02:48:50,863 [java.util.concurrent.ThreadPoolExecutor$Worker@1ef67a79[State = -1, empty queue]] WARN  server.GrpcLogAppender (GrpcLogAppender.java:timeoutAppendRequest(200)) - GrpcLogAppender(17750241-545b-4219-93a1-14a6ea3d85be->4eaaa090-573e-41d3-9f8c-c99e236d806a): appendEntries Timeout, request=17750241-545b-4219-93a1-14a6ea3d85be->4eaaa090-573e-41d3-9f8c-c99e236d806a#5317-t1, previous=(t:1, i:5304), leaderCommit=5301, initializing? false, entries: size=1, first=(t:1, i:5305), METADATAENTRY(c5301)
2019-08-23 02:48:50,864 [java.util.concurrent.ThreadPoolExecutor$Worker@4e960548[State = -1, empty queue]] WARN  server.GrpcLogAppender (GrpcLogAppender.java:timeoutAppendRequest(200)) - GrpcLogAppender(17750241-545b-4219-93a1-14a6ea3d85be->5f4cf9ee-4bed-49de-adaa-861aec894328): appendEntries Timeout, request=17750241-545b-4219-93a1-14a6ea3d85be->5f4cf9ee-4bed-49de-adaa-861aec894328#5317-t1, previous=(t:1, i:5304), leaderCommit=5301, initializing? false, entries: size=1, first=(t:1, i:5305), METADATAENTRY(c5301)
2019-08-23 02:48:50,869 [java.util.concurrent.ThreadPoolExecutor$Worker@1ef67a79[State = -1, empty queue]] WARN  server.GrpcLogAppender (GrpcLogAppender.java:timeoutAppendRequest(200)) - GrpcLogAppender(17750241-545b-4219-93a1-14a6ea3d85be->4eaaa090-573e-41d3-9f8c-c99e236d806a): appendEntries Timeout, request=17750241-545b-4219-93a1-14a6ea3d85be->4eaaa090-573e-41d3-9f8c-c99e236d806a#5318-t1, previous=(t:1, i:5305), leaderCommit=5303, initializing? false, entries: size=1, first=(t:1, i:5306), METADATAENTRY(c5303)
2019-08-23 02:48:50,871 [java.util.concurrent.ThreadPoolExecutor$Worker@4e960548[State = -1, empty queue]] WARN  server.GrpcLogAppender (GrpcLogAppender.java:timeoutAppendRequest(200)) - GrpcLogAppender(17750241-545b-4219-93a1-14a6ea3d85be->5f4cf9ee-4bed-49de-adaa-861aec894328): appendEntries Timeout, request=17750241-545b-4219-93a1-14a6ea3d85be->5f4cf9ee-4bed-49de-adaa-861aec894328#5318-t1, previous=(t:1, i:5305), leaderCommit=5303, initializing? false, entries: size=1, first=(t:1, i:5306), METADATAENTRY(c5303)
2019-08-23 02:48:51,716 | INFO  | SCMAudit | user=jenkins1000 | ip=192.168.34.22 | op=SEND_HEARTBEAT {datanodeUUID=5f4cf9ee-4bed-49de-adaa-861aec894328, command=[]} | ret=SUCCESS |  
2019-08-23 02:48:51,717 | INFO  | SCMAudit | user=jenkins1000 | ip=192.168.34.22 | op=SEND_HEARTBEAT {datanodeUUID=17750241-545b-4219-93a1-14a6ea3d85be, command=[]} | ret=SUCCESS |  
2019-08-23 02:48:51,717 | INFO  | SCMAudit | user=jenkins1000 | ip=192.168.34.22 | op=SEND_HEARTBEAT {datanodeUUID=4eaaa090-573e-41d3-9f8c-c99e236d806a, command=[]} | ret=SUCCESS |  
 0.00% |█                                                                                                    |  0/1 Time: 0:00:542019-08-23 02:48:51,718 | INFO  | SCMAudit | user=jenkins1000 | ip=192.168.34.22 | op=SEND_HEARTBEAT {datanodeUUID=0cedf437-a8af-4d70-bac5-ea9863093e86, command=[]} | ret=SUCCESS |  
2019-08-23 02:48:51,718 | INFO  | SCMAudit | user=jenkins1000 | ip=192.168.34.22 | op=SEND_HEARTBEAT {datanodeUUID=66ab6a68-e61f-4535-ab2f-12fe560929ed, command=[]} | ret=SUCCESS |  
2019-08-23 02:48:52,717 | INFO  | SCMAudit | user=jenkins1000 | ip=192.168.34.22 | op=SEND_HEARTBEAT {datanodeUUID=17750241-545b-4219-93a1-14a6ea3d85be, command=[]} | ret=SUCCESS |  
2019-08-23 02:48:52,717 | INFO  | SCMAudit | user=jenkins1000 | ip=192.168.34.22 | op=SEND_HEARTBEAT {datanodeUUID=4eaaa090-573e-41d3-9f8c-c99e236d806a, command=[]} | ret=SUCCESS |  
2019-08-23 02:48:52,717 | INFO  | SCMAudit | user=jenkins1000 | ip=192.168.34.22 | op=SEND_HEARTBEAT {datanodeUUID=5f4cf9ee-4bed-49de-adaa-861aec894328, command=[]} | ret=SUCCESS |  
2019-08-23 02:48:52,718 | INFO  | SCMAudit | user=jenkins1000 | ip=192.168.34.22 | op=SEND_HEARTBEAT {datanodeUUID=66ab6a68-e61f-4535-ab2f-12fe560929ed, command=[]} | ret=SUCCESS |  
 0.00% |█                                                                                                    |  0/1 Time: 0:00:552019-08-23 02:48:52,719 | INFO  | SCMAudit | user=jenkins1000 | ip=192.168.34.22 | op=SEND_HEARTBEAT {datanodeUUID=0cedf437-a8af-4d70-bac5-ea9863093e86, command=[]} | ret=SUCCESS |  
2019-08-23 02:48:52,867 [pool-282-thread-1] WARN  scm.XceiverClientRatis (XceiverClientRatis.java:watchForCommit(262)) - 3 way commit failed on pipeline Pipeline[ Id: a135c30c-6a7e-4f13-9664-c33fbd9556f2, Nodes: 5f4cf9ee-4bed-49de-adaa-861aec894328{ip: 192.168.34.22, host: pr-hdds-1909-sn94l-363750510, networkLocation: /default-rack, certSerialId: null}4eaaa090-573e-41d3-9f8c-c99e236d806a{ip: 192.168.34.22, host: pr-hdds-1909-sn94l-363750510, networkLocation: /default-rack, certSerialId: null}17750241-545b-4219-93a1-14a6ea3d85be{ip: 192.168.34.22, host: pr-hdds-1909-sn94l-363750510, networkLocation: /default-rack, certSerialId: null}, Type:RATIS, Factor:THREE, State:OPEN]
java.util.concurrent.TimeoutException
	at java.util.concurrent.CompletableFuture.timedGet(CompletableFuture.java:1771)
	at java.util.concurrent.CompletableFuture.get(CompletableFuture.java:1915)
	at org.apache.hadoop.hdds.scm.XceiverClientRatis.watchForCommit(XceiverClientRatis.java:259)
	at org.apache.hadoop.hdds.scm.storage.CommitWatcher.watchForCommit(CommitWatcher.java:194)
	at org.apache.hadoop.hdds.scm.storage.CommitWatcher.watchOnFirstIndex(CommitWatcher.java:135)
	at org.apache.hadoop.hdds.scm.storage.BlockOutputStream.watchForCommit(BlockOutputStream.java:347)
	at org.apache.hadoop.hdds.scm.storage.BlockOutputStream.handleFullBuffer(BlockOutputStream.java:324)
	at org.apache.hadoop.hdds.scm.storage.BlockOutputStream.write(BlockOutputStream.java:251)
	at org.apache.hadoop.ozone.client.io.BlockOutputStreamEntry.write(BlockOutputStreamEntry.java:129)
	at org.apache.hadoop.ozone.client.io.KeyOutputStream.handleWrite(KeyOutputStream.java:211)
	at org.apache.hadoop.ozone.client.io.KeyOutputStream.write(KeyOutputStream.java:193)
	at org.apache.hadoop.ozone.client.io.OzoneOutputStream.write(OzoneOutputStream.java:49)
	at org.apache.hadoop.ozone.freon.RandomKeyGenerator.createKey(RandomKeyGenerator.java:699)
	at org.apache.hadoop.ozone.freon.RandomKeyGenerator.access$1100(RandomKeyGenerator.java:87)
	at org.apache.hadoop.ozone.freon.RandomKeyGenerator$ObjectCreator.run(RandomKeyGenerator.java:606)
	at java.util.concurrent.Executors$RunnableAdapter.call(Executors.java:511)
	at java.util.concurrent.FutureTask.run(FutureTask.java:266)
	at java.util.concurrent.ThreadPoolExecutor.runWorker(ThreadPoolExecutor.java:1149)
	at java.util.concurrent.ThreadPoolExecutor$Worker.run(ThreadPoolExecutor.java:624)
	at java.lang.Thread.run(Thread.java:748)
2019-08-23 02:48:53,030 [grpc-default-executor-2] WARN  server.GrpcLogAppender (GrpcLogAppender.java:onNextImpl(250)) - org.apache.ratis.grpc.server.GrpcLogAppender$AppendLogResponseHandler@289664ba: Request not found, ignoring reply: 17750241-545b-4219-93a1-14a6ea3d85be<-4eaaa090-573e-41d3-9f8c-c99e236d806a#5316:OK,SUCCESS,nextIndex:5305,term:1,followerCommit:5303
2019-08-23 02:48:53,033 [grpc-default-executor-1] WARN  server.GrpcLogAppender (GrpcLogAppender.java:onNextImpl(250)) - org.apache.ratis.grpc.server.GrpcLogAppender$AppendLogResponseHandler@da47405: Request not found, ignoring reply: 17750241-545b-4219-93a1-14a6ea3d85be<-5f4cf9ee-4bed-49de-adaa-861aec894328#5316:OK,SUCCESS,nextIndex:5305,term:1,followerCommit:5303
2019-08-23 02:48:53,363 [java.util.concurrent.ThreadPoolExecutor$Worker@4e960548[State = -1, empty queue]] WARN  server.GrpcLogAppender (GrpcLogAppender.java:timeoutAppendRequest(200)) - GrpcLogAppender(17750241-545b-4219-93a1-14a6ea3d85be->5f4cf9ee-4bed-49de-adaa-861aec894328): appendEntries Timeout, request=17750241-545b-4219-93a1-14a6ea3d85be->5f4cf9ee-4bed-49de-adaa-861aec894328#5319-t1, previous=(t:1, i:5306), leaderCommit=5303, initializing? false, entries: <empty>
2019-08-23 02:48:53,363 [java.util.concurrent.ThreadPoolExecutor$Worker@1ef67a79[State = -1, empty queue]] WARN  server.GrpcLogAppender (GrpcLogAppender.java:timeoutAppendRequest(200)) - GrpcLogAppender(17750241-545b-4219-93a1-14a6ea3d85be->4eaaa090-573e-41d3-9f8c-c99e236d806a): appendEntries Timeout, request=17750241-545b-4219-93a1-14a6ea3d85be->4eaaa090-573e-41d3-9f8c-c99e236d806a#5319-t1, previous=(t:1, i:5306), leaderCommit=5303, initializing? false, entries: <empty>
2019-08-23 02:48:53,717 | INFO  | SCMAudit | user=jenkins1000 | ip=192.168.34.22 | op=SEND_HEARTBEAT {datanodeUUID=5f4cf9ee-4bed-49de-adaa-861aec894328, command=[]} | ret=SUCCESS |  
2019-08-23 02:48:53,717 | INFO  | SCMAudit | user=jenkins1000 | ip=192.168.34.22 | op=SEND_HEARTBEAT {datanodeUUID=4eaaa090-573e-41d3-9f8c-c99e236d806a, command=[]} | ret=SUCCESS |  
2019-08-23 02:48:53,717 | INFO  | SCMAudit | user=jenkins1000 | ip=192.168.34.22 | op=SEND_HEARTBEAT {datanodeUUID=17750241-545b-4219-93a1-14a6ea3d85be, command=[]} | ret=SUCCESS |  
2019-08-23 02:48:53,718 | INFO  | SCMAudit | user=jenkins1000 | ip=192.168.34.22 | op=SEND_HEARTBEAT {datanodeUUID=66ab6a68-e61f-4535-ab2f-12fe560929ed, command=[]} | ret=SUCCESS |  
 0.00% |█                                                                                                    |  0/1 Time: 0:00:562019-08-23 02:48:53,720 | INFO  | SCMAudit | user=jenkins1000 | ip=192.168.34.22 | op=SEND_HEARTBEAT {datanodeUUID=0cedf437-a8af-4d70-bac5-ea9863093e86, command=[]} | ret=SUCCESS |  
2019-08-23 02:48:54,010 [grpc-default-executor-1] WARN  server.GrpcLogAppender (GrpcLogAppender.java:onNextImpl(250)) - org.apache.ratis.grpc.server.GrpcLogAppender$AppendLogResponseHandler@289664ba: Request not found, ignoring reply: 17750241-545b-4219-93a1-14a6ea3d85be<-4eaaa090-573e-41d3-9f8c-c99e236d806a#5317:OK,SUCCESS,nextIndex:5306,term:1,followerCommit:5303
2019-08-23 02:48:54,010 [grpc-default-executor-2] WARN  server.GrpcLogAppender (GrpcLogAppender.java:onNextImpl(250)) - org.apache.ratis.grpc.server.GrpcLogAppender$AppendLogResponseHandler@da47405: Request not found, ignoring reply: 17750241-545b-4219-93a1-14a6ea3d85be<-5f4cf9ee-4bed-49de-adaa-861aec894328#5317:OK,SUCCESS,nextIndex:5306,term:1,followerCommit:5303
2019-08-23 02:48:54,011 [grpc-default-executor-1] WARN  server.GrpcLogAppender (GrpcLogAppender.java:onNextImpl(250)) - org.apache.ratis.grpc.server.GrpcLogAppender$AppendLogResponseHandler@289664ba: Request not found, ignoring reply: 17750241-545b-4219-93a1-14a6ea3d85be<-4eaaa090-573e-41d3-9f8c-c99e236d806a#5318:OK,SUCCESS,nextIndex:5307,term:1,followerCommit:5303
2019-08-23 02:48:54,011 [grpc-default-executor-2] WARN  server.GrpcLogAppender (GrpcLogAppender.java:onNextImpl(250)) - org.apache.ratis.grpc.server.GrpcLogAppender$AppendLogResponseHandler@da47405: Request not found, ignoring reply: 17750241-545b-4219-93a1-14a6ea3d85be<-5f4cf9ee-4bed-49de-adaa-861aec894328#5318:OK,SUCCESS,nextIndex:5307,term:1,followerCommit:5303
2019-08-23 02:48:54,011 [grpc-default-executor-1] WARN  server.GrpcLogAppender (GrpcLogAppender.java:onNextImpl(250)) - org.apache.ratis.grpc.server.GrpcLogAppender$AppendLogResponseHandler@289664ba: Request not found, ignoring reply: 17750241-545b-4219-93a1-14a6ea3d85be<-4eaaa090-573e-41d3-9f8c-c99e236d806a#5319:OK,SUCCESS,nextIndex:5307,term:1,followerCommit:5303
2019-08-23 02:48:54,011 [grpc-default-executor-2] WARN  server.GrpcLogAppender (GrpcLogAppender.java:onNextImpl(250)) - org.apache.ratis.grpc.server.GrpcLogAppender$AppendLogResponseHandler@da47405: Request not found, ignoring reply: 17750241-545b-4219-93a1-14a6ea3d85be<-5f4cf9ee-4bed-49de-adaa-861aec894328#5319:OK,SUCCESS,nextIndex:5307,term:1,followerCommit:5303
2019-08-23 02:48:54,012 [grpc-default-executor-2] INFO  client.GrpcClientProtocolClient (GrpcClientProtocolClient.java:onNext(255)) - client-B268B4322F32->17750241-545b-4219-93a1-14a6ea3d85be: receive RaftClientReply:client-B268B4322F32->17750241-545b-4219-93a1-14a6ea3d85be@group-C33FBD9556F2, cid=3499, SUCCESS, logIndex=0, commits[17750241-545b-4219-93a1-14a6ea3d85be:c5303, 4eaaa090-573e-41d3-9f8c-c99e236d806a:c5303, 5f4cf9ee-4bed-49de-adaa-861aec894328:c5299]
2019-08-23 02:48:54,012 [grpc-default-executor-2] INFO  client.GrpcClientProtocolClient (GrpcClientProtocolClient.java:onNext(255)) - client-B268B4322F32->17750241-545b-4219-93a1-14a6ea3d85be: receive RaftClientReply:client-B268B4322F32->17750241-545b-4219-93a1-14a6ea3d85be@group-C33FBD9556F2, cid=3498, SUCCESS, logIndex=0, commits[17750241-545b-4219-93a1-14a6ea3d85be:c5303, 4eaaa090-573e-41d3-9f8c-c99e236d806a:c5303, 5f4cf9ee-4bed-49de-adaa-861aec894328:c5303]
2019-08-23 02:48:54,013 [grpc-default-executor-2] INFO  client.GrpcClientProtocolClient (GrpcClientProtocolClient.java:onNext(255)) - client-B268B4322F32->17750241-545b-4219-93a1-14a6ea3d85be: receive RaftClientReply:client-B268B4322F32->17750241-545b-4219-93a1-14a6ea3d85be@group-C33FBD9556F2, cid=3498, SUCCESS, logIndex=0, commits[17750241-545b-4219-93a1-14a6ea3d85be:c5306, 4eaaa090-573e-41d3-9f8c-c99e236d806a:c5303, 5f4cf9ee-4bed-49de-adaa-861aec894328:c5303]
2019-08-23 02:48:54,015 [pool-282-thread-1] INFO  scm.XceiverClientRatis (XceiverClientRatis.java:lambda$watchForCommit$7(280)) - Could not commit index 5301 on pipeline Pipeline[ Id: a135c30c-6a7e-4f13-9664-c33fbd9556f2, Nodes: 5f4cf9ee-4bed-49de-adaa-861aec894328{ip: 192.168.34.22, host: pr-hdds-1909-sn94l-363750510, networkLocation: /default-rack, certSerialId: null}4eaaa090-573e-41d3-9f8c-c99e236d806a{ip: 192.168.34.22, host: pr-hdds-1909-sn94l-363750510, networkLocation: /default-rack, certSerialId: null}17750241-545b-4219-93a1-14a6ea3d85be{ip: 192.168.34.22, host: pr-hdds-1909-sn94l-363750510, networkLocation: /default-rack, certSerialId: null}, Type:RATIS, Factor:THREE, State:OPEN] to all the nodes. Server 5f4cf9ee-4bed-49de-adaa-861aec894328 has failed. Committed by majority.
2019-08-23 02:48:54,016 [pool-282-thread-1] WARN  storage.BlockOutputStream (BlockOutputStream.java:watchForCommit(353)) - Failed to commit BlockId conID: 1 locID: 102664013599802037 bcsId: 5303 on Pipeline[ Id: a135c30c-6a7e-4f13-9664-c33fbd9556f2, Nodes: 5f4cf9ee-4bed-49de-adaa-861aec894328{ip: 192.168.34.22, host: pr-hdds-1909-sn94l-363750510, networkLocation: /default-rack, certSerialId: null}4eaaa090-573e-41d3-9f8c-c99e236d806a{ip: 192.168.34.22, host: pr-hdds-1909-sn94l-363750510, networkLocation: /default-rack, certSerialId: null}17750241-545b-4219-93a1-14a6ea3d85be{ip: 192.168.34.22, host: pr-hdds-1909-sn94l-363750510, networkLocation: /default-rack, certSerialId: null}, Type:RATIS, Factor:THREE, State:OPEN]. Failed nodes: [5f4cf9ee-4bed-49de-adaa-861aec894328{ip: null, host: null, networkLocation: /default-rack, certSerialId: null}]
2019-08-23 02:48:54,023 | INFO  | DNAudit | user=null | ip=null | op=WRITE_CHUNK {blockData=conID: 1 locID: 102664013599802037 bcsId: 5303} | ret=SUCCESS |  
2019-08-23 02:48:54,026 | INFO  | DNAudit | user=null | ip=null | op=WRITE_CHUNK {blockData=conID: 1 locID: 102664013599802037 bcsId: 5303} | ret=SUCCESS |  
2019-08-23 02:48:54,026 | INFO  | DNAudit | user=null | ip=null | op=WRITE_CHUNK {blockData=conID: 1 locID: 102664013599802037 bcsId: 5303} | ret=SUCCESS |  
2019-08-23 02:48:54,031 | INFO  | DNAudit | user=null | ip=null | op=WRITE_CHUNK {blockData=conID: 1 locID: 102664013599802037 bcsId: 5303} | ret=SUCCESS |  
2019-08-23 02:48:54,031 | INFO  | DNAudit | user=null | ip=null | op=PUT_BLOCK {blockData=[blockId=conID: 1 locID: 102664013599802037 bcsId: 0,size=3145728]} | ret=SUCCESS |  
2019-08-23 02:48:54,032 [grpc-default-executor-1] INFO  client.GrpcClientProtocolClient (GrpcClientProtocolClient.java:onNext(255)) - client-B268B4322F32->17750241-545b-4219-93a1-14a6ea3d85be: receive RaftClientReply:client-B268B4322F32->17750241-545b-4219-93a1-14a6ea3d85be@group-C33FBD9556F2, cid=3500, SUCCESS, logIndex=5307, commits[17750241-545b-4219-93a1-14a6ea3d85be:c5308, 4eaaa090-573e-41d3-9f8c-c99e236d806a:c5306, 5f4cf9ee-4bed-49de-adaa-861aec894328:c5306]
2019-08-23 02:48:54,035 [grpc-default-executor-1] INFO  client.GrpcClientProtocolClient (GrpcClientProtocolClient.java:onNext(255)) - client-B268B4322F32->17750241-545b-4219-93a1-14a6ea3d85be: receive RaftClientReply:client-B268B4322F32->17750241-545b-4219-93a1-14a6ea3d85be@group-C33FBD9556F2, cid=3501, SUCCESS, logIndex=5308, commits[17750241-545b-4219-93a1-14a6ea3d85be:c5308, 4eaaa090-573e-41d3-9f8c-c99e236d806a:c5306, 5f4cf9ee-4bed-49de-adaa-861aec894328:c5306]
2019-08-23 02:48:54,043 | INFO  | DNAudit | user=null | ip=null | op=WRITE_CHUNK {blockData=conID: 1 locID: 102664013599802037 bcsId: 5308} | ret=SUCCESS |  
2019-08-23 02:48:54,044 | INFO  | DNAudit | user=null | ip=null | op=WRITE_CHUNK {blockData=conID: 1 locID: 102664013599802037 bcsId: 5308} | ret=SUCCESS |  
2019-08-23 02:48:54,045 | INFO  | DNAudit | user=null | ip=null | op=WRITE_CHUNK {blockData=conID: 1 locID: 102664013599802037 bcsId: 5308} | ret=SUCCESS |  
2019-08-23 02:48:54,059 | INFO  | DNAudit | user=null | ip=null | op=WRITE_CHUNK {blockData=conID: 1 locID: 102664013599802037 bcsId: 5303} | ret=SUCCESS |  
2019-08-23 02:48:54,059 | INFO  | DNAudit | user=null | ip=null | op=WRITE_CHUNK {blockData=conID: 1 locID: 102664013599802037 bcsId: 5303} | ret=SUCCESS |  
2019-08-23 02:48:54,060 | INFO  | DNAudit | user=null | ip=null | op=PUT_BLOCK {blockData=[blockId=conID: 1 locID: 102664013599802037 bcsId: 0,size=3145728]} | ret=SUCCESS |  
2019-08-23 02:48:54,060 | INFO  | DNAudit | user=null | ip=null | op=PUT_BLOCK {blockData=[blockId=conID: 1 locID: 102664013599802037 bcsId: 0,size=3145728]} | ret=SUCCESS |  
2019-08-23 02:48:54,060 | INFO  | DNAudit | user=null | ip=null | op=WRITE_CHUNK {blockData=conID: 1 locID: 102664013599802037 bcsId: 5308} | ret=SUCCESS |  
2019-08-23 02:48:54,061 | INFO  | DNAudit | user=null | ip=null | op=PUT_BLOCK {blockData=[blockId=conID: 1 locID: 102664013599802037 bcsId: 0,size=4194304]} | ret=SUCCESS |  
2019-08-23 02:48:54,061 [grpc-default-executor-2] INFO  client.GrpcClientProtocolClient (GrpcClientProtocolClient.java:onNext(255)) - client-B268B4322F32->17750241-545b-4219-93a1-14a6ea3d85be: receive RaftClientReply:client-B268B4322F32->17750241-545b-4219-93a1-14a6ea3d85be@group-C33FBD9556F2, cid=3502, SUCCESS, logIndex=5311, commits[17750241-545b-4219-93a1-14a6ea3d85be:c5312, 4eaaa090-573e-41d3-9f8c-c99e236d806a:c5308, 5f4cf9ee-4bed-49de-adaa-861aec894328:c5308]
2019-08-23 02:48:54,064 [grpc-default-executor-2] INFO  client.GrpcClientProtocolClient (GrpcClientProtocolClient.java:onNext(255)) - client-B268B4322F32->17750241-545b-4219-93a1-14a6ea3d85be: receive RaftClientReply:client-B268B4322F32->17750241-545b-4219-93a1-14a6ea3d85be@group-C33FBD9556F2, cid=3503, SUCCESS, logIndex=5312, commits[17750241-545b-4219-93a1-14a6ea3d85be:c5312, 4eaaa090-573e-41d3-9f8c-c99e236d806a:c5308, 5f4cf9ee-4bed-49de-adaa-861aec894328:c5308]
2019-08-23 02:48:54,084 | INFO  | DNAudit | user=null | ip=null | op=WRITE_CHUNK {blockData=conID: 1 locID: 102664013599802037 bcsId: 5308} | ret=SUCCESS |  
2019-08-23 02:48:54,084 | INFO  | DNAudit | user=null | ip=null | op=WRITE_CHUNK {blockData=conID: 1 locID: 102664013599802037 bcsId: 5308} | ret=SUCCESS |  
2019-08-23 02:48:54,085 | INFO  | DNAudit | user=null | ip=null | op=PUT_BLOCK {blockData=[blockId=conID: 1 locID: 102664013599802037 bcsId: 0,size=4194304]} | ret=SUCCESS |  
2019-08-23 02:48:54,085 | INFO  | DNAudit | user=null | ip=null | op=PUT_BLOCK {blockData=[blockId=conID: 1 locID: 102664013599802037 bcsId: 0,size=4194304]} | ret=SUCCESS |  
2019-08-23 02:48:54,085 [grpc-default-executor-1] INFO  client.GrpcClientProtocolClient (GrpcClientProtocolClient.java:onNext(255)) - client-B268B4322F32->17750241-545b-4219-93a1-14a6ea3d85be: receive RaftClientReply:client-B268B4322F32->17750241-545b-4219-93a1-14a6ea3d85be@group-C33FBD9556F2, cid=3504, SUCCESS, logIndex=0, commits[17750241-545b-4219-93a1-14a6ea3d85be:c5313, 4eaaa090-573e-41d3-9f8c-c99e236d806a:c5312, 5f4cf9ee-4bed-49de-adaa-861aec894328:c5312]
2019-08-23 02:48:54,093 [IPC Server handler 17 on 41301] WARN  block.BlockManagerImpl (BlockManagerImpl.java:allocateBlock(192)) - Pipeline creation failed for type:RATIS factor:THREE. Retrying get pipelines call once.
org.apache.hadoop.hdds.scm.pipeline.InsufficientDatanodesException: Cannot create pipeline of factor 3 using 2 nodes.
	at org.apache.hadoop.hdds.scm.pipeline.RatisPipelineProvider.create(RatisPipelineProvider.java:151)
	at org.apache.hadoop.hdds.scm.pipeline.PipelineFactory.create(PipelineFactory.java:57)
	at org.apache.hadoop.hdds.scm.pipeline.SCMPipelineManager.createPipeline(SCMPipelineManager.java:149)
	at org.apache.hadoop.hdds.scm.block.BlockManagerImpl.allocateBlock(BlockManagerImpl.java:190)
	at org.apache.hadoop.hdds.scm.server.SCMBlockProtocolServer.allocateBlock(SCMBlockProtocolServer.java:175)
	at org.apache.hadoop.ozone.protocolPB.ScmBlockLocationProtocolServerSideTranslatorPB.allocateScmBlock(ScmBlockLocationProtocolServerSideTranslatorPB.java:153)
	at org.apache.hadoop.ozone.protocolPB.ScmBlockLocationProtocolServerSideTranslatorPB.send(ScmBlockLocationProtocolServerSideTranslatorPB.java:112)
	at org.apache.hadoop.hdds.protocol.proto.ScmBlockLocationProtocolProtos$ScmBlockLocationProtocolService$2.callBlockingMethod(ScmBlockLocationProtocolProtos.java:13157)
	at org.apache.hadoop.ipc.ProtobufRpcEngine$Server$ProtoBufRpcInvoker.call(ProtobufRpcEngine.java:524)
	at org.apache.hadoop.ipc.RPC$Server.call(RPC.java:1025)
	at org.apache.hadoop.ipc.Server$RpcCall.run(Server.java:876)
	at org.apache.hadoop.ipc.Server$RpcCall.run(Server.java:822)
	at java.security.AccessController.doPrivileged(Native Method)
	at javax.security.auth.Subject.doAs(Subject.java:422)
	at org.apache.hadoop.security.UserGroupInformation.doAs(UserGroupInformation.java:1730)
	at org.apache.hadoop.ipc.Server$Handler.run(Server.java:2682)
2019-08-23 02:48:54,094 [IPC Server handler 17 on 41301] INFO  block.BlockManagerImpl (BlockManagerImpl.java:allocateBlock(198)) - Could not find available pipeline of type:RATIS and factor:THREE even after retrying
2019-08-23 02:48:54,094 [IPC Server handler 17 on 41301] ERROR block.BlockManagerImpl (BlockManagerImpl.java:allocateBlock(222)) - Unable to allocate a block for the size: 4194304, type: RATIS, factor: THREE
2019-08-23 02:48:54,094 | INFO  | SCMAudit | user=jenkins1000 | ip=192.168.34.22 | op=ALLOCATE_BLOCK {owner=31d65bc3-3f70-45f5-bbc5-e3a15f967ba6, size=4194304, type=RATIS, factor=THREE} | ret=SUCCESS |  
2019-08-23 02:48:54,098 [IPC Server handler 15 on 33085] WARN  ipc.Server (Server.java:logException(2724)) - IPC Server handler 15 on 33085, call Call#1575 Retry#0 org.apache.hadoop.ozone.om.protocol.OzoneManagerProtocol.submitRequest from 127.0.0.1:55324
java.lang.NullPointerException
	at org.apache.hadoop.ipc.RpcWritable.wrap(RpcWritable.java:48)
	at org.apache.hadoop.ipc.ProtobufRpcEngine$Server$ProtoBufRpcInvoker.call(ProtobufRpcEngine.java:558)
	at org.apache.hadoop.ipc.RPC$Server.call(RPC.java:1025)
	at org.apache.hadoop.ipc.Server$RpcCall.run(Server.java:876)
	at org.apache.hadoop.ipc.Server$RpcCall.run(Server.java:822)
	at java.security.AccessController.doPrivileged(Native Method)
	at javax.security.auth.Subject.doAs(Subject.java:422)
	at org.apache.hadoop.security.UserGroupInformation.doAs(UserGroupInformation.java:1730)
	at org.apache.hadoop.ipc.Server$Handler.run(Server.java:2682)
2019-08-23 02:48:54,105 [pool-282-thread-1] INFO  retry.RetryInvocationHandler (RetryInvocationHandler.java:log(411)) - com.google.protobuf.ServiceException: org.apache.hadoop.ipc.RemoteException(java.lang.NullPointerException): java.lang.NullPointerException
	at org.apache.hadoop.ipc.RpcWritable.wrap(RpcWritable.java:48)
	at org.apache.hadoop.ipc.ProtobufRpcEngine$Server$ProtoBufRpcInvoker.call(ProtobufRpcEngine.java:558)
	at org.apache.hadoop.ipc.RPC$Server.call(RPC.java:1025)
	at org.apache.hadoop.ipc.Server$RpcCall.run(Server.java:876)
	at org.apache.hadoop.ipc.Server$RpcCall.run(Server.java:822)
	at java.security.AccessController.doPrivileged(Native Method)
	at javax.security.auth.Subject.doAs(Subject.java:422)
	at org.apache.hadoop.security.UserGroupInformation.doAs(UserGroupInformation.java:1730)
	at org.apache.hadoop.ipc.Server$Handler.run(Server.java:2682)
, while invoking $Proxy45.submitRequest over nodeId=null,nodeAddress=localhost:33085. Trying to failover immediately.
2019-08-23 02:48:54,108 [IPC Server handler 4 on 41301] WARN  block.BlockManagerImpl (BlockManagerImpl.java:allocateBlock(192)) - Pipeline creation failed for type:RATIS factor:THREE. Retrying get pipelines call once.
org.apache.hadoop.hdds.scm.pipeline.InsufficientDatanodesException: Cannot create pipeline of factor 3 using 2 nodes.
	at org.apache.hadoop.hdds.scm.pipeline.RatisPipelineProvider.create(RatisPipelineProvider.java:151)
	at org.apache.hadoop.hdds.scm.pipeline.PipelineFactory.create(PipelineFactory.java:57)
	at org.apache.hadoop.hdds.scm.pipeline.SCMPipelineManager.createPipeline(SCMPipelineManager.java:149)
	at org.apache.hadoop.hdds.scm.block.BlockManagerImpl.allocateBlock(BlockManagerImpl.java:190)
	at org.apache.hadoop.hdds.scm.server.SCMBlockProtocolServer.allocateBlock(SCMBlockProtocolServer.java:175)
	at org.apache.hadoop.ozone.protocolPB.ScmBlockLocationProtocolServerSideTranslatorPB.allocateScmBlock(ScmBlockLocationProtocolServerSideTranslatorPB.java:153)
	at org.apache.hadoop.ozone.protocolPB.ScmBlockLocationProtocolServerSideTranslatorPB.send(ScmBlockLocationProtocolServerSideTranslatorPB.java:112)
	at org.apache.hadoop.hdds.protocol.proto.ScmBlockLocationProtocolProtos$ScmBlockLocationProtocolService$2.callBlockingMethod(ScmBlockLocationProtocolProtos.java:13157)
	at org.apache.hadoop.ipc.ProtobufRpcEngine$Server$ProtoBufRpcInvoker.call(ProtobufRpcEngine.java:524)
	at org.apache.hadoop.ipc.RPC$Server.call(RPC.java:1025)
	at org.apache.hadoop.ipc.Server$RpcCall.run(Server.java:876)
	at org.apache.hadoop.ipc.Server$RpcCall.run(Server.java:822)
	at java.security.AccessController.doPrivileged(Native Method)
	at javax.security.auth.Subject.doAs(Subject.java:422)
	at org.apache.hadoop.security.UserGroupInformation.doAs(UserGroupInformation.java:1730)
	at org.apache.hadoop.ipc.Server$Handler.run(Server.java:2682)
2019-08-23 02:48:54,109 [IPC Server handler 4 on 41301] INFO  block.BlockManagerImpl (BlockManagerImpl.java:allocateBlock(198)) - Could not find available pipeline of type:RATIS and factor:THREE even after retrying
2019-08-23 02:48:54,109 [IPC Server handler 4 on 41301] ERROR block.BlockManagerImpl (BlockManagerImpl.java:allocateBlock(222)) - Unable to allocate a block for the size: 4194304, type: RATIS, factor: THREE
2019-08-23 02:48:54,109 | INFO  | SCMAudit | user=jenkins1000 | ip=192.168.34.22 | op=ALLOCATE_BLOCK {owner=31d65bc3-3f70-45f5-bbc5-e3a15f967ba6, size=4194304, type=RATIS, factor=THREE} | ret=SUCCESS |  
2019-08-23 02:48:54,109 [IPC Server handler 17 on 33085] WARN  ipc.Server (Server.java:logException(2724)) - IPC Server handler 17 on 33085, call Call#1575 Retry#1 org.apache.hadoop.ozone.om.protocol.OzoneManagerProtocol.submitRequest from 127.0.0.1:55324
java.lang.NullPointerException
	at org.apache.hadoop.ipc.RpcWritable.wrap(RpcWritable.java:48)
	at org.apache.hadoop.ipc.ProtobufRpcEngine$Server$ProtoBufRpcInvoker.call(ProtobufRpcEngine.java:558)
	at org.apache.hadoop.ipc.RPC$Server.call(RPC.java:1025)
	at org.apache.hadoop.ipc.Server$RpcCall.run(Server.java:876)
	at org.apache.hadoop.ipc.Server$RpcCall.run(Server.java:822)
	at java.security.AccessController.doPrivileged(Native Method)
	at javax.security.auth.Subject.doAs(Subject.java:422)
	at org.apache.hadoop.security.UserGroupInformation.doAs(UserGroupInformation.java:1730)
	at org.apache.hadoop.ipc.Server$Handler.run(Server.java:2682)
2019-08-23 02:48:54,112 [pool-282-thread-1] INFO  retry.RetryInvocationHandler (RetryInvocationHandler.java:log(411)) - com.google.protobuf.ServiceException: org.apache.hadoop.ipc.RemoteException(java.lang.NullPointerException): java.lang.NullPointerException
	at org.apache.hadoop.ipc.RpcWritable.wrap(RpcWritable.java:48)
	at org.apache.hadoop.ipc.ProtobufRpcEngine$Server$ProtoBufRpcInvoker.call(ProtobufRpcEngine.java:558)
	at org.apache.hadoop.ipc.RPC$Server.call(RPC.java:1025)
	at org.apache.hadoop.ipc.Server$RpcCall.run(Server.java:876)
	at org.apache.hadoop.ipc.Server$RpcCall.run(Server.java:822)
	at java.security.AccessController.doPrivileged(Native Method)
	at javax.security.auth.Subject.doAs(Subject.java:422)
	at org.apache.hadoop.security.UserGroupInformation.doAs(UserGroupInformation.java:1730)
	at org.apache.hadoop.ipc.Server$Handler.run(Server.java:2682)
, while invoking $Proxy45.submitRequest over nodeId=null,nodeAddress=localhost:33085 after 1 failover attempts. Trying to failover immediately.
2019-08-23 02:48:54,115 [IPC Server handler 12 on 41301] WARN  block.BlockManagerImpl (BlockManagerImpl.java:allocateBlock(192)) - Pipeline creation failed for type:RATIS factor:THREE. Retrying get pipelines call once.
org.apache.hadoop.hdds.scm.pipeline.InsufficientDatanodesException: Cannot create pipeline of factor 3 using 2 nodes.
	at org.apache.hadoop.hdds.scm.pipeline.RatisPipelineProvider.create(RatisPipelineProvider.java:151)
	at org.apache.hadoop.hdds.scm.pipeline.PipelineFactory.create(PipelineFactory.java:57)
	at org.apache.hadoop.hdds.scm.pipeline.SCMPipelineManager.createPipeline(SCMPipelineManager.java:149)
	at org.apache.hadoop.hdds.scm.block.BlockManagerImpl.allocateBlock(BlockManagerImpl.java:190)
	at org.apache.hadoop.hdds.scm.server.SCMBlockProtocolServer.allocateBlock(SCMBlockProtocolServer.java:175)
	at org.apache.hadoop.ozone.protocolPB.ScmBlockLocationProtocolServerSideTranslatorPB.allocateScmBlock(ScmBlockLocationProtocolServerSideTranslatorPB.java:153)
	at org.apache.hadoop.ozone.protocolPB.ScmBlockLocationProtocolServerSideTranslatorPB.send(ScmBlockLocationProtocolServerSideTranslatorPB.java:112)
	at org.apache.hadoop.hdds.protocol.proto.ScmBlockLocationProtocolProtos$ScmBlockLocationProtocolService$2.callBlockingMethod(ScmBlockLocationProtocolProtos.java:13157)
	at org.apache.hadoop.ipc.ProtobufRpcEngine$Server$ProtoBufRpcInvoker.call(ProtobufRpcEngine.java:524)
	at org.apache.hadoop.ipc.RPC$Server.call(RPC.java:1025)
	at org.apache.hadoop.ipc.Server$RpcCall.run(Server.java:876)
	at org.apache.hadoop.ipc.Server$RpcCall.run(Server.java:822)
	at java.security.AccessController.doPrivileged(Native Method)
	at javax.security.auth.Subject.doAs(Subject.java:422)
	at org.apache.hadoop.security.UserGroupInformation.doAs(UserGroupInformation.java:1730)
	at org.apache.hadoop.ipc.Server$Handler.run(Server.java:2682)
2019-08-23 02:48:54,116 [IPC Server handler 12 on 41301] INFO  block.BlockManagerImpl (BlockManagerImpl.java:allocateBlock(198)) - Could not find available pipeline of type:RATIS and factor:THREE even after retrying
2019-08-23 02:48:54,116 [IPC Server handler 12 on 41301] ERROR block.BlockManagerImpl (BlockManagerImpl.java:allocateBlock(222)) - Unable to allocate a block for the size: 4194304, type: RATIS, factor: THREE
2019-08-23 02:48:54,116 | INFO  | SCMAudit | user=jenkins1000 | ip=192.168.34.22 | op=ALLOCATE_BLOCK {owner=31d65bc3-3f70-45f5-bbc5-e3a15f967ba6, size=4194304, type=RATIS, factor=THREE} | ret=SUCCESS |  
2019-08-23 02:48:54,116 [IPC Server handler 9 on 33085] WARN  ipc.Server (Server.java:logException(2724)) - IPC Server handler 9 on 33085, call Call#1575 Retry#2 org.apache.hadoop.ozone.om.protocol.OzoneManagerProtocol.submitRequest from 127.0.0.1:55324
java.lang.NullPointerException
	at org.apache.hadoop.ipc.RpcWritable.wrap(RpcWritable.java:48)
	at org.apache.hadoop.ipc.ProtobufRpcEngine$Server$ProtoBufRpcInvoker.call(ProtobufRpcEngine.java:558)
	at org.apache.hadoop.ipc.RPC$Server.call(RPC.java:1025)
	at org.apache.hadoop.ipc.Server$RpcCall.run(Server.java:876)
	at org.apache.hadoop.ipc.Server$RpcCall.run(Server.java:822)
	at java.security.AccessController.doPrivileged(Native Method)
	at javax.security.auth.Subject.doAs(Subject.java:422)
	at org.apache.hadoop.security.UserGroupInformation.doAs(UserGroupInformation.java:1730)
	at org.apache.hadoop.ipc.Server$Handler.run(Server.java:2682)
2019-08-23 02:48:54,119 [pool-282-thread-1] INFO  retry.RetryInvocationHandler (RetryInvocationHandler.java:log(411)) - com.google.protobuf.ServiceException: org.apache.hadoop.ipc.RemoteException(java.lang.NullPointerException): java.lang.NullPointerException
	at org.apache.hadoop.ipc.RpcWritable.wrap(RpcWritable.java:48)
	at org.apache.hadoop.ipc.ProtobufRpcEngine$Server$ProtoBufRpcInvoker.call(ProtobufRpcEngine.java:558)
	at org.apache.hadoop.ipc.RPC$Server.call(RPC.java:1025)
	at org.apache.hadoop.ipc.Server$RpcCall.run(Server.java:876)
	at org.apache.hadoop.ipc.Server$RpcCall.run(Server.java:822)
	at java.security.AccessController.doPrivileged(Native Method)
	at javax.security.auth.Subject.doAs(Subject.java:422)
	at org.apache.hadoop.security.UserGroupInformation.doAs(UserGroupInformation.java:1730)
	at org.apache.hadoop.ipc.Server$Handler.run(Server.java:2682)
, while invoking $Proxy45.submitRequest over nodeId=null,nodeAddress=localhost:33085 after 2 failover attempts. Trying to failover immediately.
2019-08-23 02:48:54,121 [IPC Server handler 10 on 41301] WARN  block.BlockManagerImpl (BlockManagerImpl.java:allocateBlock(192)) - Pipeline creation failed for type:RATIS factor:THREE. Retrying get pipelines call once.
org.apache.hadoop.hdds.scm.pipeline.InsufficientDatanodesException: Cannot create pipeline of factor 3 using 2 nodes.
	at org.apache.hadoop.hdds.scm.pipeline.RatisPipelineProvider.create(RatisPipelineProvider.java:151)
	at org.apache.hadoop.hdds.scm.pipeline.PipelineFactory.create(PipelineFactory.java:57)
	at org.apache.hadoop.hdds.scm.pipeline.SCMPipelineManager.createPipeline(SCMPipelineManager.java:149)
	at org.apache.hadoop.hdds.scm.block.BlockManagerImpl.allocateBlock(BlockManagerImpl.java:190)
	at org.apache.hadoop.hdds.scm.server.SCMBlockProtocolServer.allocateBlock(SCMBlockProtocolServer.java:175)
	at org.apache.hadoop.ozone.protocolPB.ScmBlockLocationProtocolServerSideTranslatorPB.allocateScmBlock(ScmBlockLocationProtocolServerSideTranslatorPB.java:153)
	at org.apache.hadoop.ozone.protocolPB.ScmBlockLocationProtocolServerSideTranslatorPB.send(ScmBlockLocationProtocolServerSideTranslatorPB.java:112)
	at org.apache.hadoop.hdds.protocol.proto.ScmBlockLocationProtocolProtos$ScmBlockLocationProtocolService$2.callBlockingMethod(ScmBlockLocationProtocolProtos.java:13157)
	at org.apache.hadoop.ipc.ProtobufRpcEngine$Server$ProtoBufRpcInvoker.call(ProtobufRpcEngine.java:524)
	at org.apache.hadoop.ipc.RPC$Server.call(RPC.java:1025)
	at org.apache.hadoop.ipc.Server$RpcCall.run(Server.java:876)
	at org.apache.hadoop.ipc.Server$RpcCall.run(Server.java:822)
	at java.security.AccessController.doPrivileged(Native Method)
	at javax.security.auth.Subject.doAs(Subject.java:422)
	at org.apache.hadoop.security.UserGroupInformation.doAs(UserGroupInformation.java:1730)
	at org.apache.hadoop.ipc.Server$Handler.run(Server.java:2682)
2019-08-23 02:48:54,121 [IPC Server handler 10 on 41301] INFO  block.BlockManagerImpl (BlockManagerImpl.java:allocateBlock(198)) - Could not find available pipeline of type:RATIS and factor:THREE even after retrying
2019-08-23 02:48:54,121 [IPC Server handler 10 on 41301] ERROR block.BlockManagerImpl (BlockManagerImpl.java:allocateBlock(222)) - Unable to allocate a block for the size: 4194304, type: RATIS, factor: THREE
2019-08-23 02:48:54,122 | INFO  | SCMAudit | user=jenkins1000 | ip=192.168.34.22 | op=ALLOCATE_BLOCK {owner=31d65bc3-3f70-45f5-bbc5-e3a15f967ba6, size=4194304, type=RATIS, factor=THREE} | ret=SUCCESS |  
2019-08-23 02:48:54,122 [IPC Server handler 3 on 33085] WARN  ipc.Server (Server.java:logException(2724)) - IPC Server handler 3 on 33085, call Call#1575 Retry#3 org.apache.hadoop.ozone.om.protocol.OzoneManagerProtocol.submitRequest from 127.0.0.1:55324
java.lang.NullPointerException
	at org.apache.hadoop.ipc.RpcWritable.wrap(RpcWritable.java:48)
	at org.apache.hadoop.ipc.ProtobufRpcEngine$Server$ProtoBufRpcInvoker.call(ProtobufRpcEngine.java:558)
	at org.apache.hadoop.ipc.RPC$Server.call(RPC.java:1025)
	at org.apache.hadoop.ipc.Server$RpcCall.run(Server.java:876)
	at org.apache.hadoop.ipc.Server$RpcCall.run(Server.java:822)
	at java.security.AccessController.doPrivileged(Native Method)
	at javax.security.auth.Subject.doAs(Subject.java:422)
	at org.apache.hadoop.security.UserGroupInformation.doAs(UserGroupInformation.java:1730)
	at org.apache.hadoop.ipc.Server$Handler.run(Server.java:2682)
2019-08-23 02:48:54,125 [pool-282-thread-1] INFO  retry.RetryInvocationHandler (RetryInvocationHandler.java:log(411)) - com.google.protobuf.ServiceException: org.apache.hadoop.ipc.RemoteException(java.lang.NullPointerException): java.lang.NullPointerException
	at org.apache.hadoop.ipc.RpcWritable.wrap(RpcWritable.java:48)
	at org.apache.hadoop.ipc.ProtobufRpcEngine$Server$ProtoBufRpcInvoker.call(ProtobufRpcEngine.java:558)
	at org.apache.hadoop.ipc.RPC$Server.call(RPC.java:1025)
	at org.apache.hadoop.ipc.Server$RpcCall.run(Server.java:876)
	at org.apache.hadoop.ipc.Server$RpcCall.run(Server.java:822)
	at java.security.AccessController.doPrivileged(Native Method)
	at javax.security.auth.Subject.doAs(Subject.java:422)
	at org.apache.hadoop.security.UserGroupInformation.doAs(UserGroupInformation.java:1730)
	at org.apache.hadoop.ipc.Server$Handler.run(Server.java:2682)
, while invoking $Proxy45.submitRequest over nodeId=null,nodeAddress=localhost:33085 after 3 failover attempts. Trying to failover immediately.
2019-08-23 02:48:54,127 [IPC Server handler 18 on 41301] WARN  block.BlockManagerImpl (BlockManagerImpl.java:allocateBlock(192)) - Pipeline creation failed for type:RATIS factor:THREE. Retrying get pipelines call once.
org.apache.hadoop.hdds.scm.pipeline.InsufficientDatanodesException: Cannot create pipeline of factor 3 using 2 nodes.
	at org.apache.hadoop.hdds.scm.pipeline.RatisPipelineProvider.create(RatisPipelineProvider.java:151)
	at org.apache.hadoop.hdds.scm.pipeline.PipelineFactory.create(PipelineFactory.java:57)
	at org.apache.hadoop.hdds.scm.pipeline.SCMPipelineManager.createPipeline(SCMPipelineManager.java:149)
	at org.apache.hadoop.hdds.scm.block.BlockManagerImpl.allocateBlock(BlockManagerImpl.java:190)
	at org.apache.hadoop.hdds.scm.server.SCMBlockProtocolServer.allocateBlock(SCMBlockProtocolServer.java:175)
	at org.apache.hadoop.ozone.protocolPB.ScmBlockLocationProtocolServerSideTranslatorPB.allocateScmBlock(ScmBlockLocationProtocolServerSideTranslatorPB.java:153)
	at org.apache.hadoop.ozone.protocolPB.ScmBlockLocationProtocolServerSideTranslatorPB.send(ScmBlockLocationProtocolServerSideTranslatorPB.java:112)
	at org.apache.hadoop.hdds.protocol.proto.ScmBlockLocationProtocolProtos$ScmBlockLocationProtocolService$2.callBlockingMethod(ScmBlockLocationProtocolProtos.java:13157)
	at org.apache.hadoop.ipc.ProtobufRpcEngine$Server$ProtoBufRpcInvoker.call(ProtobufRpcEngine.java:524)
	at org.apache.hadoop.ipc.RPC$Server.call(RPC.java:1025)
	at org.apache.hadoop.ipc.Server$RpcCall.run(Server.java:876)
	at org.apache.hadoop.ipc.Server$RpcCall.run(Server.java:822)
	at java.security.AccessController.doPrivileged(Native Method)
	at javax.security.auth.Subject.doAs(Subject.java:422)
	at org.apache.hadoop.security.UserGroupInformation.doAs(UserGroupInformation.java:1730)
	at org.apache.hadoop.ipc.Server$Handler.run(Server.java:2682)
2019-08-23 02:48:54,127 [IPC Server handler 18 on 41301] INFO  block.BlockManagerImpl (BlockManagerImpl.java:allocateBlock(198)) - Could not find available pipeline of type:RATIS and factor:THREE even after retrying
2019-08-23 02:48:54,127 [IPC Server handler 18 on 41301] ERROR block.BlockManagerImpl (BlockManagerImpl.java:allocateBlock(222)) - Unable to allocate a block for the size: 4194304, type: RATIS, factor: THREE
2019-08-23 02:48:54,127 | INFO  | SCMAudit | user=jenkins1000 | ip=192.168.34.22 | op=ALLOCATE_BLOCK {owner=31d65bc3-3f70-45f5-bbc5-e3a15f967ba6, size=4194304, type=RATIS, factor=THREE} | ret=SUCCESS |  
2019-08-23 02:48:54,128 [IPC Server handler 4 on 33085] WARN  ipc.Server (Server.java:logException(2724)) - IPC Server handler 4 on 33085, call Call#1575 Retry#4 org.apache.hadoop.ozone.om.protocol.OzoneManagerProtocol.submitRequest from 127.0.0.1:55324
java.lang.NullPointerException
	at org.apache.hadoop.ipc.RpcWritable.wrap(RpcWritable.java:48)
	at org.apache.hadoop.ipc.ProtobufRpcEngine$Server$ProtoBufRpcInvoker.call(ProtobufRpcEngine.java:558)
	at org.apache.hadoop.ipc.RPC$Server.call(RPC.java:1025)
	at org.apache.hadoop.ipc.Server$RpcCall.run(Server.java:876)
	at org.apache.hadoop.ipc.Server$RpcCall.run(Server.java:822)
	at java.security.AccessController.doPrivileged(Native Method)
	at javax.security.auth.Subject.doAs(Subject.java:422)
	at org.apache.hadoop.security.UserGroupInformation.doAs(UserGroupInformation.java:1730)
	at org.apache.hadoop.ipc.Server$Handler.run(Server.java:2682)
2019-08-23 02:48:54,130 [pool-282-thread-1] INFO  retry.RetryInvocationHandler (RetryInvocationHandler.java:log(411)) - com.google.protobuf.ServiceException: org.apache.hadoop.ipc.RemoteException(java.lang.NullPointerException): java.lang.NullPointerException
	at org.apache.hadoop.ipc.RpcWritable.wrap(RpcWritable.java:48)
	at org.apache.hadoop.ipc.ProtobufRpcEngine$Server$ProtoBufRpcInvoker.call(ProtobufRpcEngine.java:558)
	at org.apache.hadoop.ipc.RPC$Server.call(RPC.java:1025)
	at org.apache.hadoop.ipc.Server$RpcCall.run(Server.java:876)
	at org.apache.hadoop.ipc.Server$RpcCall.run(Server.java:822)
	at java.security.AccessController.doPrivileged(Native Method)
	at javax.security.auth.Subject.doAs(Subject.java:422)
	at org.apache.hadoop.security.UserGroupInformation.doAs(UserGroupInformation.java:1730)
	at org.apache.hadoop.ipc.Server$Handler.run(Server.java:2682)
, while invoking $Proxy45.submitRequest over nodeId=null,nodeAddress=localhost:33085 after 4 failover attempts. Trying to failover immediately.
2019-08-23 02:48:54,131 [IPC Server handler 2 on 41301] WARN  block.BlockManagerImpl (BlockManagerImpl.java:allocateBlock(192)) - Pipeline creation failed for type:RATIS factor:THREE. Retrying get pipelines call once.
org.apache.hadoop.hdds.scm.pipeline.InsufficientDatanodesException: Cannot create pipeline of factor 3 using 2 nodes.
	at org.apache.hadoop.hdds.scm.pipeline.RatisPipelineProvider.create(RatisPipelineProvider.java:151)
	at org.apache.hadoop.hdds.scm.pipeline.PipelineFactory.create(PipelineFactory.java:57)
	at org.apache.hadoop.hdds.scm.pipeline.SCMPipelineManager.createPipeline(SCMPipelineManager.java:149)
	at org.apache.hadoop.hdds.scm.block.BlockManagerImpl.allocateBlock(BlockManagerImpl.java:190)
	at org.apache.hadoop.hdds.scm.server.SCMBlockProtocolServer.allocateBlock(SCMBlockProtocolServer.java:175)
	at org.apache.hadoop.ozone.protocolPB.ScmBlockLocationProtocolServerSideTranslatorPB.allocateScmBlock(ScmBlockLocationProtocolServerSideTranslatorPB.java:153)
	at org.apache.hadoop.ozone.protocolPB.ScmBlockLocationProtocolServerSideTranslatorPB.send(ScmBlockLocationProtocolServerSideTranslatorPB.java:112)
	at org.apache.hadoop.hdds.protocol.proto.ScmBlockLocationProtocolProtos$ScmBlockLocationProtocolService$2.callBlockingMethod(ScmBlockLocationProtocolProtos.java:13157)
	at org.apache.hadoop.ipc.ProtobufRpcEngine$Server$ProtoBufRpcInvoker.call(ProtobufRpcEngine.java:524)
	at org.apache.hadoop.ipc.RPC$Server.call(RPC.java:1025)
	at org.apache.hadoop.ipc.Server$RpcCall.run(Server.java:876)
	at org.apache.hadoop.ipc.Server$RpcCall.run(Server.java:822)
	at java.security.AccessController.doPrivileged(Native Method)
	at javax.security.auth.Subject.doAs(Subject.java:422)
	at org.apache.hadoop.security.UserGroupInformation.doAs(UserGroupInformation.java:1730)
	at org.apache.hadoop.ipc.Server$Handler.run(Server.java:2682)
2019-08-23 02:48:54,132 [IPC Server handler 2 on 41301] INFO  block.BlockManagerImpl (BlockManagerImpl.java:allocateBlock(198)) - Could not find available pipeline of type:RATIS and factor:THREE even after retrying
2019-08-23 02:48:54,132 [IPC Server handler 2 on 41301] ERROR block.BlockManagerImpl (BlockManagerImpl.java:allocateBlock(222)) - Unable to allocate a block for the size: 4194304, type: RATIS, factor: THREE
2019-08-23 02:48:54,132 | INFO  | SCMAudit | user=jenkins1000 | ip=192.168.34.22 | op=ALLOCATE_BLOCK {owner=31d65bc3-3f70-45f5-bbc5-e3a15f967ba6, size=4194304, type=RATIS, factor=THREE} | ret=SUCCESS |  
2019-08-23 02:48:54,133 [IPC Server handler 10 on 33085] WARN  ipc.Server (Server.java:logException(2724)) - IPC Server handler 10 on 33085, call Call#1575 Retry#5 org.apache.hadoop.ozone.om.protocol.OzoneManagerProtocol.submitRequest from 127.0.0.1:55324
java.lang.NullPointerException
	at org.apache.hadoop.ipc.RpcWritable.wrap(RpcWritable.java:48)
	at org.apache.hadoop.ipc.ProtobufRpcEngine$Server$ProtoBufRpcInvoker.call(ProtobufRpcEngine.java:558)
	at org.apache.hadoop.ipc.RPC$Server.call(RPC.java:1025)
	at org.apache.hadoop.ipc.Server$RpcCall.run(Server.java:876)
	at org.apache.hadoop.ipc.Server$RpcCall.run(Server.java:822)
	at java.security.AccessController.doPrivileged(Native Method)
	at javax.security.auth.Subject.doAs(Subject.java:422)
	at org.apache.hadoop.security.UserGroupInformation.doAs(UserGroupInformation.java:1730)
	at org.apache.hadoop.ipc.Server$Handler.run(Server.java:2682)
2019-08-23 02:48:54,135 [pool-282-thread-1] INFO  retry.RetryInvocationHandler (RetryInvocationHandler.java:log(411)) - com.google.protobuf.ServiceException: org.apache.hadoop.ipc.RemoteException(java.lang.NullPointerException): java.lang.NullPointerException
	at org.apache.hadoop.ipc.RpcWritable.wrap(RpcWritable.java:48)
	at org.apache.hadoop.ipc.ProtobufRpcEngine$Server$ProtoBufRpcInvoker.call(ProtobufRpcEngine.java:558)
	at org.apache.hadoop.ipc.RPC$Server.call(RPC.java:1025)
	at org.apache.hadoop.ipc.Server$RpcCall.run(Server.java:876)
	at org.apache.hadoop.ipc.Server$RpcCall.run(Server.java:822)
	at java.security.AccessController.doPrivileged(Native Method)
	at javax.security.auth.Subject.doAs(Subject.java:422)
	at org.apache.hadoop.security.UserGroupInformation.doAs(UserGroupInformation.java:1730)
	at org.apache.hadoop.ipc.Server$Handler.run(Server.java:2682)
, while invoking $Proxy45.submitRequest over nodeId=null,nodeAddress=localhost:33085 after 5 failover attempts. Trying to failover immediately.
2019-08-23 02:48:54,137 [IPC Server handler 8 on 41301] WARN  block.BlockManagerImpl (BlockManagerImpl.java:allocateBlock(192)) - Pipeline creation failed for type:RATIS factor:THREE. Retrying get pipelines call once.
org.apache.hadoop.hdds.scm.pipeline.InsufficientDatanodesException: Cannot create pipeline of factor 3 using 2 nodes.
	at org.apache.hadoop.hdds.scm.pipeline.RatisPipelineProvider.create(RatisPipelineProvider.java:151)
	at org.apache.hadoop.hdds.scm.pipeline.PipelineFactory.create(PipelineFactory.java:57)
	at org.apache.hadoop.hdds.scm.pipeline.SCMPipelineManager.createPipeline(SCMPipelineManager.java:149)
	at org.apache.hadoop.hdds.scm.block.BlockManagerImpl.allocateBlock(BlockManagerImpl.java:190)
	at org.apache.hadoop.hdds.scm.server.SCMBlockProtocolServer.allocateBlock(SCMBlockProtocolServer.java:175)
	at org.apache.hadoop.ozone.protocolPB.ScmBlockLocationProtocolServerSideTranslatorPB.allocateScmBlock(ScmBlockLocationProtocolServerSideTranslatorPB.java:153)
	at org.apache.hadoop.ozone.protocolPB.ScmBlockLocationProtocolServerSideTranslatorPB.send(ScmBlockLocationProtocolServerSideTranslatorPB.java:112)
	at org.apache.hadoop.hdds.protocol.proto.ScmBlockLocationProtocolProtos$ScmBlockLocationProtocolService$2.callBlockingMethod(ScmBlockLocationProtocolProtos.java:13157)
	at org.apache.hadoop.ipc.ProtobufRpcEngine$Server$ProtoBufRpcInvoker.call(ProtobufRpcEngine.java:524)
	at org.apache.hadoop.ipc.RPC$Server.call(RPC.java:1025)
	at org.apache.hadoop.ipc.Server$RpcCall.run(Server.java:876)
	at org.apache.hadoop.ipc.Server$RpcCall.run(Server.java:822)
	at java.security.AccessController.doPrivileged(Native Method)
	at javax.security.auth.Subject.doAs(Subject.java:422)
	at org.apache.hadoop.security.UserGroupInformation.doAs(UserGroupInformation.java:1730)
	at org.apache.hadoop.ipc.Server$Handler.run(Server.java:2682)
2019-08-23 02:48:54,137 [IPC Server handler 8 on 41301] INFO  block.BlockManagerImpl (BlockManagerImpl.java:allocateBlock(198)) - Could not find available pipeline of type:RATIS and factor:THREE even after retrying
2019-08-23 02:48:54,137 [IPC Server handler 8 on 41301] ERROR block.BlockManagerImpl (BlockManagerImpl.java:allocateBlock(222)) - Unable to allocate a block for the size: 4194304, type: RATIS, factor: THREE
2019-08-23 02:48:54,137 | INFO  | SCMAudit | user=jenkins1000 | ip=192.168.34.22 | op=ALLOCATE_BLOCK {owner=31d65bc3-3f70-45f5-bbc5-e3a15f967ba6, size=4194304, type=RATIS, factor=THREE} | ret=SUCCESS |  
2019-08-23 02:48:54,138 [IPC Server handler 13 on 33085] WARN  ipc.Server (Server.java:logException(2724)) - IPC Server handler 13 on 33085, call Call#1575 Retry#6 org.apache.hadoop.ozone.om.protocol.OzoneManagerProtocol.submitRequest from 127.0.0.1:55324
java.lang.NullPointerException
	at org.apache.hadoop.ipc.RpcWritable.wrap(RpcWritable.java:48)
	at org.apache.hadoop.ipc.ProtobufRpcEngine$Server$ProtoBufRpcInvoker.call(ProtobufRpcEngine.java:558)
	at org.apache.hadoop.ipc.RPC$Server.call(RPC.java:1025)
	at org.apache.hadoop.ipc.Server$RpcCall.run(Server.java:876)
	at org.apache.hadoop.ipc.Server$RpcCall.run(Server.java:822)
	at java.security.AccessController.doPrivileged(Native Method)
	at javax.security.auth.Subject.doAs(Subject.java:422)
	at org.apache.hadoop.security.UserGroupInformation.doAs(UserGroupInformation.java:1730)
	at org.apache.hadoop.ipc.Server$Handler.run(Server.java:2682)
2019-08-23 02:48:54,147 [pool-282-thread-1] INFO  retry.RetryInvocationHandler (RetryInvocationHandler.java:log(411)) - com.google.protobuf.ServiceException: org.apache.hadoop.ipc.RemoteException(java.lang.NullPointerException): java.lang.NullPointerException
	at org.apache.hadoop.ipc.RpcWritable.wrap(RpcWritable.java:48)
	at org.apache.hadoop.ipc.ProtobufRpcEngine$Server$ProtoBufRpcInvoker.call(ProtobufRpcEngine.java:558)
	at org.apache.hadoop.ipc.RPC$Server.call(RPC.java:1025)
	at org.apache.hadoop.ipc.Server$RpcCall.run(Server.java:876)
	at org.apache.hadoop.ipc.Server$RpcCall.run(Server.java:822)
	at java.security.AccessController.doPrivileged(Native Method)
	at javax.security.auth.Subject.doAs(Subject.java:422)
	at org.apache.hadoop.security.UserGroupInformation.doAs(UserGroupInformation.java:1730)
	at org.apache.hadoop.ipc.Server$Handler.run(Server.java:2682)
, while invoking $Proxy45.submitRequest over nodeId=null,nodeAddress=localhost:33085 after 6 failover attempts. Trying to failover immediately.
2019-08-23 02:48:54,150 [IPC Server handler 13 on 41301] WARN  block.BlockManagerImpl (BlockManagerImpl.java:allocateBlock(192)) - Pipeline creation failed for type:RATIS factor:THREE. Retrying get pipelines call once.
org.apache.hadoop.hdds.scm.pipeline.InsufficientDatanodesException: Cannot create pipeline of factor 3 using 2 nodes.
	at org.apache.hadoop.hdds.scm.pipeline.RatisPipelineProvider.create(RatisPipelineProvider.java:151)
	at org.apache.hadoop.hdds.scm.pipeline.PipelineFactory.create(PipelineFactory.java:57)
	at org.apache.hadoop.hdds.scm.pipeline.SCMPipelineManager.createPipeline(SCMPipelineManager.java:149)
	at org.apache.hadoop.hdds.scm.block.BlockManagerImpl.allocateBlock(BlockManagerImpl.java:190)
	at org.apache.hadoop.hdds.scm.server.SCMBlockProtocolServer.allocateBlock(SCMBlockProtocolServer.java:175)
	at org.apache.hadoop.ozone.protocolPB.ScmBlockLocationProtocolServerSideTranslatorPB.allocateScmBlock(ScmBlockLocationProtocolServerSideTranslatorPB.java:153)
	at org.apache.hadoop.ozone.protocolPB.ScmBlockLocationProtocolServerSideTranslatorPB.send(ScmBlockLocationProtocolServerSideTranslatorPB.java:112)
	at org.apache.hadoop.hdds.protocol.proto.ScmBlockLocationProtocolProtos$ScmBlockLocationProtocolService$2.callBlockingMethod(ScmBlockLocationProtocolProtos.java:13157)
	at org.apache.hadoop.ipc.ProtobufRpcEngine$Server$ProtoBufRpcInvoker.call(ProtobufRpcEngine.java:524)
	at org.apache.hadoop.ipc.RPC$Server.call(RPC.java:1025)
	at org.apache.hadoop.ipc.Server$RpcCall.run(Server.java:876)
	at org.apache.hadoop.ipc.Server$RpcCall.run(Server.java:822)
	at java.security.AccessController.doPrivileged(Native Method)
	at javax.security.auth.Subject.doAs(Subject.java:422)
	at org.apache.hadoop.security.UserGroupInformation.doAs(UserGroupInformation.java:1730)
	at org.apache.hadoop.ipc.Server$Handler.run(Server.java:2682)
2019-08-23 02:48:54,150 [IPC Server handler 13 on 41301] INFO  block.BlockManagerImpl (BlockManagerImpl.java:allocateBlock(198)) - Could not find available pipeline of type:RATIS and factor:THREE even after retrying
2019-08-23 02:48:54,151 [IPC Server handler 13 on 41301] ERROR block.BlockManagerImpl (BlockManagerImpl.java:allocateBlock(222)) - Unable to allocate a block for the size: 4194304, type: RATIS, factor: THREE
2019-08-23 02:48:54,151 | INFO  | SCMAudit | user=jenkins1000 | ip=192.168.34.22 | op=ALLOCATE_BLOCK {owner=31d65bc3-3f70-45f5-bbc5-e3a15f967ba6, size=4194304, type=RATIS, factor=THREE} | ret=SUCCESS |  
2019-08-23 02:48:54,151 [IPC Server handler 11 on 33085] WARN  ipc.Server (Server.java:logException(2724)) - IPC Server handler 11 on 33085, call Call#1575 Retry#7 org.apache.hadoop.ozone.om.protocol.OzoneManagerProtocol.submitRequest from 127.0.0.1:55324
java.lang.NullPointerException
	at org.apache.hadoop.ipc.RpcWritable.wrap(RpcWritable.java:48)
	at org.apache.hadoop.ipc.ProtobufRpcEngine$Server$ProtoBufRpcInvoker.call(ProtobufRpcEngine.java:558)
	at org.apache.hadoop.ipc.RPC$Server.call(RPC.java:1025)
	at org.apache.hadoop.ipc.Server$RpcCall.run(Server.java:876)
	at org.apache.hadoop.ipc.Server$RpcCall.run(Server.java:822)
	at java.security.AccessController.doPrivileged(Native Method)
	at javax.security.auth.Subject.doAs(Subject.java:422)
	at org.apache.hadoop.security.UserGroupInformation.doAs(UserGroupInformation.java:1730)
	at org.apache.hadoop.ipc.Server$Handler.run(Server.java:2682)
2019-08-23 02:48:54,154 [pool-282-thread-1] INFO  retry.RetryInvocationHandler (RetryInvocationHandler.java:log(411)) - com.google.protobuf.ServiceException: org.apache.hadoop.ipc.RemoteException(java.lang.NullPointerException): java.lang.NullPointerException
	at org.apache.hadoop.ipc.RpcWritable.wrap(RpcWritable.java:48)
	at org.apache.hadoop.ipc.ProtobufRpcEngine$Server$ProtoBufRpcInvoker.call(ProtobufRpcEngine.java:558)
	at org.apache.hadoop.ipc.RPC$Server.call(RPC.java:1025)
	at org.apache.hadoop.ipc.Server$RpcCall.run(Server.java:876)
	at org.apache.hadoop.ipc.Server$RpcCall.run(Server.java:822)
	at java.security.AccessController.doPrivileged(Native Method)
	at javax.security.auth.Subject.doAs(Subject.java:422)
	at org.apache.hadoop.security.UserGroupInformation.doAs(UserGroupInformation.java:1730)
	at org.apache.hadoop.ipc.Server$Handler.run(Server.java:2682)
, while invoking $Proxy45.submitRequest over nodeId=null,nodeAddress=localhost:33085 after 7 failover attempts. Trying to failover immediately.
2019-08-23 02:48:54,156 [IPC Server handler 16 on 41301] WARN  block.BlockManagerImpl (BlockManagerImpl.java:allocateBlock(192)) - Pipeline creation failed for type:RATIS factor:THREE. Retrying get pipelines call once.
org.apache.hadoop.hdds.scm.pipeline.InsufficientDatanodesException: Cannot create pipeline of factor 3 using 2 nodes.
	at org.apache.hadoop.hdds.scm.pipeline.RatisPipelineProvider.create(RatisPipelineProvider.java:151)
	at org.apache.hadoop.hdds.scm.pipeline.PipelineFactory.create(PipelineFactory.java:57)
	at org.apache.hadoop.hdds.scm.pipeline.SCMPipelineManager.createPipeline(SCMPipelineManager.java:149)
	at org.apache.hadoop.hdds.scm.block.BlockManagerImpl.allocateBlock(BlockManagerImpl.java:190)
	at org.apache.hadoop.hdds.scm.server.SCMBlockProtocolServer.allocateBlock(SCMBlockProtocolServer.java:175)
	at org.apache.hadoop.ozone.protocolPB.ScmBlockLocationProtocolServerSideTranslatorPB.allocateScmBlock(ScmBlockLocationProtocolServerSideTranslatorPB.java:153)
	at org.apache.hadoop.ozone.protocolPB.ScmBlockLocationProtocolServerSideTranslatorPB.send(ScmBlockLocationProtocolServerSideTranslatorPB.java:112)
	at org.apache.hadoop.hdds.protocol.proto.ScmBlockLocationProtocolProtos$ScmBlockLocationProtocolService$2.callBlockingMethod(ScmBlockLocationProtocolProtos.java:13157)
	at org.apache.hadoop.ipc.ProtobufRpcEngine$Server$ProtoBufRpcInvoker.call(ProtobufRpcEngine.java:524)
	at org.apache.hadoop.ipc.RPC$Server.call(RPC.java:1025)
	at org.apache.hadoop.ipc.Server$RpcCall.run(Server.java:876)
	at org.apache.hadoop.ipc.Server$RpcCall.run(Server.java:822)
	at java.security.AccessController.doPrivileged(Native Method)
	at javax.security.auth.Subject.doAs(Subject.java:422)
	at org.apache.hadoop.security.UserGroupInformation.doAs(UserGroupInformation.java:1730)
	at org.apache.hadoop.ipc.Server$Handler.run(Server.java:2682)
2019-08-23 02:48:54,157 [IPC Server handler 16 on 41301] INFO  block.BlockManagerImpl (BlockManagerImpl.java:allocateBlock(198)) - Could not find available pipeline of type:RATIS and factor:THREE even after retrying
2019-08-23 02:48:54,157 [IPC Server handler 16 on 41301] ERROR block.BlockManagerImpl (BlockManagerImpl.java:allocateBlock(222)) - Unable to allocate a block for the size: 4194304, type: RATIS, factor: THREE
2019-08-23 02:48:54,157 | INFO  | SCMAudit | user=jenkins1000 | ip=192.168.34.22 | op=ALLOCATE_BLOCK {owner=31d65bc3-3f70-45f5-bbc5-e3a15f967ba6, size=4194304, type=RATIS, factor=THREE} | ret=SUCCESS |  
2019-08-23 02:48:54,157 [IPC Server handler 8 on 33085] WARN  ipc.Server (Server.java:logException(2724)) - IPC Server handler 8 on 33085, call Call#1575 Retry#8 org.apache.hadoop.ozone.om.protocol.OzoneManagerProtocol.submitRequest from 127.0.0.1:55324
java.lang.NullPointerException
	at org.apache.hadoop.ipc.RpcWritable.wrap(RpcWritable.java:48)
	at org.apache.hadoop.ipc.ProtobufRpcEngine$Server$ProtoBufRpcInvoker.call(ProtobufRpcEngine.java:558)
	at org.apache.hadoop.ipc.RPC$Server.call(RPC.java:1025)
	at org.apache.hadoop.ipc.Server$RpcCall.run(Server.java:876)
	at org.apache.hadoop.ipc.Server$RpcCall.run(Server.java:822)
	at java.security.AccessController.doPrivileged(Native Method)
	at javax.security.auth.Subject.doAs(Subject.java:422)
	at org.apache.hadoop.security.UserGroupInformation.doAs(UserGroupInformation.java:1730)
	at org.apache.hadoop.ipc.Server$Handler.run(Server.java:2682)
2019-08-23 02:48:54,160 [pool-282-thread-1] INFO  retry.RetryInvocationHandler (RetryInvocationHandler.java:log(411)) - com.google.protobuf.ServiceException: org.apache.hadoop.ipc.RemoteException(java.lang.NullPointerException): java.lang.NullPointerException
	at org.apache.hadoop.ipc.RpcWritable.wrap(RpcWritable.java:48)
	at org.apache.hadoop.ipc.ProtobufRpcEngine$Server$ProtoBufRpcInvoker.call(ProtobufRpcEngine.java:558)
	at org.apache.hadoop.ipc.RPC$Server.call(RPC.java:1025)
	at org.apache.hadoop.ipc.Server$RpcCall.run(Server.java:876)
	at org.apache.hadoop.ipc.Server$RpcCall.run(Server.java:822)
	at java.security.AccessController.doPrivileged(Native Method)
	at javax.security.auth.Subject.doAs(Subject.java:422)
	at org.apache.hadoop.security.UserGroupInformation.doAs(UserGroupInformation.java:1730)
	at org.apache.hadoop.ipc.Server$Handler.run(Server.java:2682)
, while invoking $Proxy45.submitRequest over nodeId=null,nodeAddress=localhost:33085 after 8 failover attempts. Trying to failover immediately.
2019-08-23 02:48:54,166 [IPC Server handler 15 on 41301] WARN  block.BlockManagerImpl (BlockManagerImpl.java:allocateBlock(192)) - Pipeline creation failed for type:RATIS factor:THREE. Retrying get pipelines call once.
org.apache.hadoop.hdds.scm.pipeline.InsufficientDatanodesException: Cannot create pipeline of factor 3 using 2 nodes.
	at org.apache.hadoop.hdds.scm.pipeline.RatisPipelineProvider.create(RatisPipelineProvider.java:151)
	at org.apache.hadoop.hdds.scm.pipeline.PipelineFactory.create(PipelineFactory.java:57)
	at org.apache.hadoop.hdds.scm.pipeline.SCMPipelineManager.createPipeline(SCMPipelineManager.java:149)
	at org.apache.hadoop.hdds.scm.block.BlockManagerImpl.allocateBlock(BlockManagerImpl.java:190)
	at org.apache.hadoop.hdds.scm.server.SCMBlockProtocolServer.allocateBlock(SCMBlockProtocolServer.java:175)
	at org.apache.hadoop.ozone.protocolPB.ScmBlockLocationProtocolServerSideTranslatorPB.allocateScmBlock(ScmBlockLocationProtocolServerSideTranslatorPB.java:153)
	at org.apache.hadoop.ozone.protocolPB.ScmBlockLocationProtocolServerSideTranslatorPB.send(ScmBlockLocationProtocolServerSideTranslatorPB.java:112)
	at org.apache.hadoop.hdds.protocol.proto.ScmBlockLocationProtocolProtos$ScmBlockLocationProtocolService$2.callBlockingMethod(ScmBlockLocationProtocolProtos.java:13157)
	at org.apache.hadoop.ipc.ProtobufRpcEngine$Server$ProtoBufRpcInvoker.call(ProtobufRpcEngine.java:524)
	at org.apache.hadoop.ipc.RPC$Server.call(RPC.java:1025)
	at org.apache.hadoop.ipc.Server$RpcCall.run(Server.java:876)
	at org.apache.hadoop.ipc.Server$RpcCall.run(Server.java:822)
	at java.security.AccessController.doPrivileged(Native Method)
	at javax.security.auth.Subject.doAs(Subject.java:422)
	at org.apache.hadoop.security.UserGroupInformation.doAs(UserGroupInformation.java:1730)
	at org.apache.hadoop.ipc.Server$Handler.run(Server.java:2682)
2019-08-23 02:48:54,166 [IPC Server handler 15 on 41301] INFO  block.BlockManagerImpl (BlockManagerImpl.java:allocateBlock(198)) - Could not find available pipeline of type:RATIS and factor:THREE even after retrying
2019-08-23 02:48:54,166 [IPC Server handler 15 on 41301] ERROR block.BlockManagerImpl (BlockManagerImpl.java:allocateBlock(222)) - Unable to allocate a block for the size: 4194304, type: RATIS, factor: THREE
2019-08-23 02:48:54,167 | INFO  | SCMAudit | user=jenkins1000 | ip=192.168.34.22 | op=ALLOCATE_BLOCK {owner=31d65bc3-3f70-45f5-bbc5-e3a15f967ba6, size=4194304, type=RATIS, factor=THREE} | ret=SUCCESS |  
2019-08-23 02:48:54,167 [IPC Server handler 5 on 33085] WARN  ipc.Server (Server.java:logException(2724)) - IPC Server handler 5 on 33085, call Call#1575 Retry#9 org.apache.hadoop.ozone.om.protocol.OzoneManagerProtocol.submitRequest from 127.0.0.1:55324
java.lang.NullPointerException
	at org.apache.hadoop.ipc.RpcWritable.wrap(RpcWritable.java:48)
	at org.apache.hadoop.ipc.ProtobufRpcEngine$Server$ProtoBufRpcInvoker.call(ProtobufRpcEngine.java:558)
	at org.apache.hadoop.ipc.RPC$Server.call(RPC.java:1025)
	at org.apache.hadoop.ipc.Server$RpcCall.run(Server.java:876)
	at org.apache.hadoop.ipc.Server$RpcCall.run(Server.java:822)
	at java.security.AccessController.doPrivileged(Native Method)
	at javax.security.auth.Subject.doAs(Subject.java:422)
	at org.apache.hadoop.security.UserGroupInformation.doAs(UserGroupInformation.java:1730)
	at org.apache.hadoop.ipc.Server$Handler.run(Server.java:2682)
2019-08-23 02:48:54,170 [pool-282-thread-1] INFO  retry.RetryInvocationHandler (RetryInvocationHandler.java:log(411)) - com.google.protobuf.ServiceException: org.apache.hadoop.ipc.RemoteException(java.lang.NullPointerException): java.lang.NullPointerException
	at org.apache.hadoop.ipc.RpcWritable.wrap(RpcWritable.java:48)
	at org.apache.hadoop.ipc.ProtobufRpcEngine$Server$ProtoBufRpcInvoker.call(ProtobufRpcEngine.java:558)
	at org.apache.hadoop.ipc.RPC$Server.call(RPC.java:1025)
	at org.apache.hadoop.ipc.Server$RpcCall.run(Server.java:876)
	at org.apache.hadoop.ipc.Server$RpcCall.run(Server.java:822)
	at java.security.AccessController.doPrivileged(Native Method)
	at javax.security.auth.Subject.doAs(Subject.java:422)
	at org.apache.hadoop.security.UserGroupInformation.doAs(UserGroupInformation.java:1730)
	at org.apache.hadoop.ipc.Server$Handler.run(Server.java:2682)
, while invoking $Proxy45.submitRequest over nodeId=null,nodeAddress=localhost:33085 after 9 failover attempts. Trying to failover immediately.
2019-08-23 02:48:54,172 [IPC Server handler 9 on 41301] WARN  block.BlockManagerImpl (BlockManagerImpl.java:allocateBlock(192)) - Pipeline creation failed for type:RATIS factor:THREE. Retrying get pipelines call once.
org.apache.hadoop.hdds.scm.pipeline.InsufficientDatanodesException: Cannot create pipeline of factor 3 using 2 nodes.
	at org.apache.hadoop.hdds.scm.pipeline.RatisPipelineProvider.create(RatisPipelineProvider.java:151)
	at org.apache.hadoop.hdds.scm.pipeline.PipelineFactory.create(PipelineFactory.java:57)
	at org.apache.hadoop.hdds.scm.pipeline.SCMPipelineManager.createPipeline(SCMPipelineManager.java:149)
	at org.apache.hadoop.hdds.scm.block.BlockManagerImpl.allocateBlock(BlockManagerImpl.java:190)
	at org.apache.hadoop.hdds.scm.server.SCMBlockProtocolServer.allocateBlock(SCMBlockProtocolServer.java:175)
	at org.apache.hadoop.ozone.protocolPB.ScmBlockLocationProtocolServerSideTranslatorPB.allocateScmBlock(ScmBlockLocationProtocolServerSideTranslatorPB.java:153)
	at org.apache.hadoop.ozone.protocolPB.ScmBlockLocationProtocolServerSideTranslatorPB.send(ScmBlockLocationProtocolServerSideTranslatorPB.java:112)
	at org.apache.hadoop.hdds.protocol.proto.ScmBlockLocationProtocolProtos$ScmBlockLocationProtocolService$2.callBlockingMethod(ScmBlockLocationProtocolProtos.java:13157)
	at org.apache.hadoop.ipc.ProtobufRpcEngine$Server$ProtoBufRpcInvoker.call(ProtobufRpcEngine.java:524)
	at org.apache.hadoop.ipc.RPC$Server.call(RPC.java:1025)
	at org.apache.hadoop.ipc.Server$RpcCall.run(Server.java:876)
	at org.apache.hadoop.ipc.Server$RpcCall.run(Server.java:822)
	at java.security.AccessController.doPrivileged(Native Method)
	at javax.security.auth.Subject.doAs(Subject.java:422)
	at org.apache.hadoop.security.UserGroupInformation.doAs(UserGroupInformation.java:1730)
	at org.apache.hadoop.ipc.Server$Handler.run(Server.java:2682)
2019-08-23 02:48:54,172 [IPC Server handler 9 on 41301] INFO  block.BlockManagerImpl (BlockManagerImpl.java:allocateBlock(198)) - Could not find available pipeline of type:RATIS and factor:THREE even after retrying
2019-08-23 02:48:54,172 [IPC Server handler 9 on 41301] ERROR block.BlockManagerImpl (BlockManagerImpl.java:allocateBlock(222)) - Unable to allocate a block for the size: 4194304, type: RATIS, factor: THREE
2019-08-23 02:48:54,173 | INFO  | SCMAudit | user=jenkins1000 | ip=192.168.34.22 | op=ALLOCATE_BLOCK {owner=31d65bc3-3f70-45f5-bbc5-e3a15f967ba6, size=4194304, type=RATIS, factor=THREE} | ret=SUCCESS |  
2019-08-23 02:48:54,173 [IPC Server handler 18 on 33085] WARN  ipc.Server (Server.java:logException(2724)) - IPC Server handler 18 on 33085, call Call#1575 Retry#10 org.apache.hadoop.ozone.om.protocol.OzoneManagerProtocol.submitRequest from 127.0.0.1:55324
java.lang.NullPointerException
	at org.apache.hadoop.ipc.RpcWritable.wrap(RpcWritable.java:48)
	at org.apache.hadoop.ipc.ProtobufRpcEngine$Server$ProtoBufRpcInvoker.call(ProtobufRpcEngine.java:558)
	at org.apache.hadoop.ipc.RPC$Server.call(RPC.java:1025)
	at org.apache.hadoop.ipc.Server$RpcCall.run(Server.java:876)
	at org.apache.hadoop.ipc.Server$RpcCall.run(Server.java:822)
	at java.security.AccessController.doPrivileged(Native Method)
	at javax.security.auth.Subject.doAs(Subject.java:422)
	at org.apache.hadoop.security.UserGroupInformation.doAs(UserGroupInformation.java:1730)
	at org.apache.hadoop.ipc.Server$Handler.run(Server.java:2682)
2019-08-23 02:48:54,175 [pool-282-thread-1] ERROR ha.OMFailoverProxyProvider (OzoneManagerProtocolClientSideTranslatorPB.java:getRetryAction(261)) - Failed to connect to OM. Attempted 10 retries and 10 failovers
2019-08-23 02:48:54,177 [pool-282-thread-1] ERROR io.BlockOutputStreamEntryPool (BlockOutputStreamEntryPool.java:allocateBlockIfNeeded(299)) - Try to allocate more blocks for write failed, already allocated 0 blocks for this write.
org.apache.hadoop.ipc.RemoteException(java.lang.NullPointerException): java.lang.NullPointerException
	at org.apache.hadoop.ipc.RpcWritable.wrap(RpcWritable.java:48)
	at org.apache.hadoop.ipc.ProtobufRpcEngine$Server$ProtoBufRpcInvoker.call(ProtobufRpcEngine.java:558)
	at org.apache.hadoop.ipc.RPC$Server.call(RPC.java:1025)
	at org.apache.hadoop.ipc.Server$RpcCall.run(Server.java:876)
	at org.apache.hadoop.ipc.Server$RpcCall.run(Server.java:822)
	at java.security.AccessController.doPrivileged(Native Method)
	at javax.security.auth.Subject.doAs(Subject.java:422)
	at org.apache.hadoop.security.UserGroupInformation.doAs(UserGroupInformation.java:1730)
	at org.apache.hadoop.ipc.Server$Handler.run(Server.java:2682)

	at org.apache.hadoop.ipc.Client.getRpcResponse(Client.java:1511)
	at org.apache.hadoop.ipc.Client.call(Client.java:1457)
	at org.apache.hadoop.ipc.Client.call(Client.java:1367)
	at org.apache.hadoop.ipc.ProtobufRpcEngine$Invoker.invoke(ProtobufRpcEngine.java:228)
	at org.apache.hadoop.ipc.ProtobufRpcEngine$Invoker.invoke(ProtobufRpcEngine.java:116)
	at com.sun.proxy.$Proxy45.submitRequest(Unknown Source)
	at sun.reflect.GeneratedMethodAccessor29.invoke(Unknown Source)
	at sun.reflect.DelegatingMethodAccessorImpl.invoke(DelegatingMethodAccessorImpl.java:43)
	at java.lang.reflect.Method.invoke(Method.java:498)
	at org.apache.hadoop.io.retry.RetryInvocationHandler.invokeMethod(RetryInvocationHandler.java:422)
	at org.apache.hadoop.io.retry.RetryInvocationHandler$Call.invokeMethod(RetryInvocationHandler.java:165)
	at org.apache.hadoop.io.retry.RetryInvocationHandler$Call.invoke(RetryInvocationHandler.java:157)
	at org.apache.hadoop.io.retry.RetryInvocationHandler$Call.invokeOnce(RetryInvocationHandler.java:95)
	at org.apache.hadoop.io.retry.RetryInvocationHandler.invoke(RetryInvocationHandler.java:359)
	at com.sun.proxy.$Proxy45.submitRequest(Unknown Source)
	at sun.reflect.GeneratedMethodAccessor32.invoke(Unknown Source)
	at sun.reflect.DelegatingMethodAccessorImpl.invoke(DelegatingMethodAccessorImpl.java:43)
	at java.lang.reflect.Method.invoke(Method.java:498)
	at org.apache.hadoop.hdds.tracing.TraceAllMethod.invoke(TraceAllMethod.java:66)
	at com.sun.proxy.$Proxy45.submitRequest(Unknown Source)
	at org.apache.hadoop.ozone.om.protocolPB.OzoneManagerProtocolClientSideTranslatorPB.submitRequest(OzoneManagerProtocolClientSideTranslatorPB.java:331)
	at org.apache.hadoop.ozone.om.protocolPB.OzoneManagerProtocolClientSideTranslatorPB.allocateBlock(OzoneManagerProtocolClientSideTranslatorPB.java:757)
	at org.apache.hadoop.ozone.client.io.BlockOutputStreamEntryPool.allocateNewBlock(BlockOutputStreamEntryPool.java:248)
	at org.apache.hadoop.ozone.client.io.BlockOutputStreamEntryPool.allocateBlockIfNeeded(BlockOutputStreamEntryPool.java:296)
	at org.apache.hadoop.ozone.client.io.KeyOutputStream.handleWrite(KeyOutputStream.java:201)
	at org.apache.hadoop.ozone.client.io.KeyOutputStream.write(KeyOutputStream.java:193)
	at org.apache.hadoop.ozone.client.io.OzoneOutputStream.write(OzoneOutputStream.java:49)
	at org.apache.hadoop.ozone.freon.RandomKeyGenerator.createKey(RandomKeyGenerator.java:699)
	at org.apache.hadoop.ozone.freon.RandomKeyGenerator.access$1100(RandomKeyGenerator.java:87)
	at org.apache.hadoop.ozone.freon.RandomKeyGenerator$ObjectCreator.run(RandomKeyGenerator.java:606)
	at java.util.concurrent.Executors$RunnableAdapter.call(Executors.java:511)
	at java.util.concurrent.FutureTask.run(FutureTask.java:266)
	at java.util.concurrent.ThreadPoolExecutor.runWorker(ThreadPoolExecutor.java:1149)
	at java.util.concurrent.ThreadPoolExecutor$Worker.run(ThreadPoolExecutor.java:624)
	at java.lang.Thread.run(Thread.java:748)
2019-08-23 02:48:54,177 [pool-282-thread-1] ERROR freon.RandomKeyGenerator (RandomKeyGenerator.java:createKey(724)) - Exception while adding key: key-0-20719 in bucket: bucket-0-33874 of volume: vol-0-78052.
org.apache.hadoop.ipc.RemoteException(java.lang.NullPointerException): java.lang.NullPointerException
	at org.apache.hadoop.ipc.RpcWritable.wrap(RpcWritable.java:48)
	at org.apache.hadoop.ipc.ProtobufRpcEngine$Server$ProtoBufRpcInvoker.call(ProtobufRpcEngine.java:558)
	at org.apache.hadoop.ipc.RPC$Server.call(RPC.java:1025)
	at org.apache.hadoop.ipc.Server$RpcCall.run(Server.java:876)
	at org.apache.hadoop.ipc.Server$RpcCall.run(Server.java:822)
	at java.security.AccessController.doPrivileged(Native Method)
	at javax.security.auth.Subject.doAs(Subject.java:422)
	at org.apache.hadoop.security.UserGroupInformation.doAs(UserGroupInformation.java:1730)
	at org.apache.hadoop.ipc.Server$Handler.run(Server.java:2682)

	at org.apache.hadoop.ipc.Client.getRpcResponse(Client.java:1511)
	at org.apache.hadoop.ipc.Client.call(Client.java:1457)
	at org.apache.hadoop.ipc.Client.call(Client.java:1367)
	at org.apache.hadoop.ipc.ProtobufRpcEngine$Invoker.invoke(ProtobufRpcEngine.java:228)
	at org.apache.hadoop.ipc.ProtobufRpcEngine$Invoker.invoke(ProtobufRpcEngine.java:116)
	at com.sun.proxy.$Proxy45.submitRequest(Unknown Source)
	at sun.reflect.GeneratedMethodAccessor29.invoke(Unknown Source)
	at sun.reflect.DelegatingMethodAccessorImpl.invoke(DelegatingMethodAccessorImpl.java:43)
	at java.lang.reflect.Method.invoke(Method.java:498)
	at org.apache.hadoop.io.retry.RetryInvocationHandler.invokeMethod(RetryInvocationHandler.java:422)
	at org.apache.hadoop.io.retry.RetryInvocationHandler$Call.invokeMethod(RetryInvocationHandler.java:165)
	at org.apache.hadoop.io.retry.RetryInvocationHandler$Call.invoke(RetryInvocationHandler.java:157)
	at org.apache.hadoop.io.retry.RetryInvocationHandler$Call.invokeOnce(RetryInvocationHandler.java:95)
	at org.apache.hadoop.io.retry.RetryInvocationHandler.invoke(RetryInvocationHandler.java:359)
	at com.sun.proxy.$Proxy45.submitRequest(Unknown Source)
	at sun.reflect.GeneratedMethodAccessor32.invoke(Unknown Source)
	at sun.reflect.DelegatingMethodAccessorImpl.invoke(DelegatingMethodAccessorImpl.java:43)
	at java.lang.reflect.Method.invoke(Method.java:498)
	at org.apache.hadoop.hdds.tracing.TraceAllMethod.invoke(TraceAllMethod.java:66)
	at com.sun.proxy.$Proxy45.submitRequest(Unknown Source)
	at org.apache.hadoop.ozone.om.protocolPB.OzoneManagerProtocolClientSideTranslatorPB.submitRequest(OzoneManagerProtocolClientSideTranslatorPB.java:331)
	at org.apache.hadoop.ozone.om.protocolPB.OzoneManagerProtocolClientSideTranslatorPB.allocateBlock(OzoneManagerProtocolClientSideTranslatorPB.java:757)
	at org.apache.hadoop.ozone.client.io.BlockOutputStreamEntryPool.allocateNewBlock(BlockOutputStreamEntryPool.java:248)
	at org.apache.hadoop.ozone.client.io.BlockOutputStreamEntryPool.allocateBlockIfNeeded(BlockOutputStreamEntryPool.java:296)
	at org.apache.hadoop.ozone.client.io.KeyOutputStream.handleWrite(KeyOutputStream.java:201)
	at org.apache.hadoop.ozone.client.io.KeyOutputStream.write(KeyOutputStream.java:193)
	at org.apache.hadoop.ozone.client.io.OzoneOutputStream.write(OzoneOutputStream.java:49)
	at org.apache.hadoop.ozone.freon.RandomKeyGenerator.createKey(RandomKeyGenerator.java:699)
	at org.apache.hadoop.ozone.freon.RandomKeyGenerator.access$1100(RandomKeyGenerator.java:87)
	at org.apache.hadoop.ozone.freon.RandomKeyGenerator$ObjectCreator.run(RandomKeyGenerator.java:606)
	at java.util.concurrent.Executors$RunnableAdapter.call(Executors.java:511)
	at java.util.concurrent.FutureTask.run(FutureTask.java:266)
	at java.util.concurrent.ThreadPoolExecutor.runWorker(ThreadPoolExecutor.java:1149)
	at java.util.concurrent.ThreadPoolExecutor$Worker.run(ThreadPoolExecutor.java:624)
	at java.lang.Thread.run(Thread.java:748)
2019-08-23 02:48:54,716 | INFO  | SCMAudit | user=jenkins1000 | ip=192.168.34.22 | op=SEND_HEARTBEAT {datanodeUUID=5f4cf9ee-4bed-49de-adaa-861aec894328, command=[]} | ret=SUCCESS |  
2019-08-23 02:48:54,717 | INFO  | SCMAudit | user=jenkins1000 | ip=192.168.34.22 | op=SEND_HEARTBEAT {datanodeUUID=4eaaa090-573e-41d3-9f8c-c99e236d806a, command=[]} | ret=SUCCESS |  
2019-08-23 02:48:54,717 | INFO  | SCMAudit | user=jenkins1000 | ip=192.168.34.22 | op=SEND_HEARTBEAT {datanodeUUID=17750241-545b-4219-93a1-14a6ea3d85be, command=[]} | ret=SUCCESS |  
2019-08-23 02:48:54,718 | INFO  | SCMAudit | user=jenkins1000 | ip=192.168.34.22 | op=SEND_HEARTBEAT {datanodeUUID=66ab6a68-e61f-4535-ab2f-12fe560929ed, command=[]} | ret=SUCCESS |  
 0.00% |█                                                                                                    |  0/1 Time: 0:00:572019-08-23 02:48:54,721 | INFO  | SCMAudit | user=jenkins1000 | ip=192.168.34.22 | op=SEND_HEARTBEAT {datanodeUUID=0cedf437-a8af-4d70-bac5-ea9863093e86, command=[]} | ret=SUCCESS |  
2019-08-23 02:48:55,717 | INFO  | SCMAudit | user=jenkins1000 | ip=192.168.34.22 | op=SEND_HEARTBEAT {datanodeUUID=5f4cf9ee-4bed-49de-adaa-861aec894328, command=[]} | ret=SUCCESS |  
2019-08-23 02:48:55,717 | INFO  | SCMAudit | user=jenkins1000 | ip=192.168.34.22 | op=SEND_HEARTBEAT {datanodeUUID=4eaaa090-573e-41d3-9f8c-c99e236d806a, command=[]} | ret=SUCCESS |  
2019-08-23 02:48:55,718 | INFO  | SCMAudit | user=jenkins1000 | ip=192.168.34.22 | op=SEND_HEARTBEAT {datanodeUUID=17750241-545b-4219-93a1-14a6ea3d85be, command=[]} | ret=SUCCESS |  
2019-08-23 02:48:55,718 | INFO  | SCMAudit | user=jenkins1000 | ip=192.168.34.22 | op=SEND_HEARTBEAT {datanodeUUID=66ab6a68-e61f-4535-ab2f-12fe560929ed, command=[]} | ret=SUCCESS |  
 0.00% |█                                                                                                    |  0/1 Time: 0:00:582019-08-23 02:48:55,721 | INFO  | SCMAudit | user=jenkins1000 | ip=192.168.34.22 | op=SEND_HEARTBEAT {datanodeUUID=0cedf437-a8af-4d70-bac5-ea9863093e86, command=[]} | ret=SUCCESS |  
2019-08-23 02:48:56,717 | INFO  | SCMAudit | user=jenkins1000 | ip=192.168.34.22 | op=SEND_HEARTBEAT {datanodeUUID=5f4cf9ee-4bed-49de-adaa-861aec894328, command=[]} | ret=SUCCESS |  
2019-08-23 02:48:56,718 | INFO  | SCMAudit | user=jenkins1000 | ip=192.168.34.22 | op=SEND_HEARTBEAT {datanodeUUID=4eaaa090-573e-41d3-9f8c-c99e236d806a, command=[]} | ret=SUCCESS |  
2019-08-23 02:48:56,718 | INFO  | SCMAudit | user=jenkins1000 | ip=192.168.34.22 | op=SEND_HEARTBEAT {datanodeUUID=66ab6a68-e61f-4535-ab2f-12fe560929ed, command=[]} | ret=SUCCESS |  
2019-08-23 02:48:56,718 | INFO  | SCMAudit | user=jenkins1000 | ip=192.168.34.22 | op=SEND_HEARTBEAT {datanodeUUID=17750241-545b-4219-93a1-14a6ea3d85be, command=[]} | ret=SUCCESS |  
 0.00% |█                                                                                                    |  0/1 Time: 0:00:592019-08-23 02:48:56,721 | INFO  | SCMAudit | user=jenkins1000 | ip=192.168.34.22 | op=SEND_HEARTBEAT {datanodeUUID=0cedf437-a8af-4d70-bac5-ea9863093e86, command=[]} | ret=SUCCESS |  
2019-08-23 02:48:57,717 | INFO  | SCMAudit | user=jenkins1000 | ip=192.168.34.22 | op=SEND_HEARTBEAT {datanodeUUID=5f4cf9ee-4bed-49de-adaa-861aec894328, command=[]} | ret=SUCCESS |  
2019-08-23 02:48:57,718 | INFO  | SCMAudit | user=jenkins1000 | ip=192.168.34.22 | op=SEND_HEARTBEAT {datanodeUUID=4eaaa090-573e-41d3-9f8c-c99e236d806a, command=[]} | ret=SUCCESS |  
2019-08-23 02:48:57,718 | INFO  | SCMAudit | user=jenkins1000 | ip=192.168.34.22 | op=SEND_HEARTBEAT {datanodeUUID=17750241-545b-4219-93a1-14a6ea3d85be, command=[]} | ret=SUCCESS |  
2019-08-23 02:48:57,718 | INFO  | SCMAudit | user=jenkins1000 | ip=192.168.34.22 | op=SEND_HEARTBEAT {datanodeUUID=66ab6a68-e61f-4535-ab2f-12fe560929ed, command=[]} | ret=SUCCESS |  
 0.00% |█                                                                                                    |  0/1 Time: 0:01:002019-08-23 02:48:57,721 | INFO  | SCMAudit | user=jenkins1000 | ip=192.168.34.22 | op=SEND_HEARTBEAT {datanodeUUID=0cedf437-a8af-4d70-bac5-ea9863093e86, command=[]} | ret=SUCCESS |  
2019-08-23 02:48:58,716 | INFO  | SCMAudit | user=jenkins1000 | ip=192.168.34.22 | op=SEND_HEARTBEAT {datanodeUUID=5f4cf9ee-4bed-49de-adaa-861aec894328, command=[]} | ret=SUCCESS |  
2019-08-23 02:48:58,717 | INFO  | SCMAudit | user=jenkins1000 | ip=192.168.34.22 | op=SEND_HEARTBEAT {datanodeUUID=4eaaa090-573e-41d3-9f8c-c99e236d806a, command=[]} | ret=SUCCESS |  
2019-08-23 02:48:58,718 | INFO  | SCMAudit | user=jenkins1000 | ip=192.168.34.22 | op=SEND_HEARTBEAT {datanodeUUID=17750241-545b-4219-93a1-14a6ea3d85be, command=[]} | ret=SUCCESS |  
2019-08-23 02:48:58,718 | INFO  | SCMAudit | user=jenkins1000 | ip=192.168.34.22 | op=SEND_HEARTBEAT {datanodeUUID=66ab6a68-e61f-4535-ab2f-12fe560929ed, command=[]} | ret=SUCCESS |  
 100.00% |█████████████████████████████████████████████████████████████████████████████████████████████████████|  1/1 Time: 0:01:01
2019-08-23 02:48:58,721 | INFO  | SCMAudit | user=jenkins1000 | ip=192.168.34.22 | op=SEND_HEARTBEAT {datanodeUUID=0cedf437-a8af-4d70-bac5-ea9863093e86, command=[]} | ret=SUCCESS |  
2019-08-23 02:48:59,717 | INFO  | SCMAudit | user=jenkins1000 | ip=192.168.34.22 | op=SEND_HEARTBEAT {datanodeUUID=5f4cf9ee-4bed-49de-adaa-861aec894328, command=[]} | ret=SUCCESS |  
2019-08-23 02:48:59,717 | INFO  | SCMAudit | user=jenkins1000 | ip=192.168.34.22 | op=SEND_HEARTBEAT {datanodeUUID=4eaaa090-573e-41d3-9f8c-c99e236d806a, command=[]} | ret=SUCCESS |  
2019-08-23 02:48:59,718 | INFO  | SCMAudit | user=jenkins1000 | ip=192.168.34.22 | op=SEND_HEARTBEAT {datanodeUUID=17750241-545b-4219-93a1-14a6ea3d85be, command=[]} | ret=SUCCESS |  
2019-08-23 02:48:59,719 | INFO  | SCMAudit | user=jenkins1000 | ip=192.168.34.22 | op=SEND_HEARTBEAT {datanodeUUID=66ab6a68-e61f-4535-ab2f-12fe560929ed, command=[]} | ret=SUCCESS |  
2019-08-23 02:48:59,721 | INFO  | SCMAudit | user=jenkins1000 | ip=192.168.34.22 | op=SEND_HEARTBEAT {datanodeUUID=0cedf437-a8af-4d70-bac5-ea9863093e86, command=[]} | ret=SUCCESS |  
2019-08-23 02:49:00,717 | INFO  | SCMAudit | user=jenkins1000 | ip=192.168.34.22 | op=SEND_HEARTBEAT {datanodeUUID=5f4cf9ee-4bed-49de-adaa-861aec894328, command=[]} | ret=SUCCESS |  
2019-08-23 02:49:00,717 | INFO  | SCMAudit | user=jenkins1000 | ip=192.168.34.22 | op=SEND_HEARTBEAT {datanodeUUID=4eaaa090-573e-41d3-9f8c-c99e236d806a, command=[]} | ret=SUCCESS |  
2019-08-23 02:49:00,718 | INFO  | SCMAudit | user=jenkins1000 | ip=192.168.34.22 | op=SEND_HEARTBEAT {datanodeUUID=17750241-545b-4219-93a1-14a6ea3d85be, command=[]} | ret=SUCCESS |  
2019-08-23 02:49:00,719 | INFO  | SCMAudit | user=jenkins1000 | ip=192.168.34.22 | op=SEND_HEARTBEAT {datanodeUUID=66ab6a68-e61f-4535-ab2f-12fe560929ed, command=[]} | ret=SUCCESS |  
2019-08-23 02:49:00,721 | INFO  | SCMAudit | user=jenkins1000 | ip=192.168.34.22 | op=SEND_HEARTBEAT {datanodeUUID=0cedf437-a8af-4d70-bac5-ea9863093e86, command=[]} | ret=SUCCESS |  
2019-08-23 02:49:01,716 | INFO  | SCMAudit | user=jenkins1000 | ip=192.168.34.22 | op=SEND_HEARTBEAT {datanodeUUID=5f4cf9ee-4bed-49de-adaa-861aec894328, command=[]} | ret=SUCCESS |  
2019-08-23 02:49:01,717 | INFO  | SCMAudit | user=jenkins1000 | ip=192.168.34.22 | op=SEND_HEARTBEAT {datanodeUUID=4eaaa090-573e-41d3-9f8c-c99e236d806a, command=[]} | ret=SUCCESS |  
2019-08-23 02:49:01,718 | INFO  | SCMAudit | user=jenkins1000 | ip=192.168.34.22 | op=SEND_HEARTBEAT {datanodeUUID=66ab6a68-e61f-4535-ab2f-12fe560929ed, command=[]} | ret=SUCCESS |  
2019-08-23 02:49:01,718 | INFO  | SCMAudit | user=jenkins1000 | ip=192.168.34.22 | op=SEND_HEARTBEAT {datanodeUUID=17750241-545b-4219-93a1-14a6ea3d85be, command=[]} | ret=SUCCESS |  
2019-08-23 02:49:01,721 | INFO  | SCMAudit | user=jenkins1000 | ip=192.168.34.22 | op=SEND_HEARTBEAT {datanodeUUID=0cedf437-a8af-4d70-bac5-ea9863093e86, command=[]} | ret=SUCCESS |  
2019-08-23 02:49:02,717 | INFO  | SCMAudit | user=jenkins1000 | ip=192.168.34.22 | op=SEND_HEARTBEAT {datanodeUUID=5f4cf9ee-4bed-49de-adaa-861aec894328, command=[]} | ret=SUCCESS |  
2019-08-23 02:49:02,718 | INFO  | SCMAudit | user=jenkins1000 | ip=192.168.34.22 | op=SEND_HEARTBEAT {datanodeUUID=4eaaa090-573e-41d3-9f8c-c99e236d806a, command=[]} | ret=SUCCESS |  
2019-08-23 02:49:02,718 | INFO  | SCMAudit | user=jenkins1000 | ip=192.168.34.22 | op=SEND_HEARTBEAT {datanodeUUID=66ab6a68-e61f-4535-ab2f-12fe560929ed, command=[]} | ret=SUCCESS |  
2019-08-23 02:49:02,719 | INFO  | SCMAudit | user=jenkins1000 | ip=192.168.34.22 | op=SEND_HEARTBEAT {datanodeUUID=17750241-545b-4219-93a1-14a6ea3d85be, command=[]} | ret=SUCCESS |  
2019-08-23 02:49:02,721 | INFO  | SCMAudit | user=jenkins1000 | ip=192.168.34.22 | op=SEND_HEARTBEAT {datanodeUUID=0cedf437-a8af-4d70-bac5-ea9863093e86, command=[]} | ret=SUCCESS |  
]]></system-out>
  </testcase>
  <testcase name="fileWithSizeZero" classname="org.apache.hadoop.ozone.freon.TestRandomKeyGenerator" time="5.059"/>
  <testcase name="multiThread" classname="org.apache.hadoop.ozone.freon.TestRandomKeyGenerator" time="5.033"/>
</testsuite>