<?xml version="1.0" encoding="UTF-8"?>
<testsuite xmlns:xsi="http://www.w3.org/2001/XMLSchema-instance" xsi:noNamespaceSchemaLocation="https://maven.apache.org/surefire/maven-surefire-plugin/xsd/surefire-test-report.xsd" name="org.apache.hadoop.ozone.client.rpc.TestWatchForCommit" time="276.311" tests="5" errors="1" skipped="0" failures="0">
  <properties>
    <property name="awt.toolkit" value="sun.awt.X11.XToolkit"/>
    <property name="file.encoding.pkg" value="sun.io"/>
    <property name="java.specification.version" value="1.8"/>
    <property name="sun.cpu.isalist" value=""/>
    <property name="sun.jnu.encoding" value="UTF-8"/>
    <property name="java.class.path" value="/workdir/hadoop-ozone/integration-test/target/test-classes:/workdir/hadoop-ozone/integration-test/target/classes:/home/user/.m2/repository/org/apache/hadoop/hadoop-ozone-common/0.5.0-SNAPSHOT/hadoop-ozone-common-0.5.0-SNAPSHOT.jar:/home/user/.m2/repository/org/apache/commons/commons-compress/1.4.1/commons-compress-1.4.1.jar:/home/user/.m2/repository/org/tukaani/xz/1.0/xz-1.0.jar:/home/user/.m2/repository/org/apache/hadoop/hadoop-common/3.2.0/hadoop-common-3.2.0.jar:/home/user/.m2/repository/org/apache/hadoop/hadoop-hdfs/3.2.0/hadoop-hdfs-3.2.0.jar:/home/user/.m2/repository/org/apache/hadoop/hadoop-hdfs-client/3.2.0/hadoop-hdfs-client-3.2.0.jar:/home/user/.m2/repository/com/fasterxml/jackson/core/jackson-annotations/2.9.9/jackson-annotations-2.9.9.jar:/home/user/.m2/repository/org/apache/hadoop/hadoop-hdds-common/0.5.0-SNAPSHOT/hadoop-hdds-common-0.5.0-SNAPSHOT.jar:/home/user/.m2/repository/javax/annotation/javax.annotation-api/1.2/javax.annotation-api-1.2.jar:/home/user/.m2/repository/org/apache/ratis/ratis-server/0.4.0/ratis-server-0.4.0.jar:/home/user/.m2/repository/org/apache/ratis/ratis-thirdparty-misc/0.2.0/ratis-thirdparty-misc-0.2.0.jar:/home/user/.m2/repository/org/apache/ratis/ratis-proto/0.4.0/ratis-proto-0.4.0.jar:/home/user/.m2/repository/org/apache/ratis/ratis-common/0.4.0/ratis-common-0.4.0.jar:/home/user/.m2/repository/org/apache/ratis/ratis-client/0.4.0/ratis-client-0.4.0.jar:/home/user/.m2/repository/org/apache/ratis/ratis-metrics/0.4.0/ratis-metrics-0.4.0.jar:/home/user/.m2/repository/com/github/joshelser/dropwizard-metrics-hadoop-metrics2-reporter/0.1.2/dropwizard-metrics-hadoop-metrics2-reporter-0.1.2.jar:/home/user/.m2/repository/io/dropwizard/metrics/metrics-jvm/3.2.5/metrics-jvm-3.2.5.jar:/home/user/.m2/repository/io/dropwizard/metrics/metrics-ganglia/3.2.5/metrics-ganglia-3.2.5.jar:/home/user/.m2/repository/info/ganglia/gmetric4j/gmetric4j/1.0.7/gmetric4j-1.0.7.jar:/home/user/.m2/repository/org/apache/ratis/ratis-netty/0.4.0/ratis-netty-0.4.0.jar:/home/user/.m2/repository/org/apache/ratis/ratis-grpc/0.4.0/ratis-grpc-0.4.0.jar:/home/user/.m2/repository/org/rocksdb/rocksdbjni/6.0.1/rocksdbjni-6.0.1.jar:/home/user/.m2/repository/org/apache/logging/log4j/log4j-api/2.11.0/log4j-api-2.11.0.jar:/home/user/.m2/repository/org/apache/logging/log4j/log4j-core/2.11.0/log4j-core-2.11.0.jar:/home/user/.m2/repository/com/lmax/disruptor/3.4.2/disruptor-3.4.2.jar:/home/user/.m2/repository/org/apache/commons/commons-pool2/2.6.0/commons-pool2-2.6.0.jar:/home/user/.m2/repository/org/bouncycastle/bcpkix-jdk15on/1.60/bcpkix-jdk15on-1.60.jar:/home/user/.m2/repository/commons-validator/commons-validator/1.6/commons-validator-1.6.jar:/home/user/.m2/repository/commons-digester/commons-digester/1.8.1/commons-digester-1.8.1.jar:/home/user/.m2/repository/io/jaegertracing/jaeger-client/0.34.0/jaeger-client-0.34.0.jar:/home/user/.m2/repository/io/jaegertracing/jaeger-thrift/0.34.0/jaeger-thrift-0.34.0.jar:/home/user/.m2/repository/org/apache/thrift/libthrift/0.12.0/libthrift-0.12.0.jar:/home/user/.m2/repository/com/squareup/okhttp3/okhttp/3.9.0/okhttp-3.9.0.jar:/home/user/.m2/repository/com/squareup/okio/okio/1.13.0/okio-1.13.0.jar:/home/user/.m2/repository/io/jaegertracing/jaeger-core/0.34.0/jaeger-core-0.34.0.jar:/home/user/.m2/repository/io/jaegertracing/jaeger-tracerresolver/0.34.0/jaeger-tracerresolver-0.34.0.jar:/home/user/.m2/repository/io/opentracing/contrib/opentracing-tracerresolver/0.1.5/opentracing-tracerresolver-0.1.5.jar:/home/user/.m2/repository/io/opentracing/opentracing-util/0.31.0/opentracing-util-0.31.0.jar:/home/user/.m2/repository/io/opentracing/opentracing-api/0.31.0/opentracing-api-0.31.0.jar:/home/user/.m2/repository/io/opentracing/opentracing-noop/0.31.0/opentracing-noop-0.31.0.jar:/home/user/.m2/repository/org/apache/hadoop/hadoop-hdds-server-framework/0.5.0-SNAPSHOT/hadoop-hdds-server-framework-0.5.0-SNAPSHOT.jar:/home/user/.m2/repository/org/apache/hadoop/hadoop-hdds-container-service/0.5.0-SNAPSHOT/hadoop-hdds-container-service-0.5.0-SNAPSHOT.jar:/home/user/.m2/repository/org/apache/hadoop/hadoop-hdds-client/0.5.0-SNAPSHOT/hadoop-hdds-client-0.5.0-SNAPSHOT.jar:/home/user/.m2/repository/org/apache/hadoop/hadoop-hdds-tools/0.5.0-SNAPSHOT/hadoop-hdds-tools-0.5.0-SNAPSHOT.jar:/home/user/.m2/repository/org/apache/hadoop/hadoop-hdds-server-scm/0.5.0-SNAPSHOT/hadoop-hdds-server-scm-0.5.0-SNAPSHOT.jar:/home/user/.m2/repository/org/apache/hadoop/hadoop-hdds-docs/0.5.0-SNAPSHOT/hadoop-hdds-docs-0.5.0-SNAPSHOT.jar:/home/user/.m2/repository/io/dropwizard/metrics/metrics-core/3.2.4/metrics-core-3.2.4.jar:/home/user/.m2/repository/org/hamcrest/hamcrest-all/1.3/hamcrest-all-1.3.jar:/home/user/.m2/repository/org/bouncycastle/bcprov-jdk15on/1.60/bcprov-jdk15on-1.60.jar:/home/user/.m2/repository/info/picocli/picocli/3.9.6/picocli-3.9.6.jar:/home/user/.m2/repository/com/google/protobuf/protobuf-java/2.5.0/protobuf-java-2.5.0.jar:/home/user/.m2/repository/com/google/guava/guava/11.0.2/guava-11.0.2.jar:/home/user/.m2/repository/org/apache/hadoop/hadoop-ozone-ozone-manager/0.5.0-SNAPSHOT/hadoop-ozone-ozone-manager-0.5.0-SNAPSHOT.jar:/home/user/.m2/repository/org/apache/hadoop/hadoop-minikdc/3.2.0/hadoop-minikdc-3.2.0.jar:/home/user/.m2/repository/commons-io/commons-io/2.5/commons-io-2.5.jar:/home/user/.m2/repository/org/apache/kerby/kerb-simplekdc/1.0.1/kerb-simplekdc-1.0.1.jar:/home/user/.m2/repository/org/apache/kerby/kerb-client/1.0.1/kerb-client-1.0.1.jar:/home/user/.m2/repository/org/apache/kerby/kerby-config/1.0.1/kerby-config-1.0.1.jar:/home/user/.m2/repository/org/apache/kerby/kerb-core/1.0.1/kerb-core-1.0.1.jar:/home/user/.m2/repository/org/apache/kerby/kerby-pkix/1.0.1/kerby-pkix-1.0.1.jar:/home/user/.m2/repository/org/apache/kerby/kerby-asn1/1.0.1/kerby-asn1-1.0.1.jar:/home/user/.m2/repository/org/apache/kerby/kerby-util/1.0.1/kerby-util-1.0.1.jar:/home/user/.m2/repository/org/apache/kerby/kerb-common/1.0.1/kerb-common-1.0.1.jar:/home/user/.m2/repository/org/apache/kerby/kerb-crypto/1.0.1/kerb-crypto-1.0.1.jar:/home/user/.m2/repository/org/apache/kerby/kerb-util/1.0.1/kerb-util-1.0.1.jar:/home/user/.m2/repository/org/apache/kerby/token-provider/1.0.1/token-provider-1.0.1.jar:/home/user/.m2/repository/org/apache/kerby/kerb-admin/1.0.1/kerb-admin-1.0.1.jar:/home/user/.m2/repository/org/apache/kerby/kerb-server/1.0.1/kerb-server-1.0.1.jar:/home/user/.m2/repository/org/apache/kerby/kerb-identity/1.0.1/kerb-identity-1.0.1.jar:/home/user/.m2/repository/org/apache/kerby/kerby-xdr/1.0.1/kerby-xdr-1.0.1.jar:/home/user/.m2/repository/org/slf4j/slf4j-log4j12/1.7.25/slf4j-log4j12-1.7.25.jar:/home/user/.m2/repository/org/apache/hadoop/hadoop-ozone-s3gateway/0.5.0-SNAPSHOT/hadoop-ozone-s3gateway-0.5.0-SNAPSHOT.jar:/home/user/.m2/repository/org/jboss/weld/servlet/weld-servlet/2.4.7.Final/weld-servlet-2.4.7.Final.jar:/home/user/.m2/repository/org/glassfish/jersey/containers/jersey-container-servlet-core/2.27/jersey-container-servlet-core-2.27.jar:/home/user/.m2/repository/org/glassfish/hk2/external/javax.inject/2.5.0-b42/javax.inject-2.5.0-b42.jar:/home/user/.m2/repository/org/glassfish/jersey/core/jersey-common/2.27/jersey-common-2.27.jar:/home/user/.m2/repository/org/glassfish/hk2/osgi-resource-locator/1.0.1/osgi-resource-locator-1.0.1.jar:/home/user/.m2/repository/javax/ws/rs/javax.ws.rs-api/2.1/javax.ws.rs-api-2.1.jar:/home/user/.m2/repository/org/glassfish/jersey/ext/cdi/jersey-cdi1x/2.27/jersey-cdi1x-2.27.jar:/home/user/.m2/repository/org/glassfish/jersey/inject/jersey-hk2/2.27/jersey-hk2-2.27.jar:/home/user/.m2/repository/org/glassfish/hk2/hk2-locator/2.5.0-b42/hk2-locator-2.5.0-b42.jar:/home/user/.m2/repository/org/javassist/javassist/3.22.0-CR2/javassist-3.22.0-CR2.jar:/home/user/.m2/repository/org/glassfish/hk2/hk2-api/2.5.0/hk2-api-2.5.0.jar:/home/user/.m2/repository/org/glassfish/hk2/external/jakarta.inject/2.5.0/jakarta.inject-2.5.0.jar:/home/user/.m2/repository/org/glassfish/hk2/hk2-utils/2.5.0/hk2-utils-2.5.0.jar:/home/user/.m2/repository/jakarta/annotation/jakarta.annotation-api/1.3.4/jakarta.annotation-api-1.3.4.jar:/home/user/.m2/repository/org/glassfish/hk2/external/aopalliance-repackaged/2.5.0/aopalliance-repackaged-2.5.0.jar:/home/user/.m2/repository/com/fasterxml/jackson/dataformat/jackson-dataformat-xml/2.9.0/jackson-dataformat-xml-2.9.0.jar:/home/user/.m2/repository/com/fasterxml/jackson/core/jackson-core/2.9.9/jackson-core-2.9.9.jar:/home/user/.m2/repository/com/fasterxml/jackson/module/jackson-module-jaxb-annotations/2.9.9/jackson-module-jaxb-annotations-2.9.9.jar:/home/user/.m2/repository/javax/enterprise/cdi-api/1.2/cdi-api-1.2.jar:/home/user/.m2/repository/javax/el/javax.el-api/3.0.0/javax.el-api-3.0.0.jar:/home/user/.m2/repository/javax/interceptor/javax.interceptor-api/1.2/javax.interceptor-api-1.2.jar:/home/user/.m2/repository/javax/inject/javax.inject/1/javax.inject-1.jar:/home/user/.m2/repository/com/sun/xml/bind/jaxb-impl/2.3.0.1/jaxb-impl-2.3.0.1.jar:/home/user/.m2/repository/com/sun/xml/bind/jaxb-core/2.3.0.1/jaxb-core-2.3.0.1.jar:/home/user/.m2/repository/javax/xml/bind/jaxb-api/2.3.0/jaxb-api-2.3.0.jar:/home/user/.m2/repository/javax/activation/activation/1.1.1/activation-1.1.1.jar:/home/user/.m2/repository/org/apache/hadoop/hadoop-ozone-csi/0.5.0-SNAPSHOT/hadoop-ozone-csi-0.5.0-SNAPSHOT.jar:/home/user/.m2/repository/com/google/protobuf/protobuf-java-util/3.5.1/protobuf-java-util-3.5.1.jar:/home/user/.m2/repository/org/apache/hadoop/hadoop-hdds-config/0.5.0-SNAPSHOT/hadoop-hdds-config-0.5.0-SNAPSHOT.jar:/home/user/.m2/repository/io/grpc/grpc-netty/1.17.1/grpc-netty-1.17.1.jar:/home/user/.m2/repository/io/grpc/grpc-core/1.17.1/grpc-core-1.17.1.jar:/home/user/.m2/repository/io/grpc/grpc-context/1.17.1/grpc-context-1.17.1.jar:/home/user/.m2/repository/com/google/errorprone/error_prone_annotations/2.2.0/error_prone_annotations-2.2.0.jar:/home/user/.m2/repository/org/codehaus/mojo/animal-sniffer-annotations/1.17/animal-sniffer-annotations-1.17.jar:/home/user/.m2/repository/io/opencensus/opencensus-api/0.17.0/opencensus-api-0.17.0.jar:/home/user/.m2/repository/io/opencensus/opencensus-contrib-grpc-metrics/0.17.0/opencensus-contrib-grpc-metrics-0.17.0.jar:/home/user/.m2/repository/io/netty/netty-codec-http2/4.1.30.Final/netty-codec-http2-4.1.30.Final.jar:/home/user/.m2/repository/io/netty/netty-codec-http/4.1.30.Final/netty-codec-http-4.1.30.Final.jar:/home/user/.m2/repository/io/netty/netty-codec/4.1.30.Final/netty-codec-4.1.30.Final.jar:/home/user/.m2/repository/io/netty/netty-handler/4.1.30.Final/netty-handler-4.1.30.Final.jar:/home/user/.m2/repository/io/netty/netty-handler-proxy/4.1.30.Final/netty-handler-proxy-4.1.30.Final.jar:/home/user/.m2/repository/io/netty/netty-codec-socks/4.1.30.Final/netty-codec-socks-4.1.30.Final.jar:/home/user/.m2/repository/io/netty/netty-transport-native-epoll/4.1.30.Final/netty-transport-native-epoll-4.1.30.Final.jar:/home/user/.m2/repository/io/netty/netty-common/4.1.30.Final/netty-common-4.1.30.Final.jar:/home/user/.m2/repository/io/netty/netty-buffer/4.1.30.Final/netty-buffer-4.1.30.Final.jar:/home/user/.m2/repository/io/netty/netty-transport/4.1.30.Final/netty-transport-4.1.30.Final.jar:/home/user/.m2/repository/io/netty/netty-resolver/4.1.30.Final/netty-resolver-4.1.30.Final.jar:/home/user/.m2/repository/io/netty/netty-transport-native-unix-common/4.1.30.Final/netty-transport-native-unix-common-4.1.30.Final.jar:/home/user/.m2/repository/io/grpc/grpc-protobuf/1.17.1/grpc-protobuf-1.17.1.jar:/home/user/.m2/repository/com/google/api/grpc/proto-google-common-protos/1.0.0/proto-google-common-protos-1.0.0.jar:/home/user/.m2/repository/io/grpc/grpc-protobuf-lite/1.17.1/grpc-protobuf-lite-1.17.1.jar:/home/user/.m2/repository/io/grpc/grpc-stub/1.17.1/grpc-stub-1.17.1.jar:/home/user/.m2/repository/org/apache/hadoop/hadoop-ozone-recon/0.5.0-SNAPSHOT/hadoop-ozone-recon-0.5.0-SNAPSHOT.jar:/home/user/.m2/repository/org/apache/hadoop/hadoop-ozone-reconcodegen/0.5.0-SNAPSHOT/hadoop-ozone-reconcodegen-0.5.0-SNAPSHOT.jar:/home/user/.m2/repository/com/google/inject/extensions/guice-multibindings/4.0/guice-multibindings-4.0.jar:/home/user/.m2/repository/com/google/inject/guice/4.0/guice-4.0.jar:/home/user/.m2/repository/aopalliance/aopalliance/1.0/aopalliance-1.0.jar:/home/user/.m2/repository/com/google/inject/extensions/guice-servlet/4.0/guice-servlet-4.0.jar:/home/user/.m2/repository/org/glassfish/jersey/containers/jersey-container-servlet/2.27/jersey-container-servlet-2.27.jar:/home/user/.m2/repository/org/glassfish/hk2/guice-bridge/2.5.0/guice-bridge-2.5.0.jar:/home/user/.m2/repository/org/glassfish/jersey/core/jersey-server/2.27/jersey-server-2.27.jar:/home/user/.m2/repository/org/glassfish/jersey/core/jersey-client/2.27/jersey-client-2.27.jar:/home/user/.m2/repository/org/glassfish/jersey/media/jersey-media-jaxb/2.27/jersey-media-jaxb-2.27.jar:/home/user/.m2/repository/javax/validation/validation-api/1.1.0.Final/validation-api-1.1.0.Final.jar:/home/user/.m2/repository/org/glassfish/jersey/media/jersey-media-json-jackson/2.27/jersey-media-json-jackson-2.27.jar:/home/user/.m2/repository/org/glassfish/jersey/ext/jersey-entity-filtering/2.27/jersey-entity-filtering-2.27.jar:/home/user/.m2/repository/com/google/inject/extensions/guice-assistedinject/4.0/guice-assistedinject-4.0.jar:/home/user/.m2/repository/org/jooq/jooq/3.11.10/jooq-3.11.10.jar:/home/user/.m2/repository/org/jooq/jooq-meta/3.11.10/jooq-meta-3.11.10.jar:/home/user/.m2/repository/org/jooq/jooq-codegen/3.11.10/jooq-codegen-3.11.10.jar:/home/user/.m2/repository/com/jolbox/bonecp/0.8.0.RELEASE/bonecp-0.8.0.RELEASE.jar:/home/user/.m2/repository/org/xerial/sqlite-jdbc/3.25.2/sqlite-jdbc-3.25.2.jar:/home/user/.m2/repository/org/springframework/spring-jdbc/5.1.3.RELEASE/spring-jdbc-5.1.3.RELEASE.jar:/home/user/.m2/repository/org/springframework/spring-beans/5.1.3.RELEASE/spring-beans-5.1.3.RELEASE.jar:/home/user/.m2/repository/org/springframework/spring-core/5.1.3.RELEASE/spring-core-5.1.3.RELEASE.jar:/home/user/.m2/repository/org/springframework/spring-jcl/5.1.3.RELEASE/spring-jcl-5.1.3.RELEASE.jar:/home/user/.m2/repository/org/springframework/spring-tx/5.1.3.RELEASE/spring-tx-5.1.3.RELEASE.jar:/home/user/.m2/repository/org/apache/hadoop/hadoop-ozone-client/0.5.0-SNAPSHOT/hadoop-ozone-client-0.5.0-SNAPSHOT.jar:/home/user/.m2/repository/commons-lang/commons-lang/2.6/commons-lang-2.6.jar:/home/user/.m2/repository/org/apache/hadoop/hadoop-ozone-ozone-manager/0.5.0-SNAPSHOT/hadoop-ozone-ozone-manager-0.5.0-SNAPSHOT-tests.jar:/home/user/.m2/repository/junit/junit/4.11/junit-4.11.jar:/home/user/.m2/repository/org/hamcrest/hamcrest-core/1.3/hamcrest-core-1.3.jar:/home/user/.m2/repository/org/openjdk/jmh/jmh-core/1.19/jmh-core-1.19.jar:/home/user/.m2/repository/net/sf/jopt-simple/jopt-simple/4.6/jopt-simple-4.6.jar:/home/user/.m2/repository/org/apache/commons/commons-math3/3.1.1/commons-math3-3.1.1.jar:/home/user/.m2/repository/org/openjdk/jmh/jmh-generator-annprocess/1.19/jmh-generator-annprocess-1.19.jar:/home/user/.m2/repository/org/mockito/mockito-all/1.8.5/mockito-all-1.8.5.jar:/home/user/.m2/repository/org/apache/hadoop/hadoop-kms/3.2.0/hadoop-kms-3.2.0.jar:/home/user/.m2/repository/org/apache/hadoop/hadoop-auth/3.2.0/hadoop-auth-3.2.0.jar:/home/user/.m2/repository/com/nimbusds/nimbus-jose-jwt/4.41.1/nimbus-jose-jwt-4.41.1.jar:/home/user/.m2/repository/com/github/stephenc/jcip/jcip-annotations/1.0-1/jcip-annotations-1.0-1.jar:/home/user/.m2/repository/net/minidev/json-smart/2.3/json-smart-2.3.jar:/home/user/.m2/repository/net/minidev/accessors-smart/1.2/accessors-smart-1.2.jar:/home/user/.m2/repository/org/ow2/asm/asm/5.0.4/asm-5.0.4.jar:/home/user/.m2/repository/org/apache/curator/curator-framework/2.12.0/curator-framework-2.12.0.jar:/home/user/.m2/repository/com/sun/jersey/jersey-core/1.19/jersey-core-1.19.jar:/home/user/.m2/repository/javax/ws/rs/jsr311-api/1.1.1/jsr311-api-1.1.1.jar:/home/user/.m2/repository/com/sun/jersey/jersey-server/1.19/jersey-server-1.19.jar:/home/user/.m2/repository/javax/servlet/javax.servlet-api/3.1.0/javax.servlet-api-3.1.0.jar:/home/user/.m2/repository/org/eclipse/jetty/jetty-server/9.3.25.v20180904/jetty-server-9.3.25.v20180904.jar:/home/user/.m2/repository/org/eclipse/jetty/jetty-http/9.3.25.v20180904/jetty-http-9.3.25.v20180904.jar:/home/user/.m2/repository/org/eclipse/jetty/jetty-io/9.3.25.v20180904/jetty-io-9.3.25.v20180904.jar:/home/user/.m2/repository/org/eclipse/jetty/jetty-webapp/9.3.25.v20180904/jetty-webapp-9.3.25.v20180904.jar:/home/user/.m2/repository/org/eclipse/jetty/jetty-xml/9.3.25.v20180904/jetty-xml-9.3.25.v20180904.jar:/home/user/.m2/repository/log4j/log4j/1.2.17/log4j-1.2.17.jar:/home/user/.m2/repository/org/slf4j/slf4j-api/1.7.25/slf4j-api-1.7.25.jar:/home/user/.m2/repository/org/slf4j/jul-to-slf4j/1.7.25/jul-to-slf4j-1.7.25.jar:/home/user/.m2/repository/org/eclipse/jetty/jetty-util/9.3.25.v20180904/jetty-util-9.3.25.v20180904.jar:/home/user/.m2/repository/com/fasterxml/jackson/core/jackson-databind/2.9.9/jackson-databind-2.9.9.jar:/home/user/.m2/repository/org/apache/hadoop/hadoop-kms/3.2.0/hadoop-kms-3.2.0-tests.jar:/home/user/.m2/repository/org/apache/hadoop/hadoop-hdds-server-scm/0.5.0-SNAPSHOT/hadoop-hdds-server-scm-0.5.0-SNAPSHOT-tests.jar:/home/user/.m2/repository/org/apache/hadoop/hadoop-hdds-container-service/0.5.0-SNAPSHOT/hadoop-hdds-container-service-0.5.0-SNAPSHOT-tests.jar:/home/user/.m2/repository/org/yaml/snakeyaml/1.16/snakeyaml-1.16.jar:/home/user/.m2/repository/org/apache/hadoop/hadoop-common/3.2.0/hadoop-common-3.2.0-tests.jar:/home/user/.m2/repository/org/apache/hadoop/hadoop-annotations/3.2.0/hadoop-annotations-3.2.0.jar:/usr/lib/jvm/java-1.8-openjdk/jre/../lib/tools.jar:/home/user/.m2/repository/commons-cli/commons-cli/1.2/commons-cli-1.2.jar:/home/user/.m2/repository/org/apache/httpcomponents/httpclient/4.5.2/httpclient-4.5.2.jar:/home/user/.m2/repository/org/apache/httpcomponents/httpcore/4.4.4/httpcore-4.4.4.jar:/home/user/.m2/repository/commons-codec/commons-codec/1.11/commons-codec-1.11.jar:/home/user/.m2/repository/commons-net/commons-net/3.6/commons-net-3.6.jar:/home/user/.m2/repository/commons-collections/commons-collections/3.2.2/commons-collections-3.2.2.jar:/home/user/.m2/repository/org/eclipse/jetty/jetty-servlet/9.3.25.v20180904/jetty-servlet-9.3.25.v20180904.jar:/home/user/.m2/repository/org/eclipse/jetty/jetty-security/9.3.25.v20180904/jetty-security-9.3.25.v20180904.jar:/home/user/.m2/repository/javax/servlet/jsp/jsp-api/2.1/jsp-api-2.1.jar:/home/user/.m2/repository/com/sun/jersey/jersey-servlet/1.19/jersey-servlet-1.19.jar:/home/user/.m2/repository/com/sun/jersey/jersey-json/1.19/jersey-json-1.19.jar:/home/user/.m2/repository/org/codehaus/jettison/jettison/1.1/jettison-1.1.jar:/home/user/.m2/repository/org/codehaus/jackson/jackson-core-asl/1.9.13/jackson-core-asl-1.9.13.jar:/home/user/.m2/repository/org/codehaus/jackson/jackson-mapper-asl/1.9.13/jackson-mapper-asl-1.9.13.jar:/home/user/.m2/repository/org/codehaus/jackson/jackson-jaxrs/1.9.13/jackson-jaxrs-1.9.13.jar:/home/user/.m2/repository/org/codehaus/jackson/jackson-xc/1.9.13/jackson-xc-1.9.13.jar:/home/user/.m2/repository/commons-logging/commons-logging/1.1.3/commons-logging-1.1.3.jar:/home/user/.m2/repository/commons-beanutils/commons-beanutils/1.9.4/commons-beanutils-1.9.4.jar:/home/user/.m2/repository/org/apache/commons/commons-configuration2/2.1.1/commons-configuration2-2.1.1.jar:/home/user/.m2/repository/org/apache/commons/commons-lang3/3.7/commons-lang3-3.7.jar:/home/user/.m2/repository/org/apache/commons/commons-text/1.4/commons-text-1.4.jar:/home/user/.m2/repository/org/apache/avro/avro/1.7.7/avro-1.7.7.jar:/home/user/.m2/repository/com/thoughtworks/paranamer/paranamer/2.3/paranamer-2.3.jar:/home/user/.m2/repository/org/xerial/snappy/snappy-java/1.0.5/snappy-java-1.0.5.jar:/home/user/.m2/repository/com/google/re2j/re2j/1.1/re2j-1.1.jar:/home/user/.m2/repository/com/google/code/gson/gson/2.2.4/gson-2.2.4.jar:/home/user/.m2/repository/com/jcraft/jsch/0.1.54/jsch-0.1.54.jar:/home/user/.m2/repository/org/apache/curator/curator-client/2.12.0/curator-client-2.12.0.jar:/home/user/.m2/repository/org/apache/curator/curator-recipes/2.12.0/curator-recipes-2.12.0.jar:/home/user/.m2/repository/com/google/code/findbugs/jsr305/3.0.0/jsr305-3.0.0.jar:/home/user/.m2/repository/org/apache/htrace/htrace-core4/4.1.0-incubating/htrace-core4-4.1.0-incubating.jar:/home/user/.m2/repository/org/apache/zookeeper/zookeeper/3.4.13/zookeeper-3.4.13.jar:/home/user/.m2/repository/jline/jline/0.9.94/jline-0.9.94.jar:/home/user/.m2/repository/org/apache/yetus/audience-annotations/0.5.0/audience-annotations-0.5.0.jar:/home/user/.m2/repository/org/codehaus/woodstox/stax2-api/3.1.4/stax2-api-3.1.4.jar:/home/user/.m2/repository/com/fasterxml/woodstox/woodstox-core/5.0.3/woodstox-core-5.0.3.jar:/home/user/.m2/repository/dnsjava/dnsjava/2.1.7/dnsjava-2.1.7.jar:/home/user/.m2/repository/org/apache/hadoop/hadoop-hdfs/3.2.0/hadoop-hdfs-3.2.0-tests.jar:/home/user/.m2/repository/org/eclipse/jetty/jetty-util-ajax/9.3.25.v20180904/jetty-util-ajax-9.3.25.v20180904.jar:/home/user/.m2/repository/commons-daemon/commons-daemon/1.0.13/commons-daemon-1.0.13.jar:/home/user/.m2/repository/io/netty/netty/3.10.5.Final/netty-3.10.5.Final.jar:/home/user/.m2/repository/io/netty/netty-all/4.0.52.Final/netty-all-4.0.52.Final.jar:/home/user/.m2/repository/org/fusesource/leveldbjni/leveldbjni-all/1.8/leveldbjni-all-1.8.jar:"/>
    <property name="java.vm.vendor" value="IcedTea"/>
    <property name="sun.arch.data.model" value="64"/>
    <property name="test.build.dir" value="/workdir/hadoop-ozone/integration-test/target/test-dir"/>
    <property name="test.cache.data" value=""/>
    <property name="java.vendor.url" value="https://icedtea.classpath.org"/>
    <property name="user.timezone" value=""/>
    <property name="java.vm.specification.version" value="1.8"/>
    <property name="os.name" value="Linux"/>
    <property name="test.build.data" value="/workdir/hadoop-ozone/integration-test/target/test-dir"/>
    <property name="user.country" value="US"/>
    <property name="sun.java.launcher" value="SUN_STANDARD"/>
    <property name="sun.boot.library.path" value="/usr/lib/jvm/java-1.8-openjdk/jre/lib/amd64"/>
    <property name="sun.java.command" value="/workdir/hadoop-ozone/integration-test/target/surefire/surefirebooter6426422825051453180.jar /workdir/hadoop-ozone/integration-test/target/surefire 2019-09-23T14-03-48_780-jvmRun1 surefire7009805107016089733tmp surefire_208389728769010750055tmp"/>
    <property name="test" value="!TestMiniChaosOzoneCluster"/>
    <property name="surefire.test.class.path" value="/workdir/hadoop-ozone/integration-test/target/test-classes:/workdir/hadoop-ozone/integration-test/target/classes:/home/user/.m2/repository/org/apache/hadoop/hadoop-ozone-common/0.5.0-SNAPSHOT/hadoop-ozone-common-0.5.0-SNAPSHOT.jar:/home/user/.m2/repository/org/apache/commons/commons-compress/1.4.1/commons-compress-1.4.1.jar:/home/user/.m2/repository/org/tukaani/xz/1.0/xz-1.0.jar:/home/user/.m2/repository/org/apache/hadoop/hadoop-common/3.2.0/hadoop-common-3.2.0.jar:/home/user/.m2/repository/org/apache/hadoop/hadoop-hdfs/3.2.0/hadoop-hdfs-3.2.0.jar:/home/user/.m2/repository/org/apache/hadoop/hadoop-hdfs-client/3.2.0/hadoop-hdfs-client-3.2.0.jar:/home/user/.m2/repository/com/fasterxml/jackson/core/jackson-annotations/2.9.9/jackson-annotations-2.9.9.jar:/home/user/.m2/repository/org/apache/hadoop/hadoop-hdds-common/0.5.0-SNAPSHOT/hadoop-hdds-common-0.5.0-SNAPSHOT.jar:/home/user/.m2/repository/javax/annotation/javax.annotation-api/1.2/javax.annotation-api-1.2.jar:/home/user/.m2/repository/org/apache/ratis/ratis-server/0.4.0/ratis-server-0.4.0.jar:/home/user/.m2/repository/org/apache/ratis/ratis-thirdparty-misc/0.2.0/ratis-thirdparty-misc-0.2.0.jar:/home/user/.m2/repository/org/apache/ratis/ratis-proto/0.4.0/ratis-proto-0.4.0.jar:/home/user/.m2/repository/org/apache/ratis/ratis-common/0.4.0/ratis-common-0.4.0.jar:/home/user/.m2/repository/org/apache/ratis/ratis-client/0.4.0/ratis-client-0.4.0.jar:/home/user/.m2/repository/org/apache/ratis/ratis-metrics/0.4.0/ratis-metrics-0.4.0.jar:/home/user/.m2/repository/com/github/joshelser/dropwizard-metrics-hadoop-metrics2-reporter/0.1.2/dropwizard-metrics-hadoop-metrics2-reporter-0.1.2.jar:/home/user/.m2/repository/io/dropwizard/metrics/metrics-jvm/3.2.5/metrics-jvm-3.2.5.jar:/home/user/.m2/repository/io/dropwizard/metrics/metrics-ganglia/3.2.5/metrics-ganglia-3.2.5.jar:/home/user/.m2/repository/info/ganglia/gmetric4j/gmetric4j/1.0.7/gmetric4j-1.0.7.jar:/home/user/.m2/repository/org/apache/ratis/ratis-netty/0.4.0/ratis-netty-0.4.0.jar:/home/user/.m2/repository/org/apache/ratis/ratis-grpc/0.4.0/ratis-grpc-0.4.0.jar:/home/user/.m2/repository/org/rocksdb/rocksdbjni/6.0.1/rocksdbjni-6.0.1.jar:/home/user/.m2/repository/org/apache/logging/log4j/log4j-api/2.11.0/log4j-api-2.11.0.jar:/home/user/.m2/repository/org/apache/logging/log4j/log4j-core/2.11.0/log4j-core-2.11.0.jar:/home/user/.m2/repository/com/lmax/disruptor/3.4.2/disruptor-3.4.2.jar:/home/user/.m2/repository/org/apache/commons/commons-pool2/2.6.0/commons-pool2-2.6.0.jar:/home/user/.m2/repository/org/bouncycastle/bcpkix-jdk15on/1.60/bcpkix-jdk15on-1.60.jar:/home/user/.m2/repository/commons-validator/commons-validator/1.6/commons-validator-1.6.jar:/home/user/.m2/repository/commons-digester/commons-digester/1.8.1/commons-digester-1.8.1.jar:/home/user/.m2/repository/io/jaegertracing/jaeger-client/0.34.0/jaeger-client-0.34.0.jar:/home/user/.m2/repository/io/jaegertracing/jaeger-thrift/0.34.0/jaeger-thrift-0.34.0.jar:/home/user/.m2/repository/org/apache/thrift/libthrift/0.12.0/libthrift-0.12.0.jar:/home/user/.m2/repository/com/squareup/okhttp3/okhttp/3.9.0/okhttp-3.9.0.jar:/home/user/.m2/repository/com/squareup/okio/okio/1.13.0/okio-1.13.0.jar:/home/user/.m2/repository/io/jaegertracing/jaeger-core/0.34.0/jaeger-core-0.34.0.jar:/home/user/.m2/repository/io/jaegertracing/jaeger-tracerresolver/0.34.0/jaeger-tracerresolver-0.34.0.jar:/home/user/.m2/repository/io/opentracing/contrib/opentracing-tracerresolver/0.1.5/opentracing-tracerresolver-0.1.5.jar:/home/user/.m2/repository/io/opentracing/opentracing-util/0.31.0/opentracing-util-0.31.0.jar:/home/user/.m2/repository/io/opentracing/opentracing-api/0.31.0/opentracing-api-0.31.0.jar:/home/user/.m2/repository/io/opentracing/opentracing-noop/0.31.0/opentracing-noop-0.31.0.jar:/home/user/.m2/repository/org/apache/hadoop/hadoop-hdds-server-framework/0.5.0-SNAPSHOT/hadoop-hdds-server-framework-0.5.0-SNAPSHOT.jar:/home/user/.m2/repository/org/apache/hadoop/hadoop-hdds-container-service/0.5.0-SNAPSHOT/hadoop-hdds-container-service-0.5.0-SNAPSHOT.jar:/home/user/.m2/repository/org/apache/hadoop/hadoop-hdds-client/0.5.0-SNAPSHOT/hadoop-hdds-client-0.5.0-SNAPSHOT.jar:/home/user/.m2/repository/org/apache/hadoop/hadoop-hdds-tools/0.5.0-SNAPSHOT/hadoop-hdds-tools-0.5.0-SNAPSHOT.jar:/home/user/.m2/repository/org/apache/hadoop/hadoop-hdds-server-scm/0.5.0-SNAPSHOT/hadoop-hdds-server-scm-0.5.0-SNAPSHOT.jar:/home/user/.m2/repository/org/apache/hadoop/hadoop-hdds-docs/0.5.0-SNAPSHOT/hadoop-hdds-docs-0.5.0-SNAPSHOT.jar:/home/user/.m2/repository/io/dropwizard/metrics/metrics-core/3.2.4/metrics-core-3.2.4.jar:/home/user/.m2/repository/org/hamcrest/hamcrest-all/1.3/hamcrest-all-1.3.jar:/home/user/.m2/repository/org/bouncycastle/bcprov-jdk15on/1.60/bcprov-jdk15on-1.60.jar:/home/user/.m2/repository/info/picocli/picocli/3.9.6/picocli-3.9.6.jar:/home/user/.m2/repository/com/google/protobuf/protobuf-java/2.5.0/protobuf-java-2.5.0.jar:/home/user/.m2/repository/com/google/guava/guava/11.0.2/guava-11.0.2.jar:/home/user/.m2/repository/org/apache/hadoop/hadoop-ozone-ozone-manager/0.5.0-SNAPSHOT/hadoop-ozone-ozone-manager-0.5.0-SNAPSHOT.jar:/home/user/.m2/repository/org/apache/hadoop/hadoop-minikdc/3.2.0/hadoop-minikdc-3.2.0.jar:/home/user/.m2/repository/commons-io/commons-io/2.5/commons-io-2.5.jar:/home/user/.m2/repository/org/apache/kerby/kerb-simplekdc/1.0.1/kerb-simplekdc-1.0.1.jar:/home/user/.m2/repository/org/apache/kerby/kerb-client/1.0.1/kerb-client-1.0.1.jar:/home/user/.m2/repository/org/apache/kerby/kerby-config/1.0.1/kerby-config-1.0.1.jar:/home/user/.m2/repository/org/apache/kerby/kerb-core/1.0.1/kerb-core-1.0.1.jar:/home/user/.m2/repository/org/apache/kerby/kerby-pkix/1.0.1/kerby-pkix-1.0.1.jar:/home/user/.m2/repository/org/apache/kerby/kerby-asn1/1.0.1/kerby-asn1-1.0.1.jar:/home/user/.m2/repository/org/apache/kerby/kerby-util/1.0.1/kerby-util-1.0.1.jar:/home/user/.m2/repository/org/apache/kerby/kerb-common/1.0.1/kerb-common-1.0.1.jar:/home/user/.m2/repository/org/apache/kerby/kerb-crypto/1.0.1/kerb-crypto-1.0.1.jar:/home/user/.m2/repository/org/apache/kerby/kerb-util/1.0.1/kerb-util-1.0.1.jar:/home/user/.m2/repository/org/apache/kerby/token-provider/1.0.1/token-provider-1.0.1.jar:/home/user/.m2/repository/org/apache/kerby/kerb-admin/1.0.1/kerb-admin-1.0.1.jar:/home/user/.m2/repository/org/apache/kerby/kerb-server/1.0.1/kerb-server-1.0.1.jar:/home/user/.m2/repository/org/apache/kerby/kerb-identity/1.0.1/kerb-identity-1.0.1.jar:/home/user/.m2/repository/org/apache/kerby/kerby-xdr/1.0.1/kerby-xdr-1.0.1.jar:/home/user/.m2/repository/org/slf4j/slf4j-log4j12/1.7.25/slf4j-log4j12-1.7.25.jar:/home/user/.m2/repository/org/apache/hadoop/hadoop-ozone-s3gateway/0.5.0-SNAPSHOT/hadoop-ozone-s3gateway-0.5.0-SNAPSHOT.jar:/home/user/.m2/repository/org/jboss/weld/servlet/weld-servlet/2.4.7.Final/weld-servlet-2.4.7.Final.jar:/home/user/.m2/repository/org/glassfish/jersey/containers/jersey-container-servlet-core/2.27/jersey-container-servlet-core-2.27.jar:/home/user/.m2/repository/org/glassfish/hk2/external/javax.inject/2.5.0-b42/javax.inject-2.5.0-b42.jar:/home/user/.m2/repository/org/glassfish/jersey/core/jersey-common/2.27/jersey-common-2.27.jar:/home/user/.m2/repository/org/glassfish/hk2/osgi-resource-locator/1.0.1/osgi-resource-locator-1.0.1.jar:/home/user/.m2/repository/javax/ws/rs/javax.ws.rs-api/2.1/javax.ws.rs-api-2.1.jar:/home/user/.m2/repository/org/glassfish/jersey/ext/cdi/jersey-cdi1x/2.27/jersey-cdi1x-2.27.jar:/home/user/.m2/repository/org/glassfish/jersey/inject/jersey-hk2/2.27/jersey-hk2-2.27.jar:/home/user/.m2/repository/org/glassfish/hk2/hk2-locator/2.5.0-b42/hk2-locator-2.5.0-b42.jar:/home/user/.m2/repository/org/javassist/javassist/3.22.0-CR2/javassist-3.22.0-CR2.jar:/home/user/.m2/repository/org/glassfish/hk2/hk2-api/2.5.0/hk2-api-2.5.0.jar:/home/user/.m2/repository/org/glassfish/hk2/external/jakarta.inject/2.5.0/jakarta.inject-2.5.0.jar:/home/user/.m2/repository/org/glassfish/hk2/hk2-utils/2.5.0/hk2-utils-2.5.0.jar:/home/user/.m2/repository/jakarta/annotation/jakarta.annotation-api/1.3.4/jakarta.annotation-api-1.3.4.jar:/home/user/.m2/repository/org/glassfish/hk2/external/aopalliance-repackaged/2.5.0/aopalliance-repackaged-2.5.0.jar:/home/user/.m2/repository/com/fasterxml/jackson/dataformat/jackson-dataformat-xml/2.9.0/jackson-dataformat-xml-2.9.0.jar:/home/user/.m2/repository/com/fasterxml/jackson/core/jackson-core/2.9.9/jackson-core-2.9.9.jar:/home/user/.m2/repository/com/fasterxml/jackson/module/jackson-module-jaxb-annotations/2.9.9/jackson-module-jaxb-annotations-2.9.9.jar:/home/user/.m2/repository/javax/enterprise/cdi-api/1.2/cdi-api-1.2.jar:/home/user/.m2/repository/javax/el/javax.el-api/3.0.0/javax.el-api-3.0.0.jar:/home/user/.m2/repository/javax/interceptor/javax.interceptor-api/1.2/javax.interceptor-api-1.2.jar:/home/user/.m2/repository/javax/inject/javax.inject/1/javax.inject-1.jar:/home/user/.m2/repository/com/sun/xml/bind/jaxb-impl/2.3.0.1/jaxb-impl-2.3.0.1.jar:/home/user/.m2/repository/com/sun/xml/bind/jaxb-core/2.3.0.1/jaxb-core-2.3.0.1.jar:/home/user/.m2/repository/javax/xml/bind/jaxb-api/2.3.0/jaxb-api-2.3.0.jar:/home/user/.m2/repository/javax/activation/activation/1.1.1/activation-1.1.1.jar:/home/user/.m2/repository/org/apache/hadoop/hadoop-ozone-csi/0.5.0-SNAPSHOT/hadoop-ozone-csi-0.5.0-SNAPSHOT.jar:/home/user/.m2/repository/com/google/protobuf/protobuf-java-util/3.5.1/protobuf-java-util-3.5.1.jar:/home/user/.m2/repository/org/apache/hadoop/hadoop-hdds-config/0.5.0-SNAPSHOT/hadoop-hdds-config-0.5.0-SNAPSHOT.jar:/home/user/.m2/repository/io/grpc/grpc-netty/1.17.1/grpc-netty-1.17.1.jar:/home/user/.m2/repository/io/grpc/grpc-core/1.17.1/grpc-core-1.17.1.jar:/home/user/.m2/repository/io/grpc/grpc-context/1.17.1/grpc-context-1.17.1.jar:/home/user/.m2/repository/com/google/errorprone/error_prone_annotations/2.2.0/error_prone_annotations-2.2.0.jar:/home/user/.m2/repository/org/codehaus/mojo/animal-sniffer-annotations/1.17/animal-sniffer-annotations-1.17.jar:/home/user/.m2/repository/io/opencensus/opencensus-api/0.17.0/opencensus-api-0.17.0.jar:/home/user/.m2/repository/io/opencensus/opencensus-contrib-grpc-metrics/0.17.0/opencensus-contrib-grpc-metrics-0.17.0.jar:/home/user/.m2/repository/io/netty/netty-codec-http2/4.1.30.Final/netty-codec-http2-4.1.30.Final.jar:/home/user/.m2/repository/io/netty/netty-codec-http/4.1.30.Final/netty-codec-http-4.1.30.Final.jar:/home/user/.m2/repository/io/netty/netty-codec/4.1.30.Final/netty-codec-4.1.30.Final.jar:/home/user/.m2/repository/io/netty/netty-handler/4.1.30.Final/netty-handler-4.1.30.Final.jar:/home/user/.m2/repository/io/netty/netty-handler-proxy/4.1.30.Final/netty-handler-proxy-4.1.30.Final.jar:/home/user/.m2/repository/io/netty/netty-codec-socks/4.1.30.Final/netty-codec-socks-4.1.30.Final.jar:/home/user/.m2/repository/io/netty/netty-transport-native-epoll/4.1.30.Final/netty-transport-native-epoll-4.1.30.Final.jar:/home/user/.m2/repository/io/netty/netty-common/4.1.30.Final/netty-common-4.1.30.Final.jar:/home/user/.m2/repository/io/netty/netty-buffer/4.1.30.Final/netty-buffer-4.1.30.Final.jar:/home/user/.m2/repository/io/netty/netty-transport/4.1.30.Final/netty-transport-4.1.30.Final.jar:/home/user/.m2/repository/io/netty/netty-resolver/4.1.30.Final/netty-resolver-4.1.30.Final.jar:/home/user/.m2/repository/io/netty/netty-transport-native-unix-common/4.1.30.Final/netty-transport-native-unix-common-4.1.30.Final.jar:/home/user/.m2/repository/io/grpc/grpc-protobuf/1.17.1/grpc-protobuf-1.17.1.jar:/home/user/.m2/repository/com/google/api/grpc/proto-google-common-protos/1.0.0/proto-google-common-protos-1.0.0.jar:/home/user/.m2/repository/io/grpc/grpc-protobuf-lite/1.17.1/grpc-protobuf-lite-1.17.1.jar:/home/user/.m2/repository/io/grpc/grpc-stub/1.17.1/grpc-stub-1.17.1.jar:/home/user/.m2/repository/org/apache/hadoop/hadoop-ozone-recon/0.5.0-SNAPSHOT/hadoop-ozone-recon-0.5.0-SNAPSHOT.jar:/home/user/.m2/repository/org/apache/hadoop/hadoop-ozone-reconcodegen/0.5.0-SNAPSHOT/hadoop-ozone-reconcodegen-0.5.0-SNAPSHOT.jar:/home/user/.m2/repository/com/google/inject/extensions/guice-multibindings/4.0/guice-multibindings-4.0.jar:/home/user/.m2/repository/com/google/inject/guice/4.0/guice-4.0.jar:/home/user/.m2/repository/aopalliance/aopalliance/1.0/aopalliance-1.0.jar:/home/user/.m2/repository/com/google/inject/extensions/guice-servlet/4.0/guice-servlet-4.0.jar:/home/user/.m2/repository/org/glassfish/jersey/containers/jersey-container-servlet/2.27/jersey-container-servlet-2.27.jar:/home/user/.m2/repository/org/glassfish/hk2/guice-bridge/2.5.0/guice-bridge-2.5.0.jar:/home/user/.m2/repository/org/glassfish/jersey/core/jersey-server/2.27/jersey-server-2.27.jar:/home/user/.m2/repository/org/glassfish/jersey/core/jersey-client/2.27/jersey-client-2.27.jar:/home/user/.m2/repository/org/glassfish/jersey/media/jersey-media-jaxb/2.27/jersey-media-jaxb-2.27.jar:/home/user/.m2/repository/javax/validation/validation-api/1.1.0.Final/validation-api-1.1.0.Final.jar:/home/user/.m2/repository/org/glassfish/jersey/media/jersey-media-json-jackson/2.27/jersey-media-json-jackson-2.27.jar:/home/user/.m2/repository/org/glassfish/jersey/ext/jersey-entity-filtering/2.27/jersey-entity-filtering-2.27.jar:/home/user/.m2/repository/com/google/inject/extensions/guice-assistedinject/4.0/guice-assistedinject-4.0.jar:/home/user/.m2/repository/org/jooq/jooq/3.11.10/jooq-3.11.10.jar:/home/user/.m2/repository/org/jooq/jooq-meta/3.11.10/jooq-meta-3.11.10.jar:/home/user/.m2/repository/org/jooq/jooq-codegen/3.11.10/jooq-codegen-3.11.10.jar:/home/user/.m2/repository/com/jolbox/bonecp/0.8.0.RELEASE/bonecp-0.8.0.RELEASE.jar:/home/user/.m2/repository/org/xerial/sqlite-jdbc/3.25.2/sqlite-jdbc-3.25.2.jar:/home/user/.m2/repository/org/springframework/spring-jdbc/5.1.3.RELEASE/spring-jdbc-5.1.3.RELEASE.jar:/home/user/.m2/repository/org/springframework/spring-beans/5.1.3.RELEASE/spring-beans-5.1.3.RELEASE.jar:/home/user/.m2/repository/org/springframework/spring-core/5.1.3.RELEASE/spring-core-5.1.3.RELEASE.jar:/home/user/.m2/repository/org/springframework/spring-jcl/5.1.3.RELEASE/spring-jcl-5.1.3.RELEASE.jar:/home/user/.m2/repository/org/springframework/spring-tx/5.1.3.RELEASE/spring-tx-5.1.3.RELEASE.jar:/home/user/.m2/repository/org/apache/hadoop/hadoop-ozone-client/0.5.0-SNAPSHOT/hadoop-ozone-client-0.5.0-SNAPSHOT.jar:/home/user/.m2/repository/commons-lang/commons-lang/2.6/commons-lang-2.6.jar:/home/user/.m2/repository/org/apache/hadoop/hadoop-ozone-ozone-manager/0.5.0-SNAPSHOT/hadoop-ozone-ozone-manager-0.5.0-SNAPSHOT-tests.jar:/home/user/.m2/repository/junit/junit/4.11/junit-4.11.jar:/home/user/.m2/repository/org/hamcrest/hamcrest-core/1.3/hamcrest-core-1.3.jar:/home/user/.m2/repository/org/openjdk/jmh/jmh-core/1.19/jmh-core-1.19.jar:/home/user/.m2/repository/net/sf/jopt-simple/jopt-simple/4.6/jopt-simple-4.6.jar:/home/user/.m2/repository/org/apache/commons/commons-math3/3.1.1/commons-math3-3.1.1.jar:/home/user/.m2/repository/org/openjdk/jmh/jmh-generator-annprocess/1.19/jmh-generator-annprocess-1.19.jar:/home/user/.m2/repository/org/mockito/mockito-all/1.8.5/mockito-all-1.8.5.jar:/home/user/.m2/repository/org/apache/hadoop/hadoop-kms/3.2.0/hadoop-kms-3.2.0.jar:/home/user/.m2/repository/org/apache/hadoop/hadoop-auth/3.2.0/hadoop-auth-3.2.0.jar:/home/user/.m2/repository/com/nimbusds/nimbus-jose-jwt/4.41.1/nimbus-jose-jwt-4.41.1.jar:/home/user/.m2/repository/com/github/stephenc/jcip/jcip-annotations/1.0-1/jcip-annotations-1.0-1.jar:/home/user/.m2/repository/net/minidev/json-smart/2.3/json-smart-2.3.jar:/home/user/.m2/repository/net/minidev/accessors-smart/1.2/accessors-smart-1.2.jar:/home/user/.m2/repository/org/ow2/asm/asm/5.0.4/asm-5.0.4.jar:/home/user/.m2/repository/org/apache/curator/curator-framework/2.12.0/curator-framework-2.12.0.jar:/home/user/.m2/repository/com/sun/jersey/jersey-core/1.19/jersey-core-1.19.jar:/home/user/.m2/repository/javax/ws/rs/jsr311-api/1.1.1/jsr311-api-1.1.1.jar:/home/user/.m2/repository/com/sun/jersey/jersey-server/1.19/jersey-server-1.19.jar:/home/user/.m2/repository/javax/servlet/javax.servlet-api/3.1.0/javax.servlet-api-3.1.0.jar:/home/user/.m2/repository/org/eclipse/jetty/jetty-server/9.3.25.v20180904/jetty-server-9.3.25.v20180904.jar:/home/user/.m2/repository/org/eclipse/jetty/jetty-http/9.3.25.v20180904/jetty-http-9.3.25.v20180904.jar:/home/user/.m2/repository/org/eclipse/jetty/jetty-io/9.3.25.v20180904/jetty-io-9.3.25.v20180904.jar:/home/user/.m2/repository/org/eclipse/jetty/jetty-webapp/9.3.25.v20180904/jetty-webapp-9.3.25.v20180904.jar:/home/user/.m2/repository/org/eclipse/jetty/jetty-xml/9.3.25.v20180904/jetty-xml-9.3.25.v20180904.jar:/home/user/.m2/repository/log4j/log4j/1.2.17/log4j-1.2.17.jar:/home/user/.m2/repository/org/slf4j/slf4j-api/1.7.25/slf4j-api-1.7.25.jar:/home/user/.m2/repository/org/slf4j/jul-to-slf4j/1.7.25/jul-to-slf4j-1.7.25.jar:/home/user/.m2/repository/org/eclipse/jetty/jetty-util/9.3.25.v20180904/jetty-util-9.3.25.v20180904.jar:/home/user/.m2/repository/com/fasterxml/jackson/core/jackson-databind/2.9.9/jackson-databind-2.9.9.jar:/home/user/.m2/repository/org/apache/hadoop/hadoop-kms/3.2.0/hadoop-kms-3.2.0-tests.jar:/home/user/.m2/repository/org/apache/hadoop/hadoop-hdds-server-scm/0.5.0-SNAPSHOT/hadoop-hdds-server-scm-0.5.0-SNAPSHOT-tests.jar:/home/user/.m2/repository/org/apache/hadoop/hadoop-hdds-container-service/0.5.0-SNAPSHOT/hadoop-hdds-container-service-0.5.0-SNAPSHOT-tests.jar:/home/user/.m2/repository/org/yaml/snakeyaml/1.16/snakeyaml-1.16.jar:/home/user/.m2/repository/org/apache/hadoop/hadoop-common/3.2.0/hadoop-common-3.2.0-tests.jar:/home/user/.m2/repository/org/apache/hadoop/hadoop-annotations/3.2.0/hadoop-annotations-3.2.0.jar:/usr/lib/jvm/java-1.8-openjdk/jre/../lib/tools.jar:/home/user/.m2/repository/commons-cli/commons-cli/1.2/commons-cli-1.2.jar:/home/user/.m2/repository/org/apache/httpcomponents/httpclient/4.5.2/httpclient-4.5.2.jar:/home/user/.m2/repository/org/apache/httpcomponents/httpcore/4.4.4/httpcore-4.4.4.jar:/home/user/.m2/repository/commons-codec/commons-codec/1.11/commons-codec-1.11.jar:/home/user/.m2/repository/commons-net/commons-net/3.6/commons-net-3.6.jar:/home/user/.m2/repository/commons-collections/commons-collections/3.2.2/commons-collections-3.2.2.jar:/home/user/.m2/repository/org/eclipse/jetty/jetty-servlet/9.3.25.v20180904/jetty-servlet-9.3.25.v20180904.jar:/home/user/.m2/repository/org/eclipse/jetty/jetty-security/9.3.25.v20180904/jetty-security-9.3.25.v20180904.jar:/home/user/.m2/repository/javax/servlet/jsp/jsp-api/2.1/jsp-api-2.1.jar:/home/user/.m2/repository/com/sun/jersey/jersey-servlet/1.19/jersey-servlet-1.19.jar:/home/user/.m2/repository/com/sun/jersey/jersey-json/1.19/jersey-json-1.19.jar:/home/user/.m2/repository/org/codehaus/jettison/jettison/1.1/jettison-1.1.jar:/home/user/.m2/repository/org/codehaus/jackson/jackson-core-asl/1.9.13/jackson-core-asl-1.9.13.jar:/home/user/.m2/repository/org/codehaus/jackson/jackson-mapper-asl/1.9.13/jackson-mapper-asl-1.9.13.jar:/home/user/.m2/repository/org/codehaus/jackson/jackson-jaxrs/1.9.13/jackson-jaxrs-1.9.13.jar:/home/user/.m2/repository/org/codehaus/jackson/jackson-xc/1.9.13/jackson-xc-1.9.13.jar:/home/user/.m2/repository/commons-logging/commons-logging/1.1.3/commons-logging-1.1.3.jar:/home/user/.m2/repository/commons-beanutils/commons-beanutils/1.9.4/commons-beanutils-1.9.4.jar:/home/user/.m2/repository/org/apache/commons/commons-configuration2/2.1.1/commons-configuration2-2.1.1.jar:/home/user/.m2/repository/org/apache/commons/commons-lang3/3.7/commons-lang3-3.7.jar:/home/user/.m2/repository/org/apache/commons/commons-text/1.4/commons-text-1.4.jar:/home/user/.m2/repository/org/apache/avro/avro/1.7.7/avro-1.7.7.jar:/home/user/.m2/repository/com/thoughtworks/paranamer/paranamer/2.3/paranamer-2.3.jar:/home/user/.m2/repository/org/xerial/snappy/snappy-java/1.0.5/snappy-java-1.0.5.jar:/home/user/.m2/repository/com/google/re2j/re2j/1.1/re2j-1.1.jar:/home/user/.m2/repository/com/google/code/gson/gson/2.2.4/gson-2.2.4.jar:/home/user/.m2/repository/com/jcraft/jsch/0.1.54/jsch-0.1.54.jar:/home/user/.m2/repository/org/apache/curator/curator-client/2.12.0/curator-client-2.12.0.jar:/home/user/.m2/repository/org/apache/curator/curator-recipes/2.12.0/curator-recipes-2.12.0.jar:/home/user/.m2/repository/com/google/code/findbugs/jsr305/3.0.0/jsr305-3.0.0.jar:/home/user/.m2/repository/org/apache/htrace/htrace-core4/4.1.0-incubating/htrace-core4-4.1.0-incubating.jar:/home/user/.m2/repository/org/apache/zookeeper/zookeeper/3.4.13/zookeeper-3.4.13.jar:/home/user/.m2/repository/jline/jline/0.9.94/jline-0.9.94.jar:/home/user/.m2/repository/org/apache/yetus/audience-annotations/0.5.0/audience-annotations-0.5.0.jar:/home/user/.m2/repository/org/codehaus/woodstox/stax2-api/3.1.4/stax2-api-3.1.4.jar:/home/user/.m2/repository/com/fasterxml/woodstox/woodstox-core/5.0.3/woodstox-core-5.0.3.jar:/home/user/.m2/repository/dnsjava/dnsjava/2.1.7/dnsjava-2.1.7.jar:/home/user/.m2/repository/org/apache/hadoop/hadoop-hdfs/3.2.0/hadoop-hdfs-3.2.0-tests.jar:/home/user/.m2/repository/org/eclipse/jetty/jetty-util-ajax/9.3.25.v20180904/jetty-util-ajax-9.3.25.v20180904.jar:/home/user/.m2/repository/commons-daemon/commons-daemon/1.0.13/commons-daemon-1.0.13.jar:/home/user/.m2/repository/io/netty/netty/3.10.5.Final/netty-3.10.5.Final.jar:/home/user/.m2/repository/io/netty/netty-all/4.0.52.Final/netty-all-4.0.52.Final.jar:/home/user/.m2/repository/org/fusesource/leveldbjni/leveldbjni-all/1.8/leveldbjni-all-1.8.jar:"/>
    <property name="sun.cpu.endian" value="little"/>
    <property name="user.home" value="/home/user"/>
    <property name="user.language" value="en"/>
    <property name="java.specification.vendor" value="Oracle Corporation"/>
    <property name="java.home" value="/usr/lib/jvm/java-1.8-openjdk/jre"/>
    <property name="java.security.krb5.conf" value="/workdir/hadoop-ozone/integration-test/target/test-classes/krb5.conf"/>
    <property name="basedir" value="/workdir/hadoop-ozone/integration-test"/>
    <property name="file.separator" value="/"/>
    <property name="line.separator" value="&#10;"/>
    <property name="java.vm.specification.vendor" value="Oracle Corporation"/>
    <property name="java.specification.name" value="Java Platform API Specification"/>
    <property name="java.awt.graphicsenv" value="sun.awt.X11GraphicsEnvironment"/>
    <property name="surefire.real.class.path" value="/workdir/hadoop-ozone/integration-test/target/surefire/surefirebooter6426422825051453180.jar"/>
    <property name="hadoop.log.dir" value="/workdir/hadoop-ozone/integration-test/target/log"/>
    <property name="sun.boot.class.path" value="/usr/lib/jvm/java-1.8-openjdk/jre/lib/resources.jar:/usr/lib/jvm/java-1.8-openjdk/jre/lib/rt.jar:/usr/lib/jvm/java-1.8-openjdk/jre/lib/sunrsasign.jar:/usr/lib/jvm/java-1.8-openjdk/jre/lib/jsse.jar:/usr/lib/jvm/java-1.8-openjdk/jre/lib/jce.jar:/usr/lib/jvm/java-1.8-openjdk/jre/lib/charsets.jar:/usr/lib/jvm/java-1.8-openjdk/jre/lib/jfr.jar:/usr/lib/jvm/java-1.8-openjdk/jre/classes"/>
    <property name="sun.management.compiler" value="HotSpot 64-Bit Tiered Compilers"/>
    <property name="java.runtime.version" value="1.8.0_212-b04"/>
    <property name="java.net.preferIPv4Stack" value="true"/>
    <property name="user.name" value="jenkins1000"/>
    <property name="path.separator" value=":"/>
    <property name="java.security.egd" value="file:///dev/urandom"/>
    <property name="os.version" value="3.10.0-957.12.2.el7.x86_64"/>
    <property name="java.endorsed.dirs" value="/usr/lib/jvm/java-1.8-openjdk/jre/lib/endorsed"/>
    <property name="java.runtime.name" value="OpenJDK Runtime Environment"/>
    <property name="file.encoding" value="UTF-8"/>
    <property name="java.vm.name" value="OpenJDK 64-Bit Server VM"/>
    <property name="test.build.webapps" value=""/>
    <property name="localRepository" value="/home/user/.m2/repository"/>
    <property name="java.vendor.url.bug" value="https://icedtea.classpath.org/bugzilla"/>
    <property name="java.io.tmpdir" value="/tmp"/>
    <property name="require.test.libhadoop" value=""/>
    <property name="java.version" value="1.8.0_212"/>
    <property name="user.dir" value="/workdir/hadoop-ozone/integration-test"/>
    <property name="os.arch" value="amd64"/>
    <property name="java.vm.specification.name" value="Java Virtual Machine Specification"/>
    <property name="test.build.classes" value="/workdir/hadoop-ozone/integration-test/target/test-classes"/>
    <property name="java.awt.printerjob" value="sun.print.PSPrinterJob"/>
    <property name="sun.os.patch.level" value="unknown"/>
    <property name="hadoop.tmp.dir" value="/workdir/hadoop-ozone/integration-test/target/tmp"/>
    <property name="java.library.path" value="/usr/lib/jvm/java-1.8-openjdk/jre/lib/amd64/server:/usr/lib/jvm/java-1.8-openjdk/jre/lib/amd64:/usr/lib/jvm/java-1.8-openjdk/jre/../lib/amd64:/workdir/hadoop-ozone/integration-test/target/native/target/usr/local/lib:/workdir/hadoop-ozone/integration-test/../../hadoop-common-project/hadoop-common/target/native/target/usr/local/lib:/usr/java/packages/lib/amd64:/usr/lib64:/lib64:/lib:/usr/lib"/>
    <property name="java.vm.info" value="mixed mode"/>
    <property name="java.vendor" value="IcedTea"/>
    <property name="java.vm.version" value="25.212-b04"/>
    <property name="java.ext.dirs" value="/usr/lib/jvm/java-1.8-openjdk/jre/lib/ext:/usr/java/packages/lib/ext"/>
    <property name="sun.io.unicode.encoding" value="UnicodeLittle"/>
    <property name="java.class.version" value="52.0"/>
  </properties>
  <testcase name="testWatchForCommitWithKeyWrite" classname="org.apache.hadoop.ozone.client.rpc.TestWatchForCommit" time="90.381"/>
  <testcase name="testWatchForCommitWithSmallerTimeoutValue" classname="org.apache.hadoop.ozone.client.rpc.TestWatchForCommit" time="53.4"/>
  <testcase name="testWatchForCommitForRetryfailure" classname="org.apache.hadoop.ozone.client.rpc.TestWatchForCommit" time="67.133"/>
  <testcase name="testWatchForCommitForGroupMismatchException" classname="org.apache.hadoop.ozone.client.rpc.TestWatchForCommit" time="32.402"/>
  <testcase name="test2WayCommitForTimeoutException" classname="org.apache.hadoop.ozone.client.rpc.TestWatchForCommit" time="32.925">
    <error message="org.apache.ratis.protocol.RaftRetryFailureException: Failed RaftClientRequest:client-171CED268F11-&gt;30c43bb2-f349-4ad7-a94b-6a0167b10dd1@group-6BA4A2ED8711, cid=103, seq=1*, RW, org.apache.hadoop.hdds.scm.XceiverClientRatis$$Lambda$457/2093613480@73a3ab78 for 20 attempts with RetryLimited(maxAttempts=20, sleepTime=1000ms)" type="java.util.concurrent.ExecutionException">java.util.concurrent.ExecutionException: org.apache.ratis.protocol.RaftRetryFailureException: Failed RaftClientRequest:client-171CED268F11->30c43bb2-f349-4ad7-a94b-6a0167b10dd1@group-6BA4A2ED8711, cid=103, seq=1*, RW, org.apache.hadoop.hdds.scm.XceiverClientRatis$$Lambda$457/2093613480@73a3ab78 for 20 attempts with RetryLimited(maxAttempts=20, sleepTime=1000ms)
	at java.util.concurrent.CompletableFuture.reportGet(CompletableFuture.java:357)
	at java.util.concurrent.CompletableFuture.get(CompletableFuture.java:1895)
	at org.apache.hadoop.ozone.client.rpc.TestWatchForCommit.test2WayCommitForTimeoutException(TestWatchForCommit.java:384)
	at sun.reflect.NativeMethodAccessorImpl.invoke0(Native Method)
	at sun.reflect.NativeMethodAccessorImpl.invoke(NativeMethodAccessorImpl.java:62)
	at sun.reflect.DelegatingMethodAccessorImpl.invoke(DelegatingMethodAccessorImpl.java:43)
	at java.lang.reflect.Method.invoke(Method.java:498)
	at org.junit.runners.model.FrameworkMethod$1.runReflectiveCall(FrameworkMethod.java:47)
	at org.junit.internal.runners.model.ReflectiveCallable.run(ReflectiveCallable.java:12)
	at org.junit.runners.model.FrameworkMethod.invokeExplosively(FrameworkMethod.java:44)
	at org.junit.internal.runners.statements.InvokeMethod.evaluate(InvokeMethod.java:17)
	at org.junit.runners.ParentRunner.runLeaf(ParentRunner.java:271)
	at org.junit.runners.BlockJUnit4ClassRunner.runChild(BlockJUnit4ClassRunner.java:70)
	at org.junit.runners.BlockJUnit4ClassRunner.runChild(BlockJUnit4ClassRunner.java:50)
	at org.junit.runners.ParentRunner$3.run(ParentRunner.java:238)
	at org.junit.runners.ParentRunner$1.schedule(ParentRunner.java:63)
	at org.junit.runners.ParentRunner.runChildren(ParentRunner.java:236)
	at org.junit.runners.ParentRunner.access$000(ParentRunner.java:53)
	at org.junit.runners.ParentRunner$2.evaluate(ParentRunner.java:229)
	at org.junit.runners.ParentRunner.run(ParentRunner.java:309)
	at org.apache.maven.surefire.junit4.JUnit4Provider.execute(JUnit4Provider.java:365)
	at org.apache.maven.surefire.junit4.JUnit4Provider.executeWithRerun(JUnit4Provider.java:273)
	at org.apache.maven.surefire.junit4.JUnit4Provider.executeTestSet(JUnit4Provider.java:238)
	at org.apache.maven.surefire.junit4.JUnit4Provider.invoke(JUnit4Provider.java:159)
	at org.apache.maven.surefire.booter.ForkedBooter.invokeProviderInSameClassLoader(ForkedBooter.java:384)
	at org.apache.maven.surefire.booter.ForkedBooter.runSuitesInProcess(ForkedBooter.java:345)
	at org.apache.maven.surefire.booter.ForkedBooter.execute(ForkedBooter.java:126)
	at org.apache.maven.surefire.booter.ForkedBooter.main(ForkedBooter.java:418)
Caused by: org.apache.ratis.protocol.RaftRetryFailureException: Failed RaftClientRequest:client-171CED268F11->30c43bb2-f349-4ad7-a94b-6a0167b10dd1@group-6BA4A2ED8711, cid=103, seq=1*, RW, org.apache.hadoop.hdds.scm.XceiverClientRatis$$Lambda$457/2093613480@73a3ab78 for 20 attempts with RetryLimited(maxAttempts=20, sleepTime=1000ms)
	at org.apache.ratis.client.impl.RaftClientImpl.noMoreRetries(RaftClientImpl.java:271)
	at org.apache.ratis.client.impl.OrderedAsync.handleAsyncRetryFailure(OrderedAsync.java:138)
	at org.apache.ratis.client.impl.OrderedAsync.lambda$sendRequest$10(OrderedAsync.java:230)
	at java.util.concurrent.CompletableFuture.uniExceptionally(CompletableFuture.java:870)
	at java.util.concurrent.CompletableFuture$UniExceptionally.tryFire(CompletableFuture.java:852)
	at java.util.concurrent.CompletableFuture.postComplete(CompletableFuture.java:474)
	at java.util.concurrent.CompletableFuture.completeExceptionally(CompletableFuture.java:1977)
	at org.apache.ratis.grpc.client.GrpcClientProtocolClient$AsyncStreamObservers.completeReplyExceptionally(GrpcClientProtocolClient.java:339)
	at org.apache.ratis.grpc.client.GrpcClientProtocolClient$AsyncStreamObservers.access$000(GrpcClientProtocolClient.java:255)
	at org.apache.ratis.grpc.client.GrpcClientProtocolClient$AsyncStreamObservers$1.onNext(GrpcClientProtocolClient.java:267)
	at org.apache.ratis.grpc.client.GrpcClientProtocolClient$AsyncStreamObservers$1.onNext(GrpcClientProtocolClient.java:258)
	at org.apache.ratis.thirdparty.io.grpc.stub.ClientCalls$StreamObserverToCallListenerAdapter.onMessage(ClientCalls.java:421)
	at org.apache.ratis.thirdparty.io.grpc.ForwardingClientCallListener.onMessage(ForwardingClientCallListener.java:33)
	at org.apache.ratis.thirdparty.io.grpc.ForwardingClientCallListener.onMessage(ForwardingClientCallListener.java:33)
	at org.apache.ratis.thirdparty.io.grpc.internal.ClientCallImpl$ClientStreamListenerImpl$1MessagesAvailable.runInContext(ClientCallImpl.java:519)
	at org.apache.ratis.thirdparty.io.grpc.internal.ContextRunnable.run(ContextRunnable.java:37)
	at org.apache.ratis.thirdparty.io.grpc.internal.SerializingExecutor.run(SerializingExecutor.java:123)
	at java.util.concurrent.ThreadPoolExecutor.runWorker(ThreadPoolExecutor.java:1149)
	at java.util.concurrent.ThreadPoolExecutor$Worker.run(ThreadPoolExecutor.java:624)
	at java.lang.Thread.run(Thread.java:748)
Caused by: org.apache.ratis.protocol.NotLeaderException: Server 30c43bb2-f349-4ad7-a94b-6a0167b10dd1@group-6BA4A2ED8711 is not the leader
	at org.apache.ratis.client.impl.ClientProtoUtils.toRaftClientReply(ClientProtoUtils.java:243)
	at org.apache.ratis.grpc.client.GrpcClientProtocolClient$AsyncStreamObservers$1.onNext(GrpcClientProtocolClient.java:263)
	... 10 more
</error>
    <system-out><![CDATA[2019-09-23 14:26:18,664 [main] WARN  server.ServerUtils (ServerUtils.java:getScmDbDir(145)) - ozone.scm.db.dirs is not configured. We recommend adding this setting. Falling back to ozone.metadata.dirs instead.
2019-09-23 14:26:18,712 [main] WARN  server.ServerUtils (ServerUtils.java:getScmDbDir(145)) - ozone.scm.db.dirs is not configured. We recommend adding this setting. Falling back to ozone.metadata.dirs instead.
2019-09-23 14:26:18,712 [main] WARN  server.ServerUtils (ServerUtils.java:getScmDbDir(145)) - ozone.scm.db.dirs is not configured. We recommend adding this setting. Falling back to ozone.metadata.dirs instead.
2019-09-23 14:26:18,713 [main] INFO  db.DBStoreBuilder (DBStoreBuilder.java:addTable(110)) - using custom profile for table: deletedBlocks
2019-09-23 14:26:18,713 [main] INFO  db.DBStoreBuilder (DBStoreBuilder.java:processTables(161)) - Using default column profile:DBProfile.DISK for Table:deletedBlocks
2019-09-23 14:26:18,713 [main] INFO  db.DBStoreBuilder (DBStoreBuilder.java:addTable(110)) - using custom profile for table: validCerts
2019-09-23 14:26:18,713 [main] INFO  db.DBStoreBuilder (DBStoreBuilder.java:processTables(161)) - Using default column profile:DBProfile.DISK for Table:validCerts
2019-09-23 14:26:18,713 [main] INFO  db.DBStoreBuilder (DBStoreBuilder.java:addTable(110)) - using custom profile for table: revokedCerts
2019-09-23 14:26:18,713 [main] INFO  db.DBStoreBuilder (DBStoreBuilder.java:processTables(161)) - Using default column profile:DBProfile.DISK for Table:revokedCerts
2019-09-23 14:26:18,714 [main] INFO  db.DBStoreBuilder (DBStoreBuilder.java:addTable(110)) - using custom profile for table: default
2019-09-23 14:26:18,714 [main] INFO  db.DBStoreBuilder (DBStoreBuilder.java:processTables(167)) - Using default column profile:DBProfile.DISK for Table:default
2019-09-23 14:26:18,714 [main] INFO  db.DBStoreBuilder (DBStoreBuilder.java:getDbProfile(198)) - Using default options. DBProfile.DISK
2019-09-23 14:26:19,461 [main] INFO  net.NodeSchemaLoader (NodeSchemaLoader.java:loadSchemaFromFile(125)) - Loading file from sun.misc.CompoundEnumeration@5f395ce1
2019-09-23 14:26:19,461 [main] INFO  net.NodeSchemaLoader (NodeSchemaLoader.java:loadSchema(171)) - Loading network topology layer schema file
2019-09-23 14:26:19,466 [main] WARN  server.ServerUtils (ServerUtils.java:sanitizeUserArgs(70)) - ozone.scm.stale.node.interval value = 300000 is larger than max = 100000 based on the key value of ozone.scm.heartbeat.thread.interval, reset to the max value 100000.
2019-09-23 14:26:19,466 [main] WARN  server.ServerUtils (ServerUtils.java:sanitizeUserArgs(70)) - ozone.scm.stale.node.interval value = 300000 is larger than max = 100000 based on the key value of ozone.scm.heartbeat.thread.interval, reset to the max value 100000.
2019-09-23 14:26:19,467 [main] INFO  node.SCMNodeManager (SCMNodeManager.java:<init>(114)) - Entering startup safe mode.
2019-09-23 14:26:19,467 [main] INFO  algorithms.ContainerPlacementPolicyFactory (ContainerPlacementPolicyFactory.java:getPolicy(57)) - Create container placement policy of type org.apache.hadoop.hdds.scm.container.placement.algorithms.SCMContainerPlacementRandom
2019-09-23 14:26:19,468 [main] WARN  server.ServerUtils (ServerUtils.java:getScmDbDir(145)) - ozone.scm.db.dirs is not configured. We recommend adding this setting. Falling back to ozone.metadata.dirs instead.
2019-09-23 14:26:19,751 [main] INFO  pipeline.SCMPipelineManager (SCMPipelineManager.java:initializePipelineState(132)) - No pipeline exists in current db
2019-09-23 14:26:19,752 [main] WARN  server.ServerUtils (ServerUtils.java:getScmDbDir(145)) - ozone.scm.db.dirs is not configured. We recommend adding this setting. Falling back to ozone.metadata.dirs instead.
2019-09-23 14:26:20,073 [main] WARN  events.EventQueue (EventQueue.java:fireEvent(183)) - No event handler registered for event TypedEvent{payloadType=SafeModeStatus, name='SafeModeStatus'}
2019-09-23 14:26:20,074 [main] INFO  ipc.CallQueueManager (CallQueueManager.java:<init>(84)) - Using callQueue: class java.util.concurrent.LinkedBlockingQueue, queueCapacity: 2000, scheduler: class org.apache.hadoop.ipc.DefaultRpcScheduler, ipcBackoff: false.
2019-09-23 14:26:20,076 [Socket Reader #1 for port 34518] INFO  ipc.Server (Server.java:run(1074)) - Starting Socket Reader #1 for port 34518
2019-09-23 14:26:20,078 [main] INFO  ipc.CallQueueManager (CallQueueManager.java:<init>(84)) - Using callQueue: class java.util.concurrent.LinkedBlockingQueue, queueCapacity: 2000, scheduler: class org.apache.hadoop.ipc.DefaultRpcScheduler, ipcBackoff: false.
2019-09-23 14:26:20,080 [Socket Reader #1 for port 40571] INFO  ipc.Server (Server.java:run(1074)) - Starting Socket Reader #1 for port 40571
2019-09-23 14:26:20,081 [main] INFO  ipc.CallQueueManager (CallQueueManager.java:<init>(84)) - Using callQueue: class java.util.concurrent.LinkedBlockingQueue, queueCapacity: 2000, scheduler: class org.apache.hadoop.ipc.DefaultRpcScheduler, ipcBackoff: false.
2019-09-23 14:26:20,082 [Socket Reader #1 for port 33477] INFO  ipc.Server (Server.java:run(1074)) - Starting Socket Reader #1 for port 33477
2019-09-23 14:26:20,086 [main] INFO  hdfs.DFSUtil (DFSUtil.java:httpServerTemplateForNNAndJN(1641)) - Starting Web-server for scm at: http://0.0.0.0:0
2019-09-23 14:26:20,089 [main] INFO  server.AuthenticationFilter (AuthenticationFilter.java:constructSecretProvider(240)) - Unable to initialize FileSignerSecretProvider, falling back to use random secrets.
2019-09-23 14:26:20,089 [main] WARN  http.HttpRequestLog (HttpRequestLog.java:getRequestLog(97)) - Jetty request log can only be enabled using Log4j
2019-09-23 14:26:20,092 [main] INFO  http.HttpServer2 (HttpServer2.java:addGlobalFilter(975)) - Added global filter 'safety' (class=org.apache.hadoop.http.HttpServer2$QuotingInputFilter)
2019-09-23 14:26:20,093 [main] INFO  http.HttpServer2 (HttpServer2.java:addFilter(948)) - Added filter static_user_filter (class=org.apache.hadoop.http.lib.StaticUserWebFilter$StaticUserFilter) to context scm
2019-09-23 14:26:20,093 [main] INFO  http.HttpServer2 (HttpServer2.java:addFilter(958)) - Added filter static_user_filter (class=org.apache.hadoop.http.lib.StaticUserWebFilter$StaticUserFilter) to context logs
2019-09-23 14:26:20,093 [main] INFO  http.HttpServer2 (HttpServer2.java:addFilter(958)) - Added filter static_user_filter (class=org.apache.hadoop.http.lib.StaticUserWebFilter$StaticUserFilter) to context static
2019-09-23 14:26:20,096 [main] INFO  server.StorageContainerManager (StorageContainerManager.java:start(770)) - StorageContainerLocationProtocol RPC server is listening at /0.0.0.0:33477
2019-09-23 14:26:20,099 [main] WARN  impl.MetricsConfig (MetricsConfig.java:loadFirst(134)) - Cannot locate configuration: tried hadoop-metrics2-storagecontainermanager.properties,hadoop-metrics2.properties
2019-09-23 14:26:20,100 [main] INFO  impl.MetricsSystemImpl (MetricsSystemImpl.java:startTimer(374)) - Scheduled Metric snapshot period at 10 second(s).
2019-09-23 14:26:20,100 [main] INFO  impl.MetricsSystemImpl (MetricsSystemImpl.java:start(191)) - StorageContainerManager metrics system started
2019-09-23 14:26:20,135 [main] WARN  impl.MetricsSystemImpl (MetricsSystemImpl.java:register(276)) - Sink prometheus already exists!
2019-09-23 14:26:20,212 [main] INFO  server.SCMClientProtocolServer (SCMClientProtocolServer.java:start(151)) - RPC server for Client  is listening at /0.0.0.0:33477
2019-09-23 14:26:20,212 [IPC Server Responder] INFO  ipc.Server (Server.java:run(1314)) - IPC Server Responder: starting
2019-09-23 14:26:20,212 [IPC Server listener on 33477] INFO  ipc.Server (Server.java:run(1153)) - IPC Server listener on 33477: starting
2019-09-23 14:26:20,217 [main] INFO  server.StorageContainerManager (StorageContainerManager.java:start(780)) - ScmBlockLocationProtocol RPC server is listening at /0.0.0.0:40571
2019-09-23 14:26:20,217 [main] INFO  server.SCMBlockProtocolServer (SCMBlockProtocolServer.java:start(146)) - RPC server for Block Protocol is listening at /0.0.0.0:40571
2019-09-23 14:26:20,217 [IPC Server Responder] INFO  ipc.Server (Server.java:run(1314)) - IPC Server Responder: starting
2019-09-23 14:26:20,217 [IPC Server listener on 40571] INFO  ipc.Server (Server.java:run(1153)) - IPC Server listener on 40571: starting
2019-09-23 14:26:20,222 [main] INFO  server.StorageContainerManager (StorageContainerManager.java:start(784)) - ScmDatanodeProtocl RPC server is listening at /0.0.0.0:34518
2019-09-23 14:26:20,222 [main] INFO  server.SCMDatanodeProtocolServer (SCMDatanodeProtocolServer.java:start(191)) - RPC server for DataNodes is listening at /0.0.0.0:34518
2019-09-23 14:26:20,222 [IPC Server Responder] INFO  ipc.Server (Server.java:run(1314)) - IPC Server Responder: starting
2019-09-23 14:26:20,222 [IPC Server listener on 34518] INFO  ipc.Server (Server.java:run(1153)) - IPC Server listener on 34518: starting
2019-09-23 14:26:20,227 [main] INFO  http.HttpServer2 (HttpServer2.java:bindListener(1191)) - Jetty bound to port 34407
2019-09-23 14:26:20,227 [main] INFO  server.Server (Server.java:doStart(351)) - jetty-9.3.25.v20180904, build timestamp: 2018-09-04T21:11:46Z, git hash: 3ce520221d0240229c862b122d2b06c12a625732
2019-09-23 14:26:20,229 [main] INFO  handler.ContextHandler (ContextHandler.java:doStart(781)) - Started o.e.j.s.ServletContextHandler@6d0290d8{/logs,file:///workdir/hadoop-ozone/integration-test/target/log,AVAILABLE}
2019-09-23 14:26:20,229 [main] INFO  handler.ContextHandler (ContextHandler.java:doStart(781)) - Started o.e.j.s.ServletContextHandler@632383b9{/static,file:///workdir/hadoop-ozone/integration-test/target/test-classes/webapps/static,AVAILABLE}
2019-09-23 14:26:20,233 [main] INFO  handler.ContextHandler (ContextHandler.java:doStart(781)) - Started o.e.j.w.WebAppContext@7a84788f{/,file:///workdir/hadoop-ozone/integration-test/target/test-classes/webapps/scm/,AVAILABLE}{/scm}
2019-09-23 14:26:20,233 [main] INFO  server.AbstractConnector (AbstractConnector.java:doStart(278)) - Started ServerConnector@102c18e{HTTP/1.1,[http/1.1]}{0.0.0.0:34407}
2019-09-23 14:26:20,234 [main] INFO  server.Server (Server.java:doStart(419)) - Started @245335ms
2019-09-23 14:26:20,234 [main] WARN  impl.MetricsSystemImpl (MetricsSystemImpl.java:register(276)) - Sink prometheus already exists!
2019-09-23 14:26:20,235 [main] INFO  server.BaseHttpServer (BaseHttpServer.java:updateConnectorAddress(215)) - HTTP server of SCM is listening at http://0.0.0.0:34407
2019-09-23 14:26:20,236 [main] WARN  server.ServerUtils (ServerUtils.java:getDBPath(222)) - ozone.om.db.dirs is not configured. We recommend adding this setting. Falling back to ozone.metadata.dirs instead.
2019-09-23 14:26:20,236 [org.apache.hadoop.util.JvmPauseMonitor$Monitor@65eb3597] INFO  util.JvmPauseMonitor (JvmPauseMonitor.java:run(188)) - Starting JVM pause monitor
2019-09-23 14:26:20,415 [main] WARN  server.ServerUtils (ServerUtils.java:getDBPath(222)) - ozone.om.db.dirs is not configured. We recommend adding this setting. Falling back to ozone.metadata.dirs instead.
2019-09-23 14:26:20,415 [main] WARN  server.ServerUtils (ServerUtils.java:getDBPath(222)) - ozone.om.db.dirs is not configured. We recommend adding this setting. Falling back to ozone.metadata.dirs instead.
2019-09-23 14:26:20,416 [main] INFO  om.OzoneManager (OzoneManager.java:setOMNodeDetails(652)) - OM Service ID is not set. Setting it to the default ID: omServiceIdDefault
2019-09-23 14:26:20,416 [main] INFO  om.OzoneManager (OzoneManager.java:setOMNodeDetails(658)) - OM Node ID is not set. Setting it to the OmStorage's OmID: 8d2d4424-b0e0-42f1-8843-e7deb03c1bb2
2019-09-23 14:26:20,416 [main] INFO  om.OzoneManager (OzoneManager.java:loadOMHAConfigs(609)) - Found matching OM address with OMServiceId: null, OMNodeId: null, RPC Address: localhost:0 and Ratis port: 9872
2019-09-23 14:26:20,422 [main] WARN  server.ServerUtils (ServerUtils.java:getDBPath(222)) - ozone.om.db.dirs is not configured. We recommend adding this setting. Falling back to ozone.metadata.dirs instead.
2019-09-23 14:26:20,423 [main] INFO  db.DBStoreBuilder (DBStoreBuilder.java:addTable(110)) - using custom profile for table: userTable
2019-09-23 14:26:20,423 [main] INFO  db.DBStoreBuilder (DBStoreBuilder.java:processTables(161)) - Using default column profile:DBProfile.DISK for Table:userTable
2019-09-23 14:26:20,423 [main] INFO  db.DBStoreBuilder (DBStoreBuilder.java:addTable(110)) - using custom profile for table: volumeTable
2019-09-23 14:26:20,423 [main] INFO  db.DBStoreBuilder (DBStoreBuilder.java:processTables(161)) - Using default column profile:DBProfile.DISK for Table:volumeTable
2019-09-23 14:26:20,423 [main] INFO  db.DBStoreBuilder (DBStoreBuilder.java:addTable(110)) - using custom profile for table: bucketTable
2019-09-23 14:26:20,424 [main] INFO  db.DBStoreBuilder (DBStoreBuilder.java:processTables(161)) - Using default column profile:DBProfile.DISK for Table:bucketTable
2019-09-23 14:26:20,424 [main] INFO  db.DBStoreBuilder (DBStoreBuilder.java:addTable(110)) - using custom profile for table: keyTable
2019-09-23 14:26:20,424 [main] INFO  db.DBStoreBuilder (DBStoreBuilder.java:processTables(161)) - Using default column profile:DBProfile.DISK for Table:keyTable
2019-09-23 14:26:20,424 [main] INFO  db.DBStoreBuilder (DBStoreBuilder.java:addTable(110)) - using custom profile for table: deletedTable
2019-09-23 14:26:20,424 [main] INFO  db.DBStoreBuilder (DBStoreBuilder.java:processTables(161)) - Using default column profile:DBProfile.DISK for Table:deletedTable
2019-09-23 14:26:20,424 [main] INFO  db.DBStoreBuilder (DBStoreBuilder.java:addTable(110)) - using custom profile for table: openKeyTable
2019-09-23 14:26:20,425 [main] INFO  db.DBStoreBuilder (DBStoreBuilder.java:processTables(161)) - Using default column profile:DBProfile.DISK for Table:openKeyTable
2019-09-23 14:26:20,425 [main] INFO  db.DBStoreBuilder (DBStoreBuilder.java:addTable(110)) - using custom profile for table: s3Table
2019-09-23 14:26:20,425 [main] INFO  db.DBStoreBuilder (DBStoreBuilder.java:processTables(161)) - Using default column profile:DBProfile.DISK for Table:s3Table
2019-09-23 14:26:20,425 [main] INFO  db.DBStoreBuilder (DBStoreBuilder.java:addTable(110)) - using custom profile for table: multipartInfoTable
2019-09-23 14:26:20,425 [main] INFO  db.DBStoreBuilder (DBStoreBuilder.java:processTables(161)) - Using default column profile:DBProfile.DISK for Table:multipartInfoTable
2019-09-23 14:26:20,425 [main] INFO  db.DBStoreBuilder (DBStoreBuilder.java:addTable(110)) - using custom profile for table: dTokenTable
2019-09-23 14:26:20,426 [main] INFO  db.DBStoreBuilder (DBStoreBuilder.java:processTables(161)) - Using default column profile:DBProfile.DISK for Table:dTokenTable
2019-09-23 14:26:20,426 [main] INFO  db.DBStoreBuilder (DBStoreBuilder.java:addTable(110)) - using custom profile for table: s3SecretTable
2019-09-23 14:26:20,426 [main] INFO  db.DBStoreBuilder (DBStoreBuilder.java:processTables(161)) - Using default column profile:DBProfile.DISK for Table:s3SecretTable
2019-09-23 14:26:20,426 [main] INFO  db.DBStoreBuilder (DBStoreBuilder.java:addTable(110)) - using custom profile for table: prefixTable
2019-09-23 14:26:20,426 [main] INFO  db.DBStoreBuilder (DBStoreBuilder.java:processTables(161)) - Using default column profile:DBProfile.DISK for Table:prefixTable
2019-09-23 14:26:20,426 [main] INFO  db.DBStoreBuilder (DBStoreBuilder.java:addTable(110)) - using custom profile for table: default
2019-09-23 14:26:20,427 [main] INFO  db.DBStoreBuilder (DBStoreBuilder.java:processTables(167)) - Using default column profile:DBProfile.DISK for Table:default
2019-09-23 14:26:20,427 [main] INFO  db.DBStoreBuilder (DBStoreBuilder.java:getDbProfile(198)) - Using default options. DBProfile.DISK
2019-09-23 14:26:26,983 [main] INFO  ipc.CallQueueManager (CallQueueManager.java:<init>(84)) - Using callQueue: class java.util.concurrent.LinkedBlockingQueue, queueCapacity: 2000, scheduler: class org.apache.hadoop.ipc.DefaultRpcScheduler, ipcBackoff: false.
2019-09-23 14:26:26,985 [Socket Reader #1 for port 36966] INFO  ipc.Server (Server.java:run(1074)) - Starting Socket Reader #1 for port 36966
2019-09-23 14:26:27,016 [main] INFO  om.OzoneManager (OzoneManager.java:start(1243)) - OzoneManager RPC server is listening at localhost/127.0.0.1:36966
2019-09-23 14:26:27,016 [main] INFO  impl.MetricsSystemImpl (MetricsSystemImpl.java:init(158)) - OzoneManager metrics system started (again)
2019-09-23 14:26:27,017 [IPC Server Responder] INFO  ipc.Server (Server.java:run(1314)) - IPC Server Responder: starting
2019-09-23 14:26:27,017 [IPC Server listener on 36966] INFO  ipc.Server (Server.java:run(1153)) - IPC Server listener on 36966: starting
2019-09-23 14:26:27,029 [main] INFO  hdfs.DFSUtil (DFSUtil.java:httpServerTemplateForNNAndJN(1641)) - Starting Web-server for ozoneManager at: http://0.0.0.0:0
2019-09-23 14:26:27,033 [main] INFO  server.AuthenticationFilter (AuthenticationFilter.java:constructSecretProvider(240)) - Unable to initialize FileSignerSecretProvider, falling back to use random secrets.
2019-09-23 14:26:27,034 [main] WARN  http.HttpRequestLog (HttpRequestLog.java:getRequestLog(97)) - Jetty request log can only be enabled using Log4j
2019-09-23 14:26:27,037 [main] INFO  http.HttpServer2 (HttpServer2.java:addGlobalFilter(975)) - Added global filter 'safety' (class=org.apache.hadoop.http.HttpServer2$QuotingInputFilter)
2019-09-23 14:26:27,038 [main] INFO  http.HttpServer2 (HttpServer2.java:addFilter(948)) - Added filter static_user_filter (class=org.apache.hadoop.http.lib.StaticUserWebFilter$StaticUserFilter) to context ozoneManager
2019-09-23 14:26:27,038 [main] INFO  http.HttpServer2 (HttpServer2.java:addFilter(958)) - Added filter static_user_filter (class=org.apache.hadoop.http.lib.StaticUserWebFilter$StaticUserFilter) to context logs
2019-09-23 14:26:27,038 [main] INFO  http.HttpServer2 (HttpServer2.java:addFilter(958)) - Added filter static_user_filter (class=org.apache.hadoop.http.lib.StaticUserWebFilter$StaticUserFilter) to context static
2019-09-23 14:26:27,040 [main] INFO  http.HttpServer2 (HttpServer2.java:bindListener(1191)) - Jetty bound to port 40898
2019-09-23 14:26:27,040 [main] INFO  server.Server (Server.java:doStart(351)) - jetty-9.3.25.v20180904, build timestamp: 2018-09-04T21:11:46Z, git hash: 3ce520221d0240229c862b122d2b06c12a625732
2019-09-23 14:26:27,043 [main] INFO  handler.ContextHandler (ContextHandler.java:doStart(781)) - Started o.e.j.s.ServletContextHandler@5ec88f9e{/logs,file:///workdir/hadoop-ozone/integration-test/target/log,AVAILABLE}
2019-09-23 14:26:27,044 [main] INFO  handler.ContextHandler (ContextHandler.java:doStart(781)) - Started o.e.j.s.ServletContextHandler@3b11620a{/static,file:///workdir/hadoop-ozone/integration-test/target/test-classes/webapps/static,AVAILABLE}
2019-09-23 14:26:27,051 [main] INFO  handler.ContextHandler (ContextHandler.java:doStart(781)) - Started o.e.j.w.WebAppContext@5c4cc644{/,file:///workdir/hadoop-ozone/integration-test/target/test-classes/webapps/ozoneManager/,AVAILABLE}{/ozoneManager}
2019-09-23 14:26:27,052 [main] INFO  server.AbstractConnector (AbstractConnector.java:doStart(278)) - Started ServerConnector@21f7e537{HTTP/1.1,[http/1.1]}{0.0.0.0:40898}
2019-09-23 14:26:27,053 [main] INFO  server.Server (Server.java:doStart(419)) - Started @252154ms
2019-09-23 14:26:27,053 [main] WARN  impl.MetricsSystemImpl (MetricsSystemImpl.java:register(276)) - Sink prometheus already exists!
2019-09-23 14:26:27,054 [main] INFO  server.BaseHttpServer (BaseHttpServer.java:updateConnectorAddress(215)) - HTTP server of OZONEMANAGER is listening at http://0.0.0.0:40898
2019-09-23 14:26:27,073 [main] INFO  impl.MetricsSystemImpl (MetricsSystemImpl.java:init(158)) - HddsDatanode metrics system started (again)
2019-09-23 14:26:27,077 [main] INFO  ozone.HddsDatanodeService (HddsDatanodeService.java:start(184)) - HddsDatanodeService host:pr-hdds-2165-pmv7s-2889624754 ip:192.168.5.170
2019-09-23 14:26:27,085 [main] INFO  volume.HddsVolume (HddsVolume.java:<init>(176)) - Creating Volume: /workdir/hadoop-ozone/integration-test/target/test-dir/MiniOzoneClusterImpl-532f3ee3-dcd1-4407-90fc-0b419f7c30a5/datanode-0/data/containers/hdds of  storage type : DISK and capacity : 1482555576320
2019-09-23 14:26:27,085 [main] INFO  volume.VolumeSet (VolumeSet.java:initializeVolumeSet(170)) - Added Volume : /workdir/hadoop-ozone/integration-test/target/test-dir/MiniOzoneClusterImpl-532f3ee3-dcd1-4407-90fc-0b419f7c30a5/datanode-0/data/containers/hdds to VolumeSet
2019-09-23 14:26:27,085 [main] INFO  volume.ThrottledAsyncChecker (ThrottledAsyncChecker.java:schedule(139)) - Scheduling a check for org.apache.hadoop.ozone.container.common.volume.HddsVolume@560271a1
2019-09-23 14:26:27,086 [main] INFO  volume.HddsVolumeChecker (HddsVolumeChecker.java:checkAllVolumes(202)) - Scheduled health check for volume org.apache.hadoop.ozone.container.common.volume.HddsVolume@560271a1
2019-09-23 14:26:27,102 [main] INFO  impl.RaftServerProxy (ConfUtils.java:logGet(43)) - raft.rpc.type = GRPC (default)
2019-09-23 14:26:27,103 [main] INFO  grpc.GrpcFactory (GrpcFactory.java:checkPooledByteBufAllocatorUseCacheForAllThreads(45)) - PERFORMANCE WARNING: useCacheForAllThreads is true that may cause Netty to create a lot garbage objects and, as a result, trigger GC.
	It is recommended to disable useCacheForAllThreads by setting -Dorg.apache.ratis.thirdparty.io.netty.allocator.useCacheForAllThreads=false in command line.
2019-09-23 14:26:27,103 [main] INFO  grpc.GrpcConfigKeys$Server (ConfUtils.java:logGet(43)) - raft.grpc.server.port = 0 (default)
2019-09-23 14:26:27,103 [main] INFO  server.GrpcService (ConfUtils.java:logGet(43)) - raft.grpc.message.size.max = 33570816 (custom)
2019-09-23 14:26:27,103 [main] INFO  server.RaftServerConfigKeys (ConfUtils.java:logGet(43)) - raft.server.log.appender.buffer.byte-limit = 33554432 (custom)
2019-09-23 14:26:27,104 [main] INFO  server.GrpcService (ConfUtils.java:logGet(43)) - raft.grpc.flow.control.window = 1MB (=1048576) (default)
2019-09-23 14:26:27,104 [main] INFO  server.RaftServerConfigKeys (ConfUtils.java:logGet(43)) - raft.server.rpc.request.timeout = 3000ms (default)
2019-09-23 14:26:27,105 [main] INFO  server.RaftServerConfigKeys (ConfUtils.java:logGet(43)) - raft.server.storage.dir = [/workdir/hadoop-ozone/integration-test/target/test-dir/MiniOzoneClusterImpl-532f3ee3-dcd1-4407-90fc-0b419f7c30a5/datanode-0/data/ratis] (custom)
2019-09-23 14:26:27,108 [main] INFO  hdfs.DFSUtil (DFSUtil.java:httpServerTemplateForNNAndJN(1641)) - Starting Web-server for hddsDatanode at: http://0.0.0.0:0
2019-09-23 14:26:27,109 [main] INFO  server.AuthenticationFilter (AuthenticationFilter.java:constructSecretProvider(240)) - Unable to initialize FileSignerSecretProvider, falling back to use random secrets.
2019-09-23 14:26:27,110 [main] WARN  http.HttpRequestLog (HttpRequestLog.java:getRequestLog(97)) - Jetty request log can only be enabled using Log4j
2019-09-23 14:26:27,111 [main] INFO  http.HttpServer2 (HttpServer2.java:addGlobalFilter(975)) - Added global filter 'safety' (class=org.apache.hadoop.http.HttpServer2$QuotingInputFilter)
2019-09-23 14:26:27,111 [main] INFO  http.HttpServer2 (HttpServer2.java:addFilter(948)) - Added filter static_user_filter (class=org.apache.hadoop.http.lib.StaticUserWebFilter$StaticUserFilter) to context hddsDatanode
2019-09-23 14:26:27,111 [main] INFO  http.HttpServer2 (HttpServer2.java:addFilter(958)) - Added filter static_user_filter (class=org.apache.hadoop.http.lib.StaticUserWebFilter$StaticUserFilter) to context static
2019-09-23 14:26:27,111 [main] INFO  http.HttpServer2 (HttpServer2.java:addFilter(958)) - Added filter static_user_filter (class=org.apache.hadoop.http.lib.StaticUserWebFilter$StaticUserFilter) to context logs
2019-09-23 14:26:27,112 [main] INFO  http.HttpServer2 (HttpServer2.java:bindListener(1191)) - Jetty bound to port 38076
2019-09-23 14:26:27,112 [main] INFO  server.Server (Server.java:doStart(351)) - jetty-9.3.25.v20180904, build timestamp: 2018-09-04T21:11:46Z, git hash: 3ce520221d0240229c862b122d2b06c12a625732
2019-09-23 14:26:27,114 [main] INFO  handler.ContextHandler (ContextHandler.java:doStart(781)) - Started o.e.j.s.ServletContextHandler@7c950b3b{/logs,file:///workdir/hadoop-ozone/integration-test/target/log,AVAILABLE}
2019-09-23 14:26:27,114 [main] INFO  handler.ContextHandler (ContextHandler.java:doStart(781)) - Started o.e.j.s.ServletContextHandler@6806468e{/static,jar:file:/home/user/.m2/repository/org/apache/hadoop/hadoop-hdds-container-service/0.5.0-SNAPSHOT/hadoop-hdds-container-service-0.5.0-SNAPSHOT.jar!/webapps/static,AVAILABLE}
2019-09-23 14:26:27,139 [main] INFO  handler.ContextHandler (ContextHandler.java:doStart(781)) - Started o.e.j.w.WebAppContext@5b1c32e4{/,file:///tmp/jetty-0.0.0.0-38076-hddsDatanode-_-any-6485936894015705978.dir/webapp/,AVAILABLE}{/hddsDatanode}
2019-09-23 14:26:27,140 [main] INFO  server.AbstractConnector (AbstractConnector.java:doStart(278)) - Started ServerConnector@2bab618{HTTP/1.1,[http/1.1]}{0.0.0.0:38076}
2019-09-23 14:26:27,141 [main] INFO  server.Server (Server.java:doStart(419)) - Started @252243ms
2019-09-23 14:26:27,141 [main] WARN  impl.MetricsSystemImpl (MetricsSystemImpl.java:register(276)) - Sink prometheus already exists!
2019-09-23 14:26:27,142 [main] INFO  server.BaseHttpServer (BaseHttpServer.java:updateConnectorAddress(215)) - HTTP server of HDDSDATANODE is listening at http://0.0.0.0:38076
2019-09-23 14:26:27,142 [main] INFO  impl.MetricsSystemImpl (MetricsSystemImpl.java:init(158)) - HddsDatanode metrics system started (again)
2019-09-23 14:26:27,145 [org.apache.hadoop.util.JvmPauseMonitor$Monitor@9020148] INFO  util.JvmPauseMonitor (JvmPauseMonitor.java:run(188)) - Starting JVM pause monitor
2019-09-23 14:26:27,146 [main] INFO  ozone.HddsDatanodeService (HddsDatanodeService.java:start(184)) - HddsDatanodeService host:pr-hdds-2165-pmv7s-2889624754 ip:192.168.5.170
2019-09-23 14:26:27,147 [Datanode State Machine Thread - 0] INFO  datanode.InitDatanodeState (InitDatanodeState.java:persistContainerDatanodeDetails(140)) - DatanodeDetails is persisted to /workdir/hadoop-ozone/integration-test/target/test-dir/MiniOzoneClusterImpl-532f3ee3-dcd1-4407-90fc-0b419f7c30a5/datanode-0/meta/datanode.id
2019-09-23 14:26:27,152 [main] INFO  volume.HddsVolume (HddsVolume.java:<init>(176)) - Creating Volume: /workdir/hadoop-ozone/integration-test/target/test-dir/MiniOzoneClusterImpl-532f3ee3-dcd1-4407-90fc-0b419f7c30a5/datanode-1/data/containers/hdds of  storage type : DISK and capacity : 1482555576320
2019-09-23 14:26:27,152 [main] INFO  volume.VolumeSet (VolumeSet.java:initializeVolumeSet(170)) - Added Volume : /workdir/hadoop-ozone/integration-test/target/test-dir/MiniOzoneClusterImpl-532f3ee3-dcd1-4407-90fc-0b419f7c30a5/datanode-1/data/containers/hdds to VolumeSet
2019-09-23 14:26:27,152 [main] INFO  volume.ThrottledAsyncChecker (ThrottledAsyncChecker.java:schedule(139)) - Scheduling a check for org.apache.hadoop.ozone.container.common.volume.HddsVolume@1e40fbb3
2019-09-23 14:26:27,153 [main] INFO  volume.HddsVolumeChecker (HddsVolumeChecker.java:checkAllVolumes(202)) - Scheduled health check for volume org.apache.hadoop.ozone.container.common.volume.HddsVolume@1e40fbb3
2019-09-23 14:26:27,164 [main] INFO  impl.RaftServerProxy (ConfUtils.java:logGet(43)) - raft.rpc.type = GRPC (default)
2019-09-23 14:26:27,165 [main] INFO  grpc.GrpcFactory (GrpcFactory.java:checkPooledByteBufAllocatorUseCacheForAllThreads(45)) - PERFORMANCE WARNING: useCacheForAllThreads is true that may cause Netty to create a lot garbage objects and, as a result, trigger GC.
	It is recommended to disable useCacheForAllThreads by setting -Dorg.apache.ratis.thirdparty.io.netty.allocator.useCacheForAllThreads=false in command line.
2019-09-23 14:26:27,165 [main] INFO  grpc.GrpcConfigKeys$Server (ConfUtils.java:logGet(43)) - raft.grpc.server.port = 0 (default)
2019-09-23 14:26:27,165 [main] INFO  server.GrpcService (ConfUtils.java:logGet(43)) - raft.grpc.message.size.max = 33570816 (custom)
2019-09-23 14:26:27,165 [main] INFO  server.RaftServerConfigKeys (ConfUtils.java:logGet(43)) - raft.server.log.appender.buffer.byte-limit = 33554432 (custom)
2019-09-23 14:26:27,165 [main] INFO  server.GrpcService (ConfUtils.java:logGet(43)) - raft.grpc.flow.control.window = 1MB (=1048576) (default)
2019-09-23 14:26:27,165 [main] INFO  server.RaftServerConfigKeys (ConfUtils.java:logGet(43)) - raft.server.rpc.request.timeout = 3000ms (default)
2019-09-23 14:26:27,166 [main] INFO  server.RaftServerConfigKeys (ConfUtils.java:logGet(43)) - raft.server.storage.dir = [/workdir/hadoop-ozone/integration-test/target/test-dir/MiniOzoneClusterImpl-532f3ee3-dcd1-4407-90fc-0b419f7c30a5/datanode-1/data/ratis] (custom)
2019-09-23 14:26:27,167 [main] INFO  hdfs.DFSUtil (DFSUtil.java:httpServerTemplateForNNAndJN(1641)) - Starting Web-server for hddsDatanode at: http://0.0.0.0:0
2019-09-23 14:26:27,168 [main] INFO  server.AuthenticationFilter (AuthenticationFilter.java:constructSecretProvider(240)) - Unable to initialize FileSignerSecretProvider, falling back to use random secrets.
2019-09-23 14:26:27,168 [main] WARN  http.HttpRequestLog (HttpRequestLog.java:getRequestLog(97)) - Jetty request log can only be enabled using Log4j
2019-09-23 14:26:27,169 [main] INFO  http.HttpServer2 (HttpServer2.java:addGlobalFilter(975)) - Added global filter 'safety' (class=org.apache.hadoop.http.HttpServer2$QuotingInputFilter)
2019-09-23 14:26:27,170 [main] INFO  http.HttpServer2 (HttpServer2.java:addFilter(948)) - Added filter static_user_filter (class=org.apache.hadoop.http.lib.StaticUserWebFilter$StaticUserFilter) to context hddsDatanode
2019-09-23 14:26:27,170 [main] INFO  http.HttpServer2 (HttpServer2.java:addFilter(958)) - Added filter static_user_filter (class=org.apache.hadoop.http.lib.StaticUserWebFilter$StaticUserFilter) to context static
2019-09-23 14:26:27,170 [main] INFO  http.HttpServer2 (HttpServer2.java:addFilter(958)) - Added filter static_user_filter (class=org.apache.hadoop.http.lib.StaticUserWebFilter$StaticUserFilter) to context logs
2019-09-23 14:26:27,171 [main] INFO  http.HttpServer2 (HttpServer2.java:bindListener(1191)) - Jetty bound to port 41508
2019-09-23 14:26:27,171 [main] INFO  server.Server (Server.java:doStart(351)) - jetty-9.3.25.v20180904, build timestamp: 2018-09-04T21:11:46Z, git hash: 3ce520221d0240229c862b122d2b06c12a625732
2019-09-23 14:26:27,172 [main] INFO  handler.ContextHandler (ContextHandler.java:doStart(781)) - Started o.e.j.s.ServletContextHandler@585513a8{/logs,file:///workdir/hadoop-ozone/integration-test/target/log,AVAILABLE}
2019-09-23 14:26:27,173 [main] INFO  handler.ContextHandler (ContextHandler.java:doStart(781)) - Started o.e.j.s.ServletContextHandler@30f28b5{/static,jar:file:/home/user/.m2/repository/org/apache/hadoop/hadoop-hdds-container-service/0.5.0-SNAPSHOT/hadoop-hdds-container-service-0.5.0-SNAPSHOT.jar!/webapps/static,AVAILABLE}
2019-09-23 14:26:27,197 [main] INFO  handler.ContextHandler (ContextHandler.java:doStart(781)) - Started o.e.j.w.WebAppContext@2a8dd942{/,file:///tmp/jetty-0.0.0.0-41508-hddsDatanode-_-any-3400108612188856399.dir/webapp/,AVAILABLE}{/hddsDatanode}
2019-09-23 14:26:27,198 [main] INFO  server.AbstractConnector (AbstractConnector.java:doStart(278)) - Started ServerConnector@2322e56f{HTTP/1.1,[http/1.1]}{0.0.0.0:41508}
2019-09-23 14:26:27,200 [main] INFO  server.Server (Server.java:doStart(419)) - Started @252301ms
2019-09-23 14:26:27,200 [main] WARN  impl.MetricsSystemImpl (MetricsSystemImpl.java:register(276)) - Sink prometheus already exists!
2019-09-23 14:26:27,200 [main] INFO  server.BaseHttpServer (BaseHttpServer.java:updateConnectorAddress(215)) - HTTP server of HDDSDATANODE is listening at http://0.0.0.0:41508
2019-09-23 14:26:27,201 [main] INFO  impl.MetricsSystemImpl (MetricsSystemImpl.java:init(158)) - HddsDatanode metrics system started (again)
2019-09-23 14:26:27,204 [org.apache.hadoop.util.JvmPauseMonitor$Monitor@3611afab] INFO  util.JvmPauseMonitor (JvmPauseMonitor.java:run(188)) - Starting JVM pause monitor
2019-09-23 14:26:27,204 [main] INFO  ozone.HddsDatanodeService (HddsDatanodeService.java:start(184)) - HddsDatanodeService host:pr-hdds-2165-pmv7s-2889624754 ip:192.168.5.170
2019-09-23 14:26:27,205 [Datanode State Machine Thread - 0] INFO  datanode.InitDatanodeState (InitDatanodeState.java:persistContainerDatanodeDetails(140)) - DatanodeDetails is persisted to /workdir/hadoop-ozone/integration-test/target/test-dir/MiniOzoneClusterImpl-532f3ee3-dcd1-4407-90fc-0b419f7c30a5/datanode-1/meta/datanode.id
2019-09-23 14:26:27,211 [main] INFO  volume.HddsVolume (HddsVolume.java:<init>(176)) - Creating Volume: /workdir/hadoop-ozone/integration-test/target/test-dir/MiniOzoneClusterImpl-532f3ee3-dcd1-4407-90fc-0b419f7c30a5/datanode-2/data/containers/hdds of  storage type : DISK and capacity : 1482555576320
2019-09-23 14:26:27,211 [main] INFO  volume.VolumeSet (VolumeSet.java:initializeVolumeSet(170)) - Added Volume : /workdir/hadoop-ozone/integration-test/target/test-dir/MiniOzoneClusterImpl-532f3ee3-dcd1-4407-90fc-0b419f7c30a5/datanode-2/data/containers/hdds to VolumeSet
2019-09-23 14:26:27,211 [main] INFO  volume.ThrottledAsyncChecker (ThrottledAsyncChecker.java:schedule(139)) - Scheduling a check for org.apache.hadoop.ozone.container.common.volume.HddsVolume@4f1afe8f
2019-09-23 14:26:27,212 [main] INFO  volume.HddsVolumeChecker (HddsVolumeChecker.java:checkAllVolumes(202)) - Scheduled health check for volume org.apache.hadoop.ozone.container.common.volume.HddsVolume@4f1afe8f
2019-09-23 14:26:27,223 [main] INFO  impl.RaftServerProxy (ConfUtils.java:logGet(43)) - raft.rpc.type = GRPC (default)
2019-09-23 14:26:27,224 [main] INFO  grpc.GrpcFactory (GrpcFactory.java:checkPooledByteBufAllocatorUseCacheForAllThreads(45)) - PERFORMANCE WARNING: useCacheForAllThreads is true that may cause Netty to create a lot garbage objects and, as a result, trigger GC.
	It is recommended to disable useCacheForAllThreads by setting -Dorg.apache.ratis.thirdparty.io.netty.allocator.useCacheForAllThreads=false in command line.
2019-09-23 14:26:27,224 [main] INFO  grpc.GrpcConfigKeys$Server (ConfUtils.java:logGet(43)) - raft.grpc.server.port = 0 (default)
2019-09-23 14:26:27,224 [main] INFO  server.GrpcService (ConfUtils.java:logGet(43)) - raft.grpc.message.size.max = 33570816 (custom)
2019-09-23 14:26:27,224 [main] INFO  server.RaftServerConfigKeys (ConfUtils.java:logGet(43)) - raft.server.log.appender.buffer.byte-limit = 33554432 (custom)
2019-09-23 14:26:27,224 [main] INFO  server.GrpcService (ConfUtils.java:logGet(43)) - raft.grpc.flow.control.window = 1MB (=1048576) (default)
2019-09-23 14:26:27,224 [main] INFO  server.RaftServerConfigKeys (ConfUtils.java:logGet(43)) - raft.server.rpc.request.timeout = 3000ms (default)
2019-09-23 14:26:27,225 [main] INFO  server.RaftServerConfigKeys (ConfUtils.java:logGet(43)) - raft.server.storage.dir = [/workdir/hadoop-ozone/integration-test/target/test-dir/MiniOzoneClusterImpl-532f3ee3-dcd1-4407-90fc-0b419f7c30a5/datanode-2/data/ratis] (custom)
2019-09-23 14:26:27,226 [main] INFO  hdfs.DFSUtil (DFSUtil.java:httpServerTemplateForNNAndJN(1641)) - Starting Web-server for hddsDatanode at: http://0.0.0.0:0
2019-09-23 14:26:27,227 [main] INFO  server.AuthenticationFilter (AuthenticationFilter.java:constructSecretProvider(240)) - Unable to initialize FileSignerSecretProvider, falling back to use random secrets.
2019-09-23 14:26:27,228 [main] WARN  http.HttpRequestLog (HttpRequestLog.java:getRequestLog(97)) - Jetty request log can only be enabled using Log4j
2019-09-23 14:26:27,229 [main] INFO  http.HttpServer2 (HttpServer2.java:addGlobalFilter(975)) - Added global filter 'safety' (class=org.apache.hadoop.http.HttpServer2$QuotingInputFilter)
2019-09-23 14:26:27,229 [main] INFO  http.HttpServer2 (HttpServer2.java:addFilter(948)) - Added filter static_user_filter (class=org.apache.hadoop.http.lib.StaticUserWebFilter$StaticUserFilter) to context hddsDatanode
2019-09-23 14:26:27,229 [main] INFO  http.HttpServer2 (HttpServer2.java:addFilter(958)) - Added filter static_user_filter (class=org.apache.hadoop.http.lib.StaticUserWebFilter$StaticUserFilter) to context logs
2019-09-23 14:26:27,229 [main] INFO  http.HttpServer2 (HttpServer2.java:addFilter(958)) - Added filter static_user_filter (class=org.apache.hadoop.http.lib.StaticUserWebFilter$StaticUserFilter) to context static
2019-09-23 14:26:27,230 [main] INFO  http.HttpServer2 (HttpServer2.java:bindListener(1191)) - Jetty bound to port 35148
2019-09-23 14:26:27,230 [main] INFO  server.Server (Server.java:doStart(351)) - jetty-9.3.25.v20180904, build timestamp: 2018-09-04T21:11:46Z, git hash: 3ce520221d0240229c862b122d2b06c12a625732
2019-09-23 14:26:27,232 [main] INFO  handler.ContextHandler (ContextHandler.java:doStart(781)) - Started o.e.j.s.ServletContextHandler@6b2fdffc{/logs,file:///workdir/hadoop-ozone/integration-test/target/log,AVAILABLE}
2019-09-23 14:26:27,232 [main] INFO  handler.ContextHandler (ContextHandler.java:doStart(781)) - Started o.e.j.s.ServletContextHandler@5d194314{/static,jar:file:/home/user/.m2/repository/org/apache/hadoop/hadoop-hdds-container-service/0.5.0-SNAPSHOT/hadoop-hdds-container-service-0.5.0-SNAPSHOT.jar!/webapps/static,AVAILABLE}
2019-09-23 14:26:27,257 [main] INFO  handler.ContextHandler (ContextHandler.java:doStart(781)) - Started o.e.j.w.WebAppContext@1a1c21b4{/,file:///tmp/jetty-0.0.0.0-35148-hddsDatanode-_-any-7661379628469570556.dir/webapp/,AVAILABLE}{/hddsDatanode}
2019-09-23 14:26:27,257 [main] INFO  server.AbstractConnector (AbstractConnector.java:doStart(278)) - Started ServerConnector@1cd2ff5b{HTTP/1.1,[http/1.1]}{0.0.0.0:35148}
2019-09-23 14:26:27,259 [main] INFO  server.Server (Server.java:doStart(419)) - Started @252360ms
2019-09-23 14:26:27,259 [main] WARN  impl.MetricsSystemImpl (MetricsSystemImpl.java:register(276)) - Sink prometheus already exists!
2019-09-23 14:26:27,259 [main] INFO  server.BaseHttpServer (BaseHttpServer.java:updateConnectorAddress(215)) - HTTP server of HDDSDATANODE is listening at http://0.0.0.0:35148
2019-09-23 14:26:27,260 [main] INFO  impl.MetricsSystemImpl (MetricsSystemImpl.java:init(158)) - HddsDatanode metrics system started (again)
2019-09-23 14:26:27,263 [org.apache.hadoop.util.JvmPauseMonitor$Monitor@1b717ea5] INFO  util.JvmPauseMonitor (JvmPauseMonitor.java:run(188)) - Starting JVM pause monitor
2019-09-23 14:26:27,263 [main] INFO  ozone.HddsDatanodeService (HddsDatanodeService.java:start(184)) - HddsDatanodeService host:pr-hdds-2165-pmv7s-2889624754 ip:192.168.5.170
2019-09-23 14:26:27,264 [Datanode State Machine Thread - 0] INFO  datanode.InitDatanodeState (InitDatanodeState.java:persistContainerDatanodeDetails(140)) - DatanodeDetails is persisted to /workdir/hadoop-ozone/integration-test/target/test-dir/MiniOzoneClusterImpl-532f3ee3-dcd1-4407-90fc-0b419f7c30a5/datanode-2/meta/datanode.id
2019-09-23 14:26:27,269 [main] INFO  volume.HddsVolume (HddsVolume.java:<init>(176)) - Creating Volume: /workdir/hadoop-ozone/integration-test/target/test-dir/MiniOzoneClusterImpl-532f3ee3-dcd1-4407-90fc-0b419f7c30a5/datanode-3/data/containers/hdds of  storage type : DISK and capacity : 1482555576320
2019-09-23 14:26:27,269 [main] INFO  volume.VolumeSet (VolumeSet.java:initializeVolumeSet(170)) - Added Volume : /workdir/hadoop-ozone/integration-test/target/test-dir/MiniOzoneClusterImpl-532f3ee3-dcd1-4407-90fc-0b419f7c30a5/datanode-3/data/containers/hdds to VolumeSet
2019-09-23 14:26:27,269 [main] INFO  volume.ThrottledAsyncChecker (ThrottledAsyncChecker.java:schedule(139)) - Scheduling a check for org.apache.hadoop.ozone.container.common.volume.HddsVolume@34136bd1
2019-09-23 14:26:27,270 [main] INFO  volume.HddsVolumeChecker (HddsVolumeChecker.java:checkAllVolumes(202)) - Scheduled health check for volume org.apache.hadoop.ozone.container.common.volume.HddsVolume@34136bd1
2019-09-23 14:26:27,282 [main] INFO  impl.RaftServerProxy (ConfUtils.java:logGet(43)) - raft.rpc.type = GRPC (default)
2019-09-23 14:26:27,282 [main] INFO  grpc.GrpcFactory (GrpcFactory.java:checkPooledByteBufAllocatorUseCacheForAllThreads(45)) - PERFORMANCE WARNING: useCacheForAllThreads is true that may cause Netty to create a lot garbage objects and, as a result, trigger GC.
	It is recommended to disable useCacheForAllThreads by setting -Dorg.apache.ratis.thirdparty.io.netty.allocator.useCacheForAllThreads=false in command line.
2019-09-23 14:26:27,282 [main] INFO  grpc.GrpcConfigKeys$Server (ConfUtils.java:logGet(43)) - raft.grpc.server.port = 0 (default)
2019-09-23 14:26:27,283 [main] INFO  server.GrpcService (ConfUtils.java:logGet(43)) - raft.grpc.message.size.max = 33570816 (custom)
2019-09-23 14:26:27,283 [main] INFO  server.RaftServerConfigKeys (ConfUtils.java:logGet(43)) - raft.server.log.appender.buffer.byte-limit = 33554432 (custom)
2019-09-23 14:26:27,283 [main] INFO  server.GrpcService (ConfUtils.java:logGet(43)) - raft.grpc.flow.control.window = 1MB (=1048576) (default)
2019-09-23 14:26:27,283 [main] INFO  server.RaftServerConfigKeys (ConfUtils.java:logGet(43)) - raft.server.rpc.request.timeout = 3000ms (default)
2019-09-23 14:26:27,283 [main] INFO  server.RaftServerConfigKeys (ConfUtils.java:logGet(43)) - raft.server.storage.dir = [/workdir/hadoop-ozone/integration-test/target/test-dir/MiniOzoneClusterImpl-532f3ee3-dcd1-4407-90fc-0b419f7c30a5/datanode-3/data/ratis] (custom)
2019-09-23 14:26:27,285 [main] INFO  hdfs.DFSUtil (DFSUtil.java:httpServerTemplateForNNAndJN(1641)) - Starting Web-server for hddsDatanode at: http://0.0.0.0:0
2019-09-23 14:26:27,286 [main] INFO  server.AuthenticationFilter (AuthenticationFilter.java:constructSecretProvider(240)) - Unable to initialize FileSignerSecretProvider, falling back to use random secrets.
2019-09-23 14:26:27,286 [main] WARN  http.HttpRequestLog (HttpRequestLog.java:getRequestLog(97)) - Jetty request log can only be enabled using Log4j
2019-09-23 14:26:27,287 [main] INFO  http.HttpServer2 (HttpServer2.java:addGlobalFilter(975)) - Added global filter 'safety' (class=org.apache.hadoop.http.HttpServer2$QuotingInputFilter)
2019-09-23 14:26:27,287 [main] INFO  http.HttpServer2 (HttpServer2.java:addFilter(948)) - Added filter static_user_filter (class=org.apache.hadoop.http.lib.StaticUserWebFilter$StaticUserFilter) to context hddsDatanode
2019-09-23 14:26:27,288 [main] INFO  http.HttpServer2 (HttpServer2.java:addFilter(958)) - Added filter static_user_filter (class=org.apache.hadoop.http.lib.StaticUserWebFilter$StaticUserFilter) to context logs
2019-09-23 14:26:27,288 [main] INFO  http.HttpServer2 (HttpServer2.java:addFilter(958)) - Added filter static_user_filter (class=org.apache.hadoop.http.lib.StaticUserWebFilter$StaticUserFilter) to context static
2019-09-23 14:26:27,288 [main] INFO  http.HttpServer2 (HttpServer2.java:bindListener(1191)) - Jetty bound to port 38645
2019-09-23 14:26:27,288 [main] INFO  server.Server (Server.java:doStart(351)) - jetty-9.3.25.v20180904, build timestamp: 2018-09-04T21:11:46Z, git hash: 3ce520221d0240229c862b122d2b06c12a625732
2019-09-23 14:26:27,290 [main] INFO  handler.ContextHandler (ContextHandler.java:doStart(781)) - Started o.e.j.s.ServletContextHandler@16cb9989{/logs,file:///workdir/hadoop-ozone/integration-test/target/log,AVAILABLE}
2019-09-23 14:26:27,290 [main] INFO  handler.ContextHandler (ContextHandler.java:doStart(781)) - Started o.e.j.s.ServletContextHandler@3815146b{/static,jar:file:/home/user/.m2/repository/org/apache/hadoop/hadoop-hdds-container-service/0.5.0-SNAPSHOT/hadoop-hdds-container-service-0.5.0-SNAPSHOT.jar!/webapps/static,AVAILABLE}
2019-09-23 14:26:27,315 [main] INFO  handler.ContextHandler (ContextHandler.java:doStart(781)) - Started o.e.j.w.WebAppContext@afde064{/,file:///tmp/jetty-0.0.0.0-38645-hddsDatanode-_-any-1020748115321989549.dir/webapp/,AVAILABLE}{/hddsDatanode}
2019-09-23 14:26:27,316 [main] INFO  server.AbstractConnector (AbstractConnector.java:doStart(278)) - Started ServerConnector@5a592c70{HTTP/1.1,[http/1.1]}{0.0.0.0:38645}
2019-09-23 14:26:27,317 [main] INFO  server.Server (Server.java:doStart(419)) - Started @252418ms
2019-09-23 14:26:27,317 [main] WARN  impl.MetricsSystemImpl (MetricsSystemImpl.java:register(276)) - Sink prometheus already exists!
2019-09-23 14:26:27,318 [main] INFO  server.BaseHttpServer (BaseHttpServer.java:updateConnectorAddress(215)) - HTTP server of HDDSDATANODE is listening at http://0.0.0.0:38645
2019-09-23 14:26:27,318 [main] INFO  impl.MetricsSystemImpl (MetricsSystemImpl.java:init(158)) - HddsDatanode metrics system started (again)
2019-09-23 14:26:27,322 [org.apache.hadoop.util.JvmPauseMonitor$Monitor@1514f413] INFO  util.JvmPauseMonitor (JvmPauseMonitor.java:run(188)) - Starting JVM pause monitor
2019-09-23 14:26:27,322 [main] INFO  ozone.HddsDatanodeService (HddsDatanodeService.java:start(184)) - HddsDatanodeService host:pr-hdds-2165-pmv7s-2889624754 ip:192.168.5.170
2019-09-23 14:26:27,323 [Datanode State Machine Thread - 0] INFO  datanode.InitDatanodeState (InitDatanodeState.java:persistContainerDatanodeDetails(140)) - DatanodeDetails is persisted to /workdir/hadoop-ozone/integration-test/target/test-dir/MiniOzoneClusterImpl-532f3ee3-dcd1-4407-90fc-0b419f7c30a5/datanode-3/meta/datanode.id
2019-09-23 14:26:27,328 [main] INFO  volume.HddsVolume (HddsVolume.java:<init>(176)) - Creating Volume: /workdir/hadoop-ozone/integration-test/target/test-dir/MiniOzoneClusterImpl-532f3ee3-dcd1-4407-90fc-0b419f7c30a5/datanode-4/data/containers/hdds of  storage type : DISK and capacity : 1482555576320
2019-09-23 14:26:27,328 [main] INFO  volume.VolumeSet (VolumeSet.java:initializeVolumeSet(170)) - Added Volume : /workdir/hadoop-ozone/integration-test/target/test-dir/MiniOzoneClusterImpl-532f3ee3-dcd1-4407-90fc-0b419f7c30a5/datanode-4/data/containers/hdds to VolumeSet
2019-09-23 14:26:27,328 [main] INFO  volume.ThrottledAsyncChecker (ThrottledAsyncChecker.java:schedule(139)) - Scheduling a check for org.apache.hadoop.ozone.container.common.volume.HddsVolume@bbb6f0
2019-09-23 14:26:27,329 [main] INFO  volume.HddsVolumeChecker (HddsVolumeChecker.java:checkAllVolumes(202)) - Scheduled health check for volume org.apache.hadoop.ozone.container.common.volume.HddsVolume@bbb6f0
2019-09-23 14:26:27,340 [main] INFO  impl.RaftServerProxy (ConfUtils.java:logGet(43)) - raft.rpc.type = GRPC (default)
2019-09-23 14:26:27,341 [main] INFO  grpc.GrpcFactory (GrpcFactory.java:checkPooledByteBufAllocatorUseCacheForAllThreads(45)) - PERFORMANCE WARNING: useCacheForAllThreads is true that may cause Netty to create a lot garbage objects and, as a result, trigger GC.
	It is recommended to disable useCacheForAllThreads by setting -Dorg.apache.ratis.thirdparty.io.netty.allocator.useCacheForAllThreads=false in command line.
2019-09-23 14:26:27,341 [main] INFO  grpc.GrpcConfigKeys$Server (ConfUtils.java:logGet(43)) - raft.grpc.server.port = 0 (default)
2019-09-23 14:26:27,341 [main] INFO  server.GrpcService (ConfUtils.java:logGet(43)) - raft.grpc.message.size.max = 33570816 (custom)
2019-09-23 14:26:27,341 [main] INFO  server.RaftServerConfigKeys (ConfUtils.java:logGet(43)) - raft.server.log.appender.buffer.byte-limit = 33554432 (custom)
2019-09-23 14:26:27,341 [main] INFO  server.GrpcService (ConfUtils.java:logGet(43)) - raft.grpc.flow.control.window = 1MB (=1048576) (default)
2019-09-23 14:26:27,341 [main] INFO  server.RaftServerConfigKeys (ConfUtils.java:logGet(43)) - raft.server.rpc.request.timeout = 3000ms (default)
2019-09-23 14:26:27,342 [main] INFO  server.RaftServerConfigKeys (ConfUtils.java:logGet(43)) - raft.server.storage.dir = [/workdir/hadoop-ozone/integration-test/target/test-dir/MiniOzoneClusterImpl-532f3ee3-dcd1-4407-90fc-0b419f7c30a5/datanode-4/data/ratis] (custom)
2019-09-23 14:26:27,343 [main] INFO  hdfs.DFSUtil (DFSUtil.java:httpServerTemplateForNNAndJN(1641)) - Starting Web-server for hddsDatanode at: http://0.0.0.0:0
2019-09-23 14:26:27,344 [main] INFO  server.AuthenticationFilter (AuthenticationFilter.java:constructSecretProvider(240)) - Unable to initialize FileSignerSecretProvider, falling back to use random secrets.
2019-09-23 14:26:27,344 [main] WARN  http.HttpRequestLog (HttpRequestLog.java:getRequestLog(97)) - Jetty request log can only be enabled using Log4j
2019-09-23 14:26:27,346 [main] INFO  http.HttpServer2 (HttpServer2.java:addGlobalFilter(975)) - Added global filter 'safety' (class=org.apache.hadoop.http.HttpServer2$QuotingInputFilter)
2019-09-23 14:26:27,346 [main] INFO  http.HttpServer2 (HttpServer2.java:addFilter(948)) - Added filter static_user_filter (class=org.apache.hadoop.http.lib.StaticUserWebFilter$StaticUserFilter) to context hddsDatanode
2019-09-23 14:26:27,346 [main] INFO  http.HttpServer2 (HttpServer2.java:addFilter(958)) - Added filter static_user_filter (class=org.apache.hadoop.http.lib.StaticUserWebFilter$StaticUserFilter) to context logs
2019-09-23 14:26:27,346 [main] INFO  http.HttpServer2 (HttpServer2.java:addFilter(958)) - Added filter static_user_filter (class=org.apache.hadoop.http.lib.StaticUserWebFilter$StaticUserFilter) to context static
2019-09-23 14:26:27,347 [main] INFO  http.HttpServer2 (HttpServer2.java:bindListener(1191)) - Jetty bound to port 44479
2019-09-23 14:26:27,347 [main] INFO  server.Server (Server.java:doStart(351)) - jetty-9.3.25.v20180904, build timestamp: 2018-09-04T21:11:46Z, git hash: 3ce520221d0240229c862b122d2b06c12a625732
2019-09-23 14:26:27,349 [main] INFO  handler.ContextHandler (ContextHandler.java:doStart(781)) - Started o.e.j.s.ServletContextHandler@6314df3c{/logs,file:///workdir/hadoop-ozone/integration-test/target/log,AVAILABLE}
2019-09-23 14:26:27,349 [main] INFO  handler.ContextHandler (ContextHandler.java:doStart(781)) - Started o.e.j.s.ServletContextHandler@10b8b900{/static,jar:file:/home/user/.m2/repository/org/apache/hadoop/hadoop-hdds-container-service/0.5.0-SNAPSHOT/hadoop-hdds-container-service-0.5.0-SNAPSHOT.jar!/webapps/static,AVAILABLE}
2019-09-23 14:26:27,374 [main] INFO  handler.ContextHandler (ContextHandler.java:doStart(781)) - Started o.e.j.w.WebAppContext@476fde05{/,file:///tmp/jetty-0.0.0.0-44479-hddsDatanode-_-any-2746000878338201268.dir/webapp/,AVAILABLE}{/hddsDatanode}
2019-09-23 14:26:27,375 [main] INFO  server.AbstractConnector (AbstractConnector.java:doStart(278)) - Started ServerConnector@5111de7c{HTTP/1.1,[http/1.1]}{0.0.0.0:44479}
2019-09-23 14:26:27,376 [main] INFO  server.Server (Server.java:doStart(419)) - Started @252477ms
2019-09-23 14:26:27,376 [main] WARN  impl.MetricsSystemImpl (MetricsSystemImpl.java:register(276)) - Sink prometheus already exists!
2019-09-23 14:26:27,377 [main] INFO  server.BaseHttpServer (BaseHttpServer.java:updateConnectorAddress(215)) - HTTP server of HDDSDATANODE is listening at http://0.0.0.0:44479
2019-09-23 14:26:27,380 [main] INFO  impl.MetricsSystemImpl (MetricsSystemImpl.java:init(158)) - HddsDatanode metrics system started (again)
2019-09-23 14:26:27,388 [org.apache.hadoop.util.JvmPauseMonitor$Monitor@5490663] INFO  util.JvmPauseMonitor (JvmPauseMonitor.java:run(188)) - Starting JVM pause monitor
2019-09-23 14:26:27,388 [main] INFO  ozone.HddsDatanodeService (HddsDatanodeService.java:start(184)) - HddsDatanodeService host:pr-hdds-2165-pmv7s-2889624754 ip:192.168.5.170
2019-09-23 14:26:27,389 [Datanode State Machine Thread - 0] INFO  datanode.InitDatanodeState (InitDatanodeState.java:persistContainerDatanodeDetails(140)) - DatanodeDetails is persisted to /workdir/hadoop-ozone/integration-test/target/test-dir/MiniOzoneClusterImpl-532f3ee3-dcd1-4407-90fc-0b419f7c30a5/datanode-4/meta/datanode.id
2019-09-23 14:26:27,395 [main] INFO  volume.HddsVolume (HddsVolume.java:<init>(176)) - Creating Volume: /workdir/hadoop-ozone/integration-test/target/test-dir/MiniOzoneClusterImpl-532f3ee3-dcd1-4407-90fc-0b419f7c30a5/datanode-5/data/containers/hdds of  storage type : DISK and capacity : 1482555576320
2019-09-23 14:26:27,395 [main] INFO  volume.VolumeSet (VolumeSet.java:initializeVolumeSet(170)) - Added Volume : /workdir/hadoop-ozone/integration-test/target/test-dir/MiniOzoneClusterImpl-532f3ee3-dcd1-4407-90fc-0b419f7c30a5/datanode-5/data/containers/hdds to VolumeSet
2019-09-23 14:26:27,395 [main] INFO  volume.ThrottledAsyncChecker (ThrottledAsyncChecker.java:schedule(139)) - Scheduling a check for org.apache.hadoop.ozone.container.common.volume.HddsVolume@14f060b8
2019-09-23 14:26:27,396 [main] INFO  volume.HddsVolumeChecker (HddsVolumeChecker.java:checkAllVolumes(202)) - Scheduled health check for volume org.apache.hadoop.ozone.container.common.volume.HddsVolume@14f060b8
2019-09-23 14:26:27,411 [main] INFO  impl.RaftServerProxy (ConfUtils.java:logGet(43)) - raft.rpc.type = GRPC (default)
2019-09-23 14:26:27,412 [main] INFO  grpc.GrpcFactory (GrpcFactory.java:checkPooledByteBufAllocatorUseCacheForAllThreads(45)) - PERFORMANCE WARNING: useCacheForAllThreads is true that may cause Netty to create a lot garbage objects and, as a result, trigger GC.
	It is recommended to disable useCacheForAllThreads by setting -Dorg.apache.ratis.thirdparty.io.netty.allocator.useCacheForAllThreads=false in command line.
2019-09-23 14:26:27,412 [main] INFO  grpc.GrpcConfigKeys$Server (ConfUtils.java:logGet(43)) - raft.grpc.server.port = 0 (default)
2019-09-23 14:26:27,412 [main] INFO  server.GrpcService (ConfUtils.java:logGet(43)) - raft.grpc.message.size.max = 33570816 (custom)
2019-09-23 14:26:27,412 [main] INFO  server.RaftServerConfigKeys (ConfUtils.java:logGet(43)) - raft.server.log.appender.buffer.byte-limit = 33554432 (custom)
2019-09-23 14:26:27,412 [main] INFO  server.GrpcService (ConfUtils.java:logGet(43)) - raft.grpc.flow.control.window = 1MB (=1048576) (default)
2019-09-23 14:26:27,412 [main] INFO  server.RaftServerConfigKeys (ConfUtils.java:logGet(43)) - raft.server.rpc.request.timeout = 3000ms (default)
2019-09-23 14:26:27,413 [main] INFO  server.RaftServerConfigKeys (ConfUtils.java:logGet(43)) - raft.server.storage.dir = [/workdir/hadoop-ozone/integration-test/target/test-dir/MiniOzoneClusterImpl-532f3ee3-dcd1-4407-90fc-0b419f7c30a5/datanode-5/data/ratis] (custom)
2019-09-23 14:26:27,414 [main] INFO  hdfs.DFSUtil (DFSUtil.java:httpServerTemplateForNNAndJN(1641)) - Starting Web-server for hddsDatanode at: http://0.0.0.0:0
2019-09-23 14:26:27,416 [main] INFO  server.AuthenticationFilter (AuthenticationFilter.java:constructSecretProvider(240)) - Unable to initialize FileSignerSecretProvider, falling back to use random secrets.
2019-09-23 14:26:27,416 [main] WARN  http.HttpRequestLog (HttpRequestLog.java:getRequestLog(97)) - Jetty request log can only be enabled using Log4j
2019-09-23 14:26:27,418 [main] INFO  http.HttpServer2 (HttpServer2.java:addGlobalFilter(975)) - Added global filter 'safety' (class=org.apache.hadoop.http.HttpServer2$QuotingInputFilter)
2019-09-23 14:26:27,418 [main] INFO  http.HttpServer2 (HttpServer2.java:addFilter(948)) - Added filter static_user_filter (class=org.apache.hadoop.http.lib.StaticUserWebFilter$StaticUserFilter) to context hddsDatanode
2019-09-23 14:26:27,418 [main] INFO  http.HttpServer2 (HttpServer2.java:addFilter(958)) - Added filter static_user_filter (class=org.apache.hadoop.http.lib.StaticUserWebFilter$StaticUserFilter) to context logs
2019-09-23 14:26:27,418 [main] INFO  http.HttpServer2 (HttpServer2.java:addFilter(958)) - Added filter static_user_filter (class=org.apache.hadoop.http.lib.StaticUserWebFilter$StaticUserFilter) to context static
2019-09-23 14:26:27,419 [main] INFO  http.HttpServer2 (HttpServer2.java:bindListener(1191)) - Jetty bound to port 33080
2019-09-23 14:26:27,419 [main] INFO  server.Server (Server.java:doStart(351)) - jetty-9.3.25.v20180904, build timestamp: 2018-09-04T21:11:46Z, git hash: 3ce520221d0240229c862b122d2b06c12a625732
2019-09-23 14:26:27,421 [main] INFO  handler.ContextHandler (ContextHandler.java:doStart(781)) - Started o.e.j.s.ServletContextHandler@7e3d2ebd{/logs,file:///workdir/hadoop-ozone/integration-test/target/log,AVAILABLE}
2019-09-23 14:26:27,421 [main] INFO  handler.ContextHandler (ContextHandler.java:doStart(781)) - Started o.e.j.s.ServletContextHandler@3a4a5f3c{/static,jar:file:/home/user/.m2/repository/org/apache/hadoop/hadoop-hdds-container-service/0.5.0-SNAPSHOT/hadoop-hdds-container-service-0.5.0-SNAPSHOT.jar!/webapps/static,AVAILABLE}
2019-09-23 14:26:27,447 [main] INFO  handler.ContextHandler (ContextHandler.java:doStart(781)) - Started o.e.j.w.WebAppContext@353c6da1{/,file:///tmp/jetty-0.0.0.0-33080-hddsDatanode-_-any-7461249981097847109.dir/webapp/,AVAILABLE}{/hddsDatanode}
2019-09-23 14:26:27,447 [main] INFO  server.AbstractConnector (AbstractConnector.java:doStart(278)) - Started ServerConnector@36c07c75{HTTP/1.1,[http/1.1]}{0.0.0.0:33080}
2019-09-23 14:26:27,449 [main] INFO  server.Server (Server.java:doStart(419)) - Started @252550ms
2019-09-23 14:26:27,449 [main] WARN  impl.MetricsSystemImpl (MetricsSystemImpl.java:register(276)) - Sink prometheus already exists!
2019-09-23 14:26:27,450 [main] INFO  server.BaseHttpServer (BaseHttpServer.java:updateConnectorAddress(215)) - HTTP server of HDDSDATANODE is listening at http://0.0.0.0:33080
2019-09-23 14:26:27,450 [main] INFO  impl.MetricsSystemImpl (MetricsSystemImpl.java:init(158)) - HddsDatanode metrics system started (again)
2019-09-23 14:26:27,454 [org.apache.hadoop.util.JvmPauseMonitor$Monitor@74cdb5fc] INFO  util.JvmPauseMonitor (JvmPauseMonitor.java:run(188)) - Starting JVM pause monitor
2019-09-23 14:26:27,454 [main] INFO  ozone.HddsDatanodeService (HddsDatanodeService.java:start(184)) - HddsDatanodeService host:pr-hdds-2165-pmv7s-2889624754 ip:192.168.5.170
2019-09-23 14:26:27,455 [Datanode State Machine Thread - 0] INFO  datanode.InitDatanodeState (InitDatanodeState.java:persistContainerDatanodeDetails(140)) - DatanodeDetails is persisted to /workdir/hadoop-ozone/integration-test/target/test-dir/MiniOzoneClusterImpl-532f3ee3-dcd1-4407-90fc-0b419f7c30a5/datanode-5/meta/datanode.id
2019-09-23 14:26:27,459 [main] INFO  volume.HddsVolume (HddsVolume.java:<init>(176)) - Creating Volume: /workdir/hadoop-ozone/integration-test/target/test-dir/MiniOzoneClusterImpl-532f3ee3-dcd1-4407-90fc-0b419f7c30a5/datanode-6/data/containers/hdds of  storage type : DISK and capacity : 1482555576320
2019-09-23 14:26:27,460 [main] INFO  volume.VolumeSet (VolumeSet.java:initializeVolumeSet(170)) - Added Volume : /workdir/hadoop-ozone/integration-test/target/test-dir/MiniOzoneClusterImpl-532f3ee3-dcd1-4407-90fc-0b419f7c30a5/datanode-6/data/containers/hdds to VolumeSet
2019-09-23 14:26:27,460 [main] INFO  volume.ThrottledAsyncChecker (ThrottledAsyncChecker.java:schedule(139)) - Scheduling a check for org.apache.hadoop.ozone.container.common.volume.HddsVolume@1785d194
2019-09-23 14:26:27,460 [main] INFO  volume.HddsVolumeChecker (HddsVolumeChecker.java:checkAllVolumes(202)) - Scheduled health check for volume org.apache.hadoop.ozone.container.common.volume.HddsVolume@1785d194
2019-09-23 14:26:27,472 [main] INFO  impl.RaftServerProxy (ConfUtils.java:logGet(43)) - raft.rpc.type = GRPC (default)
2019-09-23 14:26:27,473 [main] INFO  grpc.GrpcFactory (GrpcFactory.java:checkPooledByteBufAllocatorUseCacheForAllThreads(45)) - PERFORMANCE WARNING: useCacheForAllThreads is true that may cause Netty to create a lot garbage objects and, as a result, trigger GC.
	It is recommended to disable useCacheForAllThreads by setting -Dorg.apache.ratis.thirdparty.io.netty.allocator.useCacheForAllThreads=false in command line.
2019-09-23 14:26:27,473 [main] INFO  grpc.GrpcConfigKeys$Server (ConfUtils.java:logGet(43)) - raft.grpc.server.port = 0 (default)
2019-09-23 14:26:27,473 [main] INFO  server.GrpcService (ConfUtils.java:logGet(43)) - raft.grpc.message.size.max = 33570816 (custom)
2019-09-23 14:26:27,473 [main] INFO  server.RaftServerConfigKeys (ConfUtils.java:logGet(43)) - raft.server.log.appender.buffer.byte-limit = 33554432 (custom)
2019-09-23 14:26:27,473 [main] INFO  server.GrpcService (ConfUtils.java:logGet(43)) - raft.grpc.flow.control.window = 1MB (=1048576) (default)
2019-09-23 14:26:27,473 [main] INFO  server.RaftServerConfigKeys (ConfUtils.java:logGet(43)) - raft.server.rpc.request.timeout = 3000ms (default)
2019-09-23 14:26:27,474 [main] INFO  server.RaftServerConfigKeys (ConfUtils.java:logGet(43)) - raft.server.storage.dir = [/workdir/hadoop-ozone/integration-test/target/test-dir/MiniOzoneClusterImpl-532f3ee3-dcd1-4407-90fc-0b419f7c30a5/datanode-6/data/ratis] (custom)
2019-09-23 14:26:27,475 [main] INFO  hdfs.DFSUtil (DFSUtil.java:httpServerTemplateForNNAndJN(1641)) - Starting Web-server for hddsDatanode at: http://0.0.0.0:0
2019-09-23 14:26:27,476 [main] INFO  server.AuthenticationFilter (AuthenticationFilter.java:constructSecretProvider(240)) - Unable to initialize FileSignerSecretProvider, falling back to use random secrets.
2019-09-23 14:26:27,476 [main] WARN  http.HttpRequestLog (HttpRequestLog.java:getRequestLog(97)) - Jetty request log can only be enabled using Log4j
2019-09-23 14:26:27,477 [main] INFO  http.HttpServer2 (HttpServer2.java:addGlobalFilter(975)) - Added global filter 'safety' (class=org.apache.hadoop.http.HttpServer2$QuotingInputFilter)
2019-09-23 14:26:27,478 [main] INFO  http.HttpServer2 (HttpServer2.java:addFilter(948)) - Added filter static_user_filter (class=org.apache.hadoop.http.lib.StaticUserWebFilter$StaticUserFilter) to context hddsDatanode
2019-09-23 14:26:27,478 [main] INFO  http.HttpServer2 (HttpServer2.java:addFilter(958)) - Added filter static_user_filter (class=org.apache.hadoop.http.lib.StaticUserWebFilter$StaticUserFilter) to context logs
2019-09-23 14:26:27,478 [main] INFO  http.HttpServer2 (HttpServer2.java:addFilter(958)) - Added filter static_user_filter (class=org.apache.hadoop.http.lib.StaticUserWebFilter$StaticUserFilter) to context static
2019-09-23 14:26:27,479 [main] INFO  http.HttpServer2 (HttpServer2.java:bindListener(1191)) - Jetty bound to port 41342
2019-09-23 14:26:27,479 [main] INFO  server.Server (Server.java:doStart(351)) - jetty-9.3.25.v20180904, build timestamp: 2018-09-04T21:11:46Z, git hash: 3ce520221d0240229c862b122d2b06c12a625732
2019-09-23 14:26:27,480 [main] INFO  handler.ContextHandler (ContextHandler.java:doStart(781)) - Started o.e.j.s.ServletContextHandler@682e422c{/logs,file:///workdir/hadoop-ozone/integration-test/target/log,AVAILABLE}
2019-09-23 14:26:27,481 [main] INFO  handler.ContextHandler (ContextHandler.java:doStart(781)) - Started o.e.j.s.ServletContextHandler@2726a511{/static,jar:file:/home/user/.m2/repository/org/apache/hadoop/hadoop-hdds-container-service/0.5.0-SNAPSHOT/hadoop-hdds-container-service-0.5.0-SNAPSHOT.jar!/webapps/static,AVAILABLE}
2019-09-23 14:26:27,505 [main] INFO  handler.ContextHandler (ContextHandler.java:doStart(781)) - Started o.e.j.w.WebAppContext@34a6d9db{/,file:///tmp/jetty-0.0.0.0-41342-hddsDatanode-_-any-4724791479760137495.dir/webapp/,AVAILABLE}{/hddsDatanode}
2019-09-23 14:26:27,506 [main] INFO  server.AbstractConnector (AbstractConnector.java:doStart(278)) - Started ServerConnector@52ecc989{HTTP/1.1,[http/1.1]}{0.0.0.0:41342}
2019-09-23 14:26:27,507 [main] INFO  server.Server (Server.java:doStart(419)) - Started @252609ms
2019-09-23 14:26:27,507 [main] WARN  impl.MetricsSystemImpl (MetricsSystemImpl.java:register(276)) - Sink prometheus already exists!
2019-09-23 14:26:27,508 [main] INFO  server.BaseHttpServer (BaseHttpServer.java:updateConnectorAddress(215)) - HTTP server of HDDSDATANODE is listening at http://0.0.0.0:41342
2019-09-23 14:26:27,508 [main] INFO  ozone.MiniOzoneClusterImpl (MiniOzoneClusterImpl.java:lambda$waitForClusterToBeReady$0(147)) - Waiting for cluster to be ready. Got 0 of 7 DN Heartbeats.
2019-09-23 14:26:27,510 [org.apache.hadoop.util.JvmPauseMonitor$Monitor@4f390c0b] INFO  util.JvmPauseMonitor (JvmPauseMonitor.java:run(188)) - Starting JVM pause monitor
2019-09-23 14:26:27,510 [Datanode State Machine Thread - 0] INFO  datanode.InitDatanodeState (InitDatanodeState.java:persistContainerDatanodeDetails(140)) - DatanodeDetails is persisted to /workdir/hadoop-ozone/integration-test/target/test-dir/MiniOzoneClusterImpl-532f3ee3-dcd1-4407-90fc-0b419f7c30a5/datanode-6/meta/datanode.id
2019-09-23 14:26:28,509 [main] INFO  ozone.MiniOzoneClusterImpl (MiniOzoneClusterImpl.java:lambda$waitForClusterToBeReady$0(147)) - Waiting for cluster to be ready. Got 0 of 7 DN Heartbeats.
2019-09-23 14:26:29,195 [Datanode State Machine Thread - 0] INFO  ozoneimpl.OzoneContainer (OzoneContainer.java:start(217)) - Attempting to start container services.
2019-09-23 14:26:29,195 [Datanode State Machine Thread - 0] INFO  ozoneimpl.OzoneContainer (OzoneContainer.java:startContainerScrub(179)) - Background container scanner has been disabled.
2019-09-23 14:26:29,195 [Datanode State Machine Thread - 0] INFO  ratis.XceiverServerRatis (XceiverServerRatis.java:start(411)) - Starting XceiverServerRatis d00dafbe-9fd5-45b7-a068-696ae0257592 at port 0
2019-09-23 14:26:29,203 [Datanode State Machine Thread - 0] INFO  impl.RaftServerProxy (RaftServerProxy.java:lambda$start$3(299)) - d00dafbe-9fd5-45b7-a068-696ae0257592: start RPC server
2019-09-23 14:26:29,208 [Datanode State Machine Thread - 0] INFO  server.GrpcService (GrpcService.java:startImpl(158)) - d00dafbe-9fd5-45b7-a068-696ae0257592: GrpcService started, listening on 0.0.0.0/0.0.0.0:43918
2019-09-23 14:26:29,208 [Datanode State Machine Thread - 0] INFO  ratis.XceiverServerRatis (XceiverServerRatis.java:start(421)) - XceiverServerRatis d00dafbe-9fd5-45b7-a068-696ae0257592 is started using port 43918
2019-09-23 14:26:29,209 [Datanode State Machine Thread - 0] INFO  server.XceiverServerGrpc (XceiverServerGrpc.java:start(149)) - XceiverServerGrpc d00dafbe-9fd5-45b7-a068-696ae0257592 is started using port 35181
2019-09-23 14:26:29,256 [Datanode State Machine Thread - 0] INFO  ozoneimpl.OzoneContainer (OzoneContainer.java:start(217)) - Attempting to start container services.
2019-09-23 14:26:29,257 [Datanode State Machine Thread - 0] INFO  ozoneimpl.OzoneContainer (OzoneContainer.java:startContainerScrub(179)) - Background container scanner has been disabled.
2019-09-23 14:26:29,257 [Datanode State Machine Thread - 0] INFO  ratis.XceiverServerRatis (XceiverServerRatis.java:start(411)) - Starting XceiverServerRatis 79507b5f-0296-465c-8ebd-539f5827c7b6 at port 0
2019-09-23 14:26:29,263 [Datanode State Machine Thread - 0] INFO  impl.RaftServerProxy (RaftServerProxy.java:lambda$start$3(299)) - 79507b5f-0296-465c-8ebd-539f5827c7b6: start RPC server
2019-09-23 14:26:29,264 [Datanode State Machine Thread - 0] INFO  server.GrpcService (GrpcService.java:startImpl(158)) - 79507b5f-0296-465c-8ebd-539f5827c7b6: GrpcService started, listening on 0.0.0.0/0.0.0.0:33306
2019-09-23 14:26:29,264 [Datanode State Machine Thread - 0] INFO  ratis.XceiverServerRatis (XceiverServerRatis.java:start(421)) - XceiverServerRatis 79507b5f-0296-465c-8ebd-539f5827c7b6 is started using port 33306
2019-09-23 14:26:29,265 [Datanode State Machine Thread - 0] INFO  server.XceiverServerGrpc (XceiverServerGrpc.java:start(149)) - XceiverServerGrpc 79507b5f-0296-465c-8ebd-539f5827c7b6 is started using port 42179
2019-09-23 14:26:29,303 [Datanode State Machine Thread - 0] INFO  ozoneimpl.OzoneContainer (OzoneContainer.java:start(217)) - Attempting to start container services.
2019-09-23 14:26:29,304 [Datanode State Machine Thread - 0] INFO  ozoneimpl.OzoneContainer (OzoneContainer.java:startContainerScrub(179)) - Background container scanner has been disabled.
2019-09-23 14:26:29,304 [Datanode State Machine Thread - 0] INFO  ratis.XceiverServerRatis (XceiverServerRatis.java:start(411)) - Starting XceiverServerRatis cd091852-a212-4633-819f-9983cd12ad7d at port 0
2019-09-23 14:26:29,312 [Datanode State Machine Thread - 0] INFO  impl.RaftServerProxy (RaftServerProxy.java:lambda$start$3(299)) - cd091852-a212-4633-819f-9983cd12ad7d: start RPC server
2019-09-23 14:26:29,312 [Datanode State Machine Thread - 0] INFO  server.GrpcService (GrpcService.java:startImpl(158)) - cd091852-a212-4633-819f-9983cd12ad7d: GrpcService started, listening on 0.0.0.0/0.0.0.0:42532
2019-09-23 14:26:29,312 [Datanode State Machine Thread - 0] INFO  ratis.XceiverServerRatis (XceiverServerRatis.java:start(421)) - XceiverServerRatis cd091852-a212-4633-819f-9983cd12ad7d is started using port 42532
2019-09-23 14:26:29,313 [Datanode State Machine Thread - 0] INFO  server.XceiverServerGrpc (XceiverServerGrpc.java:start(149)) - XceiverServerGrpc cd091852-a212-4633-819f-9983cd12ad7d is started using port 32990
2019-09-23 14:26:29,358 [Datanode State Machine Thread - 0] INFO  ozoneimpl.OzoneContainer (OzoneContainer.java:start(217)) - Attempting to start container services.
2019-09-23 14:26:29,358 [Datanode State Machine Thread - 0] INFO  ozoneimpl.OzoneContainer (OzoneContainer.java:startContainerScrub(179)) - Background container scanner has been disabled.
2019-09-23 14:26:29,358 [Datanode State Machine Thread - 0] INFO  ratis.XceiverServerRatis (XceiverServerRatis.java:start(411)) - Starting XceiverServerRatis fece41c2-a052-4056-87bd-b7b03cf0a1ff at port 0
2019-09-23 14:26:29,366 [Datanode State Machine Thread - 0] INFO  impl.RaftServerProxy (RaftServerProxy.java:lambda$start$3(299)) - fece41c2-a052-4056-87bd-b7b03cf0a1ff: start RPC server
2019-09-23 14:26:29,366 [Datanode State Machine Thread - 0] INFO  server.GrpcService (GrpcService.java:startImpl(158)) - fece41c2-a052-4056-87bd-b7b03cf0a1ff: GrpcService started, listening on 0.0.0.0/0.0.0.0:34751
2019-09-23 14:26:29,366 [Datanode State Machine Thread - 0] INFO  ratis.XceiverServerRatis (XceiverServerRatis.java:start(421)) - XceiverServerRatis fece41c2-a052-4056-87bd-b7b03cf0a1ff is started using port 34751
2019-09-23 14:26:29,367 [Datanode State Machine Thread - 0] INFO  server.XceiverServerGrpc (XceiverServerGrpc.java:start(149)) - XceiverServerGrpc fece41c2-a052-4056-87bd-b7b03cf0a1ff is started using port 39811
2019-09-23 14:26:29,429 [Datanode State Machine Thread - 0] INFO  ozoneimpl.OzoneContainer (OzoneContainer.java:start(217)) - Attempting to start container services.
2019-09-23 14:26:29,429 [Datanode State Machine Thread - 0] INFO  ozoneimpl.OzoneContainer (OzoneContainer.java:startContainerScrub(179)) - Background container scanner has been disabled.
2019-09-23 14:26:29,429 [Datanode State Machine Thread - 0] INFO  ratis.XceiverServerRatis (XceiverServerRatis.java:start(411)) - Starting XceiverServerRatis 93acd87b-0be1-42fa-bf93-807e5bd2aba9 at port 0
2019-09-23 14:26:29,436 [Datanode State Machine Thread - 0] INFO  impl.RaftServerProxy (RaftServerProxy.java:lambda$start$3(299)) - 93acd87b-0be1-42fa-bf93-807e5bd2aba9: start RPC server
2019-09-23 14:26:29,437 [Datanode State Machine Thread - 0] INFO  server.GrpcService (GrpcService.java:startImpl(158)) - 93acd87b-0be1-42fa-bf93-807e5bd2aba9: GrpcService started, listening on 0.0.0.0/0.0.0.0:45881
2019-09-23 14:26:29,437 [Datanode State Machine Thread - 0] INFO  ratis.XceiverServerRatis (XceiverServerRatis.java:start(421)) - XceiverServerRatis 93acd87b-0be1-42fa-bf93-807e5bd2aba9 is started using port 45881
2019-09-23 14:26:29,438 [Datanode State Machine Thread - 0] INFO  server.XceiverServerGrpc (XceiverServerGrpc.java:start(149)) - XceiverServerGrpc 93acd87b-0be1-42fa-bf93-807e5bd2aba9 is started using port 42175
2019-09-23 14:26:29,506 [Datanode State Machine Thread - 0] INFO  ozoneimpl.OzoneContainer (OzoneContainer.java:start(217)) - Attempting to start container services.
2019-09-23 14:26:29,507 [Datanode State Machine Thread - 0] INFO  ozoneimpl.OzoneContainer (OzoneContainer.java:startContainerScrub(179)) - Background container scanner has been disabled.
2019-09-23 14:26:29,507 [Datanode State Machine Thread - 0] INFO  ratis.XceiverServerRatis (XceiverServerRatis.java:start(411)) - Starting XceiverServerRatis 30c43bb2-f349-4ad7-a94b-6a0167b10dd1 at port 0
2019-09-23 14:26:29,511 [main] INFO  ozone.MiniOzoneClusterImpl (MiniOzoneClusterImpl.java:lambda$waitForClusterToBeReady$0(147)) - Waiting for cluster to be ready. Got 0 of 7 DN Heartbeats.
2019-09-23 14:26:29,515 [Datanode State Machine Thread - 0] INFO  impl.RaftServerProxy (RaftServerProxy.java:lambda$start$3(299)) - 30c43bb2-f349-4ad7-a94b-6a0167b10dd1: start RPC server
2019-09-23 14:26:29,515 [Datanode State Machine Thread - 0] INFO  server.GrpcService (GrpcService.java:startImpl(158)) - 30c43bb2-f349-4ad7-a94b-6a0167b10dd1: GrpcService started, listening on 0.0.0.0/0.0.0.0:37482
2019-09-23 14:26:29,515 [Datanode State Machine Thread - 0] INFO  ratis.XceiverServerRatis (XceiverServerRatis.java:start(421)) - XceiverServerRatis 30c43bb2-f349-4ad7-a94b-6a0167b10dd1 is started using port 37482
2019-09-23 14:26:29,516 [Datanode State Machine Thread - 0] INFO  server.XceiverServerGrpc (XceiverServerGrpc.java:start(149)) - XceiverServerGrpc 30c43bb2-f349-4ad7-a94b-6a0167b10dd1 is started using port 38040
2019-09-23 14:26:29,557 [Datanode State Machine Thread - 0] INFO  ozoneimpl.OzoneContainer (OzoneContainer.java:start(217)) - Attempting to start container services.
2019-09-23 14:26:29,557 [Datanode State Machine Thread - 0] INFO  ozoneimpl.OzoneContainer (OzoneContainer.java:startContainerScrub(179)) - Background container scanner has been disabled.
2019-09-23 14:26:29,557 [Datanode State Machine Thread - 0] INFO  ratis.XceiverServerRatis (XceiverServerRatis.java:start(411)) - Starting XceiverServerRatis 017e5be7-1426-4da9-b186-145a579d4ee0 at port 0
2019-09-23 14:26:29,564 [Datanode State Machine Thread - 0] INFO  impl.RaftServerProxy (RaftServerProxy.java:lambda$start$3(299)) - 017e5be7-1426-4da9-b186-145a579d4ee0: start RPC server
2019-09-23 14:26:29,565 [Datanode State Machine Thread - 0] INFO  server.GrpcService (GrpcService.java:startImpl(158)) - 017e5be7-1426-4da9-b186-145a579d4ee0: GrpcService started, listening on 0.0.0.0/0.0.0.0:42635
2019-09-23 14:26:29,565 [Datanode State Machine Thread - 0] INFO  ratis.XceiverServerRatis (XceiverServerRatis.java:start(421)) - XceiverServerRatis 017e5be7-1426-4da9-b186-145a579d4ee0 is started using port 42635
2019-09-23 14:26:29,566 [Datanode State Machine Thread - 0] INFO  server.XceiverServerGrpc (XceiverServerGrpc.java:start(149)) - XceiverServerGrpc 017e5be7-1426-4da9-b186-145a579d4ee0 is started using port 40745
2019-09-23 14:26:30,512 [main] INFO  ozone.MiniOzoneClusterImpl (MiniOzoneClusterImpl.java:lambda$waitForClusterToBeReady$0(147)) - Waiting for cluster to be ready. Got 0 of 7 DN Heartbeats.
2019-09-23 14:26:31,152 [IPC Server handler 6 on 34518] INFO  net.NetworkTopology (NetworkTopologyImpl.java:add(111)) - Added a new node: /default-rack/d00dafbe-9fd5-45b7-a068-696ae0257592
2019-09-23 14:26:31,155 [IPC Server handler 6 on 34518] INFO  node.SCMNodeManager (SCMNodeManager.java:register(266)) - Registered Data node : d00dafbe-9fd5-45b7-a068-696ae0257592{ip: 192.168.5.170, host: pr-hdds-2165-pmv7s-2889624754, networkLocation: /default-rack, certSerialId: null}
2019-09-23 14:26:31,156 [EventQueue-NodeRegistrationContainerReportForDataNodeSafeModeRule] INFO  safemode.SCMSafeModeManager (DataNodeSafeModeRule.java:process(71)) - SCM in safe mode. 1 DataNodes registered, 1 required.
2019-09-23 14:26:31,159 [EventQueue-NodeRegistrationContainerReportForDataNodeSafeModeRule] INFO  safemode.SCMSafeModeManager (SCMSafeModeManager.java:validateSafeModeExitRules(177)) - ScmSafeModeManager, all rules are successfully validated
2019-09-23 14:26:31,159 [EventQueue-NodeRegistrationContainerReportForDataNodeSafeModeRule] INFO  safemode.SCMSafeModeManager (SCMSafeModeManager.java:exitSafeMode(193)) - SCM exiting safe mode.
2019-09-23 14:26:31,173 [grpc-default-executor-5] INFO  impl.RaftServerProxy (RaftServerProxy.java:addNew(89)) - d00dafbe-9fd5-45b7-a068-696ae0257592: addNew group-79C142891DC6:[d00dafbe-9fd5-45b7-a068-696ae0257592:192.168.5.170:43918] returns group-79C142891DC6:java.util.concurrent.CompletableFuture@f638d71[Not completed]
2019-09-23 14:26:31,175 [pool-383-thread-1] INFO  impl.RaftServerImpl (RaftServerImpl.java:<init>(95)) - d00dafbe-9fd5-45b7-a068-696ae0257592: new RaftServerImpl for group-79C142891DC6:[d00dafbe-9fd5-45b7-a068-696ae0257592:192.168.5.170:43918] with ContainerStateMachine:uninitialized
2019-09-23 14:26:31,176 [pool-383-thread-1] INFO  server.RaftServerConfigKeys (ConfUtils.java:logGet(43)) - raft.server.rpc.timeout.min = 5s (custom)
2019-09-23 14:26:31,176 [pool-383-thread-1] INFO  server.RaftServerConfigKeys (ConfUtils.java:logGet(43)) - raft.server.rpc.timeout.max = 5200ms (custom)
2019-09-23 14:26:31,176 [pool-383-thread-1] INFO  server.RaftServerConfigKeys (ConfUtils.java:logGet(43)) - raft.server.rpcslowness.timeout = 120s (custom)
2019-09-23 14:26:31,176 [pool-383-thread-1] INFO  server.RaftServerConfigKeys (ConfUtils.java:logGet(43)) - raft.server.sleep.deviation.threshold = 300 (default)
2019-09-23 14:26:31,176 [pool-383-thread-1] INFO  server.RaftServerConfigKeys (ConfUtils.java:logGet(43)) - raft.server.log.appender.install.snapshot.enabled = false (custom)
2019-09-23 14:26:31,177 [pool-383-thread-1] INFO  impl.RaftServerImpl (ServerState.java:<init>(103)) - d00dafbe-9fd5-45b7-a068-696ae0257592@group-79C142891DC6: ConfigurationManager, init=-1: [d00dafbe-9fd5-45b7-a068-696ae0257592:192.168.5.170:43918], old=null, confs=<EMPTY_MAP>
2019-09-23 14:26:31,177 [pool-383-thread-1] INFO  server.RaftServerConfigKeys (ConfUtils.java:logGet(43)) - raft.server.storage.dir = [/workdir/hadoop-ozone/integration-test/target/test-dir/MiniOzoneClusterImpl-532f3ee3-dcd1-4407-90fc-0b419f7c30a5/datanode-0/data/ratis] (custom)
2019-09-23 14:26:31,177 [pool-383-thread-1] INFO  storage.RaftStorageDirectory (RaftStorageDirectory.java:analyzeStorage(246)) - The storage directory /workdir/hadoop-ozone/integration-test/target/test-dir/MiniOzoneClusterImpl-532f3ee3-dcd1-4407-90fc-0b419f7c30a5/datanode-0/data/ratis/43ea3037-4296-45ef-acd2-79c142891dc6 does not exist. Creating ...
2019-09-23 14:26:31,204 [IPC Server handler 7 on 34518] INFO  net.NetworkTopology (NetworkTopologyImpl.java:add(111)) - Added a new node: /default-rack/79507b5f-0296-465c-8ebd-539f5827c7b6
2019-09-23 14:26:31,205 [IPC Server handler 7 on 34518] INFO  node.SCMNodeManager (SCMNodeManager.java:register(266)) - Registered Data node : 79507b5f-0296-465c-8ebd-539f5827c7b6{ip: 192.168.5.170, host: pr-hdds-2165-pmv7s-2889624754, networkLocation: /default-rack, certSerialId: null}
2019-09-23 14:26:31,214 [pool-383-thread-1] INFO  storage.RaftStorageDirectory (RaftStorageDirectory.java:tryLock(328)) - Lock on /workdir/hadoop-ozone/integration-test/target/test-dir/MiniOzoneClusterImpl-532f3ee3-dcd1-4407-90fc-0b419f7c30a5/datanode-0/data/ratis/43ea3037-4296-45ef-acd2-79c142891dc6/in_use.lock acquired by nodename 23681@pr-hdds-2165-pmv7s-2889624754
2019-09-23 14:26:31,259 [pool-383-thread-1] INFO  storage.RaftStorage (RaftStorage.java:format(72)) - Storage directory /workdir/hadoop-ozone/integration-test/target/test-dir/MiniOzoneClusterImpl-532f3ee3-dcd1-4407-90fc-0b419f7c30a5/datanode-0/data/ratis/43ea3037-4296-45ef-acd2-79c142891dc6 has been successfully formatted.
2019-09-23 14:26:31,260 [pool-383-thread-1] INFO  ratis.ContainerStateMachine (ContainerStateMachine.java:loadSnapshot(230)) - group-79C142891DC6: The snapshot info is null. Setting the last applied indexto:(t:0, i:~)
2019-09-23 14:26:31,260 [pool-383-thread-1] INFO  server.RaftServerConfigKeys (ConfUtils.java:logGet(43)) - raft.server.notification.no-leader.timeout = 120s (custom)
2019-09-23 14:26:31,260 [pool-383-thread-1] INFO  server.RaftServerConfigKeys (ConfUtils.java:logGet(43)) - raft.server.log.use.memory = false (default)
2019-09-23 14:26:31,260 [pool-383-thread-1] INFO  server.RaftServerConfigKeys (ConfUtils.java:logGet(43)) - raft.server.log.purge.gap = 1000000 (custom)
2019-09-23 14:26:31,261 [pool-383-thread-1] INFO  server.RaftServerConfigKeys (ConfUtils.java:logGet(43)) - raft.server.log.appender.buffer.byte-limit = 33554432 (custom)
2019-09-23 14:26:31,261 [pool-383-thread-1] INFO  server.RaftServerConfigKeys (ConfUtils.java:logGet(43)) - raft.server.log.segment.size.max = 1048576 (custom)
2019-09-23 14:26:31,261 [pool-383-thread-1] INFO  server.RaftServerConfigKeys (ConfUtils.java:logGet(43)) - raft.server.log.segment.cache.num.max = 2 (custom)
2019-09-23 14:26:31,261 [pool-383-thread-1] INFO  segmented.SegmentedRaftLogWorker (SegmentedRaftLogWorker.java:<init>(172)) - new d00dafbe-9fd5-45b7-a068-696ae0257592@group-79C142891DC6-SegmentedRaftLogWorker for RaftStorage:Storage Directory /workdir/hadoop-ozone/integration-test/target/test-dir/MiniOzoneClusterImpl-532f3ee3-dcd1-4407-90fc-0b419f7c30a5/datanode-0/data/ratis/43ea3037-4296-45ef-acd2-79c142891dc6
2019-09-23 14:26:31,264 [pool-383-thread-1] INFO  server.RaftServerConfigKeys (ConfUtils.java:logGet(43)) - raft.server.log.queue.byte-limit = 2147483647 (custom)
2019-09-23 14:26:31,264 [pool-383-thread-1] INFO  server.RaftServerConfigKeys (ConfUtils.java:logGet(43)) - raft.server.log.queue.element-limit = 1024 (custom)
2019-09-23 14:26:31,264 [pool-383-thread-1] INFO  server.RaftServerConfigKeys (ConfUtils.java:logGet(43)) - raft.server.log.segment.size.max = 1048576 (custom)
2019-09-23 14:26:31,264 [pool-383-thread-1] INFO  server.RaftServerConfigKeys (ConfUtils.java:logGet(43)) - raft.server.log.preallocated.size = 16384 (custom)
2019-09-23 14:26:31,264 [pool-383-thread-1] INFO  server.RaftServerConfigKeys (ConfUtils.java:logGet(43)) - raft.server.log.write.buffer.size = 33554432 (custom)
2019-09-23 14:26:31,265 [pool-383-thread-1] INFO  server.RaftServerConfigKeys (ConfUtils.java:logGet(43)) - raft.server.log.force.sync.num = 128 (default)
2019-09-23 14:26:31,265 [pool-383-thread-1] INFO  server.RaftServerConfigKeys (ConfUtils.java:logGet(43)) - raft.server.log.statemachine.data.sync = true (default)
2019-09-23 14:26:31,265 [pool-383-thread-1] INFO  server.RaftServerConfigKeys (ConfUtils.java:logGet(43)) - raft.server.log.statemachine.data.sync.timeout = 10s (default)
2019-09-23 14:26:31,265 [pool-383-thread-1] INFO  server.RaftServerConfigKeys (ConfUtils.java:logGet(43)) - raft.server.log.statemachine.data.sync.timeout.retry = -1 (default)
2019-09-23 14:26:31,265 [IPC Server handler 1 on 34518] INFO  net.NetworkTopology (NetworkTopologyImpl.java:add(111)) - Added a new node: /default-rack/cd091852-a212-4633-819f-9983cd12ad7d
2019-09-23 14:26:31,265 [pool-383-thread-1] INFO  server.RaftServerConfigKeys (ConfUtils.java:logGet(43)) - raft.server.log.statemachine.data.caching.enabled = true (custom)
2019-09-23 14:26:31,265 [IPC Server handler 1 on 34518] INFO  node.SCMNodeManager (SCMNodeManager.java:register(266)) - Registered Data node : cd091852-a212-4633-819f-9983cd12ad7d{ip: 192.168.5.170, host: pr-hdds-2165-pmv7s-2889624754, networkLocation: /default-rack, certSerialId: null}
2019-09-23 14:26:31,266 [pool-383-thread-1] INFO  segmented.SegmentedRaftLogWorker (SegmentedRaftLogWorker.java:lambda$new$0(132)) - d00dafbe-9fd5-45b7-a068-696ae0257592@group-79C142891DC6-SegmentedRaftLogWorker: flushIndex: setUnconditionally 0 -> -1
2019-09-23 14:26:31,266 [pool-383-thread-1] INFO  server.RaftServerConfigKeys (ConfUtils.java:logGet(43)) - raft.server.snapshot.auto.trigger.enabled = true (custom)
2019-09-23 14:26:31,266 [pool-383-thread-1] INFO  server.RaftServerConfigKeys (ConfUtils.java:logGet(43)) - raft.server.snapshot.auto.trigger.threshold = 10000 (custom)
2019-09-23 14:26:31,267 [pool-383-thread-1] INFO  server.RaftServerConfigKeys (ConfUtils.java:logGet(43)) - raft.server.snapshot.retention.num.files = 5 (custom)
2019-09-23 14:26:31,267 [pool-383-thread-1] INFO  server.RaftServerConfigKeys (ConfUtils.java:logGet(43)) - raft.server.retrycache.expirytime = 600000ms (custom)
2019-09-23 14:26:31,269 [pool-383-thread-1] INFO  impl.RaftServerImpl (RaftServerImpl.java:start(185)) - d00dafbe-9fd5-45b7-a068-696ae0257592@group-79C142891DC6: start as a follower, conf=-1: [d00dafbe-9fd5-45b7-a068-696ae0257592:192.168.5.170:43918], old=null
2019-09-23 14:26:31,269 [pool-383-thread-1] INFO  impl.RaftServerImpl (RaftServerImpl.java:setRole(174)) - d00dafbe-9fd5-45b7-a068-696ae0257592@group-79C142891DC6: changes role from      null to FOLLOWER at term 0 for startAsFollower
2019-09-23 14:26:31,269 [pool-383-thread-1] INFO  impl.RoleInfo (RoleInfo.java:updateAndGet(143)) - d00dafbe-9fd5-45b7-a068-696ae0257592: start FollowerState
2019-09-23 14:26:31,270 [pool-383-thread-1] INFO  util.JmxRegister (JmxRegister.java:tryRegister(44)) - Successfully registered JMX Bean with object name Ratis:service=RaftServer,group=group-79C142891DC6,id=d00dafbe-9fd5-45b7-a068-696ae0257592
2019-09-23 14:26:31,294 [RatisPipelineUtilsThread] INFO  pipeline.PipelineStateManager (PipelineStateManager.java:addPipeline(56)) - Created pipeline Pipeline[ Id: 43ea3037-4296-45ef-acd2-79c142891dc6, Nodes: d00dafbe-9fd5-45b7-a068-696ae0257592{ip: 192.168.5.170, host: pr-hdds-2165-pmv7s-2889624754, networkLocation: /default-rack, certSerialId: null}, Type:RATIS, Factor:ONE, State:OPEN]
2019-09-23 14:26:31,301 [grpc-default-executor-5] INFO  impl.RaftServerProxy (RaftServerProxy.java:addNew(89)) - 79507b5f-0296-465c-8ebd-539f5827c7b6: addNew group-8C71027B0D93:[79507b5f-0296-465c-8ebd-539f5827c7b6:192.168.5.170:33306] returns group-8C71027B0D93:java.util.concurrent.CompletableFuture@5929ded9[Not completed]
2019-09-23 14:26:31,303 [pool-393-thread-1] INFO  impl.RaftServerImpl (RaftServerImpl.java:<init>(95)) - 79507b5f-0296-465c-8ebd-539f5827c7b6: new RaftServerImpl for group-8C71027B0D93:[79507b5f-0296-465c-8ebd-539f5827c7b6:192.168.5.170:33306] with ContainerStateMachine:uninitialized
2019-09-23 14:26:31,303 [pool-393-thread-1] INFO  server.RaftServerConfigKeys (ConfUtils.java:logGet(43)) - raft.server.rpc.timeout.min = 5s (custom)
2019-09-23 14:26:31,303 [pool-393-thread-1] INFO  server.RaftServerConfigKeys (ConfUtils.java:logGet(43)) - raft.server.rpc.timeout.max = 5200ms (custom)
2019-09-23 14:26:31,304 [pool-393-thread-1] INFO  server.RaftServerConfigKeys (ConfUtils.java:logGet(43)) - raft.server.rpcslowness.timeout = 120s (custom)
2019-09-23 14:26:31,304 [pool-393-thread-1] INFO  server.RaftServerConfigKeys (ConfUtils.java:logGet(43)) - raft.server.sleep.deviation.threshold = 300 (default)
2019-09-23 14:26:31,304 [pool-393-thread-1] INFO  server.RaftServerConfigKeys (ConfUtils.java:logGet(43)) - raft.server.log.appender.install.snapshot.enabled = false (custom)
2019-09-23 14:26:31,304 [pool-393-thread-1] INFO  impl.RaftServerImpl (ServerState.java:<init>(103)) - 79507b5f-0296-465c-8ebd-539f5827c7b6@group-8C71027B0D93: ConfigurationManager, init=-1: [79507b5f-0296-465c-8ebd-539f5827c7b6:192.168.5.170:33306], old=null, confs=<EMPTY_MAP>
2019-09-23 14:26:31,304 [pool-393-thread-1] INFO  server.RaftServerConfigKeys (ConfUtils.java:logGet(43)) - raft.server.storage.dir = [/workdir/hadoop-ozone/integration-test/target/test-dir/MiniOzoneClusterImpl-532f3ee3-dcd1-4407-90fc-0b419f7c30a5/datanode-1/data/ratis] (custom)
2019-09-23 14:26:31,305 [pool-393-thread-1] INFO  storage.RaftStorageDirectory (RaftStorageDirectory.java:analyzeStorage(246)) - The storage directory /workdir/hadoop-ozone/integration-test/target/test-dir/MiniOzoneClusterImpl-532f3ee3-dcd1-4407-90fc-0b419f7c30a5/datanode-1/data/ratis/6ce21cf8-c94f-41d3-9ac1-8c71027b0d93 does not exist. Creating ...
2019-09-23 14:26:31,323 [IPC Server handler 2 on 34518] INFO  net.NetworkTopology (NetworkTopologyImpl.java:add(111)) - Added a new node: /default-rack/fece41c2-a052-4056-87bd-b7b03cf0a1ff
2019-09-23 14:26:31,324 [IPC Server handler 2 on 34518] INFO  node.SCMNodeManager (SCMNodeManager.java:register(266)) - Registered Data node : fece41c2-a052-4056-87bd-b7b03cf0a1ff{ip: 192.168.5.170, host: pr-hdds-2165-pmv7s-2889624754, networkLocation: /default-rack, certSerialId: null}
2019-09-23 14:26:31,357 [pool-393-thread-1] INFO  storage.RaftStorageDirectory (RaftStorageDirectory.java:tryLock(328)) - Lock on /workdir/hadoop-ozone/integration-test/target/test-dir/MiniOzoneClusterImpl-532f3ee3-dcd1-4407-90fc-0b419f7c30a5/datanode-1/data/ratis/6ce21cf8-c94f-41d3-9ac1-8c71027b0d93/in_use.lock acquired by nodename 23681@pr-hdds-2165-pmv7s-2889624754
2019-09-23 14:26:31,387 [pool-393-thread-1] INFO  storage.RaftStorage (RaftStorage.java:format(72)) - Storage directory /workdir/hadoop-ozone/integration-test/target/test-dir/MiniOzoneClusterImpl-532f3ee3-dcd1-4407-90fc-0b419f7c30a5/datanode-1/data/ratis/6ce21cf8-c94f-41d3-9ac1-8c71027b0d93 has been successfully formatted.
2019-09-23 14:26:31,387 [pool-393-thread-1] INFO  ratis.ContainerStateMachine (ContainerStateMachine.java:loadSnapshot(230)) - group-8C71027B0D93: The snapshot info is null. Setting the last applied indexto:(t:0, i:~)
2019-09-23 14:26:31,387 [pool-393-thread-1] INFO  server.RaftServerConfigKeys (ConfUtils.java:logGet(43)) - raft.server.notification.no-leader.timeout = 120s (custom)
2019-09-23 14:26:31,387 [pool-393-thread-1] INFO  server.RaftServerConfigKeys (ConfUtils.java:logGet(43)) - raft.server.log.use.memory = false (default)
2019-09-23 14:26:31,388 [pool-393-thread-1] INFO  server.RaftServerConfigKeys (ConfUtils.java:logGet(43)) - raft.server.log.purge.gap = 1000000 (custom)
2019-09-23 14:26:31,388 [pool-393-thread-1] INFO  server.RaftServerConfigKeys (ConfUtils.java:logGet(43)) - raft.server.log.appender.buffer.byte-limit = 33554432 (custom)
2019-09-23 14:26:31,388 [pool-393-thread-1] INFO  server.RaftServerConfigKeys (ConfUtils.java:logGet(43)) - raft.server.log.segment.size.max = 1048576 (custom)
2019-09-23 14:26:31,388 [pool-393-thread-1] INFO  server.RaftServerConfigKeys (ConfUtils.java:logGet(43)) - raft.server.log.segment.cache.num.max = 2 (custom)
2019-09-23 14:26:31,388 [IPC Server handler 5 on 34518] INFO  net.NetworkTopology (NetworkTopologyImpl.java:add(111)) - Added a new node: /default-rack/93acd87b-0be1-42fa-bf93-807e5bd2aba9
2019-09-23 14:26:31,388 [pool-393-thread-1] INFO  segmented.SegmentedRaftLogWorker (SegmentedRaftLogWorker.java:<init>(172)) - new 79507b5f-0296-465c-8ebd-539f5827c7b6@group-8C71027B0D93-SegmentedRaftLogWorker for RaftStorage:Storage Directory /workdir/hadoop-ozone/integration-test/target/test-dir/MiniOzoneClusterImpl-532f3ee3-dcd1-4407-90fc-0b419f7c30a5/datanode-1/data/ratis/6ce21cf8-c94f-41d3-9ac1-8c71027b0d93
2019-09-23 14:26:31,389 [IPC Server handler 5 on 34518] INFO  node.SCMNodeManager (SCMNodeManager.java:register(266)) - Registered Data node : 93acd87b-0be1-42fa-bf93-807e5bd2aba9{ip: 192.168.5.170, host: pr-hdds-2165-pmv7s-2889624754, networkLocation: /default-rack, certSerialId: null}
2019-09-23 14:26:31,391 [pool-393-thread-1] INFO  server.RaftServerConfigKeys (ConfUtils.java:logGet(43)) - raft.server.log.queue.byte-limit = 2147483647 (custom)
2019-09-23 14:26:31,391 [pool-393-thread-1] INFO  server.RaftServerConfigKeys (ConfUtils.java:logGet(43)) - raft.server.log.queue.element-limit = 1024 (custom)
2019-09-23 14:26:31,391 [pool-393-thread-1] INFO  server.RaftServerConfigKeys (ConfUtils.java:logGet(43)) - raft.server.log.segment.size.max = 1048576 (custom)
2019-09-23 14:26:31,391 [pool-393-thread-1] INFO  server.RaftServerConfigKeys (ConfUtils.java:logGet(43)) - raft.server.log.preallocated.size = 16384 (custom)
2019-09-23 14:26:31,391 [pool-393-thread-1] INFO  server.RaftServerConfigKeys (ConfUtils.java:logGet(43)) - raft.server.log.write.buffer.size = 33554432 (custom)
2019-09-23 14:26:31,391 [pool-393-thread-1] INFO  server.RaftServerConfigKeys (ConfUtils.java:logGet(43)) - raft.server.log.force.sync.num = 128 (default)
2019-09-23 14:26:31,391 [pool-393-thread-1] INFO  server.RaftServerConfigKeys (ConfUtils.java:logGet(43)) - raft.server.log.statemachine.data.sync = true (default)
2019-09-23 14:26:31,392 [pool-393-thread-1] INFO  server.RaftServerConfigKeys (ConfUtils.java:logGet(43)) - raft.server.log.statemachine.data.sync.timeout = 10s (default)
2019-09-23 14:26:31,392 [pool-393-thread-1] INFO  server.RaftServerConfigKeys (ConfUtils.java:logGet(43)) - raft.server.log.statemachine.data.sync.timeout.retry = -1 (default)
2019-09-23 14:26:31,392 [pool-393-thread-1] INFO  server.RaftServerConfigKeys (ConfUtils.java:logGet(43)) - raft.server.log.statemachine.data.caching.enabled = true (custom)
2019-09-23 14:26:31,392 [pool-393-thread-1] INFO  segmented.SegmentedRaftLogWorker (SegmentedRaftLogWorker.java:lambda$new$0(132)) - 79507b5f-0296-465c-8ebd-539f5827c7b6@group-8C71027B0D93-SegmentedRaftLogWorker: flushIndex: setUnconditionally 0 -> -1
2019-09-23 14:26:31,393 [pool-393-thread-1] INFO  server.RaftServerConfigKeys (ConfUtils.java:logGet(43)) - raft.server.snapshot.auto.trigger.enabled = true (custom)
2019-09-23 14:26:31,393 [pool-393-thread-1] INFO  server.RaftServerConfigKeys (ConfUtils.java:logGet(43)) - raft.server.snapshot.auto.trigger.threshold = 10000 (custom)
2019-09-23 14:26:31,393 [pool-393-thread-1] INFO  server.RaftServerConfigKeys (ConfUtils.java:logGet(43)) - raft.server.snapshot.retention.num.files = 5 (custom)
2019-09-23 14:26:31,393 [pool-393-thread-1] INFO  server.RaftServerConfigKeys (ConfUtils.java:logGet(43)) - raft.server.retrycache.expirytime = 600000ms (custom)
2019-09-23 14:26:31,395 [pool-393-thread-1] INFO  impl.RaftServerImpl (RaftServerImpl.java:start(185)) - 79507b5f-0296-465c-8ebd-539f5827c7b6@group-8C71027B0D93: start as a follower, conf=-1: [79507b5f-0296-465c-8ebd-539f5827c7b6:192.168.5.170:33306], old=null
2019-09-23 14:26:31,395 [pool-393-thread-1] INFO  impl.RaftServerImpl (RaftServerImpl.java:setRole(174)) - 79507b5f-0296-465c-8ebd-539f5827c7b6@group-8C71027B0D93: changes role from      null to FOLLOWER at term 0 for startAsFollower
2019-09-23 14:26:31,395 [pool-393-thread-1] INFO  impl.RoleInfo (RoleInfo.java:updateAndGet(143)) - 79507b5f-0296-465c-8ebd-539f5827c7b6: start FollowerState
2019-09-23 14:26:31,396 [pool-393-thread-1] INFO  util.JmxRegister (JmxRegister.java:tryRegister(44)) - Successfully registered JMX Bean with object name Ratis:service=RaftServer,group=group-8C71027B0D93,id=79507b5f-0296-465c-8ebd-539f5827c7b6
2019-09-23 14:26:31,398 [RatisPipelineUtilsThread] INFO  pipeline.PipelineStateManager (PipelineStateManager.java:addPipeline(56)) - Created pipeline Pipeline[ Id: 6ce21cf8-c94f-41d3-9ac1-8c71027b0d93, Nodes: 79507b5f-0296-465c-8ebd-539f5827c7b6{ip: 192.168.5.170, host: pr-hdds-2165-pmv7s-2889624754, networkLocation: /default-rack, certSerialId: null}, Type:RATIS, Factor:ONE, State:OPEN]
2019-09-23 14:26:31,405 [grpc-default-executor-5] INFO  impl.RaftServerProxy (RaftServerProxy.java:addNew(89)) - cd091852-a212-4633-819f-9983cd12ad7d: addNew group-D6A87E82240E:[cd091852-a212-4633-819f-9983cd12ad7d:192.168.5.170:42532] returns group-D6A87E82240E:java.util.concurrent.CompletableFuture@7c89c681[Not completed]
2019-09-23 14:26:31,406 [pool-403-thread-1] INFO  impl.RaftServerImpl (RaftServerImpl.java:<init>(95)) - cd091852-a212-4633-819f-9983cd12ad7d: new RaftServerImpl for group-D6A87E82240E:[cd091852-a212-4633-819f-9983cd12ad7d:192.168.5.170:42532] with ContainerStateMachine:uninitialized
2019-09-23 14:26:31,407 [pool-403-thread-1] INFO  server.RaftServerConfigKeys (ConfUtils.java:logGet(43)) - raft.server.rpc.timeout.min = 5s (custom)
2019-09-23 14:26:31,407 [pool-403-thread-1] INFO  server.RaftServerConfigKeys (ConfUtils.java:logGet(43)) - raft.server.rpc.timeout.max = 5200ms (custom)
2019-09-23 14:26:31,407 [pool-403-thread-1] INFO  server.RaftServerConfigKeys (ConfUtils.java:logGet(43)) - raft.server.rpcslowness.timeout = 120s (custom)
2019-09-23 14:26:31,407 [pool-403-thread-1] INFO  server.RaftServerConfigKeys (ConfUtils.java:logGet(43)) - raft.server.sleep.deviation.threshold = 300 (default)
2019-09-23 14:26:31,407 [pool-403-thread-1] INFO  server.RaftServerConfigKeys (ConfUtils.java:logGet(43)) - raft.server.log.appender.install.snapshot.enabled = false (custom)
2019-09-23 14:26:31,407 [pool-403-thread-1] INFO  impl.RaftServerImpl (ServerState.java:<init>(103)) - cd091852-a212-4633-819f-9983cd12ad7d@group-D6A87E82240E: ConfigurationManager, init=-1: [cd091852-a212-4633-819f-9983cd12ad7d:192.168.5.170:42532], old=null, confs=<EMPTY_MAP>
2019-09-23 14:26:31,407 [pool-403-thread-1] INFO  server.RaftServerConfigKeys (ConfUtils.java:logGet(43)) - raft.server.storage.dir = [/workdir/hadoop-ozone/integration-test/target/test-dir/MiniOzoneClusterImpl-532f3ee3-dcd1-4407-90fc-0b419f7c30a5/datanode-2/data/ratis] (custom)
2019-09-23 14:26:31,408 [pool-403-thread-1] INFO  storage.RaftStorageDirectory (RaftStorageDirectory.java:analyzeStorage(246)) - The storage directory /workdir/hadoop-ozone/integration-test/target/test-dir/MiniOzoneClusterImpl-532f3ee3-dcd1-4407-90fc-0b419f7c30a5/datanode-2/data/ratis/da953c13-8437-435e-bcd6-d6a87e82240e does not exist. Creating ...
2019-09-23 14:26:31,453 [pool-403-thread-1] INFO  storage.RaftStorageDirectory (RaftStorageDirectory.java:tryLock(328)) - Lock on /workdir/hadoop-ozone/integration-test/target/test-dir/MiniOzoneClusterImpl-532f3ee3-dcd1-4407-90fc-0b419f7c30a5/datanode-2/data/ratis/da953c13-8437-435e-bcd6-d6a87e82240e/in_use.lock acquired by nodename 23681@pr-hdds-2165-pmv7s-2889624754
2019-09-23 14:26:31,456 [IPC Server handler 4 on 34518] INFO  net.NetworkTopology (NetworkTopologyImpl.java:add(111)) - Added a new node: /default-rack/30c43bb2-f349-4ad7-a94b-6a0167b10dd1
2019-09-23 14:26:31,456 [IPC Server handler 4 on 34518] INFO  node.SCMNodeManager (SCMNodeManager.java:register(266)) - Registered Data node : 30c43bb2-f349-4ad7-a94b-6a0167b10dd1{ip: 192.168.5.170, host: pr-hdds-2165-pmv7s-2889624754, networkLocation: /default-rack, certSerialId: null}
2019-09-23 14:26:31,467 [pool-403-thread-1] INFO  storage.RaftStorage (RaftStorage.java:format(72)) - Storage directory /workdir/hadoop-ozone/integration-test/target/test-dir/MiniOzoneClusterImpl-532f3ee3-dcd1-4407-90fc-0b419f7c30a5/datanode-2/data/ratis/da953c13-8437-435e-bcd6-d6a87e82240e has been successfully formatted.
2019-09-23 14:26:31,467 [pool-403-thread-1] INFO  ratis.ContainerStateMachine (ContainerStateMachine.java:loadSnapshot(230)) - group-D6A87E82240E: The snapshot info is null. Setting the last applied indexto:(t:0, i:~)
2019-09-23 14:26:31,467 [pool-403-thread-1] INFO  server.RaftServerConfigKeys (ConfUtils.java:logGet(43)) - raft.server.notification.no-leader.timeout = 120s (custom)
2019-09-23 14:26:31,467 [pool-403-thread-1] INFO  server.RaftServerConfigKeys (ConfUtils.java:logGet(43)) - raft.server.log.use.memory = false (default)
2019-09-23 14:26:31,468 [pool-403-thread-1] INFO  server.RaftServerConfigKeys (ConfUtils.java:logGet(43)) - raft.server.log.purge.gap = 1000000 (custom)
2019-09-23 14:26:31,468 [pool-403-thread-1] INFO  server.RaftServerConfigKeys (ConfUtils.java:logGet(43)) - raft.server.log.appender.buffer.byte-limit = 33554432 (custom)
2019-09-23 14:26:31,468 [pool-403-thread-1] INFO  server.RaftServerConfigKeys (ConfUtils.java:logGet(43)) - raft.server.log.segment.size.max = 1048576 (custom)
2019-09-23 14:26:31,468 [pool-403-thread-1] INFO  server.RaftServerConfigKeys (ConfUtils.java:logGet(43)) - raft.server.log.segment.cache.num.max = 2 (custom)
2019-09-23 14:26:31,468 [pool-403-thread-1] INFO  segmented.SegmentedRaftLogWorker (SegmentedRaftLogWorker.java:<init>(172)) - new cd091852-a212-4633-819f-9983cd12ad7d@group-D6A87E82240E-SegmentedRaftLogWorker for RaftStorage:Storage Directory /workdir/hadoop-ozone/integration-test/target/test-dir/MiniOzoneClusterImpl-532f3ee3-dcd1-4407-90fc-0b419f7c30a5/datanode-2/data/ratis/da953c13-8437-435e-bcd6-d6a87e82240e
2019-09-23 14:26:31,470 [pool-403-thread-1] INFO  server.RaftServerConfigKeys (ConfUtils.java:logGet(43)) - raft.server.log.queue.byte-limit = 2147483647 (custom)
2019-09-23 14:26:31,470 [pool-403-thread-1] INFO  server.RaftServerConfigKeys (ConfUtils.java:logGet(43)) - raft.server.log.queue.element-limit = 1024 (custom)
2019-09-23 14:26:31,470 [pool-403-thread-1] INFO  server.RaftServerConfigKeys (ConfUtils.java:logGet(43)) - raft.server.log.segment.size.max = 1048576 (custom)
2019-09-23 14:26:31,471 [pool-403-thread-1] INFO  server.RaftServerConfigKeys (ConfUtils.java:logGet(43)) - raft.server.log.preallocated.size = 16384 (custom)
2019-09-23 14:26:31,471 [pool-403-thread-1] INFO  server.RaftServerConfigKeys (ConfUtils.java:logGet(43)) - raft.server.log.write.buffer.size = 33554432 (custom)
2019-09-23 14:26:31,471 [pool-403-thread-1] INFO  server.RaftServerConfigKeys (ConfUtils.java:logGet(43)) - raft.server.log.force.sync.num = 128 (default)
2019-09-23 14:26:31,471 [pool-403-thread-1] INFO  server.RaftServerConfigKeys (ConfUtils.java:logGet(43)) - raft.server.log.statemachine.data.sync = true (default)
2019-09-23 14:26:31,471 [pool-403-thread-1] INFO  server.RaftServerConfigKeys (ConfUtils.java:logGet(43)) - raft.server.log.statemachine.data.sync.timeout = 10s (default)
2019-09-23 14:26:31,471 [pool-403-thread-1] INFO  server.RaftServerConfigKeys (ConfUtils.java:logGet(43)) - raft.server.log.statemachine.data.sync.timeout.retry = -1 (default)
2019-09-23 14:26:31,472 [pool-403-thread-1] INFO  server.RaftServerConfigKeys (ConfUtils.java:logGet(43)) - raft.server.log.statemachine.data.caching.enabled = true (custom)
2019-09-23 14:26:31,472 [pool-403-thread-1] INFO  segmented.SegmentedRaftLogWorker (SegmentedRaftLogWorker.java:lambda$new$0(132)) - cd091852-a212-4633-819f-9983cd12ad7d@group-D6A87E82240E-SegmentedRaftLogWorker: flushIndex: setUnconditionally 0 -> -1
2019-09-23 14:26:31,472 [pool-403-thread-1] INFO  server.RaftServerConfigKeys (ConfUtils.java:logGet(43)) - raft.server.snapshot.auto.trigger.enabled = true (custom)
2019-09-23 14:26:31,472 [pool-403-thread-1] INFO  server.RaftServerConfigKeys (ConfUtils.java:logGet(43)) - raft.server.snapshot.auto.trigger.threshold = 10000 (custom)
2019-09-23 14:26:31,473 [pool-403-thread-1] INFO  server.RaftServerConfigKeys (ConfUtils.java:logGet(43)) - raft.server.snapshot.retention.num.files = 5 (custom)
2019-09-23 14:26:31,473 [pool-403-thread-1] INFO  server.RaftServerConfigKeys (ConfUtils.java:logGet(43)) - raft.server.retrycache.expirytime = 600000ms (custom)
2019-09-23 14:26:31,475 [pool-403-thread-1] INFO  impl.RaftServerImpl (RaftServerImpl.java:start(185)) - cd091852-a212-4633-819f-9983cd12ad7d@group-D6A87E82240E: start as a follower, conf=-1: [cd091852-a212-4633-819f-9983cd12ad7d:192.168.5.170:42532], old=null
2019-09-23 14:26:31,475 [pool-403-thread-1] INFO  impl.RaftServerImpl (RaftServerImpl.java:setRole(174)) - cd091852-a212-4633-819f-9983cd12ad7d@group-D6A87E82240E: changes role from      null to FOLLOWER at term 0 for startAsFollower
2019-09-23 14:26:31,475 [pool-403-thread-1] INFO  impl.RoleInfo (RoleInfo.java:updateAndGet(143)) - cd091852-a212-4633-819f-9983cd12ad7d: start FollowerState
2019-09-23 14:26:31,475 [pool-403-thread-1] INFO  util.JmxRegister (JmxRegister.java:tryRegister(44)) - Successfully registered JMX Bean with object name Ratis:service=RaftServer,group=group-D6A87E82240E,id=cd091852-a212-4633-819f-9983cd12ad7d
2019-09-23 14:26:31,477 [RatisPipelineUtilsThread] INFO  pipeline.PipelineStateManager (PipelineStateManager.java:addPipeline(56)) - Created pipeline Pipeline[ Id: da953c13-8437-435e-bcd6-d6a87e82240e, Nodes: cd091852-a212-4633-819f-9983cd12ad7d{ip: 192.168.5.170, host: pr-hdds-2165-pmv7s-2889624754, networkLocation: /default-rack, certSerialId: null}, Type:RATIS, Factor:ONE, State:OPEN]
2019-09-23 14:26:31,487 [grpc-default-executor-5] INFO  impl.RaftServerProxy (RaftServerProxy.java:addNew(89)) - 30c43bb2-f349-4ad7-a94b-6a0167b10dd1: addNew group-498702BB3BD2:[30c43bb2-f349-4ad7-a94b-6a0167b10dd1:192.168.5.170:37482] returns group-498702BB3BD2:java.util.concurrent.CompletableFuture@6f4fecc9[Not completed]
2019-09-23 14:26:31,488 [pool-433-thread-1] INFO  impl.RaftServerImpl (RaftServerImpl.java:<init>(95)) - 30c43bb2-f349-4ad7-a94b-6a0167b10dd1: new RaftServerImpl for group-498702BB3BD2:[30c43bb2-f349-4ad7-a94b-6a0167b10dd1:192.168.5.170:37482] with ContainerStateMachine:uninitialized
2019-09-23 14:26:31,488 [pool-433-thread-1] INFO  server.RaftServerConfigKeys (ConfUtils.java:logGet(43)) - raft.server.rpc.timeout.min = 5s (custom)
2019-09-23 14:26:31,488 [pool-433-thread-1] INFO  server.RaftServerConfigKeys (ConfUtils.java:logGet(43)) - raft.server.rpc.timeout.max = 5200ms (custom)
2019-09-23 14:26:31,489 [pool-433-thread-1] INFO  server.RaftServerConfigKeys (ConfUtils.java:logGet(43)) - raft.server.rpcslowness.timeout = 120s (custom)
2019-09-23 14:26:31,489 [pool-433-thread-1] INFO  server.RaftServerConfigKeys (ConfUtils.java:logGet(43)) - raft.server.sleep.deviation.threshold = 300 (default)
2019-09-23 14:26:31,489 [pool-433-thread-1] INFO  server.RaftServerConfigKeys (ConfUtils.java:logGet(43)) - raft.server.log.appender.install.snapshot.enabled = false (custom)
2019-09-23 14:26:31,489 [pool-433-thread-1] INFO  impl.RaftServerImpl (ServerState.java:<init>(103)) - 30c43bb2-f349-4ad7-a94b-6a0167b10dd1@group-498702BB3BD2: ConfigurationManager, init=-1: [30c43bb2-f349-4ad7-a94b-6a0167b10dd1:192.168.5.170:37482], old=null, confs=<EMPTY_MAP>
2019-09-23 14:26:31,489 [pool-433-thread-1] INFO  server.RaftServerConfigKeys (ConfUtils.java:logGet(43)) - raft.server.storage.dir = [/workdir/hadoop-ozone/integration-test/target/test-dir/MiniOzoneClusterImpl-532f3ee3-dcd1-4407-90fc-0b419f7c30a5/datanode-5/data/ratis] (custom)
2019-09-23 14:26:31,489 [pool-433-thread-1] INFO  storage.RaftStorageDirectory (RaftStorageDirectory.java:analyzeStorage(246)) - The storage directory /workdir/hadoop-ozone/integration-test/target/test-dir/MiniOzoneClusterImpl-532f3ee3-dcd1-4407-90fc-0b419f7c30a5/datanode-5/data/ratis/6511d2b7-3742-46d1-ac32-498702bb3bd2 does not exist. Creating ...
2019-09-23 14:26:31,510 [IPC Server handler 6 on 34518] INFO  net.NetworkTopology (NetworkTopologyImpl.java:add(111)) - Added a new node: /default-rack/017e5be7-1426-4da9-b186-145a579d4ee0
2019-09-23 14:26:31,510 [IPC Server handler 6 on 34518] INFO  node.SCMNodeManager (SCMNodeManager.java:register(266)) - Registered Data node : 017e5be7-1426-4da9-b186-145a579d4ee0{ip: 192.168.5.170, host: pr-hdds-2165-pmv7s-2889624754, networkLocation: /default-rack, certSerialId: null}
2019-09-23 14:26:31,512 [main] INFO  ozone.MiniOzoneClusterImpl (MiniOzoneClusterImpl.java:lambda$waitForClusterToBeReady$0(147)) - Cluster is ready. Got 7 of 7 DN Heartbeats.
2019-09-23 14:26:31,550 [pool-433-thread-1] INFO  storage.RaftStorageDirectory (RaftStorageDirectory.java:tryLock(328)) - Lock on /workdir/hadoop-ozone/integration-test/target/test-dir/MiniOzoneClusterImpl-532f3ee3-dcd1-4407-90fc-0b419f7c30a5/datanode-5/data/ratis/6511d2b7-3742-46d1-ac32-498702bb3bd2/in_use.lock acquired by nodename 23681@pr-hdds-2165-pmv7s-2889624754
2019-09-23 14:26:31,550 [main] INFO  rpc.RpcClient (RpcClient.java:createVolume(276)) - Creating Volume: watchforcommithandlingtest, with jenkins1000 as owner.
2019-09-23 14:26:31,554 [IPC Server handler 2 on 36966] INFO  volume.OMVolumeCreateRequest (OMVolumeCreateRequest.java:validateAndUpdateCache(189)) - created volume:watchforcommithandlingtest for user:jenkins1000
2019-09-23 14:26:31,572 [main] INFO  rpc.RpcClient (RpcClient.java:createBucket(415)) - Creating Bucket: watchforcommithandlingtest/watchforcommithandlingtest, with Versioning false and Storage Type set to DISK and Encryption set to false 
2019-09-23 14:26:31,576 [pool-433-thread-1] INFO  storage.RaftStorage (RaftStorage.java:format(72)) - Storage directory /workdir/hadoop-ozone/integration-test/target/test-dir/MiniOzoneClusterImpl-532f3ee3-dcd1-4407-90fc-0b419f7c30a5/datanode-5/data/ratis/6511d2b7-3742-46d1-ac32-498702bb3bd2 has been successfully formatted.
2019-09-23 14:26:31,576 [pool-433-thread-1] INFO  ratis.ContainerStateMachine (ContainerStateMachine.java:loadSnapshot(230)) - group-498702BB3BD2: The snapshot info is null. Setting the last applied indexto:(t:0, i:~)
2019-09-23 14:26:31,576 [pool-433-thread-1] INFO  server.RaftServerConfigKeys (ConfUtils.java:logGet(43)) - raft.server.notification.no-leader.timeout = 120s (custom)
2019-09-23 14:26:31,577 [pool-433-thread-1] INFO  server.RaftServerConfigKeys (ConfUtils.java:logGet(43)) - raft.server.log.use.memory = false (default)
2019-09-23 14:26:31,577 [main] INFO  ozone.MiniOzoneClusterImpl (MiniOzoneClusterImpl.java:getStorageContainerLocationClient(234)) - Creating StorageContainerLocationProtocol RPC client with address /0.0.0.0:33477
2019-09-23 14:26:31,577 [pool-433-thread-1] INFO  server.RaftServerConfigKeys (ConfUtils.java:logGet(43)) - raft.server.log.purge.gap = 1000000 (custom)
2019-09-23 14:26:31,577 [pool-433-thread-1] INFO  server.RaftServerConfigKeys (ConfUtils.java:logGet(43)) - raft.server.log.appender.buffer.byte-limit = 33554432 (custom)
2019-09-23 14:26:31,577 [pool-433-thread-1] INFO  server.RaftServerConfigKeys (ConfUtils.java:logGet(43)) - raft.server.log.segment.size.max = 1048576 (custom)
2019-09-23 14:26:31,577 [pool-433-thread-1] INFO  server.RaftServerConfigKeys (ConfUtils.java:logGet(43)) - raft.server.log.segment.cache.num.max = 2 (custom)
2019-09-23 14:26:31,578 [pool-433-thread-1] INFO  segmented.SegmentedRaftLogWorker (SegmentedRaftLogWorker.java:<init>(172)) - new 30c43bb2-f349-4ad7-a94b-6a0167b10dd1@group-498702BB3BD2-SegmentedRaftLogWorker for RaftStorage:Storage Directory /workdir/hadoop-ozone/integration-test/target/test-dir/MiniOzoneClusterImpl-532f3ee3-dcd1-4407-90fc-0b419f7c30a5/datanode-5/data/ratis/6511d2b7-3742-46d1-ac32-498702bb3bd2
2019-09-23 14:26:31,580 [pool-433-thread-1] INFO  server.RaftServerConfigKeys (ConfUtils.java:logGet(43)) - raft.server.log.queue.byte-limit = 2147483647 (custom)
2019-09-23 14:26:31,580 [pool-433-thread-1] INFO  server.RaftServerConfigKeys (ConfUtils.java:logGet(43)) - raft.server.log.queue.element-limit = 1024 (custom)
2019-09-23 14:26:31,581 [pool-433-thread-1] INFO  server.RaftServerConfigKeys (ConfUtils.java:logGet(43)) - raft.server.log.segment.size.max = 1048576 (custom)
2019-09-23 14:26:31,581 [pool-433-thread-1] INFO  server.RaftServerConfigKeys (ConfUtils.java:logGet(43)) - raft.server.log.preallocated.size = 16384 (custom)
2019-09-23 14:26:31,581 [pool-433-thread-1] INFO  server.RaftServerConfigKeys (ConfUtils.java:logGet(43)) - raft.server.log.write.buffer.size = 33554432 (custom)
2019-09-23 14:26:31,581 [pool-433-thread-1] INFO  server.RaftServerConfigKeys (ConfUtils.java:logGet(43)) - raft.server.log.force.sync.num = 128 (default)
2019-09-23 14:26:31,581 [pool-433-thread-1] INFO  server.RaftServerConfigKeys (ConfUtils.java:logGet(43)) - raft.server.log.statemachine.data.sync = true (default)
2019-09-23 14:26:31,581 [pool-433-thread-1] INFO  server.RaftServerConfigKeys (ConfUtils.java:logGet(43)) - raft.server.log.statemachine.data.sync.timeout = 10s (default)
2019-09-23 14:26:31,581 [pool-433-thread-1] INFO  server.RaftServerConfigKeys (ConfUtils.java:logGet(43)) - raft.server.log.statemachine.data.sync.timeout.retry = -1 (default)
2019-09-23 14:26:31,582 [pool-433-thread-1] INFO  server.RaftServerConfigKeys (ConfUtils.java:logGet(43)) - raft.server.log.statemachine.data.caching.enabled = true (custom)
2019-09-23 14:26:31,582 [pool-433-thread-1] INFO  segmented.SegmentedRaftLogWorker (SegmentedRaftLogWorker.java:lambda$new$0(132)) - 30c43bb2-f349-4ad7-a94b-6a0167b10dd1@group-498702BB3BD2-SegmentedRaftLogWorker: flushIndex: setUnconditionally 0 -> -1
2019-09-23 14:26:31,582 [pool-433-thread-1] INFO  server.RaftServerConfigKeys (ConfUtils.java:logGet(43)) - raft.server.snapshot.auto.trigger.enabled = true (custom)
2019-09-23 14:26:31,583 [pool-433-thread-1] INFO  server.RaftServerConfigKeys (ConfUtils.java:logGet(43)) - raft.server.snapshot.auto.trigger.threshold = 10000 (custom)
2019-09-23 14:26:31,583 [pool-433-thread-1] INFO  server.RaftServerConfigKeys (ConfUtils.java:logGet(43)) - raft.server.snapshot.retention.num.files = 5 (custom)
2019-09-23 14:26:31,583 [pool-433-thread-1] INFO  server.RaftServerConfigKeys (ConfUtils.java:logGet(43)) - raft.server.retrycache.expirytime = 600000ms (custom)
2019-09-23 14:26:31,585 [pool-433-thread-1] INFO  impl.RaftServerImpl (RaftServerImpl.java:start(185)) - 30c43bb2-f349-4ad7-a94b-6a0167b10dd1@group-498702BB3BD2: start as a follower, conf=-1: [30c43bb2-f349-4ad7-a94b-6a0167b10dd1:192.168.5.170:37482], old=null
2019-09-23 14:26:31,585 [pool-433-thread-1] INFO  impl.RaftServerImpl (RaftServerImpl.java:setRole(174)) - 30c43bb2-f349-4ad7-a94b-6a0167b10dd1@group-498702BB3BD2: changes role from      null to FOLLOWER at term 0 for startAsFollower
2019-09-23 14:26:31,585 [pool-433-thread-1] INFO  impl.RoleInfo (RoleInfo.java:updateAndGet(143)) - 30c43bb2-f349-4ad7-a94b-6a0167b10dd1: start FollowerState
2019-09-23 14:26:31,585 [pool-433-thread-1] INFO  util.JmxRegister (JmxRegister.java:tryRegister(44)) - Successfully registered JMX Bean with object name Ratis:service=RaftServer,group=group-498702BB3BD2,id=30c43bb2-f349-4ad7-a94b-6a0167b10dd1
2019-09-23 14:26:31,587 [RatisPipelineUtilsThread] INFO  pipeline.PipelineStateManager (PipelineStateManager.java:addPipeline(56)) - Created pipeline Pipeline[ Id: 6511d2b7-3742-46d1-ac32-498702bb3bd2, Nodes: 30c43bb2-f349-4ad7-a94b-6a0167b10dd1{ip: 192.168.5.170, host: pr-hdds-2165-pmv7s-2889624754, networkLocation: /default-rack, certSerialId: null}, Type:RATIS, Factor:ONE, State:OPEN]
2019-09-23 14:26:31,596 [grpc-default-executor-5] INFO  impl.RaftServerProxy (RaftServerProxy.java:addNew(89)) - 017e5be7-1426-4da9-b186-145a579d4ee0: addNew group-335CA7913064:[017e5be7-1426-4da9-b186-145a579d4ee0:192.168.5.170:42635] returns group-335CA7913064:java.util.concurrent.CompletableFuture@56fa9c50[Not completed]
2019-09-23 14:26:31,598 [pool-443-thread-1] INFO  impl.RaftServerImpl (RaftServerImpl.java:<init>(95)) - 017e5be7-1426-4da9-b186-145a579d4ee0: new RaftServerImpl for group-335CA7913064:[017e5be7-1426-4da9-b186-145a579d4ee0:192.168.5.170:42635] with ContainerStateMachine:uninitialized
2019-09-23 14:26:31,598 [pool-443-thread-1] INFO  server.RaftServerConfigKeys (ConfUtils.java:logGet(43)) - raft.server.rpc.timeout.min = 5s (custom)
2019-09-23 14:26:31,598 [pool-443-thread-1] INFO  server.RaftServerConfigKeys (ConfUtils.java:logGet(43)) - raft.server.rpc.timeout.max = 5200ms (custom)
2019-09-23 14:26:31,599 [pool-443-thread-1] INFO  server.RaftServerConfigKeys (ConfUtils.java:logGet(43)) - raft.server.rpcslowness.timeout = 120s (custom)
2019-09-23 14:26:31,599 [pool-443-thread-1] INFO  server.RaftServerConfigKeys (ConfUtils.java:logGet(43)) - raft.server.sleep.deviation.threshold = 300 (default)
2019-09-23 14:26:31,599 [pool-443-thread-1] INFO  server.RaftServerConfigKeys (ConfUtils.java:logGet(43)) - raft.server.log.appender.install.snapshot.enabled = false (custom)
2019-09-23 14:26:31,599 [pool-443-thread-1] INFO  impl.RaftServerImpl (ServerState.java:<init>(103)) - 017e5be7-1426-4da9-b186-145a579d4ee0@group-335CA7913064: ConfigurationManager, init=-1: [017e5be7-1426-4da9-b186-145a579d4ee0:192.168.5.170:42635], old=null, confs=<EMPTY_MAP>
2019-09-23 14:26:31,599 [pool-443-thread-1] INFO  server.RaftServerConfigKeys (ConfUtils.java:logGet(43)) - raft.server.storage.dir = [/workdir/hadoop-ozone/integration-test/target/test-dir/MiniOzoneClusterImpl-532f3ee3-dcd1-4407-90fc-0b419f7c30a5/datanode-6/data/ratis] (custom)
2019-09-23 14:26:31,599 [pool-443-thread-1] INFO  storage.RaftStorageDirectory (RaftStorageDirectory.java:analyzeStorage(246)) - The storage directory /workdir/hadoop-ozone/integration-test/target/test-dir/MiniOzoneClusterImpl-532f3ee3-dcd1-4407-90fc-0b419f7c30a5/datanode-6/data/ratis/84fb5902-7434-4e77-af05-335ca7913064 does not exist. Creating ...
2019-09-23 14:26:31,631 [pool-443-thread-1] INFO  storage.RaftStorageDirectory (RaftStorageDirectory.java:tryLock(328)) - Lock on /workdir/hadoop-ozone/integration-test/target/test-dir/MiniOzoneClusterImpl-532f3ee3-dcd1-4407-90fc-0b419f7c30a5/datanode-6/data/ratis/84fb5902-7434-4e77-af05-335ca7913064/in_use.lock acquired by nodename 23681@pr-hdds-2165-pmv7s-2889624754
2019-09-23 14:26:31,675 [pool-443-thread-1] INFO  storage.RaftStorage (RaftStorage.java:format(72)) - Storage directory /workdir/hadoop-ozone/integration-test/target/test-dir/MiniOzoneClusterImpl-532f3ee3-dcd1-4407-90fc-0b419f7c30a5/datanode-6/data/ratis/84fb5902-7434-4e77-af05-335ca7913064 has been successfully formatted.
2019-09-23 14:26:31,675 [pool-443-thread-1] INFO  ratis.ContainerStateMachine (ContainerStateMachine.java:loadSnapshot(230)) - group-335CA7913064: The snapshot info is null. Setting the last applied indexto:(t:0, i:~)
2019-09-23 14:26:31,675 [pool-443-thread-1] INFO  server.RaftServerConfigKeys (ConfUtils.java:logGet(43)) - raft.server.notification.no-leader.timeout = 120s (custom)
2019-09-23 14:26:31,675 [pool-443-thread-1] INFO  server.RaftServerConfigKeys (ConfUtils.java:logGet(43)) - raft.server.log.use.memory = false (default)
2019-09-23 14:26:31,675 [pool-443-thread-1] INFO  server.RaftServerConfigKeys (ConfUtils.java:logGet(43)) - raft.server.log.purge.gap = 1000000 (custom)
2019-09-23 14:26:31,675 [pool-443-thread-1] INFO  server.RaftServerConfigKeys (ConfUtils.java:logGet(43)) - raft.server.log.appender.buffer.byte-limit = 33554432 (custom)
2019-09-23 14:26:31,675 [pool-443-thread-1] INFO  server.RaftServerConfigKeys (ConfUtils.java:logGet(43)) - raft.server.log.segment.size.max = 1048576 (custom)
2019-09-23 14:26:31,676 [pool-443-thread-1] INFO  server.RaftServerConfigKeys (ConfUtils.java:logGet(43)) - raft.server.log.segment.cache.num.max = 2 (custom)
2019-09-23 14:26:31,676 [pool-443-thread-1] INFO  segmented.SegmentedRaftLogWorker (SegmentedRaftLogWorker.java:<init>(172)) - new 017e5be7-1426-4da9-b186-145a579d4ee0@group-335CA7913064-SegmentedRaftLogWorker for RaftStorage:Storage Directory /workdir/hadoop-ozone/integration-test/target/test-dir/MiniOzoneClusterImpl-532f3ee3-dcd1-4407-90fc-0b419f7c30a5/datanode-6/data/ratis/84fb5902-7434-4e77-af05-335ca7913064
2019-09-23 14:26:31,678 [pool-443-thread-1] INFO  server.RaftServerConfigKeys (ConfUtils.java:logGet(43)) - raft.server.log.queue.byte-limit = 2147483647 (custom)
2019-09-23 14:26:31,678 [pool-443-thread-1] INFO  server.RaftServerConfigKeys (ConfUtils.java:logGet(43)) - raft.server.log.queue.element-limit = 1024 (custom)
2019-09-23 14:26:31,678 [pool-443-thread-1] INFO  server.RaftServerConfigKeys (ConfUtils.java:logGet(43)) - raft.server.log.segment.size.max = 1048576 (custom)
2019-09-23 14:26:31,678 [pool-443-thread-1] INFO  server.RaftServerConfigKeys (ConfUtils.java:logGet(43)) - raft.server.log.preallocated.size = 16384 (custom)
2019-09-23 14:26:31,679 [pool-443-thread-1] INFO  server.RaftServerConfigKeys (ConfUtils.java:logGet(43)) - raft.server.log.write.buffer.size = 33554432 (custom)
2019-09-23 14:26:31,679 [pool-443-thread-1] INFO  server.RaftServerConfigKeys (ConfUtils.java:logGet(43)) - raft.server.log.force.sync.num = 128 (default)
2019-09-23 14:26:31,679 [pool-443-thread-1] INFO  server.RaftServerConfigKeys (ConfUtils.java:logGet(43)) - raft.server.log.statemachine.data.sync = true (default)
2019-09-23 14:26:31,679 [pool-443-thread-1] INFO  server.RaftServerConfigKeys (ConfUtils.java:logGet(43)) - raft.server.log.statemachine.data.sync.timeout = 10s (default)
2019-09-23 14:26:31,679 [pool-443-thread-1] INFO  server.RaftServerConfigKeys (ConfUtils.java:logGet(43)) - raft.server.log.statemachine.data.sync.timeout.retry = -1 (default)
2019-09-23 14:26:31,679 [pool-443-thread-1] INFO  server.RaftServerConfigKeys (ConfUtils.java:logGet(43)) - raft.server.log.statemachine.data.caching.enabled = true (custom)
2019-09-23 14:26:31,680 [pool-443-thread-1] INFO  segmented.SegmentedRaftLogWorker (SegmentedRaftLogWorker.java:lambda$new$0(132)) - 017e5be7-1426-4da9-b186-145a579d4ee0@group-335CA7913064-SegmentedRaftLogWorker: flushIndex: setUnconditionally 0 -> -1
2019-09-23 14:26:31,680 [pool-443-thread-1] INFO  server.RaftServerConfigKeys (ConfUtils.java:logGet(43)) - raft.server.snapshot.auto.trigger.enabled = true (custom)
2019-09-23 14:26:31,680 [pool-443-thread-1] INFO  server.RaftServerConfigKeys (ConfUtils.java:logGet(43)) - raft.server.snapshot.auto.trigger.threshold = 10000 (custom)
2019-09-23 14:26:31,681 [pool-443-thread-1] INFO  server.RaftServerConfigKeys (ConfUtils.java:logGet(43)) - raft.server.snapshot.retention.num.files = 5 (custom)
2019-09-23 14:26:31,681 [pool-443-thread-1] INFO  server.RaftServerConfigKeys (ConfUtils.java:logGet(43)) - raft.server.retrycache.expirytime = 600000ms (custom)
2019-09-23 14:26:31,683 [pool-443-thread-1] INFO  impl.RaftServerImpl (RaftServerImpl.java:start(185)) - 017e5be7-1426-4da9-b186-145a579d4ee0@group-335CA7913064: start as a follower, conf=-1: [017e5be7-1426-4da9-b186-145a579d4ee0:192.168.5.170:42635], old=null
2019-09-23 14:26:31,683 [pool-443-thread-1] INFO  impl.RaftServerImpl (RaftServerImpl.java:setRole(174)) - 017e5be7-1426-4da9-b186-145a579d4ee0@group-335CA7913064: changes role from      null to FOLLOWER at term 0 for startAsFollower
2019-09-23 14:26:31,683 [pool-443-thread-1] INFO  impl.RoleInfo (RoleInfo.java:updateAndGet(143)) - 017e5be7-1426-4da9-b186-145a579d4ee0: start FollowerState
2019-09-23 14:26:31,683 [pool-443-thread-1] INFO  util.JmxRegister (JmxRegister.java:tryRegister(44)) - Successfully registered JMX Bean with object name Ratis:service=RaftServer,group=group-335CA7913064,id=017e5be7-1426-4da9-b186-145a579d4ee0
2019-09-23 14:26:31,685 [RatisPipelineUtilsThread] INFO  pipeline.PipelineStateManager (PipelineStateManager.java:addPipeline(56)) - Created pipeline Pipeline[ Id: 84fb5902-7434-4e77-af05-335ca7913064, Nodes: 017e5be7-1426-4da9-b186-145a579d4ee0{ip: 192.168.5.170, host: pr-hdds-2165-pmv7s-2889624754, networkLocation: /default-rack, certSerialId: null}, Type:RATIS, Factor:ONE, State:OPEN]
2019-09-23 14:26:31,710 [grpc-default-executor-5] INFO  impl.RaftServerProxy (RaftServerProxy.java:addNew(89)) - fece41c2-a052-4056-87bd-b7b03cf0a1ff: addNew group-E6EF3198F51F:[fece41c2-a052-4056-87bd-b7b03cf0a1ff:192.168.5.170:34751] returns group-E6EF3198F51F:java.util.concurrent.CompletableFuture@4815c90[Not completed]
2019-09-23 14:26:31,711 [pool-413-thread-1] INFO  impl.RaftServerImpl (RaftServerImpl.java:<init>(95)) - fece41c2-a052-4056-87bd-b7b03cf0a1ff: new RaftServerImpl for group-E6EF3198F51F:[fece41c2-a052-4056-87bd-b7b03cf0a1ff:192.168.5.170:34751] with ContainerStateMachine:uninitialized
2019-09-23 14:26:31,711 [pool-413-thread-1] INFO  server.RaftServerConfigKeys (ConfUtils.java:logGet(43)) - raft.server.rpc.timeout.min = 5s (custom)
2019-09-23 14:26:31,711 [pool-413-thread-1] INFO  server.RaftServerConfigKeys (ConfUtils.java:logGet(43)) - raft.server.rpc.timeout.max = 5200ms (custom)
2019-09-23 14:26:31,712 [pool-413-thread-1] INFO  server.RaftServerConfigKeys (ConfUtils.java:logGet(43)) - raft.server.rpcslowness.timeout = 120s (custom)
2019-09-23 14:26:31,712 [pool-413-thread-1] INFO  server.RaftServerConfigKeys (ConfUtils.java:logGet(43)) - raft.server.sleep.deviation.threshold = 300 (default)
2019-09-23 14:26:31,712 [pool-413-thread-1] INFO  server.RaftServerConfigKeys (ConfUtils.java:logGet(43)) - raft.server.log.appender.install.snapshot.enabled = false (custom)
2019-09-23 14:26:31,712 [pool-413-thread-1] INFO  impl.RaftServerImpl (ServerState.java:<init>(103)) - fece41c2-a052-4056-87bd-b7b03cf0a1ff@group-E6EF3198F51F: ConfigurationManager, init=-1: [fece41c2-a052-4056-87bd-b7b03cf0a1ff:192.168.5.170:34751], old=null, confs=<EMPTY_MAP>
2019-09-23 14:26:31,712 [pool-413-thread-1] INFO  server.RaftServerConfigKeys (ConfUtils.java:logGet(43)) - raft.server.storage.dir = [/workdir/hadoop-ozone/integration-test/target/test-dir/MiniOzoneClusterImpl-532f3ee3-dcd1-4407-90fc-0b419f7c30a5/datanode-3/data/ratis] (custom)
2019-09-23 14:26:31,712 [pool-413-thread-1] INFO  storage.RaftStorageDirectory (RaftStorageDirectory.java:analyzeStorage(246)) - The storage directory /workdir/hadoop-ozone/integration-test/target/test-dir/MiniOzoneClusterImpl-532f3ee3-dcd1-4407-90fc-0b419f7c30a5/datanode-3/data/ratis/943a1886-05da-4642-820f-e6ef3198f51f does not exist. Creating ...
2019-09-23 14:26:31,747 [pool-413-thread-1] INFO  storage.RaftStorageDirectory (RaftStorageDirectory.java:tryLock(328)) - Lock on /workdir/hadoop-ozone/integration-test/target/test-dir/MiniOzoneClusterImpl-532f3ee3-dcd1-4407-90fc-0b419f7c30a5/datanode-3/data/ratis/943a1886-05da-4642-820f-e6ef3198f51f/in_use.lock acquired by nodename 23681@pr-hdds-2165-pmv7s-2889624754
2019-09-23 14:26:31,781 [pool-413-thread-1] INFO  storage.RaftStorage (RaftStorage.java:format(72)) - Storage directory /workdir/hadoop-ozone/integration-test/target/test-dir/MiniOzoneClusterImpl-532f3ee3-dcd1-4407-90fc-0b419f7c30a5/datanode-3/data/ratis/943a1886-05da-4642-820f-e6ef3198f51f has been successfully formatted.
2019-09-23 14:26:31,781 [pool-413-thread-1] INFO  ratis.ContainerStateMachine (ContainerStateMachine.java:loadSnapshot(230)) - group-E6EF3198F51F: The snapshot info is null. Setting the last applied indexto:(t:0, i:~)
2019-09-23 14:26:31,782 [pool-413-thread-1] INFO  server.RaftServerConfigKeys (ConfUtils.java:logGet(43)) - raft.server.notification.no-leader.timeout = 120s (custom)
2019-09-23 14:26:31,782 [pool-413-thread-1] INFO  server.RaftServerConfigKeys (ConfUtils.java:logGet(43)) - raft.server.log.use.memory = false (default)
2019-09-23 14:26:31,782 [pool-413-thread-1] INFO  server.RaftServerConfigKeys (ConfUtils.java:logGet(43)) - raft.server.log.purge.gap = 1000000 (custom)
2019-09-23 14:26:31,782 [pool-413-thread-1] INFO  server.RaftServerConfigKeys (ConfUtils.java:logGet(43)) - raft.server.log.appender.buffer.byte-limit = 33554432 (custom)
2019-09-23 14:26:31,782 [pool-413-thread-1] INFO  server.RaftServerConfigKeys (ConfUtils.java:logGet(43)) - raft.server.log.segment.size.max = 1048576 (custom)
2019-09-23 14:26:31,783 [pool-413-thread-1] INFO  server.RaftServerConfigKeys (ConfUtils.java:logGet(43)) - raft.server.log.segment.cache.num.max = 2 (custom)
2019-09-23 14:26:31,783 [pool-413-thread-1] INFO  segmented.SegmentedRaftLogWorker (SegmentedRaftLogWorker.java:<init>(172)) - new fece41c2-a052-4056-87bd-b7b03cf0a1ff@group-E6EF3198F51F-SegmentedRaftLogWorker for RaftStorage:Storage Directory /workdir/hadoop-ozone/integration-test/target/test-dir/MiniOzoneClusterImpl-532f3ee3-dcd1-4407-90fc-0b419f7c30a5/datanode-3/data/ratis/943a1886-05da-4642-820f-e6ef3198f51f
2019-09-23 14:26:31,785 [pool-413-thread-1] INFO  server.RaftServerConfigKeys (ConfUtils.java:logGet(43)) - raft.server.log.queue.byte-limit = 2147483647 (custom)
2019-09-23 14:26:31,785 [pool-413-thread-1] INFO  server.RaftServerConfigKeys (ConfUtils.java:logGet(43)) - raft.server.log.queue.element-limit = 1024 (custom)
2019-09-23 14:26:31,785 [pool-413-thread-1] INFO  server.RaftServerConfigKeys (ConfUtils.java:logGet(43)) - raft.server.log.segment.size.max = 1048576 (custom)
2019-09-23 14:26:31,785 [pool-413-thread-1] INFO  server.RaftServerConfigKeys (ConfUtils.java:logGet(43)) - raft.server.log.preallocated.size = 16384 (custom)
2019-09-23 14:26:31,785 [pool-413-thread-1] INFO  server.RaftServerConfigKeys (ConfUtils.java:logGet(43)) - raft.server.log.write.buffer.size = 33554432 (custom)
2019-09-23 14:26:31,786 [pool-413-thread-1] INFO  server.RaftServerConfigKeys (ConfUtils.java:logGet(43)) - raft.server.log.force.sync.num = 128 (default)
2019-09-23 14:26:31,786 [pool-413-thread-1] INFO  server.RaftServerConfigKeys (ConfUtils.java:logGet(43)) - raft.server.log.statemachine.data.sync = true (default)
2019-09-23 14:26:31,786 [pool-413-thread-1] INFO  server.RaftServerConfigKeys (ConfUtils.java:logGet(43)) - raft.server.log.statemachine.data.sync.timeout = 10s (default)
2019-09-23 14:26:31,786 [pool-413-thread-1] INFO  server.RaftServerConfigKeys (ConfUtils.java:logGet(43)) - raft.server.log.statemachine.data.sync.timeout.retry = -1 (default)
2019-09-23 14:26:31,786 [pool-413-thread-1] INFO  server.RaftServerConfigKeys (ConfUtils.java:logGet(43)) - raft.server.log.statemachine.data.caching.enabled = true (custom)
2019-09-23 14:26:31,787 [pool-413-thread-1] INFO  segmented.SegmentedRaftLogWorker (SegmentedRaftLogWorker.java:lambda$new$0(132)) - fece41c2-a052-4056-87bd-b7b03cf0a1ff@group-E6EF3198F51F-SegmentedRaftLogWorker: flushIndex: setUnconditionally 0 -> -1
2019-09-23 14:26:31,787 [pool-413-thread-1] INFO  server.RaftServerConfigKeys (ConfUtils.java:logGet(43)) - raft.server.snapshot.auto.trigger.enabled = true (custom)
2019-09-23 14:26:31,787 [pool-413-thread-1] INFO  server.RaftServerConfigKeys (ConfUtils.java:logGet(43)) - raft.server.snapshot.auto.trigger.threshold = 10000 (custom)
2019-09-23 14:26:31,787 [pool-413-thread-1] INFO  server.RaftServerConfigKeys (ConfUtils.java:logGet(43)) - raft.server.snapshot.retention.num.files = 5 (custom)
2019-09-23 14:26:31,788 [pool-413-thread-1] INFO  server.RaftServerConfigKeys (ConfUtils.java:logGet(43)) - raft.server.retrycache.expirytime = 600000ms (custom)
2019-09-23 14:26:31,790 [pool-413-thread-1] INFO  impl.RaftServerImpl (RaftServerImpl.java:start(185)) - fece41c2-a052-4056-87bd-b7b03cf0a1ff@group-E6EF3198F51F: start as a follower, conf=-1: [fece41c2-a052-4056-87bd-b7b03cf0a1ff:192.168.5.170:34751], old=null
2019-09-23 14:26:31,790 [pool-413-thread-1] INFO  impl.RaftServerImpl (RaftServerImpl.java:setRole(174)) - fece41c2-a052-4056-87bd-b7b03cf0a1ff@group-E6EF3198F51F: changes role from      null to FOLLOWER at term 0 for startAsFollower
2019-09-23 14:26:31,790 [pool-413-thread-1] INFO  impl.RoleInfo (RoleInfo.java:updateAndGet(143)) - fece41c2-a052-4056-87bd-b7b03cf0a1ff: start FollowerState
2019-09-23 14:26:31,790 [pool-413-thread-1] INFO  util.JmxRegister (JmxRegister.java:tryRegister(44)) - Successfully registered JMX Bean with object name Ratis:service=RaftServer,group=group-E6EF3198F51F,id=fece41c2-a052-4056-87bd-b7b03cf0a1ff
2019-09-23 14:26:31,793 [RatisPipelineUtilsThread] INFO  pipeline.PipelineStateManager (PipelineStateManager.java:addPipeline(56)) - Created pipeline Pipeline[ Id: 943a1886-05da-4642-820f-e6ef3198f51f, Nodes: fece41c2-a052-4056-87bd-b7b03cf0a1ff{ip: 192.168.5.170, host: pr-hdds-2165-pmv7s-2889624754, networkLocation: /default-rack, certSerialId: null}, Type:RATIS, Factor:ONE, State:OPEN]
2019-09-23 14:26:31,802 [grpc-default-executor-5] INFO  impl.RaftServerProxy (RaftServerProxy.java:addNew(89)) - 93acd87b-0be1-42fa-bf93-807e5bd2aba9: addNew group-3E4E43A405B7:[93acd87b-0be1-42fa-bf93-807e5bd2aba9:192.168.5.170:45881] returns group-3E4E43A405B7:java.util.concurrent.CompletableFuture@a979a80[Not completed]
2019-09-23 14:26:31,803 [pool-423-thread-1] INFO  impl.RaftServerImpl (RaftServerImpl.java:<init>(95)) - 93acd87b-0be1-42fa-bf93-807e5bd2aba9: new RaftServerImpl for group-3E4E43A405B7:[93acd87b-0be1-42fa-bf93-807e5bd2aba9:192.168.5.170:45881] with ContainerStateMachine:uninitialized
2019-09-23 14:26:31,803 [pool-423-thread-1] INFO  server.RaftServerConfigKeys (ConfUtils.java:logGet(43)) - raft.server.rpc.timeout.min = 5s (custom)
2019-09-23 14:26:31,803 [pool-423-thread-1] INFO  server.RaftServerConfigKeys (ConfUtils.java:logGet(43)) - raft.server.rpc.timeout.max = 5200ms (custom)
2019-09-23 14:26:31,803 [pool-423-thread-1] INFO  server.RaftServerConfigKeys (ConfUtils.java:logGet(43)) - raft.server.rpcslowness.timeout = 120s (custom)
2019-09-23 14:26:31,803 [pool-423-thread-1] INFO  server.RaftServerConfigKeys (ConfUtils.java:logGet(43)) - raft.server.sleep.deviation.threshold = 300 (default)
2019-09-23 14:26:31,803 [pool-423-thread-1] INFO  server.RaftServerConfigKeys (ConfUtils.java:logGet(43)) - raft.server.log.appender.install.snapshot.enabled = false (custom)
2019-09-23 14:26:31,804 [pool-423-thread-1] INFO  impl.RaftServerImpl (ServerState.java:<init>(103)) - 93acd87b-0be1-42fa-bf93-807e5bd2aba9@group-3E4E43A405B7: ConfigurationManager, init=-1: [93acd87b-0be1-42fa-bf93-807e5bd2aba9:192.168.5.170:45881], old=null, confs=<EMPTY_MAP>
2019-09-23 14:26:31,804 [pool-423-thread-1] INFO  server.RaftServerConfigKeys (ConfUtils.java:logGet(43)) - raft.server.storage.dir = [/workdir/hadoop-ozone/integration-test/target/test-dir/MiniOzoneClusterImpl-532f3ee3-dcd1-4407-90fc-0b419f7c30a5/datanode-4/data/ratis] (custom)
2019-09-23 14:26:31,804 [pool-423-thread-1] INFO  storage.RaftStorageDirectory (RaftStorageDirectory.java:analyzeStorage(246)) - The storage directory /workdir/hadoop-ozone/integration-test/target/test-dir/MiniOzoneClusterImpl-532f3ee3-dcd1-4407-90fc-0b419f7c30a5/datanode-4/data/ratis/9582bb9b-aff4-4af4-a826-3e4e43a405b7 does not exist. Creating ...
2019-09-23 14:26:31,846 [pool-423-thread-1] INFO  storage.RaftStorageDirectory (RaftStorageDirectory.java:tryLock(328)) - Lock on /workdir/hadoop-ozone/integration-test/target/test-dir/MiniOzoneClusterImpl-532f3ee3-dcd1-4407-90fc-0b419f7c30a5/datanode-4/data/ratis/9582bb9b-aff4-4af4-a826-3e4e43a405b7/in_use.lock acquired by nodename 23681@pr-hdds-2165-pmv7s-2889624754
2019-09-23 14:26:31,897 [pool-423-thread-1] INFO  storage.RaftStorage (RaftStorage.java:format(72)) - Storage directory /workdir/hadoop-ozone/integration-test/target/test-dir/MiniOzoneClusterImpl-532f3ee3-dcd1-4407-90fc-0b419f7c30a5/datanode-4/data/ratis/9582bb9b-aff4-4af4-a826-3e4e43a405b7 has been successfully formatted.
2019-09-23 14:26:31,897 [pool-423-thread-1] INFO  ratis.ContainerStateMachine (ContainerStateMachine.java:loadSnapshot(230)) - group-3E4E43A405B7: The snapshot info is null. Setting the last applied indexto:(t:0, i:~)
2019-09-23 14:26:31,897 [pool-423-thread-1] INFO  server.RaftServerConfigKeys (ConfUtils.java:logGet(43)) - raft.server.notification.no-leader.timeout = 120s (custom)
2019-09-23 14:26:31,897 [pool-423-thread-1] INFO  server.RaftServerConfigKeys (ConfUtils.java:logGet(43)) - raft.server.log.use.memory = false (default)
2019-09-23 14:26:31,897 [pool-423-thread-1] INFO  server.RaftServerConfigKeys (ConfUtils.java:logGet(43)) - raft.server.log.purge.gap = 1000000 (custom)
2019-09-23 14:26:31,898 [pool-423-thread-1] INFO  server.RaftServerConfigKeys (ConfUtils.java:logGet(43)) - raft.server.log.appender.buffer.byte-limit = 33554432 (custom)
2019-09-23 14:26:31,898 [pool-423-thread-1] INFO  server.RaftServerConfigKeys (ConfUtils.java:logGet(43)) - raft.server.log.segment.size.max = 1048576 (custom)
2019-09-23 14:26:31,898 [pool-423-thread-1] INFO  server.RaftServerConfigKeys (ConfUtils.java:logGet(43)) - raft.server.log.segment.cache.num.max = 2 (custom)
2019-09-23 14:26:31,898 [pool-423-thread-1] INFO  segmented.SegmentedRaftLogWorker (SegmentedRaftLogWorker.java:<init>(172)) - new 93acd87b-0be1-42fa-bf93-807e5bd2aba9@group-3E4E43A405B7-SegmentedRaftLogWorker for RaftStorage:Storage Directory /workdir/hadoop-ozone/integration-test/target/test-dir/MiniOzoneClusterImpl-532f3ee3-dcd1-4407-90fc-0b419f7c30a5/datanode-4/data/ratis/9582bb9b-aff4-4af4-a826-3e4e43a405b7
2019-09-23 14:26:31,900 [pool-423-thread-1] INFO  server.RaftServerConfigKeys (ConfUtils.java:logGet(43)) - raft.server.log.queue.byte-limit = 2147483647 (custom)
2019-09-23 14:26:31,900 [pool-423-thread-1] INFO  server.RaftServerConfigKeys (ConfUtils.java:logGet(43)) - raft.server.log.queue.element-limit = 1024 (custom)
2019-09-23 14:26:31,900 [pool-423-thread-1] INFO  server.RaftServerConfigKeys (ConfUtils.java:logGet(43)) - raft.server.log.segment.size.max = 1048576 (custom)
2019-09-23 14:26:31,900 [pool-423-thread-1] INFO  server.RaftServerConfigKeys (ConfUtils.java:logGet(43)) - raft.server.log.preallocated.size = 16384 (custom)
2019-09-23 14:26:31,901 [pool-423-thread-1] INFO  server.RaftServerConfigKeys (ConfUtils.java:logGet(43)) - raft.server.log.write.buffer.size = 33554432 (custom)
2019-09-23 14:26:31,901 [pool-423-thread-1] INFO  server.RaftServerConfigKeys (ConfUtils.java:logGet(43)) - raft.server.log.force.sync.num = 128 (default)
2019-09-23 14:26:31,901 [pool-423-thread-1] INFO  server.RaftServerConfigKeys (ConfUtils.java:logGet(43)) - raft.server.log.statemachine.data.sync = true (default)
2019-09-23 14:26:31,901 [pool-423-thread-1] INFO  server.RaftServerConfigKeys (ConfUtils.java:logGet(43)) - raft.server.log.statemachine.data.sync.timeout = 10s (default)
2019-09-23 14:26:31,901 [pool-423-thread-1] INFO  server.RaftServerConfigKeys (ConfUtils.java:logGet(43)) - raft.server.log.statemachine.data.sync.timeout.retry = -1 (default)
2019-09-23 14:26:31,901 [pool-423-thread-1] INFO  server.RaftServerConfigKeys (ConfUtils.java:logGet(43)) - raft.server.log.statemachine.data.caching.enabled = true (custom)
2019-09-23 14:26:31,902 [pool-423-thread-1] INFO  segmented.SegmentedRaftLogWorker (SegmentedRaftLogWorker.java:lambda$new$0(132)) - 93acd87b-0be1-42fa-bf93-807e5bd2aba9@group-3E4E43A405B7-SegmentedRaftLogWorker: flushIndex: setUnconditionally 0 -> -1
2019-09-23 14:26:31,902 [pool-423-thread-1] INFO  server.RaftServerConfigKeys (ConfUtils.java:logGet(43)) - raft.server.snapshot.auto.trigger.enabled = true (custom)
2019-09-23 14:26:31,902 [pool-423-thread-1] INFO  server.RaftServerConfigKeys (ConfUtils.java:logGet(43)) - raft.server.snapshot.auto.trigger.threshold = 10000 (custom)
2019-09-23 14:26:31,903 [pool-423-thread-1] INFO  server.RaftServerConfigKeys (ConfUtils.java:logGet(43)) - raft.server.snapshot.retention.num.files = 5 (custom)
2019-09-23 14:26:31,903 [pool-423-thread-1] INFO  server.RaftServerConfigKeys (ConfUtils.java:logGet(43)) - raft.server.retrycache.expirytime = 600000ms (custom)
2019-09-23 14:26:31,904 [pool-423-thread-1] INFO  impl.RaftServerImpl (RaftServerImpl.java:start(185)) - 93acd87b-0be1-42fa-bf93-807e5bd2aba9@group-3E4E43A405B7: start as a follower, conf=-1: [93acd87b-0be1-42fa-bf93-807e5bd2aba9:192.168.5.170:45881], old=null
2019-09-23 14:26:31,905 [pool-423-thread-1] INFO  impl.RaftServerImpl (RaftServerImpl.java:setRole(174)) - 93acd87b-0be1-42fa-bf93-807e5bd2aba9@group-3E4E43A405B7: changes role from      null to FOLLOWER at term 0 for startAsFollower
2019-09-23 14:26:31,905 [pool-423-thread-1] INFO  impl.RoleInfo (RoleInfo.java:updateAndGet(143)) - 93acd87b-0be1-42fa-bf93-807e5bd2aba9: start FollowerState
2019-09-23 14:26:31,905 [pool-423-thread-1] INFO  util.JmxRegister (JmxRegister.java:tryRegister(44)) - Successfully registered JMX Bean with object name Ratis:service=RaftServer,group=group-3E4E43A405B7,id=93acd87b-0be1-42fa-bf93-807e5bd2aba9
2019-09-23 14:26:31,907 [RatisPipelineUtilsThread] INFO  pipeline.PipelineStateManager (PipelineStateManager.java:addPipeline(56)) - Created pipeline Pipeline[ Id: 9582bb9b-aff4-4af4-a826-3e4e43a405b7, Nodes: 93acd87b-0be1-42fa-bf93-807e5bd2aba9{ip: 192.168.5.170, host: pr-hdds-2165-pmv7s-2889624754, networkLocation: /default-rack, certSerialId: null}, Type:RATIS, Factor:ONE, State:OPEN]
2019-09-23 14:26:31,919 [grpc-default-executor-2] INFO  impl.RaftServerProxy (RaftServerProxy.java:addNew(89)) - d00dafbe-9fd5-45b7-a068-696ae0257592: addNew group-6BA4A2ED8711:[30c43bb2-f349-4ad7-a94b-6a0167b10dd1:192.168.5.170:37482, 79507b5f-0296-465c-8ebd-539f5827c7b6:192.168.5.170:33306, d00dafbe-9fd5-45b7-a068-696ae0257592:192.168.5.170:43918] returns group-6BA4A2ED8711:java.util.concurrent.CompletableFuture@324381ef[Not completed]
2019-09-23 14:26:31,919 [grpc-default-executor-4] INFO  impl.RaftServerProxy (RaftServerProxy.java:addNew(89)) - 30c43bb2-f349-4ad7-a94b-6a0167b10dd1: addNew group-6BA4A2ED8711:[30c43bb2-f349-4ad7-a94b-6a0167b10dd1:192.168.5.170:37482, 79507b5f-0296-465c-8ebd-539f5827c7b6:192.168.5.170:33306, d00dafbe-9fd5-45b7-a068-696ae0257592:192.168.5.170:43918] returns group-6BA4A2ED8711:java.util.concurrent.CompletableFuture@7dd11128[Not completed]
2019-09-23 14:26:31,919 [grpc-default-executor-2] INFO  impl.RaftServerProxy (RaftServerProxy.java:addNew(89)) - 79507b5f-0296-465c-8ebd-539f5827c7b6: addNew group-6BA4A2ED8711:[30c43bb2-f349-4ad7-a94b-6a0167b10dd1:192.168.5.170:37482, 79507b5f-0296-465c-8ebd-539f5827c7b6:192.168.5.170:33306, d00dafbe-9fd5-45b7-a068-696ae0257592:192.168.5.170:43918] returns group-6BA4A2ED8711:java.util.concurrent.CompletableFuture@788c0218[Not completed]
2019-09-23 14:26:31,920 [pool-383-thread-1] INFO  impl.RaftServerImpl (RaftServerImpl.java:<init>(95)) - d00dafbe-9fd5-45b7-a068-696ae0257592: new RaftServerImpl for group-6BA4A2ED8711:[30c43bb2-f349-4ad7-a94b-6a0167b10dd1:192.168.5.170:37482, 79507b5f-0296-465c-8ebd-539f5827c7b6:192.168.5.170:33306, d00dafbe-9fd5-45b7-a068-696ae0257592:192.168.5.170:43918] with ContainerStateMachine:uninitialized
2019-09-23 14:26:31,921 [pool-383-thread-1] INFO  server.RaftServerConfigKeys (ConfUtils.java:logGet(43)) - raft.server.rpc.timeout.min = 5s (custom)
2019-09-23 14:26:31,921 [pool-383-thread-1] INFO  server.RaftServerConfigKeys (ConfUtils.java:logGet(43)) - raft.server.rpc.timeout.max = 5200ms (custom)
2019-09-23 14:26:31,921 [pool-383-thread-1] INFO  server.RaftServerConfigKeys (ConfUtils.java:logGet(43)) - raft.server.rpcslowness.timeout = 120s (custom)
2019-09-23 14:26:31,921 [pool-383-thread-1] INFO  server.RaftServerConfigKeys (ConfUtils.java:logGet(43)) - raft.server.sleep.deviation.threshold = 300 (default)
2019-09-23 14:26:31,921 [pool-393-thread-1] INFO  impl.RaftServerImpl (RaftServerImpl.java:<init>(95)) - 79507b5f-0296-465c-8ebd-539f5827c7b6: new RaftServerImpl for group-6BA4A2ED8711:[30c43bb2-f349-4ad7-a94b-6a0167b10dd1:192.168.5.170:37482, 79507b5f-0296-465c-8ebd-539f5827c7b6:192.168.5.170:33306, d00dafbe-9fd5-45b7-a068-696ae0257592:192.168.5.170:43918] with ContainerStateMachine:uninitialized
2019-09-23 14:26:31,921 [pool-383-thread-1] INFO  server.RaftServerConfigKeys (ConfUtils.java:logGet(43)) - raft.server.log.appender.install.snapshot.enabled = false (custom)
2019-09-23 14:26:31,921 [pool-393-thread-1] INFO  server.RaftServerConfigKeys (ConfUtils.java:logGet(43)) - raft.server.rpc.timeout.min = 5s (custom)
2019-09-23 14:26:31,922 [pool-383-thread-1] INFO  impl.RaftServerImpl (ServerState.java:<init>(103)) - d00dafbe-9fd5-45b7-a068-696ae0257592@group-6BA4A2ED8711: ConfigurationManager, init=-1: [30c43bb2-f349-4ad7-a94b-6a0167b10dd1:192.168.5.170:37482, 79507b5f-0296-465c-8ebd-539f5827c7b6:192.168.5.170:33306, d00dafbe-9fd5-45b7-a068-696ae0257592:192.168.5.170:43918], old=null, confs=<EMPTY_MAP>
2019-09-23 14:26:31,922 [pool-393-thread-1] INFO  server.RaftServerConfigKeys (ConfUtils.java:logGet(43)) - raft.server.rpc.timeout.max = 5200ms (custom)
2019-09-23 14:26:31,922 [pool-383-thread-1] INFO  server.RaftServerConfigKeys (ConfUtils.java:logGet(43)) - raft.server.storage.dir = [/workdir/hadoop-ozone/integration-test/target/test-dir/MiniOzoneClusterImpl-532f3ee3-dcd1-4407-90fc-0b419f7c30a5/datanode-0/data/ratis] (custom)
2019-09-23 14:26:31,922 [pool-393-thread-1] INFO  server.RaftServerConfigKeys (ConfUtils.java:logGet(43)) - raft.server.rpcslowness.timeout = 120s (custom)
2019-09-23 14:26:31,922 [pool-393-thread-1] INFO  server.RaftServerConfigKeys (ConfUtils.java:logGet(43)) - raft.server.sleep.deviation.threshold = 300 (default)
2019-09-23 14:26:31,922 [pool-393-thread-1] INFO  server.RaftServerConfigKeys (ConfUtils.java:logGet(43)) - raft.server.log.appender.install.snapshot.enabled = false (custom)
2019-09-23 14:26:31,922 [pool-383-thread-1] INFO  storage.RaftStorageDirectory (RaftStorageDirectory.java:analyzeStorage(246)) - The storage directory /workdir/hadoop-ozone/integration-test/target/test-dir/MiniOzoneClusterImpl-532f3ee3-dcd1-4407-90fc-0b419f7c30a5/datanode-0/data/ratis/763eb0a7-7a13-4121-9505-6ba4a2ed8711 does not exist. Creating ...
2019-09-23 14:26:31,922 [pool-433-thread-1] INFO  impl.RaftServerImpl (RaftServerImpl.java:<init>(95)) - 30c43bb2-f349-4ad7-a94b-6a0167b10dd1: new RaftServerImpl for group-6BA4A2ED8711:[30c43bb2-f349-4ad7-a94b-6a0167b10dd1:192.168.5.170:37482, 79507b5f-0296-465c-8ebd-539f5827c7b6:192.168.5.170:33306, d00dafbe-9fd5-45b7-a068-696ae0257592:192.168.5.170:43918] with ContainerStateMachine:uninitialized
2019-09-23 14:26:31,923 [pool-393-thread-1] INFO  impl.RaftServerImpl (ServerState.java:<init>(103)) - 79507b5f-0296-465c-8ebd-539f5827c7b6@group-6BA4A2ED8711: ConfigurationManager, init=-1: [30c43bb2-f349-4ad7-a94b-6a0167b10dd1:192.168.5.170:37482, 79507b5f-0296-465c-8ebd-539f5827c7b6:192.168.5.170:33306, d00dafbe-9fd5-45b7-a068-696ae0257592:192.168.5.170:43918], old=null, confs=<EMPTY_MAP>
2019-09-23 14:26:31,923 [pool-433-thread-1] INFO  server.RaftServerConfigKeys (ConfUtils.java:logGet(43)) - raft.server.rpc.timeout.min = 5s (custom)
2019-09-23 14:26:31,923 [pool-393-thread-1] INFO  server.RaftServerConfigKeys (ConfUtils.java:logGet(43)) - raft.server.storage.dir = [/workdir/hadoop-ozone/integration-test/target/test-dir/MiniOzoneClusterImpl-532f3ee3-dcd1-4407-90fc-0b419f7c30a5/datanode-1/data/ratis] (custom)
2019-09-23 14:26:31,923 [pool-433-thread-1] INFO  server.RaftServerConfigKeys (ConfUtils.java:logGet(43)) - raft.server.rpc.timeout.max = 5200ms (custom)
2019-09-23 14:26:31,923 [pool-433-thread-1] INFO  server.RaftServerConfigKeys (ConfUtils.java:logGet(43)) - raft.server.rpcslowness.timeout = 120s (custom)
2019-09-23 14:26:31,923 [pool-393-thread-1] INFO  storage.RaftStorageDirectory (RaftStorageDirectory.java:analyzeStorage(246)) - The storage directory /workdir/hadoop-ozone/integration-test/target/test-dir/MiniOzoneClusterImpl-532f3ee3-dcd1-4407-90fc-0b419f7c30a5/datanode-1/data/ratis/763eb0a7-7a13-4121-9505-6ba4a2ed8711 does not exist. Creating ...
2019-09-23 14:26:31,924 [pool-433-thread-1] INFO  server.RaftServerConfigKeys (ConfUtils.java:logGet(43)) - raft.server.sleep.deviation.threshold = 300 (default)
2019-09-23 14:26:31,924 [pool-433-thread-1] INFO  server.RaftServerConfigKeys (ConfUtils.java:logGet(43)) - raft.server.log.appender.install.snapshot.enabled = false (custom)
2019-09-23 14:26:31,924 [pool-433-thread-1] INFO  impl.RaftServerImpl (ServerState.java:<init>(103)) - 30c43bb2-f349-4ad7-a94b-6a0167b10dd1@group-6BA4A2ED8711: ConfigurationManager, init=-1: [30c43bb2-f349-4ad7-a94b-6a0167b10dd1:192.168.5.170:37482, 79507b5f-0296-465c-8ebd-539f5827c7b6:192.168.5.170:33306, d00dafbe-9fd5-45b7-a068-696ae0257592:192.168.5.170:43918], old=null, confs=<EMPTY_MAP>
2019-09-23 14:26:31,924 [pool-433-thread-1] INFO  server.RaftServerConfigKeys (ConfUtils.java:logGet(43)) - raft.server.storage.dir = [/workdir/hadoop-ozone/integration-test/target/test-dir/MiniOzoneClusterImpl-532f3ee3-dcd1-4407-90fc-0b419f7c30a5/datanode-5/data/ratis] (custom)
2019-09-23 14:26:31,925 [pool-433-thread-1] INFO  storage.RaftStorageDirectory (RaftStorageDirectory.java:analyzeStorage(246)) - The storage directory /workdir/hadoop-ozone/integration-test/target/test-dir/MiniOzoneClusterImpl-532f3ee3-dcd1-4407-90fc-0b419f7c30a5/datanode-5/data/ratis/763eb0a7-7a13-4121-9505-6ba4a2ed8711 does not exist. Creating ...
2019-09-23 14:26:31,958 [pool-393-thread-1] INFO  storage.RaftStorageDirectory (RaftStorageDirectory.java:tryLock(328)) - Lock on /workdir/hadoop-ozone/integration-test/target/test-dir/MiniOzoneClusterImpl-532f3ee3-dcd1-4407-90fc-0b419f7c30a5/datanode-1/data/ratis/763eb0a7-7a13-4121-9505-6ba4a2ed8711/in_use.lock acquired by nodename 23681@pr-hdds-2165-pmv7s-2889624754
2019-09-23 14:26:31,958 [pool-433-thread-1] INFO  storage.RaftStorageDirectory (RaftStorageDirectory.java:tryLock(328)) - Lock on /workdir/hadoop-ozone/integration-test/target/test-dir/MiniOzoneClusterImpl-532f3ee3-dcd1-4407-90fc-0b419f7c30a5/datanode-5/data/ratis/763eb0a7-7a13-4121-9505-6ba4a2ed8711/in_use.lock acquired by nodename 23681@pr-hdds-2165-pmv7s-2889624754
2019-09-23 14:26:31,958 [pool-383-thread-1] INFO  storage.RaftStorageDirectory (RaftStorageDirectory.java:tryLock(328)) - Lock on /workdir/hadoop-ozone/integration-test/target/test-dir/MiniOzoneClusterImpl-532f3ee3-dcd1-4407-90fc-0b419f7c30a5/datanode-0/data/ratis/763eb0a7-7a13-4121-9505-6ba4a2ed8711/in_use.lock acquired by nodename 23681@pr-hdds-2165-pmv7s-2889624754
2019-09-23 14:26:31,997 [pool-393-thread-1] INFO  storage.RaftStorage (RaftStorage.java:format(72)) - Storage directory /workdir/hadoop-ozone/integration-test/target/test-dir/MiniOzoneClusterImpl-532f3ee3-dcd1-4407-90fc-0b419f7c30a5/datanode-1/data/ratis/763eb0a7-7a13-4121-9505-6ba4a2ed8711 has been successfully formatted.
2019-09-23 14:26:31,998 [pool-383-thread-1] INFO  storage.RaftStorage (RaftStorage.java:format(72)) - Storage directory /workdir/hadoop-ozone/integration-test/target/test-dir/MiniOzoneClusterImpl-532f3ee3-dcd1-4407-90fc-0b419f7c30a5/datanode-0/data/ratis/763eb0a7-7a13-4121-9505-6ba4a2ed8711 has been successfully formatted.
2019-09-23 14:26:31,998 [pool-393-thread-1] INFO  ratis.ContainerStateMachine (ContainerStateMachine.java:loadSnapshot(230)) - group-6BA4A2ED8711: The snapshot info is null. Setting the last applied indexto:(t:0, i:~)
2019-09-23 14:26:31,998 [pool-383-thread-1] INFO  ratis.ContainerStateMachine (ContainerStateMachine.java:loadSnapshot(230)) - group-6BA4A2ED8711: The snapshot info is null. Setting the last applied indexto:(t:0, i:~)
2019-09-23 14:26:31,998 [pool-433-thread-1] INFO  storage.RaftStorage (RaftStorage.java:format(72)) - Storage directory /workdir/hadoop-ozone/integration-test/target/test-dir/MiniOzoneClusterImpl-532f3ee3-dcd1-4407-90fc-0b419f7c30a5/datanode-5/data/ratis/763eb0a7-7a13-4121-9505-6ba4a2ed8711 has been successfully formatted.
2019-09-23 14:26:31,998 [pool-383-thread-1] INFO  server.RaftServerConfigKeys (ConfUtils.java:logGet(43)) - raft.server.notification.no-leader.timeout = 120s (custom)
2019-09-23 14:26:31,998 [pool-393-thread-1] INFO  server.RaftServerConfigKeys (ConfUtils.java:logGet(43)) - raft.server.notification.no-leader.timeout = 120s (custom)
2019-09-23 14:26:31,998 [pool-433-thread-1] INFO  ratis.ContainerStateMachine (ContainerStateMachine.java:loadSnapshot(230)) - group-6BA4A2ED8711: The snapshot info is null. Setting the last applied indexto:(t:0, i:~)
2019-09-23 14:26:31,998 [pool-383-thread-1] INFO  server.RaftServerConfigKeys (ConfUtils.java:logGet(43)) - raft.server.log.use.memory = false (default)
2019-09-23 14:26:31,999 [pool-433-thread-1] INFO  server.RaftServerConfigKeys (ConfUtils.java:logGet(43)) - raft.server.notification.no-leader.timeout = 120s (custom)
2019-09-23 14:26:31,999 [pool-393-thread-1] INFO  server.RaftServerConfigKeys (ConfUtils.java:logGet(43)) - raft.server.log.use.memory = false (default)
2019-09-23 14:26:31,999 [pool-433-thread-1] INFO  server.RaftServerConfigKeys (ConfUtils.java:logGet(43)) - raft.server.log.use.memory = false (default)
2019-09-23 14:26:31,999 [pool-383-thread-1] INFO  server.RaftServerConfigKeys (ConfUtils.java:logGet(43)) - raft.server.log.purge.gap = 1000000 (custom)
2019-09-23 14:26:31,999 [pool-433-thread-1] INFO  server.RaftServerConfigKeys (ConfUtils.java:logGet(43)) - raft.server.log.purge.gap = 1000000 (custom)
2019-09-23 14:26:31,999 [pool-393-thread-1] INFO  server.RaftServerConfigKeys (ConfUtils.java:logGet(43)) - raft.server.log.purge.gap = 1000000 (custom)
2019-09-23 14:26:32,000 [pool-433-thread-1] INFO  server.RaftServerConfigKeys (ConfUtils.java:logGet(43)) - raft.server.log.appender.buffer.byte-limit = 33554432 (custom)
2019-09-23 14:26:32,000 [pool-383-thread-1] INFO  server.RaftServerConfigKeys (ConfUtils.java:logGet(43)) - raft.server.log.appender.buffer.byte-limit = 33554432 (custom)
2019-09-23 14:26:32,000 [pool-433-thread-1] INFO  server.RaftServerConfigKeys (ConfUtils.java:logGet(43)) - raft.server.log.segment.size.max = 1048576 (custom)
2019-09-23 14:26:32,000 [pool-393-thread-1] INFO  server.RaftServerConfigKeys (ConfUtils.java:logGet(43)) - raft.server.log.appender.buffer.byte-limit = 33554432 (custom)
2019-09-23 14:26:32,001 [pool-433-thread-1] INFO  server.RaftServerConfigKeys (ConfUtils.java:logGet(43)) - raft.server.log.segment.cache.num.max = 2 (custom)
2019-09-23 14:26:32,000 [pool-383-thread-1] INFO  server.RaftServerConfigKeys (ConfUtils.java:logGet(43)) - raft.server.log.segment.size.max = 1048576 (custom)
2019-09-23 14:26:32,001 [pool-433-thread-1] INFO  segmented.SegmentedRaftLogWorker (SegmentedRaftLogWorker.java:<init>(172)) - new 30c43bb2-f349-4ad7-a94b-6a0167b10dd1@group-6BA4A2ED8711-SegmentedRaftLogWorker for RaftStorage:Storage Directory /workdir/hadoop-ozone/integration-test/target/test-dir/MiniOzoneClusterImpl-532f3ee3-dcd1-4407-90fc-0b419f7c30a5/datanode-5/data/ratis/763eb0a7-7a13-4121-9505-6ba4a2ed8711
2019-09-23 14:26:32,001 [pool-393-thread-1] INFO  server.RaftServerConfigKeys (ConfUtils.java:logGet(43)) - raft.server.log.segment.size.max = 1048576 (custom)
2019-09-23 14:26:32,001 [pool-433-thread-1] INFO  server.RaftServerConfigKeys (ConfUtils.java:logGet(43)) - raft.server.log.queue.byte-limit = 2147483647 (custom)
2019-09-23 14:26:32,001 [pool-383-thread-1] INFO  server.RaftServerConfigKeys (ConfUtils.java:logGet(43)) - raft.server.log.segment.cache.num.max = 2 (custom)
2019-09-23 14:26:32,002 [pool-433-thread-1] INFO  server.RaftServerConfigKeys (ConfUtils.java:logGet(43)) - raft.server.log.queue.element-limit = 1024 (custom)
2019-09-23 14:26:32,001 [pool-393-thread-1] INFO  server.RaftServerConfigKeys (ConfUtils.java:logGet(43)) - raft.server.log.segment.cache.num.max = 2 (custom)
2019-09-23 14:26:32,002 [pool-433-thread-1] INFO  server.RaftServerConfigKeys (ConfUtils.java:logGet(43)) - raft.server.log.segment.size.max = 1048576 (custom)
2019-09-23 14:26:32,002 [pool-383-thread-1] INFO  segmented.SegmentedRaftLogWorker (SegmentedRaftLogWorker.java:<init>(172)) - new d00dafbe-9fd5-45b7-a068-696ae0257592@group-6BA4A2ED8711-SegmentedRaftLogWorker for RaftStorage:Storage Directory /workdir/hadoop-ozone/integration-test/target/test-dir/MiniOzoneClusterImpl-532f3ee3-dcd1-4407-90fc-0b419f7c30a5/datanode-0/data/ratis/763eb0a7-7a13-4121-9505-6ba4a2ed8711
2019-09-23 14:26:32,002 [pool-433-thread-1] INFO  server.RaftServerConfigKeys (ConfUtils.java:logGet(43)) - raft.server.log.preallocated.size = 16384 (custom)
2019-09-23 14:26:32,002 [pool-393-thread-1] INFO  segmented.SegmentedRaftLogWorker (SegmentedRaftLogWorker.java:<init>(172)) - new 79507b5f-0296-465c-8ebd-539f5827c7b6@group-6BA4A2ED8711-SegmentedRaftLogWorker for RaftStorage:Storage Directory /workdir/hadoop-ozone/integration-test/target/test-dir/MiniOzoneClusterImpl-532f3ee3-dcd1-4407-90fc-0b419f7c30a5/datanode-1/data/ratis/763eb0a7-7a13-4121-9505-6ba4a2ed8711
2019-09-23 14:26:32,002 [pool-433-thread-1] INFO  server.RaftServerConfigKeys (ConfUtils.java:logGet(43)) - raft.server.log.write.buffer.size = 33554432 (custom)
2019-09-23 14:26:32,002 [pool-383-thread-1] INFO  server.RaftServerConfigKeys (ConfUtils.java:logGet(43)) - raft.server.log.queue.byte-limit = 2147483647 (custom)
2019-09-23 14:26:32,003 [pool-433-thread-1] INFO  server.RaftServerConfigKeys (ConfUtils.java:logGet(43)) - raft.server.log.force.sync.num = 128 (default)
2019-09-23 14:26:32,003 [pool-393-thread-1] INFO  server.RaftServerConfigKeys (ConfUtils.java:logGet(43)) - raft.server.log.queue.byte-limit = 2147483647 (custom)
2019-09-23 14:26:32,003 [pool-433-thread-1] INFO  server.RaftServerConfigKeys (ConfUtils.java:logGet(43)) - raft.server.log.statemachine.data.sync = true (default)
2019-09-23 14:26:32,003 [pool-383-thread-1] INFO  server.RaftServerConfigKeys (ConfUtils.java:logGet(43)) - raft.server.log.queue.element-limit = 1024 (custom)
2019-09-23 14:26:32,003 [pool-433-thread-1] INFO  server.RaftServerConfigKeys (ConfUtils.java:logGet(43)) - raft.server.log.statemachine.data.sync.timeout = 10s (default)
2019-09-23 14:26:32,003 [pool-393-thread-1] INFO  server.RaftServerConfigKeys (ConfUtils.java:logGet(43)) - raft.server.log.queue.element-limit = 1024 (custom)
2019-09-23 14:26:32,004 [pool-433-thread-1] INFO  server.RaftServerConfigKeys (ConfUtils.java:logGet(43)) - raft.server.log.statemachine.data.sync.timeout.retry = -1 (default)
2019-09-23 14:26:32,004 [pool-383-thread-1] INFO  server.RaftServerConfigKeys (ConfUtils.java:logGet(43)) - raft.server.log.segment.size.max = 1048576 (custom)
2019-09-23 14:26:32,004 [pool-433-thread-1] INFO  server.RaftServerConfigKeys (ConfUtils.java:logGet(43)) - raft.server.log.statemachine.data.caching.enabled = true (custom)
2019-09-23 14:26:32,004 [pool-393-thread-1] INFO  server.RaftServerConfigKeys (ConfUtils.java:logGet(43)) - raft.server.log.segment.size.max = 1048576 (custom)
2019-09-23 14:26:32,004 [pool-383-thread-1] INFO  server.RaftServerConfigKeys (ConfUtils.java:logGet(43)) - raft.server.log.preallocated.size = 16384 (custom)
2019-09-23 14:26:32,005 [pool-433-thread-1] INFO  segmented.SegmentedRaftLogWorker (SegmentedRaftLogWorker.java:lambda$new$0(132)) - 30c43bb2-f349-4ad7-a94b-6a0167b10dd1@group-6BA4A2ED8711-SegmentedRaftLogWorker: flushIndex: setUnconditionally 0 -> -1
2019-09-23 14:26:32,005 [pool-393-thread-1] INFO  server.RaftServerConfigKeys (ConfUtils.java:logGet(43)) - raft.server.log.preallocated.size = 16384 (custom)
2019-09-23 14:26:32,005 [pool-393-thread-1] INFO  server.RaftServerConfigKeys (ConfUtils.java:logGet(43)) - raft.server.log.write.buffer.size = 33554432 (custom)
2019-09-23 14:26:32,005 [pool-383-thread-1] INFO  server.RaftServerConfigKeys (ConfUtils.java:logGet(43)) - raft.server.log.write.buffer.size = 33554432 (custom)
2019-09-23 14:26:32,005 [pool-393-thread-1] INFO  server.RaftServerConfigKeys (ConfUtils.java:logGet(43)) - raft.server.log.force.sync.num = 128 (default)
2019-09-23 14:26:32,005 [pool-433-thread-1] INFO  server.RaftServerConfigKeys (ConfUtils.java:logGet(43)) - raft.server.snapshot.auto.trigger.enabled = true (custom)
2019-09-23 14:26:32,005 [pool-393-thread-1] INFO  server.RaftServerConfigKeys (ConfUtils.java:logGet(43)) - raft.server.log.statemachine.data.sync = true (default)
2019-09-23 14:26:32,006 [pool-393-thread-1] INFO  server.RaftServerConfigKeys (ConfUtils.java:logGet(43)) - raft.server.log.statemachine.data.sync.timeout = 10s (default)
2019-09-23 14:26:32,005 [pool-383-thread-1] INFO  server.RaftServerConfigKeys (ConfUtils.java:logGet(43)) - raft.server.log.force.sync.num = 128 (default)
2019-09-23 14:26:32,006 [pool-393-thread-1] INFO  server.RaftServerConfigKeys (ConfUtils.java:logGet(43)) - raft.server.log.statemachine.data.sync.timeout.retry = -1 (default)
2019-09-23 14:26:32,006 [pool-433-thread-1] INFO  server.RaftServerConfigKeys (ConfUtils.java:logGet(43)) - raft.server.snapshot.auto.trigger.threshold = 10000 (custom)
2019-09-23 14:26:32,006 [pool-393-thread-1] INFO  server.RaftServerConfigKeys (ConfUtils.java:logGet(43)) - raft.server.log.statemachine.data.caching.enabled = true (custom)
2019-09-23 14:26:32,006 [pool-383-thread-1] INFO  server.RaftServerConfigKeys (ConfUtils.java:logGet(43)) - raft.server.log.statemachine.data.sync = true (default)
2019-09-23 14:26:32,007 [pool-393-thread-1] INFO  segmented.SegmentedRaftLogWorker (SegmentedRaftLogWorker.java:lambda$new$0(132)) - 79507b5f-0296-465c-8ebd-539f5827c7b6@group-6BA4A2ED8711-SegmentedRaftLogWorker: flushIndex: setUnconditionally 0 -> -1
2019-09-23 14:26:32,006 [pool-433-thread-1] INFO  server.RaftServerConfigKeys (ConfUtils.java:logGet(43)) - raft.server.snapshot.retention.num.files = 5 (custom)
2019-09-23 14:26:32,007 [pool-383-thread-1] INFO  server.RaftServerConfigKeys (ConfUtils.java:logGet(43)) - raft.server.log.statemachine.data.sync.timeout = 10s (default)
2019-09-23 14:26:32,007 [pool-433-thread-1] INFO  server.RaftServerConfigKeys (ConfUtils.java:logGet(43)) - raft.server.retrycache.expirytime = 600000ms (custom)
2019-09-23 14:26:32,007 [pool-393-thread-1] INFO  server.RaftServerConfigKeys (ConfUtils.java:logGet(43)) - raft.server.snapshot.auto.trigger.enabled = true (custom)
2019-09-23 14:26:32,007 [pool-383-thread-1] INFO  server.RaftServerConfigKeys (ConfUtils.java:logGet(43)) - raft.server.log.statemachine.data.sync.timeout.retry = -1 (default)
2019-09-23 14:26:32,007 [pool-393-thread-1] INFO  server.RaftServerConfigKeys (ConfUtils.java:logGet(43)) - raft.server.snapshot.auto.trigger.threshold = 10000 (custom)
2019-09-23 14:26:32,008 [pool-383-thread-1] INFO  server.RaftServerConfigKeys (ConfUtils.java:logGet(43)) - raft.server.log.statemachine.data.caching.enabled = true (custom)
2019-09-23 14:26:32,008 [pool-393-thread-1] INFO  server.RaftServerConfigKeys (ConfUtils.java:logGet(43)) - raft.server.snapshot.retention.num.files = 5 (custom)
2019-09-23 14:26:32,008 [pool-383-thread-1] INFO  segmented.SegmentedRaftLogWorker (SegmentedRaftLogWorker.java:lambda$new$0(132)) - d00dafbe-9fd5-45b7-a068-696ae0257592@group-6BA4A2ED8711-SegmentedRaftLogWorker: flushIndex: setUnconditionally 0 -> -1
2019-09-23 14:26:32,008 [pool-393-thread-1] INFO  server.RaftServerConfigKeys (ConfUtils.java:logGet(43)) - raft.server.retrycache.expirytime = 600000ms (custom)
2019-09-23 14:26:32,008 [pool-383-thread-1] INFO  server.RaftServerConfigKeys (ConfUtils.java:logGet(43)) - raft.server.snapshot.auto.trigger.enabled = true (custom)
2019-09-23 14:26:32,009 [pool-383-thread-1] INFO  server.RaftServerConfigKeys (ConfUtils.java:logGet(43)) - raft.server.snapshot.auto.trigger.threshold = 10000 (custom)
2019-09-23 14:26:32,009 [pool-383-thread-1] INFO  server.RaftServerConfigKeys (ConfUtils.java:logGet(43)) - raft.server.snapshot.retention.num.files = 5 (custom)
2019-09-23 14:26:32,009 [pool-383-thread-1] INFO  server.RaftServerConfigKeys (ConfUtils.java:logGet(43)) - raft.server.retrycache.expirytime = 600000ms (custom)
2019-09-23 14:26:32,010 [pool-433-thread-1] INFO  impl.RaftServerImpl (RaftServerImpl.java:start(185)) - 30c43bb2-f349-4ad7-a94b-6a0167b10dd1@group-6BA4A2ED8711: start as a follower, conf=-1: [30c43bb2-f349-4ad7-a94b-6a0167b10dd1:192.168.5.170:37482, 79507b5f-0296-465c-8ebd-539f5827c7b6:192.168.5.170:33306, d00dafbe-9fd5-45b7-a068-696ae0257592:192.168.5.170:43918], old=null
2019-09-23 14:26:32,010 [pool-433-thread-1] INFO  impl.RaftServerImpl (RaftServerImpl.java:setRole(174)) - 30c43bb2-f349-4ad7-a94b-6a0167b10dd1@group-6BA4A2ED8711: changes role from      null to FOLLOWER at term 0 for startAsFollower
2019-09-23 14:26:32,010 [pool-433-thread-1] INFO  impl.RoleInfo (RoleInfo.java:updateAndGet(143)) - 30c43bb2-f349-4ad7-a94b-6a0167b10dd1: start FollowerState
2019-09-23 14:26:32,011 [pool-433-thread-1] INFO  util.JmxRegister (JmxRegister.java:tryRegister(44)) - Successfully registered JMX Bean with object name Ratis:service=RaftServer,group=group-6BA4A2ED8711,id=30c43bb2-f349-4ad7-a94b-6a0167b10dd1
2019-09-23 14:26:32,012 [pool-393-thread-1] INFO  impl.RaftServerImpl (RaftServerImpl.java:start(185)) - 79507b5f-0296-465c-8ebd-539f5827c7b6@group-6BA4A2ED8711: start as a follower, conf=-1: [30c43bb2-f349-4ad7-a94b-6a0167b10dd1:192.168.5.170:37482, 79507b5f-0296-465c-8ebd-539f5827c7b6:192.168.5.170:33306, d00dafbe-9fd5-45b7-a068-696ae0257592:192.168.5.170:43918], old=null
2019-09-23 14:26:32,012 [pool-383-thread-1] INFO  impl.RaftServerImpl (RaftServerImpl.java:start(185)) - d00dafbe-9fd5-45b7-a068-696ae0257592@group-6BA4A2ED8711: start as a follower, conf=-1: [30c43bb2-f349-4ad7-a94b-6a0167b10dd1:192.168.5.170:37482, 79507b5f-0296-465c-8ebd-539f5827c7b6:192.168.5.170:33306, d00dafbe-9fd5-45b7-a068-696ae0257592:192.168.5.170:43918], old=null
2019-09-23 14:26:32,012 [pool-393-thread-1] INFO  impl.RaftServerImpl (RaftServerImpl.java:setRole(174)) - 79507b5f-0296-465c-8ebd-539f5827c7b6@group-6BA4A2ED8711: changes role from      null to FOLLOWER at term 0 for startAsFollower
2019-09-23 14:26:32,013 [pool-383-thread-1] INFO  impl.RaftServerImpl (RaftServerImpl.java:setRole(174)) - d00dafbe-9fd5-45b7-a068-696ae0257592@group-6BA4A2ED8711: changes role from      null to FOLLOWER at term 0 for startAsFollower
2019-09-23 14:26:32,013 [pool-393-thread-1] INFO  impl.RoleInfo (RoleInfo.java:updateAndGet(143)) - 79507b5f-0296-465c-8ebd-539f5827c7b6: start FollowerState
2019-09-23 14:26:32,013 [pool-383-thread-1] INFO  impl.RoleInfo (RoleInfo.java:updateAndGet(143)) - d00dafbe-9fd5-45b7-a068-696ae0257592: start FollowerState
2019-09-23 14:26:32,013 [pool-393-thread-1] INFO  util.JmxRegister (JmxRegister.java:tryRegister(44)) - Successfully registered JMX Bean with object name Ratis:service=RaftServer,group=group-6BA4A2ED8711,id=79507b5f-0296-465c-8ebd-539f5827c7b6
2019-09-23 14:26:32,013 [pool-383-thread-1] INFO  util.JmxRegister (JmxRegister.java:tryRegister(44)) - Successfully registered JMX Bean with object name Ratis:service=RaftServer,group=group-6BA4A2ED8711,id=d00dafbe-9fd5-45b7-a068-696ae0257592
2019-09-23 14:26:32,016 [RatisPipelineUtilsThread] INFO  pipeline.PipelineStateManager (PipelineStateManager.java:addPipeline(56)) - Created pipeline Pipeline[ Id: 763eb0a7-7a13-4121-9505-6ba4a2ed8711, Nodes: 30c43bb2-f349-4ad7-a94b-6a0167b10dd1{ip: 192.168.5.170, host: pr-hdds-2165-pmv7s-2889624754, networkLocation: /default-rack, certSerialId: null}d00dafbe-9fd5-45b7-a068-696ae0257592{ip: 192.168.5.170, host: pr-hdds-2165-pmv7s-2889624754, networkLocation: /default-rack, certSerialId: null}79507b5f-0296-465c-8ebd-539f5827c7b6{ip: 192.168.5.170, host: pr-hdds-2165-pmv7s-2889624754, networkLocation: /default-rack, certSerialId: null}, Type:RATIS, Factor:THREE, State:OPEN]
2019-09-23 14:26:32,028 [grpc-default-executor-5] INFO  impl.RaftServerProxy (RaftServerProxy.java:addNew(89)) - cd091852-a212-4633-819f-9983cd12ad7d: addNew group-35EF9A9B6BAB:[017e5be7-1426-4da9-b186-145a579d4ee0:192.168.5.170:42635, cd091852-a212-4633-819f-9983cd12ad7d:192.168.5.170:42532, fece41c2-a052-4056-87bd-b7b03cf0a1ff:192.168.5.170:34751] returns group-35EF9A9B6BAB:java.util.concurrent.CompletableFuture@4ac98563[Not completed]
2019-09-23 14:26:32,028 [grpc-default-executor-4] INFO  impl.RaftServerProxy (RaftServerProxy.java:addNew(89)) - 017e5be7-1426-4da9-b186-145a579d4ee0: addNew group-35EF9A9B6BAB:[017e5be7-1426-4da9-b186-145a579d4ee0:192.168.5.170:42635, cd091852-a212-4633-819f-9983cd12ad7d:192.168.5.170:42532, fece41c2-a052-4056-87bd-b7b03cf0a1ff:192.168.5.170:34751] returns group-35EF9A9B6BAB:java.util.concurrent.CompletableFuture@2c1829ea[Not completed]
2019-09-23 14:26:32,028 [grpc-default-executor-2] INFO  impl.RaftServerProxy (RaftServerProxy.java:addNew(89)) - fece41c2-a052-4056-87bd-b7b03cf0a1ff: addNew group-35EF9A9B6BAB:[017e5be7-1426-4da9-b186-145a579d4ee0:192.168.5.170:42635, cd091852-a212-4633-819f-9983cd12ad7d:192.168.5.170:42532, fece41c2-a052-4056-87bd-b7b03cf0a1ff:192.168.5.170:34751] returns group-35EF9A9B6BAB:java.util.concurrent.CompletableFuture@1ff50bc8[Not completed]
2019-09-23 14:26:32,032 [pool-403-thread-1] INFO  impl.RaftServerImpl (RaftServerImpl.java:<init>(95)) - cd091852-a212-4633-819f-9983cd12ad7d: new RaftServerImpl for group-35EF9A9B6BAB:[017e5be7-1426-4da9-b186-145a579d4ee0:192.168.5.170:42635, cd091852-a212-4633-819f-9983cd12ad7d:192.168.5.170:42532, fece41c2-a052-4056-87bd-b7b03cf0a1ff:192.168.5.170:34751] with ContainerStateMachine:uninitialized
2019-09-23 14:26:32,032 [pool-403-thread-1] INFO  server.RaftServerConfigKeys (ConfUtils.java:logGet(43)) - raft.server.rpc.timeout.min = 5s (custom)
2019-09-23 14:26:32,032 [pool-403-thread-1] INFO  server.RaftServerConfigKeys (ConfUtils.java:logGet(43)) - raft.server.rpc.timeout.max = 5200ms (custom)
2019-09-23 14:26:32,032 [pool-403-thread-1] INFO  server.RaftServerConfigKeys (ConfUtils.java:logGet(43)) - raft.server.rpcslowness.timeout = 120s (custom)
2019-09-23 14:26:32,032 [pool-403-thread-1] INFO  server.RaftServerConfigKeys (ConfUtils.java:logGet(43)) - raft.server.sleep.deviation.threshold = 300 (default)
2019-09-23 14:26:32,032 [pool-403-thread-1] INFO  server.RaftServerConfigKeys (ConfUtils.java:logGet(43)) - raft.server.log.appender.install.snapshot.enabled = false (custom)
2019-09-23 14:26:32,032 [pool-403-thread-1] INFO  impl.RaftServerImpl (ServerState.java:<init>(103)) - cd091852-a212-4633-819f-9983cd12ad7d@group-35EF9A9B6BAB: ConfigurationManager, init=-1: [017e5be7-1426-4da9-b186-145a579d4ee0:192.168.5.170:42635, cd091852-a212-4633-819f-9983cd12ad7d:192.168.5.170:42532, fece41c2-a052-4056-87bd-b7b03cf0a1ff:192.168.5.170:34751], old=null, confs=<EMPTY_MAP>
2019-09-23 14:26:32,033 [pool-403-thread-1] INFO  server.RaftServerConfigKeys (ConfUtils.java:logGet(43)) - raft.server.storage.dir = [/workdir/hadoop-ozone/integration-test/target/test-dir/MiniOzoneClusterImpl-532f3ee3-dcd1-4407-90fc-0b419f7c30a5/datanode-2/data/ratis] (custom)
2019-09-23 14:26:32,033 [pool-443-thread-1] INFO  impl.RaftServerImpl (RaftServerImpl.java:<init>(95)) - 017e5be7-1426-4da9-b186-145a579d4ee0: new RaftServerImpl for group-35EF9A9B6BAB:[017e5be7-1426-4da9-b186-145a579d4ee0:192.168.5.170:42635, cd091852-a212-4633-819f-9983cd12ad7d:192.168.5.170:42532, fece41c2-a052-4056-87bd-b7b03cf0a1ff:192.168.5.170:34751] with ContainerStateMachine:uninitialized
2019-09-23 14:26:32,033 [pool-443-thread-1] INFO  server.RaftServerConfigKeys (ConfUtils.java:logGet(43)) - raft.server.rpc.timeout.min = 5s (custom)
2019-09-23 14:26:32,033 [pool-403-thread-1] INFO  storage.RaftStorageDirectory (RaftStorageDirectory.java:analyzeStorage(246)) - The storage directory /workdir/hadoop-ozone/integration-test/target/test-dir/MiniOzoneClusterImpl-532f3ee3-dcd1-4407-90fc-0b419f7c30a5/datanode-2/data/ratis/99fb5bb3-09be-4dd9-b508-35ef9a9b6bab does not exist. Creating ...
2019-09-23 14:26:32,033 [pool-443-thread-1] INFO  server.RaftServerConfigKeys (ConfUtils.java:logGet(43)) - raft.server.rpc.timeout.max = 5200ms (custom)
2019-09-23 14:26:32,033 [pool-413-thread-1] INFO  impl.RaftServerImpl (RaftServerImpl.java:<init>(95)) - fece41c2-a052-4056-87bd-b7b03cf0a1ff: new RaftServerImpl for group-35EF9A9B6BAB:[017e5be7-1426-4da9-b186-145a579d4ee0:192.168.5.170:42635, cd091852-a212-4633-819f-9983cd12ad7d:192.168.5.170:42532, fece41c2-a052-4056-87bd-b7b03cf0a1ff:192.168.5.170:34751] with ContainerStateMachine:uninitialized
2019-09-23 14:26:32,033 [pool-413-thread-1] INFO  server.RaftServerConfigKeys (ConfUtils.java:logGet(43)) - raft.server.rpc.timeout.min = 5s (custom)
2019-09-23 14:26:32,033 [pool-443-thread-1] INFO  server.RaftServerConfigKeys (ConfUtils.java:logGet(43)) - raft.server.rpcslowness.timeout = 120s (custom)
2019-09-23 14:26:32,034 [pool-413-thread-1] INFO  server.RaftServerConfigKeys (ConfUtils.java:logGet(43)) - raft.server.rpc.timeout.max = 5200ms (custom)
2019-09-23 14:26:32,034 [pool-443-thread-1] INFO  server.RaftServerConfigKeys (ConfUtils.java:logGet(43)) - raft.server.sleep.deviation.threshold = 300 (default)
2019-09-23 14:26:32,034 [pool-413-thread-1] INFO  server.RaftServerConfigKeys (ConfUtils.java:logGet(43)) - raft.server.rpcslowness.timeout = 120s (custom)
2019-09-23 14:26:32,034 [pool-443-thread-1] INFO  server.RaftServerConfigKeys (ConfUtils.java:logGet(43)) - raft.server.log.appender.install.snapshot.enabled = false (custom)
2019-09-23 14:26:32,034 [pool-413-thread-1] INFO  server.RaftServerConfigKeys (ConfUtils.java:logGet(43)) - raft.server.sleep.deviation.threshold = 300 (default)
2019-09-23 14:26:32,034 [pool-443-thread-1] INFO  impl.RaftServerImpl (ServerState.java:<init>(103)) - 017e5be7-1426-4da9-b186-145a579d4ee0@group-35EF9A9B6BAB: ConfigurationManager, init=-1: [017e5be7-1426-4da9-b186-145a579d4ee0:192.168.5.170:42635, cd091852-a212-4633-819f-9983cd12ad7d:192.168.5.170:42532, fece41c2-a052-4056-87bd-b7b03cf0a1ff:192.168.5.170:34751], old=null, confs=<EMPTY_MAP>
2019-09-23 14:26:32,034 [pool-413-thread-1] INFO  server.RaftServerConfigKeys (ConfUtils.java:logGet(43)) - raft.server.log.appender.install.snapshot.enabled = false (custom)
2019-09-23 14:26:32,035 [pool-443-thread-1] INFO  server.RaftServerConfigKeys (ConfUtils.java:logGet(43)) - raft.server.storage.dir = [/workdir/hadoop-ozone/integration-test/target/test-dir/MiniOzoneClusterImpl-532f3ee3-dcd1-4407-90fc-0b419f7c30a5/datanode-6/data/ratis] (custom)
2019-09-23 14:26:32,035 [pool-413-thread-1] INFO  impl.RaftServerImpl (ServerState.java:<init>(103)) - fece41c2-a052-4056-87bd-b7b03cf0a1ff@group-35EF9A9B6BAB: ConfigurationManager, init=-1: [017e5be7-1426-4da9-b186-145a579d4ee0:192.168.5.170:42635, cd091852-a212-4633-819f-9983cd12ad7d:192.168.5.170:42532, fece41c2-a052-4056-87bd-b7b03cf0a1ff:192.168.5.170:34751], old=null, confs=<EMPTY_MAP>
2019-09-23 14:26:32,035 [pool-413-thread-1] INFO  server.RaftServerConfigKeys (ConfUtils.java:logGet(43)) - raft.server.storage.dir = [/workdir/hadoop-ozone/integration-test/target/test-dir/MiniOzoneClusterImpl-532f3ee3-dcd1-4407-90fc-0b419f7c30a5/datanode-3/data/ratis] (custom)
2019-09-23 14:26:32,035 [pool-443-thread-1] INFO  storage.RaftStorageDirectory (RaftStorageDirectory.java:analyzeStorage(246)) - The storage directory /workdir/hadoop-ozone/integration-test/target/test-dir/MiniOzoneClusterImpl-532f3ee3-dcd1-4407-90fc-0b419f7c30a5/datanode-6/data/ratis/99fb5bb3-09be-4dd9-b508-35ef9a9b6bab does not exist. Creating ...
2019-09-23 14:26:32,035 [pool-413-thread-1] INFO  storage.RaftStorageDirectory (RaftStorageDirectory.java:analyzeStorage(246)) - The storage directory /workdir/hadoop-ozone/integration-test/target/test-dir/MiniOzoneClusterImpl-532f3ee3-dcd1-4407-90fc-0b419f7c30a5/datanode-3/data/ratis/99fb5bb3-09be-4dd9-b508-35ef9a9b6bab does not exist. Creating ...
2019-09-23 14:26:32,058 [pool-403-thread-1] INFO  storage.RaftStorageDirectory (RaftStorageDirectory.java:tryLock(328)) - Lock on /workdir/hadoop-ozone/integration-test/target/test-dir/MiniOzoneClusterImpl-532f3ee3-dcd1-4407-90fc-0b419f7c30a5/datanode-2/data/ratis/99fb5bb3-09be-4dd9-b508-35ef9a9b6bab/in_use.lock acquired by nodename 23681@pr-hdds-2165-pmv7s-2889624754
2019-09-23 14:26:32,058 [pool-413-thread-1] INFO  storage.RaftStorageDirectory (RaftStorageDirectory.java:tryLock(328)) - Lock on /workdir/hadoop-ozone/integration-test/target/test-dir/MiniOzoneClusterImpl-532f3ee3-dcd1-4407-90fc-0b419f7c30a5/datanode-3/data/ratis/99fb5bb3-09be-4dd9-b508-35ef9a9b6bab/in_use.lock acquired by nodename 23681@pr-hdds-2165-pmv7s-2889624754
2019-09-23 14:26:32,058 [pool-443-thread-1] INFO  storage.RaftStorageDirectory (RaftStorageDirectory.java:tryLock(328)) - Lock on /workdir/hadoop-ozone/integration-test/target/test-dir/MiniOzoneClusterImpl-532f3ee3-dcd1-4407-90fc-0b419f7c30a5/datanode-6/data/ratis/99fb5bb3-09be-4dd9-b508-35ef9a9b6bab/in_use.lock acquired by nodename 23681@pr-hdds-2165-pmv7s-2889624754
2019-09-23 14:26:32,095 [pool-403-thread-1] INFO  storage.RaftStorage (RaftStorage.java:format(72)) - Storage directory /workdir/hadoop-ozone/integration-test/target/test-dir/MiniOzoneClusterImpl-532f3ee3-dcd1-4407-90fc-0b419f7c30a5/datanode-2/data/ratis/99fb5bb3-09be-4dd9-b508-35ef9a9b6bab has been successfully formatted.
2019-09-23 14:26:32,095 [pool-443-thread-1] INFO  storage.RaftStorage (RaftStorage.java:format(72)) - Storage directory /workdir/hadoop-ozone/integration-test/target/test-dir/MiniOzoneClusterImpl-532f3ee3-dcd1-4407-90fc-0b419f7c30a5/datanode-6/data/ratis/99fb5bb3-09be-4dd9-b508-35ef9a9b6bab has been successfully formatted.
2019-09-23 14:26:32,095 [pool-413-thread-1] INFO  storage.RaftStorage (RaftStorage.java:format(72)) - Storage directory /workdir/hadoop-ozone/integration-test/target/test-dir/MiniOzoneClusterImpl-532f3ee3-dcd1-4407-90fc-0b419f7c30a5/datanode-3/data/ratis/99fb5bb3-09be-4dd9-b508-35ef9a9b6bab has been successfully formatted.
2019-09-23 14:26:32,096 [pool-443-thread-1] INFO  ratis.ContainerStateMachine (ContainerStateMachine.java:loadSnapshot(230)) - group-35EF9A9B6BAB: The snapshot info is null. Setting the last applied indexto:(t:0, i:~)
2019-09-23 14:26:32,095 [pool-403-thread-1] INFO  ratis.ContainerStateMachine (ContainerStateMachine.java:loadSnapshot(230)) - group-35EF9A9B6BAB: The snapshot info is null. Setting the last applied indexto:(t:0, i:~)
2019-09-23 14:26:32,096 [pool-443-thread-1] INFO  server.RaftServerConfigKeys (ConfUtils.java:logGet(43)) - raft.server.notification.no-leader.timeout = 120s (custom)
2019-09-23 14:26:32,096 [pool-413-thread-1] INFO  ratis.ContainerStateMachine (ContainerStateMachine.java:loadSnapshot(230)) - group-35EF9A9B6BAB: The snapshot info is null. Setting the last applied indexto:(t:0, i:~)
2019-09-23 14:26:32,096 [pool-443-thread-1] INFO  server.RaftServerConfigKeys (ConfUtils.java:logGet(43)) - raft.server.log.use.memory = false (default)
2019-09-23 14:26:32,096 [pool-403-thread-1] INFO  server.RaftServerConfigKeys (ConfUtils.java:logGet(43)) - raft.server.notification.no-leader.timeout = 120s (custom)
2019-09-23 14:26:32,096 [pool-443-thread-1] INFO  server.RaftServerConfigKeys (ConfUtils.java:logGet(43)) - raft.server.log.purge.gap = 1000000 (custom)
2019-09-23 14:26:32,096 [pool-413-thread-1] INFO  server.RaftServerConfigKeys (ConfUtils.java:logGet(43)) - raft.server.notification.no-leader.timeout = 120s (custom)
2019-09-23 14:26:32,097 [pool-443-thread-1] INFO  server.RaftServerConfigKeys (ConfUtils.java:logGet(43)) - raft.server.log.appender.buffer.byte-limit = 33554432 (custom)
2019-09-23 14:26:32,097 [pool-403-thread-1] INFO  server.RaftServerConfigKeys (ConfUtils.java:logGet(43)) - raft.server.log.use.memory = false (default)
2019-09-23 14:26:32,097 [pool-443-thread-1] INFO  server.RaftServerConfigKeys (ConfUtils.java:logGet(43)) - raft.server.log.segment.size.max = 1048576 (custom)
2019-09-23 14:26:32,097 [pool-443-thread-1] INFO  server.RaftServerConfigKeys (ConfUtils.java:logGet(43)) - raft.server.log.segment.cache.num.max = 2 (custom)
2019-09-23 14:26:32,097 [pool-413-thread-1] INFO  server.RaftServerConfigKeys (ConfUtils.java:logGet(43)) - raft.server.log.use.memory = false (default)
2019-09-23 14:26:32,098 [pool-443-thread-1] INFO  segmented.SegmentedRaftLogWorker (SegmentedRaftLogWorker.java:<init>(172)) - new 017e5be7-1426-4da9-b186-145a579d4ee0@group-35EF9A9B6BAB-SegmentedRaftLogWorker for RaftStorage:Storage Directory /workdir/hadoop-ozone/integration-test/target/test-dir/MiniOzoneClusterImpl-532f3ee3-dcd1-4407-90fc-0b419f7c30a5/datanode-6/data/ratis/99fb5bb3-09be-4dd9-b508-35ef9a9b6bab
2019-09-23 14:26:32,097 [pool-403-thread-1] INFO  server.RaftServerConfigKeys (ConfUtils.java:logGet(43)) - raft.server.log.purge.gap = 1000000 (custom)
2019-09-23 14:26:32,098 [pool-443-thread-1] INFO  server.RaftServerConfigKeys (ConfUtils.java:logGet(43)) - raft.server.log.queue.byte-limit = 2147483647 (custom)
2019-09-23 14:26:32,098 [pool-413-thread-1] INFO  server.RaftServerConfigKeys (ConfUtils.java:logGet(43)) - raft.server.log.purge.gap = 1000000 (custom)
2019-09-23 14:26:32,098 [pool-443-thread-1] INFO  server.RaftServerConfigKeys (ConfUtils.java:logGet(43)) - raft.server.log.queue.element-limit = 1024 (custom)
2019-09-23 14:26:32,098 [pool-403-thread-1] INFO  server.RaftServerConfigKeys (ConfUtils.java:logGet(43)) - raft.server.log.appender.buffer.byte-limit = 33554432 (custom)
2019-09-23 14:26:32,098 [pool-443-thread-1] INFO  server.RaftServerConfigKeys (ConfUtils.java:logGet(43)) - raft.server.log.segment.size.max = 1048576 (custom)
2019-09-23 14:26:32,098 [pool-413-thread-1] INFO  server.RaftServerConfigKeys (ConfUtils.java:logGet(43)) - raft.server.log.appender.buffer.byte-limit = 33554432 (custom)
2019-09-23 14:26:32,099 [pool-443-thread-1] INFO  server.RaftServerConfigKeys (ConfUtils.java:logGet(43)) - raft.server.log.preallocated.size = 16384 (custom)
2019-09-23 14:26:32,099 [pool-403-thread-1] INFO  server.RaftServerConfigKeys (ConfUtils.java:logGet(43)) - raft.server.log.segment.size.max = 1048576 (custom)
2019-09-23 14:26:32,099 [pool-443-thread-1] INFO  server.RaftServerConfigKeys (ConfUtils.java:logGet(43)) - raft.server.log.write.buffer.size = 33554432 (custom)
2019-09-23 14:26:32,099 [pool-443-thread-1] INFO  server.RaftServerConfigKeys (ConfUtils.java:logGet(43)) - raft.server.log.force.sync.num = 128 (default)
2019-09-23 14:26:32,099 [pool-413-thread-1] INFO  server.RaftServerConfigKeys (ConfUtils.java:logGet(43)) - raft.server.log.segment.size.max = 1048576 (custom)
2019-09-23 14:26:32,100 [pool-443-thread-1] INFO  server.RaftServerConfigKeys (ConfUtils.java:logGet(43)) - raft.server.log.statemachine.data.sync = true (default)
2019-09-23 14:26:32,099 [pool-403-thread-1] INFO  server.RaftServerConfigKeys (ConfUtils.java:logGet(43)) - raft.server.log.segment.cache.num.max = 2 (custom)
2019-09-23 14:26:32,100 [pool-443-thread-1] INFO  server.RaftServerConfigKeys (ConfUtils.java:logGet(43)) - raft.server.log.statemachine.data.sync.timeout = 10s (default)
2019-09-23 14:26:32,100 [pool-413-thread-1] INFO  server.RaftServerConfigKeys (ConfUtils.java:logGet(43)) - raft.server.log.segment.cache.num.max = 2 (custom)
2019-09-23 14:26:32,100 [pool-443-thread-1] INFO  server.RaftServerConfigKeys (ConfUtils.java:logGet(43)) - raft.server.log.statemachine.data.sync.timeout.retry = -1 (default)
2019-09-23 14:26:32,100 [pool-403-thread-1] INFO  segmented.SegmentedRaftLogWorker (SegmentedRaftLogWorker.java:<init>(172)) - new cd091852-a212-4633-819f-9983cd12ad7d@group-35EF9A9B6BAB-SegmentedRaftLogWorker for RaftStorage:Storage Directory /workdir/hadoop-ozone/integration-test/target/test-dir/MiniOzoneClusterImpl-532f3ee3-dcd1-4407-90fc-0b419f7c30a5/datanode-2/data/ratis/99fb5bb3-09be-4dd9-b508-35ef9a9b6bab
2019-09-23 14:26:32,101 [pool-443-thread-1] INFO  server.RaftServerConfigKeys (ConfUtils.java:logGet(43)) - raft.server.log.statemachine.data.caching.enabled = true (custom)
2019-09-23 14:26:32,100 [pool-413-thread-1] INFO  segmented.SegmentedRaftLogWorker (SegmentedRaftLogWorker.java:<init>(172)) - new fece41c2-a052-4056-87bd-b7b03cf0a1ff@group-35EF9A9B6BAB-SegmentedRaftLogWorker for RaftStorage:Storage Directory /workdir/hadoop-ozone/integration-test/target/test-dir/MiniOzoneClusterImpl-532f3ee3-dcd1-4407-90fc-0b419f7c30a5/datanode-3/data/ratis/99fb5bb3-09be-4dd9-b508-35ef9a9b6bab
2019-09-23 14:26:32,101 [pool-403-thread-1] INFO  server.RaftServerConfigKeys (ConfUtils.java:logGet(43)) - raft.server.log.queue.byte-limit = 2147483647 (custom)
2019-09-23 14:26:32,101 [pool-443-thread-1] INFO  segmented.SegmentedRaftLogWorker (SegmentedRaftLogWorker.java:lambda$new$0(132)) - 017e5be7-1426-4da9-b186-145a579d4ee0@group-35EF9A9B6BAB-SegmentedRaftLogWorker: flushIndex: setUnconditionally 0 -> -1
2019-09-23 14:26:32,101 [pool-413-thread-1] INFO  server.RaftServerConfigKeys (ConfUtils.java:logGet(43)) - raft.server.log.queue.byte-limit = 2147483647 (custom)
2019-09-23 14:26:32,101 [pool-403-thread-1] INFO  server.RaftServerConfigKeys (ConfUtils.java:logGet(43)) - raft.server.log.queue.element-limit = 1024 (custom)
2019-09-23 14:26:32,102 [pool-443-thread-1] INFO  server.RaftServerConfigKeys (ConfUtils.java:logGet(43)) - raft.server.snapshot.auto.trigger.enabled = true (custom)
2019-09-23 14:26:32,101 [pool-413-thread-1] INFO  server.RaftServerConfigKeys (ConfUtils.java:logGet(43)) - raft.server.log.queue.element-limit = 1024 (custom)
2019-09-23 14:26:32,102 [pool-443-thread-1] INFO  server.RaftServerConfigKeys (ConfUtils.java:logGet(43)) - raft.server.snapshot.auto.trigger.threshold = 10000 (custom)
2019-09-23 14:26:32,102 [pool-403-thread-1] INFO  server.RaftServerConfigKeys (ConfUtils.java:logGet(43)) - raft.server.log.segment.size.max = 1048576 (custom)
2019-09-23 14:26:32,102 [pool-443-thread-1] INFO  server.RaftServerConfigKeys (ConfUtils.java:logGet(43)) - raft.server.snapshot.retention.num.files = 5 (custom)
2019-09-23 14:26:32,102 [pool-413-thread-1] INFO  server.RaftServerConfigKeys (ConfUtils.java:logGet(43)) - raft.server.log.segment.size.max = 1048576 (custom)
2019-09-23 14:26:32,103 [pool-413-thread-1] INFO  server.RaftServerConfigKeys (ConfUtils.java:logGet(43)) - raft.server.log.preallocated.size = 16384 (custom)
2019-09-23 14:26:32,102 [pool-443-thread-1] INFO  server.RaftServerConfigKeys (ConfUtils.java:logGet(43)) - raft.server.retrycache.expirytime = 600000ms (custom)
2019-09-23 14:26:32,102 [pool-403-thread-1] INFO  server.RaftServerConfigKeys (ConfUtils.java:logGet(43)) - raft.server.log.preallocated.size = 16384 (custom)
2019-09-23 14:26:32,103 [pool-413-thread-1] INFO  server.RaftServerConfigKeys (ConfUtils.java:logGet(43)) - raft.server.log.write.buffer.size = 33554432 (custom)
2019-09-23 14:26:32,103 [pool-403-thread-1] INFO  server.RaftServerConfigKeys (ConfUtils.java:logGet(43)) - raft.server.log.write.buffer.size = 33554432 (custom)
2019-09-23 14:26:32,103 [pool-413-thread-1] INFO  server.RaftServerConfigKeys (ConfUtils.java:logGet(43)) - raft.server.log.force.sync.num = 128 (default)
2019-09-23 14:26:32,103 [pool-403-thread-1] INFO  server.RaftServerConfigKeys (ConfUtils.java:logGet(43)) - raft.server.log.force.sync.num = 128 (default)
2019-09-23 14:26:32,103 [pool-413-thread-1] INFO  server.RaftServerConfigKeys (ConfUtils.java:logGet(43)) - raft.server.log.statemachine.data.sync = true (default)
2019-09-23 14:26:32,104 [pool-403-thread-1] INFO  server.RaftServerConfigKeys (ConfUtils.java:logGet(43)) - raft.server.log.statemachine.data.sync = true (default)
2019-09-23 14:26:32,104 [pool-413-thread-1] INFO  server.RaftServerConfigKeys (ConfUtils.java:logGet(43)) - raft.server.log.statemachine.data.sync.timeout = 10s (default)
2019-09-23 14:26:32,104 [pool-403-thread-1] INFO  server.RaftServerConfigKeys (ConfUtils.java:logGet(43)) - raft.server.log.statemachine.data.sync.timeout = 10s (default)
2019-09-23 14:26:32,104 [pool-413-thread-1] INFO  server.RaftServerConfigKeys (ConfUtils.java:logGet(43)) - raft.server.log.statemachine.data.sync.timeout.retry = -1 (default)
2019-09-23 14:26:32,104 [pool-403-thread-1] INFO  server.RaftServerConfigKeys (ConfUtils.java:logGet(43)) - raft.server.log.statemachine.data.sync.timeout.retry = -1 (default)
2019-09-23 14:26:32,105 [pool-413-thread-1] INFO  server.RaftServerConfigKeys (ConfUtils.java:logGet(43)) - raft.server.log.statemachine.data.caching.enabled = true (custom)
2019-09-23 14:26:32,105 [pool-443-thread-1] INFO  impl.RaftServerImpl (RaftServerImpl.java:start(185)) - 017e5be7-1426-4da9-b186-145a579d4ee0@group-35EF9A9B6BAB: start as a follower, conf=-1: [017e5be7-1426-4da9-b186-145a579d4ee0:192.168.5.170:42635, cd091852-a212-4633-819f-9983cd12ad7d:192.168.5.170:42532, fece41c2-a052-4056-87bd-b7b03cf0a1ff:192.168.5.170:34751], old=null
2019-09-23 14:26:32,105 [pool-403-thread-1] INFO  server.RaftServerConfigKeys (ConfUtils.java:logGet(43)) - raft.server.log.statemachine.data.caching.enabled = true (custom)
2019-09-23 14:26:32,105 [pool-413-thread-1] INFO  segmented.SegmentedRaftLogWorker (SegmentedRaftLogWorker.java:lambda$new$0(132)) - fece41c2-a052-4056-87bd-b7b03cf0a1ff@group-35EF9A9B6BAB-SegmentedRaftLogWorker: flushIndex: setUnconditionally 0 -> -1
2019-09-23 14:26:32,105 [pool-443-thread-1] INFO  impl.RaftServerImpl (RaftServerImpl.java:setRole(174)) - 017e5be7-1426-4da9-b186-145a579d4ee0@group-35EF9A9B6BAB: changes role from      null to FOLLOWER at term 0 for startAsFollower
2019-09-23 14:26:32,105 [pool-403-thread-1] INFO  segmented.SegmentedRaftLogWorker (SegmentedRaftLogWorker.java:lambda$new$0(132)) - cd091852-a212-4633-819f-9983cd12ad7d@group-35EF9A9B6BAB-SegmentedRaftLogWorker: flushIndex: setUnconditionally 0 -> -1
2019-09-23 14:26:32,106 [pool-413-thread-1] INFO  server.RaftServerConfigKeys (ConfUtils.java:logGet(43)) - raft.server.snapshot.auto.trigger.enabled = true (custom)
2019-09-23 14:26:32,106 [pool-443-thread-1] INFO  impl.RoleInfo (RoleInfo.java:updateAndGet(143)) - 017e5be7-1426-4da9-b186-145a579d4ee0: start FollowerState
2019-09-23 14:26:32,106 [pool-403-thread-1] INFO  server.RaftServerConfigKeys (ConfUtils.java:logGet(43)) - raft.server.snapshot.auto.trigger.enabled = true (custom)
2019-09-23 14:26:32,106 [pool-413-thread-1] INFO  server.RaftServerConfigKeys (ConfUtils.java:logGet(43)) - raft.server.snapshot.auto.trigger.threshold = 10000 (custom)
2019-09-23 14:26:32,106 [pool-403-thread-1] INFO  server.RaftServerConfigKeys (ConfUtils.java:logGet(43)) - raft.server.snapshot.auto.trigger.threshold = 10000 (custom)
2019-09-23 14:26:32,106 [pool-443-thread-1] INFO  util.JmxRegister (JmxRegister.java:tryRegister(44)) - Successfully registered JMX Bean with object name Ratis:service=RaftServer,group=group-35EF9A9B6BAB,id=017e5be7-1426-4da9-b186-145a579d4ee0
2019-09-23 14:26:32,106 [pool-413-thread-1] INFO  server.RaftServerConfigKeys (ConfUtils.java:logGet(43)) - raft.server.snapshot.retention.num.files = 5 (custom)
2019-09-23 14:26:32,106 [pool-403-thread-1] INFO  server.RaftServerConfigKeys (ConfUtils.java:logGet(43)) - raft.server.snapshot.retention.num.files = 5 (custom)
2019-09-23 14:26:32,107 [pool-413-thread-1] INFO  server.RaftServerConfigKeys (ConfUtils.java:logGet(43)) - raft.server.retrycache.expirytime = 600000ms (custom)
2019-09-23 14:26:32,107 [pool-403-thread-1] INFO  server.RaftServerConfigKeys (ConfUtils.java:logGet(43)) - raft.server.retrycache.expirytime = 600000ms (custom)
2019-09-23 14:26:32,110 [pool-413-thread-1] INFO  impl.RaftServerImpl (RaftServerImpl.java:start(185)) - fece41c2-a052-4056-87bd-b7b03cf0a1ff@group-35EF9A9B6BAB: start as a follower, conf=-1: [017e5be7-1426-4da9-b186-145a579d4ee0:192.168.5.170:42635, cd091852-a212-4633-819f-9983cd12ad7d:192.168.5.170:42532, fece41c2-a052-4056-87bd-b7b03cf0a1ff:192.168.5.170:34751], old=null
2019-09-23 14:26:32,110 [pool-413-thread-1] INFO  impl.RaftServerImpl (RaftServerImpl.java:setRole(174)) - fece41c2-a052-4056-87bd-b7b03cf0a1ff@group-35EF9A9B6BAB: changes role from      null to FOLLOWER at term 0 for startAsFollower
2019-09-23 14:26:32,110 [pool-413-thread-1] INFO  impl.RoleInfo (RoleInfo.java:updateAndGet(143)) - fece41c2-a052-4056-87bd-b7b03cf0a1ff: start FollowerState
2019-09-23 14:26:32,110 [pool-403-thread-1] INFO  impl.RaftServerImpl (RaftServerImpl.java:start(185)) - cd091852-a212-4633-819f-9983cd12ad7d@group-35EF9A9B6BAB: start as a follower, conf=-1: [017e5be7-1426-4da9-b186-145a579d4ee0:192.168.5.170:42635, cd091852-a212-4633-819f-9983cd12ad7d:192.168.5.170:42532, fece41c2-a052-4056-87bd-b7b03cf0a1ff:192.168.5.170:34751], old=null
2019-09-23 14:26:32,111 [pool-403-thread-1] INFO  impl.RaftServerImpl (RaftServerImpl.java:setRole(174)) - cd091852-a212-4633-819f-9983cd12ad7d@group-35EF9A9B6BAB: changes role from      null to FOLLOWER at term 0 for startAsFollower
2019-09-23 14:26:32,111 [pool-413-thread-1] INFO  util.JmxRegister (JmxRegister.java:tryRegister(44)) - Successfully registered JMX Bean with object name Ratis:service=RaftServer,group=group-35EF9A9B6BAB,id=fece41c2-a052-4056-87bd-b7b03cf0a1ff
2019-09-23 14:26:32,111 [pool-403-thread-1] INFO  impl.RoleInfo (RoleInfo.java:updateAndGet(143)) - cd091852-a212-4633-819f-9983cd12ad7d: start FollowerState
2019-09-23 14:26:32,111 [pool-403-thread-1] INFO  util.JmxRegister (JmxRegister.java:tryRegister(44)) - Successfully registered JMX Bean with object name Ratis:service=RaftServer,group=group-35EF9A9B6BAB,id=cd091852-a212-4633-819f-9983cd12ad7d
2019-09-23 14:26:32,114 [RatisPipelineUtilsThread] INFO  pipeline.PipelineStateManager (PipelineStateManager.java:addPipeline(56)) - Created pipeline Pipeline[ Id: 99fb5bb3-09be-4dd9-b508-35ef9a9b6bab, Nodes: 017e5be7-1426-4da9-b186-145a579d4ee0{ip: 192.168.5.170, host: pr-hdds-2165-pmv7s-2889624754, networkLocation: /default-rack, certSerialId: null}cd091852-a212-4633-819f-9983cd12ad7d{ip: 192.168.5.170, host: pr-hdds-2165-pmv7s-2889624754, networkLocation: /default-rack, certSerialId: null}fece41c2-a052-4056-87bd-b7b03cf0a1ff{ip: 192.168.5.170, host: pr-hdds-2165-pmv7s-2889624754, networkLocation: /default-rack, certSerialId: null}, Type:RATIS, Factor:THREE, State:OPEN]
2019-09-23 14:26:34,161 [Thread-2296] INFO  container.ReplicationManager (ReplicationManager.java:start(162)) - Starting Replication Monitor Thread.
2019-09-23 14:26:34,164 [ReplicationMonitor] INFO  container.ReplicationManager (ReplicationManager.java:run(225)) - Replication Monitor Thread took 1 milliseconds for processing 1 containers.
2019-09-23 14:26:36,320 [Thread-2298] INFO  impl.FollowerState (FollowerState.java:run(106)) - d00dafbe-9fd5-45b7-a068-696ae0257592:group-79C142891DC6 changes to CANDIDATE, lastRpcTime:5050, electionTimeout:5050ms
2019-09-23 14:26:36,321 [Thread-2298] INFO  impl.RoleInfo (RoleInfo.java:shutdownFollowerState(121)) - d00dafbe-9fd5-45b7-a068-696ae0257592: shutdown FollowerState
2019-09-23 14:26:36,321 [Thread-2298] INFO  impl.RaftServerImpl (RaftServerImpl.java:setRole(174)) - d00dafbe-9fd5-45b7-a068-696ae0257592@group-79C142891DC6: changes role from  FOLLOWER to CANDIDATE at term 0 for changeToCandidate
2019-09-23 14:26:36,322 [Thread-2298] INFO  impl.RoleInfo (RoleInfo.java:updateAndGet(143)) - d00dafbe-9fd5-45b7-a068-696ae0257592: start LeaderElection
2019-09-23 14:26:36,353 [d00dafbe-9fd5-45b7-a068-696ae0257592@group-79C142891DC6:LeaderElection77] INFO  impl.LeaderElection (LeaderElection.java:askForVotes(182)) - d00dafbe-9fd5-45b7-a068-696ae0257592@group-79C142891DC6:LeaderElection77: begin an election at term 1 for -1: [d00dafbe-9fd5-45b7-a068-696ae0257592:192.168.5.170:43918], old=null
2019-09-23 14:26:36,353 [d00dafbe-9fd5-45b7-a068-696ae0257592@group-79C142891DC6:LeaderElection77] INFO  impl.RoleInfo (RoleInfo.java:shutdownLeaderElection(134)) - d00dafbe-9fd5-45b7-a068-696ae0257592: shutdown LeaderElection
2019-09-23 14:26:36,354 [d00dafbe-9fd5-45b7-a068-696ae0257592@group-79C142891DC6:LeaderElection77] INFO  impl.RaftServerImpl (RaftServerImpl.java:setRole(174)) - d00dafbe-9fd5-45b7-a068-696ae0257592@group-79C142891DC6: changes role from CANDIDATE to LEADER at term 1 for changeToLeader
2019-09-23 14:26:36,354 [d00dafbe-9fd5-45b7-a068-696ae0257592@group-79C142891DC6:LeaderElection77] INFO  impl.RaftServerImpl (ServerState.java:setLeader(253)) - d00dafbe-9fd5-45b7-a068-696ae0257592@group-79C142891DC6: change Leader from null to d00dafbe-9fd5-45b7-a068-696ae0257592 at term 1 for becomeLeader, leader elected after 5093ms
2019-09-23 14:26:36,354 [d00dafbe-9fd5-45b7-a068-696ae0257592@group-79C142891DC6:LeaderElection77] INFO  server.RaftServerConfigKeys (ConfUtils.java:logGet(43)) - raft.server.staging.catchup.gap = 1000 (default)
2019-09-23 14:26:36,354 [d00dafbe-9fd5-45b7-a068-696ae0257592@group-79C142891DC6:LeaderElection77] INFO  server.RaftServerConfigKeys (ConfUtils.java:logGet(43)) - raft.server.rpc.sleep.time = 25ms (default)
2019-09-23 14:26:36,355 [d00dafbe-9fd5-45b7-a068-696ae0257592@group-79C142891DC6:LeaderElection77] INFO  server.RaftServerConfigKeys (ConfUtils.java:logGet(43)) - raft.server.write.element-limit = 4096 (default)
2019-09-23 14:26:36,355 [d00dafbe-9fd5-45b7-a068-696ae0257592@group-79C142891DC6:LeaderElection77] INFO  server.RaftServerConfigKeys (ConfUtils.java:logGet(43)) - raft.server.watch.timeout = 10s (default)
2019-09-23 14:26:36,355 [d00dafbe-9fd5-45b7-a068-696ae0257592@group-79C142891DC6:LeaderElection77] INFO  server.RaftServerConfigKeys (ConfUtils.java:logGet(43)) - raft.server.watch.timeout.denomination = 1s (default)
2019-09-23 14:26:36,355 [d00dafbe-9fd5-45b7-a068-696ae0257592@group-79C142891DC6:LeaderElection77] INFO  server.RaftServerConfigKeys (ConfUtils.java:logGet(43)) - raft.server.watch.element-limit = 65536 (default)
2019-09-23 14:26:36,358 [d00dafbe-9fd5-45b7-a068-696ae0257592@group-79C142891DC6:LeaderElection77] INFO  impl.RoleInfo (RoleInfo.java:updateAndGet(143)) - d00dafbe-9fd5-45b7-a068-696ae0257592: start LeaderState
2019-09-23 14:26:36,359 [d00dafbe-9fd5-45b7-a068-696ae0257592@group-79C142891DC6:LeaderElection77] INFO  segmented.SegmentedRaftLogWorker (SegmentedRaftLogWorker.java:startLogSegment(380)) - d00dafbe-9fd5-45b7-a068-696ae0257592@group-79C142891DC6-SegmentedRaftLogWorker: Starting segment from index:0
2019-09-23 14:26:36,360 [d00dafbe-9fd5-45b7-a068-696ae0257592@group-79C142891DC6:LeaderElection77] INFO  impl.RaftServerImpl (ServerState.java:setRaftConf(354)) - d00dafbe-9fd5-45b7-a068-696ae0257592@group-79C142891DC6: set configuration 0: [d00dafbe-9fd5-45b7-a068-696ae0257592:192.168.5.170:43918], old=null at 0
2019-09-23 14:26:36,413 [d00dafbe-9fd5-45b7-a068-696ae0257592@group-79C142891DC6-SegmentedRaftLogWorker] INFO  segmented.SegmentedRaftLogWorker (SegmentedRaftLogWorker.java:execute(569)) - d00dafbe-9fd5-45b7-a068-696ae0257592@group-79C142891DC6-SegmentedRaftLogWorker: created new log segment /workdir/hadoop-ozone/integration-test/target/test-dir/MiniOzoneClusterImpl-532f3ee3-dcd1-4407-90fc-0b419f7c30a5/datanode-0/data/ratis/43ea3037-4296-45ef-acd2-79c142891dc6/current/log_inprogress_0
2019-09-23 14:26:36,479 [Thread-2301] INFO  impl.FollowerState (FollowerState.java:run(106)) - 79507b5f-0296-465c-8ebd-539f5827c7b6:group-8C71027B0D93 changes to CANDIDATE, lastRpcTime:5083, electionTimeout:5083ms
2019-09-23 14:26:36,479 [Thread-2301] INFO  impl.RoleInfo (RoleInfo.java:shutdownFollowerState(121)) - 79507b5f-0296-465c-8ebd-539f5827c7b6: shutdown FollowerState
2019-09-23 14:26:36,479 [Thread-2301] INFO  impl.RaftServerImpl (RaftServerImpl.java:setRole(174)) - 79507b5f-0296-465c-8ebd-539f5827c7b6@group-8C71027B0D93: changes role from  FOLLOWER to CANDIDATE at term 0 for changeToCandidate
2019-09-23 14:26:36,480 [Thread-2301] INFO  impl.RoleInfo (RoleInfo.java:updateAndGet(143)) - 79507b5f-0296-465c-8ebd-539f5827c7b6: start LeaderElection
2019-09-23 14:26:36,543 [79507b5f-0296-465c-8ebd-539f5827c7b6@group-8C71027B0D93:LeaderElection78] INFO  impl.LeaderElection (LeaderElection.java:askForVotes(182)) - 79507b5f-0296-465c-8ebd-539f5827c7b6@group-8C71027B0D93:LeaderElection78: begin an election at term 1 for -1: [79507b5f-0296-465c-8ebd-539f5827c7b6:192.168.5.170:33306], old=null
2019-09-23 14:26:36,543 [79507b5f-0296-465c-8ebd-539f5827c7b6@group-8C71027B0D93:LeaderElection78] INFO  impl.RoleInfo (RoleInfo.java:shutdownLeaderElection(134)) - 79507b5f-0296-465c-8ebd-539f5827c7b6: shutdown LeaderElection
2019-09-23 14:26:36,543 [79507b5f-0296-465c-8ebd-539f5827c7b6@group-8C71027B0D93:LeaderElection78] INFO  impl.RaftServerImpl (RaftServerImpl.java:setRole(174)) - 79507b5f-0296-465c-8ebd-539f5827c7b6@group-8C71027B0D93: changes role from CANDIDATE to LEADER at term 1 for changeToLeader
2019-09-23 14:26:36,544 [79507b5f-0296-465c-8ebd-539f5827c7b6@group-8C71027B0D93:LeaderElection78] INFO  impl.RaftServerImpl (ServerState.java:setLeader(253)) - 79507b5f-0296-465c-8ebd-539f5827c7b6@group-8C71027B0D93: change Leader from null to 79507b5f-0296-465c-8ebd-539f5827c7b6 at term 1 for becomeLeader, leader elected after 5156ms
2019-09-23 14:26:36,544 [79507b5f-0296-465c-8ebd-539f5827c7b6@group-8C71027B0D93:LeaderElection78] INFO  server.RaftServerConfigKeys (ConfUtils.java:logGet(43)) - raft.server.staging.catchup.gap = 1000 (default)
2019-09-23 14:26:36,544 [79507b5f-0296-465c-8ebd-539f5827c7b6@group-8C71027B0D93:LeaderElection78] INFO  server.RaftServerConfigKeys (ConfUtils.java:logGet(43)) - raft.server.rpc.sleep.time = 25ms (default)
2019-09-23 14:26:36,544 [79507b5f-0296-465c-8ebd-539f5827c7b6@group-8C71027B0D93:LeaderElection78] INFO  server.RaftServerConfigKeys (ConfUtils.java:logGet(43)) - raft.server.write.element-limit = 4096 (default)
2019-09-23 14:26:36,544 [79507b5f-0296-465c-8ebd-539f5827c7b6@group-8C71027B0D93:LeaderElection78] INFO  server.RaftServerConfigKeys (ConfUtils.java:logGet(43)) - raft.server.watch.timeout = 10s (default)
2019-09-23 14:26:36,544 [79507b5f-0296-465c-8ebd-539f5827c7b6@group-8C71027B0D93:LeaderElection78] INFO  server.RaftServerConfigKeys (ConfUtils.java:logGet(43)) - raft.server.watch.timeout.denomination = 1s (default)
2019-09-23 14:26:36,545 [79507b5f-0296-465c-8ebd-539f5827c7b6@group-8C71027B0D93:LeaderElection78] INFO  server.RaftServerConfigKeys (ConfUtils.java:logGet(43)) - raft.server.watch.element-limit = 65536 (default)
2019-09-23 14:26:36,547 [79507b5f-0296-465c-8ebd-539f5827c7b6@group-8C71027B0D93:LeaderElection78] INFO  impl.RoleInfo (RoleInfo.java:updateAndGet(143)) - 79507b5f-0296-465c-8ebd-539f5827c7b6: start LeaderState
2019-09-23 14:26:36,547 [79507b5f-0296-465c-8ebd-539f5827c7b6@group-8C71027B0D93:LeaderElection78] INFO  segmented.SegmentedRaftLogWorker (SegmentedRaftLogWorker.java:startLogSegment(380)) - 79507b5f-0296-465c-8ebd-539f5827c7b6@group-8C71027B0D93-SegmentedRaftLogWorker: Starting segment from index:0
2019-09-23 14:26:36,548 [79507b5f-0296-465c-8ebd-539f5827c7b6@group-8C71027B0D93:LeaderElection78] INFO  impl.RaftServerImpl (ServerState.java:setRaftConf(354)) - 79507b5f-0296-465c-8ebd-539f5827c7b6@group-8C71027B0D93: set configuration 0: [79507b5f-0296-465c-8ebd-539f5827c7b6:192.168.5.170:33306], old=null at 0
2019-09-23 14:26:36,626 [Thread-2304] INFO  impl.FollowerState (FollowerState.java:run(106)) - cd091852-a212-4633-819f-9983cd12ad7d:group-D6A87E82240E changes to CANDIDATE, lastRpcTime:5151, electionTimeout:5151ms
2019-09-23 14:26:36,627 [Thread-2304] INFO  impl.RoleInfo (RoleInfo.java:shutdownFollowerState(121)) - cd091852-a212-4633-819f-9983cd12ad7d: shutdown FollowerState
2019-09-23 14:26:36,627 [Thread-2304] INFO  impl.RaftServerImpl (RaftServerImpl.java:setRole(174)) - cd091852-a212-4633-819f-9983cd12ad7d@group-D6A87E82240E: changes role from  FOLLOWER to CANDIDATE at term 0 for changeToCandidate
2019-09-23 14:26:36,627 [Thread-2304] INFO  impl.RoleInfo (RoleInfo.java:updateAndGet(143)) - cd091852-a212-4633-819f-9983cd12ad7d: start LeaderElection
2019-09-23 14:26:36,638 [79507b5f-0296-465c-8ebd-539f5827c7b6@group-8C71027B0D93-SegmentedRaftLogWorker] INFO  segmented.SegmentedRaftLogWorker (SegmentedRaftLogWorker.java:execute(569)) - 79507b5f-0296-465c-8ebd-539f5827c7b6@group-8C71027B0D93-SegmentedRaftLogWorker: created new log segment /workdir/hadoop-ozone/integration-test/target/test-dir/MiniOzoneClusterImpl-532f3ee3-dcd1-4407-90fc-0b419f7c30a5/datanode-1/data/ratis/6ce21cf8-c94f-41d3-9ac1-8c71027b0d93/current/log_inprogress_0
2019-09-23 14:26:36,679 [cd091852-a212-4633-819f-9983cd12ad7d@group-D6A87E82240E:LeaderElection79] INFO  impl.LeaderElection (LeaderElection.java:askForVotes(182)) - cd091852-a212-4633-819f-9983cd12ad7d@group-D6A87E82240E:LeaderElection79: begin an election at term 1 for -1: [cd091852-a212-4633-819f-9983cd12ad7d:192.168.5.170:42532], old=null
2019-09-23 14:26:36,680 [cd091852-a212-4633-819f-9983cd12ad7d@group-D6A87E82240E:LeaderElection79] INFO  impl.RoleInfo (RoleInfo.java:shutdownLeaderElection(134)) - cd091852-a212-4633-819f-9983cd12ad7d: shutdown LeaderElection
2019-09-23 14:26:36,680 [cd091852-a212-4633-819f-9983cd12ad7d@group-D6A87E82240E:LeaderElection79] INFO  impl.RaftServerImpl (RaftServerImpl.java:setRole(174)) - cd091852-a212-4633-819f-9983cd12ad7d@group-D6A87E82240E: changes role from CANDIDATE to LEADER at term 1 for changeToLeader
2019-09-23 14:26:36,680 [cd091852-a212-4633-819f-9983cd12ad7d@group-D6A87E82240E:LeaderElection79] INFO  impl.RaftServerImpl (ServerState.java:setLeader(253)) - cd091852-a212-4633-819f-9983cd12ad7d@group-D6A87E82240E: change Leader from null to cd091852-a212-4633-819f-9983cd12ad7d at term 1 for becomeLeader, leader elected after 5212ms
2019-09-23 14:26:36,680 [cd091852-a212-4633-819f-9983cd12ad7d@group-D6A87E82240E:LeaderElection79] INFO  server.RaftServerConfigKeys (ConfUtils.java:logGet(43)) - raft.server.staging.catchup.gap = 1000 (default)
2019-09-23 14:26:36,680 [cd091852-a212-4633-819f-9983cd12ad7d@group-D6A87E82240E:LeaderElection79] INFO  server.RaftServerConfigKeys (ConfUtils.java:logGet(43)) - raft.server.rpc.sleep.time = 25ms (default)
2019-09-23 14:26:36,680 [cd091852-a212-4633-819f-9983cd12ad7d@group-D6A87E82240E:LeaderElection79] INFO  server.RaftServerConfigKeys (ConfUtils.java:logGet(43)) - raft.server.write.element-limit = 4096 (default)
2019-09-23 14:26:36,681 [cd091852-a212-4633-819f-9983cd12ad7d@group-D6A87E82240E:LeaderElection79] INFO  server.RaftServerConfigKeys (ConfUtils.java:logGet(43)) - raft.server.watch.timeout = 10s (default)
2019-09-23 14:26:36,681 [cd091852-a212-4633-819f-9983cd12ad7d@group-D6A87E82240E:LeaderElection79] INFO  server.RaftServerConfigKeys (ConfUtils.java:logGet(43)) - raft.server.watch.timeout.denomination = 1s (default)
2019-09-23 14:26:36,681 [cd091852-a212-4633-819f-9983cd12ad7d@group-D6A87E82240E:LeaderElection79] INFO  server.RaftServerConfigKeys (ConfUtils.java:logGet(43)) - raft.server.watch.element-limit = 65536 (default)
2019-09-23 14:26:36,683 [cd091852-a212-4633-819f-9983cd12ad7d@group-D6A87E82240E:LeaderElection79] INFO  impl.RoleInfo (RoleInfo.java:updateAndGet(143)) - cd091852-a212-4633-819f-9983cd12ad7d: start LeaderState
2019-09-23 14:26:36,684 [cd091852-a212-4633-819f-9983cd12ad7d@group-D6A87E82240E:LeaderElection79] INFO  segmented.SegmentedRaftLogWorker (SegmentedRaftLogWorker.java:startLogSegment(380)) - cd091852-a212-4633-819f-9983cd12ad7d@group-D6A87E82240E-SegmentedRaftLogWorker: Starting segment from index:0
2019-09-23 14:26:36,684 [cd091852-a212-4633-819f-9983cd12ad7d@group-D6A87E82240E:LeaderElection79] INFO  impl.RaftServerImpl (ServerState.java:setRaftConf(354)) - cd091852-a212-4633-819f-9983cd12ad7d@group-D6A87E82240E: set configuration 0: [cd091852-a212-4633-819f-9983cd12ad7d:192.168.5.170:42532], old=null at 0
2019-09-23 14:26:36,742 [Thread-2309] INFO  impl.FollowerState (FollowerState.java:run(106)) - 30c43bb2-f349-4ad7-a94b-6a0167b10dd1:group-498702BB3BD2 changes to CANDIDATE, lastRpcTime:5156, electionTimeout:5156ms
2019-09-23 14:26:36,742 [Thread-2309] INFO  impl.RoleInfo (RoleInfo.java:shutdownFollowerState(121)) - 30c43bb2-f349-4ad7-a94b-6a0167b10dd1: shutdown FollowerState
2019-09-23 14:26:36,742 [Thread-2309] INFO  impl.RaftServerImpl (RaftServerImpl.java:setRole(174)) - 30c43bb2-f349-4ad7-a94b-6a0167b10dd1@group-498702BB3BD2: changes role from  FOLLOWER to CANDIDATE at term 0 for changeToCandidate
2019-09-23 14:26:36,742 [Thread-2309] INFO  impl.RoleInfo (RoleInfo.java:updateAndGet(143)) - 30c43bb2-f349-4ad7-a94b-6a0167b10dd1: start LeaderElection
2019-09-23 14:26:36,772 [cd091852-a212-4633-819f-9983cd12ad7d@group-D6A87E82240E-SegmentedRaftLogWorker] INFO  segmented.SegmentedRaftLogWorker (SegmentedRaftLogWorker.java:execute(569)) - cd091852-a212-4633-819f-9983cd12ad7d@group-D6A87E82240E-SegmentedRaftLogWorker: created new log segment /workdir/hadoop-ozone/integration-test/target/test-dir/MiniOzoneClusterImpl-532f3ee3-dcd1-4407-90fc-0b419f7c30a5/datanode-2/data/ratis/da953c13-8437-435e-bcd6-d6a87e82240e/current/log_inprogress_0
2019-09-23 14:26:36,785 [Thread-2312] INFO  impl.FollowerState (FollowerState.java:run(106)) - 017e5be7-1426-4da9-b186-145a579d4ee0:group-335CA7913064 changes to CANDIDATE, lastRpcTime:5101, electionTimeout:5101ms
2019-09-23 14:26:36,785 [Thread-2312] INFO  impl.RoleInfo (RoleInfo.java:shutdownFollowerState(121)) - 017e5be7-1426-4da9-b186-145a579d4ee0: shutdown FollowerState
2019-09-23 14:26:36,785 [Thread-2312] INFO  impl.RaftServerImpl (RaftServerImpl.java:setRole(174)) - 017e5be7-1426-4da9-b186-145a579d4ee0@group-335CA7913064: changes role from  FOLLOWER to CANDIDATE at term 0 for changeToCandidate
2019-09-23 14:26:36,785 [Thread-2312] INFO  impl.RoleInfo (RoleInfo.java:updateAndGet(143)) - 017e5be7-1426-4da9-b186-145a579d4ee0: start LeaderElection
2019-09-23 14:26:36,814 [Thread-2315] INFO  impl.FollowerState (FollowerState.java:run(106)) - fece41c2-a052-4056-87bd-b7b03cf0a1ff:group-E6EF3198F51F changes to CANDIDATE, lastRpcTime:5023, electionTimeout:5023ms
2019-09-23 14:26:36,814 [Thread-2315] INFO  impl.RoleInfo (RoleInfo.java:shutdownFollowerState(121)) - fece41c2-a052-4056-87bd-b7b03cf0a1ff: shutdown FollowerState
2019-09-23 14:26:36,814 [Thread-2315] INFO  impl.RaftServerImpl (RaftServerImpl.java:setRole(174)) - fece41c2-a052-4056-87bd-b7b03cf0a1ff@group-E6EF3198F51F: changes role from  FOLLOWER to CANDIDATE at term 0 for changeToCandidate
2019-09-23 14:26:36,814 [Thread-2315] INFO  impl.RoleInfo (RoleInfo.java:updateAndGet(143)) - fece41c2-a052-4056-87bd-b7b03cf0a1ff: start LeaderElection
2019-09-23 14:26:36,842 [30c43bb2-f349-4ad7-a94b-6a0167b10dd1@group-498702BB3BD2:LeaderElection80] INFO  impl.LeaderElection (LeaderElection.java:askForVotes(182)) - 30c43bb2-f349-4ad7-a94b-6a0167b10dd1@group-498702BB3BD2:LeaderElection80: begin an election at term 1 for -1: [30c43bb2-f349-4ad7-a94b-6a0167b10dd1:192.168.5.170:37482], old=null
2019-09-23 14:26:36,842 [30c43bb2-f349-4ad7-a94b-6a0167b10dd1@group-498702BB3BD2:LeaderElection80] INFO  impl.RoleInfo (RoleInfo.java:shutdownLeaderElection(134)) - 30c43bb2-f349-4ad7-a94b-6a0167b10dd1: shutdown LeaderElection
2019-09-23 14:26:36,843 [30c43bb2-f349-4ad7-a94b-6a0167b10dd1@group-498702BB3BD2:LeaderElection80] INFO  impl.RaftServerImpl (RaftServerImpl.java:setRole(174)) - 30c43bb2-f349-4ad7-a94b-6a0167b10dd1@group-498702BB3BD2: changes role from CANDIDATE to LEADER at term 1 for changeToLeader
2019-09-23 14:26:36,843 [30c43bb2-f349-4ad7-a94b-6a0167b10dd1@group-498702BB3BD2:LeaderElection80] INFO  impl.RaftServerImpl (ServerState.java:setLeader(253)) - 30c43bb2-f349-4ad7-a94b-6a0167b10dd1@group-498702BB3BD2: change Leader from null to 30c43bb2-f349-4ad7-a94b-6a0167b10dd1 at term 1 for becomeLeader, leader elected after 5266ms
2019-09-23 14:26:36,843 [30c43bb2-f349-4ad7-a94b-6a0167b10dd1@group-498702BB3BD2:LeaderElection80] INFO  server.RaftServerConfigKeys (ConfUtils.java:logGet(43)) - raft.server.staging.catchup.gap = 1000 (default)
2019-09-23 14:26:36,843 [30c43bb2-f349-4ad7-a94b-6a0167b10dd1@group-498702BB3BD2:LeaderElection80] INFO  server.RaftServerConfigKeys (ConfUtils.java:logGet(43)) - raft.server.rpc.sleep.time = 25ms (default)
2019-09-23 14:26:36,843 [30c43bb2-f349-4ad7-a94b-6a0167b10dd1@group-498702BB3BD2:LeaderElection80] INFO  server.RaftServerConfigKeys (ConfUtils.java:logGet(43)) - raft.server.write.element-limit = 4096 (default)
2019-09-23 14:26:36,843 [30c43bb2-f349-4ad7-a94b-6a0167b10dd1@group-498702BB3BD2:LeaderElection80] INFO  server.RaftServerConfigKeys (ConfUtils.java:logGet(43)) - raft.server.watch.timeout = 10s (default)
2019-09-23 14:26:36,844 [30c43bb2-f349-4ad7-a94b-6a0167b10dd1@group-498702BB3BD2:LeaderElection80] INFO  server.RaftServerConfigKeys (ConfUtils.java:logGet(43)) - raft.server.watch.timeout.denomination = 1s (default)
2019-09-23 14:26:36,844 [30c43bb2-f349-4ad7-a94b-6a0167b10dd1@group-498702BB3BD2:LeaderElection80] INFO  server.RaftServerConfigKeys (ConfUtils.java:logGet(43)) - raft.server.watch.element-limit = 65536 (default)
2019-09-23 14:26:36,846 [30c43bb2-f349-4ad7-a94b-6a0167b10dd1@group-498702BB3BD2:LeaderElection80] INFO  impl.RoleInfo (RoleInfo.java:updateAndGet(143)) - 30c43bb2-f349-4ad7-a94b-6a0167b10dd1: start LeaderState
2019-09-23 14:26:36,846 [30c43bb2-f349-4ad7-a94b-6a0167b10dd1@group-498702BB3BD2:LeaderElection80] INFO  segmented.SegmentedRaftLogWorker (SegmentedRaftLogWorker.java:startLogSegment(380)) - 30c43bb2-f349-4ad7-a94b-6a0167b10dd1@group-498702BB3BD2-SegmentedRaftLogWorker: Starting segment from index:0
2019-09-23 14:26:36,847 [30c43bb2-f349-4ad7-a94b-6a0167b10dd1@group-498702BB3BD2:LeaderElection80] INFO  impl.RaftServerImpl (ServerState.java:setRaftConf(354)) - 30c43bb2-f349-4ad7-a94b-6a0167b10dd1@group-498702BB3BD2: set configuration 0: [30c43bb2-f349-4ad7-a94b-6a0167b10dd1:192.168.5.170:37482], old=null at 0
2019-09-23 14:26:36,885 [017e5be7-1426-4da9-b186-145a579d4ee0@group-335CA7913064:LeaderElection81] INFO  impl.LeaderElection (LeaderElection.java:askForVotes(182)) - 017e5be7-1426-4da9-b186-145a579d4ee0@group-335CA7913064:LeaderElection81: begin an election at term 1 for -1: [017e5be7-1426-4da9-b186-145a579d4ee0:192.168.5.170:42635], old=null
2019-09-23 14:26:36,885 [017e5be7-1426-4da9-b186-145a579d4ee0@group-335CA7913064:LeaderElection81] INFO  impl.RoleInfo (RoleInfo.java:shutdownLeaderElection(134)) - 017e5be7-1426-4da9-b186-145a579d4ee0: shutdown LeaderElection
2019-09-23 14:26:36,885 [017e5be7-1426-4da9-b186-145a579d4ee0@group-335CA7913064:LeaderElection81] INFO  impl.RaftServerImpl (RaftServerImpl.java:setRole(174)) - 017e5be7-1426-4da9-b186-145a579d4ee0@group-335CA7913064: changes role from CANDIDATE to LEADER at term 1 for changeToLeader
2019-09-23 14:26:36,885 [017e5be7-1426-4da9-b186-145a579d4ee0@group-335CA7913064:LeaderElection81] INFO  impl.RaftServerImpl (ServerState.java:setLeader(253)) - 017e5be7-1426-4da9-b186-145a579d4ee0@group-335CA7913064: change Leader from null to 017e5be7-1426-4da9-b186-145a579d4ee0 at term 1 for becomeLeader, leader elected after 5210ms
2019-09-23 14:26:36,886 [017e5be7-1426-4da9-b186-145a579d4ee0@group-335CA7913064:LeaderElection81] INFO  server.RaftServerConfigKeys (ConfUtils.java:logGet(43)) - raft.server.staging.catchup.gap = 1000 (default)
2019-09-23 14:26:36,886 [017e5be7-1426-4da9-b186-145a579d4ee0@group-335CA7913064:LeaderElection81] INFO  server.RaftServerConfigKeys (ConfUtils.java:logGet(43)) - raft.server.rpc.sleep.time = 25ms (default)
2019-09-23 14:26:36,886 [017e5be7-1426-4da9-b186-145a579d4ee0@group-335CA7913064:LeaderElection81] INFO  server.RaftServerConfigKeys (ConfUtils.java:logGet(43)) - raft.server.write.element-limit = 4096 (default)
2019-09-23 14:26:36,886 [017e5be7-1426-4da9-b186-145a579d4ee0@group-335CA7913064:LeaderElection81] INFO  server.RaftServerConfigKeys (ConfUtils.java:logGet(43)) - raft.server.watch.timeout = 10s (default)
2019-09-23 14:26:36,886 [017e5be7-1426-4da9-b186-145a579d4ee0@group-335CA7913064:LeaderElection81] INFO  server.RaftServerConfigKeys (ConfUtils.java:logGet(43)) - raft.server.watch.timeout.denomination = 1s (default)
2019-09-23 14:26:36,886 [017e5be7-1426-4da9-b186-145a579d4ee0@group-335CA7913064:LeaderElection81] INFO  server.RaftServerConfigKeys (ConfUtils.java:logGet(43)) - raft.server.watch.element-limit = 65536 (default)
2019-09-23 14:26:36,888 [017e5be7-1426-4da9-b186-145a579d4ee0@group-335CA7913064:LeaderElection81] INFO  impl.RoleInfo (RoleInfo.java:updateAndGet(143)) - 017e5be7-1426-4da9-b186-145a579d4ee0: start LeaderState
2019-09-23 14:26:36,889 [017e5be7-1426-4da9-b186-145a579d4ee0@group-335CA7913064:LeaderElection81] INFO  segmented.SegmentedRaftLogWorker (SegmentedRaftLogWorker.java:startLogSegment(380)) - 017e5be7-1426-4da9-b186-145a579d4ee0@group-335CA7913064-SegmentedRaftLogWorker: Starting segment from index:0
2019-09-23 14:26:36,889 [017e5be7-1426-4da9-b186-145a579d4ee0@group-335CA7913064:LeaderElection81] INFO  impl.RaftServerImpl (ServerState.java:setRaftConf(354)) - 017e5be7-1426-4da9-b186-145a579d4ee0@group-335CA7913064: set configuration 0: [017e5be7-1426-4da9-b186-145a579d4ee0:192.168.5.170:42635], old=null at 0
2019-09-23 14:26:36,901 [fece41c2-a052-4056-87bd-b7b03cf0a1ff@group-E6EF3198F51F:LeaderElection82] INFO  impl.LeaderElection (LeaderElection.java:askForVotes(182)) - fece41c2-a052-4056-87bd-b7b03cf0a1ff@group-E6EF3198F51F:LeaderElection82: begin an election at term 1 for -1: [fece41c2-a052-4056-87bd-b7b03cf0a1ff:192.168.5.170:34751], old=null
2019-09-23 14:26:36,901 [fece41c2-a052-4056-87bd-b7b03cf0a1ff@group-E6EF3198F51F:LeaderElection82] INFO  impl.RoleInfo (RoleInfo.java:shutdownLeaderElection(134)) - fece41c2-a052-4056-87bd-b7b03cf0a1ff: shutdown LeaderElection
2019-09-23 14:26:36,901 [30c43bb2-f349-4ad7-a94b-6a0167b10dd1@group-498702BB3BD2-SegmentedRaftLogWorker] INFO  segmented.SegmentedRaftLogWorker (SegmentedRaftLogWorker.java:execute(569)) - 30c43bb2-f349-4ad7-a94b-6a0167b10dd1@group-498702BB3BD2-SegmentedRaftLogWorker: created new log segment /workdir/hadoop-ozone/integration-test/target/test-dir/MiniOzoneClusterImpl-532f3ee3-dcd1-4407-90fc-0b419f7c30a5/datanode-5/data/ratis/6511d2b7-3742-46d1-ac32-498702bb3bd2/current/log_inprogress_0
2019-09-23 14:26:36,901 [fece41c2-a052-4056-87bd-b7b03cf0a1ff@group-E6EF3198F51F:LeaderElection82] INFO  impl.RaftServerImpl (RaftServerImpl.java:setRole(174)) - fece41c2-a052-4056-87bd-b7b03cf0a1ff@group-E6EF3198F51F: changes role from CANDIDATE to LEADER at term 1 for changeToLeader
2019-09-23 14:26:36,902 [fece41c2-a052-4056-87bd-b7b03cf0a1ff@group-E6EF3198F51F:LeaderElection82] INFO  impl.RaftServerImpl (ServerState.java:setLeader(253)) - fece41c2-a052-4056-87bd-b7b03cf0a1ff@group-E6EF3198F51F: change Leader from null to fece41c2-a052-4056-87bd-b7b03cf0a1ff at term 1 for becomeLeader, leader elected after 5120ms
2019-09-23 14:26:36,902 [fece41c2-a052-4056-87bd-b7b03cf0a1ff@group-E6EF3198F51F:LeaderElection82] INFO  server.RaftServerConfigKeys (ConfUtils.java:logGet(43)) - raft.server.staging.catchup.gap = 1000 (default)
2019-09-23 14:26:36,902 [fece41c2-a052-4056-87bd-b7b03cf0a1ff@group-E6EF3198F51F:LeaderElection82] INFO  server.RaftServerConfigKeys (ConfUtils.java:logGet(43)) - raft.server.rpc.sleep.time = 25ms (default)
2019-09-23 14:26:36,902 [fece41c2-a052-4056-87bd-b7b03cf0a1ff@group-E6EF3198F51F:LeaderElection82] INFO  server.RaftServerConfigKeys (ConfUtils.java:logGet(43)) - raft.server.write.element-limit = 4096 (default)
2019-09-23 14:26:36,902 [fece41c2-a052-4056-87bd-b7b03cf0a1ff@group-E6EF3198F51F:LeaderElection82] INFO  server.RaftServerConfigKeys (ConfUtils.java:logGet(43)) - raft.server.watch.timeout = 10s (default)
2019-09-23 14:26:36,903 [fece41c2-a052-4056-87bd-b7b03cf0a1ff@group-E6EF3198F51F:LeaderElection82] INFO  server.RaftServerConfigKeys (ConfUtils.java:logGet(43)) - raft.server.watch.timeout.denomination = 1s (default)
2019-09-23 14:26:36,903 [fece41c2-a052-4056-87bd-b7b03cf0a1ff@group-E6EF3198F51F:LeaderElection82] INFO  server.RaftServerConfigKeys (ConfUtils.java:logGet(43)) - raft.server.watch.element-limit = 65536 (default)
2019-09-23 14:26:36,905 [fece41c2-a052-4056-87bd-b7b03cf0a1ff@group-E6EF3198F51F:LeaderElection82] INFO  impl.RoleInfo (RoleInfo.java:updateAndGet(143)) - fece41c2-a052-4056-87bd-b7b03cf0a1ff: start LeaderState
2019-09-23 14:26:36,905 [fece41c2-a052-4056-87bd-b7b03cf0a1ff@group-E6EF3198F51F:LeaderElection82] INFO  segmented.SegmentedRaftLogWorker (SegmentedRaftLogWorker.java:startLogSegment(380)) - fece41c2-a052-4056-87bd-b7b03cf0a1ff@group-E6EF3198F51F-SegmentedRaftLogWorker: Starting segment from index:0
2019-09-23 14:26:36,906 [fece41c2-a052-4056-87bd-b7b03cf0a1ff@group-E6EF3198F51F:LeaderElection82] INFO  impl.RaftServerImpl (ServerState.java:setRaftConf(354)) - fece41c2-a052-4056-87bd-b7b03cf0a1ff@group-E6EF3198F51F: set configuration 0: [fece41c2-a052-4056-87bd-b7b03cf0a1ff:192.168.5.170:34751], old=null at 0
2019-09-23 14:26:36,964 [017e5be7-1426-4da9-b186-145a579d4ee0@group-335CA7913064-SegmentedRaftLogWorker] INFO  segmented.SegmentedRaftLogWorker (SegmentedRaftLogWorker.java:execute(569)) - 017e5be7-1426-4da9-b186-145a579d4ee0@group-335CA7913064-SegmentedRaftLogWorker: created new log segment /workdir/hadoop-ozone/integration-test/target/test-dir/MiniOzoneClusterImpl-532f3ee3-dcd1-4407-90fc-0b419f7c30a5/datanode-6/data/ratis/84fb5902-7434-4e77-af05-335ca7913064/current/log_inprogress_0
2019-09-23 14:26:36,995 [fece41c2-a052-4056-87bd-b7b03cf0a1ff@group-E6EF3198F51F-SegmentedRaftLogWorker] INFO  segmented.SegmentedRaftLogWorker (SegmentedRaftLogWorker.java:execute(569)) - fece41c2-a052-4056-87bd-b7b03cf0a1ff@group-E6EF3198F51F-SegmentedRaftLogWorker: created new log segment /workdir/hadoop-ozone/integration-test/target/test-dir/MiniOzoneClusterImpl-532f3ee3-dcd1-4407-90fc-0b419f7c30a5/datanode-3/data/ratis/943a1886-05da-4642-820f-e6ef3198f51f/current/log_inprogress_0
2019-09-23 14:26:37,064 [Thread-2323] INFO  impl.FollowerState (FollowerState.java:run(106)) - 30c43bb2-f349-4ad7-a94b-6a0167b10dd1:group-6BA4A2ED8711 changes to CANDIDATE, lastRpcTime:5053, electionTimeout:5053ms
2019-09-23 14:26:37,065 [Thread-2323] INFO  impl.RoleInfo (RoleInfo.java:shutdownFollowerState(121)) - 30c43bb2-f349-4ad7-a94b-6a0167b10dd1: shutdown FollowerState
2019-09-23 14:26:37,066 [Thread-2323] INFO  impl.RaftServerImpl (RaftServerImpl.java:setRole(174)) - 30c43bb2-f349-4ad7-a94b-6a0167b10dd1@group-6BA4A2ED8711: changes role from  FOLLOWER to CANDIDATE at term 0 for changeToCandidate
2019-09-23 14:26:37,105 [Thread-2318] INFO  impl.FollowerState (FollowerState.java:run(106)) - 93acd87b-0be1-42fa-bf93-807e5bd2aba9:group-3E4E43A405B7 changes to CANDIDATE, lastRpcTime:5200, electionTimeout:5200ms
2019-09-23 14:26:37,106 [Thread-2318] INFO  impl.RoleInfo (RoleInfo.java:shutdownFollowerState(121)) - 93acd87b-0be1-42fa-bf93-807e5bd2aba9: shutdown FollowerState
2019-09-23 14:26:37,106 [Thread-2318] INFO  impl.RaftServerImpl (RaftServerImpl.java:setRole(174)) - 93acd87b-0be1-42fa-bf93-807e5bd2aba9@group-3E4E43A405B7: changes role from  FOLLOWER to CANDIDATE at term 0 for changeToCandidate
2019-09-23 14:26:37,110 [Thread-2325] INFO  impl.FollowerState (FollowerState.java:run(106)) - 79507b5f-0296-465c-8ebd-539f5827c7b6:group-6BA4A2ED8711 changes to CANDIDATE, lastRpcTime:5097, electionTimeout:5097ms
2019-09-23 14:26:37,111 [Thread-2325] INFO  impl.RoleInfo (RoleInfo.java:shutdownFollowerState(121)) - 79507b5f-0296-465c-8ebd-539f5827c7b6: shutdown FollowerState
2019-09-23 14:26:37,111 [Thread-2325] INFO  impl.RaftServerImpl (RaftServerImpl.java:setRole(174)) - 79507b5f-0296-465c-8ebd-539f5827c7b6@group-6BA4A2ED8711: changes role from  FOLLOWER to CANDIDATE at term 0 for changeToCandidate
2019-09-23 14:26:37,119 [Thread-2330] INFO  impl.FollowerState (FollowerState.java:run(106)) - 017e5be7-1426-4da9-b186-145a579d4ee0:group-35EF9A9B6BAB changes to CANDIDATE, lastRpcTime:5012, electionTimeout:5012ms
2019-09-23 14:26:37,124 [Thread-2330] INFO  impl.RoleInfo (RoleInfo.java:shutdownFollowerState(121)) - 017e5be7-1426-4da9-b186-145a579d4ee0: shutdown FollowerState
2019-09-23 14:26:37,124 [Thread-2323] INFO  impl.RoleInfo (RoleInfo.java:updateAndGet(143)) - 30c43bb2-f349-4ad7-a94b-6a0167b10dd1: start LeaderElection
2019-09-23 14:26:37,124 [Thread-2330] INFO  impl.RaftServerImpl (RaftServerImpl.java:setRole(174)) - 017e5be7-1426-4da9-b186-145a579d4ee0@group-35EF9A9B6BAB: changes role from  FOLLOWER to CANDIDATE at term 0 for changeToCandidate
2019-09-23 14:26:37,124 [Thread-2318] INFO  impl.RoleInfo (RoleInfo.java:updateAndGet(143)) - 93acd87b-0be1-42fa-bf93-807e5bd2aba9: start LeaderElection
2019-09-23 14:26:37,124 [Thread-2330] INFO  impl.RoleInfo (RoleInfo.java:updateAndGet(143)) - 017e5be7-1426-4da9-b186-145a579d4ee0: start LeaderElection
2019-09-23 14:26:37,124 [Thread-2325] INFO  impl.RoleInfo (RoleInfo.java:updateAndGet(143)) - 79507b5f-0296-465c-8ebd-539f5827c7b6: start LeaderElection
2019-09-23 14:26:37,134 [Thread-2335] INFO  impl.FollowerState (FollowerState.java:run(106)) - cd091852-a212-4633-819f-9983cd12ad7d:group-35EF9A9B6BAB changes to CANDIDATE, lastRpcTime:5022, electionTimeout:5016ms
2019-09-23 14:26:37,146 [Thread-2335] INFO  impl.RoleInfo (RoleInfo.java:shutdownFollowerState(121)) - cd091852-a212-4633-819f-9983cd12ad7d: shutdown FollowerState
2019-09-23 14:26:37,146 [Thread-2335] INFO  impl.RaftServerImpl (RaftServerImpl.java:setRole(174)) - cd091852-a212-4633-819f-9983cd12ad7d@group-35EF9A9B6BAB: changes role from  FOLLOWER to CANDIDATE at term 0 for changeToCandidate
2019-09-23 14:26:37,146 [Thread-2335] INFO  impl.RoleInfo (RoleInfo.java:updateAndGet(143)) - cd091852-a212-4633-819f-9983cd12ad7d: start LeaderElection
2019-09-23 14:26:37,192 [Thread-2326] INFO  impl.FollowerState (FollowerState.java:run(106)) - d00dafbe-9fd5-45b7-a068-696ae0257592:group-6BA4A2ED8711 changes to CANDIDATE, lastRpcTime:5178, electionTimeout:5178ms
2019-09-23 14:26:37,192 [Thread-2326] INFO  impl.RoleInfo (RoleInfo.java:shutdownFollowerState(121)) - d00dafbe-9fd5-45b7-a068-696ae0257592: shutdown FollowerState
2019-09-23 14:26:37,192 [Thread-2326] INFO  impl.RaftServerImpl (RaftServerImpl.java:setRole(174)) - d00dafbe-9fd5-45b7-a068-696ae0257592@group-6BA4A2ED8711: changes role from  FOLLOWER to CANDIDATE at term 0 for changeToCandidate
2019-09-23 14:26:37,192 [Thread-2326] INFO  impl.RoleInfo (RoleInfo.java:updateAndGet(143)) - d00dafbe-9fd5-45b7-a068-696ae0257592: start LeaderElection
2019-09-23 14:26:37,201 [93acd87b-0be1-42fa-bf93-807e5bd2aba9@group-3E4E43A405B7:LeaderElection84] INFO  impl.LeaderElection (LeaderElection.java:askForVotes(182)) - 93acd87b-0be1-42fa-bf93-807e5bd2aba9@group-3E4E43A405B7:LeaderElection84: begin an election at term 1 for -1: [93acd87b-0be1-42fa-bf93-807e5bd2aba9:192.168.5.170:45881], old=null
2019-09-23 14:26:37,201 [93acd87b-0be1-42fa-bf93-807e5bd2aba9@group-3E4E43A405B7:LeaderElection84] INFO  impl.RoleInfo (RoleInfo.java:shutdownLeaderElection(134)) - 93acd87b-0be1-42fa-bf93-807e5bd2aba9: shutdown LeaderElection
2019-09-23 14:26:37,201 [93acd87b-0be1-42fa-bf93-807e5bd2aba9@group-3E4E43A405B7:LeaderElection84] INFO  impl.RaftServerImpl (RaftServerImpl.java:setRole(174)) - 93acd87b-0be1-42fa-bf93-807e5bd2aba9@group-3E4E43A405B7: changes role from CANDIDATE to LEADER at term 1 for changeToLeader
2019-09-23 14:26:37,201 [93acd87b-0be1-42fa-bf93-807e5bd2aba9@group-3E4E43A405B7:LeaderElection84] INFO  impl.RaftServerImpl (ServerState.java:setLeader(253)) - 93acd87b-0be1-42fa-bf93-807e5bd2aba9@group-3E4E43A405B7: change Leader from null to 93acd87b-0be1-42fa-bf93-807e5bd2aba9 at term 1 for becomeLeader, leader elected after 5304ms
2019-09-23 14:26:37,202 [93acd87b-0be1-42fa-bf93-807e5bd2aba9@group-3E4E43A405B7:LeaderElection84] INFO  server.RaftServerConfigKeys (ConfUtils.java:logGet(43)) - raft.server.staging.catchup.gap = 1000 (default)
2019-09-23 14:26:37,202 [93acd87b-0be1-42fa-bf93-807e5bd2aba9@group-3E4E43A405B7:LeaderElection84] INFO  server.RaftServerConfigKeys (ConfUtils.java:logGet(43)) - raft.server.rpc.sleep.time = 25ms (default)
2019-09-23 14:26:37,202 [93acd87b-0be1-42fa-bf93-807e5bd2aba9@group-3E4E43A405B7:LeaderElection84] INFO  server.RaftServerConfigKeys (ConfUtils.java:logGet(43)) - raft.server.write.element-limit = 4096 (default)
2019-09-23 14:26:37,202 [93acd87b-0be1-42fa-bf93-807e5bd2aba9@group-3E4E43A405B7:LeaderElection84] INFO  server.RaftServerConfigKeys (ConfUtils.java:logGet(43)) - raft.server.watch.timeout = 10s (default)
2019-09-23 14:26:37,202 [93acd87b-0be1-42fa-bf93-807e5bd2aba9@group-3E4E43A405B7:LeaderElection84] INFO  server.RaftServerConfigKeys (ConfUtils.java:logGet(43)) - raft.server.watch.timeout.denomination = 1s (default)
2019-09-23 14:26:37,202 [93acd87b-0be1-42fa-bf93-807e5bd2aba9@group-3E4E43A405B7:LeaderElection84] INFO  server.RaftServerConfigKeys (ConfUtils.java:logGet(43)) - raft.server.watch.element-limit = 65536 (default)
2019-09-23 14:26:37,206 [93acd87b-0be1-42fa-bf93-807e5bd2aba9@group-3E4E43A405B7:LeaderElection84] INFO  impl.RoleInfo (RoleInfo.java:updateAndGet(143)) - 93acd87b-0be1-42fa-bf93-807e5bd2aba9: start LeaderState
2019-09-23 14:26:37,206 [93acd87b-0be1-42fa-bf93-807e5bd2aba9@group-3E4E43A405B7:LeaderElection84] INFO  segmented.SegmentedRaftLogWorker (SegmentedRaftLogWorker.java:startLogSegment(380)) - 93acd87b-0be1-42fa-bf93-807e5bd2aba9@group-3E4E43A405B7-SegmentedRaftLogWorker: Starting segment from index:0
2019-09-23 14:26:37,207 [93acd87b-0be1-42fa-bf93-807e5bd2aba9@group-3E4E43A405B7:LeaderElection84] INFO  impl.RaftServerImpl (ServerState.java:setRaftConf(354)) - 93acd87b-0be1-42fa-bf93-807e5bd2aba9@group-3E4E43A405B7: set configuration 0: [93acd87b-0be1-42fa-bf93-807e5bd2aba9:192.168.5.170:45881], old=null at 0
2019-09-23 14:26:37,223 [79507b5f-0296-465c-8ebd-539f5827c7b6@group-6BA4A2ED8711:LeaderElection85] INFO  impl.LeaderElection (LeaderElection.java:askForVotes(182)) - 79507b5f-0296-465c-8ebd-539f5827c7b6@group-6BA4A2ED8711:LeaderElection85: begin an election at term 1 for -1: [30c43bb2-f349-4ad7-a94b-6a0167b10dd1:192.168.5.170:37482, 79507b5f-0296-465c-8ebd-539f5827c7b6:192.168.5.170:33306, d00dafbe-9fd5-45b7-a068-696ae0257592:192.168.5.170:43918], old=null
2019-09-23 14:26:37,223 [017e5be7-1426-4da9-b186-145a579d4ee0@group-35EF9A9B6BAB:LeaderElection86] INFO  impl.LeaderElection (LeaderElection.java:askForVotes(182)) - 017e5be7-1426-4da9-b186-145a579d4ee0@group-35EF9A9B6BAB:LeaderElection86: begin an election at term 1 for -1: [017e5be7-1426-4da9-b186-145a579d4ee0:192.168.5.170:42635, cd091852-a212-4633-819f-9983cd12ad7d:192.168.5.170:42532, fece41c2-a052-4056-87bd-b7b03cf0a1ff:192.168.5.170:34751], old=null
2019-09-23 14:26:37,223 [30c43bb2-f349-4ad7-a94b-6a0167b10dd1@group-6BA4A2ED8711:LeaderElection83] INFO  impl.LeaderElection (LeaderElection.java:askForVotes(182)) - 30c43bb2-f349-4ad7-a94b-6a0167b10dd1@group-6BA4A2ED8711:LeaderElection83: begin an election at term 1 for -1: [30c43bb2-f349-4ad7-a94b-6a0167b10dd1:192.168.5.170:37482, 79507b5f-0296-465c-8ebd-539f5827c7b6:192.168.5.170:33306, d00dafbe-9fd5-45b7-a068-696ae0257592:192.168.5.170:43918], old=null
2019-09-23 14:26:37,223 [cd091852-a212-4633-819f-9983cd12ad7d@group-35EF9A9B6BAB:LeaderElection87] INFO  impl.LeaderElection (LeaderElection.java:askForVotes(182)) - cd091852-a212-4633-819f-9983cd12ad7d@group-35EF9A9B6BAB:LeaderElection87: begin an election at term 1 for -1: [017e5be7-1426-4da9-b186-145a579d4ee0:192.168.5.170:42635, cd091852-a212-4633-819f-9983cd12ad7d:192.168.5.170:42532, fece41c2-a052-4056-87bd-b7b03cf0a1ff:192.168.5.170:34751], old=null
2019-09-23 14:26:37,248 [grpc-default-executor-6] INFO  impl.RaftServerImpl (RaftServerImpl.java:setRole(174)) - fece41c2-a052-4056-87bd-b7b03cf0a1ff@group-35EF9A9B6BAB: changes role from  FOLLOWER to FOLLOWER at term 1 for recognizeCandidate:017e5be7-1426-4da9-b186-145a579d4ee0
2019-09-23 14:26:37,248 [d00dafbe-9fd5-45b7-a068-696ae0257592@group-6BA4A2ED8711:LeaderElection88] INFO  impl.LeaderElection (LeaderElection.java:askForVotes(182)) - d00dafbe-9fd5-45b7-a068-696ae0257592@group-6BA4A2ED8711:LeaderElection88: begin an election at term 1 for -1: [30c43bb2-f349-4ad7-a94b-6a0167b10dd1:192.168.5.170:37482, 79507b5f-0296-465c-8ebd-539f5827c7b6:192.168.5.170:33306, d00dafbe-9fd5-45b7-a068-696ae0257592:192.168.5.170:43918], old=null
2019-09-23 14:26:37,248 [grpc-default-executor-6] INFO  impl.RoleInfo (RoleInfo.java:shutdownFollowerState(121)) - fece41c2-a052-4056-87bd-b7b03cf0a1ff: shutdown FollowerState
2019-09-23 14:26:37,249 [grpc-default-executor-6] INFO  impl.RoleInfo (RoleInfo.java:updateAndGet(143)) - fece41c2-a052-4056-87bd-b7b03cf0a1ff: start FollowerState
2019-09-23 14:26:37,249 [Thread-2334] INFO  impl.FollowerState (FollowerState.java:run(115)) - fece41c2-a052-4056-87bd-b7b03cf0a1ff: FollowerState was interrupted: java.lang.InterruptedException: sleep interrupted
2019-09-23 14:26:37,257 [79507b5f-0296-465c-8ebd-539f5827c7b6@group-6BA4A2ED8711:LeaderElection85] INFO  impl.LeaderElection (LeaderElection.java:logAndReturn(56)) - 79507b5f-0296-465c-8ebd-539f5827c7b6@group-6BA4A2ED8711:LeaderElection85: Election REJECTED; received 2 response(s) [79507b5f-0296-465c-8ebd-539f5827c7b6<-30c43bb2-f349-4ad7-a94b-6a0167b10dd1#0:FAIL-t1, 79507b5f-0296-465c-8ebd-539f5827c7b6<-d00dafbe-9fd5-45b7-a068-696ae0257592#0:FAIL-t1] and 0 exception(s); 79507b5f-0296-465c-8ebd-539f5827c7b6@group-6BA4A2ED8711:t1, leader=null, voted=79507b5f-0296-465c-8ebd-539f5827c7b6, raftlog=79507b5f-0296-465c-8ebd-539f5827c7b6@group-6BA4A2ED8711-SegmentedRaftLog:OPENED:c-1,f-1,i0, conf=-1: [30c43bb2-f349-4ad7-a94b-6a0167b10dd1:192.168.5.170:37482, 79507b5f-0296-465c-8ebd-539f5827c7b6:192.168.5.170:33306, d00dafbe-9fd5-45b7-a068-696ae0257592:192.168.5.170:43918], old=null
2019-09-23 14:26:37,257 [79507b5f-0296-465c-8ebd-539f5827c7b6@group-6BA4A2ED8711:LeaderElection85] INFO  impl.RaftServerImpl (RaftServerImpl.java:setRole(174)) - 79507b5f-0296-465c-8ebd-539f5827c7b6@group-6BA4A2ED8711: changes role from CANDIDATE to FOLLOWER at term 1 for DISCOVERED_A_NEW_TERM
2019-09-23 14:26:37,257 [79507b5f-0296-465c-8ebd-539f5827c7b6@group-6BA4A2ED8711:LeaderElection85] INFO  impl.RoleInfo (RoleInfo.java:shutdownLeaderElection(134)) - 79507b5f-0296-465c-8ebd-539f5827c7b6: shutdown LeaderElection
2019-09-23 14:26:37,257 [79507b5f-0296-465c-8ebd-539f5827c7b6@group-6BA4A2ED8711:LeaderElection85] INFO  impl.RoleInfo (RoleInfo.java:updateAndGet(143)) - 79507b5f-0296-465c-8ebd-539f5827c7b6: start FollowerState
2019-09-23 14:26:37,261 [30c43bb2-f349-4ad7-a94b-6a0167b10dd1@group-6BA4A2ED8711:LeaderElection83] INFO  impl.LeaderElection (LeaderElection.java:logAndReturn(56)) - 30c43bb2-f349-4ad7-a94b-6a0167b10dd1@group-6BA4A2ED8711:LeaderElection83: Election REJECTED; received 2 response(s) [30c43bb2-f349-4ad7-a94b-6a0167b10dd1<-79507b5f-0296-465c-8ebd-539f5827c7b6#0:FAIL-t1, 30c43bb2-f349-4ad7-a94b-6a0167b10dd1<-d00dafbe-9fd5-45b7-a068-696ae0257592#0:FAIL-t1] and 0 exception(s); 30c43bb2-f349-4ad7-a94b-6a0167b10dd1@group-6BA4A2ED8711:t1, leader=null, voted=30c43bb2-f349-4ad7-a94b-6a0167b10dd1, raftlog=30c43bb2-f349-4ad7-a94b-6a0167b10dd1@group-6BA4A2ED8711-SegmentedRaftLog:OPENED:c-1,f-1,i0, conf=-1: [30c43bb2-f349-4ad7-a94b-6a0167b10dd1:192.168.5.170:37482, 79507b5f-0296-465c-8ebd-539f5827c7b6:192.168.5.170:33306, d00dafbe-9fd5-45b7-a068-696ae0257592:192.168.5.170:43918], old=null
2019-09-23 14:26:37,263 [30c43bb2-f349-4ad7-a94b-6a0167b10dd1@group-6BA4A2ED8711:LeaderElection83] INFO  impl.RaftServerImpl (RaftServerImpl.java:setRole(174)) - 30c43bb2-f349-4ad7-a94b-6a0167b10dd1@group-6BA4A2ED8711: changes role from CANDIDATE to FOLLOWER at term 1 for DISCOVERED_A_NEW_TERM
2019-09-23 14:26:37,264 [30c43bb2-f349-4ad7-a94b-6a0167b10dd1@group-6BA4A2ED8711:LeaderElection83] INFO  impl.RoleInfo (RoleInfo.java:shutdownLeaderElection(134)) - 30c43bb2-f349-4ad7-a94b-6a0167b10dd1: shutdown LeaderElection
2019-09-23 14:26:37,264 [30c43bb2-f349-4ad7-a94b-6a0167b10dd1@group-6BA4A2ED8711:LeaderElection83] INFO  impl.RoleInfo (RoleInfo.java:updateAndGet(143)) - 30c43bb2-f349-4ad7-a94b-6a0167b10dd1: start FollowerState
2019-09-23 14:26:37,268 [d00dafbe-9fd5-45b7-a068-696ae0257592@group-6BA4A2ED8711:LeaderElection88] INFO  impl.LeaderElection (LeaderElection.java:logAndReturn(56)) - d00dafbe-9fd5-45b7-a068-696ae0257592@group-6BA4A2ED8711:LeaderElection88: Election REJECTED; received 2 response(s) [d00dafbe-9fd5-45b7-a068-696ae0257592<-30c43bb2-f349-4ad7-a94b-6a0167b10dd1#0:FAIL-t1, d00dafbe-9fd5-45b7-a068-696ae0257592<-79507b5f-0296-465c-8ebd-539f5827c7b6#0:FAIL-t1] and 0 exception(s); d00dafbe-9fd5-45b7-a068-696ae0257592@group-6BA4A2ED8711:t1, leader=null, voted=d00dafbe-9fd5-45b7-a068-696ae0257592, raftlog=d00dafbe-9fd5-45b7-a068-696ae0257592@group-6BA4A2ED8711-SegmentedRaftLog:OPENED:c-1,f-1,i0, conf=-1: [30c43bb2-f349-4ad7-a94b-6a0167b10dd1:192.168.5.170:37482, 79507b5f-0296-465c-8ebd-539f5827c7b6:192.168.5.170:33306, d00dafbe-9fd5-45b7-a068-696ae0257592:192.168.5.170:43918], old=null
2019-09-23 14:26:37,271 [d00dafbe-9fd5-45b7-a068-696ae0257592@group-6BA4A2ED8711:LeaderElection88] INFO  impl.RaftServerImpl (RaftServerImpl.java:setRole(174)) - d00dafbe-9fd5-45b7-a068-696ae0257592@group-6BA4A2ED8711: changes role from CANDIDATE to FOLLOWER at term 1 for DISCOVERED_A_NEW_TERM
2019-09-23 14:26:37,271 [d00dafbe-9fd5-45b7-a068-696ae0257592@group-6BA4A2ED8711:LeaderElection88] INFO  impl.RoleInfo (RoleInfo.java:shutdownLeaderElection(134)) - d00dafbe-9fd5-45b7-a068-696ae0257592: shutdown LeaderElection
2019-09-23 14:26:37,271 [d00dafbe-9fd5-45b7-a068-696ae0257592@group-6BA4A2ED8711:LeaderElection88] INFO  impl.RoleInfo (RoleInfo.java:updateAndGet(143)) - d00dafbe-9fd5-45b7-a068-696ae0257592: start FollowerState
2019-09-23 14:26:37,303 [93acd87b-0be1-42fa-bf93-807e5bd2aba9@group-3E4E43A405B7-SegmentedRaftLogWorker] INFO  segmented.SegmentedRaftLogWorker (SegmentedRaftLogWorker.java:execute(569)) - 93acd87b-0be1-42fa-bf93-807e5bd2aba9@group-3E4E43A405B7-SegmentedRaftLogWorker: created new log segment /workdir/hadoop-ozone/integration-test/target/test-dir/MiniOzoneClusterImpl-532f3ee3-dcd1-4407-90fc-0b419f7c30a5/datanode-4/data/ratis/9582bb9b-aff4-4af4-a826-3e4e43a405b7/current/log_inprogress_0
2019-09-23 14:26:37,307 [cd091852-a212-4633-819f-9983cd12ad7d@group-35EF9A9B6BAB:LeaderElection87] INFO  impl.LeaderElection (LeaderElection.java:logAndReturn(56)) - cd091852-a212-4633-819f-9983cd12ad7d@group-35EF9A9B6BAB:LeaderElection87: Election REJECTED; received 2 response(s) [cd091852-a212-4633-819f-9983cd12ad7d<-017e5be7-1426-4da9-b186-145a579d4ee0#0:FAIL-t1, cd091852-a212-4633-819f-9983cd12ad7d<-fece41c2-a052-4056-87bd-b7b03cf0a1ff#0:FAIL-t1] and 0 exception(s); cd091852-a212-4633-819f-9983cd12ad7d@group-35EF9A9B6BAB:t1, leader=null, voted=cd091852-a212-4633-819f-9983cd12ad7d, raftlog=cd091852-a212-4633-819f-9983cd12ad7d@group-35EF9A9B6BAB-SegmentedRaftLog:OPENED:c-1,f-1,i0, conf=-1: [017e5be7-1426-4da9-b186-145a579d4ee0:192.168.5.170:42635, cd091852-a212-4633-819f-9983cd12ad7d:192.168.5.170:42532, fece41c2-a052-4056-87bd-b7b03cf0a1ff:192.168.5.170:34751], old=null
2019-09-23 14:26:37,307 [017e5be7-1426-4da9-b186-145a579d4ee0@group-35EF9A9B6BAB:LeaderElection86] INFO  impl.LeaderElection (LeaderElection.java:logAndReturn(56)) - 017e5be7-1426-4da9-b186-145a579d4ee0@group-35EF9A9B6BAB:LeaderElection86: Election PASSED; received 2 response(s) [017e5be7-1426-4da9-b186-145a579d4ee0<-cd091852-a212-4633-819f-9983cd12ad7d#0:FAIL-t1, 017e5be7-1426-4da9-b186-145a579d4ee0<-fece41c2-a052-4056-87bd-b7b03cf0a1ff#0:OK-t1] and 0 exception(s); 017e5be7-1426-4da9-b186-145a579d4ee0@group-35EF9A9B6BAB:t1, leader=null, voted=017e5be7-1426-4da9-b186-145a579d4ee0, raftlog=017e5be7-1426-4da9-b186-145a579d4ee0@group-35EF9A9B6BAB-SegmentedRaftLog:OPENED:c-1,f-1,i0, conf=-1: [017e5be7-1426-4da9-b186-145a579d4ee0:192.168.5.170:42635, cd091852-a212-4633-819f-9983cd12ad7d:192.168.5.170:42532, fece41c2-a052-4056-87bd-b7b03cf0a1ff:192.168.5.170:34751], old=null
2019-09-23 14:26:37,307 [cd091852-a212-4633-819f-9983cd12ad7d@group-35EF9A9B6BAB:LeaderElection87] INFO  impl.RaftServerImpl (RaftServerImpl.java:setRole(174)) - cd091852-a212-4633-819f-9983cd12ad7d@group-35EF9A9B6BAB: changes role from CANDIDATE to FOLLOWER at term 1 for DISCOVERED_A_NEW_TERM
2019-09-23 14:26:37,307 [017e5be7-1426-4da9-b186-145a579d4ee0@group-35EF9A9B6BAB:LeaderElection86] INFO  impl.RoleInfo (RoleInfo.java:shutdownLeaderElection(134)) - 017e5be7-1426-4da9-b186-145a579d4ee0: shutdown LeaderElection
2019-09-23 14:26:37,312 [017e5be7-1426-4da9-b186-145a579d4ee0@group-35EF9A9B6BAB:LeaderElection86] INFO  impl.RaftServerImpl (RaftServerImpl.java:setRole(174)) - 017e5be7-1426-4da9-b186-145a579d4ee0@group-35EF9A9B6BAB: changes role from CANDIDATE to LEADER at term 1 for changeToLeader
2019-09-23 14:26:37,312 [cd091852-a212-4633-819f-9983cd12ad7d@group-35EF9A9B6BAB:LeaderElection87] INFO  impl.RoleInfo (RoleInfo.java:shutdownLeaderElection(134)) - cd091852-a212-4633-819f-9983cd12ad7d: shutdown LeaderElection
2019-09-23 14:26:37,312 [017e5be7-1426-4da9-b186-145a579d4ee0@group-35EF9A9B6BAB:LeaderElection86] INFO  impl.RaftServerImpl (ServerState.java:setLeader(253)) - 017e5be7-1426-4da9-b186-145a579d4ee0@group-35EF9A9B6BAB: change Leader from null to 017e5be7-1426-4da9-b186-145a579d4ee0 at term 1 for becomeLeader, leader elected after 5216ms
2019-09-23 14:26:37,312 [cd091852-a212-4633-819f-9983cd12ad7d@group-35EF9A9B6BAB:LeaderElection87] INFO  impl.RoleInfo (RoleInfo.java:updateAndGet(143)) - cd091852-a212-4633-819f-9983cd12ad7d: start FollowerState
2019-09-23 14:26:37,312 [017e5be7-1426-4da9-b186-145a579d4ee0@group-35EF9A9B6BAB:LeaderElection86] INFO  server.RaftServerConfigKeys (ConfUtils.java:logGet(43)) - raft.server.staging.catchup.gap = 1000 (default)
2019-09-23 14:26:37,313 [017e5be7-1426-4da9-b186-145a579d4ee0@group-35EF9A9B6BAB:LeaderElection86] INFO  server.RaftServerConfigKeys (ConfUtils.java:logGet(43)) - raft.server.rpc.sleep.time = 25ms (default)
2019-09-23 14:26:37,313 [017e5be7-1426-4da9-b186-145a579d4ee0@group-35EF9A9B6BAB:LeaderElection86] INFO  server.RaftServerConfigKeys (ConfUtils.java:logGet(43)) - raft.server.write.element-limit = 4096 (default)
2019-09-23 14:26:37,313 [017e5be7-1426-4da9-b186-145a579d4ee0@group-35EF9A9B6BAB:LeaderElection86] INFO  server.RaftServerConfigKeys (ConfUtils.java:logGet(43)) - raft.server.watch.timeout = 10s (default)
2019-09-23 14:26:37,313 [017e5be7-1426-4da9-b186-145a579d4ee0@group-35EF9A9B6BAB:LeaderElection86] INFO  server.RaftServerConfigKeys (ConfUtils.java:logGet(43)) - raft.server.watch.timeout.denomination = 1s (default)
2019-09-23 14:26:37,313 [017e5be7-1426-4da9-b186-145a579d4ee0@group-35EF9A9B6BAB:LeaderElection86] INFO  server.RaftServerConfigKeys (ConfUtils.java:logGet(43)) - raft.server.watch.element-limit = 65536 (default)
2019-09-23 14:26:37,315 [017e5be7-1426-4da9-b186-145a579d4ee0@group-35EF9A9B6BAB:LeaderElection86] INFO  server.RaftServerConfigKeys (ConfUtils.java:logGet(43)) - raft.server.log.appender.snapshot.chunk.size.max = 16MB (=16777216) (default)
2019-09-23 14:26:37,315 [017e5be7-1426-4da9-b186-145a579d4ee0@group-35EF9A9B6BAB:LeaderElection86] INFO  server.RaftServerConfigKeys (ConfUtils.java:logGet(43)) - raft.server.log.appender.buffer.byte-limit = 33554432 (custom)
2019-09-23 14:26:37,315 [017e5be7-1426-4da9-b186-145a579d4ee0@group-35EF9A9B6BAB:LeaderElection86] INFO  server.RaftServerConfigKeys (ConfUtils.java:logGet(43)) - raft.server.log.appender.buffer.element-limit = 1 (custom)
2019-09-23 14:26:37,315 [017e5be7-1426-4da9-b186-145a579d4ee0@group-35EF9A9B6BAB:LeaderElection86] INFO  grpc.GrpcConfigKeys$Server (ConfUtils.java:logGet(43)) - raft.grpc.server.leader.outstanding.appends.max = 128 (default)
2019-09-23 14:26:37,315 [017e5be7-1426-4da9-b186-145a579d4ee0@group-35EF9A9B6BAB:LeaderElection86] INFO  server.RaftServerConfigKeys (ConfUtils.java:logGet(43)) - raft.server.rpc.request.timeout = 3000ms (default)
2019-09-23 14:26:37,316 [017e5be7-1426-4da9-b186-145a579d4ee0@group-35EF9A9B6BAB:LeaderElection86] INFO  server.RaftServerConfigKeys (ConfUtils.java:logGet(43)) - raft.server.log.appender.install.snapshot.enabled = false (custom)
2019-09-23 14:26:37,316 [017e5be7-1426-4da9-b186-145a579d4ee0@group-35EF9A9B6BAB:LeaderElection86] INFO  server.RaftServerConfigKeys (ConfUtils.java:logGet(43)) - raft.server.log.appender.snapshot.chunk.size.max = 16MB (=16777216) (default)
2019-09-23 14:26:37,316 [017e5be7-1426-4da9-b186-145a579d4ee0@group-35EF9A9B6BAB:LeaderElection86] INFO  server.RaftServerConfigKeys (ConfUtils.java:logGet(43)) - raft.server.log.appender.buffer.byte-limit = 33554432 (custom)
2019-09-23 14:26:37,316 [017e5be7-1426-4da9-b186-145a579d4ee0@group-35EF9A9B6BAB:LeaderElection86] INFO  server.RaftServerConfigKeys (ConfUtils.java:logGet(43)) - raft.server.log.appender.buffer.element-limit = 1 (custom)
2019-09-23 14:26:37,316 [017e5be7-1426-4da9-b186-145a579d4ee0@group-35EF9A9B6BAB:LeaderElection86] INFO  grpc.GrpcConfigKeys$Server (ConfUtils.java:logGet(43)) - raft.grpc.server.leader.outstanding.appends.max = 128 (default)
2019-09-23 14:26:37,316 [017e5be7-1426-4da9-b186-145a579d4ee0@group-35EF9A9B6BAB:LeaderElection86] INFO  server.RaftServerConfigKeys (ConfUtils.java:logGet(43)) - raft.server.rpc.request.timeout = 3000ms (default)
2019-09-23 14:26:37,316 [017e5be7-1426-4da9-b186-145a579d4ee0@group-35EF9A9B6BAB:LeaderElection86] INFO  server.RaftServerConfigKeys (ConfUtils.java:logGet(43)) - raft.server.log.appender.install.snapshot.enabled = false (custom)
2019-09-23 14:26:37,317 [017e5be7-1426-4da9-b186-145a579d4ee0@group-35EF9A9B6BAB:LeaderElection86] INFO  impl.RoleInfo (RoleInfo.java:updateAndGet(143)) - 017e5be7-1426-4da9-b186-145a579d4ee0: start LeaderState
2019-09-23 14:26:37,317 [017e5be7-1426-4da9-b186-145a579d4ee0@group-35EF9A9B6BAB:LeaderElection86] INFO  segmented.SegmentedRaftLogWorker (SegmentedRaftLogWorker.java:startLogSegment(380)) - 017e5be7-1426-4da9-b186-145a579d4ee0@group-35EF9A9B6BAB-SegmentedRaftLogWorker: Starting segment from index:0
2019-09-23 14:26:37,317 [017e5be7-1426-4da9-b186-145a579d4ee0@group-35EF9A9B6BAB:LeaderElection86] INFO  impl.RaftServerImpl (ServerState.java:setRaftConf(354)) - 017e5be7-1426-4da9-b186-145a579d4ee0@group-35EF9A9B6BAB: set configuration 0: [017e5be7-1426-4da9-b186-145a579d4ee0:192.168.5.170:42635, cd091852-a212-4633-819f-9983cd12ad7d:192.168.5.170:42532, fece41c2-a052-4056-87bd-b7b03cf0a1ff:192.168.5.170:34751], old=null at 0
2019-09-23 14:26:37,375 [grpc-default-executor-6] INFO  impl.RaftServerImpl (ServerState.java:setLeader(253)) - cd091852-a212-4633-819f-9983cd12ad7d@group-35EF9A9B6BAB: change Leader from null to 017e5be7-1426-4da9-b186-145a579d4ee0 at term 1 for appendEntries, leader elected after 5279ms
2019-09-23 14:26:37,375 [grpc-default-executor-8] INFO  impl.RaftServerImpl (ServerState.java:setLeader(253)) - fece41c2-a052-4056-87bd-b7b03cf0a1ff@group-35EF9A9B6BAB: change Leader from null to 017e5be7-1426-4da9-b186-145a579d4ee0 at term 1 for appendEntries, leader elected after 5278ms
2019-09-23 14:26:37,378 [grpc-default-executor-6] INFO  impl.RaftServerImpl (ServerState.java:setRaftConf(354)) - cd091852-a212-4633-819f-9983cd12ad7d@group-35EF9A9B6BAB: set configuration 0: [017e5be7-1426-4da9-b186-145a579d4ee0:192.168.5.170:42635, cd091852-a212-4633-819f-9983cd12ad7d:192.168.5.170:42532, fece41c2-a052-4056-87bd-b7b03cf0a1ff:192.168.5.170:34751], old=null at 0
2019-09-23 14:26:37,378 [grpc-default-executor-8] INFO  impl.RaftServerImpl (ServerState.java:setRaftConf(354)) - fece41c2-a052-4056-87bd-b7b03cf0a1ff@group-35EF9A9B6BAB: set configuration 0: [017e5be7-1426-4da9-b186-145a579d4ee0:192.168.5.170:42635, cd091852-a212-4633-819f-9983cd12ad7d:192.168.5.170:42532, fece41c2-a052-4056-87bd-b7b03cf0a1ff:192.168.5.170:34751], old=null at 0
2019-09-23 14:26:37,379 [grpc-default-executor-6] INFO  segmented.SegmentedRaftLogWorker (SegmentedRaftLogWorker.java:startLogSegment(380)) - cd091852-a212-4633-819f-9983cd12ad7d@group-35EF9A9B6BAB-SegmentedRaftLogWorker: Starting segment from index:0
2019-09-23 14:26:37,379 [grpc-default-executor-8] INFO  segmented.SegmentedRaftLogWorker (SegmentedRaftLogWorker.java:startLogSegment(380)) - fece41c2-a052-4056-87bd-b7b03cf0a1ff@group-35EF9A9B6BAB-SegmentedRaftLogWorker: Starting segment from index:0
2019-09-23 14:26:37,419 [017e5be7-1426-4da9-b186-145a579d4ee0@group-35EF9A9B6BAB-SegmentedRaftLogWorker] INFO  segmented.SegmentedRaftLogWorker (SegmentedRaftLogWorker.java:execute(569)) - 017e5be7-1426-4da9-b186-145a579d4ee0@group-35EF9A9B6BAB-SegmentedRaftLogWorker: created new log segment /workdir/hadoop-ozone/integration-test/target/test-dir/MiniOzoneClusterImpl-532f3ee3-dcd1-4407-90fc-0b419f7c30a5/datanode-6/data/ratis/99fb5bb3-09be-4dd9-b508-35ef9a9b6bab/current/log_inprogress_0
2019-09-23 14:26:37,455 [fece41c2-a052-4056-87bd-b7b03cf0a1ff@group-35EF9A9B6BAB-SegmentedRaftLogWorker] INFO  segmented.SegmentedRaftLogWorker (SegmentedRaftLogWorker.java:execute(569)) - fece41c2-a052-4056-87bd-b7b03cf0a1ff@group-35EF9A9B6BAB-SegmentedRaftLogWorker: created new log segment /workdir/hadoop-ozone/integration-test/target/test-dir/MiniOzoneClusterImpl-532f3ee3-dcd1-4407-90fc-0b419f7c30a5/datanode-3/data/ratis/99fb5bb3-09be-4dd9-b508-35ef9a9b6bab/current/log_inprogress_0
2019-09-23 14:26:37,455 [cd091852-a212-4633-819f-9983cd12ad7d@group-35EF9A9B6BAB-SegmentedRaftLogWorker] INFO  segmented.SegmentedRaftLogWorker (SegmentedRaftLogWorker.java:execute(569)) - cd091852-a212-4633-819f-9983cd12ad7d@group-35EF9A9B6BAB-SegmentedRaftLogWorker: created new log segment /workdir/hadoop-ozone/integration-test/target/test-dir/MiniOzoneClusterImpl-532f3ee3-dcd1-4407-90fc-0b419f7c30a5/datanode-2/data/ratis/99fb5bb3-09be-4dd9-b508-35ef9a9b6bab/current/log_inprogress_0
2019-09-23 14:26:42,316 [Thread-2384] INFO  impl.FollowerState (FollowerState.java:run(106)) - d00dafbe-9fd5-45b7-a068-696ae0257592:group-6BA4A2ED8711 changes to CANDIDATE, lastRpcTime:5045, electionTimeout:5043ms
2019-09-23 14:26:42,317 [Thread-2384] INFO  impl.RoleInfo (RoleInfo.java:shutdownFollowerState(121)) - d00dafbe-9fd5-45b7-a068-696ae0257592: shutdown FollowerState
2019-09-23 14:26:42,317 [Thread-2384] INFO  impl.RaftServerImpl (RaftServerImpl.java:setRole(174)) - d00dafbe-9fd5-45b7-a068-696ae0257592@group-6BA4A2ED8711: changes role from  FOLLOWER to CANDIDATE at term 1 for changeToCandidate
2019-09-23 14:26:42,318 [Thread-2384] INFO  impl.RoleInfo (RoleInfo.java:updateAndGet(143)) - d00dafbe-9fd5-45b7-a068-696ae0257592: start LeaderElection
2019-09-23 14:26:42,348 [Thread-2383] INFO  impl.FollowerState (FollowerState.java:run(106)) - 30c43bb2-f349-4ad7-a94b-6a0167b10dd1:group-6BA4A2ED8711 changes to CANDIDATE, lastRpcTime:5084, electionTimeout:5082ms
2019-09-23 14:26:42,349 [Thread-2383] INFO  impl.RoleInfo (RoleInfo.java:shutdownFollowerState(121)) - 30c43bb2-f349-4ad7-a94b-6a0167b10dd1: shutdown FollowerState
2019-09-23 14:26:42,349 [Thread-2383] INFO  impl.RaftServerImpl (RaftServerImpl.java:setRole(174)) - 30c43bb2-f349-4ad7-a94b-6a0167b10dd1@group-6BA4A2ED8711: changes role from  FOLLOWER to CANDIDATE at term 1 for changeToCandidate
2019-09-23 14:26:42,349 [Thread-2383] INFO  impl.RoleInfo (RoleInfo.java:updateAndGet(143)) - 30c43bb2-f349-4ad7-a94b-6a0167b10dd1: start LeaderElection
2019-09-23 14:26:42,404 [Thread-2381] INFO  impl.FollowerState (FollowerState.java:run(106)) - 79507b5f-0296-465c-8ebd-539f5827c7b6:group-6BA4A2ED8711 changes to CANDIDATE, lastRpcTime:5146, electionTimeout:5146ms
2019-09-23 14:26:42,404 [Thread-2381] INFO  impl.RoleInfo (RoleInfo.java:shutdownFollowerState(121)) - 79507b5f-0296-465c-8ebd-539f5827c7b6: shutdown FollowerState
2019-09-23 14:26:42,404 [Thread-2381] INFO  impl.RaftServerImpl (RaftServerImpl.java:setRole(174)) - 79507b5f-0296-465c-8ebd-539f5827c7b6@group-6BA4A2ED8711: changes role from  FOLLOWER to CANDIDATE at term 1 for changeToCandidate
2019-09-23 14:26:42,405 [Thread-2381] INFO  impl.RoleInfo (RoleInfo.java:updateAndGet(143)) - 79507b5f-0296-465c-8ebd-539f5827c7b6: start LeaderElection
2019-09-23 14:26:43,241 [d00dafbe-9fd5-45b7-a068-696ae0257592@group-6BA4A2ED8711:LeaderElection89] INFO  impl.LeaderElection (LeaderElection.java:askForVotes(182)) - d00dafbe-9fd5-45b7-a068-696ae0257592@group-6BA4A2ED8711:LeaderElection89: begin an election at term 2 for -1: [30c43bb2-f349-4ad7-a94b-6a0167b10dd1:192.168.5.170:37482, 79507b5f-0296-465c-8ebd-539f5827c7b6:192.168.5.170:33306, d00dafbe-9fd5-45b7-a068-696ae0257592:192.168.5.170:43918], old=null
2019-09-23 14:26:44,269 [79507b5f-0296-465c-8ebd-539f5827c7b6@group-6BA4A2ED8711:LeaderElection91] INFO  impl.LeaderElection (LeaderElection.java:askForVotes(182)) - 79507b5f-0296-465c-8ebd-539f5827c7b6@group-6BA4A2ED8711:LeaderElection91: begin an election at term 2 for -1: [30c43bb2-f349-4ad7-a94b-6a0167b10dd1:192.168.5.170:37482, 79507b5f-0296-465c-8ebd-539f5827c7b6:192.168.5.170:33306, d00dafbe-9fd5-45b7-a068-696ae0257592:192.168.5.170:43918], old=null
2019-09-23 14:26:44,269 [30c43bb2-f349-4ad7-a94b-6a0167b10dd1@group-6BA4A2ED8711:LeaderElection90] INFO  impl.LeaderElection (LeaderElection.java:askForVotes(182)) - 30c43bb2-f349-4ad7-a94b-6a0167b10dd1@group-6BA4A2ED8711:LeaderElection90: begin an election at term 2 for -1: [30c43bb2-f349-4ad7-a94b-6a0167b10dd1:192.168.5.170:37482, 79507b5f-0296-465c-8ebd-539f5827c7b6:192.168.5.170:33306, d00dafbe-9fd5-45b7-a068-696ae0257592:192.168.5.170:43918], old=null
2019-09-23 14:26:44,272 [d00dafbe-9fd5-45b7-a068-696ae0257592@group-6BA4A2ED8711:LeaderElection89] INFO  impl.LeaderElection (LeaderElection.java:logAndReturn(56)) - d00dafbe-9fd5-45b7-a068-696ae0257592@group-6BA4A2ED8711:LeaderElection89: Election REJECTED; received 2 response(s) [d00dafbe-9fd5-45b7-a068-696ae0257592<-30c43bb2-f349-4ad7-a94b-6a0167b10dd1#0:FAIL-t2, d00dafbe-9fd5-45b7-a068-696ae0257592<-79507b5f-0296-465c-8ebd-539f5827c7b6#0:FAIL-t2] and 0 exception(s); d00dafbe-9fd5-45b7-a068-696ae0257592@group-6BA4A2ED8711:t2, leader=null, voted=d00dafbe-9fd5-45b7-a068-696ae0257592, raftlog=d00dafbe-9fd5-45b7-a068-696ae0257592@group-6BA4A2ED8711-SegmentedRaftLog:OPENED:c-1,f-1,i0, conf=-1: [30c43bb2-f349-4ad7-a94b-6a0167b10dd1:192.168.5.170:37482, 79507b5f-0296-465c-8ebd-539f5827c7b6:192.168.5.170:33306, d00dafbe-9fd5-45b7-a068-696ae0257592:192.168.5.170:43918], old=null
2019-09-23 14:26:44,273 [d00dafbe-9fd5-45b7-a068-696ae0257592@group-6BA4A2ED8711:LeaderElection89] INFO  impl.RaftServerImpl (RaftServerImpl.java:setRole(174)) - d00dafbe-9fd5-45b7-a068-696ae0257592@group-6BA4A2ED8711: changes role from CANDIDATE to FOLLOWER at term 2 for DISCOVERED_A_NEW_TERM
2019-09-23 14:26:44,273 [d00dafbe-9fd5-45b7-a068-696ae0257592@group-6BA4A2ED8711:LeaderElection89] INFO  impl.RoleInfo (RoleInfo.java:shutdownLeaderElection(134)) - d00dafbe-9fd5-45b7-a068-696ae0257592: shutdown LeaderElection
2019-09-23 14:26:44,273 [d00dafbe-9fd5-45b7-a068-696ae0257592@group-6BA4A2ED8711:LeaderElection89] INFO  impl.RoleInfo (RoleInfo.java:updateAndGet(143)) - d00dafbe-9fd5-45b7-a068-696ae0257592: start FollowerState
2019-09-23 14:26:44,274 [30c43bb2-f349-4ad7-a94b-6a0167b10dd1@group-6BA4A2ED8711:LeaderElection90] INFO  impl.LeaderElection (LeaderElection.java:logAndReturn(56)) - 30c43bb2-f349-4ad7-a94b-6a0167b10dd1@group-6BA4A2ED8711:LeaderElection90: Election REJECTED; received 2 response(s) [30c43bb2-f349-4ad7-a94b-6a0167b10dd1<-79507b5f-0296-465c-8ebd-539f5827c7b6#0:FAIL-t2, 30c43bb2-f349-4ad7-a94b-6a0167b10dd1<-d00dafbe-9fd5-45b7-a068-696ae0257592#0:FAIL-t2] and 0 exception(s); 30c43bb2-f349-4ad7-a94b-6a0167b10dd1@group-6BA4A2ED8711:t2, leader=null, voted=30c43bb2-f349-4ad7-a94b-6a0167b10dd1, raftlog=30c43bb2-f349-4ad7-a94b-6a0167b10dd1@group-6BA4A2ED8711-SegmentedRaftLog:OPENED:c-1,f-1,i0, conf=-1: [30c43bb2-f349-4ad7-a94b-6a0167b10dd1:192.168.5.170:37482, 79507b5f-0296-465c-8ebd-539f5827c7b6:192.168.5.170:33306, d00dafbe-9fd5-45b7-a068-696ae0257592:192.168.5.170:43918], old=null
2019-09-23 14:26:44,279 [30c43bb2-f349-4ad7-a94b-6a0167b10dd1@group-6BA4A2ED8711:LeaderElection90] INFO  impl.RaftServerImpl (RaftServerImpl.java:setRole(174)) - 30c43bb2-f349-4ad7-a94b-6a0167b10dd1@group-6BA4A2ED8711: changes role from CANDIDATE to FOLLOWER at term 2 for DISCOVERED_A_NEW_TERM
2019-09-23 14:26:44,279 [30c43bb2-f349-4ad7-a94b-6a0167b10dd1@group-6BA4A2ED8711:LeaderElection90] INFO  impl.RoleInfo (RoleInfo.java:shutdownLeaderElection(134)) - 30c43bb2-f349-4ad7-a94b-6a0167b10dd1: shutdown LeaderElection
2019-09-23 14:26:44,279 [30c43bb2-f349-4ad7-a94b-6a0167b10dd1@group-6BA4A2ED8711:LeaderElection90] INFO  impl.RoleInfo (RoleInfo.java:updateAndGet(143)) - 30c43bb2-f349-4ad7-a94b-6a0167b10dd1: start FollowerState
2019-09-23 14:26:44,279 [79507b5f-0296-465c-8ebd-539f5827c7b6@group-6BA4A2ED8711:LeaderElection91] INFO  impl.LeaderElection (LeaderElection.java:logAndReturn(56)) - 79507b5f-0296-465c-8ebd-539f5827c7b6@group-6BA4A2ED8711:LeaderElection91: Election REJECTED; received 2 response(s) [79507b5f-0296-465c-8ebd-539f5827c7b6<-30c43bb2-f349-4ad7-a94b-6a0167b10dd1#0:FAIL-t2, 79507b5f-0296-465c-8ebd-539f5827c7b6<-d00dafbe-9fd5-45b7-a068-696ae0257592#0:FAIL-t2] and 0 exception(s); 79507b5f-0296-465c-8ebd-539f5827c7b6@group-6BA4A2ED8711:t2, leader=null, voted=79507b5f-0296-465c-8ebd-539f5827c7b6, raftlog=79507b5f-0296-465c-8ebd-539f5827c7b6@group-6BA4A2ED8711-SegmentedRaftLog:OPENED:c-1,f-1,i0, conf=-1: [30c43bb2-f349-4ad7-a94b-6a0167b10dd1:192.168.5.170:37482, 79507b5f-0296-465c-8ebd-539f5827c7b6:192.168.5.170:33306, d00dafbe-9fd5-45b7-a068-696ae0257592:192.168.5.170:43918], old=null
2019-09-23 14:26:44,282 [79507b5f-0296-465c-8ebd-539f5827c7b6@group-6BA4A2ED8711:LeaderElection91] INFO  impl.RaftServerImpl (RaftServerImpl.java:setRole(174)) - 79507b5f-0296-465c-8ebd-539f5827c7b6@group-6BA4A2ED8711: changes role from CANDIDATE to FOLLOWER at term 2 for DISCOVERED_A_NEW_TERM
2019-09-23 14:26:44,283 [79507b5f-0296-465c-8ebd-539f5827c7b6@group-6BA4A2ED8711:LeaderElection91] INFO  impl.RoleInfo (RoleInfo.java:shutdownLeaderElection(134)) - 79507b5f-0296-465c-8ebd-539f5827c7b6: shutdown LeaderElection
2019-09-23 14:26:44,283 [79507b5f-0296-465c-8ebd-539f5827c7b6@group-6BA4A2ED8711:LeaderElection91] INFO  impl.RoleInfo (RoleInfo.java:updateAndGet(143)) - 79507b5f-0296-465c-8ebd-539f5827c7b6: start FollowerState
2019-09-23 14:26:49,279 [Thread-2420] INFO  impl.FollowerState (FollowerState.java:run(106)) - d00dafbe-9fd5-45b7-a068-696ae0257592:group-6BA4A2ED8711 changes to CANDIDATE, lastRpcTime:5005, electionTimeout:5005ms
2019-09-23 14:26:49,283 [Thread-2420] INFO  impl.RoleInfo (RoleInfo.java:shutdownFollowerState(121)) - d00dafbe-9fd5-45b7-a068-696ae0257592: shutdown FollowerState
2019-09-23 14:26:49,283 [Thread-2420] INFO  impl.RaftServerImpl (RaftServerImpl.java:setRole(174)) - d00dafbe-9fd5-45b7-a068-696ae0257592@group-6BA4A2ED8711: changes role from  FOLLOWER to CANDIDATE at term 2 for changeToCandidate
2019-09-23 14:26:49,283 [Thread-2420] INFO  impl.RoleInfo (RoleInfo.java:updateAndGet(143)) - d00dafbe-9fd5-45b7-a068-696ae0257592: start LeaderElection
2019-09-23 14:26:49,402 [Thread-2422] INFO  impl.FollowerState (FollowerState.java:run(106)) - 79507b5f-0296-465c-8ebd-539f5827c7b6:group-6BA4A2ED8711 changes to CANDIDATE, lastRpcTime:5119, electionTimeout:5119ms
2019-09-23 14:26:49,402 [Thread-2422] INFO  impl.RoleInfo (RoleInfo.java:shutdownFollowerState(121)) - 79507b5f-0296-465c-8ebd-539f5827c7b6: shutdown FollowerState
2019-09-23 14:26:49,403 [Thread-2422] INFO  impl.RaftServerImpl (RaftServerImpl.java:setRole(174)) - 79507b5f-0296-465c-8ebd-539f5827c7b6@group-6BA4A2ED8711: changes role from  FOLLOWER to CANDIDATE at term 2 for changeToCandidate
2019-09-23 14:26:49,403 [Thread-2422] INFO  impl.RoleInfo (RoleInfo.java:updateAndGet(143)) - 79507b5f-0296-465c-8ebd-539f5827c7b6: start LeaderElection
2019-09-23 14:26:49,460 [Thread-2421] INFO  impl.FollowerState (FollowerState.java:run(106)) - 30c43bb2-f349-4ad7-a94b-6a0167b10dd1:group-6BA4A2ED8711 changes to CANDIDATE, lastRpcTime:5180, electionTimeout:5177ms
2019-09-23 14:26:49,460 [Thread-2421] INFO  impl.RoleInfo (RoleInfo.java:shutdownFollowerState(121)) - 30c43bb2-f349-4ad7-a94b-6a0167b10dd1: shutdown FollowerState
2019-09-23 14:26:49,460 [Thread-2421] INFO  impl.RaftServerImpl (RaftServerImpl.java:setRole(174)) - 30c43bb2-f349-4ad7-a94b-6a0167b10dd1@group-6BA4A2ED8711: changes role from  FOLLOWER to CANDIDATE at term 2 for changeToCandidate
2019-09-23 14:26:49,460 [Thread-2421] INFO  impl.RoleInfo (RoleInfo.java:updateAndGet(143)) - 30c43bb2-f349-4ad7-a94b-6a0167b10dd1: start LeaderElection
2019-09-23 14:26:49,738 [79507b5f-0296-465c-8ebd-539f5827c7b6@group-6BA4A2ED8711:LeaderElection93] INFO  impl.LeaderElection (LeaderElection.java:askForVotes(182)) - 79507b5f-0296-465c-8ebd-539f5827c7b6@group-6BA4A2ED8711:LeaderElection93: begin an election at term 3 for -1: [30c43bb2-f349-4ad7-a94b-6a0167b10dd1:192.168.5.170:37482, 79507b5f-0296-465c-8ebd-539f5827c7b6:192.168.5.170:33306, d00dafbe-9fd5-45b7-a068-696ae0257592:192.168.5.170:43918], old=null
2019-09-23 14:26:49,738 [d00dafbe-9fd5-45b7-a068-696ae0257592@group-6BA4A2ED8711:LeaderElection92] INFO  impl.LeaderElection (LeaderElection.java:askForVotes(182)) - d00dafbe-9fd5-45b7-a068-696ae0257592@group-6BA4A2ED8711:LeaderElection92: begin an election at term 3 for -1: [30c43bb2-f349-4ad7-a94b-6a0167b10dd1:192.168.5.170:37482, 79507b5f-0296-465c-8ebd-539f5827c7b6:192.168.5.170:33306, d00dafbe-9fd5-45b7-a068-696ae0257592:192.168.5.170:43918], old=null
2019-09-23 14:26:49,738 [30c43bb2-f349-4ad7-a94b-6a0167b10dd1@group-6BA4A2ED8711:LeaderElection94] INFO  impl.LeaderElection (LeaderElection.java:askForVotes(182)) - 30c43bb2-f349-4ad7-a94b-6a0167b10dd1@group-6BA4A2ED8711:LeaderElection94: begin an election at term 3 for -1: [30c43bb2-f349-4ad7-a94b-6a0167b10dd1:192.168.5.170:37482, 79507b5f-0296-465c-8ebd-539f5827c7b6:192.168.5.170:33306, d00dafbe-9fd5-45b7-a068-696ae0257592:192.168.5.170:43918], old=null
2019-09-23 14:26:49,743 [79507b5f-0296-465c-8ebd-539f5827c7b6@group-6BA4A2ED8711:LeaderElection93] INFO  impl.LeaderElection (LeaderElection.java:logAndReturn(56)) - 79507b5f-0296-465c-8ebd-539f5827c7b6@group-6BA4A2ED8711:LeaderElection93: Election REJECTED; received 2 response(s) [79507b5f-0296-465c-8ebd-539f5827c7b6<-30c43bb2-f349-4ad7-a94b-6a0167b10dd1#0:FAIL-t3, 79507b5f-0296-465c-8ebd-539f5827c7b6<-d00dafbe-9fd5-45b7-a068-696ae0257592#0:FAIL-t3] and 0 exception(s); 79507b5f-0296-465c-8ebd-539f5827c7b6@group-6BA4A2ED8711:t3, leader=null, voted=79507b5f-0296-465c-8ebd-539f5827c7b6, raftlog=79507b5f-0296-465c-8ebd-539f5827c7b6@group-6BA4A2ED8711-SegmentedRaftLog:OPENED:c-1,f-1,i0, conf=-1: [30c43bb2-f349-4ad7-a94b-6a0167b10dd1:192.168.5.170:37482, 79507b5f-0296-465c-8ebd-539f5827c7b6:192.168.5.170:33306, d00dafbe-9fd5-45b7-a068-696ae0257592:192.168.5.170:43918], old=null
2019-09-23 14:26:49,743 [79507b5f-0296-465c-8ebd-539f5827c7b6@group-6BA4A2ED8711:LeaderElection93] INFO  impl.RaftServerImpl (RaftServerImpl.java:setRole(174)) - 79507b5f-0296-465c-8ebd-539f5827c7b6@group-6BA4A2ED8711: changes role from CANDIDATE to FOLLOWER at term 3 for DISCOVERED_A_NEW_TERM
2019-09-23 14:26:49,744 [79507b5f-0296-465c-8ebd-539f5827c7b6@group-6BA4A2ED8711:LeaderElection93] INFO  impl.RoleInfo (RoleInfo.java:shutdownLeaderElection(134)) - 79507b5f-0296-465c-8ebd-539f5827c7b6: shutdown LeaderElection
2019-09-23 14:26:49,744 [d00dafbe-9fd5-45b7-a068-696ae0257592@group-6BA4A2ED8711:LeaderElection92] INFO  impl.LeaderElection (LeaderElection.java:logAndReturn(56)) - d00dafbe-9fd5-45b7-a068-696ae0257592@group-6BA4A2ED8711:LeaderElection92: Election REJECTED; received 2 response(s) [d00dafbe-9fd5-45b7-a068-696ae0257592<-30c43bb2-f349-4ad7-a94b-6a0167b10dd1#0:FAIL-t3, d00dafbe-9fd5-45b7-a068-696ae0257592<-79507b5f-0296-465c-8ebd-539f5827c7b6#0:FAIL-t3] and 0 exception(s); d00dafbe-9fd5-45b7-a068-696ae0257592@group-6BA4A2ED8711:t3, leader=null, voted=d00dafbe-9fd5-45b7-a068-696ae0257592, raftlog=d00dafbe-9fd5-45b7-a068-696ae0257592@group-6BA4A2ED8711-SegmentedRaftLog:OPENED:c-1,f-1,i0, conf=-1: [30c43bb2-f349-4ad7-a94b-6a0167b10dd1:192.168.5.170:37482, 79507b5f-0296-465c-8ebd-539f5827c7b6:192.168.5.170:33306, d00dafbe-9fd5-45b7-a068-696ae0257592:192.168.5.170:43918], old=null
2019-09-23 14:26:49,748 [d00dafbe-9fd5-45b7-a068-696ae0257592@group-6BA4A2ED8711:LeaderElection92] INFO  impl.RaftServerImpl (RaftServerImpl.java:setRole(174)) - d00dafbe-9fd5-45b7-a068-696ae0257592@group-6BA4A2ED8711: changes role from CANDIDATE to FOLLOWER at term 3 for DISCOVERED_A_NEW_TERM
2019-09-23 14:26:49,748 [79507b5f-0296-465c-8ebd-539f5827c7b6@group-6BA4A2ED8711:LeaderElection93] INFO  impl.RoleInfo (RoleInfo.java:updateAndGet(143)) - 79507b5f-0296-465c-8ebd-539f5827c7b6: start FollowerState
2019-09-23 14:26:49,748 [d00dafbe-9fd5-45b7-a068-696ae0257592@group-6BA4A2ED8711:LeaderElection92] INFO  impl.RoleInfo (RoleInfo.java:shutdownLeaderElection(134)) - d00dafbe-9fd5-45b7-a068-696ae0257592: shutdown LeaderElection
2019-09-23 14:26:49,751 [d00dafbe-9fd5-45b7-a068-696ae0257592@group-6BA4A2ED8711:LeaderElection92] INFO  impl.RoleInfo (RoleInfo.java:updateAndGet(143)) - d00dafbe-9fd5-45b7-a068-696ae0257592: start FollowerState
2019-09-23 14:26:49,751 [30c43bb2-f349-4ad7-a94b-6a0167b10dd1@group-6BA4A2ED8711:LeaderElection94] INFO  impl.LeaderElection (LeaderElection.java:logAndReturn(56)) - 30c43bb2-f349-4ad7-a94b-6a0167b10dd1@group-6BA4A2ED8711:LeaderElection94: Election REJECTED; received 2 response(s) [30c43bb2-f349-4ad7-a94b-6a0167b10dd1<-79507b5f-0296-465c-8ebd-539f5827c7b6#0:FAIL-t3, 30c43bb2-f349-4ad7-a94b-6a0167b10dd1<-d00dafbe-9fd5-45b7-a068-696ae0257592#0:FAIL-t3] and 0 exception(s); 30c43bb2-f349-4ad7-a94b-6a0167b10dd1@group-6BA4A2ED8711:t3, leader=null, voted=30c43bb2-f349-4ad7-a94b-6a0167b10dd1, raftlog=30c43bb2-f349-4ad7-a94b-6a0167b10dd1@group-6BA4A2ED8711-SegmentedRaftLog:OPENED:c-1,f-1,i0, conf=-1: [30c43bb2-f349-4ad7-a94b-6a0167b10dd1:192.168.5.170:37482, 79507b5f-0296-465c-8ebd-539f5827c7b6:192.168.5.170:33306, d00dafbe-9fd5-45b7-a068-696ae0257592:192.168.5.170:43918], old=null
2019-09-23 14:26:49,752 [30c43bb2-f349-4ad7-a94b-6a0167b10dd1@group-6BA4A2ED8711:LeaderElection94] INFO  impl.RaftServerImpl (RaftServerImpl.java:setRole(174)) - 30c43bb2-f349-4ad7-a94b-6a0167b10dd1@group-6BA4A2ED8711: changes role from CANDIDATE to FOLLOWER at term 3 for DISCOVERED_A_NEW_TERM
2019-09-23 14:26:49,752 [30c43bb2-f349-4ad7-a94b-6a0167b10dd1@group-6BA4A2ED8711:LeaderElection94] INFO  impl.RoleInfo (RoleInfo.java:shutdownLeaderElection(134)) - 30c43bb2-f349-4ad7-a94b-6a0167b10dd1: shutdown LeaderElection
2019-09-23 14:26:49,752 [30c43bb2-f349-4ad7-a94b-6a0167b10dd1@group-6BA4A2ED8711:LeaderElection94] INFO  impl.RoleInfo (RoleInfo.java:updateAndGet(143)) - 30c43bb2-f349-4ad7-a94b-6a0167b10dd1: start FollowerState
]]></system-out>
  </testcase>
</testsuite>