<?xml version="1.0" encoding="UTF-8"?>
<testsuite xmlns:xsi="http://www.w3.org/2001/XMLSchema-instance" xsi:noNamespaceSchemaLocation="https://maven.apache.org/surefire/maven-surefire-plugin/xsd/surefire-test-report.xsd" name="org.apache.hadoop.hdds.scm.pipeline.TestRatisPipelineCreateAndDestory" time="70.756" tests="2" errors="1" skipped="0" failures="0">
  <properties>
    <property name="awt.toolkit" value="sun.awt.X11.XToolkit"/>
    <property name="file.encoding.pkg" value="sun.io"/>
    <property name="java.specification.version" value="1.8"/>
    <property name="sun.cpu.isalist" value=""/>
    <property name="sun.jnu.encoding" value="UTF-8"/>
    <property name="java.class.path" value="/workdir/hadoop-ozone/integration-test/target/test-classes:/workdir/hadoop-ozone/integration-test/target/classes:/home/user/.m2/repository/org/apache/hadoop/hadoop-ozone-common/0.5.0-SNAPSHOT/hadoop-ozone-common-0.5.0-SNAPSHOT.jar:/home/user/.m2/repository/org/apache/commons/commons-compress/1.4.1/commons-compress-1.4.1.jar:/home/user/.m2/repository/org/tukaani/xz/1.0/xz-1.0.jar:/home/user/.m2/repository/org/apache/hadoop/hadoop-common/3.2.0/hadoop-common-3.2.0.jar:/home/user/.m2/repository/org/apache/hadoop/hadoop-hdfs/3.2.0/hadoop-hdfs-3.2.0.jar:/home/user/.m2/repository/org/apache/hadoop/hadoop-hdfs-client/3.2.0/hadoop-hdfs-client-3.2.0.jar:/home/user/.m2/repository/com/fasterxml/jackson/core/jackson-annotations/2.9.5/jackson-annotations-2.9.5.jar:/home/user/.m2/repository/org/apache/hadoop/hadoop-hdds-common/0.5.0-SNAPSHOT/hadoop-hdds-common-0.5.0-SNAPSHOT.jar:/home/user/.m2/repository/javax/annotation/javax.annotation-api/1.2/javax.annotation-api-1.2.jar:/home/user/.m2/repository/org/apache/ratis/ratis-server/0.4.0-2337318-SNAPSHOT/ratis-server-0.4.0-2337318-SNAPSHOT.jar:/home/user/.m2/repository/org/apache/ratis/ratis-thirdparty-misc/0.2.0/ratis-thirdparty-misc-0.2.0.jar:/home/user/.m2/repository/org/apache/ratis/ratis-proto/0.4.0-2337318-SNAPSHOT/ratis-proto-0.4.0-2337318-SNAPSHOT.jar:/home/user/.m2/repository/org/apache/ratis/ratis-common/0.4.0-2337318-SNAPSHOT/ratis-common-0.4.0-2337318-SNAPSHOT.jar:/home/user/.m2/repository/org/apache/ratis/ratis-client/0.4.0-2337318-SNAPSHOT/ratis-client-0.4.0-2337318-SNAPSHOT.jar:/home/user/.m2/repository/org/apache/ratis/ratis-metrics/0.4.0-2337318-SNAPSHOT/ratis-metrics-0.4.0-2337318-SNAPSHOT.jar:/home/user/.m2/repository/org/apache/ratis/ratis-netty/0.4.0-2337318-SNAPSHOT/ratis-netty-0.4.0-2337318-SNAPSHOT.jar:/home/user/.m2/repository/org/apache/ratis/ratis-grpc/0.4.0-2337318-SNAPSHOT/ratis-grpc-0.4.0-2337318-SNAPSHOT.jar:/home/user/.m2/repository/org/rocksdb/rocksdbjni/6.0.1/rocksdbjni-6.0.1.jar:/home/user/.m2/repository/org/apache/logging/log4j/log4j-api/2.11.0/log4j-api-2.11.0.jar:/home/user/.m2/repository/org/apache/logging/log4j/log4j-core/2.11.0/log4j-core-2.11.0.jar:/home/user/.m2/repository/com/lmax/disruptor/3.4.2/disruptor-3.4.2.jar:/home/user/.m2/repository/org/apache/commons/commons-pool2/2.6.0/commons-pool2-2.6.0.jar:/home/user/.m2/repository/org/bouncycastle/bcpkix-jdk15on/1.60/bcpkix-jdk15on-1.60.jar:/home/user/.m2/repository/commons-validator/commons-validator/1.6/commons-validator-1.6.jar:/home/user/.m2/repository/commons-digester/commons-digester/1.8.1/commons-digester-1.8.1.jar:/home/user/.m2/repository/io/jaegertracing/jaeger-client/0.33.1/jaeger-client-0.33.1.jar:/home/user/.m2/repository/io/jaegertracing/jaeger-thrift/0.33.1/jaeger-thrift-0.33.1.jar:/home/user/.m2/repository/org/apache/thrift/libthrift/0.11.0/libthrift-0.11.0.jar:/home/user/.m2/repository/com/squareup/okhttp3/okhttp/3.9.0/okhttp-3.9.0.jar:/home/user/.m2/repository/com/squareup/okio/okio/1.13.0/okio-1.13.0.jar:/home/user/.m2/repository/io/jaegertracing/jaeger-core/0.33.1/jaeger-core-0.33.1.jar:/home/user/.m2/repository/io/jaegertracing/jaeger-tracerresolver/0.33.1/jaeger-tracerresolver-0.33.1.jar:/home/user/.m2/repository/io/opentracing/contrib/opentracing-tracerresolver/0.1.5/opentracing-tracerresolver-0.1.5.jar:/home/user/.m2/repository/io/opentracing/opentracing-util/0.31.0/opentracing-util-0.31.0.jar:/home/user/.m2/repository/io/opentracing/opentracing-api/0.31.0/opentracing-api-0.31.0.jar:/home/user/.m2/repository/io/opentracing/opentracing-noop/0.31.0/opentracing-noop-0.31.0.jar:/home/user/.m2/repository/org/apache/hadoop/hadoop-hdds-server-framework/0.5.0-SNAPSHOT/hadoop-hdds-server-framework-0.5.0-SNAPSHOT.jar:/home/user/.m2/repository/org/apache/hadoop/hadoop-hdds-container-service/0.5.0-SNAPSHOT/hadoop-hdds-container-service-0.5.0-SNAPSHOT.jar:/home/user/.m2/repository/org/apache/hadoop/hadoop-hdds-client/0.5.0-SNAPSHOT/hadoop-hdds-client-0.5.0-SNAPSHOT.jar:/home/user/.m2/repository/org/apache/hadoop/hadoop-hdds-tools/0.5.0-SNAPSHOT/hadoop-hdds-tools-0.5.0-SNAPSHOT.jar:/home/user/.m2/repository/org/apache/hadoop/hadoop-hdds-server-scm/0.5.0-SNAPSHOT/hadoop-hdds-server-scm-0.5.0-SNAPSHOT.jar:/home/user/.m2/repository/org/apache/hadoop/hadoop-hdds-docs/0.5.0-SNAPSHOT/hadoop-hdds-docs-0.5.0-SNAPSHOT.jar:/home/user/.m2/repository/io/dropwizard/metrics/metrics-core/3.2.4/metrics-core-3.2.4.jar:/home/user/.m2/repository/org/hamcrest/hamcrest-all/1.3/hamcrest-all-1.3.jar:/home/user/.m2/repository/org/bouncycastle/bcprov-jdk15on/1.60/bcprov-jdk15on-1.60.jar:/home/user/.m2/repository/info/picocli/picocli/3.9.6/picocli-3.9.6.jar:/home/user/.m2/repository/com/google/protobuf/protobuf-java/2.5.0/protobuf-java-2.5.0.jar:/home/user/.m2/repository/com/google/guava/guava/11.0.2/guava-11.0.2.jar:/home/user/.m2/repository/org/apache/hadoop/hadoop-ozone-ozone-manager/0.5.0-SNAPSHOT/hadoop-ozone-ozone-manager-0.5.0-SNAPSHOT.jar:/home/user/.m2/repository/org/apache/hadoop/hadoop-minikdc/3.2.0/hadoop-minikdc-3.2.0.jar:/home/user/.m2/repository/commons-io/commons-io/2.5/commons-io-2.5.jar:/home/user/.m2/repository/org/apache/kerby/kerb-simplekdc/1.0.1/kerb-simplekdc-1.0.1.jar:/home/user/.m2/repository/org/apache/kerby/kerb-client/1.0.1/kerb-client-1.0.1.jar:/home/user/.m2/repository/org/apache/kerby/kerby-config/1.0.1/kerby-config-1.0.1.jar:/home/user/.m2/repository/org/apache/kerby/kerb-core/1.0.1/kerb-core-1.0.1.jar:/home/user/.m2/repository/org/apache/kerby/kerby-pkix/1.0.1/kerby-pkix-1.0.1.jar:/home/user/.m2/repository/org/apache/kerby/kerby-asn1/1.0.1/kerby-asn1-1.0.1.jar:/home/user/.m2/repository/org/apache/kerby/kerby-util/1.0.1/kerby-util-1.0.1.jar:/home/user/.m2/repository/org/apache/kerby/kerb-common/1.0.1/kerb-common-1.0.1.jar:/home/user/.m2/repository/org/apache/kerby/kerb-crypto/1.0.1/kerb-crypto-1.0.1.jar:/home/user/.m2/repository/org/apache/kerby/kerb-util/1.0.1/kerb-util-1.0.1.jar:/home/user/.m2/repository/org/apache/kerby/token-provider/1.0.1/token-provider-1.0.1.jar:/home/user/.m2/repository/org/apache/kerby/kerb-admin/1.0.1/kerb-admin-1.0.1.jar:/home/user/.m2/repository/org/apache/kerby/kerb-server/1.0.1/kerb-server-1.0.1.jar:/home/user/.m2/repository/org/apache/kerby/kerb-identity/1.0.1/kerb-identity-1.0.1.jar:/home/user/.m2/repository/org/apache/kerby/kerby-xdr/1.0.1/kerby-xdr-1.0.1.jar:/home/user/.m2/repository/org/slf4j/slf4j-log4j12/1.7.25/slf4j-log4j12-1.7.25.jar:/home/user/.m2/repository/org/apache/hadoop/hadoop-ozone-objectstore-service/0.5.0-SNAPSHOT/hadoop-ozone-objectstore-service-0.5.0-SNAPSHOT.jar:/home/user/.m2/repository/org/apache/hadoop/hadoop-ozone-s3gateway/0.5.0-SNAPSHOT/hadoop-ozone-s3gateway-0.5.0-SNAPSHOT.jar:/home/user/.m2/repository/org/jboss/weld/servlet/weld-servlet/2.4.7.Final/weld-servlet-2.4.7.Final.jar:/home/user/.m2/repository/org/glassfish/jersey/containers/jersey-container-servlet-core/2.27/jersey-container-servlet-core-2.27.jar:/home/user/.m2/repository/org/glassfish/hk2/external/javax.inject/2.5.0-b42/javax.inject-2.5.0-b42.jar:/home/user/.m2/repository/org/glassfish/jersey/core/jersey-common/2.27/jersey-common-2.27.jar:/home/user/.m2/repository/org/glassfish/hk2/osgi-resource-locator/1.0.1/osgi-resource-locator-1.0.1.jar:/home/user/.m2/repository/javax/ws/rs/javax.ws.rs-api/2.1/javax.ws.rs-api-2.1.jar:/home/user/.m2/repository/org/glassfish/jersey/ext/cdi/jersey-cdi1x/2.27/jersey-cdi1x-2.27.jar:/home/user/.m2/repository/org/glassfish/jersey/inject/jersey-hk2/2.27/jersey-hk2-2.27.jar:/home/user/.m2/repository/org/glassfish/hk2/hk2-locator/2.5.0-b42/hk2-locator-2.5.0-b42.jar:/home/user/.m2/repository/org/javassist/javassist/3.22.0-CR2/javassist-3.22.0-CR2.jar:/home/user/.m2/repository/org/glassfish/hk2/hk2-api/2.5.0/hk2-api-2.5.0.jar:/home/user/.m2/repository/org/glassfish/hk2/external/jakarta.inject/2.5.0/jakarta.inject-2.5.0.jar:/home/user/.m2/repository/org/glassfish/hk2/hk2-utils/2.5.0/hk2-utils-2.5.0.jar:/home/user/.m2/repository/jakarta/annotation/jakarta.annotation-api/1.3.4/jakarta.annotation-api-1.3.4.jar:/home/user/.m2/repository/org/glassfish/hk2/external/aopalliance-repackaged/2.5.0/aopalliance-repackaged-2.5.0.jar:/home/user/.m2/repository/com/fasterxml/jackson/dataformat/jackson-dataformat-xml/2.9.0/jackson-dataformat-xml-2.9.0.jar:/home/user/.m2/repository/com/fasterxml/jackson/core/jackson-core/2.9.5/jackson-core-2.9.5.jar:/home/user/.m2/repository/com/fasterxml/jackson/module/jackson-module-jaxb-annotations/2.9.5/jackson-module-jaxb-annotations-2.9.5.jar:/home/user/.m2/repository/javax/enterprise/cdi-api/1.2/cdi-api-1.2.jar:/home/user/.m2/repository/javax/el/javax.el-api/3.0.0/javax.el-api-3.0.0.jar:/home/user/.m2/repository/javax/interceptor/javax.interceptor-api/1.2/javax.interceptor-api-1.2.jar:/home/user/.m2/repository/javax/inject/javax.inject/1/javax.inject-1.jar:/home/user/.m2/repository/com/sun/xml/bind/jaxb-impl/2.3.0.1/jaxb-impl-2.3.0.1.jar:/home/user/.m2/repository/com/sun/xml/bind/jaxb-core/2.3.0.1/jaxb-core-2.3.0.1.jar:/home/user/.m2/repository/javax/xml/bind/jaxb-api/2.3.0/jaxb-api-2.3.0.jar:/home/user/.m2/repository/javax/activation/activation/1.1.1/activation-1.1.1.jar:/home/user/.m2/repository/org/apache/hadoop/hadoop-ozone-csi/0.5.0-SNAPSHOT/hadoop-ozone-csi-0.5.0-SNAPSHOT.jar:/home/user/.m2/repository/com/google/protobuf/protobuf-java-util/3.5.1/protobuf-java-util-3.5.1.jar:/home/user/.m2/repository/org/apache/hadoop/hadoop-hdds-config/0.5.0-SNAPSHOT/hadoop-hdds-config-0.5.0-SNAPSHOT.jar:/home/user/.m2/repository/io/grpc/grpc-netty/1.17.1/grpc-netty-1.17.1.jar:/home/user/.m2/repository/io/grpc/grpc-core/1.17.1/grpc-core-1.17.1.jar:/home/user/.m2/repository/io/grpc/grpc-context/1.17.1/grpc-context-1.17.1.jar:/home/user/.m2/repository/com/google/errorprone/error_prone_annotations/2.2.0/error_prone_annotations-2.2.0.jar:/home/user/.m2/repository/org/codehaus/mojo/animal-sniffer-annotations/1.17/animal-sniffer-annotations-1.17.jar:/home/user/.m2/repository/io/opencensus/opencensus-api/0.17.0/opencensus-api-0.17.0.jar:/home/user/.m2/repository/io/opencensus/opencensus-contrib-grpc-metrics/0.17.0/opencensus-contrib-grpc-metrics-0.17.0.jar:/home/user/.m2/repository/io/netty/netty-codec-http2/4.1.30.Final/netty-codec-http2-4.1.30.Final.jar:/home/user/.m2/repository/io/netty/netty-codec-http/4.1.30.Final/netty-codec-http-4.1.30.Final.jar:/home/user/.m2/repository/io/netty/netty-codec/4.1.30.Final/netty-codec-4.1.30.Final.jar:/home/user/.m2/repository/io/netty/netty-handler/4.1.30.Final/netty-handler-4.1.30.Final.jar:/home/user/.m2/repository/io/netty/netty-handler-proxy/4.1.30.Final/netty-handler-proxy-4.1.30.Final.jar:/home/user/.m2/repository/io/netty/netty-codec-socks/4.1.30.Final/netty-codec-socks-4.1.30.Final.jar:/home/user/.m2/repository/io/netty/netty-transport-native-epoll/4.1.30.Final/netty-transport-native-epoll-4.1.30.Final.jar:/home/user/.m2/repository/io/netty/netty-common/4.1.30.Final/netty-common-4.1.30.Final.jar:/home/user/.m2/repository/io/netty/netty-buffer/4.1.30.Final/netty-buffer-4.1.30.Final.jar:/home/user/.m2/repository/io/netty/netty-transport/4.1.30.Final/netty-transport-4.1.30.Final.jar:/home/user/.m2/repository/io/netty/netty-resolver/4.1.30.Final/netty-resolver-4.1.30.Final.jar:/home/user/.m2/repository/io/netty/netty-transport-native-unix-common/4.1.30.Final/netty-transport-native-unix-common-4.1.30.Final.jar:/home/user/.m2/repository/io/grpc/grpc-protobuf/1.17.1/grpc-protobuf-1.17.1.jar:/home/user/.m2/repository/com/google/api/grpc/proto-google-common-protos/1.0.0/proto-google-common-protos-1.0.0.jar:/home/user/.m2/repository/io/grpc/grpc-protobuf-lite/1.17.1/grpc-protobuf-lite-1.17.1.jar:/home/user/.m2/repository/io/grpc/grpc-stub/1.17.1/grpc-stub-1.17.1.jar:/home/user/.m2/repository/org/apache/hadoop/hadoop-ozone-recon/0.5.0-SNAPSHOT/hadoop-ozone-recon-0.5.0-SNAPSHOT.jar:/home/user/.m2/repository/org/apache/hadoop/hadoop-ozone-reconcodegen/0.5.0-SNAPSHOT/hadoop-ozone-reconcodegen-0.5.0-SNAPSHOT.jar:/home/user/.m2/repository/com/google/inject/extensions/guice-multibindings/4.0/guice-multibindings-4.0.jar:/home/user/.m2/repository/com/google/inject/guice/4.0/guice-4.0.jar:/home/user/.m2/repository/aopalliance/aopalliance/1.0/aopalliance-1.0.jar:/home/user/.m2/repository/com/google/inject/extensions/guice-servlet/4.0/guice-servlet-4.0.jar:/home/user/.m2/repository/org/glassfish/jersey/containers/jersey-container-servlet/2.27/jersey-container-servlet-2.27.jar:/home/user/.m2/repository/org/glassfish/hk2/guice-bridge/2.5.0/guice-bridge-2.5.0.jar:/home/user/.m2/repository/org/glassfish/jersey/core/jersey-server/2.27/jersey-server-2.27.jar:/home/user/.m2/repository/org/glassfish/jersey/core/jersey-client/2.27/jersey-client-2.27.jar:/home/user/.m2/repository/org/glassfish/jersey/media/jersey-media-jaxb/2.27/jersey-media-jaxb-2.27.jar:/home/user/.m2/repository/javax/validation/validation-api/1.1.0.Final/validation-api-1.1.0.Final.jar:/home/user/.m2/repository/org/glassfish/jersey/media/jersey-media-json-jackson/2.27/jersey-media-json-jackson-2.27.jar:/home/user/.m2/repository/org/glassfish/jersey/ext/jersey-entity-filtering/2.27/jersey-entity-filtering-2.27.jar:/home/user/.m2/repository/com/google/inject/extensions/guice-assistedinject/4.0/guice-assistedinject-4.0.jar:/home/user/.m2/repository/org/jooq/jooq/3.11.10/jooq-3.11.10.jar:/home/user/.m2/repository/org/jooq/jooq-meta/3.11.10/jooq-meta-3.11.10.jar:/home/user/.m2/repository/org/jooq/jooq-codegen/3.11.10/jooq-codegen-3.11.10.jar:/home/user/.m2/repository/com/jolbox/bonecp/0.8.0.RELEASE/bonecp-0.8.0.RELEASE.jar:/home/user/.m2/repository/org/xerial/sqlite-jdbc/3.25.2/sqlite-jdbc-3.25.2.jar:/home/user/.m2/repository/org/springframework/spring-jdbc/5.1.3.RELEASE/spring-jdbc-5.1.3.RELEASE.jar:/home/user/.m2/repository/org/springframework/spring-beans/5.1.3.RELEASE/spring-beans-5.1.3.RELEASE.jar:/home/user/.m2/repository/org/springframework/spring-core/5.1.3.RELEASE/spring-core-5.1.3.RELEASE.jar:/home/user/.m2/repository/org/springframework/spring-jcl/5.1.3.RELEASE/spring-jcl-5.1.3.RELEASE.jar:/home/user/.m2/repository/org/springframework/spring-tx/5.1.3.RELEASE/spring-tx-5.1.3.RELEASE.jar:/home/user/.m2/repository/org/apache/hadoop/hadoop-ozone-client/0.5.0-SNAPSHOT/hadoop-ozone-client-0.5.0-SNAPSHOT.jar:/home/user/.m2/repository/commons-lang/commons-lang/2.6/commons-lang-2.6.jar:/home/user/.m2/repository/org/apache/hadoop/hadoop-ozone-ozone-manager/0.5.0-SNAPSHOT/hadoop-ozone-ozone-manager-0.5.0-SNAPSHOT-tests.jar:/home/user/.m2/repository/junit/junit/4.11/junit-4.11.jar:/home/user/.m2/repository/org/hamcrest/hamcrest-core/1.3/hamcrest-core-1.3.jar:/home/user/.m2/repository/org/openjdk/jmh/jmh-core/1.19/jmh-core-1.19.jar:/home/user/.m2/repository/net/sf/jopt-simple/jopt-simple/4.6/jopt-simple-4.6.jar:/home/user/.m2/repository/org/apache/commons/commons-math3/3.1.1/commons-math3-3.1.1.jar:/home/user/.m2/repository/org/openjdk/jmh/jmh-generator-annprocess/1.19/jmh-generator-annprocess-1.19.jar:/home/user/.m2/repository/org/mockito/mockito-all/1.8.5/mockito-all-1.8.5.jar:/home/user/.m2/repository/org/apache/hadoop/hadoop-kms/3.2.0/hadoop-kms-3.2.0.jar:/home/user/.m2/repository/org/apache/hadoop/hadoop-auth/3.2.0/hadoop-auth-3.2.0.jar:/home/user/.m2/repository/com/nimbusds/nimbus-jose-jwt/4.41.1/nimbus-jose-jwt-4.41.1.jar:/home/user/.m2/repository/com/github/stephenc/jcip/jcip-annotations/1.0-1/jcip-annotations-1.0-1.jar:/home/user/.m2/repository/net/minidev/json-smart/2.3/json-smart-2.3.jar:/home/user/.m2/repository/net/minidev/accessors-smart/1.2/accessors-smart-1.2.jar:/home/user/.m2/repository/org/ow2/asm/asm/5.0.4/asm-5.0.4.jar:/home/user/.m2/repository/org/apache/curator/curator-framework/2.12.0/curator-framework-2.12.0.jar:/home/user/.m2/repository/com/sun/jersey/jersey-core/1.19/jersey-core-1.19.jar:/home/user/.m2/repository/javax/ws/rs/jsr311-api/1.1.1/jsr311-api-1.1.1.jar:/home/user/.m2/repository/com/sun/jersey/jersey-server/1.19/jersey-server-1.19.jar:/home/user/.m2/repository/javax/servlet/javax.servlet-api/3.1.0/javax.servlet-api-3.1.0.jar:/home/user/.m2/repository/org/eclipse/jetty/jetty-server/9.3.24.v20180605/jetty-server-9.3.24.v20180605.jar:/home/user/.m2/repository/org/eclipse/jetty/jetty-http/9.3.24.v20180605/jetty-http-9.3.24.v20180605.jar:/home/user/.m2/repository/org/eclipse/jetty/jetty-io/9.3.24.v20180605/jetty-io-9.3.24.v20180605.jar:/home/user/.m2/repository/org/eclipse/jetty/jetty-webapp/9.3.24.v20180605/jetty-webapp-9.3.24.v20180605.jar:/home/user/.m2/repository/org/eclipse/jetty/jetty-xml/9.3.24.v20180605/jetty-xml-9.3.24.v20180605.jar:/home/user/.m2/repository/log4j/log4j/1.2.17/log4j-1.2.17.jar:/home/user/.m2/repository/org/slf4j/slf4j-api/1.7.25/slf4j-api-1.7.25.jar:/home/user/.m2/repository/org/slf4j/jul-to-slf4j/1.7.25/jul-to-slf4j-1.7.25.jar:/home/user/.m2/repository/org/eclipse/jetty/jetty-util/9.3.24.v20180605/jetty-util-9.3.24.v20180605.jar:/home/user/.m2/repository/com/fasterxml/jackson/core/jackson-databind/2.9.5/jackson-databind-2.9.5.jar:/home/user/.m2/repository/org/apache/hadoop/hadoop-kms/3.2.0/hadoop-kms-3.2.0-tests.jar:/home/user/.m2/repository/org/apache/hadoop/hadoop-hdds-server-scm/0.5.0-SNAPSHOT/hadoop-hdds-server-scm-0.5.0-SNAPSHOT-tests.jar:/home/user/.m2/repository/org/apache/hadoop/hadoop-hdds-container-service/0.5.0-SNAPSHOT/hadoop-hdds-container-service-0.5.0-SNAPSHOT-tests.jar:/home/user/.m2/repository/org/yaml/snakeyaml/1.16/snakeyaml-1.16.jar:/home/user/.m2/repository/org/apache/hadoop/hadoop-common/3.2.0/hadoop-common-3.2.0-tests.jar:/home/user/.m2/repository/org/apache/hadoop/hadoop-annotations/3.2.0/hadoop-annotations-3.2.0.jar:/usr/lib/jvm/java-1.8-openjdk/jre/../lib/tools.jar:/home/user/.m2/repository/commons-cli/commons-cli/1.2/commons-cli-1.2.jar:/home/user/.m2/repository/org/apache/httpcomponents/httpclient/4.5.2/httpclient-4.5.2.jar:/home/user/.m2/repository/org/apache/httpcomponents/httpcore/4.4.4/httpcore-4.4.4.jar:/home/user/.m2/repository/commons-codec/commons-codec/1.11/commons-codec-1.11.jar:/home/user/.m2/repository/commons-net/commons-net/3.6/commons-net-3.6.jar:/home/user/.m2/repository/commons-collections/commons-collections/3.2.2/commons-collections-3.2.2.jar:/home/user/.m2/repository/org/eclipse/jetty/jetty-servlet/9.3.24.v20180605/jetty-servlet-9.3.24.v20180605.jar:/home/user/.m2/repository/org/eclipse/jetty/jetty-security/9.3.24.v20180605/jetty-security-9.3.24.v20180605.jar:/home/user/.m2/repository/javax/servlet/jsp/jsp-api/2.1/jsp-api-2.1.jar:/home/user/.m2/repository/com/sun/jersey/jersey-servlet/1.19/jersey-servlet-1.19.jar:/home/user/.m2/repository/com/sun/jersey/jersey-json/1.19/jersey-json-1.19.jar:/home/user/.m2/repository/org/codehaus/jettison/jettison/1.1/jettison-1.1.jar:/home/user/.m2/repository/org/codehaus/jackson/jackson-core-asl/1.9.13/jackson-core-asl-1.9.13.jar:/home/user/.m2/repository/org/codehaus/jackson/jackson-mapper-asl/1.9.13/jackson-mapper-asl-1.9.13.jar:/home/user/.m2/repository/org/codehaus/jackson/jackson-jaxrs/1.9.13/jackson-jaxrs-1.9.13.jar:/home/user/.m2/repository/org/codehaus/jackson/jackson-xc/1.9.13/jackson-xc-1.9.13.jar:/home/user/.m2/repository/commons-logging/commons-logging/1.1.3/commons-logging-1.1.3.jar:/home/user/.m2/repository/commons-beanutils/commons-beanutils/1.9.3/commons-beanutils-1.9.3.jar:/home/user/.m2/repository/org/apache/commons/commons-configuration2/2.1.1/commons-configuration2-2.1.1.jar:/home/user/.m2/repository/org/apache/commons/commons-lang3/3.7/commons-lang3-3.7.jar:/home/user/.m2/repository/org/apache/commons/commons-text/1.4/commons-text-1.4.jar:/home/user/.m2/repository/org/apache/avro/avro/1.7.7/avro-1.7.7.jar:/home/user/.m2/repository/com/thoughtworks/paranamer/paranamer/2.3/paranamer-2.3.jar:/home/user/.m2/repository/org/xerial/snappy/snappy-java/1.0.5/snappy-java-1.0.5.jar:/home/user/.m2/repository/com/google/re2j/re2j/1.1/re2j-1.1.jar:/home/user/.m2/repository/com/google/code/gson/gson/2.2.4/gson-2.2.4.jar:/home/user/.m2/repository/com/jcraft/jsch/0.1.54/jsch-0.1.54.jar:/home/user/.m2/repository/org/apache/curator/curator-client/2.12.0/curator-client-2.12.0.jar:/home/user/.m2/repository/org/apache/curator/curator-recipes/2.12.0/curator-recipes-2.12.0.jar:/home/user/.m2/repository/com/google/code/findbugs/jsr305/3.0.0/jsr305-3.0.0.jar:/home/user/.m2/repository/org/apache/htrace/htrace-core4/4.1.0-incubating/htrace-core4-4.1.0-incubating.jar:/home/user/.m2/repository/org/apache/zookeeper/zookeeper/3.4.13/zookeeper-3.4.13.jar:/home/user/.m2/repository/org/apache/yetus/audience-annotations/0.5.0/audience-annotations-0.5.0.jar:/home/user/.m2/repository/org/codehaus/woodstox/stax2-api/3.1.4/stax2-api-3.1.4.jar:/home/user/.m2/repository/com/fasterxml/woodstox/woodstox-core/5.0.3/woodstox-core-5.0.3.jar:/home/user/.m2/repository/dnsjava/dnsjava/2.1.7/dnsjava-2.1.7.jar:/home/user/.m2/repository/org/apache/hadoop/hadoop-hdfs/3.2.0/hadoop-hdfs-3.2.0-tests.jar:/home/user/.m2/repository/org/eclipse/jetty/jetty-util-ajax/9.3.24.v20180605/jetty-util-ajax-9.3.24.v20180605.jar:/home/user/.m2/repository/commons-daemon/commons-daemon/1.0.13/commons-daemon-1.0.13.jar:/home/user/.m2/repository/io/netty/netty/3.10.5.Final/netty-3.10.5.Final.jar:/home/user/.m2/repository/io/netty/netty-all/4.0.52.Final/netty-all-4.0.52.Final.jar:/home/user/.m2/repository/org/fusesource/leveldbjni/leveldbjni-all/1.8/leveldbjni-all-1.8.jar:"/>
    <property name="java.vm.vendor" value="IcedTea"/>
    <property name="sun.arch.data.model" value="64"/>
    <property name="test.build.dir" value="/workdir/hadoop-ozone/integration-test/target/test-dir"/>
    <property name="test.cache.data" value=""/>
    <property name="java.vendor.url" value="https://icedtea.classpath.org"/>
    <property name="user.timezone" value=""/>
    <property name="java.vm.specification.version" value="1.8"/>
    <property name="os.name" value="Linux"/>
    <property name="test.build.data" value="/workdir/hadoop-ozone/integration-test/target/test-dir"/>
    <property name="user.country" value="US"/>
    <property name="sun.java.launcher" value="SUN_STANDARD"/>
    <property name="sun.boot.library.path" value="/usr/lib/jvm/java-1.8-openjdk/jre/lib/amd64"/>
    <property name="sun.java.command" value="/workdir/hadoop-ozone/integration-test/target/surefire/surefirebooter6869353293276886457.jar /workdir/hadoop-ozone/integration-test/target/surefire 2019-08-22T21-55-37_175-jvmRun1 surefire5163734475411946894tmp surefire_41644805041030788084tmp"/>
    <property name="test" value="!TestMiniChaosOzoneCluster"/>
    <property name="surefire.test.class.path" value="/workdir/hadoop-ozone/integration-test/target/test-classes:/workdir/hadoop-ozone/integration-test/target/classes:/home/user/.m2/repository/org/apache/hadoop/hadoop-ozone-common/0.5.0-SNAPSHOT/hadoop-ozone-common-0.5.0-SNAPSHOT.jar:/home/user/.m2/repository/org/apache/commons/commons-compress/1.4.1/commons-compress-1.4.1.jar:/home/user/.m2/repository/org/tukaani/xz/1.0/xz-1.0.jar:/home/user/.m2/repository/org/apache/hadoop/hadoop-common/3.2.0/hadoop-common-3.2.0.jar:/home/user/.m2/repository/org/apache/hadoop/hadoop-hdfs/3.2.0/hadoop-hdfs-3.2.0.jar:/home/user/.m2/repository/org/apache/hadoop/hadoop-hdfs-client/3.2.0/hadoop-hdfs-client-3.2.0.jar:/home/user/.m2/repository/com/fasterxml/jackson/core/jackson-annotations/2.9.5/jackson-annotations-2.9.5.jar:/home/user/.m2/repository/org/apache/hadoop/hadoop-hdds-common/0.5.0-SNAPSHOT/hadoop-hdds-common-0.5.0-SNAPSHOT.jar:/home/user/.m2/repository/javax/annotation/javax.annotation-api/1.2/javax.annotation-api-1.2.jar:/home/user/.m2/repository/org/apache/ratis/ratis-server/0.4.0-2337318-SNAPSHOT/ratis-server-0.4.0-2337318-SNAPSHOT.jar:/home/user/.m2/repository/org/apache/ratis/ratis-thirdparty-misc/0.2.0/ratis-thirdparty-misc-0.2.0.jar:/home/user/.m2/repository/org/apache/ratis/ratis-proto/0.4.0-2337318-SNAPSHOT/ratis-proto-0.4.0-2337318-SNAPSHOT.jar:/home/user/.m2/repository/org/apache/ratis/ratis-common/0.4.0-2337318-SNAPSHOT/ratis-common-0.4.0-2337318-SNAPSHOT.jar:/home/user/.m2/repository/org/apache/ratis/ratis-client/0.4.0-2337318-SNAPSHOT/ratis-client-0.4.0-2337318-SNAPSHOT.jar:/home/user/.m2/repository/org/apache/ratis/ratis-metrics/0.4.0-2337318-SNAPSHOT/ratis-metrics-0.4.0-2337318-SNAPSHOT.jar:/home/user/.m2/repository/org/apache/ratis/ratis-netty/0.4.0-2337318-SNAPSHOT/ratis-netty-0.4.0-2337318-SNAPSHOT.jar:/home/user/.m2/repository/org/apache/ratis/ratis-grpc/0.4.0-2337318-SNAPSHOT/ratis-grpc-0.4.0-2337318-SNAPSHOT.jar:/home/user/.m2/repository/org/rocksdb/rocksdbjni/6.0.1/rocksdbjni-6.0.1.jar:/home/user/.m2/repository/org/apache/logging/log4j/log4j-api/2.11.0/log4j-api-2.11.0.jar:/home/user/.m2/repository/org/apache/logging/log4j/log4j-core/2.11.0/log4j-core-2.11.0.jar:/home/user/.m2/repository/com/lmax/disruptor/3.4.2/disruptor-3.4.2.jar:/home/user/.m2/repository/org/apache/commons/commons-pool2/2.6.0/commons-pool2-2.6.0.jar:/home/user/.m2/repository/org/bouncycastle/bcpkix-jdk15on/1.60/bcpkix-jdk15on-1.60.jar:/home/user/.m2/repository/commons-validator/commons-validator/1.6/commons-validator-1.6.jar:/home/user/.m2/repository/commons-digester/commons-digester/1.8.1/commons-digester-1.8.1.jar:/home/user/.m2/repository/io/jaegertracing/jaeger-client/0.33.1/jaeger-client-0.33.1.jar:/home/user/.m2/repository/io/jaegertracing/jaeger-thrift/0.33.1/jaeger-thrift-0.33.1.jar:/home/user/.m2/repository/org/apache/thrift/libthrift/0.11.0/libthrift-0.11.0.jar:/home/user/.m2/repository/com/squareup/okhttp3/okhttp/3.9.0/okhttp-3.9.0.jar:/home/user/.m2/repository/com/squareup/okio/okio/1.13.0/okio-1.13.0.jar:/home/user/.m2/repository/io/jaegertracing/jaeger-core/0.33.1/jaeger-core-0.33.1.jar:/home/user/.m2/repository/io/jaegertracing/jaeger-tracerresolver/0.33.1/jaeger-tracerresolver-0.33.1.jar:/home/user/.m2/repository/io/opentracing/contrib/opentracing-tracerresolver/0.1.5/opentracing-tracerresolver-0.1.5.jar:/home/user/.m2/repository/io/opentracing/opentracing-util/0.31.0/opentracing-util-0.31.0.jar:/home/user/.m2/repository/io/opentracing/opentracing-api/0.31.0/opentracing-api-0.31.0.jar:/home/user/.m2/repository/io/opentracing/opentracing-noop/0.31.0/opentracing-noop-0.31.0.jar:/home/user/.m2/repository/org/apache/hadoop/hadoop-hdds-server-framework/0.5.0-SNAPSHOT/hadoop-hdds-server-framework-0.5.0-SNAPSHOT.jar:/home/user/.m2/repository/org/apache/hadoop/hadoop-hdds-container-service/0.5.0-SNAPSHOT/hadoop-hdds-container-service-0.5.0-SNAPSHOT.jar:/home/user/.m2/repository/org/apache/hadoop/hadoop-hdds-client/0.5.0-SNAPSHOT/hadoop-hdds-client-0.5.0-SNAPSHOT.jar:/home/user/.m2/repository/org/apache/hadoop/hadoop-hdds-tools/0.5.0-SNAPSHOT/hadoop-hdds-tools-0.5.0-SNAPSHOT.jar:/home/user/.m2/repository/org/apache/hadoop/hadoop-hdds-server-scm/0.5.0-SNAPSHOT/hadoop-hdds-server-scm-0.5.0-SNAPSHOT.jar:/home/user/.m2/repository/org/apache/hadoop/hadoop-hdds-docs/0.5.0-SNAPSHOT/hadoop-hdds-docs-0.5.0-SNAPSHOT.jar:/home/user/.m2/repository/io/dropwizard/metrics/metrics-core/3.2.4/metrics-core-3.2.4.jar:/home/user/.m2/repository/org/hamcrest/hamcrest-all/1.3/hamcrest-all-1.3.jar:/home/user/.m2/repository/org/bouncycastle/bcprov-jdk15on/1.60/bcprov-jdk15on-1.60.jar:/home/user/.m2/repository/info/picocli/picocli/3.9.6/picocli-3.9.6.jar:/home/user/.m2/repository/com/google/protobuf/protobuf-java/2.5.0/protobuf-java-2.5.0.jar:/home/user/.m2/repository/com/google/guava/guava/11.0.2/guava-11.0.2.jar:/home/user/.m2/repository/org/apache/hadoop/hadoop-ozone-ozone-manager/0.5.0-SNAPSHOT/hadoop-ozone-ozone-manager-0.5.0-SNAPSHOT.jar:/home/user/.m2/repository/org/apache/hadoop/hadoop-minikdc/3.2.0/hadoop-minikdc-3.2.0.jar:/home/user/.m2/repository/commons-io/commons-io/2.5/commons-io-2.5.jar:/home/user/.m2/repository/org/apache/kerby/kerb-simplekdc/1.0.1/kerb-simplekdc-1.0.1.jar:/home/user/.m2/repository/org/apache/kerby/kerb-client/1.0.1/kerb-client-1.0.1.jar:/home/user/.m2/repository/org/apache/kerby/kerby-config/1.0.1/kerby-config-1.0.1.jar:/home/user/.m2/repository/org/apache/kerby/kerb-core/1.0.1/kerb-core-1.0.1.jar:/home/user/.m2/repository/org/apache/kerby/kerby-pkix/1.0.1/kerby-pkix-1.0.1.jar:/home/user/.m2/repository/org/apache/kerby/kerby-asn1/1.0.1/kerby-asn1-1.0.1.jar:/home/user/.m2/repository/org/apache/kerby/kerby-util/1.0.1/kerby-util-1.0.1.jar:/home/user/.m2/repository/org/apache/kerby/kerb-common/1.0.1/kerb-common-1.0.1.jar:/home/user/.m2/repository/org/apache/kerby/kerb-crypto/1.0.1/kerb-crypto-1.0.1.jar:/home/user/.m2/repository/org/apache/kerby/kerb-util/1.0.1/kerb-util-1.0.1.jar:/home/user/.m2/repository/org/apache/kerby/token-provider/1.0.1/token-provider-1.0.1.jar:/home/user/.m2/repository/org/apache/kerby/kerb-admin/1.0.1/kerb-admin-1.0.1.jar:/home/user/.m2/repository/org/apache/kerby/kerb-server/1.0.1/kerb-server-1.0.1.jar:/home/user/.m2/repository/org/apache/kerby/kerb-identity/1.0.1/kerb-identity-1.0.1.jar:/home/user/.m2/repository/org/apache/kerby/kerby-xdr/1.0.1/kerby-xdr-1.0.1.jar:/home/user/.m2/repository/org/slf4j/slf4j-log4j12/1.7.25/slf4j-log4j12-1.7.25.jar:/home/user/.m2/repository/org/apache/hadoop/hadoop-ozone-objectstore-service/0.5.0-SNAPSHOT/hadoop-ozone-objectstore-service-0.5.0-SNAPSHOT.jar:/home/user/.m2/repository/org/apache/hadoop/hadoop-ozone-s3gateway/0.5.0-SNAPSHOT/hadoop-ozone-s3gateway-0.5.0-SNAPSHOT.jar:/home/user/.m2/repository/org/jboss/weld/servlet/weld-servlet/2.4.7.Final/weld-servlet-2.4.7.Final.jar:/home/user/.m2/repository/org/glassfish/jersey/containers/jersey-container-servlet-core/2.27/jersey-container-servlet-core-2.27.jar:/home/user/.m2/repository/org/glassfish/hk2/external/javax.inject/2.5.0-b42/javax.inject-2.5.0-b42.jar:/home/user/.m2/repository/org/glassfish/jersey/core/jersey-common/2.27/jersey-common-2.27.jar:/home/user/.m2/repository/org/glassfish/hk2/osgi-resource-locator/1.0.1/osgi-resource-locator-1.0.1.jar:/home/user/.m2/repository/javax/ws/rs/javax.ws.rs-api/2.1/javax.ws.rs-api-2.1.jar:/home/user/.m2/repository/org/glassfish/jersey/ext/cdi/jersey-cdi1x/2.27/jersey-cdi1x-2.27.jar:/home/user/.m2/repository/org/glassfish/jersey/inject/jersey-hk2/2.27/jersey-hk2-2.27.jar:/home/user/.m2/repository/org/glassfish/hk2/hk2-locator/2.5.0-b42/hk2-locator-2.5.0-b42.jar:/home/user/.m2/repository/org/javassist/javassist/3.22.0-CR2/javassist-3.22.0-CR2.jar:/home/user/.m2/repository/org/glassfish/hk2/hk2-api/2.5.0/hk2-api-2.5.0.jar:/home/user/.m2/repository/org/glassfish/hk2/external/jakarta.inject/2.5.0/jakarta.inject-2.5.0.jar:/home/user/.m2/repository/org/glassfish/hk2/hk2-utils/2.5.0/hk2-utils-2.5.0.jar:/home/user/.m2/repository/jakarta/annotation/jakarta.annotation-api/1.3.4/jakarta.annotation-api-1.3.4.jar:/home/user/.m2/repository/org/glassfish/hk2/external/aopalliance-repackaged/2.5.0/aopalliance-repackaged-2.5.0.jar:/home/user/.m2/repository/com/fasterxml/jackson/dataformat/jackson-dataformat-xml/2.9.0/jackson-dataformat-xml-2.9.0.jar:/home/user/.m2/repository/com/fasterxml/jackson/core/jackson-core/2.9.5/jackson-core-2.9.5.jar:/home/user/.m2/repository/com/fasterxml/jackson/module/jackson-module-jaxb-annotations/2.9.5/jackson-module-jaxb-annotations-2.9.5.jar:/home/user/.m2/repository/javax/enterprise/cdi-api/1.2/cdi-api-1.2.jar:/home/user/.m2/repository/javax/el/javax.el-api/3.0.0/javax.el-api-3.0.0.jar:/home/user/.m2/repository/javax/interceptor/javax.interceptor-api/1.2/javax.interceptor-api-1.2.jar:/home/user/.m2/repository/javax/inject/javax.inject/1/javax.inject-1.jar:/home/user/.m2/repository/com/sun/xml/bind/jaxb-impl/2.3.0.1/jaxb-impl-2.3.0.1.jar:/home/user/.m2/repository/com/sun/xml/bind/jaxb-core/2.3.0.1/jaxb-core-2.3.0.1.jar:/home/user/.m2/repository/javax/xml/bind/jaxb-api/2.3.0/jaxb-api-2.3.0.jar:/home/user/.m2/repository/javax/activation/activation/1.1.1/activation-1.1.1.jar:/home/user/.m2/repository/org/apache/hadoop/hadoop-ozone-csi/0.5.0-SNAPSHOT/hadoop-ozone-csi-0.5.0-SNAPSHOT.jar:/home/user/.m2/repository/com/google/protobuf/protobuf-java-util/3.5.1/protobuf-java-util-3.5.1.jar:/home/user/.m2/repository/org/apache/hadoop/hadoop-hdds-config/0.5.0-SNAPSHOT/hadoop-hdds-config-0.5.0-SNAPSHOT.jar:/home/user/.m2/repository/io/grpc/grpc-netty/1.17.1/grpc-netty-1.17.1.jar:/home/user/.m2/repository/io/grpc/grpc-core/1.17.1/grpc-core-1.17.1.jar:/home/user/.m2/repository/io/grpc/grpc-context/1.17.1/grpc-context-1.17.1.jar:/home/user/.m2/repository/com/google/errorprone/error_prone_annotations/2.2.0/error_prone_annotations-2.2.0.jar:/home/user/.m2/repository/org/codehaus/mojo/animal-sniffer-annotations/1.17/animal-sniffer-annotations-1.17.jar:/home/user/.m2/repository/io/opencensus/opencensus-api/0.17.0/opencensus-api-0.17.0.jar:/home/user/.m2/repository/io/opencensus/opencensus-contrib-grpc-metrics/0.17.0/opencensus-contrib-grpc-metrics-0.17.0.jar:/home/user/.m2/repository/io/netty/netty-codec-http2/4.1.30.Final/netty-codec-http2-4.1.30.Final.jar:/home/user/.m2/repository/io/netty/netty-codec-http/4.1.30.Final/netty-codec-http-4.1.30.Final.jar:/home/user/.m2/repository/io/netty/netty-codec/4.1.30.Final/netty-codec-4.1.30.Final.jar:/home/user/.m2/repository/io/netty/netty-handler/4.1.30.Final/netty-handler-4.1.30.Final.jar:/home/user/.m2/repository/io/netty/netty-handler-proxy/4.1.30.Final/netty-handler-proxy-4.1.30.Final.jar:/home/user/.m2/repository/io/netty/netty-codec-socks/4.1.30.Final/netty-codec-socks-4.1.30.Final.jar:/home/user/.m2/repository/io/netty/netty-transport-native-epoll/4.1.30.Final/netty-transport-native-epoll-4.1.30.Final.jar:/home/user/.m2/repository/io/netty/netty-common/4.1.30.Final/netty-common-4.1.30.Final.jar:/home/user/.m2/repository/io/netty/netty-buffer/4.1.30.Final/netty-buffer-4.1.30.Final.jar:/home/user/.m2/repository/io/netty/netty-transport/4.1.30.Final/netty-transport-4.1.30.Final.jar:/home/user/.m2/repository/io/netty/netty-resolver/4.1.30.Final/netty-resolver-4.1.30.Final.jar:/home/user/.m2/repository/io/netty/netty-transport-native-unix-common/4.1.30.Final/netty-transport-native-unix-common-4.1.30.Final.jar:/home/user/.m2/repository/io/grpc/grpc-protobuf/1.17.1/grpc-protobuf-1.17.1.jar:/home/user/.m2/repository/com/google/api/grpc/proto-google-common-protos/1.0.0/proto-google-common-protos-1.0.0.jar:/home/user/.m2/repository/io/grpc/grpc-protobuf-lite/1.17.1/grpc-protobuf-lite-1.17.1.jar:/home/user/.m2/repository/io/grpc/grpc-stub/1.17.1/grpc-stub-1.17.1.jar:/home/user/.m2/repository/org/apache/hadoop/hadoop-ozone-recon/0.5.0-SNAPSHOT/hadoop-ozone-recon-0.5.0-SNAPSHOT.jar:/home/user/.m2/repository/org/apache/hadoop/hadoop-ozone-reconcodegen/0.5.0-SNAPSHOT/hadoop-ozone-reconcodegen-0.5.0-SNAPSHOT.jar:/home/user/.m2/repository/com/google/inject/extensions/guice-multibindings/4.0/guice-multibindings-4.0.jar:/home/user/.m2/repository/com/google/inject/guice/4.0/guice-4.0.jar:/home/user/.m2/repository/aopalliance/aopalliance/1.0/aopalliance-1.0.jar:/home/user/.m2/repository/com/google/inject/extensions/guice-servlet/4.0/guice-servlet-4.0.jar:/home/user/.m2/repository/org/glassfish/jersey/containers/jersey-container-servlet/2.27/jersey-container-servlet-2.27.jar:/home/user/.m2/repository/org/glassfish/hk2/guice-bridge/2.5.0/guice-bridge-2.5.0.jar:/home/user/.m2/repository/org/glassfish/jersey/core/jersey-server/2.27/jersey-server-2.27.jar:/home/user/.m2/repository/org/glassfish/jersey/core/jersey-client/2.27/jersey-client-2.27.jar:/home/user/.m2/repository/org/glassfish/jersey/media/jersey-media-jaxb/2.27/jersey-media-jaxb-2.27.jar:/home/user/.m2/repository/javax/validation/validation-api/1.1.0.Final/validation-api-1.1.0.Final.jar:/home/user/.m2/repository/org/glassfish/jersey/media/jersey-media-json-jackson/2.27/jersey-media-json-jackson-2.27.jar:/home/user/.m2/repository/org/glassfish/jersey/ext/jersey-entity-filtering/2.27/jersey-entity-filtering-2.27.jar:/home/user/.m2/repository/com/google/inject/extensions/guice-assistedinject/4.0/guice-assistedinject-4.0.jar:/home/user/.m2/repository/org/jooq/jooq/3.11.10/jooq-3.11.10.jar:/home/user/.m2/repository/org/jooq/jooq-meta/3.11.10/jooq-meta-3.11.10.jar:/home/user/.m2/repository/org/jooq/jooq-codegen/3.11.10/jooq-codegen-3.11.10.jar:/home/user/.m2/repository/com/jolbox/bonecp/0.8.0.RELEASE/bonecp-0.8.0.RELEASE.jar:/home/user/.m2/repository/org/xerial/sqlite-jdbc/3.25.2/sqlite-jdbc-3.25.2.jar:/home/user/.m2/repository/org/springframework/spring-jdbc/5.1.3.RELEASE/spring-jdbc-5.1.3.RELEASE.jar:/home/user/.m2/repository/org/springframework/spring-beans/5.1.3.RELEASE/spring-beans-5.1.3.RELEASE.jar:/home/user/.m2/repository/org/springframework/spring-core/5.1.3.RELEASE/spring-core-5.1.3.RELEASE.jar:/home/user/.m2/repository/org/springframework/spring-jcl/5.1.3.RELEASE/spring-jcl-5.1.3.RELEASE.jar:/home/user/.m2/repository/org/springframework/spring-tx/5.1.3.RELEASE/spring-tx-5.1.3.RELEASE.jar:/home/user/.m2/repository/org/apache/hadoop/hadoop-ozone-client/0.5.0-SNAPSHOT/hadoop-ozone-client-0.5.0-SNAPSHOT.jar:/home/user/.m2/repository/commons-lang/commons-lang/2.6/commons-lang-2.6.jar:/home/user/.m2/repository/org/apache/hadoop/hadoop-ozone-ozone-manager/0.5.0-SNAPSHOT/hadoop-ozone-ozone-manager-0.5.0-SNAPSHOT-tests.jar:/home/user/.m2/repository/junit/junit/4.11/junit-4.11.jar:/home/user/.m2/repository/org/hamcrest/hamcrest-core/1.3/hamcrest-core-1.3.jar:/home/user/.m2/repository/org/openjdk/jmh/jmh-core/1.19/jmh-core-1.19.jar:/home/user/.m2/repository/net/sf/jopt-simple/jopt-simple/4.6/jopt-simple-4.6.jar:/home/user/.m2/repository/org/apache/commons/commons-math3/3.1.1/commons-math3-3.1.1.jar:/home/user/.m2/repository/org/openjdk/jmh/jmh-generator-annprocess/1.19/jmh-generator-annprocess-1.19.jar:/home/user/.m2/repository/org/mockito/mockito-all/1.8.5/mockito-all-1.8.5.jar:/home/user/.m2/repository/org/apache/hadoop/hadoop-kms/3.2.0/hadoop-kms-3.2.0.jar:/home/user/.m2/repository/org/apache/hadoop/hadoop-auth/3.2.0/hadoop-auth-3.2.0.jar:/home/user/.m2/repository/com/nimbusds/nimbus-jose-jwt/4.41.1/nimbus-jose-jwt-4.41.1.jar:/home/user/.m2/repository/com/github/stephenc/jcip/jcip-annotations/1.0-1/jcip-annotations-1.0-1.jar:/home/user/.m2/repository/net/minidev/json-smart/2.3/json-smart-2.3.jar:/home/user/.m2/repository/net/minidev/accessors-smart/1.2/accessors-smart-1.2.jar:/home/user/.m2/repository/org/ow2/asm/asm/5.0.4/asm-5.0.4.jar:/home/user/.m2/repository/org/apache/curator/curator-framework/2.12.0/curator-framework-2.12.0.jar:/home/user/.m2/repository/com/sun/jersey/jersey-core/1.19/jersey-core-1.19.jar:/home/user/.m2/repository/javax/ws/rs/jsr311-api/1.1.1/jsr311-api-1.1.1.jar:/home/user/.m2/repository/com/sun/jersey/jersey-server/1.19/jersey-server-1.19.jar:/home/user/.m2/repository/javax/servlet/javax.servlet-api/3.1.0/javax.servlet-api-3.1.0.jar:/home/user/.m2/repository/org/eclipse/jetty/jetty-server/9.3.24.v20180605/jetty-server-9.3.24.v20180605.jar:/home/user/.m2/repository/org/eclipse/jetty/jetty-http/9.3.24.v20180605/jetty-http-9.3.24.v20180605.jar:/home/user/.m2/repository/org/eclipse/jetty/jetty-io/9.3.24.v20180605/jetty-io-9.3.24.v20180605.jar:/home/user/.m2/repository/org/eclipse/jetty/jetty-webapp/9.3.24.v20180605/jetty-webapp-9.3.24.v20180605.jar:/home/user/.m2/repository/org/eclipse/jetty/jetty-xml/9.3.24.v20180605/jetty-xml-9.3.24.v20180605.jar:/home/user/.m2/repository/log4j/log4j/1.2.17/log4j-1.2.17.jar:/home/user/.m2/repository/org/slf4j/slf4j-api/1.7.25/slf4j-api-1.7.25.jar:/home/user/.m2/repository/org/slf4j/jul-to-slf4j/1.7.25/jul-to-slf4j-1.7.25.jar:/home/user/.m2/repository/org/eclipse/jetty/jetty-util/9.3.24.v20180605/jetty-util-9.3.24.v20180605.jar:/home/user/.m2/repository/com/fasterxml/jackson/core/jackson-databind/2.9.5/jackson-databind-2.9.5.jar:/home/user/.m2/repository/org/apache/hadoop/hadoop-kms/3.2.0/hadoop-kms-3.2.0-tests.jar:/home/user/.m2/repository/org/apache/hadoop/hadoop-hdds-server-scm/0.5.0-SNAPSHOT/hadoop-hdds-server-scm-0.5.0-SNAPSHOT-tests.jar:/home/user/.m2/repository/org/apache/hadoop/hadoop-hdds-container-service/0.5.0-SNAPSHOT/hadoop-hdds-container-service-0.5.0-SNAPSHOT-tests.jar:/home/user/.m2/repository/org/yaml/snakeyaml/1.16/snakeyaml-1.16.jar:/home/user/.m2/repository/org/apache/hadoop/hadoop-common/3.2.0/hadoop-common-3.2.0-tests.jar:/home/user/.m2/repository/org/apache/hadoop/hadoop-annotations/3.2.0/hadoop-annotations-3.2.0.jar:/usr/lib/jvm/java-1.8-openjdk/jre/../lib/tools.jar:/home/user/.m2/repository/commons-cli/commons-cli/1.2/commons-cli-1.2.jar:/home/user/.m2/repository/org/apache/httpcomponents/httpclient/4.5.2/httpclient-4.5.2.jar:/home/user/.m2/repository/org/apache/httpcomponents/httpcore/4.4.4/httpcore-4.4.4.jar:/home/user/.m2/repository/commons-codec/commons-codec/1.11/commons-codec-1.11.jar:/home/user/.m2/repository/commons-net/commons-net/3.6/commons-net-3.6.jar:/home/user/.m2/repository/commons-collections/commons-collections/3.2.2/commons-collections-3.2.2.jar:/home/user/.m2/repository/org/eclipse/jetty/jetty-servlet/9.3.24.v20180605/jetty-servlet-9.3.24.v20180605.jar:/home/user/.m2/repository/org/eclipse/jetty/jetty-security/9.3.24.v20180605/jetty-security-9.3.24.v20180605.jar:/home/user/.m2/repository/javax/servlet/jsp/jsp-api/2.1/jsp-api-2.1.jar:/home/user/.m2/repository/com/sun/jersey/jersey-servlet/1.19/jersey-servlet-1.19.jar:/home/user/.m2/repository/com/sun/jersey/jersey-json/1.19/jersey-json-1.19.jar:/home/user/.m2/repository/org/codehaus/jettison/jettison/1.1/jettison-1.1.jar:/home/user/.m2/repository/org/codehaus/jackson/jackson-core-asl/1.9.13/jackson-core-asl-1.9.13.jar:/home/user/.m2/repository/org/codehaus/jackson/jackson-mapper-asl/1.9.13/jackson-mapper-asl-1.9.13.jar:/home/user/.m2/repository/org/codehaus/jackson/jackson-jaxrs/1.9.13/jackson-jaxrs-1.9.13.jar:/home/user/.m2/repository/org/codehaus/jackson/jackson-xc/1.9.13/jackson-xc-1.9.13.jar:/home/user/.m2/repository/commons-logging/commons-logging/1.1.3/commons-logging-1.1.3.jar:/home/user/.m2/repository/commons-beanutils/commons-beanutils/1.9.3/commons-beanutils-1.9.3.jar:/home/user/.m2/repository/org/apache/commons/commons-configuration2/2.1.1/commons-configuration2-2.1.1.jar:/home/user/.m2/repository/org/apache/commons/commons-lang3/3.7/commons-lang3-3.7.jar:/home/user/.m2/repository/org/apache/commons/commons-text/1.4/commons-text-1.4.jar:/home/user/.m2/repository/org/apache/avro/avro/1.7.7/avro-1.7.7.jar:/home/user/.m2/repository/com/thoughtworks/paranamer/paranamer/2.3/paranamer-2.3.jar:/home/user/.m2/repository/org/xerial/snappy/snappy-java/1.0.5/snappy-java-1.0.5.jar:/home/user/.m2/repository/com/google/re2j/re2j/1.1/re2j-1.1.jar:/home/user/.m2/repository/com/google/code/gson/gson/2.2.4/gson-2.2.4.jar:/home/user/.m2/repository/com/jcraft/jsch/0.1.54/jsch-0.1.54.jar:/home/user/.m2/repository/org/apache/curator/curator-client/2.12.0/curator-client-2.12.0.jar:/home/user/.m2/repository/org/apache/curator/curator-recipes/2.12.0/curator-recipes-2.12.0.jar:/home/user/.m2/repository/com/google/code/findbugs/jsr305/3.0.0/jsr305-3.0.0.jar:/home/user/.m2/repository/org/apache/htrace/htrace-core4/4.1.0-incubating/htrace-core4-4.1.0-incubating.jar:/home/user/.m2/repository/org/apache/zookeeper/zookeeper/3.4.13/zookeeper-3.4.13.jar:/home/user/.m2/repository/org/apache/yetus/audience-annotations/0.5.0/audience-annotations-0.5.0.jar:/home/user/.m2/repository/org/codehaus/woodstox/stax2-api/3.1.4/stax2-api-3.1.4.jar:/home/user/.m2/repository/com/fasterxml/woodstox/woodstox-core/5.0.3/woodstox-core-5.0.3.jar:/home/user/.m2/repository/dnsjava/dnsjava/2.1.7/dnsjava-2.1.7.jar:/home/user/.m2/repository/org/apache/hadoop/hadoop-hdfs/3.2.0/hadoop-hdfs-3.2.0-tests.jar:/home/user/.m2/repository/org/eclipse/jetty/jetty-util-ajax/9.3.24.v20180605/jetty-util-ajax-9.3.24.v20180605.jar:/home/user/.m2/repository/commons-daemon/commons-daemon/1.0.13/commons-daemon-1.0.13.jar:/home/user/.m2/repository/io/netty/netty/3.10.5.Final/netty-3.10.5.Final.jar:/home/user/.m2/repository/io/netty/netty-all/4.0.52.Final/netty-all-4.0.52.Final.jar:/home/user/.m2/repository/org/fusesource/leveldbjni/leveldbjni-all/1.8/leveldbjni-all-1.8.jar:"/>
    <property name="sun.cpu.endian" value="little"/>
    <property name="user.home" value="/home/user"/>
    <property name="user.language" value="en"/>
    <property name="java.specification.vendor" value="Oracle Corporation"/>
    <property name="java.home" value="/usr/lib/jvm/java-1.8-openjdk/jre"/>
    <property name="java.security.krb5.conf" value="/workdir/hadoop-ozone/integration-test/target/test-classes/krb5.conf"/>
    <property name="basedir" value="/workdir/hadoop-ozone/integration-test"/>
    <property name="file.separator" value="/"/>
    <property name="line.separator" value="&#10;"/>
    <property name="java.vm.specification.vendor" value="Oracle Corporation"/>
    <property name="java.specification.name" value="Java Platform API Specification"/>
    <property name="java.awt.graphicsenv" value="sun.awt.X11GraphicsEnvironment"/>
    <property name="surefire.real.class.path" value="/workdir/hadoop-ozone/integration-test/target/surefire/surefirebooter6869353293276886457.jar"/>
    <property name="hadoop.log.dir" value="/workdir/hadoop-ozone/integration-test/target/log"/>
    <property name="sun.boot.class.path" value="/usr/lib/jvm/java-1.8-openjdk/jre/lib/resources.jar:/usr/lib/jvm/java-1.8-openjdk/jre/lib/rt.jar:/usr/lib/jvm/java-1.8-openjdk/jre/lib/sunrsasign.jar:/usr/lib/jvm/java-1.8-openjdk/jre/lib/jsse.jar:/usr/lib/jvm/java-1.8-openjdk/jre/lib/jce.jar:/usr/lib/jvm/java-1.8-openjdk/jre/lib/charsets.jar:/usr/lib/jvm/java-1.8-openjdk/jre/lib/jfr.jar:/usr/lib/jvm/java-1.8-openjdk/jre/classes"/>
    <property name="sun.management.compiler" value="HotSpot 64-Bit Tiered Compilers"/>
    <property name="java.runtime.version" value="1.8.0_212-b04"/>
    <property name="java.net.preferIPv4Stack" value="true"/>
    <property name="user.name" value="jenkins1000"/>
    <property name="path.separator" value=":"/>
    <property name="java.security.egd" value="file:///dev/urandom"/>
    <property name="os.version" value="3.10.0-957.12.2.el7.x86_64"/>
    <property name="java.endorsed.dirs" value="/usr/lib/jvm/java-1.8-openjdk/jre/lib/endorsed"/>
    <property name="java.runtime.name" value="OpenJDK Runtime Environment"/>
    <property name="file.encoding" value="UTF-8"/>
    <property name="java.vm.name" value="OpenJDK 64-Bit Server VM"/>
    <property name="test.build.webapps" value=""/>
    <property name="localRepository" value="/home/user/.m2/repository"/>
    <property name="java.vendor.url.bug" value="https://icedtea.classpath.org/bugzilla"/>
    <property name="java.io.tmpdir" value="/tmp"/>
    <property name="require.test.libhadoop" value=""/>
    <property name="java.version" value="1.8.0_212"/>
    <property name="user.dir" value="/workdir/hadoop-ozone/integration-test"/>
    <property name="os.arch" value="amd64"/>
    <property name="java.vm.specification.name" value="Java Virtual Machine Specification"/>
    <property name="test.build.classes" value="/workdir/hadoop-ozone/integration-test/target/test-classes"/>
    <property name="java.awt.printerjob" value="sun.print.PSPrinterJob"/>
    <property name="sun.os.patch.level" value="unknown"/>
    <property name="hadoop.tmp.dir" value="/workdir/hadoop-ozone/integration-test/target/tmp"/>
    <property name="java.library.path" value="/usr/lib/jvm/java-1.8-openjdk/jre/lib/amd64/server:/usr/lib/jvm/java-1.8-openjdk/jre/lib/amd64:/usr/lib/jvm/java-1.8-openjdk/jre/../lib/amd64:/workdir/hadoop-ozone/integration-test/target/native/target/usr/local/lib:/workdir/hadoop-ozone/integration-test/../../hadoop-common-project/hadoop-common/target/native/target/usr/local/lib:/usr/java/packages/lib/amd64:/usr/lib64:/lib64:/lib:/usr/lib"/>
    <property name="java.vm.info" value="mixed mode"/>
    <property name="java.vendor" value="IcedTea"/>
    <property name="java.vm.version" value="25.212-b04"/>
    <property name="java.ext.dirs" value="/usr/lib/jvm/java-1.8-openjdk/jre/lib/ext:/usr/java/packages/lib/ext"/>
    <property name="sun.io.unicode.encoding" value="UnicodeLittle"/>
    <property name="java.class.version" value="52.0"/>
  </properties>
  <testcase name="testAutomaticPipelineCreationOnPipelineDestroy" classname="org.apache.hadoop.hdds.scm.pipeline.TestRatisPipelineCreateAndDestory" time="30.16"/>
  <testcase name="testPipelineCreationOnNodeRestart" classname="org.apache.hadoop.hdds.scm.pipeline.TestRatisPipelineCreateAndDestory" time="40.358">
    <error message="test timed out after 30000 milliseconds" type="java.lang.Exception">java.lang.Exception: test timed out after 30000 milliseconds
	at java.lang.Thread.sleep(Native Method)
	at org.apache.hadoop.test.GenericTestUtils.waitFor(GenericTestUtils.java:382)
	at org.apache.hadoop.hdds.scm.pipeline.TestRatisPipelineCreateAndDestory.waitForPipelines(TestRatisPipelineCreateAndDestory.java:126)
	at org.apache.hadoop.hdds.scm.pipeline.TestRatisPipelineCreateAndDestory.testPipelineCreationOnNodeRestart(TestRatisPipelineCreateAndDestory.java:121)
	at sun.reflect.NativeMethodAccessorImpl.invoke0(Native Method)
	at sun.reflect.NativeMethodAccessorImpl.invoke(NativeMethodAccessorImpl.java:62)
	at sun.reflect.DelegatingMethodAccessorImpl.invoke(DelegatingMethodAccessorImpl.java:43)
	at java.lang.reflect.Method.invoke(Method.java:498)
	at org.junit.runners.model.FrameworkMethod$1.runReflectiveCall(FrameworkMethod.java:47)
	at org.junit.internal.runners.model.ReflectiveCallable.run(ReflectiveCallable.java:12)
	at org.junit.runners.model.FrameworkMethod.invokeExplosively(FrameworkMethod.java:44)
	at org.junit.internal.runners.statements.InvokeMethod.evaluate(InvokeMethod.java:17)
	at org.junit.internal.runners.statements.FailOnTimeout$StatementThread.run(FailOnTimeout.java:74)
</error>
    <system-out><![CDATA[2019-08-22 21:58:49,759 [Thread-320] WARN  server.ServerUtils (ServerUtils.java:getScmDbDir(145)) - ozone.scm.db.dirs is not configured. We recommend adding this setting. Falling back to ozone.metadata.dirs instead.
2019-08-22 21:58:49,784 [Thread-320] WARN  server.ServerUtils (ServerUtils.java:getScmDbDir(145)) - ozone.scm.db.dirs is not configured. We recommend adding this setting. Falling back to ozone.metadata.dirs instead.
2019-08-22 21:58:49,785 [Thread-320] WARN  server.ServerUtils (ServerUtils.java:getScmDbDir(145)) - ozone.scm.db.dirs is not configured. We recommend adding this setting. Falling back to ozone.metadata.dirs instead.
2019-08-22 21:58:49,785 [Thread-320] INFO  db.DBStoreBuilder (DBStoreBuilder.java:addTable(110)) - using custom profile for table: deletedBlocks
2019-08-22 21:58:49,786 [Thread-320] INFO  db.DBStoreBuilder (DBStoreBuilder.java:processTables(161)) - Using default column profile:DBProfile.DISK for Table:deletedBlocks
2019-08-22 21:58:49,786 [Thread-320] INFO  db.DBStoreBuilder (DBStoreBuilder.java:addTable(110)) - using custom profile for table: validCerts
2019-08-22 21:58:49,786 [Thread-320] INFO  db.DBStoreBuilder (DBStoreBuilder.java:processTables(161)) - Using default column profile:DBProfile.DISK for Table:validCerts
2019-08-22 21:58:49,786 [Thread-320] INFO  db.DBStoreBuilder (DBStoreBuilder.java:addTable(110)) - using custom profile for table: revokedCerts
2019-08-22 21:58:49,787 [Thread-320] INFO  db.DBStoreBuilder (DBStoreBuilder.java:processTables(161)) - Using default column profile:DBProfile.DISK for Table:revokedCerts
2019-08-22 21:58:49,787 [Thread-320] INFO  db.DBStoreBuilder (DBStoreBuilder.java:addTable(110)) - using custom profile for table: default
2019-08-22 21:58:49,787 [Thread-320] INFO  db.DBStoreBuilder (DBStoreBuilder.java:processTables(167)) - Using default column profile:DBProfile.DISK for Table:default
2019-08-22 21:58:49,788 [Thread-320] INFO  db.DBStoreBuilder (DBStoreBuilder.java:getDbProfile(198)) - Using default options. DBProfile.DISK
2019-08-22 21:58:50,041 [Thread-320] INFO  net.NodeSchemaLoader (NodeSchemaLoader.java:loadSchemaFromFile(125)) - Loading file from sun.misc.CompoundEnumeration@7523d8a1
2019-08-22 21:58:50,042 [Thread-320] INFO  net.NodeSchemaLoader (NodeSchemaLoader.java:loadSchema(171)) - Loading network topology layer schema file
2019-08-22 21:58:50,046 [Thread-320] INFO  node.SCMNodeManager (SCMNodeManager.java:<init>(121)) - Entering startup safe mode.
2019-08-22 21:58:50,047 [Thread-320] INFO  algorithms.ContainerPlacementPolicyFactory (ContainerPlacementPolicyFactory.java:getPolicy(55)) - Create container placement policy of type org.apache.hadoop.hdds.scm.container.placement.algorithms.SCMContainerPlacementRandom
2019-08-22 21:58:50,047 [Thread-320] WARN  server.ServerUtils (ServerUtils.java:getScmDbDir(145)) - ozone.scm.db.dirs is not configured. We recommend adding this setting. Falling back to ozone.metadata.dirs instead.
2019-08-22 21:58:50,139 [Thread-320] INFO  pipeline.SCMPipelineManager (SCMPipelineManager.java:initializePipelineState(126)) - No pipeline exists in current db
2019-08-22 21:58:50,140 [Thread-320] WARN  server.ServerUtils (ServerUtils.java:getScmDbDir(145)) - ozone.scm.db.dirs is not configured. We recommend adding this setting. Falling back to ozone.metadata.dirs instead.
2019-08-22 21:58:50,240 [Thread-320] WARN  events.EventQueue (EventQueue.java:fireEvent(175)) - No event handler registered for event TypedEvent{payloadType=SafeModeStatus, name='SafeModeStatus'}
2019-08-22 21:58:50,241 [Thread-320] INFO  ipc.CallQueueManager (CallQueueManager.java:<init>(84)) - Using callQueue: class java.util.concurrent.LinkedBlockingQueue, queueCapacity: 2000, scheduler: class org.apache.hadoop.ipc.DefaultRpcScheduler, ipcBackoff: false.
2019-08-22 21:58:50,242 [Socket Reader #1 for port 38458] INFO  ipc.Server (Server.java:run(1074)) - Starting Socket Reader #1 for port 38458
2019-08-22 21:58:50,244 [Thread-320] INFO  ipc.CallQueueManager (CallQueueManager.java:<init>(84)) - Using callQueue: class java.util.concurrent.LinkedBlockingQueue, queueCapacity: 2000, scheduler: class org.apache.hadoop.ipc.DefaultRpcScheduler, ipcBackoff: false.
2019-08-22 21:58:50,245 [Socket Reader #1 for port 42135] INFO  ipc.Server (Server.java:run(1074)) - Starting Socket Reader #1 for port 42135
2019-08-22 21:58:50,247 [Thread-320] INFO  ipc.CallQueueManager (CallQueueManager.java:<init>(84)) - Using callQueue: class java.util.concurrent.LinkedBlockingQueue, queueCapacity: 2000, scheduler: class org.apache.hadoop.ipc.DefaultRpcScheduler, ipcBackoff: false.
2019-08-22 21:58:50,248 [Socket Reader #1 for port 34432] INFO  ipc.Server (Server.java:run(1074)) - Starting Socket Reader #1 for port 34432
2019-08-22 21:58:50,250 [Thread-320] INFO  hdfs.DFSUtil (DFSUtil.java:httpServerTemplateForNNAndJN(1641)) - Starting Web-server for scm at: http://0.0.0.0:0
2019-08-22 21:58:50,252 [Thread-320] INFO  server.AuthenticationFilter (AuthenticationFilter.java:constructSecretProvider(240)) - Unable to initialize FileSignerSecretProvider, falling back to use random secrets.
2019-08-22 21:58:50,253 [Thread-320] WARN  http.HttpRequestLog (HttpRequestLog.java:getRequestLog(97)) - Jetty request log can only be enabled using Log4j
2019-08-22 21:58:50,255 [Thread-320] INFO  http.HttpServer2 (HttpServer2.java:addGlobalFilter(975)) - Added global filter 'safety' (class=org.apache.hadoop.http.HttpServer2$QuotingInputFilter)
2019-08-22 21:58:50,256 [Thread-320] INFO  http.HttpServer2 (HttpServer2.java:addFilter(948)) - Added filter static_user_filter (class=org.apache.hadoop.http.lib.StaticUserWebFilter$StaticUserFilter) to context scm
2019-08-22 21:58:50,256 [Thread-320] INFO  http.HttpServer2 (HttpServer2.java:addFilter(958)) - Added filter static_user_filter (class=org.apache.hadoop.http.lib.StaticUserWebFilter$StaticUserFilter) to context logs
2019-08-22 21:58:50,257 [Thread-320] INFO  http.HttpServer2 (HttpServer2.java:addFilter(958)) - Added filter static_user_filter (class=org.apache.hadoop.http.lib.StaticUserWebFilter$StaticUserFilter) to context static
2019-08-22 21:58:50,260 [Thread-320] INFO  server.StorageContainerManager (StorageContainerManager.java:start(759)) - StorageContainerLocationProtocol RPC server is listening at /0.0.0.0:34432
2019-08-22 21:58:50,262 [Thread-320] WARN  impl.MetricsConfig (MetricsConfig.java:loadFirst(134)) - Cannot locate configuration: tried hadoop-metrics2-storagecontainermanager.properties,hadoop-metrics2.properties
2019-08-22 21:58:50,264 [Thread-320] INFO  impl.MetricsSystemImpl (MetricsSystemImpl.java:startTimer(374)) - Scheduled Metric snapshot period at 10 second(s).
2019-08-22 21:58:50,264 [Thread-320] INFO  impl.MetricsSystemImpl (MetricsSystemImpl.java:start(191)) - StorageContainerManager metrics system started
2019-08-22 21:58:50,310 [Thread-320] INFO  server.SCMClientProtocolServer (SCMClientProtocolServer.java:start(151)) - RPC server for Client  is listening at /0.0.0.0:34432
2019-08-22 21:58:50,310 [IPC Server Responder] INFO  ipc.Server (Server.java:run(1314)) - IPC Server Responder: starting
2019-08-22 21:58:50,310 [IPC Server listener on 34432] INFO  ipc.Server (Server.java:run(1153)) - IPC Server listener on 34432: starting
2019-08-22 21:58:50,313 [Thread-320] INFO  server.StorageContainerManager (StorageContainerManager.java:start(769)) - ScmBlockLocationProtocol RPC server is listening at /0.0.0.0:42135
2019-08-22 21:58:50,313 [Thread-320] INFO  server.SCMBlockProtocolServer (SCMBlockProtocolServer.java:start(140)) - RPC server for Block Protocol is listening at /0.0.0.0:42135
2019-08-22 21:58:50,313 [IPC Server Responder] INFO  ipc.Server (Server.java:run(1314)) - IPC Server Responder: starting
2019-08-22 21:58:50,313 [IPC Server listener on 42135] INFO  ipc.Server (Server.java:run(1153)) - IPC Server listener on 42135: starting
2019-08-22 21:58:50,316 [Thread-320] INFO  server.StorageContainerManager (StorageContainerManager.java:start(773)) - ScmDatanodeProtocl RPC server is listening at /0.0.0.0:38458
2019-08-22 21:58:50,316 [Thread-320] INFO  server.SCMDatanodeProtocolServer (SCMDatanodeProtocolServer.java:start(191)) - RPC server for DataNodes is listening at /0.0.0.0:38458
2019-08-22 21:58:50,317 [IPC Server Responder] INFO  ipc.Server (Server.java:run(1314)) - IPC Server Responder: starting
2019-08-22 21:58:50,317 [IPC Server listener on 38458] INFO  ipc.Server (Server.java:run(1153)) - IPC Server listener on 38458: starting
2019-08-22 21:58:50,320 [Thread-320] INFO  http.HttpServer2 (HttpServer2.java:bindListener(1191)) - Jetty bound to port 39915
2019-08-22 21:58:50,320 [Thread-320] INFO  server.Server (Server.java:doStart(351)) - jetty-9.3.24.v20180605, build timestamp: 2018-06-05T17:11:56Z, git hash: 84205aa28f11a4f31f2a3b86d1bba2cc8ab69827
2019-08-22 21:58:50,322 [Thread-320] INFO  handler.ContextHandler (ContextHandler.java:doStart(781)) - Started o.e.j.s.ServletContextHandler@e811beb{/logs,file:///workdir/hadoop-ozone/integration-test/target/log,AVAILABLE}
2019-08-22 21:58:50,322 [Thread-320] INFO  handler.ContextHandler (ContextHandler.java:doStart(781)) - Started o.e.j.s.ServletContextHandler@112912a5{/static,file:///workdir/hadoop-ozone/integration-test/target/test-classes/webapps/static,AVAILABLE}
2019-08-22 21:58:50,327 [Thread-320] INFO  handler.ContextHandler (ContextHandler.java:doStart(781)) - Started o.e.j.w.WebAppContext@360f3908{/,file:///workdir/hadoop-ozone/integration-test/target/test-classes/webapps/scm/,AVAILABLE}{/scm}
2019-08-22 21:58:50,327 [Thread-320] INFO  server.AbstractConnector (AbstractConnector.java:doStart(278)) - Started ServerConnector@a398aef{HTTP/1.1,[http/1.1]}{0.0.0.0:39915}
2019-08-22 21:58:50,328 [Thread-320] INFO  server.Server (Server.java:doStart(419)) - Started @31314ms
2019-08-22 21:58:50,329 [Thread-320] INFO  server.BaseHttpServer (BaseHttpServer.java:updateConnectorAddress(213)) - HTTP server of SCM is listening at http://0.0.0.0:39915
2019-08-22 21:58:50,330 [Thread-320] WARN  server.ServerUtils (ServerUtils.java:getDBPath(222)) - ozone.om.db.dirs is not configured. We recommend adding this setting. Falling back to ozone.metadata.dirs instead.
2019-08-22 21:58:50,330 [org.apache.hadoop.util.JvmPauseMonitor$Monitor@6fb18a6d] INFO  util.JvmPauseMonitor (JvmPauseMonitor.java:run(188)) - Starting JVM pause monitor
2019-08-22 21:58:50,354 [Thread-320] WARN  server.ServerUtils (ServerUtils.java:getDBPath(222)) - ozone.om.db.dirs is not configured. We recommend adding this setting. Falling back to ozone.metadata.dirs instead.
2019-08-22 21:58:50,354 [Thread-320] WARN  server.ServerUtils (ServerUtils.java:getDBPath(222)) - ozone.om.db.dirs is not configured. We recommend adding this setting. Falling back to ozone.metadata.dirs instead.
2019-08-22 21:58:50,355 [Thread-320] INFO  om.OzoneManager (OzoneManager.java:setOMNodeDetails(648)) - OM Service ID is not set. Setting it to the default ID: omServiceIdDefault
2019-08-22 21:58:50,355 [Thread-320] INFO  om.OzoneManager (OzoneManager.java:setOMNodeDetails(654)) - OM Node ID is not set. Setting it to the OmStorage's OmID: 1a0f89a8-bebc-4acf-a769-a092d52e7ed7
2019-08-22 21:58:50,355 [Thread-320] INFO  om.OzoneManager (OzoneManager.java:loadOMHAConfigs(605)) - Found matching OM address with OMServiceId: null, OMNodeId: null, RPC Address: localhost:0 and Ratis port: 9872
2019-08-22 21:58:50,360 | INFO  | SCMAudit | user=jenkins1000 | ip=192.168.36.125 | op=GET_SCM_INFO null | ret=SUCCESS |  
2019-08-22 21:58:50,363 [Thread-320] WARN  server.ServerUtils (ServerUtils.java:getDBPath(222)) - ozone.om.db.dirs is not configured. We recommend adding this setting. Falling back to ozone.metadata.dirs instead.
2019-08-22 21:58:50,363 [Thread-320] INFO  db.DBStoreBuilder (DBStoreBuilder.java:addTable(110)) - using custom profile for table: userTable
2019-08-22 21:58:50,363 [Thread-320] INFO  db.DBStoreBuilder (DBStoreBuilder.java:processTables(161)) - Using default column profile:DBProfile.DISK for Table:userTable
2019-08-22 21:58:50,364 [Thread-320] INFO  db.DBStoreBuilder (DBStoreBuilder.java:addTable(110)) - using custom profile for table: volumeTable
2019-08-22 21:58:50,364 [Thread-320] INFO  db.DBStoreBuilder (DBStoreBuilder.java:processTables(161)) - Using default column profile:DBProfile.DISK for Table:volumeTable
2019-08-22 21:58:50,364 [Thread-320] INFO  db.DBStoreBuilder (DBStoreBuilder.java:addTable(110)) - using custom profile for table: bucketTable
2019-08-22 21:58:50,364 [Thread-320] INFO  db.DBStoreBuilder (DBStoreBuilder.java:processTables(161)) - Using default column profile:DBProfile.DISK for Table:bucketTable
2019-08-22 21:58:50,365 [Thread-320] INFO  db.DBStoreBuilder (DBStoreBuilder.java:addTable(110)) - using custom profile for table: keyTable
2019-08-22 21:58:50,365 [Thread-320] INFO  db.DBStoreBuilder (DBStoreBuilder.java:processTables(161)) - Using default column profile:DBProfile.DISK for Table:keyTable
2019-08-22 21:58:50,365 [Thread-320] INFO  db.DBStoreBuilder (DBStoreBuilder.java:addTable(110)) - using custom profile for table: deletedTable
2019-08-22 21:58:50,365 [Thread-320] INFO  db.DBStoreBuilder (DBStoreBuilder.java:processTables(161)) - Using default column profile:DBProfile.DISK for Table:deletedTable
2019-08-22 21:58:50,365 [Thread-320] INFO  db.DBStoreBuilder (DBStoreBuilder.java:addTable(110)) - using custom profile for table: openKeyTable
2019-08-22 21:58:50,366 [Thread-320] INFO  db.DBStoreBuilder (DBStoreBuilder.java:processTables(161)) - Using default column profile:DBProfile.DISK for Table:openKeyTable
2019-08-22 21:58:50,366 [Thread-320] INFO  db.DBStoreBuilder (DBStoreBuilder.java:addTable(110)) - using custom profile for table: s3Table
2019-08-22 21:58:50,366 [Thread-320] INFO  db.DBStoreBuilder (DBStoreBuilder.java:processTables(161)) - Using default column profile:DBProfile.DISK for Table:s3Table
2019-08-22 21:58:50,366 [Thread-320] INFO  db.DBStoreBuilder (DBStoreBuilder.java:addTable(110)) - using custom profile for table: multipartInfoTable
2019-08-22 21:58:50,366 [Thread-320] INFO  db.DBStoreBuilder (DBStoreBuilder.java:processTables(161)) - Using default column profile:DBProfile.DISK for Table:multipartInfoTable
2019-08-22 21:58:50,367 [Thread-320] INFO  db.DBStoreBuilder (DBStoreBuilder.java:addTable(110)) - using custom profile for table: dTokenTable
2019-08-22 21:58:50,367 [Thread-320] INFO  db.DBStoreBuilder (DBStoreBuilder.java:processTables(161)) - Using default column profile:DBProfile.DISK for Table:dTokenTable
2019-08-22 21:58:50,367 [Thread-320] INFO  db.DBStoreBuilder (DBStoreBuilder.java:addTable(110)) - using custom profile for table: s3SecretTable
2019-08-22 21:58:50,367 [Thread-320] INFO  db.DBStoreBuilder (DBStoreBuilder.java:processTables(161)) - Using default column profile:DBProfile.DISK for Table:s3SecretTable
2019-08-22 21:58:50,368 [Thread-320] INFO  db.DBStoreBuilder (DBStoreBuilder.java:addTable(110)) - using custom profile for table: prefixTable
2019-08-22 21:58:50,368 [Thread-320] INFO  db.DBStoreBuilder (DBStoreBuilder.java:processTables(161)) - Using default column profile:DBProfile.DISK for Table:prefixTable
2019-08-22 21:58:50,368 [Thread-320] INFO  db.DBStoreBuilder (DBStoreBuilder.java:addTable(110)) - using custom profile for table: default
2019-08-22 21:58:50,368 [Thread-320] INFO  db.DBStoreBuilder (DBStoreBuilder.java:processTables(167)) - Using default column profile:DBProfile.DISK for Table:default
2019-08-22 21:58:50,368 [Thread-320] INFO  db.DBStoreBuilder (DBStoreBuilder.java:getDbProfile(198)) - Using default options. DBProfile.DISK
2019-08-22 21:58:51,134 [Thread-320] INFO  ipc.CallQueueManager (CallQueueManager.java:<init>(84)) - Using callQueue: class java.util.concurrent.LinkedBlockingQueue, queueCapacity: 2000, scheduler: class org.apache.hadoop.ipc.DefaultRpcScheduler, ipcBackoff: false.
2019-08-22 21:58:51,135 [Socket Reader #1 for port 33817] INFO  ipc.Server (Server.java:run(1074)) - Starting Socket Reader #1 for port 33817
2019-08-22 21:58:51,148 [Thread-320] INFO  om.OzoneManager (OzoneManager.java:start(1259)) - OzoneManager RPC server is listening at localhost/127.0.0.1:33817
2019-08-22 21:58:51,148 [Thread-320] INFO  impl.MetricsSystemImpl (MetricsSystemImpl.java:init(158)) - OzoneManager metrics system started (again)
2019-08-22 21:58:51,149 [IPC Server listener on 33817] INFO  ipc.Server (Server.java:run(1153)) - IPC Server listener on 33817: starting
2019-08-22 21:58:51,149 [IPC Server Responder] INFO  ipc.Server (Server.java:run(1314)) - IPC Server Responder: starting
2019-08-22 21:58:51,153 [Thread-320] INFO  hdfs.DFSUtil (DFSUtil.java:httpServerTemplateForNNAndJN(1641)) - Starting Web-server for ozoneManager at: http://0.0.0.0:0
2019-08-22 21:58:51,155 [Thread-320] INFO  server.AuthenticationFilter (AuthenticationFilter.java:constructSecretProvider(240)) - Unable to initialize FileSignerSecretProvider, falling back to use random secrets.
2019-08-22 21:58:51,155 [Thread-320] WARN  http.HttpRequestLog (HttpRequestLog.java:getRequestLog(97)) - Jetty request log can only be enabled using Log4j
2019-08-22 21:58:51,157 [Thread-320] INFO  http.HttpServer2 (HttpServer2.java:addGlobalFilter(975)) - Added global filter 'safety' (class=org.apache.hadoop.http.HttpServer2$QuotingInputFilter)
2019-08-22 21:58:51,158 [Thread-320] INFO  http.HttpServer2 (HttpServer2.java:addFilter(948)) - Added filter static_user_filter (class=org.apache.hadoop.http.lib.StaticUserWebFilter$StaticUserFilter) to context ozoneManager
2019-08-22 21:58:51,159 [Thread-320] INFO  http.HttpServer2 (HttpServer2.java:addFilter(958)) - Added filter static_user_filter (class=org.apache.hadoop.http.lib.StaticUserWebFilter$StaticUserFilter) to context logs
2019-08-22 21:58:51,159 [Thread-320] INFO  http.HttpServer2 (HttpServer2.java:addFilter(958)) - Added filter static_user_filter (class=org.apache.hadoop.http.lib.StaticUserWebFilter$StaticUserFilter) to context static
2019-08-22 21:58:51,160 [Thread-320] INFO  http.HttpServer2 (HttpServer2.java:bindListener(1191)) - Jetty bound to port 35066
2019-08-22 21:58:51,160 [Thread-320] INFO  server.Server (Server.java:doStart(351)) - jetty-9.3.24.v20180605, build timestamp: 2018-06-05T17:11:56Z, git hash: 84205aa28f11a4f31f2a3b86d1bba2cc8ab69827
2019-08-22 21:58:51,162 [Thread-320] INFO  handler.ContextHandler (ContextHandler.java:doStart(781)) - Started o.e.j.s.ServletContextHandler@1f3003f1{/logs,file:///workdir/hadoop-ozone/integration-test/target/log,AVAILABLE}
2019-08-22 21:58:51,162 [Thread-320] INFO  handler.ContextHandler (ContextHandler.java:doStart(781)) - Started o.e.j.s.ServletContextHandler@214e3c4f{/static,file:///workdir/hadoop-ozone/integration-test/target/test-classes/webapps/static,AVAILABLE}
2019-08-22 21:58:51,168 [Thread-320] INFO  handler.ContextHandler (ContextHandler.java:doStart(781)) - Started o.e.j.w.WebAppContext@11bd136a{/,file:///workdir/hadoop-ozone/integration-test/target/test-classes/webapps/ozoneManager/,AVAILABLE}{/ozoneManager}
2019-08-22 21:58:51,170 [Thread-320] INFO  server.AbstractConnector (AbstractConnector.java:doStart(278)) - Started ServerConnector@51dcd328{HTTP/1.1,[http/1.1]}{0.0.0.0:35066}
2019-08-22 21:58:51,170 [Thread-320] INFO  server.Server (Server.java:doStart(419)) - Started @32156ms
2019-08-22 21:58:51,171 [Thread-320] INFO  server.BaseHttpServer (BaseHttpServer.java:updateConnectorAddress(213)) - HTTP server of OZONEMANAGER is listening at http://0.0.0.0:35066
2019-08-22 21:58:51,181 [Thread-320] INFO  impl.MetricsSystemImpl (MetricsSystemImpl.java:init(158)) - HddsDatanode metrics system started (again)
2019-08-22 21:58:51,183 [Thread-320] INFO  ozone.HddsDatanodeService (HddsDatanodeService.java:start(184)) - HddsDatanodeService host:pr-hdds-1975-6rfct-3228563268 ip:192.168.36.125
2019-08-22 21:58:51,192 [Thread-320] INFO  volume.HddsVolume (HddsVolume.java:<init>(176)) - Creating Volume: /workdir/hadoop-ozone/integration-test/target/test-dir/MiniOzoneClusterImpl-9aa50907-0cd2-4e2d-ac3b-81cb5cb09f60/datanode-0/data/containers/hdds of  storage type : DISK and capacity : 1482555576320
2019-08-22 21:58:51,192 [Thread-320] INFO  volume.VolumeSet (VolumeSet.java:initializeVolumeSet(170)) - Added Volume : /workdir/hadoop-ozone/integration-test/target/test-dir/MiniOzoneClusterImpl-9aa50907-0cd2-4e2d-ac3b-81cb5cb09f60/datanode-0/data/containers/hdds to VolumeSet
2019-08-22 21:58:51,192 [Thread-320] INFO  volume.ThrottledAsyncChecker (ThrottledAsyncChecker.java:schedule(140)) - Scheduling a check for org.apache.hadoop.ozone.container.common.volume.HddsVolume@223ddc5f
2019-08-22 21:58:51,193 [Thread-320] INFO  volume.HddsVolumeChecker (HddsVolumeChecker.java:checkAllVolumes(203)) - Scheduled health check for volume org.apache.hadoop.ozone.container.common.volume.HddsVolume@223ddc5f
2019-08-22 21:58:51,210 [Thread-320] INFO  impl.RaftServerProxy (ConfUtils.java:logGet(43)) - raft.rpc.type = GRPC (default)
2019-08-22 21:58:51,210 [Thread-320] INFO  grpc.GrpcFactory (GrpcFactory.java:checkPooledByteBufAllocatorUseCacheForAllThreads(45)) - PERFORMANCE WARNING: useCacheForAllThreads is true that may cause Netty to create a lot garbage objects and, as a result, trigger GC.
	It is recommended to disable useCacheForAllThreads by setting -Dorg.apache.ratis.thirdparty.io.netty.allocator.useCacheForAllThreads=false in command line.
2019-08-22 21:58:51,210 [Thread-320] INFO  grpc.GrpcConfigKeys$Server (ConfUtils.java:logGet(43)) - raft.grpc.server.port = 0 (default)
2019-08-22 21:58:51,210 [Thread-320] INFO  server.GrpcService (ConfUtils.java:logGet(43)) - raft.grpc.message.size.max = 33570816 (custom)
2019-08-22 21:58:51,211 [Thread-320] INFO  server.RaftServerConfigKeys (ConfUtils.java:logGet(43)) - raft.server.log.appender.buffer.byte-limit = 33554432 (custom)
2019-08-22 21:58:51,211 [Thread-320] INFO  server.GrpcService (ConfUtils.java:logGet(43)) - raft.grpc.flow.control.window = 1MB (=1048576) (default)
2019-08-22 21:58:51,211 [Thread-320] INFO  server.RaftServerConfigKeys (ConfUtils.java:logGet(43)) - raft.server.rpc.request.timeout = 3000ms (default)
2019-08-22 21:58:51,212 [Thread-320] INFO  server.RaftServerConfigKeys (ConfUtils.java:logGet(43)) - raft.server.storage.dir = [/workdir/hadoop-ozone/integration-test/target/test-dir/MiniOzoneClusterImpl-9aa50907-0cd2-4e2d-ac3b-81cb5cb09f60/datanode-0/data/ratis] (custom)
2019-08-22 21:58:51,212 [Thread-320] INFO  replication.SimpleContainerDownloader (SimpleContainerDownloader.java:<init>(72)) - Starting container downloader service to copy containers to replicate.
2019-08-22 21:58:51,214 [Thread-320] INFO  hdfs.DFSUtil (DFSUtil.java:httpServerTemplateForNNAndJN(1641)) - Starting Web-server for hddsDatanode at: http://0.0.0.0:0
2019-08-22 21:58:51,215 [Thread-320] INFO  server.AuthenticationFilter (AuthenticationFilter.java:constructSecretProvider(240)) - Unable to initialize FileSignerSecretProvider, falling back to use random secrets.
2019-08-22 21:58:51,216 [Thread-320] WARN  http.HttpRequestLog (HttpRequestLog.java:getRequestLog(97)) - Jetty request log can only be enabled using Log4j
2019-08-22 21:58:51,217 [Thread-320] INFO  http.HttpServer2 (HttpServer2.java:addGlobalFilter(975)) - Added global filter 'safety' (class=org.apache.hadoop.http.HttpServer2$QuotingInputFilter)
2019-08-22 21:58:51,218 [Thread-320] INFO  http.HttpServer2 (HttpServer2.java:addFilter(948)) - Added filter static_user_filter (class=org.apache.hadoop.http.lib.StaticUserWebFilter$StaticUserFilter) to context hddsDatanode
2019-08-22 21:58:51,218 [Thread-320] INFO  http.HttpServer2 (HttpServer2.java:addFilter(958)) - Added filter static_user_filter (class=org.apache.hadoop.http.lib.StaticUserWebFilter$StaticUserFilter) to context static
2019-08-22 21:58:51,218 [Thread-320] INFO  http.HttpServer2 (HttpServer2.java:addFilter(958)) - Added filter static_user_filter (class=org.apache.hadoop.http.lib.StaticUserWebFilter$StaticUserFilter) to context logs
2019-08-22 21:58:51,219 [Thread-320] INFO  http.HttpServer2 (HttpServer2.java:bindListener(1191)) - Jetty bound to port 35041
2019-08-22 21:58:51,219 [Thread-320] INFO  server.Server (Server.java:doStart(351)) - jetty-9.3.24.v20180605, build timestamp: 2018-06-05T17:11:56Z, git hash: 84205aa28f11a4f31f2a3b86d1bba2cc8ab69827
2019-08-22 21:58:51,221 [Thread-320] INFO  handler.ContextHandler (ContextHandler.java:doStart(781)) - Started o.e.j.s.ServletContextHandler@729a8123{/logs,file:///workdir/hadoop-ozone/integration-test/target/log,AVAILABLE}
2019-08-22 21:58:51,221 [Thread-320] INFO  handler.ContextHandler (ContextHandler.java:doStart(781)) - Started o.e.j.s.ServletContextHandler@1b50a3a2{/static,jar:file:/home/user/.m2/repository/org/apache/hadoop/hadoop-hdds-container-service/0.5.0-SNAPSHOT/hadoop-hdds-container-service-0.5.0-SNAPSHOT.jar!/webapps/static,AVAILABLE}
2019-08-22 21:58:51,253 [Thread-320] INFO  handler.ContextHandler (ContextHandler.java:doStart(781)) - Started o.e.j.w.WebAppContext@1c218667{/,file:///tmp/jetty-0.0.0.0-35041-hddsDatanode-_-any-467057899921898708.dir/webapp/,AVAILABLE}{/hddsDatanode}
2019-08-22 21:58:51,254 [Thread-320] INFO  server.AbstractConnector (AbstractConnector.java:doStart(278)) - Started ServerConnector@634e333e{HTTP/1.1,[http/1.1]}{0.0.0.0:35041}
2019-08-22 21:58:51,255 [Thread-320] INFO  server.Server (Server.java:doStart(419)) - Started @32241ms
2019-08-22 21:58:51,255 [Thread-320] INFO  server.BaseHttpServer (BaseHttpServer.java:updateConnectorAddress(213)) - HTTP server of HDDSDATANODE is listening at http://0.0.0.0:35041
2019-08-22 21:58:51,402 | INFO  | ObjectStoreRestHttpServer | Listening HDDS REST traffic on /0.0.0.0:37595 |  
2019-08-22 21:58:51,402 [Thread-320] INFO  ozone.HddsDatanodeService (HddsDatanodeService.java:startPlugins(395)) - Started plug-in org.apache.hadoop.ozone.web.OzoneHddsDatanodeService@687fbee9
2019-08-22 21:58:51,402 [Thread-320] INFO  impl.MetricsSystemImpl (MetricsSystemImpl.java:init(158)) - HddsDatanode metrics system started (again)
2019-08-22 21:58:51,405 [org.apache.hadoop.util.JvmPauseMonitor$Monitor@409e0043] INFO  util.JvmPauseMonitor (JvmPauseMonitor.java:run(188)) - Starting JVM pause monitor
2019-08-22 21:58:51,405 [Thread-320] INFO  ozone.HddsDatanodeService (HddsDatanodeService.java:start(184)) - HddsDatanodeService host:pr-hdds-1975-6rfct-3228563268 ip:192.168.36.125
2019-08-22 21:58:51,407 [Datanode State Machine Thread - 0] INFO  datanode.InitDatanodeState (InitDatanodeState.java:persistContainerDatanodeDetails(140)) - DatanodeDetails is persisted to /workdir/hadoop-ozone/integration-test/target/test-dir/MiniOzoneClusterImpl-9aa50907-0cd2-4e2d-ac3b-81cb5cb09f60/datanode-0/meta/datanode.id
2019-08-22 21:58:51,412 [Thread-320] INFO  volume.HddsVolume (HddsVolume.java:<init>(176)) - Creating Volume: /workdir/hadoop-ozone/integration-test/target/test-dir/MiniOzoneClusterImpl-9aa50907-0cd2-4e2d-ac3b-81cb5cb09f60/datanode-1/data/containers/hdds of  storage type : DISK and capacity : 1482555576320
2019-08-22 21:58:51,412 [Thread-320] INFO  volume.VolumeSet (VolumeSet.java:initializeVolumeSet(170)) - Added Volume : /workdir/hadoop-ozone/integration-test/target/test-dir/MiniOzoneClusterImpl-9aa50907-0cd2-4e2d-ac3b-81cb5cb09f60/datanode-1/data/containers/hdds to VolumeSet
2019-08-22 21:58:51,413 [Thread-320] INFO  volume.ThrottledAsyncChecker (ThrottledAsyncChecker.java:schedule(140)) - Scheduling a check for org.apache.hadoop.ozone.container.common.volume.HddsVolume@2c31eaa6
2019-08-22 21:58:51,413 [Thread-320] INFO  volume.HddsVolumeChecker (HddsVolumeChecker.java:checkAllVolumes(203)) - Scheduled health check for volume org.apache.hadoop.ozone.container.common.volume.HddsVolume@2c31eaa6
2019-08-22 21:58:51,426 [Thread-320] INFO  impl.RaftServerProxy (ConfUtils.java:logGet(43)) - raft.rpc.type = GRPC (default)
2019-08-22 21:58:51,426 [Thread-320] INFO  grpc.GrpcFactory (GrpcFactory.java:checkPooledByteBufAllocatorUseCacheForAllThreads(45)) - PERFORMANCE WARNING: useCacheForAllThreads is true that may cause Netty to create a lot garbage objects and, as a result, trigger GC.
	It is recommended to disable useCacheForAllThreads by setting -Dorg.apache.ratis.thirdparty.io.netty.allocator.useCacheForAllThreads=false in command line.
2019-08-22 21:58:51,427 [Thread-320] INFO  grpc.GrpcConfigKeys$Server (ConfUtils.java:logGet(43)) - raft.grpc.server.port = 0 (default)
2019-08-22 21:58:51,427 [Thread-320] INFO  server.GrpcService (ConfUtils.java:logGet(43)) - raft.grpc.message.size.max = 33570816 (custom)
2019-08-22 21:58:51,427 [Thread-320] INFO  server.RaftServerConfigKeys (ConfUtils.java:logGet(43)) - raft.server.log.appender.buffer.byte-limit = 33554432 (custom)
2019-08-22 21:58:51,427 [Thread-320] INFO  server.GrpcService (ConfUtils.java:logGet(43)) - raft.grpc.flow.control.window = 1MB (=1048576) (default)
2019-08-22 21:58:51,427 [Thread-320] INFO  server.RaftServerConfigKeys (ConfUtils.java:logGet(43)) - raft.server.rpc.request.timeout = 3000ms (default)
2019-08-22 21:58:51,428 [Thread-320] INFO  server.RaftServerConfigKeys (ConfUtils.java:logGet(43)) - raft.server.storage.dir = [/workdir/hadoop-ozone/integration-test/target/test-dir/MiniOzoneClusterImpl-9aa50907-0cd2-4e2d-ac3b-81cb5cb09f60/datanode-1/data/ratis] (custom)
2019-08-22 21:58:51,428 [Thread-320] INFO  replication.SimpleContainerDownloader (SimpleContainerDownloader.java:<init>(72)) - Starting container downloader service to copy containers to replicate.
2019-08-22 21:58:51,429 [Thread-320] INFO  hdfs.DFSUtil (DFSUtil.java:httpServerTemplateForNNAndJN(1641)) - Starting Web-server for hddsDatanode at: http://0.0.0.0:0
2019-08-22 21:58:51,431 [Thread-320] INFO  server.AuthenticationFilter (AuthenticationFilter.java:constructSecretProvider(240)) - Unable to initialize FileSignerSecretProvider, falling back to use random secrets.
2019-08-22 21:58:51,431 [Thread-320] WARN  http.HttpRequestLog (HttpRequestLog.java:getRequestLog(97)) - Jetty request log can only be enabled using Log4j
2019-08-22 21:58:51,432 [Thread-320] INFO  http.HttpServer2 (HttpServer2.java:addGlobalFilter(975)) - Added global filter 'safety' (class=org.apache.hadoop.http.HttpServer2$QuotingInputFilter)
2019-08-22 21:58:51,433 [Thread-320] INFO  http.HttpServer2 (HttpServer2.java:addFilter(948)) - Added filter static_user_filter (class=org.apache.hadoop.http.lib.StaticUserWebFilter$StaticUserFilter) to context hddsDatanode
2019-08-22 21:58:51,433 [Thread-320] INFO  http.HttpServer2 (HttpServer2.java:addFilter(958)) - Added filter static_user_filter (class=org.apache.hadoop.http.lib.StaticUserWebFilter$StaticUserFilter) to context static
2019-08-22 21:58:51,433 [Thread-320] INFO  http.HttpServer2 (HttpServer2.java:addFilter(958)) - Added filter static_user_filter (class=org.apache.hadoop.http.lib.StaticUserWebFilter$StaticUserFilter) to context logs
2019-08-22 21:58:51,434 [Thread-320] INFO  http.HttpServer2 (HttpServer2.java:bindListener(1191)) - Jetty bound to port 39226
2019-08-22 21:58:51,434 [Thread-320] INFO  server.Server (Server.java:doStart(351)) - jetty-9.3.24.v20180605, build timestamp: 2018-06-05T17:11:56Z, git hash: 84205aa28f11a4f31f2a3b86d1bba2cc8ab69827
2019-08-22 21:58:51,435 [Thread-320] INFO  handler.ContextHandler (ContextHandler.java:doStart(781)) - Started o.e.j.s.ServletContextHandler@319ee7ed{/logs,file:///workdir/hadoop-ozone/integration-test/target/log,AVAILABLE}
2019-08-22 21:58:51,436 [Thread-320] INFO  handler.ContextHandler (ContextHandler.java:doStart(781)) - Started o.e.j.s.ServletContextHandler@6b4e021f{/static,jar:file:/home/user/.m2/repository/org/apache/hadoop/hadoop-hdds-container-service/0.5.0-SNAPSHOT/hadoop-hdds-container-service-0.5.0-SNAPSHOT.jar!/webapps/static,AVAILABLE}
2019-08-22 21:58:51,464 [Thread-320] INFO  handler.ContextHandler (ContextHandler.java:doStart(781)) - Started o.e.j.w.WebAppContext@3fe2899{/,file:///tmp/jetty-0.0.0.0-39226-hddsDatanode-_-any-3479047354753115382.dir/webapp/,AVAILABLE}{/hddsDatanode}
2019-08-22 21:58:51,464 [Thread-320] INFO  server.AbstractConnector (AbstractConnector.java:doStart(278)) - Started ServerConnector@37fa0fa2{HTTP/1.1,[http/1.1]}{0.0.0.0:39226}
2019-08-22 21:58:51,465 [Thread-320] INFO  server.Server (Server.java:doStart(419)) - Started @32451ms
2019-08-22 21:58:51,466 [Thread-320] INFO  server.BaseHttpServer (BaseHttpServer.java:updateConnectorAddress(213)) - HTTP server of HDDSDATANODE is listening at http://0.0.0.0:39226
2019-08-22 21:58:51,586 | INFO  | ObjectStoreRestHttpServer | Listening HDDS REST traffic on /0.0.0.0:42250 |  
2019-08-22 21:58:51,586 [Thread-320] INFO  ozone.HddsDatanodeService (HddsDatanodeService.java:startPlugins(395)) - Started plug-in org.apache.hadoop.ozone.web.OzoneHddsDatanodeService@a159108
2019-08-22 21:58:51,587 [Thread-320] INFO  impl.MetricsSystemImpl (MetricsSystemImpl.java:init(158)) - HddsDatanode metrics system started (again)
2019-08-22 21:58:51,589 [Thread-320] INFO  ozone.HddsDatanodeService (HddsDatanodeService.java:start(184)) - HddsDatanodeService host:pr-hdds-1975-6rfct-3228563268 ip:192.168.36.125
2019-08-22 21:58:51,590 [org.apache.hadoop.util.JvmPauseMonitor$Monitor@245ba55c] INFO  util.JvmPauseMonitor (JvmPauseMonitor.java:run(188)) - Starting JVM pause monitor
2019-08-22 21:58:51,593 [Datanode State Machine Thread - 0] INFO  datanode.InitDatanodeState (InitDatanodeState.java:persistContainerDatanodeDetails(140)) - DatanodeDetails is persisted to /workdir/hadoop-ozone/integration-test/target/test-dir/MiniOzoneClusterImpl-9aa50907-0cd2-4e2d-ac3b-81cb5cb09f60/datanode-1/meta/datanode.id
2019-08-22 21:58:51,597 [Thread-320] INFO  volume.HddsVolume (HddsVolume.java:<init>(176)) - Creating Volume: /workdir/hadoop-ozone/integration-test/target/test-dir/MiniOzoneClusterImpl-9aa50907-0cd2-4e2d-ac3b-81cb5cb09f60/datanode-2/data/containers/hdds of  storage type : DISK and capacity : 1482555576320
2019-08-22 21:58:51,597 [Thread-320] INFO  volume.VolumeSet (VolumeSet.java:initializeVolumeSet(170)) - Added Volume : /workdir/hadoop-ozone/integration-test/target/test-dir/MiniOzoneClusterImpl-9aa50907-0cd2-4e2d-ac3b-81cb5cb09f60/datanode-2/data/containers/hdds to VolumeSet
2019-08-22 21:58:51,598 [Thread-320] INFO  volume.ThrottledAsyncChecker (ThrottledAsyncChecker.java:schedule(140)) - Scheduling a check for org.apache.hadoop.ozone.container.common.volume.HddsVolume@210f468e
2019-08-22 21:58:51,598 [Thread-320] INFO  volume.HddsVolumeChecker (HddsVolumeChecker.java:checkAllVolumes(203)) - Scheduled health check for volume org.apache.hadoop.ozone.container.common.volume.HddsVolume@210f468e
2019-08-22 21:58:51,613 [Thread-320] INFO  impl.RaftServerProxy (ConfUtils.java:logGet(43)) - raft.rpc.type = GRPC (default)
2019-08-22 21:58:51,613 [Thread-320] INFO  grpc.GrpcFactory (GrpcFactory.java:checkPooledByteBufAllocatorUseCacheForAllThreads(45)) - PERFORMANCE WARNING: useCacheForAllThreads is true that may cause Netty to create a lot garbage objects and, as a result, trigger GC.
	It is recommended to disable useCacheForAllThreads by setting -Dorg.apache.ratis.thirdparty.io.netty.allocator.useCacheForAllThreads=false in command line.
2019-08-22 21:58:51,613 [Thread-320] INFO  grpc.GrpcConfigKeys$Server (ConfUtils.java:logGet(43)) - raft.grpc.server.port = 0 (default)
2019-08-22 21:58:51,613 [Thread-320] INFO  server.GrpcService (ConfUtils.java:logGet(43)) - raft.grpc.message.size.max = 33570816 (custom)
2019-08-22 21:58:51,613 [Thread-320] INFO  server.RaftServerConfigKeys (ConfUtils.java:logGet(43)) - raft.server.log.appender.buffer.byte-limit = 33554432 (custom)
2019-08-22 21:58:51,614 [Thread-320] INFO  server.GrpcService (ConfUtils.java:logGet(43)) - raft.grpc.flow.control.window = 1MB (=1048576) (default)
2019-08-22 21:58:51,614 [Thread-320] INFO  server.RaftServerConfigKeys (ConfUtils.java:logGet(43)) - raft.server.rpc.request.timeout = 3000ms (default)
2019-08-22 21:58:51,614 [Thread-320] INFO  server.RaftServerConfigKeys (ConfUtils.java:logGet(43)) - raft.server.storage.dir = [/workdir/hadoop-ozone/integration-test/target/test-dir/MiniOzoneClusterImpl-9aa50907-0cd2-4e2d-ac3b-81cb5cb09f60/datanode-2/data/ratis] (custom)
2019-08-22 21:58:51,615 [Thread-320] INFO  replication.SimpleContainerDownloader (SimpleContainerDownloader.java:<init>(72)) - Starting container downloader service to copy containers to replicate.
2019-08-22 21:58:51,616 [Thread-320] INFO  hdfs.DFSUtil (DFSUtil.java:httpServerTemplateForNNAndJN(1641)) - Starting Web-server for hddsDatanode at: http://0.0.0.0:0
2019-08-22 21:58:51,617 [Thread-320] INFO  server.AuthenticationFilter (AuthenticationFilter.java:constructSecretProvider(240)) - Unable to initialize FileSignerSecretProvider, falling back to use random secrets.
2019-08-22 21:58:51,617 [Thread-320] WARN  http.HttpRequestLog (HttpRequestLog.java:getRequestLog(97)) - Jetty request log can only be enabled using Log4j
2019-08-22 21:58:51,618 [Thread-320] INFO  http.HttpServer2 (HttpServer2.java:addGlobalFilter(975)) - Added global filter 'safety' (class=org.apache.hadoop.http.HttpServer2$QuotingInputFilter)
2019-08-22 21:58:51,619 [Thread-320] INFO  http.HttpServer2 (HttpServer2.java:addFilter(948)) - Added filter static_user_filter (class=org.apache.hadoop.http.lib.StaticUserWebFilter$StaticUserFilter) to context hddsDatanode
2019-08-22 21:58:51,619 [Thread-320] INFO  http.HttpServer2 (HttpServer2.java:addFilter(958)) - Added filter static_user_filter (class=org.apache.hadoop.http.lib.StaticUserWebFilter$StaticUserFilter) to context static
2019-08-22 21:58:51,619 [Thread-320] INFO  http.HttpServer2 (HttpServer2.java:addFilter(958)) - Added filter static_user_filter (class=org.apache.hadoop.http.lib.StaticUserWebFilter$StaticUserFilter) to context logs
2019-08-22 21:58:51,619 [Thread-320] INFO  http.HttpServer2 (HttpServer2.java:bindListener(1191)) - Jetty bound to port 40346
2019-08-22 21:58:51,620 [Thread-320] INFO  server.Server (Server.java:doStart(351)) - jetty-9.3.24.v20180605, build timestamp: 2018-06-05T17:11:56Z, git hash: 84205aa28f11a4f31f2a3b86d1bba2cc8ab69827
2019-08-22 21:58:51,621 [Thread-320] INFO  handler.ContextHandler (ContextHandler.java:doStart(781)) - Started o.e.j.s.ServletContextHandler@55ba1e40{/logs,file:///workdir/hadoop-ozone/integration-test/target/log,AVAILABLE}
2019-08-22 21:58:51,621 [Thread-320] INFO  handler.ContextHandler (ContextHandler.java:doStart(781)) - Started o.e.j.s.ServletContextHandler@7c12d3c7{/static,jar:file:/home/user/.m2/repository/org/apache/hadoop/hadoop-hdds-container-service/0.5.0-SNAPSHOT/hadoop-hdds-container-service-0.5.0-SNAPSHOT.jar!/webapps/static,AVAILABLE}
2019-08-22 21:58:51,648 [Thread-320] INFO  handler.ContextHandler (ContextHandler.java:doStart(781)) - Started o.e.j.w.WebAppContext@31165882{/,file:///tmp/jetty-0.0.0.0-40346-hddsDatanode-_-any-701126996258689973.dir/webapp/,AVAILABLE}{/hddsDatanode}
2019-08-22 21:58:51,648 [Thread-320] INFO  server.AbstractConnector (AbstractConnector.java:doStart(278)) - Started ServerConnector@1edd6a0c{HTTP/1.1,[http/1.1]}{0.0.0.0:40346}
2019-08-22 21:58:51,649 [Thread-320] INFO  server.Server (Server.java:doStart(419)) - Started @32635ms
2019-08-22 21:58:51,650 [Thread-320] INFO  server.BaseHttpServer (BaseHttpServer.java:updateConnectorAddress(213)) - HTTP server of HDDSDATANODE is listening at http://0.0.0.0:40346
2019-08-22 21:58:51,786 | INFO  | ObjectStoreRestHttpServer | Listening HDDS REST traffic on /0.0.0.0:33313 |  
2019-08-22 21:58:51,787 [Thread-320] INFO  ozone.HddsDatanodeService (HddsDatanodeService.java:startPlugins(395)) - Started plug-in org.apache.hadoop.ozone.web.OzoneHddsDatanodeService@1b7a5891
2019-08-22 21:58:51,787 [Thread-320] INFO  ozone.MiniOzoneClusterImpl (MiniOzoneClusterImpl.java:lambda$waitForClusterToBeReady$0(142)) - Waiting for cluster to be ready. Got 0 of 3 DN Heartbeats.
2019-08-22 21:58:51,789 [org.apache.hadoop.util.JvmPauseMonitor$Monitor@4e7b8586] INFO  util.JvmPauseMonitor (JvmPauseMonitor.java:run(188)) - Starting JVM pause monitor
2019-08-22 21:58:51,790 [Datanode State Machine Thread - 0] INFO  datanode.InitDatanodeState (InitDatanodeState.java:persistContainerDatanodeDetails(140)) - DatanodeDetails is persisted to /workdir/hadoop-ozone/integration-test/target/test-dir/MiniOzoneClusterImpl-9aa50907-0cd2-4e2d-ac3b-81cb5cb09f60/datanode-2/meta/datanode.id
2019-08-22 21:58:52,788 [Thread-320] INFO  ozone.MiniOzoneClusterImpl (MiniOzoneClusterImpl.java:lambda$waitForClusterToBeReady$0(142)) - Waiting for cluster to be ready. Got 0 of 3 DN Heartbeats.
2019-08-22 21:58:53,410 | INFO  | SCMAudit | user=jenkins1000 | ip=192.168.36.125 | op=GET_VERSION null | ret=SUCCESS |  
2019-08-22 21:58:53,448 [Datanode State Machine Thread - 0] INFO  ozoneimpl.OzoneContainer (OzoneContainer.java:start(186)) - Attempting to start container services.
2019-08-22 21:58:53,450 [Datanode State Machine Thread - 0] INFO  ozoneimpl.OzoneContainer (OzoneContainer.java:startContainerScrub(160)) - Background container scrubber has been disabled by hdds.containerscrub.enabled
2019-08-22 21:58:53,450 [Datanode State Machine Thread - 0] INFO  ratis.XceiverServerRatis (XceiverServerRatis.java:start(404)) - Starting XceiverServerRatis 2e202f61-106f-4fc0-98c5-9b0733af38dd at port 0
2019-08-22 21:58:53,457 [Datanode State Machine Thread - 0] INFO  impl.RaftServerProxy (RaftServerProxy.java:lambda$start$3(299)) - 2e202f61-106f-4fc0-98c5-9b0733af38dd: start RPC server
2019-08-22 21:58:53,460 [Datanode State Machine Thread - 0] INFO  server.GrpcService (GrpcService.java:startImpl(149)) - 2e202f61-106f-4fc0-98c5-9b0733af38dd: GrpcService started, listening on 0.0.0.0/0.0.0.0:38034
2019-08-22 21:58:53,460 [Datanode State Machine Thread - 0] INFO  ratis.XceiverServerRatis (XceiverServerRatis.java:start(414)) - XceiverServerRatis 2e202f61-106f-4fc0-98c5-9b0733af38dd is started using port 38034
2019-08-22 21:58:53,462 [Datanode State Machine Thread - 0] INFO  server.XceiverServerGrpc (XceiverServerGrpc.java:start(161)) - XceiverServerGrpc 2e202f61-106f-4fc0-98c5-9b0733af38dd is started using port 43890
2019-08-22 21:58:53,592 | INFO  | SCMAudit | user=jenkins1000 | ip=192.168.36.125 | op=GET_VERSION null | ret=SUCCESS |  
2019-08-22 21:58:53,610 [Datanode State Machine Thread - 0] INFO  ozoneimpl.OzoneContainer (OzoneContainer.java:start(186)) - Attempting to start container services.
2019-08-22 21:58:53,614 [Datanode State Machine Thread - 0] INFO  ozoneimpl.OzoneContainer (OzoneContainer.java:startContainerScrub(160)) - Background container scrubber has been disabled by hdds.containerscrub.enabled
2019-08-22 21:58:53,614 [Datanode State Machine Thread - 0] INFO  ratis.XceiverServerRatis (XceiverServerRatis.java:start(404)) - Starting XceiverServerRatis a522e26b-37d5-4999-8a0c-362d85073e49 at port 0
2019-08-22 21:58:53,621 [Datanode State Machine Thread - 0] INFO  impl.RaftServerProxy (RaftServerProxy.java:lambda$start$3(299)) - a522e26b-37d5-4999-8a0c-362d85073e49: start RPC server
2019-08-22 21:58:53,622 [Datanode State Machine Thread - 0] INFO  server.GrpcService (GrpcService.java:startImpl(149)) - a522e26b-37d5-4999-8a0c-362d85073e49: GrpcService started, listening on 0.0.0.0/0.0.0.0:46067
2019-08-22 21:58:53,622 [Datanode State Machine Thread - 0] INFO  ratis.XceiverServerRatis (XceiverServerRatis.java:start(414)) - XceiverServerRatis a522e26b-37d5-4999-8a0c-362d85073e49 is started using port 46067
2019-08-22 21:58:53,624 [Datanode State Machine Thread - 0] INFO  server.XceiverServerGrpc (XceiverServerGrpc.java:start(161)) - XceiverServerGrpc a522e26b-37d5-4999-8a0c-362d85073e49 is started using port 46146
2019-08-22 21:58:53,788 [Thread-320] INFO  ozone.MiniOzoneClusterImpl (MiniOzoneClusterImpl.java:lambda$waitForClusterToBeReady$0(142)) - Waiting for cluster to be ready. Got 0 of 3 DN Heartbeats.
2019-08-22 21:58:53,790 | INFO  | SCMAudit | user=jenkins1000 | ip=192.168.36.125 | op=GET_VERSION null | ret=SUCCESS |  
2019-08-22 21:58:53,805 [Datanode State Machine Thread - 0] INFO  ozoneimpl.OzoneContainer (OzoneContainer.java:start(186)) - Attempting to start container services.
2019-08-22 21:58:53,806 [Datanode State Machine Thread - 0] INFO  ozoneimpl.OzoneContainer (OzoneContainer.java:startContainerScrub(160)) - Background container scrubber has been disabled by hdds.containerscrub.enabled
2019-08-22 21:58:53,806 [Datanode State Machine Thread - 0] INFO  ratis.XceiverServerRatis (XceiverServerRatis.java:start(404)) - Starting XceiverServerRatis f78c023a-1fec-49b9-86f3-237f0eaf7fc7 at port 0
2019-08-22 21:58:53,811 [Datanode State Machine Thread - 0] INFO  impl.RaftServerProxy (RaftServerProxy.java:lambda$start$3(299)) - f78c023a-1fec-49b9-86f3-237f0eaf7fc7: start RPC server
2019-08-22 21:58:53,812 [Datanode State Machine Thread - 0] INFO  server.GrpcService (GrpcService.java:startImpl(149)) - f78c023a-1fec-49b9-86f3-237f0eaf7fc7: GrpcService started, listening on 0.0.0.0/0.0.0.0:35167
2019-08-22 21:58:53,812 [Datanode State Machine Thread - 0] INFO  ratis.XceiverServerRatis (XceiverServerRatis.java:start(414)) - XceiverServerRatis f78c023a-1fec-49b9-86f3-237f0eaf7fc7 is started using port 35167
2019-08-22 21:58:53,813 [Datanode State Machine Thread - 0] INFO  server.XceiverServerGrpc (XceiverServerGrpc.java:start(161)) - XceiverServerGrpc f78c023a-1fec-49b9-86f3-237f0eaf7fc7 is started using port 39648
2019-08-22 21:58:54,789 [Thread-320] INFO  ozone.MiniOzoneClusterImpl (MiniOzoneClusterImpl.java:lambda$waitForClusterToBeReady$0(142)) - Waiting for cluster to be ready. Got 0 of 3 DN Heartbeats.
2019-08-22 21:58:55,410 [IPC Server handler 0 on 38458] INFO  net.NetworkTopology (NetworkTopologyImpl.java:add(110)) - Added a new node: /default-rack/2e202f61-106f-4fc0-98c5-9b0733af38dd
2019-08-22 21:58:55,412 [IPC Server handler 0 on 38458] INFO  node.SCMNodeManager (SCMNodeManager.java:register(273)) - Registered Data node : 2e202f61-106f-4fc0-98c5-9b0733af38dd{ip: 192.168.36.125, host: pr-hdds-1975-6rfct-3228563268, networkLocation: /default-rack, certSerialId: null}
2019-08-22 21:58:55,413 [EventQueue-NodeRegistrationContainerReportForDataNodeSafeModeRule] INFO  safemode.SCMSafeModeManager (DataNodeSafeModeRule.java:process(71)) - SCM in safe mode. 1 DataNodes registered, 1 required.
2019-08-22 21:58:55,415 [EventQueue-NodeRegistrationContainerReportForDataNodeSafeModeRule] INFO  safemode.SCMSafeModeManager (SCMSafeModeManager.java:validateSafeModeExitRules(177)) - ScmSafeModeManager, all rules are successfully validated
2019-08-22 21:58:55,413 | INFO  | SCMAudit | user=jenkins1000 | ip=192.168.36.125 | op=REGISTER {datanodeDetails=2e202f61-106f-4fc0-98c5-9b0733af38dd{ip: 192.168.36.125, host: pr-hdds-1975-6rfct-3228563268, networkLocation: /default-rack, certSerialId: null}} | ret=SUCCESS |  
2019-08-22 21:58:55,415 [EventQueue-NodeRegistrationContainerReportForDataNodeSafeModeRule] INFO  safemode.SCMSafeModeManager (SCMSafeModeManager.java:exitSafeMode(193)) - SCM exiting safe mode.
2019-08-22 21:58:55,437 [grpc-default-executor-0] INFO  impl.RaftServerProxy (RaftServerProxy.java:addNew(89)) - 2e202f61-106f-4fc0-98c5-9b0733af38dd: addNew group-2D7A43DAC0AD:[2e202f61-106f-4fc0-98c5-9b0733af38dd:192.168.36.125:38034] returns group-2D7A43DAC0AD:java.util.concurrent.CompletableFuture@7ae97d48[Not completed]
2019-08-22 21:58:55,439 [pool-113-thread-1] INFO  impl.RaftServerImpl (RaftServerImpl.java:<init>(93)) - 2e202f61-106f-4fc0-98c5-9b0733af38dd: new RaftServerImpl for group-2D7A43DAC0AD:[2e202f61-106f-4fc0-98c5-9b0733af38dd:192.168.36.125:38034] with ContainerStateMachine:uninitialized
2019-08-22 21:58:55,439 [pool-113-thread-1] INFO  server.RaftServerConfigKeys (ConfUtils.java:logGet(43)) - raft.server.rpc.timeout.min = 5s (custom)
2019-08-22 21:58:55,439 [pool-113-thread-1] INFO  server.RaftServerConfigKeys (ConfUtils.java:logGet(43)) - raft.server.rpc.timeout.max = 5200ms (custom)
2019-08-22 21:58:55,439 [pool-113-thread-1] INFO  server.RaftServerConfigKeys (ConfUtils.java:logGet(43)) - raft.server.rpcslowness.timeout = 120s (custom)
2019-08-22 21:58:55,439 [pool-113-thread-1] INFO  server.RaftServerConfigKeys (ConfUtils.java:logGet(43)) - raft.server.sleep.deviation.threshold = 300 (default)
2019-08-22 21:58:55,439 [pool-113-thread-1] INFO  server.RaftServerConfigKeys (ConfUtils.java:logGet(43)) - raft.server.log.appender.install.snapshot.enabled = false (custom)
2019-08-22 21:58:55,440 [pool-113-thread-1] INFO  impl.RaftServerImpl (ServerState.java:<init>(105)) - 2e202f61-106f-4fc0-98c5-9b0733af38dd:group-2D7A43DAC0AD ConfigurationManager, init=-1: [2e202f61-106f-4fc0-98c5-9b0733af38dd:192.168.36.125:38034], old=null, confs=<EMPTY_MAP>
2019-08-22 21:58:55,440 [pool-113-thread-1] INFO  server.RaftServerConfigKeys (ConfUtils.java:logGet(43)) - raft.server.storage.dir = [/workdir/hadoop-ozone/integration-test/target/test-dir/MiniOzoneClusterImpl-9aa50907-0cd2-4e2d-ac3b-81cb5cb09f60/datanode-0/data/ratis] (custom)
2019-08-22 21:58:55,440 [pool-113-thread-1] INFO  storage.RaftStorageDirectory (RaftStorageDirectory.java:analyzeStorage(246)) - The storage directory /workdir/hadoop-ozone/integration-test/target/test-dir/MiniOzoneClusterImpl-9aa50907-0cd2-4e2d-ac3b-81cb5cb09f60/datanode-0/data/ratis/3aa99afd-73d0-4e80-8fd9-2d7a43dac0ad does not exist. Creating ...
2019-08-22 21:58:55,464 [pool-113-thread-1] INFO  storage.RaftStorageDirectory (RaftStorageDirectory.java:tryLock(328)) - Lock on /workdir/hadoop-ozone/integration-test/target/test-dir/MiniOzoneClusterImpl-9aa50907-0cd2-4e2d-ac3b-81cb5cb09f60/datanode-0/data/ratis/3aa99afd-73d0-4e80-8fd9-2d7a43dac0ad/in_use.lock acquired by nodename 4930@pr-hdds-1975-6rfct-3228563268
2019-08-22 21:58:55,478 [pool-113-thread-1] INFO  storage.RaftStorage (RaftStorage.java:format(72)) - Storage directory /workdir/hadoop-ozone/integration-test/target/test-dir/MiniOzoneClusterImpl-9aa50907-0cd2-4e2d-ac3b-81cb5cb09f60/datanode-0/data/ratis/3aa99afd-73d0-4e80-8fd9-2d7a43dac0ad has been successfully formatted.
2019-08-22 21:58:55,478 [pool-113-thread-1] INFO  ratis.ContainerStateMachine (ContainerStateMachine.java:loadSnapshot(226)) - group-2D7A43DAC0AD: The snapshot info is null. Setting the last applied indexto:(t:0, i:~)
2019-08-22 21:58:55,479 [pool-113-thread-1] INFO  server.RaftServerConfigKeys (ConfUtils.java:logGet(43)) - raft.server.leader.election.timeout = 120s (custom)
2019-08-22 21:58:55,479 [pool-113-thread-1] INFO  server.RaftServerConfigKeys (ConfUtils.java:logGet(43)) - raft.server.log.use.memory = false (default)
2019-08-22 21:58:55,479 [pool-113-thread-1] INFO  server.RaftServerConfigKeys (ConfUtils.java:logGet(43)) - raft.server.log.purge.gap = 1000000 (custom)
2019-08-22 21:58:55,479 [pool-113-thread-1] INFO  server.RaftServerConfigKeys (ConfUtils.java:logGet(43)) - raft.server.log.appender.buffer.byte-limit = 33554432 (custom)
2019-08-22 21:58:55,479 [pool-113-thread-1] INFO  server.RaftServerConfigKeys (ConfUtils.java:logGet(43)) - raft.server.log.segment.size.max = 1048576 (custom)
2019-08-22 21:58:55,480 [pool-113-thread-1] INFO  server.RaftServerConfigKeys (ConfUtils.java:logGet(43)) - raft.server.log.segment.cache.num.max = 2 (custom)
2019-08-22 21:58:55,480 [pool-113-thread-1] INFO  segmented.SegmentedRaftLogWorker (SegmentedRaftLogWorker.java:<init>(172)) - new 2e202f61-106f-4fc0-98c5-9b0733af38dd-SegmentedRaftLogWorker:Storage Directory /workdir/hadoop-ozone/integration-test/target/test-dir/MiniOzoneClusterImpl-9aa50907-0cd2-4e2d-ac3b-81cb5cb09f60/datanode-0/data/ratis/3aa99afd-73d0-4e80-8fd9-2d7a43dac0ad for RaftStorage:Storage Directory /workdir/hadoop-ozone/integration-test/target/test-dir/MiniOzoneClusterImpl-9aa50907-0cd2-4e2d-ac3b-81cb5cb09f60/datanode-0/data/ratis/3aa99afd-73d0-4e80-8fd9-2d7a43dac0ad
2019-08-22 21:58:55,480 [pool-113-thread-1] INFO  server.RaftServerConfigKeys (ConfUtils.java:logGet(43)) - raft.server.log.queue.byte-limit = 2147483647 (custom)
2019-08-22 21:58:55,480 [pool-113-thread-1] INFO  server.RaftServerConfigKeys (ConfUtils.java:logGet(43)) - raft.server.log.queue.element-limit = 1024 (custom)
2019-08-22 21:58:55,481 [pool-113-thread-1] INFO  server.RaftServerConfigKeys (ConfUtils.java:logGet(43)) - raft.server.log.segment.size.max = 1048576 (custom)
2019-08-22 21:58:55,481 [pool-113-thread-1] INFO  server.RaftServerConfigKeys (ConfUtils.java:logGet(43)) - raft.server.log.preallocated.size = 16384 (custom)
2019-08-22 21:58:55,481 [pool-113-thread-1] INFO  server.RaftServerConfigKeys (ConfUtils.java:logGet(43)) - raft.server.log.write.buffer.size = 33554432 (custom)
2019-08-22 21:58:55,481 [pool-113-thread-1] INFO  server.RaftServerConfigKeys (ConfUtils.java:logGet(43)) - raft.server.log.force.sync.num = 128 (default)
2019-08-22 21:58:55,481 [pool-113-thread-1] INFO  server.RaftServerConfigKeys (ConfUtils.java:logGet(43)) - raft.server.log.statemachine.data.sync = true (default)
2019-08-22 21:58:55,481 [pool-113-thread-1] INFO  server.RaftServerConfigKeys (ConfUtils.java:logGet(43)) - raft.server.log.statemachine.data.sync.timeout = 10s (default)
2019-08-22 21:58:55,482 [pool-113-thread-1] INFO  server.RaftServerConfigKeys (ConfUtils.java:logGet(43)) - raft.server.log.statemachine.data.sync.timeout.retry = -1 (default)
2019-08-22 21:58:55,482 [pool-113-thread-1] INFO  server.RaftServerConfigKeys (ConfUtils.java:logGet(43)) - raft.server.log.statemachine.data.caching.enabled = true (custom)
2019-08-22 21:58:55,482 [pool-113-thread-1] INFO  segmented.SegmentedRaftLogWorker (SegmentedRaftLogWorker.java:lambda$new$0(132)) - 2e202f61-106f-4fc0-98c5-9b0733af38dd-SegmentedRaftLogWorker:Storage Directory /workdir/hadoop-ozone/integration-test/target/test-dir/MiniOzoneClusterImpl-9aa50907-0cd2-4e2d-ac3b-81cb5cb09f60/datanode-0/data/ratis/3aa99afd-73d0-4e80-8fd9-2d7a43dac0ad: flushIndex: setUnconditionally 0 -> -1
2019-08-22 21:58:55,483 [pool-113-thread-1] INFO  server.RaftServerConfigKeys (ConfUtils.java:logGet(43)) - raft.server.snapshot.auto.trigger.enabled = true (custom)
2019-08-22 21:58:55,483 [pool-113-thread-1] INFO  server.RaftServerConfigKeys (ConfUtils.java:logGet(43)) - raft.server.snapshot.auto.trigger.threshold = 10000 (custom)
2019-08-22 21:58:55,484 [pool-113-thread-1] INFO  server.RaftServerConfigKeys (ConfUtils.java:logGet(43)) - raft.server.retrycache.expirytime = 600000ms (custom)
2019-08-22 21:58:55,484 [pool-113-thread-1] INFO  impl.RaftServerImpl (RaftServerImpl.java:start(180)) - 2e202f61-106f-4fc0-98c5-9b0733af38dd: start group-2D7A43DAC0AD
2019-08-22 21:58:55,484 [pool-113-thread-1] INFO  impl.RaftServerImpl (RaftServerImpl.java:setRole(171)) - 2e202f61-106f-4fc0-98c5-9b0733af38dd:group-2D7A43DAC0AD changes role from null to FOLLOWER at term 0 for startAsFollower
2019-08-22 21:58:55,484 [pool-113-thread-1] INFO  impl.RoleInfo (RoleInfo.java:updateAndGet(143)) - 2e202f61-106f-4fc0-98c5-9b0733af38dd: start FollowerState
2019-08-22 21:58:55,485 [pool-113-thread-1] INFO  util.JmxRegister (JmxRegister.java:tryRegister(44)) - Successfully registered JMX Bean with object name Ratis:service=RaftServer,group=group-2D7A43DAC0AD,id=2e202f61-106f-4fc0-98c5-9b0733af38dd
2019-08-22 21:58:55,493 [RatisPipelineUtilsThread] INFO  pipeline.PipelineStateManager (PipelineStateManager.java:addPipeline(56)) - Created pipeline Pipeline[ Id: 3aa99afd-73d0-4e80-8fd9-2d7a43dac0ad, Nodes: 2e202f61-106f-4fc0-98c5-9b0733af38dd{ip: 192.168.36.125, host: pr-hdds-1975-6rfct-3228563268, networkLocation: /default-rack, certSerialId: null}, Type:RATIS, Factor:ONE, State:OPEN]
2019-08-22 21:58:55,593 [IPC Server handler 1 on 38458] INFO  net.NetworkTopology (NetworkTopologyImpl.java:add(110)) - Added a new node: /default-rack/a522e26b-37d5-4999-8a0c-362d85073e49
2019-08-22 21:58:55,593 [IPC Server handler 1 on 38458] INFO  node.SCMNodeManager (SCMNodeManager.java:register(273)) - Registered Data node : a522e26b-37d5-4999-8a0c-362d85073e49{ip: 192.168.36.125, host: pr-hdds-1975-6rfct-3228563268, networkLocation: /default-rack, certSerialId: null}
2019-08-22 21:58:55,594 | INFO  | SCMAudit | user=jenkins1000 | ip=192.168.36.125 | op=REGISTER {datanodeDetails=a522e26b-37d5-4999-8a0c-362d85073e49{ip: 192.168.36.125, host: pr-hdds-1975-6rfct-3228563268, networkLocation: /default-rack, certSerialId: null}} | ret=SUCCESS |  
2019-08-22 21:58:55,607 [grpc-default-executor-0] INFO  impl.RaftServerProxy (RaftServerProxy.java:addNew(89)) - a522e26b-37d5-4999-8a0c-362d85073e49: addNew group-377FCF0EC1F9:[a522e26b-37d5-4999-8a0c-362d85073e49:192.168.36.125:46067] returns group-377FCF0EC1F9:java.util.concurrent.CompletableFuture@2bf4a90c[Not completed]
2019-08-22 21:58:55,609 [pool-124-thread-1] INFO  impl.RaftServerImpl (RaftServerImpl.java:<init>(93)) - a522e26b-37d5-4999-8a0c-362d85073e49: new RaftServerImpl for group-377FCF0EC1F9:[a522e26b-37d5-4999-8a0c-362d85073e49:192.168.36.125:46067] with ContainerStateMachine:uninitialized
2019-08-22 21:58:55,609 [pool-124-thread-1] INFO  server.RaftServerConfigKeys (ConfUtils.java:logGet(43)) - raft.server.rpc.timeout.min = 5s (custom)
2019-08-22 21:58:55,609 [pool-124-thread-1] INFO  server.RaftServerConfigKeys (ConfUtils.java:logGet(43)) - raft.server.rpc.timeout.max = 5200ms (custom)
2019-08-22 21:58:55,609 [pool-124-thread-1] INFO  server.RaftServerConfigKeys (ConfUtils.java:logGet(43)) - raft.server.rpcslowness.timeout = 120s (custom)
2019-08-22 21:58:55,609 [pool-124-thread-1] INFO  server.RaftServerConfigKeys (ConfUtils.java:logGet(43)) - raft.server.sleep.deviation.threshold = 300 (default)
2019-08-22 21:58:55,610 [pool-124-thread-1] INFO  server.RaftServerConfigKeys (ConfUtils.java:logGet(43)) - raft.server.log.appender.install.snapshot.enabled = false (custom)
2019-08-22 21:58:55,610 [pool-124-thread-1] INFO  impl.RaftServerImpl (ServerState.java:<init>(105)) - a522e26b-37d5-4999-8a0c-362d85073e49:group-377FCF0EC1F9 ConfigurationManager, init=-1: [a522e26b-37d5-4999-8a0c-362d85073e49:192.168.36.125:46067], old=null, confs=<EMPTY_MAP>
2019-08-22 21:58:55,610 [pool-124-thread-1] INFO  server.RaftServerConfigKeys (ConfUtils.java:logGet(43)) - raft.server.storage.dir = [/workdir/hadoop-ozone/integration-test/target/test-dir/MiniOzoneClusterImpl-9aa50907-0cd2-4e2d-ac3b-81cb5cb09f60/datanode-1/data/ratis] (custom)
2019-08-22 21:58:55,610 [pool-124-thread-1] INFO  storage.RaftStorageDirectory (RaftStorageDirectory.java:analyzeStorage(246)) - The storage directory /workdir/hadoop-ozone/integration-test/target/test-dir/MiniOzoneClusterImpl-9aa50907-0cd2-4e2d-ac3b-81cb5cb09f60/datanode-1/data/ratis/05a5d973-5047-47de-9cc4-377fcf0ec1f9 does not exist. Creating ...
2019-08-22 21:58:55,634 [pool-124-thread-1] INFO  storage.RaftStorageDirectory (RaftStorageDirectory.java:tryLock(328)) - Lock on /workdir/hadoop-ozone/integration-test/target/test-dir/MiniOzoneClusterImpl-9aa50907-0cd2-4e2d-ac3b-81cb5cb09f60/datanode-1/data/ratis/05a5d973-5047-47de-9cc4-377fcf0ec1f9/in_use.lock acquired by nodename 4930@pr-hdds-1975-6rfct-3228563268
2019-08-22 21:58:55,658 [pool-124-thread-1] INFO  storage.RaftStorage (RaftStorage.java:format(72)) - Storage directory /workdir/hadoop-ozone/integration-test/target/test-dir/MiniOzoneClusterImpl-9aa50907-0cd2-4e2d-ac3b-81cb5cb09f60/datanode-1/data/ratis/05a5d973-5047-47de-9cc4-377fcf0ec1f9 has been successfully formatted.
2019-08-22 21:58:55,658 [pool-124-thread-1] INFO  ratis.ContainerStateMachine (ContainerStateMachine.java:loadSnapshot(226)) - group-377FCF0EC1F9: The snapshot info is null. Setting the last applied indexto:(t:0, i:~)
2019-08-22 21:58:55,658 [pool-124-thread-1] INFO  server.RaftServerConfigKeys (ConfUtils.java:logGet(43)) - raft.server.leader.election.timeout = 120s (custom)
2019-08-22 21:58:55,658 [pool-124-thread-1] INFO  server.RaftServerConfigKeys (ConfUtils.java:logGet(43)) - raft.server.log.use.memory = false (default)
2019-08-22 21:58:55,659 [pool-124-thread-1] INFO  server.RaftServerConfigKeys (ConfUtils.java:logGet(43)) - raft.server.log.purge.gap = 1000000 (custom)
2019-08-22 21:58:55,659 [pool-124-thread-1] INFO  server.RaftServerConfigKeys (ConfUtils.java:logGet(43)) - raft.server.log.appender.buffer.byte-limit = 33554432 (custom)
2019-08-22 21:58:55,659 [pool-124-thread-1] INFO  server.RaftServerConfigKeys (ConfUtils.java:logGet(43)) - raft.server.log.segment.size.max = 1048576 (custom)
2019-08-22 21:58:55,659 [pool-124-thread-1] INFO  server.RaftServerConfigKeys (ConfUtils.java:logGet(43)) - raft.server.log.segment.cache.num.max = 2 (custom)
2019-08-22 21:58:55,659 [pool-124-thread-1] INFO  segmented.SegmentedRaftLogWorker (SegmentedRaftLogWorker.java:<init>(172)) - new a522e26b-37d5-4999-8a0c-362d85073e49-SegmentedRaftLogWorker:Storage Directory /workdir/hadoop-ozone/integration-test/target/test-dir/MiniOzoneClusterImpl-9aa50907-0cd2-4e2d-ac3b-81cb5cb09f60/datanode-1/data/ratis/05a5d973-5047-47de-9cc4-377fcf0ec1f9 for RaftStorage:Storage Directory /workdir/hadoop-ozone/integration-test/target/test-dir/MiniOzoneClusterImpl-9aa50907-0cd2-4e2d-ac3b-81cb5cb09f60/datanode-1/data/ratis/05a5d973-5047-47de-9cc4-377fcf0ec1f9
2019-08-22 21:58:55,660 [pool-124-thread-1] INFO  server.RaftServerConfigKeys (ConfUtils.java:logGet(43)) - raft.server.log.queue.byte-limit = 2147483647 (custom)
2019-08-22 21:58:55,660 [pool-124-thread-1] INFO  server.RaftServerConfigKeys (ConfUtils.java:logGet(43)) - raft.server.log.queue.element-limit = 1024 (custom)
2019-08-22 21:58:55,660 [pool-124-thread-1] INFO  server.RaftServerConfigKeys (ConfUtils.java:logGet(43)) - raft.server.log.segment.size.max = 1048576 (custom)
2019-08-22 21:58:55,660 [pool-124-thread-1] INFO  server.RaftServerConfigKeys (ConfUtils.java:logGet(43)) - raft.server.log.preallocated.size = 16384 (custom)
2019-08-22 21:58:55,661 [pool-124-thread-1] INFO  server.RaftServerConfigKeys (ConfUtils.java:logGet(43)) - raft.server.log.write.buffer.size = 33554432 (custom)
2019-08-22 21:58:55,661 [pool-124-thread-1] INFO  server.RaftServerConfigKeys (ConfUtils.java:logGet(43)) - raft.server.log.force.sync.num = 128 (default)
2019-08-22 21:58:55,661 [pool-124-thread-1] INFO  server.RaftServerConfigKeys (ConfUtils.java:logGet(43)) - raft.server.log.statemachine.data.sync = true (default)
2019-08-22 21:58:55,661 [pool-124-thread-1] INFO  server.RaftServerConfigKeys (ConfUtils.java:logGet(43)) - raft.server.log.statemachine.data.sync.timeout = 10s (default)
2019-08-22 21:58:55,661 [pool-124-thread-1] INFO  server.RaftServerConfigKeys (ConfUtils.java:logGet(43)) - raft.server.log.statemachine.data.sync.timeout.retry = -1 (default)
2019-08-22 21:58:55,662 [pool-124-thread-1] INFO  server.RaftServerConfigKeys (ConfUtils.java:logGet(43)) - raft.server.log.statemachine.data.caching.enabled = true (custom)
2019-08-22 21:58:55,662 [pool-124-thread-1] INFO  segmented.SegmentedRaftLogWorker (SegmentedRaftLogWorker.java:lambda$new$0(132)) - a522e26b-37d5-4999-8a0c-362d85073e49-SegmentedRaftLogWorker:Storage Directory /workdir/hadoop-ozone/integration-test/target/test-dir/MiniOzoneClusterImpl-9aa50907-0cd2-4e2d-ac3b-81cb5cb09f60/datanode-1/data/ratis/05a5d973-5047-47de-9cc4-377fcf0ec1f9: flushIndex: setUnconditionally 0 -> -1
2019-08-22 21:58:55,663 [pool-124-thread-1] INFO  server.RaftServerConfigKeys (ConfUtils.java:logGet(43)) - raft.server.snapshot.auto.trigger.enabled = true (custom)
2019-08-22 21:58:55,663 [pool-124-thread-1] INFO  server.RaftServerConfigKeys (ConfUtils.java:logGet(43)) - raft.server.snapshot.auto.trigger.threshold = 10000 (custom)
2019-08-22 21:58:55,663 [pool-124-thread-1] INFO  server.RaftServerConfigKeys (ConfUtils.java:logGet(43)) - raft.server.retrycache.expirytime = 600000ms (custom)
2019-08-22 21:58:55,663 [pool-124-thread-1] INFO  impl.RaftServerImpl (RaftServerImpl.java:start(180)) - a522e26b-37d5-4999-8a0c-362d85073e49: start group-377FCF0EC1F9
2019-08-22 21:58:55,663 [pool-124-thread-1] INFO  impl.RaftServerImpl (RaftServerImpl.java:setRole(171)) - a522e26b-37d5-4999-8a0c-362d85073e49:group-377FCF0EC1F9 changes role from null to FOLLOWER at term 0 for startAsFollower
2019-08-22 21:58:55,664 [pool-124-thread-1] INFO  impl.RoleInfo (RoleInfo.java:updateAndGet(143)) - a522e26b-37d5-4999-8a0c-362d85073e49: start FollowerState
2019-08-22 21:58:55,670 [pool-124-thread-1] INFO  util.JmxRegister (JmxRegister.java:tryRegister(44)) - Successfully registered JMX Bean with object name Ratis:service=RaftServer,group=group-377FCF0EC1F9,id=a522e26b-37d5-4999-8a0c-362d85073e49
2019-08-22 21:58:55,679 [RatisPipelineUtilsThread] INFO  pipeline.PipelineStateManager (PipelineStateManager.java:addPipeline(56)) - Created pipeline Pipeline[ Id: 05a5d973-5047-47de-9cc4-377fcf0ec1f9, Nodes: a522e26b-37d5-4999-8a0c-362d85073e49{ip: 192.168.36.125, host: pr-hdds-1975-6rfct-3228563268, networkLocation: /default-rack, certSerialId: null}, Type:RATIS, Factor:ONE, State:OPEN]
2019-08-22 21:58:55,789 [Thread-320] INFO  ozone.MiniOzoneClusterImpl (MiniOzoneClusterImpl.java:lambda$waitForClusterToBeReady$0(142)) - Waiting for cluster to be ready. Got 2 of 3 DN Heartbeats.
2019-08-22 21:58:55,792 [IPC Server handler 2 on 38458] INFO  net.NetworkTopology (NetworkTopologyImpl.java:add(110)) - Added a new node: /default-rack/f78c023a-1fec-49b9-86f3-237f0eaf7fc7
2019-08-22 21:58:55,793 [IPC Server handler 2 on 38458] INFO  node.SCMNodeManager (SCMNodeManager.java:register(273)) - Registered Data node : f78c023a-1fec-49b9-86f3-237f0eaf7fc7{ip: 192.168.36.125, host: pr-hdds-1975-6rfct-3228563268, networkLocation: /default-rack, certSerialId: null}
2019-08-22 21:58:55,793 | INFO  | SCMAudit | user=jenkins1000 | ip=192.168.36.125 | op=REGISTER {datanodeDetails=f78c023a-1fec-49b9-86f3-237f0eaf7fc7{ip: 192.168.36.125, host: pr-hdds-1975-6rfct-3228563268, networkLocation: /default-rack, certSerialId: null}} | ret=SUCCESS |  
2019-08-22 21:58:55,808 [grpc-default-executor-0] INFO  impl.RaftServerProxy (RaftServerProxy.java:addNew(89)) - f78c023a-1fec-49b9-86f3-237f0eaf7fc7: addNew group-B4EF61EDDB35:[f78c023a-1fec-49b9-86f3-237f0eaf7fc7:192.168.36.125:35167] returns group-B4EF61EDDB35:java.util.concurrent.CompletableFuture@3e4264d6[Not completed]
2019-08-22 21:58:55,810 [pool-135-thread-1] INFO  impl.RaftServerImpl (RaftServerImpl.java:<init>(93)) - f78c023a-1fec-49b9-86f3-237f0eaf7fc7: new RaftServerImpl for group-B4EF61EDDB35:[f78c023a-1fec-49b9-86f3-237f0eaf7fc7:192.168.36.125:35167] with ContainerStateMachine:uninitialized
2019-08-22 21:58:55,811 [pool-135-thread-1] INFO  server.RaftServerConfigKeys (ConfUtils.java:logGet(43)) - raft.server.rpc.timeout.min = 5s (custom)
2019-08-22 21:58:55,811 [pool-135-thread-1] INFO  server.RaftServerConfigKeys (ConfUtils.java:logGet(43)) - raft.server.rpc.timeout.max = 5200ms (custom)
2019-08-22 21:58:55,811 [pool-135-thread-1] INFO  server.RaftServerConfigKeys (ConfUtils.java:logGet(43)) - raft.server.rpcslowness.timeout = 120s (custom)
2019-08-22 21:58:55,811 [pool-135-thread-1] INFO  server.RaftServerConfigKeys (ConfUtils.java:logGet(43)) - raft.server.sleep.deviation.threshold = 300 (default)
2019-08-22 21:58:55,811 [pool-135-thread-1] INFO  server.RaftServerConfigKeys (ConfUtils.java:logGet(43)) - raft.server.log.appender.install.snapshot.enabled = false (custom)
2019-08-22 21:58:55,811 [pool-135-thread-1] INFO  impl.RaftServerImpl (ServerState.java:<init>(105)) - f78c023a-1fec-49b9-86f3-237f0eaf7fc7:group-B4EF61EDDB35 ConfigurationManager, init=-1: [f78c023a-1fec-49b9-86f3-237f0eaf7fc7:192.168.36.125:35167], old=null, confs=<EMPTY_MAP>
2019-08-22 21:58:55,812 [pool-135-thread-1] INFO  server.RaftServerConfigKeys (ConfUtils.java:logGet(43)) - raft.server.storage.dir = [/workdir/hadoop-ozone/integration-test/target/test-dir/MiniOzoneClusterImpl-9aa50907-0cd2-4e2d-ac3b-81cb5cb09f60/datanode-2/data/ratis] (custom)
2019-08-22 21:58:55,812 [pool-135-thread-1] INFO  storage.RaftStorageDirectory (RaftStorageDirectory.java:analyzeStorage(246)) - The storage directory /workdir/hadoop-ozone/integration-test/target/test-dir/MiniOzoneClusterImpl-9aa50907-0cd2-4e2d-ac3b-81cb5cb09f60/datanode-2/data/ratis/d9b33e55-1c6a-4d92-8202-b4ef61eddb35 does not exist. Creating ...
2019-08-22 21:58:55,826 [pool-135-thread-1] INFO  storage.RaftStorageDirectory (RaftStorageDirectory.java:tryLock(328)) - Lock on /workdir/hadoop-ozone/integration-test/target/test-dir/MiniOzoneClusterImpl-9aa50907-0cd2-4e2d-ac3b-81cb5cb09f60/datanode-2/data/ratis/d9b33e55-1c6a-4d92-8202-b4ef61eddb35/in_use.lock acquired by nodename 4930@pr-hdds-1975-6rfct-3228563268
2019-08-22 21:58:55,863 [pool-135-thread-1] INFO  storage.RaftStorage (RaftStorage.java:format(72)) - Storage directory /workdir/hadoop-ozone/integration-test/target/test-dir/MiniOzoneClusterImpl-9aa50907-0cd2-4e2d-ac3b-81cb5cb09f60/datanode-2/data/ratis/d9b33e55-1c6a-4d92-8202-b4ef61eddb35 has been successfully formatted.
2019-08-22 21:58:55,864 [pool-135-thread-1] INFO  ratis.ContainerStateMachine (ContainerStateMachine.java:loadSnapshot(226)) - group-B4EF61EDDB35: The snapshot info is null. Setting the last applied indexto:(t:0, i:~)
2019-08-22 21:58:55,864 [pool-135-thread-1] INFO  server.RaftServerConfigKeys (ConfUtils.java:logGet(43)) - raft.server.leader.election.timeout = 120s (custom)
2019-08-22 21:58:55,864 [pool-135-thread-1] INFO  server.RaftServerConfigKeys (ConfUtils.java:logGet(43)) - raft.server.log.use.memory = false (default)
2019-08-22 21:58:55,865 [pool-135-thread-1] INFO  server.RaftServerConfigKeys (ConfUtils.java:logGet(43)) - raft.server.log.purge.gap = 1000000 (custom)
2019-08-22 21:58:55,865 [pool-135-thread-1] INFO  server.RaftServerConfigKeys (ConfUtils.java:logGet(43)) - raft.server.log.appender.buffer.byte-limit = 33554432 (custom)
2019-08-22 21:58:55,865 [pool-135-thread-1] INFO  server.RaftServerConfigKeys (ConfUtils.java:logGet(43)) - raft.server.log.segment.size.max = 1048576 (custom)
2019-08-22 21:58:55,865 [pool-135-thread-1] INFO  server.RaftServerConfigKeys (ConfUtils.java:logGet(43)) - raft.server.log.segment.cache.num.max = 2 (custom)
2019-08-22 21:58:55,865 [pool-135-thread-1] INFO  segmented.SegmentedRaftLogWorker (SegmentedRaftLogWorker.java:<init>(172)) - new f78c023a-1fec-49b9-86f3-237f0eaf7fc7-SegmentedRaftLogWorker:Storage Directory /workdir/hadoop-ozone/integration-test/target/test-dir/MiniOzoneClusterImpl-9aa50907-0cd2-4e2d-ac3b-81cb5cb09f60/datanode-2/data/ratis/d9b33e55-1c6a-4d92-8202-b4ef61eddb35 for RaftStorage:Storage Directory /workdir/hadoop-ozone/integration-test/target/test-dir/MiniOzoneClusterImpl-9aa50907-0cd2-4e2d-ac3b-81cb5cb09f60/datanode-2/data/ratis/d9b33e55-1c6a-4d92-8202-b4ef61eddb35
2019-08-22 21:58:55,866 [pool-135-thread-1] INFO  server.RaftServerConfigKeys (ConfUtils.java:logGet(43)) - raft.server.log.queue.byte-limit = 2147483647 (custom)
2019-08-22 21:58:55,866 [pool-135-thread-1] INFO  server.RaftServerConfigKeys (ConfUtils.java:logGet(43)) - raft.server.log.queue.element-limit = 1024 (custom)
2019-08-22 21:58:55,866 [pool-135-thread-1] INFO  server.RaftServerConfigKeys (ConfUtils.java:logGet(43)) - raft.server.log.segment.size.max = 1048576 (custom)
2019-08-22 21:58:55,866 [pool-135-thread-1] INFO  server.RaftServerConfigKeys (ConfUtils.java:logGet(43)) - raft.server.log.preallocated.size = 16384 (custom)
2019-08-22 21:58:55,867 [pool-135-thread-1] INFO  server.RaftServerConfigKeys (ConfUtils.java:logGet(43)) - raft.server.log.write.buffer.size = 33554432 (custom)
2019-08-22 21:58:55,867 [pool-135-thread-1] INFO  server.RaftServerConfigKeys (ConfUtils.java:logGet(43)) - raft.server.log.force.sync.num = 128 (default)
2019-08-22 21:58:55,867 [pool-135-thread-1] INFO  server.RaftServerConfigKeys (ConfUtils.java:logGet(43)) - raft.server.log.statemachine.data.sync = true (default)
2019-08-22 21:58:55,867 [pool-135-thread-1] INFO  server.RaftServerConfigKeys (ConfUtils.java:logGet(43)) - raft.server.log.statemachine.data.sync.timeout = 10s (default)
2019-08-22 21:58:55,867 [pool-135-thread-1] INFO  server.RaftServerConfigKeys (ConfUtils.java:logGet(43)) - raft.server.log.statemachine.data.sync.timeout.retry = -1 (default)
2019-08-22 21:58:55,868 [pool-135-thread-1] INFO  server.RaftServerConfigKeys (ConfUtils.java:logGet(43)) - raft.server.log.statemachine.data.caching.enabled = true (custom)
2019-08-22 21:58:55,868 [pool-135-thread-1] INFO  segmented.SegmentedRaftLogWorker (SegmentedRaftLogWorker.java:lambda$new$0(132)) - f78c023a-1fec-49b9-86f3-237f0eaf7fc7-SegmentedRaftLogWorker:Storage Directory /workdir/hadoop-ozone/integration-test/target/test-dir/MiniOzoneClusterImpl-9aa50907-0cd2-4e2d-ac3b-81cb5cb09f60/datanode-2/data/ratis/d9b33e55-1c6a-4d92-8202-b4ef61eddb35: flushIndex: setUnconditionally 0 -> -1
2019-08-22 21:58:55,868 [pool-135-thread-1] INFO  server.RaftServerConfigKeys (ConfUtils.java:logGet(43)) - raft.server.snapshot.auto.trigger.enabled = true (custom)
2019-08-22 21:58:55,869 [pool-135-thread-1] INFO  server.RaftServerConfigKeys (ConfUtils.java:logGet(43)) - raft.server.snapshot.auto.trigger.threshold = 10000 (custom)
2019-08-22 21:58:55,869 [pool-135-thread-1] INFO  server.RaftServerConfigKeys (ConfUtils.java:logGet(43)) - raft.server.retrycache.expirytime = 600000ms (custom)
2019-08-22 21:58:55,869 [pool-135-thread-1] INFO  impl.RaftServerImpl (RaftServerImpl.java:start(180)) - f78c023a-1fec-49b9-86f3-237f0eaf7fc7: start group-B4EF61EDDB35
2019-08-22 21:58:55,869 [pool-135-thread-1] INFO  impl.RaftServerImpl (RaftServerImpl.java:setRole(171)) - f78c023a-1fec-49b9-86f3-237f0eaf7fc7:group-B4EF61EDDB35 changes role from null to FOLLOWER at term 0 for startAsFollower
2019-08-22 21:58:55,869 [pool-135-thread-1] INFO  impl.RoleInfo (RoleInfo.java:updateAndGet(143)) - f78c023a-1fec-49b9-86f3-237f0eaf7fc7: start FollowerState
2019-08-22 21:58:55,870 [pool-135-thread-1] INFO  util.JmxRegister (JmxRegister.java:tryRegister(44)) - Successfully registered JMX Bean with object name Ratis:service=RaftServer,group=group-B4EF61EDDB35,id=f78c023a-1fec-49b9-86f3-237f0eaf7fc7
2019-08-22 21:58:55,876 [RatisPipelineUtilsThread] INFO  pipeline.PipelineStateManager (PipelineStateManager.java:addPipeline(56)) - Created pipeline Pipeline[ Id: d9b33e55-1c6a-4d92-8202-b4ef61eddb35, Nodes: f78c023a-1fec-49b9-86f3-237f0eaf7fc7{ip: 192.168.36.125, host: pr-hdds-1975-6rfct-3228563268, networkLocation: /default-rack, certSerialId: null}, Type:RATIS, Factor:ONE, State:OPEN]
2019-08-22 21:58:55,901 [grpc-default-executor-2] INFO  impl.RaftServerProxy (RaftServerProxy.java:addNew(89)) - 2e202f61-106f-4fc0-98c5-9b0733af38dd: addNew group-ED4B41D4FEBF:[2e202f61-106f-4fc0-98c5-9b0733af38dd:192.168.36.125:38034, f78c023a-1fec-49b9-86f3-237f0eaf7fc7:192.168.36.125:35167, a522e26b-37d5-4999-8a0c-362d85073e49:192.168.36.125:46067] returns group-ED4B41D4FEBF:java.util.concurrent.CompletableFuture@7b9fa35[Not completed]
2019-08-22 21:58:55,902 [grpc-default-executor-1] INFO  impl.RaftServerProxy (RaftServerProxy.java:addNew(89)) - f78c023a-1fec-49b9-86f3-237f0eaf7fc7: addNew group-ED4B41D4FEBF:[2e202f61-106f-4fc0-98c5-9b0733af38dd:192.168.36.125:38034, f78c023a-1fec-49b9-86f3-237f0eaf7fc7:192.168.36.125:35167, a522e26b-37d5-4999-8a0c-362d85073e49:192.168.36.125:46067] returns group-ED4B41D4FEBF:java.util.concurrent.CompletableFuture@2429e6af[Not completed]
2019-08-22 21:58:55,902 [grpc-default-executor-0] INFO  impl.RaftServerProxy (RaftServerProxy.java:addNew(89)) - a522e26b-37d5-4999-8a0c-362d85073e49: addNew group-ED4B41D4FEBF:[2e202f61-106f-4fc0-98c5-9b0733af38dd:192.168.36.125:38034, f78c023a-1fec-49b9-86f3-237f0eaf7fc7:192.168.36.125:35167, a522e26b-37d5-4999-8a0c-362d85073e49:192.168.36.125:46067] returns group-ED4B41D4FEBF:java.util.concurrent.CompletableFuture@1e887c78[Not completed]
2019-08-22 21:58:55,903 [pool-113-thread-1] INFO  impl.RaftServerImpl (RaftServerImpl.java:<init>(93)) - 2e202f61-106f-4fc0-98c5-9b0733af38dd: new RaftServerImpl for group-ED4B41D4FEBF:[2e202f61-106f-4fc0-98c5-9b0733af38dd:192.168.36.125:38034, f78c023a-1fec-49b9-86f3-237f0eaf7fc7:192.168.36.125:35167, a522e26b-37d5-4999-8a0c-362d85073e49:192.168.36.125:46067] with ContainerStateMachine:uninitialized
2019-08-22 21:58:55,904 [pool-113-thread-1] INFO  server.RaftServerConfigKeys (ConfUtils.java:logGet(43)) - raft.server.rpc.timeout.min = 5s (custom)
2019-08-22 21:58:55,904 [pool-113-thread-1] INFO  server.RaftServerConfigKeys (ConfUtils.java:logGet(43)) - raft.server.rpc.timeout.max = 5200ms (custom)
2019-08-22 21:58:55,904 [pool-113-thread-1] INFO  server.RaftServerConfigKeys (ConfUtils.java:logGet(43)) - raft.server.rpcslowness.timeout = 120s (custom)
2019-08-22 21:58:55,904 [pool-113-thread-1] INFO  server.RaftServerConfigKeys (ConfUtils.java:logGet(43)) - raft.server.sleep.deviation.threshold = 300 (default)
2019-08-22 21:58:55,904 [pool-113-thread-1] INFO  server.RaftServerConfigKeys (ConfUtils.java:logGet(43)) - raft.server.log.appender.install.snapshot.enabled = false (custom)
2019-08-22 21:58:55,904 [pool-113-thread-1] INFO  impl.RaftServerImpl (ServerState.java:<init>(105)) - 2e202f61-106f-4fc0-98c5-9b0733af38dd:group-ED4B41D4FEBF ConfigurationManager, init=-1: [2e202f61-106f-4fc0-98c5-9b0733af38dd:192.168.36.125:38034, f78c023a-1fec-49b9-86f3-237f0eaf7fc7:192.168.36.125:35167, a522e26b-37d5-4999-8a0c-362d85073e49:192.168.36.125:46067], old=null, confs=<EMPTY_MAP>
2019-08-22 21:58:55,904 [pool-124-thread-1] INFO  impl.RaftServerImpl (RaftServerImpl.java:<init>(93)) - a522e26b-37d5-4999-8a0c-362d85073e49: new RaftServerImpl for group-ED4B41D4FEBF:[2e202f61-106f-4fc0-98c5-9b0733af38dd:192.168.36.125:38034, f78c023a-1fec-49b9-86f3-237f0eaf7fc7:192.168.36.125:35167, a522e26b-37d5-4999-8a0c-362d85073e49:192.168.36.125:46067] with ContainerStateMachine:uninitialized
2019-08-22 21:58:55,904 [pool-113-thread-1] INFO  server.RaftServerConfigKeys (ConfUtils.java:logGet(43)) - raft.server.storage.dir = [/workdir/hadoop-ozone/integration-test/target/test-dir/MiniOzoneClusterImpl-9aa50907-0cd2-4e2d-ac3b-81cb5cb09f60/datanode-0/data/ratis] (custom)
2019-08-22 21:58:55,905 [pool-124-thread-1] INFO  server.RaftServerConfigKeys (ConfUtils.java:logGet(43)) - raft.server.rpc.timeout.min = 5s (custom)
2019-08-22 21:58:55,905 [pool-124-thread-1] INFO  server.RaftServerConfigKeys (ConfUtils.java:logGet(43)) - raft.server.rpc.timeout.max = 5200ms (custom)
2019-08-22 21:58:55,905 [pool-113-thread-1] INFO  storage.RaftStorageDirectory (RaftStorageDirectory.java:analyzeStorage(246)) - The storage directory /workdir/hadoop-ozone/integration-test/target/test-dir/MiniOzoneClusterImpl-9aa50907-0cd2-4e2d-ac3b-81cb5cb09f60/datanode-0/data/ratis/1bb4c851-c637-4fc8-ad14-ed4b41d4febf does not exist. Creating ...
2019-08-22 21:58:55,905 [pool-135-thread-1] INFO  impl.RaftServerImpl (RaftServerImpl.java:<init>(93)) - f78c023a-1fec-49b9-86f3-237f0eaf7fc7: new RaftServerImpl for group-ED4B41D4FEBF:[2e202f61-106f-4fc0-98c5-9b0733af38dd:192.168.36.125:38034, f78c023a-1fec-49b9-86f3-237f0eaf7fc7:192.168.36.125:35167, a522e26b-37d5-4999-8a0c-362d85073e49:192.168.36.125:46067] with ContainerStateMachine:uninitialized
2019-08-22 21:58:55,905 [pool-124-thread-1] INFO  server.RaftServerConfigKeys (ConfUtils.java:logGet(43)) - raft.server.rpcslowness.timeout = 120s (custom)
2019-08-22 21:58:55,905 [pool-135-thread-1] INFO  server.RaftServerConfigKeys (ConfUtils.java:logGet(43)) - raft.server.rpc.timeout.min = 5s (custom)
2019-08-22 21:58:55,905 [pool-124-thread-1] INFO  server.RaftServerConfigKeys (ConfUtils.java:logGet(43)) - raft.server.sleep.deviation.threshold = 300 (default)
2019-08-22 21:58:55,906 [pool-135-thread-1] INFO  server.RaftServerConfigKeys (ConfUtils.java:logGet(43)) - raft.server.rpc.timeout.max = 5200ms (custom)
2019-08-22 21:58:55,906 [pool-124-thread-1] INFO  server.RaftServerConfigKeys (ConfUtils.java:logGet(43)) - raft.server.log.appender.install.snapshot.enabled = false (custom)
2019-08-22 21:58:55,906 [pool-135-thread-1] INFO  server.RaftServerConfigKeys (ConfUtils.java:logGet(43)) - raft.server.rpcslowness.timeout = 120s (custom)
2019-08-22 21:58:55,906 [pool-124-thread-1] INFO  impl.RaftServerImpl (ServerState.java:<init>(105)) - a522e26b-37d5-4999-8a0c-362d85073e49:group-ED4B41D4FEBF ConfigurationManager, init=-1: [2e202f61-106f-4fc0-98c5-9b0733af38dd:192.168.36.125:38034, f78c023a-1fec-49b9-86f3-237f0eaf7fc7:192.168.36.125:35167, a522e26b-37d5-4999-8a0c-362d85073e49:192.168.36.125:46067], old=null, confs=<EMPTY_MAP>
2019-08-22 21:58:55,906 [pool-135-thread-1] INFO  server.RaftServerConfigKeys (ConfUtils.java:logGet(43)) - raft.server.sleep.deviation.threshold = 300 (default)
2019-08-22 21:58:55,906 [pool-124-thread-1] INFO  server.RaftServerConfigKeys (ConfUtils.java:logGet(43)) - raft.server.storage.dir = [/workdir/hadoop-ozone/integration-test/target/test-dir/MiniOzoneClusterImpl-9aa50907-0cd2-4e2d-ac3b-81cb5cb09f60/datanode-1/data/ratis] (custom)
2019-08-22 21:58:55,906 [pool-135-thread-1] INFO  server.RaftServerConfigKeys (ConfUtils.java:logGet(43)) - raft.server.log.appender.install.snapshot.enabled = false (custom)
2019-08-22 21:58:55,907 [pool-135-thread-1] INFO  impl.RaftServerImpl (ServerState.java:<init>(105)) - f78c023a-1fec-49b9-86f3-237f0eaf7fc7:group-ED4B41D4FEBF ConfigurationManager, init=-1: [2e202f61-106f-4fc0-98c5-9b0733af38dd:192.168.36.125:38034, f78c023a-1fec-49b9-86f3-237f0eaf7fc7:192.168.36.125:35167, a522e26b-37d5-4999-8a0c-362d85073e49:192.168.36.125:46067], old=null, confs=<EMPTY_MAP>
2019-08-22 21:58:55,907 [pool-124-thread-1] INFO  storage.RaftStorageDirectory (RaftStorageDirectory.java:analyzeStorage(246)) - The storage directory /workdir/hadoop-ozone/integration-test/target/test-dir/MiniOzoneClusterImpl-9aa50907-0cd2-4e2d-ac3b-81cb5cb09f60/datanode-1/data/ratis/1bb4c851-c637-4fc8-ad14-ed4b41d4febf does not exist. Creating ...
2019-08-22 21:58:55,907 [pool-135-thread-1] INFO  server.RaftServerConfigKeys (ConfUtils.java:logGet(43)) - raft.server.storage.dir = [/workdir/hadoop-ozone/integration-test/target/test-dir/MiniOzoneClusterImpl-9aa50907-0cd2-4e2d-ac3b-81cb5cb09f60/datanode-2/data/ratis] (custom)
2019-08-22 21:58:55,907 [pool-135-thread-1] INFO  storage.RaftStorageDirectory (RaftStorageDirectory.java:analyzeStorage(246)) - The storage directory /workdir/hadoop-ozone/integration-test/target/test-dir/MiniOzoneClusterImpl-9aa50907-0cd2-4e2d-ac3b-81cb5cb09f60/datanode-2/data/ratis/1bb4c851-c637-4fc8-ad14-ed4b41d4febf does not exist. Creating ...
2019-08-22 21:58:55,930 [pool-135-thread-1] INFO  storage.RaftStorageDirectory (RaftStorageDirectory.java:tryLock(328)) - Lock on /workdir/hadoop-ozone/integration-test/target/test-dir/MiniOzoneClusterImpl-9aa50907-0cd2-4e2d-ac3b-81cb5cb09f60/datanode-2/data/ratis/1bb4c851-c637-4fc8-ad14-ed4b41d4febf/in_use.lock acquired by nodename 4930@pr-hdds-1975-6rfct-3228563268
2019-08-22 21:58:55,930 [pool-124-thread-1] INFO  storage.RaftStorageDirectory (RaftStorageDirectory.java:tryLock(328)) - Lock on /workdir/hadoop-ozone/integration-test/target/test-dir/MiniOzoneClusterImpl-9aa50907-0cd2-4e2d-ac3b-81cb5cb09f60/datanode-1/data/ratis/1bb4c851-c637-4fc8-ad14-ed4b41d4febf/in_use.lock acquired by nodename 4930@pr-hdds-1975-6rfct-3228563268
2019-08-22 21:58:55,930 [pool-113-thread-1] INFO  storage.RaftStorageDirectory (RaftStorageDirectory.java:tryLock(328)) - Lock on /workdir/hadoop-ozone/integration-test/target/test-dir/MiniOzoneClusterImpl-9aa50907-0cd2-4e2d-ac3b-81cb5cb09f60/datanode-0/data/ratis/1bb4c851-c637-4fc8-ad14-ed4b41d4febf/in_use.lock acquired by nodename 4930@pr-hdds-1975-6rfct-3228563268
2019-08-22 21:58:55,964 [pool-135-thread-1] INFO  storage.RaftStorage (RaftStorage.java:format(72)) - Storage directory /workdir/hadoop-ozone/integration-test/target/test-dir/MiniOzoneClusterImpl-9aa50907-0cd2-4e2d-ac3b-81cb5cb09f60/datanode-2/data/ratis/1bb4c851-c637-4fc8-ad14-ed4b41d4febf has been successfully formatted.
2019-08-22 21:58:55,964 [pool-124-thread-1] INFO  storage.RaftStorage (RaftStorage.java:format(72)) - Storage directory /workdir/hadoop-ozone/integration-test/target/test-dir/MiniOzoneClusterImpl-9aa50907-0cd2-4e2d-ac3b-81cb5cb09f60/datanode-1/data/ratis/1bb4c851-c637-4fc8-ad14-ed4b41d4febf has been successfully formatted.
2019-08-22 21:58:55,964 [pool-113-thread-1] INFO  storage.RaftStorage (RaftStorage.java:format(72)) - Storage directory /workdir/hadoop-ozone/integration-test/target/test-dir/MiniOzoneClusterImpl-9aa50907-0cd2-4e2d-ac3b-81cb5cb09f60/datanode-0/data/ratis/1bb4c851-c637-4fc8-ad14-ed4b41d4febf has been successfully formatted.
2019-08-22 21:58:55,965 [pool-135-thread-1] INFO  ratis.ContainerStateMachine (ContainerStateMachine.java:loadSnapshot(226)) - group-ED4B41D4FEBF: The snapshot info is null. Setting the last applied indexto:(t:0, i:~)
2019-08-22 21:58:55,965 [pool-124-thread-1] INFO  ratis.ContainerStateMachine (ContainerStateMachine.java:loadSnapshot(226)) - group-ED4B41D4FEBF: The snapshot info is null. Setting the last applied indexto:(t:0, i:~)
2019-08-22 21:58:55,965 [pool-113-thread-1] INFO  ratis.ContainerStateMachine (ContainerStateMachine.java:loadSnapshot(226)) - group-ED4B41D4FEBF: The snapshot info is null. Setting the last applied indexto:(t:0, i:~)
2019-08-22 21:58:55,965 [pool-135-thread-1] INFO  server.RaftServerConfigKeys (ConfUtils.java:logGet(43)) - raft.server.leader.election.timeout = 120s (custom)
2019-08-22 21:58:55,965 [pool-113-thread-1] INFO  server.RaftServerConfigKeys (ConfUtils.java:logGet(43)) - raft.server.leader.election.timeout = 120s (custom)
2019-08-22 21:58:55,965 [pool-124-thread-1] INFO  server.RaftServerConfigKeys (ConfUtils.java:logGet(43)) - raft.server.leader.election.timeout = 120s (custom)
2019-08-22 21:58:55,966 [pool-113-thread-1] INFO  server.RaftServerConfigKeys (ConfUtils.java:logGet(43)) - raft.server.log.use.memory = false (default)
2019-08-22 21:58:55,966 [pool-135-thread-1] INFO  server.RaftServerConfigKeys (ConfUtils.java:logGet(43)) - raft.server.log.use.memory = false (default)
2019-08-22 21:58:55,966 [pool-113-thread-1] INFO  server.RaftServerConfigKeys (ConfUtils.java:logGet(43)) - raft.server.log.purge.gap = 1000000 (custom)
2019-08-22 21:58:55,966 [pool-124-thread-1] INFO  server.RaftServerConfigKeys (ConfUtils.java:logGet(43)) - raft.server.log.use.memory = false (default)
2019-08-22 21:58:55,966 [pool-113-thread-1] INFO  server.RaftServerConfigKeys (ConfUtils.java:logGet(43)) - raft.server.log.appender.buffer.byte-limit = 33554432 (custom)
2019-08-22 21:58:55,966 [pool-135-thread-1] INFO  server.RaftServerConfigKeys (ConfUtils.java:logGet(43)) - raft.server.log.purge.gap = 1000000 (custom)
2019-08-22 21:58:55,967 [pool-113-thread-1] INFO  server.RaftServerConfigKeys (ConfUtils.java:logGet(43)) - raft.server.log.segment.size.max = 1048576 (custom)
2019-08-22 21:58:55,966 [pool-124-thread-1] INFO  server.RaftServerConfigKeys (ConfUtils.java:logGet(43)) - raft.server.log.purge.gap = 1000000 (custom)
2019-08-22 21:58:55,967 [pool-113-thread-1] INFO  server.RaftServerConfigKeys (ConfUtils.java:logGet(43)) - raft.server.log.segment.cache.num.max = 2 (custom)
2019-08-22 21:58:55,967 [pool-135-thread-1] INFO  server.RaftServerConfigKeys (ConfUtils.java:logGet(43)) - raft.server.log.appender.buffer.byte-limit = 33554432 (custom)
2019-08-22 21:58:55,967 [pool-113-thread-1] INFO  segmented.SegmentedRaftLogWorker (SegmentedRaftLogWorker.java:<init>(172)) - new 2e202f61-106f-4fc0-98c5-9b0733af38dd-SegmentedRaftLogWorker:Storage Directory /workdir/hadoop-ozone/integration-test/target/test-dir/MiniOzoneClusterImpl-9aa50907-0cd2-4e2d-ac3b-81cb5cb09f60/datanode-0/data/ratis/1bb4c851-c637-4fc8-ad14-ed4b41d4febf for RaftStorage:Storage Directory /workdir/hadoop-ozone/integration-test/target/test-dir/MiniOzoneClusterImpl-9aa50907-0cd2-4e2d-ac3b-81cb5cb09f60/datanode-0/data/ratis/1bb4c851-c637-4fc8-ad14-ed4b41d4febf
2019-08-22 21:58:55,967 [pool-124-thread-1] INFO  server.RaftServerConfigKeys (ConfUtils.java:logGet(43)) - raft.server.log.appender.buffer.byte-limit = 33554432 (custom)
2019-08-22 21:58:55,968 [pool-113-thread-1] INFO  server.RaftServerConfigKeys (ConfUtils.java:logGet(43)) - raft.server.log.queue.byte-limit = 2147483647 (custom)
2019-08-22 21:58:55,967 [pool-135-thread-1] INFO  server.RaftServerConfigKeys (ConfUtils.java:logGet(43)) - raft.server.log.segment.size.max = 1048576 (custom)
2019-08-22 21:58:55,968 [pool-113-thread-1] INFO  server.RaftServerConfigKeys (ConfUtils.java:logGet(43)) - raft.server.log.queue.element-limit = 1024 (custom)
2019-08-22 21:58:55,968 [pool-124-thread-1] INFO  server.RaftServerConfigKeys (ConfUtils.java:logGet(43)) - raft.server.log.segment.size.max = 1048576 (custom)
2019-08-22 21:58:55,968 [pool-113-thread-1] INFO  server.RaftServerConfigKeys (ConfUtils.java:logGet(43)) - raft.server.log.segment.size.max = 1048576 (custom)
2019-08-22 21:58:55,968 [pool-135-thread-1] INFO  server.RaftServerConfigKeys (ConfUtils.java:logGet(43)) - raft.server.log.segment.cache.num.max = 2 (custom)
2019-08-22 21:58:55,969 [pool-113-thread-1] INFO  server.RaftServerConfigKeys (ConfUtils.java:logGet(43)) - raft.server.log.preallocated.size = 16384 (custom)
2019-08-22 21:58:55,968 [pool-124-thread-1] INFO  server.RaftServerConfigKeys (ConfUtils.java:logGet(43)) - raft.server.log.segment.cache.num.max = 2 (custom)
2019-08-22 21:58:55,969 [pool-113-thread-1] INFO  server.RaftServerConfigKeys (ConfUtils.java:logGet(43)) - raft.server.log.write.buffer.size = 33554432 (custom)
2019-08-22 21:58:55,969 [pool-135-thread-1] INFO  segmented.SegmentedRaftLogWorker (SegmentedRaftLogWorker.java:<init>(172)) - new f78c023a-1fec-49b9-86f3-237f0eaf7fc7-SegmentedRaftLogWorker:Storage Directory /workdir/hadoop-ozone/integration-test/target/test-dir/MiniOzoneClusterImpl-9aa50907-0cd2-4e2d-ac3b-81cb5cb09f60/datanode-2/data/ratis/1bb4c851-c637-4fc8-ad14-ed4b41d4febf for RaftStorage:Storage Directory /workdir/hadoop-ozone/integration-test/target/test-dir/MiniOzoneClusterImpl-9aa50907-0cd2-4e2d-ac3b-81cb5cb09f60/datanode-2/data/ratis/1bb4c851-c637-4fc8-ad14-ed4b41d4febf
2019-08-22 21:58:55,969 [pool-113-thread-1] INFO  server.RaftServerConfigKeys (ConfUtils.java:logGet(43)) - raft.server.log.force.sync.num = 128 (default)
2019-08-22 21:58:55,969 [pool-124-thread-1] INFO  segmented.SegmentedRaftLogWorker (SegmentedRaftLogWorker.java:<init>(172)) - new a522e26b-37d5-4999-8a0c-362d85073e49-SegmentedRaftLogWorker:Storage Directory /workdir/hadoop-ozone/integration-test/target/test-dir/MiniOzoneClusterImpl-9aa50907-0cd2-4e2d-ac3b-81cb5cb09f60/datanode-1/data/ratis/1bb4c851-c637-4fc8-ad14-ed4b41d4febf for RaftStorage:Storage Directory /workdir/hadoop-ozone/integration-test/target/test-dir/MiniOzoneClusterImpl-9aa50907-0cd2-4e2d-ac3b-81cb5cb09f60/datanode-1/data/ratis/1bb4c851-c637-4fc8-ad14-ed4b41d4febf
2019-08-22 21:58:55,969 [pool-113-thread-1] INFO  server.RaftServerConfigKeys (ConfUtils.java:logGet(43)) - raft.server.log.statemachine.data.sync = true (default)
2019-08-22 21:58:55,969 [pool-135-thread-1] INFO  server.RaftServerConfigKeys (ConfUtils.java:logGet(43)) - raft.server.log.queue.byte-limit = 2147483647 (custom)
2019-08-22 21:58:55,970 [pool-113-thread-1] INFO  server.RaftServerConfigKeys (ConfUtils.java:logGet(43)) - raft.server.log.statemachine.data.sync.timeout = 10s (default)
2019-08-22 21:58:55,970 [pool-124-thread-1] INFO  server.RaftServerConfigKeys (ConfUtils.java:logGet(43)) - raft.server.log.queue.byte-limit = 2147483647 (custom)
2019-08-22 21:58:55,970 [pool-113-thread-1] INFO  server.RaftServerConfigKeys (ConfUtils.java:logGet(43)) - raft.server.log.statemachine.data.sync.timeout.retry = -1 (default)
2019-08-22 21:58:55,970 [pool-135-thread-1] INFO  server.RaftServerConfigKeys (ConfUtils.java:logGet(43)) - raft.server.log.queue.element-limit = 1024 (custom)
2019-08-22 21:58:55,970 [pool-124-thread-1] INFO  server.RaftServerConfigKeys (ConfUtils.java:logGet(43)) - raft.server.log.queue.element-limit = 1024 (custom)
2019-08-22 21:58:55,971 [pool-135-thread-1] INFO  server.RaftServerConfigKeys (ConfUtils.java:logGet(43)) - raft.server.log.segment.size.max = 1048576 (custom)
2019-08-22 21:58:55,971 [pool-113-thread-1] INFO  server.RaftServerConfigKeys (ConfUtils.java:logGet(43)) - raft.server.log.statemachine.data.caching.enabled = true (custom)
2019-08-22 21:58:55,971 [pool-135-thread-1] INFO  server.RaftServerConfigKeys (ConfUtils.java:logGet(43)) - raft.server.log.preallocated.size = 16384 (custom)
2019-08-22 21:58:55,971 [pool-124-thread-1] INFO  server.RaftServerConfigKeys (ConfUtils.java:logGet(43)) - raft.server.log.segment.size.max = 1048576 (custom)
2019-08-22 21:58:55,971 [pool-135-thread-1] INFO  server.RaftServerConfigKeys (ConfUtils.java:logGet(43)) - raft.server.log.write.buffer.size = 33554432 (custom)
2019-08-22 21:58:55,971 [pool-113-thread-1] INFO  segmented.SegmentedRaftLogWorker (SegmentedRaftLogWorker.java:lambda$new$0(132)) - 2e202f61-106f-4fc0-98c5-9b0733af38dd-SegmentedRaftLogWorker:Storage Directory /workdir/hadoop-ozone/integration-test/target/test-dir/MiniOzoneClusterImpl-9aa50907-0cd2-4e2d-ac3b-81cb5cb09f60/datanode-0/data/ratis/1bb4c851-c637-4fc8-ad14-ed4b41d4febf: flushIndex: setUnconditionally 0 -> -1
2019-08-22 21:58:55,971 [pool-124-thread-1] INFO  server.RaftServerConfigKeys (ConfUtils.java:logGet(43)) - raft.server.log.preallocated.size = 16384 (custom)
2019-08-22 21:58:55,971 [pool-135-thread-1] INFO  server.RaftServerConfigKeys (ConfUtils.java:logGet(43)) - raft.server.log.force.sync.num = 128 (default)
2019-08-22 21:58:55,972 [pool-124-thread-1] INFO  server.RaftServerConfigKeys (ConfUtils.java:logGet(43)) - raft.server.log.write.buffer.size = 33554432 (custom)
2019-08-22 21:58:55,972 [pool-113-thread-1] INFO  server.RaftServerConfigKeys (ConfUtils.java:logGet(43)) - raft.server.snapshot.auto.trigger.enabled = true (custom)
2019-08-22 21:58:55,972 [pool-135-thread-1] INFO  server.RaftServerConfigKeys (ConfUtils.java:logGet(43)) - raft.server.log.statemachine.data.sync = true (default)
2019-08-22 21:58:55,972 [pool-113-thread-1] INFO  server.RaftServerConfigKeys (ConfUtils.java:logGet(43)) - raft.server.snapshot.auto.trigger.threshold = 10000 (custom)
2019-08-22 21:58:55,972 [pool-124-thread-1] INFO  server.RaftServerConfigKeys (ConfUtils.java:logGet(43)) - raft.server.log.force.sync.num = 128 (default)
2019-08-22 21:58:55,972 [pool-135-thread-1] INFO  server.RaftServerConfigKeys (ConfUtils.java:logGet(43)) - raft.server.log.statemachine.data.sync.timeout = 10s (default)
2019-08-22 21:58:55,973 [pool-124-thread-1] INFO  server.RaftServerConfigKeys (ConfUtils.java:logGet(43)) - raft.server.log.statemachine.data.sync = true (default)
2019-08-22 21:58:55,973 [pool-113-thread-1] INFO  server.RaftServerConfigKeys (ConfUtils.java:logGet(43)) - raft.server.retrycache.expirytime = 600000ms (custom)
2019-08-22 21:58:55,973 [pool-124-thread-1] INFO  server.RaftServerConfigKeys (ConfUtils.java:logGet(43)) - raft.server.log.statemachine.data.sync.timeout = 10s (default)
2019-08-22 21:58:55,973 [pool-135-thread-1] INFO  server.RaftServerConfigKeys (ConfUtils.java:logGet(43)) - raft.server.log.statemachine.data.sync.timeout.retry = -1 (default)
2019-08-22 21:58:55,973 [pool-113-thread-1] INFO  impl.RaftServerImpl (RaftServerImpl.java:start(180)) - 2e202f61-106f-4fc0-98c5-9b0733af38dd: start group-ED4B41D4FEBF
2019-08-22 21:58:55,973 [pool-124-thread-1] INFO  server.RaftServerConfigKeys (ConfUtils.java:logGet(43)) - raft.server.log.statemachine.data.sync.timeout.retry = -1 (default)
2019-08-22 21:58:55,973 [pool-113-thread-1] INFO  impl.RaftServerImpl (RaftServerImpl.java:setRole(171)) - 2e202f61-106f-4fc0-98c5-9b0733af38dd:group-ED4B41D4FEBF changes role from null to FOLLOWER at term 0 for startAsFollower
2019-08-22 21:58:55,974 [pool-124-thread-1] INFO  server.RaftServerConfigKeys (ConfUtils.java:logGet(43)) - raft.server.log.statemachine.data.caching.enabled = true (custom)
2019-08-22 21:58:55,974 [pool-113-thread-1] INFO  impl.RoleInfo (RoleInfo.java:updateAndGet(143)) - 2e202f61-106f-4fc0-98c5-9b0733af38dd: start FollowerState
2019-08-22 21:58:55,973 [pool-135-thread-1] INFO  server.RaftServerConfigKeys (ConfUtils.java:logGet(43)) - raft.server.log.statemachine.data.caching.enabled = true (custom)
2019-08-22 21:58:55,974 [pool-124-thread-1] INFO  segmented.SegmentedRaftLogWorker (SegmentedRaftLogWorker.java:lambda$new$0(132)) - a522e26b-37d5-4999-8a0c-362d85073e49-SegmentedRaftLogWorker:Storage Directory /workdir/hadoop-ozone/integration-test/target/test-dir/MiniOzoneClusterImpl-9aa50907-0cd2-4e2d-ac3b-81cb5cb09f60/datanode-1/data/ratis/1bb4c851-c637-4fc8-ad14-ed4b41d4febf: flushIndex: setUnconditionally 0 -> -1
2019-08-22 21:58:55,974 [pool-135-thread-1] INFO  segmented.SegmentedRaftLogWorker (SegmentedRaftLogWorker.java:lambda$new$0(132)) - f78c023a-1fec-49b9-86f3-237f0eaf7fc7-SegmentedRaftLogWorker:Storage Directory /workdir/hadoop-ozone/integration-test/target/test-dir/MiniOzoneClusterImpl-9aa50907-0cd2-4e2d-ac3b-81cb5cb09f60/datanode-2/data/ratis/1bb4c851-c637-4fc8-ad14-ed4b41d4febf: flushIndex: setUnconditionally 0 -> -1
2019-08-22 21:58:55,974 [pool-124-thread-1] INFO  server.RaftServerConfigKeys (ConfUtils.java:logGet(43)) - raft.server.snapshot.auto.trigger.enabled = true (custom)
2019-08-22 21:58:55,974 [pool-113-thread-1] INFO  util.JmxRegister (JmxRegister.java:tryRegister(44)) - Successfully registered JMX Bean with object name Ratis:service=RaftServer,group=group-ED4B41D4FEBF,id=2e202f61-106f-4fc0-98c5-9b0733af38dd
2019-08-22 21:58:55,975 [pool-135-thread-1] INFO  server.RaftServerConfigKeys (ConfUtils.java:logGet(43)) - raft.server.snapshot.auto.trigger.enabled = true (custom)
2019-08-22 21:58:55,975 [pool-124-thread-1] INFO  server.RaftServerConfigKeys (ConfUtils.java:logGet(43)) - raft.server.snapshot.auto.trigger.threshold = 10000 (custom)
2019-08-22 21:58:55,975 [pool-135-thread-1] INFO  server.RaftServerConfigKeys (ConfUtils.java:logGet(43)) - raft.server.snapshot.auto.trigger.threshold = 10000 (custom)
2019-08-22 21:58:55,975 [pool-124-thread-1] INFO  server.RaftServerConfigKeys (ConfUtils.java:logGet(43)) - raft.server.retrycache.expirytime = 600000ms (custom)
2019-08-22 21:58:55,975 [pool-135-thread-1] INFO  server.RaftServerConfigKeys (ConfUtils.java:logGet(43)) - raft.server.retrycache.expirytime = 600000ms (custom)
2019-08-22 21:58:55,975 [pool-124-thread-1] INFO  impl.RaftServerImpl (RaftServerImpl.java:start(180)) - a522e26b-37d5-4999-8a0c-362d85073e49: start group-ED4B41D4FEBF
2019-08-22 21:58:55,976 [pool-135-thread-1] INFO  impl.RaftServerImpl (RaftServerImpl.java:start(180)) - f78c023a-1fec-49b9-86f3-237f0eaf7fc7: start group-ED4B41D4FEBF
2019-08-22 21:58:55,976 [pool-124-thread-1] INFO  impl.RaftServerImpl (RaftServerImpl.java:setRole(171)) - a522e26b-37d5-4999-8a0c-362d85073e49:group-ED4B41D4FEBF changes role from null to FOLLOWER at term 0 for startAsFollower
2019-08-22 21:58:55,976 [pool-135-thread-1] INFO  impl.RaftServerImpl (RaftServerImpl.java:setRole(171)) - f78c023a-1fec-49b9-86f3-237f0eaf7fc7:group-ED4B41D4FEBF changes role from null to FOLLOWER at term 0 for startAsFollower
2019-08-22 21:58:55,976 [pool-124-thread-1] INFO  impl.RoleInfo (RoleInfo.java:updateAndGet(143)) - a522e26b-37d5-4999-8a0c-362d85073e49: start FollowerState
2019-08-22 21:58:55,976 [pool-135-thread-1] INFO  impl.RoleInfo (RoleInfo.java:updateAndGet(143)) - f78c023a-1fec-49b9-86f3-237f0eaf7fc7: start FollowerState
2019-08-22 21:58:55,976 [pool-124-thread-1] INFO  util.JmxRegister (JmxRegister.java:tryRegister(44)) - Successfully registered JMX Bean with object name Ratis:service=RaftServer,group=group-ED4B41D4FEBF,id=a522e26b-37d5-4999-8a0c-362d85073e49
2019-08-22 21:58:55,976 [pool-135-thread-1] INFO  util.JmxRegister (JmxRegister.java:tryRegister(44)) - Successfully registered JMX Bean with object name Ratis:service=RaftServer,group=group-ED4B41D4FEBF,id=f78c023a-1fec-49b9-86f3-237f0eaf7fc7
2019-08-22 21:58:55,986 [RatisPipelineUtilsThread] INFO  pipeline.PipelineStateManager (PipelineStateManager.java:addPipeline(56)) - Created pipeline Pipeline[ Id: 1bb4c851-c637-4fc8-ad14-ed4b41d4febf, Nodes: f78c023a-1fec-49b9-86f3-237f0eaf7fc7{ip: 192.168.36.125, host: pr-hdds-1975-6rfct-3228563268, networkLocation: /default-rack, certSerialId: null}a522e26b-37d5-4999-8a0c-362d85073e49{ip: 192.168.36.125, host: pr-hdds-1975-6rfct-3228563268, networkLocation: /default-rack, certSerialId: null}2e202f61-106f-4fc0-98c5-9b0733af38dd{ip: 192.168.36.125, host: pr-hdds-1975-6rfct-3228563268, networkLocation: /default-rack, certSerialId: null}, Type:RATIS, Factor:THREE, State:OPEN]
2019-08-22 21:58:56,790 [Thread-320] INFO  ozone.MiniOzoneClusterImpl (MiniOzoneClusterImpl.java:lambda$waitForClusterToBeReady$0(142)) - Cluster is ready. Got 3 of 3 DN Heartbeats.
2019-08-22 21:58:56,790 [Thread-320] INFO  datanode.ObjectStoreHandler (ObjectStoreHandler.java:close(155)) - Closing ObjectStoreHandler.
2019-08-22 21:58:56,791 [Thread-320] INFO  ozone.HddsDatanodeService (HddsDatanodeService.java:stop(451)) - Stopped plug-in org.apache.hadoop.ozone.web.OzoneHddsDatanodeService@687fbee9
2019-08-22 21:58:57,406 [Datanode State Machine Thread - 0] INFO  statemachine.DatanodeStateMachine (DatanodeStateMachine.java:lambda$startDaemon$0(350)) - Ozone container server started.
2019-08-22 21:58:57,593 | INFO  | SCMAudit | user=jenkins1000 | ip=192.168.36.125 | op=SEND_HEARTBEAT {datanodeUUID=a522e26b-37d5-4999-8a0c-362d85073e49, command=[]} | ret=SUCCESS |  
2019-08-22 21:58:57,793 | INFO  | SCMAudit | user=jenkins1000 | ip=192.168.36.125 | op=SEND_HEARTBEAT {datanodeUUID=f78c023a-1fec-49b9-86f3-237f0eaf7fc7, command=[]} | ret=SUCCESS |  
2019-08-22 21:58:58,416 [Thread-492] INFO  container.ReplicationManager (ReplicationManager.java:start(152)) - Starting Replication Monitor Thread.
2019-08-22 21:58:58,419 [ReplicationMonitor] INFO  container.ReplicationManager (ReplicationManager.java:run(215)) - Replication Monitor Thread took 0 milliseconds for processing 0 containers.
2019-08-22 21:58:58,593 | INFO  | SCMAudit | user=jenkins1000 | ip=192.168.36.125 | op=SEND_HEARTBEAT {datanodeUUID=a522e26b-37d5-4999-8a0c-362d85073e49, command=[]} | ret=SUCCESS |  
2019-08-22 21:58:58,794 | INFO  | SCMAudit | user=jenkins1000 | ip=192.168.36.125 | op=SEND_HEARTBEAT {datanodeUUID=f78c023a-1fec-49b9-86f3-237f0eaf7fc7, command=[]} | ret=SUCCESS |  
2019-08-22 21:58:59,592 | INFO  | SCMAudit | user=jenkins1000 | ip=192.168.36.125 | op=SEND_HEARTBEAT {datanodeUUID=a522e26b-37d5-4999-8a0c-362d85073e49, command=[]} | ret=SUCCESS |  
2019-08-22 21:58:59,793 | INFO  | SCMAudit | user=jenkins1000 | ip=192.168.36.125 | op=SEND_HEARTBEAT {datanodeUUID=f78c023a-1fec-49b9-86f3-237f0eaf7fc7, command=[]} | ret=SUCCESS |  
2019-08-22 21:59:00,592 | INFO  | SCMAudit | user=jenkins1000 | ip=192.168.36.125 | op=SEND_HEARTBEAT {datanodeUUID=a522e26b-37d5-4999-8a0c-362d85073e49, command=[]} | ret=SUCCESS |  
2019-08-22 21:59:00,621 [Thread-494] INFO  impl.FollowerState (FollowerState.java:run(106)) - 2e202f61-106f-4fc0-98c5-9b0733af38dd:group-2D7A43DAC0AD changes to CANDIDATE, lastRpcTime:5136, electionTimeout:5136ms
2019-08-22 21:59:00,621 [Thread-494] INFO  impl.RoleInfo (RoleInfo.java:shutdownFollowerState(121)) - 2e202f61-106f-4fc0-98c5-9b0733af38dd: shutdown FollowerState
2019-08-22 21:59:00,621 [Thread-494] INFO  impl.RaftServerImpl (RaftServerImpl.java:setRole(171)) - 2e202f61-106f-4fc0-98c5-9b0733af38dd:group-2D7A43DAC0AD changes role from FOLLOWER to CANDIDATE at term 0 for changeToCandidate
2019-08-22 21:59:00,622 [Thread-494] INFO  impl.RoleInfo (RoleInfo.java:updateAndGet(143)) - 2e202f61-106f-4fc0-98c5-9b0733af38dd: start LeaderElection
2019-08-22 21:59:00,642 [2e202f61-106f-4fc0-98c5-9b0733af38dd:group-2D7A43DAC0AD:LeaderElection14] INFO  impl.LeaderElection (LeaderElection.java:askForVotes(181)) - 2e202f61-106f-4fc0-98c5-9b0733af38dd:group-2D7A43DAC0AD:LeaderElection14: begin an election at term 1 for -1: [2e202f61-106f-4fc0-98c5-9b0733af38dd:192.168.36.125:38034], old=null
2019-08-22 21:59:00,643 [2e202f61-106f-4fc0-98c5-9b0733af38dd:group-2D7A43DAC0AD:LeaderElection14] INFO  impl.RoleInfo (RoleInfo.java:shutdownLeaderElection(134)) - 2e202f61-106f-4fc0-98c5-9b0733af38dd: shutdown LeaderElection
2019-08-22 21:59:00,643 [2e202f61-106f-4fc0-98c5-9b0733af38dd:group-2D7A43DAC0AD:LeaderElection14] INFO  impl.RaftServerImpl (RaftServerImpl.java:setRole(171)) - 2e202f61-106f-4fc0-98c5-9b0733af38dd:group-2D7A43DAC0AD changes role from CANDIDATE to LEADER at term 1 for changeToLeader
2019-08-22 21:59:00,643 [2e202f61-106f-4fc0-98c5-9b0733af38dd:group-2D7A43DAC0AD:LeaderElection14] INFO  impl.RaftServerImpl (ServerState.java:setLeader(263)) - 2e202f61-106f-4fc0-98c5-9b0733af38dd:group-2D7A43DAC0AD change Leader from null to 2e202f61-106f-4fc0-98c5-9b0733af38dd at term 1 for becomeLeader, leader elected after 5164ms
2019-08-22 21:59:00,643 [2e202f61-106f-4fc0-98c5-9b0733af38dd:group-2D7A43DAC0AD:LeaderElection14] INFO  server.RaftServerConfigKeys (ConfUtils.java:logGet(43)) - raft.server.staging.catchup.gap = 1000 (default)
2019-08-22 21:59:00,643 [2e202f61-106f-4fc0-98c5-9b0733af38dd:group-2D7A43DAC0AD:LeaderElection14] INFO  server.RaftServerConfigKeys (ConfUtils.java:logGet(43)) - raft.server.rpc.sleep.time = 25ms (default)
2019-08-22 21:59:00,644 [2e202f61-106f-4fc0-98c5-9b0733af38dd:group-2D7A43DAC0AD:LeaderElection14] INFO  server.RaftServerConfigKeys (ConfUtils.java:logGet(43)) - raft.server.write.element-limit = 4096 (default)
2019-08-22 21:59:00,644 [2e202f61-106f-4fc0-98c5-9b0733af38dd:group-2D7A43DAC0AD:LeaderElection14] INFO  server.RaftServerConfigKeys (ConfUtils.java:logGet(43)) - raft.server.watch.timeout = 10s (default)
2019-08-22 21:59:00,644 [2e202f61-106f-4fc0-98c5-9b0733af38dd:group-2D7A43DAC0AD:LeaderElection14] INFO  server.RaftServerConfigKeys (ConfUtils.java:logGet(43)) - raft.server.watch.timeout.denomination = 1s (default)
2019-08-22 21:59:00,644 [2e202f61-106f-4fc0-98c5-9b0733af38dd:group-2D7A43DAC0AD:LeaderElection14] INFO  server.RaftServerConfigKeys (ConfUtils.java:logGet(43)) - raft.server.watch.element-limit = 65536 (default)
2019-08-22 21:59:00,645 [2e202f61-106f-4fc0-98c5-9b0733af38dd:group-2D7A43DAC0AD:LeaderElection14] INFO  impl.RoleInfo (RoleInfo.java:updateAndGet(143)) - 2e202f61-106f-4fc0-98c5-9b0733af38dd: start LeaderState
2019-08-22 21:59:00,645 [2e202f61-106f-4fc0-98c5-9b0733af38dd:group-2D7A43DAC0AD:LeaderElection14] INFO  segmented.SegmentedRaftLogWorker (SegmentedRaftLogWorker.java:startLogSegment(380)) - 2e202f61-106f-4fc0-98c5-9b0733af38dd-SegmentedRaftLogWorker:Storage Directory /workdir/hadoop-ozone/integration-test/target/test-dir/MiniOzoneClusterImpl-9aa50907-0cd2-4e2d-ac3b-81cb5cb09f60/datanode-0/data/ratis/3aa99afd-73d0-4e80-8fd9-2d7a43dac0ad: Starting segment from index:0
2019-08-22 21:59:00,646 [2e202f61-106f-4fc0-98c5-9b0733af38dd:group-2D7A43DAC0AD:LeaderElection14] INFO  impl.RaftServerImpl (ServerState.java:setRaftConf(361)) - 2e202f61-106f-4fc0-98c5-9b0733af38dd:group-2D7A43DAC0AD set configuration 0: [2e202f61-106f-4fc0-98c5-9b0733af38dd:192.168.36.125:38034], old=null at 0
2019-08-22 21:59:00,713 [2e202f61-106f-4fc0-98c5-9b0733af38dd-SegmentedRaftLogWorker:Storage Directory /workdir/hadoop-ozone/integration-test/target/test-dir/MiniOzoneClusterImpl-9aa50907-0cd2-4e2d-ac3b-81cb5cb09f60/datanode-0/data/ratis/3aa99afd-73d0-4e80-8fd9-2d7a43dac0ad] INFO  segmented.SegmentedRaftLogWorker (SegmentedRaftLogWorker.java:execute(569)) - 2e202f61-106f-4fc0-98c5-9b0733af38dd-SegmentedRaftLogWorker:Storage Directory /workdir/hadoop-ozone/integration-test/target/test-dir/MiniOzoneClusterImpl-9aa50907-0cd2-4e2d-ac3b-81cb5cb09f60/datanode-0/data/ratis/3aa99afd-73d0-4e80-8fd9-2d7a43dac0ad: created new log segment /workdir/hadoop-ozone/integration-test/target/test-dir/MiniOzoneClusterImpl-9aa50907-0cd2-4e2d-ac3b-81cb5cb09f60/datanode-0/data/ratis/3aa99afd-73d0-4e80-8fd9-2d7a43dac0ad/current/log_inprogress_0
2019-08-22 21:59:00,794 | INFO  | SCMAudit | user=jenkins1000 | ip=192.168.36.125 | op=SEND_HEARTBEAT {datanodeUUID=f78c023a-1fec-49b9-86f3-237f0eaf7fc7, command=[]} | ret=SUCCESS |  
2019-08-22 21:59:00,858 [Thread-497] INFO  impl.FollowerState (FollowerState.java:run(106)) - a522e26b-37d5-4999-8a0c-362d85073e49:group-377FCF0EC1F9 changes to CANDIDATE, lastRpcTime:5194, electionTimeout:5194ms
2019-08-22 21:59:00,859 [Thread-497] INFO  impl.RoleInfo (RoleInfo.java:shutdownFollowerState(121)) - a522e26b-37d5-4999-8a0c-362d85073e49: shutdown FollowerState
2019-08-22 21:59:00,859 [Thread-497] INFO  impl.RaftServerImpl (RaftServerImpl.java:setRole(171)) - a522e26b-37d5-4999-8a0c-362d85073e49:group-377FCF0EC1F9 changes role from FOLLOWER to CANDIDATE at term 0 for changeToCandidate
2019-08-22 21:59:00,859 [Thread-497] INFO  impl.RoleInfo (RoleInfo.java:updateAndGet(143)) - a522e26b-37d5-4999-8a0c-362d85073e49: start LeaderElection
2019-08-22 21:59:00,888 [a522e26b-37d5-4999-8a0c-362d85073e49:group-377FCF0EC1F9:LeaderElection15] INFO  impl.LeaderElection (LeaderElection.java:askForVotes(181)) - a522e26b-37d5-4999-8a0c-362d85073e49:group-377FCF0EC1F9:LeaderElection15: begin an election at term 1 for -1: [a522e26b-37d5-4999-8a0c-362d85073e49:192.168.36.125:46067], old=null
2019-08-22 21:59:00,889 [a522e26b-37d5-4999-8a0c-362d85073e49:group-377FCF0EC1F9:LeaderElection15] INFO  impl.RoleInfo (RoleInfo.java:shutdownLeaderElection(134)) - a522e26b-37d5-4999-8a0c-362d85073e49: shutdown LeaderElection
2019-08-22 21:59:00,889 [a522e26b-37d5-4999-8a0c-362d85073e49:group-377FCF0EC1F9:LeaderElection15] INFO  impl.RaftServerImpl (RaftServerImpl.java:setRole(171)) - a522e26b-37d5-4999-8a0c-362d85073e49:group-377FCF0EC1F9 changes role from CANDIDATE to LEADER at term 1 for changeToLeader
2019-08-22 21:59:00,889 [a522e26b-37d5-4999-8a0c-362d85073e49:group-377FCF0EC1F9:LeaderElection15] INFO  impl.RaftServerImpl (ServerState.java:setLeader(263)) - a522e26b-37d5-4999-8a0c-362d85073e49:group-377FCF0EC1F9 change Leader from null to a522e26b-37d5-4999-8a0c-362d85073e49 at term 1 for becomeLeader, leader elected after 5231ms
2019-08-22 21:59:00,890 [a522e26b-37d5-4999-8a0c-362d85073e49:group-377FCF0EC1F9:LeaderElection15] INFO  server.RaftServerConfigKeys (ConfUtils.java:logGet(43)) - raft.server.staging.catchup.gap = 1000 (default)
2019-08-22 21:59:00,890 [a522e26b-37d5-4999-8a0c-362d85073e49:group-377FCF0EC1F9:LeaderElection15] INFO  server.RaftServerConfigKeys (ConfUtils.java:logGet(43)) - raft.server.rpc.sleep.time = 25ms (default)
2019-08-22 21:59:00,890 [a522e26b-37d5-4999-8a0c-362d85073e49:group-377FCF0EC1F9:LeaderElection15] INFO  server.RaftServerConfigKeys (ConfUtils.java:logGet(43)) - raft.server.write.element-limit = 4096 (default)
2019-08-22 21:59:00,890 [a522e26b-37d5-4999-8a0c-362d85073e49:group-377FCF0EC1F9:LeaderElection15] INFO  server.RaftServerConfigKeys (ConfUtils.java:logGet(43)) - raft.server.watch.timeout = 10s (default)
2019-08-22 21:59:00,890 [a522e26b-37d5-4999-8a0c-362d85073e49:group-377FCF0EC1F9:LeaderElection15] INFO  server.RaftServerConfigKeys (ConfUtils.java:logGet(43)) - raft.server.watch.timeout.denomination = 1s (default)
2019-08-22 21:59:00,891 [a522e26b-37d5-4999-8a0c-362d85073e49:group-377FCF0EC1F9:LeaderElection15] INFO  server.RaftServerConfigKeys (ConfUtils.java:logGet(43)) - raft.server.watch.element-limit = 65536 (default)
2019-08-22 21:59:00,891 [a522e26b-37d5-4999-8a0c-362d85073e49:group-377FCF0EC1F9:LeaderElection15] INFO  impl.RoleInfo (RoleInfo.java:updateAndGet(143)) - a522e26b-37d5-4999-8a0c-362d85073e49: start LeaderState
2019-08-22 21:59:00,891 [a522e26b-37d5-4999-8a0c-362d85073e49:group-377FCF0EC1F9:LeaderElection15] INFO  segmented.SegmentedRaftLogWorker (SegmentedRaftLogWorker.java:startLogSegment(380)) - a522e26b-37d5-4999-8a0c-362d85073e49-SegmentedRaftLogWorker:Storage Directory /workdir/hadoop-ozone/integration-test/target/test-dir/MiniOzoneClusterImpl-9aa50907-0cd2-4e2d-ac3b-81cb5cb09f60/datanode-1/data/ratis/05a5d973-5047-47de-9cc4-377fcf0ec1f9: Starting segment from index:0
2019-08-22 21:59:00,892 [a522e26b-37d5-4999-8a0c-362d85073e49:group-377FCF0EC1F9:LeaderElection15] INFO  impl.RaftServerImpl (ServerState.java:setRaftConf(361)) - a522e26b-37d5-4999-8a0c-362d85073e49:group-377FCF0EC1F9 set configuration 0: [a522e26b-37d5-4999-8a0c-362d85073e49:192.168.36.125:46067], old=null at 0
2019-08-22 21:59:00,945 [Thread-500] INFO  impl.FollowerState (FollowerState.java:run(106)) - f78c023a-1fec-49b9-86f3-237f0eaf7fc7:group-B4EF61EDDB35 changes to CANDIDATE, lastRpcTime:5075, electionTimeout:5075ms
2019-08-22 21:59:00,945 [Thread-500] INFO  impl.RoleInfo (RoleInfo.java:shutdownFollowerState(121)) - f78c023a-1fec-49b9-86f3-237f0eaf7fc7: shutdown FollowerState
2019-08-22 21:59:00,945 [Thread-500] INFO  impl.RaftServerImpl (RaftServerImpl.java:setRole(171)) - f78c023a-1fec-49b9-86f3-237f0eaf7fc7:group-B4EF61EDDB35 changes role from FOLLOWER to CANDIDATE at term 0 for changeToCandidate
2019-08-22 21:59:00,946 [Thread-500] INFO  impl.RoleInfo (RoleInfo.java:updateAndGet(143)) - f78c023a-1fec-49b9-86f3-237f0eaf7fc7: start LeaderElection
2019-08-22 21:59:00,956 [a522e26b-37d5-4999-8a0c-362d85073e49-SegmentedRaftLogWorker:Storage Directory /workdir/hadoop-ozone/integration-test/target/test-dir/MiniOzoneClusterImpl-9aa50907-0cd2-4e2d-ac3b-81cb5cb09f60/datanode-1/data/ratis/05a5d973-5047-47de-9cc4-377fcf0ec1f9] INFO  segmented.SegmentedRaftLogWorker (SegmentedRaftLogWorker.java:execute(569)) - a522e26b-37d5-4999-8a0c-362d85073e49-SegmentedRaftLogWorker:Storage Directory /workdir/hadoop-ozone/integration-test/target/test-dir/MiniOzoneClusterImpl-9aa50907-0cd2-4e2d-ac3b-81cb5cb09f60/datanode-1/data/ratis/05a5d973-5047-47de-9cc4-377fcf0ec1f9: created new log segment /workdir/hadoop-ozone/integration-test/target/test-dir/MiniOzoneClusterImpl-9aa50907-0cd2-4e2d-ac3b-81cb5cb09f60/datanode-1/data/ratis/05a5d973-5047-47de-9cc4-377fcf0ec1f9/current/log_inprogress_0
2019-08-22 21:59:00,981 [f78c023a-1fec-49b9-86f3-237f0eaf7fc7:group-B4EF61EDDB35:LeaderElection16] INFO  impl.LeaderElection (LeaderElection.java:askForVotes(181)) - f78c023a-1fec-49b9-86f3-237f0eaf7fc7:group-B4EF61EDDB35:LeaderElection16: begin an election at term 1 for -1: [f78c023a-1fec-49b9-86f3-237f0eaf7fc7:192.168.36.125:35167], old=null
2019-08-22 21:59:00,981 [f78c023a-1fec-49b9-86f3-237f0eaf7fc7:group-B4EF61EDDB35:LeaderElection16] INFO  impl.RoleInfo (RoleInfo.java:shutdownLeaderElection(134)) - f78c023a-1fec-49b9-86f3-237f0eaf7fc7: shutdown LeaderElection
2019-08-22 21:59:00,981 [f78c023a-1fec-49b9-86f3-237f0eaf7fc7:group-B4EF61EDDB35:LeaderElection16] INFO  impl.RaftServerImpl (RaftServerImpl.java:setRole(171)) - f78c023a-1fec-49b9-86f3-237f0eaf7fc7:group-B4EF61EDDB35 changes role from CANDIDATE to LEADER at term 1 for changeToLeader
2019-08-22 21:59:00,981 [f78c023a-1fec-49b9-86f3-237f0eaf7fc7:group-B4EF61EDDB35:LeaderElection16] INFO  impl.RaftServerImpl (ServerState.java:setLeader(263)) - f78c023a-1fec-49b9-86f3-237f0eaf7fc7:group-B4EF61EDDB35 change Leader from null to f78c023a-1fec-49b9-86f3-237f0eaf7fc7 at term 1 for becomeLeader, leader elected after 5116ms
2019-08-22 21:59:00,981 [f78c023a-1fec-49b9-86f3-237f0eaf7fc7:group-B4EF61EDDB35:LeaderElection16] INFO  server.RaftServerConfigKeys (ConfUtils.java:logGet(43)) - raft.server.staging.catchup.gap = 1000 (default)
2019-08-22 21:59:00,982 [f78c023a-1fec-49b9-86f3-237f0eaf7fc7:group-B4EF61EDDB35:LeaderElection16] INFO  server.RaftServerConfigKeys (ConfUtils.java:logGet(43)) - raft.server.rpc.sleep.time = 25ms (default)
2019-08-22 21:59:00,982 [f78c023a-1fec-49b9-86f3-237f0eaf7fc7:group-B4EF61EDDB35:LeaderElection16] INFO  server.RaftServerConfigKeys (ConfUtils.java:logGet(43)) - raft.server.write.element-limit = 4096 (default)
2019-08-22 21:59:00,982 [f78c023a-1fec-49b9-86f3-237f0eaf7fc7:group-B4EF61EDDB35:LeaderElection16] INFO  server.RaftServerConfigKeys (ConfUtils.java:logGet(43)) - raft.server.watch.timeout = 10s (default)
2019-08-22 21:59:00,982 [f78c023a-1fec-49b9-86f3-237f0eaf7fc7:group-B4EF61EDDB35:LeaderElection16] INFO  server.RaftServerConfigKeys (ConfUtils.java:logGet(43)) - raft.server.watch.timeout.denomination = 1s (default)
2019-08-22 21:59:00,982 [f78c023a-1fec-49b9-86f3-237f0eaf7fc7:group-B4EF61EDDB35:LeaderElection16] INFO  server.RaftServerConfigKeys (ConfUtils.java:logGet(43)) - raft.server.watch.element-limit = 65536 (default)
2019-08-22 21:59:00,983 [f78c023a-1fec-49b9-86f3-237f0eaf7fc7:group-B4EF61EDDB35:LeaderElection16] INFO  impl.RoleInfo (RoleInfo.java:updateAndGet(143)) - f78c023a-1fec-49b9-86f3-237f0eaf7fc7: start LeaderState
2019-08-22 21:59:00,983 [f78c023a-1fec-49b9-86f3-237f0eaf7fc7:group-B4EF61EDDB35:LeaderElection16] INFO  segmented.SegmentedRaftLogWorker (SegmentedRaftLogWorker.java:startLogSegment(380)) - f78c023a-1fec-49b9-86f3-237f0eaf7fc7-SegmentedRaftLogWorker:Storage Directory /workdir/hadoop-ozone/integration-test/target/test-dir/MiniOzoneClusterImpl-9aa50907-0cd2-4e2d-ac3b-81cb5cb09f60/datanode-2/data/ratis/d9b33e55-1c6a-4d92-8202-b4ef61eddb35: Starting segment from index:0
2019-08-22 21:59:00,984 [f78c023a-1fec-49b9-86f3-237f0eaf7fc7:group-B4EF61EDDB35:LeaderElection16] INFO  impl.RaftServerImpl (ServerState.java:setRaftConf(361)) - f78c023a-1fec-49b9-86f3-237f0eaf7fc7:group-B4EF61EDDB35 set configuration 0: [f78c023a-1fec-49b9-86f3-237f0eaf7fc7:192.168.36.125:35167], old=null at 0
2019-08-22 21:59:01,048 [f78c023a-1fec-49b9-86f3-237f0eaf7fc7-SegmentedRaftLogWorker:Storage Directory /workdir/hadoop-ozone/integration-test/target/test-dir/MiniOzoneClusterImpl-9aa50907-0cd2-4e2d-ac3b-81cb5cb09f60/datanode-2/data/ratis/d9b33e55-1c6a-4d92-8202-b4ef61eddb35] INFO  segmented.SegmentedRaftLogWorker (SegmentedRaftLogWorker.java:execute(569)) - f78c023a-1fec-49b9-86f3-237f0eaf7fc7-SegmentedRaftLogWorker:Storage Directory /workdir/hadoop-ozone/integration-test/target/test-dir/MiniOzoneClusterImpl-9aa50907-0cd2-4e2d-ac3b-81cb5cb09f60/datanode-2/data/ratis/d9b33e55-1c6a-4d92-8202-b4ef61eddb35: created new log segment /workdir/hadoop-ozone/integration-test/target/test-dir/MiniOzoneClusterImpl-9aa50907-0cd2-4e2d-ac3b-81cb5cb09f60/datanode-2/data/ratis/d9b33e55-1c6a-4d92-8202-b4ef61eddb35/current/log_inprogress_0
2019-08-22 21:59:01,049 [EventQueue-StaleNodeForStaleNodeHandler] INFO  node.StaleNodeHandler (StaleNodeHandler.java:onMessage(58)) - Datanode 2e202f61-106f-4fc0-98c5-9b0733af38dd{ip: 192.168.36.125, host: pr-hdds-1975-6rfct-3228563268, networkLocation: /default-rack, certSerialId: null} moved to stale state. Finalizing its pipelines [PipelineID=3aa99afd-73d0-4e80-8fd9-2d7a43dac0ad, PipelineID=1bb4c851-c637-4fc8-ad14-ed4b41d4febf]
2019-08-22 21:59:01,050 [EventQueue-StaleNodeForStaleNodeHandler] INFO  pipeline.SCMPipelineManager (SCMPipelineManager.java:finalizeAndDestroyPipeline(309)) - destroying pipeline:Pipeline[ Id: 3aa99afd-73d0-4e80-8fd9-2d7a43dac0ad, Nodes: 2e202f61-106f-4fc0-98c5-9b0733af38dd{ip: 192.168.36.125, host: pr-hdds-1975-6rfct-3228563268, networkLocation: /default-rack, certSerialId: null}, Type:RATIS, Factor:ONE, State:OPEN]
2019-08-22 21:59:01,050 [EventQueue-StaleNodeForStaleNodeHandler] INFO  pipeline.PipelineStateManager (PipelineStateManager.java:finalizePipeline(123)) - Pipeline Pipeline[ Id: 3aa99afd-73d0-4e80-8fd9-2d7a43dac0ad, Nodes: 2e202f61-106f-4fc0-98c5-9b0733af38dd{ip: 192.168.36.125, host: pr-hdds-1975-6rfct-3228563268, networkLocation: /default-rack, certSerialId: null}, Type:RATIS, Factor:ONE, State:CLOSED] moved to CLOSED state
2019-08-22 21:59:01,052 [EventQueue-StaleNodeForStaleNodeHandler] INFO  pipeline.SCMPipelineManager (SCMPipelineManager.java:finalizeAndDestroyPipeline(309)) - destroying pipeline:Pipeline[ Id: 1bb4c851-c637-4fc8-ad14-ed4b41d4febf, Nodes: f78c023a-1fec-49b9-86f3-237f0eaf7fc7{ip: 192.168.36.125, host: pr-hdds-1975-6rfct-3228563268, networkLocation: /default-rack, certSerialId: null}a522e26b-37d5-4999-8a0c-362d85073e49{ip: 192.168.36.125, host: pr-hdds-1975-6rfct-3228563268, networkLocation: /default-rack, certSerialId: null}2e202f61-106f-4fc0-98c5-9b0733af38dd{ip: 192.168.36.125, host: pr-hdds-1975-6rfct-3228563268, networkLocation: /default-rack, certSerialId: null}, Type:RATIS, Factor:THREE, State:OPEN]
2019-08-22 21:59:01,052 [EventQueue-StaleNodeForStaleNodeHandler] INFO  pipeline.PipelineStateManager (PipelineStateManager.java:finalizePipeline(123)) - Pipeline Pipeline[ Id: 1bb4c851-c637-4fc8-ad14-ed4b41d4febf, Nodes: f78c023a-1fec-49b9-86f3-237f0eaf7fc7{ip: 192.168.36.125, host: pr-hdds-1975-6rfct-3228563268, networkLocation: /default-rack, certSerialId: null}a522e26b-37d5-4999-8a0c-362d85073e49{ip: 192.168.36.125, host: pr-hdds-1975-6rfct-3228563268, networkLocation: /default-rack, certSerialId: null}2e202f61-106f-4fc0-98c5-9b0733af38dd{ip: 192.168.36.125, host: pr-hdds-1975-6rfct-3228563268, networkLocation: /default-rack, certSerialId: null}, Type:RATIS, Factor:THREE, State:CLOSED] moved to CLOSED state
2019-08-22 21:59:01,055 [Thread-503] INFO  impl.FollowerState (FollowerState.java:run(106)) - 2e202f61-106f-4fc0-98c5-9b0733af38dd:group-ED4B41D4FEBF changes to CANDIDATE, lastRpcTime:5081, electionTimeout:5081ms
2019-08-22 21:59:01,056 [Thread-503] INFO  impl.RoleInfo (RoleInfo.java:shutdownFollowerState(121)) - 2e202f61-106f-4fc0-98c5-9b0733af38dd: shutdown FollowerState
2019-08-22 21:59:01,056 [Thread-503] INFO  impl.RaftServerImpl (RaftServerImpl.java:setRole(171)) - 2e202f61-106f-4fc0-98c5-9b0733af38dd:group-ED4B41D4FEBF changes role from FOLLOWER to CANDIDATE at term 0 for changeToCandidate
2019-08-22 21:59:01,056 [Thread-503] INFO  impl.RoleInfo (RoleInfo.java:updateAndGet(143)) - 2e202f61-106f-4fc0-98c5-9b0733af38dd: start LeaderElection
2019-08-22 21:59:01,081 [2e202f61-106f-4fc0-98c5-9b0733af38dd:group-ED4B41D4FEBF:LeaderElection17] INFO  impl.LeaderElection (LeaderElection.java:askForVotes(181)) - 2e202f61-106f-4fc0-98c5-9b0733af38dd:group-ED4B41D4FEBF:LeaderElection17: begin an election at term 1 for -1: [2e202f61-106f-4fc0-98c5-9b0733af38dd:192.168.36.125:38034, f78c023a-1fec-49b9-86f3-237f0eaf7fc7:192.168.36.125:35167, a522e26b-37d5-4999-8a0c-362d85073e49:192.168.36.125:46067], old=null
2019-08-22 21:59:01,093 [grpc-default-executor-1] INFO  impl.RaftServerImpl (RaftServerImpl.java:setRole(171)) - f78c023a-1fec-49b9-86f3-237f0eaf7fc7:group-ED4B41D4FEBF changes role from FOLLOWER to FOLLOWER at term 1 for recognizeCandidate:2e202f61-106f-4fc0-98c5-9b0733af38dd
2019-08-22 21:59:01,093 [grpc-default-executor-0] INFO  impl.RaftServerImpl (RaftServerImpl.java:setRole(171)) - a522e26b-37d5-4999-8a0c-362d85073e49:group-ED4B41D4FEBF changes role from FOLLOWER to FOLLOWER at term 1 for recognizeCandidate:2e202f61-106f-4fc0-98c5-9b0733af38dd
2019-08-22 21:59:01,093 [grpc-default-executor-1] INFO  impl.RoleInfo (RoleInfo.java:shutdownFollowerState(121)) - f78c023a-1fec-49b9-86f3-237f0eaf7fc7: shutdown FollowerState
2019-08-22 21:59:01,094 [grpc-default-executor-0] INFO  impl.RoleInfo (RoleInfo.java:shutdownFollowerState(121)) - a522e26b-37d5-4999-8a0c-362d85073e49: shutdown FollowerState
2019-08-22 21:59:01,094 [grpc-default-executor-1] INFO  impl.RoleInfo (RoleInfo.java:updateAndGet(143)) - f78c023a-1fec-49b9-86f3-237f0eaf7fc7: start FollowerState
2019-08-22 21:59:01,094 [Thread-507] INFO  impl.FollowerState (FollowerState.java:run(114)) - a522e26b-37d5-4999-8a0c-362d85073e49: FollowerState was interrupted: java.lang.InterruptedException: sleep interrupted
2019-08-22 21:59:01,094 [Thread-508] INFO  impl.FollowerState (FollowerState.java:run(114)) - f78c023a-1fec-49b9-86f3-237f0eaf7fc7: FollowerState was interrupted: java.lang.InterruptedException: sleep interrupted
2019-08-22 21:59:01,094 [grpc-default-executor-0] INFO  impl.RoleInfo (RoleInfo.java:updateAndGet(143)) - a522e26b-37d5-4999-8a0c-362d85073e49: start FollowerState
2019-08-22 21:59:01,137 [2e202f61-106f-4fc0-98c5-9b0733af38dd:group-ED4B41D4FEBF:LeaderElection17] INFO  impl.LeaderElection (LeaderElection.java:logAndReturn(56)) - 2e202f61-106f-4fc0-98c5-9b0733af38dd:group-ED4B41D4FEBF:LeaderElection17: Election PASSED; received 1 response(s) [2e202f61-106f-4fc0-98c5-9b0733af38dd<-f78c023a-1fec-49b9-86f3-237f0eaf7fc7#0:OK-t1] and 0 exception(s); 2e202f61-106f-4fc0-98c5-9b0733af38dd:t1, leader=null, voted=2e202f61-106f-4fc0-98c5-9b0733af38dd, raftlog=2e202f61-106f-4fc0-98c5-9b0733af38dd-SegmentedRaftLog:OPENED:c-1,f-1,i0, conf=-1: [2e202f61-106f-4fc0-98c5-9b0733af38dd:192.168.36.125:38034, f78c023a-1fec-49b9-86f3-237f0eaf7fc7:192.168.36.125:35167, a522e26b-37d5-4999-8a0c-362d85073e49:192.168.36.125:46067], old=null
2019-08-22 21:59:01,137 [2e202f61-106f-4fc0-98c5-9b0733af38dd:group-ED4B41D4FEBF:LeaderElection17] INFO  impl.RoleInfo (RoleInfo.java:shutdownLeaderElection(134)) - 2e202f61-106f-4fc0-98c5-9b0733af38dd: shutdown LeaderElection
2019-08-22 21:59:01,139 [2e202f61-106f-4fc0-98c5-9b0733af38dd:group-ED4B41D4FEBF:LeaderElection17] INFO  impl.RaftServerImpl (RaftServerImpl.java:setRole(171)) - 2e202f61-106f-4fc0-98c5-9b0733af38dd:group-ED4B41D4FEBF changes role from CANDIDATE to LEADER at term 1 for changeToLeader
2019-08-22 21:59:01,139 [2e202f61-106f-4fc0-98c5-9b0733af38dd:group-ED4B41D4FEBF:LeaderElection17] INFO  impl.RaftServerImpl (ServerState.java:setLeader(263)) - 2e202f61-106f-4fc0-98c5-9b0733af38dd:group-ED4B41D4FEBF change Leader from null to 2e202f61-106f-4fc0-98c5-9b0733af38dd at term 1 for becomeLeader, leader elected after 5173ms
2019-08-22 21:59:01,139 [2e202f61-106f-4fc0-98c5-9b0733af38dd:group-ED4B41D4FEBF:LeaderElection17] INFO  server.RaftServerConfigKeys (ConfUtils.java:logGet(43)) - raft.server.staging.catchup.gap = 1000 (default)
2019-08-22 21:59:01,139 [2e202f61-106f-4fc0-98c5-9b0733af38dd:group-ED4B41D4FEBF:LeaderElection17] INFO  server.RaftServerConfigKeys (ConfUtils.java:logGet(43)) - raft.server.rpc.sleep.time = 25ms (default)
2019-08-22 21:59:01,139 [2e202f61-106f-4fc0-98c5-9b0733af38dd:group-ED4B41D4FEBF:LeaderElection17] INFO  server.RaftServerConfigKeys (ConfUtils.java:logGet(43)) - raft.server.write.element-limit = 4096 (default)
2019-08-22 21:59:01,140 [2e202f61-106f-4fc0-98c5-9b0733af38dd:group-ED4B41D4FEBF:LeaderElection17] INFO  server.RaftServerConfigKeys (ConfUtils.java:logGet(43)) - raft.server.watch.timeout = 10s (default)
2019-08-22 21:59:01,140 [2e202f61-106f-4fc0-98c5-9b0733af38dd:group-ED4B41D4FEBF:LeaderElection17] INFO  server.RaftServerConfigKeys (ConfUtils.java:logGet(43)) - raft.server.watch.timeout.denomination = 1s (default)
2019-08-22 21:59:01,140 [2e202f61-106f-4fc0-98c5-9b0733af38dd:group-ED4B41D4FEBF:LeaderElection17] INFO  server.RaftServerConfigKeys (ConfUtils.java:logGet(43)) - raft.server.watch.element-limit = 65536 (default)
2019-08-22 21:59:01,143 [2e202f61-106f-4fc0-98c5-9b0733af38dd:group-ED4B41D4FEBF:LeaderElection17] INFO  server.RaftServerConfigKeys (ConfUtils.java:logGet(43)) - raft.server.log.appender.snapshot.chunk.size.max = 16MB (=16777216) (default)
2019-08-22 21:59:01,144 [2e202f61-106f-4fc0-98c5-9b0733af38dd:group-ED4B41D4FEBF:LeaderElection17] INFO  server.RaftServerConfigKeys (ConfUtils.java:logGet(43)) - raft.server.log.appender.buffer.byte-limit = 33554432 (custom)
2019-08-22 21:59:01,145 [2e202f61-106f-4fc0-98c5-9b0733af38dd:group-ED4B41D4FEBF:LeaderElection17] INFO  server.RaftServerConfigKeys (ConfUtils.java:logGet(43)) - raft.server.log.appender.buffer.element-limit = 1 (custom)
2019-08-22 21:59:01,149 [2e202f61-106f-4fc0-98c5-9b0733af38dd:group-ED4B41D4FEBF:LeaderElection17] INFO  grpc.GrpcConfigKeys$Server (ConfUtils.java:logGet(43)) - raft.grpc.server.leader.outstanding.appends.max = 128 (default)
2019-08-22 21:59:01,151 [2e202f61-106f-4fc0-98c5-9b0733af38dd:group-ED4B41D4FEBF:LeaderElection17] INFO  server.RaftServerConfigKeys (ConfUtils.java:logGet(43)) - raft.server.rpc.request.timeout = 3000ms (default)
2019-08-22 21:59:01,151 [2e202f61-106f-4fc0-98c5-9b0733af38dd:group-ED4B41D4FEBF:LeaderElection17] INFO  server.RaftServerConfigKeys (ConfUtils.java:logGet(43)) - raft.server.log.appender.install.snapshot.enabled = false (custom)
2019-08-22 21:59:01,151 [2e202f61-106f-4fc0-98c5-9b0733af38dd:group-ED4B41D4FEBF:LeaderElection17] INFO  server.RaftServerConfigKeys (ConfUtils.java:logGet(43)) - raft.server.log.appender.snapshot.chunk.size.max = 16MB (=16777216) (default)
2019-08-22 21:59:01,151 [2e202f61-106f-4fc0-98c5-9b0733af38dd:group-ED4B41D4FEBF:LeaderElection17] INFO  server.RaftServerConfigKeys (ConfUtils.java:logGet(43)) - raft.server.log.appender.buffer.byte-limit = 33554432 (custom)
2019-08-22 21:59:01,152 [2e202f61-106f-4fc0-98c5-9b0733af38dd:group-ED4B41D4FEBF:LeaderElection17] INFO  server.RaftServerConfigKeys (ConfUtils.java:logGet(43)) - raft.server.log.appender.buffer.element-limit = 1 (custom)
2019-08-22 21:59:01,152 [2e202f61-106f-4fc0-98c5-9b0733af38dd:group-ED4B41D4FEBF:LeaderElection17] INFO  grpc.GrpcConfigKeys$Server (ConfUtils.java:logGet(43)) - raft.grpc.server.leader.outstanding.appends.max = 128 (default)
2019-08-22 21:59:01,152 [2e202f61-106f-4fc0-98c5-9b0733af38dd:group-ED4B41D4FEBF:LeaderElection17] INFO  server.RaftServerConfigKeys (ConfUtils.java:logGet(43)) - raft.server.rpc.request.timeout = 3000ms (default)
2019-08-22 21:59:01,152 [2e202f61-106f-4fc0-98c5-9b0733af38dd:group-ED4B41D4FEBF:LeaderElection17] INFO  server.RaftServerConfigKeys (ConfUtils.java:logGet(43)) - raft.server.log.appender.install.snapshot.enabled = false (custom)
2019-08-22 21:59:01,157 [2e202f61-106f-4fc0-98c5-9b0733af38dd:group-ED4B41D4FEBF:LeaderElection17] INFO  impl.RoleInfo (RoleInfo.java:updateAndGet(143)) - 2e202f61-106f-4fc0-98c5-9b0733af38dd: start LeaderState
2019-08-22 21:59:01,157 [2e202f61-106f-4fc0-98c5-9b0733af38dd:group-ED4B41D4FEBF:LeaderElection17] INFO  segmented.SegmentedRaftLogWorker (SegmentedRaftLogWorker.java:startLogSegment(380)) - 2e202f61-106f-4fc0-98c5-9b0733af38dd-SegmentedRaftLogWorker:Storage Directory /workdir/hadoop-ozone/integration-test/target/test-dir/MiniOzoneClusterImpl-9aa50907-0cd2-4e2d-ac3b-81cb5cb09f60/datanode-0/data/ratis/1bb4c851-c637-4fc8-ad14-ed4b41d4febf: Starting segment from index:0
2019-08-22 21:59:01,158 [2e202f61-106f-4fc0-98c5-9b0733af38dd:group-ED4B41D4FEBF:LeaderElection17] INFO  impl.RaftServerImpl (ServerState.java:setRaftConf(361)) - 2e202f61-106f-4fc0-98c5-9b0733af38dd:group-ED4B41D4FEBF set configuration 0: [2e202f61-106f-4fc0-98c5-9b0733af38dd:192.168.36.125:38034, f78c023a-1fec-49b9-86f3-237f0eaf7fc7:192.168.36.125:35167, a522e26b-37d5-4999-8a0c-362d85073e49:192.168.36.125:46067], old=null at 0
2019-08-22 21:59:01,220 [2e202f61-106f-4fc0-98c5-9b0733af38dd-SegmentedRaftLogWorker:Storage Directory /workdir/hadoop-ozone/integration-test/target/test-dir/MiniOzoneClusterImpl-9aa50907-0cd2-4e2d-ac3b-81cb5cb09f60/datanode-0/data/ratis/1bb4c851-c637-4fc8-ad14-ed4b41d4febf] INFO  segmented.SegmentedRaftLogWorker (SegmentedRaftLogWorker.java:execute(569)) - 2e202f61-106f-4fc0-98c5-9b0733af38dd-SegmentedRaftLogWorker:Storage Directory /workdir/hadoop-ozone/integration-test/target/test-dir/MiniOzoneClusterImpl-9aa50907-0cd2-4e2d-ac3b-81cb5cb09f60/datanode-0/data/ratis/1bb4c851-c637-4fc8-ad14-ed4b41d4febf: created new log segment /workdir/hadoop-ozone/integration-test/target/test-dir/MiniOzoneClusterImpl-9aa50907-0cd2-4e2d-ac3b-81cb5cb09f60/datanode-0/data/ratis/1bb4c851-c637-4fc8-ad14-ed4b41d4febf/current/log_inprogress_0
2019-08-22 21:59:01,221 [grpc-default-executor-1] INFO  impl.RaftServerImpl (ServerState.java:setLeader(263)) - a522e26b-37d5-4999-8a0c-362d85073e49:group-ED4B41D4FEBF change Leader from null to 2e202f61-106f-4fc0-98c5-9b0733af38dd at term 1 for appendEntries, leader elected after 5256ms
2019-08-22 21:59:01,221 [grpc-default-executor-0] INFO  impl.RaftServerImpl (ServerState.java:setLeader(263)) - f78c023a-1fec-49b9-86f3-237f0eaf7fc7:group-ED4B41D4FEBF change Leader from null to 2e202f61-106f-4fc0-98c5-9b0733af38dd at term 1 for appendEntries, leader elected after 5256ms
2019-08-22 21:59:01,248 [grpc-default-executor-1] INFO  impl.RaftServerImpl (ServerState.java:setRaftConf(361)) - f78c023a-1fec-49b9-86f3-237f0eaf7fc7:group-ED4B41D4FEBF set configuration 0: [2e202f61-106f-4fc0-98c5-9b0733af38dd:192.168.36.125:38034, f78c023a-1fec-49b9-86f3-237f0eaf7fc7:192.168.36.125:35167, a522e26b-37d5-4999-8a0c-362d85073e49:192.168.36.125:46067], old=null at 0
2019-08-22 21:59:01,248 [grpc-default-executor-0] INFO  impl.RaftServerImpl (ServerState.java:setRaftConf(361)) - a522e26b-37d5-4999-8a0c-362d85073e49:group-ED4B41D4FEBF set configuration 0: [2e202f61-106f-4fc0-98c5-9b0733af38dd:192.168.36.125:38034, f78c023a-1fec-49b9-86f3-237f0eaf7fc7:192.168.36.125:35167, a522e26b-37d5-4999-8a0c-362d85073e49:192.168.36.125:46067], old=null at 0
2019-08-22 21:59:01,249 [grpc-default-executor-1] INFO  segmented.SegmentedRaftLogWorker (SegmentedRaftLogWorker.java:startLogSegment(380)) - f78c023a-1fec-49b9-86f3-237f0eaf7fc7-SegmentedRaftLogWorker:Storage Directory /workdir/hadoop-ozone/integration-test/target/test-dir/MiniOzoneClusterImpl-9aa50907-0cd2-4e2d-ac3b-81cb5cb09f60/datanode-2/data/ratis/1bb4c851-c637-4fc8-ad14-ed4b41d4febf: Starting segment from index:0
2019-08-22 21:59:01,249 [grpc-default-executor-0] INFO  segmented.SegmentedRaftLogWorker (SegmentedRaftLogWorker.java:startLogSegment(380)) - a522e26b-37d5-4999-8a0c-362d85073e49-SegmentedRaftLogWorker:Storage Directory /workdir/hadoop-ozone/integration-test/target/test-dir/MiniOzoneClusterImpl-9aa50907-0cd2-4e2d-ac3b-81cb5cb09f60/datanode-1/data/ratis/1bb4c851-c637-4fc8-ad14-ed4b41d4febf: Starting segment from index:0
2019-08-22 21:59:01,309 [f78c023a-1fec-49b9-86f3-237f0eaf7fc7-SegmentedRaftLogWorker:Storage Directory /workdir/hadoop-ozone/integration-test/target/test-dir/MiniOzoneClusterImpl-9aa50907-0cd2-4e2d-ac3b-81cb5cb09f60/datanode-2/data/ratis/1bb4c851-c637-4fc8-ad14-ed4b41d4febf] INFO  segmented.SegmentedRaftLogWorker (SegmentedRaftLogWorker.java:execute(569)) - f78c023a-1fec-49b9-86f3-237f0eaf7fc7-SegmentedRaftLogWorker:Storage Directory /workdir/hadoop-ozone/integration-test/target/test-dir/MiniOzoneClusterImpl-9aa50907-0cd2-4e2d-ac3b-81cb5cb09f60/datanode-2/data/ratis/1bb4c851-c637-4fc8-ad14-ed4b41d4febf: created new log segment /workdir/hadoop-ozone/integration-test/target/test-dir/MiniOzoneClusterImpl-9aa50907-0cd2-4e2d-ac3b-81cb5cb09f60/datanode-2/data/ratis/1bb4c851-c637-4fc8-ad14-ed4b41d4febf/current/log_inprogress_0
2019-08-22 21:59:01,309 [a522e26b-37d5-4999-8a0c-362d85073e49-SegmentedRaftLogWorker:Storage Directory /workdir/hadoop-ozone/integration-test/target/test-dir/MiniOzoneClusterImpl-9aa50907-0cd2-4e2d-ac3b-81cb5cb09f60/datanode-1/data/ratis/1bb4c851-c637-4fc8-ad14-ed4b41d4febf] INFO  segmented.SegmentedRaftLogWorker (SegmentedRaftLogWorker.java:execute(569)) - a522e26b-37d5-4999-8a0c-362d85073e49-SegmentedRaftLogWorker:Storage Directory /workdir/hadoop-ozone/integration-test/target/test-dir/MiniOzoneClusterImpl-9aa50907-0cd2-4e2d-ac3b-81cb5cb09f60/datanode-1/data/ratis/1bb4c851-c637-4fc8-ad14-ed4b41d4febf: created new log segment /workdir/hadoop-ozone/integration-test/target/test-dir/MiniOzoneClusterImpl-9aa50907-0cd2-4e2d-ac3b-81cb5cb09f60/datanode-1/data/ratis/1bb4c851-c637-4fc8-ad14-ed4b41d4febf/current/log_inprogress_0
2019-08-22 21:59:01,592 | INFO  | SCMAudit | user=jenkins1000 | ip=192.168.36.125 | op=SEND_HEARTBEAT {datanodeUUID=a522e26b-37d5-4999-8a0c-362d85073e49, command=[]} | ret=SUCCESS |  
2019-08-22 21:59:01,792 [Thread-320] INFO  ozoneimpl.OzoneContainer (OzoneContainer.java:stop(199)) - Attempting to stop container services.
2019-08-22 21:59:01,793 [Thread-320] INFO  impl.RaftServerProxy (RaftServerProxy.java:lambda$close$4(314)) - 2e202f61-106f-4fc0-98c5-9b0733af38dd: close
2019-08-22 21:59:01,793 | INFO  | SCMAudit | user=jenkins1000 | ip=192.168.36.125 | op=SEND_HEARTBEAT {datanodeUUID=f78c023a-1fec-49b9-86f3-237f0eaf7fc7, command=[]} | ret=SUCCESS |  
2019-08-22 21:59:01,793 [Thread-320] INFO  impl.RaftServerImpl (RaftServerImpl.java:lambda$shutdown$3(245)) - 2e202f61-106f-4fc0-98c5-9b0733af38dd: shutdown group-2D7A43DAC0AD
2019-08-22 21:59:01,793 [ForkJoinPool.commonPool-worker-1] INFO  impl.RaftServerImpl (RaftServerImpl.java:lambda$shutdown$3(245)) - 2e202f61-106f-4fc0-98c5-9b0733af38dd: shutdown group-ED4B41D4FEBF
2019-08-22 21:59:01,794 [Thread-320] INFO  util.JmxRegister (JmxRegister.java:unregister(73)) - Successfully un-registered JMX Bean with object name Ratis:service=RaftServer,group=group-2D7A43DAC0AD,id=2e202f61-106f-4fc0-98c5-9b0733af38dd
2019-08-22 21:59:01,794 [ForkJoinPool.commonPool-worker-1] INFO  util.JmxRegister (JmxRegister.java:unregister(73)) - Successfully un-registered JMX Bean with object name Ratis:service=RaftServer,group=group-ED4B41D4FEBF,id=2e202f61-106f-4fc0-98c5-9b0733af38dd
2019-08-22 21:59:01,794 [Thread-320] INFO  impl.RoleInfo (RoleInfo.java:shutdownLeaderState(104)) - 2e202f61-106f-4fc0-98c5-9b0733af38dd: shutdown LeaderState
2019-08-22 21:59:01,794 [ForkJoinPool.commonPool-worker-1] INFO  impl.RoleInfo (RoleInfo.java:shutdownLeaderState(104)) - 2e202f61-106f-4fc0-98c5-9b0733af38dd: shutdown LeaderState
2019-08-22 21:59:01,795 [Thread-320] INFO  impl.PendingRequests (PendingRequests.java:sendNotLeaderResponses(202)) - 2e202f61-106f-4fc0-98c5-9b0733af38dd-PendingRequests: sendNotLeaderResponses
2019-08-22 21:59:01,799 [ForkJoinPool.commonPool-worker-1] INFO  impl.PendingRequests (PendingRequests.java:sendNotLeaderResponses(202)) - 2e202f61-106f-4fc0-98c5-9b0733af38dd-PendingRequests: sendNotLeaderResponses
2019-08-22 21:59:01,799 [org.apache.ratis.server.impl.LogAppender$AppenderDaemon$$Lambda$520/1790738801@21842678] WARN  server.GrpcLogAppender (GrpcLogAppender.java:mayWait(143)) - GrpcLogAppender(2e202f61-106f-4fc0-98c5-9b0733af38dd->f78c023a-1fec-49b9-86f3-237f0eaf7fc7): Wait interrupted by java.lang.InterruptedException
2019-08-22 21:59:01,799 [org.apache.ratis.server.impl.LogAppender$AppenderDaemon$$Lambda$520/1790738801@9f238ff] WARN  server.GrpcLogAppender (GrpcLogAppender.java:mayWait(143)) - GrpcLogAppender(2e202f61-106f-4fc0-98c5-9b0733af38dd->a522e26b-37d5-4999-8a0c-362d85073e49): Wait interrupted by java.lang.InterruptedException
2019-08-22 21:59:01,800 [ForkJoinPool.commonPool-worker-1] INFO  impl.StateMachineUpdater (StateMachineUpdater.java:stopAndJoin(115)) - StateMachineUpdater:2e202f61-106f-4fc0-98c5-9b0733af38dd:group-ED4B41D4FEBF: set stopIndex = 0
2019-08-22 21:59:01,800 [Thread-320] INFO  impl.StateMachineUpdater (StateMachineUpdater.java:stopAndJoin(115)) - StateMachineUpdater:2e202f61-106f-4fc0-98c5-9b0733af38dd:group-2D7A43DAC0AD: set stopIndex = 0
2019-08-22 21:59:01,803 [ForkJoinPool.commonPool-worker-1] INFO  impl.RaftServerImpl (ServerState.java:close(394)) - 2e202f61-106f-4fc0-98c5-9b0733af38dd:group-ED4B41D4FEBF closes. The last applied log index is 0
2019-08-22 21:59:01,803 [Thread-320] INFO  impl.RaftServerImpl (ServerState.java:close(394)) - 2e202f61-106f-4fc0-98c5-9b0733af38dd:group-2D7A43DAC0AD closes. The last applied log index is 0
2019-08-22 21:59:01,805 [2e202f61-106f-4fc0-98c5-9b0733af38dd-SegmentedRaftLogWorker:Storage Directory /workdir/hadoop-ozone/integration-test/target/test-dir/MiniOzoneClusterImpl-9aa50907-0cd2-4e2d-ac3b-81cb5cb09f60/datanode-0/data/ratis/1bb4c851-c637-4fc8-ad14-ed4b41d4febf] INFO  segmented.SegmentedRaftLogWorker (SegmentedRaftLogWorker.java:run(313)) - 2e202f61-106f-4fc0-98c5-9b0733af38dd-SegmentedRaftLogWorker:Storage Directory /workdir/hadoop-ozone/integration-test/target/test-dir/MiniOzoneClusterImpl-9aa50907-0cd2-4e2d-ac3b-81cb5cb09f60/datanode-0/data/ratis/1bb4c851-c637-4fc8-ad14-ed4b41d4febf was interrupted, exiting. There are 0 tasks remaining in the queue.
2019-08-22 21:59:01,805 [2e202f61-106f-4fc0-98c5-9b0733af38dd-SegmentedRaftLogWorker:Storage Directory /workdir/hadoop-ozone/integration-test/target/test-dir/MiniOzoneClusterImpl-9aa50907-0cd2-4e2d-ac3b-81cb5cb09f60/datanode-0/data/ratis/3aa99afd-73d0-4e80-8fd9-2d7a43dac0ad] INFO  segmented.SegmentedRaftLogWorker (SegmentedRaftLogWorker.java:run(313)) - 2e202f61-106f-4fc0-98c5-9b0733af38dd-SegmentedRaftLogWorker:Storage Directory /workdir/hadoop-ozone/integration-test/target/test-dir/MiniOzoneClusterImpl-9aa50907-0cd2-4e2d-ac3b-81cb5cb09f60/datanode-0/data/ratis/3aa99afd-73d0-4e80-8fd9-2d7a43dac0ad was interrupted, exiting. There are 0 tasks remaining in the queue.
2019-08-22 21:59:01,808 [ForkJoinPool.commonPool-worker-1] INFO  segmented.SegmentedRaftLogWorker (SegmentedRaftLogWorker.java:close(228)) - 2e202f61-106f-4fc0-98c5-9b0733af38dd-SegmentedRaftLogWorker:Storage Directory /workdir/hadoop-ozone/integration-test/target/test-dir/MiniOzoneClusterImpl-9aa50907-0cd2-4e2d-ac3b-81cb5cb09f60/datanode-0/data/ratis/1bb4c851-c637-4fc8-ad14-ed4b41d4febf close()
2019-08-22 21:59:01,809 [Thread-320] INFO  segmented.SegmentedRaftLogWorker (SegmentedRaftLogWorker.java:close(228)) - 2e202f61-106f-4fc0-98c5-9b0733af38dd-SegmentedRaftLogWorker:Storage Directory /workdir/hadoop-ozone/integration-test/target/test-dir/MiniOzoneClusterImpl-9aa50907-0cd2-4e2d-ac3b-81cb5cb09f60/datanode-0/data/ratis/3aa99afd-73d0-4e80-8fd9-2d7a43dac0ad close()
2019-08-22 21:59:01,811 [grpc-default-executor-1] INFO  server.GrpcServerProtocolService (GrpcServerProtocolService.java:onCompleted(104)) - f78c023a-1fec-49b9-86f3-237f0eaf7fc7: appendEntries completed
2019-08-22 21:59:01,820 [Thread-320] INFO  server.GrpcService (GrpcService.java:closeImpl(155)) - 2e202f61-106f-4fc0-98c5-9b0733af38dd: shutdown server with port 38034 now
2019-08-22 21:59:01,810 [grpc-default-executor-0] INFO  server.GrpcServerProtocolService (GrpcServerProtocolService.java:onCompleted(104)) - a522e26b-37d5-4999-8a0c-362d85073e49: appendEntries completed
2019-08-22 21:59:01,824 [Thread-320] INFO  server.GrpcService (GrpcService.java:closeImpl(163)) - 2e202f61-106f-4fc0-98c5-9b0733af38dd: shutdown server with port 38034 successfully
2019-08-22 21:59:01,824 [grpc-default-executor-1] INFO  server.GrpcLogAppender (GrpcLogAppender.java:onCompleted(292)) - 2e202f61-106f-4fc0-98c5-9b0733af38dd->f78c023a-1fec-49b9-86f3-237f0eaf7fc7: follower responses appendEntries COMPLETED
2019-08-22 21:59:01,827 [Thread-320] INFO  utils.BackgroundService (BackgroundService.java:shutdown(148)) - Shutting down service BlockDeletingService
2019-08-22 21:59:01,828 [grpc-default-executor-0] INFO  server.GrpcLogAppender (GrpcLogAppender.java:onError(281)) - GrpcLogAppender(2e202f61-106f-4fc0-98c5-9b0733af38dd->a522e26b-37d5-4999-8a0c-362d85073e49) is stopped
2019-08-22 21:59:01,829 [grpc-default-executor-1] INFO  impl.FollowerInfo (FollowerInfo.java:lambda$new$0(50)) - 2e202f61-106f-4fc0-98c5-9b0733af38dd->f78c023a-1fec-49b9-86f3-237f0eaf7fc7: nextIndex: updateUnconditionally 1 -> 0
2019-08-22 21:59:01,829 [refreshUsed-/workdir/hadoop-ozone/integration-test/target/test-dir/MiniOzoneClusterImpl-9aa50907-0cd2-4e2d-ac3b-81cb5cb09f60/datanode-0/data/containers] WARN  fs.CachingGetSpaceUsed (CachingGetSpaceUsed.java:run(183)) - Thread Interrupted waiting to refresh disk information: sleep interrupted
2019-08-22 21:59:01,861 [Thread-320] INFO  statemachine.DatanodeStateMachine (DatanodeStateMachine.java:stopDaemon(395)) - Ozone container server stopped.
2019-08-22 21:59:01,862 [Thread-320] INFO  handler.ContextHandler (ContextHandler.java:doStop(910)) - Stopped o.e.j.w.WebAppContext@1c218667{/,null,UNAVAILABLE}{/hddsDatanode}
2019-08-22 21:59:01,863 [Thread-320] INFO  server.AbstractConnector (AbstractConnector.java:doStop(318)) - Stopped ServerConnector@634e333e{HTTP/1.1,[http/1.1]}{0.0.0.0:0}
2019-08-22 21:59:01,864 [Thread-320] INFO  handler.ContextHandler (ContextHandler.java:doStop(910)) - Stopped o.e.j.s.ServletContextHandler@1b50a3a2{/static,jar:file:/home/user/.m2/repository/org/apache/hadoop/hadoop-hdds-container-service/0.5.0-SNAPSHOT/hadoop-hdds-container-service-0.5.0-SNAPSHOT.jar!/webapps/static,UNAVAILABLE}
2019-08-22 21:59:01,864 [Thread-320] INFO  handler.ContextHandler (ContextHandler.java:doStop(910)) - Stopped o.e.j.s.ServletContextHandler@729a8123{/logs,file:///workdir/hadoop-ozone/integration-test/target/log,UNAVAILABLE}
2019-08-22 21:59:01,865 [Thread-320] INFO  datanode.ObjectStoreHandler (ObjectStoreHandler.java:close(155)) - Closing ObjectStoreHandler.
2019-08-22 21:59:01,867 [Thread-320] INFO  ozone.HddsDatanodeService (HddsDatanodeService.java:stop(451)) - Stopped plug-in org.apache.hadoop.ozone.web.OzoneHddsDatanodeService@a159108
2019-08-22 21:59:02,591 [Datanode State Machine Thread - 0] INFO  statemachine.DatanodeStateMachine (DatanodeStateMachine.java:lambda$startDaemon$0(350)) - Ozone container server started.
2019-08-22 21:59:02,794 | INFO  | SCMAudit | user=jenkins1000 | ip=192.168.36.125 | op=SEND_HEARTBEAT {datanodeUUID=f78c023a-1fec-49b9-86f3-237f0eaf7fc7, command=[]} | ret=SUCCESS |  
2019-08-22 21:59:03,794 | INFO  | SCMAudit | user=jenkins1000 | ip=192.168.36.125 | op=SEND_HEARTBEAT {datanodeUUID=f78c023a-1fec-49b9-86f3-237f0eaf7fc7, command=[]} | ret=SUCCESS |  
2019-08-22 21:59:04,794 | INFO  | SCMAudit | user=jenkins1000 | ip=192.168.36.125 | op=SEND_HEARTBEAT {datanodeUUID=f78c023a-1fec-49b9-86f3-237f0eaf7fc7, command=[]} | ret=SUCCESS |  
2019-08-22 21:59:05,794 | INFO  | SCMAudit | user=jenkins1000 | ip=192.168.36.125 | op=SEND_HEARTBEAT {datanodeUUID=f78c023a-1fec-49b9-86f3-237f0eaf7fc7, command=[]} | ret=SUCCESS |  
2019-08-22 21:59:06,794 | INFO  | SCMAudit | user=jenkins1000 | ip=192.168.36.125 | op=SEND_HEARTBEAT {datanodeUUID=f78c023a-1fec-49b9-86f3-237f0eaf7fc7, command=[]} | ret=SUCCESS |  
2019-08-22 21:59:06,869 [Thread-320] INFO  ozoneimpl.OzoneContainer (OzoneContainer.java:stop(199)) - Attempting to stop container services.
2019-08-22 21:59:06,869 [Thread-320] INFO  impl.RaftServerProxy (RaftServerProxy.java:lambda$close$4(314)) - a522e26b-37d5-4999-8a0c-362d85073e49: close
2019-08-22 21:59:06,870 [Thread-320] INFO  impl.RaftServerImpl (RaftServerImpl.java:lambda$shutdown$3(245)) - a522e26b-37d5-4999-8a0c-362d85073e49: shutdown group-377FCF0EC1F9
2019-08-22 21:59:06,870 [ForkJoinPool.commonPool-worker-0] INFO  impl.RaftServerImpl (RaftServerImpl.java:lambda$shutdown$3(245)) - a522e26b-37d5-4999-8a0c-362d85073e49: shutdown group-ED4B41D4FEBF
2019-08-22 21:59:06,871 [Thread-320] INFO  util.JmxRegister (JmxRegister.java:unregister(73)) - Successfully un-registered JMX Bean with object name Ratis:service=RaftServer,group=group-377FCF0EC1F9,id=a522e26b-37d5-4999-8a0c-362d85073e49
2019-08-22 21:59:06,871 [ForkJoinPool.commonPool-worker-0] INFO  util.JmxRegister (JmxRegister.java:unregister(73)) - Successfully un-registered JMX Bean with object name Ratis:service=RaftServer,group=group-ED4B41D4FEBF,id=a522e26b-37d5-4999-8a0c-362d85073e49
2019-08-22 21:59:06,871 [Thread-320] INFO  impl.RoleInfo (RoleInfo.java:shutdownLeaderState(104)) - a522e26b-37d5-4999-8a0c-362d85073e49: shutdown LeaderState
2019-08-22 21:59:06,871 [ForkJoinPool.commonPool-worker-0] INFO  impl.RoleInfo (RoleInfo.java:shutdownFollowerState(121)) - a522e26b-37d5-4999-8a0c-362d85073e49: shutdown FollowerState
2019-08-22 21:59:06,872 [Thread-320] INFO  impl.PendingRequests (PendingRequests.java:sendNotLeaderResponses(202)) - a522e26b-37d5-4999-8a0c-362d85073e49-PendingRequests: sendNotLeaderResponses
2019-08-22 21:59:06,872 [Thread-523] INFO  impl.FollowerState (FollowerState.java:run(114)) - a522e26b-37d5-4999-8a0c-362d85073e49: FollowerState was interrupted: java.lang.InterruptedException: sleep interrupted
2019-08-22 21:59:06,874 [Thread-320] INFO  impl.StateMachineUpdater (StateMachineUpdater.java:stopAndJoin(115)) - StateMachineUpdater:a522e26b-37d5-4999-8a0c-362d85073e49:group-377FCF0EC1F9: set stopIndex = 0
2019-08-22 21:59:06,877 [Thread-320] INFO  impl.RaftServerImpl (ServerState.java:close(394)) - a522e26b-37d5-4999-8a0c-362d85073e49:group-377FCF0EC1F9 closes. The last applied log index is 0
2019-08-22 21:59:06,872 [ForkJoinPool.commonPool-worker-0] INFO  impl.StateMachineUpdater (StateMachineUpdater.java:stopAndJoin(115)) - StateMachineUpdater:a522e26b-37d5-4999-8a0c-362d85073e49:group-ED4B41D4FEBF: set stopIndex = 0
2019-08-22 21:59:06,877 [a522e26b-37d5-4999-8a0c-362d85073e49-SegmentedRaftLogWorker:Storage Directory /workdir/hadoop-ozone/integration-test/target/test-dir/MiniOzoneClusterImpl-9aa50907-0cd2-4e2d-ac3b-81cb5cb09f60/datanode-1/data/ratis/05a5d973-5047-47de-9cc4-377fcf0ec1f9] INFO  segmented.SegmentedRaftLogWorker (SegmentedRaftLogWorker.java:run(313)) - a522e26b-37d5-4999-8a0c-362d85073e49-SegmentedRaftLogWorker:Storage Directory /workdir/hadoop-ozone/integration-test/target/test-dir/MiniOzoneClusterImpl-9aa50907-0cd2-4e2d-ac3b-81cb5cb09f60/datanode-1/data/ratis/05a5d973-5047-47de-9cc4-377fcf0ec1f9 was interrupted, exiting. There are 0 tasks remaining in the queue.
2019-08-22 21:59:06,877 [ForkJoinPool.commonPool-worker-0] INFO  impl.RaftServerImpl (ServerState.java:close(394)) - a522e26b-37d5-4999-8a0c-362d85073e49:group-ED4B41D4FEBF closes. The last applied log index is 0
2019-08-22 21:59:06,879 [Thread-320] INFO  segmented.SegmentedRaftLogWorker (SegmentedRaftLogWorker.java:close(228)) - a522e26b-37d5-4999-8a0c-362d85073e49-SegmentedRaftLogWorker:Storage Directory /workdir/hadoop-ozone/integration-test/target/test-dir/MiniOzoneClusterImpl-9aa50907-0cd2-4e2d-ac3b-81cb5cb09f60/datanode-1/data/ratis/05a5d973-5047-47de-9cc4-377fcf0ec1f9 close()
2019-08-22 21:59:06,879 [a522e26b-37d5-4999-8a0c-362d85073e49-SegmentedRaftLogWorker:Storage Directory /workdir/hadoop-ozone/integration-test/target/test-dir/MiniOzoneClusterImpl-9aa50907-0cd2-4e2d-ac3b-81cb5cb09f60/datanode-1/data/ratis/1bb4c851-c637-4fc8-ad14-ed4b41d4febf] INFO  segmented.SegmentedRaftLogWorker (SegmentedRaftLogWorker.java:run(313)) - a522e26b-37d5-4999-8a0c-362d85073e49-SegmentedRaftLogWorker:Storage Directory /workdir/hadoop-ozone/integration-test/target/test-dir/MiniOzoneClusterImpl-9aa50907-0cd2-4e2d-ac3b-81cb5cb09f60/datanode-1/data/ratis/1bb4c851-c637-4fc8-ad14-ed4b41d4febf was interrupted, exiting. There are 0 tasks remaining in the queue.
2019-08-22 21:59:06,882 [ForkJoinPool.commonPool-worker-0] INFO  segmented.SegmentedRaftLogWorker (SegmentedRaftLogWorker.java:close(228)) - a522e26b-37d5-4999-8a0c-362d85073e49-SegmentedRaftLogWorker:Storage Directory /workdir/hadoop-ozone/integration-test/target/test-dir/MiniOzoneClusterImpl-9aa50907-0cd2-4e2d-ac3b-81cb5cb09f60/datanode-1/data/ratis/1bb4c851-c637-4fc8-ad14-ed4b41d4febf close()
2019-08-22 21:59:06,884 [Thread-320] INFO  server.GrpcService (GrpcService.java:closeImpl(155)) - a522e26b-37d5-4999-8a0c-362d85073e49: shutdown server with port 46067 now
2019-08-22 21:59:06,885 [Thread-320] INFO  server.GrpcService (GrpcService.java:closeImpl(163)) - a522e26b-37d5-4999-8a0c-362d85073e49: shutdown server with port 46067 successfully
2019-08-22 21:59:06,887 [Thread-320] INFO  utils.BackgroundService (BackgroundService.java:shutdown(148)) - Shutting down service BlockDeletingService
2019-08-22 21:59:06,888 [refreshUsed-/workdir/hadoop-ozone/integration-test/target/test-dir/MiniOzoneClusterImpl-9aa50907-0cd2-4e2d-ac3b-81cb5cb09f60/datanode-1/data/containers] WARN  fs.CachingGetSpaceUsed (CachingGetSpaceUsed.java:run(183)) - Thread Interrupted waiting to refresh disk information: sleep interrupted
2019-08-22 21:59:06,912 [Thread-320] INFO  statemachine.DatanodeStateMachine (DatanodeStateMachine.java:stopDaemon(395)) - Ozone container server stopped.
2019-08-22 21:59:06,913 [Thread-320] INFO  handler.ContextHandler (ContextHandler.java:doStop(910)) - Stopped o.e.j.w.WebAppContext@3fe2899{/,null,UNAVAILABLE}{/hddsDatanode}
2019-08-22 21:59:06,914 [Thread-320] INFO  server.AbstractConnector (AbstractConnector.java:doStop(318)) - Stopped ServerConnector@37fa0fa2{HTTP/1.1,[http/1.1]}{0.0.0.0:0}
2019-08-22 21:59:06,914 [Thread-320] INFO  handler.ContextHandler (ContextHandler.java:doStop(910)) - Stopped o.e.j.s.ServletContextHandler@6b4e021f{/static,jar:file:/home/user/.m2/repository/org/apache/hadoop/hadoop-hdds-container-service/0.5.0-SNAPSHOT/hadoop-hdds-container-service-0.5.0-SNAPSHOT.jar!/webapps/static,UNAVAILABLE}
2019-08-22 21:59:06,915 [Thread-320] INFO  handler.ContextHandler (ContextHandler.java:doStop(910)) - Stopped o.e.j.s.ServletContextHandler@319ee7ed{/logs,file:///workdir/hadoop-ozone/integration-test/target/log,UNAVAILABLE}
2019-08-22 21:59:06,916 [Thread-320] INFO  datanode.ObjectStoreHandler (ObjectStoreHandler.java:close(155)) - Closing ObjectStoreHandler.
2019-08-22 21:59:06,917 [Thread-320] INFO  ozone.HddsDatanodeService (HddsDatanodeService.java:stop(451)) - Stopped plug-in org.apache.hadoop.ozone.web.OzoneHddsDatanodeService@1b7a5891
2019-08-22 21:59:07,051 [EventQueue-StaleNodeForStaleNodeHandler] INFO  node.StaleNodeHandler (StaleNodeHandler.java:onMessage(58)) - Datanode a522e26b-37d5-4999-8a0c-362d85073e49{ip: 192.168.36.125, host: pr-hdds-1975-6rfct-3228563268, networkLocation: /default-rack, certSerialId: null} moved to stale state. Finalizing its pipelines [PipelineID=05a5d973-5047-47de-9cc4-377fcf0ec1f9, PipelineID=1bb4c851-c637-4fc8-ad14-ed4b41d4febf]
2019-08-22 21:59:07,051 [EventQueue-StaleNodeForStaleNodeHandler] INFO  pipeline.SCMPipelineManager (SCMPipelineManager.java:finalizeAndDestroyPipeline(309)) - destroying pipeline:Pipeline[ Id: 05a5d973-5047-47de-9cc4-377fcf0ec1f9, Nodes: a522e26b-37d5-4999-8a0c-362d85073e49{ip: 192.168.36.125, host: pr-hdds-1975-6rfct-3228563268, networkLocation: /default-rack, certSerialId: null}, Type:RATIS, Factor:ONE, State:OPEN]
2019-08-22 21:59:07,051 [EventQueue-StaleNodeForStaleNodeHandler] INFO  pipeline.PipelineStateManager (PipelineStateManager.java:finalizePipeline(123)) - Pipeline Pipeline[ Id: 05a5d973-5047-47de-9cc4-377fcf0ec1f9, Nodes: a522e26b-37d5-4999-8a0c-362d85073e49{ip: 192.168.36.125, host: pr-hdds-1975-6rfct-3228563268, networkLocation: /default-rack, certSerialId: null}, Type:RATIS, Factor:ONE, State:CLOSED] moved to CLOSED state
2019-08-22 21:59:07,052 [EventQueue-StaleNodeForStaleNodeHandler] INFO  pipeline.SCMPipelineManager (SCMPipelineManager.java:finalizeAndDestroyPipeline(309)) - destroying pipeline:Pipeline[ Id: 1bb4c851-c637-4fc8-ad14-ed4b41d4febf, Nodes: f78c023a-1fec-49b9-86f3-237f0eaf7fc7{ip: 192.168.36.125, host: pr-hdds-1975-6rfct-3228563268, networkLocation: /default-rack, certSerialId: null}a522e26b-37d5-4999-8a0c-362d85073e49{ip: 192.168.36.125, host: pr-hdds-1975-6rfct-3228563268, networkLocation: /default-rack, certSerialId: null}2e202f61-106f-4fc0-98c5-9b0733af38dd{ip: 192.168.36.125, host: pr-hdds-1975-6rfct-3228563268, networkLocation: /default-rack, certSerialId: null}, Type:RATIS, Factor:THREE, State:CLOSED]
2019-08-22 21:59:07,792 [Datanode State Machine Thread - 0] INFO  statemachine.DatanodeStateMachine (DatanodeStateMachine.java:lambda$startDaemon$0(350)) - Ozone container server started.
2019-08-22 21:59:11,414 [Thread-522] INFO  impl.FollowerState (FollowerState.java:run(106)) - f78c023a-1fec-49b9-86f3-237f0eaf7fc7:group-ED4B41D4FEBF changes to CANDIDATE, lastRpcTime:10093, electionTimeout:5129ms
2019-08-22 21:59:11,415 [Thread-522] INFO  impl.RoleInfo (RoleInfo.java:shutdownFollowerState(121)) - f78c023a-1fec-49b9-86f3-237f0eaf7fc7: shutdown FollowerState
2019-08-22 21:59:11,415 [Thread-522] INFO  impl.RaftServerImpl (RaftServerImpl.java:setRole(171)) - f78c023a-1fec-49b9-86f3-237f0eaf7fc7:group-ED4B41D4FEBF changes role from FOLLOWER to CANDIDATE at term 1 for changeToCandidate
2019-08-22 21:59:11,415 [Thread-522] INFO  impl.RoleInfo (RoleInfo.java:updateAndGet(143)) - f78c023a-1fec-49b9-86f3-237f0eaf7fc7: start LeaderElection
2019-08-22 21:59:11,417 [f78c023a-1fec-49b9-86f3-237f0eaf7fc7:group-ED4B41D4FEBF:LeaderElection18] INFO  impl.RaftServerImpl (ServerState.java:setLeader(263)) - f78c023a-1fec-49b9-86f3-237f0eaf7fc7:group-ED4B41D4FEBF change Leader from 2e202f61-106f-4fc0-98c5-9b0733af38dd to null at term 1 for initElection
2019-08-22 21:59:11,918 [Thread-320] INFO  ozoneimpl.OzoneContainer (OzoneContainer.java:stop(199)) - Attempting to stop container services.
2019-08-22 21:59:11,919 [Thread-320] INFO  impl.RaftServerProxy (RaftServerProxy.java:lambda$close$4(314)) - f78c023a-1fec-49b9-86f3-237f0eaf7fc7: close
2019-08-22 21:59:11,920 [Thread-320] INFO  impl.RaftServerImpl (RaftServerImpl.java:lambda$shutdown$3(245)) - f78c023a-1fec-49b9-86f3-237f0eaf7fc7: shutdown group-B4EF61EDDB35
2019-08-22 21:59:11,920 [Thread-320] INFO  util.JmxRegister (JmxRegister.java:unregister(73)) - Successfully un-registered JMX Bean with object name Ratis:service=RaftServer,group=group-B4EF61EDDB35,id=f78c023a-1fec-49b9-86f3-237f0eaf7fc7
2019-08-22 21:59:11,920 [Thread-320] INFO  impl.RoleInfo (RoleInfo.java:shutdownLeaderState(104)) - f78c023a-1fec-49b9-86f3-237f0eaf7fc7: shutdown LeaderState
2019-08-22 21:59:11,921 [Thread-320] INFO  impl.PendingRequests (PendingRequests.java:sendNotLeaderResponses(202)) - f78c023a-1fec-49b9-86f3-237f0eaf7fc7-PendingRequests: sendNotLeaderResponses
2019-08-22 21:59:11,921 [Thread-320] INFO  impl.StateMachineUpdater (StateMachineUpdater.java:stopAndJoin(115)) - StateMachineUpdater:f78c023a-1fec-49b9-86f3-237f0eaf7fc7:group-B4EF61EDDB35: set stopIndex = 0
2019-08-22 21:59:11,923 [Thread-320] INFO  impl.RaftServerImpl (ServerState.java:close(394)) - f78c023a-1fec-49b9-86f3-237f0eaf7fc7:group-B4EF61EDDB35 closes. The last applied log index is 0
2019-08-22 21:59:11,924 [f78c023a-1fec-49b9-86f3-237f0eaf7fc7-SegmentedRaftLogWorker:Storage Directory /workdir/hadoop-ozone/integration-test/target/test-dir/MiniOzoneClusterImpl-9aa50907-0cd2-4e2d-ac3b-81cb5cb09f60/datanode-2/data/ratis/d9b33e55-1c6a-4d92-8202-b4ef61eddb35] INFO  segmented.SegmentedRaftLogWorker (SegmentedRaftLogWorker.java:run(313)) - f78c023a-1fec-49b9-86f3-237f0eaf7fc7-SegmentedRaftLogWorker:Storage Directory /workdir/hadoop-ozone/integration-test/target/test-dir/MiniOzoneClusterImpl-9aa50907-0cd2-4e2d-ac3b-81cb5cb09f60/datanode-2/data/ratis/d9b33e55-1c6a-4d92-8202-b4ef61eddb35 was interrupted, exiting. There are 0 tasks remaining in the queue.
2019-08-22 21:59:11,925 [Thread-320] INFO  segmented.SegmentedRaftLogWorker (SegmentedRaftLogWorker.java:close(228)) - f78c023a-1fec-49b9-86f3-237f0eaf7fc7-SegmentedRaftLogWorker:Storage Directory /workdir/hadoop-ozone/integration-test/target/test-dir/MiniOzoneClusterImpl-9aa50907-0cd2-4e2d-ac3b-81cb5cb09f60/datanode-2/data/ratis/d9b33e55-1c6a-4d92-8202-b4ef61eddb35 close()
2019-08-22 21:59:11,927 [Thread-320] INFO  impl.RaftServerImpl (RaftServerImpl.java:lambda$shutdown$3(245)) - f78c023a-1fec-49b9-86f3-237f0eaf7fc7: shutdown group-ED4B41D4FEBF
2019-08-22 21:59:11,927 [Thread-320] INFO  util.JmxRegister (JmxRegister.java:unregister(73)) - Successfully un-registered JMX Bean with object name Ratis:service=RaftServer,group=group-ED4B41D4FEBF,id=f78c023a-1fec-49b9-86f3-237f0eaf7fc7
2019-08-22 21:59:11,928 [Thread-320] INFO  impl.RoleInfo (RoleInfo.java:shutdownLeaderElection(134)) - f78c023a-1fec-49b9-86f3-237f0eaf7fc7: shutdown LeaderElection
2019-08-22 21:59:11,928 [Thread-320] INFO  impl.StateMachineUpdater (StateMachineUpdater.java:stopAndJoin(115)) - StateMachineUpdater:f78c023a-1fec-49b9-86f3-237f0eaf7fc7:group-ED4B41D4FEBF: set stopIndex = 0
2019-08-22 21:59:11,929 [Thread-320] INFO  impl.RaftServerImpl (ServerState.java:close(394)) - f78c023a-1fec-49b9-86f3-237f0eaf7fc7:group-ED4B41D4FEBF closes. The last applied log index is 0
2019-08-22 21:59:11,930 [f78c023a-1fec-49b9-86f3-237f0eaf7fc7-SegmentedRaftLogWorker:Storage Directory /workdir/hadoop-ozone/integration-test/target/test-dir/MiniOzoneClusterImpl-9aa50907-0cd2-4e2d-ac3b-81cb5cb09f60/datanode-2/data/ratis/1bb4c851-c637-4fc8-ad14-ed4b41d4febf] INFO  segmented.SegmentedRaftLogWorker (SegmentedRaftLogWorker.java:run(313)) - f78c023a-1fec-49b9-86f3-237f0eaf7fc7-SegmentedRaftLogWorker:Storage Directory /workdir/hadoop-ozone/integration-test/target/test-dir/MiniOzoneClusterImpl-9aa50907-0cd2-4e2d-ac3b-81cb5cb09f60/datanode-2/data/ratis/1bb4c851-c637-4fc8-ad14-ed4b41d4febf was interrupted, exiting. There are 0 tasks remaining in the queue.
2019-08-22 21:59:11,931 [Thread-320] INFO  segmented.SegmentedRaftLogWorker (SegmentedRaftLogWorker.java:close(228)) - f78c023a-1fec-49b9-86f3-237f0eaf7fc7-SegmentedRaftLogWorker:Storage Directory /workdir/hadoop-ozone/integration-test/target/test-dir/MiniOzoneClusterImpl-9aa50907-0cd2-4e2d-ac3b-81cb5cb09f60/datanode-2/data/ratis/1bb4c851-c637-4fc8-ad14-ed4b41d4febf close()
2019-08-22 21:59:11,932 [Thread-320] INFO  server.GrpcService (GrpcService.java:closeImpl(155)) - f78c023a-1fec-49b9-86f3-237f0eaf7fc7: shutdown server with port 35167 now
2019-08-22 21:59:11,933 [Thread-320] INFO  server.GrpcService (GrpcService.java:closeImpl(163)) - f78c023a-1fec-49b9-86f3-237f0eaf7fc7: shutdown server with port 35167 successfully
2019-08-22 21:59:11,935 [Thread-320] INFO  utils.BackgroundService (BackgroundService.java:shutdown(148)) - Shutting down service BlockDeletingService
2019-08-22 21:59:11,937 [refreshUsed-/workdir/hadoop-ozone/integration-test/target/test-dir/MiniOzoneClusterImpl-9aa50907-0cd2-4e2d-ac3b-81cb5cb09f60/datanode-2/data/containers] WARN  fs.CachingGetSpaceUsed (CachingGetSpaceUsed.java:run(183)) - Thread Interrupted waiting to refresh disk information: sleep interrupted
2019-08-22 21:59:11,958 [Thread-320] INFO  statemachine.DatanodeStateMachine (DatanodeStateMachine.java:stopDaemon(395)) - Ozone container server stopped.
2019-08-22 21:59:11,959 [Thread-320] INFO  handler.ContextHandler (ContextHandler.java:doStop(910)) - Stopped o.e.j.w.WebAppContext@31165882{/,null,UNAVAILABLE}{/hddsDatanode}
2019-08-22 21:59:11,960 [Thread-320] INFO  server.AbstractConnector (AbstractConnector.java:doStop(318)) - Stopped ServerConnector@1edd6a0c{HTTP/1.1,[http/1.1]}{0.0.0.0:0}
2019-08-22 21:59:11,960 [Thread-320] INFO  handler.ContextHandler (ContextHandler.java:doStop(910)) - Stopped o.e.j.s.ServletContextHandler@7c12d3c7{/static,jar:file:/home/user/.m2/repository/org/apache/hadoop/hadoop-hdds-container-service/0.5.0-SNAPSHOT/hadoop-hdds-container-service-0.5.0-SNAPSHOT.jar!/webapps/static,UNAVAILABLE}
2019-08-22 21:59:11,960 [Thread-320] INFO  handler.ContextHandler (ContextHandler.java:doStop(910)) - Stopped o.e.j.s.ServletContextHandler@55ba1e40{/logs,file:///workdir/hadoop-ozone/integration-test/target/log,UNAVAILABLE}
2019-08-22 21:59:11,965 [Thread-320] INFO  impl.MetricsSystemImpl (MetricsSystemImpl.java:init(158)) - HddsDatanode metrics system started (again)
2019-08-22 21:59:12,019 [Thread-320] INFO  ozone.HddsDatanodeService (HddsDatanodeService.java:start(184)) - HddsDatanodeService host:pr-hdds-1975-6rfct-3228563268 ip:192.168.36.125
2019-08-22 21:59:12,022 [Thread-320] INFO  volume.VolumeUsage (VolumeUsage.java:loadScmUsed(144)) - Cached ScmUsed found for /workdir/hadoop-ozone/integration-test/target/test-dir/MiniOzoneClusterImpl-9aa50907-0cd2-4e2d-ac3b-81cb5cb09f60/datanode-0/data/containers : 4096 
2019-08-22 21:59:12,022 [Thread-320] INFO  volume.HddsVolume (HddsVolume.java:<init>(176)) - Creating Volume: /workdir/hadoop-ozone/integration-test/target/test-dir/MiniOzoneClusterImpl-9aa50907-0cd2-4e2d-ac3b-81cb5cb09f60/datanode-0/data/containers/hdds of  storage type : DISK and capacity : 1482555576320
2019-08-22 21:59:12,023 [Thread-320] INFO  volume.VolumeSet (VolumeSet.java:initializeVolumeSet(170)) - Added Volume : /workdir/hadoop-ozone/integration-test/target/test-dir/MiniOzoneClusterImpl-9aa50907-0cd2-4e2d-ac3b-81cb5cb09f60/datanode-0/data/containers/hdds to VolumeSet
2019-08-22 21:59:12,023 [Thread-320] INFO  volume.ThrottledAsyncChecker (ThrottledAsyncChecker.java:schedule(140)) - Scheduling a check for org.apache.hadoop.ozone.container.common.volume.HddsVolume@5b09e19a
2019-08-22 21:59:12,024 [Thread-320] INFO  volume.HddsVolumeChecker (HddsVolumeChecker.java:checkAllVolumes(203)) - Scheduled health check for volume org.apache.hadoop.ozone.container.common.volume.HddsVolume@5b09e19a
2019-08-22 21:59:12,043 [Thread-320] INFO  impl.RaftServerProxy (ConfUtils.java:logGet(43)) - raft.rpc.type = GRPC (default)
2019-08-22 21:59:12,043 [Thread-320] INFO  grpc.GrpcFactory (GrpcFactory.java:checkPooledByteBufAllocatorUseCacheForAllThreads(45)) - PERFORMANCE WARNING: useCacheForAllThreads is true that may cause Netty to create a lot garbage objects and, as a result, trigger GC.
	It is recommended to disable useCacheForAllThreads by setting -Dorg.apache.ratis.thirdparty.io.netty.allocator.useCacheForAllThreads=false in command line.
2019-08-22 21:59:12,044 [Thread-320] INFO  grpc.GrpcConfigKeys$Server (ConfUtils.java:logGet(43)) - raft.grpc.server.port = 38034 (custom)
2019-08-22 21:59:12,044 [Thread-320] INFO  server.GrpcService (ConfUtils.java:logGet(43)) - raft.grpc.message.size.max = 33570816 (custom)
2019-08-22 21:59:12,044 [Thread-320] INFO  server.RaftServerConfigKeys (ConfUtils.java:logGet(43)) - raft.server.log.appender.buffer.byte-limit = 33554432 (custom)
2019-08-22 21:59:12,044 [Thread-320] INFO  server.GrpcService (ConfUtils.java:logGet(43)) - raft.grpc.flow.control.window = 1MB (=1048576) (default)
2019-08-22 21:59:12,044 [Thread-320] INFO  server.RaftServerConfigKeys (ConfUtils.java:logGet(43)) - raft.server.rpc.request.timeout = 3000ms (default)
2019-08-22 21:59:12,045 [Thread-320] INFO  server.RaftServerConfigKeys (ConfUtils.java:logGet(43)) - raft.server.storage.dir = [/workdir/hadoop-ozone/integration-test/target/test-dir/MiniOzoneClusterImpl-9aa50907-0cd2-4e2d-ac3b-81cb5cb09f60/datanode-0/data/ratis] (custom)
2019-08-22 21:59:12,045 [Thread-320] INFO  impl.RaftServerProxy (RaftServerProxy.java:lambda$null$0(191)) - 2e202f61-106f-4fc0-98c5-9b0733af38dd: found a subdirectory /workdir/hadoop-ozone/integration-test/target/test-dir/MiniOzoneClusterImpl-9aa50907-0cd2-4e2d-ac3b-81cb5cb09f60/datanode-0/data/ratis/3aa99afd-73d0-4e80-8fd9-2d7a43dac0ad
2019-08-22 21:59:12,047 [Thread-320] INFO  impl.RaftServerProxy (RaftServerProxy.java:addNew(89)) - 2e202f61-106f-4fc0-98c5-9b0733af38dd: addNew group-2D7A43DAC0AD:[] returns group-2D7A43DAC0AD:java.util.concurrent.CompletableFuture@23cc0367[Not completed]
2019-08-22 21:59:12,047 [Thread-320] INFO  impl.RaftServerProxy (RaftServerProxy.java:lambda$null$0(191)) - 2e202f61-106f-4fc0-98c5-9b0733af38dd: found a subdirectory /workdir/hadoop-ozone/integration-test/target/test-dir/MiniOzoneClusterImpl-9aa50907-0cd2-4e2d-ac3b-81cb5cb09f60/datanode-0/data/ratis/1bb4c851-c637-4fc8-ad14-ed4b41d4febf
2019-08-22 21:59:12,047 [Thread-320] INFO  impl.RaftServerProxy (RaftServerProxy.java:addNew(89)) - 2e202f61-106f-4fc0-98c5-9b0733af38dd: addNew group-ED4B41D4FEBF:[] returns group-ED4B41D4FEBF:java.util.concurrent.CompletableFuture@5fefe7a9[Not completed]
2019-08-22 21:59:12,048 [Thread-320] INFO  replication.SimpleContainerDownloader (SimpleContainerDownloader.java:<init>(72)) - Starting container downloader service to copy containers to replicate.
2019-08-22 21:59:12,049 [pool-148-thread-1] INFO  impl.RaftServerImpl (RaftServerImpl.java:<init>(93)) - 2e202f61-106f-4fc0-98c5-9b0733af38dd: new RaftServerImpl for group-2D7A43DAC0AD:[] with ContainerStateMachine:uninitialized
2019-08-22 21:59:12,049 [Thread-320] INFO  hdfs.DFSUtil (DFSUtil.java:httpServerTemplateForNNAndJN(1641)) - Starting Web-server for hddsDatanode at: http://0.0.0.0:35041
2019-08-22 21:59:12,049 [pool-148-thread-1] INFO  server.RaftServerConfigKeys (ConfUtils.java:logGet(43)) - raft.server.rpc.timeout.min = 5s (custom)
2019-08-22 21:59:12,049 [pool-148-thread-1] INFO  server.RaftServerConfigKeys (ConfUtils.java:logGet(43)) - raft.server.rpc.timeout.max = 5200ms (custom)
2019-08-22 21:59:12,049 [pool-148-thread-1] INFO  server.RaftServerConfigKeys (ConfUtils.java:logGet(43)) - raft.server.rpcslowness.timeout = 120s (custom)
2019-08-22 21:59:12,049 [pool-148-thread-1] INFO  server.RaftServerConfigKeys (ConfUtils.java:logGet(43)) - raft.server.sleep.deviation.threshold = 300 (default)
2019-08-22 21:59:12,050 [pool-148-thread-1] INFO  server.RaftServerConfigKeys (ConfUtils.java:logGet(43)) - raft.server.log.appender.install.snapshot.enabled = false (custom)
2019-08-22 21:59:12,050 [pool-148-thread-1] INFO  impl.RaftServerImpl (ServerState.java:<init>(105)) - 2e202f61-106f-4fc0-98c5-9b0733af38dd:group-2D7A43DAC0AD ConfigurationManager, init=-1: [], old=null, confs=<EMPTY_MAP>
2019-08-22 21:59:12,050 [pool-148-thread-1] INFO  server.RaftServerConfigKeys (ConfUtils.java:logGet(43)) - raft.server.storage.dir = [/workdir/hadoop-ozone/integration-test/target/test-dir/MiniOzoneClusterImpl-9aa50907-0cd2-4e2d-ac3b-81cb5cb09f60/datanode-0/data/ratis] (custom)
2019-08-22 21:59:12,050 [Thread-320] INFO  server.AuthenticationFilter (AuthenticationFilter.java:constructSecretProvider(240)) - Unable to initialize FileSignerSecretProvider, falling back to use random secrets.
2019-08-22 21:59:12,051 [Thread-320] WARN  http.HttpRequestLog (HttpRequestLog.java:getRequestLog(97)) - Jetty request log can only be enabled using Log4j
2019-08-22 21:59:12,052 [Thread-320] INFO  http.HttpServer2 (HttpServer2.java:addGlobalFilter(975)) - Added global filter 'safety' (class=org.apache.hadoop.http.HttpServer2$QuotingInputFilter)
2019-08-22 21:59:12,052 [EventQueue-StaleNodeForStaleNodeHandler] INFO  node.StaleNodeHandler (StaleNodeHandler.java:onMessage(58)) - Datanode f78c023a-1fec-49b9-86f3-237f0eaf7fc7{ip: 192.168.36.125, host: pr-hdds-1975-6rfct-3228563268, networkLocation: /default-rack, certSerialId: null} moved to stale state. Finalizing its pipelines [PipelineID=d9b33e55-1c6a-4d92-8202-b4ef61eddb35, PipelineID=1bb4c851-c637-4fc8-ad14-ed4b41d4febf]
2019-08-22 21:59:12,052 [EventQueue-StaleNodeForStaleNodeHandler] INFO  pipeline.SCMPipelineManager (SCMPipelineManager.java:finalizeAndDestroyPipeline(309)) - destroying pipeline:Pipeline[ Id: d9b33e55-1c6a-4d92-8202-b4ef61eddb35, Nodes: f78c023a-1fec-49b9-86f3-237f0eaf7fc7{ip: 192.168.36.125, host: pr-hdds-1975-6rfct-3228563268, networkLocation: /default-rack, certSerialId: null}, Type:RATIS, Factor:ONE, State:OPEN]
2019-08-22 21:59:12,052 [Thread-320] INFO  http.HttpServer2 (HttpServer2.java:addFilter(948)) - Added filter static_user_filter (class=org.apache.hadoop.http.lib.StaticUserWebFilter$StaticUserFilter) to context hddsDatanode
2019-08-22 21:59:12,053 [EventQueue-StaleNodeForStaleNodeHandler] INFO  pipeline.PipelineStateManager (PipelineStateManager.java:finalizePipeline(123)) - Pipeline Pipeline[ Id: d9b33e55-1c6a-4d92-8202-b4ef61eddb35, Nodes: f78c023a-1fec-49b9-86f3-237f0eaf7fc7{ip: 192.168.36.125, host: pr-hdds-1975-6rfct-3228563268, networkLocation: /default-rack, certSerialId: null}, Type:RATIS, Factor:ONE, State:CLOSED] moved to CLOSED state
2019-08-22 21:59:12,053 [Thread-320] INFO  http.HttpServer2 (HttpServer2.java:addFilter(958)) - Added filter static_user_filter (class=org.apache.hadoop.http.lib.StaticUserWebFilter$StaticUserFilter) to context logs
2019-08-22 21:59:12,053 [Thread-320] INFO  http.HttpServer2 (HttpServer2.java:addFilter(958)) - Added filter static_user_filter (class=org.apache.hadoop.http.lib.StaticUserWebFilter$StaticUserFilter) to context static
2019-08-22 21:59:12,053 [EventQueue-StaleNodeForStaleNodeHandler] INFO  pipeline.SCMPipelineManager (SCMPipelineManager.java:finalizeAndDestroyPipeline(309)) - destroying pipeline:Pipeline[ Id: 1bb4c851-c637-4fc8-ad14-ed4b41d4febf, Nodes: f78c023a-1fec-49b9-86f3-237f0eaf7fc7{ip: 192.168.36.125, host: pr-hdds-1975-6rfct-3228563268, networkLocation: /default-rack, certSerialId: null}a522e26b-37d5-4999-8a0c-362d85073e49{ip: 192.168.36.125, host: pr-hdds-1975-6rfct-3228563268, networkLocation: /default-rack, certSerialId: null}2e202f61-106f-4fc0-98c5-9b0733af38dd{ip: 192.168.36.125, host: pr-hdds-1975-6rfct-3228563268, networkLocation: /default-rack, certSerialId: null}, Type:RATIS, Factor:THREE, State:CLOSED]
2019-08-22 21:59:12,054 [Thread-320] INFO  http.HttpServer2 (HttpServer2.java:bindListener(1191)) - Jetty bound to port 35041
2019-08-22 21:59:12,054 [Thread-320] INFO  server.Server (Server.java:doStart(351)) - jetty-9.3.24.v20180605, build timestamp: 2018-06-05T17:11:56Z, git hash: 84205aa28f11a4f31f2a3b86d1bba2cc8ab69827
2019-08-22 21:59:12,056 [Thread-320] INFO  handler.ContextHandler (ContextHandler.java:doStart(781)) - Started o.e.j.s.ServletContextHandler@6ca4a4e{/logs,file:///workdir/hadoop-ozone/integration-test/target/log,AVAILABLE}
2019-08-22 21:59:12,056 [Thread-320] INFO  handler.ContextHandler (ContextHandler.java:doStart(781)) - Started o.e.j.s.ServletContextHandler@35ae37a1{/static,jar:file:/home/user/.m2/repository/org/apache/hadoop/hadoop-hdds-container-service/0.5.0-SNAPSHOT/hadoop-hdds-container-service-0.5.0-SNAPSHOT.jar!/webapps/static,AVAILABLE}
2019-08-22 21:59:12,085 [Thread-320] INFO  handler.ContextHandler (ContextHandler.java:doStart(781)) - Started o.e.j.w.WebAppContext@26f32906{/,file:///tmp/jetty-0.0.0.0-35041-hddsDatanode-_-any-4261116528465492740.dir/webapp/,AVAILABLE}{/hddsDatanode}
2019-08-22 21:59:12,085 [Thread-320] INFO  server.AbstractConnector (AbstractConnector.java:doStart(278)) - Started ServerConnector@e0245d2{HTTP/1.1,[http/1.1]}{0.0.0.0:35041}
2019-08-22 21:59:12,086 [Thread-320] INFO  server.Server (Server.java:doStart(419)) - Started @53072ms
2019-08-22 21:59:12,086 [Thread-320] INFO  server.BaseHttpServer (BaseHttpServer.java:updateConnectorAddress(213)) - HTTP server of HDDSDATANODE is listening at http://0.0.0.0:35041
2019-08-22 21:59:12,208 | INFO  | ObjectStoreRestHttpServer | Listening HDDS REST traffic on /0.0.0.0:34886 |  
2019-08-22 21:59:12,209 [Thread-320] INFO  ozone.HddsDatanodeService (HddsDatanodeService.java:startPlugins(395)) - Started plug-in org.apache.hadoop.ozone.web.OzoneHddsDatanodeService@47dc9fc1
2019-08-22 21:59:12,210 [Thread-320] INFO  impl.MetricsSystemImpl (MetricsSystemImpl.java:init(158)) - HddsDatanode metrics system started (again)
2019-08-22 21:59:12,211 [org.apache.hadoop.util.JvmPauseMonitor$Monitor@5019027b] INFO  util.JvmPauseMonitor (JvmPauseMonitor.java:run(188)) - Starting JVM pause monitor
2019-08-22 21:59:12,214 [Thread-320] INFO  ozone.HddsDatanodeService (HddsDatanodeService.java:start(184)) - HddsDatanodeService host:pr-hdds-1975-6rfct-3228563268 ip:192.168.36.125
2019-08-22 21:59:12,216 [Thread-320] INFO  volume.VolumeUsage (VolumeUsage.java:loadScmUsed(144)) - Cached ScmUsed found for /workdir/hadoop-ozone/integration-test/target/test-dir/MiniOzoneClusterImpl-9aa50907-0cd2-4e2d-ac3b-81cb5cb09f60/datanode-1/data/containers : 4096 
2019-08-22 21:59:12,216 [Thread-320] INFO  volume.HddsVolume (HddsVolume.java:<init>(176)) - Creating Volume: /workdir/hadoop-ozone/integration-test/target/test-dir/MiniOzoneClusterImpl-9aa50907-0cd2-4e2d-ac3b-81cb5cb09f60/datanode-1/data/containers/hdds of  storage type : DISK and capacity : 1482555576320
2019-08-22 21:59:12,217 [Thread-320] INFO  volume.VolumeSet (VolumeSet.java:initializeVolumeSet(170)) - Added Volume : /workdir/hadoop-ozone/integration-test/target/test-dir/MiniOzoneClusterImpl-9aa50907-0cd2-4e2d-ac3b-81cb5cb09f60/datanode-1/data/containers/hdds to VolumeSet
2019-08-22 21:59:12,217 [Thread-320] INFO  volume.ThrottledAsyncChecker (ThrottledAsyncChecker.java:schedule(140)) - Scheduling a check for org.apache.hadoop.ozone.container.common.volume.HddsVolume@18e4a439
2019-08-22 21:59:12,218 [Thread-320] INFO  volume.HddsVolumeChecker (HddsVolumeChecker.java:checkAllVolumes(203)) - Scheduled health check for volume org.apache.hadoop.ozone.container.common.volume.HddsVolume@18e4a439
2019-08-22 21:59:12,240 [Thread-320] INFO  impl.RaftServerProxy (ConfUtils.java:logGet(43)) - raft.rpc.type = GRPC (default)
2019-08-22 21:59:12,241 [Thread-320] INFO  grpc.GrpcFactory (GrpcFactory.java:checkPooledByteBufAllocatorUseCacheForAllThreads(45)) - PERFORMANCE WARNING: useCacheForAllThreads is true that may cause Netty to create a lot garbage objects and, as a result, trigger GC.
	It is recommended to disable useCacheForAllThreads by setting -Dorg.apache.ratis.thirdparty.io.netty.allocator.useCacheForAllThreads=false in command line.
2019-08-22 21:59:12,241 [Thread-320] INFO  grpc.GrpcConfigKeys$Server (ConfUtils.java:logGet(43)) - raft.grpc.server.port = 46067 (custom)
2019-08-22 21:59:12,241 [Thread-320] INFO  server.GrpcService (ConfUtils.java:logGet(43)) - raft.grpc.message.size.max = 33570816 (custom)
2019-08-22 21:59:12,241 [Thread-320] INFO  server.RaftServerConfigKeys (ConfUtils.java:logGet(43)) - raft.server.log.appender.buffer.byte-limit = 33554432 (custom)
2019-08-22 21:59:12,242 [Thread-320] INFO  server.GrpcService (ConfUtils.java:logGet(43)) - raft.grpc.flow.control.window = 1MB (=1048576) (default)
2019-08-22 21:59:12,242 [Thread-320] INFO  server.RaftServerConfigKeys (ConfUtils.java:logGet(43)) - raft.server.rpc.request.timeout = 3000ms (default)
2019-08-22 21:59:12,242 [Thread-320] INFO  server.RaftServerConfigKeys (ConfUtils.java:logGet(43)) - raft.server.storage.dir = [/workdir/hadoop-ozone/integration-test/target/test-dir/MiniOzoneClusterImpl-9aa50907-0cd2-4e2d-ac3b-81cb5cb09f60/datanode-1/data/ratis] (custom)
2019-08-22 21:59:12,243 [Thread-320] INFO  impl.RaftServerProxy (RaftServerProxy.java:lambda$null$0(191)) - a522e26b-37d5-4999-8a0c-362d85073e49: found a subdirectory /workdir/hadoop-ozone/integration-test/target/test-dir/MiniOzoneClusterImpl-9aa50907-0cd2-4e2d-ac3b-81cb5cb09f60/datanode-1/data/ratis/05a5d973-5047-47de-9cc4-377fcf0ec1f9
2019-08-22 21:59:12,243 [Thread-320] INFO  impl.RaftServerProxy (RaftServerProxy.java:addNew(89)) - a522e26b-37d5-4999-8a0c-362d85073e49: addNew group-377FCF0EC1F9:[] returns group-377FCF0EC1F9:java.util.concurrent.CompletableFuture@732c1b52[Not completed]
2019-08-22 21:59:12,244 [Thread-320] INFO  impl.RaftServerProxy (RaftServerProxy.java:lambda$null$0(191)) - a522e26b-37d5-4999-8a0c-362d85073e49: found a subdirectory /workdir/hadoop-ozone/integration-test/target/test-dir/MiniOzoneClusterImpl-9aa50907-0cd2-4e2d-ac3b-81cb5cb09f60/datanode-1/data/ratis/1bb4c851-c637-4fc8-ad14-ed4b41d4febf
2019-08-22 21:59:12,244 [Thread-320] INFO  impl.RaftServerProxy (RaftServerProxy.java:addNew(89)) - a522e26b-37d5-4999-8a0c-362d85073e49: addNew group-ED4B41D4FEBF:[] returns group-ED4B41D4FEBF:java.util.concurrent.CompletableFuture@b2b0bca[Not completed]
2019-08-22 21:59:12,245 [Thread-320] INFO  replication.SimpleContainerDownloader (SimpleContainerDownloader.java:<init>(72)) - Starting container downloader service to copy containers to replicate.
2019-08-22 21:59:12,245 [pool-159-thread-1] INFO  impl.RaftServerImpl (RaftServerImpl.java:<init>(93)) - a522e26b-37d5-4999-8a0c-362d85073e49: new RaftServerImpl for group-377FCF0EC1F9:[] with ContainerStateMachine:uninitialized
2019-08-22 21:59:12,245 [pool-159-thread-1] INFO  server.RaftServerConfigKeys (ConfUtils.java:logGet(43)) - raft.server.rpc.timeout.min = 5s (custom)
2019-08-22 21:59:12,246 [pool-159-thread-1] INFO  server.RaftServerConfigKeys (ConfUtils.java:logGet(43)) - raft.server.rpc.timeout.max = 5200ms (custom)
2019-08-22 21:59:12,246 [pool-159-thread-1] INFO  server.RaftServerConfigKeys (ConfUtils.java:logGet(43)) - raft.server.rpcslowness.timeout = 120s (custom)
2019-08-22 21:59:12,246 [pool-159-thread-1] INFO  server.RaftServerConfigKeys (ConfUtils.java:logGet(43)) - raft.server.sleep.deviation.threshold = 300 (default)
2019-08-22 21:59:12,246 [pool-159-thread-1] INFO  server.RaftServerConfigKeys (ConfUtils.java:logGet(43)) - raft.server.log.appender.install.snapshot.enabled = false (custom)
2019-08-22 21:59:12,246 [pool-159-thread-1] INFO  impl.RaftServerImpl (ServerState.java:<init>(105)) - a522e26b-37d5-4999-8a0c-362d85073e49:group-377FCF0EC1F9 ConfigurationManager, init=-1: [], old=null, confs=<EMPTY_MAP>
2019-08-22 21:59:12,247 [pool-159-thread-1] INFO  server.RaftServerConfigKeys (ConfUtils.java:logGet(43)) - raft.server.storage.dir = [/workdir/hadoop-ozone/integration-test/target/test-dir/MiniOzoneClusterImpl-9aa50907-0cd2-4e2d-ac3b-81cb5cb09f60/datanode-1/data/ratis] (custom)
2019-08-22 21:59:12,247 [Thread-320] INFO  hdfs.DFSUtil (DFSUtil.java:httpServerTemplateForNNAndJN(1641)) - Starting Web-server for hddsDatanode at: http://0.0.0.0:39226
2019-08-22 21:59:12,249 [Thread-320] INFO  server.AuthenticationFilter (AuthenticationFilter.java:constructSecretProvider(240)) - Unable to initialize FileSignerSecretProvider, falling back to use random secrets.
2019-08-22 21:59:12,250 [Thread-320] WARN  http.HttpRequestLog (HttpRequestLog.java:getRequestLog(97)) - Jetty request log can only be enabled using Log4j
2019-08-22 21:59:12,252 [Thread-320] INFO  http.HttpServer2 (HttpServer2.java:addGlobalFilter(975)) - Added global filter 'safety' (class=org.apache.hadoop.http.HttpServer2$QuotingInputFilter)
2019-08-22 21:59:12,252 [Thread-320] INFO  http.HttpServer2 (HttpServer2.java:addFilter(948)) - Added filter static_user_filter (class=org.apache.hadoop.http.lib.StaticUserWebFilter$StaticUserFilter) to context hddsDatanode
2019-08-22 21:59:12,253 [Thread-320] INFO  http.HttpServer2 (HttpServer2.java:addFilter(958)) - Added filter static_user_filter (class=org.apache.hadoop.http.lib.StaticUserWebFilter$StaticUserFilter) to context logs
2019-08-22 21:59:12,253 [Thread-320] INFO  http.HttpServer2 (HttpServer2.java:addFilter(958)) - Added filter static_user_filter (class=org.apache.hadoop.http.lib.StaticUserWebFilter$StaticUserFilter) to context static
2019-08-22 21:59:12,254 [Thread-320] INFO  http.HttpServer2 (HttpServer2.java:bindListener(1191)) - Jetty bound to port 39226
2019-08-22 21:59:12,254 [Thread-320] INFO  server.Server (Server.java:doStart(351)) - jetty-9.3.24.v20180605, build timestamp: 2018-06-05T17:11:56Z, git hash: 84205aa28f11a4f31f2a3b86d1bba2cc8ab69827
2019-08-22 21:59:12,256 [Thread-320] INFO  handler.ContextHandler (ContextHandler.java:doStart(781)) - Started o.e.j.s.ServletContextHandler@466e841c{/logs,file:///workdir/hadoop-ozone/integration-test/target/log,AVAILABLE}
2019-08-22 21:59:12,257 [Thread-320] INFO  handler.ContextHandler (ContextHandler.java:doStart(781)) - Started o.e.j.s.ServletContextHandler@249b3757{/static,jar:file:/home/user/.m2/repository/org/apache/hadoop/hadoop-hdds-container-service/0.5.0-SNAPSHOT/hadoop-hdds-container-service-0.5.0-SNAPSHOT.jar!/webapps/static,AVAILABLE}
2019-08-22 21:59:12,298 [Thread-320] INFO  handler.ContextHandler (ContextHandler.java:doStart(781)) - Started o.e.j.w.WebAppContext@655a5726{/,file:///tmp/jetty-0.0.0.0-39226-hddsDatanode-_-any-7507092231708725987.dir/webapp/,AVAILABLE}{/hddsDatanode}
2019-08-22 21:59:12,299 [Thread-320] INFO  server.AbstractConnector (AbstractConnector.java:doStart(278)) - Started ServerConnector@7b95722b{HTTP/1.1,[http/1.1]}{0.0.0.0:39226}
2019-08-22 21:59:12,300 [Thread-320] INFO  server.Server (Server.java:doStart(419)) - Started @53286ms
2019-08-22 21:59:12,301 [Thread-320] INFO  server.BaseHttpServer (BaseHttpServer.java:updateConnectorAddress(213)) - HTTP server of HDDSDATANODE is listening at http://0.0.0.0:39226
2019-08-22 21:59:12,432 | INFO  | ObjectStoreRestHttpServer | Listening HDDS REST traffic on /0.0.0.0:43516 |  
2019-08-22 21:59:12,432 [Thread-320] INFO  ozone.HddsDatanodeService (HddsDatanodeService.java:startPlugins(395)) - Started plug-in org.apache.hadoop.ozone.web.OzoneHddsDatanodeService@60bc4642
2019-08-22 21:59:12,434 [org.apache.hadoop.util.JvmPauseMonitor$Monitor@c3101f9] INFO  util.JvmPauseMonitor (JvmPauseMonitor.java:run(188)) - Starting JVM pause monitor
2019-08-22 21:59:12,435 [Thread-320] INFO  impl.MetricsSystemImpl (MetricsSystemImpl.java:init(158)) - HddsDatanode metrics system started (again)
2019-08-22 21:59:12,440 [Thread-320] INFO  ozone.HddsDatanodeService (HddsDatanodeService.java:start(184)) - HddsDatanodeService host:pr-hdds-1975-6rfct-3228563268 ip:192.168.36.125
2019-08-22 21:59:12,443 [Thread-320] INFO  volume.VolumeUsage (VolumeUsage.java:loadScmUsed(144)) - Cached ScmUsed found for /workdir/hadoop-ozone/integration-test/target/test-dir/MiniOzoneClusterImpl-9aa50907-0cd2-4e2d-ac3b-81cb5cb09f60/datanode-2/data/containers : 4096 
2019-08-22 21:59:12,443 [Thread-320] INFO  volume.HddsVolume (HddsVolume.java:<init>(176)) - Creating Volume: /workdir/hadoop-ozone/integration-test/target/test-dir/MiniOzoneClusterImpl-9aa50907-0cd2-4e2d-ac3b-81cb5cb09f60/datanode-2/data/containers/hdds of  storage type : DISK and capacity : 1482555576320
2019-08-22 21:59:12,444 [Thread-320] INFO  volume.VolumeSet (VolumeSet.java:initializeVolumeSet(170)) - Added Volume : /workdir/hadoop-ozone/integration-test/target/test-dir/MiniOzoneClusterImpl-9aa50907-0cd2-4e2d-ac3b-81cb5cb09f60/datanode-2/data/containers/hdds to VolumeSet
2019-08-22 21:59:12,444 [Thread-320] INFO  volume.ThrottledAsyncChecker (ThrottledAsyncChecker.java:schedule(140)) - Scheduling a check for org.apache.hadoop.ozone.container.common.volume.HddsVolume@1ef0e7c5
2019-08-22 21:59:12,444 [Thread-320] INFO  volume.HddsVolumeChecker (HddsVolumeChecker.java:checkAllVolumes(203)) - Scheduled health check for volume org.apache.hadoop.ozone.container.common.volume.HddsVolume@1ef0e7c5
2019-08-22 21:59:12,466 [Thread-320] INFO  impl.RaftServerProxy (ConfUtils.java:logGet(43)) - raft.rpc.type = GRPC (default)
2019-08-22 21:59:12,466 [Thread-320] INFO  grpc.GrpcFactory (GrpcFactory.java:checkPooledByteBufAllocatorUseCacheForAllThreads(45)) - PERFORMANCE WARNING: useCacheForAllThreads is true that may cause Netty to create a lot garbage objects and, as a result, trigger GC.
	It is recommended to disable useCacheForAllThreads by setting -Dorg.apache.ratis.thirdparty.io.netty.allocator.useCacheForAllThreads=false in command line.
2019-08-22 21:59:12,466 [Thread-320] INFO  grpc.GrpcConfigKeys$Server (ConfUtils.java:logGet(43)) - raft.grpc.server.port = 35167 (custom)
2019-08-22 21:59:12,467 [Thread-320] INFO  server.GrpcService (ConfUtils.java:logGet(43)) - raft.grpc.message.size.max = 33570816 (custom)
2019-08-22 21:59:12,467 [Thread-320] INFO  server.RaftServerConfigKeys (ConfUtils.java:logGet(43)) - raft.server.log.appender.buffer.byte-limit = 33554432 (custom)
2019-08-22 21:59:12,467 [Thread-320] INFO  server.GrpcService (ConfUtils.java:logGet(43)) - raft.grpc.flow.control.window = 1MB (=1048576) (default)
2019-08-22 21:59:12,467 [Thread-320] INFO  server.RaftServerConfigKeys (ConfUtils.java:logGet(43)) - raft.server.rpc.request.timeout = 3000ms (default)
2019-08-22 21:59:12,468 [Thread-320] INFO  server.RaftServerConfigKeys (ConfUtils.java:logGet(43)) - raft.server.storage.dir = [/workdir/hadoop-ozone/integration-test/target/test-dir/MiniOzoneClusterImpl-9aa50907-0cd2-4e2d-ac3b-81cb5cb09f60/datanode-2/data/ratis] (custom)
2019-08-22 21:59:12,468 [Thread-320] INFO  impl.RaftServerProxy (RaftServerProxy.java:lambda$null$0(191)) - f78c023a-1fec-49b9-86f3-237f0eaf7fc7: found a subdirectory /workdir/hadoop-ozone/integration-test/target/test-dir/MiniOzoneClusterImpl-9aa50907-0cd2-4e2d-ac3b-81cb5cb09f60/datanode-2/data/ratis/d9b33e55-1c6a-4d92-8202-b4ef61eddb35
2019-08-22 21:59:12,469 [Thread-320] INFO  impl.RaftServerProxy (RaftServerProxy.java:addNew(89)) - f78c023a-1fec-49b9-86f3-237f0eaf7fc7: addNew group-B4EF61EDDB35:[] returns group-B4EF61EDDB35:java.util.concurrent.CompletableFuture@40407b9d[Not completed]
2019-08-22 21:59:12,469 [Thread-320] INFO  impl.RaftServerProxy (RaftServerProxy.java:lambda$null$0(191)) - f78c023a-1fec-49b9-86f3-237f0eaf7fc7: found a subdirectory /workdir/hadoop-ozone/integration-test/target/test-dir/MiniOzoneClusterImpl-9aa50907-0cd2-4e2d-ac3b-81cb5cb09f60/datanode-2/data/ratis/1bb4c851-c637-4fc8-ad14-ed4b41d4febf
2019-08-22 21:59:12,469 [Thread-320] INFO  impl.RaftServerProxy (RaftServerProxy.java:addNew(89)) - f78c023a-1fec-49b9-86f3-237f0eaf7fc7: addNew group-ED4B41D4FEBF:[] returns group-ED4B41D4FEBF:java.util.concurrent.CompletableFuture@47cefbc4[Not completed]
2019-08-22 21:59:12,470 [Thread-320] INFO  replication.SimpleContainerDownloader (SimpleContainerDownloader.java:<init>(72)) - Starting container downloader service to copy containers to replicate.
2019-08-22 21:59:12,471 [pool-170-thread-1] INFO  impl.RaftServerImpl (RaftServerImpl.java:<init>(93)) - f78c023a-1fec-49b9-86f3-237f0eaf7fc7: new RaftServerImpl for group-B4EF61EDDB35:[] with ContainerStateMachine:uninitialized
2019-08-22 21:59:12,471 [Thread-320] INFO  hdfs.DFSUtil (DFSUtil.java:httpServerTemplateForNNAndJN(1641)) - Starting Web-server for hddsDatanode at: http://0.0.0.0:40346
2019-08-22 21:59:12,471 [pool-170-thread-1] INFO  server.RaftServerConfigKeys (ConfUtils.java:logGet(43)) - raft.server.rpc.timeout.min = 5s (custom)
2019-08-22 21:59:12,472 [pool-170-thread-1] INFO  server.RaftServerConfigKeys (ConfUtils.java:logGet(43)) - raft.server.rpc.timeout.max = 5200ms (custom)
2019-08-22 21:59:12,472 [pool-170-thread-1] INFO  server.RaftServerConfigKeys (ConfUtils.java:logGet(43)) - raft.server.rpcslowness.timeout = 120s (custom)
2019-08-22 21:59:12,472 [pool-170-thread-1] INFO  server.RaftServerConfigKeys (ConfUtils.java:logGet(43)) - raft.server.sleep.deviation.threshold = 300 (default)
2019-08-22 21:59:12,472 [pool-170-thread-1] INFO  server.RaftServerConfigKeys (ConfUtils.java:logGet(43)) - raft.server.log.appender.install.snapshot.enabled = false (custom)
2019-08-22 21:59:12,472 [pool-170-thread-1] INFO  impl.RaftServerImpl (ServerState.java:<init>(105)) - f78c023a-1fec-49b9-86f3-237f0eaf7fc7:group-B4EF61EDDB35 ConfigurationManager, init=-1: [], old=null, confs=<EMPTY_MAP>
2019-08-22 21:59:12,472 [pool-170-thread-1] INFO  server.RaftServerConfigKeys (ConfUtils.java:logGet(43)) - raft.server.storage.dir = [/workdir/hadoop-ozone/integration-test/target/test-dir/MiniOzoneClusterImpl-9aa50907-0cd2-4e2d-ac3b-81cb5cb09f60/datanode-2/data/ratis] (custom)
2019-08-22 21:59:12,474 [Thread-320] INFO  server.AuthenticationFilter (AuthenticationFilter.java:constructSecretProvider(240)) - Unable to initialize FileSignerSecretProvider, falling back to use random secrets.
2019-08-22 21:59:12,475 [Thread-320] WARN  http.HttpRequestLog (HttpRequestLog.java:getRequestLog(97)) - Jetty request log can only be enabled using Log4j
2019-08-22 21:59:12,477 [Thread-320] INFO  http.HttpServer2 (HttpServer2.java:addGlobalFilter(975)) - Added global filter 'safety' (class=org.apache.hadoop.http.HttpServer2$QuotingInputFilter)
2019-08-22 21:59:12,478 [Thread-320] INFO  http.HttpServer2 (HttpServer2.java:addFilter(948)) - Added filter static_user_filter (class=org.apache.hadoop.http.lib.StaticUserWebFilter$StaticUserFilter) to context hddsDatanode
2019-08-22 21:59:12,478 [Thread-320] INFO  http.HttpServer2 (HttpServer2.java:addFilter(958)) - Added filter static_user_filter (class=org.apache.hadoop.http.lib.StaticUserWebFilter$StaticUserFilter) to context static
2019-08-22 21:59:12,479 [Thread-320] INFO  http.HttpServer2 (HttpServer2.java:addFilter(958)) - Added filter static_user_filter (class=org.apache.hadoop.http.lib.StaticUserWebFilter$StaticUserFilter) to context logs
2019-08-22 21:59:12,480 [Thread-320] INFO  http.HttpServer2 (HttpServer2.java:bindListener(1191)) - Jetty bound to port 40346
2019-08-22 21:59:12,480 [Thread-320] INFO  server.Server (Server.java:doStart(351)) - jetty-9.3.24.v20180605, build timestamp: 2018-06-05T17:11:56Z, git hash: 84205aa28f11a4f31f2a3b86d1bba2cc8ab69827
2019-08-22 21:59:12,483 [Thread-320] INFO  handler.ContextHandler (ContextHandler.java:doStart(781)) - Started o.e.j.s.ServletContextHandler@54ab46a4{/logs,file:///workdir/hadoop-ozone/integration-test/target/log,AVAILABLE}
2019-08-22 21:59:12,484 [Thread-320] INFO  handler.ContextHandler (ContextHandler.java:doStart(781)) - Started o.e.j.s.ServletContextHandler@4655ad3c{/static,jar:file:/home/user/.m2/repository/org/apache/hadoop/hadoop-hdds-container-service/0.5.0-SNAPSHOT/hadoop-hdds-container-service-0.5.0-SNAPSHOT.jar!/webapps/static,AVAILABLE}
2019-08-22 21:59:12,526 [Thread-320] INFO  handler.ContextHandler (ContextHandler.java:doStart(781)) - Started o.e.j.w.WebAppContext@516213f8{/,file:///tmp/jetty-0.0.0.0-40346-hddsDatanode-_-any-2394850112801905727.dir/webapp/,AVAILABLE}{/hddsDatanode}
2019-08-22 21:59:12,526 [Thread-320] INFO  server.AbstractConnector (AbstractConnector.java:doStart(278)) - Started ServerConnector@24ddd62{HTTP/1.1,[http/1.1]}{0.0.0.0:40346}
2019-08-22 21:59:12,527 [Thread-320] INFO  server.Server (Server.java:doStart(419)) - Started @53513ms
2019-08-22 21:59:12,528 [Thread-320] INFO  server.BaseHttpServer (BaseHttpServer.java:updateConnectorAddress(213)) - HTTP server of HDDSDATANODE is listening at http://0.0.0.0:40346
2019-08-22 21:59:12,839 | INFO  | ObjectStoreRestHttpServer | Listening HDDS REST traffic on /0.0.0.0:36793 |  
2019-08-22 21:59:12,840 [Thread-320] INFO  ozone.HddsDatanodeService (HddsDatanodeService.java:startPlugins(395)) - Started plug-in org.apache.hadoop.ozone.web.OzoneHddsDatanodeService@453063e9
2019-08-22 21:59:12,841 [Thread-320] INFO  pipeline.SCMPipelineManager (SCMPipelineManager.java:finalizeAndDestroyPipeline(309)) - destroying pipeline:Pipeline[ Id: 1bb4c851-c637-4fc8-ad14-ed4b41d4febf, Nodes: f78c023a-1fec-49b9-86f3-237f0eaf7fc7{ip: 192.168.36.125, host: pr-hdds-1975-6rfct-3228563268, networkLocation: /default-rack, certSerialId: null}a522e26b-37d5-4999-8a0c-362d85073e49{ip: 192.168.36.125, host: pr-hdds-1975-6rfct-3228563268, networkLocation: /default-rack, certSerialId: null}2e202f61-106f-4fc0-98c5-9b0733af38dd{ip: 192.168.36.125, host: pr-hdds-1975-6rfct-3228563268, networkLocation: /default-rack, certSerialId: null}, Type:RATIS, Factor:THREE, State:OPEN]
2019-08-22 21:59:12,843 [org.apache.hadoop.util.JvmPauseMonitor$Monitor@74433d8b] INFO  util.JvmPauseMonitor (JvmPauseMonitor.java:run(188)) - Starting JVM pause monitor
2019-08-22 21:59:12,855 [Thread-320] WARN  pipeline.RatisPipelineUtils (RatisPipelineUtils.java:destroyPipeline(66)) - Pipeline destroy failed for pipeline=PipelineID=1bb4c851-c637-4fc8-ad14-ed4b41d4febf dn=f78c023a-1fec-49b9-86f3-237f0eaf7fc7{ip: 192.168.36.125, host: pr-hdds-1975-6rfct-3228563268, networkLocation: /default-rack, certSerialId: null}
2019-08-22 21:59:12,860 [Thread-320] WARN  pipeline.RatisPipelineUtils (RatisPipelineUtils.java:destroyPipeline(66)) - Pipeline destroy failed for pipeline=PipelineID=1bb4c851-c637-4fc8-ad14-ed4b41d4febf dn=a522e26b-37d5-4999-8a0c-362d85073e49{ip: 192.168.36.125, host: pr-hdds-1975-6rfct-3228563268, networkLocation: /default-rack, certSerialId: null}
2019-08-22 21:59:12,864 [Thread-320] WARN  pipeline.RatisPipelineUtils (RatisPipelineUtils.java:destroyPipeline(66)) - Pipeline destroy failed for pipeline=PipelineID=1bb4c851-c637-4fc8-ad14-ed4b41d4febf dn=2e202f61-106f-4fc0-98c5-9b0733af38dd{ip: 192.168.36.125, host: pr-hdds-1975-6rfct-3228563268, networkLocation: /default-rack, certSerialId: null}
2019-08-22 21:59:12,865 [Thread-320] INFO  pipeline.PipelineStateManager (PipelineStateManager.java:removePipeline(108)) - Pipeline Pipeline[ Id: 1bb4c851-c637-4fc8-ad14-ed4b41d4febf, Nodes: f78c023a-1fec-49b9-86f3-237f0eaf7fc7{ip: 192.168.36.125, host: pr-hdds-1975-6rfct-3228563268, networkLocation: /default-rack, certSerialId: null}a522e26b-37d5-4999-8a0c-362d85073e49{ip: 192.168.36.125, host: pr-hdds-1975-6rfct-3228563268, networkLocation: /default-rack, certSerialId: null}2e202f61-106f-4fc0-98c5-9b0733af38dd{ip: 192.168.36.125, host: pr-hdds-1975-6rfct-3228563268, networkLocation: /default-rack, certSerialId: null}, Type:RATIS, Factor:THREE, State:CLOSED] removed from db
2019-08-22 21:59:14,214 | INFO  | SCMAudit | user=jenkins1000 | ip=192.168.36.125 | op=GET_VERSION null | ret=SUCCESS |  
2019-08-22 21:59:14,216 [Datanode State Machine Thread - 0] INFO  ozoneimpl.OzoneContainer (OzoneContainer.java:start(186)) - Attempting to start container services.
2019-08-22 21:59:14,217 [Datanode State Machine Thread - 0] INFO  ozoneimpl.OzoneContainer (OzoneContainer.java:startContainerScrub(160)) - Background container scrubber has been disabled by hdds.containerscrub.enabled
2019-08-22 21:59:14,217 [Datanode State Machine Thread - 0] INFO  ratis.XceiverServerRatis (XceiverServerRatis.java:start(404)) - Starting XceiverServerRatis 2e202f61-106f-4fc0-98c5-9b0733af38dd at port 38034
2019-08-22 21:59:14,436 | INFO  | SCMAudit | user=jenkins1000 | ip=192.168.36.125 | op=GET_VERSION null | ret=SUCCESS |  
2019-08-22 21:59:14,437 [Datanode State Machine Thread - 0] INFO  ozoneimpl.OzoneContainer (OzoneContainer.java:start(186)) - Attempting to start container services.
2019-08-22 21:59:14,437 [Datanode State Machine Thread - 0] INFO  ozoneimpl.OzoneContainer (OzoneContainer.java:startContainerScrub(160)) - Background container scrubber has been disabled by hdds.containerscrub.enabled
2019-08-22 21:59:14,438 [Datanode State Machine Thread - 0] INFO  ratis.XceiverServerRatis (XceiverServerRatis.java:start(404)) - Starting XceiverServerRatis a522e26b-37d5-4999-8a0c-362d85073e49 at port 46067
2019-08-22 21:59:14,845 | INFO  | SCMAudit | user=jenkins1000 | ip=192.168.36.125 | op=GET_VERSION null | ret=SUCCESS |  
2019-08-22 21:59:14,846 [Datanode State Machine Thread - 0] INFO  ozoneimpl.OzoneContainer (OzoneContainer.java:start(186)) - Attempting to start container services.
2019-08-22 21:59:14,846 [Datanode State Machine Thread - 0] INFO  ozoneimpl.OzoneContainer (OzoneContainer.java:startContainerScrub(160)) - Background container scrubber has been disabled by hdds.containerscrub.enabled
2019-08-22 21:59:14,846 [Datanode State Machine Thread - 0] INFO  ratis.XceiverServerRatis (XceiverServerRatis.java:start(404)) - Starting XceiverServerRatis f78c023a-1fec-49b9-86f3-237f0eaf7fc7 at port 35167
2019-08-22 21:59:14,869 [pool-159-thread-1] INFO  storage.RaftStorageDirectory (RaftStorageDirectory.java:tryLock(328)) - Lock on /workdir/hadoop-ozone/integration-test/target/test-dir/MiniOzoneClusterImpl-9aa50907-0cd2-4e2d-ac3b-81cb5cb09f60/datanode-1/data/ratis/05a5d973-5047-47de-9cc4-377fcf0ec1f9/in_use.lock acquired by nodename 4930@pr-hdds-1975-6rfct-3228563268
2019-08-22 21:59:14,869 [f78c023a-1fec-49b9-86f3-237f0eaf7fc7:group-ED4B41D4FEBF:LeaderElection18] INFO  impl.LeaderElection (LeaderElection.java:askForVotes(181)) - f78c023a-1fec-49b9-86f3-237f0eaf7fc7:group-ED4B41D4FEBF:LeaderElection18: begin an election at term 2 for 0: [2e202f61-106f-4fc0-98c5-9b0733af38dd:192.168.36.125:38034, f78c023a-1fec-49b9-86f3-237f0eaf7fc7:192.168.36.125:35167, a522e26b-37d5-4999-8a0c-362d85073e49:192.168.36.125:46067], old=null
2019-08-22 21:59:14,869 [pool-148-thread-1] INFO  storage.RaftStorageDirectory (RaftStorageDirectory.java:tryLock(328)) - Lock on /workdir/hadoop-ozone/integration-test/target/test-dir/MiniOzoneClusterImpl-9aa50907-0cd2-4e2d-ac3b-81cb5cb09f60/datanode-0/data/ratis/3aa99afd-73d0-4e80-8fd9-2d7a43dac0ad/in_use.lock acquired by nodename 4930@pr-hdds-1975-6rfct-3228563268
2019-08-22 21:59:14,869 [pool-170-thread-1] INFO  storage.RaftStorageDirectory (RaftStorageDirectory.java:tryLock(328)) - Lock on /workdir/hadoop-ozone/integration-test/target/test-dir/MiniOzoneClusterImpl-9aa50907-0cd2-4e2d-ac3b-81cb5cb09f60/datanode-2/data/ratis/d9b33e55-1c6a-4d92-8202-b4ef61eddb35/in_use.lock acquired by nodename 4930@pr-hdds-1975-6rfct-3228563268
2019-08-22 21:59:14,870 [f78c023a-1fec-49b9-86f3-237f0eaf7fc7:group-ED4B41D4FEBF:LeaderElection18] INFO  impl.LeaderElection (LogUtils.java:infoOrTrace(149)) - Failed f78c023a-1fec-49b9-86f3-237f0eaf7fc7:group-ED4B41D4FEBF:LeaderElection18, state=CLOSING: {}
java.lang.IllegalArgumentException: f78c023a-1fec-49b9-86f3-237f0eaf7fc7-SegmentedRaftLog is expected to be opened but it is CLOSED
	at org.apache.ratis.util.OpenCloseState.assertOpen(OpenCloseState.java:63)
	at org.apache.ratis.server.raftlog.RaftLog.checkLogState(RaftLog.java:101)
	at org.apache.ratis.server.raftlog.segmented.SegmentedRaftLog.getLastEntryTermIndex(SegmentedRaftLog.java:263)
	at org.apache.ratis.server.impl.LeaderElection.askForVotes(LeaderElection.java:183)
	at org.apache.ratis.server.impl.LeaderElection.run(LeaderElection.java:130)
	at java.lang.Thread.run(Thread.java:748)
Caused by: org.apache.ratis.util.OpenCloseState$CloseTrace: Close f78c023a-1fec-49b9-86f3-237f0eaf7fc7-SegmentedRaftLog
	at org.apache.ratis.util.OpenCloseState.lambda$close$1(OpenCloseState.java:109)
	at java.util.concurrent.atomic.AtomicReference.getAndUpdate(AtomicReference.java:160)
	at org.apache.ratis.util.OpenCloseState.close(OpenCloseState.java:109)
	at org.apache.ratis.server.raftlog.RaftLog.close(RaftLog.java:437)
	at org.apache.ratis.server.raftlog.segmented.SegmentedRaftLog.close(SegmentedRaftLog.java:428)
	at org.apache.ratis.server.impl.ServerState.close(ServerState.java:397)
	at org.apache.ratis.server.impl.RaftServerImpl.lambda$shutdown$3(RaftServerImpl.java:267)
	at org.apache.ratis.util.LifeCycle.lambda$checkStateAndClose$2(LifeCycle.java:231)
	at org.apache.ratis.util.LifeCycle.checkStateAndClose(LifeCycle.java:251)
	at org.apache.ratis.util.LifeCycle.checkStateAndClose(LifeCycle.java:229)
	at org.apache.ratis.server.impl.RaftServerImpl.shutdown(RaftServerImpl.java:244)
	at org.apache.ratis.server.impl.RaftServerProxy$ImplMap.lambda$close$0(RaftServerProxy.java:107)
	at java.util.stream.ForEachOps$ForEachOp$OfRef.accept(ForEachOps.java:184)
	at java.util.stream.ReferencePipeline$3$1.accept(ReferencePipeline.java:193)
	at java.util.concurrent.ConcurrentHashMap$ValueSpliterator.forEachRemaining(ConcurrentHashMap.java:3566)
	at java.util.stream.AbstractPipeline.copyInto(AbstractPipeline.java:482)
	at java.util.stream.ForEachOps$ForEachTask.compute(ForEachOps.java:291)
	at java.util.concurrent.CountedCompleter.exec(CountedCompleter.java:731)
	at java.util.concurrent.ForkJoinTask.doExec(ForkJoinTask.java:289)
	at java.util.concurrent.ForkJoinPool.helpComplete(ForkJoinPool.java:1870)
	at java.util.concurrent.ForkJoinPool.externalHelpComplete(ForkJoinPool.java:2467)
	at java.util.concurrent.ForkJoinTask.externalAwaitDone(ForkJoinTask.java:324)
	at java.util.concurrent.ForkJoinTask.doInvoke(ForkJoinTask.java:405)
	at java.util.concurrent.ForkJoinTask.invoke(ForkJoinTask.java:734)
	at java.util.stream.ForEachOps$ForEachOp.evaluateParallel(ForEachOps.java:160)
	at java.util.stream.ForEachOps$ForEachOp$OfRef.evaluateParallel(ForEachOps.java:174)
	at java.util.stream.AbstractPipeline.evaluate(AbstractPipeline.java:233)
	at java.util.stream.ReferencePipeline.forEach(ReferencePipeline.java:418)
	at org.apache.ratis.server.impl.RaftServerProxy$ImplMap.close(RaftServerProxy.java:107)
	at org.apache.ratis.server.impl.RaftServerProxy.lambda$close$4(RaftServerProxy.java:315)
	at org.apache.ratis.util.LifeCycle.lambda$checkStateAndClose$2(LifeCycle.java:231)
	at org.apache.ratis.util.LifeCycle.checkStateAndClose(LifeCycle.java:251)
	at org.apache.ratis.util.LifeCycle.checkStateAndClose(LifeCycle.java:229)
	at org.apache.ratis.server.impl.RaftServerProxy.close(RaftServerProxy.java:313)
	at org.apache.hadoop.ozone.container.common.transport.server.ratis.XceiverServerRatis.stop(XceiverServerRatis.java:434)
	at org.apache.hadoop.ozone.container.ozoneimpl.OzoneContainer.stop(OzoneContainer.java:201)
	at org.apache.hadoop.ozone.container.common.statemachine.DatanodeStateMachine.close(DatanodeStateMachine.java:270)
	at org.apache.hadoop.ozone.container.common.statemachine.DatanodeStateMachine.stopDaemon(DatanodeStateMachine.java:394)
	at org.apache.hadoop.ozone.HddsDatanodeService.stop(HddsDatanodeService.java:458)
	at org.apache.hadoop.ozone.MiniOzoneClusterImpl.shutdownHddsDatanode(MiniOzoneClusterImpl.java:310)
	at org.apache.hadoop.ozone.MiniOzoneClusterImpl.shutdownHddsDatanode(MiniOzoneClusterImpl.java:315)
	at org.apache.hadoop.hdds.scm.pipeline.TestRatisPipelineCreateAndDestory.testPipelineCreationOnNodeRestart(TestRatisPipelineCreateAndDestory.java:95)
	at sun.reflect.NativeMethodAccessorImpl.invoke0(Native Method)
	at sun.reflect.NativeMethodAccessorImpl.invoke(NativeMethodAccessorImpl.java:62)
	at sun.reflect.DelegatingMethodAccessorImpl.invoke(DelegatingMethodAccessorImpl.java:43)
	at java.lang.reflect.Method.invoke(Method.java:498)
	at org.junit.runners.model.FrameworkMethod$1.runReflectiveCall(FrameworkMethod.java:47)
	at org.junit.internal.runners.model.ReflectiveCallable.run(ReflectiveCallable.java:12)
	at org.junit.runners.model.FrameworkMethod.invokeExplosively(FrameworkMethod.java:44)
	at org.junit.internal.runners.statements.InvokeMethod.evaluate(InvokeMethod.java:17)
	at org.junit.internal.runners.statements.FailOnTimeout$StatementThread.run(FailOnTimeout.java:74)
2019-08-22 21:59:14,874 [pool-170-thread-1] INFO  ratis.ContainerStateMachine (ContainerStateMachine.java:loadSnapshot(226)) - group-B4EF61EDDB35: The snapshot info is null. Setting the last applied indexto:(t:0, i:~)
2019-08-22 21:59:14,874 [pool-148-thread-1] INFO  ratis.ContainerStateMachine (ContainerStateMachine.java:loadSnapshot(226)) - group-2D7A43DAC0AD: The snapshot info is null. Setting the last applied indexto:(t:0, i:~)
2019-08-22 21:59:14,874 [pool-170-thread-1] INFO  server.RaftServerConfigKeys (ConfUtils.java:logGet(43)) - raft.server.leader.election.timeout = 120s (custom)
2019-08-22 21:59:14,874 [pool-159-thread-1] INFO  ratis.ContainerStateMachine (ContainerStateMachine.java:loadSnapshot(226)) - group-377FCF0EC1F9: The snapshot info is null. Setting the last applied indexto:(t:0, i:~)
2019-08-22 21:59:14,874 [f78c023a-1fec-49b9-86f3-237f0eaf7fc7:group-ED4B41D4FEBF:LeaderElection18] INFO  impl.LeaderElection (LeaderElection.java:run(141)) - f78c023a-1fec-49b9-86f3-237f0eaf7fc7:group-ED4B41D4FEBF:LeaderElection18: IllegalArgumentException is safely ignored since this is already CLOSING
2019-08-22 21:59:14,875 [pool-159-thread-1] INFO  server.RaftServerConfigKeys (ConfUtils.java:logGet(43)) - raft.server.leader.election.timeout = 120s (custom)
2019-08-22 21:59:14,875 [pool-170-thread-1] INFO  server.RaftServerConfigKeys (ConfUtils.java:logGet(43)) - raft.server.log.use.memory = false (default)
2019-08-22 21:59:14,874 [pool-148-thread-1] INFO  server.RaftServerConfigKeys (ConfUtils.java:logGet(43)) - raft.server.leader.election.timeout = 120s (custom)
2019-08-22 21:59:14,878 [pool-170-thread-1] INFO  server.RaftServerConfigKeys (ConfUtils.java:logGet(43)) - raft.server.log.purge.gap = 1000000 (custom)
2019-08-22 21:59:14,878 [pool-159-thread-1] INFO  server.RaftServerConfigKeys (ConfUtils.java:logGet(43)) - raft.server.log.use.memory = false (default)
2019-08-22 21:59:14,878 [pool-170-thread-1] INFO  server.RaftServerConfigKeys (ConfUtils.java:logGet(43)) - raft.server.log.appender.buffer.byte-limit = 33554432 (custom)
2019-08-22 21:59:14,878 [pool-148-thread-1] INFO  server.RaftServerConfigKeys (ConfUtils.java:logGet(43)) - raft.server.log.use.memory = false (default)
2019-08-22 21:59:14,879 [pool-170-thread-1] INFO  server.RaftServerConfigKeys (ConfUtils.java:logGet(43)) - raft.server.log.segment.size.max = 1048576 (custom)
2019-08-22 21:59:14,878 [pool-159-thread-1] INFO  server.RaftServerConfigKeys (ConfUtils.java:logGet(43)) - raft.server.log.purge.gap = 1000000 (custom)
2019-08-22 21:59:14,879 [pool-170-thread-1] INFO  server.RaftServerConfigKeys (ConfUtils.java:logGet(43)) - raft.server.log.segment.cache.num.max = 2 (custom)
2019-08-22 21:59:14,879 [pool-148-thread-1] INFO  server.RaftServerConfigKeys (ConfUtils.java:logGet(43)) - raft.server.log.purge.gap = 1000000 (custom)
2019-08-22 21:59:14,879 [pool-170-thread-1] INFO  segmented.SegmentedRaftLogWorker (SegmentedRaftLogWorker.java:<init>(172)) - new f78c023a-1fec-49b9-86f3-237f0eaf7fc7-SegmentedRaftLogWorker:Storage Directory /workdir/hadoop-ozone/integration-test/target/test-dir/MiniOzoneClusterImpl-9aa50907-0cd2-4e2d-ac3b-81cb5cb09f60/datanode-2/data/ratis/d9b33e55-1c6a-4d92-8202-b4ef61eddb35 for RaftStorage:Storage Directory /workdir/hadoop-ozone/integration-test/target/test-dir/MiniOzoneClusterImpl-9aa50907-0cd2-4e2d-ac3b-81cb5cb09f60/datanode-2/data/ratis/d9b33e55-1c6a-4d92-8202-b4ef61eddb35
2019-08-22 21:59:14,879 [pool-159-thread-1] INFO  server.RaftServerConfigKeys (ConfUtils.java:logGet(43)) - raft.server.log.appender.buffer.byte-limit = 33554432 (custom)
2019-08-22 21:59:14,880 [pool-170-thread-1] INFO  server.RaftServerConfigKeys (ConfUtils.java:logGet(43)) - raft.server.log.queue.byte-limit = 2147483647 (custom)
2019-08-22 21:59:14,880 [pool-170-thread-1] INFO  server.RaftServerConfigKeys (ConfUtils.java:logGet(43)) - raft.server.log.queue.element-limit = 1024 (custom)
2019-08-22 21:59:14,880 [pool-148-thread-1] INFO  server.RaftServerConfigKeys (ConfUtils.java:logGet(43)) - raft.server.log.appender.buffer.byte-limit = 33554432 (custom)
2019-08-22 21:59:14,880 [pool-170-thread-1] INFO  server.RaftServerConfigKeys (ConfUtils.java:logGet(43)) - raft.server.log.segment.size.max = 1048576 (custom)
2019-08-22 21:59:14,880 [pool-159-thread-1] INFO  server.RaftServerConfigKeys (ConfUtils.java:logGet(43)) - raft.server.log.segment.size.max = 1048576 (custom)
2019-08-22 21:59:14,881 [pool-170-thread-1] INFO  server.RaftServerConfigKeys (ConfUtils.java:logGet(43)) - raft.server.log.preallocated.size = 16384 (custom)
2019-08-22 21:59:14,881 [pool-148-thread-1] INFO  server.RaftServerConfigKeys (ConfUtils.java:logGet(43)) - raft.server.log.segment.size.max = 1048576 (custom)
2019-08-22 21:59:14,881 [pool-170-thread-1] INFO  server.RaftServerConfigKeys (ConfUtils.java:logGet(43)) - raft.server.log.write.buffer.size = 33554432 (custom)
2019-08-22 21:59:14,881 [pool-159-thread-1] INFO  server.RaftServerConfigKeys (ConfUtils.java:logGet(43)) - raft.server.log.segment.cache.num.max = 2 (custom)
2019-08-22 21:59:14,882 [pool-170-thread-1] INFO  server.RaftServerConfigKeys (ConfUtils.java:logGet(43)) - raft.server.log.force.sync.num = 128 (default)
2019-08-22 21:59:14,881 [pool-148-thread-1] INFO  server.RaftServerConfigKeys (ConfUtils.java:logGet(43)) - raft.server.log.segment.cache.num.max = 2 (custom)
2019-08-22 21:59:14,882 [pool-170-thread-1] INFO  server.RaftServerConfigKeys (ConfUtils.java:logGet(43)) - raft.server.log.statemachine.data.sync = true (default)
2019-08-22 21:59:14,882 [pool-159-thread-1] INFO  segmented.SegmentedRaftLogWorker (SegmentedRaftLogWorker.java:<init>(172)) - new a522e26b-37d5-4999-8a0c-362d85073e49-SegmentedRaftLogWorker:Storage Directory /workdir/hadoop-ozone/integration-test/target/test-dir/MiniOzoneClusterImpl-9aa50907-0cd2-4e2d-ac3b-81cb5cb09f60/datanode-1/data/ratis/05a5d973-5047-47de-9cc4-377fcf0ec1f9 for RaftStorage:Storage Directory /workdir/hadoop-ozone/integration-test/target/test-dir/MiniOzoneClusterImpl-9aa50907-0cd2-4e2d-ac3b-81cb5cb09f60/datanode-1/data/ratis/05a5d973-5047-47de-9cc4-377fcf0ec1f9
2019-08-22 21:59:14,882 [pool-170-thread-1] INFO  server.RaftServerConfigKeys (ConfUtils.java:logGet(43)) - raft.server.log.statemachine.data.sync.timeout = 10s (default)
2019-08-22 21:59:14,882 [pool-148-thread-1] INFO  segmented.SegmentedRaftLogWorker (SegmentedRaftLogWorker.java:<init>(172)) - new 2e202f61-106f-4fc0-98c5-9b0733af38dd-SegmentedRaftLogWorker:Storage Directory /workdir/hadoop-ozone/integration-test/target/test-dir/MiniOzoneClusterImpl-9aa50907-0cd2-4e2d-ac3b-81cb5cb09f60/datanode-0/data/ratis/3aa99afd-73d0-4e80-8fd9-2d7a43dac0ad for RaftStorage:Storage Directory /workdir/hadoop-ozone/integration-test/target/test-dir/MiniOzoneClusterImpl-9aa50907-0cd2-4e2d-ac3b-81cb5cb09f60/datanode-0/data/ratis/3aa99afd-73d0-4e80-8fd9-2d7a43dac0ad
2019-08-22 21:59:14,883 [pool-170-thread-1] INFO  server.RaftServerConfigKeys (ConfUtils.java:logGet(43)) - raft.server.log.statemachine.data.sync.timeout.retry = -1 (default)
2019-08-22 21:59:14,883 [pool-159-thread-1] INFO  server.RaftServerConfigKeys (ConfUtils.java:logGet(43)) - raft.server.log.queue.byte-limit = 2147483647 (custom)
2019-08-22 21:59:14,883 [pool-170-thread-1] INFO  server.RaftServerConfigKeys (ConfUtils.java:logGet(43)) - raft.server.log.statemachine.data.caching.enabled = true (custom)
2019-08-22 21:59:14,883 [pool-148-thread-1] INFO  server.RaftServerConfigKeys (ConfUtils.java:logGet(43)) - raft.server.log.queue.byte-limit = 2147483647 (custom)
2019-08-22 21:59:14,883 [pool-159-thread-1] INFO  server.RaftServerConfigKeys (ConfUtils.java:logGet(43)) - raft.server.log.queue.element-limit = 1024 (custom)
2019-08-22 21:59:14,884 [pool-148-thread-1] INFO  server.RaftServerConfigKeys (ConfUtils.java:logGet(43)) - raft.server.log.queue.element-limit = 1024 (custom)
2019-08-22 21:59:14,884 [pool-159-thread-1] INFO  server.RaftServerConfigKeys (ConfUtils.java:logGet(43)) - raft.server.log.segment.size.max = 1048576 (custom)
2019-08-22 21:59:14,884 [pool-148-thread-1] INFO  server.RaftServerConfigKeys (ConfUtils.java:logGet(43)) - raft.server.log.segment.size.max = 1048576 (custom)
2019-08-22 21:59:14,884 [pool-159-thread-1] INFO  server.RaftServerConfigKeys (ConfUtils.java:logGet(43)) - raft.server.log.preallocated.size = 16384 (custom)
2019-08-22 21:59:14,885 [pool-148-thread-1] INFO  server.RaftServerConfigKeys (ConfUtils.java:logGet(43)) - raft.server.log.preallocated.size = 16384 (custom)
2019-08-22 21:59:14,885 [pool-159-thread-1] INFO  server.RaftServerConfigKeys (ConfUtils.java:logGet(43)) - raft.server.log.write.buffer.size = 33554432 (custom)
2019-08-22 21:59:14,885 [pool-148-thread-1] INFO  server.RaftServerConfigKeys (ConfUtils.java:logGet(43)) - raft.server.log.write.buffer.size = 33554432 (custom)
2019-08-22 21:59:14,885 [pool-159-thread-1] INFO  server.RaftServerConfigKeys (ConfUtils.java:logGet(43)) - raft.server.log.force.sync.num = 128 (default)
2019-08-22 21:59:14,885 [pool-148-thread-1] INFO  server.RaftServerConfigKeys (ConfUtils.java:logGet(43)) - raft.server.log.force.sync.num = 128 (default)
2019-08-22 21:59:14,885 [pool-159-thread-1] INFO  server.RaftServerConfigKeys (ConfUtils.java:logGet(43)) - raft.server.log.statemachine.data.sync = true (default)
2019-08-22 21:59:14,886 [pool-148-thread-1] INFO  server.RaftServerConfigKeys (ConfUtils.java:logGet(43)) - raft.server.log.statemachine.data.sync = true (default)
2019-08-22 21:59:14,886 [pool-159-thread-1] INFO  server.RaftServerConfigKeys (ConfUtils.java:logGet(43)) - raft.server.log.statemachine.data.sync.timeout = 10s (default)
2019-08-22 21:59:14,886 [pool-148-thread-1] INFO  server.RaftServerConfigKeys (ConfUtils.java:logGet(43)) - raft.server.log.statemachine.data.sync.timeout = 10s (default)
2019-08-22 21:59:14,886 [pool-159-thread-1] INFO  server.RaftServerConfigKeys (ConfUtils.java:logGet(43)) - raft.server.log.statemachine.data.sync.timeout.retry = -1 (default)
2019-08-22 21:59:14,886 [pool-148-thread-1] INFO  server.RaftServerConfigKeys (ConfUtils.java:logGet(43)) - raft.server.log.statemachine.data.sync.timeout.retry = -1 (default)
2019-08-22 21:59:14,886 [pool-159-thread-1] INFO  server.RaftServerConfigKeys (ConfUtils.java:logGet(43)) - raft.server.log.statemachine.data.caching.enabled = true (custom)
2019-08-22 21:59:14,887 [pool-148-thread-1] INFO  server.RaftServerConfigKeys (ConfUtils.java:logGet(43)) - raft.server.log.statemachine.data.caching.enabled = true (custom)
2019-08-22 21:59:14,893 [pool-148-thread-1] INFO  impl.RaftServerImpl (ServerState.java:setRaftConf(361)) - 2e202f61-106f-4fc0-98c5-9b0733af38dd:group-2D7A43DAC0AD set configuration 0: [2e202f61-106f-4fc0-98c5-9b0733af38dd:192.168.36.125:38034], old=null at 0
2019-08-22 21:59:14,893 [pool-159-thread-1] INFO  impl.RaftServerImpl (ServerState.java:setRaftConf(361)) - a522e26b-37d5-4999-8a0c-362d85073e49:group-377FCF0EC1F9 set configuration 0: [a522e26b-37d5-4999-8a0c-362d85073e49:192.168.36.125:46067], old=null at 0
2019-08-22 21:59:14,893 [pool-170-thread-1] INFO  impl.RaftServerImpl (ServerState.java:setRaftConf(361)) - f78c023a-1fec-49b9-86f3-237f0eaf7fc7:group-B4EF61EDDB35 set configuration 0: [f78c023a-1fec-49b9-86f3-237f0eaf7fc7:192.168.36.125:35167], old=null at 0
2019-08-22 21:59:14,895 [pool-148-thread-1] INFO  segmented.LogSegment (LogSegment.java:loadSegment(145)) - Successfully read 1 entries from segment file /workdir/hadoop-ozone/integration-test/target/test-dir/MiniOzoneClusterImpl-9aa50907-0cd2-4e2d-ac3b-81cb5cb09f60/datanode-0/data/ratis/3aa99afd-73d0-4e80-8fd9-2d7a43dac0ad/current/log_inprogress_0
2019-08-22 21:59:14,897 [pool-170-thread-1] INFO  segmented.LogSegment (LogSegment.java:loadSegment(145)) - Successfully read 1 entries from segment file /workdir/hadoop-ozone/integration-test/target/test-dir/MiniOzoneClusterImpl-9aa50907-0cd2-4e2d-ac3b-81cb5cb09f60/datanode-2/data/ratis/d9b33e55-1c6a-4d92-8202-b4ef61eddb35/current/log_inprogress_0
2019-08-22 21:59:14,895 [pool-159-thread-1] INFO  segmented.LogSegment (LogSegment.java:loadSegment(145)) - Successfully read 1 entries from segment file /workdir/hadoop-ozone/integration-test/target/test-dir/MiniOzoneClusterImpl-9aa50907-0cd2-4e2d-ac3b-81cb5cb09f60/datanode-1/data/ratis/05a5d973-5047-47de-9cc4-377fcf0ec1f9/current/log_inprogress_0
2019-08-22 21:59:14,897 [pool-170-thread-1] INFO  segmented.SegmentedRaftLogWorker (SegmentedRaftLogWorker.java:lambda$new$0(132)) - f78c023a-1fec-49b9-86f3-237f0eaf7fc7-SegmentedRaftLogWorker:Storage Directory /workdir/hadoop-ozone/integration-test/target/test-dir/MiniOzoneClusterImpl-9aa50907-0cd2-4e2d-ac3b-81cb5cb09f60/datanode-2/data/ratis/d9b33e55-1c6a-4d92-8202-b4ef61eddb35: flushIndex: setUnconditionally 0 -> 0
2019-08-22 21:59:14,897 [pool-148-thread-1] INFO  segmented.SegmentedRaftLogWorker (SegmentedRaftLogWorker.java:lambda$new$0(132)) - 2e202f61-106f-4fc0-98c5-9b0733af38dd-SegmentedRaftLogWorker:Storage Directory /workdir/hadoop-ozone/integration-test/target/test-dir/MiniOzoneClusterImpl-9aa50907-0cd2-4e2d-ac3b-81cb5cb09f60/datanode-0/data/ratis/3aa99afd-73d0-4e80-8fd9-2d7a43dac0ad: flushIndex: setUnconditionally 0 -> 0
2019-08-22 21:59:14,897 [pool-159-thread-1] INFO  segmented.SegmentedRaftLogWorker (SegmentedRaftLogWorker.java:lambda$new$0(132)) - a522e26b-37d5-4999-8a0c-362d85073e49-SegmentedRaftLogWorker:Storage Directory /workdir/hadoop-ozone/integration-test/target/test-dir/MiniOzoneClusterImpl-9aa50907-0cd2-4e2d-ac3b-81cb5cb09f60/datanode-1/data/ratis/05a5d973-5047-47de-9cc4-377fcf0ec1f9: flushIndex: setUnconditionally 0 -> 0
2019-08-22 21:59:14,939 [pool-159-thread-1] INFO  server.RaftServerConfigKeys (ConfUtils.java:logGet(43)) - raft.server.snapshot.auto.trigger.enabled = true (custom)
2019-08-22 21:59:14,939 [pool-170-thread-1] INFO  server.RaftServerConfigKeys (ConfUtils.java:logGet(43)) - raft.server.snapshot.auto.trigger.enabled = true (custom)
2019-08-22 21:59:14,939 [pool-159-thread-1] INFO  server.RaftServerConfigKeys (ConfUtils.java:logGet(43)) - raft.server.snapshot.auto.trigger.threshold = 10000 (custom)
2019-08-22 21:59:14,940 [pool-170-thread-1] INFO  server.RaftServerConfigKeys (ConfUtils.java:logGet(43)) - raft.server.snapshot.auto.trigger.threshold = 10000 (custom)
2019-08-22 21:59:14,940 [pool-159-thread-1] INFO  server.RaftServerConfigKeys (ConfUtils.java:logGet(43)) - raft.server.retrycache.expirytime = 600000ms (custom)
2019-08-22 21:59:14,940 [pool-170-thread-1] INFO  server.RaftServerConfigKeys (ConfUtils.java:logGet(43)) - raft.server.retrycache.expirytime = 600000ms (custom)
2019-08-22 21:59:14,940 [pool-148-thread-1] INFO  server.RaftServerConfigKeys (ConfUtils.java:logGet(43)) - raft.server.snapshot.auto.trigger.enabled = true (custom)
2019-08-22 21:59:14,940 [pool-148-thread-1] INFO  server.RaftServerConfigKeys (ConfUtils.java:logGet(43)) - raft.server.snapshot.auto.trigger.threshold = 10000 (custom)
2019-08-22 21:59:14,940 [pool-148-thread-1] INFO  server.RaftServerConfigKeys (ConfUtils.java:logGet(43)) - raft.server.retrycache.expirytime = 600000ms (custom)
2019-08-22 21:59:14,942 [pool-159-thread-1] INFO  impl.RaftServerImpl (RaftServerImpl.java:<init>(93)) - a522e26b-37d5-4999-8a0c-362d85073e49: new RaftServerImpl for group-ED4B41D4FEBF:[] with ContainerStateMachine:uninitialized
2019-08-22 21:59:14,942 [pool-159-thread-1] INFO  server.RaftServerConfigKeys (ConfUtils.java:logGet(43)) - raft.server.rpc.timeout.min = 5s (custom)
2019-08-22 21:59:14,943 [pool-159-thread-1] INFO  server.RaftServerConfigKeys (ConfUtils.java:logGet(43)) - raft.server.rpc.timeout.max = 5200ms (custom)
2019-08-22 21:59:14,943 [pool-159-thread-1] INFO  server.RaftServerConfigKeys (ConfUtils.java:logGet(43)) - raft.server.rpcslowness.timeout = 120s (custom)
2019-08-22 21:59:14,943 [pool-148-thread-1] INFO  impl.RaftServerImpl (RaftServerImpl.java:<init>(93)) - 2e202f61-106f-4fc0-98c5-9b0733af38dd: new RaftServerImpl for group-ED4B41D4FEBF:[] with ContainerStateMachine:uninitialized
2019-08-22 21:59:14,943 [pool-159-thread-1] INFO  server.RaftServerConfigKeys (ConfUtils.java:logGet(43)) - raft.server.sleep.deviation.threshold = 300 (default)
2019-08-22 21:59:14,943 [pool-148-thread-1] INFO  server.RaftServerConfigKeys (ConfUtils.java:logGet(43)) - raft.server.rpc.timeout.min = 5s (custom)
2019-08-22 21:59:14,943 [pool-159-thread-1] INFO  server.RaftServerConfigKeys (ConfUtils.java:logGet(43)) - raft.server.log.appender.install.snapshot.enabled = false (custom)
2019-08-22 21:59:14,943 [pool-148-thread-1] INFO  server.RaftServerConfigKeys (ConfUtils.java:logGet(43)) - raft.server.rpc.timeout.max = 5200ms (custom)
2019-08-22 21:59:14,943 [pool-159-thread-1] INFO  impl.RaftServerImpl (ServerState.java:<init>(105)) - a522e26b-37d5-4999-8a0c-362d85073e49:group-ED4B41D4FEBF ConfigurationManager, init=-1: [], old=null, confs=<EMPTY_MAP>
2019-08-22 21:59:14,943 [pool-148-thread-1] INFO  server.RaftServerConfigKeys (ConfUtils.java:logGet(43)) - raft.server.rpcslowness.timeout = 120s (custom)
2019-08-22 21:59:14,944 [pool-148-thread-1] INFO  server.RaftServerConfigKeys (ConfUtils.java:logGet(43)) - raft.server.sleep.deviation.threshold = 300 (default)
2019-08-22 21:59:14,944 [pool-159-thread-1] INFO  server.RaftServerConfigKeys (ConfUtils.java:logGet(43)) - raft.server.storage.dir = [/workdir/hadoop-ozone/integration-test/target/test-dir/MiniOzoneClusterImpl-9aa50907-0cd2-4e2d-ac3b-81cb5cb09f60/datanode-1/data/ratis] (custom)
2019-08-22 21:59:14,944 [pool-170-thread-1] INFO  impl.RaftServerImpl (RaftServerImpl.java:<init>(93)) - f78c023a-1fec-49b9-86f3-237f0eaf7fc7: new RaftServerImpl for group-ED4B41D4FEBF:[] with ContainerStateMachine:uninitialized
2019-08-22 21:59:14,944 [pool-148-thread-1] INFO  server.RaftServerConfigKeys (ConfUtils.java:logGet(43)) - raft.server.log.appender.install.snapshot.enabled = false (custom)
2019-08-22 21:59:14,944 [pool-170-thread-1] INFO  server.RaftServerConfigKeys (ConfUtils.java:logGet(43)) - raft.server.rpc.timeout.min = 5s (custom)
2019-08-22 21:59:14,944 [pool-148-thread-1] INFO  impl.RaftServerImpl (ServerState.java:<init>(105)) - 2e202f61-106f-4fc0-98c5-9b0733af38dd:group-ED4B41D4FEBF ConfigurationManager, init=-1: [], old=null, confs=<EMPTY_MAP>
2019-08-22 21:59:14,945 [pool-170-thread-1] INFO  server.RaftServerConfigKeys (ConfUtils.java:logGet(43)) - raft.server.rpc.timeout.max = 5200ms (custom)
2019-08-22 21:59:14,945 [pool-148-thread-1] INFO  server.RaftServerConfigKeys (ConfUtils.java:logGet(43)) - raft.server.storage.dir = [/workdir/hadoop-ozone/integration-test/target/test-dir/MiniOzoneClusterImpl-9aa50907-0cd2-4e2d-ac3b-81cb5cb09f60/datanode-0/data/ratis] (custom)
2019-08-22 21:59:14,945 [pool-170-thread-1] INFO  server.RaftServerConfigKeys (ConfUtils.java:logGet(43)) - raft.server.rpcslowness.timeout = 120s (custom)
2019-08-22 21:59:14,945 [pool-170-thread-1] INFO  server.RaftServerConfigKeys (ConfUtils.java:logGet(43)) - raft.server.sleep.deviation.threshold = 300 (default)
2019-08-22 21:59:14,945 [pool-170-thread-1] INFO  server.RaftServerConfigKeys (ConfUtils.java:logGet(43)) - raft.server.log.appender.install.snapshot.enabled = false (custom)
2019-08-22 21:59:14,946 [pool-170-thread-1] INFO  impl.RaftServerImpl (ServerState.java:<init>(105)) - f78c023a-1fec-49b9-86f3-237f0eaf7fc7:group-ED4B41D4FEBF ConfigurationManager, init=-1: [], old=null, confs=<EMPTY_MAP>
2019-08-22 21:59:14,946 [pool-170-thread-1] INFO  server.RaftServerConfigKeys (ConfUtils.java:logGet(43)) - raft.server.storage.dir = [/workdir/hadoop-ozone/integration-test/target/test-dir/MiniOzoneClusterImpl-9aa50907-0cd2-4e2d-ac3b-81cb5cb09f60/datanode-2/data/ratis] (custom)
2019-08-22 21:59:16,138 [pool-159-thread-1] INFO  storage.RaftStorageDirectory (RaftStorageDirectory.java:tryLock(328)) - Lock on /workdir/hadoop-ozone/integration-test/target/test-dir/MiniOzoneClusterImpl-9aa50907-0cd2-4e2d-ac3b-81cb5cb09f60/datanode-1/data/ratis/1bb4c851-c637-4fc8-ad14-ed4b41d4febf/in_use.lock acquired by nodename 4930@pr-hdds-1975-6rfct-3228563268
2019-08-22 21:59:16,139 [pool-159-thread-1] INFO  ratis.ContainerStateMachine (ContainerStateMachine.java:loadSnapshot(226)) - group-ED4B41D4FEBF: The snapshot info is null. Setting the last applied indexto:(t:0, i:~)
2019-08-22 21:59:16,139 [pool-159-thread-1] INFO  server.RaftServerConfigKeys (ConfUtils.java:logGet(43)) - raft.server.leader.election.timeout = 120s (custom)
2019-08-22 21:59:16,140 [pool-159-thread-1] INFO  server.RaftServerConfigKeys (ConfUtils.java:logGet(43)) - raft.server.log.use.memory = false (default)
2019-08-22 21:59:16,140 [pool-159-thread-1] INFO  server.RaftServerConfigKeys (ConfUtils.java:logGet(43)) - raft.server.log.purge.gap = 1000000 (custom)
2019-08-22 21:59:16,140 [pool-159-thread-1] INFO  server.RaftServerConfigKeys (ConfUtils.java:logGet(43)) - raft.server.log.appender.buffer.byte-limit = 33554432 (custom)
2019-08-22 21:59:16,140 [pool-159-thread-1] INFO  server.RaftServerConfigKeys (ConfUtils.java:logGet(43)) - raft.server.log.segment.size.max = 1048576 (custom)
2019-08-22 21:59:16,140 [pool-159-thread-1] INFO  server.RaftServerConfigKeys (ConfUtils.java:logGet(43)) - raft.server.log.segment.cache.num.max = 2 (custom)
2019-08-22 21:59:16,141 [pool-159-thread-1] INFO  segmented.SegmentedRaftLogWorker (SegmentedRaftLogWorker.java:<init>(172)) - new a522e26b-37d5-4999-8a0c-362d85073e49-SegmentedRaftLogWorker:Storage Directory /workdir/hadoop-ozone/integration-test/target/test-dir/MiniOzoneClusterImpl-9aa50907-0cd2-4e2d-ac3b-81cb5cb09f60/datanode-1/data/ratis/1bb4c851-c637-4fc8-ad14-ed4b41d4febf for RaftStorage:Storage Directory /workdir/hadoop-ozone/integration-test/target/test-dir/MiniOzoneClusterImpl-9aa50907-0cd2-4e2d-ac3b-81cb5cb09f60/datanode-1/data/ratis/1bb4c851-c637-4fc8-ad14-ed4b41d4febf
2019-08-22 21:59:16,141 [pool-159-thread-1] INFO  server.RaftServerConfigKeys (ConfUtils.java:logGet(43)) - raft.server.log.queue.byte-limit = 2147483647 (custom)
2019-08-22 21:59:16,141 [pool-159-thread-1] INFO  server.RaftServerConfigKeys (ConfUtils.java:logGet(43)) - raft.server.log.queue.element-limit = 1024 (custom)
2019-08-22 21:59:16,141 [pool-159-thread-1] INFO  server.RaftServerConfigKeys (ConfUtils.java:logGet(43)) - raft.server.log.segment.size.max = 1048576 (custom)
2019-08-22 21:59:16,141 [pool-159-thread-1] INFO  server.RaftServerConfigKeys (ConfUtils.java:logGet(43)) - raft.server.log.preallocated.size = 16384 (custom)
2019-08-22 21:59:16,142 [pool-159-thread-1] INFO  server.RaftServerConfigKeys (ConfUtils.java:logGet(43)) - raft.server.log.write.buffer.size = 33554432 (custom)
2019-08-22 21:59:16,142 [pool-159-thread-1] INFO  server.RaftServerConfigKeys (ConfUtils.java:logGet(43)) - raft.server.log.force.sync.num = 128 (default)
2019-08-22 21:59:16,142 [pool-159-thread-1] INFO  server.RaftServerConfigKeys (ConfUtils.java:logGet(43)) - raft.server.log.statemachine.data.sync = true (default)
2019-08-22 21:59:16,142 [pool-159-thread-1] INFO  server.RaftServerConfigKeys (ConfUtils.java:logGet(43)) - raft.server.log.statemachine.data.sync.timeout = 10s (default)
2019-08-22 21:59:16,142 [pool-159-thread-1] INFO  server.RaftServerConfigKeys (ConfUtils.java:logGet(43)) - raft.server.log.statemachine.data.sync.timeout.retry = -1 (default)
2019-08-22 21:59:16,142 [pool-159-thread-1] INFO  server.RaftServerConfigKeys (ConfUtils.java:logGet(43)) - raft.server.log.statemachine.data.caching.enabled = true (custom)
2019-08-22 21:59:16,144 [pool-159-thread-1] INFO  impl.RaftServerImpl (ServerState.java:setRaftConf(361)) - a522e26b-37d5-4999-8a0c-362d85073e49:group-ED4B41D4FEBF set configuration 0: [2e202f61-106f-4fc0-98c5-9b0733af38dd:192.168.36.125:38034, f78c023a-1fec-49b9-86f3-237f0eaf7fc7:192.168.36.125:35167, a522e26b-37d5-4999-8a0c-362d85073e49:192.168.36.125:46067], old=null at 0
2019-08-22 21:59:16,144 [pool-159-thread-1] INFO  segmented.LogSegment (LogSegment.java:loadSegment(145)) - Successfully read 1 entries from segment file /workdir/hadoop-ozone/integration-test/target/test-dir/MiniOzoneClusterImpl-9aa50907-0cd2-4e2d-ac3b-81cb5cb09f60/datanode-1/data/ratis/1bb4c851-c637-4fc8-ad14-ed4b41d4febf/current/log_inprogress_0
2019-08-22 21:59:16,144 [pool-159-thread-1] INFO  segmented.SegmentedRaftLogWorker (SegmentedRaftLogWorker.java:lambda$new$0(132)) - a522e26b-37d5-4999-8a0c-362d85073e49-SegmentedRaftLogWorker:Storage Directory /workdir/hadoop-ozone/integration-test/target/test-dir/MiniOzoneClusterImpl-9aa50907-0cd2-4e2d-ac3b-81cb5cb09f60/datanode-1/data/ratis/1bb4c851-c637-4fc8-ad14-ed4b41d4febf: flushIndex: setUnconditionally 0 -> 0
2019-08-22 21:59:16,157 [pool-170-thread-1] INFO  storage.RaftStorageDirectory (RaftStorageDirectory.java:tryLock(328)) - Lock on /workdir/hadoop-ozone/integration-test/target/test-dir/MiniOzoneClusterImpl-9aa50907-0cd2-4e2d-ac3b-81cb5cb09f60/datanode-2/data/ratis/1bb4c851-c637-4fc8-ad14-ed4b41d4febf/in_use.lock acquired by nodename 4930@pr-hdds-1975-6rfct-3228563268
2019-08-22 21:59:16,157 [pool-148-thread-1] INFO  storage.RaftStorageDirectory (RaftStorageDirectory.java:tryLock(328)) - Lock on /workdir/hadoop-ozone/integration-test/target/test-dir/MiniOzoneClusterImpl-9aa50907-0cd2-4e2d-ac3b-81cb5cb09f60/datanode-0/data/ratis/1bb4c851-c637-4fc8-ad14-ed4b41d4febf/in_use.lock acquired by nodename 4930@pr-hdds-1975-6rfct-3228563268
2019-08-22 21:59:16,158 [pool-170-thread-1] INFO  ratis.ContainerStateMachine (ContainerStateMachine.java:loadSnapshot(226)) - group-ED4B41D4FEBF: The snapshot info is null. Setting the last applied indexto:(t:0, i:~)
2019-08-22 21:59:16,158 [pool-170-thread-1] INFO  server.RaftServerConfigKeys (ConfUtils.java:logGet(43)) - raft.server.leader.election.timeout = 120s (custom)
2019-08-22 21:59:16,158 [pool-148-thread-1] INFO  ratis.ContainerStateMachine (ContainerStateMachine.java:loadSnapshot(226)) - group-ED4B41D4FEBF: The snapshot info is null. Setting the last applied indexto:(t:0, i:~)
2019-08-22 21:59:16,158 [pool-170-thread-1] INFO  server.RaftServerConfigKeys (ConfUtils.java:logGet(43)) - raft.server.log.use.memory = false (default)
2019-08-22 21:59:16,158 [pool-148-thread-1] INFO  server.RaftServerConfigKeys (ConfUtils.java:logGet(43)) - raft.server.leader.election.timeout = 120s (custom)
2019-08-22 21:59:16,159 [pool-170-thread-1] INFO  server.RaftServerConfigKeys (ConfUtils.java:logGet(43)) - raft.server.log.purge.gap = 1000000 (custom)
2019-08-22 21:59:16,159 [pool-148-thread-1] INFO  server.RaftServerConfigKeys (ConfUtils.java:logGet(43)) - raft.server.log.use.memory = false (default)
2019-08-22 21:59:16,159 [pool-170-thread-1] INFO  server.RaftServerConfigKeys (ConfUtils.java:logGet(43)) - raft.server.log.appender.buffer.byte-limit = 33554432 (custom)
2019-08-22 21:59:16,159 [pool-148-thread-1] INFO  server.RaftServerConfigKeys (ConfUtils.java:logGet(43)) - raft.server.log.purge.gap = 1000000 (custom)
2019-08-22 21:59:16,159 [pool-170-thread-1] INFO  server.RaftServerConfigKeys (ConfUtils.java:logGet(43)) - raft.server.log.segment.size.max = 1048576 (custom)
2019-08-22 21:59:16,159 [pool-148-thread-1] INFO  server.RaftServerConfigKeys (ConfUtils.java:logGet(43)) - raft.server.log.appender.buffer.byte-limit = 33554432 (custom)
2019-08-22 21:59:16,160 [pool-170-thread-1] INFO  server.RaftServerConfigKeys (ConfUtils.java:logGet(43)) - raft.server.log.segment.cache.num.max = 2 (custom)
2019-08-22 21:59:16,160 [pool-148-thread-1] INFO  server.RaftServerConfigKeys (ConfUtils.java:logGet(43)) - raft.server.log.segment.size.max = 1048576 (custom)
2019-08-22 21:59:16,160 [pool-170-thread-1] INFO  segmented.SegmentedRaftLogWorker (SegmentedRaftLogWorker.java:<init>(172)) - new f78c023a-1fec-49b9-86f3-237f0eaf7fc7-SegmentedRaftLogWorker:Storage Directory /workdir/hadoop-ozone/integration-test/target/test-dir/MiniOzoneClusterImpl-9aa50907-0cd2-4e2d-ac3b-81cb5cb09f60/datanode-2/data/ratis/1bb4c851-c637-4fc8-ad14-ed4b41d4febf for RaftStorage:Storage Directory /workdir/hadoop-ozone/integration-test/target/test-dir/MiniOzoneClusterImpl-9aa50907-0cd2-4e2d-ac3b-81cb5cb09f60/datanode-2/data/ratis/1bb4c851-c637-4fc8-ad14-ed4b41d4febf
2019-08-22 21:59:16,160 [pool-148-thread-1] INFO  server.RaftServerConfigKeys (ConfUtils.java:logGet(43)) - raft.server.log.segment.cache.num.max = 2 (custom)
2019-08-22 21:59:16,160 [pool-170-thread-1] INFO  server.RaftServerConfigKeys (ConfUtils.java:logGet(43)) - raft.server.log.queue.byte-limit = 2147483647 (custom)
2019-08-22 21:59:16,161 [pool-148-thread-1] INFO  segmented.SegmentedRaftLogWorker (SegmentedRaftLogWorker.java:<init>(172)) - new 2e202f61-106f-4fc0-98c5-9b0733af38dd-SegmentedRaftLogWorker:Storage Directory /workdir/hadoop-ozone/integration-test/target/test-dir/MiniOzoneClusterImpl-9aa50907-0cd2-4e2d-ac3b-81cb5cb09f60/datanode-0/data/ratis/1bb4c851-c637-4fc8-ad14-ed4b41d4febf for RaftStorage:Storage Directory /workdir/hadoop-ozone/integration-test/target/test-dir/MiniOzoneClusterImpl-9aa50907-0cd2-4e2d-ac3b-81cb5cb09f60/datanode-0/data/ratis/1bb4c851-c637-4fc8-ad14-ed4b41d4febf
2019-08-22 21:59:16,161 [pool-170-thread-1] INFO  server.RaftServerConfigKeys (ConfUtils.java:logGet(43)) - raft.server.log.queue.element-limit = 1024 (custom)
2019-08-22 21:59:16,161 [pool-148-thread-1] INFO  server.RaftServerConfigKeys (ConfUtils.java:logGet(43)) - raft.server.log.queue.byte-limit = 2147483647 (custom)
2019-08-22 21:59:16,161 [pool-170-thread-1] INFO  server.RaftServerConfigKeys (ConfUtils.java:logGet(43)) - raft.server.log.segment.size.max = 1048576 (custom)
2019-08-22 21:59:16,161 [pool-148-thread-1] INFO  server.RaftServerConfigKeys (ConfUtils.java:logGet(43)) - raft.server.log.queue.element-limit = 1024 (custom)
2019-08-22 21:59:16,161 [pool-170-thread-1] INFO  server.RaftServerConfigKeys (ConfUtils.java:logGet(43)) - raft.server.log.preallocated.size = 16384 (custom)
2019-08-22 21:59:16,162 [pool-148-thread-1] INFO  server.RaftServerConfigKeys (ConfUtils.java:logGet(43)) - raft.server.log.segment.size.max = 1048576 (custom)
2019-08-22 21:59:16,162 [pool-170-thread-1] INFO  server.RaftServerConfigKeys (ConfUtils.java:logGet(43)) - raft.server.log.write.buffer.size = 33554432 (custom)
2019-08-22 21:59:16,162 [pool-148-thread-1] INFO  server.RaftServerConfigKeys (ConfUtils.java:logGet(43)) - raft.server.log.preallocated.size = 16384 (custom)
2019-08-22 21:59:16,162 [pool-170-thread-1] INFO  server.RaftServerConfigKeys (ConfUtils.java:logGet(43)) - raft.server.log.force.sync.num = 128 (default)
2019-08-22 21:59:16,163 [pool-148-thread-1] INFO  server.RaftServerConfigKeys (ConfUtils.java:logGet(43)) - raft.server.log.write.buffer.size = 33554432 (custom)
2019-08-22 21:59:16,163 [pool-170-thread-1] INFO  server.RaftServerConfigKeys (ConfUtils.java:logGet(43)) - raft.server.log.statemachine.data.sync = true (default)
2019-08-22 21:59:16,163 [pool-148-thread-1] INFO  server.RaftServerConfigKeys (ConfUtils.java:logGet(43)) - raft.server.log.force.sync.num = 128 (default)
2019-08-22 21:59:16,163 [pool-170-thread-1] INFO  server.RaftServerConfigKeys (ConfUtils.java:logGet(43)) - raft.server.log.statemachine.data.sync.timeout = 10s (default)
2019-08-22 21:59:16,163 [pool-148-thread-1] INFO  server.RaftServerConfigKeys (ConfUtils.java:logGet(43)) - raft.server.log.statemachine.data.sync = true (default)
2019-08-22 21:59:16,164 [pool-170-thread-1] INFO  server.RaftServerConfigKeys (ConfUtils.java:logGet(43)) - raft.server.log.statemachine.data.sync.timeout.retry = -1 (default)
2019-08-22 21:59:16,164 [pool-148-thread-1] INFO  server.RaftServerConfigKeys (ConfUtils.java:logGet(43)) - raft.server.log.statemachine.data.sync.timeout = 10s (default)
2019-08-22 21:59:16,164 [pool-170-thread-1] INFO  server.RaftServerConfigKeys (ConfUtils.java:logGet(43)) - raft.server.log.statemachine.data.caching.enabled = true (custom)
2019-08-22 21:59:16,164 [pool-148-thread-1] INFO  server.RaftServerConfigKeys (ConfUtils.java:logGet(43)) - raft.server.log.statemachine.data.sync.timeout.retry = -1 (default)
2019-08-22 21:59:16,165 [pool-148-thread-1] INFO  server.RaftServerConfigKeys (ConfUtils.java:logGet(43)) - raft.server.log.statemachine.data.caching.enabled = true (custom)
2019-08-22 21:59:16,165 [pool-170-thread-1] INFO  impl.RaftServerImpl (ServerState.java:setRaftConf(361)) - f78c023a-1fec-49b9-86f3-237f0eaf7fc7:group-ED4B41D4FEBF set configuration 0: [2e202f61-106f-4fc0-98c5-9b0733af38dd:192.168.36.125:38034, f78c023a-1fec-49b9-86f3-237f0eaf7fc7:192.168.36.125:35167, a522e26b-37d5-4999-8a0c-362d85073e49:192.168.36.125:46067], old=null at 0
2019-08-22 21:59:16,166 [pool-148-thread-1] INFO  impl.RaftServerImpl (ServerState.java:setRaftConf(361)) - 2e202f61-106f-4fc0-98c5-9b0733af38dd:group-ED4B41D4FEBF set configuration 0: [2e202f61-106f-4fc0-98c5-9b0733af38dd:192.168.36.125:38034, f78c023a-1fec-49b9-86f3-237f0eaf7fc7:192.168.36.125:35167, a522e26b-37d5-4999-8a0c-362d85073e49:192.168.36.125:46067], old=null at 0
2019-08-22 21:59:16,166 [pool-170-thread-1] INFO  segmented.LogSegment (LogSegment.java:loadSegment(145)) - Successfully read 1 entries from segment file /workdir/hadoop-ozone/integration-test/target/test-dir/MiniOzoneClusterImpl-9aa50907-0cd2-4e2d-ac3b-81cb5cb09f60/datanode-2/data/ratis/1bb4c851-c637-4fc8-ad14-ed4b41d4febf/current/log_inprogress_0
2019-08-22 21:59:16,166 [pool-148-thread-1] INFO  segmented.LogSegment (LogSegment.java:loadSegment(145)) - Successfully read 1 entries from segment file /workdir/hadoop-ozone/integration-test/target/test-dir/MiniOzoneClusterImpl-9aa50907-0cd2-4e2d-ac3b-81cb5cb09f60/datanode-0/data/ratis/1bb4c851-c637-4fc8-ad14-ed4b41d4febf/current/log_inprogress_0
2019-08-22 21:59:16,166 [pool-170-thread-1] INFO  segmented.SegmentedRaftLogWorker (SegmentedRaftLogWorker.java:lambda$new$0(132)) - f78c023a-1fec-49b9-86f3-237f0eaf7fc7-SegmentedRaftLogWorker:Storage Directory /workdir/hadoop-ozone/integration-test/target/test-dir/MiniOzoneClusterImpl-9aa50907-0cd2-4e2d-ac3b-81cb5cb09f60/datanode-2/data/ratis/1bb4c851-c637-4fc8-ad14-ed4b41d4febf: flushIndex: setUnconditionally 0 -> 0
2019-08-22 21:59:16,167 [pool-148-thread-1] INFO  segmented.SegmentedRaftLogWorker (SegmentedRaftLogWorker.java:lambda$new$0(132)) - 2e202f61-106f-4fc0-98c5-9b0733af38dd-SegmentedRaftLogWorker:Storage Directory /workdir/hadoop-ozone/integration-test/target/test-dir/MiniOzoneClusterImpl-9aa50907-0cd2-4e2d-ac3b-81cb5cb09f60/datanode-0/data/ratis/1bb4c851-c637-4fc8-ad14-ed4b41d4febf: flushIndex: setUnconditionally 0 -> 0
2019-08-22 21:59:16,185 [pool-159-thread-1] INFO  server.RaftServerConfigKeys (ConfUtils.java:logGet(43)) - raft.server.snapshot.auto.trigger.enabled = true (custom)
2019-08-22 21:59:16,185 [pool-159-thread-1] INFO  server.RaftServerConfigKeys (ConfUtils.java:logGet(43)) - raft.server.snapshot.auto.trigger.threshold = 10000 (custom)
2019-08-22 21:59:16,185 [pool-159-thread-1] INFO  server.RaftServerConfigKeys (ConfUtils.java:logGet(43)) - raft.server.retrycache.expirytime = 600000ms (custom)
2019-08-22 21:59:16,186 [Datanode State Machine Thread - 0] INFO  impl.RaftServerImpl (RaftServerImpl.java:start(180)) - a522e26b-37d5-4999-8a0c-362d85073e49: start group-ED4B41D4FEBF
2019-08-22 21:59:16,186 [ForkJoinPool.commonPool-worker-0] INFO  impl.RaftServerImpl (RaftServerImpl.java:start(180)) - a522e26b-37d5-4999-8a0c-362d85073e49: start group-377FCF0EC1F9
2019-08-22 21:59:16,206 [Datanode State Machine Thread - 0] INFO  impl.RaftServerImpl (RaftServerImpl.java:setRole(171)) - a522e26b-37d5-4999-8a0c-362d85073e49:group-ED4B41D4FEBF changes role from null to FOLLOWER at term 1 for startAsFollower
2019-08-22 21:59:16,207 [ForkJoinPool.commonPool-worker-0] INFO  impl.RaftServerImpl (RaftServerImpl.java:setRole(171)) - a522e26b-37d5-4999-8a0c-362d85073e49:group-377FCF0EC1F9 changes role from null to FOLLOWER at term 1 for startAsFollower
2019-08-22 21:59:16,207 [pool-148-thread-1] INFO  server.RaftServerConfigKeys (ConfUtils.java:logGet(43)) - raft.server.snapshot.auto.trigger.enabled = true (custom)
2019-08-22 21:59:16,207 [pool-170-thread-1] INFO  server.RaftServerConfigKeys (ConfUtils.java:logGet(43)) - raft.server.snapshot.auto.trigger.enabled = true (custom)
2019-08-22 21:59:16,207 [Datanode State Machine Thread - 0] INFO  impl.RoleInfo (RoleInfo.java:updateAndGet(143)) - a522e26b-37d5-4999-8a0c-362d85073e49: start FollowerState
2019-08-22 21:59:16,208 [pool-170-thread-1] INFO  server.RaftServerConfigKeys (ConfUtils.java:logGet(43)) - raft.server.snapshot.auto.trigger.threshold = 10000 (custom)
2019-08-22 21:59:16,208 [pool-148-thread-1] INFO  server.RaftServerConfigKeys (ConfUtils.java:logGet(43)) - raft.server.snapshot.auto.trigger.threshold = 10000 (custom)
2019-08-22 21:59:16,207 [ForkJoinPool.commonPool-worker-0] INFO  impl.RoleInfo (RoleInfo.java:updateAndGet(143)) - a522e26b-37d5-4999-8a0c-362d85073e49: start FollowerState
2019-08-22 21:59:16,208 [pool-148-thread-1] INFO  server.RaftServerConfigKeys (ConfUtils.java:logGet(43)) - raft.server.retrycache.expirytime = 600000ms (custom)
2019-08-22 21:59:16,208 [pool-170-thread-1] INFO  server.RaftServerConfigKeys (ConfUtils.java:logGet(43)) - raft.server.retrycache.expirytime = 600000ms (custom)
2019-08-22 21:59:16,209 [Datanode State Machine Thread - 0] INFO  impl.RaftServerImpl (RaftServerImpl.java:start(180)) - 2e202f61-106f-4fc0-98c5-9b0733af38dd: start group-ED4B41D4FEBF
2019-08-22 21:59:16,209 [Datanode State Machine Thread - 0] INFO  impl.RaftServerImpl (RaftServerImpl.java:start(180)) - f78c023a-1fec-49b9-86f3-237f0eaf7fc7: start group-ED4B41D4FEBF
2019-08-22 21:59:16,210 [ForkJoinPool.commonPool-worker-0] INFO  util.JmxRegister (JmxRegister.java:tryRegister(44)) - Successfully registered JMX Bean with object name Ratis:service=RaftServer,group=group-377FCF0EC1F9,id=a522e26b-37d5-4999-8a0c-362d85073e49
2019-08-22 21:59:16,210 [Datanode State Machine Thread - 0] INFO  util.JmxRegister (JmxRegister.java:tryRegister(44)) - Successfully registered JMX Bean with object name Ratis:service=RaftServer,group=group-ED4B41D4FEBF,id=a522e26b-37d5-4999-8a0c-362d85073e49
2019-08-22 21:59:16,210 [Datanode State Machine Thread - 0] INFO  impl.RaftServerImpl (RaftServerImpl.java:setRole(171)) - 2e202f61-106f-4fc0-98c5-9b0733af38dd:group-ED4B41D4FEBF changes role from null to FOLLOWER at term 1 for startAsFollower
2019-08-22 21:59:16,213 [Datanode State Machine Thread - 0] INFO  impl.RaftServerProxy (RaftServerProxy.java:lambda$start$3(299)) - a522e26b-37d5-4999-8a0c-362d85073e49: start RPC server
2019-08-22 21:59:16,212 [ForkJoinPool.commonPool-worker-0] INFO  impl.RaftServerImpl (RaftServerImpl.java:start(180)) - f78c023a-1fec-49b9-86f3-237f0eaf7fc7: start group-B4EF61EDDB35
2019-08-22 21:59:16,211 [Datanode State Machine Thread - 0] INFO  impl.RaftServerImpl (RaftServerImpl.java:setRole(171)) - f78c023a-1fec-49b9-86f3-237f0eaf7fc7:group-ED4B41D4FEBF changes role from null to FOLLOWER at term 2 for startAsFollower
2019-08-22 21:59:16,215 [ForkJoinPool.commonPool-worker-0] INFO  impl.RaftServerImpl (RaftServerImpl.java:setRole(171)) - f78c023a-1fec-49b9-86f3-237f0eaf7fc7:group-B4EF61EDDB35 changes role from null to FOLLOWER at term 1 for startAsFollower
2019-08-22 21:59:16,214 [Datanode State Machine Thread - 0] INFO  impl.RoleInfo (RoleInfo.java:updateAndGet(143)) - 2e202f61-106f-4fc0-98c5-9b0733af38dd: start FollowerState
2019-08-22 21:59:16,215 [ForkJoinPool.commonPool-worker-0] INFO  impl.RoleInfo (RoleInfo.java:updateAndGet(143)) - f78c023a-1fec-49b9-86f3-237f0eaf7fc7: start FollowerState
2019-08-22 21:59:16,215 [Datanode State Machine Thread - 0] INFO  impl.RoleInfo (RoleInfo.java:updateAndGet(143)) - f78c023a-1fec-49b9-86f3-237f0eaf7fc7: start FollowerState
2019-08-22 21:59:16,216 [Datanode State Machine Thread - 0] INFO  util.JmxRegister (JmxRegister.java:tryRegister(44)) - Successfully registered JMX Bean with object name Ratis:service=RaftServer,group=group-ED4B41D4FEBF,id=2e202f61-106f-4fc0-98c5-9b0733af38dd
2019-08-22 21:59:16,216 [ForkJoinPool.commonPool-worker-0] INFO  util.JmxRegister (JmxRegister.java:tryRegister(44)) - Successfully registered JMX Bean with object name Ratis:service=RaftServer,group=group-B4EF61EDDB35,id=f78c023a-1fec-49b9-86f3-237f0eaf7fc7
2019-08-22 21:59:16,217 [Datanode State Machine Thread - 0] INFO  impl.RaftServerImpl (RaftServerImpl.java:start(180)) - 2e202f61-106f-4fc0-98c5-9b0733af38dd: start group-2D7A43DAC0AD
2019-08-22 21:59:16,217 [Datanode State Machine Thread - 0] INFO  util.JmxRegister (JmxRegister.java:tryRegister(44)) - Successfully registered JMX Bean with object name Ratis:service=RaftServer,group=group-ED4B41D4FEBF,id=f78c023a-1fec-49b9-86f3-237f0eaf7fc7
2019-08-22 21:59:16,219 [Datanode State Machine Thread - 0] INFO  impl.RaftServerImpl (RaftServerImpl.java:setRole(171)) - 2e202f61-106f-4fc0-98c5-9b0733af38dd:group-2D7A43DAC0AD changes role from null to FOLLOWER at term 1 for startAsFollower
2019-08-22 21:59:16,221 [Datanode State Machine Thread - 0] INFO  impl.RaftServerProxy (RaftServerProxy.java:lambda$start$3(299)) - f78c023a-1fec-49b9-86f3-237f0eaf7fc7: start RPC server
2019-08-22 21:59:16,221 [Datanode State Machine Thread - 0] INFO  impl.RoleInfo (RoleInfo.java:updateAndGet(143)) - 2e202f61-106f-4fc0-98c5-9b0733af38dd: start FollowerState
2019-08-22 21:59:16,225 [Datanode State Machine Thread - 0] INFO  server.GrpcService (GrpcService.java:startImpl(149)) - a522e26b-37d5-4999-8a0c-362d85073e49: GrpcService started, listening on 0.0.0.0/0.0.0.0:46067
2019-08-22 21:59:16,229 [Datanode State Machine Thread - 0] INFO  util.JmxRegister (JmxRegister.java:tryRegister(44)) - Successfully registered JMX Bean with object name Ratis:service=RaftServer,group=group-2D7A43DAC0AD,id=2e202f61-106f-4fc0-98c5-9b0733af38dd
2019-08-22 21:59:16,229 [Datanode State Machine Thread - 0] INFO  server.GrpcService (GrpcService.java:startImpl(149)) - f78c023a-1fec-49b9-86f3-237f0eaf7fc7: GrpcService started, listening on 0.0.0.0/0.0.0.0:35167
2019-08-22 21:59:16,230 [Datanode State Machine Thread - 0] INFO  impl.RaftServerProxy (RaftServerProxy.java:lambda$start$3(299)) - 2e202f61-106f-4fc0-98c5-9b0733af38dd: start RPC server
2019-08-22 21:59:16,232 [Datanode State Machine Thread - 0] INFO  server.GrpcService (GrpcService.java:startImpl(149)) - 2e202f61-106f-4fc0-98c5-9b0733af38dd: GrpcService started, listening on 0.0.0.0/0.0.0.0:38034
2019-08-22 21:59:16,441 | INFO  | SCMAudit | user=jenkins1000 | ip=192.168.36.125 | op=REGISTER {datanodeDetails=a522e26b-37d5-4999-8a0c-362d85073e49{ip: 192.168.36.125, host: pr-hdds-1975-6rfct-3228563268, networkLocation: /default-rack, certSerialId: null}} | ret=SUCCESS |  
2019-08-22 21:59:16,456 [grpc-default-executor-0] INFO  impl.RaftServerProxy (RaftServerProxy.java:remove(95)) - a522e26b-37d5-4999-8a0c-362d85073e49: remove FOLLOWER group-ED4B41D4FEBF a522e26b-37d5-4999-8a0c-362d85073e49:t1, leader=null, voted=2e202f61-106f-4fc0-98c5-9b0733af38dd, raftlog=a522e26b-37d5-4999-8a0c-362d85073e49-SegmentedRaftLog:OPENED:c-1,f0,i0, conf=0: [2e202f61-106f-4fc0-98c5-9b0733af38dd:192.168.36.125:38034, f78c023a-1fec-49b9-86f3-237f0eaf7fc7:192.168.36.125:35167, a522e26b-37d5-4999-8a0c-362d85073e49:192.168.36.125:46067], old=null RUNNING
2019-08-22 21:59:16,456 [grpc-default-executor-0] INFO  impl.RaftServerImpl (RaftServerImpl.java:lambda$shutdown$3(245)) - a522e26b-37d5-4999-8a0c-362d85073e49: shutdown group-ED4B41D4FEBF
2019-08-22 21:59:16,457 [grpc-default-executor-0] INFO  util.JmxRegister (JmxRegister.java:unregister(73)) - Successfully un-registered JMX Bean with object name Ratis:service=RaftServer,group=group-ED4B41D4FEBF,id=a522e26b-37d5-4999-8a0c-362d85073e49
2019-08-22 21:59:16,457 [grpc-default-executor-0] INFO  impl.RoleInfo (RoleInfo.java:shutdownFollowerState(121)) - a522e26b-37d5-4999-8a0c-362d85073e49: shutdown FollowerState
2019-08-22 21:59:16,457 [grpc-default-executor-0] INFO  impl.StateMachineUpdater (StateMachineUpdater.java:stopAndJoin(115)) - StateMachineUpdater:a522e26b-37d5-4999-8a0c-362d85073e49:group-ED4B41D4FEBF: set stopIndex = -1
2019-08-22 21:59:16,457 [Thread-580] INFO  impl.FollowerState (FollowerState.java:run(114)) - a522e26b-37d5-4999-8a0c-362d85073e49: FollowerState was interrupted: java.lang.InterruptedException: sleep interrupted
2019-08-22 21:59:16,457 [grpc-default-executor-0] INFO  impl.RaftServerImpl (ServerState.java:close(394)) - a522e26b-37d5-4999-8a0c-362d85073e49:group-ED4B41D4FEBF closes. The last applied log index is -1
2019-08-22 21:59:16,459 [a522e26b-37d5-4999-8a0c-362d85073e49-SegmentedRaftLogWorker:Storage Directory /workdir/hadoop-ozone/integration-test/target/test-dir/MiniOzoneClusterImpl-9aa50907-0cd2-4e2d-ac3b-81cb5cb09f60/datanode-1/data/ratis/1bb4c851-c637-4fc8-ad14-ed4b41d4febf] INFO  segmented.SegmentedRaftLogWorker (SegmentedRaftLogWorker.java:run(313)) - a522e26b-37d5-4999-8a0c-362d85073e49-SegmentedRaftLogWorker:Storage Directory /workdir/hadoop-ozone/integration-test/target/test-dir/MiniOzoneClusterImpl-9aa50907-0cd2-4e2d-ac3b-81cb5cb09f60/datanode-1/data/ratis/1bb4c851-c637-4fc8-ad14-ed4b41d4febf was interrupted, exiting. There are 0 tasks remaining in the queue.
2019-08-22 21:59:16,461 [grpc-default-executor-0] INFO  segmented.SegmentedRaftLogWorker (SegmentedRaftLogWorker.java:close(228)) - a522e26b-37d5-4999-8a0c-362d85073e49-SegmentedRaftLogWorker:Storage Directory /workdir/hadoop-ozone/integration-test/target/test-dir/MiniOzoneClusterImpl-9aa50907-0cd2-4e2d-ac3b-81cb5cb09f60/datanode-1/data/ratis/1bb4c851-c637-4fc8-ad14-ed4b41d4febf close()
2019-08-22 21:59:16,845 | INFO  | SCMAudit | user=jenkins1000 | ip=192.168.36.125 | op=REGISTER {datanodeDetails=f78c023a-1fec-49b9-86f3-237f0eaf7fc7{ip: 192.168.36.125, host: pr-hdds-1975-6rfct-3228563268, networkLocation: /default-rack, certSerialId: null}} | ret=SUCCESS |  
2019-08-22 21:59:16,855 [grpc-default-executor-0] INFO  impl.RaftServerProxy (RaftServerProxy.java:remove(95)) - f78c023a-1fec-49b9-86f3-237f0eaf7fc7: remove FOLLOWER group-ED4B41D4FEBF f78c023a-1fec-49b9-86f3-237f0eaf7fc7:t2, leader=null, voted=f78c023a-1fec-49b9-86f3-237f0eaf7fc7, raftlog=f78c023a-1fec-49b9-86f3-237f0eaf7fc7-SegmentedRaftLog:OPENED:c-1,f0,i0, conf=0: [2e202f61-106f-4fc0-98c5-9b0733af38dd:192.168.36.125:38034, f78c023a-1fec-49b9-86f3-237f0eaf7fc7:192.168.36.125:35167, a522e26b-37d5-4999-8a0c-362d85073e49:192.168.36.125:46067], old=null RUNNING
2019-08-22 21:59:16,855 [grpc-default-executor-0] INFO  impl.RaftServerImpl (RaftServerImpl.java:lambda$shutdown$3(245)) - f78c023a-1fec-49b9-86f3-237f0eaf7fc7: shutdown group-ED4B41D4FEBF
2019-08-22 21:59:16,855 [grpc-default-executor-0] INFO  util.JmxRegister (JmxRegister.java:unregister(73)) - Successfully un-registered JMX Bean with object name Ratis:service=RaftServer,group=group-ED4B41D4FEBF,id=f78c023a-1fec-49b9-86f3-237f0eaf7fc7
2019-08-22 21:59:16,856 [grpc-default-executor-0] INFO  impl.RoleInfo (RoleInfo.java:shutdownFollowerState(121)) - f78c023a-1fec-49b9-86f3-237f0eaf7fc7: shutdown FollowerState
2019-08-22 21:59:16,856 [grpc-default-executor-0] INFO  impl.StateMachineUpdater (StateMachineUpdater.java:stopAndJoin(115)) - StateMachineUpdater:f78c023a-1fec-49b9-86f3-237f0eaf7fc7:group-ED4B41D4FEBF: set stopIndex = -1
2019-08-22 21:59:16,856 [Thread-585] INFO  impl.FollowerState (FollowerState.java:run(114)) - f78c023a-1fec-49b9-86f3-237f0eaf7fc7: FollowerState was interrupted: java.lang.InterruptedException: sleep interrupted
2019-08-22 21:59:16,856 [grpc-default-executor-0] INFO  impl.RaftServerImpl (ServerState.java:close(394)) - f78c023a-1fec-49b9-86f3-237f0eaf7fc7:group-ED4B41D4FEBF closes. The last applied log index is -1
2019-08-22 21:59:16,858 [f78c023a-1fec-49b9-86f3-237f0eaf7fc7-SegmentedRaftLogWorker:Storage Directory /workdir/hadoop-ozone/integration-test/target/test-dir/MiniOzoneClusterImpl-9aa50907-0cd2-4e2d-ac3b-81cb5cb09f60/datanode-2/data/ratis/1bb4c851-c637-4fc8-ad14-ed4b41d4febf] INFO  segmented.SegmentedRaftLogWorker (SegmentedRaftLogWorker.java:run(313)) - f78c023a-1fec-49b9-86f3-237f0eaf7fc7-SegmentedRaftLogWorker:Storage Directory /workdir/hadoop-ozone/integration-test/target/test-dir/MiniOzoneClusterImpl-9aa50907-0cd2-4e2d-ac3b-81cb5cb09f60/datanode-2/data/ratis/1bb4c851-c637-4fc8-ad14-ed4b41d4febf was interrupted, exiting. There are 0 tasks remaining in the queue.
2019-08-22 21:59:16,859 [grpc-default-executor-0] INFO  segmented.SegmentedRaftLogWorker (SegmentedRaftLogWorker.java:close(228)) - f78c023a-1fec-49b9-86f3-237f0eaf7fc7-SegmentedRaftLogWorker:Storage Directory /workdir/hadoop-ozone/integration-test/target/test-dir/MiniOzoneClusterImpl-9aa50907-0cd2-4e2d-ac3b-81cb5cb09f60/datanode-2/data/ratis/1bb4c851-c637-4fc8-ad14-ed4b41d4febf close()
2019-08-22 21:59:18,214 | INFO  | SCMAudit | user=jenkins1000 | ip=192.168.36.125 | op=REGISTER {datanodeDetails=2e202f61-106f-4fc0-98c5-9b0733af38dd{ip: 192.168.36.125, host: pr-hdds-1975-6rfct-3228563268, networkLocation: /default-rack, certSerialId: null}} | ret=SUCCESS |  
2019-08-22 21:59:18,225 [grpc-default-executor-0] INFO  impl.RaftServerProxy (RaftServerProxy.java:remove(95)) - 2e202f61-106f-4fc0-98c5-9b0733af38dd: remove FOLLOWER group-ED4B41D4FEBF 2e202f61-106f-4fc0-98c5-9b0733af38dd:t1, leader=null, voted=2e202f61-106f-4fc0-98c5-9b0733af38dd, raftlog=2e202f61-106f-4fc0-98c5-9b0733af38dd-SegmentedRaftLog:OPENED:c-1,f0,i0, conf=0: [2e202f61-106f-4fc0-98c5-9b0733af38dd:192.168.36.125:38034, f78c023a-1fec-49b9-86f3-237f0eaf7fc7:192.168.36.125:35167, a522e26b-37d5-4999-8a0c-362d85073e49:192.168.36.125:46067], old=null RUNNING
2019-08-22 21:59:18,226 [grpc-default-executor-0] INFO  impl.RaftServerImpl (RaftServerImpl.java:lambda$shutdown$3(245)) - 2e202f61-106f-4fc0-98c5-9b0733af38dd: shutdown group-ED4B41D4FEBF
2019-08-22 21:59:18,226 [grpc-default-executor-0] INFO  util.JmxRegister (JmxRegister.java:unregister(73)) - Successfully un-registered JMX Bean with object name Ratis:service=RaftServer,group=group-ED4B41D4FEBF,id=2e202f61-106f-4fc0-98c5-9b0733af38dd
2019-08-22 21:59:18,226 [grpc-default-executor-0] INFO  impl.RoleInfo (RoleInfo.java:shutdownFollowerState(121)) - 2e202f61-106f-4fc0-98c5-9b0733af38dd: shutdown FollowerState
2019-08-22 21:59:18,227 [grpc-default-executor-0] INFO  impl.StateMachineUpdater (StateMachineUpdater.java:stopAndJoin(115)) - StateMachineUpdater:2e202f61-106f-4fc0-98c5-9b0733af38dd:group-ED4B41D4FEBF: set stopIndex = -1
2019-08-22 21:59:18,227 [Thread-584] INFO  impl.FollowerState (FollowerState.java:run(114)) - 2e202f61-106f-4fc0-98c5-9b0733af38dd: FollowerState was interrupted: java.lang.InterruptedException: sleep interrupted
2019-08-22 21:59:18,227 [grpc-default-executor-0] INFO  impl.RaftServerImpl (ServerState.java:close(394)) - 2e202f61-106f-4fc0-98c5-9b0733af38dd:group-ED4B41D4FEBF closes. The last applied log index is -1
2019-08-22 21:59:18,228 [2e202f61-106f-4fc0-98c5-9b0733af38dd-SegmentedRaftLogWorker:Storage Directory /workdir/hadoop-ozone/integration-test/target/test-dir/MiniOzoneClusterImpl-9aa50907-0cd2-4e2d-ac3b-81cb5cb09f60/datanode-0/data/ratis/1bb4c851-c637-4fc8-ad14-ed4b41d4febf] INFO  segmented.SegmentedRaftLogWorker (SegmentedRaftLogWorker.java:run(313)) - 2e202f61-106f-4fc0-98c5-9b0733af38dd-SegmentedRaftLogWorker:Storage Directory /workdir/hadoop-ozone/integration-test/target/test-dir/MiniOzoneClusterImpl-9aa50907-0cd2-4e2d-ac3b-81cb5cb09f60/datanode-0/data/ratis/1bb4c851-c637-4fc8-ad14-ed4b41d4febf was interrupted, exiting. There are 0 tasks remaining in the queue.
2019-08-22 21:59:18,230 [grpc-default-executor-0] INFO  segmented.SegmentedRaftLogWorker (SegmentedRaftLogWorker.java:close(228)) - 2e202f61-106f-4fc0-98c5-9b0733af38dd-SegmentedRaftLogWorker:Storage Directory /workdir/hadoop-ozone/integration-test/target/test-dir/MiniOzoneClusterImpl-9aa50907-0cd2-4e2d-ac3b-81cb5cb09f60/datanode-0/data/ratis/1bb4c851-c637-4fc8-ad14-ed4b41d4febf close()
2019-08-22 21:59:18,435 | INFO  | SCMAudit | user=jenkins1000 | ip=192.168.36.125 | op=SEND_HEARTBEAT {datanodeUUID=a522e26b-37d5-4999-8a0c-362d85073e49, command=[]} | ret=SUCCESS |  
2019-08-22 21:59:18,844 | INFO  | SCMAudit | user=jenkins1000 | ip=192.168.36.125 | op=SEND_HEARTBEAT {datanodeUUID=f78c023a-1fec-49b9-86f3-237f0eaf7fc7, command=[]} | ret=SUCCESS |  
2019-08-22 21:59:19,065 [grpc-default-executor-0] INFO  impl.RaftServerProxy (RaftServerProxy.java:addNew(89)) - f78c023a-1fec-49b9-86f3-237f0eaf7fc7: addNew group-679A539EF65F:[f78c023a-1fec-49b9-86f3-237f0eaf7fc7:192.168.36.125:35167] returns group-679A539EF65F:java.util.concurrent.CompletableFuture@6f1e9052[Not completed]
2019-08-22 21:59:19,067 [pool-170-thread-1] INFO  impl.RaftServerImpl (RaftServerImpl.java:<init>(93)) - f78c023a-1fec-49b9-86f3-237f0eaf7fc7: new RaftServerImpl for group-679A539EF65F:[f78c023a-1fec-49b9-86f3-237f0eaf7fc7:192.168.36.125:35167] with ContainerStateMachine:uninitialized
2019-08-22 21:59:19,068 [pool-170-thread-1] INFO  server.RaftServerConfigKeys (ConfUtils.java:logGet(43)) - raft.server.rpc.timeout.min = 5s (custom)
2019-08-22 21:59:19,068 [pool-170-thread-1] INFO  server.RaftServerConfigKeys (ConfUtils.java:logGet(43)) - raft.server.rpc.timeout.max = 5200ms (custom)
2019-08-22 21:59:19,068 [pool-170-thread-1] INFO  server.RaftServerConfigKeys (ConfUtils.java:logGet(43)) - raft.server.rpcslowness.timeout = 120s (custom)
2019-08-22 21:59:19,068 [pool-170-thread-1] INFO  server.RaftServerConfigKeys (ConfUtils.java:logGet(43)) - raft.server.sleep.deviation.threshold = 300 (default)
2019-08-22 21:59:19,068 [pool-170-thread-1] INFO  server.RaftServerConfigKeys (ConfUtils.java:logGet(43)) - raft.server.log.appender.install.snapshot.enabled = false (custom)
2019-08-22 21:59:19,068 [pool-170-thread-1] INFO  impl.RaftServerImpl (ServerState.java:<init>(105)) - f78c023a-1fec-49b9-86f3-237f0eaf7fc7:group-679A539EF65F ConfigurationManager, init=-1: [f78c023a-1fec-49b9-86f3-237f0eaf7fc7:192.168.36.125:35167], old=null, confs=<EMPTY_MAP>
2019-08-22 21:59:19,069 [pool-170-thread-1] INFO  server.RaftServerConfigKeys (ConfUtils.java:logGet(43)) - raft.server.storage.dir = [/workdir/hadoop-ozone/integration-test/target/test-dir/MiniOzoneClusterImpl-9aa50907-0cd2-4e2d-ac3b-81cb5cb09f60/datanode-2/data/ratis] (custom)
2019-08-22 21:59:19,069 [pool-170-thread-1] INFO  storage.RaftStorageDirectory (RaftStorageDirectory.java:analyzeStorage(246)) - The storage directory /workdir/hadoop-ozone/integration-test/target/test-dir/MiniOzoneClusterImpl-9aa50907-0cd2-4e2d-ac3b-81cb5cb09f60/datanode-2/data/ratis/416fcecb-a18b-4bc0-9695-679a539ef65f does not exist. Creating ...
2019-08-22 21:59:19,087 [pool-170-thread-1] INFO  storage.RaftStorageDirectory (RaftStorageDirectory.java:tryLock(328)) - Lock on /workdir/hadoop-ozone/integration-test/target/test-dir/MiniOzoneClusterImpl-9aa50907-0cd2-4e2d-ac3b-81cb5cb09f60/datanode-2/data/ratis/416fcecb-a18b-4bc0-9695-679a539ef65f/in_use.lock acquired by nodename 4930@pr-hdds-1975-6rfct-3228563268
2019-08-22 21:59:19,111 [pool-170-thread-1] INFO  storage.RaftStorage (RaftStorage.java:format(72)) - Storage directory /workdir/hadoop-ozone/integration-test/target/test-dir/MiniOzoneClusterImpl-9aa50907-0cd2-4e2d-ac3b-81cb5cb09f60/datanode-2/data/ratis/416fcecb-a18b-4bc0-9695-679a539ef65f has been successfully formatted.
2019-08-22 21:59:19,112 [pool-170-thread-1] INFO  ratis.ContainerStateMachine (ContainerStateMachine.java:loadSnapshot(226)) - group-679A539EF65F: The snapshot info is null. Setting the last applied indexto:(t:0, i:~)
2019-08-22 21:59:19,112 [pool-170-thread-1] INFO  server.RaftServerConfigKeys (ConfUtils.java:logGet(43)) - raft.server.leader.election.timeout = 120s (custom)
2019-08-22 21:59:19,112 [pool-170-thread-1] INFO  server.RaftServerConfigKeys (ConfUtils.java:logGet(43)) - raft.server.log.use.memory = false (default)
2019-08-22 21:59:19,112 [pool-170-thread-1] INFO  server.RaftServerConfigKeys (ConfUtils.java:logGet(43)) - raft.server.log.purge.gap = 1000000 (custom)
2019-08-22 21:59:19,112 [pool-170-thread-1] INFO  server.RaftServerConfigKeys (ConfUtils.java:logGet(43)) - raft.server.log.appender.buffer.byte-limit = 33554432 (custom)
2019-08-22 21:59:19,112 [pool-170-thread-1] INFO  server.RaftServerConfigKeys (ConfUtils.java:logGet(43)) - raft.server.log.segment.size.max = 1048576 (custom)
2019-08-22 21:59:19,113 [pool-170-thread-1] INFO  server.RaftServerConfigKeys (ConfUtils.java:logGet(43)) - raft.server.log.segment.cache.num.max = 2 (custom)
2019-08-22 21:59:19,113 [pool-170-thread-1] INFO  segmented.SegmentedRaftLogWorker (SegmentedRaftLogWorker.java:<init>(172)) - new f78c023a-1fec-49b9-86f3-237f0eaf7fc7-SegmentedRaftLogWorker:Storage Directory /workdir/hadoop-ozone/integration-test/target/test-dir/MiniOzoneClusterImpl-9aa50907-0cd2-4e2d-ac3b-81cb5cb09f60/datanode-2/data/ratis/416fcecb-a18b-4bc0-9695-679a539ef65f for RaftStorage:Storage Directory /workdir/hadoop-ozone/integration-test/target/test-dir/MiniOzoneClusterImpl-9aa50907-0cd2-4e2d-ac3b-81cb5cb09f60/datanode-2/data/ratis/416fcecb-a18b-4bc0-9695-679a539ef65f
2019-08-22 21:59:19,113 [pool-170-thread-1] INFO  server.RaftServerConfigKeys (ConfUtils.java:logGet(43)) - raft.server.log.queue.byte-limit = 2147483647 (custom)
2019-08-22 21:59:19,113 [pool-170-thread-1] INFO  server.RaftServerConfigKeys (ConfUtils.java:logGet(43)) - raft.server.log.queue.element-limit = 1024 (custom)
2019-08-22 21:59:19,114 [pool-170-thread-1] INFO  server.RaftServerConfigKeys (ConfUtils.java:logGet(43)) - raft.server.log.segment.size.max = 1048576 (custom)
2019-08-22 21:59:19,114 [pool-170-thread-1] INFO  server.RaftServerConfigKeys (ConfUtils.java:logGet(43)) - raft.server.log.preallocated.size = 16384 (custom)
2019-08-22 21:59:19,114 [pool-170-thread-1] INFO  server.RaftServerConfigKeys (ConfUtils.java:logGet(43)) - raft.server.log.write.buffer.size = 33554432 (custom)
2019-08-22 21:59:19,114 [pool-170-thread-1] INFO  server.RaftServerConfigKeys (ConfUtils.java:logGet(43)) - raft.server.log.force.sync.num = 128 (default)
2019-08-22 21:59:19,114 [pool-170-thread-1] INFO  server.RaftServerConfigKeys (ConfUtils.java:logGet(43)) - raft.server.log.statemachine.data.sync = true (default)
2019-08-22 21:59:19,114 [pool-170-thread-1] INFO  server.RaftServerConfigKeys (ConfUtils.java:logGet(43)) - raft.server.log.statemachine.data.sync.timeout = 10s (default)
2019-08-22 21:59:19,114 [pool-170-thread-1] INFO  server.RaftServerConfigKeys (ConfUtils.java:logGet(43)) - raft.server.log.statemachine.data.sync.timeout.retry = -1 (default)
2019-08-22 21:59:19,115 [pool-170-thread-1] INFO  server.RaftServerConfigKeys (ConfUtils.java:logGet(43)) - raft.server.log.statemachine.data.caching.enabled = true (custom)
2019-08-22 21:59:19,115 [pool-170-thread-1] INFO  segmented.SegmentedRaftLogWorker (SegmentedRaftLogWorker.java:lambda$new$0(132)) - f78c023a-1fec-49b9-86f3-237f0eaf7fc7-SegmentedRaftLogWorker:Storage Directory /workdir/hadoop-ozone/integration-test/target/test-dir/MiniOzoneClusterImpl-9aa50907-0cd2-4e2d-ac3b-81cb5cb09f60/datanode-2/data/ratis/416fcecb-a18b-4bc0-9695-679a539ef65f: flushIndex: setUnconditionally 0 -> -1
2019-08-22 21:59:19,115 [pool-170-thread-1] INFO  server.RaftServerConfigKeys (ConfUtils.java:logGet(43)) - raft.server.snapshot.auto.trigger.enabled = true (custom)
2019-08-22 21:59:19,116 [pool-170-thread-1] INFO  server.RaftServerConfigKeys (ConfUtils.java:logGet(43)) - raft.server.snapshot.auto.trigger.threshold = 10000 (custom)
2019-08-22 21:59:19,116 [pool-170-thread-1] INFO  server.RaftServerConfigKeys (ConfUtils.java:logGet(43)) - raft.server.retrycache.expirytime = 600000ms (custom)
2019-08-22 21:59:19,116 [pool-170-thread-1] INFO  impl.RaftServerImpl (RaftServerImpl.java:start(180)) - f78c023a-1fec-49b9-86f3-237f0eaf7fc7: start group-679A539EF65F
2019-08-22 21:59:19,116 [pool-170-thread-1] INFO  impl.RaftServerImpl (RaftServerImpl.java:setRole(171)) - f78c023a-1fec-49b9-86f3-237f0eaf7fc7:group-679A539EF65F changes role from null to FOLLOWER at term 0 for startAsFollower
2019-08-22 21:59:19,116 [pool-170-thread-1] INFO  impl.RoleInfo (RoleInfo.java:updateAndGet(143)) - f78c023a-1fec-49b9-86f3-237f0eaf7fc7: start FollowerState
2019-08-22 21:59:19,117 [pool-170-thread-1] INFO  util.JmxRegister (JmxRegister.java:tryRegister(44)) - Successfully registered JMX Bean with object name Ratis:service=RaftServer,group=group-679A539EF65F,id=f78c023a-1fec-49b9-86f3-237f0eaf7fc7
2019-08-22 21:59:19,121 [RatisPipelineUtilsThread] INFO  pipeline.PipelineStateManager (PipelineStateManager.java:addPipeline(56)) - Created pipeline Pipeline[ Id: 416fcecb-a18b-4bc0-9695-679a539ef65f, Nodes: f78c023a-1fec-49b9-86f3-237f0eaf7fc7{ip: 192.168.36.125, host: pr-hdds-1975-6rfct-3228563268, networkLocation: /default-rack, certSerialId: null}, Type:RATIS, Factor:ONE, State:OPEN]
2019-08-22 21:59:19,131 [grpc-default-executor-0] INFO  impl.RaftServerProxy (RaftServerProxy.java:addNew(89)) - a522e26b-37d5-4999-8a0c-362d85073e49: addNew group-8B1C5B98D3FC:[a522e26b-37d5-4999-8a0c-362d85073e49:192.168.36.125:46067] returns group-8B1C5B98D3FC:java.util.concurrent.CompletableFuture@3e2554be[Not completed]
2019-08-22 21:59:19,132 [pool-159-thread-1] INFO  impl.RaftServerImpl (RaftServerImpl.java:<init>(93)) - a522e26b-37d5-4999-8a0c-362d85073e49: new RaftServerImpl for group-8B1C5B98D3FC:[a522e26b-37d5-4999-8a0c-362d85073e49:192.168.36.125:46067] with ContainerStateMachine:uninitialized
2019-08-22 21:59:19,132 [pool-159-thread-1] INFO  server.RaftServerConfigKeys (ConfUtils.java:logGet(43)) - raft.server.rpc.timeout.min = 5s (custom)
2019-08-22 21:59:19,132 [pool-159-thread-1] INFO  server.RaftServerConfigKeys (ConfUtils.java:logGet(43)) - raft.server.rpc.timeout.max = 5200ms (custom)
2019-08-22 21:59:19,132 [pool-159-thread-1] INFO  server.RaftServerConfigKeys (ConfUtils.java:logGet(43)) - raft.server.rpcslowness.timeout = 120s (custom)
2019-08-22 21:59:19,132 [pool-159-thread-1] INFO  server.RaftServerConfigKeys (ConfUtils.java:logGet(43)) - raft.server.sleep.deviation.threshold = 300 (default)
2019-08-22 21:59:19,132 [pool-159-thread-1] INFO  server.RaftServerConfigKeys (ConfUtils.java:logGet(43)) - raft.server.log.appender.install.snapshot.enabled = false (custom)
2019-08-22 21:59:19,132 [pool-159-thread-1] INFO  impl.RaftServerImpl (ServerState.java:<init>(105)) - a522e26b-37d5-4999-8a0c-362d85073e49:group-8B1C5B98D3FC ConfigurationManager, init=-1: [a522e26b-37d5-4999-8a0c-362d85073e49:192.168.36.125:46067], old=null, confs=<EMPTY_MAP>
2019-08-22 21:59:19,133 [pool-159-thread-1] INFO  server.RaftServerConfigKeys (ConfUtils.java:logGet(43)) - raft.server.storage.dir = [/workdir/hadoop-ozone/integration-test/target/test-dir/MiniOzoneClusterImpl-9aa50907-0cd2-4e2d-ac3b-81cb5cb09f60/datanode-1/data/ratis] (custom)
2019-08-22 21:59:19,133 [pool-159-thread-1] INFO  storage.RaftStorageDirectory (RaftStorageDirectory.java:analyzeStorage(246)) - The storage directory /workdir/hadoop-ozone/integration-test/target/test-dir/MiniOzoneClusterImpl-9aa50907-0cd2-4e2d-ac3b-81cb5cb09f60/datanode-1/data/ratis/d5e9edee-356c-46e8-b3fc-8b1c5b98d3fc does not exist. Creating ...
2019-08-22 21:59:19,150 [pool-159-thread-1] INFO  storage.RaftStorageDirectory (RaftStorageDirectory.java:tryLock(328)) - Lock on /workdir/hadoop-ozone/integration-test/target/test-dir/MiniOzoneClusterImpl-9aa50907-0cd2-4e2d-ac3b-81cb5cb09f60/datanode-1/data/ratis/d5e9edee-356c-46e8-b3fc-8b1c5b98d3fc/in_use.lock acquired by nodename 4930@pr-hdds-1975-6rfct-3228563268
2019-08-22 21:59:19,163 [pool-159-thread-1] INFO  storage.RaftStorage (RaftStorage.java:format(72)) - Storage directory /workdir/hadoop-ozone/integration-test/target/test-dir/MiniOzoneClusterImpl-9aa50907-0cd2-4e2d-ac3b-81cb5cb09f60/datanode-1/data/ratis/d5e9edee-356c-46e8-b3fc-8b1c5b98d3fc has been successfully formatted.
2019-08-22 21:59:19,164 [pool-159-thread-1] INFO  ratis.ContainerStateMachine (ContainerStateMachine.java:loadSnapshot(226)) - group-8B1C5B98D3FC: The snapshot info is null. Setting the last applied indexto:(t:0, i:~)
2019-08-22 21:59:19,164 [pool-159-thread-1] INFO  server.RaftServerConfigKeys (ConfUtils.java:logGet(43)) - raft.server.leader.election.timeout = 120s (custom)
2019-08-22 21:59:19,164 [pool-159-thread-1] INFO  server.RaftServerConfigKeys (ConfUtils.java:logGet(43)) - raft.server.log.use.memory = false (default)
2019-08-22 21:59:19,164 [pool-159-thread-1] INFO  server.RaftServerConfigKeys (ConfUtils.java:logGet(43)) - raft.server.log.purge.gap = 1000000 (custom)
2019-08-22 21:59:19,164 [pool-159-thread-1] INFO  server.RaftServerConfigKeys (ConfUtils.java:logGet(43)) - raft.server.log.appender.buffer.byte-limit = 33554432 (custom)
2019-08-22 21:59:19,164 [pool-159-thread-1] INFO  server.RaftServerConfigKeys (ConfUtils.java:logGet(43)) - raft.server.log.segment.size.max = 1048576 (custom)
2019-08-22 21:59:19,165 [pool-159-thread-1] INFO  server.RaftServerConfigKeys (ConfUtils.java:logGet(43)) - raft.server.log.segment.cache.num.max = 2 (custom)
2019-08-22 21:59:19,165 [pool-159-thread-1] INFO  segmented.SegmentedRaftLogWorker (SegmentedRaftLogWorker.java:<init>(172)) - new a522e26b-37d5-4999-8a0c-362d85073e49-SegmentedRaftLogWorker:Storage Directory /workdir/hadoop-ozone/integration-test/target/test-dir/MiniOzoneClusterImpl-9aa50907-0cd2-4e2d-ac3b-81cb5cb09f60/datanode-1/data/ratis/d5e9edee-356c-46e8-b3fc-8b1c5b98d3fc for RaftStorage:Storage Directory /workdir/hadoop-ozone/integration-test/target/test-dir/MiniOzoneClusterImpl-9aa50907-0cd2-4e2d-ac3b-81cb5cb09f60/datanode-1/data/ratis/d5e9edee-356c-46e8-b3fc-8b1c5b98d3fc
2019-08-22 21:59:19,165 [pool-159-thread-1] INFO  server.RaftServerConfigKeys (ConfUtils.java:logGet(43)) - raft.server.log.queue.byte-limit = 2147483647 (custom)
2019-08-22 21:59:19,165 [pool-159-thread-1] INFO  server.RaftServerConfigKeys (ConfUtils.java:logGet(43)) - raft.server.log.queue.element-limit = 1024 (custom)
2019-08-22 21:59:19,165 [pool-159-thread-1] INFO  server.RaftServerConfigKeys (ConfUtils.java:logGet(43)) - raft.server.log.segment.size.max = 1048576 (custom)
2019-08-22 21:59:19,165 [pool-159-thread-1] INFO  server.RaftServerConfigKeys (ConfUtils.java:logGet(43)) - raft.server.log.preallocated.size = 16384 (custom)
2019-08-22 21:59:19,165 [pool-159-thread-1] INFO  server.RaftServerConfigKeys (ConfUtils.java:logGet(43)) - raft.server.log.write.buffer.size = 33554432 (custom)
2019-08-22 21:59:19,165 [pool-159-thread-1] INFO  server.RaftServerConfigKeys (ConfUtils.java:logGet(43)) - raft.server.log.force.sync.num = 128 (default)
2019-08-22 21:59:19,165 [pool-159-thread-1] INFO  server.RaftServerConfigKeys (ConfUtils.java:logGet(43)) - raft.server.log.statemachine.data.sync = true (default)
2019-08-22 21:59:19,165 [pool-159-thread-1] INFO  server.RaftServerConfigKeys (ConfUtils.java:logGet(43)) - raft.server.log.statemachine.data.sync.timeout = 10s (default)
2019-08-22 21:59:19,166 [pool-159-thread-1] INFO  server.RaftServerConfigKeys (ConfUtils.java:logGet(43)) - raft.server.log.statemachine.data.sync.timeout.retry = -1 (default)
2019-08-22 21:59:19,166 [pool-159-thread-1] INFO  server.RaftServerConfigKeys (ConfUtils.java:logGet(43)) - raft.server.log.statemachine.data.caching.enabled = true (custom)
2019-08-22 21:59:19,166 [pool-159-thread-1] INFO  segmented.SegmentedRaftLogWorker (SegmentedRaftLogWorker.java:lambda$new$0(132)) - a522e26b-37d5-4999-8a0c-362d85073e49-SegmentedRaftLogWorker:Storage Directory /workdir/hadoop-ozone/integration-test/target/test-dir/MiniOzoneClusterImpl-9aa50907-0cd2-4e2d-ac3b-81cb5cb09f60/datanode-1/data/ratis/d5e9edee-356c-46e8-b3fc-8b1c5b98d3fc: flushIndex: setUnconditionally 0 -> -1
2019-08-22 21:59:19,166 [pool-159-thread-1] INFO  server.RaftServerConfigKeys (ConfUtils.java:logGet(43)) - raft.server.snapshot.auto.trigger.enabled = true (custom)
2019-08-22 21:59:19,166 [pool-159-thread-1] INFO  server.RaftServerConfigKeys (ConfUtils.java:logGet(43)) - raft.server.snapshot.auto.trigger.threshold = 10000 (custom)
2019-08-22 21:59:19,166 [pool-159-thread-1] INFO  server.RaftServerConfigKeys (ConfUtils.java:logGet(43)) - raft.server.retrycache.expirytime = 600000ms (custom)
2019-08-22 21:59:19,167 [pool-159-thread-1] INFO  impl.RaftServerImpl (RaftServerImpl.java:start(180)) - a522e26b-37d5-4999-8a0c-362d85073e49: start group-8B1C5B98D3FC
2019-08-22 21:59:19,167 [pool-159-thread-1] INFO  impl.RaftServerImpl (RaftServerImpl.java:setRole(171)) - a522e26b-37d5-4999-8a0c-362d85073e49:group-8B1C5B98D3FC changes role from null to FOLLOWER at term 0 for startAsFollower
2019-08-22 21:59:19,167 [pool-159-thread-1] INFO  impl.RoleInfo (RoleInfo.java:updateAndGet(143)) - a522e26b-37d5-4999-8a0c-362d85073e49: start FollowerState
2019-08-22 21:59:19,167 [pool-159-thread-1] INFO  util.JmxRegister (JmxRegister.java:tryRegister(44)) - Successfully registered JMX Bean with object name Ratis:service=RaftServer,group=group-8B1C5B98D3FC,id=a522e26b-37d5-4999-8a0c-362d85073e49
2019-08-22 21:59:19,172 [RatisPipelineUtilsThread] INFO  pipeline.PipelineStateManager (PipelineStateManager.java:addPipeline(56)) - Created pipeline Pipeline[ Id: d5e9edee-356c-46e8-b3fc-8b1c5b98d3fc, Nodes: a522e26b-37d5-4999-8a0c-362d85073e49{ip: 192.168.36.125, host: pr-hdds-1975-6rfct-3228563268, networkLocation: /default-rack, certSerialId: null}, Type:RATIS, Factor:ONE, State:OPEN]
2019-08-22 21:59:19,436 | INFO  | SCMAudit | user=jenkins1000 | ip=192.168.36.125 | op=SEND_HEARTBEAT {datanodeUUID=a522e26b-37d5-4999-8a0c-362d85073e49, command=[]} | ret=SUCCESS |  
2019-08-22 21:59:19,742 [main] INFO  ozone.MiniOzoneClusterImpl (MiniOzoneClusterImpl.java:shutdown(321)) - Shutting down the Mini Ozone Cluster
2019-08-22 21:59:19,742 | INFO  | SCMAudit | user=null | ip=null | op=GET_SCM_INFO null | ret=SUCCESS |  
2019-08-22 21:59:19,742 [main] INFO  ozone.MiniOzoneClusterImpl (MiniOzoneClusterImpl.java:stop(336)) - Stopping the Mini Ozone Cluster
2019-08-22 21:59:19,742 [main] INFO  ozone.MiniOzoneClusterImpl (MiniOzoneClusterImpl.java:stop(338)) - Stopping the OzoneManager
2019-08-22 21:59:19,744 [main] INFO  ipc.Server (Server.java:stop(3082)) - Stopping server on 33817
2019-08-22 21:59:19,750 [main] INFO  ratis.OzoneManagerDoubleBuffer (OzoneManagerDoubleBuffer.java:stop(248)) - Stopping OMDoubleBuffer flush thread
2019-08-22 21:59:19,752 [IPC Server listener on 33817] INFO  ipc.Server (Server.java:run(1185)) - Stopping IPC Server listener on 33817
2019-08-22 21:59:19,752 [IPC Server Responder] INFO  ipc.Server (Server.java:run(1319)) - Stopping IPC Server Responder
2019-08-22 21:59:19,758 [OMDoubleBufferFlushThread] INFO  ratis.OzoneManagerDoubleBuffer (OzoneManagerDoubleBuffer.java:flushTransactions(191)) - OMDoubleBuffer flush thread OMDoubleBufferFlushThread is interrupted and will exit. OMDoubleBufferFlushThread
2019-08-22 21:59:19,762 [main] INFO  utils.BackgroundService (BackgroundService.java:shutdown(148)) - Shutting down service KeyDeletingService
2019-08-22 21:59:19,771 [main] INFO  handler.ContextHandler (ContextHandler.java:doStop(910)) - Stopped o.e.j.w.WebAppContext@11bd136a{/,null,UNAVAILABLE}{/ozoneManager}
2019-08-22 21:59:19,771 [main] INFO  server.AbstractConnector (AbstractConnector.java:doStop(318)) - Stopped ServerConnector@51dcd328{HTTP/1.1,[http/1.1]}{0.0.0.0:0}
2019-08-22 21:59:19,772 [main] INFO  handler.ContextHandler (ContextHandler.java:doStop(910)) - Stopped o.e.j.s.ServletContextHandler@214e3c4f{/static,file:///workdir/hadoop-ozone/integration-test/target/test-classes/webapps/static,UNAVAILABLE}
2019-08-22 21:59:19,773 [main] INFO  handler.ContextHandler (ContextHandler.java:doStop(910)) - Stopped o.e.j.s.ServletContextHandler@1f3003f1{/logs,file:///workdir/hadoop-ozone/integration-test/target/log,UNAVAILABLE}
2019-08-22 21:59:19,776 [main] INFO  ozone.MiniOzoneClusterImpl (MiniOzoneClusterImpl.java:stop(344)) - Shutting the HddsDatanodes
2019-08-22 21:59:19,776 [main] INFO  datanode.ObjectStoreHandler (ObjectStoreHandler.java:close(155)) - Closing ObjectStoreHandler.
2019-08-22 21:59:19,776 [ForkJoinPool.commonPool-worker-1] INFO  datanode.ObjectStoreHandler (ObjectStoreHandler.java:close(155)) - Closing ObjectStoreHandler.
2019-08-22 21:59:19,777 [main] INFO  ozone.HddsDatanodeService (HddsDatanodeService.java:stop(451)) - Stopped plug-in org.apache.hadoop.ozone.web.OzoneHddsDatanodeService@60bc4642
2019-08-22 21:59:19,777 [ForkJoinPool.commonPool-worker-1] INFO  ozone.HddsDatanodeService (HddsDatanodeService.java:stop(451)) - Stopped plug-in org.apache.hadoop.ozone.web.OzoneHddsDatanodeService@47dc9fc1
2019-08-22 21:59:19,844 | INFO  | SCMAudit | user=jenkins1000 | ip=192.168.36.125 | op=SEND_HEARTBEAT {datanodeUUID=f78c023a-1fec-49b9-86f3-237f0eaf7fc7, command=[]} | ret=SUCCESS |  
2019-08-22 21:59:20,212 [Datanode State Machine Thread - 0] INFO  statemachine.DatanodeStateMachine (DatanodeStateMachine.java:lambda$startDaemon$0(350)) - Ozone container server started.
2019-08-22 21:59:20,435 [Datanode State Machine Thread - 0] INFO  statemachine.DatanodeStateMachine (DatanodeStateMachine.java:lambda$startDaemon$0(350)) - Ozone container server started.
2019-08-22 21:59:20,844 | INFO  | SCMAudit | user=jenkins1000 | ip=192.168.36.125 | op=SEND_HEARTBEAT {datanodeUUID=f78c023a-1fec-49b9-86f3-237f0eaf7fc7, command=[]} | ret=SUCCESS |  
2019-08-22 21:59:21,266 [Thread-587] INFO  impl.FollowerState (FollowerState.java:run(106)) - 2e202f61-106f-4fc0-98c5-9b0733af38dd:group-2D7A43DAC0AD changes to CANDIDATE, lastRpcTime:5045, electionTimeout:5037ms
2019-08-22 21:59:21,266 [Thread-587] INFO  impl.RoleInfo (RoleInfo.java:shutdownFollowerState(121)) - 2e202f61-106f-4fc0-98c5-9b0733af38dd: shutdown FollowerState
2019-08-22 21:59:21,266 [Thread-587] INFO  impl.RaftServerImpl (RaftServerImpl.java:setRole(171)) - 2e202f61-106f-4fc0-98c5-9b0733af38dd:group-2D7A43DAC0AD changes role from FOLLOWER to CANDIDATE at term 1 for changeToCandidate
2019-08-22 21:59:21,266 [Thread-587] INFO  impl.RoleInfo (RoleInfo.java:updateAndGet(143)) - 2e202f61-106f-4fc0-98c5-9b0733af38dd: start LeaderElection
2019-08-22 21:59:21,286 [2e202f61-106f-4fc0-98c5-9b0733af38dd:group-2D7A43DAC0AD:LeaderElection19] INFO  impl.LeaderElection (LeaderElection.java:askForVotes(181)) - 2e202f61-106f-4fc0-98c5-9b0733af38dd:group-2D7A43DAC0AD:LeaderElection19: begin an election at term 2 for 0: [2e202f61-106f-4fc0-98c5-9b0733af38dd:192.168.36.125:38034], old=null
2019-08-22 21:59:21,287 [2e202f61-106f-4fc0-98c5-9b0733af38dd:group-2D7A43DAC0AD:LeaderElection19] INFO  impl.RoleInfo (RoleInfo.java:shutdownLeaderElection(134)) - 2e202f61-106f-4fc0-98c5-9b0733af38dd: shutdown LeaderElection
2019-08-22 21:59:21,287 [2e202f61-106f-4fc0-98c5-9b0733af38dd:group-2D7A43DAC0AD:LeaderElection19] INFO  impl.RaftServerImpl (RaftServerImpl.java:setRole(171)) - 2e202f61-106f-4fc0-98c5-9b0733af38dd:group-2D7A43DAC0AD changes role from CANDIDATE to LEADER at term 2 for changeToLeader
2019-08-22 21:59:21,287 [2e202f61-106f-4fc0-98c5-9b0733af38dd:group-2D7A43DAC0AD:LeaderElection19] INFO  impl.RaftServerImpl (ServerState.java:setLeader(263)) - 2e202f61-106f-4fc0-98c5-9b0733af38dd:group-2D7A43DAC0AD change Leader from null to 2e202f61-106f-4fc0-98c5-9b0733af38dd at term 2 for becomeLeader, leader elected after 6412ms
2019-08-22 21:59:21,287 [2e202f61-106f-4fc0-98c5-9b0733af38dd:group-2D7A43DAC0AD:LeaderElection19] INFO  server.RaftServerConfigKeys (ConfUtils.java:logGet(43)) - raft.server.staging.catchup.gap = 1000 (default)
2019-08-22 21:59:21,287 [2e202f61-106f-4fc0-98c5-9b0733af38dd:group-2D7A43DAC0AD:LeaderElection19] INFO  server.RaftServerConfigKeys (ConfUtils.java:logGet(43)) - raft.server.rpc.sleep.time = 25ms (default)
2019-08-22 21:59:21,288 [2e202f61-106f-4fc0-98c5-9b0733af38dd:group-2D7A43DAC0AD:LeaderElection19] INFO  server.RaftServerConfigKeys (ConfUtils.java:logGet(43)) - raft.server.write.element-limit = 4096 (default)
2019-08-22 21:59:21,288 [2e202f61-106f-4fc0-98c5-9b0733af38dd:group-2D7A43DAC0AD:LeaderElection19] INFO  server.RaftServerConfigKeys (ConfUtils.java:logGet(43)) - raft.server.watch.timeout = 10s (default)
2019-08-22 21:59:21,288 [2e202f61-106f-4fc0-98c5-9b0733af38dd:group-2D7A43DAC0AD:LeaderElection19] INFO  server.RaftServerConfigKeys (ConfUtils.java:logGet(43)) - raft.server.watch.timeout.denomination = 1s (default)
2019-08-22 21:59:21,288 [2e202f61-106f-4fc0-98c5-9b0733af38dd:group-2D7A43DAC0AD:LeaderElection19] INFO  server.RaftServerConfigKeys (ConfUtils.java:logGet(43)) - raft.server.watch.element-limit = 65536 (default)
2019-08-22 21:59:21,289 [2e202f61-106f-4fc0-98c5-9b0733af38dd:group-2D7A43DAC0AD:LeaderElection19] INFO  impl.RoleInfo (RoleInfo.java:updateAndGet(143)) - 2e202f61-106f-4fc0-98c5-9b0733af38dd: start LeaderState
2019-08-22 21:59:21,289 [2e202f61-106f-4fc0-98c5-9b0733af38dd:group-2D7A43DAC0AD:LeaderElection19] INFO  segmented.SegmentedRaftLogWorker (SegmentedRaftLogWorker.java:rollLogSegment(385)) - 2e202f61-106f-4fc0-98c5-9b0733af38dd-SegmentedRaftLogWorker:Storage Directory /workdir/hadoop-ozone/integration-test/target/test-dir/MiniOzoneClusterImpl-9aa50907-0cd2-4e2d-ac3b-81cb5cb09f60/datanode-0/data/ratis/3aa99afd-73d0-4e80-8fd9-2d7a43dac0ad: Rolling segment log-0_0 to index:0
2019-08-22 21:59:21,293 [2e202f61-106f-4fc0-98c5-9b0733af38dd-SegmentedRaftLogWorker:Storage Directory /workdir/hadoop-ozone/integration-test/target/test-dir/MiniOzoneClusterImpl-9aa50907-0cd2-4e2d-ac3b-81cb5cb09f60/datanode-0/data/ratis/3aa99afd-73d0-4e80-8fd9-2d7a43dac0ad] INFO  segmented.SegmentedRaftLogWorker (SegmentedRaftLogWorker.java:execute(526)) - 2e202f61-106f-4fc0-98c5-9b0733af38dd-SegmentedRaftLogWorker:Storage Directory /workdir/hadoop-ozone/integration-test/target/test-dir/MiniOzoneClusterImpl-9aa50907-0cd2-4e2d-ac3b-81cb5cb09f60/datanode-0/data/ratis/3aa99afd-73d0-4e80-8fd9-2d7a43dac0ad: Rolled log segment from /workdir/hadoop-ozone/integration-test/target/test-dir/MiniOzoneClusterImpl-9aa50907-0cd2-4e2d-ac3b-81cb5cb09f60/datanode-0/data/ratis/3aa99afd-73d0-4e80-8fd9-2d7a43dac0ad/current/log_inprogress_0 to /workdir/hadoop-ozone/integration-test/target/test-dir/MiniOzoneClusterImpl-9aa50907-0cd2-4e2d-ac3b-81cb5cb09f60/datanode-0/data/ratis/3aa99afd-73d0-4e80-8fd9-2d7a43dac0ad/current/log_0-0
2019-08-22 21:59:21,297 [2e202f61-106f-4fc0-98c5-9b0733af38dd:group-2D7A43DAC0AD:LeaderElection19] INFO  impl.RaftServerImpl (ServerState.java:setRaftConf(361)) - 2e202f61-106f-4fc0-98c5-9b0733af38dd:group-2D7A43DAC0AD set configuration 1: [2e202f61-106f-4fc0-98c5-9b0733af38dd:192.168.36.125:38034], old=null at 1
2019-08-22 21:59:21,335 [Thread-586] INFO  impl.FollowerState (FollowerState.java:run(106)) - f78c023a-1fec-49b9-86f3-237f0eaf7fc7:group-B4EF61EDDB35 changes to CANDIDATE, lastRpcTime:5119, electionTimeout:5119ms
2019-08-22 21:59:21,335 [Thread-586] INFO  impl.RoleInfo (RoleInfo.java:shutdownFollowerState(121)) - f78c023a-1fec-49b9-86f3-237f0eaf7fc7: shutdown FollowerState
2019-08-22 21:59:21,335 [Thread-586] INFO  impl.RaftServerImpl (RaftServerImpl.java:setRole(171)) - f78c023a-1fec-49b9-86f3-237f0eaf7fc7:group-B4EF61EDDB35 changes role from FOLLOWER to CANDIDATE at term 1 for changeToCandidate
2019-08-22 21:59:21,336 [Thread-586] INFO  impl.RoleInfo (RoleInfo.java:updateAndGet(143)) - f78c023a-1fec-49b9-86f3-237f0eaf7fc7: start LeaderElection
2019-08-22 21:59:21,348 [2e202f61-106f-4fc0-98c5-9b0733af38dd-SegmentedRaftLogWorker:Storage Directory /workdir/hadoop-ozone/integration-test/target/test-dir/MiniOzoneClusterImpl-9aa50907-0cd2-4e2d-ac3b-81cb5cb09f60/datanode-0/data/ratis/3aa99afd-73d0-4e80-8fd9-2d7a43dac0ad] INFO  segmented.SegmentedRaftLogWorker (SegmentedRaftLogWorker.java:execute(569)) - 2e202f61-106f-4fc0-98c5-9b0733af38dd-SegmentedRaftLogWorker:Storage Directory /workdir/hadoop-ozone/integration-test/target/test-dir/MiniOzoneClusterImpl-9aa50907-0cd2-4e2d-ac3b-81cb5cb09f60/datanode-0/data/ratis/3aa99afd-73d0-4e80-8fd9-2d7a43dac0ad: created new log segment /workdir/hadoop-ozone/integration-test/target/test-dir/MiniOzoneClusterImpl-9aa50907-0cd2-4e2d-ac3b-81cb5cb09f60/datanode-0/data/ratis/3aa99afd-73d0-4e80-8fd9-2d7a43dac0ad/current/log_inprogress_1
2019-08-22 21:59:21,366 [f78c023a-1fec-49b9-86f3-237f0eaf7fc7:group-B4EF61EDDB35:LeaderElection20] INFO  impl.LeaderElection (LeaderElection.java:askForVotes(181)) - f78c023a-1fec-49b9-86f3-237f0eaf7fc7:group-B4EF61EDDB35:LeaderElection20: begin an election at term 2 for 0: [f78c023a-1fec-49b9-86f3-237f0eaf7fc7:192.168.36.125:35167], old=null
2019-08-22 21:59:21,366 [f78c023a-1fec-49b9-86f3-237f0eaf7fc7:group-B4EF61EDDB35:LeaderElection20] INFO  impl.RoleInfo (RoleInfo.java:shutdownLeaderElection(134)) - f78c023a-1fec-49b9-86f3-237f0eaf7fc7: shutdown LeaderElection
2019-08-22 21:59:21,366 [f78c023a-1fec-49b9-86f3-237f0eaf7fc7:group-B4EF61EDDB35:LeaderElection20] INFO  impl.RaftServerImpl (RaftServerImpl.java:setRole(171)) - f78c023a-1fec-49b9-86f3-237f0eaf7fc7:group-B4EF61EDDB35 changes role from CANDIDATE to LEADER at term 2 for changeToLeader
2019-08-22 21:59:21,366 [f78c023a-1fec-49b9-86f3-237f0eaf7fc7:group-B4EF61EDDB35:LeaderElection20] INFO  impl.RaftServerImpl (ServerState.java:setLeader(263)) - f78c023a-1fec-49b9-86f3-237f0eaf7fc7:group-B4EF61EDDB35 change Leader from null to f78c023a-1fec-49b9-86f3-237f0eaf7fc7 at term 2 for becomeLeader, leader elected after 6491ms
2019-08-22 21:59:21,366 [f78c023a-1fec-49b9-86f3-237f0eaf7fc7:group-B4EF61EDDB35:LeaderElection20] INFO  server.RaftServerConfigKeys (ConfUtils.java:logGet(43)) - raft.server.staging.catchup.gap = 1000 (default)
2019-08-22 21:59:21,366 [f78c023a-1fec-49b9-86f3-237f0eaf7fc7:group-B4EF61EDDB35:LeaderElection20] INFO  server.RaftServerConfigKeys (ConfUtils.java:logGet(43)) - raft.server.rpc.sleep.time = 25ms (default)
2019-08-22 21:59:21,366 [f78c023a-1fec-49b9-86f3-237f0eaf7fc7:group-B4EF61EDDB35:LeaderElection20] INFO  server.RaftServerConfigKeys (ConfUtils.java:logGet(43)) - raft.server.write.element-limit = 4096 (default)
2019-08-22 21:59:21,367 [f78c023a-1fec-49b9-86f3-237f0eaf7fc7:group-B4EF61EDDB35:LeaderElection20] INFO  server.RaftServerConfigKeys (ConfUtils.java:logGet(43)) - raft.server.watch.timeout = 10s (default)
2019-08-22 21:59:21,367 [f78c023a-1fec-49b9-86f3-237f0eaf7fc7:group-B4EF61EDDB35:LeaderElection20] INFO  server.RaftServerConfigKeys (ConfUtils.java:logGet(43)) - raft.server.watch.timeout.denomination = 1s (default)
2019-08-22 21:59:21,367 [f78c023a-1fec-49b9-86f3-237f0eaf7fc7:group-B4EF61EDDB35:LeaderElection20] INFO  server.RaftServerConfigKeys (ConfUtils.java:logGet(43)) - raft.server.watch.element-limit = 65536 (default)
2019-08-22 21:59:21,367 [f78c023a-1fec-49b9-86f3-237f0eaf7fc7:group-B4EF61EDDB35:LeaderElection20] INFO  impl.RoleInfo (RoleInfo.java:updateAndGet(143)) - f78c023a-1fec-49b9-86f3-237f0eaf7fc7: start LeaderState
2019-08-22 21:59:21,367 [f78c023a-1fec-49b9-86f3-237f0eaf7fc7:group-B4EF61EDDB35:LeaderElection20] INFO  segmented.SegmentedRaftLogWorker (SegmentedRaftLogWorker.java:rollLogSegment(385)) - f78c023a-1fec-49b9-86f3-237f0eaf7fc7-SegmentedRaftLogWorker:Storage Directory /workdir/hadoop-ozone/integration-test/target/test-dir/MiniOzoneClusterImpl-9aa50907-0cd2-4e2d-ac3b-81cb5cb09f60/datanode-2/data/ratis/d9b33e55-1c6a-4d92-8202-b4ef61eddb35: Rolling segment log-0_0 to index:0
2019-08-22 21:59:21,369 [f78c023a-1fec-49b9-86f3-237f0eaf7fc7-SegmentedRaftLogWorker:Storage Directory /workdir/hadoop-ozone/integration-test/target/test-dir/MiniOzoneClusterImpl-9aa50907-0cd2-4e2d-ac3b-81cb5cb09f60/datanode-2/data/ratis/d9b33e55-1c6a-4d92-8202-b4ef61eddb35] INFO  segmented.SegmentedRaftLogWorker (SegmentedRaftLogWorker.java:execute(526)) - f78c023a-1fec-49b9-86f3-237f0eaf7fc7-SegmentedRaftLogWorker:Storage Directory /workdir/hadoop-ozone/integration-test/target/test-dir/MiniOzoneClusterImpl-9aa50907-0cd2-4e2d-ac3b-81cb5cb09f60/datanode-2/data/ratis/d9b33e55-1c6a-4d92-8202-b4ef61eddb35: Rolled log segment from /workdir/hadoop-ozone/integration-test/target/test-dir/MiniOzoneClusterImpl-9aa50907-0cd2-4e2d-ac3b-81cb5cb09f60/datanode-2/data/ratis/d9b33e55-1c6a-4d92-8202-b4ef61eddb35/current/log_inprogress_0 to /workdir/hadoop-ozone/integration-test/target/test-dir/MiniOzoneClusterImpl-9aa50907-0cd2-4e2d-ac3b-81cb5cb09f60/datanode-2/data/ratis/d9b33e55-1c6a-4d92-8202-b4ef61eddb35/current/log_0-0
2019-08-22 21:59:21,369 [f78c023a-1fec-49b9-86f3-237f0eaf7fc7:group-B4EF61EDDB35:LeaderElection20] INFO  impl.RaftServerImpl (ServerState.java:setRaftConf(361)) - f78c023a-1fec-49b9-86f3-237f0eaf7fc7:group-B4EF61EDDB35 set configuration 1: [f78c023a-1fec-49b9-86f3-237f0eaf7fc7:192.168.36.125:35167], old=null at 1
2019-08-22 21:59:21,394 [Thread-581] INFO  impl.FollowerState (FollowerState.java:run(106)) - a522e26b-37d5-4999-8a0c-362d85073e49:group-377FCF0EC1F9 changes to CANDIDATE, lastRpcTime:5186, electionTimeout:5185ms
2019-08-22 21:59:21,394 [Thread-581] INFO  impl.RoleInfo (RoleInfo.java:shutdownFollowerState(121)) - a522e26b-37d5-4999-8a0c-362d85073e49: shutdown FollowerState
2019-08-22 21:59:21,394 [Thread-581] INFO  impl.RaftServerImpl (RaftServerImpl.java:setRole(171)) - a522e26b-37d5-4999-8a0c-362d85073e49:group-377FCF0EC1F9 changes role from FOLLOWER to CANDIDATE at term 1 for changeToCandidate
2019-08-22 21:59:21,394 [Thread-581] INFO  impl.RoleInfo (RoleInfo.java:updateAndGet(143)) - a522e26b-37d5-4999-8a0c-362d85073e49: start LeaderElection
2019-08-22 21:59:21,452 [f78c023a-1fec-49b9-86f3-237f0eaf7fc7-SegmentedRaftLogWorker:Storage Directory /workdir/hadoop-ozone/integration-test/target/test-dir/MiniOzoneClusterImpl-9aa50907-0cd2-4e2d-ac3b-81cb5cb09f60/datanode-2/data/ratis/d9b33e55-1c6a-4d92-8202-b4ef61eddb35] INFO  segmented.SegmentedRaftLogWorker (SegmentedRaftLogWorker.java:execute(569)) - f78c023a-1fec-49b9-86f3-237f0eaf7fc7-SegmentedRaftLogWorker:Storage Directory /workdir/hadoop-ozone/integration-test/target/test-dir/MiniOzoneClusterImpl-9aa50907-0cd2-4e2d-ac3b-81cb5cb09f60/datanode-2/data/ratis/d9b33e55-1c6a-4d92-8202-b4ef61eddb35: created new log segment /workdir/hadoop-ozone/integration-test/target/test-dir/MiniOzoneClusterImpl-9aa50907-0cd2-4e2d-ac3b-81cb5cb09f60/datanode-2/data/ratis/d9b33e55-1c6a-4d92-8202-b4ef61eddb35/current/log_inprogress_1
2019-08-22 21:59:21,452 [a522e26b-37d5-4999-8a0c-362d85073e49:group-377FCF0EC1F9:LeaderElection21] INFO  impl.LeaderElection (LeaderElection.java:askForVotes(181)) - a522e26b-37d5-4999-8a0c-362d85073e49:group-377FCF0EC1F9:LeaderElection21: begin an election at term 2 for 0: [a522e26b-37d5-4999-8a0c-362d85073e49:192.168.36.125:46067], old=null
2019-08-22 21:59:21,452 [a522e26b-37d5-4999-8a0c-362d85073e49:group-377FCF0EC1F9:LeaderElection21] INFO  impl.RoleInfo (RoleInfo.java:shutdownLeaderElection(134)) - a522e26b-37d5-4999-8a0c-362d85073e49: shutdown LeaderElection
2019-08-22 21:59:21,452 [a522e26b-37d5-4999-8a0c-362d85073e49:group-377FCF0EC1F9:LeaderElection21] INFO  impl.RaftServerImpl (RaftServerImpl.java:setRole(171)) - a522e26b-37d5-4999-8a0c-362d85073e49:group-377FCF0EC1F9 changes role from CANDIDATE to LEADER at term 2 for changeToLeader
2019-08-22 21:59:21,452 [a522e26b-37d5-4999-8a0c-362d85073e49:group-377FCF0EC1F9:LeaderElection21] INFO  impl.RaftServerImpl (ServerState.java:setLeader(263)) - a522e26b-37d5-4999-8a0c-362d85073e49:group-377FCF0EC1F9 change Leader from null to a522e26b-37d5-4999-8a0c-362d85073e49 at term 2 for becomeLeader, leader elected after 6577ms
2019-08-22 21:59:21,452 [a522e26b-37d5-4999-8a0c-362d85073e49:group-377FCF0EC1F9:LeaderElection21] INFO  server.RaftServerConfigKeys (ConfUtils.java:logGet(43)) - raft.server.staging.catchup.gap = 1000 (default)
2019-08-22 21:59:21,452 [a522e26b-37d5-4999-8a0c-362d85073e49:group-377FCF0EC1F9:LeaderElection21] INFO  server.RaftServerConfigKeys (ConfUtils.java:logGet(43)) - raft.server.rpc.sleep.time = 25ms (default)
2019-08-22 21:59:21,453 [a522e26b-37d5-4999-8a0c-362d85073e49:group-377FCF0EC1F9:LeaderElection21] INFO  server.RaftServerConfigKeys (ConfUtils.java:logGet(43)) - raft.server.write.element-limit = 4096 (default)
2019-08-22 21:59:21,453 [a522e26b-37d5-4999-8a0c-362d85073e49:group-377FCF0EC1F9:LeaderElection21] INFO  server.RaftServerConfigKeys (ConfUtils.java:logGet(43)) - raft.server.watch.timeout = 10s (default)
2019-08-22 21:59:21,453 [a522e26b-37d5-4999-8a0c-362d85073e49:group-377FCF0EC1F9:LeaderElection21] INFO  server.RaftServerConfigKeys (ConfUtils.java:logGet(43)) - raft.server.watch.timeout.denomination = 1s (default)
2019-08-22 21:59:21,453 [a522e26b-37d5-4999-8a0c-362d85073e49:group-377FCF0EC1F9:LeaderElection21] INFO  server.RaftServerConfigKeys (ConfUtils.java:logGet(43)) - raft.server.watch.element-limit = 65536 (default)
2019-08-22 21:59:21,453 [a522e26b-37d5-4999-8a0c-362d85073e49:group-377FCF0EC1F9:LeaderElection21] INFO  impl.RoleInfo (RoleInfo.java:updateAndGet(143)) - a522e26b-37d5-4999-8a0c-362d85073e49: start LeaderState
2019-08-22 21:59:21,453 [a522e26b-37d5-4999-8a0c-362d85073e49:group-377FCF0EC1F9:LeaderElection21] INFO  segmented.SegmentedRaftLogWorker (SegmentedRaftLogWorker.java:rollLogSegment(385)) - a522e26b-37d5-4999-8a0c-362d85073e49-SegmentedRaftLogWorker:Storage Directory /workdir/hadoop-ozone/integration-test/target/test-dir/MiniOzoneClusterImpl-9aa50907-0cd2-4e2d-ac3b-81cb5cb09f60/datanode-1/data/ratis/05a5d973-5047-47de-9cc4-377fcf0ec1f9: Rolling segment log-0_0 to index:0
2019-08-22 21:59:21,456 [a522e26b-37d5-4999-8a0c-362d85073e49:group-377FCF0EC1F9:LeaderElection21] INFO  impl.RaftServerImpl (ServerState.java:setRaftConf(361)) - a522e26b-37d5-4999-8a0c-362d85073e49:group-377FCF0EC1F9 set configuration 1: [a522e26b-37d5-4999-8a0c-362d85073e49:192.168.36.125:46067], old=null at 1
2019-08-22 21:59:21,458 [a522e26b-37d5-4999-8a0c-362d85073e49-SegmentedRaftLogWorker:Storage Directory /workdir/hadoop-ozone/integration-test/target/test-dir/MiniOzoneClusterImpl-9aa50907-0cd2-4e2d-ac3b-81cb5cb09f60/datanode-1/data/ratis/05a5d973-5047-47de-9cc4-377fcf0ec1f9] INFO  segmented.SegmentedRaftLogWorker (SegmentedRaftLogWorker.java:execute(526)) - a522e26b-37d5-4999-8a0c-362d85073e49-SegmentedRaftLogWorker:Storage Directory /workdir/hadoop-ozone/integration-test/target/test-dir/MiniOzoneClusterImpl-9aa50907-0cd2-4e2d-ac3b-81cb5cb09f60/datanode-1/data/ratis/05a5d973-5047-47de-9cc4-377fcf0ec1f9: Rolled log segment from /workdir/hadoop-ozone/integration-test/target/test-dir/MiniOzoneClusterImpl-9aa50907-0cd2-4e2d-ac3b-81cb5cb09f60/datanode-1/data/ratis/05a5d973-5047-47de-9cc4-377fcf0ec1f9/current/log_inprogress_0 to /workdir/hadoop-ozone/integration-test/target/test-dir/MiniOzoneClusterImpl-9aa50907-0cd2-4e2d-ac3b-81cb5cb09f60/datanode-1/data/ratis/05a5d973-5047-47de-9cc4-377fcf0ec1f9/current/log_0-0
2019-08-22 21:59:21,497 [a522e26b-37d5-4999-8a0c-362d85073e49-SegmentedRaftLogWorker:Storage Directory /workdir/hadoop-ozone/integration-test/target/test-dir/MiniOzoneClusterImpl-9aa50907-0cd2-4e2d-ac3b-81cb5cb09f60/datanode-1/data/ratis/05a5d973-5047-47de-9cc4-377fcf0ec1f9] INFO  segmented.SegmentedRaftLogWorker (SegmentedRaftLogWorker.java:execute(569)) - a522e26b-37d5-4999-8a0c-362d85073e49-SegmentedRaftLogWorker:Storage Directory /workdir/hadoop-ozone/integration-test/target/test-dir/MiniOzoneClusterImpl-9aa50907-0cd2-4e2d-ac3b-81cb5cb09f60/datanode-1/data/ratis/05a5d973-5047-47de-9cc4-377fcf0ec1f9: created new log segment /workdir/hadoop-ozone/integration-test/target/test-dir/MiniOzoneClusterImpl-9aa50907-0cd2-4e2d-ac3b-81cb5cb09f60/datanode-1/data/ratis/05a5d973-5047-47de-9cc4-377fcf0ec1f9/current/log_inprogress_1
2019-08-22 21:59:21,844 | INFO  | SCMAudit | user=jenkins1000 | ip=192.168.36.125 | op=SEND_HEARTBEAT {datanodeUUID=f78c023a-1fec-49b9-86f3-237f0eaf7fc7, command=[]} | ret=SUCCESS |  
2019-08-22 21:59:22,844 | INFO  | SCMAudit | user=jenkins1000 | ip=192.168.36.125 | op=SEND_HEARTBEAT {datanodeUUID=f78c023a-1fec-49b9-86f3-237f0eaf7fc7, command=[]} | ret=SUCCESS |  
2019-08-22 21:59:23,844 | INFO  | SCMAudit | user=jenkins1000 | ip=192.168.36.125 | op=SEND_HEARTBEAT {datanodeUUID=f78c023a-1fec-49b9-86f3-237f0eaf7fc7, command=[]} | ret=SUCCESS |  
2019-08-22 21:59:24,237 [Thread-596] INFO  impl.FollowerState (FollowerState.java:run(106)) - a522e26b-37d5-4999-8a0c-362d85073e49:group-8B1C5B98D3FC changes to CANDIDATE, lastRpcTime:5070, electionTimeout:5070ms
2019-08-22 21:59:24,238 [Thread-596] INFO  impl.RoleInfo (RoleInfo.java:shutdownFollowerState(121)) - a522e26b-37d5-4999-8a0c-362d85073e49: shutdown FollowerState
2019-08-22 21:59:24,238 [Thread-596] INFO  impl.RaftServerImpl (RaftServerImpl.java:setRole(171)) - a522e26b-37d5-4999-8a0c-362d85073e49:group-8B1C5B98D3FC changes role from FOLLOWER to CANDIDATE at term 0 for changeToCandidate
2019-08-22 21:59:24,238 [Thread-596] INFO  impl.RoleInfo (RoleInfo.java:updateAndGet(143)) - a522e26b-37d5-4999-8a0c-362d85073e49: start LeaderElection
2019-08-22 21:59:24,259 [a522e26b-37d5-4999-8a0c-362d85073e49:group-8B1C5B98D3FC:LeaderElection22] INFO  impl.LeaderElection (LeaderElection.java:askForVotes(181)) - a522e26b-37d5-4999-8a0c-362d85073e49:group-8B1C5B98D3FC:LeaderElection22: begin an election at term 1 for -1: [a522e26b-37d5-4999-8a0c-362d85073e49:192.168.36.125:46067], old=null
2019-08-22 21:59:24,259 [a522e26b-37d5-4999-8a0c-362d85073e49:group-8B1C5B98D3FC:LeaderElection22] INFO  impl.RoleInfo (RoleInfo.java:shutdownLeaderElection(134)) - a522e26b-37d5-4999-8a0c-362d85073e49: shutdown LeaderElection
2019-08-22 21:59:24,260 [a522e26b-37d5-4999-8a0c-362d85073e49:group-8B1C5B98D3FC:LeaderElection22] INFO  impl.RaftServerImpl (RaftServerImpl.java:setRole(171)) - a522e26b-37d5-4999-8a0c-362d85073e49:group-8B1C5B98D3FC changes role from CANDIDATE to LEADER at term 1 for changeToLeader
2019-08-22 21:59:24,260 [a522e26b-37d5-4999-8a0c-362d85073e49:group-8B1C5B98D3FC:LeaderElection22] INFO  impl.RaftServerImpl (ServerState.java:setLeader(263)) - a522e26b-37d5-4999-8a0c-362d85073e49:group-8B1C5B98D3FC change Leader from null to a522e26b-37d5-4999-8a0c-362d85073e49 at term 1 for becomeLeader, leader elected after 5095ms
2019-08-22 21:59:24,260 [a522e26b-37d5-4999-8a0c-362d85073e49:group-8B1C5B98D3FC:LeaderElection22] INFO  server.RaftServerConfigKeys (ConfUtils.java:logGet(43)) - raft.server.staging.catchup.gap = 1000 (default)
2019-08-22 21:59:24,260 [a522e26b-37d5-4999-8a0c-362d85073e49:group-8B1C5B98D3FC:LeaderElection22] INFO  server.RaftServerConfigKeys (ConfUtils.java:logGet(43)) - raft.server.rpc.sleep.time = 25ms (default)
2019-08-22 21:59:24,260 [a522e26b-37d5-4999-8a0c-362d85073e49:group-8B1C5B98D3FC:LeaderElection22] INFO  server.RaftServerConfigKeys (ConfUtils.java:logGet(43)) - raft.server.write.element-limit = 4096 (default)
2019-08-22 21:59:24,260 [a522e26b-37d5-4999-8a0c-362d85073e49:group-8B1C5B98D3FC:LeaderElection22] INFO  server.RaftServerConfigKeys (ConfUtils.java:logGet(43)) - raft.server.watch.timeout = 10s (default)
2019-08-22 21:59:24,260 [a522e26b-37d5-4999-8a0c-362d85073e49:group-8B1C5B98D3FC:LeaderElection22] INFO  server.RaftServerConfigKeys (ConfUtils.java:logGet(43)) - raft.server.watch.timeout.denomination = 1s (default)
2019-08-22 21:59:24,260 [a522e26b-37d5-4999-8a0c-362d85073e49:group-8B1C5B98D3FC:LeaderElection22] INFO  server.RaftServerConfigKeys (ConfUtils.java:logGet(43)) - raft.server.watch.element-limit = 65536 (default)
2019-08-22 21:59:24,261 [a522e26b-37d5-4999-8a0c-362d85073e49:group-8B1C5B98D3FC:LeaderElection22] INFO  impl.RoleInfo (RoleInfo.java:updateAndGet(143)) - a522e26b-37d5-4999-8a0c-362d85073e49: start LeaderState
2019-08-22 21:59:24,261 [a522e26b-37d5-4999-8a0c-362d85073e49:group-8B1C5B98D3FC:LeaderElection22] INFO  segmented.SegmentedRaftLogWorker (SegmentedRaftLogWorker.java:startLogSegment(380)) - a522e26b-37d5-4999-8a0c-362d85073e49-SegmentedRaftLogWorker:Storage Directory /workdir/hadoop-ozone/integration-test/target/test-dir/MiniOzoneClusterImpl-9aa50907-0cd2-4e2d-ac3b-81cb5cb09f60/datanode-1/data/ratis/d5e9edee-356c-46e8-b3fc-8b1c5b98d3fc: Starting segment from index:0
2019-08-22 21:59:24,261 [a522e26b-37d5-4999-8a0c-362d85073e49:group-8B1C5B98D3FC:LeaderElection22] INFO  impl.RaftServerImpl (ServerState.java:setRaftConf(361)) - a522e26b-37d5-4999-8a0c-362d85073e49:group-8B1C5B98D3FC set configuration 0: [a522e26b-37d5-4999-8a0c-362d85073e49:192.168.36.125:46067], old=null at 0
2019-08-22 21:59:24,314 [Thread-593] INFO  impl.FollowerState (FollowerState.java:run(106)) - f78c023a-1fec-49b9-86f3-237f0eaf7fc7:group-679A539EF65F changes to CANDIDATE, lastRpcTime:5197, electionTimeout:5197ms
2019-08-22 21:59:24,314 [Thread-593] INFO  impl.RoleInfo (RoleInfo.java:shutdownFollowerState(121)) - f78c023a-1fec-49b9-86f3-237f0eaf7fc7: shutdown FollowerState
2019-08-22 21:59:24,314 [Thread-593] INFO  impl.RaftServerImpl (RaftServerImpl.java:setRole(171)) - f78c023a-1fec-49b9-86f3-237f0eaf7fc7:group-679A539EF65F changes role from FOLLOWER to CANDIDATE at term 0 for changeToCandidate
2019-08-22 21:59:24,314 [Thread-593] INFO  impl.RoleInfo (RoleInfo.java:updateAndGet(143)) - f78c023a-1fec-49b9-86f3-237f0eaf7fc7: start LeaderElection
2019-08-22 21:59:24,332 [a522e26b-37d5-4999-8a0c-362d85073e49-SegmentedRaftLogWorker:Storage Directory /workdir/hadoop-ozone/integration-test/target/test-dir/MiniOzoneClusterImpl-9aa50907-0cd2-4e2d-ac3b-81cb5cb09f60/datanode-1/data/ratis/d5e9edee-356c-46e8-b3fc-8b1c5b98d3fc] INFO  segmented.SegmentedRaftLogWorker (SegmentedRaftLogWorker.java:execute(569)) - a522e26b-37d5-4999-8a0c-362d85073e49-SegmentedRaftLogWorker:Storage Directory /workdir/hadoop-ozone/integration-test/target/test-dir/MiniOzoneClusterImpl-9aa50907-0cd2-4e2d-ac3b-81cb5cb09f60/datanode-1/data/ratis/d5e9edee-356c-46e8-b3fc-8b1c5b98d3fc: created new log segment /workdir/hadoop-ozone/integration-test/target/test-dir/MiniOzoneClusterImpl-9aa50907-0cd2-4e2d-ac3b-81cb5cb09f60/datanode-1/data/ratis/d5e9edee-356c-46e8-b3fc-8b1c5b98d3fc/current/log_inprogress_0
2019-08-22 21:59:24,344 [f78c023a-1fec-49b9-86f3-237f0eaf7fc7:group-679A539EF65F:LeaderElection23] INFO  impl.LeaderElection (LeaderElection.java:askForVotes(181)) - f78c023a-1fec-49b9-86f3-237f0eaf7fc7:group-679A539EF65F:LeaderElection23: begin an election at term 1 for -1: [f78c023a-1fec-49b9-86f3-237f0eaf7fc7:192.168.36.125:35167], old=null
2019-08-22 21:59:24,344 [f78c023a-1fec-49b9-86f3-237f0eaf7fc7:group-679A539EF65F:LeaderElection23] INFO  impl.RoleInfo (RoleInfo.java:shutdownLeaderElection(134)) - f78c023a-1fec-49b9-86f3-237f0eaf7fc7: shutdown LeaderElection
2019-08-22 21:59:24,344 [f78c023a-1fec-49b9-86f3-237f0eaf7fc7:group-679A539EF65F:LeaderElection23] INFO  impl.RaftServerImpl (RaftServerImpl.java:setRole(171)) - f78c023a-1fec-49b9-86f3-237f0eaf7fc7:group-679A539EF65F changes role from CANDIDATE to LEADER at term 1 for changeToLeader
2019-08-22 21:59:24,345 [f78c023a-1fec-49b9-86f3-237f0eaf7fc7:group-679A539EF65F:LeaderElection23] INFO  impl.RaftServerImpl (ServerState.java:setLeader(263)) - f78c023a-1fec-49b9-86f3-237f0eaf7fc7:group-679A539EF65F change Leader from null to f78c023a-1fec-49b9-86f3-237f0eaf7fc7 at term 1 for becomeLeader, leader elected after 5232ms
2019-08-22 21:59:24,345 [f78c023a-1fec-49b9-86f3-237f0eaf7fc7:group-679A539EF65F:LeaderElection23] INFO  server.RaftServerConfigKeys (ConfUtils.java:logGet(43)) - raft.server.staging.catchup.gap = 1000 (default)
2019-08-22 21:59:24,345 [f78c023a-1fec-49b9-86f3-237f0eaf7fc7:group-679A539EF65F:LeaderElection23] INFO  server.RaftServerConfigKeys (ConfUtils.java:logGet(43)) - raft.server.rpc.sleep.time = 25ms (default)
2019-08-22 21:59:24,345 [f78c023a-1fec-49b9-86f3-237f0eaf7fc7:group-679A539EF65F:LeaderElection23] INFO  server.RaftServerConfigKeys (ConfUtils.java:logGet(43)) - raft.server.write.element-limit = 4096 (default)
2019-08-22 21:59:24,345 [f78c023a-1fec-49b9-86f3-237f0eaf7fc7:group-679A539EF65F:LeaderElection23] INFO  server.RaftServerConfigKeys (ConfUtils.java:logGet(43)) - raft.server.watch.timeout = 10s (default)
2019-08-22 21:59:24,345 [f78c023a-1fec-49b9-86f3-237f0eaf7fc7:group-679A539EF65F:LeaderElection23] INFO  server.RaftServerConfigKeys (ConfUtils.java:logGet(43)) - raft.server.watch.timeout.denomination = 1s (default)
2019-08-22 21:59:24,345 [f78c023a-1fec-49b9-86f3-237f0eaf7fc7:group-679A539EF65F:LeaderElection23] INFO  server.RaftServerConfigKeys (ConfUtils.java:logGet(43)) - raft.server.watch.element-limit = 65536 (default)
2019-08-22 21:59:24,345 [f78c023a-1fec-49b9-86f3-237f0eaf7fc7:group-679A539EF65F:LeaderElection23] INFO  impl.RoleInfo (RoleInfo.java:updateAndGet(143)) - f78c023a-1fec-49b9-86f3-237f0eaf7fc7: start LeaderState
2019-08-22 21:59:24,346 [f78c023a-1fec-49b9-86f3-237f0eaf7fc7:group-679A539EF65F:LeaderElection23] INFO  segmented.SegmentedRaftLogWorker (SegmentedRaftLogWorker.java:startLogSegment(380)) - f78c023a-1fec-49b9-86f3-237f0eaf7fc7-SegmentedRaftLogWorker:Storage Directory /workdir/hadoop-ozone/integration-test/target/test-dir/MiniOzoneClusterImpl-9aa50907-0cd2-4e2d-ac3b-81cb5cb09f60/datanode-2/data/ratis/416fcecb-a18b-4bc0-9695-679a539ef65f: Starting segment from index:0
2019-08-22 21:59:24,346 [f78c023a-1fec-49b9-86f3-237f0eaf7fc7:group-679A539EF65F:LeaderElection23] INFO  impl.RaftServerImpl (ServerState.java:setRaftConf(361)) - f78c023a-1fec-49b9-86f3-237f0eaf7fc7:group-679A539EF65F set configuration 0: [f78c023a-1fec-49b9-86f3-237f0eaf7fc7:192.168.36.125:35167], old=null at 0
2019-08-22 21:59:24,387 [f78c023a-1fec-49b9-86f3-237f0eaf7fc7-SegmentedRaftLogWorker:Storage Directory /workdir/hadoop-ozone/integration-test/target/test-dir/MiniOzoneClusterImpl-9aa50907-0cd2-4e2d-ac3b-81cb5cb09f60/datanode-2/data/ratis/416fcecb-a18b-4bc0-9695-679a539ef65f] INFO  segmented.SegmentedRaftLogWorker (SegmentedRaftLogWorker.java:execute(569)) - f78c023a-1fec-49b9-86f3-237f0eaf7fc7-SegmentedRaftLogWorker:Storage Directory /workdir/hadoop-ozone/integration-test/target/test-dir/MiniOzoneClusterImpl-9aa50907-0cd2-4e2d-ac3b-81cb5cb09f60/datanode-2/data/ratis/416fcecb-a18b-4bc0-9695-679a539ef65f: created new log segment /workdir/hadoop-ozone/integration-test/target/test-dir/MiniOzoneClusterImpl-9aa50907-0cd2-4e2d-ac3b-81cb5cb09f60/datanode-2/data/ratis/416fcecb-a18b-4bc0-9695-679a539ef65f/current/log_inprogress_0
2019-08-22 21:59:24,777 [main] INFO  ozoneimpl.OzoneContainer (OzoneContainer.java:stop(199)) - Attempting to stop container services.
2019-08-22 21:59:24,778 [main] INFO  impl.RaftServerProxy (RaftServerProxy.java:lambda$close$4(314)) - a522e26b-37d5-4999-8a0c-362d85073e49: close
2019-08-22 21:59:24,778 [ForkJoinPool.commonPool-worker-1] INFO  ozoneimpl.OzoneContainer (OzoneContainer.java:stop(199)) - Attempting to stop container services.
2019-08-22 21:59:24,778 [main] INFO  impl.RaftServerImpl (RaftServerImpl.java:lambda$shutdown$3(245)) - a522e26b-37d5-4999-8a0c-362d85073e49: shutdown group-377FCF0EC1F9
2019-08-22 21:59:24,779 [ForkJoinPool.commonPool-worker-1] INFO  impl.RaftServerProxy (RaftServerProxy.java:lambda$close$4(314)) - 2e202f61-106f-4fc0-98c5-9b0733af38dd: close
2019-08-22 21:59:24,779 [main] INFO  util.JmxRegister (JmxRegister.java:unregister(73)) - Successfully un-registered JMX Bean with object name Ratis:service=RaftServer,group=group-377FCF0EC1F9,id=a522e26b-37d5-4999-8a0c-362d85073e49
2019-08-22 21:59:24,779 [ForkJoinPool.commonPool-worker-1] INFO  impl.RaftServerImpl (RaftServerImpl.java:lambda$shutdown$3(245)) - 2e202f61-106f-4fc0-98c5-9b0733af38dd: shutdown group-2D7A43DAC0AD
2019-08-22 21:59:24,779 [main] INFO  impl.RoleInfo (RoleInfo.java:shutdownLeaderState(104)) - a522e26b-37d5-4999-8a0c-362d85073e49: shutdown LeaderState
2019-08-22 21:59:24,780 [ForkJoinPool.commonPool-worker-1] INFO  util.JmxRegister (JmxRegister.java:unregister(73)) - Successfully un-registered JMX Bean with object name Ratis:service=RaftServer,group=group-2D7A43DAC0AD,id=2e202f61-106f-4fc0-98c5-9b0733af38dd
2019-08-22 21:59:24,780 [main] INFO  impl.PendingRequests (PendingRequests.java:sendNotLeaderResponses(202)) - a522e26b-37d5-4999-8a0c-362d85073e49-PendingRequests: sendNotLeaderResponses
2019-08-22 21:59:24,780 [ForkJoinPool.commonPool-worker-1] INFO  impl.RoleInfo (RoleInfo.java:shutdownLeaderState(104)) - 2e202f61-106f-4fc0-98c5-9b0733af38dd: shutdown LeaderState
2019-08-22 21:59:24,785 [main] INFO  impl.StateMachineUpdater (StateMachineUpdater.java:stopAndJoin(115)) - StateMachineUpdater:a522e26b-37d5-4999-8a0c-362d85073e49:group-377FCF0EC1F9: set stopIndex = 2
2019-08-22 21:59:24,786 [ForkJoinPool.commonPool-worker-1] INFO  impl.PendingRequests (PendingRequests.java:sendNotLeaderResponses(202)) - 2e202f61-106f-4fc0-98c5-9b0733af38dd-PendingRequests: sendNotLeaderResponses
2019-08-22 21:59:24,786 [main] INFO  impl.RaftServerImpl (ServerState.java:close(394)) - a522e26b-37d5-4999-8a0c-362d85073e49:group-377FCF0EC1F9 closes. The last applied log index is 2
2019-08-22 21:59:24,790 [ForkJoinPool.commonPool-worker-1] INFO  impl.StateMachineUpdater (StateMachineUpdater.java:stopAndJoin(115)) - StateMachineUpdater:2e202f61-106f-4fc0-98c5-9b0733af38dd:group-2D7A43DAC0AD: set stopIndex = 2
2019-08-22 21:59:24,790 [a522e26b-37d5-4999-8a0c-362d85073e49-SegmentedRaftLogWorker:Storage Directory /workdir/hadoop-ozone/integration-test/target/test-dir/MiniOzoneClusterImpl-9aa50907-0cd2-4e2d-ac3b-81cb5cb09f60/datanode-1/data/ratis/05a5d973-5047-47de-9cc4-377fcf0ec1f9] INFO  segmented.SegmentedRaftLogWorker (SegmentedRaftLogWorker.java:run(313)) - a522e26b-37d5-4999-8a0c-362d85073e49-SegmentedRaftLogWorker:Storage Directory /workdir/hadoop-ozone/integration-test/target/test-dir/MiniOzoneClusterImpl-9aa50907-0cd2-4e2d-ac3b-81cb5cb09f60/datanode-1/data/ratis/05a5d973-5047-47de-9cc4-377fcf0ec1f9 was interrupted, exiting. There are 0 tasks remaining in the queue.
2019-08-22 21:59:24,790 [ForkJoinPool.commonPool-worker-1] INFO  impl.RaftServerImpl (ServerState.java:close(394)) - 2e202f61-106f-4fc0-98c5-9b0733af38dd:group-2D7A43DAC0AD closes. The last applied log index is 2
2019-08-22 21:59:24,792 [main] INFO  segmented.SegmentedRaftLogWorker (SegmentedRaftLogWorker.java:close(228)) - a522e26b-37d5-4999-8a0c-362d85073e49-SegmentedRaftLogWorker:Storage Directory /workdir/hadoop-ozone/integration-test/target/test-dir/MiniOzoneClusterImpl-9aa50907-0cd2-4e2d-ac3b-81cb5cb09f60/datanode-1/data/ratis/05a5d973-5047-47de-9cc4-377fcf0ec1f9 close()
2019-08-22 21:59:24,792 [2e202f61-106f-4fc0-98c5-9b0733af38dd-SegmentedRaftLogWorker:Storage Directory /workdir/hadoop-ozone/integration-test/target/test-dir/MiniOzoneClusterImpl-9aa50907-0cd2-4e2d-ac3b-81cb5cb09f60/datanode-0/data/ratis/3aa99afd-73d0-4e80-8fd9-2d7a43dac0ad] INFO  segmented.SegmentedRaftLogWorker (SegmentedRaftLogWorker.java:run(313)) - 2e202f61-106f-4fc0-98c5-9b0733af38dd-SegmentedRaftLogWorker:Storage Directory /workdir/hadoop-ozone/integration-test/target/test-dir/MiniOzoneClusterImpl-9aa50907-0cd2-4e2d-ac3b-81cb5cb09f60/datanode-0/data/ratis/3aa99afd-73d0-4e80-8fd9-2d7a43dac0ad was interrupted, exiting. There are 0 tasks remaining in the queue.
2019-08-22 21:59:24,794 [main] INFO  impl.RaftServerImpl (RaftServerImpl.java:lambda$shutdown$3(245)) - a522e26b-37d5-4999-8a0c-362d85073e49: shutdown group-8B1C5B98D3FC
2019-08-22 21:59:24,795 [ForkJoinPool.commonPool-worker-1] INFO  segmented.SegmentedRaftLogWorker (SegmentedRaftLogWorker.java:close(228)) - 2e202f61-106f-4fc0-98c5-9b0733af38dd-SegmentedRaftLogWorker:Storage Directory /workdir/hadoop-ozone/integration-test/target/test-dir/MiniOzoneClusterImpl-9aa50907-0cd2-4e2d-ac3b-81cb5cb09f60/datanode-0/data/ratis/3aa99afd-73d0-4e80-8fd9-2d7a43dac0ad close()
2019-08-22 21:59:24,795 [main] INFO  util.JmxRegister (JmxRegister.java:unregister(73)) - Successfully un-registered JMX Bean with object name Ratis:service=RaftServer,group=group-8B1C5B98D3FC,id=a522e26b-37d5-4999-8a0c-362d85073e49
2019-08-22 21:59:24,797 [ForkJoinPool.commonPool-worker-1] INFO  server.GrpcService (GrpcService.java:closeImpl(155)) - 2e202f61-106f-4fc0-98c5-9b0733af38dd: shutdown server with port 38034 now
2019-08-22 21:59:24,797 [main] INFO  impl.RoleInfo (RoleInfo.java:shutdownLeaderState(104)) - a522e26b-37d5-4999-8a0c-362d85073e49: shutdown LeaderState
2019-08-22 21:59:24,799 [ForkJoinPool.commonPool-worker-1] INFO  server.GrpcService (GrpcService.java:closeImpl(163)) - 2e202f61-106f-4fc0-98c5-9b0733af38dd: shutdown server with port 38034 successfully
2019-08-22 21:59:24,799 [main] INFO  impl.PendingRequests (PendingRequests.java:sendNotLeaderResponses(202)) - a522e26b-37d5-4999-8a0c-362d85073e49-PendingRequests: sendNotLeaderResponses
2019-08-22 21:59:24,799 [main] INFO  impl.StateMachineUpdater (StateMachineUpdater.java:stopAndJoin(115)) - StateMachineUpdater:a522e26b-37d5-4999-8a0c-362d85073e49:group-8B1C5B98D3FC: set stopIndex = 0
2019-08-22 21:59:24,801 [ForkJoinPool.commonPool-worker-1] INFO  utils.BackgroundService (BackgroundService.java:shutdown(148)) - Shutting down service BlockDeletingService
2019-08-22 21:59:24,801 [main] INFO  impl.RaftServerImpl (ServerState.java:close(394)) - a522e26b-37d5-4999-8a0c-362d85073e49:group-8B1C5B98D3FC closes. The last applied log index is 0
2019-08-22 21:59:24,801 [a522e26b-37d5-4999-8a0c-362d85073e49-SegmentedRaftLogWorker:Storage Directory /workdir/hadoop-ozone/integration-test/target/test-dir/MiniOzoneClusterImpl-9aa50907-0cd2-4e2d-ac3b-81cb5cb09f60/datanode-1/data/ratis/d5e9edee-356c-46e8-b3fc-8b1c5b98d3fc] INFO  segmented.SegmentedRaftLogWorker (SegmentedRaftLogWorker.java:run(313)) - a522e26b-37d5-4999-8a0c-362d85073e49-SegmentedRaftLogWorker:Storage Directory /workdir/hadoop-ozone/integration-test/target/test-dir/MiniOzoneClusterImpl-9aa50907-0cd2-4e2d-ac3b-81cb5cb09f60/datanode-1/data/ratis/d5e9edee-356c-46e8-b3fc-8b1c5b98d3fc was interrupted, exiting. There are 0 tasks remaining in the queue.
2019-08-22 21:59:24,803 [main] INFO  segmented.SegmentedRaftLogWorker (SegmentedRaftLogWorker.java:close(228)) - a522e26b-37d5-4999-8a0c-362d85073e49-SegmentedRaftLogWorker:Storage Directory /workdir/hadoop-ozone/integration-test/target/test-dir/MiniOzoneClusterImpl-9aa50907-0cd2-4e2d-ac3b-81cb5cb09f60/datanode-1/data/ratis/d5e9edee-356c-46e8-b3fc-8b1c5b98d3fc close()
2019-08-22 21:59:24,803 [refreshUsed-/workdir/hadoop-ozone/integration-test/target/test-dir/MiniOzoneClusterImpl-9aa50907-0cd2-4e2d-ac3b-81cb5cb09f60/datanode-0/data/containers] WARN  fs.CachingGetSpaceUsed (CachingGetSpaceUsed.java:run(183)) - Thread Interrupted waiting to refresh disk information: sleep interrupted
2019-08-22 21:59:24,807 [main] INFO  server.GrpcService (GrpcService.java:closeImpl(155)) - a522e26b-37d5-4999-8a0c-362d85073e49: shutdown server with port 46067 now
2019-08-22 21:59:24,810 [main] INFO  server.GrpcService (GrpcService.java:closeImpl(163)) - a522e26b-37d5-4999-8a0c-362d85073e49: shutdown server with port 46067 successfully
2019-08-22 21:59:24,811 [main] INFO  utils.BackgroundService (BackgroundService.java:shutdown(148)) - Shutting down service BlockDeletingService
2019-08-22 21:59:24,813 [refreshUsed-/workdir/hadoop-ozone/integration-test/target/test-dir/MiniOzoneClusterImpl-9aa50907-0cd2-4e2d-ac3b-81cb5cb09f60/datanode-1/data/containers] WARN  fs.CachingGetSpaceUsed (CachingGetSpaceUsed.java:run(183)) - Thread Interrupted waiting to refresh disk information: sleep interrupted
2019-08-22 21:59:24,828 [main] INFO  statemachine.DatanodeStateMachine (DatanodeStateMachine.java:stopDaemon(395)) - Ozone container server stopped.
2019-08-22 21:59:24,832 [ForkJoinPool.commonPool-worker-1] INFO  statemachine.DatanodeStateMachine (DatanodeStateMachine.java:stopDaemon(395)) - Ozone container server stopped.
2019-08-22 21:59:24,834 [main] INFO  handler.ContextHandler (ContextHandler.java:doStop(910)) - Stopped o.e.j.w.WebAppContext@655a5726{/,null,UNAVAILABLE}{/hddsDatanode}
2019-08-22 21:59:24,835 [ForkJoinPool.commonPool-worker-1] INFO  handler.ContextHandler (ContextHandler.java:doStop(910)) - Stopped o.e.j.w.WebAppContext@26f32906{/,null,UNAVAILABLE}{/hddsDatanode}
2019-08-22 21:59:24,836 [ForkJoinPool.commonPool-worker-1] INFO  server.AbstractConnector (AbstractConnector.java:doStop(318)) - Stopped ServerConnector@e0245d2{HTTP/1.1,[http/1.1]}{0.0.0.0:35041}
2019-08-22 21:59:24,836 [main] INFO  server.AbstractConnector (AbstractConnector.java:doStop(318)) - Stopped ServerConnector@7b95722b{HTTP/1.1,[http/1.1]}{0.0.0.0:39226}
2019-08-22 21:59:24,837 [ForkJoinPool.commonPool-worker-1] INFO  handler.ContextHandler (ContextHandler.java:doStop(910)) - Stopped o.e.j.s.ServletContextHandler@35ae37a1{/static,jar:file:/home/user/.m2/repository/org/apache/hadoop/hadoop-hdds-container-service/0.5.0-SNAPSHOT/hadoop-hdds-container-service-0.5.0-SNAPSHOT.jar!/webapps/static,UNAVAILABLE}
2019-08-22 21:59:24,837 [main] INFO  handler.ContextHandler (ContextHandler.java:doStop(910)) - Stopped o.e.j.s.ServletContextHandler@249b3757{/static,jar:file:/home/user/.m2/repository/org/apache/hadoop/hadoop-hdds-container-service/0.5.0-SNAPSHOT/hadoop-hdds-container-service-0.5.0-SNAPSHOT.jar!/webapps/static,UNAVAILABLE}
2019-08-22 21:59:24,838 [ForkJoinPool.commonPool-worker-1] INFO  handler.ContextHandler (ContextHandler.java:doStop(910)) - Stopped o.e.j.s.ServletContextHandler@6ca4a4e{/logs,file:///workdir/hadoop-ozone/integration-test/target/log,UNAVAILABLE}
2019-08-22 21:59:24,839 [main] INFO  handler.ContextHandler (ContextHandler.java:doStop(910)) - Stopped o.e.j.s.ServletContextHandler@466e841c{/logs,file:///workdir/hadoop-ozone/integration-test/target/log,UNAVAILABLE}
2019-08-22 21:59:24,840 [ForkJoinPool.commonPool-worker-1] INFO  datanode.ObjectStoreHandler (ObjectStoreHandler.java:close(155)) - Closing ObjectStoreHandler.
2019-08-22 21:59:24,841 [ForkJoinPool.commonPool-worker-1] INFO  ozone.HddsDatanodeService (HddsDatanodeService.java:stop(451)) - Stopped plug-in org.apache.hadoop.ozone.web.OzoneHddsDatanodeService@453063e9
2019-08-22 21:59:24,843 [Datanode State Machine Thread - 0] INFO  statemachine.DatanodeStateMachine (DatanodeStateMachine.java:lambda$startDaemon$0(350)) - Ozone container server started.
2019-08-22 21:59:25,056 [EventQueue-StaleNodeForStaleNodeHandler] INFO  node.StaleNodeHandler (StaleNodeHandler.java:onMessage(58)) - Datanode a522e26b-37d5-4999-8a0c-362d85073e49{ip: 192.168.36.125, host: pr-hdds-1975-6rfct-3228563268, networkLocation: /default-rack, certSerialId: null} moved to stale state. Finalizing its pipelines [PipelineID=05a5d973-5047-47de-9cc4-377fcf0ec1f9, PipelineID=d5e9edee-356c-46e8-b3fc-8b1c5b98d3fc]
2019-08-22 21:59:25,056 [EventQueue-StaleNodeForStaleNodeHandler] INFO  pipeline.SCMPipelineManager (SCMPipelineManager.java:finalizeAndDestroyPipeline(309)) - destroying pipeline:Pipeline[ Id: 05a5d973-5047-47de-9cc4-377fcf0ec1f9, Nodes: a522e26b-37d5-4999-8a0c-362d85073e49{ip: 192.168.36.125, host: pr-hdds-1975-6rfct-3228563268, networkLocation: /default-rack, certSerialId: null}, Type:RATIS, Factor:ONE, State:CLOSED]
2019-08-22 21:59:25,056 [EventQueue-StaleNodeForStaleNodeHandler] INFO  pipeline.SCMPipelineManager (SCMPipelineManager.java:finalizeAndDestroyPipeline(309)) - destroying pipeline:Pipeline[ Id: d5e9edee-356c-46e8-b3fc-8b1c5b98d3fc, Nodes: a522e26b-37d5-4999-8a0c-362d85073e49{ip: 192.168.36.125, host: pr-hdds-1975-6rfct-3228563268, networkLocation: /default-rack, certSerialId: null}, Type:RATIS, Factor:ONE, State:OPEN]
2019-08-22 21:59:25,060 [EventQueue-StaleNodeForStaleNodeHandler] INFO  pipeline.PipelineStateManager (PipelineStateManager.java:finalizePipeline(123)) - Pipeline Pipeline[ Id: d5e9edee-356c-46e8-b3fc-8b1c5b98d3fc, Nodes: a522e26b-37d5-4999-8a0c-362d85073e49{ip: 192.168.36.125, host: pr-hdds-1975-6rfct-3228563268, networkLocation: /default-rack, certSerialId: null}, Type:RATIS, Factor:ONE, State:CLOSED] moved to CLOSED state
2019-08-22 21:59:29,057 [EventQueue-StaleNodeForStaleNodeHandler] INFO  node.StaleNodeHandler (StaleNodeHandler.java:onMessage(58)) - Datanode f78c023a-1fec-49b9-86f3-237f0eaf7fc7{ip: 192.168.36.125, host: pr-hdds-1975-6rfct-3228563268, networkLocation: /default-rack, certSerialId: null} moved to stale state. Finalizing its pipelines [PipelineID=416fcecb-a18b-4bc0-9695-679a539ef65f, PipelineID=d9b33e55-1c6a-4d92-8202-b4ef61eddb35]
2019-08-22 21:59:29,057 [EventQueue-StaleNodeForStaleNodeHandler] INFO  pipeline.SCMPipelineManager (SCMPipelineManager.java:finalizeAndDestroyPipeline(309)) - destroying pipeline:Pipeline[ Id: 416fcecb-a18b-4bc0-9695-679a539ef65f, Nodes: f78c023a-1fec-49b9-86f3-237f0eaf7fc7{ip: 192.168.36.125, host: pr-hdds-1975-6rfct-3228563268, networkLocation: /default-rack, certSerialId: null}, Type:RATIS, Factor:ONE, State:OPEN]
2019-08-22 21:59:29,058 [EventQueue-StaleNodeForStaleNodeHandler] INFO  pipeline.PipelineStateManager (PipelineStateManager.java:finalizePipeline(123)) - Pipeline Pipeline[ Id: 416fcecb-a18b-4bc0-9695-679a539ef65f, Nodes: f78c023a-1fec-49b9-86f3-237f0eaf7fc7{ip: 192.168.36.125, host: pr-hdds-1975-6rfct-3228563268, networkLocation: /default-rack, certSerialId: null}, Type:RATIS, Factor:ONE, State:CLOSED] moved to CLOSED state
2019-08-22 21:59:29,058 [EventQueue-StaleNodeForStaleNodeHandler] INFO  pipeline.SCMPipelineManager (SCMPipelineManager.java:finalizeAndDestroyPipeline(309)) - destroying pipeline:Pipeline[ Id: d9b33e55-1c6a-4d92-8202-b4ef61eddb35, Nodes: f78c023a-1fec-49b9-86f3-237f0eaf7fc7{ip: 192.168.36.125, host: pr-hdds-1975-6rfct-3228563268, networkLocation: /default-rack, certSerialId: null}, Type:RATIS, Factor:ONE, State:CLOSED]
2019-08-22 21:59:29,841 [ForkJoinPool.commonPool-worker-1] INFO  ozoneimpl.OzoneContainer (OzoneContainer.java:stop(199)) - Attempting to stop container services.
2019-08-22 21:59:29,842 [ForkJoinPool.commonPool-worker-1] INFO  impl.RaftServerProxy (RaftServerProxy.java:lambda$close$4(314)) - f78c023a-1fec-49b9-86f3-237f0eaf7fc7: close
2019-08-22 21:59:29,842 [ForkJoinPool.commonPool-worker-1] INFO  impl.RaftServerImpl (RaftServerImpl.java:lambda$shutdown$3(245)) - f78c023a-1fec-49b9-86f3-237f0eaf7fc7: shutdown group-679A539EF65F
2019-08-22 21:59:29,842 [ForkJoinPool.commonPool-worker-1] INFO  util.JmxRegister (JmxRegister.java:unregister(73)) - Successfully un-registered JMX Bean with object name Ratis:service=RaftServer,group=group-679A539EF65F,id=f78c023a-1fec-49b9-86f3-237f0eaf7fc7
2019-08-22 21:59:29,842 [ForkJoinPool.commonPool-worker-1] INFO  impl.RoleInfo (RoleInfo.java:shutdownLeaderState(104)) - f78c023a-1fec-49b9-86f3-237f0eaf7fc7: shutdown LeaderState
2019-08-22 21:59:29,842 [ForkJoinPool.commonPool-worker-1] INFO  impl.PendingRequests (PendingRequests.java:sendNotLeaderResponses(202)) - f78c023a-1fec-49b9-86f3-237f0eaf7fc7-PendingRequests: sendNotLeaderResponses
2019-08-22 21:59:29,843 [ForkJoinPool.commonPool-worker-1] INFO  impl.StateMachineUpdater (StateMachineUpdater.java:stopAndJoin(115)) - StateMachineUpdater:f78c023a-1fec-49b9-86f3-237f0eaf7fc7:group-679A539EF65F: set stopIndex = 0
2019-08-22 21:59:29,844 [ForkJoinPool.commonPool-worker-1] INFO  impl.RaftServerImpl (ServerState.java:close(394)) - f78c023a-1fec-49b9-86f3-237f0eaf7fc7:group-679A539EF65F closes. The last applied log index is 0
2019-08-22 21:59:29,844 [f78c023a-1fec-49b9-86f3-237f0eaf7fc7-SegmentedRaftLogWorker:Storage Directory /workdir/hadoop-ozone/integration-test/target/test-dir/MiniOzoneClusterImpl-9aa50907-0cd2-4e2d-ac3b-81cb5cb09f60/datanode-2/data/ratis/416fcecb-a18b-4bc0-9695-679a539ef65f] INFO  segmented.SegmentedRaftLogWorker (SegmentedRaftLogWorker.java:run(313)) - f78c023a-1fec-49b9-86f3-237f0eaf7fc7-SegmentedRaftLogWorker:Storage Directory /workdir/hadoop-ozone/integration-test/target/test-dir/MiniOzoneClusterImpl-9aa50907-0cd2-4e2d-ac3b-81cb5cb09f60/datanode-2/data/ratis/416fcecb-a18b-4bc0-9695-679a539ef65f was interrupted, exiting. There are 0 tasks remaining in the queue.
2019-08-22 21:59:29,845 [ForkJoinPool.commonPool-worker-1] INFO  segmented.SegmentedRaftLogWorker (SegmentedRaftLogWorker.java:close(228)) - f78c023a-1fec-49b9-86f3-237f0eaf7fc7-SegmentedRaftLogWorker:Storage Directory /workdir/hadoop-ozone/integration-test/target/test-dir/MiniOzoneClusterImpl-9aa50907-0cd2-4e2d-ac3b-81cb5cb09f60/datanode-2/data/ratis/416fcecb-a18b-4bc0-9695-679a539ef65f close()
2019-08-22 21:59:29,846 [ForkJoinPool.commonPool-worker-1] INFO  impl.RaftServerImpl (RaftServerImpl.java:lambda$shutdown$3(245)) - f78c023a-1fec-49b9-86f3-237f0eaf7fc7: shutdown group-B4EF61EDDB35
2019-08-22 21:59:29,846 [ForkJoinPool.commonPool-worker-1] INFO  util.JmxRegister (JmxRegister.java:unregister(73)) - Successfully un-registered JMX Bean with object name Ratis:service=RaftServer,group=group-B4EF61EDDB35,id=f78c023a-1fec-49b9-86f3-237f0eaf7fc7
2019-08-22 21:59:29,846 [ForkJoinPool.commonPool-worker-1] INFO  impl.RoleInfo (RoleInfo.java:shutdownLeaderState(104)) - f78c023a-1fec-49b9-86f3-237f0eaf7fc7: shutdown LeaderState
2019-08-22 21:59:29,846 [ForkJoinPool.commonPool-worker-1] INFO  impl.PendingRequests (PendingRequests.java:sendNotLeaderResponses(202)) - f78c023a-1fec-49b9-86f3-237f0eaf7fc7-PendingRequests: sendNotLeaderResponses
2019-08-22 21:59:29,849 [ForkJoinPool.commonPool-worker-1] INFO  impl.StateMachineUpdater (StateMachineUpdater.java:stopAndJoin(115)) - StateMachineUpdater:f78c023a-1fec-49b9-86f3-237f0eaf7fc7:group-B4EF61EDDB35: set stopIndex = 2
2019-08-22 21:59:29,849 [ForkJoinPool.commonPool-worker-1] INFO  impl.RaftServerImpl (ServerState.java:close(394)) - f78c023a-1fec-49b9-86f3-237f0eaf7fc7:group-B4EF61EDDB35 closes. The last applied log index is 2
2019-08-22 21:59:29,849 [f78c023a-1fec-49b9-86f3-237f0eaf7fc7-SegmentedRaftLogWorker:Storage Directory /workdir/hadoop-ozone/integration-test/target/test-dir/MiniOzoneClusterImpl-9aa50907-0cd2-4e2d-ac3b-81cb5cb09f60/datanode-2/data/ratis/d9b33e55-1c6a-4d92-8202-b4ef61eddb35] INFO  segmented.SegmentedRaftLogWorker (SegmentedRaftLogWorker.java:run(313)) - f78c023a-1fec-49b9-86f3-237f0eaf7fc7-SegmentedRaftLogWorker:Storage Directory /workdir/hadoop-ozone/integration-test/target/test-dir/MiniOzoneClusterImpl-9aa50907-0cd2-4e2d-ac3b-81cb5cb09f60/datanode-2/data/ratis/d9b33e55-1c6a-4d92-8202-b4ef61eddb35 was interrupted, exiting. There are 0 tasks remaining in the queue.
2019-08-22 21:59:29,850 [ForkJoinPool.commonPool-worker-1] INFO  segmented.SegmentedRaftLogWorker (SegmentedRaftLogWorker.java:close(228)) - f78c023a-1fec-49b9-86f3-237f0eaf7fc7-SegmentedRaftLogWorker:Storage Directory /workdir/hadoop-ozone/integration-test/target/test-dir/MiniOzoneClusterImpl-9aa50907-0cd2-4e2d-ac3b-81cb5cb09f60/datanode-2/data/ratis/d9b33e55-1c6a-4d92-8202-b4ef61eddb35 close()
2019-08-22 21:59:29,851 [ForkJoinPool.commonPool-worker-1] INFO  server.GrpcService (GrpcService.java:closeImpl(155)) - f78c023a-1fec-49b9-86f3-237f0eaf7fc7: shutdown server with port 35167 now
2019-08-22 21:59:29,852 [ForkJoinPool.commonPool-worker-1] INFO  server.GrpcService (GrpcService.java:closeImpl(163)) - f78c023a-1fec-49b9-86f3-237f0eaf7fc7: shutdown server with port 35167 successfully
2019-08-22 21:59:29,853 [ForkJoinPool.commonPool-worker-1] INFO  utils.BackgroundService (BackgroundService.java:shutdown(148)) - Shutting down service BlockDeletingService
2019-08-22 21:59:29,854 [refreshUsed-/workdir/hadoop-ozone/integration-test/target/test-dir/MiniOzoneClusterImpl-9aa50907-0cd2-4e2d-ac3b-81cb5cb09f60/datanode-2/data/containers] WARN  fs.CachingGetSpaceUsed (CachingGetSpaceUsed.java:run(183)) - Thread Interrupted waiting to refresh disk information: sleep interrupted
2019-08-22 21:59:29,872 [ForkJoinPool.commonPool-worker-1] INFO  statemachine.DatanodeStateMachine (DatanodeStateMachine.java:stopDaemon(395)) - Ozone container server stopped.
2019-08-22 21:59:29,874 [ForkJoinPool.commonPool-worker-1] INFO  handler.ContextHandler (ContextHandler.java:doStop(910)) - Stopped o.e.j.w.WebAppContext@516213f8{/,null,UNAVAILABLE}{/hddsDatanode}
2019-08-22 21:59:29,874 [ForkJoinPool.commonPool-worker-1] INFO  server.AbstractConnector (AbstractConnector.java:doStop(318)) - Stopped ServerConnector@24ddd62{HTTP/1.1,[http/1.1]}{0.0.0.0:40346}
2019-08-22 21:59:29,875 [ForkJoinPool.commonPool-worker-1] INFO  handler.ContextHandler (ContextHandler.java:doStop(910)) - Stopped o.e.j.s.ServletContextHandler@4655ad3c{/static,jar:file:/home/user/.m2/repository/org/apache/hadoop/hadoop-hdds-container-service/0.5.0-SNAPSHOT/hadoop-hdds-container-service-0.5.0-SNAPSHOT.jar!/webapps/static,UNAVAILABLE}
2019-08-22 21:59:29,876 [ForkJoinPool.commonPool-worker-1] INFO  handler.ContextHandler (ContextHandler.java:doStop(910)) - Stopped o.e.j.s.ServletContextHandler@54ab46a4{/logs,file:///workdir/hadoop-ozone/integration-test/target/log,UNAVAILABLE}
2019-08-22 21:59:29,877 [main] INFO  ozone.MiniOzoneClusterImpl (MiniOzoneClusterImpl.java:stop(353)) - Stopping the StorageContainerManager
2019-08-22 21:59:29,877 [main] INFO  server.StorageContainerManager (StorageContainerManager.java:stop(797)) - Stopping Replication Manager Service.
2019-08-22 21:59:29,877 [main] INFO  container.ReplicationManager (ReplicationManager.java:stop(193)) - Stopping Replication Monitor Thread.
2019-08-22 21:59:29,877 [main] INFO  server.StorageContainerManager (StorageContainerManager.java:stop(804)) - Stopping Lease Manager of the command watchers
2019-08-22 21:59:29,878 [main] INFO  server.StorageContainerManager (StorageContainerManager.java:stop(811)) - Stopping datanode service RPC server
2019-08-22 21:59:29,878 [main] INFO  server.SCMDatanodeProtocolServer (SCMDatanodeProtocolServer.java:stop(367)) - Stopping the RPC server for DataNodes
2019-08-22 21:59:29,878 [main] INFO  ipc.Server (Server.java:stop(3082)) - Stopping server on 38458
2019-08-22 21:59:29,880 [IPC Server listener on 38458] INFO  ipc.Server (Server.java:run(1185)) - Stopping IPC Server listener on 38458
2019-08-22 21:59:29,880 [IPC Server Responder] INFO  ipc.Server (Server.java:run(1319)) - Stopping IPC Server Responder
2019-08-22 21:59:30,057 [SCM Heartbeat Processing Thread - 0] WARN  node.NodeStateManager (NodeStateManager.java:scheduleNextHealthCheck(646)) - Current Thread is interrupted, shutting down HB processing thread for Node Manager.
2019-08-22 21:59:30,057 [main] INFO  server.StorageContainerManager (StorageContainerManager.java:stop(819)) - Stopping block service RPC server
2019-08-22 21:59:30,058 [main] INFO  server.SCMBlockProtocolServer (SCMBlockProtocolServer.java:stop(148)) - Stopping the RPC server for Block Protocol
2019-08-22 21:59:30,058 [main] INFO  ipc.Server (Server.java:stop(3082)) - Stopping server on 42135
2019-08-22 21:59:30,060 [IPC Server listener on 42135] INFO  ipc.Server (Server.java:run(1185)) - Stopping IPC Server listener on 42135
2019-08-22 21:59:30,060 [main] INFO  server.StorageContainerManager (StorageContainerManager.java:stop(826)) - Stopping the StorageContainerLocationProtocol RPC server
2019-08-22 21:59:30,060 [main] INFO  server.SCMClientProtocolServer (SCMClientProtocolServer.java:stop(159)) - Stopping the RPC server for Client Protocol
2019-08-22 21:59:30,060 [IPC Server Responder] INFO  ipc.Server (Server.java:run(1319)) - Stopping IPC Server Responder
2019-08-22 21:59:30,061 [main] INFO  ipc.Server (Server.java:stop(3082)) - Stopping server on 34432
2019-08-22 21:59:30,063 [main] INFO  server.StorageContainerManager (StorageContainerManager.java:stop(833)) - Stopping Storage Container Manager HTTP server.
2019-08-22 21:59:30,063 [IPC Server listener on 34432] INFO  ipc.Server (Server.java:run(1185)) - Stopping IPC Server listener on 34432
2019-08-22 21:59:30,063 [IPC Server Responder] INFO  ipc.Server (Server.java:run(1319)) - Stopping IPC Server Responder
2019-08-22 21:59:30,065 [main] INFO  handler.ContextHandler (ContextHandler.java:doStop(910)) - Stopped o.e.j.w.WebAppContext@360f3908{/,null,UNAVAILABLE}{/scm}
2019-08-22 21:59:30,066 [main] INFO  server.AbstractConnector (AbstractConnector.java:doStop(318)) - Stopped ServerConnector@a398aef{HTTP/1.1,[http/1.1]}{0.0.0.0:0}
2019-08-22 21:59:30,066 [main] INFO  handler.ContextHandler (ContextHandler.java:doStop(910)) - Stopped o.e.j.s.ServletContextHandler@112912a5{/static,file:///workdir/hadoop-ozone/integration-test/target/test-classes/webapps/static,UNAVAILABLE}
2019-08-22 21:59:30,067 [main] INFO  handler.ContextHandler (ContextHandler.java:doStop(910)) - Stopped o.e.j.s.ServletContextHandler@e811beb{/logs,file:///workdir/hadoop-ozone/integration-test/target/log,UNAVAILABLE}
2019-08-22 21:59:30,068 [main] INFO  server.StorageContainerManager (StorageContainerManager.java:stop(844)) - Stopping Block Manager Service.
2019-08-22 21:59:30,068 [main] INFO  utils.BackgroundService (BackgroundService.java:shutdown(148)) - Shutting down service SCMBlockDeletingService
2019-08-22 21:59:30,068 [main] INFO  utils.BackgroundService (BackgroundService.java:shutdown(148)) - Shutting down service SCMBlockDeletingService
2019-08-22 21:59:30,069 [main] INFO  server.StorageContainerManager (StorageContainerManager.java:stop(866)) - Stopping SCM Event Queue.
2019-08-22 21:59:30,073 [main] INFO  impl.MetricsSystemImpl (MetricsSystemImpl.java:stop(210)) - Stopping HddsDatanode metrics system...
2019-08-22 21:59:30,079 [main] INFO  impl.MetricsSystemImpl (MetricsSystemImpl.java:stop(216)) - HddsDatanode metrics system stopped.
]]></system-out>
    <system-err><![CDATA[Aug 22, 2019 9:58:51 PM com.sun.jersey.server.impl.application.WebApplicationImpl _initiate
INFO: Initiating Jersey application, version 'Jersey: 1.19 02/11/2015 03:25 AM'
Aug 22, 2019 9:58:51 PM com.sun.jersey.server.impl.application.WebApplicationImpl _initiate
INFO: Initiating Jersey application, version 'Jersey: 1.19 02/11/2015 03:25 AM'
Aug 22, 2019 9:58:51 PM com.sun.jersey.server.impl.application.WebApplicationImpl _initiate
INFO: Initiating Jersey application, version 'Jersey: 1.19 02/11/2015 03:25 AM'
Aug 22, 2019 9:59:12 PM com.sun.jersey.server.impl.application.WebApplicationImpl _initiate
INFO: Initiating Jersey application, version 'Jersey: 1.19 02/11/2015 03:25 AM'
Aug 22, 2019 9:59:12 PM com.sun.jersey.server.impl.application.WebApplicationImpl _initiate
INFO: Initiating Jersey application, version 'Jersey: 1.19 02/11/2015 03:25 AM'
Aug 22, 2019 9:59:12 PM com.sun.jersey.server.impl.application.WebApplicationImpl _initiate
INFO: Initiating Jersey application, version 'Jersey: 1.19 02/11/2015 03:25 AM'
]]></system-err>
  </testcase>
</testsuite>