<?xml version="1.0" encoding="UTF-8"?>
<testsuite xmlns:xsi="http://www.w3.org/2001/XMLSchema-instance" xsi:noNamespaceSchemaLocation="https://maven.apache.org/surefire/maven-surefire-plugin/xsd/surefire-test-report.xsd" name="org.apache.hadoop.ozone.client.rpc.Test2WayCommitInRatis" time="36.591" tests="1" errors="1" skipped="0" failures="0">
  <properties>
    <property name="awt.toolkit" value="sun.awt.X11.XToolkit"/>
    <property name="file.encoding.pkg" value="sun.io"/>
    <property name="java.specification.version" value="1.8"/>
    <property name="sun.cpu.isalist" value=""/>
    <property name="sun.jnu.encoding" value="UTF-8"/>
    <property name="java.class.path" value="/workdir/hadoop-ozone/integration-test/target/test-classes:/workdir/hadoop-ozone/integration-test/target/classes:/home/user/.m2/repository/org/apache/hadoop/hadoop-ozone-common/0.5.0-SNAPSHOT/hadoop-ozone-common-0.5.0-SNAPSHOT.jar:/home/user/.m2/repository/org/apache/commons/commons-compress/1.4.1/commons-compress-1.4.1.jar:/home/user/.m2/repository/org/tukaani/xz/1.0/xz-1.0.jar:/home/user/.m2/repository/org/apache/hadoop/hadoop-common/3.2.0/hadoop-common-3.2.0.jar:/home/user/.m2/repository/org/apache/hadoop/hadoop-hdfs/3.2.0/hadoop-hdfs-3.2.0.jar:/home/user/.m2/repository/org/apache/hadoop/hadoop-hdfs-client/3.2.0/hadoop-hdfs-client-3.2.0.jar:/home/user/.m2/repository/com/fasterxml/jackson/core/jackson-annotations/2.9.5/jackson-annotations-2.9.5.jar:/home/user/.m2/repository/org/apache/hadoop/hadoop-hdds-common/0.5.0-SNAPSHOT/hadoop-hdds-common-0.5.0-SNAPSHOT.jar:/home/user/.m2/repository/javax/annotation/javax.annotation-api/1.2/javax.annotation-api-1.2.jar:/home/user/.m2/repository/org/apache/ratis/ratis-server/0.4.0-2337318-SNAPSHOT/ratis-server-0.4.0-2337318-SNAPSHOT.jar:/home/user/.m2/repository/org/apache/ratis/ratis-thirdparty-misc/0.2.0/ratis-thirdparty-misc-0.2.0.jar:/home/user/.m2/repository/org/apache/ratis/ratis-proto/0.4.0-2337318-SNAPSHOT/ratis-proto-0.4.0-2337318-SNAPSHOT.jar:/home/user/.m2/repository/org/apache/ratis/ratis-common/0.4.0-2337318-SNAPSHOT/ratis-common-0.4.0-2337318-SNAPSHOT.jar:/home/user/.m2/repository/org/apache/ratis/ratis-client/0.4.0-2337318-SNAPSHOT/ratis-client-0.4.0-2337318-SNAPSHOT.jar:/home/user/.m2/repository/org/apache/ratis/ratis-metrics/0.4.0-2337318-SNAPSHOT/ratis-metrics-0.4.0-2337318-SNAPSHOT.jar:/home/user/.m2/repository/org/apache/ratis/ratis-netty/0.4.0-2337318-SNAPSHOT/ratis-netty-0.4.0-2337318-SNAPSHOT.jar:/home/user/.m2/repository/org/apache/ratis/ratis-grpc/0.4.0-2337318-SNAPSHOT/ratis-grpc-0.4.0-2337318-SNAPSHOT.jar:/home/user/.m2/repository/org/rocksdb/rocksdbjni/6.0.1/rocksdbjni-6.0.1.jar:/home/user/.m2/repository/org/apache/logging/log4j/log4j-api/2.11.0/log4j-api-2.11.0.jar:/home/user/.m2/repository/org/apache/logging/log4j/log4j-core/2.11.0/log4j-core-2.11.0.jar:/home/user/.m2/repository/com/lmax/disruptor/3.4.2/disruptor-3.4.2.jar:/home/user/.m2/repository/org/apache/commons/commons-pool2/2.6.0/commons-pool2-2.6.0.jar:/home/user/.m2/repository/org/bouncycastle/bcpkix-jdk15on/1.60/bcpkix-jdk15on-1.60.jar:/home/user/.m2/repository/commons-validator/commons-validator/1.6/commons-validator-1.6.jar:/home/user/.m2/repository/commons-digester/commons-digester/1.8.1/commons-digester-1.8.1.jar:/home/user/.m2/repository/io/jaegertracing/jaeger-client/0.33.1/jaeger-client-0.33.1.jar:/home/user/.m2/repository/io/jaegertracing/jaeger-thrift/0.33.1/jaeger-thrift-0.33.1.jar:/home/user/.m2/repository/org/apache/thrift/libthrift/0.11.0/libthrift-0.11.0.jar:/home/user/.m2/repository/com/squareup/okhttp3/okhttp/3.9.0/okhttp-3.9.0.jar:/home/user/.m2/repository/com/squareup/okio/okio/1.13.0/okio-1.13.0.jar:/home/user/.m2/repository/io/jaegertracing/jaeger-core/0.33.1/jaeger-core-0.33.1.jar:/home/user/.m2/repository/io/jaegertracing/jaeger-tracerresolver/0.33.1/jaeger-tracerresolver-0.33.1.jar:/home/user/.m2/repository/io/opentracing/contrib/opentracing-tracerresolver/0.1.5/opentracing-tracerresolver-0.1.5.jar:/home/user/.m2/repository/io/opentracing/opentracing-util/0.31.0/opentracing-util-0.31.0.jar:/home/user/.m2/repository/io/opentracing/opentracing-api/0.31.0/opentracing-api-0.31.0.jar:/home/user/.m2/repository/io/opentracing/opentracing-noop/0.31.0/opentracing-noop-0.31.0.jar:/home/user/.m2/repository/org/apache/hadoop/hadoop-hdds-server-framework/0.5.0-SNAPSHOT/hadoop-hdds-server-framework-0.5.0-SNAPSHOT.jar:/home/user/.m2/repository/org/apache/hadoop/hadoop-hdds-container-service/0.5.0-SNAPSHOT/hadoop-hdds-container-service-0.5.0-SNAPSHOT.jar:/home/user/.m2/repository/org/apache/hadoop/hadoop-hdds-client/0.5.0-SNAPSHOT/hadoop-hdds-client-0.5.0-SNAPSHOT.jar:/home/user/.m2/repository/org/apache/hadoop/hadoop-hdds-tools/0.5.0-SNAPSHOT/hadoop-hdds-tools-0.5.0-SNAPSHOT.jar:/home/user/.m2/repository/org/apache/hadoop/hadoop-hdds-server-scm/0.5.0-SNAPSHOT/hadoop-hdds-server-scm-0.5.0-SNAPSHOT.jar:/home/user/.m2/repository/org/apache/hadoop/hadoop-hdds-docs/0.5.0-SNAPSHOT/hadoop-hdds-docs-0.5.0-SNAPSHOT.jar:/home/user/.m2/repository/io/dropwizard/metrics/metrics-core/3.2.4/metrics-core-3.2.4.jar:/home/user/.m2/repository/org/hamcrest/hamcrest-all/1.3/hamcrest-all-1.3.jar:/home/user/.m2/repository/org/bouncycastle/bcprov-jdk15on/1.60/bcprov-jdk15on-1.60.jar:/home/user/.m2/repository/info/picocli/picocli/3.9.6/picocli-3.9.6.jar:/home/user/.m2/repository/com/google/protobuf/protobuf-java/2.5.0/protobuf-java-2.5.0.jar:/home/user/.m2/repository/com/google/guava/guava/11.0.2/guava-11.0.2.jar:/home/user/.m2/repository/org/apache/hadoop/hadoop-ozone-ozone-manager/0.5.0-SNAPSHOT/hadoop-ozone-ozone-manager-0.5.0-SNAPSHOT.jar:/home/user/.m2/repository/org/apache/hadoop/hadoop-minikdc/3.2.0/hadoop-minikdc-3.2.0.jar:/home/user/.m2/repository/commons-io/commons-io/2.5/commons-io-2.5.jar:/home/user/.m2/repository/org/apache/kerby/kerb-simplekdc/1.0.1/kerb-simplekdc-1.0.1.jar:/home/user/.m2/repository/org/apache/kerby/kerb-client/1.0.1/kerb-client-1.0.1.jar:/home/user/.m2/repository/org/apache/kerby/kerby-config/1.0.1/kerby-config-1.0.1.jar:/home/user/.m2/repository/org/apache/kerby/kerb-core/1.0.1/kerb-core-1.0.1.jar:/home/user/.m2/repository/org/apache/kerby/kerby-pkix/1.0.1/kerby-pkix-1.0.1.jar:/home/user/.m2/repository/org/apache/kerby/kerby-asn1/1.0.1/kerby-asn1-1.0.1.jar:/home/user/.m2/repository/org/apache/kerby/kerby-util/1.0.1/kerby-util-1.0.1.jar:/home/user/.m2/repository/org/apache/kerby/kerb-common/1.0.1/kerb-common-1.0.1.jar:/home/user/.m2/repository/org/apache/kerby/kerb-crypto/1.0.1/kerb-crypto-1.0.1.jar:/home/user/.m2/repository/org/apache/kerby/kerb-util/1.0.1/kerb-util-1.0.1.jar:/home/user/.m2/repository/org/apache/kerby/token-provider/1.0.1/token-provider-1.0.1.jar:/home/user/.m2/repository/org/apache/kerby/kerb-admin/1.0.1/kerb-admin-1.0.1.jar:/home/user/.m2/repository/org/apache/kerby/kerb-server/1.0.1/kerb-server-1.0.1.jar:/home/user/.m2/repository/org/apache/kerby/kerb-identity/1.0.1/kerb-identity-1.0.1.jar:/home/user/.m2/repository/org/apache/kerby/kerby-xdr/1.0.1/kerby-xdr-1.0.1.jar:/home/user/.m2/repository/org/slf4j/slf4j-log4j12/1.7.25/slf4j-log4j12-1.7.25.jar:/home/user/.m2/repository/org/apache/hadoop/hadoop-ozone-objectstore-service/0.5.0-SNAPSHOT/hadoop-ozone-objectstore-service-0.5.0-SNAPSHOT.jar:/home/user/.m2/repository/org/apache/hadoop/hadoop-ozone-s3gateway/0.5.0-SNAPSHOT/hadoop-ozone-s3gateway-0.5.0-SNAPSHOT.jar:/home/user/.m2/repository/org/jboss/weld/servlet/weld-servlet/2.4.7.Final/weld-servlet-2.4.7.Final.jar:/home/user/.m2/repository/org/glassfish/jersey/containers/jersey-container-servlet-core/2.27/jersey-container-servlet-core-2.27.jar:/home/user/.m2/repository/org/glassfish/hk2/external/javax.inject/2.5.0-b42/javax.inject-2.5.0-b42.jar:/home/user/.m2/repository/org/glassfish/jersey/core/jersey-common/2.27/jersey-common-2.27.jar:/home/user/.m2/repository/org/glassfish/hk2/osgi-resource-locator/1.0.1/osgi-resource-locator-1.0.1.jar:/home/user/.m2/repository/javax/ws/rs/javax.ws.rs-api/2.1/javax.ws.rs-api-2.1.jar:/home/user/.m2/repository/org/glassfish/jersey/ext/cdi/jersey-cdi1x/2.27/jersey-cdi1x-2.27.jar:/home/user/.m2/repository/org/glassfish/jersey/inject/jersey-hk2/2.27/jersey-hk2-2.27.jar:/home/user/.m2/repository/org/glassfish/hk2/hk2-locator/2.5.0-b42/hk2-locator-2.5.0-b42.jar:/home/user/.m2/repository/org/javassist/javassist/3.22.0-CR2/javassist-3.22.0-CR2.jar:/home/user/.m2/repository/org/glassfish/hk2/hk2-api/2.5.0/hk2-api-2.5.0.jar:/home/user/.m2/repository/org/glassfish/hk2/external/jakarta.inject/2.5.0/jakarta.inject-2.5.0.jar:/home/user/.m2/repository/org/glassfish/hk2/hk2-utils/2.5.0/hk2-utils-2.5.0.jar:/home/user/.m2/repository/jakarta/annotation/jakarta.annotation-api/1.3.4/jakarta.annotation-api-1.3.4.jar:/home/user/.m2/repository/org/glassfish/hk2/external/aopalliance-repackaged/2.5.0/aopalliance-repackaged-2.5.0.jar:/home/user/.m2/repository/com/fasterxml/jackson/dataformat/jackson-dataformat-xml/2.9.0/jackson-dataformat-xml-2.9.0.jar:/home/user/.m2/repository/com/fasterxml/jackson/core/jackson-core/2.9.5/jackson-core-2.9.5.jar:/home/user/.m2/repository/com/fasterxml/jackson/module/jackson-module-jaxb-annotations/2.9.5/jackson-module-jaxb-annotations-2.9.5.jar:/home/user/.m2/repository/javax/enterprise/cdi-api/1.2/cdi-api-1.2.jar:/home/user/.m2/repository/javax/el/javax.el-api/3.0.0/javax.el-api-3.0.0.jar:/home/user/.m2/repository/javax/interceptor/javax.interceptor-api/1.2/javax.interceptor-api-1.2.jar:/home/user/.m2/repository/javax/inject/javax.inject/1/javax.inject-1.jar:/home/user/.m2/repository/com/sun/xml/bind/jaxb-impl/2.3.0.1/jaxb-impl-2.3.0.1.jar:/home/user/.m2/repository/com/sun/xml/bind/jaxb-core/2.3.0.1/jaxb-core-2.3.0.1.jar:/home/user/.m2/repository/javax/xml/bind/jaxb-api/2.3.0/jaxb-api-2.3.0.jar:/home/user/.m2/repository/javax/activation/activation/1.1.1/activation-1.1.1.jar:/home/user/.m2/repository/org/apache/hadoop/hadoop-ozone-csi/0.5.0-SNAPSHOT/hadoop-ozone-csi-0.5.0-SNAPSHOT.jar:/home/user/.m2/repository/com/google/protobuf/protobuf-java-util/3.5.1/protobuf-java-util-3.5.1.jar:/home/user/.m2/repository/org/apache/hadoop/hadoop-hdds-config/0.5.0-SNAPSHOT/hadoop-hdds-config-0.5.0-SNAPSHOT.jar:/home/user/.m2/repository/io/grpc/grpc-netty/1.17.1/grpc-netty-1.17.1.jar:/home/user/.m2/repository/io/grpc/grpc-core/1.17.1/grpc-core-1.17.1.jar:/home/user/.m2/repository/io/grpc/grpc-context/1.17.1/grpc-context-1.17.1.jar:/home/user/.m2/repository/com/google/errorprone/error_prone_annotations/2.2.0/error_prone_annotations-2.2.0.jar:/home/user/.m2/repository/org/codehaus/mojo/animal-sniffer-annotations/1.17/animal-sniffer-annotations-1.17.jar:/home/user/.m2/repository/io/opencensus/opencensus-api/0.17.0/opencensus-api-0.17.0.jar:/home/user/.m2/repository/io/opencensus/opencensus-contrib-grpc-metrics/0.17.0/opencensus-contrib-grpc-metrics-0.17.0.jar:/home/user/.m2/repository/io/netty/netty-codec-http2/4.1.30.Final/netty-codec-http2-4.1.30.Final.jar:/home/user/.m2/repository/io/netty/netty-codec-http/4.1.30.Final/netty-codec-http-4.1.30.Final.jar:/home/user/.m2/repository/io/netty/netty-codec/4.1.30.Final/netty-codec-4.1.30.Final.jar:/home/user/.m2/repository/io/netty/netty-handler/4.1.30.Final/netty-handler-4.1.30.Final.jar:/home/user/.m2/repository/io/netty/netty-handler-proxy/4.1.30.Final/netty-handler-proxy-4.1.30.Final.jar:/home/user/.m2/repository/io/netty/netty-codec-socks/4.1.30.Final/netty-codec-socks-4.1.30.Final.jar:/home/user/.m2/repository/io/netty/netty-transport-native-epoll/4.1.30.Final/netty-transport-native-epoll-4.1.30.Final.jar:/home/user/.m2/repository/io/netty/netty-common/4.1.30.Final/netty-common-4.1.30.Final.jar:/home/user/.m2/repository/io/netty/netty-buffer/4.1.30.Final/netty-buffer-4.1.30.Final.jar:/home/user/.m2/repository/io/netty/netty-transport/4.1.30.Final/netty-transport-4.1.30.Final.jar:/home/user/.m2/repository/io/netty/netty-resolver/4.1.30.Final/netty-resolver-4.1.30.Final.jar:/home/user/.m2/repository/io/netty/netty-transport-native-unix-common/4.1.30.Final/netty-transport-native-unix-common-4.1.30.Final.jar:/home/user/.m2/repository/io/grpc/grpc-protobuf/1.17.1/grpc-protobuf-1.17.1.jar:/home/user/.m2/repository/com/google/api/grpc/proto-google-common-protos/1.0.0/proto-google-common-protos-1.0.0.jar:/home/user/.m2/repository/io/grpc/grpc-protobuf-lite/1.17.1/grpc-protobuf-lite-1.17.1.jar:/home/user/.m2/repository/io/grpc/grpc-stub/1.17.1/grpc-stub-1.17.1.jar:/home/user/.m2/repository/org/apache/hadoop/hadoop-ozone-recon/0.5.0-SNAPSHOT/hadoop-ozone-recon-0.5.0-SNAPSHOT.jar:/home/user/.m2/repository/org/apache/hadoop/hadoop-ozone-reconcodegen/0.5.0-SNAPSHOT/hadoop-ozone-reconcodegen-0.5.0-SNAPSHOT.jar:/home/user/.m2/repository/com/google/inject/extensions/guice-multibindings/4.0/guice-multibindings-4.0.jar:/home/user/.m2/repository/com/google/inject/guice/4.0/guice-4.0.jar:/home/user/.m2/repository/aopalliance/aopalliance/1.0/aopalliance-1.0.jar:/home/user/.m2/repository/com/google/inject/extensions/guice-servlet/4.0/guice-servlet-4.0.jar:/home/user/.m2/repository/org/glassfish/jersey/containers/jersey-container-servlet/2.27/jersey-container-servlet-2.27.jar:/home/user/.m2/repository/org/glassfish/hk2/guice-bridge/2.5.0/guice-bridge-2.5.0.jar:/home/user/.m2/repository/org/glassfish/jersey/core/jersey-server/2.27/jersey-server-2.27.jar:/home/user/.m2/repository/org/glassfish/jersey/core/jersey-client/2.27/jersey-client-2.27.jar:/home/user/.m2/repository/org/glassfish/jersey/media/jersey-media-jaxb/2.27/jersey-media-jaxb-2.27.jar:/home/user/.m2/repository/javax/validation/validation-api/1.1.0.Final/validation-api-1.1.0.Final.jar:/home/user/.m2/repository/org/glassfish/jersey/media/jersey-media-json-jackson/2.27/jersey-media-json-jackson-2.27.jar:/home/user/.m2/repository/org/glassfish/jersey/ext/jersey-entity-filtering/2.27/jersey-entity-filtering-2.27.jar:/home/user/.m2/repository/com/google/inject/extensions/guice-assistedinject/4.0/guice-assistedinject-4.0.jar:/home/user/.m2/repository/org/jooq/jooq/3.11.10/jooq-3.11.10.jar:/home/user/.m2/repository/org/jooq/jooq-meta/3.11.10/jooq-meta-3.11.10.jar:/home/user/.m2/repository/org/jooq/jooq-codegen/3.11.10/jooq-codegen-3.11.10.jar:/home/user/.m2/repository/com/jolbox/bonecp/0.8.0.RELEASE/bonecp-0.8.0.RELEASE.jar:/home/user/.m2/repository/org/xerial/sqlite-jdbc/3.25.2/sqlite-jdbc-3.25.2.jar:/home/user/.m2/repository/org/springframework/spring-jdbc/5.1.3.RELEASE/spring-jdbc-5.1.3.RELEASE.jar:/home/user/.m2/repository/org/springframework/spring-beans/5.1.3.RELEASE/spring-beans-5.1.3.RELEASE.jar:/home/user/.m2/repository/org/springframework/spring-core/5.1.3.RELEASE/spring-core-5.1.3.RELEASE.jar:/home/user/.m2/repository/org/springframework/spring-jcl/5.1.3.RELEASE/spring-jcl-5.1.3.RELEASE.jar:/home/user/.m2/repository/org/springframework/spring-tx/5.1.3.RELEASE/spring-tx-5.1.3.RELEASE.jar:/home/user/.m2/repository/org/apache/hadoop/hadoop-ozone-client/0.5.0-SNAPSHOT/hadoop-ozone-client-0.5.0-SNAPSHOT.jar:/home/user/.m2/repository/commons-lang/commons-lang/2.6/commons-lang-2.6.jar:/home/user/.m2/repository/org/apache/hadoop/hadoop-ozone-ozone-manager/0.5.0-SNAPSHOT/hadoop-ozone-ozone-manager-0.5.0-SNAPSHOT-tests.jar:/home/user/.m2/repository/junit/junit/4.11/junit-4.11.jar:/home/user/.m2/repository/org/hamcrest/hamcrest-core/1.3/hamcrest-core-1.3.jar:/home/user/.m2/repository/org/openjdk/jmh/jmh-core/1.19/jmh-core-1.19.jar:/home/user/.m2/repository/net/sf/jopt-simple/jopt-simple/4.6/jopt-simple-4.6.jar:/home/user/.m2/repository/org/apache/commons/commons-math3/3.1.1/commons-math3-3.1.1.jar:/home/user/.m2/repository/org/openjdk/jmh/jmh-generator-annprocess/1.19/jmh-generator-annprocess-1.19.jar:/home/user/.m2/repository/org/mockito/mockito-all/1.8.5/mockito-all-1.8.5.jar:/home/user/.m2/repository/org/apache/hadoop/hadoop-kms/3.2.0/hadoop-kms-3.2.0.jar:/home/user/.m2/repository/org/apache/hadoop/hadoop-auth/3.2.0/hadoop-auth-3.2.0.jar:/home/user/.m2/repository/com/nimbusds/nimbus-jose-jwt/4.41.1/nimbus-jose-jwt-4.41.1.jar:/home/user/.m2/repository/com/github/stephenc/jcip/jcip-annotations/1.0-1/jcip-annotations-1.0-1.jar:/home/user/.m2/repository/net/minidev/json-smart/2.3/json-smart-2.3.jar:/home/user/.m2/repository/net/minidev/accessors-smart/1.2/accessors-smart-1.2.jar:/home/user/.m2/repository/org/ow2/asm/asm/5.0.4/asm-5.0.4.jar:/home/user/.m2/repository/org/apache/curator/curator-framework/2.12.0/curator-framework-2.12.0.jar:/home/user/.m2/repository/com/sun/jersey/jersey-core/1.19/jersey-core-1.19.jar:/home/user/.m2/repository/javax/ws/rs/jsr311-api/1.1.1/jsr311-api-1.1.1.jar:/home/user/.m2/repository/com/sun/jersey/jersey-server/1.19/jersey-server-1.19.jar:/home/user/.m2/repository/javax/servlet/javax.servlet-api/3.1.0/javax.servlet-api-3.1.0.jar:/home/user/.m2/repository/org/eclipse/jetty/jetty-server/9.3.24.v20180605/jetty-server-9.3.24.v20180605.jar:/home/user/.m2/repository/org/eclipse/jetty/jetty-http/9.3.24.v20180605/jetty-http-9.3.24.v20180605.jar:/home/user/.m2/repository/org/eclipse/jetty/jetty-io/9.3.24.v20180605/jetty-io-9.3.24.v20180605.jar:/home/user/.m2/repository/org/eclipse/jetty/jetty-webapp/9.3.24.v20180605/jetty-webapp-9.3.24.v20180605.jar:/home/user/.m2/repository/org/eclipse/jetty/jetty-xml/9.3.24.v20180605/jetty-xml-9.3.24.v20180605.jar:/home/user/.m2/repository/log4j/log4j/1.2.17/log4j-1.2.17.jar:/home/user/.m2/repository/org/slf4j/slf4j-api/1.7.25/slf4j-api-1.7.25.jar:/home/user/.m2/repository/org/slf4j/jul-to-slf4j/1.7.25/jul-to-slf4j-1.7.25.jar:/home/user/.m2/repository/org/eclipse/jetty/jetty-util/9.3.24.v20180605/jetty-util-9.3.24.v20180605.jar:/home/user/.m2/repository/com/fasterxml/jackson/core/jackson-databind/2.9.5/jackson-databind-2.9.5.jar:/home/user/.m2/repository/org/apache/hadoop/hadoop-kms/3.2.0/hadoop-kms-3.2.0-tests.jar:/home/user/.m2/repository/org/apache/hadoop/hadoop-hdds-server-scm/0.5.0-SNAPSHOT/hadoop-hdds-server-scm-0.5.0-SNAPSHOT-tests.jar:/home/user/.m2/repository/org/apache/hadoop/hadoop-hdds-container-service/0.5.0-SNAPSHOT/hadoop-hdds-container-service-0.5.0-SNAPSHOT-tests.jar:/home/user/.m2/repository/org/yaml/snakeyaml/1.16/snakeyaml-1.16.jar:/home/user/.m2/repository/org/apache/hadoop/hadoop-common/3.2.0/hadoop-common-3.2.0-tests.jar:/home/user/.m2/repository/org/apache/hadoop/hadoop-annotations/3.2.0/hadoop-annotations-3.2.0.jar:/usr/lib/jvm/java-1.8-openjdk/jre/../lib/tools.jar:/home/user/.m2/repository/commons-cli/commons-cli/1.2/commons-cli-1.2.jar:/home/user/.m2/repository/org/apache/httpcomponents/httpclient/4.5.2/httpclient-4.5.2.jar:/home/user/.m2/repository/org/apache/httpcomponents/httpcore/4.4.4/httpcore-4.4.4.jar:/home/user/.m2/repository/commons-codec/commons-codec/1.11/commons-codec-1.11.jar:/home/user/.m2/repository/commons-net/commons-net/3.6/commons-net-3.6.jar:/home/user/.m2/repository/commons-collections/commons-collections/3.2.2/commons-collections-3.2.2.jar:/home/user/.m2/repository/org/eclipse/jetty/jetty-servlet/9.3.24.v20180605/jetty-servlet-9.3.24.v20180605.jar:/home/user/.m2/repository/org/eclipse/jetty/jetty-security/9.3.24.v20180605/jetty-security-9.3.24.v20180605.jar:/home/user/.m2/repository/javax/servlet/jsp/jsp-api/2.1/jsp-api-2.1.jar:/home/user/.m2/repository/com/sun/jersey/jersey-servlet/1.19/jersey-servlet-1.19.jar:/home/user/.m2/repository/com/sun/jersey/jersey-json/1.19/jersey-json-1.19.jar:/home/user/.m2/repository/org/codehaus/jettison/jettison/1.1/jettison-1.1.jar:/home/user/.m2/repository/org/codehaus/jackson/jackson-core-asl/1.9.13/jackson-core-asl-1.9.13.jar:/home/user/.m2/repository/org/codehaus/jackson/jackson-mapper-asl/1.9.13/jackson-mapper-asl-1.9.13.jar:/home/user/.m2/repository/org/codehaus/jackson/jackson-jaxrs/1.9.13/jackson-jaxrs-1.9.13.jar:/home/user/.m2/repository/org/codehaus/jackson/jackson-xc/1.9.13/jackson-xc-1.9.13.jar:/home/user/.m2/repository/commons-logging/commons-logging/1.1.3/commons-logging-1.1.3.jar:/home/user/.m2/repository/commons-beanutils/commons-beanutils/1.9.3/commons-beanutils-1.9.3.jar:/home/user/.m2/repository/org/apache/commons/commons-configuration2/2.1.1/commons-configuration2-2.1.1.jar:/home/user/.m2/repository/org/apache/commons/commons-lang3/3.7/commons-lang3-3.7.jar:/home/user/.m2/repository/org/apache/commons/commons-text/1.4/commons-text-1.4.jar:/home/user/.m2/repository/org/apache/avro/avro/1.7.7/avro-1.7.7.jar:/home/user/.m2/repository/com/thoughtworks/paranamer/paranamer/2.3/paranamer-2.3.jar:/home/user/.m2/repository/org/xerial/snappy/snappy-java/1.0.5/snappy-java-1.0.5.jar:/home/user/.m2/repository/com/google/re2j/re2j/1.1/re2j-1.1.jar:/home/user/.m2/repository/com/google/code/gson/gson/2.2.4/gson-2.2.4.jar:/home/user/.m2/repository/com/jcraft/jsch/0.1.54/jsch-0.1.54.jar:/home/user/.m2/repository/org/apache/curator/curator-client/2.12.0/curator-client-2.12.0.jar:/home/user/.m2/repository/org/apache/curator/curator-recipes/2.12.0/curator-recipes-2.12.0.jar:/home/user/.m2/repository/com/google/code/findbugs/jsr305/3.0.0/jsr305-3.0.0.jar:/home/user/.m2/repository/org/apache/htrace/htrace-core4/4.1.0-incubating/htrace-core4-4.1.0-incubating.jar:/home/user/.m2/repository/org/apache/zookeeper/zookeeper/3.4.13/zookeeper-3.4.13.jar:/home/user/.m2/repository/org/apache/yetus/audience-annotations/0.5.0/audience-annotations-0.5.0.jar:/home/user/.m2/repository/org/codehaus/woodstox/stax2-api/3.1.4/stax2-api-3.1.4.jar:/home/user/.m2/repository/com/fasterxml/woodstox/woodstox-core/5.0.3/woodstox-core-5.0.3.jar:/home/user/.m2/repository/dnsjava/dnsjava/2.1.7/dnsjava-2.1.7.jar:/home/user/.m2/repository/org/apache/hadoop/hadoop-hdfs/3.2.0/hadoop-hdfs-3.2.0-tests.jar:/home/user/.m2/repository/org/eclipse/jetty/jetty-util-ajax/9.3.24.v20180605/jetty-util-ajax-9.3.24.v20180605.jar:/home/user/.m2/repository/commons-daemon/commons-daemon/1.0.13/commons-daemon-1.0.13.jar:/home/user/.m2/repository/io/netty/netty/3.10.5.Final/netty-3.10.5.Final.jar:/home/user/.m2/repository/io/netty/netty-all/4.0.52.Final/netty-all-4.0.52.Final.jar:/home/user/.m2/repository/org/fusesource/leveldbjni/leveldbjni-all/1.8/leveldbjni-all-1.8.jar:"/>
    <property name="java.vm.vendor" value="IcedTea"/>
    <property name="sun.arch.data.model" value="64"/>
    <property name="test.build.dir" value="/workdir/hadoop-ozone/integration-test/target/test-dir"/>
    <property name="test.cache.data" value=""/>
    <property name="java.vendor.url" value="https://icedtea.classpath.org"/>
    <property name="user.timezone" value=""/>
    <property name="java.vm.specification.version" value="1.8"/>
    <property name="os.name" value="Linux"/>
    <property name="test.build.data" value="/workdir/hadoop-ozone/integration-test/target/test-dir"/>
    <property name="user.country" value="US"/>
    <property name="sun.java.launcher" value="SUN_STANDARD"/>
    <property name="sun.boot.library.path" value="/usr/lib/jvm/java-1.8-openjdk/jre/lib/amd64"/>
    <property name="sun.java.command" value="/workdir/hadoop-ozone/integration-test/target/surefire/surefirebooter6774640303810523090.jar /workdir/hadoop-ozone/integration-test/target/surefire 2019-08-22T21-55-37_175-jvmRun1 surefire4834845282419014863tmp surefire_157083441788197407280tmp"/>
    <property name="test" value="!TestMiniChaosOzoneCluster"/>
    <property name="surefire.test.class.path" value="/workdir/hadoop-ozone/integration-test/target/test-classes:/workdir/hadoop-ozone/integration-test/target/classes:/home/user/.m2/repository/org/apache/hadoop/hadoop-ozone-common/0.5.0-SNAPSHOT/hadoop-ozone-common-0.5.0-SNAPSHOT.jar:/home/user/.m2/repository/org/apache/commons/commons-compress/1.4.1/commons-compress-1.4.1.jar:/home/user/.m2/repository/org/tukaani/xz/1.0/xz-1.0.jar:/home/user/.m2/repository/org/apache/hadoop/hadoop-common/3.2.0/hadoop-common-3.2.0.jar:/home/user/.m2/repository/org/apache/hadoop/hadoop-hdfs/3.2.0/hadoop-hdfs-3.2.0.jar:/home/user/.m2/repository/org/apache/hadoop/hadoop-hdfs-client/3.2.0/hadoop-hdfs-client-3.2.0.jar:/home/user/.m2/repository/com/fasterxml/jackson/core/jackson-annotations/2.9.5/jackson-annotations-2.9.5.jar:/home/user/.m2/repository/org/apache/hadoop/hadoop-hdds-common/0.5.0-SNAPSHOT/hadoop-hdds-common-0.5.0-SNAPSHOT.jar:/home/user/.m2/repository/javax/annotation/javax.annotation-api/1.2/javax.annotation-api-1.2.jar:/home/user/.m2/repository/org/apache/ratis/ratis-server/0.4.0-2337318-SNAPSHOT/ratis-server-0.4.0-2337318-SNAPSHOT.jar:/home/user/.m2/repository/org/apache/ratis/ratis-thirdparty-misc/0.2.0/ratis-thirdparty-misc-0.2.0.jar:/home/user/.m2/repository/org/apache/ratis/ratis-proto/0.4.0-2337318-SNAPSHOT/ratis-proto-0.4.0-2337318-SNAPSHOT.jar:/home/user/.m2/repository/org/apache/ratis/ratis-common/0.4.0-2337318-SNAPSHOT/ratis-common-0.4.0-2337318-SNAPSHOT.jar:/home/user/.m2/repository/org/apache/ratis/ratis-client/0.4.0-2337318-SNAPSHOT/ratis-client-0.4.0-2337318-SNAPSHOT.jar:/home/user/.m2/repository/org/apache/ratis/ratis-metrics/0.4.0-2337318-SNAPSHOT/ratis-metrics-0.4.0-2337318-SNAPSHOT.jar:/home/user/.m2/repository/org/apache/ratis/ratis-netty/0.4.0-2337318-SNAPSHOT/ratis-netty-0.4.0-2337318-SNAPSHOT.jar:/home/user/.m2/repository/org/apache/ratis/ratis-grpc/0.4.0-2337318-SNAPSHOT/ratis-grpc-0.4.0-2337318-SNAPSHOT.jar:/home/user/.m2/repository/org/rocksdb/rocksdbjni/6.0.1/rocksdbjni-6.0.1.jar:/home/user/.m2/repository/org/apache/logging/log4j/log4j-api/2.11.0/log4j-api-2.11.0.jar:/home/user/.m2/repository/org/apache/logging/log4j/log4j-core/2.11.0/log4j-core-2.11.0.jar:/home/user/.m2/repository/com/lmax/disruptor/3.4.2/disruptor-3.4.2.jar:/home/user/.m2/repository/org/apache/commons/commons-pool2/2.6.0/commons-pool2-2.6.0.jar:/home/user/.m2/repository/org/bouncycastle/bcpkix-jdk15on/1.60/bcpkix-jdk15on-1.60.jar:/home/user/.m2/repository/commons-validator/commons-validator/1.6/commons-validator-1.6.jar:/home/user/.m2/repository/commons-digester/commons-digester/1.8.1/commons-digester-1.8.1.jar:/home/user/.m2/repository/io/jaegertracing/jaeger-client/0.33.1/jaeger-client-0.33.1.jar:/home/user/.m2/repository/io/jaegertracing/jaeger-thrift/0.33.1/jaeger-thrift-0.33.1.jar:/home/user/.m2/repository/org/apache/thrift/libthrift/0.11.0/libthrift-0.11.0.jar:/home/user/.m2/repository/com/squareup/okhttp3/okhttp/3.9.0/okhttp-3.9.0.jar:/home/user/.m2/repository/com/squareup/okio/okio/1.13.0/okio-1.13.0.jar:/home/user/.m2/repository/io/jaegertracing/jaeger-core/0.33.1/jaeger-core-0.33.1.jar:/home/user/.m2/repository/io/jaegertracing/jaeger-tracerresolver/0.33.1/jaeger-tracerresolver-0.33.1.jar:/home/user/.m2/repository/io/opentracing/contrib/opentracing-tracerresolver/0.1.5/opentracing-tracerresolver-0.1.5.jar:/home/user/.m2/repository/io/opentracing/opentracing-util/0.31.0/opentracing-util-0.31.0.jar:/home/user/.m2/repository/io/opentracing/opentracing-api/0.31.0/opentracing-api-0.31.0.jar:/home/user/.m2/repository/io/opentracing/opentracing-noop/0.31.0/opentracing-noop-0.31.0.jar:/home/user/.m2/repository/org/apache/hadoop/hadoop-hdds-server-framework/0.5.0-SNAPSHOT/hadoop-hdds-server-framework-0.5.0-SNAPSHOT.jar:/home/user/.m2/repository/org/apache/hadoop/hadoop-hdds-container-service/0.5.0-SNAPSHOT/hadoop-hdds-container-service-0.5.0-SNAPSHOT.jar:/home/user/.m2/repository/org/apache/hadoop/hadoop-hdds-client/0.5.0-SNAPSHOT/hadoop-hdds-client-0.5.0-SNAPSHOT.jar:/home/user/.m2/repository/org/apache/hadoop/hadoop-hdds-tools/0.5.0-SNAPSHOT/hadoop-hdds-tools-0.5.0-SNAPSHOT.jar:/home/user/.m2/repository/org/apache/hadoop/hadoop-hdds-server-scm/0.5.0-SNAPSHOT/hadoop-hdds-server-scm-0.5.0-SNAPSHOT.jar:/home/user/.m2/repository/org/apache/hadoop/hadoop-hdds-docs/0.5.0-SNAPSHOT/hadoop-hdds-docs-0.5.0-SNAPSHOT.jar:/home/user/.m2/repository/io/dropwizard/metrics/metrics-core/3.2.4/metrics-core-3.2.4.jar:/home/user/.m2/repository/org/hamcrest/hamcrest-all/1.3/hamcrest-all-1.3.jar:/home/user/.m2/repository/org/bouncycastle/bcprov-jdk15on/1.60/bcprov-jdk15on-1.60.jar:/home/user/.m2/repository/info/picocli/picocli/3.9.6/picocli-3.9.6.jar:/home/user/.m2/repository/com/google/protobuf/protobuf-java/2.5.0/protobuf-java-2.5.0.jar:/home/user/.m2/repository/com/google/guava/guava/11.0.2/guava-11.0.2.jar:/home/user/.m2/repository/org/apache/hadoop/hadoop-ozone-ozone-manager/0.5.0-SNAPSHOT/hadoop-ozone-ozone-manager-0.5.0-SNAPSHOT.jar:/home/user/.m2/repository/org/apache/hadoop/hadoop-minikdc/3.2.0/hadoop-minikdc-3.2.0.jar:/home/user/.m2/repository/commons-io/commons-io/2.5/commons-io-2.5.jar:/home/user/.m2/repository/org/apache/kerby/kerb-simplekdc/1.0.1/kerb-simplekdc-1.0.1.jar:/home/user/.m2/repository/org/apache/kerby/kerb-client/1.0.1/kerb-client-1.0.1.jar:/home/user/.m2/repository/org/apache/kerby/kerby-config/1.0.1/kerby-config-1.0.1.jar:/home/user/.m2/repository/org/apache/kerby/kerb-core/1.0.1/kerb-core-1.0.1.jar:/home/user/.m2/repository/org/apache/kerby/kerby-pkix/1.0.1/kerby-pkix-1.0.1.jar:/home/user/.m2/repository/org/apache/kerby/kerby-asn1/1.0.1/kerby-asn1-1.0.1.jar:/home/user/.m2/repository/org/apache/kerby/kerby-util/1.0.1/kerby-util-1.0.1.jar:/home/user/.m2/repository/org/apache/kerby/kerb-common/1.0.1/kerb-common-1.0.1.jar:/home/user/.m2/repository/org/apache/kerby/kerb-crypto/1.0.1/kerb-crypto-1.0.1.jar:/home/user/.m2/repository/org/apache/kerby/kerb-util/1.0.1/kerb-util-1.0.1.jar:/home/user/.m2/repository/org/apache/kerby/token-provider/1.0.1/token-provider-1.0.1.jar:/home/user/.m2/repository/org/apache/kerby/kerb-admin/1.0.1/kerb-admin-1.0.1.jar:/home/user/.m2/repository/org/apache/kerby/kerb-server/1.0.1/kerb-server-1.0.1.jar:/home/user/.m2/repository/org/apache/kerby/kerb-identity/1.0.1/kerb-identity-1.0.1.jar:/home/user/.m2/repository/org/apache/kerby/kerby-xdr/1.0.1/kerby-xdr-1.0.1.jar:/home/user/.m2/repository/org/slf4j/slf4j-log4j12/1.7.25/slf4j-log4j12-1.7.25.jar:/home/user/.m2/repository/org/apache/hadoop/hadoop-ozone-objectstore-service/0.5.0-SNAPSHOT/hadoop-ozone-objectstore-service-0.5.0-SNAPSHOT.jar:/home/user/.m2/repository/org/apache/hadoop/hadoop-ozone-s3gateway/0.5.0-SNAPSHOT/hadoop-ozone-s3gateway-0.5.0-SNAPSHOT.jar:/home/user/.m2/repository/org/jboss/weld/servlet/weld-servlet/2.4.7.Final/weld-servlet-2.4.7.Final.jar:/home/user/.m2/repository/org/glassfish/jersey/containers/jersey-container-servlet-core/2.27/jersey-container-servlet-core-2.27.jar:/home/user/.m2/repository/org/glassfish/hk2/external/javax.inject/2.5.0-b42/javax.inject-2.5.0-b42.jar:/home/user/.m2/repository/org/glassfish/jersey/core/jersey-common/2.27/jersey-common-2.27.jar:/home/user/.m2/repository/org/glassfish/hk2/osgi-resource-locator/1.0.1/osgi-resource-locator-1.0.1.jar:/home/user/.m2/repository/javax/ws/rs/javax.ws.rs-api/2.1/javax.ws.rs-api-2.1.jar:/home/user/.m2/repository/org/glassfish/jersey/ext/cdi/jersey-cdi1x/2.27/jersey-cdi1x-2.27.jar:/home/user/.m2/repository/org/glassfish/jersey/inject/jersey-hk2/2.27/jersey-hk2-2.27.jar:/home/user/.m2/repository/org/glassfish/hk2/hk2-locator/2.5.0-b42/hk2-locator-2.5.0-b42.jar:/home/user/.m2/repository/org/javassist/javassist/3.22.0-CR2/javassist-3.22.0-CR2.jar:/home/user/.m2/repository/org/glassfish/hk2/hk2-api/2.5.0/hk2-api-2.5.0.jar:/home/user/.m2/repository/org/glassfish/hk2/external/jakarta.inject/2.5.0/jakarta.inject-2.5.0.jar:/home/user/.m2/repository/org/glassfish/hk2/hk2-utils/2.5.0/hk2-utils-2.5.0.jar:/home/user/.m2/repository/jakarta/annotation/jakarta.annotation-api/1.3.4/jakarta.annotation-api-1.3.4.jar:/home/user/.m2/repository/org/glassfish/hk2/external/aopalliance-repackaged/2.5.0/aopalliance-repackaged-2.5.0.jar:/home/user/.m2/repository/com/fasterxml/jackson/dataformat/jackson-dataformat-xml/2.9.0/jackson-dataformat-xml-2.9.0.jar:/home/user/.m2/repository/com/fasterxml/jackson/core/jackson-core/2.9.5/jackson-core-2.9.5.jar:/home/user/.m2/repository/com/fasterxml/jackson/module/jackson-module-jaxb-annotations/2.9.5/jackson-module-jaxb-annotations-2.9.5.jar:/home/user/.m2/repository/javax/enterprise/cdi-api/1.2/cdi-api-1.2.jar:/home/user/.m2/repository/javax/el/javax.el-api/3.0.0/javax.el-api-3.0.0.jar:/home/user/.m2/repository/javax/interceptor/javax.interceptor-api/1.2/javax.interceptor-api-1.2.jar:/home/user/.m2/repository/javax/inject/javax.inject/1/javax.inject-1.jar:/home/user/.m2/repository/com/sun/xml/bind/jaxb-impl/2.3.0.1/jaxb-impl-2.3.0.1.jar:/home/user/.m2/repository/com/sun/xml/bind/jaxb-core/2.3.0.1/jaxb-core-2.3.0.1.jar:/home/user/.m2/repository/javax/xml/bind/jaxb-api/2.3.0/jaxb-api-2.3.0.jar:/home/user/.m2/repository/javax/activation/activation/1.1.1/activation-1.1.1.jar:/home/user/.m2/repository/org/apache/hadoop/hadoop-ozone-csi/0.5.0-SNAPSHOT/hadoop-ozone-csi-0.5.0-SNAPSHOT.jar:/home/user/.m2/repository/com/google/protobuf/protobuf-java-util/3.5.1/protobuf-java-util-3.5.1.jar:/home/user/.m2/repository/org/apache/hadoop/hadoop-hdds-config/0.5.0-SNAPSHOT/hadoop-hdds-config-0.5.0-SNAPSHOT.jar:/home/user/.m2/repository/io/grpc/grpc-netty/1.17.1/grpc-netty-1.17.1.jar:/home/user/.m2/repository/io/grpc/grpc-core/1.17.1/grpc-core-1.17.1.jar:/home/user/.m2/repository/io/grpc/grpc-context/1.17.1/grpc-context-1.17.1.jar:/home/user/.m2/repository/com/google/errorprone/error_prone_annotations/2.2.0/error_prone_annotations-2.2.0.jar:/home/user/.m2/repository/org/codehaus/mojo/animal-sniffer-annotations/1.17/animal-sniffer-annotations-1.17.jar:/home/user/.m2/repository/io/opencensus/opencensus-api/0.17.0/opencensus-api-0.17.0.jar:/home/user/.m2/repository/io/opencensus/opencensus-contrib-grpc-metrics/0.17.0/opencensus-contrib-grpc-metrics-0.17.0.jar:/home/user/.m2/repository/io/netty/netty-codec-http2/4.1.30.Final/netty-codec-http2-4.1.30.Final.jar:/home/user/.m2/repository/io/netty/netty-codec-http/4.1.30.Final/netty-codec-http-4.1.30.Final.jar:/home/user/.m2/repository/io/netty/netty-codec/4.1.30.Final/netty-codec-4.1.30.Final.jar:/home/user/.m2/repository/io/netty/netty-handler/4.1.30.Final/netty-handler-4.1.30.Final.jar:/home/user/.m2/repository/io/netty/netty-handler-proxy/4.1.30.Final/netty-handler-proxy-4.1.30.Final.jar:/home/user/.m2/repository/io/netty/netty-codec-socks/4.1.30.Final/netty-codec-socks-4.1.30.Final.jar:/home/user/.m2/repository/io/netty/netty-transport-native-epoll/4.1.30.Final/netty-transport-native-epoll-4.1.30.Final.jar:/home/user/.m2/repository/io/netty/netty-common/4.1.30.Final/netty-common-4.1.30.Final.jar:/home/user/.m2/repository/io/netty/netty-buffer/4.1.30.Final/netty-buffer-4.1.30.Final.jar:/home/user/.m2/repository/io/netty/netty-transport/4.1.30.Final/netty-transport-4.1.30.Final.jar:/home/user/.m2/repository/io/netty/netty-resolver/4.1.30.Final/netty-resolver-4.1.30.Final.jar:/home/user/.m2/repository/io/netty/netty-transport-native-unix-common/4.1.30.Final/netty-transport-native-unix-common-4.1.30.Final.jar:/home/user/.m2/repository/io/grpc/grpc-protobuf/1.17.1/grpc-protobuf-1.17.1.jar:/home/user/.m2/repository/com/google/api/grpc/proto-google-common-protos/1.0.0/proto-google-common-protos-1.0.0.jar:/home/user/.m2/repository/io/grpc/grpc-protobuf-lite/1.17.1/grpc-protobuf-lite-1.17.1.jar:/home/user/.m2/repository/io/grpc/grpc-stub/1.17.1/grpc-stub-1.17.1.jar:/home/user/.m2/repository/org/apache/hadoop/hadoop-ozone-recon/0.5.0-SNAPSHOT/hadoop-ozone-recon-0.5.0-SNAPSHOT.jar:/home/user/.m2/repository/org/apache/hadoop/hadoop-ozone-reconcodegen/0.5.0-SNAPSHOT/hadoop-ozone-reconcodegen-0.5.0-SNAPSHOT.jar:/home/user/.m2/repository/com/google/inject/extensions/guice-multibindings/4.0/guice-multibindings-4.0.jar:/home/user/.m2/repository/com/google/inject/guice/4.0/guice-4.0.jar:/home/user/.m2/repository/aopalliance/aopalliance/1.0/aopalliance-1.0.jar:/home/user/.m2/repository/com/google/inject/extensions/guice-servlet/4.0/guice-servlet-4.0.jar:/home/user/.m2/repository/org/glassfish/jersey/containers/jersey-container-servlet/2.27/jersey-container-servlet-2.27.jar:/home/user/.m2/repository/org/glassfish/hk2/guice-bridge/2.5.0/guice-bridge-2.5.0.jar:/home/user/.m2/repository/org/glassfish/jersey/core/jersey-server/2.27/jersey-server-2.27.jar:/home/user/.m2/repository/org/glassfish/jersey/core/jersey-client/2.27/jersey-client-2.27.jar:/home/user/.m2/repository/org/glassfish/jersey/media/jersey-media-jaxb/2.27/jersey-media-jaxb-2.27.jar:/home/user/.m2/repository/javax/validation/validation-api/1.1.0.Final/validation-api-1.1.0.Final.jar:/home/user/.m2/repository/org/glassfish/jersey/media/jersey-media-json-jackson/2.27/jersey-media-json-jackson-2.27.jar:/home/user/.m2/repository/org/glassfish/jersey/ext/jersey-entity-filtering/2.27/jersey-entity-filtering-2.27.jar:/home/user/.m2/repository/com/google/inject/extensions/guice-assistedinject/4.0/guice-assistedinject-4.0.jar:/home/user/.m2/repository/org/jooq/jooq/3.11.10/jooq-3.11.10.jar:/home/user/.m2/repository/org/jooq/jooq-meta/3.11.10/jooq-meta-3.11.10.jar:/home/user/.m2/repository/org/jooq/jooq-codegen/3.11.10/jooq-codegen-3.11.10.jar:/home/user/.m2/repository/com/jolbox/bonecp/0.8.0.RELEASE/bonecp-0.8.0.RELEASE.jar:/home/user/.m2/repository/org/xerial/sqlite-jdbc/3.25.2/sqlite-jdbc-3.25.2.jar:/home/user/.m2/repository/org/springframework/spring-jdbc/5.1.3.RELEASE/spring-jdbc-5.1.3.RELEASE.jar:/home/user/.m2/repository/org/springframework/spring-beans/5.1.3.RELEASE/spring-beans-5.1.3.RELEASE.jar:/home/user/.m2/repository/org/springframework/spring-core/5.1.3.RELEASE/spring-core-5.1.3.RELEASE.jar:/home/user/.m2/repository/org/springframework/spring-jcl/5.1.3.RELEASE/spring-jcl-5.1.3.RELEASE.jar:/home/user/.m2/repository/org/springframework/spring-tx/5.1.3.RELEASE/spring-tx-5.1.3.RELEASE.jar:/home/user/.m2/repository/org/apache/hadoop/hadoop-ozone-client/0.5.0-SNAPSHOT/hadoop-ozone-client-0.5.0-SNAPSHOT.jar:/home/user/.m2/repository/commons-lang/commons-lang/2.6/commons-lang-2.6.jar:/home/user/.m2/repository/org/apache/hadoop/hadoop-ozone-ozone-manager/0.5.0-SNAPSHOT/hadoop-ozone-ozone-manager-0.5.0-SNAPSHOT-tests.jar:/home/user/.m2/repository/junit/junit/4.11/junit-4.11.jar:/home/user/.m2/repository/org/hamcrest/hamcrest-core/1.3/hamcrest-core-1.3.jar:/home/user/.m2/repository/org/openjdk/jmh/jmh-core/1.19/jmh-core-1.19.jar:/home/user/.m2/repository/net/sf/jopt-simple/jopt-simple/4.6/jopt-simple-4.6.jar:/home/user/.m2/repository/org/apache/commons/commons-math3/3.1.1/commons-math3-3.1.1.jar:/home/user/.m2/repository/org/openjdk/jmh/jmh-generator-annprocess/1.19/jmh-generator-annprocess-1.19.jar:/home/user/.m2/repository/org/mockito/mockito-all/1.8.5/mockito-all-1.8.5.jar:/home/user/.m2/repository/org/apache/hadoop/hadoop-kms/3.2.0/hadoop-kms-3.2.0.jar:/home/user/.m2/repository/org/apache/hadoop/hadoop-auth/3.2.0/hadoop-auth-3.2.0.jar:/home/user/.m2/repository/com/nimbusds/nimbus-jose-jwt/4.41.1/nimbus-jose-jwt-4.41.1.jar:/home/user/.m2/repository/com/github/stephenc/jcip/jcip-annotations/1.0-1/jcip-annotations-1.0-1.jar:/home/user/.m2/repository/net/minidev/json-smart/2.3/json-smart-2.3.jar:/home/user/.m2/repository/net/minidev/accessors-smart/1.2/accessors-smart-1.2.jar:/home/user/.m2/repository/org/ow2/asm/asm/5.0.4/asm-5.0.4.jar:/home/user/.m2/repository/org/apache/curator/curator-framework/2.12.0/curator-framework-2.12.0.jar:/home/user/.m2/repository/com/sun/jersey/jersey-core/1.19/jersey-core-1.19.jar:/home/user/.m2/repository/javax/ws/rs/jsr311-api/1.1.1/jsr311-api-1.1.1.jar:/home/user/.m2/repository/com/sun/jersey/jersey-server/1.19/jersey-server-1.19.jar:/home/user/.m2/repository/javax/servlet/javax.servlet-api/3.1.0/javax.servlet-api-3.1.0.jar:/home/user/.m2/repository/org/eclipse/jetty/jetty-server/9.3.24.v20180605/jetty-server-9.3.24.v20180605.jar:/home/user/.m2/repository/org/eclipse/jetty/jetty-http/9.3.24.v20180605/jetty-http-9.3.24.v20180605.jar:/home/user/.m2/repository/org/eclipse/jetty/jetty-io/9.3.24.v20180605/jetty-io-9.3.24.v20180605.jar:/home/user/.m2/repository/org/eclipse/jetty/jetty-webapp/9.3.24.v20180605/jetty-webapp-9.3.24.v20180605.jar:/home/user/.m2/repository/org/eclipse/jetty/jetty-xml/9.3.24.v20180605/jetty-xml-9.3.24.v20180605.jar:/home/user/.m2/repository/log4j/log4j/1.2.17/log4j-1.2.17.jar:/home/user/.m2/repository/org/slf4j/slf4j-api/1.7.25/slf4j-api-1.7.25.jar:/home/user/.m2/repository/org/slf4j/jul-to-slf4j/1.7.25/jul-to-slf4j-1.7.25.jar:/home/user/.m2/repository/org/eclipse/jetty/jetty-util/9.3.24.v20180605/jetty-util-9.3.24.v20180605.jar:/home/user/.m2/repository/com/fasterxml/jackson/core/jackson-databind/2.9.5/jackson-databind-2.9.5.jar:/home/user/.m2/repository/org/apache/hadoop/hadoop-kms/3.2.0/hadoop-kms-3.2.0-tests.jar:/home/user/.m2/repository/org/apache/hadoop/hadoop-hdds-server-scm/0.5.0-SNAPSHOT/hadoop-hdds-server-scm-0.5.0-SNAPSHOT-tests.jar:/home/user/.m2/repository/org/apache/hadoop/hadoop-hdds-container-service/0.5.0-SNAPSHOT/hadoop-hdds-container-service-0.5.0-SNAPSHOT-tests.jar:/home/user/.m2/repository/org/yaml/snakeyaml/1.16/snakeyaml-1.16.jar:/home/user/.m2/repository/org/apache/hadoop/hadoop-common/3.2.0/hadoop-common-3.2.0-tests.jar:/home/user/.m2/repository/org/apache/hadoop/hadoop-annotations/3.2.0/hadoop-annotations-3.2.0.jar:/usr/lib/jvm/java-1.8-openjdk/jre/../lib/tools.jar:/home/user/.m2/repository/commons-cli/commons-cli/1.2/commons-cli-1.2.jar:/home/user/.m2/repository/org/apache/httpcomponents/httpclient/4.5.2/httpclient-4.5.2.jar:/home/user/.m2/repository/org/apache/httpcomponents/httpcore/4.4.4/httpcore-4.4.4.jar:/home/user/.m2/repository/commons-codec/commons-codec/1.11/commons-codec-1.11.jar:/home/user/.m2/repository/commons-net/commons-net/3.6/commons-net-3.6.jar:/home/user/.m2/repository/commons-collections/commons-collections/3.2.2/commons-collections-3.2.2.jar:/home/user/.m2/repository/org/eclipse/jetty/jetty-servlet/9.3.24.v20180605/jetty-servlet-9.3.24.v20180605.jar:/home/user/.m2/repository/org/eclipse/jetty/jetty-security/9.3.24.v20180605/jetty-security-9.3.24.v20180605.jar:/home/user/.m2/repository/javax/servlet/jsp/jsp-api/2.1/jsp-api-2.1.jar:/home/user/.m2/repository/com/sun/jersey/jersey-servlet/1.19/jersey-servlet-1.19.jar:/home/user/.m2/repository/com/sun/jersey/jersey-json/1.19/jersey-json-1.19.jar:/home/user/.m2/repository/org/codehaus/jettison/jettison/1.1/jettison-1.1.jar:/home/user/.m2/repository/org/codehaus/jackson/jackson-core-asl/1.9.13/jackson-core-asl-1.9.13.jar:/home/user/.m2/repository/org/codehaus/jackson/jackson-mapper-asl/1.9.13/jackson-mapper-asl-1.9.13.jar:/home/user/.m2/repository/org/codehaus/jackson/jackson-jaxrs/1.9.13/jackson-jaxrs-1.9.13.jar:/home/user/.m2/repository/org/codehaus/jackson/jackson-xc/1.9.13/jackson-xc-1.9.13.jar:/home/user/.m2/repository/commons-logging/commons-logging/1.1.3/commons-logging-1.1.3.jar:/home/user/.m2/repository/commons-beanutils/commons-beanutils/1.9.3/commons-beanutils-1.9.3.jar:/home/user/.m2/repository/org/apache/commons/commons-configuration2/2.1.1/commons-configuration2-2.1.1.jar:/home/user/.m2/repository/org/apache/commons/commons-lang3/3.7/commons-lang3-3.7.jar:/home/user/.m2/repository/org/apache/commons/commons-text/1.4/commons-text-1.4.jar:/home/user/.m2/repository/org/apache/avro/avro/1.7.7/avro-1.7.7.jar:/home/user/.m2/repository/com/thoughtworks/paranamer/paranamer/2.3/paranamer-2.3.jar:/home/user/.m2/repository/org/xerial/snappy/snappy-java/1.0.5/snappy-java-1.0.5.jar:/home/user/.m2/repository/com/google/re2j/re2j/1.1/re2j-1.1.jar:/home/user/.m2/repository/com/google/code/gson/gson/2.2.4/gson-2.2.4.jar:/home/user/.m2/repository/com/jcraft/jsch/0.1.54/jsch-0.1.54.jar:/home/user/.m2/repository/org/apache/curator/curator-client/2.12.0/curator-client-2.12.0.jar:/home/user/.m2/repository/org/apache/curator/curator-recipes/2.12.0/curator-recipes-2.12.0.jar:/home/user/.m2/repository/com/google/code/findbugs/jsr305/3.0.0/jsr305-3.0.0.jar:/home/user/.m2/repository/org/apache/htrace/htrace-core4/4.1.0-incubating/htrace-core4-4.1.0-incubating.jar:/home/user/.m2/repository/org/apache/zookeeper/zookeeper/3.4.13/zookeeper-3.4.13.jar:/home/user/.m2/repository/org/apache/yetus/audience-annotations/0.5.0/audience-annotations-0.5.0.jar:/home/user/.m2/repository/org/codehaus/woodstox/stax2-api/3.1.4/stax2-api-3.1.4.jar:/home/user/.m2/repository/com/fasterxml/woodstox/woodstox-core/5.0.3/woodstox-core-5.0.3.jar:/home/user/.m2/repository/dnsjava/dnsjava/2.1.7/dnsjava-2.1.7.jar:/home/user/.m2/repository/org/apache/hadoop/hadoop-hdfs/3.2.0/hadoop-hdfs-3.2.0-tests.jar:/home/user/.m2/repository/org/eclipse/jetty/jetty-util-ajax/9.3.24.v20180605/jetty-util-ajax-9.3.24.v20180605.jar:/home/user/.m2/repository/commons-daemon/commons-daemon/1.0.13/commons-daemon-1.0.13.jar:/home/user/.m2/repository/io/netty/netty/3.10.5.Final/netty-3.10.5.Final.jar:/home/user/.m2/repository/io/netty/netty-all/4.0.52.Final/netty-all-4.0.52.Final.jar:/home/user/.m2/repository/org/fusesource/leveldbjni/leveldbjni-all/1.8/leveldbjni-all-1.8.jar:"/>
    <property name="sun.cpu.endian" value="little"/>
    <property name="user.home" value="/home/user"/>
    <property name="user.language" value="en"/>
    <property name="java.specification.vendor" value="Oracle Corporation"/>
    <property name="java.home" value="/usr/lib/jvm/java-1.8-openjdk/jre"/>
    <property name="java.security.krb5.conf" value="/workdir/hadoop-ozone/integration-test/target/test-classes/krb5.conf"/>
    <property name="basedir" value="/workdir/hadoop-ozone/integration-test"/>
    <property name="file.separator" value="/"/>
    <property name="line.separator" value="&#10;"/>
    <property name="java.vm.specification.vendor" value="Oracle Corporation"/>
    <property name="java.specification.name" value="Java Platform API Specification"/>
    <property name="java.awt.graphicsenv" value="sun.awt.X11GraphicsEnvironment"/>
    <property name="surefire.real.class.path" value="/workdir/hadoop-ozone/integration-test/target/surefire/surefirebooter6774640303810523090.jar"/>
    <property name="hadoop.log.dir" value="/workdir/hadoop-ozone/integration-test/target/log"/>
    <property name="sun.boot.class.path" value="/usr/lib/jvm/java-1.8-openjdk/jre/lib/resources.jar:/usr/lib/jvm/java-1.8-openjdk/jre/lib/rt.jar:/usr/lib/jvm/java-1.8-openjdk/jre/lib/sunrsasign.jar:/usr/lib/jvm/java-1.8-openjdk/jre/lib/jsse.jar:/usr/lib/jvm/java-1.8-openjdk/jre/lib/jce.jar:/usr/lib/jvm/java-1.8-openjdk/jre/lib/charsets.jar:/usr/lib/jvm/java-1.8-openjdk/jre/lib/jfr.jar:/usr/lib/jvm/java-1.8-openjdk/jre/classes"/>
    <property name="sun.management.compiler" value="HotSpot 64-Bit Tiered Compilers"/>
    <property name="java.runtime.version" value="1.8.0_212-b04"/>
    <property name="java.net.preferIPv4Stack" value="true"/>
    <property name="user.name" value="jenkins1000"/>
    <property name="path.separator" value=":"/>
    <property name="java.security.egd" value="file:///dev/urandom"/>
    <property name="os.version" value="3.10.0-957.12.2.el7.x86_64"/>
    <property name="java.endorsed.dirs" value="/usr/lib/jvm/java-1.8-openjdk/jre/lib/endorsed"/>
    <property name="java.runtime.name" value="OpenJDK Runtime Environment"/>
    <property name="file.encoding" value="UTF-8"/>
    <property name="java.vm.name" value="OpenJDK 64-Bit Server VM"/>
    <property name="test.build.webapps" value=""/>
    <property name="localRepository" value="/home/user/.m2/repository"/>
    <property name="java.vendor.url.bug" value="https://icedtea.classpath.org/bugzilla"/>
    <property name="java.io.tmpdir" value="/tmp"/>
    <property name="require.test.libhadoop" value=""/>
    <property name="java.version" value="1.8.0_212"/>
    <property name="user.dir" value="/workdir/hadoop-ozone/integration-test"/>
    <property name="os.arch" value="amd64"/>
    <property name="java.vm.specification.name" value="Java Virtual Machine Specification"/>
    <property name="test.build.classes" value="/workdir/hadoop-ozone/integration-test/target/test-classes"/>
    <property name="java.awt.printerjob" value="sun.print.PSPrinterJob"/>
    <property name="sun.os.patch.level" value="unknown"/>
    <property name="hadoop.tmp.dir" value="/workdir/hadoop-ozone/integration-test/target/tmp"/>
    <property name="java.library.path" value="/usr/lib/jvm/java-1.8-openjdk/jre/lib/amd64/server:/usr/lib/jvm/java-1.8-openjdk/jre/lib/amd64:/usr/lib/jvm/java-1.8-openjdk/jre/../lib/amd64:/workdir/hadoop-ozone/integration-test/target/native/target/usr/local/lib:/workdir/hadoop-ozone/integration-test/../../hadoop-common-project/hadoop-common/target/native/target/usr/local/lib:/usr/java/packages/lib/amd64:/usr/lib64:/lib64:/lib:/usr/lib"/>
    <property name="java.vm.info" value="mixed mode"/>
    <property name="java.vendor" value="IcedTea"/>
    <property name="java.vm.version" value="25.212-b04"/>
    <property name="java.ext.dirs" value="/usr/lib/jvm/java-1.8-openjdk/jre/lib/ext:/usr/java/packages/lib/ext"/>
    <property name="sun.io.unicode.encoding" value="UnicodeLittle"/>
    <property name="java.class.version" value="52.0"/>
  </properties>
  <testcase name="test2WayCommitForRetryfailure" classname="org.apache.hadoop.ozone.client.rpc.Test2WayCommitInRatis" time="36.524">
    <error message="org.apache.ratis.protocol.RaftRetryFailureException: Failed RaftClientRequest:client-0A7B88AEA72D-&gt;da272425-beaf-4e2f-8d68-d332ab7aa6f3@group-0088140607CC, cid=14, seq=2*, RW, org.apache.hadoop.hdds.scm.XceiverClientRatis$$Lambda$297/1592713508@2788b813 for 20 attempts with RetryLimited(maxAttempts=20, sleepTime=1000ms)" type="java.util.concurrent.ExecutionException">java.util.concurrent.ExecutionException: org.apache.ratis.protocol.RaftRetryFailureException: Failed RaftClientRequest:client-0A7B88AEA72D->da272425-beaf-4e2f-8d68-d332ab7aa6f3@group-0088140607CC, cid=14, seq=2*, RW, org.apache.hadoop.hdds.scm.XceiverClientRatis$$Lambda$297/1592713508@2788b813 for 20 attempts with RetryLimited(maxAttempts=20, sleepTime=1000ms)
	at java.util.concurrent.CompletableFuture.reportGet(CompletableFuture.java:357)
	at java.util.concurrent.CompletableFuture.get(CompletableFuture.java:1895)
	at org.apache.hadoop.ozone.client.rpc.Test2WayCommitInRatis.test2WayCommitForRetryfailure(Test2WayCommitInRatis.java:144)
	at sun.reflect.NativeMethodAccessorImpl.invoke0(Native Method)
	at sun.reflect.NativeMethodAccessorImpl.invoke(NativeMethodAccessorImpl.java:62)
	at sun.reflect.DelegatingMethodAccessorImpl.invoke(DelegatingMethodAccessorImpl.java:43)
	at java.lang.reflect.Method.invoke(Method.java:498)
	at org.junit.runners.model.FrameworkMethod$1.runReflectiveCall(FrameworkMethod.java:47)
	at org.junit.internal.runners.model.ReflectiveCallable.run(ReflectiveCallable.java:12)
	at org.junit.runners.model.FrameworkMethod.invokeExplosively(FrameworkMethod.java:44)
	at org.junit.internal.runners.statements.InvokeMethod.evaluate(InvokeMethod.java:17)
	at org.junit.runners.ParentRunner.runLeaf(ParentRunner.java:271)
	at org.junit.runners.BlockJUnit4ClassRunner.runChild(BlockJUnit4ClassRunner.java:70)
	at org.junit.runners.BlockJUnit4ClassRunner.runChild(BlockJUnit4ClassRunner.java:50)
	at org.junit.runners.ParentRunner$3.run(ParentRunner.java:238)
	at org.junit.runners.ParentRunner$1.schedule(ParentRunner.java:63)
	at org.junit.runners.ParentRunner.runChildren(ParentRunner.java:236)
	at org.junit.runners.ParentRunner.access$000(ParentRunner.java:53)
	at org.junit.runners.ParentRunner$2.evaluate(ParentRunner.java:229)
	at org.junit.runners.ParentRunner.run(ParentRunner.java:309)
	at org.apache.maven.surefire.junit4.JUnit4Provider.execute(JUnit4Provider.java:365)
	at org.apache.maven.surefire.junit4.JUnit4Provider.executeWithRerun(JUnit4Provider.java:273)
	at org.apache.maven.surefire.junit4.JUnit4Provider.executeTestSet(JUnit4Provider.java:238)
	at org.apache.maven.surefire.junit4.JUnit4Provider.invoke(JUnit4Provider.java:159)
	at org.apache.maven.surefire.booter.ForkedBooter.invokeProviderInSameClassLoader(ForkedBooter.java:384)
	at org.apache.maven.surefire.booter.ForkedBooter.runSuitesInProcess(ForkedBooter.java:345)
	at org.apache.maven.surefire.booter.ForkedBooter.execute(ForkedBooter.java:126)
	at org.apache.maven.surefire.booter.ForkedBooter.main(ForkedBooter.java:418)
Caused by: org.apache.ratis.protocol.RaftRetryFailureException: Failed RaftClientRequest:client-0A7B88AEA72D->da272425-beaf-4e2f-8d68-d332ab7aa6f3@group-0088140607CC, cid=14, seq=2*, RW, org.apache.hadoop.hdds.scm.XceiverClientRatis$$Lambda$297/1592713508@2788b813 for 20 attempts with RetryLimited(maxAttempts=20, sleepTime=1000ms)
	at org.apache.ratis.client.impl.RaftClientImpl.noMoreRetries(RaftClientImpl.java:272)
	at org.apache.ratis.client.impl.OrderedAsync.handleAsyncRetryFailure(OrderedAsync.java:138)
	at org.apache.ratis.client.impl.OrderedAsync.lambda$sendRequest$10(OrderedAsync.java:230)
	at java.util.concurrent.CompletableFuture.uniExceptionally(CompletableFuture.java:870)
	at java.util.concurrent.CompletableFuture$UniExceptionally.tryFire(CompletableFuture.java:852)
	at java.util.concurrent.CompletableFuture.postComplete(CompletableFuture.java:474)
	at java.util.concurrent.CompletableFuture.completeExceptionally(CompletableFuture.java:1977)
	at org.apache.ratis.grpc.client.GrpcClientProtocolClient$AsyncStreamObservers.completeReplyExceptionally(GrpcClientProtocolClient.java:330)
	at org.apache.ratis.grpc.client.GrpcClientProtocolClient$AsyncStreamObservers.access$000(GrpcClientProtocolClient.java:246)
	at org.apache.ratis.grpc.client.GrpcClientProtocolClient$AsyncStreamObservers$1.onError(GrpcClientProtocolClient.java:275)
	at org.apache.ratis.thirdparty.io.grpc.stub.ClientCalls$StreamObserverToCallListenerAdapter.onClose(ClientCalls.java:434)
	at org.apache.ratis.thirdparty.io.grpc.PartialForwardingClientCallListener.onClose(PartialForwardingClientCallListener.java:39)
	at org.apache.ratis.thirdparty.io.grpc.ForwardingClientCallListener.onClose(ForwardingClientCallListener.java:23)
	at org.apache.ratis.thirdparty.io.grpc.ForwardingClientCallListener$SimpleForwardingClientCallListener.onClose(ForwardingClientCallListener.java:40)
	at org.apache.ratis.thirdparty.io.grpc.internal.CensusStatsModule$StatsClientInterceptor$1$1.onClose(CensusStatsModule.java:678)
	at org.apache.ratis.thirdparty.io.grpc.PartialForwardingClientCallListener.onClose(PartialForwardingClientCallListener.java:39)
	at org.apache.ratis.thirdparty.io.grpc.ForwardingClientCallListener.onClose(ForwardingClientCallListener.java:23)
	at org.apache.ratis.thirdparty.io.grpc.ForwardingClientCallListener$SimpleForwardingClientCallListener.onClose(ForwardingClientCallListener.java:40)
	at org.apache.ratis.thirdparty.io.grpc.internal.CensusTracingModule$TracingClientInterceptor$1$1.onClose(CensusTracingModule.java:397)
	at org.apache.ratis.thirdparty.io.grpc.internal.ClientCallImpl.closeObserver(ClientCallImpl.java:459)
	at org.apache.ratis.thirdparty.io.grpc.internal.ClientCallImpl.access$300(ClientCallImpl.java:63)
	at org.apache.ratis.thirdparty.io.grpc.internal.ClientCallImpl$ClientStreamListenerImpl.close(ClientCallImpl.java:546)
	at org.apache.ratis.thirdparty.io.grpc.internal.ClientCallImpl$ClientStreamListenerImpl.access$600(ClientCallImpl.java:467)
	at org.apache.ratis.thirdparty.io.grpc.internal.ClientCallImpl$ClientStreamListenerImpl$1StreamClosed.runInContext(ClientCallImpl.java:584)
	at org.apache.ratis.thirdparty.io.grpc.internal.ContextRunnable.run(ContextRunnable.java:37)
	at org.apache.ratis.thirdparty.io.grpc.internal.SerializingExecutor.run(SerializingExecutor.java:123)
	at java.util.concurrent.ThreadPoolExecutor.runWorker(ThreadPoolExecutor.java:1149)
	at java.util.concurrent.ThreadPoolExecutor$Worker.run(ThreadPoolExecutor.java:624)
	at java.lang.Thread.run(Thread.java:748)
Caused by: java.io.IOException: org.apache.ratis.thirdparty.io.grpc.StatusRuntimeException: UNAVAILABLE: io exception
	at org.apache.ratis.grpc.GrpcUtil.unwrapException(GrpcUtil.java:76)
	at org.apache.ratis.grpc.GrpcUtil.unwrapIOException(GrpcUtil.java:128)
	at org.apache.ratis.grpc.client.GrpcClientProtocolClient$AsyncStreamObservers$1.onError(GrpcClientProtocolClient.java:274)
	... 19 more
Caused by: org.apache.ratis.thirdparty.io.grpc.StatusRuntimeException: UNAVAILABLE: io exception
	at org.apache.ratis.thirdparty.io.grpc.Status.asRuntimeException(Status.java:526)
	... 19 more
Caused by: org.apache.ratis.thirdparty.io.netty.channel.AbstractChannel$AnnotatedConnectException: Connection refused: /192.168.36.125:45418
	at sun.nio.ch.SocketChannelImpl.checkConnect(Native Method)
	at sun.nio.ch.SocketChannelImpl.finishConnect(SocketChannelImpl.java:717)
	at org.apache.ratis.thirdparty.io.netty.channel.socket.nio.NioSocketChannel.doFinishConnect(NioSocketChannel.java:327)
	at org.apache.ratis.thirdparty.io.netty.channel.nio.AbstractNioChannel$AbstractNioUnsafe.finishConnect(AbstractNioChannel.java:340)
	at org.apache.ratis.thirdparty.io.netty.channel.nio.NioEventLoop.processSelectedKey(NioEventLoop.java:632)
	at org.apache.ratis.thirdparty.io.netty.channel.nio.NioEventLoop.processSelectedKeysOptimized(NioEventLoop.java:579)
	at org.apache.ratis.thirdparty.io.netty.channel.nio.NioEventLoop.processSelectedKeys(NioEventLoop.java:496)
	at org.apache.ratis.thirdparty.io.netty.channel.nio.NioEventLoop.run(NioEventLoop.java:458)
	at org.apache.ratis.thirdparty.io.netty.util.concurrent.SingleThreadEventExecutor$5.run(SingleThreadEventExecutor.java:897)
	at org.apache.ratis.thirdparty.io.netty.util.concurrent.FastThreadLocalRunnable.run(FastThreadLocalRunnable.java:30)
	... 1 more
Caused by: java.net.ConnectException: Connection refused
	... 11 more
</error>
    <system-out><![CDATA[2019-08-22 22:07:23,510 [main] WARN  server.ServerUtils (ServerUtils.java:getScmDbDir(145)) - ozone.scm.db.dirs is not configured. We recommend adding this setting. Falling back to ozone.metadata.dirs instead.
2019-08-22 22:07:23,644 [main] WARN  server.ServerUtils (ServerUtils.java:getScmDbDir(145)) - ozone.scm.db.dirs is not configured. We recommend adding this setting. Falling back to ozone.metadata.dirs instead.
2019-08-22 22:07:23,647 [main] WARN  server.ServerUtils (ServerUtils.java:getScmDbDir(145)) - ozone.scm.db.dirs is not configured. We recommend adding this setting. Falling back to ozone.metadata.dirs instead.
2019-08-22 22:07:23,666 [main] INFO  util.log (Log.java:initialized(192)) - Logging initialized @939ms
2019-08-22 22:07:23,773 [main] INFO  db.DBStoreBuilder (DBStoreBuilder.java:addTable(110)) - using custom profile for table: deletedBlocks
2019-08-22 22:07:23,775 [main] INFO  db.DBStoreBuilder (DBStoreBuilder.java:processTables(161)) - Using default column profile:DBProfile.DISK for Table:deletedBlocks
2019-08-22 22:07:23,776 [main] INFO  db.DBStoreBuilder (DBStoreBuilder.java:addTable(110)) - using custom profile for table: validCerts
2019-08-22 22:07:23,776 [main] INFO  db.DBStoreBuilder (DBStoreBuilder.java:processTables(161)) - Using default column profile:DBProfile.DISK for Table:validCerts
2019-08-22 22:07:23,777 [main] INFO  db.DBStoreBuilder (DBStoreBuilder.java:addTable(110)) - using custom profile for table: revokedCerts
2019-08-22 22:07:23,777 [main] INFO  db.DBStoreBuilder (DBStoreBuilder.java:processTables(161)) - Using default column profile:DBProfile.DISK for Table:revokedCerts
2019-08-22 22:07:23,794 [main] INFO  db.DBStoreBuilder (DBStoreBuilder.java:addTable(110)) - using custom profile for table: default
2019-08-22 22:07:23,794 [main] INFO  db.DBStoreBuilder (DBStoreBuilder.java:processTables(167)) - Using default column profile:DBProfile.DISK for Table:default
2019-08-22 22:07:23,796 [main] INFO  db.DBStoreBuilder (DBStoreBuilder.java:getDbProfile(198)) - Using default options. DBProfile.DISK
2019-08-22 22:07:24,095 [main] INFO  net.NodeSchemaLoader (NodeSchemaLoader.java:loadSchemaFromFile(125)) - Loading file from sun.misc.CompoundEnumeration@6eda5c9
2019-08-22 22:07:24,098 [main] INFO  net.NodeSchemaLoader (NodeSchemaLoader.java:loadSchema(171)) - Loading network topology layer schema file
2019-08-22 22:07:24,174 [main] WARN  server.ServerUtils (ServerUtils.java:sanitizeUserArgs(70)) - ozone.scm.stale.node.interval value = 300000 is larger than max = 100000 based on the key value of ozone.scm.heartbeat.thread.interval, reset to the max value 100000.
2019-08-22 22:07:24,176 [main] WARN  server.ServerUtils (ServerUtils.java:sanitizeUserArgs(70)) - ozone.scm.stale.node.interval value = 300000 is larger than max = 100000 based on the key value of ozone.scm.heartbeat.thread.interval, reset to the max value 100000.
2019-08-22 22:07:24,178 [main] INFO  node.SCMNodeManager (SCMNodeManager.java:<init>(121)) - Entering startup safe mode.
2019-08-22 22:07:24,251 [main] INFO  algorithms.ContainerPlacementPolicyFactory (ContainerPlacementPolicyFactory.java:getPolicy(55)) - Create container placement policy of type org.apache.hadoop.hdds.scm.container.placement.algorithms.SCMContainerPlacementRandom
2019-08-22 22:07:24,266 [main] WARN  server.ServerUtils (ServerUtils.java:getScmDbDir(145)) - ozone.scm.db.dirs is not configured. We recommend adding this setting. Falling back to ozone.metadata.dirs instead.
2019-08-22 22:07:24,363 [main] INFO  pipeline.SCMPipelineManager (SCMPipelineManager.java:initializePipelineState(126)) - No pipeline exists in current db
2019-08-22 22:07:24,367 [main] WARN  server.ServerUtils (ServerUtils.java:getScmDbDir(145)) - ozone.scm.db.dirs is not configured. We recommend adding this setting. Falling back to ozone.metadata.dirs instead.
2019-08-22 22:07:24,554 [main] WARN  events.EventQueue (EventQueue.java:fireEvent(175)) - No event handler registered for event TypedEvent{payloadType=SafeModeStatus, name='SafeModeStatus'}
2019-08-22 22:07:25,092 [main] INFO  ipc.CallQueueManager (CallQueueManager.java:<init>(84)) - Using callQueue: class java.util.concurrent.LinkedBlockingQueue, queueCapacity: 2000, scheduler: class org.apache.hadoop.ipc.DefaultRpcScheduler, ipcBackoff: false.
2019-08-22 22:07:25,427 [Socket Reader #1 for port 39622] INFO  ipc.Server (Server.java:run(1074)) - Starting Socket Reader #1 for port 39622
2019-08-22 22:07:25,459 [main] INFO  ipc.CallQueueManager (CallQueueManager.java:<init>(84)) - Using callQueue: class java.util.concurrent.LinkedBlockingQueue, queueCapacity: 2000, scheduler: class org.apache.hadoop.ipc.DefaultRpcScheduler, ipcBackoff: false.
2019-08-22 22:07:25,460 [Socket Reader #1 for port 44141] INFO  ipc.Server (Server.java:run(1074)) - Starting Socket Reader #1 for port 44141
2019-08-22 22:07:25,469 [main] INFO  ipc.CallQueueManager (CallQueueManager.java:<init>(84)) - Using callQueue: class java.util.concurrent.LinkedBlockingQueue, queueCapacity: 2000, scheduler: class org.apache.hadoop.ipc.DefaultRpcScheduler, ipcBackoff: false.
2019-08-22 22:07:25,470 [Socket Reader #1 for port 36143] INFO  ipc.Server (Server.java:run(1074)) - Starting Socket Reader #1 for port 36143
2019-08-22 22:07:25,493 [main] INFO  hdfs.DFSUtil (DFSUtil.java:httpServerTemplateForNNAndJN(1641)) - Starting Web-server for scm at: http://0.0.0.0:0
2019-08-22 22:07:25,665 [main] INFO  server.AuthenticationFilter (AuthenticationFilter.java:constructSecretProvider(240)) - Unable to initialize FileSignerSecretProvider, falling back to use random secrets.
2019-08-22 22:07:25,673 [main] WARN  http.HttpRequestLog (HttpRequestLog.java:getRequestLog(97)) - Jetty request log can only be enabled using Log4j
2019-08-22 22:07:25,681 [main] INFO  http.HttpServer2 (HttpServer2.java:addGlobalFilter(975)) - Added global filter 'safety' (class=org.apache.hadoop.http.HttpServer2$QuotingInputFilter)
2019-08-22 22:07:25,684 [main] INFO  http.HttpServer2 (HttpServer2.java:addFilter(948)) - Added filter static_user_filter (class=org.apache.hadoop.http.lib.StaticUserWebFilter$StaticUserFilter) to context scm
2019-08-22 22:07:25,684 [main] INFO  http.HttpServer2 (HttpServer2.java:addFilter(958)) - Added filter static_user_filter (class=org.apache.hadoop.http.lib.StaticUserWebFilter$StaticUserFilter) to context logs
2019-08-22 22:07:25,684 [main] INFO  http.HttpServer2 (HttpServer2.java:addFilter(958)) - Added filter static_user_filter (class=org.apache.hadoop.http.lib.StaticUserWebFilter$StaticUserFilter) to context static
2019-08-22 22:07:25,713 [main] INFO  server.StorageContainerManager (StorageContainerManager.java:start(759)) - StorageContainerLocationProtocol RPC server is listening at /0.0.0.0:36143
2019-08-22 22:07:25,775 [main] WARN  impl.MetricsConfig (MetricsConfig.java:loadFirst(134)) - Cannot locate configuration: tried hadoop-metrics2-storagecontainermanager.properties,hadoop-metrics2.properties
2019-08-22 22:07:25,788 [main] INFO  impl.MetricsSystemImpl (MetricsSystemImpl.java:startTimer(374)) - Scheduled Metric snapshot period at 10 second(s).
2019-08-22 22:07:25,789 [main] INFO  impl.MetricsSystemImpl (MetricsSystemImpl.java:start(191)) - StorageContainerManager metrics system started
2019-08-22 22:07:26,033 [main] INFO  server.SCMClientProtocolServer (SCMClientProtocolServer.java:start(151)) - RPC server for Client  is listening at /0.0.0.0:36143
2019-08-22 22:07:26,034 [IPC Server Responder] INFO  ipc.Server (Server.java:run(1314)) - IPC Server Responder: starting
2019-08-22 22:07:26,034 [IPC Server listener on 36143] INFO  ipc.Server (Server.java:run(1153)) - IPC Server listener on 36143: starting
2019-08-22 22:07:26,037 [main] INFO  server.StorageContainerManager (StorageContainerManager.java:start(769)) - ScmBlockLocationProtocol RPC server is listening at /0.0.0.0:44141
2019-08-22 22:07:26,037 [main] INFO  server.SCMBlockProtocolServer (SCMBlockProtocolServer.java:start(140)) - RPC server for Block Protocol is listening at /0.0.0.0:44141
2019-08-22 22:07:26,038 [IPC Server Responder] INFO  ipc.Server (Server.java:run(1314)) - IPC Server Responder: starting
2019-08-22 22:07:26,038 [IPC Server listener on 44141] INFO  ipc.Server (Server.java:run(1153)) - IPC Server listener on 44141: starting
2019-08-22 22:07:26,040 [main] INFO  server.StorageContainerManager (StorageContainerManager.java:start(773)) - ScmDatanodeProtocl RPC server is listening at /0.0.0.0:39622
2019-08-22 22:07:26,041 [main] INFO  server.SCMDatanodeProtocolServer (SCMDatanodeProtocolServer.java:start(191)) - RPC server for DataNodes is listening at /0.0.0.0:39622
2019-08-22 22:07:26,041 [IPC Server Responder] INFO  ipc.Server (Server.java:run(1314)) - IPC Server Responder: starting
2019-08-22 22:07:26,041 [IPC Server listener on 39622] INFO  ipc.Server (Server.java:run(1153)) - IPC Server listener on 39622: starting
2019-08-22 22:07:26,045 [main] INFO  http.HttpServer2 (HttpServer2.java:bindListener(1191)) - Jetty bound to port 43841
2019-08-22 22:07:26,047 [main] INFO  server.Server (Server.java:doStart(351)) - jetty-9.3.24.v20180605, build timestamp: 2018-06-05T17:11:56Z, git hash: 84205aa28f11a4f31f2a3b86d1bba2cc8ab69827
2019-08-22 22:07:26,087 [main] INFO  handler.ContextHandler (ContextHandler.java:doStart(781)) - Started o.e.j.s.ServletContextHandler@47a5b70d{/logs,file:///workdir/hadoop-ozone/integration-test/target/log,AVAILABLE}
2019-08-22 22:07:26,087 [main] INFO  handler.ContextHandler (ContextHandler.java:doStart(781)) - Started o.e.j.s.ServletContextHandler@1a45193b{/static,file:///workdir/hadoop-ozone/integration-test/target/test-classes/webapps/static,AVAILABLE}
2019-08-22 22:07:26,122 [main] INFO  handler.ContextHandler (ContextHandler.java:doStart(781)) - Started o.e.j.w.WebAppContext@30b34287{/,file:///workdir/hadoop-ozone/integration-test/target/test-classes/webapps/scm/,AVAILABLE}{/scm}
2019-08-22 22:07:26,128 [main] INFO  server.AbstractConnector (AbstractConnector.java:doStart(278)) - Started ServerConnector@672f11c2{HTTP/1.1,[http/1.1]}{0.0.0.0:43841}
2019-08-22 22:07:26,129 [main] INFO  server.Server (Server.java:doStart(419)) - Started @3402ms
2019-08-22 22:07:26,129 [main] INFO  server.BaseHttpServer (BaseHttpServer.java:updateConnectorAddress(213)) - HTTP server of SCM is listening at http://0.0.0.0:43841
2019-08-22 22:07:26,135 [org.apache.hadoop.util.JvmPauseMonitor$Monitor@173b9122] INFO  util.JvmPauseMonitor (JvmPauseMonitor.java:run(188)) - Starting JVM pause monitor
2019-08-22 22:07:26,138 [main] WARN  server.ServerUtils (ServerUtils.java:getDBPath(222)) - ozone.om.db.dirs is not configured. We recommend adding this setting. Falling back to ozone.metadata.dirs instead.
2019-08-22 22:07:26,256 [main] WARN  server.ServerUtils (ServerUtils.java:getDBPath(222)) - ozone.om.db.dirs is not configured. We recommend adding this setting. Falling back to ozone.metadata.dirs instead.
2019-08-22 22:07:26,256 [main] WARN  server.ServerUtils (ServerUtils.java:getDBPath(222)) - ozone.om.db.dirs is not configured. We recommend adding this setting. Falling back to ozone.metadata.dirs instead.
2019-08-22 22:07:26,258 [main] INFO  om.OzoneManager (OzoneManager.java:setOMNodeDetails(648)) - OM Service ID is not set. Setting it to the default ID: omServiceIdDefault
2019-08-22 22:07:26,258 [main] INFO  om.OzoneManager (OzoneManager.java:setOMNodeDetails(654)) - OM Node ID is not set. Setting it to the OmStorage's OmID: d031c3d8-873e-4fc3-be3f-2609bc9fb629
2019-08-22 22:07:26,259 [main] INFO  om.OzoneManager (OzoneManager.java:loadOMHAConfigs(605)) - Found matching OM address with OMServiceId: null, OMNodeId: null, RPC Address: localhost:0 and Ratis port: 9872
2019-08-22 22:07:26,575 | INFO  | SCMAudit | user=jenkins1000 | ip=192.168.36.125 | op=GET_SCM_INFO null | ret=SUCCESS |  
2019-08-22 22:07:26,995 [main] WARN  server.ServerUtils (ServerUtils.java:getDBPath(222)) - ozone.om.db.dirs is not configured. We recommend adding this setting. Falling back to ozone.metadata.dirs instead.
2019-08-22 22:07:27,001 [main] INFO  db.DBStoreBuilder (DBStoreBuilder.java:addTable(110)) - using custom profile for table: userTable
2019-08-22 22:07:27,002 [main] INFO  db.DBStoreBuilder (DBStoreBuilder.java:processTables(161)) - Using default column profile:DBProfile.DISK for Table:userTable
2019-08-22 22:07:27,002 [main] INFO  db.DBStoreBuilder (DBStoreBuilder.java:addTable(110)) - using custom profile for table: volumeTable
2019-08-22 22:07:27,002 [main] INFO  db.DBStoreBuilder (DBStoreBuilder.java:processTables(161)) - Using default column profile:DBProfile.DISK for Table:volumeTable
2019-08-22 22:07:27,002 [main] INFO  db.DBStoreBuilder (DBStoreBuilder.java:addTable(110)) - using custom profile for table: bucketTable
2019-08-22 22:07:27,003 [main] INFO  db.DBStoreBuilder (DBStoreBuilder.java:processTables(161)) - Using default column profile:DBProfile.DISK for Table:bucketTable
2019-08-22 22:07:27,003 [main] INFO  db.DBStoreBuilder (DBStoreBuilder.java:addTable(110)) - using custom profile for table: keyTable
2019-08-22 22:07:27,003 [main] INFO  db.DBStoreBuilder (DBStoreBuilder.java:processTables(161)) - Using default column profile:DBProfile.DISK for Table:keyTable
2019-08-22 22:07:27,003 [main] INFO  db.DBStoreBuilder (DBStoreBuilder.java:addTable(110)) - using custom profile for table: deletedTable
2019-08-22 22:07:27,003 [main] INFO  db.DBStoreBuilder (DBStoreBuilder.java:processTables(161)) - Using default column profile:DBProfile.DISK for Table:deletedTable
2019-08-22 22:07:27,004 [main] INFO  db.DBStoreBuilder (DBStoreBuilder.java:addTable(110)) - using custom profile for table: openKeyTable
2019-08-22 22:07:27,004 [main] INFO  db.DBStoreBuilder (DBStoreBuilder.java:processTables(161)) - Using default column profile:DBProfile.DISK for Table:openKeyTable
2019-08-22 22:07:27,004 [main] INFO  db.DBStoreBuilder (DBStoreBuilder.java:addTable(110)) - using custom profile for table: s3Table
2019-08-22 22:07:27,004 [main] INFO  db.DBStoreBuilder (DBStoreBuilder.java:processTables(161)) - Using default column profile:DBProfile.DISK for Table:s3Table
2019-08-22 22:07:27,005 [main] INFO  db.DBStoreBuilder (DBStoreBuilder.java:addTable(110)) - using custom profile for table: multipartInfoTable
2019-08-22 22:07:27,005 [main] INFO  db.DBStoreBuilder (DBStoreBuilder.java:processTables(161)) - Using default column profile:DBProfile.DISK for Table:multipartInfoTable
2019-08-22 22:07:27,005 [main] INFO  db.DBStoreBuilder (DBStoreBuilder.java:addTable(110)) - using custom profile for table: dTokenTable
2019-08-22 22:07:27,005 [main] INFO  db.DBStoreBuilder (DBStoreBuilder.java:processTables(161)) - Using default column profile:DBProfile.DISK for Table:dTokenTable
2019-08-22 22:07:27,005 [main] INFO  db.DBStoreBuilder (DBStoreBuilder.java:addTable(110)) - using custom profile for table: s3SecretTable
2019-08-22 22:07:27,006 [main] INFO  db.DBStoreBuilder (DBStoreBuilder.java:processTables(161)) - Using default column profile:DBProfile.DISK for Table:s3SecretTable
2019-08-22 22:07:27,006 [main] INFO  db.DBStoreBuilder (DBStoreBuilder.java:addTable(110)) - using custom profile for table: prefixTable
2019-08-22 22:07:27,006 [main] INFO  db.DBStoreBuilder (DBStoreBuilder.java:processTables(161)) - Using default column profile:DBProfile.DISK for Table:prefixTable
2019-08-22 22:07:27,006 [main] INFO  db.DBStoreBuilder (DBStoreBuilder.java:addTable(110)) - using custom profile for table: default
2019-08-22 22:07:27,006 [main] INFO  db.DBStoreBuilder (DBStoreBuilder.java:processTables(167)) - Using default column profile:DBProfile.DISK for Table:default
2019-08-22 22:07:27,007 [main] INFO  db.DBStoreBuilder (DBStoreBuilder.java:getDbProfile(198)) - Using default options. DBProfile.DISK
2019-08-22 22:07:27,727 [main] INFO  ipc.CallQueueManager (CallQueueManager.java:<init>(84)) - Using callQueue: class java.util.concurrent.LinkedBlockingQueue, queueCapacity: 2000, scheduler: class org.apache.hadoop.ipc.DefaultRpcScheduler, ipcBackoff: false.
2019-08-22 22:07:27,728 [Socket Reader #1 for port 39848] INFO  ipc.Server (Server.java:run(1074)) - Starting Socket Reader #1 for port 39848
2019-08-22 22:07:27,745 [main] INFO  om.OzoneManager (OzoneManager.java:start(1259)) - OzoneManager RPC server is listening at localhost/127.0.0.1:39848
2019-08-22 22:07:27,745 [main] INFO  impl.MetricsSystemImpl (MetricsSystemImpl.java:init(158)) - OzoneManager metrics system started (again)
2019-08-22 22:07:27,746 [IPC Server Responder] INFO  ipc.Server (Server.java:run(1314)) - IPC Server Responder: starting
2019-08-22 22:07:27,747 [IPC Server listener on 39848] INFO  ipc.Server (Server.java:run(1153)) - IPC Server listener on 39848: starting
2019-08-22 22:07:27,751 [main] INFO  hdfs.DFSUtil (DFSUtil.java:httpServerTemplateForNNAndJN(1641)) - Starting Web-server for ozoneManager at: http://0.0.0.0:0
2019-08-22 22:07:27,752 [main] INFO  server.AuthenticationFilter (AuthenticationFilter.java:constructSecretProvider(240)) - Unable to initialize FileSignerSecretProvider, falling back to use random secrets.
2019-08-22 22:07:27,753 [main] WARN  http.HttpRequestLog (HttpRequestLog.java:getRequestLog(97)) - Jetty request log can only be enabled using Log4j
2019-08-22 22:07:27,755 [main] INFO  http.HttpServer2 (HttpServer2.java:addGlobalFilter(975)) - Added global filter 'safety' (class=org.apache.hadoop.http.HttpServer2$QuotingInputFilter)
2019-08-22 22:07:27,756 [main] INFO  http.HttpServer2 (HttpServer2.java:addFilter(948)) - Added filter static_user_filter (class=org.apache.hadoop.http.lib.StaticUserWebFilter$StaticUserFilter) to context ozoneManager
2019-08-22 22:07:27,756 [main] INFO  http.HttpServer2 (HttpServer2.java:addFilter(958)) - Added filter static_user_filter (class=org.apache.hadoop.http.lib.StaticUserWebFilter$StaticUserFilter) to context static
2019-08-22 22:07:27,756 [main] INFO  http.HttpServer2 (HttpServer2.java:addFilter(958)) - Added filter static_user_filter (class=org.apache.hadoop.http.lib.StaticUserWebFilter$StaticUserFilter) to context logs
2019-08-22 22:07:27,758 [main] INFO  http.HttpServer2 (HttpServer2.java:bindListener(1191)) - Jetty bound to port 43857
2019-08-22 22:07:27,758 [main] INFO  server.Server (Server.java:doStart(351)) - jetty-9.3.24.v20180605, build timestamp: 2018-06-05T17:11:56Z, git hash: 84205aa28f11a4f31f2a3b86d1bba2cc8ab69827
2019-08-22 22:07:27,760 [main] INFO  handler.ContextHandler (ContextHandler.java:doStart(781)) - Started o.e.j.s.ServletContextHandler@2c16fadb{/logs,file:///workdir/hadoop-ozone/integration-test/target/log,AVAILABLE}
2019-08-22 22:07:27,760 [main] INFO  handler.ContextHandler (ContextHandler.java:doStart(781)) - Started o.e.j.s.ServletContextHandler@2227a6c1{/static,file:///workdir/hadoop-ozone/integration-test/target/test-classes/webapps/static,AVAILABLE}
2019-08-22 22:07:27,764 [main] INFO  handler.ContextHandler (ContextHandler.java:doStart(781)) - Started o.e.j.w.WebAppContext@49601f82{/,file:///workdir/hadoop-ozone/integration-test/target/test-classes/webapps/ozoneManager/,AVAILABLE}{/ozoneManager}
2019-08-22 22:07:27,766 [main] INFO  server.AbstractConnector (AbstractConnector.java:doStart(278)) - Started ServerConnector@23e44287{HTTP/1.1,[http/1.1]}{0.0.0.0:43857}
2019-08-22 22:07:27,768 [main] INFO  server.Server (Server.java:doStart(419)) - Started @5041ms
2019-08-22 22:07:27,768 [main] INFO  server.BaseHttpServer (BaseHttpServer.java:updateConnectorAddress(213)) - HTTP server of OZONEMANAGER is listening at http://0.0.0.0:43857
2019-08-22 22:07:28,139 [main] INFO  impl.MetricsSystemImpl (MetricsSystemImpl.java:init(158)) - HddsDatanode metrics system started (again)
2019-08-22 22:07:28,220 [main] INFO  ozone.HddsDatanodeService (HddsDatanodeService.java:start(184)) - HddsDatanodeService host:pr-hdds-1975-6rfct-3228563268 ip:192.168.36.125
2019-08-22 22:07:28,250 [main] INFO  volume.HddsVolume (HddsVolume.java:<init>(176)) - Creating Volume: /workdir/hadoop-ozone/integration-test/target/test-dir/MiniOzoneClusterImpl-a7d5ff65-5e52-402f-8358-0c413c1a32d7/datanode-0/data/containers/hdds of  storage type : DISK and capacity : 1482555576320
2019-08-22 22:07:28,252 [main] INFO  volume.VolumeSet (VolumeSet.java:initializeVolumeSet(170)) - Added Volume : /workdir/hadoop-ozone/integration-test/target/test-dir/MiniOzoneClusterImpl-a7d5ff65-5e52-402f-8358-0c413c1a32d7/datanode-0/data/containers/hdds to VolumeSet
2019-08-22 22:07:28,256 [main] INFO  volume.ThrottledAsyncChecker (ThrottledAsyncChecker.java:schedule(140)) - Scheduling a check for org.apache.hadoop.ozone.container.common.volume.HddsVolume@468be356
2019-08-22 22:07:28,275 [main] INFO  volume.HddsVolumeChecker (HddsVolumeChecker.java:checkAllVolumes(203)) - Scheduled health check for volume org.apache.hadoop.ozone.container.common.volume.HddsVolume@468be356
2019-08-22 22:07:28,383 [main] INFO  impl.RaftServerProxy (ConfUtils.java:logGet(43)) - raft.rpc.type = GRPC (default)
2019-08-22 22:07:28,464 [main] INFO  grpc.GrpcFactory (GrpcFactory.java:checkPooledByteBufAllocatorUseCacheForAllThreads(45)) - PERFORMANCE WARNING: useCacheForAllThreads is true that may cause Netty to create a lot garbage objects and, as a result, trigger GC.
	It is recommended to disable useCacheForAllThreads by setting -Dorg.apache.ratis.thirdparty.io.netty.allocator.useCacheForAllThreads=false in command line.
2019-08-22 22:07:28,468 [main] INFO  grpc.GrpcConfigKeys$Server (ConfUtils.java:logGet(43)) - raft.grpc.server.port = 0 (default)
2019-08-22 22:07:28,469 [main] INFO  server.GrpcService (ConfUtils.java:logGet(43)) - raft.grpc.message.size.max = 33570816 (custom)
2019-08-22 22:07:28,471 [main] INFO  server.RaftServerConfigKeys (ConfUtils.java:logGet(43)) - raft.server.log.appender.buffer.byte-limit = 33554432 (custom)
2019-08-22 22:07:28,472 [main] INFO  server.GrpcService (ConfUtils.java:logGet(43)) - raft.grpc.flow.control.window = 1MB (=1048576) (default)
2019-08-22 22:07:28,472 [main] INFO  server.RaftServerConfigKeys (ConfUtils.java:logGet(43)) - raft.server.rpc.request.timeout = 3000ms (default)
2019-08-22 22:07:28,665 [main] INFO  server.RaftServerConfigKeys (ConfUtils.java:logGet(43)) - raft.server.storage.dir = [/workdir/hadoop-ozone/integration-test/target/test-dir/MiniOzoneClusterImpl-a7d5ff65-5e52-402f-8358-0c413c1a32d7/datanode-0/data/ratis] (custom)
2019-08-22 22:07:28,703 [main] INFO  replication.SimpleContainerDownloader (SimpleContainerDownloader.java:<init>(72)) - Starting container downloader service to copy containers to replicate.
2019-08-22 22:07:28,717 [main] INFO  hdfs.DFSUtil (DFSUtil.java:httpServerTemplateForNNAndJN(1641)) - Starting Web-server for hddsDatanode at: http://0.0.0.0:0
2019-08-22 22:07:28,719 [main] INFO  server.AuthenticationFilter (AuthenticationFilter.java:constructSecretProvider(240)) - Unable to initialize FileSignerSecretProvider, falling back to use random secrets.
2019-08-22 22:07:28,719 [main] WARN  http.HttpRequestLog (HttpRequestLog.java:getRequestLog(97)) - Jetty request log can only be enabled using Log4j
2019-08-22 22:07:28,721 [main] INFO  http.HttpServer2 (HttpServer2.java:addGlobalFilter(975)) - Added global filter 'safety' (class=org.apache.hadoop.http.HttpServer2$QuotingInputFilter)
2019-08-22 22:07:28,722 [main] INFO  http.HttpServer2 (HttpServer2.java:addFilter(948)) - Added filter static_user_filter (class=org.apache.hadoop.http.lib.StaticUserWebFilter$StaticUserFilter) to context hddsDatanode
2019-08-22 22:07:28,722 [main] INFO  http.HttpServer2 (HttpServer2.java:addFilter(958)) - Added filter static_user_filter (class=org.apache.hadoop.http.lib.StaticUserWebFilter$StaticUserFilter) to context static
2019-08-22 22:07:28,722 [main] INFO  http.HttpServer2 (HttpServer2.java:addFilter(958)) - Added filter static_user_filter (class=org.apache.hadoop.http.lib.StaticUserWebFilter$StaticUserFilter) to context logs
2019-08-22 22:07:28,723 [main] INFO  http.HttpServer2 (HttpServer2.java:bindListener(1191)) - Jetty bound to port 46248
2019-08-22 22:07:28,723 [main] INFO  server.Server (Server.java:doStart(351)) - jetty-9.3.24.v20180605, build timestamp: 2018-06-05T17:11:56Z, git hash: 84205aa28f11a4f31f2a3b86d1bba2cc8ab69827
2019-08-22 22:07:28,725 [main] INFO  handler.ContextHandler (ContextHandler.java:doStart(781)) - Started o.e.j.s.ServletContextHandler@22eaa86e{/logs,file:///workdir/hadoop-ozone/integration-test/target/log,AVAILABLE}
2019-08-22 22:07:28,726 [main] INFO  handler.ContextHandler (ContextHandler.java:doStart(781)) - Started o.e.j.s.ServletContextHandler@1cc680e{/static,jar:file:/home/user/.m2/repository/org/apache/hadoop/hadoop-hdds-container-service/0.5.0-SNAPSHOT/hadoop-hdds-container-service-0.5.0-SNAPSHOT.jar!/webapps/static,AVAILABLE}
2019-08-22 22:07:28,758 [main] INFO  handler.ContextHandler (ContextHandler.java:doStart(781)) - Started o.e.j.w.WebAppContext@a5272be{/,file:///tmp/jetty-0.0.0.0-46248-hddsDatanode-_-any-631209311731278415.dir/webapp/,AVAILABLE}{/hddsDatanode}
2019-08-22 22:07:28,759 [main] INFO  server.AbstractConnector (AbstractConnector.java:doStart(278)) - Started ServerConnector@58ba5b30{HTTP/1.1,[http/1.1]}{0.0.0.0:46248}
2019-08-22 22:07:28,760 [main] INFO  server.Server (Server.java:doStart(419)) - Started @6033ms
2019-08-22 22:07:28,761 [main] INFO  server.BaseHttpServer (BaseHttpServer.java:updateConnectorAddress(213)) - HTTP server of HDDSDATANODE is listening at http://0.0.0.0:46248
2019-08-22 22:07:29,716 | INFO  | ObjectStoreRestHttpServer | Listening HDDS REST traffic on /0.0.0.0:44501 |  
2019-08-22 22:07:29,717 [main] INFO  ozone.HddsDatanodeService (HddsDatanodeService.java:startPlugins(395)) - Started plug-in org.apache.hadoop.ozone.web.OzoneHddsDatanodeService@1213ffbc
2019-08-22 22:07:29,718 [main] INFO  impl.MetricsSystemImpl (MetricsSystemImpl.java:init(158)) - HddsDatanode metrics system started (again)
2019-08-22 22:07:29,721 [main] INFO  ozone.HddsDatanodeService (HddsDatanodeService.java:start(184)) - HddsDatanodeService host:pr-hdds-1975-6rfct-3228563268 ip:192.168.36.125
2019-08-22 22:07:29,723 [org.apache.hadoop.util.JvmPauseMonitor$Monitor@76c192b7] INFO  util.JvmPauseMonitor (JvmPauseMonitor.java:run(188)) - Starting JVM pause monitor
2019-08-22 22:07:29,728 [main] INFO  volume.HddsVolume (HddsVolume.java:<init>(176)) - Creating Volume: /workdir/hadoop-ozone/integration-test/target/test-dir/MiniOzoneClusterImpl-a7d5ff65-5e52-402f-8358-0c413c1a32d7/datanode-1/data/containers/hdds of  storage type : DISK and capacity : 1482555576320
2019-08-22 22:07:29,729 [main] INFO  volume.VolumeSet (VolumeSet.java:initializeVolumeSet(170)) - Added Volume : /workdir/hadoop-ozone/integration-test/target/test-dir/MiniOzoneClusterImpl-a7d5ff65-5e52-402f-8358-0c413c1a32d7/datanode-1/data/containers/hdds to VolumeSet
2019-08-22 22:07:29,729 [main] INFO  volume.ThrottledAsyncChecker (ThrottledAsyncChecker.java:schedule(140)) - Scheduling a check for org.apache.hadoop.ozone.container.common.volume.HddsVolume@6f6cc7da
2019-08-22 22:07:29,730 [main] INFO  volume.HddsVolumeChecker (HddsVolumeChecker.java:checkAllVolumes(203)) - Scheduled health check for volume org.apache.hadoop.ozone.container.common.volume.HddsVolume@6f6cc7da
2019-08-22 22:07:29,747 [main] INFO  impl.RaftServerProxy (ConfUtils.java:logGet(43)) - raft.rpc.type = GRPC (default)
2019-08-22 22:07:29,748 [main] INFO  grpc.GrpcFactory (GrpcFactory.java:checkPooledByteBufAllocatorUseCacheForAllThreads(45)) - PERFORMANCE WARNING: useCacheForAllThreads is true that may cause Netty to create a lot garbage objects and, as a result, trigger GC.
	It is recommended to disable useCacheForAllThreads by setting -Dorg.apache.ratis.thirdparty.io.netty.allocator.useCacheForAllThreads=false in command line.
2019-08-22 22:07:29,748 [main] INFO  grpc.GrpcConfigKeys$Server (ConfUtils.java:logGet(43)) - raft.grpc.server.port = 0 (default)
2019-08-22 22:07:29,748 [main] INFO  server.GrpcService (ConfUtils.java:logGet(43)) - raft.grpc.message.size.max = 33570816 (custom)
2019-08-22 22:07:29,748 [main] INFO  server.RaftServerConfigKeys (ConfUtils.java:logGet(43)) - raft.server.log.appender.buffer.byte-limit = 33554432 (custom)
2019-08-22 22:07:29,749 [main] INFO  server.GrpcService (ConfUtils.java:logGet(43)) - raft.grpc.flow.control.window = 1MB (=1048576) (default)
2019-08-22 22:07:29,749 [main] INFO  server.RaftServerConfigKeys (ConfUtils.java:logGet(43)) - raft.server.rpc.request.timeout = 3000ms (default)
2019-08-22 22:07:29,750 [main] INFO  server.RaftServerConfigKeys (ConfUtils.java:logGet(43)) - raft.server.storage.dir = [/workdir/hadoop-ozone/integration-test/target/test-dir/MiniOzoneClusterImpl-a7d5ff65-5e52-402f-8358-0c413c1a32d7/datanode-1/data/ratis] (custom)
2019-08-22 22:07:29,750 [main] INFO  replication.SimpleContainerDownloader (SimpleContainerDownloader.java:<init>(72)) - Starting container downloader service to copy containers to replicate.
2019-08-22 22:07:29,752 [main] INFO  hdfs.DFSUtil (DFSUtil.java:httpServerTemplateForNNAndJN(1641)) - Starting Web-server for hddsDatanode at: http://0.0.0.0:0
2019-08-22 22:07:29,753 [main] INFO  server.AuthenticationFilter (AuthenticationFilter.java:constructSecretProvider(240)) - Unable to initialize FileSignerSecretProvider, falling back to use random secrets.
2019-08-22 22:07:29,754 [main] WARN  http.HttpRequestLog (HttpRequestLog.java:getRequestLog(97)) - Jetty request log can only be enabled using Log4j
2019-08-22 22:07:29,756 [main] INFO  http.HttpServer2 (HttpServer2.java:addGlobalFilter(975)) - Added global filter 'safety' (class=org.apache.hadoop.http.HttpServer2$QuotingInputFilter)
2019-08-22 22:07:29,756 [main] INFO  http.HttpServer2 (HttpServer2.java:addFilter(948)) - Added filter static_user_filter (class=org.apache.hadoop.http.lib.StaticUserWebFilter$StaticUserFilter) to context hddsDatanode
2019-08-22 22:07:29,756 [main] INFO  http.HttpServer2 (HttpServer2.java:addFilter(958)) - Added filter static_user_filter (class=org.apache.hadoop.http.lib.StaticUserWebFilter$StaticUserFilter) to context logs
2019-08-22 22:07:29,757 [main] INFO  http.HttpServer2 (HttpServer2.java:addFilter(958)) - Added filter static_user_filter (class=org.apache.hadoop.http.lib.StaticUserWebFilter$StaticUserFilter) to context static
2019-08-22 22:07:29,757 [main] INFO  http.HttpServer2 (HttpServer2.java:bindListener(1191)) - Jetty bound to port 40218
2019-08-22 22:07:29,758 [main] INFO  server.Server (Server.java:doStart(351)) - jetty-9.3.24.v20180605, build timestamp: 2018-06-05T17:11:56Z, git hash: 84205aa28f11a4f31f2a3b86d1bba2cc8ab69827
2019-08-22 22:07:29,761 [main] INFO  handler.ContextHandler (ContextHandler.java:doStart(781)) - Started o.e.j.s.ServletContextHandler@7a83ccd2{/logs,file:///workdir/hadoop-ozone/integration-test/target/log,AVAILABLE}
2019-08-22 22:07:29,761 [main] INFO  handler.ContextHandler (ContextHandler.java:doStart(781)) - Started o.e.j.s.ServletContextHandler@599a9cb2{/static,jar:file:/home/user/.m2/repository/org/apache/hadoop/hadoop-hdds-container-service/0.5.0-SNAPSHOT/hadoop-hdds-container-service-0.5.0-SNAPSHOT.jar!/webapps/static,AVAILABLE}
2019-08-22 22:07:29,785 [main] INFO  handler.ContextHandler (ContextHandler.java:doStart(781)) - Started o.e.j.w.WebAppContext@2dd1086{/,file:///tmp/jetty-0.0.0.0-40218-hddsDatanode-_-any-3226871347357898076.dir/webapp/,AVAILABLE}{/hddsDatanode}
2019-08-22 22:07:29,786 [main] INFO  server.AbstractConnector (AbstractConnector.java:doStart(278)) - Started ServerConnector@6b8d54da{HTTP/1.1,[http/1.1]}{0.0.0.0:40218}
2019-08-22 22:07:29,787 [main] INFO  server.Server (Server.java:doStart(419)) - Started @7060ms
2019-08-22 22:07:29,788 [main] INFO  server.BaseHttpServer (BaseHttpServer.java:updateConnectorAddress(213)) - HTTP server of HDDSDATANODE is listening at http://0.0.0.0:40218
2019-08-22 22:07:29,835 [Datanode State Machine Thread - 0] INFO  datanode.InitDatanodeState (InitDatanodeState.java:persistContainerDatanodeDetails(140)) - DatanodeDetails is persisted to /workdir/hadoop-ozone/integration-test/target/test-dir/MiniOzoneClusterImpl-a7d5ff65-5e52-402f-8358-0c413c1a32d7/datanode-0/meta/datanode.id
2019-08-22 22:07:29,921 | INFO  | ObjectStoreRestHttpServer | Listening HDDS REST traffic on /0.0.0.0:37890 |  
2019-08-22 22:07:29,921 [main] INFO  ozone.HddsDatanodeService (HddsDatanodeService.java:startPlugins(395)) - Started plug-in org.apache.hadoop.ozone.web.OzoneHddsDatanodeService@7d3691e1
2019-08-22 22:07:29,921 [main] INFO  impl.MetricsSystemImpl (MetricsSystemImpl.java:init(158)) - HddsDatanode metrics system started (again)
2019-08-22 22:07:29,924 [main] INFO  ozone.HddsDatanodeService (HddsDatanodeService.java:start(184)) - HddsDatanodeService host:pr-hdds-1975-6rfct-3228563268 ip:192.168.36.125
2019-08-22 22:07:29,924 [org.apache.hadoop.util.JvmPauseMonitor$Monitor@681ccde3] INFO  util.JvmPauseMonitor (JvmPauseMonitor.java:run(188)) - Starting JVM pause monitor
2019-08-22 22:07:29,933 [main] INFO  volume.HddsVolume (HddsVolume.java:<init>(176)) - Creating Volume: /workdir/hadoop-ozone/integration-test/target/test-dir/MiniOzoneClusterImpl-a7d5ff65-5e52-402f-8358-0c413c1a32d7/datanode-2/data/containers/hdds of  storage type : DISK and capacity : 1482555576320
2019-08-22 22:07:29,933 [main] INFO  volume.VolumeSet (VolumeSet.java:initializeVolumeSet(170)) - Added Volume : /workdir/hadoop-ozone/integration-test/target/test-dir/MiniOzoneClusterImpl-a7d5ff65-5e52-402f-8358-0c413c1a32d7/datanode-2/data/containers/hdds to VolumeSet
2019-08-22 22:07:29,933 [main] INFO  volume.ThrottledAsyncChecker (ThrottledAsyncChecker.java:schedule(140)) - Scheduling a check for org.apache.hadoop.ozone.container.common.volume.HddsVolume@6c742b84
2019-08-22 22:07:29,934 [main] INFO  volume.HddsVolumeChecker (HddsVolumeChecker.java:checkAllVolumes(203)) - Scheduled health check for volume org.apache.hadoop.ozone.container.common.volume.HddsVolume@6c742b84
2019-08-22 22:07:29,935 [Datanode State Machine Thread - 0] INFO  datanode.InitDatanodeState (InitDatanodeState.java:persistContainerDatanodeDetails(140)) - DatanodeDetails is persisted to /workdir/hadoop-ozone/integration-test/target/test-dir/MiniOzoneClusterImpl-a7d5ff65-5e52-402f-8358-0c413c1a32d7/datanode-1/meta/datanode.id
2019-08-22 22:07:29,951 [main] INFO  impl.RaftServerProxy (ConfUtils.java:logGet(43)) - raft.rpc.type = GRPC (default)
2019-08-22 22:07:29,951 [main] INFO  grpc.GrpcFactory (GrpcFactory.java:checkPooledByteBufAllocatorUseCacheForAllThreads(45)) - PERFORMANCE WARNING: useCacheForAllThreads is true that may cause Netty to create a lot garbage objects and, as a result, trigger GC.
	It is recommended to disable useCacheForAllThreads by setting -Dorg.apache.ratis.thirdparty.io.netty.allocator.useCacheForAllThreads=false in command line.
2019-08-22 22:07:29,951 [main] INFO  grpc.GrpcConfigKeys$Server (ConfUtils.java:logGet(43)) - raft.grpc.server.port = 0 (default)
2019-08-22 22:07:29,951 [main] INFO  server.GrpcService (ConfUtils.java:logGet(43)) - raft.grpc.message.size.max = 33570816 (custom)
2019-08-22 22:07:29,951 [main] INFO  server.RaftServerConfigKeys (ConfUtils.java:logGet(43)) - raft.server.log.appender.buffer.byte-limit = 33554432 (custom)
2019-08-22 22:07:29,952 [main] INFO  server.GrpcService (ConfUtils.java:logGet(43)) - raft.grpc.flow.control.window = 1MB (=1048576) (default)
2019-08-22 22:07:29,952 [main] INFO  server.RaftServerConfigKeys (ConfUtils.java:logGet(43)) - raft.server.rpc.request.timeout = 3000ms (default)
2019-08-22 22:07:29,952 [main] INFO  server.RaftServerConfigKeys (ConfUtils.java:logGet(43)) - raft.server.storage.dir = [/workdir/hadoop-ozone/integration-test/target/test-dir/MiniOzoneClusterImpl-a7d5ff65-5e52-402f-8358-0c413c1a32d7/datanode-2/data/ratis] (custom)
2019-08-22 22:07:29,953 [main] INFO  replication.SimpleContainerDownloader (SimpleContainerDownloader.java:<init>(72)) - Starting container downloader service to copy containers to replicate.
2019-08-22 22:07:29,954 [main] INFO  hdfs.DFSUtil (DFSUtil.java:httpServerTemplateForNNAndJN(1641)) - Starting Web-server for hddsDatanode at: http://0.0.0.0:0
2019-08-22 22:07:29,955 [main] INFO  server.AuthenticationFilter (AuthenticationFilter.java:constructSecretProvider(240)) - Unable to initialize FileSignerSecretProvider, falling back to use random secrets.
2019-08-22 22:07:29,956 [main] WARN  http.HttpRequestLog (HttpRequestLog.java:getRequestLog(97)) - Jetty request log can only be enabled using Log4j
2019-08-22 22:07:29,957 [main] INFO  http.HttpServer2 (HttpServer2.java:addGlobalFilter(975)) - Added global filter 'safety' (class=org.apache.hadoop.http.HttpServer2$QuotingInputFilter)
2019-08-22 22:07:29,957 [main] INFO  http.HttpServer2 (HttpServer2.java:addFilter(948)) - Added filter static_user_filter (class=org.apache.hadoop.http.lib.StaticUserWebFilter$StaticUserFilter) to context hddsDatanode
2019-08-22 22:07:29,957 [main] INFO  http.HttpServer2 (HttpServer2.java:addFilter(958)) - Added filter static_user_filter (class=org.apache.hadoop.http.lib.StaticUserWebFilter$StaticUserFilter) to context logs
2019-08-22 22:07:29,958 [main] INFO  http.HttpServer2 (HttpServer2.java:addFilter(958)) - Added filter static_user_filter (class=org.apache.hadoop.http.lib.StaticUserWebFilter$StaticUserFilter) to context static
2019-08-22 22:07:29,958 [main] INFO  http.HttpServer2 (HttpServer2.java:bindListener(1191)) - Jetty bound to port 40098
2019-08-22 22:07:29,958 [main] INFO  server.Server (Server.java:doStart(351)) - jetty-9.3.24.v20180605, build timestamp: 2018-06-05T17:11:56Z, git hash: 84205aa28f11a4f31f2a3b86d1bba2cc8ab69827
2019-08-22 22:07:29,960 [main] INFO  handler.ContextHandler (ContextHandler.java:doStart(781)) - Started o.e.j.s.ServletContextHandler@22d477c2{/logs,file:///workdir/hadoop-ozone/integration-test/target/log,AVAILABLE}
2019-08-22 22:07:29,961 [main] INFO  handler.ContextHandler (ContextHandler.java:doStart(781)) - Started o.e.j.s.ServletContextHandler@41def031{/static,jar:file:/home/user/.m2/repository/org/apache/hadoop/hadoop-hdds-container-service/0.5.0-SNAPSHOT/hadoop-hdds-container-service-0.5.0-SNAPSHOT.jar!/webapps/static,AVAILABLE}
2019-08-22 22:07:29,985 [main] INFO  handler.ContextHandler (ContextHandler.java:doStart(781)) - Started o.e.j.w.WebAppContext@69796bd0{/,file:///tmp/jetty-0.0.0.0-40098-hddsDatanode-_-any-3723522703244319473.dir/webapp/,AVAILABLE}{/hddsDatanode}
2019-08-22 22:07:29,986 [main] INFO  server.AbstractConnector (AbstractConnector.java:doStart(278)) - Started ServerConnector@40df6090{HTTP/1.1,[http/1.1]}{0.0.0.0:40098}
2019-08-22 22:07:29,987 [main] INFO  server.Server (Server.java:doStart(419)) - Started @7260ms
2019-08-22 22:07:29,990 [main] INFO  server.BaseHttpServer (BaseHttpServer.java:updateConnectorAddress(213)) - HTTP server of HDDSDATANODE is listening at http://0.0.0.0:40098
2019-08-22 22:07:30,171 | INFO  | ObjectStoreRestHttpServer | Listening HDDS REST traffic on /0.0.0.0:41190 |  
2019-08-22 22:07:30,171 [main] INFO  ozone.HddsDatanodeService (HddsDatanodeService.java:startPlugins(395)) - Started plug-in org.apache.hadoop.ozone.web.OzoneHddsDatanodeService@6d294ddc
2019-08-22 22:07:30,172 [main] INFO  impl.MetricsSystemImpl (MetricsSystemImpl.java:init(158)) - HddsDatanode metrics system started (again)
2019-08-22 22:07:30,176 [org.apache.hadoop.util.JvmPauseMonitor$Monitor@7862c7d4] INFO  util.JvmPauseMonitor (JvmPauseMonitor.java:run(188)) - Starting JVM pause monitor
2019-08-22 22:07:30,177 [main] INFO  ozone.HddsDatanodeService (HddsDatanodeService.java:start(184)) - HddsDatanodeService host:pr-hdds-1975-6rfct-3228563268 ip:192.168.36.125
2019-08-22 22:07:30,179 [Datanode State Machine Thread - 0] INFO  datanode.InitDatanodeState (InitDatanodeState.java:persistContainerDatanodeDetails(140)) - DatanodeDetails is persisted to /workdir/hadoop-ozone/integration-test/target/test-dir/MiniOzoneClusterImpl-a7d5ff65-5e52-402f-8358-0c413c1a32d7/datanode-2/meta/datanode.id
2019-08-22 22:07:30,185 [main] INFO  volume.HddsVolume (HddsVolume.java:<init>(176)) - Creating Volume: /workdir/hadoop-ozone/integration-test/target/test-dir/MiniOzoneClusterImpl-a7d5ff65-5e52-402f-8358-0c413c1a32d7/datanode-3/data/containers/hdds of  storage type : DISK and capacity : 1482555576320
2019-08-22 22:07:30,185 [main] INFO  volume.VolumeSet (VolumeSet.java:initializeVolumeSet(170)) - Added Volume : /workdir/hadoop-ozone/integration-test/target/test-dir/MiniOzoneClusterImpl-a7d5ff65-5e52-402f-8358-0c413c1a32d7/datanode-3/data/containers/hdds to VolumeSet
2019-08-22 22:07:30,186 [main] INFO  volume.ThrottledAsyncChecker (ThrottledAsyncChecker.java:schedule(140)) - Scheduling a check for org.apache.hadoop.ozone.container.common.volume.HddsVolume@2725ca05
2019-08-22 22:07:30,187 [main] INFO  volume.HddsVolumeChecker (HddsVolumeChecker.java:checkAllVolumes(203)) - Scheduled health check for volume org.apache.hadoop.ozone.container.common.volume.HddsVolume@2725ca05
2019-08-22 22:07:30,208 [main] INFO  impl.RaftServerProxy (ConfUtils.java:logGet(43)) - raft.rpc.type = GRPC (default)
2019-08-22 22:07:30,209 [main] INFO  grpc.GrpcFactory (GrpcFactory.java:checkPooledByteBufAllocatorUseCacheForAllThreads(45)) - PERFORMANCE WARNING: useCacheForAllThreads is true that may cause Netty to create a lot garbage objects and, as a result, trigger GC.
	It is recommended to disable useCacheForAllThreads by setting -Dorg.apache.ratis.thirdparty.io.netty.allocator.useCacheForAllThreads=false in command line.
2019-08-22 22:07:30,209 [main] INFO  grpc.GrpcConfigKeys$Server (ConfUtils.java:logGet(43)) - raft.grpc.server.port = 0 (default)
2019-08-22 22:07:30,210 [main] INFO  server.GrpcService (ConfUtils.java:logGet(43)) - raft.grpc.message.size.max = 33570816 (custom)
2019-08-22 22:07:30,210 [main] INFO  server.RaftServerConfigKeys (ConfUtils.java:logGet(43)) - raft.server.log.appender.buffer.byte-limit = 33554432 (custom)
2019-08-22 22:07:30,210 [main] INFO  server.GrpcService (ConfUtils.java:logGet(43)) - raft.grpc.flow.control.window = 1MB (=1048576) (default)
2019-08-22 22:07:30,211 [main] INFO  server.RaftServerConfigKeys (ConfUtils.java:logGet(43)) - raft.server.rpc.request.timeout = 3000ms (default)
2019-08-22 22:07:30,211 [main] INFO  server.RaftServerConfigKeys (ConfUtils.java:logGet(43)) - raft.server.storage.dir = [/workdir/hadoop-ozone/integration-test/target/test-dir/MiniOzoneClusterImpl-a7d5ff65-5e52-402f-8358-0c413c1a32d7/datanode-3/data/ratis] (custom)
2019-08-22 22:07:30,212 [main] INFO  replication.SimpleContainerDownloader (SimpleContainerDownloader.java:<init>(72)) - Starting container downloader service to copy containers to replicate.
2019-08-22 22:07:30,213 [main] INFO  hdfs.DFSUtil (DFSUtil.java:httpServerTemplateForNNAndJN(1641)) - Starting Web-server for hddsDatanode at: http://0.0.0.0:0
2019-08-22 22:07:30,215 [main] INFO  server.AuthenticationFilter (AuthenticationFilter.java:constructSecretProvider(240)) - Unable to initialize FileSignerSecretProvider, falling back to use random secrets.
2019-08-22 22:07:30,216 [main] WARN  http.HttpRequestLog (HttpRequestLog.java:getRequestLog(97)) - Jetty request log can only be enabled using Log4j
2019-08-22 22:07:30,218 [main] INFO  http.HttpServer2 (HttpServer2.java:addGlobalFilter(975)) - Added global filter 'safety' (class=org.apache.hadoop.http.HttpServer2$QuotingInputFilter)
2019-08-22 22:07:30,219 [main] INFO  http.HttpServer2 (HttpServer2.java:addFilter(948)) - Added filter static_user_filter (class=org.apache.hadoop.http.lib.StaticUserWebFilter$StaticUserFilter) to context hddsDatanode
2019-08-22 22:07:30,219 [main] INFO  http.HttpServer2 (HttpServer2.java:addFilter(958)) - Added filter static_user_filter (class=org.apache.hadoop.http.lib.StaticUserWebFilter$StaticUserFilter) to context static
2019-08-22 22:07:30,219 [main] INFO  http.HttpServer2 (HttpServer2.java:addFilter(958)) - Added filter static_user_filter (class=org.apache.hadoop.http.lib.StaticUserWebFilter$StaticUserFilter) to context logs
2019-08-22 22:07:30,220 [main] INFO  http.HttpServer2 (HttpServer2.java:bindListener(1191)) - Jetty bound to port 46567
2019-08-22 22:07:30,221 [main] INFO  server.Server (Server.java:doStart(351)) - jetty-9.3.24.v20180605, build timestamp: 2018-06-05T17:11:56Z, git hash: 84205aa28f11a4f31f2a3b86d1bba2cc8ab69827
2019-08-22 22:07:30,225 [main] INFO  handler.ContextHandler (ContextHandler.java:doStart(781)) - Started o.e.j.s.ServletContextHandler@6b70d1fb{/logs,file:///workdir/hadoop-ozone/integration-test/target/log,AVAILABLE}
2019-08-22 22:07:30,225 [main] INFO  handler.ContextHandler (ContextHandler.java:doStart(781)) - Started o.e.j.s.ServletContextHandler@7da1e005{/static,jar:file:/home/user/.m2/repository/org/apache/hadoop/hadoop-hdds-container-service/0.5.0-SNAPSHOT/hadoop-hdds-container-service-0.5.0-SNAPSHOT.jar!/webapps/static,AVAILABLE}
2019-08-22 22:07:30,260 [main] INFO  handler.ContextHandler (ContextHandler.java:doStart(781)) - Started o.e.j.w.WebAppContext@4f3356c0{/,file:///tmp/jetty-0.0.0.0-46567-hddsDatanode-_-any-905005273566920653.dir/webapp/,AVAILABLE}{/hddsDatanode}
2019-08-22 22:07:30,260 [main] INFO  server.AbstractConnector (AbstractConnector.java:doStart(278)) - Started ServerConnector@586cc15d{HTTP/1.1,[http/1.1]}{0.0.0.0:46567}
2019-08-22 22:07:30,261 [main] INFO  server.Server (Server.java:doStart(419)) - Started @7534ms
2019-08-22 22:07:30,262 [main] INFO  server.BaseHttpServer (BaseHttpServer.java:updateConnectorAddress(213)) - HTTP server of HDDSDATANODE is listening at http://0.0.0.0:46567
2019-08-22 22:07:30,463 | INFO  | ObjectStoreRestHttpServer | Listening HDDS REST traffic on /0.0.0.0:38560 |  
2019-08-22 22:07:30,463 [main] INFO  ozone.HddsDatanodeService (HddsDatanodeService.java:startPlugins(395)) - Started plug-in org.apache.hadoop.ozone.web.OzoneHddsDatanodeService@2fde9469
2019-08-22 22:07:30,463 [main] INFO  impl.MetricsSystemImpl (MetricsSystemImpl.java:init(158)) - HddsDatanode metrics system started (again)
2019-08-22 22:07:30,467 [main] INFO  ozone.HddsDatanodeService (HddsDatanodeService.java:start(184)) - HddsDatanodeService host:pr-hdds-1975-6rfct-3228563268 ip:192.168.36.125
2019-08-22 22:07:30,467 [org.apache.hadoop.util.JvmPauseMonitor$Monitor@57a12831] INFO  util.JvmPauseMonitor (JvmPauseMonitor.java:run(188)) - Starting JVM pause monitor
2019-08-22 22:07:30,470 [Datanode State Machine Thread - 0] INFO  datanode.InitDatanodeState (InitDatanodeState.java:persistContainerDatanodeDetails(140)) - DatanodeDetails is persisted to /workdir/hadoop-ozone/integration-test/target/test-dir/MiniOzoneClusterImpl-a7d5ff65-5e52-402f-8358-0c413c1a32d7/datanode-3/meta/datanode.id
2019-08-22 22:07:30,476 [main] INFO  volume.HddsVolume (HddsVolume.java:<init>(176)) - Creating Volume: /workdir/hadoop-ozone/integration-test/target/test-dir/MiniOzoneClusterImpl-a7d5ff65-5e52-402f-8358-0c413c1a32d7/datanode-4/data/containers/hdds of  storage type : DISK and capacity : 1482555576320
2019-08-22 22:07:30,476 [main] INFO  volume.VolumeSet (VolumeSet.java:initializeVolumeSet(170)) - Added Volume : /workdir/hadoop-ozone/integration-test/target/test-dir/MiniOzoneClusterImpl-a7d5ff65-5e52-402f-8358-0c413c1a32d7/datanode-4/data/containers/hdds to VolumeSet
2019-08-22 22:07:30,477 [main] INFO  volume.ThrottledAsyncChecker (ThrottledAsyncChecker.java:schedule(140)) - Scheduling a check for org.apache.hadoop.ozone.container.common.volume.HddsVolume@33e3bd2e
2019-08-22 22:07:30,477 [main] INFO  volume.HddsVolumeChecker (HddsVolumeChecker.java:checkAllVolumes(203)) - Scheduled health check for volume org.apache.hadoop.ozone.container.common.volume.HddsVolume@33e3bd2e
2019-08-22 22:07:30,492 [main] INFO  impl.RaftServerProxy (ConfUtils.java:logGet(43)) - raft.rpc.type = GRPC (default)
2019-08-22 22:07:30,492 [main] INFO  grpc.GrpcFactory (GrpcFactory.java:checkPooledByteBufAllocatorUseCacheForAllThreads(45)) - PERFORMANCE WARNING: useCacheForAllThreads is true that may cause Netty to create a lot garbage objects and, as a result, trigger GC.
	It is recommended to disable useCacheForAllThreads by setting -Dorg.apache.ratis.thirdparty.io.netty.allocator.useCacheForAllThreads=false in command line.
2019-08-22 22:07:30,493 [main] INFO  grpc.GrpcConfigKeys$Server (ConfUtils.java:logGet(43)) - raft.grpc.server.port = 0 (default)
2019-08-22 22:07:30,493 [main] INFO  server.GrpcService (ConfUtils.java:logGet(43)) - raft.grpc.message.size.max = 33570816 (custom)
2019-08-22 22:07:30,493 [main] INFO  server.RaftServerConfigKeys (ConfUtils.java:logGet(43)) - raft.server.log.appender.buffer.byte-limit = 33554432 (custom)
2019-08-22 22:07:30,493 [main] INFO  server.GrpcService (ConfUtils.java:logGet(43)) - raft.grpc.flow.control.window = 1MB (=1048576) (default)
2019-08-22 22:07:30,494 [main] INFO  server.RaftServerConfigKeys (ConfUtils.java:logGet(43)) - raft.server.rpc.request.timeout = 3000ms (default)
2019-08-22 22:07:30,494 [main] INFO  server.RaftServerConfigKeys (ConfUtils.java:logGet(43)) - raft.server.storage.dir = [/workdir/hadoop-ozone/integration-test/target/test-dir/MiniOzoneClusterImpl-a7d5ff65-5e52-402f-8358-0c413c1a32d7/datanode-4/data/ratis] (custom)
2019-08-22 22:07:30,495 [main] INFO  replication.SimpleContainerDownloader (SimpleContainerDownloader.java:<init>(72)) - Starting container downloader service to copy containers to replicate.
2019-08-22 22:07:30,496 [main] INFO  hdfs.DFSUtil (DFSUtil.java:httpServerTemplateForNNAndJN(1641)) - Starting Web-server for hddsDatanode at: http://0.0.0.0:0
2019-08-22 22:07:30,497 [main] INFO  server.AuthenticationFilter (AuthenticationFilter.java:constructSecretProvider(240)) - Unable to initialize FileSignerSecretProvider, falling back to use random secrets.
2019-08-22 22:07:30,498 [main] WARN  http.HttpRequestLog (HttpRequestLog.java:getRequestLog(97)) - Jetty request log can only be enabled using Log4j
2019-08-22 22:07:30,499 [main] INFO  http.HttpServer2 (HttpServer2.java:addGlobalFilter(975)) - Added global filter 'safety' (class=org.apache.hadoop.http.HttpServer2$QuotingInputFilter)
2019-08-22 22:07:30,500 [main] INFO  http.HttpServer2 (HttpServer2.java:addFilter(948)) - Added filter static_user_filter (class=org.apache.hadoop.http.lib.StaticUserWebFilter$StaticUserFilter) to context hddsDatanode
2019-08-22 22:07:30,500 [main] INFO  http.HttpServer2 (HttpServer2.java:addFilter(958)) - Added filter static_user_filter (class=org.apache.hadoop.http.lib.StaticUserWebFilter$StaticUserFilter) to context static
2019-08-22 22:07:30,500 [main] INFO  http.HttpServer2 (HttpServer2.java:addFilter(958)) - Added filter static_user_filter (class=org.apache.hadoop.http.lib.StaticUserWebFilter$StaticUserFilter) to context logs
2019-08-22 22:07:30,501 [main] INFO  http.HttpServer2 (HttpServer2.java:bindListener(1191)) - Jetty bound to port 45446
2019-08-22 22:07:30,501 [main] INFO  server.Server (Server.java:doStart(351)) - jetty-9.3.24.v20180605, build timestamp: 2018-06-05T17:11:56Z, git hash: 84205aa28f11a4f31f2a3b86d1bba2cc8ab69827
2019-08-22 22:07:30,503 [main] INFO  handler.ContextHandler (ContextHandler.java:doStart(781)) - Started o.e.j.s.ServletContextHandler@242ff747{/logs,file:///workdir/hadoop-ozone/integration-test/target/log,AVAILABLE}
2019-08-22 22:07:30,504 [main] INFO  handler.ContextHandler (ContextHandler.java:doStart(781)) - Started o.e.j.s.ServletContextHandler@597d48ca{/static,jar:file:/home/user/.m2/repository/org/apache/hadoop/hadoop-hdds-container-service/0.5.0-SNAPSHOT/hadoop-hdds-container-service-0.5.0-SNAPSHOT.jar!/webapps/static,AVAILABLE}
2019-08-22 22:07:30,532 [main] INFO  handler.ContextHandler (ContextHandler.java:doStart(781)) - Started o.e.j.w.WebAppContext@35563e4c{/,file:///tmp/jetty-0.0.0.0-45446-hddsDatanode-_-any-866002728974643219.dir/webapp/,AVAILABLE}{/hddsDatanode}
2019-08-22 22:07:30,532 [main] INFO  server.AbstractConnector (AbstractConnector.java:doStart(278)) - Started ServerConnector@6dd79214{HTTP/1.1,[http/1.1]}{0.0.0.0:45446}
2019-08-22 22:07:30,533 [main] INFO  server.Server (Server.java:doStart(419)) - Started @7806ms
2019-08-22 22:07:30,534 [main] INFO  server.BaseHttpServer (BaseHttpServer.java:updateConnectorAddress(213)) - HTTP server of HDDSDATANODE is listening at http://0.0.0.0:45446
2019-08-22 22:07:30,681 | INFO  | ObjectStoreRestHttpServer | Listening HDDS REST traffic on /0.0.0.0:40689 |  
2019-08-22 22:07:30,681 [main] INFO  ozone.HddsDatanodeService (HddsDatanodeService.java:startPlugins(395)) - Started plug-in org.apache.hadoop.ozone.web.OzoneHddsDatanodeService@111a7973
2019-08-22 22:07:30,681 [main] INFO  impl.MetricsSystemImpl (MetricsSystemImpl.java:init(158)) - HddsDatanode metrics system started (again)
2019-08-22 22:07:30,685 [org.apache.hadoop.util.JvmPauseMonitor$Monitor@2f7b3d26] INFO  util.JvmPauseMonitor (JvmPauseMonitor.java:run(188)) - Starting JVM pause monitor
2019-08-22 22:07:30,685 [main] INFO  ozone.HddsDatanodeService (HddsDatanodeService.java:start(184)) - HddsDatanodeService host:pr-hdds-1975-6rfct-3228563268 ip:192.168.36.125
2019-08-22 22:07:30,687 [Datanode State Machine Thread - 0] INFO  datanode.InitDatanodeState (InitDatanodeState.java:persistContainerDatanodeDetails(140)) - DatanodeDetails is persisted to /workdir/hadoop-ozone/integration-test/target/test-dir/MiniOzoneClusterImpl-a7d5ff65-5e52-402f-8358-0c413c1a32d7/datanode-4/meta/datanode.id
2019-08-22 22:07:30,692 [main] INFO  volume.HddsVolume (HddsVolume.java:<init>(176)) - Creating Volume: /workdir/hadoop-ozone/integration-test/target/test-dir/MiniOzoneClusterImpl-a7d5ff65-5e52-402f-8358-0c413c1a32d7/datanode-5/data/containers/hdds of  storage type : DISK and capacity : 1482555576320
2019-08-22 22:07:30,692 [main] INFO  volume.VolumeSet (VolumeSet.java:initializeVolumeSet(170)) - Added Volume : /workdir/hadoop-ozone/integration-test/target/test-dir/MiniOzoneClusterImpl-a7d5ff65-5e52-402f-8358-0c413c1a32d7/datanode-5/data/containers/hdds to VolumeSet
2019-08-22 22:07:30,693 [main] INFO  volume.ThrottledAsyncChecker (ThrottledAsyncChecker.java:schedule(140)) - Scheduling a check for org.apache.hadoop.ozone.container.common.volume.HddsVolume@21d9cd04
2019-08-22 22:07:30,693 [main] INFO  volume.HddsVolumeChecker (HddsVolumeChecker.java:checkAllVolumes(203)) - Scheduled health check for volume org.apache.hadoop.ozone.container.common.volume.HddsVolume@21d9cd04
2019-08-22 22:07:30,715 [main] INFO  impl.RaftServerProxy (ConfUtils.java:logGet(43)) - raft.rpc.type = GRPC (default)
2019-08-22 22:07:30,715 [main] INFO  grpc.GrpcFactory (GrpcFactory.java:checkPooledByteBufAllocatorUseCacheForAllThreads(45)) - PERFORMANCE WARNING: useCacheForAllThreads is true that may cause Netty to create a lot garbage objects and, as a result, trigger GC.
	It is recommended to disable useCacheForAllThreads by setting -Dorg.apache.ratis.thirdparty.io.netty.allocator.useCacheForAllThreads=false in command line.
2019-08-22 22:07:30,716 [main] INFO  grpc.GrpcConfigKeys$Server (ConfUtils.java:logGet(43)) - raft.grpc.server.port = 0 (default)
2019-08-22 22:07:30,716 [main] INFO  server.GrpcService (ConfUtils.java:logGet(43)) - raft.grpc.message.size.max = 33570816 (custom)
2019-08-22 22:07:30,716 [main] INFO  server.RaftServerConfigKeys (ConfUtils.java:logGet(43)) - raft.server.log.appender.buffer.byte-limit = 33554432 (custom)
2019-08-22 22:07:30,717 [main] INFO  server.GrpcService (ConfUtils.java:logGet(43)) - raft.grpc.flow.control.window = 1MB (=1048576) (default)
2019-08-22 22:07:30,717 [main] INFO  server.RaftServerConfigKeys (ConfUtils.java:logGet(43)) - raft.server.rpc.request.timeout = 3000ms (default)
2019-08-22 22:07:30,718 [main] INFO  server.RaftServerConfigKeys (ConfUtils.java:logGet(43)) - raft.server.storage.dir = [/workdir/hadoop-ozone/integration-test/target/test-dir/MiniOzoneClusterImpl-a7d5ff65-5e52-402f-8358-0c413c1a32d7/datanode-5/data/ratis] (custom)
2019-08-22 22:07:30,719 [main] INFO  replication.SimpleContainerDownloader (SimpleContainerDownloader.java:<init>(72)) - Starting container downloader service to copy containers to replicate.
2019-08-22 22:07:30,720 [main] INFO  hdfs.DFSUtil (DFSUtil.java:httpServerTemplateForNNAndJN(1641)) - Starting Web-server for hddsDatanode at: http://0.0.0.0:0
2019-08-22 22:07:30,722 [main] INFO  server.AuthenticationFilter (AuthenticationFilter.java:constructSecretProvider(240)) - Unable to initialize FileSignerSecretProvider, falling back to use random secrets.
2019-08-22 22:07:30,723 [main] WARN  http.HttpRequestLog (HttpRequestLog.java:getRequestLog(97)) - Jetty request log can only be enabled using Log4j
2019-08-22 22:07:30,724 [main] INFO  http.HttpServer2 (HttpServer2.java:addGlobalFilter(975)) - Added global filter 'safety' (class=org.apache.hadoop.http.HttpServer2$QuotingInputFilter)
2019-08-22 22:07:30,725 [main] INFO  http.HttpServer2 (HttpServer2.java:addFilter(948)) - Added filter static_user_filter (class=org.apache.hadoop.http.lib.StaticUserWebFilter$StaticUserFilter) to context hddsDatanode
2019-08-22 22:07:30,726 [main] INFO  http.HttpServer2 (HttpServer2.java:addFilter(958)) - Added filter static_user_filter (class=org.apache.hadoop.http.lib.StaticUserWebFilter$StaticUserFilter) to context logs
2019-08-22 22:07:30,726 [main] INFO  http.HttpServer2 (HttpServer2.java:addFilter(958)) - Added filter static_user_filter (class=org.apache.hadoop.http.lib.StaticUserWebFilter$StaticUserFilter) to context static
2019-08-22 22:07:30,727 [main] INFO  http.HttpServer2 (HttpServer2.java:bindListener(1191)) - Jetty bound to port 43142
2019-08-22 22:07:30,727 [main] INFO  server.Server (Server.java:doStart(351)) - jetty-9.3.24.v20180605, build timestamp: 2018-06-05T17:11:56Z, git hash: 84205aa28f11a4f31f2a3b86d1bba2cc8ab69827
2019-08-22 22:07:30,774 [main] INFO  handler.ContextHandler (ContextHandler.java:doStart(781)) - Started o.e.j.s.ServletContextHandler@26a4f9ed{/logs,file:///workdir/hadoop-ozone/integration-test/target/log,AVAILABLE}
2019-08-22 22:07:30,775 [main] INFO  handler.ContextHandler (ContextHandler.java:doStart(781)) - Started o.e.j.s.ServletContextHandler@45287377{/static,jar:file:/home/user/.m2/repository/org/apache/hadoop/hadoop-hdds-container-service/0.5.0-SNAPSHOT/hadoop-hdds-container-service-0.5.0-SNAPSHOT.jar!/webapps/static,AVAILABLE}
2019-08-22 22:07:30,826 [main] INFO  handler.ContextHandler (ContextHandler.java:doStart(781)) - Started o.e.j.w.WebAppContext@a056b26{/,file:///tmp/jetty-0.0.0.0-43142-hddsDatanode-_-any-2489049616822397857.dir/webapp/,AVAILABLE}{/hddsDatanode}
2019-08-22 22:07:30,827 [main] INFO  server.AbstractConnector (AbstractConnector.java:doStart(278)) - Started ServerConnector@2a5abd3c{HTTP/1.1,[http/1.1]}{0.0.0.0:43142}
2019-08-22 22:07:30,828 [main] INFO  server.Server (Server.java:doStart(419)) - Started @8101ms
2019-08-22 22:07:30,828 [main] INFO  server.BaseHttpServer (BaseHttpServer.java:updateConnectorAddress(213)) - HTTP server of HDDSDATANODE is listening at http://0.0.0.0:43142
2019-08-22 22:07:30,997 | INFO  | ObjectStoreRestHttpServer | Listening HDDS REST traffic on /0.0.0.0:41325 |  
2019-08-22 22:07:30,997 [main] INFO  ozone.HddsDatanodeService (HddsDatanodeService.java:startPlugins(395)) - Started plug-in org.apache.hadoop.ozone.web.OzoneHddsDatanodeService@6e0d16a4
2019-08-22 22:07:30,998 [main] INFO  impl.MetricsSystemImpl (MetricsSystemImpl.java:init(158)) - HddsDatanode metrics system started (again)
2019-08-22 22:07:31,001 [org.apache.hadoop.util.JvmPauseMonitor$Monitor@267fffb1] INFO  util.JvmPauseMonitor (JvmPauseMonitor.java:run(188)) - Starting JVM pause monitor
2019-08-22 22:07:31,002 [main] INFO  ozone.HddsDatanodeService (HddsDatanodeService.java:start(184)) - HddsDatanodeService host:pr-hdds-1975-6rfct-3228563268 ip:192.168.36.125
2019-08-22 22:07:31,003 [Datanode State Machine Thread - 0] INFO  datanode.InitDatanodeState (InitDatanodeState.java:persistContainerDatanodeDetails(140)) - DatanodeDetails is persisted to /workdir/hadoop-ozone/integration-test/target/test-dir/MiniOzoneClusterImpl-a7d5ff65-5e52-402f-8358-0c413c1a32d7/datanode-5/meta/datanode.id
2019-08-22 22:07:31,008 [main] INFO  volume.HddsVolume (HddsVolume.java:<init>(176)) - Creating Volume: /workdir/hadoop-ozone/integration-test/target/test-dir/MiniOzoneClusterImpl-a7d5ff65-5e52-402f-8358-0c413c1a32d7/datanode-6/data/containers/hdds of  storage type : DISK and capacity : 1482555576320
2019-08-22 22:07:31,008 [main] INFO  volume.VolumeSet (VolumeSet.java:initializeVolumeSet(170)) - Added Volume : /workdir/hadoop-ozone/integration-test/target/test-dir/MiniOzoneClusterImpl-a7d5ff65-5e52-402f-8358-0c413c1a32d7/datanode-6/data/containers/hdds to VolumeSet
2019-08-22 22:07:31,008 [main] INFO  volume.ThrottledAsyncChecker (ThrottledAsyncChecker.java:schedule(140)) - Scheduling a check for org.apache.hadoop.ozone.container.common.volume.HddsVolume@6a5dd083
2019-08-22 22:07:31,009 [main] INFO  volume.HddsVolumeChecker (HddsVolumeChecker.java:checkAllVolumes(203)) - Scheduled health check for volume org.apache.hadoop.ozone.container.common.volume.HddsVolume@6a5dd083
2019-08-22 22:07:31,022 [main] INFO  impl.RaftServerProxy (ConfUtils.java:logGet(43)) - raft.rpc.type = GRPC (default)
2019-08-22 22:07:31,022 [main] INFO  grpc.GrpcFactory (GrpcFactory.java:checkPooledByteBufAllocatorUseCacheForAllThreads(45)) - PERFORMANCE WARNING: useCacheForAllThreads is true that may cause Netty to create a lot garbage objects and, as a result, trigger GC.
	It is recommended to disable useCacheForAllThreads by setting -Dorg.apache.ratis.thirdparty.io.netty.allocator.useCacheForAllThreads=false in command line.
2019-08-22 22:07:31,022 [main] INFO  grpc.GrpcConfigKeys$Server (ConfUtils.java:logGet(43)) - raft.grpc.server.port = 0 (default)
2019-08-22 22:07:31,023 [main] INFO  server.GrpcService (ConfUtils.java:logGet(43)) - raft.grpc.message.size.max = 33570816 (custom)
2019-08-22 22:07:31,023 [main] INFO  server.RaftServerConfigKeys (ConfUtils.java:logGet(43)) - raft.server.log.appender.buffer.byte-limit = 33554432 (custom)
2019-08-22 22:07:31,023 [main] INFO  server.GrpcService (ConfUtils.java:logGet(43)) - raft.grpc.flow.control.window = 1MB (=1048576) (default)
2019-08-22 22:07:31,023 [main] INFO  server.RaftServerConfigKeys (ConfUtils.java:logGet(43)) - raft.server.rpc.request.timeout = 3000ms (default)
2019-08-22 22:07:31,024 [main] INFO  server.RaftServerConfigKeys (ConfUtils.java:logGet(43)) - raft.server.storage.dir = [/workdir/hadoop-ozone/integration-test/target/test-dir/MiniOzoneClusterImpl-a7d5ff65-5e52-402f-8358-0c413c1a32d7/datanode-6/data/ratis] (custom)
2019-08-22 22:07:31,024 [main] INFO  replication.SimpleContainerDownloader (SimpleContainerDownloader.java:<init>(72)) - Starting container downloader service to copy containers to replicate.
2019-08-22 22:07:31,025 [main] INFO  hdfs.DFSUtil (DFSUtil.java:httpServerTemplateForNNAndJN(1641)) - Starting Web-server for hddsDatanode at: http://0.0.0.0:0
2019-08-22 22:07:31,027 [main] INFO  server.AuthenticationFilter (AuthenticationFilter.java:constructSecretProvider(240)) - Unable to initialize FileSignerSecretProvider, falling back to use random secrets.
2019-08-22 22:07:31,027 [main] WARN  http.HttpRequestLog (HttpRequestLog.java:getRequestLog(97)) - Jetty request log can only be enabled using Log4j
2019-08-22 22:07:31,028 [main] INFO  http.HttpServer2 (HttpServer2.java:addGlobalFilter(975)) - Added global filter 'safety' (class=org.apache.hadoop.http.HttpServer2$QuotingInputFilter)
2019-08-22 22:07:31,029 [main] INFO  http.HttpServer2 (HttpServer2.java:addFilter(948)) - Added filter static_user_filter (class=org.apache.hadoop.http.lib.StaticUserWebFilter$StaticUserFilter) to context hddsDatanode
2019-08-22 22:07:31,029 [main] INFO  http.HttpServer2 (HttpServer2.java:addFilter(958)) - Added filter static_user_filter (class=org.apache.hadoop.http.lib.StaticUserWebFilter$StaticUserFilter) to context static
2019-08-22 22:07:31,029 [main] INFO  http.HttpServer2 (HttpServer2.java:addFilter(958)) - Added filter static_user_filter (class=org.apache.hadoop.http.lib.StaticUserWebFilter$StaticUserFilter) to context logs
2019-08-22 22:07:31,030 [main] INFO  http.HttpServer2 (HttpServer2.java:bindListener(1191)) - Jetty bound to port 36110
2019-08-22 22:07:31,030 [main] INFO  server.Server (Server.java:doStart(351)) - jetty-9.3.24.v20180605, build timestamp: 2018-06-05T17:11:56Z, git hash: 84205aa28f11a4f31f2a3b86d1bba2cc8ab69827
2019-08-22 22:07:31,032 [main] INFO  handler.ContextHandler (ContextHandler.java:doStart(781)) - Started o.e.j.s.ServletContextHandler@675ec28b{/logs,file:///workdir/hadoop-ozone/integration-test/target/log,AVAILABLE}
2019-08-22 22:07:31,032 [main] INFO  handler.ContextHandler (ContextHandler.java:doStart(781)) - Started o.e.j.s.ServletContextHandler@610fbe1c{/static,jar:file:/home/user/.m2/repository/org/apache/hadoop/hadoop-hdds-container-service/0.5.0-SNAPSHOT/hadoop-hdds-container-service-0.5.0-SNAPSHOT.jar!/webapps/static,AVAILABLE}
2019-08-22 22:07:31,057 [main] INFO  handler.ContextHandler (ContextHandler.java:doStart(781)) - Started o.e.j.w.WebAppContext@42730828{/,file:///tmp/jetty-0.0.0.0-36110-hddsDatanode-_-any-2564810260916420185.dir/webapp/,AVAILABLE}{/hddsDatanode}
2019-08-22 22:07:31,058 [main] INFO  server.AbstractConnector (AbstractConnector.java:doStart(278)) - Started ServerConnector@18c7f6b5{HTTP/1.1,[http/1.1]}{0.0.0.0:36110}
2019-08-22 22:07:31,059 [main] INFO  server.Server (Server.java:doStart(419)) - Started @8332ms
2019-08-22 22:07:31,059 [main] INFO  server.BaseHttpServer (BaseHttpServer.java:updateConnectorAddress(213)) - HTTP server of HDDSDATANODE is listening at http://0.0.0.0:36110
2019-08-22 22:07:31,213 | INFO  | ObjectStoreRestHttpServer | Listening HDDS REST traffic on /0.0.0.0:44126 |  
2019-08-22 22:07:31,213 [main] INFO  ozone.HddsDatanodeService (HddsDatanodeService.java:startPlugins(395)) - Started plug-in org.apache.hadoop.ozone.web.OzoneHddsDatanodeService@1805383
2019-08-22 22:07:31,216 [main] INFO  ozone.MiniOzoneClusterImpl (MiniOzoneClusterImpl.java:lambda$waitForClusterToBeReady$0(142)) - Waiting for cluster to be ready. Got 0 of 7 DN Heartbeats.
2019-08-22 22:07:31,216 [org.apache.hadoop.util.JvmPauseMonitor$Monitor@79194eb] INFO  util.JvmPauseMonitor (JvmPauseMonitor.java:run(188)) - Starting JVM pause monitor
2019-08-22 22:07:31,219 [Datanode State Machine Thread - 0] INFO  datanode.InitDatanodeState (InitDatanodeState.java:persistContainerDatanodeDetails(140)) - DatanodeDetails is persisted to /workdir/hadoop-ozone/integration-test/target/test-dir/MiniOzoneClusterImpl-a7d5ff65-5e52-402f-8358-0c413c1a32d7/datanode-6/meta/datanode.id
2019-08-22 22:07:31,755 | INFO  | SCMAudit | user=jenkins1000 | ip=192.168.36.125 | op=GET_VERSION null | ret=SUCCESS |  
2019-08-22 22:07:31,788 [Datanode State Machine Thread - 0] INFO  ozoneimpl.OzoneContainer (OzoneContainer.java:start(186)) - Attempting to start container services.
2019-08-22 22:07:31,790 [Datanode State Machine Thread - 0] INFO  ozoneimpl.OzoneContainer (OzoneContainer.java:startContainerScrub(160)) - Background container scrubber has been disabled by hdds.containerscrub.enabled
2019-08-22 22:07:31,790 [Datanode State Machine Thread - 0] INFO  ratis.XceiverServerRatis (XceiverServerRatis.java:start(404)) - Starting XceiverServerRatis b8ef9af6-352c-4d21-9a3e-6dd35f0a9afa at port 0
2019-08-22 22:07:31,805 [Datanode State Machine Thread - 0] INFO  impl.RaftServerProxy (RaftServerProxy.java:lambda$start$3(299)) - b8ef9af6-352c-4d21-9a3e-6dd35f0a9afa: start RPC server
2019-08-22 22:07:31,927 | INFO  | SCMAudit | user=jenkins1000 | ip=192.168.36.125 | op=GET_VERSION null | ret=SUCCESS |  
2019-08-22 22:07:31,931 [Datanode State Machine Thread - 0] INFO  server.GrpcService (GrpcService.java:startImpl(149)) - b8ef9af6-352c-4d21-9a3e-6dd35f0a9afa: GrpcService started, listening on 0.0.0.0/0.0.0.0:34128
2019-08-22 22:07:31,932 [Datanode State Machine Thread - 0] INFO  ratis.XceiverServerRatis (XceiverServerRatis.java:start(414)) - XceiverServerRatis b8ef9af6-352c-4d21-9a3e-6dd35f0a9afa is started using port 34128
2019-08-22 22:07:31,933 [Datanode State Machine Thread - 0] INFO  server.XceiverServerGrpc (XceiverServerGrpc.java:start(161)) - XceiverServerGrpc b8ef9af6-352c-4d21-9a3e-6dd35f0a9afa is started using port 37166
2019-08-22 22:07:31,949 [Datanode State Machine Thread - 0] INFO  ozoneimpl.OzoneContainer (OzoneContainer.java:start(186)) - Attempting to start container services.
2019-08-22 22:07:31,950 [Datanode State Machine Thread - 0] INFO  ozoneimpl.OzoneContainer (OzoneContainer.java:startContainerScrub(160)) - Background container scrubber has been disabled by hdds.containerscrub.enabled
2019-08-22 22:07:31,951 [Datanode State Machine Thread - 0] INFO  ratis.XceiverServerRatis (XceiverServerRatis.java:start(404)) - Starting XceiverServerRatis 362a0f32-a402-49c5-b39d-19ab87f59792 at port 0
2019-08-22 22:07:31,957 [Datanode State Machine Thread - 0] INFO  impl.RaftServerProxy (RaftServerProxy.java:lambda$start$3(299)) - 362a0f32-a402-49c5-b39d-19ab87f59792: start RPC server
2019-08-22 22:07:31,960 [Datanode State Machine Thread - 0] INFO  server.GrpcService (GrpcService.java:startImpl(149)) - 362a0f32-a402-49c5-b39d-19ab87f59792: GrpcService started, listening on 0.0.0.0/0.0.0.0:45069
2019-08-22 22:07:31,960 [Datanode State Machine Thread - 0] INFO  ratis.XceiverServerRatis (XceiverServerRatis.java:start(414)) - XceiverServerRatis 362a0f32-a402-49c5-b39d-19ab87f59792 is started using port 45069
2019-08-22 22:07:31,964 [Datanode State Machine Thread - 0] INFO  server.XceiverServerGrpc (XceiverServerGrpc.java:start(161)) - XceiverServerGrpc 362a0f32-a402-49c5-b39d-19ab87f59792 is started using port 37533
2019-08-22 22:07:32,178 | INFO  | SCMAudit | user=jenkins1000 | ip=192.168.36.125 | op=GET_VERSION null | ret=SUCCESS |  
2019-08-22 22:07:32,198 [Datanode State Machine Thread - 0] INFO  ozoneimpl.OzoneContainer (OzoneContainer.java:start(186)) - Attempting to start container services.
2019-08-22 22:07:32,202 [Datanode State Machine Thread - 0] INFO  ozoneimpl.OzoneContainer (OzoneContainer.java:startContainerScrub(160)) - Background container scrubber has been disabled by hdds.containerscrub.enabled
2019-08-22 22:07:32,202 [Datanode State Machine Thread - 0] INFO  ratis.XceiverServerRatis (XceiverServerRatis.java:start(404)) - Starting XceiverServerRatis 622387a1-0ff8-46d2-bb4b-d4ed28560aa4 at port 0
2019-08-22 22:07:32,208 [Datanode State Machine Thread - 0] INFO  impl.RaftServerProxy (RaftServerProxy.java:lambda$start$3(299)) - 622387a1-0ff8-46d2-bb4b-d4ed28560aa4: start RPC server
2019-08-22 22:07:32,211 [Datanode State Machine Thread - 0] INFO  server.GrpcService (GrpcService.java:startImpl(149)) - 622387a1-0ff8-46d2-bb4b-d4ed28560aa4: GrpcService started, listening on 0.0.0.0/0.0.0.0:40753
2019-08-22 22:07:32,211 [Datanode State Machine Thread - 0] INFO  ratis.XceiverServerRatis (XceiverServerRatis.java:start(414)) - XceiverServerRatis 622387a1-0ff8-46d2-bb4b-d4ed28560aa4 is started using port 40753
2019-08-22 22:07:32,213 [Datanode State Machine Thread - 0] INFO  server.XceiverServerGrpc (XceiverServerGrpc.java:start(161)) - XceiverServerGrpc 622387a1-0ff8-46d2-bb4b-d4ed28560aa4 is started using port 45772
2019-08-22 22:07:32,216 [main] INFO  ozone.MiniOzoneClusterImpl (MiniOzoneClusterImpl.java:lambda$waitForClusterToBeReady$0(142)) - Waiting for cluster to be ready. Got 0 of 7 DN Heartbeats.
2019-08-22 22:07:32,470 | INFO  | SCMAudit | user=jenkins1000 | ip=192.168.36.125 | op=GET_VERSION null | ret=SUCCESS |  
2019-08-22 22:07:32,496 [Datanode State Machine Thread - 0] INFO  ozoneimpl.OzoneContainer (OzoneContainer.java:start(186)) - Attempting to start container services.
2019-08-22 22:07:32,497 [Datanode State Machine Thread - 0] INFO  ozoneimpl.OzoneContainer (OzoneContainer.java:startContainerScrub(160)) - Background container scrubber has been disabled by hdds.containerscrub.enabled
2019-08-22 22:07:32,497 [Datanode State Machine Thread - 0] INFO  ratis.XceiverServerRatis (XceiverServerRatis.java:start(404)) - Starting XceiverServerRatis 31687c82-0c07-4c25-b0e4-b592672e89de at port 0
2019-08-22 22:07:32,518 [Datanode State Machine Thread - 0] INFO  impl.RaftServerProxy (RaftServerProxy.java:lambda$start$3(299)) - 31687c82-0c07-4c25-b0e4-b592672e89de: start RPC server
2019-08-22 22:07:32,522 [Datanode State Machine Thread - 0] INFO  server.GrpcService (GrpcService.java:startImpl(149)) - 31687c82-0c07-4c25-b0e4-b592672e89de: GrpcService started, listening on 0.0.0.0/0.0.0.0:40119
2019-08-22 22:07:32,522 [Datanode State Machine Thread - 0] INFO  ratis.XceiverServerRatis (XceiverServerRatis.java:start(414)) - XceiverServerRatis 31687c82-0c07-4c25-b0e4-b592672e89de is started using port 40119
2019-08-22 22:07:32,524 [Datanode State Machine Thread - 0] INFO  server.XceiverServerGrpc (XceiverServerGrpc.java:start(161)) - XceiverServerGrpc 31687c82-0c07-4c25-b0e4-b592672e89de is started using port 38596
2019-08-22 22:07:32,688 | INFO  | SCMAudit | user=jenkins1000 | ip=192.168.36.125 | op=GET_VERSION null | ret=SUCCESS |  
2019-08-22 22:07:32,706 [Datanode State Machine Thread - 0] INFO  ozoneimpl.OzoneContainer (OzoneContainer.java:start(186)) - Attempting to start container services.
2019-08-22 22:07:32,706 [Datanode State Machine Thread - 0] INFO  ozoneimpl.OzoneContainer (OzoneContainer.java:startContainerScrub(160)) - Background container scrubber has been disabled by hdds.containerscrub.enabled
2019-08-22 22:07:32,706 [Datanode State Machine Thread - 0] INFO  ratis.XceiverServerRatis (XceiverServerRatis.java:start(404)) - Starting XceiverServerRatis 2ad6dd5e-fcd5-41f9-b8db-8caf07d6cf0b at port 0
2019-08-22 22:07:32,714 [Datanode State Machine Thread - 0] INFO  impl.RaftServerProxy (RaftServerProxy.java:lambda$start$3(299)) - 2ad6dd5e-fcd5-41f9-b8db-8caf07d6cf0b: start RPC server
2019-08-22 22:07:32,718 [Datanode State Machine Thread - 0] INFO  server.GrpcService (GrpcService.java:startImpl(149)) - 2ad6dd5e-fcd5-41f9-b8db-8caf07d6cf0b: GrpcService started, listening on 0.0.0.0/0.0.0.0:34484
2019-08-22 22:07:32,719 [Datanode State Machine Thread - 0] INFO  ratis.XceiverServerRatis (XceiverServerRatis.java:start(414)) - XceiverServerRatis 2ad6dd5e-fcd5-41f9-b8db-8caf07d6cf0b is started using port 34484
2019-08-22 22:07:32,722 [Datanode State Machine Thread - 0] INFO  server.XceiverServerGrpc (XceiverServerGrpc.java:start(161)) - XceiverServerGrpc 2ad6dd5e-fcd5-41f9-b8db-8caf07d6cf0b is started using port 35263
2019-08-22 22:07:33,005 | INFO  | SCMAudit | user=jenkins1000 | ip=192.168.36.125 | op=GET_VERSION null | ret=SUCCESS |  
2019-08-22 22:07:33,217 [main] INFO  ozone.MiniOzoneClusterImpl (MiniOzoneClusterImpl.java:lambda$waitForClusterToBeReady$0(142)) - Waiting for cluster to be ready. Got 0 of 7 DN Heartbeats.
2019-08-22 22:07:33,221 | INFO  | SCMAudit | user=jenkins1000 | ip=192.168.36.125 | op=GET_VERSION null | ret=SUCCESS |  
2019-08-22 22:07:33,715 [Datanode State Machine Thread - 0] INFO  ozoneimpl.OzoneContainer (OzoneContainer.java:start(186)) - Attempting to start container services.
2019-08-22 22:07:33,715 [Datanode State Machine Thread - 0] INFO  ozoneimpl.OzoneContainer (OzoneContainer.java:start(186)) - Attempting to start container services.
2019-08-22 22:07:33,715 [Datanode State Machine Thread - 0] INFO  ozoneimpl.OzoneContainer (OzoneContainer.java:startContainerScrub(160)) - Background container scrubber has been disabled by hdds.containerscrub.enabled
2019-08-22 22:07:33,716 [Datanode State Machine Thread - 0] INFO  ozoneimpl.OzoneContainer (OzoneContainer.java:startContainerScrub(160)) - Background container scrubber has been disabled by hdds.containerscrub.enabled
2019-08-22 22:07:33,716 [Datanode State Machine Thread - 0] INFO  ratis.XceiverServerRatis (XceiverServerRatis.java:start(404)) - Starting XceiverServerRatis da272425-beaf-4e2f-8d68-d332ab7aa6f3 at port 0
2019-08-22 22:07:33,716 [Datanode State Machine Thread - 0] INFO  ratis.XceiverServerRatis (XceiverServerRatis.java:start(404)) - Starting XceiverServerRatis e0f80305-a2e9-4cc8-bb71-ae23e33e4a24 at port 0
2019-08-22 22:07:33,732 [Datanode State Machine Thread - 0] INFO  impl.RaftServerProxy (RaftServerProxy.java:lambda$start$3(299)) - da272425-beaf-4e2f-8d68-d332ab7aa6f3: start RPC server
2019-08-22 22:07:33,732 [Datanode State Machine Thread - 0] INFO  impl.RaftServerProxy (RaftServerProxy.java:lambda$start$3(299)) - e0f80305-a2e9-4cc8-bb71-ae23e33e4a24: start RPC server
2019-08-22 22:07:33,740 [Datanode State Machine Thread - 0] INFO  server.GrpcService (GrpcService.java:startImpl(149)) - da272425-beaf-4e2f-8d68-d332ab7aa6f3: GrpcService started, listening on 0.0.0.0/0.0.0.0:45418
2019-08-22 22:07:33,740 [Datanode State Machine Thread - 0] INFO  server.GrpcService (GrpcService.java:startImpl(149)) - e0f80305-a2e9-4cc8-bb71-ae23e33e4a24: GrpcService started, listening on 0.0.0.0/0.0.0.0:34759
2019-08-22 22:07:33,741 [Datanode State Machine Thread - 0] INFO  ratis.XceiverServerRatis (XceiverServerRatis.java:start(414)) - XceiverServerRatis da272425-beaf-4e2f-8d68-d332ab7aa6f3 is started using port 45418
2019-08-22 22:07:33,741 [Datanode State Machine Thread - 0] INFO  ratis.XceiverServerRatis (XceiverServerRatis.java:start(414)) - XceiverServerRatis e0f80305-a2e9-4cc8-bb71-ae23e33e4a24 is started using port 34759
2019-08-22 22:07:33,748 [Datanode State Machine Thread - 0] INFO  server.XceiverServerGrpc (XceiverServerGrpc.java:start(161)) - XceiverServerGrpc da272425-beaf-4e2f-8d68-d332ab7aa6f3 is started using port 43457
2019-08-22 22:07:33,748 [Datanode State Machine Thread - 0] INFO  server.XceiverServerGrpc (XceiverServerGrpc.java:start(161)) - XceiverServerGrpc e0f80305-a2e9-4cc8-bb71-ae23e33e4a24 is started using port 36478
2019-08-22 22:07:33,783 [IPC Server handler 2 on 39622] INFO  net.NetworkTopology (NetworkTopologyImpl.java:add(110)) - Added a new node: /default-rack/b8ef9af6-352c-4d21-9a3e-6dd35f0a9afa
2019-08-22 22:07:33,783 [IPC Server handler 2 on 39622] INFO  node.SCMNodeManager (SCMNodeManager.java:register(273)) - Registered Data node : b8ef9af6-352c-4d21-9a3e-6dd35f0a9afa{ip: 192.168.36.125, host: pr-hdds-1975-6rfct-3228563268, networkLocation: /default-rack, certSerialId: null}
2019-08-22 22:07:33,789 [EventQueue-NodeRegistrationContainerReportForDataNodeSafeModeRule] INFO  safemode.SCMSafeModeManager (DataNodeSafeModeRule.java:process(71)) - SCM in safe mode. 1 DataNodes registered, 1 required.
2019-08-22 22:07:33,789 [EventQueue-NodeRegistrationContainerReportForDataNodeSafeModeRule] INFO  safemode.SCMSafeModeManager (SCMSafeModeManager.java:validateSafeModeExitRules(177)) - ScmSafeModeManager, all rules are successfully validated
2019-08-22 22:07:33,789 [EventQueue-NodeRegistrationContainerReportForDataNodeSafeModeRule] INFO  safemode.SCMSafeModeManager (SCMSafeModeManager.java:exitSafeMode(193)) - SCM exiting safe mode.
2019-08-22 22:07:33,809 | INFO  | SCMAudit | user=jenkins1000 | ip=192.168.36.125 | op=REGISTER {datanodeDetails=b8ef9af6-352c-4d21-9a3e-6dd35f0a9afa{ip: 192.168.36.125, host: pr-hdds-1975-6rfct-3228563268, networkLocation: /default-rack, certSerialId: null}} | ret=SUCCESS |  
2019-08-22 22:07:33,929 [IPC Server handler 4 on 39622] INFO  net.NetworkTopology (NetworkTopologyImpl.java:add(110)) - Added a new node: /default-rack/362a0f32-a402-49c5-b39d-19ab87f59792
2019-08-22 22:07:33,929 [IPC Server handler 4 on 39622] INFO  node.SCMNodeManager (SCMNodeManager.java:register(273)) - Registered Data node : 362a0f32-a402-49c5-b39d-19ab87f59792{ip: 192.168.36.125, host: pr-hdds-1975-6rfct-3228563268, networkLocation: /default-rack, certSerialId: null}
2019-08-22 22:07:33,930 | INFO  | SCMAudit | user=jenkins1000 | ip=192.168.36.125 | op=REGISTER {datanodeDetails=362a0f32-a402-49c5-b39d-19ab87f59792{ip: 192.168.36.125, host: pr-hdds-1975-6rfct-3228563268, networkLocation: /default-rack, certSerialId: null}} | ret=SUCCESS |  
2019-08-22 22:07:34,180 [IPC Server handler 0 on 39622] INFO  net.NetworkTopology (NetworkTopologyImpl.java:add(110)) - Added a new node: /default-rack/622387a1-0ff8-46d2-bb4b-d4ed28560aa4
2019-08-22 22:07:34,180 [IPC Server handler 0 on 39622] INFO  node.SCMNodeManager (SCMNodeManager.java:register(273)) - Registered Data node : 622387a1-0ff8-46d2-bb4b-d4ed28560aa4{ip: 192.168.36.125, host: pr-hdds-1975-6rfct-3228563268, networkLocation: /default-rack, certSerialId: null}
2019-08-22 22:07:34,180 | INFO  | SCMAudit | user=jenkins1000 | ip=192.168.36.125 | op=REGISTER {datanodeDetails=622387a1-0ff8-46d2-bb4b-d4ed28560aa4{ip: 192.168.36.125, host: pr-hdds-1975-6rfct-3228563268, networkLocation: /default-rack, certSerialId: null}} | ret=SUCCESS |  
2019-08-22 22:07:34,217 [main] INFO  ozone.MiniOzoneClusterImpl (MiniOzoneClusterImpl.java:lambda$waitForClusterToBeReady$0(142)) - Waiting for cluster to be ready. Got 3 of 7 DN Heartbeats.
2019-08-22 22:07:34,645 [IPC Server handler 3 on 39622] INFO  net.NetworkTopology (NetworkTopologyImpl.java:add(110)) - Added a new node: /default-rack/31687c82-0c07-4c25-b0e4-b592672e89de
2019-08-22 22:07:34,645 [IPC Server handler 3 on 39622] INFO  node.SCMNodeManager (SCMNodeManager.java:register(273)) - Registered Data node : 31687c82-0c07-4c25-b0e4-b592672e89de{ip: 192.168.36.125, host: pr-hdds-1975-6rfct-3228563268, networkLocation: /default-rack, certSerialId: null}
2019-08-22 22:07:34,646 | INFO  | SCMAudit | user=jenkins1000 | ip=192.168.36.125 | op=REGISTER {datanodeDetails=31687c82-0c07-4c25-b0e4-b592672e89de{ip: 192.168.36.125, host: pr-hdds-1975-6rfct-3228563268, networkLocation: /default-rack, certSerialId: null}} | ret=SUCCESS |  
2019-08-22 22:07:34,691 [IPC Server handler 2 on 39622] INFO  net.NetworkTopology (NetworkTopologyImpl.java:add(110)) - Added a new node: /default-rack/2ad6dd5e-fcd5-41f9-b8db-8caf07d6cf0b
2019-08-22 22:07:34,692 [IPC Server handler 2 on 39622] INFO  node.SCMNodeManager (SCMNodeManager.java:register(273)) - Registered Data node : 2ad6dd5e-fcd5-41f9-b8db-8caf07d6cf0b{ip: 192.168.36.125, host: pr-hdds-1975-6rfct-3228563268, networkLocation: /default-rack, certSerialId: null}
2019-08-22 22:07:34,692 | INFO  | SCMAudit | user=jenkins1000 | ip=192.168.36.125 | op=REGISTER {datanodeDetails=2ad6dd5e-fcd5-41f9-b8db-8caf07d6cf0b{ip: 192.168.36.125, host: pr-hdds-1975-6rfct-3228563268, networkLocation: /default-rack, certSerialId: null}} | ret=SUCCESS |  
2019-08-22 22:07:34,899 [grpc-default-executor-0] INFO  impl.RaftServerProxy (RaftServerProxy.java:addNew(89)) - b8ef9af6-352c-4d21-9a3e-6dd35f0a9afa: addNew group-E1510D284E78:[b8ef9af6-352c-4d21-9a3e-6dd35f0a9afa:192.168.36.125:34128] returns group-E1510D284E78:java.util.concurrent.CompletableFuture@5a8411b3[Not completed]
2019-08-22 22:07:34,921 [pool-27-thread-1] INFO  impl.RaftServerImpl (RaftServerImpl.java:<init>(93)) - b8ef9af6-352c-4d21-9a3e-6dd35f0a9afa: new RaftServerImpl for group-E1510D284E78:[b8ef9af6-352c-4d21-9a3e-6dd35f0a9afa:192.168.36.125:34128] with ContainerStateMachine:uninitialized
2019-08-22 22:07:34,923 [pool-27-thread-1] INFO  server.RaftServerConfigKeys (ConfUtils.java:logGet(43)) - raft.server.rpc.timeout.min = 5s (custom)
2019-08-22 22:07:34,925 [pool-27-thread-1] INFO  server.RaftServerConfigKeys (ConfUtils.java:logGet(43)) - raft.server.rpc.timeout.max = 5200ms (custom)
2019-08-22 22:07:34,925 [pool-27-thread-1] INFO  server.RaftServerConfigKeys (ConfUtils.java:logGet(43)) - raft.server.rpcslowness.timeout = 120s (custom)
2019-08-22 22:07:34,926 [pool-27-thread-1] INFO  server.RaftServerConfigKeys (ConfUtils.java:logGet(43)) - raft.server.sleep.deviation.threshold = 300 (default)
2019-08-22 22:07:34,927 [pool-27-thread-1] INFO  server.RaftServerConfigKeys (ConfUtils.java:logGet(43)) - raft.server.log.appender.install.snapshot.enabled = false (custom)
2019-08-22 22:07:34,935 [pool-27-thread-1] INFO  impl.RaftServerImpl (ServerState.java:<init>(105)) - b8ef9af6-352c-4d21-9a3e-6dd35f0a9afa:group-E1510D284E78 ConfigurationManager, init=-1: [b8ef9af6-352c-4d21-9a3e-6dd35f0a9afa:192.168.36.125:34128], old=null, confs=<EMPTY_MAP>
2019-08-22 22:07:34,935 [pool-27-thread-1] INFO  server.RaftServerConfigKeys (ConfUtils.java:logGet(43)) - raft.server.storage.dir = [/workdir/hadoop-ozone/integration-test/target/test-dir/MiniOzoneClusterImpl-a7d5ff65-5e52-402f-8358-0c413c1a32d7/datanode-0/data/ratis] (custom)
2019-08-22 22:07:34,944 [pool-27-thread-1] INFO  storage.RaftStorageDirectory (RaftStorageDirectory.java:analyzeStorage(246)) - The storage directory /workdir/hadoop-ozone/integration-test/target/test-dir/MiniOzoneClusterImpl-a7d5ff65-5e52-402f-8358-0c413c1a32d7/datanode-0/data/ratis/c909061c-0ea9-4d3a-9ff6-e1510d284e78 does not exist. Creating ...
2019-08-22 22:07:34,963 [pool-27-thread-1] INFO  storage.RaftStorageDirectory (RaftStorageDirectory.java:tryLock(328)) - Lock on /workdir/hadoop-ozone/integration-test/target/test-dir/MiniOzoneClusterImpl-a7d5ff65-5e52-402f-8358-0c413c1a32d7/datanode-0/data/ratis/c909061c-0ea9-4d3a-9ff6-e1510d284e78/in_use.lock acquired by nodename 19597@pr-hdds-1975-6rfct-3228563268
2019-08-22 22:07:35,005 [IPC Server handler 5 on 39622] INFO  net.NetworkTopology (NetworkTopologyImpl.java:add(110)) - Added a new node: /default-rack/e0f80305-a2e9-4cc8-bb71-ae23e33e4a24
2019-08-22 22:07:35,006 [IPC Server handler 5 on 39622] INFO  node.SCMNodeManager (SCMNodeManager.java:register(273)) - Registered Data node : e0f80305-a2e9-4cc8-bb71-ae23e33e4a24{ip: 192.168.36.125, host: pr-hdds-1975-6rfct-3228563268, networkLocation: /default-rack, certSerialId: null}
2019-08-22 22:07:35,006 | INFO  | SCMAudit | user=jenkins1000 | ip=192.168.36.125 | op=REGISTER {datanodeDetails=e0f80305-a2e9-4cc8-bb71-ae23e33e4a24{ip: 192.168.36.125, host: pr-hdds-1975-6rfct-3228563268, networkLocation: /default-rack, certSerialId: null}} | ret=SUCCESS |  
2019-08-22 22:07:35,051 [pool-27-thread-1] INFO  storage.RaftStorage (RaftStorage.java:format(72)) - Storage directory /workdir/hadoop-ozone/integration-test/target/test-dir/MiniOzoneClusterImpl-a7d5ff65-5e52-402f-8358-0c413c1a32d7/datanode-0/data/ratis/c909061c-0ea9-4d3a-9ff6-e1510d284e78 has been successfully formatted.
2019-08-22 22:07:35,055 [pool-27-thread-1] INFO  ratis.ContainerStateMachine (ContainerStateMachine.java:loadSnapshot(226)) - group-E1510D284E78: The snapshot info is null. Setting the last applied indexto:(t:0, i:~)
2019-08-22 22:07:35,055 [pool-27-thread-1] INFO  server.RaftServerConfigKeys (ConfUtils.java:logGet(43)) - raft.server.leader.election.timeout = 120s (custom)
2019-08-22 22:07:35,058 [pool-27-thread-1] INFO  server.RaftServerConfigKeys (ConfUtils.java:logGet(43)) - raft.server.log.use.memory = false (default)
2019-08-22 22:07:35,067 [pool-27-thread-1] INFO  server.RaftServerConfigKeys (ConfUtils.java:logGet(43)) - raft.server.log.purge.gap = 1000000 (custom)
2019-08-22 22:07:35,067 [pool-27-thread-1] INFO  server.RaftServerConfigKeys (ConfUtils.java:logGet(43)) - raft.server.log.appender.buffer.byte-limit = 33554432 (custom)
2019-08-22 22:07:35,069 [pool-27-thread-1] INFO  server.RaftServerConfigKeys (ConfUtils.java:logGet(43)) - raft.server.log.segment.size.max = 1048576 (custom)
2019-08-22 22:07:35,076 [pool-27-thread-1] INFO  server.RaftServerConfigKeys (ConfUtils.java:logGet(43)) - raft.server.log.segment.cache.num.max = 2 (custom)
2019-08-22 22:07:35,084 [pool-27-thread-1] INFO  segmented.SegmentedRaftLogWorker (SegmentedRaftLogWorker.java:<init>(172)) - new b8ef9af6-352c-4d21-9a3e-6dd35f0a9afa-SegmentedRaftLogWorker:Storage Directory /workdir/hadoop-ozone/integration-test/target/test-dir/MiniOzoneClusterImpl-a7d5ff65-5e52-402f-8358-0c413c1a32d7/datanode-0/data/ratis/c909061c-0ea9-4d3a-9ff6-e1510d284e78 for RaftStorage:Storage Directory /workdir/hadoop-ozone/integration-test/target/test-dir/MiniOzoneClusterImpl-a7d5ff65-5e52-402f-8358-0c413c1a32d7/datanode-0/data/ratis/c909061c-0ea9-4d3a-9ff6-e1510d284e78
2019-08-22 22:07:35,101 [pool-27-thread-1] INFO  server.RaftServerConfigKeys (ConfUtils.java:logGet(43)) - raft.server.log.queue.byte-limit = 2147483647 (custom)
2019-08-22 22:07:35,102 [pool-27-thread-1] INFO  server.RaftServerConfigKeys (ConfUtils.java:logGet(43)) - raft.server.log.queue.element-limit = 1024 (custom)
2019-08-22 22:07:35,108 [pool-27-thread-1] INFO  server.RaftServerConfigKeys (ConfUtils.java:logGet(43)) - raft.server.log.segment.size.max = 1048576 (custom)
2019-08-22 22:07:35,109 [pool-27-thread-1] INFO  server.RaftServerConfigKeys (ConfUtils.java:logGet(43)) - raft.server.log.preallocated.size = 16384 (custom)
2019-08-22 22:07:35,109 [pool-27-thread-1] INFO  server.RaftServerConfigKeys (ConfUtils.java:logGet(43)) - raft.server.log.write.buffer.size = 33554432 (custom)
2019-08-22 22:07:35,110 [pool-27-thread-1] INFO  server.RaftServerConfigKeys (ConfUtils.java:logGet(43)) - raft.server.log.force.sync.num = 128 (default)
2019-08-22 22:07:35,111 [pool-27-thread-1] INFO  server.RaftServerConfigKeys (ConfUtils.java:logGet(43)) - raft.server.log.statemachine.data.sync = true (default)
2019-08-22 22:07:35,111 [pool-27-thread-1] INFO  server.RaftServerConfigKeys (ConfUtils.java:logGet(43)) - raft.server.log.statemachine.data.sync.timeout = 10s (default)
2019-08-22 22:07:35,112 [pool-27-thread-1] INFO  server.RaftServerConfigKeys (ConfUtils.java:logGet(43)) - raft.server.log.statemachine.data.sync.timeout.retry = -1 (default)
2019-08-22 22:07:35,122 [pool-27-thread-1] INFO  server.RaftServerConfigKeys (ConfUtils.java:logGet(43)) - raft.server.log.statemachine.data.caching.enabled = true (custom)
2019-08-22 22:07:35,127 [pool-27-thread-1] INFO  segmented.SegmentedRaftLogWorker (SegmentedRaftLogWorker.java:lambda$new$0(132)) - b8ef9af6-352c-4d21-9a3e-6dd35f0a9afa-SegmentedRaftLogWorker:Storage Directory /workdir/hadoop-ozone/integration-test/target/test-dir/MiniOzoneClusterImpl-a7d5ff65-5e52-402f-8358-0c413c1a32d7/datanode-0/data/ratis/c909061c-0ea9-4d3a-9ff6-e1510d284e78: flushIndex: setUnconditionally 0 -> -1
2019-08-22 22:07:35,132 [pool-27-thread-1] INFO  server.RaftServerConfigKeys (ConfUtils.java:logGet(43)) - raft.server.snapshot.auto.trigger.enabled = true (custom)
2019-08-22 22:07:35,133 [pool-27-thread-1] INFO  server.RaftServerConfigKeys (ConfUtils.java:logGet(43)) - raft.server.snapshot.auto.trigger.threshold = 10000 (custom)
2019-08-22 22:07:35,134 [pool-27-thread-1] INFO  server.RaftServerConfigKeys (ConfUtils.java:logGet(43)) - raft.server.retrycache.expirytime = 600000ms (custom)
2019-08-22 22:07:35,157 [pool-27-thread-1] INFO  impl.RaftServerImpl (RaftServerImpl.java:start(180)) - b8ef9af6-352c-4d21-9a3e-6dd35f0a9afa: start group-E1510D284E78
2019-08-22 22:07:35,158 [pool-27-thread-1] INFO  impl.RaftServerImpl (RaftServerImpl.java:setRole(171)) - b8ef9af6-352c-4d21-9a3e-6dd35f0a9afa:group-E1510D284E78 changes role from null to FOLLOWER at term 0 for startAsFollower
2019-08-22 22:07:35,159 [pool-27-thread-1] INFO  impl.RoleInfo (RoleInfo.java:updateAndGet(143)) - b8ef9af6-352c-4d21-9a3e-6dd35f0a9afa: start FollowerState
2019-08-22 22:07:35,161 [pool-27-thread-1] INFO  util.JmxRegister (JmxRegister.java:tryRegister(44)) - Successfully registered JMX Bean with object name Ratis:service=RaftServer,group=group-E1510D284E78,id=b8ef9af6-352c-4d21-9a3e-6dd35f0a9afa
2019-08-22 22:07:35,218 [main] INFO  ozone.MiniOzoneClusterImpl (MiniOzoneClusterImpl.java:lambda$waitForClusterToBeReady$0(142)) - Waiting for cluster to be ready. Got 6 of 7 DN Heartbeats.
2019-08-22 22:07:35,221 [IPC Server handler 3 on 39622] INFO  net.NetworkTopology (NetworkTopologyImpl.java:add(110)) - Added a new node: /default-rack/da272425-beaf-4e2f-8d68-d332ab7aa6f3
2019-08-22 22:07:35,222 [IPC Server handler 3 on 39622] INFO  node.SCMNodeManager (SCMNodeManager.java:register(273)) - Registered Data node : da272425-beaf-4e2f-8d68-d332ab7aa6f3{ip: 192.168.36.125, host: pr-hdds-1975-6rfct-3228563268, networkLocation: /default-rack, certSerialId: null}
2019-08-22 22:07:35,222 | INFO  | SCMAudit | user=jenkins1000 | ip=192.168.36.125 | op=REGISTER {datanodeDetails=da272425-beaf-4e2f-8d68-d332ab7aa6f3{ip: 192.168.36.125, host: pr-hdds-1975-6rfct-3228563268, networkLocation: /default-rack, certSerialId: null}} | ret=SUCCESS |  
2019-08-22 22:07:35,231 [RatisPipelineUtilsThread] INFO  pipeline.PipelineStateManager (PipelineStateManager.java:addPipeline(56)) - Created pipeline Pipeline[ Id: c909061c-0ea9-4d3a-9ff6-e1510d284e78, Nodes: b8ef9af6-352c-4d21-9a3e-6dd35f0a9afa{ip: 192.168.36.125, host: pr-hdds-1975-6rfct-3228563268, networkLocation: /default-rack, certSerialId: null}, Type:RATIS, Factor:ONE, State:OPEN]
2019-08-22 22:07:35,257 [grpc-default-executor-0] INFO  impl.RaftServerProxy (RaftServerProxy.java:addNew(89)) - da272425-beaf-4e2f-8d68-d332ab7aa6f3: addNew group-56EDDA7CE103:[da272425-beaf-4e2f-8d68-d332ab7aa6f3:192.168.36.125:45418] returns group-56EDDA7CE103:java.util.concurrent.CompletableFuture@13bb3fed[Not completed]
2019-08-22 22:07:35,307 [pool-93-thread-1] INFO  impl.RaftServerImpl (RaftServerImpl.java:<init>(93)) - da272425-beaf-4e2f-8d68-d332ab7aa6f3: new RaftServerImpl for group-56EDDA7CE103:[da272425-beaf-4e2f-8d68-d332ab7aa6f3:192.168.36.125:45418] with ContainerStateMachine:uninitialized
2019-08-22 22:07:35,309 [pool-93-thread-1] INFO  server.RaftServerConfigKeys (ConfUtils.java:logGet(43)) - raft.server.rpc.timeout.min = 5s (custom)
2019-08-22 22:07:35,309 [pool-93-thread-1] INFO  server.RaftServerConfigKeys (ConfUtils.java:logGet(43)) - raft.server.rpc.timeout.max = 5200ms (custom)
2019-08-22 22:07:35,309 [pool-93-thread-1] INFO  server.RaftServerConfigKeys (ConfUtils.java:logGet(43)) - raft.server.rpcslowness.timeout = 120s (custom)
2019-08-22 22:07:35,310 [pool-93-thread-1] INFO  server.RaftServerConfigKeys (ConfUtils.java:logGet(43)) - raft.server.sleep.deviation.threshold = 300 (default)
2019-08-22 22:07:35,310 [pool-93-thread-1] INFO  server.RaftServerConfigKeys (ConfUtils.java:logGet(43)) - raft.server.log.appender.install.snapshot.enabled = false (custom)
2019-08-22 22:07:35,310 [pool-93-thread-1] INFO  impl.RaftServerImpl (ServerState.java:<init>(105)) - da272425-beaf-4e2f-8d68-d332ab7aa6f3:group-56EDDA7CE103 ConfigurationManager, init=-1: [da272425-beaf-4e2f-8d68-d332ab7aa6f3:192.168.36.125:45418], old=null, confs=<EMPTY_MAP>
2019-08-22 22:07:35,310 [pool-93-thread-1] INFO  server.RaftServerConfigKeys (ConfUtils.java:logGet(43)) - raft.server.storage.dir = [/workdir/hadoop-ozone/integration-test/target/test-dir/MiniOzoneClusterImpl-a7d5ff65-5e52-402f-8358-0c413c1a32d7/datanode-6/data/ratis] (custom)
2019-08-22 22:07:35,310 [pool-93-thread-1] INFO  storage.RaftStorageDirectory (RaftStorageDirectory.java:analyzeStorage(246)) - The storage directory /workdir/hadoop-ozone/integration-test/target/test-dir/MiniOzoneClusterImpl-a7d5ff65-5e52-402f-8358-0c413c1a32d7/datanode-6/data/ratis/a0919506-168a-4eb0-88b0-56edda7ce103 does not exist. Creating ...
2019-08-22 22:07:35,332 [pool-93-thread-1] INFO  storage.RaftStorageDirectory (RaftStorageDirectory.java:tryLock(328)) - Lock on /workdir/hadoop-ozone/integration-test/target/test-dir/MiniOzoneClusterImpl-a7d5ff65-5e52-402f-8358-0c413c1a32d7/datanode-6/data/ratis/a0919506-168a-4eb0-88b0-56edda7ce103/in_use.lock acquired by nodename 19597@pr-hdds-1975-6rfct-3228563268
2019-08-22 22:07:35,347 [pool-93-thread-1] INFO  storage.RaftStorage (RaftStorage.java:format(72)) - Storage directory /workdir/hadoop-ozone/integration-test/target/test-dir/MiniOzoneClusterImpl-a7d5ff65-5e52-402f-8358-0c413c1a32d7/datanode-6/data/ratis/a0919506-168a-4eb0-88b0-56edda7ce103 has been successfully formatted.
2019-08-22 22:07:35,349 [pool-93-thread-1] INFO  ratis.ContainerStateMachine (ContainerStateMachine.java:loadSnapshot(226)) - group-56EDDA7CE103: The snapshot info is null. Setting the last applied indexto:(t:0, i:~)
2019-08-22 22:07:35,351 [pool-93-thread-1] INFO  server.RaftServerConfigKeys (ConfUtils.java:logGet(43)) - raft.server.leader.election.timeout = 120s (custom)
2019-08-22 22:07:35,351 [pool-93-thread-1] INFO  server.RaftServerConfigKeys (ConfUtils.java:logGet(43)) - raft.server.log.use.memory = false (default)
2019-08-22 22:07:35,352 [pool-93-thread-1] INFO  server.RaftServerConfigKeys (ConfUtils.java:logGet(43)) - raft.server.log.purge.gap = 1000000 (custom)
2019-08-22 22:07:35,352 [pool-93-thread-1] INFO  server.RaftServerConfigKeys (ConfUtils.java:logGet(43)) - raft.server.log.appender.buffer.byte-limit = 33554432 (custom)
2019-08-22 22:07:35,352 [pool-93-thread-1] INFO  server.RaftServerConfigKeys (ConfUtils.java:logGet(43)) - raft.server.log.segment.size.max = 1048576 (custom)
2019-08-22 22:07:35,352 [pool-93-thread-1] INFO  server.RaftServerConfigKeys (ConfUtils.java:logGet(43)) - raft.server.log.segment.cache.num.max = 2 (custom)
2019-08-22 22:07:35,353 [pool-93-thread-1] INFO  segmented.SegmentedRaftLogWorker (SegmentedRaftLogWorker.java:<init>(172)) - new da272425-beaf-4e2f-8d68-d332ab7aa6f3-SegmentedRaftLogWorker:Storage Directory /workdir/hadoop-ozone/integration-test/target/test-dir/MiniOzoneClusterImpl-a7d5ff65-5e52-402f-8358-0c413c1a32d7/datanode-6/data/ratis/a0919506-168a-4eb0-88b0-56edda7ce103 for RaftStorage:Storage Directory /workdir/hadoop-ozone/integration-test/target/test-dir/MiniOzoneClusterImpl-a7d5ff65-5e52-402f-8358-0c413c1a32d7/datanode-6/data/ratis/a0919506-168a-4eb0-88b0-56edda7ce103
2019-08-22 22:07:35,355 [pool-93-thread-1] INFO  server.RaftServerConfigKeys (ConfUtils.java:logGet(43)) - raft.server.log.queue.byte-limit = 2147483647 (custom)
2019-08-22 22:07:35,355 [pool-93-thread-1] INFO  server.RaftServerConfigKeys (ConfUtils.java:logGet(43)) - raft.server.log.queue.element-limit = 1024 (custom)
2019-08-22 22:07:35,355 [pool-93-thread-1] INFO  server.RaftServerConfigKeys (ConfUtils.java:logGet(43)) - raft.server.log.segment.size.max = 1048576 (custom)
2019-08-22 22:07:35,356 [pool-93-thread-1] INFO  server.RaftServerConfigKeys (ConfUtils.java:logGet(43)) - raft.server.log.preallocated.size = 16384 (custom)
2019-08-22 22:07:35,356 [pool-93-thread-1] INFO  server.RaftServerConfigKeys (ConfUtils.java:logGet(43)) - raft.server.log.write.buffer.size = 33554432 (custom)
2019-08-22 22:07:35,356 [pool-93-thread-1] INFO  server.RaftServerConfigKeys (ConfUtils.java:logGet(43)) - raft.server.log.force.sync.num = 128 (default)
2019-08-22 22:07:35,357 [pool-93-thread-1] INFO  server.RaftServerConfigKeys (ConfUtils.java:logGet(43)) - raft.server.log.statemachine.data.sync = true (default)
2019-08-22 22:07:35,357 [pool-93-thread-1] INFO  server.RaftServerConfigKeys (ConfUtils.java:logGet(43)) - raft.server.log.statemachine.data.sync.timeout = 10s (default)
2019-08-22 22:07:35,357 [pool-93-thread-1] INFO  server.RaftServerConfigKeys (ConfUtils.java:logGet(43)) - raft.server.log.statemachine.data.sync.timeout.retry = -1 (default)
2019-08-22 22:07:35,358 [pool-93-thread-1] INFO  server.RaftServerConfigKeys (ConfUtils.java:logGet(43)) - raft.server.log.statemachine.data.caching.enabled = true (custom)
2019-08-22 22:07:35,358 [pool-93-thread-1] INFO  segmented.SegmentedRaftLogWorker (SegmentedRaftLogWorker.java:lambda$new$0(132)) - da272425-beaf-4e2f-8d68-d332ab7aa6f3-SegmentedRaftLogWorker:Storage Directory /workdir/hadoop-ozone/integration-test/target/test-dir/MiniOzoneClusterImpl-a7d5ff65-5e52-402f-8358-0c413c1a32d7/datanode-6/data/ratis/a0919506-168a-4eb0-88b0-56edda7ce103: flushIndex: setUnconditionally 0 -> -1
2019-08-22 22:07:35,359 [pool-93-thread-1] INFO  server.RaftServerConfigKeys (ConfUtils.java:logGet(43)) - raft.server.snapshot.auto.trigger.enabled = true (custom)
2019-08-22 22:07:35,359 [pool-93-thread-1] INFO  server.RaftServerConfigKeys (ConfUtils.java:logGet(43)) - raft.server.snapshot.auto.trigger.threshold = 10000 (custom)
2019-08-22 22:07:35,359 [pool-93-thread-1] INFO  server.RaftServerConfigKeys (ConfUtils.java:logGet(43)) - raft.server.retrycache.expirytime = 600000ms (custom)
2019-08-22 22:07:35,360 [pool-93-thread-1] INFO  impl.RaftServerImpl (RaftServerImpl.java:start(180)) - da272425-beaf-4e2f-8d68-d332ab7aa6f3: start group-56EDDA7CE103
2019-08-22 22:07:35,360 [pool-93-thread-1] INFO  impl.RaftServerImpl (RaftServerImpl.java:setRole(171)) - da272425-beaf-4e2f-8d68-d332ab7aa6f3:group-56EDDA7CE103 changes role from null to FOLLOWER at term 0 for startAsFollower
2019-08-22 22:07:35,360 [pool-93-thread-1] INFO  impl.RoleInfo (RoleInfo.java:updateAndGet(143)) - da272425-beaf-4e2f-8d68-d332ab7aa6f3: start FollowerState
2019-08-22 22:07:35,363 [pool-93-thread-1] INFO  util.JmxRegister (JmxRegister.java:tryRegister(44)) - Successfully registered JMX Bean with object name Ratis:service=RaftServer,group=group-56EDDA7CE103,id=da272425-beaf-4e2f-8d68-d332ab7aa6f3
2019-08-22 22:07:35,382 [RatisPipelineUtilsThread] INFO  pipeline.PipelineStateManager (PipelineStateManager.java:addPipeline(56)) - Created pipeline Pipeline[ Id: a0919506-168a-4eb0-88b0-56edda7ce103, Nodes: da272425-beaf-4e2f-8d68-d332ab7aa6f3{ip: 192.168.36.125, host: pr-hdds-1975-6rfct-3228563268, networkLocation: /default-rack, certSerialId: null}, Type:RATIS, Factor:ONE, State:OPEN]
2019-08-22 22:07:35,415 [grpc-default-executor-0] INFO  impl.RaftServerProxy (RaftServerProxy.java:addNew(89)) - e0f80305-a2e9-4cc8-bb71-ae23e33e4a24: addNew group-0E4F0E535AB0:[e0f80305-a2e9-4cc8-bb71-ae23e33e4a24:192.168.36.125:34759] returns group-0E4F0E535AB0:java.util.concurrent.CompletableFuture@40433edb[Not completed]
2019-08-22 22:07:35,433 [pool-82-thread-1] INFO  impl.RaftServerImpl (RaftServerImpl.java:<init>(93)) - e0f80305-a2e9-4cc8-bb71-ae23e33e4a24: new RaftServerImpl for group-0E4F0E535AB0:[e0f80305-a2e9-4cc8-bb71-ae23e33e4a24:192.168.36.125:34759] with ContainerStateMachine:uninitialized
2019-08-22 22:07:35,433 [pool-82-thread-1] INFO  server.RaftServerConfigKeys (ConfUtils.java:logGet(43)) - raft.server.rpc.timeout.min = 5s (custom)
2019-08-22 22:07:35,433 [pool-82-thread-1] INFO  server.RaftServerConfigKeys (ConfUtils.java:logGet(43)) - raft.server.rpc.timeout.max = 5200ms (custom)
2019-08-22 22:07:35,433 [pool-82-thread-1] INFO  server.RaftServerConfigKeys (ConfUtils.java:logGet(43)) - raft.server.rpcslowness.timeout = 120s (custom)
2019-08-22 22:07:35,434 [pool-82-thread-1] INFO  server.RaftServerConfigKeys (ConfUtils.java:logGet(43)) - raft.server.sleep.deviation.threshold = 300 (default)
2019-08-22 22:07:35,434 [pool-82-thread-1] INFO  server.RaftServerConfigKeys (ConfUtils.java:logGet(43)) - raft.server.log.appender.install.snapshot.enabled = false (custom)
2019-08-22 22:07:35,434 [pool-82-thread-1] INFO  impl.RaftServerImpl (ServerState.java:<init>(105)) - e0f80305-a2e9-4cc8-bb71-ae23e33e4a24:group-0E4F0E535AB0 ConfigurationManager, init=-1: [e0f80305-a2e9-4cc8-bb71-ae23e33e4a24:192.168.36.125:34759], old=null, confs=<EMPTY_MAP>
2019-08-22 22:07:35,434 [pool-82-thread-1] INFO  server.RaftServerConfigKeys (ConfUtils.java:logGet(43)) - raft.server.storage.dir = [/workdir/hadoop-ozone/integration-test/target/test-dir/MiniOzoneClusterImpl-a7d5ff65-5e52-402f-8358-0c413c1a32d7/datanode-5/data/ratis] (custom)
2019-08-22 22:07:35,435 [pool-82-thread-1] INFO  storage.RaftStorageDirectory (RaftStorageDirectory.java:analyzeStorage(246)) - The storage directory /workdir/hadoop-ozone/integration-test/target/test-dir/MiniOzoneClusterImpl-a7d5ff65-5e52-402f-8358-0c413c1a32d7/datanode-5/data/ratis/4910d24a-e7d1-40a2-8b39-0e4f0e535ab0 does not exist. Creating ...
2019-08-22 22:07:35,451 [pool-82-thread-1] INFO  storage.RaftStorageDirectory (RaftStorageDirectory.java:tryLock(328)) - Lock on /workdir/hadoop-ozone/integration-test/target/test-dir/MiniOzoneClusterImpl-a7d5ff65-5e52-402f-8358-0c413c1a32d7/datanode-5/data/ratis/4910d24a-e7d1-40a2-8b39-0e4f0e535ab0/in_use.lock acquired by nodename 19597@pr-hdds-1975-6rfct-3228563268
2019-08-22 22:07:35,468 [pool-82-thread-1] INFO  storage.RaftStorage (RaftStorage.java:format(72)) - Storage directory /workdir/hadoop-ozone/integration-test/target/test-dir/MiniOzoneClusterImpl-a7d5ff65-5e52-402f-8358-0c413c1a32d7/datanode-5/data/ratis/4910d24a-e7d1-40a2-8b39-0e4f0e535ab0 has been successfully formatted.
2019-08-22 22:07:35,469 [pool-82-thread-1] INFO  ratis.ContainerStateMachine (ContainerStateMachine.java:loadSnapshot(226)) - group-0E4F0E535AB0: The snapshot info is null. Setting the last applied indexto:(t:0, i:~)
2019-08-22 22:07:35,469 [pool-82-thread-1] INFO  server.RaftServerConfigKeys (ConfUtils.java:logGet(43)) - raft.server.leader.election.timeout = 120s (custom)
2019-08-22 22:07:35,469 [pool-82-thread-1] INFO  server.RaftServerConfigKeys (ConfUtils.java:logGet(43)) - raft.server.log.use.memory = false (default)
2019-08-22 22:07:35,469 [pool-82-thread-1] INFO  server.RaftServerConfigKeys (ConfUtils.java:logGet(43)) - raft.server.log.purge.gap = 1000000 (custom)
2019-08-22 22:07:35,470 [pool-82-thread-1] INFO  server.RaftServerConfigKeys (ConfUtils.java:logGet(43)) - raft.server.log.appender.buffer.byte-limit = 33554432 (custom)
2019-08-22 22:07:35,470 [pool-82-thread-1] INFO  server.RaftServerConfigKeys (ConfUtils.java:logGet(43)) - raft.server.log.segment.size.max = 1048576 (custom)
2019-08-22 22:07:35,470 [pool-82-thread-1] INFO  server.RaftServerConfigKeys (ConfUtils.java:logGet(43)) - raft.server.log.segment.cache.num.max = 2 (custom)
2019-08-22 22:07:35,470 [pool-82-thread-1] INFO  segmented.SegmentedRaftLogWorker (SegmentedRaftLogWorker.java:<init>(172)) - new e0f80305-a2e9-4cc8-bb71-ae23e33e4a24-SegmentedRaftLogWorker:Storage Directory /workdir/hadoop-ozone/integration-test/target/test-dir/MiniOzoneClusterImpl-a7d5ff65-5e52-402f-8358-0c413c1a32d7/datanode-5/data/ratis/4910d24a-e7d1-40a2-8b39-0e4f0e535ab0 for RaftStorage:Storage Directory /workdir/hadoop-ozone/integration-test/target/test-dir/MiniOzoneClusterImpl-a7d5ff65-5e52-402f-8358-0c413c1a32d7/datanode-5/data/ratis/4910d24a-e7d1-40a2-8b39-0e4f0e535ab0
2019-08-22 22:07:35,471 [pool-82-thread-1] INFO  server.RaftServerConfigKeys (ConfUtils.java:logGet(43)) - raft.server.log.queue.byte-limit = 2147483647 (custom)
2019-08-22 22:07:35,471 [pool-82-thread-1] INFO  server.RaftServerConfigKeys (ConfUtils.java:logGet(43)) - raft.server.log.queue.element-limit = 1024 (custom)
2019-08-22 22:07:35,471 [pool-82-thread-1] INFO  server.RaftServerConfigKeys (ConfUtils.java:logGet(43)) - raft.server.log.segment.size.max = 1048576 (custom)
2019-08-22 22:07:35,471 [pool-82-thread-1] INFO  server.RaftServerConfigKeys (ConfUtils.java:logGet(43)) - raft.server.log.preallocated.size = 16384 (custom)
2019-08-22 22:07:35,472 [pool-82-thread-1] INFO  server.RaftServerConfigKeys (ConfUtils.java:logGet(43)) - raft.server.log.write.buffer.size = 33554432 (custom)
2019-08-22 22:07:35,472 [pool-82-thread-1] INFO  server.RaftServerConfigKeys (ConfUtils.java:logGet(43)) - raft.server.log.force.sync.num = 128 (default)
2019-08-22 22:07:35,472 [pool-82-thread-1] INFO  server.RaftServerConfigKeys (ConfUtils.java:logGet(43)) - raft.server.log.statemachine.data.sync = true (default)
2019-08-22 22:07:35,473 [pool-82-thread-1] INFO  server.RaftServerConfigKeys (ConfUtils.java:logGet(43)) - raft.server.log.statemachine.data.sync.timeout = 10s (default)
2019-08-22 22:07:35,473 [pool-82-thread-1] INFO  server.RaftServerConfigKeys (ConfUtils.java:logGet(43)) - raft.server.log.statemachine.data.sync.timeout.retry = -1 (default)
2019-08-22 22:07:35,473 [pool-82-thread-1] INFO  server.RaftServerConfigKeys (ConfUtils.java:logGet(43)) - raft.server.log.statemachine.data.caching.enabled = true (custom)
2019-08-22 22:07:35,474 [pool-82-thread-1] INFO  segmented.SegmentedRaftLogWorker (SegmentedRaftLogWorker.java:lambda$new$0(132)) - e0f80305-a2e9-4cc8-bb71-ae23e33e4a24-SegmentedRaftLogWorker:Storage Directory /workdir/hadoop-ozone/integration-test/target/test-dir/MiniOzoneClusterImpl-a7d5ff65-5e52-402f-8358-0c413c1a32d7/datanode-5/data/ratis/4910d24a-e7d1-40a2-8b39-0e4f0e535ab0: flushIndex: setUnconditionally 0 -> -1
2019-08-22 22:07:35,475 [pool-82-thread-1] INFO  server.RaftServerConfigKeys (ConfUtils.java:logGet(43)) - raft.server.snapshot.auto.trigger.enabled = true (custom)
2019-08-22 22:07:35,475 [pool-82-thread-1] INFO  server.RaftServerConfigKeys (ConfUtils.java:logGet(43)) - raft.server.snapshot.auto.trigger.threshold = 10000 (custom)
2019-08-22 22:07:35,475 [pool-82-thread-1] INFO  server.RaftServerConfigKeys (ConfUtils.java:logGet(43)) - raft.server.retrycache.expirytime = 600000ms (custom)
2019-08-22 22:07:35,476 [pool-82-thread-1] INFO  impl.RaftServerImpl (RaftServerImpl.java:start(180)) - e0f80305-a2e9-4cc8-bb71-ae23e33e4a24: start group-0E4F0E535AB0
2019-08-22 22:07:35,476 [pool-82-thread-1] INFO  impl.RaftServerImpl (RaftServerImpl.java:setRole(171)) - e0f80305-a2e9-4cc8-bb71-ae23e33e4a24:group-0E4F0E535AB0 changes role from null to FOLLOWER at term 0 for startAsFollower
2019-08-22 22:07:35,476 [pool-82-thread-1] INFO  impl.RoleInfo (RoleInfo.java:updateAndGet(143)) - e0f80305-a2e9-4cc8-bb71-ae23e33e4a24: start FollowerState
2019-08-22 22:07:35,477 [pool-82-thread-1] INFO  util.JmxRegister (JmxRegister.java:tryRegister(44)) - Successfully registered JMX Bean with object name Ratis:service=RaftServer,group=group-0E4F0E535AB0,id=e0f80305-a2e9-4cc8-bb71-ae23e33e4a24
2019-08-22 22:07:35,493 [RatisPipelineUtilsThread] INFO  pipeline.PipelineStateManager (PipelineStateManager.java:addPipeline(56)) - Created pipeline Pipeline[ Id: 4910d24a-e7d1-40a2-8b39-0e4f0e535ab0, Nodes: e0f80305-a2e9-4cc8-bb71-ae23e33e4a24{ip: 192.168.36.125, host: pr-hdds-1975-6rfct-3228563268, networkLocation: /default-rack, certSerialId: null}, Type:RATIS, Factor:ONE, State:OPEN]
2019-08-22 22:07:35,518 [grpc-default-executor-0] INFO  impl.RaftServerProxy (RaftServerProxy.java:addNew(89)) - 622387a1-0ff8-46d2-bb4b-d4ed28560aa4: addNew group-BC16145BB9FE:[622387a1-0ff8-46d2-bb4b-d4ed28560aa4:192.168.36.125:40753] returns group-BC16145BB9FE:java.util.concurrent.CompletableFuture@54697364[Not completed]
2019-08-22 22:07:35,521 [pool-49-thread-1] INFO  impl.RaftServerImpl (RaftServerImpl.java:<init>(93)) - 622387a1-0ff8-46d2-bb4b-d4ed28560aa4: new RaftServerImpl for group-BC16145BB9FE:[622387a1-0ff8-46d2-bb4b-d4ed28560aa4:192.168.36.125:40753] with ContainerStateMachine:uninitialized
2019-08-22 22:07:35,522 [pool-49-thread-1] INFO  server.RaftServerConfigKeys (ConfUtils.java:logGet(43)) - raft.server.rpc.timeout.min = 5s (custom)
2019-08-22 22:07:35,522 [pool-49-thread-1] INFO  server.RaftServerConfigKeys (ConfUtils.java:logGet(43)) - raft.server.rpc.timeout.max = 5200ms (custom)
2019-08-22 22:07:35,522 [pool-49-thread-1] INFO  server.RaftServerConfigKeys (ConfUtils.java:logGet(43)) - raft.server.rpcslowness.timeout = 120s (custom)
2019-08-22 22:07:35,522 [pool-49-thread-1] INFO  server.RaftServerConfigKeys (ConfUtils.java:logGet(43)) - raft.server.sleep.deviation.threshold = 300 (default)
2019-08-22 22:07:35,522 [pool-49-thread-1] INFO  server.RaftServerConfigKeys (ConfUtils.java:logGet(43)) - raft.server.log.appender.install.snapshot.enabled = false (custom)
2019-08-22 22:07:35,522 [pool-49-thread-1] INFO  impl.RaftServerImpl (ServerState.java:<init>(105)) - 622387a1-0ff8-46d2-bb4b-d4ed28560aa4:group-BC16145BB9FE ConfigurationManager, init=-1: [622387a1-0ff8-46d2-bb4b-d4ed28560aa4:192.168.36.125:40753], old=null, confs=<EMPTY_MAP>
2019-08-22 22:07:35,523 [pool-49-thread-1] INFO  server.RaftServerConfigKeys (ConfUtils.java:logGet(43)) - raft.server.storage.dir = [/workdir/hadoop-ozone/integration-test/target/test-dir/MiniOzoneClusterImpl-a7d5ff65-5e52-402f-8358-0c413c1a32d7/datanode-2/data/ratis] (custom)
2019-08-22 22:07:35,523 [pool-49-thread-1] INFO  storage.RaftStorageDirectory (RaftStorageDirectory.java:analyzeStorage(246)) - The storage directory /workdir/hadoop-ozone/integration-test/target/test-dir/MiniOzoneClusterImpl-a7d5ff65-5e52-402f-8358-0c413c1a32d7/datanode-2/data/ratis/12f227e6-925b-4d66-a994-bc16145bb9fe does not exist. Creating ...
2019-08-22 22:07:35,561 [pool-49-thread-1] INFO  storage.RaftStorageDirectory (RaftStorageDirectory.java:tryLock(328)) - Lock on /workdir/hadoop-ozone/integration-test/target/test-dir/MiniOzoneClusterImpl-a7d5ff65-5e52-402f-8358-0c413c1a32d7/datanode-2/data/ratis/12f227e6-925b-4d66-a994-bc16145bb9fe/in_use.lock acquired by nodename 19597@pr-hdds-1975-6rfct-3228563268
2019-08-22 22:07:35,587 [pool-49-thread-1] INFO  storage.RaftStorage (RaftStorage.java:format(72)) - Storage directory /workdir/hadoop-ozone/integration-test/target/test-dir/MiniOzoneClusterImpl-a7d5ff65-5e52-402f-8358-0c413c1a32d7/datanode-2/data/ratis/12f227e6-925b-4d66-a994-bc16145bb9fe has been successfully formatted.
2019-08-22 22:07:35,587 [pool-49-thread-1] INFO  ratis.ContainerStateMachine (ContainerStateMachine.java:loadSnapshot(226)) - group-BC16145BB9FE: The snapshot info is null. Setting the last applied indexto:(t:0, i:~)
2019-08-22 22:07:35,587 [pool-49-thread-1] INFO  server.RaftServerConfigKeys (ConfUtils.java:logGet(43)) - raft.server.leader.election.timeout = 120s (custom)
2019-08-22 22:07:35,587 [pool-49-thread-1] INFO  server.RaftServerConfigKeys (ConfUtils.java:logGet(43)) - raft.server.log.use.memory = false (default)
2019-08-22 22:07:35,587 [pool-49-thread-1] INFO  server.RaftServerConfigKeys (ConfUtils.java:logGet(43)) - raft.server.log.purge.gap = 1000000 (custom)
2019-08-22 22:07:35,587 [pool-49-thread-1] INFO  server.RaftServerConfigKeys (ConfUtils.java:logGet(43)) - raft.server.log.appender.buffer.byte-limit = 33554432 (custom)
2019-08-22 22:07:35,588 [pool-49-thread-1] INFO  server.RaftServerConfigKeys (ConfUtils.java:logGet(43)) - raft.server.log.segment.size.max = 1048576 (custom)
2019-08-22 22:07:35,588 [pool-49-thread-1] INFO  server.RaftServerConfigKeys (ConfUtils.java:logGet(43)) - raft.server.log.segment.cache.num.max = 2 (custom)
2019-08-22 22:07:35,588 [pool-49-thread-1] INFO  segmented.SegmentedRaftLogWorker (SegmentedRaftLogWorker.java:<init>(172)) - new 622387a1-0ff8-46d2-bb4b-d4ed28560aa4-SegmentedRaftLogWorker:Storage Directory /workdir/hadoop-ozone/integration-test/target/test-dir/MiniOzoneClusterImpl-a7d5ff65-5e52-402f-8358-0c413c1a32d7/datanode-2/data/ratis/12f227e6-925b-4d66-a994-bc16145bb9fe for RaftStorage:Storage Directory /workdir/hadoop-ozone/integration-test/target/test-dir/MiniOzoneClusterImpl-a7d5ff65-5e52-402f-8358-0c413c1a32d7/datanode-2/data/ratis/12f227e6-925b-4d66-a994-bc16145bb9fe
2019-08-22 22:07:35,588 [pool-49-thread-1] INFO  server.RaftServerConfigKeys (ConfUtils.java:logGet(43)) - raft.server.log.queue.byte-limit = 2147483647 (custom)
2019-08-22 22:07:35,588 [pool-49-thread-1] INFO  server.RaftServerConfigKeys (ConfUtils.java:logGet(43)) - raft.server.log.queue.element-limit = 1024 (custom)
2019-08-22 22:07:35,588 [pool-49-thread-1] INFO  server.RaftServerConfigKeys (ConfUtils.java:logGet(43)) - raft.server.log.segment.size.max = 1048576 (custom)
2019-08-22 22:07:35,589 [pool-49-thread-1] INFO  server.RaftServerConfigKeys (ConfUtils.java:logGet(43)) - raft.server.log.preallocated.size = 16384 (custom)
2019-08-22 22:07:35,589 [pool-49-thread-1] INFO  server.RaftServerConfigKeys (ConfUtils.java:logGet(43)) - raft.server.log.write.buffer.size = 33554432 (custom)
2019-08-22 22:07:35,589 [pool-49-thread-1] INFO  server.RaftServerConfigKeys (ConfUtils.java:logGet(43)) - raft.server.log.force.sync.num = 128 (default)
2019-08-22 22:07:35,589 [pool-49-thread-1] INFO  server.RaftServerConfigKeys (ConfUtils.java:logGet(43)) - raft.server.log.statemachine.data.sync = true (default)
2019-08-22 22:07:35,589 [pool-49-thread-1] INFO  server.RaftServerConfigKeys (ConfUtils.java:logGet(43)) - raft.server.log.statemachine.data.sync.timeout = 10s (default)
2019-08-22 22:07:35,589 [pool-49-thread-1] INFO  server.RaftServerConfigKeys (ConfUtils.java:logGet(43)) - raft.server.log.statemachine.data.sync.timeout.retry = -1 (default)
2019-08-22 22:07:35,590 [pool-49-thread-1] INFO  server.RaftServerConfigKeys (ConfUtils.java:logGet(43)) - raft.server.log.statemachine.data.caching.enabled = true (custom)
2019-08-22 22:07:35,590 [pool-49-thread-1] INFO  segmented.SegmentedRaftLogWorker (SegmentedRaftLogWorker.java:lambda$new$0(132)) - 622387a1-0ff8-46d2-bb4b-d4ed28560aa4-SegmentedRaftLogWorker:Storage Directory /workdir/hadoop-ozone/integration-test/target/test-dir/MiniOzoneClusterImpl-a7d5ff65-5e52-402f-8358-0c413c1a32d7/datanode-2/data/ratis/12f227e6-925b-4d66-a994-bc16145bb9fe: flushIndex: setUnconditionally 0 -> -1
2019-08-22 22:07:35,590 [pool-49-thread-1] INFO  server.RaftServerConfigKeys (ConfUtils.java:logGet(43)) - raft.server.snapshot.auto.trigger.enabled = true (custom)
2019-08-22 22:07:35,590 [pool-49-thread-1] INFO  server.RaftServerConfigKeys (ConfUtils.java:logGet(43)) - raft.server.snapshot.auto.trigger.threshold = 10000 (custom)
2019-08-22 22:07:35,590 [pool-49-thread-1] INFO  server.RaftServerConfigKeys (ConfUtils.java:logGet(43)) - raft.server.retrycache.expirytime = 600000ms (custom)
2019-08-22 22:07:35,591 [pool-49-thread-1] INFO  impl.RaftServerImpl (RaftServerImpl.java:start(180)) - 622387a1-0ff8-46d2-bb4b-d4ed28560aa4: start group-BC16145BB9FE
2019-08-22 22:07:35,591 [pool-49-thread-1] INFO  impl.RaftServerImpl (RaftServerImpl.java:setRole(171)) - 622387a1-0ff8-46d2-bb4b-d4ed28560aa4:group-BC16145BB9FE changes role from null to FOLLOWER at term 0 for startAsFollower
2019-08-22 22:07:35,591 [pool-49-thread-1] INFO  impl.RoleInfo (RoleInfo.java:updateAndGet(143)) - 622387a1-0ff8-46d2-bb4b-d4ed28560aa4: start FollowerState
2019-08-22 22:07:35,591 [pool-49-thread-1] INFO  util.JmxRegister (JmxRegister.java:tryRegister(44)) - Successfully registered JMX Bean with object name Ratis:service=RaftServer,group=group-BC16145BB9FE,id=622387a1-0ff8-46d2-bb4b-d4ed28560aa4
2019-08-22 22:07:35,603 [RatisPipelineUtilsThread] INFO  pipeline.PipelineStateManager (PipelineStateManager.java:addPipeline(56)) - Created pipeline Pipeline[ Id: 12f227e6-925b-4d66-a994-bc16145bb9fe, Nodes: 622387a1-0ff8-46d2-bb4b-d4ed28560aa4{ip: 192.168.36.125, host: pr-hdds-1975-6rfct-3228563268, networkLocation: /default-rack, certSerialId: null}, Type:RATIS, Factor:ONE, State:OPEN]
2019-08-22 22:07:35,627 [grpc-default-executor-0] INFO  impl.RaftServerProxy (RaftServerProxy.java:addNew(89)) - 2ad6dd5e-fcd5-41f9-b8db-8caf07d6cf0b: addNew group-E00C3C9CCE27:[2ad6dd5e-fcd5-41f9-b8db-8caf07d6cf0b:192.168.36.125:34484] returns group-E00C3C9CCE27:java.util.concurrent.CompletableFuture@1058ec7c[Not completed]
2019-08-22 22:07:35,631 [pool-71-thread-1] INFO  impl.RaftServerImpl (RaftServerImpl.java:<init>(93)) - 2ad6dd5e-fcd5-41f9-b8db-8caf07d6cf0b: new RaftServerImpl for group-E00C3C9CCE27:[2ad6dd5e-fcd5-41f9-b8db-8caf07d6cf0b:192.168.36.125:34484] with ContainerStateMachine:uninitialized
2019-08-22 22:07:35,631 [pool-71-thread-1] INFO  server.RaftServerConfigKeys (ConfUtils.java:logGet(43)) - raft.server.rpc.timeout.min = 5s (custom)
2019-08-22 22:07:35,631 [pool-71-thread-1] INFO  server.RaftServerConfigKeys (ConfUtils.java:logGet(43)) - raft.server.rpc.timeout.max = 5200ms (custom)
2019-08-22 22:07:35,631 [pool-71-thread-1] INFO  server.RaftServerConfigKeys (ConfUtils.java:logGet(43)) - raft.server.rpcslowness.timeout = 120s (custom)
2019-08-22 22:07:35,631 [pool-71-thread-1] INFO  server.RaftServerConfigKeys (ConfUtils.java:logGet(43)) - raft.server.sleep.deviation.threshold = 300 (default)
2019-08-22 22:07:35,631 [pool-71-thread-1] INFO  server.RaftServerConfigKeys (ConfUtils.java:logGet(43)) - raft.server.log.appender.install.snapshot.enabled = false (custom)
2019-08-22 22:07:35,632 [pool-71-thread-1] INFO  impl.RaftServerImpl (ServerState.java:<init>(105)) - 2ad6dd5e-fcd5-41f9-b8db-8caf07d6cf0b:group-E00C3C9CCE27 ConfigurationManager, init=-1: [2ad6dd5e-fcd5-41f9-b8db-8caf07d6cf0b:192.168.36.125:34484], old=null, confs=<EMPTY_MAP>
2019-08-22 22:07:35,632 [pool-71-thread-1] INFO  server.RaftServerConfigKeys (ConfUtils.java:logGet(43)) - raft.server.storage.dir = [/workdir/hadoop-ozone/integration-test/target/test-dir/MiniOzoneClusterImpl-a7d5ff65-5e52-402f-8358-0c413c1a32d7/datanode-4/data/ratis] (custom)
2019-08-22 22:07:35,632 [pool-71-thread-1] INFO  storage.RaftStorageDirectory (RaftStorageDirectory.java:analyzeStorage(246)) - The storage directory /workdir/hadoop-ozone/integration-test/target/test-dir/MiniOzoneClusterImpl-a7d5ff65-5e52-402f-8358-0c413c1a32d7/datanode-4/data/ratis/fadcde50-a8c5-44fd-b703-e00c3c9cce27 does not exist. Creating ...
2019-08-22 22:07:35,653 [pool-71-thread-1] INFO  storage.RaftStorageDirectory (RaftStorageDirectory.java:tryLock(328)) - Lock on /workdir/hadoop-ozone/integration-test/target/test-dir/MiniOzoneClusterImpl-a7d5ff65-5e52-402f-8358-0c413c1a32d7/datanode-4/data/ratis/fadcde50-a8c5-44fd-b703-e00c3c9cce27/in_use.lock acquired by nodename 19597@pr-hdds-1975-6rfct-3228563268
2019-08-22 22:07:35,671 [pool-71-thread-1] INFO  storage.RaftStorage (RaftStorage.java:format(72)) - Storage directory /workdir/hadoop-ozone/integration-test/target/test-dir/MiniOzoneClusterImpl-a7d5ff65-5e52-402f-8358-0c413c1a32d7/datanode-4/data/ratis/fadcde50-a8c5-44fd-b703-e00c3c9cce27 has been successfully formatted.
2019-08-22 22:07:35,671 [pool-71-thread-1] INFO  ratis.ContainerStateMachine (ContainerStateMachine.java:loadSnapshot(226)) - group-E00C3C9CCE27: The snapshot info is null. Setting the last applied indexto:(t:0, i:~)
2019-08-22 22:07:35,671 [pool-71-thread-1] INFO  server.RaftServerConfigKeys (ConfUtils.java:logGet(43)) - raft.server.leader.election.timeout = 120s (custom)
2019-08-22 22:07:35,671 [pool-71-thread-1] INFO  server.RaftServerConfigKeys (ConfUtils.java:logGet(43)) - raft.server.log.use.memory = false (default)
2019-08-22 22:07:35,672 [pool-71-thread-1] INFO  server.RaftServerConfigKeys (ConfUtils.java:logGet(43)) - raft.server.log.purge.gap = 1000000 (custom)
2019-08-22 22:07:35,672 [pool-71-thread-1] INFO  server.RaftServerConfigKeys (ConfUtils.java:logGet(43)) - raft.server.log.appender.buffer.byte-limit = 33554432 (custom)
2019-08-22 22:07:35,672 [pool-71-thread-1] INFO  server.RaftServerConfigKeys (ConfUtils.java:logGet(43)) - raft.server.log.segment.size.max = 1048576 (custom)
2019-08-22 22:07:35,672 [pool-71-thread-1] INFO  server.RaftServerConfigKeys (ConfUtils.java:logGet(43)) - raft.server.log.segment.cache.num.max = 2 (custom)
2019-08-22 22:07:35,672 [pool-71-thread-1] INFO  segmented.SegmentedRaftLogWorker (SegmentedRaftLogWorker.java:<init>(172)) - new 2ad6dd5e-fcd5-41f9-b8db-8caf07d6cf0b-SegmentedRaftLogWorker:Storage Directory /workdir/hadoop-ozone/integration-test/target/test-dir/MiniOzoneClusterImpl-a7d5ff65-5e52-402f-8358-0c413c1a32d7/datanode-4/data/ratis/fadcde50-a8c5-44fd-b703-e00c3c9cce27 for RaftStorage:Storage Directory /workdir/hadoop-ozone/integration-test/target/test-dir/MiniOzoneClusterImpl-a7d5ff65-5e52-402f-8358-0c413c1a32d7/datanode-4/data/ratis/fadcde50-a8c5-44fd-b703-e00c3c9cce27
2019-08-22 22:07:35,672 [pool-71-thread-1] INFO  server.RaftServerConfigKeys (ConfUtils.java:logGet(43)) - raft.server.log.queue.byte-limit = 2147483647 (custom)
2019-08-22 22:07:35,672 [pool-71-thread-1] INFO  server.RaftServerConfigKeys (ConfUtils.java:logGet(43)) - raft.server.log.queue.element-limit = 1024 (custom)
2019-08-22 22:07:35,673 [pool-71-thread-1] INFO  server.RaftServerConfigKeys (ConfUtils.java:logGet(43)) - raft.server.log.segment.size.max = 1048576 (custom)
2019-08-22 22:07:35,673 [pool-71-thread-1] INFO  server.RaftServerConfigKeys (ConfUtils.java:logGet(43)) - raft.server.log.preallocated.size = 16384 (custom)
2019-08-22 22:07:35,673 [pool-71-thread-1] INFO  server.RaftServerConfigKeys (ConfUtils.java:logGet(43)) - raft.server.log.write.buffer.size = 33554432 (custom)
2019-08-22 22:07:35,673 [pool-71-thread-1] INFO  server.RaftServerConfigKeys (ConfUtils.java:logGet(43)) - raft.server.log.force.sync.num = 128 (default)
2019-08-22 22:07:35,673 [pool-71-thread-1] INFO  server.RaftServerConfigKeys (ConfUtils.java:logGet(43)) - raft.server.log.statemachine.data.sync = true (default)
2019-08-22 22:07:35,673 [pool-71-thread-1] INFO  server.RaftServerConfigKeys (ConfUtils.java:logGet(43)) - raft.server.log.statemachine.data.sync.timeout = 10s (default)
2019-08-22 22:07:35,673 [pool-71-thread-1] INFO  server.RaftServerConfigKeys (ConfUtils.java:logGet(43)) - raft.server.log.statemachine.data.sync.timeout.retry = -1 (default)
2019-08-22 22:07:35,674 [pool-71-thread-1] INFO  server.RaftServerConfigKeys (ConfUtils.java:logGet(43)) - raft.server.log.statemachine.data.caching.enabled = true (custom)
2019-08-22 22:07:35,674 [pool-71-thread-1] INFO  segmented.SegmentedRaftLogWorker (SegmentedRaftLogWorker.java:lambda$new$0(132)) - 2ad6dd5e-fcd5-41f9-b8db-8caf07d6cf0b-SegmentedRaftLogWorker:Storage Directory /workdir/hadoop-ozone/integration-test/target/test-dir/MiniOzoneClusterImpl-a7d5ff65-5e52-402f-8358-0c413c1a32d7/datanode-4/data/ratis/fadcde50-a8c5-44fd-b703-e00c3c9cce27: flushIndex: setUnconditionally 0 -> -1
2019-08-22 22:07:35,674 [pool-71-thread-1] INFO  server.RaftServerConfigKeys (ConfUtils.java:logGet(43)) - raft.server.snapshot.auto.trigger.enabled = true (custom)
2019-08-22 22:07:35,674 [pool-71-thread-1] INFO  server.RaftServerConfigKeys (ConfUtils.java:logGet(43)) - raft.server.snapshot.auto.trigger.threshold = 10000 (custom)
2019-08-22 22:07:35,675 [pool-71-thread-1] INFO  server.RaftServerConfigKeys (ConfUtils.java:logGet(43)) - raft.server.retrycache.expirytime = 600000ms (custom)
2019-08-22 22:07:35,675 [pool-71-thread-1] INFO  impl.RaftServerImpl (RaftServerImpl.java:start(180)) - 2ad6dd5e-fcd5-41f9-b8db-8caf07d6cf0b: start group-E00C3C9CCE27
2019-08-22 22:07:35,675 [pool-71-thread-1] INFO  impl.RaftServerImpl (RaftServerImpl.java:setRole(171)) - 2ad6dd5e-fcd5-41f9-b8db-8caf07d6cf0b:group-E00C3C9CCE27 changes role from null to FOLLOWER at term 0 for startAsFollower
2019-08-22 22:07:35,675 [pool-71-thread-1] INFO  impl.RoleInfo (RoleInfo.java:updateAndGet(143)) - 2ad6dd5e-fcd5-41f9-b8db-8caf07d6cf0b: start FollowerState
2019-08-22 22:07:35,675 [pool-71-thread-1] INFO  util.JmxRegister (JmxRegister.java:tryRegister(44)) - Successfully registered JMX Bean with object name Ratis:service=RaftServer,group=group-E00C3C9CCE27,id=2ad6dd5e-fcd5-41f9-b8db-8caf07d6cf0b
2019-08-22 22:07:35,686 [RatisPipelineUtilsThread] INFO  pipeline.PipelineStateManager (PipelineStateManager.java:addPipeline(56)) - Created pipeline Pipeline[ Id: fadcde50-a8c5-44fd-b703-e00c3c9cce27, Nodes: 2ad6dd5e-fcd5-41f9-b8db-8caf07d6cf0b{ip: 192.168.36.125, host: pr-hdds-1975-6rfct-3228563268, networkLocation: /default-rack, certSerialId: null}, Type:RATIS, Factor:ONE, State:OPEN]
2019-08-22 22:07:35,707 [grpc-default-executor-0] INFO  impl.RaftServerProxy (RaftServerProxy.java:addNew(89)) - 362a0f32-a402-49c5-b39d-19ab87f59792: addNew group-B05CC002877F:[362a0f32-a402-49c5-b39d-19ab87f59792:192.168.36.125:45069] returns group-B05CC002877F:java.util.concurrent.CompletableFuture@402aa150[Not completed]
2019-08-22 22:07:35,709 [pool-38-thread-1] INFO  impl.RaftServerImpl (RaftServerImpl.java:<init>(93)) - 362a0f32-a402-49c5-b39d-19ab87f59792: new RaftServerImpl for group-B05CC002877F:[362a0f32-a402-49c5-b39d-19ab87f59792:192.168.36.125:45069] with ContainerStateMachine:uninitialized
2019-08-22 22:07:35,709 [pool-38-thread-1] INFO  server.RaftServerConfigKeys (ConfUtils.java:logGet(43)) - raft.server.rpc.timeout.min = 5s (custom)
2019-08-22 22:07:35,709 [pool-38-thread-1] INFO  server.RaftServerConfigKeys (ConfUtils.java:logGet(43)) - raft.server.rpc.timeout.max = 5200ms (custom)
2019-08-22 22:07:35,709 [pool-38-thread-1] INFO  server.RaftServerConfigKeys (ConfUtils.java:logGet(43)) - raft.server.rpcslowness.timeout = 120s (custom)
2019-08-22 22:07:35,710 [pool-38-thread-1] INFO  server.RaftServerConfigKeys (ConfUtils.java:logGet(43)) - raft.server.sleep.deviation.threshold = 300 (default)
2019-08-22 22:07:35,710 [pool-38-thread-1] INFO  server.RaftServerConfigKeys (ConfUtils.java:logGet(43)) - raft.server.log.appender.install.snapshot.enabled = false (custom)
2019-08-22 22:07:35,710 [pool-38-thread-1] INFO  impl.RaftServerImpl (ServerState.java:<init>(105)) - 362a0f32-a402-49c5-b39d-19ab87f59792:group-B05CC002877F ConfigurationManager, init=-1: [362a0f32-a402-49c5-b39d-19ab87f59792:192.168.36.125:45069], old=null, confs=<EMPTY_MAP>
2019-08-22 22:07:35,710 [pool-38-thread-1] INFO  server.RaftServerConfigKeys (ConfUtils.java:logGet(43)) - raft.server.storage.dir = [/workdir/hadoop-ozone/integration-test/target/test-dir/MiniOzoneClusterImpl-a7d5ff65-5e52-402f-8358-0c413c1a32d7/datanode-1/data/ratis] (custom)
2019-08-22 22:07:35,710 [pool-38-thread-1] INFO  storage.RaftStorageDirectory (RaftStorageDirectory.java:analyzeStorage(246)) - The storage directory /workdir/hadoop-ozone/integration-test/target/test-dir/MiniOzoneClusterImpl-a7d5ff65-5e52-402f-8358-0c413c1a32d7/datanode-1/data/ratis/c8b237f4-a8e6-4a8f-9702-b05cc002877f does not exist. Creating ...
2019-08-22 22:07:35,738 [pool-38-thread-1] INFO  storage.RaftStorageDirectory (RaftStorageDirectory.java:tryLock(328)) - Lock on /workdir/hadoop-ozone/integration-test/target/test-dir/MiniOzoneClusterImpl-a7d5ff65-5e52-402f-8358-0c413c1a32d7/datanode-1/data/ratis/c8b237f4-a8e6-4a8f-9702-b05cc002877f/in_use.lock acquired by nodename 19597@pr-hdds-1975-6rfct-3228563268
2019-08-22 22:07:35,739 | INFO  | SCMAudit | user=jenkins1000 | ip=192.168.36.125 | op=SEND_HEARTBEAT {datanodeUUID=b8ef9af6-352c-4d21-9a3e-6dd35f0a9afa, command=[]} | ret=SUCCESS |  
2019-08-22 22:07:35,755 [pool-38-thread-1] INFO  storage.RaftStorage (RaftStorage.java:format(72)) - Storage directory /workdir/hadoop-ozone/integration-test/target/test-dir/MiniOzoneClusterImpl-a7d5ff65-5e52-402f-8358-0c413c1a32d7/datanode-1/data/ratis/c8b237f4-a8e6-4a8f-9702-b05cc002877f has been successfully formatted.
2019-08-22 22:07:35,755 [pool-38-thread-1] INFO  ratis.ContainerStateMachine (ContainerStateMachine.java:loadSnapshot(226)) - group-B05CC002877F: The snapshot info is null. Setting the last applied indexto:(t:0, i:~)
2019-08-22 22:07:35,755 [pool-38-thread-1] INFO  server.RaftServerConfigKeys (ConfUtils.java:logGet(43)) - raft.server.leader.election.timeout = 120s (custom)
2019-08-22 22:07:35,755 [pool-38-thread-1] INFO  server.RaftServerConfigKeys (ConfUtils.java:logGet(43)) - raft.server.log.use.memory = false (default)
2019-08-22 22:07:35,756 [pool-38-thread-1] INFO  server.RaftServerConfigKeys (ConfUtils.java:logGet(43)) - raft.server.log.purge.gap = 1000000 (custom)
2019-08-22 22:07:35,756 [pool-38-thread-1] INFO  server.RaftServerConfigKeys (ConfUtils.java:logGet(43)) - raft.server.log.appender.buffer.byte-limit = 33554432 (custom)
2019-08-22 22:07:35,756 [pool-38-thread-1] INFO  server.RaftServerConfigKeys (ConfUtils.java:logGet(43)) - raft.server.log.segment.size.max = 1048576 (custom)
2019-08-22 22:07:35,756 [pool-38-thread-1] INFO  server.RaftServerConfigKeys (ConfUtils.java:logGet(43)) - raft.server.log.segment.cache.num.max = 2 (custom)
2019-08-22 22:07:35,756 [pool-38-thread-1] INFO  segmented.SegmentedRaftLogWorker (SegmentedRaftLogWorker.java:<init>(172)) - new 362a0f32-a402-49c5-b39d-19ab87f59792-SegmentedRaftLogWorker:Storage Directory /workdir/hadoop-ozone/integration-test/target/test-dir/MiniOzoneClusterImpl-a7d5ff65-5e52-402f-8358-0c413c1a32d7/datanode-1/data/ratis/c8b237f4-a8e6-4a8f-9702-b05cc002877f for RaftStorage:Storage Directory /workdir/hadoop-ozone/integration-test/target/test-dir/MiniOzoneClusterImpl-a7d5ff65-5e52-402f-8358-0c413c1a32d7/datanode-1/data/ratis/c8b237f4-a8e6-4a8f-9702-b05cc002877f
2019-08-22 22:07:35,756 [pool-38-thread-1] INFO  server.RaftServerConfigKeys (ConfUtils.java:logGet(43)) - raft.server.log.queue.byte-limit = 2147483647 (custom)
2019-08-22 22:07:35,756 [pool-38-thread-1] INFO  server.RaftServerConfigKeys (ConfUtils.java:logGet(43)) - raft.server.log.queue.element-limit = 1024 (custom)
2019-08-22 22:07:35,757 [pool-38-thread-1] INFO  server.RaftServerConfigKeys (ConfUtils.java:logGet(43)) - raft.server.log.segment.size.max = 1048576 (custom)
2019-08-22 22:07:35,757 [pool-38-thread-1] INFO  server.RaftServerConfigKeys (ConfUtils.java:logGet(43)) - raft.server.log.preallocated.size = 16384 (custom)
2019-08-22 22:07:35,757 [pool-38-thread-1] INFO  server.RaftServerConfigKeys (ConfUtils.java:logGet(43)) - raft.server.log.write.buffer.size = 33554432 (custom)
2019-08-22 22:07:35,757 [pool-38-thread-1] INFO  server.RaftServerConfigKeys (ConfUtils.java:logGet(43)) - raft.server.log.force.sync.num = 128 (default)
2019-08-22 22:07:35,757 [pool-38-thread-1] INFO  server.RaftServerConfigKeys (ConfUtils.java:logGet(43)) - raft.server.log.statemachine.data.sync = true (default)
2019-08-22 22:07:35,757 [pool-38-thread-1] INFO  server.RaftServerConfigKeys (ConfUtils.java:logGet(43)) - raft.server.log.statemachine.data.sync.timeout = 10s (default)
2019-08-22 22:07:35,757 [pool-38-thread-1] INFO  server.RaftServerConfigKeys (ConfUtils.java:logGet(43)) - raft.server.log.statemachine.data.sync.timeout.retry = -1 (default)
2019-08-22 22:07:35,758 [pool-38-thread-1] INFO  server.RaftServerConfigKeys (ConfUtils.java:logGet(43)) - raft.server.log.statemachine.data.caching.enabled = true (custom)
2019-08-22 22:07:35,758 [pool-38-thread-1] INFO  segmented.SegmentedRaftLogWorker (SegmentedRaftLogWorker.java:lambda$new$0(132)) - 362a0f32-a402-49c5-b39d-19ab87f59792-SegmentedRaftLogWorker:Storage Directory /workdir/hadoop-ozone/integration-test/target/test-dir/MiniOzoneClusterImpl-a7d5ff65-5e52-402f-8358-0c413c1a32d7/datanode-1/data/ratis/c8b237f4-a8e6-4a8f-9702-b05cc002877f: flushIndex: setUnconditionally 0 -> -1
2019-08-22 22:07:35,758 [pool-38-thread-1] INFO  server.RaftServerConfigKeys (ConfUtils.java:logGet(43)) - raft.server.snapshot.auto.trigger.enabled = true (custom)
2019-08-22 22:07:35,758 [pool-38-thread-1] INFO  server.RaftServerConfigKeys (ConfUtils.java:logGet(43)) - raft.server.snapshot.auto.trigger.threshold = 10000 (custom)
2019-08-22 22:07:35,759 [pool-38-thread-1] INFO  server.RaftServerConfigKeys (ConfUtils.java:logGet(43)) - raft.server.retrycache.expirytime = 600000ms (custom)
2019-08-22 22:07:35,759 [pool-38-thread-1] INFO  impl.RaftServerImpl (RaftServerImpl.java:start(180)) - 362a0f32-a402-49c5-b39d-19ab87f59792: start group-B05CC002877F
2019-08-22 22:07:35,759 [pool-38-thread-1] INFO  impl.RaftServerImpl (RaftServerImpl.java:setRole(171)) - 362a0f32-a402-49c5-b39d-19ab87f59792:group-B05CC002877F changes role from null to FOLLOWER at term 0 for startAsFollower
2019-08-22 22:07:35,759 [pool-38-thread-1] INFO  impl.RoleInfo (RoleInfo.java:updateAndGet(143)) - 362a0f32-a402-49c5-b39d-19ab87f59792: start FollowerState
2019-08-22 22:07:35,760 [pool-38-thread-1] INFO  util.JmxRegister (JmxRegister.java:tryRegister(44)) - Successfully registered JMX Bean with object name Ratis:service=RaftServer,group=group-B05CC002877F,id=362a0f32-a402-49c5-b39d-19ab87f59792
2019-08-22 22:07:35,772 [RatisPipelineUtilsThread] INFO  pipeline.PipelineStateManager (PipelineStateManager.java:addPipeline(56)) - Created pipeline Pipeline[ Id: c8b237f4-a8e6-4a8f-9702-b05cc002877f, Nodes: 362a0f32-a402-49c5-b39d-19ab87f59792{ip: 192.168.36.125, host: pr-hdds-1975-6rfct-3228563268, networkLocation: /default-rack, certSerialId: null}, Type:RATIS, Factor:ONE, State:OPEN]
2019-08-22 22:07:35,788 [grpc-default-executor-0] INFO  impl.RaftServerProxy (RaftServerProxy.java:addNew(89)) - 31687c82-0c07-4c25-b0e4-b592672e89de: addNew group-1474DF9952CF:[31687c82-0c07-4c25-b0e4-b592672e89de:192.168.36.125:40119] returns group-1474DF9952CF:java.util.concurrent.CompletableFuture@deea0a8[Not completed]
2019-08-22 22:07:35,791 [pool-60-thread-1] INFO  impl.RaftServerImpl (RaftServerImpl.java:<init>(93)) - 31687c82-0c07-4c25-b0e4-b592672e89de: new RaftServerImpl for group-1474DF9952CF:[31687c82-0c07-4c25-b0e4-b592672e89de:192.168.36.125:40119] with ContainerStateMachine:uninitialized
2019-08-22 22:07:35,792 [pool-60-thread-1] INFO  server.RaftServerConfigKeys (ConfUtils.java:logGet(43)) - raft.server.rpc.timeout.min = 5s (custom)
2019-08-22 22:07:35,792 [pool-60-thread-1] INFO  server.RaftServerConfigKeys (ConfUtils.java:logGet(43)) - raft.server.rpc.timeout.max = 5200ms (custom)
2019-08-22 22:07:35,792 [pool-60-thread-1] INFO  server.RaftServerConfigKeys (ConfUtils.java:logGet(43)) - raft.server.rpcslowness.timeout = 120s (custom)
2019-08-22 22:07:35,792 [pool-60-thread-1] INFO  server.RaftServerConfigKeys (ConfUtils.java:logGet(43)) - raft.server.sleep.deviation.threshold = 300 (default)
2019-08-22 22:07:35,792 [pool-60-thread-1] INFO  server.RaftServerConfigKeys (ConfUtils.java:logGet(43)) - raft.server.log.appender.install.snapshot.enabled = false (custom)
2019-08-22 22:07:35,792 [pool-60-thread-1] INFO  impl.RaftServerImpl (ServerState.java:<init>(105)) - 31687c82-0c07-4c25-b0e4-b592672e89de:group-1474DF9952CF ConfigurationManager, init=-1: [31687c82-0c07-4c25-b0e4-b592672e89de:192.168.36.125:40119], old=null, confs=<EMPTY_MAP>
2019-08-22 22:07:35,792 [pool-60-thread-1] INFO  server.RaftServerConfigKeys (ConfUtils.java:logGet(43)) - raft.server.storage.dir = [/workdir/hadoop-ozone/integration-test/target/test-dir/MiniOzoneClusterImpl-a7d5ff65-5e52-402f-8358-0c413c1a32d7/datanode-3/data/ratis] (custom)
2019-08-22 22:07:35,793 [pool-60-thread-1] INFO  storage.RaftStorageDirectory (RaftStorageDirectory.java:analyzeStorage(246)) - The storage directory /workdir/hadoop-ozone/integration-test/target/test-dir/MiniOzoneClusterImpl-a7d5ff65-5e52-402f-8358-0c413c1a32d7/datanode-3/data/ratis/67f8e075-e647-4535-b129-1474df9952cf does not exist. Creating ...
2019-08-22 22:07:35,813 [pool-60-thread-1] INFO  storage.RaftStorageDirectory (RaftStorageDirectory.java:tryLock(328)) - Lock on /workdir/hadoop-ozone/integration-test/target/test-dir/MiniOzoneClusterImpl-a7d5ff65-5e52-402f-8358-0c413c1a32d7/datanode-3/data/ratis/67f8e075-e647-4535-b129-1474df9952cf/in_use.lock acquired by nodename 19597@pr-hdds-1975-6rfct-3228563268
2019-08-22 22:07:35,830 [pool-60-thread-1] INFO  storage.RaftStorage (RaftStorage.java:format(72)) - Storage directory /workdir/hadoop-ozone/integration-test/target/test-dir/MiniOzoneClusterImpl-a7d5ff65-5e52-402f-8358-0c413c1a32d7/datanode-3/data/ratis/67f8e075-e647-4535-b129-1474df9952cf has been successfully formatted.
2019-08-22 22:07:35,831 [pool-60-thread-1] INFO  ratis.ContainerStateMachine (ContainerStateMachine.java:loadSnapshot(226)) - group-1474DF9952CF: The snapshot info is null. Setting the last applied indexto:(t:0, i:~)
2019-08-22 22:07:35,831 [pool-60-thread-1] INFO  server.RaftServerConfigKeys (ConfUtils.java:logGet(43)) - raft.server.leader.election.timeout = 120s (custom)
2019-08-22 22:07:35,831 [pool-60-thread-1] INFO  server.RaftServerConfigKeys (ConfUtils.java:logGet(43)) - raft.server.log.use.memory = false (default)
2019-08-22 22:07:35,831 [pool-60-thread-1] INFO  server.RaftServerConfigKeys (ConfUtils.java:logGet(43)) - raft.server.log.purge.gap = 1000000 (custom)
2019-08-22 22:07:35,831 [pool-60-thread-1] INFO  server.RaftServerConfigKeys (ConfUtils.java:logGet(43)) - raft.server.log.appender.buffer.byte-limit = 33554432 (custom)
2019-08-22 22:07:35,831 [pool-60-thread-1] INFO  server.RaftServerConfigKeys (ConfUtils.java:logGet(43)) - raft.server.log.segment.size.max = 1048576 (custom)
2019-08-22 22:07:35,832 [pool-60-thread-1] INFO  server.RaftServerConfigKeys (ConfUtils.java:logGet(43)) - raft.server.log.segment.cache.num.max = 2 (custom)
2019-08-22 22:07:35,832 [pool-60-thread-1] INFO  segmented.SegmentedRaftLogWorker (SegmentedRaftLogWorker.java:<init>(172)) - new 31687c82-0c07-4c25-b0e4-b592672e89de-SegmentedRaftLogWorker:Storage Directory /workdir/hadoop-ozone/integration-test/target/test-dir/MiniOzoneClusterImpl-a7d5ff65-5e52-402f-8358-0c413c1a32d7/datanode-3/data/ratis/67f8e075-e647-4535-b129-1474df9952cf for RaftStorage:Storage Directory /workdir/hadoop-ozone/integration-test/target/test-dir/MiniOzoneClusterImpl-a7d5ff65-5e52-402f-8358-0c413c1a32d7/datanode-3/data/ratis/67f8e075-e647-4535-b129-1474df9952cf
2019-08-22 22:07:35,832 [pool-60-thread-1] INFO  server.RaftServerConfigKeys (ConfUtils.java:logGet(43)) - raft.server.log.queue.byte-limit = 2147483647 (custom)
2019-08-22 22:07:35,832 [pool-60-thread-1] INFO  server.RaftServerConfigKeys (ConfUtils.java:logGet(43)) - raft.server.log.queue.element-limit = 1024 (custom)
2019-08-22 22:07:35,832 [pool-60-thread-1] INFO  server.RaftServerConfigKeys (ConfUtils.java:logGet(43)) - raft.server.log.segment.size.max = 1048576 (custom)
2019-08-22 22:07:35,832 [pool-60-thread-1] INFO  server.RaftServerConfigKeys (ConfUtils.java:logGet(43)) - raft.server.log.preallocated.size = 16384 (custom)
2019-08-22 22:07:35,832 [pool-60-thread-1] INFO  server.RaftServerConfigKeys (ConfUtils.java:logGet(43)) - raft.server.log.write.buffer.size = 33554432 (custom)
2019-08-22 22:07:35,833 [pool-60-thread-1] INFO  server.RaftServerConfigKeys (ConfUtils.java:logGet(43)) - raft.server.log.force.sync.num = 128 (default)
2019-08-22 22:07:35,833 [pool-60-thread-1] INFO  server.RaftServerConfigKeys (ConfUtils.java:logGet(43)) - raft.server.log.statemachine.data.sync = true (default)
2019-08-22 22:07:35,833 [pool-60-thread-1] INFO  server.RaftServerConfigKeys (ConfUtils.java:logGet(43)) - raft.server.log.statemachine.data.sync.timeout = 10s (default)
2019-08-22 22:07:35,833 [pool-60-thread-1] INFO  server.RaftServerConfigKeys (ConfUtils.java:logGet(43)) - raft.server.log.statemachine.data.sync.timeout.retry = -1 (default)
2019-08-22 22:07:35,833 [pool-60-thread-1] INFO  server.RaftServerConfigKeys (ConfUtils.java:logGet(43)) - raft.server.log.statemachine.data.caching.enabled = true (custom)
2019-08-22 22:07:35,834 [pool-60-thread-1] INFO  segmented.SegmentedRaftLogWorker (SegmentedRaftLogWorker.java:lambda$new$0(132)) - 31687c82-0c07-4c25-b0e4-b592672e89de-SegmentedRaftLogWorker:Storage Directory /workdir/hadoop-ozone/integration-test/target/test-dir/MiniOzoneClusterImpl-a7d5ff65-5e52-402f-8358-0c413c1a32d7/datanode-3/data/ratis/67f8e075-e647-4535-b129-1474df9952cf: flushIndex: setUnconditionally 0 -> -1
2019-08-22 22:07:35,834 [pool-60-thread-1] INFO  server.RaftServerConfigKeys (ConfUtils.java:logGet(43)) - raft.server.snapshot.auto.trigger.enabled = true (custom)
2019-08-22 22:07:35,834 [pool-60-thread-1] INFO  server.RaftServerConfigKeys (ConfUtils.java:logGet(43)) - raft.server.snapshot.auto.trigger.threshold = 10000 (custom)
2019-08-22 22:07:35,835 [pool-60-thread-1] INFO  server.RaftServerConfigKeys (ConfUtils.java:logGet(43)) - raft.server.retrycache.expirytime = 600000ms (custom)
2019-08-22 22:07:35,835 [pool-60-thread-1] INFO  impl.RaftServerImpl (RaftServerImpl.java:start(180)) - 31687c82-0c07-4c25-b0e4-b592672e89de: start group-1474DF9952CF
2019-08-22 22:07:35,835 [pool-60-thread-1] INFO  impl.RaftServerImpl (RaftServerImpl.java:setRole(171)) - 31687c82-0c07-4c25-b0e4-b592672e89de:group-1474DF9952CF changes role from null to FOLLOWER at term 0 for startAsFollower
2019-08-22 22:07:35,835 [pool-60-thread-1] INFO  impl.RoleInfo (RoleInfo.java:updateAndGet(143)) - 31687c82-0c07-4c25-b0e4-b592672e89de: start FollowerState
2019-08-22 22:07:35,835 [pool-60-thread-1] INFO  util.JmxRegister (JmxRegister.java:tryRegister(44)) - Successfully registered JMX Bean with object name Ratis:service=RaftServer,group=group-1474DF9952CF,id=31687c82-0c07-4c25-b0e4-b592672e89de
2019-08-22 22:07:35,850 [RatisPipelineUtilsThread] INFO  pipeline.PipelineStateManager (PipelineStateManager.java:addPipeline(56)) - Created pipeline Pipeline[ Id: 67f8e075-e647-4535-b129-1474df9952cf, Nodes: 31687c82-0c07-4c25-b0e4-b592672e89de{ip: 192.168.36.125, host: pr-hdds-1975-6rfct-3228563268, networkLocation: /default-rack, certSerialId: null}, Type:RATIS, Factor:ONE, State:OPEN]
2019-08-22 22:07:35,876 [grpc-default-executor-2] INFO  impl.RaftServerProxy (RaftServerProxy.java:addNew(89)) - b8ef9af6-352c-4d21-9a3e-6dd35f0a9afa: addNew group-0088140607CC:[da272425-beaf-4e2f-8d68-d332ab7aa6f3:192.168.36.125:45418, b8ef9af6-352c-4d21-9a3e-6dd35f0a9afa:192.168.36.125:34128, e0f80305-a2e9-4cc8-bb71-ae23e33e4a24:192.168.36.125:34759] returns group-0088140607CC:java.util.concurrent.CompletableFuture@66a73b40[Not completed]
2019-08-22 22:07:35,879 [grpc-default-executor-1] INFO  impl.RaftServerProxy (RaftServerProxy.java:addNew(89)) - da272425-beaf-4e2f-8d68-d332ab7aa6f3: addNew group-0088140607CC:[da272425-beaf-4e2f-8d68-d332ab7aa6f3:192.168.36.125:45418, b8ef9af6-352c-4d21-9a3e-6dd35f0a9afa:192.168.36.125:34128, e0f80305-a2e9-4cc8-bb71-ae23e33e4a24:192.168.36.125:34759] returns group-0088140607CC:java.util.concurrent.CompletableFuture@16848869[Not completed]
2019-08-22 22:07:35,879 [grpc-default-executor-2] INFO  impl.RaftServerProxy (RaftServerProxy.java:addNew(89)) - e0f80305-a2e9-4cc8-bb71-ae23e33e4a24: addNew group-0088140607CC:[da272425-beaf-4e2f-8d68-d332ab7aa6f3:192.168.36.125:45418, b8ef9af6-352c-4d21-9a3e-6dd35f0a9afa:192.168.36.125:34128, e0f80305-a2e9-4cc8-bb71-ae23e33e4a24:192.168.36.125:34759] returns group-0088140607CC:java.util.concurrent.CompletableFuture@216c616e[Not completed]
2019-08-22 22:07:35,879 [pool-27-thread-1] INFO  impl.RaftServerImpl (RaftServerImpl.java:<init>(93)) - b8ef9af6-352c-4d21-9a3e-6dd35f0a9afa: new RaftServerImpl for group-0088140607CC:[da272425-beaf-4e2f-8d68-d332ab7aa6f3:192.168.36.125:45418, b8ef9af6-352c-4d21-9a3e-6dd35f0a9afa:192.168.36.125:34128, e0f80305-a2e9-4cc8-bb71-ae23e33e4a24:192.168.36.125:34759] with ContainerStateMachine:uninitialized
2019-08-22 22:07:35,879 [pool-27-thread-1] INFO  server.RaftServerConfigKeys (ConfUtils.java:logGet(43)) - raft.server.rpc.timeout.min = 5s (custom)
2019-08-22 22:07:35,880 [pool-27-thread-1] INFO  server.RaftServerConfigKeys (ConfUtils.java:logGet(43)) - raft.server.rpc.timeout.max = 5200ms (custom)
2019-08-22 22:07:35,880 [pool-27-thread-1] INFO  server.RaftServerConfigKeys (ConfUtils.java:logGet(43)) - raft.server.rpcslowness.timeout = 120s (custom)
2019-08-22 22:07:35,880 [pool-27-thread-1] INFO  server.RaftServerConfigKeys (ConfUtils.java:logGet(43)) - raft.server.sleep.deviation.threshold = 300 (default)
2019-08-22 22:07:35,880 [pool-82-thread-1] INFO  impl.RaftServerImpl (RaftServerImpl.java:<init>(93)) - e0f80305-a2e9-4cc8-bb71-ae23e33e4a24: new RaftServerImpl for group-0088140607CC:[da272425-beaf-4e2f-8d68-d332ab7aa6f3:192.168.36.125:45418, b8ef9af6-352c-4d21-9a3e-6dd35f0a9afa:192.168.36.125:34128, e0f80305-a2e9-4cc8-bb71-ae23e33e4a24:192.168.36.125:34759] with ContainerStateMachine:uninitialized
2019-08-22 22:07:35,880 [pool-27-thread-1] INFO  server.RaftServerConfigKeys (ConfUtils.java:logGet(43)) - raft.server.log.appender.install.snapshot.enabled = false (custom)
2019-08-22 22:07:35,880 [pool-82-thread-1] INFO  server.RaftServerConfigKeys (ConfUtils.java:logGet(43)) - raft.server.rpc.timeout.min = 5s (custom)
2019-08-22 22:07:35,880 [pool-27-thread-1] INFO  impl.RaftServerImpl (ServerState.java:<init>(105)) - b8ef9af6-352c-4d21-9a3e-6dd35f0a9afa:group-0088140607CC ConfigurationManager, init=-1: [da272425-beaf-4e2f-8d68-d332ab7aa6f3:192.168.36.125:45418, b8ef9af6-352c-4d21-9a3e-6dd35f0a9afa:192.168.36.125:34128, e0f80305-a2e9-4cc8-bb71-ae23e33e4a24:192.168.36.125:34759], old=null, confs=<EMPTY_MAP>
2019-08-22 22:07:35,880 [pool-82-thread-1] INFO  server.RaftServerConfigKeys (ConfUtils.java:logGet(43)) - raft.server.rpc.timeout.max = 5200ms (custom)
2019-08-22 22:07:35,880 [pool-27-thread-1] INFO  server.RaftServerConfigKeys (ConfUtils.java:logGet(43)) - raft.server.storage.dir = [/workdir/hadoop-ozone/integration-test/target/test-dir/MiniOzoneClusterImpl-a7d5ff65-5e52-402f-8358-0c413c1a32d7/datanode-0/data/ratis] (custom)
2019-08-22 22:07:35,880 [pool-82-thread-1] INFO  server.RaftServerConfigKeys (ConfUtils.java:logGet(43)) - raft.server.rpcslowness.timeout = 120s (custom)
2019-08-22 22:07:35,880 [pool-93-thread-1] INFO  impl.RaftServerImpl (RaftServerImpl.java:<init>(93)) - da272425-beaf-4e2f-8d68-d332ab7aa6f3: new RaftServerImpl for group-0088140607CC:[da272425-beaf-4e2f-8d68-d332ab7aa6f3:192.168.36.125:45418, b8ef9af6-352c-4d21-9a3e-6dd35f0a9afa:192.168.36.125:34128, e0f80305-a2e9-4cc8-bb71-ae23e33e4a24:192.168.36.125:34759] with ContainerStateMachine:uninitialized
2019-08-22 22:07:35,880 [pool-82-thread-1] INFO  server.RaftServerConfigKeys (ConfUtils.java:logGet(43)) - raft.server.sleep.deviation.threshold = 300 (default)
2019-08-22 22:07:35,880 [pool-93-thread-1] INFO  server.RaftServerConfigKeys (ConfUtils.java:logGet(43)) - raft.server.rpc.timeout.min = 5s (custom)
2019-08-22 22:07:35,881 [pool-27-thread-1] INFO  storage.RaftStorageDirectory (RaftStorageDirectory.java:analyzeStorage(246)) - The storage directory /workdir/hadoop-ozone/integration-test/target/test-dir/MiniOzoneClusterImpl-a7d5ff65-5e52-402f-8358-0c413c1a32d7/datanode-0/data/ratis/9dcf578f-c2c5-40f0-bd5b-0088140607cc does not exist. Creating ...
2019-08-22 22:07:35,881 [pool-82-thread-1] INFO  server.RaftServerConfigKeys (ConfUtils.java:logGet(43)) - raft.server.log.appender.install.snapshot.enabled = false (custom)
2019-08-22 22:07:35,881 [pool-93-thread-1] INFO  server.RaftServerConfigKeys (ConfUtils.java:logGet(43)) - raft.server.rpc.timeout.max = 5200ms (custom)
2019-08-22 22:07:35,881 [pool-82-thread-1] INFO  impl.RaftServerImpl (ServerState.java:<init>(105)) - e0f80305-a2e9-4cc8-bb71-ae23e33e4a24:group-0088140607CC ConfigurationManager, init=-1: [da272425-beaf-4e2f-8d68-d332ab7aa6f3:192.168.36.125:45418, b8ef9af6-352c-4d21-9a3e-6dd35f0a9afa:192.168.36.125:34128, e0f80305-a2e9-4cc8-bb71-ae23e33e4a24:192.168.36.125:34759], old=null, confs=<EMPTY_MAP>
2019-08-22 22:07:35,881 [pool-93-thread-1] INFO  server.RaftServerConfigKeys (ConfUtils.java:logGet(43)) - raft.server.rpcslowness.timeout = 120s (custom)
2019-08-22 22:07:35,881 [pool-82-thread-1] INFO  server.RaftServerConfigKeys (ConfUtils.java:logGet(43)) - raft.server.storage.dir = [/workdir/hadoop-ozone/integration-test/target/test-dir/MiniOzoneClusterImpl-a7d5ff65-5e52-402f-8358-0c413c1a32d7/datanode-5/data/ratis] (custom)
2019-08-22 22:07:35,881 [pool-93-thread-1] INFO  server.RaftServerConfigKeys (ConfUtils.java:logGet(43)) - raft.server.sleep.deviation.threshold = 300 (default)
2019-08-22 22:07:35,881 [pool-93-thread-1] INFO  server.RaftServerConfigKeys (ConfUtils.java:logGet(43)) - raft.server.log.appender.install.snapshot.enabled = false (custom)
2019-08-22 22:07:35,881 [pool-82-thread-1] INFO  storage.RaftStorageDirectory (RaftStorageDirectory.java:analyzeStorage(246)) - The storage directory /workdir/hadoop-ozone/integration-test/target/test-dir/MiniOzoneClusterImpl-a7d5ff65-5e52-402f-8358-0c413c1a32d7/datanode-5/data/ratis/9dcf578f-c2c5-40f0-bd5b-0088140607cc does not exist. Creating ...
2019-08-22 22:07:35,881 [pool-93-thread-1] INFO  impl.RaftServerImpl (ServerState.java:<init>(105)) - da272425-beaf-4e2f-8d68-d332ab7aa6f3:group-0088140607CC ConfigurationManager, init=-1: [da272425-beaf-4e2f-8d68-d332ab7aa6f3:192.168.36.125:45418, b8ef9af6-352c-4d21-9a3e-6dd35f0a9afa:192.168.36.125:34128, e0f80305-a2e9-4cc8-bb71-ae23e33e4a24:192.168.36.125:34759], old=null, confs=<EMPTY_MAP>
2019-08-22 22:07:35,881 [pool-93-thread-1] INFO  server.RaftServerConfigKeys (ConfUtils.java:logGet(43)) - raft.server.storage.dir = [/workdir/hadoop-ozone/integration-test/target/test-dir/MiniOzoneClusterImpl-a7d5ff65-5e52-402f-8358-0c413c1a32d7/datanode-6/data/ratis] (custom)
2019-08-22 22:07:35,882 [pool-93-thread-1] INFO  storage.RaftStorageDirectory (RaftStorageDirectory.java:analyzeStorage(246)) - The storage directory /workdir/hadoop-ozone/integration-test/target/test-dir/MiniOzoneClusterImpl-a7d5ff65-5e52-402f-8358-0c413c1a32d7/datanode-6/data/ratis/9dcf578f-c2c5-40f0-bd5b-0088140607cc does not exist. Creating ...
2019-08-22 22:07:35,899 [pool-82-thread-1] INFO  storage.RaftStorageDirectory (RaftStorageDirectory.java:tryLock(328)) - Lock on /workdir/hadoop-ozone/integration-test/target/test-dir/MiniOzoneClusterImpl-a7d5ff65-5e52-402f-8358-0c413c1a32d7/datanode-5/data/ratis/9dcf578f-c2c5-40f0-bd5b-0088140607cc/in_use.lock acquired by nodename 19597@pr-hdds-1975-6rfct-3228563268
2019-08-22 22:07:35,899 [pool-27-thread-1] INFO  storage.RaftStorageDirectory (RaftStorageDirectory.java:tryLock(328)) - Lock on /workdir/hadoop-ozone/integration-test/target/test-dir/MiniOzoneClusterImpl-a7d5ff65-5e52-402f-8358-0c413c1a32d7/datanode-0/data/ratis/9dcf578f-c2c5-40f0-bd5b-0088140607cc/in_use.lock acquired by nodename 19597@pr-hdds-1975-6rfct-3228563268
2019-08-22 22:07:35,899 [pool-93-thread-1] INFO  storage.RaftStorageDirectory (RaftStorageDirectory.java:tryLock(328)) - Lock on /workdir/hadoop-ozone/integration-test/target/test-dir/MiniOzoneClusterImpl-a7d5ff65-5e52-402f-8358-0c413c1a32d7/datanode-6/data/ratis/9dcf578f-c2c5-40f0-bd5b-0088140607cc/in_use.lock acquired by nodename 19597@pr-hdds-1975-6rfct-3228563268
2019-08-22 22:07:35,924 [pool-93-thread-1] INFO  storage.RaftStorage (RaftStorage.java:format(72)) - Storage directory /workdir/hadoop-ozone/integration-test/target/test-dir/MiniOzoneClusterImpl-a7d5ff65-5e52-402f-8358-0c413c1a32d7/datanode-6/data/ratis/9dcf578f-c2c5-40f0-bd5b-0088140607cc has been successfully formatted.
2019-08-22 22:07:35,924 [pool-82-thread-1] INFO  storage.RaftStorage (RaftStorage.java:format(72)) - Storage directory /workdir/hadoop-ozone/integration-test/target/test-dir/MiniOzoneClusterImpl-a7d5ff65-5e52-402f-8358-0c413c1a32d7/datanode-5/data/ratis/9dcf578f-c2c5-40f0-bd5b-0088140607cc has been successfully formatted.
2019-08-22 22:07:35,924 [pool-27-thread-1] INFO  storage.RaftStorage (RaftStorage.java:format(72)) - Storage directory /workdir/hadoop-ozone/integration-test/target/test-dir/MiniOzoneClusterImpl-a7d5ff65-5e52-402f-8358-0c413c1a32d7/datanode-0/data/ratis/9dcf578f-c2c5-40f0-bd5b-0088140607cc has been successfully formatted.
2019-08-22 22:07:35,925 [pool-82-thread-1] INFO  ratis.ContainerStateMachine (ContainerStateMachine.java:loadSnapshot(226)) - group-0088140607CC: The snapshot info is null. Setting the last applied indexto:(t:0, i:~)
2019-08-22 22:07:35,925 [pool-27-thread-1] INFO  ratis.ContainerStateMachine (ContainerStateMachine.java:loadSnapshot(226)) - group-0088140607CC: The snapshot info is null. Setting the last applied indexto:(t:0, i:~)
2019-08-22 22:07:35,925 [pool-93-thread-1] INFO  ratis.ContainerStateMachine (ContainerStateMachine.java:loadSnapshot(226)) - group-0088140607CC: The snapshot info is null. Setting the last applied indexto:(t:0, i:~)
2019-08-22 22:07:35,925 [pool-82-thread-1] INFO  server.RaftServerConfigKeys (ConfUtils.java:logGet(43)) - raft.server.leader.election.timeout = 120s (custom)
2019-08-22 22:07:35,925 [pool-27-thread-1] INFO  server.RaftServerConfigKeys (ConfUtils.java:logGet(43)) - raft.server.leader.election.timeout = 120s (custom)
2019-08-22 22:07:35,926 [pool-82-thread-1] INFO  server.RaftServerConfigKeys (ConfUtils.java:logGet(43)) - raft.server.log.use.memory = false (default)
2019-08-22 22:07:35,926 [pool-93-thread-1] INFO  server.RaftServerConfigKeys (ConfUtils.java:logGet(43)) - raft.server.leader.election.timeout = 120s (custom)
2019-08-22 22:07:35,931 [pool-82-thread-1] INFO  server.RaftServerConfigKeys (ConfUtils.java:logGet(43)) - raft.server.log.purge.gap = 1000000 (custom)
2019-08-22 22:07:35,930 [pool-27-thread-1] INFO  server.RaftServerConfigKeys (ConfUtils.java:logGet(43)) - raft.server.log.use.memory = false (default)
2019-08-22 22:07:35,931 [pool-82-thread-1] INFO  server.RaftServerConfigKeys (ConfUtils.java:logGet(43)) - raft.server.log.appender.buffer.byte-limit = 33554432 (custom)
2019-08-22 22:07:35,931 [pool-93-thread-1] INFO  server.RaftServerConfigKeys (ConfUtils.java:logGet(43)) - raft.server.log.use.memory = false (default)
2019-08-22 22:07:35,931 [pool-82-thread-1] INFO  server.RaftServerConfigKeys (ConfUtils.java:logGet(43)) - raft.server.log.segment.size.max = 1048576 (custom)
2019-08-22 22:07:35,931 [pool-27-thread-1] INFO  server.RaftServerConfigKeys (ConfUtils.java:logGet(43)) - raft.server.log.purge.gap = 1000000 (custom)
2019-08-22 22:07:35,931 [pool-82-thread-1] INFO  server.RaftServerConfigKeys (ConfUtils.java:logGet(43)) - raft.server.log.segment.cache.num.max = 2 (custom)
2019-08-22 22:07:35,931 [pool-93-thread-1] INFO  server.RaftServerConfigKeys (ConfUtils.java:logGet(43)) - raft.server.log.purge.gap = 1000000 (custom)
2019-08-22 22:07:35,932 [pool-82-thread-1] INFO  segmented.SegmentedRaftLogWorker (SegmentedRaftLogWorker.java:<init>(172)) - new e0f80305-a2e9-4cc8-bb71-ae23e33e4a24-SegmentedRaftLogWorker:Storage Directory /workdir/hadoop-ozone/integration-test/target/test-dir/MiniOzoneClusterImpl-a7d5ff65-5e52-402f-8358-0c413c1a32d7/datanode-5/data/ratis/9dcf578f-c2c5-40f0-bd5b-0088140607cc for RaftStorage:Storage Directory /workdir/hadoop-ozone/integration-test/target/test-dir/MiniOzoneClusterImpl-a7d5ff65-5e52-402f-8358-0c413c1a32d7/datanode-5/data/ratis/9dcf578f-c2c5-40f0-bd5b-0088140607cc
2019-08-22 22:07:35,932 [pool-27-thread-1] INFO  server.RaftServerConfigKeys (ConfUtils.java:logGet(43)) - raft.server.log.appender.buffer.byte-limit = 33554432 (custom)
2019-08-22 22:07:35,932 [pool-82-thread-1] INFO  server.RaftServerConfigKeys (ConfUtils.java:logGet(43)) - raft.server.log.queue.byte-limit = 2147483647 (custom)
2019-08-22 22:07:35,934 | INFO  | SCMAudit | user=jenkins1000 | ip=192.168.36.125 | op=SEND_HEARTBEAT {datanodeUUID=362a0f32-a402-49c5-b39d-19ab87f59792, command=[]} | ret=SUCCESS |  
2019-08-22 22:07:35,932 [pool-93-thread-1] INFO  server.RaftServerConfigKeys (ConfUtils.java:logGet(43)) - raft.server.log.appender.buffer.byte-limit = 33554432 (custom)
2019-08-22 22:07:35,934 [pool-82-thread-1] INFO  server.RaftServerConfigKeys (ConfUtils.java:logGet(43)) - raft.server.log.queue.element-limit = 1024 (custom)
2019-08-22 22:07:35,933 [pool-27-thread-1] INFO  server.RaftServerConfigKeys (ConfUtils.java:logGet(43)) - raft.server.log.segment.size.max = 1048576 (custom)
2019-08-22 22:07:35,934 [pool-82-thread-1] INFO  server.RaftServerConfigKeys (ConfUtils.java:logGet(43)) - raft.server.log.segment.size.max = 1048576 (custom)
2019-08-22 22:07:35,934 [pool-93-thread-1] INFO  server.RaftServerConfigKeys (ConfUtils.java:logGet(43)) - raft.server.log.segment.size.max = 1048576 (custom)
2019-08-22 22:07:35,934 [pool-82-thread-1] INFO  server.RaftServerConfigKeys (ConfUtils.java:logGet(43)) - raft.server.log.preallocated.size = 16384 (custom)
2019-08-22 22:07:35,934 [pool-27-thread-1] INFO  server.RaftServerConfigKeys (ConfUtils.java:logGet(43)) - raft.server.log.segment.cache.num.max = 2 (custom)
2019-08-22 22:07:35,934 [pool-82-thread-1] INFO  server.RaftServerConfigKeys (ConfUtils.java:logGet(43)) - raft.server.log.write.buffer.size = 33554432 (custom)
2019-08-22 22:07:35,934 [pool-93-thread-1] INFO  server.RaftServerConfigKeys (ConfUtils.java:logGet(43)) - raft.server.log.segment.cache.num.max = 2 (custom)
2019-08-22 22:07:35,935 [pool-82-thread-1] INFO  server.RaftServerConfigKeys (ConfUtils.java:logGet(43)) - raft.server.log.force.sync.num = 128 (default)
2019-08-22 22:07:35,935 [pool-27-thread-1] INFO  segmented.SegmentedRaftLogWorker (SegmentedRaftLogWorker.java:<init>(172)) - new b8ef9af6-352c-4d21-9a3e-6dd35f0a9afa-SegmentedRaftLogWorker:Storage Directory /workdir/hadoop-ozone/integration-test/target/test-dir/MiniOzoneClusterImpl-a7d5ff65-5e52-402f-8358-0c413c1a32d7/datanode-0/data/ratis/9dcf578f-c2c5-40f0-bd5b-0088140607cc for RaftStorage:Storage Directory /workdir/hadoop-ozone/integration-test/target/test-dir/MiniOzoneClusterImpl-a7d5ff65-5e52-402f-8358-0c413c1a32d7/datanode-0/data/ratis/9dcf578f-c2c5-40f0-bd5b-0088140607cc
2019-08-22 22:07:35,935 [pool-82-thread-1] INFO  server.RaftServerConfigKeys (ConfUtils.java:logGet(43)) - raft.server.log.statemachine.data.sync = true (default)
2019-08-22 22:07:35,935 [pool-93-thread-1] INFO  segmented.SegmentedRaftLogWorker (SegmentedRaftLogWorker.java:<init>(172)) - new da272425-beaf-4e2f-8d68-d332ab7aa6f3-SegmentedRaftLogWorker:Storage Directory /workdir/hadoop-ozone/integration-test/target/test-dir/MiniOzoneClusterImpl-a7d5ff65-5e52-402f-8358-0c413c1a32d7/datanode-6/data/ratis/9dcf578f-c2c5-40f0-bd5b-0088140607cc for RaftStorage:Storage Directory /workdir/hadoop-ozone/integration-test/target/test-dir/MiniOzoneClusterImpl-a7d5ff65-5e52-402f-8358-0c413c1a32d7/datanode-6/data/ratis/9dcf578f-c2c5-40f0-bd5b-0088140607cc
2019-08-22 22:07:35,936 [pool-82-thread-1] INFO  server.RaftServerConfigKeys (ConfUtils.java:logGet(43)) - raft.server.log.statemachine.data.sync.timeout = 10s (default)
2019-08-22 22:07:35,935 [pool-27-thread-1] INFO  server.RaftServerConfigKeys (ConfUtils.java:logGet(43)) - raft.server.log.queue.byte-limit = 2147483647 (custom)
2019-08-22 22:07:35,936 [pool-82-thread-1] INFO  server.RaftServerConfigKeys (ConfUtils.java:logGet(43)) - raft.server.log.statemachine.data.sync.timeout.retry = -1 (default)
2019-08-22 22:07:35,936 [pool-93-thread-1] INFO  server.RaftServerConfigKeys (ConfUtils.java:logGet(43)) - raft.server.log.queue.byte-limit = 2147483647 (custom)
2019-08-22 22:07:35,937 [pool-27-thread-1] INFO  server.RaftServerConfigKeys (ConfUtils.java:logGet(43)) - raft.server.log.queue.element-limit = 1024 (custom)
2019-08-22 22:07:35,938 [pool-82-thread-1] INFO  server.RaftServerConfigKeys (ConfUtils.java:logGet(43)) - raft.server.log.statemachine.data.caching.enabled = true (custom)
2019-08-22 22:07:35,938 [pool-93-thread-1] INFO  server.RaftServerConfigKeys (ConfUtils.java:logGet(43)) - raft.server.log.queue.element-limit = 1024 (custom)
2019-08-22 22:07:35,938 [pool-27-thread-1] INFO  server.RaftServerConfigKeys (ConfUtils.java:logGet(43)) - raft.server.log.segment.size.max = 1048576 (custom)
2019-08-22 22:07:35,938 [pool-82-thread-1] INFO  segmented.SegmentedRaftLogWorker (SegmentedRaftLogWorker.java:lambda$new$0(132)) - e0f80305-a2e9-4cc8-bb71-ae23e33e4a24-SegmentedRaftLogWorker:Storage Directory /workdir/hadoop-ozone/integration-test/target/test-dir/MiniOzoneClusterImpl-a7d5ff65-5e52-402f-8358-0c413c1a32d7/datanode-5/data/ratis/9dcf578f-c2c5-40f0-bd5b-0088140607cc: flushIndex: setUnconditionally 0 -> -1
2019-08-22 22:07:35,938 [pool-93-thread-1] INFO  server.RaftServerConfigKeys (ConfUtils.java:logGet(43)) - raft.server.log.segment.size.max = 1048576 (custom)
2019-08-22 22:07:35,938 [pool-27-thread-1] INFO  server.RaftServerConfigKeys (ConfUtils.java:logGet(43)) - raft.server.log.preallocated.size = 16384 (custom)
2019-08-22 22:07:35,938 [pool-93-thread-1] INFO  server.RaftServerConfigKeys (ConfUtils.java:logGet(43)) - raft.server.log.preallocated.size = 16384 (custom)
2019-08-22 22:07:35,938 [pool-27-thread-1] INFO  server.RaftServerConfigKeys (ConfUtils.java:logGet(43)) - raft.server.log.write.buffer.size = 33554432 (custom)
2019-08-22 22:07:35,938 [pool-82-thread-1] INFO  server.RaftServerConfigKeys (ConfUtils.java:logGet(43)) - raft.server.snapshot.auto.trigger.enabled = true (custom)
2019-08-22 22:07:35,939 [pool-27-thread-1] INFO  server.RaftServerConfigKeys (ConfUtils.java:logGet(43)) - raft.server.log.force.sync.num = 128 (default)
2019-08-22 22:07:35,938 [pool-93-thread-1] INFO  server.RaftServerConfigKeys (ConfUtils.java:logGet(43)) - raft.server.log.write.buffer.size = 33554432 (custom)
2019-08-22 22:07:35,939 [pool-27-thread-1] INFO  server.RaftServerConfigKeys (ConfUtils.java:logGet(43)) - raft.server.log.statemachine.data.sync = true (default)
2019-08-22 22:07:35,939 [pool-82-thread-1] INFO  server.RaftServerConfigKeys (ConfUtils.java:logGet(43)) - raft.server.snapshot.auto.trigger.threshold = 10000 (custom)
2019-08-22 22:07:35,939 [pool-27-thread-1] INFO  server.RaftServerConfigKeys (ConfUtils.java:logGet(43)) - raft.server.log.statemachine.data.sync.timeout = 10s (default)
2019-08-22 22:07:35,939 [pool-82-thread-1] INFO  server.RaftServerConfigKeys (ConfUtils.java:logGet(43)) - raft.server.retrycache.expirytime = 600000ms (custom)
2019-08-22 22:07:35,939 [pool-93-thread-1] INFO  server.RaftServerConfigKeys (ConfUtils.java:logGet(43)) - raft.server.log.force.sync.num = 128 (default)
2019-08-22 22:07:35,939 [pool-27-thread-1] INFO  server.RaftServerConfigKeys (ConfUtils.java:logGet(43)) - raft.server.log.statemachine.data.sync.timeout.retry = -1 (default)
2019-08-22 22:07:35,939 [pool-82-thread-1] INFO  impl.RaftServerImpl (RaftServerImpl.java:start(180)) - e0f80305-a2e9-4cc8-bb71-ae23e33e4a24: start group-0088140607CC
2019-08-22 22:07:35,939 [pool-93-thread-1] INFO  server.RaftServerConfigKeys (ConfUtils.java:logGet(43)) - raft.server.log.statemachine.data.sync = true (default)
2019-08-22 22:07:35,939 [pool-82-thread-1] INFO  impl.RaftServerImpl (RaftServerImpl.java:setRole(171)) - e0f80305-a2e9-4cc8-bb71-ae23e33e4a24:group-0088140607CC changes role from null to FOLLOWER at term 0 for startAsFollower
2019-08-22 22:07:35,939 [pool-27-thread-1] INFO  server.RaftServerConfigKeys (ConfUtils.java:logGet(43)) - raft.server.log.statemachine.data.caching.enabled = true (custom)
2019-08-22 22:07:35,940 [pool-82-thread-1] INFO  impl.RoleInfo (RoleInfo.java:updateAndGet(143)) - e0f80305-a2e9-4cc8-bb71-ae23e33e4a24: start FollowerState
2019-08-22 22:07:35,940 [pool-93-thread-1] INFO  server.RaftServerConfigKeys (ConfUtils.java:logGet(43)) - raft.server.log.statemachine.data.sync.timeout = 10s (default)
2019-08-22 22:07:35,940 [pool-27-thread-1] INFO  segmented.SegmentedRaftLogWorker (SegmentedRaftLogWorker.java:lambda$new$0(132)) - b8ef9af6-352c-4d21-9a3e-6dd35f0a9afa-SegmentedRaftLogWorker:Storage Directory /workdir/hadoop-ozone/integration-test/target/test-dir/MiniOzoneClusterImpl-a7d5ff65-5e52-402f-8358-0c413c1a32d7/datanode-0/data/ratis/9dcf578f-c2c5-40f0-bd5b-0088140607cc: flushIndex: setUnconditionally 0 -> -1
2019-08-22 22:07:35,940 [pool-93-thread-1] INFO  server.RaftServerConfigKeys (ConfUtils.java:logGet(43)) - raft.server.log.statemachine.data.sync.timeout.retry = -1 (default)
2019-08-22 22:07:35,940 [pool-93-thread-1] INFO  server.RaftServerConfigKeys (ConfUtils.java:logGet(43)) - raft.server.log.statemachine.data.caching.enabled = true (custom)
2019-08-22 22:07:35,940 [pool-27-thread-1] INFO  server.RaftServerConfigKeys (ConfUtils.java:logGet(43)) - raft.server.snapshot.auto.trigger.enabled = true (custom)
2019-08-22 22:07:35,940 [pool-82-thread-1] INFO  util.JmxRegister (JmxRegister.java:tryRegister(44)) - Successfully registered JMX Bean with object name Ratis:service=RaftServer,group=group-0088140607CC,id=e0f80305-a2e9-4cc8-bb71-ae23e33e4a24
2019-08-22 22:07:35,940 [pool-93-thread-1] INFO  segmented.SegmentedRaftLogWorker (SegmentedRaftLogWorker.java:lambda$new$0(132)) - da272425-beaf-4e2f-8d68-d332ab7aa6f3-SegmentedRaftLogWorker:Storage Directory /workdir/hadoop-ozone/integration-test/target/test-dir/MiniOzoneClusterImpl-a7d5ff65-5e52-402f-8358-0c413c1a32d7/datanode-6/data/ratis/9dcf578f-c2c5-40f0-bd5b-0088140607cc: flushIndex: setUnconditionally 0 -> -1
2019-08-22 22:07:35,940 [pool-27-thread-1] INFO  server.RaftServerConfigKeys (ConfUtils.java:logGet(43)) - raft.server.snapshot.auto.trigger.threshold = 10000 (custom)
2019-08-22 22:07:35,941 [pool-93-thread-1] INFO  server.RaftServerConfigKeys (ConfUtils.java:logGet(43)) - raft.server.snapshot.auto.trigger.enabled = true (custom)
2019-08-22 22:07:35,941 [pool-27-thread-1] INFO  server.RaftServerConfigKeys (ConfUtils.java:logGet(43)) - raft.server.retrycache.expirytime = 600000ms (custom)
2019-08-22 22:07:35,941 [pool-93-thread-1] INFO  server.RaftServerConfigKeys (ConfUtils.java:logGet(43)) - raft.server.snapshot.auto.trigger.threshold = 10000 (custom)
2019-08-22 22:07:35,941 [pool-27-thread-1] INFO  impl.RaftServerImpl (RaftServerImpl.java:start(180)) - b8ef9af6-352c-4d21-9a3e-6dd35f0a9afa: start group-0088140607CC
2019-08-22 22:07:35,941 [pool-93-thread-1] INFO  server.RaftServerConfigKeys (ConfUtils.java:logGet(43)) - raft.server.retrycache.expirytime = 600000ms (custom)
2019-08-22 22:07:35,941 [pool-27-thread-1] INFO  impl.RaftServerImpl (RaftServerImpl.java:setRole(171)) - b8ef9af6-352c-4d21-9a3e-6dd35f0a9afa:group-0088140607CC changes role from null to FOLLOWER at term 0 for startAsFollower
2019-08-22 22:07:35,941 [pool-93-thread-1] INFO  impl.RaftServerImpl (RaftServerImpl.java:start(180)) - da272425-beaf-4e2f-8d68-d332ab7aa6f3: start group-0088140607CC
2019-08-22 22:07:35,941 [pool-27-thread-1] INFO  impl.RoleInfo (RoleInfo.java:updateAndGet(143)) - b8ef9af6-352c-4d21-9a3e-6dd35f0a9afa: start FollowerState
2019-08-22 22:07:35,941 [pool-93-thread-1] INFO  impl.RaftServerImpl (RaftServerImpl.java:setRole(171)) - da272425-beaf-4e2f-8d68-d332ab7aa6f3:group-0088140607CC changes role from null to FOLLOWER at term 0 for startAsFollower
2019-08-22 22:07:35,942 [pool-93-thread-1] INFO  impl.RoleInfo (RoleInfo.java:updateAndGet(143)) - da272425-beaf-4e2f-8d68-d332ab7aa6f3: start FollowerState
2019-08-22 22:07:35,942 [pool-27-thread-1] INFO  util.JmxRegister (JmxRegister.java:tryRegister(44)) - Successfully registered JMX Bean with object name Ratis:service=RaftServer,group=group-0088140607CC,id=b8ef9af6-352c-4d21-9a3e-6dd35f0a9afa
2019-08-22 22:07:35,942 [pool-93-thread-1] INFO  util.JmxRegister (JmxRegister.java:tryRegister(44)) - Successfully registered JMX Bean with object name Ratis:service=RaftServer,group=group-0088140607CC,id=da272425-beaf-4e2f-8d68-d332ab7aa6f3
2019-08-22 22:07:35,958 [RatisPipelineUtilsThread] INFO  pipeline.PipelineStateManager (PipelineStateManager.java:addPipeline(56)) - Created pipeline Pipeline[ Id: 9dcf578f-c2c5-40f0-bd5b-0088140607cc, Nodes: da272425-beaf-4e2f-8d68-d332ab7aa6f3{ip: 192.168.36.125, host: pr-hdds-1975-6rfct-3228563268, networkLocation: /default-rack, certSerialId: null}e0f80305-a2e9-4cc8-bb71-ae23e33e4a24{ip: 192.168.36.125, host: pr-hdds-1975-6rfct-3228563268, networkLocation: /default-rack, certSerialId: null}b8ef9af6-352c-4d21-9a3e-6dd35f0a9afa{ip: 192.168.36.125, host: pr-hdds-1975-6rfct-3228563268, networkLocation: /default-rack, certSerialId: null}, Type:RATIS, Factor:THREE, State:OPEN]
2019-08-22 22:07:35,983 [grpc-default-executor-1] INFO  impl.RaftServerProxy (RaftServerProxy.java:addNew(89)) - 362a0f32-a402-49c5-b39d-19ab87f59792: addNew group-A4586E5CDB72:[622387a1-0ff8-46d2-bb4b-d4ed28560aa4:192.168.36.125:40753, 362a0f32-a402-49c5-b39d-19ab87f59792:192.168.36.125:45069, 2ad6dd5e-fcd5-41f9-b8db-8caf07d6cf0b:192.168.36.125:34484] returns group-A4586E5CDB72:java.util.concurrent.CompletableFuture@2819419f[Not completed]
2019-08-22 22:07:35,983 [grpc-default-executor-2] INFO  impl.RaftServerProxy (RaftServerProxy.java:addNew(89)) - 622387a1-0ff8-46d2-bb4b-d4ed28560aa4: addNew group-A4586E5CDB72:[622387a1-0ff8-46d2-bb4b-d4ed28560aa4:192.168.36.125:40753, 362a0f32-a402-49c5-b39d-19ab87f59792:192.168.36.125:45069, 2ad6dd5e-fcd5-41f9-b8db-8caf07d6cf0b:192.168.36.125:34484] returns group-A4586E5CDB72:java.util.concurrent.CompletableFuture@59aa9941[Not completed]
2019-08-22 22:07:35,983 [grpc-default-executor-0] INFO  impl.RaftServerProxy (RaftServerProxy.java:addNew(89)) - 2ad6dd5e-fcd5-41f9-b8db-8caf07d6cf0b: addNew group-A4586E5CDB72:[622387a1-0ff8-46d2-bb4b-d4ed28560aa4:192.168.36.125:40753, 362a0f32-a402-49c5-b39d-19ab87f59792:192.168.36.125:45069, 2ad6dd5e-fcd5-41f9-b8db-8caf07d6cf0b:192.168.36.125:34484] returns group-A4586E5CDB72:java.util.concurrent.CompletableFuture@69d7e3db[Not completed]
2019-08-22 22:07:35,987 [pool-49-thread-1] INFO  impl.RaftServerImpl (RaftServerImpl.java:<init>(93)) - 622387a1-0ff8-46d2-bb4b-d4ed28560aa4: new RaftServerImpl for group-A4586E5CDB72:[622387a1-0ff8-46d2-bb4b-d4ed28560aa4:192.168.36.125:40753, 362a0f32-a402-49c5-b39d-19ab87f59792:192.168.36.125:45069, 2ad6dd5e-fcd5-41f9-b8db-8caf07d6cf0b:192.168.36.125:34484] with ContainerStateMachine:uninitialized
2019-08-22 22:07:35,987 [pool-49-thread-1] INFO  server.RaftServerConfigKeys (ConfUtils.java:logGet(43)) - raft.server.rpc.timeout.min = 5s (custom)
2019-08-22 22:07:35,987 [pool-49-thread-1] INFO  server.RaftServerConfigKeys (ConfUtils.java:logGet(43)) - raft.server.rpc.timeout.max = 5200ms (custom)
2019-08-22 22:07:35,987 [pool-49-thread-1] INFO  server.RaftServerConfigKeys (ConfUtils.java:logGet(43)) - raft.server.rpcslowness.timeout = 120s (custom)
2019-08-22 22:07:35,987 [pool-49-thread-1] INFO  server.RaftServerConfigKeys (ConfUtils.java:logGet(43)) - raft.server.sleep.deviation.threshold = 300 (default)
2019-08-22 22:07:35,987 [pool-49-thread-1] INFO  server.RaftServerConfigKeys (ConfUtils.java:logGet(43)) - raft.server.log.appender.install.snapshot.enabled = false (custom)
2019-08-22 22:07:35,987 [pool-49-thread-1] INFO  impl.RaftServerImpl (ServerState.java:<init>(105)) - 622387a1-0ff8-46d2-bb4b-d4ed28560aa4:group-A4586E5CDB72 ConfigurationManager, init=-1: [622387a1-0ff8-46d2-bb4b-d4ed28560aa4:192.168.36.125:40753, 362a0f32-a402-49c5-b39d-19ab87f59792:192.168.36.125:45069, 2ad6dd5e-fcd5-41f9-b8db-8caf07d6cf0b:192.168.36.125:34484], old=null, confs=<EMPTY_MAP>
2019-08-22 22:07:35,988 [pool-71-thread-1] INFO  impl.RaftServerImpl (RaftServerImpl.java:<init>(93)) - 2ad6dd5e-fcd5-41f9-b8db-8caf07d6cf0b: new RaftServerImpl for group-A4586E5CDB72:[622387a1-0ff8-46d2-bb4b-d4ed28560aa4:192.168.36.125:40753, 362a0f32-a402-49c5-b39d-19ab87f59792:192.168.36.125:45069, 2ad6dd5e-fcd5-41f9-b8db-8caf07d6cf0b:192.168.36.125:34484] with ContainerStateMachine:uninitialized
2019-08-22 22:07:35,988 [pool-49-thread-1] INFO  server.RaftServerConfigKeys (ConfUtils.java:logGet(43)) - raft.server.storage.dir = [/workdir/hadoop-ozone/integration-test/target/test-dir/MiniOzoneClusterImpl-a7d5ff65-5e52-402f-8358-0c413c1a32d7/datanode-2/data/ratis] (custom)
2019-08-22 22:07:35,988 [pool-71-thread-1] INFO  server.RaftServerConfigKeys (ConfUtils.java:logGet(43)) - raft.server.rpc.timeout.min = 5s (custom)
2019-08-22 22:07:35,988 [pool-71-thread-1] INFO  server.RaftServerConfigKeys (ConfUtils.java:logGet(43)) - raft.server.rpc.timeout.max = 5200ms (custom)
2019-08-22 22:07:35,988 [pool-71-thread-1] INFO  server.RaftServerConfigKeys (ConfUtils.java:logGet(43)) - raft.server.rpcslowness.timeout = 120s (custom)
2019-08-22 22:07:35,988 [pool-38-thread-1] INFO  impl.RaftServerImpl (RaftServerImpl.java:<init>(93)) - 362a0f32-a402-49c5-b39d-19ab87f59792: new RaftServerImpl for group-A4586E5CDB72:[622387a1-0ff8-46d2-bb4b-d4ed28560aa4:192.168.36.125:40753, 362a0f32-a402-49c5-b39d-19ab87f59792:192.168.36.125:45069, 2ad6dd5e-fcd5-41f9-b8db-8caf07d6cf0b:192.168.36.125:34484] with ContainerStateMachine:uninitialized
2019-08-22 22:07:35,988 [pool-49-thread-1] INFO  storage.RaftStorageDirectory (RaftStorageDirectory.java:analyzeStorage(246)) - The storage directory /workdir/hadoop-ozone/integration-test/target/test-dir/MiniOzoneClusterImpl-a7d5ff65-5e52-402f-8358-0c413c1a32d7/datanode-2/data/ratis/8a8c9061-1528-4871-8b23-a4586e5cdb72 does not exist. Creating ...
2019-08-22 22:07:35,988 [pool-38-thread-1] INFO  server.RaftServerConfigKeys (ConfUtils.java:logGet(43)) - raft.server.rpc.timeout.min = 5s (custom)
2019-08-22 22:07:35,988 [pool-38-thread-1] INFO  server.RaftServerConfigKeys (ConfUtils.java:logGet(43)) - raft.server.rpc.timeout.max = 5200ms (custom)
2019-08-22 22:07:35,988 [pool-71-thread-1] INFO  server.RaftServerConfigKeys (ConfUtils.java:logGet(43)) - raft.server.sleep.deviation.threshold = 300 (default)
2019-08-22 22:07:35,988 [pool-38-thread-1] INFO  server.RaftServerConfigKeys (ConfUtils.java:logGet(43)) - raft.server.rpcslowness.timeout = 120s (custom)
2019-08-22 22:07:35,989 [pool-71-thread-1] INFO  server.RaftServerConfigKeys (ConfUtils.java:logGet(43)) - raft.server.log.appender.install.snapshot.enabled = false (custom)
2019-08-22 22:07:35,989 [pool-38-thread-1] INFO  server.RaftServerConfigKeys (ConfUtils.java:logGet(43)) - raft.server.sleep.deviation.threshold = 300 (default)
2019-08-22 22:07:35,989 [pool-38-thread-1] INFO  server.RaftServerConfigKeys (ConfUtils.java:logGet(43)) - raft.server.log.appender.install.snapshot.enabled = false (custom)
2019-08-22 22:07:35,989 [pool-71-thread-1] INFO  impl.RaftServerImpl (ServerState.java:<init>(105)) - 2ad6dd5e-fcd5-41f9-b8db-8caf07d6cf0b:group-A4586E5CDB72 ConfigurationManager, init=-1: [622387a1-0ff8-46d2-bb4b-d4ed28560aa4:192.168.36.125:40753, 362a0f32-a402-49c5-b39d-19ab87f59792:192.168.36.125:45069, 2ad6dd5e-fcd5-41f9-b8db-8caf07d6cf0b:192.168.36.125:34484], old=null, confs=<EMPTY_MAP>
2019-08-22 22:07:35,989 [pool-38-thread-1] INFO  impl.RaftServerImpl (ServerState.java:<init>(105)) - 362a0f32-a402-49c5-b39d-19ab87f59792:group-A4586E5CDB72 ConfigurationManager, init=-1: [622387a1-0ff8-46d2-bb4b-d4ed28560aa4:192.168.36.125:40753, 362a0f32-a402-49c5-b39d-19ab87f59792:192.168.36.125:45069, 2ad6dd5e-fcd5-41f9-b8db-8caf07d6cf0b:192.168.36.125:34484], old=null, confs=<EMPTY_MAP>
2019-08-22 22:07:35,989 [pool-71-thread-1] INFO  server.RaftServerConfigKeys (ConfUtils.java:logGet(43)) - raft.server.storage.dir = [/workdir/hadoop-ozone/integration-test/target/test-dir/MiniOzoneClusterImpl-a7d5ff65-5e52-402f-8358-0c413c1a32d7/datanode-4/data/ratis] (custom)
2019-08-22 22:07:35,989 [pool-38-thread-1] INFO  server.RaftServerConfigKeys (ConfUtils.java:logGet(43)) - raft.server.storage.dir = [/workdir/hadoop-ozone/integration-test/target/test-dir/MiniOzoneClusterImpl-a7d5ff65-5e52-402f-8358-0c413c1a32d7/datanode-1/data/ratis] (custom)
2019-08-22 22:07:35,989 [pool-38-thread-1] INFO  storage.RaftStorageDirectory (RaftStorageDirectory.java:analyzeStorage(246)) - The storage directory /workdir/hadoop-ozone/integration-test/target/test-dir/MiniOzoneClusterImpl-a7d5ff65-5e52-402f-8358-0c413c1a32d7/datanode-1/data/ratis/8a8c9061-1528-4871-8b23-a4586e5cdb72 does not exist. Creating ...
2019-08-22 22:07:35,989 [pool-71-thread-1] INFO  storage.RaftStorageDirectory (RaftStorageDirectory.java:analyzeStorage(246)) - The storage directory /workdir/hadoop-ozone/integration-test/target/test-dir/MiniOzoneClusterImpl-a7d5ff65-5e52-402f-8358-0c413c1a32d7/datanode-4/data/ratis/8a8c9061-1528-4871-8b23-a4586e5cdb72 does not exist. Creating ...
2019-08-22 22:07:36,008 [pool-71-thread-1] INFO  storage.RaftStorageDirectory (RaftStorageDirectory.java:tryLock(328)) - Lock on /workdir/hadoop-ozone/integration-test/target/test-dir/MiniOzoneClusterImpl-a7d5ff65-5e52-402f-8358-0c413c1a32d7/datanode-4/data/ratis/8a8c9061-1528-4871-8b23-a4586e5cdb72/in_use.lock acquired by nodename 19597@pr-hdds-1975-6rfct-3228563268
2019-08-22 22:07:36,008 [pool-38-thread-1] INFO  storage.RaftStorageDirectory (RaftStorageDirectory.java:tryLock(328)) - Lock on /workdir/hadoop-ozone/integration-test/target/test-dir/MiniOzoneClusterImpl-a7d5ff65-5e52-402f-8358-0c413c1a32d7/datanode-1/data/ratis/8a8c9061-1528-4871-8b23-a4586e5cdb72/in_use.lock acquired by nodename 19597@pr-hdds-1975-6rfct-3228563268
2019-08-22 22:07:36,008 [pool-49-thread-1] INFO  storage.RaftStorageDirectory (RaftStorageDirectory.java:tryLock(328)) - Lock on /workdir/hadoop-ozone/integration-test/target/test-dir/MiniOzoneClusterImpl-a7d5ff65-5e52-402f-8358-0c413c1a32d7/datanode-2/data/ratis/8a8c9061-1528-4871-8b23-a4586e5cdb72/in_use.lock acquired by nodename 19597@pr-hdds-1975-6rfct-3228563268
2019-08-22 22:07:36,034 [pool-38-thread-1] INFO  storage.RaftStorage (RaftStorage.java:format(72)) - Storage directory /workdir/hadoop-ozone/integration-test/target/test-dir/MiniOzoneClusterImpl-a7d5ff65-5e52-402f-8358-0c413c1a32d7/datanode-1/data/ratis/8a8c9061-1528-4871-8b23-a4586e5cdb72 has been successfully formatted.
2019-08-22 22:07:36,034 [pool-71-thread-1] INFO  storage.RaftStorage (RaftStorage.java:format(72)) - Storage directory /workdir/hadoop-ozone/integration-test/target/test-dir/MiniOzoneClusterImpl-a7d5ff65-5e52-402f-8358-0c413c1a32d7/datanode-4/data/ratis/8a8c9061-1528-4871-8b23-a4586e5cdb72 has been successfully formatted.
2019-08-22 22:07:36,034 [pool-49-thread-1] INFO  storage.RaftStorage (RaftStorage.java:format(72)) - Storage directory /workdir/hadoop-ozone/integration-test/target/test-dir/MiniOzoneClusterImpl-a7d5ff65-5e52-402f-8358-0c413c1a32d7/datanode-2/data/ratis/8a8c9061-1528-4871-8b23-a4586e5cdb72 has been successfully formatted.
2019-08-22 22:07:36,034 [pool-38-thread-1] INFO  ratis.ContainerStateMachine (ContainerStateMachine.java:loadSnapshot(226)) - group-A4586E5CDB72: The snapshot info is null. Setting the last applied indexto:(t:0, i:~)
2019-08-22 22:07:36,034 [pool-71-thread-1] INFO  ratis.ContainerStateMachine (ContainerStateMachine.java:loadSnapshot(226)) - group-A4586E5CDB72: The snapshot info is null. Setting the last applied indexto:(t:0, i:~)
2019-08-22 22:07:36,035 [pool-38-thread-1] INFO  server.RaftServerConfigKeys (ConfUtils.java:logGet(43)) - raft.server.leader.election.timeout = 120s (custom)
2019-08-22 22:07:36,035 [pool-49-thread-1] INFO  ratis.ContainerStateMachine (ContainerStateMachine.java:loadSnapshot(226)) - group-A4586E5CDB72: The snapshot info is null. Setting the last applied indexto:(t:0, i:~)
2019-08-22 22:07:36,035 [pool-38-thread-1] INFO  server.RaftServerConfigKeys (ConfUtils.java:logGet(43)) - raft.server.log.use.memory = false (default)
2019-08-22 22:07:36,035 [pool-71-thread-1] INFO  server.RaftServerConfigKeys (ConfUtils.java:logGet(43)) - raft.server.leader.election.timeout = 120s (custom)
2019-08-22 22:07:36,035 [pool-38-thread-1] INFO  server.RaftServerConfigKeys (ConfUtils.java:logGet(43)) - raft.server.log.purge.gap = 1000000 (custom)
2019-08-22 22:07:36,035 [pool-49-thread-1] INFO  server.RaftServerConfigKeys (ConfUtils.java:logGet(43)) - raft.server.leader.election.timeout = 120s (custom)
2019-08-22 22:07:36,036 [pool-38-thread-1] INFO  server.RaftServerConfigKeys (ConfUtils.java:logGet(43)) - raft.server.log.appender.buffer.byte-limit = 33554432 (custom)
2019-08-22 22:07:36,035 [pool-71-thread-1] INFO  server.RaftServerConfigKeys (ConfUtils.java:logGet(43)) - raft.server.log.use.memory = false (default)
2019-08-22 22:07:36,036 [pool-38-thread-1] INFO  server.RaftServerConfigKeys (ConfUtils.java:logGet(43)) - raft.server.log.segment.size.max = 1048576 (custom)
2019-08-22 22:07:36,036 [pool-49-thread-1] INFO  server.RaftServerConfigKeys (ConfUtils.java:logGet(43)) - raft.server.log.use.memory = false (default)
2019-08-22 22:07:36,036 [pool-38-thread-1] INFO  server.RaftServerConfigKeys (ConfUtils.java:logGet(43)) - raft.server.log.segment.cache.num.max = 2 (custom)
2019-08-22 22:07:36,036 [pool-71-thread-1] INFO  server.RaftServerConfigKeys (ConfUtils.java:logGet(43)) - raft.server.log.purge.gap = 1000000 (custom)
2019-08-22 22:07:36,037 [pool-38-thread-1] INFO  segmented.SegmentedRaftLogWorker (SegmentedRaftLogWorker.java:<init>(172)) - new 362a0f32-a402-49c5-b39d-19ab87f59792-SegmentedRaftLogWorker:Storage Directory /workdir/hadoop-ozone/integration-test/target/test-dir/MiniOzoneClusterImpl-a7d5ff65-5e52-402f-8358-0c413c1a32d7/datanode-1/data/ratis/8a8c9061-1528-4871-8b23-a4586e5cdb72 for RaftStorage:Storage Directory /workdir/hadoop-ozone/integration-test/target/test-dir/MiniOzoneClusterImpl-a7d5ff65-5e52-402f-8358-0c413c1a32d7/datanode-1/data/ratis/8a8c9061-1528-4871-8b23-a4586e5cdb72
2019-08-22 22:07:36,036 [pool-49-thread-1] INFO  server.RaftServerConfigKeys (ConfUtils.java:logGet(43)) - raft.server.log.purge.gap = 1000000 (custom)
2019-08-22 22:07:36,037 [pool-38-thread-1] INFO  server.RaftServerConfigKeys (ConfUtils.java:logGet(43)) - raft.server.log.queue.byte-limit = 2147483647 (custom)
2019-08-22 22:07:36,037 [pool-71-thread-1] INFO  server.RaftServerConfigKeys (ConfUtils.java:logGet(43)) - raft.server.log.appender.buffer.byte-limit = 33554432 (custom)
2019-08-22 22:07:36,040 [pool-38-thread-1] INFO  server.RaftServerConfigKeys (ConfUtils.java:logGet(43)) - raft.server.log.queue.element-limit = 1024 (custom)
2019-08-22 22:07:36,037 [pool-49-thread-1] INFO  server.RaftServerConfigKeys (ConfUtils.java:logGet(43)) - raft.server.log.appender.buffer.byte-limit = 33554432 (custom)
2019-08-22 22:07:36,040 [pool-38-thread-1] INFO  server.RaftServerConfigKeys (ConfUtils.java:logGet(43)) - raft.server.log.segment.size.max = 1048576 (custom)
2019-08-22 22:07:36,040 [pool-71-thread-1] INFO  server.RaftServerConfigKeys (ConfUtils.java:logGet(43)) - raft.server.log.segment.size.max = 1048576 (custom)
2019-08-22 22:07:36,041 [pool-38-thread-1] INFO  server.RaftServerConfigKeys (ConfUtils.java:logGet(43)) - raft.server.log.preallocated.size = 16384 (custom)
2019-08-22 22:07:36,040 [pool-49-thread-1] INFO  server.RaftServerConfigKeys (ConfUtils.java:logGet(43)) - raft.server.log.segment.size.max = 1048576 (custom)
2019-08-22 22:07:36,041 [pool-38-thread-1] INFO  server.RaftServerConfigKeys (ConfUtils.java:logGet(43)) - raft.server.log.write.buffer.size = 33554432 (custom)
2019-08-22 22:07:36,041 [pool-71-thread-1] INFO  server.RaftServerConfigKeys (ConfUtils.java:logGet(43)) - raft.server.log.segment.cache.num.max = 2 (custom)
2019-08-22 22:07:36,041 [pool-38-thread-1] INFO  server.RaftServerConfigKeys (ConfUtils.java:logGet(43)) - raft.server.log.force.sync.num = 128 (default)
2019-08-22 22:07:36,041 [pool-49-thread-1] INFO  server.RaftServerConfigKeys (ConfUtils.java:logGet(43)) - raft.server.log.segment.cache.num.max = 2 (custom)
2019-08-22 22:07:36,041 [pool-38-thread-1] INFO  server.RaftServerConfigKeys (ConfUtils.java:logGet(43)) - raft.server.log.statemachine.data.sync = true (default)
2019-08-22 22:07:36,041 [pool-71-thread-1] INFO  segmented.SegmentedRaftLogWorker (SegmentedRaftLogWorker.java:<init>(172)) - new 2ad6dd5e-fcd5-41f9-b8db-8caf07d6cf0b-SegmentedRaftLogWorker:Storage Directory /workdir/hadoop-ozone/integration-test/target/test-dir/MiniOzoneClusterImpl-a7d5ff65-5e52-402f-8358-0c413c1a32d7/datanode-4/data/ratis/8a8c9061-1528-4871-8b23-a4586e5cdb72 for RaftStorage:Storage Directory /workdir/hadoop-ozone/integration-test/target/test-dir/MiniOzoneClusterImpl-a7d5ff65-5e52-402f-8358-0c413c1a32d7/datanode-4/data/ratis/8a8c9061-1528-4871-8b23-a4586e5cdb72
2019-08-22 22:07:36,042 [pool-38-thread-1] INFO  server.RaftServerConfigKeys (ConfUtils.java:logGet(43)) - raft.server.log.statemachine.data.sync.timeout = 10s (default)
2019-08-22 22:07:36,042 [pool-49-thread-1] INFO  segmented.SegmentedRaftLogWorker (SegmentedRaftLogWorker.java:<init>(172)) - new 622387a1-0ff8-46d2-bb4b-d4ed28560aa4-SegmentedRaftLogWorker:Storage Directory /workdir/hadoop-ozone/integration-test/target/test-dir/MiniOzoneClusterImpl-a7d5ff65-5e52-402f-8358-0c413c1a32d7/datanode-2/data/ratis/8a8c9061-1528-4871-8b23-a4586e5cdb72 for RaftStorage:Storage Directory /workdir/hadoop-ozone/integration-test/target/test-dir/MiniOzoneClusterImpl-a7d5ff65-5e52-402f-8358-0c413c1a32d7/datanode-2/data/ratis/8a8c9061-1528-4871-8b23-a4586e5cdb72
2019-08-22 22:07:36,042 [pool-38-thread-1] INFO  server.RaftServerConfigKeys (ConfUtils.java:logGet(43)) - raft.server.log.statemachine.data.sync.timeout.retry = -1 (default)
2019-08-22 22:07:36,042 [pool-71-thread-1] INFO  server.RaftServerConfigKeys (ConfUtils.java:logGet(43)) - raft.server.log.queue.byte-limit = 2147483647 (custom)
2019-08-22 22:07:36,044 [pool-49-thread-1] INFO  server.RaftServerConfigKeys (ConfUtils.java:logGet(43)) - raft.server.log.queue.byte-limit = 2147483647 (custom)
2019-08-22 22:07:36,046 [pool-38-thread-1] INFO  server.RaftServerConfigKeys (ConfUtils.java:logGet(43)) - raft.server.log.statemachine.data.caching.enabled = true (custom)
2019-08-22 22:07:36,046 [pool-71-thread-1] INFO  server.RaftServerConfigKeys (ConfUtils.java:logGet(43)) - raft.server.log.queue.element-limit = 1024 (custom)
2019-08-22 22:07:36,046 [pool-49-thread-1] INFO  server.RaftServerConfigKeys (ConfUtils.java:logGet(43)) - raft.server.log.queue.element-limit = 1024 (custom)
2019-08-22 22:07:36,047 [pool-38-thread-1] INFO  segmented.SegmentedRaftLogWorker (SegmentedRaftLogWorker.java:lambda$new$0(132)) - 362a0f32-a402-49c5-b39d-19ab87f59792-SegmentedRaftLogWorker:Storage Directory /workdir/hadoop-ozone/integration-test/target/test-dir/MiniOzoneClusterImpl-a7d5ff65-5e52-402f-8358-0c413c1a32d7/datanode-1/data/ratis/8a8c9061-1528-4871-8b23-a4586e5cdb72: flushIndex: setUnconditionally 0 -> -1
2019-08-22 22:07:36,047 [pool-71-thread-1] INFO  server.RaftServerConfigKeys (ConfUtils.java:logGet(43)) - raft.server.log.segment.size.max = 1048576 (custom)
2019-08-22 22:07:36,047 [pool-49-thread-1] INFO  server.RaftServerConfigKeys (ConfUtils.java:logGet(43)) - raft.server.log.segment.size.max = 1048576 (custom)
2019-08-22 22:07:36,047 [pool-38-thread-1] INFO  server.RaftServerConfigKeys (ConfUtils.java:logGet(43)) - raft.server.snapshot.auto.trigger.enabled = true (custom)
2019-08-22 22:07:36,047 [pool-71-thread-1] INFO  server.RaftServerConfigKeys (ConfUtils.java:logGet(43)) - raft.server.log.preallocated.size = 16384 (custom)
2019-08-22 22:07:36,047 [pool-38-thread-1] INFO  server.RaftServerConfigKeys (ConfUtils.java:logGet(43)) - raft.server.snapshot.auto.trigger.threshold = 10000 (custom)
2019-08-22 22:07:36,047 [pool-49-thread-1] INFO  server.RaftServerConfigKeys (ConfUtils.java:logGet(43)) - raft.server.log.preallocated.size = 16384 (custom)
2019-08-22 22:07:36,048 [pool-38-thread-1] INFO  server.RaftServerConfigKeys (ConfUtils.java:logGet(43)) - raft.server.retrycache.expirytime = 600000ms (custom)
2019-08-22 22:07:36,048 [pool-71-thread-1] INFO  server.RaftServerConfigKeys (ConfUtils.java:logGet(43)) - raft.server.log.write.buffer.size = 33554432 (custom)
2019-08-22 22:07:36,048 [pool-49-thread-1] INFO  server.RaftServerConfigKeys (ConfUtils.java:logGet(43)) - raft.server.log.write.buffer.size = 33554432 (custom)
2019-08-22 22:07:36,048 [pool-71-thread-1] INFO  server.RaftServerConfigKeys (ConfUtils.java:logGet(43)) - raft.server.log.force.sync.num = 128 (default)
2019-08-22 22:07:36,048 [pool-38-thread-1] INFO  impl.RaftServerImpl (RaftServerImpl.java:start(180)) - 362a0f32-a402-49c5-b39d-19ab87f59792: start group-A4586E5CDB72
2019-08-22 22:07:36,048 [pool-71-thread-1] INFO  server.RaftServerConfigKeys (ConfUtils.java:logGet(43)) - raft.server.log.statemachine.data.sync = true (default)
2019-08-22 22:07:36,048 [pool-49-thread-1] INFO  server.RaftServerConfigKeys (ConfUtils.java:logGet(43)) - raft.server.log.force.sync.num = 128 (default)
2019-08-22 22:07:36,049 [pool-71-thread-1] INFO  server.RaftServerConfigKeys (ConfUtils.java:logGet(43)) - raft.server.log.statemachine.data.sync.timeout = 10s (default)
2019-08-22 22:07:36,049 [pool-38-thread-1] INFO  impl.RaftServerImpl (RaftServerImpl.java:setRole(171)) - 362a0f32-a402-49c5-b39d-19ab87f59792:group-A4586E5CDB72 changes role from null to FOLLOWER at term 0 for startAsFollower
2019-08-22 22:07:36,049 [pool-71-thread-1] INFO  server.RaftServerConfigKeys (ConfUtils.java:logGet(43)) - raft.server.log.statemachine.data.sync.timeout.retry = -1 (default)
2019-08-22 22:07:36,049 [pool-49-thread-1] INFO  server.RaftServerConfigKeys (ConfUtils.java:logGet(43)) - raft.server.log.statemachine.data.sync = true (default)
2019-08-22 22:07:36,049 [pool-71-thread-1] INFO  server.RaftServerConfigKeys (ConfUtils.java:logGet(43)) - raft.server.log.statemachine.data.caching.enabled = true (custom)
2019-08-22 22:07:36,049 [pool-38-thread-1] INFO  impl.RoleInfo (RoleInfo.java:updateAndGet(143)) - 362a0f32-a402-49c5-b39d-19ab87f59792: start FollowerState
2019-08-22 22:07:36,049 [pool-49-thread-1] INFO  server.RaftServerConfigKeys (ConfUtils.java:logGet(43)) - raft.server.log.statemachine.data.sync.timeout = 10s (default)
2019-08-22 22:07:36,049 [pool-71-thread-1] INFO  segmented.SegmentedRaftLogWorker (SegmentedRaftLogWorker.java:lambda$new$0(132)) - 2ad6dd5e-fcd5-41f9-b8db-8caf07d6cf0b-SegmentedRaftLogWorker:Storage Directory /workdir/hadoop-ozone/integration-test/target/test-dir/MiniOzoneClusterImpl-a7d5ff65-5e52-402f-8358-0c413c1a32d7/datanode-4/data/ratis/8a8c9061-1528-4871-8b23-a4586e5cdb72: flushIndex: setUnconditionally 0 -> -1
2019-08-22 22:07:36,050 [pool-38-thread-1] INFO  util.JmxRegister (JmxRegister.java:tryRegister(44)) - Successfully registered JMX Bean with object name Ratis:service=RaftServer,group=group-A4586E5CDB72,id=362a0f32-a402-49c5-b39d-19ab87f59792
2019-08-22 22:07:36,050 [pool-49-thread-1] INFO  server.RaftServerConfigKeys (ConfUtils.java:logGet(43)) - raft.server.log.statemachine.data.sync.timeout.retry = -1 (default)
2019-08-22 22:07:36,050 [pool-71-thread-1] INFO  server.RaftServerConfigKeys (ConfUtils.java:logGet(43)) - raft.server.snapshot.auto.trigger.enabled = true (custom)
2019-08-22 22:07:36,050 [pool-71-thread-1] INFO  server.RaftServerConfigKeys (ConfUtils.java:logGet(43)) - raft.server.snapshot.auto.trigger.threshold = 10000 (custom)
2019-08-22 22:07:36,050 [pool-49-thread-1] INFO  server.RaftServerConfigKeys (ConfUtils.java:logGet(43)) - raft.server.log.statemachine.data.caching.enabled = true (custom)
2019-08-22 22:07:36,050 [pool-71-thread-1] INFO  server.RaftServerConfigKeys (ConfUtils.java:logGet(43)) - raft.server.retrycache.expirytime = 600000ms (custom)
2019-08-22 22:07:36,050 [pool-71-thread-1] INFO  impl.RaftServerImpl (RaftServerImpl.java:start(180)) - 2ad6dd5e-fcd5-41f9-b8db-8caf07d6cf0b: start group-A4586E5CDB72
2019-08-22 22:07:36,051 [pool-71-thread-1] INFO  impl.RaftServerImpl (RaftServerImpl.java:setRole(171)) - 2ad6dd5e-fcd5-41f9-b8db-8caf07d6cf0b:group-A4586E5CDB72 changes role from null to FOLLOWER at term 0 for startAsFollower
2019-08-22 22:07:36,051 [pool-49-thread-1] INFO  segmented.SegmentedRaftLogWorker (SegmentedRaftLogWorker.java:lambda$new$0(132)) - 622387a1-0ff8-46d2-bb4b-d4ed28560aa4-SegmentedRaftLogWorker:Storage Directory /workdir/hadoop-ozone/integration-test/target/test-dir/MiniOzoneClusterImpl-a7d5ff65-5e52-402f-8358-0c413c1a32d7/datanode-2/data/ratis/8a8c9061-1528-4871-8b23-a4586e5cdb72: flushIndex: setUnconditionally 0 -> -1
2019-08-22 22:07:36,051 [pool-71-thread-1] INFO  impl.RoleInfo (RoleInfo.java:updateAndGet(143)) - 2ad6dd5e-fcd5-41f9-b8db-8caf07d6cf0b: start FollowerState
2019-08-22 22:07:36,051 [pool-49-thread-1] INFO  server.RaftServerConfigKeys (ConfUtils.java:logGet(43)) - raft.server.snapshot.auto.trigger.enabled = true (custom)
2019-08-22 22:07:36,051 [pool-49-thread-1] INFO  server.RaftServerConfigKeys (ConfUtils.java:logGet(43)) - raft.server.snapshot.auto.trigger.threshold = 10000 (custom)
2019-08-22 22:07:36,051 [pool-71-thread-1] INFO  util.JmxRegister (JmxRegister.java:tryRegister(44)) - Successfully registered JMX Bean with object name Ratis:service=RaftServer,group=group-A4586E5CDB72,id=2ad6dd5e-fcd5-41f9-b8db-8caf07d6cf0b
2019-08-22 22:07:36,051 [pool-49-thread-1] INFO  server.RaftServerConfigKeys (ConfUtils.java:logGet(43)) - raft.server.retrycache.expirytime = 600000ms (custom)
2019-08-22 22:07:36,052 [pool-49-thread-1] INFO  impl.RaftServerImpl (RaftServerImpl.java:start(180)) - 622387a1-0ff8-46d2-bb4b-d4ed28560aa4: start group-A4586E5CDB72
2019-08-22 22:07:36,052 [pool-49-thread-1] INFO  impl.RaftServerImpl (RaftServerImpl.java:setRole(171)) - 622387a1-0ff8-46d2-bb4b-d4ed28560aa4:group-A4586E5CDB72 changes role from null to FOLLOWER at term 0 for startAsFollower
2019-08-22 22:07:36,052 [pool-49-thread-1] INFO  impl.RoleInfo (RoleInfo.java:updateAndGet(143)) - 622387a1-0ff8-46d2-bb4b-d4ed28560aa4: start FollowerState
2019-08-22 22:07:36,054 [pool-49-thread-1] INFO  util.JmxRegister (JmxRegister.java:tryRegister(44)) - Successfully registered JMX Bean with object name Ratis:service=RaftServer,group=group-A4586E5CDB72,id=622387a1-0ff8-46d2-bb4b-d4ed28560aa4
2019-08-22 22:07:36,074 [RatisPipelineUtilsThread] INFO  pipeline.PipelineStateManager (PipelineStateManager.java:addPipeline(56)) - Created pipeline Pipeline[ Id: 8a8c9061-1528-4871-8b23-a4586e5cdb72, Nodes: 622387a1-0ff8-46d2-bb4b-d4ed28560aa4{ip: 192.168.36.125, host: pr-hdds-1975-6rfct-3228563268, networkLocation: /default-rack, certSerialId: null}2ad6dd5e-fcd5-41f9-b8db-8caf07d6cf0b{ip: 192.168.36.125, host: pr-hdds-1975-6rfct-3228563268, networkLocation: /default-rack, certSerialId: null}362a0f32-a402-49c5-b39d-19ab87f59792{ip: 192.168.36.125, host: pr-hdds-1975-6rfct-3228563268, networkLocation: /default-rack, certSerialId: null}, Type:RATIS, Factor:THREE, State:OPEN]
2019-08-22 22:07:36,180 | INFO  | SCMAudit | user=jenkins1000 | ip=192.168.36.125 | op=SEND_HEARTBEAT {datanodeUUID=622387a1-0ff8-46d2-bb4b-d4ed28560aa4, command=[]} | ret=SUCCESS |  
2019-08-22 22:07:36,220 [main] INFO  ozone.MiniOzoneClusterImpl (MiniOzoneClusterImpl.java:lambda$waitForClusterToBeReady$0(142)) - Cluster is ready. Got 7 of 7 DN Heartbeats.
2019-08-22 22:07:36,491 [main] INFO  rpc.RpcClient (RpcClient.java:createVolume(293)) - Creating Volume: watchforcommithandlingtest, with jenkins1000 as owner.
2019-08-22 22:07:36,526 | INFO  | OMAudit | user=jenkins1000 | ip=127.0.0.1 | op=CREATE_VOLUME {admin=jenkins1000, owner=jenkins1000, volume=watchforcommithandlingtest, creationTime=1566511656522, quotaInBytes=1152921504606846976} | ret=SUCCESS |  
2019-08-22 22:07:36,549 | INFO  | OMAudit | user=jenkins1000 | ip=127.0.0.1 | op=READ_VOLUME {volume=watchforcommithandlingtest} | ret=SUCCESS |  
2019-08-22 22:07:36,555 [main] INFO  rpc.RpcClient (RpcClient.java:createBucket(432)) - Creating Bucket: watchforcommithandlingtest/watchforcommithandlingtest, with Versioning false and Storage Type set to DISK and Encryption set to false 
2019-08-22 22:07:36,577 | INFO  | OMAudit | user=jenkins1000 | ip=127.0.0.1 | op=CREATE_BUCKET {volume=watchforcommithandlingtest, bucket=watchforcommithandlingtest, acls=[user:jenkins1000:a[ACCESS], group:default:a[ACCESS]], isVersionEnabled=false, storageType=DISK, creationTime=0} | ret=SUCCESS |  
2019-08-22 22:07:36,578 [main] INFO  ozone.MiniOzoneClusterImpl (MiniOzoneClusterImpl.java:getStorageContainerLocationClient(241)) - Creating StorageContainerLocationProtocol RPC client with address /0.0.0.0:36143
2019-08-22 22:07:36,618 [main] INFO  impl.MetricsSystemImpl (MetricsSystemImpl.java:init(158)) - XceiverClientMetrics metrics system started (again)
2019-08-22 22:07:36,640 | INFO  | SCMAudit | user=jenkins1000 | ip=192.168.36.125 | op=SEND_HEARTBEAT {datanodeUUID=31687c82-0c07-4c25-b0e4-b592672e89de, command=[]} | ret=SUCCESS |  
2019-08-22 22:07:36,692 | INFO  | SCMAudit | user=jenkins1000 | ip=192.168.36.125 | op=SEND_HEARTBEAT {datanodeUUID=2ad6dd5e-fcd5-41f9-b8db-8caf07d6cf0b, command=[]} | ret=SUCCESS |  
2019-08-22 22:07:36,704 [grpc-default-executor-0] INFO  client.GrpcClientProtocolClient (GrpcClientProtocolClient.java:onNext(255)) - client-0A7B88AEA72D->da272425-beaf-4e2f-8d68-d332ab7aa6f3: receive RaftClientReply:client-0A7B88AEA72D->da272425-beaf-4e2f-8d68-d332ab7aa6f3@group-0088140607CC, cid=13, FAILED org.apache.ratis.protocol.NotLeaderException: Server da272425-beaf-4e2f-8d68-d332ab7aa6f3 is not the leader (null). Request must be sent to leader., logIndex=0, commits[da272425-beaf-4e2f-8d68-d332ab7aa6f3:c-1]
2019-08-22 22:07:36,725 | INFO  | SCMAudit | user=jenkins1000 | ip=192.168.36.125 | op=SEND_HEARTBEAT {datanodeUUID=b8ef9af6-352c-4d21-9a3e-6dd35f0a9afa, command=[]} | ret=SUCCESS |  
2019-08-22 22:07:36,794 [Thread-237] INFO  container.ReplicationManager (ReplicationManager.java:start(152)) - Starting Replication Monitor Thread.
2019-08-22 22:07:36,798 [ReplicationMonitor] INFO  container.ReplicationManager (ReplicationManager.java:run(215)) - Replication Monitor Thread took 2 milliseconds for processing 1 containers.
2019-08-22 22:07:36,929 | INFO  | SCMAudit | user=jenkins1000 | ip=192.168.36.125 | op=SEND_HEARTBEAT {datanodeUUID=362a0f32-a402-49c5-b39d-19ab87f59792, command=[]} | ret=SUCCESS |  
2019-08-22 22:07:37,006 | INFO  | SCMAudit | user=jenkins1000 | ip=192.168.36.125 | op=SEND_HEARTBEAT {datanodeUUID=e0f80305-a2e9-4cc8-bb71-ae23e33e4a24, command=[]} | ret=SUCCESS |  
2019-08-22 22:07:37,181 | INFO  | SCMAudit | user=jenkins1000 | ip=192.168.36.125 | op=SEND_HEARTBEAT {datanodeUUID=622387a1-0ff8-46d2-bb4b-d4ed28560aa4, command=[]} | ret=SUCCESS |  
2019-08-22 22:07:37,220 | INFO  | SCMAudit | user=jenkins1000 | ip=192.168.36.125 | op=SEND_HEARTBEAT {datanodeUUID=da272425-beaf-4e2f-8d68-d332ab7aa6f3, command=[]} | ret=SUCCESS |  
2019-08-22 22:07:37,639 | INFO  | SCMAudit | user=jenkins1000 | ip=192.168.36.125 | op=SEND_HEARTBEAT {datanodeUUID=31687c82-0c07-4c25-b0e4-b592672e89de, command=[]} | ret=SUCCESS |  
2019-08-22 22:07:37,696 | INFO  | SCMAudit | user=jenkins1000 | ip=192.168.36.125 | op=SEND_HEARTBEAT {datanodeUUID=2ad6dd5e-fcd5-41f9-b8db-8caf07d6cf0b, command=[]} | ret=SUCCESS |  
2019-08-22 22:07:37,728 | INFO  | SCMAudit | user=jenkins1000 | ip=192.168.36.125 | op=SEND_HEARTBEAT {datanodeUUID=b8ef9af6-352c-4d21-9a3e-6dd35f0a9afa, command=[]} | ret=SUCCESS |  
2019-08-22 22:07:37,739 [grpc-default-executor-2] INFO  client.GrpcClientProtocolClient (GrpcClientProtocolClient.java:onNext(255)) - client-0A7B88AEA72D->b8ef9af6-352c-4d21-9a3e-6dd35f0a9afa: receive RaftClientReply:client-0A7B88AEA72D->b8ef9af6-352c-4d21-9a3e-6dd35f0a9afa@group-0088140607CC, cid=13, FAILED org.apache.ratis.protocol.NotLeaderException: Server b8ef9af6-352c-4d21-9a3e-6dd35f0a9afa is not the leader (null). Request must be sent to leader., logIndex=0, commits[b8ef9af6-352c-4d21-9a3e-6dd35f0a9afa:c-1]
2019-08-22 22:07:37,929 | INFO  | SCMAudit | user=jenkins1000 | ip=192.168.36.125 | op=SEND_HEARTBEAT {datanodeUUID=362a0f32-a402-49c5-b39d-19ab87f59792, command=[]} | ret=SUCCESS |  
2019-08-22 22:07:38,005 | INFO  | SCMAudit | user=jenkins1000 | ip=192.168.36.125 | op=SEND_HEARTBEAT {datanodeUUID=e0f80305-a2e9-4cc8-bb71-ae23e33e4a24, command=[]} | ret=SUCCESS |  
2019-08-22 22:07:38,181 | INFO  | SCMAudit | user=jenkins1000 | ip=192.168.36.125 | op=SEND_HEARTBEAT {datanodeUUID=622387a1-0ff8-46d2-bb4b-d4ed28560aa4, command=[]} | ret=SUCCESS |  
2019-08-22 22:07:38,221 | INFO  | SCMAudit | user=jenkins1000 | ip=192.168.36.125 | op=SEND_HEARTBEAT {datanodeUUID=da272425-beaf-4e2f-8d68-d332ab7aa6f3, command=[]} | ret=SUCCESS |  
2019-08-22 22:07:38,639 | INFO  | SCMAudit | user=jenkins1000 | ip=192.168.36.125 | op=SEND_HEARTBEAT {datanodeUUID=31687c82-0c07-4c25-b0e4-b592672e89de, command=[]} | ret=SUCCESS |  
2019-08-22 22:07:38,693 | INFO  | SCMAudit | user=jenkins1000 | ip=192.168.36.125 | op=SEND_HEARTBEAT {datanodeUUID=2ad6dd5e-fcd5-41f9-b8db-8caf07d6cf0b, command=[]} | ret=SUCCESS |  
2019-08-22 22:07:38,732 | INFO  | SCMAudit | user=jenkins1000 | ip=192.168.36.125 | op=SEND_HEARTBEAT {datanodeUUID=b8ef9af6-352c-4d21-9a3e-6dd35f0a9afa, command=[]} | ret=SUCCESS |  
2019-08-22 22:07:38,758 [grpc-default-executor-0] INFO  client.GrpcClientProtocolClient (GrpcClientProtocolClient.java:onNext(255)) - client-0A7B88AEA72D->da272425-beaf-4e2f-8d68-d332ab7aa6f3: receive RaftClientReply:client-0A7B88AEA72D->da272425-beaf-4e2f-8d68-d332ab7aa6f3@group-0088140607CC, cid=13, FAILED org.apache.ratis.protocol.NotLeaderException: Server da272425-beaf-4e2f-8d68-d332ab7aa6f3 is not the leader (null). Request must be sent to leader., logIndex=0, commits[da272425-beaf-4e2f-8d68-d332ab7aa6f3:c-1]
2019-08-22 22:07:38,926 | INFO  | SCMAudit | user=jenkins1000 | ip=192.168.36.125 | op=SEND_HEARTBEAT {datanodeUUID=362a0f32-a402-49c5-b39d-19ab87f59792, command=[]} | ret=SUCCESS |  
2019-08-22 22:07:39,004 | INFO  | SCMAudit | user=jenkins1000 | ip=192.168.36.125 | op=SEND_HEARTBEAT {datanodeUUID=e0f80305-a2e9-4cc8-bb71-ae23e33e4a24, command=[]} | ret=SUCCESS |  
2019-08-22 22:07:39,178 | INFO  | SCMAudit | user=jenkins1000 | ip=192.168.36.125 | op=SEND_HEARTBEAT {datanodeUUID=622387a1-0ff8-46d2-bb4b-d4ed28560aa4, command=[]} | ret=SUCCESS |  
2019-08-22 22:07:39,218 | INFO  | SCMAudit | user=jenkins1000 | ip=192.168.36.125 | op=SEND_HEARTBEAT {datanodeUUID=da272425-beaf-4e2f-8d68-d332ab7aa6f3, command=[]} | ret=SUCCESS |  
2019-08-22 22:07:39,638 | INFO  | SCMAudit | user=jenkins1000 | ip=192.168.36.125 | op=SEND_HEARTBEAT {datanodeUUID=31687c82-0c07-4c25-b0e4-b592672e89de, command=[]} | ret=SUCCESS |  
2019-08-22 22:07:39,691 | INFO  | SCMAudit | user=jenkins1000 | ip=192.168.36.125 | op=SEND_HEARTBEAT {datanodeUUID=2ad6dd5e-fcd5-41f9-b8db-8caf07d6cf0b, command=[]} | ret=SUCCESS |  
2019-08-22 22:07:39,726 | INFO  | SCMAudit | user=jenkins1000 | ip=192.168.36.125 | op=SEND_HEARTBEAT {datanodeUUID=b8ef9af6-352c-4d21-9a3e-6dd35f0a9afa, command=[]} | ret=SUCCESS |  
2019-08-22 22:07:39,782 [grpc-default-executor-2] INFO  client.GrpcClientProtocolClient (GrpcClientProtocolClient.java:onNext(255)) - client-0A7B88AEA72D->b8ef9af6-352c-4d21-9a3e-6dd35f0a9afa: receive RaftClientReply:client-0A7B88AEA72D->b8ef9af6-352c-4d21-9a3e-6dd35f0a9afa@group-0088140607CC, cid=13, FAILED org.apache.ratis.protocol.NotLeaderException: Server b8ef9af6-352c-4d21-9a3e-6dd35f0a9afa is not the leader (null). Request must be sent to leader., logIndex=0, commits[b8ef9af6-352c-4d21-9a3e-6dd35f0a9afa:c-1]
2019-08-22 22:07:39,929 | INFO  | SCMAudit | user=jenkins1000 | ip=192.168.36.125 | op=SEND_HEARTBEAT {datanodeUUID=362a0f32-a402-49c5-b39d-19ab87f59792, command=[]} | ret=SUCCESS |  
2019-08-22 22:07:40,004 | INFO  | SCMAudit | user=jenkins1000 | ip=192.168.36.125 | op=SEND_HEARTBEAT {datanodeUUID=e0f80305-a2e9-4cc8-bb71-ae23e33e4a24, command=[]} | ret=SUCCESS |  
2019-08-22 22:07:40,179 | INFO  | SCMAudit | user=jenkins1000 | ip=192.168.36.125 | op=SEND_HEARTBEAT {datanodeUUID=622387a1-0ff8-46d2-bb4b-d4ed28560aa4, command=[]} | ret=SUCCESS |  
2019-08-22 22:07:40,208 [Thread-239] INFO  impl.FollowerState (FollowerState.java:run(106)) - b8ef9af6-352c-4d21-9a3e-6dd35f0a9afa:group-E1510D284E78 changes to CANDIDATE, lastRpcTime:5049, electionTimeout:5048ms
2019-08-22 22:07:40,212 [Thread-239] INFO  impl.RoleInfo (RoleInfo.java:shutdownFollowerState(121)) - b8ef9af6-352c-4d21-9a3e-6dd35f0a9afa: shutdown FollowerState
2019-08-22 22:07:40,213 [Thread-239] INFO  impl.RaftServerImpl (RaftServerImpl.java:setRole(171)) - b8ef9af6-352c-4d21-9a3e-6dd35f0a9afa:group-E1510D284E78 changes role from FOLLOWER to CANDIDATE at term 0 for changeToCandidate
2019-08-22 22:07:40,220 [Thread-239] INFO  impl.RoleInfo (RoleInfo.java:updateAndGet(143)) - b8ef9af6-352c-4d21-9a3e-6dd35f0a9afa: start LeaderElection
2019-08-22 22:07:40,221 | INFO  | SCMAudit | user=jenkins1000 | ip=192.168.36.125 | op=SEND_HEARTBEAT {datanodeUUID=da272425-beaf-4e2f-8d68-d332ab7aa6f3, command=[]} | ret=SUCCESS |  
2019-08-22 22:07:40,253 [b8ef9af6-352c-4d21-9a3e-6dd35f0a9afa:group-E1510D284E78:LeaderElection1] INFO  impl.LeaderElection (LeaderElection.java:askForVotes(181)) - b8ef9af6-352c-4d21-9a3e-6dd35f0a9afa:group-E1510D284E78:LeaderElection1: begin an election at term 1 for -1: [b8ef9af6-352c-4d21-9a3e-6dd35f0a9afa:192.168.36.125:34128], old=null
2019-08-22 22:07:40,258 [b8ef9af6-352c-4d21-9a3e-6dd35f0a9afa:group-E1510D284E78:LeaderElection1] INFO  impl.RoleInfo (RoleInfo.java:shutdownLeaderElection(134)) - b8ef9af6-352c-4d21-9a3e-6dd35f0a9afa: shutdown LeaderElection
2019-08-22 22:07:40,259 [b8ef9af6-352c-4d21-9a3e-6dd35f0a9afa:group-E1510D284E78:LeaderElection1] INFO  impl.RaftServerImpl (RaftServerImpl.java:setRole(171)) - b8ef9af6-352c-4d21-9a3e-6dd35f0a9afa:group-E1510D284E78 changes role from CANDIDATE to LEADER at term 1 for changeToLeader
2019-08-22 22:07:40,259 [b8ef9af6-352c-4d21-9a3e-6dd35f0a9afa:group-E1510D284E78:LeaderElection1] INFO  impl.RaftServerImpl (ServerState.java:setLeader(263)) - b8ef9af6-352c-4d21-9a3e-6dd35f0a9afa:group-E1510D284E78 change Leader from null to b8ef9af6-352c-4d21-9a3e-6dd35f0a9afa at term 1 for becomeLeader, leader elected after 5204ms
2019-08-22 22:07:40,270 [b8ef9af6-352c-4d21-9a3e-6dd35f0a9afa:group-E1510D284E78:LeaderElection1] INFO  server.RaftServerConfigKeys (ConfUtils.java:logGet(43)) - raft.server.staging.catchup.gap = 1000 (default)
2019-08-22 22:07:40,270 [b8ef9af6-352c-4d21-9a3e-6dd35f0a9afa:group-E1510D284E78:LeaderElection1] INFO  server.RaftServerConfigKeys (ConfUtils.java:logGet(43)) - raft.server.rpc.sleep.time = 25ms (default)
2019-08-22 22:07:40,274 [b8ef9af6-352c-4d21-9a3e-6dd35f0a9afa:group-E1510D284E78:LeaderElection1] INFO  server.RaftServerConfigKeys (ConfUtils.java:logGet(43)) - raft.server.write.element-limit = 4096 (default)
2019-08-22 22:07:40,278 [b8ef9af6-352c-4d21-9a3e-6dd35f0a9afa:group-E1510D284E78:LeaderElection1] INFO  server.RaftServerConfigKeys (ConfUtils.java:logGet(43)) - raft.server.watch.timeout = 10s (default)
2019-08-22 22:07:40,278 [b8ef9af6-352c-4d21-9a3e-6dd35f0a9afa:group-E1510D284E78:LeaderElection1] INFO  server.RaftServerConfigKeys (ConfUtils.java:logGet(43)) - raft.server.watch.timeout.denomination = 1s (default)
2019-08-22 22:07:40,280 [b8ef9af6-352c-4d21-9a3e-6dd35f0a9afa:group-E1510D284E78:LeaderElection1] INFO  server.RaftServerConfigKeys (ConfUtils.java:logGet(43)) - raft.server.watch.element-limit = 65536 (default)
2019-08-22 22:07:40,292 [b8ef9af6-352c-4d21-9a3e-6dd35f0a9afa:group-E1510D284E78:LeaderElection1] INFO  impl.RoleInfo (RoleInfo.java:updateAndGet(143)) - b8ef9af6-352c-4d21-9a3e-6dd35f0a9afa: start LeaderState
2019-08-22 22:07:40,322 [b8ef9af6-352c-4d21-9a3e-6dd35f0a9afa:group-E1510D284E78:LeaderElection1] INFO  segmented.SegmentedRaftLogWorker (SegmentedRaftLogWorker.java:startLogSegment(380)) - b8ef9af6-352c-4d21-9a3e-6dd35f0a9afa-SegmentedRaftLogWorker:Storage Directory /workdir/hadoop-ozone/integration-test/target/test-dir/MiniOzoneClusterImpl-a7d5ff65-5e52-402f-8358-0c413c1a32d7/datanode-0/data/ratis/c909061c-0ea9-4d3a-9ff6-e1510d284e78: Starting segment from index:0
2019-08-22 22:07:40,337 [b8ef9af6-352c-4d21-9a3e-6dd35f0a9afa:group-E1510D284E78:LeaderElection1] INFO  impl.RaftServerImpl (ServerState.java:setRaftConf(361)) - b8ef9af6-352c-4d21-9a3e-6dd35f0a9afa:group-E1510D284E78 set configuration 0: [b8ef9af6-352c-4d21-9a3e-6dd35f0a9afa:192.168.36.125:34128], old=null at 0
2019-08-22 22:07:40,547 [b8ef9af6-352c-4d21-9a3e-6dd35f0a9afa-SegmentedRaftLogWorker:Storage Directory /workdir/hadoop-ozone/integration-test/target/test-dir/MiniOzoneClusterImpl-a7d5ff65-5e52-402f-8358-0c413c1a32d7/datanode-0/data/ratis/c909061c-0ea9-4d3a-9ff6-e1510d284e78] INFO  segmented.SegmentedRaftLogWorker (SegmentedRaftLogWorker.java:execute(569)) - b8ef9af6-352c-4d21-9a3e-6dd35f0a9afa-SegmentedRaftLogWorker:Storage Directory /workdir/hadoop-ozone/integration-test/target/test-dir/MiniOzoneClusterImpl-a7d5ff65-5e52-402f-8358-0c413c1a32d7/datanode-0/data/ratis/c909061c-0ea9-4d3a-9ff6-e1510d284e78: created new log segment /workdir/hadoop-ozone/integration-test/target/test-dir/MiniOzoneClusterImpl-a7d5ff65-5e52-402f-8358-0c413c1a32d7/datanode-0/data/ratis/c909061c-0ea9-4d3a-9ff6-e1510d284e78/current/log_inprogress_0
2019-08-22 22:07:40,550 [Thread-242] INFO  impl.FollowerState (FollowerState.java:run(106)) - da272425-beaf-4e2f-8d68-d332ab7aa6f3:group-56EDDA7CE103 changes to CANDIDATE, lastRpcTime:5189, electionTimeout:5187ms
2019-08-22 22:07:40,552 [Thread-242] INFO  impl.RoleInfo (RoleInfo.java:shutdownFollowerState(121)) - da272425-beaf-4e2f-8d68-d332ab7aa6f3: shutdown FollowerState
2019-08-22 22:07:40,552 [Thread-242] INFO  impl.RaftServerImpl (RaftServerImpl.java:setRole(171)) - da272425-beaf-4e2f-8d68-d332ab7aa6f3:group-56EDDA7CE103 changes role from FOLLOWER to CANDIDATE at term 0 for changeToCandidate
2019-08-22 22:07:40,552 [Thread-242] INFO  impl.RoleInfo (RoleInfo.java:updateAndGet(143)) - da272425-beaf-4e2f-8d68-d332ab7aa6f3: start LeaderElection
2019-08-22 22:07:40,579 [da272425-beaf-4e2f-8d68-d332ab7aa6f3:group-56EDDA7CE103:LeaderElection2] INFO  impl.LeaderElection (LeaderElection.java:askForVotes(181)) - da272425-beaf-4e2f-8d68-d332ab7aa6f3:group-56EDDA7CE103:LeaderElection2: begin an election at term 1 for -1: [da272425-beaf-4e2f-8d68-d332ab7aa6f3:192.168.36.125:45418], old=null
2019-08-22 22:07:40,589 [da272425-beaf-4e2f-8d68-d332ab7aa6f3:group-56EDDA7CE103:LeaderElection2] INFO  impl.RoleInfo (RoleInfo.java:shutdownLeaderElection(134)) - da272425-beaf-4e2f-8d68-d332ab7aa6f3: shutdown LeaderElection
2019-08-22 22:07:40,589 [da272425-beaf-4e2f-8d68-d332ab7aa6f3:group-56EDDA7CE103:LeaderElection2] INFO  impl.RaftServerImpl (RaftServerImpl.java:setRole(171)) - da272425-beaf-4e2f-8d68-d332ab7aa6f3:group-56EDDA7CE103 changes role from CANDIDATE to LEADER at term 1 for changeToLeader
2019-08-22 22:07:40,589 [da272425-beaf-4e2f-8d68-d332ab7aa6f3:group-56EDDA7CE103:LeaderElection2] INFO  impl.RaftServerImpl (ServerState.java:setLeader(263)) - da272425-beaf-4e2f-8d68-d332ab7aa6f3:group-56EDDA7CE103 change Leader from null to da272425-beaf-4e2f-8d68-d332ab7aa6f3 at term 1 for becomeLeader, leader elected after 5238ms
2019-08-22 22:07:40,591 [da272425-beaf-4e2f-8d68-d332ab7aa6f3:group-56EDDA7CE103:LeaderElection2] INFO  server.RaftServerConfigKeys (ConfUtils.java:logGet(43)) - raft.server.staging.catchup.gap = 1000 (default)
2019-08-22 22:07:40,592 [da272425-beaf-4e2f-8d68-d332ab7aa6f3:group-56EDDA7CE103:LeaderElection2] INFO  server.RaftServerConfigKeys (ConfUtils.java:logGet(43)) - raft.server.rpc.sleep.time = 25ms (default)
2019-08-22 22:07:40,592 [da272425-beaf-4e2f-8d68-d332ab7aa6f3:group-56EDDA7CE103:LeaderElection2] INFO  server.RaftServerConfigKeys (ConfUtils.java:logGet(43)) - raft.server.write.element-limit = 4096 (default)
2019-08-22 22:07:40,592 [da272425-beaf-4e2f-8d68-d332ab7aa6f3:group-56EDDA7CE103:LeaderElection2] INFO  server.RaftServerConfigKeys (ConfUtils.java:logGet(43)) - raft.server.watch.timeout = 10s (default)
2019-08-22 22:07:40,592 [da272425-beaf-4e2f-8d68-d332ab7aa6f3:group-56EDDA7CE103:LeaderElection2] INFO  server.RaftServerConfigKeys (ConfUtils.java:logGet(43)) - raft.server.watch.timeout.denomination = 1s (default)
2019-08-22 22:07:40,593 [da272425-beaf-4e2f-8d68-d332ab7aa6f3:group-56EDDA7CE103:LeaderElection2] INFO  server.RaftServerConfigKeys (ConfUtils.java:logGet(43)) - raft.server.watch.element-limit = 65536 (default)
2019-08-22 22:07:40,593 [da272425-beaf-4e2f-8d68-d332ab7aa6f3:group-56EDDA7CE103:LeaderElection2] INFO  impl.RoleInfo (RoleInfo.java:updateAndGet(143)) - da272425-beaf-4e2f-8d68-d332ab7aa6f3: start LeaderState
2019-08-22 22:07:40,593 [da272425-beaf-4e2f-8d68-d332ab7aa6f3:group-56EDDA7CE103:LeaderElection2] INFO  segmented.SegmentedRaftLogWorker (SegmentedRaftLogWorker.java:startLogSegment(380)) - da272425-beaf-4e2f-8d68-d332ab7aa6f3-SegmentedRaftLogWorker:Storage Directory /workdir/hadoop-ozone/integration-test/target/test-dir/MiniOzoneClusterImpl-a7d5ff65-5e52-402f-8358-0c413c1a32d7/datanode-6/data/ratis/a0919506-168a-4eb0-88b0-56edda7ce103: Starting segment from index:0
2019-08-22 22:07:40,594 [da272425-beaf-4e2f-8d68-d332ab7aa6f3:group-56EDDA7CE103:LeaderElection2] INFO  impl.RaftServerImpl (ServerState.java:setRaftConf(361)) - da272425-beaf-4e2f-8d68-d332ab7aa6f3:group-56EDDA7CE103 set configuration 0: [da272425-beaf-4e2f-8d68-d332ab7aa6f3:192.168.36.125:45418], old=null at 0
2019-08-22 22:07:40,632 [Thread-245] INFO  impl.FollowerState (FollowerState.java:run(106)) - e0f80305-a2e9-4cc8-bb71-ae23e33e4a24:group-0E4F0E535AB0 changes to CANDIDATE, lastRpcTime:5155, electionTimeout:5151ms
2019-08-22 22:07:40,635 [Thread-245] INFO  impl.RoleInfo (RoleInfo.java:shutdownFollowerState(121)) - e0f80305-a2e9-4cc8-bb71-ae23e33e4a24: shutdown FollowerState
2019-08-22 22:07:40,635 [Thread-245] INFO  impl.RaftServerImpl (RaftServerImpl.java:setRole(171)) - e0f80305-a2e9-4cc8-bb71-ae23e33e4a24:group-0E4F0E535AB0 changes role from FOLLOWER to CANDIDATE at term 0 for changeToCandidate
2019-08-22 22:07:40,635 [Thread-245] INFO  impl.RoleInfo (RoleInfo.java:updateAndGet(143)) - e0f80305-a2e9-4cc8-bb71-ae23e33e4a24: start LeaderElection
2019-08-22 22:07:40,643 | INFO  | SCMAudit | user=jenkins1000 | ip=192.168.36.125 | op=SEND_HEARTBEAT {datanodeUUID=31687c82-0c07-4c25-b0e4-b592672e89de, command=[]} | ret=SUCCESS |  
2019-08-22 22:07:40,653 [Thread-248] INFO  impl.FollowerState (FollowerState.java:run(106)) - 622387a1-0ff8-46d2-bb4b-d4ed28560aa4:group-BC16145BB9FE changes to CANDIDATE, lastRpcTime:5062, electionTimeout:5062ms
2019-08-22 22:07:40,654 [Thread-248] INFO  impl.RoleInfo (RoleInfo.java:shutdownFollowerState(121)) - 622387a1-0ff8-46d2-bb4b-d4ed28560aa4: shutdown FollowerState
2019-08-22 22:07:40,654 [Thread-248] INFO  impl.RaftServerImpl (RaftServerImpl.java:setRole(171)) - 622387a1-0ff8-46d2-bb4b-d4ed28560aa4:group-BC16145BB9FE changes role from FOLLOWER to CANDIDATE at term 0 for changeToCandidate
2019-08-22 22:07:40,654 [Thread-248] INFO  impl.RoleInfo (RoleInfo.java:updateAndGet(143)) - 622387a1-0ff8-46d2-bb4b-d4ed28560aa4: start LeaderElection
2019-08-22 22:07:40,662 [da272425-beaf-4e2f-8d68-d332ab7aa6f3-SegmentedRaftLogWorker:Storage Directory /workdir/hadoop-ozone/integration-test/target/test-dir/MiniOzoneClusterImpl-a7d5ff65-5e52-402f-8358-0c413c1a32d7/datanode-6/data/ratis/a0919506-168a-4eb0-88b0-56edda7ce103] INFO  segmented.SegmentedRaftLogWorker (SegmentedRaftLogWorker.java:execute(569)) - da272425-beaf-4e2f-8d68-d332ab7aa6f3-SegmentedRaftLogWorker:Storage Directory /workdir/hadoop-ozone/integration-test/target/test-dir/MiniOzoneClusterImpl-a7d5ff65-5e52-402f-8358-0c413c1a32d7/datanode-6/data/ratis/a0919506-168a-4eb0-88b0-56edda7ce103: created new log segment /workdir/hadoop-ozone/integration-test/target/test-dir/MiniOzoneClusterImpl-a7d5ff65-5e52-402f-8358-0c413c1a32d7/datanode-6/data/ratis/a0919506-168a-4eb0-88b0-56edda7ce103/current/log_inprogress_0
2019-08-22 22:07:40,662 [e0f80305-a2e9-4cc8-bb71-ae23e33e4a24:group-0E4F0E535AB0:LeaderElection3] INFO  impl.LeaderElection (LeaderElection.java:askForVotes(181)) - e0f80305-a2e9-4cc8-bb71-ae23e33e4a24:group-0E4F0E535AB0:LeaderElection3: begin an election at term 1 for -1: [e0f80305-a2e9-4cc8-bb71-ae23e33e4a24:192.168.36.125:34759], old=null
2019-08-22 22:07:40,662 [e0f80305-a2e9-4cc8-bb71-ae23e33e4a24:group-0E4F0E535AB0:LeaderElection3] INFO  impl.RoleInfo (RoleInfo.java:shutdownLeaderElection(134)) - e0f80305-a2e9-4cc8-bb71-ae23e33e4a24: shutdown LeaderElection
2019-08-22 22:07:40,662 [e0f80305-a2e9-4cc8-bb71-ae23e33e4a24:group-0E4F0E535AB0:LeaderElection3] INFO  impl.RaftServerImpl (RaftServerImpl.java:setRole(171)) - e0f80305-a2e9-4cc8-bb71-ae23e33e4a24:group-0E4F0E535AB0 changes role from CANDIDATE to LEADER at term 1 for changeToLeader
2019-08-22 22:07:40,662 [e0f80305-a2e9-4cc8-bb71-ae23e33e4a24:group-0E4F0E535AB0:LeaderElection3] INFO  impl.RaftServerImpl (ServerState.java:setLeader(263)) - e0f80305-a2e9-4cc8-bb71-ae23e33e4a24:group-0E4F0E535AB0 change Leader from null to e0f80305-a2e9-4cc8-bb71-ae23e33e4a24 at term 1 for becomeLeader, leader elected after 5193ms
2019-08-22 22:07:40,665 [e0f80305-a2e9-4cc8-bb71-ae23e33e4a24:group-0E4F0E535AB0:LeaderElection3] INFO  server.RaftServerConfigKeys (ConfUtils.java:logGet(43)) - raft.server.staging.catchup.gap = 1000 (default)
2019-08-22 22:07:40,665 [e0f80305-a2e9-4cc8-bb71-ae23e33e4a24:group-0E4F0E535AB0:LeaderElection3] INFO  server.RaftServerConfigKeys (ConfUtils.java:logGet(43)) - raft.server.rpc.sleep.time = 25ms (default)
2019-08-22 22:07:40,665 [e0f80305-a2e9-4cc8-bb71-ae23e33e4a24:group-0E4F0E535AB0:LeaderElection3] INFO  server.RaftServerConfigKeys (ConfUtils.java:logGet(43)) - raft.server.write.element-limit = 4096 (default)
2019-08-22 22:07:40,666 [e0f80305-a2e9-4cc8-bb71-ae23e33e4a24:group-0E4F0E535AB0:LeaderElection3] INFO  server.RaftServerConfigKeys (ConfUtils.java:logGet(43)) - raft.server.watch.timeout = 10s (default)
2019-08-22 22:07:40,666 [e0f80305-a2e9-4cc8-bb71-ae23e33e4a24:group-0E4F0E535AB0:LeaderElection3] INFO  server.RaftServerConfigKeys (ConfUtils.java:logGet(43)) - raft.server.watch.timeout.denomination = 1s (default)
2019-08-22 22:07:40,666 [e0f80305-a2e9-4cc8-bb71-ae23e33e4a24:group-0E4F0E535AB0:LeaderElection3] INFO  server.RaftServerConfigKeys (ConfUtils.java:logGet(43)) - raft.server.watch.element-limit = 65536 (default)
2019-08-22 22:07:40,666 [e0f80305-a2e9-4cc8-bb71-ae23e33e4a24:group-0E4F0E535AB0:LeaderElection3] INFO  impl.RoleInfo (RoleInfo.java:updateAndGet(143)) - e0f80305-a2e9-4cc8-bb71-ae23e33e4a24: start LeaderState
2019-08-22 22:07:40,667 [e0f80305-a2e9-4cc8-bb71-ae23e33e4a24:group-0E4F0E535AB0:LeaderElection3] INFO  segmented.SegmentedRaftLogWorker (SegmentedRaftLogWorker.java:startLogSegment(380)) - e0f80305-a2e9-4cc8-bb71-ae23e33e4a24-SegmentedRaftLogWorker:Storage Directory /workdir/hadoop-ozone/integration-test/target/test-dir/MiniOzoneClusterImpl-a7d5ff65-5e52-402f-8358-0c413c1a32d7/datanode-5/data/ratis/4910d24a-e7d1-40a2-8b39-0e4f0e535ab0: Starting segment from index:0
2019-08-22 22:07:40,668 [e0f80305-a2e9-4cc8-bb71-ae23e33e4a24:group-0E4F0E535AB0:LeaderElection3] INFO  impl.RaftServerImpl (ServerState.java:setRaftConf(361)) - e0f80305-a2e9-4cc8-bb71-ae23e33e4a24:group-0E4F0E535AB0 set configuration 0: [e0f80305-a2e9-4cc8-bb71-ae23e33e4a24:192.168.36.125:34759], old=null at 0
2019-08-22 22:07:40,699 [622387a1-0ff8-46d2-bb4b-d4ed28560aa4:group-BC16145BB9FE:LeaderElection4] INFO  impl.LeaderElection (LeaderElection.java:askForVotes(181)) - 622387a1-0ff8-46d2-bb4b-d4ed28560aa4:group-BC16145BB9FE:LeaderElection4: begin an election at term 1 for -1: [622387a1-0ff8-46d2-bb4b-d4ed28560aa4:192.168.36.125:40753], old=null
2019-08-22 22:07:40,701 [622387a1-0ff8-46d2-bb4b-d4ed28560aa4:group-BC16145BB9FE:LeaderElection4] INFO  impl.RoleInfo (RoleInfo.java:shutdownLeaderElection(134)) - 622387a1-0ff8-46d2-bb4b-d4ed28560aa4: shutdown LeaderElection
2019-08-22 22:07:40,702 [622387a1-0ff8-46d2-bb4b-d4ed28560aa4:group-BC16145BB9FE:LeaderElection4] INFO  impl.RaftServerImpl (RaftServerImpl.java:setRole(171)) - 622387a1-0ff8-46d2-bb4b-d4ed28560aa4:group-BC16145BB9FE changes role from CANDIDATE to LEADER at term 1 for changeToLeader
2019-08-22 22:07:40,702 [622387a1-0ff8-46d2-bb4b-d4ed28560aa4:group-BC16145BB9FE:LeaderElection4] INFO  impl.RaftServerImpl (ServerState.java:setLeader(263)) - 622387a1-0ff8-46d2-bb4b-d4ed28560aa4:group-BC16145BB9FE change Leader from null to 622387a1-0ff8-46d2-bb4b-d4ed28560aa4 at term 1 for becomeLeader, leader elected after 5114ms
2019-08-22 22:07:40,704 [622387a1-0ff8-46d2-bb4b-d4ed28560aa4:group-BC16145BB9FE:LeaderElection4] INFO  server.RaftServerConfigKeys (ConfUtils.java:logGet(43)) - raft.server.staging.catchup.gap = 1000 (default)
2019-08-22 22:07:40,704 [622387a1-0ff8-46d2-bb4b-d4ed28560aa4:group-BC16145BB9FE:LeaderElection4] INFO  server.RaftServerConfigKeys (ConfUtils.java:logGet(43)) - raft.server.rpc.sleep.time = 25ms (default)
2019-08-22 22:07:40,704 | INFO  | SCMAudit | user=jenkins1000 | ip=192.168.36.125 | op=SEND_HEARTBEAT {datanodeUUID=2ad6dd5e-fcd5-41f9-b8db-8caf07d6cf0b, command=[]} | ret=SUCCESS |  
2019-08-22 22:07:40,704 [622387a1-0ff8-46d2-bb4b-d4ed28560aa4:group-BC16145BB9FE:LeaderElection4] INFO  server.RaftServerConfigKeys (ConfUtils.java:logGet(43)) - raft.server.write.element-limit = 4096 (default)
2019-08-22 22:07:40,705 [622387a1-0ff8-46d2-bb4b-d4ed28560aa4:group-BC16145BB9FE:LeaderElection4] INFO  server.RaftServerConfigKeys (ConfUtils.java:logGet(43)) - raft.server.watch.timeout = 10s (default)
2019-08-22 22:07:40,705 [622387a1-0ff8-46d2-bb4b-d4ed28560aa4:group-BC16145BB9FE:LeaderElection4] INFO  server.RaftServerConfigKeys (ConfUtils.java:logGet(43)) - raft.server.watch.timeout.denomination = 1s (default)
2019-08-22 22:07:40,705 [622387a1-0ff8-46d2-bb4b-d4ed28560aa4:group-BC16145BB9FE:LeaderElection4] INFO  server.RaftServerConfigKeys (ConfUtils.java:logGet(43)) - raft.server.watch.element-limit = 65536 (default)
2019-08-22 22:07:40,705 [622387a1-0ff8-46d2-bb4b-d4ed28560aa4:group-BC16145BB9FE:LeaderElection4] INFO  impl.RoleInfo (RoleInfo.java:updateAndGet(143)) - 622387a1-0ff8-46d2-bb4b-d4ed28560aa4: start LeaderState
2019-08-22 22:07:40,706 [622387a1-0ff8-46d2-bb4b-d4ed28560aa4:group-BC16145BB9FE:LeaderElection4] INFO  segmented.SegmentedRaftLogWorker (SegmentedRaftLogWorker.java:startLogSegment(380)) - 622387a1-0ff8-46d2-bb4b-d4ed28560aa4-SegmentedRaftLogWorker:Storage Directory /workdir/hadoop-ozone/integration-test/target/test-dir/MiniOzoneClusterImpl-a7d5ff65-5e52-402f-8358-0c413c1a32d7/datanode-2/data/ratis/12f227e6-925b-4d66-a994-bc16145bb9fe: Starting segment from index:0
2019-08-22 22:07:40,706 [622387a1-0ff8-46d2-bb4b-d4ed28560aa4:group-BC16145BB9FE:LeaderElection4] INFO  impl.RaftServerImpl (ServerState.java:setRaftConf(361)) - 622387a1-0ff8-46d2-bb4b-d4ed28560aa4:group-BC16145BB9FE set configuration 0: [622387a1-0ff8-46d2-bb4b-d4ed28560aa4:192.168.36.125:40753], old=null at 0
2019-08-22 22:07:40,713 [e0f80305-a2e9-4cc8-bb71-ae23e33e4a24-SegmentedRaftLogWorker:Storage Directory /workdir/hadoop-ozone/integration-test/target/test-dir/MiniOzoneClusterImpl-a7d5ff65-5e52-402f-8358-0c413c1a32d7/datanode-5/data/ratis/4910d24a-e7d1-40a2-8b39-0e4f0e535ab0] INFO  segmented.SegmentedRaftLogWorker (SegmentedRaftLogWorker.java:execute(569)) - e0f80305-a2e9-4cc8-bb71-ae23e33e4a24-SegmentedRaftLogWorker:Storage Directory /workdir/hadoop-ozone/integration-test/target/test-dir/MiniOzoneClusterImpl-a7d5ff65-5e52-402f-8358-0c413c1a32d7/datanode-5/data/ratis/4910d24a-e7d1-40a2-8b39-0e4f0e535ab0: created new log segment /workdir/hadoop-ozone/integration-test/target/test-dir/MiniOzoneClusterImpl-a7d5ff65-5e52-402f-8358-0c413c1a32d7/datanode-5/data/ratis/4910d24a-e7d1-40a2-8b39-0e4f0e535ab0/current/log_inprogress_0
2019-08-22 22:07:40,726 | INFO  | SCMAudit | user=jenkins1000 | ip=192.168.36.125 | op=SEND_HEARTBEAT {datanodeUUID=b8ef9af6-352c-4d21-9a3e-6dd35f0a9afa, command=[]} | ret=SUCCESS |  
2019-08-22 22:07:40,772 [622387a1-0ff8-46d2-bb4b-d4ed28560aa4-SegmentedRaftLogWorker:Storage Directory /workdir/hadoop-ozone/integration-test/target/test-dir/MiniOzoneClusterImpl-a7d5ff65-5e52-402f-8358-0c413c1a32d7/datanode-2/data/ratis/12f227e6-925b-4d66-a994-bc16145bb9fe] INFO  segmented.SegmentedRaftLogWorker (SegmentedRaftLogWorker.java:execute(569)) - 622387a1-0ff8-46d2-bb4b-d4ed28560aa4-SegmentedRaftLogWorker:Storage Directory /workdir/hadoop-ozone/integration-test/target/test-dir/MiniOzoneClusterImpl-a7d5ff65-5e52-402f-8358-0c413c1a32d7/datanode-2/data/ratis/12f227e6-925b-4d66-a994-bc16145bb9fe: created new log segment /workdir/hadoop-ozone/integration-test/target/test-dir/MiniOzoneClusterImpl-a7d5ff65-5e52-402f-8358-0c413c1a32d7/datanode-2/data/ratis/12f227e6-925b-4d66-a994-bc16145bb9fe/current/log_inprogress_0
2019-08-22 22:07:40,809 [grpc-default-executor-2] INFO  client.GrpcClientProtocolClient (GrpcClientProtocolClient.java:onNext(255)) - client-0A7B88AEA72D->e0f80305-a2e9-4cc8-bb71-ae23e33e4a24: receive RaftClientReply:client-0A7B88AEA72D->e0f80305-a2e9-4cc8-bb71-ae23e33e4a24@group-0088140607CC, cid=13, FAILED org.apache.ratis.protocol.NotLeaderException: Server e0f80305-a2e9-4cc8-bb71-ae23e33e4a24 is not the leader (null). Request must be sent to leader., logIndex=0, commits[e0f80305-a2e9-4cc8-bb71-ae23e33e4a24:c-1]
2019-08-22 22:07:40,827 [Thread-251] INFO  impl.FollowerState (FollowerState.java:run(106)) - 2ad6dd5e-fcd5-41f9-b8db-8caf07d6cf0b:group-E00C3C9CCE27 changes to CANDIDATE, lastRpcTime:5152, electionTimeout:5152ms
2019-08-22 22:07:40,829 [Thread-251] INFO  impl.RoleInfo (RoleInfo.java:shutdownFollowerState(121)) - 2ad6dd5e-fcd5-41f9-b8db-8caf07d6cf0b: shutdown FollowerState
2019-08-22 22:07:40,829 [Thread-251] INFO  impl.RaftServerImpl (RaftServerImpl.java:setRole(171)) - 2ad6dd5e-fcd5-41f9-b8db-8caf07d6cf0b:group-E00C3C9CCE27 changes role from FOLLOWER to CANDIDATE at term 0 for changeToCandidate
2019-08-22 22:07:40,829 [Thread-251] INFO  impl.RoleInfo (RoleInfo.java:updateAndGet(143)) - 2ad6dd5e-fcd5-41f9-b8db-8caf07d6cf0b: start LeaderElection
2019-08-22 22:07:40,861 [2ad6dd5e-fcd5-41f9-b8db-8caf07d6cf0b:group-E00C3C9CCE27:LeaderElection5] INFO  impl.LeaderElection (LeaderElection.java:askForVotes(181)) - 2ad6dd5e-fcd5-41f9-b8db-8caf07d6cf0b:group-E00C3C9CCE27:LeaderElection5: begin an election at term 1 for -1: [2ad6dd5e-fcd5-41f9-b8db-8caf07d6cf0b:192.168.36.125:34484], old=null
2019-08-22 22:07:40,863 [2ad6dd5e-fcd5-41f9-b8db-8caf07d6cf0b:group-E00C3C9CCE27:LeaderElection5] INFO  impl.RoleInfo (RoleInfo.java:shutdownLeaderElection(134)) - 2ad6dd5e-fcd5-41f9-b8db-8caf07d6cf0b: shutdown LeaderElection
2019-08-22 22:07:40,863 [2ad6dd5e-fcd5-41f9-b8db-8caf07d6cf0b:group-E00C3C9CCE27:LeaderElection5] INFO  impl.RaftServerImpl (RaftServerImpl.java:setRole(171)) - 2ad6dd5e-fcd5-41f9-b8db-8caf07d6cf0b:group-E00C3C9CCE27 changes role from CANDIDATE to LEADER at term 1 for changeToLeader
2019-08-22 22:07:40,863 [2ad6dd5e-fcd5-41f9-b8db-8caf07d6cf0b:group-E00C3C9CCE27:LeaderElection5] INFO  impl.RaftServerImpl (ServerState.java:setLeader(263)) - 2ad6dd5e-fcd5-41f9-b8db-8caf07d6cf0b:group-E00C3C9CCE27 change Leader from null to 2ad6dd5e-fcd5-41f9-b8db-8caf07d6cf0b at term 1 for becomeLeader, leader elected after 5192ms
2019-08-22 22:07:40,865 [2ad6dd5e-fcd5-41f9-b8db-8caf07d6cf0b:group-E00C3C9CCE27:LeaderElection5] INFO  server.RaftServerConfigKeys (ConfUtils.java:logGet(43)) - raft.server.staging.catchup.gap = 1000 (default)
2019-08-22 22:07:40,865 [2ad6dd5e-fcd5-41f9-b8db-8caf07d6cf0b:group-E00C3C9CCE27:LeaderElection5] INFO  server.RaftServerConfigKeys (ConfUtils.java:logGet(43)) - raft.server.rpc.sleep.time = 25ms (default)
2019-08-22 22:07:40,866 [2ad6dd5e-fcd5-41f9-b8db-8caf07d6cf0b:group-E00C3C9CCE27:LeaderElection5] INFO  server.RaftServerConfigKeys (ConfUtils.java:logGet(43)) - raft.server.write.element-limit = 4096 (default)
2019-08-22 22:07:40,866 [2ad6dd5e-fcd5-41f9-b8db-8caf07d6cf0b:group-E00C3C9CCE27:LeaderElection5] INFO  server.RaftServerConfigKeys (ConfUtils.java:logGet(43)) - raft.server.watch.timeout = 10s (default)
2019-08-22 22:07:40,866 [2ad6dd5e-fcd5-41f9-b8db-8caf07d6cf0b:group-E00C3C9CCE27:LeaderElection5] INFO  server.RaftServerConfigKeys (ConfUtils.java:logGet(43)) - raft.server.watch.timeout.denomination = 1s (default)
2019-08-22 22:07:40,866 [2ad6dd5e-fcd5-41f9-b8db-8caf07d6cf0b:group-E00C3C9CCE27:LeaderElection5] INFO  server.RaftServerConfigKeys (ConfUtils.java:logGet(43)) - raft.server.watch.element-limit = 65536 (default)
2019-08-22 22:07:40,866 [2ad6dd5e-fcd5-41f9-b8db-8caf07d6cf0b:group-E00C3C9CCE27:LeaderElection5] INFO  impl.RoleInfo (RoleInfo.java:updateAndGet(143)) - 2ad6dd5e-fcd5-41f9-b8db-8caf07d6cf0b: start LeaderState
2019-08-22 22:07:40,866 [2ad6dd5e-fcd5-41f9-b8db-8caf07d6cf0b:group-E00C3C9CCE27:LeaderElection5] INFO  segmented.SegmentedRaftLogWorker (SegmentedRaftLogWorker.java:startLogSegment(380)) - 2ad6dd5e-fcd5-41f9-b8db-8caf07d6cf0b-SegmentedRaftLogWorker:Storage Directory /workdir/hadoop-ozone/integration-test/target/test-dir/MiniOzoneClusterImpl-a7d5ff65-5e52-402f-8358-0c413c1a32d7/datanode-4/data/ratis/fadcde50-a8c5-44fd-b703-e00c3c9cce27: Starting segment from index:0
2019-08-22 22:07:40,867 [2ad6dd5e-fcd5-41f9-b8db-8caf07d6cf0b:group-E00C3C9CCE27:LeaderElection5] INFO  impl.RaftServerImpl (ServerState.java:setRaftConf(361)) - 2ad6dd5e-fcd5-41f9-b8db-8caf07d6cf0b:group-E00C3C9CCE27 set configuration 0: [2ad6dd5e-fcd5-41f9-b8db-8caf07d6cf0b:192.168.36.125:34484], old=null at 0
2019-08-22 22:07:40,906 [Thread-257] INFO  impl.FollowerState (FollowerState.java:run(106)) - 31687c82-0c07-4c25-b0e4-b592672e89de:group-1474DF9952CF changes to CANDIDATE, lastRpcTime:5071, electionTimeout:5051ms
2019-08-22 22:07:40,906 [Thread-257] INFO  impl.RoleInfo (RoleInfo.java:shutdownFollowerState(121)) - 31687c82-0c07-4c25-b0e4-b592672e89de: shutdown FollowerState
2019-08-22 22:07:40,907 [Thread-257] INFO  impl.RaftServerImpl (RaftServerImpl.java:setRole(171)) - 31687c82-0c07-4c25-b0e4-b592672e89de:group-1474DF9952CF changes role from FOLLOWER to CANDIDATE at term 0 for changeToCandidate
2019-08-22 22:07:40,907 [Thread-257] INFO  impl.RoleInfo (RoleInfo.java:updateAndGet(143)) - 31687c82-0c07-4c25-b0e4-b592672e89de: start LeaderElection
2019-08-22 22:07:40,928 [2ad6dd5e-fcd5-41f9-b8db-8caf07d6cf0b-SegmentedRaftLogWorker:Storage Directory /workdir/hadoop-ozone/integration-test/target/test-dir/MiniOzoneClusterImpl-a7d5ff65-5e52-402f-8358-0c413c1a32d7/datanode-4/data/ratis/fadcde50-a8c5-44fd-b703-e00c3c9cce27] INFO  segmented.SegmentedRaftLogWorker (SegmentedRaftLogWorker.java:execute(569)) - 2ad6dd5e-fcd5-41f9-b8db-8caf07d6cf0b-SegmentedRaftLogWorker:Storage Directory /workdir/hadoop-ozone/integration-test/target/test-dir/MiniOzoneClusterImpl-a7d5ff65-5e52-402f-8358-0c413c1a32d7/datanode-4/data/ratis/fadcde50-a8c5-44fd-b703-e00c3c9cce27: created new log segment /workdir/hadoop-ozone/integration-test/target/test-dir/MiniOzoneClusterImpl-a7d5ff65-5e52-402f-8358-0c413c1a32d7/datanode-4/data/ratis/fadcde50-a8c5-44fd-b703-e00c3c9cce27/current/log_inprogress_0
2019-08-22 22:07:40,929 | INFO  | SCMAudit | user=jenkins1000 | ip=192.168.36.125 | op=SEND_HEARTBEAT {datanodeUUID=362a0f32-a402-49c5-b39d-19ab87f59792, command=[]} | ret=SUCCESS |  
2019-08-22 22:07:40,945 [31687c82-0c07-4c25-b0e4-b592672e89de:group-1474DF9952CF:LeaderElection6] INFO  impl.LeaderElection (LeaderElection.java:askForVotes(181)) - 31687c82-0c07-4c25-b0e4-b592672e89de:group-1474DF9952CF:LeaderElection6: begin an election at term 1 for -1: [31687c82-0c07-4c25-b0e4-b592672e89de:192.168.36.125:40119], old=null
2019-08-22 22:07:40,946 [31687c82-0c07-4c25-b0e4-b592672e89de:group-1474DF9952CF:LeaderElection6] INFO  impl.RoleInfo (RoleInfo.java:shutdownLeaderElection(134)) - 31687c82-0c07-4c25-b0e4-b592672e89de: shutdown LeaderElection
2019-08-22 22:07:40,946 [31687c82-0c07-4c25-b0e4-b592672e89de:group-1474DF9952CF:LeaderElection6] INFO  impl.RaftServerImpl (RaftServerImpl.java:setRole(171)) - 31687c82-0c07-4c25-b0e4-b592672e89de:group-1474DF9952CF changes role from CANDIDATE to LEADER at term 1 for changeToLeader
2019-08-22 22:07:40,946 [31687c82-0c07-4c25-b0e4-b592672e89de:group-1474DF9952CF:LeaderElection6] INFO  impl.RaftServerImpl (ServerState.java:setLeader(263)) - 31687c82-0c07-4c25-b0e4-b592672e89de:group-1474DF9952CF change Leader from null to 31687c82-0c07-4c25-b0e4-b592672e89de at term 1 for becomeLeader, leader elected after 5114ms
2019-08-22 22:07:40,949 [31687c82-0c07-4c25-b0e4-b592672e89de:group-1474DF9952CF:LeaderElection6] INFO  server.RaftServerConfigKeys (ConfUtils.java:logGet(43)) - raft.server.staging.catchup.gap = 1000 (default)
2019-08-22 22:07:40,949 [31687c82-0c07-4c25-b0e4-b592672e89de:group-1474DF9952CF:LeaderElection6] INFO  server.RaftServerConfigKeys (ConfUtils.java:logGet(43)) - raft.server.rpc.sleep.time = 25ms (default)
2019-08-22 22:07:40,949 [31687c82-0c07-4c25-b0e4-b592672e89de:group-1474DF9952CF:LeaderElection6] INFO  server.RaftServerConfigKeys (ConfUtils.java:logGet(43)) - raft.server.write.element-limit = 4096 (default)
2019-08-22 22:07:40,949 [31687c82-0c07-4c25-b0e4-b592672e89de:group-1474DF9952CF:LeaderElection6] INFO  server.RaftServerConfigKeys (ConfUtils.java:logGet(43)) - raft.server.watch.timeout = 10s (default)
2019-08-22 22:07:40,949 [31687c82-0c07-4c25-b0e4-b592672e89de:group-1474DF9952CF:LeaderElection6] INFO  server.RaftServerConfigKeys (ConfUtils.java:logGet(43)) - raft.server.watch.timeout.denomination = 1s (default)
2019-08-22 22:07:40,949 [31687c82-0c07-4c25-b0e4-b592672e89de:group-1474DF9952CF:LeaderElection6] INFO  server.RaftServerConfigKeys (ConfUtils.java:logGet(43)) - raft.server.watch.element-limit = 65536 (default)
2019-08-22 22:07:40,950 [31687c82-0c07-4c25-b0e4-b592672e89de:group-1474DF9952CF:LeaderElection6] INFO  impl.RoleInfo (RoleInfo.java:updateAndGet(143)) - 31687c82-0c07-4c25-b0e4-b592672e89de: start LeaderState
2019-08-22 22:07:40,950 [31687c82-0c07-4c25-b0e4-b592672e89de:group-1474DF9952CF:LeaderElection6] INFO  segmented.SegmentedRaftLogWorker (SegmentedRaftLogWorker.java:startLogSegment(380)) - 31687c82-0c07-4c25-b0e4-b592672e89de-SegmentedRaftLogWorker:Storage Directory /workdir/hadoop-ozone/integration-test/target/test-dir/MiniOzoneClusterImpl-a7d5ff65-5e52-402f-8358-0c413c1a32d7/datanode-3/data/ratis/67f8e075-e647-4535-b129-1474df9952cf: Starting segment from index:0
2019-08-22 22:07:40,951 [31687c82-0c07-4c25-b0e4-b592672e89de:group-1474DF9952CF:LeaderElection6] INFO  impl.RaftServerImpl (ServerState.java:setRaftConf(361)) - 31687c82-0c07-4c25-b0e4-b592672e89de:group-1474DF9952CF set configuration 0: [31687c82-0c07-4c25-b0e4-b592672e89de:192.168.36.125:40119], old=null at 0
2019-08-22 22:07:40,981 [Thread-254] INFO  impl.FollowerState (FollowerState.java:run(106)) - 362a0f32-a402-49c5-b39d-19ab87f59792:group-B05CC002877F changes to CANDIDATE, lastRpcTime:5221, electionTimeout:5193ms
2019-08-22 22:07:40,982 [Thread-254] INFO  impl.RoleInfo (RoleInfo.java:shutdownFollowerState(121)) - 362a0f32-a402-49c5-b39d-19ab87f59792: shutdown FollowerState
2019-08-22 22:07:40,982 [Thread-254] INFO  impl.RaftServerImpl (RaftServerImpl.java:setRole(171)) - 362a0f32-a402-49c5-b39d-19ab87f59792:group-B05CC002877F changes role from FOLLOWER to CANDIDATE at term 0 for changeToCandidate
2019-08-22 22:07:40,983 [Thread-254] INFO  impl.RoleInfo (RoleInfo.java:updateAndGet(143)) - 362a0f32-a402-49c5-b39d-19ab87f59792: start LeaderElection
2019-08-22 22:07:40,990 [Thread-265] INFO  impl.FollowerState (FollowerState.java:run(106)) - da272425-beaf-4e2f-8d68-d332ab7aa6f3:group-0088140607CC changes to CANDIDATE, lastRpcTime:5046, electionTimeout:5044ms
2019-08-22 22:07:40,990 [Thread-265] INFO  impl.RoleInfo (RoleInfo.java:shutdownFollowerState(121)) - da272425-beaf-4e2f-8d68-d332ab7aa6f3: shutdown FollowerState
2019-08-22 22:07:40,990 [Thread-265] INFO  impl.RaftServerImpl (RaftServerImpl.java:setRole(171)) - da272425-beaf-4e2f-8d68-d332ab7aa6f3:group-0088140607CC changes role from FOLLOWER to CANDIDATE at term 0 for changeToCandidate
2019-08-22 22:07:40,990 [Thread-265] INFO  impl.RoleInfo (RoleInfo.java:updateAndGet(143)) - da272425-beaf-4e2f-8d68-d332ab7aa6f3: start LeaderElection
2019-08-22 22:07:41,004 | INFO  | SCMAudit | user=jenkins1000 | ip=192.168.36.125 | op=SEND_HEARTBEAT {datanodeUUID=e0f80305-a2e9-4cc8-bb71-ae23e33e4a24, command=[]} | ret=SUCCESS |  
2019-08-22 22:07:41,004 [31687c82-0c07-4c25-b0e4-b592672e89de-SegmentedRaftLogWorker:Storage Directory /workdir/hadoop-ozone/integration-test/target/test-dir/MiniOzoneClusterImpl-a7d5ff65-5e52-402f-8358-0c413c1a32d7/datanode-3/data/ratis/67f8e075-e647-4535-b129-1474df9952cf] INFO  segmented.SegmentedRaftLogWorker (SegmentedRaftLogWorker.java:execute(569)) - 31687c82-0c07-4c25-b0e4-b592672e89de-SegmentedRaftLogWorker:Storage Directory /workdir/hadoop-ozone/integration-test/target/test-dir/MiniOzoneClusterImpl-a7d5ff65-5e52-402f-8358-0c413c1a32d7/datanode-3/data/ratis/67f8e075-e647-4535-b129-1474df9952cf: created new log segment /workdir/hadoop-ozone/integration-test/target/test-dir/MiniOzoneClusterImpl-a7d5ff65-5e52-402f-8358-0c413c1a32d7/datanode-3/data/ratis/67f8e075-e647-4535-b129-1474df9952cf/current/log_inprogress_0
2019-08-22 22:07:41,021 [362a0f32-a402-49c5-b39d-19ab87f59792:group-B05CC002877F:LeaderElection7] INFO  impl.LeaderElection (LeaderElection.java:askForVotes(181)) - 362a0f32-a402-49c5-b39d-19ab87f59792:group-B05CC002877F:LeaderElection7: begin an election at term 1 for -1: [362a0f32-a402-49c5-b39d-19ab87f59792:192.168.36.125:45069], old=null
2019-08-22 22:07:41,021 [da272425-beaf-4e2f-8d68-d332ab7aa6f3:group-0088140607CC:LeaderElection8] INFO  impl.LeaderElection (LeaderElection.java:askForVotes(181)) - da272425-beaf-4e2f-8d68-d332ab7aa6f3:group-0088140607CC:LeaderElection8: begin an election at term 1 for -1: [da272425-beaf-4e2f-8d68-d332ab7aa6f3:192.168.36.125:45418, b8ef9af6-352c-4d21-9a3e-6dd35f0a9afa:192.168.36.125:34128, e0f80305-a2e9-4cc8-bb71-ae23e33e4a24:192.168.36.125:34759], old=null
2019-08-22 22:07:41,024 [362a0f32-a402-49c5-b39d-19ab87f59792:group-B05CC002877F:LeaderElection7] INFO  impl.RoleInfo (RoleInfo.java:shutdownLeaderElection(134)) - 362a0f32-a402-49c5-b39d-19ab87f59792: shutdown LeaderElection
2019-08-22 22:07:41,024 [362a0f32-a402-49c5-b39d-19ab87f59792:group-B05CC002877F:LeaderElection7] INFO  impl.RaftServerImpl (RaftServerImpl.java:setRole(171)) - 362a0f32-a402-49c5-b39d-19ab87f59792:group-B05CC002877F changes role from CANDIDATE to LEADER at term 1 for changeToLeader
2019-08-22 22:07:41,024 [362a0f32-a402-49c5-b39d-19ab87f59792:group-B05CC002877F:LeaderElection7] INFO  impl.RaftServerImpl (ServerState.java:setLeader(263)) - 362a0f32-a402-49c5-b39d-19ab87f59792:group-B05CC002877F change Leader from null to 362a0f32-a402-49c5-b39d-19ab87f59792 at term 1 for becomeLeader, leader elected after 5268ms
2019-08-22 22:07:41,025 [362a0f32-a402-49c5-b39d-19ab87f59792:group-B05CC002877F:LeaderElection7] INFO  server.RaftServerConfigKeys (ConfUtils.java:logGet(43)) - raft.server.staging.catchup.gap = 1000 (default)
2019-08-22 22:07:41,026 [362a0f32-a402-49c5-b39d-19ab87f59792:group-B05CC002877F:LeaderElection7] INFO  server.RaftServerConfigKeys (ConfUtils.java:logGet(43)) - raft.server.rpc.sleep.time = 25ms (default)
2019-08-22 22:07:41,026 [362a0f32-a402-49c5-b39d-19ab87f59792:group-B05CC002877F:LeaderElection7] INFO  server.RaftServerConfigKeys (ConfUtils.java:logGet(43)) - raft.server.write.element-limit = 4096 (default)
2019-08-22 22:07:41,026 [362a0f32-a402-49c5-b39d-19ab87f59792:group-B05CC002877F:LeaderElection7] INFO  server.RaftServerConfigKeys (ConfUtils.java:logGet(43)) - raft.server.watch.timeout = 10s (default)
2019-08-22 22:07:41,026 [362a0f32-a402-49c5-b39d-19ab87f59792:group-B05CC002877F:LeaderElection7] INFO  server.RaftServerConfigKeys (ConfUtils.java:logGet(43)) - raft.server.watch.timeout.denomination = 1s (default)
2019-08-22 22:07:41,026 [362a0f32-a402-49c5-b39d-19ab87f59792:group-B05CC002877F:LeaderElection7] INFO  server.RaftServerConfigKeys (ConfUtils.java:logGet(43)) - raft.server.watch.element-limit = 65536 (default)
2019-08-22 22:07:41,026 [362a0f32-a402-49c5-b39d-19ab87f59792:group-B05CC002877F:LeaderElection7] INFO  impl.RoleInfo (RoleInfo.java:updateAndGet(143)) - 362a0f32-a402-49c5-b39d-19ab87f59792: start LeaderState
2019-08-22 22:07:41,027 [362a0f32-a402-49c5-b39d-19ab87f59792:group-B05CC002877F:LeaderElection7] INFO  segmented.SegmentedRaftLogWorker (SegmentedRaftLogWorker.java:startLogSegment(380)) - 362a0f32-a402-49c5-b39d-19ab87f59792-SegmentedRaftLogWorker:Storage Directory /workdir/hadoop-ozone/integration-test/target/test-dir/MiniOzoneClusterImpl-a7d5ff65-5e52-402f-8358-0c413c1a32d7/datanode-1/data/ratis/c8b237f4-a8e6-4a8f-9702-b05cc002877f: Starting segment from index:0
2019-08-22 22:07:41,027 [362a0f32-a402-49c5-b39d-19ab87f59792:group-B05CC002877F:LeaderElection7] INFO  impl.RaftServerImpl (ServerState.java:setRaftConf(361)) - 362a0f32-a402-49c5-b39d-19ab87f59792:group-B05CC002877F set configuration 0: [362a0f32-a402-49c5-b39d-19ab87f59792:192.168.36.125:45069], old=null at 0
2019-08-22 22:07:41,071 [362a0f32-a402-49c5-b39d-19ab87f59792-SegmentedRaftLogWorker:Storage Directory /workdir/hadoop-ozone/integration-test/target/test-dir/MiniOzoneClusterImpl-a7d5ff65-5e52-402f-8358-0c413c1a32d7/datanode-1/data/ratis/c8b237f4-a8e6-4a8f-9702-b05cc002877f] INFO  segmented.SegmentedRaftLogWorker (SegmentedRaftLogWorker.java:execute(569)) - 362a0f32-a402-49c5-b39d-19ab87f59792-SegmentedRaftLogWorker:Storage Directory /workdir/hadoop-ozone/integration-test/target/test-dir/MiniOzoneClusterImpl-a7d5ff65-5e52-402f-8358-0c413c1a32d7/datanode-1/data/ratis/c8b237f4-a8e6-4a8f-9702-b05cc002877f: created new log segment /workdir/hadoop-ozone/integration-test/target/test-dir/MiniOzoneClusterImpl-a7d5ff65-5e52-402f-8358-0c413c1a32d7/datanode-1/data/ratis/c8b237f4-a8e6-4a8f-9702-b05cc002877f/current/log_inprogress_0
2019-08-22 22:07:41,076 [Thread-260] INFO  impl.FollowerState (FollowerState.java:run(106)) - e0f80305-a2e9-4cc8-bb71-ae23e33e4a24:group-0088140607CC changes to CANDIDATE, lastRpcTime:5136, electionTimeout:5136ms
2019-08-22 22:07:41,076 [Thread-260] INFO  impl.RoleInfo (RoleInfo.java:shutdownFollowerState(121)) - e0f80305-a2e9-4cc8-bb71-ae23e33e4a24: shutdown FollowerState
2019-08-22 22:07:41,077 [Thread-260] INFO  impl.RaftServerImpl (RaftServerImpl.java:setRole(171)) - e0f80305-a2e9-4cc8-bb71-ae23e33e4a24:group-0088140607CC changes role from FOLLOWER to CANDIDATE at term 0 for changeToCandidate
2019-08-22 22:07:41,077 [Thread-260] INFO  impl.RoleInfo (RoleInfo.java:updateAndGet(143)) - e0f80305-a2e9-4cc8-bb71-ae23e33e4a24: start LeaderElection
2019-08-22 22:07:41,080 [grpc-default-executor-0] INFO  impl.RaftServerImpl (RaftServerImpl.java:setRole(171)) - b8ef9af6-352c-4d21-9a3e-6dd35f0a9afa:group-0088140607CC changes role from FOLLOWER to FOLLOWER at term 1 for recognizeCandidate:da272425-beaf-4e2f-8d68-d332ab7aa6f3
2019-08-22 22:07:41,081 [Thread-272] INFO  impl.FollowerState (FollowerState.java:run(106)) - 2ad6dd5e-fcd5-41f9-b8db-8caf07d6cf0b:group-A4586E5CDB72 changes to CANDIDATE, lastRpcTime:5030, electionTimeout:5029ms
2019-08-22 22:07:41,081 [grpc-default-executor-0] INFO  impl.RoleInfo (RoleInfo.java:shutdownFollowerState(121)) - b8ef9af6-352c-4d21-9a3e-6dd35f0a9afa: shutdown FollowerState
2019-08-22 22:07:41,081 [Thread-272] INFO  impl.RoleInfo (RoleInfo.java:shutdownFollowerState(121)) - 2ad6dd5e-fcd5-41f9-b8db-8caf07d6cf0b: shutdown FollowerState
2019-08-22 22:07:41,082 [Thread-272] INFO  impl.RaftServerImpl (RaftServerImpl.java:setRole(171)) - 2ad6dd5e-fcd5-41f9-b8db-8caf07d6cf0b:group-A4586E5CDB72 changes role from FOLLOWER to CANDIDATE at term 0 for changeToCandidate
2019-08-22 22:07:41,082 [grpc-default-executor-0] INFO  impl.RoleInfo (RoleInfo.java:updateAndGet(143)) - b8ef9af6-352c-4d21-9a3e-6dd35f0a9afa: start FollowerState
2019-08-22 22:07:41,082 [Thread-272] INFO  impl.RoleInfo (RoleInfo.java:updateAndGet(143)) - 2ad6dd5e-fcd5-41f9-b8db-8caf07d6cf0b: start LeaderElection
2019-08-22 22:07:41,082 [Thread-264] INFO  impl.FollowerState (FollowerState.java:run(114)) - b8ef9af6-352c-4d21-9a3e-6dd35f0a9afa: FollowerState was interrupted: java.lang.InterruptedException: sleep interrupted
2019-08-22 22:07:41,087 [Thread-269] INFO  impl.FollowerState (FollowerState.java:run(106)) - 362a0f32-a402-49c5-b39d-19ab87f59792:group-A4586E5CDB72 changes to CANDIDATE, lastRpcTime:5037, electionTimeout:5036ms
2019-08-22 22:07:41,087 [Thread-269] INFO  impl.RoleInfo (RoleInfo.java:shutdownFollowerState(121)) - 362a0f32-a402-49c5-b39d-19ab87f59792: shutdown FollowerState
2019-08-22 22:07:41,087 [Thread-269] INFO  impl.RaftServerImpl (RaftServerImpl.java:setRole(171)) - 362a0f32-a402-49c5-b39d-19ab87f59792:group-A4586E5CDB72 changes role from FOLLOWER to CANDIDATE at term 0 for changeToCandidate
2019-08-22 22:07:41,087 [Thread-269] INFO  impl.RoleInfo (RoleInfo.java:updateAndGet(143)) - 362a0f32-a402-49c5-b39d-19ab87f59792: start LeaderElection
2019-08-22 22:07:41,097 [e0f80305-a2e9-4cc8-bb71-ae23e33e4a24:group-0088140607CC:LeaderElection9] INFO  impl.LeaderElection (LeaderElection.java:askForVotes(181)) - e0f80305-a2e9-4cc8-bb71-ae23e33e4a24:group-0088140607CC:LeaderElection9: begin an election at term 1 for -1: [da272425-beaf-4e2f-8d68-d332ab7aa6f3:192.168.36.125:45418, b8ef9af6-352c-4d21-9a3e-6dd35f0a9afa:192.168.36.125:34128, e0f80305-a2e9-4cc8-bb71-ae23e33e4a24:192.168.36.125:34759], old=null
2019-08-22 22:07:41,114 [362a0f32-a402-49c5-b39d-19ab87f59792:group-A4586E5CDB72:LeaderElection11] INFO  impl.LeaderElection (LeaderElection.java:askForVotes(181)) - 362a0f32-a402-49c5-b39d-19ab87f59792:group-A4586E5CDB72:LeaderElection11: begin an election at term 1 for -1: [622387a1-0ff8-46d2-bb4b-d4ed28560aa4:192.168.36.125:40753, 362a0f32-a402-49c5-b39d-19ab87f59792:192.168.36.125:45069, 2ad6dd5e-fcd5-41f9-b8db-8caf07d6cf0b:192.168.36.125:34484], old=null
2019-08-22 22:07:41,114 [2ad6dd5e-fcd5-41f9-b8db-8caf07d6cf0b:group-A4586E5CDB72:LeaderElection10] INFO  impl.LeaderElection (LeaderElection.java:askForVotes(181)) - 2ad6dd5e-fcd5-41f9-b8db-8caf07d6cf0b:group-A4586E5CDB72:LeaderElection10: begin an election at term 1 for -1: [622387a1-0ff8-46d2-bb4b-d4ed28560aa4:192.168.36.125:40753, 362a0f32-a402-49c5-b39d-19ab87f59792:192.168.36.125:45069, 2ad6dd5e-fcd5-41f9-b8db-8caf07d6cf0b:192.168.36.125:34484], old=null
2019-08-22 22:07:41,131 [da272425-beaf-4e2f-8d68-d332ab7aa6f3:group-0088140607CC:LeaderElection8] INFO  impl.LeaderElection (LeaderElection.java:logAndReturn(56)) - da272425-beaf-4e2f-8d68-d332ab7aa6f3:group-0088140607CC:LeaderElection8: Election PASSED; received 2 response(s) [da272425-beaf-4e2f-8d68-d332ab7aa6f3<-b8ef9af6-352c-4d21-9a3e-6dd35f0a9afa#0:OK-t1, da272425-beaf-4e2f-8d68-d332ab7aa6f3<-e0f80305-a2e9-4cc8-bb71-ae23e33e4a24#0:FAIL-t1] and 0 exception(s); da272425-beaf-4e2f-8d68-d332ab7aa6f3:t1, leader=null, voted=da272425-beaf-4e2f-8d68-d332ab7aa6f3, raftlog=da272425-beaf-4e2f-8d68-d332ab7aa6f3-SegmentedRaftLog:OPENED:c-1,f-1,i0, conf=-1: [da272425-beaf-4e2f-8d68-d332ab7aa6f3:192.168.36.125:45418, b8ef9af6-352c-4d21-9a3e-6dd35f0a9afa:192.168.36.125:34128, e0f80305-a2e9-4cc8-bb71-ae23e33e4a24:192.168.36.125:34759], old=null
2019-08-22 22:07:41,131 [da272425-beaf-4e2f-8d68-d332ab7aa6f3:group-0088140607CC:LeaderElection8] INFO  impl.RoleInfo (RoleInfo.java:shutdownLeaderElection(134)) - da272425-beaf-4e2f-8d68-d332ab7aa6f3: shutdown LeaderElection
2019-08-22 22:07:41,131 [da272425-beaf-4e2f-8d68-d332ab7aa6f3:group-0088140607CC:LeaderElection8] INFO  impl.RaftServerImpl (RaftServerImpl.java:setRole(171)) - da272425-beaf-4e2f-8d68-d332ab7aa6f3:group-0088140607CC changes role from CANDIDATE to LEADER at term 1 for changeToLeader
2019-08-22 22:07:41,132 [da272425-beaf-4e2f-8d68-d332ab7aa6f3:group-0088140607CC:LeaderElection8] INFO  impl.RaftServerImpl (ServerState.java:setLeader(263)) - da272425-beaf-4e2f-8d68-d332ab7aa6f3:group-0088140607CC change Leader from null to da272425-beaf-4e2f-8d68-d332ab7aa6f3 at term 1 for becomeLeader, leader elected after 5206ms
2019-08-22 22:07:41,134 [da272425-beaf-4e2f-8d68-d332ab7aa6f3:group-0088140607CC:LeaderElection8] INFO  server.RaftServerConfigKeys (ConfUtils.java:logGet(43)) - raft.server.staging.catchup.gap = 1000 (default)
2019-08-22 22:07:41,134 [da272425-beaf-4e2f-8d68-d332ab7aa6f3:group-0088140607CC:LeaderElection8] INFO  server.RaftServerConfigKeys (ConfUtils.java:logGet(43)) - raft.server.rpc.sleep.time = 25ms (default)
2019-08-22 22:07:41,134 [da272425-beaf-4e2f-8d68-d332ab7aa6f3:group-0088140607CC:LeaderElection8] INFO  server.RaftServerConfigKeys (ConfUtils.java:logGet(43)) - raft.server.write.element-limit = 4096 (default)
2019-08-22 22:07:41,135 [da272425-beaf-4e2f-8d68-d332ab7aa6f3:group-0088140607CC:LeaderElection8] INFO  server.RaftServerConfigKeys (ConfUtils.java:logGet(43)) - raft.server.watch.timeout = 10s (default)
2019-08-22 22:07:41,135 [da272425-beaf-4e2f-8d68-d332ab7aa6f3:group-0088140607CC:LeaderElection8] INFO  server.RaftServerConfigKeys (ConfUtils.java:logGet(43)) - raft.server.watch.timeout.denomination = 1s (default)
2019-08-22 22:07:41,135 [e0f80305-a2e9-4cc8-bb71-ae23e33e4a24:group-0088140607CC:LeaderElection9] INFO  impl.LeaderElection (LeaderElection.java:logAndReturn(56)) - e0f80305-a2e9-4cc8-bb71-ae23e33e4a24:group-0088140607CC:LeaderElection9: Election REJECTED; received 2 response(s) [e0f80305-a2e9-4cc8-bb71-ae23e33e4a24<-da272425-beaf-4e2f-8d68-d332ab7aa6f3#0:FAIL-t1, e0f80305-a2e9-4cc8-bb71-ae23e33e4a24<-b8ef9af6-352c-4d21-9a3e-6dd35f0a9afa#0:FAIL-t1] and 0 exception(s); e0f80305-a2e9-4cc8-bb71-ae23e33e4a24:t1, leader=null, voted=e0f80305-a2e9-4cc8-bb71-ae23e33e4a24, raftlog=e0f80305-a2e9-4cc8-bb71-ae23e33e4a24-SegmentedRaftLog:OPENED:c-1,f-1,i0, conf=-1: [da272425-beaf-4e2f-8d68-d332ab7aa6f3:192.168.36.125:45418, b8ef9af6-352c-4d21-9a3e-6dd35f0a9afa:192.168.36.125:34128, e0f80305-a2e9-4cc8-bb71-ae23e33e4a24:192.168.36.125:34759], old=null
2019-08-22 22:07:41,136 [da272425-beaf-4e2f-8d68-d332ab7aa6f3:group-0088140607CC:LeaderElection8] INFO  server.RaftServerConfigKeys (ConfUtils.java:logGet(43)) - raft.server.watch.element-limit = 65536 (default)
2019-08-22 22:07:41,136 [e0f80305-a2e9-4cc8-bb71-ae23e33e4a24:group-0088140607CC:LeaderElection9] INFO  impl.RaftServerImpl (RaftServerImpl.java:setRole(171)) - e0f80305-a2e9-4cc8-bb71-ae23e33e4a24:group-0088140607CC changes role from CANDIDATE to FOLLOWER at term 1 for DISCOVERED_A_NEW_TERM
2019-08-22 22:07:41,138 [e0f80305-a2e9-4cc8-bb71-ae23e33e4a24:group-0088140607CC:LeaderElection9] INFO  impl.RoleInfo (RoleInfo.java:shutdownLeaderElection(134)) - e0f80305-a2e9-4cc8-bb71-ae23e33e4a24: shutdown LeaderElection
2019-08-22 22:07:41,138 [e0f80305-a2e9-4cc8-bb71-ae23e33e4a24:group-0088140607CC:LeaderElection9] INFO  impl.RoleInfo (RoleInfo.java:updateAndGet(143)) - e0f80305-a2e9-4cc8-bb71-ae23e33e4a24: start FollowerState
2019-08-22 22:07:41,144 [Thread-275] INFO  impl.FollowerState (FollowerState.java:run(106)) - 622387a1-0ff8-46d2-bb4b-d4ed28560aa4:group-A4586E5CDB72 changes to CANDIDATE, lastRpcTime:5092, electionTimeout:5089ms
2019-08-22 22:07:41,144 [Thread-275] INFO  impl.RoleInfo (RoleInfo.java:shutdownFollowerState(121)) - 622387a1-0ff8-46d2-bb4b-d4ed28560aa4: shutdown FollowerState
2019-08-22 22:07:41,144 [Thread-275] INFO  impl.RaftServerImpl (RaftServerImpl.java:setRole(171)) - 622387a1-0ff8-46d2-bb4b-d4ed28560aa4:group-A4586E5CDB72 changes role from FOLLOWER to CANDIDATE at term 0 for changeToCandidate
2019-08-22 22:07:41,144 [Thread-275] INFO  impl.RoleInfo (RoleInfo.java:updateAndGet(143)) - 622387a1-0ff8-46d2-bb4b-d4ed28560aa4: start LeaderElection
2019-08-22 22:07:41,145 [da272425-beaf-4e2f-8d68-d332ab7aa6f3:group-0088140607CC:LeaderElection8] INFO  server.RaftServerConfigKeys (ConfUtils.java:logGet(43)) - raft.server.log.appender.snapshot.chunk.size.max = 16MB (=16777216) (default)
2019-08-22 22:07:41,147 [grpc-default-executor-3] INFO  impl.RaftServerImpl (RaftServerImpl.java:setRole(171)) - 622387a1-0ff8-46d2-bb4b-d4ed28560aa4:group-A4586E5CDB72 changes role from CANDIDATE to FOLLOWER at term 1 for recognizeCandidate:362a0f32-a402-49c5-b39d-19ab87f59792
2019-08-22 22:07:41,150 [grpc-default-executor-3] INFO  impl.RoleInfo (RoleInfo.java:shutdownLeaderElection(134)) - 622387a1-0ff8-46d2-bb4b-d4ed28560aa4: shutdown LeaderElection
2019-08-22 22:07:41,150 [da272425-beaf-4e2f-8d68-d332ab7aa6f3:group-0088140607CC:LeaderElection8] INFO  server.RaftServerConfigKeys (ConfUtils.java:logGet(43)) - raft.server.log.appender.buffer.byte-limit = 33554432 (custom)
2019-08-22 22:07:41,150 [grpc-default-executor-3] INFO  impl.RoleInfo (RoleInfo.java:updateAndGet(143)) - 622387a1-0ff8-46d2-bb4b-d4ed28560aa4: start FollowerState
2019-08-22 22:07:41,153 [da272425-beaf-4e2f-8d68-d332ab7aa6f3:group-0088140607CC:LeaderElection8] INFO  server.RaftServerConfigKeys (ConfUtils.java:logGet(43)) - raft.server.log.appender.buffer.element-limit = 1 (custom)
2019-08-22 22:07:41,159 [da272425-beaf-4e2f-8d68-d332ab7aa6f3:group-0088140607CC:LeaderElection8] INFO  grpc.GrpcConfigKeys$Server (ConfUtils.java:logGet(43)) - raft.grpc.server.leader.outstanding.appends.max = 128 (default)
2019-08-22 22:07:41,162 [da272425-beaf-4e2f-8d68-d332ab7aa6f3:group-0088140607CC:LeaderElection8] INFO  server.RaftServerConfigKeys (ConfUtils.java:logGet(43)) - raft.server.rpc.request.timeout = 3000ms (default)
2019-08-22 22:07:41,162 [da272425-beaf-4e2f-8d68-d332ab7aa6f3:group-0088140607CC:LeaderElection8] INFO  server.RaftServerConfigKeys (ConfUtils.java:logGet(43)) - raft.server.log.appender.install.snapshot.enabled = false (custom)
2019-08-22 22:07:41,162 [da272425-beaf-4e2f-8d68-d332ab7aa6f3:group-0088140607CC:LeaderElection8] INFO  server.RaftServerConfigKeys (ConfUtils.java:logGet(43)) - raft.server.log.appender.snapshot.chunk.size.max = 16MB (=16777216) (default)
2019-08-22 22:07:41,162 [da272425-beaf-4e2f-8d68-d332ab7aa6f3:group-0088140607CC:LeaderElection8] INFO  server.RaftServerConfigKeys (ConfUtils.java:logGet(43)) - raft.server.log.appender.buffer.byte-limit = 33554432 (custom)
2019-08-22 22:07:41,162 [da272425-beaf-4e2f-8d68-d332ab7aa6f3:group-0088140607CC:LeaderElection8] INFO  server.RaftServerConfigKeys (ConfUtils.java:logGet(43)) - raft.server.log.appender.buffer.element-limit = 1 (custom)
2019-08-22 22:07:41,163 [da272425-beaf-4e2f-8d68-d332ab7aa6f3:group-0088140607CC:LeaderElection8] INFO  grpc.GrpcConfigKeys$Server (ConfUtils.java:logGet(43)) - raft.grpc.server.leader.outstanding.appends.max = 128 (default)
2019-08-22 22:07:41,163 [da272425-beaf-4e2f-8d68-d332ab7aa6f3:group-0088140607CC:LeaderElection8] INFO  server.RaftServerConfigKeys (ConfUtils.java:logGet(43)) - raft.server.rpc.request.timeout = 3000ms (default)
2019-08-22 22:07:41,163 [da272425-beaf-4e2f-8d68-d332ab7aa6f3:group-0088140607CC:LeaderElection8] INFO  server.RaftServerConfigKeys (ConfUtils.java:logGet(43)) - raft.server.log.appender.install.snapshot.enabled = false (custom)
2019-08-22 22:07:41,164 [da272425-beaf-4e2f-8d68-d332ab7aa6f3:group-0088140607CC:LeaderElection8] INFO  impl.RoleInfo (RoleInfo.java:updateAndGet(143)) - da272425-beaf-4e2f-8d68-d332ab7aa6f3: start LeaderState
2019-08-22 22:07:41,165 [da272425-beaf-4e2f-8d68-d332ab7aa6f3:group-0088140607CC:LeaderElection8] INFO  segmented.SegmentedRaftLogWorker (SegmentedRaftLogWorker.java:startLogSegment(380)) - da272425-beaf-4e2f-8d68-d332ab7aa6f3-SegmentedRaftLogWorker:Storage Directory /workdir/hadoop-ozone/integration-test/target/test-dir/MiniOzoneClusterImpl-a7d5ff65-5e52-402f-8358-0c413c1a32d7/datanode-6/data/ratis/9dcf578f-c2c5-40f0-bd5b-0088140607cc: Starting segment from index:0
2019-08-22 22:07:41,165 [da272425-beaf-4e2f-8d68-d332ab7aa6f3:group-0088140607CC:LeaderElection8] INFO  impl.RaftServerImpl (ServerState.java:setRaftConf(361)) - da272425-beaf-4e2f-8d68-d332ab7aa6f3:group-0088140607CC set configuration 0: [da272425-beaf-4e2f-8d68-d332ab7aa6f3:192.168.36.125:45418, b8ef9af6-352c-4d21-9a3e-6dd35f0a9afa:192.168.36.125:34128, e0f80305-a2e9-4cc8-bb71-ae23e33e4a24:192.168.36.125:34759], old=null at 0
2019-08-22 22:07:41,178 | INFO  | SCMAudit | user=jenkins1000 | ip=192.168.36.125 | op=SEND_HEARTBEAT {datanodeUUID=622387a1-0ff8-46d2-bb4b-d4ed28560aa4, command=[]} | ret=SUCCESS |  
2019-08-22 22:07:41,201 [grpc-default-executor-4] INFO  impl.RaftServerImpl (RaftServerImpl.java:setRole(171)) - 622387a1-0ff8-46d2-bb4b-d4ed28560aa4:group-A4586E5CDB72 changes role from FOLLOWER to FOLLOWER at term 1 for recognizeCandidate:2ad6dd5e-fcd5-41f9-b8db-8caf07d6cf0b
2019-08-22 22:07:41,201 [grpc-default-executor-4] INFO  impl.RoleInfo (RoleInfo.java:shutdownFollowerState(121)) - 622387a1-0ff8-46d2-bb4b-d4ed28560aa4: shutdown FollowerState
2019-08-22 22:07:41,201 [grpc-default-executor-4] INFO  impl.RoleInfo (RoleInfo.java:updateAndGet(143)) - 622387a1-0ff8-46d2-bb4b-d4ed28560aa4: start FollowerState
2019-08-22 22:07:41,201 [Thread-326] INFO  impl.FollowerState (FollowerState.java:run(114)) - 622387a1-0ff8-46d2-bb4b-d4ed28560aa4: FollowerState was interrupted: java.lang.InterruptedException: sleep interrupted
2019-08-22 22:07:41,207 [grpc-default-executor-1] INFO  impl.RaftServerImpl (ServerState.java:setLeader(263)) - e0f80305-a2e9-4cc8-bb71-ae23e33e4a24:group-0088140607CC change Leader from null to da272425-beaf-4e2f-8d68-d332ab7aa6f3 at term 1 for appendEntries, leader elected after 5281ms
2019-08-22 22:07:41,207 [grpc-default-executor-2] INFO  impl.RaftServerImpl (ServerState.java:setLeader(263)) - b8ef9af6-352c-4d21-9a3e-6dd35f0a9afa:group-0088140607CC change Leader from null to da272425-beaf-4e2f-8d68-d332ab7aa6f3 at term 1 for appendEntries, leader elected after 5281ms
2019-08-22 22:07:41,208 [362a0f32-a402-49c5-b39d-19ab87f59792:group-A4586E5CDB72:LeaderElection11] INFO  impl.LeaderElection (LeaderElection.java:logAndReturn(56)) - 362a0f32-a402-49c5-b39d-19ab87f59792:group-A4586E5CDB72:LeaderElection11: Election REJECTED; received 2 response(s) [362a0f32-a402-49c5-b39d-19ab87f59792<-622387a1-0ff8-46d2-bb4b-d4ed28560aa4#0:FAIL-t1, 362a0f32-a402-49c5-b39d-19ab87f59792<-2ad6dd5e-fcd5-41f9-b8db-8caf07d6cf0b#0:FAIL-t1] and 0 exception(s); 362a0f32-a402-49c5-b39d-19ab87f59792:t1, leader=null, voted=362a0f32-a402-49c5-b39d-19ab87f59792, raftlog=362a0f32-a402-49c5-b39d-19ab87f59792-SegmentedRaftLog:OPENED:c-1,f-1,i0, conf=-1: [622387a1-0ff8-46d2-bb4b-d4ed28560aa4:192.168.36.125:40753, 362a0f32-a402-49c5-b39d-19ab87f59792:192.168.36.125:45069, 2ad6dd5e-fcd5-41f9-b8db-8caf07d6cf0b:192.168.36.125:34484], old=null
2019-08-22 22:07:41,208 [362a0f32-a402-49c5-b39d-19ab87f59792:group-A4586E5CDB72:LeaderElection11] INFO  impl.RaftServerImpl (RaftServerImpl.java:setRole(171)) - 362a0f32-a402-49c5-b39d-19ab87f59792:group-A4586E5CDB72 changes role from CANDIDATE to FOLLOWER at term 1 for DISCOVERED_A_NEW_TERM
2019-08-22 22:07:41,211 [362a0f32-a402-49c5-b39d-19ab87f59792:group-A4586E5CDB72:LeaderElection11] INFO  impl.RoleInfo (RoleInfo.java:shutdownLeaderElection(134)) - 362a0f32-a402-49c5-b39d-19ab87f59792: shutdown LeaderElection
2019-08-22 22:07:41,211 [362a0f32-a402-49c5-b39d-19ab87f59792:group-A4586E5CDB72:LeaderElection11] INFO  impl.RoleInfo (RoleInfo.java:updateAndGet(143)) - 362a0f32-a402-49c5-b39d-19ab87f59792: start FollowerState
2019-08-22 22:07:41,221 | INFO  | SCMAudit | user=jenkins1000 | ip=192.168.36.125 | op=SEND_HEARTBEAT {datanodeUUID=da272425-beaf-4e2f-8d68-d332ab7aa6f3, command=[]} | ret=SUCCESS |  
2019-08-22 22:07:41,223 [da272425-beaf-4e2f-8d68-d332ab7aa6f3-SegmentedRaftLogWorker:Storage Directory /workdir/hadoop-ozone/integration-test/target/test-dir/MiniOzoneClusterImpl-a7d5ff65-5e52-402f-8358-0c413c1a32d7/datanode-6/data/ratis/9dcf578f-c2c5-40f0-bd5b-0088140607cc] INFO  segmented.SegmentedRaftLogWorker (SegmentedRaftLogWorker.java:execute(569)) - da272425-beaf-4e2f-8d68-d332ab7aa6f3-SegmentedRaftLogWorker:Storage Directory /workdir/hadoop-ozone/integration-test/target/test-dir/MiniOzoneClusterImpl-a7d5ff65-5e52-402f-8358-0c413c1a32d7/datanode-6/data/ratis/9dcf578f-c2c5-40f0-bd5b-0088140607cc: created new log segment /workdir/hadoop-ozone/integration-test/target/test-dir/MiniOzoneClusterImpl-a7d5ff65-5e52-402f-8358-0c413c1a32d7/datanode-6/data/ratis/9dcf578f-c2c5-40f0-bd5b-0088140607cc/current/log_inprogress_0
2019-08-22 22:07:41,229 [2ad6dd5e-fcd5-41f9-b8db-8caf07d6cf0b:group-A4586E5CDB72:LeaderElection10] INFO  impl.LeaderElection (LeaderElection.java:logAndReturn(56)) - 2ad6dd5e-fcd5-41f9-b8db-8caf07d6cf0b:group-A4586E5CDB72:LeaderElection10: Election PASSED; received 2 response(s) [2ad6dd5e-fcd5-41f9-b8db-8caf07d6cf0b<-622387a1-0ff8-46d2-bb4b-d4ed28560aa4#0:OK-t1, 2ad6dd5e-fcd5-41f9-b8db-8caf07d6cf0b<-362a0f32-a402-49c5-b39d-19ab87f59792#0:FAIL-t1] and 0 exception(s); 2ad6dd5e-fcd5-41f9-b8db-8caf07d6cf0b:t1, leader=null, voted=2ad6dd5e-fcd5-41f9-b8db-8caf07d6cf0b, raftlog=2ad6dd5e-fcd5-41f9-b8db-8caf07d6cf0b-SegmentedRaftLog:OPENED:c-1,f-1,i0, conf=-1: [622387a1-0ff8-46d2-bb4b-d4ed28560aa4:192.168.36.125:40753, 362a0f32-a402-49c5-b39d-19ab87f59792:192.168.36.125:45069, 2ad6dd5e-fcd5-41f9-b8db-8caf07d6cf0b:192.168.36.125:34484], old=null
2019-08-22 22:07:41,229 [2ad6dd5e-fcd5-41f9-b8db-8caf07d6cf0b:group-A4586E5CDB72:LeaderElection10] INFO  impl.RoleInfo (RoleInfo.java:shutdownLeaderElection(134)) - 2ad6dd5e-fcd5-41f9-b8db-8caf07d6cf0b: shutdown LeaderElection
2019-08-22 22:07:41,231 [2ad6dd5e-fcd5-41f9-b8db-8caf07d6cf0b:group-A4586E5CDB72:LeaderElection10] INFO  impl.RaftServerImpl (RaftServerImpl.java:setRole(171)) - 2ad6dd5e-fcd5-41f9-b8db-8caf07d6cf0b:group-A4586E5CDB72 changes role from CANDIDATE to LEADER at term 1 for changeToLeader
2019-08-22 22:07:41,232 [2ad6dd5e-fcd5-41f9-b8db-8caf07d6cf0b:group-A4586E5CDB72:LeaderElection10] INFO  impl.RaftServerImpl (ServerState.java:setLeader(263)) - 2ad6dd5e-fcd5-41f9-b8db-8caf07d6cf0b:group-A4586E5CDB72 change Leader from null to 2ad6dd5e-fcd5-41f9-b8db-8caf07d6cf0b at term 1 for becomeLeader, leader elected after 5196ms
2019-08-22 22:07:41,232 [2ad6dd5e-fcd5-41f9-b8db-8caf07d6cf0b:group-A4586E5CDB72:LeaderElection10] INFO  server.RaftServerConfigKeys (ConfUtils.java:logGet(43)) - raft.server.staging.catchup.gap = 1000 (default)
2019-08-22 22:07:41,232 [2ad6dd5e-fcd5-41f9-b8db-8caf07d6cf0b:group-A4586E5CDB72:LeaderElection10] INFO  server.RaftServerConfigKeys (ConfUtils.java:logGet(43)) - raft.server.rpc.sleep.time = 25ms (default)
2019-08-22 22:07:41,234 [2ad6dd5e-fcd5-41f9-b8db-8caf07d6cf0b:group-A4586E5CDB72:LeaderElection10] INFO  server.RaftServerConfigKeys (ConfUtils.java:logGet(43)) - raft.server.write.element-limit = 4096 (default)
2019-08-22 22:07:41,234 [2ad6dd5e-fcd5-41f9-b8db-8caf07d6cf0b:group-A4586E5CDB72:LeaderElection10] INFO  server.RaftServerConfigKeys (ConfUtils.java:logGet(43)) - raft.server.watch.timeout = 10s (default)
2019-08-22 22:07:41,234 [2ad6dd5e-fcd5-41f9-b8db-8caf07d6cf0b:group-A4586E5CDB72:LeaderElection10] INFO  server.RaftServerConfigKeys (ConfUtils.java:logGet(43)) - raft.server.watch.timeout.denomination = 1s (default)
2019-08-22 22:07:41,235 [2ad6dd5e-fcd5-41f9-b8db-8caf07d6cf0b:group-A4586E5CDB72:LeaderElection10] INFO  server.RaftServerConfigKeys (ConfUtils.java:logGet(43)) - raft.server.watch.element-limit = 65536 (default)
2019-08-22 22:07:41,235 [2ad6dd5e-fcd5-41f9-b8db-8caf07d6cf0b:group-A4586E5CDB72:LeaderElection10] INFO  server.RaftServerConfigKeys (ConfUtils.java:logGet(43)) - raft.server.log.appender.snapshot.chunk.size.max = 16MB (=16777216) (default)
2019-08-22 22:07:41,235 [2ad6dd5e-fcd5-41f9-b8db-8caf07d6cf0b:group-A4586E5CDB72:LeaderElection10] INFO  server.RaftServerConfigKeys (ConfUtils.java:logGet(43)) - raft.server.log.appender.buffer.byte-limit = 33554432 (custom)
2019-08-22 22:07:41,235 [2ad6dd5e-fcd5-41f9-b8db-8caf07d6cf0b:group-A4586E5CDB72:LeaderElection10] INFO  server.RaftServerConfigKeys (ConfUtils.java:logGet(43)) - raft.server.log.appender.buffer.element-limit = 1 (custom)
2019-08-22 22:07:41,235 [2ad6dd5e-fcd5-41f9-b8db-8caf07d6cf0b:group-A4586E5CDB72:LeaderElection10] INFO  grpc.GrpcConfigKeys$Server (ConfUtils.java:logGet(43)) - raft.grpc.server.leader.outstanding.appends.max = 128 (default)
2019-08-22 22:07:41,236 [2ad6dd5e-fcd5-41f9-b8db-8caf07d6cf0b:group-A4586E5CDB72:LeaderElection10] INFO  server.RaftServerConfigKeys (ConfUtils.java:logGet(43)) - raft.server.rpc.request.timeout = 3000ms (default)
2019-08-22 22:07:41,236 [2ad6dd5e-fcd5-41f9-b8db-8caf07d6cf0b:group-A4586E5CDB72:LeaderElection10] INFO  server.RaftServerConfigKeys (ConfUtils.java:logGet(43)) - raft.server.log.appender.install.snapshot.enabled = false (custom)
2019-08-22 22:07:41,236 [2ad6dd5e-fcd5-41f9-b8db-8caf07d6cf0b:group-A4586E5CDB72:LeaderElection10] INFO  server.RaftServerConfigKeys (ConfUtils.java:logGet(43)) - raft.server.log.appender.snapshot.chunk.size.max = 16MB (=16777216) (default)
2019-08-22 22:07:41,236 [2ad6dd5e-fcd5-41f9-b8db-8caf07d6cf0b:group-A4586E5CDB72:LeaderElection10] INFO  server.RaftServerConfigKeys (ConfUtils.java:logGet(43)) - raft.server.log.appender.buffer.byte-limit = 33554432 (custom)
2019-08-22 22:07:41,236 [2ad6dd5e-fcd5-41f9-b8db-8caf07d6cf0b:group-A4586E5CDB72:LeaderElection10] INFO  server.RaftServerConfigKeys (ConfUtils.java:logGet(43)) - raft.server.log.appender.buffer.element-limit = 1 (custom)
2019-08-22 22:07:41,236 [2ad6dd5e-fcd5-41f9-b8db-8caf07d6cf0b:group-A4586E5CDB72:LeaderElection10] INFO  grpc.GrpcConfigKeys$Server (ConfUtils.java:logGet(43)) - raft.grpc.server.leader.outstanding.appends.max = 128 (default)
2019-08-22 22:07:41,236 [2ad6dd5e-fcd5-41f9-b8db-8caf07d6cf0b:group-A4586E5CDB72:LeaderElection10] INFO  server.RaftServerConfigKeys (ConfUtils.java:logGet(43)) - raft.server.rpc.request.timeout = 3000ms (default)
2019-08-22 22:07:41,237 [2ad6dd5e-fcd5-41f9-b8db-8caf07d6cf0b:group-A4586E5CDB72:LeaderElection10] INFO  server.RaftServerConfigKeys (ConfUtils.java:logGet(43)) - raft.server.log.appender.install.snapshot.enabled = false (custom)
2019-08-22 22:07:41,237 [2ad6dd5e-fcd5-41f9-b8db-8caf07d6cf0b:group-A4586E5CDB72:LeaderElection10] INFO  impl.RoleInfo (RoleInfo.java:updateAndGet(143)) - 2ad6dd5e-fcd5-41f9-b8db-8caf07d6cf0b: start LeaderState
2019-08-22 22:07:41,237 [2ad6dd5e-fcd5-41f9-b8db-8caf07d6cf0b:group-A4586E5CDB72:LeaderElection10] INFO  segmented.SegmentedRaftLogWorker (SegmentedRaftLogWorker.java:startLogSegment(380)) - 2ad6dd5e-fcd5-41f9-b8db-8caf07d6cf0b-SegmentedRaftLogWorker:Storage Directory /workdir/hadoop-ozone/integration-test/target/test-dir/MiniOzoneClusterImpl-a7d5ff65-5e52-402f-8358-0c413c1a32d7/datanode-4/data/ratis/8a8c9061-1528-4871-8b23-a4586e5cdb72: Starting segment from index:0
2019-08-22 22:07:41,238 [2ad6dd5e-fcd5-41f9-b8db-8caf07d6cf0b:group-A4586E5CDB72:LeaderElection10] INFO  impl.RaftServerImpl (ServerState.java:setRaftConf(361)) - 2ad6dd5e-fcd5-41f9-b8db-8caf07d6cf0b:group-A4586E5CDB72 set configuration 0: [622387a1-0ff8-46d2-bb4b-d4ed28560aa4:192.168.36.125:40753, 362a0f32-a402-49c5-b39d-19ab87f59792:192.168.36.125:45069, 2ad6dd5e-fcd5-41f9-b8db-8caf07d6cf0b:192.168.36.125:34484], old=null at 0
2019-08-22 22:07:41,267 [grpc-default-executor-4] INFO  impl.RaftServerImpl (ServerState.java:setLeader(263)) - 362a0f32-a402-49c5-b39d-19ab87f59792:group-A4586E5CDB72 change Leader from null to 2ad6dd5e-fcd5-41f9-b8db-8caf07d6cf0b at term 1 for appendEntries, leader elected after 5232ms
2019-08-22 22:07:41,271 [grpc-default-executor-1] INFO  impl.RaftServerImpl (ServerState.java:setRaftConf(361)) - b8ef9af6-352c-4d21-9a3e-6dd35f0a9afa:group-0088140607CC set configuration 0: [da272425-beaf-4e2f-8d68-d332ab7aa6f3:192.168.36.125:45418, b8ef9af6-352c-4d21-9a3e-6dd35f0a9afa:192.168.36.125:34128, e0f80305-a2e9-4cc8-bb71-ae23e33e4a24:192.168.36.125:34759], old=null at 0
2019-08-22 22:07:41,271 [grpc-default-executor-2] INFO  impl.RaftServerImpl (ServerState.java:setRaftConf(361)) - e0f80305-a2e9-4cc8-bb71-ae23e33e4a24:group-0088140607CC set configuration 0: [da272425-beaf-4e2f-8d68-d332ab7aa6f3:192.168.36.125:45418, b8ef9af6-352c-4d21-9a3e-6dd35f0a9afa:192.168.36.125:34128, e0f80305-a2e9-4cc8-bb71-ae23e33e4a24:192.168.36.125:34759], old=null at 0
2019-08-22 22:07:41,271 [grpc-default-executor-1] INFO  segmented.SegmentedRaftLogWorker (SegmentedRaftLogWorker.java:startLogSegment(380)) - b8ef9af6-352c-4d21-9a3e-6dd35f0a9afa-SegmentedRaftLogWorker:Storage Directory /workdir/hadoop-ozone/integration-test/target/test-dir/MiniOzoneClusterImpl-a7d5ff65-5e52-402f-8358-0c413c1a32d7/datanode-0/data/ratis/9dcf578f-c2c5-40f0-bd5b-0088140607cc: Starting segment from index:0
2019-08-22 22:07:41,272 [grpc-default-executor-2] INFO  segmented.SegmentedRaftLogWorker (SegmentedRaftLogWorker.java:startLogSegment(380)) - e0f80305-a2e9-4cc8-bb71-ae23e33e4a24-SegmentedRaftLogWorker:Storage Directory /workdir/hadoop-ozone/integration-test/target/test-dir/MiniOzoneClusterImpl-a7d5ff65-5e52-402f-8358-0c413c1a32d7/datanode-5/data/ratis/9dcf578f-c2c5-40f0-bd5b-0088140607cc: Starting segment from index:0
2019-08-22 22:07:41,272 [grpc-default-executor-4] INFO  impl.RaftServerImpl (ServerState.java:setRaftConf(361)) - 362a0f32-a402-49c5-b39d-19ab87f59792:group-A4586E5CDB72 set configuration 0: [622387a1-0ff8-46d2-bb4b-d4ed28560aa4:192.168.36.125:40753, 362a0f32-a402-49c5-b39d-19ab87f59792:192.168.36.125:45069, 2ad6dd5e-fcd5-41f9-b8db-8caf07d6cf0b:192.168.36.125:34484], old=null at 0
2019-08-22 22:07:41,272 [grpc-default-executor-4] INFO  segmented.SegmentedRaftLogWorker (SegmentedRaftLogWorker.java:startLogSegment(380)) - 362a0f32-a402-49c5-b39d-19ab87f59792-SegmentedRaftLogWorker:Storage Directory /workdir/hadoop-ozone/integration-test/target/test-dir/MiniOzoneClusterImpl-a7d5ff65-5e52-402f-8358-0c413c1a32d7/datanode-1/data/ratis/8a8c9061-1528-4871-8b23-a4586e5cdb72: Starting segment from index:0
2019-08-22 22:07:41,299 [2ad6dd5e-fcd5-41f9-b8db-8caf07d6cf0b-SegmentedRaftLogWorker:Storage Directory /workdir/hadoop-ozone/integration-test/target/test-dir/MiniOzoneClusterImpl-a7d5ff65-5e52-402f-8358-0c413c1a32d7/datanode-4/data/ratis/8a8c9061-1528-4871-8b23-a4586e5cdb72] INFO  segmented.SegmentedRaftLogWorker (SegmentedRaftLogWorker.java:execute(569)) - 2ad6dd5e-fcd5-41f9-b8db-8caf07d6cf0b-SegmentedRaftLogWorker:Storage Directory /workdir/hadoop-ozone/integration-test/target/test-dir/MiniOzoneClusterImpl-a7d5ff65-5e52-402f-8358-0c413c1a32d7/datanode-4/data/ratis/8a8c9061-1528-4871-8b23-a4586e5cdb72: created new log segment /workdir/hadoop-ozone/integration-test/target/test-dir/MiniOzoneClusterImpl-a7d5ff65-5e52-402f-8358-0c413c1a32d7/datanode-4/data/ratis/8a8c9061-1528-4871-8b23-a4586e5cdb72/current/log_inprogress_0
2019-08-22 22:07:41,299 [622387a1-0ff8-46d2-bb4b-d4ed28560aa4:group-A4586E5CDB72:LeaderElection12] INFO  impl.LeaderElection (LeaderElection.java:askForVotes(181)) - 622387a1-0ff8-46d2-bb4b-d4ed28560aa4:group-A4586E5CDB72:LeaderElection12: begin an election at term 2 for -1: [622387a1-0ff8-46d2-bb4b-d4ed28560aa4:192.168.36.125:40753, 362a0f32-a402-49c5-b39d-19ab87f59792:192.168.36.125:45069, 2ad6dd5e-fcd5-41f9-b8db-8caf07d6cf0b:192.168.36.125:34484], old=null
2019-08-22 22:07:41,300 [622387a1-0ff8-46d2-bb4b-d4ed28560aa4:group-A4586E5CDB72:LeaderElection12] INFO  impl.LeaderElection (LeaderElection.java:logAndReturn(56)) - 622387a1-0ff8-46d2-bb4b-d4ed28560aa4:group-A4586E5CDB72:LeaderElection12: Election REJECTED; received 0 response(s) [] and 0 exception(s); 622387a1-0ff8-46d2-bb4b-d4ed28560aa4:t2, leader=null, voted=622387a1-0ff8-46d2-bb4b-d4ed28560aa4, raftlog=622387a1-0ff8-46d2-bb4b-d4ed28560aa4-SegmentedRaftLog:OPENED:c-1,f-1,i0, conf=-1: [622387a1-0ff8-46d2-bb4b-d4ed28560aa4:192.168.36.125:40753, 362a0f32-a402-49c5-b39d-19ab87f59792:192.168.36.125:45069, 2ad6dd5e-fcd5-41f9-b8db-8caf07d6cf0b:192.168.36.125:34484], old=null
2019-08-22 22:07:41,317 [Thread-335] INFO  impl.RaftServerImpl (ServerState.java:setLeader(263)) - 2ad6dd5e-fcd5-41f9-b8db-8caf07d6cf0b:group-A4586E5CDB72 change Leader from 2ad6dd5e-fcd5-41f9-b8db-8caf07d6cf0b to null at term 2 for updateCurrentTerm
2019-08-22 22:07:41,318 [Thread-335] INFO  impl.RaftServerImpl (RaftServerImpl.java:setRole(171)) - 2ad6dd5e-fcd5-41f9-b8db-8caf07d6cf0b:group-A4586E5CDB72 changes role from LEADER to FOLLOWER at term 2 for stepDown
2019-08-22 22:07:41,318 [Thread-335] INFO  impl.RoleInfo (RoleInfo.java:shutdownLeaderState(104)) - 2ad6dd5e-fcd5-41f9-b8db-8caf07d6cf0b: shutdown LeaderState
2019-08-22 22:07:41,322 [org.apache.ratis.server.impl.LogAppender$AppenderDaemon$$Lambda$434/249565244@4a590a22] WARN  server.GrpcLogAppender (GrpcLogAppender.java:mayWait(143)) - GrpcLogAppender(2ad6dd5e-fcd5-41f9-b8db-8caf07d6cf0b->362a0f32-a402-49c5-b39d-19ab87f59792): Wait interrupted by java.lang.InterruptedException
2019-08-22 22:07:41,323 [org.apache.ratis.server.impl.LogAppender$AppenderDaemon$$Lambda$434/249565244@f5b85ad] WARN  server.GrpcLogAppender (GrpcLogAppender.java:mayWait(143)) - GrpcLogAppender(2ad6dd5e-fcd5-41f9-b8db-8caf07d6cf0b->622387a1-0ff8-46d2-bb4b-d4ed28560aa4): Wait interrupted by java.lang.InterruptedException
2019-08-22 22:07:41,324 [Thread-335] INFO  impl.PendingRequests (PendingRequests.java:sendNotLeaderResponses(202)) - 2ad6dd5e-fcd5-41f9-b8db-8caf07d6cf0b-PendingRequests: sendNotLeaderResponses
2019-08-22 22:07:41,327 [grpc-default-executor-3] INFO  server.GrpcServerProtocolService (GrpcServerProtocolService.java:onCompleted(104)) - 622387a1-0ff8-46d2-bb4b-d4ed28560aa4: appendEntries completed
2019-08-22 22:07:41,333 [Thread-335] INFO  impl.RoleInfo (RoleInfo.java:updateAndGet(143)) - 2ad6dd5e-fcd5-41f9-b8db-8caf07d6cf0b: start FollowerState
2019-08-22 22:07:41,327 [grpc-default-executor-2] INFO  server.GrpcServerProtocolService (GrpcServerProtocolService.java:onCompleted(104)) - 362a0f32-a402-49c5-b39d-19ab87f59792: appendEntries completed
2019-08-22 22:07:41,333 [grpc-default-executor-4] INFO  impl.RaftServerImpl (ServerState.java:setLeader(263)) - 362a0f32-a402-49c5-b39d-19ab87f59792:group-A4586E5CDB72 change Leader from 2ad6dd5e-fcd5-41f9-b8db-8caf07d6cf0b to null at term 2 for updateCurrentTerm
2019-08-22 22:07:41,335 [grpc-default-executor-4] INFO  impl.RaftServerImpl (RaftServerImpl.java:setRole(171)) - 362a0f32-a402-49c5-b39d-19ab87f59792:group-A4586E5CDB72 changes role from FOLLOWER to FOLLOWER at term 2 for recognizeCandidate:622387a1-0ff8-46d2-bb4b-d4ed28560aa4
2019-08-22 22:07:41,335 [362a0f32-a402-49c5-b39d-19ab87f59792-SegmentedRaftLogWorker:Storage Directory /workdir/hadoop-ozone/integration-test/target/test-dir/MiniOzoneClusterImpl-a7d5ff65-5e52-402f-8358-0c413c1a32d7/datanode-1/data/ratis/8a8c9061-1528-4871-8b23-a4586e5cdb72] INFO  segmented.SegmentedRaftLogWorker (SegmentedRaftLogWorker.java:execute(569)) - 362a0f32-a402-49c5-b39d-19ab87f59792-SegmentedRaftLogWorker:Storage Directory /workdir/hadoop-ozone/integration-test/target/test-dir/MiniOzoneClusterImpl-a7d5ff65-5e52-402f-8358-0c413c1a32d7/datanode-1/data/ratis/8a8c9061-1528-4871-8b23-a4586e5cdb72: created new log segment /workdir/hadoop-ozone/integration-test/target/test-dir/MiniOzoneClusterImpl-a7d5ff65-5e52-402f-8358-0c413c1a32d7/datanode-1/data/ratis/8a8c9061-1528-4871-8b23-a4586e5cdb72/current/log_inprogress_0
2019-08-22 22:07:41,335 [b8ef9af6-352c-4d21-9a3e-6dd35f0a9afa-SegmentedRaftLogWorker:Storage Directory /workdir/hadoop-ozone/integration-test/target/test-dir/MiniOzoneClusterImpl-a7d5ff65-5e52-402f-8358-0c413c1a32d7/datanode-0/data/ratis/9dcf578f-c2c5-40f0-bd5b-0088140607cc] INFO  segmented.SegmentedRaftLogWorker (SegmentedRaftLogWorker.java:execute(569)) - b8ef9af6-352c-4d21-9a3e-6dd35f0a9afa-SegmentedRaftLogWorker:Storage Directory /workdir/hadoop-ozone/integration-test/target/test-dir/MiniOzoneClusterImpl-a7d5ff65-5e52-402f-8358-0c413c1a32d7/datanode-0/data/ratis/9dcf578f-c2c5-40f0-bd5b-0088140607cc: created new log segment /workdir/hadoop-ozone/integration-test/target/test-dir/MiniOzoneClusterImpl-a7d5ff65-5e52-402f-8358-0c413c1a32d7/datanode-0/data/ratis/9dcf578f-c2c5-40f0-bd5b-0088140607cc/current/log_inprogress_0
2019-08-22 22:07:41,335 [e0f80305-a2e9-4cc8-bb71-ae23e33e4a24-SegmentedRaftLogWorker:Storage Directory /workdir/hadoop-ozone/integration-test/target/test-dir/MiniOzoneClusterImpl-a7d5ff65-5e52-402f-8358-0c413c1a32d7/datanode-5/data/ratis/9dcf578f-c2c5-40f0-bd5b-0088140607cc] INFO  segmented.SegmentedRaftLogWorker (SegmentedRaftLogWorker.java:execute(569)) - e0f80305-a2e9-4cc8-bb71-ae23e33e4a24-SegmentedRaftLogWorker:Storage Directory /workdir/hadoop-ozone/integration-test/target/test-dir/MiniOzoneClusterImpl-a7d5ff65-5e52-402f-8358-0c413c1a32d7/datanode-5/data/ratis/9dcf578f-c2c5-40f0-bd5b-0088140607cc: created new log segment /workdir/hadoop-ozone/integration-test/target/test-dir/MiniOzoneClusterImpl-a7d5ff65-5e52-402f-8358-0c413c1a32d7/datanode-5/data/ratis/9dcf578f-c2c5-40f0-bd5b-0088140607cc/current/log_inprogress_0
2019-08-22 22:07:41,335 [grpc-default-executor-4] INFO  impl.RoleInfo (RoleInfo.java:shutdownFollowerState(121)) - 362a0f32-a402-49c5-b39d-19ab87f59792: shutdown FollowerState
2019-08-22 22:07:41,339 [Thread-332] INFO  impl.FollowerState (FollowerState.java:run(114)) - 362a0f32-a402-49c5-b39d-19ab87f59792: FollowerState was interrupted: java.lang.InterruptedException: sleep interrupted
2019-08-22 22:07:41,339 [grpc-default-executor-4] INFO  impl.RoleInfo (RoleInfo.java:updateAndGet(143)) - 362a0f32-a402-49c5-b39d-19ab87f59792: start FollowerState
2019-08-22 22:07:41,342 [grpc-default-executor-2] INFO  server.GrpcLogAppender (GrpcLogAppender.java:onCompleted(292)) - 2ad6dd5e-fcd5-41f9-b8db-8caf07d6cf0b->622387a1-0ff8-46d2-bb4b-d4ed28560aa4: follower responses appendEntries COMPLETED
2019-08-22 22:07:41,342 [grpc-default-executor-1] INFO  server.GrpcLogAppender (GrpcLogAppender.java:onCompleted(292)) - 2ad6dd5e-fcd5-41f9-b8db-8caf07d6cf0b->362a0f32-a402-49c5-b39d-19ab87f59792: follower responses appendEntries COMPLETED
2019-08-22 22:07:41,345 [grpc-default-executor-2] INFO  impl.FollowerInfo (FollowerInfo.java:lambda$new$0(50)) - 2ad6dd5e-fcd5-41f9-b8db-8caf07d6cf0b->622387a1-0ff8-46d2-bb4b-d4ed28560aa4: nextIndex: updateUnconditionally 0 -> 0
2019-08-22 22:07:41,345 [grpc-default-executor-1] INFO  impl.FollowerInfo (FollowerInfo.java:lambda$new$0(50)) - 2ad6dd5e-fcd5-41f9-b8db-8caf07d6cf0b->362a0f32-a402-49c5-b39d-19ab87f59792: nextIndex: updateUnconditionally 1 -> 0
2019-08-22 22:07:41,360 [grpc-default-executor-3] INFO  impl.RaftServerImpl (RaftServerImpl.java:setRole(171)) - 2ad6dd5e-fcd5-41f9-b8db-8caf07d6cf0b:group-A4586E5CDB72 changes role from FOLLOWER to FOLLOWER at term 2 for recognizeCandidate:622387a1-0ff8-46d2-bb4b-d4ed28560aa4
2019-08-22 22:07:41,360 [grpc-default-executor-3] INFO  impl.RoleInfo (RoleInfo.java:shutdownFollowerState(121)) - 2ad6dd5e-fcd5-41f9-b8db-8caf07d6cf0b: shutdown FollowerState
2019-08-22 22:07:41,361 [grpc-default-executor-3] INFO  impl.RoleInfo (RoleInfo.java:updateAndGet(143)) - 2ad6dd5e-fcd5-41f9-b8db-8caf07d6cf0b: start FollowerState
2019-08-22 22:07:41,361 [Thread-343] INFO  impl.FollowerState (FollowerState.java:run(114)) - 2ad6dd5e-fcd5-41f9-b8db-8caf07d6cf0b: FollowerState was interrupted: java.lang.InterruptedException: sleep interrupted
2019-08-22 22:07:41,640 | INFO  | SCMAudit | user=jenkins1000 | ip=192.168.36.125 | op=SEND_HEARTBEAT {datanodeUUID=31687c82-0c07-4c25-b0e4-b592672e89de, command=[]} | ret=SUCCESS |  
2019-08-22 22:07:41,701 | INFO  | SCMAudit | user=jenkins1000 | ip=192.168.36.125 | op=SEND_HEARTBEAT {datanodeUUID=2ad6dd5e-fcd5-41f9-b8db-8caf07d6cf0b, command=[]} | ret=SUCCESS |  
2019-08-22 22:07:41,727 | INFO  | SCMAudit | user=jenkins1000 | ip=192.168.36.125 | op=SEND_HEARTBEAT {datanodeUUID=b8ef9af6-352c-4d21-9a3e-6dd35f0a9afa, command=[]} | ret=SUCCESS |  
2019-08-22 22:07:41,928 | INFO  | SCMAudit | user=jenkins1000 | ip=192.168.36.125 | op=SEND_HEARTBEAT {datanodeUUID=362a0f32-a402-49c5-b39d-19ab87f59792, command=[]} | ret=SUCCESS |  
2019-08-22 22:07:42,004 | INFO  | SCMAudit | user=jenkins1000 | ip=192.168.36.125 | op=SEND_HEARTBEAT {datanodeUUID=e0f80305-a2e9-4cc8-bb71-ae23e33e4a24, command=[]} | ret=SUCCESS |  
2019-08-22 22:07:42,130 | INFO  | SCMAudit | user=jenkins1000 | ip=192.168.36.125 | op=SEND_HEARTBEAT {datanodeUUID=da272425-beaf-4e2f-8d68-d332ab7aa6f3, command=[]} | ret=SUCCESS |  
2019-08-22 22:07:42,130 | INFO  | SCMAudit | user=jenkins1000 | ip=192.168.36.125 | op=SEND_HEARTBEAT {datanodeUUID=b8ef9af6-352c-4d21-9a3e-6dd35f0a9afa, command=[]} | ret=SUCCESS |  
2019-08-22 22:07:42,130 | INFO  | SCMAudit | user=jenkins1000 | ip=192.168.36.125 | op=SEND_HEARTBEAT {datanodeUUID=e0f80305-a2e9-4cc8-bb71-ae23e33e4a24, command=[]} | ret=SUCCESS |  
2019-08-22 22:07:42,135 | INFO  | DNAudit | user=null | ip=null | op=CREATE_CONTAINER {containerID=1, containerType=KeyValueContainer} | ret=SUCCESS |  
2019-08-22 22:07:42,135 | INFO  | DNAudit | user=null | ip=null | op=CREATE_CONTAINER {containerID=1, containerType=KeyValueContainer} | ret=SUCCESS |  
2019-08-22 22:07:42,135 | INFO  | DNAudit | user=null | ip=null | op=CREATE_CONTAINER {containerID=1, containerType=KeyValueContainer} | ret=SUCCESS |  
2019-08-22 22:07:42,146 [grpc-default-executor-3] INFO  client.GrpcClientProtocolClient (GrpcClientProtocolClient.java:onNext(255)) - client-0A7B88AEA72D->da272425-beaf-4e2f-8d68-d332ab7aa6f3: receive RaftClientReply:client-0A7B88AEA72D->da272425-beaf-4e2f-8d68-d332ab7aa6f3@group-0088140607CC, cid=13, SUCCESS, logIndex=1, commits[da272425-beaf-4e2f-8d68-d332ab7aa6f3:c2, b8ef9af6-352c-4d21-9a3e-6dd35f0a9afa:c1, e0f80305-a2e9-4cc8-bb71-ae23e33e4a24:c1]
2019-08-22 22:07:42,152 [main] INFO  datanode.ObjectStoreHandler (ObjectStoreHandler.java:close(155)) - Closing ObjectStoreHandler.
2019-08-22 22:07:42,153 [main] INFO  ozone.HddsDatanodeService (HddsDatanodeService.java:stop(451)) - Stopped plug-in org.apache.hadoop.ozone.web.OzoneHddsDatanodeService@1805383
2019-08-22 22:07:42,178 | INFO  | SCMAudit | user=jenkins1000 | ip=192.168.36.125 | op=SEND_HEARTBEAT {datanodeUUID=622387a1-0ff8-46d2-bb4b-d4ed28560aa4, command=[]} | ret=SUCCESS |  
2019-08-22 22:07:42,639 | INFO  | SCMAudit | user=jenkins1000 | ip=192.168.36.125 | op=SEND_HEARTBEAT {datanodeUUID=31687c82-0c07-4c25-b0e4-b592672e89de, command=[]} | ret=SUCCESS |  
2019-08-22 22:07:42,700 | INFO  | SCMAudit | user=jenkins1000 | ip=192.168.36.125 | op=SEND_HEARTBEAT {datanodeUUID=2ad6dd5e-fcd5-41f9-b8db-8caf07d6cf0b, command=[]} | ret=SUCCESS |  
2019-08-22 22:07:42,929 | INFO  | SCMAudit | user=jenkins1000 | ip=192.168.36.125 | op=SEND_HEARTBEAT {datanodeUUID=362a0f32-a402-49c5-b39d-19ab87f59792, command=[]} | ret=SUCCESS |  
2019-08-22 22:07:43,103 [Datanode State Machine Thread - 0] INFO  statemachine.DatanodeStateMachine (DatanodeStateMachine.java:lambda$startDaemon$0(350)) - Ozone container server started.
2019-08-22 22:07:43,104 | INFO  | SCMAudit | user=jenkins1000 | ip=192.168.36.125 | op=SEND_HEARTBEAT {datanodeUUID=e0f80305-a2e9-4cc8-bb71-ae23e33e4a24, command=[]} | ret=SUCCESS |  
2019-08-22 22:07:43,104 | INFO  | SCMAudit | user=jenkins1000 | ip=192.168.36.125 | op=SEND_HEARTBEAT {datanodeUUID=b8ef9af6-352c-4d21-9a3e-6dd35f0a9afa, command=[]} | ret=SUCCESS |  
2019-08-22 22:07:43,178 | INFO  | SCMAudit | user=jenkins1000 | ip=192.168.36.125 | op=SEND_HEARTBEAT {datanodeUUID=622387a1-0ff8-46d2-bb4b-d4ed28560aa4, command=[]} | ret=SUCCESS |  
2019-08-22 22:07:43,639 | INFO  | SCMAudit | user=jenkins1000 | ip=192.168.36.125 | op=SEND_HEARTBEAT {datanodeUUID=31687c82-0c07-4c25-b0e4-b592672e89de, command=[]} | ret=SUCCESS |  
2019-08-22 22:07:43,700 | INFO  | SCMAudit | user=jenkins1000 | ip=192.168.36.125 | op=SEND_HEARTBEAT {datanodeUUID=2ad6dd5e-fcd5-41f9-b8db-8caf07d6cf0b, command=[]} | ret=SUCCESS |  
2019-08-22 22:07:43,928 | INFO  | SCMAudit | user=jenkins1000 | ip=192.168.36.125 | op=SEND_HEARTBEAT {datanodeUUID=362a0f32-a402-49c5-b39d-19ab87f59792, command=[]} | ret=SUCCESS |  
2019-08-22 22:07:44,104 | INFO  | SCMAudit | user=jenkins1000 | ip=192.168.36.125 | op=SEND_HEARTBEAT {datanodeUUID=e0f80305-a2e9-4cc8-bb71-ae23e33e4a24, command=[]} | ret=SUCCESS |  
2019-08-22 22:07:44,104 | INFO  | SCMAudit | user=jenkins1000 | ip=192.168.36.125 | op=SEND_HEARTBEAT {datanodeUUID=b8ef9af6-352c-4d21-9a3e-6dd35f0a9afa, command=[]} | ret=SUCCESS |  
2019-08-22 22:07:44,181 | INFO  | SCMAudit | user=jenkins1000 | ip=192.168.36.125 | op=SEND_HEARTBEAT {datanodeUUID=622387a1-0ff8-46d2-bb4b-d4ed28560aa4, command=[]} | ret=SUCCESS |  
2019-08-22 22:07:44,640 | INFO  | SCMAudit | user=jenkins1000 | ip=192.168.36.125 | op=SEND_HEARTBEAT {datanodeUUID=31687c82-0c07-4c25-b0e4-b592672e89de, command=[]} | ret=SUCCESS |  
2019-08-22 22:07:44,701 | INFO  | SCMAudit | user=jenkins1000 | ip=192.168.36.125 | op=SEND_HEARTBEAT {datanodeUUID=2ad6dd5e-fcd5-41f9-b8db-8caf07d6cf0b, command=[]} | ret=SUCCESS |  
2019-08-22 22:07:44,928 | INFO  | SCMAudit | user=jenkins1000 | ip=192.168.36.125 | op=SEND_HEARTBEAT {datanodeUUID=362a0f32-a402-49c5-b39d-19ab87f59792, command=[]} | ret=SUCCESS |  
2019-08-22 22:07:45,104 | INFO  | SCMAudit | user=jenkins1000 | ip=192.168.36.125 | op=SEND_HEARTBEAT {datanodeUUID=b8ef9af6-352c-4d21-9a3e-6dd35f0a9afa, command=[]} | ret=SUCCESS |  
2019-08-22 22:07:45,104 | INFO  | SCMAudit | user=jenkins1000 | ip=192.168.36.125 | op=SEND_HEARTBEAT {datanodeUUID=e0f80305-a2e9-4cc8-bb71-ae23e33e4a24, command=[]} | ret=SUCCESS |  
2019-08-22 22:07:45,178 | INFO  | SCMAudit | user=jenkins1000 | ip=192.168.36.125 | op=SEND_HEARTBEAT {datanodeUUID=622387a1-0ff8-46d2-bb4b-d4ed28560aa4, command=[]} | ret=SUCCESS |  
2019-08-22 22:07:45,639 | INFO  | SCMAudit | user=jenkins1000 | ip=192.168.36.125 | op=SEND_HEARTBEAT {datanodeUUID=31687c82-0c07-4c25-b0e4-b592672e89de, command=[]} | ret=SUCCESS |  
2019-08-22 22:07:45,700 | INFO  | SCMAudit | user=jenkins1000 | ip=192.168.36.125 | op=SEND_HEARTBEAT {datanodeUUID=2ad6dd5e-fcd5-41f9-b8db-8caf07d6cf0b, command=[]} | ret=SUCCESS |  
2019-08-22 22:07:45,929 | INFO  | SCMAudit | user=jenkins1000 | ip=192.168.36.125 | op=SEND_HEARTBEAT {datanodeUUID=362a0f32-a402-49c5-b39d-19ab87f59792, command=[]} | ret=SUCCESS |  
2019-08-22 22:07:46,104 | INFO  | SCMAudit | user=jenkins1000 | ip=192.168.36.125 | op=SEND_HEARTBEAT {datanodeUUID=e0f80305-a2e9-4cc8-bb71-ae23e33e4a24, command=[]} | ret=SUCCESS |  
2019-08-22 22:07:46,104 | INFO  | SCMAudit | user=jenkins1000 | ip=192.168.36.125 | op=SEND_HEARTBEAT {datanodeUUID=b8ef9af6-352c-4d21-9a3e-6dd35f0a9afa, command=[]} | ret=SUCCESS |  
2019-08-22 22:07:46,178 | INFO  | SCMAudit | user=jenkins1000 | ip=192.168.36.125 | op=SEND_HEARTBEAT {datanodeUUID=622387a1-0ff8-46d2-bb4b-d4ed28560aa4, command=[]} | ret=SUCCESS |  
2019-08-22 22:07:46,287 [Thread-331] INFO  impl.FollowerState (FollowerState.java:run(106)) - 622387a1-0ff8-46d2-bb4b-d4ed28560aa4:group-A4586E5CDB72 changes to CANDIDATE, lastRpcTime:5085, electionTimeout:5084ms
2019-08-22 22:07:46,287 [Thread-331] INFO  impl.RoleInfo (RoleInfo.java:shutdownFollowerState(121)) - 622387a1-0ff8-46d2-bb4b-d4ed28560aa4: shutdown FollowerState
2019-08-22 22:07:46,288 [Thread-331] INFO  impl.RaftServerImpl (RaftServerImpl.java:setRole(171)) - 622387a1-0ff8-46d2-bb4b-d4ed28560aa4:group-A4586E5CDB72 changes role from FOLLOWER to CANDIDATE at term 2 for changeToCandidate
2019-08-22 22:07:46,288 [Thread-331] INFO  impl.RoleInfo (RoleInfo.java:updateAndGet(143)) - 622387a1-0ff8-46d2-bb4b-d4ed28560aa4: start LeaderElection
2019-08-22 22:07:46,317 [622387a1-0ff8-46d2-bb4b-d4ed28560aa4:group-A4586E5CDB72:LeaderElection13] INFO  impl.LeaderElection (LeaderElection.java:askForVotes(181)) - 622387a1-0ff8-46d2-bb4b-d4ed28560aa4:group-A4586E5CDB72:LeaderElection13: begin an election at term 3 for -1: [622387a1-0ff8-46d2-bb4b-d4ed28560aa4:192.168.36.125:40753, 362a0f32-a402-49c5-b39d-19ab87f59792:192.168.36.125:45069, 2ad6dd5e-fcd5-41f9-b8db-8caf07d6cf0b:192.168.36.125:34484], old=null
2019-08-22 22:07:46,328 [grpc-default-executor-3] INFO  impl.RaftServerImpl (RaftServerImpl.java:setRole(171)) - 362a0f32-a402-49c5-b39d-19ab87f59792:group-A4586E5CDB72 changes role from FOLLOWER to FOLLOWER at term 3 for recognizeCandidate:622387a1-0ff8-46d2-bb4b-d4ed28560aa4
2019-08-22 22:07:46,328 [grpc-default-executor-4] INFO  impl.RaftServerImpl (RaftServerImpl.java:setRole(171)) - 2ad6dd5e-fcd5-41f9-b8db-8caf07d6cf0b:group-A4586E5CDB72 changes role from FOLLOWER to FOLLOWER at term 3 for recognizeCandidate:622387a1-0ff8-46d2-bb4b-d4ed28560aa4
2019-08-22 22:07:46,328 [grpc-default-executor-3] INFO  impl.RoleInfo (RoleInfo.java:shutdownFollowerState(121)) - 362a0f32-a402-49c5-b39d-19ab87f59792: shutdown FollowerState
2019-08-22 22:07:46,328 [grpc-default-executor-4] INFO  impl.RoleInfo (RoleInfo.java:shutdownFollowerState(121)) - 2ad6dd5e-fcd5-41f9-b8db-8caf07d6cf0b: shutdown FollowerState
2019-08-22 22:07:46,329 [grpc-default-executor-3] INFO  impl.RoleInfo (RoleInfo.java:updateAndGet(143)) - 362a0f32-a402-49c5-b39d-19ab87f59792: start FollowerState
2019-08-22 22:07:46,329 [Thread-348] INFO  impl.FollowerState (FollowerState.java:run(114)) - 2ad6dd5e-fcd5-41f9-b8db-8caf07d6cf0b: FollowerState was interrupted: java.lang.InterruptedException: sleep interrupted
2019-08-22 22:07:46,329 [grpc-default-executor-4] INFO  impl.RoleInfo (RoleInfo.java:updateAndGet(143)) - 2ad6dd5e-fcd5-41f9-b8db-8caf07d6cf0b: start FollowerState
2019-08-22 22:07:46,329 [Thread-344] INFO  impl.FollowerState (FollowerState.java:run(114)) - 362a0f32-a402-49c5-b39d-19ab87f59792: FollowerState was interrupted: java.lang.InterruptedException: sleep interrupted
2019-08-22 22:07:46,359 [622387a1-0ff8-46d2-bb4b-d4ed28560aa4:group-A4586E5CDB72:LeaderElection13] INFO  impl.LeaderElection (LeaderElection.java:logAndReturn(56)) - 622387a1-0ff8-46d2-bb4b-d4ed28560aa4:group-A4586E5CDB72:LeaderElection13: Election REJECTED; received 2 response(s) [622387a1-0ff8-46d2-bb4b-d4ed28560aa4<-362a0f32-a402-49c5-b39d-19ab87f59792#0:FAIL-t3, 622387a1-0ff8-46d2-bb4b-d4ed28560aa4<-2ad6dd5e-fcd5-41f9-b8db-8caf07d6cf0b#0:FAIL-t3] and 0 exception(s); 622387a1-0ff8-46d2-bb4b-d4ed28560aa4:t3, leader=null, voted=622387a1-0ff8-46d2-bb4b-d4ed28560aa4, raftlog=622387a1-0ff8-46d2-bb4b-d4ed28560aa4-SegmentedRaftLog:OPENED:c-1,f-1,i0, conf=-1: [622387a1-0ff8-46d2-bb4b-d4ed28560aa4:192.168.36.125:40753, 362a0f32-a402-49c5-b39d-19ab87f59792:192.168.36.125:45069, 2ad6dd5e-fcd5-41f9-b8db-8caf07d6cf0b:192.168.36.125:34484], old=null
2019-08-22 22:07:46,360 [622387a1-0ff8-46d2-bb4b-d4ed28560aa4:group-A4586E5CDB72:LeaderElection13] INFO  impl.RaftServerImpl (RaftServerImpl.java:setRole(171)) - 622387a1-0ff8-46d2-bb4b-d4ed28560aa4:group-A4586E5CDB72 changes role from CANDIDATE to FOLLOWER at term 3 for DISCOVERED_A_NEW_TERM
2019-08-22 22:07:46,362 [622387a1-0ff8-46d2-bb4b-d4ed28560aa4:group-A4586E5CDB72:LeaderElection13] INFO  impl.RoleInfo (RoleInfo.java:shutdownLeaderElection(134)) - 622387a1-0ff8-46d2-bb4b-d4ed28560aa4: shutdown LeaderElection
2019-08-22 22:07:46,362 [622387a1-0ff8-46d2-bb4b-d4ed28560aa4:group-A4586E5CDB72:LeaderElection13] INFO  impl.RoleInfo (RoleInfo.java:updateAndGet(143)) - 622387a1-0ff8-46d2-bb4b-d4ed28560aa4: start FollowerState
2019-08-22 22:07:46,639 | INFO  | SCMAudit | user=jenkins1000 | ip=192.168.36.125 | op=SEND_HEARTBEAT {datanodeUUID=31687c82-0c07-4c25-b0e4-b592672e89de, command=[]} | ret=SUCCESS |  
2019-08-22 22:07:46,700 | INFO  | SCMAudit | user=jenkins1000 | ip=192.168.36.125 | op=SEND_HEARTBEAT {datanodeUUID=2ad6dd5e-fcd5-41f9-b8db-8caf07d6cf0b, command=[]} | ret=SUCCESS |  
2019-08-22 22:07:46,928 | INFO  | SCMAudit | user=jenkins1000 | ip=192.168.36.125 | op=SEND_HEARTBEAT {datanodeUUID=362a0f32-a402-49c5-b39d-19ab87f59792, command=[]} | ret=SUCCESS |  
2019-08-22 22:07:47,105 | INFO  | SCMAudit | user=jenkins1000 | ip=192.168.36.125 | op=SEND_HEARTBEAT {datanodeUUID=b8ef9af6-352c-4d21-9a3e-6dd35f0a9afa, command=[]} | ret=SUCCESS |  
2019-08-22 22:07:47,105 | INFO  | SCMAudit | user=jenkins1000 | ip=192.168.36.125 | op=SEND_HEARTBEAT {datanodeUUID=e0f80305-a2e9-4cc8-bb71-ae23e33e4a24, command=[]} | ret=SUCCESS |  
2019-08-22 22:07:47,155 [main] INFO  ozoneimpl.OzoneContainer (OzoneContainer.java:stop(199)) - Attempting to stop container services.
2019-08-22 22:07:47,159 [main] INFO  impl.RaftServerProxy (RaftServerProxy.java:lambda$close$4(314)) - da272425-beaf-4e2f-8d68-d332ab7aa6f3: close
2019-08-22 22:07:47,161 [main] INFO  impl.RaftServerImpl (RaftServerImpl.java:lambda$shutdown$3(245)) - da272425-beaf-4e2f-8d68-d332ab7aa6f3: shutdown group-0088140607CC
2019-08-22 22:07:47,162 [main] INFO  util.JmxRegister (JmxRegister.java:unregister(73)) - Successfully un-registered JMX Bean with object name Ratis:service=RaftServer,group=group-0088140607CC,id=da272425-beaf-4e2f-8d68-d332ab7aa6f3
2019-08-22 22:07:47,162 [main] INFO  impl.RoleInfo (RoleInfo.java:shutdownLeaderState(104)) - da272425-beaf-4e2f-8d68-d332ab7aa6f3: shutdown LeaderState
2019-08-22 22:07:47,166 [org.apache.ratis.server.impl.LogAppender$AppenderDaemon$$Lambda$434/249565244@63d0bd99] WARN  server.GrpcLogAppender (GrpcLogAppender.java:mayWait(143)) - GrpcLogAppender(da272425-beaf-4e2f-8d68-d332ab7aa6f3->b8ef9af6-352c-4d21-9a3e-6dd35f0a9afa): Wait interrupted by java.lang.InterruptedException
2019-08-22 22:07:47,166 [main] INFO  impl.PendingRequests (PendingRequests.java:sendNotLeaderResponses(202)) - da272425-beaf-4e2f-8d68-d332ab7aa6f3-PendingRequests: sendNotLeaderResponses
2019-08-22 22:07:47,166 [org.apache.ratis.server.impl.LogAppender$AppenderDaemon$$Lambda$434/249565244@555eb27a] WARN  server.GrpcLogAppender (GrpcLogAppender.java:mayWait(143)) - GrpcLogAppender(da272425-beaf-4e2f-8d68-d332ab7aa6f3->e0f80305-a2e9-4cc8-bb71-ae23e33e4a24): Wait interrupted by java.lang.InterruptedException
2019-08-22 22:07:47,173 [main] INFO  impl.StateMachineUpdater (StateMachineUpdater.java:stopAndJoin(115)) - StateMachineUpdater:da272425-beaf-4e2f-8d68-d332ab7aa6f3:group-0088140607CC: set stopIndex = 2
2019-08-22 22:07:47,173 [grpc-default-executor-3] INFO  server.GrpcServerProtocolService (GrpcServerProtocolService.java:onCompleted(104)) - b8ef9af6-352c-4d21-9a3e-6dd35f0a9afa: appendEntries completed
2019-08-22 22:07:47,175 [grpc-default-executor-4] INFO  server.GrpcServerProtocolService (GrpcServerProtocolService.java:onCompleted(104)) - e0f80305-a2e9-4cc8-bb71-ae23e33e4a24: appendEntries completed
2019-08-22 22:07:47,175 [StateMachineUpdater:da272425-beaf-4e2f-8d68-d332ab7aa6f3:group-0088140607CC] INFO  ratis.ContainerStateMachine (ContainerStateMachine.java:takeSnapshot(283)) - group-0088140607CC: Taking a snapshot at:(t:1, i:2) file /workdir/hadoop-ozone/integration-test/target/test-dir/MiniOzoneClusterImpl-a7d5ff65-5e52-402f-8358-0c413c1a32d7/datanode-6/data/ratis/9dcf578f-c2c5-40f0-bd5b-0088140607cc/sm/snapshot.1_2
2019-08-22 22:07:47,182 [grpc-default-executor-4] INFO  server.GrpcLogAppender (GrpcLogAppender.java:onCompleted(292)) - da272425-beaf-4e2f-8d68-d332ab7aa6f3->e0f80305-a2e9-4cc8-bb71-ae23e33e4a24: follower responses appendEntries COMPLETED
2019-08-22 22:07:47,185 | INFO  | SCMAudit | user=jenkins1000 | ip=192.168.36.125 | op=SEND_HEARTBEAT {datanodeUUID=622387a1-0ff8-46d2-bb4b-d4ed28560aa4, command=[]} | ret=SUCCESS |  
2019-08-22 22:07:47,185 [grpc-default-executor-3] INFO  server.GrpcLogAppender (GrpcLogAppender.java:onCompleted(292)) - da272425-beaf-4e2f-8d68-d332ab7aa6f3->b8ef9af6-352c-4d21-9a3e-6dd35f0a9afa: follower responses appendEntries COMPLETED
2019-08-22 22:07:47,185 [grpc-default-executor-4] INFO  impl.FollowerInfo (FollowerInfo.java:lambda$new$0(50)) - da272425-beaf-4e2f-8d68-d332ab7aa6f3->e0f80305-a2e9-4cc8-bb71-ae23e33e4a24: nextIndex: updateUnconditionally 3 -> 2
2019-08-22 22:07:47,190 [grpc-default-executor-3] INFO  impl.FollowerInfo (FollowerInfo.java:lambda$new$0(50)) - da272425-beaf-4e2f-8d68-d332ab7aa6f3->b8ef9af6-352c-4d21-9a3e-6dd35f0a9afa: nextIndex: updateUnconditionally 3 -> 2
2019-08-22 22:07:47,212 [StateMachineUpdater:da272425-beaf-4e2f-8d68-d332ab7aa6f3:group-0088140607CC] INFO  ratis.ContainerStateMachine (ContainerStateMachine.java:takeSnapshot(294)) - group-0088140607CC: Finished taking a snapshot at:(t:1, i:2) file:/workdir/hadoop-ozone/integration-test/target/test-dir/MiniOzoneClusterImpl-a7d5ff65-5e52-402f-8358-0c413c1a32d7/datanode-6/data/ratis/9dcf578f-c2c5-40f0-bd5b-0088140607cc/sm/snapshot.1_2 time:39
2019-08-22 22:07:47,212 [StateMachineUpdater:da272425-beaf-4e2f-8d68-d332ab7aa6f3:group-0088140607CC] INFO  impl.StateMachineUpdater (StateMachineUpdater.java:takeSnapshot(242)) - StateMachineUpdater:da272425-beaf-4e2f-8d68-d332ab7aa6f3:group-0088140607CC: Took a snapshot at index 2
2019-08-22 22:07:47,215 [StateMachineUpdater:da272425-beaf-4e2f-8d68-d332ab7aa6f3:group-0088140607CC] INFO  impl.StateMachineUpdater (StateMachineUpdater.java:lambda$new$0(80)) - StateMachineUpdater:da272425-beaf-4e2f-8d68-d332ab7aa6f3:group-0088140607CC: snapshotIndex: updateIncreasingly -1 -> 2
2019-08-22 22:07:47,224 [main] INFO  impl.RaftServerImpl (ServerState.java:close(394)) - da272425-beaf-4e2f-8d68-d332ab7aa6f3:group-0088140607CC closes. The last applied log index is 2
2019-08-22 22:07:47,226 [da272425-beaf-4e2f-8d68-d332ab7aa6f3-SegmentedRaftLogWorker:Storage Directory /workdir/hadoop-ozone/integration-test/target/test-dir/MiniOzoneClusterImpl-a7d5ff65-5e52-402f-8358-0c413c1a32d7/datanode-6/data/ratis/9dcf578f-c2c5-40f0-bd5b-0088140607cc] INFO  segmented.SegmentedRaftLogWorker (SegmentedRaftLogWorker.java:run(313)) - da272425-beaf-4e2f-8d68-d332ab7aa6f3-SegmentedRaftLogWorker:Storage Directory /workdir/hadoop-ozone/integration-test/target/test-dir/MiniOzoneClusterImpl-a7d5ff65-5e52-402f-8358-0c413c1a32d7/datanode-6/data/ratis/9dcf578f-c2c5-40f0-bd5b-0088140607cc was interrupted, exiting. There are 0 tasks remaining in the queue.
2019-08-22 22:07:47,228 [main] INFO  segmented.SegmentedRaftLogWorker (SegmentedRaftLogWorker.java:close(228)) - da272425-beaf-4e2f-8d68-d332ab7aa6f3-SegmentedRaftLogWorker:Storage Directory /workdir/hadoop-ozone/integration-test/target/test-dir/MiniOzoneClusterImpl-a7d5ff65-5e52-402f-8358-0c413c1a32d7/datanode-6/data/ratis/9dcf578f-c2c5-40f0-bd5b-0088140607cc close()
2019-08-22 22:07:47,231 [main] INFO  impl.RaftServerImpl (RaftServerImpl.java:lambda$shutdown$3(245)) - da272425-beaf-4e2f-8d68-d332ab7aa6f3: shutdown group-56EDDA7CE103
2019-08-22 22:07:47,231 [main] INFO  util.JmxRegister (JmxRegister.java:unregister(73)) - Successfully un-registered JMX Bean with object name Ratis:service=RaftServer,group=group-56EDDA7CE103,id=da272425-beaf-4e2f-8d68-d332ab7aa6f3
2019-08-22 22:07:47,231 [main] INFO  impl.RoleInfo (RoleInfo.java:shutdownLeaderState(104)) - da272425-beaf-4e2f-8d68-d332ab7aa6f3: shutdown LeaderState
2019-08-22 22:07:47,232 [main] INFO  impl.PendingRequests (PendingRequests.java:sendNotLeaderResponses(202)) - da272425-beaf-4e2f-8d68-d332ab7aa6f3-PendingRequests: sendNotLeaderResponses
2019-08-22 22:07:47,232 [main] INFO  impl.StateMachineUpdater (StateMachineUpdater.java:stopAndJoin(115)) - StateMachineUpdater:da272425-beaf-4e2f-8d68-d332ab7aa6f3:group-56EDDA7CE103: set stopIndex = 0
2019-08-22 22:07:47,232 [main] INFO  impl.RaftServerImpl (ServerState.java:close(394)) - da272425-beaf-4e2f-8d68-d332ab7aa6f3:group-56EDDA7CE103 closes. The last applied log index is 0
2019-08-22 22:07:47,233 [da272425-beaf-4e2f-8d68-d332ab7aa6f3-SegmentedRaftLogWorker:Storage Directory /workdir/hadoop-ozone/integration-test/target/test-dir/MiniOzoneClusterImpl-a7d5ff65-5e52-402f-8358-0c413c1a32d7/datanode-6/data/ratis/a0919506-168a-4eb0-88b0-56edda7ce103] INFO  segmented.SegmentedRaftLogWorker (SegmentedRaftLogWorker.java:run(313)) - da272425-beaf-4e2f-8d68-d332ab7aa6f3-SegmentedRaftLogWorker:Storage Directory /workdir/hadoop-ozone/integration-test/target/test-dir/MiniOzoneClusterImpl-a7d5ff65-5e52-402f-8358-0c413c1a32d7/datanode-6/data/ratis/a0919506-168a-4eb0-88b0-56edda7ce103 was interrupted, exiting. There are 0 tasks remaining in the queue.
2019-08-22 22:07:47,235 [main] INFO  segmented.SegmentedRaftLogWorker (SegmentedRaftLogWorker.java:close(228)) - da272425-beaf-4e2f-8d68-d332ab7aa6f3-SegmentedRaftLogWorker:Storage Directory /workdir/hadoop-ozone/integration-test/target/test-dir/MiniOzoneClusterImpl-a7d5ff65-5e52-402f-8358-0c413c1a32d7/datanode-6/data/ratis/a0919506-168a-4eb0-88b0-56edda7ce103 close()
2019-08-22 22:07:47,238 [main] INFO  server.GrpcService (GrpcService.java:closeImpl(155)) - da272425-beaf-4e2f-8d68-d332ab7aa6f3: shutdown server with port 45418 now
2019-08-22 22:07:47,242 [main] INFO  server.GrpcService (GrpcService.java:closeImpl(163)) - da272425-beaf-4e2f-8d68-d332ab7aa6f3: shutdown server with port 45418 successfully
2019-08-22 22:07:47,250 [main] INFO  utils.BackgroundService (BackgroundService.java:shutdown(148)) - Shutting down service BlockDeletingService
2019-08-22 22:07:47,251 [refreshUsed-/workdir/hadoop-ozone/integration-test/target/test-dir/MiniOzoneClusterImpl-a7d5ff65-5e52-402f-8358-0c413c1a32d7/datanode-6/data/containers] WARN  fs.CachingGetSpaceUsed (CachingGetSpaceUsed.java:run(183)) - Thread Interrupted waiting to refresh disk information: sleep interrupted
2019-08-22 22:07:47,275 [main] INFO  statemachine.DatanodeStateMachine (DatanodeStateMachine.java:stopDaemon(395)) - Ozone container server stopped.
2019-08-22 22:07:47,279 [main] INFO  handler.ContextHandler (ContextHandler.java:doStop(910)) - Stopped o.e.j.w.WebAppContext@42730828{/,null,UNAVAILABLE}{/hddsDatanode}
2019-08-22 22:07:47,284 [main] INFO  server.AbstractConnector (AbstractConnector.java:doStop(318)) - Stopped ServerConnector@18c7f6b5{HTTP/1.1,[http/1.1]}{0.0.0.0:0}
2019-08-22 22:07:47,285 [main] INFO  handler.ContextHandler (ContextHandler.java:doStop(910)) - Stopped o.e.j.s.ServletContextHandler@610fbe1c{/static,jar:file:/home/user/.m2/repository/org/apache/hadoop/hadoop-hdds-container-service/0.5.0-SNAPSHOT/hadoop-hdds-container-service-0.5.0-SNAPSHOT.jar!/webapps/static,UNAVAILABLE}
2019-08-22 22:07:47,285 [main] INFO  handler.ContextHandler (ContextHandler.java:doStop(910)) - Stopped o.e.j.s.ServletContextHandler@675ec28b{/logs,file:///workdir/hadoop-ozone/integration-test/target/log,UNAVAILABLE}
2019-08-22 22:07:47,640 | INFO  | SCMAudit | user=jenkins1000 | ip=192.168.36.125 | op=SEND_HEARTBEAT {datanodeUUID=31687c82-0c07-4c25-b0e4-b592672e89de, command=[]} | ret=SUCCESS |  
2019-08-22 22:07:47,700 | INFO  | SCMAudit | user=jenkins1000 | ip=192.168.36.125 | op=SEND_HEARTBEAT {datanodeUUID=2ad6dd5e-fcd5-41f9-b8db-8caf07d6cf0b, command=[]} | ret=SUCCESS |  
2019-08-22 22:07:47,928 | INFO  | SCMAudit | user=jenkins1000 | ip=192.168.36.125 | op=SEND_HEARTBEAT {datanodeUUID=362a0f32-a402-49c5-b39d-19ab87f59792, command=[]} | ret=SUCCESS |  
2019-08-22 22:07:48,104 | INFO  | SCMAudit | user=jenkins1000 | ip=192.168.36.125 | op=SEND_HEARTBEAT {datanodeUUID=e0f80305-a2e9-4cc8-bb71-ae23e33e4a24, command=[]} | ret=SUCCESS |  
2019-08-22 22:07:48,104 | INFO  | SCMAudit | user=jenkins1000 | ip=192.168.36.125 | op=SEND_HEARTBEAT {datanodeUUID=b8ef9af6-352c-4d21-9a3e-6dd35f0a9afa, command=[]} | ret=SUCCESS |  
2019-08-22 22:07:48,179 | INFO  | SCMAudit | user=jenkins1000 | ip=192.168.36.125 | op=SEND_HEARTBEAT {datanodeUUID=622387a1-0ff8-46d2-bb4b-d4ed28560aa4, command=[]} | ret=SUCCESS |  
2019-08-22 22:07:48,641 | INFO  | SCMAudit | user=jenkins1000 | ip=192.168.36.125 | op=SEND_HEARTBEAT {datanodeUUID=31687c82-0c07-4c25-b0e4-b592672e89de, command=[]} | ret=SUCCESS |  
2019-08-22 22:07:48,701 | INFO  | SCMAudit | user=jenkins1000 | ip=192.168.36.125 | op=SEND_HEARTBEAT {datanodeUUID=2ad6dd5e-fcd5-41f9-b8db-8caf07d6cf0b, command=[]} | ret=SUCCESS |  
2019-08-22 22:07:48,929 | INFO  | SCMAudit | user=jenkins1000 | ip=192.168.36.125 | op=SEND_HEARTBEAT {datanodeUUID=362a0f32-a402-49c5-b39d-19ab87f59792, command=[]} | ret=SUCCESS |  
2019-08-22 22:07:49,104 | INFO  | SCMAudit | user=jenkins1000 | ip=192.168.36.125 | op=SEND_HEARTBEAT {datanodeUUID=e0f80305-a2e9-4cc8-bb71-ae23e33e4a24, command=[]} | ret=SUCCESS |  
2019-08-22 22:07:49,105 | INFO  | SCMAudit | user=jenkins1000 | ip=192.168.36.125 | op=SEND_HEARTBEAT {datanodeUUID=b8ef9af6-352c-4d21-9a3e-6dd35f0a9afa, command=[]} | ret=SUCCESS |  
2019-08-22 22:07:49,178 | INFO  | SCMAudit | user=jenkins1000 | ip=192.168.36.125 | op=SEND_HEARTBEAT {datanodeUUID=622387a1-0ff8-46d2-bb4b-d4ed28560aa4, command=[]} | ret=SUCCESS |  
2019-08-22 22:07:49,326 [grpc-default-executor-4] INFO  client.GrpcClientProtocolClient (GrpcClientProtocolClient.java:onNext(255)) - client-0A7B88AEA72D->e0f80305-a2e9-4cc8-bb71-ae23e33e4a24: receive RaftClientReply:client-0A7B88AEA72D->e0f80305-a2e9-4cc8-bb71-ae23e33e4a24@group-0088140607CC, cid=14, FAILED org.apache.ratis.protocol.NotLeaderException: Server e0f80305-a2e9-4cc8-bb71-ae23e33e4a24 is not the leader (da272425-beaf-4e2f-8d68-d332ab7aa6f3:192.168.36.125:45418). Request must be sent to leader., logIndex=0, commits[e0f80305-a2e9-4cc8-bb71-ae23e33e4a24:c2, da272425-beaf-4e2f-8d68-d332ab7aa6f3:c2, b8ef9af6-352c-4d21-9a3e-6dd35f0a9afa:c2]
2019-08-22 22:07:49,642 | INFO  | SCMAudit | user=jenkins1000 | ip=192.168.36.125 | op=SEND_HEARTBEAT {datanodeUUID=31687c82-0c07-4c25-b0e4-b592672e89de, command=[]} | ret=SUCCESS |  
2019-08-22 22:07:49,700 | INFO  | SCMAudit | user=jenkins1000 | ip=192.168.36.125 | op=SEND_HEARTBEAT {datanodeUUID=2ad6dd5e-fcd5-41f9-b8db-8caf07d6cf0b, command=[]} | ret=SUCCESS |  
2019-08-22 22:07:49,928 | INFO  | SCMAudit | user=jenkins1000 | ip=192.168.36.125 | op=SEND_HEARTBEAT {datanodeUUID=362a0f32-a402-49c5-b39d-19ab87f59792, command=[]} | ret=SUCCESS |  
2019-08-22 22:07:50,104 | INFO  | SCMAudit | user=jenkins1000 | ip=192.168.36.125 | op=SEND_HEARTBEAT {datanodeUUID=e0f80305-a2e9-4cc8-bb71-ae23e33e4a24, command=[]} | ret=SUCCESS |  
2019-08-22 22:07:50,104 | INFO  | SCMAudit | user=jenkins1000 | ip=192.168.36.125 | op=SEND_HEARTBEAT {datanodeUUID=b8ef9af6-352c-4d21-9a3e-6dd35f0a9afa, command=[]} | ret=SUCCESS |  
2019-08-22 22:07:50,179 | INFO  | SCMAudit | user=jenkins1000 | ip=192.168.36.125 | op=SEND_HEARTBEAT {datanodeUUID=622387a1-0ff8-46d2-bb4b-d4ed28560aa4, command=[]} | ret=SUCCESS |  
2019-08-22 22:07:50,366 [grpc-default-executor-4] INFO  client.GrpcClientProtocolClient (GrpcClientProtocolClient.java:onNext(255)) - client-0A7B88AEA72D->e0f80305-a2e9-4cc8-bb71-ae23e33e4a24: receive RaftClientReply:client-0A7B88AEA72D->e0f80305-a2e9-4cc8-bb71-ae23e33e4a24@group-0088140607CC, cid=14, FAILED org.apache.ratis.protocol.NotLeaderException: Server e0f80305-a2e9-4cc8-bb71-ae23e33e4a24 is not the leader (da272425-beaf-4e2f-8d68-d332ab7aa6f3:192.168.36.125:45418). Request must be sent to leader., logIndex=0, commits[e0f80305-a2e9-4cc8-bb71-ae23e33e4a24:c2, da272425-beaf-4e2f-8d68-d332ab7aa6f3:c2, b8ef9af6-352c-4d21-9a3e-6dd35f0a9afa:c2]
2019-08-22 22:07:50,642 | INFO  | SCMAudit | user=jenkins1000 | ip=192.168.36.125 | op=SEND_HEARTBEAT {datanodeUUID=31687c82-0c07-4c25-b0e4-b592672e89de, command=[]} | ret=SUCCESS |  
2019-08-22 22:07:50,700 | INFO  | SCMAudit | user=jenkins1000 | ip=192.168.36.125 | op=SEND_HEARTBEAT {datanodeUUID=2ad6dd5e-fcd5-41f9-b8db-8caf07d6cf0b, command=[]} | ret=SUCCESS |  
2019-08-22 22:07:50,928 | INFO  | SCMAudit | user=jenkins1000 | ip=192.168.36.125 | op=SEND_HEARTBEAT {datanodeUUID=362a0f32-a402-49c5-b39d-19ab87f59792, command=[]} | ret=SUCCESS |  
2019-08-22 22:07:51,105 | INFO  | SCMAudit | user=jenkins1000 | ip=192.168.36.125 | op=SEND_HEARTBEAT {datanodeUUID=b8ef9af6-352c-4d21-9a3e-6dd35f0a9afa, command=[]} | ret=SUCCESS |  
2019-08-22 22:07:51,105 | INFO  | SCMAudit | user=jenkins1000 | ip=192.168.36.125 | op=SEND_HEARTBEAT {datanodeUUID=e0f80305-a2e9-4cc8-bb71-ae23e33e4a24, command=[]} | ret=SUCCESS |  
2019-08-22 22:07:51,179 | INFO  | SCMAudit | user=jenkins1000 | ip=192.168.36.125 | op=SEND_HEARTBEAT {datanodeUUID=622387a1-0ff8-46d2-bb4b-d4ed28560aa4, command=[]} | ret=SUCCESS |  
2019-08-22 22:07:51,404 [grpc-default-executor-3] INFO  client.GrpcClientProtocolClient (GrpcClientProtocolClient.java:onNext(255)) - client-0A7B88AEA72D->b8ef9af6-352c-4d21-9a3e-6dd35f0a9afa: receive RaftClientReply:client-0A7B88AEA72D->b8ef9af6-352c-4d21-9a3e-6dd35f0a9afa@group-0088140607CC, cid=14, FAILED org.apache.ratis.protocol.NotLeaderException: Server b8ef9af6-352c-4d21-9a3e-6dd35f0a9afa is not the leader (da272425-beaf-4e2f-8d68-d332ab7aa6f3:192.168.36.125:45418). Request must be sent to leader., logIndex=0, commits[b8ef9af6-352c-4d21-9a3e-6dd35f0a9afa:c2, da272425-beaf-4e2f-8d68-d332ab7aa6f3:c2, e0f80305-a2e9-4cc8-bb71-ae23e33e4a24:c2]
2019-08-22 22:07:51,444 [Thread-369] INFO  impl.FollowerState (FollowerState.java:run(106)) - 2ad6dd5e-fcd5-41f9-b8db-8caf07d6cf0b:group-A4586E5CDB72 changes to CANDIDATE, lastRpcTime:5115, electionTimeout:5110ms
2019-08-22 22:07:51,445 [Thread-369] INFO  impl.RoleInfo (RoleInfo.java:shutdownFollowerState(121)) - 2ad6dd5e-fcd5-41f9-b8db-8caf07d6cf0b: shutdown FollowerState
2019-08-22 22:07:51,445 [Thread-369] INFO  impl.RaftServerImpl (RaftServerImpl.java:setRole(171)) - 2ad6dd5e-fcd5-41f9-b8db-8caf07d6cf0b:group-A4586E5CDB72 changes role from FOLLOWER to CANDIDATE at term 3 for changeToCandidate
2019-08-22 22:07:51,445 [Thread-369] INFO  impl.RoleInfo (RoleInfo.java:updateAndGet(143)) - 2ad6dd5e-fcd5-41f9-b8db-8caf07d6cf0b: start LeaderElection
2019-08-22 22:07:51,472 [2ad6dd5e-fcd5-41f9-b8db-8caf07d6cf0b:group-A4586E5CDB72:LeaderElection14] INFO  impl.LeaderElection (LeaderElection.java:askForVotes(181)) - 2ad6dd5e-fcd5-41f9-b8db-8caf07d6cf0b:group-A4586E5CDB72:LeaderElection14: begin an election at term 4 for 0: [622387a1-0ff8-46d2-bb4b-d4ed28560aa4:192.168.36.125:40753, 362a0f32-a402-49c5-b39d-19ab87f59792:192.168.36.125:45069, 2ad6dd5e-fcd5-41f9-b8db-8caf07d6cf0b:192.168.36.125:34484], old=null
2019-08-22 22:07:51,480 [Thread-368] INFO  impl.FollowerState (FollowerState.java:run(106)) - 362a0f32-a402-49c5-b39d-19ab87f59792:group-A4586E5CDB72 changes to CANDIDATE, lastRpcTime:5151, electionTimeout:5148ms
2019-08-22 22:07:51,480 [Thread-368] INFO  impl.RoleInfo (RoleInfo.java:shutdownFollowerState(121)) - 362a0f32-a402-49c5-b39d-19ab87f59792: shutdown FollowerState
2019-08-22 22:07:51,480 [Thread-368] INFO  impl.RaftServerImpl (RaftServerImpl.java:setRole(171)) - 362a0f32-a402-49c5-b39d-19ab87f59792:group-A4586E5CDB72 changes role from FOLLOWER to CANDIDATE at term 3 for changeToCandidate
2019-08-22 22:07:51,480 [Thread-368] INFO  impl.RoleInfo (RoleInfo.java:updateAndGet(143)) - 362a0f32-a402-49c5-b39d-19ab87f59792: start LeaderElection
2019-08-22 22:07:51,486 [grpc-default-executor-4] INFO  impl.RaftServerImpl (RaftServerImpl.java:setRole(171)) - 622387a1-0ff8-46d2-bb4b-d4ed28560aa4:group-A4586E5CDB72 changes role from FOLLOWER to FOLLOWER at term 4 for recognizeCandidate:2ad6dd5e-fcd5-41f9-b8db-8caf07d6cf0b
2019-08-22 22:07:51,486 [grpc-default-executor-4] INFO  impl.RoleInfo (RoleInfo.java:shutdownFollowerState(121)) - 622387a1-0ff8-46d2-bb4b-d4ed28560aa4: shutdown FollowerState
2019-08-22 22:07:51,486 [grpc-default-executor-4] INFO  impl.RoleInfo (RoleInfo.java:updateAndGet(143)) - 622387a1-0ff8-46d2-bb4b-d4ed28560aa4: start FollowerState
2019-08-22 22:07:51,486 [Thread-370] INFO  impl.FollowerState (FollowerState.java:run(114)) - 622387a1-0ff8-46d2-bb4b-d4ed28560aa4: FollowerState was interrupted: java.lang.InterruptedException: sleep interrupted
2019-08-22 22:07:51,502 [362a0f32-a402-49c5-b39d-19ab87f59792:group-A4586E5CDB72:LeaderElection15] INFO  impl.LeaderElection (LeaderElection.java:askForVotes(181)) - 362a0f32-a402-49c5-b39d-19ab87f59792:group-A4586E5CDB72:LeaderElection15: begin an election at term 4 for 0: [622387a1-0ff8-46d2-bb4b-d4ed28560aa4:192.168.36.125:40753, 362a0f32-a402-49c5-b39d-19ab87f59792:192.168.36.125:45069, 2ad6dd5e-fcd5-41f9-b8db-8caf07d6cf0b:192.168.36.125:34484], old=null
2019-08-22 22:07:51,507 [2ad6dd5e-fcd5-41f9-b8db-8caf07d6cf0b:group-A4586E5CDB72:LeaderElection14] INFO  impl.LeaderElection (LeaderElection.java:logAndReturn(56)) - 2ad6dd5e-fcd5-41f9-b8db-8caf07d6cf0b:group-A4586E5CDB72:LeaderElection14: Election PASSED; received 1 response(s) [2ad6dd5e-fcd5-41f9-b8db-8caf07d6cf0b<-622387a1-0ff8-46d2-bb4b-d4ed28560aa4#0:OK-t4] and 0 exception(s); 2ad6dd5e-fcd5-41f9-b8db-8caf07d6cf0b:t4, leader=null, voted=2ad6dd5e-fcd5-41f9-b8db-8caf07d6cf0b, raftlog=2ad6dd5e-fcd5-41f9-b8db-8caf07d6cf0b-SegmentedRaftLog:OPENED:c0,f0,i0, conf=0: [622387a1-0ff8-46d2-bb4b-d4ed28560aa4:192.168.36.125:40753, 362a0f32-a402-49c5-b39d-19ab87f59792:192.168.36.125:45069, 2ad6dd5e-fcd5-41f9-b8db-8caf07d6cf0b:192.168.36.125:34484], old=null
2019-08-22 22:07:51,507 [2ad6dd5e-fcd5-41f9-b8db-8caf07d6cf0b:group-A4586E5CDB72:LeaderElection14] INFO  impl.RoleInfo (RoleInfo.java:shutdownLeaderElection(134)) - 2ad6dd5e-fcd5-41f9-b8db-8caf07d6cf0b: shutdown LeaderElection
2019-08-22 22:07:51,507 [2ad6dd5e-fcd5-41f9-b8db-8caf07d6cf0b:group-A4586E5CDB72:LeaderElection14] INFO  impl.RaftServerImpl (RaftServerImpl.java:setRole(171)) - 2ad6dd5e-fcd5-41f9-b8db-8caf07d6cf0b:group-A4586E5CDB72 changes role from CANDIDATE to LEADER at term 4 for changeToLeader
2019-08-22 22:07:51,509 [2ad6dd5e-fcd5-41f9-b8db-8caf07d6cf0b:group-A4586E5CDB72:LeaderElection14] INFO  impl.RaftServerImpl (ServerState.java:setLeader(263)) - 2ad6dd5e-fcd5-41f9-b8db-8caf07d6cf0b:group-A4586E5CDB72 change Leader from null to 2ad6dd5e-fcd5-41f9-b8db-8caf07d6cf0b at term 4 for becomeLeader, leader elected after 10192ms
2019-08-22 22:07:51,512 [2ad6dd5e-fcd5-41f9-b8db-8caf07d6cf0b:group-A4586E5CDB72:LeaderElection14] INFO  server.RaftServerConfigKeys (ConfUtils.java:logGet(43)) - raft.server.staging.catchup.gap = 1000 (default)
2019-08-22 22:07:51,512 [2ad6dd5e-fcd5-41f9-b8db-8caf07d6cf0b:group-A4586E5CDB72:LeaderElection14] INFO  server.RaftServerConfigKeys (ConfUtils.java:logGet(43)) - raft.server.rpc.sleep.time = 25ms (default)
2019-08-22 22:07:51,512 [2ad6dd5e-fcd5-41f9-b8db-8caf07d6cf0b:group-A4586E5CDB72:LeaderElection14] INFO  server.RaftServerConfigKeys (ConfUtils.java:logGet(43)) - raft.server.write.element-limit = 4096 (default)
2019-08-22 22:07:51,520 [2ad6dd5e-fcd5-41f9-b8db-8caf07d6cf0b:group-A4586E5CDB72:LeaderElection14] INFO  server.RaftServerConfigKeys (ConfUtils.java:logGet(43)) - raft.server.watch.timeout = 10s (default)
2019-08-22 22:07:51,520 [2ad6dd5e-fcd5-41f9-b8db-8caf07d6cf0b:group-A4586E5CDB72:LeaderElection14] INFO  server.RaftServerConfigKeys (ConfUtils.java:logGet(43)) - raft.server.watch.timeout.denomination = 1s (default)
2019-08-22 22:07:51,520 [2ad6dd5e-fcd5-41f9-b8db-8caf07d6cf0b:group-A4586E5CDB72:LeaderElection14] INFO  server.RaftServerConfigKeys (ConfUtils.java:logGet(43)) - raft.server.watch.element-limit = 65536 (default)
2019-08-22 22:07:51,520 [2ad6dd5e-fcd5-41f9-b8db-8caf07d6cf0b:group-A4586E5CDB72:LeaderElection14] INFO  server.RaftServerConfigKeys (ConfUtils.java:logGet(43)) - raft.server.log.appender.snapshot.chunk.size.max = 16MB (=16777216) (default)
2019-08-22 22:07:51,521 [2ad6dd5e-fcd5-41f9-b8db-8caf07d6cf0b:group-A4586E5CDB72:LeaderElection14] INFO  server.RaftServerConfigKeys (ConfUtils.java:logGet(43)) - raft.server.log.appender.buffer.byte-limit = 33554432 (custom)
2019-08-22 22:07:51,521 [2ad6dd5e-fcd5-41f9-b8db-8caf07d6cf0b:group-A4586E5CDB72:LeaderElection14] INFO  server.RaftServerConfigKeys (ConfUtils.java:logGet(43)) - raft.server.log.appender.buffer.element-limit = 1 (custom)
2019-08-22 22:07:51,521 [2ad6dd5e-fcd5-41f9-b8db-8caf07d6cf0b:group-A4586E5CDB72:LeaderElection14] INFO  grpc.GrpcConfigKeys$Server (ConfUtils.java:logGet(43)) - raft.grpc.server.leader.outstanding.appends.max = 128 (default)
2019-08-22 22:07:51,522 [2ad6dd5e-fcd5-41f9-b8db-8caf07d6cf0b:group-A4586E5CDB72:LeaderElection14] INFO  server.RaftServerConfigKeys (ConfUtils.java:logGet(43)) - raft.server.rpc.request.timeout = 3000ms (default)
2019-08-22 22:07:51,522 [2ad6dd5e-fcd5-41f9-b8db-8caf07d6cf0b:group-A4586E5CDB72:LeaderElection14] INFO  server.RaftServerConfigKeys (ConfUtils.java:logGet(43)) - raft.server.log.appender.install.snapshot.enabled = false (custom)
2019-08-22 22:07:51,522 [2ad6dd5e-fcd5-41f9-b8db-8caf07d6cf0b:group-A4586E5CDB72:LeaderElection14] INFO  server.RaftServerConfigKeys (ConfUtils.java:logGet(43)) - raft.server.log.appender.snapshot.chunk.size.max = 16MB (=16777216) (default)
2019-08-22 22:07:51,522 [2ad6dd5e-fcd5-41f9-b8db-8caf07d6cf0b:group-A4586E5CDB72:LeaderElection14] INFO  server.RaftServerConfigKeys (ConfUtils.java:logGet(43)) - raft.server.log.appender.buffer.byte-limit = 33554432 (custom)
2019-08-22 22:07:51,522 [2ad6dd5e-fcd5-41f9-b8db-8caf07d6cf0b:group-A4586E5CDB72:LeaderElection14] INFO  server.RaftServerConfigKeys (ConfUtils.java:logGet(43)) - raft.server.log.appender.buffer.element-limit = 1 (custom)
2019-08-22 22:07:51,522 [2ad6dd5e-fcd5-41f9-b8db-8caf07d6cf0b:group-A4586E5CDB72:LeaderElection14] INFO  grpc.GrpcConfigKeys$Server (ConfUtils.java:logGet(43)) - raft.grpc.server.leader.outstanding.appends.max = 128 (default)
2019-08-22 22:07:51,523 [2ad6dd5e-fcd5-41f9-b8db-8caf07d6cf0b:group-A4586E5CDB72:LeaderElection14] INFO  server.RaftServerConfigKeys (ConfUtils.java:logGet(43)) - raft.server.rpc.request.timeout = 3000ms (default)
2019-08-22 22:07:51,523 [2ad6dd5e-fcd5-41f9-b8db-8caf07d6cf0b:group-A4586E5CDB72:LeaderElection14] INFO  server.RaftServerConfigKeys (ConfUtils.java:logGet(43)) - raft.server.log.appender.install.snapshot.enabled = false (custom)
2019-08-22 22:07:51,523 [2ad6dd5e-fcd5-41f9-b8db-8caf07d6cf0b:group-A4586E5CDB72:LeaderElection14] INFO  impl.RoleInfo (RoleInfo.java:updateAndGet(143)) - 2ad6dd5e-fcd5-41f9-b8db-8caf07d6cf0b: start LeaderState
2019-08-22 22:07:51,523 [2ad6dd5e-fcd5-41f9-b8db-8caf07d6cf0b:group-A4586E5CDB72:LeaderElection14] INFO  segmented.SegmentedRaftLogWorker (SegmentedRaftLogWorker.java:rollLogSegment(385)) - 2ad6dd5e-fcd5-41f9-b8db-8caf07d6cf0b-SegmentedRaftLogWorker:Storage Directory /workdir/hadoop-ozone/integration-test/target/test-dir/MiniOzoneClusterImpl-a7d5ff65-5e52-402f-8358-0c413c1a32d7/datanode-4/data/ratis/8a8c9061-1528-4871-8b23-a4586e5cdb72: Rolling segment log-0_0 to index:0
2019-08-22 22:07:51,527 [2ad6dd5e-fcd5-41f9-b8db-8caf07d6cf0b:group-A4586E5CDB72:LeaderElection14] INFO  impl.RaftServerImpl (ServerState.java:setRaftConf(361)) - 2ad6dd5e-fcd5-41f9-b8db-8caf07d6cf0b:group-A4586E5CDB72 set configuration 1: [622387a1-0ff8-46d2-bb4b-d4ed28560aa4:192.168.36.125:40753, 362a0f32-a402-49c5-b39d-19ab87f59792:192.168.36.125:45069, 2ad6dd5e-fcd5-41f9-b8db-8caf07d6cf0b:192.168.36.125:34484], old=null at 1
2019-08-22 22:07:51,527 [2ad6dd5e-fcd5-41f9-b8db-8caf07d6cf0b-SegmentedRaftLogWorker:Storage Directory /workdir/hadoop-ozone/integration-test/target/test-dir/MiniOzoneClusterImpl-a7d5ff65-5e52-402f-8358-0c413c1a32d7/datanode-4/data/ratis/8a8c9061-1528-4871-8b23-a4586e5cdb72] INFO  segmented.SegmentedRaftLogWorker (SegmentedRaftLogWorker.java:execute(526)) - 2ad6dd5e-fcd5-41f9-b8db-8caf07d6cf0b-SegmentedRaftLogWorker:Storage Directory /workdir/hadoop-ozone/integration-test/target/test-dir/MiniOzoneClusterImpl-a7d5ff65-5e52-402f-8358-0c413c1a32d7/datanode-4/data/ratis/8a8c9061-1528-4871-8b23-a4586e5cdb72: Rolled log segment from /workdir/hadoop-ozone/integration-test/target/test-dir/MiniOzoneClusterImpl-a7d5ff65-5e52-402f-8358-0c413c1a32d7/datanode-4/data/ratis/8a8c9061-1528-4871-8b23-a4586e5cdb72/current/log_inprogress_0 to /workdir/hadoop-ozone/integration-test/target/test-dir/MiniOzoneClusterImpl-a7d5ff65-5e52-402f-8358-0c413c1a32d7/datanode-4/data/ratis/8a8c9061-1528-4871-8b23-a4586e5cdb72/current/log_0-0
2019-08-22 22:07:51,529 [grpc-default-executor-4] INFO  impl.RaftServerImpl (RaftServerImpl.java:requestVote(754)) - 2ad6dd5e-fcd5-41f9-b8db-8caf07d6cf0b-LEADER: Withhold vote from candidate 362a0f32-a402-49c5-b39d-19ab87f59792 with term 4. State: leader=2ad6dd5e-fcd5-41f9-b8db-8caf07d6cf0b, term=4, lastRpcElapsed=null
2019-08-22 22:07:51,532 [362a0f32-a402-49c5-b39d-19ab87f59792:group-A4586E5CDB72:LeaderElection15] INFO  impl.LeaderElection (LeaderElection.java:logAndReturn(56)) - 362a0f32-a402-49c5-b39d-19ab87f59792:group-A4586E5CDB72:LeaderElection15: Election REJECTED; received 2 response(s) [362a0f32-a402-49c5-b39d-19ab87f59792<-622387a1-0ff8-46d2-bb4b-d4ed28560aa4#0:FAIL-t4, 362a0f32-a402-49c5-b39d-19ab87f59792<-2ad6dd5e-fcd5-41f9-b8db-8caf07d6cf0b#0:FAIL-t4] and 0 exception(s); 362a0f32-a402-49c5-b39d-19ab87f59792:t4, leader=null, voted=362a0f32-a402-49c5-b39d-19ab87f59792, raftlog=362a0f32-a402-49c5-b39d-19ab87f59792-SegmentedRaftLog:OPENED:c-1,f0,i0, conf=0: [622387a1-0ff8-46d2-bb4b-d4ed28560aa4:192.168.36.125:40753, 362a0f32-a402-49c5-b39d-19ab87f59792:192.168.36.125:45069, 2ad6dd5e-fcd5-41f9-b8db-8caf07d6cf0b:192.168.36.125:34484], old=null
2019-08-22 22:07:51,532 [grpc-default-executor-4] INFO  impl.RaftServerImpl (RaftServerImpl.java:setRole(171)) - 362a0f32-a402-49c5-b39d-19ab87f59792:group-A4586E5CDB72 changes role from CANDIDATE to FOLLOWER at term 4 for appendEntries
2019-08-22 22:07:51,532 [grpc-default-executor-1] INFO  impl.RaftServerImpl (ServerState.java:setLeader(263)) - 622387a1-0ff8-46d2-bb4b-d4ed28560aa4:group-A4586E5CDB72 change Leader from null to 2ad6dd5e-fcd5-41f9-b8db-8caf07d6cf0b at term 4 for appendEntries, leader elected after 15496ms
2019-08-22 22:07:51,568 [grpc-default-executor-4] INFO  impl.RoleInfo (RoleInfo.java:shutdownLeaderElection(134)) - 362a0f32-a402-49c5-b39d-19ab87f59792: shutdown LeaderElection
2019-08-22 22:07:51,569 [grpc-default-executor-1] INFO  impl.RaftServerImpl (RaftServerImpl.java:checkInconsistentAppendEntries(999)) - 622387a1-0ff8-46d2-bb4b-d4ed28560aa4: Failed appendEntries as previous log entry ((t:1, i:0)) is not found
2019-08-22 22:07:51,569 [grpc-default-executor-4] INFO  impl.RoleInfo (RoleInfo.java:updateAndGet(143)) - 362a0f32-a402-49c5-b39d-19ab87f59792: start FollowerState
2019-08-22 22:07:51,569 [grpc-default-executor-1] INFO  impl.RaftServerImpl (RaftServerImpl.java:checkInconsistentAppendEntries(972)) - 622387a1-0ff8-46d2-bb4b-d4ed28560aa4: inconsistency entries. Reply:2ad6dd5e-fcd5-41f9-b8db-8caf07d6cf0b<-622387a1-0ff8-46d2-bb4b-d4ed28560aa4#0:FAIL,INCONSISTENCY,nextIndex:0,term:4,followerCommit:-1
2019-08-22 22:07:51,569 [grpc-default-executor-4] INFO  impl.RaftServerImpl (ServerState.java:setLeader(263)) - 362a0f32-a402-49c5-b39d-19ab87f59792:group-A4586E5CDB72 change Leader from null to 2ad6dd5e-fcd5-41f9-b8db-8caf07d6cf0b at term 4 for appendEntries, leader elected after 10236ms
2019-08-22 22:07:51,574 [grpc-default-executor-1] INFO  impl.FollowerInfo (FollowerInfo.java:lambda$new$0(50)) - 2ad6dd5e-fcd5-41f9-b8db-8caf07d6cf0b->622387a1-0ff8-46d2-bb4b-d4ed28560aa4: nextIndex: updateUnconditionally 1 -> 0
2019-08-22 22:07:51,576 [grpc-default-executor-1] INFO  impl.RaftServerImpl (ServerState.java:setRaftConf(361)) - 362a0f32-a402-49c5-b39d-19ab87f59792:group-A4586E5CDB72 set configuration 1: [622387a1-0ff8-46d2-bb4b-d4ed28560aa4:192.168.36.125:40753, 362a0f32-a402-49c5-b39d-19ab87f59792:192.168.36.125:45069, 2ad6dd5e-fcd5-41f9-b8db-8caf07d6cf0b:192.168.36.125:34484], old=null at 1
2019-08-22 22:07:51,576 [grpc-default-executor-1] INFO  segmented.SegmentedRaftLogWorker (SegmentedRaftLogWorker.java:rollLogSegment(385)) - 362a0f32-a402-49c5-b39d-19ab87f59792-SegmentedRaftLogWorker:Storage Directory /workdir/hadoop-ozone/integration-test/target/test-dir/MiniOzoneClusterImpl-a7d5ff65-5e52-402f-8358-0c413c1a32d7/datanode-1/data/ratis/8a8c9061-1528-4871-8b23-a4586e5cdb72: Rolling segment log-0_0 to index:0
2019-08-22 22:07:51,576 [grpc-default-executor-4] INFO  impl.RaftServerImpl (ServerState.java:setRaftConf(361)) - 622387a1-0ff8-46d2-bb4b-d4ed28560aa4:group-A4586E5CDB72 set configuration 0: [622387a1-0ff8-46d2-bb4b-d4ed28560aa4:192.168.36.125:40753, 362a0f32-a402-49c5-b39d-19ab87f59792:192.168.36.125:45069, 2ad6dd5e-fcd5-41f9-b8db-8caf07d6cf0b:192.168.36.125:34484], old=null at 0
2019-08-22 22:07:51,577 [grpc-default-executor-4] INFO  segmented.SegmentedRaftLogWorker (SegmentedRaftLogWorker.java:startLogSegment(380)) - 622387a1-0ff8-46d2-bb4b-d4ed28560aa4-SegmentedRaftLogWorker:Storage Directory /workdir/hadoop-ozone/integration-test/target/test-dir/MiniOzoneClusterImpl-a7d5ff65-5e52-402f-8358-0c413c1a32d7/datanode-2/data/ratis/8a8c9061-1528-4871-8b23-a4586e5cdb72: Starting segment from index:0
2019-08-22 22:07:51,578 [grpc-default-executor-4] INFO  impl.RaftServerImpl (ServerState.java:setRaftConf(361)) - 622387a1-0ff8-46d2-bb4b-d4ed28560aa4:group-A4586E5CDB72 set configuration 1: [622387a1-0ff8-46d2-bb4b-d4ed28560aa4:192.168.36.125:40753, 362a0f32-a402-49c5-b39d-19ab87f59792:192.168.36.125:45069, 2ad6dd5e-fcd5-41f9-b8db-8caf07d6cf0b:192.168.36.125:34484], old=null at 1
2019-08-22 22:07:51,578 [grpc-default-executor-4] INFO  segmented.SegmentedRaftLogWorker (SegmentedRaftLogWorker.java:rollLogSegment(385)) - 622387a1-0ff8-46d2-bb4b-d4ed28560aa4-SegmentedRaftLogWorker:Storage Directory /workdir/hadoop-ozone/integration-test/target/test-dir/MiniOzoneClusterImpl-a7d5ff65-5e52-402f-8358-0c413c1a32d7/datanode-2/data/ratis/8a8c9061-1528-4871-8b23-a4586e5cdb72: Rolling segment log-0_0 to index:0
2019-08-22 22:07:51,585 [362a0f32-a402-49c5-b39d-19ab87f59792-SegmentedRaftLogWorker:Storage Directory /workdir/hadoop-ozone/integration-test/target/test-dir/MiniOzoneClusterImpl-a7d5ff65-5e52-402f-8358-0c413c1a32d7/datanode-1/data/ratis/8a8c9061-1528-4871-8b23-a4586e5cdb72] INFO  segmented.SegmentedRaftLogWorker (SegmentedRaftLogWorker.java:execute(526)) - 362a0f32-a402-49c5-b39d-19ab87f59792-SegmentedRaftLogWorker:Storage Directory /workdir/hadoop-ozone/integration-test/target/test-dir/MiniOzoneClusterImpl-a7d5ff65-5e52-402f-8358-0c413c1a32d7/datanode-1/data/ratis/8a8c9061-1528-4871-8b23-a4586e5cdb72: Rolled log segment from /workdir/hadoop-ozone/integration-test/target/test-dir/MiniOzoneClusterImpl-a7d5ff65-5e52-402f-8358-0c413c1a32d7/datanode-1/data/ratis/8a8c9061-1528-4871-8b23-a4586e5cdb72/current/log_inprogress_0 to /workdir/hadoop-ozone/integration-test/target/test-dir/MiniOzoneClusterImpl-a7d5ff65-5e52-402f-8358-0c413c1a32d7/datanode-1/data/ratis/8a8c9061-1528-4871-8b23-a4586e5cdb72/current/log_0-0
2019-08-22 22:07:51,586 [2ad6dd5e-fcd5-41f9-b8db-8caf07d6cf0b-SegmentedRaftLogWorker:Storage Directory /workdir/hadoop-ozone/integration-test/target/test-dir/MiniOzoneClusterImpl-a7d5ff65-5e52-402f-8358-0c413c1a32d7/datanode-4/data/ratis/8a8c9061-1528-4871-8b23-a4586e5cdb72] INFO  segmented.SegmentedRaftLogWorker (SegmentedRaftLogWorker.java:execute(569)) - 2ad6dd5e-fcd5-41f9-b8db-8caf07d6cf0b-SegmentedRaftLogWorker:Storage Directory /workdir/hadoop-ozone/integration-test/target/test-dir/MiniOzoneClusterImpl-a7d5ff65-5e52-402f-8358-0c413c1a32d7/datanode-4/data/ratis/8a8c9061-1528-4871-8b23-a4586e5cdb72: created new log segment /workdir/hadoop-ozone/integration-test/target/test-dir/MiniOzoneClusterImpl-a7d5ff65-5e52-402f-8358-0c413c1a32d7/datanode-4/data/ratis/8a8c9061-1528-4871-8b23-a4586e5cdb72/current/log_inprogress_1
2019-08-22 22:07:51,643 [622387a1-0ff8-46d2-bb4b-d4ed28560aa4-SegmentedRaftLogWorker:Storage Directory /workdir/hadoop-ozone/integration-test/target/test-dir/MiniOzoneClusterImpl-a7d5ff65-5e52-402f-8358-0c413c1a32d7/datanode-2/data/ratis/8a8c9061-1528-4871-8b23-a4586e5cdb72] INFO  segmented.SegmentedRaftLogWorker (SegmentedRaftLogWorker.java:execute(569)) - 622387a1-0ff8-46d2-bb4b-d4ed28560aa4-SegmentedRaftLogWorker:Storage Directory /workdir/hadoop-ozone/integration-test/target/test-dir/MiniOzoneClusterImpl-a7d5ff65-5e52-402f-8358-0c413c1a32d7/datanode-2/data/ratis/8a8c9061-1528-4871-8b23-a4586e5cdb72: created new log segment /workdir/hadoop-ozone/integration-test/target/test-dir/MiniOzoneClusterImpl-a7d5ff65-5e52-402f-8358-0c413c1a32d7/datanode-2/data/ratis/8a8c9061-1528-4871-8b23-a4586e5cdb72/current/log_inprogress_0
2019-08-22 22:07:51,643 | INFO  | SCMAudit | user=jenkins1000 | ip=192.168.36.125 | op=SEND_HEARTBEAT {datanodeUUID=31687c82-0c07-4c25-b0e4-b592672e89de, command=[]} | ret=SUCCESS |  
2019-08-22 22:07:51,643 [362a0f32-a402-49c5-b39d-19ab87f59792-SegmentedRaftLogWorker:Storage Directory /workdir/hadoop-ozone/integration-test/target/test-dir/MiniOzoneClusterImpl-a7d5ff65-5e52-402f-8358-0c413c1a32d7/datanode-1/data/ratis/8a8c9061-1528-4871-8b23-a4586e5cdb72] INFO  segmented.SegmentedRaftLogWorker (SegmentedRaftLogWorker.java:execute(569)) - 362a0f32-a402-49c5-b39d-19ab87f59792-SegmentedRaftLogWorker:Storage Directory /workdir/hadoop-ozone/integration-test/target/test-dir/MiniOzoneClusterImpl-a7d5ff65-5e52-402f-8358-0c413c1a32d7/datanode-1/data/ratis/8a8c9061-1528-4871-8b23-a4586e5cdb72: created new log segment /workdir/hadoop-ozone/integration-test/target/test-dir/MiniOzoneClusterImpl-a7d5ff65-5e52-402f-8358-0c413c1a32d7/datanode-1/data/ratis/8a8c9061-1528-4871-8b23-a4586e5cdb72/current/log_inprogress_1
2019-08-22 22:07:51,656 [622387a1-0ff8-46d2-bb4b-d4ed28560aa4-SegmentedRaftLogWorker:Storage Directory /workdir/hadoop-ozone/integration-test/target/test-dir/MiniOzoneClusterImpl-a7d5ff65-5e52-402f-8358-0c413c1a32d7/datanode-2/data/ratis/8a8c9061-1528-4871-8b23-a4586e5cdb72] INFO  segmented.SegmentedRaftLogWorker (SegmentedRaftLogWorker.java:execute(526)) - 622387a1-0ff8-46d2-bb4b-d4ed28560aa4-SegmentedRaftLogWorker:Storage Directory /workdir/hadoop-ozone/integration-test/target/test-dir/MiniOzoneClusterImpl-a7d5ff65-5e52-402f-8358-0c413c1a32d7/datanode-2/data/ratis/8a8c9061-1528-4871-8b23-a4586e5cdb72: Rolled log segment from /workdir/hadoop-ozone/integration-test/target/test-dir/MiniOzoneClusterImpl-a7d5ff65-5e52-402f-8358-0c413c1a32d7/datanode-2/data/ratis/8a8c9061-1528-4871-8b23-a4586e5cdb72/current/log_inprogress_0 to /workdir/hadoop-ozone/integration-test/target/test-dir/MiniOzoneClusterImpl-a7d5ff65-5e52-402f-8358-0c413c1a32d7/datanode-2/data/ratis/8a8c9061-1528-4871-8b23-a4586e5cdb72/current/log_0-0
2019-08-22 22:07:51,701 | INFO  | SCMAudit | user=jenkins1000 | ip=192.168.36.125 | op=SEND_HEARTBEAT {datanodeUUID=2ad6dd5e-fcd5-41f9-b8db-8caf07d6cf0b, command=[]} | ret=SUCCESS |  
2019-08-22 22:07:51,710 [622387a1-0ff8-46d2-bb4b-d4ed28560aa4-SegmentedRaftLogWorker:Storage Directory /workdir/hadoop-ozone/integration-test/target/test-dir/MiniOzoneClusterImpl-a7d5ff65-5e52-402f-8358-0c413c1a32d7/datanode-2/data/ratis/8a8c9061-1528-4871-8b23-a4586e5cdb72] INFO  segmented.SegmentedRaftLogWorker (SegmentedRaftLogWorker.java:execute(569)) - 622387a1-0ff8-46d2-bb4b-d4ed28560aa4-SegmentedRaftLogWorker:Storage Directory /workdir/hadoop-ozone/integration-test/target/test-dir/MiniOzoneClusterImpl-a7d5ff65-5e52-402f-8358-0c413c1a32d7/datanode-2/data/ratis/8a8c9061-1528-4871-8b23-a4586e5cdb72: created new log segment /workdir/hadoop-ozone/integration-test/target/test-dir/MiniOzoneClusterImpl-a7d5ff65-5e52-402f-8358-0c413c1a32d7/datanode-2/data/ratis/8a8c9061-1528-4871-8b23-a4586e5cdb72/current/log_inprogress_1
2019-08-22 22:07:51,928 | INFO  | SCMAudit | user=jenkins1000 | ip=192.168.36.125 | op=SEND_HEARTBEAT {datanodeUUID=362a0f32-a402-49c5-b39d-19ab87f59792, command=[]} | ret=SUCCESS |  
2019-08-22 22:07:52,106 | INFO  | SCMAudit | user=jenkins1000 | ip=192.168.36.125 | op=SEND_HEARTBEAT {datanodeUUID=e0f80305-a2e9-4cc8-bb71-ae23e33e4a24, command=[]} | ret=SUCCESS |  
2019-08-22 22:07:52,106 | INFO  | SCMAudit | user=jenkins1000 | ip=192.168.36.125 | op=SEND_HEARTBEAT {datanodeUUID=b8ef9af6-352c-4d21-9a3e-6dd35f0a9afa, command=[]} | ret=SUCCESS |  
2019-08-22 22:07:52,179 | INFO  | SCMAudit | user=jenkins1000 | ip=192.168.36.125 | op=SEND_HEARTBEAT {datanodeUUID=622387a1-0ff8-46d2-bb4b-d4ed28560aa4, command=[]} | ret=SUCCESS |  
2019-08-22 22:07:52,449 [grpc-default-executor-1] INFO  client.GrpcClientProtocolClient (GrpcClientProtocolClient.java:onNext(255)) - client-0A7B88AEA72D->e0f80305-a2e9-4cc8-bb71-ae23e33e4a24: receive RaftClientReply:client-0A7B88AEA72D->e0f80305-a2e9-4cc8-bb71-ae23e33e4a24@group-0088140607CC, cid=14, FAILED org.apache.ratis.protocol.NotLeaderException: Server e0f80305-a2e9-4cc8-bb71-ae23e33e4a24 is not the leader (da272425-beaf-4e2f-8d68-d332ab7aa6f3:192.168.36.125:45418). Request must be sent to leader., logIndex=0, commits[e0f80305-a2e9-4cc8-bb71-ae23e33e4a24:c2, da272425-beaf-4e2f-8d68-d332ab7aa6f3:c2, b8ef9af6-352c-4d21-9a3e-6dd35f0a9afa:c2]
2019-08-22 22:07:52,643 | INFO  | SCMAudit | user=jenkins1000 | ip=192.168.36.125 | op=SEND_HEARTBEAT {datanodeUUID=31687c82-0c07-4c25-b0e4-b592672e89de, command=[]} | ret=SUCCESS |  
2019-08-22 22:07:52,700 | INFO  | SCMAudit | user=jenkins1000 | ip=192.168.36.125 | op=SEND_HEARTBEAT {datanodeUUID=2ad6dd5e-fcd5-41f9-b8db-8caf07d6cf0b, command=[]} | ret=SUCCESS |  
2019-08-22 22:07:52,929 | INFO  | SCMAudit | user=jenkins1000 | ip=192.168.36.125 | op=SEND_HEARTBEAT {datanodeUUID=362a0f32-a402-49c5-b39d-19ab87f59792, command=[]} | ret=SUCCESS |  
2019-08-22 22:07:53,106 | INFO  | SCMAudit | user=jenkins1000 | ip=192.168.36.125 | op=SEND_HEARTBEAT {datanodeUUID=e0f80305-a2e9-4cc8-bb71-ae23e33e4a24, command=[]} | ret=SUCCESS |  
2019-08-22 22:07:53,106 | INFO  | SCMAudit | user=jenkins1000 | ip=192.168.36.125 | op=SEND_HEARTBEAT {datanodeUUID=b8ef9af6-352c-4d21-9a3e-6dd35f0a9afa, command=[]} | ret=SUCCESS |  
2019-08-22 22:07:53,179 | INFO  | SCMAudit | user=jenkins1000 | ip=192.168.36.125 | op=SEND_HEARTBEAT {datanodeUUID=622387a1-0ff8-46d2-bb4b-d4ed28560aa4, command=[]} | ret=SUCCESS |  
2019-08-22 22:07:53,477 [grpc-default-executor-3] INFO  client.GrpcClientProtocolClient (GrpcClientProtocolClient.java:onNext(255)) - client-0A7B88AEA72D->e0f80305-a2e9-4cc8-bb71-ae23e33e4a24: receive RaftClientReply:client-0A7B88AEA72D->e0f80305-a2e9-4cc8-bb71-ae23e33e4a24@group-0088140607CC, cid=14, FAILED org.apache.ratis.protocol.NotLeaderException: Server e0f80305-a2e9-4cc8-bb71-ae23e33e4a24 is not the leader (da272425-beaf-4e2f-8d68-d332ab7aa6f3:192.168.36.125:45418). Request must be sent to leader., logIndex=0, commits[e0f80305-a2e9-4cc8-bb71-ae23e33e4a24:c2, da272425-beaf-4e2f-8d68-d332ab7aa6f3:c2, b8ef9af6-352c-4d21-9a3e-6dd35f0a9afa:c2]
2019-08-22 22:07:53,643 | INFO  | SCMAudit | user=jenkins1000 | ip=192.168.36.125 | op=SEND_HEARTBEAT {datanodeUUID=31687c82-0c07-4c25-b0e4-b592672e89de, command=[]} | ret=SUCCESS |  
2019-08-22 22:07:53,700 | INFO  | SCMAudit | user=jenkins1000 | ip=192.168.36.125 | op=SEND_HEARTBEAT {datanodeUUID=2ad6dd5e-fcd5-41f9-b8db-8caf07d6cf0b, command=[]} | ret=SUCCESS |  
2019-08-22 22:07:53,928 | INFO  | SCMAudit | user=jenkins1000 | ip=192.168.36.125 | op=SEND_HEARTBEAT {datanodeUUID=362a0f32-a402-49c5-b39d-19ab87f59792, command=[]} | ret=SUCCESS |  
2019-08-22 22:07:54,106 | INFO  | SCMAudit | user=jenkins1000 | ip=192.168.36.125 | op=SEND_HEARTBEAT {datanodeUUID=b8ef9af6-352c-4d21-9a3e-6dd35f0a9afa, command=[]} | ret=SUCCESS |  
2019-08-22 22:07:54,106 | INFO  | SCMAudit | user=jenkins1000 | ip=192.168.36.125 | op=SEND_HEARTBEAT {datanodeUUID=e0f80305-a2e9-4cc8-bb71-ae23e33e4a24, command=[]} | ret=SUCCESS |  
2019-08-22 22:07:54,181 | INFO  | SCMAudit | user=jenkins1000 | ip=192.168.36.125 | op=SEND_HEARTBEAT {datanodeUUID=622387a1-0ff8-46d2-bb4b-d4ed28560aa4, command=[]} | ret=SUCCESS |  
2019-08-22 22:07:54,520 [grpc-default-executor-4] INFO  client.GrpcClientProtocolClient (GrpcClientProtocolClient.java:onNext(255)) - client-0A7B88AEA72D->e0f80305-a2e9-4cc8-bb71-ae23e33e4a24: receive RaftClientReply:client-0A7B88AEA72D->e0f80305-a2e9-4cc8-bb71-ae23e33e4a24@group-0088140607CC, cid=14, FAILED org.apache.ratis.protocol.NotLeaderException: Server e0f80305-a2e9-4cc8-bb71-ae23e33e4a24 is not the leader (da272425-beaf-4e2f-8d68-d332ab7aa6f3:192.168.36.125:45418). Request must be sent to leader., logIndex=0, commits[e0f80305-a2e9-4cc8-bb71-ae23e33e4a24:c2, da272425-beaf-4e2f-8d68-d332ab7aa6f3:c2, b8ef9af6-352c-4d21-9a3e-6dd35f0a9afa:c2]
2019-08-22 22:07:54,642 | INFO  | SCMAudit | user=jenkins1000 | ip=192.168.36.125 | op=SEND_HEARTBEAT {datanodeUUID=31687c82-0c07-4c25-b0e4-b592672e89de, command=[]} | ret=SUCCESS |  
2019-08-22 22:07:54,700 | INFO  | SCMAudit | user=jenkins1000 | ip=192.168.36.125 | op=SEND_HEARTBEAT {datanodeUUID=2ad6dd5e-fcd5-41f9-b8db-8caf07d6cf0b, command=[]} | ret=SUCCESS |  
2019-08-22 22:07:54,928 | INFO  | SCMAudit | user=jenkins1000 | ip=192.168.36.125 | op=SEND_HEARTBEAT {datanodeUUID=362a0f32-a402-49c5-b39d-19ab87f59792, command=[]} | ret=SUCCESS |  
2019-08-22 22:07:55,106 | INFO  | SCMAudit | user=jenkins1000 | ip=192.168.36.125 | op=SEND_HEARTBEAT {datanodeUUID=e0f80305-a2e9-4cc8-bb71-ae23e33e4a24, command=[]} | ret=SUCCESS |  
2019-08-22 22:07:55,106 | INFO  | SCMAudit | user=jenkins1000 | ip=192.168.36.125 | op=SEND_HEARTBEAT {datanodeUUID=b8ef9af6-352c-4d21-9a3e-6dd35f0a9afa, command=[]} | ret=SUCCESS |  
2019-08-22 22:07:55,180 | INFO  | SCMAudit | user=jenkins1000 | ip=192.168.36.125 | op=SEND_HEARTBEAT {datanodeUUID=622387a1-0ff8-46d2-bb4b-d4ed28560aa4, command=[]} | ret=SUCCESS |  
2019-08-22 22:07:55,558 [grpc-default-executor-3] INFO  client.GrpcClientProtocolClient (GrpcClientProtocolClient.java:onNext(255)) - client-0A7B88AEA72D->b8ef9af6-352c-4d21-9a3e-6dd35f0a9afa: receive RaftClientReply:client-0A7B88AEA72D->b8ef9af6-352c-4d21-9a3e-6dd35f0a9afa@group-0088140607CC, cid=14, FAILED org.apache.ratis.protocol.NotLeaderException: Server b8ef9af6-352c-4d21-9a3e-6dd35f0a9afa is not the leader (da272425-beaf-4e2f-8d68-d332ab7aa6f3:192.168.36.125:45418). Request must be sent to leader., logIndex=0, commits[b8ef9af6-352c-4d21-9a3e-6dd35f0a9afa:c2, da272425-beaf-4e2f-8d68-d332ab7aa6f3:c2, e0f80305-a2e9-4cc8-bb71-ae23e33e4a24:c2]
2019-08-22 22:07:55,643 | INFO  | SCMAudit | user=jenkins1000 | ip=192.168.36.125 | op=SEND_HEARTBEAT {datanodeUUID=31687c82-0c07-4c25-b0e4-b592672e89de, command=[]} | ret=SUCCESS |  
2019-08-22 22:07:55,700 | INFO  | SCMAudit | user=jenkins1000 | ip=192.168.36.125 | op=SEND_HEARTBEAT {datanodeUUID=2ad6dd5e-fcd5-41f9-b8db-8caf07d6cf0b, command=[]} | ret=SUCCESS |  
2019-08-22 22:07:55,928 | INFO  | SCMAudit | user=jenkins1000 | ip=192.168.36.125 | op=SEND_HEARTBEAT {datanodeUUID=362a0f32-a402-49c5-b39d-19ab87f59792, command=[]} | ret=SUCCESS |  
2019-08-22 22:07:56,107 | INFO  | SCMAudit | user=jenkins1000 | ip=192.168.36.125 | op=SEND_HEARTBEAT {datanodeUUID=b8ef9af6-352c-4d21-9a3e-6dd35f0a9afa, command=[]} | ret=SUCCESS |  
2019-08-22 22:07:56,107 | INFO  | SCMAudit | user=jenkins1000 | ip=192.168.36.125 | op=SEND_HEARTBEAT {datanodeUUID=e0f80305-a2e9-4cc8-bb71-ae23e33e4a24, command=[]} | ret=SUCCESS |  
2019-08-22 22:07:56,181 | INFO  | SCMAudit | user=jenkins1000 | ip=192.168.36.125 | op=SEND_HEARTBEAT {datanodeUUID=622387a1-0ff8-46d2-bb4b-d4ed28560aa4, command=[]} | ret=SUCCESS |  
2019-08-22 22:07:56,352 [Thread-314] INFO  impl.FollowerState (FollowerState.java:run(106)) - b8ef9af6-352c-4d21-9a3e-6dd35f0a9afa:group-0088140607CC changes to CANDIDATE, lastRpcTime:9446, electionTimeout:5104ms
2019-08-22 22:07:56,352 [Thread-314] INFO  impl.RoleInfo (RoleInfo.java:shutdownFollowerState(121)) - b8ef9af6-352c-4d21-9a3e-6dd35f0a9afa: shutdown FollowerState
2019-08-22 22:07:56,352 [Thread-314] INFO  impl.RaftServerImpl (RaftServerImpl.java:setRole(171)) - b8ef9af6-352c-4d21-9a3e-6dd35f0a9afa:group-0088140607CC changes role from FOLLOWER to CANDIDATE at term 1 for changeToCandidate
2019-08-22 22:07:56,352 [Thread-314] INFO  impl.RoleInfo (RoleInfo.java:updateAndGet(143)) - b8ef9af6-352c-4d21-9a3e-6dd35f0a9afa: start LeaderElection
2019-08-22 22:07:56,353 [b8ef9af6-352c-4d21-9a3e-6dd35f0a9afa:group-0088140607CC:LeaderElection16] INFO  impl.RaftServerImpl (ServerState.java:setLeader(263)) - b8ef9af6-352c-4d21-9a3e-6dd35f0a9afa:group-0088140607CC change Leader from da272425-beaf-4e2f-8d68-d332ab7aa6f3 to null at term 1 for initElection
2019-08-22 22:07:56,441 [Thread-324] INFO  impl.FollowerState (FollowerState.java:run(106)) - e0f80305-a2e9-4cc8-bb71-ae23e33e4a24:group-0088140607CC changes to CANDIDATE, lastRpcTime:9537, electionTimeout:5058ms
2019-08-22 22:07:56,441 [Thread-324] INFO  impl.RoleInfo (RoleInfo.java:shutdownFollowerState(121)) - e0f80305-a2e9-4cc8-bb71-ae23e33e4a24: shutdown FollowerState
2019-08-22 22:07:56,441 [Thread-324] INFO  impl.RaftServerImpl (RaftServerImpl.java:setRole(171)) - e0f80305-a2e9-4cc8-bb71-ae23e33e4a24:group-0088140607CC changes role from FOLLOWER to CANDIDATE at term 1 for changeToCandidate
2019-08-22 22:07:56,442 [Thread-324] INFO  impl.RoleInfo (RoleInfo.java:updateAndGet(143)) - e0f80305-a2e9-4cc8-bb71-ae23e33e4a24: start LeaderElection
2019-08-22 22:07:56,442 [e0f80305-a2e9-4cc8-bb71-ae23e33e4a24:group-0088140607CC:LeaderElection17] INFO  impl.RaftServerImpl (ServerState.java:setLeader(263)) - e0f80305-a2e9-4cc8-bb71-ae23e33e4a24:group-0088140607CC change Leader from da272425-beaf-4e2f-8d68-d332ab7aa6f3 to null at term 1 for initElection
2019-08-22 22:07:56,603 [grpc-default-executor-1] INFO  client.GrpcClientProtocolClient (GrpcClientProtocolClient.java:onNext(255)) - client-0A7B88AEA72D->b8ef9af6-352c-4d21-9a3e-6dd35f0a9afa: receive RaftClientReply:client-0A7B88AEA72D->b8ef9af6-352c-4d21-9a3e-6dd35f0a9afa@group-0088140607CC, cid=14, FAILED org.apache.ratis.protocol.NotLeaderException: Server b8ef9af6-352c-4d21-9a3e-6dd35f0a9afa is not the leader (null). Request must be sent to leader., logIndex=0, commits[b8ef9af6-352c-4d21-9a3e-6dd35f0a9afa:c2, da272425-beaf-4e2f-8d68-d332ab7aa6f3:c2, e0f80305-a2e9-4cc8-bb71-ae23e33e4a24:c2]
2019-08-22 22:07:56,643 | INFO  | SCMAudit | user=jenkins1000 | ip=192.168.36.125 | op=SEND_HEARTBEAT {datanodeUUID=31687c82-0c07-4c25-b0e4-b592672e89de, command=[]} | ret=SUCCESS |  
2019-08-22 22:07:56,700 | INFO  | SCMAudit | user=jenkins1000 | ip=192.168.36.125 | op=SEND_HEARTBEAT {datanodeUUID=2ad6dd5e-fcd5-41f9-b8db-8caf07d6cf0b, command=[]} | ret=SUCCESS |  
2019-08-22 22:07:56,928 | INFO  | SCMAudit | user=jenkins1000 | ip=192.168.36.125 | op=SEND_HEARTBEAT {datanodeUUID=362a0f32-a402-49c5-b39d-19ab87f59792, command=[]} | ret=SUCCESS |  
2019-08-22 22:07:57,107 | INFO  | SCMAudit | user=jenkins1000 | ip=192.168.36.125 | op=SEND_HEARTBEAT {datanodeUUID=b8ef9af6-352c-4d21-9a3e-6dd35f0a9afa, command=[]} | ret=SUCCESS |  
2019-08-22 22:07:57,107 | INFO  | SCMAudit | user=jenkins1000 | ip=192.168.36.125 | op=SEND_HEARTBEAT {datanodeUUID=e0f80305-a2e9-4cc8-bb71-ae23e33e4a24, command=[]} | ret=SUCCESS |  
2019-08-22 22:07:57,181 | INFO  | SCMAudit | user=jenkins1000 | ip=192.168.36.125 | op=SEND_HEARTBEAT {datanodeUUID=622387a1-0ff8-46d2-bb4b-d4ed28560aa4, command=[]} | ret=SUCCESS |  
2019-08-22 22:07:57,643 | INFO  | SCMAudit | user=jenkins1000 | ip=192.168.36.125 | op=SEND_HEARTBEAT {datanodeUUID=31687c82-0c07-4c25-b0e4-b592672e89de, command=[]} | ret=SUCCESS |  
2019-08-22 22:07:57,700 | INFO  | SCMAudit | user=jenkins1000 | ip=192.168.36.125 | op=SEND_HEARTBEAT {datanodeUUID=2ad6dd5e-fcd5-41f9-b8db-8caf07d6cf0b, command=[]} | ret=SUCCESS |  
2019-08-22 22:07:57,928 | INFO  | SCMAudit | user=jenkins1000 | ip=192.168.36.125 | op=SEND_HEARTBEAT {datanodeUUID=362a0f32-a402-49c5-b39d-19ab87f59792, command=[]} | ret=SUCCESS |  
2019-08-22 22:07:58,106 | INFO  | SCMAudit | user=jenkins1000 | ip=192.168.36.125 | op=SEND_HEARTBEAT {datanodeUUID=b8ef9af6-352c-4d21-9a3e-6dd35f0a9afa, command=[]} | ret=SUCCESS |  
2019-08-22 22:07:58,106 | INFO  | SCMAudit | user=jenkins1000 | ip=192.168.36.125 | op=SEND_HEARTBEAT {datanodeUUID=e0f80305-a2e9-4cc8-bb71-ae23e33e4a24, command=[]} | ret=SUCCESS |  
2019-08-22 22:07:58,181 | INFO  | SCMAudit | user=jenkins1000 | ip=192.168.36.125 | op=SEND_HEARTBEAT {datanodeUUID=622387a1-0ff8-46d2-bb4b-d4ed28560aa4, command=[]} | ret=SUCCESS |  
2019-08-22 22:07:58,428 [b8ef9af6-352c-4d21-9a3e-6dd35f0a9afa:group-0088140607CC:LeaderElection16] INFO  impl.LeaderElection (LeaderElection.java:askForVotes(181)) - b8ef9af6-352c-4d21-9a3e-6dd35f0a9afa:group-0088140607CC:LeaderElection16: begin an election at term 2 for 0: [da272425-beaf-4e2f-8d68-d332ab7aa6f3:192.168.36.125:45418, b8ef9af6-352c-4d21-9a3e-6dd35f0a9afa:192.168.36.125:34128, e0f80305-a2e9-4cc8-bb71-ae23e33e4a24:192.168.36.125:34759], old=null
2019-08-22 22:07:58,428 [e0f80305-a2e9-4cc8-bb71-ae23e33e4a24:group-0088140607CC:LeaderElection17] INFO  impl.LeaderElection (LeaderElection.java:askForVotes(181)) - e0f80305-a2e9-4cc8-bb71-ae23e33e4a24:group-0088140607CC:LeaderElection17: begin an election at term 2 for 0: [da272425-beaf-4e2f-8d68-d332ab7aa6f3:192.168.36.125:45418, b8ef9af6-352c-4d21-9a3e-6dd35f0a9afa:192.168.36.125:34128, e0f80305-a2e9-4cc8-bb71-ae23e33e4a24:192.168.36.125:34759], old=null
2019-08-22 22:07:58,436 [e0f80305-a2e9-4cc8-bb71-ae23e33e4a24:group-0088140607CC:LeaderElection17] INFO  impl.LeaderElection (LogUtils.java:infoOrTrace(149)) - e0f80305-a2e9-4cc8-bb71-ae23e33e4a24:group-0088140607CC:LeaderElection17 got exception when requesting votes: {}
java.util.concurrent.ExecutionException: org.apache.ratis.thirdparty.io.grpc.StatusRuntimeException: UNAVAILABLE: io exception
	at java.util.concurrent.FutureTask.report(FutureTask.java:122)
	at java.util.concurrent.FutureTask.get(FutureTask.java:192)
	at org.apache.ratis.server.impl.LeaderElection.waitForResults(LeaderElection.java:262)
	at org.apache.ratis.server.impl.LeaderElection.askForVotes(LeaderElection.java:200)
	at org.apache.ratis.server.impl.LeaderElection.run(LeaderElection.java:130)
	at java.lang.Thread.run(Thread.java:748)
Caused by: org.apache.ratis.thirdparty.io.grpc.StatusRuntimeException: UNAVAILABLE: io exception
	at org.apache.ratis.thirdparty.io.grpc.stub.ClientCalls.toStatusRuntimeException(ClientCalls.java:233)
	at org.apache.ratis.thirdparty.io.grpc.stub.ClientCalls.getUnchecked(ClientCalls.java:214)
	at org.apache.ratis.thirdparty.io.grpc.stub.ClientCalls.blockingUnaryCall(ClientCalls.java:139)
	at org.apache.ratis.proto.grpc.RaftServerProtocolServiceGrpc$RaftServerProtocolServiceBlockingStub.requestVote(RaftServerProtocolServiceGrpc.java:265)
	at org.apache.ratis.grpc.server.GrpcServerProtocolClient.requestVote(GrpcServerProtocolClient.java:83)
	at org.apache.ratis.grpc.server.GrpcService.requestVote(GrpcService.java:195)
	at org.apache.ratis.server.impl.LeaderElection.lambda$submitRequests$1(LeaderElection.java:237)
	at java.util.concurrent.FutureTask.run(FutureTask.java:266)
	at java.util.concurrent.Executors$RunnableAdapter.call(Executors.java:511)
	at java.util.concurrent.FutureTask.run(FutureTask.java:266)
	at java.util.concurrent.ThreadPoolExecutor.runWorker(ThreadPoolExecutor.java:1149)
	at java.util.concurrent.ThreadPoolExecutor$Worker.run(ThreadPoolExecutor.java:624)
	... 1 more
Caused by: org.apache.ratis.thirdparty.io.netty.channel.AbstractChannel$AnnotatedConnectException: Connection refused: /192.168.36.125:45418
	at sun.nio.ch.SocketChannelImpl.checkConnect(Native Method)
	at sun.nio.ch.SocketChannelImpl.finishConnect(SocketChannelImpl.java:717)
	at org.apache.ratis.thirdparty.io.netty.channel.socket.nio.NioSocketChannel.doFinishConnect(NioSocketChannel.java:327)
	at org.apache.ratis.thirdparty.io.netty.channel.nio.AbstractNioChannel$AbstractNioUnsafe.finishConnect(AbstractNioChannel.java:340)
	at org.apache.ratis.thirdparty.io.netty.channel.nio.NioEventLoop.processSelectedKey(NioEventLoop.java:632)
	at org.apache.ratis.thirdparty.io.netty.channel.nio.NioEventLoop.processSelectedKeysOptimized(NioEventLoop.java:579)
	at org.apache.ratis.thirdparty.io.netty.channel.nio.NioEventLoop.processSelectedKeys(NioEventLoop.java:496)
	at org.apache.ratis.thirdparty.io.netty.channel.nio.NioEventLoop.run(NioEventLoop.java:458)
	at org.apache.ratis.thirdparty.io.netty.util.concurrent.SingleThreadEventExecutor$5.run(SingleThreadEventExecutor.java:897)
	at org.apache.ratis.thirdparty.io.netty.util.concurrent.FastThreadLocalRunnable.run(FastThreadLocalRunnable.java:30)
	... 1 more
Caused by: java.net.ConnectException: Connection refused
	... 11 more
2019-08-22 22:07:58,436 [b8ef9af6-352c-4d21-9a3e-6dd35f0a9afa:group-0088140607CC:LeaderElection16] INFO  impl.LeaderElection (LogUtils.java:infoOrTrace(149)) - b8ef9af6-352c-4d21-9a3e-6dd35f0a9afa:group-0088140607CC:LeaderElection16 got exception when requesting votes: {}
java.util.concurrent.ExecutionException: org.apache.ratis.thirdparty.io.grpc.StatusRuntimeException: UNAVAILABLE: io exception
	at java.util.concurrent.FutureTask.report(FutureTask.java:122)
	at java.util.concurrent.FutureTask.get(FutureTask.java:192)
	at org.apache.ratis.server.impl.LeaderElection.waitForResults(LeaderElection.java:262)
	at org.apache.ratis.server.impl.LeaderElection.askForVotes(LeaderElection.java:200)
	at org.apache.ratis.server.impl.LeaderElection.run(LeaderElection.java:130)
	at java.lang.Thread.run(Thread.java:748)
Caused by: org.apache.ratis.thirdparty.io.grpc.StatusRuntimeException: UNAVAILABLE: io exception
	at org.apache.ratis.thirdparty.io.grpc.stub.ClientCalls.toStatusRuntimeException(ClientCalls.java:233)
	at org.apache.ratis.thirdparty.io.grpc.stub.ClientCalls.getUnchecked(ClientCalls.java:214)
	at org.apache.ratis.thirdparty.io.grpc.stub.ClientCalls.blockingUnaryCall(ClientCalls.java:139)
	at org.apache.ratis.proto.grpc.RaftServerProtocolServiceGrpc$RaftServerProtocolServiceBlockingStub.requestVote(RaftServerProtocolServiceGrpc.java:265)
	at org.apache.ratis.grpc.server.GrpcServerProtocolClient.requestVote(GrpcServerProtocolClient.java:83)
	at org.apache.ratis.grpc.server.GrpcService.requestVote(GrpcService.java:195)
	at org.apache.ratis.server.impl.LeaderElection.lambda$submitRequests$1(LeaderElection.java:237)
	at java.util.concurrent.FutureTask.run(FutureTask.java:266)
	at java.util.concurrent.Executors$RunnableAdapter.call(Executors.java:511)
	at java.util.concurrent.FutureTask.run(FutureTask.java:266)
	at java.util.concurrent.ThreadPoolExecutor.runWorker(ThreadPoolExecutor.java:1149)
	at java.util.concurrent.ThreadPoolExecutor$Worker.run(ThreadPoolExecutor.java:624)
	... 1 more
Caused by: org.apache.ratis.thirdparty.io.netty.channel.AbstractChannel$AnnotatedConnectException: Connection refused: /192.168.36.125:45418
	at sun.nio.ch.SocketChannelImpl.checkConnect(Native Method)
	at sun.nio.ch.SocketChannelImpl.finishConnect(SocketChannelImpl.java:717)
	at org.apache.ratis.thirdparty.io.netty.channel.socket.nio.NioSocketChannel.doFinishConnect(NioSocketChannel.java:327)
	at org.apache.ratis.thirdparty.io.netty.channel.nio.AbstractNioChannel$AbstractNioUnsafe.finishConnect(AbstractNioChannel.java:340)
	at org.apache.ratis.thirdparty.io.netty.channel.nio.NioEventLoop.processSelectedKey(NioEventLoop.java:632)
	at org.apache.ratis.thirdparty.io.netty.channel.nio.NioEventLoop.processSelectedKeysOptimized(NioEventLoop.java:579)
	at org.apache.ratis.thirdparty.io.netty.channel.nio.NioEventLoop.processSelectedKeys(NioEventLoop.java:496)
	at org.apache.ratis.thirdparty.io.netty.channel.nio.NioEventLoop.run(NioEventLoop.java:458)
	at org.apache.ratis.thirdparty.io.netty.util.concurrent.SingleThreadEventExecutor$5.run(SingleThreadEventExecutor.java:897)
	at org.apache.ratis.thirdparty.io.netty.util.concurrent.FastThreadLocalRunnable.run(FastThreadLocalRunnable.java:30)
	... 1 more
Caused by: java.net.ConnectException: Connection refused
	... 11 more
2019-08-22 22:07:58,444 [e0f80305-a2e9-4cc8-bb71-ae23e33e4a24:group-0088140607CC:LeaderElection17] INFO  impl.LeaderElection (LeaderElection.java:logAndReturn(56)) - e0f80305-a2e9-4cc8-bb71-ae23e33e4a24:group-0088140607CC:LeaderElection17: Election REJECTED; received 1 response(s) [e0f80305-a2e9-4cc8-bb71-ae23e33e4a24<-b8ef9af6-352c-4d21-9a3e-6dd35f0a9afa#0:FAIL-t2] and 1 exception(s); e0f80305-a2e9-4cc8-bb71-ae23e33e4a24:t2, leader=null, voted=e0f80305-a2e9-4cc8-bb71-ae23e33e4a24, raftlog=e0f80305-a2e9-4cc8-bb71-ae23e33e4a24-SegmentedRaftLog:OPENED:c2,f2,i2, conf=0: [da272425-beaf-4e2f-8d68-d332ab7aa6f3:192.168.36.125:45418, b8ef9af6-352c-4d21-9a3e-6dd35f0a9afa:192.168.36.125:34128, e0f80305-a2e9-4cc8-bb71-ae23e33e4a24:192.168.36.125:34759], old=null
2019-08-22 22:07:58,445 [b8ef9af6-352c-4d21-9a3e-6dd35f0a9afa:group-0088140607CC:LeaderElection16] INFO  impl.LeaderElection (LeaderElection.java:logAndReturn(56)) - b8ef9af6-352c-4d21-9a3e-6dd35f0a9afa:group-0088140607CC:LeaderElection16: Election REJECTED; received 1 response(s) [b8ef9af6-352c-4d21-9a3e-6dd35f0a9afa<-e0f80305-a2e9-4cc8-bb71-ae23e33e4a24#0:FAIL-t2] and 1 exception(s); b8ef9af6-352c-4d21-9a3e-6dd35f0a9afa:t2, leader=null, voted=b8ef9af6-352c-4d21-9a3e-6dd35f0a9afa, raftlog=b8ef9af6-352c-4d21-9a3e-6dd35f0a9afa-SegmentedRaftLog:OPENED:c2,f2,i2, conf=0: [da272425-beaf-4e2f-8d68-d332ab7aa6f3:192.168.36.125:45418, b8ef9af6-352c-4d21-9a3e-6dd35f0a9afa:192.168.36.125:34128, e0f80305-a2e9-4cc8-bb71-ae23e33e4a24:192.168.36.125:34759], old=null
2019-08-22 22:07:58,445 [e0f80305-a2e9-4cc8-bb71-ae23e33e4a24:group-0088140607CC:LeaderElection17] INFO  impl.LeaderElection (LogUtils.java:infoOrTrace(149)) -   Exception 0: {}
java.util.concurrent.ExecutionException: org.apache.ratis.thirdparty.io.grpc.StatusRuntimeException: UNAVAILABLE: io exception
	at java.util.concurrent.FutureTask.report(FutureTask.java:122)
	at java.util.concurrent.FutureTask.get(FutureTask.java:192)
	at org.apache.ratis.server.impl.LeaderElection.waitForResults(LeaderElection.java:262)
	at org.apache.ratis.server.impl.LeaderElection.askForVotes(LeaderElection.java:200)
	at org.apache.ratis.server.impl.LeaderElection.run(LeaderElection.java:130)
	at java.lang.Thread.run(Thread.java:748)
Caused by: org.apache.ratis.thirdparty.io.grpc.StatusRuntimeException: UNAVAILABLE: io exception
	at org.apache.ratis.thirdparty.io.grpc.stub.ClientCalls.toStatusRuntimeException(ClientCalls.java:233)
	at org.apache.ratis.thirdparty.io.grpc.stub.ClientCalls.getUnchecked(ClientCalls.java:214)
	at org.apache.ratis.thirdparty.io.grpc.stub.ClientCalls.blockingUnaryCall(ClientCalls.java:139)
	at org.apache.ratis.proto.grpc.RaftServerProtocolServiceGrpc$RaftServerProtocolServiceBlockingStub.requestVote(RaftServerProtocolServiceGrpc.java:265)
	at org.apache.ratis.grpc.server.GrpcServerProtocolClient.requestVote(GrpcServerProtocolClient.java:83)
	at org.apache.ratis.grpc.server.GrpcService.requestVote(GrpcService.java:195)
	at org.apache.ratis.server.impl.LeaderElection.lambda$submitRequests$1(LeaderElection.java:237)
	at java.util.concurrent.FutureTask.run(FutureTask.java:266)
	at java.util.concurrent.Executors$RunnableAdapter.call(Executors.java:511)
	at java.util.concurrent.FutureTask.run(FutureTask.java:266)
	at java.util.concurrent.ThreadPoolExecutor.runWorker(ThreadPoolExecutor.java:1149)
	at java.util.concurrent.ThreadPoolExecutor$Worker.run(ThreadPoolExecutor.java:624)
	... 1 more
Caused by: org.apache.ratis.thirdparty.io.netty.channel.AbstractChannel$AnnotatedConnectException: Connection refused: /192.168.36.125:45418
	at sun.nio.ch.SocketChannelImpl.checkConnect(Native Method)
	at sun.nio.ch.SocketChannelImpl.finishConnect(SocketChannelImpl.java:717)
	at org.apache.ratis.thirdparty.io.netty.channel.socket.nio.NioSocketChannel.doFinishConnect(NioSocketChannel.java:327)
	at org.apache.ratis.thirdparty.io.netty.channel.nio.AbstractNioChannel$AbstractNioUnsafe.finishConnect(AbstractNioChannel.java:340)
	at org.apache.ratis.thirdparty.io.netty.channel.nio.NioEventLoop.processSelectedKey(NioEventLoop.java:632)
	at org.apache.ratis.thirdparty.io.netty.channel.nio.NioEventLoop.processSelectedKeysOptimized(NioEventLoop.java:579)
	at org.apache.ratis.thirdparty.io.netty.channel.nio.NioEventLoop.processSelectedKeys(NioEventLoop.java:496)
	at org.apache.ratis.thirdparty.io.netty.channel.nio.NioEventLoop.run(NioEventLoop.java:458)
	at org.apache.ratis.thirdparty.io.netty.util.concurrent.SingleThreadEventExecutor$5.run(SingleThreadEventExecutor.java:897)
	at org.apache.ratis.thirdparty.io.netty.util.concurrent.FastThreadLocalRunnable.run(FastThreadLocalRunnable.java:30)
	... 1 more
Caused by: java.net.ConnectException: Connection refused
	... 11 more
2019-08-22 22:07:58,445 [b8ef9af6-352c-4d21-9a3e-6dd35f0a9afa:group-0088140607CC:LeaderElection16] INFO  impl.LeaderElection (LogUtils.java:infoOrTrace(149)) -   Exception 0: {}
java.util.concurrent.ExecutionException: org.apache.ratis.thirdparty.io.grpc.StatusRuntimeException: UNAVAILABLE: io exception
	at java.util.concurrent.FutureTask.report(FutureTask.java:122)
	at java.util.concurrent.FutureTask.get(FutureTask.java:192)
	at org.apache.ratis.server.impl.LeaderElection.waitForResults(LeaderElection.java:262)
	at org.apache.ratis.server.impl.LeaderElection.askForVotes(LeaderElection.java:200)
	at org.apache.ratis.server.impl.LeaderElection.run(LeaderElection.java:130)
	at java.lang.Thread.run(Thread.java:748)
Caused by: org.apache.ratis.thirdparty.io.grpc.StatusRuntimeException: UNAVAILABLE: io exception
	at org.apache.ratis.thirdparty.io.grpc.stub.ClientCalls.toStatusRuntimeException(ClientCalls.java:233)
	at org.apache.ratis.thirdparty.io.grpc.stub.ClientCalls.getUnchecked(ClientCalls.java:214)
	at org.apache.ratis.thirdparty.io.grpc.stub.ClientCalls.blockingUnaryCall(ClientCalls.java:139)
	at org.apache.ratis.proto.grpc.RaftServerProtocolServiceGrpc$RaftServerProtocolServiceBlockingStub.requestVote(RaftServerProtocolServiceGrpc.java:265)
	at org.apache.ratis.grpc.server.GrpcServerProtocolClient.requestVote(GrpcServerProtocolClient.java:83)
	at org.apache.ratis.grpc.server.GrpcService.requestVote(GrpcService.java:195)
	at org.apache.ratis.server.impl.LeaderElection.lambda$submitRequests$1(LeaderElection.java:237)
	at java.util.concurrent.FutureTask.run(FutureTask.java:266)
	at java.util.concurrent.Executors$RunnableAdapter.call(Executors.java:511)
	at java.util.concurrent.FutureTask.run(FutureTask.java:266)
	at java.util.concurrent.ThreadPoolExecutor.runWorker(ThreadPoolExecutor.java:1149)
	at java.util.concurrent.ThreadPoolExecutor$Worker.run(ThreadPoolExecutor.java:624)
	... 1 more
Caused by: org.apache.ratis.thirdparty.io.netty.channel.AbstractChannel$AnnotatedConnectException: Connection refused: /192.168.36.125:45418
	at sun.nio.ch.SocketChannelImpl.checkConnect(Native Method)
	at sun.nio.ch.SocketChannelImpl.finishConnect(SocketChannelImpl.java:717)
	at org.apache.ratis.thirdparty.io.netty.channel.socket.nio.NioSocketChannel.doFinishConnect(NioSocketChannel.java:327)
	at org.apache.ratis.thirdparty.io.netty.channel.nio.AbstractNioChannel$AbstractNioUnsafe.finishConnect(AbstractNioChannel.java:340)
	at org.apache.ratis.thirdparty.io.netty.channel.nio.NioEventLoop.processSelectedKey(NioEventLoop.java:632)
	at org.apache.ratis.thirdparty.io.netty.channel.nio.NioEventLoop.processSelectedKeysOptimized(NioEventLoop.java:579)
	at org.apache.ratis.thirdparty.io.netty.channel.nio.NioEventLoop.processSelectedKeys(NioEventLoop.java:496)
	at org.apache.ratis.thirdparty.io.netty.channel.nio.NioEventLoop.run(NioEventLoop.java:458)
	at org.apache.ratis.thirdparty.io.netty.util.concurrent.SingleThreadEventExecutor$5.run(SingleThreadEventExecutor.java:897)
	at org.apache.ratis.thirdparty.io.netty.util.concurrent.FastThreadLocalRunnable.run(FastThreadLocalRunnable.java:30)
	... 1 more
Caused by: java.net.ConnectException: Connection refused
	... 11 more
2019-08-22 22:07:58,446 [e0f80305-a2e9-4cc8-bb71-ae23e33e4a24:group-0088140607CC:LeaderElection17] INFO  impl.RaftServerImpl (RaftServerImpl.java:setRole(171)) - e0f80305-a2e9-4cc8-bb71-ae23e33e4a24:group-0088140607CC changes role from CANDIDATE to FOLLOWER at term 2 for DISCOVERED_A_NEW_TERM
2019-08-22 22:07:58,449 [b8ef9af6-352c-4d21-9a3e-6dd35f0a9afa:group-0088140607CC:LeaderElection16] INFO  impl.RaftServerImpl (RaftServerImpl.java:setRole(171)) - b8ef9af6-352c-4d21-9a3e-6dd35f0a9afa:group-0088140607CC changes role from CANDIDATE to FOLLOWER at term 2 for DISCOVERED_A_NEW_TERM
2019-08-22 22:07:58,452 [e0f80305-a2e9-4cc8-bb71-ae23e33e4a24:group-0088140607CC:LeaderElection17] INFO  impl.RoleInfo (RoleInfo.java:shutdownLeaderElection(134)) - e0f80305-a2e9-4cc8-bb71-ae23e33e4a24: shutdown LeaderElection
2019-08-22 22:07:58,452 [b8ef9af6-352c-4d21-9a3e-6dd35f0a9afa:group-0088140607CC:LeaderElection16] INFO  impl.RoleInfo (RoleInfo.java:shutdownLeaderElection(134)) - b8ef9af6-352c-4d21-9a3e-6dd35f0a9afa: shutdown LeaderElection
2019-08-22 22:07:58,453 [e0f80305-a2e9-4cc8-bb71-ae23e33e4a24:group-0088140607CC:LeaderElection17] INFO  impl.RoleInfo (RoleInfo.java:updateAndGet(143)) - e0f80305-a2e9-4cc8-bb71-ae23e33e4a24: start FollowerState
2019-08-22 22:07:58,453 [b8ef9af6-352c-4d21-9a3e-6dd35f0a9afa:group-0088140607CC:LeaderElection16] INFO  impl.RoleInfo (RoleInfo.java:updateAndGet(143)) - b8ef9af6-352c-4d21-9a3e-6dd35f0a9afa: start FollowerState
2019-08-22 22:07:58,630 [grpc-default-executor-3] INFO  client.GrpcClientProtocolClient (GrpcClientProtocolClient.java:onNext(255)) - client-0A7B88AEA72D->b8ef9af6-352c-4d21-9a3e-6dd35f0a9afa: receive RaftClientReply:client-0A7B88AEA72D->b8ef9af6-352c-4d21-9a3e-6dd35f0a9afa@group-0088140607CC, cid=14, FAILED org.apache.ratis.protocol.NotLeaderException: Server b8ef9af6-352c-4d21-9a3e-6dd35f0a9afa is not the leader (null). Request must be sent to leader., logIndex=0, commits[b8ef9af6-352c-4d21-9a3e-6dd35f0a9afa:c2, da272425-beaf-4e2f-8d68-d332ab7aa6f3:c2, e0f80305-a2e9-4cc8-bb71-ae23e33e4a24:c2]
2019-08-22 22:07:58,643 | INFO  | SCMAudit | user=jenkins1000 | ip=192.168.36.125 | op=SEND_HEARTBEAT {datanodeUUID=31687c82-0c07-4c25-b0e4-b592672e89de, command=[]} | ret=SUCCESS |  
2019-08-22 22:07:58,700 | INFO  | SCMAudit | user=jenkins1000 | ip=192.168.36.125 | op=SEND_HEARTBEAT {datanodeUUID=2ad6dd5e-fcd5-41f9-b8db-8caf07d6cf0b, command=[]} | ret=SUCCESS |  
2019-08-22 22:07:58,929 | INFO  | SCMAudit | user=jenkins1000 | ip=192.168.36.125 | op=SEND_HEARTBEAT {datanodeUUID=362a0f32-a402-49c5-b39d-19ab87f59792, command=[]} | ret=SUCCESS |  
2019-08-22 22:07:59,106 | INFO  | SCMAudit | user=jenkins1000 | ip=192.168.36.125 | op=SEND_HEARTBEAT {datanodeUUID=b8ef9af6-352c-4d21-9a3e-6dd35f0a9afa, command=[]} | ret=SUCCESS |  
2019-08-22 22:07:59,106 | INFO  | SCMAudit | user=jenkins1000 | ip=192.168.36.125 | op=SEND_HEARTBEAT {datanodeUUID=e0f80305-a2e9-4cc8-bb71-ae23e33e4a24, command=[]} | ret=SUCCESS |  
2019-08-22 22:07:59,181 | INFO  | SCMAudit | user=jenkins1000 | ip=192.168.36.125 | op=SEND_HEARTBEAT {datanodeUUID=622387a1-0ff8-46d2-bb4b-d4ed28560aa4, command=[]} | ret=SUCCESS |  
2019-08-22 22:07:59,647 | INFO  | SCMAudit | user=jenkins1000 | ip=192.168.36.125 | op=SEND_HEARTBEAT {datanodeUUID=31687c82-0c07-4c25-b0e4-b592672e89de, command=[]} | ret=SUCCESS |  
]]></system-out>
    <system-err><![CDATA[Aug 22, 2019 10:07:28 PM com.sun.jersey.server.impl.application.WebApplicationImpl _initiate
INFO: Initiating Jersey application, version 'Jersey: 1.19 02/11/2015 03:25 AM'
Aug 22, 2019 10:07:29 PM com.sun.jersey.server.impl.application.WebApplicationImpl _initiate
INFO: Initiating Jersey application, version 'Jersey: 1.19 02/11/2015 03:25 AM'
Aug 22, 2019 10:07:29 PM com.sun.jersey.server.impl.application.WebApplicationImpl _initiate
INFO: Initiating Jersey application, version 'Jersey: 1.19 02/11/2015 03:25 AM'
Aug 22, 2019 10:07:30 PM com.sun.jersey.server.impl.application.WebApplicationImpl _initiate
INFO: Initiating Jersey application, version 'Jersey: 1.19 02/11/2015 03:25 AM'
Aug 22, 2019 10:07:30 PM com.sun.jersey.server.impl.application.WebApplicationImpl _initiate
INFO: Initiating Jersey application, version 'Jersey: 1.19 02/11/2015 03:25 AM'
Aug 22, 2019 10:07:30 PM com.sun.jersey.server.impl.application.WebApplicationImpl _initiate
INFO: Initiating Jersey application, version 'Jersey: 1.19 02/11/2015 03:25 AM'
Aug 22, 2019 10:07:31 PM com.sun.jersey.server.impl.application.WebApplicationImpl _initiate
INFO: Initiating Jersey application, version 'Jersey: 1.19 02/11/2015 03:25 AM'
]]></system-err>
  </testcase>
</testsuite>