<?xml version="1.0" encoding="UTF-8"?>
<testsuite xmlns:xsi="http://www.w3.org/2001/XMLSchema-instance" xsi:noNamespaceSchemaLocation="https://maven.apache.org/surefire/maven-surefire-plugin/xsd/surefire-test-report.xsd" name="org.apache.hadoop.ozone.client.rpc.TestContainerStateMachine" time="94.168" tests="1" errors="1" skipped="0" failures="0">
  <properties>
    <property name="awt.toolkit" value="sun.awt.X11.XToolkit"/>
    <property name="file.encoding.pkg" value="sun.io"/>
    <property name="java.specification.version" value="1.8"/>
    <property name="sun.cpu.isalist" value=""/>
    <property name="sun.jnu.encoding" value="UTF-8"/>
    <property name="java.class.path" value="/workdir/hadoop-ozone/integration-test/target/test-classes:/workdir/hadoop-ozone/integration-test/target/classes:/home/user/.m2/repository/org/apache/hadoop/hadoop-ozone-common/0.5.0-SNAPSHOT/hadoop-ozone-common-0.5.0-SNAPSHOT.jar:/home/user/.m2/repository/org/apache/commons/commons-compress/1.4.1/commons-compress-1.4.1.jar:/home/user/.m2/repository/org/tukaani/xz/1.0/xz-1.0.jar:/home/user/.m2/repository/org/apache/hadoop/hadoop-common/3.2.0/hadoop-common-3.2.0.jar:/home/user/.m2/repository/org/apache/hadoop/hadoop-hdfs/3.2.0/hadoop-hdfs-3.2.0.jar:/home/user/.m2/repository/org/apache/hadoop/hadoop-hdfs-client/3.2.0/hadoop-hdfs-client-3.2.0.jar:/home/user/.m2/repository/com/fasterxml/jackson/core/jackson-annotations/2.9.5/jackson-annotations-2.9.5.jar:/home/user/.m2/repository/org/apache/hadoop/hadoop-hdds-common/0.5.0-SNAPSHOT/hadoop-hdds-common-0.5.0-SNAPSHOT.jar:/home/user/.m2/repository/javax/annotation/javax.annotation-api/1.2/javax.annotation-api-1.2.jar:/home/user/.m2/repository/org/apache/ratis/ratis-server/0.4.0-2337318-SNAPSHOT/ratis-server-0.4.0-2337318-SNAPSHOT.jar:/home/user/.m2/repository/org/apache/ratis/ratis-thirdparty-misc/0.2.0/ratis-thirdparty-misc-0.2.0.jar:/home/user/.m2/repository/org/apache/ratis/ratis-proto/0.4.0-2337318-SNAPSHOT/ratis-proto-0.4.0-2337318-SNAPSHOT.jar:/home/user/.m2/repository/org/apache/ratis/ratis-common/0.4.0-2337318-SNAPSHOT/ratis-common-0.4.0-2337318-SNAPSHOT.jar:/home/user/.m2/repository/org/apache/ratis/ratis-client/0.4.0-2337318-SNAPSHOT/ratis-client-0.4.0-2337318-SNAPSHOT.jar:/home/user/.m2/repository/org/apache/ratis/ratis-metrics/0.4.0-2337318-SNAPSHOT/ratis-metrics-0.4.0-2337318-SNAPSHOT.jar:/home/user/.m2/repository/org/apache/ratis/ratis-netty/0.4.0-2337318-SNAPSHOT/ratis-netty-0.4.0-2337318-SNAPSHOT.jar:/home/user/.m2/repository/org/apache/ratis/ratis-grpc/0.4.0-2337318-SNAPSHOT/ratis-grpc-0.4.0-2337318-SNAPSHOT.jar:/home/user/.m2/repository/org/rocksdb/rocksdbjni/6.0.1/rocksdbjni-6.0.1.jar:/home/user/.m2/repository/org/apache/logging/log4j/log4j-api/2.11.0/log4j-api-2.11.0.jar:/home/user/.m2/repository/org/apache/logging/log4j/log4j-core/2.11.0/log4j-core-2.11.0.jar:/home/user/.m2/repository/com/lmax/disruptor/3.4.2/disruptor-3.4.2.jar:/home/user/.m2/repository/org/apache/commons/commons-pool2/2.6.0/commons-pool2-2.6.0.jar:/home/user/.m2/repository/org/bouncycastle/bcpkix-jdk15on/1.60/bcpkix-jdk15on-1.60.jar:/home/user/.m2/repository/commons-validator/commons-validator/1.6/commons-validator-1.6.jar:/home/user/.m2/repository/commons-digester/commons-digester/1.8.1/commons-digester-1.8.1.jar:/home/user/.m2/repository/io/jaegertracing/jaeger-client/0.33.1/jaeger-client-0.33.1.jar:/home/user/.m2/repository/io/jaegertracing/jaeger-thrift/0.33.1/jaeger-thrift-0.33.1.jar:/home/user/.m2/repository/org/apache/thrift/libthrift/0.11.0/libthrift-0.11.0.jar:/home/user/.m2/repository/com/squareup/okhttp3/okhttp/3.9.0/okhttp-3.9.0.jar:/home/user/.m2/repository/com/squareup/okio/okio/1.13.0/okio-1.13.0.jar:/home/user/.m2/repository/io/jaegertracing/jaeger-core/0.33.1/jaeger-core-0.33.1.jar:/home/user/.m2/repository/io/jaegertracing/jaeger-tracerresolver/0.33.1/jaeger-tracerresolver-0.33.1.jar:/home/user/.m2/repository/io/opentracing/contrib/opentracing-tracerresolver/0.1.5/opentracing-tracerresolver-0.1.5.jar:/home/user/.m2/repository/io/opentracing/opentracing-util/0.31.0/opentracing-util-0.31.0.jar:/home/user/.m2/repository/io/opentracing/opentracing-api/0.31.0/opentracing-api-0.31.0.jar:/home/user/.m2/repository/io/opentracing/opentracing-noop/0.31.0/opentracing-noop-0.31.0.jar:/home/user/.m2/repository/org/apache/hadoop/hadoop-hdds-server-framework/0.5.0-SNAPSHOT/hadoop-hdds-server-framework-0.5.0-SNAPSHOT.jar:/home/user/.m2/repository/org/apache/hadoop/hadoop-hdds-container-service/0.5.0-SNAPSHOT/hadoop-hdds-container-service-0.5.0-SNAPSHOT.jar:/home/user/.m2/repository/org/apache/hadoop/hadoop-hdds-client/0.5.0-SNAPSHOT/hadoop-hdds-client-0.5.0-SNAPSHOT.jar:/home/user/.m2/repository/org/apache/hadoop/hadoop-hdds-tools/0.5.0-SNAPSHOT/hadoop-hdds-tools-0.5.0-SNAPSHOT.jar:/home/user/.m2/repository/org/apache/hadoop/hadoop-hdds-server-scm/0.5.0-SNAPSHOT/hadoop-hdds-server-scm-0.5.0-SNAPSHOT.jar:/home/user/.m2/repository/org/apache/hadoop/hadoop-hdds-docs/0.5.0-SNAPSHOT/hadoop-hdds-docs-0.5.0-SNAPSHOT.jar:/home/user/.m2/repository/io/dropwizard/metrics/metrics-core/3.2.4/metrics-core-3.2.4.jar:/home/user/.m2/repository/org/hamcrest/hamcrest-all/1.3/hamcrest-all-1.3.jar:/home/user/.m2/repository/org/bouncycastle/bcprov-jdk15on/1.60/bcprov-jdk15on-1.60.jar:/home/user/.m2/repository/info/picocli/picocli/3.9.6/picocli-3.9.6.jar:/home/user/.m2/repository/com/google/protobuf/protobuf-java/2.5.0/protobuf-java-2.5.0.jar:/home/user/.m2/repository/com/google/guava/guava/11.0.2/guava-11.0.2.jar:/home/user/.m2/repository/org/apache/hadoop/hadoop-ozone-ozone-manager/0.5.0-SNAPSHOT/hadoop-ozone-ozone-manager-0.5.0-SNAPSHOT.jar:/home/user/.m2/repository/org/apache/hadoop/hadoop-minikdc/3.2.0/hadoop-minikdc-3.2.0.jar:/home/user/.m2/repository/commons-io/commons-io/2.5/commons-io-2.5.jar:/home/user/.m2/repository/org/apache/kerby/kerb-simplekdc/1.0.1/kerb-simplekdc-1.0.1.jar:/home/user/.m2/repository/org/apache/kerby/kerb-client/1.0.1/kerb-client-1.0.1.jar:/home/user/.m2/repository/org/apache/kerby/kerby-config/1.0.1/kerby-config-1.0.1.jar:/home/user/.m2/repository/org/apache/kerby/kerb-core/1.0.1/kerb-core-1.0.1.jar:/home/user/.m2/repository/org/apache/kerby/kerby-pkix/1.0.1/kerby-pkix-1.0.1.jar:/home/user/.m2/repository/org/apache/kerby/kerby-asn1/1.0.1/kerby-asn1-1.0.1.jar:/home/user/.m2/repository/org/apache/kerby/kerby-util/1.0.1/kerby-util-1.0.1.jar:/home/user/.m2/repository/org/apache/kerby/kerb-common/1.0.1/kerb-common-1.0.1.jar:/home/user/.m2/repository/org/apache/kerby/kerb-crypto/1.0.1/kerb-crypto-1.0.1.jar:/home/user/.m2/repository/org/apache/kerby/kerb-util/1.0.1/kerb-util-1.0.1.jar:/home/user/.m2/repository/org/apache/kerby/token-provider/1.0.1/token-provider-1.0.1.jar:/home/user/.m2/repository/org/apache/kerby/kerb-admin/1.0.1/kerb-admin-1.0.1.jar:/home/user/.m2/repository/org/apache/kerby/kerb-server/1.0.1/kerb-server-1.0.1.jar:/home/user/.m2/repository/org/apache/kerby/kerb-identity/1.0.1/kerb-identity-1.0.1.jar:/home/user/.m2/repository/org/apache/kerby/kerby-xdr/1.0.1/kerby-xdr-1.0.1.jar:/home/user/.m2/repository/org/slf4j/slf4j-log4j12/1.7.25/slf4j-log4j12-1.7.25.jar:/home/user/.m2/repository/org/apache/hadoop/hadoop-ozone-objectstore-service/0.5.0-SNAPSHOT/hadoop-ozone-objectstore-service-0.5.0-SNAPSHOT.jar:/home/user/.m2/repository/org/apache/hadoop/hadoop-ozone-s3gateway/0.5.0-SNAPSHOT/hadoop-ozone-s3gateway-0.5.0-SNAPSHOT.jar:/home/user/.m2/repository/org/jboss/weld/servlet/weld-servlet/2.4.7.Final/weld-servlet-2.4.7.Final.jar:/home/user/.m2/repository/org/glassfish/jersey/containers/jersey-container-servlet-core/2.27/jersey-container-servlet-core-2.27.jar:/home/user/.m2/repository/org/glassfish/hk2/external/javax.inject/2.5.0-b42/javax.inject-2.5.0-b42.jar:/home/user/.m2/repository/org/glassfish/jersey/core/jersey-common/2.27/jersey-common-2.27.jar:/home/user/.m2/repository/org/glassfish/hk2/osgi-resource-locator/1.0.1/osgi-resource-locator-1.0.1.jar:/home/user/.m2/repository/javax/ws/rs/javax.ws.rs-api/2.1/javax.ws.rs-api-2.1.jar:/home/user/.m2/repository/org/glassfish/jersey/ext/cdi/jersey-cdi1x/2.27/jersey-cdi1x-2.27.jar:/home/user/.m2/repository/org/glassfish/jersey/inject/jersey-hk2/2.27/jersey-hk2-2.27.jar:/home/user/.m2/repository/org/glassfish/hk2/hk2-locator/2.5.0-b42/hk2-locator-2.5.0-b42.jar:/home/user/.m2/repository/org/javassist/javassist/3.22.0-CR2/javassist-3.22.0-CR2.jar:/home/user/.m2/repository/org/glassfish/hk2/hk2-api/2.5.0/hk2-api-2.5.0.jar:/home/user/.m2/repository/org/glassfish/hk2/external/jakarta.inject/2.5.0/jakarta.inject-2.5.0.jar:/home/user/.m2/repository/org/glassfish/hk2/hk2-utils/2.5.0/hk2-utils-2.5.0.jar:/home/user/.m2/repository/jakarta/annotation/jakarta.annotation-api/1.3.4/jakarta.annotation-api-1.3.4.jar:/home/user/.m2/repository/org/glassfish/hk2/external/aopalliance-repackaged/2.5.0/aopalliance-repackaged-2.5.0.jar:/home/user/.m2/repository/com/fasterxml/jackson/dataformat/jackson-dataformat-xml/2.9.0/jackson-dataformat-xml-2.9.0.jar:/home/user/.m2/repository/com/fasterxml/jackson/core/jackson-core/2.9.5/jackson-core-2.9.5.jar:/home/user/.m2/repository/com/fasterxml/jackson/module/jackson-module-jaxb-annotations/2.9.5/jackson-module-jaxb-annotations-2.9.5.jar:/home/user/.m2/repository/javax/enterprise/cdi-api/1.2/cdi-api-1.2.jar:/home/user/.m2/repository/javax/el/javax.el-api/3.0.0/javax.el-api-3.0.0.jar:/home/user/.m2/repository/javax/interceptor/javax.interceptor-api/1.2/javax.interceptor-api-1.2.jar:/home/user/.m2/repository/javax/inject/javax.inject/1/javax.inject-1.jar:/home/user/.m2/repository/com/sun/xml/bind/jaxb-impl/2.3.0.1/jaxb-impl-2.3.0.1.jar:/home/user/.m2/repository/com/sun/xml/bind/jaxb-core/2.3.0.1/jaxb-core-2.3.0.1.jar:/home/user/.m2/repository/javax/xml/bind/jaxb-api/2.3.0/jaxb-api-2.3.0.jar:/home/user/.m2/repository/javax/activation/activation/1.1.1/activation-1.1.1.jar:/home/user/.m2/repository/org/apache/hadoop/hadoop-ozone-csi/0.5.0-SNAPSHOT/hadoop-ozone-csi-0.5.0-SNAPSHOT.jar:/home/user/.m2/repository/com/google/protobuf/protobuf-java-util/3.5.1/protobuf-java-util-3.5.1.jar:/home/user/.m2/repository/org/apache/hadoop/hadoop-hdds-config/0.5.0-SNAPSHOT/hadoop-hdds-config-0.5.0-SNAPSHOT.jar:/home/user/.m2/repository/io/grpc/grpc-netty/1.17.1/grpc-netty-1.17.1.jar:/home/user/.m2/repository/io/grpc/grpc-core/1.17.1/grpc-core-1.17.1.jar:/home/user/.m2/repository/io/grpc/grpc-context/1.17.1/grpc-context-1.17.1.jar:/home/user/.m2/repository/com/google/errorprone/error_prone_annotations/2.2.0/error_prone_annotations-2.2.0.jar:/home/user/.m2/repository/org/codehaus/mojo/animal-sniffer-annotations/1.17/animal-sniffer-annotations-1.17.jar:/home/user/.m2/repository/io/opencensus/opencensus-api/0.17.0/opencensus-api-0.17.0.jar:/home/user/.m2/repository/io/opencensus/opencensus-contrib-grpc-metrics/0.17.0/opencensus-contrib-grpc-metrics-0.17.0.jar:/home/user/.m2/repository/io/netty/netty-codec-http2/4.1.30.Final/netty-codec-http2-4.1.30.Final.jar:/home/user/.m2/repository/io/netty/netty-codec-http/4.1.30.Final/netty-codec-http-4.1.30.Final.jar:/home/user/.m2/repository/io/netty/netty-codec/4.1.30.Final/netty-codec-4.1.30.Final.jar:/home/user/.m2/repository/io/netty/netty-handler/4.1.30.Final/netty-handler-4.1.30.Final.jar:/home/user/.m2/repository/io/netty/netty-handler-proxy/4.1.30.Final/netty-handler-proxy-4.1.30.Final.jar:/home/user/.m2/repository/io/netty/netty-codec-socks/4.1.30.Final/netty-codec-socks-4.1.30.Final.jar:/home/user/.m2/repository/io/netty/netty-transport-native-epoll/4.1.30.Final/netty-transport-native-epoll-4.1.30.Final.jar:/home/user/.m2/repository/io/netty/netty-common/4.1.30.Final/netty-common-4.1.30.Final.jar:/home/user/.m2/repository/io/netty/netty-buffer/4.1.30.Final/netty-buffer-4.1.30.Final.jar:/home/user/.m2/repository/io/netty/netty-transport/4.1.30.Final/netty-transport-4.1.30.Final.jar:/home/user/.m2/repository/io/netty/netty-resolver/4.1.30.Final/netty-resolver-4.1.30.Final.jar:/home/user/.m2/repository/io/netty/netty-transport-native-unix-common/4.1.30.Final/netty-transport-native-unix-common-4.1.30.Final.jar:/home/user/.m2/repository/io/grpc/grpc-protobuf/1.17.1/grpc-protobuf-1.17.1.jar:/home/user/.m2/repository/com/google/api/grpc/proto-google-common-protos/1.0.0/proto-google-common-protos-1.0.0.jar:/home/user/.m2/repository/io/grpc/grpc-protobuf-lite/1.17.1/grpc-protobuf-lite-1.17.1.jar:/home/user/.m2/repository/io/grpc/grpc-stub/1.17.1/grpc-stub-1.17.1.jar:/home/user/.m2/repository/org/apache/hadoop/hadoop-ozone-recon/0.5.0-SNAPSHOT/hadoop-ozone-recon-0.5.0-SNAPSHOT.jar:/home/user/.m2/repository/org/apache/hadoop/hadoop-ozone-reconcodegen/0.5.0-SNAPSHOT/hadoop-ozone-reconcodegen-0.5.0-SNAPSHOT.jar:/home/user/.m2/repository/com/google/inject/extensions/guice-multibindings/4.0/guice-multibindings-4.0.jar:/home/user/.m2/repository/com/google/inject/guice/4.0/guice-4.0.jar:/home/user/.m2/repository/aopalliance/aopalliance/1.0/aopalliance-1.0.jar:/home/user/.m2/repository/com/google/inject/extensions/guice-servlet/4.0/guice-servlet-4.0.jar:/home/user/.m2/repository/org/glassfish/jersey/containers/jersey-container-servlet/2.27/jersey-container-servlet-2.27.jar:/home/user/.m2/repository/org/glassfish/hk2/guice-bridge/2.5.0/guice-bridge-2.5.0.jar:/home/user/.m2/repository/org/glassfish/jersey/core/jersey-server/2.27/jersey-server-2.27.jar:/home/user/.m2/repository/org/glassfish/jersey/core/jersey-client/2.27/jersey-client-2.27.jar:/home/user/.m2/repository/org/glassfish/jersey/media/jersey-media-jaxb/2.27/jersey-media-jaxb-2.27.jar:/home/user/.m2/repository/javax/validation/validation-api/1.1.0.Final/validation-api-1.1.0.Final.jar:/home/user/.m2/repository/org/glassfish/jersey/media/jersey-media-json-jackson/2.27/jersey-media-json-jackson-2.27.jar:/home/user/.m2/repository/org/glassfish/jersey/ext/jersey-entity-filtering/2.27/jersey-entity-filtering-2.27.jar:/home/user/.m2/repository/com/google/inject/extensions/guice-assistedinject/4.0/guice-assistedinject-4.0.jar:/home/user/.m2/repository/org/jooq/jooq/3.11.10/jooq-3.11.10.jar:/home/user/.m2/repository/org/jooq/jooq-meta/3.11.10/jooq-meta-3.11.10.jar:/home/user/.m2/repository/org/jooq/jooq-codegen/3.11.10/jooq-codegen-3.11.10.jar:/home/user/.m2/repository/com/jolbox/bonecp/0.8.0.RELEASE/bonecp-0.8.0.RELEASE.jar:/home/user/.m2/repository/org/xerial/sqlite-jdbc/3.25.2/sqlite-jdbc-3.25.2.jar:/home/user/.m2/repository/org/springframework/spring-jdbc/5.1.3.RELEASE/spring-jdbc-5.1.3.RELEASE.jar:/home/user/.m2/repository/org/springframework/spring-beans/5.1.3.RELEASE/spring-beans-5.1.3.RELEASE.jar:/home/user/.m2/repository/org/springframework/spring-core/5.1.3.RELEASE/spring-core-5.1.3.RELEASE.jar:/home/user/.m2/repository/org/springframework/spring-jcl/5.1.3.RELEASE/spring-jcl-5.1.3.RELEASE.jar:/home/user/.m2/repository/org/springframework/spring-tx/5.1.3.RELEASE/spring-tx-5.1.3.RELEASE.jar:/home/user/.m2/repository/org/apache/hadoop/hadoop-ozone-client/0.5.0-SNAPSHOT/hadoop-ozone-client-0.5.0-SNAPSHOT.jar:/home/user/.m2/repository/commons-lang/commons-lang/2.6/commons-lang-2.6.jar:/home/user/.m2/repository/org/apache/hadoop/hadoop-ozone-ozone-manager/0.5.0-SNAPSHOT/hadoop-ozone-ozone-manager-0.5.0-SNAPSHOT-tests.jar:/home/user/.m2/repository/junit/junit/4.11/junit-4.11.jar:/home/user/.m2/repository/org/hamcrest/hamcrest-core/1.3/hamcrest-core-1.3.jar:/home/user/.m2/repository/org/openjdk/jmh/jmh-core/1.19/jmh-core-1.19.jar:/home/user/.m2/repository/net/sf/jopt-simple/jopt-simple/4.6/jopt-simple-4.6.jar:/home/user/.m2/repository/org/apache/commons/commons-math3/3.1.1/commons-math3-3.1.1.jar:/home/user/.m2/repository/org/openjdk/jmh/jmh-generator-annprocess/1.19/jmh-generator-annprocess-1.19.jar:/home/user/.m2/repository/org/mockito/mockito-all/1.8.5/mockito-all-1.8.5.jar:/home/user/.m2/repository/org/apache/hadoop/hadoop-kms/3.2.0/hadoop-kms-3.2.0.jar:/home/user/.m2/repository/org/apache/hadoop/hadoop-auth/3.2.0/hadoop-auth-3.2.0.jar:/home/user/.m2/repository/com/nimbusds/nimbus-jose-jwt/4.41.1/nimbus-jose-jwt-4.41.1.jar:/home/user/.m2/repository/com/github/stephenc/jcip/jcip-annotations/1.0-1/jcip-annotations-1.0-1.jar:/home/user/.m2/repository/net/minidev/json-smart/2.3/json-smart-2.3.jar:/home/user/.m2/repository/net/minidev/accessors-smart/1.2/accessors-smart-1.2.jar:/home/user/.m2/repository/org/ow2/asm/asm/5.0.4/asm-5.0.4.jar:/home/user/.m2/repository/org/apache/curator/curator-framework/2.12.0/curator-framework-2.12.0.jar:/home/user/.m2/repository/com/sun/jersey/jersey-core/1.19/jersey-core-1.19.jar:/home/user/.m2/repository/javax/ws/rs/jsr311-api/1.1.1/jsr311-api-1.1.1.jar:/home/user/.m2/repository/com/sun/jersey/jersey-server/1.19/jersey-server-1.19.jar:/home/user/.m2/repository/javax/servlet/javax.servlet-api/3.1.0/javax.servlet-api-3.1.0.jar:/home/user/.m2/repository/org/eclipse/jetty/jetty-server/9.3.24.v20180605/jetty-server-9.3.24.v20180605.jar:/home/user/.m2/repository/org/eclipse/jetty/jetty-http/9.3.24.v20180605/jetty-http-9.3.24.v20180605.jar:/home/user/.m2/repository/org/eclipse/jetty/jetty-io/9.3.24.v20180605/jetty-io-9.3.24.v20180605.jar:/home/user/.m2/repository/org/eclipse/jetty/jetty-webapp/9.3.24.v20180605/jetty-webapp-9.3.24.v20180605.jar:/home/user/.m2/repository/org/eclipse/jetty/jetty-xml/9.3.24.v20180605/jetty-xml-9.3.24.v20180605.jar:/home/user/.m2/repository/log4j/log4j/1.2.17/log4j-1.2.17.jar:/home/user/.m2/repository/org/slf4j/slf4j-api/1.7.25/slf4j-api-1.7.25.jar:/home/user/.m2/repository/org/slf4j/jul-to-slf4j/1.7.25/jul-to-slf4j-1.7.25.jar:/home/user/.m2/repository/org/eclipse/jetty/jetty-util/9.3.24.v20180605/jetty-util-9.3.24.v20180605.jar:/home/user/.m2/repository/com/fasterxml/jackson/core/jackson-databind/2.9.5/jackson-databind-2.9.5.jar:/home/user/.m2/repository/org/apache/hadoop/hadoop-kms/3.2.0/hadoop-kms-3.2.0-tests.jar:/home/user/.m2/repository/org/apache/hadoop/hadoop-hdds-server-scm/0.5.0-SNAPSHOT/hadoop-hdds-server-scm-0.5.0-SNAPSHOT-tests.jar:/home/user/.m2/repository/org/apache/hadoop/hadoop-hdds-container-service/0.5.0-SNAPSHOT/hadoop-hdds-container-service-0.5.0-SNAPSHOT-tests.jar:/home/user/.m2/repository/org/yaml/snakeyaml/1.16/snakeyaml-1.16.jar:/home/user/.m2/repository/org/apache/hadoop/hadoop-common/3.2.0/hadoop-common-3.2.0-tests.jar:/home/user/.m2/repository/org/apache/hadoop/hadoop-annotations/3.2.0/hadoop-annotations-3.2.0.jar:/usr/lib/jvm/java-1.8-openjdk/jre/../lib/tools.jar:/home/user/.m2/repository/commons-cli/commons-cli/1.2/commons-cli-1.2.jar:/home/user/.m2/repository/org/apache/httpcomponents/httpclient/4.5.2/httpclient-4.5.2.jar:/home/user/.m2/repository/org/apache/httpcomponents/httpcore/4.4.4/httpcore-4.4.4.jar:/home/user/.m2/repository/commons-codec/commons-codec/1.11/commons-codec-1.11.jar:/home/user/.m2/repository/commons-net/commons-net/3.6/commons-net-3.6.jar:/home/user/.m2/repository/commons-collections/commons-collections/3.2.2/commons-collections-3.2.2.jar:/home/user/.m2/repository/org/eclipse/jetty/jetty-servlet/9.3.24.v20180605/jetty-servlet-9.3.24.v20180605.jar:/home/user/.m2/repository/org/eclipse/jetty/jetty-security/9.3.24.v20180605/jetty-security-9.3.24.v20180605.jar:/home/user/.m2/repository/javax/servlet/jsp/jsp-api/2.1/jsp-api-2.1.jar:/home/user/.m2/repository/com/sun/jersey/jersey-servlet/1.19/jersey-servlet-1.19.jar:/home/user/.m2/repository/com/sun/jersey/jersey-json/1.19/jersey-json-1.19.jar:/home/user/.m2/repository/org/codehaus/jettison/jettison/1.1/jettison-1.1.jar:/home/user/.m2/repository/org/codehaus/jackson/jackson-core-asl/1.9.13/jackson-core-asl-1.9.13.jar:/home/user/.m2/repository/org/codehaus/jackson/jackson-mapper-asl/1.9.13/jackson-mapper-asl-1.9.13.jar:/home/user/.m2/repository/org/codehaus/jackson/jackson-jaxrs/1.9.13/jackson-jaxrs-1.9.13.jar:/home/user/.m2/repository/org/codehaus/jackson/jackson-xc/1.9.13/jackson-xc-1.9.13.jar:/home/user/.m2/repository/commons-logging/commons-logging/1.1.3/commons-logging-1.1.3.jar:/home/user/.m2/repository/commons-beanutils/commons-beanutils/1.9.3/commons-beanutils-1.9.3.jar:/home/user/.m2/repository/org/apache/commons/commons-configuration2/2.1.1/commons-configuration2-2.1.1.jar:/home/user/.m2/repository/org/apache/commons/commons-lang3/3.7/commons-lang3-3.7.jar:/home/user/.m2/repository/org/apache/commons/commons-text/1.4/commons-text-1.4.jar:/home/user/.m2/repository/org/apache/avro/avro/1.7.7/avro-1.7.7.jar:/home/user/.m2/repository/com/thoughtworks/paranamer/paranamer/2.3/paranamer-2.3.jar:/home/user/.m2/repository/org/xerial/snappy/snappy-java/1.0.5/snappy-java-1.0.5.jar:/home/user/.m2/repository/com/google/re2j/re2j/1.1/re2j-1.1.jar:/home/user/.m2/repository/com/google/code/gson/gson/2.2.4/gson-2.2.4.jar:/home/user/.m2/repository/com/jcraft/jsch/0.1.54/jsch-0.1.54.jar:/home/user/.m2/repository/org/apache/curator/curator-client/2.12.0/curator-client-2.12.0.jar:/home/user/.m2/repository/org/apache/curator/curator-recipes/2.12.0/curator-recipes-2.12.0.jar:/home/user/.m2/repository/com/google/code/findbugs/jsr305/3.0.0/jsr305-3.0.0.jar:/home/user/.m2/repository/org/apache/htrace/htrace-core4/4.1.0-incubating/htrace-core4-4.1.0-incubating.jar:/home/user/.m2/repository/org/apache/zookeeper/zookeeper/3.4.13/zookeeper-3.4.13.jar:/home/user/.m2/repository/org/apache/yetus/audience-annotations/0.5.0/audience-annotations-0.5.0.jar:/home/user/.m2/repository/org/codehaus/woodstox/stax2-api/3.1.4/stax2-api-3.1.4.jar:/home/user/.m2/repository/com/fasterxml/woodstox/woodstox-core/5.0.3/woodstox-core-5.0.3.jar:/home/user/.m2/repository/dnsjava/dnsjava/2.1.7/dnsjava-2.1.7.jar:/home/user/.m2/repository/org/apache/hadoop/hadoop-hdfs/3.2.0/hadoop-hdfs-3.2.0-tests.jar:/home/user/.m2/repository/org/eclipse/jetty/jetty-util-ajax/9.3.24.v20180605/jetty-util-ajax-9.3.24.v20180605.jar:/home/user/.m2/repository/commons-daemon/commons-daemon/1.0.13/commons-daemon-1.0.13.jar:/home/user/.m2/repository/io/netty/netty/3.10.5.Final/netty-3.10.5.Final.jar:/home/user/.m2/repository/io/netty/netty-all/4.0.52.Final/netty-all-4.0.52.Final.jar:/home/user/.m2/repository/org/fusesource/leveldbjni/leveldbjni-all/1.8/leveldbjni-all-1.8.jar:"/>
    <property name="java.vm.vendor" value="IcedTea"/>
    <property name="sun.arch.data.model" value="64"/>
    <property name="test.build.dir" value="/workdir/hadoop-ozone/integration-test/target/test-dir"/>
    <property name="test.cache.data" value=""/>
    <property name="java.vendor.url" value="https://icedtea.classpath.org"/>
    <property name="user.timezone" value=""/>
    <property name="java.vm.specification.version" value="1.8"/>
    <property name="os.name" value="Linux"/>
    <property name="test.build.data" value="/workdir/hadoop-ozone/integration-test/target/test-dir"/>
    <property name="user.country" value="US"/>
    <property name="sun.java.launcher" value="SUN_STANDARD"/>
    <property name="sun.boot.library.path" value="/usr/lib/jvm/java-1.8-openjdk/jre/lib/amd64"/>
    <property name="sun.java.command" value="/workdir/hadoop-ozone/integration-test/target/surefire/surefirebooter9202541286970021632.jar /workdir/hadoop-ozone/integration-test/target/surefire 2019-08-22T21-55-37_175-jvmRun1 surefire3549488278733075464tmp surefire_205205131643849984900tmp"/>
    <property name="test" value="!TestMiniChaosOzoneCluster"/>
    <property name="surefire.test.class.path" value="/workdir/hadoop-ozone/integration-test/target/test-classes:/workdir/hadoop-ozone/integration-test/target/classes:/home/user/.m2/repository/org/apache/hadoop/hadoop-ozone-common/0.5.0-SNAPSHOT/hadoop-ozone-common-0.5.0-SNAPSHOT.jar:/home/user/.m2/repository/org/apache/commons/commons-compress/1.4.1/commons-compress-1.4.1.jar:/home/user/.m2/repository/org/tukaani/xz/1.0/xz-1.0.jar:/home/user/.m2/repository/org/apache/hadoop/hadoop-common/3.2.0/hadoop-common-3.2.0.jar:/home/user/.m2/repository/org/apache/hadoop/hadoop-hdfs/3.2.0/hadoop-hdfs-3.2.0.jar:/home/user/.m2/repository/org/apache/hadoop/hadoop-hdfs-client/3.2.0/hadoop-hdfs-client-3.2.0.jar:/home/user/.m2/repository/com/fasterxml/jackson/core/jackson-annotations/2.9.5/jackson-annotations-2.9.5.jar:/home/user/.m2/repository/org/apache/hadoop/hadoop-hdds-common/0.5.0-SNAPSHOT/hadoop-hdds-common-0.5.0-SNAPSHOT.jar:/home/user/.m2/repository/javax/annotation/javax.annotation-api/1.2/javax.annotation-api-1.2.jar:/home/user/.m2/repository/org/apache/ratis/ratis-server/0.4.0-2337318-SNAPSHOT/ratis-server-0.4.0-2337318-SNAPSHOT.jar:/home/user/.m2/repository/org/apache/ratis/ratis-thirdparty-misc/0.2.0/ratis-thirdparty-misc-0.2.0.jar:/home/user/.m2/repository/org/apache/ratis/ratis-proto/0.4.0-2337318-SNAPSHOT/ratis-proto-0.4.0-2337318-SNAPSHOT.jar:/home/user/.m2/repository/org/apache/ratis/ratis-common/0.4.0-2337318-SNAPSHOT/ratis-common-0.4.0-2337318-SNAPSHOT.jar:/home/user/.m2/repository/org/apache/ratis/ratis-client/0.4.0-2337318-SNAPSHOT/ratis-client-0.4.0-2337318-SNAPSHOT.jar:/home/user/.m2/repository/org/apache/ratis/ratis-metrics/0.4.0-2337318-SNAPSHOT/ratis-metrics-0.4.0-2337318-SNAPSHOT.jar:/home/user/.m2/repository/org/apache/ratis/ratis-netty/0.4.0-2337318-SNAPSHOT/ratis-netty-0.4.0-2337318-SNAPSHOT.jar:/home/user/.m2/repository/org/apache/ratis/ratis-grpc/0.4.0-2337318-SNAPSHOT/ratis-grpc-0.4.0-2337318-SNAPSHOT.jar:/home/user/.m2/repository/org/rocksdb/rocksdbjni/6.0.1/rocksdbjni-6.0.1.jar:/home/user/.m2/repository/org/apache/logging/log4j/log4j-api/2.11.0/log4j-api-2.11.0.jar:/home/user/.m2/repository/org/apache/logging/log4j/log4j-core/2.11.0/log4j-core-2.11.0.jar:/home/user/.m2/repository/com/lmax/disruptor/3.4.2/disruptor-3.4.2.jar:/home/user/.m2/repository/org/apache/commons/commons-pool2/2.6.0/commons-pool2-2.6.0.jar:/home/user/.m2/repository/org/bouncycastle/bcpkix-jdk15on/1.60/bcpkix-jdk15on-1.60.jar:/home/user/.m2/repository/commons-validator/commons-validator/1.6/commons-validator-1.6.jar:/home/user/.m2/repository/commons-digester/commons-digester/1.8.1/commons-digester-1.8.1.jar:/home/user/.m2/repository/io/jaegertracing/jaeger-client/0.33.1/jaeger-client-0.33.1.jar:/home/user/.m2/repository/io/jaegertracing/jaeger-thrift/0.33.1/jaeger-thrift-0.33.1.jar:/home/user/.m2/repository/org/apache/thrift/libthrift/0.11.0/libthrift-0.11.0.jar:/home/user/.m2/repository/com/squareup/okhttp3/okhttp/3.9.0/okhttp-3.9.0.jar:/home/user/.m2/repository/com/squareup/okio/okio/1.13.0/okio-1.13.0.jar:/home/user/.m2/repository/io/jaegertracing/jaeger-core/0.33.1/jaeger-core-0.33.1.jar:/home/user/.m2/repository/io/jaegertracing/jaeger-tracerresolver/0.33.1/jaeger-tracerresolver-0.33.1.jar:/home/user/.m2/repository/io/opentracing/contrib/opentracing-tracerresolver/0.1.5/opentracing-tracerresolver-0.1.5.jar:/home/user/.m2/repository/io/opentracing/opentracing-util/0.31.0/opentracing-util-0.31.0.jar:/home/user/.m2/repository/io/opentracing/opentracing-api/0.31.0/opentracing-api-0.31.0.jar:/home/user/.m2/repository/io/opentracing/opentracing-noop/0.31.0/opentracing-noop-0.31.0.jar:/home/user/.m2/repository/org/apache/hadoop/hadoop-hdds-server-framework/0.5.0-SNAPSHOT/hadoop-hdds-server-framework-0.5.0-SNAPSHOT.jar:/home/user/.m2/repository/org/apache/hadoop/hadoop-hdds-container-service/0.5.0-SNAPSHOT/hadoop-hdds-container-service-0.5.0-SNAPSHOT.jar:/home/user/.m2/repository/org/apache/hadoop/hadoop-hdds-client/0.5.0-SNAPSHOT/hadoop-hdds-client-0.5.0-SNAPSHOT.jar:/home/user/.m2/repository/org/apache/hadoop/hadoop-hdds-tools/0.5.0-SNAPSHOT/hadoop-hdds-tools-0.5.0-SNAPSHOT.jar:/home/user/.m2/repository/org/apache/hadoop/hadoop-hdds-server-scm/0.5.0-SNAPSHOT/hadoop-hdds-server-scm-0.5.0-SNAPSHOT.jar:/home/user/.m2/repository/org/apache/hadoop/hadoop-hdds-docs/0.5.0-SNAPSHOT/hadoop-hdds-docs-0.5.0-SNAPSHOT.jar:/home/user/.m2/repository/io/dropwizard/metrics/metrics-core/3.2.4/metrics-core-3.2.4.jar:/home/user/.m2/repository/org/hamcrest/hamcrest-all/1.3/hamcrest-all-1.3.jar:/home/user/.m2/repository/org/bouncycastle/bcprov-jdk15on/1.60/bcprov-jdk15on-1.60.jar:/home/user/.m2/repository/info/picocli/picocli/3.9.6/picocli-3.9.6.jar:/home/user/.m2/repository/com/google/protobuf/protobuf-java/2.5.0/protobuf-java-2.5.0.jar:/home/user/.m2/repository/com/google/guava/guava/11.0.2/guava-11.0.2.jar:/home/user/.m2/repository/org/apache/hadoop/hadoop-ozone-ozone-manager/0.5.0-SNAPSHOT/hadoop-ozone-ozone-manager-0.5.0-SNAPSHOT.jar:/home/user/.m2/repository/org/apache/hadoop/hadoop-minikdc/3.2.0/hadoop-minikdc-3.2.0.jar:/home/user/.m2/repository/commons-io/commons-io/2.5/commons-io-2.5.jar:/home/user/.m2/repository/org/apache/kerby/kerb-simplekdc/1.0.1/kerb-simplekdc-1.0.1.jar:/home/user/.m2/repository/org/apache/kerby/kerb-client/1.0.1/kerb-client-1.0.1.jar:/home/user/.m2/repository/org/apache/kerby/kerby-config/1.0.1/kerby-config-1.0.1.jar:/home/user/.m2/repository/org/apache/kerby/kerb-core/1.0.1/kerb-core-1.0.1.jar:/home/user/.m2/repository/org/apache/kerby/kerby-pkix/1.0.1/kerby-pkix-1.0.1.jar:/home/user/.m2/repository/org/apache/kerby/kerby-asn1/1.0.1/kerby-asn1-1.0.1.jar:/home/user/.m2/repository/org/apache/kerby/kerby-util/1.0.1/kerby-util-1.0.1.jar:/home/user/.m2/repository/org/apache/kerby/kerb-common/1.0.1/kerb-common-1.0.1.jar:/home/user/.m2/repository/org/apache/kerby/kerb-crypto/1.0.1/kerb-crypto-1.0.1.jar:/home/user/.m2/repository/org/apache/kerby/kerb-util/1.0.1/kerb-util-1.0.1.jar:/home/user/.m2/repository/org/apache/kerby/token-provider/1.0.1/token-provider-1.0.1.jar:/home/user/.m2/repository/org/apache/kerby/kerb-admin/1.0.1/kerb-admin-1.0.1.jar:/home/user/.m2/repository/org/apache/kerby/kerb-server/1.0.1/kerb-server-1.0.1.jar:/home/user/.m2/repository/org/apache/kerby/kerb-identity/1.0.1/kerb-identity-1.0.1.jar:/home/user/.m2/repository/org/apache/kerby/kerby-xdr/1.0.1/kerby-xdr-1.0.1.jar:/home/user/.m2/repository/org/slf4j/slf4j-log4j12/1.7.25/slf4j-log4j12-1.7.25.jar:/home/user/.m2/repository/org/apache/hadoop/hadoop-ozone-objectstore-service/0.5.0-SNAPSHOT/hadoop-ozone-objectstore-service-0.5.0-SNAPSHOT.jar:/home/user/.m2/repository/org/apache/hadoop/hadoop-ozone-s3gateway/0.5.0-SNAPSHOT/hadoop-ozone-s3gateway-0.5.0-SNAPSHOT.jar:/home/user/.m2/repository/org/jboss/weld/servlet/weld-servlet/2.4.7.Final/weld-servlet-2.4.7.Final.jar:/home/user/.m2/repository/org/glassfish/jersey/containers/jersey-container-servlet-core/2.27/jersey-container-servlet-core-2.27.jar:/home/user/.m2/repository/org/glassfish/hk2/external/javax.inject/2.5.0-b42/javax.inject-2.5.0-b42.jar:/home/user/.m2/repository/org/glassfish/jersey/core/jersey-common/2.27/jersey-common-2.27.jar:/home/user/.m2/repository/org/glassfish/hk2/osgi-resource-locator/1.0.1/osgi-resource-locator-1.0.1.jar:/home/user/.m2/repository/javax/ws/rs/javax.ws.rs-api/2.1/javax.ws.rs-api-2.1.jar:/home/user/.m2/repository/org/glassfish/jersey/ext/cdi/jersey-cdi1x/2.27/jersey-cdi1x-2.27.jar:/home/user/.m2/repository/org/glassfish/jersey/inject/jersey-hk2/2.27/jersey-hk2-2.27.jar:/home/user/.m2/repository/org/glassfish/hk2/hk2-locator/2.5.0-b42/hk2-locator-2.5.0-b42.jar:/home/user/.m2/repository/org/javassist/javassist/3.22.0-CR2/javassist-3.22.0-CR2.jar:/home/user/.m2/repository/org/glassfish/hk2/hk2-api/2.5.0/hk2-api-2.5.0.jar:/home/user/.m2/repository/org/glassfish/hk2/external/jakarta.inject/2.5.0/jakarta.inject-2.5.0.jar:/home/user/.m2/repository/org/glassfish/hk2/hk2-utils/2.5.0/hk2-utils-2.5.0.jar:/home/user/.m2/repository/jakarta/annotation/jakarta.annotation-api/1.3.4/jakarta.annotation-api-1.3.4.jar:/home/user/.m2/repository/org/glassfish/hk2/external/aopalliance-repackaged/2.5.0/aopalliance-repackaged-2.5.0.jar:/home/user/.m2/repository/com/fasterxml/jackson/dataformat/jackson-dataformat-xml/2.9.0/jackson-dataformat-xml-2.9.0.jar:/home/user/.m2/repository/com/fasterxml/jackson/core/jackson-core/2.9.5/jackson-core-2.9.5.jar:/home/user/.m2/repository/com/fasterxml/jackson/module/jackson-module-jaxb-annotations/2.9.5/jackson-module-jaxb-annotations-2.9.5.jar:/home/user/.m2/repository/javax/enterprise/cdi-api/1.2/cdi-api-1.2.jar:/home/user/.m2/repository/javax/el/javax.el-api/3.0.0/javax.el-api-3.0.0.jar:/home/user/.m2/repository/javax/interceptor/javax.interceptor-api/1.2/javax.interceptor-api-1.2.jar:/home/user/.m2/repository/javax/inject/javax.inject/1/javax.inject-1.jar:/home/user/.m2/repository/com/sun/xml/bind/jaxb-impl/2.3.0.1/jaxb-impl-2.3.0.1.jar:/home/user/.m2/repository/com/sun/xml/bind/jaxb-core/2.3.0.1/jaxb-core-2.3.0.1.jar:/home/user/.m2/repository/javax/xml/bind/jaxb-api/2.3.0/jaxb-api-2.3.0.jar:/home/user/.m2/repository/javax/activation/activation/1.1.1/activation-1.1.1.jar:/home/user/.m2/repository/org/apache/hadoop/hadoop-ozone-csi/0.5.0-SNAPSHOT/hadoop-ozone-csi-0.5.0-SNAPSHOT.jar:/home/user/.m2/repository/com/google/protobuf/protobuf-java-util/3.5.1/protobuf-java-util-3.5.1.jar:/home/user/.m2/repository/org/apache/hadoop/hadoop-hdds-config/0.5.0-SNAPSHOT/hadoop-hdds-config-0.5.0-SNAPSHOT.jar:/home/user/.m2/repository/io/grpc/grpc-netty/1.17.1/grpc-netty-1.17.1.jar:/home/user/.m2/repository/io/grpc/grpc-core/1.17.1/grpc-core-1.17.1.jar:/home/user/.m2/repository/io/grpc/grpc-context/1.17.1/grpc-context-1.17.1.jar:/home/user/.m2/repository/com/google/errorprone/error_prone_annotations/2.2.0/error_prone_annotations-2.2.0.jar:/home/user/.m2/repository/org/codehaus/mojo/animal-sniffer-annotations/1.17/animal-sniffer-annotations-1.17.jar:/home/user/.m2/repository/io/opencensus/opencensus-api/0.17.0/opencensus-api-0.17.0.jar:/home/user/.m2/repository/io/opencensus/opencensus-contrib-grpc-metrics/0.17.0/opencensus-contrib-grpc-metrics-0.17.0.jar:/home/user/.m2/repository/io/netty/netty-codec-http2/4.1.30.Final/netty-codec-http2-4.1.30.Final.jar:/home/user/.m2/repository/io/netty/netty-codec-http/4.1.30.Final/netty-codec-http-4.1.30.Final.jar:/home/user/.m2/repository/io/netty/netty-codec/4.1.30.Final/netty-codec-4.1.30.Final.jar:/home/user/.m2/repository/io/netty/netty-handler/4.1.30.Final/netty-handler-4.1.30.Final.jar:/home/user/.m2/repository/io/netty/netty-handler-proxy/4.1.30.Final/netty-handler-proxy-4.1.30.Final.jar:/home/user/.m2/repository/io/netty/netty-codec-socks/4.1.30.Final/netty-codec-socks-4.1.30.Final.jar:/home/user/.m2/repository/io/netty/netty-transport-native-epoll/4.1.30.Final/netty-transport-native-epoll-4.1.30.Final.jar:/home/user/.m2/repository/io/netty/netty-common/4.1.30.Final/netty-common-4.1.30.Final.jar:/home/user/.m2/repository/io/netty/netty-buffer/4.1.30.Final/netty-buffer-4.1.30.Final.jar:/home/user/.m2/repository/io/netty/netty-transport/4.1.30.Final/netty-transport-4.1.30.Final.jar:/home/user/.m2/repository/io/netty/netty-resolver/4.1.30.Final/netty-resolver-4.1.30.Final.jar:/home/user/.m2/repository/io/netty/netty-transport-native-unix-common/4.1.30.Final/netty-transport-native-unix-common-4.1.30.Final.jar:/home/user/.m2/repository/io/grpc/grpc-protobuf/1.17.1/grpc-protobuf-1.17.1.jar:/home/user/.m2/repository/com/google/api/grpc/proto-google-common-protos/1.0.0/proto-google-common-protos-1.0.0.jar:/home/user/.m2/repository/io/grpc/grpc-protobuf-lite/1.17.1/grpc-protobuf-lite-1.17.1.jar:/home/user/.m2/repository/io/grpc/grpc-stub/1.17.1/grpc-stub-1.17.1.jar:/home/user/.m2/repository/org/apache/hadoop/hadoop-ozone-recon/0.5.0-SNAPSHOT/hadoop-ozone-recon-0.5.0-SNAPSHOT.jar:/home/user/.m2/repository/org/apache/hadoop/hadoop-ozone-reconcodegen/0.5.0-SNAPSHOT/hadoop-ozone-reconcodegen-0.5.0-SNAPSHOT.jar:/home/user/.m2/repository/com/google/inject/extensions/guice-multibindings/4.0/guice-multibindings-4.0.jar:/home/user/.m2/repository/com/google/inject/guice/4.0/guice-4.0.jar:/home/user/.m2/repository/aopalliance/aopalliance/1.0/aopalliance-1.0.jar:/home/user/.m2/repository/com/google/inject/extensions/guice-servlet/4.0/guice-servlet-4.0.jar:/home/user/.m2/repository/org/glassfish/jersey/containers/jersey-container-servlet/2.27/jersey-container-servlet-2.27.jar:/home/user/.m2/repository/org/glassfish/hk2/guice-bridge/2.5.0/guice-bridge-2.5.0.jar:/home/user/.m2/repository/org/glassfish/jersey/core/jersey-server/2.27/jersey-server-2.27.jar:/home/user/.m2/repository/org/glassfish/jersey/core/jersey-client/2.27/jersey-client-2.27.jar:/home/user/.m2/repository/org/glassfish/jersey/media/jersey-media-jaxb/2.27/jersey-media-jaxb-2.27.jar:/home/user/.m2/repository/javax/validation/validation-api/1.1.0.Final/validation-api-1.1.0.Final.jar:/home/user/.m2/repository/org/glassfish/jersey/media/jersey-media-json-jackson/2.27/jersey-media-json-jackson-2.27.jar:/home/user/.m2/repository/org/glassfish/jersey/ext/jersey-entity-filtering/2.27/jersey-entity-filtering-2.27.jar:/home/user/.m2/repository/com/google/inject/extensions/guice-assistedinject/4.0/guice-assistedinject-4.0.jar:/home/user/.m2/repository/org/jooq/jooq/3.11.10/jooq-3.11.10.jar:/home/user/.m2/repository/org/jooq/jooq-meta/3.11.10/jooq-meta-3.11.10.jar:/home/user/.m2/repository/org/jooq/jooq-codegen/3.11.10/jooq-codegen-3.11.10.jar:/home/user/.m2/repository/com/jolbox/bonecp/0.8.0.RELEASE/bonecp-0.8.0.RELEASE.jar:/home/user/.m2/repository/org/xerial/sqlite-jdbc/3.25.2/sqlite-jdbc-3.25.2.jar:/home/user/.m2/repository/org/springframework/spring-jdbc/5.1.3.RELEASE/spring-jdbc-5.1.3.RELEASE.jar:/home/user/.m2/repository/org/springframework/spring-beans/5.1.3.RELEASE/spring-beans-5.1.3.RELEASE.jar:/home/user/.m2/repository/org/springframework/spring-core/5.1.3.RELEASE/spring-core-5.1.3.RELEASE.jar:/home/user/.m2/repository/org/springframework/spring-jcl/5.1.3.RELEASE/spring-jcl-5.1.3.RELEASE.jar:/home/user/.m2/repository/org/springframework/spring-tx/5.1.3.RELEASE/spring-tx-5.1.3.RELEASE.jar:/home/user/.m2/repository/org/apache/hadoop/hadoop-ozone-client/0.5.0-SNAPSHOT/hadoop-ozone-client-0.5.0-SNAPSHOT.jar:/home/user/.m2/repository/commons-lang/commons-lang/2.6/commons-lang-2.6.jar:/home/user/.m2/repository/org/apache/hadoop/hadoop-ozone-ozone-manager/0.5.0-SNAPSHOT/hadoop-ozone-ozone-manager-0.5.0-SNAPSHOT-tests.jar:/home/user/.m2/repository/junit/junit/4.11/junit-4.11.jar:/home/user/.m2/repository/org/hamcrest/hamcrest-core/1.3/hamcrest-core-1.3.jar:/home/user/.m2/repository/org/openjdk/jmh/jmh-core/1.19/jmh-core-1.19.jar:/home/user/.m2/repository/net/sf/jopt-simple/jopt-simple/4.6/jopt-simple-4.6.jar:/home/user/.m2/repository/org/apache/commons/commons-math3/3.1.1/commons-math3-3.1.1.jar:/home/user/.m2/repository/org/openjdk/jmh/jmh-generator-annprocess/1.19/jmh-generator-annprocess-1.19.jar:/home/user/.m2/repository/org/mockito/mockito-all/1.8.5/mockito-all-1.8.5.jar:/home/user/.m2/repository/org/apache/hadoop/hadoop-kms/3.2.0/hadoop-kms-3.2.0.jar:/home/user/.m2/repository/org/apache/hadoop/hadoop-auth/3.2.0/hadoop-auth-3.2.0.jar:/home/user/.m2/repository/com/nimbusds/nimbus-jose-jwt/4.41.1/nimbus-jose-jwt-4.41.1.jar:/home/user/.m2/repository/com/github/stephenc/jcip/jcip-annotations/1.0-1/jcip-annotations-1.0-1.jar:/home/user/.m2/repository/net/minidev/json-smart/2.3/json-smart-2.3.jar:/home/user/.m2/repository/net/minidev/accessors-smart/1.2/accessors-smart-1.2.jar:/home/user/.m2/repository/org/ow2/asm/asm/5.0.4/asm-5.0.4.jar:/home/user/.m2/repository/org/apache/curator/curator-framework/2.12.0/curator-framework-2.12.0.jar:/home/user/.m2/repository/com/sun/jersey/jersey-core/1.19/jersey-core-1.19.jar:/home/user/.m2/repository/javax/ws/rs/jsr311-api/1.1.1/jsr311-api-1.1.1.jar:/home/user/.m2/repository/com/sun/jersey/jersey-server/1.19/jersey-server-1.19.jar:/home/user/.m2/repository/javax/servlet/javax.servlet-api/3.1.0/javax.servlet-api-3.1.0.jar:/home/user/.m2/repository/org/eclipse/jetty/jetty-server/9.3.24.v20180605/jetty-server-9.3.24.v20180605.jar:/home/user/.m2/repository/org/eclipse/jetty/jetty-http/9.3.24.v20180605/jetty-http-9.3.24.v20180605.jar:/home/user/.m2/repository/org/eclipse/jetty/jetty-io/9.3.24.v20180605/jetty-io-9.3.24.v20180605.jar:/home/user/.m2/repository/org/eclipse/jetty/jetty-webapp/9.3.24.v20180605/jetty-webapp-9.3.24.v20180605.jar:/home/user/.m2/repository/org/eclipse/jetty/jetty-xml/9.3.24.v20180605/jetty-xml-9.3.24.v20180605.jar:/home/user/.m2/repository/log4j/log4j/1.2.17/log4j-1.2.17.jar:/home/user/.m2/repository/org/slf4j/slf4j-api/1.7.25/slf4j-api-1.7.25.jar:/home/user/.m2/repository/org/slf4j/jul-to-slf4j/1.7.25/jul-to-slf4j-1.7.25.jar:/home/user/.m2/repository/org/eclipse/jetty/jetty-util/9.3.24.v20180605/jetty-util-9.3.24.v20180605.jar:/home/user/.m2/repository/com/fasterxml/jackson/core/jackson-databind/2.9.5/jackson-databind-2.9.5.jar:/home/user/.m2/repository/org/apache/hadoop/hadoop-kms/3.2.0/hadoop-kms-3.2.0-tests.jar:/home/user/.m2/repository/org/apache/hadoop/hadoop-hdds-server-scm/0.5.0-SNAPSHOT/hadoop-hdds-server-scm-0.5.0-SNAPSHOT-tests.jar:/home/user/.m2/repository/org/apache/hadoop/hadoop-hdds-container-service/0.5.0-SNAPSHOT/hadoop-hdds-container-service-0.5.0-SNAPSHOT-tests.jar:/home/user/.m2/repository/org/yaml/snakeyaml/1.16/snakeyaml-1.16.jar:/home/user/.m2/repository/org/apache/hadoop/hadoop-common/3.2.0/hadoop-common-3.2.0-tests.jar:/home/user/.m2/repository/org/apache/hadoop/hadoop-annotations/3.2.0/hadoop-annotations-3.2.0.jar:/usr/lib/jvm/java-1.8-openjdk/jre/../lib/tools.jar:/home/user/.m2/repository/commons-cli/commons-cli/1.2/commons-cli-1.2.jar:/home/user/.m2/repository/org/apache/httpcomponents/httpclient/4.5.2/httpclient-4.5.2.jar:/home/user/.m2/repository/org/apache/httpcomponents/httpcore/4.4.4/httpcore-4.4.4.jar:/home/user/.m2/repository/commons-codec/commons-codec/1.11/commons-codec-1.11.jar:/home/user/.m2/repository/commons-net/commons-net/3.6/commons-net-3.6.jar:/home/user/.m2/repository/commons-collections/commons-collections/3.2.2/commons-collections-3.2.2.jar:/home/user/.m2/repository/org/eclipse/jetty/jetty-servlet/9.3.24.v20180605/jetty-servlet-9.3.24.v20180605.jar:/home/user/.m2/repository/org/eclipse/jetty/jetty-security/9.3.24.v20180605/jetty-security-9.3.24.v20180605.jar:/home/user/.m2/repository/javax/servlet/jsp/jsp-api/2.1/jsp-api-2.1.jar:/home/user/.m2/repository/com/sun/jersey/jersey-servlet/1.19/jersey-servlet-1.19.jar:/home/user/.m2/repository/com/sun/jersey/jersey-json/1.19/jersey-json-1.19.jar:/home/user/.m2/repository/org/codehaus/jettison/jettison/1.1/jettison-1.1.jar:/home/user/.m2/repository/org/codehaus/jackson/jackson-core-asl/1.9.13/jackson-core-asl-1.9.13.jar:/home/user/.m2/repository/org/codehaus/jackson/jackson-mapper-asl/1.9.13/jackson-mapper-asl-1.9.13.jar:/home/user/.m2/repository/org/codehaus/jackson/jackson-jaxrs/1.9.13/jackson-jaxrs-1.9.13.jar:/home/user/.m2/repository/org/codehaus/jackson/jackson-xc/1.9.13/jackson-xc-1.9.13.jar:/home/user/.m2/repository/commons-logging/commons-logging/1.1.3/commons-logging-1.1.3.jar:/home/user/.m2/repository/commons-beanutils/commons-beanutils/1.9.3/commons-beanutils-1.9.3.jar:/home/user/.m2/repository/org/apache/commons/commons-configuration2/2.1.1/commons-configuration2-2.1.1.jar:/home/user/.m2/repository/org/apache/commons/commons-lang3/3.7/commons-lang3-3.7.jar:/home/user/.m2/repository/org/apache/commons/commons-text/1.4/commons-text-1.4.jar:/home/user/.m2/repository/org/apache/avro/avro/1.7.7/avro-1.7.7.jar:/home/user/.m2/repository/com/thoughtworks/paranamer/paranamer/2.3/paranamer-2.3.jar:/home/user/.m2/repository/org/xerial/snappy/snappy-java/1.0.5/snappy-java-1.0.5.jar:/home/user/.m2/repository/com/google/re2j/re2j/1.1/re2j-1.1.jar:/home/user/.m2/repository/com/google/code/gson/gson/2.2.4/gson-2.2.4.jar:/home/user/.m2/repository/com/jcraft/jsch/0.1.54/jsch-0.1.54.jar:/home/user/.m2/repository/org/apache/curator/curator-client/2.12.0/curator-client-2.12.0.jar:/home/user/.m2/repository/org/apache/curator/curator-recipes/2.12.0/curator-recipes-2.12.0.jar:/home/user/.m2/repository/com/google/code/findbugs/jsr305/3.0.0/jsr305-3.0.0.jar:/home/user/.m2/repository/org/apache/htrace/htrace-core4/4.1.0-incubating/htrace-core4-4.1.0-incubating.jar:/home/user/.m2/repository/org/apache/zookeeper/zookeeper/3.4.13/zookeeper-3.4.13.jar:/home/user/.m2/repository/org/apache/yetus/audience-annotations/0.5.0/audience-annotations-0.5.0.jar:/home/user/.m2/repository/org/codehaus/woodstox/stax2-api/3.1.4/stax2-api-3.1.4.jar:/home/user/.m2/repository/com/fasterxml/woodstox/woodstox-core/5.0.3/woodstox-core-5.0.3.jar:/home/user/.m2/repository/dnsjava/dnsjava/2.1.7/dnsjava-2.1.7.jar:/home/user/.m2/repository/org/apache/hadoop/hadoop-hdfs/3.2.0/hadoop-hdfs-3.2.0-tests.jar:/home/user/.m2/repository/org/eclipse/jetty/jetty-util-ajax/9.3.24.v20180605/jetty-util-ajax-9.3.24.v20180605.jar:/home/user/.m2/repository/commons-daemon/commons-daemon/1.0.13/commons-daemon-1.0.13.jar:/home/user/.m2/repository/io/netty/netty/3.10.5.Final/netty-3.10.5.Final.jar:/home/user/.m2/repository/io/netty/netty-all/4.0.52.Final/netty-all-4.0.52.Final.jar:/home/user/.m2/repository/org/fusesource/leveldbjni/leveldbjni-all/1.8/leveldbjni-all-1.8.jar:"/>
    <property name="sun.cpu.endian" value="little"/>
    <property name="user.home" value="/home/user"/>
    <property name="user.language" value="en"/>
    <property name="java.specification.vendor" value="Oracle Corporation"/>
    <property name="java.home" value="/usr/lib/jvm/java-1.8-openjdk/jre"/>
    <property name="java.security.krb5.conf" value="/workdir/hadoop-ozone/integration-test/target/test-classes/krb5.conf"/>
    <property name="basedir" value="/workdir/hadoop-ozone/integration-test"/>
    <property name="file.separator" value="/"/>
    <property name="line.separator" value="&#10;"/>
    <property name="java.vm.specification.vendor" value="Oracle Corporation"/>
    <property name="java.specification.name" value="Java Platform API Specification"/>
    <property name="java.awt.graphicsenv" value="sun.awt.X11GraphicsEnvironment"/>
    <property name="surefire.real.class.path" value="/workdir/hadoop-ozone/integration-test/target/surefire/surefirebooter9202541286970021632.jar"/>
    <property name="hadoop.log.dir" value="/workdir/hadoop-ozone/integration-test/target/log"/>
    <property name="sun.boot.class.path" value="/usr/lib/jvm/java-1.8-openjdk/jre/lib/resources.jar:/usr/lib/jvm/java-1.8-openjdk/jre/lib/rt.jar:/usr/lib/jvm/java-1.8-openjdk/jre/lib/sunrsasign.jar:/usr/lib/jvm/java-1.8-openjdk/jre/lib/jsse.jar:/usr/lib/jvm/java-1.8-openjdk/jre/lib/jce.jar:/usr/lib/jvm/java-1.8-openjdk/jre/lib/charsets.jar:/usr/lib/jvm/java-1.8-openjdk/jre/lib/jfr.jar:/usr/lib/jvm/java-1.8-openjdk/jre/classes"/>
    <property name="sun.management.compiler" value="HotSpot 64-Bit Tiered Compilers"/>
    <property name="java.runtime.version" value="1.8.0_212-b04"/>
    <property name="java.net.preferIPv4Stack" value="true"/>
    <property name="user.name" value="jenkins1000"/>
    <property name="path.separator" value=":"/>
    <property name="java.security.egd" value="file:///dev/urandom"/>
    <property name="os.version" value="3.10.0-957.12.2.el7.x86_64"/>
    <property name="java.endorsed.dirs" value="/usr/lib/jvm/java-1.8-openjdk/jre/lib/endorsed"/>
    <property name="java.runtime.name" value="OpenJDK Runtime Environment"/>
    <property name="file.encoding" value="UTF-8"/>
    <property name="java.vm.name" value="OpenJDK 64-Bit Server VM"/>
    <property name="test.build.webapps" value=""/>
    <property name="localRepository" value="/home/user/.m2/repository"/>
    <property name="java.vendor.url.bug" value="https://icedtea.classpath.org/bugzilla"/>
    <property name="java.io.tmpdir" value="/tmp"/>
    <property name="require.test.libhadoop" value=""/>
    <property name="java.version" value="1.8.0_212"/>
    <property name="user.dir" value="/workdir/hadoop-ozone/integration-test"/>
    <property name="os.arch" value="amd64"/>
    <property name="java.vm.specification.name" value="Java Virtual Machine Specification"/>
    <property name="test.build.classes" value="/workdir/hadoop-ozone/integration-test/target/test-classes"/>
    <property name="java.awt.printerjob" value="sun.print.PSPrinterJob"/>
    <property name="sun.os.patch.level" value="unknown"/>
    <property name="hadoop.tmp.dir" value="/workdir/hadoop-ozone/integration-test/target/tmp"/>
    <property name="java.library.path" value="/usr/lib/jvm/java-1.8-openjdk/jre/lib/amd64/server:/usr/lib/jvm/java-1.8-openjdk/jre/lib/amd64:/usr/lib/jvm/java-1.8-openjdk/jre/../lib/amd64:/workdir/hadoop-ozone/integration-test/target/native/target/usr/local/lib:/workdir/hadoop-ozone/integration-test/../../hadoop-common-project/hadoop-common/target/native/target/usr/local/lib:/usr/java/packages/lib/amd64:/usr/lib64:/lib64:/lib:/usr/lib"/>
    <property name="java.vm.info" value="mixed mode"/>
    <property name="java.vendor" value="IcedTea"/>
    <property name="java.vm.version" value="25.212-b04"/>
    <property name="java.ext.dirs" value="/usr/lib/jvm/java-1.8-openjdk/jre/lib/ext:/usr/java/packages/lib/ext"/>
    <property name="sun.io.unicode.encoding" value="UnicodeLittle"/>
    <property name="java.class.version" value="52.0"/>
  </properties>
  <testcase name="testContainerStateMachineFailures" classname="org.apache.hadoop.ozone.client.rpc.TestContainerStateMachine" time="76.223">
    <error message="Allocated 0 blocks. Requested 1 blocks" type="INTERNAL_ERROR org.apache.hadoop.ozone.om.exceptions.OMException">INTERNAL_ERROR org.apache.hadoop.ozone.om.exceptions.OMException: Allocated 0 blocks. Requested 1 blocks
	at org.apache.hadoop.ozone.om.protocolPB.OzoneManagerProtocolClientSideTranslatorPB.handleError(OzoneManagerProtocolClientSideTranslatorPB.java:725)
	at org.apache.hadoop.ozone.om.protocolPB.OzoneManagerProtocolClientSideTranslatorPB.allocateBlock(OzoneManagerProtocolClientSideTranslatorPB.java:757)
	at org.apache.hadoop.ozone.client.io.BlockOutputStreamEntryPool.allocateNewBlock(BlockOutputStreamEntryPool.java:248)
	at org.apache.hadoop.ozone.client.io.BlockOutputStreamEntryPool.allocateBlockIfNeeded(BlockOutputStreamEntryPool.java:296)
	at org.apache.hadoop.ozone.client.io.KeyOutputStream.handleWrite(KeyOutputStream.java:201)
	at org.apache.hadoop.ozone.client.io.KeyOutputStream.handleRetry(KeyOutputStream.java:376)
	at org.apache.hadoop.ozone.client.io.KeyOutputStream.handleException(KeyOutputStream.java:325)
	at org.apache.hadoop.ozone.client.io.KeyOutputStream.handleFlushOrClose(KeyOutputStream.java:448)
	at org.apache.hadoop.ozone.client.io.KeyOutputStream.close(KeyOutputStream.java:472)
	at org.apache.hadoop.ozone.client.io.OzoneOutputStream.close(OzoneOutputStream.java:60)
	at org.apache.hadoop.ozone.client.rpc.TestContainerStateMachine.testContainerStateMachineFailures(TestContainerStateMachine.java:142)
	at sun.reflect.NativeMethodAccessorImpl.invoke0(Native Method)
	at sun.reflect.NativeMethodAccessorImpl.invoke(NativeMethodAccessorImpl.java:62)
	at sun.reflect.DelegatingMethodAccessorImpl.invoke(DelegatingMethodAccessorImpl.java:43)
	at java.lang.reflect.Method.invoke(Method.java:498)
	at org.junit.runners.model.FrameworkMethod$1.runReflectiveCall(FrameworkMethod.java:47)
	at org.junit.internal.runners.model.ReflectiveCallable.run(ReflectiveCallable.java:12)
	at org.junit.runners.model.FrameworkMethod.invokeExplosively(FrameworkMethod.java:44)
	at org.junit.internal.runners.statements.InvokeMethod.evaluate(InvokeMethod.java:17)
	at org.junit.runners.ParentRunner.runLeaf(ParentRunner.java:271)
	at org.junit.runners.BlockJUnit4ClassRunner.runChild(BlockJUnit4ClassRunner.java:70)
	at org.junit.runners.BlockJUnit4ClassRunner.runChild(BlockJUnit4ClassRunner.java:50)
	at org.junit.runners.ParentRunner$3.run(ParentRunner.java:238)
	at org.junit.runners.ParentRunner$1.schedule(ParentRunner.java:63)
	at org.junit.runners.ParentRunner.runChildren(ParentRunner.java:236)
	at org.junit.runners.ParentRunner.access$000(ParentRunner.java:53)
	at org.junit.runners.ParentRunner$2.evaluate(ParentRunner.java:229)
	at org.junit.internal.runners.statements.RunBefores.evaluate(RunBefores.java:26)
	at org.junit.internal.runners.statements.RunAfters.evaluate(RunAfters.java:27)
	at org.junit.runners.ParentRunner.run(ParentRunner.java:309)
	at org.apache.maven.surefire.junit4.JUnit4Provider.execute(JUnit4Provider.java:365)
	at org.apache.maven.surefire.junit4.JUnit4Provider.executeWithRerun(JUnit4Provider.java:273)
	at org.apache.maven.surefire.junit4.JUnit4Provider.executeTestSet(JUnit4Provider.java:238)
	at org.apache.maven.surefire.junit4.JUnit4Provider.invoke(JUnit4Provider.java:159)
	at org.apache.maven.surefire.booter.ForkedBooter.invokeProviderInSameClassLoader(ForkedBooter.java:384)
	at org.apache.maven.surefire.booter.ForkedBooter.runSuitesInProcess(ForkedBooter.java:345)
	at org.apache.maven.surefire.booter.ForkedBooter.execute(ForkedBooter.java:126)
	at org.apache.maven.surefire.booter.ForkedBooter.main(ForkedBooter.java:418)
</error>
    <system-out><![CDATA[2019-08-22 22:28:11,113 [main] WARN  server.ServerUtils (ServerUtils.java:getScmDbDir(145)) - ozone.scm.db.dirs is not configured. We recommend adding this setting. Falling back to ozone.metadata.dirs instead.
2019-08-22 22:28:11,229 [main] WARN  server.ServerUtils (ServerUtils.java:getScmDbDir(145)) - ozone.scm.db.dirs is not configured. We recommend adding this setting. Falling back to ozone.metadata.dirs instead.
2019-08-22 22:28:11,233 [main] WARN  server.ServerUtils (ServerUtils.java:getScmDbDir(145)) - ozone.scm.db.dirs is not configured. We recommend adding this setting. Falling back to ozone.metadata.dirs instead.
2019-08-22 22:28:11,256 [main] INFO  util.log (Log.java:initialized(192)) - Logging initialized @2887ms
2019-08-22 22:28:11,362 [main] INFO  db.DBStoreBuilder (DBStoreBuilder.java:addTable(110)) - using custom profile for table: deletedBlocks
2019-08-22 22:28:11,363 [main] INFO  db.DBStoreBuilder (DBStoreBuilder.java:processTables(161)) - Using default column profile:DBProfile.DISK for Table:deletedBlocks
2019-08-22 22:28:11,363 [main] INFO  db.DBStoreBuilder (DBStoreBuilder.java:addTable(110)) - using custom profile for table: validCerts
2019-08-22 22:28:11,363 [main] INFO  db.DBStoreBuilder (DBStoreBuilder.java:processTables(161)) - Using default column profile:DBProfile.DISK for Table:validCerts
2019-08-22 22:28:11,364 [main] INFO  db.DBStoreBuilder (DBStoreBuilder.java:addTable(110)) - using custom profile for table: revokedCerts
2019-08-22 22:28:11,364 [main] INFO  db.DBStoreBuilder (DBStoreBuilder.java:processTables(161)) - Using default column profile:DBProfile.DISK for Table:revokedCerts
2019-08-22 22:28:11,377 [main] INFO  db.DBStoreBuilder (DBStoreBuilder.java:addTable(110)) - using custom profile for table: default
2019-08-22 22:28:11,377 [main] INFO  db.DBStoreBuilder (DBStoreBuilder.java:processTables(167)) - Using default column profile:DBProfile.DISK for Table:default
2019-08-22 22:28:11,378 [main] INFO  db.DBStoreBuilder (DBStoreBuilder.java:getDbProfile(198)) - Using default options. DBProfile.DISK
2019-08-22 22:28:11,650 [main] INFO  net.NodeSchemaLoader (NodeSchemaLoader.java:loadSchemaFromFile(125)) - Loading file from sun.misc.CompoundEnumeration@773f7880
2019-08-22 22:28:11,652 [main] INFO  net.NodeSchemaLoader (NodeSchemaLoader.java:loadSchema(171)) - Loading network topology layer schema file
2019-08-22 22:28:11,728 [main] INFO  node.SCMNodeManager (SCMNodeManager.java:<init>(121)) - Entering startup safe mode.
2019-08-22 22:28:11,748 [main] INFO  algorithms.ContainerPlacementPolicyFactory (ContainerPlacementPolicyFactory.java:getPolicy(55)) - Create container placement policy of type org.apache.hadoop.hdds.scm.container.placement.algorithms.SCMContainerPlacementRandom
2019-08-22 22:28:11,762 [main] WARN  server.ServerUtils (ServerUtils.java:getScmDbDir(145)) - ozone.scm.db.dirs is not configured. We recommend adding this setting. Falling back to ozone.metadata.dirs instead.
2019-08-22 22:28:11,874 [main] INFO  pipeline.SCMPipelineManager (SCMPipelineManager.java:initializePipelineState(126)) - No pipeline exists in current db
2019-08-22 22:28:11,876 [main] WARN  server.ServerUtils (ServerUtils.java:getScmDbDir(145)) - ozone.scm.db.dirs is not configured. We recommend adding this setting. Falling back to ozone.metadata.dirs instead.
2019-08-22 22:28:12,050 [main] WARN  events.EventQueue (EventQueue.java:fireEvent(175)) - No event handler registered for event TypedEvent{payloadType=SafeModeStatus, name='SafeModeStatus'}
2019-08-22 22:28:12,165 [main] INFO  ipc.CallQueueManager (CallQueueManager.java:<init>(84)) - Using callQueue: class java.util.concurrent.LinkedBlockingQueue, queueCapacity: 2000, scheduler: class org.apache.hadoop.ipc.DefaultRpcScheduler, ipcBackoff: false.
2019-08-22 22:28:12,195 [Socket Reader #1 for port 44055] INFO  ipc.Server (Server.java:run(1074)) - Starting Socket Reader #1 for port 44055
2019-08-22 22:28:12,244 [main] INFO  ipc.CallQueueManager (CallQueueManager.java:<init>(84)) - Using callQueue: class java.util.concurrent.LinkedBlockingQueue, queueCapacity: 2000, scheduler: class org.apache.hadoop.ipc.DefaultRpcScheduler, ipcBackoff: false.
2019-08-22 22:28:12,247 [Socket Reader #1 for port 39927] INFO  ipc.Server (Server.java:run(1074)) - Starting Socket Reader #1 for port 39927
2019-08-22 22:28:12,258 [main] INFO  ipc.CallQueueManager (CallQueueManager.java:<init>(84)) - Using callQueue: class java.util.concurrent.LinkedBlockingQueue, queueCapacity: 2000, scheduler: class org.apache.hadoop.ipc.DefaultRpcScheduler, ipcBackoff: false.
2019-08-22 22:28:12,259 [Socket Reader #1 for port 43348] INFO  ipc.Server (Server.java:run(1074)) - Starting Socket Reader #1 for port 43348
2019-08-22 22:28:12,286 [main] INFO  hdfs.DFSUtil (DFSUtil.java:httpServerTemplateForNNAndJN(1641)) - Starting Web-server for scm at: http://0.0.0.0:0
2019-08-22 22:28:12,471 [main] INFO  server.AuthenticationFilter (AuthenticationFilter.java:constructSecretProvider(240)) - Unable to initialize FileSignerSecretProvider, falling back to use random secrets.
2019-08-22 22:28:12,481 [main] WARN  http.HttpRequestLog (HttpRequestLog.java:getRequestLog(97)) - Jetty request log can only be enabled using Log4j
2019-08-22 22:28:12,490 [main] INFO  http.HttpServer2 (HttpServer2.java:addGlobalFilter(975)) - Added global filter 'safety' (class=org.apache.hadoop.http.HttpServer2$QuotingInputFilter)
2019-08-22 22:28:12,493 [main] INFO  http.HttpServer2 (HttpServer2.java:addFilter(948)) - Added filter static_user_filter (class=org.apache.hadoop.http.lib.StaticUserWebFilter$StaticUserFilter) to context scm
2019-08-22 22:28:12,494 [main] INFO  http.HttpServer2 (HttpServer2.java:addFilter(958)) - Added filter static_user_filter (class=org.apache.hadoop.http.lib.StaticUserWebFilter$StaticUserFilter) to context logs
2019-08-22 22:28:12,494 [main] INFO  http.HttpServer2 (HttpServer2.java:addFilter(958)) - Added filter static_user_filter (class=org.apache.hadoop.http.lib.StaticUserWebFilter$StaticUserFilter) to context static
2019-08-22 22:28:12,530 [main] INFO  server.StorageContainerManager (StorageContainerManager.java:start(759)) - StorageContainerLocationProtocol RPC server is listening at /0.0.0.0:43348
2019-08-22 22:28:12,591 [main] WARN  impl.MetricsConfig (MetricsConfig.java:loadFirst(134)) - Cannot locate configuration: tried hadoop-metrics2-storagecontainermanager.properties,hadoop-metrics2.properties
2019-08-22 22:28:12,605 [main] INFO  impl.MetricsSystemImpl (MetricsSystemImpl.java:startTimer(374)) - Scheduled Metric snapshot period at 10 second(s).
2019-08-22 22:28:12,606 [main] INFO  impl.MetricsSystemImpl (MetricsSystemImpl.java:start(191)) - StorageContainerManager metrics system started
2019-08-22 22:28:12,650 [main] INFO  server.SCMClientProtocolServer (SCMClientProtocolServer.java:start(151)) - RPC server for Client  is listening at /0.0.0.0:43348
2019-08-22 22:28:12,650 [IPC Server Responder] INFO  ipc.Server (Server.java:run(1314)) - IPC Server Responder: starting
2019-08-22 22:28:12,651 [IPC Server listener on 43348] INFO  ipc.Server (Server.java:run(1153)) - IPC Server listener on 43348: starting
2019-08-22 22:28:12,654 [main] INFO  server.StorageContainerManager (StorageContainerManager.java:start(769)) - ScmBlockLocationProtocol RPC server is listening at /0.0.0.0:39927
2019-08-22 22:28:12,654 [main] INFO  server.SCMBlockProtocolServer (SCMBlockProtocolServer.java:start(140)) - RPC server for Block Protocol is listening at /0.0.0.0:39927
2019-08-22 22:28:12,655 [IPC Server Responder] INFO  ipc.Server (Server.java:run(1314)) - IPC Server Responder: starting
2019-08-22 22:28:12,655 [IPC Server listener on 39927] INFO  ipc.Server (Server.java:run(1153)) - IPC Server listener on 39927: starting
2019-08-22 22:28:12,658 [main] INFO  server.StorageContainerManager (StorageContainerManager.java:start(773)) - ScmDatanodeProtocl RPC server is listening at /0.0.0.0:44055
2019-08-22 22:28:12,658 [main] INFO  server.SCMDatanodeProtocolServer (SCMDatanodeProtocolServer.java:start(191)) - RPC server for DataNodes is listening at /0.0.0.0:44055
2019-08-22 22:28:12,658 [IPC Server Responder] INFO  ipc.Server (Server.java:run(1314)) - IPC Server Responder: starting
2019-08-22 22:28:12,658 [IPC Server listener on 44055] INFO  ipc.Server (Server.java:run(1153)) - IPC Server listener on 44055: starting
2019-08-22 22:28:12,663 [main] INFO  http.HttpServer2 (HttpServer2.java:bindListener(1191)) - Jetty bound to port 43650
2019-08-22 22:28:12,665 [main] INFO  server.Server (Server.java:doStart(351)) - jetty-9.3.24.v20180605, build timestamp: 2018-06-05T17:11:56Z, git hash: 84205aa28f11a4f31f2a3b86d1bba2cc8ab69827
2019-08-22 22:28:12,706 [main] INFO  handler.ContextHandler (ContextHandler.java:doStart(781)) - Started o.e.j.s.ServletContextHandler@7cf7aee{/logs,file:///workdir/hadoop-ozone/integration-test/target/log,AVAILABLE}
2019-08-22 22:28:12,707 [main] INFO  handler.ContextHandler (ContextHandler.java:doStart(781)) - Started o.e.j.s.ServletContextHandler@1b1637e1{/static,file:///workdir/hadoop-ozone/integration-test/target/test-classes/webapps/static,AVAILABLE}
2019-08-22 22:28:12,742 [main] INFO  handler.ContextHandler (ContextHandler.java:doStart(781)) - Started o.e.j.w.WebAppContext@682c1e93{/,file:///workdir/hadoop-ozone/integration-test/target/test-classes/webapps/scm/,AVAILABLE}{/scm}
2019-08-22 22:28:12,748 [main] INFO  server.AbstractConnector (AbstractConnector.java:doStart(278)) - Started ServerConnector@60921b21{HTTP/1.1,[http/1.1]}{0.0.0.0:43650}
2019-08-22 22:28:12,748 [main] INFO  server.Server (Server.java:doStart(419)) - Started @4380ms
2019-08-22 22:28:12,750 [main] INFO  server.BaseHttpServer (BaseHttpServer.java:updateConnectorAddress(213)) - HTTP server of SCM is listening at http://0.0.0.0:43650
2019-08-22 22:28:12,760 [org.apache.hadoop.util.JvmPauseMonitor$Monitor@2d84cb86] INFO  util.JvmPauseMonitor (JvmPauseMonitor.java:run(188)) - Starting JVM pause monitor
2019-08-22 22:28:12,765 [main] WARN  server.ServerUtils (ServerUtils.java:getDBPath(222)) - ozone.om.db.dirs is not configured. We recommend adding this setting. Falling back to ozone.metadata.dirs instead.
2019-08-22 22:28:12,793 [main] WARN  server.ServerUtils (ServerUtils.java:getDBPath(222)) - ozone.om.db.dirs is not configured. We recommend adding this setting. Falling back to ozone.metadata.dirs instead.
2019-08-22 22:28:12,794 [main] WARN  server.ServerUtils (ServerUtils.java:getDBPath(222)) - ozone.om.db.dirs is not configured. We recommend adding this setting. Falling back to ozone.metadata.dirs instead.
2019-08-22 22:28:12,795 [main] INFO  om.OzoneManager (OzoneManager.java:setOMNodeDetails(648)) - OM Service ID is not set. Setting it to the default ID: omServiceIdDefault
2019-08-22 22:28:12,796 [main] INFO  om.OzoneManager (OzoneManager.java:setOMNodeDetails(654)) - OM Node ID is not set. Setting it to the OmStorage's OmID: 9dabc074-f182-481f-a0f9-3147f138db4c
2019-08-22 22:28:12,797 [main] INFO  om.OzoneManager (OzoneManager.java:loadOMHAConfigs(605)) - Found matching OM address with OMServiceId: null, OMNodeId: null, RPC Address: localhost:0 and Ratis port: 9872
2019-08-22 22:28:12,908 [main] WARN  server.ServerUtils (ServerUtils.java:getDBPath(222)) - ozone.om.db.dirs is not configured. We recommend adding this setting. Falling back to ozone.metadata.dirs instead.
2019-08-22 22:28:12,916 [main] INFO  db.DBStoreBuilder (DBStoreBuilder.java:addTable(110)) - using custom profile for table: userTable
2019-08-22 22:28:12,916 [main] INFO  db.DBStoreBuilder (DBStoreBuilder.java:processTables(161)) - Using default column profile:DBProfile.DISK for Table:userTable
2019-08-22 22:28:12,917 [main] INFO  db.DBStoreBuilder (DBStoreBuilder.java:addTable(110)) - using custom profile for table: volumeTable
2019-08-22 22:28:12,917 [main] INFO  db.DBStoreBuilder (DBStoreBuilder.java:processTables(161)) - Using default column profile:DBProfile.DISK for Table:volumeTable
2019-08-22 22:28:12,917 [main] INFO  db.DBStoreBuilder (DBStoreBuilder.java:addTable(110)) - using custom profile for table: bucketTable
2019-08-22 22:28:12,917 [main] INFO  db.DBStoreBuilder (DBStoreBuilder.java:processTables(161)) - Using default column profile:DBProfile.DISK for Table:bucketTable
2019-08-22 22:28:12,918 [main] INFO  db.DBStoreBuilder (DBStoreBuilder.java:addTable(110)) - using custom profile for table: keyTable
2019-08-22 22:28:12,918 [main] INFO  db.DBStoreBuilder (DBStoreBuilder.java:processTables(161)) - Using default column profile:DBProfile.DISK for Table:keyTable
2019-08-22 22:28:12,918 [main] INFO  db.DBStoreBuilder (DBStoreBuilder.java:addTable(110)) - using custom profile for table: deletedTable
2019-08-22 22:28:12,918 [main] INFO  db.DBStoreBuilder (DBStoreBuilder.java:processTables(161)) - Using default column profile:DBProfile.DISK for Table:deletedTable
2019-08-22 22:28:12,919 [main] INFO  db.DBStoreBuilder (DBStoreBuilder.java:addTable(110)) - using custom profile for table: openKeyTable
2019-08-22 22:28:12,919 [main] INFO  db.DBStoreBuilder (DBStoreBuilder.java:processTables(161)) - Using default column profile:DBProfile.DISK for Table:openKeyTable
2019-08-22 22:28:12,919 [main] INFO  db.DBStoreBuilder (DBStoreBuilder.java:addTable(110)) - using custom profile for table: s3Table
2019-08-22 22:28:12,919 [main] INFO  db.DBStoreBuilder (DBStoreBuilder.java:processTables(161)) - Using default column profile:DBProfile.DISK for Table:s3Table
2019-08-22 22:28:12,920 [main] INFO  db.DBStoreBuilder (DBStoreBuilder.java:addTable(110)) - using custom profile for table: multipartInfoTable
2019-08-22 22:28:12,920 [main] INFO  db.DBStoreBuilder (DBStoreBuilder.java:processTables(161)) - Using default column profile:DBProfile.DISK for Table:multipartInfoTable
2019-08-22 22:28:12,920 [main] INFO  db.DBStoreBuilder (DBStoreBuilder.java:addTable(110)) - using custom profile for table: dTokenTable
2019-08-22 22:28:12,920 [main] INFO  db.DBStoreBuilder (DBStoreBuilder.java:processTables(161)) - Using default column profile:DBProfile.DISK for Table:dTokenTable
2019-08-22 22:28:12,920 [main] INFO  db.DBStoreBuilder (DBStoreBuilder.java:addTable(110)) - using custom profile for table: s3SecretTable
2019-08-22 22:28:12,921 [main] INFO  db.DBStoreBuilder (DBStoreBuilder.java:processTables(161)) - Using default column profile:DBProfile.DISK for Table:s3SecretTable
2019-08-22 22:28:12,921 [main] INFO  db.DBStoreBuilder (DBStoreBuilder.java:addTable(110)) - using custom profile for table: prefixTable
2019-08-22 22:28:12,921 [main] INFO  db.DBStoreBuilder (DBStoreBuilder.java:processTables(161)) - Using default column profile:DBProfile.DISK for Table:prefixTable
2019-08-22 22:28:12,921 [main] INFO  db.DBStoreBuilder (DBStoreBuilder.java:addTable(110)) - using custom profile for table: default
2019-08-22 22:28:12,922 [main] INFO  db.DBStoreBuilder (DBStoreBuilder.java:processTables(167)) - Using default column profile:DBProfile.DISK for Table:default
2019-08-22 22:28:12,922 [main] INFO  db.DBStoreBuilder (DBStoreBuilder.java:getDbProfile(198)) - Using default options. DBProfile.DISK
2019-08-22 22:28:13,764 [main] INFO  ipc.CallQueueManager (CallQueueManager.java:<init>(84)) - Using callQueue: class java.util.concurrent.LinkedBlockingQueue, queueCapacity: 2000, scheduler: class org.apache.hadoop.ipc.DefaultRpcScheduler, ipcBackoff: false.
2019-08-22 22:28:13,765 [Socket Reader #1 for port 42010] INFO  ipc.Server (Server.java:run(1074)) - Starting Socket Reader #1 for port 42010
2019-08-22 22:28:13,788 [main] INFO  om.OzoneManager (OzoneManager.java:start(1259)) - OzoneManager RPC server is listening at localhost/127.0.0.1:42010
2019-08-22 22:28:13,788 [main] INFO  impl.MetricsSystemImpl (MetricsSystemImpl.java:init(158)) - OzoneManager metrics system started (again)
2019-08-22 22:28:13,790 [IPC Server Responder] INFO  ipc.Server (Server.java:run(1314)) - IPC Server Responder: starting
2019-08-22 22:28:13,790 [IPC Server listener on 42010] INFO  ipc.Server (Server.java:run(1153)) - IPC Server listener on 42010: starting
2019-08-22 22:28:13,796 [main] INFO  hdfs.DFSUtil (DFSUtil.java:httpServerTemplateForNNAndJN(1641)) - Starting Web-server for ozoneManager at: http://0.0.0.0:0
2019-08-22 22:28:13,798 [main] INFO  server.AuthenticationFilter (AuthenticationFilter.java:constructSecretProvider(240)) - Unable to initialize FileSignerSecretProvider, falling back to use random secrets.
2019-08-22 22:28:13,801 [main] WARN  http.HttpRequestLog (HttpRequestLog.java:getRequestLog(97)) - Jetty request log can only be enabled using Log4j
2019-08-22 22:28:13,805 [main] INFO  http.HttpServer2 (HttpServer2.java:addGlobalFilter(975)) - Added global filter 'safety' (class=org.apache.hadoop.http.HttpServer2$QuotingInputFilter)
2019-08-22 22:28:13,807 [main] INFO  http.HttpServer2 (HttpServer2.java:addFilter(948)) - Added filter static_user_filter (class=org.apache.hadoop.http.lib.StaticUserWebFilter$StaticUserFilter) to context ozoneManager
2019-08-22 22:28:13,807 [main] INFO  http.HttpServer2 (HttpServer2.java:addFilter(958)) - Added filter static_user_filter (class=org.apache.hadoop.http.lib.StaticUserWebFilter$StaticUserFilter) to context static
2019-08-22 22:28:13,808 [main] INFO  http.HttpServer2 (HttpServer2.java:addFilter(958)) - Added filter static_user_filter (class=org.apache.hadoop.http.lib.StaticUserWebFilter$StaticUserFilter) to context logs
2019-08-22 22:28:13,811 [main] INFO  http.HttpServer2 (HttpServer2.java:bindListener(1191)) - Jetty bound to port 45144
2019-08-22 22:28:13,811 [main] INFO  server.Server (Server.java:doStart(351)) - jetty-9.3.24.v20180605, build timestamp: 2018-06-05T17:11:56Z, git hash: 84205aa28f11a4f31f2a3b86d1bba2cc8ab69827
2019-08-22 22:28:13,814 [main] INFO  handler.ContextHandler (ContextHandler.java:doStart(781)) - Started o.e.j.s.ServletContextHandler@59429fac{/logs,file:///workdir/hadoop-ozone/integration-test/target/log,AVAILABLE}
2019-08-22 22:28:13,815 [main] INFO  handler.ContextHandler (ContextHandler.java:doStart(781)) - Started o.e.j.s.ServletContextHandler@26e412ef{/static,file:///workdir/hadoop-ozone/integration-test/target/test-classes/webapps/static,AVAILABLE}
2019-08-22 22:28:13,823 [main] INFO  handler.ContextHandler (ContextHandler.java:doStart(781)) - Started o.e.j.w.WebAppContext@42e22a53{/,file:///workdir/hadoop-ozone/integration-test/target/test-classes/webapps/ozoneManager/,AVAILABLE}{/ozoneManager}
2019-08-22 22:28:13,824 [main] INFO  server.AbstractConnector (AbstractConnector.java:doStart(278)) - Started ServerConnector@57adfab0{HTTP/1.1,[http/1.1]}{0.0.0.0:45144}
2019-08-22 22:28:13,826 [main] INFO  server.Server (Server.java:doStart(419)) - Started @5457ms
2019-08-22 22:28:13,827 [main] INFO  server.BaseHttpServer (BaseHttpServer.java:updateConnectorAddress(213)) - HTTP server of OZONEMANAGER is listening at http://0.0.0.0:45144
2019-08-22 22:28:14,226 [main] INFO  impl.MetricsSystemImpl (MetricsSystemImpl.java:init(158)) - HddsDatanode metrics system started (again)
2019-08-22 22:28:14,322 [main] INFO  ozone.HddsDatanodeService (HddsDatanodeService.java:start(184)) - HddsDatanodeService host:pr-hdds-1975-6rfct-3228563268 ip:192.168.36.125
2019-08-22 22:28:14,354 [main] INFO  volume.HddsVolume (HddsVolume.java:<init>(176)) - Creating Volume: /workdir/hadoop-ozone/integration-test/target/test-dir/MiniOzoneClusterImpl-3bee3c43-65c7-4432-8e88-09d614aad9b6/datanode-0/data/containers/hdds of  storage type : DISK and capacity : 1482555576320
2019-08-22 22:28:14,356 [main] INFO  volume.VolumeSet (VolumeSet.java:initializeVolumeSet(170)) - Added Volume : /workdir/hadoop-ozone/integration-test/target/test-dir/MiniOzoneClusterImpl-3bee3c43-65c7-4432-8e88-09d614aad9b6/datanode-0/data/containers/hdds to VolumeSet
2019-08-22 22:28:14,359 [main] INFO  volume.ThrottledAsyncChecker (ThrottledAsyncChecker.java:schedule(140)) - Scheduling a check for org.apache.hadoop.ozone.container.common.volume.HddsVolume@3bbf9027
2019-08-22 22:28:14,376 [main] INFO  volume.HddsVolumeChecker (HddsVolumeChecker.java:checkAllVolumes(203)) - Scheduled health check for volume org.apache.hadoop.ozone.container.common.volume.HddsVolume@3bbf9027
2019-08-22 22:28:14,493 [main] INFO  impl.RaftServerProxy (ConfUtils.java:logGet(43)) - raft.rpc.type = GRPC (default)
2019-08-22 22:28:14,560 [main] INFO  grpc.GrpcFactory (GrpcFactory.java:checkPooledByteBufAllocatorUseCacheForAllThreads(45)) - PERFORMANCE WARNING: useCacheForAllThreads is true that may cause Netty to create a lot garbage objects and, as a result, trigger GC.
	It is recommended to disable useCacheForAllThreads by setting -Dorg.apache.ratis.thirdparty.io.netty.allocator.useCacheForAllThreads=false in command line.
2019-08-22 22:28:14,564 [main] INFO  grpc.GrpcConfigKeys$Server (ConfUtils.java:logGet(43)) - raft.grpc.server.port = 0 (default)
2019-08-22 22:28:14,565 [main] INFO  server.GrpcService (ConfUtils.java:logGet(43)) - raft.grpc.message.size.max = 33570816 (custom)
2019-08-22 22:28:14,567 [main] INFO  server.RaftServerConfigKeys (ConfUtils.java:logGet(43)) - raft.server.log.appender.buffer.byte-limit = 33554432 (custom)
2019-08-22 22:28:14,568 [main] INFO  server.GrpcService (ConfUtils.java:logGet(43)) - raft.grpc.flow.control.window = 1MB (=1048576) (default)
2019-08-22 22:28:14,568 [main] INFO  server.RaftServerConfigKeys (ConfUtils.java:logGet(43)) - raft.server.rpc.request.timeout = 3000ms (default)
2019-08-22 22:28:14,738 [main] INFO  server.RaftServerConfigKeys (ConfUtils.java:logGet(43)) - raft.server.storage.dir = [/workdir/hadoop-ozone/integration-test/target/test-dir/MiniOzoneClusterImpl-3bee3c43-65c7-4432-8e88-09d614aad9b6/datanode-0/data/ratis] (custom)
2019-08-22 22:28:14,776 [main] INFO  replication.SimpleContainerDownloader (SimpleContainerDownloader.java:<init>(72)) - Starting container downloader service to copy containers to replicate.
2019-08-22 22:28:14,789 [main] INFO  hdfs.DFSUtil (DFSUtil.java:httpServerTemplateForNNAndJN(1641)) - Starting Web-server for hddsDatanode at: http://0.0.0.0:0
2019-08-22 22:28:14,792 [main] INFO  server.AuthenticationFilter (AuthenticationFilter.java:constructSecretProvider(240)) - Unable to initialize FileSignerSecretProvider, falling back to use random secrets.
2019-08-22 22:28:14,793 [main] WARN  http.HttpRequestLog (HttpRequestLog.java:getRequestLog(97)) - Jetty request log can only be enabled using Log4j
2019-08-22 22:28:14,796 [main] INFO  http.HttpServer2 (HttpServer2.java:addGlobalFilter(975)) - Added global filter 'safety' (class=org.apache.hadoop.http.HttpServer2$QuotingInputFilter)
2019-08-22 22:28:14,797 [main] INFO  http.HttpServer2 (HttpServer2.java:addFilter(948)) - Added filter static_user_filter (class=org.apache.hadoop.http.lib.StaticUserWebFilter$StaticUserFilter) to context hddsDatanode
2019-08-22 22:28:14,797 [main] INFO  http.HttpServer2 (HttpServer2.java:addFilter(958)) - Added filter static_user_filter (class=org.apache.hadoop.http.lib.StaticUserWebFilter$StaticUserFilter) to context logs
2019-08-22 22:28:14,798 [main] INFO  http.HttpServer2 (HttpServer2.java:addFilter(958)) - Added filter static_user_filter (class=org.apache.hadoop.http.lib.StaticUserWebFilter$StaticUserFilter) to context static
2019-08-22 22:28:14,799 [main] INFO  http.HttpServer2 (HttpServer2.java:bindListener(1191)) - Jetty bound to port 40293
2019-08-22 22:28:14,799 [main] INFO  server.Server (Server.java:doStart(351)) - jetty-9.3.24.v20180605, build timestamp: 2018-06-05T17:11:56Z, git hash: 84205aa28f11a4f31f2a3b86d1bba2cc8ab69827
2019-08-22 22:28:14,803 [main] INFO  handler.ContextHandler (ContextHandler.java:doStart(781)) - Started o.e.j.s.ServletContextHandler@72fd8a3c{/logs,file:///workdir/hadoop-ozone/integration-test/target/log,AVAILABLE}
2019-08-22 22:28:14,804 [main] INFO  handler.ContextHandler (ContextHandler.java:doStart(781)) - Started o.e.j.s.ServletContextHandler@34780cd9{/static,jar:file:/home/user/.m2/repository/org/apache/hadoop/hadoop-hdds-container-service/0.5.0-SNAPSHOT/hadoop-hdds-container-service-0.5.0-SNAPSHOT.jar!/webapps/static,AVAILABLE}
2019-08-22 22:28:14,853 [main] INFO  handler.ContextHandler (ContextHandler.java:doStart(781)) - Started o.e.j.w.WebAppContext@74e6094b{/,file:///tmp/jetty-0.0.0.0-40293-hddsDatanode-_-any-8205678885138025283.dir/webapp/,AVAILABLE}{/hddsDatanode}
2019-08-22 22:28:14,854 [main] INFO  server.AbstractConnector (AbstractConnector.java:doStart(278)) - Started ServerConnector@7a485a36{HTTP/1.1,[http/1.1]}{0.0.0.0:40293}
2019-08-22 22:28:14,855 [main] INFO  server.Server (Server.java:doStart(419)) - Started @6487ms
2019-08-22 22:28:14,856 [main] INFO  server.BaseHttpServer (BaseHttpServer.java:updateConnectorAddress(213)) - HTTP server of HDDSDATANODE is listening at http://0.0.0.0:40293
2019-08-22 22:28:16,060 | INFO  | ObjectStoreRestHttpServer | Listening HDDS REST traffic on /0.0.0.0:33902 |  
2019-08-22 22:28:16,066 [main] INFO  ozone.HddsDatanodeService (HddsDatanodeService.java:startPlugins(395)) - Started plug-in org.apache.hadoop.ozone.web.OzoneHddsDatanodeService@552fee7a
2019-08-22 22:28:16,069 [main] INFO  ozone.MiniOzoneClusterImpl (MiniOzoneClusterImpl.java:lambda$waitForClusterToBeReady$0(142)) - Waiting for cluster to be ready. Got 0 of 1 DN Heartbeats.
2019-08-22 22:28:16,074 [org.apache.hadoop.util.JvmPauseMonitor$Monitor@2a2fe3bc] INFO  util.JvmPauseMonitor (JvmPauseMonitor.java:run(188)) - Starting JVM pause monitor
2019-08-22 22:28:16,188 [Datanode State Machine Thread - 0] INFO  datanode.InitDatanodeState (InitDatanodeState.java:persistContainerDatanodeDetails(140)) - DatanodeDetails is persisted to /workdir/hadoop-ozone/integration-test/target/test-dir/MiniOzoneClusterImpl-3bee3c43-65c7-4432-8e88-09d614aad9b6/datanode-0/meta/datanode.id
2019-08-22 22:28:17,069 [main] INFO  ozone.MiniOzoneClusterImpl (MiniOzoneClusterImpl.java:lambda$waitForClusterToBeReady$0(142)) - Waiting for cluster to be ready. Got 0 of 1 DN Heartbeats.
2019-08-22 22:28:18,070 [main] INFO  ozone.MiniOzoneClusterImpl (MiniOzoneClusterImpl.java:lambda$waitForClusterToBeReady$0(142)) - Waiting for cluster to be ready. Got 0 of 1 DN Heartbeats.
2019-08-22 22:28:18,293 | INFO  | SCMAudit | user=jenkins1000 | ip=192.168.36.125 | op=GET_VERSION null | ret=SUCCESS |  
2019-08-22 22:28:18,325 [Datanode State Machine Thread - 0] INFO  ozoneimpl.OzoneContainer (OzoneContainer.java:start(186)) - Attempting to start container services.
2019-08-22 22:28:18,326 [Datanode State Machine Thread - 0] INFO  ozoneimpl.OzoneContainer (OzoneContainer.java:startContainerScrub(160)) - Background container scrubber has been disabled by hdds.containerscrub.enabled
2019-08-22 22:28:18,327 [Datanode State Machine Thread - 0] INFO  ratis.XceiverServerRatis (XceiverServerRatis.java:start(404)) - Starting XceiverServerRatis 3dd09f11-375a-4f8f-ab0e-0728495e6bfb at port 0
2019-08-22 22:28:18,345 [Datanode State Machine Thread - 0] INFO  impl.RaftServerProxy (RaftServerProxy.java:lambda$start$3(299)) - 3dd09f11-375a-4f8f-ab0e-0728495e6bfb: start RPC server
2019-08-22 22:28:18,482 [Datanode State Machine Thread - 0] INFO  server.GrpcService (GrpcService.java:startImpl(149)) - 3dd09f11-375a-4f8f-ab0e-0728495e6bfb: GrpcService started, listening on 0.0.0.0/0.0.0.0:35321
2019-08-22 22:28:18,483 [Datanode State Machine Thread - 0] INFO  ratis.XceiverServerRatis (XceiverServerRatis.java:start(414)) - XceiverServerRatis 3dd09f11-375a-4f8f-ab0e-0728495e6bfb is started using port 35321
2019-08-22 22:28:18,485 [Datanode State Machine Thread - 0] INFO  server.XceiverServerGrpc (XceiverServerGrpc.java:start(161)) - XceiverServerGrpc 3dd09f11-375a-4f8f-ab0e-0728495e6bfb is started using port 36363
2019-08-22 22:28:19,071 [main] INFO  ozone.MiniOzoneClusterImpl (MiniOzoneClusterImpl.java:lambda$waitForClusterToBeReady$0(142)) - Waiting for cluster to be ready. Got 0 of 1 DN Heartbeats.
2019-08-22 22:28:20,071 [main] INFO  ozone.MiniOzoneClusterImpl (MiniOzoneClusterImpl.java:lambda$waitForClusterToBeReady$0(142)) - Waiting for cluster to be ready. Got 0 of 1 DN Heartbeats.
2019-08-22 22:28:20,117 [IPC Server handler 0 on 44055] INFO  net.NetworkTopology (NetworkTopologyImpl.java:add(110)) - Added a new node: /default-rack/3dd09f11-375a-4f8f-ab0e-0728495e6bfb
2019-08-22 22:28:20,117 [IPC Server handler 0 on 44055] INFO  node.SCMNodeManager (SCMNodeManager.java:register(273)) - Registered Data node : 3dd09f11-375a-4f8f-ab0e-0728495e6bfb{ip: 192.168.36.125, host: pr-hdds-1975-6rfct-3228563268, networkLocation: /default-rack, certSerialId: null}
2019-08-22 22:28:20,122 [EventQueue-NodeRegistrationContainerReportForDataNodeSafeModeRule] INFO  safemode.SCMSafeModeManager (DataNodeSafeModeRule.java:process(71)) - SCM in safe mode. 1 DataNodes registered, 1 required.
2019-08-22 22:28:20,123 [EventQueue-NodeRegistrationContainerReportForDataNodeSafeModeRule] INFO  safemode.SCMSafeModeManager (SCMSafeModeManager.java:validateSafeModeExitRules(177)) - ScmSafeModeManager, all rules are successfully validated
2019-08-22 22:28:20,123 [EventQueue-NodeRegistrationContainerReportForDataNodeSafeModeRule] INFO  safemode.SCMSafeModeManager (SCMSafeModeManager.java:exitSafeMode(193)) - SCM exiting safe mode.
2019-08-22 22:28:20,131 | INFO  | SCMAudit | user=jenkins1000 | ip=192.168.36.125 | op=REGISTER {datanodeDetails=3dd09f11-375a-4f8f-ab0e-0728495e6bfb{ip: 192.168.36.125, host: pr-hdds-1975-6rfct-3228563268, networkLocation: /default-rack, certSerialId: null}} | ret=SUCCESS |  
2019-08-22 22:28:21,072 [main] INFO  ozone.MiniOzoneClusterImpl (MiniOzoneClusterImpl.java:lambda$waitForClusterToBeReady$0(142)) - Cluster is ready. Got 1 of 1 DN Heartbeats.
2019-08-22 22:28:21,073 [main] INFO  om.OzoneManager (OzoneManager.java:readKeyPair(883)) - Reading keypair and certificate from file system.
2019-08-22 22:28:21,073 [main] INFO  om.OzoneManager (OzoneManager.java:startSecretManager(849)) - Starting OM block token secret manager
2019-08-22 22:28:21,074 [main] INFO  security.OzoneBlockTokenSecretManager (OzoneSecretManager.java:updateCurrentKey(167)) - Updating the current master key for generating tokens
2019-08-22 22:28:21,088 [grpc-default-executor-0] INFO  impl.RaftServerProxy (RaftServerProxy.java:addNew(89)) - 3dd09f11-375a-4f8f-ab0e-0728495e6bfb: addNew group-B170555833DC:[3dd09f11-375a-4f8f-ab0e-0728495e6bfb:192.168.36.125:35321] returns group-B170555833DC:java.util.concurrent.CompletableFuture@4227f46c[Not completed]
2019-08-22 22:28:21,102 [pool-27-thread-1] INFO  impl.RaftServerImpl (RaftServerImpl.java:<init>(93)) - 3dd09f11-375a-4f8f-ab0e-0728495e6bfb: new RaftServerImpl for group-B170555833DC:[3dd09f11-375a-4f8f-ab0e-0728495e6bfb:192.168.36.125:35321] with ContainerStateMachine:uninitialized
2019-08-22 22:28:21,105 [pool-27-thread-1] INFO  server.RaftServerConfigKeys (ConfUtils.java:logGet(43)) - raft.server.rpc.timeout.min = 5s (custom)
2019-08-22 22:28:21,106 [pool-27-thread-1] INFO  server.RaftServerConfigKeys (ConfUtils.java:logGet(43)) - raft.server.rpc.timeout.max = 5200ms (custom)
2019-08-22 22:28:21,106 [pool-27-thread-1] INFO  server.RaftServerConfigKeys (ConfUtils.java:logGet(43)) - raft.server.rpcslowness.timeout = 120s (custom)
2019-08-22 22:28:21,107 [pool-27-thread-1] INFO  server.RaftServerConfigKeys (ConfUtils.java:logGet(43)) - raft.server.sleep.deviation.threshold = 300 (default)
2019-08-22 22:28:21,108 [pool-27-thread-1] INFO  server.RaftServerConfigKeys (ConfUtils.java:logGet(43)) - raft.server.log.appender.install.snapshot.enabled = false (custom)
2019-08-22 22:28:21,116 [pool-27-thread-1] INFO  impl.RaftServerImpl (ServerState.java:<init>(105)) - 3dd09f11-375a-4f8f-ab0e-0728495e6bfb:group-B170555833DC ConfigurationManager, init=-1: [3dd09f11-375a-4f8f-ab0e-0728495e6bfb:192.168.36.125:35321], old=null, confs=<EMPTY_MAP>
2019-08-22 22:28:21,116 [pool-27-thread-1] INFO  server.RaftServerConfigKeys (ConfUtils.java:logGet(43)) - raft.server.storage.dir = [/workdir/hadoop-ozone/integration-test/target/test-dir/MiniOzoneClusterImpl-3bee3c43-65c7-4432-8e88-09d614aad9b6/datanode-0/data/ratis] (custom)
2019-08-22 22:28:21,124 [pool-27-thread-1] INFO  storage.RaftStorageDirectory (RaftStorageDirectory.java:analyzeStorage(246)) - The storage directory /workdir/hadoop-ozone/integration-test/target/test-dir/MiniOzoneClusterImpl-3bee3c43-65c7-4432-8e88-09d614aad9b6/datanode-0/data/ratis/e242c7b0-0e0e-4f0b-b58f-b170555833dc does not exist. Creating ...
2019-08-22 22:28:21,149 [pool-27-thread-1] INFO  storage.RaftStorageDirectory (RaftStorageDirectory.java:tryLock(328)) - Lock on /workdir/hadoop-ozone/integration-test/target/test-dir/MiniOzoneClusterImpl-3bee3c43-65c7-4432-8e88-09d614aad9b6/datanode-0/data/ratis/e242c7b0-0e0e-4f0b-b58f-b170555833dc/in_use.lock acquired by nodename 9813@pr-hdds-1975-6rfct-3228563268
2019-08-22 22:28:21,175 [pool-27-thread-1] INFO  storage.RaftStorage (RaftStorage.java:format(72)) - Storage directory /workdir/hadoop-ozone/integration-test/target/test-dir/MiniOzoneClusterImpl-3bee3c43-65c7-4432-8e88-09d614aad9b6/datanode-0/data/ratis/e242c7b0-0e0e-4f0b-b58f-b170555833dc has been successfully formatted.
2019-08-22 22:28:21,178 [pool-27-thread-1] INFO  ratis.ContainerStateMachine (ContainerStateMachine.java:loadSnapshot(226)) - group-B170555833DC: The snapshot info is null. Setting the last applied indexto:(t:0, i:~)
2019-08-22 22:28:21,178 [pool-27-thread-1] INFO  server.RaftServerConfigKeys (ConfUtils.java:logGet(43)) - raft.server.leader.election.timeout = 120s (custom)
2019-08-22 22:28:21,180 [pool-27-thread-1] INFO  server.RaftServerConfigKeys (ConfUtils.java:logGet(43)) - raft.server.log.use.memory = false (default)
2019-08-22 22:28:21,185 [pool-27-thread-1] INFO  server.RaftServerConfigKeys (ConfUtils.java:logGet(43)) - raft.server.log.purge.gap = 1000000 (custom)
2019-08-22 22:28:21,185 [pool-27-thread-1] INFO  server.RaftServerConfigKeys (ConfUtils.java:logGet(43)) - raft.server.log.appender.buffer.byte-limit = 33554432 (custom)
2019-08-22 22:28:21,187 [pool-27-thread-1] INFO  server.RaftServerConfigKeys (ConfUtils.java:logGet(43)) - raft.server.log.segment.size.max = 1048576 (custom)
2019-08-22 22:28:21,191 [pool-27-thread-1] INFO  server.RaftServerConfigKeys (ConfUtils.java:logGet(43)) - raft.server.log.segment.cache.num.max = 2 (custom)
2019-08-22 22:28:21,197 [pool-27-thread-1] INFO  segmented.SegmentedRaftLogWorker (SegmentedRaftLogWorker.java:<init>(172)) - new 3dd09f11-375a-4f8f-ab0e-0728495e6bfb-SegmentedRaftLogWorker:Storage Directory /workdir/hadoop-ozone/integration-test/target/test-dir/MiniOzoneClusterImpl-3bee3c43-65c7-4432-8e88-09d614aad9b6/datanode-0/data/ratis/e242c7b0-0e0e-4f0b-b58f-b170555833dc for RaftStorage:Storage Directory /workdir/hadoop-ozone/integration-test/target/test-dir/MiniOzoneClusterImpl-3bee3c43-65c7-4432-8e88-09d614aad9b6/datanode-0/data/ratis/e242c7b0-0e0e-4f0b-b58f-b170555833dc
2019-08-22 22:28:21,211 [pool-27-thread-1] INFO  server.RaftServerConfigKeys (ConfUtils.java:logGet(43)) - raft.server.log.queue.byte-limit = 2147483647 (custom)
2019-08-22 22:28:21,211 [pool-27-thread-1] INFO  server.RaftServerConfigKeys (ConfUtils.java:logGet(43)) - raft.server.log.queue.element-limit = 1024 (custom)
2019-08-22 22:28:21,218 [pool-27-thread-1] INFO  server.RaftServerConfigKeys (ConfUtils.java:logGet(43)) - raft.server.log.segment.size.max = 1048576 (custom)
2019-08-22 22:28:21,219 [pool-27-thread-1] INFO  server.RaftServerConfigKeys (ConfUtils.java:logGet(43)) - raft.server.log.preallocated.size = 16384 (custom)
2019-08-22 22:28:21,220 [pool-27-thread-1] INFO  server.RaftServerConfigKeys (ConfUtils.java:logGet(43)) - raft.server.log.write.buffer.size = 33554432 (custom)
2019-08-22 22:28:21,220 [pool-27-thread-1] INFO  server.RaftServerConfigKeys (ConfUtils.java:logGet(43)) - raft.server.log.force.sync.num = 128 (default)
2019-08-22 22:28:21,222 [pool-27-thread-1] INFO  server.RaftServerConfigKeys (ConfUtils.java:logGet(43)) - raft.server.log.statemachine.data.sync = true (default)
2019-08-22 22:28:21,222 [pool-27-thread-1] INFO  server.RaftServerConfigKeys (ConfUtils.java:logGet(43)) - raft.server.log.statemachine.data.sync.timeout = 10s (default)
2019-08-22 22:28:21,223 [pool-27-thread-1] INFO  server.RaftServerConfigKeys (ConfUtils.java:logGet(43)) - raft.server.log.statemachine.data.sync.timeout.retry = -1 (default)
2019-08-22 22:28:21,236 [pool-27-thread-1] INFO  server.RaftServerConfigKeys (ConfUtils.java:logGet(43)) - raft.server.log.statemachine.data.caching.enabled = true (custom)
2019-08-22 22:28:21,242 [pool-27-thread-1] INFO  segmented.SegmentedRaftLogWorker (SegmentedRaftLogWorker.java:lambda$new$0(132)) - 3dd09f11-375a-4f8f-ab0e-0728495e6bfb-SegmentedRaftLogWorker:Storage Directory /workdir/hadoop-ozone/integration-test/target/test-dir/MiniOzoneClusterImpl-3bee3c43-65c7-4432-8e88-09d614aad9b6/datanode-0/data/ratis/e242c7b0-0e0e-4f0b-b58f-b170555833dc: flushIndex: setUnconditionally 0 -> -1
2019-08-22 22:28:21,250 [pool-27-thread-1] INFO  server.RaftServerConfigKeys (ConfUtils.java:logGet(43)) - raft.server.snapshot.auto.trigger.enabled = true (custom)
2019-08-22 22:28:21,251 [pool-27-thread-1] INFO  server.RaftServerConfigKeys (ConfUtils.java:logGet(43)) - raft.server.snapshot.auto.trigger.threshold = 10000 (custom)
2019-08-22 22:28:21,252 [pool-27-thread-1] INFO  server.RaftServerConfigKeys (ConfUtils.java:logGet(43)) - raft.server.retrycache.expirytime = 600000ms (custom)
2019-08-22 22:28:21,288 [pool-27-thread-1] INFO  impl.RaftServerImpl (RaftServerImpl.java:start(180)) - 3dd09f11-375a-4f8f-ab0e-0728495e6bfb: start group-B170555833DC
2019-08-22 22:28:21,289 [pool-27-thread-1] INFO  impl.RaftServerImpl (RaftServerImpl.java:setRole(171)) - 3dd09f11-375a-4f8f-ab0e-0728495e6bfb:group-B170555833DC changes role from null to FOLLOWER at term 0 for startAsFollower
2019-08-22 22:28:21,291 [pool-27-thread-1] INFO  impl.RoleInfo (RoleInfo.java:updateAndGet(143)) - 3dd09f11-375a-4f8f-ab0e-0728495e6bfb: start FollowerState
2019-08-22 22:28:21,294 [pool-27-thread-1] INFO  util.JmxRegister (JmxRegister.java:tryRegister(44)) - Successfully registered JMX Bean with object name Ratis:service=RaftServer,group=group-B170555833DC,id=3dd09f11-375a-4f8f-ab0e-0728495e6bfb
2019-08-22 22:28:21,371 [RatisPipelineUtilsThread] INFO  pipeline.PipelineStateManager (PipelineStateManager.java:addPipeline(56)) - Created pipeline Pipeline[ Id: e242c7b0-0e0e-4f0b-b58f-b170555833dc, Nodes: 3dd09f11-375a-4f8f-ab0e-0728495e6bfb{ip: 192.168.36.125, host: pr-hdds-1975-6rfct-3228563268, networkLocation: /default-rack, certSerialId: null}, Type:RATIS, Factor:ONE, State:OPEN]
2019-08-22 22:28:21,415 [main] INFO  rpc.RpcClient (RpcClient.java:createVolume(293)) - Creating Volume: testcontainerstatemachinefailures, with jenkins1000 as owner.
2019-08-22 22:28:21,440 | INFO  | OMAudit | user=jenkins1000 | ip=127.0.0.1 | op=CREATE_VOLUME {admin=jenkins1000, owner=jenkins1000, volume=testcontainerstatemachinefailures, creationTime=1566512901435, quotaInBytes=1152921504606846976} | ret=SUCCESS |  
2019-08-22 22:28:21,456 | INFO  | OMAudit | user=jenkins1000 | ip=127.0.0.1 | op=READ_VOLUME {volume=testcontainerstatemachinefailures} | ret=SUCCESS |  
2019-08-22 22:28:21,464 [main] INFO  rpc.RpcClient (RpcClient.java:createBucket(432)) - Creating Bucket: testcontainerstatemachinefailures/testcontainerstatemachinefailures, with Versioning false and Storage Type set to DISK and Encryption set to false 
2019-08-22 22:28:21,486 | INFO  | OMAudit | user=jenkins1000 | ip=127.0.0.1 | op=CREATE_BUCKET {volume=testcontainerstatemachinefailures, bucket=testcontainerstatemachinefailures, acls=[user:jenkins1000:a[ACCESS], group:default:a[ACCESS]], isVersionEnabled=false, storageType=DISK, creationTime=0} | ret=SUCCESS |  
2019-08-22 22:28:21,493 | INFO  | OMAudit | user=jenkins1000 | ip=127.0.0.1 | op=READ_VOLUME {volume=testcontainerstatemachinefailures} | ret=SUCCESS |  
2019-08-22 22:28:21,499 | INFO  | OMAudit | user=jenkins1000 | ip=127.0.0.1 | op=READ_BUCKET {volume=testcontainerstatemachinefailures, bucket=testcontainerstatemachinefailures} | ret=SUCCESS |  
2019-08-22 22:28:21,579 | INFO  | SCMAudit | user=jenkins1000 | ip=192.168.36.125 | op=ALLOCATE_BLOCK {owner=9dabc074-f182-481f-a0f9-3147f138db4c, size=4194304, type=RATIS, factor=ONE} | ret=SUCCESS |  
2019-08-22 22:28:21,624 | INFO  | OMAudit | user=jenkins1000 | ip=127.0.0.1 | op=ALLOCATE_KEY {volume=testcontainerstatemachinefailures, bucket=testcontainerstatemachinefailures, key=ratis, dataSize=1024, replicationType=RATIS, replicationFactor=ONE, keyLocationInfo=null} | ret=SUCCESS |  
2019-08-22 22:28:21,667 [main] INFO  impl.MetricsSystemImpl (MetricsSystemImpl.java:init(158)) - XceiverClientMetrics metrics system started (again)
2019-08-22 22:28:21,793 [grpc-default-executor-0] INFO  client.GrpcClientProtocolClient (GrpcClientProtocolClient.java:onNext(255)) - client-956AD998E7B8->3dd09f11-375a-4f8f-ab0e-0728495e6bfb: receive RaftClientReply:client-956AD998E7B8->3dd09f11-375a-4f8f-ab0e-0728495e6bfb@group-B170555833DC, cid=1, FAILED org.apache.ratis.protocol.NotLeaderException: Server 3dd09f11-375a-4f8f-ab0e-0728495e6bfb is not the leader (null). Request must be sent to leader., logIndex=0, commits[3dd09f11-375a-4f8f-ab0e-0728495e6bfb:c-1]
2019-08-22 22:28:22,114 | INFO  | SCMAudit | user=jenkins1000 | ip=192.168.36.125 | op=SEND_HEARTBEAT {datanodeUUID=3dd09f11-375a-4f8f-ab0e-0728495e6bfb, command=[]} | ret=SUCCESS |  
2019-08-22 22:28:22,277 | INFO  | SCMAudit | user=jenkins1000 | ip=192.168.36.125 | op=SEND_HEARTBEAT {datanodeUUID=3dd09f11-375a-4f8f-ab0e-0728495e6bfb, command=[]} | ret=SUCCESS |  
2019-08-22 22:28:22,478 | INFO  | SCMAudit | user=jenkins1000 | ip=192.168.36.125 | op=SEND_HEARTBEAT {datanodeUUID=3dd09f11-375a-4f8f-ab0e-0728495e6bfb, command=[]} | ret=SUCCESS |  
2019-08-22 22:28:22,678 | INFO  | SCMAudit | user=jenkins1000 | ip=192.168.36.125 | op=SEND_HEARTBEAT {datanodeUUID=3dd09f11-375a-4f8f-ab0e-0728495e6bfb, command=[]} | ret=SUCCESS |  
2019-08-22 22:28:22,878 | INFO  | SCMAudit | user=jenkins1000 | ip=192.168.36.125 | op=SEND_HEARTBEAT {datanodeUUID=3dd09f11-375a-4f8f-ab0e-0728495e6bfb, command=[]} | ret=SUCCESS |  
2019-08-22 22:28:23,078 | INFO  | SCMAudit | user=jenkins1000 | ip=192.168.36.125 | op=SEND_HEARTBEAT {datanodeUUID=3dd09f11-375a-4f8f-ab0e-0728495e6bfb, command=[]} | ret=SUCCESS |  
2019-08-22 22:28:23,125 [Thread-146] INFO  container.ReplicationManager (ReplicationManager.java:start(152)) - Starting Replication Monitor Thread.
2019-08-22 22:28:23,132 [ReplicationMonitor] INFO  container.ReplicationManager (ReplicationManager.java:run(215)) - Replication Monitor Thread took 6 milliseconds for processing 1 containers.
2019-08-22 22:28:23,279 | INFO  | SCMAudit | user=jenkins1000 | ip=192.168.36.125 | op=SEND_HEARTBEAT {datanodeUUID=3dd09f11-375a-4f8f-ab0e-0728495e6bfb, command=[]} | ret=SUCCESS |  
2019-08-22 22:28:23,477 | INFO  | SCMAudit | user=jenkins1000 | ip=192.168.36.125 | op=SEND_HEARTBEAT {datanodeUUID=3dd09f11-375a-4f8f-ab0e-0728495e6bfb, command=[]} | ret=SUCCESS |  
2019-08-22 22:28:23,688 | INFO  | SCMAudit | user=jenkins1000 | ip=192.168.36.125 | op=SEND_HEARTBEAT {datanodeUUID=3dd09f11-375a-4f8f-ab0e-0728495e6bfb, command=[]} | ret=SUCCESS |  
2019-08-22 22:28:23,824 [grpc-default-executor-1] INFO  client.GrpcClientProtocolClient (GrpcClientProtocolClient.java:onNext(255)) - client-956AD998E7B8->3dd09f11-375a-4f8f-ab0e-0728495e6bfb: receive RaftClientReply:client-956AD998E7B8->3dd09f11-375a-4f8f-ab0e-0728495e6bfb@group-B170555833DC, cid=1, FAILED org.apache.ratis.protocol.NotLeaderException: Server 3dd09f11-375a-4f8f-ab0e-0728495e6bfb is not the leader (null). Request must be sent to leader., logIndex=0, commits[3dd09f11-375a-4f8f-ab0e-0728495e6bfb:c-1]
2019-08-22 22:28:23,879 | INFO  | SCMAudit | user=jenkins1000 | ip=192.168.36.125 | op=SEND_HEARTBEAT {datanodeUUID=3dd09f11-375a-4f8f-ab0e-0728495e6bfb, command=[]} | ret=SUCCESS |  
2019-08-22 22:28:24,078 | INFO  | SCMAudit | user=jenkins1000 | ip=192.168.36.125 | op=SEND_HEARTBEAT {datanodeUUID=3dd09f11-375a-4f8f-ab0e-0728495e6bfb, command=[]} | ret=SUCCESS |  
2019-08-22 22:28:24,278 | INFO  | SCMAudit | user=jenkins1000 | ip=192.168.36.125 | op=SEND_HEARTBEAT {datanodeUUID=3dd09f11-375a-4f8f-ab0e-0728495e6bfb, command=[]} | ret=SUCCESS |  
2019-08-22 22:28:24,479 | INFO  | SCMAudit | user=jenkins1000 | ip=192.168.36.125 | op=SEND_HEARTBEAT {datanodeUUID=3dd09f11-375a-4f8f-ab0e-0728495e6bfb, command=[]} | ret=SUCCESS |  
2019-08-22 22:28:24,681 | INFO  | SCMAudit | user=jenkins1000 | ip=192.168.36.125 | op=SEND_HEARTBEAT {datanodeUUID=3dd09f11-375a-4f8f-ab0e-0728495e6bfb, command=[]} | ret=SUCCESS |  
2019-08-22 22:28:24,881 | INFO  | SCMAudit | user=jenkins1000 | ip=192.168.36.125 | op=SEND_HEARTBEAT {datanodeUUID=3dd09f11-375a-4f8f-ab0e-0728495e6bfb, command=[]} | ret=SUCCESS |  
2019-08-22 22:28:25,081 | INFO  | SCMAudit | user=jenkins1000 | ip=192.168.36.125 | op=SEND_HEARTBEAT {datanodeUUID=3dd09f11-375a-4f8f-ab0e-0728495e6bfb, command=[]} | ret=SUCCESS |  
2019-08-22 22:28:25,281 | INFO  | SCMAudit | user=jenkins1000 | ip=192.168.36.125 | op=SEND_HEARTBEAT {datanodeUUID=3dd09f11-375a-4f8f-ab0e-0728495e6bfb, command=[]} | ret=SUCCESS |  
2019-08-22 22:28:25,482 | INFO  | SCMAudit | user=jenkins1000 | ip=192.168.36.125 | op=SEND_HEARTBEAT {datanodeUUID=3dd09f11-375a-4f8f-ab0e-0728495e6bfb, command=[]} | ret=SUCCESS |  
2019-08-22 22:28:25,682 | INFO  | SCMAudit | user=jenkins1000 | ip=192.168.36.125 | op=SEND_HEARTBEAT {datanodeUUID=3dd09f11-375a-4f8f-ab0e-0728495e6bfb, command=[]} | ret=SUCCESS |  
2019-08-22 22:28:25,852 [grpc-default-executor-0] INFO  client.GrpcClientProtocolClient (GrpcClientProtocolClient.java:onNext(255)) - client-956AD998E7B8->3dd09f11-375a-4f8f-ab0e-0728495e6bfb: receive RaftClientReply:client-956AD998E7B8->3dd09f11-375a-4f8f-ab0e-0728495e6bfb@group-B170555833DC, cid=1, FAILED org.apache.ratis.protocol.NotLeaderException: Server 3dd09f11-375a-4f8f-ab0e-0728495e6bfb is not the leader (null). Request must be sent to leader., logIndex=0, commits[3dd09f11-375a-4f8f-ab0e-0728495e6bfb:c-1]
2019-08-22 22:28:25,881 | INFO  | SCMAudit | user=jenkins1000 | ip=192.168.36.125 | op=SEND_HEARTBEAT {datanodeUUID=3dd09f11-375a-4f8f-ab0e-0728495e6bfb, command=[]} | ret=SUCCESS |  
2019-08-22 22:28:26,082 | INFO  | SCMAudit | user=jenkins1000 | ip=192.168.36.125 | op=SEND_HEARTBEAT {datanodeUUID=3dd09f11-375a-4f8f-ab0e-0728495e6bfb, command=[]} | ret=SUCCESS |  
2019-08-22 22:28:26,281 | INFO  | SCMAudit | user=jenkins1000 | ip=192.168.36.125 | op=SEND_HEARTBEAT {datanodeUUID=3dd09f11-375a-4f8f-ab0e-0728495e6bfb, command=[]} | ret=SUCCESS |  
2019-08-22 22:28:26,480 [Thread-149] INFO  impl.FollowerState (FollowerState.java:run(106)) - 3dd09f11-375a-4f8f-ab0e-0728495e6bfb:group-B170555833DC changes to CANDIDATE, lastRpcTime:5189, electionTimeout:5187ms
2019-08-22 22:28:26,481 [Thread-149] INFO  impl.RoleInfo (RoleInfo.java:shutdownFollowerState(121)) - 3dd09f11-375a-4f8f-ab0e-0728495e6bfb: shutdown FollowerState
2019-08-22 22:28:26,482 | INFO  | SCMAudit | user=jenkins1000 | ip=192.168.36.125 | op=SEND_HEARTBEAT {datanodeUUID=3dd09f11-375a-4f8f-ab0e-0728495e6bfb, command=[]} | ret=SUCCESS |  
2019-08-22 22:28:26,482 [Thread-149] INFO  impl.RaftServerImpl (RaftServerImpl.java:setRole(171)) - 3dd09f11-375a-4f8f-ab0e-0728495e6bfb:group-B170555833DC changes role from FOLLOWER to CANDIDATE at term 0 for changeToCandidate
2019-08-22 22:28:26,488 [Thread-149] INFO  impl.RoleInfo (RoleInfo.java:updateAndGet(143)) - 3dd09f11-375a-4f8f-ab0e-0728495e6bfb: start LeaderElection
2019-08-22 22:28:26,513 [3dd09f11-375a-4f8f-ab0e-0728495e6bfb:group-B170555833DC:LeaderElection1] INFO  impl.LeaderElection (LeaderElection.java:askForVotes(181)) - 3dd09f11-375a-4f8f-ab0e-0728495e6bfb:group-B170555833DC:LeaderElection1: begin an election at term 1 for -1: [3dd09f11-375a-4f8f-ab0e-0728495e6bfb:192.168.36.125:35321], old=null
2019-08-22 22:28:26,516 [3dd09f11-375a-4f8f-ab0e-0728495e6bfb:group-B170555833DC:LeaderElection1] INFO  impl.RoleInfo (RoleInfo.java:shutdownLeaderElection(134)) - 3dd09f11-375a-4f8f-ab0e-0728495e6bfb: shutdown LeaderElection
2019-08-22 22:28:26,518 [3dd09f11-375a-4f8f-ab0e-0728495e6bfb:group-B170555833DC:LeaderElection1] INFO  impl.RaftServerImpl (RaftServerImpl.java:setRole(171)) - 3dd09f11-375a-4f8f-ab0e-0728495e6bfb:group-B170555833DC changes role from CANDIDATE to LEADER at term 1 for changeToLeader
2019-08-22 22:28:26,518 [3dd09f11-375a-4f8f-ab0e-0728495e6bfb:group-B170555833DC:LeaderElection1] INFO  impl.RaftServerImpl (ServerState.java:setLeader(263)) - 3dd09f11-375a-4f8f-ab0e-0728495e6bfb:group-B170555833DC change Leader from null to 3dd09f11-375a-4f8f-ab0e-0728495e6bfb at term 1 for becomeLeader, leader elected after 5340ms
2019-08-22 22:28:26,528 [3dd09f11-375a-4f8f-ab0e-0728495e6bfb:group-B170555833DC:LeaderElection1] INFO  server.RaftServerConfigKeys (ConfUtils.java:logGet(43)) - raft.server.staging.catchup.gap = 1000 (default)
2019-08-22 22:28:26,528 [3dd09f11-375a-4f8f-ab0e-0728495e6bfb:group-B170555833DC:LeaderElection1] INFO  server.RaftServerConfigKeys (ConfUtils.java:logGet(43)) - raft.server.rpc.sleep.time = 25ms (default)
2019-08-22 22:28:26,533 [3dd09f11-375a-4f8f-ab0e-0728495e6bfb:group-B170555833DC:LeaderElection1] INFO  server.RaftServerConfigKeys (ConfUtils.java:logGet(43)) - raft.server.write.element-limit = 4096 (default)
2019-08-22 22:28:26,537 [3dd09f11-375a-4f8f-ab0e-0728495e6bfb:group-B170555833DC:LeaderElection1] INFO  server.RaftServerConfigKeys (ConfUtils.java:logGet(43)) - raft.server.watch.timeout = 10s (default)
2019-08-22 22:28:26,537 [3dd09f11-375a-4f8f-ab0e-0728495e6bfb:group-B170555833DC:LeaderElection1] INFO  server.RaftServerConfigKeys (ConfUtils.java:logGet(43)) - raft.server.watch.timeout.denomination = 1s (default)
2019-08-22 22:28:26,538 [3dd09f11-375a-4f8f-ab0e-0728495e6bfb:group-B170555833DC:LeaderElection1] INFO  server.RaftServerConfigKeys (ConfUtils.java:logGet(43)) - raft.server.watch.element-limit = 65536 (default)
2019-08-22 22:28:26,552 [3dd09f11-375a-4f8f-ab0e-0728495e6bfb:group-B170555833DC:LeaderElection1] INFO  impl.RoleInfo (RoleInfo.java:updateAndGet(143)) - 3dd09f11-375a-4f8f-ab0e-0728495e6bfb: start LeaderState
2019-08-22 22:28:26,579 [3dd09f11-375a-4f8f-ab0e-0728495e6bfb:group-B170555833DC:LeaderElection1] INFO  segmented.SegmentedRaftLogWorker (SegmentedRaftLogWorker.java:startLogSegment(380)) - 3dd09f11-375a-4f8f-ab0e-0728495e6bfb-SegmentedRaftLogWorker:Storage Directory /workdir/hadoop-ozone/integration-test/target/test-dir/MiniOzoneClusterImpl-3bee3c43-65c7-4432-8e88-09d614aad9b6/datanode-0/data/ratis/e242c7b0-0e0e-4f0b-b58f-b170555833dc: Starting segment from index:0
2019-08-22 22:28:26,593 [3dd09f11-375a-4f8f-ab0e-0728495e6bfb:group-B170555833DC:LeaderElection1] INFO  impl.RaftServerImpl (ServerState.java:setRaftConf(361)) - 3dd09f11-375a-4f8f-ab0e-0728495e6bfb:group-B170555833DC set configuration 0: [3dd09f11-375a-4f8f-ab0e-0728495e6bfb:192.168.36.125:35321], old=null at 0
2019-08-22 22:28:26,681 | INFO  | SCMAudit | user=jenkins1000 | ip=192.168.36.125 | op=SEND_HEARTBEAT {datanodeUUID=3dd09f11-375a-4f8f-ab0e-0728495e6bfb, command=[]} | ret=SUCCESS |  
2019-08-22 22:28:26,766 [3dd09f11-375a-4f8f-ab0e-0728495e6bfb-SegmentedRaftLogWorker:Storage Directory /workdir/hadoop-ozone/integration-test/target/test-dir/MiniOzoneClusterImpl-3bee3c43-65c7-4432-8e88-09d614aad9b6/datanode-0/data/ratis/e242c7b0-0e0e-4f0b-b58f-b170555833dc] INFO  segmented.SegmentedRaftLogWorker (SegmentedRaftLogWorker.java:execute(569)) - 3dd09f11-375a-4f8f-ab0e-0728495e6bfb-SegmentedRaftLogWorker:Storage Directory /workdir/hadoop-ozone/integration-test/target/test-dir/MiniOzoneClusterImpl-3bee3c43-65c7-4432-8e88-09d614aad9b6/datanode-0/data/ratis/e242c7b0-0e0e-4f0b-b58f-b170555833dc: created new log segment /workdir/hadoop-ozone/integration-test/target/test-dir/MiniOzoneClusterImpl-3bee3c43-65c7-4432-8e88-09d614aad9b6/datanode-0/data/ratis/e242c7b0-0e0e-4f0b-b58f-b170555833dc/current/log_inprogress_0
2019-08-22 22:28:26,881 | INFO  | SCMAudit | user=jenkins1000 | ip=192.168.36.125 | op=SEND_HEARTBEAT {datanodeUUID=3dd09f11-375a-4f8f-ab0e-0728495e6bfb, command=[]} | ret=SUCCESS |  
2019-08-22 22:28:27,081 | INFO  | SCMAudit | user=jenkins1000 | ip=192.168.36.125 | op=SEND_HEARTBEAT {datanodeUUID=3dd09f11-375a-4f8f-ab0e-0728495e6bfb, command=[]} | ret=SUCCESS |  
2019-08-22 22:28:27,286 | INFO  | SCMAudit | user=jenkins1000 | ip=192.168.36.125 | op=SEND_HEARTBEAT {datanodeUUID=3dd09f11-375a-4f8f-ab0e-0728495e6bfb, command=[]} | ret=SUCCESS |  
2019-08-22 22:28:27,482 | INFO  | SCMAudit | user=jenkins1000 | ip=192.168.36.125 | op=SEND_HEARTBEAT {datanodeUUID=3dd09f11-375a-4f8f-ab0e-0728495e6bfb, command=[]} | ret=SUCCESS |  
2019-08-22 22:28:27,687 | INFO  | SCMAudit | user=jenkins1000 | ip=192.168.36.125 | op=SEND_HEARTBEAT {datanodeUUID=3dd09f11-375a-4f8f-ab0e-0728495e6bfb, command=[]} | ret=SUCCESS |  
2019-08-22 22:28:27,880 | INFO  | SCMAudit | user=jenkins1000 | ip=192.168.36.125 | op=SEND_HEARTBEAT {datanodeUUID=3dd09f11-375a-4f8f-ab0e-0728495e6bfb, command=[]} | ret=SUCCESS |  
2019-08-22 22:28:28,080 | INFO  | SCMAudit | user=jenkins1000 | ip=192.168.36.125 | op=SEND_HEARTBEAT {datanodeUUID=3dd09f11-375a-4f8f-ab0e-0728495e6bfb, command=[]} | ret=SUCCESS |  
2019-08-22 22:28:28,104 | INFO  | SCMAudit | user=jenkins1000 | ip=192.168.36.125 | op=SEND_HEARTBEAT {datanodeUUID=3dd09f11-375a-4f8f-ab0e-0728495e6bfb, command=[]} | ret=SUCCESS |  
2019-08-22 22:28:28,137 | INFO  | DNAudit | user=null | ip=null | op=WRITE_CHUNK {blockData=conID: 1 locID: 102662989517750273 bcsId: 0} | ret=SUCCESS |  
2019-08-22 22:28:28,157 | INFO  | DNAudit | user=null | ip=null | op=WRITE_CHUNK {blockData=conID: 1 locID: 102662989517750273 bcsId: 0} | ret=SUCCESS |  
2019-08-22 22:28:28,173 [grpc-default-executor-1] INFO  client.GrpcClientProtocolClient (GrpcClientProtocolClient.java:onNext(255)) - client-956AD998E7B8->3dd09f11-375a-4f8f-ab0e-0728495e6bfb: receive RaftClientReply:client-956AD998E7B8->3dd09f11-375a-4f8f-ab0e-0728495e6bfb@group-B170555833DC, cid=1, SUCCESS, logIndex=1, commits[3dd09f11-375a-4f8f-ab0e-0728495e6bfb:c1]
2019-08-22 22:28:28,304 | INFO  | SCMAudit | user=jenkins1000 | ip=192.168.36.125 | op=SEND_HEARTBEAT {datanodeUUID=3dd09f11-375a-4f8f-ab0e-0728495e6bfb, command=[]} | ret=SUCCESS |  
2019-08-22 22:28:28,313 | INFO  | DNAudit | user=null | ip=null | op=PUT_BLOCK {blockData=[blockId=conID: 1 locID: 102662989517750273 bcsId: 0,size=5]} | ret=SUCCESS |  
2019-08-22 22:28:28,319 [grpc-default-executor-1] INFO  client.GrpcClientProtocolClient (GrpcClientProtocolClient.java:onNext(255)) - client-956AD998E7B8->3dd09f11-375a-4f8f-ab0e-0728495e6bfb: receive RaftClientReply:client-956AD998E7B8->3dd09f11-375a-4f8f-ab0e-0728495e6bfb@group-B170555833DC, cid=2, SUCCESS, logIndex=3, commits[3dd09f11-375a-4f8f-ab0e-0728495e6bfb:c4]
2019-08-22 22:28:28,332 [pool-26-thread-2] ERROR impl.ChunkManagerImpl (ChunkUtils.java:getChunkFile(249)) - Chunks path does not exist
2019-08-22 22:28:28,333 [pool-26-thread-2] INFO  keyvalue.KeyValueHandler (ContainerUtils.java:logAndReturnError(146)) - Operation: WriteChunk : Trace ID: 9edf9297991a94d8:9edf9297991a94d8:0:0 : Message: Unable to get Chunks directory. : Result: UNABLE_TO_FIND_DATA_DIR
2019-08-22 22:28:28,335 [pool-26-thread-2] WARN  keyvalue.KeyValueHandler (KeyValueHandler.java:markContainerUnhealthy(909)) - Unexpected error while marking container 1 as unhealthy
org.apache.hadoop.hdds.scm.container.common.helpers.StorageContainerException: Error while creating/ updating .container file. ContainerID: 1
	at org.apache.hadoop.ozone.container.keyvalue.KeyValueContainer.writeToContainerFile(KeyValueContainer.java:231)
	at org.apache.hadoop.ozone.container.keyvalue.KeyValueContainer.updateContainerFile(KeyValueContainer.java:251)
	at org.apache.hadoop.ozone.container.keyvalue.KeyValueContainer.updateContainerData(KeyValueContainer.java:339)
	at org.apache.hadoop.ozone.container.keyvalue.KeyValueContainer.markContainerUnhealthy(KeyValueContainer.java:292)
	at org.apache.hadoop.ozone.container.keyvalue.KeyValueHandler.markContainerUnhealthy(KeyValueHandler.java:904)
	at org.apache.hadoop.ozone.container.common.impl.HddsDispatcher.dispatchRequest(HddsDispatcher.java:303)
	at org.apache.hadoop.ozone.container.common.impl.HddsDispatcher.dispatch(HddsDispatcher.java:148)
	at org.apache.hadoop.ozone.container.common.transport.server.ratis.ContainerStateMachine.dispatchCommand(ContainerStateMachine.java:395)
	at org.apache.hadoop.ozone.container.common.transport.server.ratis.ContainerStateMachine.runCommand(ContainerStateMachine.java:403)
	at org.apache.hadoop.ozone.container.common.transport.server.ratis.ContainerStateMachine.lambda$handleWriteChunk$1(ContainerStateMachine.java:435)
	at java.util.concurrent.CompletableFuture$AsyncSupply.run(CompletableFuture.java:1590)
	at java.util.concurrent.ThreadPoolExecutor.runWorker(ThreadPoolExecutor.java:1149)
	at java.util.concurrent.ThreadPoolExecutor$Worker.run(ThreadPoolExecutor.java:624)
	at java.lang.Thread.run(Thread.java:748)
Caused by: java.io.IOException: No such file or directory
	at java.io.UnixFileSystem.createFileExclusively(Native Method)
	at java.io.File.createTempFile(File.java:2024)
	at org.apache.hadoop.ozone.container.keyvalue.KeyValueContainer.createTempFile(KeyValueContainer.java:707)
	at org.apache.hadoop.ozone.container.keyvalue.KeyValueContainer.writeToContainerFile(KeyValueContainer.java:216)
	... 13 more
2019-08-22 22:28:28,339 | INFO  | SCMAudit | user=jenkins1000 | ip=192.168.36.125 | op=SEND_HEARTBEAT {datanodeUUID=3dd09f11-375a-4f8f-ab0e-0728495e6bfb, command=[]} | ret=SUCCESS |  
2019-08-22 22:28:28,340 [EventQueue-IncrementalContainerReportForIncrementalContainerReportHandler] WARN  container.IncrementalContainerReportHandler (AbstractContainerReportHandler.java:updateContainerState(143)) - Container #1 is in OPEN state, but the datanode 3dd09f11-375a-4f8f-ab0e-0728495e6bfb{ip: 192.168.36.125, host: pr-hdds-1975-6rfct-3228563268, networkLocation: /default-rack, certSerialId: null} reports an UNHEALTHY replica.
2019-08-22 22:28:28,344 | ERROR | DNAudit | user=null | ip=null | op=WRITE_CHUNK {blockData=conID: 1 locID: 102662989517750273 bcsId: 3} | ret=FAILURE | java.lang.Exception: Unable to get Chunks directory.
	at org.apache.hadoop.ozone.container.common.impl.HddsDispatcher.dispatchRequest(HddsDispatcher.java:320)
	at org.apache.hadoop.ozone.container.common.impl.HddsDispatcher.dispatch(HddsDispatcher.java:148) 
2019-08-22 22:28:28,345 [pool-26-thread-2] ERROR ratis.ContainerStateMachine (ContainerStateMachine.java:lambda$handleWriteChunk$2(449)) - group-B170555833DC: writeChunk writeStateMachineData failed: blockIdcontainerID: 1
localID: 102662989517750273
blockCommitSequenceId: 3
 logIndex 5 chunkName 102662989517750273_chunk_2 Error message: Unable to get Chunks directory. Container Result: UNABLE_TO_FIND_DATA_DIR
2019-08-22 22:28:28,360 [3dd09f11-375a-4f8f-ab0e-0728495e6bfb-SegmentedRaftLogWorker:Storage Directory /workdir/hadoop-ozone/integration-test/target/test-dir/MiniOzoneClusterImpl-3bee3c43-65c7-4432-8e88-09d614aad9b6/datanode-0/data/ratis/e242c7b0-0e0e-4f0b-b58f-b170555833dc] ERROR ratis.XceiverServerRatis (XceiverServerRatis.java:triggerPipelineClose(561)) - pipeline Action CLOSE  on pipeline PipelineID=e242c7b0-0e0e-4f0b-b58f-b170555833dc.Reason : Unable to get Chunks directory.
2019-08-22 22:28:28,361 [3dd09f11-375a-4f8f-ab0e-0728495e6bfb-SegmentedRaftLogWorker:Storage Directory /workdir/hadoop-ozone/integration-test/target/test-dir/MiniOzoneClusterImpl-3bee3c43-65c7-4432-8e88-09d614aad9b6/datanode-0/data/ratis/e242c7b0-0e0e-4f0b-b58f-b170555833dc] ERROR ratis.XceiverServerRatis (XceiverServerRatis.java:triggerPipelineClose(561)) - pipeline Action CLOSE  on pipeline PipelineID=e242c7b0-0e0e-4f0b-b58f-b170555833dc.Reason : Log already failed at index 5 for task WriteLog:5: (t:1, i:5), STATEMACHINELOGENTRY, client-956AD998E7B8, cid=3
2019-08-22 22:28:28,364 | INFO  | SCMAudit | user=jenkins1000 | ip=192.168.36.125 | op=SEND_HEARTBEAT {datanodeUUID=3dd09f11-375a-4f8f-ab0e-0728495e6bfb, command=[]} | ret=SUCCESS |  
2019-08-22 22:28:28,365 [EventQueue-PipelineActionsForPipelineActionHandler] ERROR pipeline.PipelineActionHandler (PipelineActionHandler.java:onMessage(60)) - Received pipeline action CLOSE for Pipeline[ Id: e242c7b0-0e0e-4f0b-b58f-b170555833dc, Nodes: 3dd09f11-375a-4f8f-ab0e-0728495e6bfb{ip: 192.168.36.125, host: pr-hdds-1975-6rfct-3228563268, networkLocation: /default-rack, certSerialId: null}, Type:RATIS, Factor:ONE, State:OPEN] from datanode 3dd09f11-375a-4f8f-ab0e-0728495e6bfb{ip: 192.168.36.125, host: pr-hdds-1975-6rfct-3228563268, networkLocation: /default-rack, certSerialId: null}. Reason : Unable to get Chunks directory.
2019-08-22 22:28:28,365 [EventQueue-PipelineActionsForPipelineActionHandler] INFO  pipeline.SCMPipelineManager (SCMPipelineManager.java:finalizeAndDestroyPipeline(309)) - destroying pipeline:Pipeline[ Id: e242c7b0-0e0e-4f0b-b58f-b170555833dc, Nodes: 3dd09f11-375a-4f8f-ab0e-0728495e6bfb{ip: 192.168.36.125, host: pr-hdds-1975-6rfct-3228563268, networkLocation: /default-rack, certSerialId: null}, Type:RATIS, Factor:ONE, State:OPEN]
2019-08-22 22:28:28,366 [EventQueue-CloseContainerForCloseContainerEventHandler] INFO  container.CloseContainerEventHandler (CloseContainerEventHandler.java:onMessage(61)) - Close container Event triggered for container : #1
2019-08-22 22:28:28,367 | INFO  | SCMAudit | user=jenkins1000 | ip=192.168.36.125 | op=SEND_HEARTBEAT {datanodeUUID=3dd09f11-375a-4f8f-ab0e-0728495e6bfb, command=[]} | ret=SUCCESS |  
2019-08-22 22:28:28,367 [EventQueue-PipelineActionsForPipelineActionHandler] INFO  pipeline.PipelineStateManager (PipelineStateManager.java:finalizePipeline(123)) - Pipeline Pipeline[ Id: e242c7b0-0e0e-4f0b-b58f-b170555833dc, Nodes: 3dd09f11-375a-4f8f-ab0e-0728495e6bfb{ip: 192.168.36.125, host: pr-hdds-1975-6rfct-3228563268, networkLocation: /default-rack, certSerialId: null}, Type:RATIS, Factor:ONE, State:CLOSED] moved to CLOSED state
2019-08-22 22:28:28,372 [EventQueue-CloseContainerForCloseContainerEventHandler] INFO  container.CloseContainerEventHandler (CloseContainerEventHandler.java:onMessage(61)) - Close container Event triggered for container : #1
2019-08-22 22:28:28,598 | INFO  | SCMAudit | user=jenkins1000 | ip=192.168.36.125 | op=SEND_HEARTBEAT {datanodeUUID=3dd09f11-375a-4f8f-ab0e-0728495e6bfb, command=[commandType: closeContainerCommand closeContainerCommandProto { containerID: 1 pipelineID { id: "e242c7b0-0e0e-4f0b-b58f-b170555833dc" } cmdId: 1 force: false } , commandType: closeContainerCommand closeContainerCommandProto { containerID: 1 pipelineID { id: "e242c7b0-0e0e-4f0b-b58f-b170555833dc" } cmdId: 1 force: false } ]} | ret=SUCCESS |  
2019-08-22 22:28:28,763 | INFO  | SCMAudit | user=jenkins1000 | ip=192.168.36.125 | op=SEND_HEARTBEAT {datanodeUUID=3dd09f11-375a-4f8f-ab0e-0728495e6bfb, command=[]} | ret=SUCCESS |  
2019-08-22 22:28:28,963 | INFO  | SCMAudit | user=jenkins1000 | ip=192.168.36.125 | op=SEND_HEARTBEAT {datanodeUUID=3dd09f11-375a-4f8f-ab0e-0728495e6bfb, command=[]} | ret=SUCCESS |  
2019-08-22 22:28:29,165 | INFO  | SCMAudit | user=jenkins1000 | ip=192.168.36.125 | op=SEND_HEARTBEAT {datanodeUUID=3dd09f11-375a-4f8f-ab0e-0728495e6bfb, command=[]} | ret=SUCCESS |  
2019-08-22 22:28:29,307 [3dd09f11-375a-4f8f-ab0e-0728495e6bfb-SegmentedRaftLogWorker:Storage Directory /workdir/hadoop-ozone/integration-test/target/test-dir/MiniOzoneClusterImpl-3bee3c43-65c7-4432-8e88-09d614aad9b6/datanode-0/data/ratis/e242c7b0-0e0e-4f0b-b58f-b170555833dc] ERROR ratis.XceiverServerRatis (XceiverServerRatis.java:triggerPipelineClose(561)) - pipeline Action CLOSE  on pipeline PipelineID=e242c7b0-0e0e-4f0b-b58f-b170555833dc.Reason : Log already failed at index 5 for task WriteLog:5: (t:1, i:5), STATEMACHINELOGENTRY, client-956AD998E7B8, cid=3
2019-08-22 22:28:29,309 | INFO  | SCMAudit | user=jenkins1000 | ip=192.168.36.125 | op=SEND_HEARTBEAT {datanodeUUID=3dd09f11-375a-4f8f-ab0e-0728495e6bfb, command=[]} | ret=SUCCESS |  
2019-08-22 22:28:29,309 [EventQueue-PipelineActionsForPipelineActionHandler] ERROR pipeline.PipelineActionHandler (PipelineActionHandler.java:onMessage(60)) - Received pipeline action CLOSE for Pipeline[ Id: e242c7b0-0e0e-4f0b-b58f-b170555833dc, Nodes: 3dd09f11-375a-4f8f-ab0e-0728495e6bfb{ip: 192.168.36.125, host: pr-hdds-1975-6rfct-3228563268, networkLocation: /default-rack, certSerialId: null}, Type:RATIS, Factor:ONE, State:CLOSED] from datanode 3dd09f11-375a-4f8f-ab0e-0728495e6bfb{ip: 192.168.36.125, host: pr-hdds-1975-6rfct-3228563268, networkLocation: /default-rack, certSerialId: null}. Reason : Log already failed at index 5 for task WriteLog:5: (t:1, i:5), STATEMACHINELOGENTRY, client-956AD998E7B8, cid=3
2019-08-22 22:28:29,310 [EventQueue-PipelineActionsForPipelineActionHandler] INFO  pipeline.SCMPipelineManager (SCMPipelineManager.java:finalizeAndDestroyPipeline(309)) - destroying pipeline:Pipeline[ Id: e242c7b0-0e0e-4f0b-b58f-b170555833dc, Nodes: 3dd09f11-375a-4f8f-ab0e-0728495e6bfb{ip: 192.168.36.125, host: pr-hdds-1975-6rfct-3228563268, networkLocation: /default-rack, certSerialId: null}, Type:RATIS, Factor:ONE, State:CLOSED]
2019-08-22 22:28:29,510 | INFO  | SCMAudit | user=jenkins1000 | ip=192.168.36.125 | op=SEND_HEARTBEAT {datanodeUUID=3dd09f11-375a-4f8f-ab0e-0728495e6bfb, command=[]} | ret=SUCCESS |  
2019-08-22 22:28:29,710 | INFO  | SCMAudit | user=jenkins1000 | ip=192.168.36.125 | op=SEND_HEARTBEAT {datanodeUUID=3dd09f11-375a-4f8f-ab0e-0728495e6bfb, command=[]} | ret=SUCCESS |  
2019-08-22 22:28:29,910 | INFO  | SCMAudit | user=jenkins1000 | ip=192.168.36.125 | op=SEND_HEARTBEAT {datanodeUUID=3dd09f11-375a-4f8f-ab0e-0728495e6bfb, command=[]} | ret=SUCCESS |  
2019-08-22 22:28:30,109 | INFO  | SCMAudit | user=jenkins1000 | ip=192.168.36.125 | op=SEND_HEARTBEAT {datanodeUUID=3dd09f11-375a-4f8f-ab0e-0728495e6bfb, command=[]} | ret=SUCCESS |  
2019-08-22 22:28:30,309 | INFO  | SCMAudit | user=jenkins1000 | ip=192.168.36.125 | op=SEND_HEARTBEAT {datanodeUUID=3dd09f11-375a-4f8f-ab0e-0728495e6bfb, command=[]} | ret=SUCCESS |  
2019-08-22 22:28:30,510 | INFO  | SCMAudit | user=jenkins1000 | ip=192.168.36.125 | op=SEND_HEARTBEAT {datanodeUUID=3dd09f11-375a-4f8f-ab0e-0728495e6bfb, command=[]} | ret=SUCCESS |  
2019-08-22 22:28:30,710 | INFO  | SCMAudit | user=jenkins1000 | ip=192.168.36.125 | op=SEND_HEARTBEAT {datanodeUUID=3dd09f11-375a-4f8f-ab0e-0728495e6bfb, command=[]} | ret=SUCCESS |  
2019-08-22 22:28:30,911 | INFO  | SCMAudit | user=jenkins1000 | ip=192.168.36.125 | op=SEND_HEARTBEAT {datanodeUUID=3dd09f11-375a-4f8f-ab0e-0728495e6bfb, command=[]} | ret=SUCCESS |  
2019-08-22 22:28:31,111 | INFO  | SCMAudit | user=jenkins1000 | ip=192.168.36.125 | op=SEND_HEARTBEAT {datanodeUUID=3dd09f11-375a-4f8f-ab0e-0728495e6bfb, command=[]} | ret=SUCCESS |  
2019-08-22 22:28:31,311 | INFO  | SCMAudit | user=jenkins1000 | ip=192.168.36.125 | op=SEND_HEARTBEAT {datanodeUUID=3dd09f11-375a-4f8f-ab0e-0728495e6bfb, command=[]} | ret=SUCCESS |  
2019-08-22 22:28:31,510 | INFO  | SCMAudit | user=jenkins1000 | ip=192.168.36.125 | op=SEND_HEARTBEAT {datanodeUUID=3dd09f11-375a-4f8f-ab0e-0728495e6bfb, command=[]} | ret=SUCCESS |  
2019-08-22 22:28:31,710 | INFO  | SCMAudit | user=jenkins1000 | ip=192.168.36.125 | op=SEND_HEARTBEAT {datanodeUUID=3dd09f11-375a-4f8f-ab0e-0728495e6bfb, command=[]} | ret=SUCCESS |  
2019-08-22 22:28:31,911 | INFO  | SCMAudit | user=jenkins1000 | ip=192.168.36.125 | op=SEND_HEARTBEAT {datanodeUUID=3dd09f11-375a-4f8f-ab0e-0728495e6bfb, command=[]} | ret=SUCCESS |  
2019-08-22 22:28:32,112 | INFO  | SCMAudit | user=jenkins1000 | ip=192.168.36.125 | op=SEND_HEARTBEAT {datanodeUUID=3dd09f11-375a-4f8f-ab0e-0728495e6bfb, command=[]} | ret=SUCCESS |  
2019-08-22 22:28:32,311 | INFO  | SCMAudit | user=jenkins1000 | ip=192.168.36.125 | op=SEND_HEARTBEAT {datanodeUUID=3dd09f11-375a-4f8f-ab0e-0728495e6bfb, command=[]} | ret=SUCCESS |  
2019-08-22 22:28:32,515 | INFO  | SCMAudit | user=jenkins1000 | ip=192.168.36.125 | op=SEND_HEARTBEAT {datanodeUUID=3dd09f11-375a-4f8f-ab0e-0728495e6bfb, command=[]} | ret=SUCCESS |  
2019-08-22 22:28:32,713 | INFO  | SCMAudit | user=jenkins1000 | ip=192.168.36.125 | op=SEND_HEARTBEAT {datanodeUUID=3dd09f11-375a-4f8f-ab0e-0728495e6bfb, command=[]} | ret=SUCCESS |  
2019-08-22 22:28:32,913 | INFO  | SCMAudit | user=jenkins1000 | ip=192.168.36.125 | op=SEND_HEARTBEAT {datanodeUUID=3dd09f11-375a-4f8f-ab0e-0728495e6bfb, command=[]} | ret=SUCCESS |  
2019-08-22 22:28:33,113 | INFO  | SCMAudit | user=jenkins1000 | ip=192.168.36.125 | op=SEND_HEARTBEAT {datanodeUUID=3dd09f11-375a-4f8f-ab0e-0728495e6bfb, command=[]} | ret=SUCCESS |  
2019-08-22 22:28:33,313 | INFO  | SCMAudit | user=jenkins1000 | ip=192.168.36.125 | op=SEND_HEARTBEAT {datanodeUUID=3dd09f11-375a-4f8f-ab0e-0728495e6bfb, command=[]} | ret=SUCCESS |  
2019-08-22 22:28:33,513 | INFO  | SCMAudit | user=jenkins1000 | ip=192.168.36.125 | op=SEND_HEARTBEAT {datanodeUUID=3dd09f11-375a-4f8f-ab0e-0728495e6bfb, command=[]} | ret=SUCCESS |  
2019-08-22 22:28:33,713 | INFO  | SCMAudit | user=jenkins1000 | ip=192.168.36.125 | op=SEND_HEARTBEAT {datanodeUUID=3dd09f11-375a-4f8f-ab0e-0728495e6bfb, command=[]} | ret=SUCCESS |  
2019-08-22 22:28:33,913 | INFO  | SCMAudit | user=jenkins1000 | ip=192.168.36.125 | op=SEND_HEARTBEAT {datanodeUUID=3dd09f11-375a-4f8f-ab0e-0728495e6bfb, command=[]} | ret=SUCCESS |  
2019-08-22 22:28:34,112 | INFO  | SCMAudit | user=jenkins1000 | ip=192.168.36.125 | op=SEND_HEARTBEAT {datanodeUUID=3dd09f11-375a-4f8f-ab0e-0728495e6bfb, command=[]} | ret=SUCCESS |  
2019-08-22 22:28:34,312 | INFO  | SCMAudit | user=jenkins1000 | ip=192.168.36.125 | op=SEND_HEARTBEAT {datanodeUUID=3dd09f11-375a-4f8f-ab0e-0728495e6bfb, command=[]} | ret=SUCCESS |  
2019-08-22 22:28:34,513 | INFO  | SCMAudit | user=jenkins1000 | ip=192.168.36.125 | op=SEND_HEARTBEAT {datanodeUUID=3dd09f11-375a-4f8f-ab0e-0728495e6bfb, command=[]} | ret=SUCCESS |  
2019-08-22 22:28:34,714 | INFO  | SCMAudit | user=jenkins1000 | ip=192.168.36.125 | op=SEND_HEARTBEAT {datanodeUUID=3dd09f11-375a-4f8f-ab0e-0728495e6bfb, command=[]} | ret=SUCCESS |  
2019-08-22 22:28:34,914 | INFO  | SCMAudit | user=jenkins1000 | ip=192.168.36.125 | op=SEND_HEARTBEAT {datanodeUUID=3dd09f11-375a-4f8f-ab0e-0728495e6bfb, command=[]} | ret=SUCCESS |  
2019-08-22 22:28:35,114 | INFO  | SCMAudit | user=jenkins1000 | ip=192.168.36.125 | op=SEND_HEARTBEAT {datanodeUUID=3dd09f11-375a-4f8f-ab0e-0728495e6bfb, command=[]} | ret=SUCCESS |  
2019-08-22 22:28:35,314 | INFO  | SCMAudit | user=jenkins1000 | ip=192.168.36.125 | op=SEND_HEARTBEAT {datanodeUUID=3dd09f11-375a-4f8f-ab0e-0728495e6bfb, command=[]} | ret=SUCCESS |  
2019-08-22 22:28:35,514 | INFO  | SCMAudit | user=jenkins1000 | ip=192.168.36.125 | op=SEND_HEARTBEAT {datanodeUUID=3dd09f11-375a-4f8f-ab0e-0728495e6bfb, command=[]} | ret=SUCCESS |  
2019-08-22 22:28:35,714 | INFO  | SCMAudit | user=jenkins1000 | ip=192.168.36.125 | op=SEND_HEARTBEAT {datanodeUUID=3dd09f11-375a-4f8f-ab0e-0728495e6bfb, command=[]} | ret=SUCCESS |  
2019-08-22 22:28:35,913 | INFO  | SCMAudit | user=jenkins1000 | ip=192.168.36.125 | op=SEND_HEARTBEAT {datanodeUUID=3dd09f11-375a-4f8f-ab0e-0728495e6bfb, command=[]} | ret=SUCCESS |  
2019-08-22 22:28:36,113 | INFO  | SCMAudit | user=jenkins1000 | ip=192.168.36.125 | op=SEND_HEARTBEAT {datanodeUUID=3dd09f11-375a-4f8f-ab0e-0728495e6bfb, command=[]} | ret=SUCCESS |  
2019-08-22 22:28:36,313 | INFO  | SCMAudit | user=jenkins1000 | ip=192.168.36.125 | op=SEND_HEARTBEAT {datanodeUUID=3dd09f11-375a-4f8f-ab0e-0728495e6bfb, command=[]} | ret=SUCCESS |  
2019-08-22 22:28:36,514 | INFO  | SCMAudit | user=jenkins1000 | ip=192.168.36.125 | op=SEND_HEARTBEAT {datanodeUUID=3dd09f11-375a-4f8f-ab0e-0728495e6bfb, command=[]} | ret=SUCCESS |  
2019-08-22 22:28:36,714 | INFO  | SCMAudit | user=jenkins1000 | ip=192.168.36.125 | op=SEND_HEARTBEAT {datanodeUUID=3dd09f11-375a-4f8f-ab0e-0728495e6bfb, command=[]} | ret=SUCCESS |  
2019-08-22 22:28:36,913 | INFO  | SCMAudit | user=jenkins1000 | ip=192.168.36.125 | op=SEND_HEARTBEAT {datanodeUUID=3dd09f11-375a-4f8f-ab0e-0728495e6bfb, command=[]} | ret=SUCCESS |  
2019-08-22 22:28:37,114 | INFO  | SCMAudit | user=jenkins1000 | ip=192.168.36.125 | op=SEND_HEARTBEAT {datanodeUUID=3dd09f11-375a-4f8f-ab0e-0728495e6bfb, command=[]} | ret=SUCCESS |  
2019-08-22 22:28:37,315 | INFO  | SCMAudit | user=jenkins1000 | ip=192.168.36.125 | op=SEND_HEARTBEAT {datanodeUUID=3dd09f11-375a-4f8f-ab0e-0728495e6bfb, command=[]} | ret=SUCCESS |  
2019-08-22 22:28:37,516 | INFO  | SCMAudit | user=jenkins1000 | ip=192.168.36.125 | op=SEND_HEARTBEAT {datanodeUUID=3dd09f11-375a-4f8f-ab0e-0728495e6bfb, command=[]} | ret=SUCCESS |  
2019-08-22 22:28:37,715 | INFO  | SCMAudit | user=jenkins1000 | ip=192.168.36.125 | op=SEND_HEARTBEAT {datanodeUUID=3dd09f11-375a-4f8f-ab0e-0728495e6bfb, command=[]} | ret=SUCCESS |  
2019-08-22 22:28:37,916 | INFO  | SCMAudit | user=jenkins1000 | ip=192.168.36.125 | op=SEND_HEARTBEAT {datanodeUUID=3dd09f11-375a-4f8f-ab0e-0728495e6bfb, command=[]} | ret=SUCCESS |  
2019-08-22 22:28:38,115 | INFO  | SCMAudit | user=jenkins1000 | ip=192.168.36.125 | op=SEND_HEARTBEAT {datanodeUUID=3dd09f11-375a-4f8f-ab0e-0728495e6bfb, command=[]} | ret=SUCCESS |  
2019-08-22 22:28:38,316 | INFO  | SCMAudit | user=jenkins1000 | ip=192.168.36.125 | op=SEND_HEARTBEAT {datanodeUUID=3dd09f11-375a-4f8f-ab0e-0728495e6bfb, command=[]} | ret=SUCCESS |  
2019-08-22 22:28:38,516 | INFO  | SCMAudit | user=jenkins1000 | ip=192.168.36.125 | op=SEND_HEARTBEAT {datanodeUUID=3dd09f11-375a-4f8f-ab0e-0728495e6bfb, command=[]} | ret=SUCCESS |  
2019-08-22 22:28:38,715 | INFO  | SCMAudit | user=jenkins1000 | ip=192.168.36.125 | op=SEND_HEARTBEAT {datanodeUUID=3dd09f11-375a-4f8f-ab0e-0728495e6bfb, command=[]} | ret=SUCCESS |  
2019-08-22 22:28:38,916 | INFO  | SCMAudit | user=jenkins1000 | ip=192.168.36.125 | op=SEND_HEARTBEAT {datanodeUUID=3dd09f11-375a-4f8f-ab0e-0728495e6bfb, command=[]} | ret=SUCCESS |  
2019-08-22 22:28:39,115 | INFO  | SCMAudit | user=jenkins1000 | ip=192.168.36.125 | op=SEND_HEARTBEAT {datanodeUUID=3dd09f11-375a-4f8f-ab0e-0728495e6bfb, command=[]} | ret=SUCCESS |  
2019-08-22 22:28:39,316 | INFO  | SCMAudit | user=jenkins1000 | ip=192.168.36.125 | op=SEND_HEARTBEAT {datanodeUUID=3dd09f11-375a-4f8f-ab0e-0728495e6bfb, command=[]} | ret=SUCCESS |  
2019-08-22 22:28:39,515 | INFO  | SCMAudit | user=jenkins1000 | ip=192.168.36.125 | op=SEND_HEARTBEAT {datanodeUUID=3dd09f11-375a-4f8f-ab0e-0728495e6bfb, command=[]} | ret=SUCCESS |  
2019-08-22 22:28:39,715 | INFO  | SCMAudit | user=jenkins1000 | ip=192.168.36.125 | op=SEND_HEARTBEAT {datanodeUUID=3dd09f11-375a-4f8f-ab0e-0728495e6bfb, command=[]} | ret=SUCCESS |  
2019-08-22 22:28:39,916 | INFO  | SCMAudit | user=jenkins1000 | ip=192.168.36.125 | op=SEND_HEARTBEAT {datanodeUUID=3dd09f11-375a-4f8f-ab0e-0728495e6bfb, command=[]} | ret=SUCCESS |  
2019-08-22 22:28:40,116 | INFO  | SCMAudit | user=jenkins1000 | ip=192.168.36.125 | op=SEND_HEARTBEAT {datanodeUUID=3dd09f11-375a-4f8f-ab0e-0728495e6bfb, command=[]} | ret=SUCCESS |  
2019-08-22 22:28:40,316 | INFO  | SCMAudit | user=jenkins1000 | ip=192.168.36.125 | op=SEND_HEARTBEAT {datanodeUUID=3dd09f11-375a-4f8f-ab0e-0728495e6bfb, command=[]} | ret=SUCCESS |  
2019-08-22 22:28:40,517 | INFO  | SCMAudit | user=jenkins1000 | ip=192.168.36.125 | op=SEND_HEARTBEAT {datanodeUUID=3dd09f11-375a-4f8f-ab0e-0728495e6bfb, command=[]} | ret=SUCCESS |  
2019-08-22 22:28:40,716 | INFO  | SCMAudit | user=jenkins1000 | ip=192.168.36.125 | op=SEND_HEARTBEAT {datanodeUUID=3dd09f11-375a-4f8f-ab0e-0728495e6bfb, command=[]} | ret=SUCCESS |  
2019-08-22 22:28:40,916 | INFO  | SCMAudit | user=jenkins1000 | ip=192.168.36.125 | op=SEND_HEARTBEAT {datanodeUUID=3dd09f11-375a-4f8f-ab0e-0728495e6bfb, command=[]} | ret=SUCCESS |  
2019-08-22 22:28:41,116 | INFO  | SCMAudit | user=jenkins1000 | ip=192.168.36.125 | op=SEND_HEARTBEAT {datanodeUUID=3dd09f11-375a-4f8f-ab0e-0728495e6bfb, command=[]} | ret=SUCCESS |  
2019-08-22 22:28:41,317 | INFO  | SCMAudit | user=jenkins1000 | ip=192.168.36.125 | op=SEND_HEARTBEAT {datanodeUUID=3dd09f11-375a-4f8f-ab0e-0728495e6bfb, command=[]} | ret=SUCCESS |  
2019-08-22 22:28:41,518 | INFO  | SCMAudit | user=jenkins1000 | ip=192.168.36.125 | op=SEND_HEARTBEAT {datanodeUUID=3dd09f11-375a-4f8f-ab0e-0728495e6bfb, command=[]} | ret=SUCCESS |  
2019-08-22 22:28:41,718 | INFO  | SCMAudit | user=jenkins1000 | ip=192.168.36.125 | op=SEND_HEARTBEAT {datanodeUUID=3dd09f11-375a-4f8f-ab0e-0728495e6bfb, command=[]} | ret=SUCCESS |  
2019-08-22 22:28:41,917 | INFO  | SCMAudit | user=jenkins1000 | ip=192.168.36.125 | op=SEND_HEARTBEAT {datanodeUUID=3dd09f11-375a-4f8f-ab0e-0728495e6bfb, command=[]} | ret=SUCCESS |  
2019-08-22 22:28:42,117 | INFO  | SCMAudit | user=jenkins1000 | ip=192.168.36.125 | op=SEND_HEARTBEAT {datanodeUUID=3dd09f11-375a-4f8f-ab0e-0728495e6bfb, command=[]} | ret=SUCCESS |  
2019-08-22 22:28:42,318 | INFO  | SCMAudit | user=jenkins1000 | ip=192.168.36.125 | op=SEND_HEARTBEAT {datanodeUUID=3dd09f11-375a-4f8f-ab0e-0728495e6bfb, command=[]} | ret=SUCCESS |  
2019-08-22 22:28:42,517 | INFO  | SCMAudit | user=jenkins1000 | ip=192.168.36.125 | op=SEND_HEARTBEAT {datanodeUUID=3dd09f11-375a-4f8f-ab0e-0728495e6bfb, command=[]} | ret=SUCCESS |  
2019-08-22 22:28:42,717 | INFO  | SCMAudit | user=jenkins1000 | ip=192.168.36.125 | op=SEND_HEARTBEAT {datanodeUUID=3dd09f11-375a-4f8f-ab0e-0728495e6bfb, command=[]} | ret=SUCCESS |  
2019-08-22 22:28:42,917 | INFO  | SCMAudit | user=jenkins1000 | ip=192.168.36.125 | op=SEND_HEARTBEAT {datanodeUUID=3dd09f11-375a-4f8f-ab0e-0728495e6bfb, command=[]} | ret=SUCCESS |  
2019-08-22 22:28:43,118 | INFO  | SCMAudit | user=jenkins1000 | ip=192.168.36.125 | op=SEND_HEARTBEAT {datanodeUUID=3dd09f11-375a-4f8f-ab0e-0728495e6bfb, command=[]} | ret=SUCCESS |  
2019-08-22 22:28:43,317 | INFO  | SCMAudit | user=jenkins1000 | ip=192.168.36.125 | op=SEND_HEARTBEAT {datanodeUUID=3dd09f11-375a-4f8f-ab0e-0728495e6bfb, command=[]} | ret=SUCCESS |  
2019-08-22 22:28:43,518 | INFO  | SCMAudit | user=jenkins1000 | ip=192.168.36.125 | op=SEND_HEARTBEAT {datanodeUUID=3dd09f11-375a-4f8f-ab0e-0728495e6bfb, command=[]} | ret=SUCCESS |  
2019-08-22 22:28:43,717 | INFO  | SCMAudit | user=jenkins1000 | ip=192.168.36.125 | op=SEND_HEARTBEAT {datanodeUUID=3dd09f11-375a-4f8f-ab0e-0728495e6bfb, command=[]} | ret=SUCCESS |  
2019-08-22 22:28:43,918 | INFO  | SCMAudit | user=jenkins1000 | ip=192.168.36.125 | op=SEND_HEARTBEAT {datanodeUUID=3dd09f11-375a-4f8f-ab0e-0728495e6bfb, command=[]} | ret=SUCCESS |  
2019-08-22 22:28:44,117 | INFO  | SCMAudit | user=jenkins1000 | ip=192.168.36.125 | op=SEND_HEARTBEAT {datanodeUUID=3dd09f11-375a-4f8f-ab0e-0728495e6bfb, command=[]} | ret=SUCCESS |  
2019-08-22 22:28:44,317 | INFO  | SCMAudit | user=jenkins1000 | ip=192.168.36.125 | op=SEND_HEARTBEAT {datanodeUUID=3dd09f11-375a-4f8f-ab0e-0728495e6bfb, command=[]} | ret=SUCCESS |  
2019-08-22 22:28:44,518 | INFO  | SCMAudit | user=jenkins1000 | ip=192.168.36.125 | op=SEND_HEARTBEAT {datanodeUUID=3dd09f11-375a-4f8f-ab0e-0728495e6bfb, command=[]} | ret=SUCCESS |  
2019-08-22 22:28:44,718 | INFO  | SCMAudit | user=jenkins1000 | ip=192.168.36.125 | op=SEND_HEARTBEAT {datanodeUUID=3dd09f11-375a-4f8f-ab0e-0728495e6bfb, command=[]} | ret=SUCCESS |  
2019-08-22 22:28:44,918 | INFO  | SCMAudit | user=jenkins1000 | ip=192.168.36.125 | op=SEND_HEARTBEAT {datanodeUUID=3dd09f11-375a-4f8f-ab0e-0728495e6bfb, command=[]} | ret=SUCCESS |  
2019-08-22 22:28:45,118 | INFO  | SCMAudit | user=jenkins1000 | ip=192.168.36.125 | op=SEND_HEARTBEAT {datanodeUUID=3dd09f11-375a-4f8f-ab0e-0728495e6bfb, command=[]} | ret=SUCCESS |  
2019-08-22 22:28:45,317 | INFO  | SCMAudit | user=jenkins1000 | ip=192.168.36.125 | op=SEND_HEARTBEAT {datanodeUUID=3dd09f11-375a-4f8f-ab0e-0728495e6bfb, command=[]} | ret=SUCCESS |  
2019-08-22 22:28:45,517 | INFO  | SCMAudit | user=jenkins1000 | ip=192.168.36.125 | op=SEND_HEARTBEAT {datanodeUUID=3dd09f11-375a-4f8f-ab0e-0728495e6bfb, command=[]} | ret=SUCCESS |  
2019-08-22 22:28:45,718 | INFO  | SCMAudit | user=jenkins1000 | ip=192.168.36.125 | op=SEND_HEARTBEAT {datanodeUUID=3dd09f11-375a-4f8f-ab0e-0728495e6bfb, command=[]} | ret=SUCCESS |  
2019-08-22 22:28:45,918 | INFO  | SCMAudit | user=jenkins1000 | ip=192.168.36.125 | op=SEND_HEARTBEAT {datanodeUUID=3dd09f11-375a-4f8f-ab0e-0728495e6bfb, command=[]} | ret=SUCCESS |  
2019-08-22 22:28:46,118 | INFO  | SCMAudit | user=jenkins1000 | ip=192.168.36.125 | op=SEND_HEARTBEAT {datanodeUUID=3dd09f11-375a-4f8f-ab0e-0728495e6bfb, command=[]} | ret=SUCCESS |  
2019-08-22 22:28:46,319 | INFO  | SCMAudit | user=jenkins1000 | ip=192.168.36.125 | op=SEND_HEARTBEAT {datanodeUUID=3dd09f11-375a-4f8f-ab0e-0728495e6bfb, command=[]} | ret=SUCCESS |  
2019-08-22 22:28:46,518 | INFO  | SCMAudit | user=jenkins1000 | ip=192.168.36.125 | op=SEND_HEARTBEAT {datanodeUUID=3dd09f11-375a-4f8f-ab0e-0728495e6bfb, command=[]} | ret=SUCCESS |  
2019-08-22 22:28:46,719 | INFO  | SCMAudit | user=jenkins1000 | ip=192.168.36.125 | op=SEND_HEARTBEAT {datanodeUUID=3dd09f11-375a-4f8f-ab0e-0728495e6bfb, command=[]} | ret=SUCCESS |  
2019-08-22 22:28:46,918 | INFO  | SCMAudit | user=jenkins1000 | ip=192.168.36.125 | op=SEND_HEARTBEAT {datanodeUUID=3dd09f11-375a-4f8f-ab0e-0728495e6bfb, command=[]} | ret=SUCCESS |  
2019-08-22 22:28:47,118 | INFO  | SCMAudit | user=jenkins1000 | ip=192.168.36.125 | op=SEND_HEARTBEAT {datanodeUUID=3dd09f11-375a-4f8f-ab0e-0728495e6bfb, command=[]} | ret=SUCCESS |  
2019-08-22 22:28:47,318 | INFO  | SCMAudit | user=jenkins1000 | ip=192.168.36.125 | op=SEND_HEARTBEAT {datanodeUUID=3dd09f11-375a-4f8f-ab0e-0728495e6bfb, command=[]} | ret=SUCCESS |  
2019-08-22 22:28:47,518 | INFO  | SCMAudit | user=jenkins1000 | ip=192.168.36.125 | op=SEND_HEARTBEAT {datanodeUUID=3dd09f11-375a-4f8f-ab0e-0728495e6bfb, command=[]} | ret=SUCCESS |  
2019-08-22 22:28:47,718 | INFO  | SCMAudit | user=jenkins1000 | ip=192.168.36.125 | op=SEND_HEARTBEAT {datanodeUUID=3dd09f11-375a-4f8f-ab0e-0728495e6bfb, command=[]} | ret=SUCCESS |  
2019-08-22 22:28:47,918 | INFO  | SCMAudit | user=jenkins1000 | ip=192.168.36.125 | op=SEND_HEARTBEAT {datanodeUUID=3dd09f11-375a-4f8f-ab0e-0728495e6bfb, command=[]} | ret=SUCCESS |  
2019-08-22 22:28:48,118 | INFO  | SCMAudit | user=jenkins1000 | ip=192.168.36.125 | op=SEND_HEARTBEAT {datanodeUUID=3dd09f11-375a-4f8f-ab0e-0728495e6bfb, command=[]} | ret=SUCCESS |  
2019-08-22 22:28:48,319 | INFO  | SCMAudit | user=jenkins1000 | ip=192.168.36.125 | op=SEND_HEARTBEAT {datanodeUUID=3dd09f11-375a-4f8f-ab0e-0728495e6bfb, command=[]} | ret=SUCCESS |  
2019-08-22 22:28:48,518 | INFO  | SCMAudit | user=jenkins1000 | ip=192.168.36.125 | op=SEND_HEARTBEAT {datanodeUUID=3dd09f11-375a-4f8f-ab0e-0728495e6bfb, command=[]} | ret=SUCCESS |  
2019-08-22 22:28:48,718 | INFO  | SCMAudit | user=jenkins1000 | ip=192.168.36.125 | op=SEND_HEARTBEAT {datanodeUUID=3dd09f11-375a-4f8f-ab0e-0728495e6bfb, command=[]} | ret=SUCCESS |  
2019-08-22 22:28:48,919 | INFO  | SCMAudit | user=jenkins1000 | ip=192.168.36.125 | op=SEND_HEARTBEAT {datanodeUUID=3dd09f11-375a-4f8f-ab0e-0728495e6bfb, command=[]} | ret=SUCCESS |  
2019-08-22 22:28:49,118 | INFO  | SCMAudit | user=jenkins1000 | ip=192.168.36.125 | op=SEND_HEARTBEAT {datanodeUUID=3dd09f11-375a-4f8f-ab0e-0728495e6bfb, command=[]} | ret=SUCCESS |  
2019-08-22 22:28:49,318 | INFO  | SCMAudit | user=jenkins1000 | ip=192.168.36.125 | op=SEND_HEARTBEAT {datanodeUUID=3dd09f11-375a-4f8f-ab0e-0728495e6bfb, command=[]} | ret=SUCCESS |  
2019-08-22 22:28:49,519 | INFO  | SCMAudit | user=jenkins1000 | ip=192.168.36.125 | op=SEND_HEARTBEAT {datanodeUUID=3dd09f11-375a-4f8f-ab0e-0728495e6bfb, command=[]} | ret=SUCCESS |  
2019-08-22 22:28:49,718 | INFO  | SCMAudit | user=jenkins1000 | ip=192.168.36.125 | op=SEND_HEARTBEAT {datanodeUUID=3dd09f11-375a-4f8f-ab0e-0728495e6bfb, command=[]} | ret=SUCCESS |  
2019-08-22 22:28:49,918 | INFO  | SCMAudit | user=jenkins1000 | ip=192.168.36.125 | op=SEND_HEARTBEAT {datanodeUUID=3dd09f11-375a-4f8f-ab0e-0728495e6bfb, command=[]} | ret=SUCCESS |  
2019-08-22 22:28:50,118 | INFO  | SCMAudit | user=jenkins1000 | ip=192.168.36.125 | op=SEND_HEARTBEAT {datanodeUUID=3dd09f11-375a-4f8f-ab0e-0728495e6bfb, command=[]} | ret=SUCCESS |  
2019-08-22 22:28:50,319 | INFO  | SCMAudit | user=jenkins1000 | ip=192.168.36.125 | op=SEND_HEARTBEAT {datanodeUUID=3dd09f11-375a-4f8f-ab0e-0728495e6bfb, command=[]} | ret=SUCCESS |  
2019-08-22 22:28:50,518 | INFO  | SCMAudit | user=jenkins1000 | ip=192.168.36.125 | op=SEND_HEARTBEAT {datanodeUUID=3dd09f11-375a-4f8f-ab0e-0728495e6bfb, command=[]} | ret=SUCCESS |  
2019-08-22 22:28:50,718 | INFO  | SCMAudit | user=jenkins1000 | ip=192.168.36.125 | op=SEND_HEARTBEAT {datanodeUUID=3dd09f11-375a-4f8f-ab0e-0728495e6bfb, command=[]} | ret=SUCCESS |  
2019-08-22 22:28:50,918 | INFO  | SCMAudit | user=jenkins1000 | ip=192.168.36.125 | op=SEND_HEARTBEAT {datanodeUUID=3dd09f11-375a-4f8f-ab0e-0728495e6bfb, command=[]} | ret=SUCCESS |  
2019-08-22 22:28:51,119 | INFO  | SCMAudit | user=jenkins1000 | ip=192.168.36.125 | op=SEND_HEARTBEAT {datanodeUUID=3dd09f11-375a-4f8f-ab0e-0728495e6bfb, command=[]} | ret=SUCCESS |  
2019-08-22 22:28:51,318 | INFO  | SCMAudit | user=jenkins1000 | ip=192.168.36.125 | op=SEND_HEARTBEAT {datanodeUUID=3dd09f11-375a-4f8f-ab0e-0728495e6bfb, command=[]} | ret=SUCCESS |  
2019-08-22 22:28:51,518 | INFO  | SCMAudit | user=jenkins1000 | ip=192.168.36.125 | op=SEND_HEARTBEAT {datanodeUUID=3dd09f11-375a-4f8f-ab0e-0728495e6bfb, command=[]} | ret=SUCCESS |  
2019-08-22 22:28:51,718 | INFO  | SCMAudit | user=jenkins1000 | ip=192.168.36.125 | op=SEND_HEARTBEAT {datanodeUUID=3dd09f11-375a-4f8f-ab0e-0728495e6bfb, command=[]} | ret=SUCCESS |  
2019-08-22 22:28:51,920 | INFO  | SCMAudit | user=jenkins1000 | ip=192.168.36.125 | op=SEND_HEARTBEAT {datanodeUUID=3dd09f11-375a-4f8f-ab0e-0728495e6bfb, command=[]} | ret=SUCCESS |  
2019-08-22 22:28:52,121 | INFO  | SCMAudit | user=jenkins1000 | ip=192.168.36.125 | op=SEND_HEARTBEAT {datanodeUUID=3dd09f11-375a-4f8f-ab0e-0728495e6bfb, command=[]} | ret=SUCCESS |  
2019-08-22 22:28:52,321 | INFO  | SCMAudit | user=jenkins1000 | ip=192.168.36.125 | op=SEND_HEARTBEAT {datanodeUUID=3dd09f11-375a-4f8f-ab0e-0728495e6bfb, command=[]} | ret=SUCCESS |  
2019-08-22 22:28:52,521 | INFO  | SCMAudit | user=jenkins1000 | ip=192.168.36.125 | op=SEND_HEARTBEAT {datanodeUUID=3dd09f11-375a-4f8f-ab0e-0728495e6bfb, command=[]} | ret=SUCCESS |  
2019-08-22 22:28:52,721 | INFO  | SCMAudit | user=jenkins1000 | ip=192.168.36.125 | op=SEND_HEARTBEAT {datanodeUUID=3dd09f11-375a-4f8f-ab0e-0728495e6bfb, command=[]} | ret=SUCCESS |  
2019-08-22 22:28:52,921 | INFO  | SCMAudit | user=jenkins1000 | ip=192.168.36.125 | op=SEND_HEARTBEAT {datanodeUUID=3dd09f11-375a-4f8f-ab0e-0728495e6bfb, command=[]} | ret=SUCCESS |  
2019-08-22 22:28:53,121 | INFO  | SCMAudit | user=jenkins1000 | ip=192.168.36.125 | op=SEND_HEARTBEAT {datanodeUUID=3dd09f11-375a-4f8f-ab0e-0728495e6bfb, command=[]} | ret=SUCCESS |  
2019-08-22 22:28:53,321 | INFO  | SCMAudit | user=jenkins1000 | ip=192.168.36.125 | op=SEND_HEARTBEAT {datanodeUUID=3dd09f11-375a-4f8f-ab0e-0728495e6bfb, command=[]} | ret=SUCCESS |  
2019-08-22 22:28:53,522 | INFO  | SCMAudit | user=jenkins1000 | ip=192.168.36.125 | op=SEND_HEARTBEAT {datanodeUUID=3dd09f11-375a-4f8f-ab0e-0728495e6bfb, command=[]} | ret=SUCCESS |  
2019-08-22 22:28:53,720 | INFO  | SCMAudit | user=jenkins1000 | ip=192.168.36.125 | op=SEND_HEARTBEAT {datanodeUUID=3dd09f11-375a-4f8f-ab0e-0728495e6bfb, command=[]} | ret=SUCCESS |  
2019-08-22 22:28:53,921 | INFO  | SCMAudit | user=jenkins1000 | ip=192.168.36.125 | op=SEND_HEARTBEAT {datanodeUUID=3dd09f11-375a-4f8f-ab0e-0728495e6bfb, command=[]} | ret=SUCCESS |  
2019-08-22 22:28:54,122 | INFO  | SCMAudit | user=jenkins1000 | ip=192.168.36.125 | op=SEND_HEARTBEAT {datanodeUUID=3dd09f11-375a-4f8f-ab0e-0728495e6bfb, command=[]} | ret=SUCCESS |  
2019-08-22 22:28:54,321 | INFO  | SCMAudit | user=jenkins1000 | ip=192.168.36.125 | op=SEND_HEARTBEAT {datanodeUUID=3dd09f11-375a-4f8f-ab0e-0728495e6bfb, command=[]} | ret=SUCCESS |  
2019-08-22 22:28:54,521 | INFO  | SCMAudit | user=jenkins1000 | ip=192.168.36.125 | op=SEND_HEARTBEAT {datanodeUUID=3dd09f11-375a-4f8f-ab0e-0728495e6bfb, command=[]} | ret=SUCCESS |  
2019-08-22 22:28:54,722 | INFO  | SCMAudit | user=jenkins1000 | ip=192.168.36.125 | op=SEND_HEARTBEAT {datanodeUUID=3dd09f11-375a-4f8f-ab0e-0728495e6bfb, command=[]} | ret=SUCCESS |  
2019-08-22 22:28:54,922 | INFO  | SCMAudit | user=jenkins1000 | ip=192.168.36.125 | op=SEND_HEARTBEAT {datanodeUUID=3dd09f11-375a-4f8f-ab0e-0728495e6bfb, command=[]} | ret=SUCCESS |  
2019-08-22 22:28:55,123 | INFO  | SCMAudit | user=jenkins1000 | ip=192.168.36.125 | op=SEND_HEARTBEAT {datanodeUUID=3dd09f11-375a-4f8f-ab0e-0728495e6bfb, command=[]} | ret=SUCCESS |  
2019-08-22 22:28:55,322 | INFO  | SCMAudit | user=jenkins1000 | ip=192.168.36.125 | op=SEND_HEARTBEAT {datanodeUUID=3dd09f11-375a-4f8f-ab0e-0728495e6bfb, command=[]} | ret=SUCCESS |  
2019-08-22 22:28:55,522 | INFO  | SCMAudit | user=jenkins1000 | ip=192.168.36.125 | op=SEND_HEARTBEAT {datanodeUUID=3dd09f11-375a-4f8f-ab0e-0728495e6bfb, command=[]} | ret=SUCCESS |  
2019-08-22 22:28:55,722 | INFO  | SCMAudit | user=jenkins1000 | ip=192.168.36.125 | op=SEND_HEARTBEAT {datanodeUUID=3dd09f11-375a-4f8f-ab0e-0728495e6bfb, command=[]} | ret=SUCCESS |  
2019-08-22 22:28:55,922 | INFO  | SCMAudit | user=jenkins1000 | ip=192.168.36.125 | op=SEND_HEARTBEAT {datanodeUUID=3dd09f11-375a-4f8f-ab0e-0728495e6bfb, command=[]} | ret=SUCCESS |  
2019-08-22 22:28:56,123 | INFO  | SCMAudit | user=jenkins1000 | ip=192.168.36.125 | op=SEND_HEARTBEAT {datanodeUUID=3dd09f11-375a-4f8f-ab0e-0728495e6bfb, command=[]} | ret=SUCCESS |  
2019-08-22 22:28:56,322 | INFO  | SCMAudit | user=jenkins1000 | ip=192.168.36.125 | op=SEND_HEARTBEAT {datanodeUUID=3dd09f11-375a-4f8f-ab0e-0728495e6bfb, command=[]} | ret=SUCCESS |  
2019-08-22 22:28:56,523 | INFO  | SCMAudit | user=jenkins1000 | ip=192.168.36.125 | op=SEND_HEARTBEAT {datanodeUUID=3dd09f11-375a-4f8f-ab0e-0728495e6bfb, command=[]} | ret=SUCCESS |  
2019-08-22 22:28:56,722 | INFO  | SCMAudit | user=jenkins1000 | ip=192.168.36.125 | op=SEND_HEARTBEAT {datanodeUUID=3dd09f11-375a-4f8f-ab0e-0728495e6bfb, command=[]} | ret=SUCCESS |  
2019-08-22 22:28:56,922 | INFO  | SCMAudit | user=jenkins1000 | ip=192.168.36.125 | op=SEND_HEARTBEAT {datanodeUUID=3dd09f11-375a-4f8f-ab0e-0728495e6bfb, command=[]} | ret=SUCCESS |  
2019-08-22 22:28:57,124 | INFO  | SCMAudit | user=jenkins1000 | ip=192.168.36.125 | op=SEND_HEARTBEAT {datanodeUUID=3dd09f11-375a-4f8f-ab0e-0728495e6bfb, command=[]} | ret=SUCCESS |  
2019-08-22 22:28:57,323 | INFO  | SCMAudit | user=jenkins1000 | ip=192.168.36.125 | op=SEND_HEARTBEAT {datanodeUUID=3dd09f11-375a-4f8f-ab0e-0728495e6bfb, command=[]} | ret=SUCCESS |  
2019-08-22 22:28:57,524 | INFO  | SCMAudit | user=jenkins1000 | ip=192.168.36.125 | op=SEND_HEARTBEAT {datanodeUUID=3dd09f11-375a-4f8f-ab0e-0728495e6bfb, command=[]} | ret=SUCCESS |  
2019-08-22 22:28:57,723 | INFO  | SCMAudit | user=jenkins1000 | ip=192.168.36.125 | op=SEND_HEARTBEAT {datanodeUUID=3dd09f11-375a-4f8f-ab0e-0728495e6bfb, command=[]} | ret=SUCCESS |  
2019-08-22 22:28:57,923 | INFO  | SCMAudit | user=jenkins1000 | ip=192.168.36.125 | op=SEND_HEARTBEAT {datanodeUUID=3dd09f11-375a-4f8f-ab0e-0728495e6bfb, command=[]} | ret=SUCCESS |  
2019-08-22 22:28:58,123 | INFO  | SCMAudit | user=jenkins1000 | ip=192.168.36.125 | op=SEND_HEARTBEAT {datanodeUUID=3dd09f11-375a-4f8f-ab0e-0728495e6bfb, command=[]} | ret=SUCCESS |  
2019-08-22 22:28:58,324 | INFO  | SCMAudit | user=jenkins1000 | ip=192.168.36.125 | op=SEND_HEARTBEAT {datanodeUUID=3dd09f11-375a-4f8f-ab0e-0728495e6bfb, command=[]} | ret=SUCCESS |  
2019-08-22 22:28:58,523 | INFO  | SCMAudit | user=jenkins1000 | ip=192.168.36.125 | op=SEND_HEARTBEAT {datanodeUUID=3dd09f11-375a-4f8f-ab0e-0728495e6bfb, command=[]} | ret=SUCCESS |  
2019-08-22 22:28:58,723 | INFO  | SCMAudit | user=jenkins1000 | ip=192.168.36.125 | op=SEND_HEARTBEAT {datanodeUUID=3dd09f11-375a-4f8f-ab0e-0728495e6bfb, command=[]} | ret=SUCCESS |  
2019-08-22 22:28:58,924 | INFO  | SCMAudit | user=jenkins1000 | ip=192.168.36.125 | op=SEND_HEARTBEAT {datanodeUUID=3dd09f11-375a-4f8f-ab0e-0728495e6bfb, command=[]} | ret=SUCCESS |  
2019-08-22 22:28:59,124 | INFO  | SCMAudit | user=jenkins1000 | ip=192.168.36.125 | op=SEND_HEARTBEAT {datanodeUUID=3dd09f11-375a-4f8f-ab0e-0728495e6bfb, command=[]} | ret=SUCCESS |  
2019-08-22 22:28:59,325 | INFO  | SCMAudit | user=jenkins1000 | ip=192.168.36.125 | op=SEND_HEARTBEAT {datanodeUUID=3dd09f11-375a-4f8f-ab0e-0728495e6bfb, command=[]} | ret=SUCCESS |  
2019-08-22 22:28:59,525 | INFO  | SCMAudit | user=jenkins1000 | ip=192.168.36.125 | op=SEND_HEARTBEAT {datanodeUUID=3dd09f11-375a-4f8f-ab0e-0728495e6bfb, command=[]} | ret=SUCCESS |  
2019-08-22 22:28:59,726 | INFO  | SCMAudit | user=jenkins1000 | ip=192.168.36.125 | op=SEND_HEARTBEAT {datanodeUUID=3dd09f11-375a-4f8f-ab0e-0728495e6bfb, command=[]} | ret=SUCCESS |  
2019-08-22 22:28:59,926 | INFO  | SCMAudit | user=jenkins1000 | ip=192.168.36.125 | op=SEND_HEARTBEAT {datanodeUUID=3dd09f11-375a-4f8f-ab0e-0728495e6bfb, command=[]} | ret=SUCCESS |  
2019-08-22 22:29:00,125 | INFO  | SCMAudit | user=jenkins1000 | ip=192.168.36.125 | op=SEND_HEARTBEAT {datanodeUUID=3dd09f11-375a-4f8f-ab0e-0728495e6bfb, command=[]} | ret=SUCCESS |  
2019-08-22 22:29:00,325 | INFO  | SCMAudit | user=jenkins1000 | ip=192.168.36.125 | op=SEND_HEARTBEAT {datanodeUUID=3dd09f11-375a-4f8f-ab0e-0728495e6bfb, command=[]} | ret=SUCCESS |  
2019-08-22 22:29:00,525 | INFO  | SCMAudit | user=jenkins1000 | ip=192.168.36.125 | op=SEND_HEARTBEAT {datanodeUUID=3dd09f11-375a-4f8f-ab0e-0728495e6bfb, command=[]} | ret=SUCCESS |  
2019-08-22 22:29:00,725 | INFO  | SCMAudit | user=jenkins1000 | ip=192.168.36.125 | op=SEND_HEARTBEAT {datanodeUUID=3dd09f11-375a-4f8f-ab0e-0728495e6bfb, command=[]} | ret=SUCCESS |  
2019-08-22 22:29:00,925 | INFO  | SCMAudit | user=jenkins1000 | ip=192.168.36.125 | op=SEND_HEARTBEAT {datanodeUUID=3dd09f11-375a-4f8f-ab0e-0728495e6bfb, command=[]} | ret=SUCCESS |  
2019-08-22 22:29:01,125 | INFO  | SCMAudit | user=jenkins1000 | ip=192.168.36.125 | op=SEND_HEARTBEAT {datanodeUUID=3dd09f11-375a-4f8f-ab0e-0728495e6bfb, command=[]} | ret=SUCCESS |  
2019-08-22 22:29:01,326 | INFO  | SCMAudit | user=jenkins1000 | ip=192.168.36.125 | op=SEND_HEARTBEAT {datanodeUUID=3dd09f11-375a-4f8f-ab0e-0728495e6bfb, command=[]} | ret=SUCCESS |  
2019-08-22 22:29:01,525 | INFO  | SCMAudit | user=jenkins1000 | ip=192.168.36.125 | op=SEND_HEARTBEAT {datanodeUUID=3dd09f11-375a-4f8f-ab0e-0728495e6bfb, command=[]} | ret=SUCCESS |  
2019-08-22 22:29:01,725 | INFO  | SCMAudit | user=jenkins1000 | ip=192.168.36.125 | op=SEND_HEARTBEAT {datanodeUUID=3dd09f11-375a-4f8f-ab0e-0728495e6bfb, command=[]} | ret=SUCCESS |  
2019-08-22 22:29:01,925 | INFO  | SCMAudit | user=jenkins1000 | ip=192.168.36.125 | op=SEND_HEARTBEAT {datanodeUUID=3dd09f11-375a-4f8f-ab0e-0728495e6bfb, command=[]} | ret=SUCCESS |  
2019-08-22 22:29:02,125 | INFO  | SCMAudit | user=jenkins1000 | ip=192.168.36.125 | op=SEND_HEARTBEAT {datanodeUUID=3dd09f11-375a-4f8f-ab0e-0728495e6bfb, command=[]} | ret=SUCCESS |  
2019-08-22 22:29:02,325 | INFO  | SCMAudit | user=jenkins1000 | ip=192.168.36.125 | op=SEND_HEARTBEAT {datanodeUUID=3dd09f11-375a-4f8f-ab0e-0728495e6bfb, command=[]} | ret=SUCCESS |  
2019-08-22 22:29:02,525 | INFO  | SCMAudit | user=jenkins1000 | ip=192.168.36.125 | op=SEND_HEARTBEAT {datanodeUUID=3dd09f11-375a-4f8f-ab0e-0728495e6bfb, command=[]} | ret=SUCCESS |  
2019-08-22 22:29:02,726 | INFO  | SCMAudit | user=jenkins1000 | ip=192.168.36.125 | op=SEND_HEARTBEAT {datanodeUUID=3dd09f11-375a-4f8f-ab0e-0728495e6bfb, command=[]} | ret=SUCCESS |  
2019-08-22 22:29:02,927 | INFO  | SCMAudit | user=jenkins1000 | ip=192.168.36.125 | op=SEND_HEARTBEAT {datanodeUUID=3dd09f11-375a-4f8f-ab0e-0728495e6bfb, command=[]} | ret=SUCCESS |  
2019-08-22 22:29:03,126 | INFO  | SCMAudit | user=jenkins1000 | ip=192.168.36.125 | op=SEND_HEARTBEAT {datanodeUUID=3dd09f11-375a-4f8f-ab0e-0728495e6bfb, command=[]} | ret=SUCCESS |  
2019-08-22 22:29:03,327 | INFO  | SCMAudit | user=jenkins1000 | ip=192.168.36.125 | op=SEND_HEARTBEAT {datanodeUUID=3dd09f11-375a-4f8f-ab0e-0728495e6bfb, command=[]} | ret=SUCCESS |  
2019-08-22 22:29:03,527 | INFO  | SCMAudit | user=jenkins1000 | ip=192.168.36.125 | op=SEND_HEARTBEAT {datanodeUUID=3dd09f11-375a-4f8f-ab0e-0728495e6bfb, command=[]} | ret=SUCCESS |  
2019-08-22 22:29:03,727 | INFO  | SCMAudit | user=jenkins1000 | ip=192.168.36.125 | op=SEND_HEARTBEAT {datanodeUUID=3dd09f11-375a-4f8f-ab0e-0728495e6bfb, command=[]} | ret=SUCCESS |  
2019-08-22 22:29:03,927 | INFO  | SCMAudit | user=jenkins1000 | ip=192.168.36.125 | op=SEND_HEARTBEAT {datanodeUUID=3dd09f11-375a-4f8f-ab0e-0728495e6bfb, command=[]} | ret=SUCCESS |  
2019-08-22 22:29:04,128 | INFO  | SCMAudit | user=jenkins1000 | ip=192.168.36.125 | op=SEND_HEARTBEAT {datanodeUUID=3dd09f11-375a-4f8f-ab0e-0728495e6bfb, command=[]} | ret=SUCCESS |  
2019-08-22 22:29:04,329 | INFO  | SCMAudit | user=jenkins1000 | ip=192.168.36.125 | op=SEND_HEARTBEAT {datanodeUUID=3dd09f11-375a-4f8f-ab0e-0728495e6bfb, command=[]} | ret=SUCCESS |  
2019-08-22 22:29:04,528 | INFO  | SCMAudit | user=jenkins1000 | ip=192.168.36.125 | op=SEND_HEARTBEAT {datanodeUUID=3dd09f11-375a-4f8f-ab0e-0728495e6bfb, command=[]} | ret=SUCCESS |  
2019-08-22 22:29:04,729 | INFO  | SCMAudit | user=jenkins1000 | ip=192.168.36.125 | op=SEND_HEARTBEAT {datanodeUUID=3dd09f11-375a-4f8f-ab0e-0728495e6bfb, command=[]} | ret=SUCCESS |  
2019-08-22 22:29:04,929 | INFO  | SCMAudit | user=jenkins1000 | ip=192.168.36.125 | op=SEND_HEARTBEAT {datanodeUUID=3dd09f11-375a-4f8f-ab0e-0728495e6bfb, command=[]} | ret=SUCCESS |  
2019-08-22 22:29:05,130 | INFO  | SCMAudit | user=jenkins1000 | ip=192.168.36.125 | op=SEND_HEARTBEAT {datanodeUUID=3dd09f11-375a-4f8f-ab0e-0728495e6bfb, command=[]} | ret=SUCCESS |  
2019-08-22 22:29:05,330 | INFO  | SCMAudit | user=jenkins1000 | ip=192.168.36.125 | op=SEND_HEARTBEAT {datanodeUUID=3dd09f11-375a-4f8f-ab0e-0728495e6bfb, command=[]} | ret=SUCCESS |  
2019-08-22 22:29:05,529 | INFO  | SCMAudit | user=jenkins1000 | ip=192.168.36.125 | op=SEND_HEARTBEAT {datanodeUUID=3dd09f11-375a-4f8f-ab0e-0728495e6bfb, command=[]} | ret=SUCCESS |  
2019-08-22 22:29:05,729 | INFO  | SCMAudit | user=jenkins1000 | ip=192.168.36.125 | op=SEND_HEARTBEAT {datanodeUUID=3dd09f11-375a-4f8f-ab0e-0728495e6bfb, command=[]} | ret=SUCCESS |  
2019-08-22 22:29:05,930 | INFO  | SCMAudit | user=jenkins1000 | ip=192.168.36.125 | op=SEND_HEARTBEAT {datanodeUUID=3dd09f11-375a-4f8f-ab0e-0728495e6bfb, command=[]} | ret=SUCCESS |  
2019-08-22 22:29:06,130 | INFO  | SCMAudit | user=jenkins1000 | ip=192.168.36.125 | op=SEND_HEARTBEAT {datanodeUUID=3dd09f11-375a-4f8f-ab0e-0728495e6bfb, command=[]} | ret=SUCCESS |  
2019-08-22 22:29:06,329 | INFO  | SCMAudit | user=jenkins1000 | ip=192.168.36.125 | op=SEND_HEARTBEAT {datanodeUUID=3dd09f11-375a-4f8f-ab0e-0728495e6bfb, command=[]} | ret=SUCCESS |  
2019-08-22 22:29:06,529 | INFO  | SCMAudit | user=jenkins1000 | ip=192.168.36.125 | op=SEND_HEARTBEAT {datanodeUUID=3dd09f11-375a-4f8f-ab0e-0728495e6bfb, command=[]} | ret=SUCCESS |  
2019-08-22 22:29:06,729 | INFO  | SCMAudit | user=jenkins1000 | ip=192.168.36.125 | op=SEND_HEARTBEAT {datanodeUUID=3dd09f11-375a-4f8f-ab0e-0728495e6bfb, command=[]} | ret=SUCCESS |  
2019-08-22 22:29:06,930 | INFO  | SCMAudit | user=jenkins1000 | ip=192.168.36.125 | op=SEND_HEARTBEAT {datanodeUUID=3dd09f11-375a-4f8f-ab0e-0728495e6bfb, command=[]} | ret=SUCCESS |  
2019-08-22 22:29:07,129 | INFO  | SCMAudit | user=jenkins1000 | ip=192.168.36.125 | op=SEND_HEARTBEAT {datanodeUUID=3dd09f11-375a-4f8f-ab0e-0728495e6bfb, command=[]} | ret=SUCCESS |  
2019-08-22 22:29:07,330 | INFO  | SCMAudit | user=jenkins1000 | ip=192.168.36.125 | op=SEND_HEARTBEAT {datanodeUUID=3dd09f11-375a-4f8f-ab0e-0728495e6bfb, command=[]} | ret=SUCCESS |  
2019-08-22 22:29:07,529 | INFO  | SCMAudit | user=jenkins1000 | ip=192.168.36.125 | op=SEND_HEARTBEAT {datanodeUUID=3dd09f11-375a-4f8f-ab0e-0728495e6bfb, command=[]} | ret=SUCCESS |  
2019-08-22 22:29:07,729 | INFO  | SCMAudit | user=jenkins1000 | ip=192.168.36.125 | op=SEND_HEARTBEAT {datanodeUUID=3dd09f11-375a-4f8f-ab0e-0728495e6bfb, command=[]} | ret=SUCCESS |  
2019-08-22 22:29:07,929 | INFO  | SCMAudit | user=jenkins1000 | ip=192.168.36.125 | op=SEND_HEARTBEAT {datanodeUUID=3dd09f11-375a-4f8f-ab0e-0728495e6bfb, command=[]} | ret=SUCCESS |  
2019-08-22 22:29:08,129 | INFO  | SCMAudit | user=jenkins1000 | ip=192.168.36.125 | op=SEND_HEARTBEAT {datanodeUUID=3dd09f11-375a-4f8f-ab0e-0728495e6bfb, command=[]} | ret=SUCCESS |  
2019-08-22 22:29:08,330 | INFO  | SCMAudit | user=jenkins1000 | ip=192.168.36.125 | op=SEND_HEARTBEAT {datanodeUUID=3dd09f11-375a-4f8f-ab0e-0728495e6bfb, command=[]} | ret=SUCCESS |  
2019-08-22 22:29:08,529 | INFO  | SCMAudit | user=jenkins1000 | ip=192.168.36.125 | op=SEND_HEARTBEAT {datanodeUUID=3dd09f11-375a-4f8f-ab0e-0728495e6bfb, command=[]} | ret=SUCCESS |  
2019-08-22 22:29:08,730 | INFO  | SCMAudit | user=jenkins1000 | ip=192.168.36.125 | op=SEND_HEARTBEAT {datanodeUUID=3dd09f11-375a-4f8f-ab0e-0728495e6bfb, command=[]} | ret=SUCCESS |  
2019-08-22 22:29:08,929 | INFO  | SCMAudit | user=jenkins1000 | ip=192.168.36.125 | op=SEND_HEARTBEAT {datanodeUUID=3dd09f11-375a-4f8f-ab0e-0728495e6bfb, command=[]} | ret=SUCCESS |  
2019-08-22 22:29:09,130 | INFO  | SCMAudit | user=jenkins1000 | ip=192.168.36.125 | op=SEND_HEARTBEAT {datanodeUUID=3dd09f11-375a-4f8f-ab0e-0728495e6bfb, command=[]} | ret=SUCCESS |  
2019-08-22 22:29:09,331 | INFO  | SCMAudit | user=jenkins1000 | ip=192.168.36.125 | op=SEND_HEARTBEAT {datanodeUUID=3dd09f11-375a-4f8f-ab0e-0728495e6bfb, command=[]} | ret=SUCCESS |  
2019-08-22 22:29:09,530 | INFO  | SCMAudit | user=jenkins1000 | ip=192.168.36.125 | op=SEND_HEARTBEAT {datanodeUUID=3dd09f11-375a-4f8f-ab0e-0728495e6bfb, command=[]} | ret=SUCCESS |  
2019-08-22 22:29:09,730 | INFO  | SCMAudit | user=jenkins1000 | ip=192.168.36.125 | op=SEND_HEARTBEAT {datanodeUUID=3dd09f11-375a-4f8f-ab0e-0728495e6bfb, command=[]} | ret=SUCCESS |  
2019-08-22 22:29:09,930 | INFO  | SCMAudit | user=jenkins1000 | ip=192.168.36.125 | op=SEND_HEARTBEAT {datanodeUUID=3dd09f11-375a-4f8f-ab0e-0728495e6bfb, command=[]} | ret=SUCCESS |  
2019-08-22 22:29:10,131 | INFO  | SCMAudit | user=jenkins1000 | ip=192.168.36.125 | op=SEND_HEARTBEAT {datanodeUUID=3dd09f11-375a-4f8f-ab0e-0728495e6bfb, command=[]} | ret=SUCCESS |  
2019-08-22 22:29:10,330 | INFO  | SCMAudit | user=jenkins1000 | ip=192.168.36.125 | op=SEND_HEARTBEAT {datanodeUUID=3dd09f11-375a-4f8f-ab0e-0728495e6bfb, command=[]} | ret=SUCCESS |  
2019-08-22 22:29:10,530 | INFO  | SCMAudit | user=jenkins1000 | ip=192.168.36.125 | op=SEND_HEARTBEAT {datanodeUUID=3dd09f11-375a-4f8f-ab0e-0728495e6bfb, command=[]} | ret=SUCCESS |  
2019-08-22 22:29:10,732 | INFO  | SCMAudit | user=jenkins1000 | ip=192.168.36.125 | op=SEND_HEARTBEAT {datanodeUUID=3dd09f11-375a-4f8f-ab0e-0728495e6bfb, command=[]} | ret=SUCCESS |  
2019-08-22 22:29:10,931 | INFO  | SCMAudit | user=jenkins1000 | ip=192.168.36.125 | op=SEND_HEARTBEAT {datanodeUUID=3dd09f11-375a-4f8f-ab0e-0728495e6bfb, command=[]} | ret=SUCCESS |  
2019-08-22 22:29:11,132 | INFO  | SCMAudit | user=jenkins1000 | ip=192.168.36.125 | op=SEND_HEARTBEAT {datanodeUUID=3dd09f11-375a-4f8f-ab0e-0728495e6bfb, command=[]} | ret=SUCCESS |  
2019-08-22 22:29:11,331 | INFO  | SCMAudit | user=jenkins1000 | ip=192.168.36.125 | op=SEND_HEARTBEAT {datanodeUUID=3dd09f11-375a-4f8f-ab0e-0728495e6bfb, command=[]} | ret=SUCCESS |  
2019-08-22 22:29:11,532 | INFO  | SCMAudit | user=jenkins1000 | ip=192.168.36.125 | op=SEND_HEARTBEAT {datanodeUUID=3dd09f11-375a-4f8f-ab0e-0728495e6bfb, command=[]} | ret=SUCCESS |  
2019-08-22 22:29:11,732 | INFO  | SCMAudit | user=jenkins1000 | ip=192.168.36.125 | op=SEND_HEARTBEAT {datanodeUUID=3dd09f11-375a-4f8f-ab0e-0728495e6bfb, command=[]} | ret=SUCCESS |  
2019-08-22 22:29:11,931 | INFO  | SCMAudit | user=jenkins1000 | ip=192.168.36.125 | op=SEND_HEARTBEAT {datanodeUUID=3dd09f11-375a-4f8f-ab0e-0728495e6bfb, command=[]} | ret=SUCCESS |  
2019-08-22 22:29:12,131 | INFO  | SCMAudit | user=jenkins1000 | ip=192.168.36.125 | op=SEND_HEARTBEAT {datanodeUUID=3dd09f11-375a-4f8f-ab0e-0728495e6bfb, command=[]} | ret=SUCCESS |  
2019-08-22 22:29:12,332 | INFO  | SCMAudit | user=jenkins1000 | ip=192.168.36.125 | op=SEND_HEARTBEAT {datanodeUUID=3dd09f11-375a-4f8f-ab0e-0728495e6bfb, command=[]} | ret=SUCCESS |  
2019-08-22 22:29:12,531 | INFO  | SCMAudit | user=jenkins1000 | ip=192.168.36.125 | op=SEND_HEARTBEAT {datanodeUUID=3dd09f11-375a-4f8f-ab0e-0728495e6bfb, command=[]} | ret=SUCCESS |  
2019-08-22 22:29:12,731 | INFO  | SCMAudit | user=jenkins1000 | ip=192.168.36.125 | op=SEND_HEARTBEAT {datanodeUUID=3dd09f11-375a-4f8f-ab0e-0728495e6bfb, command=[]} | ret=SUCCESS |  
2019-08-22 22:29:12,931 | INFO  | SCMAudit | user=jenkins1000 | ip=192.168.36.125 | op=SEND_HEARTBEAT {datanodeUUID=3dd09f11-375a-4f8f-ab0e-0728495e6bfb, command=[]} | ret=SUCCESS |  
2019-08-22 22:29:13,131 | INFO  | SCMAudit | user=jenkins1000 | ip=192.168.36.125 | op=SEND_HEARTBEAT {datanodeUUID=3dd09f11-375a-4f8f-ab0e-0728495e6bfb, command=[]} | ret=SUCCESS |  
2019-08-22 22:29:13,332 | INFO  | SCMAudit | user=jenkins1000 | ip=192.168.36.125 | op=SEND_HEARTBEAT {datanodeUUID=3dd09f11-375a-4f8f-ab0e-0728495e6bfb, command=[]} | ret=SUCCESS |  
2019-08-22 22:29:13,532 | INFO  | SCMAudit | user=jenkins1000 | ip=192.168.36.125 | op=SEND_HEARTBEAT {datanodeUUID=3dd09f11-375a-4f8f-ab0e-0728495e6bfb, command=[]} | ret=SUCCESS |  
2019-08-22 22:29:13,732 | INFO  | SCMAudit | user=jenkins1000 | ip=192.168.36.125 | op=SEND_HEARTBEAT {datanodeUUID=3dd09f11-375a-4f8f-ab0e-0728495e6bfb, command=[]} | ret=SUCCESS |  
2019-08-22 22:29:13,932 | INFO  | SCMAudit | user=jenkins1000 | ip=192.168.36.125 | op=SEND_HEARTBEAT {datanodeUUID=3dd09f11-375a-4f8f-ab0e-0728495e6bfb, command=[]} | ret=SUCCESS |  
2019-08-22 22:29:14,133 | INFO  | SCMAudit | user=jenkins1000 | ip=192.168.36.125 | op=SEND_HEARTBEAT {datanodeUUID=3dd09f11-375a-4f8f-ab0e-0728495e6bfb, command=[]} | ret=SUCCESS |  
2019-08-22 22:29:14,332 | INFO  | SCMAudit | user=jenkins1000 | ip=192.168.36.125 | op=SEND_HEARTBEAT {datanodeUUID=3dd09f11-375a-4f8f-ab0e-0728495e6bfb, command=[]} | ret=SUCCESS |  
2019-08-22 22:29:14,532 | INFO  | SCMAudit | user=jenkins1000 | ip=192.168.36.125 | op=SEND_HEARTBEAT {datanodeUUID=3dd09f11-375a-4f8f-ab0e-0728495e6bfb, command=[]} | ret=SUCCESS |  
2019-08-22 22:29:14,732 | INFO  | SCMAudit | user=jenkins1000 | ip=192.168.36.125 | op=SEND_HEARTBEAT {datanodeUUID=3dd09f11-375a-4f8f-ab0e-0728495e6bfb, command=[]} | ret=SUCCESS |  
2019-08-22 22:29:14,932 | INFO  | SCMAudit | user=jenkins1000 | ip=192.168.36.125 | op=SEND_HEARTBEAT {datanodeUUID=3dd09f11-375a-4f8f-ab0e-0728495e6bfb, command=[]} | ret=SUCCESS |  
2019-08-22 22:29:15,132 | INFO  | SCMAudit | user=jenkins1000 | ip=192.168.36.125 | op=SEND_HEARTBEAT {datanodeUUID=3dd09f11-375a-4f8f-ab0e-0728495e6bfb, command=[]} | ret=SUCCESS |  
2019-08-22 22:29:15,332 | INFO  | SCMAudit | user=jenkins1000 | ip=192.168.36.125 | op=SEND_HEARTBEAT {datanodeUUID=3dd09f11-375a-4f8f-ab0e-0728495e6bfb, command=[]} | ret=SUCCESS |  
2019-08-22 22:29:15,532 | INFO  | SCMAudit | user=jenkins1000 | ip=192.168.36.125 | op=SEND_HEARTBEAT {datanodeUUID=3dd09f11-375a-4f8f-ab0e-0728495e6bfb, command=[]} | ret=SUCCESS |  
2019-08-22 22:29:15,731 | INFO  | SCMAudit | user=jenkins1000 | ip=192.168.36.125 | op=SEND_HEARTBEAT {datanodeUUID=3dd09f11-375a-4f8f-ab0e-0728495e6bfb, command=[]} | ret=SUCCESS |  
2019-08-22 22:29:15,932 | INFO  | SCMAudit | user=jenkins1000 | ip=192.168.36.125 | op=SEND_HEARTBEAT {datanodeUUID=3dd09f11-375a-4f8f-ab0e-0728495e6bfb, command=[]} | ret=SUCCESS |  
2019-08-22 22:29:16,135 | INFO  | SCMAudit | user=jenkins1000 | ip=192.168.36.125 | op=SEND_HEARTBEAT {datanodeUUID=3dd09f11-375a-4f8f-ab0e-0728495e6bfb, command=[]} | ret=SUCCESS |  
2019-08-22 22:29:16,332 | INFO  | SCMAudit | user=jenkins1000 | ip=192.168.36.125 | op=SEND_HEARTBEAT {datanodeUUID=3dd09f11-375a-4f8f-ab0e-0728495e6bfb, command=[]} | ret=SUCCESS |  
2019-08-22 22:29:16,532 | INFO  | SCMAudit | user=jenkins1000 | ip=192.168.36.125 | op=SEND_HEARTBEAT {datanodeUUID=3dd09f11-375a-4f8f-ab0e-0728495e6bfb, command=[]} | ret=SUCCESS |  
2019-08-22 22:29:16,732 | INFO  | SCMAudit | user=jenkins1000 | ip=192.168.36.125 | op=SEND_HEARTBEAT {datanodeUUID=3dd09f11-375a-4f8f-ab0e-0728495e6bfb, command=[]} | ret=SUCCESS |  
2019-08-22 22:29:16,932 | INFO  | SCMAudit | user=jenkins1000 | ip=192.168.36.125 | op=SEND_HEARTBEAT {datanodeUUID=3dd09f11-375a-4f8f-ab0e-0728495e6bfb, command=[]} | ret=SUCCESS |  
2019-08-22 22:29:17,132 | INFO  | SCMAudit | user=jenkins1000 | ip=192.168.36.125 | op=SEND_HEARTBEAT {datanodeUUID=3dd09f11-375a-4f8f-ab0e-0728495e6bfb, command=[]} | ret=SUCCESS |  
2019-08-22 22:29:17,332 | INFO  | SCMAudit | user=jenkins1000 | ip=192.168.36.125 | op=SEND_HEARTBEAT {datanodeUUID=3dd09f11-375a-4f8f-ab0e-0728495e6bfb, command=[]} | ret=SUCCESS |  
2019-08-22 22:29:17,533 | INFO  | SCMAudit | user=jenkins1000 | ip=192.168.36.125 | op=SEND_HEARTBEAT {datanodeUUID=3dd09f11-375a-4f8f-ab0e-0728495e6bfb, command=[]} | ret=SUCCESS |  
2019-08-22 22:29:17,732 | INFO  | SCMAudit | user=jenkins1000 | ip=192.168.36.125 | op=SEND_HEARTBEAT {datanodeUUID=3dd09f11-375a-4f8f-ab0e-0728495e6bfb, command=[]} | ret=SUCCESS |  
2019-08-22 22:29:17,932 | INFO  | SCMAudit | user=jenkins1000 | ip=192.168.36.125 | op=SEND_HEARTBEAT {datanodeUUID=3dd09f11-375a-4f8f-ab0e-0728495e6bfb, command=[]} | ret=SUCCESS |  
2019-08-22 22:29:18,133 | INFO  | SCMAudit | user=jenkins1000 | ip=192.168.36.125 | op=SEND_HEARTBEAT {datanodeUUID=3dd09f11-375a-4f8f-ab0e-0728495e6bfb, command=[]} | ret=SUCCESS |  
2019-08-22 22:29:18,333 | INFO  | SCMAudit | user=jenkins1000 | ip=192.168.36.125 | op=SEND_HEARTBEAT {datanodeUUID=3dd09f11-375a-4f8f-ab0e-0728495e6bfb, command=[]} | ret=SUCCESS |  
2019-08-22 22:29:18,535 | INFO  | SCMAudit | user=jenkins1000 | ip=192.168.36.125 | op=SEND_HEARTBEAT {datanodeUUID=3dd09f11-375a-4f8f-ab0e-0728495e6bfb, command=[]} | ret=SUCCESS |  
2019-08-22 22:29:18,735 | INFO  | SCMAudit | user=jenkins1000 | ip=192.168.36.125 | op=SEND_HEARTBEAT {datanodeUUID=3dd09f11-375a-4f8f-ab0e-0728495e6bfb, command=[]} | ret=SUCCESS |  
2019-08-22 22:29:18,935 | INFO  | SCMAudit | user=jenkins1000 | ip=192.168.36.125 | op=SEND_HEARTBEAT {datanodeUUID=3dd09f11-375a-4f8f-ab0e-0728495e6bfb, command=[]} | ret=SUCCESS |  
2019-08-22 22:29:19,136 | INFO  | SCMAudit | user=jenkins1000 | ip=192.168.36.125 | op=SEND_HEARTBEAT {datanodeUUID=3dd09f11-375a-4f8f-ab0e-0728495e6bfb, command=[]} | ret=SUCCESS |  
2019-08-22 22:29:19,335 | INFO  | SCMAudit | user=jenkins1000 | ip=192.168.36.125 | op=SEND_HEARTBEAT {datanodeUUID=3dd09f11-375a-4f8f-ab0e-0728495e6bfb, command=[]} | ret=SUCCESS |  
2019-08-22 22:29:19,535 | INFO  | SCMAudit | user=jenkins1000 | ip=192.168.36.125 | op=SEND_HEARTBEAT {datanodeUUID=3dd09f11-375a-4f8f-ab0e-0728495e6bfb, command=[]} | ret=SUCCESS |  
2019-08-22 22:29:19,735 | INFO  | SCMAudit | user=jenkins1000 | ip=192.168.36.125 | op=SEND_HEARTBEAT {datanodeUUID=3dd09f11-375a-4f8f-ab0e-0728495e6bfb, command=[]} | ret=SUCCESS |  
2019-08-22 22:29:19,936 | INFO  | SCMAudit | user=jenkins1000 | ip=192.168.36.125 | op=SEND_HEARTBEAT {datanodeUUID=3dd09f11-375a-4f8f-ab0e-0728495e6bfb, command=[]} | ret=SUCCESS |  
2019-08-22 22:29:20,137 | INFO  | SCMAudit | user=jenkins1000 | ip=192.168.36.125 | op=SEND_HEARTBEAT {datanodeUUID=3dd09f11-375a-4f8f-ab0e-0728495e6bfb, command=[]} | ret=SUCCESS |  
2019-08-22 22:29:20,336 | INFO  | SCMAudit | user=jenkins1000 | ip=192.168.36.125 | op=SEND_HEARTBEAT {datanodeUUID=3dd09f11-375a-4f8f-ab0e-0728495e6bfb, command=[]} | ret=SUCCESS |  
2019-08-22 22:29:20,536 | INFO  | SCMAudit | user=jenkins1000 | ip=192.168.36.125 | op=SEND_HEARTBEAT {datanodeUUID=3dd09f11-375a-4f8f-ab0e-0728495e6bfb, command=[]} | ret=SUCCESS |  
2019-08-22 22:29:20,737 | INFO  | SCMAudit | user=jenkins1000 | ip=192.168.36.125 | op=SEND_HEARTBEAT {datanodeUUID=3dd09f11-375a-4f8f-ab0e-0728495e6bfb, command=[]} | ret=SUCCESS |  
2019-08-22 22:29:20,937 | INFO  | SCMAudit | user=jenkins1000 | ip=192.168.36.125 | op=SEND_HEARTBEAT {datanodeUUID=3dd09f11-375a-4f8f-ab0e-0728495e6bfb, command=[]} | ret=SUCCESS |  
2019-08-22 22:29:21,137 | INFO  | SCMAudit | user=jenkins1000 | ip=192.168.36.125 | op=SEND_HEARTBEAT {datanodeUUID=3dd09f11-375a-4f8f-ab0e-0728495e6bfb, command=[]} | ret=SUCCESS |  
2019-08-22 22:29:21,337 | INFO  | SCMAudit | user=jenkins1000 | ip=192.168.36.125 | op=SEND_HEARTBEAT {datanodeUUID=3dd09f11-375a-4f8f-ab0e-0728495e6bfb, command=[]} | ret=SUCCESS |  
2019-08-22 22:29:21,537 | INFO  | SCMAudit | user=jenkins1000 | ip=192.168.36.125 | op=SEND_HEARTBEAT {datanodeUUID=3dd09f11-375a-4f8f-ab0e-0728495e6bfb, command=[]} | ret=SUCCESS |  
2019-08-22 22:29:21,738 | INFO  | SCMAudit | user=jenkins1000 | ip=192.168.36.125 | op=SEND_HEARTBEAT {datanodeUUID=3dd09f11-375a-4f8f-ab0e-0728495e6bfb, command=[]} | ret=SUCCESS |  
2019-08-22 22:29:21,937 | INFO  | SCMAudit | user=jenkins1000 | ip=192.168.36.125 | op=SEND_HEARTBEAT {datanodeUUID=3dd09f11-375a-4f8f-ab0e-0728495e6bfb, command=[]} | ret=SUCCESS |  
2019-08-22 22:29:22,137 | INFO  | SCMAudit | user=jenkins1000 | ip=192.168.36.125 | op=SEND_HEARTBEAT {datanodeUUID=3dd09f11-375a-4f8f-ab0e-0728495e6bfb, command=[]} | ret=SUCCESS |  
2019-08-22 22:29:22,337 | INFO  | SCMAudit | user=jenkins1000 | ip=192.168.36.125 | op=SEND_HEARTBEAT {datanodeUUID=3dd09f11-375a-4f8f-ab0e-0728495e6bfb, command=[]} | ret=SUCCESS |  
2019-08-22 22:29:22,537 | INFO  | SCMAudit | user=jenkins1000 | ip=192.168.36.125 | op=SEND_HEARTBEAT {datanodeUUID=3dd09f11-375a-4f8f-ab0e-0728495e6bfb, command=[]} | ret=SUCCESS |  
2019-08-22 22:29:22,737 | INFO  | SCMAudit | user=jenkins1000 | ip=192.168.36.125 | op=SEND_HEARTBEAT {datanodeUUID=3dd09f11-375a-4f8f-ab0e-0728495e6bfb, command=[]} | ret=SUCCESS |  
2019-08-22 22:29:22,937 | INFO  | SCMAudit | user=jenkins1000 | ip=192.168.36.125 | op=SEND_HEARTBEAT {datanodeUUID=3dd09f11-375a-4f8f-ab0e-0728495e6bfb, command=[]} | ret=SUCCESS |  
2019-08-22 22:29:23,137 | INFO  | SCMAudit | user=jenkins1000 | ip=192.168.36.125 | op=SEND_HEARTBEAT {datanodeUUID=3dd09f11-375a-4f8f-ab0e-0728495e6bfb, command=[]} | ret=SUCCESS |  
2019-08-22 22:29:23,337 | INFO  | SCMAudit | user=jenkins1000 | ip=192.168.36.125 | op=SEND_HEARTBEAT {datanodeUUID=3dd09f11-375a-4f8f-ab0e-0728495e6bfb, command=[]} | ret=SUCCESS |  
2019-08-22 22:29:23,538 | INFO  | SCMAudit | user=jenkins1000 | ip=192.168.36.125 | op=SEND_HEARTBEAT {datanodeUUID=3dd09f11-375a-4f8f-ab0e-0728495e6bfb, command=[]} | ret=SUCCESS |  
2019-08-22 22:29:23,738 | INFO  | SCMAudit | user=jenkins1000 | ip=192.168.36.125 | op=SEND_HEARTBEAT {datanodeUUID=3dd09f11-375a-4f8f-ab0e-0728495e6bfb, command=[]} | ret=SUCCESS |  
2019-08-22 22:29:23,938 | INFO  | SCMAudit | user=jenkins1000 | ip=192.168.36.125 | op=SEND_HEARTBEAT {datanodeUUID=3dd09f11-375a-4f8f-ab0e-0728495e6bfb, command=[]} | ret=SUCCESS |  
2019-08-22 22:29:24,138 | INFO  | SCMAudit | user=jenkins1000 | ip=192.168.36.125 | op=SEND_HEARTBEAT {datanodeUUID=3dd09f11-375a-4f8f-ab0e-0728495e6bfb, command=[]} | ret=SUCCESS |  
2019-08-22 22:29:24,339 | INFO  | SCMAudit | user=jenkins1000 | ip=192.168.36.125 | op=SEND_HEARTBEAT {datanodeUUID=3dd09f11-375a-4f8f-ab0e-0728495e6bfb, command=[]} | ret=SUCCESS |  
2019-08-22 22:29:24,540 | INFO  | SCMAudit | user=jenkins1000 | ip=192.168.36.125 | op=SEND_HEARTBEAT {datanodeUUID=3dd09f11-375a-4f8f-ab0e-0728495e6bfb, command=[]} | ret=SUCCESS |  
2019-08-22 22:29:24,739 | INFO  | SCMAudit | user=jenkins1000 | ip=192.168.36.125 | op=SEND_HEARTBEAT {datanodeUUID=3dd09f11-375a-4f8f-ab0e-0728495e6bfb, command=[]} | ret=SUCCESS |  
2019-08-22 22:29:24,939 | INFO  | SCMAudit | user=jenkins1000 | ip=192.168.36.125 | op=SEND_HEARTBEAT {datanodeUUID=3dd09f11-375a-4f8f-ab0e-0728495e6bfb, command=[]} | ret=SUCCESS |  
2019-08-22 22:29:25,139 | INFO  | SCMAudit | user=jenkins1000 | ip=192.168.36.125 | op=SEND_HEARTBEAT {datanodeUUID=3dd09f11-375a-4f8f-ab0e-0728495e6bfb, command=[]} | ret=SUCCESS |  
2019-08-22 22:29:25,338 | INFO  | SCMAudit | user=jenkins1000 | ip=192.168.36.125 | op=SEND_HEARTBEAT {datanodeUUID=3dd09f11-375a-4f8f-ab0e-0728495e6bfb, command=[]} | ret=SUCCESS |  
2019-08-22 22:29:25,539 | INFO  | SCMAudit | user=jenkins1000 | ip=192.168.36.125 | op=SEND_HEARTBEAT {datanodeUUID=3dd09f11-375a-4f8f-ab0e-0728495e6bfb, command=[]} | ret=SUCCESS |  
2019-08-22 22:29:25,739 | INFO  | SCMAudit | user=jenkins1000 | ip=192.168.36.125 | op=SEND_HEARTBEAT {datanodeUUID=3dd09f11-375a-4f8f-ab0e-0728495e6bfb, command=[]} | ret=SUCCESS |  
2019-08-22 22:29:25,939 | INFO  | SCMAudit | user=jenkins1000 | ip=192.168.36.125 | op=SEND_HEARTBEAT {datanodeUUID=3dd09f11-375a-4f8f-ab0e-0728495e6bfb, command=[]} | ret=SUCCESS |  
2019-08-22 22:29:26,139 | INFO  | SCMAudit | user=jenkins1000 | ip=192.168.36.125 | op=SEND_HEARTBEAT {datanodeUUID=3dd09f11-375a-4f8f-ab0e-0728495e6bfb, command=[]} | ret=SUCCESS |  
2019-08-22 22:29:26,339 | INFO  | SCMAudit | user=jenkins1000 | ip=192.168.36.125 | op=SEND_HEARTBEAT {datanodeUUID=3dd09f11-375a-4f8f-ab0e-0728495e6bfb, command=[]} | ret=SUCCESS |  
2019-08-22 22:29:26,539 | INFO  | SCMAudit | user=jenkins1000 | ip=192.168.36.125 | op=SEND_HEARTBEAT {datanodeUUID=3dd09f11-375a-4f8f-ab0e-0728495e6bfb, command=[]} | ret=SUCCESS |  
2019-08-22 22:29:26,740 | INFO  | SCMAudit | user=jenkins1000 | ip=192.168.36.125 | op=SEND_HEARTBEAT {datanodeUUID=3dd09f11-375a-4f8f-ab0e-0728495e6bfb, command=[]} | ret=SUCCESS |  
2019-08-22 22:29:26,939 | INFO  | SCMAudit | user=jenkins1000 | ip=192.168.36.125 | op=SEND_HEARTBEAT {datanodeUUID=3dd09f11-375a-4f8f-ab0e-0728495e6bfb, command=[]} | ret=SUCCESS |  
2019-08-22 22:29:27,139 | INFO  | SCMAudit | user=jenkins1000 | ip=192.168.36.125 | op=SEND_HEARTBEAT {datanodeUUID=3dd09f11-375a-4f8f-ab0e-0728495e6bfb, command=[]} | ret=SUCCESS |  
2019-08-22 22:29:27,339 | INFO  | SCMAudit | user=jenkins1000 | ip=192.168.36.125 | op=SEND_HEARTBEAT {datanodeUUID=3dd09f11-375a-4f8f-ab0e-0728495e6bfb, command=[]} | ret=SUCCESS |  
2019-08-22 22:29:27,539 | INFO  | SCMAudit | user=jenkins1000 | ip=192.168.36.125 | op=SEND_HEARTBEAT {datanodeUUID=3dd09f11-375a-4f8f-ab0e-0728495e6bfb, command=[]} | ret=SUCCESS |  
2019-08-22 22:29:27,739 | INFO  | SCMAudit | user=jenkins1000 | ip=192.168.36.125 | op=SEND_HEARTBEAT {datanodeUUID=3dd09f11-375a-4f8f-ab0e-0728495e6bfb, command=[]} | ret=SUCCESS |  
2019-08-22 22:29:27,939 | INFO  | SCMAudit | user=jenkins1000 | ip=192.168.36.125 | op=SEND_HEARTBEAT {datanodeUUID=3dd09f11-375a-4f8f-ab0e-0728495e6bfb, command=[]} | ret=SUCCESS |  
2019-08-22 22:29:28,138 | INFO  | SCMAudit | user=jenkins1000 | ip=192.168.36.125 | op=SEND_HEARTBEAT {datanodeUUID=3dd09f11-375a-4f8f-ab0e-0728495e6bfb, command=[]} | ret=SUCCESS |  
2019-08-22 22:29:28,339 | INFO  | SCMAudit | user=jenkins1000 | ip=192.168.36.125 | op=SEND_HEARTBEAT {datanodeUUID=3dd09f11-375a-4f8f-ab0e-0728495e6bfb, command=[]} | ret=SUCCESS |  
2019-08-22 22:29:28,540 | INFO  | SCMAudit | user=jenkins1000 | ip=192.168.36.125 | op=SEND_HEARTBEAT {datanodeUUID=3dd09f11-375a-4f8f-ab0e-0728495e6bfb, command=[]} | ret=SUCCESS |  
2019-08-22 22:29:28,739 | INFO  | SCMAudit | user=jenkins1000 | ip=192.168.36.125 | op=SEND_HEARTBEAT {datanodeUUID=3dd09f11-375a-4f8f-ab0e-0728495e6bfb, command=[]} | ret=SUCCESS |  
2019-08-22 22:29:28,940 | INFO  | SCMAudit | user=jenkins1000 | ip=192.168.36.125 | op=SEND_HEARTBEAT {datanodeUUID=3dd09f11-375a-4f8f-ab0e-0728495e6bfb, command=[]} | ret=SUCCESS |  
2019-08-22 22:29:29,140 | INFO  | SCMAudit | user=jenkins1000 | ip=192.168.36.125 | op=SEND_HEARTBEAT {datanodeUUID=3dd09f11-375a-4f8f-ab0e-0728495e6bfb, command=[]} | ret=SUCCESS |  
2019-08-22 22:29:29,340 | INFO  | SCMAudit | user=jenkins1000 | ip=192.168.36.125 | op=SEND_HEARTBEAT {datanodeUUID=3dd09f11-375a-4f8f-ab0e-0728495e6bfb, command=[]} | ret=SUCCESS |  
2019-08-22 22:29:29,540 | INFO  | SCMAudit | user=jenkins1000 | ip=192.168.36.125 | op=SEND_HEARTBEAT {datanodeUUID=3dd09f11-375a-4f8f-ab0e-0728495e6bfb, command=[]} | ret=SUCCESS |  
2019-08-22 22:29:29,739 | INFO  | SCMAudit | user=jenkins1000 | ip=192.168.36.125 | op=SEND_HEARTBEAT {datanodeUUID=3dd09f11-375a-4f8f-ab0e-0728495e6bfb, command=[]} | ret=SUCCESS |  
2019-08-22 22:29:29,940 | INFO  | SCMAudit | user=jenkins1000 | ip=192.168.36.125 | op=SEND_HEARTBEAT {datanodeUUID=3dd09f11-375a-4f8f-ab0e-0728495e6bfb, command=[]} | ret=SUCCESS |  
2019-08-22 22:29:30,140 | INFO  | SCMAudit | user=jenkins1000 | ip=192.168.36.125 | op=SEND_HEARTBEAT {datanodeUUID=3dd09f11-375a-4f8f-ab0e-0728495e6bfb, command=[]} | ret=SUCCESS |  
2019-08-22 22:29:30,340 | INFO  | SCMAudit | user=jenkins1000 | ip=192.168.36.125 | op=SEND_HEARTBEAT {datanodeUUID=3dd09f11-375a-4f8f-ab0e-0728495e6bfb, command=[]} | ret=SUCCESS |  
2019-08-22 22:29:30,540 | INFO  | SCMAudit | user=jenkins1000 | ip=192.168.36.125 | op=SEND_HEARTBEAT {datanodeUUID=3dd09f11-375a-4f8f-ab0e-0728495e6bfb, command=[]} | ret=SUCCESS |  
2019-08-22 22:29:30,740 | INFO  | SCMAudit | user=jenkins1000 | ip=192.168.36.125 | op=SEND_HEARTBEAT {datanodeUUID=3dd09f11-375a-4f8f-ab0e-0728495e6bfb, command=[]} | ret=SUCCESS |  
2019-08-22 22:29:30,939 | INFO  | SCMAudit | user=jenkins1000 | ip=192.168.36.125 | op=SEND_HEARTBEAT {datanodeUUID=3dd09f11-375a-4f8f-ab0e-0728495e6bfb, command=[]} | ret=SUCCESS |  
2019-08-22 22:29:31,141 | INFO  | SCMAudit | user=jenkins1000 | ip=192.168.36.125 | op=SEND_HEARTBEAT {datanodeUUID=3dd09f11-375a-4f8f-ab0e-0728495e6bfb, command=[]} | ret=SUCCESS |  
2019-08-22 22:29:31,340 | INFO  | SCMAudit | user=jenkins1000 | ip=192.168.36.125 | op=SEND_HEARTBEAT {datanodeUUID=3dd09f11-375a-4f8f-ab0e-0728495e6bfb, command=[]} | ret=SUCCESS |  
2019-08-22 22:29:31,540 | INFO  | SCMAudit | user=jenkins1000 | ip=192.168.36.125 | op=SEND_HEARTBEAT {datanodeUUID=3dd09f11-375a-4f8f-ab0e-0728495e6bfb, command=[]} | ret=SUCCESS |  
2019-08-22 22:29:31,740 | INFO  | SCMAudit | user=jenkins1000 | ip=192.168.36.125 | op=SEND_HEARTBEAT {datanodeUUID=3dd09f11-375a-4f8f-ab0e-0728495e6bfb, command=[]} | ret=SUCCESS |  
2019-08-22 22:29:31,940 | INFO  | SCMAudit | user=jenkins1000 | ip=192.168.36.125 | op=SEND_HEARTBEAT {datanodeUUID=3dd09f11-375a-4f8f-ab0e-0728495e6bfb, command=[]} | ret=SUCCESS |  
2019-08-22 22:29:32,140 | INFO  | SCMAudit | user=jenkins1000 | ip=192.168.36.125 | op=SEND_HEARTBEAT {datanodeUUID=3dd09f11-375a-4f8f-ab0e-0728495e6bfb, command=[]} | ret=SUCCESS |  
2019-08-22 22:29:32,341 | INFO  | SCMAudit | user=jenkins1000 | ip=192.168.36.125 | op=SEND_HEARTBEAT {datanodeUUID=3dd09f11-375a-4f8f-ab0e-0728495e6bfb, command=[]} | ret=SUCCESS |  
2019-08-22 22:29:32,540 | INFO  | SCMAudit | user=jenkins1000 | ip=192.168.36.125 | op=SEND_HEARTBEAT {datanodeUUID=3dd09f11-375a-4f8f-ab0e-0728495e6bfb, command=[]} | ret=SUCCESS |  
2019-08-22 22:29:32,741 | INFO  | SCMAudit | user=jenkins1000 | ip=192.168.36.125 | op=SEND_HEARTBEAT {datanodeUUID=3dd09f11-375a-4f8f-ab0e-0728495e6bfb, command=[]} | ret=SUCCESS |  
2019-08-22 22:29:32,942 | INFO  | SCMAudit | user=jenkins1000 | ip=192.168.36.125 | op=SEND_HEARTBEAT {datanodeUUID=3dd09f11-375a-4f8f-ab0e-0728495e6bfb, command=[]} | ret=SUCCESS |  
2019-08-22 22:29:33,142 | INFO  | SCMAudit | user=jenkins1000 | ip=192.168.36.125 | op=SEND_HEARTBEAT {datanodeUUID=3dd09f11-375a-4f8f-ab0e-0728495e6bfb, command=[]} | ret=SUCCESS |  
2019-08-22 22:29:33,343 | INFO  | SCMAudit | user=jenkins1000 | ip=192.168.36.125 | op=SEND_HEARTBEAT {datanodeUUID=3dd09f11-375a-4f8f-ab0e-0728495e6bfb, command=[]} | ret=SUCCESS |  
2019-08-22 22:29:33,543 | INFO  | SCMAudit | user=jenkins1000 | ip=192.168.36.125 | op=SEND_HEARTBEAT {datanodeUUID=3dd09f11-375a-4f8f-ab0e-0728495e6bfb, command=[]} | ret=SUCCESS |  
2019-08-22 22:29:33,743 | INFO  | SCMAudit | user=jenkins1000 | ip=192.168.36.125 | op=SEND_HEARTBEAT {datanodeUUID=3dd09f11-375a-4f8f-ab0e-0728495e6bfb, command=[]} | ret=SUCCESS |  
2019-08-22 22:29:33,943 | INFO  | SCMAudit | user=jenkins1000 | ip=192.168.36.125 | op=SEND_HEARTBEAT {datanodeUUID=3dd09f11-375a-4f8f-ab0e-0728495e6bfb, command=[]} | ret=SUCCESS |  
2019-08-22 22:29:34,145 | INFO  | SCMAudit | user=jenkins1000 | ip=192.168.36.125 | op=SEND_HEARTBEAT {datanodeUUID=3dd09f11-375a-4f8f-ab0e-0728495e6bfb, command=[]} | ret=SUCCESS |  
2019-08-22 22:29:34,344 | INFO  | SCMAudit | user=jenkins1000 | ip=192.168.36.125 | op=SEND_HEARTBEAT {datanodeUUID=3dd09f11-375a-4f8f-ab0e-0728495e6bfb, command=[]} | ret=SUCCESS |  
2019-08-22 22:29:34,397 [grpc-default-executor-1] INFO  impl.RaftServerProxy (RaftServerProxy.java:remove(95)) - 3dd09f11-375a-4f8f-ab0e-0728495e6bfb: remove   LEADER group-B170555833DC 3dd09f11-375a-4f8f-ab0e-0728495e6bfb:t1, leader=3dd09f11-375a-4f8f-ab0e-0728495e6bfb, voted=3dd09f11-375a-4f8f-ab0e-0728495e6bfb, raftlog=3dd09f11-375a-4f8f-ab0e-0728495e6bfb-SegmentedRaftLog:OPENED:c4,f4,i7, conf=0: [3dd09f11-375a-4f8f-ab0e-0728495e6bfb:192.168.36.125:35321], old=null RUNNING
2019-08-22 22:29:34,402 [grpc-default-executor-1] INFO  impl.RaftServerImpl (RaftServerImpl.java:lambda$shutdown$3(245)) - 3dd09f11-375a-4f8f-ab0e-0728495e6bfb: shutdown group-B170555833DC
2019-08-22 22:29:34,403 [grpc-default-executor-1] INFO  util.JmxRegister (JmxRegister.java:unregister(73)) - Successfully un-registered JMX Bean with object name Ratis:service=RaftServer,group=group-B170555833DC,id=3dd09f11-375a-4f8f-ab0e-0728495e6bfb
2019-08-22 22:29:34,404 [grpc-default-executor-1] INFO  impl.RoleInfo (RoleInfo.java:shutdownLeaderState(104)) - 3dd09f11-375a-4f8f-ab0e-0728495e6bfb: shutdown LeaderState
2019-08-22 22:29:34,405 [grpc-default-executor-1] INFO  impl.PendingRequests (PendingRequests.java:sendNotLeaderResponses(202)) - 3dd09f11-375a-4f8f-ab0e-0728495e6bfb-PendingRequests: sendNotLeaderResponses
2019-08-22 22:29:34,410 [Command processor thread] ERROR commandhandler.CloseContainerCommandHandler (CloseContainerCommandHandler.java:handle(124)) - Can't close container #1
org.apache.hadoop.hdds.scm.container.common.helpers.StorageContainerException: Cannot quasi close container #1 while in UNHEALTHY state.
	at org.apache.hadoop.ozone.container.keyvalue.KeyValueHandler.quasiCloseContainer(KeyValueHandler.java:930)
	at org.apache.hadoop.ozone.container.ozoneimpl.ContainerController.quasiCloseContainer(ContainerController.java:107)
	at org.apache.hadoop.ozone.container.common.statemachine.commandhandler.CloseContainerCommandHandler.handle(CloseContainerCommandHandler.java:116)
	at org.apache.hadoop.ozone.container.common.statemachine.commandhandler.CommandDispatcher.handle(CommandDispatcher.java:93)
	at org.apache.hadoop.ozone.container.common.statemachine.DatanodeStateMachine.lambda$initCommandHandlerThread$1(DatanodeStateMachine.java:432)
	at java.lang.Thread.run(Thread.java:748)
2019-08-22 22:29:34,417 [grpc-default-executor-1] INFO  impl.StateMachineUpdater (StateMachineUpdater.java:stopAndJoin(115)) - StateMachineUpdater:3dd09f11-375a-4f8f-ab0e-0728495e6bfb:group-B170555833DC: set stopIndex = 4
2019-08-22 22:29:34,419 [StateMachineUpdater:3dd09f11-375a-4f8f-ab0e-0728495e6bfb:group-B170555833DC] INFO  ratis.ContainerStateMachine (ContainerStateMachine.java:takeSnapshot(283)) - group-B170555833DC: Taking a snapshot at:(t:1, i:4) file /workdir/hadoop-ozone/integration-test/target/test-dir/MiniOzoneClusterImpl-3bee3c43-65c7-4432-8e88-09d614aad9b6/datanode-0/data/ratis/e242c7b0-0e0e-4f0b-b58f-b170555833dc/sm/snapshot.1_4
2019-08-22 22:29:34,544 | INFO  | SCMAudit | user=jenkins1000 | ip=192.168.36.125 | op=SEND_HEARTBEAT {datanodeUUID=3dd09f11-375a-4f8f-ab0e-0728495e6bfb, command=[]} | ret=SUCCESS |  
2019-08-22 22:29:34,614 [main] WARN  io.KeyOutputStream (KeyOutputStream.java:handleException(276)) - Encountered exception java.io.IOException: Unexpected Storage Container Exception: java.util.concurrent.CompletionException: java.util.concurrent.CompletionException: org.apache.ratis.protocol.GroupMismatchException: 3dd09f11-375a-4f8f-ab0e-0728495e6bfb: group-B170555833DC not found. on the pipeline Pipeline[ Id: e242c7b0-0e0e-4f0b-b58f-b170555833dc, Nodes: 3dd09f11-375a-4f8f-ab0e-0728495e6bfb{ip: 192.168.36.125, host: pr-hdds-1975-6rfct-3228563268, networkLocation: /default-rack, certSerialId: null}, Type:RATIS, Factor:ONE, State:OPEN]. The last committed block length is 5, uncommitted data length is 5 retry count 0
2019-08-22 22:29:34,668 [grpc-default-executor-2] INFO  impl.RaftServerProxy (RaftServerProxy.java:addNew(89)) - 3dd09f11-375a-4f8f-ab0e-0728495e6bfb: addNew group-5AF90F9C3E87:[3dd09f11-375a-4f8f-ab0e-0728495e6bfb:192.168.36.125:35321] returns group-5AF90F9C3E87:java.util.concurrent.CompletableFuture@429f90ca[Not completed]
2019-08-22 22:29:34,674 [pool-27-thread-1] INFO  impl.RaftServerImpl (RaftServerImpl.java:<init>(93)) - 3dd09f11-375a-4f8f-ab0e-0728495e6bfb: new RaftServerImpl for group-5AF90F9C3E87:[3dd09f11-375a-4f8f-ab0e-0728495e6bfb:192.168.36.125:35321] with ContainerStateMachine:uninitialized
2019-08-22 22:29:34,676 [pool-27-thread-1] INFO  server.RaftServerConfigKeys (ConfUtils.java:logGet(43)) - raft.server.rpc.timeout.min = 5s (custom)
2019-08-22 22:29:34,676 [pool-27-thread-1] INFO  server.RaftServerConfigKeys (ConfUtils.java:logGet(43)) - raft.server.rpc.timeout.max = 5200ms (custom)
2019-08-22 22:29:34,676 [pool-27-thread-1] INFO  server.RaftServerConfigKeys (ConfUtils.java:logGet(43)) - raft.server.rpcslowness.timeout = 120s (custom)
2019-08-22 22:29:34,677 [pool-27-thread-1] INFO  server.RaftServerConfigKeys (ConfUtils.java:logGet(43)) - raft.server.sleep.deviation.threshold = 300 (default)
2019-08-22 22:29:34,677 [pool-27-thread-1] INFO  server.RaftServerConfigKeys (ConfUtils.java:logGet(43)) - raft.server.log.appender.install.snapshot.enabled = false (custom)
2019-08-22 22:29:34,677 [pool-27-thread-1] INFO  impl.RaftServerImpl (ServerState.java:<init>(105)) - 3dd09f11-375a-4f8f-ab0e-0728495e6bfb:group-5AF90F9C3E87 ConfigurationManager, init=-1: [3dd09f11-375a-4f8f-ab0e-0728495e6bfb:192.168.36.125:35321], old=null, confs=<EMPTY_MAP>
2019-08-22 22:29:34,678 [pool-27-thread-1] INFO  server.RaftServerConfigKeys (ConfUtils.java:logGet(43)) - raft.server.storage.dir = [/workdir/hadoop-ozone/integration-test/target/test-dir/MiniOzoneClusterImpl-3bee3c43-65c7-4432-8e88-09d614aad9b6/datanode-0/data/ratis] (custom)
2019-08-22 22:29:34,678 [pool-27-thread-1] INFO  storage.RaftStorageDirectory (RaftStorageDirectory.java:analyzeStorage(246)) - The storage directory /workdir/hadoop-ozone/integration-test/target/test-dir/MiniOzoneClusterImpl-3bee3c43-65c7-4432-8e88-09d614aad9b6/datanode-0/data/ratis/3756cf07-57aa-42d1-ac5f-5af90f9c3e87 does not exist. Creating ...
2019-08-22 22:29:34,744 | INFO  | SCMAudit | user=jenkins1000 | ip=192.168.36.125 | op=SEND_HEARTBEAT {datanodeUUID=3dd09f11-375a-4f8f-ab0e-0728495e6bfb, command=[]} | ret=SUCCESS |  
2019-08-22 22:29:34,944 | INFO  | SCMAudit | user=jenkins1000 | ip=192.168.36.125 | op=SEND_HEARTBEAT {datanodeUUID=3dd09f11-375a-4f8f-ab0e-0728495e6bfb, command=[]} | ret=SUCCESS |  
2019-08-22 22:29:35,145 | INFO  | SCMAudit | user=jenkins1000 | ip=192.168.36.125 | op=SEND_HEARTBEAT {datanodeUUID=3dd09f11-375a-4f8f-ab0e-0728495e6bfb, command=[]} | ret=SUCCESS |  
2019-08-22 22:29:35,344 | INFO  | SCMAudit | user=jenkins1000 | ip=192.168.36.125 | op=SEND_HEARTBEAT {datanodeUUID=3dd09f11-375a-4f8f-ab0e-0728495e6bfb, command=[]} | ret=SUCCESS |  
2019-08-22 22:29:35,544 | INFO  | SCMAudit | user=jenkins1000 | ip=192.168.36.125 | op=SEND_HEARTBEAT {datanodeUUID=3dd09f11-375a-4f8f-ab0e-0728495e6bfb, command=[]} | ret=SUCCESS |  
2019-08-22 22:29:35,743 | INFO  | SCMAudit | user=jenkins1000 | ip=192.168.36.125 | op=SEND_HEARTBEAT {datanodeUUID=3dd09f11-375a-4f8f-ab0e-0728495e6bfb, command=[]} | ret=SUCCESS |  
2019-08-22 22:29:35,944 | INFO  | SCMAudit | user=jenkins1000 | ip=192.168.36.125 | op=SEND_HEARTBEAT {datanodeUUID=3dd09f11-375a-4f8f-ab0e-0728495e6bfb, command=[]} | ret=SUCCESS |  
2019-08-22 22:29:36,144 | INFO  | SCMAudit | user=jenkins1000 | ip=192.168.36.125 | op=SEND_HEARTBEAT {datanodeUUID=3dd09f11-375a-4f8f-ab0e-0728495e6bfb, command=[]} | ret=SUCCESS |  
2019-08-22 22:29:36,344 | INFO  | SCMAudit | user=jenkins1000 | ip=192.168.36.125 | op=SEND_HEARTBEAT {datanodeUUID=3dd09f11-375a-4f8f-ab0e-0728495e6bfb, command=[]} | ret=SUCCESS |  
2019-08-22 22:29:36,544 | INFO  | SCMAudit | user=jenkins1000 | ip=192.168.36.125 | op=SEND_HEARTBEAT {datanodeUUID=3dd09f11-375a-4f8f-ab0e-0728495e6bfb, command=[]} | ret=SUCCESS |  
2019-08-22 22:29:36,743 | INFO  | SCMAudit | user=jenkins1000 | ip=192.168.36.125 | op=SEND_HEARTBEAT {datanodeUUID=3dd09f11-375a-4f8f-ab0e-0728495e6bfb, command=[]} | ret=SUCCESS |  
2019-08-22 22:29:36,944 | INFO  | SCMAudit | user=jenkins1000 | ip=192.168.36.125 | op=SEND_HEARTBEAT {datanodeUUID=3dd09f11-375a-4f8f-ab0e-0728495e6bfb, command=[]} | ret=SUCCESS |  
2019-08-22 22:29:37,144 | INFO  | SCMAudit | user=jenkins1000 | ip=192.168.36.125 | op=SEND_HEARTBEAT {datanodeUUID=3dd09f11-375a-4f8f-ab0e-0728495e6bfb, command=[]} | ret=SUCCESS |  
2019-08-22 22:29:37,344 | INFO  | SCMAudit | user=jenkins1000 | ip=192.168.36.125 | op=SEND_HEARTBEAT {datanodeUUID=3dd09f11-375a-4f8f-ab0e-0728495e6bfb, command=[]} | ret=SUCCESS |  
2019-08-22 22:29:37,388 [RatisPipelineUtilsThread] WARN  pipeline.RatisPipelineUtils (RatisPipelineUtils.java:destroyPipeline(66)) - Pipeline destroy failed for pipeline=PipelineID=e242c7b0-0e0e-4f0b-b58f-b170555833dc dn=3dd09f11-375a-4f8f-ab0e-0728495e6bfb{ip: 192.168.36.125, host: pr-hdds-1975-6rfct-3228563268, networkLocation: /default-rack, certSerialId: null}
2019-08-22 22:29:37,544 | INFO  | SCMAudit | user=jenkins1000 | ip=192.168.36.125 | op=SEND_HEARTBEAT {datanodeUUID=3dd09f11-375a-4f8f-ab0e-0728495e6bfb, command=[]} | ret=SUCCESS |  
2019-08-22 22:29:37,662 [RATISCREATEPIPELINE2] ERROR pipeline.RatisPipelineProvider (RatisPipelineProvider.java:lambda$null$5(235)) - Failed invoke Ratis rpc org.apache.hadoop.hdds.scm.pipeline.RatisPipelineProvider$$Lambda$171/759997604@5bfa76d3 for 3dd09f11-375a-4f8f-ab0e-0728495e6bfb
org.apache.ratis.protocol.TimeoutIOException: deadline exceeded after 2999679602ns
	at org.apache.ratis.grpc.GrpcUtil.tryUnwrapException(GrpcUtil.java:82)
	at org.apache.ratis.grpc.GrpcUtil.unwrapException(GrpcUtil.java:75)
	at org.apache.ratis.grpc.client.GrpcClientProtocolClient.blockingCall(GrpcClientProtocolClient.java:169)
	at org.apache.ratis.grpc.client.GrpcClientProtocolClient.groupAdd(GrpcClientProtocolClient.java:138)
	at org.apache.ratis.grpc.client.GrpcClientRpc.sendRequest(GrpcClientRpc.java:94)
	at org.apache.ratis.client.impl.RaftClientImpl.sendRequest(RaftClientImpl.java:279)
	at org.apache.ratis.client.impl.RaftClientImpl.groupAdd(RaftClientImpl.java:206)
	at org.apache.hadoop.hdds.scm.pipeline.RatisPipelineProvider.lambda$initializePipeline$4(RatisPipelineProvider.java:194)
	at org.apache.hadoop.hdds.scm.pipeline.RatisPipelineProvider.lambda$null$5(RatisPipelineProvider.java:231)
	at java.util.stream.ForEachOps$ForEachOp$OfRef.accept(ForEachOps.java:184)
	at java.util.ArrayList$ArrayListSpliterator.forEachRemaining(ArrayList.java:1382)
	at java.util.stream.AbstractPipeline.copyInto(AbstractPipeline.java:482)
	at java.util.stream.ForEachOps$ForEachTask.compute(ForEachOps.java:291)
	at java.util.concurrent.CountedCompleter.exec(CountedCompleter.java:731)
	at java.util.concurrent.ForkJoinTask.doExec(ForkJoinTask.java:289)
	at java.util.concurrent.ForkJoinTask.doInvoke(ForkJoinTask.java:401)
	at java.util.concurrent.ForkJoinTask.invoke(ForkJoinTask.java:734)
	at java.util.stream.ForEachOps$ForEachOp.evaluateParallel(ForEachOps.java:160)
	at java.util.stream.ForEachOps$ForEachOp$OfRef.evaluateParallel(ForEachOps.java:174)
	at java.util.stream.AbstractPipeline.evaluate(AbstractPipeline.java:233)
	at java.util.stream.ReferencePipeline.forEach(ReferencePipeline.java:418)
	at java.util.stream.ReferencePipeline$Head.forEach(ReferencePipeline.java:583)
	at org.apache.hadoop.hdds.scm.pipeline.RatisPipelineProvider.lambda$callRatisRpc$6(RatisPipelineProvider.java:225)
	at java.util.concurrent.ForkJoinTask$AdaptedRunnableAction.exec(ForkJoinTask.java:1386)
	at java.util.concurrent.ForkJoinTask.doExec(ForkJoinTask.java:289)
	at java.util.concurrent.ForkJoinPool$WorkQueue.runTask(ForkJoinPool.java:1056)
	at java.util.concurrent.ForkJoinPool.runWorker(ForkJoinPool.java:1692)
	at java.util.concurrent.ForkJoinWorkerThread.run(ForkJoinWorkerThread.java:157)
Caused by: org.apache.ratis.thirdparty.io.grpc.StatusRuntimeException: DEADLINE_EXCEEDED: deadline exceeded after 2999679602ns
	at org.apache.ratis.thirdparty.io.grpc.stub.ClientCalls.toStatusRuntimeException(ClientCalls.java:233)
	at org.apache.ratis.thirdparty.io.grpc.stub.ClientCalls.getUnchecked(ClientCalls.java:214)
	at org.apache.ratis.thirdparty.io.grpc.stub.ClientCalls.blockingUnaryCall(ClientCalls.java:139)
	at org.apache.ratis.proto.grpc.AdminProtocolServiceGrpc$AdminProtocolServiceBlockingStub.groupManagement(AdminProtocolServiceGrpc.java:274)
	at org.apache.ratis.grpc.client.GrpcClientProtocolClient.lambda$groupAdd$3(GrpcClientProtocolClient.java:140)
	at org.apache.ratis.grpc.client.GrpcClientProtocolClient.blockingCall(GrpcClientProtocolClient.java:167)
	... 25 more
2019-08-22 22:29:37,670 [IPC Server handler 18 on 39927] WARN  block.BlockManagerImpl (BlockManagerImpl.java:allocateBlock(192)) - Pipeline creation failed for type:RATIS factor:ONE. Retrying get pipelines call once.
java.io.IOException: Failed invoke Ratis rpc org.apache.hadoop.hdds.scm.pipeline.RatisPipelineProvider$$Lambda$171/759997604@5bfa76d3 for 3dd09f11-375a-4f8f-ab0e-0728495e6bfb
	at org.apache.hadoop.hdds.scm.pipeline.RatisPipelineProvider.lambda$null$5(RatisPipelineProvider.java:236)
	at java.util.stream.ForEachOps$ForEachOp$OfRef.accept(ForEachOps.java:184)
	at java.util.ArrayList$ArrayListSpliterator.forEachRemaining(ArrayList.java:1382)
	at java.util.stream.AbstractPipeline.copyInto(AbstractPipeline.java:482)
	at java.util.stream.ForEachOps$ForEachTask.compute(ForEachOps.java:291)
	at java.util.concurrent.CountedCompleter.exec(CountedCompleter.java:731)
	at java.util.concurrent.ForkJoinTask.doExec(ForkJoinTask.java:289)
	at java.util.concurrent.ForkJoinTask.doInvoke(ForkJoinTask.java:401)
	at java.util.concurrent.ForkJoinTask.invoke(ForkJoinTask.java:734)
	at java.util.stream.ForEachOps$ForEachOp.evaluateParallel(ForEachOps.java:160)
	at java.util.stream.ForEachOps$ForEachOp$OfRef.evaluateParallel(ForEachOps.java:174)
	at java.util.stream.AbstractPipeline.evaluate(AbstractPipeline.java:233)
	at java.util.stream.ReferencePipeline.forEach(ReferencePipeline.java:418)
	at java.util.stream.ReferencePipeline$Head.forEach(ReferencePipeline.java:583)
	at org.apache.hadoop.hdds.scm.pipeline.RatisPipelineProvider.lambda$callRatisRpc$6(RatisPipelineProvider.java:225)
	at java.util.concurrent.ForkJoinTask$AdaptedRunnableAction.exec(ForkJoinTask.java:1386)
	at java.util.concurrent.ForkJoinTask.doExec(ForkJoinTask.java:289)
	at java.util.concurrent.ForkJoinPool$WorkQueue.runTask(ForkJoinPool.java:1056)
	at java.util.concurrent.ForkJoinPool.runWorker(ForkJoinPool.java:1692)
	at java.util.concurrent.ForkJoinWorkerThread.run(ForkJoinWorkerThread.java:157)
Caused by: org.apache.ratis.protocol.TimeoutIOException: deadline exceeded after 2999679602ns
	at org.apache.ratis.grpc.GrpcUtil.tryUnwrapException(GrpcUtil.java:82)
	at org.apache.ratis.grpc.GrpcUtil.unwrapException(GrpcUtil.java:75)
	at org.apache.ratis.grpc.client.GrpcClientProtocolClient.blockingCall(GrpcClientProtocolClient.java:169)
	at org.apache.ratis.grpc.client.GrpcClientProtocolClient.groupAdd(GrpcClientProtocolClient.java:138)
	at org.apache.ratis.grpc.client.GrpcClientRpc.sendRequest(GrpcClientRpc.java:94)
	at org.apache.ratis.client.impl.RaftClientImpl.sendRequest(RaftClientImpl.java:279)
	at org.apache.ratis.client.impl.RaftClientImpl.groupAdd(RaftClientImpl.java:206)
	at org.apache.hadoop.hdds.scm.pipeline.RatisPipelineProvider.lambda$initializePipeline$4(RatisPipelineProvider.java:194)
	at org.apache.hadoop.hdds.scm.pipeline.RatisPipelineProvider.lambda$null$5(RatisPipelineProvider.java:231)
	... 19 more
Caused by: org.apache.ratis.thirdparty.io.grpc.StatusRuntimeException: DEADLINE_EXCEEDED: deadline exceeded after 2999679602ns
	at org.apache.ratis.thirdparty.io.grpc.stub.ClientCalls.toStatusRuntimeException(ClientCalls.java:233)
	at org.apache.ratis.thirdparty.io.grpc.stub.ClientCalls.getUnchecked(ClientCalls.java:214)
	at org.apache.ratis.thirdparty.io.grpc.stub.ClientCalls.blockingUnaryCall(ClientCalls.java:139)
	at org.apache.ratis.proto.grpc.AdminProtocolServiceGrpc$AdminProtocolServiceBlockingStub.groupManagement(AdminProtocolServiceGrpc.java:274)
	at org.apache.ratis.grpc.client.GrpcClientProtocolClient.lambda$groupAdd$3(GrpcClientProtocolClient.java:140)
	at org.apache.ratis.grpc.client.GrpcClientProtocolClient.blockingCall(GrpcClientProtocolClient.java:167)
	... 25 more
2019-08-22 22:29:37,671 [RatisPipelineUtilsThread] INFO  pipeline.PipelineStateManager (PipelineStateManager.java:removePipeline(108)) - Pipeline Pipeline[ Id: e242c7b0-0e0e-4f0b-b58f-b170555833dc, Nodes: 3dd09f11-375a-4f8f-ab0e-0728495e6bfb{ip: 192.168.36.125, host: pr-hdds-1975-6rfct-3228563268, networkLocation: /default-rack, certSerialId: null}, Type:RATIS, Factor:ONE, State:CLOSED] removed from db
2019-08-22 22:29:37,674 [IPC Server handler 18 on 39927] INFO  block.BlockManagerImpl (BlockManagerImpl.java:allocateBlock(198)) - Could not find available pipeline of type:RATIS and factor:ONE even after retrying
2019-08-22 22:29:37,674 [IPC Server handler 18 on 39927] ERROR block.BlockManagerImpl (BlockManagerImpl.java:allocateBlock(222)) - Unable to allocate a block for the size: 4194304, type: RATIS, factor: ONE
2019-08-22 22:29:37,674 | INFO  | SCMAudit | user=jenkins1000 | ip=192.168.36.125 | op=ALLOCATE_BLOCK {owner=9dabc074-f182-481f-a0f9-3147f138db4c, size=4194304, type=RATIS, factor=ONE} | ret=SUCCESS |  
2019-08-22 22:29:37,681 | ERROR | OMAudit | user=jenkins1000 | ip=127.0.0.1 | op=ALLOCATE_BLOCK {volume=testcontainerstatemachinefailures, bucket=testcontainerstatemachinefailures, key=ratis, dataSize=0, replicationType=null, replicationFactor=null, keyLocationInfo=null, clientID=102662989513752576} | ret=FAILURE | org.apache.hadoop.hdds.scm.exceptions.SCMException: Allocated 0 blocks. Requested 1 blocks
	at org.apache.hadoop.hdds.scm.protocolPB.ScmBlockLocationProtocolClientSideTranslatorPB.handleError(ScmBlockLocationProtocolClientSideTranslatorPB.java:118)
	at org.apache.hadoop.hdds.scm.protocolPB.ScmBlockLocationProtocolClientSideTranslatorPB.allocateBlock(ScmBlockLocationProtocolClientSideTranslatorPB.java:156) 
2019-08-22 22:29:37,687 [main] ERROR io.BlockOutputStreamEntryPool (BlockOutputStreamEntryPool.java:allocateBlockIfNeeded(299)) - Try to allocate more blocks for write failed, already allocated 0 blocks for this write.
INTERNAL_ERROR org.apache.hadoop.ozone.om.exceptions.OMException: Allocated 0 blocks. Requested 1 blocks
	at org.apache.hadoop.ozone.om.protocolPB.OzoneManagerProtocolClientSideTranslatorPB.handleError(OzoneManagerProtocolClientSideTranslatorPB.java:725)
	at org.apache.hadoop.ozone.om.protocolPB.OzoneManagerProtocolClientSideTranslatorPB.allocateBlock(OzoneManagerProtocolClientSideTranslatorPB.java:757)
	at org.apache.hadoop.ozone.client.io.BlockOutputStreamEntryPool.allocateNewBlock(BlockOutputStreamEntryPool.java:248)
	at org.apache.hadoop.ozone.client.io.BlockOutputStreamEntryPool.allocateBlockIfNeeded(BlockOutputStreamEntryPool.java:296)
	at org.apache.hadoop.ozone.client.io.KeyOutputStream.handleWrite(KeyOutputStream.java:201)
	at org.apache.hadoop.ozone.client.io.KeyOutputStream.handleRetry(KeyOutputStream.java:376)
	at org.apache.hadoop.ozone.client.io.KeyOutputStream.handleException(KeyOutputStream.java:325)
	at org.apache.hadoop.ozone.client.io.KeyOutputStream.handleFlushOrClose(KeyOutputStream.java:448)
	at org.apache.hadoop.ozone.client.io.KeyOutputStream.close(KeyOutputStream.java:472)
	at org.apache.hadoop.ozone.client.io.OzoneOutputStream.close(OzoneOutputStream.java:60)
	at org.apache.hadoop.ozone.client.rpc.TestContainerStateMachine.testContainerStateMachineFailures(TestContainerStateMachine.java:142)
	at sun.reflect.NativeMethodAccessorImpl.invoke0(Native Method)
	at sun.reflect.NativeMethodAccessorImpl.invoke(NativeMethodAccessorImpl.java:62)
	at sun.reflect.DelegatingMethodAccessorImpl.invoke(DelegatingMethodAccessorImpl.java:43)
	at java.lang.reflect.Method.invoke(Method.java:498)
	at org.junit.runners.model.FrameworkMethod$1.runReflectiveCall(FrameworkMethod.java:47)
	at org.junit.internal.runners.model.ReflectiveCallable.run(ReflectiveCallable.java:12)
	at org.junit.runners.model.FrameworkMethod.invokeExplosively(FrameworkMethod.java:44)
	at org.junit.internal.runners.statements.InvokeMethod.evaluate(InvokeMethod.java:17)
	at org.junit.runners.ParentRunner.runLeaf(ParentRunner.java:271)
	at org.junit.runners.BlockJUnit4ClassRunner.runChild(BlockJUnit4ClassRunner.java:70)
	at org.junit.runners.BlockJUnit4ClassRunner.runChild(BlockJUnit4ClassRunner.java:50)
	at org.junit.runners.ParentRunner$3.run(ParentRunner.java:238)
	at org.junit.runners.ParentRunner$1.schedule(ParentRunner.java:63)
	at org.junit.runners.ParentRunner.runChildren(ParentRunner.java:236)
	at org.junit.runners.ParentRunner.access$000(ParentRunner.java:53)
	at org.junit.runners.ParentRunner$2.evaluate(ParentRunner.java:229)
	at org.junit.internal.runners.statements.RunBefores.evaluate(RunBefores.java:26)
	at org.junit.internal.runners.statements.RunAfters.evaluate(RunAfters.java:27)
	at org.junit.runners.ParentRunner.run(ParentRunner.java:309)
	at org.apache.maven.surefire.junit4.JUnit4Provider.execute(JUnit4Provider.java:365)
	at org.apache.maven.surefire.junit4.JUnit4Provider.executeWithRerun(JUnit4Provider.java:273)
	at org.apache.maven.surefire.junit4.JUnit4Provider.executeTestSet(JUnit4Provider.java:238)
	at org.apache.maven.surefire.junit4.JUnit4Provider.invoke(JUnit4Provider.java:159)
	at org.apache.maven.surefire.booter.ForkedBooter.invokeProviderInSameClassLoader(ForkedBooter.java:384)
	at org.apache.maven.surefire.booter.ForkedBooter.runSuitesInProcess(ForkedBooter.java:345)
	at org.apache.maven.surefire.booter.ForkedBooter.execute(ForkedBooter.java:126)
	at org.apache.maven.surefire.booter.ForkedBooter.main(ForkedBooter.java:418)
2019-08-22 22:29:37,687 [grpc-default-executor-3] INFO  impl.RaftServerProxy (RaftServerProxy.java:remove(95)) - 3dd09f11-375a-4f8f-ab0e-0728495e6bfb: remove group-B170555833DC:null
2019-08-22 22:29:37,698 [RatisPipelineUtilsThread] WARN  pipeline.RatisPipelineUtils (RatisPipelineUtils.java:destroyPipeline(66)) - Pipeline destroy failed for pipeline=PipelineID=e242c7b0-0e0e-4f0b-b58f-b170555833dc dn=3dd09f11-375a-4f8f-ab0e-0728495e6bfb{ip: 192.168.36.125, host: pr-hdds-1975-6rfct-3228563268, networkLocation: /default-rack, certSerialId: null}
2019-08-22 22:29:37,699 [RatisPipelineUtilsThread] ERROR pipeline.SCMPipelineManager (Scheduler.java:lambda$schedule$1(70)) - Destroy pipeline failed for pipeline:Pipeline[ Id: e242c7b0-0e0e-4f0b-b58f-b170555833dc, Nodes: 3dd09f11-375a-4f8f-ab0e-0728495e6bfb{ip: 192.168.36.125, host: pr-hdds-1975-6rfct-3228563268, networkLocation: /default-rack, certSerialId: null}, Type:RATIS, Factor:ONE, State:CLOSED]
org.apache.hadoop.hdds.scm.pipeline.PipelineNotFoundException: PipelineID=e242c7b0-0e0e-4f0b-b58f-b170555833dc not found
	at org.apache.hadoop.hdds.scm.pipeline.PipelineStateMap.getPipeline(PipelineStateMap.java:132)
	at org.apache.hadoop.hdds.scm.pipeline.PipelineStateMap.removePipeline(PipelineStateMap.java:322)
	at org.apache.hadoop.hdds.scm.pipeline.PipelineStateManager.removePipeline(PipelineStateManager.java:107)
	at org.apache.hadoop.hdds.scm.pipeline.SCMPipelineManager.removePipeline(SCMPipelineManager.java:397)
	at org.apache.hadoop.hdds.scm.pipeline.SCMPipelineManager.destroyPipeline(SCMPipelineManager.java:383)
	at org.apache.hadoop.hdds.scm.pipeline.SCMPipelineManager.lambda$finalizeAndDestroyPipeline$0(SCMPipelineManager.java:316)
	at org.apache.hadoop.utils.Scheduler.lambda$schedule$1(Scheduler.java:68)
	at java.util.concurrent.Executors$RunnableAdapter.call(Executors.java:511)
	at java.util.concurrent.FutureTask.run(FutureTask.java:266)
	at java.util.concurrent.ScheduledThreadPoolExecutor$ScheduledFutureTask.access$201(ScheduledThreadPoolExecutor.java:180)
	at java.util.concurrent.ScheduledThreadPoolExecutor$ScheduledFutureTask.run(ScheduledThreadPoolExecutor.java:293)
	at java.util.concurrent.ThreadPoolExecutor.runWorker(ThreadPoolExecutor.java:1149)
	at java.util.concurrent.ThreadPoolExecutor$Worker.run(ThreadPoolExecutor.java:624)
	at java.lang.Thread.run(Thread.java:748)
]]></system-out>
    <system-err><![CDATA[Aug 22, 2019 10:28:15 PM com.sun.jersey.server.impl.application.WebApplicationImpl _initiate
INFO: Initiating Jersey application, version 'Jersey: 1.19 02/11/2015 03:25 AM'
]]></system-err>
  </testcase>
</testsuite>