<?xml version="1.0" encoding="UTF-8"?>
<testsuite xmlns:xsi="http://www.w3.org/2001/XMLSchema-instance" xsi:noNamespaceSchemaLocation="https://maven.apache.org/surefire/maven-surefire-plugin/xsd/surefire-test-report.xsd" name="org.apache.hadoop.hdds.scm.pipeline.TestRatisPipelineCreateAndDestory" time="69.982" tests="2" errors="1" skipped="0" failures="0">
  <properties>
    <property name="awt.toolkit" value="sun.awt.X11.XToolkit"/>
    <property name="file.encoding.pkg" value="sun.io"/>
    <property name="java.specification.version" value="1.8"/>
    <property name="sun.cpu.isalist" value=""/>
    <property name="sun.jnu.encoding" value="UTF-8"/>
    <property name="java.class.path" value="/workdir/hadoop-ozone/integration-test/target/test-classes:/workdir/hadoop-ozone/integration-test/target/classes:/home/user/.m2/repository/org/apache/hadoop/hadoop-ozone-common/0.5.0-SNAPSHOT/hadoop-ozone-common-0.5.0-SNAPSHOT.jar:/home/user/.m2/repository/org/apache/commons/commons-compress/1.4.1/commons-compress-1.4.1.jar:/home/user/.m2/repository/org/tukaani/xz/1.0/xz-1.0.jar:/home/user/.m2/repository/org/apache/hadoop/hadoop-common/3.2.0/hadoop-common-3.2.0.jar:/home/user/.m2/repository/org/apache/hadoop/hadoop-hdfs/3.2.0/hadoop-hdfs-3.2.0.jar:/home/user/.m2/repository/org/apache/hadoop/hadoop-hdfs-client/3.2.0/hadoop-hdfs-client-3.2.0.jar:/home/user/.m2/repository/com/fasterxml/jackson/core/jackson-annotations/2.9.5/jackson-annotations-2.9.5.jar:/home/user/.m2/repository/org/apache/hadoop/hadoop-hdds-common/0.5.0-SNAPSHOT/hadoop-hdds-common-0.5.0-SNAPSHOT.jar:/home/user/.m2/repository/javax/annotation/javax.annotation-api/1.2/javax.annotation-api-1.2.jar:/home/user/.m2/repository/org/apache/ratis/ratis-server/0.4.0-2337318-SNAPSHOT/ratis-server-0.4.0-2337318-SNAPSHOT.jar:/home/user/.m2/repository/org/apache/ratis/ratis-thirdparty-misc/0.2.0/ratis-thirdparty-misc-0.2.0.jar:/home/user/.m2/repository/org/apache/ratis/ratis-proto/0.4.0-2337318-SNAPSHOT/ratis-proto-0.4.0-2337318-SNAPSHOT.jar:/home/user/.m2/repository/org/apache/ratis/ratis-common/0.4.0-2337318-SNAPSHOT/ratis-common-0.4.0-2337318-SNAPSHOT.jar:/home/user/.m2/repository/org/apache/ratis/ratis-client/0.4.0-2337318-SNAPSHOT/ratis-client-0.4.0-2337318-SNAPSHOT.jar:/home/user/.m2/repository/org/apache/ratis/ratis-metrics/0.4.0-2337318-SNAPSHOT/ratis-metrics-0.4.0-2337318-SNAPSHOT.jar:/home/user/.m2/repository/org/apache/ratis/ratis-netty/0.4.0-2337318-SNAPSHOT/ratis-netty-0.4.0-2337318-SNAPSHOT.jar:/home/user/.m2/repository/org/apache/ratis/ratis-grpc/0.4.0-2337318-SNAPSHOT/ratis-grpc-0.4.0-2337318-SNAPSHOT.jar:/home/user/.m2/repository/org/rocksdb/rocksdbjni/6.0.1/rocksdbjni-6.0.1.jar:/home/user/.m2/repository/org/apache/logging/log4j/log4j-api/2.11.0/log4j-api-2.11.0.jar:/home/user/.m2/repository/org/apache/logging/log4j/log4j-core/2.11.0/log4j-core-2.11.0.jar:/home/user/.m2/repository/com/lmax/disruptor/3.4.2/disruptor-3.4.2.jar:/home/user/.m2/repository/org/apache/commons/commons-pool2/2.6.0/commons-pool2-2.6.0.jar:/home/user/.m2/repository/org/bouncycastle/bcpkix-jdk15on/1.60/bcpkix-jdk15on-1.60.jar:/home/user/.m2/repository/commons-validator/commons-validator/1.6/commons-validator-1.6.jar:/home/user/.m2/repository/commons-digester/commons-digester/1.8.1/commons-digester-1.8.1.jar:/home/user/.m2/repository/io/jaegertracing/jaeger-client/0.33.1/jaeger-client-0.33.1.jar:/home/user/.m2/repository/io/jaegertracing/jaeger-thrift/0.33.1/jaeger-thrift-0.33.1.jar:/home/user/.m2/repository/org/apache/thrift/libthrift/0.11.0/libthrift-0.11.0.jar:/home/user/.m2/repository/com/squareup/okhttp3/okhttp/3.9.0/okhttp-3.9.0.jar:/home/user/.m2/repository/com/squareup/okio/okio/1.13.0/okio-1.13.0.jar:/home/user/.m2/repository/io/jaegertracing/jaeger-core/0.33.1/jaeger-core-0.33.1.jar:/home/user/.m2/repository/io/jaegertracing/jaeger-tracerresolver/0.33.1/jaeger-tracerresolver-0.33.1.jar:/home/user/.m2/repository/io/opentracing/contrib/opentracing-tracerresolver/0.1.5/opentracing-tracerresolver-0.1.5.jar:/home/user/.m2/repository/io/opentracing/opentracing-util/0.31.0/opentracing-util-0.31.0.jar:/home/user/.m2/repository/io/opentracing/opentracing-api/0.31.0/opentracing-api-0.31.0.jar:/home/user/.m2/repository/io/opentracing/opentracing-noop/0.31.0/opentracing-noop-0.31.0.jar:/home/user/.m2/repository/org/apache/hadoop/hadoop-hdds-server-framework/0.5.0-SNAPSHOT/hadoop-hdds-server-framework-0.5.0-SNAPSHOT.jar:/home/user/.m2/repository/org/apache/hadoop/hadoop-hdds-container-service/0.5.0-SNAPSHOT/hadoop-hdds-container-service-0.5.0-SNAPSHOT.jar:/home/user/.m2/repository/org/apache/hadoop/hadoop-hdds-client/0.5.0-SNAPSHOT/hadoop-hdds-client-0.5.0-SNAPSHOT.jar:/home/user/.m2/repository/org/apache/hadoop/hadoop-hdds-tools/0.5.0-SNAPSHOT/hadoop-hdds-tools-0.5.0-SNAPSHOT.jar:/home/user/.m2/repository/org/apache/hadoop/hadoop-hdds-server-scm/0.5.0-SNAPSHOT/hadoop-hdds-server-scm-0.5.0-SNAPSHOT.jar:/home/user/.m2/repository/org/apache/hadoop/hadoop-hdds-docs/0.5.0-SNAPSHOT/hadoop-hdds-docs-0.5.0-SNAPSHOT.jar:/home/user/.m2/repository/io/dropwizard/metrics/metrics-core/3.2.4/metrics-core-3.2.4.jar:/home/user/.m2/repository/org/hamcrest/hamcrest-all/1.3/hamcrest-all-1.3.jar:/home/user/.m2/repository/org/bouncycastle/bcprov-jdk15on/1.60/bcprov-jdk15on-1.60.jar:/home/user/.m2/repository/info/picocli/picocli/3.9.6/picocli-3.9.6.jar:/home/user/.m2/repository/com/google/protobuf/protobuf-java/2.5.0/protobuf-java-2.5.0.jar:/home/user/.m2/repository/com/google/guava/guava/11.0.2/guava-11.0.2.jar:/home/user/.m2/repository/org/apache/hadoop/hadoop-ozone-ozone-manager/0.5.0-SNAPSHOT/hadoop-ozone-ozone-manager-0.5.0-SNAPSHOT.jar:/home/user/.m2/repository/org/apache/hadoop/hadoop-minikdc/3.2.0/hadoop-minikdc-3.2.0.jar:/home/user/.m2/repository/commons-io/commons-io/2.5/commons-io-2.5.jar:/home/user/.m2/repository/org/apache/kerby/kerb-simplekdc/1.0.1/kerb-simplekdc-1.0.1.jar:/home/user/.m2/repository/org/apache/kerby/kerb-client/1.0.1/kerb-client-1.0.1.jar:/home/user/.m2/repository/org/apache/kerby/kerby-config/1.0.1/kerby-config-1.0.1.jar:/home/user/.m2/repository/org/apache/kerby/kerb-core/1.0.1/kerb-core-1.0.1.jar:/home/user/.m2/repository/org/apache/kerby/kerby-pkix/1.0.1/kerby-pkix-1.0.1.jar:/home/user/.m2/repository/org/apache/kerby/kerby-asn1/1.0.1/kerby-asn1-1.0.1.jar:/home/user/.m2/repository/org/apache/kerby/kerby-util/1.0.1/kerby-util-1.0.1.jar:/home/user/.m2/repository/org/apache/kerby/kerb-common/1.0.1/kerb-common-1.0.1.jar:/home/user/.m2/repository/org/apache/kerby/kerb-crypto/1.0.1/kerb-crypto-1.0.1.jar:/home/user/.m2/repository/org/apache/kerby/kerb-util/1.0.1/kerb-util-1.0.1.jar:/home/user/.m2/repository/org/apache/kerby/token-provider/1.0.1/token-provider-1.0.1.jar:/home/user/.m2/repository/org/apache/kerby/kerb-admin/1.0.1/kerb-admin-1.0.1.jar:/home/user/.m2/repository/org/apache/kerby/kerb-server/1.0.1/kerb-server-1.0.1.jar:/home/user/.m2/repository/org/apache/kerby/kerb-identity/1.0.1/kerb-identity-1.0.1.jar:/home/user/.m2/repository/org/apache/kerby/kerby-xdr/1.0.1/kerby-xdr-1.0.1.jar:/home/user/.m2/repository/org/slf4j/slf4j-log4j12/1.7.25/slf4j-log4j12-1.7.25.jar:/home/user/.m2/repository/org/apache/hadoop/hadoop-ozone-objectstore-service/0.5.0-SNAPSHOT/hadoop-ozone-objectstore-service-0.5.0-SNAPSHOT.jar:/home/user/.m2/repository/org/apache/hadoop/hadoop-ozone-s3gateway/0.5.0-SNAPSHOT/hadoop-ozone-s3gateway-0.5.0-SNAPSHOT.jar:/home/user/.m2/repository/org/jboss/weld/servlet/weld-servlet/2.4.7.Final/weld-servlet-2.4.7.Final.jar:/home/user/.m2/repository/org/glassfish/jersey/containers/jersey-container-servlet-core/2.27/jersey-container-servlet-core-2.27.jar:/home/user/.m2/repository/org/glassfish/hk2/external/javax.inject/2.5.0-b42/javax.inject-2.5.0-b42.jar:/home/user/.m2/repository/org/glassfish/jersey/core/jersey-common/2.27/jersey-common-2.27.jar:/home/user/.m2/repository/org/glassfish/hk2/osgi-resource-locator/1.0.1/osgi-resource-locator-1.0.1.jar:/home/user/.m2/repository/javax/ws/rs/javax.ws.rs-api/2.1/javax.ws.rs-api-2.1.jar:/home/user/.m2/repository/org/glassfish/jersey/ext/cdi/jersey-cdi1x/2.27/jersey-cdi1x-2.27.jar:/home/user/.m2/repository/org/glassfish/jersey/inject/jersey-hk2/2.27/jersey-hk2-2.27.jar:/home/user/.m2/repository/org/glassfish/hk2/hk2-locator/2.5.0-b42/hk2-locator-2.5.0-b42.jar:/home/user/.m2/repository/org/javassist/javassist/3.22.0-CR2/javassist-3.22.0-CR2.jar:/home/user/.m2/repository/org/glassfish/hk2/hk2-api/2.5.0/hk2-api-2.5.0.jar:/home/user/.m2/repository/org/glassfish/hk2/external/jakarta.inject/2.5.0/jakarta.inject-2.5.0.jar:/home/user/.m2/repository/org/glassfish/hk2/hk2-utils/2.5.0/hk2-utils-2.5.0.jar:/home/user/.m2/repository/jakarta/annotation/jakarta.annotation-api/1.3.4/jakarta.annotation-api-1.3.4.jar:/home/user/.m2/repository/org/glassfish/hk2/external/aopalliance-repackaged/2.5.0/aopalliance-repackaged-2.5.0.jar:/home/user/.m2/repository/com/fasterxml/jackson/dataformat/jackson-dataformat-xml/2.9.0/jackson-dataformat-xml-2.9.0.jar:/home/user/.m2/repository/com/fasterxml/jackson/core/jackson-core/2.9.5/jackson-core-2.9.5.jar:/home/user/.m2/repository/com/fasterxml/jackson/module/jackson-module-jaxb-annotations/2.9.5/jackson-module-jaxb-annotations-2.9.5.jar:/home/user/.m2/repository/javax/enterprise/cdi-api/1.2/cdi-api-1.2.jar:/home/user/.m2/repository/javax/el/javax.el-api/3.0.0/javax.el-api-3.0.0.jar:/home/user/.m2/repository/javax/interceptor/javax.interceptor-api/1.2/javax.interceptor-api-1.2.jar:/home/user/.m2/repository/javax/inject/javax.inject/1/javax.inject-1.jar:/home/user/.m2/repository/com/sun/xml/bind/jaxb-impl/2.3.0.1/jaxb-impl-2.3.0.1.jar:/home/user/.m2/repository/com/sun/xml/bind/jaxb-core/2.3.0.1/jaxb-core-2.3.0.1.jar:/home/user/.m2/repository/javax/xml/bind/jaxb-api/2.3.0/jaxb-api-2.3.0.jar:/home/user/.m2/repository/javax/activation/activation/1.1.1/activation-1.1.1.jar:/home/user/.m2/repository/org/apache/hadoop/hadoop-ozone-csi/0.5.0-SNAPSHOT/hadoop-ozone-csi-0.5.0-SNAPSHOT.jar:/home/user/.m2/repository/com/google/protobuf/protobuf-java-util/3.5.1/protobuf-java-util-3.5.1.jar:/home/user/.m2/repository/org/apache/hadoop/hadoop-hdds-config/0.5.0-SNAPSHOT/hadoop-hdds-config-0.5.0-SNAPSHOT.jar:/home/user/.m2/repository/io/grpc/grpc-netty/1.17.1/grpc-netty-1.17.1.jar:/home/user/.m2/repository/io/grpc/grpc-core/1.17.1/grpc-core-1.17.1.jar:/home/user/.m2/repository/io/grpc/grpc-context/1.17.1/grpc-context-1.17.1.jar:/home/user/.m2/repository/com/google/errorprone/error_prone_annotations/2.2.0/error_prone_annotations-2.2.0.jar:/home/user/.m2/repository/org/codehaus/mojo/animal-sniffer-annotations/1.17/animal-sniffer-annotations-1.17.jar:/home/user/.m2/repository/io/opencensus/opencensus-api/0.17.0/opencensus-api-0.17.0.jar:/home/user/.m2/repository/io/opencensus/opencensus-contrib-grpc-metrics/0.17.0/opencensus-contrib-grpc-metrics-0.17.0.jar:/home/user/.m2/repository/io/netty/netty-codec-http2/4.1.30.Final/netty-codec-http2-4.1.30.Final.jar:/home/user/.m2/repository/io/netty/netty-codec-http/4.1.30.Final/netty-codec-http-4.1.30.Final.jar:/home/user/.m2/repository/io/netty/netty-codec/4.1.30.Final/netty-codec-4.1.30.Final.jar:/home/user/.m2/repository/io/netty/netty-handler/4.1.30.Final/netty-handler-4.1.30.Final.jar:/home/user/.m2/repository/io/netty/netty-handler-proxy/4.1.30.Final/netty-handler-proxy-4.1.30.Final.jar:/home/user/.m2/repository/io/netty/netty-codec-socks/4.1.30.Final/netty-codec-socks-4.1.30.Final.jar:/home/user/.m2/repository/io/netty/netty-transport-native-epoll/4.1.30.Final/netty-transport-native-epoll-4.1.30.Final.jar:/home/user/.m2/repository/io/netty/netty-common/4.1.30.Final/netty-common-4.1.30.Final.jar:/home/user/.m2/repository/io/netty/netty-buffer/4.1.30.Final/netty-buffer-4.1.30.Final.jar:/home/user/.m2/repository/io/netty/netty-transport/4.1.30.Final/netty-transport-4.1.30.Final.jar:/home/user/.m2/repository/io/netty/netty-resolver/4.1.30.Final/netty-resolver-4.1.30.Final.jar:/home/user/.m2/repository/io/netty/netty-transport-native-unix-common/4.1.30.Final/netty-transport-native-unix-common-4.1.30.Final.jar:/home/user/.m2/repository/io/grpc/grpc-protobuf/1.17.1/grpc-protobuf-1.17.1.jar:/home/user/.m2/repository/com/google/api/grpc/proto-google-common-protos/1.0.0/proto-google-common-protos-1.0.0.jar:/home/user/.m2/repository/io/grpc/grpc-protobuf-lite/1.17.1/grpc-protobuf-lite-1.17.1.jar:/home/user/.m2/repository/io/grpc/grpc-stub/1.17.1/grpc-stub-1.17.1.jar:/home/user/.m2/repository/org/apache/hadoop/hadoop-ozone-recon/0.5.0-SNAPSHOT/hadoop-ozone-recon-0.5.0-SNAPSHOT.jar:/home/user/.m2/repository/org/apache/hadoop/hadoop-ozone-reconcodegen/0.5.0-SNAPSHOT/hadoop-ozone-reconcodegen-0.5.0-SNAPSHOT.jar:/home/user/.m2/repository/com/google/inject/extensions/guice-multibindings/4.0/guice-multibindings-4.0.jar:/home/user/.m2/repository/com/google/inject/guice/4.0/guice-4.0.jar:/home/user/.m2/repository/aopalliance/aopalliance/1.0/aopalliance-1.0.jar:/home/user/.m2/repository/com/google/inject/extensions/guice-servlet/4.0/guice-servlet-4.0.jar:/home/user/.m2/repository/org/glassfish/jersey/containers/jersey-container-servlet/2.27/jersey-container-servlet-2.27.jar:/home/user/.m2/repository/org/glassfish/hk2/guice-bridge/2.5.0/guice-bridge-2.5.0.jar:/home/user/.m2/repository/org/glassfish/jersey/core/jersey-server/2.27/jersey-server-2.27.jar:/home/user/.m2/repository/org/glassfish/jersey/core/jersey-client/2.27/jersey-client-2.27.jar:/home/user/.m2/repository/org/glassfish/jersey/media/jersey-media-jaxb/2.27/jersey-media-jaxb-2.27.jar:/home/user/.m2/repository/javax/validation/validation-api/1.1.0.Final/validation-api-1.1.0.Final.jar:/home/user/.m2/repository/org/glassfish/jersey/media/jersey-media-json-jackson/2.27/jersey-media-json-jackson-2.27.jar:/home/user/.m2/repository/org/glassfish/jersey/ext/jersey-entity-filtering/2.27/jersey-entity-filtering-2.27.jar:/home/user/.m2/repository/com/google/inject/extensions/guice-assistedinject/4.0/guice-assistedinject-4.0.jar:/home/user/.m2/repository/org/jooq/jooq/3.11.10/jooq-3.11.10.jar:/home/user/.m2/repository/org/jooq/jooq-meta/3.11.10/jooq-meta-3.11.10.jar:/home/user/.m2/repository/org/jooq/jooq-codegen/3.11.10/jooq-codegen-3.11.10.jar:/home/user/.m2/repository/com/jolbox/bonecp/0.8.0.RELEASE/bonecp-0.8.0.RELEASE.jar:/home/user/.m2/repository/org/xerial/sqlite-jdbc/3.25.2/sqlite-jdbc-3.25.2.jar:/home/user/.m2/repository/org/springframework/spring-jdbc/5.1.3.RELEASE/spring-jdbc-5.1.3.RELEASE.jar:/home/user/.m2/repository/org/springframework/spring-beans/5.1.3.RELEASE/spring-beans-5.1.3.RELEASE.jar:/home/user/.m2/repository/org/springframework/spring-core/5.1.3.RELEASE/spring-core-5.1.3.RELEASE.jar:/home/user/.m2/repository/org/springframework/spring-jcl/5.1.3.RELEASE/spring-jcl-5.1.3.RELEASE.jar:/home/user/.m2/repository/org/springframework/spring-tx/5.1.3.RELEASE/spring-tx-5.1.3.RELEASE.jar:/home/user/.m2/repository/org/apache/hadoop/hadoop-ozone-client/0.5.0-SNAPSHOT/hadoop-ozone-client-0.5.0-SNAPSHOT.jar:/home/user/.m2/repository/commons-lang/commons-lang/2.6/commons-lang-2.6.jar:/home/user/.m2/repository/org/apache/hadoop/hadoop-ozone-ozone-manager/0.5.0-SNAPSHOT/hadoop-ozone-ozone-manager-0.5.0-SNAPSHOT-tests.jar:/home/user/.m2/repository/junit/junit/4.11/junit-4.11.jar:/home/user/.m2/repository/org/hamcrest/hamcrest-core/1.3/hamcrest-core-1.3.jar:/home/user/.m2/repository/org/openjdk/jmh/jmh-core/1.19/jmh-core-1.19.jar:/home/user/.m2/repository/net/sf/jopt-simple/jopt-simple/4.6/jopt-simple-4.6.jar:/home/user/.m2/repository/org/apache/commons/commons-math3/3.1.1/commons-math3-3.1.1.jar:/home/user/.m2/repository/org/openjdk/jmh/jmh-generator-annprocess/1.19/jmh-generator-annprocess-1.19.jar:/home/user/.m2/repository/org/mockito/mockito-all/1.8.5/mockito-all-1.8.5.jar:/home/user/.m2/repository/org/apache/hadoop/hadoop-kms/3.2.0/hadoop-kms-3.2.0.jar:/home/user/.m2/repository/org/apache/hadoop/hadoop-auth/3.2.0/hadoop-auth-3.2.0.jar:/home/user/.m2/repository/com/nimbusds/nimbus-jose-jwt/4.41.1/nimbus-jose-jwt-4.41.1.jar:/home/user/.m2/repository/com/github/stephenc/jcip/jcip-annotations/1.0-1/jcip-annotations-1.0-1.jar:/home/user/.m2/repository/net/minidev/json-smart/2.3/json-smart-2.3.jar:/home/user/.m2/repository/net/minidev/accessors-smart/1.2/accessors-smart-1.2.jar:/home/user/.m2/repository/org/ow2/asm/asm/5.0.4/asm-5.0.4.jar:/home/user/.m2/repository/org/apache/curator/curator-framework/2.12.0/curator-framework-2.12.0.jar:/home/user/.m2/repository/com/sun/jersey/jersey-core/1.19/jersey-core-1.19.jar:/home/user/.m2/repository/javax/ws/rs/jsr311-api/1.1.1/jsr311-api-1.1.1.jar:/home/user/.m2/repository/com/sun/jersey/jersey-server/1.19/jersey-server-1.19.jar:/home/user/.m2/repository/javax/servlet/javax.servlet-api/3.1.0/javax.servlet-api-3.1.0.jar:/home/user/.m2/repository/org/eclipse/jetty/jetty-server/9.3.24.v20180605/jetty-server-9.3.24.v20180605.jar:/home/user/.m2/repository/org/eclipse/jetty/jetty-http/9.3.24.v20180605/jetty-http-9.3.24.v20180605.jar:/home/user/.m2/repository/org/eclipse/jetty/jetty-io/9.3.24.v20180605/jetty-io-9.3.24.v20180605.jar:/home/user/.m2/repository/org/eclipse/jetty/jetty-webapp/9.3.24.v20180605/jetty-webapp-9.3.24.v20180605.jar:/home/user/.m2/repository/org/eclipse/jetty/jetty-xml/9.3.24.v20180605/jetty-xml-9.3.24.v20180605.jar:/home/user/.m2/repository/log4j/log4j/1.2.17/log4j-1.2.17.jar:/home/user/.m2/repository/org/slf4j/slf4j-api/1.7.25/slf4j-api-1.7.25.jar:/home/user/.m2/repository/org/slf4j/jul-to-slf4j/1.7.25/jul-to-slf4j-1.7.25.jar:/home/user/.m2/repository/org/eclipse/jetty/jetty-util/9.3.24.v20180605/jetty-util-9.3.24.v20180605.jar:/home/user/.m2/repository/com/fasterxml/jackson/core/jackson-databind/2.9.5/jackson-databind-2.9.5.jar:/home/user/.m2/repository/org/apache/hadoop/hadoop-kms/3.2.0/hadoop-kms-3.2.0-tests.jar:/home/user/.m2/repository/org/apache/hadoop/hadoop-hdds-server-scm/0.5.0-SNAPSHOT/hadoop-hdds-server-scm-0.5.0-SNAPSHOT-tests.jar:/home/user/.m2/repository/org/apache/hadoop/hadoop-hdds-container-service/0.5.0-SNAPSHOT/hadoop-hdds-container-service-0.5.0-SNAPSHOT-tests.jar:/home/user/.m2/repository/org/yaml/snakeyaml/1.16/snakeyaml-1.16.jar:/home/user/.m2/repository/org/apache/hadoop/hadoop-common/3.2.0/hadoop-common-3.2.0-tests.jar:/home/user/.m2/repository/org/apache/hadoop/hadoop-annotations/3.2.0/hadoop-annotations-3.2.0.jar:/usr/lib/jvm/java-1.8-openjdk/jre/../lib/tools.jar:/home/user/.m2/repository/commons-cli/commons-cli/1.2/commons-cli-1.2.jar:/home/user/.m2/repository/org/apache/httpcomponents/httpclient/4.5.2/httpclient-4.5.2.jar:/home/user/.m2/repository/org/apache/httpcomponents/httpcore/4.4.4/httpcore-4.4.4.jar:/home/user/.m2/repository/commons-codec/commons-codec/1.11/commons-codec-1.11.jar:/home/user/.m2/repository/commons-net/commons-net/3.6/commons-net-3.6.jar:/home/user/.m2/repository/commons-collections/commons-collections/3.2.2/commons-collections-3.2.2.jar:/home/user/.m2/repository/org/eclipse/jetty/jetty-servlet/9.3.24.v20180605/jetty-servlet-9.3.24.v20180605.jar:/home/user/.m2/repository/org/eclipse/jetty/jetty-security/9.3.24.v20180605/jetty-security-9.3.24.v20180605.jar:/home/user/.m2/repository/javax/servlet/jsp/jsp-api/2.1/jsp-api-2.1.jar:/home/user/.m2/repository/com/sun/jersey/jersey-servlet/1.19/jersey-servlet-1.19.jar:/home/user/.m2/repository/com/sun/jersey/jersey-json/1.19/jersey-json-1.19.jar:/home/user/.m2/repository/org/codehaus/jettison/jettison/1.1/jettison-1.1.jar:/home/user/.m2/repository/org/codehaus/jackson/jackson-core-asl/1.9.13/jackson-core-asl-1.9.13.jar:/home/user/.m2/repository/org/codehaus/jackson/jackson-mapper-asl/1.9.13/jackson-mapper-asl-1.9.13.jar:/home/user/.m2/repository/org/codehaus/jackson/jackson-jaxrs/1.9.13/jackson-jaxrs-1.9.13.jar:/home/user/.m2/repository/org/codehaus/jackson/jackson-xc/1.9.13/jackson-xc-1.9.13.jar:/home/user/.m2/repository/commons-logging/commons-logging/1.1.3/commons-logging-1.1.3.jar:/home/user/.m2/repository/commons-beanutils/commons-beanutils/1.9.3/commons-beanutils-1.9.3.jar:/home/user/.m2/repository/org/apache/commons/commons-configuration2/2.1.1/commons-configuration2-2.1.1.jar:/home/user/.m2/repository/org/apache/commons/commons-lang3/3.7/commons-lang3-3.7.jar:/home/user/.m2/repository/org/apache/commons/commons-text/1.4/commons-text-1.4.jar:/home/user/.m2/repository/org/apache/avro/avro/1.7.7/avro-1.7.7.jar:/home/user/.m2/repository/com/thoughtworks/paranamer/paranamer/2.3/paranamer-2.3.jar:/home/user/.m2/repository/org/xerial/snappy/snappy-java/1.0.5/snappy-java-1.0.5.jar:/home/user/.m2/repository/com/google/re2j/re2j/1.1/re2j-1.1.jar:/home/user/.m2/repository/com/google/code/gson/gson/2.2.4/gson-2.2.4.jar:/home/user/.m2/repository/com/jcraft/jsch/0.1.54/jsch-0.1.54.jar:/home/user/.m2/repository/org/apache/curator/curator-client/2.12.0/curator-client-2.12.0.jar:/home/user/.m2/repository/org/apache/curator/curator-recipes/2.12.0/curator-recipes-2.12.0.jar:/home/user/.m2/repository/com/google/code/findbugs/jsr305/3.0.0/jsr305-3.0.0.jar:/home/user/.m2/repository/org/apache/htrace/htrace-core4/4.1.0-incubating/htrace-core4-4.1.0-incubating.jar:/home/user/.m2/repository/org/apache/zookeeper/zookeeper/3.4.13/zookeeper-3.4.13.jar:/home/user/.m2/repository/org/apache/yetus/audience-annotations/0.5.0/audience-annotations-0.5.0.jar:/home/user/.m2/repository/org/codehaus/woodstox/stax2-api/3.1.4/stax2-api-3.1.4.jar:/home/user/.m2/repository/com/fasterxml/woodstox/woodstox-core/5.0.3/woodstox-core-5.0.3.jar:/home/user/.m2/repository/dnsjava/dnsjava/2.1.7/dnsjava-2.1.7.jar:/home/user/.m2/repository/org/apache/hadoop/hadoop-hdfs/3.2.0/hadoop-hdfs-3.2.0-tests.jar:/home/user/.m2/repository/org/eclipse/jetty/jetty-util-ajax/9.3.24.v20180605/jetty-util-ajax-9.3.24.v20180605.jar:/home/user/.m2/repository/commons-daemon/commons-daemon/1.0.13/commons-daemon-1.0.13.jar:/home/user/.m2/repository/io/netty/netty/3.10.5.Final/netty-3.10.5.Final.jar:/home/user/.m2/repository/io/netty/netty-all/4.0.52.Final/netty-all-4.0.52.Final.jar:/home/user/.m2/repository/org/fusesource/leveldbjni/leveldbjni-all/1.8/leveldbjni-all-1.8.jar:"/>
    <property name="java.vm.vendor" value="IcedTea"/>
    <property name="sun.arch.data.model" value="64"/>
    <property name="test.build.dir" value="/workdir/hadoop-ozone/integration-test/target/test-dir"/>
    <property name="test.cache.data" value=""/>
    <property name="java.vendor.url" value="https://icedtea.classpath.org"/>
    <property name="user.timezone" value=""/>
    <property name="java.vm.specification.version" value="1.8"/>
    <property name="os.name" value="Linux"/>
    <property name="test.build.data" value="/workdir/hadoop-ozone/integration-test/target/test-dir"/>
    <property name="user.country" value="US"/>
    <property name="sun.java.launcher" value="SUN_STANDARD"/>
    <property name="sun.boot.library.path" value="/usr/lib/jvm/java-1.8-openjdk/jre/lib/amd64"/>
    <property name="sun.java.command" value="/workdir/hadoop-ozone/integration-test/target/surefire/surefirebooter2295128221680705239.jar /workdir/hadoop-ozone/integration-test/target/surefire 2019-08-21T17-34-41_978-jvmRun1 surefire8695335011516312071tmp surefire_895434745590808973799tmp"/>
    <property name="test" value="!TestMiniChaosOzoneCluster"/>
    <property name="surefire.test.class.path" value="/workdir/hadoop-ozone/integration-test/target/test-classes:/workdir/hadoop-ozone/integration-test/target/classes:/home/user/.m2/repository/org/apache/hadoop/hadoop-ozone-common/0.5.0-SNAPSHOT/hadoop-ozone-common-0.5.0-SNAPSHOT.jar:/home/user/.m2/repository/org/apache/commons/commons-compress/1.4.1/commons-compress-1.4.1.jar:/home/user/.m2/repository/org/tukaani/xz/1.0/xz-1.0.jar:/home/user/.m2/repository/org/apache/hadoop/hadoop-common/3.2.0/hadoop-common-3.2.0.jar:/home/user/.m2/repository/org/apache/hadoop/hadoop-hdfs/3.2.0/hadoop-hdfs-3.2.0.jar:/home/user/.m2/repository/org/apache/hadoop/hadoop-hdfs-client/3.2.0/hadoop-hdfs-client-3.2.0.jar:/home/user/.m2/repository/com/fasterxml/jackson/core/jackson-annotations/2.9.5/jackson-annotations-2.9.5.jar:/home/user/.m2/repository/org/apache/hadoop/hadoop-hdds-common/0.5.0-SNAPSHOT/hadoop-hdds-common-0.5.0-SNAPSHOT.jar:/home/user/.m2/repository/javax/annotation/javax.annotation-api/1.2/javax.annotation-api-1.2.jar:/home/user/.m2/repository/org/apache/ratis/ratis-server/0.4.0-2337318-SNAPSHOT/ratis-server-0.4.0-2337318-SNAPSHOT.jar:/home/user/.m2/repository/org/apache/ratis/ratis-thirdparty-misc/0.2.0/ratis-thirdparty-misc-0.2.0.jar:/home/user/.m2/repository/org/apache/ratis/ratis-proto/0.4.0-2337318-SNAPSHOT/ratis-proto-0.4.0-2337318-SNAPSHOT.jar:/home/user/.m2/repository/org/apache/ratis/ratis-common/0.4.0-2337318-SNAPSHOT/ratis-common-0.4.0-2337318-SNAPSHOT.jar:/home/user/.m2/repository/org/apache/ratis/ratis-client/0.4.0-2337318-SNAPSHOT/ratis-client-0.4.0-2337318-SNAPSHOT.jar:/home/user/.m2/repository/org/apache/ratis/ratis-metrics/0.4.0-2337318-SNAPSHOT/ratis-metrics-0.4.0-2337318-SNAPSHOT.jar:/home/user/.m2/repository/org/apache/ratis/ratis-netty/0.4.0-2337318-SNAPSHOT/ratis-netty-0.4.0-2337318-SNAPSHOT.jar:/home/user/.m2/repository/org/apache/ratis/ratis-grpc/0.4.0-2337318-SNAPSHOT/ratis-grpc-0.4.0-2337318-SNAPSHOT.jar:/home/user/.m2/repository/org/rocksdb/rocksdbjni/6.0.1/rocksdbjni-6.0.1.jar:/home/user/.m2/repository/org/apache/logging/log4j/log4j-api/2.11.0/log4j-api-2.11.0.jar:/home/user/.m2/repository/org/apache/logging/log4j/log4j-core/2.11.0/log4j-core-2.11.0.jar:/home/user/.m2/repository/com/lmax/disruptor/3.4.2/disruptor-3.4.2.jar:/home/user/.m2/repository/org/apache/commons/commons-pool2/2.6.0/commons-pool2-2.6.0.jar:/home/user/.m2/repository/org/bouncycastle/bcpkix-jdk15on/1.60/bcpkix-jdk15on-1.60.jar:/home/user/.m2/repository/commons-validator/commons-validator/1.6/commons-validator-1.6.jar:/home/user/.m2/repository/commons-digester/commons-digester/1.8.1/commons-digester-1.8.1.jar:/home/user/.m2/repository/io/jaegertracing/jaeger-client/0.33.1/jaeger-client-0.33.1.jar:/home/user/.m2/repository/io/jaegertracing/jaeger-thrift/0.33.1/jaeger-thrift-0.33.1.jar:/home/user/.m2/repository/org/apache/thrift/libthrift/0.11.0/libthrift-0.11.0.jar:/home/user/.m2/repository/com/squareup/okhttp3/okhttp/3.9.0/okhttp-3.9.0.jar:/home/user/.m2/repository/com/squareup/okio/okio/1.13.0/okio-1.13.0.jar:/home/user/.m2/repository/io/jaegertracing/jaeger-core/0.33.1/jaeger-core-0.33.1.jar:/home/user/.m2/repository/io/jaegertracing/jaeger-tracerresolver/0.33.1/jaeger-tracerresolver-0.33.1.jar:/home/user/.m2/repository/io/opentracing/contrib/opentracing-tracerresolver/0.1.5/opentracing-tracerresolver-0.1.5.jar:/home/user/.m2/repository/io/opentracing/opentracing-util/0.31.0/opentracing-util-0.31.0.jar:/home/user/.m2/repository/io/opentracing/opentracing-api/0.31.0/opentracing-api-0.31.0.jar:/home/user/.m2/repository/io/opentracing/opentracing-noop/0.31.0/opentracing-noop-0.31.0.jar:/home/user/.m2/repository/org/apache/hadoop/hadoop-hdds-server-framework/0.5.0-SNAPSHOT/hadoop-hdds-server-framework-0.5.0-SNAPSHOT.jar:/home/user/.m2/repository/org/apache/hadoop/hadoop-hdds-container-service/0.5.0-SNAPSHOT/hadoop-hdds-container-service-0.5.0-SNAPSHOT.jar:/home/user/.m2/repository/org/apache/hadoop/hadoop-hdds-client/0.5.0-SNAPSHOT/hadoop-hdds-client-0.5.0-SNAPSHOT.jar:/home/user/.m2/repository/org/apache/hadoop/hadoop-hdds-tools/0.5.0-SNAPSHOT/hadoop-hdds-tools-0.5.0-SNAPSHOT.jar:/home/user/.m2/repository/org/apache/hadoop/hadoop-hdds-server-scm/0.5.0-SNAPSHOT/hadoop-hdds-server-scm-0.5.0-SNAPSHOT.jar:/home/user/.m2/repository/org/apache/hadoop/hadoop-hdds-docs/0.5.0-SNAPSHOT/hadoop-hdds-docs-0.5.0-SNAPSHOT.jar:/home/user/.m2/repository/io/dropwizard/metrics/metrics-core/3.2.4/metrics-core-3.2.4.jar:/home/user/.m2/repository/org/hamcrest/hamcrest-all/1.3/hamcrest-all-1.3.jar:/home/user/.m2/repository/org/bouncycastle/bcprov-jdk15on/1.60/bcprov-jdk15on-1.60.jar:/home/user/.m2/repository/info/picocli/picocli/3.9.6/picocli-3.9.6.jar:/home/user/.m2/repository/com/google/protobuf/protobuf-java/2.5.0/protobuf-java-2.5.0.jar:/home/user/.m2/repository/com/google/guava/guava/11.0.2/guava-11.0.2.jar:/home/user/.m2/repository/org/apache/hadoop/hadoop-ozone-ozone-manager/0.5.0-SNAPSHOT/hadoop-ozone-ozone-manager-0.5.0-SNAPSHOT.jar:/home/user/.m2/repository/org/apache/hadoop/hadoop-minikdc/3.2.0/hadoop-minikdc-3.2.0.jar:/home/user/.m2/repository/commons-io/commons-io/2.5/commons-io-2.5.jar:/home/user/.m2/repository/org/apache/kerby/kerb-simplekdc/1.0.1/kerb-simplekdc-1.0.1.jar:/home/user/.m2/repository/org/apache/kerby/kerb-client/1.0.1/kerb-client-1.0.1.jar:/home/user/.m2/repository/org/apache/kerby/kerby-config/1.0.1/kerby-config-1.0.1.jar:/home/user/.m2/repository/org/apache/kerby/kerb-core/1.0.1/kerb-core-1.0.1.jar:/home/user/.m2/repository/org/apache/kerby/kerby-pkix/1.0.1/kerby-pkix-1.0.1.jar:/home/user/.m2/repository/org/apache/kerby/kerby-asn1/1.0.1/kerby-asn1-1.0.1.jar:/home/user/.m2/repository/org/apache/kerby/kerby-util/1.0.1/kerby-util-1.0.1.jar:/home/user/.m2/repository/org/apache/kerby/kerb-common/1.0.1/kerb-common-1.0.1.jar:/home/user/.m2/repository/org/apache/kerby/kerb-crypto/1.0.1/kerb-crypto-1.0.1.jar:/home/user/.m2/repository/org/apache/kerby/kerb-util/1.0.1/kerb-util-1.0.1.jar:/home/user/.m2/repository/org/apache/kerby/token-provider/1.0.1/token-provider-1.0.1.jar:/home/user/.m2/repository/org/apache/kerby/kerb-admin/1.0.1/kerb-admin-1.0.1.jar:/home/user/.m2/repository/org/apache/kerby/kerb-server/1.0.1/kerb-server-1.0.1.jar:/home/user/.m2/repository/org/apache/kerby/kerb-identity/1.0.1/kerb-identity-1.0.1.jar:/home/user/.m2/repository/org/apache/kerby/kerby-xdr/1.0.1/kerby-xdr-1.0.1.jar:/home/user/.m2/repository/org/slf4j/slf4j-log4j12/1.7.25/slf4j-log4j12-1.7.25.jar:/home/user/.m2/repository/org/apache/hadoop/hadoop-ozone-objectstore-service/0.5.0-SNAPSHOT/hadoop-ozone-objectstore-service-0.5.0-SNAPSHOT.jar:/home/user/.m2/repository/org/apache/hadoop/hadoop-ozone-s3gateway/0.5.0-SNAPSHOT/hadoop-ozone-s3gateway-0.5.0-SNAPSHOT.jar:/home/user/.m2/repository/org/jboss/weld/servlet/weld-servlet/2.4.7.Final/weld-servlet-2.4.7.Final.jar:/home/user/.m2/repository/org/glassfish/jersey/containers/jersey-container-servlet-core/2.27/jersey-container-servlet-core-2.27.jar:/home/user/.m2/repository/org/glassfish/hk2/external/javax.inject/2.5.0-b42/javax.inject-2.5.0-b42.jar:/home/user/.m2/repository/org/glassfish/jersey/core/jersey-common/2.27/jersey-common-2.27.jar:/home/user/.m2/repository/org/glassfish/hk2/osgi-resource-locator/1.0.1/osgi-resource-locator-1.0.1.jar:/home/user/.m2/repository/javax/ws/rs/javax.ws.rs-api/2.1/javax.ws.rs-api-2.1.jar:/home/user/.m2/repository/org/glassfish/jersey/ext/cdi/jersey-cdi1x/2.27/jersey-cdi1x-2.27.jar:/home/user/.m2/repository/org/glassfish/jersey/inject/jersey-hk2/2.27/jersey-hk2-2.27.jar:/home/user/.m2/repository/org/glassfish/hk2/hk2-locator/2.5.0-b42/hk2-locator-2.5.0-b42.jar:/home/user/.m2/repository/org/javassist/javassist/3.22.0-CR2/javassist-3.22.0-CR2.jar:/home/user/.m2/repository/org/glassfish/hk2/hk2-api/2.5.0/hk2-api-2.5.0.jar:/home/user/.m2/repository/org/glassfish/hk2/external/jakarta.inject/2.5.0/jakarta.inject-2.5.0.jar:/home/user/.m2/repository/org/glassfish/hk2/hk2-utils/2.5.0/hk2-utils-2.5.0.jar:/home/user/.m2/repository/jakarta/annotation/jakarta.annotation-api/1.3.4/jakarta.annotation-api-1.3.4.jar:/home/user/.m2/repository/org/glassfish/hk2/external/aopalliance-repackaged/2.5.0/aopalliance-repackaged-2.5.0.jar:/home/user/.m2/repository/com/fasterxml/jackson/dataformat/jackson-dataformat-xml/2.9.0/jackson-dataformat-xml-2.9.0.jar:/home/user/.m2/repository/com/fasterxml/jackson/core/jackson-core/2.9.5/jackson-core-2.9.5.jar:/home/user/.m2/repository/com/fasterxml/jackson/module/jackson-module-jaxb-annotations/2.9.5/jackson-module-jaxb-annotations-2.9.5.jar:/home/user/.m2/repository/javax/enterprise/cdi-api/1.2/cdi-api-1.2.jar:/home/user/.m2/repository/javax/el/javax.el-api/3.0.0/javax.el-api-3.0.0.jar:/home/user/.m2/repository/javax/interceptor/javax.interceptor-api/1.2/javax.interceptor-api-1.2.jar:/home/user/.m2/repository/javax/inject/javax.inject/1/javax.inject-1.jar:/home/user/.m2/repository/com/sun/xml/bind/jaxb-impl/2.3.0.1/jaxb-impl-2.3.0.1.jar:/home/user/.m2/repository/com/sun/xml/bind/jaxb-core/2.3.0.1/jaxb-core-2.3.0.1.jar:/home/user/.m2/repository/javax/xml/bind/jaxb-api/2.3.0/jaxb-api-2.3.0.jar:/home/user/.m2/repository/javax/activation/activation/1.1.1/activation-1.1.1.jar:/home/user/.m2/repository/org/apache/hadoop/hadoop-ozone-csi/0.5.0-SNAPSHOT/hadoop-ozone-csi-0.5.0-SNAPSHOT.jar:/home/user/.m2/repository/com/google/protobuf/protobuf-java-util/3.5.1/protobuf-java-util-3.5.1.jar:/home/user/.m2/repository/org/apache/hadoop/hadoop-hdds-config/0.5.0-SNAPSHOT/hadoop-hdds-config-0.5.0-SNAPSHOT.jar:/home/user/.m2/repository/io/grpc/grpc-netty/1.17.1/grpc-netty-1.17.1.jar:/home/user/.m2/repository/io/grpc/grpc-core/1.17.1/grpc-core-1.17.1.jar:/home/user/.m2/repository/io/grpc/grpc-context/1.17.1/grpc-context-1.17.1.jar:/home/user/.m2/repository/com/google/errorprone/error_prone_annotations/2.2.0/error_prone_annotations-2.2.0.jar:/home/user/.m2/repository/org/codehaus/mojo/animal-sniffer-annotations/1.17/animal-sniffer-annotations-1.17.jar:/home/user/.m2/repository/io/opencensus/opencensus-api/0.17.0/opencensus-api-0.17.0.jar:/home/user/.m2/repository/io/opencensus/opencensus-contrib-grpc-metrics/0.17.0/opencensus-contrib-grpc-metrics-0.17.0.jar:/home/user/.m2/repository/io/netty/netty-codec-http2/4.1.30.Final/netty-codec-http2-4.1.30.Final.jar:/home/user/.m2/repository/io/netty/netty-codec-http/4.1.30.Final/netty-codec-http-4.1.30.Final.jar:/home/user/.m2/repository/io/netty/netty-codec/4.1.30.Final/netty-codec-4.1.30.Final.jar:/home/user/.m2/repository/io/netty/netty-handler/4.1.30.Final/netty-handler-4.1.30.Final.jar:/home/user/.m2/repository/io/netty/netty-handler-proxy/4.1.30.Final/netty-handler-proxy-4.1.30.Final.jar:/home/user/.m2/repository/io/netty/netty-codec-socks/4.1.30.Final/netty-codec-socks-4.1.30.Final.jar:/home/user/.m2/repository/io/netty/netty-transport-native-epoll/4.1.30.Final/netty-transport-native-epoll-4.1.30.Final.jar:/home/user/.m2/repository/io/netty/netty-common/4.1.30.Final/netty-common-4.1.30.Final.jar:/home/user/.m2/repository/io/netty/netty-buffer/4.1.30.Final/netty-buffer-4.1.30.Final.jar:/home/user/.m2/repository/io/netty/netty-transport/4.1.30.Final/netty-transport-4.1.30.Final.jar:/home/user/.m2/repository/io/netty/netty-resolver/4.1.30.Final/netty-resolver-4.1.30.Final.jar:/home/user/.m2/repository/io/netty/netty-transport-native-unix-common/4.1.30.Final/netty-transport-native-unix-common-4.1.30.Final.jar:/home/user/.m2/repository/io/grpc/grpc-protobuf/1.17.1/grpc-protobuf-1.17.1.jar:/home/user/.m2/repository/com/google/api/grpc/proto-google-common-protos/1.0.0/proto-google-common-protos-1.0.0.jar:/home/user/.m2/repository/io/grpc/grpc-protobuf-lite/1.17.1/grpc-protobuf-lite-1.17.1.jar:/home/user/.m2/repository/io/grpc/grpc-stub/1.17.1/grpc-stub-1.17.1.jar:/home/user/.m2/repository/org/apache/hadoop/hadoop-ozone-recon/0.5.0-SNAPSHOT/hadoop-ozone-recon-0.5.0-SNAPSHOT.jar:/home/user/.m2/repository/org/apache/hadoop/hadoop-ozone-reconcodegen/0.5.0-SNAPSHOT/hadoop-ozone-reconcodegen-0.5.0-SNAPSHOT.jar:/home/user/.m2/repository/com/google/inject/extensions/guice-multibindings/4.0/guice-multibindings-4.0.jar:/home/user/.m2/repository/com/google/inject/guice/4.0/guice-4.0.jar:/home/user/.m2/repository/aopalliance/aopalliance/1.0/aopalliance-1.0.jar:/home/user/.m2/repository/com/google/inject/extensions/guice-servlet/4.0/guice-servlet-4.0.jar:/home/user/.m2/repository/org/glassfish/jersey/containers/jersey-container-servlet/2.27/jersey-container-servlet-2.27.jar:/home/user/.m2/repository/org/glassfish/hk2/guice-bridge/2.5.0/guice-bridge-2.5.0.jar:/home/user/.m2/repository/org/glassfish/jersey/core/jersey-server/2.27/jersey-server-2.27.jar:/home/user/.m2/repository/org/glassfish/jersey/core/jersey-client/2.27/jersey-client-2.27.jar:/home/user/.m2/repository/org/glassfish/jersey/media/jersey-media-jaxb/2.27/jersey-media-jaxb-2.27.jar:/home/user/.m2/repository/javax/validation/validation-api/1.1.0.Final/validation-api-1.1.0.Final.jar:/home/user/.m2/repository/org/glassfish/jersey/media/jersey-media-json-jackson/2.27/jersey-media-json-jackson-2.27.jar:/home/user/.m2/repository/org/glassfish/jersey/ext/jersey-entity-filtering/2.27/jersey-entity-filtering-2.27.jar:/home/user/.m2/repository/com/google/inject/extensions/guice-assistedinject/4.0/guice-assistedinject-4.0.jar:/home/user/.m2/repository/org/jooq/jooq/3.11.10/jooq-3.11.10.jar:/home/user/.m2/repository/org/jooq/jooq-meta/3.11.10/jooq-meta-3.11.10.jar:/home/user/.m2/repository/org/jooq/jooq-codegen/3.11.10/jooq-codegen-3.11.10.jar:/home/user/.m2/repository/com/jolbox/bonecp/0.8.0.RELEASE/bonecp-0.8.0.RELEASE.jar:/home/user/.m2/repository/org/xerial/sqlite-jdbc/3.25.2/sqlite-jdbc-3.25.2.jar:/home/user/.m2/repository/org/springframework/spring-jdbc/5.1.3.RELEASE/spring-jdbc-5.1.3.RELEASE.jar:/home/user/.m2/repository/org/springframework/spring-beans/5.1.3.RELEASE/spring-beans-5.1.3.RELEASE.jar:/home/user/.m2/repository/org/springframework/spring-core/5.1.3.RELEASE/spring-core-5.1.3.RELEASE.jar:/home/user/.m2/repository/org/springframework/spring-jcl/5.1.3.RELEASE/spring-jcl-5.1.3.RELEASE.jar:/home/user/.m2/repository/org/springframework/spring-tx/5.1.3.RELEASE/spring-tx-5.1.3.RELEASE.jar:/home/user/.m2/repository/org/apache/hadoop/hadoop-ozone-client/0.5.0-SNAPSHOT/hadoop-ozone-client-0.5.0-SNAPSHOT.jar:/home/user/.m2/repository/commons-lang/commons-lang/2.6/commons-lang-2.6.jar:/home/user/.m2/repository/org/apache/hadoop/hadoop-ozone-ozone-manager/0.5.0-SNAPSHOT/hadoop-ozone-ozone-manager-0.5.0-SNAPSHOT-tests.jar:/home/user/.m2/repository/junit/junit/4.11/junit-4.11.jar:/home/user/.m2/repository/org/hamcrest/hamcrest-core/1.3/hamcrest-core-1.3.jar:/home/user/.m2/repository/org/openjdk/jmh/jmh-core/1.19/jmh-core-1.19.jar:/home/user/.m2/repository/net/sf/jopt-simple/jopt-simple/4.6/jopt-simple-4.6.jar:/home/user/.m2/repository/org/apache/commons/commons-math3/3.1.1/commons-math3-3.1.1.jar:/home/user/.m2/repository/org/openjdk/jmh/jmh-generator-annprocess/1.19/jmh-generator-annprocess-1.19.jar:/home/user/.m2/repository/org/mockito/mockito-all/1.8.5/mockito-all-1.8.5.jar:/home/user/.m2/repository/org/apache/hadoop/hadoop-kms/3.2.0/hadoop-kms-3.2.0.jar:/home/user/.m2/repository/org/apache/hadoop/hadoop-auth/3.2.0/hadoop-auth-3.2.0.jar:/home/user/.m2/repository/com/nimbusds/nimbus-jose-jwt/4.41.1/nimbus-jose-jwt-4.41.1.jar:/home/user/.m2/repository/com/github/stephenc/jcip/jcip-annotations/1.0-1/jcip-annotations-1.0-1.jar:/home/user/.m2/repository/net/minidev/json-smart/2.3/json-smart-2.3.jar:/home/user/.m2/repository/net/minidev/accessors-smart/1.2/accessors-smart-1.2.jar:/home/user/.m2/repository/org/ow2/asm/asm/5.0.4/asm-5.0.4.jar:/home/user/.m2/repository/org/apache/curator/curator-framework/2.12.0/curator-framework-2.12.0.jar:/home/user/.m2/repository/com/sun/jersey/jersey-core/1.19/jersey-core-1.19.jar:/home/user/.m2/repository/javax/ws/rs/jsr311-api/1.1.1/jsr311-api-1.1.1.jar:/home/user/.m2/repository/com/sun/jersey/jersey-server/1.19/jersey-server-1.19.jar:/home/user/.m2/repository/javax/servlet/javax.servlet-api/3.1.0/javax.servlet-api-3.1.0.jar:/home/user/.m2/repository/org/eclipse/jetty/jetty-server/9.3.24.v20180605/jetty-server-9.3.24.v20180605.jar:/home/user/.m2/repository/org/eclipse/jetty/jetty-http/9.3.24.v20180605/jetty-http-9.3.24.v20180605.jar:/home/user/.m2/repository/org/eclipse/jetty/jetty-io/9.3.24.v20180605/jetty-io-9.3.24.v20180605.jar:/home/user/.m2/repository/org/eclipse/jetty/jetty-webapp/9.3.24.v20180605/jetty-webapp-9.3.24.v20180605.jar:/home/user/.m2/repository/org/eclipse/jetty/jetty-xml/9.3.24.v20180605/jetty-xml-9.3.24.v20180605.jar:/home/user/.m2/repository/log4j/log4j/1.2.17/log4j-1.2.17.jar:/home/user/.m2/repository/org/slf4j/slf4j-api/1.7.25/slf4j-api-1.7.25.jar:/home/user/.m2/repository/org/slf4j/jul-to-slf4j/1.7.25/jul-to-slf4j-1.7.25.jar:/home/user/.m2/repository/org/eclipse/jetty/jetty-util/9.3.24.v20180605/jetty-util-9.3.24.v20180605.jar:/home/user/.m2/repository/com/fasterxml/jackson/core/jackson-databind/2.9.5/jackson-databind-2.9.5.jar:/home/user/.m2/repository/org/apache/hadoop/hadoop-kms/3.2.0/hadoop-kms-3.2.0-tests.jar:/home/user/.m2/repository/org/apache/hadoop/hadoop-hdds-server-scm/0.5.0-SNAPSHOT/hadoop-hdds-server-scm-0.5.0-SNAPSHOT-tests.jar:/home/user/.m2/repository/org/apache/hadoop/hadoop-hdds-container-service/0.5.0-SNAPSHOT/hadoop-hdds-container-service-0.5.0-SNAPSHOT-tests.jar:/home/user/.m2/repository/org/yaml/snakeyaml/1.16/snakeyaml-1.16.jar:/home/user/.m2/repository/org/apache/hadoop/hadoop-common/3.2.0/hadoop-common-3.2.0-tests.jar:/home/user/.m2/repository/org/apache/hadoop/hadoop-annotations/3.2.0/hadoop-annotations-3.2.0.jar:/usr/lib/jvm/java-1.8-openjdk/jre/../lib/tools.jar:/home/user/.m2/repository/commons-cli/commons-cli/1.2/commons-cli-1.2.jar:/home/user/.m2/repository/org/apache/httpcomponents/httpclient/4.5.2/httpclient-4.5.2.jar:/home/user/.m2/repository/org/apache/httpcomponents/httpcore/4.4.4/httpcore-4.4.4.jar:/home/user/.m2/repository/commons-codec/commons-codec/1.11/commons-codec-1.11.jar:/home/user/.m2/repository/commons-net/commons-net/3.6/commons-net-3.6.jar:/home/user/.m2/repository/commons-collections/commons-collections/3.2.2/commons-collections-3.2.2.jar:/home/user/.m2/repository/org/eclipse/jetty/jetty-servlet/9.3.24.v20180605/jetty-servlet-9.3.24.v20180605.jar:/home/user/.m2/repository/org/eclipse/jetty/jetty-security/9.3.24.v20180605/jetty-security-9.3.24.v20180605.jar:/home/user/.m2/repository/javax/servlet/jsp/jsp-api/2.1/jsp-api-2.1.jar:/home/user/.m2/repository/com/sun/jersey/jersey-servlet/1.19/jersey-servlet-1.19.jar:/home/user/.m2/repository/com/sun/jersey/jersey-json/1.19/jersey-json-1.19.jar:/home/user/.m2/repository/org/codehaus/jettison/jettison/1.1/jettison-1.1.jar:/home/user/.m2/repository/org/codehaus/jackson/jackson-core-asl/1.9.13/jackson-core-asl-1.9.13.jar:/home/user/.m2/repository/org/codehaus/jackson/jackson-mapper-asl/1.9.13/jackson-mapper-asl-1.9.13.jar:/home/user/.m2/repository/org/codehaus/jackson/jackson-jaxrs/1.9.13/jackson-jaxrs-1.9.13.jar:/home/user/.m2/repository/org/codehaus/jackson/jackson-xc/1.9.13/jackson-xc-1.9.13.jar:/home/user/.m2/repository/commons-logging/commons-logging/1.1.3/commons-logging-1.1.3.jar:/home/user/.m2/repository/commons-beanutils/commons-beanutils/1.9.3/commons-beanutils-1.9.3.jar:/home/user/.m2/repository/org/apache/commons/commons-configuration2/2.1.1/commons-configuration2-2.1.1.jar:/home/user/.m2/repository/org/apache/commons/commons-lang3/3.7/commons-lang3-3.7.jar:/home/user/.m2/repository/org/apache/commons/commons-text/1.4/commons-text-1.4.jar:/home/user/.m2/repository/org/apache/avro/avro/1.7.7/avro-1.7.7.jar:/home/user/.m2/repository/com/thoughtworks/paranamer/paranamer/2.3/paranamer-2.3.jar:/home/user/.m2/repository/org/xerial/snappy/snappy-java/1.0.5/snappy-java-1.0.5.jar:/home/user/.m2/repository/com/google/re2j/re2j/1.1/re2j-1.1.jar:/home/user/.m2/repository/com/google/code/gson/gson/2.2.4/gson-2.2.4.jar:/home/user/.m2/repository/com/jcraft/jsch/0.1.54/jsch-0.1.54.jar:/home/user/.m2/repository/org/apache/curator/curator-client/2.12.0/curator-client-2.12.0.jar:/home/user/.m2/repository/org/apache/curator/curator-recipes/2.12.0/curator-recipes-2.12.0.jar:/home/user/.m2/repository/com/google/code/findbugs/jsr305/3.0.0/jsr305-3.0.0.jar:/home/user/.m2/repository/org/apache/htrace/htrace-core4/4.1.0-incubating/htrace-core4-4.1.0-incubating.jar:/home/user/.m2/repository/org/apache/zookeeper/zookeeper/3.4.13/zookeeper-3.4.13.jar:/home/user/.m2/repository/org/apache/yetus/audience-annotations/0.5.0/audience-annotations-0.5.0.jar:/home/user/.m2/repository/org/codehaus/woodstox/stax2-api/3.1.4/stax2-api-3.1.4.jar:/home/user/.m2/repository/com/fasterxml/woodstox/woodstox-core/5.0.3/woodstox-core-5.0.3.jar:/home/user/.m2/repository/dnsjava/dnsjava/2.1.7/dnsjava-2.1.7.jar:/home/user/.m2/repository/org/apache/hadoop/hadoop-hdfs/3.2.0/hadoop-hdfs-3.2.0-tests.jar:/home/user/.m2/repository/org/eclipse/jetty/jetty-util-ajax/9.3.24.v20180605/jetty-util-ajax-9.3.24.v20180605.jar:/home/user/.m2/repository/commons-daemon/commons-daemon/1.0.13/commons-daemon-1.0.13.jar:/home/user/.m2/repository/io/netty/netty/3.10.5.Final/netty-3.10.5.Final.jar:/home/user/.m2/repository/io/netty/netty-all/4.0.52.Final/netty-all-4.0.52.Final.jar:/home/user/.m2/repository/org/fusesource/leveldbjni/leveldbjni-all/1.8/leveldbjni-all-1.8.jar:"/>
    <property name="sun.cpu.endian" value="little"/>
    <property name="user.home" value="/home/user"/>
    <property name="user.language" value="en"/>
    <property name="java.specification.vendor" value="Oracle Corporation"/>
    <property name="java.home" value="/usr/lib/jvm/java-1.8-openjdk/jre"/>
    <property name="java.security.krb5.conf" value="/workdir/hadoop-ozone/integration-test/target/test-classes/krb5.conf"/>
    <property name="basedir" value="/workdir/hadoop-ozone/integration-test"/>
    <property name="file.separator" value="/"/>
    <property name="line.separator" value="&#10;"/>
    <property name="java.vm.specification.vendor" value="Oracle Corporation"/>
    <property name="java.specification.name" value="Java Platform API Specification"/>
    <property name="java.awt.graphicsenv" value="sun.awt.X11GraphicsEnvironment"/>
    <property name="surefire.real.class.path" value="/workdir/hadoop-ozone/integration-test/target/surefire/surefirebooter2295128221680705239.jar"/>
    <property name="hadoop.log.dir" value="/workdir/hadoop-ozone/integration-test/target/log"/>
    <property name="sun.boot.class.path" value="/usr/lib/jvm/java-1.8-openjdk/jre/lib/resources.jar:/usr/lib/jvm/java-1.8-openjdk/jre/lib/rt.jar:/usr/lib/jvm/java-1.8-openjdk/jre/lib/sunrsasign.jar:/usr/lib/jvm/java-1.8-openjdk/jre/lib/jsse.jar:/usr/lib/jvm/java-1.8-openjdk/jre/lib/jce.jar:/usr/lib/jvm/java-1.8-openjdk/jre/lib/charsets.jar:/usr/lib/jvm/java-1.8-openjdk/jre/lib/jfr.jar:/usr/lib/jvm/java-1.8-openjdk/jre/classes"/>
    <property name="sun.management.compiler" value="HotSpot 64-Bit Tiered Compilers"/>
    <property name="java.runtime.version" value="1.8.0_212-b04"/>
    <property name="java.net.preferIPv4Stack" value="true"/>
    <property name="user.name" value="jenkins1000"/>
    <property name="path.separator" value=":"/>
    <property name="java.security.egd" value="file:///dev/urandom"/>
    <property name="os.version" value="3.10.0-957.12.2.el7.x86_64"/>
    <property name="java.endorsed.dirs" value="/usr/lib/jvm/java-1.8-openjdk/jre/lib/endorsed"/>
    <property name="java.runtime.name" value="OpenJDK Runtime Environment"/>
    <property name="file.encoding" value="UTF-8"/>
    <property name="java.vm.name" value="OpenJDK 64-Bit Server VM"/>
    <property name="test.build.webapps" value=""/>
    <property name="localRepository" value="/home/user/.m2/repository"/>
    <property name="java.vendor.url.bug" value="https://icedtea.classpath.org/bugzilla"/>
    <property name="java.io.tmpdir" value="/tmp"/>
    <property name="require.test.libhadoop" value=""/>
    <property name="java.version" value="1.8.0_212"/>
    <property name="user.dir" value="/workdir/hadoop-ozone/integration-test"/>
    <property name="os.arch" value="amd64"/>
    <property name="java.vm.specification.name" value="Java Virtual Machine Specification"/>
    <property name="test.build.classes" value="/workdir/hadoop-ozone/integration-test/target/test-classes"/>
    <property name="java.awt.printerjob" value="sun.print.PSPrinterJob"/>
    <property name="sun.os.patch.level" value="unknown"/>
    <property name="hadoop.tmp.dir" value="/workdir/hadoop-ozone/integration-test/target/tmp"/>
    <property name="java.library.path" value="/usr/lib/jvm/java-1.8-openjdk/jre/lib/amd64/server:/usr/lib/jvm/java-1.8-openjdk/jre/lib/amd64:/usr/lib/jvm/java-1.8-openjdk/jre/../lib/amd64:/workdir/hadoop-ozone/integration-test/target/native/target/usr/local/lib:/workdir/hadoop-ozone/integration-test/../../hadoop-common-project/hadoop-common/target/native/target/usr/local/lib:/usr/java/packages/lib/amd64:/usr/lib64:/lib64:/lib:/usr/lib"/>
    <property name="java.vm.info" value="mixed mode"/>
    <property name="java.vendor" value="IcedTea"/>
    <property name="java.vm.version" value="25.212-b04"/>
    <property name="java.ext.dirs" value="/usr/lib/jvm/java-1.8-openjdk/jre/lib/ext:/usr/java/packages/lib/ext"/>
    <property name="sun.io.unicode.encoding" value="UnicodeLittle"/>
    <property name="java.class.version" value="52.0"/>
  </properties>
  <testcase name="testAutomaticPipelineCreationOnPipelineDestroy" classname="org.apache.hadoop.hdds.scm.pipeline.TestRatisPipelineCreateAndDestory" time="29.009"/>
  <testcase name="testPipelineCreationOnNodeRestart" classname="org.apache.hadoop.hdds.scm.pipeline.TestRatisPipelineCreateAndDestory" time="40.753">
    <error message="test timed out after 30000 milliseconds" type="java.lang.Exception">java.lang.Exception: test timed out after 30000 milliseconds
	at java.lang.Thread.sleep(Native Method)
	at org.apache.hadoop.test.GenericTestUtils.waitFor(GenericTestUtils.java:382)
	at org.apache.hadoop.hdds.scm.pipeline.TestRatisPipelineCreateAndDestory.waitForPipelines(TestRatisPipelineCreateAndDestory.java:126)
	at org.apache.hadoop.hdds.scm.pipeline.TestRatisPipelineCreateAndDestory.testPipelineCreationOnNodeRestart(TestRatisPipelineCreateAndDestory.java:121)
	at sun.reflect.NativeMethodAccessorImpl.invoke0(Native Method)
	at sun.reflect.NativeMethodAccessorImpl.invoke(NativeMethodAccessorImpl.java:62)
	at sun.reflect.DelegatingMethodAccessorImpl.invoke(DelegatingMethodAccessorImpl.java:43)
	at java.lang.reflect.Method.invoke(Method.java:498)
	at org.junit.runners.model.FrameworkMethod$1.runReflectiveCall(FrameworkMethod.java:47)
	at org.junit.internal.runners.model.ReflectiveCallable.run(ReflectiveCallable.java:12)
	at org.junit.runners.model.FrameworkMethod.invokeExplosively(FrameworkMethod.java:44)
	at org.junit.internal.runners.statements.InvokeMethod.evaluate(InvokeMethod.java:17)
	at org.junit.internal.runners.statements.FailOnTimeout$StatementThread.run(FailOnTimeout.java:74)
</error>
    <system-out><![CDATA[2019-08-21 19:14:57,803 [Thread-334] WARN  server.ServerUtils (ServerUtils.java:getScmDbDir(145)) - ozone.scm.db.dirs is not configured. We recommend adding this setting. Falling back to ozone.metadata.dirs instead.
2019-08-21 19:14:57,820 [Thread-334] WARN  server.ServerUtils (ServerUtils.java:getScmDbDir(145)) - ozone.scm.db.dirs is not configured. We recommend adding this setting. Falling back to ozone.metadata.dirs instead.
2019-08-21 19:14:57,820 [Thread-334] WARN  server.ServerUtils (ServerUtils.java:getScmDbDir(145)) - ozone.scm.db.dirs is not configured. We recommend adding this setting. Falling back to ozone.metadata.dirs instead.
2019-08-21 19:14:57,821 [Thread-334] INFO  db.DBStoreBuilder (DBStoreBuilder.java:addTable(110)) - using custom profile for table: deletedBlocks
2019-08-21 19:14:57,821 [Thread-334] INFO  db.DBStoreBuilder (DBStoreBuilder.java:processTables(161)) - Using default column profile:DBProfile.DISK for Table:deletedBlocks
2019-08-21 19:14:57,822 [Thread-334] INFO  db.DBStoreBuilder (DBStoreBuilder.java:addTable(110)) - using custom profile for table: validCerts
2019-08-21 19:14:57,822 [Thread-334] INFO  db.DBStoreBuilder (DBStoreBuilder.java:processTables(161)) - Using default column profile:DBProfile.DISK for Table:validCerts
2019-08-21 19:14:57,822 [Thread-334] INFO  db.DBStoreBuilder (DBStoreBuilder.java:addTable(110)) - using custom profile for table: revokedCerts
2019-08-21 19:14:57,823 [Thread-334] INFO  db.DBStoreBuilder (DBStoreBuilder.java:processTables(161)) - Using default column profile:DBProfile.DISK for Table:revokedCerts
2019-08-21 19:14:57,823 [Thread-334] INFO  db.DBStoreBuilder (DBStoreBuilder.java:addTable(110)) - using custom profile for table: default
2019-08-21 19:14:57,823 [Thread-334] INFO  db.DBStoreBuilder (DBStoreBuilder.java:processTables(167)) - Using default column profile:DBProfile.DISK for Table:default
2019-08-21 19:14:57,824 [Thread-334] INFO  db.DBStoreBuilder (DBStoreBuilder.java:getDbProfile(198)) - Using default options. DBProfile.DISK
2019-08-21 19:15:00,458 [Thread-334] INFO  net.NodeSchemaLoader (NodeSchemaLoader.java:loadSchemaFromFile(125)) - Loading file from sun.misc.CompoundEnumeration@1672a435
2019-08-21 19:15:00,459 [Thread-334] INFO  net.NodeSchemaLoader (NodeSchemaLoader.java:loadSchema(171)) - Loading network topology layer schema file
2019-08-21 19:15:00,465 [Thread-334] INFO  node.SCMNodeManager (SCMNodeManager.java:<init>(121)) - Entering startup safe mode.
2019-08-21 19:15:00,466 [Thread-334] INFO  algorithms.ContainerPlacementPolicyFactory (ContainerPlacementPolicyFactory.java:getPolicy(55)) - Create container placement policy of type org.apache.hadoop.hdds.scm.container.placement.algorithms.SCMContainerPlacementRandom
2019-08-21 19:15:00,467 [Thread-334] WARN  server.ServerUtils (ServerUtils.java:getScmDbDir(145)) - ozone.scm.db.dirs is not configured. We recommend adding this setting. Falling back to ozone.metadata.dirs instead.
2019-08-21 19:15:00,584 [Thread-334] INFO  pipeline.SCMPipelineManager (SCMPipelineManager.java:initializePipelineState(126)) - No pipeline exists in current db
2019-08-21 19:15:00,585 [Thread-334] WARN  server.ServerUtils (ServerUtils.java:getScmDbDir(145)) - ozone.scm.db.dirs is not configured. We recommend adding this setting. Falling back to ozone.metadata.dirs instead.
2019-08-21 19:15:00,647 [Thread-334] WARN  events.EventQueue (EventQueue.java:fireEvent(175)) - No event handler registered for event TypedEvent{payloadType=SafeModeStatus, name='SafeModeStatus'}
2019-08-21 19:15:00,649 [Thread-334] INFO  ipc.CallQueueManager (CallQueueManager.java:<init>(84)) - Using callQueue: class java.util.concurrent.LinkedBlockingQueue, queueCapacity: 2000, scheduler: class org.apache.hadoop.ipc.DefaultRpcScheduler, ipcBackoff: false.
2019-08-21 19:15:00,649 [Socket Reader #1 for port 34318] INFO  ipc.Server (Server.java:run(1074)) - Starting Socket Reader #1 for port 34318
2019-08-21 19:15:00,651 [Thread-334] INFO  ipc.CallQueueManager (CallQueueManager.java:<init>(84)) - Using callQueue: class java.util.concurrent.LinkedBlockingQueue, queueCapacity: 2000, scheduler: class org.apache.hadoop.ipc.DefaultRpcScheduler, ipcBackoff: false.
2019-08-21 19:15:00,652 [Socket Reader #1 for port 38733] INFO  ipc.Server (Server.java:run(1074)) - Starting Socket Reader #1 for port 38733
2019-08-21 19:15:00,653 [Thread-334] INFO  ipc.CallQueueManager (CallQueueManager.java:<init>(84)) - Using callQueue: class java.util.concurrent.LinkedBlockingQueue, queueCapacity: 2000, scheduler: class org.apache.hadoop.ipc.DefaultRpcScheduler, ipcBackoff: false.
2019-08-21 19:15:00,654 [Socket Reader #1 for port 37634] INFO  ipc.Server (Server.java:run(1074)) - Starting Socket Reader #1 for port 37634
2019-08-21 19:15:00,656 [Thread-334] INFO  hdfs.DFSUtil (DFSUtil.java:httpServerTemplateForNNAndJN(1641)) - Starting Web-server for scm at: http://0.0.0.0:0
2019-08-21 19:15:00,658 [Thread-334] INFO  server.AuthenticationFilter (AuthenticationFilter.java:constructSecretProvider(240)) - Unable to initialize FileSignerSecretProvider, falling back to use random secrets.
2019-08-21 19:15:00,659 [Thread-334] WARN  http.HttpRequestLog (HttpRequestLog.java:getRequestLog(97)) - Jetty request log can only be enabled using Log4j
2019-08-21 19:15:00,661 [Thread-334] INFO  http.HttpServer2 (HttpServer2.java:addGlobalFilter(975)) - Added global filter 'safety' (class=org.apache.hadoop.http.HttpServer2$QuotingInputFilter)
2019-08-21 19:15:00,662 [Thread-334] INFO  http.HttpServer2 (HttpServer2.java:addFilter(948)) - Added filter static_user_filter (class=org.apache.hadoop.http.lib.StaticUserWebFilter$StaticUserFilter) to context scm
2019-08-21 19:15:00,662 [Thread-334] INFO  http.HttpServer2 (HttpServer2.java:addFilter(958)) - Added filter static_user_filter (class=org.apache.hadoop.http.lib.StaticUserWebFilter$StaticUserFilter) to context static
2019-08-21 19:15:00,662 [Thread-334] INFO  http.HttpServer2 (HttpServer2.java:addFilter(958)) - Added filter static_user_filter (class=org.apache.hadoop.http.lib.StaticUserWebFilter$StaticUserFilter) to context logs
2019-08-21 19:15:00,665 [Thread-334] INFO  server.StorageContainerManager (StorageContainerManager.java:start(759)) - StorageContainerLocationProtocol RPC server is listening at /0.0.0.0:37634
2019-08-21 19:15:00,667 [Thread-334] WARN  impl.MetricsConfig (MetricsConfig.java:loadFirst(134)) - Cannot locate configuration: tried hadoop-metrics2-storagecontainermanager.properties,hadoop-metrics2.properties
2019-08-21 19:15:00,668 [Thread-334] INFO  impl.MetricsSystemImpl (MetricsSystemImpl.java:startTimer(374)) - Scheduled Metric snapshot period at 10 second(s).
2019-08-21 19:15:00,668 [Thread-334] INFO  impl.MetricsSystemImpl (MetricsSystemImpl.java:start(191)) - StorageContainerManager metrics system started
2019-08-21 19:15:00,714 [Thread-334] INFO  server.SCMClientProtocolServer (SCMClientProtocolServer.java:start(151)) - RPC server for Client  is listening at /0.0.0.0:37634
2019-08-21 19:15:00,714 [IPC Server Responder] INFO  ipc.Server (Server.java:run(1314)) - IPC Server Responder: starting
2019-08-21 19:15:00,714 [IPC Server listener on 37634] INFO  ipc.Server (Server.java:run(1153)) - IPC Server listener on 37634: starting
2019-08-21 19:15:00,718 [Thread-334] INFO  server.StorageContainerManager (StorageContainerManager.java:start(769)) - ScmBlockLocationProtocol RPC server is listening at /0.0.0.0:38733
2019-08-21 19:15:00,719 [Thread-334] INFO  server.SCMBlockProtocolServer (SCMBlockProtocolServer.java:start(140)) - RPC server for Block Protocol is listening at /0.0.0.0:38733
2019-08-21 19:15:00,723 [IPC Server listener on 38733] INFO  ipc.Server (Server.java:run(1153)) - IPC Server listener on 38733: starting
2019-08-21 19:15:00,723 [IPC Server Responder] INFO  ipc.Server (Server.java:run(1314)) - IPC Server Responder: starting
2019-08-21 19:15:00,729 [Thread-334] INFO  server.StorageContainerManager (StorageContainerManager.java:start(773)) - ScmDatanodeProtocl RPC server is listening at /0.0.0.0:34318
2019-08-21 19:15:00,730 [Thread-334] INFO  server.SCMDatanodeProtocolServer (SCMDatanodeProtocolServer.java:start(191)) - RPC server for DataNodes is listening at /0.0.0.0:34318
2019-08-21 19:15:00,730 [IPC Server Responder] INFO  ipc.Server (Server.java:run(1314)) - IPC Server Responder: starting
2019-08-21 19:15:00,731 [IPC Server listener on 34318] INFO  ipc.Server (Server.java:run(1153)) - IPC Server listener on 34318: starting
2019-08-21 19:15:00,734 [Thread-334] INFO  http.HttpServer2 (HttpServer2.java:bindListener(1191)) - Jetty bound to port 46818
2019-08-21 19:15:00,734 [Thread-334] INFO  server.Server (Server.java:doStart(351)) - jetty-9.3.24.v20180605, build timestamp: 2018-06-05T17:11:56Z, git hash: 84205aa28f11a4f31f2a3b86d1bba2cc8ab69827
2019-08-21 19:15:00,737 [Thread-334] INFO  handler.ContextHandler (ContextHandler.java:doStart(781)) - Started o.e.j.s.ServletContextHandler@143334be{/logs,file:///workdir/hadoop-ozone/integration-test/target/log,AVAILABLE}
2019-08-21 19:15:00,737 [Thread-334] INFO  handler.ContextHandler (ContextHandler.java:doStart(781)) - Started o.e.j.s.ServletContextHandler@5e505672{/static,file:///workdir/hadoop-ozone/integration-test/target/test-classes/webapps/static,AVAILABLE}
2019-08-21 19:15:00,743 [Thread-334] INFO  handler.ContextHandler (ContextHandler.java:doStart(781)) - Started o.e.j.w.WebAppContext@1e05e4d0{/,file:///workdir/hadoop-ozone/integration-test/target/test-classes/webapps/scm/,AVAILABLE}{/scm}
2019-08-21 19:15:00,743 [Thread-334] INFO  server.AbstractConnector (AbstractConnector.java:doStart(278)) - Started ServerConnector@634f953d{HTTP/1.1,[http/1.1]}{0.0.0.0:46818}
2019-08-21 19:15:00,744 [Thread-334] INFO  server.Server (Server.java:doStart(419)) - Started @32531ms
2019-08-21 19:15:00,745 [Thread-334] INFO  server.BaseHttpServer (BaseHttpServer.java:updateConnectorAddress(213)) - HTTP server of SCM is listening at http://0.0.0.0:46818
2019-08-21 19:15:00,746 [Thread-334] WARN  server.ServerUtils (ServerUtils.java:getDBPath(222)) - ozone.om.db.dirs is not configured. We recommend adding this setting. Falling back to ozone.metadata.dirs instead.
2019-08-21 19:15:00,746 [org.apache.hadoop.util.JvmPauseMonitor$Monitor@43315896] INFO  util.JvmPauseMonitor (JvmPauseMonitor.java:run(188)) - Starting JVM pause monitor
2019-08-21 19:15:00,772 [Thread-334] WARN  server.ServerUtils (ServerUtils.java:getDBPath(222)) - ozone.om.db.dirs is not configured. We recommend adding this setting. Falling back to ozone.metadata.dirs instead.
2019-08-21 19:15:00,773 [Thread-334] WARN  server.ServerUtils (ServerUtils.java:getDBPath(222)) - ozone.om.db.dirs is not configured. We recommend adding this setting. Falling back to ozone.metadata.dirs instead.
2019-08-21 19:15:00,773 [Thread-334] INFO  om.OzoneManager (OzoneManager.java:setOMNodeDetails(648)) - OM Service ID is not set. Setting it to the default ID: omServiceIdDefault
2019-08-21 19:15:00,773 [Thread-334] INFO  om.OzoneManager (OzoneManager.java:setOMNodeDetails(654)) - OM Node ID is not set. Setting it to the OmStorage's OmID: c38855ee-2567-4b15-bb9d-f663d0a7b084
2019-08-21 19:15:00,773 [Thread-334] INFO  om.OzoneManager (OzoneManager.java:loadOMHAConfigs(605)) - Found matching OM address with OMServiceId: null, OMNodeId: null, RPC Address: localhost:0 and Ratis port: 9872
2019-08-21 19:15:00,779 | INFO  | SCMAudit | user=jenkins1000 | ip=192.168.69.80 | op=GET_SCM_INFO null | ret=SUCCESS |  
2019-08-21 19:15:00,781 [Thread-334] WARN  server.ServerUtils (ServerUtils.java:getDBPath(222)) - ozone.om.db.dirs is not configured. We recommend adding this setting. Falling back to ozone.metadata.dirs instead.
2019-08-21 19:15:00,781 [Thread-334] INFO  db.DBStoreBuilder (DBStoreBuilder.java:addTable(110)) - using custom profile for table: userTable
2019-08-21 19:15:00,782 [Thread-334] INFO  db.DBStoreBuilder (DBStoreBuilder.java:processTables(161)) - Using default column profile:DBProfile.DISK for Table:userTable
2019-08-21 19:15:00,782 [Thread-334] INFO  db.DBStoreBuilder (DBStoreBuilder.java:addTable(110)) - using custom profile for table: volumeTable
2019-08-21 19:15:00,782 [Thread-334] INFO  db.DBStoreBuilder (DBStoreBuilder.java:processTables(161)) - Using default column profile:DBProfile.DISK for Table:volumeTable
2019-08-21 19:15:00,782 [Thread-334] INFO  db.DBStoreBuilder (DBStoreBuilder.java:addTable(110)) - using custom profile for table: bucketTable
2019-08-21 19:15:00,782 [Thread-334] INFO  db.DBStoreBuilder (DBStoreBuilder.java:processTables(161)) - Using default column profile:DBProfile.DISK for Table:bucketTable
2019-08-21 19:15:00,783 [Thread-334] INFO  db.DBStoreBuilder (DBStoreBuilder.java:addTable(110)) - using custom profile for table: keyTable
2019-08-21 19:15:00,783 [Thread-334] INFO  db.DBStoreBuilder (DBStoreBuilder.java:processTables(161)) - Using default column profile:DBProfile.DISK for Table:keyTable
2019-08-21 19:15:00,783 [Thread-334] INFO  db.DBStoreBuilder (DBStoreBuilder.java:addTable(110)) - using custom profile for table: deletedTable
2019-08-21 19:15:00,783 [Thread-334] INFO  db.DBStoreBuilder (DBStoreBuilder.java:processTables(161)) - Using default column profile:DBProfile.DISK for Table:deletedTable
2019-08-21 19:15:00,783 [Thread-334] INFO  db.DBStoreBuilder (DBStoreBuilder.java:addTable(110)) - using custom profile for table: openKeyTable
2019-08-21 19:15:00,783 [Thread-334] INFO  db.DBStoreBuilder (DBStoreBuilder.java:processTables(161)) - Using default column profile:DBProfile.DISK for Table:openKeyTable
2019-08-21 19:15:00,784 [Thread-334] INFO  db.DBStoreBuilder (DBStoreBuilder.java:addTable(110)) - using custom profile for table: s3Table
2019-08-21 19:15:00,784 [Thread-334] INFO  db.DBStoreBuilder (DBStoreBuilder.java:processTables(161)) - Using default column profile:DBProfile.DISK for Table:s3Table
2019-08-21 19:15:00,784 [Thread-334] INFO  db.DBStoreBuilder (DBStoreBuilder.java:addTable(110)) - using custom profile for table: multipartInfoTable
2019-08-21 19:15:00,784 [Thread-334] INFO  db.DBStoreBuilder (DBStoreBuilder.java:processTables(161)) - Using default column profile:DBProfile.DISK for Table:multipartInfoTable
2019-08-21 19:15:00,784 [Thread-334] INFO  db.DBStoreBuilder (DBStoreBuilder.java:addTable(110)) - using custom profile for table: dTokenTable
2019-08-21 19:15:00,784 [Thread-334] INFO  db.DBStoreBuilder (DBStoreBuilder.java:processTables(161)) - Using default column profile:DBProfile.DISK for Table:dTokenTable
2019-08-21 19:15:00,785 [Thread-334] INFO  db.DBStoreBuilder (DBStoreBuilder.java:addTable(110)) - using custom profile for table: s3SecretTable
2019-08-21 19:15:00,785 [Thread-334] INFO  db.DBStoreBuilder (DBStoreBuilder.java:processTables(161)) - Using default column profile:DBProfile.DISK for Table:s3SecretTable
2019-08-21 19:15:00,785 [Thread-334] INFO  db.DBStoreBuilder (DBStoreBuilder.java:addTable(110)) - using custom profile for table: prefixTable
2019-08-21 19:15:00,785 [Thread-334] INFO  db.DBStoreBuilder (DBStoreBuilder.java:processTables(161)) - Using default column profile:DBProfile.DISK for Table:prefixTable
2019-08-21 19:15:00,785 [Thread-334] INFO  db.DBStoreBuilder (DBStoreBuilder.java:addTable(110)) - using custom profile for table: default
2019-08-21 19:15:00,785 [Thread-334] INFO  db.DBStoreBuilder (DBStoreBuilder.java:processTables(167)) - Using default column profile:DBProfile.DISK for Table:default
2019-08-21 19:15:00,785 [Thread-334] INFO  db.DBStoreBuilder (DBStoreBuilder.java:getDbProfile(198)) - Using default options. DBProfile.DISK
2019-08-21 19:15:01,488 [Thread-334] INFO  ipc.CallQueueManager (CallQueueManager.java:<init>(84)) - Using callQueue: class java.util.concurrent.LinkedBlockingQueue, queueCapacity: 2000, scheduler: class org.apache.hadoop.ipc.DefaultRpcScheduler, ipcBackoff: false.
2019-08-21 19:15:01,489 [Socket Reader #1 for port 46334] INFO  ipc.Server (Server.java:run(1074)) - Starting Socket Reader #1 for port 46334
2019-08-21 19:15:01,508 [Thread-334] INFO  om.OzoneManager (OzoneManager.java:start(1259)) - OzoneManager RPC server is listening at localhost/127.0.0.1:46334
2019-08-21 19:15:01,508 [Thread-334] INFO  impl.MetricsSystemImpl (MetricsSystemImpl.java:init(158)) - OzoneManager metrics system started (again)
2019-08-21 19:15:01,509 [IPC Server Responder] INFO  ipc.Server (Server.java:run(1314)) - IPC Server Responder: starting
2019-08-21 19:15:01,509 [IPC Server listener on 46334] INFO  ipc.Server (Server.java:run(1153)) - IPC Server listener on 46334: starting
2019-08-21 19:15:01,516 [Thread-334] INFO  hdfs.DFSUtil (DFSUtil.java:httpServerTemplateForNNAndJN(1641)) - Starting Web-server for ozoneManager at: http://0.0.0.0:0
2019-08-21 19:15:01,518 [Thread-334] INFO  server.AuthenticationFilter (AuthenticationFilter.java:constructSecretProvider(240)) - Unable to initialize FileSignerSecretProvider, falling back to use random secrets.
2019-08-21 19:15:01,519 [Thread-334] WARN  http.HttpRequestLog (HttpRequestLog.java:getRequestLog(97)) - Jetty request log can only be enabled using Log4j
2019-08-21 19:15:01,521 [Thread-334] INFO  http.HttpServer2 (HttpServer2.java:addGlobalFilter(975)) - Added global filter 'safety' (class=org.apache.hadoop.http.HttpServer2$QuotingInputFilter)
2019-08-21 19:15:01,522 [Thread-334] INFO  http.HttpServer2 (HttpServer2.java:addFilter(948)) - Added filter static_user_filter (class=org.apache.hadoop.http.lib.StaticUserWebFilter$StaticUserFilter) to context ozoneManager
2019-08-21 19:15:01,522 [Thread-334] INFO  http.HttpServer2 (HttpServer2.java:addFilter(958)) - Added filter static_user_filter (class=org.apache.hadoop.http.lib.StaticUserWebFilter$StaticUserFilter) to context logs
2019-08-21 19:15:01,522 [Thread-334] INFO  http.HttpServer2 (HttpServer2.java:addFilter(958)) - Added filter static_user_filter (class=org.apache.hadoop.http.lib.StaticUserWebFilter$StaticUserFilter) to context static
2019-08-21 19:15:01,523 [Thread-334] INFO  http.HttpServer2 (HttpServer2.java:bindListener(1191)) - Jetty bound to port 32796
2019-08-21 19:15:01,524 [Thread-334] INFO  server.Server (Server.java:doStart(351)) - jetty-9.3.24.v20180605, build timestamp: 2018-06-05T17:11:56Z, git hash: 84205aa28f11a4f31f2a3b86d1bba2cc8ab69827
2019-08-21 19:15:01,526 [Thread-334] INFO  handler.ContextHandler (ContextHandler.java:doStart(781)) - Started o.e.j.s.ServletContextHandler@367ee8ee{/logs,file:///workdir/hadoop-ozone/integration-test/target/log,AVAILABLE}
2019-08-21 19:15:01,526 [Thread-334] INFO  handler.ContextHandler (ContextHandler.java:doStart(781)) - Started o.e.j.s.ServletContextHandler@3310328b{/static,file:///workdir/hadoop-ozone/integration-test/target/test-classes/webapps/static,AVAILABLE}
2019-08-21 19:15:01,533 [Thread-334] INFO  handler.ContextHandler (ContextHandler.java:doStart(781)) - Started o.e.j.w.WebAppContext@37fbfd76{/,file:///workdir/hadoop-ozone/integration-test/target/test-classes/webapps/ozoneManager/,AVAILABLE}{/ozoneManager}
2019-08-21 19:15:01,533 [Thread-334] INFO  server.AbstractConnector (AbstractConnector.java:doStart(278)) - Started ServerConnector@fe8e517{HTTP/1.1,[http/1.1]}{0.0.0.0:32796}
2019-08-21 19:15:01,534 [Thread-334] INFO  server.Server (Server.java:doStart(419)) - Started @33321ms
2019-08-21 19:15:01,535 [Thread-334] INFO  server.BaseHttpServer (BaseHttpServer.java:updateConnectorAddress(213)) - HTTP server of OZONEMANAGER is listening at http://0.0.0.0:32796
2019-08-21 19:15:01,547 [Thread-334] INFO  impl.MetricsSystemImpl (MetricsSystemImpl.java:init(158)) - HddsDatanode metrics system started (again)
2019-08-21 19:15:01,550 [Thread-334] INFO  ozone.HddsDatanodeService (HddsDatanodeService.java:start(184)) - HddsDatanodeService host:pr-hdds-2002-6qlp9-457884439 ip:192.168.69.80
2019-08-21 19:15:01,557 [Thread-334] INFO  volume.HddsVolume (HddsVolume.java:<init>(176)) - Creating Volume: /workdir/hadoop-ozone/integration-test/target/test-dir/MiniOzoneClusterImpl-da9650cd-6fd3-441d-ace5-375aff5f2007/datanode-0/data/containers/hdds of  storage type : DISK and capacity : 1482555576320
2019-08-21 19:15:01,557 [Thread-334] INFO  volume.VolumeSet (VolumeSet.java:initializeVolumeSet(170)) - Added Volume : /workdir/hadoop-ozone/integration-test/target/test-dir/MiniOzoneClusterImpl-da9650cd-6fd3-441d-ace5-375aff5f2007/datanode-0/data/containers/hdds to VolumeSet
2019-08-21 19:15:01,557 [Thread-334] INFO  volume.ThrottledAsyncChecker (ThrottledAsyncChecker.java:schedule(140)) - Scheduling a check for org.apache.hadoop.ozone.container.common.volume.HddsVolume@6a688d9a
2019-08-21 19:15:01,558 [Thread-334] INFO  volume.HddsVolumeChecker (HddsVolumeChecker.java:checkAllVolumes(203)) - Scheduled health check for volume org.apache.hadoop.ozone.container.common.volume.HddsVolume@6a688d9a
2019-08-21 19:15:01,577 [Thread-334] INFO  impl.RaftServerProxy (ConfUtils.java:logGet(43)) - raft.rpc.type = GRPC (default)
2019-08-21 19:15:01,577 [Thread-334] INFO  grpc.GrpcFactory (GrpcFactory.java:checkPooledByteBufAllocatorUseCacheForAllThreads(45)) - PERFORMANCE WARNING: useCacheForAllThreads is true that may cause Netty to create a lot garbage objects and, as a result, trigger GC.
	It is recommended to disable useCacheForAllThreads by setting -Dorg.apache.ratis.thirdparty.io.netty.allocator.useCacheForAllThreads=false in command line.
2019-08-21 19:15:01,578 [Thread-334] INFO  grpc.GrpcConfigKeys$Server (ConfUtils.java:logGet(43)) - raft.grpc.server.port = 0 (default)
2019-08-21 19:15:01,578 [Thread-334] INFO  server.GrpcService (ConfUtils.java:logGet(43)) - raft.grpc.message.size.max = 33570816 (custom)
2019-08-21 19:15:01,578 [Thread-334] INFO  server.RaftServerConfigKeys (ConfUtils.java:logGet(43)) - raft.server.log.appender.buffer.byte-limit = 33554432 (custom)
2019-08-21 19:15:01,578 [Thread-334] INFO  server.GrpcService (ConfUtils.java:logGet(43)) - raft.grpc.flow.control.window = 1MB (=1048576) (default)
2019-08-21 19:15:01,578 [Thread-334] INFO  server.RaftServerConfigKeys (ConfUtils.java:logGet(43)) - raft.server.rpc.request.timeout = 3000ms (default)
2019-08-21 19:15:01,579 [Thread-334] INFO  server.RaftServerConfigKeys (ConfUtils.java:logGet(43)) - raft.server.storage.dir = [/workdir/hadoop-ozone/integration-test/target/test-dir/MiniOzoneClusterImpl-da9650cd-6fd3-441d-ace5-375aff5f2007/datanode-0/data/ratis] (custom)
2019-08-21 19:15:01,580 [Thread-334] INFO  replication.SimpleContainerDownloader (SimpleContainerDownloader.java:<init>(72)) - Starting container downloader service to copy containers to replicate.
2019-08-21 19:15:01,581 [Thread-334] INFO  hdfs.DFSUtil (DFSUtil.java:httpServerTemplateForNNAndJN(1641)) - Starting Web-server for hddsDatanode at: http://0.0.0.0:0
2019-08-21 19:15:01,583 [Thread-334] INFO  server.AuthenticationFilter (AuthenticationFilter.java:constructSecretProvider(240)) - Unable to initialize FileSignerSecretProvider, falling back to use random secrets.
2019-08-21 19:15:01,583 [Thread-334] WARN  http.HttpRequestLog (HttpRequestLog.java:getRequestLog(97)) - Jetty request log can only be enabled using Log4j
2019-08-21 19:15:01,585 [Thread-334] INFO  http.HttpServer2 (HttpServer2.java:addGlobalFilter(975)) - Added global filter 'safety' (class=org.apache.hadoop.http.HttpServer2$QuotingInputFilter)
2019-08-21 19:15:01,586 [Thread-334] INFO  http.HttpServer2 (HttpServer2.java:addFilter(948)) - Added filter static_user_filter (class=org.apache.hadoop.http.lib.StaticUserWebFilter$StaticUserFilter) to context hddsDatanode
2019-08-21 19:15:01,586 [Thread-334] INFO  http.HttpServer2 (HttpServer2.java:addFilter(958)) - Added filter static_user_filter (class=org.apache.hadoop.http.lib.StaticUserWebFilter$StaticUserFilter) to context logs
2019-08-21 19:15:01,586 [Thread-334] INFO  http.HttpServer2 (HttpServer2.java:addFilter(958)) - Added filter static_user_filter (class=org.apache.hadoop.http.lib.StaticUserWebFilter$StaticUserFilter) to context static
2019-08-21 19:15:01,587 [Thread-334] INFO  http.HttpServer2 (HttpServer2.java:bindListener(1191)) - Jetty bound to port 37191
2019-08-21 19:15:01,587 [Thread-334] INFO  server.Server (Server.java:doStart(351)) - jetty-9.3.24.v20180605, build timestamp: 2018-06-05T17:11:56Z, git hash: 84205aa28f11a4f31f2a3b86d1bba2cc8ab69827
2019-08-21 19:15:01,589 [Thread-334] INFO  handler.ContextHandler (ContextHandler.java:doStart(781)) - Started o.e.j.s.ServletContextHandler@2a275215{/logs,file:///workdir/hadoop-ozone/integration-test/target/log,AVAILABLE}
2019-08-21 19:15:01,590 [Thread-334] INFO  handler.ContextHandler (ContextHandler.java:doStart(781)) - Started o.e.j.s.ServletContextHandler@47cdd5d2{/static,jar:file:/home/user/.m2/repository/org/apache/hadoop/hadoop-hdds-container-service/0.5.0-SNAPSHOT/hadoop-hdds-container-service-0.5.0-SNAPSHOT.jar!/webapps/static,AVAILABLE}
2019-08-21 19:15:01,626 [Thread-334] INFO  handler.ContextHandler (ContextHandler.java:doStart(781)) - Started o.e.j.w.WebAppContext@1677da06{/,file:///tmp/jetty-0.0.0.0-37191-hddsDatanode-_-any-2434508237461796294.dir/webapp/,AVAILABLE}{/hddsDatanode}
2019-08-21 19:15:01,627 [Thread-334] INFO  server.AbstractConnector (AbstractConnector.java:doStart(278)) - Started ServerConnector@36e96f7a{HTTP/1.1,[http/1.1]}{0.0.0.0:37191}
2019-08-21 19:15:01,630 [Thread-334] INFO  server.Server (Server.java:doStart(419)) - Started @33417ms
2019-08-21 19:15:01,631 [Thread-334] INFO  server.BaseHttpServer (BaseHttpServer.java:updateConnectorAddress(213)) - HTTP server of HDDSDATANODE is listening at http://0.0.0.0:37191
2019-08-21 19:15:01,798 | INFO  | ObjectStoreRestHttpServer | Listening HDDS REST traffic on /0.0.0.0:42634 |  
2019-08-21 19:15:01,798 [Thread-334] INFO  ozone.HddsDatanodeService (HddsDatanodeService.java:startPlugins(395)) - Started plug-in org.apache.hadoop.ozone.web.OzoneHddsDatanodeService@2ec2750
2019-08-21 19:15:01,799 [Thread-334] INFO  impl.MetricsSystemImpl (MetricsSystemImpl.java:init(158)) - HddsDatanode metrics system started (again)
2019-08-21 19:15:01,801 [org.apache.hadoop.util.JvmPauseMonitor$Monitor@3ec81a73] INFO  util.JvmPauseMonitor (JvmPauseMonitor.java:run(188)) - Starting JVM pause monitor
2019-08-21 19:15:01,803 [Thread-334] INFO  ozone.HddsDatanodeService (HddsDatanodeService.java:start(184)) - HddsDatanodeService host:pr-hdds-2002-6qlp9-457884439 ip:192.168.69.80
2019-08-21 19:15:01,805 [Datanode State Machine Thread - 0] INFO  datanode.InitDatanodeState (InitDatanodeState.java:persistContainerDatanodeDetails(140)) - DatanodeDetails is persisted to /workdir/hadoop-ozone/integration-test/target/test-dir/MiniOzoneClusterImpl-da9650cd-6fd3-441d-ace5-375aff5f2007/datanode-0/meta/datanode.id
2019-08-21 19:15:01,811 [Thread-334] INFO  volume.HddsVolume (HddsVolume.java:<init>(176)) - Creating Volume: /workdir/hadoop-ozone/integration-test/target/test-dir/MiniOzoneClusterImpl-da9650cd-6fd3-441d-ace5-375aff5f2007/datanode-1/data/containers/hdds of  storage type : DISK and capacity : 1482555576320
2019-08-21 19:15:01,811 [Thread-334] INFO  volume.VolumeSet (VolumeSet.java:initializeVolumeSet(170)) - Added Volume : /workdir/hadoop-ozone/integration-test/target/test-dir/MiniOzoneClusterImpl-da9650cd-6fd3-441d-ace5-375aff5f2007/datanode-1/data/containers/hdds to VolumeSet
2019-08-21 19:15:01,811 [Thread-334] INFO  volume.ThrottledAsyncChecker (ThrottledAsyncChecker.java:schedule(140)) - Scheduling a check for org.apache.hadoop.ozone.container.common.volume.HddsVolume@29eb6114
2019-08-21 19:15:01,812 [Thread-334] INFO  volume.HddsVolumeChecker (HddsVolumeChecker.java:checkAllVolumes(203)) - Scheduled health check for volume org.apache.hadoop.ozone.container.common.volume.HddsVolume@29eb6114
2019-08-21 19:15:01,829 [Thread-334] INFO  impl.RaftServerProxy (ConfUtils.java:logGet(43)) - raft.rpc.type = GRPC (default)
2019-08-21 19:15:01,829 [Thread-334] INFO  grpc.GrpcFactory (GrpcFactory.java:checkPooledByteBufAllocatorUseCacheForAllThreads(45)) - PERFORMANCE WARNING: useCacheForAllThreads is true that may cause Netty to create a lot garbage objects and, as a result, trigger GC.
	It is recommended to disable useCacheForAllThreads by setting -Dorg.apache.ratis.thirdparty.io.netty.allocator.useCacheForAllThreads=false in command line.
2019-08-21 19:15:01,829 [Thread-334] INFO  grpc.GrpcConfigKeys$Server (ConfUtils.java:logGet(43)) - raft.grpc.server.port = 0 (default)
2019-08-21 19:15:01,829 [Thread-334] INFO  server.GrpcService (ConfUtils.java:logGet(43)) - raft.grpc.message.size.max = 33570816 (custom)
2019-08-21 19:15:01,829 [Thread-334] INFO  server.RaftServerConfigKeys (ConfUtils.java:logGet(43)) - raft.server.log.appender.buffer.byte-limit = 33554432 (custom)
2019-08-21 19:15:01,830 [Thread-334] INFO  server.GrpcService (ConfUtils.java:logGet(43)) - raft.grpc.flow.control.window = 1MB (=1048576) (default)
2019-08-21 19:15:01,830 [Thread-334] INFO  server.RaftServerConfigKeys (ConfUtils.java:logGet(43)) - raft.server.rpc.request.timeout = 3000ms (default)
2019-08-21 19:15:01,831 [Thread-334] INFO  server.RaftServerConfigKeys (ConfUtils.java:logGet(43)) - raft.server.storage.dir = [/workdir/hadoop-ozone/integration-test/target/test-dir/MiniOzoneClusterImpl-da9650cd-6fd3-441d-ace5-375aff5f2007/datanode-1/data/ratis] (custom)
2019-08-21 19:15:01,831 [Thread-334] INFO  replication.SimpleContainerDownloader (SimpleContainerDownloader.java:<init>(72)) - Starting container downloader service to copy containers to replicate.
2019-08-21 19:15:01,832 [Thread-334] INFO  hdfs.DFSUtil (DFSUtil.java:httpServerTemplateForNNAndJN(1641)) - Starting Web-server for hddsDatanode at: http://0.0.0.0:0
2019-08-21 19:15:01,835 [Thread-334] INFO  server.AuthenticationFilter (AuthenticationFilter.java:constructSecretProvider(240)) - Unable to initialize FileSignerSecretProvider, falling back to use random secrets.
2019-08-21 19:15:01,835 [Thread-334] WARN  http.HttpRequestLog (HttpRequestLog.java:getRequestLog(97)) - Jetty request log can only be enabled using Log4j
2019-08-21 19:15:01,837 [Thread-334] INFO  http.HttpServer2 (HttpServer2.java:addGlobalFilter(975)) - Added global filter 'safety' (class=org.apache.hadoop.http.HttpServer2$QuotingInputFilter)
2019-08-21 19:15:01,838 [Thread-334] INFO  http.HttpServer2 (HttpServer2.java:addFilter(948)) - Added filter static_user_filter (class=org.apache.hadoop.http.lib.StaticUserWebFilter$StaticUserFilter) to context hddsDatanode
2019-08-21 19:15:01,838 [Thread-334] INFO  http.HttpServer2 (HttpServer2.java:addFilter(958)) - Added filter static_user_filter (class=org.apache.hadoop.http.lib.StaticUserWebFilter$StaticUserFilter) to context logs
2019-08-21 19:15:01,838 [Thread-334] INFO  http.HttpServer2 (HttpServer2.java:addFilter(958)) - Added filter static_user_filter (class=org.apache.hadoop.http.lib.StaticUserWebFilter$StaticUserFilter) to context static
2019-08-21 19:15:01,839 [Thread-334] INFO  http.HttpServer2 (HttpServer2.java:bindListener(1191)) - Jetty bound to port 46784
2019-08-21 19:15:01,839 [Thread-334] INFO  server.Server (Server.java:doStart(351)) - jetty-9.3.24.v20180605, build timestamp: 2018-06-05T17:11:56Z, git hash: 84205aa28f11a4f31f2a3b86d1bba2cc8ab69827
2019-08-21 19:15:01,841 [Thread-334] INFO  handler.ContextHandler (ContextHandler.java:doStart(781)) - Started o.e.j.s.ServletContextHandler@32db8bcc{/logs,file:///workdir/hadoop-ozone/integration-test/target/log,AVAILABLE}
2019-08-21 19:15:01,842 [Thread-334] INFO  handler.ContextHandler (ContextHandler.java:doStart(781)) - Started o.e.j.s.ServletContextHandler@3ed28265{/static,jar:file:/home/user/.m2/repository/org/apache/hadoop/hadoop-hdds-container-service/0.5.0-SNAPSHOT/hadoop-hdds-container-service-0.5.0-SNAPSHOT.jar!/webapps/static,AVAILABLE}
2019-08-21 19:15:01,870 [Thread-334] INFO  handler.ContextHandler (ContextHandler.java:doStart(781)) - Started o.e.j.w.WebAppContext@5a716ce5{/,file:///tmp/jetty-0.0.0.0-46784-hddsDatanode-_-any-5928742803941734468.dir/webapp/,AVAILABLE}{/hddsDatanode}
2019-08-21 19:15:01,870 [Thread-334] INFO  server.AbstractConnector (AbstractConnector.java:doStart(278)) - Started ServerConnector@15f01032{HTTP/1.1,[http/1.1]}{0.0.0.0:46784}
2019-08-21 19:15:01,871 [Thread-334] INFO  server.Server (Server.java:doStart(419)) - Started @33658ms
2019-08-21 19:15:01,872 [Thread-334] INFO  server.BaseHttpServer (BaseHttpServer.java:updateConnectorAddress(213)) - HTTP server of HDDSDATANODE is listening at http://0.0.0.0:46784
2019-08-21 19:15:02,020 | INFO  | ObjectStoreRestHttpServer | Listening HDDS REST traffic on /0.0.0.0:46518 |  
2019-08-21 19:15:02,020 [Thread-334] INFO  ozone.HddsDatanodeService (HddsDatanodeService.java:startPlugins(395)) - Started plug-in org.apache.hadoop.ozone.web.OzoneHddsDatanodeService@42e658ba
2019-08-21 19:15:02,021 [Thread-334] INFO  impl.MetricsSystemImpl (MetricsSystemImpl.java:init(158)) - HddsDatanode metrics system started (again)
2019-08-21 19:15:02,026 [org.apache.hadoop.util.JvmPauseMonitor$Monitor@6c4c163d] INFO  util.JvmPauseMonitor (JvmPauseMonitor.java:run(188)) - Starting JVM pause monitor
2019-08-21 19:15:02,026 [Thread-334] INFO  ozone.HddsDatanodeService (HddsDatanodeService.java:start(184)) - HddsDatanodeService host:pr-hdds-2002-6qlp9-457884439 ip:192.168.69.80
2019-08-21 19:15:02,029 [Datanode State Machine Thread - 0] INFO  datanode.InitDatanodeState (InitDatanodeState.java:persistContainerDatanodeDetails(140)) - DatanodeDetails is persisted to /workdir/hadoop-ozone/integration-test/target/test-dir/MiniOzoneClusterImpl-da9650cd-6fd3-441d-ace5-375aff5f2007/datanode-1/meta/datanode.id
2019-08-21 19:15:02,034 [Thread-334] INFO  volume.HddsVolume (HddsVolume.java:<init>(176)) - Creating Volume: /workdir/hadoop-ozone/integration-test/target/test-dir/MiniOzoneClusterImpl-da9650cd-6fd3-441d-ace5-375aff5f2007/datanode-2/data/containers/hdds of  storage type : DISK and capacity : 1482555576320
2019-08-21 19:15:02,034 [Thread-334] INFO  volume.VolumeSet (VolumeSet.java:initializeVolumeSet(170)) - Added Volume : /workdir/hadoop-ozone/integration-test/target/test-dir/MiniOzoneClusterImpl-da9650cd-6fd3-441d-ace5-375aff5f2007/datanode-2/data/containers/hdds to VolumeSet
2019-08-21 19:15:02,035 [Thread-334] INFO  volume.ThrottledAsyncChecker (ThrottledAsyncChecker.java:schedule(140)) - Scheduling a check for org.apache.hadoop.ozone.container.common.volume.HddsVolume@3cc83094
2019-08-21 19:15:02,035 [Thread-334] INFO  volume.HddsVolumeChecker (HddsVolumeChecker.java:checkAllVolumes(203)) - Scheduled health check for volume org.apache.hadoop.ozone.container.common.volume.HddsVolume@3cc83094
2019-08-21 19:15:02,053 [Thread-334] INFO  impl.RaftServerProxy (ConfUtils.java:logGet(43)) - raft.rpc.type = GRPC (default)
2019-08-21 19:15:02,053 [Thread-334] INFO  grpc.GrpcFactory (GrpcFactory.java:checkPooledByteBufAllocatorUseCacheForAllThreads(45)) - PERFORMANCE WARNING: useCacheForAllThreads is true that may cause Netty to create a lot garbage objects and, as a result, trigger GC.
	It is recommended to disable useCacheForAllThreads by setting -Dorg.apache.ratis.thirdparty.io.netty.allocator.useCacheForAllThreads=false in command line.
2019-08-21 19:15:02,054 [Thread-334] INFO  grpc.GrpcConfigKeys$Server (ConfUtils.java:logGet(43)) - raft.grpc.server.port = 0 (default)
2019-08-21 19:15:02,054 [Thread-334] INFO  server.GrpcService (ConfUtils.java:logGet(43)) - raft.grpc.message.size.max = 33570816 (custom)
2019-08-21 19:15:02,054 [Thread-334] INFO  server.RaftServerConfigKeys (ConfUtils.java:logGet(43)) - raft.server.log.appender.buffer.byte-limit = 33554432 (custom)
2019-08-21 19:15:02,054 [Thread-334] INFO  server.GrpcService (ConfUtils.java:logGet(43)) - raft.grpc.flow.control.window = 1MB (=1048576) (default)
2019-08-21 19:15:02,054 [Thread-334] INFO  server.RaftServerConfigKeys (ConfUtils.java:logGet(43)) - raft.server.rpc.request.timeout = 3000ms (default)
2019-08-21 19:15:02,055 [Thread-334] INFO  server.RaftServerConfigKeys (ConfUtils.java:logGet(43)) - raft.server.storage.dir = [/workdir/hadoop-ozone/integration-test/target/test-dir/MiniOzoneClusterImpl-da9650cd-6fd3-441d-ace5-375aff5f2007/datanode-2/data/ratis] (custom)
2019-08-21 19:15:02,055 [Thread-334] INFO  replication.SimpleContainerDownloader (SimpleContainerDownloader.java:<init>(72)) - Starting container downloader service to copy containers to replicate.
2019-08-21 19:15:02,057 [Thread-334] INFO  hdfs.DFSUtil (DFSUtil.java:httpServerTemplateForNNAndJN(1641)) - Starting Web-server for hddsDatanode at: http://0.0.0.0:0
2019-08-21 19:15:02,058 [Thread-334] INFO  server.AuthenticationFilter (AuthenticationFilter.java:constructSecretProvider(240)) - Unable to initialize FileSignerSecretProvider, falling back to use random secrets.
2019-08-21 19:15:02,059 [Thread-334] WARN  http.HttpRequestLog (HttpRequestLog.java:getRequestLog(97)) - Jetty request log can only be enabled using Log4j
2019-08-21 19:15:02,061 [Thread-334] INFO  http.HttpServer2 (HttpServer2.java:addGlobalFilter(975)) - Added global filter 'safety' (class=org.apache.hadoop.http.HttpServer2$QuotingInputFilter)
2019-08-21 19:15:02,062 [Thread-334] INFO  http.HttpServer2 (HttpServer2.java:addFilter(948)) - Added filter static_user_filter (class=org.apache.hadoop.http.lib.StaticUserWebFilter$StaticUserFilter) to context hddsDatanode
2019-08-21 19:15:02,062 [Thread-334] INFO  http.HttpServer2 (HttpServer2.java:addFilter(958)) - Added filter static_user_filter (class=org.apache.hadoop.http.lib.StaticUserWebFilter$StaticUserFilter) to context logs
2019-08-21 19:15:02,062 [Thread-334] INFO  http.HttpServer2 (HttpServer2.java:addFilter(958)) - Added filter static_user_filter (class=org.apache.hadoop.http.lib.StaticUserWebFilter$StaticUserFilter) to context static
2019-08-21 19:15:02,063 [Thread-334] INFO  http.HttpServer2 (HttpServer2.java:bindListener(1191)) - Jetty bound to port 45885
2019-08-21 19:15:02,063 [Thread-334] INFO  server.Server (Server.java:doStart(351)) - jetty-9.3.24.v20180605, build timestamp: 2018-06-05T17:11:56Z, git hash: 84205aa28f11a4f31f2a3b86d1bba2cc8ab69827
2019-08-21 19:15:02,065 [Thread-334] INFO  handler.ContextHandler (ContextHandler.java:doStart(781)) - Started o.e.j.s.ServletContextHandler@5587d7de{/logs,file:///workdir/hadoop-ozone/integration-test/target/log,AVAILABLE}
2019-08-21 19:15:02,065 [Thread-334] INFO  handler.ContextHandler (ContextHandler.java:doStart(781)) - Started o.e.j.s.ServletContextHandler@5d8a2c05{/static,jar:file:/home/user/.m2/repository/org/apache/hadoop/hadoop-hdds-container-service/0.5.0-SNAPSHOT/hadoop-hdds-container-service-0.5.0-SNAPSHOT.jar!/webapps/static,AVAILABLE}
2019-08-21 19:15:02,096 [Thread-334] INFO  handler.ContextHandler (ContextHandler.java:doStart(781)) - Started o.e.j.w.WebAppContext@1a745b0d{/,file:///tmp/jetty-0.0.0.0-45885-hddsDatanode-_-any-51765250163641733.dir/webapp/,AVAILABLE}{/hddsDatanode}
2019-08-21 19:15:02,097 [Thread-334] INFO  server.AbstractConnector (AbstractConnector.java:doStart(278)) - Started ServerConnector@2ac87ba3{HTTP/1.1,[http/1.1]}{0.0.0.0:45885}
2019-08-21 19:15:02,098 [Thread-334] INFO  server.Server (Server.java:doStart(419)) - Started @33885ms
2019-08-21 19:15:02,099 [Thread-334] INFO  server.BaseHttpServer (BaseHttpServer.java:updateConnectorAddress(213)) - HTTP server of HDDSDATANODE is listening at http://0.0.0.0:45885
2019-08-21 19:15:02,233 | INFO  | ObjectStoreRestHttpServer | Listening HDDS REST traffic on /0.0.0.0:35125 |  
2019-08-21 19:15:02,233 [Thread-334] INFO  ozone.HddsDatanodeService (HddsDatanodeService.java:startPlugins(395)) - Started plug-in org.apache.hadoop.ozone.web.OzoneHddsDatanodeService@c166a3a
2019-08-21 19:15:02,233 [Thread-334] INFO  ozone.MiniOzoneClusterImpl (MiniOzoneClusterImpl.java:lambda$waitForClusterToBeReady$0(142)) - Waiting for cluster to be ready. Got 0 of 3 DN Heartbeats.
2019-08-21 19:15:02,236 [org.apache.hadoop.util.JvmPauseMonitor$Monitor@2ea6a0c3] INFO  util.JvmPauseMonitor (JvmPauseMonitor.java:run(188)) - Starting JVM pause monitor
2019-08-21 19:15:02,239 [Datanode State Machine Thread - 0] INFO  datanode.InitDatanodeState (InitDatanodeState.java:persistContainerDatanodeDetails(140)) - DatanodeDetails is persisted to /workdir/hadoop-ozone/integration-test/target/test-dir/MiniOzoneClusterImpl-da9650cd-6fd3-441d-ace5-375aff5f2007/datanode-2/meta/datanode.id
2019-08-21 19:15:03,234 [Thread-334] INFO  ozone.MiniOzoneClusterImpl (MiniOzoneClusterImpl.java:lambda$waitForClusterToBeReady$0(142)) - Waiting for cluster to be ready. Got 0 of 3 DN Heartbeats.
2019-08-21 19:15:03,807 | INFO  | SCMAudit | user=jenkins1000 | ip=192.168.69.80 | op=GET_VERSION null | ret=SUCCESS |  
2019-08-21 19:15:03,844 [Datanode State Machine Thread - 0] INFO  ozoneimpl.OzoneContainer (OzoneContainer.java:start(186)) - Attempting to start container services.
2019-08-21 19:15:03,846 [Datanode State Machine Thread - 0] INFO  ozoneimpl.OzoneContainer (OzoneContainer.java:startContainerScrub(160)) - Background container scrubber has been disabled by hdds.containerscrub.enabled
2019-08-21 19:15:03,846 [Datanode State Machine Thread - 0] INFO  ratis.XceiverServerRatis (XceiverServerRatis.java:start(404)) - Starting XceiverServerRatis a3f6fd5f-9e33-4809-b62b-285069cd76bb at port 0
2019-08-21 19:15:03,852 [Datanode State Machine Thread - 0] INFO  impl.RaftServerProxy (RaftServerProxy.java:lambda$start$3(299)) - a3f6fd5f-9e33-4809-b62b-285069cd76bb: start RPC server
2019-08-21 19:15:03,857 [Datanode State Machine Thread - 0] INFO  server.GrpcService (GrpcService.java:startImpl(149)) - a3f6fd5f-9e33-4809-b62b-285069cd76bb: GrpcService started, listening on 0.0.0.0/0.0.0.0:41152
2019-08-21 19:15:03,857 [Datanode State Machine Thread - 0] INFO  ratis.XceiverServerRatis (XceiverServerRatis.java:start(414)) - XceiverServerRatis a3f6fd5f-9e33-4809-b62b-285069cd76bb is started using port 41152
2019-08-21 19:15:03,857 [Datanode State Machine Thread - 0] INFO  server.XceiverServerGrpc (XceiverServerGrpc.java:start(161)) - XceiverServerGrpc a3f6fd5f-9e33-4809-b62b-285069cd76bb is started using port 33886
2019-08-21 19:15:04,027 | INFO  | SCMAudit | user=jenkins1000 | ip=192.168.69.80 | op=GET_VERSION null | ret=SUCCESS |  
2019-08-21 19:15:04,043 [Datanode State Machine Thread - 0] INFO  ozoneimpl.OzoneContainer (OzoneContainer.java:start(186)) - Attempting to start container services.
2019-08-21 19:15:04,045 [Datanode State Machine Thread - 0] INFO  ozoneimpl.OzoneContainer (OzoneContainer.java:startContainerScrub(160)) - Background container scrubber has been disabled by hdds.containerscrub.enabled
2019-08-21 19:15:04,046 [Datanode State Machine Thread - 0] INFO  ratis.XceiverServerRatis (XceiverServerRatis.java:start(404)) - Starting XceiverServerRatis aaf6dc24-a38a-4a1e-b0cd-0cf0bb7e14c3 at port 0
2019-08-21 19:15:04,052 [Datanode State Machine Thread - 0] INFO  impl.RaftServerProxy (RaftServerProxy.java:lambda$start$3(299)) - aaf6dc24-a38a-4a1e-b0cd-0cf0bb7e14c3: start RPC server
2019-08-21 19:15:04,053 [Datanode State Machine Thread - 0] INFO  server.GrpcService (GrpcService.java:startImpl(149)) - aaf6dc24-a38a-4a1e-b0cd-0cf0bb7e14c3: GrpcService started, listening on 0.0.0.0/0.0.0.0:41359
2019-08-21 19:15:04,053 [Datanode State Machine Thread - 0] INFO  ratis.XceiverServerRatis (XceiverServerRatis.java:start(414)) - XceiverServerRatis aaf6dc24-a38a-4a1e-b0cd-0cf0bb7e14c3 is started using port 41359
2019-08-21 19:15:04,054 [Datanode State Machine Thread - 0] INFO  server.XceiverServerGrpc (XceiverServerGrpc.java:start(161)) - XceiverServerGrpc aaf6dc24-a38a-4a1e-b0cd-0cf0bb7e14c3 is started using port 42114
2019-08-21 19:15:04,234 [Thread-334] INFO  ozone.MiniOzoneClusterImpl (MiniOzoneClusterImpl.java:lambda$waitForClusterToBeReady$0(142)) - Waiting for cluster to be ready. Got 0 of 3 DN Heartbeats.
2019-08-21 19:15:04,238 | INFO  | SCMAudit | user=jenkins1000 | ip=192.168.69.80 | op=GET_VERSION null | ret=SUCCESS |  
2019-08-21 19:15:04,252 [Datanode State Machine Thread - 0] INFO  ozoneimpl.OzoneContainer (OzoneContainer.java:start(186)) - Attempting to start container services.
2019-08-21 19:15:04,254 [Datanode State Machine Thread - 0] INFO  ozoneimpl.OzoneContainer (OzoneContainer.java:startContainerScrub(160)) - Background container scrubber has been disabled by hdds.containerscrub.enabled
2019-08-21 19:15:04,254 [Datanode State Machine Thread - 0] INFO  ratis.XceiverServerRatis (XceiverServerRatis.java:start(404)) - Starting XceiverServerRatis 3a4645e2-fe5f-4037-bc26-36547f186637 at port 0
2019-08-21 19:15:04,261 [Datanode State Machine Thread - 0] INFO  impl.RaftServerProxy (RaftServerProxy.java:lambda$start$3(299)) - 3a4645e2-fe5f-4037-bc26-36547f186637: start RPC server
2019-08-21 19:15:04,266 [Datanode State Machine Thread - 0] INFO  server.GrpcService (GrpcService.java:startImpl(149)) - 3a4645e2-fe5f-4037-bc26-36547f186637: GrpcService started, listening on 0.0.0.0/0.0.0.0:40661
2019-08-21 19:15:04,266 [Datanode State Machine Thread - 0] INFO  ratis.XceiverServerRatis (XceiverServerRatis.java:start(414)) - XceiverServerRatis 3a4645e2-fe5f-4037-bc26-36547f186637 is started using port 40661
2019-08-21 19:15:04,267 [Datanode State Machine Thread - 0] INFO  server.XceiverServerGrpc (XceiverServerGrpc.java:start(161)) - XceiverServerGrpc 3a4645e2-fe5f-4037-bc26-36547f186637 is started using port 39847
2019-08-21 19:15:05,234 [Thread-334] INFO  ozone.MiniOzoneClusterImpl (MiniOzoneClusterImpl.java:lambda$waitForClusterToBeReady$0(142)) - Waiting for cluster to be ready. Got 0 of 3 DN Heartbeats.
2019-08-21 19:15:05,807 [IPC Server handler 0 on 34318] INFO  net.NetworkTopology (NetworkTopologyImpl.java:add(110)) - Added a new node: /default-rack/a3f6fd5f-9e33-4809-b62b-285069cd76bb
2019-08-21 19:15:05,808 [IPC Server handler 0 on 34318] INFO  node.SCMNodeManager (SCMNodeManager.java:register(273)) - Registered Data node : a3f6fd5f-9e33-4809-b62b-285069cd76bb{ip: 192.168.69.80, host: pr-hdds-2002-6qlp9-457884439, networkLocation: /default-rack, certSerialId: null}
2019-08-21 19:15:05,812 [EventQueue-NodeRegistrationContainerReportForDataNodeSafeModeRule] INFO  safemode.SCMSafeModeManager (DataNodeSafeModeRule.java:process(71)) - SCM in safe mode. 1 DataNodes registered, 1 required.
2019-08-21 19:15:05,813 | INFO  | SCMAudit | user=jenkins1000 | ip=192.168.69.80 | op=REGISTER {datanodeDetails=a3f6fd5f-9e33-4809-b62b-285069cd76bb{ip: 192.168.69.80, host: pr-hdds-2002-6qlp9-457884439, networkLocation: /default-rack, certSerialId: null}} | ret=SUCCESS |  
2019-08-21 19:15:05,813 [EventQueue-NodeRegistrationContainerReportForDataNodeSafeModeRule] INFO  safemode.SCMSafeModeManager (SCMSafeModeManager.java:validateSafeModeExitRules(177)) - ScmSafeModeManager, all rules are successfully validated
2019-08-21 19:15:05,813 [EventQueue-NodeRegistrationContainerReportForDataNodeSafeModeRule] INFO  safemode.SCMSafeModeManager (SCMSafeModeManager.java:exitSafeMode(193)) - SCM exiting safe mode.
2019-08-21 19:15:05,836 [grpc-default-executor-0] INFO  impl.RaftServerProxy (RaftServerProxy.java:addNew(89)) - a3f6fd5f-9e33-4809-b62b-285069cd76bb: addNew group-0B3E927DC9F2:[a3f6fd5f-9e33-4809-b62b-285069cd76bb:192.168.69.80:41152] returns group-0B3E927DC9F2:java.util.concurrent.CompletableFuture@4a60e2c9[Not completed]
2019-08-21 19:15:05,838 [pool-113-thread-1] INFO  impl.RaftServerImpl (RaftServerImpl.java:<init>(93)) - a3f6fd5f-9e33-4809-b62b-285069cd76bb: new RaftServerImpl for group-0B3E927DC9F2:[a3f6fd5f-9e33-4809-b62b-285069cd76bb:192.168.69.80:41152] with ContainerStateMachine:uninitialized
2019-08-21 19:15:05,839 [pool-113-thread-1] INFO  server.RaftServerConfigKeys (ConfUtils.java:logGet(43)) - raft.server.rpc.timeout.min = 5s (custom)
2019-08-21 19:15:05,840 [pool-113-thread-1] INFO  server.RaftServerConfigKeys (ConfUtils.java:logGet(43)) - raft.server.rpc.timeout.max = 5200ms (custom)
2019-08-21 19:15:05,840 [pool-113-thread-1] INFO  server.RaftServerConfigKeys (ConfUtils.java:logGet(43)) - raft.server.rpcslowness.timeout = 120s (custom)
2019-08-21 19:15:05,840 [pool-113-thread-1] INFO  server.RaftServerConfigKeys (ConfUtils.java:logGet(43)) - raft.server.sleep.deviation.threshold = 300 (default)
2019-08-21 19:15:05,840 [pool-113-thread-1] INFO  server.RaftServerConfigKeys (ConfUtils.java:logGet(43)) - raft.server.log.appender.install.snapshot.enabled = false (custom)
2019-08-21 19:15:05,840 [pool-113-thread-1] INFO  impl.RaftServerImpl (ServerState.java:<init>(105)) - a3f6fd5f-9e33-4809-b62b-285069cd76bb:group-0B3E927DC9F2 ConfigurationManager, init=-1: [a3f6fd5f-9e33-4809-b62b-285069cd76bb:192.168.69.80:41152], old=null, confs=<EMPTY_MAP>
2019-08-21 19:15:05,840 [pool-113-thread-1] INFO  server.RaftServerConfigKeys (ConfUtils.java:logGet(43)) - raft.server.storage.dir = [/workdir/hadoop-ozone/integration-test/target/test-dir/MiniOzoneClusterImpl-da9650cd-6fd3-441d-ace5-375aff5f2007/datanode-0/data/ratis] (custom)
2019-08-21 19:15:05,841 [pool-113-thread-1] INFO  storage.RaftStorageDirectory (RaftStorageDirectory.java:analyzeStorage(246)) - The storage directory /workdir/hadoop-ozone/integration-test/target/test-dir/MiniOzoneClusterImpl-da9650cd-6fd3-441d-ace5-375aff5f2007/datanode-0/data/ratis/f1b510b9-44ae-4617-926e-0b3e927dc9f2 does not exist. Creating ...
2019-08-21 19:15:05,893 [pool-113-thread-1] INFO  storage.RaftStorageDirectory (RaftStorageDirectory.java:tryLock(328)) - Lock on /workdir/hadoop-ozone/integration-test/target/test-dir/MiniOzoneClusterImpl-da9650cd-6fd3-441d-ace5-375aff5f2007/datanode-0/data/ratis/f1b510b9-44ae-4617-926e-0b3e927dc9f2/in_use.lock acquired by nodename 23490@pr-hdds-2002-6qlp9-457884439
2019-08-21 19:15:05,915 [pool-113-thread-1] INFO  storage.RaftStorage (RaftStorage.java:format(72)) - Storage directory /workdir/hadoop-ozone/integration-test/target/test-dir/MiniOzoneClusterImpl-da9650cd-6fd3-441d-ace5-375aff5f2007/datanode-0/data/ratis/f1b510b9-44ae-4617-926e-0b3e927dc9f2 has been successfully formatted.
2019-08-21 19:15:05,915 [pool-113-thread-1] INFO  ratis.ContainerStateMachine (ContainerStateMachine.java:loadSnapshot(226)) - group-0B3E927DC9F2: The snapshot info is null. Setting the last applied indexto:(t:0, i:~)
2019-08-21 19:15:05,916 [pool-113-thread-1] INFO  server.RaftServerConfigKeys (ConfUtils.java:logGet(43)) - raft.server.leader.election.timeout = 120s (custom)
2019-08-21 19:15:05,916 [pool-113-thread-1] INFO  server.RaftServerConfigKeys (ConfUtils.java:logGet(43)) - raft.server.log.use.memory = false (default)
2019-08-21 19:15:05,916 [pool-113-thread-1] INFO  server.RaftServerConfigKeys (ConfUtils.java:logGet(43)) - raft.server.log.purge.gap = 1000000 (custom)
2019-08-21 19:15:05,916 [pool-113-thread-1] INFO  server.RaftServerConfigKeys (ConfUtils.java:logGet(43)) - raft.server.log.appender.buffer.byte-limit = 33554432 (custom)
2019-08-21 19:15:05,917 [pool-113-thread-1] INFO  server.RaftServerConfigKeys (ConfUtils.java:logGet(43)) - raft.server.log.segment.size.max = 1048576 (custom)
2019-08-21 19:15:05,917 [pool-113-thread-1] INFO  server.RaftServerConfigKeys (ConfUtils.java:logGet(43)) - raft.server.log.segment.cache.num.max = 2 (custom)
2019-08-21 19:15:05,917 [pool-113-thread-1] INFO  segmented.SegmentedRaftLogWorker (SegmentedRaftLogWorker.java:<init>(172)) - new a3f6fd5f-9e33-4809-b62b-285069cd76bb-SegmentedRaftLogWorker:Storage Directory /workdir/hadoop-ozone/integration-test/target/test-dir/MiniOzoneClusterImpl-da9650cd-6fd3-441d-ace5-375aff5f2007/datanode-0/data/ratis/f1b510b9-44ae-4617-926e-0b3e927dc9f2 for RaftStorage:Storage Directory /workdir/hadoop-ozone/integration-test/target/test-dir/MiniOzoneClusterImpl-da9650cd-6fd3-441d-ace5-375aff5f2007/datanode-0/data/ratis/f1b510b9-44ae-4617-926e-0b3e927dc9f2
2019-08-21 19:15:05,917 [pool-113-thread-1] INFO  server.RaftServerConfigKeys (ConfUtils.java:logGet(43)) - raft.server.log.queue.byte-limit = 2147483647 (custom)
2019-08-21 19:15:05,918 [pool-113-thread-1] INFO  server.RaftServerConfigKeys (ConfUtils.java:logGet(43)) - raft.server.log.queue.element-limit = 1024 (custom)
2019-08-21 19:15:05,918 [pool-113-thread-1] INFO  server.RaftServerConfigKeys (ConfUtils.java:logGet(43)) - raft.server.log.segment.size.max = 1048576 (custom)
2019-08-21 19:15:05,918 [pool-113-thread-1] INFO  server.RaftServerConfigKeys (ConfUtils.java:logGet(43)) - raft.server.log.preallocated.size = 16384 (custom)
2019-08-21 19:15:05,919 [pool-113-thread-1] INFO  server.RaftServerConfigKeys (ConfUtils.java:logGet(43)) - raft.server.log.write.buffer.size = 33554432 (custom)
2019-08-21 19:15:05,919 [pool-113-thread-1] INFO  server.RaftServerConfigKeys (ConfUtils.java:logGet(43)) - raft.server.log.force.sync.num = 128 (default)
2019-08-21 19:15:05,919 [pool-113-thread-1] INFO  server.RaftServerConfigKeys (ConfUtils.java:logGet(43)) - raft.server.log.statemachine.data.sync = true (default)
2019-08-21 19:15:05,919 [pool-113-thread-1] INFO  server.RaftServerConfigKeys (ConfUtils.java:logGet(43)) - raft.server.log.statemachine.data.sync.timeout = 10s (default)
2019-08-21 19:15:05,919 [pool-113-thread-1] INFO  server.RaftServerConfigKeys (ConfUtils.java:logGet(43)) - raft.server.log.statemachine.data.sync.timeout.retry = -1 (default)
2019-08-21 19:15:05,920 [pool-113-thread-1] INFO  server.RaftServerConfigKeys (ConfUtils.java:logGet(43)) - raft.server.log.statemachine.data.caching.enabled = true (custom)
2019-08-21 19:15:05,920 [pool-113-thread-1] INFO  segmented.SegmentedRaftLogWorker (SegmentedRaftLogWorker.java:lambda$new$0(132)) - a3f6fd5f-9e33-4809-b62b-285069cd76bb-SegmentedRaftLogWorker:Storage Directory /workdir/hadoop-ozone/integration-test/target/test-dir/MiniOzoneClusterImpl-da9650cd-6fd3-441d-ace5-375aff5f2007/datanode-0/data/ratis/f1b510b9-44ae-4617-926e-0b3e927dc9f2: flushIndex: setUnconditionally 0 -> -1
2019-08-21 19:15:05,921 [pool-113-thread-1] INFO  server.RaftServerConfigKeys (ConfUtils.java:logGet(43)) - raft.server.snapshot.auto.trigger.enabled = true (custom)
2019-08-21 19:15:05,921 [pool-113-thread-1] INFO  server.RaftServerConfigKeys (ConfUtils.java:logGet(43)) - raft.server.snapshot.auto.trigger.threshold = 10000 (custom)
2019-08-21 19:15:05,921 [pool-113-thread-1] INFO  server.RaftServerConfigKeys (ConfUtils.java:logGet(43)) - raft.server.retrycache.expirytime = 600000ms (custom)
2019-08-21 19:15:05,922 [pool-113-thread-1] INFO  impl.RaftServerImpl (RaftServerImpl.java:start(180)) - a3f6fd5f-9e33-4809-b62b-285069cd76bb: start group-0B3E927DC9F2
2019-08-21 19:15:05,922 [pool-113-thread-1] INFO  impl.RaftServerImpl (RaftServerImpl.java:setRole(171)) - a3f6fd5f-9e33-4809-b62b-285069cd76bb:group-0B3E927DC9F2 changes role from null to FOLLOWER at term 0 for startAsFollower
2019-08-21 19:15:05,922 [pool-113-thread-1] INFO  impl.RoleInfo (RoleInfo.java:updateAndGet(143)) - a3f6fd5f-9e33-4809-b62b-285069cd76bb: start FollowerState
2019-08-21 19:15:05,923 [pool-113-thread-1] INFO  util.JmxRegister (JmxRegister.java:tryRegister(44)) - Successfully registered JMX Bean with object name Ratis:service=RaftServer,group=group-0B3E927DC9F2,id=a3f6fd5f-9e33-4809-b62b-285069cd76bb
2019-08-21 19:15:05,932 [RatisPipelineUtilsThread] INFO  pipeline.PipelineStateManager (PipelineStateManager.java:addPipeline(56)) - Created pipeline Pipeline[ Id: f1b510b9-44ae-4617-926e-0b3e927dc9f2, Nodes: a3f6fd5f-9e33-4809-b62b-285069cd76bb{ip: 192.168.69.80, host: pr-hdds-2002-6qlp9-457884439, networkLocation: /default-rack, certSerialId: null}, Type:RATIS, Factor:ONE, State:OPEN]
2019-08-21 19:15:06,028 [IPC Server handler 1 on 34318] INFO  net.NetworkTopology (NetworkTopologyImpl.java:add(110)) - Added a new node: /default-rack/aaf6dc24-a38a-4a1e-b0cd-0cf0bb7e14c3
2019-08-21 19:15:06,028 [IPC Server handler 1 on 34318] INFO  node.SCMNodeManager (SCMNodeManager.java:register(273)) - Registered Data node : aaf6dc24-a38a-4a1e-b0cd-0cf0bb7e14c3{ip: 192.168.69.80, host: pr-hdds-2002-6qlp9-457884439, networkLocation: /default-rack, certSerialId: null}
2019-08-21 19:15:06,029 | INFO  | SCMAudit | user=jenkins1000 | ip=192.168.69.80 | op=REGISTER {datanodeDetails=aaf6dc24-a38a-4a1e-b0cd-0cf0bb7e14c3{ip: 192.168.69.80, host: pr-hdds-2002-6qlp9-457884439, networkLocation: /default-rack, certSerialId: null}} | ret=SUCCESS |  
2019-08-21 19:15:06,042 [grpc-default-executor-0] INFO  impl.RaftServerProxy (RaftServerProxy.java:addNew(89)) - aaf6dc24-a38a-4a1e-b0cd-0cf0bb7e14c3: addNew group-3AF90EA45AB2:[aaf6dc24-a38a-4a1e-b0cd-0cf0bb7e14c3:192.168.69.80:41359] returns group-3AF90EA45AB2:java.util.concurrent.CompletableFuture@67f4dd1b[Not completed]
2019-08-21 19:15:06,043 [pool-124-thread-1] INFO  impl.RaftServerImpl (RaftServerImpl.java:<init>(93)) - aaf6dc24-a38a-4a1e-b0cd-0cf0bb7e14c3: new RaftServerImpl for group-3AF90EA45AB2:[aaf6dc24-a38a-4a1e-b0cd-0cf0bb7e14c3:192.168.69.80:41359] with ContainerStateMachine:uninitialized
2019-08-21 19:15:06,045 [pool-124-thread-1] INFO  server.RaftServerConfigKeys (ConfUtils.java:logGet(43)) - raft.server.rpc.timeout.min = 5s (custom)
2019-08-21 19:15:06,045 [pool-124-thread-1] INFO  server.RaftServerConfigKeys (ConfUtils.java:logGet(43)) - raft.server.rpc.timeout.max = 5200ms (custom)
2019-08-21 19:15:06,045 [pool-124-thread-1] INFO  server.RaftServerConfigKeys (ConfUtils.java:logGet(43)) - raft.server.rpcslowness.timeout = 120s (custom)
2019-08-21 19:15:06,045 [pool-124-thread-1] INFO  server.RaftServerConfigKeys (ConfUtils.java:logGet(43)) - raft.server.sleep.deviation.threshold = 300 (default)
2019-08-21 19:15:06,045 [pool-124-thread-1] INFO  server.RaftServerConfigKeys (ConfUtils.java:logGet(43)) - raft.server.log.appender.install.snapshot.enabled = false (custom)
2019-08-21 19:15:06,045 [pool-124-thread-1] INFO  impl.RaftServerImpl (ServerState.java:<init>(105)) - aaf6dc24-a38a-4a1e-b0cd-0cf0bb7e14c3:group-3AF90EA45AB2 ConfigurationManager, init=-1: [aaf6dc24-a38a-4a1e-b0cd-0cf0bb7e14c3:192.168.69.80:41359], old=null, confs=<EMPTY_MAP>
2019-08-21 19:15:06,046 [pool-124-thread-1] INFO  server.RaftServerConfigKeys (ConfUtils.java:logGet(43)) - raft.server.storage.dir = [/workdir/hadoop-ozone/integration-test/target/test-dir/MiniOzoneClusterImpl-da9650cd-6fd3-441d-ace5-375aff5f2007/datanode-1/data/ratis] (custom)
2019-08-21 19:15:06,046 [pool-124-thread-1] INFO  storage.RaftStorageDirectory (RaftStorageDirectory.java:analyzeStorage(246)) - The storage directory /workdir/hadoop-ozone/integration-test/target/test-dir/MiniOzoneClusterImpl-da9650cd-6fd3-441d-ace5-375aff5f2007/datanode-1/data/ratis/b22424ea-95c9-48f2-8656-3af90ea45ab2 does not exist. Creating ...
2019-08-21 19:15:06,053 [pool-124-thread-1] INFO  storage.RaftStorageDirectory (RaftStorageDirectory.java:tryLock(328)) - Lock on /workdir/hadoop-ozone/integration-test/target/test-dir/MiniOzoneClusterImpl-da9650cd-6fd3-441d-ace5-375aff5f2007/datanode-1/data/ratis/b22424ea-95c9-48f2-8656-3af90ea45ab2/in_use.lock acquired by nodename 23490@pr-hdds-2002-6qlp9-457884439
2019-08-21 19:15:06,066 [pool-124-thread-1] INFO  storage.RaftStorage (RaftStorage.java:format(72)) - Storage directory /workdir/hadoop-ozone/integration-test/target/test-dir/MiniOzoneClusterImpl-da9650cd-6fd3-441d-ace5-375aff5f2007/datanode-1/data/ratis/b22424ea-95c9-48f2-8656-3af90ea45ab2 has been successfully formatted.
2019-08-21 19:15:06,066 [pool-124-thread-1] INFO  ratis.ContainerStateMachine (ContainerStateMachine.java:loadSnapshot(226)) - group-3AF90EA45AB2: The snapshot info is null. Setting the last applied indexto:(t:0, i:~)
2019-08-21 19:15:06,066 [pool-124-thread-1] INFO  server.RaftServerConfigKeys (ConfUtils.java:logGet(43)) - raft.server.leader.election.timeout = 120s (custom)
2019-08-21 19:15:06,066 [pool-124-thread-1] INFO  server.RaftServerConfigKeys (ConfUtils.java:logGet(43)) - raft.server.log.use.memory = false (default)
2019-08-21 19:15:06,067 [pool-124-thread-1] INFO  server.RaftServerConfigKeys (ConfUtils.java:logGet(43)) - raft.server.log.purge.gap = 1000000 (custom)
2019-08-21 19:15:06,067 [pool-124-thread-1] INFO  server.RaftServerConfigKeys (ConfUtils.java:logGet(43)) - raft.server.log.appender.buffer.byte-limit = 33554432 (custom)
2019-08-21 19:15:06,067 [pool-124-thread-1] INFO  server.RaftServerConfigKeys (ConfUtils.java:logGet(43)) - raft.server.log.segment.size.max = 1048576 (custom)
2019-08-21 19:15:06,067 [pool-124-thread-1] INFO  server.RaftServerConfigKeys (ConfUtils.java:logGet(43)) - raft.server.log.segment.cache.num.max = 2 (custom)
2019-08-21 19:15:06,067 [pool-124-thread-1] INFO  segmented.SegmentedRaftLogWorker (SegmentedRaftLogWorker.java:<init>(172)) - new aaf6dc24-a38a-4a1e-b0cd-0cf0bb7e14c3-SegmentedRaftLogWorker:Storage Directory /workdir/hadoop-ozone/integration-test/target/test-dir/MiniOzoneClusterImpl-da9650cd-6fd3-441d-ace5-375aff5f2007/datanode-1/data/ratis/b22424ea-95c9-48f2-8656-3af90ea45ab2 for RaftStorage:Storage Directory /workdir/hadoop-ozone/integration-test/target/test-dir/MiniOzoneClusterImpl-da9650cd-6fd3-441d-ace5-375aff5f2007/datanode-1/data/ratis/b22424ea-95c9-48f2-8656-3af90ea45ab2
2019-08-21 19:15:06,068 [pool-124-thread-1] INFO  server.RaftServerConfigKeys (ConfUtils.java:logGet(43)) - raft.server.log.queue.byte-limit = 2147483647 (custom)
2019-08-21 19:15:06,068 [pool-124-thread-1] INFO  server.RaftServerConfigKeys (ConfUtils.java:logGet(43)) - raft.server.log.queue.element-limit = 1024 (custom)
2019-08-21 19:15:06,068 [pool-124-thread-1] INFO  server.RaftServerConfigKeys (ConfUtils.java:logGet(43)) - raft.server.log.segment.size.max = 1048576 (custom)
2019-08-21 19:15:06,068 [pool-124-thread-1] INFO  server.RaftServerConfigKeys (ConfUtils.java:logGet(43)) - raft.server.log.preallocated.size = 16384 (custom)
2019-08-21 19:15:06,069 [pool-124-thread-1] INFO  server.RaftServerConfigKeys (ConfUtils.java:logGet(43)) - raft.server.log.write.buffer.size = 33554432 (custom)
2019-08-21 19:15:06,069 [pool-124-thread-1] INFO  server.RaftServerConfigKeys (ConfUtils.java:logGet(43)) - raft.server.log.force.sync.num = 128 (default)
2019-08-21 19:15:06,069 [pool-124-thread-1] INFO  server.RaftServerConfigKeys (ConfUtils.java:logGet(43)) - raft.server.log.statemachine.data.sync = true (default)
2019-08-21 19:15:06,069 [pool-124-thread-1] INFO  server.RaftServerConfigKeys (ConfUtils.java:logGet(43)) - raft.server.log.statemachine.data.sync.timeout = 10s (default)
2019-08-21 19:15:06,069 [pool-124-thread-1] INFO  server.RaftServerConfigKeys (ConfUtils.java:logGet(43)) - raft.server.log.statemachine.data.sync.timeout.retry = -1 (default)
2019-08-21 19:15:06,070 [pool-124-thread-1] INFO  server.RaftServerConfigKeys (ConfUtils.java:logGet(43)) - raft.server.log.statemachine.data.caching.enabled = true (custom)
2019-08-21 19:15:06,070 [pool-124-thread-1] INFO  segmented.SegmentedRaftLogWorker (SegmentedRaftLogWorker.java:lambda$new$0(132)) - aaf6dc24-a38a-4a1e-b0cd-0cf0bb7e14c3-SegmentedRaftLogWorker:Storage Directory /workdir/hadoop-ozone/integration-test/target/test-dir/MiniOzoneClusterImpl-da9650cd-6fd3-441d-ace5-375aff5f2007/datanode-1/data/ratis/b22424ea-95c9-48f2-8656-3af90ea45ab2: flushIndex: setUnconditionally 0 -> -1
2019-08-21 19:15:06,071 [pool-124-thread-1] INFO  server.RaftServerConfigKeys (ConfUtils.java:logGet(43)) - raft.server.snapshot.auto.trigger.enabled = true (custom)
2019-08-21 19:15:06,071 [pool-124-thread-1] INFO  server.RaftServerConfigKeys (ConfUtils.java:logGet(43)) - raft.server.snapshot.auto.trigger.threshold = 10000 (custom)
2019-08-21 19:15:06,071 [pool-124-thread-1] INFO  server.RaftServerConfigKeys (ConfUtils.java:logGet(43)) - raft.server.retrycache.expirytime = 600000ms (custom)
2019-08-21 19:15:06,071 [pool-124-thread-1] INFO  impl.RaftServerImpl (RaftServerImpl.java:start(180)) - aaf6dc24-a38a-4a1e-b0cd-0cf0bb7e14c3: start group-3AF90EA45AB2
2019-08-21 19:15:06,072 [pool-124-thread-1] INFO  impl.RaftServerImpl (RaftServerImpl.java:setRole(171)) - aaf6dc24-a38a-4a1e-b0cd-0cf0bb7e14c3:group-3AF90EA45AB2 changes role from null to FOLLOWER at term 0 for startAsFollower
2019-08-21 19:15:06,072 [pool-124-thread-1] INFO  impl.RoleInfo (RoleInfo.java:updateAndGet(143)) - aaf6dc24-a38a-4a1e-b0cd-0cf0bb7e14c3: start FollowerState
2019-08-21 19:15:06,078 [pool-124-thread-1] INFO  util.JmxRegister (JmxRegister.java:tryRegister(44)) - Successfully registered JMX Bean with object name Ratis:service=RaftServer,group=group-3AF90EA45AB2,id=aaf6dc24-a38a-4a1e-b0cd-0cf0bb7e14c3
2019-08-21 19:15:06,086 [RatisPipelineUtilsThread] INFO  pipeline.PipelineStateManager (PipelineStateManager.java:addPipeline(56)) - Created pipeline Pipeline[ Id: b22424ea-95c9-48f2-8656-3af90ea45ab2, Nodes: aaf6dc24-a38a-4a1e-b0cd-0cf0bb7e14c3{ip: 192.168.69.80, host: pr-hdds-2002-6qlp9-457884439, networkLocation: /default-rack, certSerialId: null}, Type:RATIS, Factor:ONE, State:OPEN]
2019-08-21 19:15:06,235 [Thread-334] INFO  ozone.MiniOzoneClusterImpl (MiniOzoneClusterImpl.java:lambda$waitForClusterToBeReady$0(142)) - Waiting for cluster to be ready. Got 2 of 3 DN Heartbeats.
2019-08-21 19:15:06,239 [IPC Server handler 2 on 34318] INFO  net.NetworkTopology (NetworkTopologyImpl.java:add(110)) - Added a new node: /default-rack/3a4645e2-fe5f-4037-bc26-36547f186637
2019-08-21 19:15:06,239 [IPC Server handler 2 on 34318] INFO  node.SCMNodeManager (SCMNodeManager.java:register(273)) - Registered Data node : 3a4645e2-fe5f-4037-bc26-36547f186637{ip: 192.168.69.80, host: pr-hdds-2002-6qlp9-457884439, networkLocation: /default-rack, certSerialId: null}
2019-08-21 19:15:06,239 | INFO  | SCMAudit | user=jenkins1000 | ip=192.168.69.80 | op=REGISTER {datanodeDetails=3a4645e2-fe5f-4037-bc26-36547f186637{ip: 192.168.69.80, host: pr-hdds-2002-6qlp9-457884439, networkLocation: /default-rack, certSerialId: null}} | ret=SUCCESS |  
2019-08-21 19:15:06,253 [grpc-default-executor-0] INFO  impl.RaftServerProxy (RaftServerProxy.java:addNew(89)) - 3a4645e2-fe5f-4037-bc26-36547f186637: addNew group-4B391D3D34F4:[3a4645e2-fe5f-4037-bc26-36547f186637:192.168.69.80:40661] returns group-4B391D3D34F4:java.util.concurrent.CompletableFuture@3daddcf6[Not completed]
2019-08-21 19:15:06,255 [pool-135-thread-1] INFO  impl.RaftServerImpl (RaftServerImpl.java:<init>(93)) - 3a4645e2-fe5f-4037-bc26-36547f186637: new RaftServerImpl for group-4B391D3D34F4:[3a4645e2-fe5f-4037-bc26-36547f186637:192.168.69.80:40661] with ContainerStateMachine:uninitialized
2019-08-21 19:15:06,257 [pool-135-thread-1] INFO  server.RaftServerConfigKeys (ConfUtils.java:logGet(43)) - raft.server.rpc.timeout.min = 5s (custom)
2019-08-21 19:15:06,257 [pool-135-thread-1] INFO  server.RaftServerConfigKeys (ConfUtils.java:logGet(43)) - raft.server.rpc.timeout.max = 5200ms (custom)
2019-08-21 19:15:06,257 [pool-135-thread-1] INFO  server.RaftServerConfigKeys (ConfUtils.java:logGet(43)) - raft.server.rpcslowness.timeout = 120s (custom)
2019-08-21 19:15:06,257 [pool-135-thread-1] INFO  server.RaftServerConfigKeys (ConfUtils.java:logGet(43)) - raft.server.sleep.deviation.threshold = 300 (default)
2019-08-21 19:15:06,257 [pool-135-thread-1] INFO  server.RaftServerConfigKeys (ConfUtils.java:logGet(43)) - raft.server.log.appender.install.snapshot.enabled = false (custom)
2019-08-21 19:15:06,258 [pool-135-thread-1] INFO  impl.RaftServerImpl (ServerState.java:<init>(105)) - 3a4645e2-fe5f-4037-bc26-36547f186637:group-4B391D3D34F4 ConfigurationManager, init=-1: [3a4645e2-fe5f-4037-bc26-36547f186637:192.168.69.80:40661], old=null, confs=<EMPTY_MAP>
2019-08-21 19:15:06,258 [pool-135-thread-1] INFO  server.RaftServerConfigKeys (ConfUtils.java:logGet(43)) - raft.server.storage.dir = [/workdir/hadoop-ozone/integration-test/target/test-dir/MiniOzoneClusterImpl-da9650cd-6fd3-441d-ace5-375aff5f2007/datanode-2/data/ratis] (custom)
2019-08-21 19:15:06,258 [pool-135-thread-1] INFO  storage.RaftStorageDirectory (RaftStorageDirectory.java:analyzeStorage(246)) - The storage directory /workdir/hadoop-ozone/integration-test/target/test-dir/MiniOzoneClusterImpl-da9650cd-6fd3-441d-ace5-375aff5f2007/datanode-2/data/ratis/7e3495bf-5200-4073-805e-4b391d3d34f4 does not exist. Creating ...
2019-08-21 19:15:06,262 [pool-135-thread-1] INFO  storage.RaftStorageDirectory (RaftStorageDirectory.java:tryLock(328)) - Lock on /workdir/hadoop-ozone/integration-test/target/test-dir/MiniOzoneClusterImpl-da9650cd-6fd3-441d-ace5-375aff5f2007/datanode-2/data/ratis/7e3495bf-5200-4073-805e-4b391d3d34f4/in_use.lock acquired by nodename 23490@pr-hdds-2002-6qlp9-457884439
2019-08-21 19:15:06,274 [pool-135-thread-1] INFO  storage.RaftStorage (RaftStorage.java:format(72)) - Storage directory /workdir/hadoop-ozone/integration-test/target/test-dir/MiniOzoneClusterImpl-da9650cd-6fd3-441d-ace5-375aff5f2007/datanode-2/data/ratis/7e3495bf-5200-4073-805e-4b391d3d34f4 has been successfully formatted.
2019-08-21 19:15:06,274 [pool-135-thread-1] INFO  ratis.ContainerStateMachine (ContainerStateMachine.java:loadSnapshot(226)) - group-4B391D3D34F4: The snapshot info is null. Setting the last applied indexto:(t:0, i:~)
2019-08-21 19:15:06,275 [pool-135-thread-1] INFO  server.RaftServerConfigKeys (ConfUtils.java:logGet(43)) - raft.server.leader.election.timeout = 120s (custom)
2019-08-21 19:15:06,275 [pool-135-thread-1] INFO  server.RaftServerConfigKeys (ConfUtils.java:logGet(43)) - raft.server.log.use.memory = false (default)
2019-08-21 19:15:06,275 [pool-135-thread-1] INFO  server.RaftServerConfigKeys (ConfUtils.java:logGet(43)) - raft.server.log.purge.gap = 1000000 (custom)
2019-08-21 19:15:06,275 [pool-135-thread-1] INFO  server.RaftServerConfigKeys (ConfUtils.java:logGet(43)) - raft.server.log.appender.buffer.byte-limit = 33554432 (custom)
2019-08-21 19:15:06,275 [pool-135-thread-1] INFO  server.RaftServerConfigKeys (ConfUtils.java:logGet(43)) - raft.server.log.segment.size.max = 1048576 (custom)
2019-08-21 19:15:06,275 [pool-135-thread-1] INFO  server.RaftServerConfigKeys (ConfUtils.java:logGet(43)) - raft.server.log.segment.cache.num.max = 2 (custom)
2019-08-21 19:15:06,276 [pool-135-thread-1] INFO  segmented.SegmentedRaftLogWorker (SegmentedRaftLogWorker.java:<init>(172)) - new 3a4645e2-fe5f-4037-bc26-36547f186637-SegmentedRaftLogWorker:Storage Directory /workdir/hadoop-ozone/integration-test/target/test-dir/MiniOzoneClusterImpl-da9650cd-6fd3-441d-ace5-375aff5f2007/datanode-2/data/ratis/7e3495bf-5200-4073-805e-4b391d3d34f4 for RaftStorage:Storage Directory /workdir/hadoop-ozone/integration-test/target/test-dir/MiniOzoneClusterImpl-da9650cd-6fd3-441d-ace5-375aff5f2007/datanode-2/data/ratis/7e3495bf-5200-4073-805e-4b391d3d34f4
2019-08-21 19:15:06,276 [pool-135-thread-1] INFO  server.RaftServerConfigKeys (ConfUtils.java:logGet(43)) - raft.server.log.queue.byte-limit = 2147483647 (custom)
2019-08-21 19:15:06,276 [pool-135-thread-1] INFO  server.RaftServerConfigKeys (ConfUtils.java:logGet(43)) - raft.server.log.queue.element-limit = 1024 (custom)
2019-08-21 19:15:06,276 [pool-135-thread-1] INFO  server.RaftServerConfigKeys (ConfUtils.java:logGet(43)) - raft.server.log.segment.size.max = 1048576 (custom)
2019-08-21 19:15:06,276 [pool-135-thread-1] INFO  server.RaftServerConfigKeys (ConfUtils.java:logGet(43)) - raft.server.log.preallocated.size = 16384 (custom)
2019-08-21 19:15:06,277 [pool-135-thread-1] INFO  server.RaftServerConfigKeys (ConfUtils.java:logGet(43)) - raft.server.log.write.buffer.size = 33554432 (custom)
2019-08-21 19:15:06,277 [pool-135-thread-1] INFO  server.RaftServerConfigKeys (ConfUtils.java:logGet(43)) - raft.server.log.force.sync.num = 128 (default)
2019-08-21 19:15:06,277 [pool-135-thread-1] INFO  server.RaftServerConfigKeys (ConfUtils.java:logGet(43)) - raft.server.log.statemachine.data.sync = true (default)
2019-08-21 19:15:06,277 [pool-135-thread-1] INFO  server.RaftServerConfigKeys (ConfUtils.java:logGet(43)) - raft.server.log.statemachine.data.sync.timeout = 10s (default)
2019-08-21 19:15:06,277 [pool-135-thread-1] INFO  server.RaftServerConfigKeys (ConfUtils.java:logGet(43)) - raft.server.log.statemachine.data.sync.timeout.retry = -1 (default)
2019-08-21 19:15:06,278 [pool-135-thread-1] INFO  server.RaftServerConfigKeys (ConfUtils.java:logGet(43)) - raft.server.log.statemachine.data.caching.enabled = true (custom)
2019-08-21 19:15:06,278 [pool-135-thread-1] INFO  segmented.SegmentedRaftLogWorker (SegmentedRaftLogWorker.java:lambda$new$0(132)) - 3a4645e2-fe5f-4037-bc26-36547f186637-SegmentedRaftLogWorker:Storage Directory /workdir/hadoop-ozone/integration-test/target/test-dir/MiniOzoneClusterImpl-da9650cd-6fd3-441d-ace5-375aff5f2007/datanode-2/data/ratis/7e3495bf-5200-4073-805e-4b391d3d34f4: flushIndex: setUnconditionally 0 -> -1
2019-08-21 19:15:06,279 [pool-135-thread-1] INFO  server.RaftServerConfigKeys (ConfUtils.java:logGet(43)) - raft.server.snapshot.auto.trigger.enabled = true (custom)
2019-08-21 19:15:06,279 [pool-135-thread-1] INFO  server.RaftServerConfigKeys (ConfUtils.java:logGet(43)) - raft.server.snapshot.auto.trigger.threshold = 10000 (custom)
2019-08-21 19:15:06,279 [pool-135-thread-1] INFO  server.RaftServerConfigKeys (ConfUtils.java:logGet(43)) - raft.server.retrycache.expirytime = 600000ms (custom)
2019-08-21 19:15:06,279 [pool-135-thread-1] INFO  impl.RaftServerImpl (RaftServerImpl.java:start(180)) - 3a4645e2-fe5f-4037-bc26-36547f186637: start group-4B391D3D34F4
2019-08-21 19:15:06,279 [pool-135-thread-1] INFO  impl.RaftServerImpl (RaftServerImpl.java:setRole(171)) - 3a4645e2-fe5f-4037-bc26-36547f186637:group-4B391D3D34F4 changes role from null to FOLLOWER at term 0 for startAsFollower
2019-08-21 19:15:06,280 [pool-135-thread-1] INFO  impl.RoleInfo (RoleInfo.java:updateAndGet(143)) - 3a4645e2-fe5f-4037-bc26-36547f186637: start FollowerState
2019-08-21 19:15:06,280 [pool-135-thread-1] INFO  util.JmxRegister (JmxRegister.java:tryRegister(44)) - Successfully registered JMX Bean with object name Ratis:service=RaftServer,group=group-4B391D3D34F4,id=3a4645e2-fe5f-4037-bc26-36547f186637
2019-08-21 19:15:06,285 [RatisPipelineUtilsThread] INFO  pipeline.PipelineStateManager (PipelineStateManager.java:addPipeline(56)) - Created pipeline Pipeline[ Id: 7e3495bf-5200-4073-805e-4b391d3d34f4, Nodes: 3a4645e2-fe5f-4037-bc26-36547f186637{ip: 192.168.69.80, host: pr-hdds-2002-6qlp9-457884439, networkLocation: /default-rack, certSerialId: null}, Type:RATIS, Factor:ONE, State:OPEN]
2019-08-21 19:15:06,313 [grpc-default-executor-2] INFO  impl.RaftServerProxy (RaftServerProxy.java:addNew(89)) - a3f6fd5f-9e33-4809-b62b-285069cd76bb: addNew group-5840AAFF3D5D:[a3f6fd5f-9e33-4809-b62b-285069cd76bb:192.168.69.80:41152, 3a4645e2-fe5f-4037-bc26-36547f186637:192.168.69.80:40661, aaf6dc24-a38a-4a1e-b0cd-0cf0bb7e14c3:192.168.69.80:41359] returns group-5840AAFF3D5D:java.util.concurrent.CompletableFuture@1de49c8b[Not completed]
2019-08-21 19:15:06,313 [grpc-default-executor-0] INFO  impl.RaftServerProxy (RaftServerProxy.java:addNew(89)) - aaf6dc24-a38a-4a1e-b0cd-0cf0bb7e14c3: addNew group-5840AAFF3D5D:[a3f6fd5f-9e33-4809-b62b-285069cd76bb:192.168.69.80:41152, 3a4645e2-fe5f-4037-bc26-36547f186637:192.168.69.80:40661, aaf6dc24-a38a-4a1e-b0cd-0cf0bb7e14c3:192.168.69.80:41359] returns group-5840AAFF3D5D:java.util.concurrent.CompletableFuture@2e014368[Not completed]
2019-08-21 19:15:06,317 [grpc-default-executor-2] INFO  impl.RaftServerProxy (RaftServerProxy.java:addNew(89)) - 3a4645e2-fe5f-4037-bc26-36547f186637: addNew group-5840AAFF3D5D:[a3f6fd5f-9e33-4809-b62b-285069cd76bb:192.168.69.80:41152, 3a4645e2-fe5f-4037-bc26-36547f186637:192.168.69.80:40661, aaf6dc24-a38a-4a1e-b0cd-0cf0bb7e14c3:192.168.69.80:41359] returns group-5840AAFF3D5D:java.util.concurrent.CompletableFuture@2835969b[Not completed]
2019-08-21 19:15:06,318 [pool-124-thread-1] INFO  impl.RaftServerImpl (RaftServerImpl.java:<init>(93)) - aaf6dc24-a38a-4a1e-b0cd-0cf0bb7e14c3: new RaftServerImpl for group-5840AAFF3D5D:[a3f6fd5f-9e33-4809-b62b-285069cd76bb:192.168.69.80:41152, 3a4645e2-fe5f-4037-bc26-36547f186637:192.168.69.80:40661, aaf6dc24-a38a-4a1e-b0cd-0cf0bb7e14c3:192.168.69.80:41359] with ContainerStateMachine:uninitialized
2019-08-21 19:15:06,319 [pool-124-thread-1] INFO  server.RaftServerConfigKeys (ConfUtils.java:logGet(43)) - raft.server.rpc.timeout.min = 5s (custom)
2019-08-21 19:15:06,319 [pool-124-thread-1] INFO  server.RaftServerConfigKeys (ConfUtils.java:logGet(43)) - raft.server.rpc.timeout.max = 5200ms (custom)
2019-08-21 19:15:06,319 [pool-124-thread-1] INFO  server.RaftServerConfigKeys (ConfUtils.java:logGet(43)) - raft.server.rpcslowness.timeout = 120s (custom)
2019-08-21 19:15:06,319 [pool-124-thread-1] INFO  server.RaftServerConfigKeys (ConfUtils.java:logGet(43)) - raft.server.sleep.deviation.threshold = 300 (default)
2019-08-21 19:15:06,319 [pool-124-thread-1] INFO  server.RaftServerConfigKeys (ConfUtils.java:logGet(43)) - raft.server.log.appender.install.snapshot.enabled = false (custom)
2019-08-21 19:15:06,319 [pool-124-thread-1] INFO  impl.RaftServerImpl (ServerState.java:<init>(105)) - aaf6dc24-a38a-4a1e-b0cd-0cf0bb7e14c3:group-5840AAFF3D5D ConfigurationManager, init=-1: [a3f6fd5f-9e33-4809-b62b-285069cd76bb:192.168.69.80:41152, 3a4645e2-fe5f-4037-bc26-36547f186637:192.168.69.80:40661, aaf6dc24-a38a-4a1e-b0cd-0cf0bb7e14c3:192.168.69.80:41359], old=null, confs=<EMPTY_MAP>
2019-08-21 19:15:06,319 [pool-124-thread-1] INFO  server.RaftServerConfigKeys (ConfUtils.java:logGet(43)) - raft.server.storage.dir = [/workdir/hadoop-ozone/integration-test/target/test-dir/MiniOzoneClusterImpl-da9650cd-6fd3-441d-ace5-375aff5f2007/datanode-1/data/ratis] (custom)
2019-08-21 19:15:06,319 [pool-135-thread-1] INFO  impl.RaftServerImpl (RaftServerImpl.java:<init>(93)) - 3a4645e2-fe5f-4037-bc26-36547f186637: new RaftServerImpl for group-5840AAFF3D5D:[a3f6fd5f-9e33-4809-b62b-285069cd76bb:192.168.69.80:41152, 3a4645e2-fe5f-4037-bc26-36547f186637:192.168.69.80:40661, aaf6dc24-a38a-4a1e-b0cd-0cf0bb7e14c3:192.168.69.80:41359] with ContainerStateMachine:uninitialized
2019-08-21 19:15:06,320 [pool-135-thread-1] INFO  server.RaftServerConfigKeys (ConfUtils.java:logGet(43)) - raft.server.rpc.timeout.min = 5s (custom)
2019-08-21 19:15:06,320 [pool-135-thread-1] INFO  server.RaftServerConfigKeys (ConfUtils.java:logGet(43)) - raft.server.rpc.timeout.max = 5200ms (custom)
2019-08-21 19:15:06,320 [pool-124-thread-1] INFO  storage.RaftStorageDirectory (RaftStorageDirectory.java:analyzeStorage(246)) - The storage directory /workdir/hadoop-ozone/integration-test/target/test-dir/MiniOzoneClusterImpl-da9650cd-6fd3-441d-ace5-375aff5f2007/datanode-1/data/ratis/aff19968-5e88-455a-a9e5-5840aaff3d5d does not exist. Creating ...
2019-08-21 19:15:06,320 [pool-135-thread-1] INFO  server.RaftServerConfigKeys (ConfUtils.java:logGet(43)) - raft.server.rpcslowness.timeout = 120s (custom)
2019-08-21 19:15:06,320 [pool-135-thread-1] INFO  server.RaftServerConfigKeys (ConfUtils.java:logGet(43)) - raft.server.sleep.deviation.threshold = 300 (default)
2019-08-21 19:15:06,320 [pool-135-thread-1] INFO  server.RaftServerConfigKeys (ConfUtils.java:logGet(43)) - raft.server.log.appender.install.snapshot.enabled = false (custom)
2019-08-21 19:15:06,321 [pool-135-thread-1] INFO  impl.RaftServerImpl (ServerState.java:<init>(105)) - 3a4645e2-fe5f-4037-bc26-36547f186637:group-5840AAFF3D5D ConfigurationManager, init=-1: [a3f6fd5f-9e33-4809-b62b-285069cd76bb:192.168.69.80:41152, 3a4645e2-fe5f-4037-bc26-36547f186637:192.168.69.80:40661, aaf6dc24-a38a-4a1e-b0cd-0cf0bb7e14c3:192.168.69.80:41359], old=null, confs=<EMPTY_MAP>
2019-08-21 19:15:06,321 [pool-135-thread-1] INFO  server.RaftServerConfigKeys (ConfUtils.java:logGet(43)) - raft.server.storage.dir = [/workdir/hadoop-ozone/integration-test/target/test-dir/MiniOzoneClusterImpl-da9650cd-6fd3-441d-ace5-375aff5f2007/datanode-2/data/ratis] (custom)
2019-08-21 19:15:06,321 [pool-113-thread-1] INFO  impl.RaftServerImpl (RaftServerImpl.java:<init>(93)) - a3f6fd5f-9e33-4809-b62b-285069cd76bb: new RaftServerImpl for group-5840AAFF3D5D:[a3f6fd5f-9e33-4809-b62b-285069cd76bb:192.168.69.80:41152, 3a4645e2-fe5f-4037-bc26-36547f186637:192.168.69.80:40661, aaf6dc24-a38a-4a1e-b0cd-0cf0bb7e14c3:192.168.69.80:41359] with ContainerStateMachine:uninitialized
2019-08-21 19:15:06,321 [pool-135-thread-1] INFO  storage.RaftStorageDirectory (RaftStorageDirectory.java:analyzeStorage(246)) - The storage directory /workdir/hadoop-ozone/integration-test/target/test-dir/MiniOzoneClusterImpl-da9650cd-6fd3-441d-ace5-375aff5f2007/datanode-2/data/ratis/aff19968-5e88-455a-a9e5-5840aaff3d5d does not exist. Creating ...
2019-08-21 19:15:06,321 [pool-113-thread-1] INFO  server.RaftServerConfigKeys (ConfUtils.java:logGet(43)) - raft.server.rpc.timeout.min = 5s (custom)
2019-08-21 19:15:06,321 [pool-113-thread-1] INFO  server.RaftServerConfigKeys (ConfUtils.java:logGet(43)) - raft.server.rpc.timeout.max = 5200ms (custom)
2019-08-21 19:15:06,322 [pool-113-thread-1] INFO  server.RaftServerConfigKeys (ConfUtils.java:logGet(43)) - raft.server.rpcslowness.timeout = 120s (custom)
2019-08-21 19:15:06,322 [pool-113-thread-1] INFO  server.RaftServerConfigKeys (ConfUtils.java:logGet(43)) - raft.server.sleep.deviation.threshold = 300 (default)
2019-08-21 19:15:06,322 [pool-113-thread-1] INFO  server.RaftServerConfigKeys (ConfUtils.java:logGet(43)) - raft.server.log.appender.install.snapshot.enabled = false (custom)
2019-08-21 19:15:06,322 [pool-113-thread-1] INFO  impl.RaftServerImpl (ServerState.java:<init>(105)) - a3f6fd5f-9e33-4809-b62b-285069cd76bb:group-5840AAFF3D5D ConfigurationManager, init=-1: [a3f6fd5f-9e33-4809-b62b-285069cd76bb:192.168.69.80:41152, 3a4645e2-fe5f-4037-bc26-36547f186637:192.168.69.80:40661, aaf6dc24-a38a-4a1e-b0cd-0cf0bb7e14c3:192.168.69.80:41359], old=null, confs=<EMPTY_MAP>
2019-08-21 19:15:06,322 [pool-113-thread-1] INFO  server.RaftServerConfigKeys (ConfUtils.java:logGet(43)) - raft.server.storage.dir = [/workdir/hadoop-ozone/integration-test/target/test-dir/MiniOzoneClusterImpl-da9650cd-6fd3-441d-ace5-375aff5f2007/datanode-0/data/ratis] (custom)
2019-08-21 19:15:06,323 [pool-113-thread-1] INFO  storage.RaftStorageDirectory (RaftStorageDirectory.java:analyzeStorage(246)) - The storage directory /workdir/hadoop-ozone/integration-test/target/test-dir/MiniOzoneClusterImpl-da9650cd-6fd3-441d-ace5-375aff5f2007/datanode-0/data/ratis/aff19968-5e88-455a-a9e5-5840aaff3d5d does not exist. Creating ...
2019-08-21 19:15:06,333 [pool-113-thread-1] INFO  storage.RaftStorageDirectory (RaftStorageDirectory.java:tryLock(328)) - Lock on /workdir/hadoop-ozone/integration-test/target/test-dir/MiniOzoneClusterImpl-da9650cd-6fd3-441d-ace5-375aff5f2007/datanode-0/data/ratis/aff19968-5e88-455a-a9e5-5840aaff3d5d/in_use.lock acquired by nodename 23490@pr-hdds-2002-6qlp9-457884439
2019-08-21 19:15:06,333 [pool-135-thread-1] INFO  storage.RaftStorageDirectory (RaftStorageDirectory.java:tryLock(328)) - Lock on /workdir/hadoop-ozone/integration-test/target/test-dir/MiniOzoneClusterImpl-da9650cd-6fd3-441d-ace5-375aff5f2007/datanode-2/data/ratis/aff19968-5e88-455a-a9e5-5840aaff3d5d/in_use.lock acquired by nodename 23490@pr-hdds-2002-6qlp9-457884439
2019-08-21 19:15:06,333 [pool-124-thread-1] INFO  storage.RaftStorageDirectory (RaftStorageDirectory.java:tryLock(328)) - Lock on /workdir/hadoop-ozone/integration-test/target/test-dir/MiniOzoneClusterImpl-da9650cd-6fd3-441d-ace5-375aff5f2007/datanode-1/data/ratis/aff19968-5e88-455a-a9e5-5840aaff3d5d/in_use.lock acquired by nodename 23490@pr-hdds-2002-6qlp9-457884439
2019-08-21 19:15:06,345 [pool-135-thread-1] INFO  storage.RaftStorage (RaftStorage.java:format(72)) - Storage directory /workdir/hadoop-ozone/integration-test/target/test-dir/MiniOzoneClusterImpl-da9650cd-6fd3-441d-ace5-375aff5f2007/datanode-2/data/ratis/aff19968-5e88-455a-a9e5-5840aaff3d5d has been successfully formatted.
2019-08-21 19:15:06,345 [pool-113-thread-1] INFO  storage.RaftStorage (RaftStorage.java:format(72)) - Storage directory /workdir/hadoop-ozone/integration-test/target/test-dir/MiniOzoneClusterImpl-da9650cd-6fd3-441d-ace5-375aff5f2007/datanode-0/data/ratis/aff19968-5e88-455a-a9e5-5840aaff3d5d has been successfully formatted.
2019-08-21 19:15:06,345 [pool-124-thread-1] INFO  storage.RaftStorage (RaftStorage.java:format(72)) - Storage directory /workdir/hadoop-ozone/integration-test/target/test-dir/MiniOzoneClusterImpl-da9650cd-6fd3-441d-ace5-375aff5f2007/datanode-1/data/ratis/aff19968-5e88-455a-a9e5-5840aaff3d5d has been successfully formatted.
2019-08-21 19:15:06,345 [pool-135-thread-1] INFO  ratis.ContainerStateMachine (ContainerStateMachine.java:loadSnapshot(226)) - group-5840AAFF3D5D: The snapshot info is null. Setting the last applied indexto:(t:0, i:~)
2019-08-21 19:15:06,346 [pool-113-thread-1] INFO  ratis.ContainerStateMachine (ContainerStateMachine.java:loadSnapshot(226)) - group-5840AAFF3D5D: The snapshot info is null. Setting the last applied indexto:(t:0, i:~)
2019-08-21 19:15:06,346 [pool-135-thread-1] INFO  server.RaftServerConfigKeys (ConfUtils.java:logGet(43)) - raft.server.leader.election.timeout = 120s (custom)
2019-08-21 19:15:06,346 [pool-124-thread-1] INFO  ratis.ContainerStateMachine (ContainerStateMachine.java:loadSnapshot(226)) - group-5840AAFF3D5D: The snapshot info is null. Setting the last applied indexto:(t:0, i:~)
2019-08-21 19:15:06,346 [pool-135-thread-1] INFO  server.RaftServerConfigKeys (ConfUtils.java:logGet(43)) - raft.server.log.use.memory = false (default)
2019-08-21 19:15:06,346 [pool-113-thread-1] INFO  server.RaftServerConfigKeys (ConfUtils.java:logGet(43)) - raft.server.leader.election.timeout = 120s (custom)
2019-08-21 19:15:06,346 [pool-135-thread-1] INFO  server.RaftServerConfigKeys (ConfUtils.java:logGet(43)) - raft.server.log.purge.gap = 1000000 (custom)
2019-08-21 19:15:06,346 [pool-124-thread-1] INFO  server.RaftServerConfigKeys (ConfUtils.java:logGet(43)) - raft.server.leader.election.timeout = 120s (custom)
2019-08-21 19:15:06,346 [pool-135-thread-1] INFO  server.RaftServerConfigKeys (ConfUtils.java:logGet(43)) - raft.server.log.appender.buffer.byte-limit = 33554432 (custom)
2019-08-21 19:15:06,346 [pool-113-thread-1] INFO  server.RaftServerConfigKeys (ConfUtils.java:logGet(43)) - raft.server.log.use.memory = false (default)
2019-08-21 19:15:06,347 [pool-135-thread-1] INFO  server.RaftServerConfigKeys (ConfUtils.java:logGet(43)) - raft.server.log.segment.size.max = 1048576 (custom)
2019-08-21 19:15:06,346 [pool-124-thread-1] INFO  server.RaftServerConfigKeys (ConfUtils.java:logGet(43)) - raft.server.log.use.memory = false (default)
2019-08-21 19:15:06,347 [pool-135-thread-1] INFO  server.RaftServerConfigKeys (ConfUtils.java:logGet(43)) - raft.server.log.segment.cache.num.max = 2 (custom)
2019-08-21 19:15:06,347 [pool-113-thread-1] INFO  server.RaftServerConfigKeys (ConfUtils.java:logGet(43)) - raft.server.log.purge.gap = 1000000 (custom)
2019-08-21 19:15:06,347 [pool-135-thread-1] INFO  segmented.SegmentedRaftLogWorker (SegmentedRaftLogWorker.java:<init>(172)) - new 3a4645e2-fe5f-4037-bc26-36547f186637-SegmentedRaftLogWorker:Storage Directory /workdir/hadoop-ozone/integration-test/target/test-dir/MiniOzoneClusterImpl-da9650cd-6fd3-441d-ace5-375aff5f2007/datanode-2/data/ratis/aff19968-5e88-455a-a9e5-5840aaff3d5d for RaftStorage:Storage Directory /workdir/hadoop-ozone/integration-test/target/test-dir/MiniOzoneClusterImpl-da9650cd-6fd3-441d-ace5-375aff5f2007/datanode-2/data/ratis/aff19968-5e88-455a-a9e5-5840aaff3d5d
2019-08-21 19:15:06,347 [pool-124-thread-1] INFO  server.RaftServerConfigKeys (ConfUtils.java:logGet(43)) - raft.server.log.purge.gap = 1000000 (custom)
2019-08-21 19:15:06,347 [pool-135-thread-1] INFO  server.RaftServerConfigKeys (ConfUtils.java:logGet(43)) - raft.server.log.queue.byte-limit = 2147483647 (custom)
2019-08-21 19:15:06,347 [pool-113-thread-1] INFO  server.RaftServerConfigKeys (ConfUtils.java:logGet(43)) - raft.server.log.appender.buffer.byte-limit = 33554432 (custom)
2019-08-21 19:15:06,348 [pool-135-thread-1] INFO  server.RaftServerConfigKeys (ConfUtils.java:logGet(43)) - raft.server.log.queue.element-limit = 1024 (custom)
2019-08-21 19:15:06,347 [pool-124-thread-1] INFO  server.RaftServerConfigKeys (ConfUtils.java:logGet(43)) - raft.server.log.appender.buffer.byte-limit = 33554432 (custom)
2019-08-21 19:15:06,348 [pool-135-thread-1] INFO  server.RaftServerConfigKeys (ConfUtils.java:logGet(43)) - raft.server.log.segment.size.max = 1048576 (custom)
2019-08-21 19:15:06,348 [pool-113-thread-1] INFO  server.RaftServerConfigKeys (ConfUtils.java:logGet(43)) - raft.server.log.segment.size.max = 1048576 (custom)
2019-08-21 19:15:06,348 [pool-135-thread-1] INFO  server.RaftServerConfigKeys (ConfUtils.java:logGet(43)) - raft.server.log.preallocated.size = 16384 (custom)
2019-08-21 19:15:06,348 [pool-124-thread-1] INFO  server.RaftServerConfigKeys (ConfUtils.java:logGet(43)) - raft.server.log.segment.size.max = 1048576 (custom)
2019-08-21 19:15:06,348 [pool-135-thread-1] INFO  server.RaftServerConfigKeys (ConfUtils.java:logGet(43)) - raft.server.log.write.buffer.size = 33554432 (custom)
2019-08-21 19:15:06,348 [pool-113-thread-1] INFO  server.RaftServerConfigKeys (ConfUtils.java:logGet(43)) - raft.server.log.segment.cache.num.max = 2 (custom)
2019-08-21 19:15:06,349 [pool-135-thread-1] INFO  server.RaftServerConfigKeys (ConfUtils.java:logGet(43)) - raft.server.log.force.sync.num = 128 (default)
2019-08-21 19:15:06,348 [pool-124-thread-1] INFO  server.RaftServerConfigKeys (ConfUtils.java:logGet(43)) - raft.server.log.segment.cache.num.max = 2 (custom)
2019-08-21 19:15:06,349 [pool-135-thread-1] INFO  server.RaftServerConfigKeys (ConfUtils.java:logGet(43)) - raft.server.log.statemachine.data.sync = true (default)
2019-08-21 19:15:06,349 [pool-113-thread-1] INFO  segmented.SegmentedRaftLogWorker (SegmentedRaftLogWorker.java:<init>(172)) - new a3f6fd5f-9e33-4809-b62b-285069cd76bb-SegmentedRaftLogWorker:Storage Directory /workdir/hadoop-ozone/integration-test/target/test-dir/MiniOzoneClusterImpl-da9650cd-6fd3-441d-ace5-375aff5f2007/datanode-0/data/ratis/aff19968-5e88-455a-a9e5-5840aaff3d5d for RaftStorage:Storage Directory /workdir/hadoop-ozone/integration-test/target/test-dir/MiniOzoneClusterImpl-da9650cd-6fd3-441d-ace5-375aff5f2007/datanode-0/data/ratis/aff19968-5e88-455a-a9e5-5840aaff3d5d
2019-08-21 19:15:06,349 [pool-135-thread-1] INFO  server.RaftServerConfigKeys (ConfUtils.java:logGet(43)) - raft.server.log.statemachine.data.sync.timeout = 10s (default)
2019-08-21 19:15:06,349 [pool-124-thread-1] INFO  segmented.SegmentedRaftLogWorker (SegmentedRaftLogWorker.java:<init>(172)) - new aaf6dc24-a38a-4a1e-b0cd-0cf0bb7e14c3-SegmentedRaftLogWorker:Storage Directory /workdir/hadoop-ozone/integration-test/target/test-dir/MiniOzoneClusterImpl-da9650cd-6fd3-441d-ace5-375aff5f2007/datanode-1/data/ratis/aff19968-5e88-455a-a9e5-5840aaff3d5d for RaftStorage:Storage Directory /workdir/hadoop-ozone/integration-test/target/test-dir/MiniOzoneClusterImpl-da9650cd-6fd3-441d-ace5-375aff5f2007/datanode-1/data/ratis/aff19968-5e88-455a-a9e5-5840aaff3d5d
2019-08-21 19:15:06,349 [pool-135-thread-1] INFO  server.RaftServerConfigKeys (ConfUtils.java:logGet(43)) - raft.server.log.statemachine.data.sync.timeout.retry = -1 (default)
2019-08-21 19:15:06,349 [pool-113-thread-1] INFO  server.RaftServerConfigKeys (ConfUtils.java:logGet(43)) - raft.server.log.queue.byte-limit = 2147483647 (custom)
2019-08-21 19:15:06,350 [pool-135-thread-1] INFO  server.RaftServerConfigKeys (ConfUtils.java:logGet(43)) - raft.server.log.statemachine.data.caching.enabled = true (custom)
2019-08-21 19:15:06,349 [pool-124-thread-1] INFO  server.RaftServerConfigKeys (ConfUtils.java:logGet(43)) - raft.server.log.queue.byte-limit = 2147483647 (custom)
2019-08-21 19:15:06,350 [pool-113-thread-1] INFO  server.RaftServerConfigKeys (ConfUtils.java:logGet(43)) - raft.server.log.queue.element-limit = 1024 (custom)
2019-08-21 19:15:06,350 [pool-135-thread-1] INFO  segmented.SegmentedRaftLogWorker (SegmentedRaftLogWorker.java:lambda$new$0(132)) - 3a4645e2-fe5f-4037-bc26-36547f186637-SegmentedRaftLogWorker:Storage Directory /workdir/hadoop-ozone/integration-test/target/test-dir/MiniOzoneClusterImpl-da9650cd-6fd3-441d-ace5-375aff5f2007/datanode-2/data/ratis/aff19968-5e88-455a-a9e5-5840aaff3d5d: flushIndex: setUnconditionally 0 -> -1
2019-08-21 19:15:06,350 [pool-124-thread-1] INFO  server.RaftServerConfigKeys (ConfUtils.java:logGet(43)) - raft.server.log.queue.element-limit = 1024 (custom)
2019-08-21 19:15:06,350 [pool-113-thread-1] INFO  server.RaftServerConfigKeys (ConfUtils.java:logGet(43)) - raft.server.log.segment.size.max = 1048576 (custom)
2019-08-21 19:15:06,350 [pool-124-thread-1] INFO  server.RaftServerConfigKeys (ConfUtils.java:logGet(43)) - raft.server.log.segment.size.max = 1048576 (custom)
2019-08-21 19:15:06,350 [pool-135-thread-1] INFO  server.RaftServerConfigKeys (ConfUtils.java:logGet(43)) - raft.server.snapshot.auto.trigger.enabled = true (custom)
2019-08-21 19:15:06,351 [pool-124-thread-1] INFO  server.RaftServerConfigKeys (ConfUtils.java:logGet(43)) - raft.server.log.preallocated.size = 16384 (custom)
2019-08-21 19:15:06,350 [pool-113-thread-1] INFO  server.RaftServerConfigKeys (ConfUtils.java:logGet(43)) - raft.server.log.preallocated.size = 16384 (custom)
2019-08-21 19:15:06,351 [pool-124-thread-1] INFO  server.RaftServerConfigKeys (ConfUtils.java:logGet(43)) - raft.server.log.write.buffer.size = 33554432 (custom)
2019-08-21 19:15:06,351 [pool-135-thread-1] INFO  server.RaftServerConfigKeys (ConfUtils.java:logGet(43)) - raft.server.snapshot.auto.trigger.threshold = 10000 (custom)
2019-08-21 19:15:06,351 [pool-124-thread-1] INFO  server.RaftServerConfigKeys (ConfUtils.java:logGet(43)) - raft.server.log.force.sync.num = 128 (default)
2019-08-21 19:15:06,351 [pool-113-thread-1] INFO  server.RaftServerConfigKeys (ConfUtils.java:logGet(43)) - raft.server.log.write.buffer.size = 33554432 (custom)
2019-08-21 19:15:06,351 [pool-124-thread-1] INFO  server.RaftServerConfigKeys (ConfUtils.java:logGet(43)) - raft.server.log.statemachine.data.sync = true (default)
2019-08-21 19:15:06,351 [pool-135-thread-1] INFO  server.RaftServerConfigKeys (ConfUtils.java:logGet(43)) - raft.server.retrycache.expirytime = 600000ms (custom)
2019-08-21 19:15:06,352 [pool-124-thread-1] INFO  server.RaftServerConfigKeys (ConfUtils.java:logGet(43)) - raft.server.log.statemachine.data.sync.timeout = 10s (default)
2019-08-21 19:15:06,351 [pool-113-thread-1] INFO  server.RaftServerConfigKeys (ConfUtils.java:logGet(43)) - raft.server.log.force.sync.num = 128 (default)
2019-08-21 19:15:06,352 [pool-124-thread-1] INFO  server.RaftServerConfigKeys (ConfUtils.java:logGet(43)) - raft.server.log.statemachine.data.sync.timeout.retry = -1 (default)
2019-08-21 19:15:06,352 [pool-135-thread-1] INFO  impl.RaftServerImpl (RaftServerImpl.java:start(180)) - 3a4645e2-fe5f-4037-bc26-36547f186637: start group-5840AAFF3D5D
2019-08-21 19:15:06,352 [pool-124-thread-1] INFO  server.RaftServerConfigKeys (ConfUtils.java:logGet(43)) - raft.server.log.statemachine.data.caching.enabled = true (custom)
2019-08-21 19:15:06,352 [pool-113-thread-1] INFO  server.RaftServerConfigKeys (ConfUtils.java:logGet(43)) - raft.server.log.statemachine.data.sync = true (default)
2019-08-21 19:15:06,352 [pool-135-thread-1] INFO  impl.RaftServerImpl (RaftServerImpl.java:setRole(171)) - 3a4645e2-fe5f-4037-bc26-36547f186637:group-5840AAFF3D5D changes role from null to FOLLOWER at term 0 for startAsFollower
2019-08-21 19:15:06,352 [pool-124-thread-1] INFO  segmented.SegmentedRaftLogWorker (SegmentedRaftLogWorker.java:lambda$new$0(132)) - aaf6dc24-a38a-4a1e-b0cd-0cf0bb7e14c3-SegmentedRaftLogWorker:Storage Directory /workdir/hadoop-ozone/integration-test/target/test-dir/MiniOzoneClusterImpl-da9650cd-6fd3-441d-ace5-375aff5f2007/datanode-1/data/ratis/aff19968-5e88-455a-a9e5-5840aaff3d5d: flushIndex: setUnconditionally 0 -> -1
2019-08-21 19:15:06,352 [pool-113-thread-1] INFO  server.RaftServerConfigKeys (ConfUtils.java:logGet(43)) - raft.server.log.statemachine.data.sync.timeout = 10s (default)
2019-08-21 19:15:06,353 [pool-135-thread-1] INFO  impl.RoleInfo (RoleInfo.java:updateAndGet(143)) - 3a4645e2-fe5f-4037-bc26-36547f186637: start FollowerState
2019-08-21 19:15:06,353 [pool-124-thread-1] INFO  server.RaftServerConfigKeys (ConfUtils.java:logGet(43)) - raft.server.snapshot.auto.trigger.enabled = true (custom)
2019-08-21 19:15:06,353 [pool-113-thread-1] INFO  server.RaftServerConfigKeys (ConfUtils.java:logGet(43)) - raft.server.log.statemachine.data.sync.timeout.retry = -1 (default)
2019-08-21 19:15:06,353 [pool-124-thread-1] INFO  server.RaftServerConfigKeys (ConfUtils.java:logGet(43)) - raft.server.snapshot.auto.trigger.threshold = 10000 (custom)
2019-08-21 19:15:06,353 [pool-113-thread-1] INFO  server.RaftServerConfigKeys (ConfUtils.java:logGet(43)) - raft.server.log.statemachine.data.caching.enabled = true (custom)
2019-08-21 19:15:06,353 [pool-124-thread-1] INFO  server.RaftServerConfigKeys (ConfUtils.java:logGet(43)) - raft.server.retrycache.expirytime = 600000ms (custom)
2019-08-21 19:15:06,353 [pool-135-thread-1] INFO  util.JmxRegister (JmxRegister.java:tryRegister(44)) - Successfully registered JMX Bean with object name Ratis:service=RaftServer,group=group-5840AAFF3D5D,id=3a4645e2-fe5f-4037-bc26-36547f186637
2019-08-21 19:15:06,354 [pool-124-thread-1] INFO  impl.RaftServerImpl (RaftServerImpl.java:start(180)) - aaf6dc24-a38a-4a1e-b0cd-0cf0bb7e14c3: start group-5840AAFF3D5D
2019-08-21 19:15:06,354 [pool-113-thread-1] INFO  segmented.SegmentedRaftLogWorker (SegmentedRaftLogWorker.java:lambda$new$0(132)) - a3f6fd5f-9e33-4809-b62b-285069cd76bb-SegmentedRaftLogWorker:Storage Directory /workdir/hadoop-ozone/integration-test/target/test-dir/MiniOzoneClusterImpl-da9650cd-6fd3-441d-ace5-375aff5f2007/datanode-0/data/ratis/aff19968-5e88-455a-a9e5-5840aaff3d5d: flushIndex: setUnconditionally 0 -> -1
2019-08-21 19:15:06,354 [pool-124-thread-1] INFO  impl.RaftServerImpl (RaftServerImpl.java:setRole(171)) - aaf6dc24-a38a-4a1e-b0cd-0cf0bb7e14c3:group-5840AAFF3D5D changes role from null to FOLLOWER at term 0 for startAsFollower
2019-08-21 19:15:06,354 [pool-124-thread-1] INFO  impl.RoleInfo (RoleInfo.java:updateAndGet(143)) - aaf6dc24-a38a-4a1e-b0cd-0cf0bb7e14c3: start FollowerState
2019-08-21 19:15:06,354 [pool-113-thread-1] INFO  server.RaftServerConfigKeys (ConfUtils.java:logGet(43)) - raft.server.snapshot.auto.trigger.enabled = true (custom)
2019-08-21 19:15:06,354 [pool-113-thread-1] INFO  server.RaftServerConfigKeys (ConfUtils.java:logGet(43)) - raft.server.snapshot.auto.trigger.threshold = 10000 (custom)
2019-08-21 19:15:06,354 [pool-124-thread-1] INFO  util.JmxRegister (JmxRegister.java:tryRegister(44)) - Successfully registered JMX Bean with object name Ratis:service=RaftServer,group=group-5840AAFF3D5D,id=aaf6dc24-a38a-4a1e-b0cd-0cf0bb7e14c3
2019-08-21 19:15:06,355 [pool-113-thread-1] INFO  server.RaftServerConfigKeys (ConfUtils.java:logGet(43)) - raft.server.retrycache.expirytime = 600000ms (custom)
2019-08-21 19:15:06,355 [pool-113-thread-1] INFO  impl.RaftServerImpl (RaftServerImpl.java:start(180)) - a3f6fd5f-9e33-4809-b62b-285069cd76bb: start group-5840AAFF3D5D
2019-08-21 19:15:06,355 [pool-113-thread-1] INFO  impl.RaftServerImpl (RaftServerImpl.java:setRole(171)) - a3f6fd5f-9e33-4809-b62b-285069cd76bb:group-5840AAFF3D5D changes role from null to FOLLOWER at term 0 for startAsFollower
2019-08-21 19:15:06,355 [pool-113-thread-1] INFO  impl.RoleInfo (RoleInfo.java:updateAndGet(143)) - a3f6fd5f-9e33-4809-b62b-285069cd76bb: start FollowerState
2019-08-21 19:15:06,357 [pool-113-thread-1] INFO  util.JmxRegister (JmxRegister.java:tryRegister(44)) - Successfully registered JMX Bean with object name Ratis:service=RaftServer,group=group-5840AAFF3D5D,id=a3f6fd5f-9e33-4809-b62b-285069cd76bb
2019-08-21 19:15:06,362 [RatisPipelineUtilsThread] INFO  pipeline.PipelineStateManager (PipelineStateManager.java:addPipeline(56)) - Created pipeline Pipeline[ Id: aff19968-5e88-455a-a9e5-5840aaff3d5d, Nodes: 3a4645e2-fe5f-4037-bc26-36547f186637{ip: 192.168.69.80, host: pr-hdds-2002-6qlp9-457884439, networkLocation: /default-rack, certSerialId: null}aaf6dc24-a38a-4a1e-b0cd-0cf0bb7e14c3{ip: 192.168.69.80, host: pr-hdds-2002-6qlp9-457884439, networkLocation: /default-rack, certSerialId: null}a3f6fd5f-9e33-4809-b62b-285069cd76bb{ip: 192.168.69.80, host: pr-hdds-2002-6qlp9-457884439, networkLocation: /default-rack, certSerialId: null}, Type:RATIS, Factor:THREE, State:OPEN]
2019-08-21 19:15:07,235 [Thread-334] INFO  ozone.MiniOzoneClusterImpl (MiniOzoneClusterImpl.java:lambda$waitForClusterToBeReady$0(142)) - Cluster is ready. Got 3 of 3 DN Heartbeats.
2019-08-21 19:15:07,236 [Thread-334] INFO  datanode.ObjectStoreHandler (ObjectStoreHandler.java:close(155)) - Closing ObjectStoreHandler.
2019-08-21 19:15:07,236 [Thread-334] INFO  ozone.HddsDatanodeService (HddsDatanodeService.java:stop(451)) - Stopped plug-in org.apache.hadoop.ozone.web.OzoneHddsDatanodeService@2ec2750
2019-08-21 19:15:07,801 [Datanode State Machine Thread - 0] INFO  statemachine.DatanodeStateMachine (DatanodeStateMachine.java:lambda$startDaemon$0(350)) - Ozone container server started.
2019-08-21 19:15:08,028 | INFO  | SCMAudit | user=jenkins1000 | ip=192.168.69.80 | op=SEND_HEARTBEAT {datanodeUUID=aaf6dc24-a38a-4a1e-b0cd-0cf0bb7e14c3, command=[]} | ret=SUCCESS |  
2019-08-21 19:15:08,239 | INFO  | SCMAudit | user=jenkins1000 | ip=192.168.69.80 | op=SEND_HEARTBEAT {datanodeUUID=3a4645e2-fe5f-4037-bc26-36547f186637, command=[]} | ret=SUCCESS |  
2019-08-21 19:15:08,814 [Thread-506] INFO  container.ReplicationManager (ReplicationManager.java:start(152)) - Starting Replication Monitor Thread.
2019-08-21 19:15:08,817 [ReplicationMonitor] INFO  container.ReplicationManager (ReplicationManager.java:run(215)) - Replication Monitor Thread took 0 milliseconds for processing 0 containers.
2019-08-21 19:15:09,028 | INFO  | SCMAudit | user=jenkins1000 | ip=192.168.69.80 | op=SEND_HEARTBEAT {datanodeUUID=aaf6dc24-a38a-4a1e-b0cd-0cf0bb7e14c3, command=[]} | ret=SUCCESS |  
2019-08-21 19:15:09,239 | INFO  | SCMAudit | user=jenkins1000 | ip=192.168.69.80 | op=SEND_HEARTBEAT {datanodeUUID=3a4645e2-fe5f-4037-bc26-36547f186637, command=[]} | ret=SUCCESS |  
2019-08-21 19:15:10,028 | INFO  | SCMAudit | user=jenkins1000 | ip=192.168.69.80 | op=SEND_HEARTBEAT {datanodeUUID=aaf6dc24-a38a-4a1e-b0cd-0cf0bb7e14c3, command=[]} | ret=SUCCESS |  
2019-08-21 19:15:10,240 | INFO  | SCMAudit | user=jenkins1000 | ip=192.168.69.80 | op=SEND_HEARTBEAT {datanodeUUID=3a4645e2-fe5f-4037-bc26-36547f186637, command=[]} | ret=SUCCESS |  
2019-08-21 19:15:11,029 | INFO  | SCMAudit | user=jenkins1000 | ip=192.168.69.80 | op=SEND_HEARTBEAT {datanodeUUID=aaf6dc24-a38a-4a1e-b0cd-0cf0bb7e14c3, command=[]} | ret=SUCCESS |  
2019-08-21 19:15:11,101 [Thread-508] INFO  impl.FollowerState (FollowerState.java:run(106)) - a3f6fd5f-9e33-4809-b62b-285069cd76bb:group-0B3E927DC9F2 changes to CANDIDATE, lastRpcTime:5178, electionTimeout:5178ms
2019-08-21 19:15:11,101 [Thread-508] INFO  impl.RoleInfo (RoleInfo.java:shutdownFollowerState(121)) - a3f6fd5f-9e33-4809-b62b-285069cd76bb: shutdown FollowerState
2019-08-21 19:15:11,101 [Thread-508] INFO  impl.RaftServerImpl (RaftServerImpl.java:setRole(171)) - a3f6fd5f-9e33-4809-b62b-285069cd76bb:group-0B3E927DC9F2 changes role from FOLLOWER to CANDIDATE at term 0 for changeToCandidate
2019-08-21 19:15:11,101 [Thread-508] INFO  impl.RoleInfo (RoleInfo.java:updateAndGet(143)) - a3f6fd5f-9e33-4809-b62b-285069cd76bb: start LeaderElection
2019-08-21 19:15:11,223 [Thread-511] INFO  impl.FollowerState (FollowerState.java:run(106)) - aaf6dc24-a38a-4a1e-b0cd-0cf0bb7e14c3:group-3AF90EA45AB2 changes to CANDIDATE, lastRpcTime:5151, electionTimeout:5151ms
2019-08-21 19:15:11,224 [Thread-511] INFO  impl.RoleInfo (RoleInfo.java:shutdownFollowerState(121)) - aaf6dc24-a38a-4a1e-b0cd-0cf0bb7e14c3: shutdown FollowerState
2019-08-21 19:15:11,224 [Thread-511] INFO  impl.RaftServerImpl (RaftServerImpl.java:setRole(171)) - aaf6dc24-a38a-4a1e-b0cd-0cf0bb7e14c3:group-3AF90EA45AB2 changes role from FOLLOWER to CANDIDATE at term 0 for changeToCandidate
2019-08-21 19:15:11,224 [Thread-511] INFO  impl.RoleInfo (RoleInfo.java:updateAndGet(143)) - aaf6dc24-a38a-4a1e-b0cd-0cf0bb7e14c3: start LeaderElection
2019-08-21 19:15:11,240 | INFO  | SCMAudit | user=jenkins1000 | ip=192.168.69.80 | op=SEND_HEARTBEAT {datanodeUUID=3a4645e2-fe5f-4037-bc26-36547f186637, command=[]} | ret=SUCCESS |  
2019-08-21 19:15:11,313 [aaf6dc24-a38a-4a1e-b0cd-0cf0bb7e14c3:group-3AF90EA45AB2:LeaderElection17] INFO  impl.LeaderElection (LeaderElection.java:askForVotes(181)) - aaf6dc24-a38a-4a1e-b0cd-0cf0bb7e14c3:group-3AF90EA45AB2:LeaderElection17: begin an election at term 1 for -1: [aaf6dc24-a38a-4a1e-b0cd-0cf0bb7e14c3:192.168.69.80:41359], old=null
2019-08-21 19:15:11,313 [a3f6fd5f-9e33-4809-b62b-285069cd76bb:group-0B3E927DC9F2:LeaderElection16] INFO  impl.LeaderElection (LeaderElection.java:askForVotes(181)) - a3f6fd5f-9e33-4809-b62b-285069cd76bb:group-0B3E927DC9F2:LeaderElection16: begin an election at term 1 for -1: [a3f6fd5f-9e33-4809-b62b-285069cd76bb:192.168.69.80:41152], old=null
2019-08-21 19:15:11,313 [aaf6dc24-a38a-4a1e-b0cd-0cf0bb7e14c3:group-3AF90EA45AB2:LeaderElection17] INFO  impl.RoleInfo (RoleInfo.java:shutdownLeaderElection(134)) - aaf6dc24-a38a-4a1e-b0cd-0cf0bb7e14c3: shutdown LeaderElection
2019-08-21 19:15:11,313 [a3f6fd5f-9e33-4809-b62b-285069cd76bb:group-0B3E927DC9F2:LeaderElection16] INFO  impl.RoleInfo (RoleInfo.java:shutdownLeaderElection(134)) - a3f6fd5f-9e33-4809-b62b-285069cd76bb: shutdown LeaderElection
2019-08-21 19:15:11,314 [aaf6dc24-a38a-4a1e-b0cd-0cf0bb7e14c3:group-3AF90EA45AB2:LeaderElection17] INFO  impl.RaftServerImpl (RaftServerImpl.java:setRole(171)) - aaf6dc24-a38a-4a1e-b0cd-0cf0bb7e14c3:group-3AF90EA45AB2 changes role from CANDIDATE to LEADER at term 1 for changeToLeader
2019-08-21 19:15:11,314 [a3f6fd5f-9e33-4809-b62b-285069cd76bb:group-0B3E927DC9F2:LeaderElection16] INFO  impl.RaftServerImpl (RaftServerImpl.java:setRole(171)) - a3f6fd5f-9e33-4809-b62b-285069cd76bb:group-0B3E927DC9F2 changes role from CANDIDATE to LEADER at term 1 for changeToLeader
2019-08-21 19:15:11,314 [aaf6dc24-a38a-4a1e-b0cd-0cf0bb7e14c3:group-3AF90EA45AB2:LeaderElection17] INFO  impl.RaftServerImpl (ServerState.java:setLeader(263)) - aaf6dc24-a38a-4a1e-b0cd-0cf0bb7e14c3:group-3AF90EA45AB2 change Leader from null to aaf6dc24-a38a-4a1e-b0cd-0cf0bb7e14c3 at term 1 for becomeLeader, leader elected after 5247ms
2019-08-21 19:15:11,314 [a3f6fd5f-9e33-4809-b62b-285069cd76bb:group-0B3E927DC9F2:LeaderElection16] INFO  impl.RaftServerImpl (ServerState.java:setLeader(263)) - a3f6fd5f-9e33-4809-b62b-285069cd76bb:group-0B3E927DC9F2 change Leader from null to a3f6fd5f-9e33-4809-b62b-285069cd76bb at term 1 for becomeLeader, leader elected after 5398ms
2019-08-21 19:15:11,315 [aaf6dc24-a38a-4a1e-b0cd-0cf0bb7e14c3:group-3AF90EA45AB2:LeaderElection17] INFO  server.RaftServerConfigKeys (ConfUtils.java:logGet(43)) - raft.server.staging.catchup.gap = 1000 (default)
2019-08-21 19:15:11,315 [a3f6fd5f-9e33-4809-b62b-285069cd76bb:group-0B3E927DC9F2:LeaderElection16] INFO  server.RaftServerConfigKeys (ConfUtils.java:logGet(43)) - raft.server.staging.catchup.gap = 1000 (default)
2019-08-21 19:15:11,315 [aaf6dc24-a38a-4a1e-b0cd-0cf0bb7e14c3:group-3AF90EA45AB2:LeaderElection17] INFO  server.RaftServerConfigKeys (ConfUtils.java:logGet(43)) - raft.server.rpc.sleep.time = 25ms (default)
2019-08-21 19:15:11,315 [a3f6fd5f-9e33-4809-b62b-285069cd76bb:group-0B3E927DC9F2:LeaderElection16] INFO  server.RaftServerConfigKeys (ConfUtils.java:logGet(43)) - raft.server.rpc.sleep.time = 25ms (default)
2019-08-21 19:15:11,315 [aaf6dc24-a38a-4a1e-b0cd-0cf0bb7e14c3:group-3AF90EA45AB2:LeaderElection17] INFO  server.RaftServerConfigKeys (ConfUtils.java:logGet(43)) - raft.server.write.element-limit = 4096 (default)
2019-08-21 19:15:11,316 [a3f6fd5f-9e33-4809-b62b-285069cd76bb:group-0B3E927DC9F2:LeaderElection16] INFO  server.RaftServerConfigKeys (ConfUtils.java:logGet(43)) - raft.server.write.element-limit = 4096 (default)
2019-08-21 19:15:11,316 [aaf6dc24-a38a-4a1e-b0cd-0cf0bb7e14c3:group-3AF90EA45AB2:LeaderElection17] INFO  server.RaftServerConfigKeys (ConfUtils.java:logGet(43)) - raft.server.watch.timeout = 10s (default)
2019-08-21 19:15:11,316 [a3f6fd5f-9e33-4809-b62b-285069cd76bb:group-0B3E927DC9F2:LeaderElection16] INFO  server.RaftServerConfigKeys (ConfUtils.java:logGet(43)) - raft.server.watch.timeout = 10s (default)
2019-08-21 19:15:11,316 [aaf6dc24-a38a-4a1e-b0cd-0cf0bb7e14c3:group-3AF90EA45AB2:LeaderElection17] INFO  server.RaftServerConfigKeys (ConfUtils.java:logGet(43)) - raft.server.watch.timeout.denomination = 1s (default)
2019-08-21 19:15:11,316 [a3f6fd5f-9e33-4809-b62b-285069cd76bb:group-0B3E927DC9F2:LeaderElection16] INFO  server.RaftServerConfigKeys (ConfUtils.java:logGet(43)) - raft.server.watch.timeout.denomination = 1s (default)
2019-08-21 19:15:11,317 [aaf6dc24-a38a-4a1e-b0cd-0cf0bb7e14c3:group-3AF90EA45AB2:LeaderElection17] INFO  server.RaftServerConfigKeys (ConfUtils.java:logGet(43)) - raft.server.watch.element-limit = 65536 (default)
2019-08-21 19:15:11,317 [a3f6fd5f-9e33-4809-b62b-285069cd76bb:group-0B3E927DC9F2:LeaderElection16] INFO  server.RaftServerConfigKeys (ConfUtils.java:logGet(43)) - raft.server.watch.element-limit = 65536 (default)
2019-08-21 19:15:11,317 [aaf6dc24-a38a-4a1e-b0cd-0cf0bb7e14c3:group-3AF90EA45AB2:LeaderElection17] INFO  impl.RoleInfo (RoleInfo.java:updateAndGet(143)) - aaf6dc24-a38a-4a1e-b0cd-0cf0bb7e14c3: start LeaderState
2019-08-21 19:15:11,317 [a3f6fd5f-9e33-4809-b62b-285069cd76bb:group-0B3E927DC9F2:LeaderElection16] INFO  impl.RoleInfo (RoleInfo.java:updateAndGet(143)) - a3f6fd5f-9e33-4809-b62b-285069cd76bb: start LeaderState
2019-08-21 19:15:11,318 [aaf6dc24-a38a-4a1e-b0cd-0cf0bb7e14c3:group-3AF90EA45AB2:LeaderElection17] INFO  segmented.SegmentedRaftLogWorker (SegmentedRaftLogWorker.java:startLogSegment(380)) - aaf6dc24-a38a-4a1e-b0cd-0cf0bb7e14c3-SegmentedRaftLogWorker:Storage Directory /workdir/hadoop-ozone/integration-test/target/test-dir/MiniOzoneClusterImpl-da9650cd-6fd3-441d-ace5-375aff5f2007/datanode-1/data/ratis/b22424ea-95c9-48f2-8656-3af90ea45ab2: Starting segment from index:0
2019-08-21 19:15:11,318 [a3f6fd5f-9e33-4809-b62b-285069cd76bb:group-0B3E927DC9F2:LeaderElection16] INFO  segmented.SegmentedRaftLogWorker (SegmentedRaftLogWorker.java:startLogSegment(380)) - a3f6fd5f-9e33-4809-b62b-285069cd76bb-SegmentedRaftLogWorker:Storage Directory /workdir/hadoop-ozone/integration-test/target/test-dir/MiniOzoneClusterImpl-da9650cd-6fd3-441d-ace5-375aff5f2007/datanode-0/data/ratis/f1b510b9-44ae-4617-926e-0b3e927dc9f2: Starting segment from index:0
2019-08-21 19:15:11,319 [a3f6fd5f-9e33-4809-b62b-285069cd76bb:group-0B3E927DC9F2:LeaderElection16] INFO  impl.RaftServerImpl (ServerState.java:setRaftConf(361)) - a3f6fd5f-9e33-4809-b62b-285069cd76bb:group-0B3E927DC9F2 set configuration 0: [a3f6fd5f-9e33-4809-b62b-285069cd76bb:192.168.69.80:41152], old=null at 0
2019-08-21 19:15:11,319 [aaf6dc24-a38a-4a1e-b0cd-0cf0bb7e14c3:group-3AF90EA45AB2:LeaderElection17] INFO  impl.RaftServerImpl (ServerState.java:setRaftConf(361)) - aaf6dc24-a38a-4a1e-b0cd-0cf0bb7e14c3:group-3AF90EA45AB2 set configuration 0: [aaf6dc24-a38a-4a1e-b0cd-0cf0bb7e14c3:192.168.69.80:41359], old=null at 0
2019-08-21 19:15:11,367 [aaf6dc24-a38a-4a1e-b0cd-0cf0bb7e14c3-SegmentedRaftLogWorker:Storage Directory /workdir/hadoop-ozone/integration-test/target/test-dir/MiniOzoneClusterImpl-da9650cd-6fd3-441d-ace5-375aff5f2007/datanode-1/data/ratis/b22424ea-95c9-48f2-8656-3af90ea45ab2] INFO  segmented.SegmentedRaftLogWorker (SegmentedRaftLogWorker.java:execute(569)) - aaf6dc24-a38a-4a1e-b0cd-0cf0bb7e14c3-SegmentedRaftLogWorker:Storage Directory /workdir/hadoop-ozone/integration-test/target/test-dir/MiniOzoneClusterImpl-da9650cd-6fd3-441d-ace5-375aff5f2007/datanode-1/data/ratis/b22424ea-95c9-48f2-8656-3af90ea45ab2: created new log segment /workdir/hadoop-ozone/integration-test/target/test-dir/MiniOzoneClusterImpl-da9650cd-6fd3-441d-ace5-375aff5f2007/datanode-1/data/ratis/b22424ea-95c9-48f2-8656-3af90ea45ab2/current/log_inprogress_0
2019-08-21 19:15:11,367 [a3f6fd5f-9e33-4809-b62b-285069cd76bb-SegmentedRaftLogWorker:Storage Directory /workdir/hadoop-ozone/integration-test/target/test-dir/MiniOzoneClusterImpl-da9650cd-6fd3-441d-ace5-375aff5f2007/datanode-0/data/ratis/f1b510b9-44ae-4617-926e-0b3e927dc9f2] INFO  segmented.SegmentedRaftLogWorker (SegmentedRaftLogWorker.java:execute(569)) - a3f6fd5f-9e33-4809-b62b-285069cd76bb-SegmentedRaftLogWorker:Storage Directory /workdir/hadoop-ozone/integration-test/target/test-dir/MiniOzoneClusterImpl-da9650cd-6fd3-441d-ace5-375aff5f2007/datanode-0/data/ratis/f1b510b9-44ae-4617-926e-0b3e927dc9f2: created new log segment /workdir/hadoop-ozone/integration-test/target/test-dir/MiniOzoneClusterImpl-da9650cd-6fd3-441d-ace5-375aff5f2007/datanode-0/data/ratis/f1b510b9-44ae-4617-926e-0b3e927dc9f2/current/log_inprogress_0
2019-08-21 19:15:11,421 [Thread-520] INFO  impl.FollowerState (FollowerState.java:run(106)) - aaf6dc24-a38a-4a1e-b0cd-0cf0bb7e14c3:group-5840AAFF3D5D changes to CANDIDATE, lastRpcTime:5066, electionTimeout:5066ms
2019-08-21 19:15:11,421 [Thread-520] INFO  impl.RoleInfo (RoleInfo.java:shutdownFollowerState(121)) - aaf6dc24-a38a-4a1e-b0cd-0cf0bb7e14c3: shutdown FollowerState
2019-08-21 19:15:11,421 [Thread-520] INFO  impl.RaftServerImpl (RaftServerImpl.java:setRole(171)) - aaf6dc24-a38a-4a1e-b0cd-0cf0bb7e14c3:group-5840AAFF3D5D changes role from FOLLOWER to CANDIDATE at term 0 for changeToCandidate
2019-08-21 19:15:11,421 [Thread-520] INFO  impl.RoleInfo (RoleInfo.java:updateAndGet(143)) - aaf6dc24-a38a-4a1e-b0cd-0cf0bb7e14c3: start LeaderElection
2019-08-21 19:15:11,439 [aaf6dc24-a38a-4a1e-b0cd-0cf0bb7e14c3:group-5840AAFF3D5D:LeaderElection18] INFO  impl.LeaderElection (LeaderElection.java:askForVotes(181)) - aaf6dc24-a38a-4a1e-b0cd-0cf0bb7e14c3:group-5840AAFF3D5D:LeaderElection18: begin an election at term 1 for -1: [a3f6fd5f-9e33-4809-b62b-285069cd76bb:192.168.69.80:41152, 3a4645e2-fe5f-4037-bc26-36547f186637:192.168.69.80:40661, aaf6dc24-a38a-4a1e-b0cd-0cf0bb7e14c3:192.168.69.80:41359], old=null
2019-08-21 19:15:11,444 [grpc-default-executor-0] INFO  impl.RaftServerImpl (RaftServerImpl.java:setRole(171)) - a3f6fd5f-9e33-4809-b62b-285069cd76bb:group-5840AAFF3D5D changes role from FOLLOWER to FOLLOWER at term 1 for recognizeCandidate:aaf6dc24-a38a-4a1e-b0cd-0cf0bb7e14c3
2019-08-21 19:15:11,444 [grpc-default-executor-0] INFO  impl.RoleInfo (RoleInfo.java:shutdownFollowerState(121)) - a3f6fd5f-9e33-4809-b62b-285069cd76bb: shutdown FollowerState
2019-08-21 19:15:11,444 [grpc-default-executor-0] INFO  impl.RoleInfo (RoleInfo.java:updateAndGet(143)) - a3f6fd5f-9e33-4809-b62b-285069cd76bb: start FollowerState
2019-08-21 19:15:11,444 [Thread-523] INFO  impl.FollowerState (FollowerState.java:run(114)) - a3f6fd5f-9e33-4809-b62b-285069cd76bb: FollowerState was interrupted: java.lang.InterruptedException: sleep interrupted
2019-08-21 19:15:11,444 [grpc-default-executor-2] INFO  impl.RaftServerImpl (RaftServerImpl.java:setRole(171)) - 3a4645e2-fe5f-4037-bc26-36547f186637:group-5840AAFF3D5D changes role from FOLLOWER to FOLLOWER at term 1 for recognizeCandidate:aaf6dc24-a38a-4a1e-b0cd-0cf0bb7e14c3
2019-08-21 19:15:11,447 [grpc-default-executor-2] INFO  impl.RoleInfo (RoleInfo.java:shutdownFollowerState(121)) - 3a4645e2-fe5f-4037-bc26-36547f186637: shutdown FollowerState
2019-08-21 19:15:11,447 [Thread-517] INFO  impl.FollowerState (FollowerState.java:run(114)) - 3a4645e2-fe5f-4037-bc26-36547f186637: FollowerState was interrupted: java.lang.InterruptedException: sleep interrupted
2019-08-21 19:15:11,447 [grpc-default-executor-2] INFO  impl.RoleInfo (RoleInfo.java:updateAndGet(143)) - 3a4645e2-fe5f-4037-bc26-36547f186637: start FollowerState
2019-08-21 19:15:11,455 [aaf6dc24-a38a-4a1e-b0cd-0cf0bb7e14c3:group-5840AAFF3D5D:LeaderElection18] INFO  impl.LeaderElection (LeaderElection.java:logAndReturn(56)) - aaf6dc24-a38a-4a1e-b0cd-0cf0bb7e14c3:group-5840AAFF3D5D:LeaderElection18: Election PASSED; received 1 response(s) [aaf6dc24-a38a-4a1e-b0cd-0cf0bb7e14c3<-a3f6fd5f-9e33-4809-b62b-285069cd76bb#0:OK-t1] and 0 exception(s); aaf6dc24-a38a-4a1e-b0cd-0cf0bb7e14c3:t1, leader=null, voted=aaf6dc24-a38a-4a1e-b0cd-0cf0bb7e14c3, raftlog=aaf6dc24-a38a-4a1e-b0cd-0cf0bb7e14c3-SegmentedRaftLog:OPENED:c-1,f-1,i0, conf=-1: [a3f6fd5f-9e33-4809-b62b-285069cd76bb:192.168.69.80:41152, 3a4645e2-fe5f-4037-bc26-36547f186637:192.168.69.80:40661, aaf6dc24-a38a-4a1e-b0cd-0cf0bb7e14c3:192.168.69.80:41359], old=null
2019-08-21 19:15:11,455 [aaf6dc24-a38a-4a1e-b0cd-0cf0bb7e14c3:group-5840AAFF3D5D:LeaderElection18] INFO  impl.RoleInfo (RoleInfo.java:shutdownLeaderElection(134)) - aaf6dc24-a38a-4a1e-b0cd-0cf0bb7e14c3: shutdown LeaderElection
2019-08-21 19:15:11,456 [aaf6dc24-a38a-4a1e-b0cd-0cf0bb7e14c3:group-5840AAFF3D5D:LeaderElection18] INFO  impl.RaftServerImpl (RaftServerImpl.java:setRole(171)) - aaf6dc24-a38a-4a1e-b0cd-0cf0bb7e14c3:group-5840AAFF3D5D changes role from CANDIDATE to LEADER at term 1 for changeToLeader
2019-08-21 19:15:11,456 [aaf6dc24-a38a-4a1e-b0cd-0cf0bb7e14c3:group-5840AAFF3D5D:LeaderElection18] INFO  impl.RaftServerImpl (ServerState.java:setLeader(263)) - aaf6dc24-a38a-4a1e-b0cd-0cf0bb7e14c3:group-5840AAFF3D5D change Leader from null to aaf6dc24-a38a-4a1e-b0cd-0cf0bb7e14c3 at term 1 for becomeLeader, leader elected after 5109ms
2019-08-21 19:15:11,456 [aaf6dc24-a38a-4a1e-b0cd-0cf0bb7e14c3:group-5840AAFF3D5D:LeaderElection18] INFO  server.RaftServerConfigKeys (ConfUtils.java:logGet(43)) - raft.server.staging.catchup.gap = 1000 (default)
2019-08-21 19:15:11,456 [aaf6dc24-a38a-4a1e-b0cd-0cf0bb7e14c3:group-5840AAFF3D5D:LeaderElection18] INFO  server.RaftServerConfigKeys (ConfUtils.java:logGet(43)) - raft.server.rpc.sleep.time = 25ms (default)
2019-08-21 19:15:11,456 [aaf6dc24-a38a-4a1e-b0cd-0cf0bb7e14c3:group-5840AAFF3D5D:LeaderElection18] INFO  server.RaftServerConfigKeys (ConfUtils.java:logGet(43)) - raft.server.write.element-limit = 4096 (default)
2019-08-21 19:15:11,456 [aaf6dc24-a38a-4a1e-b0cd-0cf0bb7e14c3:group-5840AAFF3D5D:LeaderElection18] INFO  server.RaftServerConfigKeys (ConfUtils.java:logGet(43)) - raft.server.watch.timeout = 10s (default)
2019-08-21 19:15:11,456 [aaf6dc24-a38a-4a1e-b0cd-0cf0bb7e14c3:group-5840AAFF3D5D:LeaderElection18] INFO  server.RaftServerConfigKeys (ConfUtils.java:logGet(43)) - raft.server.watch.timeout.denomination = 1s (default)
2019-08-21 19:15:11,456 [aaf6dc24-a38a-4a1e-b0cd-0cf0bb7e14c3:group-5840AAFF3D5D:LeaderElection18] INFO  server.RaftServerConfigKeys (ConfUtils.java:logGet(43)) - raft.server.watch.element-limit = 65536 (default)
2019-08-21 19:15:11,458 [aaf6dc24-a38a-4a1e-b0cd-0cf0bb7e14c3:group-5840AAFF3D5D:LeaderElection18] INFO  server.RaftServerConfigKeys (ConfUtils.java:logGet(43)) - raft.server.log.appender.snapshot.chunk.size.max = 16MB (=16777216) (default)
2019-08-21 19:15:11,459 [aaf6dc24-a38a-4a1e-b0cd-0cf0bb7e14c3:group-5840AAFF3D5D:LeaderElection18] INFO  server.RaftServerConfigKeys (ConfUtils.java:logGet(43)) - raft.server.log.appender.buffer.byte-limit = 33554432 (custom)
2019-08-21 19:15:11,459 [aaf6dc24-a38a-4a1e-b0cd-0cf0bb7e14c3:group-5840AAFF3D5D:LeaderElection18] INFO  server.RaftServerConfigKeys (ConfUtils.java:logGet(43)) - raft.server.log.appender.buffer.element-limit = 1 (custom)
2019-08-21 19:15:11,461 [aaf6dc24-a38a-4a1e-b0cd-0cf0bb7e14c3:group-5840AAFF3D5D:LeaderElection18] INFO  grpc.GrpcConfigKeys$Server (ConfUtils.java:logGet(43)) - raft.grpc.server.leader.outstanding.appends.max = 128 (default)
2019-08-21 19:15:11,464 [aaf6dc24-a38a-4a1e-b0cd-0cf0bb7e14c3:group-5840AAFF3D5D:LeaderElection18] INFO  server.RaftServerConfigKeys (ConfUtils.java:logGet(43)) - raft.server.rpc.request.timeout = 3000ms (default)
2019-08-21 19:15:11,464 [aaf6dc24-a38a-4a1e-b0cd-0cf0bb7e14c3:group-5840AAFF3D5D:LeaderElection18] INFO  server.RaftServerConfigKeys (ConfUtils.java:logGet(43)) - raft.server.log.appender.install.snapshot.enabled = false (custom)
2019-08-21 19:15:11,465 [aaf6dc24-a38a-4a1e-b0cd-0cf0bb7e14c3:group-5840AAFF3D5D:LeaderElection18] INFO  server.RaftServerConfigKeys (ConfUtils.java:logGet(43)) - raft.server.log.appender.snapshot.chunk.size.max = 16MB (=16777216) (default)
2019-08-21 19:15:11,465 [aaf6dc24-a38a-4a1e-b0cd-0cf0bb7e14c3:group-5840AAFF3D5D:LeaderElection18] INFO  server.RaftServerConfigKeys (ConfUtils.java:logGet(43)) - raft.server.log.appender.buffer.byte-limit = 33554432 (custom)
2019-08-21 19:15:11,465 [aaf6dc24-a38a-4a1e-b0cd-0cf0bb7e14c3:group-5840AAFF3D5D:LeaderElection18] INFO  server.RaftServerConfigKeys (ConfUtils.java:logGet(43)) - raft.server.log.appender.buffer.element-limit = 1 (custom)
2019-08-21 19:15:11,465 [aaf6dc24-a38a-4a1e-b0cd-0cf0bb7e14c3:group-5840AAFF3D5D:LeaderElection18] INFO  grpc.GrpcConfigKeys$Server (ConfUtils.java:logGet(43)) - raft.grpc.server.leader.outstanding.appends.max = 128 (default)
2019-08-21 19:15:11,465 [aaf6dc24-a38a-4a1e-b0cd-0cf0bb7e14c3:group-5840AAFF3D5D:LeaderElection18] INFO  server.RaftServerConfigKeys (ConfUtils.java:logGet(43)) - raft.server.rpc.request.timeout = 3000ms (default)
2019-08-21 19:15:11,466 [aaf6dc24-a38a-4a1e-b0cd-0cf0bb7e14c3:group-5840AAFF3D5D:LeaderElection18] INFO  server.RaftServerConfigKeys (ConfUtils.java:logGet(43)) - raft.server.log.appender.install.snapshot.enabled = false (custom)
2019-08-21 19:15:11,468 [Thread-514] INFO  impl.FollowerState (FollowerState.java:run(106)) - 3a4645e2-fe5f-4037-bc26-36547f186637:group-4B391D3D34F4 changes to CANDIDATE, lastRpcTime:5188, electionTimeout:5188ms
2019-08-21 19:15:11,468 [Thread-514] INFO  impl.RoleInfo (RoleInfo.java:shutdownFollowerState(121)) - 3a4645e2-fe5f-4037-bc26-36547f186637: shutdown FollowerState
2019-08-21 19:15:11,468 [Thread-514] INFO  impl.RaftServerImpl (RaftServerImpl.java:setRole(171)) - 3a4645e2-fe5f-4037-bc26-36547f186637:group-4B391D3D34F4 changes role from FOLLOWER to CANDIDATE at term 0 for changeToCandidate
2019-08-21 19:15:11,468 [EventQueue-StaleNodeForStaleNodeHandler] INFO  node.StaleNodeHandler (StaleNodeHandler.java:onMessage(58)) - Datanode a3f6fd5f-9e33-4809-b62b-285069cd76bb{ip: 192.168.69.80, host: pr-hdds-2002-6qlp9-457884439, networkLocation: /default-rack, certSerialId: null} moved to stale state. Finalizing its pipelines [PipelineID=f1b510b9-44ae-4617-926e-0b3e927dc9f2, PipelineID=aff19968-5e88-455a-a9e5-5840aaff3d5d]
2019-08-21 19:15:11,468 [Thread-514] INFO  impl.RoleInfo (RoleInfo.java:updateAndGet(143)) - 3a4645e2-fe5f-4037-bc26-36547f186637: start LeaderElection
2019-08-21 19:15:11,469 [EventQueue-StaleNodeForStaleNodeHandler] INFO  pipeline.SCMPipelineManager (SCMPipelineManager.java:finalizeAndDestroyPipeline(309)) - destroying pipeline:Pipeline[ Id: f1b510b9-44ae-4617-926e-0b3e927dc9f2, Nodes: a3f6fd5f-9e33-4809-b62b-285069cd76bb{ip: 192.168.69.80, host: pr-hdds-2002-6qlp9-457884439, networkLocation: /default-rack, certSerialId: null}, Type:RATIS, Factor:ONE, State:OPEN]
2019-08-21 19:15:11,471 [EventQueue-StaleNodeForStaleNodeHandler] INFO  pipeline.PipelineStateManager (PipelineStateManager.java:finalizePipeline(123)) - Pipeline Pipeline[ Id: f1b510b9-44ae-4617-926e-0b3e927dc9f2, Nodes: a3f6fd5f-9e33-4809-b62b-285069cd76bb{ip: 192.168.69.80, host: pr-hdds-2002-6qlp9-457884439, networkLocation: /default-rack, certSerialId: null}, Type:RATIS, Factor:ONE, State:CLOSED] moved to CLOSED state
2019-08-21 19:15:11,472 [aaf6dc24-a38a-4a1e-b0cd-0cf0bb7e14c3:group-5840AAFF3D5D:LeaderElection18] INFO  impl.RoleInfo (RoleInfo.java:updateAndGet(143)) - aaf6dc24-a38a-4a1e-b0cd-0cf0bb7e14c3: start LeaderState
2019-08-21 19:15:11,473 [aaf6dc24-a38a-4a1e-b0cd-0cf0bb7e14c3:group-5840AAFF3D5D:LeaderElection18] INFO  segmented.SegmentedRaftLogWorker (SegmentedRaftLogWorker.java:startLogSegment(380)) - aaf6dc24-a38a-4a1e-b0cd-0cf0bb7e14c3-SegmentedRaftLogWorker:Storage Directory /workdir/hadoop-ozone/integration-test/target/test-dir/MiniOzoneClusterImpl-da9650cd-6fd3-441d-ace5-375aff5f2007/datanode-1/data/ratis/aff19968-5e88-455a-a9e5-5840aaff3d5d: Starting segment from index:0
2019-08-21 19:15:11,473 [aaf6dc24-a38a-4a1e-b0cd-0cf0bb7e14c3:group-5840AAFF3D5D:LeaderElection18] INFO  impl.RaftServerImpl (ServerState.java:setRaftConf(361)) - aaf6dc24-a38a-4a1e-b0cd-0cf0bb7e14c3:group-5840AAFF3D5D set configuration 0: [a3f6fd5f-9e33-4809-b62b-285069cd76bb:192.168.69.80:41152, 3a4645e2-fe5f-4037-bc26-36547f186637:192.168.69.80:40661, aaf6dc24-a38a-4a1e-b0cd-0cf0bb7e14c3:192.168.69.80:41359], old=null at 0
2019-08-21 19:15:11,502 [EventQueue-StaleNodeForStaleNodeHandler] INFO  pipeline.SCMPipelineManager (SCMPipelineManager.java:finalizeAndDestroyPipeline(309)) - destroying pipeline:Pipeline[ Id: aff19968-5e88-455a-a9e5-5840aaff3d5d, Nodes: 3a4645e2-fe5f-4037-bc26-36547f186637{ip: 192.168.69.80, host: pr-hdds-2002-6qlp9-457884439, networkLocation: /default-rack, certSerialId: null}aaf6dc24-a38a-4a1e-b0cd-0cf0bb7e14c3{ip: 192.168.69.80, host: pr-hdds-2002-6qlp9-457884439, networkLocation: /default-rack, certSerialId: null}a3f6fd5f-9e33-4809-b62b-285069cd76bb{ip: 192.168.69.80, host: pr-hdds-2002-6qlp9-457884439, networkLocation: /default-rack, certSerialId: null}, Type:RATIS, Factor:THREE, State:OPEN]
2019-08-21 19:15:11,502 [3a4645e2-fe5f-4037-bc26-36547f186637:group-4B391D3D34F4:LeaderElection19] INFO  impl.LeaderElection (LeaderElection.java:askForVotes(181)) - 3a4645e2-fe5f-4037-bc26-36547f186637:group-4B391D3D34F4:LeaderElection19: begin an election at term 1 for -1: [3a4645e2-fe5f-4037-bc26-36547f186637:192.168.69.80:40661], old=null
2019-08-21 19:15:11,502 [EventQueue-StaleNodeForStaleNodeHandler] INFO  pipeline.PipelineStateManager (PipelineStateManager.java:finalizePipeline(123)) - Pipeline Pipeline[ Id: aff19968-5e88-455a-a9e5-5840aaff3d5d, Nodes: 3a4645e2-fe5f-4037-bc26-36547f186637{ip: 192.168.69.80, host: pr-hdds-2002-6qlp9-457884439, networkLocation: /default-rack, certSerialId: null}aaf6dc24-a38a-4a1e-b0cd-0cf0bb7e14c3{ip: 192.168.69.80, host: pr-hdds-2002-6qlp9-457884439, networkLocation: /default-rack, certSerialId: null}a3f6fd5f-9e33-4809-b62b-285069cd76bb{ip: 192.168.69.80, host: pr-hdds-2002-6qlp9-457884439, networkLocation: /default-rack, certSerialId: null}, Type:RATIS, Factor:THREE, State:CLOSED] moved to CLOSED state
2019-08-21 19:15:11,502 [3a4645e2-fe5f-4037-bc26-36547f186637:group-4B391D3D34F4:LeaderElection19] INFO  impl.RoleInfo (RoleInfo.java:shutdownLeaderElection(134)) - 3a4645e2-fe5f-4037-bc26-36547f186637: shutdown LeaderElection
2019-08-21 19:15:11,503 [3a4645e2-fe5f-4037-bc26-36547f186637:group-4B391D3D34F4:LeaderElection19] INFO  impl.RaftServerImpl (RaftServerImpl.java:setRole(171)) - 3a4645e2-fe5f-4037-bc26-36547f186637:group-4B391D3D34F4 changes role from CANDIDATE to LEADER at term 1 for changeToLeader
2019-08-21 19:15:11,503 [3a4645e2-fe5f-4037-bc26-36547f186637:group-4B391D3D34F4:LeaderElection19] INFO  impl.RaftServerImpl (ServerState.java:setLeader(263)) - 3a4645e2-fe5f-4037-bc26-36547f186637:group-4B391D3D34F4 change Leader from null to 3a4645e2-fe5f-4037-bc26-36547f186637 at term 1 for becomeLeader, leader elected after 5228ms
2019-08-21 19:15:11,503 [3a4645e2-fe5f-4037-bc26-36547f186637:group-4B391D3D34F4:LeaderElection19] INFO  server.RaftServerConfigKeys (ConfUtils.java:logGet(43)) - raft.server.staging.catchup.gap = 1000 (default)
2019-08-21 19:15:11,503 [3a4645e2-fe5f-4037-bc26-36547f186637:group-4B391D3D34F4:LeaderElection19] INFO  server.RaftServerConfigKeys (ConfUtils.java:logGet(43)) - raft.server.rpc.sleep.time = 25ms (default)
2019-08-21 19:15:11,505 [3a4645e2-fe5f-4037-bc26-36547f186637:group-4B391D3D34F4:LeaderElection19] INFO  server.RaftServerConfigKeys (ConfUtils.java:logGet(43)) - raft.server.write.element-limit = 4096 (default)
2019-08-21 19:15:11,505 [3a4645e2-fe5f-4037-bc26-36547f186637:group-4B391D3D34F4:LeaderElection19] INFO  server.RaftServerConfigKeys (ConfUtils.java:logGet(43)) - raft.server.watch.timeout = 10s (default)
2019-08-21 19:15:11,505 [3a4645e2-fe5f-4037-bc26-36547f186637:group-4B391D3D34F4:LeaderElection19] INFO  server.RaftServerConfigKeys (ConfUtils.java:logGet(43)) - raft.server.watch.timeout.denomination = 1s (default)
2019-08-21 19:15:11,506 [3a4645e2-fe5f-4037-bc26-36547f186637:group-4B391D3D34F4:LeaderElection19] INFO  server.RaftServerConfigKeys (ConfUtils.java:logGet(43)) - raft.server.watch.element-limit = 65536 (default)
2019-08-21 19:15:11,506 [3a4645e2-fe5f-4037-bc26-36547f186637:group-4B391D3D34F4:LeaderElection19] INFO  impl.RoleInfo (RoleInfo.java:updateAndGet(143)) - 3a4645e2-fe5f-4037-bc26-36547f186637: start LeaderState
2019-08-21 19:15:11,506 [3a4645e2-fe5f-4037-bc26-36547f186637:group-4B391D3D34F4:LeaderElection19] INFO  segmented.SegmentedRaftLogWorker (SegmentedRaftLogWorker.java:startLogSegment(380)) - 3a4645e2-fe5f-4037-bc26-36547f186637-SegmentedRaftLogWorker:Storage Directory /workdir/hadoop-ozone/integration-test/target/test-dir/MiniOzoneClusterImpl-da9650cd-6fd3-441d-ace5-375aff5f2007/datanode-2/data/ratis/7e3495bf-5200-4073-805e-4b391d3d34f4: Starting segment from index:0
2019-08-21 19:15:11,507 [3a4645e2-fe5f-4037-bc26-36547f186637:group-4B391D3D34F4:LeaderElection19] INFO  impl.RaftServerImpl (ServerState.java:setRaftConf(361)) - 3a4645e2-fe5f-4037-bc26-36547f186637:group-4B391D3D34F4 set configuration 0: [3a4645e2-fe5f-4037-bc26-36547f186637:192.168.69.80:40661], old=null at 0
2019-08-21 19:15:11,531 [aaf6dc24-a38a-4a1e-b0cd-0cf0bb7e14c3-SegmentedRaftLogWorker:Storage Directory /workdir/hadoop-ozone/integration-test/target/test-dir/MiniOzoneClusterImpl-da9650cd-6fd3-441d-ace5-375aff5f2007/datanode-1/data/ratis/aff19968-5e88-455a-a9e5-5840aaff3d5d] INFO  segmented.SegmentedRaftLogWorker (SegmentedRaftLogWorker.java:execute(569)) - aaf6dc24-a38a-4a1e-b0cd-0cf0bb7e14c3-SegmentedRaftLogWorker:Storage Directory /workdir/hadoop-ozone/integration-test/target/test-dir/MiniOzoneClusterImpl-da9650cd-6fd3-441d-ace5-375aff5f2007/datanode-1/data/ratis/aff19968-5e88-455a-a9e5-5840aaff3d5d: created new log segment /workdir/hadoop-ozone/integration-test/target/test-dir/MiniOzoneClusterImpl-da9650cd-6fd3-441d-ace5-375aff5f2007/datanode-1/data/ratis/aff19968-5e88-455a-a9e5-5840aaff3d5d/current/log_inprogress_0
2019-08-21 19:15:11,536 [3a4645e2-fe5f-4037-bc26-36547f186637-SegmentedRaftLogWorker:Storage Directory /workdir/hadoop-ozone/integration-test/target/test-dir/MiniOzoneClusterImpl-da9650cd-6fd3-441d-ace5-375aff5f2007/datanode-2/data/ratis/7e3495bf-5200-4073-805e-4b391d3d34f4] INFO  segmented.SegmentedRaftLogWorker (SegmentedRaftLogWorker.java:execute(569)) - 3a4645e2-fe5f-4037-bc26-36547f186637-SegmentedRaftLogWorker:Storage Directory /workdir/hadoop-ozone/integration-test/target/test-dir/MiniOzoneClusterImpl-da9650cd-6fd3-441d-ace5-375aff5f2007/datanode-2/data/ratis/7e3495bf-5200-4073-805e-4b391d3d34f4: created new log segment /workdir/hadoop-ozone/integration-test/target/test-dir/MiniOzoneClusterImpl-da9650cd-6fd3-441d-ace5-375aff5f2007/datanode-2/data/ratis/7e3495bf-5200-4073-805e-4b391d3d34f4/current/log_inprogress_0
2019-08-21 19:15:11,547 [grpc-default-executor-2] INFO  impl.RaftServerImpl (ServerState.java:setLeader(263)) - 3a4645e2-fe5f-4037-bc26-36547f186637:group-5840AAFF3D5D change Leader from null to aaf6dc24-a38a-4a1e-b0cd-0cf0bb7e14c3 at term 1 for appendEntries, leader elected after 5201ms
2019-08-21 19:15:11,548 [grpc-default-executor-0] INFO  impl.RaftServerImpl (ServerState.java:setLeader(263)) - a3f6fd5f-9e33-4809-b62b-285069cd76bb:group-5840AAFF3D5D change Leader from null to aaf6dc24-a38a-4a1e-b0cd-0cf0bb7e14c3 at term 1 for appendEntries, leader elected after 5201ms
2019-08-21 19:15:11,573 [grpc-default-executor-2] INFO  impl.RaftServerImpl (ServerState.java:setRaftConf(361)) - a3f6fd5f-9e33-4809-b62b-285069cd76bb:group-5840AAFF3D5D set configuration 0: [a3f6fd5f-9e33-4809-b62b-285069cd76bb:192.168.69.80:41152, 3a4645e2-fe5f-4037-bc26-36547f186637:192.168.69.80:40661, aaf6dc24-a38a-4a1e-b0cd-0cf0bb7e14c3:192.168.69.80:41359], old=null at 0
2019-08-21 19:15:11,573 [grpc-default-executor-0] INFO  impl.RaftServerImpl (ServerState.java:setRaftConf(361)) - 3a4645e2-fe5f-4037-bc26-36547f186637:group-5840AAFF3D5D set configuration 0: [a3f6fd5f-9e33-4809-b62b-285069cd76bb:192.168.69.80:41152, 3a4645e2-fe5f-4037-bc26-36547f186637:192.168.69.80:40661, aaf6dc24-a38a-4a1e-b0cd-0cf0bb7e14c3:192.168.69.80:41359], old=null at 0
2019-08-21 19:15:11,574 [grpc-default-executor-2] INFO  segmented.SegmentedRaftLogWorker (SegmentedRaftLogWorker.java:startLogSegment(380)) - a3f6fd5f-9e33-4809-b62b-285069cd76bb-SegmentedRaftLogWorker:Storage Directory /workdir/hadoop-ozone/integration-test/target/test-dir/MiniOzoneClusterImpl-da9650cd-6fd3-441d-ace5-375aff5f2007/datanode-0/data/ratis/aff19968-5e88-455a-a9e5-5840aaff3d5d: Starting segment from index:0
2019-08-21 19:15:11,574 [grpc-default-executor-0] INFO  segmented.SegmentedRaftLogWorker (SegmentedRaftLogWorker.java:startLogSegment(380)) - 3a4645e2-fe5f-4037-bc26-36547f186637-SegmentedRaftLogWorker:Storage Directory /workdir/hadoop-ozone/integration-test/target/test-dir/MiniOzoneClusterImpl-da9650cd-6fd3-441d-ace5-375aff5f2007/datanode-2/data/ratis/aff19968-5e88-455a-a9e5-5840aaff3d5d: Starting segment from index:0
2019-08-21 19:15:11,619 [a3f6fd5f-9e33-4809-b62b-285069cd76bb-SegmentedRaftLogWorker:Storage Directory /workdir/hadoop-ozone/integration-test/target/test-dir/MiniOzoneClusterImpl-da9650cd-6fd3-441d-ace5-375aff5f2007/datanode-0/data/ratis/aff19968-5e88-455a-a9e5-5840aaff3d5d] INFO  segmented.SegmentedRaftLogWorker (SegmentedRaftLogWorker.java:execute(569)) - a3f6fd5f-9e33-4809-b62b-285069cd76bb-SegmentedRaftLogWorker:Storage Directory /workdir/hadoop-ozone/integration-test/target/test-dir/MiniOzoneClusterImpl-da9650cd-6fd3-441d-ace5-375aff5f2007/datanode-0/data/ratis/aff19968-5e88-455a-a9e5-5840aaff3d5d: created new log segment /workdir/hadoop-ozone/integration-test/target/test-dir/MiniOzoneClusterImpl-da9650cd-6fd3-441d-ace5-375aff5f2007/datanode-0/data/ratis/aff19968-5e88-455a-a9e5-5840aaff3d5d/current/log_inprogress_0
2019-08-21 19:15:11,619 [3a4645e2-fe5f-4037-bc26-36547f186637-SegmentedRaftLogWorker:Storage Directory /workdir/hadoop-ozone/integration-test/target/test-dir/MiniOzoneClusterImpl-da9650cd-6fd3-441d-ace5-375aff5f2007/datanode-2/data/ratis/aff19968-5e88-455a-a9e5-5840aaff3d5d] INFO  segmented.SegmentedRaftLogWorker (SegmentedRaftLogWorker.java:execute(569)) - 3a4645e2-fe5f-4037-bc26-36547f186637-SegmentedRaftLogWorker:Storage Directory /workdir/hadoop-ozone/integration-test/target/test-dir/MiniOzoneClusterImpl-da9650cd-6fd3-441d-ace5-375aff5f2007/datanode-2/data/ratis/aff19968-5e88-455a-a9e5-5840aaff3d5d: created new log segment /workdir/hadoop-ozone/integration-test/target/test-dir/MiniOzoneClusterImpl-da9650cd-6fd3-441d-ace5-375aff5f2007/datanode-2/data/ratis/aff19968-5e88-455a-a9e5-5840aaff3d5d/current/log_inprogress_0
2019-08-21 19:15:12,031 | INFO  | SCMAudit | user=jenkins1000 | ip=192.168.69.80 | op=SEND_HEARTBEAT {datanodeUUID=aaf6dc24-a38a-4a1e-b0cd-0cf0bb7e14c3, command=[]} | ret=SUCCESS |  
2019-08-21 19:15:12,237 [Thread-334] INFO  ozoneimpl.OzoneContainer (OzoneContainer.java:stop(199)) - Attempting to stop container services.
2019-08-21 19:15:12,238 [Thread-334] INFO  impl.RaftServerProxy (RaftServerProxy.java:lambda$close$4(314)) - a3f6fd5f-9e33-4809-b62b-285069cd76bb: close
2019-08-21 19:15:12,239 [Thread-334] INFO  impl.RaftServerImpl (RaftServerImpl.java:lambda$shutdown$3(245)) - a3f6fd5f-9e33-4809-b62b-285069cd76bb: shutdown group-0B3E927DC9F2
2019-08-21 19:15:12,239 [Thread-334] INFO  util.JmxRegister (JmxRegister.java:unregister(73)) - Successfully un-registered JMX Bean with object name Ratis:service=RaftServer,group=group-0B3E927DC9F2,id=a3f6fd5f-9e33-4809-b62b-285069cd76bb
2019-08-21 19:15:12,240 [Thread-334] INFO  impl.RoleInfo (RoleInfo.java:shutdownLeaderState(104)) - a3f6fd5f-9e33-4809-b62b-285069cd76bb: shutdown LeaderState
2019-08-21 19:15:12,240 [Thread-334] INFO  impl.PendingRequests (PendingRequests.java:sendNotLeaderResponses(202)) - a3f6fd5f-9e33-4809-b62b-285069cd76bb-PendingRequests: sendNotLeaderResponses
2019-08-21 19:15:12,240 | INFO  | SCMAudit | user=jenkins1000 | ip=192.168.69.80 | op=SEND_HEARTBEAT {datanodeUUID=3a4645e2-fe5f-4037-bc26-36547f186637, command=[]} | ret=SUCCESS |  
2019-08-21 19:15:12,241 [Thread-334] INFO  impl.StateMachineUpdater (StateMachineUpdater.java:stopAndJoin(115)) - StateMachineUpdater:a3f6fd5f-9e33-4809-b62b-285069cd76bb:group-0B3E927DC9F2: set stopIndex = 0
2019-08-21 19:15:12,241 [Thread-334] INFO  impl.RaftServerImpl (ServerState.java:close(394)) - a3f6fd5f-9e33-4809-b62b-285069cd76bb:group-0B3E927DC9F2 closes. The last applied log index is 0
2019-08-21 19:15:12,241 [a3f6fd5f-9e33-4809-b62b-285069cd76bb-SegmentedRaftLogWorker:Storage Directory /workdir/hadoop-ozone/integration-test/target/test-dir/MiniOzoneClusterImpl-da9650cd-6fd3-441d-ace5-375aff5f2007/datanode-0/data/ratis/f1b510b9-44ae-4617-926e-0b3e927dc9f2] INFO  segmented.SegmentedRaftLogWorker (SegmentedRaftLogWorker.java:run(313)) - a3f6fd5f-9e33-4809-b62b-285069cd76bb-SegmentedRaftLogWorker:Storage Directory /workdir/hadoop-ozone/integration-test/target/test-dir/MiniOzoneClusterImpl-da9650cd-6fd3-441d-ace5-375aff5f2007/datanode-0/data/ratis/f1b510b9-44ae-4617-926e-0b3e927dc9f2 was interrupted, exiting. There are 0 tasks remaining in the queue.
2019-08-21 19:15:12,244 [Thread-334] INFO  segmented.SegmentedRaftLogWorker (SegmentedRaftLogWorker.java:close(228)) - a3f6fd5f-9e33-4809-b62b-285069cd76bb-SegmentedRaftLogWorker:Storage Directory /workdir/hadoop-ozone/integration-test/target/test-dir/MiniOzoneClusterImpl-da9650cd-6fd3-441d-ace5-375aff5f2007/datanode-0/data/ratis/f1b510b9-44ae-4617-926e-0b3e927dc9f2 close()
2019-08-21 19:15:12,247 [Thread-334] INFO  impl.RaftServerImpl (RaftServerImpl.java:lambda$shutdown$3(245)) - a3f6fd5f-9e33-4809-b62b-285069cd76bb: shutdown group-5840AAFF3D5D
2019-08-21 19:15:12,247 [Thread-334] INFO  util.JmxRegister (JmxRegister.java:unregister(73)) - Successfully un-registered JMX Bean with object name Ratis:service=RaftServer,group=group-5840AAFF3D5D,id=a3f6fd5f-9e33-4809-b62b-285069cd76bb
2019-08-21 19:15:12,248 [Thread-334] INFO  impl.RoleInfo (RoleInfo.java:shutdownFollowerState(121)) - a3f6fd5f-9e33-4809-b62b-285069cd76bb: shutdown FollowerState
2019-08-21 19:15:12,248 [Thread-334] INFO  impl.StateMachineUpdater (StateMachineUpdater.java:stopAndJoin(115)) - StateMachineUpdater:a3f6fd5f-9e33-4809-b62b-285069cd76bb:group-5840AAFF3D5D: set stopIndex = 0
2019-08-21 19:15:12,248 [Thread-533] INFO  impl.FollowerState (FollowerState.java:run(114)) - a3f6fd5f-9e33-4809-b62b-285069cd76bb: FollowerState was interrupted: java.lang.InterruptedException: sleep interrupted
2019-08-21 19:15:12,248 [Thread-334] INFO  impl.RaftServerImpl (ServerState.java:close(394)) - a3f6fd5f-9e33-4809-b62b-285069cd76bb:group-5840AAFF3D5D closes. The last applied log index is 0
2019-08-21 19:15:12,250 [a3f6fd5f-9e33-4809-b62b-285069cd76bb-SegmentedRaftLogWorker:Storage Directory /workdir/hadoop-ozone/integration-test/target/test-dir/MiniOzoneClusterImpl-da9650cd-6fd3-441d-ace5-375aff5f2007/datanode-0/data/ratis/aff19968-5e88-455a-a9e5-5840aaff3d5d] INFO  segmented.SegmentedRaftLogWorker (SegmentedRaftLogWorker.java:run(313)) - a3f6fd5f-9e33-4809-b62b-285069cd76bb-SegmentedRaftLogWorker:Storage Directory /workdir/hadoop-ozone/integration-test/target/test-dir/MiniOzoneClusterImpl-da9650cd-6fd3-441d-ace5-375aff5f2007/datanode-0/data/ratis/aff19968-5e88-455a-a9e5-5840aaff3d5d was interrupted, exiting. There are 0 tasks remaining in the queue.
2019-08-21 19:15:12,252 [Thread-334] INFO  segmented.SegmentedRaftLogWorker (SegmentedRaftLogWorker.java:close(228)) - a3f6fd5f-9e33-4809-b62b-285069cd76bb-SegmentedRaftLogWorker:Storage Directory /workdir/hadoop-ozone/integration-test/target/test-dir/MiniOzoneClusterImpl-da9650cd-6fd3-441d-ace5-375aff5f2007/datanode-0/data/ratis/aff19968-5e88-455a-a9e5-5840aaff3d5d close()
2019-08-21 19:15:12,258 [Thread-334] INFO  server.GrpcService (GrpcService.java:closeImpl(155)) - a3f6fd5f-9e33-4809-b62b-285069cd76bb: shutdown server with port 41152 now
2019-08-21 19:15:12,261 [grpc-default-executor-0] WARN  server.GrpcServerProtocolService (LogUtils.java:warn(134)) - a3f6fd5f-9e33-4809-b62b-285069cd76bb: appendEntries onError: org.apache.ratis.thirdparty.io.grpc.StatusRuntimeException: CANCELLED: cancelled before receiving half close
2019-08-21 19:15:12,262 [Thread-334] INFO  server.GrpcService (GrpcService.java:closeImpl(163)) - a3f6fd5f-9e33-4809-b62b-285069cd76bb: shutdown server with port 41152 successfully
2019-08-21 19:15:12,264 [Thread-334] INFO  utils.BackgroundService (BackgroundService.java:shutdown(148)) - Shutting down service BlockDeletingService
2019-08-21 19:15:12,264 [grpc-default-executor-0] WARN  server.GrpcLogAppender (LogUtils.java:warn(134)) - aaf6dc24-a38a-4a1e-b0cd-0cf0bb7e14c3->a3f6fd5f-9e33-4809-b62b-285069cd76bb: Failed appendEntries: org.apache.ratis.thirdparty.io.grpc.StatusRuntimeException: CANCELLED: HTTP/2 error code: CANCEL
Received Rst Stream
2019-08-21 19:15:12,268 [refreshUsed-/workdir/hadoop-ozone/integration-test/target/test-dir/MiniOzoneClusterImpl-da9650cd-6fd3-441d-ace5-375aff5f2007/datanode-0/data/containers] WARN  fs.CachingGetSpaceUsed (CachingGetSpaceUsed.java:run(183)) - Thread Interrupted waiting to refresh disk information: sleep interrupted
2019-08-21 19:15:12,271 [grpc-default-executor-0] INFO  impl.FollowerInfo (FollowerInfo.java:lambda$new$0(50)) - aaf6dc24-a38a-4a1e-b0cd-0cf0bb7e14c3->a3f6fd5f-9e33-4809-b62b-285069cd76bb: nextIndex: updateUnconditionally 1 -> 0
2019-08-21 19:15:12,290 [Thread-334] INFO  statemachine.DatanodeStateMachine (DatanodeStateMachine.java:stopDaemon(395)) - Ozone container server stopped.
2019-08-21 19:15:12,291 [Thread-334] INFO  handler.ContextHandler (ContextHandler.java:doStop(910)) - Stopped o.e.j.w.WebAppContext@1677da06{/,null,UNAVAILABLE}{/hddsDatanode}
2019-08-21 19:15:12,292 [Thread-334] INFO  server.AbstractConnector (AbstractConnector.java:doStop(318)) - Stopped ServerConnector@36e96f7a{HTTP/1.1,[http/1.1]}{0.0.0.0:0}
2019-08-21 19:15:12,292 [Thread-334] INFO  handler.ContextHandler (ContextHandler.java:doStop(910)) - Stopped o.e.j.s.ServletContextHandler@47cdd5d2{/static,jar:file:/home/user/.m2/repository/org/apache/hadoop/hadoop-hdds-container-service/0.5.0-SNAPSHOT/hadoop-hdds-container-service-0.5.0-SNAPSHOT.jar!/webapps/static,UNAVAILABLE}
2019-08-21 19:15:12,293 [Thread-334] INFO  handler.ContextHandler (ContextHandler.java:doStop(910)) - Stopped o.e.j.s.ServletContextHandler@2a275215{/logs,file:///workdir/hadoop-ozone/integration-test/target/log,UNAVAILABLE}
2019-08-21 19:15:12,294 [Thread-334] INFO  datanode.ObjectStoreHandler (ObjectStoreHandler.java:close(155)) - Closing ObjectStoreHandler.
2019-08-21 19:15:12,294 [Thread-334] INFO  ozone.HddsDatanodeService (HddsDatanodeService.java:stop(451)) - Stopped plug-in org.apache.hadoop.ozone.web.OzoneHddsDatanodeService@42e658ba
2019-08-21 19:15:13,029 [Datanode State Machine Thread - 0] INFO  statemachine.DatanodeStateMachine (DatanodeStateMachine.java:lambda$startDaemon$0(350)) - Ozone container server started.
2019-08-21 19:15:13,240 | INFO  | SCMAudit | user=jenkins1000 | ip=192.168.69.80 | op=SEND_HEARTBEAT {datanodeUUID=3a4645e2-fe5f-4037-bc26-36547f186637, command=[]} | ret=SUCCESS |  
2019-08-21 19:15:14,138 [grpc-default-executor-1] WARN  server.GrpcLogAppender (LogUtils.java:warn(134)) - aaf6dc24-a38a-4a1e-b0cd-0cf0bb7e14c3->a3f6fd5f-9e33-4809-b62b-285069cd76bb: Failed appendEntries: org.apache.ratis.thirdparty.io.grpc.StatusRuntimeException: UNAVAILABLE: io exception
2019-08-21 19:15:14,141 [grpc-default-executor-1] INFO  impl.FollowerInfo (FollowerInfo.java:lambda$new$0(50)) - aaf6dc24-a38a-4a1e-b0cd-0cf0bb7e14c3->a3f6fd5f-9e33-4809-b62b-285069cd76bb: nextIndex: updateUnconditionally 0 -> 0
2019-08-21 19:15:14,241 | INFO  | SCMAudit | user=jenkins1000 | ip=192.168.69.80 | op=SEND_HEARTBEAT {datanodeUUID=3a4645e2-fe5f-4037-bc26-36547f186637, command=[]} | ret=SUCCESS |  
2019-08-21 19:15:15,240 | INFO  | SCMAudit | user=jenkins1000 | ip=192.168.69.80 | op=SEND_HEARTBEAT {datanodeUUID=3a4645e2-fe5f-4037-bc26-36547f186637, command=[]} | ret=SUCCESS |  
2019-08-21 19:15:16,240 | INFO  | SCMAudit | user=jenkins1000 | ip=192.168.69.80 | op=SEND_HEARTBEAT {datanodeUUID=3a4645e2-fe5f-4037-bc26-36547f186637, command=[]} | ret=SUCCESS |  
2019-08-21 19:15:16,640 [grpc-default-executor-2] WARN  server.GrpcLogAppender (LogUtils.java:warn(134)) - aaf6dc24-a38a-4a1e-b0cd-0cf0bb7e14c3->a3f6fd5f-9e33-4809-b62b-285069cd76bb: Failed appendEntries: org.apache.ratis.thirdparty.io.grpc.StatusRuntimeException: UNAVAILABLE: io exception
2019-08-21 19:15:16,642 [grpc-default-executor-2] INFO  impl.FollowerInfo (FollowerInfo.java:lambda$new$0(50)) - aaf6dc24-a38a-4a1e-b0cd-0cf0bb7e14c3->a3f6fd5f-9e33-4809-b62b-285069cd76bb: nextIndex: updateUnconditionally 0 -> 0
2019-08-21 19:15:17,240 | INFO  | SCMAudit | user=jenkins1000 | ip=192.168.69.80 | op=SEND_HEARTBEAT {datanodeUUID=3a4645e2-fe5f-4037-bc26-36547f186637, command=[]} | ret=SUCCESS |  
2019-08-21 19:15:17,295 [Thread-334] INFO  ozoneimpl.OzoneContainer (OzoneContainer.java:stop(199)) - Attempting to stop container services.
2019-08-21 19:15:17,296 [Thread-334] INFO  impl.RaftServerProxy (RaftServerProxy.java:lambda$close$4(314)) - aaf6dc24-a38a-4a1e-b0cd-0cf0bb7e14c3: close
2019-08-21 19:15:17,296 [Thread-334] INFO  impl.RaftServerImpl (RaftServerImpl.java:lambda$shutdown$3(245)) - aaf6dc24-a38a-4a1e-b0cd-0cf0bb7e14c3: shutdown group-3AF90EA45AB2
2019-08-21 19:15:17,296 [Thread-334] INFO  util.JmxRegister (JmxRegister.java:unregister(73)) - Successfully un-registered JMX Bean with object name Ratis:service=RaftServer,group=group-3AF90EA45AB2,id=aaf6dc24-a38a-4a1e-b0cd-0cf0bb7e14c3
2019-08-21 19:15:17,297 [Thread-334] INFO  impl.RoleInfo (RoleInfo.java:shutdownLeaderState(104)) - aaf6dc24-a38a-4a1e-b0cd-0cf0bb7e14c3: shutdown LeaderState
2019-08-21 19:15:17,297 [Thread-334] INFO  impl.PendingRequests (PendingRequests.java:sendNotLeaderResponses(202)) - aaf6dc24-a38a-4a1e-b0cd-0cf0bb7e14c3-PendingRequests: sendNotLeaderResponses
2019-08-21 19:15:17,298 [Thread-334] INFO  impl.StateMachineUpdater (StateMachineUpdater.java:stopAndJoin(115)) - StateMachineUpdater:aaf6dc24-a38a-4a1e-b0cd-0cf0bb7e14c3:group-3AF90EA45AB2: set stopIndex = 0
2019-08-21 19:15:17,298 [Thread-334] INFO  impl.RaftServerImpl (ServerState.java:close(394)) - aaf6dc24-a38a-4a1e-b0cd-0cf0bb7e14c3:group-3AF90EA45AB2 closes. The last applied log index is 0
2019-08-21 19:15:17,298 [aaf6dc24-a38a-4a1e-b0cd-0cf0bb7e14c3-SegmentedRaftLogWorker:Storage Directory /workdir/hadoop-ozone/integration-test/target/test-dir/MiniOzoneClusterImpl-da9650cd-6fd3-441d-ace5-375aff5f2007/datanode-1/data/ratis/b22424ea-95c9-48f2-8656-3af90ea45ab2] INFO  segmented.SegmentedRaftLogWorker (SegmentedRaftLogWorker.java:run(313)) - aaf6dc24-a38a-4a1e-b0cd-0cf0bb7e14c3-SegmentedRaftLogWorker:Storage Directory /workdir/hadoop-ozone/integration-test/target/test-dir/MiniOzoneClusterImpl-da9650cd-6fd3-441d-ace5-375aff5f2007/datanode-1/data/ratis/b22424ea-95c9-48f2-8656-3af90ea45ab2 was interrupted, exiting. There are 0 tasks remaining in the queue.
2019-08-21 19:15:17,300 [Thread-334] INFO  segmented.SegmentedRaftLogWorker (SegmentedRaftLogWorker.java:close(228)) - aaf6dc24-a38a-4a1e-b0cd-0cf0bb7e14c3-SegmentedRaftLogWorker:Storage Directory /workdir/hadoop-ozone/integration-test/target/test-dir/MiniOzoneClusterImpl-da9650cd-6fd3-441d-ace5-375aff5f2007/datanode-1/data/ratis/b22424ea-95c9-48f2-8656-3af90ea45ab2 close()
2019-08-21 19:15:17,302 [Thread-334] INFO  impl.RaftServerImpl (RaftServerImpl.java:lambda$shutdown$3(245)) - aaf6dc24-a38a-4a1e-b0cd-0cf0bb7e14c3: shutdown group-5840AAFF3D5D
2019-08-21 19:15:17,302 [Thread-334] INFO  util.JmxRegister (JmxRegister.java:unregister(73)) - Successfully un-registered JMX Bean with object name Ratis:service=RaftServer,group=group-5840AAFF3D5D,id=aaf6dc24-a38a-4a1e-b0cd-0cf0bb7e14c3
2019-08-21 19:15:17,303 [Thread-334] INFO  impl.RoleInfo (RoleInfo.java:shutdownLeaderState(104)) - aaf6dc24-a38a-4a1e-b0cd-0cf0bb7e14c3: shutdown LeaderState
2019-08-21 19:15:17,305 [Thread-334] INFO  impl.PendingRequests (PendingRequests.java:sendNotLeaderResponses(202)) - aaf6dc24-a38a-4a1e-b0cd-0cf0bb7e14c3-PendingRequests: sendNotLeaderResponses
2019-08-21 19:15:17,305 [org.apache.ratis.server.impl.LogAppender$AppenderDaemon$$Lambda$396/79018347@1c48737d] WARN  server.GrpcLogAppender (GrpcLogAppender.java:mayWait(143)) - GrpcLogAppender(aaf6dc24-a38a-4a1e-b0cd-0cf0bb7e14c3->3a4645e2-fe5f-4037-bc26-36547f186637): Wait interrupted by java.lang.InterruptedException
2019-08-21 19:15:17,305 [org.apache.ratis.server.impl.LogAppender$AppenderDaemon$$Lambda$396/79018347@7757641d] WARN  server.GrpcLogAppender (GrpcLogAppender.java:mayWait(143)) - GrpcLogAppender(aaf6dc24-a38a-4a1e-b0cd-0cf0bb7e14c3->a3f6fd5f-9e33-4809-b62b-285069cd76bb): Wait interrupted by java.lang.InterruptedException
2019-08-21 19:15:17,306 [Thread-334] INFO  impl.StateMachineUpdater (StateMachineUpdater.java:stopAndJoin(115)) - StateMachineUpdater:aaf6dc24-a38a-4a1e-b0cd-0cf0bb7e14c3:group-5840AAFF3D5D: set stopIndex = 0
2019-08-21 19:15:17,306 [Thread-334] INFO  impl.RaftServerImpl (ServerState.java:close(394)) - aaf6dc24-a38a-4a1e-b0cd-0cf0bb7e14c3:group-5840AAFF3D5D closes. The last applied log index is 0
2019-08-21 19:15:17,307 [aaf6dc24-a38a-4a1e-b0cd-0cf0bb7e14c3-SegmentedRaftLogWorker:Storage Directory /workdir/hadoop-ozone/integration-test/target/test-dir/MiniOzoneClusterImpl-da9650cd-6fd3-441d-ace5-375aff5f2007/datanode-1/data/ratis/aff19968-5e88-455a-a9e5-5840aaff3d5d] INFO  segmented.SegmentedRaftLogWorker (SegmentedRaftLogWorker.java:run(313)) - aaf6dc24-a38a-4a1e-b0cd-0cf0bb7e14c3-SegmentedRaftLogWorker:Storage Directory /workdir/hadoop-ozone/integration-test/target/test-dir/MiniOzoneClusterImpl-da9650cd-6fd3-441d-ace5-375aff5f2007/datanode-1/data/ratis/aff19968-5e88-455a-a9e5-5840aaff3d5d was interrupted, exiting. There are 0 tasks remaining in the queue.
2019-08-21 19:15:17,308 [Thread-334] INFO  segmented.SegmentedRaftLogWorker (SegmentedRaftLogWorker.java:close(228)) - aaf6dc24-a38a-4a1e-b0cd-0cf0bb7e14c3-SegmentedRaftLogWorker:Storage Directory /workdir/hadoop-ozone/integration-test/target/test-dir/MiniOzoneClusterImpl-da9650cd-6fd3-441d-ace5-375aff5f2007/datanode-1/data/ratis/aff19968-5e88-455a-a9e5-5840aaff3d5d close()
2019-08-21 19:15:17,309 [Thread-334] INFO  server.GrpcService (GrpcService.java:closeImpl(155)) - aaf6dc24-a38a-4a1e-b0cd-0cf0bb7e14c3: shutdown server with port 41359 now
2019-08-21 19:15:17,310 [grpc-default-executor-2] INFO  server.GrpcServerProtocolService (GrpcServerProtocolService.java:onCompleted(104)) - 3a4645e2-fe5f-4037-bc26-36547f186637: appendEntries completed
2019-08-21 19:15:17,313 [Thread-334] INFO  server.GrpcService (GrpcService.java:closeImpl(163)) - aaf6dc24-a38a-4a1e-b0cd-0cf0bb7e14c3: shutdown server with port 41359 successfully
2019-08-21 19:15:17,314 [grpc-default-executor-2] INFO  server.GrpcLogAppender (GrpcLogAppender.java:onError(281)) - GrpcLogAppender(aaf6dc24-a38a-4a1e-b0cd-0cf0bb7e14c3->3a4645e2-fe5f-4037-bc26-36547f186637) is stopped
2019-08-21 19:15:17,314 [Thread-334] INFO  utils.BackgroundService (BackgroundService.java:shutdown(148)) - Shutting down service BlockDeletingService
2019-08-21 19:15:17,316 [refreshUsed-/workdir/hadoop-ozone/integration-test/target/test-dir/MiniOzoneClusterImpl-da9650cd-6fd3-441d-ace5-375aff5f2007/datanode-1/data/containers] WARN  fs.CachingGetSpaceUsed (CachingGetSpaceUsed.java:run(183)) - Thread Interrupted waiting to refresh disk information: sleep interrupted
2019-08-21 19:15:17,338 [Thread-334] INFO  statemachine.DatanodeStateMachine (DatanodeStateMachine.java:stopDaemon(395)) - Ozone container server stopped.
2019-08-21 19:15:17,339 [Thread-334] INFO  handler.ContextHandler (ContextHandler.java:doStop(910)) - Stopped o.e.j.w.WebAppContext@5a716ce5{/,null,UNAVAILABLE}{/hddsDatanode}
2019-08-21 19:15:17,339 [Thread-334] INFO  server.AbstractConnector (AbstractConnector.java:doStop(318)) - Stopped ServerConnector@15f01032{HTTP/1.1,[http/1.1]}{0.0.0.0:0}
2019-08-21 19:15:17,339 [Thread-334] INFO  handler.ContextHandler (ContextHandler.java:doStop(910)) - Stopped o.e.j.s.ServletContextHandler@3ed28265{/static,jar:file:/home/user/.m2/repository/org/apache/hadoop/hadoop-hdds-container-service/0.5.0-SNAPSHOT/hadoop-hdds-container-service-0.5.0-SNAPSHOT.jar!/webapps/static,UNAVAILABLE}
2019-08-21 19:15:17,340 [Thread-334] INFO  handler.ContextHandler (ContextHandler.java:doStop(910)) - Stopped o.e.j.s.ServletContextHandler@32db8bcc{/logs,file:///workdir/hadoop-ozone/integration-test/target/log,UNAVAILABLE}
2019-08-21 19:15:17,340 [Thread-334] INFO  datanode.ObjectStoreHandler (ObjectStoreHandler.java:close(155)) - Closing ObjectStoreHandler.
2019-08-21 19:15:17,341 [Thread-334] INFO  ozone.HddsDatanodeService (HddsDatanodeService.java:stop(451)) - Stopped plug-in org.apache.hadoop.ozone.web.OzoneHddsDatanodeService@c166a3a
2019-08-21 19:15:17,470 [EventQueue-StaleNodeForStaleNodeHandler] INFO  node.StaleNodeHandler (StaleNodeHandler.java:onMessage(58)) - Datanode aaf6dc24-a38a-4a1e-b0cd-0cf0bb7e14c3{ip: 192.168.69.80, host: pr-hdds-2002-6qlp9-457884439, networkLocation: /default-rack, certSerialId: null} moved to stale state. Finalizing its pipelines [PipelineID=b22424ea-95c9-48f2-8656-3af90ea45ab2, PipelineID=aff19968-5e88-455a-a9e5-5840aaff3d5d]
2019-08-21 19:15:17,470 [EventQueue-StaleNodeForStaleNodeHandler] INFO  pipeline.SCMPipelineManager (SCMPipelineManager.java:finalizeAndDestroyPipeline(309)) - destroying pipeline:Pipeline[ Id: b22424ea-95c9-48f2-8656-3af90ea45ab2, Nodes: aaf6dc24-a38a-4a1e-b0cd-0cf0bb7e14c3{ip: 192.168.69.80, host: pr-hdds-2002-6qlp9-457884439, networkLocation: /default-rack, certSerialId: null}, Type:RATIS, Factor:ONE, State:OPEN]
2019-08-21 19:15:17,471 [EventQueue-StaleNodeForStaleNodeHandler] INFO  pipeline.PipelineStateManager (PipelineStateManager.java:finalizePipeline(123)) - Pipeline Pipeline[ Id: b22424ea-95c9-48f2-8656-3af90ea45ab2, Nodes: aaf6dc24-a38a-4a1e-b0cd-0cf0bb7e14c3{ip: 192.168.69.80, host: pr-hdds-2002-6qlp9-457884439, networkLocation: /default-rack, certSerialId: null}, Type:RATIS, Factor:ONE, State:CLOSED] moved to CLOSED state
2019-08-21 19:15:17,471 [EventQueue-StaleNodeForStaleNodeHandler] INFO  pipeline.SCMPipelineManager (SCMPipelineManager.java:finalizeAndDestroyPipeline(309)) - destroying pipeline:Pipeline[ Id: aff19968-5e88-455a-a9e5-5840aaff3d5d, Nodes: 3a4645e2-fe5f-4037-bc26-36547f186637{ip: 192.168.69.80, host: pr-hdds-2002-6qlp9-457884439, networkLocation: /default-rack, certSerialId: null}aaf6dc24-a38a-4a1e-b0cd-0cf0bb7e14c3{ip: 192.168.69.80, host: pr-hdds-2002-6qlp9-457884439, networkLocation: /default-rack, certSerialId: null}a3f6fd5f-9e33-4809-b62b-285069cd76bb{ip: 192.168.69.80, host: pr-hdds-2002-6qlp9-457884439, networkLocation: /default-rack, certSerialId: null}, Type:RATIS, Factor:THREE, State:CLOSED]
2019-08-21 19:15:18,239 [Datanode State Machine Thread - 0] INFO  statemachine.DatanodeStateMachine (DatanodeStateMachine.java:lambda$startDaemon$0(350)) - Ozone container server started.
2019-08-21 19:15:22,342 [Thread-334] INFO  ozoneimpl.OzoneContainer (OzoneContainer.java:stop(199)) - Attempting to stop container services.
2019-08-21 19:15:22,342 [Thread-334] INFO  impl.RaftServerProxy (RaftServerProxy.java:lambda$close$4(314)) - 3a4645e2-fe5f-4037-bc26-36547f186637: close
2019-08-21 19:15:22,343 [Thread-334] INFO  impl.RaftServerImpl (RaftServerImpl.java:lambda$shutdown$3(245)) - 3a4645e2-fe5f-4037-bc26-36547f186637: shutdown group-4B391D3D34F4
2019-08-21 19:15:22,343 [ForkJoinPool.commonPool-worker-1] INFO  impl.RaftServerImpl (RaftServerImpl.java:lambda$shutdown$3(245)) - 3a4645e2-fe5f-4037-bc26-36547f186637: shutdown group-5840AAFF3D5D
2019-08-21 19:15:22,343 [Thread-334] INFO  util.JmxRegister (JmxRegister.java:unregister(73)) - Successfully un-registered JMX Bean with object name Ratis:service=RaftServer,group=group-4B391D3D34F4,id=3a4645e2-fe5f-4037-bc26-36547f186637
2019-08-21 19:15:22,343 [ForkJoinPool.commonPool-worker-1] INFO  util.JmxRegister (JmxRegister.java:unregister(73)) - Successfully un-registered JMX Bean with object name Ratis:service=RaftServer,group=group-5840AAFF3D5D,id=3a4645e2-fe5f-4037-bc26-36547f186637
2019-08-21 19:15:22,344 [Thread-334] INFO  impl.RoleInfo (RoleInfo.java:shutdownLeaderState(104)) - 3a4645e2-fe5f-4037-bc26-36547f186637: shutdown LeaderState
2019-08-21 19:15:22,344 [ForkJoinPool.commonPool-worker-1] INFO  impl.RoleInfo (RoleInfo.java:shutdownFollowerState(121)) - 3a4645e2-fe5f-4037-bc26-36547f186637: shutdown FollowerState
2019-08-21 19:15:22,344 [Thread-334] INFO  impl.PendingRequests (PendingRequests.java:sendNotLeaderResponses(202)) - 3a4645e2-fe5f-4037-bc26-36547f186637-PendingRequests: sendNotLeaderResponses
2019-08-21 19:15:22,344 [Thread-534] INFO  impl.FollowerState (FollowerState.java:run(114)) - 3a4645e2-fe5f-4037-bc26-36547f186637: FollowerState was interrupted: java.lang.InterruptedException: sleep interrupted
2019-08-21 19:15:22,344 [ForkJoinPool.commonPool-worker-1] INFO  impl.StateMachineUpdater (StateMachineUpdater.java:stopAndJoin(115)) - StateMachineUpdater:3a4645e2-fe5f-4037-bc26-36547f186637:group-5840AAFF3D5D: set stopIndex = 0
2019-08-21 19:15:22,345 [Thread-334] INFO  impl.StateMachineUpdater (StateMachineUpdater.java:stopAndJoin(115)) - StateMachineUpdater:3a4645e2-fe5f-4037-bc26-36547f186637:group-4B391D3D34F4: set stopIndex = 0
2019-08-21 19:15:22,346 [ForkJoinPool.commonPool-worker-1] INFO  impl.RaftServerImpl (ServerState.java:close(394)) - 3a4645e2-fe5f-4037-bc26-36547f186637:group-5840AAFF3D5D closes. The last applied log index is 0
2019-08-21 19:15:22,347 [Thread-334] INFO  impl.RaftServerImpl (ServerState.java:close(394)) - 3a4645e2-fe5f-4037-bc26-36547f186637:group-4B391D3D34F4 closes. The last applied log index is 0
2019-08-21 19:15:22,347 [3a4645e2-fe5f-4037-bc26-36547f186637-SegmentedRaftLogWorker:Storage Directory /workdir/hadoop-ozone/integration-test/target/test-dir/MiniOzoneClusterImpl-da9650cd-6fd3-441d-ace5-375aff5f2007/datanode-2/data/ratis/aff19968-5e88-455a-a9e5-5840aaff3d5d] INFO  segmented.SegmentedRaftLogWorker (SegmentedRaftLogWorker.java:run(313)) - 3a4645e2-fe5f-4037-bc26-36547f186637-SegmentedRaftLogWorker:Storage Directory /workdir/hadoop-ozone/integration-test/target/test-dir/MiniOzoneClusterImpl-da9650cd-6fd3-441d-ace5-375aff5f2007/datanode-2/data/ratis/aff19968-5e88-455a-a9e5-5840aaff3d5d was interrupted, exiting. There are 0 tasks remaining in the queue.
2019-08-21 19:15:22,347 [3a4645e2-fe5f-4037-bc26-36547f186637-SegmentedRaftLogWorker:Storage Directory /workdir/hadoop-ozone/integration-test/target/test-dir/MiniOzoneClusterImpl-da9650cd-6fd3-441d-ace5-375aff5f2007/datanode-2/data/ratis/7e3495bf-5200-4073-805e-4b391d3d34f4] INFO  segmented.SegmentedRaftLogWorker (SegmentedRaftLogWorker.java:run(313)) - 3a4645e2-fe5f-4037-bc26-36547f186637-SegmentedRaftLogWorker:Storage Directory /workdir/hadoop-ozone/integration-test/target/test-dir/MiniOzoneClusterImpl-da9650cd-6fd3-441d-ace5-375aff5f2007/datanode-2/data/ratis/7e3495bf-5200-4073-805e-4b391d3d34f4 was interrupted, exiting. There are 0 tasks remaining in the queue.
2019-08-21 19:15:22,349 [ForkJoinPool.commonPool-worker-1] INFO  segmented.SegmentedRaftLogWorker (SegmentedRaftLogWorker.java:close(228)) - 3a4645e2-fe5f-4037-bc26-36547f186637-SegmentedRaftLogWorker:Storage Directory /workdir/hadoop-ozone/integration-test/target/test-dir/MiniOzoneClusterImpl-da9650cd-6fd3-441d-ace5-375aff5f2007/datanode-2/data/ratis/aff19968-5e88-455a-a9e5-5840aaff3d5d close()
2019-08-21 19:15:22,351 [Thread-334] INFO  segmented.SegmentedRaftLogWorker (SegmentedRaftLogWorker.java:close(228)) - 3a4645e2-fe5f-4037-bc26-36547f186637-SegmentedRaftLogWorker:Storage Directory /workdir/hadoop-ozone/integration-test/target/test-dir/MiniOzoneClusterImpl-da9650cd-6fd3-441d-ace5-375aff5f2007/datanode-2/data/ratis/7e3495bf-5200-4073-805e-4b391d3d34f4 close()
2019-08-21 19:15:22,352 [Thread-334] INFO  server.GrpcService (GrpcService.java:closeImpl(155)) - 3a4645e2-fe5f-4037-bc26-36547f186637: shutdown server with port 40661 now
2019-08-21 19:15:22,353 [Thread-334] INFO  server.GrpcService (GrpcService.java:closeImpl(163)) - 3a4645e2-fe5f-4037-bc26-36547f186637: shutdown server with port 40661 successfully
2019-08-21 19:15:22,354 [Thread-334] INFO  utils.BackgroundService (BackgroundService.java:shutdown(148)) - Shutting down service BlockDeletingService
2019-08-21 19:15:22,355 [refreshUsed-/workdir/hadoop-ozone/integration-test/target/test-dir/MiniOzoneClusterImpl-da9650cd-6fd3-441d-ace5-375aff5f2007/datanode-2/data/containers] WARN  fs.CachingGetSpaceUsed (CachingGetSpaceUsed.java:run(183)) - Thread Interrupted waiting to refresh disk information: sleep interrupted
2019-08-21 19:15:22,373 [Thread-334] INFO  statemachine.DatanodeStateMachine (DatanodeStateMachine.java:stopDaemon(395)) - Ozone container server stopped.
2019-08-21 19:15:22,374 [Thread-334] INFO  handler.ContextHandler (ContextHandler.java:doStop(910)) - Stopped o.e.j.w.WebAppContext@1a745b0d{/,null,UNAVAILABLE}{/hddsDatanode}
2019-08-21 19:15:22,375 [Thread-334] INFO  server.AbstractConnector (AbstractConnector.java:doStop(318)) - Stopped ServerConnector@2ac87ba3{HTTP/1.1,[http/1.1]}{0.0.0.0:0}
2019-08-21 19:15:22,375 [Thread-334] INFO  handler.ContextHandler (ContextHandler.java:doStop(910)) - Stopped o.e.j.s.ServletContextHandler@5d8a2c05{/static,jar:file:/home/user/.m2/repository/org/apache/hadoop/hadoop-hdds-container-service/0.5.0-SNAPSHOT/hadoop-hdds-container-service-0.5.0-SNAPSHOT.jar!/webapps/static,UNAVAILABLE}
2019-08-21 19:15:22,376 [Thread-334] INFO  handler.ContextHandler (ContextHandler.java:doStop(910)) - Stopped o.e.j.s.ServletContextHandler@5587d7de{/logs,file:///workdir/hadoop-ozone/integration-test/target/log,UNAVAILABLE}
2019-08-21 19:15:22,380 [Thread-334] INFO  impl.MetricsSystemImpl (MetricsSystemImpl.java:init(158)) - HddsDatanode metrics system started (again)
2019-08-21 19:15:22,422 [Thread-334] INFO  ozone.HddsDatanodeService (HddsDatanodeService.java:start(184)) - HddsDatanodeService host:pr-hdds-2002-6qlp9-457884439 ip:192.168.69.80
2019-08-21 19:15:22,424 [Thread-334] INFO  volume.VolumeUsage (VolumeUsage.java:loadScmUsed(144)) - Cached ScmUsed found for /workdir/hadoop-ozone/integration-test/target/test-dir/MiniOzoneClusterImpl-da9650cd-6fd3-441d-ace5-375aff5f2007/datanode-0/data/containers : 4096 
2019-08-21 19:15:22,425 [Thread-334] INFO  volume.HddsVolume (HddsVolume.java:<init>(176)) - Creating Volume: /workdir/hadoop-ozone/integration-test/target/test-dir/MiniOzoneClusterImpl-da9650cd-6fd3-441d-ace5-375aff5f2007/datanode-0/data/containers/hdds of  storage type : DISK and capacity : 1482555576320
2019-08-21 19:15:22,425 [Thread-334] INFO  volume.VolumeSet (VolumeSet.java:initializeVolumeSet(170)) - Added Volume : /workdir/hadoop-ozone/integration-test/target/test-dir/MiniOzoneClusterImpl-da9650cd-6fd3-441d-ace5-375aff5f2007/datanode-0/data/containers/hdds to VolumeSet
2019-08-21 19:15:22,425 [Thread-334] INFO  volume.ThrottledAsyncChecker (ThrottledAsyncChecker.java:schedule(140)) - Scheduling a check for org.apache.hadoop.ozone.container.common.volume.HddsVolume@54308e07
2019-08-21 19:15:22,426 [Thread-334] INFO  volume.HddsVolumeChecker (HddsVolumeChecker.java:checkAllVolumes(203)) - Scheduled health check for volume org.apache.hadoop.ozone.container.common.volume.HddsVolume@54308e07
2019-08-21 19:15:22,443 [Thread-334] INFO  impl.RaftServerProxy (ConfUtils.java:logGet(43)) - raft.rpc.type = GRPC (default)
2019-08-21 19:15:22,443 [Thread-334] INFO  grpc.GrpcFactory (GrpcFactory.java:checkPooledByteBufAllocatorUseCacheForAllThreads(45)) - PERFORMANCE WARNING: useCacheForAllThreads is true that may cause Netty to create a lot garbage objects and, as a result, trigger GC.
	It is recommended to disable useCacheForAllThreads by setting -Dorg.apache.ratis.thirdparty.io.netty.allocator.useCacheForAllThreads=false in command line.
2019-08-21 19:15:22,444 [Thread-334] INFO  grpc.GrpcConfigKeys$Server (ConfUtils.java:logGet(43)) - raft.grpc.server.port = 41152 (custom)
2019-08-21 19:15:22,444 [Thread-334] INFO  server.GrpcService (ConfUtils.java:logGet(43)) - raft.grpc.message.size.max = 33570816 (custom)
2019-08-21 19:15:22,444 [Thread-334] INFO  server.RaftServerConfigKeys (ConfUtils.java:logGet(43)) - raft.server.log.appender.buffer.byte-limit = 33554432 (custom)
2019-08-21 19:15:22,444 [Thread-334] INFO  server.GrpcService (ConfUtils.java:logGet(43)) - raft.grpc.flow.control.window = 1MB (=1048576) (default)
2019-08-21 19:15:22,444 [Thread-334] INFO  server.RaftServerConfigKeys (ConfUtils.java:logGet(43)) - raft.server.rpc.request.timeout = 3000ms (default)
2019-08-21 19:15:22,445 [Thread-334] INFO  server.RaftServerConfigKeys (ConfUtils.java:logGet(43)) - raft.server.storage.dir = [/workdir/hadoop-ozone/integration-test/target/test-dir/MiniOzoneClusterImpl-da9650cd-6fd3-441d-ace5-375aff5f2007/datanode-0/data/ratis] (custom)
2019-08-21 19:15:22,445 [Thread-334] INFO  impl.RaftServerProxy (RaftServerProxy.java:lambda$null$0(191)) - a3f6fd5f-9e33-4809-b62b-285069cd76bb: found a subdirectory /workdir/hadoop-ozone/integration-test/target/test-dir/MiniOzoneClusterImpl-da9650cd-6fd3-441d-ace5-375aff5f2007/datanode-0/data/ratis/aff19968-5e88-455a-a9e5-5840aaff3d5d
2019-08-21 19:15:22,446 [Thread-334] INFO  impl.RaftServerProxy (RaftServerProxy.java:addNew(89)) - a3f6fd5f-9e33-4809-b62b-285069cd76bb: addNew group-5840AAFF3D5D:[] returns group-5840AAFF3D5D:java.util.concurrent.CompletableFuture@408895ba[Not completed]
2019-08-21 19:15:22,446 [Thread-334] INFO  impl.RaftServerProxy (RaftServerProxy.java:lambda$null$0(191)) - a3f6fd5f-9e33-4809-b62b-285069cd76bb: found a subdirectory /workdir/hadoop-ozone/integration-test/target/test-dir/MiniOzoneClusterImpl-da9650cd-6fd3-441d-ace5-375aff5f2007/datanode-0/data/ratis/f1b510b9-44ae-4617-926e-0b3e927dc9f2
2019-08-21 19:15:22,447 [Thread-334] INFO  impl.RaftServerProxy (RaftServerProxy.java:addNew(89)) - a3f6fd5f-9e33-4809-b62b-285069cd76bb: addNew group-0B3E927DC9F2:[] returns group-0B3E927DC9F2:java.util.concurrent.CompletableFuture@27972c75[Not completed]
2019-08-21 19:15:22,447 [Thread-334] INFO  replication.SimpleContainerDownloader (SimpleContainerDownloader.java:<init>(72)) - Starting container downloader service to copy containers to replicate.
2019-08-21 19:15:22,449 [pool-148-thread-1] INFO  impl.RaftServerImpl (RaftServerImpl.java:<init>(93)) - a3f6fd5f-9e33-4809-b62b-285069cd76bb: new RaftServerImpl for group-5840AAFF3D5D:[] with ContainerStateMachine:uninitialized
2019-08-21 19:15:22,449 [Thread-334] INFO  hdfs.DFSUtil (DFSUtil.java:httpServerTemplateForNNAndJN(1641)) - Starting Web-server for hddsDatanode at: http://0.0.0.0:37191
2019-08-21 19:15:22,449 [pool-148-thread-1] INFO  server.RaftServerConfigKeys (ConfUtils.java:logGet(43)) - raft.server.rpc.timeout.min = 5s (custom)
2019-08-21 19:15:22,450 [pool-148-thread-1] INFO  server.RaftServerConfigKeys (ConfUtils.java:logGet(43)) - raft.server.rpc.timeout.max = 5200ms (custom)
2019-08-21 19:15:22,450 [pool-148-thread-1] INFO  server.RaftServerConfigKeys (ConfUtils.java:logGet(43)) - raft.server.rpcslowness.timeout = 120s (custom)
2019-08-21 19:15:22,450 [pool-148-thread-1] INFO  server.RaftServerConfigKeys (ConfUtils.java:logGet(43)) - raft.server.sleep.deviation.threshold = 300 (default)
2019-08-21 19:15:22,450 [pool-148-thread-1] INFO  server.RaftServerConfigKeys (ConfUtils.java:logGet(43)) - raft.server.log.appender.install.snapshot.enabled = false (custom)
2019-08-21 19:15:22,450 [pool-148-thread-1] INFO  impl.RaftServerImpl (ServerState.java:<init>(105)) - a3f6fd5f-9e33-4809-b62b-285069cd76bb:group-5840AAFF3D5D ConfigurationManager, init=-1: [], old=null, confs=<EMPTY_MAP>
2019-08-21 19:15:22,450 [pool-148-thread-1] INFO  server.RaftServerConfigKeys (ConfUtils.java:logGet(43)) - raft.server.storage.dir = [/workdir/hadoop-ozone/integration-test/target/test-dir/MiniOzoneClusterImpl-da9650cd-6fd3-441d-ace5-375aff5f2007/datanode-0/data/ratis] (custom)
2019-08-21 19:15:22,451 [Thread-334] INFO  server.AuthenticationFilter (AuthenticationFilter.java:constructSecretProvider(240)) - Unable to initialize FileSignerSecretProvider, falling back to use random secrets.
2019-08-21 19:15:22,452 [Thread-334] WARN  http.HttpRequestLog (HttpRequestLog.java:getRequestLog(97)) - Jetty request log can only be enabled using Log4j
2019-08-21 19:15:22,454 [Thread-334] INFO  http.HttpServer2 (HttpServer2.java:addGlobalFilter(975)) - Added global filter 'safety' (class=org.apache.hadoop.http.HttpServer2$QuotingInputFilter)
2019-08-21 19:15:22,455 [Thread-334] INFO  http.HttpServer2 (HttpServer2.java:addFilter(948)) - Added filter static_user_filter (class=org.apache.hadoop.http.lib.StaticUserWebFilter$StaticUserFilter) to context hddsDatanode
2019-08-21 19:15:22,455 [Thread-334] INFO  http.HttpServer2 (HttpServer2.java:addFilter(958)) - Added filter static_user_filter (class=org.apache.hadoop.http.lib.StaticUserWebFilter$StaticUserFilter) to context logs
2019-08-21 19:15:22,456 [Thread-334] INFO  http.HttpServer2 (HttpServer2.java:addFilter(958)) - Added filter static_user_filter (class=org.apache.hadoop.http.lib.StaticUserWebFilter$StaticUserFilter) to context static
2019-08-21 19:15:22,457 [Thread-334] INFO  http.HttpServer2 (HttpServer2.java:bindListener(1191)) - Jetty bound to port 37191
2019-08-21 19:15:22,457 [Thread-334] INFO  server.Server (Server.java:doStart(351)) - jetty-9.3.24.v20180605, build timestamp: 2018-06-05T17:11:56Z, git hash: 84205aa28f11a4f31f2a3b86d1bba2cc8ab69827
2019-08-21 19:15:22,459 [Thread-334] INFO  handler.ContextHandler (ContextHandler.java:doStart(781)) - Started o.e.j.s.ServletContextHandler@2d3533d2{/logs,file:///workdir/hadoop-ozone/integration-test/target/log,AVAILABLE}
2019-08-21 19:15:22,460 [Thread-334] INFO  handler.ContextHandler (ContextHandler.java:doStart(781)) - Started o.e.j.s.ServletContextHandler@60ad1ae0{/static,jar:file:/home/user/.m2/repository/org/apache/hadoop/hadoop-hdds-container-service/0.5.0-SNAPSHOT/hadoop-hdds-container-service-0.5.0-SNAPSHOT.jar!/webapps/static,AVAILABLE}
2019-08-21 19:15:22,464 [pool-148-thread-1] INFO  storage.RaftStorageDirectory (RaftStorageDirectory.java:tryLock(328)) - Lock on /workdir/hadoop-ozone/integration-test/target/test-dir/MiniOzoneClusterImpl-da9650cd-6fd3-441d-ace5-375aff5f2007/datanode-0/data/ratis/aff19968-5e88-455a-a9e5-5840aaff3d5d/in_use.lock acquired by nodename 23490@pr-hdds-2002-6qlp9-457884439
2019-08-21 19:15:22,465 [pool-148-thread-1] INFO  ratis.ContainerStateMachine (ContainerStateMachine.java:loadSnapshot(226)) - group-5840AAFF3D5D: The snapshot info is null. Setting the last applied indexto:(t:0, i:~)
2019-08-21 19:15:22,465 [pool-148-thread-1] INFO  server.RaftServerConfigKeys (ConfUtils.java:logGet(43)) - raft.server.leader.election.timeout = 120s (custom)
2019-08-21 19:15:22,465 [pool-148-thread-1] INFO  server.RaftServerConfigKeys (ConfUtils.java:logGet(43)) - raft.server.log.use.memory = false (default)
2019-08-21 19:15:22,465 [pool-148-thread-1] INFO  server.RaftServerConfigKeys (ConfUtils.java:logGet(43)) - raft.server.log.purge.gap = 1000000 (custom)
2019-08-21 19:15:22,466 [pool-148-thread-1] INFO  server.RaftServerConfigKeys (ConfUtils.java:logGet(43)) - raft.server.log.appender.buffer.byte-limit = 33554432 (custom)
2019-08-21 19:15:22,466 [pool-148-thread-1] INFO  server.RaftServerConfigKeys (ConfUtils.java:logGet(43)) - raft.server.log.segment.size.max = 1048576 (custom)
2019-08-21 19:15:22,466 [pool-148-thread-1] INFO  server.RaftServerConfigKeys (ConfUtils.java:logGet(43)) - raft.server.log.segment.cache.num.max = 2 (custom)
2019-08-21 19:15:22,466 [pool-148-thread-1] INFO  segmented.SegmentedRaftLogWorker (SegmentedRaftLogWorker.java:<init>(172)) - new a3f6fd5f-9e33-4809-b62b-285069cd76bb-SegmentedRaftLogWorker:Storage Directory /workdir/hadoop-ozone/integration-test/target/test-dir/MiniOzoneClusterImpl-da9650cd-6fd3-441d-ace5-375aff5f2007/datanode-0/data/ratis/aff19968-5e88-455a-a9e5-5840aaff3d5d for RaftStorage:Storage Directory /workdir/hadoop-ozone/integration-test/target/test-dir/MiniOzoneClusterImpl-da9650cd-6fd3-441d-ace5-375aff5f2007/datanode-0/data/ratis/aff19968-5e88-455a-a9e5-5840aaff3d5d
2019-08-21 19:15:22,466 [pool-148-thread-1] INFO  server.RaftServerConfigKeys (ConfUtils.java:logGet(43)) - raft.server.log.queue.byte-limit = 2147483647 (custom)
2019-08-21 19:15:22,467 [pool-148-thread-1] INFO  server.RaftServerConfigKeys (ConfUtils.java:logGet(43)) - raft.server.log.queue.element-limit = 1024 (custom)
2019-08-21 19:15:22,467 [pool-148-thread-1] INFO  server.RaftServerConfigKeys (ConfUtils.java:logGet(43)) - raft.server.log.segment.size.max = 1048576 (custom)
2019-08-21 19:15:22,467 [pool-148-thread-1] INFO  server.RaftServerConfigKeys (ConfUtils.java:logGet(43)) - raft.server.log.preallocated.size = 16384 (custom)
2019-08-21 19:15:22,467 [pool-148-thread-1] INFO  server.RaftServerConfigKeys (ConfUtils.java:logGet(43)) - raft.server.log.write.buffer.size = 33554432 (custom)
2019-08-21 19:15:22,467 [pool-148-thread-1] INFO  server.RaftServerConfigKeys (ConfUtils.java:logGet(43)) - raft.server.log.force.sync.num = 128 (default)
2019-08-21 19:15:22,467 [pool-148-thread-1] INFO  server.RaftServerConfigKeys (ConfUtils.java:logGet(43)) - raft.server.log.statemachine.data.sync = true (default)
2019-08-21 19:15:22,467 [pool-148-thread-1] INFO  server.RaftServerConfigKeys (ConfUtils.java:logGet(43)) - raft.server.log.statemachine.data.sync.timeout = 10s (default)
2019-08-21 19:15:22,468 [pool-148-thread-1] INFO  server.RaftServerConfigKeys (ConfUtils.java:logGet(43)) - raft.server.log.statemachine.data.sync.timeout.retry = -1 (default)
2019-08-21 19:15:22,468 [pool-148-thread-1] INFO  server.RaftServerConfigKeys (ConfUtils.java:logGet(43)) - raft.server.log.statemachine.data.caching.enabled = true (custom)
2019-08-21 19:15:22,471 [EventQueue-StaleNodeForStaleNodeHandler] INFO  node.StaleNodeHandler (StaleNodeHandler.java:onMessage(58)) - Datanode 3a4645e2-fe5f-4037-bc26-36547f186637{ip: 192.168.69.80, host: pr-hdds-2002-6qlp9-457884439, networkLocation: /default-rack, certSerialId: null} moved to stale state. Finalizing its pipelines [PipelineID=7e3495bf-5200-4073-805e-4b391d3d34f4, PipelineID=aff19968-5e88-455a-a9e5-5840aaff3d5d]
2019-08-21 19:15:22,471 [EventQueue-StaleNodeForStaleNodeHandler] INFO  pipeline.SCMPipelineManager (SCMPipelineManager.java:finalizeAndDestroyPipeline(309)) - destroying pipeline:Pipeline[ Id: 7e3495bf-5200-4073-805e-4b391d3d34f4, Nodes: 3a4645e2-fe5f-4037-bc26-36547f186637{ip: 192.168.69.80, host: pr-hdds-2002-6qlp9-457884439, networkLocation: /default-rack, certSerialId: null}, Type:RATIS, Factor:ONE, State:OPEN]
2019-08-21 19:15:22,472 [EventQueue-StaleNodeForStaleNodeHandler] INFO  pipeline.PipelineStateManager (PipelineStateManager.java:finalizePipeline(123)) - Pipeline Pipeline[ Id: 7e3495bf-5200-4073-805e-4b391d3d34f4, Nodes: 3a4645e2-fe5f-4037-bc26-36547f186637{ip: 192.168.69.80, host: pr-hdds-2002-6qlp9-457884439, networkLocation: /default-rack, certSerialId: null}, Type:RATIS, Factor:ONE, State:CLOSED] moved to CLOSED state
2019-08-21 19:15:22,472 [EventQueue-StaleNodeForStaleNodeHandler] INFO  pipeline.SCMPipelineManager (SCMPipelineManager.java:finalizeAndDestroyPipeline(309)) - destroying pipeline:Pipeline[ Id: aff19968-5e88-455a-a9e5-5840aaff3d5d, Nodes: 3a4645e2-fe5f-4037-bc26-36547f186637{ip: 192.168.69.80, host: pr-hdds-2002-6qlp9-457884439, networkLocation: /default-rack, certSerialId: null}aaf6dc24-a38a-4a1e-b0cd-0cf0bb7e14c3{ip: 192.168.69.80, host: pr-hdds-2002-6qlp9-457884439, networkLocation: /default-rack, certSerialId: null}a3f6fd5f-9e33-4809-b62b-285069cd76bb{ip: 192.168.69.80, host: pr-hdds-2002-6qlp9-457884439, networkLocation: /default-rack, certSerialId: null}, Type:RATIS, Factor:THREE, State:CLOSED]
2019-08-21 19:15:22,475 [pool-148-thread-1] INFO  impl.RaftServerImpl (ServerState.java:setRaftConf(361)) - a3f6fd5f-9e33-4809-b62b-285069cd76bb:group-5840AAFF3D5D set configuration 0: [a3f6fd5f-9e33-4809-b62b-285069cd76bb:192.168.69.80:41152, 3a4645e2-fe5f-4037-bc26-36547f186637:192.168.69.80:40661, aaf6dc24-a38a-4a1e-b0cd-0cf0bb7e14c3:192.168.69.80:41359], old=null at 0
2019-08-21 19:15:22,476 [pool-148-thread-1] INFO  segmented.LogSegment (LogSegment.java:loadSegment(145)) - Successfully read 1 entries from segment file /workdir/hadoop-ozone/integration-test/target/test-dir/MiniOzoneClusterImpl-da9650cd-6fd3-441d-ace5-375aff5f2007/datanode-0/data/ratis/aff19968-5e88-455a-a9e5-5840aaff3d5d/current/log_inprogress_0
2019-08-21 19:15:22,476 [pool-148-thread-1] INFO  segmented.SegmentedRaftLogWorker (SegmentedRaftLogWorker.java:lambda$new$0(132)) - a3f6fd5f-9e33-4809-b62b-285069cd76bb-SegmentedRaftLogWorker:Storage Directory /workdir/hadoop-ozone/integration-test/target/test-dir/MiniOzoneClusterImpl-da9650cd-6fd3-441d-ace5-375aff5f2007/datanode-0/data/ratis/aff19968-5e88-455a-a9e5-5840aaff3d5d: flushIndex: setUnconditionally 0 -> 0
2019-08-21 19:15:22,491 [Thread-334] INFO  handler.ContextHandler (ContextHandler.java:doStart(781)) - Started o.e.j.w.WebAppContext@2a143faa{/,file:///tmp/jetty-0.0.0.0-37191-hddsDatanode-_-any-712075557940187532.dir/webapp/,AVAILABLE}{/hddsDatanode}
2019-08-21 19:15:22,506 [Thread-334] INFO  server.AbstractConnector (AbstractConnector.java:doStart(278)) - Started ServerConnector@39141e19{HTTP/1.1,[http/1.1]}{0.0.0.0:37191}
2019-08-21 19:15:22,507 [Thread-334] INFO  server.Server (Server.java:doStart(419)) - Started @54293ms
2019-08-21 19:15:22,507 [pool-148-thread-1] INFO  server.RaftServerConfigKeys (ConfUtils.java:logGet(43)) - raft.server.snapshot.auto.trigger.enabled = true (custom)
2019-08-21 19:15:22,507 [pool-148-thread-1] INFO  server.RaftServerConfigKeys (ConfUtils.java:logGet(43)) - raft.server.snapshot.auto.trigger.threshold = 10000 (custom)
2019-08-21 19:15:22,507 [pool-148-thread-1] INFO  server.RaftServerConfigKeys (ConfUtils.java:logGet(43)) - raft.server.retrycache.expirytime = 600000ms (custom)
2019-08-21 19:15:22,508 [Thread-334] INFO  server.BaseHttpServer (BaseHttpServer.java:updateConnectorAddress(213)) - HTTP server of HDDSDATANODE is listening at http://0.0.0.0:37191
2019-08-21 19:15:22,509 [pool-148-thread-1] INFO  impl.RaftServerImpl (RaftServerImpl.java:<init>(93)) - a3f6fd5f-9e33-4809-b62b-285069cd76bb: new RaftServerImpl for group-0B3E927DC9F2:[] with ContainerStateMachine:uninitialized
2019-08-21 19:15:22,509 [pool-148-thread-1] INFO  server.RaftServerConfigKeys (ConfUtils.java:logGet(43)) - raft.server.rpc.timeout.min = 5s (custom)
2019-08-21 19:15:22,510 [pool-148-thread-1] INFO  server.RaftServerConfigKeys (ConfUtils.java:logGet(43)) - raft.server.rpc.timeout.max = 5200ms (custom)
2019-08-21 19:15:22,510 [pool-148-thread-1] INFO  server.RaftServerConfigKeys (ConfUtils.java:logGet(43)) - raft.server.rpcslowness.timeout = 120s (custom)
2019-08-21 19:15:22,510 [pool-148-thread-1] INFO  server.RaftServerConfigKeys (ConfUtils.java:logGet(43)) - raft.server.sleep.deviation.threshold = 300 (default)
2019-08-21 19:15:22,510 [pool-148-thread-1] INFO  server.RaftServerConfigKeys (ConfUtils.java:logGet(43)) - raft.server.log.appender.install.snapshot.enabled = false (custom)
2019-08-21 19:15:22,510 [pool-148-thread-1] INFO  impl.RaftServerImpl (ServerState.java:<init>(105)) - a3f6fd5f-9e33-4809-b62b-285069cd76bb:group-0B3E927DC9F2 ConfigurationManager, init=-1: [], old=null, confs=<EMPTY_MAP>
2019-08-21 19:15:22,511 [pool-148-thread-1] INFO  server.RaftServerConfigKeys (ConfUtils.java:logGet(43)) - raft.server.storage.dir = [/workdir/hadoop-ozone/integration-test/target/test-dir/MiniOzoneClusterImpl-da9650cd-6fd3-441d-ace5-375aff5f2007/datanode-0/data/ratis] (custom)
2019-08-21 19:15:22,523 [pool-148-thread-1] INFO  storage.RaftStorageDirectory (RaftStorageDirectory.java:tryLock(328)) - Lock on /workdir/hadoop-ozone/integration-test/target/test-dir/MiniOzoneClusterImpl-da9650cd-6fd3-441d-ace5-375aff5f2007/datanode-0/data/ratis/f1b510b9-44ae-4617-926e-0b3e927dc9f2/in_use.lock acquired by nodename 23490@pr-hdds-2002-6qlp9-457884439
2019-08-21 19:15:22,524 [pool-148-thread-1] INFO  ratis.ContainerStateMachine (ContainerStateMachine.java:loadSnapshot(226)) - group-0B3E927DC9F2: The snapshot info is null. Setting the last applied indexto:(t:0, i:~)
2019-08-21 19:15:22,524 [pool-148-thread-1] INFO  server.RaftServerConfigKeys (ConfUtils.java:logGet(43)) - raft.server.leader.election.timeout = 120s (custom)
2019-08-21 19:15:22,524 [pool-148-thread-1] INFO  server.RaftServerConfigKeys (ConfUtils.java:logGet(43)) - raft.server.log.use.memory = false (default)
2019-08-21 19:15:22,524 [pool-148-thread-1] INFO  server.RaftServerConfigKeys (ConfUtils.java:logGet(43)) - raft.server.log.purge.gap = 1000000 (custom)
2019-08-21 19:15:22,524 [pool-148-thread-1] INFO  server.RaftServerConfigKeys (ConfUtils.java:logGet(43)) - raft.server.log.appender.buffer.byte-limit = 33554432 (custom)
2019-08-21 19:15:22,524 [pool-148-thread-1] INFO  server.RaftServerConfigKeys (ConfUtils.java:logGet(43)) - raft.server.log.segment.size.max = 1048576 (custom)
2019-08-21 19:15:22,525 [pool-148-thread-1] INFO  server.RaftServerConfigKeys (ConfUtils.java:logGet(43)) - raft.server.log.segment.cache.num.max = 2 (custom)
2019-08-21 19:15:22,525 [pool-148-thread-1] INFO  segmented.SegmentedRaftLogWorker (SegmentedRaftLogWorker.java:<init>(172)) - new a3f6fd5f-9e33-4809-b62b-285069cd76bb-SegmentedRaftLogWorker:Storage Directory /workdir/hadoop-ozone/integration-test/target/test-dir/MiniOzoneClusterImpl-da9650cd-6fd3-441d-ace5-375aff5f2007/datanode-0/data/ratis/f1b510b9-44ae-4617-926e-0b3e927dc9f2 for RaftStorage:Storage Directory /workdir/hadoop-ozone/integration-test/target/test-dir/MiniOzoneClusterImpl-da9650cd-6fd3-441d-ace5-375aff5f2007/datanode-0/data/ratis/f1b510b9-44ae-4617-926e-0b3e927dc9f2
2019-08-21 19:15:22,525 [pool-148-thread-1] INFO  server.RaftServerConfigKeys (ConfUtils.java:logGet(43)) - raft.server.log.queue.byte-limit = 2147483647 (custom)
2019-08-21 19:15:22,525 [pool-148-thread-1] INFO  server.RaftServerConfigKeys (ConfUtils.java:logGet(43)) - raft.server.log.queue.element-limit = 1024 (custom)
2019-08-21 19:15:22,525 [pool-148-thread-1] INFO  server.RaftServerConfigKeys (ConfUtils.java:logGet(43)) - raft.server.log.segment.size.max = 1048576 (custom)
2019-08-21 19:15:22,526 [pool-148-thread-1] INFO  server.RaftServerConfigKeys (ConfUtils.java:logGet(43)) - raft.server.log.preallocated.size = 16384 (custom)
2019-08-21 19:15:22,526 [pool-148-thread-1] INFO  server.RaftServerConfigKeys (ConfUtils.java:logGet(43)) - raft.server.log.write.buffer.size = 33554432 (custom)
2019-08-21 19:15:22,526 [pool-148-thread-1] INFO  server.RaftServerConfigKeys (ConfUtils.java:logGet(43)) - raft.server.log.force.sync.num = 128 (default)
2019-08-21 19:15:22,526 [pool-148-thread-1] INFO  server.RaftServerConfigKeys (ConfUtils.java:logGet(43)) - raft.server.log.statemachine.data.sync = true (default)
2019-08-21 19:15:22,526 [pool-148-thread-1] INFO  server.RaftServerConfigKeys (ConfUtils.java:logGet(43)) - raft.server.log.statemachine.data.sync.timeout = 10s (default)
2019-08-21 19:15:22,526 [pool-148-thread-1] INFO  server.RaftServerConfigKeys (ConfUtils.java:logGet(43)) - raft.server.log.statemachine.data.sync.timeout.retry = -1 (default)
2019-08-21 19:15:22,527 [pool-148-thread-1] INFO  server.RaftServerConfigKeys (ConfUtils.java:logGet(43)) - raft.server.log.statemachine.data.caching.enabled = true (custom)
2019-08-21 19:15:22,527 [pool-148-thread-1] INFO  impl.RaftServerImpl (ServerState.java:setRaftConf(361)) - a3f6fd5f-9e33-4809-b62b-285069cd76bb:group-0B3E927DC9F2 set configuration 0: [a3f6fd5f-9e33-4809-b62b-285069cd76bb:192.168.69.80:41152], old=null at 0
2019-08-21 19:15:22,528 [pool-148-thread-1] INFO  segmented.LogSegment (LogSegment.java:loadSegment(145)) - Successfully read 1 entries from segment file /workdir/hadoop-ozone/integration-test/target/test-dir/MiniOzoneClusterImpl-da9650cd-6fd3-441d-ace5-375aff5f2007/datanode-0/data/ratis/f1b510b9-44ae-4617-926e-0b3e927dc9f2/current/log_inprogress_0
2019-08-21 19:15:22,528 [pool-148-thread-1] INFO  segmented.SegmentedRaftLogWorker (SegmentedRaftLogWorker.java:lambda$new$0(132)) - a3f6fd5f-9e33-4809-b62b-285069cd76bb-SegmentedRaftLogWorker:Storage Directory /workdir/hadoop-ozone/integration-test/target/test-dir/MiniOzoneClusterImpl-da9650cd-6fd3-441d-ace5-375aff5f2007/datanode-0/data/ratis/f1b510b9-44ae-4617-926e-0b3e927dc9f2: flushIndex: setUnconditionally 0 -> 0
2019-08-21 19:15:22,562 [pool-148-thread-1] INFO  server.RaftServerConfigKeys (ConfUtils.java:logGet(43)) - raft.server.snapshot.auto.trigger.enabled = true (custom)
2019-08-21 19:15:22,562 [pool-148-thread-1] INFO  server.RaftServerConfigKeys (ConfUtils.java:logGet(43)) - raft.server.snapshot.auto.trigger.threshold = 10000 (custom)
2019-08-21 19:15:22,562 [pool-148-thread-1] INFO  server.RaftServerConfigKeys (ConfUtils.java:logGet(43)) - raft.server.retrycache.expirytime = 600000ms (custom)
2019-08-21 19:15:22,640 | INFO  | ObjectStoreRestHttpServer | Listening HDDS REST traffic on /0.0.0.0:43735 |  
2019-08-21 19:15:22,641 [Thread-334] INFO  ozone.HddsDatanodeService (HddsDatanodeService.java:startPlugins(395)) - Started plug-in org.apache.hadoop.ozone.web.OzoneHddsDatanodeService@70f62fbb
2019-08-21 19:15:22,642 [org.apache.hadoop.util.JvmPauseMonitor$Monitor@6e859f7c] INFO  util.JvmPauseMonitor (JvmPauseMonitor.java:run(188)) - Starting JVM pause monitor
2019-08-21 19:15:22,642 [Thread-334] INFO  impl.MetricsSystemImpl (MetricsSystemImpl.java:init(158)) - HddsDatanode metrics system started (again)
2019-08-21 19:15:22,646 [Thread-334] INFO  ozone.HddsDatanodeService (HddsDatanodeService.java:start(184)) - HddsDatanodeService host:pr-hdds-2002-6qlp9-457884439 ip:192.168.69.80
2019-08-21 19:15:22,647 [Thread-334] INFO  volume.VolumeUsage (VolumeUsage.java:loadScmUsed(144)) - Cached ScmUsed found for /workdir/hadoop-ozone/integration-test/target/test-dir/MiniOzoneClusterImpl-da9650cd-6fd3-441d-ace5-375aff5f2007/datanode-1/data/containers : 4096 
2019-08-21 19:15:22,648 [Thread-334] INFO  volume.HddsVolume (HddsVolume.java:<init>(176)) - Creating Volume: /workdir/hadoop-ozone/integration-test/target/test-dir/MiniOzoneClusterImpl-da9650cd-6fd3-441d-ace5-375aff5f2007/datanode-1/data/containers/hdds of  storage type : DISK and capacity : 1482555576320
2019-08-21 19:15:22,648 [Thread-334] INFO  volume.VolumeSet (VolumeSet.java:initializeVolumeSet(170)) - Added Volume : /workdir/hadoop-ozone/integration-test/target/test-dir/MiniOzoneClusterImpl-da9650cd-6fd3-441d-ace5-375aff5f2007/datanode-1/data/containers/hdds to VolumeSet
2019-08-21 19:15:22,648 [Thread-334] INFO  volume.ThrottledAsyncChecker (ThrottledAsyncChecker.java:schedule(140)) - Scheduling a check for org.apache.hadoop.ozone.container.common.volume.HddsVolume@111963f3
2019-08-21 19:15:22,648 [Thread-334] INFO  volume.HddsVolumeChecker (HddsVolumeChecker.java:checkAllVolumes(203)) - Scheduled health check for volume org.apache.hadoop.ozone.container.common.volume.HddsVolume@111963f3
2019-08-21 19:15:22,662 [Thread-334] INFO  impl.RaftServerProxy (ConfUtils.java:logGet(43)) - raft.rpc.type = GRPC (default)
2019-08-21 19:15:22,662 [Thread-334] INFO  grpc.GrpcFactory (GrpcFactory.java:checkPooledByteBufAllocatorUseCacheForAllThreads(45)) - PERFORMANCE WARNING: useCacheForAllThreads is true that may cause Netty to create a lot garbage objects and, as a result, trigger GC.
	It is recommended to disable useCacheForAllThreads by setting -Dorg.apache.ratis.thirdparty.io.netty.allocator.useCacheForAllThreads=false in command line.
2019-08-21 19:15:22,662 [Thread-334] INFO  grpc.GrpcConfigKeys$Server (ConfUtils.java:logGet(43)) - raft.grpc.server.port = 41359 (custom)
2019-08-21 19:15:22,662 [Thread-334] INFO  server.GrpcService (ConfUtils.java:logGet(43)) - raft.grpc.message.size.max = 33570816 (custom)
2019-08-21 19:15:22,663 [Thread-334] INFO  server.RaftServerConfigKeys (ConfUtils.java:logGet(43)) - raft.server.log.appender.buffer.byte-limit = 33554432 (custom)
2019-08-21 19:15:22,663 [Thread-334] INFO  server.GrpcService (ConfUtils.java:logGet(43)) - raft.grpc.flow.control.window = 1MB (=1048576) (default)
2019-08-21 19:15:22,663 [Thread-334] INFO  server.RaftServerConfigKeys (ConfUtils.java:logGet(43)) - raft.server.rpc.request.timeout = 3000ms (default)
2019-08-21 19:15:22,663 [Thread-334] INFO  server.RaftServerConfigKeys (ConfUtils.java:logGet(43)) - raft.server.storage.dir = [/workdir/hadoop-ozone/integration-test/target/test-dir/MiniOzoneClusterImpl-da9650cd-6fd3-441d-ace5-375aff5f2007/datanode-1/data/ratis] (custom)
2019-08-21 19:15:22,663 [Thread-334] INFO  impl.RaftServerProxy (RaftServerProxy.java:lambda$null$0(191)) - aaf6dc24-a38a-4a1e-b0cd-0cf0bb7e14c3: found a subdirectory /workdir/hadoop-ozone/integration-test/target/test-dir/MiniOzoneClusterImpl-da9650cd-6fd3-441d-ace5-375aff5f2007/datanode-1/data/ratis/aff19968-5e88-455a-a9e5-5840aaff3d5d
2019-08-21 19:15:22,664 [Thread-334] INFO  impl.RaftServerProxy (RaftServerProxy.java:addNew(89)) - aaf6dc24-a38a-4a1e-b0cd-0cf0bb7e14c3: addNew group-5840AAFF3D5D:[] returns group-5840AAFF3D5D:java.util.concurrent.CompletableFuture@3d3de44c[Not completed]
2019-08-21 19:15:22,664 [Thread-334] INFO  impl.RaftServerProxy (RaftServerProxy.java:lambda$null$0(191)) - aaf6dc24-a38a-4a1e-b0cd-0cf0bb7e14c3: found a subdirectory /workdir/hadoop-ozone/integration-test/target/test-dir/MiniOzoneClusterImpl-da9650cd-6fd3-441d-ace5-375aff5f2007/datanode-1/data/ratis/b22424ea-95c9-48f2-8656-3af90ea45ab2
2019-08-21 19:15:22,664 [Thread-334] INFO  impl.RaftServerProxy (RaftServerProxy.java:addNew(89)) - aaf6dc24-a38a-4a1e-b0cd-0cf0bb7e14c3: addNew group-3AF90EA45AB2:[] returns group-3AF90EA45AB2:java.util.concurrent.CompletableFuture@679da717[Not completed]
2019-08-21 19:15:22,665 [Thread-334] INFO  replication.SimpleContainerDownloader (SimpleContainerDownloader.java:<init>(72)) - Starting container downloader service to copy containers to replicate.
2019-08-21 19:15:22,666 [Thread-334] INFO  hdfs.DFSUtil (DFSUtil.java:httpServerTemplateForNNAndJN(1641)) - Starting Web-server for hddsDatanode at: http://0.0.0.0:46784
2019-08-21 19:15:22,667 [pool-159-thread-1] INFO  impl.RaftServerImpl (RaftServerImpl.java:<init>(93)) - aaf6dc24-a38a-4a1e-b0cd-0cf0bb7e14c3: new RaftServerImpl for group-5840AAFF3D5D:[] with ContainerStateMachine:uninitialized
2019-08-21 19:15:22,668 [pool-159-thread-1] INFO  server.RaftServerConfigKeys (ConfUtils.java:logGet(43)) - raft.server.rpc.timeout.min = 5s (custom)
2019-08-21 19:15:22,668 [pool-159-thread-1] INFO  server.RaftServerConfigKeys (ConfUtils.java:logGet(43)) - raft.server.rpc.timeout.max = 5200ms (custom)
2019-08-21 19:15:22,668 [pool-159-thread-1] INFO  server.RaftServerConfigKeys (ConfUtils.java:logGet(43)) - raft.server.rpcslowness.timeout = 120s (custom)
2019-08-21 19:15:22,668 [pool-159-thread-1] INFO  server.RaftServerConfigKeys (ConfUtils.java:logGet(43)) - raft.server.sleep.deviation.threshold = 300 (default)
2019-08-21 19:15:22,668 [pool-159-thread-1] INFO  server.RaftServerConfigKeys (ConfUtils.java:logGet(43)) - raft.server.log.appender.install.snapshot.enabled = false (custom)
2019-08-21 19:15:22,668 [Thread-334] INFO  server.AuthenticationFilter (AuthenticationFilter.java:constructSecretProvider(240)) - Unable to initialize FileSignerSecretProvider, falling back to use random secrets.
2019-08-21 19:15:22,668 [pool-159-thread-1] INFO  impl.RaftServerImpl (ServerState.java:<init>(105)) - aaf6dc24-a38a-4a1e-b0cd-0cf0bb7e14c3:group-5840AAFF3D5D ConfigurationManager, init=-1: [], old=null, confs=<EMPTY_MAP>
2019-08-21 19:15:22,669 [pool-159-thread-1] INFO  server.RaftServerConfigKeys (ConfUtils.java:logGet(43)) - raft.server.storage.dir = [/workdir/hadoop-ozone/integration-test/target/test-dir/MiniOzoneClusterImpl-da9650cd-6fd3-441d-ace5-375aff5f2007/datanode-1/data/ratis] (custom)
2019-08-21 19:15:22,669 [Thread-334] WARN  http.HttpRequestLog (HttpRequestLog.java:getRequestLog(97)) - Jetty request log can only be enabled using Log4j
2019-08-21 19:15:22,670 [Thread-334] INFO  http.HttpServer2 (HttpServer2.java:addGlobalFilter(975)) - Added global filter 'safety' (class=org.apache.hadoop.http.HttpServer2$QuotingInputFilter)
2019-08-21 19:15:22,670 [Thread-334] INFO  http.HttpServer2 (HttpServer2.java:addFilter(948)) - Added filter static_user_filter (class=org.apache.hadoop.http.lib.StaticUserWebFilter$StaticUserFilter) to context hddsDatanode
2019-08-21 19:15:22,671 [Thread-334] INFO  http.HttpServer2 (HttpServer2.java:addFilter(958)) - Added filter static_user_filter (class=org.apache.hadoop.http.lib.StaticUserWebFilter$StaticUserFilter) to context static
2019-08-21 19:15:22,671 [Thread-334] INFO  http.HttpServer2 (HttpServer2.java:addFilter(958)) - Added filter static_user_filter (class=org.apache.hadoop.http.lib.StaticUserWebFilter$StaticUserFilter) to context logs
2019-08-21 19:15:22,671 [Thread-334] INFO  http.HttpServer2 (HttpServer2.java:bindListener(1191)) - Jetty bound to port 46784
2019-08-21 19:15:22,671 [Thread-334] INFO  server.Server (Server.java:doStart(351)) - jetty-9.3.24.v20180605, build timestamp: 2018-06-05T17:11:56Z, git hash: 84205aa28f11a4f31f2a3b86d1bba2cc8ab69827
2019-08-21 19:15:22,673 [Thread-334] INFO  handler.ContextHandler (ContextHandler.java:doStart(781)) - Started o.e.j.s.ServletContextHandler@5d41a75e{/logs,file:///workdir/hadoop-ozone/integration-test/target/log,AVAILABLE}
2019-08-21 19:15:22,673 [Thread-334] INFO  handler.ContextHandler (ContextHandler.java:doStart(781)) - Started o.e.j.s.ServletContextHandler@2a551a25{/static,jar:file:/home/user/.m2/repository/org/apache/hadoop/hadoop-hdds-container-service/0.5.0-SNAPSHOT/hadoop-hdds-container-service-0.5.0-SNAPSHOT.jar!/webapps/static,AVAILABLE}
2019-08-21 19:15:22,682 [pool-159-thread-1] INFO  storage.RaftStorageDirectory (RaftStorageDirectory.java:tryLock(328)) - Lock on /workdir/hadoop-ozone/integration-test/target/test-dir/MiniOzoneClusterImpl-da9650cd-6fd3-441d-ace5-375aff5f2007/datanode-1/data/ratis/aff19968-5e88-455a-a9e5-5840aaff3d5d/in_use.lock acquired by nodename 23490@pr-hdds-2002-6qlp9-457884439
2019-08-21 19:15:22,683 [pool-159-thread-1] INFO  ratis.ContainerStateMachine (ContainerStateMachine.java:loadSnapshot(226)) - group-5840AAFF3D5D: The snapshot info is null. Setting the last applied indexto:(t:0, i:~)
2019-08-21 19:15:22,683 [pool-159-thread-1] INFO  server.RaftServerConfigKeys (ConfUtils.java:logGet(43)) - raft.server.leader.election.timeout = 120s (custom)
2019-08-21 19:15:22,683 [pool-159-thread-1] INFO  server.RaftServerConfigKeys (ConfUtils.java:logGet(43)) - raft.server.log.use.memory = false (default)
2019-08-21 19:15:22,683 [pool-159-thread-1] INFO  server.RaftServerConfigKeys (ConfUtils.java:logGet(43)) - raft.server.log.purge.gap = 1000000 (custom)
2019-08-21 19:15:22,683 [pool-159-thread-1] INFO  server.RaftServerConfigKeys (ConfUtils.java:logGet(43)) - raft.server.log.appender.buffer.byte-limit = 33554432 (custom)
2019-08-21 19:15:22,683 [pool-159-thread-1] INFO  server.RaftServerConfigKeys (ConfUtils.java:logGet(43)) - raft.server.log.segment.size.max = 1048576 (custom)
2019-08-21 19:15:22,684 [pool-159-thread-1] INFO  server.RaftServerConfigKeys (ConfUtils.java:logGet(43)) - raft.server.log.segment.cache.num.max = 2 (custom)
2019-08-21 19:15:22,684 [pool-159-thread-1] INFO  segmented.SegmentedRaftLogWorker (SegmentedRaftLogWorker.java:<init>(172)) - new aaf6dc24-a38a-4a1e-b0cd-0cf0bb7e14c3-SegmentedRaftLogWorker:Storage Directory /workdir/hadoop-ozone/integration-test/target/test-dir/MiniOzoneClusterImpl-da9650cd-6fd3-441d-ace5-375aff5f2007/datanode-1/data/ratis/aff19968-5e88-455a-a9e5-5840aaff3d5d for RaftStorage:Storage Directory /workdir/hadoop-ozone/integration-test/target/test-dir/MiniOzoneClusterImpl-da9650cd-6fd3-441d-ace5-375aff5f2007/datanode-1/data/ratis/aff19968-5e88-455a-a9e5-5840aaff3d5d
2019-08-21 19:15:22,684 [pool-159-thread-1] INFO  server.RaftServerConfigKeys (ConfUtils.java:logGet(43)) - raft.server.log.queue.byte-limit = 2147483647 (custom)
2019-08-21 19:15:22,684 [pool-159-thread-1] INFO  server.RaftServerConfigKeys (ConfUtils.java:logGet(43)) - raft.server.log.queue.element-limit = 1024 (custom)
2019-08-21 19:15:22,684 [pool-159-thread-1] INFO  server.RaftServerConfigKeys (ConfUtils.java:logGet(43)) - raft.server.log.segment.size.max = 1048576 (custom)
2019-08-21 19:15:22,684 [pool-159-thread-1] INFO  server.RaftServerConfigKeys (ConfUtils.java:logGet(43)) - raft.server.log.preallocated.size = 16384 (custom)
2019-08-21 19:15:22,684 [pool-159-thread-1] INFO  server.RaftServerConfigKeys (ConfUtils.java:logGet(43)) - raft.server.log.write.buffer.size = 33554432 (custom)
2019-08-21 19:15:22,684 [pool-159-thread-1] INFO  server.RaftServerConfigKeys (ConfUtils.java:logGet(43)) - raft.server.log.force.sync.num = 128 (default)
2019-08-21 19:15:22,685 [pool-159-thread-1] INFO  server.RaftServerConfigKeys (ConfUtils.java:logGet(43)) - raft.server.log.statemachine.data.sync = true (default)
2019-08-21 19:15:22,685 [pool-159-thread-1] INFO  server.RaftServerConfigKeys (ConfUtils.java:logGet(43)) - raft.server.log.statemachine.data.sync.timeout = 10s (default)
2019-08-21 19:15:22,685 [pool-159-thread-1] INFO  server.RaftServerConfigKeys (ConfUtils.java:logGet(43)) - raft.server.log.statemachine.data.sync.timeout.retry = -1 (default)
2019-08-21 19:15:22,685 [pool-159-thread-1] INFO  server.RaftServerConfigKeys (ConfUtils.java:logGet(43)) - raft.server.log.statemachine.data.caching.enabled = true (custom)
2019-08-21 19:15:22,686 [pool-159-thread-1] INFO  impl.RaftServerImpl (ServerState.java:setRaftConf(361)) - aaf6dc24-a38a-4a1e-b0cd-0cf0bb7e14c3:group-5840AAFF3D5D set configuration 0: [a3f6fd5f-9e33-4809-b62b-285069cd76bb:192.168.69.80:41152, 3a4645e2-fe5f-4037-bc26-36547f186637:192.168.69.80:40661, aaf6dc24-a38a-4a1e-b0cd-0cf0bb7e14c3:192.168.69.80:41359], old=null at 0
2019-08-21 19:15:22,686 [pool-159-thread-1] INFO  segmented.LogSegment (LogSegment.java:loadSegment(145)) - Successfully read 1 entries from segment file /workdir/hadoop-ozone/integration-test/target/test-dir/MiniOzoneClusterImpl-da9650cd-6fd3-441d-ace5-375aff5f2007/datanode-1/data/ratis/aff19968-5e88-455a-a9e5-5840aaff3d5d/current/log_inprogress_0
2019-08-21 19:15:22,687 [pool-159-thread-1] INFO  segmented.SegmentedRaftLogWorker (SegmentedRaftLogWorker.java:lambda$new$0(132)) - aaf6dc24-a38a-4a1e-b0cd-0cf0bb7e14c3-SegmentedRaftLogWorker:Storage Directory /workdir/hadoop-ozone/integration-test/target/test-dir/MiniOzoneClusterImpl-da9650cd-6fd3-441d-ace5-375aff5f2007/datanode-1/data/ratis/aff19968-5e88-455a-a9e5-5840aaff3d5d: flushIndex: setUnconditionally 0 -> 0
2019-08-21 19:15:22,702 [Thread-334] INFO  handler.ContextHandler (ContextHandler.java:doStart(781)) - Started o.e.j.w.WebAppContext@7efb14e2{/,file:///tmp/jetty-0.0.0.0-46784-hddsDatanode-_-any-1126671760104365678.dir/webapp/,AVAILABLE}{/hddsDatanode}
2019-08-21 19:15:22,702 [Thread-334] INFO  server.AbstractConnector (AbstractConnector.java:doStart(278)) - Started ServerConnector@2a8d0a08{HTTP/1.1,[http/1.1]}{0.0.0.0:46784}
2019-08-21 19:15:22,716 [pool-159-thread-1] INFO  server.RaftServerConfigKeys (ConfUtils.java:logGet(43)) - raft.server.snapshot.auto.trigger.enabled = true (custom)
2019-08-21 19:15:22,716 [pool-159-thread-1] INFO  server.RaftServerConfigKeys (ConfUtils.java:logGet(43)) - raft.server.snapshot.auto.trigger.threshold = 10000 (custom)
2019-08-21 19:15:22,716 [Thread-334] INFO  server.Server (Server.java:doStart(419)) - Started @54503ms
2019-08-21 19:15:22,716 [pool-159-thread-1] INFO  server.RaftServerConfigKeys (ConfUtils.java:logGet(43)) - raft.server.retrycache.expirytime = 600000ms (custom)
2019-08-21 19:15:22,717 [Thread-334] INFO  server.BaseHttpServer (BaseHttpServer.java:updateConnectorAddress(213)) - HTTP server of HDDSDATANODE is listening at http://0.0.0.0:46784
2019-08-21 19:15:22,717 [pool-159-thread-1] INFO  impl.RaftServerImpl (RaftServerImpl.java:<init>(93)) - aaf6dc24-a38a-4a1e-b0cd-0cf0bb7e14c3: new RaftServerImpl for group-3AF90EA45AB2:[] with ContainerStateMachine:uninitialized
2019-08-21 19:15:22,717 [pool-159-thread-1] INFO  server.RaftServerConfigKeys (ConfUtils.java:logGet(43)) - raft.server.rpc.timeout.min = 5s (custom)
2019-08-21 19:15:22,718 [pool-159-thread-1] INFO  server.RaftServerConfigKeys (ConfUtils.java:logGet(43)) - raft.server.rpc.timeout.max = 5200ms (custom)
2019-08-21 19:15:22,718 [pool-159-thread-1] INFO  server.RaftServerConfigKeys (ConfUtils.java:logGet(43)) - raft.server.rpcslowness.timeout = 120s (custom)
2019-08-21 19:15:22,718 [pool-159-thread-1] INFO  server.RaftServerConfigKeys (ConfUtils.java:logGet(43)) - raft.server.sleep.deviation.threshold = 300 (default)
2019-08-21 19:15:22,718 [pool-159-thread-1] INFO  server.RaftServerConfigKeys (ConfUtils.java:logGet(43)) - raft.server.log.appender.install.snapshot.enabled = false (custom)
2019-08-21 19:15:22,718 [pool-159-thread-1] INFO  impl.RaftServerImpl (ServerState.java:<init>(105)) - aaf6dc24-a38a-4a1e-b0cd-0cf0bb7e14c3:group-3AF90EA45AB2 ConfigurationManager, init=-1: [], old=null, confs=<EMPTY_MAP>
2019-08-21 19:15:22,718 [pool-159-thread-1] INFO  server.RaftServerConfigKeys (ConfUtils.java:logGet(43)) - raft.server.storage.dir = [/workdir/hadoop-ozone/integration-test/target/test-dir/MiniOzoneClusterImpl-da9650cd-6fd3-441d-ace5-375aff5f2007/datanode-1/data/ratis] (custom)
2019-08-21 19:15:22,730 [pool-159-thread-1] INFO  storage.RaftStorageDirectory (RaftStorageDirectory.java:tryLock(328)) - Lock on /workdir/hadoop-ozone/integration-test/target/test-dir/MiniOzoneClusterImpl-da9650cd-6fd3-441d-ace5-375aff5f2007/datanode-1/data/ratis/b22424ea-95c9-48f2-8656-3af90ea45ab2/in_use.lock acquired by nodename 23490@pr-hdds-2002-6qlp9-457884439
2019-08-21 19:15:22,731 [pool-159-thread-1] INFO  ratis.ContainerStateMachine (ContainerStateMachine.java:loadSnapshot(226)) - group-3AF90EA45AB2: The snapshot info is null. Setting the last applied indexto:(t:0, i:~)
2019-08-21 19:15:22,731 [pool-159-thread-1] INFO  server.RaftServerConfigKeys (ConfUtils.java:logGet(43)) - raft.server.leader.election.timeout = 120s (custom)
2019-08-21 19:15:22,731 [pool-159-thread-1] INFO  server.RaftServerConfigKeys (ConfUtils.java:logGet(43)) - raft.server.log.use.memory = false (default)
2019-08-21 19:15:22,731 [pool-159-thread-1] INFO  server.RaftServerConfigKeys (ConfUtils.java:logGet(43)) - raft.server.log.purge.gap = 1000000 (custom)
2019-08-21 19:15:22,731 [pool-159-thread-1] INFO  server.RaftServerConfigKeys (ConfUtils.java:logGet(43)) - raft.server.log.appender.buffer.byte-limit = 33554432 (custom)
2019-08-21 19:15:22,731 [pool-159-thread-1] INFO  server.RaftServerConfigKeys (ConfUtils.java:logGet(43)) - raft.server.log.segment.size.max = 1048576 (custom)
2019-08-21 19:15:22,731 [pool-159-thread-1] INFO  server.RaftServerConfigKeys (ConfUtils.java:logGet(43)) - raft.server.log.segment.cache.num.max = 2 (custom)
2019-08-21 19:15:22,732 [pool-159-thread-1] INFO  segmented.SegmentedRaftLogWorker (SegmentedRaftLogWorker.java:<init>(172)) - new aaf6dc24-a38a-4a1e-b0cd-0cf0bb7e14c3-SegmentedRaftLogWorker:Storage Directory /workdir/hadoop-ozone/integration-test/target/test-dir/MiniOzoneClusterImpl-da9650cd-6fd3-441d-ace5-375aff5f2007/datanode-1/data/ratis/b22424ea-95c9-48f2-8656-3af90ea45ab2 for RaftStorage:Storage Directory /workdir/hadoop-ozone/integration-test/target/test-dir/MiniOzoneClusterImpl-da9650cd-6fd3-441d-ace5-375aff5f2007/datanode-1/data/ratis/b22424ea-95c9-48f2-8656-3af90ea45ab2
2019-08-21 19:15:22,732 [pool-159-thread-1] INFO  server.RaftServerConfigKeys (ConfUtils.java:logGet(43)) - raft.server.log.queue.byte-limit = 2147483647 (custom)
2019-08-21 19:15:22,732 [pool-159-thread-1] INFO  server.RaftServerConfigKeys (ConfUtils.java:logGet(43)) - raft.server.log.queue.element-limit = 1024 (custom)
2019-08-21 19:15:22,732 [pool-159-thread-1] INFO  server.RaftServerConfigKeys (ConfUtils.java:logGet(43)) - raft.server.log.segment.size.max = 1048576 (custom)
2019-08-21 19:15:22,732 [pool-159-thread-1] INFO  server.RaftServerConfigKeys (ConfUtils.java:logGet(43)) - raft.server.log.preallocated.size = 16384 (custom)
2019-08-21 19:15:22,732 [pool-159-thread-1] INFO  server.RaftServerConfigKeys (ConfUtils.java:logGet(43)) - raft.server.log.write.buffer.size = 33554432 (custom)
2019-08-21 19:15:22,732 [pool-159-thread-1] INFO  server.RaftServerConfigKeys (ConfUtils.java:logGet(43)) - raft.server.log.force.sync.num = 128 (default)
2019-08-21 19:15:22,732 [pool-159-thread-1] INFO  server.RaftServerConfigKeys (ConfUtils.java:logGet(43)) - raft.server.log.statemachine.data.sync = true (default)
2019-08-21 19:15:22,732 [pool-159-thread-1] INFO  server.RaftServerConfigKeys (ConfUtils.java:logGet(43)) - raft.server.log.statemachine.data.sync.timeout = 10s (default)
2019-08-21 19:15:22,732 [pool-159-thread-1] INFO  server.RaftServerConfigKeys (ConfUtils.java:logGet(43)) - raft.server.log.statemachine.data.sync.timeout.retry = -1 (default)
2019-08-21 19:15:22,733 [pool-159-thread-1] INFO  server.RaftServerConfigKeys (ConfUtils.java:logGet(43)) - raft.server.log.statemachine.data.caching.enabled = true (custom)
2019-08-21 19:15:22,733 [pool-159-thread-1] INFO  impl.RaftServerImpl (ServerState.java:setRaftConf(361)) - aaf6dc24-a38a-4a1e-b0cd-0cf0bb7e14c3:group-3AF90EA45AB2 set configuration 0: [aaf6dc24-a38a-4a1e-b0cd-0cf0bb7e14c3:192.168.69.80:41359], old=null at 0
2019-08-21 19:15:22,733 [pool-159-thread-1] INFO  segmented.LogSegment (LogSegment.java:loadSegment(145)) - Successfully read 1 entries from segment file /workdir/hadoop-ozone/integration-test/target/test-dir/MiniOzoneClusterImpl-da9650cd-6fd3-441d-ace5-375aff5f2007/datanode-1/data/ratis/b22424ea-95c9-48f2-8656-3af90ea45ab2/current/log_inprogress_0
2019-08-21 19:15:22,733 [pool-159-thread-1] INFO  segmented.SegmentedRaftLogWorker (SegmentedRaftLogWorker.java:lambda$new$0(132)) - aaf6dc24-a38a-4a1e-b0cd-0cf0bb7e14c3-SegmentedRaftLogWorker:Storage Directory /workdir/hadoop-ozone/integration-test/target/test-dir/MiniOzoneClusterImpl-da9650cd-6fd3-441d-ace5-375aff5f2007/datanode-1/data/ratis/b22424ea-95c9-48f2-8656-3af90ea45ab2: flushIndex: setUnconditionally 0 -> 0
2019-08-21 19:15:22,757 [pool-159-thread-1] INFO  server.RaftServerConfigKeys (ConfUtils.java:logGet(43)) - raft.server.snapshot.auto.trigger.enabled = true (custom)
2019-08-21 19:15:22,757 [pool-159-thread-1] INFO  server.RaftServerConfigKeys (ConfUtils.java:logGet(43)) - raft.server.snapshot.auto.trigger.threshold = 10000 (custom)
2019-08-21 19:15:22,757 [pool-159-thread-1] INFO  server.RaftServerConfigKeys (ConfUtils.java:logGet(43)) - raft.server.retrycache.expirytime = 600000ms (custom)
2019-08-21 19:15:22,834 | INFO  | ObjectStoreRestHttpServer | Listening HDDS REST traffic on /0.0.0.0:35811 |  
2019-08-21 19:15:22,834 [Thread-334] INFO  ozone.HddsDatanodeService (HddsDatanodeService.java:startPlugins(395)) - Started plug-in org.apache.hadoop.ozone.web.OzoneHddsDatanodeService@4c283704
2019-08-21 19:15:22,836 [Thread-334] INFO  impl.MetricsSystemImpl (MetricsSystemImpl.java:init(158)) - HddsDatanode metrics system started (again)
2019-08-21 19:15:22,836 [org.apache.hadoop.util.JvmPauseMonitor$Monitor@75d7136d] INFO  util.JvmPauseMonitor (JvmPauseMonitor.java:run(188)) - Starting JVM pause monitor
2019-08-21 19:15:22,839 [Thread-334] INFO  ozone.HddsDatanodeService (HddsDatanodeService.java:start(184)) - HddsDatanodeService host:pr-hdds-2002-6qlp9-457884439 ip:192.168.69.80
2019-08-21 19:15:22,841 [Thread-334] INFO  volume.VolumeUsage (VolumeUsage.java:loadScmUsed(144)) - Cached ScmUsed found for /workdir/hadoop-ozone/integration-test/target/test-dir/MiniOzoneClusterImpl-da9650cd-6fd3-441d-ace5-375aff5f2007/datanode-2/data/containers : 4096 
2019-08-21 19:15:22,841 [Thread-334] INFO  volume.HddsVolume (HddsVolume.java:<init>(176)) - Creating Volume: /workdir/hadoop-ozone/integration-test/target/test-dir/MiniOzoneClusterImpl-da9650cd-6fd3-441d-ace5-375aff5f2007/datanode-2/data/containers/hdds of  storage type : DISK and capacity : 1482555576320
2019-08-21 19:15:22,841 [Thread-334] INFO  volume.VolumeSet (VolumeSet.java:initializeVolumeSet(170)) - Added Volume : /workdir/hadoop-ozone/integration-test/target/test-dir/MiniOzoneClusterImpl-da9650cd-6fd3-441d-ace5-375aff5f2007/datanode-2/data/containers/hdds to VolumeSet
2019-08-21 19:15:22,841 [Thread-334] INFO  volume.ThrottledAsyncChecker (ThrottledAsyncChecker.java:schedule(140)) - Scheduling a check for org.apache.hadoop.ozone.container.common.volume.HddsVolume@2b14c46a
2019-08-21 19:15:22,842 [Thread-334] INFO  volume.HddsVolumeChecker (HddsVolumeChecker.java:checkAllVolumes(203)) - Scheduled health check for volume org.apache.hadoop.ozone.container.common.volume.HddsVolume@2b14c46a
2019-08-21 19:15:22,855 [Thread-334] INFO  impl.RaftServerProxy (ConfUtils.java:logGet(43)) - raft.rpc.type = GRPC (default)
2019-08-21 19:15:22,855 [Thread-334] INFO  grpc.GrpcFactory (GrpcFactory.java:checkPooledByteBufAllocatorUseCacheForAllThreads(45)) - PERFORMANCE WARNING: useCacheForAllThreads is true that may cause Netty to create a lot garbage objects and, as a result, trigger GC.
	It is recommended to disable useCacheForAllThreads by setting -Dorg.apache.ratis.thirdparty.io.netty.allocator.useCacheForAllThreads=false in command line.
2019-08-21 19:15:22,855 [Thread-334] INFO  grpc.GrpcConfigKeys$Server (ConfUtils.java:logGet(43)) - raft.grpc.server.port = 40661 (custom)
2019-08-21 19:15:22,855 [Thread-334] INFO  server.GrpcService (ConfUtils.java:logGet(43)) - raft.grpc.message.size.max = 33570816 (custom)
2019-08-21 19:15:22,855 [Thread-334] INFO  server.RaftServerConfigKeys (ConfUtils.java:logGet(43)) - raft.server.log.appender.buffer.byte-limit = 33554432 (custom)
2019-08-21 19:15:22,855 [Thread-334] INFO  server.GrpcService (ConfUtils.java:logGet(43)) - raft.grpc.flow.control.window = 1MB (=1048576) (default)
2019-08-21 19:15:22,856 [Thread-334] INFO  server.RaftServerConfigKeys (ConfUtils.java:logGet(43)) - raft.server.rpc.request.timeout = 3000ms (default)
2019-08-21 19:15:22,856 [Thread-334] INFO  server.RaftServerConfigKeys (ConfUtils.java:logGet(43)) - raft.server.storage.dir = [/workdir/hadoop-ozone/integration-test/target/test-dir/MiniOzoneClusterImpl-da9650cd-6fd3-441d-ace5-375aff5f2007/datanode-2/data/ratis] (custom)
2019-08-21 19:15:22,856 [Thread-334] INFO  impl.RaftServerProxy (RaftServerProxy.java:lambda$null$0(191)) - 3a4645e2-fe5f-4037-bc26-36547f186637: found a subdirectory /workdir/hadoop-ozone/integration-test/target/test-dir/MiniOzoneClusterImpl-da9650cd-6fd3-441d-ace5-375aff5f2007/datanode-2/data/ratis/aff19968-5e88-455a-a9e5-5840aaff3d5d
2019-08-21 19:15:22,857 [Thread-334] INFO  impl.RaftServerProxy (RaftServerProxy.java:addNew(89)) - 3a4645e2-fe5f-4037-bc26-36547f186637: addNew group-5840AAFF3D5D:[] returns group-5840AAFF3D5D:java.util.concurrent.CompletableFuture@29306e73[Not completed]
2019-08-21 19:15:22,857 [Thread-334] INFO  impl.RaftServerProxy (RaftServerProxy.java:lambda$null$0(191)) - 3a4645e2-fe5f-4037-bc26-36547f186637: found a subdirectory /workdir/hadoop-ozone/integration-test/target/test-dir/MiniOzoneClusterImpl-da9650cd-6fd3-441d-ace5-375aff5f2007/datanode-2/data/ratis/7e3495bf-5200-4073-805e-4b391d3d34f4
2019-08-21 19:15:22,857 [Thread-334] INFO  impl.RaftServerProxy (RaftServerProxy.java:addNew(89)) - 3a4645e2-fe5f-4037-bc26-36547f186637: addNew group-4B391D3D34F4:[] returns group-4B391D3D34F4:java.util.concurrent.CompletableFuture@72ec82e2[Not completed]
2019-08-21 19:15:22,857 [Thread-334] INFO  replication.SimpleContainerDownloader (SimpleContainerDownloader.java:<init>(72)) - Starting container downloader service to copy containers to replicate.
2019-08-21 19:15:22,859 [Thread-334] INFO  hdfs.DFSUtil (DFSUtil.java:httpServerTemplateForNNAndJN(1641)) - Starting Web-server for hddsDatanode at: http://0.0.0.0:45885
2019-08-21 19:15:22,859 [pool-170-thread-1] INFO  impl.RaftServerImpl (RaftServerImpl.java:<init>(93)) - 3a4645e2-fe5f-4037-bc26-36547f186637: new RaftServerImpl for group-5840AAFF3D5D:[] with ContainerStateMachine:uninitialized
2019-08-21 19:15:22,863 [pool-170-thread-1] INFO  server.RaftServerConfigKeys (ConfUtils.java:logGet(43)) - raft.server.rpc.timeout.min = 5s (custom)
2019-08-21 19:15:22,863 [pool-170-thread-1] INFO  server.RaftServerConfigKeys (ConfUtils.java:logGet(43)) - raft.server.rpc.timeout.max = 5200ms (custom)
2019-08-21 19:15:22,863 [pool-170-thread-1] INFO  server.RaftServerConfigKeys (ConfUtils.java:logGet(43)) - raft.server.rpcslowness.timeout = 120s (custom)
2019-08-21 19:15:22,863 [pool-170-thread-1] INFO  server.RaftServerConfigKeys (ConfUtils.java:logGet(43)) - raft.server.sleep.deviation.threshold = 300 (default)
2019-08-21 19:15:22,863 [pool-170-thread-1] INFO  server.RaftServerConfigKeys (ConfUtils.java:logGet(43)) - raft.server.log.appender.install.snapshot.enabled = false (custom)
2019-08-21 19:15:22,864 [pool-170-thread-1] INFO  impl.RaftServerImpl (ServerState.java:<init>(105)) - 3a4645e2-fe5f-4037-bc26-36547f186637:group-5840AAFF3D5D ConfigurationManager, init=-1: [], old=null, confs=<EMPTY_MAP>
2019-08-21 19:15:22,864 [pool-170-thread-1] INFO  server.RaftServerConfigKeys (ConfUtils.java:logGet(43)) - raft.server.storage.dir = [/workdir/hadoop-ozone/integration-test/target/test-dir/MiniOzoneClusterImpl-da9650cd-6fd3-441d-ace5-375aff5f2007/datanode-2/data/ratis] (custom)
2019-08-21 19:15:22,864 [Thread-334] INFO  server.AuthenticationFilter (AuthenticationFilter.java:constructSecretProvider(240)) - Unable to initialize FileSignerSecretProvider, falling back to use random secrets.
2019-08-21 19:15:22,864 [Thread-334] WARN  http.HttpRequestLog (HttpRequestLog.java:getRequestLog(97)) - Jetty request log can only be enabled using Log4j
2019-08-21 19:15:22,865 [Thread-334] INFO  http.HttpServer2 (HttpServer2.java:addGlobalFilter(975)) - Added global filter 'safety' (class=org.apache.hadoop.http.HttpServer2$QuotingInputFilter)
2019-08-21 19:15:22,866 [Thread-334] INFO  http.HttpServer2 (HttpServer2.java:addFilter(948)) - Added filter static_user_filter (class=org.apache.hadoop.http.lib.StaticUserWebFilter$StaticUserFilter) to context hddsDatanode
2019-08-21 19:15:22,866 [Thread-334] INFO  http.HttpServer2 (HttpServer2.java:addFilter(958)) - Added filter static_user_filter (class=org.apache.hadoop.http.lib.StaticUserWebFilter$StaticUserFilter) to context logs
2019-08-21 19:15:22,866 [Thread-334] INFO  http.HttpServer2 (HttpServer2.java:addFilter(958)) - Added filter static_user_filter (class=org.apache.hadoop.http.lib.StaticUserWebFilter$StaticUserFilter) to context static
2019-08-21 19:15:22,867 [Thread-334] INFO  http.HttpServer2 (HttpServer2.java:bindListener(1191)) - Jetty bound to port 45885
2019-08-21 19:15:22,867 [Thread-334] INFO  server.Server (Server.java:doStart(351)) - jetty-9.3.24.v20180605, build timestamp: 2018-06-05T17:11:56Z, git hash: 84205aa28f11a4f31f2a3b86d1bba2cc8ab69827
2019-08-21 19:15:22,869 [Thread-334] INFO  handler.ContextHandler (ContextHandler.java:doStart(781)) - Started o.e.j.s.ServletContextHandler@7809d23e{/logs,file:///workdir/hadoop-ozone/integration-test/target/log,AVAILABLE}
2019-08-21 19:15:22,869 [Thread-334] INFO  handler.ContextHandler (ContextHandler.java:doStart(781)) - Started o.e.j.s.ServletContextHandler@23c34bfd{/static,jar:file:/home/user/.m2/repository/org/apache/hadoop/hadoop-hdds-container-service/0.5.0-SNAPSHOT/hadoop-hdds-container-service-0.5.0-SNAPSHOT.jar!/webapps/static,AVAILABLE}
2019-08-21 19:15:22,877 [pool-170-thread-1] INFO  storage.RaftStorageDirectory (RaftStorageDirectory.java:tryLock(328)) - Lock on /workdir/hadoop-ozone/integration-test/target/test-dir/MiniOzoneClusterImpl-da9650cd-6fd3-441d-ace5-375aff5f2007/datanode-2/data/ratis/aff19968-5e88-455a-a9e5-5840aaff3d5d/in_use.lock acquired by nodename 23490@pr-hdds-2002-6qlp9-457884439
2019-08-21 19:15:22,877 [pool-170-thread-1] INFO  ratis.ContainerStateMachine (ContainerStateMachine.java:loadSnapshot(226)) - group-5840AAFF3D5D: The snapshot info is null. Setting the last applied indexto:(t:0, i:~)
2019-08-21 19:15:22,878 [pool-170-thread-1] INFO  server.RaftServerConfigKeys (ConfUtils.java:logGet(43)) - raft.server.leader.election.timeout = 120s (custom)
2019-08-21 19:15:22,878 [pool-170-thread-1] INFO  server.RaftServerConfigKeys (ConfUtils.java:logGet(43)) - raft.server.log.use.memory = false (default)
2019-08-21 19:15:22,878 [pool-170-thread-1] INFO  server.RaftServerConfigKeys (ConfUtils.java:logGet(43)) - raft.server.log.purge.gap = 1000000 (custom)
2019-08-21 19:15:22,878 [pool-170-thread-1] INFO  server.RaftServerConfigKeys (ConfUtils.java:logGet(43)) - raft.server.log.appender.buffer.byte-limit = 33554432 (custom)
2019-08-21 19:15:22,878 [pool-170-thread-1] INFO  server.RaftServerConfigKeys (ConfUtils.java:logGet(43)) - raft.server.log.segment.size.max = 1048576 (custom)
2019-08-21 19:15:22,878 [pool-170-thread-1] INFO  server.RaftServerConfigKeys (ConfUtils.java:logGet(43)) - raft.server.log.segment.cache.num.max = 2 (custom)
2019-08-21 19:15:22,879 [pool-170-thread-1] INFO  segmented.SegmentedRaftLogWorker (SegmentedRaftLogWorker.java:<init>(172)) - new 3a4645e2-fe5f-4037-bc26-36547f186637-SegmentedRaftLogWorker:Storage Directory /workdir/hadoop-ozone/integration-test/target/test-dir/MiniOzoneClusterImpl-da9650cd-6fd3-441d-ace5-375aff5f2007/datanode-2/data/ratis/aff19968-5e88-455a-a9e5-5840aaff3d5d for RaftStorage:Storage Directory /workdir/hadoop-ozone/integration-test/target/test-dir/MiniOzoneClusterImpl-da9650cd-6fd3-441d-ace5-375aff5f2007/datanode-2/data/ratis/aff19968-5e88-455a-a9e5-5840aaff3d5d
2019-08-21 19:15:22,879 [pool-170-thread-1] INFO  server.RaftServerConfigKeys (ConfUtils.java:logGet(43)) - raft.server.log.queue.byte-limit = 2147483647 (custom)
2019-08-21 19:15:22,879 [pool-170-thread-1] INFO  server.RaftServerConfigKeys (ConfUtils.java:logGet(43)) - raft.server.log.queue.element-limit = 1024 (custom)
2019-08-21 19:15:22,879 [pool-170-thread-1] INFO  server.RaftServerConfigKeys (ConfUtils.java:logGet(43)) - raft.server.log.segment.size.max = 1048576 (custom)
2019-08-21 19:15:22,879 [pool-170-thread-1] INFO  server.RaftServerConfigKeys (ConfUtils.java:logGet(43)) - raft.server.log.preallocated.size = 16384 (custom)
2019-08-21 19:15:22,879 [pool-170-thread-1] INFO  server.RaftServerConfigKeys (ConfUtils.java:logGet(43)) - raft.server.log.write.buffer.size = 33554432 (custom)
2019-08-21 19:15:22,880 [pool-170-thread-1] INFO  server.RaftServerConfigKeys (ConfUtils.java:logGet(43)) - raft.server.log.force.sync.num = 128 (default)
2019-08-21 19:15:22,880 [pool-170-thread-1] INFO  server.RaftServerConfigKeys (ConfUtils.java:logGet(43)) - raft.server.log.statemachine.data.sync = true (default)
2019-08-21 19:15:22,880 [pool-170-thread-1] INFO  server.RaftServerConfigKeys (ConfUtils.java:logGet(43)) - raft.server.log.statemachine.data.sync.timeout = 10s (default)
2019-08-21 19:15:22,880 [pool-170-thread-1] INFO  server.RaftServerConfigKeys (ConfUtils.java:logGet(43)) - raft.server.log.statemachine.data.sync.timeout.retry = -1 (default)
2019-08-21 19:15:22,880 [pool-170-thread-1] INFO  server.RaftServerConfigKeys (ConfUtils.java:logGet(43)) - raft.server.log.statemachine.data.caching.enabled = true (custom)
2019-08-21 19:15:22,881 [pool-170-thread-1] INFO  impl.RaftServerImpl (ServerState.java:setRaftConf(361)) - 3a4645e2-fe5f-4037-bc26-36547f186637:group-5840AAFF3D5D set configuration 0: [a3f6fd5f-9e33-4809-b62b-285069cd76bb:192.168.69.80:41152, 3a4645e2-fe5f-4037-bc26-36547f186637:192.168.69.80:40661, aaf6dc24-a38a-4a1e-b0cd-0cf0bb7e14c3:192.168.69.80:41359], old=null at 0
2019-08-21 19:15:22,881 [pool-170-thread-1] INFO  segmented.LogSegment (LogSegment.java:loadSegment(145)) - Successfully read 1 entries from segment file /workdir/hadoop-ozone/integration-test/target/test-dir/MiniOzoneClusterImpl-da9650cd-6fd3-441d-ace5-375aff5f2007/datanode-2/data/ratis/aff19968-5e88-455a-a9e5-5840aaff3d5d/current/log_inprogress_0
2019-08-21 19:15:22,882 [pool-170-thread-1] INFO  segmented.SegmentedRaftLogWorker (SegmentedRaftLogWorker.java:lambda$new$0(132)) - 3a4645e2-fe5f-4037-bc26-36547f186637-SegmentedRaftLogWorker:Storage Directory /workdir/hadoop-ozone/integration-test/target/test-dir/MiniOzoneClusterImpl-da9650cd-6fd3-441d-ace5-375aff5f2007/datanode-2/data/ratis/aff19968-5e88-455a-a9e5-5840aaff3d5d: flushIndex: setUnconditionally 0 -> 0
2019-08-21 19:15:22,896 [Thread-334] INFO  handler.ContextHandler (ContextHandler.java:doStart(781)) - Started o.e.j.w.WebAppContext@1e82d542{/,file:///tmp/jetty-0.0.0.0-45885-hddsDatanode-_-any-6012463059595790059.dir/webapp/,AVAILABLE}{/hddsDatanode}
2019-08-21 19:15:22,896 [Thread-334] INFO  server.AbstractConnector (AbstractConnector.java:doStart(278)) - Started ServerConnector@23350cbe{HTTP/1.1,[http/1.1]}{0.0.0.0:45885}
2019-08-21 19:15:22,913 [Thread-334] INFO  server.Server (Server.java:doStart(419)) - Started @54700ms
2019-08-21 19:15:22,913 [pool-170-thread-1] INFO  server.RaftServerConfigKeys (ConfUtils.java:logGet(43)) - raft.server.snapshot.auto.trigger.enabled = true (custom)
2019-08-21 19:15:22,913 [pool-170-thread-1] INFO  server.RaftServerConfigKeys (ConfUtils.java:logGet(43)) - raft.server.snapshot.auto.trigger.threshold = 10000 (custom)
2019-08-21 19:15:22,914 [pool-170-thread-1] INFO  server.RaftServerConfigKeys (ConfUtils.java:logGet(43)) - raft.server.retrycache.expirytime = 600000ms (custom)
2019-08-21 19:15:22,914 [Thread-334] INFO  server.BaseHttpServer (BaseHttpServer.java:updateConnectorAddress(213)) - HTTP server of HDDSDATANODE is listening at http://0.0.0.0:45885
2019-08-21 19:15:22,916 [pool-170-thread-1] INFO  impl.RaftServerImpl (RaftServerImpl.java:<init>(93)) - 3a4645e2-fe5f-4037-bc26-36547f186637: new RaftServerImpl for group-4B391D3D34F4:[] with ContainerStateMachine:uninitialized
2019-08-21 19:15:22,916 [pool-170-thread-1] INFO  server.RaftServerConfigKeys (ConfUtils.java:logGet(43)) - raft.server.rpc.timeout.min = 5s (custom)
2019-08-21 19:15:22,916 [pool-170-thread-1] INFO  server.RaftServerConfigKeys (ConfUtils.java:logGet(43)) - raft.server.rpc.timeout.max = 5200ms (custom)
2019-08-21 19:15:22,916 [pool-170-thread-1] INFO  server.RaftServerConfigKeys (ConfUtils.java:logGet(43)) - raft.server.rpcslowness.timeout = 120s (custom)
2019-08-21 19:15:22,917 [pool-170-thread-1] INFO  server.RaftServerConfigKeys (ConfUtils.java:logGet(43)) - raft.server.sleep.deviation.threshold = 300 (default)
2019-08-21 19:15:22,917 [pool-170-thread-1] INFO  server.RaftServerConfigKeys (ConfUtils.java:logGet(43)) - raft.server.log.appender.install.snapshot.enabled = false (custom)
2019-08-21 19:15:22,917 [pool-170-thread-1] INFO  impl.RaftServerImpl (ServerState.java:<init>(105)) - 3a4645e2-fe5f-4037-bc26-36547f186637:group-4B391D3D34F4 ConfigurationManager, init=-1: [], old=null, confs=<EMPTY_MAP>
2019-08-21 19:15:22,917 [pool-170-thread-1] INFO  server.RaftServerConfigKeys (ConfUtils.java:logGet(43)) - raft.server.storage.dir = [/workdir/hadoop-ozone/integration-test/target/test-dir/MiniOzoneClusterImpl-da9650cd-6fd3-441d-ace5-375aff5f2007/datanode-2/data/ratis] (custom)
2019-08-21 19:15:22,938 [pool-170-thread-1] INFO  storage.RaftStorageDirectory (RaftStorageDirectory.java:tryLock(328)) - Lock on /workdir/hadoop-ozone/integration-test/target/test-dir/MiniOzoneClusterImpl-da9650cd-6fd3-441d-ace5-375aff5f2007/datanode-2/data/ratis/7e3495bf-5200-4073-805e-4b391d3d34f4/in_use.lock acquired by nodename 23490@pr-hdds-2002-6qlp9-457884439
2019-08-21 19:15:22,939 [pool-170-thread-1] INFO  ratis.ContainerStateMachine (ContainerStateMachine.java:loadSnapshot(226)) - group-4B391D3D34F4: The snapshot info is null. Setting the last applied indexto:(t:0, i:~)
2019-08-21 19:15:22,939 [pool-170-thread-1] INFO  server.RaftServerConfigKeys (ConfUtils.java:logGet(43)) - raft.server.leader.election.timeout = 120s (custom)
2019-08-21 19:15:22,939 [pool-170-thread-1] INFO  server.RaftServerConfigKeys (ConfUtils.java:logGet(43)) - raft.server.log.use.memory = false (default)
2019-08-21 19:15:22,939 [pool-170-thread-1] INFO  server.RaftServerConfigKeys (ConfUtils.java:logGet(43)) - raft.server.log.purge.gap = 1000000 (custom)
2019-08-21 19:15:22,940 [pool-170-thread-1] INFO  server.RaftServerConfigKeys (ConfUtils.java:logGet(43)) - raft.server.log.appender.buffer.byte-limit = 33554432 (custom)
2019-08-21 19:15:22,940 [pool-170-thread-1] INFO  server.RaftServerConfigKeys (ConfUtils.java:logGet(43)) - raft.server.log.segment.size.max = 1048576 (custom)
2019-08-21 19:15:22,940 [pool-170-thread-1] INFO  server.RaftServerConfigKeys (ConfUtils.java:logGet(43)) - raft.server.log.segment.cache.num.max = 2 (custom)
2019-08-21 19:15:22,940 [pool-170-thread-1] INFO  segmented.SegmentedRaftLogWorker (SegmentedRaftLogWorker.java:<init>(172)) - new 3a4645e2-fe5f-4037-bc26-36547f186637-SegmentedRaftLogWorker:Storage Directory /workdir/hadoop-ozone/integration-test/target/test-dir/MiniOzoneClusterImpl-da9650cd-6fd3-441d-ace5-375aff5f2007/datanode-2/data/ratis/7e3495bf-5200-4073-805e-4b391d3d34f4 for RaftStorage:Storage Directory /workdir/hadoop-ozone/integration-test/target/test-dir/MiniOzoneClusterImpl-da9650cd-6fd3-441d-ace5-375aff5f2007/datanode-2/data/ratis/7e3495bf-5200-4073-805e-4b391d3d34f4
2019-08-21 19:15:22,940 [pool-170-thread-1] INFO  server.RaftServerConfigKeys (ConfUtils.java:logGet(43)) - raft.server.log.queue.byte-limit = 2147483647 (custom)
2019-08-21 19:15:22,941 [pool-170-thread-1] INFO  server.RaftServerConfigKeys (ConfUtils.java:logGet(43)) - raft.server.log.queue.element-limit = 1024 (custom)
2019-08-21 19:15:22,941 [pool-170-thread-1] INFO  server.RaftServerConfigKeys (ConfUtils.java:logGet(43)) - raft.server.log.segment.size.max = 1048576 (custom)
2019-08-21 19:15:22,941 [pool-170-thread-1] INFO  server.RaftServerConfigKeys (ConfUtils.java:logGet(43)) - raft.server.log.preallocated.size = 16384 (custom)
2019-08-21 19:15:22,941 [pool-170-thread-1] INFO  server.RaftServerConfigKeys (ConfUtils.java:logGet(43)) - raft.server.log.write.buffer.size = 33554432 (custom)
2019-08-21 19:15:22,941 [pool-170-thread-1] INFO  server.RaftServerConfigKeys (ConfUtils.java:logGet(43)) - raft.server.log.force.sync.num = 128 (default)
2019-08-21 19:15:22,941 [pool-170-thread-1] INFO  server.RaftServerConfigKeys (ConfUtils.java:logGet(43)) - raft.server.log.statemachine.data.sync = true (default)
2019-08-21 19:15:22,942 [pool-170-thread-1] INFO  server.RaftServerConfigKeys (ConfUtils.java:logGet(43)) - raft.server.log.statemachine.data.sync.timeout = 10s (default)
2019-08-21 19:15:22,942 [pool-170-thread-1] INFO  server.RaftServerConfigKeys (ConfUtils.java:logGet(43)) - raft.server.log.statemachine.data.sync.timeout.retry = -1 (default)
2019-08-21 19:15:22,942 [pool-170-thread-1] INFO  server.RaftServerConfigKeys (ConfUtils.java:logGet(43)) - raft.server.log.statemachine.data.caching.enabled = true (custom)
2019-08-21 19:15:22,943 [pool-170-thread-1] INFO  impl.RaftServerImpl (ServerState.java:setRaftConf(361)) - 3a4645e2-fe5f-4037-bc26-36547f186637:group-4B391D3D34F4 set configuration 0: [3a4645e2-fe5f-4037-bc26-36547f186637:192.168.69.80:40661], old=null at 0
2019-08-21 19:15:22,943 [pool-170-thread-1] INFO  segmented.LogSegment (LogSegment.java:loadSegment(145)) - Successfully read 1 entries from segment file /workdir/hadoop-ozone/integration-test/target/test-dir/MiniOzoneClusterImpl-da9650cd-6fd3-441d-ace5-375aff5f2007/datanode-2/data/ratis/7e3495bf-5200-4073-805e-4b391d3d34f4/current/log_inprogress_0
2019-08-21 19:15:22,944 [pool-170-thread-1] INFO  segmented.SegmentedRaftLogWorker (SegmentedRaftLogWorker.java:lambda$new$0(132)) - 3a4645e2-fe5f-4037-bc26-36547f186637-SegmentedRaftLogWorker:Storage Directory /workdir/hadoop-ozone/integration-test/target/test-dir/MiniOzoneClusterImpl-da9650cd-6fd3-441d-ace5-375aff5f2007/datanode-2/data/ratis/7e3495bf-5200-4073-805e-4b391d3d34f4: flushIndex: setUnconditionally 0 -> 0
2019-08-21 19:15:23,099 [pool-170-thread-1] INFO  server.RaftServerConfigKeys (ConfUtils.java:logGet(43)) - raft.server.snapshot.auto.trigger.enabled = true (custom)
2019-08-21 19:15:23,109 [pool-170-thread-1] INFO  server.RaftServerConfigKeys (ConfUtils.java:logGet(43)) - raft.server.snapshot.auto.trigger.threshold = 10000 (custom)
2019-08-21 19:15:23,128 [pool-170-thread-1] INFO  server.RaftServerConfigKeys (ConfUtils.java:logGet(43)) - raft.server.retrycache.expirytime = 600000ms (custom)
2019-08-21 19:15:23,236 | INFO  | ObjectStoreRestHttpServer | Listening HDDS REST traffic on /0.0.0.0:36605 |  
2019-08-21 19:15:23,236 [Thread-334] INFO  ozone.HddsDatanodeService (HddsDatanodeService.java:startPlugins(395)) - Started plug-in org.apache.hadoop.ozone.web.OzoneHddsDatanodeService@48ba0b0b
2019-08-21 19:15:23,236 [Thread-334] INFO  pipeline.SCMPipelineManager (SCMPipelineManager.java:finalizeAndDestroyPipeline(309)) - destroying pipeline:Pipeline[ Id: aff19968-5e88-455a-a9e5-5840aaff3d5d, Nodes: 3a4645e2-fe5f-4037-bc26-36547f186637{ip: 192.168.69.80, host: pr-hdds-2002-6qlp9-457884439, networkLocation: /default-rack, certSerialId: null}aaf6dc24-a38a-4a1e-b0cd-0cf0bb7e14c3{ip: 192.168.69.80, host: pr-hdds-2002-6qlp9-457884439, networkLocation: /default-rack, certSerialId: null}a3f6fd5f-9e33-4809-b62b-285069cd76bb{ip: 192.168.69.80, host: pr-hdds-2002-6qlp9-457884439, networkLocation: /default-rack, certSerialId: null}, Type:RATIS, Factor:THREE, State:OPEN]
2019-08-21 19:15:23,238 [org.apache.hadoop.util.JvmPauseMonitor$Monitor@21c41831] INFO  util.JvmPauseMonitor (JvmPauseMonitor.java:run(188)) - Starting JVM pause monitor
2019-08-21 19:15:23,241 [Thread-334] WARN  pipeline.RatisPipelineUtils (RatisPipelineUtils.java:destroyPipeline(66)) - Pipeline destroy failed for pipeline=PipelineID=aff19968-5e88-455a-a9e5-5840aaff3d5d dn=3a4645e2-fe5f-4037-bc26-36547f186637{ip: 192.168.69.80, host: pr-hdds-2002-6qlp9-457884439, networkLocation: /default-rack, certSerialId: null}
2019-08-21 19:15:23,247 [Thread-334] WARN  pipeline.RatisPipelineUtils (RatisPipelineUtils.java:destroyPipeline(66)) - Pipeline destroy failed for pipeline=PipelineID=aff19968-5e88-455a-a9e5-5840aaff3d5d dn=aaf6dc24-a38a-4a1e-b0cd-0cf0bb7e14c3{ip: 192.168.69.80, host: pr-hdds-2002-6qlp9-457884439, networkLocation: /default-rack, certSerialId: null}
2019-08-21 19:15:23,249 [Thread-334] WARN  pipeline.RatisPipelineUtils (RatisPipelineUtils.java:destroyPipeline(66)) - Pipeline destroy failed for pipeline=PipelineID=aff19968-5e88-455a-a9e5-5840aaff3d5d dn=a3f6fd5f-9e33-4809-b62b-285069cd76bb{ip: 192.168.69.80, host: pr-hdds-2002-6qlp9-457884439, networkLocation: /default-rack, certSerialId: null}
2019-08-21 19:15:23,249 [Thread-334] INFO  pipeline.PipelineStateManager (PipelineStateManager.java:removePipeline(108)) - Pipeline Pipeline[ Id: aff19968-5e88-455a-a9e5-5840aaff3d5d, Nodes: 3a4645e2-fe5f-4037-bc26-36547f186637{ip: 192.168.69.80, host: pr-hdds-2002-6qlp9-457884439, networkLocation: /default-rack, certSerialId: null}aaf6dc24-a38a-4a1e-b0cd-0cf0bb7e14c3{ip: 192.168.69.80, host: pr-hdds-2002-6qlp9-457884439, networkLocation: /default-rack, certSerialId: null}a3f6fd5f-9e33-4809-b62b-285069cd76bb{ip: 192.168.69.80, host: pr-hdds-2002-6qlp9-457884439, networkLocation: /default-rack, certSerialId: null}, Type:RATIS, Factor:THREE, State:CLOSED] removed from db
2019-08-21 19:15:24,643 | INFO  | SCMAudit | user=jenkins1000 | ip=192.168.69.80 | op=GET_VERSION null | ret=SUCCESS |  
2019-08-21 19:15:24,645 [Datanode State Machine Thread - 0] INFO  ozoneimpl.OzoneContainer (OzoneContainer.java:start(186)) - Attempting to start container services.
2019-08-21 19:15:24,645 [Datanode State Machine Thread - 0] INFO  ozoneimpl.OzoneContainer (OzoneContainer.java:startContainerScrub(160)) - Background container scrubber has been disabled by hdds.containerscrub.enabled
2019-08-21 19:15:24,646 [Datanode State Machine Thread - 0] INFO  ratis.XceiverServerRatis (XceiverServerRatis.java:start(404)) - Starting XceiverServerRatis a3f6fd5f-9e33-4809-b62b-285069cd76bb at port 41152
2019-08-21 19:15:24,655 [Datanode State Machine Thread - 0] INFO  impl.RaftServerImpl (RaftServerImpl.java:start(180)) - a3f6fd5f-9e33-4809-b62b-285069cd76bb: start group-5840AAFF3D5D
2019-08-21 19:15:24,655 [ForkJoinPool.commonPool-worker-0] INFO  impl.RaftServerImpl (RaftServerImpl.java:start(180)) - a3f6fd5f-9e33-4809-b62b-285069cd76bb: start group-0B3E927DC9F2
2019-08-21 19:15:24,657 [Datanode State Machine Thread - 0] INFO  impl.RaftServerImpl (RaftServerImpl.java:setRole(171)) - a3f6fd5f-9e33-4809-b62b-285069cd76bb:group-5840AAFF3D5D changes role from null to FOLLOWER at term 1 for startAsFollower
2019-08-21 19:15:24,658 [ForkJoinPool.commonPool-worker-0] INFO  impl.RaftServerImpl (RaftServerImpl.java:setRole(171)) - a3f6fd5f-9e33-4809-b62b-285069cd76bb:group-0B3E927DC9F2 changes role from null to FOLLOWER at term 1 for startAsFollower
2019-08-21 19:15:24,658 [Datanode State Machine Thread - 0] INFO  impl.RoleInfo (RoleInfo.java:updateAndGet(143)) - a3f6fd5f-9e33-4809-b62b-285069cd76bb: start FollowerState
2019-08-21 19:15:24,658 [ForkJoinPool.commonPool-worker-0] INFO  impl.RoleInfo (RoleInfo.java:updateAndGet(143)) - a3f6fd5f-9e33-4809-b62b-285069cd76bb: start FollowerState
2019-08-21 19:15:24,660 [ForkJoinPool.commonPool-worker-0] INFO  util.JmxRegister (JmxRegister.java:tryRegister(44)) - Successfully registered JMX Bean with object name Ratis:service=RaftServer,group=group-0B3E927DC9F2,id=a3f6fd5f-9e33-4809-b62b-285069cd76bb
2019-08-21 19:15:24,660 [Datanode State Machine Thread - 0] INFO  util.JmxRegister (JmxRegister.java:tryRegister(44)) - Successfully registered JMX Bean with object name Ratis:service=RaftServer,group=group-5840AAFF3D5D,id=a3f6fd5f-9e33-4809-b62b-285069cd76bb
2019-08-21 19:15:24,661 [Datanode State Machine Thread - 0] INFO  impl.RaftServerProxy (RaftServerProxy.java:lambda$start$3(299)) - a3f6fd5f-9e33-4809-b62b-285069cd76bb: start RPC server
2019-08-21 19:15:24,665 [Datanode State Machine Thread - 0] INFO  server.GrpcService (GrpcService.java:startImpl(149)) - a3f6fd5f-9e33-4809-b62b-285069cd76bb: GrpcService started, listening on 0.0.0.0/0.0.0.0:41152
2019-08-21 19:15:24,837 | INFO  | SCMAudit | user=jenkins1000 | ip=192.168.69.80 | op=GET_VERSION null | ret=SUCCESS |  
2019-08-21 19:15:24,838 [Datanode State Machine Thread - 0] INFO  ozoneimpl.OzoneContainer (OzoneContainer.java:start(186)) - Attempting to start container services.
2019-08-21 19:15:24,838 [Datanode State Machine Thread - 0] INFO  ozoneimpl.OzoneContainer (OzoneContainer.java:startContainerScrub(160)) - Background container scrubber has been disabled by hdds.containerscrub.enabled
2019-08-21 19:15:24,838 [Datanode State Machine Thread - 0] INFO  ratis.XceiverServerRatis (XceiverServerRatis.java:start(404)) - Starting XceiverServerRatis aaf6dc24-a38a-4a1e-b0cd-0cf0bb7e14c3 at port 41359
2019-08-21 19:15:24,845 [Datanode State Machine Thread - 0] INFO  impl.RaftServerImpl (RaftServerImpl.java:start(180)) - aaf6dc24-a38a-4a1e-b0cd-0cf0bb7e14c3: start group-3AF90EA45AB2
2019-08-21 19:15:24,845 [ForkJoinPool.commonPool-worker-0] INFO  impl.RaftServerImpl (RaftServerImpl.java:start(180)) - aaf6dc24-a38a-4a1e-b0cd-0cf0bb7e14c3: start group-5840AAFF3D5D
2019-08-21 19:15:24,846 [Datanode State Machine Thread - 0] INFO  impl.RaftServerImpl (RaftServerImpl.java:setRole(171)) - aaf6dc24-a38a-4a1e-b0cd-0cf0bb7e14c3:group-3AF90EA45AB2 changes role from null to FOLLOWER at term 1 for startAsFollower
2019-08-21 19:15:24,848 [ForkJoinPool.commonPool-worker-0] INFO  impl.RaftServerImpl (RaftServerImpl.java:setRole(171)) - aaf6dc24-a38a-4a1e-b0cd-0cf0bb7e14c3:group-5840AAFF3D5D changes role from null to FOLLOWER at term 1 for startAsFollower
2019-08-21 19:15:24,848 [Datanode State Machine Thread - 0] INFO  impl.RoleInfo (RoleInfo.java:updateAndGet(143)) - aaf6dc24-a38a-4a1e-b0cd-0cf0bb7e14c3: start FollowerState
2019-08-21 19:15:24,848 [ForkJoinPool.commonPool-worker-0] INFO  impl.RoleInfo (RoleInfo.java:updateAndGet(143)) - aaf6dc24-a38a-4a1e-b0cd-0cf0bb7e14c3: start FollowerState
2019-08-21 19:15:24,849 [Datanode State Machine Thread - 0] INFO  util.JmxRegister (JmxRegister.java:tryRegister(44)) - Successfully registered JMX Bean with object name Ratis:service=RaftServer,group=group-3AF90EA45AB2,id=aaf6dc24-a38a-4a1e-b0cd-0cf0bb7e14c3
2019-08-21 19:15:24,849 [ForkJoinPool.commonPool-worker-0] INFO  util.JmxRegister (JmxRegister.java:tryRegister(44)) - Successfully registered JMX Bean with object name Ratis:service=RaftServer,group=group-5840AAFF3D5D,id=aaf6dc24-a38a-4a1e-b0cd-0cf0bb7e14c3
2019-08-21 19:15:24,849 [Datanode State Machine Thread - 0] INFO  impl.RaftServerProxy (RaftServerProxy.java:lambda$start$3(299)) - aaf6dc24-a38a-4a1e-b0cd-0cf0bb7e14c3: start RPC server
2019-08-21 19:15:24,850 [Datanode State Machine Thread - 0] INFO  server.GrpcService (GrpcService.java:startImpl(149)) - aaf6dc24-a38a-4a1e-b0cd-0cf0bb7e14c3: GrpcService started, listening on 0.0.0.0/0.0.0.0:41359
2019-08-21 19:15:25,239 | INFO  | SCMAudit | user=jenkins1000 | ip=192.168.69.80 | op=GET_VERSION null | ret=SUCCESS |  
2019-08-21 19:15:25,240 [Datanode State Machine Thread - 0] INFO  ozoneimpl.OzoneContainer (OzoneContainer.java:start(186)) - Attempting to start container services.
2019-08-21 19:15:25,240 [Datanode State Machine Thread - 0] INFO  ozoneimpl.OzoneContainer (OzoneContainer.java:startContainerScrub(160)) - Background container scrubber has been disabled by hdds.containerscrub.enabled
2019-08-21 19:15:25,241 [Datanode State Machine Thread - 0] INFO  ratis.XceiverServerRatis (XceiverServerRatis.java:start(404)) - Starting XceiverServerRatis 3a4645e2-fe5f-4037-bc26-36547f186637 at port 40661
2019-08-21 19:15:25,248 [Datanode State Machine Thread - 0] INFO  impl.RaftServerImpl (RaftServerImpl.java:start(180)) - 3a4645e2-fe5f-4037-bc26-36547f186637: start group-5840AAFF3D5D
2019-08-21 19:15:25,248 [ForkJoinPool.commonPool-worker-0] INFO  impl.RaftServerImpl (RaftServerImpl.java:start(180)) - 3a4645e2-fe5f-4037-bc26-36547f186637: start group-4B391D3D34F4
2019-08-21 19:15:25,250 [Datanode State Machine Thread - 0] INFO  impl.RaftServerImpl (RaftServerImpl.java:setRole(171)) - 3a4645e2-fe5f-4037-bc26-36547f186637:group-5840AAFF3D5D changes role from null to FOLLOWER at term 1 for startAsFollower
2019-08-21 19:15:25,251 [ForkJoinPool.commonPool-worker-0] INFO  impl.RaftServerImpl (RaftServerImpl.java:setRole(171)) - 3a4645e2-fe5f-4037-bc26-36547f186637:group-4B391D3D34F4 changes role from null to FOLLOWER at term 1 for startAsFollower
2019-08-21 19:15:25,252 [Datanode State Machine Thread - 0] INFO  impl.RoleInfo (RoleInfo.java:updateAndGet(143)) - 3a4645e2-fe5f-4037-bc26-36547f186637: start FollowerState
2019-08-21 19:15:25,252 [ForkJoinPool.commonPool-worker-0] INFO  impl.RoleInfo (RoleInfo.java:updateAndGet(143)) - 3a4645e2-fe5f-4037-bc26-36547f186637: start FollowerState
2019-08-21 19:15:25,252 [Datanode State Machine Thread - 0] INFO  util.JmxRegister (JmxRegister.java:tryRegister(44)) - Successfully registered JMX Bean with object name Ratis:service=RaftServer,group=group-5840AAFF3D5D,id=3a4645e2-fe5f-4037-bc26-36547f186637
2019-08-21 19:15:25,252 [ForkJoinPool.commonPool-worker-0] INFO  util.JmxRegister (JmxRegister.java:tryRegister(44)) - Successfully registered JMX Bean with object name Ratis:service=RaftServer,group=group-4B391D3D34F4,id=3a4645e2-fe5f-4037-bc26-36547f186637
2019-08-21 19:15:25,253 [Datanode State Machine Thread - 0] INFO  impl.RaftServerProxy (RaftServerProxy.java:lambda$start$3(299)) - 3a4645e2-fe5f-4037-bc26-36547f186637: start RPC server
2019-08-21 19:15:25,254 [Datanode State Machine Thread - 0] INFO  server.GrpcService (GrpcService.java:startImpl(149)) - 3a4645e2-fe5f-4037-bc26-36547f186637: GrpcService started, listening on 0.0.0.0/0.0.0.0:40661
2019-08-21 19:15:26,649 | INFO  | SCMAudit | user=jenkins1000 | ip=192.168.69.80 | op=REGISTER {datanodeDetails=a3f6fd5f-9e33-4809-b62b-285069cd76bb{ip: 192.168.69.80, host: pr-hdds-2002-6qlp9-457884439, networkLocation: /default-rack, certSerialId: null}} | ret=SUCCESS |  
2019-08-21 19:15:26,658 [grpc-default-executor-0] INFO  impl.RaftServerProxy (RaftServerProxy.java:remove(95)) - a3f6fd5f-9e33-4809-b62b-285069cd76bb: remove FOLLOWER group-5840AAFF3D5D a3f6fd5f-9e33-4809-b62b-285069cd76bb:t1, leader=null, voted=aaf6dc24-a38a-4a1e-b0cd-0cf0bb7e14c3, raftlog=a3f6fd5f-9e33-4809-b62b-285069cd76bb-SegmentedRaftLog:OPENED:c-1,f0,i0, conf=0: [a3f6fd5f-9e33-4809-b62b-285069cd76bb:192.168.69.80:41152, 3a4645e2-fe5f-4037-bc26-36547f186637:192.168.69.80:40661, aaf6dc24-a38a-4a1e-b0cd-0cf0bb7e14c3:192.168.69.80:41359], old=null RUNNING
2019-08-21 19:15:26,658 [grpc-default-executor-0] INFO  impl.RaftServerImpl (RaftServerImpl.java:lambda$shutdown$3(245)) - a3f6fd5f-9e33-4809-b62b-285069cd76bb: shutdown group-5840AAFF3D5D
2019-08-21 19:15:26,659 [grpc-default-executor-0] INFO  util.JmxRegister (JmxRegister.java:unregister(73)) - Successfully un-registered JMX Bean with object name Ratis:service=RaftServer,group=group-5840AAFF3D5D,id=a3f6fd5f-9e33-4809-b62b-285069cd76bb
2019-08-21 19:15:26,659 [grpc-default-executor-0] INFO  impl.RoleInfo (RoleInfo.java:shutdownFollowerState(121)) - a3f6fd5f-9e33-4809-b62b-285069cd76bb: shutdown FollowerState
2019-08-21 19:15:26,659 [grpc-default-executor-0] INFO  impl.StateMachineUpdater (StateMachineUpdater.java:stopAndJoin(115)) - StateMachineUpdater:a3f6fd5f-9e33-4809-b62b-285069cd76bb:group-5840AAFF3D5D: set stopIndex = -1
2019-08-21 19:15:26,659 [Thread-597] INFO  impl.FollowerState (FollowerState.java:run(114)) - a3f6fd5f-9e33-4809-b62b-285069cd76bb: FollowerState was interrupted: java.lang.InterruptedException: sleep interrupted
2019-08-21 19:15:26,659 [grpc-default-executor-0] INFO  impl.RaftServerImpl (ServerState.java:close(394)) - a3f6fd5f-9e33-4809-b62b-285069cd76bb:group-5840AAFF3D5D closes. The last applied log index is -1
2019-08-21 19:15:26,662 [a3f6fd5f-9e33-4809-b62b-285069cd76bb-SegmentedRaftLogWorker:Storage Directory /workdir/hadoop-ozone/integration-test/target/test-dir/MiniOzoneClusterImpl-da9650cd-6fd3-441d-ace5-375aff5f2007/datanode-0/data/ratis/aff19968-5e88-455a-a9e5-5840aaff3d5d] INFO  segmented.SegmentedRaftLogWorker (SegmentedRaftLogWorker.java:run(313)) - a3f6fd5f-9e33-4809-b62b-285069cd76bb-SegmentedRaftLogWorker:Storage Directory /workdir/hadoop-ozone/integration-test/target/test-dir/MiniOzoneClusterImpl-da9650cd-6fd3-441d-ace5-375aff5f2007/datanode-0/data/ratis/aff19968-5e88-455a-a9e5-5840aaff3d5d was interrupted, exiting. There are 0 tasks remaining in the queue.
2019-08-21 19:15:26,663 [grpc-default-executor-0] INFO  segmented.SegmentedRaftLogWorker (SegmentedRaftLogWorker.java:close(228)) - a3f6fd5f-9e33-4809-b62b-285069cd76bb-SegmentedRaftLogWorker:Storage Directory /workdir/hadoop-ozone/integration-test/target/test-dir/MiniOzoneClusterImpl-da9650cd-6fd3-441d-ace5-375aff5f2007/datanode-0/data/ratis/aff19968-5e88-455a-a9e5-5840aaff3d5d close()
2019-08-21 19:15:26,838 | INFO  | SCMAudit | user=jenkins1000 | ip=192.168.69.80 | op=REGISTER {datanodeDetails=aaf6dc24-a38a-4a1e-b0cd-0cf0bb7e14c3{ip: 192.168.69.80, host: pr-hdds-2002-6qlp9-457884439, networkLocation: /default-rack, certSerialId: null}} | ret=SUCCESS |  
2019-08-21 19:15:26,845 [grpc-default-executor-0] INFO  impl.RaftServerProxy (RaftServerProxy.java:remove(95)) - aaf6dc24-a38a-4a1e-b0cd-0cf0bb7e14c3: remove FOLLOWER group-5840AAFF3D5D aaf6dc24-a38a-4a1e-b0cd-0cf0bb7e14c3:t1, leader=null, voted=aaf6dc24-a38a-4a1e-b0cd-0cf0bb7e14c3, raftlog=aaf6dc24-a38a-4a1e-b0cd-0cf0bb7e14c3-SegmentedRaftLog:OPENED:c-1,f0,i0, conf=0: [a3f6fd5f-9e33-4809-b62b-285069cd76bb:192.168.69.80:41152, 3a4645e2-fe5f-4037-bc26-36547f186637:192.168.69.80:40661, aaf6dc24-a38a-4a1e-b0cd-0cf0bb7e14c3:192.168.69.80:41359], old=null RUNNING
2019-08-21 19:15:26,845 [grpc-default-executor-0] INFO  impl.RaftServerImpl (RaftServerImpl.java:lambda$shutdown$3(245)) - aaf6dc24-a38a-4a1e-b0cd-0cf0bb7e14c3: shutdown group-5840AAFF3D5D
2019-08-21 19:15:26,846 [grpc-default-executor-0] INFO  util.JmxRegister (JmxRegister.java:unregister(73)) - Successfully un-registered JMX Bean with object name Ratis:service=RaftServer,group=group-5840AAFF3D5D,id=aaf6dc24-a38a-4a1e-b0cd-0cf0bb7e14c3
2019-08-21 19:15:26,846 [grpc-default-executor-0] INFO  impl.RoleInfo (RoleInfo.java:shutdownFollowerState(121)) - aaf6dc24-a38a-4a1e-b0cd-0cf0bb7e14c3: shutdown FollowerState
2019-08-21 19:15:26,846 [grpc-default-executor-0] INFO  impl.StateMachineUpdater (StateMachineUpdater.java:stopAndJoin(115)) - StateMachineUpdater:aaf6dc24-a38a-4a1e-b0cd-0cf0bb7e14c3:group-5840AAFF3D5D: set stopIndex = -1
2019-08-21 19:15:26,846 [Thread-600] INFO  impl.FollowerState (FollowerState.java:run(114)) - aaf6dc24-a38a-4a1e-b0cd-0cf0bb7e14c3: FollowerState was interrupted: java.lang.InterruptedException: sleep interrupted
2019-08-21 19:15:26,846 [grpc-default-executor-0] INFO  impl.RaftServerImpl (ServerState.java:close(394)) - aaf6dc24-a38a-4a1e-b0cd-0cf0bb7e14c3:group-5840AAFF3D5D closes. The last applied log index is -1
2019-08-21 19:15:26,848 [aaf6dc24-a38a-4a1e-b0cd-0cf0bb7e14c3-SegmentedRaftLogWorker:Storage Directory /workdir/hadoop-ozone/integration-test/target/test-dir/MiniOzoneClusterImpl-da9650cd-6fd3-441d-ace5-375aff5f2007/datanode-1/data/ratis/aff19968-5e88-455a-a9e5-5840aaff3d5d] INFO  segmented.SegmentedRaftLogWorker (SegmentedRaftLogWorker.java:run(313)) - aaf6dc24-a38a-4a1e-b0cd-0cf0bb7e14c3-SegmentedRaftLogWorker:Storage Directory /workdir/hadoop-ozone/integration-test/target/test-dir/MiniOzoneClusterImpl-da9650cd-6fd3-441d-ace5-375aff5f2007/datanode-1/data/ratis/aff19968-5e88-455a-a9e5-5840aaff3d5d was interrupted, exiting. There are 0 tasks remaining in the queue.
2019-08-21 19:15:26,850 [grpc-default-executor-0] INFO  segmented.SegmentedRaftLogWorker (SegmentedRaftLogWorker.java:close(228)) - aaf6dc24-a38a-4a1e-b0cd-0cf0bb7e14c3-SegmentedRaftLogWorker:Storage Directory /workdir/hadoop-ozone/integration-test/target/test-dir/MiniOzoneClusterImpl-da9650cd-6fd3-441d-ace5-375aff5f2007/datanode-1/data/ratis/aff19968-5e88-455a-a9e5-5840aaff3d5d close()
2019-08-21 19:15:27,240 | INFO  | SCMAudit | user=jenkins1000 | ip=192.168.69.80 | op=REGISTER {datanodeDetails=3a4645e2-fe5f-4037-bc26-36547f186637{ip: 192.168.69.80, host: pr-hdds-2002-6qlp9-457884439, networkLocation: /default-rack, certSerialId: null}} | ret=SUCCESS |  
2019-08-21 19:15:27,247 [grpc-default-executor-0] INFO  impl.RaftServerProxy (RaftServerProxy.java:remove(95)) - 3a4645e2-fe5f-4037-bc26-36547f186637: remove FOLLOWER group-5840AAFF3D5D 3a4645e2-fe5f-4037-bc26-36547f186637:t1, leader=null, voted=aaf6dc24-a38a-4a1e-b0cd-0cf0bb7e14c3, raftlog=3a4645e2-fe5f-4037-bc26-36547f186637-SegmentedRaftLog:OPENED:c-1,f0,i0, conf=0: [a3f6fd5f-9e33-4809-b62b-285069cd76bb:192.168.69.80:41152, 3a4645e2-fe5f-4037-bc26-36547f186637:192.168.69.80:40661, aaf6dc24-a38a-4a1e-b0cd-0cf0bb7e14c3:192.168.69.80:41359], old=null RUNNING
2019-08-21 19:15:27,247 [grpc-default-executor-0] INFO  impl.RaftServerImpl (RaftServerImpl.java:lambda$shutdown$3(245)) - 3a4645e2-fe5f-4037-bc26-36547f186637: shutdown group-5840AAFF3D5D
2019-08-21 19:15:27,247 [grpc-default-executor-0] INFO  util.JmxRegister (JmxRegister.java:unregister(73)) - Successfully un-registered JMX Bean with object name Ratis:service=RaftServer,group=group-5840AAFF3D5D,id=3a4645e2-fe5f-4037-bc26-36547f186637
2019-08-21 19:15:27,248 [grpc-default-executor-0] INFO  impl.RoleInfo (RoleInfo.java:shutdownFollowerState(121)) - 3a4645e2-fe5f-4037-bc26-36547f186637: shutdown FollowerState
2019-08-21 19:15:27,248 [grpc-default-executor-0] INFO  impl.StateMachineUpdater (StateMachineUpdater.java:stopAndJoin(115)) - StateMachineUpdater:3a4645e2-fe5f-4037-bc26-36547f186637:group-5840AAFF3D5D: set stopIndex = -1
2019-08-21 19:15:27,248 [Thread-601] INFO  impl.FollowerState (FollowerState.java:run(114)) - 3a4645e2-fe5f-4037-bc26-36547f186637: FollowerState was interrupted: java.lang.InterruptedException: sleep interrupted
2019-08-21 19:15:27,248 [grpc-default-executor-0] INFO  impl.RaftServerImpl (ServerState.java:close(394)) - 3a4645e2-fe5f-4037-bc26-36547f186637:group-5840AAFF3D5D closes. The last applied log index is -1
2019-08-21 19:15:27,250 [3a4645e2-fe5f-4037-bc26-36547f186637-SegmentedRaftLogWorker:Storage Directory /workdir/hadoop-ozone/integration-test/target/test-dir/MiniOzoneClusterImpl-da9650cd-6fd3-441d-ace5-375aff5f2007/datanode-2/data/ratis/aff19968-5e88-455a-a9e5-5840aaff3d5d] INFO  segmented.SegmentedRaftLogWorker (SegmentedRaftLogWorker.java:run(313)) - 3a4645e2-fe5f-4037-bc26-36547f186637-SegmentedRaftLogWorker:Storage Directory /workdir/hadoop-ozone/integration-test/target/test-dir/MiniOzoneClusterImpl-da9650cd-6fd3-441d-ace5-375aff5f2007/datanode-2/data/ratis/aff19968-5e88-455a-a9e5-5840aaff3d5d was interrupted, exiting. There are 0 tasks remaining in the queue.
2019-08-21 19:15:27,252 [grpc-default-executor-0] INFO  segmented.SegmentedRaftLogWorker (SegmentedRaftLogWorker.java:close(228)) - 3a4645e2-fe5f-4037-bc26-36547f186637-SegmentedRaftLogWorker:Storage Directory /workdir/hadoop-ozone/integration-test/target/test-dir/MiniOzoneClusterImpl-da9650cd-6fd3-441d-ace5-375aff5f2007/datanode-2/data/ratis/aff19968-5e88-455a-a9e5-5840aaff3d5d close()
2019-08-21 19:15:27,781 [main] INFO  ozone.MiniOzoneClusterImpl (MiniOzoneClusterImpl.java:shutdown(321)) - Shutting down the Mini Ozone Cluster
2019-08-21 19:15:27,782 | INFO  | SCMAudit | user=null | ip=null | op=GET_SCM_INFO null | ret=SUCCESS |  
2019-08-21 19:15:27,782 [main] INFO  ozone.MiniOzoneClusterImpl (MiniOzoneClusterImpl.java:stop(336)) - Stopping the Mini Ozone Cluster
2019-08-21 19:15:27,782 [main] INFO  ozone.MiniOzoneClusterImpl (MiniOzoneClusterImpl.java:stop(338)) - Stopping the OzoneManager
2019-08-21 19:15:27,783 [main] INFO  ipc.Server (Server.java:stop(3082)) - Stopping server on 46334
2019-08-21 19:15:27,792 [main] INFO  ratis.OzoneManagerDoubleBuffer (OzoneManagerDoubleBuffer.java:stop(248)) - Stopping OMDoubleBuffer flush thread
2019-08-21 19:15:27,792 [IPC Server listener on 46334] INFO  ipc.Server (Server.java:run(1185)) - Stopping IPC Server listener on 46334
2019-08-21 19:15:27,799 [IPC Server Responder] INFO  ipc.Server (Server.java:run(1319)) - Stopping IPC Server Responder
2019-08-21 19:15:27,799 [OMDoubleBufferFlushThread] INFO  ratis.OzoneManagerDoubleBuffer (OzoneManagerDoubleBuffer.java:flushTransactions(191)) - OMDoubleBuffer flush thread OMDoubleBufferFlushThread is interrupted and will exit. OMDoubleBufferFlushThread
2019-08-21 19:15:27,802 [main] INFO  utils.BackgroundService (BackgroundService.java:shutdown(148)) - Shutting down service KeyDeletingService
2019-08-21 19:15:27,806 [main] INFO  handler.ContextHandler (ContextHandler.java:doStop(910)) - Stopped o.e.j.w.WebAppContext@37fbfd76{/,null,UNAVAILABLE}{/ozoneManager}
2019-08-21 19:15:27,807 [main] INFO  server.AbstractConnector (AbstractConnector.java:doStop(318)) - Stopped ServerConnector@fe8e517{HTTP/1.1,[http/1.1]}{0.0.0.0:0}
2019-08-21 19:15:27,808 [main] INFO  handler.ContextHandler (ContextHandler.java:doStop(910)) - Stopped o.e.j.s.ServletContextHandler@3310328b{/static,file:///workdir/hadoop-ozone/integration-test/target/test-classes/webapps/static,UNAVAILABLE}
2019-08-21 19:15:27,809 [main] INFO  handler.ContextHandler (ContextHandler.java:doStop(910)) - Stopped o.e.j.s.ServletContextHandler@367ee8ee{/logs,file:///workdir/hadoop-ozone/integration-test/target/log,UNAVAILABLE}
2019-08-21 19:15:27,812 [main] INFO  ozone.MiniOzoneClusterImpl (MiniOzoneClusterImpl.java:stop(344)) - Shutting the HddsDatanodes
2019-08-21 19:15:27,812 [main] INFO  datanode.ObjectStoreHandler (ObjectStoreHandler.java:close(155)) - Closing ObjectStoreHandler.
2019-08-21 19:15:27,813 [ForkJoinPool.commonPool-worker-1] INFO  datanode.ObjectStoreHandler (ObjectStoreHandler.java:close(155)) - Closing ObjectStoreHandler.
2019-08-21 19:15:27,813 [main] INFO  ozone.HddsDatanodeService (HddsDatanodeService.java:stop(451)) - Stopped plug-in org.apache.hadoop.ozone.web.OzoneHddsDatanodeService@4c283704
2019-08-21 19:15:27,813 [ForkJoinPool.commonPool-worker-1] INFO  ozone.HddsDatanodeService (HddsDatanodeService.java:stop(451)) - Stopped plug-in org.apache.hadoop.ozone.web.OzoneHddsDatanodeService@70f62fbb
2019-08-21 19:15:28,642 [Datanode State Machine Thread - 0] INFO  statemachine.DatanodeStateMachine (DatanodeStateMachine.java:lambda$startDaemon$0(350)) - Ozone container server started.
2019-08-21 19:15:28,836 [Datanode State Machine Thread - 0] INFO  statemachine.DatanodeStateMachine (DatanodeStateMachine.java:lambda$startDaemon$0(350)) - Ozone container server started.
2019-08-21 19:15:29,239 | INFO  | SCMAudit | user=jenkins1000 | ip=192.168.69.80 | op=SEND_HEARTBEAT {datanodeUUID=3a4645e2-fe5f-4037-bc26-36547f186637, command=[]} | ret=SUCCESS |  
2019-08-21 19:15:29,480 [grpc-default-executor-0] INFO  impl.RaftServerProxy (RaftServerProxy.java:addNew(89)) - 3a4645e2-fe5f-4037-bc26-36547f186637: addNew group-6295802A692C:[3a4645e2-fe5f-4037-bc26-36547f186637:192.168.69.80:40661] returns group-6295802A692C:java.util.concurrent.CompletableFuture@31f05517[Not completed]
2019-08-21 19:15:29,481 [pool-170-thread-1] INFO  impl.RaftServerImpl (RaftServerImpl.java:<init>(93)) - 3a4645e2-fe5f-4037-bc26-36547f186637: new RaftServerImpl for group-6295802A692C:[3a4645e2-fe5f-4037-bc26-36547f186637:192.168.69.80:40661] with ContainerStateMachine:uninitialized
2019-08-21 19:15:29,481 [pool-170-thread-1] INFO  server.RaftServerConfigKeys (ConfUtils.java:logGet(43)) - raft.server.rpc.timeout.min = 5s (custom)
2019-08-21 19:15:29,481 [pool-170-thread-1] INFO  server.RaftServerConfigKeys (ConfUtils.java:logGet(43)) - raft.server.rpc.timeout.max = 5200ms (custom)
2019-08-21 19:15:29,481 [pool-170-thread-1] INFO  server.RaftServerConfigKeys (ConfUtils.java:logGet(43)) - raft.server.rpcslowness.timeout = 120s (custom)
2019-08-21 19:15:29,481 [pool-170-thread-1] INFO  server.RaftServerConfigKeys (ConfUtils.java:logGet(43)) - raft.server.sleep.deviation.threshold = 300 (default)
2019-08-21 19:15:29,481 [pool-170-thread-1] INFO  server.RaftServerConfigKeys (ConfUtils.java:logGet(43)) - raft.server.log.appender.install.snapshot.enabled = false (custom)
2019-08-21 19:15:29,481 [pool-170-thread-1] INFO  impl.RaftServerImpl (ServerState.java:<init>(105)) - 3a4645e2-fe5f-4037-bc26-36547f186637:group-6295802A692C ConfigurationManager, init=-1: [3a4645e2-fe5f-4037-bc26-36547f186637:192.168.69.80:40661], old=null, confs=<EMPTY_MAP>
2019-08-21 19:15:29,482 [pool-170-thread-1] INFO  server.RaftServerConfigKeys (ConfUtils.java:logGet(43)) - raft.server.storage.dir = [/workdir/hadoop-ozone/integration-test/target/test-dir/MiniOzoneClusterImpl-da9650cd-6fd3-441d-ace5-375aff5f2007/datanode-2/data/ratis] (custom)
2019-08-21 19:15:29,482 [pool-170-thread-1] INFO  storage.RaftStorageDirectory (RaftStorageDirectory.java:analyzeStorage(246)) - The storage directory /workdir/hadoop-ozone/integration-test/target/test-dir/MiniOzoneClusterImpl-da9650cd-6fd3-441d-ace5-375aff5f2007/datanode-2/data/ratis/ad9953f4-5c35-4c27-b21d-6295802a692c does not exist. Creating ...
2019-08-21 19:15:29,495 [pool-170-thread-1] INFO  storage.RaftStorageDirectory (RaftStorageDirectory.java:tryLock(328)) - Lock on /workdir/hadoop-ozone/integration-test/target/test-dir/MiniOzoneClusterImpl-da9650cd-6fd3-441d-ace5-375aff5f2007/datanode-2/data/ratis/ad9953f4-5c35-4c27-b21d-6295802a692c/in_use.lock acquired by nodename 23490@pr-hdds-2002-6qlp9-457884439
2019-08-21 19:15:29,507 [pool-170-thread-1] INFO  storage.RaftStorage (RaftStorage.java:format(72)) - Storage directory /workdir/hadoop-ozone/integration-test/target/test-dir/MiniOzoneClusterImpl-da9650cd-6fd3-441d-ace5-375aff5f2007/datanode-2/data/ratis/ad9953f4-5c35-4c27-b21d-6295802a692c has been successfully formatted.
2019-08-21 19:15:29,508 [pool-170-thread-1] INFO  ratis.ContainerStateMachine (ContainerStateMachine.java:loadSnapshot(226)) - group-6295802A692C: The snapshot info is null. Setting the last applied indexto:(t:0, i:~)
2019-08-21 19:15:29,508 [pool-170-thread-1] INFO  server.RaftServerConfigKeys (ConfUtils.java:logGet(43)) - raft.server.leader.election.timeout = 120s (custom)
2019-08-21 19:15:29,508 [pool-170-thread-1] INFO  server.RaftServerConfigKeys (ConfUtils.java:logGet(43)) - raft.server.log.use.memory = false (default)
2019-08-21 19:15:29,508 [pool-170-thread-1] INFO  server.RaftServerConfigKeys (ConfUtils.java:logGet(43)) - raft.server.log.purge.gap = 1000000 (custom)
2019-08-21 19:15:29,509 [pool-170-thread-1] INFO  server.RaftServerConfigKeys (ConfUtils.java:logGet(43)) - raft.server.log.appender.buffer.byte-limit = 33554432 (custom)
2019-08-21 19:15:29,509 [pool-170-thread-1] INFO  server.RaftServerConfigKeys (ConfUtils.java:logGet(43)) - raft.server.log.segment.size.max = 1048576 (custom)
2019-08-21 19:15:29,509 [pool-170-thread-1] INFO  server.RaftServerConfigKeys (ConfUtils.java:logGet(43)) - raft.server.log.segment.cache.num.max = 2 (custom)
2019-08-21 19:15:29,509 [pool-170-thread-1] INFO  segmented.SegmentedRaftLogWorker (SegmentedRaftLogWorker.java:<init>(172)) - new 3a4645e2-fe5f-4037-bc26-36547f186637-SegmentedRaftLogWorker:Storage Directory /workdir/hadoop-ozone/integration-test/target/test-dir/MiniOzoneClusterImpl-da9650cd-6fd3-441d-ace5-375aff5f2007/datanode-2/data/ratis/ad9953f4-5c35-4c27-b21d-6295802a692c for RaftStorage:Storage Directory /workdir/hadoop-ozone/integration-test/target/test-dir/MiniOzoneClusterImpl-da9650cd-6fd3-441d-ace5-375aff5f2007/datanode-2/data/ratis/ad9953f4-5c35-4c27-b21d-6295802a692c
2019-08-21 19:15:29,509 [pool-170-thread-1] INFO  server.RaftServerConfigKeys (ConfUtils.java:logGet(43)) - raft.server.log.queue.byte-limit = 2147483647 (custom)
2019-08-21 19:15:29,509 [pool-170-thread-1] INFO  server.RaftServerConfigKeys (ConfUtils.java:logGet(43)) - raft.server.log.queue.element-limit = 1024 (custom)
2019-08-21 19:15:29,510 [pool-170-thread-1] INFO  server.RaftServerConfigKeys (ConfUtils.java:logGet(43)) - raft.server.log.segment.size.max = 1048576 (custom)
2019-08-21 19:15:29,510 [pool-170-thread-1] INFO  server.RaftServerConfigKeys (ConfUtils.java:logGet(43)) - raft.server.log.preallocated.size = 16384 (custom)
2019-08-21 19:15:29,510 [pool-170-thread-1] INFO  server.RaftServerConfigKeys (ConfUtils.java:logGet(43)) - raft.server.log.write.buffer.size = 33554432 (custom)
2019-08-21 19:15:29,510 [pool-170-thread-1] INFO  server.RaftServerConfigKeys (ConfUtils.java:logGet(43)) - raft.server.log.force.sync.num = 128 (default)
2019-08-21 19:15:29,510 [pool-170-thread-1] INFO  server.RaftServerConfigKeys (ConfUtils.java:logGet(43)) - raft.server.log.statemachine.data.sync = true (default)
2019-08-21 19:15:29,511 [pool-170-thread-1] INFO  server.RaftServerConfigKeys (ConfUtils.java:logGet(43)) - raft.server.log.statemachine.data.sync.timeout = 10s (default)
2019-08-21 19:15:29,511 [pool-170-thread-1] INFO  server.RaftServerConfigKeys (ConfUtils.java:logGet(43)) - raft.server.log.statemachine.data.sync.timeout.retry = -1 (default)
2019-08-21 19:15:29,511 [pool-170-thread-1] INFO  server.RaftServerConfigKeys (ConfUtils.java:logGet(43)) - raft.server.log.statemachine.data.caching.enabled = true (custom)
2019-08-21 19:15:29,511 [pool-170-thread-1] INFO  segmented.SegmentedRaftLogWorker (SegmentedRaftLogWorker.java:lambda$new$0(132)) - 3a4645e2-fe5f-4037-bc26-36547f186637-SegmentedRaftLogWorker:Storage Directory /workdir/hadoop-ozone/integration-test/target/test-dir/MiniOzoneClusterImpl-da9650cd-6fd3-441d-ace5-375aff5f2007/datanode-2/data/ratis/ad9953f4-5c35-4c27-b21d-6295802a692c: flushIndex: setUnconditionally 0 -> -1
2019-08-21 19:15:29,512 [pool-170-thread-1] INFO  server.RaftServerConfigKeys (ConfUtils.java:logGet(43)) - raft.server.snapshot.auto.trigger.enabled = true (custom)
2019-08-21 19:15:29,512 [pool-170-thread-1] INFO  server.RaftServerConfigKeys (ConfUtils.java:logGet(43)) - raft.server.snapshot.auto.trigger.threshold = 10000 (custom)
2019-08-21 19:15:29,512 [pool-170-thread-1] INFO  server.RaftServerConfigKeys (ConfUtils.java:logGet(43)) - raft.server.retrycache.expirytime = 600000ms (custom)
2019-08-21 19:15:29,512 [pool-170-thread-1] INFO  impl.RaftServerImpl (RaftServerImpl.java:start(180)) - 3a4645e2-fe5f-4037-bc26-36547f186637: start group-6295802A692C
2019-08-21 19:15:29,513 [pool-170-thread-1] INFO  impl.RaftServerImpl (RaftServerImpl.java:setRole(171)) - 3a4645e2-fe5f-4037-bc26-36547f186637:group-6295802A692C changes role from null to FOLLOWER at term 0 for startAsFollower
2019-08-21 19:15:29,513 [pool-170-thread-1] INFO  impl.RoleInfo (RoleInfo.java:updateAndGet(143)) - 3a4645e2-fe5f-4037-bc26-36547f186637: start FollowerState
2019-08-21 19:15:29,513 [pool-170-thread-1] INFO  util.JmxRegister (JmxRegister.java:tryRegister(44)) - Successfully registered JMX Bean with object name Ratis:service=RaftServer,group=group-6295802A692C,id=3a4645e2-fe5f-4037-bc26-36547f186637
2019-08-21 19:15:29,518 [RatisPipelineUtilsThread] INFO  pipeline.PipelineStateManager (PipelineStateManager.java:addPipeline(56)) - Created pipeline Pipeline[ Id: ad9953f4-5c35-4c27-b21d-6295802a692c, Nodes: 3a4645e2-fe5f-4037-bc26-36547f186637{ip: 192.168.69.80, host: pr-hdds-2002-6qlp9-457884439, networkLocation: /default-rack, certSerialId: null}, Type:RATIS, Factor:ONE, State:OPEN]
2019-08-21 19:15:29,674 [Thread-598] INFO  impl.FollowerState (FollowerState.java:run(106)) - a3f6fd5f-9e33-4809-b62b-285069cd76bb:group-0B3E927DC9F2 changes to CANDIDATE, lastRpcTime:5016, electionTimeout:5015ms
2019-08-21 19:15:29,675 [Thread-598] INFO  impl.RoleInfo (RoleInfo.java:shutdownFollowerState(121)) - a3f6fd5f-9e33-4809-b62b-285069cd76bb: shutdown FollowerState
2019-08-21 19:15:29,675 [Thread-598] INFO  impl.RaftServerImpl (RaftServerImpl.java:setRole(171)) - a3f6fd5f-9e33-4809-b62b-285069cd76bb:group-0B3E927DC9F2 changes role from FOLLOWER to CANDIDATE at term 1 for changeToCandidate
2019-08-21 19:15:29,675 [Thread-598] INFO  impl.RoleInfo (RoleInfo.java:updateAndGet(143)) - a3f6fd5f-9e33-4809-b62b-285069cd76bb: start LeaderElection
2019-08-21 19:15:29,692 [a3f6fd5f-9e33-4809-b62b-285069cd76bb:group-0B3E927DC9F2:LeaderElection20] INFO  impl.LeaderElection (LeaderElection.java:askForVotes(181)) - a3f6fd5f-9e33-4809-b62b-285069cd76bb:group-0B3E927DC9F2:LeaderElection20: begin an election at term 2 for 0: [a3f6fd5f-9e33-4809-b62b-285069cd76bb:192.168.69.80:41152], old=null
2019-08-21 19:15:29,692 [a3f6fd5f-9e33-4809-b62b-285069cd76bb:group-0B3E927DC9F2:LeaderElection20] INFO  impl.RoleInfo (RoleInfo.java:shutdownLeaderElection(134)) - a3f6fd5f-9e33-4809-b62b-285069cd76bb: shutdown LeaderElection
2019-08-21 19:15:29,692 [a3f6fd5f-9e33-4809-b62b-285069cd76bb:group-0B3E927DC9F2:LeaderElection20] INFO  impl.RaftServerImpl (RaftServerImpl.java:setRole(171)) - a3f6fd5f-9e33-4809-b62b-285069cd76bb:group-0B3E927DC9F2 changes role from CANDIDATE to LEADER at term 2 for changeToLeader
2019-08-21 19:15:29,692 [a3f6fd5f-9e33-4809-b62b-285069cd76bb:group-0B3E927DC9F2:LeaderElection20] INFO  impl.RaftServerImpl (ServerState.java:setLeader(263)) - a3f6fd5f-9e33-4809-b62b-285069cd76bb:group-0B3E927DC9F2 change Leader from null to a3f6fd5f-9e33-4809-b62b-285069cd76bb at term 2 for becomeLeader, leader elected after 7168ms
2019-08-21 19:15:29,693 [a3f6fd5f-9e33-4809-b62b-285069cd76bb:group-0B3E927DC9F2:LeaderElection20] INFO  server.RaftServerConfigKeys (ConfUtils.java:logGet(43)) - raft.server.staging.catchup.gap = 1000 (default)
2019-08-21 19:15:29,693 [a3f6fd5f-9e33-4809-b62b-285069cd76bb:group-0B3E927DC9F2:LeaderElection20] INFO  server.RaftServerConfigKeys (ConfUtils.java:logGet(43)) - raft.server.rpc.sleep.time = 25ms (default)
2019-08-21 19:15:29,693 [a3f6fd5f-9e33-4809-b62b-285069cd76bb:group-0B3E927DC9F2:LeaderElection20] INFO  server.RaftServerConfigKeys (ConfUtils.java:logGet(43)) - raft.server.write.element-limit = 4096 (default)
2019-08-21 19:15:29,693 [a3f6fd5f-9e33-4809-b62b-285069cd76bb:group-0B3E927DC9F2:LeaderElection20] INFO  server.RaftServerConfigKeys (ConfUtils.java:logGet(43)) - raft.server.watch.timeout = 10s (default)
2019-08-21 19:15:29,693 [a3f6fd5f-9e33-4809-b62b-285069cd76bb:group-0B3E927DC9F2:LeaderElection20] INFO  server.RaftServerConfigKeys (ConfUtils.java:logGet(43)) - raft.server.watch.timeout.denomination = 1s (default)
2019-08-21 19:15:29,693 [a3f6fd5f-9e33-4809-b62b-285069cd76bb:group-0B3E927DC9F2:LeaderElection20] INFO  server.RaftServerConfigKeys (ConfUtils.java:logGet(43)) - raft.server.watch.element-limit = 65536 (default)
2019-08-21 19:15:29,694 [a3f6fd5f-9e33-4809-b62b-285069cd76bb:group-0B3E927DC9F2:LeaderElection20] INFO  impl.RoleInfo (RoleInfo.java:updateAndGet(143)) - a3f6fd5f-9e33-4809-b62b-285069cd76bb: start LeaderState
2019-08-21 19:15:29,694 [a3f6fd5f-9e33-4809-b62b-285069cd76bb:group-0B3E927DC9F2:LeaderElection20] INFO  segmented.SegmentedRaftLogWorker (SegmentedRaftLogWorker.java:rollLogSegment(385)) - a3f6fd5f-9e33-4809-b62b-285069cd76bb-SegmentedRaftLogWorker:Storage Directory /workdir/hadoop-ozone/integration-test/target/test-dir/MiniOzoneClusterImpl-da9650cd-6fd3-441d-ace5-375aff5f2007/datanode-0/data/ratis/f1b510b9-44ae-4617-926e-0b3e927dc9f2: Rolling segment log-0_0 to index:0
2019-08-21 19:15:29,698 [a3f6fd5f-9e33-4809-b62b-285069cd76bb-SegmentedRaftLogWorker:Storage Directory /workdir/hadoop-ozone/integration-test/target/test-dir/MiniOzoneClusterImpl-da9650cd-6fd3-441d-ace5-375aff5f2007/datanode-0/data/ratis/f1b510b9-44ae-4617-926e-0b3e927dc9f2] INFO  segmented.SegmentedRaftLogWorker (SegmentedRaftLogWorker.java:execute(526)) - a3f6fd5f-9e33-4809-b62b-285069cd76bb-SegmentedRaftLogWorker:Storage Directory /workdir/hadoop-ozone/integration-test/target/test-dir/MiniOzoneClusterImpl-da9650cd-6fd3-441d-ace5-375aff5f2007/datanode-0/data/ratis/f1b510b9-44ae-4617-926e-0b3e927dc9f2: Rolled log segment from /workdir/hadoop-ozone/integration-test/target/test-dir/MiniOzoneClusterImpl-da9650cd-6fd3-441d-ace5-375aff5f2007/datanode-0/data/ratis/f1b510b9-44ae-4617-926e-0b3e927dc9f2/current/log_inprogress_0 to /workdir/hadoop-ozone/integration-test/target/test-dir/MiniOzoneClusterImpl-da9650cd-6fd3-441d-ace5-375aff5f2007/datanode-0/data/ratis/f1b510b9-44ae-4617-926e-0b3e927dc9f2/current/log_0-0
2019-08-21 19:15:29,702 [a3f6fd5f-9e33-4809-b62b-285069cd76bb:group-0B3E927DC9F2:LeaderElection20] INFO  impl.RaftServerImpl (ServerState.java:setRaftConf(361)) - a3f6fd5f-9e33-4809-b62b-285069cd76bb:group-0B3E927DC9F2 set configuration 1: [a3f6fd5f-9e33-4809-b62b-285069cd76bb:192.168.69.80:41152], old=null at 1
2019-08-21 19:15:29,744 [a3f6fd5f-9e33-4809-b62b-285069cd76bb-SegmentedRaftLogWorker:Storage Directory /workdir/hadoop-ozone/integration-test/target/test-dir/MiniOzoneClusterImpl-da9650cd-6fd3-441d-ace5-375aff5f2007/datanode-0/data/ratis/f1b510b9-44ae-4617-926e-0b3e927dc9f2] INFO  segmented.SegmentedRaftLogWorker (SegmentedRaftLogWorker.java:execute(569)) - a3f6fd5f-9e33-4809-b62b-285069cd76bb-SegmentedRaftLogWorker:Storage Directory /workdir/hadoop-ozone/integration-test/target/test-dir/MiniOzoneClusterImpl-da9650cd-6fd3-441d-ace5-375aff5f2007/datanode-0/data/ratis/f1b510b9-44ae-4617-926e-0b3e927dc9f2: created new log segment /workdir/hadoop-ozone/integration-test/target/test-dir/MiniOzoneClusterImpl-da9650cd-6fd3-441d-ace5-375aff5f2007/datanode-0/data/ratis/f1b510b9-44ae-4617-926e-0b3e927dc9f2/current/log_inprogress_1
2019-08-21 19:15:29,966 [Thread-599] INFO  impl.FollowerState (FollowerState.java:run(106)) - aaf6dc24-a38a-4a1e-b0cd-0cf0bb7e14c3:group-3AF90EA45AB2 changes to CANDIDATE, lastRpcTime:5117, electionTimeout:5117ms
2019-08-21 19:15:29,966 [Thread-599] INFO  impl.RoleInfo (RoleInfo.java:shutdownFollowerState(121)) - aaf6dc24-a38a-4a1e-b0cd-0cf0bb7e14c3: shutdown FollowerState
2019-08-21 19:15:29,966 [Thread-599] INFO  impl.RaftServerImpl (RaftServerImpl.java:setRole(171)) - aaf6dc24-a38a-4a1e-b0cd-0cf0bb7e14c3:group-3AF90EA45AB2 changes role from FOLLOWER to CANDIDATE at term 1 for changeToCandidate
2019-08-21 19:15:29,966 [Thread-599] INFO  impl.RoleInfo (RoleInfo.java:updateAndGet(143)) - aaf6dc24-a38a-4a1e-b0cd-0cf0bb7e14c3: start LeaderElection
2019-08-21 19:15:29,988 [aaf6dc24-a38a-4a1e-b0cd-0cf0bb7e14c3:group-3AF90EA45AB2:LeaderElection21] INFO  impl.LeaderElection (LeaderElection.java:askForVotes(181)) - aaf6dc24-a38a-4a1e-b0cd-0cf0bb7e14c3:group-3AF90EA45AB2:LeaderElection21: begin an election at term 2 for 0: [aaf6dc24-a38a-4a1e-b0cd-0cf0bb7e14c3:192.168.69.80:41359], old=null
2019-08-21 19:15:29,989 [aaf6dc24-a38a-4a1e-b0cd-0cf0bb7e14c3:group-3AF90EA45AB2:LeaderElection21] INFO  impl.RoleInfo (RoleInfo.java:shutdownLeaderElection(134)) - aaf6dc24-a38a-4a1e-b0cd-0cf0bb7e14c3: shutdown LeaderElection
2019-08-21 19:15:29,989 [aaf6dc24-a38a-4a1e-b0cd-0cf0bb7e14c3:group-3AF90EA45AB2:LeaderElection21] INFO  impl.RaftServerImpl (RaftServerImpl.java:setRole(171)) - aaf6dc24-a38a-4a1e-b0cd-0cf0bb7e14c3:group-3AF90EA45AB2 changes role from CANDIDATE to LEADER at term 2 for changeToLeader
2019-08-21 19:15:29,989 [aaf6dc24-a38a-4a1e-b0cd-0cf0bb7e14c3:group-3AF90EA45AB2:LeaderElection21] INFO  impl.RaftServerImpl (ServerState.java:setLeader(263)) - aaf6dc24-a38a-4a1e-b0cd-0cf0bb7e14c3:group-3AF90EA45AB2 change Leader from null to aaf6dc24-a38a-4a1e-b0cd-0cf0bb7e14c3 at term 2 for becomeLeader, leader elected after 7258ms
2019-08-21 19:15:29,989 [aaf6dc24-a38a-4a1e-b0cd-0cf0bb7e14c3:group-3AF90EA45AB2:LeaderElection21] INFO  server.RaftServerConfigKeys (ConfUtils.java:logGet(43)) - raft.server.staging.catchup.gap = 1000 (default)
2019-08-21 19:15:29,990 [aaf6dc24-a38a-4a1e-b0cd-0cf0bb7e14c3:group-3AF90EA45AB2:LeaderElection21] INFO  server.RaftServerConfigKeys (ConfUtils.java:logGet(43)) - raft.server.rpc.sleep.time = 25ms (default)
2019-08-21 19:15:29,990 [aaf6dc24-a38a-4a1e-b0cd-0cf0bb7e14c3:group-3AF90EA45AB2:LeaderElection21] INFO  server.RaftServerConfigKeys (ConfUtils.java:logGet(43)) - raft.server.write.element-limit = 4096 (default)
2019-08-21 19:15:29,990 [aaf6dc24-a38a-4a1e-b0cd-0cf0bb7e14c3:group-3AF90EA45AB2:LeaderElection21] INFO  server.RaftServerConfigKeys (ConfUtils.java:logGet(43)) - raft.server.watch.timeout = 10s (default)
2019-08-21 19:15:29,990 [aaf6dc24-a38a-4a1e-b0cd-0cf0bb7e14c3:group-3AF90EA45AB2:LeaderElection21] INFO  server.RaftServerConfigKeys (ConfUtils.java:logGet(43)) - raft.server.watch.timeout.denomination = 1s (default)
2019-08-21 19:15:29,990 [aaf6dc24-a38a-4a1e-b0cd-0cf0bb7e14c3:group-3AF90EA45AB2:LeaderElection21] INFO  server.RaftServerConfigKeys (ConfUtils.java:logGet(43)) - raft.server.watch.element-limit = 65536 (default)
2019-08-21 19:15:29,991 [aaf6dc24-a38a-4a1e-b0cd-0cf0bb7e14c3:group-3AF90EA45AB2:LeaderElection21] INFO  impl.RoleInfo (RoleInfo.java:updateAndGet(143)) - aaf6dc24-a38a-4a1e-b0cd-0cf0bb7e14c3: start LeaderState
2019-08-21 19:15:29,991 [aaf6dc24-a38a-4a1e-b0cd-0cf0bb7e14c3:group-3AF90EA45AB2:LeaderElection21] INFO  segmented.SegmentedRaftLogWorker (SegmentedRaftLogWorker.java:rollLogSegment(385)) - aaf6dc24-a38a-4a1e-b0cd-0cf0bb7e14c3-SegmentedRaftLogWorker:Storage Directory /workdir/hadoop-ozone/integration-test/target/test-dir/MiniOzoneClusterImpl-da9650cd-6fd3-441d-ace5-375aff5f2007/datanode-1/data/ratis/b22424ea-95c9-48f2-8656-3af90ea45ab2: Rolling segment log-0_0 to index:0
2019-08-21 19:15:29,994 [aaf6dc24-a38a-4a1e-b0cd-0cf0bb7e14c3:group-3AF90EA45AB2:LeaderElection21] INFO  impl.RaftServerImpl (ServerState.java:setRaftConf(361)) - aaf6dc24-a38a-4a1e-b0cd-0cf0bb7e14c3:group-3AF90EA45AB2 set configuration 1: [aaf6dc24-a38a-4a1e-b0cd-0cf0bb7e14c3:192.168.69.80:41359], old=null at 1
2019-08-21 19:15:29,994 [aaf6dc24-a38a-4a1e-b0cd-0cf0bb7e14c3-SegmentedRaftLogWorker:Storage Directory /workdir/hadoop-ozone/integration-test/target/test-dir/MiniOzoneClusterImpl-da9650cd-6fd3-441d-ace5-375aff5f2007/datanode-1/data/ratis/b22424ea-95c9-48f2-8656-3af90ea45ab2] INFO  segmented.SegmentedRaftLogWorker (SegmentedRaftLogWorker.java:execute(526)) - aaf6dc24-a38a-4a1e-b0cd-0cf0bb7e14c3-SegmentedRaftLogWorker:Storage Directory /workdir/hadoop-ozone/integration-test/target/test-dir/MiniOzoneClusterImpl-da9650cd-6fd3-441d-ace5-375aff5f2007/datanode-1/data/ratis/b22424ea-95c9-48f2-8656-3af90ea45ab2: Rolled log segment from /workdir/hadoop-ozone/integration-test/target/test-dir/MiniOzoneClusterImpl-da9650cd-6fd3-441d-ace5-375aff5f2007/datanode-1/data/ratis/b22424ea-95c9-48f2-8656-3af90ea45ab2/current/log_inprogress_0 to /workdir/hadoop-ozone/integration-test/target/test-dir/MiniOzoneClusterImpl-da9650cd-6fd3-441d-ace5-375aff5f2007/datanode-1/data/ratis/b22424ea-95c9-48f2-8656-3af90ea45ab2/current/log_0-0
2019-08-21 19:15:30,040 [aaf6dc24-a38a-4a1e-b0cd-0cf0bb7e14c3-SegmentedRaftLogWorker:Storage Directory /workdir/hadoop-ozone/integration-test/target/test-dir/MiniOzoneClusterImpl-da9650cd-6fd3-441d-ace5-375aff5f2007/datanode-1/data/ratis/b22424ea-95c9-48f2-8656-3af90ea45ab2] INFO  segmented.SegmentedRaftLogWorker (SegmentedRaftLogWorker.java:execute(569)) - aaf6dc24-a38a-4a1e-b0cd-0cf0bb7e14c3-SegmentedRaftLogWorker:Storage Directory /workdir/hadoop-ozone/integration-test/target/test-dir/MiniOzoneClusterImpl-da9650cd-6fd3-441d-ace5-375aff5f2007/datanode-1/data/ratis/b22424ea-95c9-48f2-8656-3af90ea45ab2: created new log segment /workdir/hadoop-ozone/integration-test/target/test-dir/MiniOzoneClusterImpl-da9650cd-6fd3-441d-ace5-375aff5f2007/datanode-1/data/ratis/b22424ea-95c9-48f2-8656-3af90ea45ab2/current/log_inprogress_1
2019-08-21 19:15:30,240 | INFO  | SCMAudit | user=jenkins1000 | ip=192.168.69.80 | op=SEND_HEARTBEAT {datanodeUUID=3a4645e2-fe5f-4037-bc26-36547f186637, command=[]} | ret=SUCCESS |  
2019-08-21 19:15:30,313 [Thread-602] INFO  impl.FollowerState (FollowerState.java:run(106)) - 3a4645e2-fe5f-4037-bc26-36547f186637:group-4B391D3D34F4 changes to CANDIDATE, lastRpcTime:5060, electionTimeout:5060ms
2019-08-21 19:15:30,313 [Thread-602] INFO  impl.RoleInfo (RoleInfo.java:shutdownFollowerState(121)) - 3a4645e2-fe5f-4037-bc26-36547f186637: shutdown FollowerState
2019-08-21 19:15:30,313 [Thread-602] INFO  impl.RaftServerImpl (RaftServerImpl.java:setRole(171)) - 3a4645e2-fe5f-4037-bc26-36547f186637:group-4B391D3D34F4 changes role from FOLLOWER to CANDIDATE at term 1 for changeToCandidate
2019-08-21 19:15:30,313 [Thread-602] INFO  impl.RoleInfo (RoleInfo.java:updateAndGet(143)) - 3a4645e2-fe5f-4037-bc26-36547f186637: start LeaderElection
2019-08-21 19:15:30,337 [3a4645e2-fe5f-4037-bc26-36547f186637:group-4B391D3D34F4:LeaderElection22] INFO  impl.LeaderElection (LeaderElection.java:askForVotes(181)) - 3a4645e2-fe5f-4037-bc26-36547f186637:group-4B391D3D34F4:LeaderElection22: begin an election at term 2 for 0: [3a4645e2-fe5f-4037-bc26-36547f186637:192.168.69.80:40661], old=null
2019-08-21 19:15:30,337 [3a4645e2-fe5f-4037-bc26-36547f186637:group-4B391D3D34F4:LeaderElection22] INFO  impl.RoleInfo (RoleInfo.java:shutdownLeaderElection(134)) - 3a4645e2-fe5f-4037-bc26-36547f186637: shutdown LeaderElection
2019-08-21 19:15:30,337 [3a4645e2-fe5f-4037-bc26-36547f186637:group-4B391D3D34F4:LeaderElection22] INFO  impl.RaftServerImpl (RaftServerImpl.java:setRole(171)) - 3a4645e2-fe5f-4037-bc26-36547f186637:group-4B391D3D34F4 changes role from CANDIDATE to LEADER at term 2 for changeToLeader
2019-08-21 19:15:30,337 [3a4645e2-fe5f-4037-bc26-36547f186637:group-4B391D3D34F4:LeaderElection22] INFO  impl.RaftServerImpl (ServerState.java:setLeader(263)) - 3a4645e2-fe5f-4037-bc26-36547f186637:group-4B391D3D34F4 change Leader from null to 3a4645e2-fe5f-4037-bc26-36547f186637 at term 2 for becomeLeader, leader elected after 7398ms
2019-08-21 19:15:30,339 [3a4645e2-fe5f-4037-bc26-36547f186637:group-4B391D3D34F4:LeaderElection22] INFO  server.RaftServerConfigKeys (ConfUtils.java:logGet(43)) - raft.server.staging.catchup.gap = 1000 (default)
2019-08-21 19:15:30,339 [3a4645e2-fe5f-4037-bc26-36547f186637:group-4B391D3D34F4:LeaderElection22] INFO  server.RaftServerConfigKeys (ConfUtils.java:logGet(43)) - raft.server.rpc.sleep.time = 25ms (default)
2019-08-21 19:15:30,339 [3a4645e2-fe5f-4037-bc26-36547f186637:group-4B391D3D34F4:LeaderElection22] INFO  server.RaftServerConfigKeys (ConfUtils.java:logGet(43)) - raft.server.write.element-limit = 4096 (default)
2019-08-21 19:15:30,339 [3a4645e2-fe5f-4037-bc26-36547f186637:group-4B391D3D34F4:LeaderElection22] INFO  server.RaftServerConfigKeys (ConfUtils.java:logGet(43)) - raft.server.watch.timeout = 10s (default)
2019-08-21 19:15:30,340 [3a4645e2-fe5f-4037-bc26-36547f186637:group-4B391D3D34F4:LeaderElection22] INFO  server.RaftServerConfigKeys (ConfUtils.java:logGet(43)) - raft.server.watch.timeout.denomination = 1s (default)
2019-08-21 19:15:30,340 [3a4645e2-fe5f-4037-bc26-36547f186637:group-4B391D3D34F4:LeaderElection22] INFO  server.RaftServerConfigKeys (ConfUtils.java:logGet(43)) - raft.server.watch.element-limit = 65536 (default)
2019-08-21 19:15:30,340 [3a4645e2-fe5f-4037-bc26-36547f186637:group-4B391D3D34F4:LeaderElection22] INFO  impl.RoleInfo (RoleInfo.java:updateAndGet(143)) - 3a4645e2-fe5f-4037-bc26-36547f186637: start LeaderState
2019-08-21 19:15:30,340 [3a4645e2-fe5f-4037-bc26-36547f186637:group-4B391D3D34F4:LeaderElection22] INFO  segmented.SegmentedRaftLogWorker (SegmentedRaftLogWorker.java:rollLogSegment(385)) - 3a4645e2-fe5f-4037-bc26-36547f186637-SegmentedRaftLogWorker:Storage Directory /workdir/hadoop-ozone/integration-test/target/test-dir/MiniOzoneClusterImpl-da9650cd-6fd3-441d-ace5-375aff5f2007/datanode-2/data/ratis/7e3495bf-5200-4073-805e-4b391d3d34f4: Rolling segment log-0_0 to index:0
2019-08-21 19:15:30,342 [3a4645e2-fe5f-4037-bc26-36547f186637:group-4B391D3D34F4:LeaderElection22] INFO  impl.RaftServerImpl (ServerState.java:setRaftConf(361)) - 3a4645e2-fe5f-4037-bc26-36547f186637:group-4B391D3D34F4 set configuration 1: [3a4645e2-fe5f-4037-bc26-36547f186637:192.168.69.80:40661], old=null at 1
2019-08-21 19:15:30,344 [3a4645e2-fe5f-4037-bc26-36547f186637-SegmentedRaftLogWorker:Storage Directory /workdir/hadoop-ozone/integration-test/target/test-dir/MiniOzoneClusterImpl-da9650cd-6fd3-441d-ace5-375aff5f2007/datanode-2/data/ratis/7e3495bf-5200-4073-805e-4b391d3d34f4] INFO  segmented.SegmentedRaftLogWorker (SegmentedRaftLogWorker.java:execute(526)) - 3a4645e2-fe5f-4037-bc26-36547f186637-SegmentedRaftLogWorker:Storage Directory /workdir/hadoop-ozone/integration-test/target/test-dir/MiniOzoneClusterImpl-da9650cd-6fd3-441d-ace5-375aff5f2007/datanode-2/data/ratis/7e3495bf-5200-4073-805e-4b391d3d34f4: Rolled log segment from /workdir/hadoop-ozone/integration-test/target/test-dir/MiniOzoneClusterImpl-da9650cd-6fd3-441d-ace5-375aff5f2007/datanode-2/data/ratis/7e3495bf-5200-4073-805e-4b391d3d34f4/current/log_inprogress_0 to /workdir/hadoop-ozone/integration-test/target/test-dir/MiniOzoneClusterImpl-da9650cd-6fd3-441d-ace5-375aff5f2007/datanode-2/data/ratis/7e3495bf-5200-4073-805e-4b391d3d34f4/current/log_0-0
2019-08-21 19:15:30,391 [3a4645e2-fe5f-4037-bc26-36547f186637-SegmentedRaftLogWorker:Storage Directory /workdir/hadoop-ozone/integration-test/target/test-dir/MiniOzoneClusterImpl-da9650cd-6fd3-441d-ace5-375aff5f2007/datanode-2/data/ratis/7e3495bf-5200-4073-805e-4b391d3d34f4] INFO  segmented.SegmentedRaftLogWorker (SegmentedRaftLogWorker.java:execute(569)) - 3a4645e2-fe5f-4037-bc26-36547f186637-SegmentedRaftLogWorker:Storage Directory /workdir/hadoop-ozone/integration-test/target/test-dir/MiniOzoneClusterImpl-da9650cd-6fd3-441d-ace5-375aff5f2007/datanode-2/data/ratis/7e3495bf-5200-4073-805e-4b391d3d34f4: created new log segment /workdir/hadoop-ozone/integration-test/target/test-dir/MiniOzoneClusterImpl-da9650cd-6fd3-441d-ace5-375aff5f2007/datanode-2/data/ratis/7e3495bf-5200-4073-805e-4b391d3d34f4/current/log_inprogress_1
2019-08-21 19:15:31,239 | INFO  | SCMAudit | user=jenkins1000 | ip=192.168.69.80 | op=SEND_HEARTBEAT {datanodeUUID=3a4645e2-fe5f-4037-bc26-36547f186637, command=[]} | ret=SUCCESS |  
2019-08-21 19:15:32,239 | INFO  | SCMAudit | user=jenkins1000 | ip=192.168.69.80 | op=SEND_HEARTBEAT {datanodeUUID=3a4645e2-fe5f-4037-bc26-36547f186637, command=[]} | ret=SUCCESS |  
2019-08-21 19:15:32,814 [ForkJoinPool.commonPool-worker-1] INFO  ozoneimpl.OzoneContainer (OzoneContainer.java:stop(199)) - Attempting to stop container services.
2019-08-21 19:15:32,814 [main] INFO  ozoneimpl.OzoneContainer (OzoneContainer.java:stop(199)) - Attempting to stop container services.
2019-08-21 19:15:32,814 [ForkJoinPool.commonPool-worker-1] INFO  impl.RaftServerProxy (RaftServerProxy.java:lambda$close$4(314)) - a3f6fd5f-9e33-4809-b62b-285069cd76bb: close
2019-08-21 19:15:32,815 [main] INFO  impl.RaftServerProxy (RaftServerProxy.java:lambda$close$4(314)) - aaf6dc24-a38a-4a1e-b0cd-0cf0bb7e14c3: close
2019-08-21 19:15:32,815 [ForkJoinPool.commonPool-worker-1] INFO  impl.RaftServerImpl (RaftServerImpl.java:lambda$shutdown$3(245)) - a3f6fd5f-9e33-4809-b62b-285069cd76bb: shutdown group-0B3E927DC9F2
2019-08-21 19:15:32,815 [main] INFO  impl.RaftServerImpl (RaftServerImpl.java:lambda$shutdown$3(245)) - aaf6dc24-a38a-4a1e-b0cd-0cf0bb7e14c3: shutdown group-3AF90EA45AB2
2019-08-21 19:15:32,816 [ForkJoinPool.commonPool-worker-1] INFO  util.JmxRegister (JmxRegister.java:unregister(73)) - Successfully un-registered JMX Bean with object name Ratis:service=RaftServer,group=group-0B3E927DC9F2,id=a3f6fd5f-9e33-4809-b62b-285069cd76bb
2019-08-21 19:15:32,816 [main] INFO  util.JmxRegister (JmxRegister.java:unregister(73)) - Successfully un-registered JMX Bean with object name Ratis:service=RaftServer,group=group-3AF90EA45AB2,id=aaf6dc24-a38a-4a1e-b0cd-0cf0bb7e14c3
2019-08-21 19:15:32,817 [main] INFO  impl.RoleInfo (RoleInfo.java:shutdownLeaderState(104)) - aaf6dc24-a38a-4a1e-b0cd-0cf0bb7e14c3: shutdown LeaderState
2019-08-21 19:15:32,816 [ForkJoinPool.commonPool-worker-1] INFO  impl.RoleInfo (RoleInfo.java:shutdownLeaderState(104)) - a3f6fd5f-9e33-4809-b62b-285069cd76bb: shutdown LeaderState
2019-08-21 19:15:32,817 [main] INFO  impl.PendingRequests (PendingRequests.java:sendNotLeaderResponses(202)) - aaf6dc24-a38a-4a1e-b0cd-0cf0bb7e14c3-PendingRequests: sendNotLeaderResponses
2019-08-21 19:15:32,817 [ForkJoinPool.commonPool-worker-1] INFO  impl.PendingRequests (PendingRequests.java:sendNotLeaderResponses(202)) - a3f6fd5f-9e33-4809-b62b-285069cd76bb-PendingRequests: sendNotLeaderResponses
2019-08-21 19:15:32,826 [main] INFO  impl.StateMachineUpdater (StateMachineUpdater.java:stopAndJoin(115)) - StateMachineUpdater:aaf6dc24-a38a-4a1e-b0cd-0cf0bb7e14c3:group-3AF90EA45AB2: set stopIndex = 2
2019-08-21 19:15:32,828 [ForkJoinPool.commonPool-worker-1] INFO  impl.StateMachineUpdater (StateMachineUpdater.java:stopAndJoin(115)) - StateMachineUpdater:a3f6fd5f-9e33-4809-b62b-285069cd76bb:group-0B3E927DC9F2: set stopIndex = 2
2019-08-21 19:15:32,829 [main] INFO  impl.RaftServerImpl (ServerState.java:close(394)) - aaf6dc24-a38a-4a1e-b0cd-0cf0bb7e14c3:group-3AF90EA45AB2 closes. The last applied log index is 2
2019-08-21 19:15:32,829 [ForkJoinPool.commonPool-worker-1] INFO  impl.RaftServerImpl (ServerState.java:close(394)) - a3f6fd5f-9e33-4809-b62b-285069cd76bb:group-0B3E927DC9F2 closes. The last applied log index is 2
2019-08-21 19:15:32,830 [aaf6dc24-a38a-4a1e-b0cd-0cf0bb7e14c3-SegmentedRaftLogWorker:Storage Directory /workdir/hadoop-ozone/integration-test/target/test-dir/MiniOzoneClusterImpl-da9650cd-6fd3-441d-ace5-375aff5f2007/datanode-1/data/ratis/b22424ea-95c9-48f2-8656-3af90ea45ab2] INFO  segmented.SegmentedRaftLogWorker (SegmentedRaftLogWorker.java:run(313)) - aaf6dc24-a38a-4a1e-b0cd-0cf0bb7e14c3-SegmentedRaftLogWorker:Storage Directory /workdir/hadoop-ozone/integration-test/target/test-dir/MiniOzoneClusterImpl-da9650cd-6fd3-441d-ace5-375aff5f2007/datanode-1/data/ratis/b22424ea-95c9-48f2-8656-3af90ea45ab2 was interrupted, exiting. There are 0 tasks remaining in the queue.
2019-08-21 19:15:32,830 [a3f6fd5f-9e33-4809-b62b-285069cd76bb-SegmentedRaftLogWorker:Storage Directory /workdir/hadoop-ozone/integration-test/target/test-dir/MiniOzoneClusterImpl-da9650cd-6fd3-441d-ace5-375aff5f2007/datanode-0/data/ratis/f1b510b9-44ae-4617-926e-0b3e927dc9f2] INFO  segmented.SegmentedRaftLogWorker (SegmentedRaftLogWorker.java:run(313)) - a3f6fd5f-9e33-4809-b62b-285069cd76bb-SegmentedRaftLogWorker:Storage Directory /workdir/hadoop-ozone/integration-test/target/test-dir/MiniOzoneClusterImpl-da9650cd-6fd3-441d-ace5-375aff5f2007/datanode-0/data/ratis/f1b510b9-44ae-4617-926e-0b3e927dc9f2 was interrupted, exiting. There are 0 tasks remaining in the queue.
2019-08-21 19:15:32,831 [main] INFO  segmented.SegmentedRaftLogWorker (SegmentedRaftLogWorker.java:close(228)) - aaf6dc24-a38a-4a1e-b0cd-0cf0bb7e14c3-SegmentedRaftLogWorker:Storage Directory /workdir/hadoop-ozone/integration-test/target/test-dir/MiniOzoneClusterImpl-da9650cd-6fd3-441d-ace5-375aff5f2007/datanode-1/data/ratis/b22424ea-95c9-48f2-8656-3af90ea45ab2 close()
2019-08-21 19:15:32,833 [ForkJoinPool.commonPool-worker-1] INFO  segmented.SegmentedRaftLogWorker (SegmentedRaftLogWorker.java:close(228)) - a3f6fd5f-9e33-4809-b62b-285069cd76bb-SegmentedRaftLogWorker:Storage Directory /workdir/hadoop-ozone/integration-test/target/test-dir/MiniOzoneClusterImpl-da9650cd-6fd3-441d-ace5-375aff5f2007/datanode-0/data/ratis/f1b510b9-44ae-4617-926e-0b3e927dc9f2 close()
2019-08-21 19:15:32,835 [main] INFO  server.GrpcService (GrpcService.java:closeImpl(155)) - aaf6dc24-a38a-4a1e-b0cd-0cf0bb7e14c3: shutdown server with port 41359 now
2019-08-21 19:15:32,838 [ForkJoinPool.commonPool-worker-1] INFO  server.GrpcService (GrpcService.java:closeImpl(155)) - a3f6fd5f-9e33-4809-b62b-285069cd76bb: shutdown server with port 41152 now
2019-08-21 19:15:32,839 [main] INFO  server.GrpcService (GrpcService.java:closeImpl(163)) - aaf6dc24-a38a-4a1e-b0cd-0cf0bb7e14c3: shutdown server with port 41359 successfully
2019-08-21 19:15:32,841 [ForkJoinPool.commonPool-worker-1] INFO  server.GrpcService (GrpcService.java:closeImpl(163)) - a3f6fd5f-9e33-4809-b62b-285069cd76bb: shutdown server with port 41152 successfully
2019-08-21 19:15:32,843 [ForkJoinPool.commonPool-worker-1] INFO  utils.BackgroundService (BackgroundService.java:shutdown(148)) - Shutting down service BlockDeletingService
2019-08-21 19:15:32,846 [refreshUsed-/workdir/hadoop-ozone/integration-test/target/test-dir/MiniOzoneClusterImpl-da9650cd-6fd3-441d-ace5-375aff5f2007/datanode-0/data/containers] WARN  fs.CachingGetSpaceUsed (CachingGetSpaceUsed.java:run(183)) - Thread Interrupted waiting to refresh disk information: sleep interrupted
2019-08-21 19:15:32,846 [main] INFO  utils.BackgroundService (BackgroundService.java:shutdown(148)) - Shutting down service BlockDeletingService
2019-08-21 19:15:32,850 [refreshUsed-/workdir/hadoop-ozone/integration-test/target/test-dir/MiniOzoneClusterImpl-da9650cd-6fd3-441d-ace5-375aff5f2007/datanode-1/data/containers] WARN  fs.CachingGetSpaceUsed (CachingGetSpaceUsed.java:run(183)) - Thread Interrupted waiting to refresh disk information: sleep interrupted
2019-08-21 19:15:32,869 [main] INFO  statemachine.DatanodeStateMachine (DatanodeStateMachine.java:stopDaemon(395)) - Ozone container server stopped.
2019-08-21 19:15:32,873 [ForkJoinPool.commonPool-worker-1] INFO  statemachine.DatanodeStateMachine (DatanodeStateMachine.java:stopDaemon(395)) - Ozone container server stopped.
2019-08-21 19:15:32,875 [main] INFO  handler.ContextHandler (ContextHandler.java:doStop(910)) - Stopped o.e.j.w.WebAppContext@7efb14e2{/,null,UNAVAILABLE}{/hddsDatanode}
2019-08-21 19:15:32,876 [ForkJoinPool.commonPool-worker-1] INFO  handler.ContextHandler (ContextHandler.java:doStop(910)) - Stopped o.e.j.w.WebAppContext@2a143faa{/,null,UNAVAILABLE}{/hddsDatanode}
2019-08-21 19:15:32,877 [main] INFO  server.AbstractConnector (AbstractConnector.java:doStop(318)) - Stopped ServerConnector@2a8d0a08{HTTP/1.1,[http/1.1]}{0.0.0.0:46784}
2019-08-21 19:15:32,877 [ForkJoinPool.commonPool-worker-1] INFO  server.AbstractConnector (AbstractConnector.java:doStop(318)) - Stopped ServerConnector@39141e19{HTTP/1.1,[http/1.1]}{0.0.0.0:37191}
2019-08-21 19:15:32,878 [main] INFO  handler.ContextHandler (ContextHandler.java:doStop(910)) - Stopped o.e.j.s.ServletContextHandler@2a551a25{/static,jar:file:/home/user/.m2/repository/org/apache/hadoop/hadoop-hdds-container-service/0.5.0-SNAPSHOT/hadoop-hdds-container-service-0.5.0-SNAPSHOT.jar!/webapps/static,UNAVAILABLE}
2019-08-21 19:15:32,879 [ForkJoinPool.commonPool-worker-1] INFO  handler.ContextHandler (ContextHandler.java:doStop(910)) - Stopped o.e.j.s.ServletContextHandler@60ad1ae0{/static,jar:file:/home/user/.m2/repository/org/apache/hadoop/hadoop-hdds-container-service/0.5.0-SNAPSHOT/hadoop-hdds-container-service-0.5.0-SNAPSHOT.jar!/webapps/static,UNAVAILABLE}
2019-08-21 19:15:32,880 [main] INFO  handler.ContextHandler (ContextHandler.java:doStop(910)) - Stopped o.e.j.s.ServletContextHandler@5d41a75e{/logs,file:///workdir/hadoop-ozone/integration-test/target/log,UNAVAILABLE}
2019-08-21 19:15:32,881 [ForkJoinPool.commonPool-worker-1] INFO  handler.ContextHandler (ContextHandler.java:doStop(910)) - Stopped o.e.j.s.ServletContextHandler@2d3533d2{/logs,file:///workdir/hadoop-ozone/integration-test/target/log,UNAVAILABLE}
2019-08-21 19:15:32,882 [main] INFO  datanode.ObjectStoreHandler (ObjectStoreHandler.java:close(155)) - Closing ObjectStoreHandler.
2019-08-21 19:15:32,882 [main] INFO  ozone.HddsDatanodeService (HddsDatanodeService.java:stop(451)) - Stopped plug-in org.apache.hadoop.ozone.web.OzoneHddsDatanodeService@48ba0b0b
2019-08-21 19:15:33,238 [Datanode State Machine Thread - 0] INFO  statemachine.DatanodeStateMachine (DatanodeStateMachine.java:lambda$startDaemon$0(350)) - Ozone container server started.
2019-08-21 19:15:34,582 [Thread-608] INFO  impl.FollowerState (FollowerState.java:run(106)) - 3a4645e2-fe5f-4037-bc26-36547f186637:group-6295802A692C changes to CANDIDATE, lastRpcTime:5069, electionTimeout:5069ms
2019-08-21 19:15:34,583 [Thread-608] INFO  impl.RoleInfo (RoleInfo.java:shutdownFollowerState(121)) - 3a4645e2-fe5f-4037-bc26-36547f186637: shutdown FollowerState
2019-08-21 19:15:34,583 [Thread-608] INFO  impl.RaftServerImpl (RaftServerImpl.java:setRole(171)) - 3a4645e2-fe5f-4037-bc26-36547f186637:group-6295802A692C changes role from FOLLOWER to CANDIDATE at term 0 for changeToCandidate
2019-08-21 19:15:34,583 [Thread-608] INFO  impl.RoleInfo (RoleInfo.java:updateAndGet(143)) - 3a4645e2-fe5f-4037-bc26-36547f186637: start LeaderElection
2019-08-21 19:15:34,594 [3a4645e2-fe5f-4037-bc26-36547f186637:group-6295802A692C:LeaderElection23] INFO  impl.LeaderElection (LeaderElection.java:askForVotes(181)) - 3a4645e2-fe5f-4037-bc26-36547f186637:group-6295802A692C:LeaderElection23: begin an election at term 1 for -1: [3a4645e2-fe5f-4037-bc26-36547f186637:192.168.69.80:40661], old=null
2019-08-21 19:15:34,594 [3a4645e2-fe5f-4037-bc26-36547f186637:group-6295802A692C:LeaderElection23] INFO  impl.RoleInfo (RoleInfo.java:shutdownLeaderElection(134)) - 3a4645e2-fe5f-4037-bc26-36547f186637: shutdown LeaderElection
2019-08-21 19:15:34,594 [3a4645e2-fe5f-4037-bc26-36547f186637:group-6295802A692C:LeaderElection23] INFO  impl.RaftServerImpl (RaftServerImpl.java:setRole(171)) - 3a4645e2-fe5f-4037-bc26-36547f186637:group-6295802A692C changes role from CANDIDATE to LEADER at term 1 for changeToLeader
2019-08-21 19:15:34,594 [3a4645e2-fe5f-4037-bc26-36547f186637:group-6295802A692C:LeaderElection23] INFO  impl.RaftServerImpl (ServerState.java:setLeader(263)) - 3a4645e2-fe5f-4037-bc26-36547f186637:group-6295802A692C change Leader from null to 3a4645e2-fe5f-4037-bc26-36547f186637 at term 1 for becomeLeader, leader elected after 5086ms
2019-08-21 19:15:34,594 [3a4645e2-fe5f-4037-bc26-36547f186637:group-6295802A692C:LeaderElection23] INFO  server.RaftServerConfigKeys (ConfUtils.java:logGet(43)) - raft.server.staging.catchup.gap = 1000 (default)
2019-08-21 19:15:34,594 [3a4645e2-fe5f-4037-bc26-36547f186637:group-6295802A692C:LeaderElection23] INFO  server.RaftServerConfigKeys (ConfUtils.java:logGet(43)) - raft.server.rpc.sleep.time = 25ms (default)
2019-08-21 19:15:34,595 [3a4645e2-fe5f-4037-bc26-36547f186637:group-6295802A692C:LeaderElection23] INFO  server.RaftServerConfigKeys (ConfUtils.java:logGet(43)) - raft.server.write.element-limit = 4096 (default)
2019-08-21 19:15:34,595 [3a4645e2-fe5f-4037-bc26-36547f186637:group-6295802A692C:LeaderElection23] INFO  server.RaftServerConfigKeys (ConfUtils.java:logGet(43)) - raft.server.watch.timeout = 10s (default)
2019-08-21 19:15:34,595 [3a4645e2-fe5f-4037-bc26-36547f186637:group-6295802A692C:LeaderElection23] INFO  server.RaftServerConfigKeys (ConfUtils.java:logGet(43)) - raft.server.watch.timeout.denomination = 1s (default)
2019-08-21 19:15:34,595 [3a4645e2-fe5f-4037-bc26-36547f186637:group-6295802A692C:LeaderElection23] INFO  server.RaftServerConfigKeys (ConfUtils.java:logGet(43)) - raft.server.watch.element-limit = 65536 (default)
2019-08-21 19:15:34,595 [3a4645e2-fe5f-4037-bc26-36547f186637:group-6295802A692C:LeaderElection23] INFO  impl.RoleInfo (RoleInfo.java:updateAndGet(143)) - 3a4645e2-fe5f-4037-bc26-36547f186637: start LeaderState
2019-08-21 19:15:34,596 [3a4645e2-fe5f-4037-bc26-36547f186637:group-6295802A692C:LeaderElection23] INFO  segmented.SegmentedRaftLogWorker (SegmentedRaftLogWorker.java:startLogSegment(380)) - 3a4645e2-fe5f-4037-bc26-36547f186637-SegmentedRaftLogWorker:Storage Directory /workdir/hadoop-ozone/integration-test/target/test-dir/MiniOzoneClusterImpl-da9650cd-6fd3-441d-ace5-375aff5f2007/datanode-2/data/ratis/ad9953f4-5c35-4c27-b21d-6295802a692c: Starting segment from index:0
2019-08-21 19:15:34,596 [3a4645e2-fe5f-4037-bc26-36547f186637:group-6295802A692C:LeaderElection23] INFO  impl.RaftServerImpl (ServerState.java:setRaftConf(361)) - 3a4645e2-fe5f-4037-bc26-36547f186637:group-6295802A692C set configuration 0: [3a4645e2-fe5f-4037-bc26-36547f186637:192.168.69.80:40661], old=null at 0
2019-08-21 19:15:34,636 [3a4645e2-fe5f-4037-bc26-36547f186637-SegmentedRaftLogWorker:Storage Directory /workdir/hadoop-ozone/integration-test/target/test-dir/MiniOzoneClusterImpl-da9650cd-6fd3-441d-ace5-375aff5f2007/datanode-2/data/ratis/ad9953f4-5c35-4c27-b21d-6295802a692c] INFO  segmented.SegmentedRaftLogWorker (SegmentedRaftLogWorker.java:execute(569)) - 3a4645e2-fe5f-4037-bc26-36547f186637-SegmentedRaftLogWorker:Storage Directory /workdir/hadoop-ozone/integration-test/target/test-dir/MiniOzoneClusterImpl-da9650cd-6fd3-441d-ace5-375aff5f2007/datanode-2/data/ratis/ad9953f4-5c35-4c27-b21d-6295802a692c: created new log segment /workdir/hadoop-ozone/integration-test/target/test-dir/MiniOzoneClusterImpl-da9650cd-6fd3-441d-ace5-375aff5f2007/datanode-2/data/ratis/ad9953f4-5c35-4c27-b21d-6295802a692c/current/log_inprogress_0
2019-08-21 19:15:37,475 [EventQueue-StaleNodeForStaleNodeHandler] INFO  node.StaleNodeHandler (StaleNodeHandler.java:onMessage(58)) - Datanode 3a4645e2-fe5f-4037-bc26-36547f186637{ip: 192.168.69.80, host: pr-hdds-2002-6qlp9-457884439, networkLocation: /default-rack, certSerialId: null} moved to stale state. Finalizing its pipelines [PipelineID=ad9953f4-5c35-4c27-b21d-6295802a692c, PipelineID=7e3495bf-5200-4073-805e-4b391d3d34f4]
2019-08-21 19:15:37,476 [EventQueue-StaleNodeForStaleNodeHandler] INFO  pipeline.SCMPipelineManager (SCMPipelineManager.java:finalizeAndDestroyPipeline(309)) - destroying pipeline:Pipeline[ Id: ad9953f4-5c35-4c27-b21d-6295802a692c, Nodes: 3a4645e2-fe5f-4037-bc26-36547f186637{ip: 192.168.69.80, host: pr-hdds-2002-6qlp9-457884439, networkLocation: /default-rack, certSerialId: null}, Type:RATIS, Factor:ONE, State:OPEN]
2019-08-21 19:15:37,476 [EventQueue-StaleNodeForStaleNodeHandler] INFO  pipeline.PipelineStateManager (PipelineStateManager.java:finalizePipeline(123)) - Pipeline Pipeline[ Id: ad9953f4-5c35-4c27-b21d-6295802a692c, Nodes: 3a4645e2-fe5f-4037-bc26-36547f186637{ip: 192.168.69.80, host: pr-hdds-2002-6qlp9-457884439, networkLocation: /default-rack, certSerialId: null}, Type:RATIS, Factor:ONE, State:CLOSED] moved to CLOSED state
2019-08-21 19:15:37,477 [EventQueue-StaleNodeForStaleNodeHandler] INFO  pipeline.SCMPipelineManager (SCMPipelineManager.java:finalizeAndDestroyPipeline(309)) - destroying pipeline:Pipeline[ Id: 7e3495bf-5200-4073-805e-4b391d3d34f4, Nodes: 3a4645e2-fe5f-4037-bc26-36547f186637{ip: 192.168.69.80, host: pr-hdds-2002-6qlp9-457884439, networkLocation: /default-rack, certSerialId: null}, Type:RATIS, Factor:ONE, State:CLOSED]
2019-08-21 19:15:37,883 [main] INFO  ozoneimpl.OzoneContainer (OzoneContainer.java:stop(199)) - Attempting to stop container services.
2019-08-21 19:15:37,884 [main] INFO  impl.RaftServerProxy (RaftServerProxy.java:lambda$close$4(314)) - 3a4645e2-fe5f-4037-bc26-36547f186637: close
2019-08-21 19:15:37,885 [main] INFO  impl.RaftServerImpl (RaftServerImpl.java:lambda$shutdown$3(245)) - 3a4645e2-fe5f-4037-bc26-36547f186637: shutdown group-6295802A692C
2019-08-21 19:15:37,885 [main] INFO  util.JmxRegister (JmxRegister.java:unregister(73)) - Successfully un-registered JMX Bean with object name Ratis:service=RaftServer,group=group-6295802A692C,id=3a4645e2-fe5f-4037-bc26-36547f186637
2019-08-21 19:15:37,886 [main] INFO  impl.RoleInfo (RoleInfo.java:shutdownLeaderState(104)) - 3a4645e2-fe5f-4037-bc26-36547f186637: shutdown LeaderState
2019-08-21 19:15:37,886 [main] INFO  impl.PendingRequests (PendingRequests.java:sendNotLeaderResponses(202)) - 3a4645e2-fe5f-4037-bc26-36547f186637-PendingRequests: sendNotLeaderResponses
2019-08-21 19:15:37,887 [main] INFO  impl.StateMachineUpdater (StateMachineUpdater.java:stopAndJoin(115)) - StateMachineUpdater:3a4645e2-fe5f-4037-bc26-36547f186637:group-6295802A692C: set stopIndex = 0
2019-08-21 19:15:37,887 [main] INFO  impl.RaftServerImpl (ServerState.java:close(394)) - 3a4645e2-fe5f-4037-bc26-36547f186637:group-6295802A692C closes. The last applied log index is 0
2019-08-21 19:15:37,888 [3a4645e2-fe5f-4037-bc26-36547f186637-SegmentedRaftLogWorker:Storage Directory /workdir/hadoop-ozone/integration-test/target/test-dir/MiniOzoneClusterImpl-da9650cd-6fd3-441d-ace5-375aff5f2007/datanode-2/data/ratis/ad9953f4-5c35-4c27-b21d-6295802a692c] INFO  segmented.SegmentedRaftLogWorker (SegmentedRaftLogWorker.java:run(313)) - 3a4645e2-fe5f-4037-bc26-36547f186637-SegmentedRaftLogWorker:Storage Directory /workdir/hadoop-ozone/integration-test/target/test-dir/MiniOzoneClusterImpl-da9650cd-6fd3-441d-ace5-375aff5f2007/datanode-2/data/ratis/ad9953f4-5c35-4c27-b21d-6295802a692c was interrupted, exiting. There are 0 tasks remaining in the queue.
2019-08-21 19:15:37,889 [main] INFO  segmented.SegmentedRaftLogWorker (SegmentedRaftLogWorker.java:close(228)) - 3a4645e2-fe5f-4037-bc26-36547f186637-SegmentedRaftLogWorker:Storage Directory /workdir/hadoop-ozone/integration-test/target/test-dir/MiniOzoneClusterImpl-da9650cd-6fd3-441d-ace5-375aff5f2007/datanode-2/data/ratis/ad9953f4-5c35-4c27-b21d-6295802a692c close()
2019-08-21 19:15:37,891 [main] INFO  impl.RaftServerImpl (RaftServerImpl.java:lambda$shutdown$3(245)) - 3a4645e2-fe5f-4037-bc26-36547f186637: shutdown group-4B391D3D34F4
2019-08-21 19:15:37,892 [main] INFO  util.JmxRegister (JmxRegister.java:unregister(73)) - Successfully un-registered JMX Bean with object name Ratis:service=RaftServer,group=group-4B391D3D34F4,id=3a4645e2-fe5f-4037-bc26-36547f186637
2019-08-21 19:15:37,892 [main] INFO  impl.RoleInfo (RoleInfo.java:shutdownLeaderState(104)) - 3a4645e2-fe5f-4037-bc26-36547f186637: shutdown LeaderState
2019-08-21 19:15:37,893 [main] INFO  impl.PendingRequests (PendingRequests.java:sendNotLeaderResponses(202)) - 3a4645e2-fe5f-4037-bc26-36547f186637-PendingRequests: sendNotLeaderResponses
2019-08-21 19:15:37,896 [main] INFO  impl.StateMachineUpdater (StateMachineUpdater.java:stopAndJoin(115)) - StateMachineUpdater:3a4645e2-fe5f-4037-bc26-36547f186637:group-4B391D3D34F4: set stopIndex = 2
2019-08-21 19:15:37,896 [main] INFO  impl.RaftServerImpl (ServerState.java:close(394)) - 3a4645e2-fe5f-4037-bc26-36547f186637:group-4B391D3D34F4 closes. The last applied log index is 2
2019-08-21 19:15:37,897 [3a4645e2-fe5f-4037-bc26-36547f186637-SegmentedRaftLogWorker:Storage Directory /workdir/hadoop-ozone/integration-test/target/test-dir/MiniOzoneClusterImpl-da9650cd-6fd3-441d-ace5-375aff5f2007/datanode-2/data/ratis/7e3495bf-5200-4073-805e-4b391d3d34f4] INFO  segmented.SegmentedRaftLogWorker (SegmentedRaftLogWorker.java:run(313)) - 3a4645e2-fe5f-4037-bc26-36547f186637-SegmentedRaftLogWorker:Storage Directory /workdir/hadoop-ozone/integration-test/target/test-dir/MiniOzoneClusterImpl-da9650cd-6fd3-441d-ace5-375aff5f2007/datanode-2/data/ratis/7e3495bf-5200-4073-805e-4b391d3d34f4 was interrupted, exiting. There are 0 tasks remaining in the queue.
2019-08-21 19:15:37,900 [main] INFO  segmented.SegmentedRaftLogWorker (SegmentedRaftLogWorker.java:close(228)) - 3a4645e2-fe5f-4037-bc26-36547f186637-SegmentedRaftLogWorker:Storage Directory /workdir/hadoop-ozone/integration-test/target/test-dir/MiniOzoneClusterImpl-da9650cd-6fd3-441d-ace5-375aff5f2007/datanode-2/data/ratis/7e3495bf-5200-4073-805e-4b391d3d34f4 close()
2019-08-21 19:15:37,902 [main] INFO  server.GrpcService (GrpcService.java:closeImpl(155)) - 3a4645e2-fe5f-4037-bc26-36547f186637: shutdown server with port 40661 now
2019-08-21 19:15:37,903 [main] INFO  server.GrpcService (GrpcService.java:closeImpl(163)) - 3a4645e2-fe5f-4037-bc26-36547f186637: shutdown server with port 40661 successfully
2019-08-21 19:15:37,905 [main] INFO  utils.BackgroundService (BackgroundService.java:shutdown(148)) - Shutting down service BlockDeletingService
2019-08-21 19:15:37,906 [refreshUsed-/workdir/hadoop-ozone/integration-test/target/test-dir/MiniOzoneClusterImpl-da9650cd-6fd3-441d-ace5-375aff5f2007/datanode-2/data/containers] WARN  fs.CachingGetSpaceUsed (CachingGetSpaceUsed.java:run(183)) - Thread Interrupted waiting to refresh disk information: sleep interrupted
2019-08-21 19:15:37,926 [main] INFO  statemachine.DatanodeStateMachine (DatanodeStateMachine.java:stopDaemon(395)) - Ozone container server stopped.
2019-08-21 19:15:37,929 [main] INFO  handler.ContextHandler (ContextHandler.java:doStop(910)) - Stopped o.e.j.w.WebAppContext@1e82d542{/,null,UNAVAILABLE}{/hddsDatanode}
2019-08-21 19:15:37,930 [main] INFO  server.AbstractConnector (AbstractConnector.java:doStop(318)) - Stopped ServerConnector@23350cbe{HTTP/1.1,[http/1.1]}{0.0.0.0:45885}
2019-08-21 19:15:37,931 [main] INFO  handler.ContextHandler (ContextHandler.java:doStop(910)) - Stopped o.e.j.s.ServletContextHandler@23c34bfd{/static,jar:file:/home/user/.m2/repository/org/apache/hadoop/hadoop-hdds-container-service/0.5.0-SNAPSHOT/hadoop-hdds-container-service-0.5.0-SNAPSHOT.jar!/webapps/static,UNAVAILABLE}
2019-08-21 19:15:37,933 [main] INFO  handler.ContextHandler (ContextHandler.java:doStop(910)) - Stopped o.e.j.s.ServletContextHandler@7809d23e{/logs,file:///workdir/hadoop-ozone/integration-test/target/log,UNAVAILABLE}
2019-08-21 19:15:37,933 [main] INFO  ozone.MiniOzoneClusterImpl (MiniOzoneClusterImpl.java:stop(353)) - Stopping the StorageContainerManager
2019-08-21 19:15:37,934 [main] INFO  server.StorageContainerManager (StorageContainerManager.java:stop(797)) - Stopping Replication Manager Service.
2019-08-21 19:15:37,934 [main] INFO  container.ReplicationManager (ReplicationManager.java:stop(193)) - Stopping Replication Monitor Thread.
2019-08-21 19:15:37,934 [main] INFO  server.StorageContainerManager (StorageContainerManager.java:stop(804)) - Stopping Lease Manager of the command watchers
2019-08-21 19:15:37,934 [main] INFO  server.StorageContainerManager (StorageContainerManager.java:stop(811)) - Stopping datanode service RPC server
2019-08-21 19:15:37,935 [main] INFO  server.SCMDatanodeProtocolServer (SCMDatanodeProtocolServer.java:stop(367)) - Stopping the RPC server for DataNodes
2019-08-21 19:15:37,936 [main] INFO  ipc.Server (Server.java:stop(3082)) - Stopping server on 34318
2019-08-21 19:15:37,937 [IPC Server listener on 34318] INFO  ipc.Server (Server.java:run(1185)) - Stopping IPC Server listener on 34318
2019-08-21 19:15:37,938 [IPC Server Responder] INFO  ipc.Server (Server.java:run(1319)) - Stopping IPC Server Responder
2019-08-21 19:15:38,476 [SCM Heartbeat Processing Thread - 0] WARN  node.NodeStateManager (NodeStateManager.java:scheduleNextHealthCheck(646)) - Current Thread is interrupted, shutting down HB processing thread for Node Manager.
2019-08-21 19:15:38,476 [main] INFO  server.StorageContainerManager (StorageContainerManager.java:stop(819)) - Stopping block service RPC server
2019-08-21 19:15:38,476 [main] INFO  server.SCMBlockProtocolServer (SCMBlockProtocolServer.java:stop(148)) - Stopping the RPC server for Block Protocol
2019-08-21 19:15:38,478 [main] INFO  ipc.Server (Server.java:stop(3082)) - Stopping server on 38733
2019-08-21 19:15:38,479 [IPC Server listener on 38733] INFO  ipc.Server (Server.java:run(1185)) - Stopping IPC Server listener on 38733
2019-08-21 19:15:38,479 [main] INFO  server.StorageContainerManager (StorageContainerManager.java:stop(826)) - Stopping the StorageContainerLocationProtocol RPC server
2019-08-21 19:15:38,480 [main] INFO  server.SCMClientProtocolServer (SCMClientProtocolServer.java:stop(159)) - Stopping the RPC server for Client Protocol
2019-08-21 19:15:38,481 [IPC Server Responder] INFO  ipc.Server (Server.java:run(1319)) - Stopping IPC Server Responder
2019-08-21 19:15:38,482 [main] INFO  ipc.Server (Server.java:stop(3082)) - Stopping server on 37634
2019-08-21 19:15:38,484 [IPC Server listener on 37634] INFO  ipc.Server (Server.java:run(1185)) - Stopping IPC Server listener on 37634
2019-08-21 19:15:38,484 [main] INFO  server.StorageContainerManager (StorageContainerManager.java:stop(833)) - Stopping Storage Container Manager HTTP server.
2019-08-21 19:15:38,485 [IPC Server Responder] INFO  ipc.Server (Server.java:run(1319)) - Stopping IPC Server Responder
2019-08-21 19:15:38,487 [main] INFO  handler.ContextHandler (ContextHandler.java:doStop(910)) - Stopped o.e.j.w.WebAppContext@1e05e4d0{/,null,UNAVAILABLE}{/scm}
2019-08-21 19:15:38,488 [main] INFO  server.AbstractConnector (AbstractConnector.java:doStop(318)) - Stopped ServerConnector@634f953d{HTTP/1.1,[http/1.1]}{0.0.0.0:0}
2019-08-21 19:15:38,489 [main] INFO  handler.ContextHandler (ContextHandler.java:doStop(910)) - Stopped o.e.j.s.ServletContextHandler@5e505672{/static,file:///workdir/hadoop-ozone/integration-test/target/test-classes/webapps/static,UNAVAILABLE}
2019-08-21 19:15:38,490 [main] INFO  handler.ContextHandler (ContextHandler.java:doStop(910)) - Stopped o.e.j.s.ServletContextHandler@143334be{/logs,file:///workdir/hadoop-ozone/integration-test/target/log,UNAVAILABLE}
2019-08-21 19:15:38,491 [main] INFO  server.StorageContainerManager (StorageContainerManager.java:stop(844)) - Stopping Block Manager Service.
2019-08-21 19:15:38,491 [main] INFO  utils.BackgroundService (BackgroundService.java:shutdown(148)) - Shutting down service SCMBlockDeletingService
2019-08-21 19:15:38,492 [main] INFO  utils.BackgroundService (BackgroundService.java:shutdown(148)) - Shutting down service SCMBlockDeletingService
2019-08-21 19:15:38,493 [main] INFO  server.StorageContainerManager (StorageContainerManager.java:stop(866)) - Stopping SCM Event Queue.
2019-08-21 19:15:38,499 [main] INFO  impl.MetricsSystemImpl (MetricsSystemImpl.java:stop(210)) - Stopping HddsDatanode metrics system...
2019-08-21 19:15:38,509 [main] INFO  impl.MetricsSystemImpl (MetricsSystemImpl.java:stop(216)) - HddsDatanode metrics system stopped.
]]></system-out>
    <system-err><![CDATA[Aug 21, 2019 7:15:01 PM com.sun.jersey.server.impl.application.WebApplicationImpl _initiate
INFO: Initiating Jersey application, version 'Jersey: 1.19 02/11/2015 03:25 AM'
Aug 21, 2019 7:15:01 PM com.sun.jersey.server.impl.application.WebApplicationImpl _initiate
INFO: Initiating Jersey application, version 'Jersey: 1.19 02/11/2015 03:25 AM'
Aug 21, 2019 7:15:02 PM com.sun.jersey.server.impl.application.WebApplicationImpl _initiate
INFO: Initiating Jersey application, version 'Jersey: 1.19 02/11/2015 03:25 AM'
Aug 21, 2019 7:15:22 PM com.sun.jersey.server.impl.application.WebApplicationImpl _initiate
INFO: Initiating Jersey application, version 'Jersey: 1.19 02/11/2015 03:25 AM'
Aug 21, 2019 7:15:22 PM com.sun.jersey.server.impl.application.WebApplicationImpl _initiate
INFO: Initiating Jersey application, version 'Jersey: 1.19 02/11/2015 03:25 AM'
Aug 21, 2019 7:15:22 PM com.sun.jersey.server.impl.application.WebApplicationImpl _initiate
INFO: Initiating Jersey application, version 'Jersey: 1.19 02/11/2015 03:25 AM'
]]></system-err>
  </testcase>
</testsuite>