<?xml version="1.0" encoding="UTF-8"?>
<testsuite xmlns:xsi="http://www.w3.org/2001/XMLSchema-instance" xsi:noNamespaceSchemaLocation="https://maven.apache.org/surefire/maven-surefire-plugin/xsd/surefire-test-report.xsd" name="org.apache.hadoop.ozone.client.rpc.TestOzoneClientRetriesOnException" time="78.487" tests="2" errors="1" skipped="0" failures="0">
  <properties>
    <property name="awt.toolkit" value="sun.awt.X11.XToolkit"/>
    <property name="file.encoding.pkg" value="sun.io"/>
    <property name="java.specification.version" value="1.8"/>
    <property name="sun.cpu.isalist" value=""/>
    <property name="sun.jnu.encoding" value="UTF-8"/>
    <property name="java.class.path" value="/tmp/workdir/hadoop-ozone/integration-test/target/test-classes:/tmp/workdir/hadoop-ozone/integration-test/target/classes:/home/user/.m2/repository/org/apache/hadoop/hadoop-ozone-common/0.5.0-SNAPSHOT/hadoop-ozone-common-0.5.0-SNAPSHOT.jar:/home/user/.m2/repository/org/apache/commons/commons-compress/1.4.1/commons-compress-1.4.1.jar:/home/user/.m2/repository/org/tukaani/xz/1.0/xz-1.0.jar:/home/user/.m2/repository/org/apache/hadoop/hadoop-common/3.2.0/hadoop-common-3.2.0.jar:/home/user/.m2/repository/org/apache/hadoop/hadoop-hdfs/3.2.0/hadoop-hdfs-3.2.0.jar:/home/user/.m2/repository/org/apache/hadoop/hadoop-hdfs-client/3.2.0/hadoop-hdfs-client-3.2.0.jar:/home/user/.m2/repository/com/fasterxml/jackson/core/jackson-annotations/2.9.5/jackson-annotations-2.9.5.jar:/home/user/.m2/repository/org/apache/hadoop/hadoop-hdds-common/0.5.0-SNAPSHOT/hadoop-hdds-common-0.5.0-SNAPSHOT.jar:/home/user/.m2/repository/javax/annotation/javax.annotation-api/1.2/javax.annotation-api-1.2.jar:/home/user/.m2/repository/org/apache/ratis/ratis-server/0.4.0-2337318-SNAPSHOT/ratis-server-0.4.0-2337318-SNAPSHOT.jar:/home/user/.m2/repository/org/apache/ratis/ratis-thirdparty-misc/0.2.0/ratis-thirdparty-misc-0.2.0.jar:/home/user/.m2/repository/org/apache/ratis/ratis-proto/0.4.0-2337318-SNAPSHOT/ratis-proto-0.4.0-2337318-SNAPSHOT.jar:/home/user/.m2/repository/org/apache/ratis/ratis-common/0.4.0-2337318-SNAPSHOT/ratis-common-0.4.0-2337318-SNAPSHOT.jar:/home/user/.m2/repository/org/apache/ratis/ratis-client/0.4.0-2337318-SNAPSHOT/ratis-client-0.4.0-2337318-SNAPSHOT.jar:/home/user/.m2/repository/org/apache/ratis/ratis-metrics/0.4.0-2337318-SNAPSHOT/ratis-metrics-0.4.0-2337318-SNAPSHOT.jar:/home/user/.m2/repository/org/apache/ratis/ratis-netty/0.4.0-2337318-SNAPSHOT/ratis-netty-0.4.0-2337318-SNAPSHOT.jar:/home/user/.m2/repository/org/apache/ratis/ratis-grpc/0.4.0-2337318-SNAPSHOT/ratis-grpc-0.4.0-2337318-SNAPSHOT.jar:/home/user/.m2/repository/org/rocksdb/rocksdbjni/6.0.1/rocksdbjni-6.0.1.jar:/home/user/.m2/repository/org/apache/logging/log4j/log4j-api/2.11.0/log4j-api-2.11.0.jar:/home/user/.m2/repository/org/apache/logging/log4j/log4j-core/2.11.0/log4j-core-2.11.0.jar:/home/user/.m2/repository/com/lmax/disruptor/3.4.2/disruptor-3.4.2.jar:/home/user/.m2/repository/org/apache/commons/commons-pool2/2.6.0/commons-pool2-2.6.0.jar:/home/user/.m2/repository/org/bouncycastle/bcpkix-jdk15on/1.60/bcpkix-jdk15on-1.60.jar:/home/user/.m2/repository/commons-validator/commons-validator/1.6/commons-validator-1.6.jar:/home/user/.m2/repository/commons-digester/commons-digester/1.8.1/commons-digester-1.8.1.jar:/home/user/.m2/repository/io/jaegertracing/jaeger-client/0.33.1/jaeger-client-0.33.1.jar:/home/user/.m2/repository/io/jaegertracing/jaeger-thrift/0.33.1/jaeger-thrift-0.33.1.jar:/home/user/.m2/repository/org/apache/thrift/libthrift/0.11.0/libthrift-0.11.0.jar:/home/user/.m2/repository/com/squareup/okhttp3/okhttp/3.9.0/okhttp-3.9.0.jar:/home/user/.m2/repository/com/squareup/okio/okio/1.13.0/okio-1.13.0.jar:/home/user/.m2/repository/io/jaegertracing/jaeger-core/0.33.1/jaeger-core-0.33.1.jar:/home/user/.m2/repository/io/jaegertracing/jaeger-tracerresolver/0.33.1/jaeger-tracerresolver-0.33.1.jar:/home/user/.m2/repository/io/opentracing/contrib/opentracing-tracerresolver/0.1.5/opentracing-tracerresolver-0.1.5.jar:/home/user/.m2/repository/io/opentracing/opentracing-util/0.31.0/opentracing-util-0.31.0.jar:/home/user/.m2/repository/io/opentracing/opentracing-api/0.31.0/opentracing-api-0.31.0.jar:/home/user/.m2/repository/io/opentracing/opentracing-noop/0.31.0/opentracing-noop-0.31.0.jar:/home/user/.m2/repository/org/apache/hadoop/hadoop-hdds-server-framework/0.5.0-SNAPSHOT/hadoop-hdds-server-framework-0.5.0-SNAPSHOT.jar:/home/user/.m2/repository/org/apache/hadoop/hadoop-hdds-container-service/0.5.0-SNAPSHOT/hadoop-hdds-container-service-0.5.0-SNAPSHOT.jar:/home/user/.m2/repository/org/apache/hadoop/hadoop-hdds-client/0.5.0-SNAPSHOT/hadoop-hdds-client-0.5.0-SNAPSHOT.jar:/home/user/.m2/repository/org/apache/hadoop/hadoop-hdds-tools/0.5.0-SNAPSHOT/hadoop-hdds-tools-0.5.0-SNAPSHOT.jar:/home/user/.m2/repository/org/apache/hadoop/hadoop-hdds-server-scm/0.5.0-SNAPSHOT/hadoop-hdds-server-scm-0.5.0-SNAPSHOT.jar:/home/user/.m2/repository/org/apache/hadoop/hadoop-hdds-docs/0.5.0-SNAPSHOT/hadoop-hdds-docs-0.5.0-SNAPSHOT.jar:/home/user/.m2/repository/io/dropwizard/metrics/metrics-core/3.2.4/metrics-core-3.2.4.jar:/home/user/.m2/repository/org/hamcrest/hamcrest-all/1.3/hamcrest-all-1.3.jar:/home/user/.m2/repository/org/bouncycastle/bcprov-jdk15on/1.60/bcprov-jdk15on-1.60.jar:/home/user/.m2/repository/info/picocli/picocli/3.9.6/picocli-3.9.6.jar:/home/user/.m2/repository/com/google/protobuf/protobuf-java/2.5.0/protobuf-java-2.5.0.jar:/home/user/.m2/repository/com/google/guava/guava/11.0.2/guava-11.0.2.jar:/home/user/.m2/repository/org/apache/hadoop/hadoop-ozone-ozone-manager/0.5.0-SNAPSHOT/hadoop-ozone-ozone-manager-0.5.0-SNAPSHOT.jar:/home/user/.m2/repository/org/apache/hadoop/hadoop-minikdc/3.2.0/hadoop-minikdc-3.2.0.jar:/home/user/.m2/repository/commons-io/commons-io/2.5/commons-io-2.5.jar:/home/user/.m2/repository/org/apache/kerby/kerb-simplekdc/1.0.1/kerb-simplekdc-1.0.1.jar:/home/user/.m2/repository/org/apache/kerby/kerb-client/1.0.1/kerb-client-1.0.1.jar:/home/user/.m2/repository/org/apache/kerby/kerby-config/1.0.1/kerby-config-1.0.1.jar:/home/user/.m2/repository/org/apache/kerby/kerb-core/1.0.1/kerb-core-1.0.1.jar:/home/user/.m2/repository/org/apache/kerby/kerby-pkix/1.0.1/kerby-pkix-1.0.1.jar:/home/user/.m2/repository/org/apache/kerby/kerby-asn1/1.0.1/kerby-asn1-1.0.1.jar:/home/user/.m2/repository/org/apache/kerby/kerby-util/1.0.1/kerby-util-1.0.1.jar:/home/user/.m2/repository/org/apache/kerby/kerb-common/1.0.1/kerb-common-1.0.1.jar:/home/user/.m2/repository/org/apache/kerby/kerb-crypto/1.0.1/kerb-crypto-1.0.1.jar:/home/user/.m2/repository/org/apache/kerby/kerb-util/1.0.1/kerb-util-1.0.1.jar:/home/user/.m2/repository/org/apache/kerby/token-provider/1.0.1/token-provider-1.0.1.jar:/home/user/.m2/repository/org/apache/kerby/kerb-admin/1.0.1/kerb-admin-1.0.1.jar:/home/user/.m2/repository/org/apache/kerby/kerb-server/1.0.1/kerb-server-1.0.1.jar:/home/user/.m2/repository/org/apache/kerby/kerb-identity/1.0.1/kerb-identity-1.0.1.jar:/home/user/.m2/repository/org/apache/kerby/kerby-xdr/1.0.1/kerby-xdr-1.0.1.jar:/home/user/.m2/repository/org/slf4j/slf4j-log4j12/1.7.25/slf4j-log4j12-1.7.25.jar:/home/user/.m2/repository/org/apache/hadoop/hadoop-ozone-objectstore-service/0.5.0-SNAPSHOT/hadoop-ozone-objectstore-service-0.5.0-SNAPSHOT.jar:/home/user/.m2/repository/org/apache/hadoop/hadoop-ozone-s3gateway/0.5.0-SNAPSHOT/hadoop-ozone-s3gateway-0.5.0-SNAPSHOT.jar:/home/user/.m2/repository/org/jboss/weld/servlet/weld-servlet/2.4.7.Final/weld-servlet-2.4.7.Final.jar:/home/user/.m2/repository/org/glassfish/jersey/containers/jersey-container-servlet-core/2.27/jersey-container-servlet-core-2.27.jar:/home/user/.m2/repository/org/glassfish/hk2/external/javax.inject/2.5.0-b42/javax.inject-2.5.0-b42.jar:/home/user/.m2/repository/org/glassfish/jersey/core/jersey-common/2.27/jersey-common-2.27.jar:/home/user/.m2/repository/org/glassfish/hk2/osgi-resource-locator/1.0.1/osgi-resource-locator-1.0.1.jar:/home/user/.m2/repository/javax/ws/rs/javax.ws.rs-api/2.1/javax.ws.rs-api-2.1.jar:/home/user/.m2/repository/org/glassfish/jersey/ext/cdi/jersey-cdi1x/2.27/jersey-cdi1x-2.27.jar:/home/user/.m2/repository/org/glassfish/jersey/inject/jersey-hk2/2.27/jersey-hk2-2.27.jar:/home/user/.m2/repository/org/glassfish/hk2/hk2-locator/2.5.0-b42/hk2-locator-2.5.0-b42.jar:/home/user/.m2/repository/org/javassist/javassist/3.22.0-CR2/javassist-3.22.0-CR2.jar:/home/user/.m2/repository/org/glassfish/hk2/hk2-api/2.5.0/hk2-api-2.5.0.jar:/home/user/.m2/repository/org/glassfish/hk2/external/jakarta.inject/2.5.0/jakarta.inject-2.5.0.jar:/home/user/.m2/repository/org/glassfish/hk2/hk2-utils/2.5.0/hk2-utils-2.5.0.jar:/home/user/.m2/repository/jakarta/annotation/jakarta.annotation-api/1.3.4/jakarta.annotation-api-1.3.4.jar:/home/user/.m2/repository/org/glassfish/hk2/external/aopalliance-repackaged/2.5.0/aopalliance-repackaged-2.5.0.jar:/home/user/.m2/repository/com/fasterxml/jackson/dataformat/jackson-dataformat-xml/2.9.0/jackson-dataformat-xml-2.9.0.jar:/home/user/.m2/repository/com/fasterxml/jackson/core/jackson-core/2.9.5/jackson-core-2.9.5.jar:/home/user/.m2/repository/com/fasterxml/jackson/module/jackson-module-jaxb-annotations/2.9.5/jackson-module-jaxb-annotations-2.9.5.jar:/home/user/.m2/repository/javax/enterprise/cdi-api/1.2/cdi-api-1.2.jar:/home/user/.m2/repository/javax/el/javax.el-api/3.0.0/javax.el-api-3.0.0.jar:/home/user/.m2/repository/javax/interceptor/javax.interceptor-api/1.2/javax.interceptor-api-1.2.jar:/home/user/.m2/repository/javax/inject/javax.inject/1/javax.inject-1.jar:/home/user/.m2/repository/com/sun/xml/bind/jaxb-impl/2.3.0.1/jaxb-impl-2.3.0.1.jar:/home/user/.m2/repository/com/sun/xml/bind/jaxb-core/2.3.0.1/jaxb-core-2.3.0.1.jar:/home/user/.m2/repository/javax/xml/bind/jaxb-api/2.3.0/jaxb-api-2.3.0.jar:/home/user/.m2/repository/javax/activation/activation/1.1.1/activation-1.1.1.jar:/home/user/.m2/repository/org/apache/hadoop/hadoop-ozone-csi/0.5.0-SNAPSHOT/hadoop-ozone-csi-0.5.0-SNAPSHOT.jar:/home/user/.m2/repository/com/google/protobuf/protobuf-java-util/3.5.1/protobuf-java-util-3.5.1.jar:/home/user/.m2/repository/org/apache/hadoop/hadoop-hdds-config/0.5.0-SNAPSHOT/hadoop-hdds-config-0.5.0-SNAPSHOT.jar:/home/user/.m2/repository/io/grpc/grpc-netty/1.17.1/grpc-netty-1.17.1.jar:/home/user/.m2/repository/io/grpc/grpc-core/1.17.1/grpc-core-1.17.1.jar:/home/user/.m2/repository/io/grpc/grpc-context/1.17.1/grpc-context-1.17.1.jar:/home/user/.m2/repository/com/google/errorprone/error_prone_annotations/2.2.0/error_prone_annotations-2.2.0.jar:/home/user/.m2/repository/org/codehaus/mojo/animal-sniffer-annotations/1.17/animal-sniffer-annotations-1.17.jar:/home/user/.m2/repository/io/opencensus/opencensus-api/0.17.0/opencensus-api-0.17.0.jar:/home/user/.m2/repository/io/opencensus/opencensus-contrib-grpc-metrics/0.17.0/opencensus-contrib-grpc-metrics-0.17.0.jar:/home/user/.m2/repository/io/netty/netty-codec-http2/4.1.30.Final/netty-codec-http2-4.1.30.Final.jar:/home/user/.m2/repository/io/netty/netty-codec-http/4.1.30.Final/netty-codec-http-4.1.30.Final.jar:/home/user/.m2/repository/io/netty/netty-codec/4.1.30.Final/netty-codec-4.1.30.Final.jar:/home/user/.m2/repository/io/netty/netty-handler/4.1.30.Final/netty-handler-4.1.30.Final.jar:/home/user/.m2/repository/io/netty/netty-handler-proxy/4.1.30.Final/netty-handler-proxy-4.1.30.Final.jar:/home/user/.m2/repository/io/netty/netty-codec-socks/4.1.30.Final/netty-codec-socks-4.1.30.Final.jar:/home/user/.m2/repository/io/netty/netty-transport-native-epoll/4.1.30.Final/netty-transport-native-epoll-4.1.30.Final.jar:/home/user/.m2/repository/io/netty/netty-common/4.1.30.Final/netty-common-4.1.30.Final.jar:/home/user/.m2/repository/io/netty/netty-buffer/4.1.30.Final/netty-buffer-4.1.30.Final.jar:/home/user/.m2/repository/io/netty/netty-transport/4.1.30.Final/netty-transport-4.1.30.Final.jar:/home/user/.m2/repository/io/netty/netty-resolver/4.1.30.Final/netty-resolver-4.1.30.Final.jar:/home/user/.m2/repository/io/netty/netty-transport-native-unix-common/4.1.30.Final/netty-transport-native-unix-common-4.1.30.Final.jar:/home/user/.m2/repository/io/grpc/grpc-protobuf/1.17.1/grpc-protobuf-1.17.1.jar:/home/user/.m2/repository/com/google/api/grpc/proto-google-common-protos/1.0.0/proto-google-common-protos-1.0.0.jar:/home/user/.m2/repository/io/grpc/grpc-protobuf-lite/1.17.1/grpc-protobuf-lite-1.17.1.jar:/home/user/.m2/repository/io/grpc/grpc-stub/1.17.1/grpc-stub-1.17.1.jar:/home/user/.m2/repository/org/apache/hadoop/hadoop-ozone-recon/0.5.0-SNAPSHOT/hadoop-ozone-recon-0.5.0-SNAPSHOT.jar:/home/user/.m2/repository/org/apache/hadoop/hadoop-ozone-reconcodegen/0.5.0-SNAPSHOT/hadoop-ozone-reconcodegen-0.5.0-SNAPSHOT.jar:/home/user/.m2/repository/com/google/inject/extensions/guice-multibindings/4.0/guice-multibindings-4.0.jar:/home/user/.m2/repository/com/google/inject/guice/4.0/guice-4.0.jar:/home/user/.m2/repository/aopalliance/aopalliance/1.0/aopalliance-1.0.jar:/home/user/.m2/repository/com/google/inject/extensions/guice-servlet/4.0/guice-servlet-4.0.jar:/home/user/.m2/repository/org/glassfish/jersey/containers/jersey-container-servlet/2.27/jersey-container-servlet-2.27.jar:/home/user/.m2/repository/org/glassfish/hk2/guice-bridge/2.5.0/guice-bridge-2.5.0.jar:/home/user/.m2/repository/org/glassfish/jersey/core/jersey-server/2.27/jersey-server-2.27.jar:/home/user/.m2/repository/org/glassfish/jersey/core/jersey-client/2.27/jersey-client-2.27.jar:/home/user/.m2/repository/org/glassfish/jersey/media/jersey-media-jaxb/2.27/jersey-media-jaxb-2.27.jar:/home/user/.m2/repository/javax/validation/validation-api/1.1.0.Final/validation-api-1.1.0.Final.jar:/home/user/.m2/repository/org/glassfish/jersey/media/jersey-media-json-jackson/2.27/jersey-media-json-jackson-2.27.jar:/home/user/.m2/repository/org/glassfish/jersey/ext/jersey-entity-filtering/2.27/jersey-entity-filtering-2.27.jar:/home/user/.m2/repository/com/google/inject/extensions/guice-assistedinject/4.0/guice-assistedinject-4.0.jar:/home/user/.m2/repository/org/jooq/jooq/3.11.10/jooq-3.11.10.jar:/home/user/.m2/repository/org/jooq/jooq-meta/3.11.10/jooq-meta-3.11.10.jar:/home/user/.m2/repository/org/jooq/jooq-codegen/3.11.10/jooq-codegen-3.11.10.jar:/home/user/.m2/repository/com/jolbox/bonecp/0.8.0.RELEASE/bonecp-0.8.0.RELEASE.jar:/home/user/.m2/repository/org/xerial/sqlite-jdbc/3.25.2/sqlite-jdbc-3.25.2.jar:/home/user/.m2/repository/org/springframework/spring-jdbc/5.1.3.RELEASE/spring-jdbc-5.1.3.RELEASE.jar:/home/user/.m2/repository/org/springframework/spring-beans/5.1.3.RELEASE/spring-beans-5.1.3.RELEASE.jar:/home/user/.m2/repository/org/springframework/spring-core/5.1.3.RELEASE/spring-core-5.1.3.RELEASE.jar:/home/user/.m2/repository/org/springframework/spring-jcl/5.1.3.RELEASE/spring-jcl-5.1.3.RELEASE.jar:/home/user/.m2/repository/org/springframework/spring-tx/5.1.3.RELEASE/spring-tx-5.1.3.RELEASE.jar:/home/user/.m2/repository/org/apache/hadoop/hadoop-ozone-client/0.5.0-SNAPSHOT/hadoop-ozone-client-0.5.0-SNAPSHOT.jar:/home/user/.m2/repository/commons-lang/commons-lang/2.6/commons-lang-2.6.jar:/home/user/.m2/repository/org/apache/hadoop/hadoop-ozone-ozone-manager/0.5.0-SNAPSHOT/hadoop-ozone-ozone-manager-0.5.0-SNAPSHOT-tests.jar:/home/user/.m2/repository/junit/junit/4.11/junit-4.11.jar:/home/user/.m2/repository/org/hamcrest/hamcrest-core/1.3/hamcrest-core-1.3.jar:/home/user/.m2/repository/org/openjdk/jmh/jmh-core/1.19/jmh-core-1.19.jar:/home/user/.m2/repository/net/sf/jopt-simple/jopt-simple/4.6/jopt-simple-4.6.jar:/home/user/.m2/repository/org/apache/commons/commons-math3/3.1.1/commons-math3-3.1.1.jar:/home/user/.m2/repository/org/openjdk/jmh/jmh-generator-annprocess/1.19/jmh-generator-annprocess-1.19.jar:/home/user/.m2/repository/org/mockito/mockito-all/1.8.5/mockito-all-1.8.5.jar:/home/user/.m2/repository/org/apache/hadoop/hadoop-kms/3.2.0/hadoop-kms-3.2.0.jar:/home/user/.m2/repository/org/apache/hadoop/hadoop-auth/3.2.0/hadoop-auth-3.2.0.jar:/home/user/.m2/repository/com/nimbusds/nimbus-jose-jwt/4.41.1/nimbus-jose-jwt-4.41.1.jar:/home/user/.m2/repository/com/github/stephenc/jcip/jcip-annotations/1.0-1/jcip-annotations-1.0-1.jar:/home/user/.m2/repository/net/minidev/json-smart/2.3/json-smart-2.3.jar:/home/user/.m2/repository/net/minidev/accessors-smart/1.2/accessors-smart-1.2.jar:/home/user/.m2/repository/org/ow2/asm/asm/5.0.4/asm-5.0.4.jar:/home/user/.m2/repository/org/apache/curator/curator-framework/2.12.0/curator-framework-2.12.0.jar:/home/user/.m2/repository/com/sun/jersey/jersey-core/1.19/jersey-core-1.19.jar:/home/user/.m2/repository/javax/ws/rs/jsr311-api/1.1.1/jsr311-api-1.1.1.jar:/home/user/.m2/repository/com/sun/jersey/jersey-server/1.19/jersey-server-1.19.jar:/home/user/.m2/repository/javax/servlet/javax.servlet-api/3.1.0/javax.servlet-api-3.1.0.jar:/home/user/.m2/repository/org/eclipse/jetty/jetty-server/9.3.24.v20180605/jetty-server-9.3.24.v20180605.jar:/home/user/.m2/repository/org/eclipse/jetty/jetty-http/9.3.24.v20180605/jetty-http-9.3.24.v20180605.jar:/home/user/.m2/repository/org/eclipse/jetty/jetty-io/9.3.24.v20180605/jetty-io-9.3.24.v20180605.jar:/home/user/.m2/repository/org/eclipse/jetty/jetty-webapp/9.3.24.v20180605/jetty-webapp-9.3.24.v20180605.jar:/home/user/.m2/repository/org/eclipse/jetty/jetty-xml/9.3.24.v20180605/jetty-xml-9.3.24.v20180605.jar:/home/user/.m2/repository/log4j/log4j/1.2.17/log4j-1.2.17.jar:/home/user/.m2/repository/org/slf4j/slf4j-api/1.7.25/slf4j-api-1.7.25.jar:/home/user/.m2/repository/org/slf4j/jul-to-slf4j/1.7.25/jul-to-slf4j-1.7.25.jar:/home/user/.m2/repository/org/eclipse/jetty/jetty-util/9.3.24.v20180605/jetty-util-9.3.24.v20180605.jar:/home/user/.m2/repository/com/fasterxml/jackson/core/jackson-databind/2.9.5/jackson-databind-2.9.5.jar:/home/user/.m2/repository/org/apache/hadoop/hadoop-kms/3.2.0/hadoop-kms-3.2.0-tests.jar:/home/user/.m2/repository/org/apache/hadoop/hadoop-hdds-server-scm/0.5.0-SNAPSHOT/hadoop-hdds-server-scm-0.5.0-SNAPSHOT-tests.jar:/home/user/.m2/repository/org/apache/hadoop/hadoop-hdds-container-service/0.5.0-SNAPSHOT/hadoop-hdds-container-service-0.5.0-SNAPSHOT-tests.jar:/home/user/.m2/repository/org/yaml/snakeyaml/1.16/snakeyaml-1.16.jar:/home/user/.m2/repository/org/apache/hadoop/hadoop-common/3.2.0/hadoop-common-3.2.0-tests.jar:/home/user/.m2/repository/org/apache/hadoop/hadoop-annotations/3.2.0/hadoop-annotations-3.2.0.jar:/usr/lib/jvm/java-1.8-openjdk/jre/../lib/tools.jar:/home/user/.m2/repository/commons-cli/commons-cli/1.2/commons-cli-1.2.jar:/home/user/.m2/repository/org/apache/httpcomponents/httpclient/4.5.2/httpclient-4.5.2.jar:/home/user/.m2/repository/org/apache/httpcomponents/httpcore/4.4.4/httpcore-4.4.4.jar:/home/user/.m2/repository/commons-codec/commons-codec/1.11/commons-codec-1.11.jar:/home/user/.m2/repository/commons-net/commons-net/3.6/commons-net-3.6.jar:/home/user/.m2/repository/commons-collections/commons-collections/3.2.2/commons-collections-3.2.2.jar:/home/user/.m2/repository/org/eclipse/jetty/jetty-servlet/9.3.24.v20180605/jetty-servlet-9.3.24.v20180605.jar:/home/user/.m2/repository/org/eclipse/jetty/jetty-security/9.3.24.v20180605/jetty-security-9.3.24.v20180605.jar:/home/user/.m2/repository/javax/servlet/jsp/jsp-api/2.1/jsp-api-2.1.jar:/home/user/.m2/repository/com/sun/jersey/jersey-servlet/1.19/jersey-servlet-1.19.jar:/home/user/.m2/repository/com/sun/jersey/jersey-json/1.19/jersey-json-1.19.jar:/home/user/.m2/repository/org/codehaus/jettison/jettison/1.1/jettison-1.1.jar:/home/user/.m2/repository/org/codehaus/jackson/jackson-core-asl/1.9.13/jackson-core-asl-1.9.13.jar:/home/user/.m2/repository/org/codehaus/jackson/jackson-mapper-asl/1.9.13/jackson-mapper-asl-1.9.13.jar:/home/user/.m2/repository/org/codehaus/jackson/jackson-jaxrs/1.9.13/jackson-jaxrs-1.9.13.jar:/home/user/.m2/repository/org/codehaus/jackson/jackson-xc/1.9.13/jackson-xc-1.9.13.jar:/home/user/.m2/repository/commons-logging/commons-logging/1.1.3/commons-logging-1.1.3.jar:/home/user/.m2/repository/commons-beanutils/commons-beanutils/1.9.3/commons-beanutils-1.9.3.jar:/home/user/.m2/repository/org/apache/commons/commons-configuration2/2.1.1/commons-configuration2-2.1.1.jar:/home/user/.m2/repository/org/apache/commons/commons-lang3/3.7/commons-lang3-3.7.jar:/home/user/.m2/repository/org/apache/commons/commons-text/1.4/commons-text-1.4.jar:/home/user/.m2/repository/org/apache/avro/avro/1.7.7/avro-1.7.7.jar:/home/user/.m2/repository/com/thoughtworks/paranamer/paranamer/2.3/paranamer-2.3.jar:/home/user/.m2/repository/org/xerial/snappy/snappy-java/1.0.5/snappy-java-1.0.5.jar:/home/user/.m2/repository/com/google/re2j/re2j/1.1/re2j-1.1.jar:/home/user/.m2/repository/com/google/code/gson/gson/2.2.4/gson-2.2.4.jar:/home/user/.m2/repository/com/jcraft/jsch/0.1.54/jsch-0.1.54.jar:/home/user/.m2/repository/org/apache/curator/curator-client/2.12.0/curator-client-2.12.0.jar:/home/user/.m2/repository/org/apache/curator/curator-recipes/2.12.0/curator-recipes-2.12.0.jar:/home/user/.m2/repository/com/google/code/findbugs/jsr305/3.0.0/jsr305-3.0.0.jar:/home/user/.m2/repository/org/apache/htrace/htrace-core4/4.1.0-incubating/htrace-core4-4.1.0-incubating.jar:/home/user/.m2/repository/org/apache/zookeeper/zookeeper/3.4.13/zookeeper-3.4.13.jar:/home/user/.m2/repository/org/apache/yetus/audience-annotations/0.5.0/audience-annotations-0.5.0.jar:/home/user/.m2/repository/org/codehaus/woodstox/stax2-api/3.1.4/stax2-api-3.1.4.jar:/home/user/.m2/repository/com/fasterxml/woodstox/woodstox-core/5.0.3/woodstox-core-5.0.3.jar:/home/user/.m2/repository/dnsjava/dnsjava/2.1.7/dnsjava-2.1.7.jar:/home/user/.m2/repository/org/apache/hadoop/hadoop-hdfs/3.2.0/hadoop-hdfs-3.2.0-tests.jar:/home/user/.m2/repository/org/eclipse/jetty/jetty-util-ajax/9.3.24.v20180605/jetty-util-ajax-9.3.24.v20180605.jar:/home/user/.m2/repository/commons-daemon/commons-daemon/1.0.13/commons-daemon-1.0.13.jar:/home/user/.m2/repository/io/netty/netty/3.10.5.Final/netty-3.10.5.Final.jar:/home/user/.m2/repository/io/netty/netty-all/4.0.52.Final/netty-all-4.0.52.Final.jar:/home/user/.m2/repository/org/fusesource/leveldbjni/leveldbjni-all/1.8/leveldbjni-all-1.8.jar:"/>
    <property name="java.vm.vendor" value="IcedTea"/>
    <property name="sun.arch.data.model" value="64"/>
    <property name="test.build.dir" value="/tmp/workdir/hadoop-ozone/integration-test/target/test-dir"/>
    <property name="test.cache.data" value=""/>
    <property name="java.vendor.url" value="https://icedtea.classpath.org"/>
    <property name="user.timezone" value=""/>
    <property name="java.vm.specification.version" value="1.8"/>
    <property name="os.name" value="Linux"/>
    <property name="test.build.data" value="/tmp/workdir/hadoop-ozone/integration-test/target/test-dir"/>
    <property name="user.country" value="US"/>
    <property name="sun.java.launcher" value="SUN_STANDARD"/>
    <property name="sun.boot.library.path" value="/usr/lib/jvm/java-1.8-openjdk/jre/lib/amd64"/>
    <property name="sun.java.command" value="/tmp/workdir/hadoop-ozone/integration-test/target/surefire/surefirebooter4129500941255818200.jar /tmp/workdir/hadoop-ozone/integration-test/target/surefire 2019-07-14T06-10-53_874-jvmRun1 surefire2774829354384029166tmp surefire_411873285397522953871tmp"/>
    <property name="surefire.test.class.path" value="/tmp/workdir/hadoop-ozone/integration-test/target/test-classes:/tmp/workdir/hadoop-ozone/integration-test/target/classes:/home/user/.m2/repository/org/apache/hadoop/hadoop-ozone-common/0.5.0-SNAPSHOT/hadoop-ozone-common-0.5.0-SNAPSHOT.jar:/home/user/.m2/repository/org/apache/commons/commons-compress/1.4.1/commons-compress-1.4.1.jar:/home/user/.m2/repository/org/tukaani/xz/1.0/xz-1.0.jar:/home/user/.m2/repository/org/apache/hadoop/hadoop-common/3.2.0/hadoop-common-3.2.0.jar:/home/user/.m2/repository/org/apache/hadoop/hadoop-hdfs/3.2.0/hadoop-hdfs-3.2.0.jar:/home/user/.m2/repository/org/apache/hadoop/hadoop-hdfs-client/3.2.0/hadoop-hdfs-client-3.2.0.jar:/home/user/.m2/repository/com/fasterxml/jackson/core/jackson-annotations/2.9.5/jackson-annotations-2.9.5.jar:/home/user/.m2/repository/org/apache/hadoop/hadoop-hdds-common/0.5.0-SNAPSHOT/hadoop-hdds-common-0.5.0-SNAPSHOT.jar:/home/user/.m2/repository/javax/annotation/javax.annotation-api/1.2/javax.annotation-api-1.2.jar:/home/user/.m2/repository/org/apache/ratis/ratis-server/0.4.0-2337318-SNAPSHOT/ratis-server-0.4.0-2337318-SNAPSHOT.jar:/home/user/.m2/repository/org/apache/ratis/ratis-thirdparty-misc/0.2.0/ratis-thirdparty-misc-0.2.0.jar:/home/user/.m2/repository/org/apache/ratis/ratis-proto/0.4.0-2337318-SNAPSHOT/ratis-proto-0.4.0-2337318-SNAPSHOT.jar:/home/user/.m2/repository/org/apache/ratis/ratis-common/0.4.0-2337318-SNAPSHOT/ratis-common-0.4.0-2337318-SNAPSHOT.jar:/home/user/.m2/repository/org/apache/ratis/ratis-client/0.4.0-2337318-SNAPSHOT/ratis-client-0.4.0-2337318-SNAPSHOT.jar:/home/user/.m2/repository/org/apache/ratis/ratis-metrics/0.4.0-2337318-SNAPSHOT/ratis-metrics-0.4.0-2337318-SNAPSHOT.jar:/home/user/.m2/repository/org/apache/ratis/ratis-netty/0.4.0-2337318-SNAPSHOT/ratis-netty-0.4.0-2337318-SNAPSHOT.jar:/home/user/.m2/repository/org/apache/ratis/ratis-grpc/0.4.0-2337318-SNAPSHOT/ratis-grpc-0.4.0-2337318-SNAPSHOT.jar:/home/user/.m2/repository/org/rocksdb/rocksdbjni/6.0.1/rocksdbjni-6.0.1.jar:/home/user/.m2/repository/org/apache/logging/log4j/log4j-api/2.11.0/log4j-api-2.11.0.jar:/home/user/.m2/repository/org/apache/logging/log4j/log4j-core/2.11.0/log4j-core-2.11.0.jar:/home/user/.m2/repository/com/lmax/disruptor/3.4.2/disruptor-3.4.2.jar:/home/user/.m2/repository/org/apache/commons/commons-pool2/2.6.0/commons-pool2-2.6.0.jar:/home/user/.m2/repository/org/bouncycastle/bcpkix-jdk15on/1.60/bcpkix-jdk15on-1.60.jar:/home/user/.m2/repository/commons-validator/commons-validator/1.6/commons-validator-1.6.jar:/home/user/.m2/repository/commons-digester/commons-digester/1.8.1/commons-digester-1.8.1.jar:/home/user/.m2/repository/io/jaegertracing/jaeger-client/0.33.1/jaeger-client-0.33.1.jar:/home/user/.m2/repository/io/jaegertracing/jaeger-thrift/0.33.1/jaeger-thrift-0.33.1.jar:/home/user/.m2/repository/org/apache/thrift/libthrift/0.11.0/libthrift-0.11.0.jar:/home/user/.m2/repository/com/squareup/okhttp3/okhttp/3.9.0/okhttp-3.9.0.jar:/home/user/.m2/repository/com/squareup/okio/okio/1.13.0/okio-1.13.0.jar:/home/user/.m2/repository/io/jaegertracing/jaeger-core/0.33.1/jaeger-core-0.33.1.jar:/home/user/.m2/repository/io/jaegertracing/jaeger-tracerresolver/0.33.1/jaeger-tracerresolver-0.33.1.jar:/home/user/.m2/repository/io/opentracing/contrib/opentracing-tracerresolver/0.1.5/opentracing-tracerresolver-0.1.5.jar:/home/user/.m2/repository/io/opentracing/opentracing-util/0.31.0/opentracing-util-0.31.0.jar:/home/user/.m2/repository/io/opentracing/opentracing-api/0.31.0/opentracing-api-0.31.0.jar:/home/user/.m2/repository/io/opentracing/opentracing-noop/0.31.0/opentracing-noop-0.31.0.jar:/home/user/.m2/repository/org/apache/hadoop/hadoop-hdds-server-framework/0.5.0-SNAPSHOT/hadoop-hdds-server-framework-0.5.0-SNAPSHOT.jar:/home/user/.m2/repository/org/apache/hadoop/hadoop-hdds-container-service/0.5.0-SNAPSHOT/hadoop-hdds-container-service-0.5.0-SNAPSHOT.jar:/home/user/.m2/repository/org/apache/hadoop/hadoop-hdds-client/0.5.0-SNAPSHOT/hadoop-hdds-client-0.5.0-SNAPSHOT.jar:/home/user/.m2/repository/org/apache/hadoop/hadoop-hdds-tools/0.5.0-SNAPSHOT/hadoop-hdds-tools-0.5.0-SNAPSHOT.jar:/home/user/.m2/repository/org/apache/hadoop/hadoop-hdds-server-scm/0.5.0-SNAPSHOT/hadoop-hdds-server-scm-0.5.0-SNAPSHOT.jar:/home/user/.m2/repository/org/apache/hadoop/hadoop-hdds-docs/0.5.0-SNAPSHOT/hadoop-hdds-docs-0.5.0-SNAPSHOT.jar:/home/user/.m2/repository/io/dropwizard/metrics/metrics-core/3.2.4/metrics-core-3.2.4.jar:/home/user/.m2/repository/org/hamcrest/hamcrest-all/1.3/hamcrest-all-1.3.jar:/home/user/.m2/repository/org/bouncycastle/bcprov-jdk15on/1.60/bcprov-jdk15on-1.60.jar:/home/user/.m2/repository/info/picocli/picocli/3.9.6/picocli-3.9.6.jar:/home/user/.m2/repository/com/google/protobuf/protobuf-java/2.5.0/protobuf-java-2.5.0.jar:/home/user/.m2/repository/com/google/guava/guava/11.0.2/guava-11.0.2.jar:/home/user/.m2/repository/org/apache/hadoop/hadoop-ozone-ozone-manager/0.5.0-SNAPSHOT/hadoop-ozone-ozone-manager-0.5.0-SNAPSHOT.jar:/home/user/.m2/repository/org/apache/hadoop/hadoop-minikdc/3.2.0/hadoop-minikdc-3.2.0.jar:/home/user/.m2/repository/commons-io/commons-io/2.5/commons-io-2.5.jar:/home/user/.m2/repository/org/apache/kerby/kerb-simplekdc/1.0.1/kerb-simplekdc-1.0.1.jar:/home/user/.m2/repository/org/apache/kerby/kerb-client/1.0.1/kerb-client-1.0.1.jar:/home/user/.m2/repository/org/apache/kerby/kerby-config/1.0.1/kerby-config-1.0.1.jar:/home/user/.m2/repository/org/apache/kerby/kerb-core/1.0.1/kerb-core-1.0.1.jar:/home/user/.m2/repository/org/apache/kerby/kerby-pkix/1.0.1/kerby-pkix-1.0.1.jar:/home/user/.m2/repository/org/apache/kerby/kerby-asn1/1.0.1/kerby-asn1-1.0.1.jar:/home/user/.m2/repository/org/apache/kerby/kerby-util/1.0.1/kerby-util-1.0.1.jar:/home/user/.m2/repository/org/apache/kerby/kerb-common/1.0.1/kerb-common-1.0.1.jar:/home/user/.m2/repository/org/apache/kerby/kerb-crypto/1.0.1/kerb-crypto-1.0.1.jar:/home/user/.m2/repository/org/apache/kerby/kerb-util/1.0.1/kerb-util-1.0.1.jar:/home/user/.m2/repository/org/apache/kerby/token-provider/1.0.1/token-provider-1.0.1.jar:/home/user/.m2/repository/org/apache/kerby/kerb-admin/1.0.1/kerb-admin-1.0.1.jar:/home/user/.m2/repository/org/apache/kerby/kerb-server/1.0.1/kerb-server-1.0.1.jar:/home/user/.m2/repository/org/apache/kerby/kerb-identity/1.0.1/kerb-identity-1.0.1.jar:/home/user/.m2/repository/org/apache/kerby/kerby-xdr/1.0.1/kerby-xdr-1.0.1.jar:/home/user/.m2/repository/org/slf4j/slf4j-log4j12/1.7.25/slf4j-log4j12-1.7.25.jar:/home/user/.m2/repository/org/apache/hadoop/hadoop-ozone-objectstore-service/0.5.0-SNAPSHOT/hadoop-ozone-objectstore-service-0.5.0-SNAPSHOT.jar:/home/user/.m2/repository/org/apache/hadoop/hadoop-ozone-s3gateway/0.5.0-SNAPSHOT/hadoop-ozone-s3gateway-0.5.0-SNAPSHOT.jar:/home/user/.m2/repository/org/jboss/weld/servlet/weld-servlet/2.4.7.Final/weld-servlet-2.4.7.Final.jar:/home/user/.m2/repository/org/glassfish/jersey/containers/jersey-container-servlet-core/2.27/jersey-container-servlet-core-2.27.jar:/home/user/.m2/repository/org/glassfish/hk2/external/javax.inject/2.5.0-b42/javax.inject-2.5.0-b42.jar:/home/user/.m2/repository/org/glassfish/jersey/core/jersey-common/2.27/jersey-common-2.27.jar:/home/user/.m2/repository/org/glassfish/hk2/osgi-resource-locator/1.0.1/osgi-resource-locator-1.0.1.jar:/home/user/.m2/repository/javax/ws/rs/javax.ws.rs-api/2.1/javax.ws.rs-api-2.1.jar:/home/user/.m2/repository/org/glassfish/jersey/ext/cdi/jersey-cdi1x/2.27/jersey-cdi1x-2.27.jar:/home/user/.m2/repository/org/glassfish/jersey/inject/jersey-hk2/2.27/jersey-hk2-2.27.jar:/home/user/.m2/repository/org/glassfish/hk2/hk2-locator/2.5.0-b42/hk2-locator-2.5.0-b42.jar:/home/user/.m2/repository/org/javassist/javassist/3.22.0-CR2/javassist-3.22.0-CR2.jar:/home/user/.m2/repository/org/glassfish/hk2/hk2-api/2.5.0/hk2-api-2.5.0.jar:/home/user/.m2/repository/org/glassfish/hk2/external/jakarta.inject/2.5.0/jakarta.inject-2.5.0.jar:/home/user/.m2/repository/org/glassfish/hk2/hk2-utils/2.5.0/hk2-utils-2.5.0.jar:/home/user/.m2/repository/jakarta/annotation/jakarta.annotation-api/1.3.4/jakarta.annotation-api-1.3.4.jar:/home/user/.m2/repository/org/glassfish/hk2/external/aopalliance-repackaged/2.5.0/aopalliance-repackaged-2.5.0.jar:/home/user/.m2/repository/com/fasterxml/jackson/dataformat/jackson-dataformat-xml/2.9.0/jackson-dataformat-xml-2.9.0.jar:/home/user/.m2/repository/com/fasterxml/jackson/core/jackson-core/2.9.5/jackson-core-2.9.5.jar:/home/user/.m2/repository/com/fasterxml/jackson/module/jackson-module-jaxb-annotations/2.9.5/jackson-module-jaxb-annotations-2.9.5.jar:/home/user/.m2/repository/javax/enterprise/cdi-api/1.2/cdi-api-1.2.jar:/home/user/.m2/repository/javax/el/javax.el-api/3.0.0/javax.el-api-3.0.0.jar:/home/user/.m2/repository/javax/interceptor/javax.interceptor-api/1.2/javax.interceptor-api-1.2.jar:/home/user/.m2/repository/javax/inject/javax.inject/1/javax.inject-1.jar:/home/user/.m2/repository/com/sun/xml/bind/jaxb-impl/2.3.0.1/jaxb-impl-2.3.0.1.jar:/home/user/.m2/repository/com/sun/xml/bind/jaxb-core/2.3.0.1/jaxb-core-2.3.0.1.jar:/home/user/.m2/repository/javax/xml/bind/jaxb-api/2.3.0/jaxb-api-2.3.0.jar:/home/user/.m2/repository/javax/activation/activation/1.1.1/activation-1.1.1.jar:/home/user/.m2/repository/org/apache/hadoop/hadoop-ozone-csi/0.5.0-SNAPSHOT/hadoop-ozone-csi-0.5.0-SNAPSHOT.jar:/home/user/.m2/repository/com/google/protobuf/protobuf-java-util/3.5.1/protobuf-java-util-3.5.1.jar:/home/user/.m2/repository/org/apache/hadoop/hadoop-hdds-config/0.5.0-SNAPSHOT/hadoop-hdds-config-0.5.0-SNAPSHOT.jar:/home/user/.m2/repository/io/grpc/grpc-netty/1.17.1/grpc-netty-1.17.1.jar:/home/user/.m2/repository/io/grpc/grpc-core/1.17.1/grpc-core-1.17.1.jar:/home/user/.m2/repository/io/grpc/grpc-context/1.17.1/grpc-context-1.17.1.jar:/home/user/.m2/repository/com/google/errorprone/error_prone_annotations/2.2.0/error_prone_annotations-2.2.0.jar:/home/user/.m2/repository/org/codehaus/mojo/animal-sniffer-annotations/1.17/animal-sniffer-annotations-1.17.jar:/home/user/.m2/repository/io/opencensus/opencensus-api/0.17.0/opencensus-api-0.17.0.jar:/home/user/.m2/repository/io/opencensus/opencensus-contrib-grpc-metrics/0.17.0/opencensus-contrib-grpc-metrics-0.17.0.jar:/home/user/.m2/repository/io/netty/netty-codec-http2/4.1.30.Final/netty-codec-http2-4.1.30.Final.jar:/home/user/.m2/repository/io/netty/netty-codec-http/4.1.30.Final/netty-codec-http-4.1.30.Final.jar:/home/user/.m2/repository/io/netty/netty-codec/4.1.30.Final/netty-codec-4.1.30.Final.jar:/home/user/.m2/repository/io/netty/netty-handler/4.1.30.Final/netty-handler-4.1.30.Final.jar:/home/user/.m2/repository/io/netty/netty-handler-proxy/4.1.30.Final/netty-handler-proxy-4.1.30.Final.jar:/home/user/.m2/repository/io/netty/netty-codec-socks/4.1.30.Final/netty-codec-socks-4.1.30.Final.jar:/home/user/.m2/repository/io/netty/netty-transport-native-epoll/4.1.30.Final/netty-transport-native-epoll-4.1.30.Final.jar:/home/user/.m2/repository/io/netty/netty-common/4.1.30.Final/netty-common-4.1.30.Final.jar:/home/user/.m2/repository/io/netty/netty-buffer/4.1.30.Final/netty-buffer-4.1.30.Final.jar:/home/user/.m2/repository/io/netty/netty-transport/4.1.30.Final/netty-transport-4.1.30.Final.jar:/home/user/.m2/repository/io/netty/netty-resolver/4.1.30.Final/netty-resolver-4.1.30.Final.jar:/home/user/.m2/repository/io/netty/netty-transport-native-unix-common/4.1.30.Final/netty-transport-native-unix-common-4.1.30.Final.jar:/home/user/.m2/repository/io/grpc/grpc-protobuf/1.17.1/grpc-protobuf-1.17.1.jar:/home/user/.m2/repository/com/google/api/grpc/proto-google-common-protos/1.0.0/proto-google-common-protos-1.0.0.jar:/home/user/.m2/repository/io/grpc/grpc-protobuf-lite/1.17.1/grpc-protobuf-lite-1.17.1.jar:/home/user/.m2/repository/io/grpc/grpc-stub/1.17.1/grpc-stub-1.17.1.jar:/home/user/.m2/repository/org/apache/hadoop/hadoop-ozone-recon/0.5.0-SNAPSHOT/hadoop-ozone-recon-0.5.0-SNAPSHOT.jar:/home/user/.m2/repository/org/apache/hadoop/hadoop-ozone-reconcodegen/0.5.0-SNAPSHOT/hadoop-ozone-reconcodegen-0.5.0-SNAPSHOT.jar:/home/user/.m2/repository/com/google/inject/extensions/guice-multibindings/4.0/guice-multibindings-4.0.jar:/home/user/.m2/repository/com/google/inject/guice/4.0/guice-4.0.jar:/home/user/.m2/repository/aopalliance/aopalliance/1.0/aopalliance-1.0.jar:/home/user/.m2/repository/com/google/inject/extensions/guice-servlet/4.0/guice-servlet-4.0.jar:/home/user/.m2/repository/org/glassfish/jersey/containers/jersey-container-servlet/2.27/jersey-container-servlet-2.27.jar:/home/user/.m2/repository/org/glassfish/hk2/guice-bridge/2.5.0/guice-bridge-2.5.0.jar:/home/user/.m2/repository/org/glassfish/jersey/core/jersey-server/2.27/jersey-server-2.27.jar:/home/user/.m2/repository/org/glassfish/jersey/core/jersey-client/2.27/jersey-client-2.27.jar:/home/user/.m2/repository/org/glassfish/jersey/media/jersey-media-jaxb/2.27/jersey-media-jaxb-2.27.jar:/home/user/.m2/repository/javax/validation/validation-api/1.1.0.Final/validation-api-1.1.0.Final.jar:/home/user/.m2/repository/org/glassfish/jersey/media/jersey-media-json-jackson/2.27/jersey-media-json-jackson-2.27.jar:/home/user/.m2/repository/org/glassfish/jersey/ext/jersey-entity-filtering/2.27/jersey-entity-filtering-2.27.jar:/home/user/.m2/repository/com/google/inject/extensions/guice-assistedinject/4.0/guice-assistedinject-4.0.jar:/home/user/.m2/repository/org/jooq/jooq/3.11.10/jooq-3.11.10.jar:/home/user/.m2/repository/org/jooq/jooq-meta/3.11.10/jooq-meta-3.11.10.jar:/home/user/.m2/repository/org/jooq/jooq-codegen/3.11.10/jooq-codegen-3.11.10.jar:/home/user/.m2/repository/com/jolbox/bonecp/0.8.0.RELEASE/bonecp-0.8.0.RELEASE.jar:/home/user/.m2/repository/org/xerial/sqlite-jdbc/3.25.2/sqlite-jdbc-3.25.2.jar:/home/user/.m2/repository/org/springframework/spring-jdbc/5.1.3.RELEASE/spring-jdbc-5.1.3.RELEASE.jar:/home/user/.m2/repository/org/springframework/spring-beans/5.1.3.RELEASE/spring-beans-5.1.3.RELEASE.jar:/home/user/.m2/repository/org/springframework/spring-core/5.1.3.RELEASE/spring-core-5.1.3.RELEASE.jar:/home/user/.m2/repository/org/springframework/spring-jcl/5.1.3.RELEASE/spring-jcl-5.1.3.RELEASE.jar:/home/user/.m2/repository/org/springframework/spring-tx/5.1.3.RELEASE/spring-tx-5.1.3.RELEASE.jar:/home/user/.m2/repository/org/apache/hadoop/hadoop-ozone-client/0.5.0-SNAPSHOT/hadoop-ozone-client-0.5.0-SNAPSHOT.jar:/home/user/.m2/repository/commons-lang/commons-lang/2.6/commons-lang-2.6.jar:/home/user/.m2/repository/org/apache/hadoop/hadoop-ozone-ozone-manager/0.5.0-SNAPSHOT/hadoop-ozone-ozone-manager-0.5.0-SNAPSHOT-tests.jar:/home/user/.m2/repository/junit/junit/4.11/junit-4.11.jar:/home/user/.m2/repository/org/hamcrest/hamcrest-core/1.3/hamcrest-core-1.3.jar:/home/user/.m2/repository/org/openjdk/jmh/jmh-core/1.19/jmh-core-1.19.jar:/home/user/.m2/repository/net/sf/jopt-simple/jopt-simple/4.6/jopt-simple-4.6.jar:/home/user/.m2/repository/org/apache/commons/commons-math3/3.1.1/commons-math3-3.1.1.jar:/home/user/.m2/repository/org/openjdk/jmh/jmh-generator-annprocess/1.19/jmh-generator-annprocess-1.19.jar:/home/user/.m2/repository/org/mockito/mockito-all/1.8.5/mockito-all-1.8.5.jar:/home/user/.m2/repository/org/apache/hadoop/hadoop-kms/3.2.0/hadoop-kms-3.2.0.jar:/home/user/.m2/repository/org/apache/hadoop/hadoop-auth/3.2.0/hadoop-auth-3.2.0.jar:/home/user/.m2/repository/com/nimbusds/nimbus-jose-jwt/4.41.1/nimbus-jose-jwt-4.41.1.jar:/home/user/.m2/repository/com/github/stephenc/jcip/jcip-annotations/1.0-1/jcip-annotations-1.0-1.jar:/home/user/.m2/repository/net/minidev/json-smart/2.3/json-smart-2.3.jar:/home/user/.m2/repository/net/minidev/accessors-smart/1.2/accessors-smart-1.2.jar:/home/user/.m2/repository/org/ow2/asm/asm/5.0.4/asm-5.0.4.jar:/home/user/.m2/repository/org/apache/curator/curator-framework/2.12.0/curator-framework-2.12.0.jar:/home/user/.m2/repository/com/sun/jersey/jersey-core/1.19/jersey-core-1.19.jar:/home/user/.m2/repository/javax/ws/rs/jsr311-api/1.1.1/jsr311-api-1.1.1.jar:/home/user/.m2/repository/com/sun/jersey/jersey-server/1.19/jersey-server-1.19.jar:/home/user/.m2/repository/javax/servlet/javax.servlet-api/3.1.0/javax.servlet-api-3.1.0.jar:/home/user/.m2/repository/org/eclipse/jetty/jetty-server/9.3.24.v20180605/jetty-server-9.3.24.v20180605.jar:/home/user/.m2/repository/org/eclipse/jetty/jetty-http/9.3.24.v20180605/jetty-http-9.3.24.v20180605.jar:/home/user/.m2/repository/org/eclipse/jetty/jetty-io/9.3.24.v20180605/jetty-io-9.3.24.v20180605.jar:/home/user/.m2/repository/org/eclipse/jetty/jetty-webapp/9.3.24.v20180605/jetty-webapp-9.3.24.v20180605.jar:/home/user/.m2/repository/org/eclipse/jetty/jetty-xml/9.3.24.v20180605/jetty-xml-9.3.24.v20180605.jar:/home/user/.m2/repository/log4j/log4j/1.2.17/log4j-1.2.17.jar:/home/user/.m2/repository/org/slf4j/slf4j-api/1.7.25/slf4j-api-1.7.25.jar:/home/user/.m2/repository/org/slf4j/jul-to-slf4j/1.7.25/jul-to-slf4j-1.7.25.jar:/home/user/.m2/repository/org/eclipse/jetty/jetty-util/9.3.24.v20180605/jetty-util-9.3.24.v20180605.jar:/home/user/.m2/repository/com/fasterxml/jackson/core/jackson-databind/2.9.5/jackson-databind-2.9.5.jar:/home/user/.m2/repository/org/apache/hadoop/hadoop-kms/3.2.0/hadoop-kms-3.2.0-tests.jar:/home/user/.m2/repository/org/apache/hadoop/hadoop-hdds-server-scm/0.5.0-SNAPSHOT/hadoop-hdds-server-scm-0.5.0-SNAPSHOT-tests.jar:/home/user/.m2/repository/org/apache/hadoop/hadoop-hdds-container-service/0.5.0-SNAPSHOT/hadoop-hdds-container-service-0.5.0-SNAPSHOT-tests.jar:/home/user/.m2/repository/org/yaml/snakeyaml/1.16/snakeyaml-1.16.jar:/home/user/.m2/repository/org/apache/hadoop/hadoop-common/3.2.0/hadoop-common-3.2.0-tests.jar:/home/user/.m2/repository/org/apache/hadoop/hadoop-annotations/3.2.0/hadoop-annotations-3.2.0.jar:/usr/lib/jvm/java-1.8-openjdk/jre/../lib/tools.jar:/home/user/.m2/repository/commons-cli/commons-cli/1.2/commons-cli-1.2.jar:/home/user/.m2/repository/org/apache/httpcomponents/httpclient/4.5.2/httpclient-4.5.2.jar:/home/user/.m2/repository/org/apache/httpcomponents/httpcore/4.4.4/httpcore-4.4.4.jar:/home/user/.m2/repository/commons-codec/commons-codec/1.11/commons-codec-1.11.jar:/home/user/.m2/repository/commons-net/commons-net/3.6/commons-net-3.6.jar:/home/user/.m2/repository/commons-collections/commons-collections/3.2.2/commons-collections-3.2.2.jar:/home/user/.m2/repository/org/eclipse/jetty/jetty-servlet/9.3.24.v20180605/jetty-servlet-9.3.24.v20180605.jar:/home/user/.m2/repository/org/eclipse/jetty/jetty-security/9.3.24.v20180605/jetty-security-9.3.24.v20180605.jar:/home/user/.m2/repository/javax/servlet/jsp/jsp-api/2.1/jsp-api-2.1.jar:/home/user/.m2/repository/com/sun/jersey/jersey-servlet/1.19/jersey-servlet-1.19.jar:/home/user/.m2/repository/com/sun/jersey/jersey-json/1.19/jersey-json-1.19.jar:/home/user/.m2/repository/org/codehaus/jettison/jettison/1.1/jettison-1.1.jar:/home/user/.m2/repository/org/codehaus/jackson/jackson-core-asl/1.9.13/jackson-core-asl-1.9.13.jar:/home/user/.m2/repository/org/codehaus/jackson/jackson-mapper-asl/1.9.13/jackson-mapper-asl-1.9.13.jar:/home/user/.m2/repository/org/codehaus/jackson/jackson-jaxrs/1.9.13/jackson-jaxrs-1.9.13.jar:/home/user/.m2/repository/org/codehaus/jackson/jackson-xc/1.9.13/jackson-xc-1.9.13.jar:/home/user/.m2/repository/commons-logging/commons-logging/1.1.3/commons-logging-1.1.3.jar:/home/user/.m2/repository/commons-beanutils/commons-beanutils/1.9.3/commons-beanutils-1.9.3.jar:/home/user/.m2/repository/org/apache/commons/commons-configuration2/2.1.1/commons-configuration2-2.1.1.jar:/home/user/.m2/repository/org/apache/commons/commons-lang3/3.7/commons-lang3-3.7.jar:/home/user/.m2/repository/org/apache/commons/commons-text/1.4/commons-text-1.4.jar:/home/user/.m2/repository/org/apache/avro/avro/1.7.7/avro-1.7.7.jar:/home/user/.m2/repository/com/thoughtworks/paranamer/paranamer/2.3/paranamer-2.3.jar:/home/user/.m2/repository/org/xerial/snappy/snappy-java/1.0.5/snappy-java-1.0.5.jar:/home/user/.m2/repository/com/google/re2j/re2j/1.1/re2j-1.1.jar:/home/user/.m2/repository/com/google/code/gson/gson/2.2.4/gson-2.2.4.jar:/home/user/.m2/repository/com/jcraft/jsch/0.1.54/jsch-0.1.54.jar:/home/user/.m2/repository/org/apache/curator/curator-client/2.12.0/curator-client-2.12.0.jar:/home/user/.m2/repository/org/apache/curator/curator-recipes/2.12.0/curator-recipes-2.12.0.jar:/home/user/.m2/repository/com/google/code/findbugs/jsr305/3.0.0/jsr305-3.0.0.jar:/home/user/.m2/repository/org/apache/htrace/htrace-core4/4.1.0-incubating/htrace-core4-4.1.0-incubating.jar:/home/user/.m2/repository/org/apache/zookeeper/zookeeper/3.4.13/zookeeper-3.4.13.jar:/home/user/.m2/repository/org/apache/yetus/audience-annotations/0.5.0/audience-annotations-0.5.0.jar:/home/user/.m2/repository/org/codehaus/woodstox/stax2-api/3.1.4/stax2-api-3.1.4.jar:/home/user/.m2/repository/com/fasterxml/woodstox/woodstox-core/5.0.3/woodstox-core-5.0.3.jar:/home/user/.m2/repository/dnsjava/dnsjava/2.1.7/dnsjava-2.1.7.jar:/home/user/.m2/repository/org/apache/hadoop/hadoop-hdfs/3.2.0/hadoop-hdfs-3.2.0-tests.jar:/home/user/.m2/repository/org/eclipse/jetty/jetty-util-ajax/9.3.24.v20180605/jetty-util-ajax-9.3.24.v20180605.jar:/home/user/.m2/repository/commons-daemon/commons-daemon/1.0.13/commons-daemon-1.0.13.jar:/home/user/.m2/repository/io/netty/netty/3.10.5.Final/netty-3.10.5.Final.jar:/home/user/.m2/repository/io/netty/netty-all/4.0.52.Final/netty-all-4.0.52.Final.jar:/home/user/.m2/repository/org/fusesource/leveldbjni/leveldbjni-all/1.8/leveldbjni-all-1.8.jar:"/>
    <property name="sun.cpu.endian" value="little"/>
    <property name="user.home" value="/home/user"/>
    <property name="user.language" value="en"/>
    <property name="java.specification.vendor" value="Oracle Corporation"/>
    <property name="java.home" value="/usr/lib/jvm/java-1.8-openjdk/jre"/>
    <property name="java.security.krb5.conf" value="/tmp/workdir/hadoop-ozone/integration-test/target/test-classes/krb5.conf"/>
    <property name="basedir" value="/tmp/workdir/hadoop-ozone/integration-test"/>
    <property name="file.separator" value="/"/>
    <property name="line.separator" value="&#10;"/>
    <property name="java.vm.specification.vendor" value="Oracle Corporation"/>
    <property name="java.specification.name" value="Java Platform API Specification"/>
    <property name="java.awt.graphicsenv" value="sun.awt.X11GraphicsEnvironment"/>
    <property name="surefire.real.class.path" value="/tmp/workdir/hadoop-ozone/integration-test/target/surefire/surefirebooter4129500941255818200.jar"/>
    <property name="hadoop.log.dir" value="/tmp/workdir/hadoop-ozone/integration-test/target/log"/>
    <property name="sun.boot.class.path" value="/usr/lib/jvm/java-1.8-openjdk/jre/lib/resources.jar:/usr/lib/jvm/java-1.8-openjdk/jre/lib/rt.jar:/usr/lib/jvm/java-1.8-openjdk/jre/lib/sunrsasign.jar:/usr/lib/jvm/java-1.8-openjdk/jre/lib/jsse.jar:/usr/lib/jvm/java-1.8-openjdk/jre/lib/jce.jar:/usr/lib/jvm/java-1.8-openjdk/jre/lib/charsets.jar:/usr/lib/jvm/java-1.8-openjdk/jre/lib/jfr.jar:/usr/lib/jvm/java-1.8-openjdk/jre/classes"/>
    <property name="sun.management.compiler" value="HotSpot 64-Bit Tiered Compilers"/>
    <property name="java.runtime.version" value="1.8.0_212-b04"/>
    <property name="java.net.preferIPv4Stack" value="true"/>
    <property name="user.name" value="jenkins1000"/>
    <property name="path.separator" value=":"/>
    <property name="java.security.egd" value="file:///dev/urandom"/>
    <property name="os.version" value="3.10.0-957.12.2.el7.x86_64"/>
    <property name="java.endorsed.dirs" value="/usr/lib/jvm/java-1.8-openjdk/jre/lib/endorsed"/>
    <property name="java.runtime.name" value="OpenJDK Runtime Environment"/>
    <property name="file.encoding" value="UTF-8"/>
    <property name="java.vm.name" value="OpenJDK 64-Bit Server VM"/>
    <property name="test.build.webapps" value=""/>
    <property name="localRepository" value="/home/user/.m2/repository"/>
    <property name="java.vendor.url.bug" value="https://icedtea.classpath.org/bugzilla"/>
    <property name="java.io.tmpdir" value="/tmp"/>
    <property name="require.test.libhadoop" value=""/>
    <property name="java.version" value="1.8.0_212"/>
    <property name="user.dir" value="/tmp/workdir/hadoop-ozone/integration-test"/>
    <property name="os.arch" value="amd64"/>
    <property name="java.vm.specification.name" value="Java Virtual Machine Specification"/>
    <property name="test.build.classes" value="/tmp/workdir/hadoop-ozone/integration-test/target/test-classes"/>
    <property name="java.awt.printerjob" value="sun.print.PSPrinterJob"/>
    <property name="sun.os.patch.level" value="unknown"/>
    <property name="hadoop.tmp.dir" value="/tmp/workdir/hadoop-ozone/integration-test/target/tmp"/>
    <property name="java.library.path" value="/usr/lib/jvm/java-1.8-openjdk/jre/lib/amd64/server:/usr/lib/jvm/java-1.8-openjdk/jre/lib/amd64:/usr/lib/jvm/java-1.8-openjdk/jre/../lib/amd64:/tmp/workdir/hadoop-ozone/integration-test/target/native/target/usr/local/lib:/tmp/workdir/hadoop-ozone/integration-test/../../hadoop-common-project/hadoop-common/target/native/target/usr/local/lib:/usr/java/packages/lib/amd64:/usr/lib64:/lib64:/lib:/usr/lib"/>
    <property name="java.vm.info" value="mixed mode"/>
    <property name="java.vendor" value="IcedTea"/>
    <property name="java.vm.version" value="25.212-b04"/>
    <property name="java.ext.dirs" value="/usr/lib/jvm/java-1.8-openjdk/jre/lib/ext:/usr/java/packages/lib/ext"/>
    <property name="sun.io.unicode.encoding" value="UnicodeLittle"/>
    <property name="java.class.version" value="52.0"/>
  </properties>
  <testcase name="testGroupMismatchExceptionHandling" classname="org.apache.hadoop.ozone.client.rpc.TestOzoneClientRetriesOnException" time="43.482">
    <error type="java.lang.IllegalArgumentException">java.lang.IllegalArgumentException
	at com.google.common.base.Preconditions.checkArgument(Preconditions.java:72)
	at org.apache.hadoop.hdds.scm.XceiverClientManager.acquireClient(XceiverClientManager.java:150)
	at org.apache.hadoop.hdds.scm.XceiverClientManager.acquireClientForReadData(XceiverClientManager.java:143)
	at org.apache.hadoop.hdds.scm.storage.BlockInputStream.getChunkInfos(BlockInputStream.java:154)
	at org.apache.hadoop.hdds.scm.storage.BlockInputStream.initialize(BlockInputStream.java:118)
	at org.apache.hadoop.hdds.scm.storage.BlockInputStream.read(BlockInputStream.java:222)
	at org.apache.hadoop.ozone.client.io.KeyInputStream.read(KeyInputStream.java:171)
	at org.apache.hadoop.ozone.client.io.OzoneInputStream.read(OzoneInputStream.java:47)
	at java.io.InputStream.read(InputStream.java:101)
	at org.apache.hadoop.ozone.container.ContainerTestHelper.validateData(ContainerTestHelper.java:709)
	at org.apache.hadoop.ozone.client.rpc.TestOzoneClientRetriesOnException.validateData(TestOzoneClientRetriesOnException.java:231)
	at org.apache.hadoop.ozone.client.rpc.TestOzoneClientRetriesOnException.testGroupMismatchExceptionHandling(TestOzoneClientRetriesOnException.java:160)
	at sun.reflect.NativeMethodAccessorImpl.invoke0(Native Method)
	at sun.reflect.NativeMethodAccessorImpl.invoke(NativeMethodAccessorImpl.java:62)
	at sun.reflect.DelegatingMethodAccessorImpl.invoke(DelegatingMethodAccessorImpl.java:43)
	at java.lang.reflect.Method.invoke(Method.java:498)
	at org.junit.runners.model.FrameworkMethod$1.runReflectiveCall(FrameworkMethod.java:47)
	at org.junit.internal.runners.model.ReflectiveCallable.run(ReflectiveCallable.java:12)
	at org.junit.runners.model.FrameworkMethod.invokeExplosively(FrameworkMethod.java:44)
	at org.junit.internal.runners.statements.InvokeMethod.evaluate(InvokeMethod.java:17)
	at org.junit.internal.runners.statements.RunBefores.evaluate(RunBefores.java:26)
	at org.junit.internal.runners.statements.RunAfters.evaluate(RunAfters.java:27)
	at org.junit.runners.ParentRunner.runLeaf(ParentRunner.java:271)
	at org.junit.runners.BlockJUnit4ClassRunner.runChild(BlockJUnit4ClassRunner.java:70)
	at org.junit.runners.BlockJUnit4ClassRunner.runChild(BlockJUnit4ClassRunner.java:50)
	at org.junit.runners.ParentRunner$3.run(ParentRunner.java:238)
	at org.junit.runners.ParentRunner$1.schedule(ParentRunner.java:63)
	at org.junit.runners.ParentRunner.runChildren(ParentRunner.java:236)
	at org.junit.runners.ParentRunner.access$000(ParentRunner.java:53)
	at org.junit.runners.ParentRunner$2.evaluate(ParentRunner.java:229)
	at org.junit.runners.ParentRunner.run(ParentRunner.java:309)
	at org.apache.maven.surefire.junit4.JUnit4Provider.execute(JUnit4Provider.java:365)
	at org.apache.maven.surefire.junit4.JUnit4Provider.executeWithRerun(JUnit4Provider.java:273)
	at org.apache.maven.surefire.junit4.JUnit4Provider.executeTestSet(JUnit4Provider.java:238)
	at org.apache.maven.surefire.junit4.JUnit4Provider.invoke(JUnit4Provider.java:159)
	at org.apache.maven.surefire.booter.ForkedBooter.invokeProviderInSameClassLoader(ForkedBooter.java:384)
	at org.apache.maven.surefire.booter.ForkedBooter.runSuitesInProcess(ForkedBooter.java:345)
	at org.apache.maven.surefire.booter.ForkedBooter.execute(ForkedBooter.java:126)
	at org.apache.maven.surefire.booter.ForkedBooter.main(ForkedBooter.java:418)
</error>
    <system-out><![CDATA[2019-07-14 06:53:18,163 WARN  server.ServerUtils (ServerUtils.java:getScmDbDir(145)) - ozone.scm.db.dirs is not configured. We recommend adding this setting. Falling back to ozone.metadata.dirs instead.
2019-07-14 06:53:18,270 WARN  server.ServerUtils (ServerUtils.java:getScmDbDir(145)) - ozone.scm.db.dirs is not configured. We recommend adding this setting. Falling back to ozone.metadata.dirs instead.
2019-07-14 06:53:18,273 WARN  server.ServerUtils (ServerUtils.java:getScmDbDir(145)) - ozone.scm.db.dirs is not configured. We recommend adding this setting. Falling back to ozone.metadata.dirs instead.
2019-07-14 06:53:18,290 INFO  util.log (Log.java:initialized(192)) - Logging initialized @936ms
2019-07-14 06:53:18,394 INFO  db.DBStoreBuilder (DBStoreBuilder.java:addTable(110)) - using custom profile for table: deletedBlocks
2019-07-14 06:53:18,398 INFO  db.DBStoreBuilder (DBStoreBuilder.java:processTables(161)) - Using default column profile:DBProfile.DISK for Table:deletedBlocks
2019-07-14 06:53:18,399 INFO  db.DBStoreBuilder (DBStoreBuilder.java:addTable(110)) - using custom profile for table: validCerts
2019-07-14 06:53:18,399 INFO  db.DBStoreBuilder (DBStoreBuilder.java:processTables(161)) - Using default column profile:DBProfile.DISK for Table:validCerts
2019-07-14 06:53:18,399 INFO  db.DBStoreBuilder (DBStoreBuilder.java:addTable(110)) - using custom profile for table: revokedCerts
2019-07-14 06:53:18,400 INFO  db.DBStoreBuilder (DBStoreBuilder.java:processTables(161)) - Using default column profile:DBProfile.DISK for Table:revokedCerts
2019-07-14 06:53:18,414 INFO  db.DBStoreBuilder (DBStoreBuilder.java:addTable(110)) - using custom profile for table: default
2019-07-14 06:53:18,414 INFO  db.DBStoreBuilder (DBStoreBuilder.java:processTables(167)) - Using default column profile:DBProfile.DISK for Table:default
2019-07-14 06:53:18,416 INFO  db.DBStoreBuilder (DBStoreBuilder.java:getDbProfile(198)) - Using default options. DBProfile.DISK
2019-07-14 06:53:18,584 INFO  net.NodeSchemaLoader (NodeSchemaLoader.java:loadSchemaFromFile(125)) - Loading file from sun.misc.CompoundEnumeration@20ce78ec
2019-07-14 06:53:18,586 INFO  net.NodeSchemaLoader (NodeSchemaLoader.java:loadSchema(171)) - Loading network topology layer schema file
2019-07-14 06:53:18,656 WARN  server.ServerUtils (ServerUtils.java:sanitizeUserArgs(70)) - ozone.scm.stale.node.interval value = 300000 is larger than max = 100000 based on the key value of ozone.scm.heartbeat.thread.interval, reset to the max value 100000.
2019-07-14 06:53:18,658 WARN  server.ServerUtils (ServerUtils.java:sanitizeUserArgs(70)) - ozone.scm.stale.node.interval value = 300000 is larger than max = 100000 based on the key value of ozone.scm.heartbeat.thread.interval, reset to the max value 100000.
2019-07-14 06:53:18,660 INFO  node.SCMNodeManager (SCMNodeManager.java:<init>(119)) - Entering startup safe mode.
2019-07-14 06:53:18,735 WARN  server.ServerUtils (ServerUtils.java:getScmDbDir(145)) - ozone.scm.db.dirs is not configured. We recommend adding this setting. Falling back to ozone.metadata.dirs instead.
2019-07-14 06:53:18,800 INFO  pipeline.SCMPipelineManager (SCMPipelineManager.java:initializePipelineState(126)) - No pipeline exists in current db
2019-07-14 06:53:18,803 WARN  server.ServerUtils (ServerUtils.java:getScmDbDir(145)) - ozone.scm.db.dirs is not configured. We recommend adding this setting. Falling back to ozone.metadata.dirs instead.
2019-07-14 06:53:18,896 WARN  events.EventQueue (EventQueue.java:fireEvent(175)) - No event handler registered for event TypedEvent{payloadType=SafeModeStatus, name='SafeModeStatus'}
2019-07-14 06:53:19,247 INFO  ipc.CallQueueManager (CallQueueManager.java:<init>(84)) - Using callQueue: class java.util.concurrent.LinkedBlockingQueue, queueCapacity: 2000, scheduler: class org.apache.hadoop.ipc.DefaultRpcScheduler, ipcBackoff: false.
2019-07-14 06:53:19,281 INFO  ipc.Server (Server.java:run(1074)) - Starting Socket Reader #1 for port 35348
2019-07-14 06:53:19,318 INFO  ipc.CallQueueManager (CallQueueManager.java:<init>(84)) - Using callQueue: class java.util.concurrent.LinkedBlockingQueue, queueCapacity: 2000, scheduler: class org.apache.hadoop.ipc.DefaultRpcScheduler, ipcBackoff: false.
2019-07-14 06:53:19,320 INFO  ipc.Server (Server.java:run(1074)) - Starting Socket Reader #1 for port 41687
2019-07-14 06:53:19,328 INFO  ipc.CallQueueManager (CallQueueManager.java:<init>(84)) - Using callQueue: class java.util.concurrent.LinkedBlockingQueue, queueCapacity: 2000, scheduler: class org.apache.hadoop.ipc.DefaultRpcScheduler, ipcBackoff: false.
2019-07-14 06:53:19,330 INFO  ipc.Server (Server.java:run(1074)) - Starting Socket Reader #1 for port 46393
2019-07-14 06:53:19,464 INFO  hdfs.DFSUtil (DFSUtil.java:httpServerTemplateForNNAndJN(1641)) - Starting Web-server for scm at: http://0.0.0.0:0
2019-07-14 06:53:19,605 INFO  server.AuthenticationFilter (AuthenticationFilter.java:constructSecretProvider(240)) - Unable to initialize FileSignerSecretProvider, falling back to use random secrets.
2019-07-14 06:53:19,612 WARN  http.HttpRequestLog (HttpRequestLog.java:getRequestLog(97)) - Jetty request log can only be enabled using Log4j
2019-07-14 06:53:19,620 INFO  http.HttpServer2 (HttpServer2.java:addGlobalFilter(975)) - Added global filter 'safety' (class=org.apache.hadoop.http.HttpServer2$QuotingInputFilter)
2019-07-14 06:53:19,622 INFO  http.HttpServer2 (HttpServer2.java:addFilter(948)) - Added filter static_user_filter (class=org.apache.hadoop.http.lib.StaticUserWebFilter$StaticUserFilter) to context scm
2019-07-14 06:53:19,622 INFO  http.HttpServer2 (HttpServer2.java:addFilter(958)) - Added filter static_user_filter (class=org.apache.hadoop.http.lib.StaticUserWebFilter$StaticUserFilter) to context static
2019-07-14 06:53:19,623 INFO  http.HttpServer2 (HttpServer2.java:addFilter(958)) - Added filter static_user_filter (class=org.apache.hadoop.http.lib.StaticUserWebFilter$StaticUserFilter) to context logs
2019-07-14 06:53:19,650 INFO  server.StorageContainerManager (StorageContainerManager.java:start(759)) - StorageContainerLocationProtocol RPC server is listening at /0.0.0.0:46393
2019-07-14 06:53:19,706 WARN  impl.MetricsConfig (MetricsConfig.java:loadFirst(134)) - Cannot locate configuration: tried hadoop-metrics2-storagecontainermanager.properties,hadoop-metrics2.properties
2019-07-14 06:53:19,718 INFO  impl.MetricsSystemImpl (MetricsSystemImpl.java:startTimer(374)) - Scheduled Metric snapshot period at 10 second(s).
2019-07-14 06:53:19,718 INFO  impl.MetricsSystemImpl (MetricsSystemImpl.java:start(191)) - StorageContainerManager metrics system started
2019-07-14 06:53:19,898 INFO  server.SCMClientProtocolServer (SCMClientProtocolServer.java:start(149)) - RPC server for Client  is listening at /0.0.0.0:46393
2019-07-14 06:53:19,899 INFO  ipc.Server (Server.java:run(1153)) - IPC Server listener on 46393: starting
2019-07-14 06:53:19,899 INFO  ipc.Server (Server.java:run(1314)) - IPC Server Responder: starting
2019-07-14 06:53:19,903 INFO  server.StorageContainerManager (StorageContainerManager.java:start(768)) - ScmBlockLocationProtocol RPC server is listening at /0.0.0.0:41687
2019-07-14 06:53:19,903 INFO  server.SCMBlockProtocolServer (SCMBlockProtocolServer.java:start(140)) - RPC server for Block Protocol is listening at /0.0.0.0:41687
2019-07-14 06:53:19,904 INFO  ipc.Server (Server.java:run(1314)) - IPC Server Responder: starting
2019-07-14 06:53:19,904 INFO  ipc.Server (Server.java:run(1153)) - IPC Server listener on 41687: starting
2019-07-14 06:53:19,911 INFO  server.StorageContainerManager (StorageContainerManager.java:start(772)) - ScmDatanodeProtocl RPC server is listening at /0.0.0.0:35348
2019-07-14 06:53:19,911 INFO  server.SCMDatanodeProtocolServer (SCMDatanodeProtocolServer.java:start(191)) - RPC server for DataNodes is listening at /0.0.0.0:35348
2019-07-14 06:53:19,912 INFO  ipc.Server (Server.java:run(1314)) - IPC Server Responder: starting
2019-07-14 06:53:19,913 INFO  ipc.Server (Server.java:run(1153)) - IPC Server listener on 35348: starting
2019-07-14 06:53:19,924 INFO  http.HttpServer2 (HttpServer2.java:bindListener(1191)) - Jetty bound to port 34835
2019-07-14 06:53:19,926 INFO  server.Server (Server.java:doStart(351)) - jetty-9.3.24.v20180605, build timestamp: 2018-06-05T17:11:56Z, git hash: 84205aa28f11a4f31f2a3b86d1bba2cc8ab69827
2019-07-14 06:53:19,959 INFO  handler.ContextHandler (ContextHandler.java:doStart(781)) - Started o.e.j.s.ServletContextHandler@635572a7{/logs,file:///tmp/workdir/hadoop-ozone/integration-test/target/log,AVAILABLE}
2019-07-14 06:53:19,959 INFO  handler.ContextHandler (ContextHandler.java:doStart(781)) - Started o.e.j.s.ServletContextHandler@4dd02341{/static,file:///tmp/workdir/hadoop-ozone/integration-test/target/test-classes/webapps/static,AVAILABLE}
2019-07-14 06:53:19,986 INFO  handler.ContextHandler (ContextHandler.java:doStart(781)) - Started o.e.j.w.WebAppContext@6fff253c{/,file:///tmp/workdir/hadoop-ozone/integration-test/target/test-classes/webapps/scm/,AVAILABLE}{/scm}
2019-07-14 06:53:19,990 INFO  server.AbstractConnector (AbstractConnector.java:doStart(278)) - Started ServerConnector@7c041b41{HTTP/1.1,[http/1.1]}{0.0.0.0:34835}
2019-07-14 06:53:19,990 INFO  server.Server (Server.java:doStart(419)) - Started @2636ms
2019-07-14 06:53:19,991 INFO  server.BaseHttpServer (BaseHttpServer.java:updateConnectorAddress(207)) - HTTP server of SCM is listening at http://0.0.0.0:34835
2019-07-14 06:53:19,998 INFO  util.JvmPauseMonitor (JvmPauseMonitor.java:run(188)) - Starting JVM pause monitor
2019-07-14 06:53:19,999 WARN  server.ServerUtils (ServerUtils.java:getDBPath(222)) - ozone.om.db.dirs is not configured. We recommend adding this setting. Falling back to ozone.metadata.dirs instead.
2019-07-14 06:53:20,081 WARN  server.ServerUtils (ServerUtils.java:getDBPath(222)) - ozone.om.db.dirs is not configured. We recommend adding this setting. Falling back to ozone.metadata.dirs instead.
2019-07-14 06:53:20,082 INFO  om.OzoneManager (OzoneManager.java:setOMNodeDetails(630)) - OM Service ID is not set. Setting it to the default ID: omServiceIdDefault
2019-07-14 06:53:20,082 INFO  om.OzoneManager (OzoneManager.java:setOMNodeDetails(636)) - OM Node ID is not set. Setting it to the OmStorage's OmID: 486a1f8d-a069-4002-a8b2-3c2fe3a9c327
2019-07-14 06:53:20,083 INFO  om.OzoneManager (OzoneManager.java:loadOMHAConfigs(587)) - Found matching OM address with OMServiceId: null, OMNodeId: null, RPC Address: localhost:0 and Ratis port: 9872
2019-07-14 06:53:20,316 WARN  server.ServerUtils (ServerUtils.java:getDBPath(222)) - ozone.om.db.dirs is not configured. We recommend adding this setting. Falling back to ozone.metadata.dirs instead.
2019-07-14 06:53:20,322 INFO  db.DBStoreBuilder (DBStoreBuilder.java:addTable(110)) - using custom profile for table: userTable
2019-07-14 06:53:20,322 INFO  db.DBStoreBuilder (DBStoreBuilder.java:processTables(161)) - Using default column profile:DBProfile.DISK for Table:userTable
2019-07-14 06:53:20,322 INFO  db.DBStoreBuilder (DBStoreBuilder.java:addTable(110)) - using custom profile for table: volumeTable
2019-07-14 06:53:20,323 INFO  db.DBStoreBuilder (DBStoreBuilder.java:processTables(161)) - Using default column profile:DBProfile.DISK for Table:volumeTable
2019-07-14 06:53:20,323 INFO  db.DBStoreBuilder (DBStoreBuilder.java:addTable(110)) - using custom profile for table: bucketTable
2019-07-14 06:53:20,323 INFO  db.DBStoreBuilder (DBStoreBuilder.java:processTables(161)) - Using default column profile:DBProfile.DISK for Table:bucketTable
2019-07-14 06:53:20,323 INFO  db.DBStoreBuilder (DBStoreBuilder.java:addTable(110)) - using custom profile for table: keyTable
2019-07-14 06:53:20,323 INFO  db.DBStoreBuilder (DBStoreBuilder.java:processTables(161)) - Using default column profile:DBProfile.DISK for Table:keyTable
2019-07-14 06:53:20,324 INFO  db.DBStoreBuilder (DBStoreBuilder.java:addTable(110)) - using custom profile for table: deletedTable
2019-07-14 06:53:20,324 INFO  db.DBStoreBuilder (DBStoreBuilder.java:processTables(161)) - Using default column profile:DBProfile.DISK for Table:deletedTable
2019-07-14 06:53:20,324 INFO  db.DBStoreBuilder (DBStoreBuilder.java:addTable(110)) - using custom profile for table: openKeyTable
2019-07-14 06:53:20,324 INFO  db.DBStoreBuilder (DBStoreBuilder.java:processTables(161)) - Using default column profile:DBProfile.DISK for Table:openKeyTable
2019-07-14 06:53:20,324 INFO  db.DBStoreBuilder (DBStoreBuilder.java:addTable(110)) - using custom profile for table: s3Table
2019-07-14 06:53:20,324 INFO  db.DBStoreBuilder (DBStoreBuilder.java:processTables(161)) - Using default column profile:DBProfile.DISK for Table:s3Table
2019-07-14 06:53:20,325 INFO  db.DBStoreBuilder (DBStoreBuilder.java:addTable(110)) - using custom profile for table: multipartInfoTable
2019-07-14 06:53:20,325 INFO  db.DBStoreBuilder (DBStoreBuilder.java:processTables(161)) - Using default column profile:DBProfile.DISK for Table:multipartInfoTable
2019-07-14 06:53:20,325 INFO  db.DBStoreBuilder (DBStoreBuilder.java:addTable(110)) - using custom profile for table: dTokenTable
2019-07-14 06:53:20,325 INFO  db.DBStoreBuilder (DBStoreBuilder.java:processTables(161)) - Using default column profile:DBProfile.DISK for Table:dTokenTable
2019-07-14 06:53:20,326 INFO  db.DBStoreBuilder (DBStoreBuilder.java:addTable(110)) - using custom profile for table: s3SecretTable
2019-07-14 06:53:20,326 INFO  db.DBStoreBuilder (DBStoreBuilder.java:processTables(161)) - Using default column profile:DBProfile.DISK for Table:s3SecretTable
2019-07-14 06:53:20,326 INFO  db.DBStoreBuilder (DBStoreBuilder.java:addTable(110)) - using custom profile for table: prefixTable
2019-07-14 06:53:20,326 INFO  db.DBStoreBuilder (DBStoreBuilder.java:processTables(161)) - Using default column profile:DBProfile.DISK for Table:prefixTable
2019-07-14 06:53:20,326 INFO  db.DBStoreBuilder (DBStoreBuilder.java:addTable(110)) - using custom profile for table: default
2019-07-14 06:53:20,326 INFO  db.DBStoreBuilder (DBStoreBuilder.java:processTables(167)) - Using default column profile:DBProfile.DISK for Table:default
2019-07-14 06:53:20,327 INFO  db.DBStoreBuilder (DBStoreBuilder.java:getDbProfile(198)) - Using default options. DBProfile.DISK
2019-07-14 06:53:20,986 INFO  ipc.CallQueueManager (CallQueueManager.java:<init>(84)) - Using callQueue: class java.util.concurrent.LinkedBlockingQueue, queueCapacity: 2000, scheduler: class org.apache.hadoop.ipc.DefaultRpcScheduler, ipcBackoff: false.
2019-07-14 06:53:20,987 INFO  ipc.Server (Server.java:run(1074)) - Starting Socket Reader #1 for port 41834
2019-07-14 06:53:21,020 WARN  server.ServerUtils (ServerUtils.java:getDBPath(222)) - ozone.om.db.dirs is not configured. We recommend adding this setting. Falling back to ozone.metadata.dirs instead.
2019-07-14 06:53:21,021 INFO  om.OzoneManager (OzoneManager.java:start(1228)) - OzoneManager RPC server is listening at localhost/127.0.0.1:41834
2019-07-14 06:53:21,021 INFO  impl.MetricsSystemImpl (MetricsSystemImpl.java:init(158)) - OzoneManager metrics system started (again)
2019-07-14 06:53:21,023 INFO  ipc.Server (Server.java:run(1314)) - IPC Server Responder: starting
2019-07-14 06:53:21,024 INFO  ipc.Server (Server.java:run(1153)) - IPC Server listener on 41834: starting
2019-07-14 06:53:21,036 INFO  hdfs.DFSUtil (DFSUtil.java:httpServerTemplateForNNAndJN(1641)) - Starting Web-server for ozoneManager at: http://0.0.0.0:0
2019-07-14 06:53:21,038 INFO  server.AuthenticationFilter (AuthenticationFilter.java:constructSecretProvider(240)) - Unable to initialize FileSignerSecretProvider, falling back to use random secrets.
2019-07-14 06:53:21,039 WARN  http.HttpRequestLog (HttpRequestLog.java:getRequestLog(97)) - Jetty request log can only be enabled using Log4j
2019-07-14 06:53:21,042 INFO  http.HttpServer2 (HttpServer2.java:addGlobalFilter(975)) - Added global filter 'safety' (class=org.apache.hadoop.http.HttpServer2$QuotingInputFilter)
2019-07-14 06:53:21,043 INFO  http.HttpServer2 (HttpServer2.java:addFilter(948)) - Added filter static_user_filter (class=org.apache.hadoop.http.lib.StaticUserWebFilter$StaticUserFilter) to context ozoneManager
2019-07-14 06:53:21,043 INFO  http.HttpServer2 (HttpServer2.java:addFilter(958)) - Added filter static_user_filter (class=org.apache.hadoop.http.lib.StaticUserWebFilter$StaticUserFilter) to context static
2019-07-14 06:53:21,044 INFO  http.HttpServer2 (HttpServer2.java:addFilter(958)) - Added filter static_user_filter (class=org.apache.hadoop.http.lib.StaticUserWebFilter$StaticUserFilter) to context logs
2019-07-14 06:53:21,046 INFO  http.HttpServer2 (HttpServer2.java:bindListener(1191)) - Jetty bound to port 38656
2019-07-14 06:53:21,047 INFO  server.Server (Server.java:doStart(351)) - jetty-9.3.24.v20180605, build timestamp: 2018-06-05T17:11:56Z, git hash: 84205aa28f11a4f31f2a3b86d1bba2cc8ab69827
2019-07-14 06:53:21,049 INFO  handler.ContextHandler (ContextHandler.java:doStart(781)) - Started o.e.j.s.ServletContextHandler@2d0bfb24{/logs,file:///tmp/workdir/hadoop-ozone/integration-test/target/log,AVAILABLE}
2019-07-14 06:53:21,049 INFO  handler.ContextHandler (ContextHandler.java:doStart(781)) - Started o.e.j.s.ServletContextHandler@7b44b63d{/static,file:///tmp/workdir/hadoop-ozone/integration-test/target/test-classes/webapps/static,AVAILABLE}
2019-07-14 06:53:21,056 INFO  handler.ContextHandler (ContextHandler.java:doStart(781)) - Started o.e.j.w.WebAppContext@3e9803c2{/,file:///tmp/workdir/hadoop-ozone/integration-test/target/test-classes/webapps/ozoneManager/,AVAILABLE}{/ozoneManager}
2019-07-14 06:53:21,056 INFO  server.AbstractConnector (AbstractConnector.java:doStart(278)) - Started ServerConnector@4525d1d3{HTTP/1.1,[http/1.1]}{0.0.0.0:38656}
2019-07-14 06:53:21,057 INFO  server.Server (Server.java:doStart(419)) - Started @3703ms
2019-07-14 06:53:21,058 INFO  server.BaseHttpServer (BaseHttpServer.java:updateConnectorAddress(207)) - HTTP server of OZONEMANAGER is listening at http://0.0.0.0:38656
2019-07-14 06:53:21,365 INFO  impl.MetricsSystemImpl (MetricsSystemImpl.java:init(158)) - HddsDatanode metrics system started (again)
2019-07-14 06:53:21,453 INFO  ozone.HddsDatanodeService (HddsDatanodeService.java:start(185)) - HddsDatanodeService host:trunk-nightly-8c95p-1540871953 ip:192.168.5.144
2019-07-14 06:53:21,484 INFO  volume.HddsVolume (HddsVolume.java:<init>(176)) - Creating Volume: /tmp/workdir/hadoop-ozone/integration-test/target/test-dir/MiniOzoneClusterImpl-d50571e5-2990-423a-9baf-60008d75fde6/datanode-0/data/containers/hdds of  storage type : DISK and capacity : 52710309888
2019-07-14 06:53:21,486 INFO  volume.VolumeSet (VolumeSet.java:initializeVolumeSet(170)) - Added Volume : /tmp/workdir/hadoop-ozone/integration-test/target/test-dir/MiniOzoneClusterImpl-d50571e5-2990-423a-9baf-60008d75fde6/datanode-0/data/containers/hdds to VolumeSet
2019-07-14 06:53:21,489 INFO  volume.ThrottledAsyncChecker (ThrottledAsyncChecker.java:schedule(140)) - Scheduling a check for org.apache.hadoop.ozone.container.common.volume.HddsVolume@59546cfe
2019-07-14 06:53:21,508 INFO  volume.HddsVolumeChecker (HddsVolumeChecker.java:checkAllVolumes(203)) - Scheduled health check for volume org.apache.hadoop.ozone.container.common.volume.HddsVolume@59546cfe
2019-07-14 06:53:21,635 INFO  impl.RaftServerProxy (ConfUtils.java:logGet(43)) - raft.rpc.type = GRPC (default)
2019-07-14 06:53:21,700 INFO  grpc.GrpcFactory (GrpcFactory.java:checkPooledByteBufAllocatorUseCacheForAllThreads(45)) - PERFORMANCE WARNING: useCacheForAllThreads is true that may cause Netty to create a lot garbage objects and, as a result, trigger GC.
	It is recommended to disable useCacheForAllThreads by setting -Dorg.apache.ratis.thirdparty.io.netty.allocator.useCacheForAllThreads=false in command line.
2019-07-14 06:53:21,705 INFO  grpc.GrpcConfigKeys$Server (ConfUtils.java:logGet(43)) - raft.grpc.server.port = 0 (default)
2019-07-14 06:53:21,706 INFO  server.GrpcService (ConfUtils.java:logGet(43)) - raft.grpc.message.size.max = 33570816 (custom)
2019-07-14 06:53:21,707 INFO  server.RaftServerConfigKeys (ConfUtils.java:logGet(43)) - raft.server.log.appender.buffer.byte-limit = 33554432 (custom)
2019-07-14 06:53:21,708 INFO  server.GrpcService (ConfUtils.java:logGet(43)) - raft.grpc.flow.control.window = 1MB (=1048576) (default)
2019-07-14 06:53:21,709 INFO  server.RaftServerConfigKeys (ConfUtils.java:logGet(43)) - raft.server.rpc.request.timeout = 3000ms (default)
2019-07-14 06:53:21,869 INFO  server.RaftServerConfigKeys (ConfUtils.java:logGet(43)) - raft.server.storage.dir = [/tmp/workdir/hadoop-ozone/integration-test/target/test-dir/MiniOzoneClusterImpl-d50571e5-2990-423a-9baf-60008d75fde6/datanode-0/data/ratis] (custom)
2019-07-14 06:53:21,905 INFO  replication.SimpleContainerDownloader (SimpleContainerDownloader.java:<init>(72)) - Starting container downloader service to copy containers to replicate.
2019-07-14 06:53:21,918 INFO  hdfs.DFSUtil (DFSUtil.java:httpServerTemplateForNNAndJN(1641)) - Starting Web-server for hddsDatanode at: http://0.0.0.0:0
2019-07-14 06:53:21,920 INFO  server.AuthenticationFilter (AuthenticationFilter.java:constructSecretProvider(240)) - Unable to initialize FileSignerSecretProvider, falling back to use random secrets.
2019-07-14 06:53:21,921 WARN  http.HttpRequestLog (HttpRequestLog.java:getRequestLog(97)) - Jetty request log can only be enabled using Log4j
2019-07-14 06:53:21,922 INFO  http.HttpServer2 (HttpServer2.java:addGlobalFilter(975)) - Added global filter 'safety' (class=org.apache.hadoop.http.HttpServer2$QuotingInputFilter)
2019-07-14 06:53:21,923 INFO  http.HttpServer2 (HttpServer2.java:addFilter(948)) - Added filter static_user_filter (class=org.apache.hadoop.http.lib.StaticUserWebFilter$StaticUserFilter) to context hddsDatanode
2019-07-14 06:53:21,923 INFO  http.HttpServer2 (HttpServer2.java:addFilter(958)) - Added filter static_user_filter (class=org.apache.hadoop.http.lib.StaticUserWebFilter$StaticUserFilter) to context static
2019-07-14 06:53:21,924 INFO  http.HttpServer2 (HttpServer2.java:addFilter(958)) - Added filter static_user_filter (class=org.apache.hadoop.http.lib.StaticUserWebFilter$StaticUserFilter) to context logs
2019-07-14 06:53:21,924 INFO  http.HttpServer2 (HttpServer2.java:bindListener(1191)) - Jetty bound to port 35062
2019-07-14 06:53:21,925 INFO  server.Server (Server.java:doStart(351)) - jetty-9.3.24.v20180605, build timestamp: 2018-06-05T17:11:56Z, git hash: 84205aa28f11a4f31f2a3b86d1bba2cc8ab69827
2019-07-14 06:53:21,926 INFO  handler.ContextHandler (ContextHandler.java:doStart(781)) - Started o.e.j.s.ServletContextHandler@36cc9385{/logs,file:///tmp/workdir/hadoop-ozone/integration-test/target/log,AVAILABLE}
2019-07-14 06:53:21,927 INFO  handler.ContextHandler (ContextHandler.java:doStart(781)) - Started o.e.j.s.ServletContextHandler@7915bca3{/static,jar:file:/home/user/.m2/repository/org/apache/hadoop/hadoop-hdds-container-service/0.5.0-SNAPSHOT/hadoop-hdds-container-service-0.5.0-SNAPSHOT.jar!/webapps/static,AVAILABLE}
2019-07-14 06:53:21,960 INFO  handler.ContextHandler (ContextHandler.java:doStart(781)) - Started o.e.j.w.WebAppContext@37e0292a{/,file:///tmp/jetty-0.0.0.0-35062-hddsDatanode-_-any-1792947311731172434.dir/webapp/,AVAILABLE}{/hddsDatanode}
2019-07-14 06:53:21,960 INFO  server.AbstractConnector (AbstractConnector.java:doStart(278)) - Started ServerConnector@4af70944{HTTP/1.1,[http/1.1]}{0.0.0.0:35062}
2019-07-14 06:53:21,961 INFO  server.Server (Server.java:doStart(419)) - Started @4607ms
2019-07-14 06:53:21,965 INFO  server.BaseHttpServer (BaseHttpServer.java:updateConnectorAddress(207)) - HTTP server of HDDSDATANODE is listening at http://0.0.0.0:35062
2019-07-14 06:53:22,889 INFO  ozone.HddsDatanodeService (HddsDatanodeService.java:startPlugins(396)) - Started plug-in org.apache.hadoop.ozone.web.OzoneHddsDatanodeService@b4732dc
2019-07-14 06:53:22,891 INFO  impl.MetricsSystemImpl (MetricsSystemImpl.java:init(158)) - HddsDatanode metrics system started (again)
2019-07-14 06:53:22,891 INFO  ozone.HddsDatanodeService (HddsDatanodeService.java:start(185)) - HddsDatanodeService host:trunk-nightly-8c95p-1540871953 ip:192.168.5.144
2019-07-14 06:53:22,898 INFO  util.JvmPauseMonitor (JvmPauseMonitor.java:run(188)) - Starting JVM pause monitor
2019-07-14 06:53:22,901 INFO  volume.HddsVolume (HddsVolume.java:<init>(176)) - Creating Volume: /tmp/workdir/hadoop-ozone/integration-test/target/test-dir/MiniOzoneClusterImpl-d50571e5-2990-423a-9baf-60008d75fde6/datanode-1/data/containers/hdds of  storage type : DISK and capacity : 52710309888
2019-07-14 06:53:22,902 INFO  volume.VolumeSet (VolumeSet.java:initializeVolumeSet(170)) - Added Volume : /tmp/workdir/hadoop-ozone/integration-test/target/test-dir/MiniOzoneClusterImpl-d50571e5-2990-423a-9baf-60008d75fde6/datanode-1/data/containers/hdds to VolumeSet
2019-07-14 06:53:22,902 INFO  volume.ThrottledAsyncChecker (ThrottledAsyncChecker.java:schedule(140)) - Scheduling a check for org.apache.hadoop.ozone.container.common.volume.HddsVolume@778a1250
2019-07-14 06:53:22,903 INFO  volume.HddsVolumeChecker (HddsVolumeChecker.java:checkAllVolumes(203)) - Scheduled health check for volume org.apache.hadoop.ozone.container.common.volume.HddsVolume@778a1250
2019-07-14 06:53:22,925 INFO  impl.RaftServerProxy (ConfUtils.java:logGet(43)) - raft.rpc.type = GRPC (default)
2019-07-14 06:53:22,926 INFO  grpc.GrpcFactory (GrpcFactory.java:checkPooledByteBufAllocatorUseCacheForAllThreads(45)) - PERFORMANCE WARNING: useCacheForAllThreads is true that may cause Netty to create a lot garbage objects and, as a result, trigger GC.
	It is recommended to disable useCacheForAllThreads by setting -Dorg.apache.ratis.thirdparty.io.netty.allocator.useCacheForAllThreads=false in command line.
2019-07-14 06:53:22,926 INFO  grpc.GrpcConfigKeys$Server (ConfUtils.java:logGet(43)) - raft.grpc.server.port = 0 (default)
2019-07-14 06:53:22,926 INFO  server.GrpcService (ConfUtils.java:logGet(43)) - raft.grpc.message.size.max = 33570816 (custom)
2019-07-14 06:53:22,927 INFO  server.RaftServerConfigKeys (ConfUtils.java:logGet(43)) - raft.server.log.appender.buffer.byte-limit = 33554432 (custom)
2019-07-14 06:53:22,927 INFO  server.GrpcService (ConfUtils.java:logGet(43)) - raft.grpc.flow.control.window = 1MB (=1048576) (default)
2019-07-14 06:53:22,927 INFO  server.RaftServerConfigKeys (ConfUtils.java:logGet(43)) - raft.server.rpc.request.timeout = 3000ms (default)
2019-07-14 06:53:22,928 INFO  server.RaftServerConfigKeys (ConfUtils.java:logGet(43)) - raft.server.storage.dir = [/tmp/workdir/hadoop-ozone/integration-test/target/test-dir/MiniOzoneClusterImpl-d50571e5-2990-423a-9baf-60008d75fde6/datanode-1/data/ratis] (custom)
2019-07-14 06:53:22,928 INFO  replication.SimpleContainerDownloader (SimpleContainerDownloader.java:<init>(72)) - Starting container downloader service to copy containers to replicate.
2019-07-14 06:53:22,930 INFO  hdfs.DFSUtil (DFSUtil.java:httpServerTemplateForNNAndJN(1641)) - Starting Web-server for hddsDatanode at: http://0.0.0.0:0
2019-07-14 06:53:22,931 INFO  server.AuthenticationFilter (AuthenticationFilter.java:constructSecretProvider(240)) - Unable to initialize FileSignerSecretProvider, falling back to use random secrets.
2019-07-14 06:53:22,932 WARN  http.HttpRequestLog (HttpRequestLog.java:getRequestLog(97)) - Jetty request log can only be enabled using Log4j
2019-07-14 06:53:22,934 INFO  http.HttpServer2 (HttpServer2.java:addGlobalFilter(975)) - Added global filter 'safety' (class=org.apache.hadoop.http.HttpServer2$QuotingInputFilter)
2019-07-14 06:53:22,934 INFO  http.HttpServer2 (HttpServer2.java:addFilter(948)) - Added filter static_user_filter (class=org.apache.hadoop.http.lib.StaticUserWebFilter$StaticUserFilter) to context hddsDatanode
2019-07-14 06:53:22,934 INFO  http.HttpServer2 (HttpServer2.java:addFilter(958)) - Added filter static_user_filter (class=org.apache.hadoop.http.lib.StaticUserWebFilter$StaticUserFilter) to context static
2019-07-14 06:53:22,935 INFO  http.HttpServer2 (HttpServer2.java:addFilter(958)) - Added filter static_user_filter (class=org.apache.hadoop.http.lib.StaticUserWebFilter$StaticUserFilter) to context logs
2019-07-14 06:53:22,935 INFO  http.HttpServer2 (HttpServer2.java:bindListener(1191)) - Jetty bound to port 44410
2019-07-14 06:53:22,935 INFO  server.Server (Server.java:doStart(351)) - jetty-9.3.24.v20180605, build timestamp: 2018-06-05T17:11:56Z, git hash: 84205aa28f11a4f31f2a3b86d1bba2cc8ab69827
2019-07-14 06:53:22,939 INFO  handler.ContextHandler (ContextHandler.java:doStart(781)) - Started o.e.j.s.ServletContextHandler@359066bc{/logs,file:///tmp/workdir/hadoop-ozone/integration-test/target/log,AVAILABLE}
2019-07-14 06:53:22,939 INFO  handler.ContextHandler (ContextHandler.java:doStart(781)) - Started o.e.j.s.ServletContextHandler@364fd4ae{/static,jar:file:/home/user/.m2/repository/org/apache/hadoop/hadoop-hdds-container-service/0.5.0-SNAPSHOT/hadoop-hdds-container-service-0.5.0-SNAPSHOT.jar!/webapps/static,AVAILABLE}
2019-07-14 06:53:22,966 INFO  handler.ContextHandler (ContextHandler.java:doStart(781)) - Started o.e.j.w.WebAppContext@2e1eb85f{/,file:///tmp/jetty-0.0.0.0-44410-hddsDatanode-_-any-1097269792940145787.dir/webapp/,AVAILABLE}{/hddsDatanode}
2019-07-14 06:53:22,967 INFO  server.AbstractConnector (AbstractConnector.java:doStart(278)) - Started ServerConnector@ea7a4c3{HTTP/1.1,[http/1.1]}{0.0.0.0:44410}
2019-07-14 06:53:22,968 INFO  server.Server (Server.java:doStart(419)) - Started @5613ms
2019-07-14 06:53:22,969 INFO  server.BaseHttpServer (BaseHttpServer.java:updateConnectorAddress(207)) - HTTP server of HDDSDATANODE is listening at http://0.0.0.0:44410
2019-07-14 06:53:23,029 INFO  datanode.InitDatanodeState (InitDatanodeState.java:persistContainerDatanodeDetails(140)) - DatanodeDetails is persisted to /tmp/workdir/hadoop-ozone/integration-test/target/test-dir/MiniOzoneClusterImpl-d50571e5-2990-423a-9baf-60008d75fde6/datanode-0/meta/datanode.id
2019-07-14 06:53:23,094 INFO  ozone.HddsDatanodeService (HddsDatanodeService.java:startPlugins(396)) - Started plug-in org.apache.hadoop.ozone.web.OzoneHddsDatanodeService@5729b410
2019-07-14 06:53:23,094 INFO  impl.MetricsSystemImpl (MetricsSystemImpl.java:init(158)) - HddsDatanode metrics system started (again)
2019-07-14 06:53:23,095 INFO  ozone.HddsDatanodeService (HddsDatanodeService.java:start(185)) - HddsDatanodeService host:trunk-nightly-8c95p-1540871953 ip:192.168.5.144
2019-07-14 06:53:23,096 INFO  util.JvmPauseMonitor (JvmPauseMonitor.java:run(188)) - Starting JVM pause monitor
2019-07-14 06:53:23,104 INFO  volume.HddsVolume (HddsVolume.java:<init>(176)) - Creating Volume: /tmp/workdir/hadoop-ozone/integration-test/target/test-dir/MiniOzoneClusterImpl-d50571e5-2990-423a-9baf-60008d75fde6/datanode-2/data/containers/hdds of  storage type : DISK and capacity : 52710309888
2019-07-14 06:53:23,105 INFO  volume.VolumeSet (VolumeSet.java:initializeVolumeSet(170)) - Added Volume : /tmp/workdir/hadoop-ozone/integration-test/target/test-dir/MiniOzoneClusterImpl-d50571e5-2990-423a-9baf-60008d75fde6/datanode-2/data/containers/hdds to VolumeSet
2019-07-14 06:53:23,105 INFO  volume.ThrottledAsyncChecker (ThrottledAsyncChecker.java:schedule(140)) - Scheduling a check for org.apache.hadoop.ozone.container.common.volume.HddsVolume@52b959df
2019-07-14 06:53:23,106 INFO  volume.HddsVolumeChecker (HddsVolumeChecker.java:checkAllVolumes(203)) - Scheduled health check for volume org.apache.hadoop.ozone.container.common.volume.HddsVolume@52b959df
2019-07-14 06:53:23,106 INFO  datanode.InitDatanodeState (InitDatanodeState.java:persistContainerDatanodeDetails(140)) - DatanodeDetails is persisted to /tmp/workdir/hadoop-ozone/integration-test/target/test-dir/MiniOzoneClusterImpl-d50571e5-2990-423a-9baf-60008d75fde6/datanode-1/meta/datanode.id
2019-07-14 06:53:23,119 INFO  impl.RaftServerProxy (ConfUtils.java:logGet(43)) - raft.rpc.type = GRPC (default)
2019-07-14 06:53:23,120 INFO  grpc.GrpcFactory (GrpcFactory.java:checkPooledByteBufAllocatorUseCacheForAllThreads(45)) - PERFORMANCE WARNING: useCacheForAllThreads is true that may cause Netty to create a lot garbage objects and, as a result, trigger GC.
	It is recommended to disable useCacheForAllThreads by setting -Dorg.apache.ratis.thirdparty.io.netty.allocator.useCacheForAllThreads=false in command line.
2019-07-14 06:53:23,120 INFO  grpc.GrpcConfigKeys$Server (ConfUtils.java:logGet(43)) - raft.grpc.server.port = 0 (default)
2019-07-14 06:53:23,120 INFO  server.GrpcService (ConfUtils.java:logGet(43)) - raft.grpc.message.size.max = 33570816 (custom)
2019-07-14 06:53:23,120 INFO  server.RaftServerConfigKeys (ConfUtils.java:logGet(43)) - raft.server.log.appender.buffer.byte-limit = 33554432 (custom)
2019-07-14 06:53:23,121 INFO  server.GrpcService (ConfUtils.java:logGet(43)) - raft.grpc.flow.control.window = 1MB (=1048576) (default)
2019-07-14 06:53:23,121 INFO  server.RaftServerConfigKeys (ConfUtils.java:logGet(43)) - raft.server.rpc.request.timeout = 3000ms (default)
2019-07-14 06:53:23,121 INFO  server.RaftServerConfigKeys (ConfUtils.java:logGet(43)) - raft.server.storage.dir = [/tmp/workdir/hadoop-ozone/integration-test/target/test-dir/MiniOzoneClusterImpl-d50571e5-2990-423a-9baf-60008d75fde6/datanode-2/data/ratis] (custom)
2019-07-14 06:53:23,122 INFO  replication.SimpleContainerDownloader (SimpleContainerDownloader.java:<init>(72)) - Starting container downloader service to copy containers to replicate.
2019-07-14 06:53:23,123 INFO  hdfs.DFSUtil (DFSUtil.java:httpServerTemplateForNNAndJN(1641)) - Starting Web-server for hddsDatanode at: http://0.0.0.0:0
2019-07-14 06:53:23,124 INFO  server.AuthenticationFilter (AuthenticationFilter.java:constructSecretProvider(240)) - Unable to initialize FileSignerSecretProvider, falling back to use random secrets.
2019-07-14 06:53:23,125 WARN  http.HttpRequestLog (HttpRequestLog.java:getRequestLog(97)) - Jetty request log can only be enabled using Log4j
2019-07-14 06:53:23,126 INFO  http.HttpServer2 (HttpServer2.java:addGlobalFilter(975)) - Added global filter 'safety' (class=org.apache.hadoop.http.HttpServer2$QuotingInputFilter)
2019-07-14 06:53:23,127 INFO  http.HttpServer2 (HttpServer2.java:addFilter(948)) - Added filter static_user_filter (class=org.apache.hadoop.http.lib.StaticUserWebFilter$StaticUserFilter) to context hddsDatanode
2019-07-14 06:53:23,127 INFO  http.HttpServer2 (HttpServer2.java:addFilter(958)) - Added filter static_user_filter (class=org.apache.hadoop.http.lib.StaticUserWebFilter$StaticUserFilter) to context static
2019-07-14 06:53:23,127 INFO  http.HttpServer2 (HttpServer2.java:addFilter(958)) - Added filter static_user_filter (class=org.apache.hadoop.http.lib.StaticUserWebFilter$StaticUserFilter) to context logs
2019-07-14 06:53:23,128 INFO  http.HttpServer2 (HttpServer2.java:bindListener(1191)) - Jetty bound to port 37066
2019-07-14 06:53:23,128 INFO  server.Server (Server.java:doStart(351)) - jetty-9.3.24.v20180605, build timestamp: 2018-06-05T17:11:56Z, git hash: 84205aa28f11a4f31f2a3b86d1bba2cc8ab69827
2019-07-14 06:53:23,131 INFO  handler.ContextHandler (ContextHandler.java:doStart(781)) - Started o.e.j.s.ServletContextHandler@631c6d11{/logs,file:///tmp/workdir/hadoop-ozone/integration-test/target/log,AVAILABLE}
2019-07-14 06:53:23,131 INFO  handler.ContextHandler (ContextHandler.java:doStart(781)) - Started o.e.j.s.ServletContextHandler@62ade015{/static,jar:file:/home/user/.m2/repository/org/apache/hadoop/hadoop-hdds-container-service/0.5.0-SNAPSHOT/hadoop-hdds-container-service-0.5.0-SNAPSHOT.jar!/webapps/static,AVAILABLE}
2019-07-14 06:53:23,155 INFO  handler.ContextHandler (ContextHandler.java:doStart(781)) - Started o.e.j.w.WebAppContext@7197b07f{/,file:///tmp/jetty-0.0.0.0-37066-hddsDatanode-_-any-2374490857990408888.dir/webapp/,AVAILABLE}{/hddsDatanode}
2019-07-14 06:53:23,156 INFO  server.AbstractConnector (AbstractConnector.java:doStart(278)) - Started ServerConnector@1f10fec6{HTTP/1.1,[http/1.1]}{0.0.0.0:37066}
2019-07-14 06:53:23,157 INFO  server.Server (Server.java:doStart(419)) - Started @5803ms
2019-07-14 06:53:23,158 INFO  server.BaseHttpServer (BaseHttpServer.java:updateConnectorAddress(207)) - HTTP server of HDDSDATANODE is listening at http://0.0.0.0:37066
2019-07-14 06:53:23,275 INFO  ozone.HddsDatanodeService (HddsDatanodeService.java:startPlugins(396)) - Started plug-in org.apache.hadoop.ozone.web.OzoneHddsDatanodeService@7436364d
2019-07-14 06:53:23,275 INFO  impl.MetricsSystemImpl (MetricsSystemImpl.java:init(158)) - HddsDatanode metrics system started (again)
2019-07-14 06:53:23,276 INFO  ozone.HddsDatanodeService (HddsDatanodeService.java:start(185)) - HddsDatanodeService host:trunk-nightly-8c95p-1540871953 ip:192.168.5.144
2019-07-14 06:53:23,278 INFO  util.JvmPauseMonitor (JvmPauseMonitor.java:run(188)) - Starting JVM pause monitor
2019-07-14 06:53:23,281 INFO  datanode.InitDatanodeState (InitDatanodeState.java:persistContainerDatanodeDetails(140)) - DatanodeDetails is persisted to /tmp/workdir/hadoop-ozone/integration-test/target/test-dir/MiniOzoneClusterImpl-d50571e5-2990-423a-9baf-60008d75fde6/datanode-2/meta/datanode.id
2019-07-14 06:53:23,285 INFO  volume.HddsVolume (HddsVolume.java:<init>(176)) - Creating Volume: /tmp/workdir/hadoop-ozone/integration-test/target/test-dir/MiniOzoneClusterImpl-d50571e5-2990-423a-9baf-60008d75fde6/datanode-3/data/containers/hdds of  storage type : DISK and capacity : 52710309888
2019-07-14 06:53:23,285 INFO  volume.VolumeSet (VolumeSet.java:initializeVolumeSet(170)) - Added Volume : /tmp/workdir/hadoop-ozone/integration-test/target/test-dir/MiniOzoneClusterImpl-d50571e5-2990-423a-9baf-60008d75fde6/datanode-3/data/containers/hdds to VolumeSet
2019-07-14 06:53:23,285 INFO  volume.ThrottledAsyncChecker (ThrottledAsyncChecker.java:schedule(140)) - Scheduling a check for org.apache.hadoop.ozone.container.common.volume.HddsVolume@517704
2019-07-14 06:53:23,286 INFO  volume.HddsVolumeChecker (HddsVolumeChecker.java:checkAllVolumes(203)) - Scheduled health check for volume org.apache.hadoop.ozone.container.common.volume.HddsVolume@517704
2019-07-14 06:53:23,300 INFO  impl.RaftServerProxy (ConfUtils.java:logGet(43)) - raft.rpc.type = GRPC (default)
2019-07-14 06:53:23,300 INFO  grpc.GrpcFactory (GrpcFactory.java:checkPooledByteBufAllocatorUseCacheForAllThreads(45)) - PERFORMANCE WARNING: useCacheForAllThreads is true that may cause Netty to create a lot garbage objects and, as a result, trigger GC.
	It is recommended to disable useCacheForAllThreads by setting -Dorg.apache.ratis.thirdparty.io.netty.allocator.useCacheForAllThreads=false in command line.
2019-07-14 06:53:23,300 INFO  grpc.GrpcConfigKeys$Server (ConfUtils.java:logGet(43)) - raft.grpc.server.port = 0 (default)
2019-07-14 06:53:23,301 INFO  server.GrpcService (ConfUtils.java:logGet(43)) - raft.grpc.message.size.max = 33570816 (custom)
2019-07-14 06:53:23,301 INFO  server.RaftServerConfigKeys (ConfUtils.java:logGet(43)) - raft.server.log.appender.buffer.byte-limit = 33554432 (custom)
2019-07-14 06:53:23,301 INFO  server.GrpcService (ConfUtils.java:logGet(43)) - raft.grpc.flow.control.window = 1MB (=1048576) (default)
2019-07-14 06:53:23,301 INFO  server.RaftServerConfigKeys (ConfUtils.java:logGet(43)) - raft.server.rpc.request.timeout = 3000ms (default)
2019-07-14 06:53:23,302 INFO  server.RaftServerConfigKeys (ConfUtils.java:logGet(43)) - raft.server.storage.dir = [/tmp/workdir/hadoop-ozone/integration-test/target/test-dir/MiniOzoneClusterImpl-d50571e5-2990-423a-9baf-60008d75fde6/datanode-3/data/ratis] (custom)
2019-07-14 06:53:23,302 INFO  replication.SimpleContainerDownloader (SimpleContainerDownloader.java:<init>(72)) - Starting container downloader service to copy containers to replicate.
2019-07-14 06:53:23,303 INFO  hdfs.DFSUtil (DFSUtil.java:httpServerTemplateForNNAndJN(1641)) - Starting Web-server for hddsDatanode at: http://0.0.0.0:0
2019-07-14 06:53:23,304 INFO  server.AuthenticationFilter (AuthenticationFilter.java:constructSecretProvider(240)) - Unable to initialize FileSignerSecretProvider, falling back to use random secrets.
2019-07-14 06:53:23,305 WARN  http.HttpRequestLog (HttpRequestLog.java:getRequestLog(97)) - Jetty request log can only be enabled using Log4j
2019-07-14 06:53:23,306 INFO  http.HttpServer2 (HttpServer2.java:addGlobalFilter(975)) - Added global filter 'safety' (class=org.apache.hadoop.http.HttpServer2$QuotingInputFilter)
2019-07-14 06:53:23,307 INFO  http.HttpServer2 (HttpServer2.java:addFilter(948)) - Added filter static_user_filter (class=org.apache.hadoop.http.lib.StaticUserWebFilter$StaticUserFilter) to context hddsDatanode
2019-07-14 06:53:23,307 INFO  http.HttpServer2 (HttpServer2.java:addFilter(958)) - Added filter static_user_filter (class=org.apache.hadoop.http.lib.StaticUserWebFilter$StaticUserFilter) to context static
2019-07-14 06:53:23,307 INFO  http.HttpServer2 (HttpServer2.java:addFilter(958)) - Added filter static_user_filter (class=org.apache.hadoop.http.lib.StaticUserWebFilter$StaticUserFilter) to context logs
2019-07-14 06:53:23,308 INFO  http.HttpServer2 (HttpServer2.java:bindListener(1191)) - Jetty bound to port 41734
2019-07-14 06:53:23,308 INFO  server.Server (Server.java:doStart(351)) - jetty-9.3.24.v20180605, build timestamp: 2018-06-05T17:11:56Z, git hash: 84205aa28f11a4f31f2a3b86d1bba2cc8ab69827
2019-07-14 06:53:23,310 INFO  handler.ContextHandler (ContextHandler.java:doStart(781)) - Started o.e.j.s.ServletContextHandler@1e30db85{/logs,file:///tmp/workdir/hadoop-ozone/integration-test/target/log,AVAILABLE}
2019-07-14 06:53:23,311 INFO  handler.ContextHandler (ContextHandler.java:doStart(781)) - Started o.e.j.s.ServletContextHandler@cc9ef8d{/static,jar:file:/home/user/.m2/repository/org/apache/hadoop/hadoop-hdds-container-service/0.5.0-SNAPSHOT/hadoop-hdds-container-service-0.5.0-SNAPSHOT.jar!/webapps/static,AVAILABLE}
2019-07-14 06:53:23,336 INFO  handler.ContextHandler (ContextHandler.java:doStart(781)) - Started o.e.j.w.WebAppContext@6a2d867d{/,file:///tmp/jetty-0.0.0.0-41734-hddsDatanode-_-any-6449310940686948485.dir/webapp/,AVAILABLE}{/hddsDatanode}
2019-07-14 06:53:23,336 INFO  server.AbstractConnector (AbstractConnector.java:doStart(278)) - Started ServerConnector@73bb1337{HTTP/1.1,[http/1.1]}{0.0.0.0:41734}
2019-07-14 06:53:23,337 INFO  server.Server (Server.java:doStart(419)) - Started @5983ms
2019-07-14 06:53:23,339 INFO  server.BaseHttpServer (BaseHttpServer.java:updateConnectorAddress(207)) - HTTP server of HDDSDATANODE is listening at http://0.0.0.0:41734
2019-07-14 06:53:23,458 INFO  ozone.HddsDatanodeService (HddsDatanodeService.java:startPlugins(396)) - Started plug-in org.apache.hadoop.ozone.web.OzoneHddsDatanodeService@65da01f4
2019-07-14 06:53:23,458 INFO  impl.MetricsSystemImpl (MetricsSystemImpl.java:init(158)) - HddsDatanode metrics system started (again)
2019-07-14 06:53:23,459 INFO  ozone.HddsDatanodeService (HddsDatanodeService.java:start(185)) - HddsDatanodeService host:trunk-nightly-8c95p-1540871953 ip:192.168.5.144
2019-07-14 06:53:23,461 INFO  util.JvmPauseMonitor (JvmPauseMonitor.java:run(188)) - Starting JVM pause monitor
2019-07-14 06:53:23,464 INFO  datanode.InitDatanodeState (InitDatanodeState.java:persistContainerDatanodeDetails(140)) - DatanodeDetails is persisted to /tmp/workdir/hadoop-ozone/integration-test/target/test-dir/MiniOzoneClusterImpl-d50571e5-2990-423a-9baf-60008d75fde6/datanode-3/meta/datanode.id
2019-07-14 06:53:23,470 INFO  volume.HddsVolume (HddsVolume.java:<init>(176)) - Creating Volume: /tmp/workdir/hadoop-ozone/integration-test/target/test-dir/MiniOzoneClusterImpl-d50571e5-2990-423a-9baf-60008d75fde6/datanode-4/data/containers/hdds of  storage type : DISK and capacity : 52710309888
2019-07-14 06:53:23,471 INFO  volume.VolumeSet (VolumeSet.java:initializeVolumeSet(170)) - Added Volume : /tmp/workdir/hadoop-ozone/integration-test/target/test-dir/MiniOzoneClusterImpl-d50571e5-2990-423a-9baf-60008d75fde6/datanode-4/data/containers/hdds to VolumeSet
2019-07-14 06:53:23,471 INFO  volume.ThrottledAsyncChecker (ThrottledAsyncChecker.java:schedule(140)) - Scheduling a check for org.apache.hadoop.ozone.container.common.volume.HddsVolume@6b2fdffc
2019-07-14 06:53:23,472 INFO  volume.HddsVolumeChecker (HddsVolumeChecker.java:checkAllVolumes(203)) - Scheduled health check for volume org.apache.hadoop.ozone.container.common.volume.HddsVolume@6b2fdffc
2019-07-14 06:53:23,490 INFO  impl.RaftServerProxy (ConfUtils.java:logGet(43)) - raft.rpc.type = GRPC (default)
2019-07-14 06:53:23,490 INFO  grpc.GrpcFactory (GrpcFactory.java:checkPooledByteBufAllocatorUseCacheForAllThreads(45)) - PERFORMANCE WARNING: useCacheForAllThreads is true that may cause Netty to create a lot garbage objects and, as a result, trigger GC.
	It is recommended to disable useCacheForAllThreads by setting -Dorg.apache.ratis.thirdparty.io.netty.allocator.useCacheForAllThreads=false in command line.
2019-07-14 06:53:23,491 INFO  grpc.GrpcConfigKeys$Server (ConfUtils.java:logGet(43)) - raft.grpc.server.port = 0 (default)
2019-07-14 06:53:23,491 INFO  server.GrpcService (ConfUtils.java:logGet(43)) - raft.grpc.message.size.max = 33570816 (custom)
2019-07-14 06:53:23,492 INFO  server.RaftServerConfigKeys (ConfUtils.java:logGet(43)) - raft.server.log.appender.buffer.byte-limit = 33554432 (custom)
2019-07-14 06:53:23,492 INFO  server.GrpcService (ConfUtils.java:logGet(43)) - raft.grpc.flow.control.window = 1MB (=1048576) (default)
2019-07-14 06:53:23,492 INFO  server.RaftServerConfigKeys (ConfUtils.java:logGet(43)) - raft.server.rpc.request.timeout = 3000ms (default)
2019-07-14 06:53:23,493 INFO  server.RaftServerConfigKeys (ConfUtils.java:logGet(43)) - raft.server.storage.dir = [/tmp/workdir/hadoop-ozone/integration-test/target/test-dir/MiniOzoneClusterImpl-d50571e5-2990-423a-9baf-60008d75fde6/datanode-4/data/ratis] (custom)
2019-07-14 06:53:23,494 INFO  replication.SimpleContainerDownloader (SimpleContainerDownloader.java:<init>(72)) - Starting container downloader service to copy containers to replicate.
2019-07-14 06:53:23,495 INFO  hdfs.DFSUtil (DFSUtil.java:httpServerTemplateForNNAndJN(1641)) - Starting Web-server for hddsDatanode at: http://0.0.0.0:0
2019-07-14 06:53:23,497 INFO  server.AuthenticationFilter (AuthenticationFilter.java:constructSecretProvider(240)) - Unable to initialize FileSignerSecretProvider, falling back to use random secrets.
2019-07-14 06:53:23,498 WARN  http.HttpRequestLog (HttpRequestLog.java:getRequestLog(97)) - Jetty request log can only be enabled using Log4j
2019-07-14 06:53:23,500 INFO  http.HttpServer2 (HttpServer2.java:addGlobalFilter(975)) - Added global filter 'safety' (class=org.apache.hadoop.http.HttpServer2$QuotingInputFilter)
2019-07-14 06:53:23,500 INFO  http.HttpServer2 (HttpServer2.java:addFilter(948)) - Added filter static_user_filter (class=org.apache.hadoop.http.lib.StaticUserWebFilter$StaticUserFilter) to context hddsDatanode
2019-07-14 06:53:23,501 INFO  http.HttpServer2 (HttpServer2.java:addFilter(958)) - Added filter static_user_filter (class=org.apache.hadoop.http.lib.StaticUserWebFilter$StaticUserFilter) to context logs
2019-07-14 06:53:23,501 INFO  http.HttpServer2 (HttpServer2.java:addFilter(958)) - Added filter static_user_filter (class=org.apache.hadoop.http.lib.StaticUserWebFilter$StaticUserFilter) to context static
2019-07-14 06:53:23,502 INFO  http.HttpServer2 (HttpServer2.java:bindListener(1191)) - Jetty bound to port 44020
2019-07-14 06:53:23,502 INFO  server.Server (Server.java:doStart(351)) - jetty-9.3.24.v20180605, build timestamp: 2018-06-05T17:11:56Z, git hash: 84205aa28f11a4f31f2a3b86d1bba2cc8ab69827
2019-07-14 06:53:23,507 INFO  handler.ContextHandler (ContextHandler.java:doStart(781)) - Started o.e.j.s.ServletContextHandler@615db358{/logs,file:///tmp/workdir/hadoop-ozone/integration-test/target/log,AVAILABLE}
2019-07-14 06:53:23,508 INFO  handler.ContextHandler (ContextHandler.java:doStart(781)) - Started o.e.j.s.ServletContextHandler@5fef0c19{/static,jar:file:/home/user/.m2/repository/org/apache/hadoop/hadoop-hdds-container-service/0.5.0-SNAPSHOT/hadoop-hdds-container-service-0.5.0-SNAPSHOT.jar!/webapps/static,AVAILABLE}
2019-07-14 06:53:23,543 INFO  handler.ContextHandler (ContextHandler.java:doStart(781)) - Started o.e.j.w.WebAppContext@367d34c0{/,file:///tmp/jetty-0.0.0.0-44020-hddsDatanode-_-any-5023979478249147261.dir/webapp/,AVAILABLE}{/hddsDatanode}
2019-07-14 06:53:23,544 INFO  server.AbstractConnector (AbstractConnector.java:doStart(278)) - Started ServerConnector@4ce25e47{HTTP/1.1,[http/1.1]}{0.0.0.0:44020}
2019-07-14 06:53:23,547 INFO  server.Server (Server.java:doStart(419)) - Started @6193ms
2019-07-14 06:53:23,548 INFO  server.BaseHttpServer (BaseHttpServer.java:updateConnectorAddress(207)) - HTTP server of HDDSDATANODE is listening at http://0.0.0.0:44020
2019-07-14 06:53:23,701 INFO  ozone.HddsDatanodeService (HddsDatanodeService.java:startPlugins(396)) - Started plug-in org.apache.hadoop.ozone.web.OzoneHddsDatanodeService@15d236fd
2019-07-14 06:53:23,701 INFO  impl.MetricsSystemImpl (MetricsSystemImpl.java:init(158)) - HddsDatanode metrics system started (again)
2019-07-14 06:53:23,701 INFO  ozone.HddsDatanodeService (HddsDatanodeService.java:start(185)) - HddsDatanodeService host:trunk-nightly-8c95p-1540871953 ip:192.168.5.144
2019-07-14 06:53:23,704 INFO  util.JvmPauseMonitor (JvmPauseMonitor.java:run(188)) - Starting JVM pause monitor
2019-07-14 06:53:23,706 INFO  datanode.InitDatanodeState (InitDatanodeState.java:persistContainerDatanodeDetails(140)) - DatanodeDetails is persisted to /tmp/workdir/hadoop-ozone/integration-test/target/test-dir/MiniOzoneClusterImpl-d50571e5-2990-423a-9baf-60008d75fde6/datanode-4/meta/datanode.id
2019-07-14 06:53:23,709 INFO  volume.HddsVolume (HddsVolume.java:<init>(176)) - Creating Volume: /tmp/workdir/hadoop-ozone/integration-test/target/test-dir/MiniOzoneClusterImpl-d50571e5-2990-423a-9baf-60008d75fde6/datanode-5/data/containers/hdds of  storage type : DISK and capacity : 52710309888
2019-07-14 06:53:23,710 INFO  volume.VolumeSet (VolumeSet.java:initializeVolumeSet(170)) - Added Volume : /tmp/workdir/hadoop-ozone/integration-test/target/test-dir/MiniOzoneClusterImpl-d50571e5-2990-423a-9baf-60008d75fde6/datanode-5/data/containers/hdds to VolumeSet
2019-07-14 06:53:23,710 INFO  volume.ThrottledAsyncChecker (ThrottledAsyncChecker.java:schedule(140)) - Scheduling a check for org.apache.hadoop.ozone.container.common.volume.HddsVolume@33eb0d4
2019-07-14 06:53:23,710 INFO  volume.HddsVolumeChecker (HddsVolumeChecker.java:checkAllVolumes(203)) - Scheduled health check for volume org.apache.hadoop.ozone.container.common.volume.HddsVolume@33eb0d4
2019-07-14 06:53:23,722 INFO  impl.RaftServerProxy (ConfUtils.java:logGet(43)) - raft.rpc.type = GRPC (default)
2019-07-14 06:53:23,723 INFO  grpc.GrpcFactory (GrpcFactory.java:checkPooledByteBufAllocatorUseCacheForAllThreads(45)) - PERFORMANCE WARNING: useCacheForAllThreads is true that may cause Netty to create a lot garbage objects and, as a result, trigger GC.
	It is recommended to disable useCacheForAllThreads by setting -Dorg.apache.ratis.thirdparty.io.netty.allocator.useCacheForAllThreads=false in command line.
2019-07-14 06:53:23,723 INFO  grpc.GrpcConfigKeys$Server (ConfUtils.java:logGet(43)) - raft.grpc.server.port = 0 (default)
2019-07-14 06:53:23,723 INFO  server.GrpcService (ConfUtils.java:logGet(43)) - raft.grpc.message.size.max = 33570816 (custom)
2019-07-14 06:53:23,724 INFO  server.RaftServerConfigKeys (ConfUtils.java:logGet(43)) - raft.server.log.appender.buffer.byte-limit = 33554432 (custom)
2019-07-14 06:53:23,724 INFO  server.GrpcService (ConfUtils.java:logGet(43)) - raft.grpc.flow.control.window = 1MB (=1048576) (default)
2019-07-14 06:53:23,724 INFO  server.RaftServerConfigKeys (ConfUtils.java:logGet(43)) - raft.server.rpc.request.timeout = 3000ms (default)
2019-07-14 06:53:23,724 INFO  server.RaftServerConfigKeys (ConfUtils.java:logGet(43)) - raft.server.storage.dir = [/tmp/workdir/hadoop-ozone/integration-test/target/test-dir/MiniOzoneClusterImpl-d50571e5-2990-423a-9baf-60008d75fde6/datanode-5/data/ratis] (custom)
2019-07-14 06:53:23,725 INFO  replication.SimpleContainerDownloader (SimpleContainerDownloader.java:<init>(72)) - Starting container downloader service to copy containers to replicate.
2019-07-14 06:53:23,726 INFO  hdfs.DFSUtil (DFSUtil.java:httpServerTemplateForNNAndJN(1641)) - Starting Web-server for hddsDatanode at: http://0.0.0.0:0
2019-07-14 06:53:23,727 INFO  server.AuthenticationFilter (AuthenticationFilter.java:constructSecretProvider(240)) - Unable to initialize FileSignerSecretProvider, falling back to use random secrets.
2019-07-14 06:53:23,727 WARN  http.HttpRequestLog (HttpRequestLog.java:getRequestLog(97)) - Jetty request log can only be enabled using Log4j
2019-07-14 06:53:23,728 INFO  http.HttpServer2 (HttpServer2.java:addGlobalFilter(975)) - Added global filter 'safety' (class=org.apache.hadoop.http.HttpServer2$QuotingInputFilter)
2019-07-14 06:53:23,729 INFO  http.HttpServer2 (HttpServer2.java:addFilter(948)) - Added filter static_user_filter (class=org.apache.hadoop.http.lib.StaticUserWebFilter$StaticUserFilter) to context hddsDatanode
2019-07-14 06:53:23,729 INFO  http.HttpServer2 (HttpServer2.java:addFilter(958)) - Added filter static_user_filter (class=org.apache.hadoop.http.lib.StaticUserWebFilter$StaticUserFilter) to context static
2019-07-14 06:53:23,729 INFO  http.HttpServer2 (HttpServer2.java:addFilter(958)) - Added filter static_user_filter (class=org.apache.hadoop.http.lib.StaticUserWebFilter$StaticUserFilter) to context logs
2019-07-14 06:53:23,730 INFO  http.HttpServer2 (HttpServer2.java:bindListener(1191)) - Jetty bound to port 44532
2019-07-14 06:53:23,730 INFO  server.Server (Server.java:doStart(351)) - jetty-9.3.24.v20180605, build timestamp: 2018-06-05T17:11:56Z, git hash: 84205aa28f11a4f31f2a3b86d1bba2cc8ab69827
2019-07-14 06:53:23,733 INFO  handler.ContextHandler (ContextHandler.java:doStart(781)) - Started o.e.j.s.ServletContextHandler@6885ed19{/logs,file:///tmp/workdir/hadoop-ozone/integration-test/target/log,AVAILABLE}
2019-07-14 06:53:23,733 INFO  handler.ContextHandler (ContextHandler.java:doStart(781)) - Started o.e.j.s.ServletContextHandler@2d4a3e13{/static,jar:file:/home/user/.m2/repository/org/apache/hadoop/hadoop-hdds-container-service/0.5.0-SNAPSHOT/hadoop-hdds-container-service-0.5.0-SNAPSHOT.jar!/webapps/static,AVAILABLE}
2019-07-14 06:53:23,756 INFO  handler.ContextHandler (ContextHandler.java:doStart(781)) - Started o.e.j.w.WebAppContext@561f9d92{/,file:///tmp/jetty-0.0.0.0-44532-hddsDatanode-_-any-4216858901379835966.dir/webapp/,AVAILABLE}{/hddsDatanode}
2019-07-14 06:53:23,758 INFO  server.AbstractConnector (AbstractConnector.java:doStart(278)) - Started ServerConnector@1c84d80a{HTTP/1.1,[http/1.1]}{0.0.0.0:44532}
2019-07-14 06:53:23,758 INFO  server.Server (Server.java:doStart(419)) - Started @6404ms
2019-07-14 06:53:23,759 INFO  server.BaseHttpServer (BaseHttpServer.java:updateConnectorAddress(207)) - HTTP server of HDDSDATANODE is listening at http://0.0.0.0:44532
2019-07-14 06:53:23,865 INFO  ozone.HddsDatanodeService (HddsDatanodeService.java:startPlugins(396)) - Started plug-in org.apache.hadoop.ozone.web.OzoneHddsDatanodeService@16f15ae9
2019-07-14 06:53:23,865 INFO  impl.MetricsSystemImpl (MetricsSystemImpl.java:init(158)) - HddsDatanode metrics system started (again)
2019-07-14 06:53:23,865 INFO  ozone.HddsDatanodeService (HddsDatanodeService.java:start(185)) - HddsDatanodeService host:trunk-nightly-8c95p-1540871953 ip:192.168.5.144
2019-07-14 06:53:23,868 INFO  util.JvmPauseMonitor (JvmPauseMonitor.java:run(188)) - Starting JVM pause monitor
2019-07-14 06:53:23,870 INFO  datanode.InitDatanodeState (InitDatanodeState.java:persistContainerDatanodeDetails(140)) - DatanodeDetails is persisted to /tmp/workdir/hadoop-ozone/integration-test/target/test-dir/MiniOzoneClusterImpl-d50571e5-2990-423a-9baf-60008d75fde6/datanode-5/meta/datanode.id
2019-07-14 06:53:23,875 INFO  volume.HddsVolume (HddsVolume.java:<init>(176)) - Creating Volume: /tmp/workdir/hadoop-ozone/integration-test/target/test-dir/MiniOzoneClusterImpl-d50571e5-2990-423a-9baf-60008d75fde6/datanode-6/data/containers/hdds of  storage type : DISK and capacity : 52710309888
2019-07-14 06:53:23,876 INFO  volume.VolumeSet (VolumeSet.java:initializeVolumeSet(170)) - Added Volume : /tmp/workdir/hadoop-ozone/integration-test/target/test-dir/MiniOzoneClusterImpl-d50571e5-2990-423a-9baf-60008d75fde6/datanode-6/data/containers/hdds to VolumeSet
2019-07-14 06:53:23,876 INFO  volume.ThrottledAsyncChecker (ThrottledAsyncChecker.java:schedule(140)) - Scheduling a check for org.apache.hadoop.ozone.container.common.volume.HddsVolume@2b79c8ff
2019-07-14 06:53:23,877 INFO  volume.HddsVolumeChecker (HddsVolumeChecker.java:checkAllVolumes(203)) - Scheduled health check for volume org.apache.hadoop.ozone.container.common.volume.HddsVolume@2b79c8ff
2019-07-14 06:53:23,900 INFO  impl.RaftServerProxy (ConfUtils.java:logGet(43)) - raft.rpc.type = GRPC (default)
2019-07-14 06:53:23,901 INFO  grpc.GrpcFactory (GrpcFactory.java:checkPooledByteBufAllocatorUseCacheForAllThreads(45)) - PERFORMANCE WARNING: useCacheForAllThreads is true that may cause Netty to create a lot garbage objects and, as a result, trigger GC.
	It is recommended to disable useCacheForAllThreads by setting -Dorg.apache.ratis.thirdparty.io.netty.allocator.useCacheForAllThreads=false in command line.
2019-07-14 06:53:23,901 INFO  grpc.GrpcConfigKeys$Server (ConfUtils.java:logGet(43)) - raft.grpc.server.port = 0 (default)
2019-07-14 06:53:23,901 INFO  server.GrpcService (ConfUtils.java:logGet(43)) - raft.grpc.message.size.max = 33570816 (custom)
2019-07-14 06:53:23,902 INFO  server.RaftServerConfigKeys (ConfUtils.java:logGet(43)) - raft.server.log.appender.buffer.byte-limit = 33554432 (custom)
2019-07-14 06:53:23,902 INFO  server.GrpcService (ConfUtils.java:logGet(43)) - raft.grpc.flow.control.window = 1MB (=1048576) (default)
2019-07-14 06:53:23,902 INFO  server.RaftServerConfigKeys (ConfUtils.java:logGet(43)) - raft.server.rpc.request.timeout = 3000ms (default)
2019-07-14 06:53:23,903 INFO  server.RaftServerConfigKeys (ConfUtils.java:logGet(43)) - raft.server.storage.dir = [/tmp/workdir/hadoop-ozone/integration-test/target/test-dir/MiniOzoneClusterImpl-d50571e5-2990-423a-9baf-60008d75fde6/datanode-6/data/ratis] (custom)
2019-07-14 06:53:23,904 INFO  replication.SimpleContainerDownloader (SimpleContainerDownloader.java:<init>(72)) - Starting container downloader service to copy containers to replicate.
2019-07-14 06:53:23,905 INFO  hdfs.DFSUtil (DFSUtil.java:httpServerTemplateForNNAndJN(1641)) - Starting Web-server for hddsDatanode at: http://0.0.0.0:0
2019-07-14 06:53:23,907 INFO  server.AuthenticationFilter (AuthenticationFilter.java:constructSecretProvider(240)) - Unable to initialize FileSignerSecretProvider, falling back to use random secrets.
2019-07-14 06:53:23,908 WARN  http.HttpRequestLog (HttpRequestLog.java:getRequestLog(97)) - Jetty request log can only be enabled using Log4j
2019-07-14 06:53:23,910 INFO  http.HttpServer2 (HttpServer2.java:addGlobalFilter(975)) - Added global filter 'safety' (class=org.apache.hadoop.http.HttpServer2$QuotingInputFilter)
2019-07-14 06:53:23,911 INFO  http.HttpServer2 (HttpServer2.java:addFilter(948)) - Added filter static_user_filter (class=org.apache.hadoop.http.lib.StaticUserWebFilter$StaticUserFilter) to context hddsDatanode
2019-07-14 06:53:23,911 INFO  http.HttpServer2 (HttpServer2.java:addFilter(958)) - Added filter static_user_filter (class=org.apache.hadoop.http.lib.StaticUserWebFilter$StaticUserFilter) to context logs
2019-07-14 06:53:23,912 INFO  http.HttpServer2 (HttpServer2.java:addFilter(958)) - Added filter static_user_filter (class=org.apache.hadoop.http.lib.StaticUserWebFilter$StaticUserFilter) to context static
2019-07-14 06:53:23,913 INFO  http.HttpServer2 (HttpServer2.java:bindListener(1191)) - Jetty bound to port 46646
2019-07-14 06:53:23,913 INFO  server.Server (Server.java:doStart(351)) - jetty-9.3.24.v20180605, build timestamp: 2018-06-05T17:11:56Z, git hash: 84205aa28f11a4f31f2a3b86d1bba2cc8ab69827
2019-07-14 06:53:23,915 INFO  handler.ContextHandler (ContextHandler.java:doStart(781)) - Started o.e.j.s.ServletContextHandler@6568f998{/logs,file:///tmp/workdir/hadoop-ozone/integration-test/target/log,AVAILABLE}
2019-07-14 06:53:23,916 INFO  handler.ContextHandler (ContextHandler.java:doStart(781)) - Started o.e.j.s.ServletContextHandler@782fd504{/static,jar:file:/home/user/.m2/repository/org/apache/hadoop/hadoop-hdds-container-service/0.5.0-SNAPSHOT/hadoop-hdds-container-service-0.5.0-SNAPSHOT.jar!/webapps/static,AVAILABLE}
2019-07-14 06:53:23,960 INFO  handler.ContextHandler (ContextHandler.java:doStart(781)) - Started o.e.j.w.WebAppContext@418f0534{/,file:///tmp/jetty-0.0.0.0-46646-hddsDatanode-_-any-2298610332727646794.dir/webapp/,AVAILABLE}{/hddsDatanode}
2019-07-14 06:53:23,960 INFO  server.AbstractConnector (AbstractConnector.java:doStart(278)) - Started ServerConnector@3dfd7eaa{HTTP/1.1,[http/1.1]}{0.0.0.0:46646}
2019-07-14 06:53:23,962 INFO  server.Server (Server.java:doStart(419)) - Started @6608ms
2019-07-14 06:53:23,963 INFO  server.BaseHttpServer (BaseHttpServer.java:updateConnectorAddress(207)) - HTTP server of HDDSDATANODE is listening at http://0.0.0.0:46646
2019-07-14 06:53:24,169 INFO  ozone.HddsDatanodeService (HddsDatanodeService.java:startPlugins(396)) - Started plug-in org.apache.hadoop.ozone.web.OzoneHddsDatanodeService@28e7bb31
2019-07-14 06:53:24,170 INFO  ozone.MiniOzoneClusterImpl (MiniOzoneClusterImpl.java:lambda$waitForClusterToBeReady$0(142)) - Waiting for cluster to be ready. Got 0 of 7 DN Heartbeats.
2019-07-14 06:53:24,171 INFO  util.JvmPauseMonitor (JvmPauseMonitor.java:run(188)) - Starting JVM pause monitor
2019-07-14 06:53:24,173 INFO  datanode.InitDatanodeState (InitDatanodeState.java:persistContainerDatanodeDetails(140)) - DatanodeDetails is persisted to /tmp/workdir/hadoop-ozone/integration-test/target/test-dir/MiniOzoneClusterImpl-d50571e5-2990-423a-9baf-60008d75fde6/datanode-6/meta/datanode.id
2019-07-14 06:53:24,958 INFO  ozoneimpl.OzoneContainer (OzoneContainer.java:start(186)) - Attempting to start container services.
2019-07-14 06:53:24,958 INFO  ozoneimpl.OzoneContainer (OzoneContainer.java:startContainerScrub(160)) - Background container scrubber has been disabled by hdds.containerscrub.enabled
2019-07-14 06:53:24,958 INFO  ratis.XceiverServerRatis (XceiverServerRatis.java:start(418)) - Starting XceiverServerRatis 21c11074-c061-4199-a5c5-e5d1047c631d at port 0
2019-07-14 06:53:24,979 INFO  impl.RaftServerProxy (RaftServerProxy.java:lambda$start$3(299)) - 21c11074-c061-4199-a5c5-e5d1047c631d: start RPC server
2019-07-14 06:53:25,111 INFO  server.GrpcService (GrpcService.java:startImpl(149)) - 21c11074-c061-4199-a5c5-e5d1047c631d: GrpcService started, listening on 0.0.0.0/0.0.0.0:43548
2019-07-14 06:53:25,112 INFO  ratis.XceiverServerRatis (XceiverServerRatis.java:start(428)) - XceiverServerRatis 21c11074-c061-4199-a5c5-e5d1047c631d is started using port 43548
2019-07-14 06:53:25,114 INFO  server.XceiverServerGrpc (XceiverServerGrpc.java:start(161)) - XceiverServerGrpc 21c11074-c061-4199-a5c5-e5d1047c631d is started using port 35504
2019-07-14 06:53:25,115 INFO  ozoneimpl.OzoneContainer (OzoneContainer.java:start(186)) - Attempting to start container services.
2019-07-14 06:53:25,116 INFO  ozoneimpl.OzoneContainer (OzoneContainer.java:startContainerScrub(160)) - Background container scrubber has been disabled by hdds.containerscrub.enabled
2019-07-14 06:53:25,117 INFO  ratis.XceiverServerRatis (XceiverServerRatis.java:start(418)) - Starting XceiverServerRatis ced4ce4a-19c0-4cac-897b-288d0e2520b1 at port 0
2019-07-14 06:53:25,124 INFO  impl.RaftServerProxy (RaftServerProxy.java:lambda$start$3(299)) - ced4ce4a-19c0-4cac-897b-288d0e2520b1: start RPC server
2019-07-14 06:53:25,127 INFO  server.GrpcService (GrpcService.java:startImpl(149)) - ced4ce4a-19c0-4cac-897b-288d0e2520b1: GrpcService started, listening on 0.0.0.0/0.0.0.0:39922
2019-07-14 06:53:25,127 INFO  ratis.XceiverServerRatis (XceiverServerRatis.java:start(428)) - XceiverServerRatis ced4ce4a-19c0-4cac-897b-288d0e2520b1 is started using port 39922
2019-07-14 06:53:25,130 INFO  server.XceiverServerGrpc (XceiverServerGrpc.java:start(161)) - XceiverServerGrpc ced4ce4a-19c0-4cac-897b-288d0e2520b1 is started using port 36752
2019-07-14 06:53:25,171 INFO  ozone.MiniOzoneClusterImpl (MiniOzoneClusterImpl.java:lambda$waitForClusterToBeReady$0(142)) - Waiting for cluster to be ready. Got 0 of 7 DN Heartbeats.
2019-07-14 06:53:25,286 INFO  ozoneimpl.OzoneContainer (OzoneContainer.java:start(186)) - Attempting to start container services.
2019-07-14 06:53:25,288 INFO  ozoneimpl.OzoneContainer (OzoneContainer.java:startContainerScrub(160)) - Background container scrubber has been disabled by hdds.containerscrub.enabled
2019-07-14 06:53:25,288 INFO  ratis.XceiverServerRatis (XceiverServerRatis.java:start(418)) - Starting XceiverServerRatis ee47d561-0e1f-4a81-ab74-3db013f51d41 at port 0
2019-07-14 06:53:25,296 INFO  impl.RaftServerProxy (RaftServerProxy.java:lambda$start$3(299)) - ee47d561-0e1f-4a81-ab74-3db013f51d41: start RPC server
2019-07-14 06:53:25,299 INFO  server.GrpcService (GrpcService.java:startImpl(149)) - ee47d561-0e1f-4a81-ab74-3db013f51d41: GrpcService started, listening on 0.0.0.0/0.0.0.0:36791
2019-07-14 06:53:25,299 INFO  ratis.XceiverServerRatis (XceiverServerRatis.java:start(428)) - XceiverServerRatis ee47d561-0e1f-4a81-ab74-3db013f51d41 is started using port 36791
2019-07-14 06:53:25,302 INFO  server.XceiverServerGrpc (XceiverServerGrpc.java:start(161)) - XceiverServerGrpc ee47d561-0e1f-4a81-ab74-3db013f51d41 is started using port 40637
2019-07-14 06:53:25,478 INFO  ozoneimpl.OzoneContainer (OzoneContainer.java:start(186)) - Attempting to start container services.
2019-07-14 06:53:25,481 INFO  ozoneimpl.OzoneContainer (OzoneContainer.java:startContainerScrub(160)) - Background container scrubber has been disabled by hdds.containerscrub.enabled
2019-07-14 06:53:25,481 INFO  ratis.XceiverServerRatis (XceiverServerRatis.java:start(418)) - Starting XceiverServerRatis cbefb6a9-63b0-4f45-83d7-16351731a333 at port 0
2019-07-14 06:53:25,492 INFO  impl.RaftServerProxy (RaftServerProxy.java:lambda$start$3(299)) - cbefb6a9-63b0-4f45-83d7-16351731a333: start RPC server
2019-07-14 06:53:25,495 INFO  server.GrpcService (GrpcService.java:startImpl(149)) - cbefb6a9-63b0-4f45-83d7-16351731a333: GrpcService started, listening on 0.0.0.0/0.0.0.0:38159
2019-07-14 06:53:25,496 INFO  ratis.XceiverServerRatis (XceiverServerRatis.java:start(428)) - XceiverServerRatis cbefb6a9-63b0-4f45-83d7-16351731a333 is started using port 38159
2019-07-14 06:53:25,499 INFO  server.XceiverServerGrpc (XceiverServerGrpc.java:start(161)) - XceiverServerGrpc cbefb6a9-63b0-4f45-83d7-16351731a333 is started using port 35519
2019-07-14 06:53:25,720 INFO  ozoneimpl.OzoneContainer (OzoneContainer.java:start(186)) - Attempting to start container services.
2019-07-14 06:53:25,723 INFO  ozoneimpl.OzoneContainer (OzoneContainer.java:startContainerScrub(160)) - Background container scrubber has been disabled by hdds.containerscrub.enabled
2019-07-14 06:53:25,723 INFO  ratis.XceiverServerRatis (XceiverServerRatis.java:start(418)) - Starting XceiverServerRatis 456e4f0a-b3c9-49c2-9fd7-0f964256b228 at port 0
2019-07-14 06:53:25,732 INFO  impl.RaftServerProxy (RaftServerProxy.java:lambda$start$3(299)) - 456e4f0a-b3c9-49c2-9fd7-0f964256b228: start RPC server
2019-07-14 06:53:25,736 INFO  server.GrpcService (GrpcService.java:startImpl(149)) - 456e4f0a-b3c9-49c2-9fd7-0f964256b228: GrpcService started, listening on 0.0.0.0/0.0.0.0:35386
2019-07-14 06:53:25,736 INFO  ratis.XceiverServerRatis (XceiverServerRatis.java:start(428)) - XceiverServerRatis 456e4f0a-b3c9-49c2-9fd7-0f964256b228 is started using port 35386
2019-07-14 06:53:25,740 INFO  server.XceiverServerGrpc (XceiverServerGrpc.java:start(161)) - XceiverServerGrpc 456e4f0a-b3c9-49c2-9fd7-0f964256b228 is started using port 37853
2019-07-14 06:53:25,876 INFO  ozoneimpl.OzoneContainer (OzoneContainer.java:start(186)) - Attempting to start container services.
2019-07-14 06:53:25,878 INFO  ozoneimpl.OzoneContainer (OzoneContainer.java:startContainerScrub(160)) - Background container scrubber has been disabled by hdds.containerscrub.enabled
2019-07-14 06:53:25,879 INFO  ratis.XceiverServerRatis (XceiverServerRatis.java:start(418)) - Starting XceiverServerRatis f80c8108-f3bf-48b4-9e66-1625d26c6079 at port 0
2019-07-14 06:53:25,887 INFO  impl.RaftServerProxy (RaftServerProxy.java:lambda$start$3(299)) - f80c8108-f3bf-48b4-9e66-1625d26c6079: start RPC server
2019-07-14 06:53:25,891 INFO  server.GrpcService (GrpcService.java:startImpl(149)) - f80c8108-f3bf-48b4-9e66-1625d26c6079: GrpcService started, listening on 0.0.0.0/0.0.0.0:37587
2019-07-14 06:53:25,892 INFO  ratis.XceiverServerRatis (XceiverServerRatis.java:start(428)) - XceiverServerRatis f80c8108-f3bf-48b4-9e66-1625d26c6079 is started using port 37587
2019-07-14 06:53:25,895 INFO  server.XceiverServerGrpc (XceiverServerGrpc.java:start(161)) - XceiverServerGrpc f80c8108-f3bf-48b4-9e66-1625d26c6079 is started using port 38984
2019-07-14 06:53:26,171 INFO  ozone.MiniOzoneClusterImpl (MiniOzoneClusterImpl.java:lambda$waitForClusterToBeReady$0(142)) - Waiting for cluster to be ready. Got 0 of 7 DN Heartbeats.
2019-07-14 06:53:26,180 INFO  ozoneimpl.OzoneContainer (OzoneContainer.java:start(186)) - Attempting to start container services.
2019-07-14 06:53:26,184 INFO  ozoneimpl.OzoneContainer (OzoneContainer.java:startContainerScrub(160)) - Background container scrubber has been disabled by hdds.containerscrub.enabled
2019-07-14 06:53:26,184 INFO  ratis.XceiverServerRatis (XceiverServerRatis.java:start(418)) - Starting XceiverServerRatis 9df94194-a88f-471a-ad97-294777adf0f4 at port 0
2019-07-14 06:53:26,192 INFO  impl.RaftServerProxy (RaftServerProxy.java:lambda$start$3(299)) - 9df94194-a88f-471a-ad97-294777adf0f4: start RPC server
2019-07-14 06:53:26,197 INFO  server.GrpcService (GrpcService.java:startImpl(149)) - 9df94194-a88f-471a-ad97-294777adf0f4: GrpcService started, listening on 0.0.0.0/0.0.0.0:40187
2019-07-14 06:53:26,197 INFO  ratis.XceiverServerRatis (XceiverServerRatis.java:start(428)) - XceiverServerRatis 9df94194-a88f-471a-ad97-294777adf0f4 is started using port 40187
2019-07-14 06:53:26,202 INFO  server.XceiverServerGrpc (XceiverServerGrpc.java:start(161)) - XceiverServerGrpc 9df94194-a88f-471a-ad97-294777adf0f4 is started using port 34153
2019-07-14 06:53:26,945 INFO  net.NetworkTopology (NetworkTopologyImpl.java:add(110)) - Added a new node: /default-rack/192.168.5.144
2019-07-14 06:53:26,945 INFO  node.SCMNodeManager (SCMNodeManager.java:register(269)) - Registered Data node : 21c11074-c061-4199-a5c5-e5d1047c631d{ip: 192.168.5.144, host: trunk-nightly-8c95p-1540871953, networkLocation: /default-rack, certSerialId: null}
2019-07-14 06:53:26,951 INFO  safemode.SCMSafeModeManager (DataNodeSafeModeRule.java:process(71)) - SCM in safe mode. 1 DataNodes registered, 1 required.
2019-07-14 06:53:26,954 INFO  safemode.SCMSafeModeManager (SCMSafeModeManager.java:validateSafeModeExitRules(177)) - ScmSafeModeManager, all rules are successfully validated
2019-07-14 06:53:26,954 INFO  safemode.SCMSafeModeManager (SCMSafeModeManager.java:exitSafeMode(193)) - SCM exiting safe mode.
2019-07-14 06:53:27,101 INFO  node.SCMNodeManager (SCMNodeManager.java:register(269)) - Registered Data node : ced4ce4a-19c0-4cac-897b-288d0e2520b1{ip: 192.168.5.144, host: trunk-nightly-8c95p-1540871953, networkLocation: /default-rack, certSerialId: null}
2019-07-14 06:53:27,172 INFO  ozone.MiniOzoneClusterImpl (MiniOzoneClusterImpl.java:lambda$waitForClusterToBeReady$0(142)) - Waiting for cluster to be ready. Got 2 of 7 DN Heartbeats.
2019-07-14 06:53:27,282 INFO  node.SCMNodeManager (SCMNodeManager.java:register(269)) - Registered Data node : ee47d561-0e1f-4a81-ab74-3db013f51d41{ip: 192.168.5.144, host: trunk-nightly-8c95p-1540871953, networkLocation: /default-rack, certSerialId: null}
2019-07-14 06:53:27,467 INFO  node.SCMNodeManager (SCMNodeManager.java:register(269)) - Registered Data node : cbefb6a9-63b0-4f45-83d7-16351731a333{ip: 192.168.5.144, host: trunk-nightly-8c95p-1540871953, networkLocation: /default-rack, certSerialId: null}
2019-07-14 06:53:27,856 INFO  node.SCMNodeManager (SCMNodeManager.java:register(269)) - Registered Data node : 456e4f0a-b3c9-49c2-9fd7-0f964256b228{ip: 192.168.5.144, host: trunk-nightly-8c95p-1540871953, networkLocation: /default-rack, certSerialId: null}
2019-07-14 06:53:27,870 INFO  node.SCMNodeManager (SCMNodeManager.java:register(269)) - Registered Data node : f80c8108-f3bf-48b4-9e66-1625d26c6079{ip: 192.168.5.144, host: trunk-nightly-8c95p-1540871953, networkLocation: /default-rack, certSerialId: null}
2019-07-14 06:53:27,891 INFO  impl.RaftServerProxy (RaftServerProxy.java:addNew(89)) - 21c11074-c061-4199-a5c5-e5d1047c631d: addNew group-020269296A02:[21c11074-c061-4199-a5c5-e5d1047c631d:192.168.5.144:43548] returns group-020269296A02:java.util.concurrent.CompletableFuture@31a63bca[Not completed]
2019-07-14 06:53:27,922 INFO  impl.RaftServerImpl (RaftServerImpl.java:<init>(93)) - 21c11074-c061-4199-a5c5-e5d1047c631d: new RaftServerImpl for group-020269296A02:[21c11074-c061-4199-a5c5-e5d1047c631d:192.168.5.144:43548] with ContainerStateMachine:uninitialized
2019-07-14 06:53:27,926 INFO  server.RaftServerConfigKeys (ConfUtils.java:logGet(43)) - raft.server.rpc.timeout.min = 5s (custom)
2019-07-14 06:53:27,927 INFO  server.RaftServerConfigKeys (ConfUtils.java:logGet(43)) - raft.server.rpc.timeout.max = 5200ms (custom)
2019-07-14 06:53:27,928 INFO  server.RaftServerConfigKeys (ConfUtils.java:logGet(43)) - raft.server.rpcslowness.timeout = 120s (custom)
2019-07-14 06:53:27,928 INFO  server.RaftServerConfigKeys (ConfUtils.java:logGet(43)) - raft.server.sleep.deviation.threshold = 300 (default)
2019-07-14 06:53:27,929 INFO  server.RaftServerConfigKeys (ConfUtils.java:logGet(43)) - raft.server.log.appender.install.snapshot.enabled = false (custom)
2019-07-14 06:53:27,936 INFO  impl.RaftServerImpl (ServerState.java:<init>(105)) - 21c11074-c061-4199-a5c5-e5d1047c631d:group-020269296A02 ConfigurationManager, init=-1: [21c11074-c061-4199-a5c5-e5d1047c631d:192.168.5.144:43548], old=null, confs=<EMPTY_MAP>
2019-07-14 06:53:27,936 INFO  server.RaftServerConfigKeys (ConfUtils.java:logGet(43)) - raft.server.storage.dir = [/tmp/workdir/hadoop-ozone/integration-test/target/test-dir/MiniOzoneClusterImpl-d50571e5-2990-423a-9baf-60008d75fde6/datanode-0/data/ratis] (custom)
2019-07-14 06:53:27,943 INFO  storage.RaftStorageDirectory (RaftStorageDirectory.java:analyzeStorage(246)) - The storage directory /tmp/workdir/hadoop-ozone/integration-test/target/test-dir/MiniOzoneClusterImpl-d50571e5-2990-423a-9baf-60008d75fde6/datanode-0/data/ratis/b0ded695-8aaf-4990-828d-020269296a02 does not exist. Creating ...
2019-07-14 06:53:27,958 INFO  storage.RaftStorageDirectory (RaftStorageDirectory.java:tryLock(328)) - Lock on /tmp/workdir/hadoop-ozone/integration-test/target/test-dir/MiniOzoneClusterImpl-d50571e5-2990-423a-9baf-60008d75fde6/datanode-0/data/ratis/b0ded695-8aaf-4990-828d-020269296a02/in_use.lock acquired by nodename 12199@trunk-nightly-8c95p-1540871953
2019-07-14 06:53:27,971 INFO  storage.RaftStorage (RaftStorage.java:format(72)) - Storage directory /tmp/workdir/hadoop-ozone/integration-test/target/test-dir/MiniOzoneClusterImpl-d50571e5-2990-423a-9baf-60008d75fde6/datanode-0/data/ratis/b0ded695-8aaf-4990-828d-020269296a02 has been successfully formatted.
2019-07-14 06:53:27,973 INFO  ratis.ContainerStateMachine (ContainerStateMachine.java:loadSnapshot(200)) - group-020269296A02: The snapshot info is null. Setting the last applied indexto:(t:0, i:~)
2019-07-14 06:53:27,973 INFO  server.RaftServerConfigKeys (ConfUtils.java:logGet(43)) - raft.server.leader.election.timeout = 120s (custom)
2019-07-14 06:53:27,975 INFO  server.RaftServerConfigKeys (ConfUtils.java:logGet(43)) - raft.server.log.use.memory = false (default)
2019-07-14 06:53:27,979 INFO  server.RaftServerConfigKeys (ConfUtils.java:logGet(43)) - raft.server.log.purge.gap = 1000000000 (custom)
2019-07-14 06:53:27,979 INFO  server.RaftServerConfigKeys (ConfUtils.java:logGet(43)) - raft.server.log.appender.buffer.byte-limit = 33554432 (custom)
2019-07-14 06:53:27,981 INFO  server.RaftServerConfigKeys (ConfUtils.java:logGet(43)) - raft.server.log.segment.size.max = 1048576 (custom)
2019-07-14 06:53:27,985 INFO  server.RaftServerConfigKeys (ConfUtils.java:logGet(43)) - raft.server.log.segment.cache.num.max = 2 (custom)
2019-07-14 06:53:27,990 INFO  segmented.SegmentedRaftLogWorker (SegmentedRaftLogWorker.java:<init>(172)) - new 21c11074-c061-4199-a5c5-e5d1047c631d-SegmentedRaftLogWorker:Storage Directory /tmp/workdir/hadoop-ozone/integration-test/target/test-dir/MiniOzoneClusterImpl-d50571e5-2990-423a-9baf-60008d75fde6/datanode-0/data/ratis/b0ded695-8aaf-4990-828d-020269296a02 for RaftStorage:Storage Directory /tmp/workdir/hadoop-ozone/integration-test/target/test-dir/MiniOzoneClusterImpl-d50571e5-2990-423a-9baf-60008d75fde6/datanode-0/data/ratis/b0ded695-8aaf-4990-828d-020269296a02
2019-07-14 06:53:28,000 INFO  server.RaftServerConfigKeys (ConfUtils.java:logGet(43)) - raft.server.log.queue.byte-limit = 2147483647 (custom)
2019-07-14 06:53:28,001 INFO  server.RaftServerConfigKeys (ConfUtils.java:logGet(43)) - raft.server.log.queue.element-limit = 1024 (custom)
2019-07-14 06:53:28,005 INFO  server.RaftServerConfigKeys (ConfUtils.java:logGet(43)) - raft.server.log.segment.size.max = 1048576 (custom)
2019-07-14 06:53:28,005 INFO  server.RaftServerConfigKeys (ConfUtils.java:logGet(43)) - raft.server.log.preallocated.size = 16384 (custom)
2019-07-14 06:53:28,006 INFO  server.RaftServerConfigKeys (ConfUtils.java:logGet(43)) - raft.server.log.write.buffer.size = 33554432 (custom)
2019-07-14 06:53:28,006 INFO  server.RaftServerConfigKeys (ConfUtils.java:logGet(43)) - raft.server.log.force.sync.num = 128 (default)
2019-07-14 06:53:28,007 INFO  server.RaftServerConfigKeys (ConfUtils.java:logGet(43)) - raft.server.log.statemachine.data.sync = true (default)
2019-07-14 06:53:28,007 INFO  server.RaftServerConfigKeys (ConfUtils.java:logGet(43)) - raft.server.log.statemachine.data.sync.timeout = 10s (default)
2019-07-14 06:53:28,008 INFO  server.RaftServerConfigKeys (ConfUtils.java:logGet(43)) - raft.server.log.statemachine.data.sync.timeout.retry = -1 (default)
2019-07-14 06:53:28,015 INFO  server.RaftServerConfigKeys (ConfUtils.java:logGet(43)) - raft.server.log.statemachine.data.caching.enabled = true (custom)
2019-07-14 06:53:28,020 INFO  segmented.SegmentedRaftLogWorker (SegmentedRaftLogWorker.java:lambda$new$0(132)) - 21c11074-c061-4199-a5c5-e5d1047c631d-SegmentedRaftLogWorker:Storage Directory /tmp/workdir/hadoop-ozone/integration-test/target/test-dir/MiniOzoneClusterImpl-d50571e5-2990-423a-9baf-60008d75fde6/datanode-0/data/ratis/b0ded695-8aaf-4990-828d-020269296a02: flushIndex: setUnconditionally 0 -> -1
2019-07-14 06:53:28,024 INFO  server.RaftServerConfigKeys (ConfUtils.java:logGet(43)) - raft.server.snapshot.auto.trigger.enabled = true (custom)
2019-07-14 06:53:28,024 INFO  server.RaftServerConfigKeys (ConfUtils.java:logGet(43)) - raft.server.snapshot.auto.trigger.threshold = 10000 (custom)
2019-07-14 06:53:28,025 INFO  server.RaftServerConfigKeys (ConfUtils.java:logGet(43)) - raft.server.retrycache.expirytime = 600000ms (custom)
2019-07-14 06:53:28,049 INFO  impl.RaftServerImpl (RaftServerImpl.java:start(180)) - 21c11074-c061-4199-a5c5-e5d1047c631d: start group-020269296A02
2019-07-14 06:53:28,051 INFO  impl.RaftServerImpl (RaftServerImpl.java:setRole(171)) - 21c11074-c061-4199-a5c5-e5d1047c631d:group-020269296A02 changes role from null to FOLLOWER at term 0 for startAsFollower
2019-07-14 06:53:28,053 INFO  impl.RoleInfo (RoleInfo.java:updateAndGet(143)) - 21c11074-c061-4199-a5c5-e5d1047c631d: start FollowerState
2019-07-14 06:53:28,055 INFO  util.JmxRegister (JmxRegister.java:tryRegister(44)) - Successfully registered JMX Bean with object name Ratis:service=RaftServer,group=group-020269296A02,id=21c11074-c061-4199-a5c5-e5d1047c631d
2019-07-14 06:53:28,118 INFO  pipeline.PipelineStateManager (PipelineStateManager.java:addPipeline(56)) - Created pipeline Pipeline[ Id: b0ded695-8aaf-4990-828d-020269296a02, Nodes: 21c11074-c061-4199-a5c5-e5d1047c631d{ip: 192.168.5.144, host: trunk-nightly-8c95p-1540871953, networkLocation: /default-rack, certSerialId: null}, Type:RATIS, Factor:ONE, State:OPEN]
2019-07-14 06:53:28,143 INFO  impl.RaftServerProxy (RaftServerProxy.java:addNew(89)) - ced4ce4a-19c0-4cac-897b-288d0e2520b1: addNew group-AA5DA679A3B7:[ced4ce4a-19c0-4cac-897b-288d0e2520b1:192.168.5.144:39922] returns group-AA5DA679A3B7:java.util.concurrent.CompletableFuture@54082cb5[Not completed]
2019-07-14 06:53:28,172 INFO  ozone.MiniOzoneClusterImpl (MiniOzoneClusterImpl.java:lambda$waitForClusterToBeReady$0(142)) - Waiting for cluster to be ready. Got 6 of 7 DN Heartbeats.
2019-07-14 06:53:28,184 INFO  impl.RaftServerImpl (RaftServerImpl.java:<init>(93)) - ced4ce4a-19c0-4cac-897b-288d0e2520b1: new RaftServerImpl for group-AA5DA679A3B7:[ced4ce4a-19c0-4cac-897b-288d0e2520b1:192.168.5.144:39922] with ContainerStateMachine:uninitialized
2019-07-14 06:53:28,186 INFO  server.RaftServerConfigKeys (ConfUtils.java:logGet(43)) - raft.server.rpc.timeout.min = 5s (custom)
2019-07-14 06:53:28,187 INFO  server.RaftServerConfigKeys (ConfUtils.java:logGet(43)) - raft.server.rpc.timeout.max = 5200ms (custom)
2019-07-14 06:53:28,187 INFO  server.RaftServerConfigKeys (ConfUtils.java:logGet(43)) - raft.server.rpcslowness.timeout = 120s (custom)
2019-07-14 06:53:28,187 INFO  server.RaftServerConfigKeys (ConfUtils.java:logGet(43)) - raft.server.sleep.deviation.threshold = 300 (default)
2019-07-14 06:53:28,187 INFO  server.RaftServerConfigKeys (ConfUtils.java:logGet(43)) - raft.server.log.appender.install.snapshot.enabled = false (custom)
2019-07-14 06:53:28,187 INFO  node.SCMNodeManager (SCMNodeManager.java:register(269)) - Registered Data node : 9df94194-a88f-471a-ad97-294777adf0f4{ip: 192.168.5.144, host: trunk-nightly-8c95p-1540871953, networkLocation: /default-rack, certSerialId: null}
2019-07-14 06:53:28,187 INFO  impl.RaftServerImpl (ServerState.java:<init>(105)) - ced4ce4a-19c0-4cac-897b-288d0e2520b1:group-AA5DA679A3B7 ConfigurationManager, init=-1: [ced4ce4a-19c0-4cac-897b-288d0e2520b1:192.168.5.144:39922], old=null, confs=<EMPTY_MAP>
2019-07-14 06:53:28,188 INFO  server.RaftServerConfigKeys (ConfUtils.java:logGet(43)) - raft.server.storage.dir = [/tmp/workdir/hadoop-ozone/integration-test/target/test-dir/MiniOzoneClusterImpl-d50571e5-2990-423a-9baf-60008d75fde6/datanode-1/data/ratis] (custom)
2019-07-14 06:53:28,188 INFO  storage.RaftStorageDirectory (RaftStorageDirectory.java:analyzeStorage(246)) - The storage directory /tmp/workdir/hadoop-ozone/integration-test/target/test-dir/MiniOzoneClusterImpl-d50571e5-2990-423a-9baf-60008d75fde6/datanode-1/data/ratis/7d37a95f-8b29-4e0f-9203-aa5da679a3b7 does not exist. Creating ...
2019-07-14 06:53:28,201 INFO  storage.RaftStorageDirectory (RaftStorageDirectory.java:tryLock(328)) - Lock on /tmp/workdir/hadoop-ozone/integration-test/target/test-dir/MiniOzoneClusterImpl-d50571e5-2990-423a-9baf-60008d75fde6/datanode-1/data/ratis/7d37a95f-8b29-4e0f-9203-aa5da679a3b7/in_use.lock acquired by nodename 12199@trunk-nightly-8c95p-1540871953
2019-07-14 06:53:28,204 INFO  storage.RaftStorage (RaftStorage.java:format(72)) - Storage directory /tmp/workdir/hadoop-ozone/integration-test/target/test-dir/MiniOzoneClusterImpl-d50571e5-2990-423a-9baf-60008d75fde6/datanode-1/data/ratis/7d37a95f-8b29-4e0f-9203-aa5da679a3b7 has been successfully formatted.
2019-07-14 06:53:28,205 INFO  ratis.ContainerStateMachine (ContainerStateMachine.java:loadSnapshot(200)) - group-AA5DA679A3B7: The snapshot info is null. Setting the last applied indexto:(t:0, i:~)
2019-07-14 06:53:28,207 INFO  server.RaftServerConfigKeys (ConfUtils.java:logGet(43)) - raft.server.leader.election.timeout = 120s (custom)
2019-07-14 06:53:28,207 INFO  server.RaftServerConfigKeys (ConfUtils.java:logGet(43)) - raft.server.log.use.memory = false (default)
2019-07-14 06:53:28,207 INFO  server.RaftServerConfigKeys (ConfUtils.java:logGet(43)) - raft.server.log.purge.gap = 1000000000 (custom)
2019-07-14 06:53:28,207 INFO  server.RaftServerConfigKeys (ConfUtils.java:logGet(43)) - raft.server.log.appender.buffer.byte-limit = 33554432 (custom)
2019-07-14 06:53:28,207 INFO  server.RaftServerConfigKeys (ConfUtils.java:logGet(43)) - raft.server.log.segment.size.max = 1048576 (custom)
2019-07-14 06:53:28,207 INFO  server.RaftServerConfigKeys (ConfUtils.java:logGet(43)) - raft.server.log.segment.cache.num.max = 2 (custom)
2019-07-14 06:53:28,208 INFO  segmented.SegmentedRaftLogWorker (SegmentedRaftLogWorker.java:<init>(172)) - new ced4ce4a-19c0-4cac-897b-288d0e2520b1-SegmentedRaftLogWorker:Storage Directory /tmp/workdir/hadoop-ozone/integration-test/target/test-dir/MiniOzoneClusterImpl-d50571e5-2990-423a-9baf-60008d75fde6/datanode-1/data/ratis/7d37a95f-8b29-4e0f-9203-aa5da679a3b7 for RaftStorage:Storage Directory /tmp/workdir/hadoop-ozone/integration-test/target/test-dir/MiniOzoneClusterImpl-d50571e5-2990-423a-9baf-60008d75fde6/datanode-1/data/ratis/7d37a95f-8b29-4e0f-9203-aa5da679a3b7
2019-07-14 06:53:28,209 INFO  server.RaftServerConfigKeys (ConfUtils.java:logGet(43)) - raft.server.log.queue.byte-limit = 2147483647 (custom)
2019-07-14 06:53:28,209 INFO  server.RaftServerConfigKeys (ConfUtils.java:logGet(43)) - raft.server.log.queue.element-limit = 1024 (custom)
2019-07-14 06:53:28,209 INFO  server.RaftServerConfigKeys (ConfUtils.java:logGet(43)) - raft.server.log.segment.size.max = 1048576 (custom)
2019-07-14 06:53:28,209 INFO  server.RaftServerConfigKeys (ConfUtils.java:logGet(43)) - raft.server.log.preallocated.size = 16384 (custom)
2019-07-14 06:53:28,210 INFO  server.RaftServerConfigKeys (ConfUtils.java:logGet(43)) - raft.server.log.write.buffer.size = 33554432 (custom)
2019-07-14 06:53:28,210 INFO  server.RaftServerConfigKeys (ConfUtils.java:logGet(43)) - raft.server.log.force.sync.num = 128 (default)
2019-07-14 06:53:28,210 INFO  server.RaftServerConfigKeys (ConfUtils.java:logGet(43)) - raft.server.log.statemachine.data.sync = true (default)
2019-07-14 06:53:28,210 INFO  server.RaftServerConfigKeys (ConfUtils.java:logGet(43)) - raft.server.log.statemachine.data.sync.timeout = 10s (default)
2019-07-14 06:53:28,210 INFO  server.RaftServerConfigKeys (ConfUtils.java:logGet(43)) - raft.server.log.statemachine.data.sync.timeout.retry = -1 (default)
2019-07-14 06:53:28,211 INFO  server.RaftServerConfigKeys (ConfUtils.java:logGet(43)) - raft.server.log.statemachine.data.caching.enabled = true (custom)
2019-07-14 06:53:28,211 INFO  segmented.SegmentedRaftLogWorker (SegmentedRaftLogWorker.java:lambda$new$0(132)) - ced4ce4a-19c0-4cac-897b-288d0e2520b1-SegmentedRaftLogWorker:Storage Directory /tmp/workdir/hadoop-ozone/integration-test/target/test-dir/MiniOzoneClusterImpl-d50571e5-2990-423a-9baf-60008d75fde6/datanode-1/data/ratis/7d37a95f-8b29-4e0f-9203-aa5da679a3b7: flushIndex: setUnconditionally 0 -> -1
2019-07-14 06:53:28,211 INFO  server.RaftServerConfigKeys (ConfUtils.java:logGet(43)) - raft.server.snapshot.auto.trigger.enabled = true (custom)
2019-07-14 06:53:28,212 INFO  server.RaftServerConfigKeys (ConfUtils.java:logGet(43)) - raft.server.snapshot.auto.trigger.threshold = 10000 (custom)
2019-07-14 06:53:28,212 INFO  server.RaftServerConfigKeys (ConfUtils.java:logGet(43)) - raft.server.retrycache.expirytime = 600000ms (custom)
2019-07-14 06:53:28,212 INFO  impl.RaftServerImpl (RaftServerImpl.java:start(180)) - ced4ce4a-19c0-4cac-897b-288d0e2520b1: start group-AA5DA679A3B7
2019-07-14 06:53:28,212 INFO  impl.RaftServerImpl (RaftServerImpl.java:setRole(171)) - ced4ce4a-19c0-4cac-897b-288d0e2520b1:group-AA5DA679A3B7 changes role from null to FOLLOWER at term 0 for startAsFollower
2019-07-14 06:53:28,212 INFO  impl.RoleInfo (RoleInfo.java:updateAndGet(143)) - ced4ce4a-19c0-4cac-897b-288d0e2520b1: start FollowerState
2019-07-14 06:53:28,214 INFO  util.JmxRegister (JmxRegister.java:tryRegister(44)) - Successfully registered JMX Bean with object name Ratis:service=RaftServer,group=group-AA5DA679A3B7,id=ced4ce4a-19c0-4cac-897b-288d0e2520b1
2019-07-14 06:53:28,226 INFO  pipeline.PipelineStateManager (PipelineStateManager.java:addPipeline(56)) - Created pipeline Pipeline[ Id: 7d37a95f-8b29-4e0f-9203-aa5da679a3b7, Nodes: ced4ce4a-19c0-4cac-897b-288d0e2520b1{ip: 192.168.5.144, host: trunk-nightly-8c95p-1540871953, networkLocation: /default-rack, certSerialId: null}, Type:RATIS, Factor:ONE, State:OPEN]
2019-07-14 06:53:28,249 INFO  impl.RaftServerProxy (RaftServerProxy.java:addNew(89)) - 456e4f0a-b3c9-49c2-9fd7-0f964256b228: addNew group-9F7B3BCD7010:[456e4f0a-b3c9-49c2-9fd7-0f964256b228:192.168.5.144:35386] returns group-9F7B3BCD7010:java.util.concurrent.CompletableFuture@271942bc[Not completed]
2019-07-14 06:53:28,258 INFO  impl.RaftServerImpl (RaftServerImpl.java:<init>(93)) - 456e4f0a-b3c9-49c2-9fd7-0f964256b228: new RaftServerImpl for group-9F7B3BCD7010:[456e4f0a-b3c9-49c2-9fd7-0f964256b228:192.168.5.144:35386] with ContainerStateMachine:uninitialized
2019-07-14 06:53:28,259 INFO  server.RaftServerConfigKeys (ConfUtils.java:logGet(43)) - raft.server.rpc.timeout.min = 5s (custom)
2019-07-14 06:53:28,260 INFO  server.RaftServerConfigKeys (ConfUtils.java:logGet(43)) - raft.server.rpc.timeout.max = 5200ms (custom)
2019-07-14 06:53:28,260 INFO  server.RaftServerConfigKeys (ConfUtils.java:logGet(43)) - raft.server.rpcslowness.timeout = 120s (custom)
2019-07-14 06:53:28,260 INFO  server.RaftServerConfigKeys (ConfUtils.java:logGet(43)) - raft.server.sleep.deviation.threshold = 300 (default)
2019-07-14 06:53:28,260 INFO  server.RaftServerConfigKeys (ConfUtils.java:logGet(43)) - raft.server.log.appender.install.snapshot.enabled = false (custom)
2019-07-14 06:53:28,260 INFO  impl.RaftServerImpl (ServerState.java:<init>(105)) - 456e4f0a-b3c9-49c2-9fd7-0f964256b228:group-9F7B3BCD7010 ConfigurationManager, init=-1: [456e4f0a-b3c9-49c2-9fd7-0f964256b228:192.168.5.144:35386], old=null, confs=<EMPTY_MAP>
2019-07-14 06:53:28,261 INFO  server.RaftServerConfigKeys (ConfUtils.java:logGet(43)) - raft.server.storage.dir = [/tmp/workdir/hadoop-ozone/integration-test/target/test-dir/MiniOzoneClusterImpl-d50571e5-2990-423a-9baf-60008d75fde6/datanode-4/data/ratis] (custom)
2019-07-14 06:53:28,261 INFO  storage.RaftStorageDirectory (RaftStorageDirectory.java:analyzeStorage(246)) - The storage directory /tmp/workdir/hadoop-ozone/integration-test/target/test-dir/MiniOzoneClusterImpl-d50571e5-2990-423a-9baf-60008d75fde6/datanode-4/data/ratis/da06135c-f524-4d70-8eaa-9f7b3bcd7010 does not exist. Creating ...
2019-07-14 06:53:28,266 INFO  storage.RaftStorageDirectory (RaftStorageDirectory.java:tryLock(328)) - Lock on /tmp/workdir/hadoop-ozone/integration-test/target/test-dir/MiniOzoneClusterImpl-d50571e5-2990-423a-9baf-60008d75fde6/datanode-4/data/ratis/da06135c-f524-4d70-8eaa-9f7b3bcd7010/in_use.lock acquired by nodename 12199@trunk-nightly-8c95p-1540871953
2019-07-14 06:53:28,269 INFO  storage.RaftStorage (RaftStorage.java:format(72)) - Storage directory /tmp/workdir/hadoop-ozone/integration-test/target/test-dir/MiniOzoneClusterImpl-d50571e5-2990-423a-9baf-60008d75fde6/datanode-4/data/ratis/da06135c-f524-4d70-8eaa-9f7b3bcd7010 has been successfully formatted.
2019-07-14 06:53:28,269 INFO  ratis.ContainerStateMachine (ContainerStateMachine.java:loadSnapshot(200)) - group-9F7B3BCD7010: The snapshot info is null. Setting the last applied indexto:(t:0, i:~)
2019-07-14 06:53:28,270 INFO  server.RaftServerConfigKeys (ConfUtils.java:logGet(43)) - raft.server.leader.election.timeout = 120s (custom)
2019-07-14 06:53:28,270 INFO  server.RaftServerConfigKeys (ConfUtils.java:logGet(43)) - raft.server.log.use.memory = false (default)
2019-07-14 06:53:28,270 INFO  server.RaftServerConfigKeys (ConfUtils.java:logGet(43)) - raft.server.log.purge.gap = 1000000000 (custom)
2019-07-14 06:53:28,270 INFO  server.RaftServerConfigKeys (ConfUtils.java:logGet(43)) - raft.server.log.appender.buffer.byte-limit = 33554432 (custom)
2019-07-14 06:53:28,270 INFO  server.RaftServerConfigKeys (ConfUtils.java:logGet(43)) - raft.server.log.segment.size.max = 1048576 (custom)
2019-07-14 06:53:28,271 INFO  server.RaftServerConfigKeys (ConfUtils.java:logGet(43)) - raft.server.log.segment.cache.num.max = 2 (custom)
2019-07-14 06:53:28,271 INFO  segmented.SegmentedRaftLogWorker (SegmentedRaftLogWorker.java:<init>(172)) - new 456e4f0a-b3c9-49c2-9fd7-0f964256b228-SegmentedRaftLogWorker:Storage Directory /tmp/workdir/hadoop-ozone/integration-test/target/test-dir/MiniOzoneClusterImpl-d50571e5-2990-423a-9baf-60008d75fde6/datanode-4/data/ratis/da06135c-f524-4d70-8eaa-9f7b3bcd7010 for RaftStorage:Storage Directory /tmp/workdir/hadoop-ozone/integration-test/target/test-dir/MiniOzoneClusterImpl-d50571e5-2990-423a-9baf-60008d75fde6/datanode-4/data/ratis/da06135c-f524-4d70-8eaa-9f7b3bcd7010
2019-07-14 06:53:28,271 INFO  server.RaftServerConfigKeys (ConfUtils.java:logGet(43)) - raft.server.log.queue.byte-limit = 2147483647 (custom)
2019-07-14 06:53:28,271 INFO  server.RaftServerConfigKeys (ConfUtils.java:logGet(43)) - raft.server.log.queue.element-limit = 1024 (custom)
2019-07-14 06:53:28,271 INFO  server.RaftServerConfigKeys (ConfUtils.java:logGet(43)) - raft.server.log.segment.size.max = 1048576 (custom)
2019-07-14 06:53:28,272 INFO  server.RaftServerConfigKeys (ConfUtils.java:logGet(43)) - raft.server.log.preallocated.size = 16384 (custom)
2019-07-14 06:53:28,272 INFO  server.RaftServerConfigKeys (ConfUtils.java:logGet(43)) - raft.server.log.write.buffer.size = 33554432 (custom)
2019-07-14 06:53:28,272 INFO  server.RaftServerConfigKeys (ConfUtils.java:logGet(43)) - raft.server.log.force.sync.num = 128 (default)
2019-07-14 06:53:28,272 INFO  server.RaftServerConfigKeys (ConfUtils.java:logGet(43)) - raft.server.log.statemachine.data.sync = true (default)
2019-07-14 06:53:28,272 INFO  server.RaftServerConfigKeys (ConfUtils.java:logGet(43)) - raft.server.log.statemachine.data.sync.timeout = 10s (default)
2019-07-14 06:53:28,273 INFO  server.RaftServerConfigKeys (ConfUtils.java:logGet(43)) - raft.server.log.statemachine.data.sync.timeout.retry = -1 (default)
2019-07-14 06:53:28,273 INFO  server.RaftServerConfigKeys (ConfUtils.java:logGet(43)) - raft.server.log.statemachine.data.caching.enabled = true (custom)
2019-07-14 06:53:28,274 INFO  segmented.SegmentedRaftLogWorker (SegmentedRaftLogWorker.java:lambda$new$0(132)) - 456e4f0a-b3c9-49c2-9fd7-0f964256b228-SegmentedRaftLogWorker:Storage Directory /tmp/workdir/hadoop-ozone/integration-test/target/test-dir/MiniOzoneClusterImpl-d50571e5-2990-423a-9baf-60008d75fde6/datanode-4/data/ratis/da06135c-f524-4d70-8eaa-9f7b3bcd7010: flushIndex: setUnconditionally 0 -> -1
2019-07-14 06:53:28,274 INFO  server.RaftServerConfigKeys (ConfUtils.java:logGet(43)) - raft.server.snapshot.auto.trigger.enabled = true (custom)
2019-07-14 06:53:28,274 INFO  server.RaftServerConfigKeys (ConfUtils.java:logGet(43)) - raft.server.snapshot.auto.trigger.threshold = 10000 (custom)
2019-07-14 06:53:28,274 INFO  server.RaftServerConfigKeys (ConfUtils.java:logGet(43)) - raft.server.retrycache.expirytime = 600000ms (custom)
2019-07-14 06:53:28,275 INFO  impl.RaftServerImpl (RaftServerImpl.java:start(180)) - 456e4f0a-b3c9-49c2-9fd7-0f964256b228: start group-9F7B3BCD7010
2019-07-14 06:53:28,275 INFO  impl.RaftServerImpl (RaftServerImpl.java:setRole(171)) - 456e4f0a-b3c9-49c2-9fd7-0f964256b228:group-9F7B3BCD7010 changes role from null to FOLLOWER at term 0 for startAsFollower
2019-07-14 06:53:28,275 INFO  impl.RoleInfo (RoleInfo.java:updateAndGet(143)) - 456e4f0a-b3c9-49c2-9fd7-0f964256b228: start FollowerState
2019-07-14 06:53:28,276 INFO  util.JmxRegister (JmxRegister.java:tryRegister(44)) - Successfully registered JMX Bean with object name Ratis:service=RaftServer,group=group-9F7B3BCD7010,id=456e4f0a-b3c9-49c2-9fd7-0f964256b228
2019-07-14 06:53:28,286 INFO  pipeline.PipelineStateManager (PipelineStateManager.java:addPipeline(56)) - Created pipeline Pipeline[ Id: da06135c-f524-4d70-8eaa-9f7b3bcd7010, Nodes: 456e4f0a-b3c9-49c2-9fd7-0f964256b228{ip: 192.168.5.144, host: trunk-nightly-8c95p-1540871953, networkLocation: /default-rack, certSerialId: null}, Type:RATIS, Factor:ONE, State:OPEN]
2019-07-14 06:53:28,307 INFO  impl.RaftServerProxy (RaftServerProxy.java:addNew(89)) - 9df94194-a88f-471a-ad97-294777adf0f4: addNew group-BBE5FCFDA00E:[9df94194-a88f-471a-ad97-294777adf0f4:192.168.5.144:40187] returns group-BBE5FCFDA00E:java.util.concurrent.CompletableFuture@5349cc3c[Not completed]
2019-07-14 06:53:28,308 INFO  impl.RaftServerImpl (RaftServerImpl.java:<init>(93)) - 9df94194-a88f-471a-ad97-294777adf0f4: new RaftServerImpl for group-BBE5FCFDA00E:[9df94194-a88f-471a-ad97-294777adf0f4:192.168.5.144:40187] with ContainerStateMachine:uninitialized
2019-07-14 06:53:28,309 INFO  server.RaftServerConfigKeys (ConfUtils.java:logGet(43)) - raft.server.rpc.timeout.min = 5s (custom)
2019-07-14 06:53:28,309 INFO  server.RaftServerConfigKeys (ConfUtils.java:logGet(43)) - raft.server.rpc.timeout.max = 5200ms (custom)
2019-07-14 06:53:28,309 INFO  server.RaftServerConfigKeys (ConfUtils.java:logGet(43)) - raft.server.rpcslowness.timeout = 120s (custom)
2019-07-14 06:53:28,309 INFO  server.RaftServerConfigKeys (ConfUtils.java:logGet(43)) - raft.server.sleep.deviation.threshold = 300 (default)
2019-07-14 06:53:28,310 INFO  server.RaftServerConfigKeys (ConfUtils.java:logGet(43)) - raft.server.log.appender.install.snapshot.enabled = false (custom)
2019-07-14 06:53:28,310 INFO  impl.RaftServerImpl (ServerState.java:<init>(105)) - 9df94194-a88f-471a-ad97-294777adf0f4:group-BBE5FCFDA00E ConfigurationManager, init=-1: [9df94194-a88f-471a-ad97-294777adf0f4:192.168.5.144:40187], old=null, confs=<EMPTY_MAP>
2019-07-14 06:53:28,310 INFO  server.RaftServerConfigKeys (ConfUtils.java:logGet(43)) - raft.server.storage.dir = [/tmp/workdir/hadoop-ozone/integration-test/target/test-dir/MiniOzoneClusterImpl-d50571e5-2990-423a-9baf-60008d75fde6/datanode-6/data/ratis] (custom)
2019-07-14 06:53:28,310 INFO  storage.RaftStorageDirectory (RaftStorageDirectory.java:analyzeStorage(246)) - The storage directory /tmp/workdir/hadoop-ozone/integration-test/target/test-dir/MiniOzoneClusterImpl-d50571e5-2990-423a-9baf-60008d75fde6/datanode-6/data/ratis/787206f9-6d8b-4cc4-9cde-bbe5fcfda00e does not exist. Creating ...
2019-07-14 06:53:28,321 INFO  storage.RaftStorageDirectory (RaftStorageDirectory.java:tryLock(328)) - Lock on /tmp/workdir/hadoop-ozone/integration-test/target/test-dir/MiniOzoneClusterImpl-d50571e5-2990-423a-9baf-60008d75fde6/datanode-6/data/ratis/787206f9-6d8b-4cc4-9cde-bbe5fcfda00e/in_use.lock acquired by nodename 12199@trunk-nightly-8c95p-1540871953
2019-07-14 06:53:28,324 INFO  storage.RaftStorage (RaftStorage.java:format(72)) - Storage directory /tmp/workdir/hadoop-ozone/integration-test/target/test-dir/MiniOzoneClusterImpl-d50571e5-2990-423a-9baf-60008d75fde6/datanode-6/data/ratis/787206f9-6d8b-4cc4-9cde-bbe5fcfda00e has been successfully formatted.
2019-07-14 06:53:28,325 INFO  ratis.ContainerStateMachine (ContainerStateMachine.java:loadSnapshot(200)) - group-BBE5FCFDA00E: The snapshot info is null. Setting the last applied indexto:(t:0, i:~)
2019-07-14 06:53:28,325 INFO  server.RaftServerConfigKeys (ConfUtils.java:logGet(43)) - raft.server.leader.election.timeout = 120s (custom)
2019-07-14 06:53:28,325 INFO  server.RaftServerConfigKeys (ConfUtils.java:logGet(43)) - raft.server.log.use.memory = false (default)
2019-07-14 06:53:28,325 INFO  server.RaftServerConfigKeys (ConfUtils.java:logGet(43)) - raft.server.log.purge.gap = 1000000000 (custom)
2019-07-14 06:53:28,325 INFO  server.RaftServerConfigKeys (ConfUtils.java:logGet(43)) - raft.server.log.appender.buffer.byte-limit = 33554432 (custom)
2019-07-14 06:53:28,325 INFO  server.RaftServerConfigKeys (ConfUtils.java:logGet(43)) - raft.server.log.segment.size.max = 1048576 (custom)
2019-07-14 06:53:28,325 INFO  server.RaftServerConfigKeys (ConfUtils.java:logGet(43)) - raft.server.log.segment.cache.num.max = 2 (custom)
2019-07-14 06:53:28,326 INFO  segmented.SegmentedRaftLogWorker (SegmentedRaftLogWorker.java:<init>(172)) - new 9df94194-a88f-471a-ad97-294777adf0f4-SegmentedRaftLogWorker:Storage Directory /tmp/workdir/hadoop-ozone/integration-test/target/test-dir/MiniOzoneClusterImpl-d50571e5-2990-423a-9baf-60008d75fde6/datanode-6/data/ratis/787206f9-6d8b-4cc4-9cde-bbe5fcfda00e for RaftStorage:Storage Directory /tmp/workdir/hadoop-ozone/integration-test/target/test-dir/MiniOzoneClusterImpl-d50571e5-2990-423a-9baf-60008d75fde6/datanode-6/data/ratis/787206f9-6d8b-4cc4-9cde-bbe5fcfda00e
2019-07-14 06:53:28,326 INFO  server.RaftServerConfigKeys (ConfUtils.java:logGet(43)) - raft.server.log.queue.byte-limit = 2147483647 (custom)
2019-07-14 06:53:28,326 INFO  server.RaftServerConfigKeys (ConfUtils.java:logGet(43)) - raft.server.log.queue.element-limit = 1024 (custom)
2019-07-14 06:53:28,326 INFO  server.RaftServerConfigKeys (ConfUtils.java:logGet(43)) - raft.server.log.segment.size.max = 1048576 (custom)
2019-07-14 06:53:28,326 INFO  server.RaftServerConfigKeys (ConfUtils.java:logGet(43)) - raft.server.log.preallocated.size = 16384 (custom)
2019-07-14 06:53:28,326 INFO  server.RaftServerConfigKeys (ConfUtils.java:logGet(43)) - raft.server.log.write.buffer.size = 33554432 (custom)
2019-07-14 06:53:28,326 INFO  server.RaftServerConfigKeys (ConfUtils.java:logGet(43)) - raft.server.log.force.sync.num = 128 (default)
2019-07-14 06:53:28,327 INFO  server.RaftServerConfigKeys (ConfUtils.java:logGet(43)) - raft.server.log.statemachine.data.sync = true (default)
2019-07-14 06:53:28,327 INFO  server.RaftServerConfigKeys (ConfUtils.java:logGet(43)) - raft.server.log.statemachine.data.sync.timeout = 10s (default)
2019-07-14 06:53:28,327 INFO  server.RaftServerConfigKeys (ConfUtils.java:logGet(43)) - raft.server.log.statemachine.data.sync.timeout.retry = -1 (default)
2019-07-14 06:53:28,327 INFO  server.RaftServerConfigKeys (ConfUtils.java:logGet(43)) - raft.server.log.statemachine.data.caching.enabled = true (custom)
2019-07-14 06:53:28,327 INFO  segmented.SegmentedRaftLogWorker (SegmentedRaftLogWorker.java:lambda$new$0(132)) - 9df94194-a88f-471a-ad97-294777adf0f4-SegmentedRaftLogWorker:Storage Directory /tmp/workdir/hadoop-ozone/integration-test/target/test-dir/MiniOzoneClusterImpl-d50571e5-2990-423a-9baf-60008d75fde6/datanode-6/data/ratis/787206f9-6d8b-4cc4-9cde-bbe5fcfda00e: flushIndex: setUnconditionally 0 -> -1
2019-07-14 06:53:28,328 INFO  server.RaftServerConfigKeys (ConfUtils.java:logGet(43)) - raft.server.snapshot.auto.trigger.enabled = true (custom)
2019-07-14 06:53:28,328 INFO  server.RaftServerConfigKeys (ConfUtils.java:logGet(43)) - raft.server.snapshot.auto.trigger.threshold = 10000 (custom)
2019-07-14 06:53:28,328 INFO  server.RaftServerConfigKeys (ConfUtils.java:logGet(43)) - raft.server.retrycache.expirytime = 600000ms (custom)
2019-07-14 06:53:28,328 INFO  impl.RaftServerImpl (RaftServerImpl.java:start(180)) - 9df94194-a88f-471a-ad97-294777adf0f4: start group-BBE5FCFDA00E
2019-07-14 06:53:28,328 INFO  impl.RaftServerImpl (RaftServerImpl.java:setRole(171)) - 9df94194-a88f-471a-ad97-294777adf0f4:group-BBE5FCFDA00E changes role from null to FOLLOWER at term 0 for startAsFollower
2019-07-14 06:53:28,328 INFO  impl.RoleInfo (RoleInfo.java:updateAndGet(143)) - 9df94194-a88f-471a-ad97-294777adf0f4: start FollowerState
2019-07-14 06:53:28,329 INFO  util.JmxRegister (JmxRegister.java:tryRegister(44)) - Successfully registered JMX Bean with object name Ratis:service=RaftServer,group=group-BBE5FCFDA00E,id=9df94194-a88f-471a-ad97-294777adf0f4
2019-07-14 06:53:28,339 INFO  pipeline.PipelineStateManager (PipelineStateManager.java:addPipeline(56)) - Created pipeline Pipeline[ Id: 787206f9-6d8b-4cc4-9cde-bbe5fcfda00e, Nodes: 9df94194-a88f-471a-ad97-294777adf0f4{ip: 192.168.5.144, host: trunk-nightly-8c95p-1540871953, networkLocation: /default-rack, certSerialId: null}, Type:RATIS, Factor:ONE, State:OPEN]
2019-07-14 06:53:28,359 INFO  impl.RaftServerProxy (RaftServerProxy.java:addNew(89)) - cbefb6a9-63b0-4f45-83d7-16351731a333: addNew group-53B728F2476F:[cbefb6a9-63b0-4f45-83d7-16351731a333:192.168.5.144:38159] returns group-53B728F2476F:java.util.concurrent.CompletableFuture@25e81ee9[Not completed]
2019-07-14 06:53:28,361 INFO  impl.RaftServerImpl (RaftServerImpl.java:<init>(93)) - cbefb6a9-63b0-4f45-83d7-16351731a333: new RaftServerImpl for group-53B728F2476F:[cbefb6a9-63b0-4f45-83d7-16351731a333:192.168.5.144:38159] with ContainerStateMachine:uninitialized
2019-07-14 06:53:28,363 INFO  server.RaftServerConfigKeys (ConfUtils.java:logGet(43)) - raft.server.rpc.timeout.min = 5s (custom)
2019-07-14 06:53:28,363 INFO  server.RaftServerConfigKeys (ConfUtils.java:logGet(43)) - raft.server.rpc.timeout.max = 5200ms (custom)
2019-07-14 06:53:28,364 INFO  server.RaftServerConfigKeys (ConfUtils.java:logGet(43)) - raft.server.rpcslowness.timeout = 120s (custom)
2019-07-14 06:53:28,364 INFO  server.RaftServerConfigKeys (ConfUtils.java:logGet(43)) - raft.server.sleep.deviation.threshold = 300 (default)
2019-07-14 06:53:28,364 INFO  server.RaftServerConfigKeys (ConfUtils.java:logGet(43)) - raft.server.log.appender.install.snapshot.enabled = false (custom)
2019-07-14 06:53:28,364 INFO  impl.RaftServerImpl (ServerState.java:<init>(105)) - cbefb6a9-63b0-4f45-83d7-16351731a333:group-53B728F2476F ConfigurationManager, init=-1: [cbefb6a9-63b0-4f45-83d7-16351731a333:192.168.5.144:38159], old=null, confs=<EMPTY_MAP>
2019-07-14 06:53:28,364 INFO  server.RaftServerConfigKeys (ConfUtils.java:logGet(43)) - raft.server.storage.dir = [/tmp/workdir/hadoop-ozone/integration-test/target/test-dir/MiniOzoneClusterImpl-d50571e5-2990-423a-9baf-60008d75fde6/datanode-3/data/ratis] (custom)
2019-07-14 06:53:28,365 INFO  storage.RaftStorageDirectory (RaftStorageDirectory.java:analyzeStorage(246)) - The storage directory /tmp/workdir/hadoop-ozone/integration-test/target/test-dir/MiniOzoneClusterImpl-d50571e5-2990-423a-9baf-60008d75fde6/datanode-3/data/ratis/4c05b1ea-6c2b-41b1-a2ac-53b728f2476f does not exist. Creating ...
2019-07-14 06:53:28,376 INFO  storage.RaftStorageDirectory (RaftStorageDirectory.java:tryLock(328)) - Lock on /tmp/workdir/hadoop-ozone/integration-test/target/test-dir/MiniOzoneClusterImpl-d50571e5-2990-423a-9baf-60008d75fde6/datanode-3/data/ratis/4c05b1ea-6c2b-41b1-a2ac-53b728f2476f/in_use.lock acquired by nodename 12199@trunk-nightly-8c95p-1540871953
2019-07-14 06:53:28,381 INFO  storage.RaftStorage (RaftStorage.java:format(72)) - Storage directory /tmp/workdir/hadoop-ozone/integration-test/target/test-dir/MiniOzoneClusterImpl-d50571e5-2990-423a-9baf-60008d75fde6/datanode-3/data/ratis/4c05b1ea-6c2b-41b1-a2ac-53b728f2476f has been successfully formatted.
2019-07-14 06:53:28,382 INFO  ratis.ContainerStateMachine (ContainerStateMachine.java:loadSnapshot(200)) - group-53B728F2476F: The snapshot info is null. Setting the last applied indexto:(t:0, i:~)
2019-07-14 06:53:28,382 INFO  server.RaftServerConfigKeys (ConfUtils.java:logGet(43)) - raft.server.leader.election.timeout = 120s (custom)
2019-07-14 06:53:28,382 INFO  server.RaftServerConfigKeys (ConfUtils.java:logGet(43)) - raft.server.log.use.memory = false (default)
2019-07-14 06:53:28,382 INFO  server.RaftServerConfigKeys (ConfUtils.java:logGet(43)) - raft.server.log.purge.gap = 1000000000 (custom)
2019-07-14 06:53:28,383 INFO  server.RaftServerConfigKeys (ConfUtils.java:logGet(43)) - raft.server.log.appender.buffer.byte-limit = 33554432 (custom)
2019-07-14 06:53:28,383 INFO  server.RaftServerConfigKeys (ConfUtils.java:logGet(43)) - raft.server.log.segment.size.max = 1048576 (custom)
2019-07-14 06:53:28,383 INFO  server.RaftServerConfigKeys (ConfUtils.java:logGet(43)) - raft.server.log.segment.cache.num.max = 2 (custom)
2019-07-14 06:53:28,383 INFO  segmented.SegmentedRaftLogWorker (SegmentedRaftLogWorker.java:<init>(172)) - new cbefb6a9-63b0-4f45-83d7-16351731a333-SegmentedRaftLogWorker:Storage Directory /tmp/workdir/hadoop-ozone/integration-test/target/test-dir/MiniOzoneClusterImpl-d50571e5-2990-423a-9baf-60008d75fde6/datanode-3/data/ratis/4c05b1ea-6c2b-41b1-a2ac-53b728f2476f for RaftStorage:Storage Directory /tmp/workdir/hadoop-ozone/integration-test/target/test-dir/MiniOzoneClusterImpl-d50571e5-2990-423a-9baf-60008d75fde6/datanode-3/data/ratis/4c05b1ea-6c2b-41b1-a2ac-53b728f2476f
2019-07-14 06:53:28,383 INFO  server.RaftServerConfigKeys (ConfUtils.java:logGet(43)) - raft.server.log.queue.byte-limit = 2147483647 (custom)
2019-07-14 06:53:28,384 INFO  server.RaftServerConfigKeys (ConfUtils.java:logGet(43)) - raft.server.log.queue.element-limit = 1024 (custom)
2019-07-14 06:53:28,384 INFO  server.RaftServerConfigKeys (ConfUtils.java:logGet(43)) - raft.server.log.segment.size.max = 1048576 (custom)
2019-07-14 06:53:28,384 INFO  server.RaftServerConfigKeys (ConfUtils.java:logGet(43)) - raft.server.log.preallocated.size = 16384 (custom)
2019-07-14 06:53:28,384 INFO  server.RaftServerConfigKeys (ConfUtils.java:logGet(43)) - raft.server.log.write.buffer.size = 33554432 (custom)
2019-07-14 06:53:28,384 INFO  server.RaftServerConfigKeys (ConfUtils.java:logGet(43)) - raft.server.log.force.sync.num = 128 (default)
2019-07-14 06:53:28,385 INFO  server.RaftServerConfigKeys (ConfUtils.java:logGet(43)) - raft.server.log.statemachine.data.sync = true (default)
2019-07-14 06:53:28,385 INFO  server.RaftServerConfigKeys (ConfUtils.java:logGet(43)) - raft.server.log.statemachine.data.sync.timeout = 10s (default)
2019-07-14 06:53:28,385 INFO  server.RaftServerConfigKeys (ConfUtils.java:logGet(43)) - raft.server.log.statemachine.data.sync.timeout.retry = -1 (default)
2019-07-14 06:53:28,385 INFO  server.RaftServerConfigKeys (ConfUtils.java:logGet(43)) - raft.server.log.statemachine.data.caching.enabled = true (custom)
2019-07-14 06:53:28,386 INFO  segmented.SegmentedRaftLogWorker (SegmentedRaftLogWorker.java:lambda$new$0(132)) - cbefb6a9-63b0-4f45-83d7-16351731a333-SegmentedRaftLogWorker:Storage Directory /tmp/workdir/hadoop-ozone/integration-test/target/test-dir/MiniOzoneClusterImpl-d50571e5-2990-423a-9baf-60008d75fde6/datanode-3/data/ratis/4c05b1ea-6c2b-41b1-a2ac-53b728f2476f: flushIndex: setUnconditionally 0 -> -1
2019-07-14 06:53:28,386 INFO  server.RaftServerConfigKeys (ConfUtils.java:logGet(43)) - raft.server.snapshot.auto.trigger.enabled = true (custom)
2019-07-14 06:53:28,386 INFO  server.RaftServerConfigKeys (ConfUtils.java:logGet(43)) - raft.server.snapshot.auto.trigger.threshold = 10000 (custom)
2019-07-14 06:53:28,387 INFO  server.RaftServerConfigKeys (ConfUtils.java:logGet(43)) - raft.server.retrycache.expirytime = 600000ms (custom)
2019-07-14 06:53:28,387 INFO  impl.RaftServerImpl (RaftServerImpl.java:start(180)) - cbefb6a9-63b0-4f45-83d7-16351731a333: start group-53B728F2476F
2019-07-14 06:53:28,387 INFO  impl.RaftServerImpl (RaftServerImpl.java:setRole(171)) - cbefb6a9-63b0-4f45-83d7-16351731a333:group-53B728F2476F changes role from null to FOLLOWER at term 0 for startAsFollower
2019-07-14 06:53:28,387 INFO  impl.RoleInfo (RoleInfo.java:updateAndGet(143)) - cbefb6a9-63b0-4f45-83d7-16351731a333: start FollowerState
2019-07-14 06:53:28,388 INFO  util.JmxRegister (JmxRegister.java:tryRegister(44)) - Successfully registered JMX Bean with object name Ratis:service=RaftServer,group=group-53B728F2476F,id=cbefb6a9-63b0-4f45-83d7-16351731a333
2019-07-14 06:53:28,401 INFO  pipeline.PipelineStateManager (PipelineStateManager.java:addPipeline(56)) - Created pipeline Pipeline[ Id: 4c05b1ea-6c2b-41b1-a2ac-53b728f2476f, Nodes: cbefb6a9-63b0-4f45-83d7-16351731a333{ip: 192.168.5.144, host: trunk-nightly-8c95p-1540871953, networkLocation: /default-rack, certSerialId: null}, Type:RATIS, Factor:ONE, State:OPEN]
2019-07-14 06:53:28,428 INFO  impl.RaftServerProxy (RaftServerProxy.java:addNew(89)) - ee47d561-0e1f-4a81-ab74-3db013f51d41: addNew group-15D21720E4AE:[ee47d561-0e1f-4a81-ab74-3db013f51d41:192.168.5.144:36791] returns group-15D21720E4AE:java.util.concurrent.CompletableFuture@297a5570[Not completed]
2019-07-14 06:53:28,430 INFO  impl.RaftServerImpl (RaftServerImpl.java:<init>(93)) - ee47d561-0e1f-4a81-ab74-3db013f51d41: new RaftServerImpl for group-15D21720E4AE:[ee47d561-0e1f-4a81-ab74-3db013f51d41:192.168.5.144:36791] with ContainerStateMachine:uninitialized
2019-07-14 06:53:28,431 INFO  server.RaftServerConfigKeys (ConfUtils.java:logGet(43)) - raft.server.rpc.timeout.min = 5s (custom)
2019-07-14 06:53:28,432 INFO  server.RaftServerConfigKeys (ConfUtils.java:logGet(43)) - raft.server.rpc.timeout.max = 5200ms (custom)
2019-07-14 06:53:28,432 INFO  server.RaftServerConfigKeys (ConfUtils.java:logGet(43)) - raft.server.rpcslowness.timeout = 120s (custom)
2019-07-14 06:53:28,432 INFO  server.RaftServerConfigKeys (ConfUtils.java:logGet(43)) - raft.server.sleep.deviation.threshold = 300 (default)
2019-07-14 06:53:28,432 INFO  server.RaftServerConfigKeys (ConfUtils.java:logGet(43)) - raft.server.log.appender.install.snapshot.enabled = false (custom)
2019-07-14 06:53:28,432 INFO  impl.RaftServerImpl (ServerState.java:<init>(105)) - ee47d561-0e1f-4a81-ab74-3db013f51d41:group-15D21720E4AE ConfigurationManager, init=-1: [ee47d561-0e1f-4a81-ab74-3db013f51d41:192.168.5.144:36791], old=null, confs=<EMPTY_MAP>
2019-07-14 06:53:28,433 INFO  server.RaftServerConfigKeys (ConfUtils.java:logGet(43)) - raft.server.storage.dir = [/tmp/workdir/hadoop-ozone/integration-test/target/test-dir/MiniOzoneClusterImpl-d50571e5-2990-423a-9baf-60008d75fde6/datanode-2/data/ratis] (custom)
2019-07-14 06:53:28,433 INFO  storage.RaftStorageDirectory (RaftStorageDirectory.java:analyzeStorage(246)) - The storage directory /tmp/workdir/hadoop-ozone/integration-test/target/test-dir/MiniOzoneClusterImpl-d50571e5-2990-423a-9baf-60008d75fde6/datanode-2/data/ratis/84f8f6ba-3ecf-49ba-ba84-15d21720e4ae does not exist. Creating ...
2019-07-14 06:53:28,444 INFO  storage.RaftStorageDirectory (RaftStorageDirectory.java:tryLock(328)) - Lock on /tmp/workdir/hadoop-ozone/integration-test/target/test-dir/MiniOzoneClusterImpl-d50571e5-2990-423a-9baf-60008d75fde6/datanode-2/data/ratis/84f8f6ba-3ecf-49ba-ba84-15d21720e4ae/in_use.lock acquired by nodename 12199@trunk-nightly-8c95p-1540871953
2019-07-14 06:53:28,456 INFO  storage.RaftStorage (RaftStorage.java:format(72)) - Storage directory /tmp/workdir/hadoop-ozone/integration-test/target/test-dir/MiniOzoneClusterImpl-d50571e5-2990-423a-9baf-60008d75fde6/datanode-2/data/ratis/84f8f6ba-3ecf-49ba-ba84-15d21720e4ae has been successfully formatted.
2019-07-14 06:53:28,456 INFO  ratis.ContainerStateMachine (ContainerStateMachine.java:loadSnapshot(200)) - group-15D21720E4AE: The snapshot info is null. Setting the last applied indexto:(t:0, i:~)
2019-07-14 06:53:28,456 INFO  server.RaftServerConfigKeys (ConfUtils.java:logGet(43)) - raft.server.leader.election.timeout = 120s (custom)
2019-07-14 06:53:28,457 INFO  server.RaftServerConfigKeys (ConfUtils.java:logGet(43)) - raft.server.log.use.memory = false (default)
2019-07-14 06:53:28,457 INFO  server.RaftServerConfigKeys (ConfUtils.java:logGet(43)) - raft.server.log.purge.gap = 1000000000 (custom)
2019-07-14 06:53:28,457 INFO  server.RaftServerConfigKeys (ConfUtils.java:logGet(43)) - raft.server.log.appender.buffer.byte-limit = 33554432 (custom)
2019-07-14 06:53:28,457 INFO  server.RaftServerConfigKeys (ConfUtils.java:logGet(43)) - raft.server.log.segment.size.max = 1048576 (custom)
2019-07-14 06:53:28,457 INFO  server.RaftServerConfigKeys (ConfUtils.java:logGet(43)) - raft.server.log.segment.cache.num.max = 2 (custom)
2019-07-14 06:53:28,458 INFO  segmented.SegmentedRaftLogWorker (SegmentedRaftLogWorker.java:<init>(172)) - new ee47d561-0e1f-4a81-ab74-3db013f51d41-SegmentedRaftLogWorker:Storage Directory /tmp/workdir/hadoop-ozone/integration-test/target/test-dir/MiniOzoneClusterImpl-d50571e5-2990-423a-9baf-60008d75fde6/datanode-2/data/ratis/84f8f6ba-3ecf-49ba-ba84-15d21720e4ae for RaftStorage:Storage Directory /tmp/workdir/hadoop-ozone/integration-test/target/test-dir/MiniOzoneClusterImpl-d50571e5-2990-423a-9baf-60008d75fde6/datanode-2/data/ratis/84f8f6ba-3ecf-49ba-ba84-15d21720e4ae
2019-07-14 06:53:28,458 INFO  server.RaftServerConfigKeys (ConfUtils.java:logGet(43)) - raft.server.log.queue.byte-limit = 2147483647 (custom)
2019-07-14 06:53:28,458 INFO  server.RaftServerConfigKeys (ConfUtils.java:logGet(43)) - raft.server.log.queue.element-limit = 1024 (custom)
2019-07-14 06:53:28,458 INFO  server.RaftServerConfigKeys (ConfUtils.java:logGet(43)) - raft.server.log.segment.size.max = 1048576 (custom)
2019-07-14 06:53:28,458 INFO  server.RaftServerConfigKeys (ConfUtils.java:logGet(43)) - raft.server.log.preallocated.size = 16384 (custom)
2019-07-14 06:53:28,459 INFO  server.RaftServerConfigKeys (ConfUtils.java:logGet(43)) - raft.server.log.write.buffer.size = 33554432 (custom)
2019-07-14 06:53:28,459 INFO  server.RaftServerConfigKeys (ConfUtils.java:logGet(43)) - raft.server.log.force.sync.num = 128 (default)
2019-07-14 06:53:28,459 INFO  server.RaftServerConfigKeys (ConfUtils.java:logGet(43)) - raft.server.log.statemachine.data.sync = true (default)
2019-07-14 06:53:28,459 INFO  server.RaftServerConfigKeys (ConfUtils.java:logGet(43)) - raft.server.log.statemachine.data.sync.timeout = 10s (default)
2019-07-14 06:53:28,459 INFO  server.RaftServerConfigKeys (ConfUtils.java:logGet(43)) - raft.server.log.statemachine.data.sync.timeout.retry = -1 (default)
2019-07-14 06:53:28,460 INFO  server.RaftServerConfigKeys (ConfUtils.java:logGet(43)) - raft.server.log.statemachine.data.caching.enabled = true (custom)
2019-07-14 06:53:28,460 INFO  segmented.SegmentedRaftLogWorker (SegmentedRaftLogWorker.java:lambda$new$0(132)) - ee47d561-0e1f-4a81-ab74-3db013f51d41-SegmentedRaftLogWorker:Storage Directory /tmp/workdir/hadoop-ozone/integration-test/target/test-dir/MiniOzoneClusterImpl-d50571e5-2990-423a-9baf-60008d75fde6/datanode-2/data/ratis/84f8f6ba-3ecf-49ba-ba84-15d21720e4ae: flushIndex: setUnconditionally 0 -> -1
2019-07-14 06:53:28,461 INFO  server.RaftServerConfigKeys (ConfUtils.java:logGet(43)) - raft.server.snapshot.auto.trigger.enabled = true (custom)
2019-07-14 06:53:28,461 INFO  server.RaftServerConfigKeys (ConfUtils.java:logGet(43)) - raft.server.snapshot.auto.trigger.threshold = 10000 (custom)
2019-07-14 06:53:28,461 INFO  server.RaftServerConfigKeys (ConfUtils.java:logGet(43)) - raft.server.retrycache.expirytime = 600000ms (custom)
2019-07-14 06:53:28,461 INFO  impl.RaftServerImpl (RaftServerImpl.java:start(180)) - ee47d561-0e1f-4a81-ab74-3db013f51d41: start group-15D21720E4AE
2019-07-14 06:53:28,461 INFO  impl.RaftServerImpl (RaftServerImpl.java:setRole(171)) - ee47d561-0e1f-4a81-ab74-3db013f51d41:group-15D21720E4AE changes role from null to FOLLOWER at term 0 for startAsFollower
2019-07-14 06:53:28,462 INFO  impl.RoleInfo (RoleInfo.java:updateAndGet(143)) - ee47d561-0e1f-4a81-ab74-3db013f51d41: start FollowerState
2019-07-14 06:53:28,462 INFO  util.JmxRegister (JmxRegister.java:tryRegister(44)) - Successfully registered JMX Bean with object name Ratis:service=RaftServer,group=group-15D21720E4AE,id=ee47d561-0e1f-4a81-ab74-3db013f51d41
2019-07-14 06:53:28,475 INFO  pipeline.PipelineStateManager (PipelineStateManager.java:addPipeline(56)) - Created pipeline Pipeline[ Id: 84f8f6ba-3ecf-49ba-ba84-15d21720e4ae, Nodes: ee47d561-0e1f-4a81-ab74-3db013f51d41{ip: 192.168.5.144, host: trunk-nightly-8c95p-1540871953, networkLocation: /default-rack, certSerialId: null}, Type:RATIS, Factor:ONE, State:OPEN]
2019-07-14 06:53:28,493 INFO  impl.RaftServerProxy (RaftServerProxy.java:addNew(89)) - f80c8108-f3bf-48b4-9e66-1625d26c6079: addNew group-925637B02716:[f80c8108-f3bf-48b4-9e66-1625d26c6079:192.168.5.144:37587] returns group-925637B02716:java.util.concurrent.CompletableFuture@b3ba2c2[Not completed]
2019-07-14 06:53:28,495 INFO  impl.RaftServerImpl (RaftServerImpl.java:<init>(93)) - f80c8108-f3bf-48b4-9e66-1625d26c6079: new RaftServerImpl for group-925637B02716:[f80c8108-f3bf-48b4-9e66-1625d26c6079:192.168.5.144:37587] with ContainerStateMachine:uninitialized
2019-07-14 06:53:28,497 INFO  server.RaftServerConfigKeys (ConfUtils.java:logGet(43)) - raft.server.rpc.timeout.min = 5s (custom)
2019-07-14 06:53:28,497 INFO  server.RaftServerConfigKeys (ConfUtils.java:logGet(43)) - raft.server.rpc.timeout.max = 5200ms (custom)
2019-07-14 06:53:28,497 INFO  server.RaftServerConfigKeys (ConfUtils.java:logGet(43)) - raft.server.rpcslowness.timeout = 120s (custom)
2019-07-14 06:53:28,497 INFO  server.RaftServerConfigKeys (ConfUtils.java:logGet(43)) - raft.server.sleep.deviation.threshold = 300 (default)
2019-07-14 06:53:28,497 INFO  server.RaftServerConfigKeys (ConfUtils.java:logGet(43)) - raft.server.log.appender.install.snapshot.enabled = false (custom)
2019-07-14 06:53:28,497 INFO  impl.RaftServerImpl (ServerState.java:<init>(105)) - f80c8108-f3bf-48b4-9e66-1625d26c6079:group-925637B02716 ConfigurationManager, init=-1: [f80c8108-f3bf-48b4-9e66-1625d26c6079:192.168.5.144:37587], old=null, confs=<EMPTY_MAP>
2019-07-14 06:53:28,498 INFO  server.RaftServerConfigKeys (ConfUtils.java:logGet(43)) - raft.server.storage.dir = [/tmp/workdir/hadoop-ozone/integration-test/target/test-dir/MiniOzoneClusterImpl-d50571e5-2990-423a-9baf-60008d75fde6/datanode-5/data/ratis] (custom)
2019-07-14 06:53:28,498 INFO  storage.RaftStorageDirectory (RaftStorageDirectory.java:analyzeStorage(246)) - The storage directory /tmp/workdir/hadoop-ozone/integration-test/target/test-dir/MiniOzoneClusterImpl-d50571e5-2990-423a-9baf-60008d75fde6/datanode-5/data/ratis/2bbeedb7-0135-4e0c-bccd-925637b02716 does not exist. Creating ...
2019-07-14 06:53:28,509 INFO  storage.RaftStorageDirectory (RaftStorageDirectory.java:tryLock(328)) - Lock on /tmp/workdir/hadoop-ozone/integration-test/target/test-dir/MiniOzoneClusterImpl-d50571e5-2990-423a-9baf-60008d75fde6/datanode-5/data/ratis/2bbeedb7-0135-4e0c-bccd-925637b02716/in_use.lock acquired by nodename 12199@trunk-nightly-8c95p-1540871953
2019-07-14 06:53:28,512 INFO  storage.RaftStorage (RaftStorage.java:format(72)) - Storage directory /tmp/workdir/hadoop-ozone/integration-test/target/test-dir/MiniOzoneClusterImpl-d50571e5-2990-423a-9baf-60008d75fde6/datanode-5/data/ratis/2bbeedb7-0135-4e0c-bccd-925637b02716 has been successfully formatted.
2019-07-14 06:53:28,512 INFO  ratis.ContainerStateMachine (ContainerStateMachine.java:loadSnapshot(200)) - group-925637B02716: The snapshot info is null. Setting the last applied indexto:(t:0, i:~)
2019-07-14 06:53:28,512 INFO  server.RaftServerConfigKeys (ConfUtils.java:logGet(43)) - raft.server.leader.election.timeout = 120s (custom)
2019-07-14 06:53:28,512 INFO  server.RaftServerConfigKeys (ConfUtils.java:logGet(43)) - raft.server.log.use.memory = false (default)
2019-07-14 06:53:28,513 INFO  server.RaftServerConfigKeys (ConfUtils.java:logGet(43)) - raft.server.log.purge.gap = 1000000000 (custom)
2019-07-14 06:53:28,513 INFO  server.RaftServerConfigKeys (ConfUtils.java:logGet(43)) - raft.server.log.appender.buffer.byte-limit = 33554432 (custom)
2019-07-14 06:53:28,513 INFO  server.RaftServerConfigKeys (ConfUtils.java:logGet(43)) - raft.server.log.segment.size.max = 1048576 (custom)
2019-07-14 06:53:28,513 INFO  server.RaftServerConfigKeys (ConfUtils.java:logGet(43)) - raft.server.log.segment.cache.num.max = 2 (custom)
2019-07-14 06:53:28,513 INFO  segmented.SegmentedRaftLogWorker (SegmentedRaftLogWorker.java:<init>(172)) - new f80c8108-f3bf-48b4-9e66-1625d26c6079-SegmentedRaftLogWorker:Storage Directory /tmp/workdir/hadoop-ozone/integration-test/target/test-dir/MiniOzoneClusterImpl-d50571e5-2990-423a-9baf-60008d75fde6/datanode-5/data/ratis/2bbeedb7-0135-4e0c-bccd-925637b02716 for RaftStorage:Storage Directory /tmp/workdir/hadoop-ozone/integration-test/target/test-dir/MiniOzoneClusterImpl-d50571e5-2990-423a-9baf-60008d75fde6/datanode-5/data/ratis/2bbeedb7-0135-4e0c-bccd-925637b02716
2019-07-14 06:53:28,513 INFO  server.RaftServerConfigKeys (ConfUtils.java:logGet(43)) - raft.server.log.queue.byte-limit = 2147483647 (custom)
2019-07-14 06:53:28,514 INFO  server.RaftServerConfigKeys (ConfUtils.java:logGet(43)) - raft.server.log.queue.element-limit = 1024 (custom)
2019-07-14 06:53:28,514 INFO  server.RaftServerConfigKeys (ConfUtils.java:logGet(43)) - raft.server.log.segment.size.max = 1048576 (custom)
2019-07-14 06:53:28,514 INFO  server.RaftServerConfigKeys (ConfUtils.java:logGet(43)) - raft.server.log.preallocated.size = 16384 (custom)
2019-07-14 06:53:28,514 INFO  server.RaftServerConfigKeys (ConfUtils.java:logGet(43)) - raft.server.log.write.buffer.size = 33554432 (custom)
2019-07-14 06:53:28,514 INFO  server.RaftServerConfigKeys (ConfUtils.java:logGet(43)) - raft.server.log.force.sync.num = 128 (default)
2019-07-14 06:53:28,514 INFO  server.RaftServerConfigKeys (ConfUtils.java:logGet(43)) - raft.server.log.statemachine.data.sync = true (default)
2019-07-14 06:53:28,515 INFO  server.RaftServerConfigKeys (ConfUtils.java:logGet(43)) - raft.server.log.statemachine.data.sync.timeout = 10s (default)
2019-07-14 06:53:28,515 INFO  server.RaftServerConfigKeys (ConfUtils.java:logGet(43)) - raft.server.log.statemachine.data.sync.timeout.retry = -1 (default)
2019-07-14 06:53:28,515 INFO  server.RaftServerConfigKeys (ConfUtils.java:logGet(43)) - raft.server.log.statemachine.data.caching.enabled = true (custom)
2019-07-14 06:53:28,515 INFO  segmented.SegmentedRaftLogWorker (SegmentedRaftLogWorker.java:lambda$new$0(132)) - f80c8108-f3bf-48b4-9e66-1625d26c6079-SegmentedRaftLogWorker:Storage Directory /tmp/workdir/hadoop-ozone/integration-test/target/test-dir/MiniOzoneClusterImpl-d50571e5-2990-423a-9baf-60008d75fde6/datanode-5/data/ratis/2bbeedb7-0135-4e0c-bccd-925637b02716: flushIndex: setUnconditionally 0 -> -1
2019-07-14 06:53:28,516 INFO  server.RaftServerConfigKeys (ConfUtils.java:logGet(43)) - raft.server.snapshot.auto.trigger.enabled = true (custom)
2019-07-14 06:53:28,516 INFO  server.RaftServerConfigKeys (ConfUtils.java:logGet(43)) - raft.server.snapshot.auto.trigger.threshold = 10000 (custom)
2019-07-14 06:53:28,516 INFO  server.RaftServerConfigKeys (ConfUtils.java:logGet(43)) - raft.server.retrycache.expirytime = 600000ms (custom)
2019-07-14 06:53:28,516 INFO  impl.RaftServerImpl (RaftServerImpl.java:start(180)) - f80c8108-f3bf-48b4-9e66-1625d26c6079: start group-925637B02716
2019-07-14 06:53:28,516 INFO  impl.RaftServerImpl (RaftServerImpl.java:setRole(171)) - f80c8108-f3bf-48b4-9e66-1625d26c6079:group-925637B02716 changes role from null to FOLLOWER at term 0 for startAsFollower
2019-07-14 06:53:28,517 INFO  impl.RoleInfo (RoleInfo.java:updateAndGet(143)) - f80c8108-f3bf-48b4-9e66-1625d26c6079: start FollowerState
2019-07-14 06:53:28,517 INFO  util.JmxRegister (JmxRegister.java:tryRegister(44)) - Successfully registered JMX Bean with object name Ratis:service=RaftServer,group=group-925637B02716,id=f80c8108-f3bf-48b4-9e66-1625d26c6079
2019-07-14 06:53:28,537 INFO  pipeline.PipelineStateManager (PipelineStateManager.java:addPipeline(56)) - Created pipeline Pipeline[ Id: 2bbeedb7-0135-4e0c-bccd-925637b02716, Nodes: f80c8108-f3bf-48b4-9e66-1625d26c6079{ip: 192.168.5.144, host: trunk-nightly-8c95p-1540871953, networkLocation: /default-rack, certSerialId: null}, Type:RATIS, Factor:ONE, State:OPEN]
2019-07-14 06:53:28,570 INFO  impl.RaftServerProxy (RaftServerProxy.java:addNew(89)) - ced4ce4a-19c0-4cac-897b-288d0e2520b1: addNew group-849D69EE2CC4:[ced4ce4a-19c0-4cac-897b-288d0e2520b1:192.168.5.144:39922, 456e4f0a-b3c9-49c2-9fd7-0f964256b228:192.168.5.144:35386, 9df94194-a88f-471a-ad97-294777adf0f4:192.168.5.144:40187] returns group-849D69EE2CC4:java.util.concurrent.CompletableFuture@33981c12[Not completed]
2019-07-14 06:53:28,574 INFO  impl.RaftServerProxy (RaftServerProxy.java:addNew(89)) - 456e4f0a-b3c9-49c2-9fd7-0f964256b228: addNew group-849D69EE2CC4:[ced4ce4a-19c0-4cac-897b-288d0e2520b1:192.168.5.144:39922, 456e4f0a-b3c9-49c2-9fd7-0f964256b228:192.168.5.144:35386, 9df94194-a88f-471a-ad97-294777adf0f4:192.168.5.144:40187] returns group-849D69EE2CC4:java.util.concurrent.CompletableFuture@e7adad2[Not completed]
2019-07-14 06:53:28,575 INFO  impl.RaftServerProxy (RaftServerProxy.java:addNew(89)) - 9df94194-a88f-471a-ad97-294777adf0f4: addNew group-849D69EE2CC4:[ced4ce4a-19c0-4cac-897b-288d0e2520b1:192.168.5.144:39922, 456e4f0a-b3c9-49c2-9fd7-0f964256b228:192.168.5.144:35386, 9df94194-a88f-471a-ad97-294777adf0f4:192.168.5.144:40187] returns group-849D69EE2CC4:java.util.concurrent.CompletableFuture@769a9405[Not completed]
2019-07-14 06:53:28,575 INFO  impl.RaftServerImpl (RaftServerImpl.java:<init>(93)) - ced4ce4a-19c0-4cac-897b-288d0e2520b1: new RaftServerImpl for group-849D69EE2CC4:[ced4ce4a-19c0-4cac-897b-288d0e2520b1:192.168.5.144:39922, 456e4f0a-b3c9-49c2-9fd7-0f964256b228:192.168.5.144:35386, 9df94194-a88f-471a-ad97-294777adf0f4:192.168.5.144:40187] with ContainerStateMachine:uninitialized
2019-07-14 06:53:28,576 INFO  server.RaftServerConfigKeys (ConfUtils.java:logGet(43)) - raft.server.rpc.timeout.min = 5s (custom)
2019-07-14 06:53:28,576 INFO  server.RaftServerConfigKeys (ConfUtils.java:logGet(43)) - raft.server.rpc.timeout.max = 5200ms (custom)
2019-07-14 06:53:28,576 INFO  impl.RaftServerImpl (RaftServerImpl.java:<init>(93)) - 9df94194-a88f-471a-ad97-294777adf0f4: new RaftServerImpl for group-849D69EE2CC4:[ced4ce4a-19c0-4cac-897b-288d0e2520b1:192.168.5.144:39922, 456e4f0a-b3c9-49c2-9fd7-0f964256b228:192.168.5.144:35386, 9df94194-a88f-471a-ad97-294777adf0f4:192.168.5.144:40187] with ContainerStateMachine:uninitialized
2019-07-14 06:53:28,576 INFO  server.RaftServerConfigKeys (ConfUtils.java:logGet(43)) - raft.server.rpcslowness.timeout = 120s (custom)
2019-07-14 06:53:28,576 INFO  server.RaftServerConfigKeys (ConfUtils.java:logGet(43)) - raft.server.rpc.timeout.min = 5s (custom)
2019-07-14 06:53:28,576 INFO  server.RaftServerConfigKeys (ConfUtils.java:logGet(43)) - raft.server.sleep.deviation.threshold = 300 (default)
2019-07-14 06:53:28,576 INFO  server.RaftServerConfigKeys (ConfUtils.java:logGet(43)) - raft.server.rpc.timeout.max = 5200ms (custom)
2019-07-14 06:53:28,577 INFO  server.RaftServerConfigKeys (ConfUtils.java:logGet(43)) - raft.server.log.appender.install.snapshot.enabled = false (custom)
2019-07-14 06:53:28,577 INFO  server.RaftServerConfigKeys (ConfUtils.java:logGet(43)) - raft.server.rpcslowness.timeout = 120s (custom)
2019-07-14 06:53:28,577 INFO  impl.RaftServerImpl (ServerState.java:<init>(105)) - ced4ce4a-19c0-4cac-897b-288d0e2520b1:group-849D69EE2CC4 ConfigurationManager, init=-1: [ced4ce4a-19c0-4cac-897b-288d0e2520b1:192.168.5.144:39922, 456e4f0a-b3c9-49c2-9fd7-0f964256b228:192.168.5.144:35386, 9df94194-a88f-471a-ad97-294777adf0f4:192.168.5.144:40187], old=null, confs=<EMPTY_MAP>
2019-07-14 06:53:28,577 INFO  server.RaftServerConfigKeys (ConfUtils.java:logGet(43)) - raft.server.sleep.deviation.threshold = 300 (default)
2019-07-14 06:53:28,577 INFO  impl.RaftServerImpl (RaftServerImpl.java:<init>(93)) - 456e4f0a-b3c9-49c2-9fd7-0f964256b228: new RaftServerImpl for group-849D69EE2CC4:[ced4ce4a-19c0-4cac-897b-288d0e2520b1:192.168.5.144:39922, 456e4f0a-b3c9-49c2-9fd7-0f964256b228:192.168.5.144:35386, 9df94194-a88f-471a-ad97-294777adf0f4:192.168.5.144:40187] with ContainerStateMachine:uninitialized
2019-07-14 06:53:28,577 INFO  server.RaftServerConfigKeys (ConfUtils.java:logGet(43)) - raft.server.storage.dir = [/tmp/workdir/hadoop-ozone/integration-test/target/test-dir/MiniOzoneClusterImpl-d50571e5-2990-423a-9baf-60008d75fde6/datanode-1/data/ratis] (custom)
2019-07-14 06:53:28,577 INFO  server.RaftServerConfigKeys (ConfUtils.java:logGet(43)) - raft.server.rpc.timeout.min = 5s (custom)
2019-07-14 06:53:28,577 INFO  server.RaftServerConfigKeys (ConfUtils.java:logGet(43)) - raft.server.log.appender.install.snapshot.enabled = false (custom)
2019-07-14 06:53:28,578 INFO  server.RaftServerConfigKeys (ConfUtils.java:logGet(43)) - raft.server.rpc.timeout.max = 5200ms (custom)
2019-07-14 06:53:28,578 INFO  storage.RaftStorageDirectory (RaftStorageDirectory.java:analyzeStorage(246)) - The storage directory /tmp/workdir/hadoop-ozone/integration-test/target/test-dir/MiniOzoneClusterImpl-d50571e5-2990-423a-9baf-60008d75fde6/datanode-1/data/ratis/2d276017-4627-493c-9f53-849d69ee2cc4 does not exist. Creating ...
2019-07-14 06:53:28,578 INFO  impl.RaftServerImpl (ServerState.java:<init>(105)) - 9df94194-a88f-471a-ad97-294777adf0f4:group-849D69EE2CC4 ConfigurationManager, init=-1: [ced4ce4a-19c0-4cac-897b-288d0e2520b1:192.168.5.144:39922, 456e4f0a-b3c9-49c2-9fd7-0f964256b228:192.168.5.144:35386, 9df94194-a88f-471a-ad97-294777adf0f4:192.168.5.144:40187], old=null, confs=<EMPTY_MAP>
2019-07-14 06:53:28,578 INFO  server.RaftServerConfigKeys (ConfUtils.java:logGet(43)) - raft.server.rpcslowness.timeout = 120s (custom)
2019-07-14 06:53:28,578 INFO  server.RaftServerConfigKeys (ConfUtils.java:logGet(43)) - raft.server.storage.dir = [/tmp/workdir/hadoop-ozone/integration-test/target/test-dir/MiniOzoneClusterImpl-d50571e5-2990-423a-9baf-60008d75fde6/datanode-6/data/ratis] (custom)
2019-07-14 06:53:28,578 INFO  server.RaftServerConfigKeys (ConfUtils.java:logGet(43)) - raft.server.sleep.deviation.threshold = 300 (default)
2019-07-14 06:53:28,578 INFO  server.RaftServerConfigKeys (ConfUtils.java:logGet(43)) - raft.server.log.appender.install.snapshot.enabled = false (custom)
2019-07-14 06:53:28,579 INFO  storage.RaftStorageDirectory (RaftStorageDirectory.java:analyzeStorage(246)) - The storage directory /tmp/workdir/hadoop-ozone/integration-test/target/test-dir/MiniOzoneClusterImpl-d50571e5-2990-423a-9baf-60008d75fde6/datanode-6/data/ratis/2d276017-4627-493c-9f53-849d69ee2cc4 does not exist. Creating ...
2019-07-14 06:53:28,579 INFO  impl.RaftServerImpl (ServerState.java:<init>(105)) - 456e4f0a-b3c9-49c2-9fd7-0f964256b228:group-849D69EE2CC4 ConfigurationManager, init=-1: [ced4ce4a-19c0-4cac-897b-288d0e2520b1:192.168.5.144:39922, 456e4f0a-b3c9-49c2-9fd7-0f964256b228:192.168.5.144:35386, 9df94194-a88f-471a-ad97-294777adf0f4:192.168.5.144:40187], old=null, confs=<EMPTY_MAP>
2019-07-14 06:53:28,579 INFO  server.RaftServerConfigKeys (ConfUtils.java:logGet(43)) - raft.server.storage.dir = [/tmp/workdir/hadoop-ozone/integration-test/target/test-dir/MiniOzoneClusterImpl-d50571e5-2990-423a-9baf-60008d75fde6/datanode-4/data/ratis] (custom)
2019-07-14 06:53:28,579 INFO  storage.RaftStorageDirectory (RaftStorageDirectory.java:analyzeStorage(246)) - The storage directory /tmp/workdir/hadoop-ozone/integration-test/target/test-dir/MiniOzoneClusterImpl-d50571e5-2990-423a-9baf-60008d75fde6/datanode-4/data/ratis/2d276017-4627-493c-9f53-849d69ee2cc4 does not exist. Creating ...
2019-07-14 06:53:28,585 INFO  storage.RaftStorageDirectory (RaftStorageDirectory.java:tryLock(328)) - Lock on /tmp/workdir/hadoop-ozone/integration-test/target/test-dir/MiniOzoneClusterImpl-d50571e5-2990-423a-9baf-60008d75fde6/datanode-6/data/ratis/2d276017-4627-493c-9f53-849d69ee2cc4/in_use.lock acquired by nodename 12199@trunk-nightly-8c95p-1540871953
2019-07-14 06:53:28,585 INFO  storage.RaftStorageDirectory (RaftStorageDirectory.java:tryLock(328)) - Lock on /tmp/workdir/hadoop-ozone/integration-test/target/test-dir/MiniOzoneClusterImpl-d50571e5-2990-423a-9baf-60008d75fde6/datanode-4/data/ratis/2d276017-4627-493c-9f53-849d69ee2cc4/in_use.lock acquired by nodename 12199@trunk-nightly-8c95p-1540871953
2019-07-14 06:53:28,585 INFO  storage.RaftStorageDirectory (RaftStorageDirectory.java:tryLock(328)) - Lock on /tmp/workdir/hadoop-ozone/integration-test/target/test-dir/MiniOzoneClusterImpl-d50571e5-2990-423a-9baf-60008d75fde6/datanode-1/data/ratis/2d276017-4627-493c-9f53-849d69ee2cc4/in_use.lock acquired by nodename 12199@trunk-nightly-8c95p-1540871953
2019-07-14 06:53:28,590 INFO  storage.RaftStorage (RaftStorage.java:format(72)) - Storage directory /tmp/workdir/hadoop-ozone/integration-test/target/test-dir/MiniOzoneClusterImpl-d50571e5-2990-423a-9baf-60008d75fde6/datanode-4/data/ratis/2d276017-4627-493c-9f53-849d69ee2cc4 has been successfully formatted.
2019-07-14 06:53:28,590 INFO  storage.RaftStorage (RaftStorage.java:format(72)) - Storage directory /tmp/workdir/hadoop-ozone/integration-test/target/test-dir/MiniOzoneClusterImpl-d50571e5-2990-423a-9baf-60008d75fde6/datanode-6/data/ratis/2d276017-4627-493c-9f53-849d69ee2cc4 has been successfully formatted.
2019-07-14 06:53:28,590 INFO  storage.RaftStorage (RaftStorage.java:format(72)) - Storage directory /tmp/workdir/hadoop-ozone/integration-test/target/test-dir/MiniOzoneClusterImpl-d50571e5-2990-423a-9baf-60008d75fde6/datanode-1/data/ratis/2d276017-4627-493c-9f53-849d69ee2cc4 has been successfully formatted.
2019-07-14 06:53:28,591 INFO  ratis.ContainerStateMachine (ContainerStateMachine.java:loadSnapshot(200)) - group-849D69EE2CC4: The snapshot info is null. Setting the last applied indexto:(t:0, i:~)
2019-07-14 06:53:28,591 INFO  ratis.ContainerStateMachine (ContainerStateMachine.java:loadSnapshot(200)) - group-849D69EE2CC4: The snapshot info is null. Setting the last applied indexto:(t:0, i:~)
2019-07-14 06:53:28,591 INFO  ratis.ContainerStateMachine (ContainerStateMachine.java:loadSnapshot(200)) - group-849D69EE2CC4: The snapshot info is null. Setting the last applied indexto:(t:0, i:~)
2019-07-14 06:53:28,591 INFO  server.RaftServerConfigKeys (ConfUtils.java:logGet(43)) - raft.server.leader.election.timeout = 120s (custom)
2019-07-14 06:53:28,591 INFO  server.RaftServerConfigKeys (ConfUtils.java:logGet(43)) - raft.server.log.use.memory = false (default)
2019-07-14 06:53:28,591 INFO  server.RaftServerConfigKeys (ConfUtils.java:logGet(43)) - raft.server.leader.election.timeout = 120s (custom)
2019-07-14 06:53:28,591 INFO  server.RaftServerConfigKeys (ConfUtils.java:logGet(43)) - raft.server.log.purge.gap = 1000000000 (custom)
2019-07-14 06:53:28,591 INFO  server.RaftServerConfigKeys (ConfUtils.java:logGet(43)) - raft.server.leader.election.timeout = 120s (custom)
2019-07-14 06:53:28,592 INFO  server.RaftServerConfigKeys (ConfUtils.java:logGet(43)) - raft.server.log.appender.buffer.byte-limit = 33554432 (custom)
2019-07-14 06:53:28,592 INFO  server.RaftServerConfigKeys (ConfUtils.java:logGet(43)) - raft.server.log.use.memory = false (default)
2019-07-14 06:53:28,592 INFO  server.RaftServerConfigKeys (ConfUtils.java:logGet(43)) - raft.server.log.segment.size.max = 1048576 (custom)
2019-07-14 06:53:28,592 INFO  server.RaftServerConfigKeys (ConfUtils.java:logGet(43)) - raft.server.log.use.memory = false (default)
2019-07-14 06:53:28,592 INFO  server.RaftServerConfigKeys (ConfUtils.java:logGet(43)) - raft.server.log.segment.cache.num.max = 2 (custom)
2019-07-14 06:53:28,592 INFO  server.RaftServerConfigKeys (ConfUtils.java:logGet(43)) - raft.server.log.purge.gap = 1000000000 (custom)
2019-07-14 06:53:28,592 INFO  segmented.SegmentedRaftLogWorker (SegmentedRaftLogWorker.java:<init>(172)) - new 9df94194-a88f-471a-ad97-294777adf0f4-SegmentedRaftLogWorker:Storage Directory /tmp/workdir/hadoop-ozone/integration-test/target/test-dir/MiniOzoneClusterImpl-d50571e5-2990-423a-9baf-60008d75fde6/datanode-6/data/ratis/2d276017-4627-493c-9f53-849d69ee2cc4 for RaftStorage:Storage Directory /tmp/workdir/hadoop-ozone/integration-test/target/test-dir/MiniOzoneClusterImpl-d50571e5-2990-423a-9baf-60008d75fde6/datanode-6/data/ratis/2d276017-4627-493c-9f53-849d69ee2cc4
2019-07-14 06:53:28,592 INFO  server.RaftServerConfigKeys (ConfUtils.java:logGet(43)) - raft.server.log.purge.gap = 1000000000 (custom)
2019-07-14 06:53:28,593 INFO  server.RaftServerConfigKeys (ConfUtils.java:logGet(43)) - raft.server.log.queue.byte-limit = 2147483647 (custom)
2019-07-14 06:53:28,596 INFO  server.RaftServerConfigKeys (ConfUtils.java:logGet(43)) - raft.server.log.queue.element-limit = 1024 (custom)
2019-07-14 06:53:28,593 INFO  server.RaftServerConfigKeys (ConfUtils.java:logGet(43)) - raft.server.log.appender.buffer.byte-limit = 33554432 (custom)
2019-07-14 06:53:28,596 INFO  server.RaftServerConfigKeys (ConfUtils.java:logGet(43)) - raft.server.log.segment.size.max = 1048576 (custom)
2019-07-14 06:53:28,593 INFO  server.RaftServerConfigKeys (ConfUtils.java:logGet(43)) - raft.server.log.appender.buffer.byte-limit = 33554432 (custom)
2019-07-14 06:53:28,596 INFO  server.RaftServerConfigKeys (ConfUtils.java:logGet(43)) - raft.server.log.preallocated.size = 16384 (custom)
2019-07-14 06:53:28,596 INFO  server.RaftServerConfigKeys (ConfUtils.java:logGet(43)) - raft.server.log.segment.size.max = 1048576 (custom)
2019-07-14 06:53:28,596 INFO  server.RaftServerConfigKeys (ConfUtils.java:logGet(43)) - raft.server.log.write.buffer.size = 33554432 (custom)
2019-07-14 06:53:28,596 INFO  server.RaftServerConfigKeys (ConfUtils.java:logGet(43)) - raft.server.log.segment.size.max = 1048576 (custom)
2019-07-14 06:53:28,596 INFO  server.RaftServerConfigKeys (ConfUtils.java:logGet(43)) - raft.server.log.force.sync.num = 128 (default)
2019-07-14 06:53:28,596 INFO  server.RaftServerConfigKeys (ConfUtils.java:logGet(43)) - raft.server.log.segment.cache.num.max = 2 (custom)
2019-07-14 06:53:28,597 INFO  server.RaftServerConfigKeys (ConfUtils.java:logGet(43)) - raft.server.log.statemachine.data.sync = true (default)
2019-07-14 06:53:28,597 INFO  server.RaftServerConfigKeys (ConfUtils.java:logGet(43)) - raft.server.log.segment.cache.num.max = 2 (custom)
2019-07-14 06:53:28,597 INFO  server.RaftServerConfigKeys (ConfUtils.java:logGet(43)) - raft.server.log.statemachine.data.sync.timeout = 10s (default)
2019-07-14 06:53:28,597 INFO  segmented.SegmentedRaftLogWorker (SegmentedRaftLogWorker.java:<init>(172)) - new 456e4f0a-b3c9-49c2-9fd7-0f964256b228-SegmentedRaftLogWorker:Storage Directory /tmp/workdir/hadoop-ozone/integration-test/target/test-dir/MiniOzoneClusterImpl-d50571e5-2990-423a-9baf-60008d75fde6/datanode-4/data/ratis/2d276017-4627-493c-9f53-849d69ee2cc4 for RaftStorage:Storage Directory /tmp/workdir/hadoop-ozone/integration-test/target/test-dir/MiniOzoneClusterImpl-d50571e5-2990-423a-9baf-60008d75fde6/datanode-4/data/ratis/2d276017-4627-493c-9f53-849d69ee2cc4
2019-07-14 06:53:28,597 INFO  server.RaftServerConfigKeys (ConfUtils.java:logGet(43)) - raft.server.log.statemachine.data.sync.timeout.retry = -1 (default)
2019-07-14 06:53:28,597 INFO  segmented.SegmentedRaftLogWorker (SegmentedRaftLogWorker.java:<init>(172)) - new ced4ce4a-19c0-4cac-897b-288d0e2520b1-SegmentedRaftLogWorker:Storage Directory /tmp/workdir/hadoop-ozone/integration-test/target/test-dir/MiniOzoneClusterImpl-d50571e5-2990-423a-9baf-60008d75fde6/datanode-1/data/ratis/2d276017-4627-493c-9f53-849d69ee2cc4 for RaftStorage:Storage Directory /tmp/workdir/hadoop-ozone/integration-test/target/test-dir/MiniOzoneClusterImpl-d50571e5-2990-423a-9baf-60008d75fde6/datanode-1/data/ratis/2d276017-4627-493c-9f53-849d69ee2cc4
2019-07-14 06:53:28,599 INFO  server.RaftServerConfigKeys (ConfUtils.java:logGet(43)) - raft.server.log.statemachine.data.caching.enabled = true (custom)
2019-07-14 06:53:28,597 INFO  server.RaftServerConfigKeys (ConfUtils.java:logGet(43)) - raft.server.log.queue.byte-limit = 2147483647 (custom)
2019-07-14 06:53:28,601 INFO  segmented.SegmentedRaftLogWorker (SegmentedRaftLogWorker.java:lambda$new$0(132)) - 9df94194-a88f-471a-ad97-294777adf0f4-SegmentedRaftLogWorker:Storage Directory /tmp/workdir/hadoop-ozone/integration-test/target/test-dir/MiniOzoneClusterImpl-d50571e5-2990-423a-9baf-60008d75fde6/datanode-6/data/ratis/2d276017-4627-493c-9f53-849d69ee2cc4: flushIndex: setUnconditionally 0 -> -1
2019-07-14 06:53:28,599 INFO  server.RaftServerConfigKeys (ConfUtils.java:logGet(43)) - raft.server.log.queue.byte-limit = 2147483647 (custom)
2019-07-14 06:53:28,601 INFO  server.RaftServerConfigKeys (ConfUtils.java:logGet(43)) - raft.server.log.queue.element-limit = 1024 (custom)
2019-07-14 06:53:28,602 INFO  server.RaftServerConfigKeys (ConfUtils.java:logGet(43)) - raft.server.snapshot.auto.trigger.enabled = true (custom)
2019-07-14 06:53:28,602 INFO  server.RaftServerConfigKeys (ConfUtils.java:logGet(43)) - raft.server.log.queue.element-limit = 1024 (custom)
2019-07-14 06:53:28,602 INFO  server.RaftServerConfigKeys (ConfUtils.java:logGet(43)) - raft.server.snapshot.auto.trigger.threshold = 10000 (custom)
2019-07-14 06:53:28,602 INFO  server.RaftServerConfigKeys (ConfUtils.java:logGet(43)) - raft.server.log.segment.size.max = 1048576 (custom)
2019-07-14 06:53:28,602 INFO  server.RaftServerConfigKeys (ConfUtils.java:logGet(43)) - raft.server.retrycache.expirytime = 600000ms (custom)
2019-07-14 06:53:28,602 INFO  server.RaftServerConfigKeys (ConfUtils.java:logGet(43)) - raft.server.log.segment.size.max = 1048576 (custom)
2019-07-14 06:53:28,603 INFO  impl.RaftServerImpl (RaftServerImpl.java:start(180)) - 9df94194-a88f-471a-ad97-294777adf0f4: start group-849D69EE2CC4
2019-07-14 06:53:28,602 INFO  server.RaftServerConfigKeys (ConfUtils.java:logGet(43)) - raft.server.log.preallocated.size = 16384 (custom)
2019-07-14 06:53:28,603 INFO  impl.RaftServerImpl (RaftServerImpl.java:setRole(171)) - 9df94194-a88f-471a-ad97-294777adf0f4:group-849D69EE2CC4 changes role from null to FOLLOWER at term 0 for startAsFollower
2019-07-14 06:53:28,603 INFO  server.RaftServerConfigKeys (ConfUtils.java:logGet(43)) - raft.server.log.preallocated.size = 16384 (custom)
2019-07-14 06:53:28,603 INFO  impl.RoleInfo (RoleInfo.java:updateAndGet(143)) - 9df94194-a88f-471a-ad97-294777adf0f4: start FollowerState
2019-07-14 06:53:28,603 INFO  server.RaftServerConfigKeys (ConfUtils.java:logGet(43)) - raft.server.log.write.buffer.size = 33554432 (custom)
2019-07-14 06:53:28,603 INFO  server.RaftServerConfigKeys (ConfUtils.java:logGet(43)) - raft.server.log.write.buffer.size = 33554432 (custom)
2019-07-14 06:53:28,603 INFO  util.JmxRegister (JmxRegister.java:tryRegister(44)) - Successfully registered JMX Bean with object name Ratis:service=RaftServer,group=group-849D69EE2CC4,id=9df94194-a88f-471a-ad97-294777adf0f4
2019-07-14 06:53:28,603 INFO  server.RaftServerConfigKeys (ConfUtils.java:logGet(43)) - raft.server.log.force.sync.num = 128 (default)
2019-07-14 06:53:28,604 INFO  server.RaftServerConfigKeys (ConfUtils.java:logGet(43)) - raft.server.log.force.sync.num = 128 (default)
2019-07-14 06:53:28,604 INFO  server.RaftServerConfigKeys (ConfUtils.java:logGet(43)) - raft.server.log.statemachine.data.sync = true (default)
2019-07-14 06:53:28,604 INFO  server.RaftServerConfigKeys (ConfUtils.java:logGet(43)) - raft.server.log.statemachine.data.sync = true (default)
2019-07-14 06:53:28,604 INFO  server.RaftServerConfigKeys (ConfUtils.java:logGet(43)) - raft.server.log.statemachine.data.sync.timeout = 10s (default)
2019-07-14 06:53:28,604 INFO  server.RaftServerConfigKeys (ConfUtils.java:logGet(43)) - raft.server.log.statemachine.data.sync.timeout = 10s (default)
2019-07-14 06:53:28,604 INFO  server.RaftServerConfigKeys (ConfUtils.java:logGet(43)) - raft.server.log.statemachine.data.sync.timeout.retry = -1 (default)
2019-07-14 06:53:28,605 INFO  server.RaftServerConfigKeys (ConfUtils.java:logGet(43)) - raft.server.log.statemachine.data.sync.timeout.retry = -1 (default)
2019-07-14 06:53:28,605 INFO  server.RaftServerConfigKeys (ConfUtils.java:logGet(43)) - raft.server.log.statemachine.data.caching.enabled = true (custom)
2019-07-14 06:53:28,605 INFO  server.RaftServerConfigKeys (ConfUtils.java:logGet(43)) - raft.server.log.statemachine.data.caching.enabled = true (custom)
2019-07-14 06:53:28,605 INFO  segmented.SegmentedRaftLogWorker (SegmentedRaftLogWorker.java:lambda$new$0(132)) - 456e4f0a-b3c9-49c2-9fd7-0f964256b228-SegmentedRaftLogWorker:Storage Directory /tmp/workdir/hadoop-ozone/integration-test/target/test-dir/MiniOzoneClusterImpl-d50571e5-2990-423a-9baf-60008d75fde6/datanode-4/data/ratis/2d276017-4627-493c-9f53-849d69ee2cc4: flushIndex: setUnconditionally 0 -> -1
2019-07-14 06:53:28,605 INFO  segmented.SegmentedRaftLogWorker (SegmentedRaftLogWorker.java:lambda$new$0(132)) - ced4ce4a-19c0-4cac-897b-288d0e2520b1-SegmentedRaftLogWorker:Storage Directory /tmp/workdir/hadoop-ozone/integration-test/target/test-dir/MiniOzoneClusterImpl-d50571e5-2990-423a-9baf-60008d75fde6/datanode-1/data/ratis/2d276017-4627-493c-9f53-849d69ee2cc4: flushIndex: setUnconditionally 0 -> -1
2019-07-14 06:53:28,605 INFO  server.RaftServerConfigKeys (ConfUtils.java:logGet(43)) - raft.server.snapshot.auto.trigger.enabled = true (custom)
2019-07-14 06:53:28,606 INFO  server.RaftServerConfigKeys (ConfUtils.java:logGet(43)) - raft.server.snapshot.auto.trigger.enabled = true (custom)
2019-07-14 06:53:28,606 INFO  server.RaftServerConfigKeys (ConfUtils.java:logGet(43)) - raft.server.snapshot.auto.trigger.threshold = 10000 (custom)
2019-07-14 06:53:28,606 INFO  server.RaftServerConfigKeys (ConfUtils.java:logGet(43)) - raft.server.snapshot.auto.trigger.threshold = 10000 (custom)
2019-07-14 06:53:28,606 INFO  server.RaftServerConfigKeys (ConfUtils.java:logGet(43)) - raft.server.retrycache.expirytime = 600000ms (custom)
2019-07-14 06:53:28,606 INFO  server.RaftServerConfigKeys (ConfUtils.java:logGet(43)) - raft.server.retrycache.expirytime = 600000ms (custom)
2019-07-14 06:53:28,608 INFO  impl.RaftServerImpl (RaftServerImpl.java:start(180)) - ced4ce4a-19c0-4cac-897b-288d0e2520b1: start group-849D69EE2CC4
2019-07-14 06:53:28,610 INFO  impl.RaftServerImpl (RaftServerImpl.java:setRole(171)) - ced4ce4a-19c0-4cac-897b-288d0e2520b1:group-849D69EE2CC4 changes role from null to FOLLOWER at term 0 for startAsFollower
2019-07-14 06:53:28,608 INFO  impl.RaftServerImpl (RaftServerImpl.java:start(180)) - 456e4f0a-b3c9-49c2-9fd7-0f964256b228: start group-849D69EE2CC4
2019-07-14 06:53:28,610 INFO  impl.RoleInfo (RoleInfo.java:updateAndGet(143)) - ced4ce4a-19c0-4cac-897b-288d0e2520b1: start FollowerState
2019-07-14 06:53:28,610 INFO  impl.RaftServerImpl (RaftServerImpl.java:setRole(171)) - 456e4f0a-b3c9-49c2-9fd7-0f964256b228:group-849D69EE2CC4 changes role from null to FOLLOWER at term 0 for startAsFollower
2019-07-14 06:53:28,610 INFO  impl.RoleInfo (RoleInfo.java:updateAndGet(143)) - 456e4f0a-b3c9-49c2-9fd7-0f964256b228: start FollowerState
2019-07-14 06:53:28,612 INFO  util.JmxRegister (JmxRegister.java:tryRegister(44)) - Successfully registered JMX Bean with object name Ratis:service=RaftServer,group=group-849D69EE2CC4,id=ced4ce4a-19c0-4cac-897b-288d0e2520b1
2019-07-14 06:53:28,614 INFO  util.JmxRegister (JmxRegister.java:tryRegister(44)) - Successfully registered JMX Bean with object name Ratis:service=RaftServer,group=group-849D69EE2CC4,id=456e4f0a-b3c9-49c2-9fd7-0f964256b228
2019-07-14 06:53:28,630 INFO  pipeline.PipelineStateManager (PipelineStateManager.java:addPipeline(56)) - Created pipeline Pipeline[ Id: 2d276017-4627-493c-9f53-849d69ee2cc4, Nodes: ced4ce4a-19c0-4cac-897b-288d0e2520b1{ip: 192.168.5.144, host: trunk-nightly-8c95p-1540871953, networkLocation: /default-rack, certSerialId: null}456e4f0a-b3c9-49c2-9fd7-0f964256b228{ip: 192.168.5.144, host: trunk-nightly-8c95p-1540871953, networkLocation: /default-rack, certSerialId: null}9df94194-a88f-471a-ad97-294777adf0f4{ip: 192.168.5.144, host: trunk-nightly-8c95p-1540871953, networkLocation: /default-rack, certSerialId: null}, Type:RATIS, Factor:THREE, State:OPEN]
2019-07-14 06:53:28,661 INFO  impl.RaftServerProxy (RaftServerProxy.java:addNew(89)) - ee47d561-0e1f-4a81-ab74-3db013f51d41: addNew group-6DB32D3157BF:[21c11074-c061-4199-a5c5-e5d1047c631d:192.168.5.144:43548, cbefb6a9-63b0-4f45-83d7-16351731a333:192.168.5.144:38159, ee47d561-0e1f-4a81-ab74-3db013f51d41:192.168.5.144:36791] returns group-6DB32D3157BF:java.util.concurrent.CompletableFuture@e4aa0f2[Not completed]
2019-07-14 06:53:28,661 INFO  impl.RaftServerProxy (RaftServerProxy.java:addNew(89)) - cbefb6a9-63b0-4f45-83d7-16351731a333: addNew group-6DB32D3157BF:[21c11074-c061-4199-a5c5-e5d1047c631d:192.168.5.144:43548, cbefb6a9-63b0-4f45-83d7-16351731a333:192.168.5.144:38159, ee47d561-0e1f-4a81-ab74-3db013f51d41:192.168.5.144:36791] returns group-6DB32D3157BF:java.util.concurrent.CompletableFuture@f0f5f29[Not completed]
2019-07-14 06:53:28,665 INFO  impl.RaftServerProxy (RaftServerProxy.java:addNew(89)) - 21c11074-c061-4199-a5c5-e5d1047c631d: addNew group-6DB32D3157BF:[21c11074-c061-4199-a5c5-e5d1047c631d:192.168.5.144:43548, cbefb6a9-63b0-4f45-83d7-16351731a333:192.168.5.144:38159, ee47d561-0e1f-4a81-ab74-3db013f51d41:192.168.5.144:36791] returns group-6DB32D3157BF:java.util.concurrent.CompletableFuture@342deb76[Not completed]
2019-07-14 06:53:28,665 INFO  impl.RaftServerImpl (RaftServerImpl.java:<init>(93)) - cbefb6a9-63b0-4f45-83d7-16351731a333: new RaftServerImpl for group-6DB32D3157BF:[21c11074-c061-4199-a5c5-e5d1047c631d:192.168.5.144:43548, cbefb6a9-63b0-4f45-83d7-16351731a333:192.168.5.144:38159, ee47d561-0e1f-4a81-ab74-3db013f51d41:192.168.5.144:36791] with ContainerStateMachine:uninitialized
2019-07-14 06:53:28,666 INFO  server.RaftServerConfigKeys (ConfUtils.java:logGet(43)) - raft.server.rpc.timeout.min = 5s (custom)
2019-07-14 06:53:28,666 INFO  server.RaftServerConfigKeys (ConfUtils.java:logGet(43)) - raft.server.rpc.timeout.max = 5200ms (custom)
2019-07-14 06:53:28,666 INFO  server.RaftServerConfigKeys (ConfUtils.java:logGet(43)) - raft.server.rpcslowness.timeout = 120s (custom)
2019-07-14 06:53:28,666 INFO  server.RaftServerConfigKeys (ConfUtils.java:logGet(43)) - raft.server.sleep.deviation.threshold = 300 (default)
2019-07-14 06:53:28,666 INFO  impl.RaftServerImpl (RaftServerImpl.java:<init>(93)) - 21c11074-c061-4199-a5c5-e5d1047c631d: new RaftServerImpl for group-6DB32D3157BF:[21c11074-c061-4199-a5c5-e5d1047c631d:192.168.5.144:43548, cbefb6a9-63b0-4f45-83d7-16351731a333:192.168.5.144:38159, ee47d561-0e1f-4a81-ab74-3db013f51d41:192.168.5.144:36791] with ContainerStateMachine:uninitialized
2019-07-14 06:53:28,666 INFO  server.RaftServerConfigKeys (ConfUtils.java:logGet(43)) - raft.server.log.appender.install.snapshot.enabled = false (custom)
2019-07-14 06:53:28,666 INFO  server.RaftServerConfigKeys (ConfUtils.java:logGet(43)) - raft.server.rpc.timeout.min = 5s (custom)
2019-07-14 06:53:28,667 INFO  impl.RaftServerImpl (ServerState.java:<init>(105)) - cbefb6a9-63b0-4f45-83d7-16351731a333:group-6DB32D3157BF ConfigurationManager, init=-1: [21c11074-c061-4199-a5c5-e5d1047c631d:192.168.5.144:43548, cbefb6a9-63b0-4f45-83d7-16351731a333:192.168.5.144:38159, ee47d561-0e1f-4a81-ab74-3db013f51d41:192.168.5.144:36791], old=null, confs=<EMPTY_MAP>
2019-07-14 06:53:28,667 INFO  server.RaftServerConfigKeys (ConfUtils.java:logGet(43)) - raft.server.rpc.timeout.max = 5200ms (custom)
2019-07-14 06:53:28,667 INFO  server.RaftServerConfigKeys (ConfUtils.java:logGet(43)) - raft.server.storage.dir = [/tmp/workdir/hadoop-ozone/integration-test/target/test-dir/MiniOzoneClusterImpl-d50571e5-2990-423a-9baf-60008d75fde6/datanode-3/data/ratis] (custom)
2019-07-14 06:53:28,667 INFO  server.RaftServerConfigKeys (ConfUtils.java:logGet(43)) - raft.server.rpcslowness.timeout = 120s (custom)
2019-07-14 06:53:28,667 INFO  impl.RaftServerImpl (RaftServerImpl.java:<init>(93)) - ee47d561-0e1f-4a81-ab74-3db013f51d41: new RaftServerImpl for group-6DB32D3157BF:[21c11074-c061-4199-a5c5-e5d1047c631d:192.168.5.144:43548, cbefb6a9-63b0-4f45-83d7-16351731a333:192.168.5.144:38159, ee47d561-0e1f-4a81-ab74-3db013f51d41:192.168.5.144:36791] with ContainerStateMachine:uninitialized
2019-07-14 06:53:28,667 INFO  server.RaftServerConfigKeys (ConfUtils.java:logGet(43)) - raft.server.sleep.deviation.threshold = 300 (default)
2019-07-14 06:53:28,668 INFO  server.RaftServerConfigKeys (ConfUtils.java:logGet(43)) - raft.server.rpc.timeout.min = 5s (custom)
2019-07-14 06:53:28,668 INFO  storage.RaftStorageDirectory (RaftStorageDirectory.java:analyzeStorage(246)) - The storage directory /tmp/workdir/hadoop-ozone/integration-test/target/test-dir/MiniOzoneClusterImpl-d50571e5-2990-423a-9baf-60008d75fde6/datanode-3/data/ratis/753c826b-abd5-410c-9f27-6db32d3157bf does not exist. Creating ...
2019-07-14 06:53:28,668 INFO  server.RaftServerConfigKeys (ConfUtils.java:logGet(43)) - raft.server.rpc.timeout.max = 5200ms (custom)
2019-07-14 06:53:28,668 INFO  server.RaftServerConfigKeys (ConfUtils.java:logGet(43)) - raft.server.log.appender.install.snapshot.enabled = false (custom)
2019-07-14 06:53:28,668 INFO  server.RaftServerConfigKeys (ConfUtils.java:logGet(43)) - raft.server.rpcslowness.timeout = 120s (custom)
2019-07-14 06:53:28,668 INFO  impl.RaftServerImpl (ServerState.java:<init>(105)) - 21c11074-c061-4199-a5c5-e5d1047c631d:group-6DB32D3157BF ConfigurationManager, init=-1: [21c11074-c061-4199-a5c5-e5d1047c631d:192.168.5.144:43548, cbefb6a9-63b0-4f45-83d7-16351731a333:192.168.5.144:38159, ee47d561-0e1f-4a81-ab74-3db013f51d41:192.168.5.144:36791], old=null, confs=<EMPTY_MAP>
2019-07-14 06:53:28,668 INFO  server.RaftServerConfigKeys (ConfUtils.java:logGet(43)) - raft.server.sleep.deviation.threshold = 300 (default)
2019-07-14 06:53:28,669 INFO  server.RaftServerConfigKeys (ConfUtils.java:logGet(43)) - raft.server.storage.dir = [/tmp/workdir/hadoop-ozone/integration-test/target/test-dir/MiniOzoneClusterImpl-d50571e5-2990-423a-9baf-60008d75fde6/datanode-0/data/ratis] (custom)
2019-07-14 06:53:28,669 INFO  server.RaftServerConfigKeys (ConfUtils.java:logGet(43)) - raft.server.log.appender.install.snapshot.enabled = false (custom)
2019-07-14 06:53:28,669 INFO  impl.RaftServerImpl (ServerState.java:<init>(105)) - ee47d561-0e1f-4a81-ab74-3db013f51d41:group-6DB32D3157BF ConfigurationManager, init=-1: [21c11074-c061-4199-a5c5-e5d1047c631d:192.168.5.144:43548, cbefb6a9-63b0-4f45-83d7-16351731a333:192.168.5.144:38159, ee47d561-0e1f-4a81-ab74-3db013f51d41:192.168.5.144:36791], old=null, confs=<EMPTY_MAP>
2019-07-14 06:53:28,669 INFO  storage.RaftStorageDirectory (RaftStorageDirectory.java:analyzeStorage(246)) - The storage directory /tmp/workdir/hadoop-ozone/integration-test/target/test-dir/MiniOzoneClusterImpl-d50571e5-2990-423a-9baf-60008d75fde6/datanode-0/data/ratis/753c826b-abd5-410c-9f27-6db32d3157bf does not exist. Creating ...
2019-07-14 06:53:28,669 INFO  server.RaftServerConfigKeys (ConfUtils.java:logGet(43)) - raft.server.storage.dir = [/tmp/workdir/hadoop-ozone/integration-test/target/test-dir/MiniOzoneClusterImpl-d50571e5-2990-423a-9baf-60008d75fde6/datanode-2/data/ratis] (custom)
2019-07-14 06:53:28,670 INFO  storage.RaftStorageDirectory (RaftStorageDirectory.java:analyzeStorage(246)) - The storage directory /tmp/workdir/hadoop-ozone/integration-test/target/test-dir/MiniOzoneClusterImpl-d50571e5-2990-423a-9baf-60008d75fde6/datanode-2/data/ratis/753c826b-abd5-410c-9f27-6db32d3157bf does not exist. Creating ...
2019-07-14 06:53:28,709 INFO  storage.RaftStorageDirectory (RaftStorageDirectory.java:tryLock(328)) - Lock on /tmp/workdir/hadoop-ozone/integration-test/target/test-dir/MiniOzoneClusterImpl-d50571e5-2990-423a-9baf-60008d75fde6/datanode-3/data/ratis/753c826b-abd5-410c-9f27-6db32d3157bf/in_use.lock acquired by nodename 12199@trunk-nightly-8c95p-1540871953
2019-07-14 06:53:28,709 INFO  storage.RaftStorageDirectory (RaftStorageDirectory.java:tryLock(328)) - Lock on /tmp/workdir/hadoop-ozone/integration-test/target/test-dir/MiniOzoneClusterImpl-d50571e5-2990-423a-9baf-60008d75fde6/datanode-2/data/ratis/753c826b-abd5-410c-9f27-6db32d3157bf/in_use.lock acquired by nodename 12199@trunk-nightly-8c95p-1540871953
2019-07-14 06:53:28,709 INFO  storage.RaftStorageDirectory (RaftStorageDirectory.java:tryLock(328)) - Lock on /tmp/workdir/hadoop-ozone/integration-test/target/test-dir/MiniOzoneClusterImpl-d50571e5-2990-423a-9baf-60008d75fde6/datanode-0/data/ratis/753c826b-abd5-410c-9f27-6db32d3157bf/in_use.lock acquired by nodename 12199@trunk-nightly-8c95p-1540871953
2019-07-14 06:53:28,724 INFO  storage.RaftStorage (RaftStorage.java:format(72)) - Storage directory /tmp/workdir/hadoop-ozone/integration-test/target/test-dir/MiniOzoneClusterImpl-d50571e5-2990-423a-9baf-60008d75fde6/datanode-3/data/ratis/753c826b-abd5-410c-9f27-6db32d3157bf has been successfully formatted.
2019-07-14 06:53:28,724 INFO  storage.RaftStorage (RaftStorage.java:format(72)) - Storage directory /tmp/workdir/hadoop-ozone/integration-test/target/test-dir/MiniOzoneClusterImpl-d50571e5-2990-423a-9baf-60008d75fde6/datanode-0/data/ratis/753c826b-abd5-410c-9f27-6db32d3157bf has been successfully formatted.
2019-07-14 06:53:28,724 INFO  storage.RaftStorage (RaftStorage.java:format(72)) - Storage directory /tmp/workdir/hadoop-ozone/integration-test/target/test-dir/MiniOzoneClusterImpl-d50571e5-2990-423a-9baf-60008d75fde6/datanode-2/data/ratis/753c826b-abd5-410c-9f27-6db32d3157bf has been successfully formatted.
2019-07-14 06:53:28,725 INFO  ratis.ContainerStateMachine (ContainerStateMachine.java:loadSnapshot(200)) - group-6DB32D3157BF: The snapshot info is null. Setting the last applied indexto:(t:0, i:~)
2019-07-14 06:53:28,725 INFO  ratis.ContainerStateMachine (ContainerStateMachine.java:loadSnapshot(200)) - group-6DB32D3157BF: The snapshot info is null. Setting the last applied indexto:(t:0, i:~)
2019-07-14 06:53:28,725 INFO  ratis.ContainerStateMachine (ContainerStateMachine.java:loadSnapshot(200)) - group-6DB32D3157BF: The snapshot info is null. Setting the last applied indexto:(t:0, i:~)
2019-07-14 06:53:28,725 INFO  server.RaftServerConfigKeys (ConfUtils.java:logGet(43)) - raft.server.leader.election.timeout = 120s (custom)
2019-07-14 06:53:28,725 INFO  server.RaftServerConfigKeys (ConfUtils.java:logGet(43)) - raft.server.leader.election.timeout = 120s (custom)
2019-07-14 06:53:28,725 INFO  server.RaftServerConfigKeys (ConfUtils.java:logGet(43)) - raft.server.log.use.memory = false (default)
2019-07-14 06:53:28,725 INFO  server.RaftServerConfigKeys (ConfUtils.java:logGet(43)) - raft.server.leader.election.timeout = 120s (custom)
2019-07-14 06:53:28,726 INFO  server.RaftServerConfigKeys (ConfUtils.java:logGet(43)) - raft.server.log.purge.gap = 1000000000 (custom)
2019-07-14 06:53:28,726 INFO  server.RaftServerConfigKeys (ConfUtils.java:logGet(43)) - raft.server.log.appender.buffer.byte-limit = 33554432 (custom)
2019-07-14 06:53:28,725 INFO  server.RaftServerConfigKeys (ConfUtils.java:logGet(43)) - raft.server.log.use.memory = false (default)
2019-07-14 06:53:28,726 INFO  server.RaftServerConfigKeys (ConfUtils.java:logGet(43)) - raft.server.log.segment.size.max = 1048576 (custom)
2019-07-14 06:53:28,726 INFO  server.RaftServerConfigKeys (ConfUtils.java:logGet(43)) - raft.server.log.use.memory = false (default)
2019-07-14 06:53:28,726 INFO  server.RaftServerConfigKeys (ConfUtils.java:logGet(43)) - raft.server.log.segment.cache.num.max = 2 (custom)
2019-07-14 06:53:28,726 INFO  server.RaftServerConfigKeys (ConfUtils.java:logGet(43)) - raft.server.log.purge.gap = 1000000000 (custom)
2019-07-14 06:53:28,727 INFO  segmented.SegmentedRaftLogWorker (SegmentedRaftLogWorker.java:<init>(172)) - new ee47d561-0e1f-4a81-ab74-3db013f51d41-SegmentedRaftLogWorker:Storage Directory /tmp/workdir/hadoop-ozone/integration-test/target/test-dir/MiniOzoneClusterImpl-d50571e5-2990-423a-9baf-60008d75fde6/datanode-2/data/ratis/753c826b-abd5-410c-9f27-6db32d3157bf for RaftStorage:Storage Directory /tmp/workdir/hadoop-ozone/integration-test/target/test-dir/MiniOzoneClusterImpl-d50571e5-2990-423a-9baf-60008d75fde6/datanode-2/data/ratis/753c826b-abd5-410c-9f27-6db32d3157bf
2019-07-14 06:53:28,727 INFO  server.RaftServerConfigKeys (ConfUtils.java:logGet(43)) - raft.server.log.purge.gap = 1000000000 (custom)
2019-07-14 06:53:28,727 INFO  server.RaftServerConfigKeys (ConfUtils.java:logGet(43)) - raft.server.log.queue.byte-limit = 2147483647 (custom)
2019-07-14 06:53:28,727 INFO  server.RaftServerConfigKeys (ConfUtils.java:logGet(43)) - raft.server.log.appender.buffer.byte-limit = 33554432 (custom)
2019-07-14 06:53:28,729 INFO  server.RaftServerConfigKeys (ConfUtils.java:logGet(43)) - raft.server.log.queue.element-limit = 1024 (custom)
2019-07-14 06:53:28,727 INFO  server.RaftServerConfigKeys (ConfUtils.java:logGet(43)) - raft.server.log.appender.buffer.byte-limit = 33554432 (custom)
2019-07-14 06:53:28,730 INFO  server.RaftServerConfigKeys (ConfUtils.java:logGet(43)) - raft.server.log.segment.size.max = 1048576 (custom)
2019-07-14 06:53:28,729 INFO  server.RaftServerConfigKeys (ConfUtils.java:logGet(43)) - raft.server.log.segment.size.max = 1048576 (custom)
2019-07-14 06:53:28,730 INFO  server.RaftServerConfigKeys (ConfUtils.java:logGet(43)) - raft.server.log.preallocated.size = 16384 (custom)
2019-07-14 06:53:28,730 INFO  server.RaftServerConfigKeys (ConfUtils.java:logGet(43)) - raft.server.log.segment.size.max = 1048576 (custom)
2019-07-14 06:53:28,730 INFO  server.RaftServerConfigKeys (ConfUtils.java:logGet(43)) - raft.server.log.write.buffer.size = 33554432 (custom)
2019-07-14 06:53:28,730 INFO  server.RaftServerConfigKeys (ConfUtils.java:logGet(43)) - raft.server.log.segment.cache.num.max = 2 (custom)
2019-07-14 06:53:28,731 INFO  server.RaftServerConfigKeys (ConfUtils.java:logGet(43)) - raft.server.log.force.sync.num = 128 (default)
2019-07-14 06:53:28,730 INFO  server.RaftServerConfigKeys (ConfUtils.java:logGet(43)) - raft.server.log.segment.cache.num.max = 2 (custom)
2019-07-14 06:53:28,731 INFO  server.RaftServerConfigKeys (ConfUtils.java:logGet(43)) - raft.server.log.statemachine.data.sync = true (default)
2019-07-14 06:53:28,731 INFO  segmented.SegmentedRaftLogWorker (SegmentedRaftLogWorker.java:<init>(172)) - new 21c11074-c061-4199-a5c5-e5d1047c631d-SegmentedRaftLogWorker:Storage Directory /tmp/workdir/hadoop-ozone/integration-test/target/test-dir/MiniOzoneClusterImpl-d50571e5-2990-423a-9baf-60008d75fde6/datanode-0/data/ratis/753c826b-abd5-410c-9f27-6db32d3157bf for RaftStorage:Storage Directory /tmp/workdir/hadoop-ozone/integration-test/target/test-dir/MiniOzoneClusterImpl-d50571e5-2990-423a-9baf-60008d75fde6/datanode-0/data/ratis/753c826b-abd5-410c-9f27-6db32d3157bf
2019-07-14 06:53:28,731 INFO  server.RaftServerConfigKeys (ConfUtils.java:logGet(43)) - raft.server.log.statemachine.data.sync.timeout = 10s (default)
2019-07-14 06:53:28,731 INFO  server.RaftServerConfigKeys (ConfUtils.java:logGet(43)) - raft.server.log.statemachine.data.sync.timeout.retry = -1 (default)
2019-07-14 06:53:28,731 INFO  segmented.SegmentedRaftLogWorker (SegmentedRaftLogWorker.java:<init>(172)) - new cbefb6a9-63b0-4f45-83d7-16351731a333-SegmentedRaftLogWorker:Storage Directory /tmp/workdir/hadoop-ozone/integration-test/target/test-dir/MiniOzoneClusterImpl-d50571e5-2990-423a-9baf-60008d75fde6/datanode-3/data/ratis/753c826b-abd5-410c-9f27-6db32d3157bf for RaftStorage:Storage Directory /tmp/workdir/hadoop-ozone/integration-test/target/test-dir/MiniOzoneClusterImpl-d50571e5-2990-423a-9baf-60008d75fde6/datanode-3/data/ratis/753c826b-abd5-410c-9f27-6db32d3157bf
2019-07-14 06:53:28,734 INFO  server.RaftServerConfigKeys (ConfUtils.java:logGet(43)) - raft.server.log.statemachine.data.caching.enabled = true (custom)
2019-07-14 06:53:28,731 INFO  server.RaftServerConfigKeys (ConfUtils.java:logGet(43)) - raft.server.log.queue.byte-limit = 2147483647 (custom)
2019-07-14 06:53:28,736 INFO  segmented.SegmentedRaftLogWorker (SegmentedRaftLogWorker.java:lambda$new$0(132)) - ee47d561-0e1f-4a81-ab74-3db013f51d41-SegmentedRaftLogWorker:Storage Directory /tmp/workdir/hadoop-ozone/integration-test/target/test-dir/MiniOzoneClusterImpl-d50571e5-2990-423a-9baf-60008d75fde6/datanode-2/data/ratis/753c826b-abd5-410c-9f27-6db32d3157bf: flushIndex: setUnconditionally 0 -> -1
2019-07-14 06:53:28,734 INFO  server.RaftServerConfigKeys (ConfUtils.java:logGet(43)) - raft.server.log.queue.byte-limit = 2147483647 (custom)
2019-07-14 06:53:28,736 INFO  server.RaftServerConfigKeys (ConfUtils.java:logGet(43)) - raft.server.log.queue.element-limit = 1024 (custom)
2019-07-14 06:53:28,736 INFO  server.RaftServerConfigKeys (ConfUtils.java:logGet(43)) - raft.server.log.queue.element-limit = 1024 (custom)
2019-07-14 06:53:28,736 INFO  server.RaftServerConfigKeys (ConfUtils.java:logGet(43)) - raft.server.snapshot.auto.trigger.enabled = true (custom)
2019-07-14 06:53:28,737 INFO  server.RaftServerConfigKeys (ConfUtils.java:logGet(43)) - raft.server.log.segment.size.max = 1048576 (custom)
2019-07-14 06:53:28,737 INFO  server.RaftServerConfigKeys (ConfUtils.java:logGet(43)) - raft.server.log.preallocated.size = 16384 (custom)
2019-07-14 06:53:28,737 INFO  server.RaftServerConfigKeys (ConfUtils.java:logGet(43)) - raft.server.log.segment.size.max = 1048576 (custom)
2019-07-14 06:53:28,737 INFO  server.RaftServerConfigKeys (ConfUtils.java:logGet(43)) - raft.server.log.write.buffer.size = 33554432 (custom)
2019-07-14 06:53:28,737 INFO  server.RaftServerConfigKeys (ConfUtils.java:logGet(43)) - raft.server.snapshot.auto.trigger.threshold = 10000 (custom)
2019-07-14 06:53:28,737 INFO  server.RaftServerConfigKeys (ConfUtils.java:logGet(43)) - raft.server.log.force.sync.num = 128 (default)
2019-07-14 06:53:28,737 INFO  server.RaftServerConfigKeys (ConfUtils.java:logGet(43)) - raft.server.log.preallocated.size = 16384 (custom)
2019-07-14 06:53:28,738 INFO  server.RaftServerConfigKeys (ConfUtils.java:logGet(43)) - raft.server.log.statemachine.data.sync = true (default)
2019-07-14 06:53:28,738 INFO  server.RaftServerConfigKeys (ConfUtils.java:logGet(43)) - raft.server.retrycache.expirytime = 600000ms (custom)
2019-07-14 06:53:28,738 INFO  server.RaftServerConfigKeys (ConfUtils.java:logGet(43)) - raft.server.log.statemachine.data.sync.timeout = 10s (default)
2019-07-14 06:53:28,738 INFO  server.RaftServerConfigKeys (ConfUtils.java:logGet(43)) - raft.server.log.write.buffer.size = 33554432 (custom)
2019-07-14 06:53:28,738 INFO  server.RaftServerConfigKeys (ConfUtils.java:logGet(43)) - raft.server.log.statemachine.data.sync.timeout.retry = -1 (default)
2019-07-14 06:53:28,738 INFO  impl.RaftServerImpl (RaftServerImpl.java:start(180)) - ee47d561-0e1f-4a81-ab74-3db013f51d41: start group-6DB32D3157BF
2019-07-14 06:53:28,739 INFO  server.RaftServerConfigKeys (ConfUtils.java:logGet(43)) - raft.server.log.statemachine.data.caching.enabled = true (custom)
2019-07-14 06:53:28,739 INFO  server.RaftServerConfigKeys (ConfUtils.java:logGet(43)) - raft.server.log.force.sync.num = 128 (default)
2019-07-14 06:53:28,739 INFO  impl.RaftServerImpl (RaftServerImpl.java:setRole(171)) - ee47d561-0e1f-4a81-ab74-3db013f51d41:group-6DB32D3157BF changes role from null to FOLLOWER at term 0 for startAsFollower
2019-07-14 06:53:28,739 INFO  server.RaftServerConfigKeys (ConfUtils.java:logGet(43)) - raft.server.log.statemachine.data.sync = true (default)
2019-07-14 06:53:28,739 INFO  segmented.SegmentedRaftLogWorker (SegmentedRaftLogWorker.java:lambda$new$0(132)) - cbefb6a9-63b0-4f45-83d7-16351731a333-SegmentedRaftLogWorker:Storage Directory /tmp/workdir/hadoop-ozone/integration-test/target/test-dir/MiniOzoneClusterImpl-d50571e5-2990-423a-9baf-60008d75fde6/datanode-3/data/ratis/753c826b-abd5-410c-9f27-6db32d3157bf: flushIndex: setUnconditionally 0 -> -1
2019-07-14 06:53:28,740 INFO  server.RaftServerConfigKeys (ConfUtils.java:logGet(43)) - raft.server.log.statemachine.data.sync.timeout = 10s (default)
2019-07-14 06:53:28,739 INFO  impl.RoleInfo (RoleInfo.java:updateAndGet(143)) - ee47d561-0e1f-4a81-ab74-3db013f51d41: start FollowerState
2019-07-14 06:53:28,740 INFO  server.RaftServerConfigKeys (ConfUtils.java:logGet(43)) - raft.server.snapshot.auto.trigger.enabled = true (custom)
2019-07-14 06:53:28,740 INFO  server.RaftServerConfigKeys (ConfUtils.java:logGet(43)) - raft.server.log.statemachine.data.sync.timeout.retry = -1 (default)
2019-07-14 06:53:28,740 INFO  server.RaftServerConfigKeys (ConfUtils.java:logGet(43)) - raft.server.snapshot.auto.trigger.threshold = 10000 (custom)
2019-07-14 06:53:28,740 INFO  server.RaftServerConfigKeys (ConfUtils.java:logGet(43)) - raft.server.log.statemachine.data.caching.enabled = true (custom)
2019-07-14 06:53:28,740 INFO  util.JmxRegister (JmxRegister.java:tryRegister(44)) - Successfully registered JMX Bean with object name Ratis:service=RaftServer,group=group-6DB32D3157BF,id=ee47d561-0e1f-4a81-ab74-3db013f51d41
2019-07-14 06:53:28,740 INFO  server.RaftServerConfigKeys (ConfUtils.java:logGet(43)) - raft.server.retrycache.expirytime = 600000ms (custom)
2019-07-14 06:53:28,741 INFO  segmented.SegmentedRaftLogWorker (SegmentedRaftLogWorker.java:lambda$new$0(132)) - 21c11074-c061-4199-a5c5-e5d1047c631d-SegmentedRaftLogWorker:Storage Directory /tmp/workdir/hadoop-ozone/integration-test/target/test-dir/MiniOzoneClusterImpl-d50571e5-2990-423a-9baf-60008d75fde6/datanode-0/data/ratis/753c826b-abd5-410c-9f27-6db32d3157bf: flushIndex: setUnconditionally 0 -> -1
2019-07-14 06:53:28,741 INFO  impl.RaftServerImpl (RaftServerImpl.java:start(180)) - cbefb6a9-63b0-4f45-83d7-16351731a333: start group-6DB32D3157BF
2019-07-14 06:53:28,741 INFO  impl.RaftServerImpl (RaftServerImpl.java:setRole(171)) - cbefb6a9-63b0-4f45-83d7-16351731a333:group-6DB32D3157BF changes role from null to FOLLOWER at term 0 for startAsFollower
2019-07-14 06:53:28,741 INFO  server.RaftServerConfigKeys (ConfUtils.java:logGet(43)) - raft.server.snapshot.auto.trigger.enabled = true (custom)
2019-07-14 06:53:28,741 INFO  impl.RoleInfo (RoleInfo.java:updateAndGet(143)) - cbefb6a9-63b0-4f45-83d7-16351731a333: start FollowerState
2019-07-14 06:53:28,741 INFO  server.RaftServerConfigKeys (ConfUtils.java:logGet(43)) - raft.server.snapshot.auto.trigger.threshold = 10000 (custom)
2019-07-14 06:53:28,742 INFO  server.RaftServerConfigKeys (ConfUtils.java:logGet(43)) - raft.server.retrycache.expirytime = 600000ms (custom)
2019-07-14 06:53:28,742 INFO  util.JmxRegister (JmxRegister.java:tryRegister(44)) - Successfully registered JMX Bean with object name Ratis:service=RaftServer,group=group-6DB32D3157BF,id=cbefb6a9-63b0-4f45-83d7-16351731a333
2019-07-14 06:53:28,742 INFO  impl.RaftServerImpl (RaftServerImpl.java:start(180)) - 21c11074-c061-4199-a5c5-e5d1047c631d: start group-6DB32D3157BF
2019-07-14 06:53:28,742 INFO  impl.RaftServerImpl (RaftServerImpl.java:setRole(171)) - 21c11074-c061-4199-a5c5-e5d1047c631d:group-6DB32D3157BF changes role from null to FOLLOWER at term 0 for startAsFollower
2019-07-14 06:53:28,742 INFO  impl.RoleInfo (RoleInfo.java:updateAndGet(143)) - 21c11074-c061-4199-a5c5-e5d1047c631d: start FollowerState
2019-07-14 06:53:28,745 INFO  util.JmxRegister (JmxRegister.java:tryRegister(44)) - Successfully registered JMX Bean with object name Ratis:service=RaftServer,group=group-6DB32D3157BF,id=21c11074-c061-4199-a5c5-e5d1047c631d
2019-07-14 06:53:28,766 INFO  pipeline.PipelineStateManager (PipelineStateManager.java:addPipeline(56)) - Created pipeline Pipeline[ Id: 753c826b-abd5-410c-9f27-6db32d3157bf, Nodes: cbefb6a9-63b0-4f45-83d7-16351731a333{ip: 192.168.5.144, host: trunk-nightly-8c95p-1540871953, networkLocation: /default-rack, certSerialId: null}21c11074-c061-4199-a5c5-e5d1047c631d{ip: 192.168.5.144, host: trunk-nightly-8c95p-1540871953, networkLocation: /default-rack, certSerialId: null}ee47d561-0e1f-4a81-ab74-3db013f51d41{ip: 192.168.5.144, host: trunk-nightly-8c95p-1540871953, networkLocation: /default-rack, certSerialId: null}, Type:RATIS, Factor:THREE, State:OPEN]
2019-07-14 06:53:29,183 INFO  ozone.MiniOzoneClusterImpl (MiniOzoneClusterImpl.java:lambda$waitForClusterToBeReady$0(142)) - Cluster is ready. Got 7 of 7 DN Heartbeats.
2019-07-14 06:53:29,508 INFO  rpc.RpcClient (RpcClient.java:createVolume(287)) - Creating Volume: testblockoutputstreamwithretries, with jenkins1000 as owner.
2019-07-14 06:53:29,541 INFO  rpc.RpcClient (RpcClient.java:createBucket(424)) - Creating Bucket: testblockoutputstreamwithretries/testblockoutputstreamwithretries, with Versioning false and Storage Type set to DISK and Encryption set to false 
2019-07-14 06:53:29,806 INFO  client.GrpcClientProtocolClient (GrpcClientProtocolClient.java:onNext(255)) - client-406E3DF5D53E->ced4ce4a-19c0-4cac-897b-288d0e2520b1: receive RaftClientReply:client-406E3DF5D53E->ced4ce4a-19c0-4cac-897b-288d0e2520b1@group-849D69EE2CC4, cid=13, FAILED org.apache.ratis.protocol.NotLeaderException: Server ced4ce4a-19c0-4cac-897b-288d0e2520b1 is not the leader (null). Request must be sent to leader., logIndex=0, commits[ced4ce4a-19c0-4cac-897b-288d0e2520b1:c-1]
2019-07-14 06:53:29,957 INFO  container.ReplicationManager (ReplicationManager.java:start(155)) - Starting Replication Monitor Thread.
2019-07-14 06:53:29,962 INFO  container.ReplicationManager (ReplicationManager.java:run(207)) - Replication Monitor Thread took 3 milliseconds for processing 1 containers.
2019-07-14 06:53:30,853 INFO  client.GrpcClientProtocolClient (GrpcClientProtocolClient.java:onNext(255)) - client-406E3DF5D53E->456e4f0a-b3c9-49c2-9fd7-0f964256b228: receive RaftClientReply:client-406E3DF5D53E->456e4f0a-b3c9-49c2-9fd7-0f964256b228@group-849D69EE2CC4, cid=13, FAILED org.apache.ratis.protocol.NotLeaderException: Server 456e4f0a-b3c9-49c2-9fd7-0f964256b228 is not the leader (null). Request must be sent to leader., logIndex=0, commits[456e4f0a-b3c9-49c2-9fd7-0f964256b228:c-1]
2019-07-14 06:53:31,883 INFO  client.GrpcClientProtocolClient (GrpcClientProtocolClient.java:onNext(255)) - client-406E3DF5D53E->9df94194-a88f-471a-ad97-294777adf0f4: receive RaftClientReply:client-406E3DF5D53E->9df94194-a88f-471a-ad97-294777adf0f4@group-849D69EE2CC4, cid=13, FAILED org.apache.ratis.protocol.NotLeaderException: Server 9df94194-a88f-471a-ad97-294777adf0f4 is not the leader (null). Request must be sent to leader., logIndex=0, commits[9df94194-a88f-471a-ad97-294777adf0f4:c-1]
2019-07-14 06:53:32,912 INFO  client.GrpcClientProtocolClient (GrpcClientProtocolClient.java:onNext(255)) - client-406E3DF5D53E->456e4f0a-b3c9-49c2-9fd7-0f964256b228: receive RaftClientReply:client-406E3DF5D53E->456e4f0a-b3c9-49c2-9fd7-0f964256b228@group-849D69EE2CC4, cid=13, FAILED org.apache.ratis.protocol.NotLeaderException: Server 456e4f0a-b3c9-49c2-9fd7-0f964256b228 is not the leader (null). Request must be sent to leader., logIndex=0, commits[456e4f0a-b3c9-49c2-9fd7-0f964256b228:c-1]
2019-07-14 06:53:33,154 INFO  impl.FollowerState (FollowerState.java:run(106)) - 21c11074-c061-4199-a5c5-e5d1047c631d:group-020269296A02 changes to CANDIDATE, lastRpcTime:5102, electionTimeout:5101ms
2019-07-14 06:53:33,155 INFO  impl.RoleInfo (RoleInfo.java:shutdownFollowerState(121)) - 21c11074-c061-4199-a5c5-e5d1047c631d: shutdown FollowerState
2019-07-14 06:53:33,155 INFO  impl.RaftServerImpl (RaftServerImpl.java:setRole(171)) - 21c11074-c061-4199-a5c5-e5d1047c631d:group-020269296A02 changes role from FOLLOWER to CANDIDATE at term 0 for changeToCandidate
2019-07-14 06:53:33,158 INFO  impl.RoleInfo (RoleInfo.java:updateAndGet(143)) - 21c11074-c061-4199-a5c5-e5d1047c631d: start LeaderElection
2019-07-14 06:53:33,178 INFO  impl.LeaderElection (LeaderElection.java:askForVotes(181)) - 21c11074-c061-4199-a5c5-e5d1047c631d:group-020269296A02:LeaderElection1: begin an election at term 1 for -1: [21c11074-c061-4199-a5c5-e5d1047c631d:192.168.5.144:43548], old=null
2019-07-14 06:53:33,180 INFO  impl.RoleInfo (RoleInfo.java:shutdownLeaderElection(134)) - 21c11074-c061-4199-a5c5-e5d1047c631d: shutdown LeaderElection
2019-07-14 06:53:33,181 INFO  impl.RaftServerImpl (RaftServerImpl.java:setRole(171)) - 21c11074-c061-4199-a5c5-e5d1047c631d:group-020269296A02 changes role from CANDIDATE to LEADER at term 1 for changeToLeader
2019-07-14 06:53:33,181 INFO  impl.RaftServerImpl (ServerState.java:setLeader(263)) - 21c11074-c061-4199-a5c5-e5d1047c631d:group-020269296A02 change Leader from null to 21c11074-c061-4199-a5c5-e5d1047c631d at term 1 for becomeLeader, leader elected after 5207ms
2019-07-14 06:53:33,189 INFO  server.RaftServerConfigKeys (ConfUtils.java:logGet(43)) - raft.server.staging.catchup.gap = 1000 (default)
2019-07-14 06:53:33,190 INFO  server.RaftServerConfigKeys (ConfUtils.java:logGet(43)) - raft.server.rpc.sleep.time = 25ms (default)
2019-07-14 06:53:33,193 INFO  server.RaftServerConfigKeys (ConfUtils.java:logGet(43)) - raft.server.write.element-limit = 4096 (default)
2019-07-14 06:53:33,196 INFO  server.RaftServerConfigKeys (ConfUtils.java:logGet(43)) - raft.server.watch.timeout = 10s (default)
2019-07-14 06:53:33,197 INFO  server.RaftServerConfigKeys (ConfUtils.java:logGet(43)) - raft.server.watch.timeout.denomination = 1s (default)
2019-07-14 06:53:33,198 INFO  server.RaftServerConfigKeys (ConfUtils.java:logGet(43)) - raft.server.watch.element-limit = 65536 (default)
2019-07-14 06:53:33,208 INFO  impl.RoleInfo (RoleInfo.java:updateAndGet(143)) - 21c11074-c061-4199-a5c5-e5d1047c631d: start LeaderState
2019-07-14 06:53:33,234 INFO  segmented.SegmentedRaftLogWorker (SegmentedRaftLogWorker.java:startLogSegment(380)) - 21c11074-c061-4199-a5c5-e5d1047c631d-SegmentedRaftLogWorker:Storage Directory /tmp/workdir/hadoop-ozone/integration-test/target/test-dir/MiniOzoneClusterImpl-d50571e5-2990-423a-9baf-60008d75fde6/datanode-0/data/ratis/b0ded695-8aaf-4990-828d-020269296a02: Starting segment from index:0
2019-07-14 06:53:33,244 INFO  impl.RaftServerImpl (ServerState.java:setRaftConf(361)) - 21c11074-c061-4199-a5c5-e5d1047c631d:group-020269296A02 set configuration 0: [21c11074-c061-4199-a5c5-e5d1047c631d:192.168.5.144:43548], old=null at 0
2019-07-14 06:53:33,321 INFO  impl.FollowerState (FollowerState.java:run(106)) - 456e4f0a-b3c9-49c2-9fd7-0f964256b228:group-9F7B3BCD7010 changes to CANDIDATE, lastRpcTime:5045, electionTimeout:5045ms
2019-07-14 06:53:33,323 INFO  impl.RoleInfo (RoleInfo.java:shutdownFollowerState(121)) - 456e4f0a-b3c9-49c2-9fd7-0f964256b228: shutdown FollowerState
2019-07-14 06:53:33,323 INFO  impl.RaftServerImpl (RaftServerImpl.java:setRole(171)) - 456e4f0a-b3c9-49c2-9fd7-0f964256b228:group-9F7B3BCD7010 changes role from FOLLOWER to CANDIDATE at term 0 for changeToCandidate
2019-07-14 06:53:33,323 INFO  impl.RoleInfo (RoleInfo.java:updateAndGet(143)) - 456e4f0a-b3c9-49c2-9fd7-0f964256b228: start LeaderElection
2019-07-14 06:53:33,341 INFO  impl.LeaderElection (LeaderElection.java:askForVotes(181)) - 456e4f0a-b3c9-49c2-9fd7-0f964256b228:group-9F7B3BCD7010:LeaderElection2: begin an election at term 1 for -1: [456e4f0a-b3c9-49c2-9fd7-0f964256b228:192.168.5.144:35386], old=null
2019-07-14 06:53:33,343 INFO  impl.RoleInfo (RoleInfo.java:shutdownLeaderElection(134)) - 456e4f0a-b3c9-49c2-9fd7-0f964256b228: shutdown LeaderElection
2019-07-14 06:53:33,343 INFO  impl.RaftServerImpl (RaftServerImpl.java:setRole(171)) - 456e4f0a-b3c9-49c2-9fd7-0f964256b228:group-9F7B3BCD7010 changes role from CANDIDATE to LEADER at term 1 for changeToLeader
2019-07-14 06:53:33,343 INFO  impl.RaftServerImpl (ServerState.java:setLeader(263)) - 456e4f0a-b3c9-49c2-9fd7-0f964256b228:group-9F7B3BCD7010 change Leader from null to 456e4f0a-b3c9-49c2-9fd7-0f964256b228 at term 1 for becomeLeader, leader elected after 5073ms
2019-07-14 06:53:33,343 INFO  server.RaftServerConfigKeys (ConfUtils.java:logGet(43)) - raft.server.staging.catchup.gap = 1000 (default)
2019-07-14 06:53:33,343 INFO  server.RaftServerConfigKeys (ConfUtils.java:logGet(43)) - raft.server.rpc.sleep.time = 25ms (default)
2019-07-14 06:53:33,344 INFO  server.RaftServerConfigKeys (ConfUtils.java:logGet(43)) - raft.server.write.element-limit = 4096 (default)
2019-07-14 06:53:33,344 INFO  server.RaftServerConfigKeys (ConfUtils.java:logGet(43)) - raft.server.watch.timeout = 10s (default)
2019-07-14 06:53:33,344 INFO  server.RaftServerConfigKeys (ConfUtils.java:logGet(43)) - raft.server.watch.timeout.denomination = 1s (default)
2019-07-14 06:53:33,346 INFO  server.RaftServerConfigKeys (ConfUtils.java:logGet(43)) - raft.server.watch.element-limit = 65536 (default)
2019-07-14 06:53:33,347 INFO  impl.RoleInfo (RoleInfo.java:updateAndGet(143)) - 456e4f0a-b3c9-49c2-9fd7-0f964256b228: start LeaderState
2019-07-14 06:53:33,347 INFO  segmented.SegmentedRaftLogWorker (SegmentedRaftLogWorker.java:startLogSegment(380)) - 456e4f0a-b3c9-49c2-9fd7-0f964256b228-SegmentedRaftLogWorker:Storage Directory /tmp/workdir/hadoop-ozone/integration-test/target/test-dir/MiniOzoneClusterImpl-d50571e5-2990-423a-9baf-60008d75fde6/datanode-4/data/ratis/da06135c-f524-4d70-8eaa-9f7b3bcd7010: Starting segment from index:0
2019-07-14 06:53:33,348 INFO  impl.RaftServerImpl (ServerState.java:setRaftConf(361)) - 456e4f0a-b3c9-49c2-9fd7-0f964256b228:group-9F7B3BCD7010 set configuration 0: [456e4f0a-b3c9-49c2-9fd7-0f964256b228:192.168.5.144:35386], old=null at 0
2019-07-14 06:53:33,366 INFO  impl.FollowerState (FollowerState.java:run(106)) - 9df94194-a88f-471a-ad97-294777adf0f4:group-BBE5FCFDA00E changes to CANDIDATE, lastRpcTime:5037, electionTimeout:5037ms
2019-07-14 06:53:33,366 INFO  impl.RoleInfo (RoleInfo.java:shutdownFollowerState(121)) - 9df94194-a88f-471a-ad97-294777adf0f4: shutdown FollowerState
2019-07-14 06:53:33,366 INFO  impl.RaftServerImpl (RaftServerImpl.java:setRole(171)) - 9df94194-a88f-471a-ad97-294777adf0f4:group-BBE5FCFDA00E changes role from FOLLOWER to CANDIDATE at term 0 for changeToCandidate
2019-07-14 06:53:33,367 INFO  impl.RoleInfo (RoleInfo.java:updateAndGet(143)) - 9df94194-a88f-471a-ad97-294777adf0f4: start LeaderElection
2019-07-14 06:53:33,373 INFO  impl.FollowerState (FollowerState.java:run(106)) - ced4ce4a-19c0-4cac-897b-288d0e2520b1:group-AA5DA679A3B7 changes to CANDIDATE, lastRpcTime:5160, electionTimeout:5159ms
2019-07-14 06:53:33,373 INFO  impl.RoleInfo (RoleInfo.java:shutdownFollowerState(121)) - ced4ce4a-19c0-4cac-897b-288d0e2520b1: shutdown FollowerState
2019-07-14 06:53:33,373 INFO  impl.RaftServerImpl (RaftServerImpl.java:setRole(171)) - ced4ce4a-19c0-4cac-897b-288d0e2520b1:group-AA5DA679A3B7 changes role from FOLLOWER to CANDIDATE at term 0 for changeToCandidate
2019-07-14 06:53:33,373 INFO  impl.RoleInfo (RoleInfo.java:updateAndGet(143)) - ced4ce4a-19c0-4cac-897b-288d0e2520b1: start LeaderElection
2019-07-14 06:53:33,383 INFO  impl.LeaderElection (LeaderElection.java:askForVotes(181)) - 9df94194-a88f-471a-ad97-294777adf0f4:group-BBE5FCFDA00E:LeaderElection3: begin an election at term 1 for -1: [9df94194-a88f-471a-ad97-294777adf0f4:192.168.5.144:40187], old=null
2019-07-14 06:53:33,383 INFO  impl.LeaderElection (LeaderElection.java:askForVotes(181)) - ced4ce4a-19c0-4cac-897b-288d0e2520b1:group-AA5DA679A3B7:LeaderElection4: begin an election at term 1 for -1: [ced4ce4a-19c0-4cac-897b-288d0e2520b1:192.168.5.144:39922], old=null
2019-07-14 06:53:33,383 INFO  impl.RoleInfo (RoleInfo.java:shutdownLeaderElection(134)) - 9df94194-a88f-471a-ad97-294777adf0f4: shutdown LeaderElection
2019-07-14 06:53:33,383 INFO  impl.RoleInfo (RoleInfo.java:shutdownLeaderElection(134)) - ced4ce4a-19c0-4cac-897b-288d0e2520b1: shutdown LeaderElection
2019-07-14 06:53:33,383 INFO  impl.RaftServerImpl (RaftServerImpl.java:setRole(171)) - 9df94194-a88f-471a-ad97-294777adf0f4:group-BBE5FCFDA00E changes role from CANDIDATE to LEADER at term 1 for changeToLeader
2019-07-14 06:53:33,383 INFO  impl.RaftServerImpl (RaftServerImpl.java:setRole(171)) - ced4ce4a-19c0-4cac-897b-288d0e2520b1:group-AA5DA679A3B7 changes role from CANDIDATE to LEADER at term 1 for changeToLeader
2019-07-14 06:53:33,383 INFO  impl.RaftServerImpl (ServerState.java:setLeader(263)) - 9df94194-a88f-471a-ad97-294777adf0f4:group-BBE5FCFDA00E change Leader from null to 9df94194-a88f-471a-ad97-294777adf0f4 at term 1 for becomeLeader, leader elected after 5058ms
2019-07-14 06:53:33,384 INFO  impl.RaftServerImpl (ServerState.java:setLeader(263)) - ced4ce4a-19c0-4cac-897b-288d0e2520b1:group-AA5DA679A3B7 change Leader from null to ced4ce4a-19c0-4cac-897b-288d0e2520b1 at term 1 for becomeLeader, leader elected after 5177ms
2019-07-14 06:53:33,384 INFO  server.RaftServerConfigKeys (ConfUtils.java:logGet(43)) - raft.server.staging.catchup.gap = 1000 (default)
2019-07-14 06:53:33,384 INFO  server.RaftServerConfigKeys (ConfUtils.java:logGet(43)) - raft.server.staging.catchup.gap = 1000 (default)
2019-07-14 06:53:33,384 INFO  server.RaftServerConfigKeys (ConfUtils.java:logGet(43)) - raft.server.rpc.sleep.time = 25ms (default)
2019-07-14 06:53:33,384 INFO  server.RaftServerConfigKeys (ConfUtils.java:logGet(43)) - raft.server.rpc.sleep.time = 25ms (default)
2019-07-14 06:53:33,384 INFO  server.RaftServerConfigKeys (ConfUtils.java:logGet(43)) - raft.server.write.element-limit = 4096 (default)
2019-07-14 06:53:33,385 INFO  server.RaftServerConfigKeys (ConfUtils.java:logGet(43)) - raft.server.write.element-limit = 4096 (default)
2019-07-14 06:53:33,385 INFO  server.RaftServerConfigKeys (ConfUtils.java:logGet(43)) - raft.server.watch.timeout = 10s (default)
2019-07-14 06:53:33,385 INFO  server.RaftServerConfigKeys (ConfUtils.java:logGet(43)) - raft.server.watch.timeout = 10s (default)
2019-07-14 06:53:33,385 INFO  server.RaftServerConfigKeys (ConfUtils.java:logGet(43)) - raft.server.watch.timeout.denomination = 1s (default)
2019-07-14 06:53:33,385 INFO  server.RaftServerConfigKeys (ConfUtils.java:logGet(43)) - raft.server.watch.timeout.denomination = 1s (default)
2019-07-14 06:53:33,385 INFO  server.RaftServerConfigKeys (ConfUtils.java:logGet(43)) - raft.server.watch.element-limit = 65536 (default)
2019-07-14 06:53:33,385 INFO  server.RaftServerConfigKeys (ConfUtils.java:logGet(43)) - raft.server.watch.element-limit = 65536 (default)
2019-07-14 06:53:33,386 INFO  impl.RoleInfo (RoleInfo.java:updateAndGet(143)) - ced4ce4a-19c0-4cac-897b-288d0e2520b1: start LeaderState
2019-07-14 06:53:33,386 INFO  impl.RoleInfo (RoleInfo.java:updateAndGet(143)) - 9df94194-a88f-471a-ad97-294777adf0f4: start LeaderState
2019-07-14 06:53:33,386 INFO  segmented.SegmentedRaftLogWorker (SegmentedRaftLogWorker.java:startLogSegment(380)) - ced4ce4a-19c0-4cac-897b-288d0e2520b1-SegmentedRaftLogWorker:Storage Directory /tmp/workdir/hadoop-ozone/integration-test/target/test-dir/MiniOzoneClusterImpl-d50571e5-2990-423a-9baf-60008d75fde6/datanode-1/data/ratis/7d37a95f-8b29-4e0f-9203-aa5da679a3b7: Starting segment from index:0
2019-07-14 06:53:33,386 INFO  segmented.SegmentedRaftLogWorker (SegmentedRaftLogWorker.java:startLogSegment(380)) - 9df94194-a88f-471a-ad97-294777adf0f4-SegmentedRaftLogWorker:Storage Directory /tmp/workdir/hadoop-ozone/integration-test/target/test-dir/MiniOzoneClusterImpl-d50571e5-2990-423a-9baf-60008d75fde6/datanode-6/data/ratis/787206f9-6d8b-4cc4-9cde-bbe5fcfda00e: Starting segment from index:0
2019-07-14 06:53:33,387 INFO  impl.RaftServerImpl (ServerState.java:setRaftConf(361)) - ced4ce4a-19c0-4cac-897b-288d0e2520b1:group-AA5DA679A3B7 set configuration 0: [ced4ce4a-19c0-4cac-897b-288d0e2520b1:192.168.5.144:39922], old=null at 0
2019-07-14 06:53:33,389 INFO  impl.RaftServerImpl (ServerState.java:setRaftConf(361)) - 9df94194-a88f-471a-ad97-294777adf0f4:group-BBE5FCFDA00E set configuration 0: [9df94194-a88f-471a-ad97-294777adf0f4:192.168.5.144:40187], old=null at 0
2019-07-14 06:53:33,481 INFO  segmented.SegmentedRaftLogWorker (SegmentedRaftLogWorker.java:execute(569)) - 456e4f0a-b3c9-49c2-9fd7-0f964256b228-SegmentedRaftLogWorker:Storage Directory /tmp/workdir/hadoop-ozone/integration-test/target/test-dir/MiniOzoneClusterImpl-d50571e5-2990-423a-9baf-60008d75fde6/datanode-4/data/ratis/da06135c-f524-4d70-8eaa-9f7b3bcd7010: created new log segment /tmp/workdir/hadoop-ozone/integration-test/target/test-dir/MiniOzoneClusterImpl-d50571e5-2990-423a-9baf-60008d75fde6/datanode-4/data/ratis/da06135c-f524-4d70-8eaa-9f7b3bcd7010/current/log_inprogress_0
2019-07-14 06:53:33,481 INFO  segmented.SegmentedRaftLogWorker (SegmentedRaftLogWorker.java:execute(569)) - 9df94194-a88f-471a-ad97-294777adf0f4-SegmentedRaftLogWorker:Storage Directory /tmp/workdir/hadoop-ozone/integration-test/target/test-dir/MiniOzoneClusterImpl-d50571e5-2990-423a-9baf-60008d75fde6/datanode-6/data/ratis/787206f9-6d8b-4cc4-9cde-bbe5fcfda00e: created new log segment /tmp/workdir/hadoop-ozone/integration-test/target/test-dir/MiniOzoneClusterImpl-d50571e5-2990-423a-9baf-60008d75fde6/datanode-6/data/ratis/787206f9-6d8b-4cc4-9cde-bbe5fcfda00e/current/log_inprogress_0
2019-07-14 06:53:33,481 INFO  segmented.SegmentedRaftLogWorker (SegmentedRaftLogWorker.java:execute(569)) - 21c11074-c061-4199-a5c5-e5d1047c631d-SegmentedRaftLogWorker:Storage Directory /tmp/workdir/hadoop-ozone/integration-test/target/test-dir/MiniOzoneClusterImpl-d50571e5-2990-423a-9baf-60008d75fde6/datanode-0/data/ratis/b0ded695-8aaf-4990-828d-020269296a02: created new log segment /tmp/workdir/hadoop-ozone/integration-test/target/test-dir/MiniOzoneClusterImpl-d50571e5-2990-423a-9baf-60008d75fde6/datanode-0/data/ratis/b0ded695-8aaf-4990-828d-020269296a02/current/log_inprogress_0
2019-07-14 06:53:33,481 INFO  segmented.SegmentedRaftLogWorker (SegmentedRaftLogWorker.java:execute(569)) - ced4ce4a-19c0-4cac-897b-288d0e2520b1-SegmentedRaftLogWorker:Storage Directory /tmp/workdir/hadoop-ozone/integration-test/target/test-dir/MiniOzoneClusterImpl-d50571e5-2990-423a-9baf-60008d75fde6/datanode-1/data/ratis/7d37a95f-8b29-4e0f-9203-aa5da679a3b7: created new log segment /tmp/workdir/hadoop-ozone/integration-test/target/test-dir/MiniOzoneClusterImpl-d50571e5-2990-423a-9baf-60008d75fde6/datanode-1/data/ratis/7d37a95f-8b29-4e0f-9203-aa5da679a3b7/current/log_inprogress_0
2019-07-14 06:53:33,486 INFO  impl.FollowerState (FollowerState.java:run(106)) - ee47d561-0e1f-4a81-ab74-3db013f51d41:group-15D21720E4AE changes to CANDIDATE, lastRpcTime:5024, electionTimeout:5023ms
2019-07-14 06:53:33,488 INFO  impl.RoleInfo (RoleInfo.java:shutdownFollowerState(121)) - ee47d561-0e1f-4a81-ab74-3db013f51d41: shutdown FollowerState
2019-07-14 06:53:33,488 INFO  impl.RaftServerImpl (RaftServerImpl.java:setRole(171)) - ee47d561-0e1f-4a81-ab74-3db013f51d41:group-15D21720E4AE changes role from FOLLOWER to CANDIDATE at term 0 for changeToCandidate
2019-07-14 06:53:33,490 INFO  impl.RoleInfo (RoleInfo.java:updateAndGet(143)) - ee47d561-0e1f-4a81-ab74-3db013f51d41: start LeaderElection
2019-07-14 06:53:33,501 INFO  impl.LeaderElection (LeaderElection.java:askForVotes(181)) - ee47d561-0e1f-4a81-ab74-3db013f51d41:group-15D21720E4AE:LeaderElection5: begin an election at term 1 for -1: [ee47d561-0e1f-4a81-ab74-3db013f51d41:192.168.5.144:36791], old=null
2019-07-14 06:53:33,503 INFO  impl.RoleInfo (RoleInfo.java:shutdownLeaderElection(134)) - ee47d561-0e1f-4a81-ab74-3db013f51d41: shutdown LeaderElection
2019-07-14 06:53:33,503 INFO  impl.RaftServerImpl (RaftServerImpl.java:setRole(171)) - ee47d561-0e1f-4a81-ab74-3db013f51d41:group-15D21720E4AE changes role from CANDIDATE to LEADER at term 1 for changeToLeader
2019-07-14 06:53:33,503 INFO  impl.RaftServerImpl (ServerState.java:setLeader(263)) - ee47d561-0e1f-4a81-ab74-3db013f51d41:group-15D21720E4AE change Leader from null to ee47d561-0e1f-4a81-ab74-3db013f51d41 at term 1 for becomeLeader, leader elected after 5046ms
2019-07-14 06:53:33,504 INFO  server.RaftServerConfigKeys (ConfUtils.java:logGet(43)) - raft.server.staging.catchup.gap = 1000 (default)
2019-07-14 06:53:33,504 INFO  server.RaftServerConfigKeys (ConfUtils.java:logGet(43)) - raft.server.rpc.sleep.time = 25ms (default)
2019-07-14 06:53:33,504 INFO  server.RaftServerConfigKeys (ConfUtils.java:logGet(43)) - raft.server.write.element-limit = 4096 (default)
2019-07-14 06:53:33,504 INFO  server.RaftServerConfigKeys (ConfUtils.java:logGet(43)) - raft.server.watch.timeout = 10s (default)
2019-07-14 06:53:33,504 INFO  server.RaftServerConfigKeys (ConfUtils.java:logGet(43)) - raft.server.watch.timeout.denomination = 1s (default)
2019-07-14 06:53:33,504 INFO  server.RaftServerConfigKeys (ConfUtils.java:logGet(43)) - raft.server.watch.element-limit = 65536 (default)
2019-07-14 06:53:33,505 INFO  impl.RoleInfo (RoleInfo.java:updateAndGet(143)) - ee47d561-0e1f-4a81-ab74-3db013f51d41: start LeaderState
2019-07-14 06:53:33,505 INFO  segmented.SegmentedRaftLogWorker (SegmentedRaftLogWorker.java:startLogSegment(380)) - ee47d561-0e1f-4a81-ab74-3db013f51d41-SegmentedRaftLogWorker:Storage Directory /tmp/workdir/hadoop-ozone/integration-test/target/test-dir/MiniOzoneClusterImpl-d50571e5-2990-423a-9baf-60008d75fde6/datanode-2/data/ratis/84f8f6ba-3ecf-49ba-ba84-15d21720e4ae: Starting segment from index:0
2019-07-14 06:53:33,506 INFO  impl.RaftServerImpl (ServerState.java:setRaftConf(361)) - ee47d561-0e1f-4a81-ab74-3db013f51d41:group-15D21720E4AE set configuration 0: [ee47d561-0e1f-4a81-ab74-3db013f51d41:192.168.5.144:36791], old=null at 0
2019-07-14 06:53:33,523 INFO  impl.FollowerState (FollowerState.java:run(106)) - cbefb6a9-63b0-4f45-83d7-16351731a333:group-53B728F2476F changes to CANDIDATE, lastRpcTime:5136, electionTimeout:5128ms
2019-07-14 06:53:33,524 INFO  impl.RoleInfo (RoleInfo.java:shutdownFollowerState(121)) - cbefb6a9-63b0-4f45-83d7-16351731a333: shutdown FollowerState
2019-07-14 06:53:33,524 INFO  impl.RaftServerImpl (RaftServerImpl.java:setRole(171)) - cbefb6a9-63b0-4f45-83d7-16351731a333:group-53B728F2476F changes role from FOLLOWER to CANDIDATE at term 0 for changeToCandidate
2019-07-14 06:53:33,524 INFO  impl.RoleInfo (RoleInfo.java:updateAndGet(143)) - cbefb6a9-63b0-4f45-83d7-16351731a333: start LeaderElection
2019-07-14 06:53:33,527 INFO  segmented.SegmentedRaftLogWorker (SegmentedRaftLogWorker.java:execute(569)) - ee47d561-0e1f-4a81-ab74-3db013f51d41-SegmentedRaftLogWorker:Storage Directory /tmp/workdir/hadoop-ozone/integration-test/target/test-dir/MiniOzoneClusterImpl-d50571e5-2990-423a-9baf-60008d75fde6/datanode-2/data/ratis/84f8f6ba-3ecf-49ba-ba84-15d21720e4ae: created new log segment /tmp/workdir/hadoop-ozone/integration-test/target/test-dir/MiniOzoneClusterImpl-d50571e5-2990-423a-9baf-60008d75fde6/datanode-2/data/ratis/84f8f6ba-3ecf-49ba-ba84-15d21720e4ae/current/log_inprogress_0
2019-07-14 06:53:33,535 INFO  impl.LeaderElection (LeaderElection.java:askForVotes(181)) - cbefb6a9-63b0-4f45-83d7-16351731a333:group-53B728F2476F:LeaderElection6: begin an election at term 1 for -1: [cbefb6a9-63b0-4f45-83d7-16351731a333:192.168.5.144:38159], old=null
2019-07-14 06:53:33,535 INFO  impl.RoleInfo (RoleInfo.java:shutdownLeaderElection(134)) - cbefb6a9-63b0-4f45-83d7-16351731a333: shutdown LeaderElection
2019-07-14 06:53:33,536 INFO  impl.RaftServerImpl (RaftServerImpl.java:setRole(171)) - cbefb6a9-63b0-4f45-83d7-16351731a333:group-53B728F2476F changes role from CANDIDATE to LEADER at term 1 for changeToLeader
2019-07-14 06:53:33,536 INFO  impl.RaftServerImpl (ServerState.java:setLeader(263)) - cbefb6a9-63b0-4f45-83d7-16351731a333:group-53B728F2476F change Leader from null to cbefb6a9-63b0-4f45-83d7-16351731a333 at term 1 for becomeLeader, leader elected after 5153ms
2019-07-14 06:53:33,536 INFO  server.RaftServerConfigKeys (ConfUtils.java:logGet(43)) - raft.server.staging.catchup.gap = 1000 (default)
2019-07-14 06:53:33,536 INFO  server.RaftServerConfigKeys (ConfUtils.java:logGet(43)) - raft.server.rpc.sleep.time = 25ms (default)
2019-07-14 06:53:33,536 INFO  server.RaftServerConfigKeys (ConfUtils.java:logGet(43)) - raft.server.write.element-limit = 4096 (default)
2019-07-14 06:53:33,536 INFO  server.RaftServerConfigKeys (ConfUtils.java:logGet(43)) - raft.server.watch.timeout = 10s (default)
2019-07-14 06:53:33,536 INFO  server.RaftServerConfigKeys (ConfUtils.java:logGet(43)) - raft.server.watch.timeout.denomination = 1s (default)
2019-07-14 06:53:33,537 INFO  server.RaftServerConfigKeys (ConfUtils.java:logGet(43)) - raft.server.watch.element-limit = 65536 (default)
2019-07-14 06:53:33,537 INFO  impl.RoleInfo (RoleInfo.java:updateAndGet(143)) - cbefb6a9-63b0-4f45-83d7-16351731a333: start LeaderState
2019-07-14 06:53:33,537 INFO  segmented.SegmentedRaftLogWorker (SegmentedRaftLogWorker.java:startLogSegment(380)) - cbefb6a9-63b0-4f45-83d7-16351731a333-SegmentedRaftLogWorker:Storage Directory /tmp/workdir/hadoop-ozone/integration-test/target/test-dir/MiniOzoneClusterImpl-d50571e5-2990-423a-9baf-60008d75fde6/datanode-3/data/ratis/4c05b1ea-6c2b-41b1-a2ac-53b728f2476f: Starting segment from index:0
2019-07-14 06:53:33,538 INFO  impl.RaftServerImpl (ServerState.java:setRaftConf(361)) - cbefb6a9-63b0-4f45-83d7-16351731a333:group-53B728F2476F set configuration 0: [cbefb6a9-63b0-4f45-83d7-16351731a333:192.168.5.144:38159], old=null at 0
2019-07-14 06:53:33,559 INFO  segmented.SegmentedRaftLogWorker (SegmentedRaftLogWorker.java:execute(569)) - cbefb6a9-63b0-4f45-83d7-16351731a333-SegmentedRaftLogWorker:Storage Directory /tmp/workdir/hadoop-ozone/integration-test/target/test-dir/MiniOzoneClusterImpl-d50571e5-2990-423a-9baf-60008d75fde6/datanode-3/data/ratis/4c05b1ea-6c2b-41b1-a2ac-53b728f2476f: created new log segment /tmp/workdir/hadoop-ozone/integration-test/target/test-dir/MiniOzoneClusterImpl-d50571e5-2990-423a-9baf-60008d75fde6/datanode-3/data/ratis/4c05b1ea-6c2b-41b1-a2ac-53b728f2476f/current/log_inprogress_0
2019-07-14 06:53:33,717 INFO  impl.FollowerState (FollowerState.java:run(106)) - f80c8108-f3bf-48b4-9e66-1625d26c6079:group-925637B02716 changes to CANDIDATE, lastRpcTime:5200, electionTimeout:5200ms
2019-07-14 06:53:33,720 INFO  impl.RoleInfo (RoleInfo.java:shutdownFollowerState(121)) - f80c8108-f3bf-48b4-9e66-1625d26c6079: shutdown FollowerState
2019-07-14 06:53:33,720 INFO  impl.RaftServerImpl (RaftServerImpl.java:setRole(171)) - f80c8108-f3bf-48b4-9e66-1625d26c6079:group-925637B02716 changes role from FOLLOWER to CANDIDATE at term 0 for changeToCandidate
2019-07-14 06:53:33,720 INFO  impl.RoleInfo (RoleInfo.java:updateAndGet(143)) - f80c8108-f3bf-48b4-9e66-1625d26c6079: start LeaderElection
2019-07-14 06:53:33,728 INFO  impl.FollowerState (FollowerState.java:run(106)) - 9df94194-a88f-471a-ad97-294777adf0f4:group-849D69EE2CC4 changes to CANDIDATE, lastRpcTime:5124, electionTimeout:5124ms
2019-07-14 06:53:33,730 INFO  impl.RoleInfo (RoleInfo.java:shutdownFollowerState(121)) - 9df94194-a88f-471a-ad97-294777adf0f4: shutdown FollowerState
2019-07-14 06:53:33,730 INFO  impl.RaftServerImpl (RaftServerImpl.java:setRole(171)) - 9df94194-a88f-471a-ad97-294777adf0f4:group-849D69EE2CC4 changes role from FOLLOWER to CANDIDATE at term 0 for changeToCandidate
2019-07-14 06:53:33,730 INFO  impl.RoleInfo (RoleInfo.java:updateAndGet(143)) - 9df94194-a88f-471a-ad97-294777adf0f4: start LeaderElection
2019-07-14 06:53:33,750 INFO  impl.LeaderElection (LeaderElection.java:askForVotes(181)) - f80c8108-f3bf-48b4-9e66-1625d26c6079:group-925637B02716:LeaderElection7: begin an election at term 1 for -1: [f80c8108-f3bf-48b4-9e66-1625d26c6079:192.168.5.144:37587], old=null
2019-07-14 06:53:33,750 INFO  impl.LeaderElection (LeaderElection.java:askForVotes(181)) - 9df94194-a88f-471a-ad97-294777adf0f4:group-849D69EE2CC4:LeaderElection8: begin an election at term 1 for -1: [ced4ce4a-19c0-4cac-897b-288d0e2520b1:192.168.5.144:39922, 456e4f0a-b3c9-49c2-9fd7-0f964256b228:192.168.5.144:35386, 9df94194-a88f-471a-ad97-294777adf0f4:192.168.5.144:40187], old=null
2019-07-14 06:53:33,750 INFO  impl.RoleInfo (RoleInfo.java:shutdownLeaderElection(134)) - f80c8108-f3bf-48b4-9e66-1625d26c6079: shutdown LeaderElection
2019-07-14 06:53:33,750 INFO  impl.RaftServerImpl (RaftServerImpl.java:setRole(171)) - f80c8108-f3bf-48b4-9e66-1625d26c6079:group-925637B02716 changes role from CANDIDATE to LEADER at term 1 for changeToLeader
2019-07-14 06:53:33,750 INFO  impl.RaftServerImpl (ServerState.java:setLeader(263)) - f80c8108-f3bf-48b4-9e66-1625d26c6079:group-925637B02716 change Leader from null to f80c8108-f3bf-48b4-9e66-1625d26c6079 at term 1 for becomeLeader, leader elected after 5238ms
2019-07-14 06:53:33,751 INFO  server.RaftServerConfigKeys (ConfUtils.java:logGet(43)) - raft.server.staging.catchup.gap = 1000 (default)
2019-07-14 06:53:33,751 INFO  server.RaftServerConfigKeys (ConfUtils.java:logGet(43)) - raft.server.rpc.sleep.time = 25ms (default)
2019-07-14 06:53:33,751 INFO  server.RaftServerConfigKeys (ConfUtils.java:logGet(43)) - raft.server.write.element-limit = 4096 (default)
2019-07-14 06:53:33,751 INFO  server.RaftServerConfigKeys (ConfUtils.java:logGet(43)) - raft.server.watch.timeout = 10s (default)
2019-07-14 06:53:33,751 INFO  server.RaftServerConfigKeys (ConfUtils.java:logGet(43)) - raft.server.watch.timeout.denomination = 1s (default)
2019-07-14 06:53:33,752 INFO  server.RaftServerConfigKeys (ConfUtils.java:logGet(43)) - raft.server.watch.element-limit = 65536 (default)
2019-07-14 06:53:33,752 INFO  impl.RoleInfo (RoleInfo.java:updateAndGet(143)) - f80c8108-f3bf-48b4-9e66-1625d26c6079: start LeaderState
2019-07-14 06:53:33,752 INFO  segmented.SegmentedRaftLogWorker (SegmentedRaftLogWorker.java:startLogSegment(380)) - f80c8108-f3bf-48b4-9e66-1625d26c6079-SegmentedRaftLogWorker:Storage Directory /tmp/workdir/hadoop-ozone/integration-test/target/test-dir/MiniOzoneClusterImpl-d50571e5-2990-423a-9baf-60008d75fde6/datanode-5/data/ratis/2bbeedb7-0135-4e0c-bccd-925637b02716: Starting segment from index:0
2019-07-14 06:53:33,753 INFO  impl.RaftServerImpl (ServerState.java:setRaftConf(361)) - f80c8108-f3bf-48b4-9e66-1625d26c6079:group-925637B02716 set configuration 0: [f80c8108-f3bf-48b4-9e66-1625d26c6079:192.168.5.144:37587], old=null at 0
2019-07-14 06:53:33,773 INFO  impl.FollowerState (FollowerState.java:run(106)) - cbefb6a9-63b0-4f45-83d7-16351731a333:group-6DB32D3157BF changes to CANDIDATE, lastRpcTime:5031, electionTimeout:5020ms
2019-07-14 06:53:33,773 INFO  impl.FollowerState (FollowerState.java:run(106)) - 456e4f0a-b3c9-49c2-9fd7-0f964256b228:group-849D69EE2CC4 changes to CANDIDATE, lastRpcTime:5162, electionTimeout:5147ms
2019-07-14 06:53:33,773 INFO  impl.RoleInfo (RoleInfo.java:shutdownFollowerState(121)) - cbefb6a9-63b0-4f45-83d7-16351731a333: shutdown FollowerState
2019-07-14 06:53:33,773 INFO  impl.RoleInfo (RoleInfo.java:shutdownFollowerState(121)) - 456e4f0a-b3c9-49c2-9fd7-0f964256b228: shutdown FollowerState
2019-07-14 06:53:33,773 INFO  impl.RaftServerImpl (RaftServerImpl.java:setRole(171)) - cbefb6a9-63b0-4f45-83d7-16351731a333:group-6DB32D3157BF changes role from FOLLOWER to CANDIDATE at term 0 for changeToCandidate
2019-07-14 06:53:33,773 INFO  impl.RaftServerImpl (RaftServerImpl.java:setRole(171)) - 456e4f0a-b3c9-49c2-9fd7-0f964256b228:group-849D69EE2CC4 changes role from FOLLOWER to CANDIDATE at term 0 for changeToCandidate
2019-07-14 06:53:33,774 INFO  impl.RoleInfo (RoleInfo.java:updateAndGet(143)) - cbefb6a9-63b0-4f45-83d7-16351731a333: start LeaderElection
2019-07-14 06:53:33,774 INFO  impl.RoleInfo (RoleInfo.java:updateAndGet(143)) - 456e4f0a-b3c9-49c2-9fd7-0f964256b228: start LeaderElection
2019-07-14 06:53:33,777 INFO  segmented.SegmentedRaftLogWorker (SegmentedRaftLogWorker.java:execute(569)) - f80c8108-f3bf-48b4-9e66-1625d26c6079-SegmentedRaftLogWorker:Storage Directory /tmp/workdir/hadoop-ozone/integration-test/target/test-dir/MiniOzoneClusterImpl-d50571e5-2990-423a-9baf-60008d75fde6/datanode-5/data/ratis/2bbeedb7-0135-4e0c-bccd-925637b02716: created new log segment /tmp/workdir/hadoop-ozone/integration-test/target/test-dir/MiniOzoneClusterImpl-d50571e5-2990-423a-9baf-60008d75fde6/datanode-5/data/ratis/2bbeedb7-0135-4e0c-bccd-925637b02716/current/log_inprogress_0
2019-07-14 06:53:33,779 INFO  impl.FollowerState (FollowerState.java:run(106)) - ced4ce4a-19c0-4cac-897b-288d0e2520b1:group-849D69EE2CC4 changes to CANDIDATE, lastRpcTime:5169, electionTimeout:5169ms
2019-07-14 06:53:33,780 INFO  impl.RoleInfo (RoleInfo.java:shutdownFollowerState(121)) - ced4ce4a-19c0-4cac-897b-288d0e2520b1: shutdown FollowerState
2019-07-14 06:53:33,780 INFO  impl.RaftServerImpl (RaftServerImpl.java:setRole(171)) - ced4ce4a-19c0-4cac-897b-288d0e2520b1:group-849D69EE2CC4 changes role from FOLLOWER to CANDIDATE at term 0 for changeToCandidate
2019-07-14 06:53:33,780 INFO  impl.RoleInfo (RoleInfo.java:updateAndGet(143)) - ced4ce4a-19c0-4cac-897b-288d0e2520b1: start LeaderElection
2019-07-14 06:53:33,784 INFO  impl.LeaderElection (LeaderElection.java:askForVotes(181)) - cbefb6a9-63b0-4f45-83d7-16351731a333:group-6DB32D3157BF:LeaderElection9: begin an election at term 1 for -1: [21c11074-c061-4199-a5c5-e5d1047c631d:192.168.5.144:43548, cbefb6a9-63b0-4f45-83d7-16351731a333:192.168.5.144:38159, ee47d561-0e1f-4a81-ab74-3db013f51d41:192.168.5.144:36791], old=null
2019-07-14 06:53:33,784 INFO  impl.LeaderElection (LeaderElection.java:askForVotes(181)) - 456e4f0a-b3c9-49c2-9fd7-0f964256b228:group-849D69EE2CC4:LeaderElection10: begin an election at term 1 for -1: [ced4ce4a-19c0-4cac-897b-288d0e2520b1:192.168.5.144:39922, 456e4f0a-b3c9-49c2-9fd7-0f964256b228:192.168.5.144:35386, 9df94194-a88f-471a-ad97-294777adf0f4:192.168.5.144:40187], old=null
2019-07-14 06:53:33,800 INFO  impl.LeaderElection (LeaderElection.java:askForVotes(181)) - ced4ce4a-19c0-4cac-897b-288d0e2520b1:group-849D69EE2CC4:LeaderElection11: begin an election at term 1 for -1: [ced4ce4a-19c0-4cac-897b-288d0e2520b1:192.168.5.144:39922, 456e4f0a-b3c9-49c2-9fd7-0f964256b228:192.168.5.144:35386, 9df94194-a88f-471a-ad97-294777adf0f4:192.168.5.144:40187], old=null
2019-07-14 06:53:33,837 INFO  impl.FollowerState (FollowerState.java:run(106)) - 21c11074-c061-4199-a5c5-e5d1047c631d:group-6DB32D3157BF changes to CANDIDATE, lastRpcTime:5094, electionTimeout:5089ms
2019-07-14 06:53:33,840 INFO  impl.RoleInfo (RoleInfo.java:shutdownFollowerState(121)) - 21c11074-c061-4199-a5c5-e5d1047c631d: shutdown FollowerState
2019-07-14 06:53:33,840 INFO  impl.RaftServerImpl (RaftServerImpl.java:setRole(171)) - 21c11074-c061-4199-a5c5-e5d1047c631d:group-6DB32D3157BF changes role from FOLLOWER to CANDIDATE at term 0 for changeToCandidate
2019-07-14 06:53:33,840 INFO  impl.RoleInfo (RoleInfo.java:updateAndGet(143)) - 21c11074-c061-4199-a5c5-e5d1047c631d: start LeaderElection
2019-07-14 06:53:33,850 INFO  impl.RaftServerImpl (RaftServerImpl.java:setRole(171)) - ee47d561-0e1f-4a81-ab74-3db013f51d41:group-6DB32D3157BF changes role from FOLLOWER to FOLLOWER at term 1 for recognizeCandidate:cbefb6a9-63b0-4f45-83d7-16351731a333
2019-07-14 06:53:33,850 INFO  impl.RoleInfo (RoleInfo.java:shutdownFollowerState(121)) - ee47d561-0e1f-4a81-ab74-3db013f51d41: shutdown FollowerState
2019-07-14 06:53:33,853 INFO  impl.RoleInfo (RoleInfo.java:updateAndGet(143)) - ee47d561-0e1f-4a81-ab74-3db013f51d41: start FollowerState
2019-07-14 06:53:33,853 INFO  impl.FollowerState (FollowerState.java:run(114)) - ee47d561-0e1f-4a81-ab74-3db013f51d41: FollowerState was interrupted: java.lang.InterruptedException: sleep interrupted
2019-07-14 06:53:33,870 INFO  impl.LeaderElection (LeaderElection.java:askForVotes(181)) - 21c11074-c061-4199-a5c5-e5d1047c631d:group-6DB32D3157BF:LeaderElection12: begin an election at term 1 for -1: [21c11074-c061-4199-a5c5-e5d1047c631d:192.168.5.144:43548, cbefb6a9-63b0-4f45-83d7-16351731a333:192.168.5.144:38159, ee47d561-0e1f-4a81-ab74-3db013f51d41:192.168.5.144:36791], old=null
2019-07-14 06:53:33,878 INFO  impl.LeaderElection (LeaderElection.java:logAndReturn(56)) - 456e4f0a-b3c9-49c2-9fd7-0f964256b228:group-849D69EE2CC4:LeaderElection10: Election REJECTED; received 2 response(s) [456e4f0a-b3c9-49c2-9fd7-0f964256b228<-ced4ce4a-19c0-4cac-897b-288d0e2520b1#0:FAIL-t1, 456e4f0a-b3c9-49c2-9fd7-0f964256b228<-9df94194-a88f-471a-ad97-294777adf0f4#0:FAIL-t1] and 0 exception(s); 456e4f0a-b3c9-49c2-9fd7-0f964256b228:t1, leader=null, voted=456e4f0a-b3c9-49c2-9fd7-0f964256b228, raftlog=456e4f0a-b3c9-49c2-9fd7-0f964256b228-SegmentedRaftLog:OPENED:c-1,f-1,i0, conf=-1: [ced4ce4a-19c0-4cac-897b-288d0e2520b1:192.168.5.144:39922, 456e4f0a-b3c9-49c2-9fd7-0f964256b228:192.168.5.144:35386, 9df94194-a88f-471a-ad97-294777adf0f4:192.168.5.144:40187], old=null
2019-07-14 06:53:33,879 INFO  impl.LeaderElection (LeaderElection.java:logAndReturn(56)) - 9df94194-a88f-471a-ad97-294777adf0f4:group-849D69EE2CC4:LeaderElection8: Election REJECTED; received 2 response(s) [9df94194-a88f-471a-ad97-294777adf0f4<-ced4ce4a-19c0-4cac-897b-288d0e2520b1#0:FAIL-t1, 9df94194-a88f-471a-ad97-294777adf0f4<-456e4f0a-b3c9-49c2-9fd7-0f964256b228#0:FAIL-t1] and 0 exception(s); 9df94194-a88f-471a-ad97-294777adf0f4:t1, leader=null, voted=9df94194-a88f-471a-ad97-294777adf0f4, raftlog=9df94194-a88f-471a-ad97-294777adf0f4-SegmentedRaftLog:OPENED:c-1,f-1,i0, conf=-1: [ced4ce4a-19c0-4cac-897b-288d0e2520b1:192.168.5.144:39922, 456e4f0a-b3c9-49c2-9fd7-0f964256b228:192.168.5.144:35386, 9df94194-a88f-471a-ad97-294777adf0f4:192.168.5.144:40187], old=null
2019-07-14 06:53:33,879 INFO  impl.RaftServerImpl (RaftServerImpl.java:setRole(171)) - 456e4f0a-b3c9-49c2-9fd7-0f964256b228:group-849D69EE2CC4 changes role from CANDIDATE to FOLLOWER at term 1 for DISCOVERED_A_NEW_TERM
2019-07-14 06:53:33,883 INFO  impl.RaftServerImpl (RaftServerImpl.java:setRole(171)) - 9df94194-a88f-471a-ad97-294777adf0f4:group-849D69EE2CC4 changes role from CANDIDATE to FOLLOWER at term 1 for DISCOVERED_A_NEW_TERM
2019-07-14 06:53:33,887 INFO  impl.RoleInfo (RoleInfo.java:shutdownLeaderElection(134)) - 9df94194-a88f-471a-ad97-294777adf0f4: shutdown LeaderElection
2019-07-14 06:53:33,885 INFO  impl.RoleInfo (RoleInfo.java:shutdownLeaderElection(134)) - 456e4f0a-b3c9-49c2-9fd7-0f964256b228: shutdown LeaderElection
2019-07-14 06:53:33,889 INFO  impl.RoleInfo (RoleInfo.java:updateAndGet(143)) - 9df94194-a88f-471a-ad97-294777adf0f4: start FollowerState
2019-07-14 06:53:33,889 INFO  impl.RoleInfo (RoleInfo.java:updateAndGet(143)) - 456e4f0a-b3c9-49c2-9fd7-0f964256b228: start FollowerState
2019-07-14 06:53:33,894 INFO  impl.LeaderElection (LeaderElection.java:logAndReturn(56)) - cbefb6a9-63b0-4f45-83d7-16351731a333:group-6DB32D3157BF:LeaderElection9: Election PASSED; received 1 response(s) [cbefb6a9-63b0-4f45-83d7-16351731a333<-ee47d561-0e1f-4a81-ab74-3db013f51d41#0:OK-t1] and 0 exception(s); cbefb6a9-63b0-4f45-83d7-16351731a333:t1, leader=null, voted=cbefb6a9-63b0-4f45-83d7-16351731a333, raftlog=cbefb6a9-63b0-4f45-83d7-16351731a333-SegmentedRaftLog:OPENED:c-1,f-1,i0, conf=-1: [21c11074-c061-4199-a5c5-e5d1047c631d:192.168.5.144:43548, cbefb6a9-63b0-4f45-83d7-16351731a333:192.168.5.144:38159, ee47d561-0e1f-4a81-ab74-3db013f51d41:192.168.5.144:36791], old=null
2019-07-14 06:53:33,894 INFO  impl.LeaderElection (LeaderElection.java:logAndReturn(56)) - ced4ce4a-19c0-4cac-897b-288d0e2520b1:group-849D69EE2CC4:LeaderElection11: Election REJECTED; received 2 response(s) [ced4ce4a-19c0-4cac-897b-288d0e2520b1<-456e4f0a-b3c9-49c2-9fd7-0f964256b228#0:FAIL-t1, ced4ce4a-19c0-4cac-897b-288d0e2520b1<-9df94194-a88f-471a-ad97-294777adf0f4#0:FAIL-t1] and 0 exception(s); ced4ce4a-19c0-4cac-897b-288d0e2520b1:t1, leader=null, voted=ced4ce4a-19c0-4cac-897b-288d0e2520b1, raftlog=ced4ce4a-19c0-4cac-897b-288d0e2520b1-SegmentedRaftLog:OPENED:c-1,f-1,i0, conf=-1: [ced4ce4a-19c0-4cac-897b-288d0e2520b1:192.168.5.144:39922, 456e4f0a-b3c9-49c2-9fd7-0f964256b228:192.168.5.144:35386, 9df94194-a88f-471a-ad97-294777adf0f4:192.168.5.144:40187], old=null
2019-07-14 06:53:33,894 INFO  impl.RoleInfo (RoleInfo.java:shutdownLeaderElection(134)) - cbefb6a9-63b0-4f45-83d7-16351731a333: shutdown LeaderElection
2019-07-14 06:53:33,896 INFO  impl.RaftServerImpl (RaftServerImpl.java:setRole(171)) - ced4ce4a-19c0-4cac-897b-288d0e2520b1:group-849D69EE2CC4 changes role from CANDIDATE to FOLLOWER at term 1 for DISCOVERED_A_NEW_TERM
2019-07-14 06:53:33,898 INFO  impl.RaftServerImpl (RaftServerImpl.java:setRole(171)) - cbefb6a9-63b0-4f45-83d7-16351731a333:group-6DB32D3157BF changes role from CANDIDATE to LEADER at term 1 for changeToLeader
2019-07-14 06:53:33,900 INFO  impl.RoleInfo (RoleInfo.java:shutdownLeaderElection(134)) - ced4ce4a-19c0-4cac-897b-288d0e2520b1: shutdown LeaderElection
2019-07-14 06:53:33,901 INFO  impl.RaftServerImpl (ServerState.java:setLeader(263)) - cbefb6a9-63b0-4f45-83d7-16351731a333:group-6DB32D3157BF change Leader from null to cbefb6a9-63b0-4f45-83d7-16351731a333 at term 1 for becomeLeader, leader elected after 5175ms
2019-07-14 06:53:33,901 INFO  impl.RoleInfo (RoleInfo.java:updateAndGet(143)) - ced4ce4a-19c0-4cac-897b-288d0e2520b1: start FollowerState
2019-07-14 06:53:33,901 INFO  server.RaftServerConfigKeys (ConfUtils.java:logGet(43)) - raft.server.staging.catchup.gap = 1000 (default)
2019-07-14 06:53:33,901 INFO  server.RaftServerConfigKeys (ConfUtils.java:logGet(43)) - raft.server.rpc.sleep.time = 25ms (default)
2019-07-14 06:53:33,905 INFO  server.RaftServerConfigKeys (ConfUtils.java:logGet(43)) - raft.server.write.element-limit = 4096 (default)
2019-07-14 06:53:33,906 INFO  server.RaftServerConfigKeys (ConfUtils.java:logGet(43)) - raft.server.watch.timeout = 10s (default)
2019-07-14 06:53:33,906 INFO  server.RaftServerConfigKeys (ConfUtils.java:logGet(43)) - raft.server.watch.timeout.denomination = 1s (default)
2019-07-14 06:53:33,906 INFO  server.RaftServerConfigKeys (ConfUtils.java:logGet(43)) - raft.server.watch.element-limit = 65536 (default)
2019-07-14 06:53:33,915 INFO  server.RaftServerConfigKeys (ConfUtils.java:logGet(43)) - raft.server.log.appender.snapshot.chunk.size.max = 16MB (=16777216) (default)
2019-07-14 06:53:33,915 INFO  server.RaftServerConfigKeys (ConfUtils.java:logGet(43)) - raft.server.log.appender.buffer.byte-limit = 33554432 (custom)
2019-07-14 06:53:33,916 INFO  server.RaftServerConfigKeys (ConfUtils.java:logGet(43)) - raft.server.log.appender.buffer.element-limit = 1 (custom)
2019-07-14 06:53:33,924 INFO  grpc.GrpcConfigKeys$Server (ConfUtils.java:logGet(43)) - raft.grpc.server.leader.outstanding.appends.max = 128 (default)
2019-07-14 06:53:33,926 INFO  server.RaftServerConfigKeys (ConfUtils.java:logGet(43)) - raft.server.rpc.request.timeout = 3000ms (default)
2019-07-14 06:53:33,926 INFO  server.RaftServerConfigKeys (ConfUtils.java:logGet(43)) - raft.server.log.appender.install.snapshot.enabled = false (custom)
2019-07-14 06:53:33,926 INFO  server.RaftServerConfigKeys (ConfUtils.java:logGet(43)) - raft.server.log.appender.snapshot.chunk.size.max = 16MB (=16777216) (default)
2019-07-14 06:53:33,926 INFO  server.RaftServerConfigKeys (ConfUtils.java:logGet(43)) - raft.server.log.appender.buffer.byte-limit = 33554432 (custom)
2019-07-14 06:53:33,927 INFO  server.RaftServerConfigKeys (ConfUtils.java:logGet(43)) - raft.server.log.appender.buffer.element-limit = 1 (custom)
2019-07-14 06:53:33,927 INFO  grpc.GrpcConfigKeys$Server (ConfUtils.java:logGet(43)) - raft.grpc.server.leader.outstanding.appends.max = 128 (default)
2019-07-14 06:53:33,927 INFO  server.RaftServerConfigKeys (ConfUtils.java:logGet(43)) - raft.server.rpc.request.timeout = 3000ms (default)
2019-07-14 06:53:33,927 INFO  server.RaftServerConfigKeys (ConfUtils.java:logGet(43)) - raft.server.log.appender.install.snapshot.enabled = false (custom)
2019-07-14 06:53:33,929 INFO  impl.RoleInfo (RoleInfo.java:updateAndGet(143)) - cbefb6a9-63b0-4f45-83d7-16351731a333: start LeaderState
2019-07-14 06:53:33,931 INFO  segmented.SegmentedRaftLogWorker (SegmentedRaftLogWorker.java:startLogSegment(380)) - cbefb6a9-63b0-4f45-83d7-16351731a333-SegmentedRaftLogWorker:Storage Directory /tmp/workdir/hadoop-ozone/integration-test/target/test-dir/MiniOzoneClusterImpl-d50571e5-2990-423a-9baf-60008d75fde6/datanode-3/data/ratis/753c826b-abd5-410c-9f27-6db32d3157bf: Starting segment from index:0
2019-07-14 06:53:33,948 INFO  impl.RaftServerImpl (ServerState.java:setRaftConf(361)) - cbefb6a9-63b0-4f45-83d7-16351731a333:group-6DB32D3157BF set configuration 0: [21c11074-c061-4199-a5c5-e5d1047c631d:192.168.5.144:43548, cbefb6a9-63b0-4f45-83d7-16351731a333:192.168.5.144:38159, ee47d561-0e1f-4a81-ab74-3db013f51d41:192.168.5.144:36791], old=null at 0
2019-07-14 06:53:33,951 INFO  impl.RaftServerImpl (RaftServerImpl.java:requestVote(754)) - cbefb6a9-63b0-4f45-83d7-16351731a333-LEADER: Withhold vote from candidate 21c11074-c061-4199-a5c5-e5d1047c631d with term 1. State: leader=cbefb6a9-63b0-4f45-83d7-16351731a333, term=1, lastRpcElapsed=null
2019-07-14 06:53:33,951 INFO  client.GrpcClientProtocolClient (GrpcClientProtocolClient.java:onNext(255)) - client-406E3DF5D53E->ced4ce4a-19c0-4cac-897b-288d0e2520b1: receive RaftClientReply:client-406E3DF5D53E->ced4ce4a-19c0-4cac-897b-288d0e2520b1@group-849D69EE2CC4, cid=13, FAILED org.apache.ratis.protocol.NotLeaderException: Server ced4ce4a-19c0-4cac-897b-288d0e2520b1 is not the leader (null). Request must be sent to leader., logIndex=0, commits[ced4ce4a-19c0-4cac-897b-288d0e2520b1:c-1]
2019-07-14 06:53:33,964 INFO  segmented.SegmentedRaftLogWorker (SegmentedRaftLogWorker.java:execute(569)) - cbefb6a9-63b0-4f45-83d7-16351731a333-SegmentedRaftLogWorker:Storage Directory /tmp/workdir/hadoop-ozone/integration-test/target/test-dir/MiniOzoneClusterImpl-d50571e5-2990-423a-9baf-60008d75fde6/datanode-3/data/ratis/753c826b-abd5-410c-9f27-6db32d3157bf: created new log segment /tmp/workdir/hadoop-ozone/integration-test/target/test-dir/MiniOzoneClusterImpl-d50571e5-2990-423a-9baf-60008d75fde6/datanode-3/data/ratis/753c826b-abd5-410c-9f27-6db32d3157bf/current/log_inprogress_0
2019-07-14 06:53:33,964 INFO  impl.LeaderElection (LeaderElection.java:logAndReturn(56)) - 21c11074-c061-4199-a5c5-e5d1047c631d:group-6DB32D3157BF:LeaderElection12: Election REJECTED; received 2 response(s) [21c11074-c061-4199-a5c5-e5d1047c631d<-cbefb6a9-63b0-4f45-83d7-16351731a333#0:FAIL-t1, 21c11074-c061-4199-a5c5-e5d1047c631d<-ee47d561-0e1f-4a81-ab74-3db013f51d41#0:FAIL-t1] and 0 exception(s); 21c11074-c061-4199-a5c5-e5d1047c631d:t1, leader=null, voted=21c11074-c061-4199-a5c5-e5d1047c631d, raftlog=21c11074-c061-4199-a5c5-e5d1047c631d-SegmentedRaftLog:OPENED:c-1,f-1,i0, conf=-1: [21c11074-c061-4199-a5c5-e5d1047c631d:192.168.5.144:43548, cbefb6a9-63b0-4f45-83d7-16351731a333:192.168.5.144:38159, ee47d561-0e1f-4a81-ab74-3db013f51d41:192.168.5.144:36791], old=null
2019-07-14 06:53:33,965 INFO  impl.RaftServerImpl (RaftServerImpl.java:setRole(171)) - 21c11074-c061-4199-a5c5-e5d1047c631d:group-6DB32D3157BF changes role from CANDIDATE to FOLLOWER at term 1 for DISCOVERED_A_NEW_TERM
2019-07-14 06:53:33,972 INFO  impl.RoleInfo (RoleInfo.java:shutdownLeaderElection(134)) - 21c11074-c061-4199-a5c5-e5d1047c631d: shutdown LeaderElection
2019-07-14 06:53:33,972 INFO  impl.RoleInfo (RoleInfo.java:updateAndGet(143)) - 21c11074-c061-4199-a5c5-e5d1047c631d: start FollowerState
2019-07-14 06:53:33,987 INFO  impl.RaftServerImpl (ServerState.java:setLeader(263)) - 21c11074-c061-4199-a5c5-e5d1047c631d:group-6DB32D3157BF change Leader from null to cbefb6a9-63b0-4f45-83d7-16351731a333 at term 1 for appendEntries, leader elected after 5262ms
2019-07-14 06:53:33,987 INFO  impl.RaftServerImpl (ServerState.java:setLeader(263)) - ee47d561-0e1f-4a81-ab74-3db013f51d41:group-6DB32D3157BF change Leader from null to cbefb6a9-63b0-4f45-83d7-16351731a333 at term 1 for appendEntries, leader elected after 5261ms
2019-07-14 06:53:34,029 INFO  impl.RaftServerImpl (ServerState.java:setRaftConf(361)) - 21c11074-c061-4199-a5c5-e5d1047c631d:group-6DB32D3157BF set configuration 0: [21c11074-c061-4199-a5c5-e5d1047c631d:192.168.5.144:43548, cbefb6a9-63b0-4f45-83d7-16351731a333:192.168.5.144:38159, ee47d561-0e1f-4a81-ab74-3db013f51d41:192.168.5.144:36791], old=null at 0
2019-07-14 06:53:34,029 INFO  impl.RaftServerImpl (ServerState.java:setRaftConf(361)) - ee47d561-0e1f-4a81-ab74-3db013f51d41:group-6DB32D3157BF set configuration 0: [21c11074-c061-4199-a5c5-e5d1047c631d:192.168.5.144:43548, cbefb6a9-63b0-4f45-83d7-16351731a333:192.168.5.144:38159, ee47d561-0e1f-4a81-ab74-3db013f51d41:192.168.5.144:36791], old=null at 0
2019-07-14 06:53:34,029 INFO  segmented.SegmentedRaftLogWorker (SegmentedRaftLogWorker.java:startLogSegment(380)) - 21c11074-c061-4199-a5c5-e5d1047c631d-SegmentedRaftLogWorker:Storage Directory /tmp/workdir/hadoop-ozone/integration-test/target/test-dir/MiniOzoneClusterImpl-d50571e5-2990-423a-9baf-60008d75fde6/datanode-0/data/ratis/753c826b-abd5-410c-9f27-6db32d3157bf: Starting segment from index:0
2019-07-14 06:53:34,029 INFO  segmented.SegmentedRaftLogWorker (SegmentedRaftLogWorker.java:startLogSegment(380)) - ee47d561-0e1f-4a81-ab74-3db013f51d41-SegmentedRaftLogWorker:Storage Directory /tmp/workdir/hadoop-ozone/integration-test/target/test-dir/MiniOzoneClusterImpl-d50571e5-2990-423a-9baf-60008d75fde6/datanode-2/data/ratis/753c826b-abd5-410c-9f27-6db32d3157bf: Starting segment from index:0
2019-07-14 06:53:34,048 INFO  segmented.SegmentedRaftLogWorker (SegmentedRaftLogWorker.java:execute(569)) - ee47d561-0e1f-4a81-ab74-3db013f51d41-SegmentedRaftLogWorker:Storage Directory /tmp/workdir/hadoop-ozone/integration-test/target/test-dir/MiniOzoneClusterImpl-d50571e5-2990-423a-9baf-60008d75fde6/datanode-2/data/ratis/753c826b-abd5-410c-9f27-6db32d3157bf: created new log segment /tmp/workdir/hadoop-ozone/integration-test/target/test-dir/MiniOzoneClusterImpl-d50571e5-2990-423a-9baf-60008d75fde6/datanode-2/data/ratis/753c826b-abd5-410c-9f27-6db32d3157bf/current/log_inprogress_0
2019-07-14 06:53:34,048 INFO  segmented.SegmentedRaftLogWorker (SegmentedRaftLogWorker.java:execute(569)) - 21c11074-c061-4199-a5c5-e5d1047c631d-SegmentedRaftLogWorker:Storage Directory /tmp/workdir/hadoop-ozone/integration-test/target/test-dir/MiniOzoneClusterImpl-d50571e5-2990-423a-9baf-60008d75fde6/datanode-0/data/ratis/753c826b-abd5-410c-9f27-6db32d3157bf: created new log segment /tmp/workdir/hadoop-ozone/integration-test/target/test-dir/MiniOzoneClusterImpl-d50571e5-2990-423a-9baf-60008d75fde6/datanode-0/data/ratis/753c826b-abd5-410c-9f27-6db32d3157bf/current/log_inprogress_0
2019-07-14 06:53:34,975 INFO  client.GrpcClientProtocolClient (GrpcClientProtocolClient.java:onNext(255)) - client-406E3DF5D53E->456e4f0a-b3c9-49c2-9fd7-0f964256b228: receive RaftClientReply:client-406E3DF5D53E->456e4f0a-b3c9-49c2-9fd7-0f964256b228@group-849D69EE2CC4, cid=13, FAILED org.apache.ratis.protocol.NotLeaderException: Server 456e4f0a-b3c9-49c2-9fd7-0f964256b228 is not the leader (null). Request must be sent to leader., logIndex=0, commits[456e4f0a-b3c9-49c2-9fd7-0f964256b228:c-1]
2019-07-14 06:53:35,999 INFO  client.GrpcClientProtocolClient (GrpcClientProtocolClient.java:onNext(255)) - client-406E3DF5D53E->ced4ce4a-19c0-4cac-897b-288d0e2520b1: receive RaftClientReply:client-406E3DF5D53E->ced4ce4a-19c0-4cac-897b-288d0e2520b1@group-849D69EE2CC4, cid=13, FAILED org.apache.ratis.protocol.NotLeaderException: Server ced4ce4a-19c0-4cac-897b-288d0e2520b1 is not the leader (null). Request must be sent to leader., logIndex=0, commits[ced4ce4a-19c0-4cac-897b-288d0e2520b1:c-1]
2019-07-14 06:53:37,020 INFO  client.GrpcClientProtocolClient (GrpcClientProtocolClient.java:onNext(255)) - client-406E3DF5D53E->456e4f0a-b3c9-49c2-9fd7-0f964256b228: receive RaftClientReply:client-406E3DF5D53E->456e4f0a-b3c9-49c2-9fd7-0f964256b228@group-849D69EE2CC4, cid=13, FAILED org.apache.ratis.protocol.NotLeaderException: Server 456e4f0a-b3c9-49c2-9fd7-0f964256b228 is not the leader (null). Request must be sent to leader., logIndex=0, commits[456e4f0a-b3c9-49c2-9fd7-0f964256b228:c-1]
2019-07-14 06:53:38,041 INFO  client.GrpcClientProtocolClient (GrpcClientProtocolClient.java:onNext(255)) - client-406E3DF5D53E->ced4ce4a-19c0-4cac-897b-288d0e2520b1: receive RaftClientReply:client-406E3DF5D53E->ced4ce4a-19c0-4cac-897b-288d0e2520b1@group-849D69EE2CC4, cid=13, FAILED org.apache.ratis.protocol.NotLeaderException: Server ced4ce4a-19c0-4cac-897b-288d0e2520b1 is not the leader (null). Request must be sent to leader., logIndex=0, commits[ced4ce4a-19c0-4cac-897b-288d0e2520b1:c-1]
2019-07-14 06:53:38,961 INFO  impl.FollowerState (FollowerState.java:run(106)) - 456e4f0a-b3c9-49c2-9fd7-0f964256b228:group-849D69EE2CC4 changes to CANDIDATE, lastRpcTime:5072, electionTimeout:5068ms
2019-07-14 06:53:38,961 INFO  impl.RoleInfo (RoleInfo.java:shutdownFollowerState(121)) - 456e4f0a-b3c9-49c2-9fd7-0f964256b228: shutdown FollowerState
2019-07-14 06:53:38,961 INFO  impl.RaftServerImpl (RaftServerImpl.java:setRole(171)) - 456e4f0a-b3c9-49c2-9fd7-0f964256b228:group-849D69EE2CC4 changes role from FOLLOWER to CANDIDATE at term 1 for changeToCandidate
2019-07-14 06:53:38,962 INFO  impl.RoleInfo (RoleInfo.java:updateAndGet(143)) - 456e4f0a-b3c9-49c2-9fd7-0f964256b228: start LeaderElection
2019-07-14 06:53:38,976 INFO  impl.LeaderElection (LeaderElection.java:askForVotes(181)) - 456e4f0a-b3c9-49c2-9fd7-0f964256b228:group-849D69EE2CC4:LeaderElection13: begin an election at term 2 for -1: [ced4ce4a-19c0-4cac-897b-288d0e2520b1:192.168.5.144:39922, 456e4f0a-b3c9-49c2-9fd7-0f964256b228:192.168.5.144:35386, 9df94194-a88f-471a-ad97-294777adf0f4:192.168.5.144:40187], old=null
2019-07-14 06:53:38,986 INFO  impl.RaftServerImpl (RaftServerImpl.java:setRole(171)) - 9df94194-a88f-471a-ad97-294777adf0f4:group-849D69EE2CC4 changes role from FOLLOWER to FOLLOWER at term 2 for recognizeCandidate:456e4f0a-b3c9-49c2-9fd7-0f964256b228
2019-07-14 06:53:38,986 INFO  impl.RoleInfo (RoleInfo.java:shutdownFollowerState(121)) - 9df94194-a88f-471a-ad97-294777adf0f4: shutdown FollowerState
2019-07-14 06:53:38,986 INFO  impl.RoleInfo (RoleInfo.java:updateAndGet(143)) - 9df94194-a88f-471a-ad97-294777adf0f4: start FollowerState
2019-07-14 06:53:38,986 INFO  impl.RaftServerImpl (RaftServerImpl.java:setRole(171)) - ced4ce4a-19c0-4cac-897b-288d0e2520b1:group-849D69EE2CC4 changes role from FOLLOWER to FOLLOWER at term 2 for recognizeCandidate:456e4f0a-b3c9-49c2-9fd7-0f964256b228
2019-07-14 06:53:38,986 INFO  impl.FollowerState (FollowerState.java:run(114)) - 9df94194-a88f-471a-ad97-294777adf0f4: FollowerState was interrupted: java.lang.InterruptedException: sleep interrupted
2019-07-14 06:53:38,987 INFO  impl.RoleInfo (RoleInfo.java:shutdownFollowerState(121)) - ced4ce4a-19c0-4cac-897b-288d0e2520b1: shutdown FollowerState
2019-07-14 06:53:38,993 INFO  impl.FollowerState (FollowerState.java:run(114)) - ced4ce4a-19c0-4cac-897b-288d0e2520b1: FollowerState was interrupted: java.lang.InterruptedException: sleep interrupted
2019-07-14 06:53:38,993 INFO  impl.RoleInfo (RoleInfo.java:updateAndGet(143)) - ced4ce4a-19c0-4cac-897b-288d0e2520b1: start FollowerState
2019-07-14 06:53:38,998 INFO  impl.LeaderElection (LeaderElection.java:logAndReturn(56)) - 456e4f0a-b3c9-49c2-9fd7-0f964256b228:group-849D69EE2CC4:LeaderElection13: Election PASSED; received 1 response(s) [456e4f0a-b3c9-49c2-9fd7-0f964256b228<-9df94194-a88f-471a-ad97-294777adf0f4#0:OK-t2] and 0 exception(s); 456e4f0a-b3c9-49c2-9fd7-0f964256b228:t2, leader=null, voted=456e4f0a-b3c9-49c2-9fd7-0f964256b228, raftlog=456e4f0a-b3c9-49c2-9fd7-0f964256b228-SegmentedRaftLog:OPENED:c-1,f-1,i0, conf=-1: [ced4ce4a-19c0-4cac-897b-288d0e2520b1:192.168.5.144:39922, 456e4f0a-b3c9-49c2-9fd7-0f964256b228:192.168.5.144:35386, 9df94194-a88f-471a-ad97-294777adf0f4:192.168.5.144:40187], old=null
2019-07-14 06:53:38,998 INFO  impl.RoleInfo (RoleInfo.java:shutdownLeaderElection(134)) - 456e4f0a-b3c9-49c2-9fd7-0f964256b228: shutdown LeaderElection
2019-07-14 06:53:38,998 INFO  impl.RaftServerImpl (RaftServerImpl.java:setRole(171)) - 456e4f0a-b3c9-49c2-9fd7-0f964256b228:group-849D69EE2CC4 changes role from CANDIDATE to LEADER at term 2 for changeToLeader
2019-07-14 06:53:38,998 INFO  impl.RaftServerImpl (ServerState.java:setLeader(263)) - 456e4f0a-b3c9-49c2-9fd7-0f964256b228:group-849D69EE2CC4 change Leader from null to 456e4f0a-b3c9-49c2-9fd7-0f964256b228 at term 2 for becomeLeader, leader elected after 10407ms
2019-07-14 06:53:38,998 INFO  server.RaftServerConfigKeys (ConfUtils.java:logGet(43)) - raft.server.staging.catchup.gap = 1000 (default)
2019-07-14 06:53:38,999 INFO  server.RaftServerConfigKeys (ConfUtils.java:logGet(43)) - raft.server.rpc.sleep.time = 25ms (default)
2019-07-14 06:53:38,999 INFO  server.RaftServerConfigKeys (ConfUtils.java:logGet(43)) - raft.server.write.element-limit = 4096 (default)
2019-07-14 06:53:38,999 INFO  server.RaftServerConfigKeys (ConfUtils.java:logGet(43)) - raft.server.watch.timeout = 10s (default)
2019-07-14 06:53:38,999 INFO  server.RaftServerConfigKeys (ConfUtils.java:logGet(43)) - raft.server.watch.timeout.denomination = 1s (default)
2019-07-14 06:53:38,999 INFO  server.RaftServerConfigKeys (ConfUtils.java:logGet(43)) - raft.server.watch.element-limit = 65536 (default)
2019-07-14 06:53:39,008 INFO  server.RaftServerConfigKeys (ConfUtils.java:logGet(43)) - raft.server.log.appender.snapshot.chunk.size.max = 16MB (=16777216) (default)
2019-07-14 06:53:39,009 INFO  server.RaftServerConfigKeys (ConfUtils.java:logGet(43)) - raft.server.log.appender.buffer.byte-limit = 33554432 (custom)
2019-07-14 06:53:39,009 INFO  server.RaftServerConfigKeys (ConfUtils.java:logGet(43)) - raft.server.log.appender.buffer.element-limit = 1 (custom)
2019-07-14 06:53:39,009 INFO  grpc.GrpcConfigKeys$Server (ConfUtils.java:logGet(43)) - raft.grpc.server.leader.outstanding.appends.max = 128 (default)
2019-07-14 06:53:39,009 INFO  server.RaftServerConfigKeys (ConfUtils.java:logGet(43)) - raft.server.rpc.request.timeout = 3000ms (default)
2019-07-14 06:53:39,010 INFO  server.RaftServerConfigKeys (ConfUtils.java:logGet(43)) - raft.server.log.appender.install.snapshot.enabled = false (custom)
2019-07-14 06:53:39,010 INFO  server.RaftServerConfigKeys (ConfUtils.java:logGet(43)) - raft.server.log.appender.snapshot.chunk.size.max = 16MB (=16777216) (default)
2019-07-14 06:53:39,010 INFO  server.RaftServerConfigKeys (ConfUtils.java:logGet(43)) - raft.server.log.appender.buffer.byte-limit = 33554432 (custom)
2019-07-14 06:53:39,010 INFO  server.RaftServerConfigKeys (ConfUtils.java:logGet(43)) - raft.server.log.appender.buffer.element-limit = 1 (custom)
2019-07-14 06:53:39,011 INFO  grpc.GrpcConfigKeys$Server (ConfUtils.java:logGet(43)) - raft.grpc.server.leader.outstanding.appends.max = 128 (default)
2019-07-14 06:53:39,011 INFO  server.RaftServerConfigKeys (ConfUtils.java:logGet(43)) - raft.server.rpc.request.timeout = 3000ms (default)
2019-07-14 06:53:39,011 INFO  server.RaftServerConfigKeys (ConfUtils.java:logGet(43)) - raft.server.log.appender.install.snapshot.enabled = false (custom)
2019-07-14 06:53:39,011 INFO  impl.RoleInfo (RoleInfo.java:updateAndGet(143)) - 456e4f0a-b3c9-49c2-9fd7-0f964256b228: start LeaderState
2019-07-14 06:53:39,012 INFO  segmented.SegmentedRaftLogWorker (SegmentedRaftLogWorker.java:startLogSegment(380)) - 456e4f0a-b3c9-49c2-9fd7-0f964256b228-SegmentedRaftLogWorker:Storage Directory /tmp/workdir/hadoop-ozone/integration-test/target/test-dir/MiniOzoneClusterImpl-d50571e5-2990-423a-9baf-60008d75fde6/datanode-4/data/ratis/2d276017-4627-493c-9f53-849d69ee2cc4: Starting segment from index:0
2019-07-14 06:53:39,012 INFO  impl.RaftServerImpl (ServerState.java:setRaftConf(361)) - 456e4f0a-b3c9-49c2-9fd7-0f964256b228:group-849D69EE2CC4 set configuration 0: [ced4ce4a-19c0-4cac-897b-288d0e2520b1:192.168.5.144:39922, 456e4f0a-b3c9-49c2-9fd7-0f964256b228:192.168.5.144:35386, 9df94194-a88f-471a-ad97-294777adf0f4:192.168.5.144:40187], old=null at 0
2019-07-14 06:53:39,031 INFO  segmented.SegmentedRaftLogWorker (SegmentedRaftLogWorker.java:execute(569)) - 456e4f0a-b3c9-49c2-9fd7-0f964256b228-SegmentedRaftLogWorker:Storage Directory /tmp/workdir/hadoop-ozone/integration-test/target/test-dir/MiniOzoneClusterImpl-d50571e5-2990-423a-9baf-60008d75fde6/datanode-4/data/ratis/2d276017-4627-493c-9f53-849d69ee2cc4: created new log segment /tmp/workdir/hadoop-ozone/integration-test/target/test-dir/MiniOzoneClusterImpl-d50571e5-2990-423a-9baf-60008d75fde6/datanode-4/data/ratis/2d276017-4627-493c-9f53-849d69ee2cc4/current/log_inprogress_0
2019-07-14 06:53:39,035 INFO  impl.RaftServerImpl (ServerState.java:setLeader(263)) - ced4ce4a-19c0-4cac-897b-288d0e2520b1:group-849D69EE2CC4 change Leader from null to 456e4f0a-b3c9-49c2-9fd7-0f964256b228 at term 2 for appendEntries, leader elected after 10443ms
2019-07-14 06:53:39,036 INFO  impl.RaftServerImpl (ServerState.java:setLeader(263)) - 9df94194-a88f-471a-ad97-294777adf0f4:group-849D69EE2CC4 change Leader from null to 456e4f0a-b3c9-49c2-9fd7-0f964256b228 at term 2 for appendEntries, leader elected after 10444ms
2019-07-14 06:53:39,041 INFO  impl.RaftServerImpl (ServerState.java:setRaftConf(361)) - ced4ce4a-19c0-4cac-897b-288d0e2520b1:group-849D69EE2CC4 set configuration 0: [ced4ce4a-19c0-4cac-897b-288d0e2520b1:192.168.5.144:39922, 456e4f0a-b3c9-49c2-9fd7-0f964256b228:192.168.5.144:35386, 9df94194-a88f-471a-ad97-294777adf0f4:192.168.5.144:40187], old=null at 0
2019-07-14 06:53:39,041 INFO  segmented.SegmentedRaftLogWorker (SegmentedRaftLogWorker.java:startLogSegment(380)) - ced4ce4a-19c0-4cac-897b-288d0e2520b1-SegmentedRaftLogWorker:Storage Directory /tmp/workdir/hadoop-ozone/integration-test/target/test-dir/MiniOzoneClusterImpl-d50571e5-2990-423a-9baf-60008d75fde6/datanode-1/data/ratis/2d276017-4627-493c-9f53-849d69ee2cc4: Starting segment from index:0
2019-07-14 06:53:39,042 INFO  impl.RaftServerImpl (ServerState.java:setRaftConf(361)) - 9df94194-a88f-471a-ad97-294777adf0f4:group-849D69EE2CC4 set configuration 0: [ced4ce4a-19c0-4cac-897b-288d0e2520b1:192.168.5.144:39922, 456e4f0a-b3c9-49c2-9fd7-0f964256b228:192.168.5.144:35386, 9df94194-a88f-471a-ad97-294777adf0f4:192.168.5.144:40187], old=null at 0
2019-07-14 06:53:39,042 INFO  segmented.SegmentedRaftLogWorker (SegmentedRaftLogWorker.java:startLogSegment(380)) - 9df94194-a88f-471a-ad97-294777adf0f4-SegmentedRaftLogWorker:Storage Directory /tmp/workdir/hadoop-ozone/integration-test/target/test-dir/MiniOzoneClusterImpl-d50571e5-2990-423a-9baf-60008d75fde6/datanode-6/data/ratis/2d276017-4627-493c-9f53-849d69ee2cc4: Starting segment from index:0
2019-07-14 06:53:39,060 INFO  segmented.SegmentedRaftLogWorker (SegmentedRaftLogWorker.java:execute(569)) - 9df94194-a88f-471a-ad97-294777adf0f4-SegmentedRaftLogWorker:Storage Directory /tmp/workdir/hadoop-ozone/integration-test/target/test-dir/MiniOzoneClusterImpl-d50571e5-2990-423a-9baf-60008d75fde6/datanode-6/data/ratis/2d276017-4627-493c-9f53-849d69ee2cc4: created new log segment /tmp/workdir/hadoop-ozone/integration-test/target/test-dir/MiniOzoneClusterImpl-d50571e5-2990-423a-9baf-60008d75fde6/datanode-6/data/ratis/2d276017-4627-493c-9f53-849d69ee2cc4/current/log_inprogress_0
2019-07-14 06:53:39,060 INFO  segmented.SegmentedRaftLogWorker (SegmentedRaftLogWorker.java:execute(569)) - ced4ce4a-19c0-4cac-897b-288d0e2520b1-SegmentedRaftLogWorker:Storage Directory /tmp/workdir/hadoop-ozone/integration-test/target/test-dir/MiniOzoneClusterImpl-d50571e5-2990-423a-9baf-60008d75fde6/datanode-1/data/ratis/2d276017-4627-493c-9f53-849d69ee2cc4: created new log segment /tmp/workdir/hadoop-ozone/integration-test/target/test-dir/MiniOzoneClusterImpl-d50571e5-2990-423a-9baf-60008d75fde6/datanode-1/data/ratis/2d276017-4627-493c-9f53-849d69ee2cc4/current/log_inprogress_0
2019-07-14 06:53:39,296 INFO  client.GrpcClientProtocolClient (GrpcClientProtocolClient.java:onNext(255)) - client-406E3DF5D53E->456e4f0a-b3c9-49c2-9fd7-0f964256b228: receive RaftClientReply:client-406E3DF5D53E->456e4f0a-b3c9-49c2-9fd7-0f964256b228@group-849D69EE2CC4, cid=13, SUCCESS, logIndex=1, commits[456e4f0a-b3c9-49c2-9fd7-0f964256b228:c1, ced4ce4a-19c0-4cac-897b-288d0e2520b1:c0, 9df94194-a88f-471a-ad97-294777adf0f4:c0]
2019-07-14 06:53:39,348 INFO  client.GrpcClientProtocolClient (GrpcClientProtocolClient.java:onNext(255)) - client-406E3DF5D53E->456e4f0a-b3c9-49c2-9fd7-0f964256b228: receive RaftClientReply:client-406E3DF5D53E->456e4f0a-b3c9-49c2-9fd7-0f964256b228@group-849D69EE2CC4, cid=14, SUCCESS, logIndex=3, commits[456e4f0a-b3c9-49c2-9fd7-0f964256b228:c3, ced4ce4a-19c0-4cac-897b-288d0e2520b1:c1, 9df94194-a88f-471a-ad97-294777adf0f4:c2]
2019-07-14 06:53:39,430 INFO  client.GrpcClientProtocolClient (GrpcClientProtocolClient.java:onNext(255)) - client-406E3DF5D53E->456e4f0a-b3c9-49c2-9fd7-0f964256b228: receive RaftClientReply:client-406E3DF5D53E->456e4f0a-b3c9-49c2-9fd7-0f964256b228@group-849D69EE2CC4, cid=15, SUCCESS, logIndex=4, commits[456e4f0a-b3c9-49c2-9fd7-0f964256b228:c12, ced4ce4a-19c0-4cac-897b-288d0e2520b1:c8, 9df94194-a88f-471a-ad97-294777adf0f4:c8]
2019-07-14 06:53:39,436 INFO  client.GrpcClientProtocolClient (GrpcClientProtocolClient.java:onNext(255)) - client-406E3DF5D53E->456e4f0a-b3c9-49c2-9fd7-0f964256b228: receive RaftClientReply:client-406E3DF5D53E->456e4f0a-b3c9-49c2-9fd7-0f964256b228@group-849D69EE2CC4, cid=16, SUCCESS, logIndex=6, commits[456e4f0a-b3c9-49c2-9fd7-0f964256b228:c12, ced4ce4a-19c0-4cac-897b-288d0e2520b1:c8, 9df94194-a88f-471a-ad97-294777adf0f4:c8]
2019-07-14 06:53:39,444 INFO  client.GrpcClientProtocolClient (GrpcClientProtocolClient.java:onNext(255)) - client-406E3DF5D53E->456e4f0a-b3c9-49c2-9fd7-0f964256b228: receive RaftClientReply:client-406E3DF5D53E->456e4f0a-b3c9-49c2-9fd7-0f964256b228@group-849D69EE2CC4, cid=17, SUCCESS, logIndex=7, commits[456e4f0a-b3c9-49c2-9fd7-0f964256b228:c12, ced4ce4a-19c0-4cac-897b-288d0e2520b1:c8, 9df94194-a88f-471a-ad97-294777adf0f4:c8]
2019-07-14 06:53:39,467 INFO  client.GrpcClientProtocolClient (GrpcClientProtocolClient.java:onNext(255)) - client-406E3DF5D53E->456e4f0a-b3c9-49c2-9fd7-0f964256b228: receive RaftClientReply:client-406E3DF5D53E->456e4f0a-b3c9-49c2-9fd7-0f964256b228@group-849D69EE2CC4, cid=18, SUCCESS, logIndex=8, commits[456e4f0a-b3c9-49c2-9fd7-0f964256b228:c12, ced4ce4a-19c0-4cac-897b-288d0e2520b1:c8, 9df94194-a88f-471a-ad97-294777adf0f4:c8]
2019-07-14 06:53:39,491 INFO  pipeline.SCMPipelineManager (SCMPipelineManager.java:finalizeAndDestroyPipeline(309)) - destroying pipeline:Pipeline[ Id: 2d276017-4627-493c-9f53-849d69ee2cc4, Nodes: ced4ce4a-19c0-4cac-897b-288d0e2520b1{ip: 192.168.5.144, host: trunk-nightly-8c95p-1540871953, networkLocation: /default-rack, certSerialId: null}456e4f0a-b3c9-49c2-9fd7-0f964256b228{ip: 192.168.5.144, host: trunk-nightly-8c95p-1540871953, networkLocation: /default-rack, certSerialId: null}9df94194-a88f-471a-ad97-294777adf0f4{ip: 192.168.5.144, host: trunk-nightly-8c95p-1540871953, networkLocation: /default-rack, certSerialId: null}, Type:RATIS, Factor:THREE, State:OPEN]
2019-07-14 06:53:39,492 INFO  pipeline.PipelineStateManager (PipelineStateManager.java:finalizePipeline(123)) - Pipeline Pipeline[ Id: 2d276017-4627-493c-9f53-849d69ee2cc4, Nodes: ced4ce4a-19c0-4cac-897b-288d0e2520b1{ip: 192.168.5.144, host: trunk-nightly-8c95p-1540871953, networkLocation: /default-rack, certSerialId: null}456e4f0a-b3c9-49c2-9fd7-0f964256b228{ip: 192.168.5.144, host: trunk-nightly-8c95p-1540871953, networkLocation: /default-rack, certSerialId: null}9df94194-a88f-471a-ad97-294777adf0f4{ip: 192.168.5.144, host: trunk-nightly-8c95p-1540871953, networkLocation: /default-rack, certSerialId: null}, Type:RATIS, Factor:THREE, State:CLOSED] moved to CLOSED state
2019-07-14 06:53:39,493 INFO  container.CloseContainerEventHandler (CloseContainerEventHandler.java:onMessage(61)) - Close container Event triggered for container : #1
2019-07-14 06:53:39,513 INFO  impl.RaftServerProxy (RaftServerProxy.java:remove(95)) - ced4ce4a-19c0-4cac-897b-288d0e2520b1: remove FOLLOWER group-849D69EE2CC4 ced4ce4a-19c0-4cac-897b-288d0e2520b1:t2, leader=456e4f0a-b3c9-49c2-9fd7-0f964256b228, voted=456e4f0a-b3c9-49c2-9fd7-0f964256b228, raftlog=ced4ce4a-19c0-4cac-897b-288d0e2520b1-SegmentedRaftLog:OPENED:c8,f12,i12, conf=0: [ced4ce4a-19c0-4cac-897b-288d0e2520b1:192.168.5.144:39922, 456e4f0a-b3c9-49c2-9fd7-0f964256b228:192.168.5.144:35386, 9df94194-a88f-471a-ad97-294777adf0f4:192.168.5.144:40187], old=null RUNNING
2019-07-14 06:53:39,518 INFO  impl.RaftServerImpl (RaftServerImpl.java:lambda$shutdown$3(245)) - ced4ce4a-19c0-4cac-897b-288d0e2520b1: shutdown group-849D69EE2CC4
2019-07-14 06:53:39,518 INFO  util.JmxRegister (JmxRegister.java:unregister(73)) - Successfully un-registered JMX Bean with object name Ratis:service=RaftServer,group=group-849D69EE2CC4,id=ced4ce4a-19c0-4cac-897b-288d0e2520b1
2019-07-14 06:53:39,519 INFO  impl.RoleInfo (RoleInfo.java:shutdownFollowerState(121)) - ced4ce4a-19c0-4cac-897b-288d0e2520b1: shutdown FollowerState
2019-07-14 06:53:39,519 INFO  impl.FollowerState (FollowerState.java:run(114)) - ced4ce4a-19c0-4cac-897b-288d0e2520b1: FollowerState was interrupted: java.lang.InterruptedException: sleep interrupted
2019-07-14 06:53:39,519 INFO  impl.StateMachineUpdater (StateMachineUpdater.java:stopAndJoin(115)) - StateMachineUpdater:ced4ce4a-19c0-4cac-897b-288d0e2520b1:group-849D69EE2CC4: set stopIndex = 8
2019-07-14 06:53:39,523 INFO  ratis.ContainerStateMachine (ContainerStateMachine.java:takeSnapshot(249)) - group-849D69EE2CC4: Taking a snapshot at:(t:2, i:8) file /tmp/workdir/hadoop-ozone/integration-test/target/test-dir/MiniOzoneClusterImpl-d50571e5-2990-423a-9baf-60008d75fde6/datanode-1/data/ratis/2d276017-4627-493c-9f53-849d69ee2cc4/sm/snapshot.2_8
2019-07-14 06:53:39,531 INFO  ratis.ContainerStateMachine (ContainerStateMachine.java:takeSnapshot(257)) - group-849D69EE2CC4: Finished taking a snapshot at:(t:2, i:8) file:/tmp/workdir/hadoop-ozone/integration-test/target/test-dir/MiniOzoneClusterImpl-d50571e5-2990-423a-9baf-60008d75fde6/datanode-1/data/ratis/2d276017-4627-493c-9f53-849d69ee2cc4/sm/snapshot.2_8 time:9
2019-07-14 06:53:39,531 INFO  impl.StateMachineUpdater (StateMachineUpdater.java:takeSnapshot(242)) - StateMachineUpdater:ced4ce4a-19c0-4cac-897b-288d0e2520b1:group-849D69EE2CC4: Took a snapshot at index 8
2019-07-14 06:53:39,533 INFO  impl.StateMachineUpdater (StateMachineUpdater.java:lambda$new$0(80)) - StateMachineUpdater:ced4ce4a-19c0-4cac-897b-288d0e2520b1:group-849D69EE2CC4: snapshotIndex: updateIncreasingly -1 -> 8
2019-07-14 06:53:39,537 INFO  impl.RaftServerImpl (ServerState.java:close(394)) - ced4ce4a-19c0-4cac-897b-288d0e2520b1:group-849D69EE2CC4 closes. The last applied log index is 8
2019-07-14 06:53:39,539 INFO  segmented.SegmentedRaftLogWorker (SegmentedRaftLogWorker.java:run(313)) - ced4ce4a-19c0-4cac-897b-288d0e2520b1-SegmentedRaftLogWorker:Storage Directory /tmp/workdir/hadoop-ozone/integration-test/target/test-dir/MiniOzoneClusterImpl-d50571e5-2990-423a-9baf-60008d75fde6/datanode-1/data/ratis/2d276017-4627-493c-9f53-849d69ee2cc4 was interrupted, exiting. There are 0 tasks remaining in the queue.
2019-07-14 06:53:39,548 INFO  segmented.SegmentedRaftLogWorker (SegmentedRaftLogWorker.java:close(228)) - ced4ce4a-19c0-4cac-897b-288d0e2520b1-SegmentedRaftLogWorker:Storage Directory /tmp/workdir/hadoop-ozone/integration-test/target/test-dir/MiniOzoneClusterImpl-d50571e5-2990-423a-9baf-60008d75fde6/datanode-1/data/ratis/2d276017-4627-493c-9f53-849d69ee2cc4 close()
2019-07-14 06:53:39,570 INFO  impl.RaftServerProxy (RaftServerProxy.java:remove(95)) - 456e4f0a-b3c9-49c2-9fd7-0f964256b228: remove   LEADER group-849D69EE2CC4 456e4f0a-b3c9-49c2-9fd7-0f964256b228:t2, leader=456e4f0a-b3c9-49c2-9fd7-0f964256b228, voted=456e4f0a-b3c9-49c2-9fd7-0f964256b228, raftlog=456e4f0a-b3c9-49c2-9fd7-0f964256b228-SegmentedRaftLog:OPENED:c12,f12,i12, conf=0: [ced4ce4a-19c0-4cac-897b-288d0e2520b1:192.168.5.144:39922, 456e4f0a-b3c9-49c2-9fd7-0f964256b228:192.168.5.144:35386, 9df94194-a88f-471a-ad97-294777adf0f4:192.168.5.144:40187], old=null RUNNING
2019-07-14 06:53:39,570 INFO  impl.RaftServerImpl (RaftServerImpl.java:lambda$shutdown$3(245)) - 456e4f0a-b3c9-49c2-9fd7-0f964256b228: shutdown group-849D69EE2CC4
2019-07-14 06:53:39,571 INFO  util.JmxRegister (JmxRegister.java:unregister(73)) - Successfully un-registered JMX Bean with object name Ratis:service=RaftServer,group=group-849D69EE2CC4,id=456e4f0a-b3c9-49c2-9fd7-0f964256b228
2019-07-14 06:53:39,571 INFO  impl.RoleInfo (RoleInfo.java:shutdownLeaderState(104)) - 456e4f0a-b3c9-49c2-9fd7-0f964256b228: shutdown LeaderState
2019-07-14 06:53:39,575 INFO  impl.PendingRequests (PendingRequests.java:sendNotLeaderResponses(202)) - 456e4f0a-b3c9-49c2-9fd7-0f964256b228-PendingRequests: sendNotLeaderResponses
2019-07-14 06:53:39,575 WARN  server.GrpcLogAppender (GrpcLogAppender.java:mayWait(143)) - GrpcLogAppender(456e4f0a-b3c9-49c2-9fd7-0f964256b228->ced4ce4a-19c0-4cac-897b-288d0e2520b1): Wait interrupted by java.lang.InterruptedException
2019-07-14 06:53:39,575 WARN  server.GrpcLogAppender (GrpcLogAppender.java:mayWait(143)) - GrpcLogAppender(456e4f0a-b3c9-49c2-9fd7-0f964256b228->9df94194-a88f-471a-ad97-294777adf0f4): Wait interrupted by java.lang.InterruptedException
2019-07-14 06:53:39,580 INFO  server.GrpcServerProtocolService (GrpcServerProtocolService.java:onCompleted(104)) - 9df94194-a88f-471a-ad97-294777adf0f4: appendEntries completed
2019-07-14 06:53:39,580 INFO  server.GrpcServerProtocolService (GrpcServerProtocolService.java:onCompleted(104)) - ced4ce4a-19c0-4cac-897b-288d0e2520b1: appendEntries completed
2019-07-14 06:53:39,589 INFO  server.GrpcLogAppender (GrpcLogAppender.java:onCompleted(292)) - 456e4f0a-b3c9-49c2-9fd7-0f964256b228->9df94194-a88f-471a-ad97-294777adf0f4: follower responses appendEntries COMPLETED
2019-07-14 06:53:39,593 INFO  impl.FollowerInfo (FollowerInfo.java:lambda$new$0(50)) - 456e4f0a-b3c9-49c2-9fd7-0f964256b228->9df94194-a88f-471a-ad97-294777adf0f4: nextIndex: updateUnconditionally 13 -> 12
2019-07-14 06:53:39,594 INFO  server.GrpcLogAppender (GrpcLogAppender.java:onCompleted(292)) - 456e4f0a-b3c9-49c2-9fd7-0f964256b228->ced4ce4a-19c0-4cac-897b-288d0e2520b1: follower responses appendEntries COMPLETED
2019-07-14 06:53:39,597 INFO  impl.FollowerInfo (FollowerInfo.java:lambda$new$0(50)) - 456e4f0a-b3c9-49c2-9fd7-0f964256b228->ced4ce4a-19c0-4cac-897b-288d0e2520b1: nextIndex: updateUnconditionally 13 -> 12
2019-07-14 06:53:39,600 INFO  impl.StateMachineUpdater (StateMachineUpdater.java:stopAndJoin(115)) - StateMachineUpdater:456e4f0a-b3c9-49c2-9fd7-0f964256b228:group-849D69EE2CC4: set stopIndex = 12
2019-07-14 06:53:39,600 INFO  ratis.ContainerStateMachine (ContainerStateMachine.java:takeSnapshot(249)) - group-849D69EE2CC4: Taking a snapshot at:(t:2, i:12) file /tmp/workdir/hadoop-ozone/integration-test/target/test-dir/MiniOzoneClusterImpl-d50571e5-2990-423a-9baf-60008d75fde6/datanode-4/data/ratis/2d276017-4627-493c-9f53-849d69ee2cc4/sm/snapshot.2_12
2019-07-14 06:53:39,601 INFO  ratis.ContainerStateMachine (ContainerStateMachine.java:takeSnapshot(257)) - group-849D69EE2CC4: Finished taking a snapshot at:(t:2, i:12) file:/tmp/workdir/hadoop-ozone/integration-test/target/test-dir/MiniOzoneClusterImpl-d50571e5-2990-423a-9baf-60008d75fde6/datanode-4/data/ratis/2d276017-4627-493c-9f53-849d69ee2cc4/sm/snapshot.2_12 time:0
2019-07-14 06:53:39,601 INFO  impl.StateMachineUpdater (StateMachineUpdater.java:takeSnapshot(242)) - StateMachineUpdater:456e4f0a-b3c9-49c2-9fd7-0f964256b228:group-849D69EE2CC4: Took a snapshot at index 12
2019-07-14 06:53:39,601 INFO  impl.StateMachineUpdater (StateMachineUpdater.java:lambda$new$0(80)) - StateMachineUpdater:456e4f0a-b3c9-49c2-9fd7-0f964256b228:group-849D69EE2CC4: snapshotIndex: updateIncreasingly -1 -> 12
2019-07-14 06:53:39,603 INFO  impl.RaftServerImpl (ServerState.java:close(394)) - 456e4f0a-b3c9-49c2-9fd7-0f964256b228:group-849D69EE2CC4 closes. The last applied log index is 12
2019-07-14 06:53:39,603 INFO  segmented.SegmentedRaftLogWorker (SegmentedRaftLogWorker.java:run(313)) - 456e4f0a-b3c9-49c2-9fd7-0f964256b228-SegmentedRaftLogWorker:Storage Directory /tmp/workdir/hadoop-ozone/integration-test/target/test-dir/MiniOzoneClusterImpl-d50571e5-2990-423a-9baf-60008d75fde6/datanode-4/data/ratis/2d276017-4627-493c-9f53-849d69ee2cc4 was interrupted, exiting. There are 0 tasks remaining in the queue.
2019-07-14 06:53:39,605 INFO  segmented.SegmentedRaftLogWorker (SegmentedRaftLogWorker.java:close(228)) - 456e4f0a-b3c9-49c2-9fd7-0f964256b228-SegmentedRaftLogWorker:Storage Directory /tmp/workdir/hadoop-ozone/integration-test/target/test-dir/MiniOzoneClusterImpl-d50571e5-2990-423a-9baf-60008d75fde6/datanode-4/data/ratis/2d276017-4627-493c-9f53-849d69ee2cc4 close()
2019-07-14 06:53:39,620 INFO  impl.RaftServerProxy (RaftServerProxy.java:remove(95)) - 9df94194-a88f-471a-ad97-294777adf0f4: remove FOLLOWER group-849D69EE2CC4 9df94194-a88f-471a-ad97-294777adf0f4:t2, leader=456e4f0a-b3c9-49c2-9fd7-0f964256b228, voted=456e4f0a-b3c9-49c2-9fd7-0f964256b228, raftlog=9df94194-a88f-471a-ad97-294777adf0f4-SegmentedRaftLog:OPENED:c8,f12,i12, conf=0: [ced4ce4a-19c0-4cac-897b-288d0e2520b1:192.168.5.144:39922, 456e4f0a-b3c9-49c2-9fd7-0f964256b228:192.168.5.144:35386, 9df94194-a88f-471a-ad97-294777adf0f4:192.168.5.144:40187], old=null RUNNING
2019-07-14 06:53:39,621 INFO  impl.RaftServerImpl (RaftServerImpl.java:lambda$shutdown$3(245)) - 9df94194-a88f-471a-ad97-294777adf0f4: shutdown group-849D69EE2CC4
2019-07-14 06:53:39,621 INFO  util.JmxRegister (JmxRegister.java:unregister(73)) - Successfully un-registered JMX Bean with object name Ratis:service=RaftServer,group=group-849D69EE2CC4,id=9df94194-a88f-471a-ad97-294777adf0f4
2019-07-14 06:53:39,621 INFO  impl.RoleInfo (RoleInfo.java:shutdownFollowerState(121)) - 9df94194-a88f-471a-ad97-294777adf0f4: shutdown FollowerState
2019-07-14 06:53:39,621 INFO  impl.StateMachineUpdater (StateMachineUpdater.java:stopAndJoin(115)) - StateMachineUpdater:9df94194-a88f-471a-ad97-294777adf0f4:group-849D69EE2CC4: set stopIndex = 8
2019-07-14 06:53:39,621 INFO  ratis.ContainerStateMachine (ContainerStateMachine.java:takeSnapshot(249)) - group-849D69EE2CC4: Taking a snapshot at:(t:2, i:8) file /tmp/workdir/hadoop-ozone/integration-test/target/test-dir/MiniOzoneClusterImpl-d50571e5-2990-423a-9baf-60008d75fde6/datanode-6/data/ratis/2d276017-4627-493c-9f53-849d69ee2cc4/sm/snapshot.2_8
2019-07-14 06:53:39,623 INFO  impl.FollowerState (FollowerState.java:run(114)) - 9df94194-a88f-471a-ad97-294777adf0f4: FollowerState was interrupted: java.lang.InterruptedException: sleep interrupted
2019-07-14 06:53:39,624 INFO  ratis.ContainerStateMachine (ContainerStateMachine.java:takeSnapshot(257)) - group-849D69EE2CC4: Finished taking a snapshot at:(t:2, i:8) file:/tmp/workdir/hadoop-ozone/integration-test/target/test-dir/MiniOzoneClusterImpl-d50571e5-2990-423a-9baf-60008d75fde6/datanode-6/data/ratis/2d276017-4627-493c-9f53-849d69ee2cc4/sm/snapshot.2_8 time:3
2019-07-14 06:53:39,624 INFO  impl.StateMachineUpdater (StateMachineUpdater.java:takeSnapshot(242)) - StateMachineUpdater:9df94194-a88f-471a-ad97-294777adf0f4:group-849D69EE2CC4: Took a snapshot at index 8
2019-07-14 06:53:39,624 INFO  impl.StateMachineUpdater (StateMachineUpdater.java:lambda$new$0(80)) - StateMachineUpdater:9df94194-a88f-471a-ad97-294777adf0f4:group-849D69EE2CC4: snapshotIndex: updateIncreasingly -1 -> 8
2019-07-14 06:53:39,624 INFO  impl.RaftServerImpl (ServerState.java:close(394)) - 9df94194-a88f-471a-ad97-294777adf0f4:group-849D69EE2CC4 closes. The last applied log index is 8
2019-07-14 06:53:39,625 INFO  segmented.SegmentedRaftLogWorker (SegmentedRaftLogWorker.java:run(313)) - 9df94194-a88f-471a-ad97-294777adf0f4-SegmentedRaftLogWorker:Storage Directory /tmp/workdir/hadoop-ozone/integration-test/target/test-dir/MiniOzoneClusterImpl-d50571e5-2990-423a-9baf-60008d75fde6/datanode-6/data/ratis/2d276017-4627-493c-9f53-849d69ee2cc4 was interrupted, exiting. There are 0 tasks remaining in the queue.
2019-07-14 06:53:39,627 INFO  segmented.SegmentedRaftLogWorker (SegmentedRaftLogWorker.java:close(228)) - 9df94194-a88f-471a-ad97-294777adf0f4-SegmentedRaftLogWorker:Storage Directory /tmp/workdir/hadoop-ozone/integration-test/target/test-dir/MiniOzoneClusterImpl-d50571e5-2990-423a-9baf-60008d75fde6/datanode-6/data/ratis/2d276017-4627-493c-9f53-849d69ee2cc4 close()
2019-07-14 06:53:39,634 INFO  pipeline.PipelineStateManager (PipelineStateManager.java:removePipeline(108)) - Pipeline Pipeline[ Id: 2d276017-4627-493c-9f53-849d69ee2cc4, Nodes: ced4ce4a-19c0-4cac-897b-288d0e2520b1{ip: 192.168.5.144, host: trunk-nightly-8c95p-1540871953, networkLocation: /default-rack, certSerialId: null}456e4f0a-b3c9-49c2-9fd7-0f964256b228{ip: 192.168.5.144, host: trunk-nightly-8c95p-1540871953, networkLocation: /default-rack, certSerialId: null}9df94194-a88f-471a-ad97-294777adf0f4{ip: 192.168.5.144, host: trunk-nightly-8c95p-1540871953, networkLocation: /default-rack, certSerialId: null}, Type:RATIS, Factor:THREE, State:CLOSED] removed from db
2019-07-14 06:53:39,635 INFO  ratis.XceiverServerRatis (XceiverServerRatis.java:getPipelineIds(614)) - pipeline id PipelineID=7d37a95f-8b29-4e0f-9203-aa5da679a3b7
2019-07-14 06:53:39,638 INFO  ratis.XceiverServerRatis (XceiverServerRatis.java:getPipelineIds(614)) - pipeline id PipelineID=da06135c-f524-4d70-8eaa-9f7b3bcd7010
2019-07-14 06:53:39,640 INFO  ratis.XceiverServerRatis (XceiverServerRatis.java:getPipelineIds(614)) - pipeline id PipelineID=787206f9-6d8b-4cc4-9cde-bbe5fcfda00e
2019-07-14 06:53:39,666 INFO  impl.RaftServerProxy (RaftServerProxy.java:addNew(89)) - 9df94194-a88f-471a-ad97-294777adf0f4: addNew group-BAB056C2B514:[ced4ce4a-19c0-4cac-897b-288d0e2520b1:192.168.5.144:39922, 456e4f0a-b3c9-49c2-9fd7-0f964256b228:192.168.5.144:35386, 9df94194-a88f-471a-ad97-294777adf0f4:192.168.5.144:40187] returns group-BAB056C2B514:java.util.concurrent.CompletableFuture@eb1db2e[Not completed]
2019-07-14 06:53:39,676 INFO  impl.RaftServerProxy (RaftServerProxy.java:addNew(89)) - ced4ce4a-19c0-4cac-897b-288d0e2520b1: addNew group-BAB056C2B514:[ced4ce4a-19c0-4cac-897b-288d0e2520b1:192.168.5.144:39922, 456e4f0a-b3c9-49c2-9fd7-0f964256b228:192.168.5.144:35386, 9df94194-a88f-471a-ad97-294777adf0f4:192.168.5.144:40187] returns group-BAB056C2B514:java.util.concurrent.CompletableFuture@7c0aab52[Not completed]
2019-07-14 06:53:39,676 INFO  impl.RaftServerImpl (RaftServerImpl.java:<init>(93)) - 9df94194-a88f-471a-ad97-294777adf0f4: new RaftServerImpl for group-BAB056C2B514:[ced4ce4a-19c0-4cac-897b-288d0e2520b1:192.168.5.144:39922, 456e4f0a-b3c9-49c2-9fd7-0f964256b228:192.168.5.144:35386, 9df94194-a88f-471a-ad97-294777adf0f4:192.168.5.144:40187] with ContainerStateMachine:uninitialized
2019-07-14 06:53:39,676 INFO  server.RaftServerConfigKeys (ConfUtils.java:logGet(43)) - raft.server.rpc.timeout.min = 5s (custom)
2019-07-14 06:53:39,676 INFO  server.RaftServerConfigKeys (ConfUtils.java:logGet(43)) - raft.server.rpc.timeout.max = 5200ms (custom)
2019-07-14 06:53:39,677 INFO  server.RaftServerConfigKeys (ConfUtils.java:logGet(43)) - raft.server.rpcslowness.timeout = 120s (custom)
2019-07-14 06:53:39,683 INFO  server.RaftServerConfigKeys (ConfUtils.java:logGet(43)) - raft.server.sleep.deviation.threshold = 300 (default)
2019-07-14 06:53:39,683 INFO  server.RaftServerConfigKeys (ConfUtils.java:logGet(43)) - raft.server.log.appender.install.snapshot.enabled = false (custom)
2019-07-14 06:53:39,683 INFO  impl.RaftServerProxy (RaftServerProxy.java:addNew(89)) - 456e4f0a-b3c9-49c2-9fd7-0f964256b228: addNew group-BAB056C2B514:[ced4ce4a-19c0-4cac-897b-288d0e2520b1:192.168.5.144:39922, 456e4f0a-b3c9-49c2-9fd7-0f964256b228:192.168.5.144:35386, 9df94194-a88f-471a-ad97-294777adf0f4:192.168.5.144:40187] returns group-BAB056C2B514:java.util.concurrent.CompletableFuture@2fec78cc[Not completed]
2019-07-14 06:53:39,683 INFO  impl.RaftServerImpl (ServerState.java:<init>(105)) - 9df94194-a88f-471a-ad97-294777adf0f4:group-BAB056C2B514 ConfigurationManager, init=-1: [ced4ce4a-19c0-4cac-897b-288d0e2520b1:192.168.5.144:39922, 456e4f0a-b3c9-49c2-9fd7-0f964256b228:192.168.5.144:35386, 9df94194-a88f-471a-ad97-294777adf0f4:192.168.5.144:40187], old=null, confs=<EMPTY_MAP>
2019-07-14 06:53:39,683 INFO  server.RaftServerConfigKeys (ConfUtils.java:logGet(43)) - raft.server.storage.dir = [/tmp/workdir/hadoop-ozone/integration-test/target/test-dir/MiniOzoneClusterImpl-d50571e5-2990-423a-9baf-60008d75fde6/datanode-6/data/ratis] (custom)
2019-07-14 06:53:39,684 INFO  impl.RaftServerImpl (RaftServerImpl.java:<init>(93)) - ced4ce4a-19c0-4cac-897b-288d0e2520b1: new RaftServerImpl for group-BAB056C2B514:[ced4ce4a-19c0-4cac-897b-288d0e2520b1:192.168.5.144:39922, 456e4f0a-b3c9-49c2-9fd7-0f964256b228:192.168.5.144:35386, 9df94194-a88f-471a-ad97-294777adf0f4:192.168.5.144:40187] with ContainerStateMachine:uninitialized
2019-07-14 06:53:39,684 INFO  storage.RaftStorageDirectory (RaftStorageDirectory.java:analyzeStorage(246)) - The storage directory /tmp/workdir/hadoop-ozone/integration-test/target/test-dir/MiniOzoneClusterImpl-d50571e5-2990-423a-9baf-60008d75fde6/datanode-6/data/ratis/6835cf08-a6c0-4df7-ba43-bab056c2b514 does not exist. Creating ...
2019-07-14 06:53:39,684 INFO  server.RaftServerConfigKeys (ConfUtils.java:logGet(43)) - raft.server.rpc.timeout.min = 5s (custom)
2019-07-14 06:53:39,684 INFO  server.RaftServerConfigKeys (ConfUtils.java:logGet(43)) - raft.server.rpc.timeout.max = 5200ms (custom)
2019-07-14 06:53:39,684 INFO  impl.RaftServerImpl (RaftServerImpl.java:<init>(93)) - 456e4f0a-b3c9-49c2-9fd7-0f964256b228: new RaftServerImpl for group-BAB056C2B514:[ced4ce4a-19c0-4cac-897b-288d0e2520b1:192.168.5.144:39922, 456e4f0a-b3c9-49c2-9fd7-0f964256b228:192.168.5.144:35386, 9df94194-a88f-471a-ad97-294777adf0f4:192.168.5.144:40187] with ContainerStateMachine:uninitialized
2019-07-14 06:53:39,684 INFO  server.RaftServerConfigKeys (ConfUtils.java:logGet(43)) - raft.server.rpcslowness.timeout = 120s (custom)
2019-07-14 06:53:39,684 INFO  server.RaftServerConfigKeys (ConfUtils.java:logGet(43)) - raft.server.rpc.timeout.min = 5s (custom)
2019-07-14 06:53:39,684 INFO  server.RaftServerConfigKeys (ConfUtils.java:logGet(43)) - raft.server.sleep.deviation.threshold = 300 (default)
2019-07-14 06:53:39,685 INFO  server.RaftServerConfigKeys (ConfUtils.java:logGet(43)) - raft.server.rpc.timeout.max = 5200ms (custom)
2019-07-14 06:53:39,685 INFO  server.RaftServerConfigKeys (ConfUtils.java:logGet(43)) - raft.server.log.appender.install.snapshot.enabled = false (custom)
2019-07-14 06:53:39,685 INFO  server.RaftServerConfigKeys (ConfUtils.java:logGet(43)) - raft.server.rpcslowness.timeout = 120s (custom)
2019-07-14 06:53:39,685 INFO  impl.RaftServerImpl (ServerState.java:<init>(105)) - ced4ce4a-19c0-4cac-897b-288d0e2520b1:group-BAB056C2B514 ConfigurationManager, init=-1: [ced4ce4a-19c0-4cac-897b-288d0e2520b1:192.168.5.144:39922, 456e4f0a-b3c9-49c2-9fd7-0f964256b228:192.168.5.144:35386, 9df94194-a88f-471a-ad97-294777adf0f4:192.168.5.144:40187], old=null, confs=<EMPTY_MAP>
2019-07-14 06:53:39,685 INFO  server.RaftServerConfigKeys (ConfUtils.java:logGet(43)) - raft.server.sleep.deviation.threshold = 300 (default)
2019-07-14 06:53:39,685 INFO  server.RaftServerConfigKeys (ConfUtils.java:logGet(43)) - raft.server.log.appender.install.snapshot.enabled = false (custom)
2019-07-14 06:53:39,685 INFO  server.RaftServerConfigKeys (ConfUtils.java:logGet(43)) - raft.server.storage.dir = [/tmp/workdir/hadoop-ozone/integration-test/target/test-dir/MiniOzoneClusterImpl-d50571e5-2990-423a-9baf-60008d75fde6/datanode-1/data/ratis] (custom)
2019-07-14 06:53:39,685 INFO  impl.RaftServerImpl (ServerState.java:<init>(105)) - 456e4f0a-b3c9-49c2-9fd7-0f964256b228:group-BAB056C2B514 ConfigurationManager, init=-1: [ced4ce4a-19c0-4cac-897b-288d0e2520b1:192.168.5.144:39922, 456e4f0a-b3c9-49c2-9fd7-0f964256b228:192.168.5.144:35386, 9df94194-a88f-471a-ad97-294777adf0f4:192.168.5.144:40187], old=null, confs=<EMPTY_MAP>
2019-07-14 06:53:39,685 INFO  server.RaftServerConfigKeys (ConfUtils.java:logGet(43)) - raft.server.storage.dir = [/tmp/workdir/hadoop-ozone/integration-test/target/test-dir/MiniOzoneClusterImpl-d50571e5-2990-423a-9baf-60008d75fde6/datanode-4/data/ratis] (custom)
2019-07-14 06:53:39,686 INFO  storage.RaftStorageDirectory (RaftStorageDirectory.java:analyzeStorage(246)) - The storage directory /tmp/workdir/hadoop-ozone/integration-test/target/test-dir/MiniOzoneClusterImpl-d50571e5-2990-423a-9baf-60008d75fde6/datanode-1/data/ratis/6835cf08-a6c0-4df7-ba43-bab056c2b514 does not exist. Creating ...
2019-07-14 06:53:39,686 INFO  storage.RaftStorageDirectory (RaftStorageDirectory.java:analyzeStorage(246)) - The storage directory /tmp/workdir/hadoop-ozone/integration-test/target/test-dir/MiniOzoneClusterImpl-d50571e5-2990-423a-9baf-60008d75fde6/datanode-4/data/ratis/6835cf08-a6c0-4df7-ba43-bab056c2b514 does not exist. Creating ...
2019-07-14 06:53:39,690 INFO  storage.RaftStorageDirectory (RaftStorageDirectory.java:tryLock(328)) - Lock on /tmp/workdir/hadoop-ozone/integration-test/target/test-dir/MiniOzoneClusterImpl-d50571e5-2990-423a-9baf-60008d75fde6/datanode-6/data/ratis/6835cf08-a6c0-4df7-ba43-bab056c2b514/in_use.lock acquired by nodename 12199@trunk-nightly-8c95p-1540871953
2019-07-14 06:53:39,690 INFO  storage.RaftStorageDirectory (RaftStorageDirectory.java:tryLock(328)) - Lock on /tmp/workdir/hadoop-ozone/integration-test/target/test-dir/MiniOzoneClusterImpl-d50571e5-2990-423a-9baf-60008d75fde6/datanode-1/data/ratis/6835cf08-a6c0-4df7-ba43-bab056c2b514/in_use.lock acquired by nodename 12199@trunk-nightly-8c95p-1540871953
2019-07-14 06:53:39,690 INFO  storage.RaftStorageDirectory (RaftStorageDirectory.java:tryLock(328)) - Lock on /tmp/workdir/hadoop-ozone/integration-test/target/test-dir/MiniOzoneClusterImpl-d50571e5-2990-423a-9baf-60008d75fde6/datanode-4/data/ratis/6835cf08-a6c0-4df7-ba43-bab056c2b514/in_use.lock acquired by nodename 12199@trunk-nightly-8c95p-1540871953
2019-07-14 06:53:39,694 INFO  storage.RaftStorage (RaftStorage.java:format(72)) - Storage directory /tmp/workdir/hadoop-ozone/integration-test/target/test-dir/MiniOzoneClusterImpl-d50571e5-2990-423a-9baf-60008d75fde6/datanode-1/data/ratis/6835cf08-a6c0-4df7-ba43-bab056c2b514 has been successfully formatted.
2019-07-14 06:53:39,694 INFO  storage.RaftStorage (RaftStorage.java:format(72)) - Storage directory /tmp/workdir/hadoop-ozone/integration-test/target/test-dir/MiniOzoneClusterImpl-d50571e5-2990-423a-9baf-60008d75fde6/datanode-4/data/ratis/6835cf08-a6c0-4df7-ba43-bab056c2b514 has been successfully formatted.
2019-07-14 06:53:39,694 INFO  storage.RaftStorage (RaftStorage.java:format(72)) - Storage directory /tmp/workdir/hadoop-ozone/integration-test/target/test-dir/MiniOzoneClusterImpl-d50571e5-2990-423a-9baf-60008d75fde6/datanode-6/data/ratis/6835cf08-a6c0-4df7-ba43-bab056c2b514 has been successfully formatted.
2019-07-14 06:53:39,694 INFO  ratis.ContainerStateMachine (ContainerStateMachine.java:loadSnapshot(200)) - group-BAB056C2B514: The snapshot info is null. Setting the last applied indexto:(t:0, i:~)
2019-07-14 06:53:39,694 INFO  ratis.ContainerStateMachine (ContainerStateMachine.java:loadSnapshot(200)) - group-BAB056C2B514: The snapshot info is null. Setting the last applied indexto:(t:0, i:~)
2019-07-14 06:53:39,694 INFO  server.RaftServerConfigKeys (ConfUtils.java:logGet(43)) - raft.server.leader.election.timeout = 120s (custom)
2019-07-14 06:53:39,694 INFO  ratis.ContainerStateMachine (ContainerStateMachine.java:loadSnapshot(200)) - group-BAB056C2B514: The snapshot info is null. Setting the last applied indexto:(t:0, i:~)
2019-07-14 06:53:39,694 INFO  server.RaftServerConfigKeys (ConfUtils.java:logGet(43)) - raft.server.log.use.memory = false (default)
2019-07-14 06:53:39,694 INFO  server.RaftServerConfigKeys (ConfUtils.java:logGet(43)) - raft.server.leader.election.timeout = 120s (custom)
2019-07-14 06:53:39,695 INFO  server.RaftServerConfigKeys (ConfUtils.java:logGet(43)) - raft.server.log.purge.gap = 1000000000 (custom)
2019-07-14 06:53:39,695 INFO  server.RaftServerConfigKeys (ConfUtils.java:logGet(43)) - raft.server.leader.election.timeout = 120s (custom)
2019-07-14 06:53:39,695 INFO  server.RaftServerConfigKeys (ConfUtils.java:logGet(43)) - raft.server.log.appender.buffer.byte-limit = 33554432 (custom)
2019-07-14 06:53:39,695 INFO  server.RaftServerConfigKeys (ConfUtils.java:logGet(43)) - raft.server.log.use.memory = false (default)
2019-07-14 06:53:39,695 INFO  server.RaftServerConfigKeys (ConfUtils.java:logGet(43)) - raft.server.log.segment.size.max = 1048576 (custom)
2019-07-14 06:53:39,695 INFO  server.RaftServerConfigKeys (ConfUtils.java:logGet(43)) - raft.server.log.use.memory = false (default)
2019-07-14 06:53:39,695 INFO  server.RaftServerConfigKeys (ConfUtils.java:logGet(43)) - raft.server.log.segment.cache.num.max = 2 (custom)
2019-07-14 06:53:39,695 INFO  server.RaftServerConfigKeys (ConfUtils.java:logGet(43)) - raft.server.log.purge.gap = 1000000000 (custom)
2019-07-14 06:53:39,696 INFO  segmented.SegmentedRaftLogWorker (SegmentedRaftLogWorker.java:<init>(172)) - new 456e4f0a-b3c9-49c2-9fd7-0f964256b228-SegmentedRaftLogWorker:Storage Directory /tmp/workdir/hadoop-ozone/integration-test/target/test-dir/MiniOzoneClusterImpl-d50571e5-2990-423a-9baf-60008d75fde6/datanode-4/data/ratis/6835cf08-a6c0-4df7-ba43-bab056c2b514 for RaftStorage:Storage Directory /tmp/workdir/hadoop-ozone/integration-test/target/test-dir/MiniOzoneClusterImpl-d50571e5-2990-423a-9baf-60008d75fde6/datanode-4/data/ratis/6835cf08-a6c0-4df7-ba43-bab056c2b514
2019-07-14 06:53:39,695 INFO  server.RaftServerConfigKeys (ConfUtils.java:logGet(43)) - raft.server.log.purge.gap = 1000000000 (custom)
2019-07-14 06:53:39,696 INFO  server.RaftServerConfigKeys (ConfUtils.java:logGet(43)) - raft.server.log.queue.byte-limit = 2147483647 (custom)
2019-07-14 06:53:39,696 INFO  server.RaftServerConfigKeys (ConfUtils.java:logGet(43)) - raft.server.log.appender.buffer.byte-limit = 33554432 (custom)
2019-07-14 06:53:39,696 INFO  server.RaftServerConfigKeys (ConfUtils.java:logGet(43)) - raft.server.log.queue.element-limit = 1024 (custom)
2019-07-14 06:53:39,696 INFO  server.RaftServerConfigKeys (ConfUtils.java:logGet(43)) - raft.server.log.appender.buffer.byte-limit = 33554432 (custom)
2019-07-14 06:53:39,696 INFO  server.RaftServerConfigKeys (ConfUtils.java:logGet(43)) - raft.server.log.segment.size.max = 1048576 (custom)
2019-07-14 06:53:39,696 INFO  server.RaftServerConfigKeys (ConfUtils.java:logGet(43)) - raft.server.log.segment.size.max = 1048576 (custom)
2019-07-14 06:53:39,696 INFO  server.RaftServerConfigKeys (ConfUtils.java:logGet(43)) - raft.server.log.preallocated.size = 16384 (custom)
2019-07-14 06:53:39,696 INFO  server.RaftServerConfigKeys (ConfUtils.java:logGet(43)) - raft.server.log.segment.size.max = 1048576 (custom)
2019-07-14 06:53:39,697 INFO  server.RaftServerConfigKeys (ConfUtils.java:logGet(43)) - raft.server.log.write.buffer.size = 33554432 (custom)
2019-07-14 06:53:39,696 INFO  server.RaftServerConfigKeys (ConfUtils.java:logGet(43)) - raft.server.log.segment.cache.num.max = 2 (custom)
2019-07-14 06:53:39,697 INFO  server.RaftServerConfigKeys (ConfUtils.java:logGet(43)) - raft.server.log.force.sync.num = 128 (default)
2019-07-14 06:53:39,697 INFO  server.RaftServerConfigKeys (ConfUtils.java:logGet(43)) - raft.server.log.segment.cache.num.max = 2 (custom)
2019-07-14 06:53:39,697 INFO  server.RaftServerConfigKeys (ConfUtils.java:logGet(43)) - raft.server.log.statemachine.data.sync = true (default)
2019-07-14 06:53:39,697 INFO  segmented.SegmentedRaftLogWorker (SegmentedRaftLogWorker.java:<init>(172)) - new ced4ce4a-19c0-4cac-897b-288d0e2520b1-SegmentedRaftLogWorker:Storage Directory /tmp/workdir/hadoop-ozone/integration-test/target/test-dir/MiniOzoneClusterImpl-d50571e5-2990-423a-9baf-60008d75fde6/datanode-1/data/ratis/6835cf08-a6c0-4df7-ba43-bab056c2b514 for RaftStorage:Storage Directory /tmp/workdir/hadoop-ozone/integration-test/target/test-dir/MiniOzoneClusterImpl-d50571e5-2990-423a-9baf-60008d75fde6/datanode-1/data/ratis/6835cf08-a6c0-4df7-ba43-bab056c2b514
2019-07-14 06:53:39,697 INFO  server.RaftServerConfigKeys (ConfUtils.java:logGet(43)) - raft.server.log.statemachine.data.sync.timeout = 10s (default)
2019-07-14 06:53:39,697 INFO  segmented.SegmentedRaftLogWorker (SegmentedRaftLogWorker.java:<init>(172)) - new 9df94194-a88f-471a-ad97-294777adf0f4-SegmentedRaftLogWorker:Storage Directory /tmp/workdir/hadoop-ozone/integration-test/target/test-dir/MiniOzoneClusterImpl-d50571e5-2990-423a-9baf-60008d75fde6/datanode-6/data/ratis/6835cf08-a6c0-4df7-ba43-bab056c2b514 for RaftStorage:Storage Directory /tmp/workdir/hadoop-ozone/integration-test/target/test-dir/MiniOzoneClusterImpl-d50571e5-2990-423a-9baf-60008d75fde6/datanode-6/data/ratis/6835cf08-a6c0-4df7-ba43-bab056c2b514
2019-07-14 06:53:39,697 INFO  server.RaftServerConfigKeys (ConfUtils.java:logGet(43)) - raft.server.log.statemachine.data.sync.timeout.retry = -1 (default)
2019-07-14 06:53:39,697 INFO  server.RaftServerConfigKeys (ConfUtils.java:logGet(43)) - raft.server.log.queue.byte-limit = 2147483647 (custom)
2019-07-14 06:53:39,698 INFO  server.RaftServerConfigKeys (ConfUtils.java:logGet(43)) - raft.server.log.queue.byte-limit = 2147483647 (custom)
2019-07-14 06:53:39,698 INFO  server.RaftServerConfigKeys (ConfUtils.java:logGet(43)) - raft.server.log.statemachine.data.caching.enabled = true (custom)
2019-07-14 06:53:39,698 INFO  server.RaftServerConfigKeys (ConfUtils.java:logGet(43)) - raft.server.log.queue.element-limit = 1024 (custom)
2019-07-14 06:53:39,698 INFO  server.RaftServerConfigKeys (ConfUtils.java:logGet(43)) - raft.server.log.queue.element-limit = 1024 (custom)
2019-07-14 06:53:39,698 INFO  server.RaftServerConfigKeys (ConfUtils.java:logGet(43)) - raft.server.log.segment.size.max = 1048576 (custom)
2019-07-14 06:53:39,698 INFO  segmented.SegmentedRaftLogWorker (SegmentedRaftLogWorker.java:lambda$new$0(132)) - 456e4f0a-b3c9-49c2-9fd7-0f964256b228-SegmentedRaftLogWorker:Storage Directory /tmp/workdir/hadoop-ozone/integration-test/target/test-dir/MiniOzoneClusterImpl-d50571e5-2990-423a-9baf-60008d75fde6/datanode-4/data/ratis/6835cf08-a6c0-4df7-ba43-bab056c2b514: flushIndex: setUnconditionally 0 -> -1
2019-07-14 06:53:39,698 INFO  server.RaftServerConfigKeys (ConfUtils.java:logGet(43)) - raft.server.log.preallocated.size = 16384 (custom)
2019-07-14 06:53:39,698 INFO  server.RaftServerConfigKeys (ConfUtils.java:logGet(43)) - raft.server.log.segment.size.max = 1048576 (custom)
2019-07-14 06:53:39,699 INFO  server.RaftServerConfigKeys (ConfUtils.java:logGet(43)) - raft.server.snapshot.auto.trigger.enabled = true (custom)
2019-07-14 06:53:39,699 INFO  server.RaftServerConfigKeys (ConfUtils.java:logGet(43)) - raft.server.log.write.buffer.size = 33554432 (custom)
2019-07-14 06:53:39,699 INFO  server.RaftServerConfigKeys (ConfUtils.java:logGet(43)) - raft.server.snapshot.auto.trigger.threshold = 10000 (custom)
2019-07-14 06:53:39,699 INFO  server.RaftServerConfigKeys (ConfUtils.java:logGet(43)) - raft.server.log.preallocated.size = 16384 (custom)
2019-07-14 06:53:39,699 INFO  server.RaftServerConfigKeys (ConfUtils.java:logGet(43)) - raft.server.retrycache.expirytime = 600000ms (custom)
2019-07-14 06:53:39,699 INFO  server.RaftServerConfigKeys (ConfUtils.java:logGet(43)) - raft.server.log.force.sync.num = 128 (default)
2019-07-14 06:53:39,699 INFO  server.RaftServerConfigKeys (ConfUtils.java:logGet(43)) - raft.server.log.write.buffer.size = 33554432 (custom)
2019-07-14 06:53:39,699 INFO  impl.RaftServerImpl (RaftServerImpl.java:start(180)) - 456e4f0a-b3c9-49c2-9fd7-0f964256b228: start group-BAB056C2B514
2019-07-14 06:53:39,699 INFO  server.RaftServerConfigKeys (ConfUtils.java:logGet(43)) - raft.server.log.statemachine.data.sync = true (default)
2019-07-14 06:53:39,700 INFO  impl.RaftServerImpl (RaftServerImpl.java:setRole(171)) - 456e4f0a-b3c9-49c2-9fd7-0f964256b228:group-BAB056C2B514 changes role from null to FOLLOWER at term 0 for startAsFollower
2019-07-14 06:53:39,699 INFO  server.RaftServerConfigKeys (ConfUtils.java:logGet(43)) - raft.server.log.force.sync.num = 128 (default)
2019-07-14 06:53:39,700 INFO  impl.RoleInfo (RoleInfo.java:updateAndGet(143)) - 456e4f0a-b3c9-49c2-9fd7-0f964256b228: start FollowerState
2019-07-14 06:53:39,700 INFO  server.RaftServerConfigKeys (ConfUtils.java:logGet(43)) - raft.server.log.statemachine.data.sync.timeout = 10s (default)
2019-07-14 06:53:39,700 INFO  server.RaftServerConfigKeys (ConfUtils.java:logGet(43)) - raft.server.log.statemachine.data.sync = true (default)
2019-07-14 06:53:39,700 INFO  server.RaftServerConfigKeys (ConfUtils.java:logGet(43)) - raft.server.log.statemachine.data.sync.timeout.retry = -1 (default)
2019-07-14 06:53:39,700 INFO  util.JmxRegister (JmxRegister.java:tryRegister(44)) - Successfully registered JMX Bean with object name Ratis:service=RaftServer,group=group-BAB056C2B514,id=456e4f0a-b3c9-49c2-9fd7-0f964256b228
2019-07-14 06:53:39,700 INFO  server.RaftServerConfigKeys (ConfUtils.java:logGet(43)) - raft.server.log.statemachine.data.sync.timeout = 10s (default)
2019-07-14 06:53:39,700 INFO  server.RaftServerConfigKeys (ConfUtils.java:logGet(43)) - raft.server.log.statemachine.data.caching.enabled = true (custom)
2019-07-14 06:53:39,700 INFO  server.RaftServerConfigKeys (ConfUtils.java:logGet(43)) - raft.server.log.statemachine.data.sync.timeout.retry = -1 (default)
2019-07-14 06:53:39,701 INFO  segmented.SegmentedRaftLogWorker (SegmentedRaftLogWorker.java:lambda$new$0(132)) - ced4ce4a-19c0-4cac-897b-288d0e2520b1-SegmentedRaftLogWorker:Storage Directory /tmp/workdir/hadoop-ozone/integration-test/target/test-dir/MiniOzoneClusterImpl-d50571e5-2990-423a-9baf-60008d75fde6/datanode-1/data/ratis/6835cf08-a6c0-4df7-ba43-bab056c2b514: flushIndex: setUnconditionally 0 -> -1
2019-07-14 06:53:39,701 INFO  server.RaftServerConfigKeys (ConfUtils.java:logGet(43)) - raft.server.log.statemachine.data.caching.enabled = true (custom)
2019-07-14 06:53:39,701 INFO  server.RaftServerConfigKeys (ConfUtils.java:logGet(43)) - raft.server.snapshot.auto.trigger.enabled = true (custom)
2019-07-14 06:53:39,701 INFO  server.RaftServerConfigKeys (ConfUtils.java:logGet(43)) - raft.server.snapshot.auto.trigger.threshold = 10000 (custom)
2019-07-14 06:53:39,701 INFO  server.RaftServerConfigKeys (ConfUtils.java:logGet(43)) - raft.server.retrycache.expirytime = 600000ms (custom)
2019-07-14 06:53:39,701 INFO  impl.RaftServerImpl (RaftServerImpl.java:start(180)) - ced4ce4a-19c0-4cac-897b-288d0e2520b1: start group-BAB056C2B514
2019-07-14 06:53:39,704 INFO  impl.RaftServerImpl (RaftServerImpl.java:setRole(171)) - ced4ce4a-19c0-4cac-897b-288d0e2520b1:group-BAB056C2B514 changes role from null to FOLLOWER at term 0 for startAsFollower
2019-07-14 06:53:39,704 INFO  segmented.SegmentedRaftLogWorker (SegmentedRaftLogWorker.java:lambda$new$0(132)) - 9df94194-a88f-471a-ad97-294777adf0f4-SegmentedRaftLogWorker:Storage Directory /tmp/workdir/hadoop-ozone/integration-test/target/test-dir/MiniOzoneClusterImpl-d50571e5-2990-423a-9baf-60008d75fde6/datanode-6/data/ratis/6835cf08-a6c0-4df7-ba43-bab056c2b514: flushIndex: setUnconditionally 0 -> -1
2019-07-14 06:53:39,704 INFO  impl.RoleInfo (RoleInfo.java:updateAndGet(143)) - ced4ce4a-19c0-4cac-897b-288d0e2520b1: start FollowerState
2019-07-14 06:53:39,705 INFO  server.RaftServerConfigKeys (ConfUtils.java:logGet(43)) - raft.server.snapshot.auto.trigger.enabled = true (custom)
2019-07-14 06:53:39,705 INFO  server.RaftServerConfigKeys (ConfUtils.java:logGet(43)) - raft.server.snapshot.auto.trigger.threshold = 10000 (custom)
2019-07-14 06:53:39,705 INFO  util.JmxRegister (JmxRegister.java:tryRegister(44)) - Successfully registered JMX Bean with object name Ratis:service=RaftServer,group=group-BAB056C2B514,id=ced4ce4a-19c0-4cac-897b-288d0e2520b1
2019-07-14 06:53:39,705 INFO  server.RaftServerConfigKeys (ConfUtils.java:logGet(43)) - raft.server.retrycache.expirytime = 600000ms (custom)
2019-07-14 06:53:39,705 INFO  impl.RaftServerImpl (RaftServerImpl.java:start(180)) - 9df94194-a88f-471a-ad97-294777adf0f4: start group-BAB056C2B514
2019-07-14 06:53:39,705 INFO  impl.RaftServerImpl (RaftServerImpl.java:setRole(171)) - 9df94194-a88f-471a-ad97-294777adf0f4:group-BAB056C2B514 changes role from null to FOLLOWER at term 0 for startAsFollower
2019-07-14 06:53:39,706 INFO  impl.RoleInfo (RoleInfo.java:updateAndGet(143)) - 9df94194-a88f-471a-ad97-294777adf0f4: start FollowerState
2019-07-14 06:53:39,706 INFO  util.JmxRegister (JmxRegister.java:tryRegister(44)) - Successfully registered JMX Bean with object name Ratis:service=RaftServer,group=group-BAB056C2B514,id=9df94194-a88f-471a-ad97-294777adf0f4
2019-07-14 06:53:39,715 INFO  pipeline.PipelineStateManager (PipelineStateManager.java:addPipeline(56)) - Created pipeline Pipeline[ Id: 6835cf08-a6c0-4df7-ba43-bab056c2b514, Nodes: ced4ce4a-19c0-4cac-897b-288d0e2520b1{ip: 192.168.5.144, host: trunk-nightly-8c95p-1540871953, networkLocation: /default-rack, certSerialId: null}456e4f0a-b3c9-49c2-9fd7-0f964256b228{ip: 192.168.5.144, host: trunk-nightly-8c95p-1540871953, networkLocation: /default-rack, certSerialId: null}9df94194-a88f-471a-ad97-294777adf0f4{ip: 192.168.5.144, host: trunk-nightly-8c95p-1540871953, networkLocation: /default-rack, certSerialId: null}, Type:RATIS, Factor:THREE, State:OPEN]
2019-07-14 06:53:40,725 WARN  io.KeyOutputStream (KeyOutputStream.java:handleException(276)) - Encountered exception java.io.IOException: Unexpected Storage Container Exception: java.util.concurrent.CompletionException: java.util.concurrent.CompletionException: org.apache.ratis.protocol.GroupMismatchException: 456e4f0a-b3c9-49c2-9fd7-0f964256b228: group-849D69EE2CC4 not found. on the pipeline Pipeline[ Id: 2d276017-4627-493c-9f53-849d69ee2cc4, Nodes: ced4ce4a-19c0-4cac-897b-288d0e2520b1{ip: 192.168.5.144, host: trunk-nightly-8c95p-1540871953, networkLocation: /default-rack, certSerialId: null}456e4f0a-b3c9-49c2-9fd7-0f964256b228{ip: 192.168.5.144, host: trunk-nightly-8c95p-1540871953, networkLocation: /default-rack, certSerialId: null}9df94194-a88f-471a-ad97-294777adf0f4{ip: 192.168.5.144, host: trunk-nightly-8c95p-1540871953, networkLocation: /default-rack, certSerialId: null}, Type:RATIS, Factor:THREE, State:OPEN]. The last committed block length is 400, uncommitted data length is 50 retry count 0
2019-07-14 06:53:40,864 INFO  client.GrpcClientProtocolClient (GrpcClientProtocolClient.java:onNext(255)) - client-82FC58B58595->cbefb6a9-63b0-4f45-83d7-16351731a333: receive RaftClientReply:client-82FC58B58595->cbefb6a9-63b0-4f45-83d7-16351731a333@group-6DB32D3157BF, cid=27, SUCCESS, logIndex=1, commits[cbefb6a9-63b0-4f45-83d7-16351731a333:c1, 21c11074-c061-4199-a5c5-e5d1047c631d:c0, ee47d561-0e1f-4a81-ab74-3db013f51d41:c1]
2019-07-14 06:53:40,912 INFO  client.GrpcClientProtocolClient (GrpcClientProtocolClient.java:onNext(255)) - client-82FC58B58595->cbefb6a9-63b0-4f45-83d7-16351731a333: receive RaftClientReply:client-82FC58B58595->cbefb6a9-63b0-4f45-83d7-16351731a333@group-6DB32D3157BF, cid=28, SUCCESS, logIndex=3, commits[cbefb6a9-63b0-4f45-83d7-16351731a333:c4, 21c11074-c061-4199-a5c5-e5d1047c631d:c3, ee47d561-0e1f-4a81-ab74-3db013f51d41:c3]
2019-07-14 06:53:40,980 INFO  pipeline.Pipeline (Pipeline.java:getProtobufMessage(195)) - Serialize pipeline PipelineID=753c826b-abd5-410c-9f27-6db32d3157bf with nodesInOrder{ }
2019-07-14 06:53:40,985 INFO  ozone.MiniOzoneClusterImpl (MiniOzoneClusterImpl.java:shutdown(321)) - Shutting down the Mini Ozone Cluster
2019-07-14 06:53:40,986 INFO  ozone.MiniOzoneClusterImpl (MiniOzoneClusterImpl.java:stop(336)) - Stopping the Mini Ozone Cluster
2019-07-14 06:53:40,986 INFO  ozone.MiniOzoneClusterImpl (MiniOzoneClusterImpl.java:stop(338)) - Stopping the OzoneManager
2019-07-14 06:53:40,986 INFO  ipc.Server (Server.java:stop(3082)) - Stopping server on 41834
2019-07-14 06:53:40,988 INFO  ipc.Server (Server.java:run(1185)) - Stopping IPC Server listener on 41834
2019-07-14 06:53:40,991 INFO  ipc.Server (Server.java:run(1319)) - Stopping IPC Server Responder
2019-07-14 06:53:40,991 INFO  utils.BackgroundService (BackgroundService.java:shutdown(148)) - Shutting down service KeyDeletingService
2019-07-14 06:53:40,995 INFO  handler.ContextHandler (ContextHandler.java:doStop(910)) - Stopped o.e.j.w.WebAppContext@3e9803c2{/,null,UNAVAILABLE}{/ozoneManager}
2019-07-14 06:53:41,001 INFO  server.AbstractConnector (AbstractConnector.java:doStop(318)) - Stopped ServerConnector@4525d1d3{HTTP/1.1,[http/1.1]}{0.0.0.0:0}
2019-07-14 06:53:41,002 INFO  handler.ContextHandler (ContextHandler.java:doStop(910)) - Stopped o.e.j.s.ServletContextHandler@7b44b63d{/static,file:///tmp/workdir/hadoop-ozone/integration-test/target/test-classes/webapps/static,UNAVAILABLE}
2019-07-14 06:53:41,003 INFO  handler.ContextHandler (ContextHandler.java:doStop(910)) - Stopped o.e.j.s.ServletContextHandler@2d0bfb24{/logs,file:///tmp/workdir/hadoop-ozone/integration-test/target/log,UNAVAILABLE}
2019-07-14 06:53:41,007 INFO  ozone.MiniOzoneClusterImpl (MiniOzoneClusterImpl.java:stop(344)) - Shutting the HddsDatanodes
2019-07-14 06:53:41,008 INFO  datanode.ObjectStoreHandler (ObjectStoreHandler.java:close(155)) - Closing ObjectStoreHandler.
2019-07-14 06:53:41,008 INFO  datanode.ObjectStoreHandler (ObjectStoreHandler.java:close(155)) - Closing ObjectStoreHandler.
2019-07-14 06:53:41,012 INFO  ozone.HddsDatanodeService (HddsDatanodeService.java:stop(452)) - Stopped plug-in org.apache.hadoop.ozone.web.OzoneHddsDatanodeService@5729b410
2019-07-14 06:53:41,012 INFO  ozone.HddsDatanodeService (HddsDatanodeService.java:stop(452)) - Stopped plug-in org.apache.hadoop.ozone.web.OzoneHddsDatanodeService@15d236fd
2019-07-14 06:53:41,168 INFO  statemachine.DatanodeStateMachine (DatanodeStateMachine.java:lambda$startDaemon$0(350)) - Ozone container server started.
2019-07-14 06:53:41,262 INFO  statemachine.DatanodeStateMachine (DatanodeStateMachine.java:lambda$startDaemon$0(350)) - Ozone container server started.
2019-07-14 06:53:44,711 INFO  impl.FollowerState (FollowerState.java:run(106)) - ced4ce4a-19c0-4cac-897b-288d0e2520b1:group-BAB056C2B514 changes to CANDIDATE, lastRpcTime:5006, electionTimeout:5006ms
2019-07-14 06:53:44,711 INFO  impl.RoleInfo (RoleInfo.java:shutdownFollowerState(121)) - ced4ce4a-19c0-4cac-897b-288d0e2520b1: shutdown FollowerState
2019-07-14 06:53:44,712 INFO  impl.RaftServerImpl (RaftServerImpl.java:setRole(171)) - ced4ce4a-19c0-4cac-897b-288d0e2520b1:group-BAB056C2B514 changes role from FOLLOWER to CANDIDATE at term 0 for changeToCandidate
2019-07-14 06:53:44,712 INFO  impl.RoleInfo (RoleInfo.java:updateAndGet(143)) - ced4ce4a-19c0-4cac-897b-288d0e2520b1: start LeaderElection
2019-07-14 06:53:44,722 INFO  impl.FollowerState (FollowerState.java:run(106)) - 456e4f0a-b3c9-49c2-9fd7-0f964256b228:group-BAB056C2B514 changes to CANDIDATE, lastRpcTime:5022, electionTimeout:5022ms
2019-07-14 06:53:44,722 INFO  impl.RoleInfo (RoleInfo.java:shutdownFollowerState(121)) - 456e4f0a-b3c9-49c2-9fd7-0f964256b228: shutdown FollowerState
2019-07-14 06:53:44,723 INFO  impl.RaftServerImpl (RaftServerImpl.java:setRole(171)) - 456e4f0a-b3c9-49c2-9fd7-0f964256b228:group-BAB056C2B514 changes role from FOLLOWER to CANDIDATE at term 0 for changeToCandidate
2019-07-14 06:53:44,723 INFO  impl.RoleInfo (RoleInfo.java:updateAndGet(143)) - 456e4f0a-b3c9-49c2-9fd7-0f964256b228: start LeaderElection
2019-07-14 06:53:44,737 INFO  impl.LeaderElection (LeaderElection.java:askForVotes(181)) - ced4ce4a-19c0-4cac-897b-288d0e2520b1:group-BAB056C2B514:LeaderElection14: begin an election at term 1 for -1: [ced4ce4a-19c0-4cac-897b-288d0e2520b1:192.168.5.144:39922, 456e4f0a-b3c9-49c2-9fd7-0f964256b228:192.168.5.144:35386, 9df94194-a88f-471a-ad97-294777adf0f4:192.168.5.144:40187], old=null
2019-07-14 06:53:44,749 INFO  impl.LeaderElection (LeaderElection.java:askForVotes(181)) - 456e4f0a-b3c9-49c2-9fd7-0f964256b228:group-BAB056C2B514:LeaderElection15: begin an election at term 1 for -1: [ced4ce4a-19c0-4cac-897b-288d0e2520b1:192.168.5.144:39922, 456e4f0a-b3c9-49c2-9fd7-0f964256b228:192.168.5.144:35386, 9df94194-a88f-471a-ad97-294777adf0f4:192.168.5.144:40187], old=null
2019-07-14 06:53:44,754 INFO  impl.RaftServerImpl (RaftServerImpl.java:setRole(171)) - 9df94194-a88f-471a-ad97-294777adf0f4:group-BAB056C2B514 changes role from FOLLOWER to FOLLOWER at term 1 for recognizeCandidate:ced4ce4a-19c0-4cac-897b-288d0e2520b1
2019-07-14 06:53:44,754 INFO  impl.RoleInfo (RoleInfo.java:shutdownFollowerState(121)) - 9df94194-a88f-471a-ad97-294777adf0f4: shutdown FollowerState
2019-07-14 06:53:44,755 INFO  impl.RoleInfo (RoleInfo.java:updateAndGet(143)) - 9df94194-a88f-471a-ad97-294777adf0f4: start FollowerState
2019-07-14 06:53:44,755 INFO  impl.FollowerState (FollowerState.java:run(114)) - 9df94194-a88f-471a-ad97-294777adf0f4: FollowerState was interrupted: java.lang.InterruptedException: sleep interrupted
2019-07-14 06:53:44,773 INFO  impl.LeaderElection (LeaderElection.java:logAndReturn(56)) - 456e4f0a-b3c9-49c2-9fd7-0f964256b228:group-BAB056C2B514:LeaderElection15: Election REJECTED; received 2 response(s) [456e4f0a-b3c9-49c2-9fd7-0f964256b228<-ced4ce4a-19c0-4cac-897b-288d0e2520b1#0:FAIL-t1, 456e4f0a-b3c9-49c2-9fd7-0f964256b228<-9df94194-a88f-471a-ad97-294777adf0f4#0:FAIL-t1] and 0 exception(s); 456e4f0a-b3c9-49c2-9fd7-0f964256b228:t1, leader=null, voted=456e4f0a-b3c9-49c2-9fd7-0f964256b228, raftlog=456e4f0a-b3c9-49c2-9fd7-0f964256b228-SegmentedRaftLog:OPENED:c-1,f-1,i0, conf=-1: [ced4ce4a-19c0-4cac-897b-288d0e2520b1:192.168.5.144:39922, 456e4f0a-b3c9-49c2-9fd7-0f964256b228:192.168.5.144:35386, 9df94194-a88f-471a-ad97-294777adf0f4:192.168.5.144:40187], old=null
2019-07-14 06:53:44,773 INFO  impl.LeaderElection (LeaderElection.java:logAndReturn(56)) - ced4ce4a-19c0-4cac-897b-288d0e2520b1:group-BAB056C2B514:LeaderElection14: Election PASSED; received 2 response(s) [ced4ce4a-19c0-4cac-897b-288d0e2520b1<-456e4f0a-b3c9-49c2-9fd7-0f964256b228#0:FAIL-t1, ced4ce4a-19c0-4cac-897b-288d0e2520b1<-9df94194-a88f-471a-ad97-294777adf0f4#0:OK-t1] and 0 exception(s); ced4ce4a-19c0-4cac-897b-288d0e2520b1:t1, leader=null, voted=ced4ce4a-19c0-4cac-897b-288d0e2520b1, raftlog=ced4ce4a-19c0-4cac-897b-288d0e2520b1-SegmentedRaftLog:OPENED:c-1,f-1,i0, conf=-1: [ced4ce4a-19c0-4cac-897b-288d0e2520b1:192.168.5.144:39922, 456e4f0a-b3c9-49c2-9fd7-0f964256b228:192.168.5.144:35386, 9df94194-a88f-471a-ad97-294777adf0f4:192.168.5.144:40187], old=null
2019-07-14 06:53:44,774 INFO  impl.RoleInfo (RoleInfo.java:shutdownLeaderElection(134)) - ced4ce4a-19c0-4cac-897b-288d0e2520b1: shutdown LeaderElection
2019-07-14 06:53:44,776 INFO  impl.RaftServerImpl (RaftServerImpl.java:setRole(171)) - ced4ce4a-19c0-4cac-897b-288d0e2520b1:group-BAB056C2B514 changes role from CANDIDATE to LEADER at term 1 for changeToLeader
2019-07-14 06:53:44,776 INFO  impl.RaftServerImpl (RaftServerImpl.java:setRole(171)) - 456e4f0a-b3c9-49c2-9fd7-0f964256b228:group-BAB056C2B514 changes role from CANDIDATE to FOLLOWER at term 1 for DISCOVERED_A_NEW_TERM
2019-07-14 06:53:44,776 INFO  impl.RaftServerImpl (ServerState.java:setLeader(263)) - ced4ce4a-19c0-4cac-897b-288d0e2520b1:group-BAB056C2B514 change Leader from null to ced4ce4a-19c0-4cac-897b-288d0e2520b1 at term 1 for becomeLeader, leader elected after 5081ms
2019-07-14 06:53:44,778 INFO  impl.RoleInfo (RoleInfo.java:shutdownLeaderElection(134)) - 456e4f0a-b3c9-49c2-9fd7-0f964256b228: shutdown LeaderElection
2019-07-14 06:53:44,778 INFO  server.RaftServerConfigKeys (ConfUtils.java:logGet(43)) - raft.server.staging.catchup.gap = 1000 (default)
2019-07-14 06:53:44,778 INFO  impl.RoleInfo (RoleInfo.java:updateAndGet(143)) - 456e4f0a-b3c9-49c2-9fd7-0f964256b228: start FollowerState
2019-07-14 06:53:44,779 INFO  server.RaftServerConfigKeys (ConfUtils.java:logGet(43)) - raft.server.rpc.sleep.time = 25ms (default)
2019-07-14 06:53:44,781 INFO  server.RaftServerConfigKeys (ConfUtils.java:logGet(43)) - raft.server.write.element-limit = 4096 (default)
2019-07-14 06:53:44,781 INFO  server.RaftServerConfigKeys (ConfUtils.java:logGet(43)) - raft.server.watch.timeout = 10s (default)
2019-07-14 06:53:44,781 INFO  server.RaftServerConfigKeys (ConfUtils.java:logGet(43)) - raft.server.watch.timeout.denomination = 1s (default)
2019-07-14 06:53:44,781 INFO  server.RaftServerConfigKeys (ConfUtils.java:logGet(43)) - raft.server.watch.element-limit = 65536 (default)
2019-07-14 06:53:44,782 INFO  server.RaftServerConfigKeys (ConfUtils.java:logGet(43)) - raft.server.log.appender.snapshot.chunk.size.max = 16MB (=16777216) (default)
2019-07-14 06:53:44,782 INFO  server.RaftServerConfigKeys (ConfUtils.java:logGet(43)) - raft.server.log.appender.buffer.byte-limit = 33554432 (custom)
2019-07-14 06:53:44,782 INFO  server.RaftServerConfigKeys (ConfUtils.java:logGet(43)) - raft.server.log.appender.buffer.element-limit = 1 (custom)
2019-07-14 06:53:44,783 INFO  grpc.GrpcConfigKeys$Server (ConfUtils.java:logGet(43)) - raft.grpc.server.leader.outstanding.appends.max = 128 (default)
2019-07-14 06:53:44,783 INFO  server.RaftServerConfigKeys (ConfUtils.java:logGet(43)) - raft.server.rpc.request.timeout = 3000ms (default)
2019-07-14 06:53:44,783 INFO  server.RaftServerConfigKeys (ConfUtils.java:logGet(43)) - raft.server.log.appender.install.snapshot.enabled = false (custom)
2019-07-14 06:53:44,783 INFO  server.RaftServerConfigKeys (ConfUtils.java:logGet(43)) - raft.server.log.appender.snapshot.chunk.size.max = 16MB (=16777216) (default)
2019-07-14 06:53:44,783 INFO  server.RaftServerConfigKeys (ConfUtils.java:logGet(43)) - raft.server.log.appender.buffer.byte-limit = 33554432 (custom)
2019-07-14 06:53:44,784 INFO  server.RaftServerConfigKeys (ConfUtils.java:logGet(43)) - raft.server.log.appender.buffer.element-limit = 1 (custom)
2019-07-14 06:53:44,784 INFO  grpc.GrpcConfigKeys$Server (ConfUtils.java:logGet(43)) - raft.grpc.server.leader.outstanding.appends.max = 128 (default)
2019-07-14 06:53:44,784 INFO  server.RaftServerConfigKeys (ConfUtils.java:logGet(43)) - raft.server.rpc.request.timeout = 3000ms (default)
2019-07-14 06:53:44,784 INFO  server.RaftServerConfigKeys (ConfUtils.java:logGet(43)) - raft.server.log.appender.install.snapshot.enabled = false (custom)
2019-07-14 06:53:44,785 INFO  impl.RoleInfo (RoleInfo.java:updateAndGet(143)) - ced4ce4a-19c0-4cac-897b-288d0e2520b1: start LeaderState
2019-07-14 06:53:44,785 INFO  segmented.SegmentedRaftLogWorker (SegmentedRaftLogWorker.java:startLogSegment(380)) - ced4ce4a-19c0-4cac-897b-288d0e2520b1-SegmentedRaftLogWorker:Storage Directory /tmp/workdir/hadoop-ozone/integration-test/target/test-dir/MiniOzoneClusterImpl-d50571e5-2990-423a-9baf-60008d75fde6/datanode-1/data/ratis/6835cf08-a6c0-4df7-ba43-bab056c2b514: Starting segment from index:0
2019-07-14 06:53:44,786 INFO  impl.RaftServerImpl (ServerState.java:setRaftConf(361)) - ced4ce4a-19c0-4cac-897b-288d0e2520b1:group-BAB056C2B514 set configuration 0: [ced4ce4a-19c0-4cac-897b-288d0e2520b1:192.168.5.144:39922, 456e4f0a-b3c9-49c2-9fd7-0f964256b228:192.168.5.144:35386, 9df94194-a88f-471a-ad97-294777adf0f4:192.168.5.144:40187], old=null at 0
2019-07-14 06:53:44,808 INFO  impl.RaftServerImpl (ServerState.java:setLeader(263)) - 456e4f0a-b3c9-49c2-9fd7-0f964256b228:group-BAB056C2B514 change Leader from null to ced4ce4a-19c0-4cac-897b-288d0e2520b1 at term 1 for appendEntries, leader elected after 5113ms
2019-07-14 06:53:44,808 INFO  impl.RaftServerImpl (ServerState.java:setLeader(263)) - 9df94194-a88f-471a-ad97-294777adf0f4:group-BAB056C2B514 change Leader from null to ced4ce4a-19c0-4cac-897b-288d0e2520b1 at term 1 for appendEntries, leader elected after 5113ms
2019-07-14 06:53:44,811 INFO  impl.RaftServerImpl (ServerState.java:setRaftConf(361)) - 456e4f0a-b3c9-49c2-9fd7-0f964256b228:group-BAB056C2B514 set configuration 0: [ced4ce4a-19c0-4cac-897b-288d0e2520b1:192.168.5.144:39922, 456e4f0a-b3c9-49c2-9fd7-0f964256b228:192.168.5.144:35386, 9df94194-a88f-471a-ad97-294777adf0f4:192.168.5.144:40187], old=null at 0
2019-07-14 06:53:44,812 INFO  segmented.SegmentedRaftLogWorker (SegmentedRaftLogWorker.java:startLogSegment(380)) - 456e4f0a-b3c9-49c2-9fd7-0f964256b228-SegmentedRaftLogWorker:Storage Directory /tmp/workdir/hadoop-ozone/integration-test/target/test-dir/MiniOzoneClusterImpl-d50571e5-2990-423a-9baf-60008d75fde6/datanode-4/data/ratis/6835cf08-a6c0-4df7-ba43-bab056c2b514: Starting segment from index:0
2019-07-14 06:53:44,812 INFO  impl.RaftServerImpl (ServerState.java:setRaftConf(361)) - 9df94194-a88f-471a-ad97-294777adf0f4:group-BAB056C2B514 set configuration 0: [ced4ce4a-19c0-4cac-897b-288d0e2520b1:192.168.5.144:39922, 456e4f0a-b3c9-49c2-9fd7-0f964256b228:192.168.5.144:35386, 9df94194-a88f-471a-ad97-294777adf0f4:192.168.5.144:40187], old=null at 0
2019-07-14 06:53:44,813 INFO  segmented.SegmentedRaftLogWorker (SegmentedRaftLogWorker.java:startLogSegment(380)) - 9df94194-a88f-471a-ad97-294777adf0f4-SegmentedRaftLogWorker:Storage Directory /tmp/workdir/hadoop-ozone/integration-test/target/test-dir/MiniOzoneClusterImpl-d50571e5-2990-423a-9baf-60008d75fde6/datanode-6/data/ratis/6835cf08-a6c0-4df7-ba43-bab056c2b514: Starting segment from index:0
2019-07-14 06:53:44,818 INFO  segmented.SegmentedRaftLogWorker (SegmentedRaftLogWorker.java:execute(569)) - ced4ce4a-19c0-4cac-897b-288d0e2520b1-SegmentedRaftLogWorker:Storage Directory /tmp/workdir/hadoop-ozone/integration-test/target/test-dir/MiniOzoneClusterImpl-d50571e5-2990-423a-9baf-60008d75fde6/datanode-1/data/ratis/6835cf08-a6c0-4df7-ba43-bab056c2b514: created new log segment /tmp/workdir/hadoop-ozone/integration-test/target/test-dir/MiniOzoneClusterImpl-d50571e5-2990-423a-9baf-60008d75fde6/datanode-1/data/ratis/6835cf08-a6c0-4df7-ba43-bab056c2b514/current/log_inprogress_0
2019-07-14 06:53:44,834 INFO  segmented.SegmentedRaftLogWorker (SegmentedRaftLogWorker.java:execute(569)) - 9df94194-a88f-471a-ad97-294777adf0f4-SegmentedRaftLogWorker:Storage Directory /tmp/workdir/hadoop-ozone/integration-test/target/test-dir/MiniOzoneClusterImpl-d50571e5-2990-423a-9baf-60008d75fde6/datanode-6/data/ratis/6835cf08-a6c0-4df7-ba43-bab056c2b514: created new log segment /tmp/workdir/hadoop-ozone/integration-test/target/test-dir/MiniOzoneClusterImpl-d50571e5-2990-423a-9baf-60008d75fde6/datanode-6/data/ratis/6835cf08-a6c0-4df7-ba43-bab056c2b514/current/log_inprogress_0
2019-07-14 06:53:44,834 INFO  segmented.SegmentedRaftLogWorker (SegmentedRaftLogWorker.java:execute(569)) - 456e4f0a-b3c9-49c2-9fd7-0f964256b228-SegmentedRaftLogWorker:Storage Directory /tmp/workdir/hadoop-ozone/integration-test/target/test-dir/MiniOzoneClusterImpl-d50571e5-2990-423a-9baf-60008d75fde6/datanode-4/data/ratis/6835cf08-a6c0-4df7-ba43-bab056c2b514: created new log segment /tmp/workdir/hadoop-ozone/integration-test/target/test-dir/MiniOzoneClusterImpl-d50571e5-2990-423a-9baf-60008d75fde6/datanode-4/data/ratis/6835cf08-a6c0-4df7-ba43-bab056c2b514/current/log_inprogress_0
2019-07-14 06:53:46,013 INFO  ozoneimpl.OzoneContainer (OzoneContainer.java:stop(199)) - Attempting to stop container services.
2019-07-14 06:53:46,013 INFO  ozoneimpl.OzoneContainer (OzoneContainer.java:stop(199)) - Attempting to stop container services.
2019-07-14 06:53:46,014 INFO  impl.RaftServerProxy (RaftServerProxy.java:lambda$close$4(314)) - ced4ce4a-19c0-4cac-897b-288d0e2520b1: close
2019-07-14 06:53:46,014 INFO  impl.RaftServerProxy (RaftServerProxy.java:lambda$close$4(314)) - 456e4f0a-b3c9-49c2-9fd7-0f964256b228: close
2019-07-14 06:53:46,015 INFO  impl.RaftServerImpl (RaftServerImpl.java:lambda$shutdown$3(245)) - ced4ce4a-19c0-4cac-897b-288d0e2520b1: shutdown group-AA5DA679A3B7
2019-07-14 06:53:46,015 INFO  impl.RaftServerImpl (RaftServerImpl.java:lambda$shutdown$3(245)) - 456e4f0a-b3c9-49c2-9fd7-0f964256b228: shutdown group-9F7B3BCD7010
2019-07-14 06:53:46,015 INFO  util.JmxRegister (JmxRegister.java:unregister(73)) - Successfully un-registered JMX Bean with object name Ratis:service=RaftServer,group=group-AA5DA679A3B7,id=ced4ce4a-19c0-4cac-897b-288d0e2520b1
2019-07-14 06:53:46,016 INFO  util.JmxRegister (JmxRegister.java:unregister(73)) - Successfully un-registered JMX Bean with object name Ratis:service=RaftServer,group=group-9F7B3BCD7010,id=456e4f0a-b3c9-49c2-9fd7-0f964256b228
2019-07-14 06:53:46,016 INFO  impl.RoleInfo (RoleInfo.java:shutdownLeaderState(104)) - ced4ce4a-19c0-4cac-897b-288d0e2520b1: shutdown LeaderState
2019-07-14 06:53:46,016 INFO  impl.RoleInfo (RoleInfo.java:shutdownLeaderState(104)) - 456e4f0a-b3c9-49c2-9fd7-0f964256b228: shutdown LeaderState
2019-07-14 06:53:46,016 INFO  impl.PendingRequests (PendingRequests.java:sendNotLeaderResponses(202)) - ced4ce4a-19c0-4cac-897b-288d0e2520b1-PendingRequests: sendNotLeaderResponses
2019-07-14 06:53:46,017 INFO  impl.PendingRequests (PendingRequests.java:sendNotLeaderResponses(202)) - 456e4f0a-b3c9-49c2-9fd7-0f964256b228-PendingRequests: sendNotLeaderResponses
2019-07-14 06:53:46,019 INFO  impl.StateMachineUpdater (StateMachineUpdater.java:stopAndJoin(115)) - StateMachineUpdater:ced4ce4a-19c0-4cac-897b-288d0e2520b1:group-AA5DA679A3B7: set stopIndex = 0
2019-07-14 06:53:46,020 INFO  impl.StateMachineUpdater (StateMachineUpdater.java:stopAndJoin(115)) - StateMachineUpdater:456e4f0a-b3c9-49c2-9fd7-0f964256b228:group-9F7B3BCD7010: set stopIndex = 0
2019-07-14 06:53:46,020 INFO  impl.RaftServerImpl (ServerState.java:close(394)) - 456e4f0a-b3c9-49c2-9fd7-0f964256b228:group-9F7B3BCD7010 closes. The last applied log index is 0
2019-07-14 06:53:46,020 INFO  impl.RaftServerImpl (ServerState.java:close(394)) - ced4ce4a-19c0-4cac-897b-288d0e2520b1:group-AA5DA679A3B7 closes. The last applied log index is 0
2019-07-14 06:53:46,021 INFO  segmented.SegmentedRaftLogWorker (SegmentedRaftLogWorker.java:run(313)) - 456e4f0a-b3c9-49c2-9fd7-0f964256b228-SegmentedRaftLogWorker:Storage Directory /tmp/workdir/hadoop-ozone/integration-test/target/test-dir/MiniOzoneClusterImpl-d50571e5-2990-423a-9baf-60008d75fde6/datanode-4/data/ratis/da06135c-f524-4d70-8eaa-9f7b3bcd7010 was interrupted, exiting. There are 0 tasks remaining in the queue.
2019-07-14 06:53:46,021 INFO  segmented.SegmentedRaftLogWorker (SegmentedRaftLogWorker.java:run(313)) - ced4ce4a-19c0-4cac-897b-288d0e2520b1-SegmentedRaftLogWorker:Storage Directory /tmp/workdir/hadoop-ozone/integration-test/target/test-dir/MiniOzoneClusterImpl-d50571e5-2990-423a-9baf-60008d75fde6/datanode-1/data/ratis/7d37a95f-8b29-4e0f-9203-aa5da679a3b7 was interrupted, exiting. There are 0 tasks remaining in the queue.
2019-07-14 06:53:46,023 INFO  segmented.SegmentedRaftLogWorker (SegmentedRaftLogWorker.java:close(228)) - 456e4f0a-b3c9-49c2-9fd7-0f964256b228-SegmentedRaftLogWorker:Storage Directory /tmp/workdir/hadoop-ozone/integration-test/target/test-dir/MiniOzoneClusterImpl-d50571e5-2990-423a-9baf-60008d75fde6/datanode-4/data/ratis/da06135c-f524-4d70-8eaa-9f7b3bcd7010 close()
2019-07-14 06:53:46,024 INFO  segmented.SegmentedRaftLogWorker (SegmentedRaftLogWorker.java:close(228)) - ced4ce4a-19c0-4cac-897b-288d0e2520b1-SegmentedRaftLogWorker:Storage Directory /tmp/workdir/hadoop-ozone/integration-test/target/test-dir/MiniOzoneClusterImpl-d50571e5-2990-423a-9baf-60008d75fde6/datanode-1/data/ratis/7d37a95f-8b29-4e0f-9203-aa5da679a3b7 close()
2019-07-14 06:53:46,027 INFO  impl.RaftServerImpl (RaftServerImpl.java:lambda$shutdown$3(245)) - 456e4f0a-b3c9-49c2-9fd7-0f964256b228: shutdown group-BAB056C2B514
2019-07-14 06:53:46,030 INFO  impl.RaftServerImpl (RaftServerImpl.java:lambda$shutdown$3(245)) - ced4ce4a-19c0-4cac-897b-288d0e2520b1: shutdown group-BAB056C2B514
2019-07-14 06:53:46,030 INFO  util.JmxRegister (JmxRegister.java:unregister(73)) - Successfully un-registered JMX Bean with object name Ratis:service=RaftServer,group=group-BAB056C2B514,id=456e4f0a-b3c9-49c2-9fd7-0f964256b228
2019-07-14 06:53:46,031 INFO  util.JmxRegister (JmxRegister.java:unregister(73)) - Successfully un-registered JMX Bean with object name Ratis:service=RaftServer,group=group-BAB056C2B514,id=ced4ce4a-19c0-4cac-897b-288d0e2520b1
2019-07-14 06:53:46,031 INFO  impl.RoleInfo (RoleInfo.java:shutdownFollowerState(121)) - 456e4f0a-b3c9-49c2-9fd7-0f964256b228: shutdown FollowerState
2019-07-14 06:53:46,031 INFO  impl.RoleInfo (RoleInfo.java:shutdownLeaderState(104)) - ced4ce4a-19c0-4cac-897b-288d0e2520b1: shutdown LeaderState
2019-07-14 06:53:46,031 INFO  impl.FollowerState (FollowerState.java:run(114)) - 456e4f0a-b3c9-49c2-9fd7-0f964256b228: FollowerState was interrupted: java.lang.InterruptedException: sleep interrupted
2019-07-14 06:53:46,031 INFO  impl.StateMachineUpdater (StateMachineUpdater.java:stopAndJoin(115)) - StateMachineUpdater:456e4f0a-b3c9-49c2-9fd7-0f964256b228:group-BAB056C2B514: set stopIndex = -1
2019-07-14 06:53:46,037 INFO  impl.PendingRequests (PendingRequests.java:sendNotLeaderResponses(202)) - ced4ce4a-19c0-4cac-897b-288d0e2520b1-PendingRequests: sendNotLeaderResponses
2019-07-14 06:53:46,037 WARN  server.GrpcLogAppender (GrpcLogAppender.java:mayWait(143)) - GrpcLogAppender(ced4ce4a-19c0-4cac-897b-288d0e2520b1->9df94194-a88f-471a-ad97-294777adf0f4): Wait interrupted by java.lang.InterruptedException
2019-07-14 06:53:46,038 INFO  impl.StateMachineUpdater (StateMachineUpdater.java:stopAndJoin(115)) - StateMachineUpdater:ced4ce4a-19c0-4cac-897b-288d0e2520b1:group-BAB056C2B514: set stopIndex = 0
2019-07-14 06:53:46,040 INFO  impl.RaftServerImpl (ServerState.java:close(394)) - ced4ce4a-19c0-4cac-897b-288d0e2520b1:group-BAB056C2B514 closes. The last applied log index is 0
2019-07-14 06:53:46,036 WARN  server.GrpcLogAppender (GrpcLogAppender.java:mayWait(143)) - GrpcLogAppender(ced4ce4a-19c0-4cac-897b-288d0e2520b1->456e4f0a-b3c9-49c2-9fd7-0f964256b228): Wait interrupted by java.lang.InterruptedException
2019-07-14 06:53:46,041 INFO  segmented.SegmentedRaftLogWorker (SegmentedRaftLogWorker.java:run(313)) - ced4ce4a-19c0-4cac-897b-288d0e2520b1-SegmentedRaftLogWorker:Storage Directory /tmp/workdir/hadoop-ozone/integration-test/target/test-dir/MiniOzoneClusterImpl-d50571e5-2990-423a-9baf-60008d75fde6/datanode-1/data/ratis/6835cf08-a6c0-4df7-ba43-bab056c2b514 was interrupted, exiting. There are 0 tasks remaining in the queue.
2019-07-14 06:53:46,038 INFO  impl.RaftServerImpl (ServerState.java:close(394)) - 456e4f0a-b3c9-49c2-9fd7-0f964256b228:group-BAB056C2B514 closes. The last applied log index is -1
2019-07-14 06:53:46,045 INFO  segmented.SegmentedRaftLogWorker (SegmentedRaftLogWorker.java:close(228)) - ced4ce4a-19c0-4cac-897b-288d0e2520b1-SegmentedRaftLogWorker:Storage Directory /tmp/workdir/hadoop-ozone/integration-test/target/test-dir/MiniOzoneClusterImpl-d50571e5-2990-423a-9baf-60008d75fde6/datanode-1/data/ratis/6835cf08-a6c0-4df7-ba43-bab056c2b514 close()
2019-07-14 06:53:46,043 INFO  server.GrpcServerProtocolService (GrpcServerProtocolService.java:onCompleted(104)) - 9df94194-a88f-471a-ad97-294777adf0f4: appendEntries completed
2019-07-14 06:53:46,049 INFO  server.GrpcService (GrpcService.java:closeImpl(155)) - ced4ce4a-19c0-4cac-897b-288d0e2520b1: shutdown server with port 39922 now
2019-07-14 06:53:46,045 INFO  segmented.SegmentedRaftLogWorker (SegmentedRaftLogWorker.java:run(313)) - 456e4f0a-b3c9-49c2-9fd7-0f964256b228-SegmentedRaftLogWorker:Storage Directory /tmp/workdir/hadoop-ozone/integration-test/target/test-dir/MiniOzoneClusterImpl-d50571e5-2990-423a-9baf-60008d75fde6/datanode-4/data/ratis/6835cf08-a6c0-4df7-ba43-bab056c2b514 was interrupted, exiting. There are 0 tasks remaining in the queue.
2019-07-14 06:53:46,045 INFO  server.GrpcServerProtocolService (GrpcServerProtocolService.java:onCompleted(104)) - 456e4f0a-b3c9-49c2-9fd7-0f964256b228: appendEntries completed
2019-07-14 06:53:46,050 INFO  server.GrpcLogAppender (GrpcLogAppender.java:onCompleted(292)) - ced4ce4a-19c0-4cac-897b-288d0e2520b1->9df94194-a88f-471a-ad97-294777adf0f4: follower responses appendEntries COMPLETED
2019-07-14 06:53:46,054 INFO  segmented.SegmentedRaftLogWorker (SegmentedRaftLogWorker.java:close(228)) - 456e4f0a-b3c9-49c2-9fd7-0f964256b228-SegmentedRaftLogWorker:Storage Directory /tmp/workdir/hadoop-ozone/integration-test/target/test-dir/MiniOzoneClusterImpl-d50571e5-2990-423a-9baf-60008d75fde6/datanode-4/data/ratis/6835cf08-a6c0-4df7-ba43-bab056c2b514 close()
2019-07-14 06:53:46,055 INFO  server.GrpcLogAppender (GrpcLogAppender.java:onCompleted(292)) - ced4ce4a-19c0-4cac-897b-288d0e2520b1->456e4f0a-b3c9-49c2-9fd7-0f964256b228: follower responses appendEntries COMPLETED
2019-07-14 06:53:46,057 INFO  server.GrpcService (GrpcService.java:closeImpl(155)) - 456e4f0a-b3c9-49c2-9fd7-0f964256b228: shutdown server with port 35386 now
2019-07-14 06:53:46,055 INFO  impl.FollowerInfo (FollowerInfo.java:lambda$new$0(50)) - ced4ce4a-19c0-4cac-897b-288d0e2520b1->9df94194-a88f-471a-ad97-294777adf0f4: nextIndex: updateUnconditionally 1 -> 0
2019-07-14 06:53:46,059 INFO  impl.FollowerInfo (FollowerInfo.java:lambda$new$0(50)) - ced4ce4a-19c0-4cac-897b-288d0e2520b1->456e4f0a-b3c9-49c2-9fd7-0f964256b228: nextIndex: updateUnconditionally 1 -> 0
2019-07-14 06:53:46,063 INFO  server.GrpcService (GrpcService.java:closeImpl(163)) - ced4ce4a-19c0-4cac-897b-288d0e2520b1: shutdown server with port 39922 successfully
2019-07-14 06:53:46,064 INFO  server.GrpcService (GrpcService.java:closeImpl(163)) - 456e4f0a-b3c9-49c2-9fd7-0f964256b228: shutdown server with port 35386 successfully
2019-07-14 06:53:46,065 INFO  utils.BackgroundService (BackgroundService.java:shutdown(148)) - Shutting down service BlockDeletingService
2019-07-14 06:53:46,066 WARN  fs.CachingGetSpaceUsed (CachingGetSpaceUsed.java:run(183)) - Thread Interrupted waiting to refresh disk information: sleep interrupted
2019-07-14 06:53:46,067 INFO  utils.BackgroundService (BackgroundService.java:shutdown(148)) - Shutting down service BlockDeletingService
2019-07-14 06:53:46,067 WARN  fs.CachingGetSpaceUsed (CachingGetSpaceUsed.java:run(183)) - Thread Interrupted waiting to refresh disk information: sleep interrupted
2019-07-14 06:53:46,090 INFO  statemachine.DatanodeStateMachine (DatanodeStateMachine.java:stopDaemon(395)) - Ozone container server stopped.
2019-07-14 06:53:46,094 INFO  handler.ContextHandler (ContextHandler.java:doStop(910)) - Stopped o.e.j.w.WebAppContext@2e1eb85f{/,null,UNAVAILABLE}{/hddsDatanode}
2019-07-14 06:53:46,095 INFO  server.AbstractConnector (AbstractConnector.java:doStop(318)) - Stopped ServerConnector@ea7a4c3{HTTP/1.1,[http/1.1]}{0.0.0.0:0}
2019-07-14 06:53:46,096 INFO  handler.ContextHandler (ContextHandler.java:doStop(910)) - Stopped o.e.j.s.ServletContextHandler@364fd4ae{/static,jar:file:/home/user/.m2/repository/org/apache/hadoop/hadoop-hdds-container-service/0.5.0-SNAPSHOT/hadoop-hdds-container-service-0.5.0-SNAPSHOT.jar!/webapps/static,UNAVAILABLE}
2019-07-14 06:53:46,100 INFO  handler.ContextHandler (ContextHandler.java:doStop(910)) - Stopped o.e.j.s.ServletContextHandler@359066bc{/logs,file:///tmp/workdir/hadoop-ozone/integration-test/target/log,UNAVAILABLE}
2019-07-14 06:53:46,101 INFO  statemachine.DatanodeStateMachine (DatanodeStateMachine.java:stopDaemon(395)) - Ozone container server stopped.
2019-07-14 06:53:46,102 INFO  datanode.ObjectStoreHandler (ObjectStoreHandler.java:close(155)) - Closing ObjectStoreHandler.
2019-07-14 06:53:46,102 INFO  ozone.HddsDatanodeService (HddsDatanodeService.java:stop(452)) - Stopped plug-in org.apache.hadoop.ozone.web.OzoneHddsDatanodeService@7436364d
2019-07-14 06:53:46,102 INFO  handler.ContextHandler (ContextHandler.java:doStop(910)) - Stopped o.e.j.w.WebAppContext@367d34c0{/,null,UNAVAILABLE}{/hddsDatanode}
2019-07-14 06:53:46,103 INFO  server.AbstractConnector (AbstractConnector.java:doStop(318)) - Stopped ServerConnector@4ce25e47{HTTP/1.1,[http/1.1]}{0.0.0.0:0}
2019-07-14 06:53:46,103 INFO  handler.ContextHandler (ContextHandler.java:doStop(910)) - Stopped o.e.j.s.ServletContextHandler@5fef0c19{/static,jar:file:/home/user/.m2/repository/org/apache/hadoop/hadoop-hdds-container-service/0.5.0-SNAPSHOT/hadoop-hdds-container-service-0.5.0-SNAPSHOT.jar!/webapps/static,UNAVAILABLE}
2019-07-14 06:53:46,104 INFO  handler.ContextHandler (ContextHandler.java:doStop(910)) - Stopped o.e.j.s.ServletContextHandler@615db358{/logs,file:///tmp/workdir/hadoop-ozone/integration-test/target/log,UNAVAILABLE}
2019-07-14 06:53:46,104 INFO  datanode.ObjectStoreHandler (ObjectStoreHandler.java:close(155)) - Closing ObjectStoreHandler.
2019-07-14 06:53:46,105 INFO  ozone.HddsDatanodeService (HddsDatanodeService.java:stop(452)) - Stopped plug-in org.apache.hadoop.ozone.web.OzoneHddsDatanodeService@65da01f4
2019-07-14 06:53:46,812 INFO  statemachine.DatanodeStateMachine (DatanodeStateMachine.java:lambda$startDaemon$0(350)) - Ozone container server started.
2019-07-14 06:53:46,835 INFO  statemachine.DatanodeStateMachine (DatanodeStateMachine.java:lambda$startDaemon$0(350)) - Ozone container server started.
2019-07-14 06:53:51,103 INFO  ozoneimpl.OzoneContainer (OzoneContainer.java:stop(199)) - Attempting to stop container services.
2019-07-14 06:53:51,104 INFO  impl.RaftServerProxy (RaftServerProxy.java:lambda$close$4(314)) - ee47d561-0e1f-4a81-ab74-3db013f51d41: close
2019-07-14 06:53:51,104 INFO  impl.RaftServerImpl (RaftServerImpl.java:lambda$shutdown$3(245)) - ee47d561-0e1f-4a81-ab74-3db013f51d41: shutdown group-6DB32D3157BF
2019-07-14 06:53:51,104 INFO  util.JmxRegister (JmxRegister.java:unregister(73)) - Successfully un-registered JMX Bean with object name Ratis:service=RaftServer,group=group-6DB32D3157BF,id=ee47d561-0e1f-4a81-ab74-3db013f51d41
2019-07-14 06:53:51,105 INFO  impl.RoleInfo (RoleInfo.java:shutdownFollowerState(121)) - ee47d561-0e1f-4a81-ab74-3db013f51d41: shutdown FollowerState
2019-07-14 06:53:51,105 INFO  impl.StateMachineUpdater (StateMachineUpdater.java:stopAndJoin(115)) - StateMachineUpdater:ee47d561-0e1f-4a81-ab74-3db013f51d41:group-6DB32D3157BF: set stopIndex = 4
2019-07-14 06:53:51,105 INFO  ratis.ContainerStateMachine (ContainerStateMachine.java:takeSnapshot(249)) - group-6DB32D3157BF: Taking a snapshot at:(t:1, i:3) file /tmp/workdir/hadoop-ozone/integration-test/target/test-dir/MiniOzoneClusterImpl-d50571e5-2990-423a-9baf-60008d75fde6/datanode-2/data/ratis/753c826b-abd5-410c-9f27-6db32d3157bf/sm/snapshot.1_3
2019-07-14 06:53:51,105 INFO  ozoneimpl.OzoneContainer (OzoneContainer.java:stop(199)) - Attempting to stop container services.
2019-07-14 06:53:51,105 INFO  impl.FollowerState (FollowerState.java:run(114)) - ee47d561-0e1f-4a81-ab74-3db013f51d41: FollowerState was interrupted: java.lang.InterruptedException: sleep interrupted
2019-07-14 06:53:51,106 INFO  ratis.ContainerStateMachine (ContainerStateMachine.java:takeSnapshot(257)) - group-6DB32D3157BF: Finished taking a snapshot at:(t:1, i:3) file:/tmp/workdir/hadoop-ozone/integration-test/target/test-dir/MiniOzoneClusterImpl-d50571e5-2990-423a-9baf-60008d75fde6/datanode-2/data/ratis/753c826b-abd5-410c-9f27-6db32d3157bf/sm/snapshot.1_3 time:1
2019-07-14 06:53:51,106 INFO  impl.RaftServerProxy (RaftServerProxy.java:lambda$close$4(314)) - cbefb6a9-63b0-4f45-83d7-16351731a333: close
2019-07-14 06:53:51,106 INFO  impl.StateMachineUpdater (StateMachineUpdater.java:takeSnapshot(242)) - StateMachineUpdater:ee47d561-0e1f-4a81-ab74-3db013f51d41:group-6DB32D3157BF: Took a snapshot at index 3
2019-07-14 06:53:51,107 INFO  impl.RaftServerImpl (RaftServerImpl.java:lambda$shutdown$3(245)) - cbefb6a9-63b0-4f45-83d7-16351731a333: shutdown group-53B728F2476F
2019-07-14 06:53:51,107 INFO  impl.StateMachineUpdater (StateMachineUpdater.java:lambda$new$0(80)) - StateMachineUpdater:ee47d561-0e1f-4a81-ab74-3db013f51d41:group-6DB32D3157BF: snapshotIndex: updateIncreasingly -1 -> 3
2019-07-14 06:53:51,107 INFO  util.JmxRegister (JmxRegister.java:unregister(73)) - Successfully un-registered JMX Bean with object name Ratis:service=RaftServer,group=group-53B728F2476F,id=cbefb6a9-63b0-4f45-83d7-16351731a333
2019-07-14 06:53:51,108 INFO  impl.RaftServerImpl (ServerState.java:close(394)) - ee47d561-0e1f-4a81-ab74-3db013f51d41:group-6DB32D3157BF closes. The last applied log index is 4
2019-07-14 06:53:51,108 INFO  impl.RoleInfo (RoleInfo.java:shutdownLeaderState(104)) - cbefb6a9-63b0-4f45-83d7-16351731a333: shutdown LeaderState
2019-07-14 06:53:51,109 INFO  segmented.SegmentedRaftLogWorker (SegmentedRaftLogWorker.java:run(313)) - ee47d561-0e1f-4a81-ab74-3db013f51d41-SegmentedRaftLogWorker:Storage Directory /tmp/workdir/hadoop-ozone/integration-test/target/test-dir/MiniOzoneClusterImpl-d50571e5-2990-423a-9baf-60008d75fde6/datanode-2/data/ratis/753c826b-abd5-410c-9f27-6db32d3157bf was interrupted, exiting. There are 0 tasks remaining in the queue.
2019-07-14 06:53:51,109 INFO  impl.PendingRequests (PendingRequests.java:sendNotLeaderResponses(202)) - cbefb6a9-63b0-4f45-83d7-16351731a333-PendingRequests: sendNotLeaderResponses
2019-07-14 06:53:51,112 INFO  segmented.SegmentedRaftLogWorker (SegmentedRaftLogWorker.java:close(228)) - ee47d561-0e1f-4a81-ab74-3db013f51d41-SegmentedRaftLogWorker:Storage Directory /tmp/workdir/hadoop-ozone/integration-test/target/test-dir/MiniOzoneClusterImpl-d50571e5-2990-423a-9baf-60008d75fde6/datanode-2/data/ratis/753c826b-abd5-410c-9f27-6db32d3157bf close()
2019-07-14 06:53:51,112 INFO  impl.StateMachineUpdater (StateMachineUpdater.java:stopAndJoin(115)) - StateMachineUpdater:cbefb6a9-63b0-4f45-83d7-16351731a333:group-53B728F2476F: set stopIndex = 0
2019-07-14 06:53:51,116 INFO  impl.RaftServerImpl (RaftServerImpl.java:lambda$shutdown$3(245)) - ee47d561-0e1f-4a81-ab74-3db013f51d41: shutdown group-15D21720E4AE
2019-07-14 06:53:51,116 INFO  impl.RaftServerImpl (ServerState.java:close(394)) - cbefb6a9-63b0-4f45-83d7-16351731a333:group-53B728F2476F closes. The last applied log index is 0
2019-07-14 06:53:51,117 INFO  util.JmxRegister (JmxRegister.java:unregister(73)) - Successfully un-registered JMX Bean with object name Ratis:service=RaftServer,group=group-15D21720E4AE,id=ee47d561-0e1f-4a81-ab74-3db013f51d41
2019-07-14 06:53:51,117 INFO  segmented.SegmentedRaftLogWorker (SegmentedRaftLogWorker.java:run(313)) - cbefb6a9-63b0-4f45-83d7-16351731a333-SegmentedRaftLogWorker:Storage Directory /tmp/workdir/hadoop-ozone/integration-test/target/test-dir/MiniOzoneClusterImpl-d50571e5-2990-423a-9baf-60008d75fde6/datanode-3/data/ratis/4c05b1ea-6c2b-41b1-a2ac-53b728f2476f was interrupted, exiting. There are 0 tasks remaining in the queue.
2019-07-14 06:53:51,117 INFO  impl.RoleInfo (RoleInfo.java:shutdownLeaderState(104)) - ee47d561-0e1f-4a81-ab74-3db013f51d41: shutdown LeaderState
2019-07-14 06:53:51,119 INFO  segmented.SegmentedRaftLogWorker (SegmentedRaftLogWorker.java:close(228)) - cbefb6a9-63b0-4f45-83d7-16351731a333-SegmentedRaftLogWorker:Storage Directory /tmp/workdir/hadoop-ozone/integration-test/target/test-dir/MiniOzoneClusterImpl-d50571e5-2990-423a-9baf-60008d75fde6/datanode-3/data/ratis/4c05b1ea-6c2b-41b1-a2ac-53b728f2476f close()
2019-07-14 06:53:51,119 INFO  impl.PendingRequests (PendingRequests.java:sendNotLeaderResponses(202)) - ee47d561-0e1f-4a81-ab74-3db013f51d41-PendingRequests: sendNotLeaderResponses
2019-07-14 06:53:51,123 INFO  impl.RaftServerImpl (RaftServerImpl.java:lambda$shutdown$3(245)) - cbefb6a9-63b0-4f45-83d7-16351731a333: shutdown group-6DB32D3157BF
2019-07-14 06:53:51,123 INFO  impl.StateMachineUpdater (StateMachineUpdater.java:stopAndJoin(115)) - StateMachineUpdater:ee47d561-0e1f-4a81-ab74-3db013f51d41:group-15D21720E4AE: set stopIndex = 0
2019-07-14 06:53:51,123 INFO  util.JmxRegister (JmxRegister.java:unregister(73)) - Successfully un-registered JMX Bean with object name Ratis:service=RaftServer,group=group-6DB32D3157BF,id=cbefb6a9-63b0-4f45-83d7-16351731a333
2019-07-14 06:53:51,123 INFO  impl.RaftServerImpl (ServerState.java:close(394)) - ee47d561-0e1f-4a81-ab74-3db013f51d41:group-15D21720E4AE closes. The last applied log index is 0
2019-07-14 06:53:51,124 INFO  impl.RoleInfo (RoleInfo.java:shutdownLeaderState(104)) - cbefb6a9-63b0-4f45-83d7-16351731a333: shutdown LeaderState
2019-07-14 06:53:51,124 INFO  segmented.SegmentedRaftLogWorker (SegmentedRaftLogWorker.java:run(313)) - ee47d561-0e1f-4a81-ab74-3db013f51d41-SegmentedRaftLogWorker:Storage Directory /tmp/workdir/hadoop-ozone/integration-test/target/test-dir/MiniOzoneClusterImpl-d50571e5-2990-423a-9baf-60008d75fde6/datanode-2/data/ratis/84f8f6ba-3ecf-49ba-ba84-15d21720e4ae was interrupted, exiting. There are 0 tasks remaining in the queue.
2019-07-14 06:53:51,127 WARN  server.GrpcLogAppender (GrpcLogAppender.java:mayWait(143)) - GrpcLogAppender(cbefb6a9-63b0-4f45-83d7-16351731a333->21c11074-c061-4199-a5c5-e5d1047c631d): Wait interrupted by java.lang.InterruptedException
2019-07-14 06:53:51,127 INFO  impl.PendingRequests (PendingRequests.java:sendNotLeaderResponses(202)) - cbefb6a9-63b0-4f45-83d7-16351731a333-PendingRequests: sendNotLeaderResponses
2019-07-14 06:53:51,129 INFO  segmented.SegmentedRaftLogWorker (SegmentedRaftLogWorker.java:close(228)) - ee47d561-0e1f-4a81-ab74-3db013f51d41-SegmentedRaftLogWorker:Storage Directory /tmp/workdir/hadoop-ozone/integration-test/target/test-dir/MiniOzoneClusterImpl-d50571e5-2990-423a-9baf-60008d75fde6/datanode-2/data/ratis/84f8f6ba-3ecf-49ba-ba84-15d21720e4ae close()
2019-07-14 06:53:51,128 WARN  server.GrpcLogAppender (GrpcLogAppender.java:mayWait(143)) - GrpcLogAppender(cbefb6a9-63b0-4f45-83d7-16351731a333->ee47d561-0e1f-4a81-ab74-3db013f51d41): Wait interrupted by java.lang.InterruptedException
2019-07-14 06:53:51,142 INFO  impl.StateMachineUpdater (StateMachineUpdater.java:stopAndJoin(115)) - StateMachineUpdater:cbefb6a9-63b0-4f45-83d7-16351731a333:group-6DB32D3157BF: set stopIndex = 4
2019-07-14 06:53:51,142 INFO  server.GrpcServerProtocolService (GrpcServerProtocolService.java:onCompleted(104)) - 21c11074-c061-4199-a5c5-e5d1047c631d: appendEntries completed
2019-07-14 06:53:51,142 INFO  server.GrpcService (GrpcService.java:closeImpl(155)) - ee47d561-0e1f-4a81-ab74-3db013f51d41: shutdown server with port 36791 now
2019-07-14 06:53:51,142 INFO  ratis.ContainerStateMachine (ContainerStateMachine.java:takeSnapshot(249)) - group-6DB32D3157BF: Taking a snapshot at:(t:1, i:4) file /tmp/workdir/hadoop-ozone/integration-test/target/test-dir/MiniOzoneClusterImpl-d50571e5-2990-423a-9baf-60008d75fde6/datanode-3/data/ratis/753c826b-abd5-410c-9f27-6db32d3157bf/sm/snapshot.1_4
2019-07-14 06:53:51,148 INFO  server.GrpcServerProtocolService (GrpcServerProtocolService.java:onCompleted(104)) - ee47d561-0e1f-4a81-ab74-3db013f51d41: appendEntries completed
2019-07-14 06:53:51,149 INFO  ratis.ContainerStateMachine (ContainerStateMachine.java:takeSnapshot(257)) - group-6DB32D3157BF: Finished taking a snapshot at:(t:1, i:4) file:/tmp/workdir/hadoop-ozone/integration-test/target/test-dir/MiniOzoneClusterImpl-d50571e5-2990-423a-9baf-60008d75fde6/datanode-3/data/ratis/753c826b-abd5-410c-9f27-6db32d3157bf/sm/snapshot.1_4 time:6
2019-07-14 06:53:51,149 INFO  server.GrpcLogAppender (GrpcLogAppender.java:onCompleted(292)) - cbefb6a9-63b0-4f45-83d7-16351731a333->21c11074-c061-4199-a5c5-e5d1047c631d: follower responses appendEntries COMPLETED
2019-07-14 06:53:51,149 INFO  impl.StateMachineUpdater (StateMachineUpdater.java:takeSnapshot(242)) - StateMachineUpdater:cbefb6a9-63b0-4f45-83d7-16351731a333:group-6DB32D3157BF: Took a snapshot at index 4
2019-07-14 06:53:51,151 INFO  impl.StateMachineUpdater (StateMachineUpdater.java:lambda$new$0(80)) - StateMachineUpdater:cbefb6a9-63b0-4f45-83d7-16351731a333:group-6DB32D3157BF: snapshotIndex: updateIncreasingly -1 -> 4
2019-07-14 06:53:51,151 INFO  impl.FollowerInfo (FollowerInfo.java:lambda$new$0(50)) - cbefb6a9-63b0-4f45-83d7-16351731a333->21c11074-c061-4199-a5c5-e5d1047c631d: nextIndex: updateUnconditionally 5 -> 4
2019-07-14 06:53:51,151 INFO  server.GrpcService (GrpcService.java:closeImpl(163)) - ee47d561-0e1f-4a81-ab74-3db013f51d41: shutdown server with port 36791 successfully
2019-07-14 06:53:51,151 INFO  server.GrpcLogAppender (GrpcLogAppender.java:onError(281)) - GrpcLogAppender(cbefb6a9-63b0-4f45-83d7-16351731a333->ee47d561-0e1f-4a81-ab74-3db013f51d41) is stopped
2019-07-14 06:53:51,151 INFO  impl.RaftServerImpl (ServerState.java:close(394)) - cbefb6a9-63b0-4f45-83d7-16351731a333:group-6DB32D3157BF closes. The last applied log index is 4
2019-07-14 06:53:51,153 INFO  segmented.SegmentedRaftLogWorker (SegmentedRaftLogWorker.java:run(313)) - cbefb6a9-63b0-4f45-83d7-16351731a333-SegmentedRaftLogWorker:Storage Directory /tmp/workdir/hadoop-ozone/integration-test/target/test-dir/MiniOzoneClusterImpl-d50571e5-2990-423a-9baf-60008d75fde6/datanode-3/data/ratis/753c826b-abd5-410c-9f27-6db32d3157bf was interrupted, exiting. There are 0 tasks remaining in the queue.
2019-07-14 06:53:51,153 INFO  segmented.SegmentedRaftLogWorker (SegmentedRaftLogWorker.java:close(228)) - cbefb6a9-63b0-4f45-83d7-16351731a333-SegmentedRaftLogWorker:Storage Directory /tmp/workdir/hadoop-ozone/integration-test/target/test-dir/MiniOzoneClusterImpl-d50571e5-2990-423a-9baf-60008d75fde6/datanode-3/data/ratis/753c826b-abd5-410c-9f27-6db32d3157bf close()
2019-07-14 06:53:51,155 INFO  server.GrpcService (GrpcService.java:closeImpl(155)) - cbefb6a9-63b0-4f45-83d7-16351731a333: shutdown server with port 38159 now
2019-07-14 06:53:51,158 INFO  server.GrpcService (GrpcService.java:closeImpl(163)) - cbefb6a9-63b0-4f45-83d7-16351731a333: shutdown server with port 38159 successfully
2019-07-14 06:53:51,161 INFO  utils.BackgroundService (BackgroundService.java:shutdown(148)) - Shutting down service BlockDeletingService
2019-07-14 06:53:51,165 WARN  fs.CachingGetSpaceUsed (CachingGetSpaceUsed.java:run(183)) - Thread Interrupted waiting to refresh disk information: sleep interrupted
2019-07-14 06:53:51,175 INFO  utils.BackgroundService (BackgroundService.java:shutdown(148)) - Shutting down service BlockDeletingService
2019-07-14 06:53:51,176 WARN  fs.CachingGetSpaceUsed (CachingGetSpaceUsed.java:run(183)) - Thread Interrupted waiting to refresh disk information: sleep interrupted
2019-07-14 06:53:51,188 INFO  statemachine.DatanodeStateMachine (DatanodeStateMachine.java:stopDaemon(395)) - Ozone container server stopped.
2019-07-14 06:53:51,193 INFO  handler.ContextHandler (ContextHandler.java:doStop(910)) - Stopped o.e.j.w.WebAppContext@7197b07f{/,null,UNAVAILABLE}{/hddsDatanode}
2019-07-14 06:53:51,193 INFO  server.AbstractConnector (AbstractConnector.java:doStop(318)) - Stopped ServerConnector@1f10fec6{HTTP/1.1,[http/1.1]}{0.0.0.0:0}
2019-07-14 06:53:51,195 INFO  handler.ContextHandler (ContextHandler.java:doStop(910)) - Stopped o.e.j.s.ServletContextHandler@62ade015{/static,jar:file:/home/user/.m2/repository/org/apache/hadoop/hadoop-hdds-container-service/0.5.0-SNAPSHOT/hadoop-hdds-container-service-0.5.0-SNAPSHOT.jar!/webapps/static,UNAVAILABLE}
2019-07-14 06:53:51,197 INFO  handler.ContextHandler (ContextHandler.java:doStop(910)) - Stopped o.e.j.s.ServletContextHandler@631c6d11{/logs,file:///tmp/workdir/hadoop-ozone/integration-test/target/log,UNAVAILABLE}
2019-07-14 06:53:51,197 INFO  datanode.ObjectStoreHandler (ObjectStoreHandler.java:close(155)) - Closing ObjectStoreHandler.
2019-07-14 06:53:51,198 INFO  ozone.HddsDatanodeService (HddsDatanodeService.java:stop(452)) - Stopped plug-in org.apache.hadoop.ozone.web.OzoneHddsDatanodeService@b4732dc
2019-07-14 06:53:51,205 INFO  statemachine.DatanodeStateMachine (DatanodeStateMachine.java:stopDaemon(395)) - Ozone container server stopped.
2019-07-14 06:53:51,206 INFO  handler.ContextHandler (ContextHandler.java:doStop(910)) - Stopped o.e.j.w.WebAppContext@6a2d867d{/,null,UNAVAILABLE}{/hddsDatanode}
2019-07-14 06:53:51,207 INFO  server.AbstractConnector (AbstractConnector.java:doStop(318)) - Stopped ServerConnector@73bb1337{HTTP/1.1,[http/1.1]}{0.0.0.0:0}
2019-07-14 06:53:51,208 INFO  handler.ContextHandler (ContextHandler.java:doStop(910)) - Stopped o.e.j.s.ServletContextHandler@cc9ef8d{/static,jar:file:/home/user/.m2/repository/org/apache/hadoop/hadoop-hdds-container-service/0.5.0-SNAPSHOT/hadoop-hdds-container-service-0.5.0-SNAPSHOT.jar!/webapps/static,UNAVAILABLE}
2019-07-14 06:53:51,208 INFO  handler.ContextHandler (ContextHandler.java:doStop(910)) - Stopped o.e.j.s.ServletContextHandler@1e30db85{/logs,file:///tmp/workdir/hadoop-ozone/integration-test/target/log,UNAVAILABLE}
2019-07-14 06:53:51,209 INFO  datanode.ObjectStoreHandler (ObjectStoreHandler.java:close(155)) - Closing ObjectStoreHandler.
2019-07-14 06:53:51,209 INFO  ozone.HddsDatanodeService (HddsDatanodeService.java:stop(452)) - Stopped plug-in org.apache.hadoop.ozone.web.OzoneHddsDatanodeService@28e7bb31
2019-07-14 06:53:51,260 INFO  statemachine.DatanodeStateMachine (DatanodeStateMachine.java:lambda$startDaemon$0(350)) - Ozone container server started.
2019-07-14 06:53:51,830 INFO  statemachine.DatanodeStateMachine (DatanodeStateMachine.java:lambda$startDaemon$0(350)) - Ozone container server started.
2019-07-14 06:53:54,942 INFO  impl.FollowerState (FollowerState.java:run(106)) - 9df94194-a88f-471a-ad97-294777adf0f4:group-BAB056C2B514 changes to CANDIDATE, lastRpcTime:10097, electionTimeout:5059ms
2019-07-14 06:53:54,942 INFO  impl.RoleInfo (RoleInfo.java:shutdownFollowerState(121)) - 9df94194-a88f-471a-ad97-294777adf0f4: shutdown FollowerState
2019-07-14 06:53:54,942 INFO  impl.RaftServerImpl (RaftServerImpl.java:setRole(171)) - 9df94194-a88f-471a-ad97-294777adf0f4:group-BAB056C2B514 changes role from FOLLOWER to CANDIDATE at term 1 for changeToCandidate
2019-07-14 06:53:54,942 INFO  impl.RoleInfo (RoleInfo.java:updateAndGet(143)) - 9df94194-a88f-471a-ad97-294777adf0f4: start LeaderElection
2019-07-14 06:53:54,945 INFO  impl.RaftServerImpl (ServerState.java:setLeader(263)) - 9df94194-a88f-471a-ad97-294777adf0f4:group-BAB056C2B514 change Leader from ced4ce4a-19c0-4cac-897b-288d0e2520b1 to null at term 1 for initElection
2019-07-14 06:53:54,952 INFO  impl.LeaderElection (LeaderElection.java:askForVotes(181)) - 9df94194-a88f-471a-ad97-294777adf0f4:group-BAB056C2B514:LeaderElection16: begin an election at term 2 for 0: [ced4ce4a-19c0-4cac-897b-288d0e2520b1:192.168.5.144:39922, 456e4f0a-b3c9-49c2-9fd7-0f964256b228:192.168.5.144:35386, 9df94194-a88f-471a-ad97-294777adf0f4:192.168.5.144:40187], old=null
2019-07-14 06:53:54,969 INFO  impl.LeaderElection (LogUtils.java:infoOrTrace(149)) - 9df94194-a88f-471a-ad97-294777adf0f4:group-BAB056C2B514:LeaderElection16 got exception when requesting votes: {}
java.util.concurrent.ExecutionException: org.apache.ratis.thirdparty.io.grpc.StatusRuntimeException: UNAVAILABLE: io exception
	at java.util.concurrent.FutureTask.report(FutureTask.java:122)
	at java.util.concurrent.FutureTask.get(FutureTask.java:192)
	at org.apache.ratis.server.impl.LeaderElection.waitForResults(LeaderElection.java:262)
	at org.apache.ratis.server.impl.LeaderElection.askForVotes(LeaderElection.java:200)
	at org.apache.ratis.server.impl.LeaderElection.run(LeaderElection.java:130)
	at java.lang.Thread.run(Thread.java:748)
Caused by: org.apache.ratis.thirdparty.io.grpc.StatusRuntimeException: UNAVAILABLE: io exception
	at org.apache.ratis.thirdparty.io.grpc.stub.ClientCalls.toStatusRuntimeException(ClientCalls.java:233)
	at org.apache.ratis.thirdparty.io.grpc.stub.ClientCalls.getUnchecked(ClientCalls.java:214)
	at org.apache.ratis.thirdparty.io.grpc.stub.ClientCalls.blockingUnaryCall(ClientCalls.java:139)
	at org.apache.ratis.proto.grpc.RaftServerProtocolServiceGrpc$RaftServerProtocolServiceBlockingStub.requestVote(RaftServerProtocolServiceGrpc.java:265)
	at org.apache.ratis.grpc.server.GrpcServerProtocolClient.requestVote(GrpcServerProtocolClient.java:83)
	at org.apache.ratis.grpc.server.GrpcService.requestVote(GrpcService.java:195)
	at org.apache.ratis.server.impl.LeaderElection.lambda$submitRequests$1(LeaderElection.java:237)
	at java.util.concurrent.FutureTask.run(FutureTask.java:266)
	at java.util.concurrent.Executors$RunnableAdapter.call(Executors.java:511)
	at java.util.concurrent.FutureTask.run(FutureTask.java:266)
	at java.util.concurrent.ThreadPoolExecutor.runWorker(ThreadPoolExecutor.java:1149)
	at java.util.concurrent.ThreadPoolExecutor$Worker.run(ThreadPoolExecutor.java:624)
	... 1 more
Caused by: org.apache.ratis.thirdparty.io.netty.channel.AbstractChannel$AnnotatedConnectException: Connection refused: /192.168.5.144:35386
	at sun.nio.ch.SocketChannelImpl.checkConnect(Native Method)
	at sun.nio.ch.SocketChannelImpl.finishConnect(SocketChannelImpl.java:717)
	at org.apache.ratis.thirdparty.io.netty.channel.socket.nio.NioSocketChannel.doFinishConnect(NioSocketChannel.java:327)
	at org.apache.ratis.thirdparty.io.netty.channel.nio.AbstractNioChannel$AbstractNioUnsafe.finishConnect(AbstractNioChannel.java:340)
	at org.apache.ratis.thirdparty.io.netty.channel.nio.NioEventLoop.processSelectedKey(NioEventLoop.java:632)
	at org.apache.ratis.thirdparty.io.netty.channel.nio.NioEventLoop.processSelectedKeysOptimized(NioEventLoop.java:579)
	at org.apache.ratis.thirdparty.io.netty.channel.nio.NioEventLoop.processSelectedKeys(NioEventLoop.java:496)
	at org.apache.ratis.thirdparty.io.netty.channel.nio.NioEventLoop.run(NioEventLoop.java:458)
	at org.apache.ratis.thirdparty.io.netty.util.concurrent.SingleThreadEventExecutor$5.run(SingleThreadEventExecutor.java:897)
	at org.apache.ratis.thirdparty.io.netty.util.concurrent.FastThreadLocalRunnable.run(FastThreadLocalRunnable.java:30)
	... 1 more
Caused by: java.net.ConnectException: Connection refused
	... 11 more
2019-07-14 06:53:54,973 INFO  impl.LeaderElection (LogUtils.java:infoOrTrace(149)) - 9df94194-a88f-471a-ad97-294777adf0f4:group-BAB056C2B514:LeaderElection16 got exception when requesting votes: {}
java.util.concurrent.ExecutionException: org.apache.ratis.thirdparty.io.grpc.StatusRuntimeException: UNAVAILABLE: io exception
	at java.util.concurrent.FutureTask.report(FutureTask.java:122)
	at java.util.concurrent.FutureTask.get(FutureTask.java:192)
	at org.apache.ratis.server.impl.LeaderElection.waitForResults(LeaderElection.java:262)
	at org.apache.ratis.server.impl.LeaderElection.askForVotes(LeaderElection.java:200)
	at org.apache.ratis.server.impl.LeaderElection.run(LeaderElection.java:130)
	at java.lang.Thread.run(Thread.java:748)
Caused by: org.apache.ratis.thirdparty.io.grpc.StatusRuntimeException: UNAVAILABLE: io exception
	at org.apache.ratis.thirdparty.io.grpc.stub.ClientCalls.toStatusRuntimeException(ClientCalls.java:233)
	at org.apache.ratis.thirdparty.io.grpc.stub.ClientCalls.getUnchecked(ClientCalls.java:214)
	at org.apache.ratis.thirdparty.io.grpc.stub.ClientCalls.blockingUnaryCall(ClientCalls.java:139)
	at org.apache.ratis.proto.grpc.RaftServerProtocolServiceGrpc$RaftServerProtocolServiceBlockingStub.requestVote(RaftServerProtocolServiceGrpc.java:265)
	at org.apache.ratis.grpc.server.GrpcServerProtocolClient.requestVote(GrpcServerProtocolClient.java:83)
	at org.apache.ratis.grpc.server.GrpcService.requestVote(GrpcService.java:195)
	at org.apache.ratis.server.impl.LeaderElection.lambda$submitRequests$1(LeaderElection.java:237)
	at java.util.concurrent.FutureTask.run(FutureTask.java:266)
	at java.util.concurrent.Executors$RunnableAdapter.call(Executors.java:511)
	at java.util.concurrent.FutureTask.run(FutureTask.java:266)
	at java.util.concurrent.ThreadPoolExecutor.runWorker(ThreadPoolExecutor.java:1149)
	at java.util.concurrent.ThreadPoolExecutor$Worker.run(ThreadPoolExecutor.java:624)
	... 1 more
Caused by: org.apache.ratis.thirdparty.io.netty.channel.AbstractChannel$AnnotatedConnectException: Connection refused: /192.168.5.144:39922
	at sun.nio.ch.SocketChannelImpl.checkConnect(Native Method)
	at sun.nio.ch.SocketChannelImpl.finishConnect(SocketChannelImpl.java:717)
	at org.apache.ratis.thirdparty.io.netty.channel.socket.nio.NioSocketChannel.doFinishConnect(NioSocketChannel.java:327)
	at org.apache.ratis.thirdparty.io.netty.channel.nio.AbstractNioChannel$AbstractNioUnsafe.finishConnect(AbstractNioChannel.java:340)
	at org.apache.ratis.thirdparty.io.netty.channel.nio.NioEventLoop.processSelectedKey(NioEventLoop.java:632)
	at org.apache.ratis.thirdparty.io.netty.channel.nio.NioEventLoop.processSelectedKeysOptimized(NioEventLoop.java:579)
	at org.apache.ratis.thirdparty.io.netty.channel.nio.NioEventLoop.processSelectedKeys(NioEventLoop.java:496)
	at org.apache.ratis.thirdparty.io.netty.channel.nio.NioEventLoop.run(NioEventLoop.java:458)
	at org.apache.ratis.thirdparty.io.netty.util.concurrent.SingleThreadEventExecutor$5.run(SingleThreadEventExecutor.java:897)
	at org.apache.ratis.thirdparty.io.netty.util.concurrent.FastThreadLocalRunnable.run(FastThreadLocalRunnable.java:30)
	... 1 more
Caused by: java.net.ConnectException: Connection refused
	... 11 more
2019-07-14 06:53:54,975 INFO  impl.LeaderElection (LeaderElection.java:logAndReturn(56)) - 9df94194-a88f-471a-ad97-294777adf0f4:group-BAB056C2B514:LeaderElection16: Election REJECTED; received 0 response(s) [] and 2 exception(s); 9df94194-a88f-471a-ad97-294777adf0f4:t2, leader=null, voted=9df94194-a88f-471a-ad97-294777adf0f4, raftlog=9df94194-a88f-471a-ad97-294777adf0f4-SegmentedRaftLog:OPENED:c-1,f0,i0, conf=0: [ced4ce4a-19c0-4cac-897b-288d0e2520b1:192.168.5.144:39922, 456e4f0a-b3c9-49c2-9fd7-0f964256b228:192.168.5.144:35386, 9df94194-a88f-471a-ad97-294777adf0f4:192.168.5.144:40187], old=null
2019-07-14 06:53:54,976 INFO  impl.LeaderElection (LogUtils.java:infoOrTrace(149)) -   Exception 0: {}
java.util.concurrent.ExecutionException: org.apache.ratis.thirdparty.io.grpc.StatusRuntimeException: UNAVAILABLE: io exception
	at java.util.concurrent.FutureTask.report(FutureTask.java:122)
	at java.util.concurrent.FutureTask.get(FutureTask.java:192)
	at org.apache.ratis.server.impl.LeaderElection.waitForResults(LeaderElection.java:262)
	at org.apache.ratis.server.impl.LeaderElection.askForVotes(LeaderElection.java:200)
	at org.apache.ratis.server.impl.LeaderElection.run(LeaderElection.java:130)
	at java.lang.Thread.run(Thread.java:748)
Caused by: org.apache.ratis.thirdparty.io.grpc.StatusRuntimeException: UNAVAILABLE: io exception
	at org.apache.ratis.thirdparty.io.grpc.stub.ClientCalls.toStatusRuntimeException(ClientCalls.java:233)
	at org.apache.ratis.thirdparty.io.grpc.stub.ClientCalls.getUnchecked(ClientCalls.java:214)
	at org.apache.ratis.thirdparty.io.grpc.stub.ClientCalls.blockingUnaryCall(ClientCalls.java:139)
	at org.apache.ratis.proto.grpc.RaftServerProtocolServiceGrpc$RaftServerProtocolServiceBlockingStub.requestVote(RaftServerProtocolServiceGrpc.java:265)
	at org.apache.ratis.grpc.server.GrpcServerProtocolClient.requestVote(GrpcServerProtocolClient.java:83)
	at org.apache.ratis.grpc.server.GrpcService.requestVote(GrpcService.java:195)
	at org.apache.ratis.server.impl.LeaderElection.lambda$submitRequests$1(LeaderElection.java:237)
	at java.util.concurrent.FutureTask.run(FutureTask.java:266)
	at java.util.concurrent.Executors$RunnableAdapter.call(Executors.java:511)
	at java.util.concurrent.FutureTask.run(FutureTask.java:266)
	at java.util.concurrent.ThreadPoolExecutor.runWorker(ThreadPoolExecutor.java:1149)
	at java.util.concurrent.ThreadPoolExecutor$Worker.run(ThreadPoolExecutor.java:624)
	... 1 more
Caused by: org.apache.ratis.thirdparty.io.netty.channel.AbstractChannel$AnnotatedConnectException: Connection refused: /192.168.5.144:35386
	at sun.nio.ch.SocketChannelImpl.checkConnect(Native Method)
	at sun.nio.ch.SocketChannelImpl.finishConnect(SocketChannelImpl.java:717)
	at org.apache.ratis.thirdparty.io.netty.channel.socket.nio.NioSocketChannel.doFinishConnect(NioSocketChannel.java:327)
	at org.apache.ratis.thirdparty.io.netty.channel.nio.AbstractNioChannel$AbstractNioUnsafe.finishConnect(AbstractNioChannel.java:340)
	at org.apache.ratis.thirdparty.io.netty.channel.nio.NioEventLoop.processSelectedKey(NioEventLoop.java:632)
	at org.apache.ratis.thirdparty.io.netty.channel.nio.NioEventLoop.processSelectedKeysOptimized(NioEventLoop.java:579)
	at org.apache.ratis.thirdparty.io.netty.channel.nio.NioEventLoop.processSelectedKeys(NioEventLoop.java:496)
	at org.apache.ratis.thirdparty.io.netty.channel.nio.NioEventLoop.run(NioEventLoop.java:458)
	at org.apache.ratis.thirdparty.io.netty.util.concurrent.SingleThreadEventExecutor$5.run(SingleThreadEventExecutor.java:897)
	at org.apache.ratis.thirdparty.io.netty.util.concurrent.FastThreadLocalRunnable.run(FastThreadLocalRunnable.java:30)
	... 1 more
Caused by: java.net.ConnectException: Connection refused
	... 11 more
2019-07-14 06:53:54,976 INFO  impl.LeaderElection (LogUtils.java:infoOrTrace(149)) -   Exception 1: {}
java.util.concurrent.ExecutionException: org.apache.ratis.thirdparty.io.grpc.StatusRuntimeException: UNAVAILABLE: io exception
	at java.util.concurrent.FutureTask.report(FutureTask.java:122)
	at java.util.concurrent.FutureTask.get(FutureTask.java:192)
	at org.apache.ratis.server.impl.LeaderElection.waitForResults(LeaderElection.java:262)
	at org.apache.ratis.server.impl.LeaderElection.askForVotes(LeaderElection.java:200)
	at org.apache.ratis.server.impl.LeaderElection.run(LeaderElection.java:130)
	at java.lang.Thread.run(Thread.java:748)
Caused by: org.apache.ratis.thirdparty.io.grpc.StatusRuntimeException: UNAVAILABLE: io exception
	at org.apache.ratis.thirdparty.io.grpc.stub.ClientCalls.toStatusRuntimeException(ClientCalls.java:233)
	at org.apache.ratis.thirdparty.io.grpc.stub.ClientCalls.getUnchecked(ClientCalls.java:214)
	at org.apache.ratis.thirdparty.io.grpc.stub.ClientCalls.blockingUnaryCall(ClientCalls.java:139)
	at org.apache.ratis.proto.grpc.RaftServerProtocolServiceGrpc$RaftServerProtocolServiceBlockingStub.requestVote(RaftServerProtocolServiceGrpc.java:265)
	at org.apache.ratis.grpc.server.GrpcServerProtocolClient.requestVote(GrpcServerProtocolClient.java:83)
	at org.apache.ratis.grpc.server.GrpcService.requestVote(GrpcService.java:195)
	at org.apache.ratis.server.impl.LeaderElection.lambda$submitRequests$1(LeaderElection.java:237)
	at java.util.concurrent.FutureTask.run(FutureTask.java:266)
	at java.util.concurrent.Executors$RunnableAdapter.call(Executors.java:511)
	at java.util.concurrent.FutureTask.run(FutureTask.java:266)
	at java.util.concurrent.ThreadPoolExecutor.runWorker(ThreadPoolExecutor.java:1149)
	at java.util.concurrent.ThreadPoolExecutor$Worker.run(ThreadPoolExecutor.java:624)
	... 1 more
Caused by: org.apache.ratis.thirdparty.io.netty.channel.AbstractChannel$AnnotatedConnectException: Connection refused: /192.168.5.144:39922
	at sun.nio.ch.SocketChannelImpl.checkConnect(Native Method)
	at sun.nio.ch.SocketChannelImpl.finishConnect(SocketChannelImpl.java:717)
	at org.apache.ratis.thirdparty.io.netty.channel.socket.nio.NioSocketChannel.doFinishConnect(NioSocketChannel.java:327)
	at org.apache.ratis.thirdparty.io.netty.channel.nio.AbstractNioChannel$AbstractNioUnsafe.finishConnect(AbstractNioChannel.java:340)
	at org.apache.ratis.thirdparty.io.netty.channel.nio.NioEventLoop.processSelectedKey(NioEventLoop.java:632)
	at org.apache.ratis.thirdparty.io.netty.channel.nio.NioEventLoop.processSelectedKeysOptimized(NioEventLoop.java:579)
	at org.apache.ratis.thirdparty.io.netty.channel.nio.NioEventLoop.processSelectedKeys(NioEventLoop.java:496)
	at org.apache.ratis.thirdparty.io.netty.channel.nio.NioEventLoop.run(NioEventLoop.java:458)
	at org.apache.ratis.thirdparty.io.netty.util.concurrent.SingleThreadEventExecutor$5.run(SingleThreadEventExecutor.java:897)
	at org.apache.ratis.thirdparty.io.netty.util.concurrent.FastThreadLocalRunnable.run(FastThreadLocalRunnable.java:30)
	... 1 more
Caused by: java.net.ConnectException: Connection refused
	... 11 more
2019-07-14 06:53:54,977 INFO  impl.RaftServerImpl (RaftServerImpl.java:setRole(171)) - 9df94194-a88f-471a-ad97-294777adf0f4:group-BAB056C2B514 changes role from CANDIDATE to FOLLOWER at term 2 for DISCOVERED_A_NEW_TERM
2019-07-14 06:53:54,977 INFO  impl.RoleInfo (RoleInfo.java:shutdownLeaderElection(134)) - 9df94194-a88f-471a-ad97-294777adf0f4: shutdown LeaderElection
2019-07-14 06:53:54,978 INFO  impl.RoleInfo (RoleInfo.java:updateAndGet(143)) - 9df94194-a88f-471a-ad97-294777adf0f4: start FollowerState
2019-07-14 06:53:56,199 INFO  ozoneimpl.OzoneContainer (OzoneContainer.java:stop(199)) - Attempting to stop container services.
2019-07-14 06:53:56,200 INFO  impl.RaftServerProxy (RaftServerProxy.java:lambda$close$4(314)) - 21c11074-c061-4199-a5c5-e5d1047c631d: close
2019-07-14 06:53:56,201 INFO  impl.RaftServerImpl (RaftServerImpl.java:lambda$shutdown$3(245)) - 21c11074-c061-4199-a5c5-e5d1047c631d: shutdown group-020269296A02
2019-07-14 06:53:56,201 INFO  util.JmxRegister (JmxRegister.java:unregister(73)) - Successfully un-registered JMX Bean with object name Ratis:service=RaftServer,group=group-020269296A02,id=21c11074-c061-4199-a5c5-e5d1047c631d
2019-07-14 06:53:56,201 INFO  impl.RoleInfo (RoleInfo.java:shutdownLeaderState(104)) - 21c11074-c061-4199-a5c5-e5d1047c631d: shutdown LeaderState
2019-07-14 06:53:56,202 INFO  impl.PendingRequests (PendingRequests.java:sendNotLeaderResponses(202)) - 21c11074-c061-4199-a5c5-e5d1047c631d-PendingRequests: sendNotLeaderResponses
2019-07-14 06:53:56,202 INFO  impl.StateMachineUpdater (StateMachineUpdater.java:stopAndJoin(115)) - StateMachineUpdater:21c11074-c061-4199-a5c5-e5d1047c631d:group-020269296A02: set stopIndex = 0
2019-07-14 06:53:56,203 INFO  impl.RaftServerImpl (ServerState.java:close(394)) - 21c11074-c061-4199-a5c5-e5d1047c631d:group-020269296A02 closes. The last applied log index is 0
2019-07-14 06:53:56,203 INFO  segmented.SegmentedRaftLogWorker (SegmentedRaftLogWorker.java:run(313)) - 21c11074-c061-4199-a5c5-e5d1047c631d-SegmentedRaftLogWorker:Storage Directory /tmp/workdir/hadoop-ozone/integration-test/target/test-dir/MiniOzoneClusterImpl-d50571e5-2990-423a-9baf-60008d75fde6/datanode-0/data/ratis/b0ded695-8aaf-4990-828d-020269296a02 was interrupted, exiting. There are 0 tasks remaining in the queue.
2019-07-14 06:53:56,204 INFO  segmented.SegmentedRaftLogWorker (SegmentedRaftLogWorker.java:close(228)) - 21c11074-c061-4199-a5c5-e5d1047c631d-SegmentedRaftLogWorker:Storage Directory /tmp/workdir/hadoop-ozone/integration-test/target/test-dir/MiniOzoneClusterImpl-d50571e5-2990-423a-9baf-60008d75fde6/datanode-0/data/ratis/b0ded695-8aaf-4990-828d-020269296a02 close()
2019-07-14 06:53:56,206 INFO  impl.RaftServerImpl (RaftServerImpl.java:lambda$shutdown$3(245)) - 21c11074-c061-4199-a5c5-e5d1047c631d: shutdown group-6DB32D3157BF
2019-07-14 06:53:56,207 INFO  util.JmxRegister (JmxRegister.java:unregister(73)) - Successfully un-registered JMX Bean with object name Ratis:service=RaftServer,group=group-6DB32D3157BF,id=21c11074-c061-4199-a5c5-e5d1047c631d
2019-07-14 06:53:56,207 INFO  impl.RoleInfo (RoleInfo.java:shutdownFollowerState(121)) - 21c11074-c061-4199-a5c5-e5d1047c631d: shutdown FollowerState
2019-07-14 06:53:56,207 INFO  impl.StateMachineUpdater (StateMachineUpdater.java:stopAndJoin(115)) - StateMachineUpdater:21c11074-c061-4199-a5c5-e5d1047c631d:group-6DB32D3157BF: set stopIndex = 4
2019-07-14 06:53:56,207 INFO  ratis.ContainerStateMachine (ContainerStateMachine.java:takeSnapshot(249)) - group-6DB32D3157BF: Taking a snapshot at:(t:1, i:3) file /tmp/workdir/hadoop-ozone/integration-test/target/test-dir/MiniOzoneClusterImpl-d50571e5-2990-423a-9baf-60008d75fde6/datanode-0/data/ratis/753c826b-abd5-410c-9f27-6db32d3157bf/sm/snapshot.1_3
2019-07-14 06:53:56,207 INFO  impl.FollowerState (FollowerState.java:run(114)) - 21c11074-c061-4199-a5c5-e5d1047c631d: FollowerState was interrupted: java.lang.InterruptedException: sleep interrupted
2019-07-14 06:53:56,208 INFO  ratis.ContainerStateMachine (ContainerStateMachine.java:takeSnapshot(257)) - group-6DB32D3157BF: Finished taking a snapshot at:(t:1, i:3) file:/tmp/workdir/hadoop-ozone/integration-test/target/test-dir/MiniOzoneClusterImpl-d50571e5-2990-423a-9baf-60008d75fde6/datanode-0/data/ratis/753c826b-abd5-410c-9f27-6db32d3157bf/sm/snapshot.1_3 time:1
2019-07-14 06:53:56,208 INFO  impl.StateMachineUpdater (StateMachineUpdater.java:takeSnapshot(242)) - StateMachineUpdater:21c11074-c061-4199-a5c5-e5d1047c631d:group-6DB32D3157BF: Took a snapshot at index 3
2019-07-14 06:53:56,208 INFO  impl.StateMachineUpdater (StateMachineUpdater.java:lambda$new$0(80)) - StateMachineUpdater:21c11074-c061-4199-a5c5-e5d1047c631d:group-6DB32D3157BF: snapshotIndex: updateIncreasingly -1 -> 3
2019-07-14 06:53:56,209 INFO  impl.RaftServerImpl (ServerState.java:close(394)) - 21c11074-c061-4199-a5c5-e5d1047c631d:group-6DB32D3157BF closes. The last applied log index is 4
2019-07-14 06:53:56,209 INFO  segmented.SegmentedRaftLogWorker (SegmentedRaftLogWorker.java:run(313)) - 21c11074-c061-4199-a5c5-e5d1047c631d-SegmentedRaftLogWorker:Storage Directory /tmp/workdir/hadoop-ozone/integration-test/target/test-dir/MiniOzoneClusterImpl-d50571e5-2990-423a-9baf-60008d75fde6/datanode-0/data/ratis/753c826b-abd5-410c-9f27-6db32d3157bf was interrupted, exiting. There are 0 tasks remaining in the queue.
2019-07-14 06:53:56,210 INFO  segmented.SegmentedRaftLogWorker (SegmentedRaftLogWorker.java:close(228)) - 21c11074-c061-4199-a5c5-e5d1047c631d-SegmentedRaftLogWorker:Storage Directory /tmp/workdir/hadoop-ozone/integration-test/target/test-dir/MiniOzoneClusterImpl-d50571e5-2990-423a-9baf-60008d75fde6/datanode-0/data/ratis/753c826b-abd5-410c-9f27-6db32d3157bf close()
2019-07-14 06:53:56,211 INFO  server.GrpcService (GrpcService.java:closeImpl(155)) - 21c11074-c061-4199-a5c5-e5d1047c631d: shutdown server with port 43548 now
2019-07-14 06:53:56,212 INFO  ozoneimpl.OzoneContainer (OzoneContainer.java:stop(199)) - Attempting to stop container services.
2019-07-14 06:53:56,218 INFO  server.GrpcService (GrpcService.java:closeImpl(163)) - 21c11074-c061-4199-a5c5-e5d1047c631d: shutdown server with port 43548 successfully
2019-07-14 06:53:56,219 INFO  impl.RaftServerProxy (RaftServerProxy.java:lambda$close$4(314)) - 9df94194-a88f-471a-ad97-294777adf0f4: close
2019-07-14 06:53:56,219 INFO  impl.RaftServerImpl (RaftServerImpl.java:lambda$shutdown$3(245)) - 9df94194-a88f-471a-ad97-294777adf0f4: shutdown group-BBE5FCFDA00E
2019-07-14 06:53:56,220 INFO  util.JmxRegister (JmxRegister.java:unregister(73)) - Successfully un-registered JMX Bean with object name Ratis:service=RaftServer,group=group-BBE5FCFDA00E,id=9df94194-a88f-471a-ad97-294777adf0f4
2019-07-14 06:53:56,220 INFO  impl.RoleInfo (RoleInfo.java:shutdownLeaderState(104)) - 9df94194-a88f-471a-ad97-294777adf0f4: shutdown LeaderState
2019-07-14 06:53:56,221 INFO  impl.PendingRequests (PendingRequests.java:sendNotLeaderResponses(202)) - 9df94194-a88f-471a-ad97-294777adf0f4-PendingRequests: sendNotLeaderResponses
2019-07-14 06:53:56,221 INFO  impl.StateMachineUpdater (StateMachineUpdater.java:stopAndJoin(115)) - StateMachineUpdater:9df94194-a88f-471a-ad97-294777adf0f4:group-BBE5FCFDA00E: set stopIndex = 0
2019-07-14 06:53:56,222 INFO  impl.RaftServerImpl (ServerState.java:close(394)) - 9df94194-a88f-471a-ad97-294777adf0f4:group-BBE5FCFDA00E closes. The last applied log index is 0
2019-07-14 06:53:56,222 INFO  segmented.SegmentedRaftLogWorker (SegmentedRaftLogWorker.java:run(313)) - 9df94194-a88f-471a-ad97-294777adf0f4-SegmentedRaftLogWorker:Storage Directory /tmp/workdir/hadoop-ozone/integration-test/target/test-dir/MiniOzoneClusterImpl-d50571e5-2990-423a-9baf-60008d75fde6/datanode-6/data/ratis/787206f9-6d8b-4cc4-9cde-bbe5fcfda00e was interrupted, exiting. There are 0 tasks remaining in the queue.
2019-07-14 06:53:56,223 INFO  segmented.SegmentedRaftLogWorker (SegmentedRaftLogWorker.java:close(228)) - 9df94194-a88f-471a-ad97-294777adf0f4-SegmentedRaftLogWorker:Storage Directory /tmp/workdir/hadoop-ozone/integration-test/target/test-dir/MiniOzoneClusterImpl-d50571e5-2990-423a-9baf-60008d75fde6/datanode-6/data/ratis/787206f9-6d8b-4cc4-9cde-bbe5fcfda00e close()
2019-07-14 06:53:56,224 INFO  impl.RaftServerImpl (RaftServerImpl.java:lambda$shutdown$3(245)) - 9df94194-a88f-471a-ad97-294777adf0f4: shutdown group-BAB056C2B514
2019-07-14 06:53:56,225 INFO  util.JmxRegister (JmxRegister.java:unregister(73)) - Successfully un-registered JMX Bean with object name Ratis:service=RaftServer,group=group-BAB056C2B514,id=9df94194-a88f-471a-ad97-294777adf0f4
2019-07-14 06:53:56,225 INFO  impl.RoleInfo (RoleInfo.java:shutdownFollowerState(121)) - 9df94194-a88f-471a-ad97-294777adf0f4: shutdown FollowerState
2019-07-14 06:53:56,226 INFO  impl.StateMachineUpdater (StateMachineUpdater.java:stopAndJoin(115)) - StateMachineUpdater:9df94194-a88f-471a-ad97-294777adf0f4:group-BAB056C2B514: set stopIndex = -1
2019-07-14 06:53:56,226 INFO  impl.RaftServerImpl (ServerState.java:close(394)) - 9df94194-a88f-471a-ad97-294777adf0f4:group-BAB056C2B514 closes. The last applied log index is -1
2019-07-14 06:53:56,227 INFO  segmented.SegmentedRaftLogWorker (SegmentedRaftLogWorker.java:run(313)) - 9df94194-a88f-471a-ad97-294777adf0f4-SegmentedRaftLogWorker:Storage Directory /tmp/workdir/hadoop-ozone/integration-test/target/test-dir/MiniOzoneClusterImpl-d50571e5-2990-423a-9baf-60008d75fde6/datanode-6/data/ratis/6835cf08-a6c0-4df7-ba43-bab056c2b514 was interrupted, exiting. There are 0 tasks remaining in the queue.
2019-07-14 06:53:56,227 INFO  segmented.SegmentedRaftLogWorker (SegmentedRaftLogWorker.java:close(228)) - 9df94194-a88f-471a-ad97-294777adf0f4-SegmentedRaftLogWorker:Storage Directory /tmp/workdir/hadoop-ozone/integration-test/target/test-dir/MiniOzoneClusterImpl-d50571e5-2990-423a-9baf-60008d75fde6/datanode-6/data/ratis/6835cf08-a6c0-4df7-ba43-bab056c2b514 close()
2019-07-14 06:53:56,230 INFO  server.GrpcService (GrpcService.java:closeImpl(155)) - 9df94194-a88f-471a-ad97-294777adf0f4: shutdown server with port 40187 now
2019-07-14 06:53:56,230 INFO  impl.FollowerState (FollowerState.java:run(114)) - 9df94194-a88f-471a-ad97-294777adf0f4: FollowerState was interrupted: java.lang.InterruptedException: sleep interrupted
2019-07-14 06:53:56,230 INFO  utils.BackgroundService (BackgroundService.java:shutdown(148)) - Shutting down service BlockDeletingService
2019-07-14 06:53:56,232 INFO  server.GrpcService (GrpcService.java:closeImpl(163)) - 9df94194-a88f-471a-ad97-294777adf0f4: shutdown server with port 40187 successfully
2019-07-14 06:53:56,233 WARN  fs.CachingGetSpaceUsed (CachingGetSpaceUsed.java:run(183)) - Thread Interrupted waiting to refresh disk information: sleep interrupted
2019-07-14 06:53:56,234 INFO  utils.BackgroundService (BackgroundService.java:shutdown(148)) - Shutting down service BlockDeletingService
2019-07-14 06:53:56,237 WARN  fs.CachingGetSpaceUsed (CachingGetSpaceUsed.java:run(183)) - Thread Interrupted waiting to refresh disk information: sleep interrupted
2019-07-14 06:53:56,256 INFO  statemachine.DatanodeStateMachine (DatanodeStateMachine.java:stopDaemon(395)) - Ozone container server stopped.
2019-07-14 06:53:56,257 INFO  handler.ContextHandler (ContextHandler.java:doStop(910)) - Stopped o.e.j.w.WebAppContext@418f0534{/,null,UNAVAILABLE}{/hddsDatanode}
2019-07-14 06:53:56,260 INFO  statemachine.DatanodeStateMachine (DatanodeStateMachine.java:stopDaemon(395)) - Ozone container server stopped.
2019-07-14 06:53:56,265 INFO  server.AbstractConnector (AbstractConnector.java:doStop(318)) - Stopped ServerConnector@3dfd7eaa{HTTP/1.1,[http/1.1]}{0.0.0.0:0}
2019-07-14 06:53:56,265 INFO  handler.ContextHandler (ContextHandler.java:doStop(910)) - Stopped o.e.j.w.WebAppContext@37e0292a{/,null,UNAVAILABLE}{/hddsDatanode}
2019-07-14 06:53:56,265 INFO  handler.ContextHandler (ContextHandler.java:doStop(910)) - Stopped o.e.j.s.ServletContextHandler@782fd504{/static,jar:file:/home/user/.m2/repository/org/apache/hadoop/hadoop-hdds-container-service/0.5.0-SNAPSHOT/hadoop-hdds-container-service-0.5.0-SNAPSHOT.jar!/webapps/static,UNAVAILABLE}
2019-07-14 06:53:56,266 INFO  handler.ContextHandler (ContextHandler.java:doStop(910)) - Stopped o.e.j.s.ServletContextHandler@6568f998{/logs,file:///tmp/workdir/hadoop-ozone/integration-test/target/log,UNAVAILABLE}
2019-07-14 06:53:56,266 INFO  server.AbstractConnector (AbstractConnector.java:doStop(318)) - Stopped ServerConnector@4af70944{HTTP/1.1,[http/1.1]}{0.0.0.0:0}
2019-07-14 06:53:56,267 INFO  handler.ContextHandler (ContextHandler.java:doStop(910)) - Stopped o.e.j.s.ServletContextHandler@7915bca3{/static,jar:file:/home/user/.m2/repository/org/apache/hadoop/hadoop-hdds-container-service/0.5.0-SNAPSHOT/hadoop-hdds-container-service-0.5.0-SNAPSHOT.jar!/webapps/static,UNAVAILABLE}
2019-07-14 06:53:56,269 INFO  datanode.ObjectStoreHandler (ObjectStoreHandler.java:close(155)) - Closing ObjectStoreHandler.
2019-07-14 06:53:56,269 INFO  handler.ContextHandler (ContextHandler.java:doStop(910)) - Stopped o.e.j.s.ServletContextHandler@36cc9385{/logs,file:///tmp/workdir/hadoop-ozone/integration-test/target/log,UNAVAILABLE}
2019-07-14 06:53:56,270 INFO  ozone.HddsDatanodeService (HddsDatanodeService.java:stop(452)) - Stopped plug-in org.apache.hadoop.ozone.web.OzoneHddsDatanodeService@16f15ae9
2019-07-14 06:53:56,874 INFO  statemachine.DatanodeStateMachine (DatanodeStateMachine.java:lambda$startDaemon$0(350)) - Ozone container server started.
2019-07-14 06:54:01,270 INFO  ozoneimpl.OzoneContainer (OzoneContainer.java:stop(199)) - Attempting to stop container services.
2019-07-14 06:54:01,271 INFO  impl.RaftServerProxy (RaftServerProxy.java:lambda$close$4(314)) - f80c8108-f3bf-48b4-9e66-1625d26c6079: close
2019-07-14 06:54:01,272 INFO  impl.RaftServerImpl (RaftServerImpl.java:lambda$shutdown$3(245)) - f80c8108-f3bf-48b4-9e66-1625d26c6079: shutdown group-925637B02716
2019-07-14 06:54:01,272 INFO  util.JmxRegister (JmxRegister.java:unregister(73)) - Successfully un-registered JMX Bean with object name Ratis:service=RaftServer,group=group-925637B02716,id=f80c8108-f3bf-48b4-9e66-1625d26c6079
2019-07-14 06:54:01,273 INFO  impl.RoleInfo (RoleInfo.java:shutdownLeaderState(104)) - f80c8108-f3bf-48b4-9e66-1625d26c6079: shutdown LeaderState
2019-07-14 06:54:01,273 INFO  impl.PendingRequests (PendingRequests.java:sendNotLeaderResponses(202)) - f80c8108-f3bf-48b4-9e66-1625d26c6079-PendingRequests: sendNotLeaderResponses
2019-07-14 06:54:01,274 INFO  impl.StateMachineUpdater (StateMachineUpdater.java:stopAndJoin(115)) - StateMachineUpdater:f80c8108-f3bf-48b4-9e66-1625d26c6079:group-925637B02716: set stopIndex = 0
2019-07-14 06:54:01,274 INFO  impl.RaftServerImpl (ServerState.java:close(394)) - f80c8108-f3bf-48b4-9e66-1625d26c6079:group-925637B02716 closes. The last applied log index is 0
2019-07-14 06:54:01,275 INFO  segmented.SegmentedRaftLogWorker (SegmentedRaftLogWorker.java:run(313)) - f80c8108-f3bf-48b4-9e66-1625d26c6079-SegmentedRaftLogWorker:Storage Directory /tmp/workdir/hadoop-ozone/integration-test/target/test-dir/MiniOzoneClusterImpl-d50571e5-2990-423a-9baf-60008d75fde6/datanode-5/data/ratis/2bbeedb7-0135-4e0c-bccd-925637b02716 was interrupted, exiting. There are 0 tasks remaining in the queue.
2019-07-14 06:54:01,276 INFO  segmented.SegmentedRaftLogWorker (SegmentedRaftLogWorker.java:close(228)) - f80c8108-f3bf-48b4-9e66-1625d26c6079-SegmentedRaftLogWorker:Storage Directory /tmp/workdir/hadoop-ozone/integration-test/target/test-dir/MiniOzoneClusterImpl-d50571e5-2990-423a-9baf-60008d75fde6/datanode-5/data/ratis/2bbeedb7-0135-4e0c-bccd-925637b02716 close()
2019-07-14 06:54:01,277 INFO  server.GrpcService (GrpcService.java:closeImpl(155)) - f80c8108-f3bf-48b4-9e66-1625d26c6079: shutdown server with port 37587 now
2019-07-14 06:54:01,278 INFO  server.GrpcService (GrpcService.java:closeImpl(163)) - f80c8108-f3bf-48b4-9e66-1625d26c6079: shutdown server with port 37587 successfully
2019-07-14 06:54:01,280 INFO  utils.BackgroundService (BackgroundService.java:shutdown(148)) - Shutting down service BlockDeletingService
2019-07-14 06:54:01,282 WARN  fs.CachingGetSpaceUsed (CachingGetSpaceUsed.java:run(183)) - Thread Interrupted waiting to refresh disk information: sleep interrupted
2019-07-14 06:54:01,299 INFO  statemachine.DatanodeStateMachine (DatanodeStateMachine.java:stopDaemon(395)) - Ozone container server stopped.
2019-07-14 06:54:01,300 INFO  handler.ContextHandler (ContextHandler.java:doStop(910)) - Stopped o.e.j.w.WebAppContext@561f9d92{/,null,UNAVAILABLE}{/hddsDatanode}
2019-07-14 06:54:01,301 INFO  server.AbstractConnector (AbstractConnector.java:doStop(318)) - Stopped ServerConnector@1c84d80a{HTTP/1.1,[http/1.1]}{0.0.0.0:0}
2019-07-14 06:54:01,302 INFO  handler.ContextHandler (ContextHandler.java:doStop(910)) - Stopped o.e.j.s.ServletContextHandler@2d4a3e13{/static,jar:file:/home/user/.m2/repository/org/apache/hadoop/hadoop-hdds-container-service/0.5.0-SNAPSHOT/hadoop-hdds-container-service-0.5.0-SNAPSHOT.jar!/webapps/static,UNAVAILABLE}
2019-07-14 06:54:01,302 INFO  handler.ContextHandler (ContextHandler.java:doStop(910)) - Stopped o.e.j.s.ServletContextHandler@6885ed19{/logs,file:///tmp/workdir/hadoop-ozone/integration-test/target/log,UNAVAILABLE}
2019-07-14 06:54:01,303 INFO  ozone.MiniOzoneClusterImpl (MiniOzoneClusterImpl.java:stop(353)) - Stopping the StorageContainerManager
2019-07-14 06:54:01,303 INFO  server.StorageContainerManager (StorageContainerManager.java:stop(796)) - Stopping Replication Manager Service.
2019-07-14 06:54:01,304 INFO  container.ReplicationManager (ReplicationManager.java:stop(187)) - Stopping Replication Monitor Thread.
2019-07-14 06:54:01,304 INFO  server.StorageContainerManager (StorageContainerManager.java:stop(803)) - Stopping Lease Manager of the command watchers
2019-07-14 06:54:01,304 INFO  server.StorageContainerManager (StorageContainerManager.java:stop(810)) - Stopping datanode service RPC server
2019-07-14 06:54:01,304 INFO  server.SCMDatanodeProtocolServer (SCMDatanodeProtocolServer.java:stop(375)) - Stopping the RPC server for DataNodes
2019-07-14 06:54:01,304 INFO  ipc.Server (Server.java:stop(3082)) - Stopping server on 35348
2019-07-14 06:54:01,307 INFO  ipc.Server (Server.java:run(1185)) - Stopping IPC Server listener on 35348
2019-07-14 06:54:01,307 INFO  ipc.Server (Server.java:run(1319)) - Stopping IPC Server Responder
2019-07-14 06:54:01,387 WARN  node.NodeStateManager (NodeStateManager.java:scheduleNextHealthCheck(631)) - Current Thread is interrupted, shutting down HB processing thread for Node Manager.
2019-07-14 06:54:01,387 INFO  server.StorageContainerManager (StorageContainerManager.java:stop(818)) - Stopping block service RPC server
2019-07-14 06:54:01,388 INFO  server.SCMBlockProtocolServer (SCMBlockProtocolServer.java:stop(148)) - Stopping the RPC server for Block Protocol
2019-07-14 06:54:01,388 INFO  ipc.Server (Server.java:stop(3082)) - Stopping server on 41687
2019-07-14 06:54:01,390 INFO  ipc.Server (Server.java:run(1185)) - Stopping IPC Server listener on 41687
2019-07-14 06:54:01,390 INFO  server.StorageContainerManager (StorageContainerManager.java:stop(825)) - Stopping the StorageContainerLocationProtocol RPC server
2019-07-14 06:54:01,391 INFO  server.SCMClientProtocolServer (SCMClientProtocolServer.java:stop(157)) - Stopping the RPC server for Client Protocol
2019-07-14 06:54:01,391 INFO  ipc.Server (Server.java:run(1319)) - Stopping IPC Server Responder
2019-07-14 06:54:01,391 INFO  ipc.Server (Server.java:stop(3082)) - Stopping server on 46393
2019-07-14 06:54:01,393 INFO  ipc.Server (Server.java:run(1185)) - Stopping IPC Server listener on 46393
2019-07-14 06:54:01,393 INFO  server.StorageContainerManager (StorageContainerManager.java:stop(832)) - Stopping Storage Container Manager HTTP server.
2019-07-14 06:54:01,393 INFO  ipc.Server (Server.java:run(1319)) - Stopping IPC Server Responder
2019-07-14 06:54:01,394 INFO  handler.ContextHandler (ContextHandler.java:doStop(910)) - Stopped o.e.j.w.WebAppContext@6fff253c{/,null,UNAVAILABLE}{/scm}
2019-07-14 06:54:01,395 INFO  server.AbstractConnector (AbstractConnector.java:doStop(318)) - Stopped ServerConnector@7c041b41{HTTP/1.1,[http/1.1]}{0.0.0.0:0}
2019-07-14 06:54:01,396 INFO  handler.ContextHandler (ContextHandler.java:doStop(910)) - Stopped o.e.j.s.ServletContextHandler@4dd02341{/static,file:///tmp/workdir/hadoop-ozone/integration-test/target/test-classes/webapps/static,UNAVAILABLE}
2019-07-14 06:54:01,396 INFO  handler.ContextHandler (ContextHandler.java:doStop(910)) - Stopped o.e.j.s.ServletContextHandler@635572a7{/logs,file:///tmp/workdir/hadoop-ozone/integration-test/target/log,UNAVAILABLE}
2019-07-14 06:54:01,397 INFO  server.StorageContainerManager (StorageContainerManager.java:stop(843)) - Stopping Block Manager Service.
2019-07-14 06:54:01,398 INFO  utils.BackgroundService (BackgroundService.java:shutdown(148)) - Shutting down service SCMBlockDeletingService
2019-07-14 06:54:01,399 INFO  utils.BackgroundService (BackgroundService.java:shutdown(148)) - Shutting down service SCMBlockDeletingService
2019-07-14 06:54:01,399 INFO  server.StorageContainerManager (StorageContainerManager.java:stop(865)) - Stopping SCM Event Queue.
2019-07-14 06:54:01,406 INFO  impl.MetricsSystemImpl (MetricsSystemImpl.java:stop(210)) - Stopping HddsDatanode metrics system...
2019-07-14 06:54:01,414 INFO  impl.MetricsSystemImpl (MetricsSystemImpl.java:stop(216)) - HddsDatanode metrics system stopped.
]]></system-out>
    <system-err><![CDATA[ERROR StatusLogger No Log4j 2 configuration file found. Using default configuration (logging only errors to the console), or user programmatically provided configurations. Set system property 'log4j2.debug' to show Log4j 2 internal initialization logging. See https://logging.apache.org/log4j/2.x/manual/configuration.html for instructions on how to configure Log4j 2
Jul 14, 2019 6:53:22 AM com.sun.jersey.server.impl.application.WebApplicationImpl _initiate
INFO: Initiating Jersey application, version 'Jersey: 1.19 02/11/2015 03:25 AM'
Jul 14, 2019 6:53:22 AM com.sun.jersey.server.impl.application.WebApplicationImpl _initiate
INFO: Initiating Jersey application, version 'Jersey: 1.19 02/11/2015 03:25 AM'
Jul 14, 2019 6:53:23 AM com.sun.jersey.server.impl.application.WebApplicationImpl _initiate
INFO: Initiating Jersey application, version 'Jersey: 1.19 02/11/2015 03:25 AM'
Jul 14, 2019 6:53:23 AM com.sun.jersey.server.impl.application.WebApplicationImpl _initiate
INFO: Initiating Jersey application, version 'Jersey: 1.19 02/11/2015 03:25 AM'
Jul 14, 2019 6:53:23 AM com.sun.jersey.server.impl.application.WebApplicationImpl _initiate
INFO: Initiating Jersey application, version 'Jersey: 1.19 02/11/2015 03:25 AM'
Jul 14, 2019 6:53:23 AM com.sun.jersey.server.impl.application.WebApplicationImpl _initiate
INFO: Initiating Jersey application, version 'Jersey: 1.19 02/11/2015 03:25 AM'
Jul 14, 2019 6:53:23 AM com.sun.jersey.server.impl.application.WebApplicationImpl _initiate
INFO: Initiating Jersey application, version 'Jersey: 1.19 02/11/2015 03:25 AM'
]]></system-err>
  </testcase>
  <testcase name="testMaxRetriesByOzoneClient" classname="org.apache.hadoop.ozone.client.rpc.TestOzoneClientRetriesOnException" time="34.749"/>
</testsuite>