<?xml version="1.0" encoding="UTF-8"?>
<testsuite xmlns:xsi="http://www.w3.org/2001/XMLSchema-instance" xsi:noNamespaceSchemaLocation="https://maven.apache.org/surefire/maven-surefire-plugin/xsd/surefire-test-report.xsd" name="org.apache.hadoop.ozone.client.rpc.TestFailureHandlingByClient" time="266.451" tests="7" errors="5" skipped="0" failures="0">
  <properties>
    <property name="awt.toolkit" value="sun.awt.X11.XToolkit"/>
    <property name="file.encoding.pkg" value="sun.io"/>
    <property name="java.specification.version" value="1.8"/>
    <property name="sun.cpu.isalist" value=""/>
    <property name="sun.jnu.encoding" value="UTF-8"/>
    <property name="java.class.path" value="/tmp/workdir/hadoop-ozone/integration-test/target/test-classes:/tmp/workdir/hadoop-ozone/integration-test/target/classes:/home/user/.m2/repository/org/apache/hadoop/hadoop-ozone-common/0.5.0-SNAPSHOT/hadoop-ozone-common-0.5.0-SNAPSHOT.jar:/home/user/.m2/repository/org/apache/commons/commons-compress/1.4.1/commons-compress-1.4.1.jar:/home/user/.m2/repository/org/tukaani/xz/1.0/xz-1.0.jar:/home/user/.m2/repository/org/apache/hadoop/hadoop-common/3.2.0/hadoop-common-3.2.0.jar:/home/user/.m2/repository/org/apache/hadoop/hadoop-hdfs/3.2.0/hadoop-hdfs-3.2.0.jar:/home/user/.m2/repository/org/apache/hadoop/hadoop-hdfs-client/3.2.0/hadoop-hdfs-client-3.2.0.jar:/home/user/.m2/repository/com/fasterxml/jackson/core/jackson-annotations/2.9.5/jackson-annotations-2.9.5.jar:/home/user/.m2/repository/org/apache/hadoop/hadoop-hdds-common/0.5.0-SNAPSHOT/hadoop-hdds-common-0.5.0-SNAPSHOT.jar:/home/user/.m2/repository/javax/annotation/javax.annotation-api/1.2/javax.annotation-api-1.2.jar:/home/user/.m2/repository/org/apache/ratis/ratis-server/0.4.0-2337318-SNAPSHOT/ratis-server-0.4.0-2337318-SNAPSHOT.jar:/home/user/.m2/repository/org/apache/ratis/ratis-thirdparty-misc/0.2.0/ratis-thirdparty-misc-0.2.0.jar:/home/user/.m2/repository/org/apache/ratis/ratis-proto/0.4.0-2337318-SNAPSHOT/ratis-proto-0.4.0-2337318-SNAPSHOT.jar:/home/user/.m2/repository/org/apache/ratis/ratis-common/0.4.0-2337318-SNAPSHOT/ratis-common-0.4.0-2337318-SNAPSHOT.jar:/home/user/.m2/repository/org/apache/ratis/ratis-client/0.4.0-2337318-SNAPSHOT/ratis-client-0.4.0-2337318-SNAPSHOT.jar:/home/user/.m2/repository/org/apache/ratis/ratis-metrics/0.4.0-2337318-SNAPSHOT/ratis-metrics-0.4.0-2337318-SNAPSHOT.jar:/home/user/.m2/repository/org/apache/ratis/ratis-netty/0.4.0-2337318-SNAPSHOT/ratis-netty-0.4.0-2337318-SNAPSHOT.jar:/home/user/.m2/repository/org/apache/ratis/ratis-grpc/0.4.0-2337318-SNAPSHOT/ratis-grpc-0.4.0-2337318-SNAPSHOT.jar:/home/user/.m2/repository/org/rocksdb/rocksdbjni/6.0.1/rocksdbjni-6.0.1.jar:/home/user/.m2/repository/org/apache/logging/log4j/log4j-api/2.11.0/log4j-api-2.11.0.jar:/home/user/.m2/repository/org/apache/logging/log4j/log4j-core/2.11.0/log4j-core-2.11.0.jar:/home/user/.m2/repository/com/lmax/disruptor/3.4.2/disruptor-3.4.2.jar:/home/user/.m2/repository/org/apache/commons/commons-pool2/2.6.0/commons-pool2-2.6.0.jar:/home/user/.m2/repository/org/bouncycastle/bcpkix-jdk15on/1.60/bcpkix-jdk15on-1.60.jar:/home/user/.m2/repository/commons-validator/commons-validator/1.6/commons-validator-1.6.jar:/home/user/.m2/repository/commons-digester/commons-digester/1.8.1/commons-digester-1.8.1.jar:/home/user/.m2/repository/io/jaegertracing/jaeger-client/0.33.1/jaeger-client-0.33.1.jar:/home/user/.m2/repository/io/jaegertracing/jaeger-thrift/0.33.1/jaeger-thrift-0.33.1.jar:/home/user/.m2/repository/org/apache/thrift/libthrift/0.11.0/libthrift-0.11.0.jar:/home/user/.m2/repository/com/squareup/okhttp3/okhttp/3.9.0/okhttp-3.9.0.jar:/home/user/.m2/repository/com/squareup/okio/okio/1.13.0/okio-1.13.0.jar:/home/user/.m2/repository/io/jaegertracing/jaeger-core/0.33.1/jaeger-core-0.33.1.jar:/home/user/.m2/repository/io/jaegertracing/jaeger-tracerresolver/0.33.1/jaeger-tracerresolver-0.33.1.jar:/home/user/.m2/repository/io/opentracing/contrib/opentracing-tracerresolver/0.1.5/opentracing-tracerresolver-0.1.5.jar:/home/user/.m2/repository/io/opentracing/opentracing-util/0.31.0/opentracing-util-0.31.0.jar:/home/user/.m2/repository/io/opentracing/opentracing-api/0.31.0/opentracing-api-0.31.0.jar:/home/user/.m2/repository/io/opentracing/opentracing-noop/0.31.0/opentracing-noop-0.31.0.jar:/home/user/.m2/repository/org/apache/hadoop/hadoop-hdds-server-framework/0.5.0-SNAPSHOT/hadoop-hdds-server-framework-0.5.0-SNAPSHOT.jar:/home/user/.m2/repository/org/apache/hadoop/hadoop-hdds-container-service/0.5.0-SNAPSHOT/hadoop-hdds-container-service-0.5.0-SNAPSHOT.jar:/home/user/.m2/repository/org/apache/hadoop/hadoop-hdds-client/0.5.0-SNAPSHOT/hadoop-hdds-client-0.5.0-SNAPSHOT.jar:/home/user/.m2/repository/org/apache/hadoop/hadoop-hdds-tools/0.5.0-SNAPSHOT/hadoop-hdds-tools-0.5.0-SNAPSHOT.jar:/home/user/.m2/repository/org/apache/hadoop/hadoop-hdds-server-scm/0.5.0-SNAPSHOT/hadoop-hdds-server-scm-0.5.0-SNAPSHOT.jar:/home/user/.m2/repository/org/apache/hadoop/hadoop-hdds-docs/0.5.0-SNAPSHOT/hadoop-hdds-docs-0.5.0-SNAPSHOT.jar:/home/user/.m2/repository/io/dropwizard/metrics/metrics-core/3.2.4/metrics-core-3.2.4.jar:/home/user/.m2/repository/org/hamcrest/hamcrest-all/1.3/hamcrest-all-1.3.jar:/home/user/.m2/repository/org/bouncycastle/bcprov-jdk15on/1.60/bcprov-jdk15on-1.60.jar:/home/user/.m2/repository/info/picocli/picocli/3.9.6/picocli-3.9.6.jar:/home/user/.m2/repository/com/google/protobuf/protobuf-java/2.5.0/protobuf-java-2.5.0.jar:/home/user/.m2/repository/com/google/guava/guava/11.0.2/guava-11.0.2.jar:/home/user/.m2/repository/org/apache/hadoop/hadoop-ozone-ozone-manager/0.5.0-SNAPSHOT/hadoop-ozone-ozone-manager-0.5.0-SNAPSHOT.jar:/home/user/.m2/repository/org/apache/hadoop/hadoop-minikdc/3.2.0/hadoop-minikdc-3.2.0.jar:/home/user/.m2/repository/commons-io/commons-io/2.5/commons-io-2.5.jar:/home/user/.m2/repository/org/apache/kerby/kerb-simplekdc/1.0.1/kerb-simplekdc-1.0.1.jar:/home/user/.m2/repository/org/apache/kerby/kerb-client/1.0.1/kerb-client-1.0.1.jar:/home/user/.m2/repository/org/apache/kerby/kerby-config/1.0.1/kerby-config-1.0.1.jar:/home/user/.m2/repository/org/apache/kerby/kerb-core/1.0.1/kerb-core-1.0.1.jar:/home/user/.m2/repository/org/apache/kerby/kerby-pkix/1.0.1/kerby-pkix-1.0.1.jar:/home/user/.m2/repository/org/apache/kerby/kerby-asn1/1.0.1/kerby-asn1-1.0.1.jar:/home/user/.m2/repository/org/apache/kerby/kerby-util/1.0.1/kerby-util-1.0.1.jar:/home/user/.m2/repository/org/apache/kerby/kerb-common/1.0.1/kerb-common-1.0.1.jar:/home/user/.m2/repository/org/apache/kerby/kerb-crypto/1.0.1/kerb-crypto-1.0.1.jar:/home/user/.m2/repository/org/apache/kerby/kerb-util/1.0.1/kerb-util-1.0.1.jar:/home/user/.m2/repository/org/apache/kerby/token-provider/1.0.1/token-provider-1.0.1.jar:/home/user/.m2/repository/org/apache/kerby/kerb-admin/1.0.1/kerb-admin-1.0.1.jar:/home/user/.m2/repository/org/apache/kerby/kerb-server/1.0.1/kerb-server-1.0.1.jar:/home/user/.m2/repository/org/apache/kerby/kerb-identity/1.0.1/kerb-identity-1.0.1.jar:/home/user/.m2/repository/org/apache/kerby/kerby-xdr/1.0.1/kerby-xdr-1.0.1.jar:/home/user/.m2/repository/org/slf4j/slf4j-log4j12/1.7.25/slf4j-log4j12-1.7.25.jar:/home/user/.m2/repository/org/apache/hadoop/hadoop-ozone-objectstore-service/0.5.0-SNAPSHOT/hadoop-ozone-objectstore-service-0.5.0-SNAPSHOT.jar:/home/user/.m2/repository/org/apache/hadoop/hadoop-ozone-s3gateway/0.5.0-SNAPSHOT/hadoop-ozone-s3gateway-0.5.0-SNAPSHOT.jar:/home/user/.m2/repository/org/jboss/weld/servlet/weld-servlet/2.4.7.Final/weld-servlet-2.4.7.Final.jar:/home/user/.m2/repository/org/glassfish/jersey/containers/jersey-container-servlet-core/2.27/jersey-container-servlet-core-2.27.jar:/home/user/.m2/repository/org/glassfish/hk2/external/javax.inject/2.5.0-b42/javax.inject-2.5.0-b42.jar:/home/user/.m2/repository/org/glassfish/jersey/core/jersey-common/2.27/jersey-common-2.27.jar:/home/user/.m2/repository/org/glassfish/hk2/osgi-resource-locator/1.0.1/osgi-resource-locator-1.0.1.jar:/home/user/.m2/repository/javax/ws/rs/javax.ws.rs-api/2.1/javax.ws.rs-api-2.1.jar:/home/user/.m2/repository/org/glassfish/jersey/ext/cdi/jersey-cdi1x/2.27/jersey-cdi1x-2.27.jar:/home/user/.m2/repository/org/glassfish/jersey/inject/jersey-hk2/2.27/jersey-hk2-2.27.jar:/home/user/.m2/repository/org/glassfish/hk2/hk2-locator/2.5.0-b42/hk2-locator-2.5.0-b42.jar:/home/user/.m2/repository/org/javassist/javassist/3.22.0-CR2/javassist-3.22.0-CR2.jar:/home/user/.m2/repository/org/glassfish/hk2/hk2-api/2.5.0/hk2-api-2.5.0.jar:/home/user/.m2/repository/org/glassfish/hk2/external/jakarta.inject/2.5.0/jakarta.inject-2.5.0.jar:/home/user/.m2/repository/org/glassfish/hk2/hk2-utils/2.5.0/hk2-utils-2.5.0.jar:/home/user/.m2/repository/jakarta/annotation/jakarta.annotation-api/1.3.4/jakarta.annotation-api-1.3.4.jar:/home/user/.m2/repository/org/glassfish/hk2/external/aopalliance-repackaged/2.5.0/aopalliance-repackaged-2.5.0.jar:/home/user/.m2/repository/com/fasterxml/jackson/dataformat/jackson-dataformat-xml/2.9.0/jackson-dataformat-xml-2.9.0.jar:/home/user/.m2/repository/com/fasterxml/jackson/core/jackson-core/2.9.5/jackson-core-2.9.5.jar:/home/user/.m2/repository/com/fasterxml/jackson/module/jackson-module-jaxb-annotations/2.9.5/jackson-module-jaxb-annotations-2.9.5.jar:/home/user/.m2/repository/javax/enterprise/cdi-api/1.2/cdi-api-1.2.jar:/home/user/.m2/repository/javax/el/javax.el-api/3.0.0/javax.el-api-3.0.0.jar:/home/user/.m2/repository/javax/interceptor/javax.interceptor-api/1.2/javax.interceptor-api-1.2.jar:/home/user/.m2/repository/javax/inject/javax.inject/1/javax.inject-1.jar:/home/user/.m2/repository/com/sun/xml/bind/jaxb-impl/2.3.0.1/jaxb-impl-2.3.0.1.jar:/home/user/.m2/repository/com/sun/xml/bind/jaxb-core/2.3.0.1/jaxb-core-2.3.0.1.jar:/home/user/.m2/repository/javax/xml/bind/jaxb-api/2.3.0/jaxb-api-2.3.0.jar:/home/user/.m2/repository/javax/activation/activation/1.1.1/activation-1.1.1.jar:/home/user/.m2/repository/org/apache/hadoop/hadoop-ozone-csi/0.5.0-SNAPSHOT/hadoop-ozone-csi-0.5.0-SNAPSHOT.jar:/home/user/.m2/repository/com/google/protobuf/protobuf-java-util/3.5.1/protobuf-java-util-3.5.1.jar:/home/user/.m2/repository/org/apache/hadoop/hadoop-hdds-config/0.5.0-SNAPSHOT/hadoop-hdds-config-0.5.0-SNAPSHOT.jar:/home/user/.m2/repository/io/grpc/grpc-netty/1.17.1/grpc-netty-1.17.1.jar:/home/user/.m2/repository/io/grpc/grpc-core/1.17.1/grpc-core-1.17.1.jar:/home/user/.m2/repository/io/grpc/grpc-context/1.17.1/grpc-context-1.17.1.jar:/home/user/.m2/repository/com/google/errorprone/error_prone_annotations/2.2.0/error_prone_annotations-2.2.0.jar:/home/user/.m2/repository/org/codehaus/mojo/animal-sniffer-annotations/1.17/animal-sniffer-annotations-1.17.jar:/home/user/.m2/repository/io/opencensus/opencensus-api/0.17.0/opencensus-api-0.17.0.jar:/home/user/.m2/repository/io/opencensus/opencensus-contrib-grpc-metrics/0.17.0/opencensus-contrib-grpc-metrics-0.17.0.jar:/home/user/.m2/repository/io/netty/netty-codec-http2/4.1.30.Final/netty-codec-http2-4.1.30.Final.jar:/home/user/.m2/repository/io/netty/netty-codec-http/4.1.30.Final/netty-codec-http-4.1.30.Final.jar:/home/user/.m2/repository/io/netty/netty-codec/4.1.30.Final/netty-codec-4.1.30.Final.jar:/home/user/.m2/repository/io/netty/netty-handler/4.1.30.Final/netty-handler-4.1.30.Final.jar:/home/user/.m2/repository/io/netty/netty-handler-proxy/4.1.30.Final/netty-handler-proxy-4.1.30.Final.jar:/home/user/.m2/repository/io/netty/netty-codec-socks/4.1.30.Final/netty-codec-socks-4.1.30.Final.jar:/home/user/.m2/repository/io/netty/netty-transport-native-epoll/4.1.30.Final/netty-transport-native-epoll-4.1.30.Final.jar:/home/user/.m2/repository/io/netty/netty-common/4.1.30.Final/netty-common-4.1.30.Final.jar:/home/user/.m2/repository/io/netty/netty-buffer/4.1.30.Final/netty-buffer-4.1.30.Final.jar:/home/user/.m2/repository/io/netty/netty-transport/4.1.30.Final/netty-transport-4.1.30.Final.jar:/home/user/.m2/repository/io/netty/netty-resolver/4.1.30.Final/netty-resolver-4.1.30.Final.jar:/home/user/.m2/repository/io/netty/netty-transport-native-unix-common/4.1.30.Final/netty-transport-native-unix-common-4.1.30.Final.jar:/home/user/.m2/repository/io/grpc/grpc-protobuf/1.17.1/grpc-protobuf-1.17.1.jar:/home/user/.m2/repository/com/google/api/grpc/proto-google-common-protos/1.0.0/proto-google-common-protos-1.0.0.jar:/home/user/.m2/repository/io/grpc/grpc-protobuf-lite/1.17.1/grpc-protobuf-lite-1.17.1.jar:/home/user/.m2/repository/io/grpc/grpc-stub/1.17.1/grpc-stub-1.17.1.jar:/home/user/.m2/repository/org/apache/hadoop/hadoop-ozone-recon/0.5.0-SNAPSHOT/hadoop-ozone-recon-0.5.0-SNAPSHOT.jar:/home/user/.m2/repository/org/apache/hadoop/hadoop-ozone-reconcodegen/0.5.0-SNAPSHOT/hadoop-ozone-reconcodegen-0.5.0-SNAPSHOT.jar:/home/user/.m2/repository/com/google/inject/extensions/guice-multibindings/4.0/guice-multibindings-4.0.jar:/home/user/.m2/repository/com/google/inject/guice/4.0/guice-4.0.jar:/home/user/.m2/repository/aopalliance/aopalliance/1.0/aopalliance-1.0.jar:/home/user/.m2/repository/com/google/inject/extensions/guice-servlet/4.0/guice-servlet-4.0.jar:/home/user/.m2/repository/org/glassfish/jersey/containers/jersey-container-servlet/2.27/jersey-container-servlet-2.27.jar:/home/user/.m2/repository/org/glassfish/hk2/guice-bridge/2.5.0/guice-bridge-2.5.0.jar:/home/user/.m2/repository/org/glassfish/jersey/core/jersey-server/2.27/jersey-server-2.27.jar:/home/user/.m2/repository/org/glassfish/jersey/core/jersey-client/2.27/jersey-client-2.27.jar:/home/user/.m2/repository/org/glassfish/jersey/media/jersey-media-jaxb/2.27/jersey-media-jaxb-2.27.jar:/home/user/.m2/repository/javax/validation/validation-api/1.1.0.Final/validation-api-1.1.0.Final.jar:/home/user/.m2/repository/org/glassfish/jersey/media/jersey-media-json-jackson/2.27/jersey-media-json-jackson-2.27.jar:/home/user/.m2/repository/org/glassfish/jersey/ext/jersey-entity-filtering/2.27/jersey-entity-filtering-2.27.jar:/home/user/.m2/repository/com/google/inject/extensions/guice-assistedinject/4.0/guice-assistedinject-4.0.jar:/home/user/.m2/repository/org/jooq/jooq/3.11.10/jooq-3.11.10.jar:/home/user/.m2/repository/org/jooq/jooq-meta/3.11.10/jooq-meta-3.11.10.jar:/home/user/.m2/repository/org/jooq/jooq-codegen/3.11.10/jooq-codegen-3.11.10.jar:/home/user/.m2/repository/com/jolbox/bonecp/0.8.0.RELEASE/bonecp-0.8.0.RELEASE.jar:/home/user/.m2/repository/org/xerial/sqlite-jdbc/3.25.2/sqlite-jdbc-3.25.2.jar:/home/user/.m2/repository/org/springframework/spring-jdbc/5.1.3.RELEASE/spring-jdbc-5.1.3.RELEASE.jar:/home/user/.m2/repository/org/springframework/spring-beans/5.1.3.RELEASE/spring-beans-5.1.3.RELEASE.jar:/home/user/.m2/repository/org/springframework/spring-core/5.1.3.RELEASE/spring-core-5.1.3.RELEASE.jar:/home/user/.m2/repository/org/springframework/spring-jcl/5.1.3.RELEASE/spring-jcl-5.1.3.RELEASE.jar:/home/user/.m2/repository/org/springframework/spring-tx/5.1.3.RELEASE/spring-tx-5.1.3.RELEASE.jar:/home/user/.m2/repository/org/apache/hadoop/hadoop-ozone-client/0.5.0-SNAPSHOT/hadoop-ozone-client-0.5.0-SNAPSHOT.jar:/home/user/.m2/repository/commons-lang/commons-lang/2.6/commons-lang-2.6.jar:/home/user/.m2/repository/org/apache/hadoop/hadoop-ozone-ozone-manager/0.5.0-SNAPSHOT/hadoop-ozone-ozone-manager-0.5.0-SNAPSHOT-tests.jar:/home/user/.m2/repository/junit/junit/4.11/junit-4.11.jar:/home/user/.m2/repository/org/hamcrest/hamcrest-core/1.3/hamcrest-core-1.3.jar:/home/user/.m2/repository/org/openjdk/jmh/jmh-core/1.19/jmh-core-1.19.jar:/home/user/.m2/repository/net/sf/jopt-simple/jopt-simple/4.6/jopt-simple-4.6.jar:/home/user/.m2/repository/org/apache/commons/commons-math3/3.1.1/commons-math3-3.1.1.jar:/home/user/.m2/repository/org/openjdk/jmh/jmh-generator-annprocess/1.19/jmh-generator-annprocess-1.19.jar:/home/user/.m2/repository/org/mockito/mockito-all/1.8.5/mockito-all-1.8.5.jar:/home/user/.m2/repository/org/apache/hadoop/hadoop-kms/3.2.0/hadoop-kms-3.2.0.jar:/home/user/.m2/repository/org/apache/hadoop/hadoop-auth/3.2.0/hadoop-auth-3.2.0.jar:/home/user/.m2/repository/com/nimbusds/nimbus-jose-jwt/4.41.1/nimbus-jose-jwt-4.41.1.jar:/home/user/.m2/repository/com/github/stephenc/jcip/jcip-annotations/1.0-1/jcip-annotations-1.0-1.jar:/home/user/.m2/repository/net/minidev/json-smart/2.3/json-smart-2.3.jar:/home/user/.m2/repository/net/minidev/accessors-smart/1.2/accessors-smart-1.2.jar:/home/user/.m2/repository/org/ow2/asm/asm/5.0.4/asm-5.0.4.jar:/home/user/.m2/repository/org/apache/curator/curator-framework/2.12.0/curator-framework-2.12.0.jar:/home/user/.m2/repository/com/sun/jersey/jersey-core/1.19/jersey-core-1.19.jar:/home/user/.m2/repository/javax/ws/rs/jsr311-api/1.1.1/jsr311-api-1.1.1.jar:/home/user/.m2/repository/com/sun/jersey/jersey-server/1.19/jersey-server-1.19.jar:/home/user/.m2/repository/javax/servlet/javax.servlet-api/3.1.0/javax.servlet-api-3.1.0.jar:/home/user/.m2/repository/org/eclipse/jetty/jetty-server/9.3.24.v20180605/jetty-server-9.3.24.v20180605.jar:/home/user/.m2/repository/org/eclipse/jetty/jetty-http/9.3.24.v20180605/jetty-http-9.3.24.v20180605.jar:/home/user/.m2/repository/org/eclipse/jetty/jetty-io/9.3.24.v20180605/jetty-io-9.3.24.v20180605.jar:/home/user/.m2/repository/org/eclipse/jetty/jetty-webapp/9.3.24.v20180605/jetty-webapp-9.3.24.v20180605.jar:/home/user/.m2/repository/org/eclipse/jetty/jetty-xml/9.3.24.v20180605/jetty-xml-9.3.24.v20180605.jar:/home/user/.m2/repository/log4j/log4j/1.2.17/log4j-1.2.17.jar:/home/user/.m2/repository/org/slf4j/slf4j-api/1.7.25/slf4j-api-1.7.25.jar:/home/user/.m2/repository/org/slf4j/jul-to-slf4j/1.7.25/jul-to-slf4j-1.7.25.jar:/home/user/.m2/repository/org/eclipse/jetty/jetty-util/9.3.24.v20180605/jetty-util-9.3.24.v20180605.jar:/home/user/.m2/repository/com/fasterxml/jackson/core/jackson-databind/2.9.5/jackson-databind-2.9.5.jar:/home/user/.m2/repository/org/apache/hadoop/hadoop-kms/3.2.0/hadoop-kms-3.2.0-tests.jar:/home/user/.m2/repository/org/apache/hadoop/hadoop-hdds-server-scm/0.5.0-SNAPSHOT/hadoop-hdds-server-scm-0.5.0-SNAPSHOT-tests.jar:/home/user/.m2/repository/org/apache/hadoop/hadoop-hdds-container-service/0.5.0-SNAPSHOT/hadoop-hdds-container-service-0.5.0-SNAPSHOT-tests.jar:/home/user/.m2/repository/org/yaml/snakeyaml/1.16/snakeyaml-1.16.jar:/home/user/.m2/repository/org/apache/hadoop/hadoop-common/3.2.0/hadoop-common-3.2.0-tests.jar:/home/user/.m2/repository/org/apache/hadoop/hadoop-annotations/3.2.0/hadoop-annotations-3.2.0.jar:/usr/lib/jvm/java-1.8-openjdk/jre/../lib/tools.jar:/home/user/.m2/repository/commons-cli/commons-cli/1.2/commons-cli-1.2.jar:/home/user/.m2/repository/org/apache/httpcomponents/httpclient/4.5.2/httpclient-4.5.2.jar:/home/user/.m2/repository/org/apache/httpcomponents/httpcore/4.4.4/httpcore-4.4.4.jar:/home/user/.m2/repository/commons-codec/commons-codec/1.11/commons-codec-1.11.jar:/home/user/.m2/repository/commons-net/commons-net/3.6/commons-net-3.6.jar:/home/user/.m2/repository/commons-collections/commons-collections/3.2.2/commons-collections-3.2.2.jar:/home/user/.m2/repository/org/eclipse/jetty/jetty-servlet/9.3.24.v20180605/jetty-servlet-9.3.24.v20180605.jar:/home/user/.m2/repository/org/eclipse/jetty/jetty-security/9.3.24.v20180605/jetty-security-9.3.24.v20180605.jar:/home/user/.m2/repository/javax/servlet/jsp/jsp-api/2.1/jsp-api-2.1.jar:/home/user/.m2/repository/com/sun/jersey/jersey-servlet/1.19/jersey-servlet-1.19.jar:/home/user/.m2/repository/com/sun/jersey/jersey-json/1.19/jersey-json-1.19.jar:/home/user/.m2/repository/org/codehaus/jettison/jettison/1.1/jettison-1.1.jar:/home/user/.m2/repository/org/codehaus/jackson/jackson-core-asl/1.9.13/jackson-core-asl-1.9.13.jar:/home/user/.m2/repository/org/codehaus/jackson/jackson-mapper-asl/1.9.13/jackson-mapper-asl-1.9.13.jar:/home/user/.m2/repository/org/codehaus/jackson/jackson-jaxrs/1.9.13/jackson-jaxrs-1.9.13.jar:/home/user/.m2/repository/org/codehaus/jackson/jackson-xc/1.9.13/jackson-xc-1.9.13.jar:/home/user/.m2/repository/commons-logging/commons-logging/1.1.3/commons-logging-1.1.3.jar:/home/user/.m2/repository/commons-beanutils/commons-beanutils/1.9.3/commons-beanutils-1.9.3.jar:/home/user/.m2/repository/org/apache/commons/commons-configuration2/2.1.1/commons-configuration2-2.1.1.jar:/home/user/.m2/repository/org/apache/commons/commons-lang3/3.7/commons-lang3-3.7.jar:/home/user/.m2/repository/org/apache/commons/commons-text/1.4/commons-text-1.4.jar:/home/user/.m2/repository/org/apache/avro/avro/1.7.7/avro-1.7.7.jar:/home/user/.m2/repository/com/thoughtworks/paranamer/paranamer/2.3/paranamer-2.3.jar:/home/user/.m2/repository/org/xerial/snappy/snappy-java/1.0.5/snappy-java-1.0.5.jar:/home/user/.m2/repository/com/google/re2j/re2j/1.1/re2j-1.1.jar:/home/user/.m2/repository/com/google/code/gson/gson/2.2.4/gson-2.2.4.jar:/home/user/.m2/repository/com/jcraft/jsch/0.1.54/jsch-0.1.54.jar:/home/user/.m2/repository/org/apache/curator/curator-client/2.12.0/curator-client-2.12.0.jar:/home/user/.m2/repository/org/apache/curator/curator-recipes/2.12.0/curator-recipes-2.12.0.jar:/home/user/.m2/repository/com/google/code/findbugs/jsr305/3.0.0/jsr305-3.0.0.jar:/home/user/.m2/repository/org/apache/htrace/htrace-core4/4.1.0-incubating/htrace-core4-4.1.0-incubating.jar:/home/user/.m2/repository/org/apache/zookeeper/zookeeper/3.4.13/zookeeper-3.4.13.jar:/home/user/.m2/repository/org/apache/yetus/audience-annotations/0.5.0/audience-annotations-0.5.0.jar:/home/user/.m2/repository/org/codehaus/woodstox/stax2-api/3.1.4/stax2-api-3.1.4.jar:/home/user/.m2/repository/com/fasterxml/woodstox/woodstox-core/5.0.3/woodstox-core-5.0.3.jar:/home/user/.m2/repository/dnsjava/dnsjava/2.1.7/dnsjava-2.1.7.jar:/home/user/.m2/repository/org/apache/hadoop/hadoop-hdfs/3.2.0/hadoop-hdfs-3.2.0-tests.jar:/home/user/.m2/repository/org/eclipse/jetty/jetty-util-ajax/9.3.24.v20180605/jetty-util-ajax-9.3.24.v20180605.jar:/home/user/.m2/repository/commons-daemon/commons-daemon/1.0.13/commons-daemon-1.0.13.jar:/home/user/.m2/repository/io/netty/netty/3.10.5.Final/netty-3.10.5.Final.jar:/home/user/.m2/repository/io/netty/netty-all/4.0.52.Final/netty-all-4.0.52.Final.jar:/home/user/.m2/repository/org/fusesource/leveldbjni/leveldbjni-all/1.8/leveldbjni-all-1.8.jar:"/>
    <property name="java.vm.vendor" value="IcedTea"/>
    <property name="sun.arch.data.model" value="64"/>
    <property name="test.build.dir" value="/tmp/workdir/hadoop-ozone/integration-test/target/test-dir"/>
    <property name="test.cache.data" value=""/>
    <property name="java.vendor.url" value="https://icedtea.classpath.org"/>
    <property name="user.timezone" value=""/>
    <property name="java.vm.specification.version" value="1.8"/>
    <property name="os.name" value="Linux"/>
    <property name="test.build.data" value="/tmp/workdir/hadoop-ozone/integration-test/target/test-dir"/>
    <property name="user.country" value="US"/>
    <property name="sun.java.launcher" value="SUN_STANDARD"/>
    <property name="sun.boot.library.path" value="/usr/lib/jvm/java-1.8-openjdk/jre/lib/amd64"/>
    <property name="sun.java.command" value="/tmp/workdir/hadoop-ozone/integration-test/target/surefire/surefirebooter2658926231605084870.jar /tmp/workdir/hadoop-ozone/integration-test/target/surefire 2019-07-14T06-10-53_874-jvmRun1 surefire7351566890901307626tmp surefire_405929170447428456023tmp"/>
    <property name="surefire.test.class.path" value="/tmp/workdir/hadoop-ozone/integration-test/target/test-classes:/tmp/workdir/hadoop-ozone/integration-test/target/classes:/home/user/.m2/repository/org/apache/hadoop/hadoop-ozone-common/0.5.0-SNAPSHOT/hadoop-ozone-common-0.5.0-SNAPSHOT.jar:/home/user/.m2/repository/org/apache/commons/commons-compress/1.4.1/commons-compress-1.4.1.jar:/home/user/.m2/repository/org/tukaani/xz/1.0/xz-1.0.jar:/home/user/.m2/repository/org/apache/hadoop/hadoop-common/3.2.0/hadoop-common-3.2.0.jar:/home/user/.m2/repository/org/apache/hadoop/hadoop-hdfs/3.2.0/hadoop-hdfs-3.2.0.jar:/home/user/.m2/repository/org/apache/hadoop/hadoop-hdfs-client/3.2.0/hadoop-hdfs-client-3.2.0.jar:/home/user/.m2/repository/com/fasterxml/jackson/core/jackson-annotations/2.9.5/jackson-annotations-2.9.5.jar:/home/user/.m2/repository/org/apache/hadoop/hadoop-hdds-common/0.5.0-SNAPSHOT/hadoop-hdds-common-0.5.0-SNAPSHOT.jar:/home/user/.m2/repository/javax/annotation/javax.annotation-api/1.2/javax.annotation-api-1.2.jar:/home/user/.m2/repository/org/apache/ratis/ratis-server/0.4.0-2337318-SNAPSHOT/ratis-server-0.4.0-2337318-SNAPSHOT.jar:/home/user/.m2/repository/org/apache/ratis/ratis-thirdparty-misc/0.2.0/ratis-thirdparty-misc-0.2.0.jar:/home/user/.m2/repository/org/apache/ratis/ratis-proto/0.4.0-2337318-SNAPSHOT/ratis-proto-0.4.0-2337318-SNAPSHOT.jar:/home/user/.m2/repository/org/apache/ratis/ratis-common/0.4.0-2337318-SNAPSHOT/ratis-common-0.4.0-2337318-SNAPSHOT.jar:/home/user/.m2/repository/org/apache/ratis/ratis-client/0.4.0-2337318-SNAPSHOT/ratis-client-0.4.0-2337318-SNAPSHOT.jar:/home/user/.m2/repository/org/apache/ratis/ratis-metrics/0.4.0-2337318-SNAPSHOT/ratis-metrics-0.4.0-2337318-SNAPSHOT.jar:/home/user/.m2/repository/org/apache/ratis/ratis-netty/0.4.0-2337318-SNAPSHOT/ratis-netty-0.4.0-2337318-SNAPSHOT.jar:/home/user/.m2/repository/org/apache/ratis/ratis-grpc/0.4.0-2337318-SNAPSHOT/ratis-grpc-0.4.0-2337318-SNAPSHOT.jar:/home/user/.m2/repository/org/rocksdb/rocksdbjni/6.0.1/rocksdbjni-6.0.1.jar:/home/user/.m2/repository/org/apache/logging/log4j/log4j-api/2.11.0/log4j-api-2.11.0.jar:/home/user/.m2/repository/org/apache/logging/log4j/log4j-core/2.11.0/log4j-core-2.11.0.jar:/home/user/.m2/repository/com/lmax/disruptor/3.4.2/disruptor-3.4.2.jar:/home/user/.m2/repository/org/apache/commons/commons-pool2/2.6.0/commons-pool2-2.6.0.jar:/home/user/.m2/repository/org/bouncycastle/bcpkix-jdk15on/1.60/bcpkix-jdk15on-1.60.jar:/home/user/.m2/repository/commons-validator/commons-validator/1.6/commons-validator-1.6.jar:/home/user/.m2/repository/commons-digester/commons-digester/1.8.1/commons-digester-1.8.1.jar:/home/user/.m2/repository/io/jaegertracing/jaeger-client/0.33.1/jaeger-client-0.33.1.jar:/home/user/.m2/repository/io/jaegertracing/jaeger-thrift/0.33.1/jaeger-thrift-0.33.1.jar:/home/user/.m2/repository/org/apache/thrift/libthrift/0.11.0/libthrift-0.11.0.jar:/home/user/.m2/repository/com/squareup/okhttp3/okhttp/3.9.0/okhttp-3.9.0.jar:/home/user/.m2/repository/com/squareup/okio/okio/1.13.0/okio-1.13.0.jar:/home/user/.m2/repository/io/jaegertracing/jaeger-core/0.33.1/jaeger-core-0.33.1.jar:/home/user/.m2/repository/io/jaegertracing/jaeger-tracerresolver/0.33.1/jaeger-tracerresolver-0.33.1.jar:/home/user/.m2/repository/io/opentracing/contrib/opentracing-tracerresolver/0.1.5/opentracing-tracerresolver-0.1.5.jar:/home/user/.m2/repository/io/opentracing/opentracing-util/0.31.0/opentracing-util-0.31.0.jar:/home/user/.m2/repository/io/opentracing/opentracing-api/0.31.0/opentracing-api-0.31.0.jar:/home/user/.m2/repository/io/opentracing/opentracing-noop/0.31.0/opentracing-noop-0.31.0.jar:/home/user/.m2/repository/org/apache/hadoop/hadoop-hdds-server-framework/0.5.0-SNAPSHOT/hadoop-hdds-server-framework-0.5.0-SNAPSHOT.jar:/home/user/.m2/repository/org/apache/hadoop/hadoop-hdds-container-service/0.5.0-SNAPSHOT/hadoop-hdds-container-service-0.5.0-SNAPSHOT.jar:/home/user/.m2/repository/org/apache/hadoop/hadoop-hdds-client/0.5.0-SNAPSHOT/hadoop-hdds-client-0.5.0-SNAPSHOT.jar:/home/user/.m2/repository/org/apache/hadoop/hadoop-hdds-tools/0.5.0-SNAPSHOT/hadoop-hdds-tools-0.5.0-SNAPSHOT.jar:/home/user/.m2/repository/org/apache/hadoop/hadoop-hdds-server-scm/0.5.0-SNAPSHOT/hadoop-hdds-server-scm-0.5.0-SNAPSHOT.jar:/home/user/.m2/repository/org/apache/hadoop/hadoop-hdds-docs/0.5.0-SNAPSHOT/hadoop-hdds-docs-0.5.0-SNAPSHOT.jar:/home/user/.m2/repository/io/dropwizard/metrics/metrics-core/3.2.4/metrics-core-3.2.4.jar:/home/user/.m2/repository/org/hamcrest/hamcrest-all/1.3/hamcrest-all-1.3.jar:/home/user/.m2/repository/org/bouncycastle/bcprov-jdk15on/1.60/bcprov-jdk15on-1.60.jar:/home/user/.m2/repository/info/picocli/picocli/3.9.6/picocli-3.9.6.jar:/home/user/.m2/repository/com/google/protobuf/protobuf-java/2.5.0/protobuf-java-2.5.0.jar:/home/user/.m2/repository/com/google/guava/guava/11.0.2/guava-11.0.2.jar:/home/user/.m2/repository/org/apache/hadoop/hadoop-ozone-ozone-manager/0.5.0-SNAPSHOT/hadoop-ozone-ozone-manager-0.5.0-SNAPSHOT.jar:/home/user/.m2/repository/org/apache/hadoop/hadoop-minikdc/3.2.0/hadoop-minikdc-3.2.0.jar:/home/user/.m2/repository/commons-io/commons-io/2.5/commons-io-2.5.jar:/home/user/.m2/repository/org/apache/kerby/kerb-simplekdc/1.0.1/kerb-simplekdc-1.0.1.jar:/home/user/.m2/repository/org/apache/kerby/kerb-client/1.0.1/kerb-client-1.0.1.jar:/home/user/.m2/repository/org/apache/kerby/kerby-config/1.0.1/kerby-config-1.0.1.jar:/home/user/.m2/repository/org/apache/kerby/kerb-core/1.0.1/kerb-core-1.0.1.jar:/home/user/.m2/repository/org/apache/kerby/kerby-pkix/1.0.1/kerby-pkix-1.0.1.jar:/home/user/.m2/repository/org/apache/kerby/kerby-asn1/1.0.1/kerby-asn1-1.0.1.jar:/home/user/.m2/repository/org/apache/kerby/kerby-util/1.0.1/kerby-util-1.0.1.jar:/home/user/.m2/repository/org/apache/kerby/kerb-common/1.0.1/kerb-common-1.0.1.jar:/home/user/.m2/repository/org/apache/kerby/kerb-crypto/1.0.1/kerb-crypto-1.0.1.jar:/home/user/.m2/repository/org/apache/kerby/kerb-util/1.0.1/kerb-util-1.0.1.jar:/home/user/.m2/repository/org/apache/kerby/token-provider/1.0.1/token-provider-1.0.1.jar:/home/user/.m2/repository/org/apache/kerby/kerb-admin/1.0.1/kerb-admin-1.0.1.jar:/home/user/.m2/repository/org/apache/kerby/kerb-server/1.0.1/kerb-server-1.0.1.jar:/home/user/.m2/repository/org/apache/kerby/kerb-identity/1.0.1/kerb-identity-1.0.1.jar:/home/user/.m2/repository/org/apache/kerby/kerby-xdr/1.0.1/kerby-xdr-1.0.1.jar:/home/user/.m2/repository/org/slf4j/slf4j-log4j12/1.7.25/slf4j-log4j12-1.7.25.jar:/home/user/.m2/repository/org/apache/hadoop/hadoop-ozone-objectstore-service/0.5.0-SNAPSHOT/hadoop-ozone-objectstore-service-0.5.0-SNAPSHOT.jar:/home/user/.m2/repository/org/apache/hadoop/hadoop-ozone-s3gateway/0.5.0-SNAPSHOT/hadoop-ozone-s3gateway-0.5.0-SNAPSHOT.jar:/home/user/.m2/repository/org/jboss/weld/servlet/weld-servlet/2.4.7.Final/weld-servlet-2.4.7.Final.jar:/home/user/.m2/repository/org/glassfish/jersey/containers/jersey-container-servlet-core/2.27/jersey-container-servlet-core-2.27.jar:/home/user/.m2/repository/org/glassfish/hk2/external/javax.inject/2.5.0-b42/javax.inject-2.5.0-b42.jar:/home/user/.m2/repository/org/glassfish/jersey/core/jersey-common/2.27/jersey-common-2.27.jar:/home/user/.m2/repository/org/glassfish/hk2/osgi-resource-locator/1.0.1/osgi-resource-locator-1.0.1.jar:/home/user/.m2/repository/javax/ws/rs/javax.ws.rs-api/2.1/javax.ws.rs-api-2.1.jar:/home/user/.m2/repository/org/glassfish/jersey/ext/cdi/jersey-cdi1x/2.27/jersey-cdi1x-2.27.jar:/home/user/.m2/repository/org/glassfish/jersey/inject/jersey-hk2/2.27/jersey-hk2-2.27.jar:/home/user/.m2/repository/org/glassfish/hk2/hk2-locator/2.5.0-b42/hk2-locator-2.5.0-b42.jar:/home/user/.m2/repository/org/javassist/javassist/3.22.0-CR2/javassist-3.22.0-CR2.jar:/home/user/.m2/repository/org/glassfish/hk2/hk2-api/2.5.0/hk2-api-2.5.0.jar:/home/user/.m2/repository/org/glassfish/hk2/external/jakarta.inject/2.5.0/jakarta.inject-2.5.0.jar:/home/user/.m2/repository/org/glassfish/hk2/hk2-utils/2.5.0/hk2-utils-2.5.0.jar:/home/user/.m2/repository/jakarta/annotation/jakarta.annotation-api/1.3.4/jakarta.annotation-api-1.3.4.jar:/home/user/.m2/repository/org/glassfish/hk2/external/aopalliance-repackaged/2.5.0/aopalliance-repackaged-2.5.0.jar:/home/user/.m2/repository/com/fasterxml/jackson/dataformat/jackson-dataformat-xml/2.9.0/jackson-dataformat-xml-2.9.0.jar:/home/user/.m2/repository/com/fasterxml/jackson/core/jackson-core/2.9.5/jackson-core-2.9.5.jar:/home/user/.m2/repository/com/fasterxml/jackson/module/jackson-module-jaxb-annotations/2.9.5/jackson-module-jaxb-annotations-2.9.5.jar:/home/user/.m2/repository/javax/enterprise/cdi-api/1.2/cdi-api-1.2.jar:/home/user/.m2/repository/javax/el/javax.el-api/3.0.0/javax.el-api-3.0.0.jar:/home/user/.m2/repository/javax/interceptor/javax.interceptor-api/1.2/javax.interceptor-api-1.2.jar:/home/user/.m2/repository/javax/inject/javax.inject/1/javax.inject-1.jar:/home/user/.m2/repository/com/sun/xml/bind/jaxb-impl/2.3.0.1/jaxb-impl-2.3.0.1.jar:/home/user/.m2/repository/com/sun/xml/bind/jaxb-core/2.3.0.1/jaxb-core-2.3.0.1.jar:/home/user/.m2/repository/javax/xml/bind/jaxb-api/2.3.0/jaxb-api-2.3.0.jar:/home/user/.m2/repository/javax/activation/activation/1.1.1/activation-1.1.1.jar:/home/user/.m2/repository/org/apache/hadoop/hadoop-ozone-csi/0.5.0-SNAPSHOT/hadoop-ozone-csi-0.5.0-SNAPSHOT.jar:/home/user/.m2/repository/com/google/protobuf/protobuf-java-util/3.5.1/protobuf-java-util-3.5.1.jar:/home/user/.m2/repository/org/apache/hadoop/hadoop-hdds-config/0.5.0-SNAPSHOT/hadoop-hdds-config-0.5.0-SNAPSHOT.jar:/home/user/.m2/repository/io/grpc/grpc-netty/1.17.1/grpc-netty-1.17.1.jar:/home/user/.m2/repository/io/grpc/grpc-core/1.17.1/grpc-core-1.17.1.jar:/home/user/.m2/repository/io/grpc/grpc-context/1.17.1/grpc-context-1.17.1.jar:/home/user/.m2/repository/com/google/errorprone/error_prone_annotations/2.2.0/error_prone_annotations-2.2.0.jar:/home/user/.m2/repository/org/codehaus/mojo/animal-sniffer-annotations/1.17/animal-sniffer-annotations-1.17.jar:/home/user/.m2/repository/io/opencensus/opencensus-api/0.17.0/opencensus-api-0.17.0.jar:/home/user/.m2/repository/io/opencensus/opencensus-contrib-grpc-metrics/0.17.0/opencensus-contrib-grpc-metrics-0.17.0.jar:/home/user/.m2/repository/io/netty/netty-codec-http2/4.1.30.Final/netty-codec-http2-4.1.30.Final.jar:/home/user/.m2/repository/io/netty/netty-codec-http/4.1.30.Final/netty-codec-http-4.1.30.Final.jar:/home/user/.m2/repository/io/netty/netty-codec/4.1.30.Final/netty-codec-4.1.30.Final.jar:/home/user/.m2/repository/io/netty/netty-handler/4.1.30.Final/netty-handler-4.1.30.Final.jar:/home/user/.m2/repository/io/netty/netty-handler-proxy/4.1.30.Final/netty-handler-proxy-4.1.30.Final.jar:/home/user/.m2/repository/io/netty/netty-codec-socks/4.1.30.Final/netty-codec-socks-4.1.30.Final.jar:/home/user/.m2/repository/io/netty/netty-transport-native-epoll/4.1.30.Final/netty-transport-native-epoll-4.1.30.Final.jar:/home/user/.m2/repository/io/netty/netty-common/4.1.30.Final/netty-common-4.1.30.Final.jar:/home/user/.m2/repository/io/netty/netty-buffer/4.1.30.Final/netty-buffer-4.1.30.Final.jar:/home/user/.m2/repository/io/netty/netty-transport/4.1.30.Final/netty-transport-4.1.30.Final.jar:/home/user/.m2/repository/io/netty/netty-resolver/4.1.30.Final/netty-resolver-4.1.30.Final.jar:/home/user/.m2/repository/io/netty/netty-transport-native-unix-common/4.1.30.Final/netty-transport-native-unix-common-4.1.30.Final.jar:/home/user/.m2/repository/io/grpc/grpc-protobuf/1.17.1/grpc-protobuf-1.17.1.jar:/home/user/.m2/repository/com/google/api/grpc/proto-google-common-protos/1.0.0/proto-google-common-protos-1.0.0.jar:/home/user/.m2/repository/io/grpc/grpc-protobuf-lite/1.17.1/grpc-protobuf-lite-1.17.1.jar:/home/user/.m2/repository/io/grpc/grpc-stub/1.17.1/grpc-stub-1.17.1.jar:/home/user/.m2/repository/org/apache/hadoop/hadoop-ozone-recon/0.5.0-SNAPSHOT/hadoop-ozone-recon-0.5.0-SNAPSHOT.jar:/home/user/.m2/repository/org/apache/hadoop/hadoop-ozone-reconcodegen/0.5.0-SNAPSHOT/hadoop-ozone-reconcodegen-0.5.0-SNAPSHOT.jar:/home/user/.m2/repository/com/google/inject/extensions/guice-multibindings/4.0/guice-multibindings-4.0.jar:/home/user/.m2/repository/com/google/inject/guice/4.0/guice-4.0.jar:/home/user/.m2/repository/aopalliance/aopalliance/1.0/aopalliance-1.0.jar:/home/user/.m2/repository/com/google/inject/extensions/guice-servlet/4.0/guice-servlet-4.0.jar:/home/user/.m2/repository/org/glassfish/jersey/containers/jersey-container-servlet/2.27/jersey-container-servlet-2.27.jar:/home/user/.m2/repository/org/glassfish/hk2/guice-bridge/2.5.0/guice-bridge-2.5.0.jar:/home/user/.m2/repository/org/glassfish/jersey/core/jersey-server/2.27/jersey-server-2.27.jar:/home/user/.m2/repository/org/glassfish/jersey/core/jersey-client/2.27/jersey-client-2.27.jar:/home/user/.m2/repository/org/glassfish/jersey/media/jersey-media-jaxb/2.27/jersey-media-jaxb-2.27.jar:/home/user/.m2/repository/javax/validation/validation-api/1.1.0.Final/validation-api-1.1.0.Final.jar:/home/user/.m2/repository/org/glassfish/jersey/media/jersey-media-json-jackson/2.27/jersey-media-json-jackson-2.27.jar:/home/user/.m2/repository/org/glassfish/jersey/ext/jersey-entity-filtering/2.27/jersey-entity-filtering-2.27.jar:/home/user/.m2/repository/com/google/inject/extensions/guice-assistedinject/4.0/guice-assistedinject-4.0.jar:/home/user/.m2/repository/org/jooq/jooq/3.11.10/jooq-3.11.10.jar:/home/user/.m2/repository/org/jooq/jooq-meta/3.11.10/jooq-meta-3.11.10.jar:/home/user/.m2/repository/org/jooq/jooq-codegen/3.11.10/jooq-codegen-3.11.10.jar:/home/user/.m2/repository/com/jolbox/bonecp/0.8.0.RELEASE/bonecp-0.8.0.RELEASE.jar:/home/user/.m2/repository/org/xerial/sqlite-jdbc/3.25.2/sqlite-jdbc-3.25.2.jar:/home/user/.m2/repository/org/springframework/spring-jdbc/5.1.3.RELEASE/spring-jdbc-5.1.3.RELEASE.jar:/home/user/.m2/repository/org/springframework/spring-beans/5.1.3.RELEASE/spring-beans-5.1.3.RELEASE.jar:/home/user/.m2/repository/org/springframework/spring-core/5.1.3.RELEASE/spring-core-5.1.3.RELEASE.jar:/home/user/.m2/repository/org/springframework/spring-jcl/5.1.3.RELEASE/spring-jcl-5.1.3.RELEASE.jar:/home/user/.m2/repository/org/springframework/spring-tx/5.1.3.RELEASE/spring-tx-5.1.3.RELEASE.jar:/home/user/.m2/repository/org/apache/hadoop/hadoop-ozone-client/0.5.0-SNAPSHOT/hadoop-ozone-client-0.5.0-SNAPSHOT.jar:/home/user/.m2/repository/commons-lang/commons-lang/2.6/commons-lang-2.6.jar:/home/user/.m2/repository/org/apache/hadoop/hadoop-ozone-ozone-manager/0.5.0-SNAPSHOT/hadoop-ozone-ozone-manager-0.5.0-SNAPSHOT-tests.jar:/home/user/.m2/repository/junit/junit/4.11/junit-4.11.jar:/home/user/.m2/repository/org/hamcrest/hamcrest-core/1.3/hamcrest-core-1.3.jar:/home/user/.m2/repository/org/openjdk/jmh/jmh-core/1.19/jmh-core-1.19.jar:/home/user/.m2/repository/net/sf/jopt-simple/jopt-simple/4.6/jopt-simple-4.6.jar:/home/user/.m2/repository/org/apache/commons/commons-math3/3.1.1/commons-math3-3.1.1.jar:/home/user/.m2/repository/org/openjdk/jmh/jmh-generator-annprocess/1.19/jmh-generator-annprocess-1.19.jar:/home/user/.m2/repository/org/mockito/mockito-all/1.8.5/mockito-all-1.8.5.jar:/home/user/.m2/repository/org/apache/hadoop/hadoop-kms/3.2.0/hadoop-kms-3.2.0.jar:/home/user/.m2/repository/org/apache/hadoop/hadoop-auth/3.2.0/hadoop-auth-3.2.0.jar:/home/user/.m2/repository/com/nimbusds/nimbus-jose-jwt/4.41.1/nimbus-jose-jwt-4.41.1.jar:/home/user/.m2/repository/com/github/stephenc/jcip/jcip-annotations/1.0-1/jcip-annotations-1.0-1.jar:/home/user/.m2/repository/net/minidev/json-smart/2.3/json-smart-2.3.jar:/home/user/.m2/repository/net/minidev/accessors-smart/1.2/accessors-smart-1.2.jar:/home/user/.m2/repository/org/ow2/asm/asm/5.0.4/asm-5.0.4.jar:/home/user/.m2/repository/org/apache/curator/curator-framework/2.12.0/curator-framework-2.12.0.jar:/home/user/.m2/repository/com/sun/jersey/jersey-core/1.19/jersey-core-1.19.jar:/home/user/.m2/repository/javax/ws/rs/jsr311-api/1.1.1/jsr311-api-1.1.1.jar:/home/user/.m2/repository/com/sun/jersey/jersey-server/1.19/jersey-server-1.19.jar:/home/user/.m2/repository/javax/servlet/javax.servlet-api/3.1.0/javax.servlet-api-3.1.0.jar:/home/user/.m2/repository/org/eclipse/jetty/jetty-server/9.3.24.v20180605/jetty-server-9.3.24.v20180605.jar:/home/user/.m2/repository/org/eclipse/jetty/jetty-http/9.3.24.v20180605/jetty-http-9.3.24.v20180605.jar:/home/user/.m2/repository/org/eclipse/jetty/jetty-io/9.3.24.v20180605/jetty-io-9.3.24.v20180605.jar:/home/user/.m2/repository/org/eclipse/jetty/jetty-webapp/9.3.24.v20180605/jetty-webapp-9.3.24.v20180605.jar:/home/user/.m2/repository/org/eclipse/jetty/jetty-xml/9.3.24.v20180605/jetty-xml-9.3.24.v20180605.jar:/home/user/.m2/repository/log4j/log4j/1.2.17/log4j-1.2.17.jar:/home/user/.m2/repository/org/slf4j/slf4j-api/1.7.25/slf4j-api-1.7.25.jar:/home/user/.m2/repository/org/slf4j/jul-to-slf4j/1.7.25/jul-to-slf4j-1.7.25.jar:/home/user/.m2/repository/org/eclipse/jetty/jetty-util/9.3.24.v20180605/jetty-util-9.3.24.v20180605.jar:/home/user/.m2/repository/com/fasterxml/jackson/core/jackson-databind/2.9.5/jackson-databind-2.9.5.jar:/home/user/.m2/repository/org/apache/hadoop/hadoop-kms/3.2.0/hadoop-kms-3.2.0-tests.jar:/home/user/.m2/repository/org/apache/hadoop/hadoop-hdds-server-scm/0.5.0-SNAPSHOT/hadoop-hdds-server-scm-0.5.0-SNAPSHOT-tests.jar:/home/user/.m2/repository/org/apache/hadoop/hadoop-hdds-container-service/0.5.0-SNAPSHOT/hadoop-hdds-container-service-0.5.0-SNAPSHOT-tests.jar:/home/user/.m2/repository/org/yaml/snakeyaml/1.16/snakeyaml-1.16.jar:/home/user/.m2/repository/org/apache/hadoop/hadoop-common/3.2.0/hadoop-common-3.2.0-tests.jar:/home/user/.m2/repository/org/apache/hadoop/hadoop-annotations/3.2.0/hadoop-annotations-3.2.0.jar:/usr/lib/jvm/java-1.8-openjdk/jre/../lib/tools.jar:/home/user/.m2/repository/commons-cli/commons-cli/1.2/commons-cli-1.2.jar:/home/user/.m2/repository/org/apache/httpcomponents/httpclient/4.5.2/httpclient-4.5.2.jar:/home/user/.m2/repository/org/apache/httpcomponents/httpcore/4.4.4/httpcore-4.4.4.jar:/home/user/.m2/repository/commons-codec/commons-codec/1.11/commons-codec-1.11.jar:/home/user/.m2/repository/commons-net/commons-net/3.6/commons-net-3.6.jar:/home/user/.m2/repository/commons-collections/commons-collections/3.2.2/commons-collections-3.2.2.jar:/home/user/.m2/repository/org/eclipse/jetty/jetty-servlet/9.3.24.v20180605/jetty-servlet-9.3.24.v20180605.jar:/home/user/.m2/repository/org/eclipse/jetty/jetty-security/9.3.24.v20180605/jetty-security-9.3.24.v20180605.jar:/home/user/.m2/repository/javax/servlet/jsp/jsp-api/2.1/jsp-api-2.1.jar:/home/user/.m2/repository/com/sun/jersey/jersey-servlet/1.19/jersey-servlet-1.19.jar:/home/user/.m2/repository/com/sun/jersey/jersey-json/1.19/jersey-json-1.19.jar:/home/user/.m2/repository/org/codehaus/jettison/jettison/1.1/jettison-1.1.jar:/home/user/.m2/repository/org/codehaus/jackson/jackson-core-asl/1.9.13/jackson-core-asl-1.9.13.jar:/home/user/.m2/repository/org/codehaus/jackson/jackson-mapper-asl/1.9.13/jackson-mapper-asl-1.9.13.jar:/home/user/.m2/repository/org/codehaus/jackson/jackson-jaxrs/1.9.13/jackson-jaxrs-1.9.13.jar:/home/user/.m2/repository/org/codehaus/jackson/jackson-xc/1.9.13/jackson-xc-1.9.13.jar:/home/user/.m2/repository/commons-logging/commons-logging/1.1.3/commons-logging-1.1.3.jar:/home/user/.m2/repository/commons-beanutils/commons-beanutils/1.9.3/commons-beanutils-1.9.3.jar:/home/user/.m2/repository/org/apache/commons/commons-configuration2/2.1.1/commons-configuration2-2.1.1.jar:/home/user/.m2/repository/org/apache/commons/commons-lang3/3.7/commons-lang3-3.7.jar:/home/user/.m2/repository/org/apache/commons/commons-text/1.4/commons-text-1.4.jar:/home/user/.m2/repository/org/apache/avro/avro/1.7.7/avro-1.7.7.jar:/home/user/.m2/repository/com/thoughtworks/paranamer/paranamer/2.3/paranamer-2.3.jar:/home/user/.m2/repository/org/xerial/snappy/snappy-java/1.0.5/snappy-java-1.0.5.jar:/home/user/.m2/repository/com/google/re2j/re2j/1.1/re2j-1.1.jar:/home/user/.m2/repository/com/google/code/gson/gson/2.2.4/gson-2.2.4.jar:/home/user/.m2/repository/com/jcraft/jsch/0.1.54/jsch-0.1.54.jar:/home/user/.m2/repository/org/apache/curator/curator-client/2.12.0/curator-client-2.12.0.jar:/home/user/.m2/repository/org/apache/curator/curator-recipes/2.12.0/curator-recipes-2.12.0.jar:/home/user/.m2/repository/com/google/code/findbugs/jsr305/3.0.0/jsr305-3.0.0.jar:/home/user/.m2/repository/org/apache/htrace/htrace-core4/4.1.0-incubating/htrace-core4-4.1.0-incubating.jar:/home/user/.m2/repository/org/apache/zookeeper/zookeeper/3.4.13/zookeeper-3.4.13.jar:/home/user/.m2/repository/org/apache/yetus/audience-annotations/0.5.0/audience-annotations-0.5.0.jar:/home/user/.m2/repository/org/codehaus/woodstox/stax2-api/3.1.4/stax2-api-3.1.4.jar:/home/user/.m2/repository/com/fasterxml/woodstox/woodstox-core/5.0.3/woodstox-core-5.0.3.jar:/home/user/.m2/repository/dnsjava/dnsjava/2.1.7/dnsjava-2.1.7.jar:/home/user/.m2/repository/org/apache/hadoop/hadoop-hdfs/3.2.0/hadoop-hdfs-3.2.0-tests.jar:/home/user/.m2/repository/org/eclipse/jetty/jetty-util-ajax/9.3.24.v20180605/jetty-util-ajax-9.3.24.v20180605.jar:/home/user/.m2/repository/commons-daemon/commons-daemon/1.0.13/commons-daemon-1.0.13.jar:/home/user/.m2/repository/io/netty/netty/3.10.5.Final/netty-3.10.5.Final.jar:/home/user/.m2/repository/io/netty/netty-all/4.0.52.Final/netty-all-4.0.52.Final.jar:/home/user/.m2/repository/org/fusesource/leveldbjni/leveldbjni-all/1.8/leveldbjni-all-1.8.jar:"/>
    <property name="sun.cpu.endian" value="little"/>
    <property name="user.home" value="/home/user"/>
    <property name="user.language" value="en"/>
    <property name="java.specification.vendor" value="Oracle Corporation"/>
    <property name="java.home" value="/usr/lib/jvm/java-1.8-openjdk/jre"/>
    <property name="java.security.krb5.conf" value="/tmp/workdir/hadoop-ozone/integration-test/target/test-classes/krb5.conf"/>
    <property name="basedir" value="/tmp/workdir/hadoop-ozone/integration-test"/>
    <property name="file.separator" value="/"/>
    <property name="line.separator" value="&#10;"/>
    <property name="java.vm.specification.vendor" value="Oracle Corporation"/>
    <property name="java.specification.name" value="Java Platform API Specification"/>
    <property name="java.awt.graphicsenv" value="sun.awt.X11GraphicsEnvironment"/>
    <property name="surefire.real.class.path" value="/tmp/workdir/hadoop-ozone/integration-test/target/surefire/surefirebooter2658926231605084870.jar"/>
    <property name="hadoop.log.dir" value="/tmp/workdir/hadoop-ozone/integration-test/target/log"/>
    <property name="sun.boot.class.path" value="/usr/lib/jvm/java-1.8-openjdk/jre/lib/resources.jar:/usr/lib/jvm/java-1.8-openjdk/jre/lib/rt.jar:/usr/lib/jvm/java-1.8-openjdk/jre/lib/sunrsasign.jar:/usr/lib/jvm/java-1.8-openjdk/jre/lib/jsse.jar:/usr/lib/jvm/java-1.8-openjdk/jre/lib/jce.jar:/usr/lib/jvm/java-1.8-openjdk/jre/lib/charsets.jar:/usr/lib/jvm/java-1.8-openjdk/jre/lib/jfr.jar:/usr/lib/jvm/java-1.8-openjdk/jre/classes"/>
    <property name="sun.management.compiler" value="HotSpot 64-Bit Tiered Compilers"/>
    <property name="java.runtime.version" value="1.8.0_212-b04"/>
    <property name="java.net.preferIPv4Stack" value="true"/>
    <property name="user.name" value="jenkins1000"/>
    <property name="path.separator" value=":"/>
    <property name="java.security.egd" value="file:///dev/urandom"/>
    <property name="os.version" value="3.10.0-957.12.2.el7.x86_64"/>
    <property name="java.endorsed.dirs" value="/usr/lib/jvm/java-1.8-openjdk/jre/lib/endorsed"/>
    <property name="java.runtime.name" value="OpenJDK Runtime Environment"/>
    <property name="file.encoding" value="UTF-8"/>
    <property name="java.vm.name" value="OpenJDK 64-Bit Server VM"/>
    <property name="test.build.webapps" value=""/>
    <property name="localRepository" value="/home/user/.m2/repository"/>
    <property name="java.vendor.url.bug" value="https://icedtea.classpath.org/bugzilla"/>
    <property name="java.io.tmpdir" value="/tmp"/>
    <property name="require.test.libhadoop" value=""/>
    <property name="java.version" value="1.8.0_212"/>
    <property name="user.dir" value="/tmp/workdir/hadoop-ozone/integration-test"/>
    <property name="os.arch" value="amd64"/>
    <property name="java.vm.specification.name" value="Java Virtual Machine Specification"/>
    <property name="test.build.classes" value="/tmp/workdir/hadoop-ozone/integration-test/target/test-classes"/>
    <property name="java.awt.printerjob" value="sun.print.PSPrinterJob"/>
    <property name="sun.os.patch.level" value="unknown"/>
    <property name="hadoop.tmp.dir" value="/tmp/workdir/hadoop-ozone/integration-test/target/tmp"/>
    <property name="java.library.path" value="/usr/lib/jvm/java-1.8-openjdk/jre/lib/amd64/server:/usr/lib/jvm/java-1.8-openjdk/jre/lib/amd64:/usr/lib/jvm/java-1.8-openjdk/jre/../lib/amd64:/tmp/workdir/hadoop-ozone/integration-test/target/native/target/usr/local/lib:/tmp/workdir/hadoop-ozone/integration-test/../../hadoop-common-project/hadoop-common/target/native/target/usr/local/lib:/usr/java/packages/lib/amd64:/usr/lib64:/lib64:/lib:/usr/lib"/>
    <property name="java.vm.info" value="mixed mode"/>
    <property name="java.vendor" value="IcedTea"/>
    <property name="java.vm.version" value="25.212-b04"/>
    <property name="java.ext.dirs" value="/usr/lib/jvm/java-1.8-openjdk/jre/lib/ext:/usr/java/packages/lib/ext"/>
    <property name="sun.io.unicode.encoding" value="UnicodeLittle"/>
    <property name="java.class.version" value="52.0"/>
  </properties>
  <testcase name="testPipelineExclusionWithPipelineFailure" classname="org.apache.hadoop.ozone.client.rpc.TestFailureHandlingByClient" time="37.843"/>
  <testcase name="testContainerExclusionWithClosedContainerException" classname="org.apache.hadoop.ozone.client.rpc.TestFailureHandlingByClient" time="111.895">
    <error message="Timed out waiting for condition. Thread diagnostics:&#10;Timestamp: 2019-07-14 06:51:18,622&#10;&#10;&quot;pool-174-thread-26&quot;  prio=5 tid=1265 in Object.wait()&#10;java.lang.Thread.State: WAITING (on object monitor)&#10;        at sun.misc.Unsafe.park(Native Method)&#10;        at java.util.concurrent.locks.LockSupport.park(LockSupport.java:175)&#10;        at java.util.concurrent.locks.AbstractQueuedSynchronizer$ConditionObject.await(AbstractQueuedSynchronizer.java:2039)&#10;        at java.util.concurrent.ArrayBlockingQueue.take(ArrayBlockingQueue.java:403)&#10;        at java.util.concurrent.ThreadPoolExecutor.getTask(ThreadPoolExecutor.java:1074)&#10;        at java.util.concurrent.ThreadPoolExecutor.runWorker(ThreadPoolExecutor.java:1134)&#10;        at java.util.concurrent.ThreadPoolExecutor$Worker.run(ThreadPoolExecutor.java:624)&#10;        at java.lang.Thread.run(Thread.java:748)&#10;&quot;qtp302256620-1189&quot; daemon prio=5 tid=1189 runnable&#10;java.lang.Thread.State: RUNNABLE&#10;        at sun.nio.ch.EPollArrayWrapper.epollWait(Native Method)&#10;        at sun.nio.ch.EPollArrayWrapper.poll(EPollArrayWrapper.java:269)&#10;        at sun.nio.ch.EPollSelectorImpl.doSelect(EPollSelectorImpl.java:93)&#10;        at sun.nio.ch.SelectorImpl.lockAndDoSelect(SelectorImpl.java:86)&#10;        at sun.nio.ch.SelectorImpl.select(SelectorImpl.java:97)&#10;        at sun.nio.ch.SelectorImpl.select(SelectorImpl.java:101)&#10;        at org.eclipse.jetty.io.ManagedSelector$SelectorProducer.select(ManagedSelector.java:243)&#10;        at org.eclipse.jetty.io.ManagedSelector$SelectorProducer.produce(ManagedSelector.java:191)&#10;        at org.eclipse.jetty.util.thread.strategy.ExecuteProduceConsume.executeProduceConsume(ExecuteProduceConsume.java:249)&#10;        at org.eclipse.jetty.util.thread.strategy.ExecuteProduceConsume.produceConsume(ExecuteProduceConsume.java:148)&#10;        at org.eclipse.jetty.util.thread.strategy.ExecuteProduceConsume.execute(ExecuteProduceConsume.java:100)&#10;        at org.eclipse.jetty.io.ManagedSelector.run(ManagedSelector.java:147)&#10;        at org.eclipse.jetty.util.thread.QueuedThreadPool.runJob(QueuedThreadPool.java:671)&#10;        at org.eclipse.jetty.util.thread.QueuedThreadPool$2.run(QueuedThreadPool.java:589)&#10;        at java.lang.Thread.run(Thread.java:748)&#10;&quot;Socket Reader #1 for port 42412&quot;  prio=5 tid=934 runnable&#10;java.lang.Thread.State: RUNNABLE&#10;        at sun.nio.ch.EPollArrayWrapper.epollWait(Native Method)&#10;        at sun.nio.ch.EPollArrayWrapper.poll(EPollArrayWrapper.java:269)&#10;        at sun.nio.ch.EPollSelectorImpl.doSelect(EPollSelectorImpl.java:93)&#10;        at sun.nio.ch.SelectorImpl.lockAndDoSelect(SelectorImpl.java:86)&#10;        at sun.nio.ch.SelectorImpl.select(SelectorImpl.java:97)&#10;        at sun.nio.ch.SelectorImpl.select(SelectorImpl.java:101)&#10;        at org.apache.hadoop.ipc.Server$Listener$Reader.doRunLoop(Server.java:1097)&#10;        at org.apache.hadoop.ipc.Server$Listener$Reader.run(Server.java:1076)&#10;&quot;pool-216-thread-7&quot;  prio=5 tid=1367 in Object.wait()&#10;java.lang.Thread.State: WAITING (on object monitor)&#10;        at sun.misc.Unsafe.park(Native Method)&#10;        at java.util.concurrent.locks.LockSupport.park(LockSupport.java:175)&#10;        at java.util.concurrent.locks.AbstractQueuedSynchronizer$ConditionObject.await(AbstractQueuedSynchronizer.java:2039)&#10;        at java.util.concurrent.ArrayBlockingQueue.take(ArrayBlockingQueue.java:403)&#10;        at java.util.concurrent.ThreadPoolExecutor.getTask(ThreadPoolExecutor.java:1074)&#10;        at java.util.concurrent.ThreadPoolExecutor.runWorker(ThreadPoolExecutor.java:1134)&#10;        at java.util.concurrent.ThreadPoolExecutor$Worker.run(ThreadPoolExecutor.java:624)&#10;        at java.lang.Thread.run(Thread.java:748)&#10;&quot;BlockDeletingService#2&quot; daemon prio=5 tid=1838 in Object.wait()&#10;java.lang.Thread.State: WAITING (on object monitor)&#10;        at sun.misc.Unsafe.park(Native Method)&#10;        at java.util.concurrent.locks.LockSupport.park(LockSupport.java:175)&#10;        at java.util.concurrent.locks.AbstractQueuedSynchronizer$ConditionObject.await(AbstractQueuedSynchronizer.java:2039)&#10;        at java.util.concurrent.ScheduledThreadPoolExecutor$DelayedWorkQueue.take(ScheduledThreadPoolExecutor.java:1088)&#10;        at java.util.concurrent.ScheduledThreadPoolExecutor$DelayedWorkQueue.take(ScheduledThreadPoolExecutor.java:809)&#10;        at java.util.concurrent.ThreadPoolExecutor.getTask(ThreadPoolExecutor.java:1074)&#10;        at java.util.concurrent.ThreadPoolExecutor.runWorker(ThreadPoolExecutor.java:1134)&#10;        at java.util.concurrent.ThreadPoolExecutor$Worker.run(ThreadPoolExecutor.java:624)&#10;        at java.lang.Thread.run(Thread.java:748)&#10;&quot;IPC Server handler 2 on 36683&quot; daemon prio=5 tid=1028 timed_waiting&#10;java.lang.Thread.State: TIMED_WAITING&#10;        at sun.misc.Unsafe.park(Native Method)&#10;        at java.util.concurrent.locks.LockSupport.parkNanos(LockSupport.java:215)&#10;        at java.util.concurrent.locks.AbstractQueuedSynchronizer$ConditionObject.awaitNanos(AbstractQueuedSynchronizer.java:2078)&#10;        at java.util.concurrent.LinkedBlockingQueue.poll(LinkedBlockingQueue.java:467)&#10;        at org.apache.hadoop.ipc.CallQueueManager.take(CallQueueManager.java:288)&#10;        at org.apache.hadoop.ipc.Server$Handler.run(Server.java:2668)&#10;&quot;qtp1842314090-1130-acceptor-0@1f926554-ServerConnector@da34eb0{HTTP/1.1,[http/1.1]}{0.0.0.0:38549}&quot; daemon prio=3 tid=1130 runnable&#10;java.lang.Thread.State: RUNNABLE&#10;        at sun.nio.ch.ServerSocketChannelImpl.accept0(Native Method)&#10;        at sun.nio.ch.ServerSocketChannelImpl.accept(ServerSocketChannelImpl.java:422)&#10;        at sun.nio.ch.ServerSocketChannelImpl.accept(ServerSocketChannelImpl.java:250)&#10;        at org.eclipse.jetty.server.ServerConnector.accept(ServerConnector.java:397)&#10;        at org.eclipse.jetty.server.AbstractConnector$Acceptor.run(AbstractConnector.java:601)&#10;        at org.eclipse.jetty.util.thread.QueuedThreadPool.runJob(QueuedThreadPool.java:671)&#10;        at org.eclipse.jetty.util.thread.QueuedThreadPool$2.run(QueuedThreadPool.java:589)&#10;        at java.lang.Thread.run(Thread.java:748)&#10;&quot;org.eclipse.jetty.server.session.HashSessionManager@4243341eTimer&quot; daemon prio=5 tid=1108 timed_waiting&#10;java.lang.Thread.State: TIMED_WAITING&#10;        at sun.misc.Unsafe.park(Native Method)&#10;        at java.util.concurrent.locks.LockSupport.parkNanos(LockSupport.java:215)&#10;        at java.util.concurrent.locks.AbstractQueuedSynchronizer$ConditionObject.awaitNanos(AbstractQueuedSynchronizer.java:2078)&#10;        at java.util.concurrent.ScheduledThreadPoolExecutor$DelayedWorkQueue.take(ScheduledThreadPoolExecutor.java:1093)&#10;        at java.util.concurrent.ScheduledThreadPoolExecutor$DelayedWorkQueue.take(ScheduledThreadPoolExecutor.java:809)&#10;        at java.util.concurrent.ThreadPoolExecutor.getTask(ThreadPoolExecutor.java:1074)&#10;        at java.util.concurrent.ThreadPoolExecutor.runWorker(ThreadPoolExecutor.java:1134)&#10;        at java.util.concurrent.ThreadPoolExecutor$Worker.run(ThreadPoolExecutor.java:624)&#10;        at java.lang.Thread.run(Thread.java:748)&#10;&quot;Signal Dispatcher&quot; daemon prio=9 tid=4 runnable&#10;java.lang.Thread.State: RUNNABLE&#10;&quot;pool-279-thread-59&quot;  prio=5 tid=1599 in Object.wait()&#10;java.lang.Thread.State: WAITING (on object monitor)&#10;        at sun.misc.Unsafe.park(Native Method)&#10;        at java.util.concurrent.locks.LockSupport.park(LockSupport.java:175)&#10;        at java.util.concurrent.locks.AbstractQueuedSynchronizer$ConditionObject.await(AbstractQueuedSynchronizer.java:2039)&#10;        at java.util.concurrent.ArrayBlockingQueue.take(ArrayBlockingQueue.java:403)&#10;        at java.util.concurrent.ThreadPoolExecutor.getTask(ThreadPoolExecutor.java:1074)&#10;        at java.util.concurrent.ThreadPoolExecutor.runWorker(ThreadPoolExecutor.java:1134)&#10;        at java.util.concurrent.ThreadPoolExecutor$Worker.run(ThreadPoolExecutor.java:624)&#10;        at java.lang.Thread.run(Thread.java:748)&#10;&quot;IPC Server handler 10 on 36683&quot; daemon prio=5 tid=1036 timed_waiting&#10;java.lang.Thread.State: TIMED_WAITING&#10;        at sun.misc.Unsafe.park(Native Method)&#10;        at java.util.concurrent.locks.LockSupport.parkNanos(LockSupport.java:215)&#10;        at java.util.concurrent.locks.AbstractQueuedSynchronizer$ConditionObject.awaitNanos(AbstractQueuedSynchronizer.java:2078)&#10;        at java.util.concurrent.LinkedBlockingQueue.poll(LinkedBlockingQueue.java:467)&#10;        at org.apache.hadoop.ipc.CallQueueManager.take(CallQueueManager.java:288)&#10;        at org.apache.hadoop.ipc.Server$Handler.run(Server.java:2668)&#10;&quot;IPC Server handler 18 on 42412&quot; daemon prio=5 tid=982 timed_waiting&#10;java.lang.Thread.State: TIMED_WAITING&#10;        at sun.misc.Unsafe.park(Native Method)&#10;        at java.util.concurrent.locks.LockSupport.parkNanos(LockSupport.java:215)&#10;        at java.util.concurrent.locks.AbstractQueuedSynchronizer$ConditionObject.awaitNanos(AbstractQueuedSynchronizer.java:2078)&#10;        at java.util.concurrent.LinkedBlockingQueue.poll(LinkedBlockingQueue.java:467)&#10;        at org.apache.hadoop.ipc.CallQueueManager.take(CallQueueManager.java:288)&#10;        at org.apache.hadoop.ipc.Server$Handler.run(Server.java:2668)&#10;&quot;pool-256-thread-1&quot; daemon prio=5 tid=1184 timed_waiting&#10;java.lang.Thread.State: TIMED_WAITING&#10;        at sun.misc.Unsafe.park(Native Method)&#10;        at java.util.concurrent.locks.LockSupport.parkNanos(LockSupport.java:215)&#10;        at java.util.concurrent.locks.AbstractQueuedSynchronizer$ConditionObject.awaitNanos(AbstractQueuedSynchronizer.java:2078)&#10;        at java.util.concurrent.ScheduledThreadPoolExecutor$DelayedWorkQueue.take(ScheduledThreadPoolExecutor.java:1093)&#10;        at java.util.concurrent.ScheduledThreadPoolExecutor$DelayedWorkQueue.take(ScheduledThreadPoolExecutor.java:809)&#10;        at java.util.concurrent.ThreadPoolExecutor.getTask(ThreadPoolExecutor.java:1074)&#10;        at java.util.concurrent.ThreadPoolExecutor.runWorker(ThreadPoolExecutor.java:1134)&#10;        at java.util.concurrent.ThreadPoolExecutor$Worker.run(ThreadPoolExecutor.java:624)&#10;        at java.lang.Thread.run(Thread.java:748)&#10;&quot;pool-279-thread-2&quot;  prio=5 tid=1542 in Object.wait()&#10;java.lang.Thread.State: WAITING (on object monitor)&#10;        at sun.misc.Unsafe.park(Native Method)&#10;        at java.util.concurrent.locks.LockSupport.park(LockSupport.java:175)&#10;        at java.util.concurrent.locks.AbstractQueuedSynchronizer$ConditionObject.await(AbstractQueuedSynchronizer.java:2039)&#10;        at java.util.concurrent.ArrayBlockingQueue.take(ArrayBlockingQueue.java:403)&#10;        at java.util.concurrent.ThreadPoolExecutor.getTask(ThreadPoolExecutor.java:1074)&#10;        at java.util.concurrent.ThreadPoolExecutor.runWorker(ThreadPoolExecutor.java:1134)&#10;        at java.util.concurrent.ThreadPoolExecutor$Worker.run(ThreadPoolExecutor.java:624)&#10;        at java.lang.Thread.run(Thread.java:748)&#10;&quot;pool-216-thread-6&quot;  prio=5 tid=1366 in Object.wait()&#10;java.lang.Thread.State: WAITING (on object monitor)&#10;        at sun.misc.Unsafe.park(Native Method)&#10;        at java.util.concurrent.locks.LockSupport.park(LockSupport.java:175)&#10;        at java.util.concurrent.locks.AbstractQueuedSynchronizer$ConditionObject.await(AbstractQueuedSynchronizer.java:2039)&#10;        at java.util.concurrent.ArrayBlockingQueue.take(ArrayBlockingQueue.java:403)&#10;        at java.util.concurrent.ThreadPoolExecutor.getTask(ThreadPoolExecutor.java:1074)&#10;        at java.util.concurrent.ThreadPoolExecutor.runWorker(ThreadPoolExecutor.java:1134)&#10;        at java.util.concurrent.ThreadPoolExecutor$Worker.run(ThreadPoolExecutor.java:624)&#10;        at java.lang.Thread.run(Thread.java:748)&#10;&quot;pool-195-thread-28&quot;  prio=5 tid=1328 in Object.wait()&#10;java.lang.Thread.State: WAITING (on object monitor)&#10;        at sun.misc.Unsafe.park(Native Method)&#10;        at java.util.concurrent.locks.LockSupport.park(LockSupport.java:175)&#10;        at java.util.concurrent.locks.AbstractQueuedSynchronizer$ConditionObject.await(AbstractQueuedSynchronizer.java:2039)&#10;        at java.util.concurrent.ArrayBlockingQueue.take(ArrayBlockingQueue.java:403)&#10;        at java.util.concurrent.ThreadPoolExecutor.getTask(ThreadPoolExecutor.java:1074)&#10;        at java.util.concurrent.ThreadPoolExecutor.runWorker(ThreadPoolExecutor.java:1134)&#10;        at java.util.concurrent.ThreadPoolExecutor$Worker.run(ThreadPoolExecutor.java:624)&#10;        at java.lang.Thread.run(Thread.java:748)&#10;&quot;pool-279-thread-49&quot;  prio=5 tid=1589 in Object.wait()&#10;java.lang.Thread.State: WAITING (on object monitor)&#10;        at sun.misc.Unsafe.park(Native Method)&#10;        at java.util.concurrent.locks.LockSupport.park(LockSupport.java:175)&#10;        at java.util.concurrent.locks.AbstractQueuedSynchronizer$ConditionObject.await(AbstractQueuedSynchronizer.java:2039)&#10;        at java.util.concurrent.ArrayBlockingQueue.take(ArrayBlockingQueue.java:403)&#10;        at java.util.concurrent.ThreadPoolExecutor.getTask(ThreadPoolExecutor.java:1074)&#10;        at java.util.concurrent.ThreadPoolExecutor.runWorker(ThreadPoolExecutor.java:1134)&#10;        at java.util.concurrent.ThreadPoolExecutor$Worker.run(ThreadPoolExecutor.java:624)&#10;        at java.lang.Thread.run(Thread.java:748)&#10;&quot;pool-258-thread-44&quot;  prio=5 tid=1524 in Object.wait()&#10;java.lang.Thread.State: WAITING (on object monitor)&#10;        at sun.misc.Unsafe.park(Native Method)&#10;        at java.util.concurrent.locks.LockSupport.park(LockSupport.java:175)&#10;        at java.util.concurrent.locks.AbstractQueuedSynchronizer$ConditionObject.await(AbstractQueuedSynchronizer.java:2039)&#10;        at java.util.concurrent.ArrayBlockingQueue.take(ArrayBlockingQueue.java:403)&#10;        at java.util.concurrent.ThreadPoolExecutor.getTask(ThreadPoolExecutor.java:1074)&#10;        at java.util.concurrent.ThreadPoolExecutor.runWorker(ThreadPoolExecutor.java:1134)&#10;        at java.util.concurrent.ThreadPoolExecutor$Worker.run(ThreadPoolExecutor.java:624)&#10;        at java.lang.Thread.run(Thread.java:748)&#10;&quot;pool-174-thread-55&quot;  prio=5 tid=1294 in Object.wait()&#10;java.lang.Thread.State: WAITING (on object monitor)&#10;        at sun.misc.Unsafe.park(Native Method)&#10;        at java.util.concurrent.locks.LockSupport.park(LockSupport.java:175)&#10;        at java.util.concurrent.locks.AbstractQueuedSynchronizer$ConditionObject.await(AbstractQueuedSynchronizer.java:2039)&#10;        at java.util.concurrent.ArrayBlockingQueue.take(ArrayBlockingQueue.java:403)&#10;        at java.util.concurrent.ThreadPoolExecutor.getTask(ThreadPoolExecutor.java:1074)&#10;        at java.util.concurrent.ThreadPoolExecutor.runWorker(ThreadPoolExecutor.java:1134)&#10;        at java.util.concurrent.ThreadPoolExecutor$Worker.run(ThreadPoolExecutor.java:624)&#10;        at java.lang.Thread.run(Thread.java:748)&#10;&quot;Datanode ReportManager Thread - 1&quot; daemon prio=5 tid=1143 in Object.wait()&#10;java.lang.Thread.State: WAITING (on object monitor)&#10;        at sun.misc.Unsafe.park(Native Method)&#10;        at java.util.concurrent.locks.LockSupport.park(LockSupport.java:175)&#10;        at java.util.concurrent.locks.AbstractQueuedSynchronizer$ConditionObject.await(AbstractQueuedSynchronizer.java:2039)&#10;        at java.util.concurrent.ScheduledThreadPoolExecutor$DelayedWorkQueue.take(ScheduledThreadPoolExecutor.java:1088)&#10;        at java.util.concurrent.ScheduledThreadPoolExecutor$DelayedWorkQueue.take(ScheduledThreadPoolExecutor.java:809)&#10;        at java.util.concurrent.ThreadPoolExecutor.getTask(ThreadPoolExecutor.java:1074)&#10;        at java.util.concurrent.ThreadPoolExecutor.runWorker(ThreadPoolExecutor.java:1134)&#10;        at java.util.concurrent.ThreadPoolExecutor$Worker.run(ThreadPoolExecutor.java:624)&#10;        at java.lang.Thread.run(Thread.java:748)&#10;&quot;nioEventLoopGroup-16-1&quot;  prio=10 tid=1110 runnable&#10;java.lang.Thread.State: RUNNABLE&#10;        at sun.nio.ch.EPollArrayWrapper.epollWait(Native Method)&#10;        at sun.nio.ch.EPollArrayWrapper.poll(EPollArrayWrapper.java:269)&#10;        at sun.nio.ch.EPollSelectorImpl.doSelect(EPollSelectorImpl.java:93)&#10;        at sun.nio.ch.SelectorImpl.lockAndDoSelect(SelectorImpl.java:86)&#10;        at sun.nio.ch.SelectorImpl.select(SelectorImpl.java:97)&#10;        at io.netty.channel.nio.SelectedSelectionKeySetSelector.select(SelectedSelectionKeySetSelector.java:62)&#10;        at io.netty.channel.nio.NioEventLoop.select(NioEventLoop.java:753)&#10;        at io.netty.channel.nio.NioEventLoop.run(NioEventLoop.java:408)&#10;        at io.netty.util.concurrent.SingleThreadEventExecutor$5.run(SingleThreadEventExecutor.java:897)&#10;        at io.netty.util.concurrent.FastThreadLocalRunnable.run(FastThreadLocalRunnable.java:30)&#10;        at java.lang.Thread.run(Thread.java:748)&#10;&quot;StateMachineUpdater:9e9398c9-c564-45b1-aca3-844f60de829e:group-4D4B878D4BCA&quot; daemon prio=5 tid=1652 in Object.wait()&#10;java.lang.Thread.State: WAITING (on object monitor)&#10;        at java.lang.Object.wait(Native Method)&#10;        at java.lang.Object.wait(Object.java:502)&#10;        at org.apache.ratis.server.impl.StateMachineUpdater.waitForCommit(StateMachineUpdater.java:180)&#10;        at org.apache.ratis.server.impl.StateMachineUpdater.run(StateMachineUpdater.java:138)&#10;        at java.lang.Thread.run(Thread.java:748)&#10;&quot;pool-174-thread-14&quot;  prio=5 tid=1253 in Object.wait()&#10;java.lang.Thread.State: WAITING (on object monitor)&#10;        at sun.misc.Unsafe.park(Native Method)&#10;        at java.util.concurrent.locks.LockSupport.park(LockSupport.java:175)&#10;        at java.util.concurrent.locks.AbstractQueuedSynchronizer$ConditionObject.await(AbstractQueuedSynchronizer.java:2039)&#10;        at java.util.concurrent.ArrayBlockingQueue.take(ArrayBlockingQueue.java:403)&#10;        at java.util.concurrent.ThreadPoolExecutor.getTask(ThreadPoolExecutor.java:1074)&#10;        at java.util.concurrent.ThreadPoolExecutor.runWorker(ThreadPoolExecutor.java:1134)&#10;        at java.util.concurrent.ThreadPoolExecutor$Worker.run(ThreadPoolExecutor.java:624)&#10;        at java.lang.Thread.run(Thread.java:748)&#10;&quot;pool-237-thread-10&quot;  prio=5 tid=1430 in Object.wait()&#10;java.lang.Thread.State: WAITING (on object monitor)&#10;        at sun.misc.Unsafe.park(Native Method)&#10;        at java.util.concurrent.locks.LockSupport.park(LockSupport.java:175)&#10;        at java.util.concurrent.locks.AbstractQueuedSynchronizer$ConditionObject.await(AbstractQueuedSynchronizer.java:2039)&#10;        at java.util.concurrent.ArrayBlockingQueue.take(ArrayBlockingQueue.java:403)&#10;        at java.util.concurrent.ThreadPoolExecutor.getTask(ThreadPoolExecutor.java:1074)&#10;        at java.util.concurrent.ThreadPoolExecutor.runWorker(ThreadPoolExecutor.java:1134)&#10;        at java.util.concurrent.ThreadPoolExecutor$Worker.run(ThreadPoolExecutor.java:624)&#10;        at java.lang.Thread.run(Thread.java:748)&#10;&quot;pool-237-thread-53&quot;  prio=5 tid=1473 in Object.wait()&#10;java.lang.Thread.State: WAITING (on object monitor)&#10;        at sun.misc.Unsafe.park(Native Method)&#10;        at java.util.concurrent.locks.LockSupport.park(LockSupport.java:175)&#10;        at java.util.concurrent.locks.AbstractQueuedSynchronizer$ConditionObject.await(AbstractQueuedSynchronizer.java:2039)&#10;        at java.util.concurrent.ArrayBlockingQueue.take(ArrayBlockingQueue.java:403)&#10;        at java.util.concurrent.ThreadPoolExecutor.getTask(ThreadPoolExecutor.java:1074)&#10;        at java.util.concurrent.ThreadPoolExecutor.runWorker(ThreadPoolExecutor.java:1134)&#10;        at java.util.concurrent.ThreadPoolExecutor$Worker.run(ThreadPoolExecutor.java:624)&#10;        at java.lang.Thread.run(Thread.java:748)&#10;&quot;qtp1842314090-1131&quot; daemon prio=5 tid=1131 timed_waiting&#10;java.lang.Thread.State: TIMED_WAITING&#10;        at sun.misc.Unsafe.park(Native Method)&#10;        at java.util.concurrent.locks.LockSupport.parkNanos(LockSupport.java:215)&#10;        at java.util.concurrent.locks.AbstractQueuedSynchronizer$ConditionObject.awaitNanos(AbstractQueuedSynchronizer.java:2078)&#10;        at org.eclipse.jetty.util.BlockingArrayQueue.poll(BlockingArrayQueue.java:392)&#10;        at org.eclipse.jetty.util.thread.QueuedThreadPool.idleJobPoll(QueuedThreadPool.java:563)&#10;        at org.eclipse.jetty.util.thread.QueuedThreadPool.access$800(QueuedThreadPool.java:48)&#10;        at org.eclipse.jetty.util.thread.QueuedThreadPool$2.run(QueuedThreadPool.java:626)&#10;        at java.lang.Thread.run(Thread.java:748)&#10;&quot;EventQueue-NodeRegistrationContainerReportForDataNodeSafeModeRule&quot; daemon prio=5 tid=1605 in Object.wait()&#10;java.lang.Thread.State: WAITING (on object monitor)&#10;        at sun.misc.Unsafe.park(Native Method)&#10;        at java.util.concurrent.locks.LockSupport.park(LockSupport.java:175)&#10;        at java.util.concurrent.locks.AbstractQueuedSynchronizer$ConditionObject.await(AbstractQueuedSynchronizer.java:2039)&#10;        at java.util.concurrent.LinkedBlockingQueue.take(LinkedBlockingQueue.java:442)&#10;        at java.util.concurrent.ThreadPoolExecutor.getTask(ThreadPoolExecutor.java:1074)&#10;        at java.util.concurrent.ThreadPoolExecutor.runWorker(ThreadPoolExecutor.java:1134)&#10;        at java.util.concurrent.ThreadPoolExecutor$Worker.run(ThreadPoolExecutor.java:624)&#10;        at java.lang.Thread.run(Thread.java:748)&#10;&quot;qtp1814361629-1161&quot; daemon prio=5 tid=1161 timed_waiting&#10;java.lang.Thread.State: TIMED_WAITING&#10;        at sun.misc.Unsafe.park(Native Method)&#10;        at java.util.concurrent.locks.LockSupport.parkNanos(LockSupport.java:215)&#10;        at java.util.concurrent.locks.AbstractQueuedSynchronizer$ConditionObject.awaitNanos(AbstractQueuedSynchronizer.java:2078)&#10;        at org.eclipse.jetty.util.BlockingArrayQueue.poll(BlockingArrayQueue.java:392)&#10;        at org.eclipse.jetty.util.thread.QueuedThreadPool.idleJobPoll(QueuedThreadPool.java:563)&#10;        at org.eclipse.jetty.util.thread.QueuedThreadPool.access$800(QueuedThreadPool.java:48)&#10;        at org.eclipse.jetty.util.thread.QueuedThreadPool$2.run(QueuedThreadPool.java:626)&#10;        at java.lang.Thread.run(Thread.java:748)&#10;&quot;IPC Client (2022285740) connection to /0.0.0.0:36272 from jenkins1000&quot; daemon prio=5 tid=1239 timed_waiting&#10;java.lang.Thread.State: TIMED_WAITING&#10;        at java.lang.Object.wait(Native Method)&#10;        at org.apache.hadoop.ipc.Client$Connection.waitForWork(Client.java:1024)&#10;        at org.apache.hadoop.ipc.Client$Connection.run(Client.java:1068)&#10;&quot;pool-237-thread-33&quot;  prio=5 tid=1453 in Object.wait()&#10;java.lang.Thread.State: WAITING (on object monitor)&#10;        at sun.misc.Unsafe.park(Native Method)&#10;        at java.util.concurrent.locks.LockSupport.park(LockSupport.java:175)&#10;        at java.util.concurrent.locks.AbstractQueuedSynchronizer$ConditionObject.await(AbstractQueuedSynchronizer.java:2039)&#10;        at java.util.concurrent.ArrayBlockingQueue.take(ArrayBlockingQueue.java:403)&#10;        at java.util.concurrent.ThreadPoolExecutor.getTask(ThreadPoolExecutor.java:1074)&#10;        at java.util.concurrent.ThreadPoolExecutor.runWorker(ThreadPoolExecutor.java:1134)&#10;        at java.util.concurrent.ThreadPoolExecutor$Worker.run(ThreadPoolExecutor.java:624)&#10;        at java.lang.Thread.run(Thread.java:748)&#10;&quot;qtp649827042-1068&quot; daemon prio=5 tid=1068 runnable&#10;java.lang.Thread.State: RUNNABLE&#10;        at sun.nio.ch.EPollArrayWrapper.epollWait(Native Method)&#10;        at sun.nio.ch.EPollArrayWrapper.poll(EPollArrayWrapper.java:269)&#10;        at sun.nio.ch.EPollSelectorImpl.doSelect(EPollSelectorImpl.java:93)&#10;        at sun.nio.ch.SelectorImpl.lockAndDoSelect(SelectorImpl.java:86)&#10;        at sun.nio.ch.SelectorImpl.select(SelectorImpl.java:97)&#10;        at sun.nio.ch.SelectorImpl.select(SelectorImpl.java:101)&#10;        at org.eclipse.jetty.io.ManagedSelector$SelectorProducer.select(ManagedSelector.java:243)&#10;        at org.eclipse.jetty.io.ManagedSelector$SelectorProducer.produce(ManagedSelector.java:191)&#10;        at org.eclipse.jetty.util.thread.strategy.ExecuteProduceConsume.executeProduceConsume(ExecuteProduceConsume.java:249)&#10;        at org.eclipse.jetty.util.thread.strategy.ExecuteProduceConsume.produceConsume(ExecuteProduceConsume.java:148)&#10;        at org.eclipse.jetty.util.thread.strategy.ExecuteProduceConsume.execute(ExecuteProduceConsume.java:100)&#10;        at org.eclipse.jetty.io.ManagedSelector.run(ManagedSelector.java:147)&#10;        at org.eclipse.jetty.util.thread.QueuedThreadPool.runJob(QueuedThreadPool.java:671)&#10;        at org.eclipse.jetty.util.thread.QueuedThreadPool$2.run(QueuedThreadPool.java:589)&#10;        at java.lang.Thread.run(Thread.java:748)&#10;&quot;pool-174-thread-16&quot;  prio=5 tid=1255 in Object.wait()&#10;java.lang.Thread.State: WAITING (on object monitor)&#10;        at sun.misc.Unsafe.park(Native Method)&#10;        at java.util.concurrent.locks.LockSupport.park(LockSupport.java:175)&#10;        at java.util.concurrent.locks.AbstractQueuedSynchronizer$ConditionObject.await(AbstractQueuedSynchronizer.java:2039)&#10;        at java.util.concurrent.ArrayBlockingQueue.take(ArrayBlockingQueue.java:403)&#10;        at java.util.concurrent.ThreadPoolExecutor.getTask(ThreadPoolExecutor.java:1074)&#10;        at java.util.concurrent.ThreadPoolExecutor.runWorker(ThreadPoolExecutor.java:1134)&#10;        at java.util.concurrent.ThreadPoolExecutor$Worker.run(ThreadPoolExecutor.java:624)&#10;        at java.lang.Thread.run(Thread.java:748)&#10;&quot;IPC Server listener on 36683&quot; daemon prio=5 tid=1019 runnable&#10;java.lang.Thread.State: RUNNABLE&#10;        at sun.nio.ch.EPollArrayWrapper.epollWait(Native Method)&#10;        at sun.nio.ch.EPollArrayWrapper.poll(EPollArrayWrapper.java:269)&#10;        at sun.nio.ch.EPollSelectorImpl.doSelect(EPollSelectorImpl.java:93)&#10;        at sun.nio.ch.SelectorImpl.lockAndDoSelect(SelectorImpl.java:86)&#10;        at sun.nio.ch.SelectorImpl.select(SelectorImpl.java:97)&#10;        at sun.nio.ch.SelectorImpl.select(SelectorImpl.java:101)&#10;        at org.apache.hadoop.ipc.Server$Listener.run(Server.java:1159)&#10;&quot;pool-279-thread-7&quot;  prio=5 tid=1547 in Object.wait()&#10;java.lang.Thread.State: WAITING (on object monitor)&#10;        at sun.misc.Unsafe.park(Native Method)&#10;        at java.util.concurrent.locks.LockSupport.park(LockSupport.java:175)&#10;        at java.util.concurrent.locks.AbstractQueuedSynchronizer$ConditionObject.await(AbstractQueuedSynchronizer.java:2039)&#10;        at java.util.concurrent.ArrayBlockingQueue.take(ArrayBlockingQueue.java:403)&#10;        at java.util.concurrent.ThreadPoolExecutor.getTask(ThreadPoolExecutor.java:1074)&#10;        at java.util.concurrent.ThreadPoolExecutor.runWorker(ThreadPoolExecutor.java:1134)&#10;        at java.util.concurrent.ThreadPoolExecutor$Worker.run(ThreadPoolExecutor.java:624)&#10;        at java.lang.Thread.run(Thread.java:748)&#10;&quot;org.eclipse.jetty.server.session.HashSessionManager@48cf8414Timer&quot; daemon prio=5 tid=1109 timed_waiting&#10;java.lang.Thread.State: TIMED_WAITING&#10;        at sun.misc.Unsafe.park(Native Method)&#10;        at java.util.concurrent.locks.LockSupport.parkNanos(LockSupport.java:215)&#10;        at java.util.concurrent.locks.AbstractQueuedSynchronizer$ConditionObject.awaitNanos(AbstractQueuedSynchronizer.java:2078)&#10;        at java.util.concurrent.ScheduledThreadPoolExecutor$DelayedWorkQueue.take(ScheduledThreadPoolExecutor.java:1093)&#10;        at java.util.concurrent.ScheduledThreadPoolExecutor$DelayedWorkQueue.take(ScheduledThreadPoolExecutor.java:809)&#10;        at java.util.concurrent.ThreadPoolExecutor.getTask(ThreadPoolExecutor.java:1074)&#10;        at java.util.concurrent.ThreadPoolExecutor.runWorker(ThreadPoolExecutor.java:1134)&#10;        at java.util.concurrent.ThreadPoolExecutor$Worker.run(ThreadPoolExecutor.java:624)&#10;        at java.lang.Thread.run(Thread.java:748)&#10;&quot;IPC Server handler 11 on 36272&quot; daemon prio=5 tid=995 timed_waiting&#10;java.lang.Thread.State: TIMED_WAITING&#10;        at sun.misc.Unsafe.park(Native Method)&#10;        at java.util.concurrent.locks.LockSupport.parkNanos(LockSupport.java:215)&#10;        at java.util.concurrent.locks.AbstractQueuedSynchronizer$ConditionObject.awaitNanos(AbstractQueuedSynchronizer.java:2078)&#10;        at java.util.concurrent.LinkedBlockingQueue.poll(LinkedBlockingQueue.java:467)&#10;        at org.apache.hadoop.ipc.CallQueueManager.take(CallQueueManager.java:288)&#10;        at org.apache.hadoop.ipc.Server$Handler.run(Server.java:2668)&#10;&quot;pool-174-thread-15&quot;  prio=5 tid=1254 in Object.wait()&#10;java.lang.Thread.State: WAITING (on object monitor)&#10;        at sun.misc.Unsafe.park(Native Method)&#10;        at java.util.concurrent.locks.LockSupport.park(LockSupport.java:175)&#10;        at java.util.concurrent.locks.AbstractQueuedSynchronizer$ConditionObject.await(AbstractQueuedSynchronizer.java:2039)&#10;        at java.util.concurrent.ArrayBlockingQueue.take(ArrayBlockingQueue.java:403)&#10;        at java.util.concurrent.ThreadPoolExecutor.getTask(ThreadPoolExecutor.java:1074)&#10;        at java.util.concurrent.ThreadPoolExecutor.runWorker(ThreadPoolExecutor.java:1134)&#10;        at java.util.concurrent.ThreadPoolExecutor$Worker.run(ThreadPoolExecutor.java:624)&#10;        at java.lang.Thread.run(Thread.java:748)&#10;&quot;pool-216-thread-56&quot;  prio=5 tid=1416 in Object.wait()&#10;java.lang.Thread.State: WAITING (on object monitor)&#10;        at sun.misc.Unsafe.park(Native Method)&#10;        at java.util.concurrent.locks.LockSupport.park(LockSupport.java:175)&#10;        at java.util.concurrent.locks.AbstractQueuedSynchronizer$ConditionObject.await(AbstractQueuedSynchronizer.java:2039)&#10;        at java.util.concurrent.ArrayBlockingQueue.take(ArrayBlockingQueue.java:403)&#10;        at java.util.concurrent.ThreadPoolExecutor.getTask(ThreadPoolExecutor.java:1074)&#10;        at java.util.concurrent.ThreadPoolExecutor.runWorker(ThreadPoolExecutor.java:1134)&#10;        at java.util.concurrent.ThreadPoolExecutor$Worker.run(ThreadPoolExecutor.java:624)&#10;        at java.lang.Thread.run(Thread.java:748)&#10;&quot;IPC Server handler 0 on 42412&quot; daemon prio=5 tid=964 timed_waiting&#10;java.lang.Thread.State: TIMED_WAITING&#10;        at sun.misc.Unsafe.park(Native Method)&#10;        at java.util.concurrent.locks.LockSupport.parkNanos(LockSupport.java:215)&#10;        at java.util.concurrent.locks.AbstractQueuedSynchronizer$ConditionObject.awaitNanos(AbstractQueuedSynchronizer.java:2078)&#10;        at java.util.concurrent.LinkedBlockingQueue.poll(LinkedBlockingQueue.java:467)&#10;        at org.apache.hadoop.ipc.CallQueueManager.take(CallQueueManager.java:288)&#10;        at org.apache.hadoop.ipc.Server$Handler.run(Server.java:2668)&#10;&quot;pool-258-thread-53&quot;  prio=5 tid=1533 in Object.wait()&#10;java.lang.Thread.State: WAITING (on object monitor)&#10;        at sun.misc.Unsafe.park(Native Method)&#10;        at java.util.concurrent.locks.LockSupport.park(LockSupport.java:175)&#10;        at java.util.concurrent.locks.AbstractQueuedSynchronizer$ConditionObject.await(AbstractQueuedSynchronizer.java:2039)&#10;        at java.util.concurrent.ArrayBlockingQueue.take(ArrayBlockingQueue.java:403)&#10;        at java.util.concurrent.ThreadPoolExecutor.getTask(ThreadPoolExecutor.java:1074)&#10;        at java.util.concurrent.ThreadPoolExecutor.runWorker(ThreadPoolExecutor.java:1134)&#10;        at java.util.concurrent.ThreadPoolExecutor$Worker.run(ThreadPoolExecutor.java:624)&#10;        at java.lang.Thread.run(Thread.java:748)&#10;&quot;pool-258-thread-49&quot;  prio=5 tid=1529 in Object.wait()&#10;java.lang.Thread.State: WAITING (on object monitor)&#10;        at sun.misc.Unsafe.park(Native Method)&#10;        at java.util.concurrent.locks.LockSupport.park(LockSupport.java:175)&#10;        at java.util.concurrent.locks.AbstractQueuedSynchronizer$ConditionObject.await(AbstractQueuedSynchronizer.java:2039)&#10;        at java.util.concurrent.ArrayBlockingQueue.take(ArrayBlockingQueue.java:403)&#10;        at java.util.concurrent.ThreadPoolExecutor.getTask(ThreadPoolExecutor.java:1074)&#10;        at java.util.concurrent.ThreadPoolExecutor.runWorker(ThreadPoolExecutor.java:1134)&#10;        at java.util.concurrent.ThreadPoolExecutor$Worker.run(ThreadPoolExecutor.java:624)&#10;        at java.lang.Thread.run(Thread.java:748)&#10;&quot;pool-279-thread-43&quot;  prio=5 tid=1583 in Object.wait()&#10;java.lang.Thread.State: WAITING (on object monitor)&#10;        at sun.misc.Unsafe.park(Native Method)&#10;        at java.util.concurrent.locks.LockSupport.park(LockSupport.java:175)&#10;        at java.util.concurrent.locks.AbstractQueuedSynchronizer$ConditionObject.await(AbstractQueuedSynchronizer.java:2039)&#10;        at java.util.concurrent.ArrayBlockingQueue.take(ArrayBlockingQueue.java:403)&#10;        at java.util.concurrent.ThreadPoolExecutor.getTask(ThreadPoolExecutor.java:1074)&#10;        at java.util.concurrent.ThreadPoolExecutor.runWorker(ThreadPoolExecutor.java:1134)&#10;        at java.util.concurrent.ThreadPoolExecutor$Worker.run(ThreadPoolExecutor.java:624)&#10;        at java.lang.Thread.run(Thread.java:748)&#10;&quot;pool-237-thread-4&quot;  prio=5 tid=1424 in Object.wait()&#10;java.lang.Thread.State: WAITING (on object monitor)&#10;        at sun.misc.Unsafe.park(Native Method)&#10;        at java.util.concurrent.locks.LockSupport.park(LockSupport.java:175)&#10;        at java.util.concurrent.locks.AbstractQueuedSynchronizer$ConditionObject.await(AbstractQueuedSynchronizer.java:2039)&#10;        at java.util.concurrent.ArrayBlockingQueue.take(ArrayBlockingQueue.java:403)&#10;        at java.util.concurrent.ThreadPoolExecutor.getTask(ThreadPoolExecutor.java:1074)&#10;        at java.util.concurrent.ThreadPoolExecutor.runWorker(ThreadPoolExecutor.java:1134)&#10;        at java.util.concurrent.ThreadPoolExecutor$Worker.run(ThreadPoolExecutor.java:624)&#10;        at java.lang.Thread.run(Thread.java:748)&#10;&quot;pool-195-thread-57&quot;  prio=5 tid=1357 in Object.wait()&#10;java.lang.Thread.State: WAITING (on object monitor)&#10;        at sun.misc.Unsafe.park(Native Method)&#10;        at java.util.concurrent.locks.LockSupport.park(LockSupport.java:175)&#10;        at java.util.concurrent.locks.AbstractQueuedSynchronizer$ConditionObject.await(AbstractQueuedSynchronizer.java:2039)&#10;        at java.util.concurrent.ArrayBlockingQueue.take(ArrayBlockingQueue.java:403)&#10;        at java.util.concurrent.ThreadPoolExecutor.getTask(ThreadPoolExecutor.java:1074)&#10;        at java.util.concurrent.ThreadPoolExecutor.runWorker(ThreadPoolExecutor.java:1134)&#10;        at java.util.concurrent.ThreadPoolExecutor$Worker.run(ThreadPoolExecutor.java:624)&#10;        at java.lang.Thread.run(Thread.java:748)&#10;&quot;refreshUsed-/tmp/workdir/hadoop-ozone/integration-test/target/test-dir/MiniOzoneClusterImpl-d6a8514b-9f5a-4ec7-be91-cc3589120d34/datanode-3/data/containers&quot; daemon prio=5 tid=1152 timed_waiting&#10;java.lang.Thread.State: TIMED_WAITING&#10;        at java.lang.Thread.sleep(Native Method)&#10;        at org.apache.hadoop.fs.CachingGetSpaceUsed$RefreshThread.run(CachingGetSpaceUsed.java:179)&#10;        at java.lang.Thread.run(Thread.java:748)&#10;&quot;IPC Server handler 14 on 36272&quot; daemon prio=5 tid=998 timed_waiting&#10;java.lang.Thread.State: TIMED_WAITING&#10;        at sun.misc.Unsafe.park(Native Method)&#10;        at java.util.concurrent.locks.LockSupport.parkNanos(LockSupport.java:215)&#10;        at java.util.concurrent.locks.AbstractQueuedSynchronizer$ConditionObject.awaitNanos(AbstractQueuedSynchronizer.java:2078)&#10;        at java.util.concurrent.LinkedBlockingQueue.poll(LinkedBlockingQueue.java:467)&#10;        at org.apache.hadoop.ipc.CallQueueManager.take(CallQueueManager.java:288)&#10;        at org.apache.hadoop.ipc.Server$Handler.run(Server.java:2668)&#10;&quot;qtp302256620-1190-acceptor-0@58fbf66a-ServerConnector@36c783ca{HTTP/1.1,[http/1.1]}{0.0.0.0:40650}&quot; daemon prio=3 tid=1190 runnable&#10;java.lang.Thread.State: RUNNABLE&#10;        at sun.nio.ch.ServerSocketChannelImpl.accept0(Native Method)&#10;        at sun.nio.ch.ServerSocketChannelImpl.accept(ServerSocketChannelImpl.java:422)&#10;        at sun.nio.ch.ServerSocketChannelImpl.accept(ServerSocketChannelImpl.java:250)&#10;        at org.eclipse.jetty.server.ServerConnector.accept(ServerConnector.java:397)&#10;        at org.eclipse.jetty.server.AbstractConnector$Acceptor.run(AbstractConnector.java:601)&#10;        at org.eclipse.jetty.util.thread.QueuedThreadPool.runJob(QueuedThreadPool.java:671)&#10;        at org.eclipse.jetty.util.thread.QueuedThreadPool$2.run(QueuedThreadPool.java:589)&#10;        at java.lang.Thread.run(Thread.java:748)&#10;&quot;KeyDeletingService#0&quot; daemon prio=5 tid=1023 timed_waiting&#10;java.lang.Thread.State: TIMED_WAITING&#10;        at sun.misc.Unsafe.park(Native Method)&#10;        at java.util.concurrent.locks.LockSupport.parkNanos(LockSupport.java:215)&#10;        at java.util.concurrent.locks.AbstractQueuedSynchronizer$ConditionObject.awaitNanos(AbstractQueuedSynchronizer.java:2078)&#10;        at java.util.concurrent.ScheduledThreadPoolExecutor$DelayedWorkQueue.take(ScheduledThreadPoolExecutor.java:1093)&#10;        at java.util.concurrent.ScheduledThreadPoolExecutor$DelayedWorkQueue.take(ScheduledThreadPoolExecutor.java:809)&#10;        at java.util.concurrent.ThreadPoolExecutor.getTask(ThreadPoolExecutor.java:1074)&#10;        at java.util.concurrent.ThreadPoolExecutor.runWorker(ThreadPoolExecutor.java:1134)&#10;        at java.util.concurrent.ThreadPoolExecutor$Worker.run(ThreadPoolExecutor.java:624)&#10;        at java.lang.Thread.run(Thread.java:748)&#10;&quot;pool-258-thread-50&quot;  prio=5 tid=1530 in Object.wait()&#10;java.lang.Thread.State: WAITING (on object monitor)&#10;        at sun.misc.Unsafe.park(Native Method)&#10;        at java.util.concurrent.locks.LockSupport.park(LockSupport.java:175)&#10;        at java.util.concurrent.locks.AbstractQueuedSynchronizer$ConditionObject.await(AbstractQueuedSynchronizer.java:2039)&#10;        at java.util.concurrent.ArrayBlockingQueue.take(ArrayBlockingQueue.java:403)&#10;        at java.util.concurrent.ThreadPoolExecutor.getTask(ThreadPoolExecutor.java:1074)&#10;        at java.util.concurrent.ThreadPoolExecutor.runWorker(ThreadPoolExecutor.java:1134)&#10;        at java.util.concurrent.ThreadPoolExecutor$Worker.run(ThreadPoolExecutor.java:624)&#10;        at java.lang.Thread.run(Thread.java:748)&#10;&quot;pool-156-thread-1&quot;  prio=5 tid=941 timed_waiting&#10;java.lang.Thread.State: TIMED_WAITING&#10;        at sun.misc.Unsafe.park(Native Method)&#10;        at java.util.concurrent.locks.LockSupport.parkNanos(LockSupport.java:215)&#10;        at java.util.concurrent.locks.AbstractQueuedSynchronizer$ConditionObject.awaitNanos(AbstractQueuedSynchronizer.java:2078)&#10;        at java.util.concurrent.ScheduledThreadPoolExecutor$DelayedWorkQueue.take(ScheduledThreadPoolExecutor.java:1093)&#10;        at java.util.concurrent.ScheduledThreadPoolExecutor$DelayedWorkQueue.take(ScheduledThreadPoolExecutor.java:809)&#10;        at java.util.concurrent.ThreadPoolExecutor.getTask(ThreadPoolExecutor.java:1074)&#10;        at java.util.concurrent.ThreadPoolExecutor.runWorker(ThreadPoolExecutor.java:1134)&#10;        at java.util.concurrent.ThreadPoolExecutor$Worker.run(ThreadPoolExecutor.java:624)&#10;        at java.lang.Thread.run(Thread.java:748)&#10;&quot;Datanode State Machine Thread - 0&quot; daemon prio=5 tid=1171 timed_waiting&#10;java.lang.Thread.State: TIMED_WAITING&#10;        at java.lang.Thread.sleep(Native Method)&#10;        at org.apache.hadoop.ozone.container.common.statemachine.DatanodeStateMachine.start(DatanodeStateMachine.java:191)&#10;        at org.apache.hadoop.ozone.container.common.statemachine.DatanodeStateMachine.lambda$startDaemon$0(DatanodeStateMachine.java:349)&#10;        at org.apache.hadoop.ozone.container.common.statemachine.DatanodeStateMachine$$Lambda$143/327170708.run(Unknown Source)&#10;        at java.lang.Thread.run(Thread.java:748)&#10;&quot;pool-237-thread-24&quot;  prio=5 tid=1444 in Object.wait()&#10;java.lang.Thread.State: WAITING (on object monitor)&#10;        at sun.misc.Unsafe.park(Native Method)&#10;        at java.util.concurrent.locks.LockSupport.park(LockSupport.java:175)&#10;        at java.util.concurrent.locks.AbstractQueuedSynchronizer$ConditionObject.await(AbstractQueuedSynchronizer.java:2039)&#10;        at java.util.concurrent.ArrayBlockingQueue.take(ArrayBlockingQueue.java:403)&#10;        at java.util.concurrent.ThreadPoolExecutor.getTask(ThreadPoolExecutor.java:1074)&#10;        at java.util.concurrent.ThreadPoolExecutor.runWorker(ThreadPoolExecutor.java:1134)&#10;        at java.util.concurrent.ThreadPoolExecutor$Worker.run(ThreadPoolExecutor.java:624)&#10;        at java.lang.Thread.run(Thread.java:748)&#10;&quot;pool-174-thread-54&quot;  prio=5 tid=1293 in Object.wait()&#10;java.lang.Thread.State: WAITING (on object monitor)&#10;        at sun.misc.Unsafe.park(Native Method)&#10;        at java.util.concurrent.locks.LockSupport.park(LockSupport.java:175)&#10;        at java.util.concurrent.locks.AbstractQueuedSynchronizer$ConditionObject.await(AbstractQueuedSynchronizer.java:2039)&#10;        at java.util.concurrent.ArrayBlockingQueue.take(ArrayBlockingQueue.java:403)&#10;        at java.util.concurrent.ThreadPoolExecutor.getTask(ThreadPoolExecutor.java:1074)&#10;        at java.util.concurrent.ThreadPoolExecutor.runWorker(ThreadPoolExecutor.java:1134)&#10;        at java.util.concurrent.ThreadPoolExecutor$Worker.run(ThreadPoolExecutor.java:624)&#10;        at java.lang.Thread.run(Thread.java:748)&#10;&quot;qtp1920846948-1224&quot; daemon prio=5 tid=1224 timed_waiting&#10;java.lang.Thread.State: TIMED_WAITING&#10;        at sun.misc.Unsafe.park(Native Method)&#10;        at java.util.concurrent.locks.LockSupport.parkNanos(LockSupport.java:215)&#10;        at java.util.concurrent.locks.AbstractQueuedSynchronizer$ConditionObject.awaitNanos(AbstractQueuedSynchronizer.java:2078)&#10;        at org.eclipse.jetty.util.BlockingArrayQueue.poll(BlockingArrayQueue.java:392)&#10;        at org.eclipse.jetty.util.thread.QueuedThreadPool.idleJobPoll(QueuedThreadPool.java:563)&#10;        at org.eclipse.jetty.util.thread.QueuedThreadPool.access$800(QueuedThreadPool.java:48)&#10;        at org.eclipse.jetty.util.thread.QueuedThreadPool$2.run(QueuedThreadPool.java:626)&#10;        at java.lang.Thread.run(Thread.java:748)&#10;&quot;pool-258-thread-2&quot;  prio=5 tid=1482 in Object.wait()&#10;java.lang.Thread.State: WAITING (on object monitor)&#10;        at sun.misc.Unsafe.park(Native Method)&#10;        at java.util.concurrent.locks.LockSupport.park(LockSupport.java:175)&#10;        at java.util.concurrent.locks.AbstractQueuedSynchronizer$ConditionObject.await(AbstractQueuedSynchronizer.java:2039)&#10;        at java.util.concurrent.ArrayBlockingQueue.take(ArrayBlockingQueue.java:403)&#10;        at java.util.concurrent.ThreadPoolExecutor.getTask(ThreadPoolExecutor.java:1074)&#10;        at java.util.concurrent.ThreadPoolExecutor.runWorker(ThreadPoolExecutor.java:1134)&#10;        at java.util.concurrent.ThreadPoolExecutor$Worker.run(ThreadPoolExecutor.java:624)&#10;        at java.lang.Thread.run(Thread.java:748)&#10;&quot;pool-237-thread-28&quot;  prio=5 tid=1448 in Object.wait()&#10;java.lang.Thread.State: WAITING (on object monitor)&#10;        at sun.misc.Unsafe.park(Native Method)&#10;        at java.util.concurrent.locks.LockSupport.park(LockSupport.java:175)&#10;        at java.util.concurrent.locks.AbstractQueuedSynchronizer$ConditionObject.await(AbstractQueuedSynchronizer.java:2039)&#10;        at java.util.concurrent.ArrayBlockingQueue.take(ArrayBlockingQueue.java:403)&#10;        at java.util.concurrent.ThreadPoolExecutor.getTask(ThreadPoolExecutor.java:1074)&#10;        at java.util.concurrent.ThreadPoolExecutor.runWorker(ThreadPoolExecutor.java:1134)&#10;        at java.util.concurrent.ThreadPoolExecutor$Worker.run(ThreadPoolExecutor.java:624)&#10;        at java.lang.Thread.run(Thread.java:748)&#10;&quot;pool-258-thread-48&quot;  prio=5 tid=1528 in Object.wait()&#10;java.lang.Thread.State: WAITING (on object monitor)&#10;        at sun.misc.Unsafe.park(Native Method)&#10;        at java.util.concurrent.locks.LockSupport.park(LockSupport.java:175)&#10;        at java.util.concurrent.locks.AbstractQueuedSynchronizer$ConditionObject.await(AbstractQueuedSynchronizer.java:2039)&#10;        at java.util.concurrent.ArrayBlockingQueue.take(ArrayBlockingQueue.java:403)&#10;        at java.util.concurrent.ThreadPoolExecutor.getTask(ThreadPoolExecutor.java:1074)&#10;        at java.util.concurrent.ThreadPoolExecutor.runWorker(ThreadPoolExecutor.java:1134)&#10;        at java.util.concurrent.ThreadPoolExecutor$Worker.run(ThreadPoolExecutor.java:624)&#10;        at java.lang.Thread.run(Thread.java:748)&#10;&quot;pool-258-thread-17&quot;  prio=5 tid=1497 in Object.wait()&#10;java.lang.Thread.State: WAITING (on object monitor)&#10;        at sun.misc.Unsafe.park(Native Method)&#10;        at java.util.concurrent.locks.LockSupport.park(LockSupport.java:175)&#10;        at java.util.concurrent.locks.AbstractQueuedSynchronizer$ConditionObject.await(AbstractQueuedSynchronizer.java:2039)&#10;        at java.util.concurrent.ArrayBlockingQueue.take(ArrayBlockingQueue.java:403)&#10;        at java.util.concurrent.ThreadPoolExecutor.getTask(ThreadPoolExecutor.java:1074)&#10;        at java.util.concurrent.ThreadPoolExecutor.runWorker(ThreadPoolExecutor.java:1134)&#10;        at java.util.concurrent.ThreadPoolExecutor$Worker.run(ThreadPoolExecutor.java:624)&#10;        at java.lang.Thread.run(Thread.java:748)&#10;&quot;qtp302256620-1194&quot; daemon prio=5 tid=1194 timed_waiting&#10;java.lang.Thread.State: TIMED_WAITING&#10;        at sun.misc.Unsafe.park(Native Method)&#10;        at java.util.concurrent.locks.LockSupport.parkNanos(LockSupport.java:215)&#10;        at java.util.concurrent.locks.AbstractQueuedSynchronizer$ConditionObject.awaitNanos(AbstractQueuedSynchronizer.java:2078)&#10;        at org.eclipse.jetty.util.BlockingArrayQueue.poll(BlockingArrayQueue.java:392)&#10;        at org.eclipse.jetty.util.thread.QueuedThreadPool.idleJobPoll(QueuedThreadPool.java:563)&#10;        at org.eclipse.jetty.util.thread.QueuedThreadPool.access$800(QueuedThreadPool.java:48)&#10;        at org.eclipse.jetty.util.thread.QueuedThreadPool$2.run(QueuedThreadPool.java:626)&#10;        at java.lang.Thread.run(Thread.java:748)&#10;&quot;pool-216-thread-32&quot;  prio=5 tid=1392 in Object.wait()&#10;java.lang.Thread.State: WAITING (on object monitor)&#10;        at sun.misc.Unsafe.park(Native Method)&#10;        at java.util.concurrent.locks.LockSupport.park(LockSupport.java:175)&#10;        at java.util.concurrent.locks.AbstractQueuedSynchronizer$ConditionObject.await(AbstractQueuedSynchronizer.java:2039)&#10;        at java.util.concurrent.ArrayBlockingQueue.take(ArrayBlockingQueue.java:403)&#10;        at java.util.concurrent.ThreadPoolExecutor.getTask(ThreadPoolExecutor.java:1074)&#10;        at java.util.concurrent.ThreadPoolExecutor.runWorker(ThreadPoolExecutor.java:1134)&#10;        at java.util.concurrent.ThreadPoolExecutor$Worker.run(ThreadPoolExecutor.java:624)&#10;        at java.lang.Thread.run(Thread.java:748)&#10;&quot;Datanode ReportManager Thread - 3&quot; daemon prio=5 tid=1085 in Object.wait()&#10;java.lang.Thread.State: WAITING (on object monitor)&#10;        at sun.misc.Unsafe.park(Native Method)&#10;        at java.util.concurrent.locks.LockSupport.park(LockSupport.java:175)&#10;        at java.util.concurrent.locks.AbstractQueuedSynchronizer$ConditionObject.await(AbstractQueuedSynchronizer.java:2039)&#10;        at java.util.concurrent.ScheduledThreadPoolExecutor$DelayedWorkQueue.take(ScheduledThreadPoolExecutor.java:1088)&#10;        at java.util.concurrent.ScheduledThreadPoolExecutor$DelayedWorkQueue.take(ScheduledThreadPoolExecutor.java:809)&#10;        at java.util.concurrent.ThreadPoolExecutor.getTask(ThreadPoolExecutor.java:1074)&#10;        at java.util.concurrent.ThreadPoolExecutor.runWorker(ThreadPoolExecutor.java:1134)&#10;        at java.util.concurrent.ThreadPoolExecutor$Worker.run(ThreadPoolExecutor.java:624)&#10;        at java.lang.Thread.run(Thread.java:748)&#10;&quot;IPC Server handler 15 on 36272&quot; daemon prio=5 tid=999 timed_waiting&#10;java.lang.Thread.State: TIMED_WAITING&#10;        at sun.misc.Unsafe.park(Native Method)&#10;        at java.util.concurrent.locks.LockSupport.parkNanos(LockSupport.java:215)&#10;        at java.util.concurrent.locks.AbstractQueuedSynchronizer$ConditionObject.awaitNanos(AbstractQueuedSynchronizer.java:2078)&#10;        at java.util.concurrent.LinkedBlockingQueue.poll(LinkedBlockingQueue.java:467)&#10;        at org.apache.hadoop.ipc.CallQueueManager.take(CallQueueManager.java:288)&#10;        at org.apache.hadoop.ipc.Server$Handler.run(Server.java:2668)&#10;&quot;IPC Server idle connection scanner for port 35612&quot; daemon prio=5 tid=939 timed_waiting&#10;java.lang.Thread.State: TIMED_WAITING&#10;        at java.lang.Object.wait(Native Method)&#10;        at java.util.TimerThread.mainLoop(Timer.java:552)&#10;        at java.util.TimerThread.run(Timer.java:505)&#10;&quot;pool-216-thread-34&quot;  prio=5 tid=1394 in Object.wait()&#10;java.lang.Thread.State: WAITING (on object monitor)&#10;        at sun.misc.Unsafe.park(Native Method)&#10;        at java.util.concurrent.locks.LockSupport.park(LockSupport.java:175)&#10;        at java.util.concurrent.locks.AbstractQueuedSynchronizer$ConditionObject.await(AbstractQueuedSynchronizer.java:2039)&#10;        at java.util.concurrent.ArrayBlockingQueue.take(ArrayBlockingQueue.java:403)&#10;        at java.util.concurrent.ThreadPoolExecutor.getTask(ThreadPoolExecutor.java:1074)&#10;        at java.util.concurrent.ThreadPoolExecutor.runWorker(ThreadPoolExecutor.java:1134)&#10;        at java.util.concurrent.ThreadPoolExecutor$Worker.run(ThreadPoolExecutor.java:624)&#10;        at java.lang.Thread.run(Thread.java:748)&#10;&quot;Datanode State Machine Thread - 0&quot; daemon prio=5 tid=1238 timed_waiting&#10;java.lang.Thread.State: TIMED_WAITING&#10;        at sun.misc.Unsafe.park(Native Method)&#10;        at java.util.concurrent.locks.LockSupport.parkNanos(LockSupport.java:215)&#10;        at java.util.concurrent.SynchronousQueue$TransferStack.awaitFulfill(SynchronousQueue.java:460)&#10;        at java.util.concurrent.SynchronousQueue$TransferStack.transfer(SynchronousQueue.java:362)&#10;        at java.util.concurrent.SynchronousQueue.poll(SynchronousQueue.java:941)&#10;        at java.util.concurrent.ThreadPoolExecutor.getTask(ThreadPoolExecutor.java:1073)&#10;        at java.util.concurrent.ThreadPoolExecutor.runWorker(ThreadPoolExecutor.java:1134)&#10;        at java.util.concurrent.ThreadPoolExecutor$Worker.run(ThreadPoolExecutor.java:624)&#10;        at java.lang.Thread.run(Thread.java:748)&#10;&quot;IPC Parameter Sending Thread #0&quot; daemon prio=5 tid=105 timed_waiting&#10;java.lang.Thread.State: TIMED_WAITING&#10;        at sun.misc.Unsafe.park(Native Method)&#10;        at java.util.concurrent.locks.LockSupport.parkNanos(LockSupport.java:215)&#10;        at java.util.concurrent.SynchronousQueue$TransferStack.awaitFulfill(SynchronousQueue.java:460)&#10;        at java.util.concurrent.SynchronousQueue$TransferStack.transfer(SynchronousQueue.java:362)&#10;        at java.util.concurrent.SynchronousQueue.poll(SynchronousQueue.java:941)&#10;        at java.util.concurrent.ThreadPoolExecutor.getTask(ThreadPoolExecutor.java:1073)&#10;        at java.util.concurrent.ThreadPoolExecutor.runWorker(ThreadPoolExecutor.java:1134)&#10;        at java.util.concurrent.ThreadPoolExecutor$Worker.run(ThreadPoolExecutor.java:624)&#10;        at java.lang.Thread.run(Thread.java:748)&#10;&quot;pool-216-thread-17&quot;  prio=5 tid=1377 in Object.wait()&#10;java.lang.Thread.State: WAITING (on object monitor)&#10;        at sun.misc.Unsafe.park(Native Method)&#10;        at java.util.concurrent.locks.LockSupport.park(LockSupport.java:175)&#10;        at java.util.concurrent.locks.AbstractQueuedSynchronizer$ConditionObject.await(AbstractQueuedSynchronizer.java:2039)&#10;        at java.util.concurrent.ArrayBlockingQueue.take(ArrayBlockingQueue.java:403)&#10;        at java.util.concurrent.ThreadPoolExecutor.getTask(ThreadPoolExecutor.java:1074)&#10;        at java.util.concurrent.ThreadPoolExecutor.runWorker(ThreadPoolExecutor.java:1134)&#10;        at java.util.concurrent.ThreadPoolExecutor$Worker.run(ThreadPoolExecutor.java:624)&#10;        at java.lang.Thread.run(Thread.java:748)&#10;&quot;BlockDeletingService#1&quot; daemon prio=5 tid=1097 timed_waiting&#10;java.lang.Thread.State: TIMED_WAITING&#10;        at sun.misc.Unsafe.park(Native Method)&#10;        at java.util.concurrent.locks.LockSupport.parkNanos(LockSupport.java:215)&#10;        at java.util.concurrent.locks.AbstractQueuedSynchronizer$ConditionObject.awaitNanos(AbstractQueuedSynchronizer.java:2078)&#10;        at java.util.concurrent.ScheduledThreadPoolExecutor$DelayedWorkQueue.take(ScheduledThreadPoolExecutor.java:1093)&#10;        at java.util.concurrent.ScheduledThreadPoolExecutor$DelayedWorkQueue.take(ScheduledThreadPoolExecutor.java:809)&#10;        at java.util.concurrent.ThreadPoolExecutor.getTask(ThreadPoolExecutor.java:1074)&#10;        at java.util.concurrent.ThreadPoolExecutor.runWorker(ThreadPoolExecutor.java:1134)&#10;        at java.util.concurrent.ThreadPoolExecutor$Worker.run(ThreadPoolExecutor.java:624)&#10;        at java.lang.Thread.run(Thread.java:748)&#10;&quot;pool-195-thread-39&quot;  prio=5 tid=1339 in Object.wait()&#10;java.lang.Thread.State: WAITING (on object monitor)&#10;        at sun.misc.Unsafe.park(Native Method)&#10;        at java.util.concurrent.locks.LockSupport.park(LockSupport.java:175)&#10;        at java.util.concurrent.locks.AbstractQueuedSynchronizer$ConditionObject.await(AbstractQueuedSynchronizer.java:2039)&#10;        at java.util.concurrent.ArrayBlockingQueue.take(ArrayBlockingQueue.java:403)&#10;        at java.util.concurrent.ThreadPoolExecutor.getTask(ThreadPoolExecutor.java:1074)&#10;        at java.util.concurrent.ThreadPoolExecutor.runWorker(ThreadPoolExecutor.java:1134)&#10;        at java.util.concurrent.ThreadPoolExecutor$Worker.run(ThreadPoolExecutor.java:624)&#10;        at java.lang.Thread.run(Thread.java:748)&#10;&quot;BlockDeletingService#2&quot; daemon prio=5 tid=1842 in Object.wait()&#10;java.lang.Thread.State: WAITING (on object monitor)&#10;        at sun.misc.Unsafe.park(Native Method)&#10;        at java.util.concurrent.locks.LockSupport.park(LockSupport.java:175)&#10;        at java.util.concurrent.locks.AbstractQueuedSynchronizer$ConditionObject.await(AbstractQueuedSynchronizer.java:2039)&#10;        at java.util.concurrent.ScheduledThreadPoolExecutor$DelayedWorkQueue.take(ScheduledThreadPoolExecutor.java:1088)&#10;        at java.util.concurrent.ScheduledThreadPoolExecutor$DelayedWorkQueue.take(ScheduledThreadPoolExecutor.java:809)&#10;        at java.util.concurrent.ThreadPoolExecutor.getTask(ThreadPoolExecutor.java:1074)&#10;        at java.util.concurrent.ThreadPoolExecutor.runWorker(ThreadPoolExecutor.java:1134)&#10;        at java.util.concurrent.ThreadPoolExecutor$Worker.run(ThreadPoolExecutor.java:624)&#10;        at java.lang.Thread.run(Thread.java:748)&#10;&quot;pool-237-thread-7&quot;  prio=5 tid=1427 in Object.wait()&#10;java.lang.Thread.State: WAITING (on object monitor)&#10;        at sun.misc.Unsafe.park(Native Method)&#10;        at java.util.concurrent.locks.LockSupport.park(LockSupport.java:175)&#10;        at java.util.concurrent.locks.AbstractQueuedSynchronizer$ConditionObject.await(AbstractQueuedSynchronizer.java:2039)&#10;        at java.util.concurrent.ArrayBlockingQueue.take(ArrayBlockingQueue.java:403)&#10;        at java.util.concurrent.ThreadPoolExecutor.getTask(ThreadPoolExecutor.java:1074)&#10;        at java.util.concurrent.ThreadPoolExecutor.runWorker(ThreadPoolExecutor.java:1134)&#10;        at java.util.concurrent.ThreadPoolExecutor$Worker.run(ThreadPoolExecutor.java:624)&#10;        at java.lang.Thread.run(Thread.java:748)&#10;&quot;pool-195-thread-35&quot;  prio=5 tid=1335 in Object.wait()&#10;java.lang.Thread.State: WAITING (on object monitor)&#10;        at sun.misc.Unsafe.park(Native Method)&#10;        at java.util.concurrent.locks.LockSupport.park(LockSupport.java:175)&#10;        at java.util.concurrent.locks.AbstractQueuedSynchronizer$ConditionObject.await(AbstractQueuedSynchronizer.java:2039)&#10;        at java.util.concurrent.ArrayBlockingQueue.take(ArrayBlockingQueue.java:403)&#10;        at java.util.concurrent.ThreadPoolExecutor.getTask(ThreadPoolExecutor.java:1074)&#10;        at java.util.concurrent.ThreadPoolExecutor.runWorker(ThreadPoolExecutor.java:1134)&#10;        at java.util.concurrent.ThreadPoolExecutor$Worker.run(ThreadPoolExecutor.java:624)&#10;        at java.lang.Thread.run(Thread.java:748)&#10;&quot;pool-195-thread-31&quot;  prio=5 tid=1331 in Object.wait()&#10;java.lang.Thread.State: WAITING (on object monitor)&#10;        at sun.misc.Unsafe.park(Native Method)&#10;        at java.util.concurrent.locks.LockSupport.park(LockSupport.java:175)&#10;        at java.util.concurrent.locks.AbstractQueuedSynchronizer$ConditionObject.await(AbstractQueuedSynchronizer.java:2039)&#10;        at java.util.concurrent.ArrayBlockingQueue.take(ArrayBlockingQueue.java:403)&#10;        at java.util.concurrent.ThreadPoolExecutor.getTask(ThreadPoolExecutor.java:1074)&#10;        at java.util.concurrent.ThreadPoolExecutor.runWorker(ThreadPoolExecutor.java:1134)&#10;        at java.util.concurrent.ThreadPoolExecutor$Worker.run(ThreadPoolExecutor.java:624)&#10;        at java.lang.Thread.run(Thread.java:748)&#10;&quot;pool-195-thread-13&quot;  prio=5 tid=1313 in Object.wait()&#10;java.lang.Thread.State: WAITING (on object monitor)&#10;        at sun.misc.Unsafe.park(Native Method)&#10;        at java.util.concurrent.locks.LockSupport.park(LockSupport.java:175)&#10;        at java.util.concurrent.locks.AbstractQueuedSynchronizer$ConditionObject.await(AbstractQueuedSynchronizer.java:2039)&#10;        at java.util.concurrent.ArrayBlockingQueue.take(ArrayBlockingQueue.java:403)&#10;        at java.util.concurrent.ThreadPoolExecutor.getTask(ThreadPoolExecutor.java:1074)&#10;        at java.util.concurrent.ThreadPoolExecutor.runWorker(ThreadPoolExecutor.java:1134)&#10;        at java.util.concurrent.ThreadPoolExecutor$Worker.run(ThreadPoolExecutor.java:624)&#10;        at java.lang.Thread.run(Thread.java:748)&#10;&quot;fbcfeba4-c65e-402f-8e8d-7e30531dec82-SegmentedRaftLogWorker:Storage Directory /tmp/workdir/hadoop-ozone/integration-test/target/test-dir/MiniOzoneClusterImpl-d6a8514b-9f5a-4ec7-be91-cc3589120d34/datanode-0/data/ratis/bd30e820-b256-4f1b-aa3b-c2f7898b6f77&quot;  prio=5 tid=1611 timed_waiting&#10;java.lang.Thread.State: TIMED_WAITING&#10;        at sun.misc.Unsafe.park(Native Method)&#10;        at java.util.concurrent.locks.LockSupport.parkNanos(LockSupport.java:215)&#10;        at java.util.concurrent.locks.AbstractQueuedSynchronizer$ConditionObject.awaitNanos(AbstractQueuedSynchronizer.java:2078)&#10;        at org.apache.ratis.util.DataBlockingQueue.poll(DataBlockingQueue.java:137)&#10;        at org.apache.ratis.server.raftlog.segmented.SegmentedRaftLogWorker.run(SegmentedRaftLogWorker.java:283)&#10;        at java.lang.Thread.run(Thread.java:748)&#10;&quot;pool-237-thread-43&quot;  prio=5 tid=1463 in Object.wait()&#10;java.lang.Thread.State: WAITING (on object monitor)&#10;        at sun.misc.Unsafe.park(Native Method)&#10;        at java.util.concurrent.locks.LockSupport.park(LockSupport.java:175)&#10;        at java.util.concurrent.locks.AbstractQueuedSynchronizer$ConditionObject.await(AbstractQueuedSynchronizer.java:2039)&#10;        at java.util.concurrent.ArrayBlockingQueue.take(ArrayBlockingQueue.java:403)&#10;        at java.util.concurrent.ThreadPoolExecutor.getTask(ThreadPoolExecutor.java:1074)&#10;        at java.util.concurrent.ThreadPoolExecutor.runWorker(ThreadPoolExecutor.java:1134)&#10;        at java.util.concurrent.ThreadPoolExecutor$Worker.run(ThreadPoolExecutor.java:624)&#10;        at java.lang.Thread.run(Thread.java:748)&#10;&quot;pool-216-thread-28&quot;  prio=5 tid=1388 in Object.wait()&#10;java.lang.Thread.State: WAITING (on object monitor)&#10;        at sun.misc.Unsafe.park(Native Method)&#10;        at java.util.concurrent.locks.LockSupport.park(LockSupport.java:175)&#10;        at java.util.concurrent.locks.AbstractQueuedSynchronizer$ConditionObject.await(AbstractQueuedSynchronizer.java:2039)&#10;        at java.util.concurrent.ArrayBlockingQueue.take(ArrayBlockingQueue.java:403)&#10;        at java.util.concurrent.ThreadPoolExecutor.getTask(ThreadPoolExecutor.java:1074)&#10;        at java.util.concurrent.ThreadPoolExecutor.runWorker(ThreadPoolExecutor.java:1134)&#10;        at java.util.concurrent.ThreadPoolExecutor$Worker.run(ThreadPoolExecutor.java:624)&#10;        at java.lang.Thread.run(Thread.java:748)&#10;&quot;pool-279-thread-36&quot;  prio=5 tid=1576 in Object.wait()&#10;java.lang.Thread.State: WAITING (on object monitor)&#10;        at sun.misc.Unsafe.park(Native Method)&#10;        at java.util.concurrent.locks.LockSupport.park(LockSupport.java:175)&#10;        at java.util.concurrent.locks.AbstractQueuedSynchronizer$ConditionObject.await(AbstractQueuedSynchronizer.java:2039)&#10;        at java.util.concurrent.ArrayBlockingQueue.take(ArrayBlockingQueue.java:403)&#10;        at java.util.concurrent.ThreadPoolExecutor.getTask(ThreadPoolExecutor.java:1074)&#10;        at java.util.concurrent.ThreadPoolExecutor.runWorker(ThreadPoolExecutor.java:1134)&#10;        at java.util.concurrent.ThreadPoolExecutor$Worker.run(ThreadPoolExecutor.java:624)&#10;        at java.lang.Thread.run(Thread.java:748)&#10;&quot;StateMachineUpdater:fbcfeba4-c65e-402f-8e8d-7e30531dec82:group-C2F7898B6F77&quot; daemon prio=5 tid=1612 in Object.wait()&#10;java.lang.Thread.State: WAITING (on object monitor)&#10;        at java.lang.Object.wait(Native Method)&#10;        at java.lang.Object.wait(Object.java:502)&#10;        at org.apache.ratis.server.impl.StateMachineUpdater.waitForCommit(StateMachineUpdater.java:180)&#10;        at org.apache.ratis.server.impl.StateMachineUpdater.run(StateMachineUpdater.java:138)&#10;        at java.lang.Thread.run(Thread.java:748)&#10;&quot;pool-237-thread-13&quot;  prio=5 tid=1433 in Object.wait()&#10;java.lang.Thread.State: WAITING (on object monitor)&#10;        at sun.misc.Unsafe.park(Native Method)&#10;        at java.util.concurrent.locks.LockSupport.park(LockSupport.java:175)&#10;        at java.util.concurrent.locks.AbstractQueuedSynchronizer$ConditionObject.await(AbstractQueuedSynchronizer.java:2039)&#10;        at java.util.concurrent.ArrayBlockingQueue.take(ArrayBlockingQueue.java:403)&#10;        at java.util.concurrent.ThreadPoolExecutor.getTask(ThreadPoolExecutor.java:1074)&#10;        at java.util.concurrent.ThreadPoolExecutor.runWorker(ThreadPoolExecutor.java:1134)&#10;        at java.util.concurrent.ThreadPoolExecutor$Worker.run(ThreadPoolExecutor.java:624)&#10;        at java.lang.Thread.run(Thread.java:748)&#10;&quot;pool-279-thread-20&quot;  prio=5 tid=1560 in Object.wait()&#10;java.lang.Thread.State: WAITING (on object monitor)&#10;        at sun.misc.Unsafe.park(Native Method)&#10;        at java.util.concurrent.locks.LockSupport.park(LockSupport.java:175)&#10;        at java.util.concurrent.locks.AbstractQueuedSynchronizer$ConditionObject.await(AbstractQueuedSynchronizer.java:2039)&#10;        at java.util.concurrent.ArrayBlockingQueue.take(ArrayBlockingQueue.java:403)&#10;        at java.util.concurrent.ThreadPoolExecutor.getTask(ThreadPoolExecutor.java:1074)&#10;        at java.util.concurrent.ThreadPoolExecutor.runWorker(ThreadPoolExecutor.java:1134)&#10;        at java.util.concurrent.ThreadPoolExecutor$Worker.run(ThreadPoolExecutor.java:624)&#10;        at java.lang.Thread.run(Thread.java:748)&#10;&quot;BlockDeletingService#0&quot; daemon prio=5 tid=1096 in Object.wait()&#10;java.lang.Thread.State: WAITING (on object monitor)&#10;        at sun.misc.Unsafe.park(Native Method)&#10;        at java.util.concurrent.locks.LockSupport.park(LockSupport.java:175)&#10;        at java.util.concurrent.locks.AbstractQueuedSynchronizer$ConditionObject.await(AbstractQueuedSynchronizer.java:2039)&#10;        at java.util.concurrent.ScheduledThreadPoolExecutor$DelayedWorkQueue.take(ScheduledThreadPoolExecutor.java:1088)&#10;        at java.util.concurrent.ScheduledThreadPoolExecutor$DelayedWorkQueue.take(ScheduledThreadPoolExecutor.java:809)&#10;        at java.util.concurrent.ThreadPoolExecutor.getTask(ThreadPoolExecutor.java:1074)&#10;        at java.util.concurrent.ThreadPoolExecutor.runWorker(ThreadPoolExecutor.java:1134)&#10;        at java.util.concurrent.ThreadPoolExecutor$Worker.run(ThreadPoolExecutor.java:624)&#10;        at java.lang.Thread.run(Thread.java:748)&#10;&quot;StateMachineUpdater:482e7165-fe12-46cd-a701-6952c6a65481:group-D12DA0922E45&quot; daemon prio=5 tid=1636 in Object.wait()&#10;java.lang.Thread.State: WAITING (on object monitor)&#10;        at java.lang.Object.wait(Native Method)&#10;        at java.lang.Object.wait(Object.java:502)&#10;        at org.apache.ratis.server.impl.StateMachineUpdater.waitForCommit(StateMachineUpdater.java:180)&#10;        at org.apache.ratis.server.impl.StateMachineUpdater.run(StateMachineUpdater.java:138)&#10;        at java.lang.Thread.run(Thread.java:748)&#10;&quot;pool-235-thread-1&quot; daemon prio=5 tid=1154 timed_waiting&#10;java.lang.Thread.State: TIMED_WAITING&#10;        at sun.misc.Unsafe.park(Native Method)&#10;        at java.util.concurrent.locks.LockSupport.parkNanos(LockSupport.java:215)&#10;        at java.util.concurrent.locks.AbstractQueuedSynchronizer$ConditionObject.awaitNanos(AbstractQueuedSynchronizer.java:2078)&#10;        at java.util.concurrent.ScheduledThreadPoolExecutor$DelayedWorkQueue.take(ScheduledThreadPoolExecutor.java:1093)&#10;        at java.util.concurrent.ScheduledThreadPoolExecutor$DelayedWorkQueue.take(ScheduledThreadPoolExecutor.java:809)&#10;        at java.util.concurrent.ThreadPoolExecutor.getTask(ThreadPoolExecutor.java:1074)&#10;        at java.util.concurrent.ThreadPoolExecutor.runWorker(ThreadPoolExecutor.java:1134)&#10;        at java.util.concurrent.ThreadPoolExecutor$Worker.run(ThreadPoolExecutor.java:624)&#10;        at java.lang.Thread.run(Thread.java:748)&#10;&quot;Timer-2&quot;  prio=5 tid=1025 timed_waiting&#10;java.lang.Thread.State: TIMED_WAITING&#10;        at java.lang.Object.wait(Native Method)&#10;        at java.util.TimerThread.mainLoop(Timer.java:552)&#10;        at java.util.TimerThread.run(Timer.java:505)&#10;&quot;IPC Server handler 9 on 36272&quot; daemon prio=5 tid=993 timed_waiting&#10;java.lang.Thread.State: TIMED_WAITING&#10;        at sun.misc.Unsafe.park(Native Method)&#10;        at java.util.concurrent.locks.LockSupport.parkNanos(LockSupport.java:215)&#10;        at java.util.concurrent.locks.AbstractQueuedSynchronizer$ConditionObject.awaitNanos(AbstractQueuedSynchronizer.java:2078)&#10;        at java.util.concurrent.LinkedBlockingQueue.poll(LinkedBlockingQueue.java:467)&#10;        at org.apache.hadoop.ipc.CallQueueManager.take(CallQueueManager.java:288)&#10;        at org.apache.hadoop.ipc.Server$Handler.run(Server.java:2668)&#10;&quot;org.apache.ratis.server.impl.LogAppender$AppenderDaemon$$Lambda$519/1176991522@2b5bd2df&quot; daemon prio=5 tid=1723 timed_waiting&#10;java.lang.Thread.State: TIMED_WAITING&#10;        at java.lang.Object.wait(Native Method)&#10;        at org.apache.ratis.grpc.server.GrpcLogAppender.mayWait(GrpcLogAppender.java:141)&#10;        at org.apache.ratis.grpc.server.GrpcLogAppender.runAppenderImpl(GrpcLogAppender.java:95)&#10;        at org.apache.ratis.server.impl.LogAppender$AppenderDaemon.run(LogAppender.java:80)&#10;        at org.apache.ratis.server.impl.LogAppender$AppenderDaemon$$Lambda$519/1176991522.run(Unknown Source)&#10;        at java.lang.Thread.run(Thread.java:748)&#10;&quot;IPC Server handler 16 on 36272&quot; daemon prio=5 tid=1000 timed_waiting&#10;java.lang.Thread.State: TIMED_WAITING&#10;        at sun.misc.Unsafe.park(Native Method)&#10;        at java.util.concurrent.locks.LockSupport.parkNanos(LockSupport.java:215)&#10;        at java.util.concurrent.locks.AbstractQueuedSynchronizer$ConditionObject.awaitNanos(AbstractQueuedSynchronizer.java:2078)&#10;        at java.util.concurrent.LinkedBlockingQueue.poll(LinkedBlockingQueue.java:467)&#10;        at org.apache.hadoop.ipc.CallQueueManager.take(CallQueueManager.java:288)&#10;        at org.apache.hadoop.ipc.Server$Handler.run(Server.java:2668)&#10;&quot;grpc-default-boss-ELG-4-1&quot; daemon prio=5 tid=1300 runnable&#10;java.lang.Thread.State: RUNNABLE&#10;        at sun.nio.ch.EPollArrayWrapper.epollWait(Native Method)&#10;        at sun.nio.ch.EPollArrayWrapper.poll(EPollArrayWrapper.java:269)&#10;        at sun.nio.ch.EPollSelectorImpl.doSelect(EPollSelectorImpl.java:93)&#10;        at sun.nio.ch.SelectorImpl.lockAndDoSelect(SelectorImpl.java:86)&#10;        at sun.nio.ch.SelectorImpl.select(SelectorImpl.java:97)&#10;        at org.apache.ratis.thirdparty.io.netty.channel.nio.SelectedSelectionKeySetSelector.select(SelectedSelectionKeySetSelector.java:62)&#10;        at org.apache.ratis.thirdparty.io.netty.channel.nio.NioEventLoop.select(NioEventLoop.java:753)&#10;        at org.apache.ratis.thirdparty.io.netty.channel.nio.NioEventLoop.run(NioEventLoop.java:408)&#10;        at org.apache.ratis.thirdparty.io.netty.util.concurrent.SingleThreadEventExecutor$5.run(SingleThreadEventExecutor.java:897)&#10;        at org.apache.ratis.thirdparty.io.netty.util.concurrent.FastThreadLocalRunnable.run(FastThreadLocalRunnable.java:30)&#10;        at java.lang.Thread.run(Thread.java:748)&#10;&quot;nioEventLoopGroup-22-1&quot;  prio=10 tid=1200 runnable&#10;java.lang.Thread.State: RUNNABLE&#10;        at sun.nio.ch.EPollArrayWrapper.epollWait(Native Method)&#10;        at sun.nio.ch.EPollArrayWrapper.poll(EPollArrayWrapper.java:269)&#10;        at sun.nio.ch.EPollSelectorImpl.doSelect(EPollSelectorImpl.java:93)&#10;        at sun.nio.ch.SelectorImpl.lockAndDoSelect(SelectorImpl.java:86)&#10;        at sun.nio.ch.SelectorImpl.select(SelectorImpl.java:97)&#10;        at io.netty.channel.nio.SelectedSelectionKeySetSelector.select(SelectedSelectionKeySetSelector.java:62)&#10;        at io.netty.channel.nio.NioEventLoop.select(NioEventLoop.java:753)&#10;        at io.netty.channel.nio.NioEventLoop.run(NioEventLoop.java:408)&#10;        at io.netty.util.concurrent.SingleThreadEventExecutor$5.run(SingleThreadEventExecutor.java:897)&#10;        at io.netty.util.concurrent.FastThreadLocalRunnable.run(FastThreadLocalRunnable.java:30)&#10;        at java.lang.Thread.run(Thread.java:748)&#10;&quot;StateMachineUpdater:4dd65c2c-d780-47ac-bbfa-d53e8644b05a:group-A81B324C06B5&quot; daemon prio=5 tid=1618 in Object.wait()&#10;java.lang.Thread.State: WAITING (on object monitor)&#10;        at java.lang.Object.wait(Native Method)&#10;        at java.lang.Object.wait(Object.java:502)&#10;        at org.apache.ratis.server.impl.StateMachineUpdater.waitForCommit(StateMachineUpdater.java:180)&#10;        at org.apache.ratis.server.impl.StateMachineUpdater.run(StateMachineUpdater.java:138)&#10;        at java.lang.Thread.run(Thread.java:748)&#10;&quot;grpc-default-worker-ELG-3-3&quot; daemon prio=5 tid=704 runnable&#10;java.lang.Thread.State: RUNNABLE&#10;        at sun.nio.ch.EPollArrayWrapper.epollWait(Native Method)&#10;        at sun.nio.ch.EPollArrayWrapper.poll(EPollArrayWrapper.java:269)&#10;        at sun.nio.ch.EPollSelectorImpl.doSelect(EPollSelectorImpl.java:93)&#10;        at sun.nio.ch.SelectorImpl.lockAndDoSelect(SelectorImpl.java:86)&#10;        at sun.nio.ch.SelectorImpl.select(SelectorImpl.java:97)&#10;        at org.apache.ratis.thirdparty.io.netty.channel.nio.SelectedSelectionKeySetSelector.select(SelectedSelectionKeySetSelector.java:62)&#10;        at org.apache.ratis.thirdparty.io.netty.channel.nio.NioEventLoop.select(NioEventLoop.java:753)&#10;        at org.apache.ratis.thirdparty.io.netty.channel.nio.NioEventLoop.run(NioEventLoop.java:408)&#10;        at org.apache.ratis.thirdparty.io.netty.util.concurrent.SingleThreadEventExecutor$5.run(SingleThreadEventExecutor.java:897)&#10;        at org.apache.ratis.thirdparty.io.netty.util.concurrent.FastThreadLocalRunnable.run(FastThreadLocalRunnable.java:30)&#10;        at java.lang.Thread.run(Thread.java:748)&#10;&quot;pool-195-thread-8&quot;  prio=5 tid=1308 in Object.wait()&#10;java.lang.Thread.State: WAITING (on object monitor)&#10;        at sun.misc.Unsafe.park(Native Method)&#10;        at java.util.concurrent.locks.LockSupport.park(LockSupport.java:175)&#10;        at java.util.concurrent.locks.AbstractQueuedSynchronizer$ConditionObject.await(AbstractQueuedSynchronizer.java:2039)&#10;        at java.util.concurrent.ArrayBlockingQueue.take(ArrayBlockingQueue.java:403)&#10;        at java.util.concurrent.ThreadPoolExecutor.getTask(ThreadPoolExecutor.java:1074)&#10;        at java.util.concurrent.ThreadPoolExecutor.runWorker(ThreadPoolExecutor.java:1134)&#10;        at java.util.concurrent.ThreadPoolExecutor$Worker.run(ThreadPoolExecutor.java:624)&#10;        at java.lang.Thread.run(Thread.java:748)&#10;&quot;EventQueue-NodeRegistrationContainerReportForContainerSafeModeRule&quot; daemon prio=5 tid=1604 in Object.wait()&#10;java.lang.Thread.State: WAITING (on object monitor)&#10;        at sun.misc.Unsafe.park(Native Method)&#10;        at java.util.concurrent.locks.LockSupport.park(LockSupport.java:175)&#10;        at java.util.concurrent.locks.AbstractQueuedSynchronizer$ConditionObject.await(AbstractQueuedSynchronizer.java:2039)&#10;        at java.util.concurrent.LinkedBlockingQueue.take(LinkedBlockingQueue.java:442)&#10;        at java.util.concurrent.ThreadPoolExecutor.getTask(ThreadPoolExecutor.java:1074)&#10;        at java.util.concurrent.ThreadPoolExecutor.runWorker(ThreadPoolExecutor.java:1134)&#10;        at java.util.concurrent.ThreadPoolExecutor$Worker.run(ThreadPoolExecutor.java:624)&#10;        at java.lang.Thread.run(Thread.java:748)&#10;&quot;pool-258-thread-26&quot;  prio=5 tid=1506 in Object.wait()&#10;java.lang.Thread.State: WAITING (on object monitor)&#10;        at sun.misc.Unsafe.park(Native Method)&#10;        at java.util.concurrent.locks.LockSupport.park(LockSupport.java:175)&#10;        at java.util.concurrent.locks.AbstractQueuedSynchronizer$ConditionObject.await(AbstractQueuedSynchronizer.java:2039)&#10;        at java.util.concurrent.ArrayBlockingQueue.take(ArrayBlockingQueue.java:403)&#10;        at java.util.concurrent.ThreadPoolExecutor.getTask(ThreadPoolExecutor.java:1074)&#10;        at java.util.concurrent.ThreadPoolExecutor.runWorker(ThreadPoolExecutor.java:1134)&#10;        at java.util.concurrent.ThreadPoolExecutor$Worker.run(ThreadPoolExecutor.java:624)&#10;        at java.lang.Thread.run(Thread.java:748)&#10;&quot;org.eclipse.jetty.server.session.HashSessionManager@4a453f8dTimer&quot; daemon prio=5 tid=1229 timed_waiting&#10;java.lang.Thread.State: TIMED_WAITING&#10;        at sun.misc.Unsafe.park(Native Method)&#10;        at java.util.concurrent.locks.LockSupport.parkNanos(LockSupport.java:215)&#10;        at java.util.concurrent.locks.AbstractQueuedSynchronizer$ConditionObject.awaitNanos(AbstractQueuedSynchronizer.java:2078)&#10;        at java.util.concurrent.ScheduledThreadPoolExecutor$DelayedWorkQueue.take(ScheduledThreadPoolExecutor.java:1093)&#10;        at java.util.concurrent.ScheduledThreadPoolExecutor$DelayedWorkQueue.take(ScheduledThreadPoolExecutor.java:809)&#10;        at java.util.concurrent.ThreadPoolExecutor.getTask(ThreadPoolExecutor.java:1074)&#10;        at java.util.concurrent.ThreadPoolExecutor.runWorker(ThreadPoolExecutor.java:1134)&#10;        at java.util.concurrent.ThreadPoolExecutor$Worker.run(ThreadPoolExecutor.java:624)&#10;        at java.lang.Thread.run(Thread.java:748)&#10;&quot;StateMachineUpdater:48c40916-4df4-43f1-8da9-aa837bc1a9b2:group-2CAFED4AB0A3&quot; daemon prio=5 tid=1661 in Object.wait()&#10;java.lang.Thread.State: WAITING (on object monitor)&#10;        at java.lang.Object.wait(Native Method)&#10;        at java.lang.Object.wait(Object.java:502)&#10;        at org.apache.ratis.server.impl.StateMachineUpdater.waitForCommit(StateMachineUpdater.java:180)&#10;        at org.apache.ratis.server.impl.StateMachineUpdater.run(StateMachineUpdater.java:138)&#10;        at java.lang.Thread.run(Thread.java:748)&#10;&quot;org.apache.hadoop.util.JvmPauseMonitor$Monitor@4f24e4f8&quot; daemon prio=5 tid=1147 timed_waiting&#10;java.lang.Thread.State: TIMED_WAITING&#10;        at java.lang.Thread.sleep(Native Method)&#10;        at org.apache.hadoop.util.JvmPauseMonitor$Monitor.run(JvmPauseMonitor.java:192)&#10;        at java.lang.Thread.run(Thread.java:748)&#10;&quot;pool-237-thread-20&quot;  prio=5 tid=1440 in Object.wait()&#10;java.lang.Thread.State: WAITING (on object monitor)&#10;        at sun.misc.Unsafe.park(Native Method)&#10;        at java.util.concurrent.locks.LockSupport.park(LockSupport.java:175)&#10;        at java.util.concurrent.locks.AbstractQueuedSynchronizer$ConditionObject.await(AbstractQueuedSynchronizer.java:2039)&#10;        at java.util.concurrent.ArrayBlockingQueue.take(ArrayBlockingQueue.java:403)&#10;        at java.util.concurrent.ThreadPoolExecutor.getTask(ThreadPoolExecutor.java:1074)&#10;        at java.util.concurrent.ThreadPoolExecutor.runWorker(ThreadPoolExecutor.java:1134)&#10;        at java.util.concurrent.ThreadPoolExecutor$Worker.run(ThreadPoolExecutor.java:624)&#10;        at java.lang.Thread.run(Thread.java:748)&#10;&quot;BlockDeletingService#2&quot; daemon prio=5 tid=1836 in Object.wait()&#10;java.lang.Thread.State: WAITING (on object monitor)&#10;        at sun.misc.Unsafe.park(Native Method)&#10;        at java.util.concurrent.locks.LockSupport.park(LockSupport.java:175)&#10;        at java.util.concurrent.locks.AbstractQueuedSynchronizer$ConditionObject.await(AbstractQueuedSynchronizer.java:2039)&#10;        at java.util.concurrent.ScheduledThreadPoolExecutor$DelayedWorkQueue.take(ScheduledThreadPoolExecutor.java:1088)&#10;        at java.util.concurrent.ScheduledThreadPoolExecutor$DelayedWorkQueue.take(ScheduledThreadPoolExecutor.java:809)&#10;        at java.util.concurrent.ThreadPoolExecutor.getTask(ThreadPoolExecutor.java:1074)&#10;        at java.util.concurrent.ThreadPoolExecutor.runWorker(ThreadPoolExecutor.java:1134)&#10;        at java.util.concurrent.ThreadPoolExecutor$Worker.run(ThreadPoolExecutor.java:624)&#10;        at java.lang.Thread.run(Thread.java:748)&#10;&quot;pool-216-thread-27&quot;  prio=5 tid=1387 in Object.wait()&#10;java.lang.Thread.State: WAITING (on object monitor)&#10;        at sun.misc.Unsafe.park(Native Method)&#10;        at java.util.concurrent.locks.LockSupport.park(LockSupport.java:175)&#10;        at java.util.concurrent.locks.AbstractQueuedSynchronizer$ConditionObject.await(AbstractQueuedSynchronizer.java:2039)&#10;        at java.util.concurrent.ArrayBlockingQueue.take(ArrayBlockingQueue.java:403)&#10;        at java.util.concurrent.ThreadPoolExecutor.getTask(ThreadPoolExecutor.java:1074)&#10;        at java.util.concurrent.ThreadPoolExecutor.runWorker(ThreadPoolExecutor.java:1134)&#10;        at java.util.concurrent.ThreadPoolExecutor$Worker.run(ThreadPoolExecutor.java:624)&#10;        at java.lang.Thread.run(Thread.java:748)&#10;&quot;pool-195-thread-9&quot;  prio=5 tid=1309 in Object.wait()&#10;java.lang.Thread.State: WAITING (on object monitor)&#10;        at sun.misc.Unsafe.park(Native Method)&#10;        at java.util.concurrent.locks.LockSupport.park(LockSupport.java:175)&#10;        at java.util.concurrent.locks.AbstractQueuedSynchronizer$ConditionObject.await(AbstractQueuedSynchronizer.java:2039)&#10;        at java.util.concurrent.ArrayBlockingQueue.take(ArrayBlockingQueue.java:403)&#10;        at java.util.concurrent.ThreadPoolExecutor.getTask(ThreadPoolExecutor.java:1074)&#10;        at java.util.concurrent.ThreadPoolExecutor.runWorker(ThreadPoolExecutor.java:1134)&#10;        at java.util.concurrent.ThreadPoolExecutor$Worker.run(ThreadPoolExecutor.java:624)&#10;        at java.lang.Thread.run(Thread.java:748)&#10;&quot;pool-237-thread-49&quot;  prio=5 tid=1469 in Object.wait()&#10;java.lang.Thread.State: WAITING (on object monitor)&#10;        at sun.misc.Unsafe.park(Native Method)&#10;        at java.util.concurrent.locks.LockSupport.park(LockSupport.java:175)&#10;        at java.util.concurrent.locks.AbstractQueuedSynchronizer$ConditionObject.await(AbstractQueuedSynchronizer.java:2039)&#10;        at java.util.concurrent.ArrayBlockingQueue.take(ArrayBlockingQueue.java:403)&#10;        at java.util.concurrent.ThreadPoolExecutor.getTask(ThreadPoolExecutor.java:1074)&#10;        at java.util.concurrent.ThreadPoolExecutor.runWorker(ThreadPoolExecutor.java:1134)&#10;        at java.util.concurrent.ThreadPoolExecutor$Worker.run(ThreadPoolExecutor.java:624)&#10;        at java.lang.Thread.run(Thread.java:748)&#10;&quot;qtp649827042-1071&quot; daemon prio=5 tid=1071 timed_waiting&#10;java.lang.Thread.State: TIMED_WAITING&#10;        at sun.misc.Unsafe.park(Native Method)&#10;        at java.util.concurrent.locks.LockSupport.parkNanos(LockSupport.java:215)&#10;        at java.util.concurrent.locks.AbstractQueuedSynchronizer$ConditionObject.awaitNanos(AbstractQueuedSynchronizer.java:2078)&#10;        at org.eclipse.jetty.util.BlockingArrayQueue.poll(BlockingArrayQueue.java:392)&#10;        at org.eclipse.jetty.util.thread.QueuedThreadPool.idleJobPoll(QueuedThreadPool.java:563)&#10;        at org.eclipse.jetty.util.thread.QueuedThreadPool.access$800(QueuedThreadPool.java:48)&#10;        at org.eclipse.jetty.util.thread.QueuedThreadPool$2.run(QueuedThreadPool.java:626)&#10;        at java.lang.Thread.run(Thread.java:748)&#10;&quot;IPC Server handler 17 on 42412&quot; daemon prio=5 tid=981 timed_waiting&#10;java.lang.Thread.State: TIMED_WAITING&#10;        at sun.misc.Unsafe.park(Native Method)&#10;        at java.util.concurrent.locks.LockSupport.parkNanos(LockSupport.java:215)&#10;        at java.util.concurrent.locks.AbstractQueuedSynchronizer$ConditionObject.awaitNanos(AbstractQueuedSynchronizer.java:2078)&#10;        at java.util.concurrent.LinkedBlockingQueue.poll(LinkedBlockingQueue.java:467)&#10;        at org.apache.hadoop.ipc.CallQueueManager.take(CallQueueManager.java:288)&#10;        at org.apache.hadoop.ipc.Server$Handler.run(Server.java:2668)&#10;&quot;SCM Heartbeat Processing Thread - 0&quot; daemon prio=5 tid=927 timed_waiting&#10;java.lang.Thread.State: TIMED_WAITING&#10;        at sun.misc.Unsafe.park(Native Method)&#10;        at java.util.concurrent.locks.LockSupport.parkNanos(LockSupport.java:215)&#10;        at java.util.concurrent.locks.AbstractQueuedSynchronizer$ConditionObject.awaitNanos(AbstractQueuedSynchronizer.java:2078)&#10;        at java.util.concurrent.ScheduledThreadPoolExecutor$DelayedWorkQueue.take(ScheduledThreadPoolExecutor.java:1093)&#10;        at java.util.concurrent.ScheduledThreadPoolExecutor$DelayedWorkQueue.take(ScheduledThreadPoolExecutor.java:809)&#10;        at java.util.concurrent.ThreadPoolExecutor.getTask(ThreadPoolExecutor.java:1074)&#10;        at java.util.concurrent.ThreadPoolExecutor.runWorker(ThreadPoolExecutor.java:1134)&#10;        at java.util.concurrent.ThreadPoolExecutor$Worker.run(ThreadPoolExecutor.java:624)&#10;        at java.lang.Thread.run(Thread.java:748)&#10;&quot;pool-237-thread-55&quot;  prio=5 tid=1475 in Object.wait()&#10;java.lang.Thread.State: WAITING (on object monitor)&#10;        at sun.misc.Unsafe.park(Native Method)&#10;        at java.util.concurrent.locks.LockSupport.park(LockSupport.java:175)&#10;        at java.util.concurrent.locks.AbstractQueuedSynchronizer$ConditionObject.await(AbstractQueuedSynchronizer.java:2039)&#10;        at java.util.concurrent.ArrayBlockingQueue.take(ArrayBlockingQueue.java:403)&#10;        at java.util.concurrent.ThreadPoolExecutor.getTask(ThreadPoolExecutor.java:1074)&#10;        at java.util.concurrent.ThreadPoolExecutor.runWorker(ThreadPoolExecutor.java:1134)&#10;        at java.util.concurrent.ThreadPoolExecutor$Worker.run(ThreadPoolExecutor.java:624)&#10;        at java.lang.Thread.run(Thread.java:748)&#10;&quot;nioEventLoopGroup-10-1&quot;  prio=10 tid=291 runnable&#10;java.lang.Thread.State: RUNNABLE&#10;        at sun.nio.ch.EPollArrayWrapper.epollWait(Native Method)&#10;        at sun.nio.ch.EPollArrayWrapper.poll(EPollArrayWrapper.java:269)&#10;        at sun.nio.ch.EPollSelectorImpl.doSelect(EPollSelectorImpl.java:93)&#10;        at sun.nio.ch.SelectorImpl.lockAndDoSelect(SelectorImpl.java:86)&#10;        at sun.nio.ch.SelectorImpl.select(SelectorImpl.java:97)&#10;        at io.netty.channel.nio.SelectedSelectionKeySetSelector.select(SelectedSelectionKeySetSelector.java:62)&#10;        at io.netty.channel.nio.NioEventLoop.select(NioEventLoop.java:753)&#10;        at io.netty.channel.nio.NioEventLoop.run(NioEventLoop.java:408)&#10;        at io.netty.util.concurrent.SingleThreadEventExecutor$5.run(SingleThreadEventExecutor.java:897)&#10;        at io.netty.util.concurrent.FastThreadLocalRunnable.run(FastThreadLocalRunnable.java:30)&#10;        at java.lang.Thread.run(Thread.java:748)&#10;&quot;Datanode ReportManager Thread - 2&quot; daemon prio=5 tid=1084 timed_waiting&#10;java.lang.Thread.State: TIMED_WAITING&#10;        at sun.misc.Unsafe.park(Native Method)&#10;        at java.util.concurrent.locks.LockSupport.parkNanos(LockSupport.java:215)&#10;        at java.util.concurrent.locks.AbstractQueuedSynchronizer$ConditionObject.awaitNanos(AbstractQueuedSynchronizer.java:2078)&#10;        at java.util.concurrent.ScheduledThreadPoolExecutor$DelayedWorkQueue.take(ScheduledThreadPoolExecutor.java:1093)&#10;        at java.util.concurrent.ScheduledThreadPoolExecutor$DelayedWorkQueue.take(ScheduledThreadPoolExecutor.java:809)&#10;        at java.util.concurrent.ThreadPoolExecutor.getTask(ThreadPoolExecutor.java:1074)&#10;        at java.util.concurrent.ThreadPoolExecutor.runWorker(ThreadPoolExecutor.java:1134)&#10;        at java.util.concurrent.ThreadPoolExecutor$Worker.run(ThreadPoolExecutor.java:624)&#10;        at java.lang.Thread.run(Thread.java:748)&#10;&quot;pool-174-thread-32&quot;  prio=5 tid=1271 in Object.wait()&#10;java.lang.Thread.State: WAITING (on object monitor)&#10;        at sun.misc.Unsafe.park(Native Method)&#10;        at java.util.concurrent.locks.LockSupport.park(LockSupport.java:175)&#10;        at java.util.concurrent.locks.AbstractQueuedSynchronizer$ConditionObject.await(AbstractQueuedSynchronizer.java:2039)&#10;        at java.util.concurrent.ArrayBlockingQueue.take(ArrayBlockingQueue.java:403)&#10;        at java.util.concurrent.ThreadPoolExecutor.getTask(ThreadPoolExecutor.java:1074)&#10;        at java.util.concurrent.ThreadPoolExecutor.runWorker(ThreadPoolExecutor.java:1134)&#10;        at java.util.concurrent.ThreadPoolExecutor$Worker.run(ThreadPoolExecutor.java:624)&#10;        at java.lang.Thread.run(Thread.java:748)&#10;&quot;IPC Server handler 9 on 42412&quot; daemon prio=5 tid=973 timed_waiting&#10;java.lang.Thread.State: TIMED_WAITING&#10;        at sun.misc.Unsafe.park(Native Method)&#10;        at java.util.concurrent.locks.LockSupport.parkNanos(LockSupport.java:215)&#10;        at java.util.concurrent.locks.AbstractQueuedSynchronizer$ConditionObject.awaitNanos(AbstractQueuedSynchronizer.java:2078)&#10;        at java.util.concurrent.LinkedBlockingQueue.poll(LinkedBlockingQueue.java:467)&#10;        at org.apache.hadoop.ipc.CallQueueManager.take(CallQueueManager.java:288)&#10;        at org.apache.hadoop.ipc.Server$Handler.run(Server.java:2668)&#10;&quot;nioEventLoopGroup-20-1&quot;  prio=10 tid=1170 runnable&#10;java.lang.Thread.State: RUNNABLE&#10;        at sun.nio.ch.EPollArrayWrapper.epollWait(Native Method)&#10;        at sun.nio.ch.EPollArrayWrapper.poll(EPollArrayWrapper.java:269)&#10;        at sun.nio.ch.EPollSelectorImpl.doSelect(EPollSelectorImpl.java:93)&#10;        at sun.nio.ch.SelectorImpl.lockAndDoSelect(SelectorImpl.java:86)&#10;        at sun.nio.ch.SelectorImpl.select(SelectorImpl.java:97)&#10;        at io.netty.channel.nio.SelectedSelectionKeySetSelector.select(SelectedSelectionKeySetSelector.java:62)&#10;        at io.netty.channel.nio.NioEventLoop.select(NioEventLoop.java:753)&#10;        at io.netty.channel.nio.NioEventLoop.run(NioEventLoop.java:408)&#10;        at io.netty.util.concurrent.SingleThreadEventExecutor$5.run(SingleThreadEventExecutor.java:897)&#10;        at io.netty.util.concurrent.FastThreadLocalRunnable.run(FastThreadLocalRunnable.java:30)&#10;        at java.lang.Thread.run(Thread.java:748)&#10;&quot;pool-279-thread-13&quot;  prio=5 tid=1553 in Object.wait()&#10;java.lang.Thread.State: WAITING (on object monitor)&#10;        at sun.misc.Unsafe.park(Native Method)&#10;        at java.util.concurrent.locks.LockSupport.park(LockSupport.java:175)&#10;        at java.util.concurrent.locks.AbstractQueuedSynchronizer$ConditionObject.await(AbstractQueuedSynchronizer.java:2039)&#10;        at java.util.concurrent.ArrayBlockingQueue.take(ArrayBlockingQueue.java:403)&#10;        at java.util.concurrent.ThreadPoolExecutor.getTask(ThreadPoolExecutor.java:1074)&#10;        at java.util.concurrent.ThreadPoolExecutor.runWorker(ThreadPoolExecutor.java:1134)&#10;        at java.util.concurrent.ThreadPoolExecutor$Worker.run(ThreadPoolExecutor.java:624)&#10;        at java.lang.Thread.run(Thread.java:748)&#10;&quot;Thread-690&quot; daemon prio=5 tid=1695 timed_waiting&#10;java.lang.Thread.State: TIMED_WAITING&#10;        at java.lang.Thread.sleep(Native Method)&#10;        at org.apache.ratis.util.JavaUtils.sleep(JavaUtils.java:247)&#10;        at org.apache.ratis.server.impl.FollowerState.run(FollowerState.java:96)&#10;&quot;pool-258-thread-21&quot;  prio=5 tid=1501 in Object.wait()&#10;java.lang.Thread.State: WAITING (on object monitor)&#10;        at sun.misc.Unsafe.park(Native Method)&#10;        at java.util.concurrent.locks.LockSupport.park(LockSupport.java:175)&#10;        at java.util.concurrent.locks.AbstractQueuedSynchronizer$ConditionObject.await(AbstractQueuedSynchronizer.java:2039)&#10;        at java.util.concurrent.ArrayBlockingQueue.take(ArrayBlockingQueue.java:403)&#10;        at java.util.concurrent.ThreadPoolExecutor.getTask(ThreadPoolExecutor.java:1074)&#10;        at java.util.concurrent.ThreadPoolExecutor.runWorker(ThreadPoolExecutor.java:1134)&#10;        at java.util.concurrent.ThreadPoolExecutor$Worker.run(ThreadPoolExecutor.java:624)&#10;        at java.lang.Thread.run(Thread.java:748)&#10;&quot;pool-279-thread-54&quot;  prio=5 tid=1594 in Object.wait()&#10;java.lang.Thread.State: WAITING (on object monitor)&#10;        at sun.misc.Unsafe.park(Native Method)&#10;        at java.util.concurrent.locks.LockSupport.park(LockSupport.java:175)&#10;        at java.util.concurrent.locks.AbstractQueuedSynchronizer$ConditionObject.await(AbstractQueuedSynchronizer.java:2039)&#10;        at java.util.concurrent.ArrayBlockingQueue.take(ArrayBlockingQueue.java:403)&#10;        at java.util.concurrent.ThreadPoolExecutor.getTask(ThreadPoolExecutor.java:1074)&#10;        at java.util.concurrent.ThreadPoolExecutor.runWorker(ThreadPoolExecutor.java:1134)&#10;        at java.util.concurrent.ThreadPoolExecutor$Worker.run(ThreadPoolExecutor.java:624)&#10;        at java.lang.Thread.run(Thread.java:748)&#10;&quot;pool-279-thread-33&quot;  prio=5 tid=1573 in Object.wait()&#10;java.lang.Thread.State: WAITING (on object monitor)&#10;        at sun.misc.Unsafe.park(Native Method)&#10;        at java.util.concurrent.locks.LockSupport.park(LockSupport.java:175)&#10;        at java.util.concurrent.locks.AbstractQueuedSynchronizer$ConditionObject.await(AbstractQueuedSynchronizer.java:2039)&#10;        at java.util.concurrent.ArrayBlockingQueue.take(ArrayBlockingQueue.java:403)&#10;        at java.util.concurrent.ThreadPoolExecutor.getTask(ThreadPoolExecutor.java:1074)&#10;        at java.util.concurrent.ThreadPoolExecutor.runWorker(ThreadPoolExecutor.java:1134)&#10;        at java.util.concurrent.ThreadPoolExecutor$Worker.run(ThreadPoolExecutor.java:624)&#10;        at java.lang.Thread.run(Thread.java:748)&#10;&quot;pool-174-thread-2&quot;  prio=5 tid=1241 in Object.wait()&#10;java.lang.Thread.State: WAITING (on object monitor)&#10;        at sun.misc.Unsafe.park(Native Method)&#10;        at java.util.concurrent.locks.LockSupport.park(LockSupport.java:175)&#10;        at java.util.concurrent.locks.AbstractQueuedSynchronizer$ConditionObject.await(AbstractQueuedSynchronizer.java:2039)&#10;        at java.util.concurrent.ArrayBlockingQueue.take(ArrayBlockingQueue.java:403)&#10;        at java.util.concurrent.ThreadPoolExecutor.getTask(ThreadPoolExecutor.java:1074)&#10;        at java.util.concurrent.ThreadPoolExecutor.runWorker(ThreadPoolExecutor.java:1134)&#10;        at java.util.concurrent.ThreadPoolExecutor$Worker.run(ThreadPoolExecutor.java:624)&#10;        at java.lang.Thread.run(Thread.java:748)&#10;&quot;java.util.concurrent.ThreadPoolExecutor$Worker@3ea13742[State = -1, empty queue]&quot; daemon prio=5 tid=1698 timed_waiting&#10;java.lang.Thread.State: TIMED_WAITING&#10;        at sun.misc.Unsafe.park(Native Method)&#10;        at java.util.concurrent.locks.LockSupport.parkNanos(LockSupport.java:215)&#10;        at java.util.concurrent.locks.AbstractQueuedSynchronizer$ConditionObject.awaitNanos(AbstractQueuedSynchronizer.java:2078)&#10;        at java.util.concurrent.ScheduledThreadPoolExecutor$DelayedWorkQueue.take(ScheduledThreadPoolExecutor.java:1093)&#10;        at java.util.concurrent.ScheduledThreadPoolExecutor$DelayedWorkQueue.take(ScheduledThreadPoolExecutor.java:809)&#10;        at java.util.concurrent.ThreadPoolExecutor.getTask(ThreadPoolExecutor.java:1074)&#10;        at java.util.concurrent.ThreadPoolExecutor.runWorker(ThreadPoolExecutor.java:1134)&#10;        at java.util.concurrent.ThreadPoolExecutor$Worker.run(ThreadPoolExecutor.java:624)&#10;        at java.lang.Thread.run(Thread.java:748)&#10;&quot;pool-174-thread-6&quot;  prio=5 tid=1245 in Object.wait()&#10;java.lang.Thread.State: WAITING (on object monitor)&#10;        at sun.misc.Unsafe.park(Native Method)&#10;        at java.util.concurrent.locks.LockSupport.park(LockSupport.java:175)&#10;        at java.util.concurrent.locks.AbstractQueuedSynchronizer$ConditionObject.await(AbstractQueuedSynchronizer.java:2039)&#10;        at java.util.concurrent.ArrayBlockingQueue.take(ArrayBlockingQueue.java:403)&#10;        at java.util.concurrent.ThreadPoolExecutor.getTask(ThreadPoolExecutor.java:1074)&#10;        at java.util.concurrent.ThreadPoolExecutor.runWorker(ThreadPoolExecutor.java:1134)&#10;        at java.util.concurrent.ThreadPoolExecutor$Worker.run(ThreadPoolExecutor.java:624)&#10;        at java.lang.Thread.run(Thread.java:748)&#10;&quot;IPC Server handler 0 on 36272&quot; daemon prio=5 tid=984 timed_waiting&#10;java.lang.Thread.State: TIMED_WAITING&#10;        at sun.misc.Unsafe.park(Native Method)&#10;        at java.util.concurrent.locks.LockSupport.parkNanos(LockSupport.java:215)&#10;        at java.util.concurrent.locks.AbstractQueuedSynchronizer$ConditionObject.awaitNanos(AbstractQueuedSynchronizer.java:2078)&#10;        at java.util.concurrent.LinkedBlockingQueue.poll(LinkedBlockingQueue.java:467)&#10;        at org.apache.hadoop.ipc.CallQueueManager.take(CallQueueManager.java:288)&#10;        at org.apache.hadoop.ipc.Server$Handler.run(Server.java:2668)&#10;&quot;pool-174-thread-5&quot;  prio=5 tid=1244 in Object.wait()&#10;java.lang.Thread.State: WAITING (on object monitor)&#10;        at sun.misc.Unsafe.park(Native Method)&#10;        at java.util.concurrent.locks.LockSupport.park(LockSupport.java:175)&#10;        at java.util.concurrent.locks.AbstractQueuedSynchronizer$ConditionObject.await(AbstractQueuedSynchronizer.java:2039)&#10;        at java.util.concurrent.ArrayBlockingQueue.take(ArrayBlockingQueue.java:403)&#10;        at java.util.concurrent.ThreadPoolExecutor.getTask(ThreadPoolExecutor.java:1074)&#10;        at java.util.concurrent.ThreadPoolExecutor.runWorker(ThreadPoolExecutor.java:1134)&#10;        at java.util.concurrent.ThreadPoolExecutor$Worker.run(ThreadPoolExecutor.java:624)&#10;        at java.lang.Thread.run(Thread.java:748)&#10;&quot;pool-216-thread-1&quot;  prio=5 tid=1361 in Object.wait()&#10;java.lang.Thread.State: WAITING (on object monitor)&#10;        at sun.misc.Unsafe.park(Native Method)&#10;        at java.util.concurrent.locks.LockSupport.park(LockSupport.java:175)&#10;        at java.util.concurrent.locks.AbstractQueuedSynchronizer$ConditionObject.await(AbstractQueuedSynchronizer.java:2039)&#10;        at java.util.concurrent.ArrayBlockingQueue.take(ArrayBlockingQueue.java:403)&#10;        at java.util.concurrent.ThreadPoolExecutor.getTask(ThreadPoolExecutor.java:1074)&#10;        at java.util.concurrent.ThreadPoolExecutor.runWorker(ThreadPoolExecutor.java:1134)&#10;        at java.util.concurrent.ThreadPoolExecutor$Worker.run(ThreadPoolExecutor.java:624)&#10;        at java.lang.Thread.run(Thread.java:748)&#10;&quot;pool-174-thread-35&quot;  prio=5 tid=1274 in Object.wait()&#10;java.lang.Thread.State: WAITING (on object monitor)&#10;        at sun.misc.Unsafe.park(Native Method)&#10;        at java.util.concurrent.locks.LockSupport.park(LockSupport.java:175)&#10;        at java.util.concurrent.locks.AbstractQueuedSynchronizer$ConditionObject.await(AbstractQueuedSynchronizer.java:2039)&#10;        at java.util.concurrent.ArrayBlockingQueue.take(ArrayBlockingQueue.java:403)&#10;        at java.util.concurrent.ThreadPoolExecutor.getTask(ThreadPoolExecutor.java:1074)&#10;        at java.util.concurrent.ThreadPoolExecutor.runWorker(ThreadPoolExecutor.java:1134)&#10;        at java.util.concurrent.ThreadPoolExecutor$Worker.run(ThreadPoolExecutor.java:624)&#10;        at java.lang.Thread.run(Thread.java:748)&#10;&quot;pool-237-thread-57&quot;  prio=5 tid=1477 in Object.wait()&#10;java.lang.Thread.State: WAITING (on object monitor)&#10;        at sun.misc.Unsafe.park(Native Method)&#10;        at java.util.concurrent.locks.LockSupport.park(LockSupport.java:175)&#10;        at java.util.concurrent.locks.AbstractQueuedSynchronizer$ConditionObject.await(AbstractQueuedSynchronizer.java:2039)&#10;        at java.util.concurrent.ArrayBlockingQueue.take(ArrayBlockingQueue.java:403)&#10;        at java.util.concurrent.ThreadPoolExecutor.getTask(ThreadPoolExecutor.java:1074)&#10;        at java.util.concurrent.ThreadPoolExecutor.runWorker(ThreadPoolExecutor.java:1134)&#10;        at java.util.concurrent.ThreadPoolExecutor$Worker.run(ThreadPoolExecutor.java:624)&#10;        at java.lang.Thread.run(Thread.java:748)&#10;&quot;IPC Server handler 6 on 36683&quot; daemon prio=5 tid=1032 timed_waiting&#10;java.lang.Thread.State: TIMED_WAITING&#10;        at sun.misc.Unsafe.park(Native Method)&#10;        at java.util.concurrent.locks.LockSupport.parkNanos(LockSupport.java:215)&#10;        at java.util.concurrent.locks.AbstractQueuedSynchronizer$ConditionObject.awaitNanos(AbstractQueuedSynchronizer.java:2078)&#10;        at java.util.concurrent.LinkedBlockingQueue.poll(LinkedBlockingQueue.java:467)&#10;        at org.apache.hadoop.ipc.CallQueueManager.take(CallQueueManager.java:288)&#10;        at org.apache.hadoop.ipc.Server$Handler.run(Server.java:2668)&#10;&quot;jaeger.RemoteReporter-FlushTimer&quot; daemon prio=5 tid=147 timed_waiting&#10;java.lang.Thread.State: TIMED_WAITING&#10;        at java.lang.Object.wait(Native Method)&#10;        at java.util.TimerThread.mainLoop(Timer.java:552)&#10;        at java.util.TimerThread.run(Timer.java:505)&#10;&quot;Thread-699&quot; daemon prio=5 tid=1704 timed_waiting&#10;java.lang.Thread.State: TIMED_WAITING&#10;        at sun.misc.Unsafe.park(Native Method)&#10;        at java.util.concurrent.locks.LockSupport.parkNanos(LockSupport.java:215)&#10;        at java.util.concurrent.locks.AbstractQueuedSynchronizer$ConditionObject.awaitNanos(AbstractQueuedSynchronizer.java:2078)&#10;        at java.util.concurrent.ArrayBlockingQueue.poll(ArrayBlockingQueue.java:418)&#10;        at org.apache.ratis.server.impl.LeaderState$EventQueue.poll(LeaderState.java:114)&#10;        at org.apache.ratis.server.impl.LeaderState$EventProcessor.run(LeaderState.java:451)&#10;&quot;org.eclipse.jetty.server.session.HashSessionManager@32d0d7ebTimer&quot; daemon prio=5 tid=1169 timed_waiting&#10;java.lang.Thread.State: TIMED_WAITING&#10;        at sun.misc.Unsafe.park(Native Method)&#10;        at java.util.concurrent.locks.LockSupport.parkNanos(LockSupport.java:215)&#10;        at java.util.concurrent.locks.AbstractQueuedSynchronizer$ConditionObject.awaitNanos(AbstractQueuedSynchronizer.java:2078)&#10;        at java.util.concurrent.ScheduledThreadPoolExecutor$DelayedWorkQueue.take(ScheduledThreadPoolExecutor.java:1093)&#10;        at java.util.concurrent.ScheduledThreadPoolExecutor$DelayedWorkQueue.take(ScheduledThreadPoolExecutor.java:809)&#10;        at java.util.concurrent.ThreadPoolExecutor.getTask(ThreadPoolExecutor.java:1074)&#10;        at java.util.concurrent.ThreadPoolExecutor.runWorker(ThreadPoolExecutor.java:1134)&#10;        at java.util.concurrent.ThreadPoolExecutor$Worker.run(ThreadPoolExecutor.java:624)&#10;        at java.lang.Thread.run(Thread.java:748)&#10;&quot;IPC Server handler 2 on 42412&quot; daemon prio=5 tid=966 timed_waiting&#10;java.lang.Thread.State: TIMED_WAITING&#10;        at sun.misc.Unsafe.park(Native Method)&#10;        at java.util.concurrent.locks.LockSupport.parkNanos(LockSupport.java:215)&#10;        at java.util.concurrent.locks.AbstractQueuedSynchronizer$ConditionObject.awaitNanos(AbstractQueuedSynchronizer.java:2078)&#10;        at java.util.concurrent.LinkedBlockingQueue.poll(LinkedBlockingQueue.java:467)&#10;        at org.apache.hadoop.ipc.CallQueueManager.take(CallQueueManager.java:288)&#10;        at org.apache.hadoop.ipc.Server$Handler.run(Server.java:2668)&#10;&quot;qtp1920846948-1223&quot; daemon prio=5 tid=1223 timed_waiting&#10;java.lang.Thread.State: TIMED_WAITING&#10;        at sun.misc.Unsafe.park(Native Method)&#10;        at java.util.concurrent.locks.LockSupport.parkNanos(LockSupport.java:215)&#10;        at java.util.concurrent.locks.AbstractQueuedSynchronizer$ConditionObject.awaitNanos(AbstractQueuedSynchronizer.java:2078)&#10;        at org.eclipse.jetty.util.BlockingArrayQueue.poll(BlockingArrayQueue.java:392)&#10;        at org.eclipse.jetty.util.thread.QueuedThreadPool.idleJobPoll(QueuedThreadPool.java:563)&#10;        at org.eclipse.jetty.util.thread.QueuedThreadPool.access$800(QueuedThreadPool.java:48)&#10;        at org.eclipse.jetty.util.thread.QueuedThreadPool$2.run(QueuedThreadPool.java:626)&#10;        at java.lang.Thread.run(Thread.java:748)&#10;&quot;org.eclipse.jetty.server.session.HashSessionManager@1de30c31Timer&quot; daemon prio=5 tid=1197 timed_waiting&#10;java.lang.Thread.State: TIMED_WAITING&#10;        at sun.misc.Unsafe.park(Native Method)&#10;        at java.util.concurrent.locks.LockSupport.parkNanos(LockSupport.java:215)&#10;        at java.util.concurrent.locks.AbstractQueuedSynchronizer$ConditionObject.awaitNanos(AbstractQueuedSynchronizer.java:2078)&#10;        at java.util.concurrent.ScheduledThreadPoolExecutor$DelayedWorkQueue.take(ScheduledThreadPoolExecutor.java:1093)&#10;        at java.util.concurrent.ScheduledThreadPoolExecutor$DelayedWorkQueue.take(ScheduledThreadPoolExecutor.java:809)&#10;        at java.util.concurrent.ThreadPoolExecutor.getTask(ThreadPoolExecutor.java:1074)&#10;        at java.util.concurrent.ThreadPoolExecutor.runWorker(ThreadPoolExecutor.java:1134)&#10;        at java.util.concurrent.ThreadPoolExecutor$Worker.run(ThreadPoolExecutor.java:624)&#10;        at java.lang.Thread.run(Thread.java:748)&#10;&quot;pool-195-thread-34&quot;  prio=5 tid=1334 in Object.wait()&#10;java.lang.Thread.State: WAITING (on object monitor)&#10;        at sun.misc.Unsafe.park(Native Method)&#10;        at java.util.concurrent.locks.LockSupport.park(LockSupport.java:175)&#10;        at java.util.concurrent.locks.AbstractQueuedSynchronizer$ConditionObject.await(AbstractQueuedSynchronizer.java:2039)&#10;        at java.util.concurrent.ArrayBlockingQueue.take(ArrayBlockingQueue.java:403)&#10;        at java.util.concurrent.ThreadPoolExecutor.getTask(ThreadPoolExecutor.java:1074)&#10;        at java.util.concurrent.ThreadPoolExecutor.runWorker(ThreadPoolExecutor.java:1134)&#10;        at java.util.concurrent.ThreadPoolExecutor$Worker.run(ThreadPoolExecutor.java:624)&#10;        at java.lang.Thread.run(Thread.java:748)&#10;&quot;pool-195-thread-29&quot;  prio=5 tid=1329 in Object.wait()&#10;java.lang.Thread.State: WAITING (on object monitor)&#10;        at sun.misc.Unsafe.park(Native Method)&#10;        at java.util.concurrent.locks.LockSupport.park(LockSupport.java:175)&#10;        at java.util.concurrent.locks.AbstractQueuedSynchronizer$ConditionObject.await(AbstractQueuedSynchronizer.java:2039)&#10;        at java.util.concurrent.ArrayBlockingQueue.take(ArrayBlockingQueue.java:403)&#10;        at java.util.concurrent.ThreadPoolExecutor.getTask(ThreadPoolExecutor.java:1074)&#10;        at java.util.concurrent.ThreadPoolExecutor.runWorker(ThreadPoolExecutor.java:1134)&#10;        at java.util.concurrent.ThreadPoolExecutor$Worker.run(ThreadPoolExecutor.java:624)&#10;        at java.lang.Thread.run(Thread.java:748)&#10;&quot;pool-216-thread-40&quot;  prio=5 tid=1400 in Object.wait()&#10;java.lang.Thread.State: WAITING (on object monitor)&#10;        at sun.misc.Unsafe.park(Native Method)&#10;        at java.util.concurrent.locks.LockSupport.park(LockSupport.java:175)&#10;        at java.util.concurrent.locks.AbstractQueuedSynchronizer$ConditionObject.await(AbstractQueuedSynchronizer.java:2039)&#10;        at java.util.concurrent.ArrayBlockingQueue.take(ArrayBlockingQueue.java:403)&#10;        at java.util.concurrent.ThreadPoolExecutor.getTask(ThreadPoolExecutor.java:1074)&#10;        at java.util.concurrent.ThreadPoolExecutor.runWorker(ThreadPoolExecutor.java:1134)&#10;        at java.util.concurrent.ThreadPoolExecutor$Worker.run(ThreadPoolExecutor.java:624)&#10;        at java.lang.Thread.run(Thread.java:748)&#10;&quot;pool-195-thread-50&quot;  prio=5 tid=1350 in Object.wait()&#10;java.lang.Thread.State: WAITING (on object monitor)&#10;        at sun.misc.Unsafe.park(Native Method)&#10;        at java.util.concurrent.locks.LockSupport.park(LockSupport.java:175)&#10;        at java.util.concurrent.locks.AbstractQueuedSynchronizer$ConditionObject.await(AbstractQueuedSynchronizer.java:2039)&#10;        at java.util.concurrent.ArrayBlockingQueue.take(ArrayBlockingQueue.java:403)&#10;        at java.util.concurrent.ThreadPoolExecutor.getTask(ThreadPoolExecutor.java:1074)&#10;        at java.util.concurrent.ThreadPoolExecutor.runWorker(ThreadPoolExecutor.java:1134)&#10;        at java.util.concurrent.ThreadPoolExecutor$Worker.run(ThreadPoolExecutor.java:624)&#10;        at java.lang.Thread.run(Thread.java:748)&#10;&quot;Datanode ReportManager Thread - 2&quot; daemon prio=5 tid=1234 timed_waiting&#10;java.lang.Thread.State: TIMED_WAITING&#10;        at sun.misc.Unsafe.park(Native Method)&#10;        at java.util.concurrent.locks.LockSupport.parkNanos(LockSupport.java:215)&#10;        at java.util.concurrent.locks.AbstractQueuedSynchronizer$ConditionObject.awaitNanos(AbstractQueuedSynchronizer.java:2078)&#10;        at java.util.concurrent.ScheduledThreadPoolExecutor$DelayedWorkQueue.take(ScheduledThreadPoolExecutor.java:1093)&#10;        at java.util.concurrent.ScheduledThreadPoolExecutor$DelayedWorkQueue.take(ScheduledThreadPoolExecutor.java:809)&#10;        at java.util.concurrent.ThreadPoolExecutor.getTask(ThreadPoolExecutor.java:1074)&#10;        at java.util.concurrent.ThreadPoolExecutor.runWorker(ThreadPoolExecutor.java:1134)&#10;        at java.util.concurrent.ThreadPoolExecutor$Worker.run(ThreadPoolExecutor.java:624)&#10;        at java.lang.Thread.run(Thread.java:748)&#10;&quot;pool-279-thread-8&quot;  prio=5 tid=1548 in Object.wait()&#10;java.lang.Thread.State: WAITING (on object monitor)&#10;        at sun.misc.Unsafe.park(Native Method)&#10;        at java.util.concurrent.locks.LockSupport.park(LockSupport.java:175)&#10;        at java.util.concurrent.locks.AbstractQueuedSynchronizer$ConditionObject.await(AbstractQueuedSynchronizer.java:2039)&#10;        at java.util.concurrent.ArrayBlockingQueue.take(ArrayBlockingQueue.java:403)&#10;        at java.util.concurrent.ThreadPoolExecutor.getTask(ThreadPoolExecutor.java:1074)&#10;        at java.util.concurrent.ThreadPoolExecutor.runWorker(ThreadPoolExecutor.java:1134)&#10;        at java.util.concurrent.ThreadPoolExecutor$Worker.run(ThreadPoolExecutor.java:624)&#10;        at java.lang.Thread.run(Thread.java:748)&#10;&quot;pool-174-thread-19&quot;  prio=5 tid=1258 in Object.wait()&#10;java.lang.Thread.State: WAITING (on object monitor)&#10;        at sun.misc.Unsafe.park(Native Method)&#10;        at java.util.concurrent.locks.LockSupport.park(LockSupport.java:175)&#10;        at java.util.concurrent.locks.AbstractQueuedSynchronizer$ConditionObject.await(AbstractQueuedSynchronizer.java:2039)&#10;        at java.util.concurrent.ArrayBlockingQueue.take(ArrayBlockingQueue.java:403)&#10;        at java.util.concurrent.ThreadPoolExecutor.getTask(ThreadPoolExecutor.java:1074)&#10;        at java.util.concurrent.ThreadPoolExecutor.runWorker(ThreadPoolExecutor.java:1134)&#10;        at java.util.concurrent.ThreadPoolExecutor$Worker.run(ThreadPoolExecutor.java:624)&#10;        at java.lang.Thread.run(Thread.java:748)&#10;&quot;pool-237-thread-54&quot;  prio=5 tid=1474 in Object.wait()&#10;java.lang.Thread.State: WAITING (on object monitor)&#10;        at sun.misc.Unsafe.park(Native Method)&#10;        at java.util.concurrent.locks.LockSupport.park(LockSupport.java:175)&#10;        at java.util.concurrent.locks.AbstractQueuedSynchronizer$ConditionObject.await(AbstractQueuedSynchronizer.java:2039)&#10;        at java.util.concurrent.ArrayBlockingQueue.take(ArrayBlockingQueue.java:403)&#10;        at java.util.concurrent.ThreadPoolExecutor.getTask(ThreadPoolExecutor.java:1074)&#10;        at java.util.concurrent.ThreadPoolExecutor.runWorker(ThreadPoolExecutor.java:1134)&#10;        at java.util.concurrent.ThreadPoolExecutor$Worker.run(ThreadPoolExecutor.java:624)&#10;        at java.lang.Thread.run(Thread.java:748)&#10;&quot;qtp302256620-1195&quot; daemon prio=5 tid=1195 timed_waiting&#10;java.lang.Thread.State: TIMED_WAITING&#10;        at sun.misc.Unsafe.park(Native Method)&#10;        at java.util.concurrent.locks.LockSupport.parkNanos(LockSupport.java:215)&#10;        at java.util.concurrent.locks.AbstractQueuedSynchronizer$ConditionObject.awaitNanos(AbstractQueuedSynchronizer.java:2078)&#10;        at org.eclipse.jetty.util.BlockingArrayQueue.poll(BlockingArrayQueue.java:392)&#10;        at org.eclipse.jetty.util.thread.QueuedThreadPool.idleJobPoll(QueuedThreadPool.java:563)&#10;        at org.eclipse.jetty.util.thread.QueuedThreadPool.access$800(QueuedThreadPool.java:48)&#10;        at org.eclipse.jetty.util.thread.QueuedThreadPool$2.run(QueuedThreadPool.java:626)&#10;        at java.lang.Thread.run(Thread.java:748)&#10;&quot;BlockDeletingService#1&quot; daemon prio=5 tid=1157 timed_waiting&#10;java.lang.Thread.State: TIMED_WAITING&#10;        at sun.misc.Unsafe.park(Native Method)&#10;        at java.util.concurrent.locks.LockSupport.parkNanos(LockSupport.java:215)&#10;        at java.util.concurrent.locks.AbstractQueuedSynchronizer$ConditionObject.awaitNanos(AbstractQueuedSynchronizer.java:2078)&#10;        at java.util.concurrent.ScheduledThreadPoolExecutor$DelayedWorkQueue.take(ScheduledThreadPoolExecutor.java:1093)&#10;        at java.util.concurrent.ScheduledThreadPoolExecutor$DelayedWorkQueue.take(ScheduledThreadPoolExecutor.java:809)&#10;        at java.util.concurrent.ThreadPoolExecutor.getTask(ThreadPoolExecutor.java:1074)&#10;        at java.util.concurrent.ThreadPoolExecutor.runWorker(ThreadPoolExecutor.java:1134)&#10;        at java.util.concurrent.ThreadPoolExecutor$Worker.run(ThreadPoolExecutor.java:624)&#10;        at java.lang.Thread.run(Thread.java:748)&#10;&quot;IPC Server handler 14 on 35612&quot; daemon prio=5 tid=958 timed_waiting&#10;java.lang.Thread.State: TIMED_WAITING&#10;        at sun.misc.Unsafe.park(Native Method)&#10;        at java.util.concurrent.locks.LockSupport.parkNanos(LockSupport.java:215)&#10;        at java.util.concurrent.locks.AbstractQueuedSynchronizer$ConditionObject.awaitNanos(AbstractQueuedSynchronizer.java:2078)&#10;        at java.util.concurrent.LinkedBlockingQueue.poll(LinkedBlockingQueue.java:467)&#10;        at org.apache.hadoop.ipc.CallQueueManager.take(CallQueueManager.java:288)&#10;        at org.apache.hadoop.ipc.Server$Handler.run(Server.java:2668)&#10;&quot;pool-216-thread-20&quot;  prio=5 tid=1380 in Object.wait()&#10;java.lang.Thread.State: WAITING (on object monitor)&#10;        at sun.misc.Unsafe.park(Native Method)&#10;        at java.util.concurrent.locks.LockSupport.park(LockSupport.java:175)&#10;        at java.util.concurrent.locks.AbstractQueuedSynchronizer$ConditionObject.await(AbstractQueuedSynchronizer.java:2039)&#10;        at java.util.concurrent.ArrayBlockingQueue.take(ArrayBlockingQueue.java:403)&#10;        at java.util.concurrent.ThreadPoolExecutor.getTask(ThreadPoolExecutor.java:1074)&#10;        at java.util.concurrent.ThreadPoolExecutor.runWorker(ThreadPoolExecutor.java:1134)&#10;        at java.util.concurrent.ThreadPoolExecutor$Worker.run(ThreadPoolExecutor.java:624)&#10;        at java.lang.Thread.run(Thread.java:748)&#10;&quot;pool-195-thread-10&quot;  prio=5 tid=1310 in Object.wait()&#10;java.lang.Thread.State: WAITING (on object monitor)&#10;        at sun.misc.Unsafe.park(Native Method)&#10;        at java.util.concurrent.locks.LockSupport.park(LockSupport.java:175)&#10;        at java.util.concurrent.locks.AbstractQueuedSynchronizer$ConditionObject.await(AbstractQueuedSynchronizer.java:2039)&#10;        at java.util.concurrent.ArrayBlockingQueue.take(ArrayBlockingQueue.java:403)&#10;        at java.util.concurrent.ThreadPoolExecutor.getTask(ThreadPoolExecutor.java:1074)&#10;        at java.util.concurrent.ThreadPoolExecutor.runWorker(ThreadPoolExecutor.java:1134)&#10;        at java.util.concurrent.ThreadPoolExecutor$Worker.run(ThreadPoolExecutor.java:624)&#10;        at java.lang.Thread.run(Thread.java:748)&#10;&quot;pool-237-thread-36&quot;  prio=5 tid=1456 in Object.wait()&#10;java.lang.Thread.State: WAITING (on object monitor)&#10;        at sun.misc.Unsafe.park(Native Method)&#10;        at java.util.concurrent.locks.LockSupport.park(LockSupport.java:175)&#10;        at java.util.concurrent.locks.AbstractQueuedSynchronizer$ConditionObject.await(AbstractQueuedSynchronizer.java:2039)&#10;        at java.util.concurrent.ArrayBlockingQueue.take(ArrayBlockingQueue.java:403)&#10;        at java.util.concurrent.ThreadPoolExecutor.getTask(ThreadPoolExecutor.java:1074)&#10;        at java.util.concurrent.ThreadPoolExecutor.runWorker(ThreadPoolExecutor.java:1134)&#10;        at java.util.concurrent.ThreadPoolExecutor$Worker.run(ThreadPoolExecutor.java:624)&#10;        at java.lang.Thread.run(Thread.java:748)&#10;&quot;pool-195-thread-60&quot;  prio=5 tid=1360 in Object.wait()&#10;java.lang.Thread.State: WAITING (on object monitor)&#10;        at sun.misc.Unsafe.park(Native Method)&#10;        at java.util.concurrent.locks.LockSupport.park(LockSupport.java:175)&#10;        at java.util.concurrent.locks.AbstractQueuedSynchronizer$ConditionObject.await(AbstractQueuedSynchronizer.java:2039)&#10;        at java.util.concurrent.ArrayBlockingQueue.take(ArrayBlockingQueue.java:403)&#10;        at java.util.concurrent.ThreadPoolExecutor.getTask(ThreadPoolExecutor.java:1074)&#10;        at java.util.concurrent.ThreadPoolExecutor.runWorker(ThreadPoolExecutor.java:1134)&#10;        at java.util.concurrent.ThreadPoolExecutor$Worker.run(ThreadPoolExecutor.java:624)&#10;        at java.lang.Thread.run(Thread.java:748)&#10;&quot;Datanode ReportManager Thread - 0&quot; daemon prio=5 tid=1172 in Object.wait()&#10;java.lang.Thread.State: WAITING (on object monitor)&#10;        at sun.misc.Unsafe.park(Native Method)&#10;        at java.util.concurrent.locks.LockSupport.park(LockSupport.java:175)&#10;        at java.util.concurrent.locks.AbstractQueuedSynchronizer$ConditionObject.await(AbstractQueuedSynchronizer.java:2039)&#10;        at java.util.concurrent.ScheduledThreadPoolExecutor$DelayedWorkQueue.take(ScheduledThreadPoolExecutor.java:1088)&#10;        at java.util.concurrent.ScheduledThreadPoolExecutor$DelayedWorkQueue.take(ScheduledThreadPoolExecutor.java:809)&#10;        at java.util.concurrent.ThreadPoolExecutor.getTask(ThreadPoolExecutor.java:1074)&#10;        at java.util.concurrent.ThreadPoolExecutor.runWorker(ThreadPoolExecutor.java:1134)&#10;        at java.util.concurrent.ThreadPoolExecutor$Worker.run(ThreadPoolExecutor.java:624)&#10;        at java.lang.Thread.run(Thread.java:748)&#10;&quot;IPC Server handler 11 on 42412&quot; daemon prio=5 tid=975 timed_waiting&#10;java.lang.Thread.State: TIMED_WAITING&#10;        at sun.misc.Unsafe.park(Native Method)&#10;        at java.util.concurrent.locks.LockSupport.parkNanos(LockSupport.java:215)&#10;        at java.util.concurrent.locks.AbstractQueuedSynchronizer$ConditionObject.awaitNanos(AbstractQueuedSynchronizer.java:2078)&#10;        at java.util.concurrent.LinkedBlockingQueue.poll(LinkedBlockingQueue.java:467)&#10;        at org.apache.hadoop.ipc.CallQueueManager.take(CallQueueManager.java:288)&#10;        at org.apache.hadoop.ipc.Server$Handler.run(Server.java:2668)&#10;&quot;IPC Server handler 4 on 36272&quot; daemon prio=5 tid=988 timed_waiting&#10;java.lang.Thread.State: TIMED_WAITING&#10;        at sun.misc.Unsafe.park(Native Method)&#10;        at java.util.concurrent.locks.LockSupport.parkNanos(LockSupport.java:215)&#10;        at java.util.concurrent.locks.AbstractQueuedSynchronizer$ConditionObject.awaitNanos(AbstractQueuedSynchronizer.java:2078)&#10;        at java.util.concurrent.LinkedBlockingQueue.poll(LinkedBlockingQueue.java:467)&#10;        at org.apache.hadoop.ipc.CallQueueManager.take(CallQueueManager.java:288)&#10;        at org.apache.hadoop.ipc.Server$Handler.run(Server.java:2668)&#10;&quot;IPC Server handler 13 on 36683&quot; daemon prio=5 tid=1039 timed_waiting&#10;java.lang.Thread.State: TIMED_WAITING&#10;        at sun.misc.Unsafe.park(Native Method)&#10;        at java.util.concurrent.locks.LockSupport.parkNanos(LockSupport.java:215)&#10;        at java.util.concurrent.locks.AbstractQueuedSynchronizer$ConditionObject.awaitNanos(AbstractQueuedSynchronizer.java:2078)&#10;        at java.util.concurrent.LinkedBlockingQueue.poll(LinkedBlockingQueue.java:467)&#10;        at org.apache.hadoop.ipc.CallQueueManager.take(CallQueueManager.java:288)&#10;        at org.apache.hadoop.ipc.Server$Handler.run(Server.java:2668)&#10;&quot;qtp1633584044-1008&quot; daemon prio=5 tid=1008 timed_waiting&#10;java.lang.Thread.State: TIMED_WAITING&#10;        at sun.misc.Unsafe.park(Native Method)&#10;        at java.util.concurrent.locks.LockSupport.parkNanos(LockSupport.java:215)&#10;        at java.util.concurrent.locks.AbstractQueuedSynchronizer$ConditionObject.awaitNanos(AbstractQueuedSynchronizer.java:2078)&#10;        at org.eclipse.jetty.util.BlockingArrayQueue.poll(BlockingArrayQueue.java:392)&#10;        at org.eclipse.jetty.util.thread.QueuedThreadPool.idleJobPoll(QueuedThreadPool.java:563)&#10;        at org.eclipse.jetty.util.thread.QueuedThreadPool.access$800(QueuedThreadPool.java:48)&#10;        at org.eclipse.jetty.util.thread.QueuedThreadPool$2.run(QueuedThreadPool.java:626)&#10;        at java.lang.Thread.run(Thread.java:748)&#10;&quot;IPC Server handler 0 on 36683&quot; daemon prio=5 tid=1026 timed_waiting&#10;java.lang.Thread.State: TIMED_WAITING&#10;        at sun.misc.Unsafe.park(Native Method)&#10;        at java.util.concurrent.locks.LockSupport.parkNanos(LockSupport.java:215)&#10;        at java.util.concurrent.locks.AbstractQueuedSynchronizer$ConditionObject.awaitNanos(AbstractQueuedSynchronizer.java:2078)&#10;        at java.util.concurrent.LinkedBlockingQueue.poll(LinkedBlockingQueue.java:467)&#10;        at org.apache.hadoop.ipc.CallQueueManager.take(CallQueueManager.java:288)&#10;        at org.apache.hadoop.ipc.Server$Handler.run(Server.java:2668)&#10;&quot;pool-258-thread-30&quot;  prio=5 tid=1510 in Object.wait()&#10;java.lang.Thread.State: WAITING (on object monitor)&#10;        at sun.misc.Unsafe.park(Native Method)&#10;        at java.util.concurrent.locks.LockSupport.park(LockSupport.java:175)&#10;        at java.util.concurrent.locks.AbstractQueuedSynchronizer$ConditionObject.await(AbstractQueuedSynchronizer.java:2039)&#10;        at java.util.concurrent.ArrayBlockingQueue.take(ArrayBlockingQueue.java:403)&#10;        at java.util.concurrent.ThreadPoolExecutor.getTask(ThreadPoolExecutor.java:1074)&#10;        at java.util.concurrent.ThreadPoolExecutor.runWorker(ThreadPoolExecutor.java:1134)&#10;        at java.util.concurrent.ThreadPoolExecutor$Worker.run(ThreadPoolExecutor.java:624)&#10;        at java.lang.Thread.run(Thread.java:748)&#10;&quot;pool-237-thread-18&quot;  prio=5 tid=1438 in Object.wait()&#10;java.lang.Thread.State: WAITING (on object monitor)&#10;        at sun.misc.Unsafe.park(Native Method)&#10;        at java.util.concurrent.locks.LockSupport.park(LockSupport.java:175)&#10;        at java.util.concurrent.locks.AbstractQueuedSynchronizer$ConditionObject.await(AbstractQueuedSynchronizer.java:2039)&#10;        at java.util.concurrent.ArrayBlockingQueue.take(ArrayBlockingQueue.java:403)&#10;        at java.util.concurrent.ThreadPoolExecutor.getTask(ThreadPoolExecutor.java:1074)&#10;        at java.util.concurrent.ThreadPoolExecutor.runWorker(ThreadPoolExecutor.java:1134)&#10;        at java.util.concurrent.ThreadPoolExecutor$Worker.run(ThreadPoolExecutor.java:624)&#10;        at java.lang.Thread.run(Thread.java:748)&#10;&quot;pool-195-thread-30&quot;  prio=5 tid=1330 in Object.wait()&#10;java.lang.Thread.State: WAITING (on object monitor)&#10;        at sun.misc.Unsafe.park(Native Method)&#10;        at java.util.concurrent.locks.LockSupport.park(LockSupport.java:175)&#10;        at java.util.concurrent.locks.AbstractQueuedSynchronizer$ConditionObject.await(AbstractQueuedSynchronizer.java:2039)&#10;        at java.util.concurrent.ArrayBlockingQueue.take(ArrayBlockingQueue.java:403)&#10;        at java.util.concurrent.ThreadPoolExecutor.getTask(ThreadPoolExecutor.java:1074)&#10;        at java.util.concurrent.ThreadPoolExecutor.runWorker(ThreadPoolExecutor.java:1134)&#10;        at java.util.concurrent.ThreadPoolExecutor$Worker.run(ThreadPoolExecutor.java:624)&#10;        at java.lang.Thread.run(Thread.java:748)&#10;&quot;pool-237-thread-34&quot;  prio=5 tid=1454 in Object.wait()&#10;java.lang.Thread.State: WAITING (on object monitor)&#10;        at sun.misc.Unsafe.park(Native Method)&#10;        at java.util.concurrent.locks.LockSupport.park(LockSupport.java:175)&#10;        at java.util.concurrent.locks.AbstractQueuedSynchronizer$ConditionObject.await(AbstractQueuedSynchronizer.java:2039)&#10;        at java.util.concurrent.ArrayBlockingQueue.take(ArrayBlockingQueue.java:403)&#10;        at java.util.concurrent.ThreadPoolExecutor.getTask(ThreadPoolExecutor.java:1074)&#10;        at java.util.concurrent.ThreadPoolExecutor.runWorker(ThreadPoolExecutor.java:1134)&#10;        at java.util.concurrent.ThreadPoolExecutor$Worker.run(ThreadPoolExecutor.java:624)&#10;        at java.lang.Thread.run(Thread.java:748)&#10;&quot;pool-195-thread-24&quot;  prio=5 tid=1324 in Object.wait()&#10;java.lang.Thread.State: WAITING (on object monitor)&#10;        at sun.misc.Unsafe.park(Native Method)&#10;        at java.util.concurrent.locks.LockSupport.park(LockSupport.java:175)&#10;        at java.util.concurrent.locks.AbstractQueuedSynchronizer$ConditionObject.await(AbstractQueuedSynchronizer.java:2039)&#10;        at java.util.concurrent.ArrayBlockingQueue.take(ArrayBlockingQueue.java:403)&#10;        at java.util.concurrent.ThreadPoolExecutor.getTask(ThreadPoolExecutor.java:1074)&#10;        at java.util.concurrent.ThreadPoolExecutor.runWorker(ThreadPoolExecutor.java:1134)&#10;        at java.util.concurrent.ThreadPoolExecutor$Worker.run(ThreadPoolExecutor.java:624)&#10;        at java.lang.Thread.run(Thread.java:748)&#10;&quot;pool-174-thread-11&quot;  prio=5 tid=1250 in Object.wait()&#10;java.lang.Thread.State: WAITING (on object monitor)&#10;        at sun.misc.Unsafe.park(Native Method)&#10;        at java.util.concurrent.locks.LockSupport.park(LockSupport.java:175)&#10;        at java.util.concurrent.locks.AbstractQueuedSynchronizer$ConditionObject.await(AbstractQueuedSynchronizer.java:2039)&#10;        at java.util.concurrent.ArrayBlockingQueue.take(ArrayBlockingQueue.java:403)&#10;        at java.util.concurrent.ThreadPoolExecutor.getTask(ThreadPoolExecutor.java:1074)&#10;        at java.util.concurrent.ThreadPoolExecutor.runWorker(ThreadPoolExecutor.java:1134)&#10;        at java.util.concurrent.ThreadPoolExecutor$Worker.run(ThreadPoolExecutor.java:624)&#10;        at java.lang.Thread.run(Thread.java:748)&#10;&quot;Command processor thread&quot; daemon prio=5 tid=1236 timed_waiting&#10;java.lang.Thread.State: TIMED_WAITING&#10;        at java.lang.Thread.sleep(Native Method)&#10;        at org.apache.hadoop.ozone.container.common.statemachine.DatanodeStateMachine.lambda$initCommandHandlerThread$1(DatanodeStateMachine.java:439)&#10;        at org.apache.hadoop.ozone.container.common.statemachine.DatanodeStateMachine$$Lambda$144/707418368.run(Unknown Source)&#10;        at java.lang.Thread.run(Thread.java:748)&#10;&quot;Thread-688&quot; daemon prio=5 tid=1693 timed_waiting&#10;java.lang.Thread.State: TIMED_WAITING&#10;        at sun.misc.Unsafe.park(Native Method)&#10;        at java.util.concurrent.locks.LockSupport.parkNanos(LockSupport.java:215)&#10;        at java.util.concurrent.locks.AbstractQueuedSynchronizer$ConditionObject.awaitNanos(AbstractQueuedSynchronizer.java:2078)&#10;        at java.util.concurrent.ArrayBlockingQueue.poll(ArrayBlockingQueue.java:418)&#10;        at org.apache.ratis.server.impl.LeaderState$EventQueue.poll(LeaderState.java:114)&#10;        at org.apache.ratis.server.impl.LeaderState$EventProcessor.run(LeaderState.java:451)&#10;&quot;pool-258-thread-41&quot;  prio=5 tid=1521 in Object.wait()&#10;java.lang.Thread.State: WAITING (on object monitor)&#10;        at sun.misc.Unsafe.park(Native Method)&#10;        at java.util.concurrent.locks.LockSupport.park(LockSupport.java:175)&#10;        at java.util.concurrent.locks.AbstractQueuedSynchronizer$ConditionObject.await(AbstractQueuedSynchronizer.java:2039)&#10;        at java.util.concurrent.ArrayBlockingQueue.take(ArrayBlockingQueue.java:403)&#10;        at java.util.concurrent.ThreadPoolExecutor.getTask(ThreadPoolExecutor.java:1074)&#10;        at java.util.concurrent.ThreadPoolExecutor.runWorker(ThreadPoolExecutor.java:1134)&#10;        at java.util.concurrent.ThreadPoolExecutor$Worker.run(ThreadPoolExecutor.java:624)&#10;        at java.lang.Thread.run(Thread.java:748)&#10;&quot;org.apache.hadoop.util.JvmPauseMonitor$Monitor@586843bc&quot; daemon prio=5 tid=1016 timed_waiting&#10;java.lang.Thread.State: TIMED_WAITING&#10;        at java.lang.Thread.sleep(Native Method)&#10;        at org.apache.hadoop.util.JvmPauseMonitor$Monitor.run(JvmPauseMonitor.java:192)&#10;        at java.lang.Thread.run(Thread.java:748)&#10;&quot;pool-216-thread-24&quot;  prio=5 tid=1384 in Object.wait()&#10;java.lang.Thread.State: WAITING (on object monitor)&#10;        at sun.misc.Unsafe.park(Native Method)&#10;        at java.util.concurrent.locks.LockSupport.park(LockSupport.java:175)&#10;        at java.util.concurrent.locks.AbstractQueuedSynchronizer$ConditionObject.await(AbstractQueuedSynchronizer.java:2039)&#10;        at java.util.concurrent.ArrayBlockingQueue.take(ArrayBlockingQueue.java:403)&#10;        at java.util.concurrent.ThreadPoolExecutor.getTask(ThreadPoolExecutor.java:1074)&#10;        at java.util.concurrent.ThreadPoolExecutor.runWorker(ThreadPoolExecutor.java:1134)&#10;        at java.util.concurrent.ThreadPoolExecutor$Worker.run(ThreadPoolExecutor.java:624)&#10;        at java.lang.Thread.run(Thread.java:748)&#10;&quot;pool-174-thread-17&quot;  prio=5 tid=1256 in Object.wait()&#10;java.lang.Thread.State: WAITING (on object monitor)&#10;        at sun.misc.Unsafe.park(Native Method)&#10;        at java.util.concurrent.locks.LockSupport.park(LockSupport.java:175)&#10;        at java.util.concurrent.locks.AbstractQueuedSynchronizer$ConditionObject.await(AbstractQueuedSynchronizer.java:2039)&#10;        at java.util.concurrent.ArrayBlockingQueue.take(ArrayBlockingQueue.java:403)&#10;        at java.util.concurrent.ThreadPoolExecutor.getTask(ThreadPoolExecutor.java:1074)&#10;        at java.util.concurrent.ThreadPoolExecutor.runWorker(ThreadPoolExecutor.java:1134)&#10;        at java.util.concurrent.ThreadPoolExecutor$Worker.run(ThreadPoolExecutor.java:624)&#10;        at java.lang.Thread.run(Thread.java:748)&#10;&quot;pool-258-thread-25&quot;  prio=5 tid=1505 in Object.wait()&#10;java.lang.Thread.State: WAITING (on object monitor)&#10;        at sun.misc.Unsafe.park(Native Method)&#10;        at java.util.concurrent.locks.LockSupport.park(LockSupport.java:175)&#10;        at java.util.concurrent.locks.AbstractQueuedSynchronizer$ConditionObject.await(AbstractQueuedSynchronizer.java:2039)&#10;        at java.util.concurrent.ArrayBlockingQueue.take(ArrayBlockingQueue.java:403)&#10;        at java.util.concurrent.ThreadPoolExecutor.getTask(ThreadPoolExecutor.java:1074)&#10;        at java.util.concurrent.ThreadPoolExecutor.runWorker(ThreadPoolExecutor.java:1134)&#10;        at java.util.concurrent.ThreadPoolExecutor$Worker.run(ThreadPoolExecutor.java:624)&#10;        at java.lang.Thread.run(Thread.java:748)&#10;&quot;pool-174-thread-24&quot;  prio=5 tid=1263 in Object.wait()&#10;java.lang.Thread.State: WAITING (on object monitor)&#10;        at sun.misc.Unsafe.park(Native Method)&#10;        at java.util.concurrent.locks.LockSupport.park(LockSupport.java:175)&#10;        at java.util.concurrent.locks.AbstractQueuedSynchronizer$ConditionObject.await(AbstractQueuedSynchronizer.java:2039)&#10;        at java.util.concurrent.ArrayBlockingQueue.take(ArrayBlockingQueue.java:403)&#10;        at java.util.concurrent.ThreadPoolExecutor.getTask(ThreadPoolExecutor.java:1074)&#10;        at java.util.concurrent.ThreadPoolExecutor.runWorker(ThreadPoolExecutor.java:1134)&#10;        at java.util.concurrent.ThreadPoolExecutor$Worker.run(ThreadPoolExecutor.java:624)&#10;        at java.lang.Thread.run(Thread.java:748)&#10;&quot;pool-216-thread-5&quot;  prio=5 tid=1365 in Object.wait()&#10;java.lang.Thread.State: WAITING (on object monitor)&#10;        at sun.misc.Unsafe.park(Native Method)&#10;        at java.util.concurrent.locks.LockSupport.park(LockSupport.java:175)&#10;        at java.util.concurrent.locks.AbstractQueuedSynchronizer$ConditionObject.await(AbstractQueuedSynchronizer.java:2039)&#10;        at java.util.concurrent.ArrayBlockingQueue.take(ArrayBlockingQueue.java:403)&#10;        at java.util.concurrent.ThreadPoolExecutor.getTask(ThreadPoolExecutor.java:1074)&#10;        at java.util.concurrent.ThreadPoolExecutor.runWorker(ThreadPoolExecutor.java:1134)&#10;        at java.util.concurrent.ThreadPoolExecutor$Worker.run(ThreadPoolExecutor.java:624)&#10;        at java.lang.Thread.run(Thread.java:748)&#10;&quot;pool-237-thread-2&quot;  prio=5 tid=1422 in Object.wait()&#10;java.lang.Thread.State: WAITING (on object monitor)&#10;        at sun.misc.Unsafe.park(Native Method)&#10;        at java.util.concurrent.locks.LockSupport.park(LockSupport.java:175)&#10;        at java.util.concurrent.locks.AbstractQueuedSynchronizer$ConditionObject.await(AbstractQueuedSynchronizer.java:2039)&#10;        at java.util.concurrent.ArrayBlockingQueue.take(ArrayBlockingQueue.java:403)&#10;        at java.util.concurrent.ThreadPoolExecutor.getTask(ThreadPoolExecutor.java:1074)&#10;        at java.util.concurrent.ThreadPoolExecutor.runWorker(ThreadPoolExecutor.java:1134)&#10;        at java.util.concurrent.ThreadPoolExecutor$Worker.run(ThreadPoolExecutor.java:624)&#10;        at java.lang.Thread.run(Thread.java:748)&#10;&quot;pool-174-thread-3&quot;  prio=5 tid=1242 in Object.wait()&#10;java.lang.Thread.State: WAITING (on object monitor)&#10;        at sun.misc.Unsafe.park(Native Method)&#10;        at java.util.concurrent.locks.LockSupport.park(LockSupport.java:175)&#10;        at java.util.concurrent.locks.AbstractQueuedSynchronizer$ConditionObject.await(AbstractQueuedSynchronizer.java:2039)&#10;        at java.util.concurrent.ArrayBlockingQueue.take(ArrayBlockingQueue.java:403)&#10;        at java.util.concurrent.ThreadPoolExecutor.getTask(ThreadPoolExecutor.java:1074)&#10;        at java.util.concurrent.ThreadPoolExecutor.runWorker(ThreadPoolExecutor.java:1134)&#10;        at java.util.concurrent.ThreadPoolExecutor$Worker.run(ThreadPoolExecutor.java:624)&#10;        at java.lang.Thread.run(Thread.java:748)&#10;&quot;org.eclipse.jetty.server.session.HashSessionManager@36211bbcTimer&quot; daemon prio=5 tid=1057 timed_waiting&#10;java.lang.Thread.State: TIMED_WAITING&#10;        at sun.misc.Unsafe.park(Native Method)&#10;        at java.util.concurrent.locks.LockSupport.parkNanos(LockSupport.java:215)&#10;        at java.util.concurrent.locks.AbstractQueuedSynchronizer$ConditionObject.awaitNanos(AbstractQueuedSynchronizer.java:2078)&#10;        at java.util.concurrent.ScheduledThreadPoolExecutor$DelayedWorkQueue.take(ScheduledThreadPoolExecutor.java:1093)&#10;        at java.util.concurrent.ScheduledThreadPoolExecutor$DelayedWorkQueue.take(ScheduledThreadPoolExecutor.java:809)&#10;        at java.util.concurrent.ThreadPoolExecutor.getTask(ThreadPoolExecutor.java:1074)&#10;        at java.util.concurrent.ThreadPoolExecutor.runWorker(ThreadPoolExecutor.java:1134)&#10;        at java.util.concurrent.ThreadPoolExecutor$Worker.run(ThreadPoolExecutor.java:624)&#10;        at java.lang.Thread.run(Thread.java:748)&#10;&quot;qtp1920846948-1221&quot; daemon prio=5 tid=1221 timed_waiting&#10;java.lang.Thread.State: TIMED_WAITING&#10;        at sun.misc.Unsafe.park(Native Method)&#10;        at java.util.concurrent.locks.LockSupport.parkNanos(LockSupport.java:215)&#10;        at java.util.concurrent.locks.AbstractQueuedSynchronizer$ConditionObject.awaitNanos(AbstractQueuedSynchronizer.java:2078)&#10;        at org.eclipse.jetty.util.BlockingArrayQueue.poll(BlockingArrayQueue.java:392)&#10;        at org.eclipse.jetty.util.thread.QueuedThreadPool.idleJobPoll(QueuedThreadPool.java:563)&#10;        at org.eclipse.jetty.util.thread.QueuedThreadPool.access$800(QueuedThreadPool.java:48)&#10;        at org.eclipse.jetty.util.thread.QueuedThreadPool$2.run(QueuedThreadPool.java:626)&#10;        at java.lang.Thread.run(Thread.java:748)&#10;&quot;pool-279-thread-15&quot;  prio=5 tid=1555 in Object.wait()&#10;java.lang.Thread.State: WAITING (on object monitor)&#10;        at sun.misc.Unsafe.park(Native Method)&#10;        at java.util.concurrent.locks.LockSupport.park(LockSupport.java:175)&#10;        at java.util.concurrent.locks.AbstractQueuedSynchronizer$ConditionObject.await(AbstractQueuedSynchronizer.java:2039)&#10;        at java.util.concurrent.ArrayBlockingQueue.take(ArrayBlockingQueue.java:403)&#10;        at java.util.concurrent.ThreadPoolExecutor.getTask(ThreadPoolExecutor.java:1074)&#10;        at java.util.concurrent.ThreadPoolExecutor.runWorker(ThreadPoolExecutor.java:1134)&#10;        at java.util.concurrent.ThreadPoolExecutor$Worker.run(ThreadPoolExecutor.java:624)&#10;        at java.lang.Thread.run(Thread.java:748)&#10;&quot;pool-174-thread-37&quot;  prio=5 tid=1276 in Object.wait()&#10;java.lang.Thread.State: WAITING (on object monitor)&#10;        at sun.misc.Unsafe.park(Native Method)&#10;        at java.util.concurrent.locks.LockSupport.park(LockSupport.java:175)&#10;        at java.util.concurrent.locks.AbstractQueuedSynchronizer$ConditionObject.await(AbstractQueuedSynchronizer.java:2039)&#10;        at java.util.concurrent.ArrayBlockingQueue.take(ArrayBlockingQueue.java:403)&#10;        at java.util.concurrent.ThreadPoolExecutor.getTask(ThreadPoolExecutor.java:1074)&#10;        at java.util.concurrent.ThreadPoolExecutor.runWorker(ThreadPoolExecutor.java:1134)&#10;        at java.util.concurrent.ThreadPoolExecutor$Worker.run(ThreadPoolExecutor.java:624)&#10;        at java.lang.Thread.run(Thread.java:748)&#10;&quot;pool-174-thread-39&quot;  prio=5 tid=1278 in Object.wait()&#10;java.lang.Thread.State: WAITING (on object monitor)&#10;        at sun.misc.Unsafe.park(Native Method)&#10;        at java.util.concurrent.locks.LockSupport.park(LockSupport.java:175)&#10;        at java.util.concurrent.locks.AbstractQueuedSynchronizer$ConditionObject.await(AbstractQueuedSynchronizer.java:2039)&#10;        at java.util.concurrent.ArrayBlockingQueue.take(ArrayBlockingQueue.java:403)&#10;        at java.util.concurrent.ThreadPoolExecutor.getTask(ThreadPoolExecutor.java:1074)&#10;        at java.util.concurrent.ThreadPoolExecutor.runWorker(ThreadPoolExecutor.java:1134)&#10;        at java.util.concurrent.ThreadPoolExecutor$Worker.run(ThreadPoolExecutor.java:624)&#10;        at java.lang.Thread.run(Thread.java:748)&#10;&quot;org.apache.hadoop.util.JvmPauseMonitor$Monitor@4bdc5d23&quot; daemon prio=5 tid=1207 timed_waiting&#10;java.lang.Thread.State: TIMED_WAITING&#10;        at java.lang.Thread.sleep(Native Method)&#10;        at org.apache.hadoop.util.JvmPauseMonitor$Monitor.run(JvmPauseMonitor.java:192)&#10;        at java.lang.Thread.run(Thread.java:748)&#10;&quot;pool-237-thread-12&quot;  prio=5 tid=1432 in Object.wait()&#10;java.lang.Thread.State: WAITING (on object monitor)&#10;        at sun.misc.Unsafe.park(Native Method)&#10;        at java.util.concurrent.locks.LockSupport.park(LockSupport.java:175)&#10;        at java.util.concurrent.locks.AbstractQueuedSynchronizer$ConditionObject.await(AbstractQueuedSynchronizer.java:2039)&#10;        at java.util.concurrent.ArrayBlockingQueue.take(ArrayBlockingQueue.java:403)&#10;        at java.util.concurrent.ThreadPoolExecutor.getTask(ThreadPoolExecutor.java:1074)&#10;        at java.util.concurrent.ThreadPoolExecutor.runWorker(ThreadPoolExecutor.java:1134)&#10;        at java.util.concurrent.ThreadPoolExecutor$Worker.run(ThreadPoolExecutor.java:624)&#10;        at java.lang.Thread.run(Thread.java:748)&#10;&quot;IPC Server handler 7 on 42412&quot; daemon prio=5 tid=971 timed_waiting&#10;java.lang.Thread.State: TIMED_WAITING&#10;        at sun.misc.Unsafe.park(Native Method)&#10;        at java.util.concurrent.locks.LockSupport.parkNanos(LockSupport.java:215)&#10;        at java.util.concurrent.locks.AbstractQueuedSynchronizer$ConditionObject.awaitNanos(AbstractQueuedSynchronizer.java:2078)&#10;        at java.util.concurrent.LinkedBlockingQueue.poll(LinkedBlockingQueue.java:467)&#10;        at org.apache.hadoop.ipc.CallQueueManager.take(CallQueueManager.java:288)&#10;        at org.apache.hadoop.ipc.Server$Handler.run(Server.java:2668)&#10;&quot;pool-174-thread-60&quot;  prio=5 tid=1299 in Object.wait()&#10;java.lang.Thread.State: WAITING (on object monitor)&#10;        at sun.misc.Unsafe.park(Native Method)&#10;        at java.util.concurrent.locks.LockSupport.park(LockSupport.java:175)&#10;        at java.util.concurrent.locks.AbstractQueuedSynchronizer$ConditionObject.await(AbstractQueuedSynchronizer.java:2039)&#10;        at java.util.concurrent.ArrayBlockingQueue.take(ArrayBlockingQueue.java:403)&#10;        at java.util.concurrent.ThreadPoolExecutor.getTask(ThreadPoolExecutor.java:1074)&#10;        at java.util.concurrent.ThreadPoolExecutor.runWorker(ThreadPoolExecutor.java:1134)&#10;        at java.util.concurrent.ThreadPoolExecutor$Worker.run(ThreadPoolExecutor.java:624)&#10;        at java.lang.Thread.run(Thread.java:748)&#10;&quot;org.apache.hadoop.util.JvmPauseMonitor$Monitor@38eec0c0&quot; daemon prio=5 tid=1178 timed_waiting&#10;java.lang.Thread.State: TIMED_WAITING&#10;        at java.lang.Thread.sleep(Native Method)&#10;        at org.apache.hadoop.util.JvmPauseMonitor$Monitor.run(JvmPauseMonitor.java:192)&#10;        at java.lang.Thread.run(Thread.java:748)&#10;&quot;qtp1814361629-1164&quot; daemon prio=5 tid=1164 timed_waiting&#10;java.lang.Thread.State: TIMED_WAITING&#10;        at sun.misc.Unsafe.park(Native Method)&#10;        at java.util.concurrent.locks.LockSupport.parkNanos(LockSupport.java:215)&#10;        at java.util.concurrent.locks.AbstractQueuedSynchronizer$ConditionObject.awaitNanos(AbstractQueuedSynchronizer.java:2078)&#10;        at org.eclipse.jetty.util.BlockingArrayQueue.poll(BlockingArrayQueue.java:392)&#10;        at org.eclipse.jetty.util.thread.QueuedThreadPool.idleJobPoll(QueuedThreadPool.java:563)&#10;        at org.eclipse.jetty.util.thread.QueuedThreadPool.access$800(QueuedThreadPool.java:48)&#10;        at org.eclipse.jetty.util.thread.QueuedThreadPool$2.run(QueuedThreadPool.java:626)&#10;        at java.lang.Thread.run(Thread.java:748)&#10;&quot;IPC Server idle connection scanner for port 36683&quot; daemon prio=5 tid=1021 timed_waiting&#10;java.lang.Thread.State: TIMED_WAITING&#10;        at java.lang.Object.wait(Native Method)&#10;        at java.util.TimerThread.mainLoop(Timer.java:552)&#10;        at java.util.TimerThread.run(Timer.java:505)&#10;&quot;pool-174-thread-18&quot;  prio=5 tid=1257 in Object.wait()&#10;java.lang.Thread.State: WAITING (on object monitor)&#10;        at sun.misc.Unsafe.park(Native Method)&#10;        at java.util.concurrent.locks.LockSupport.park(LockSupport.java:175)&#10;        at java.util.concurrent.locks.AbstractQueuedSynchronizer$ConditionObject.await(AbstractQueuedSynchronizer.java:2039)&#10;        at java.util.concurrent.ArrayBlockingQueue.take(ArrayBlockingQueue.java:403)&#10;        at java.util.concurrent.ThreadPoolExecutor.getTask(ThreadPoolExecutor.java:1074)&#10;        at java.util.concurrent.ThreadPoolExecutor.runWorker(ThreadPoolExecutor.java:1134)&#10;        at java.util.concurrent.ThreadPoolExecutor$Worker.run(ThreadPoolExecutor.java:624)&#10;        at java.lang.Thread.run(Thread.java:748)&#10;&quot;org.eclipse.jetty.server.session.HashSessionManager@4f235e8eTimer&quot; daemon prio=5 tid=1014 timed_waiting&#10;java.lang.Thread.State: TIMED_WAITING&#10;        at sun.misc.Unsafe.park(Native Method)&#10;        at java.util.concurrent.locks.LockSupport.parkNanos(LockSupport.java:215)&#10;        at java.util.concurrent.locks.AbstractQueuedSynchronizer$ConditionObject.awaitNanos(AbstractQueuedSynchronizer.java:2078)&#10;        at java.util.concurrent.ScheduledThreadPoolExecutor$DelayedWorkQueue.take(ScheduledThreadPoolExecutor.java:1093)&#10;        at java.util.concurrent.ScheduledThreadPoolExecutor$DelayedWorkQueue.take(ScheduledThreadPoolExecutor.java:809)&#10;        at java.util.concurrent.ThreadPoolExecutor.getTask(ThreadPoolExecutor.java:1074)&#10;        at java.util.concurrent.ThreadPoolExecutor.runWorker(ThreadPoolExecutor.java:1134)&#10;        at java.util.concurrent.ThreadPoolExecutor$Worker.run(ThreadPoolExecutor.java:624)&#10;        at java.lang.Thread.run(Thread.java:748)&#10;&quot;Datanode State Machine Thread - 0&quot; daemon prio=5 tid=1209 timed_waiting&#10;java.lang.Thread.State: TIMED_WAITING&#10;        at sun.misc.Unsafe.park(Native Method)&#10;        at java.util.concurrent.locks.LockSupport.parkNanos(LockSupport.java:215)&#10;        at java.util.concurrent.SynchronousQueue$TransferStack.awaitFulfill(SynchronousQueue.java:460)&#10;        at java.util.concurrent.SynchronousQueue$TransferStack.transfer(SynchronousQueue.java:362)&#10;        at java.util.concurrent.SynchronousQueue.poll(SynchronousQueue.java:941)&#10;        at java.util.concurrent.ThreadPoolExecutor.getTask(ThreadPoolExecutor.java:1073)&#10;        at java.util.concurrent.ThreadPoolExecutor.runWorker(ThreadPoolExecutor.java:1134)&#10;        at java.util.concurrent.ThreadPoolExecutor$Worker.run(ThreadPoolExecutor.java:624)&#10;        at java.lang.Thread.run(Thread.java:748)&#10;&quot;grpc-default-worker-ELG-3-4&quot; daemon prio=5 tid=705 runnable&#10;java.lang.Thread.State: RUNNABLE&#10;        at sun.nio.ch.EPollArrayWrapper.epollWait(Native Method)&#10;        at sun.nio.ch.EPollArrayWrapper.poll(EPollArrayWrapper.java:269)&#10;        at sun.nio.ch.EPollSelectorImpl.doSelect(EPollSelectorImpl.java:93)&#10;        at sun.nio.ch.SelectorImpl.lockAndDoSelect(SelectorImpl.java:86)&#10;        at sun.nio.ch.SelectorImpl.select(SelectorImpl.java:97)&#10;        at org.apache.ratis.thirdparty.io.netty.channel.nio.SelectedSelectionKeySetSelector.select(SelectedSelectionKeySetSelector.java:62)&#10;        at org.apache.ratis.thirdparty.io.netty.channel.nio.NioEventLoop.select(NioEventLoop.java:753)&#10;        at org.apache.ratis.thirdparty.io.netty.channel.nio.NioEventLoop.run(NioEventLoop.java:408)&#10;        at org.apache.ratis.thirdparty.io.netty.util.concurrent.SingleThreadEventExecutor$5.run(SingleThreadEventExecutor.java:897)&#10;        at org.apache.ratis.thirdparty.io.netty.util.concurrent.FastThreadLocalRunnable.run(FastThreadLocalRunnable.java:30)&#10;        at java.lang.Thread.run(Thread.java:748)&#10;&quot;pool-279-thread-57&quot;  prio=5 tid=1597 in Object.wait()&#10;java.lang.Thread.State: WAITING (on object monitor)&#10;        at sun.misc.Unsafe.park(Native Method)&#10;        at java.util.concurrent.locks.LockSupport.park(LockSupport.java:175)&#10;        at java.util.concurrent.locks.AbstractQueuedSynchronizer$ConditionObject.await(AbstractQueuedSynchronizer.java:2039)&#10;        at java.util.concurrent.ArrayBlockingQueue.take(ArrayBlockingQueue.java:403)&#10;        at java.util.concurrent.ThreadPoolExecutor.getTask(ThreadPoolExecutor.java:1074)&#10;        at java.util.concurrent.ThreadPoolExecutor.runWorker(ThreadPoolExecutor.java:1134)&#10;        at java.util.concurrent.ThreadPoolExecutor$Worker.run(ThreadPoolExecutor.java:624)&#10;        at java.lang.Thread.run(Thread.java:748)&#10;&quot;qtp1814361629-1162&quot; daemon prio=5 tid=1162 timed_waiting&#10;java.lang.Thread.State: TIMED_WAITING&#10;        at sun.misc.Unsafe.park(Native Method)&#10;        at java.util.concurrent.locks.LockSupport.parkNanos(LockSupport.java:215)&#10;        at java.util.concurrent.locks.AbstractQueuedSynchronizer$ConditionObject.awaitNanos(AbstractQueuedSynchronizer.java:2078)&#10;        at org.eclipse.jetty.util.BlockingArrayQueue.poll(BlockingArrayQueue.java:392)&#10;        at org.eclipse.jetty.util.thread.QueuedThreadPool.idleJobPoll(QueuedThreadPool.java:563)&#10;        at org.eclipse.jetty.util.thread.QueuedThreadPool.access$800(QueuedThreadPool.java:48)&#10;        at org.eclipse.jetty.util.thread.QueuedThreadPool$2.run(QueuedThreadPool.java:626)&#10;        at java.lang.Thread.run(Thread.java:748)&#10;&quot;fbcfeba4-c65e-402f-8e8d-7e30531dec82-SegmentedRaftLogWorker:Storage Directory /tmp/workdir/hadoop-ozone/integration-test/target/test-dir/MiniOzoneClusterImpl-d6a8514b-9f5a-4ec7-be91-cc3589120d34/datanode-0/data/ratis/e0f5f245-f45a-48c3-a468-d12da0922e45&quot;  prio=5 tid=1630 timed_waiting&#10;java.lang.Thread.State: TIMED_WAITING&#10;        at sun.misc.Unsafe.park(Native Method)&#10;        at java.util.concurrent.locks.LockSupport.parkNanos(LockSupport.java:215)&#10;        at java.util.concurrent.locks.AbstractQueuedSynchronizer$ConditionObject.awaitNanos(AbstractQueuedSynchronizer.java:2078)&#10;        at org.apache.ratis.util.DataBlockingQueue.poll(DataBlockingQueue.java:137)&#10;        at org.apache.ratis.server.raftlog.segmented.SegmentedRaftLogWorker.run(SegmentedRaftLogWorker.java:283)&#10;        at java.lang.Thread.run(Thread.java:748)&#10;&quot;pool-174-thread-45&quot;  prio=5 tid=1284 in Object.wait()&#10;java.lang.Thread.State: WAITING (on object monitor)&#10;        at sun.misc.Unsafe.park(Native Method)&#10;        at java.util.concurrent.locks.LockSupport.park(LockSupport.java:175)&#10;        at java.util.concurrent.locks.AbstractQueuedSynchronizer$ConditionObject.await(AbstractQueuedSynchronizer.java:2039)&#10;        at java.util.concurrent.ArrayBlockingQueue.take(ArrayBlockingQueue.java:403)&#10;        at java.util.concurrent.ThreadPoolExecutor.getTask(ThreadPoolExecutor.java:1074)&#10;        at java.util.concurrent.ThreadPoolExecutor.runWorker(ThreadPoolExecutor.java:1134)&#10;        at java.util.concurrent.ThreadPoolExecutor$Worker.run(ThreadPoolExecutor.java:624)&#10;        at java.lang.Thread.run(Thread.java:748)&#10;&quot;pool-216-thread-43&quot;  prio=5 tid=1403 in Object.wait()&#10;java.lang.Thread.State: WAITING (on object monitor)&#10;        at sun.misc.Unsafe.park(Native Method)&#10;        at java.util.concurrent.locks.LockSupport.park(LockSupport.java:175)&#10;        at java.util.concurrent.locks.AbstractQueuedSynchronizer$ConditionObject.await(AbstractQueuedSynchronizer.java:2039)&#10;        at java.util.concurrent.ArrayBlockingQueue.take(ArrayBlockingQueue.java:403)&#10;        at java.util.concurrent.ThreadPoolExecutor.getTask(ThreadPoolExecutor.java:1074)&#10;        at java.util.concurrent.ThreadPoolExecutor.runWorker(ThreadPoolExecutor.java:1134)&#10;        at java.util.concurrent.ThreadPoolExecutor$Worker.run(ThreadPoolExecutor.java:624)&#10;        at java.lang.Thread.run(Thread.java:748)&#10;&quot;Datanode State Machine Thread - 0&quot; daemon prio=5 tid=1231 timed_waiting&#10;java.lang.Thread.State: TIMED_WAITING&#10;        at java.lang.Thread.sleep(Native Method)&#10;        at org.apache.hadoop.ozone.container.common.statemachine.DatanodeStateMachine.start(DatanodeStateMachine.java:191)&#10;        at org.apache.hadoop.ozone.container.common.statemachine.DatanodeStateMachine.lambda$startDaemon$0(DatanodeStateMachine.java:349)&#10;        at org.apache.hadoop.ozone.container.common.statemachine.DatanodeStateMachine$$Lambda$143/327170708.run(Unknown Source)&#10;        at java.lang.Thread.run(Thread.java:748)&#10;&quot;Periodic HDDS volume checker&quot;  prio=5 tid=1059 timed_waiting&#10;java.lang.Thread.State: TIMED_WAITING&#10;        at sun.misc.Unsafe.park(Native Method)&#10;        at java.util.concurrent.locks.LockSupport.parkNanos(LockSupport.java:215)&#10;        at java.util.concurrent.locks.AbstractQueuedSynchronizer$ConditionObject.awaitNanos(AbstractQueuedSynchronizer.java:2078)&#10;        at java.util.concurrent.ScheduledThreadPoolExecutor$DelayedWorkQueue.take(ScheduledThreadPoolExecutor.java:1093)&#10;        at java.util.concurrent.ScheduledThreadPoolExecutor$DelayedWorkQueue.take(ScheduledThreadPoolExecutor.java:809)&#10;        at java.util.concurrent.ThreadPoolExecutor.getTask(ThreadPoolExecutor.java:1074)&#10;        at java.util.concurrent.ThreadPoolExecutor.runWorker(ThreadPoolExecutor.java:1134)&#10;        at java.util.concurrent.ThreadPoolExecutor$Worker.run(ThreadPoolExecutor.java:624)&#10;        at java.lang.Thread.run(Thread.java:748)&#10;&quot;pool-174-thread-56&quot;  prio=5 tid=1295 in Object.wait()&#10;java.lang.Thread.State: WAITING (on object monitor)&#10;        at sun.misc.Unsafe.park(Native Method)&#10;        at java.util.concurrent.locks.LockSupport.park(LockSupport.java:175)&#10;        at java.util.concurrent.locks.AbstractQueuedSynchronizer$ConditionObject.await(AbstractQueuedSynchronizer.java:2039)&#10;        at java.util.concurrent.ArrayBlockingQueue.take(ArrayBlockingQueue.java:403)&#10;        at java.util.concurrent.ThreadPoolExecutor.getTask(ThreadPoolExecutor.java:1074)&#10;        at java.util.concurrent.ThreadPoolExecutor.runWorker(ThreadPoolExecutor.java:1134)&#10;        at java.util.concurrent.ThreadPoolExecutor$Worker.run(ThreadPoolExecutor.java:624)&#10;        at java.lang.Thread.run(Thread.java:748)&#10;&quot;pool-174-thread-49&quot;  prio=5 tid=1288 in Object.wait()&#10;java.lang.Thread.State: WAITING (on object monitor)&#10;        at sun.misc.Unsafe.park(Native Method)&#10;        at java.util.concurrent.locks.LockSupport.park(LockSupport.java:175)&#10;        at java.util.concurrent.locks.AbstractQueuedSynchronizer$ConditionObject.await(AbstractQueuedSynchronizer.java:2039)&#10;        at java.util.concurrent.ArrayBlockingQueue.take(ArrayBlockingQueue.java:403)&#10;        at java.util.concurrent.ThreadPoolExecutor.getTask(ThreadPoolExecutor.java:1074)&#10;        at java.util.concurrent.ThreadPoolExecutor.runWorker(ThreadPoolExecutor.java:1134)&#10;        at java.util.concurrent.ThreadPoolExecutor$Worker.run(ThreadPoolExecutor.java:624)&#10;        at java.lang.Thread.run(Thread.java:748)&#10;&quot;pool-174-thread-38&quot;  prio=5 tid=1277 in Object.wait()&#10;java.lang.Thread.State: WAITING (on object monitor)&#10;        at sun.misc.Unsafe.park(Native Method)&#10;        at java.util.concurrent.locks.LockSupport.park(LockSupport.java:175)&#10;        at java.util.concurrent.locks.AbstractQueuedSynchronizer$ConditionObject.await(AbstractQueuedSynchronizer.java:2039)&#10;        at java.util.concurrent.ArrayBlockingQueue.take(ArrayBlockingQueue.java:403)&#10;        at java.util.concurrent.ThreadPoolExecutor.getTask(ThreadPoolExecutor.java:1074)&#10;        at java.util.concurrent.ThreadPoolExecutor.runWorker(ThreadPoolExecutor.java:1134)&#10;        at java.util.concurrent.ThreadPoolExecutor$Worker.run(ThreadPoolExecutor.java:624)&#10;        at java.lang.Thread.run(Thread.java:748)&#10;&quot;BlockDeletingService#0&quot; daemon prio=5 tid=1156 in Object.wait()&#10;java.lang.Thread.State: WAITING (on object monitor)&#10;        at sun.misc.Unsafe.park(Native Method)&#10;        at java.util.concurrent.locks.LockSupport.park(LockSupport.java:175)&#10;        at java.util.concurrent.locks.AbstractQueuedSynchronizer$ConditionObject.await(AbstractQueuedSynchronizer.java:2039)&#10;        at java.util.concurrent.ScheduledThreadPoolExecutor$DelayedWorkQueue.take(ScheduledThreadPoolExecutor.java:1088)&#10;        at java.util.concurrent.ScheduledThreadPoolExecutor$DelayedWorkQueue.take(ScheduledThreadPoolExecutor.java:809)&#10;        at java.util.concurrent.ThreadPoolExecutor.getTask(ThreadPoolExecutor.java:1074)&#10;        at java.util.concurrent.ThreadPoolExecutor.runWorker(ThreadPoolExecutor.java:1134)&#10;        at java.util.concurrent.ThreadPoolExecutor$Worker.run(ThreadPoolExecutor.java:624)&#10;        at java.lang.Thread.run(Thread.java:748)&#10;&quot;pool-258-thread-51&quot;  prio=5 tid=1531 in Object.wait()&#10;java.lang.Thread.State: WAITING (on object monitor)&#10;        at sun.misc.Unsafe.park(Native Method)&#10;        at java.util.concurrent.locks.LockSupport.park(LockSupport.java:175)&#10;        at java.util.concurrent.locks.AbstractQueuedSynchronizer$ConditionObject.await(AbstractQueuedSynchronizer.java:2039)&#10;        at java.util.concurrent.ArrayBlockingQueue.take(ArrayBlockingQueue.java:403)&#10;        at java.util.concurrent.ThreadPoolExecutor.getTask(ThreadPoolExecutor.java:1074)&#10;        at java.util.concurrent.ThreadPoolExecutor.runWorker(ThreadPoolExecutor.java:1134)&#10;        at java.util.concurrent.ThreadPoolExecutor$Worker.run(ThreadPoolExecutor.java:624)&#10;        at java.lang.Thread.run(Thread.java:748)&#10;&quot;Reference Handler&quot; daemon prio=10 tid=2 in Object.wait()&#10;java.lang.Thread.State: WAITING (on object monitor)&#10;        at java.lang.Object.wait(Native Method)&#10;        at java.lang.Object.wait(Object.java:502)&#10;        at java.lang.ref.Reference.tryHandlePending(Reference.java:191)&#10;        at java.lang.ref.Reference$ReferenceHandler.run(Reference.java:153)&#10;&quot;pool-273-thread-1&quot;  prio=5 tid=1188 timed_waiting&#10;java.lang.Thread.State: TIMED_WAITING&#10;        at sun.misc.Unsafe.park(Native Method)&#10;        at java.util.concurrent.locks.LockSupport.parkNanos(LockSupport.java:215)&#10;        at java.util.concurrent.locks.AbstractQueuedSynchronizer$ConditionObject.awaitNanos(AbstractQueuedSynchronizer.java:2078)&#10;        at java.util.concurrent.ScheduledThreadPoolExecutor$DelayedWorkQueue.take(ScheduledThreadPoolExecutor.java:1093)&#10;        at java.util.concurrent.ScheduledThreadPoolExecutor$DelayedWorkQueue.take(ScheduledThreadPoolExecutor.java:809)&#10;        at java.util.concurrent.ThreadPoolExecutor.getTask(ThreadPoolExecutor.java:1074)&#10;        at java.util.concurrent.ThreadPoolExecutor.runWorker(ThreadPoolExecutor.java:1134)&#10;        at java.util.concurrent.ThreadPoolExecutor$Worker.run(ThreadPoolExecutor.java:624)&#10;        at java.lang.Thread.run(Thread.java:748)&#10;&quot;BlockDeletingService#0&quot; daemon prio=5 tid=1186 in Object.wait()&#10;java.lang.Thread.State: WAITING (on object monitor)&#10;        at sun.misc.Unsafe.park(Native Method)&#10;        at java.util.concurrent.locks.LockSupport.park(LockSupport.java:175)&#10;        at java.util.concurrent.locks.AbstractQueuedSynchronizer$ConditionObject.await(AbstractQueuedSynchronizer.java:2039)&#10;        at java.util.concurrent.ScheduledThreadPoolExecutor$DelayedWorkQueue.take(ScheduledThreadPoolExecutor.java:1088)&#10;        at java.util.concurrent.ScheduledThreadPoolExecutor$DelayedWorkQueue.take(ScheduledThreadPoolExecutor.java:809)&#10;        at java.util.concurrent.ThreadPoolExecutor.getTask(ThreadPoolExecutor.java:1074)&#10;        at java.util.concurrent.ThreadPoolExecutor.runWorker(ThreadPoolExecutor.java:1134)&#10;        at java.util.concurrent.ThreadPoolExecutor$Worker.run(ThreadPoolExecutor.java:624)&#10;        at java.lang.Thread.run(Thread.java:748)&#10;&quot;pool-297-thread-1&quot;  prio=5 tid=1741 in Object.wait()&#10;java.lang.Thread.State: WAITING (on object monitor)&#10;        at sun.misc.Unsafe.park(Native Method)&#10;        at java.util.concurrent.locks.LockSupport.park(LockSupport.java:175)&#10;        at java.util.concurrent.locks.AbstractQueuedSynchronizer$ConditionObject.await(AbstractQueuedSynchronizer.java:2039)&#10;        at java.util.concurrent.LinkedBlockingQueue.take(LinkedBlockingQueue.java:442)&#10;        at java.util.concurrent.ThreadPoolExecutor.getTask(ThreadPoolExecutor.java:1074)&#10;        at java.util.concurrent.ThreadPoolExecutor.runWorker(ThreadPoolExecutor.java:1134)&#10;        at java.util.concurrent.ThreadPoolExecutor$Worker.run(ThreadPoolExecutor.java:624)&#10;        at java.lang.Thread.run(Thread.java:748)&#10;&quot;IPC Server handler 7 on 36272&quot; daemon prio=5 tid=991 timed_waiting&#10;java.lang.Thread.State: TIMED_WAITING&#10;        at sun.misc.Unsafe.park(Native Method)&#10;        at java.util.concurrent.locks.LockSupport.parkNanos(LockSupport.java:215)&#10;        at java.util.concurrent.locks.AbstractQueuedSynchronizer$ConditionObject.awaitNanos(AbstractQueuedSynchronizer.java:2078)&#10;        at java.util.concurrent.LinkedBlockingQueue.poll(LinkedBlockingQueue.java:467)&#10;        at org.apache.hadoop.ipc.CallQueueManager.take(CallQueueManager.java:288)&#10;        at org.apache.hadoop.ipc.Server$Handler.run(Server.java:2668)&#10;&quot;pool-216-thread-60&quot;  prio=5 tid=1420 in Object.wait()&#10;java.lang.Thread.State: WAITING (on object monitor)&#10;        at sun.misc.Unsafe.park(Native Method)&#10;        at java.util.concurrent.locks.LockSupport.park(LockSupport.java:175)&#10;        at java.util.concurrent.locks.AbstractQueuedSynchronizer$ConditionObject.await(AbstractQueuedSynchronizer.java:2039)&#10;        at java.util.concurrent.ArrayBlockingQueue.take(ArrayBlockingQueue.java:403)&#10;        at java.util.concurrent.ThreadPoolExecutor.getTask(ThreadPoolExecutor.java:1074)&#10;        at java.util.concurrent.ThreadPoolExecutor.runWorker(ThreadPoolExecutor.java:1134)&#10;        at java.util.concurrent.ThreadPoolExecutor$Worker.run(ThreadPoolExecutor.java:624)&#10;        at java.lang.Thread.run(Thread.java:748)&#10;&quot;jaeger.RemoteReporter-QueueProcessor&quot; daemon prio=5 tid=146 in Object.wait()&#10;java.lang.Thread.State: WAITING (on object monitor)&#10;        at sun.misc.Unsafe.park(Native Method)&#10;        at java.util.concurrent.locks.LockSupport.park(LockSupport.java:175)&#10;        at java.util.concurrent.locks.AbstractQueuedSynchronizer$ConditionObject.await(AbstractQueuedSynchronizer.java:2039)&#10;        at java.util.concurrent.ArrayBlockingQueue.take(ArrayBlockingQueue.java:403)&#10;        at io.jaegertracing.internal.reporters.RemoteReporter$QueueProcessor.run(RemoteReporter.java:173)&#10;        at java.lang.Thread.run(Thread.java:748)&#10;&quot;pool-216-thread-42&quot;  prio=5 tid=1402 in Object.wait()&#10;java.lang.Thread.State: WAITING (on object monitor)&#10;        at sun.misc.Unsafe.park(Native Method)&#10;        at java.util.concurrent.locks.LockSupport.park(LockSupport.java:175)&#10;        at java.util.concurrent.locks.AbstractQueuedSynchronizer$ConditionObject.await(AbstractQueuedSynchronizer.java:2039)&#10;        at java.util.concurrent.ArrayBlockingQueue.take(ArrayBlockingQueue.java:403)&#10;        at java.util.concurrent.ThreadPoolExecutor.getTask(ThreadPoolExecutor.java:1074)&#10;        at java.util.concurrent.ThreadPoolExecutor.runWorker(ThreadPoolExecutor.java:1134)&#10;        at java.util.concurrent.ThreadPoolExecutor$Worker.run(ThreadPoolExecutor.java:624)&#10;        at java.lang.Thread.run(Thread.java:748)&#10;&quot;Command processor thread&quot; daemon prio=5 tid=1206 timed_waiting&#10;java.lang.Thread.State: TIMED_WAITING&#10;        at java.lang.Thread.sleep(Native Method)&#10;        at org.apache.hadoop.ozone.container.common.statemachine.DatanodeStateMachine.lambda$initCommandHandlerThread$1(DatanodeStateMachine.java:439)&#10;        at org.apache.hadoop.ozone.container.common.statemachine.DatanodeStateMachine$$Lambda$144/707418368.run(Unknown Source)&#10;        at java.lang.Thread.run(Thread.java:748)&#10;&quot;pool-174-thread-7&quot;  prio=5 tid=1246 in Object.wait()&#10;java.lang.Thread.State: WAITING (on object monitor)&#10;        at sun.misc.Unsafe.park(Native Method)&#10;        at java.util.concurrent.locks.LockSupport.park(LockSupport.java:175)&#10;        at java.util.concurrent.locks.AbstractQueuedSynchronizer$ConditionObject.await(AbstractQueuedSynchronizer.java:2039)&#10;        at java.util.concurrent.ArrayBlockingQueue.take(ArrayBlockingQueue.java:403)&#10;        at java.util.concurrent.ThreadPoolExecutor.getTask(ThreadPoolExecutor.java:1074)&#10;        at java.util.concurrent.ThreadPoolExecutor.runWorker(ThreadPoolExecutor.java:1134)&#10;        at java.util.concurrent.ThreadPoolExecutor$Worker.run(ThreadPoolExecutor.java:624)&#10;        at java.lang.Thread.run(Thread.java:748)&#10;&quot;qtp43402513-1106&quot; daemon prio=5 tid=1106 timed_waiting&#10;java.lang.Thread.State: TIMED_WAITING&#10;        at sun.misc.Unsafe.park(Native Method)&#10;        at java.util.concurrent.locks.LockSupport.parkNanos(LockSupport.java:215)&#10;        at java.util.concurrent.locks.AbstractQueuedSynchronizer$ConditionObject.awaitNanos(AbstractQueuedSynchronizer.java:2078)&#10;        at org.eclipse.jetty.util.BlockingArrayQueue.poll(BlockingArrayQueue.java:392)&#10;        at org.eclipse.jetty.util.thread.QueuedThreadPool.idleJobPoll(QueuedThreadPool.java:563)&#10;        at org.eclipse.jetty.util.thread.QueuedThreadPool.access$800(QueuedThreadPool.java:48)&#10;        at org.eclipse.jetty.util.thread.QueuedThreadPool$2.run(QueuedThreadPool.java:626)&#10;        at java.lang.Thread.run(Thread.java:748)&#10;&quot;pool-174-thread-12&quot;  prio=5 tid=1251 in Object.wait()&#10;java.lang.Thread.State: WAITING (on object monitor)&#10;        at sun.misc.Unsafe.park(Native Method)&#10;        at java.util.concurrent.locks.LockSupport.park(LockSupport.java:175)&#10;        at java.util.concurrent.locks.AbstractQueuedSynchronizer$ConditionObject.await(AbstractQueuedSynchronizer.java:2039)&#10;        at java.util.concurrent.ArrayBlockingQueue.take(ArrayBlockingQueue.java:403)&#10;        at java.util.concurrent.ThreadPoolExecutor.getTask(ThreadPoolExecutor.java:1074)&#10;        at java.util.concurrent.ThreadPoolExecutor.runWorker(ThreadPoolExecutor.java:1134)&#10;        at java.util.concurrent.ThreadPoolExecutor$Worker.run(ThreadPoolExecutor.java:624)&#10;        at java.lang.Thread.run(Thread.java:748)&#10;&quot;pool-216-thread-11&quot;  prio=5 tid=1371 in Object.wait()&#10;java.lang.Thread.State: WAITING (on object monitor)&#10;        at sun.misc.Unsafe.park(Native Method)&#10;        at java.util.concurrent.locks.LockSupport.park(LockSupport.java:175)&#10;        at java.util.concurrent.locks.AbstractQueuedSynchronizer$ConditionObject.await(AbstractQueuedSynchronizer.java:2039)&#10;        at java.util.concurrent.ArrayBlockingQueue.take(ArrayBlockingQueue.java:403)&#10;        at java.util.concurrent.ThreadPoolExecutor.getTask(ThreadPoolExecutor.java:1074)&#10;        at java.util.concurrent.ThreadPoolExecutor.runWorker(ThreadPoolExecutor.java:1134)&#10;        at java.util.concurrent.ThreadPoolExecutor$Worker.run(ThreadPoolExecutor.java:624)&#10;        at java.lang.Thread.run(Thread.java:748)&#10;&quot;pool-195-thread-48&quot;  prio=5 tid=1348 in Object.wait()&#10;java.lang.Thread.State: WAITING (on object monitor)&#10;        at sun.misc.Unsafe.park(Native Method)&#10;        at java.util.concurrent.locks.LockSupport.park(LockSupport.java:175)&#10;        at java.util.concurrent.locks.AbstractQueuedSynchronizer$ConditionObject.await(AbstractQueuedSynchronizer.java:2039)&#10;        at java.util.concurrent.ArrayBlockingQueue.take(ArrayBlockingQueue.java:403)&#10;        at java.util.concurrent.ThreadPoolExecutor.getTask(ThreadPoolExecutor.java:1074)&#10;        at java.util.concurrent.ThreadPoolExecutor.runWorker(ThreadPoolExecutor.java:1134)&#10;        at java.util.concurrent.ThreadPoolExecutor$Worker.run(ThreadPoolExecutor.java:624)&#10;        at java.lang.Thread.run(Thread.java:748)&#10;&quot;IPC Server handler 1 on 36683&quot; daemon prio=5 tid=1027 timed_waiting&#10;java.lang.Thread.State: TIMED_WAITING&#10;        at sun.misc.Unsafe.park(Native Method)&#10;        at java.util.concurrent.locks.LockSupport.parkNanos(LockSupport.java:215)&#10;        at java.util.concurrent.locks.AbstractQueuedSynchronizer$ConditionObject.awaitNanos(AbstractQueuedSynchronizer.java:2078)&#10;        at java.util.concurrent.LinkedBlockingQueue.poll(LinkedBlockingQueue.java:467)&#10;        at org.apache.hadoop.ipc.CallQueueManager.take(CallQueueManager.java:288)&#10;        at org.apache.hadoop.ipc.Server$Handler.run(Server.java:2668)&#10;&quot;Datanode ReportManager Thread - 3&quot; daemon prio=5 tid=1175 in Object.wait()&#10;java.lang.Thread.State: WAITING (on object monitor)&#10;        at sun.misc.Unsafe.park(Native Method)&#10;        at java.util.concurrent.locks.LockSupport.park(LockSupport.java:175)&#10;        at java.util.concurrent.locks.AbstractQueuedSynchronizer$ConditionObject.await(AbstractQueuedSynchronizer.java:2039)&#10;        at java.util.concurrent.ScheduledThreadPoolExecutor$DelayedWorkQueue.take(ScheduledThreadPoolExecutor.java:1088)&#10;        at java.util.concurrent.ScheduledThreadPoolExecutor$DelayedWorkQueue.take(ScheduledThreadPoolExecutor.java:809)&#10;        at java.util.concurrent.ThreadPoolExecutor.getTask(ThreadPoolExecutor.java:1074)&#10;        at java.util.concurrent.ThreadPoolExecutor.runWorker(ThreadPoolExecutor.java:1134)&#10;        at java.util.concurrent.ThreadPoolExecutor$Worker.run(ThreadPoolExecutor.java:624)&#10;        at java.lang.Thread.run(Thread.java:748)&#10;&quot;IPC Server handler 16 on 36683&quot; daemon prio=5 tid=1042 timed_waiting&#10;java.lang.Thread.State: TIMED_WAITING&#10;        at sun.misc.Unsafe.park(Native Method)&#10;        at java.util.concurrent.locks.LockSupport.parkNanos(LockSupport.java:215)&#10;        at java.util.concurrent.locks.AbstractQueuedSynchronizer$ConditionObject.awaitNanos(AbstractQueuedSynchronizer.java:2078)&#10;        at java.util.concurrent.LinkedBlockingQueue.poll(LinkedBlockingQueue.java:467)&#10;        at org.apache.hadoop.ipc.CallQueueManager.take(CallQueueManager.java:288)&#10;        at org.apache.hadoop.ipc.Server$Handler.run(Server.java:2668)&#10;&quot;pool-237-thread-52&quot;  prio=5 tid=1472 in Object.wait()&#10;java.lang.Thread.State: WAITING (on object monitor)&#10;        at sun.misc.Unsafe.park(Native Method)&#10;        at java.util.concurrent.locks.LockSupport.park(LockSupport.java:175)&#10;        at java.util.concurrent.locks.AbstractQueuedSynchronizer$ConditionObject.await(AbstractQueuedSynchronizer.java:2039)&#10;        at java.util.concurrent.ArrayBlockingQueue.take(ArrayBlockingQueue.java:403)&#10;        at java.util.concurrent.ThreadPoolExecutor.getTask(ThreadPoolExecutor.java:1074)&#10;        at java.util.concurrent.ThreadPoolExecutor.runWorker(ThreadPoolExecutor.java:1134)&#10;        at java.util.concurrent.ThreadPoolExecutor$Worker.run(ThreadPoolExecutor.java:624)&#10;        at java.lang.Thread.run(Thread.java:748)&#10;&quot;Thread-716&quot; daemon prio=5 tid=1721 timed_waiting&#10;java.lang.Thread.State: TIMED_WAITING&#10;        at sun.misc.Unsafe.park(Native Method)&#10;        at java.util.concurrent.locks.LockSupport.parkNanos(LockSupport.java:215)&#10;        at java.util.concurrent.locks.AbstractQueuedSynchronizer$ConditionObject.awaitNanos(AbstractQueuedSynchronizer.java:2078)&#10;        at java.util.concurrent.ArrayBlockingQueue.poll(ArrayBlockingQueue.java:418)&#10;        at org.apache.ratis.server.impl.LeaderState$EventQueue.poll(LeaderState.java:114)&#10;        at org.apache.ratis.server.impl.LeaderState$EventProcessor.run(LeaderState.java:451)&#10;&quot;Datanode ReportManager Thread - 3&quot; daemon prio=5 tid=1205 in Object.wait()&#10;java.lang.Thread.State: WAITING (on object monitor)&#10;        at sun.misc.Unsafe.park(Native Method)&#10;        at java.util.concurrent.locks.LockSupport.park(LockSupport.java:175)&#10;        at java.util.concurrent.locks.AbstractQueuedSynchronizer$ConditionObject.await(AbstractQueuedSynchronizer.java:2039)&#10;        at java.util.concurrent.ScheduledThreadPoolExecutor$DelayedWorkQueue.take(ScheduledThreadPoolExecutor.java:1088)&#10;        at java.util.concurrent.ScheduledThreadPoolExecutor$DelayedWorkQueue.take(ScheduledThreadPoolExecutor.java:809)&#10;        at java.util.concurrent.ThreadPoolExecutor.getTask(ThreadPoolExecutor.java:1074)&#10;        at java.util.concurrent.ThreadPoolExecutor.runWorker(ThreadPoolExecutor.java:1134)&#10;        at java.util.concurrent.ThreadPoolExecutor$Worker.run(ThreadPoolExecutor.java:624)&#10;        at java.lang.Thread.run(Thread.java:748)&#10;&quot;pool-227-thread-1&quot;  prio=5 tid=1621 in Object.wait()&#10;java.lang.Thread.State: WAITING (on object monitor)&#10;        at sun.misc.Unsafe.park(Native Method)&#10;        at java.util.concurrent.locks.LockSupport.park(LockSupport.java:175)&#10;        at java.util.concurrent.locks.AbstractQueuedSynchronizer$ConditionObject.await(AbstractQueuedSynchronizer.java:2039)&#10;        at java.util.concurrent.LinkedBlockingQueue.take(LinkedBlockingQueue.java:442)&#10;        at java.util.concurrent.ThreadPoolExecutor.getTask(ThreadPoolExecutor.java:1074)&#10;        at java.util.concurrent.ThreadPoolExecutor.runWorker(ThreadPoolExecutor.java:1134)&#10;        at java.util.concurrent.ThreadPoolExecutor$Worker.run(ThreadPoolExecutor.java:624)&#10;        at java.lang.Thread.run(Thread.java:748)&#10;&quot;pool-237-thread-48&quot;  prio=5 tid=1468 in Object.wait()&#10;java.lang.Thread.State: WAITING (on object monitor)&#10;        at sun.misc.Unsafe.park(Native Method)&#10;        at java.util.concurrent.locks.LockSupport.park(LockSupport.java:175)&#10;        at java.util.concurrent.locks.AbstractQueuedSynchronizer$ConditionObject.await(AbstractQueuedSynchronizer.java:2039)&#10;        at java.util.concurrent.ArrayBlockingQueue.take(ArrayBlockingQueue.java:403)&#10;        at java.util.concurrent.ThreadPoolExecutor.getTask(ThreadPoolExecutor.java:1074)&#10;        at java.util.concurrent.ThreadPoolExecutor.runWorker(ThreadPoolExecutor.java:1134)&#10;        at java.util.concurrent.ThreadPoolExecutor$Worker.run(ThreadPoolExecutor.java:624)&#10;        at java.lang.Thread.run(Thread.java:748)&#10;&quot;Datanode State Machine Thread - 0&quot; daemon prio=5 tid=1081 timed_waiting&#10;java.lang.Thread.State: TIMED_WAITING&#10;        at java.lang.Thread.sleep(Native Method)&#10;        at org.apache.hadoop.ozone.container.common.statemachine.DatanodeStateMachine.start(DatanodeStateMachine.java:191)&#10;        at org.apache.hadoop.ozone.container.common.statemachine.DatanodeStateMachine.lambda$startDaemon$0(DatanodeStateMachine.java:349)&#10;        at org.apache.hadoop.ozone.container.common.statemachine.DatanodeStateMachine$$Lambda$143/327170708.run(Unknown Source)&#10;        at java.lang.Thread.run(Thread.java:748)&#10;&quot;IPC Server handler 19 on 42412&quot; daemon prio=5 tid=983 timed_waiting&#10;java.lang.Thread.State: TIMED_WAITING&#10;        at sun.misc.Unsafe.park(Native Method)&#10;        at java.util.concurrent.locks.LockSupport.parkNanos(LockSupport.java:215)&#10;        at java.util.concurrent.locks.AbstractQueuedSynchronizer$ConditionObject.awaitNanos(AbstractQueuedSynchronizer.java:2078)&#10;        at java.util.concurrent.LinkedBlockingQueue.poll(LinkedBlockingQueue.java:467)&#10;        at org.apache.hadoop.ipc.CallQueueManager.take(CallQueueManager.java:288)&#10;        at org.apache.hadoop.ipc.Server$Handler.run(Server.java:2668)&#10;&quot;BlockDeletingService#0&quot; daemon prio=5 tid=1216 in Object.wait()&#10;java.lang.Thread.State: WAITING (on object monitor)&#10;        at sun.misc.Unsafe.park(Native Method)&#10;        at java.util.concurrent.locks.LockSupport.park(LockSupport.java:175)&#10;        at java.util.concurrent.locks.AbstractQueuedSynchronizer$ConditionObject.await(AbstractQueuedSynchronizer.java:2039)&#10;        at java.util.concurrent.ScheduledThreadPoolExecutor$DelayedWorkQueue.take(ScheduledThreadPoolExecutor.java:1088)&#10;        at java.util.concurrent.ScheduledThreadPoolExecutor$DelayedWorkQueue.take(ScheduledThreadPoolExecutor.java:809)&#10;        at java.util.concurrent.ThreadPoolExecutor.getTask(ThreadPoolExecutor.java:1074)&#10;        at java.util.concurrent.ThreadPoolExecutor.runWorker(ThreadPoolExecutor.java:1134)&#10;        at java.util.concurrent.ThreadPoolExecutor$Worker.run(ThreadPoolExecutor.java:624)&#10;        at java.lang.Thread.run(Thread.java:748)&#10;&quot;qtp649827042-1073&quot; daemon prio=5 tid=1073 timed_waiting&#10;java.lang.Thread.State: TIMED_WAITING&#10;        at sun.misc.Unsafe.park(Native Method)&#10;        at java.util.concurrent.locks.LockSupport.parkNanos(LockSupport.java:215)&#10;        at java.util.concurrent.locks.AbstractQueuedSynchronizer$ConditionObject.awaitNanos(AbstractQueuedSynchronizer.java:2078)&#10;        at org.eclipse.jetty.util.BlockingArrayQueue.poll(BlockingArrayQueue.java:392)&#10;        at org.eclipse.jetty.util.thread.QueuedThreadPool.idleJobPoll(QueuedThreadPool.java:563)&#10;        at org.eclipse.jetty.util.thread.QueuedThreadPool.access$800(QueuedThreadPool.java:48)&#10;        at org.eclipse.jetty.util.thread.QueuedThreadPool$2.run(QueuedThreadPool.java:626)&#10;        at java.lang.Thread.run(Thread.java:748)&#10;&quot;qtp1920846948-1222&quot; daemon prio=5 tid=1222 timed_waiting&#10;java.lang.Thread.State: TIMED_WAITING&#10;        at sun.misc.Unsafe.park(Native Method)&#10;        at java.util.concurrent.locks.LockSupport.parkNanos(LockSupport.java:215)&#10;        at java.util.concurrent.locks.AbstractQueuedSynchronizer$ConditionObject.awaitNanos(AbstractQueuedSynchronizer.java:2078)&#10;        at org.eclipse.jetty.util.BlockingArrayQueue.poll(BlockingArrayQueue.java:392)&#10;        at org.eclipse.jetty.util.thread.QueuedThreadPool.idleJobPoll(QueuedThreadPool.java:563)&#10;        at org.eclipse.jetty.util.thread.QueuedThreadPool.access$800(QueuedThreadPool.java:48)&#10;        at org.eclipse.jetty.util.thread.QueuedThreadPool$2.run(QueuedThreadPool.java:626)&#10;        at java.lang.Thread.run(Thread.java:748)&#10;&quot;nioEventLoopGroup-12-1&quot;  prio=10 tid=321 runnable&#10;java.lang.Thread.State: RUNNABLE&#10;        at sun.nio.ch.EPollArrayWrapper.epollWait(Native Method)&#10;        at sun.nio.ch.EPollArrayWrapper.poll(EPollArrayWrapper.java:269)&#10;        at sun.nio.ch.EPollSelectorImpl.doSelect(EPollSelectorImpl.java:93)&#10;        at sun.nio.ch.SelectorImpl.lockAndDoSelect(SelectorImpl.java:86)&#10;        at sun.nio.ch.SelectorImpl.select(SelectorImpl.java:97)&#10;        at io.netty.channel.nio.SelectedSelectionKeySetSelector.select(SelectedSelectionKeySetSelector.java:62)&#10;        at io.netty.channel.nio.NioEventLoop.select(NioEventLoop.java:753)&#10;        at io.netty.channel.nio.NioEventLoop.run(NioEventLoop.java:408)&#10;        at io.netty.util.concurrent.SingleThreadEventExecutor$5.run(SingleThreadEventExecutor.java:897)&#10;        at io.netty.util.concurrent.FastThreadLocalRunnable.run(FastThreadLocalRunnable.java:30)&#10;        at java.lang.Thread.run(Thread.java:748)&#10;&quot;pool-237-thread-39&quot;  prio=5 tid=1459 in Object.wait()&#10;java.lang.Thread.State: WAITING (on object monitor)&#10;        at sun.misc.Unsafe.park(Native Method)&#10;        at java.util.concurrent.locks.LockSupport.park(LockSupport.java:175)&#10;        at java.util.concurrent.locks.AbstractQueuedSynchronizer$ConditionObject.await(AbstractQueuedSynchronizer.java:2039)&#10;        at java.util.concurrent.ArrayBlockingQueue.take(ArrayBlockingQueue.java:403)&#10;        at java.util.concurrent.ThreadPoolExecutor.getTask(ThreadPoolExecutor.java:1074)&#10;        at java.util.concurrent.ThreadPoolExecutor.runWorker(ThreadPoolExecutor.java:1134)&#10;        at java.util.concurrent.ThreadPoolExecutor$Worker.run(ThreadPoolExecutor.java:624)&#10;        at java.lang.Thread.run(Thread.java:748)&#10;&quot;482e7165-fe12-46cd-a701-6952c6a65481-SegmentedRaftLogWorker:Storage Directory /tmp/workdir/hadoop-ozone/integration-test/target/test-dir/MiniOzoneClusterImpl-d6a8514b-9f5a-4ec7-be91-cc3589120d34/datanode-2/data/ratis/e0f5f245-f45a-48c3-a468-d12da0922e45&quot;  prio=5 tid=1632 timed_waiting&#10;java.lang.Thread.State: TIMED_WAITING&#10;        at sun.misc.Unsafe.park(Native Method)&#10;        at java.util.concurrent.locks.LockSupport.parkNanos(LockSupport.java:215)&#10;        at java.util.concurrent.locks.AbstractQueuedSynchronizer$ConditionObject.awaitNanos(AbstractQueuedSynchronizer.java:2078)&#10;        at org.apache.ratis.util.DataBlockingQueue.poll(DataBlockingQueue.java:137)&#10;        at org.apache.ratis.server.raftlog.segmented.SegmentedRaftLogWorker.run(SegmentedRaftLogWorker.java:283)&#10;        at java.lang.Thread.run(Thread.java:748)&#10;&quot;pool-174-thread-9&quot;  prio=5 tid=1248 in Object.wait()&#10;java.lang.Thread.State: WAITING (on object monitor)&#10;        at sun.misc.Unsafe.park(Native Method)&#10;        at java.util.concurrent.locks.LockSupport.park(LockSupport.java:175)&#10;        at java.util.concurrent.locks.AbstractQueuedSynchronizer$ConditionObject.await(AbstractQueuedSynchronizer.java:2039)&#10;        at java.util.concurrent.ArrayBlockingQueue.take(ArrayBlockingQueue.java:403)&#10;        at java.util.concurrent.ThreadPoolExecutor.getTask(ThreadPoolExecutor.java:1074)&#10;        at java.util.concurrent.ThreadPoolExecutor.runWorker(ThreadPoolExecutor.java:1134)&#10;        at java.util.concurrent.ThreadPoolExecutor$Worker.run(ThreadPoolExecutor.java:624)&#10;        at java.lang.Thread.run(Thread.java:748)&#10;&quot;pool-206-thread-1&quot;  prio=5 tid=1616 in Object.wait()&#10;java.lang.Thread.State: WAITING (on object monitor)&#10;        at sun.misc.Unsafe.park(Native Method)&#10;        at java.util.concurrent.locks.LockSupport.park(LockSupport.java:175)&#10;        at java.util.concurrent.locks.AbstractQueuedSynchronizer$ConditionObject.await(AbstractQueuedSynchronizer.java:2039)&#10;        at java.util.concurrent.LinkedBlockingQueue.take(LinkedBlockingQueue.java:442)&#10;        at java.util.concurrent.ThreadPoolExecutor.getTask(ThreadPoolExecutor.java:1074)&#10;        at java.util.concurrent.ThreadPoolExecutor.runWorker(ThreadPoolExecutor.java:1134)&#10;        at java.util.concurrent.ThreadPoolExecutor$Worker.run(ThreadPoolExecutor.java:624)&#10;        at java.lang.Thread.run(Thread.java:748)&#10;&quot;process reaper&quot; daemon prio=10 tid=10 timed_waiting&#10;java.lang.Thread.State: TIMED_WAITING&#10;        at sun.misc.Unsafe.park(Native Method)&#10;        at java.util.concurrent.locks.LockSupport.parkNanos(LockSupport.java:215)&#10;        at java.util.concurrent.SynchronousQueue$TransferStack.awaitFulfill(SynchronousQueue.java:460)&#10;        at java.util.concurrent.SynchronousQueue$TransferStack.transfer(SynchronousQueue.java:362)&#10;        at java.util.concurrent.SynchronousQueue.poll(SynchronousQueue.java:941)&#10;        at java.util.concurrent.ThreadPoolExecutor.getTask(ThreadPoolExecutor.java:1073)&#10;        at java.util.concurrent.ThreadPoolExecutor.runWorker(ThreadPoolExecutor.java:1134)&#10;        at java.util.concurrent.ThreadPoolExecutor$Worker.run(ThreadPoolExecutor.java:624)&#10;        at java.lang.Thread.run(Thread.java:748)&#10;&quot;StateMachineUpdater:9235e096-bad2-4ddc-afaa-1e7edc12c7d5:group-2CAFED4AB0A3&quot; daemon prio=5 tid=1662 in Object.wait()&#10;java.lang.Thread.State: WAITING (on object monitor)&#10;        at java.lang.Object.wait(Native Method)&#10;        at java.lang.Object.wait(Object.java:502)&#10;        at org.apache.ratis.server.impl.StateMachineUpdater.waitForCommit(StateMachineUpdater.java:180)&#10;        at org.apache.ratis.server.impl.StateMachineUpdater.run(StateMachineUpdater.java:138)&#10;        at java.lang.Thread.run(Thread.java:748)&#10;&quot;pool-174-thread-30&quot;  prio=5 tid=1269 in Object.wait()&#10;java.lang.Thread.State: WAITING (on object monitor)&#10;        at sun.misc.Unsafe.park(Native Method)&#10;        at java.util.concurrent.locks.LockSupport.park(LockSupport.java:175)&#10;        at java.util.concurrent.locks.AbstractQueuedSynchronizer$ConditionObject.await(AbstractQueuedSynchronizer.java:2039)&#10;        at java.util.concurrent.ArrayBlockingQueue.take(ArrayBlockingQueue.java:403)&#10;        at java.util.concurrent.ThreadPoolExecutor.getTask(ThreadPoolExecutor.java:1074)&#10;        at java.util.concurrent.ThreadPoolExecutor.runWorker(ThreadPoolExecutor.java:1134)&#10;        at java.util.concurrent.ThreadPoolExecutor$Worker.run(ThreadPoolExecutor.java:624)&#10;        at java.lang.Thread.run(Thread.java:748)&#10;&quot;pool-258-thread-9&quot;  prio=5 tid=1489 in Object.wait()&#10;java.lang.Thread.State: WAITING (on object monitor)&#10;        at sun.misc.Unsafe.park(Native Method)&#10;        at java.util.concurrent.locks.LockSupport.park(LockSupport.java:175)&#10;        at java.util.concurrent.locks.AbstractQueuedSynchronizer$ConditionObject.await(AbstractQueuedSynchronizer.java:2039)&#10;        at java.util.concurrent.ArrayBlockingQueue.take(ArrayBlockingQueue.java:403)&#10;        at java.util.concurrent.ThreadPoolExecutor.getTask(ThreadPoolExecutor.java:1074)&#10;        at java.util.concurrent.ThreadPoolExecutor.runWorker(ThreadPoolExecutor.java:1134)&#10;        at java.util.concurrent.ThreadPoolExecutor$Worker.run(ThreadPoolExecutor.java:624)&#10;        at java.lang.Thread.run(Thread.java:748)&#10;&quot;pool-258-thread-32&quot;  prio=5 tid=1512 in Object.wait()&#10;java.lang.Thread.State: WAITING (on object monitor)&#10;        at sun.misc.Unsafe.park(Native Method)&#10;        at java.util.concurrent.locks.LockSupport.park(LockSupport.java:175)&#10;        at java.util.concurrent.locks.AbstractQueuedSynchronizer$ConditionObject.await(AbstractQueuedSynchronizer.java:2039)&#10;        at java.util.concurrent.ArrayBlockingQueue.take(ArrayBlockingQueue.java:403)&#10;        at java.util.concurrent.ThreadPoolExecutor.getTask(ThreadPoolExecutor.java:1074)&#10;        at java.util.concurrent.ThreadPoolExecutor.runWorker(ThreadPoolExecutor.java:1134)&#10;        at java.util.concurrent.ThreadPoolExecutor$Worker.run(ThreadPoolExecutor.java:624)&#10;        at java.lang.Thread.run(Thread.java:748)&#10;&quot;pool-237-thread-40&quot;  prio=5 tid=1460 in Object.wait()&#10;java.lang.Thread.State: WAITING (on object monitor)&#10;        at sun.misc.Unsafe.park(Native Method)&#10;        at java.util.concurrent.locks.LockSupport.park(LockSupport.java:175)&#10;        at java.util.concurrent.locks.AbstractQueuedSynchronizer$ConditionObject.await(AbstractQueuedSynchronizer.java:2039)&#10;        at java.util.concurrent.ArrayBlockingQueue.take(ArrayBlockingQueue.java:403)&#10;        at java.util.concurrent.ThreadPoolExecutor.getTask(ThreadPoolExecutor.java:1074)&#10;        at java.util.concurrent.ThreadPoolExecutor.runWorker(ThreadPoolExecutor.java:1134)&#10;        at java.util.concurrent.ThreadPoolExecutor$Worker.run(ThreadPoolExecutor.java:624)&#10;        at java.lang.Thread.run(Thread.java:748)&#10;&quot;Datanode ReportManager Thread - 0&quot; daemon prio=5 tid=1082 in Object.wait()&#10;java.lang.Thread.State: WAITING (on object monitor)&#10;        at sun.misc.Unsafe.park(Native Method)&#10;        at java.util.concurrent.locks.LockSupport.park(LockSupport.java:175)&#10;        at java.util.concurrent.locks.AbstractQueuedSynchronizer$ConditionObject.await(AbstractQueuedSynchronizer.java:2039)&#10;        at java.util.concurrent.ScheduledThreadPoolExecutor$DelayedWorkQueue.take(ScheduledThreadPoolExecutor.java:1088)&#10;        at java.util.concurrent.ScheduledThreadPoolExecutor$DelayedWorkQueue.take(ScheduledThreadPoolExecutor.java:809)&#10;        at java.util.concurrent.ThreadPoolExecutor.getTask(ThreadPoolExecutor.java:1074)&#10;        at java.util.concurrent.ThreadPoolExecutor.runWorker(ThreadPoolExecutor.java:1134)&#10;        at java.util.concurrent.ThreadPoolExecutor$Worker.run(ThreadPoolExecutor.java:624)&#10;        at java.lang.Thread.run(Thread.java:748)&#10;&quot;grpc-default-worker-ELG-3-2&quot; daemon prio=5 tid=703 runnable&#10;java.lang.Thread.State: RUNNABLE&#10;        at sun.nio.ch.EPollArrayWrapper.epollWait(Native Method)&#10;        at sun.nio.ch.EPollArrayWrapper.poll(EPollArrayWrapper.java:269)&#10;        at sun.nio.ch.EPollSelectorImpl.doSelect(EPollSelectorImpl.java:93)&#10;        at sun.nio.ch.SelectorImpl.lockAndDoSelect(SelectorImpl.java:86)&#10;        at sun.nio.ch.SelectorImpl.select(SelectorImpl.java:97)&#10;        at org.apache.ratis.thirdparty.io.netty.channel.nio.SelectedSelectionKeySetSelector.select(SelectedSelectionKeySetSelector.java:62)&#10;        at org.apache.ratis.thirdparty.io.netty.channel.nio.NioEventLoop.select(NioEventLoop.java:753)&#10;        at org.apache.ratis.thirdparty.io.netty.channel.nio.NioEventLoop.run(NioEventLoop.java:408)&#10;        at org.apache.ratis.thirdparty.io.netty.util.concurrent.SingleThreadEventExecutor$5.run(SingleThreadEventExecutor.java:897)&#10;        at org.apache.ratis.thirdparty.io.netty.util.concurrent.FastThreadLocalRunnable.run(FastThreadLocalRunnable.java:30)&#10;        at java.lang.Thread.run(Thread.java:748)&#10;&quot;pool-237-thread-56&quot;  prio=5 tid=1476 in Object.wait()&#10;java.lang.Thread.State: WAITING (on object monitor)&#10;        at sun.misc.Unsafe.park(Native Method)&#10;        at java.util.concurrent.locks.LockSupport.park(LockSupport.java:175)&#10;        at java.util.concurrent.locks.AbstractQueuedSynchronizer$ConditionObject.await(AbstractQueuedSynchronizer.java:2039)&#10;        at java.util.concurrent.ArrayBlockingQueue.take(ArrayBlockingQueue.java:403)&#10;        at java.util.concurrent.ThreadPoolExecutor.getTask(ThreadPoolExecutor.java:1074)&#10;        at java.util.concurrent.ThreadPoolExecutor.runWorker(ThreadPoolExecutor.java:1134)&#10;        at java.util.concurrent.ThreadPoolExecutor$Worker.run(ThreadPoolExecutor.java:624)&#10;        at java.lang.Thread.run(Thread.java:748)&#10;&quot;IPC Server handler 6 on 42412&quot; daemon prio=5 tid=970 timed_waiting&#10;java.lang.Thread.State: TIMED_WAITING&#10;        at sun.misc.Unsafe.park(Native Method)&#10;        at java.util.concurrent.locks.LockSupport.parkNanos(LockSupport.java:215)&#10;        at java.util.concurrent.locks.AbstractQueuedSynchronizer$ConditionObject.awaitNanos(AbstractQueuedSynchronizer.java:2078)&#10;        at java.util.concurrent.LinkedBlockingQueue.poll(LinkedBlockingQueue.java:467)&#10;        at org.apache.hadoop.ipc.CallQueueManager.take(CallQueueManager.java:288)&#10;        at org.apache.hadoop.ipc.Server$Handler.run(Server.java:2668)&#10;&quot;qtp1814361629-1159&quot; daemon prio=5 tid=1159 runnable&#10;java.lang.Thread.State: RUNNABLE&#10;        at sun.nio.ch.EPollArrayWrapper.epollWait(Native Method)&#10;        at sun.nio.ch.EPollArrayWrapper.poll(EPollArrayWrapper.java:269)&#10;        at sun.nio.ch.EPollSelectorImpl.doSelect(EPollSelectorImpl.java:93)&#10;        at sun.nio.ch.SelectorImpl.lockAndDoSelect(SelectorImpl.java:86)&#10;        at sun.nio.ch.SelectorImpl.select(SelectorImpl.java:97)&#10;        at sun.nio.ch.SelectorImpl.select(SelectorImpl.java:101)&#10;        at org.eclipse.jetty.io.ManagedSelector$SelectorProducer.select(ManagedSelector.java:243)&#10;        at org.eclipse.jetty.io.ManagedSelector$SelectorProducer.produce(ManagedSelector.java:191)&#10;        at org.eclipse.jetty.util.thread.strategy.ExecuteProduceConsume.executeProduceConsume(ExecuteProduceConsume.java:249)&#10;        at org.eclipse.jetty.util.thread.strategy.ExecuteProduceConsume.produceConsume(ExecuteProduceConsume.java:148)&#10;        at org.eclipse.jetty.util.thread.strategy.ExecuteProduceConsume.execute(ExecuteProduceConsume.java:100)&#10;        at org.eclipse.jetty.io.ManagedSelector.run(ManagedSelector.java:147)&#10;        at org.eclipse.jetty.util.thread.QueuedThreadPool.runJob(QueuedThreadPool.java:671)&#10;        at org.eclipse.jetty.util.thread.QueuedThreadPool$2.run(QueuedThreadPool.java:589)&#10;        at java.lang.Thread.run(Thread.java:748)&#10;&quot;pool-279-thread-48&quot;  prio=5 tid=1588 in Object.wait()&#10;java.lang.Thread.State: WAITING (on object monitor)&#10;        at sun.misc.Unsafe.park(Native Method)&#10;        at java.util.concurrent.locks.LockSupport.park(LockSupport.java:175)&#10;        at java.util.concurrent.locks.AbstractQueuedSynchronizer$ConditionObject.await(AbstractQueuedSynchronizer.java:2039)&#10;        at java.util.concurrent.ArrayBlockingQueue.take(ArrayBlockingQueue.java:403)&#10;        at java.util.concurrent.ThreadPoolExecutor.getTask(ThreadPoolExecutor.java:1074)&#10;        at java.util.concurrent.ThreadPoolExecutor.runWorker(ThreadPoolExecutor.java:1134)&#10;        at java.util.concurrent.ThreadPoolExecutor$Worker.run(ThreadPoolExecutor.java:624)&#10;        at java.lang.Thread.run(Thread.java:748)&#10;&quot;pool-258-thread-38&quot;  prio=5 tid=1518 in Object.wait()&#10;java.lang.Thread.State: WAITING (on object monitor)&#10;        at sun.misc.Unsafe.park(Native Method)&#10;        at java.util.concurrent.locks.LockSupport.park(LockSupport.java:175)&#10;        at java.util.concurrent.locks.AbstractQueuedSynchronizer$ConditionObject.await(AbstractQueuedSynchronizer.java:2039)&#10;        at java.util.concurrent.ArrayBlockingQueue.take(ArrayBlockingQueue.java:403)&#10;        at java.util.concurrent.ThreadPoolExecutor.getTask(ThreadPoolExecutor.java:1074)&#10;        at java.util.concurrent.ThreadPoolExecutor.runWorker(ThreadPoolExecutor.java:1134)&#10;        at java.util.concurrent.ThreadPoolExecutor$Worker.run(ThreadPoolExecutor.java:624)&#10;        at java.lang.Thread.run(Thread.java:748)&#10;&quot;IPC Server handler 8 on 42412&quot; daemon prio=5 tid=972 timed_waiting&#10;java.lang.Thread.State: TIMED_WAITING&#10;        at sun.misc.Unsafe.park(Native Method)&#10;        at java.util.concurrent.locks.LockSupport.parkNanos(LockSupport.java:215)&#10;        at java.util.concurrent.locks.AbstractQueuedSynchronizer$ConditionObject.awaitNanos(AbstractQueuedSynchronizer.java:2078)&#10;        at java.util.concurrent.LinkedBlockingQueue.poll(LinkedBlockingQueue.java:467)&#10;        at org.apache.hadoop.ipc.CallQueueManager.take(CallQueueManager.java:288)&#10;        at org.apache.hadoop.ipc.Server$Handler.run(Server.java:2668)&#10;&quot;pool-258-thread-29&quot;  prio=5 tid=1509 in Object.wait()&#10;java.lang.Thread.State: WAITING (on object monitor)&#10;        at sun.misc.Unsafe.park(Native Method)&#10;        at java.util.concurrent.locks.LockSupport.park(LockSupport.java:175)&#10;        at java.util.concurrent.locks.AbstractQueuedSynchronizer$ConditionObject.await(AbstractQueuedSynchronizer.java:2039)&#10;        at java.util.concurrent.ArrayBlockingQueue.take(ArrayBlockingQueue.java:403)&#10;        at java.util.concurrent.ThreadPoolExecutor.getTask(ThreadPoolExecutor.java:1074)&#10;        at java.util.concurrent.ThreadPoolExecutor.runWorker(ThreadPoolExecutor.java:1134)&#10;        at java.util.concurrent.ThreadPoolExecutor$Worker.run(ThreadPoolExecutor.java:624)&#10;        at java.lang.Thread.run(Thread.java:748)&#10;&quot;9e9398c9-c564-45b1-aca3-844f60de829e-SegmentedRaftLogWorker:Storage Directory /tmp/workdir/hadoop-ozone/integration-test/target/test-dir/MiniOzoneClusterImpl-d6a8514b-9f5a-4ec7-be91-cc3589120d34/datanode-5/data/ratis/b1cf86dc-e513-4c4a-b337-4d4b878d4bca&quot;  prio=5 tid=1651 timed_waiting&#10;java.lang.Thread.State: TIMED_WAITING&#10;        at sun.misc.Unsafe.park(Native Method)&#10;        at java.util.concurrent.locks.LockSupport.parkNanos(LockSupport.java:215)&#10;        at java.util.concurrent.locks.AbstractQueuedSynchronizer$ConditionObject.awaitNanos(AbstractQueuedSynchronizer.java:2078)&#10;        at org.apache.ratis.util.DataBlockingQueue.poll(DataBlockingQueue.java:137)&#10;        at org.apache.ratis.server.raftlog.segmented.SegmentedRaftLogWorker.run(SegmentedRaftLogWorker.java:283)&#10;        at java.lang.Thread.run(Thread.java:748)&#10;&quot;pool-279-thread-4&quot;  prio=5 tid=1544 in Object.wait()&#10;java.lang.Thread.State: WAITING (on object monitor)&#10;        at sun.misc.Unsafe.park(Native Method)&#10;        at java.util.concurrent.locks.LockSupport.park(LockSupport.java:175)&#10;        at java.util.concurrent.locks.AbstractQueuedSynchronizer$ConditionObject.await(AbstractQueuedSynchronizer.java:2039)&#10;        at java.util.concurrent.ArrayBlockingQueue.take(ArrayBlockingQueue.java:403)&#10;        at java.util.concurrent.ThreadPoolExecutor.getTask(ThreadPoolExecutor.java:1074)&#10;        at java.util.concurrent.ThreadPoolExecutor.runWorker(ThreadPoolExecutor.java:1134)&#10;        at java.util.concurrent.ThreadPoolExecutor$Worker.run(ThreadPoolExecutor.java:624)&#10;        at java.lang.Thread.run(Thread.java:748)&#10;&quot;Finalizer&quot; daemon prio=8 tid=3 in Object.wait()&#10;java.lang.Thread.State: WAITING (on object monitor)&#10;        at java.lang.Object.wait(Native Method)&#10;        at java.lang.ref.ReferenceQueue.remove(ReferenceQueue.java:144)&#10;        at java.lang.ref.ReferenceQueue.remove(ReferenceQueue.java:165)&#10;        at java.lang.ref.Finalizer$FinalizerThread.run(Finalizer.java:216)&#10;&quot;Thread-715&quot; daemon prio=5 tid=1720 timed_waiting&#10;java.lang.Thread.State: TIMED_WAITING&#10;        at java.lang.Thread.sleep(Native Method)&#10;        at org.apache.ratis.util.JavaUtils.sleep(JavaUtils.java:247)&#10;        at org.apache.ratis.server.impl.FollowerState.run(FollowerState.java:96)&#10;&quot;qtp1633584044-1009&quot; daemon prio=5 tid=1009 timed_waiting&#10;java.lang.Thread.State: TIMED_WAITING&#10;        at sun.misc.Unsafe.park(Native Method)&#10;        at java.util.concurrent.locks.LockSupport.parkNanos(LockSupport.java:215)&#10;        at java.util.concurrent.locks.AbstractQueuedSynchronizer$ConditionObject.awaitNanos(AbstractQueuedSynchronizer.java:2078)&#10;        at org.eclipse.jetty.util.BlockingArrayQueue.poll(BlockingArrayQueue.java:392)&#10;        at org.eclipse.jetty.util.thread.QueuedThreadPool.idleJobPoll(QueuedThreadPool.java:563)&#10;        at org.eclipse.jetty.util.thread.QueuedThreadPool.access$800(QueuedThreadPool.java:48)&#10;        at org.eclipse.jetty.util.thread.QueuedThreadPool$2.run(QueuedThreadPool.java:626)&#10;        at java.lang.Thread.run(Thread.java:748)&#10;&quot;pool-258-thread-16&quot;  prio=5 tid=1496 in Object.wait()&#10;java.lang.Thread.State: WAITING (on object monitor)&#10;        at sun.misc.Unsafe.park(Native Method)&#10;        at java.util.concurrent.locks.LockSupport.park(LockSupport.java:175)&#10;        at java.util.concurrent.locks.AbstractQueuedSynchronizer$ConditionObject.await(AbstractQueuedSynchronizer.java:2039)&#10;        at java.util.concurrent.ArrayBlockingQueue.take(ArrayBlockingQueue.java:403)&#10;        at java.util.concurrent.ThreadPoolExecutor.getTask(ThreadPoolExecutor.java:1074)&#10;        at java.util.concurrent.ThreadPoolExecutor.runWorker(ThreadPoolExecutor.java:1134)&#10;        at java.util.concurrent.ThreadPoolExecutor$Worker.run(ThreadPoolExecutor.java:624)&#10;        at java.lang.Thread.run(Thread.java:748)&#10;&quot;pool-216-thread-31&quot;  prio=5 tid=1391 in Object.wait()&#10;java.lang.Thread.State: WAITING (on object monitor)&#10;        at sun.misc.Unsafe.park(Native Method)&#10;        at java.util.concurrent.locks.LockSupport.park(LockSupport.java:175)&#10;        at java.util.concurrent.locks.AbstractQueuedSynchronizer$ConditionObject.await(AbstractQueuedSynchronizer.java:2039)&#10;        at java.util.concurrent.ArrayBlockingQueue.take(ArrayBlockingQueue.java:403)&#10;        at java.util.concurrent.ThreadPoolExecutor.getTask(ThreadPoolExecutor.java:1074)&#10;        at java.util.concurrent.ThreadPoolExecutor.runWorker(ThreadPoolExecutor.java:1134)&#10;        at java.util.concurrent.ThreadPoolExecutor$Worker.run(ThreadPoolExecutor.java:624)&#10;        at java.lang.Thread.run(Thread.java:748)&#10;&quot;surefire-forkedjvm-ping-30s&quot; daemon prio=5 tid=9 timed_waiting&#10;java.lang.Thread.State: TIMED_WAITING&#10;        at sun.misc.Unsafe.park(Native Method)&#10;        at java.util.concurrent.locks.LockSupport.parkNanos(LockSupport.java:215)&#10;        at java.util.concurrent.locks.AbstractQueuedSynchronizer$ConditionObject.awaitNanos(AbstractQueuedSynchronizer.java:2078)&#10;        at java.util.concurrent.ScheduledThreadPoolExecutor$DelayedWorkQueue.take(ScheduledThreadPoolExecutor.java:1093)&#10;        at java.util.concurrent.ScheduledThreadPoolExecutor$DelayedWorkQueue.take(ScheduledThreadPoolExecutor.java:809)&#10;        at java.util.concurrent.ThreadPoolExecutor.getTask(ThreadPoolExecutor.java:1074)&#10;        at java.util.concurrent.ThreadPoolExecutor.runWorker(ThreadPoolExecutor.java:1134)&#10;        at java.util.concurrent.ThreadPoolExecutor$Worker.run(ThreadPoolExecutor.java:624)&#10;        at java.lang.Thread.run(Thread.java:748)&#10;&quot;StateMachineUpdater:4dd65c2c-d780-47ac-bbfa-d53e8644b05a:group-D12DA0922E45&quot; daemon prio=5 tid=1629 in Object.wait()&#10;java.lang.Thread.State: WAITING (on object monitor)&#10;        at java.lang.Object.wait(Native Method)&#10;        at java.lang.Object.wait(Object.java:502)&#10;        at org.apache.ratis.server.impl.StateMachineUpdater.waitForCommit(StateMachineUpdater.java:180)&#10;        at org.apache.ratis.server.impl.StateMachineUpdater.run(StateMachineUpdater.java:138)&#10;        at java.lang.Thread.run(Thread.java:748)&#10;&quot;pool-216-thread-9&quot;  prio=5 tid=1369 in Object.wait()&#10;java.lang.Thread.State: WAITING (on object monitor)&#10;        at sun.misc.Unsafe.park(Native Method)&#10;        at java.util.concurrent.locks.LockSupport.park(LockSupport.java:175)&#10;        at java.util.concurrent.locks.AbstractQueuedSynchronizer$ConditionObject.await(AbstractQueuedSynchronizer.java:2039)&#10;        at java.util.concurrent.ArrayBlockingQueue.take(ArrayBlockingQueue.java:403)&#10;        at java.util.concurrent.ThreadPoolExecutor.getTask(ThreadPoolExecutor.java:1074)&#10;        at java.util.concurrent.ThreadPoolExecutor.runWorker(ThreadPoolExecutor.java:1134)&#10;        at java.util.concurrent.ThreadPoolExecutor$Worker.run(ThreadPoolExecutor.java:624)&#10;        at java.lang.Thread.run(Thread.java:748)&#10;&quot;Socket Reader #1 for port 35612&quot;  prio=5 tid=938 runnable&#10;java.lang.Thread.State: RUNNABLE&#10;        at sun.nio.ch.EPollArrayWrapper.epollWait(Native Method)&#10;        at sun.nio.ch.EPollArrayWrapper.poll(EPollArrayWrapper.java:269)&#10;        at sun.nio.ch.EPollSelectorImpl.doSelect(EPollSelectorImpl.java:93)&#10;        at sun.nio.ch.SelectorImpl.lockAndDoSelect(SelectorImpl.java:86)&#10;        at sun.nio.ch.SelectorImpl.select(SelectorImpl.java:97)&#10;        at sun.nio.ch.SelectorImpl.select(SelectorImpl.java:101)&#10;        at org.apache.hadoop.ipc.Server$Listener$Reader.doRunLoop(Server.java:1097)&#10;        at org.apache.hadoop.ipc.Server$Listener$Reader.run(Server.java:1076)&#10;&quot;EventQueue-ContainerReportForContainerReportHandler&quot; daemon prio=5 tid=1603 in Object.wait()&#10;java.lang.Thread.State: WAITING (on object monitor)&#10;        at sun.misc.Unsafe.park(Native Method)&#10;        at java.util.concurrent.locks.LockSupport.park(LockSupport.java:175)&#10;        at java.util.concurrent.locks.AbstractQueuedSynchronizer$ConditionObject.await(AbstractQueuedSynchronizer.java:2039)&#10;        at java.util.concurrent.LinkedBlockingQueue.take(LinkedBlockingQueue.java:442)&#10;        at java.util.concurrent.ThreadPoolExecutor.getTask(ThreadPoolExecutor.java:1074)&#10;        at java.util.concurrent.ThreadPoolExecutor.runWorker(ThreadPoolExecutor.java:1134)&#10;        at java.util.concurrent.ThreadPoolExecutor$Worker.run(ThreadPoolExecutor.java:624)&#10;        at java.lang.Thread.run(Thread.java:748)&#10;&quot;qtp649827042-1069-acceptor-0@5bf4488f-ServerConnector@5e37fb82{HTTP/1.1,[http/1.1]}{0.0.0.0:35693}&quot; daemon prio=3 tid=1069 runnable&#10;java.lang.Thread.State: RUNNABLE&#10;        at sun.nio.ch.ServerSocketChannelImpl.accept0(Native Method)&#10;        at sun.nio.ch.ServerSocketChannelImpl.accept(ServerSocketChannelImpl.java:422)&#10;        at sun.nio.ch.ServerSocketChannelImpl.accept(ServerSocketChannelImpl.java:250)&#10;        at org.eclipse.jetty.server.ServerConnector.accept(ServerConnector.java:397)&#10;        at org.eclipse.jetty.server.AbstractConnector$Acceptor.run(AbstractConnector.java:601)&#10;        at org.eclipse.jetty.util.thread.QueuedThreadPool.runJob(QueuedThreadPool.java:671)&#10;        at org.eclipse.jetty.util.thread.QueuedThreadPool$2.run(QueuedThreadPool.java:589)&#10;        at java.lang.Thread.run(Thread.java:748)&#10;&quot;pool-237-thread-32&quot;  prio=5 tid=1452 in Object.wait()&#10;java.lang.Thread.State: WAITING (on object monitor)&#10;        at sun.misc.Unsafe.park(Native Method)&#10;        at java.util.concurrent.locks.LockSupport.park(LockSupport.java:175)&#10;        at java.util.concurrent.locks.AbstractQueuedSynchronizer$ConditionObject.await(AbstractQueuedSynchronizer.java:2039)&#10;        at java.util.concurrent.ArrayBlockingQueue.take(ArrayBlockingQueue.java:403)&#10;        at java.util.concurrent.ThreadPoolExecutor.getTask(ThreadPoolExecutor.java:1074)&#10;        at java.util.concurrent.ThreadPoolExecutor.runWorker(ThreadPoolExecutor.java:1134)&#10;        at java.util.concurrent.ThreadPoolExecutor$Worker.run(ThreadPoolExecutor.java:624)&#10;        at java.lang.Thread.run(Thread.java:748)&#10;&quot;pool-216-thread-36&quot;  prio=5 tid=1396 in Object.wait()&#10;java.lang.Thread.State: WAITING (on object monitor)&#10;        at sun.misc.Unsafe.park(Native Method)&#10;        at java.util.concurrent.locks.LockSupport.park(LockSupport.java:175)&#10;        at java.util.concurrent.locks.AbstractQueuedSynchronizer$ConditionObject.await(AbstractQueuedSynchronizer.java:2039)&#10;        at java.util.concurrent.ArrayBlockingQueue.take(ArrayBlockingQueue.java:403)&#10;        at java.util.concurrent.ThreadPoolExecutor.getTask(ThreadPoolExecutor.java:1074)&#10;        at java.util.concurrent.ThreadPoolExecutor.runWorker(ThreadPoolExecutor.java:1134)&#10;        at java.util.concurrent.ThreadPoolExecutor$Worker.run(ThreadPoolExecutor.java:624)&#10;        at java.lang.Thread.run(Thread.java:748)&#10;&quot;IPC Server handler 6 on 35612&quot; daemon prio=5 tid=950 timed_waiting&#10;java.lang.Thread.State: TIMED_WAITING&#10;        at sun.misc.Unsafe.park(Native Method)&#10;        at java.util.concurrent.locks.LockSupport.parkNanos(LockSupport.java:215)&#10;        at java.util.concurrent.locks.AbstractQueuedSynchronizer$ConditionObject.awaitNanos(AbstractQueuedSynchronizer.java:2078)&#10;        at java.util.concurrent.LinkedBlockingQueue.poll(LinkedBlockingQueue.java:467)&#10;        at org.apache.hadoop.ipc.CallQueueManager.take(CallQueueManager.java:288)&#10;        at org.apache.hadoop.ipc.Server$Handler.run(Server.java:2668)&#10;&quot;pool-216-thread-57&quot;  prio=5 tid=1417 in Object.wait()&#10;java.lang.Thread.State: WAITING (on object monitor)&#10;        at sun.misc.Unsafe.park(Native Method)&#10;        at java.util.concurrent.locks.LockSupport.park(LockSupport.java:175)&#10;        at java.util.concurrent.locks.AbstractQueuedSynchronizer$ConditionObject.await(AbstractQueuedSynchronizer.java:2039)&#10;        at java.util.concurrent.ArrayBlockingQueue.take(ArrayBlockingQueue.java:403)&#10;        at java.util.concurrent.ThreadPoolExecutor.getTask(ThreadPoolExecutor.java:1074)&#10;        at java.util.concurrent.ThreadPoolExecutor.runWorker(ThreadPoolExecutor.java:1134)&#10;        at java.util.concurrent.ThreadPoolExecutor$Worker.run(ThreadPoolExecutor.java:624)&#10;        at java.lang.Thread.run(Thread.java:748)&#10;&quot;pool-216-thread-8&quot;  prio=5 tid=1368 in Object.wait()&#10;java.lang.Thread.State: WAITING (on object monitor)&#10;        at sun.misc.Unsafe.park(Native Method)&#10;        at java.util.concurrent.locks.LockSupport.park(LockSupport.java:175)&#10;        at java.util.concurrent.locks.AbstractQueuedSynchronizer$ConditionObject.await(AbstractQueuedSynchronizer.java:2039)&#10;        at java.util.concurrent.ArrayBlockingQueue.take(ArrayBlockingQueue.java:403)&#10;        at java.util.concurrent.ThreadPoolExecutor.getTask(ThreadPoolExecutor.java:1074)&#10;        at java.util.concurrent.ThreadPoolExecutor.runWorker(ThreadPoolExecutor.java:1134)&#10;        at java.util.concurrent.ThreadPoolExecutor$Worker.run(ThreadPoolExecutor.java:624)&#10;        at java.lang.Thread.run(Thread.java:748)&#10;&quot;pool-195-thread-11&quot;  prio=5 tid=1311 in Object.wait()&#10;java.lang.Thread.State: WAITING (on object monitor)&#10;        at sun.misc.Unsafe.park(Native Method)&#10;        at java.util.concurrent.locks.LockSupport.park(LockSupport.java:175)&#10;        at java.util.concurrent.locks.AbstractQueuedSynchronizer$ConditionObject.await(AbstractQueuedSynchronizer.java:2039)&#10;        at java.util.concurrent.ArrayBlockingQueue.take(ArrayBlockingQueue.java:403)&#10;        at java.util.concurrent.ThreadPoolExecutor.getTask(ThreadPoolExecutor.java:1074)&#10;        at java.util.concurrent.ThreadPoolExecutor.runWorker(ThreadPoolExecutor.java:1134)&#10;        at java.util.concurrent.ThreadPoolExecutor$Worker.run(ThreadPoolExecutor.java:624)&#10;        at java.lang.Thread.run(Thread.java:748)&#10;&quot;pool-237-thread-16&quot;  prio=5 tid=1436 in Object.wait()&#10;java.lang.Thread.State: WAITING (on object monitor)&#10;        at sun.misc.Unsafe.park(Native Method)&#10;        at java.util.concurrent.locks.LockSupport.park(LockSupport.java:175)&#10;        at java.util.concurrent.locks.AbstractQueuedSynchronizer$ConditionObject.await(AbstractQueuedSynchronizer.java:2039)&#10;        at java.util.concurrent.ArrayBlockingQueue.take(ArrayBlockingQueue.java:403)&#10;        at java.util.concurrent.ThreadPoolExecutor.getTask(ThreadPoolExecutor.java:1074)&#10;        at java.util.concurrent.ThreadPoolExecutor.runWorker(ThreadPoolExecutor.java:1134)&#10;        at java.util.concurrent.ThreadPoolExecutor$Worker.run(ThreadPoolExecutor.java:624)&#10;        at java.lang.Thread.run(Thread.java:748)&#10;&quot;pool-195-thread-21&quot;  prio=5 tid=1321 in Object.wait()&#10;java.lang.Thread.State: WAITING (on object monitor)&#10;        at sun.misc.Unsafe.park(Native Method)&#10;        at java.util.concurrent.locks.LockSupport.park(LockSupport.java:175)&#10;        at java.util.concurrent.locks.AbstractQueuedSynchronizer$ConditionObject.await(AbstractQueuedSynchronizer.java:2039)&#10;        at java.util.concurrent.ArrayBlockingQueue.take(ArrayBlockingQueue.java:403)&#10;        at java.util.concurrent.ThreadPoolExecutor.getTask(ThreadPoolExecutor.java:1074)&#10;        at java.util.concurrent.ThreadPoolExecutor.runWorker(ThreadPoolExecutor.java:1134)&#10;        at java.util.concurrent.ThreadPoolExecutor$Worker.run(ThreadPoolExecutor.java:624)&#10;        at java.lang.Thread.run(Thread.java:748)&#10;&quot;pool-174-thread-47&quot;  prio=5 tid=1286 in Object.wait()&#10;java.lang.Thread.State: WAITING (on object monitor)&#10;        at sun.misc.Unsafe.park(Native Method)&#10;        at java.util.concurrent.locks.LockSupport.park(LockSupport.java:175)&#10;        at java.util.concurrent.locks.AbstractQueuedSynchronizer$ConditionObject.await(AbstractQueuedSynchronizer.java:2039)&#10;        at java.util.concurrent.ArrayBlockingQueue.take(ArrayBlockingQueue.java:403)&#10;        at java.util.concurrent.ThreadPoolExecutor.getTask(ThreadPoolExecutor.java:1074)&#10;        at java.util.concurrent.ThreadPoolExecutor.runWorker(ThreadPoolExecutor.java:1134)&#10;        at java.util.concurrent.ThreadPoolExecutor$Worker.run(ThreadPoolExecutor.java:624)&#10;        at java.lang.Thread.run(Thread.java:748)&#10;&quot;Timer for &apos;StorageContainerManager&apos; metrics system&quot; daemon prio=5 tid=942 timed_waiting&#10;java.lang.Thread.State: TIMED_WAITING&#10;        at java.lang.Object.wait(Native Method)&#10;        at java.util.TimerThread.mainLoop(Timer.java:552)&#10;        at java.util.TimerThread.run(Timer.java:505)&#10;&quot;9235e096-bad2-4ddc-afaa-1e7edc12c7d5-SegmentedRaftLogWorker:Storage Directory /tmp/workdir/hadoop-ozone/integration-test/target/test-dir/MiniOzoneClusterImpl-d6a8514b-9f5a-4ec7-be91-cc3589120d34/datanode-3/data/ratis/e83dbce7-8c6f-49f9-978d-2cafed4ab0a3&quot;  prio=5 tid=1660 timed_waiting&#10;java.lang.Thread.State: TIMED_WAITING&#10;        at sun.misc.Unsafe.park(Native Method)&#10;        at java.util.concurrent.locks.LockSupport.parkNanos(LockSupport.java:215)&#10;        at java.util.concurrent.locks.AbstractQueuedSynchronizer$ConditionObject.awaitNanos(AbstractQueuedSynchronizer.java:2078)&#10;        at org.apache.ratis.util.DataBlockingQueue.poll(DataBlockingQueue.java:137)&#10;        at org.apache.ratis.server.raftlog.segmented.SegmentedRaftLogWorker.run(SegmentedRaftLogWorker.java:283)&#10;        at java.lang.Thread.run(Thread.java:748)&#10;&quot;pool-216-thread-47&quot;  prio=5 tid=1407 in Object.wait()&#10;java.lang.Thread.State: WAITING (on object monitor)&#10;        at sun.misc.Unsafe.park(Native Method)&#10;        at java.util.concurrent.locks.LockSupport.park(LockSupport.java:175)&#10;        at java.util.concurrent.locks.AbstractQueuedSynchronizer$ConditionObject.await(AbstractQueuedSynchronizer.java:2039)&#10;        at java.util.concurrent.ArrayBlockingQueue.take(ArrayBlockingQueue.java:403)&#10;        at java.util.concurrent.ThreadPoolExecutor.getTask(ThreadPoolExecutor.java:1074)&#10;        at java.util.concurrent.ThreadPoolExecutor.runWorker(ThreadPoolExecutor.java:1134)&#10;        at java.util.concurrent.ThreadPoolExecutor$Worker.run(ThreadPoolExecutor.java:624)&#10;        at java.lang.Thread.run(Thread.java:748)&#10;&quot;pool-174-thread-22&quot;  prio=5 tid=1261 in Object.wait()&#10;java.lang.Thread.State: WAITING (on object monitor)&#10;        at sun.misc.Unsafe.park(Native Method)&#10;        at java.util.concurrent.locks.LockSupport.park(LockSupport.java:175)&#10;        at java.util.concurrent.locks.AbstractQueuedSynchronizer$ConditionObject.await(AbstractQueuedSynchronizer.java:2039)&#10;        at java.util.concurrent.ArrayBlockingQueue.take(ArrayBlockingQueue.java:403)&#10;        at java.util.concurrent.ThreadPoolExecutor.getTask(ThreadPoolExecutor.java:1074)&#10;        at java.util.concurrent.ThreadPoolExecutor.runWorker(ThreadPoolExecutor.java:1134)&#10;        at java.util.concurrent.ThreadPoolExecutor$Worker.run(ThreadPoolExecutor.java:624)&#10;        at java.lang.Thread.run(Thread.java:748)&#10;&quot;IPC Server handler 5 on 36272&quot; daemon prio=5 tid=989 timed_waiting&#10;java.lang.Thread.State: TIMED_WAITING&#10;        at sun.misc.Unsafe.park(Native Method)&#10;        at java.util.concurrent.locks.LockSupport.parkNanos(LockSupport.java:215)&#10;        at java.util.concurrent.locks.AbstractQueuedSynchronizer$ConditionObject.awaitNanos(AbstractQueuedSynchronizer.java:2078)&#10;        at java.util.concurrent.LinkedBlockingQueue.poll(LinkedBlockingQueue.java:467)&#10;        at org.apache.hadoop.ipc.CallQueueManager.take(CallQueueManager.java:288)&#10;        at org.apache.hadoop.ipc.Server$Handler.run(Server.java:2668)&#10;&quot;IPC Server listener on 36272&quot; daemon prio=5 tid=929 runnable&#10;java.lang.Thread.State: RUNNABLE&#10;        at sun.nio.ch.EPollArrayWrapper.epollWait(Native Method)&#10;        at sun.nio.ch.EPollArrayWrapper.poll(EPollArrayWrapper.java:269)&#10;        at sun.nio.ch.EPollSelectorImpl.doSelect(EPollSelectorImpl.java:93)&#10;        at sun.nio.ch.SelectorImpl.lockAndDoSelect(SelectorImpl.java:86)&#10;        at sun.nio.ch.SelectorImpl.select(SelectorImpl.java:97)&#10;        at sun.nio.ch.SelectorImpl.select(SelectorImpl.java:101)&#10;        at org.apache.hadoop.ipc.Server$Listener.run(Server.java:1159)&#10;&quot;pool-279-thread-16&quot;  prio=5 tid=1556 in Object.wait()&#10;java.lang.Thread.State: WAITING (on object monitor)&#10;        at sun.misc.Unsafe.park(Native Method)&#10;        at java.util.concurrent.locks.LockSupport.park(LockSupport.java:175)&#10;        at java.util.concurrent.locks.AbstractQueuedSynchronizer$ConditionObject.await(AbstractQueuedSynchronizer.java:2039)&#10;        at java.util.concurrent.ArrayBlockingQueue.take(ArrayBlockingQueue.java:403)&#10;        at java.util.concurrent.ThreadPoolExecutor.getTask(ThreadPoolExecutor.java:1074)&#10;        at java.util.concurrent.ThreadPoolExecutor.runWorker(ThreadPoolExecutor.java:1134)&#10;        at java.util.concurrent.ThreadPoolExecutor$Worker.run(ThreadPoolExecutor.java:624)&#10;        at java.lang.Thread.run(Thread.java:748)&#10;&quot;pool-216-thread-49&quot;  prio=5 tid=1409 in Object.wait()&#10;java.lang.Thread.State: WAITING (on object monitor)&#10;        at sun.misc.Unsafe.park(Native Method)&#10;        at java.util.concurrent.locks.LockSupport.park(LockSupport.java:175)&#10;        at java.util.concurrent.locks.AbstractQueuedSynchronizer$ConditionObject.await(AbstractQueuedSynchronizer.java:2039)&#10;        at java.util.concurrent.ArrayBlockingQueue.take(ArrayBlockingQueue.java:403)&#10;        at java.util.concurrent.ThreadPoolExecutor.getTask(ThreadPoolExecutor.java:1074)&#10;        at java.util.concurrent.ThreadPoolExecutor.runWorker(ThreadPoolExecutor.java:1134)&#10;        at java.util.concurrent.ThreadPoolExecutor$Worker.run(ThreadPoolExecutor.java:624)&#10;        at java.lang.Thread.run(Thread.java:748)&#10;&quot;BlockDeletingService#1&quot; daemon prio=5 tid=1066 timed_waiting&#10;java.lang.Thread.State: TIMED_WAITING&#10;        at sun.misc.Unsafe.park(Native Method)&#10;        at java.util.concurrent.locks.LockSupport.parkNanos(LockSupport.java:215)&#10;        at java.util.concurrent.locks.AbstractQueuedSynchronizer$ConditionObject.awaitNanos(AbstractQueuedSynchronizer.java:2078)&#10;        at java.util.concurrent.ScheduledThreadPoolExecutor$DelayedWorkQueue.take(ScheduledThreadPoolExecutor.java:1093)&#10;        at java.util.concurrent.ScheduledThreadPoolExecutor$DelayedWorkQueue.take(ScheduledThreadPoolExecutor.java:809)&#10;        at java.util.concurrent.ThreadPoolExecutor.getTask(ThreadPoolExecutor.java:1074)&#10;        at java.util.concurrent.ThreadPoolExecutor.runWorker(ThreadPoolExecutor.java:1134)&#10;        at java.util.concurrent.ThreadPoolExecutor$Worker.run(ThreadPoolExecutor.java:624)&#10;        at java.lang.Thread.run(Thread.java:748)&#10;&quot;Datanode ReportManager Thread - 2&quot; daemon prio=5 tid=1114 in Object.wait()&#10;java.lang.Thread.State: WAITING (on object monitor)&#10;        at sun.misc.Unsafe.park(Native Method)&#10;        at java.util.concurrent.locks.LockSupport.park(LockSupport.java:175)&#10;        at java.util.concurrent.locks.AbstractQueuedSynchronizer$ConditionObject.await(AbstractQueuedSynchronizer.java:2039)&#10;        at java.util.concurrent.ScheduledThreadPoolExecutor$DelayedWorkQueue.take(ScheduledThreadPoolExecutor.java:1088)&#10;        at java.util.concurrent.ScheduledThreadPoolExecutor$DelayedWorkQueue.take(ScheduledThreadPoolExecutor.java:809)&#10;        at java.util.concurrent.ThreadPoolExecutor.getTask(ThreadPoolExecutor.java:1074)&#10;        at java.util.concurrent.ThreadPoolExecutor.runWorker(ThreadPoolExecutor.java:1134)&#10;        at java.util.concurrent.ThreadPoolExecutor$Worker.run(ThreadPoolExecutor.java:624)&#10;        at java.lang.Thread.run(Thread.java:748)&#10;&quot;org.eclipse.jetty.server.session.HashSessionManager@69a90b81Timer&quot; daemon prio=5 tid=1199 timed_waiting&#10;java.lang.Thread.State: TIMED_WAITING&#10;        at sun.misc.Unsafe.park(Native Method)&#10;        at java.util.concurrent.locks.LockSupport.parkNanos(LockSupport.java:215)&#10;        at java.util.concurrent.locks.AbstractQueuedSynchronizer$ConditionObject.awaitNanos(AbstractQueuedSynchronizer.java:2078)&#10;        at java.util.concurrent.ScheduledThreadPoolExecutor$DelayedWorkQueue.take(ScheduledThreadPoolExecutor.java:1093)&#10;        at java.util.concurrent.ScheduledThreadPoolExecutor$DelayedWorkQueue.take(ScheduledThreadPoolExecutor.java:809)&#10;        at java.util.concurrent.ThreadPoolExecutor.getTask(ThreadPoolExecutor.java:1074)&#10;        at java.util.concurrent.ThreadPoolExecutor.runWorker(ThreadPoolExecutor.java:1134)&#10;        at java.util.concurrent.ThreadPoolExecutor$Worker.run(ThreadPoolExecutor.java:624)&#10;        at java.lang.Thread.run(Thread.java:748)&#10;&quot;pool-195-thread-36&quot;  prio=5 tid=1336 in Object.wait()&#10;java.lang.Thread.State: WAITING (on object monitor)&#10;        at sun.misc.Unsafe.park(Native Method)&#10;        at java.util.concurrent.locks.LockSupport.park(LockSupport.java:175)&#10;        at java.util.concurrent.locks.AbstractQueuedSynchronizer$ConditionObject.await(AbstractQueuedSynchronizer.java:2039)&#10;        at java.util.concurrent.ArrayBlockingQueue.take(ArrayBlockingQueue.java:403)&#10;        at java.util.concurrent.ThreadPoolExecutor.getTask(ThreadPoolExecutor.java:1074)&#10;        at java.util.concurrent.ThreadPoolExecutor.runWorker(ThreadPoolExecutor.java:1134)&#10;        at java.util.concurrent.ThreadPoolExecutor$Worker.run(ThreadPoolExecutor.java:624)&#10;        at java.lang.Thread.run(Thread.java:748)&#10;&quot;IPC Server handler 19 on 36272&quot; daemon prio=5 tid=1003 timed_waiting&#10;java.lang.Thread.State: TIMED_WAITING&#10;        at sun.misc.Unsafe.park(Native Method)&#10;        at java.util.concurrent.locks.LockSupport.parkNanos(LockSupport.java:215)&#10;        at java.util.concurrent.locks.AbstractQueuedSynchronizer$ConditionObject.awaitNanos(AbstractQueuedSynchronizer.java:2078)&#10;        at java.util.concurrent.LinkedBlockingQueue.poll(LinkedBlockingQueue.java:467)&#10;        at org.apache.hadoop.ipc.CallQueueManager.take(CallQueueManager.java:288)&#10;        at org.apache.hadoop.ipc.Server$Handler.run(Server.java:2668)&#10;&quot;IPC Server Responder&quot; daemon prio=5 tid=932 runnable&#10;java.lang.Thread.State: RUNNABLE&#10;        at sun.nio.ch.EPollArrayWrapper.epollWait(Native Method)&#10;        at sun.nio.ch.EPollArrayWrapper.poll(EPollArrayWrapper.java:269)&#10;        at sun.nio.ch.EPollSelectorImpl.doSelect(EPollSelectorImpl.java:93)&#10;        at sun.nio.ch.SelectorImpl.lockAndDoSelect(SelectorImpl.java:86)&#10;        at sun.nio.ch.SelectorImpl.select(SelectorImpl.java:97)&#10;        at org.apache.hadoop.ipc.Server$Responder.doRunLoop(Server.java:1334)&#10;        at org.apache.hadoop.ipc.Server$Responder.run(Server.java:1317)&#10;&quot;pool-279-thread-52&quot;  prio=5 tid=1592 in Object.wait()&#10;java.lang.Thread.State: WAITING (on object monitor)&#10;        at sun.misc.Unsafe.park(Native Method)&#10;        at java.util.concurrent.locks.LockSupport.park(LockSupport.java:175)&#10;        at java.util.concurrent.locks.AbstractQueuedSynchronizer$ConditionObject.await(AbstractQueuedSynchronizer.java:2039)&#10;        at java.util.concurrent.ArrayBlockingQueue.take(ArrayBlockingQueue.java:403)&#10;        at java.util.concurrent.ThreadPoolExecutor.getTask(ThreadPoolExecutor.java:1074)&#10;        at java.util.concurrent.ThreadPoolExecutor.runWorker(ThreadPoolExecutor.java:1134)&#10;        at java.util.concurrent.ThreadPoolExecutor$Worker.run(ThreadPoolExecutor.java:624)&#10;        at java.lang.Thread.run(Thread.java:748)&#10;&quot;pool-216-thread-59&quot;  prio=5 tid=1419 in Object.wait()&#10;java.lang.Thread.State: WAITING (on object monitor)&#10;        at sun.misc.Unsafe.park(Native Method)&#10;        at java.util.concurrent.locks.LockSupport.park(LockSupport.java:175)&#10;        at java.util.concurrent.locks.AbstractQueuedSynchronizer$ConditionObject.await(AbstractQueuedSynchronizer.java:2039)&#10;        at java.util.concurrent.ArrayBlockingQueue.take(ArrayBlockingQueue.java:403)&#10;        at java.util.concurrent.ThreadPoolExecutor.getTask(ThreadPoolExecutor.java:1074)&#10;        at java.util.concurrent.ThreadPoolExecutor.runWorker(ThreadPoolExecutor.java:1134)&#10;        at java.util.concurrent.ThreadPoolExecutor$Worker.run(ThreadPoolExecutor.java:624)&#10;        at java.lang.Thread.run(Thread.java:748)&#10;&quot;pool-279-thread-23&quot;  prio=5 tid=1563 in Object.wait()&#10;java.lang.Thread.State: WAITING (on object monitor)&#10;        at sun.misc.Unsafe.park(Native Method)&#10;        at java.util.concurrent.locks.LockSupport.park(LockSupport.java:175)&#10;        at java.util.concurrent.locks.AbstractQueuedSynchronizer$ConditionObject.await(AbstractQueuedSynchronizer.java:2039)&#10;        at java.util.concurrent.ArrayBlockingQueue.take(ArrayBlockingQueue.java:403)&#10;        at java.util.concurrent.ThreadPoolExecutor.getTask(ThreadPoolExecutor.java:1074)&#10;        at java.util.concurrent.ThreadPoolExecutor.runWorker(ThreadPoolExecutor.java:1134)&#10;        at java.util.concurrent.ThreadPoolExecutor$Worker.run(ThreadPoolExecutor.java:624)&#10;        at java.lang.Thread.run(Thread.java:748)&#10;&quot;pool-258-thread-60&quot;  prio=5 tid=1540 in Object.wait()&#10;java.lang.Thread.State: WAITING (on object monitor)&#10;        at sun.misc.Unsafe.park(Native Method)&#10;        at java.util.concurrent.locks.LockSupport.park(LockSupport.java:175)&#10;        at java.util.concurrent.locks.AbstractQueuedSynchronizer$ConditionObject.await(AbstractQueuedSynchronizer.java:2039)&#10;        at java.util.concurrent.ArrayBlockingQueue.take(ArrayBlockingQueue.java:403)&#10;        at java.util.concurrent.ThreadPoolExecutor.getTask(ThreadPoolExecutor.java:1074)&#10;        at java.util.concurrent.ThreadPoolExecutor.runWorker(ThreadPoolExecutor.java:1134)&#10;        at java.util.concurrent.ThreadPoolExecutor$Worker.run(ThreadPoolExecutor.java:624)&#10;        at java.lang.Thread.run(Thread.java:748)&#10;&quot;pool-214-thread-1&quot; daemon prio=5 tid=1124 timed_waiting&#10;java.lang.Thread.State: TIMED_WAITING&#10;        at sun.misc.Unsafe.park(Native Method)&#10;        at java.util.concurrent.locks.LockSupport.parkNanos(LockSupport.java:215)&#10;        at java.util.concurrent.locks.AbstractQueuedSynchronizer$ConditionObject.awaitNanos(AbstractQueuedSynchronizer.java:2078)&#10;        at java.util.concurrent.ScheduledThreadPoolExecutor$DelayedWorkQueue.take(ScheduledThreadPoolExecutor.java:1093)&#10;        at java.util.concurrent.ScheduledThreadPoolExecutor$DelayedWorkQueue.take(ScheduledThreadPoolExecutor.java:809)&#10;        at java.util.concurrent.ThreadPoolExecutor.getTask(ThreadPoolExecutor.java:1074)&#10;        at java.util.concurrent.ThreadPoolExecutor.runWorker(ThreadPoolExecutor.java:1134)&#10;        at java.util.concurrent.ThreadPoolExecutor$Worker.run(ThreadPoolExecutor.java:624)&#10;        at java.lang.Thread.run(Thread.java:748)&#10;&quot;java.util.concurrent.ThreadPoolExecutor$Worker@366d4f63[State = -1, empty queue]&quot; daemon prio=5 tid=1724 timed_waiting&#10;java.lang.Thread.State: TIMED_WAITING&#10;        at sun.misc.Unsafe.park(Native Method)&#10;        at java.util.concurrent.locks.LockSupport.parkNanos(LockSupport.java:215)&#10;        at java.util.concurrent.locks.AbstractQueuedSynchronizer$ConditionObject.awaitNanos(AbstractQueuedSynchronizer.java:2078)&#10;        at java.util.concurrent.ScheduledThreadPoolExecutor$DelayedWorkQueue.take(ScheduledThreadPoolExecutor.java:1093)&#10;        at java.util.concurrent.ScheduledThreadPoolExecutor$DelayedWorkQueue.take(ScheduledThreadPoolExecutor.java:809)&#10;        at java.util.concurrent.ThreadPoolExecutor.getTask(ThreadPoolExecutor.java:1074)&#10;        at java.util.concurrent.ThreadPoolExecutor.runWorker(ThreadPoolExecutor.java:1134)&#10;        at java.util.concurrent.ThreadPoolExecutor$Worker.run(ThreadPoolExecutor.java:624)&#10;        at java.lang.Thread.run(Thread.java:748)&#10;&quot;pool-189-thread-1&quot;  prio=5 tid=1067 timed_waiting&#10;java.lang.Thread.State: TIMED_WAITING&#10;        at sun.misc.Unsafe.park(Native Method)&#10;        at java.util.concurrent.locks.LockSupport.parkNanos(LockSupport.java:215)&#10;        at java.util.concurrent.locks.AbstractQueuedSynchronizer$ConditionObject.awaitNanos(AbstractQueuedSynchronizer.java:2078)&#10;        at java.util.concurrent.ScheduledThreadPoolExecutor$DelayedWorkQueue.take(ScheduledThreadPoolExecutor.java:1093)&#10;        at java.util.concurrent.ScheduledThreadPoolExecutor$DelayedWorkQueue.take(ScheduledThreadPoolExecutor.java:809)&#10;        at java.util.concurrent.ThreadPoolExecutor.getTask(ThreadPoolExecutor.java:1074)&#10;        at java.util.concurrent.ThreadPoolExecutor.runWorker(ThreadPoolExecutor.java:1134)&#10;        at java.util.concurrent.ThreadPoolExecutor$Worker.run(ThreadPoolExecutor.java:624)&#10;        at java.lang.Thread.run(Thread.java:748)&#10;&quot;qtp649827042-1074&quot; daemon prio=5 tid=1074 timed_waiting&#10;java.lang.Thread.State: TIMED_WAITING&#10;        at sun.misc.Unsafe.park(Native Method)&#10;        at java.util.concurrent.locks.LockSupport.parkNanos(LockSupport.java:215)&#10;        at java.util.concurrent.locks.AbstractQueuedSynchronizer$ConditionObject.awaitNanos(AbstractQueuedSynchronizer.java:2078)&#10;        at org.eclipse.jetty.util.BlockingArrayQueue.poll(BlockingArrayQueue.java:392)&#10;        at org.eclipse.jetty.util.thread.QueuedThreadPool.idleJobPoll(QueuedThreadPool.java:563)&#10;        at org.eclipse.jetty.util.thread.QueuedThreadPool.access$800(QueuedThreadPool.java:48)&#10;        at org.eclipse.jetty.util.thread.QueuedThreadPool$2.run(QueuedThreadPool.java:626)&#10;        at java.lang.Thread.run(Thread.java:748)&#10;&quot;qtp1920846948-1225&quot; daemon prio=5 tid=1225 timed_waiting&#10;java.lang.Thread.State: TIMED_WAITING&#10;        at sun.misc.Unsafe.park(Native Method)&#10;        at java.util.concurrent.locks.LockSupport.parkNanos(LockSupport.java:215)&#10;        at java.util.concurrent.locks.AbstractQueuedSynchronizer$ConditionObject.awaitNanos(AbstractQueuedSynchronizer.java:2078)&#10;        at org.eclipse.jetty.util.BlockingArrayQueue.poll(BlockingArrayQueue.java:392)&#10;        at org.eclipse.jetty.util.thread.QueuedThreadPool.idleJobPoll(QueuedThreadPool.java:563)&#10;        at org.eclipse.jetty.util.thread.QueuedThreadPool.access$800(QueuedThreadPool.java:48)&#10;        at org.eclipse.jetty.util.thread.QueuedThreadPool$2.run(QueuedThreadPool.java:626)&#10;        at java.lang.Thread.run(Thread.java:748)&#10;&quot;pool-258-thread-39&quot;  prio=5 tid=1519 in Object.wait()&#10;java.lang.Thread.State: WAITING (on object monitor)&#10;        at sun.misc.Unsafe.park(Native Method)&#10;        at java.util.concurrent.locks.LockSupport.park(LockSupport.java:175)&#10;        at java.util.concurrent.locks.AbstractQueuedSynchronizer$ConditionObject.await(AbstractQueuedSynchronizer.java:2039)&#10;        at java.util.concurrent.ArrayBlockingQueue.take(ArrayBlockingQueue.java:403)&#10;        at java.util.concurrent.ThreadPoolExecutor.getTask(ThreadPoolExecutor.java:1074)&#10;        at java.util.concurrent.ThreadPoolExecutor.runWorker(ThreadPoolExecutor.java:1134)&#10;        at java.util.concurrent.ThreadPoolExecutor$Worker.run(ThreadPoolExecutor.java:624)&#10;        at java.lang.Thread.run(Thread.java:748)&#10;&quot;pool-277-thread-1&quot; daemon prio=5 tid=1214 timed_waiting&#10;java.lang.Thread.State: TIMED_WAITING&#10;        at sun.misc.Unsafe.park(Native Method)&#10;        at java.util.concurrent.locks.LockSupport.parkNanos(LockSupport.java:215)&#10;        at java.util.concurrent.locks.AbstractQueuedSynchronizer$ConditionObject.awaitNanos(AbstractQueuedSynchronizer.java:2078)&#10;        at java.util.concurrent.ScheduledThreadPoolExecutor$DelayedWorkQueue.take(ScheduledThreadPoolExecutor.java:1093)&#10;        at java.util.concurrent.ScheduledThreadPoolExecutor$DelayedWorkQueue.take(ScheduledThreadPoolExecutor.java:809)&#10;        at java.util.concurrent.ThreadPoolExecutor.getTask(ThreadPoolExecutor.java:1074)&#10;        at java.util.concurrent.ThreadPoolExecutor.runWorker(ThreadPoolExecutor.java:1134)&#10;        at java.util.concurrent.ThreadPoolExecutor$Worker.run(ThreadPoolExecutor.java:624)&#10;        at java.lang.Thread.run(Thread.java:748)&#10;&quot;pool-216-thread-51&quot;  prio=5 tid=1411 in Object.wait()&#10;java.lang.Thread.State: WAITING (on object monitor)&#10;        at sun.misc.Unsafe.park(Native Method)&#10;        at java.util.concurrent.locks.LockSupport.park(LockSupport.java:175)&#10;        at java.util.concurrent.locks.AbstractQueuedSynchronizer$ConditionObject.await(AbstractQueuedSynchronizer.java:2039)&#10;        at java.util.concurrent.ArrayBlockingQueue.take(ArrayBlockingQueue.java:403)&#10;        at java.util.concurrent.ThreadPoolExecutor.getTask(ThreadPoolExecutor.java:1074)&#10;        at java.util.concurrent.ThreadPoolExecutor.runWorker(ThreadPoolExecutor.java:1134)&#10;        at java.util.concurrent.ThreadPoolExecutor$Worker.run(ThreadPoolExecutor.java:624)&#10;        at java.lang.Thread.run(Thread.java:748)&#10;&quot;IPC Server handler 3 on 36272&quot; daemon prio=5 tid=987 timed_waiting&#10;java.lang.Thread.State: TIMED_WAITING&#10;        at sun.misc.Unsafe.park(Native Method)&#10;        at java.util.concurrent.locks.LockSupport.parkNanos(LockSupport.java:215)&#10;        at java.util.concurrent.locks.AbstractQueuedSynchronizer$ConditionObject.awaitNanos(AbstractQueuedSynchronizer.java:2078)&#10;        at java.util.concurrent.LinkedBlockingQueue.poll(LinkedBlockingQueue.java:467)&#10;        at org.apache.hadoop.ipc.CallQueueManager.take(CallQueueManager.java:288)&#10;        at org.apache.hadoop.ipc.Server$Handler.run(Server.java:2668)&#10;&quot;Datanode State Machine Thread - 0&quot; daemon prio=5 tid=1149 timed_waiting&#10;java.lang.Thread.State: TIMED_WAITING&#10;        at sun.misc.Unsafe.park(Native Method)&#10;        at java.util.concurrent.locks.LockSupport.parkNanos(LockSupport.java:215)&#10;        at java.util.concurrent.SynchronousQueue$TransferStack.awaitFulfill(SynchronousQueue.java:460)&#10;        at java.util.concurrent.SynchronousQueue$TransferStack.transfer(SynchronousQueue.java:362)&#10;        at java.util.concurrent.SynchronousQueue.poll(SynchronousQueue.java:941)&#10;        at java.util.concurrent.ThreadPoolExecutor.getTask(ThreadPoolExecutor.java:1073)&#10;        at java.util.concurrent.ThreadPoolExecutor.runWorker(ThreadPoolExecutor.java:1134)&#10;        at java.util.concurrent.ThreadPoolExecutor$Worker.run(ThreadPoolExecutor.java:624)&#10;        at java.lang.Thread.run(Thread.java:748)&#10;&quot;Thread-702&quot; daemon prio=5 tid=1707 timed_waiting&#10;java.lang.Thread.State: TIMED_WAITING&#10;        at sun.misc.Unsafe.park(Native Method)&#10;        at java.util.concurrent.locks.LockSupport.parkNanos(LockSupport.java:215)&#10;        at java.util.concurrent.locks.AbstractQueuedSynchronizer$ConditionObject.awaitNanos(AbstractQueuedSynchronizer.java:2078)&#10;        at java.util.concurrent.ArrayBlockingQueue.poll(ArrayBlockingQueue.java:418)&#10;        at org.apache.ratis.server.impl.LeaderState$EventQueue.poll(LeaderState.java:114)&#10;        at org.apache.ratis.server.impl.LeaderState$EventProcessor.run(LeaderState.java:451)&#10;&quot;pool-279-thread-10&quot;  prio=5 tid=1550 in Object.wait()&#10;java.lang.Thread.State: WAITING (on object monitor)&#10;        at sun.misc.Unsafe.park(Native Method)&#10;        at java.util.concurrent.locks.LockSupport.park(LockSupport.java:175)&#10;        at java.util.concurrent.locks.AbstractQueuedSynchronizer$ConditionObject.await(AbstractQueuedSynchronizer.java:2039)&#10;        at java.util.concurrent.ArrayBlockingQueue.take(ArrayBlockingQueue.java:403)&#10;        at java.util.concurrent.ThreadPoolExecutor.getTask(ThreadPoolExecutor.java:1074)&#10;        at java.util.concurrent.ThreadPoolExecutor.runWorker(ThreadPoolExecutor.java:1134)&#10;        at java.util.concurrent.ThreadPoolExecutor$Worker.run(ThreadPoolExecutor.java:624)&#10;        at java.lang.Thread.run(Thread.java:748)&#10;&quot;pool-258-thread-11&quot;  prio=5 tid=1491 in Object.wait()&#10;java.lang.Thread.State: WAITING (on object monitor)&#10;        at sun.misc.Unsafe.park(Native Method)&#10;        at java.util.concurrent.locks.LockSupport.park(LockSupport.java:175)&#10;        at java.util.concurrent.locks.AbstractQueuedSynchronizer$ConditionObject.await(AbstractQueuedSynchronizer.java:2039)&#10;        at java.util.concurrent.ArrayBlockingQueue.take(ArrayBlockingQueue.java:403)&#10;        at java.util.concurrent.ThreadPoolExecutor.getTask(ThreadPoolExecutor.java:1074)&#10;        at java.util.concurrent.ThreadPoolExecutor.runWorker(ThreadPoolExecutor.java:1134)&#10;        at java.util.concurrent.ThreadPoolExecutor$Worker.run(ThreadPoolExecutor.java:624)&#10;        at java.lang.Thread.run(Thread.java:748)&#10;&quot;BlockDeletingService#0&quot; daemon prio=5 tid=1126 in Object.wait()&#10;java.lang.Thread.State: WAITING (on object monitor)&#10;        at sun.misc.Unsafe.park(Native Method)&#10;        at java.util.concurrent.locks.LockSupport.park(LockSupport.java:175)&#10;        at java.util.concurrent.locks.AbstractQueuedSynchronizer$ConditionObject.await(AbstractQueuedSynchronizer.java:2039)&#10;        at java.util.concurrent.ScheduledThreadPoolExecutor$DelayedWorkQueue.take(ScheduledThreadPoolExecutor.java:1088)&#10;        at java.util.concurrent.ScheduledThreadPoolExecutor$DelayedWorkQueue.take(ScheduledThreadPoolExecutor.java:809)&#10;        at java.util.concurrent.ThreadPoolExecutor.getTask(ThreadPoolExecutor.java:1074)&#10;        at java.util.concurrent.ThreadPoolExecutor.runWorker(ThreadPoolExecutor.java:1134)&#10;        at java.util.concurrent.ThreadPoolExecutor$Worker.run(ThreadPoolExecutor.java:624)&#10;        at java.lang.Thread.run(Thread.java:748)&#10;&quot;org.eclipse.jetty.server.session.HashSessionManager@7eae55Timer&quot; daemon prio=5 tid=1139 timed_waiting&#10;java.lang.Thread.State: TIMED_WAITING&#10;        at sun.misc.Unsafe.park(Native Method)&#10;        at java.util.concurrent.locks.LockSupport.parkNanos(LockSupport.java:215)&#10;        at java.util.concurrent.locks.AbstractQueuedSynchronizer$ConditionObject.awaitNanos(AbstractQueuedSynchronizer.java:2078)&#10;        at java.util.concurrent.ScheduledThreadPoolExecutor$DelayedWorkQueue.take(ScheduledThreadPoolExecutor.java:1093)&#10;        at java.util.concurrent.ScheduledThreadPoolExecutor$DelayedWorkQueue.take(ScheduledThreadPoolExecutor.java:809)&#10;        at java.util.concurrent.ThreadPoolExecutor.getTask(ThreadPoolExecutor.java:1074)&#10;        at java.util.concurrent.ThreadPoolExecutor.runWorker(ThreadPoolExecutor.java:1134)&#10;        at java.util.concurrent.ThreadPoolExecutor$Worker.run(ThreadPoolExecutor.java:624)&#10;        at java.lang.Thread.run(Thread.java:748)&#10;&quot;qtp2037147839-1050&quot; daemon prio=5 tid=1050 timed_waiting&#10;java.lang.Thread.State: TIMED_WAITING&#10;        at sun.misc.Unsafe.park(Native Method)&#10;        at java.util.concurrent.locks.LockSupport.parkNanos(LockSupport.java:215)&#10;        at java.util.concurrent.locks.AbstractQueuedSynchronizer$ConditionObject.awaitNanos(AbstractQueuedSynchronizer.java:2078)&#10;        at org.eclipse.jetty.util.BlockingArrayQueue.poll(BlockingArrayQueue.java:392)&#10;        at org.eclipse.jetty.util.thread.QueuedThreadPool.idleJobPoll(QueuedThreadPool.java:563)&#10;        at org.eclipse.jetty.util.thread.QueuedThreadPool.access$800(QueuedThreadPool.java:48)&#10;        at org.eclipse.jetty.util.thread.QueuedThreadPool$2.run(QueuedThreadPool.java:626)&#10;        at java.lang.Thread.run(Thread.java:748)&#10;&quot;pool-258-thread-40&quot;  prio=5 tid=1520 in Object.wait()&#10;java.lang.Thread.State: WAITING (on object monitor)&#10;        at sun.misc.Unsafe.park(Native Method)&#10;        at java.util.concurrent.locks.LockSupport.park(LockSupport.java:175)&#10;        at java.util.concurrent.locks.AbstractQueuedSynchronizer$ConditionObject.await(AbstractQueuedSynchronizer.java:2039)&#10;        at java.util.concurrent.ArrayBlockingQueue.take(ArrayBlockingQueue.java:403)&#10;        at java.util.concurrent.ThreadPoolExecutor.getTask(ThreadPoolExecutor.java:1074)&#10;        at java.util.concurrent.ThreadPoolExecutor.runWorker(ThreadPoolExecutor.java:1134)&#10;        at java.util.concurrent.ThreadPoolExecutor$Worker.run(ThreadPoolExecutor.java:624)&#10;        at java.lang.Thread.run(Thread.java:748)&#10;&quot;pool-195-thread-4&quot;  prio=5 tid=1304 in Object.wait()&#10;java.lang.Thread.State: WAITING (on object monitor)&#10;        at sun.misc.Unsafe.park(Native Method)&#10;        at java.util.concurrent.locks.LockSupport.park(LockSupport.java:175)&#10;        at java.util.concurrent.locks.AbstractQueuedSynchronizer$ConditionObject.await(AbstractQueuedSynchronizer.java:2039)&#10;        at java.util.concurrent.ArrayBlockingQueue.take(ArrayBlockingQueue.java:403)&#10;        at java.util.concurrent.ThreadPoolExecutor.getTask(ThreadPoolExecutor.java:1074)&#10;        at java.util.concurrent.ThreadPoolExecutor.runWorker(ThreadPoolExecutor.java:1134)&#10;        at java.util.concurrent.ThreadPoolExecutor$Worker.run(ThreadPoolExecutor.java:624)&#10;        at java.lang.Thread.run(Thread.java:748)&#10;&quot;IPC Server Responder&quot; daemon prio=5 tid=940 runnable&#10;java.lang.Thread.State: RUNNABLE&#10;        at sun.nio.ch.EPollArrayWrapper.epollWait(Native Method)&#10;        at sun.nio.ch.EPollArrayWrapper.poll(EPollArrayWrapper.java:269)&#10;        at sun.nio.ch.EPollSelectorImpl.doSelect(EPollSelectorImpl.java:93)&#10;        at sun.nio.ch.SelectorImpl.lockAndDoSelect(SelectorImpl.java:86)&#10;        at sun.nio.ch.SelectorImpl.select(SelectorImpl.java:97)&#10;        at org.apache.hadoop.ipc.Server$Responder.doRunLoop(Server.java:1334)&#10;        at org.apache.hadoop.ipc.Server$Responder.run(Server.java:1317)&#10;&quot;IPC Server Responder&quot; daemon prio=5 tid=1022 runnable&#10;java.lang.Thread.State: RUNNABLE&#10;        at sun.nio.ch.EPollArrayWrapper.epollWait(Native Method)&#10;        at sun.nio.ch.EPollArrayWrapper.poll(EPollArrayWrapper.java:269)&#10;        at sun.nio.ch.EPollSelectorImpl.doSelect(EPollSelectorImpl.java:93)&#10;        at sun.nio.ch.SelectorImpl.lockAndDoSelect(SelectorImpl.java:86)&#10;        at sun.nio.ch.SelectorImpl.select(SelectorImpl.java:97)&#10;        at org.apache.hadoop.ipc.Server$Responder.doRunLoop(Server.java:1334)&#10;        at org.apache.hadoop.ipc.Server$Responder.run(Server.java:1317)&#10;&quot;pool-279-thread-55&quot;  prio=5 tid=1595 in Object.wait()&#10;java.lang.Thread.State: WAITING (on object monitor)&#10;        at sun.misc.Unsafe.park(Native Method)&#10;        at java.util.concurrent.locks.LockSupport.park(LockSupport.java:175)&#10;        at java.util.concurrent.locks.AbstractQueuedSynchronizer$ConditionObject.await(AbstractQueuedSynchronizer.java:2039)&#10;        at java.util.concurrent.ArrayBlockingQueue.take(ArrayBlockingQueue.java:403)&#10;        at java.util.concurrent.ThreadPoolExecutor.getTask(ThreadPoolExecutor.java:1074)&#10;        at java.util.concurrent.ThreadPoolExecutor.runWorker(ThreadPoolExecutor.java:1134)&#10;        at java.util.concurrent.ThreadPoolExecutor$Worker.run(ThreadPoolExecutor.java:624)&#10;        at java.lang.Thread.run(Thread.java:748)&#10;&quot;pool-237-thread-26&quot;  prio=5 tid=1446 in Object.wait()&#10;java.lang.Thread.State: WAITING (on object monitor)&#10;        at sun.misc.Unsafe.park(Native Method)&#10;        at java.util.concurrent.locks.LockSupport.park(LockSupport.java:175)&#10;        at java.util.concurrent.locks.AbstractQueuedSynchronizer$ConditionObject.await(AbstractQueuedSynchronizer.java:2039)&#10;        at java.util.concurrent.ArrayBlockingQueue.take(ArrayBlockingQueue.java:403)&#10;        at java.util.concurrent.ThreadPoolExecutor.getTask(ThreadPoolExecutor.java:1074)&#10;        at java.util.concurrent.ThreadPoolExecutor.runWorker(ThreadPoolExecutor.java:1134)&#10;        at java.util.concurrent.ThreadPoolExecutor$Worker.run(ThreadPoolExecutor.java:624)&#10;        at java.lang.Thread.run(Thread.java:748)&#10;&quot;Thread-689&quot; daemon prio=5 tid=1694 timed_waiting&#10;java.lang.Thread.State: TIMED_WAITING&#10;        at sun.misc.Unsafe.park(Native Method)&#10;        at java.util.concurrent.locks.LockSupport.parkNanos(LockSupport.java:215)&#10;        at java.util.concurrent.locks.AbstractQueuedSynchronizer$ConditionObject.awaitNanos(AbstractQueuedSynchronizer.java:2078)&#10;        at java.util.concurrent.ArrayBlockingQueue.poll(ArrayBlockingQueue.java:418)&#10;        at org.apache.ratis.server.impl.LeaderState$EventQueue.poll(LeaderState.java:114)&#10;        at org.apache.ratis.server.impl.LeaderState$EventProcessor.run(LeaderState.java:451)&#10;&quot;qtp649827042-1075&quot; daemon prio=5 tid=1075 timed_waiting&#10;java.lang.Thread.State: TIMED_WAITING&#10;        at sun.misc.Unsafe.park(Native Method)&#10;        at java.util.concurrent.locks.LockSupport.parkNanos(LockSupport.java:215)&#10;        at java.util.concurrent.locks.AbstractQueuedSynchronizer$ConditionObject.awaitNanos(AbstractQueuedSynchronizer.java:2078)&#10;        at org.eclipse.jetty.util.BlockingArrayQueue.poll(BlockingArrayQueue.java:392)&#10;        at org.eclipse.jetty.util.thread.QueuedThreadPool.idleJobPoll(QueuedThreadPool.java:563)&#10;        at org.eclipse.jetty.util.thread.QueuedThreadPool.access$800(QueuedThreadPool.java:48)&#10;        at org.eclipse.jetty.util.thread.QueuedThreadPool$2.run(QueuedThreadPool.java:626)&#10;        at java.lang.Thread.run(Thread.java:748)&#10;&quot;pool-279-thread-5&quot;  prio=5 tid=1545 in Object.wait()&#10;java.lang.Thread.State: WAITING (on object monitor)&#10;        at sun.misc.Unsafe.park(Native Method)&#10;        at java.util.concurrent.locks.LockSupport.park(LockSupport.java:175)&#10;        at java.util.concurrent.locks.AbstractQueuedSynchronizer$ConditionObject.await(AbstractQueuedSynchronizer.java:2039)&#10;        at java.util.concurrent.ArrayBlockingQueue.take(ArrayBlockingQueue.java:403)&#10;        at java.util.concurrent.ThreadPoolExecutor.getTask(ThreadPoolExecutor.java:1074)&#10;        at java.util.concurrent.ThreadPoolExecutor.runWorker(ThreadPoolExecutor.java:1134)&#10;        at java.util.concurrent.ThreadPoolExecutor$Worker.run(ThreadPoolExecutor.java:624)&#10;        at java.lang.Thread.run(Thread.java:748)&#10;&quot;pool-195-thread-44&quot;  prio=5 tid=1344 in Object.wait()&#10;java.lang.Thread.State: WAITING (on object monitor)&#10;        at sun.misc.Unsafe.park(Native Method)&#10;        at java.util.concurrent.locks.LockSupport.park(LockSupport.java:175)&#10;        at java.util.concurrent.locks.AbstractQueuedSynchronizer$ConditionObject.await(AbstractQueuedSynchronizer.java:2039)&#10;        at java.util.concurrent.ArrayBlockingQueue.take(ArrayBlockingQueue.java:403)&#10;        at java.util.concurrent.ThreadPoolExecutor.getTask(ThreadPoolExecutor.java:1074)&#10;        at java.util.concurrent.ThreadPoolExecutor.runWorker(ThreadPoolExecutor.java:1134)&#10;        at java.util.concurrent.ThreadPoolExecutor$Worker.run(ThreadPoolExecutor.java:624)&#10;        at java.lang.Thread.run(Thread.java:748)&#10;&quot;pool-195-thread-1&quot;  prio=5 tid=1301 in Object.wait()&#10;java.lang.Thread.State: WAITING (on object monitor)&#10;        at sun.misc.Unsafe.park(Native Method)&#10;        at java.util.concurrent.locks.LockSupport.park(LockSupport.java:175)&#10;        at java.util.concurrent.locks.AbstractQueuedSynchronizer$ConditionObject.await(AbstractQueuedSynchronizer.java:2039)&#10;        at java.util.concurrent.ArrayBlockingQueue.take(ArrayBlockingQueue.java:403)&#10;        at java.util.concurrent.ThreadPoolExecutor.getTask(ThreadPoolExecutor.java:1074)&#10;        at java.util.concurrent.ThreadPoolExecutor.runWorker(ThreadPoolExecutor.java:1134)&#10;        at java.util.concurrent.ThreadPoolExecutor$Worker.run(ThreadPoolExecutor.java:624)&#10;        at java.lang.Thread.run(Thread.java:748)&#10;&quot;pool-258-thread-58&quot;  prio=5 tid=1538 in Object.wait()&#10;java.lang.Thread.State: WAITING (on object monitor)&#10;        at sun.misc.Unsafe.park(Native Method)&#10;        at java.util.concurrent.locks.LockSupport.park(LockSupport.java:175)&#10;        at java.util.concurrent.locks.AbstractQueuedSynchronizer$ConditionObject.await(AbstractQueuedSynchronizer.java:2039)&#10;        at java.util.concurrent.ArrayBlockingQueue.take(ArrayBlockingQueue.java:403)&#10;        at java.util.concurrent.ThreadPoolExecutor.getTask(ThreadPoolExecutor.java:1074)&#10;        at java.util.concurrent.ThreadPoolExecutor.runWorker(ThreadPoolExecutor.java:1134)&#10;        at java.util.concurrent.ThreadPoolExecutor$Worker.run(ThreadPoolExecutor.java:624)&#10;        at java.lang.Thread.run(Thread.java:748)&#10;&quot;org.eclipse.jetty.server.session.HashSessionManager@7cb29ea8Timer&quot; daemon prio=5 tid=1076 timed_waiting&#10;java.lang.Thread.State: TIMED_WAITING&#10;        at sun.misc.Unsafe.park(Native Method)&#10;        at java.util.concurrent.locks.LockSupport.parkNanos(LockSupport.java:215)&#10;        at java.util.concurrent.locks.AbstractQueuedSynchronizer$ConditionObject.awaitNanos(AbstractQueuedSynchronizer.java:2078)&#10;        at java.util.concurrent.ScheduledThreadPoolExecutor$DelayedWorkQueue.take(ScheduledThreadPoolExecutor.java:1093)&#10;        at java.util.concurrent.ScheduledThreadPoolExecutor$DelayedWorkQueue.take(ScheduledThreadPoolExecutor.java:809)&#10;        at java.util.concurrent.ThreadPoolExecutor.getTask(ThreadPoolExecutor.java:1074)&#10;        at java.util.concurrent.ThreadPoolExecutor.runWorker(ThreadPoolExecutor.java:1134)&#10;        at java.util.concurrent.ThreadPoolExecutor$Worker.run(ThreadPoolExecutor.java:624)&#10;        at java.lang.Thread.run(Thread.java:748)&#10;&quot;IPC Server handler 10 on 36272&quot; daemon prio=5 tid=994 timed_waiting&#10;java.lang.Thread.State: TIMED_WAITING&#10;        at sun.misc.Unsafe.park(Native Method)&#10;        at java.util.concurrent.locks.LockSupport.parkNanos(LockSupport.java:215)&#10;        at java.util.concurrent.locks.AbstractQueuedSynchronizer$ConditionObject.awaitNanos(AbstractQueuedSynchronizer.java:2078)&#10;        at java.util.concurrent.LinkedBlockingQueue.poll(LinkedBlockingQueue.java:467)&#10;        at org.apache.hadoop.ipc.CallQueueManager.take(CallQueueManager.java:288)&#10;        at org.apache.hadoop.ipc.Server$Handler.run(Server.java:2668)&#10;&quot;pool-237-thread-37&quot;  prio=5 tid=1457 in Object.wait()&#10;java.lang.Thread.State: WAITING (on object monitor)&#10;        at sun.misc.Unsafe.park(Native Method)&#10;        at java.util.concurrent.locks.LockSupport.park(LockSupport.java:175)&#10;        at java.util.concurrent.locks.AbstractQueuedSynchronizer$ConditionObject.await(AbstractQueuedSynchronizer.java:2039)&#10;        at java.util.concurrent.ArrayBlockingQueue.take(ArrayBlockingQueue.java:403)&#10;        at java.util.concurrent.ThreadPoolExecutor.getTask(ThreadPoolExecutor.java:1074)&#10;        at java.util.concurrent.ThreadPoolExecutor.runWorker(ThreadPoolExecutor.java:1134)&#10;        at java.util.concurrent.ThreadPoolExecutor$Worker.run(ThreadPoolExecutor.java:624)&#10;        at java.lang.Thread.run(Thread.java:748)&#10;&quot;pool-195-thread-26&quot;  prio=5 tid=1326 in Object.wait()&#10;java.lang.Thread.State: WAITING (on object monitor)&#10;        at sun.misc.Unsafe.park(Native Method)&#10;        at java.util.concurrent.locks.LockSupport.park(LockSupport.java:175)&#10;        at java.util.concurrent.locks.AbstractQueuedSynchronizer$ConditionObject.await(AbstractQueuedSynchronizer.java:2039)&#10;        at java.util.concurrent.ArrayBlockingQueue.take(ArrayBlockingQueue.java:403)&#10;        at java.util.concurrent.ThreadPoolExecutor.getTask(ThreadPoolExecutor.java:1074)&#10;        at java.util.concurrent.ThreadPoolExecutor.runWorker(ThreadPoolExecutor.java:1134)&#10;        at java.util.concurrent.ThreadPoolExecutor$Worker.run(ThreadPoolExecutor.java:624)&#10;        at java.lang.Thread.run(Thread.java:748)&#10;&quot;pool-279-thread-39&quot;  prio=5 tid=1579 in Object.wait()&#10;java.lang.Thread.State: WAITING (on object monitor)&#10;        at sun.misc.Unsafe.park(Native Method)&#10;        at java.util.concurrent.locks.LockSupport.park(LockSupport.java:175)&#10;        at java.util.concurrent.locks.AbstractQueuedSynchronizer$ConditionObject.await(AbstractQueuedSynchronizer.java:2039)&#10;        at java.util.concurrent.ArrayBlockingQueue.take(ArrayBlockingQueue.java:403)&#10;        at java.util.concurrent.ThreadPoolExecutor.getTask(ThreadPoolExecutor.java:1074)&#10;        at java.util.concurrent.ThreadPoolExecutor.runWorker(ThreadPoolExecutor.java:1134)&#10;        at java.util.concurrent.ThreadPoolExecutor$Worker.run(ThreadPoolExecutor.java:624)&#10;        at java.lang.Thread.run(Thread.java:748)&#10;&quot;pool-258-thread-8&quot;  prio=5 tid=1488 in Object.wait()&#10;java.lang.Thread.State: WAITING (on object monitor)&#10;        at sun.misc.Unsafe.park(Native Method)&#10;        at java.util.concurrent.locks.LockSupport.park(LockSupport.java:175)&#10;        at java.util.concurrent.locks.AbstractQueuedSynchronizer$ConditionObject.await(AbstractQueuedSynchronizer.java:2039)&#10;        at java.util.concurrent.ArrayBlockingQueue.take(ArrayBlockingQueue.java:403)&#10;        at java.util.concurrent.ThreadPoolExecutor.getTask(ThreadPoolExecutor.java:1074)&#10;        at java.util.concurrent.ThreadPoolExecutor.runWorker(ThreadPoolExecutor.java:1134)&#10;        at java.util.concurrent.ThreadPoolExecutor$Worker.run(ThreadPoolExecutor.java:624)&#10;        at java.lang.Thread.run(Thread.java:748)&#10;&quot;qtp43402513-1104&quot; daemon prio=5 tid=1104 timed_waiting&#10;java.lang.Thread.State: TIMED_WAITING&#10;        at sun.misc.Unsafe.park(Native Method)&#10;        at java.util.concurrent.locks.LockSupport.parkNanos(LockSupport.java:215)&#10;        at java.util.concurrent.locks.AbstractQueuedSynchronizer$ConditionObject.awaitNanos(AbstractQueuedSynchronizer.java:2078)&#10;        at org.eclipse.jetty.util.BlockingArrayQueue.poll(BlockingArrayQueue.java:392)&#10;        at org.eclipse.jetty.util.thread.QueuedThreadPool.idleJobPoll(QueuedThreadPool.java:563)&#10;        at org.eclipse.jetty.util.thread.QueuedThreadPool.access$800(QueuedThreadPool.java:48)&#10;        at org.eclipse.jetty.util.thread.QueuedThreadPool$2.run(QueuedThreadPool.java:626)&#10;        at java.lang.Thread.run(Thread.java:748)&#10;&quot;Command processor thread&quot; daemon prio=5 tid=1146 timed_waiting&#10;java.lang.Thread.State: TIMED_WAITING&#10;        at java.lang.Thread.sleep(Native Method)&#10;        at org.apache.hadoop.ozone.container.common.statemachine.DatanodeStateMachine.lambda$initCommandHandlerThread$1(DatanodeStateMachine.java:439)&#10;        at org.apache.hadoop.ozone.container.common.statemachine.DatanodeStateMachine$$Lambda$144/707418368.run(Unknown Source)&#10;        at java.lang.Thread.run(Thread.java:748)&#10;&quot;Datanode State Machine Thread - 0&quot; daemon prio=5 tid=1090 timed_waiting&#10;java.lang.Thread.State: TIMED_WAITING&#10;        at sun.misc.Unsafe.park(Native Method)&#10;        at java.util.concurrent.locks.LockSupport.parkNanos(LockSupport.java:215)&#10;        at java.util.concurrent.SynchronousQueue$TransferStack.awaitFulfill(SynchronousQueue.java:460)&#10;        at java.util.concurrent.SynchronousQueue$TransferStack.transfer(SynchronousQueue.java:362)&#10;        at java.util.concurrent.SynchronousQueue.poll(SynchronousQueue.java:941)&#10;        at java.util.concurrent.ThreadPoolExecutor.getTask(ThreadPoolExecutor.java:1073)&#10;        at java.util.concurrent.ThreadPoolExecutor.runWorker(ThreadPoolExecutor.java:1134)&#10;        at java.util.concurrent.ThreadPoolExecutor$Worker.run(ThreadPoolExecutor.java:624)&#10;        at java.lang.Thread.run(Thread.java:748)&#10;&quot;pool-174-thread-21&quot;  prio=5 tid=1260 in Object.wait()&#10;java.lang.Thread.State: WAITING (on object monitor)&#10;        at sun.misc.Unsafe.park(Native Method)&#10;        at java.util.concurrent.locks.LockSupport.park(LockSupport.java:175)&#10;        at java.util.concurrent.locks.AbstractQueuedSynchronizer$ConditionObject.await(AbstractQueuedSynchronizer.java:2039)&#10;        at java.util.concurrent.ArrayBlockingQueue.take(ArrayBlockingQueue.java:403)&#10;        at java.util.concurrent.ThreadPoolExecutor.getTask(ThreadPoolExecutor.java:1074)&#10;        at java.util.concurrent.ThreadPoolExecutor.runWorker(ThreadPoolExecutor.java:1134)&#10;        at java.util.concurrent.ThreadPoolExecutor$Worker.run(ThreadPoolExecutor.java:624)&#10;        at java.lang.Thread.run(Thread.java:748)&#10;&quot;pool-195-thread-37&quot;  prio=5 tid=1337 in Object.wait()&#10;java.lang.Thread.State: WAITING (on object monitor)&#10;        at sun.misc.Unsafe.park(Native Method)&#10;        at java.util.concurrent.locks.LockSupport.park(LockSupport.java:175)&#10;        at java.util.concurrent.locks.AbstractQueuedSynchronizer$ConditionObject.await(AbstractQueuedSynchronizer.java:2039)&#10;        at java.util.concurrent.ArrayBlockingQueue.take(ArrayBlockingQueue.java:403)&#10;        at java.util.concurrent.ThreadPoolExecutor.getTask(ThreadPoolExecutor.java:1074)&#10;        at java.util.concurrent.ThreadPoolExecutor.runWorker(ThreadPoolExecutor.java:1134)&#10;        at java.util.concurrent.ThreadPoolExecutor$Worker.run(ThreadPoolExecutor.java:624)&#10;        at java.lang.Thread.run(Thread.java:748)&#10;&quot;Datanode ReportManager Thread - 1&quot; daemon prio=5 tid=1083 in Object.wait()&#10;java.lang.Thread.State: WAITING (on object monitor)&#10;        at sun.misc.Unsafe.park(Native Method)&#10;        at java.util.concurrent.locks.LockSupport.park(LockSupport.java:175)&#10;        at java.util.concurrent.locks.AbstractQueuedSynchronizer$ConditionObject.await(AbstractQueuedSynchronizer.java:2039)&#10;        at java.util.concurrent.ScheduledThreadPoolExecutor$DelayedWorkQueue.take(ScheduledThreadPoolExecutor.java:1088)&#10;        at java.util.concurrent.ScheduledThreadPoolExecutor$DelayedWorkQueue.take(ScheduledThreadPoolExecutor.java:809)&#10;        at java.util.concurrent.ThreadPoolExecutor.getTask(ThreadPoolExecutor.java:1074)&#10;        at java.util.concurrent.ThreadPoolExecutor.runWorker(ThreadPoolExecutor.java:1134)&#10;        at java.util.concurrent.ThreadPoolExecutor$Worker.run(ThreadPoolExecutor.java:624)&#10;        at java.lang.Thread.run(Thread.java:748)&#10;&quot;pool-258-thread-56&quot;  prio=5 tid=1536 in Object.wait()&#10;java.lang.Thread.State: WAITING (on object monitor)&#10;        at sun.misc.Unsafe.park(Native Method)&#10;        at java.util.concurrent.locks.LockSupport.park(LockSupport.java:175)&#10;        at java.util.concurrent.locks.AbstractQueuedSynchronizer$ConditionObject.await(AbstractQueuedSynchronizer.java:2039)&#10;        at java.util.concurrent.ArrayBlockingQueue.take(ArrayBlockingQueue.java:403)&#10;        at java.util.concurrent.ThreadPoolExecutor.getTask(ThreadPoolExecutor.java:1074)&#10;        at java.util.concurrent.ThreadPoolExecutor.runWorker(ThreadPoolExecutor.java:1134)&#10;        at java.util.concurrent.ThreadPoolExecutor$Worker.run(ThreadPoolExecutor.java:624)&#10;        at java.lang.Thread.run(Thread.java:748)&#10;&quot;pool-195-thread-20&quot;  prio=5 tid=1320 in Object.wait()&#10;java.lang.Thread.State: WAITING (on object monitor)&#10;        at sun.misc.Unsafe.park(Native Method)&#10;        at java.util.concurrent.locks.LockSupport.park(LockSupport.java:175)&#10;        at java.util.concurrent.locks.AbstractQueuedSynchronizer$ConditionObject.await(AbstractQueuedSynchronizer.java:2039)&#10;        at java.util.concurrent.ArrayBlockingQueue.take(ArrayBlockingQueue.java:403)&#10;        at java.util.concurrent.ThreadPoolExecutor.getTask(ThreadPoolExecutor.java:1074)&#10;        at java.util.concurrent.ThreadPoolExecutor.runWorker(ThreadPoolExecutor.java:1134)&#10;        at java.util.concurrent.ThreadPoolExecutor$Worker.run(ThreadPoolExecutor.java:624)&#10;        at java.lang.Thread.run(Thread.java:748)&#10;&quot;pool-258-thread-6&quot;  prio=5 tid=1486 in Object.wait()&#10;java.lang.Thread.State: WAITING (on object monitor)&#10;        at sun.misc.Unsafe.park(Native Method)&#10;        at java.util.concurrent.locks.LockSupport.park(LockSupport.java:175)&#10;        at java.util.concurrent.locks.AbstractQueuedSynchronizer$ConditionObject.await(AbstractQueuedSynchronizer.java:2039)&#10;        at java.util.concurrent.ArrayBlockingQueue.take(ArrayBlockingQueue.java:403)&#10;        at java.util.concurrent.ThreadPoolExecutor.getTask(ThreadPoolExecutor.java:1074)&#10;        at java.util.concurrent.ThreadPoolExecutor.runWorker(ThreadPoolExecutor.java:1134)&#10;        at java.util.concurrent.ThreadPoolExecutor$Worker.run(ThreadPoolExecutor.java:624)&#10;        at java.lang.Thread.run(Thread.java:748)&#10;&quot;pool-279-thread-25&quot;  prio=5 tid=1565 in Object.wait()&#10;java.lang.Thread.State: WAITING (on object monitor)&#10;        at sun.misc.Unsafe.park(Native Method)&#10;        at java.util.concurrent.locks.LockSupport.park(LockSupport.java:175)&#10;        at java.util.concurrent.locks.AbstractQueuedSynchronizer$ConditionObject.await(AbstractQueuedSynchronizer.java:2039)&#10;        at java.util.concurrent.ArrayBlockingQueue.take(ArrayBlockingQueue.java:403)&#10;        at java.util.concurrent.ThreadPoolExecutor.getTask(ThreadPoolExecutor.java:1074)&#10;        at java.util.concurrent.ThreadPoolExecutor.runWorker(ThreadPoolExecutor.java:1134)&#10;        at java.util.concurrent.ThreadPoolExecutor$Worker.run(ThreadPoolExecutor.java:624)&#10;        at java.lang.Thread.run(Thread.java:748)&#10;&quot;pool-258-thread-42&quot;  prio=5 tid=1522 in Object.wait()&#10;java.lang.Thread.State: WAITING (on object monitor)&#10;        at sun.misc.Unsafe.park(Native Method)&#10;        at java.util.concurrent.locks.LockSupport.park(LockSupport.java:175)&#10;        at java.util.concurrent.locks.AbstractQueuedSynchronizer$ConditionObject.await(AbstractQueuedSynchronizer.java:2039)&#10;        at java.util.concurrent.ArrayBlockingQueue.take(ArrayBlockingQueue.java:403)&#10;        at java.util.concurrent.ThreadPoolExecutor.getTask(ThreadPoolExecutor.java:1074)&#10;        at java.util.concurrent.ThreadPoolExecutor.runWorker(ThreadPoolExecutor.java:1134)&#10;        at java.util.concurrent.ThreadPoolExecutor$Worker.run(ThreadPoolExecutor.java:624)&#10;        at java.lang.Thread.run(Thread.java:748)&#10;&quot;pool-248-thread-1&quot;  prio=5 tid=1640 in Object.wait()&#10;java.lang.Thread.State: WAITING (on object monitor)&#10;        at sun.misc.Unsafe.park(Native Method)&#10;        at java.util.concurrent.locks.LockSupport.park(LockSupport.java:175)&#10;        at java.util.concurrent.locks.AbstractQueuedSynchronizer$ConditionObject.await(AbstractQueuedSynchronizer.java:2039)&#10;        at java.util.concurrent.LinkedBlockingQueue.take(LinkedBlockingQueue.java:442)&#10;        at java.util.concurrent.ThreadPoolExecutor.getTask(ThreadPoolExecutor.java:1074)&#10;        at java.util.concurrent.ThreadPoolExecutor.runWorker(ThreadPoolExecutor.java:1134)&#10;        at java.util.concurrent.ThreadPoolExecutor$Worker.run(ThreadPoolExecutor.java:624)&#10;        at java.lang.Thread.run(Thread.java:748)&#10;&quot;pool-195-thread-56&quot;  prio=5 tid=1356 in Object.wait()&#10;java.lang.Thread.State: WAITING (on object monitor)&#10;        at sun.misc.Unsafe.park(Native Method)&#10;        at java.util.concurrent.locks.LockSupport.park(LockSupport.java:175)&#10;        at java.util.concurrent.locks.AbstractQueuedSynchronizer$ConditionObject.await(AbstractQueuedSynchronizer.java:2039)&#10;        at java.util.concurrent.ArrayBlockingQueue.take(ArrayBlockingQueue.java:403)&#10;        at java.util.concurrent.ThreadPoolExecutor.getTask(ThreadPoolExecutor.java:1074)&#10;        at java.util.concurrent.ThreadPoolExecutor.runWorker(ThreadPoolExecutor.java:1134)&#10;        at java.util.concurrent.ThreadPoolExecutor$Worker.run(ThreadPoolExecutor.java:624)&#10;        at java.lang.Thread.run(Thread.java:748)&#10;&quot;Datanode ReportManager Thread - 3&quot; daemon prio=5 tid=1145 in Object.wait()&#10;java.lang.Thread.State: WAITING (on object monitor)&#10;        at sun.misc.Unsafe.park(Native Method)&#10;        at java.util.concurrent.locks.LockSupport.park(LockSupport.java:175)&#10;        at java.util.concurrent.locks.AbstractQueuedSynchronizer$ConditionObject.await(AbstractQueuedSynchronizer.java:2039)&#10;        at java.util.concurrent.ScheduledThreadPoolExecutor$DelayedWorkQueue.take(ScheduledThreadPoolExecutor.java:1088)&#10;        at java.util.concurrent.ScheduledThreadPoolExecutor$DelayedWorkQueue.take(ScheduledThreadPoolExecutor.java:809)&#10;        at java.util.concurrent.ThreadPoolExecutor.getTask(ThreadPoolExecutor.java:1074)&#10;        at java.util.concurrent.ThreadPoolExecutor.runWorker(ThreadPoolExecutor.java:1134)&#10;        at java.util.concurrent.ThreadPoolExecutor$Worker.run(ThreadPoolExecutor.java:624)&#10;        at java.lang.Thread.run(Thread.java:748)&#10;&quot;9e9398c9-c564-45b1-aca3-844f60de829e-SegmentedRaftLogWorker:Storage Directory /tmp/workdir/hadoop-ozone/integration-test/target/test-dir/MiniOzoneClusterImpl-d6a8514b-9f5a-4ec7-be91-cc3589120d34/datanode-5/data/ratis/e83dbce7-8c6f-49f9-978d-2cafed4ab0a3&quot;  prio=5 tid=1655 timed_waiting&#10;java.lang.Thread.State: TIMED_WAITING&#10;        at sun.misc.Unsafe.park(Native Method)&#10;        at java.util.concurrent.locks.LockSupport.parkNanos(LockSupport.java:215)&#10;        at java.util.concurrent.locks.AbstractQueuedSynchronizer$ConditionObject.awaitNanos(AbstractQueuedSynchronizer.java:2078)&#10;        at org.apache.ratis.util.DataBlockingQueue.poll(DataBlockingQueue.java:137)&#10;        at org.apache.ratis.server.raftlog.segmented.SegmentedRaftLogWorker.run(SegmentedRaftLogWorker.java:283)&#10;        at java.lang.Thread.run(Thread.java:748)&#10;&quot;IPC Server handler 15 on 35612&quot; daemon prio=5 tid=959 timed_waiting&#10;java.lang.Thread.State: TIMED_WAITING&#10;        at sun.misc.Unsafe.park(Native Method)&#10;        at java.util.concurrent.locks.LockSupport.parkNanos(LockSupport.java:215)&#10;        at java.util.concurrent.locks.AbstractQueuedSynchronizer$ConditionObject.awaitNanos(AbstractQueuedSynchronizer.java:2078)&#10;        at java.util.concurrent.LinkedBlockingQueue.poll(LinkedBlockingQueue.java:467)&#10;        at org.apache.hadoop.ipc.CallQueueManager.take(CallQueueManager.java:288)&#10;        at org.apache.hadoop.ipc.Server$Handler.run(Server.java:2668)&#10;&quot;pool-237-thread-23&quot;  prio=5 tid=1443 in Object.wait()&#10;java.lang.Thread.State: WAITING (on object monitor)&#10;        at sun.misc.Unsafe.park(Native Method)&#10;        at java.util.concurrent.locks.LockSupport.park(LockSupport.java:175)&#10;        at java.util.concurrent.locks.AbstractQueuedSynchronizer$ConditionObject.await(AbstractQueuedSynchronizer.java:2039)&#10;        at java.util.concurrent.ArrayBlockingQueue.take(ArrayBlockingQueue.java:403)&#10;        at java.util.concurrent.ThreadPoolExecutor.getTask(ThreadPoolExecutor.java:1074)&#10;        at java.util.concurrent.ThreadPoolExecutor.runWorker(ThreadPoolExecutor.java:1134)&#10;        at java.util.concurrent.ThreadPoolExecutor$Worker.run(ThreadPoolExecutor.java:624)&#10;        at java.lang.Thread.run(Thread.java:748)&#10;&quot;qtp2037147839-1053&quot; daemon prio=5 tid=1053 timed_waiting&#10;java.lang.Thread.State: TIMED_WAITING&#10;        at sun.misc.Unsafe.park(Native Method)&#10;        at java.util.concurrent.locks.LockSupport.parkNanos(LockSupport.java:215)&#10;        at java.util.concurrent.locks.AbstractQueuedSynchronizer$ConditionObject.awaitNanos(AbstractQueuedSynchronizer.java:2078)&#10;        at org.eclipse.jetty.util.BlockingArrayQueue.poll(BlockingArrayQueue.java:392)&#10;        at org.eclipse.jetty.util.thread.QueuedThreadPool.idleJobPoll(QueuedThreadPool.java:563)&#10;        at org.eclipse.jetty.util.thread.QueuedThreadPool.access$800(QueuedThreadPool.java:48)&#10;        at org.eclipse.jetty.util.thread.QueuedThreadPool$2.run(QueuedThreadPool.java:626)&#10;        at java.lang.Thread.run(Thread.java:748)&#10;&quot;Datanode ReportManager Thread - 1&quot; daemon prio=5 tid=1113 timed_waiting&#10;java.lang.Thread.State: TIMED_WAITING&#10;        at sun.misc.Unsafe.park(Native Method)&#10;        at java.util.concurrent.locks.LockSupport.parkNanos(LockSupport.java:215)&#10;        at java.util.concurrent.locks.AbstractQueuedSynchronizer$ConditionObject.awaitNanos(AbstractQueuedSynchronizer.java:2078)&#10;        at java.util.concurrent.ScheduledThreadPoolExecutor$DelayedWorkQueue.take(ScheduledThreadPoolExecutor.java:1093)&#10;        at java.util.concurrent.ScheduledThreadPoolExecutor$DelayedWorkQueue.take(ScheduledThreadPoolExecutor.java:809)&#10;        at java.util.concurrent.ThreadPoolExecutor.getTask(ThreadPoolExecutor.java:1074)&#10;        at java.util.concurrent.ThreadPoolExecutor.runWorker(ThreadPoolExecutor.java:1134)&#10;        at java.util.concurrent.ThreadPoolExecutor$Worker.run(ThreadPoolExecutor.java:624)&#10;        at java.lang.Thread.run(Thread.java:748)&#10;&quot;surefire-forkedjvm-command-thread&quot; daemon prio=5 tid=8 runnable&#10;java.lang.Thread.State: RUNNABLE&#10;        at java.io.FileInputStream.readBytes(Native Method)&#10;        at java.io.FileInputStream.read(FileInputStream.java:255)&#10;        at java.io.BufferedInputStream.fill(BufferedInputStream.java:246)&#10;        at java.io.BufferedInputStream.read(BufferedInputStream.java:265)&#10;        at java.io.DataInputStream.readInt(DataInputStream.java:387)&#10;        at org.apache.maven.surefire.booter.MasterProcessCommand.decode(MasterProcessCommand.java:115)&#10;        at org.apache.maven.surefire.booter.CommandReader$CommandRunnable.run(CommandReader.java:390)&#10;        at java.lang.Thread.run(Thread.java:748)&#10;&quot;qtp1842314090-1135&quot; daemon prio=5 tid=1135 timed_waiting&#10;java.lang.Thread.State: TIMED_WAITING&#10;        at sun.misc.Unsafe.park(Native Method)&#10;        at java.util.concurrent.locks.LockSupport.parkNanos(LockSupport.java:215)&#10;        at java.util.concurrent.locks.AbstractQueuedSynchronizer$ConditionObject.awaitNanos(AbstractQueuedSynchronizer.java:2078)&#10;        at org.eclipse.jetty.util.BlockingArrayQueue.poll(BlockingArrayQueue.java:392)&#10;        at org.eclipse.jetty.util.thread.QueuedThreadPool.idleJobPoll(QueuedThreadPool.java:563)&#10;        at org.eclipse.jetty.util.thread.QueuedThreadPool.access$800(QueuedThreadPool.java:48)&#10;        at org.eclipse.jetty.util.thread.QueuedThreadPool$2.run(QueuedThreadPool.java:626)&#10;        at java.lang.Thread.run(Thread.java:748)&#10;&quot;48c40916-4df4-43f1-8da9-aa837bc1a9b2-SegmentedRaftLogWorker:Storage Directory /tmp/workdir/hadoop-ozone/integration-test/target/test-dir/MiniOzoneClusterImpl-d6a8514b-9f5a-4ec7-be91-cc3589120d34/datanode-4/data/ratis/15160694-d92e-4da2-a597-c50e1ce1a3ca&quot;  prio=5 tid=1646 timed_waiting&#10;java.lang.Thread.State: TIMED_WAITING&#10;        at sun.misc.Unsafe.park(Native Method)&#10;        at java.util.concurrent.locks.LockSupport.parkNanos(LockSupport.java:215)&#10;        at java.util.concurrent.locks.AbstractQueuedSynchronizer$ConditionObject.awaitNanos(AbstractQueuedSynchronizer.java:2078)&#10;        at org.apache.ratis.util.DataBlockingQueue.poll(DataBlockingQueue.java:137)&#10;        at org.apache.ratis.server.raftlog.segmented.SegmentedRaftLogWorker.run(SegmentedRaftLogWorker.java:283)&#10;        at java.lang.Thread.run(Thread.java:748)&#10;&quot;Thread-711&quot; daemon prio=5 tid=1716 timed_waiting&#10;java.lang.Thread.State: TIMED_WAITING&#10;        at java.lang.Thread.sleep(Native Method)&#10;        at org.apache.ratis.util.JavaUtils.sleep(JavaUtils.java:247)&#10;        at org.apache.ratis.server.impl.FollowerState.run(FollowerState.java:96)&#10;&quot;pool-279-thread-46&quot;  prio=5 tid=1586 in Object.wait()&#10;java.lang.Thread.State: WAITING (on object monitor)&#10;        at sun.misc.Unsafe.park(Native Method)&#10;        at java.util.concurrent.locks.LockSupport.park(LockSupport.java:175)&#10;        at java.util.concurrent.locks.AbstractQueuedSynchronizer$ConditionObject.await(AbstractQueuedSynchronizer.java:2039)&#10;        at java.util.concurrent.ArrayBlockingQueue.take(ArrayBlockingQueue.java:403)&#10;        at java.util.concurrent.ThreadPoolExecutor.getTask(ThreadPoolExecutor.java:1074)&#10;        at java.util.concurrent.ThreadPoolExecutor.runWorker(ThreadPoolExecutor.java:1134)&#10;        at java.util.concurrent.ThreadPoolExecutor$Worker.run(ThreadPoolExecutor.java:624)&#10;        at java.lang.Thread.run(Thread.java:748)&#10;&quot;pool-258-thread-5&quot;  prio=5 tid=1485 in Object.wait()&#10;java.lang.Thread.State: WAITING (on object monitor)&#10;        at sun.misc.Unsafe.park(Native Method)&#10;        at java.util.concurrent.locks.LockSupport.park(LockSupport.java:175)&#10;        at java.util.concurrent.locks.AbstractQueuedSynchronizer$ConditionObject.await(AbstractQueuedSynchronizer.java:2039)&#10;        at java.util.concurrent.ArrayBlockingQueue.take(ArrayBlockingQueue.java:403)&#10;        at java.util.concurrent.ThreadPoolExecutor.getTask(ThreadPoolExecutor.java:1074)&#10;        at java.util.concurrent.ThreadPoolExecutor.runWorker(ThreadPoolExecutor.java:1134)&#10;        at java.util.concurrent.ThreadPoolExecutor$Worker.run(ThreadPoolExecutor.java:624)&#10;        at java.lang.Thread.run(Thread.java:748)&#10;&quot;pool-279-thread-17&quot;  prio=5 tid=1557 in Object.wait()&#10;java.lang.Thread.State: WAITING (on object monitor)&#10;        at sun.misc.Unsafe.park(Native Method)&#10;        at java.util.concurrent.locks.LockSupport.park(LockSupport.java:175)&#10;        at java.util.concurrent.locks.AbstractQueuedSynchronizer$ConditionObject.await(AbstractQueuedSynchronizer.java:2039)&#10;        at java.util.concurrent.ArrayBlockingQueue.take(ArrayBlockingQueue.java:403)&#10;        at java.util.concurrent.ThreadPoolExecutor.getTask(ThreadPoolExecutor.java:1074)&#10;        at java.util.concurrent.ThreadPoolExecutor.runWorker(ThreadPoolExecutor.java:1134)&#10;        at java.util.concurrent.ThreadPoolExecutor$Worker.run(ThreadPoolExecutor.java:624)&#10;        at java.lang.Thread.run(Thread.java:748)&#10;&quot;qtp43402513-1105&quot; daemon prio=5 tid=1105 timed_waiting&#10;java.lang.Thread.State: TIMED_WAITING&#10;        at sun.misc.Unsafe.park(Native Method)&#10;        at java.util.concurrent.locks.LockSupport.parkNanos(LockSupport.java:215)&#10;        at java.util.concurrent.locks.AbstractQueuedSynchronizer$ConditionObject.awaitNanos(AbstractQueuedSynchronizer.java:2078)&#10;        at org.eclipse.jetty.util.BlockingArrayQueue.poll(BlockingArrayQueue.java:392)&#10;        at org.eclipse.jetty.util.thread.QueuedThreadPool.idleJobPoll(QueuedThreadPool.java:563)&#10;        at org.eclipse.jetty.util.thread.QueuedThreadPool.access$800(QueuedThreadPool.java:48)&#10;        at org.eclipse.jetty.util.thread.QueuedThreadPool$2.run(QueuedThreadPool.java:626)&#10;        at java.lang.Thread.run(Thread.java:748)&#10;&quot;pool-279-thread-45&quot;  prio=5 tid=1585 in Object.wait()&#10;java.lang.Thread.State: WAITING (on object monitor)&#10;        at sun.misc.Unsafe.park(Native Method)&#10;        at java.util.concurrent.locks.LockSupport.park(LockSupport.java:175)&#10;        at java.util.concurrent.locks.AbstractQueuedSynchronizer$ConditionObject.await(AbstractQueuedSynchronizer.java:2039)&#10;        at java.util.concurrent.ArrayBlockingQueue.take(ArrayBlockingQueue.java:403)&#10;        at java.util.concurrent.ThreadPoolExecutor.getTask(ThreadPoolExecutor.java:1074)&#10;        at java.util.concurrent.ThreadPoolExecutor.runWorker(ThreadPoolExecutor.java:1134)&#10;        at java.util.concurrent.ThreadPoolExecutor$Worker.run(ThreadPoolExecutor.java:624)&#10;        at java.lang.Thread.run(Thread.java:748)&#10;&quot;pool-258-thread-12&quot;  prio=5 tid=1492 in Object.wait()&#10;java.lang.Thread.State: WAITING (on object monitor)&#10;        at sun.misc.Unsafe.park(Native Method)&#10;        at java.util.concurrent.locks.LockSupport.park(LockSupport.java:175)&#10;        at java.util.concurrent.locks.AbstractQueuedSynchronizer$ConditionObject.await(AbstractQueuedSynchronizer.java:2039)&#10;        at java.util.concurrent.ArrayBlockingQueue.take(ArrayBlockingQueue.java:403)&#10;        at java.util.concurrent.ThreadPoolExecutor.getTask(ThreadPoolExecutor.java:1074)&#10;        at java.util.concurrent.ThreadPoolExecutor.runWorker(ThreadPoolExecutor.java:1134)&#10;        at java.util.concurrent.ThreadPoolExecutor$Worker.run(ThreadPoolExecutor.java:624)&#10;        at java.lang.Thread.run(Thread.java:748)&#10;&quot;pool-269-thread-1&quot;  prio=5 tid=1645 in Object.wait()&#10;java.lang.Thread.State: WAITING (on object monitor)&#10;        at sun.misc.Unsafe.park(Native Method)&#10;        at java.util.concurrent.locks.LockSupport.park(LockSupport.java:175)&#10;        at java.util.concurrent.locks.AbstractQueuedSynchronizer$ConditionObject.await(AbstractQueuedSynchronizer.java:2039)&#10;        at java.util.concurrent.LinkedBlockingQueue.take(LinkedBlockingQueue.java:442)&#10;        at java.util.concurrent.ThreadPoolExecutor.getTask(ThreadPoolExecutor.java:1074)&#10;        at java.util.concurrent.ThreadPoolExecutor.runWorker(ThreadPoolExecutor.java:1134)&#10;        at java.util.concurrent.ThreadPoolExecutor$Worker.run(ThreadPoolExecutor.java:624)&#10;        at java.lang.Thread.run(Thread.java:748)&#10;&quot;pool-172-thread-1&quot; daemon prio=5 tid=1063 timed_waiting&#10;java.lang.Thread.State: TIMED_WAITING&#10;        at sun.misc.Unsafe.park(Native Method)&#10;        at java.util.concurrent.locks.LockSupport.parkNanos(LockSupport.java:215)&#10;        at java.util.concurrent.locks.AbstractQueuedSynchronizer$ConditionObject.awaitNanos(AbstractQueuedSynchronizer.java:2078)&#10;        at java.util.concurrent.ScheduledThreadPoolExecutor$DelayedWorkQueue.take(ScheduledThreadPoolExecutor.java:1093)&#10;        at java.util.concurrent.ScheduledThreadPoolExecutor$DelayedWorkQueue.take(ScheduledThreadPoolExecutor.java:809)&#10;        at java.util.concurrent.ThreadPoolExecutor.getTask(ThreadPoolExecutor.java:1074)&#10;        at java.util.concurrent.ThreadPoolExecutor.runWorker(ThreadPoolExecutor.java:1134)&#10;        at java.util.concurrent.ThreadPoolExecutor$Worker.run(ThreadPoolExecutor.java:624)&#10;        at java.lang.Thread.run(Thread.java:748)&#10;&quot;IPC Server handler 9 on 35612&quot; daemon prio=5 tid=953 timed_waiting&#10;java.lang.Thread.State: TIMED_WAITING&#10;        at sun.misc.Unsafe.park(Native Method)&#10;        at java.util.concurrent.locks.LockSupport.parkNanos(LockSupport.java:215)&#10;        at java.util.concurrent.locks.AbstractQueuedSynchronizer$ConditionObject.awaitNanos(AbstractQueuedSynchronizer.java:2078)&#10;        at java.util.concurrent.LinkedBlockingQueue.poll(LinkedBlockingQueue.java:467)&#10;        at org.apache.hadoop.ipc.CallQueueManager.take(CallQueueManager.java:288)&#10;        at org.apache.hadoop.ipc.Server$Handler.run(Server.java:2668)&#10;&quot;pool-195-thread-22&quot;  prio=5 tid=1322 in Object.wait()&#10;java.lang.Thread.State: WAITING (on object monitor)&#10;        at sun.misc.Unsafe.park(Native Method)&#10;        at java.util.concurrent.locks.LockSupport.park(LockSupport.java:175)&#10;        at java.util.concurrent.locks.AbstractQueuedSynchronizer$ConditionObject.await(AbstractQueuedSynchronizer.java:2039)&#10;        at java.util.concurrent.ArrayBlockingQueue.take(ArrayBlockingQueue.java:403)&#10;        at java.util.concurrent.ThreadPoolExecutor.getTask(ThreadPoolExecutor.java:1074)&#10;        at java.util.concurrent.ThreadPoolExecutor.runWorker(ThreadPoolExecutor.java:1134)&#10;        at java.util.concurrent.ThreadPoolExecutor$Worker.run(ThreadPoolExecutor.java:624)&#10;        at java.lang.Thread.run(Thread.java:748)&#10;&quot;BlockDeletingService#1&quot; daemon prio=5 tid=1127 timed_waiting&#10;java.lang.Thread.State: TIMED_WAITING&#10;        at sun.misc.Unsafe.park(Native Method)&#10;        at java.util.concurrent.locks.LockSupport.parkNanos(LockSupport.java:215)&#10;        at java.util.concurrent.locks.AbstractQueuedSynchronizer$ConditionObject.awaitNanos(AbstractQueuedSynchronizer.java:2078)&#10;        at java.util.concurrent.ScheduledThreadPoolExecutor$DelayedWorkQueue.take(ScheduledThreadPoolExecutor.java:1093)&#10;        at java.util.concurrent.ScheduledThreadPoolExecutor$DelayedWorkQueue.take(ScheduledThreadPoolExecutor.java:809)&#10;        at java.util.concurrent.ThreadPoolExecutor.getTask(ThreadPoolExecutor.java:1074)&#10;        at java.util.concurrent.ThreadPoolExecutor.runWorker(ThreadPoolExecutor.java:1134)&#10;        at java.util.concurrent.ThreadPoolExecutor$Worker.run(ThreadPoolExecutor.java:624)&#10;        at java.lang.Thread.run(Thread.java:748)&#10;&quot;nioEventLoopGroup-8-1&quot;  prio=10 tid=261 runnable&#10;java.lang.Thread.State: RUNNABLE&#10;        at sun.nio.ch.EPollArrayWrapper.epollWait(Native Method)&#10;        at sun.nio.ch.EPollArrayWrapper.poll(EPollArrayWrapper.java:269)&#10;        at sun.nio.ch.EPollSelectorImpl.doSelect(EPollSelectorImpl.java:93)&#10;        at sun.nio.ch.SelectorImpl.lockAndDoSelect(SelectorImpl.java:86)&#10;        at sun.nio.ch.SelectorImpl.select(SelectorImpl.java:97)&#10;        at io.netty.channel.nio.SelectedSelectionKeySetSelector.select(SelectedSelectionKeySetSelector.java:62)&#10;        at io.netty.channel.nio.NioEventLoop.select(NioEventLoop.java:753)&#10;        at io.netty.channel.nio.NioEventLoop.run(NioEventLoop.java:408)&#10;        at io.netty.util.concurrent.SingleThreadEventExecutor$5.run(SingleThreadEventExecutor.java:897)&#10;        at io.netty.util.concurrent.FastThreadLocalRunnable.run(FastThreadLocalRunnable.java:30)&#10;        at java.lang.Thread.run(Thread.java:748)&#10;&quot;pool-258-thread-14&quot;  prio=5 tid=1494 in Object.wait()&#10;java.lang.Thread.State: WAITING (on object monitor)&#10;        at sun.misc.Unsafe.park(Native Method)&#10;        at java.util.concurrent.locks.LockSupport.park(LockSupport.java:175)&#10;        at java.util.concurrent.locks.AbstractQueuedSynchronizer$ConditionObject.await(AbstractQueuedSynchronizer.java:2039)&#10;        at java.util.concurrent.ArrayBlockingQueue.take(ArrayBlockingQueue.java:403)&#10;        at java.util.concurrent.ThreadPoolExecutor.getTask(ThreadPoolExecutor.java:1074)&#10;        at java.util.concurrent.ThreadPoolExecutor.runWorker(ThreadPoolExecutor.java:1134)&#10;        at java.util.concurrent.ThreadPoolExecutor$Worker.run(ThreadPoolExecutor.java:624)&#10;        at java.lang.Thread.run(Thread.java:748)&#10;&quot;IPC Server handler 12 on 42412&quot; daemon prio=5 tid=976 timed_waiting&#10;java.lang.Thread.State: TIMED_WAITING&#10;        at sun.misc.Unsafe.park(Native Method)&#10;        at java.util.concurrent.locks.LockSupport.parkNanos(LockSupport.java:215)&#10;        at java.util.concurrent.locks.AbstractQueuedSynchronizer$ConditionObject.awaitNanos(AbstractQueuedSynchronizer.java:2078)&#10;        at java.util.concurrent.LinkedBlockingQueue.poll(LinkedBlockingQueue.java:467)&#10;        at org.apache.hadoop.ipc.CallQueueManager.take(CallQueueManager.java:288)&#10;        at org.apache.hadoop.ipc.Server$Handler.run(Server.java:2668)&#10;&quot;qtp302256620-1192&quot; daemon prio=5 tid=1192 timed_waiting&#10;java.lang.Thread.State: TIMED_WAITING&#10;        at sun.misc.Unsafe.park(Native Method)&#10;        at java.util.concurrent.locks.LockSupport.parkNanos(LockSupport.java:215)&#10;        at java.util.concurrent.locks.AbstractQueuedSynchronizer$ConditionObject.awaitNanos(AbstractQueuedSynchronizer.java:2078)&#10;        at org.eclipse.jetty.util.BlockingArrayQueue.poll(BlockingArrayQueue.java:392)&#10;        at org.eclipse.jetty.util.thread.QueuedThreadPool.idleJobPoll(QueuedThreadPool.java:563)&#10;        at org.eclipse.jetty.util.thread.QueuedThreadPool.access$800(QueuedThreadPool.java:48)&#10;        at org.eclipse.jetty.util.thread.QueuedThreadPool$2.run(QueuedThreadPool.java:626)&#10;        at java.lang.Thread.run(Thread.java:748)&#10;&quot;pool-195-thread-16&quot;  prio=5 tid=1316 in Object.wait()&#10;java.lang.Thread.State: WAITING (on object monitor)&#10;        at sun.misc.Unsafe.park(Native Method)&#10;        at java.util.concurrent.locks.LockSupport.park(LockSupport.java:175)&#10;        at java.util.concurrent.locks.AbstractQueuedSynchronizer$ConditionObject.await(AbstractQueuedSynchronizer.java:2039)&#10;        at java.util.concurrent.ArrayBlockingQueue.take(ArrayBlockingQueue.java:403)&#10;        at java.util.concurrent.ThreadPoolExecutor.getTask(ThreadPoolExecutor.java:1074)&#10;        at java.util.concurrent.ThreadPoolExecutor.runWorker(ThreadPoolExecutor.java:1134)&#10;        at java.util.concurrent.ThreadPoolExecutor$Worker.run(ThreadPoolExecutor.java:624)&#10;        at java.lang.Thread.run(Thread.java:748)&#10;&quot;pool-195-thread-3&quot;  prio=5 tid=1303 in Object.wait()&#10;java.lang.Thread.State: WAITING (on object monitor)&#10;        at sun.misc.Unsafe.park(Native Method)&#10;        at java.util.concurrent.locks.LockSupport.park(LockSupport.java:175)&#10;        at java.util.concurrent.locks.AbstractQueuedSynchronizer$ConditionObject.await(AbstractQueuedSynchronizer.java:2039)&#10;        at java.util.concurrent.ArrayBlockingQueue.take(ArrayBlockingQueue.java:403)&#10;        at java.util.concurrent.ThreadPoolExecutor.getTask(ThreadPoolExecutor.java:1074)&#10;        at java.util.concurrent.ThreadPoolExecutor.runWorker(ThreadPoolExecutor.java:1134)&#10;        at java.util.concurrent.ThreadPoolExecutor$Worker.run(ThreadPoolExecutor.java:624)&#10;        at java.lang.Thread.run(Thread.java:748)&#10;&quot;pool-258-thread-3&quot;  prio=5 tid=1483 in Object.wait()&#10;java.lang.Thread.State: WAITING (on object monitor)&#10;        at sun.misc.Unsafe.park(Native Method)&#10;        at java.util.concurrent.locks.LockSupport.park(LockSupport.java:175)&#10;        at java.util.concurrent.locks.AbstractQueuedSynchronizer$ConditionObject.await(AbstractQueuedSynchronizer.java:2039)&#10;        at java.util.concurrent.ArrayBlockingQueue.take(ArrayBlockingQueue.java:403)&#10;        at java.util.concurrent.ThreadPoolExecutor.getTask(ThreadPoolExecutor.java:1074)&#10;        at java.util.concurrent.ThreadPoolExecutor.runWorker(ThreadPoolExecutor.java:1134)&#10;        at java.util.concurrent.ThreadPoolExecutor$Worker.run(ThreadPoolExecutor.java:624)&#10;        at java.lang.Thread.run(Thread.java:748)&#10;&quot;pool-294-thread-1&quot;  prio=5 tid=1218 timed_waiting&#10;java.lang.Thread.State: TIMED_WAITING&#10;        at sun.misc.Unsafe.park(Native Method)&#10;        at java.util.concurrent.locks.LockSupport.parkNanos(LockSupport.java:215)&#10;        at java.util.concurrent.locks.AbstractQueuedSynchronizer$ConditionObject.awaitNanos(AbstractQueuedSynchronizer.java:2078)&#10;        at java.util.concurrent.ScheduledThreadPoolExecutor$DelayedWorkQueue.take(ScheduledThreadPoolExecutor.java:1093)&#10;        at java.util.concurrent.ScheduledThreadPoolExecutor$DelayedWorkQueue.take(ScheduledThreadPoolExecutor.java:809)&#10;        at java.util.concurrent.ThreadPoolExecutor.getTask(ThreadPoolExecutor.java:1074)&#10;        at java.util.concurrent.ThreadPoolExecutor.runWorker(ThreadPoolExecutor.java:1134)&#10;        at java.util.concurrent.ThreadPoolExecutor$Worker.run(ThreadPoolExecutor.java:624)&#10;        at java.lang.Thread.run(Thread.java:748)&#10;&quot;IPC Server handler 1 on 36272&quot; daemon prio=5 tid=985 timed_waiting&#10;java.lang.Thread.State: TIMED_WAITING&#10;        at sun.misc.Unsafe.park(Native Method)&#10;        at java.util.concurrent.locks.LockSupport.parkNanos(LockSupport.java:215)&#10;        at java.util.concurrent.locks.AbstractQueuedSynchronizer$ConditionObject.awaitNanos(AbstractQueuedSynchronizer.java:2078)&#10;        at java.util.concurrent.LinkedBlockingQueue.poll(LinkedBlockingQueue.java:467)&#10;        at org.apache.hadoop.ipc.CallQueueManager.take(CallQueueManager.java:288)&#10;        at org.apache.hadoop.ipc.Server$Handler.run(Server.java:2668)&#10;&quot;pool-237-thread-11&quot;  prio=5 tid=1431 in Object.wait()&#10;java.lang.Thread.State: WAITING (on object monitor)&#10;        at sun.misc.Unsafe.park(Native Method)&#10;        at java.util.concurrent.locks.LockSupport.park(LockSupport.java:175)&#10;        at java.util.concurrent.locks.AbstractQueuedSynchronizer$ConditionObject.await(AbstractQueuedSynchronizer.java:2039)&#10;        at java.util.concurrent.ArrayBlockingQueue.take(ArrayBlockingQueue.java:403)&#10;        at java.util.concurrent.ThreadPoolExecutor.getTask(ThreadPoolExecutor.java:1074)&#10;        at java.util.concurrent.ThreadPoolExecutor.runWorker(ThreadPoolExecutor.java:1134)&#10;        at java.util.concurrent.ThreadPoolExecutor$Worker.run(ThreadPoolExecutor.java:624)&#10;        at java.lang.Thread.run(Thread.java:748)&#10;&quot;pool-237-thread-9&quot;  prio=5 tid=1429 in Object.wait()&#10;java.lang.Thread.State: WAITING (on object monitor)&#10;        at sun.misc.Unsafe.park(Native Method)&#10;        at java.util.concurrent.locks.LockSupport.park(LockSupport.java:175)&#10;        at java.util.concurrent.locks.AbstractQueuedSynchronizer$ConditionObject.await(AbstractQueuedSynchronizer.java:2039)&#10;        at java.util.concurrent.ArrayBlockingQueue.take(ArrayBlockingQueue.java:403)&#10;        at java.util.concurrent.ThreadPoolExecutor.getTask(ThreadPoolExecutor.java:1074)&#10;        at java.util.concurrent.ThreadPoolExecutor.runWorker(ThreadPoolExecutor.java:1134)&#10;        at java.util.concurrent.ThreadPoolExecutor$Worker.run(ThreadPoolExecutor.java:624)&#10;        at java.lang.Thread.run(Thread.java:748)&#10;&quot;IPC Server handler 14 on 36683&quot; daemon prio=5 tid=1040 timed_waiting&#10;java.lang.Thread.State: TIMED_WAITING&#10;        at sun.misc.Unsafe.park(Native Method)&#10;        at java.util.concurrent.locks.LockSupport.parkNanos(LockSupport.java:215)&#10;        at java.util.concurrent.locks.AbstractQueuedSynchronizer$ConditionObject.awaitNanos(AbstractQueuedSynchronizer.java:2078)&#10;        at java.util.concurrent.LinkedBlockingQueue.poll(LinkedBlockingQueue.java:467)&#10;        at org.apache.hadoop.ipc.CallQueueManager.take(CallQueueManager.java:288)&#10;        at org.apache.hadoop.ipc.Server$Handler.run(Server.java:2668)&#10;&quot;pool-216-thread-52&quot;  prio=5 tid=1412 in Object.wait()&#10;java.lang.Thread.State: WAITING (on object monitor)&#10;        at sun.misc.Unsafe.park(Native Method)&#10;        at java.util.concurrent.locks.LockSupport.park(LockSupport.java:175)&#10;        at java.util.concurrent.locks.AbstractQueuedSynchronizer$ConditionObject.await(AbstractQueuedSynchronizer.java:2039)&#10;        at java.util.concurrent.ArrayBlockingQueue.take(ArrayBlockingQueue.java:403)&#10;        at java.util.concurrent.ThreadPoolExecutor.getTask(ThreadPoolExecutor.java:1074)&#10;        at java.util.concurrent.ThreadPoolExecutor.runWorker(ThreadPoolExecutor.java:1134)&#10;        at java.util.concurrent.ThreadPoolExecutor$Worker.run(ThreadPoolExecutor.java:624)&#10;        at java.lang.Thread.run(Thread.java:748)&#10;&quot;IPC Server handler 5 on 35612&quot; daemon prio=5 tid=949 timed_waiting&#10;java.lang.Thread.State: TIMED_WAITING&#10;        at sun.misc.Unsafe.park(Native Method)&#10;        at java.util.concurrent.locks.LockSupport.parkNanos(LockSupport.java:215)&#10;        at java.util.concurrent.locks.AbstractQueuedSynchronizer$ConditionObject.awaitNanos(AbstractQueuedSynchronizer.java:2078)&#10;        at java.util.concurrent.LinkedBlockingQueue.poll(LinkedBlockingQueue.java:467)&#10;        at org.apache.hadoop.ipc.CallQueueManager.take(CallQueueManager.java:288)&#10;        at org.apache.hadoop.ipc.Server$Handler.run(Server.java:2668)&#10;&quot;pool-174-thread-43&quot;  prio=5 tid=1282 in Object.wait()&#10;java.lang.Thread.State: WAITING (on object monitor)&#10;        at sun.misc.Unsafe.park(Native Method)&#10;        at java.util.concurrent.locks.LockSupport.park(LockSupport.java:175)&#10;        at java.util.concurrent.locks.AbstractQueuedSynchronizer$ConditionObject.await(AbstractQueuedSynchronizer.java:2039)&#10;        at java.util.concurrent.ArrayBlockingQueue.take(ArrayBlockingQueue.java:403)&#10;        at java.util.concurrent.ThreadPoolExecutor.getTask(ThreadPoolExecutor.java:1074)&#10;        at java.util.concurrent.ThreadPoolExecutor.runWorker(ThreadPoolExecutor.java:1134)&#10;        at java.util.concurrent.ThreadPoolExecutor$Worker.run(ThreadPoolExecutor.java:624)&#10;        at java.lang.Thread.run(Thread.java:748)&#10;&quot;IPC Server handler 2 on 36272&quot; daemon prio=5 tid=986 timed_waiting&#10;java.lang.Thread.State: TIMED_WAITING&#10;        at sun.misc.Unsafe.park(Native Method)&#10;        at java.util.concurrent.locks.LockSupport.parkNanos(LockSupport.java:215)&#10;        at java.util.concurrent.locks.AbstractQueuedSynchronizer$ConditionObject.awaitNanos(AbstractQueuedSynchronizer.java:2078)&#10;        at java.util.concurrent.LinkedBlockingQueue.poll(LinkedBlockingQueue.java:467)&#10;        at org.apache.hadoop.ipc.CallQueueManager.take(CallQueueManager.java:288)&#10;        at org.apache.hadoop.ipc.Server$Handler.run(Server.java:2668)&#10;&quot;Datanode State Machine Thread - 0&quot; daemon prio=5 tid=1141 timed_waiting&#10;java.lang.Thread.State: TIMED_WAITING&#10;        at java.lang.Thread.sleep(Native Method)&#10;        at org.apache.hadoop.ozone.container.common.statemachine.DatanodeStateMachine.start(DatanodeStateMachine.java:191)&#10;        at org.apache.hadoop.ozone.container.common.statemachine.DatanodeStateMachine.lambda$startDaemon$0(DatanodeStateMachine.java:349)&#10;        at org.apache.hadoop.ozone.container.common.statemachine.DatanodeStateMachine$$Lambda$143/327170708.run(Unknown Source)&#10;        at java.lang.Thread.run(Thread.java:748)&#10;&quot;IPC Server handler 18 on 36272&quot; daemon prio=5 tid=1002 timed_waiting&#10;java.lang.Thread.State: TIMED_WAITING&#10;        at sun.misc.Unsafe.park(Native Method)&#10;        at java.util.concurrent.locks.LockSupport.parkNanos(LockSupport.java:215)&#10;        at java.util.concurrent.locks.AbstractQueuedSynchronizer$ConditionObject.awaitNanos(AbstractQueuedSynchronizer.java:2078)&#10;        at java.util.concurrent.LinkedBlockingQueue.poll(LinkedBlockingQueue.java:467)&#10;        at org.apache.hadoop.ipc.CallQueueManager.take(CallQueueManager.java:288)&#10;        at org.apache.hadoop.ipc.Server$Handler.run(Server.java:2668)&#10;&quot;org.eclipse.jetty.server.session.HashSessionManager@646cb2eTimer&quot; daemon prio=5 tid=1227 timed_waiting&#10;java.lang.Thread.State: TIMED_WAITING&#10;        at sun.misc.Unsafe.park(Native Method)&#10;        at java.util.concurrent.locks.LockSupport.parkNanos(LockSupport.java:215)&#10;        at java.util.concurrent.locks.AbstractQueuedSynchronizer$ConditionObject.awaitNanos(AbstractQueuedSynchronizer.java:2078)&#10;        at java.util.concurrent.ScheduledThreadPoolExecutor$DelayedWorkQueue.take(ScheduledThreadPoolExecutor.java:1093)&#10;        at java.util.concurrent.ScheduledThreadPoolExecutor$DelayedWorkQueue.take(ScheduledThreadPoolExecutor.java:809)&#10;        at java.util.concurrent.ThreadPoolExecutor.getTask(ThreadPoolExecutor.java:1074)&#10;        at java.util.concurrent.ThreadPoolExecutor.runWorker(ThreadPoolExecutor.java:1134)&#10;        at java.util.concurrent.ThreadPoolExecutor$Worker.run(ThreadPoolExecutor.java:624)&#10;        at java.lang.Thread.run(Thread.java:748)&#10;&quot;qtp649827042-1072&quot; daemon prio=5 tid=1072 timed_waiting&#10;java.lang.Thread.State: TIMED_WAITING&#10;        at sun.misc.Unsafe.park(Native Method)&#10;        at java.util.concurrent.locks.LockSupport.parkNanos(LockSupport.java:215)&#10;        at java.util.concurrent.locks.AbstractQueuedSynchronizer$ConditionObject.awaitNanos(AbstractQueuedSynchronizer.java:2078)&#10;        at org.eclipse.jetty.util.BlockingArrayQueue.poll(BlockingArrayQueue.java:392)&#10;        at org.eclipse.jetty.util.thread.QueuedThreadPool.idleJobPoll(QueuedThreadPool.java:563)&#10;        at org.eclipse.jetty.util.thread.QueuedThreadPool.access$800(QueuedThreadPool.java:48)&#10;        at org.eclipse.jetty.util.thread.QueuedThreadPool$2.run(QueuedThreadPool.java:626)&#10;        at java.lang.Thread.run(Thread.java:748)&#10;&quot;IPC Server listener on 42412&quot; daemon prio=5 tid=933 runnable&#10;java.lang.Thread.State: RUNNABLE&#10;        at sun.nio.ch.EPollArrayWrapper.epollWait(Native Method)&#10;        at sun.nio.ch.EPollArrayWrapper.poll(EPollArrayWrapper.java:269)&#10;        at sun.nio.ch.EPollSelectorImpl.doSelect(EPollSelectorImpl.java:93)&#10;        at sun.nio.ch.SelectorImpl.lockAndDoSelect(SelectorImpl.java:86)&#10;        at sun.nio.ch.SelectorImpl.select(SelectorImpl.java:97)&#10;        at sun.nio.ch.SelectorImpl.select(SelectorImpl.java:101)&#10;        at org.apache.hadoop.ipc.Server$Listener.run(Server.java:1159)&#10;&quot;pool-195-thread-33&quot;  prio=5 tid=1333 in Object.wait()&#10;java.lang.Thread.State: WAITING (on object monitor)&#10;        at sun.misc.Unsafe.park(Native Method)&#10;        at java.util.concurrent.locks.LockSupport.park(LockSupport.java:175)&#10;        at java.util.concurrent.locks.AbstractQueuedSynchronizer$ConditionObject.await(AbstractQueuedSynchronizer.java:2039)&#10;        at java.util.concurrent.ArrayBlockingQueue.take(ArrayBlockingQueue.java:403)&#10;        at java.util.concurrent.ThreadPoolExecutor.getTask(ThreadPoolExecutor.java:1074)&#10;        at java.util.concurrent.ThreadPoolExecutor.runWorker(ThreadPoolExecutor.java:1134)&#10;        at java.util.concurrent.ThreadPoolExecutor$Worker.run(ThreadPoolExecutor.java:624)&#10;        at java.lang.Thread.run(Thread.java:748)&#10;&quot;pool-231-thread-1&quot;  prio=5 tid=1128 timed_waiting&#10;java.lang.Thread.State: TIMED_WAITING&#10;        at sun.misc.Unsafe.park(Native Method)&#10;        at java.util.concurrent.locks.LockSupport.parkNanos(LockSupport.java:215)&#10;        at java.util.concurrent.locks.AbstractQueuedSynchronizer$ConditionObject.awaitNanos(AbstractQueuedSynchronizer.java:2078)&#10;        at java.util.concurrent.ScheduledThreadPoolExecutor$DelayedWorkQueue.take(ScheduledThreadPoolExecutor.java:1093)&#10;        at java.util.concurrent.ScheduledThreadPoolExecutor$DelayedWorkQueue.take(ScheduledThreadPoolExecutor.java:809)&#10;        at java.util.concurrent.ThreadPoolExecutor.getTask(ThreadPoolExecutor.java:1074)&#10;        at java.util.concurrent.ThreadPoolExecutor.runWorker(ThreadPoolExecutor.java:1134)&#10;        at java.util.concurrent.ThreadPoolExecutor$Worker.run(ThreadPoolExecutor.java:624)&#10;        at java.lang.Thread.run(Thread.java:748)&#10;&quot;pool-216-thread-54&quot;  prio=5 tid=1414 in Object.wait()&#10;java.lang.Thread.State: WAITING (on object monitor)&#10;        at sun.misc.Unsafe.park(Native Method)&#10;        at java.util.concurrent.locks.LockSupport.park(LockSupport.java:175)&#10;        at java.util.concurrent.locks.AbstractQueuedSynchronizer$ConditionObject.await(AbstractQueuedSynchronizer.java:2039)&#10;        at java.util.concurrent.ArrayBlockingQueue.take(ArrayBlockingQueue.java:403)&#10;        at java.util.concurrent.ThreadPoolExecutor.getTask(ThreadPoolExecutor.java:1074)&#10;        at java.util.concurrent.ThreadPoolExecutor.runWorker(ThreadPoolExecutor.java:1134)&#10;        at java.util.concurrent.ThreadPoolExecutor$Worker.run(ThreadPoolExecutor.java:624)&#10;        at java.lang.Thread.run(Thread.java:748)&#10;&quot;pool-279-thread-26&quot;  prio=5 tid=1566 in Object.wait()&#10;java.lang.Thread.State: WAITING (on object monitor)&#10;        at sun.misc.Unsafe.park(Native Method)&#10;        at java.util.concurrent.locks.LockSupport.park(LockSupport.java:175)&#10;        at java.util.concurrent.locks.AbstractQueuedSynchronizer$ConditionObject.await(AbstractQueuedSynchronizer.java:2039)&#10;        at java.util.concurrent.ArrayBlockingQueue.take(ArrayBlockingQueue.java:403)&#10;        at java.util.concurrent.ThreadPoolExecutor.getTask(ThreadPoolExecutor.java:1074)&#10;        at java.util.concurrent.ThreadPoolExecutor.runWorker(ThreadPoolExecutor.java:1134)&#10;        at java.util.concurrent.ThreadPoolExecutor$Worker.run(ThreadPoolExecutor.java:624)&#10;        at java.lang.Thread.run(Thread.java:748)&#10;&quot;pool-279-thread-6&quot;  prio=5 tid=1546 in Object.wait()&#10;java.lang.Thread.State: WAITING (on object monitor)&#10;        at sun.misc.Unsafe.park(Native Method)&#10;        at java.util.concurrent.locks.LockSupport.park(LockSupport.java:175)&#10;        at java.util.concurrent.locks.AbstractQueuedSynchronizer$ConditionObject.await(AbstractQueuedSynchronizer.java:2039)&#10;        at java.util.concurrent.ArrayBlockingQueue.take(ArrayBlockingQueue.java:403)&#10;        at java.util.concurrent.ThreadPoolExecutor.getTask(ThreadPoolExecutor.java:1074)&#10;        at java.util.concurrent.ThreadPoolExecutor.runWorker(ThreadPoolExecutor.java:1134)&#10;        at java.util.concurrent.ThreadPoolExecutor$Worker.run(ThreadPoolExecutor.java:624)&#10;        at java.lang.Thread.run(Thread.java:748)&#10;&quot;BlockDeletingService#1&quot; daemon prio=5 tid=1187 timed_waiting&#10;java.lang.Thread.State: TIMED_WAITING&#10;        at sun.misc.Unsafe.park(Native Method)&#10;        at java.util.concurrent.locks.LockSupport.parkNanos(LockSupport.java:215)&#10;        at java.util.concurrent.locks.AbstractQueuedSynchronizer$ConditionObject.awaitNanos(AbstractQueuedSynchronizer.java:2078)&#10;        at java.util.concurrent.ScheduledThreadPoolExecutor$DelayedWorkQueue.take(ScheduledThreadPoolExecutor.java:1093)&#10;        at java.util.concurrent.ScheduledThreadPoolExecutor$DelayedWorkQueue.take(ScheduledThreadPoolExecutor.java:809)&#10;        at java.util.concurrent.ThreadPoolExecutor.getTask(ThreadPoolExecutor.java:1074)&#10;        at java.util.concurrent.ThreadPoolExecutor.runWorker(ThreadPoolExecutor.java:1134)&#10;        at java.util.concurrent.ThreadPoolExecutor$Worker.run(ThreadPoolExecutor.java:624)&#10;        at java.lang.Thread.run(Thread.java:748)&#10;&quot;pool-216-thread-19&quot;  prio=5 tid=1379 in Object.wait()&#10;java.lang.Thread.State: WAITING (on object monitor)&#10;        at sun.misc.Unsafe.park(Native Method)&#10;        at java.util.concurrent.locks.LockSupport.park(LockSupport.java:175)&#10;        at java.util.concurrent.locks.AbstractQueuedSynchronizer$ConditionObject.await(AbstractQueuedSynchronizer.java:2039)&#10;        at java.util.concurrent.ArrayBlockingQueue.take(ArrayBlockingQueue.java:403)&#10;        at java.util.concurrent.ThreadPoolExecutor.getTask(ThreadPoolExecutor.java:1074)&#10;        at java.util.concurrent.ThreadPoolExecutor.runWorker(ThreadPoolExecutor.java:1134)&#10;        at java.util.concurrent.ThreadPoolExecutor$Worker.run(ThreadPoolExecutor.java:624)&#10;        at java.lang.Thread.run(Thread.java:748)&#10;&quot;IPC Server handler 13 on 42412&quot; daemon prio=5 tid=977 timed_waiting&#10;java.lang.Thread.State: TIMED_WAITING&#10;        at sun.misc.Unsafe.park(Native Method)&#10;        at java.util.concurrent.locks.LockSupport.parkNanos(LockSupport.java:215)&#10;        at java.util.concurrent.locks.AbstractQueuedSynchronizer$ConditionObject.awaitNanos(AbstractQueuedSynchronizer.java:2078)&#10;        at java.util.concurrent.LinkedBlockingQueue.poll(LinkedBlockingQueue.java:467)&#10;        at org.apache.hadoop.ipc.CallQueueManager.take(CallQueueManager.java:288)&#10;        at org.apache.hadoop.ipc.Server$Handler.run(Server.java:2668)&#10;&quot;pool-279-thread-34&quot;  prio=5 tid=1574 in Object.wait()&#10;java.lang.Thread.State: WAITING (on object monitor)&#10;        at sun.misc.Unsafe.park(Native Method)&#10;        at java.util.concurrent.locks.LockSupport.park(LockSupport.java:175)&#10;        at java.util.concurrent.locks.AbstractQueuedSynchronizer$ConditionObject.await(AbstractQueuedSynchronizer.java:2039)&#10;        at java.util.concurrent.ArrayBlockingQueue.take(ArrayBlockingQueue.java:403)&#10;        at java.util.concurrent.ThreadPoolExecutor.getTask(ThreadPoolExecutor.java:1074)&#10;        at java.util.concurrent.ThreadPoolExecutor.runWorker(ThreadPoolExecutor.java:1134)&#10;        at java.util.concurrent.ThreadPoolExecutor$Worker.run(ThreadPoolExecutor.java:624)&#10;        at java.lang.Thread.run(Thread.java:748)&#10;&quot;pool-185-thread-1&quot;  prio=5 tid=1610 in Object.wait()&#10;java.lang.Thread.State: WAITING (on object monitor)&#10;        at sun.misc.Unsafe.park(Native Method)&#10;        at java.util.concurrent.locks.LockSupport.park(LockSupport.java:175)&#10;        at java.util.concurrent.locks.AbstractQueuedSynchronizer$ConditionObject.await(AbstractQueuedSynchronizer.java:2039)&#10;        at java.util.concurrent.LinkedBlockingQueue.take(LinkedBlockingQueue.java:442)&#10;        at java.util.concurrent.ThreadPoolExecutor.getTask(ThreadPoolExecutor.java:1074)&#10;        at java.util.concurrent.ThreadPoolExecutor.runWorker(ThreadPoolExecutor.java:1134)&#10;        at java.util.concurrent.ThreadPoolExecutor$Worker.run(ThreadPoolExecutor.java:624)&#10;        at java.lang.Thread.run(Thread.java:748)&#10;&quot;qtp2037147839-1048-acceptor-0@664785b5-ServerConnector@3e151e1f{HTTP/1.1,[http/1.1]}{0.0.0.0:36840}&quot; daemon prio=3 tid=1048 runnable&#10;java.lang.Thread.State: RUNNABLE&#10;        at sun.nio.ch.ServerSocketChannelImpl.accept0(Native Method)&#10;        at sun.nio.ch.ServerSocketChannelImpl.accept(ServerSocketChannelImpl.java:422)&#10;        at sun.nio.ch.ServerSocketChannelImpl.accept(ServerSocketChannelImpl.java:250)&#10;        at org.eclipse.jetty.server.ServerConnector.accept(ServerConnector.java:397)&#10;        at org.eclipse.jetty.server.AbstractConnector$Acceptor.run(AbstractConnector.java:601)&#10;        at org.eclipse.jetty.util.thread.QueuedThreadPool.runJob(QueuedThreadPool.java:671)&#10;        at org.eclipse.jetty.util.thread.QueuedThreadPool$2.run(QueuedThreadPool.java:589)&#10;        at java.lang.Thread.run(Thread.java:748)&#10;&quot;pool-279-thread-53&quot;  prio=5 tid=1593 in Object.wait()&#10;java.lang.Thread.State: WAITING (on object monitor)&#10;        at sun.misc.Unsafe.park(Native Method)&#10;        at java.util.concurrent.locks.LockSupport.park(LockSupport.java:175)&#10;        at java.util.concurrent.locks.AbstractQueuedSynchronizer$ConditionObject.await(AbstractQueuedSynchronizer.java:2039)&#10;        at java.util.concurrent.ArrayBlockingQueue.take(ArrayBlockingQueue.java:403)&#10;        at java.util.concurrent.ThreadPoolExecutor.getTask(ThreadPoolExecutor.java:1074)&#10;        at java.util.concurrent.ThreadPoolExecutor.runWorker(ThreadPoolExecutor.java:1134)&#10;        at java.util.concurrent.ThreadPoolExecutor$Worker.run(ThreadPoolExecutor.java:624)&#10;        at java.lang.Thread.run(Thread.java:748)&#10;&quot;pool-279-thread-38&quot;  prio=5 tid=1578 in Object.wait()&#10;java.lang.Thread.State: WAITING (on object monitor)&#10;        at sun.misc.Unsafe.park(Native Method)&#10;        at java.util.concurrent.locks.LockSupport.park(LockSupport.java:175)&#10;        at java.util.concurrent.locks.AbstractQueuedSynchronizer$ConditionObject.await(AbstractQueuedSynchronizer.java:2039)&#10;        at java.util.concurrent.ArrayBlockingQueue.take(ArrayBlockingQueue.java:403)&#10;        at java.util.concurrent.ThreadPoolExecutor.getTask(ThreadPoolExecutor.java:1074)&#10;        at java.util.concurrent.ThreadPoolExecutor.runWorker(ThreadPoolExecutor.java:1134)&#10;        at java.util.concurrent.ThreadPoolExecutor$Worker.run(ThreadPoolExecutor.java:624)&#10;        at java.lang.Thread.run(Thread.java:748)&#10;&quot;IPC Server handler 15 on 36683&quot; daemon prio=5 tid=1041 timed_waiting&#10;java.lang.Thread.State: TIMED_WAITING&#10;        at sun.misc.Unsafe.park(Native Method)&#10;        at java.util.concurrent.locks.LockSupport.parkNanos(LockSupport.java:215)&#10;        at java.util.concurrent.locks.AbstractQueuedSynchronizer$ConditionObject.awaitNanos(AbstractQueuedSynchronizer.java:2078)&#10;        at java.util.concurrent.LinkedBlockingQueue.poll(LinkedBlockingQueue.java:467)&#10;        at org.apache.hadoop.ipc.CallQueueManager.take(CallQueueManager.java:288)&#10;        at org.apache.hadoop.ipc.Server$Handler.run(Server.java:2668)&#10;&quot;pool-216-thread-4&quot;  prio=5 tid=1364 in Object.wait()&#10;java.lang.Thread.State: WAITING (on object monitor)&#10;        at sun.misc.Unsafe.park(Native Method)&#10;        at java.util.concurrent.locks.LockSupport.park(LockSupport.java:175)&#10;        at java.util.concurrent.locks.AbstractQueuedSynchronizer$ConditionObject.await(AbstractQueuedSynchronizer.java:2039)&#10;        at java.util.concurrent.ArrayBlockingQueue.take(ArrayBlockingQueue.java:403)&#10;        at java.util.concurrent.ThreadPoolExecutor.getTask(ThreadPoolExecutor.java:1074)&#10;        at java.util.concurrent.ThreadPoolExecutor.runWorker(ThreadPoolExecutor.java:1134)&#10;        at java.util.concurrent.ThreadPoolExecutor$Worker.run(ThreadPoolExecutor.java:624)&#10;        at java.lang.Thread.run(Thread.java:748)&#10;&quot;Datanode State Machine Thread - 0&quot; daemon prio=5 tid=1180 timed_waiting&#10;java.lang.Thread.State: TIMED_WAITING&#10;        at sun.misc.Unsafe.park(Native Method)&#10;        at java.util.concurrent.locks.LockSupport.parkNanos(LockSupport.java:215)&#10;        at java.util.concurrent.SynchronousQueue$TransferStack.awaitFulfill(SynchronousQueue.java:460)&#10;        at java.util.concurrent.SynchronousQueue$TransferStack.transfer(SynchronousQueue.java:362)&#10;        at java.util.concurrent.SynchronousQueue.poll(SynchronousQueue.java:941)&#10;        at java.util.concurrent.ThreadPoolExecutor.getTask(ThreadPoolExecutor.java:1073)&#10;        at java.util.concurrent.ThreadPoolExecutor.runWorker(ThreadPoolExecutor.java:1134)&#10;        at java.util.concurrent.ThreadPoolExecutor$Worker.run(ThreadPoolExecutor.java:624)&#10;        at java.lang.Thread.run(Thread.java:748)&#10;&quot;pool-279-thread-31&quot;  prio=5 tid=1571 in Object.wait()&#10;java.lang.Thread.State: WAITING (on object monitor)&#10;        at sun.misc.Unsafe.park(Native Method)&#10;        at java.util.concurrent.locks.LockSupport.park(LockSupport.java:175)&#10;        at java.util.concurrent.locks.AbstractQueuedSynchronizer$ConditionObject.await(AbstractQueuedSynchronizer.java:2039)&#10;        at java.util.concurrent.ArrayBlockingQueue.take(ArrayBlockingQueue.java:403)&#10;        at java.util.concurrent.ThreadPoolExecutor.getTask(ThreadPoolExecutor.java:1074)&#10;        at java.util.concurrent.ThreadPoolExecutor.runWorker(ThreadPoolExecutor.java:1134)&#10;        at java.util.concurrent.ThreadPoolExecutor$Worker.run(ThreadPoolExecutor.java:624)&#10;        at java.lang.Thread.run(Thread.java:748)&#10;&quot;BlockDeletingService#2&quot; daemon prio=5 tid=1841 in Object.wait()&#10;java.lang.Thread.State: WAITING (on object monitor)&#10;        at sun.misc.Unsafe.park(Native Method)&#10;        at java.util.concurrent.locks.LockSupport.park(LockSupport.java:175)&#10;        at java.util.concurrent.locks.AbstractQueuedSynchronizer$ConditionObject.await(AbstractQueuedSynchronizer.java:2039)&#10;        at java.util.concurrent.ScheduledThreadPoolExecutor$DelayedWorkQueue.take(ScheduledThreadPoolExecutor.java:1088)&#10;        at java.util.concurrent.ScheduledThreadPoolExecutor$DelayedWorkQueue.take(ScheduledThreadPoolExecutor.java:809)&#10;        at java.util.concurrent.ThreadPoolExecutor.getTask(ThreadPoolExecutor.java:1074)&#10;        at java.util.concurrent.ThreadPoolExecutor.runWorker(ThreadPoolExecutor.java:1134)&#10;        at java.util.concurrent.ThreadPoolExecutor$Worker.run(ThreadPoolExecutor.java:624)&#10;        at java.lang.Thread.run(Thread.java:748)&#10;&quot;qtp1842314090-1133&quot; daemon prio=5 tid=1133 timed_waiting&#10;java.lang.Thread.State: TIMED_WAITING&#10;        at sun.misc.Unsafe.park(Native Method)&#10;        at java.util.concurrent.locks.LockSupport.parkNanos(LockSupport.java:215)&#10;        at java.util.concurrent.locks.AbstractQueuedSynchronizer$ConditionObject.awaitNanos(AbstractQueuedSynchronizer.java:2078)&#10;        at org.eclipse.jetty.util.BlockingArrayQueue.poll(BlockingArrayQueue.java:392)&#10;        at org.eclipse.jetty.util.thread.QueuedThreadPool.idleJobPoll(QueuedThreadPool.java:563)&#10;        at org.eclipse.jetty.util.thread.QueuedThreadPool.access$800(QueuedThreadPool.java:48)&#10;        at org.eclipse.jetty.util.thread.QueuedThreadPool$2.run(QueuedThreadPool.java:626)&#10;        at java.lang.Thread.run(Thread.java:748)&#10;&quot;pool-237-thread-35&quot;  prio=5 tid=1455 in Object.wait()&#10;java.lang.Thread.State: WAITING (on object monitor)&#10;        at sun.misc.Unsafe.park(Native Method)&#10;        at java.util.concurrent.locks.LockSupport.park(LockSupport.java:175)&#10;        at java.util.concurrent.locks.AbstractQueuedSynchronizer$ConditionObject.await(AbstractQueuedSynchronizer.java:2039)&#10;        at java.util.concurrent.ArrayBlockingQueue.take(ArrayBlockingQueue.java:403)&#10;        at java.util.concurrent.ThreadPoolExecutor.getTask(ThreadPoolExecutor.java:1074)&#10;        at java.util.concurrent.ThreadPoolExecutor.runWorker(ThreadPoolExecutor.java:1134)&#10;        at java.util.concurrent.ThreadPoolExecutor$Worker.run(ThreadPoolExecutor.java:624)&#10;        at java.lang.Thread.run(Thread.java:748)&#10;&quot;pool-258-thread-31&quot;  prio=5 tid=1511 in Object.wait()&#10;java.lang.Thread.State: WAITING (on object monitor)&#10;        at sun.misc.Unsafe.park(Native Method)&#10;        at java.util.concurrent.locks.LockSupport.park(LockSupport.java:175)&#10;        at java.util.concurrent.locks.AbstractQueuedSynchronizer$ConditionObject.await(AbstractQueuedSynchronizer.java:2039)&#10;        at java.util.concurrent.ArrayBlockingQueue.take(ArrayBlockingQueue.java:403)&#10;        at java.util.concurrent.ThreadPoolExecutor.getTask(ThreadPoolExecutor.java:1074)&#10;        at java.util.concurrent.ThreadPoolExecutor.runWorker(ThreadPoolExecutor.java:1134)&#10;        at java.util.concurrent.ThreadPoolExecutor$Worker.run(ThreadPoolExecutor.java:624)&#10;        at java.lang.Thread.run(Thread.java:748)&#10;&quot;IPC Server handler 11 on 35612&quot; daemon prio=5 tid=955 timed_waiting&#10;java.lang.Thread.State: TIMED_WAITING&#10;        at sun.misc.Unsafe.park(Native Method)&#10;        at java.util.concurrent.locks.LockSupport.parkNanos(LockSupport.java:215)&#10;        at java.util.concurrent.locks.AbstractQueuedSynchronizer$ConditionObject.awaitNanos(AbstractQueuedSynchronizer.java:2078)&#10;        at java.util.concurrent.LinkedBlockingQueue.poll(LinkedBlockingQueue.java:467)&#10;        at org.apache.hadoop.ipc.CallQueueManager.take(CallQueueManager.java:288)&#10;        at org.apache.hadoop.ipc.Server$Handler.run(Server.java:2668)&#10;&quot;482e7165-fe12-46cd-a701-6952c6a65481-SegmentedRaftLogWorker:Storage Directory /tmp/workdir/hadoop-ozone/integration-test/target/test-dir/MiniOzoneClusterImpl-d6a8514b-9f5a-4ec7-be91-cc3589120d34/datanode-2/data/ratis/618fcf68-b8f8-4a83-876e-113666e17b52&quot;  prio=5 tid=1622 timed_waiting&#10;java.lang.Thread.State: TIMED_WAITING&#10;        at sun.misc.Unsafe.park(Native Method)&#10;        at java.util.concurrent.locks.LockSupport.parkNanos(LockSupport.java:215)&#10;        at java.util.concurrent.locks.AbstractQueuedSynchronizer$ConditionObject.awaitNanos(AbstractQueuedSynchronizer.java:2078)&#10;        at org.apache.ratis.util.DataBlockingQueue.poll(DataBlockingQueue.java:137)&#10;        at org.apache.ratis.server.raftlog.segmented.SegmentedRaftLogWorker.run(SegmentedRaftLogWorker.java:283)&#10;        at java.lang.Thread.run(Thread.java:748)&#10;&quot;pool-279-thread-50&quot;  prio=5 tid=1590 in Object.wait()&#10;java.lang.Thread.State: WAITING (on object monitor)&#10;        at sun.misc.Unsafe.park(Native Method)&#10;        at java.util.concurrent.locks.LockSupport.park(LockSupport.java:175)&#10;        at java.util.concurrent.locks.AbstractQueuedSynchronizer$ConditionObject.await(AbstractQueuedSynchronizer.java:2039)&#10;        at java.util.concurrent.ArrayBlockingQueue.take(ArrayBlockingQueue.java:403)&#10;        at java.util.concurrent.ThreadPoolExecutor.getTask(ThreadPoolExecutor.java:1074)&#10;        at java.util.concurrent.ThreadPoolExecutor.runWorker(ThreadPoolExecutor.java:1134)&#10;        at java.util.concurrent.ThreadPoolExecutor$Worker.run(ThreadPoolExecutor.java:624)&#10;        at java.lang.Thread.run(Thread.java:748)&#10;&quot;pool-174-thread-53&quot;  prio=5 tid=1292 in Object.wait()&#10;java.lang.Thread.State: WAITING (on object monitor)&#10;        at sun.misc.Unsafe.park(Native Method)&#10;        at java.util.concurrent.locks.LockSupport.park(LockSupport.java:175)&#10;        at java.util.concurrent.locks.AbstractQueuedSynchronizer$ConditionObject.await(AbstractQueuedSynchronizer.java:2039)&#10;        at java.util.concurrent.ArrayBlockingQueue.take(ArrayBlockingQueue.java:403)&#10;        at java.util.concurrent.ThreadPoolExecutor.getTask(ThreadPoolExecutor.java:1074)&#10;        at java.util.concurrent.ThreadPoolExecutor.runWorker(ThreadPoolExecutor.java:1134)&#10;        at java.util.concurrent.ThreadPoolExecutor$Worker.run(ThreadPoolExecutor.java:624)&#10;        at java.lang.Thread.run(Thread.java:748)&#10;&quot;pool-258-thread-47&quot;  prio=5 tid=1527 in Object.wait()&#10;java.lang.Thread.State: WAITING (on object monitor)&#10;        at sun.misc.Unsafe.park(Native Method)&#10;        at java.util.concurrent.locks.LockSupport.park(LockSupport.java:175)&#10;        at java.util.concurrent.locks.AbstractQueuedSynchronizer$ConditionObject.await(AbstractQueuedSynchronizer.java:2039)&#10;        at java.util.concurrent.ArrayBlockingQueue.take(ArrayBlockingQueue.java:403)&#10;        at java.util.concurrent.ThreadPoolExecutor.getTask(ThreadPoolExecutor.java:1074)&#10;        at java.util.concurrent.ThreadPoolExecutor.runWorker(ThreadPoolExecutor.java:1134)&#10;        at java.util.concurrent.ThreadPoolExecutor$Worker.run(ThreadPoolExecutor.java:624)&#10;        at java.lang.Thread.run(Thread.java:748)&#10;&quot;IPC Server handler 17 on 36683&quot; daemon prio=5 tid=1043 timed_waiting&#10;java.lang.Thread.State: TIMED_WAITING&#10;        at sun.misc.Unsafe.park(Native Method)&#10;        at java.util.concurrent.locks.LockSupport.parkNanos(LockSupport.java:215)&#10;        at java.util.concurrent.locks.AbstractQueuedSynchronizer$ConditionObject.awaitNanos(AbstractQueuedSynchronizer.java:2078)&#10;        at java.util.concurrent.LinkedBlockingQueue.poll(LinkedBlockingQueue.java:467)&#10;        at org.apache.hadoop.ipc.CallQueueManager.take(CallQueueManager.java:288)&#10;        at org.apache.hadoop.ipc.Server$Handler.run(Server.java:2668)&#10;&quot;IPC Server handler 3 on 35612&quot; daemon prio=5 tid=947 timed_waiting&#10;java.lang.Thread.State: TIMED_WAITING&#10;        at sun.misc.Unsafe.park(Native Method)&#10;        at java.util.concurrent.locks.LockSupport.parkNanos(LockSupport.java:215)&#10;        at java.util.concurrent.locks.AbstractQueuedSynchronizer$ConditionObject.awaitNanos(AbstractQueuedSynchronizer.java:2078)&#10;        at java.util.concurrent.LinkedBlockingQueue.poll(LinkedBlockingQueue.java:467)&#10;        at org.apache.hadoop.ipc.CallQueueManager.take(CallQueueManager.java:288)&#10;        at org.apache.hadoop.ipc.Server$Handler.run(Server.java:2668)&#10;&quot;pool-195-thread-5&quot;  prio=5 tid=1305 in Object.wait()&#10;java.lang.Thread.State: WAITING (on object monitor)&#10;        at sun.misc.Unsafe.park(Native Method)&#10;        at java.util.concurrent.locks.LockSupport.park(LockSupport.java:175)&#10;        at java.util.concurrent.locks.AbstractQueuedSynchronizer$ConditionObject.await(AbstractQueuedSynchronizer.java:2039)&#10;        at java.util.concurrent.ArrayBlockingQueue.take(ArrayBlockingQueue.java:403)&#10;        at java.util.concurrent.ThreadPoolExecutor.getTask(ThreadPoolExecutor.java:1074)&#10;        at java.util.concurrent.ThreadPoolExecutor.runWorker(ThreadPoolExecutor.java:1134)&#10;        at java.util.concurrent.ThreadPoolExecutor$Worker.run(ThreadPoolExecutor.java:624)&#10;        at java.lang.Thread.run(Thread.java:748)&#10;&quot;pool-279-thread-21&quot;  prio=5 tid=1561 in Object.wait()&#10;java.lang.Thread.State: WAITING (on object monitor)&#10;        at sun.misc.Unsafe.park(Native Method)&#10;        at java.util.concurrent.locks.LockSupport.park(LockSupport.java:175)&#10;        at java.util.concurrent.locks.AbstractQueuedSynchronizer$ConditionObject.await(AbstractQueuedSynchronizer.java:2039)&#10;        at java.util.concurrent.ArrayBlockingQueue.take(ArrayBlockingQueue.java:403)&#10;        at java.util.concurrent.ThreadPoolExecutor.getTask(ThreadPoolExecutor.java:1074)&#10;        at java.util.concurrent.ThreadPoolExecutor.runWorker(ThreadPoolExecutor.java:1134)&#10;        at java.util.concurrent.ThreadPoolExecutor$Worker.run(ThreadPoolExecutor.java:624)&#10;        at java.lang.Thread.run(Thread.java:748)&#10;&quot;main&quot;  prio=5 tid=1 runnable&#10;java.lang.Thread.State: RUNNABLE&#10;        at java.lang.Thread.dumpThreads(Native Method)&#10;        at java.lang.Thread.getAllStackTraces(Thread.java:1610)&#10;        at org.apache.hadoop.test.TimedOutTestsListener.buildThreadDump(TimedOutTestsListener.java:87)&#10;        at org.apache.hadoop.test.TimedOutTestsListener.buildThreadDiagnosticString(TimedOutTestsListener.java:73)&#10;        at org.apache.hadoop.test.GenericTestUtils.waitFor(GenericTestUtils.java:389)&#10;        at org.apache.hadoop.ozone.container.ContainerTestHelper.waitForContainerClose(ContainerTestHelper.java:837)&#10;        at org.apache.hadoop.ozone.client.rpc.TestFailureHandlingByClient.testContainerExclusionWithClosedContainerException(TestFailureHandlingByClient.java:330)&#10;        at sun.reflect.NativeMethodAccessorImpl.invoke0(Native Method)&#10;        at sun.reflect.NativeMethodAccessorImpl.invoke(NativeMethodAccessorImpl.java:62)&#10;        at sun.reflect.DelegatingMethodAccessorImpl.invoke(DelegatingMethodAccessorImpl.java:43)&#10;        at java.lang.reflect.Method.invoke(Method.java:498)&#10;        at org.junit.runners.model.FrameworkMethod$1.runReflectiveCall(FrameworkMethod.java:47)&#10;        at org.junit.internal.runners.model.ReflectiveCallable.run(ReflectiveCallable.java:12)&#10;        at org.junit.runners.model.FrameworkMethod.invokeExplosively(FrameworkMethod.java:44)&#10;        at org.junit.internal.runners.statements.InvokeMethod.evaluate(InvokeMethod.java:17)&#10;        at org.junit.runners.ParentRunner.runLeaf(ParentRunner.java:271)&#10;        at org.junit.runners.BlockJUnit4ClassRunner.runChild(BlockJUnit4ClassRunner.java:70)&#10;        at org.junit.runners.BlockJUnit4ClassRunner.runChild(BlockJUnit4ClassRunner.java:50)&#10;        at org.junit.runners.ParentRunner$3.run(ParentRunner.java:238)&#10;        at org.junit.runners.ParentRunner$1.schedule(ParentRunner.java:63)&#10;        at org.junit.runners.ParentRunner.runChildren(ParentRunner.java:236)&#10;        at org.junit.runners.ParentRunner.access$000(ParentRunner.java:53)&#10;        at org.junit.runners.ParentRunner$2.evaluate(ParentRunner.java:229)&#10;        at org.junit.runners.ParentRunner.run(ParentRunner.java:309)&#10;        at org.apache.maven.surefire.junit4.JUnit4Provider.execute(JUnit4Provider.java:365)&#10;        at org.apache.maven.surefire.junit4.JUnit4Provider.executeWithRerun(JUnit4Provider.java:273)&#10;        at org.apache.maven.surefire.junit4.JUnit4Provider.executeTestSet(JUnit4Provider.java:238)&#10;        at org.apache.maven.surefire.junit4.JUnit4Provider.invoke(JUnit4Provider.java:159)&#10;        at org.apache.maven.surefire.booter.ForkedBooter.invokeProviderInSameClassLoader(ForkedBooter.java:384)&#10;        at org.apache.maven.surefire.booter.ForkedBooter.runSuitesInProcess(ForkedBooter.java:345)&#10;        at org.apache.maven.surefire.booter.ForkedBooter.execute(ForkedBooter.java:126)&#10;        at org.apache.maven.surefire.booter.ForkedBooter.main(ForkedBooter.java:418)&#10;&quot;ReplicationMonitor&quot; daemon prio=5 tid=928 timed_waiting&#10;java.lang.Thread.State: TIMED_WAITING&#10;        at java.lang.Object.wait(Native Method)&#10;        at org.apache.hadoop.hdds.scm.container.ReplicationManager.run(ReplicationManager.java:211)&#10;        at org.apache.hadoop.hdds.scm.container.ReplicationManager$$Lambda$21/2089016471.run(Unknown Source)&#10;        at java.lang.Thread.run(Thread.java:748)&#10;&quot;pool-216-thread-14&quot;  prio=5 tid=1374 in Object.wait()&#10;java.lang.Thread.State: WAITING (on object monitor)&#10;        at sun.misc.Unsafe.park(Native Method)&#10;        at java.util.concurrent.locks.LockSupport.park(LockSupport.java:175)&#10;        at java.util.concurrent.locks.AbstractQueuedSynchronizer$ConditionObject.await(AbstractQueuedSynchronizer.java:2039)&#10;        at java.util.concurrent.ArrayBlockingQueue.take(ArrayBlockingQueue.java:403)&#10;        at java.util.concurrent.ThreadPoolExecutor.getTask(ThreadPoolExecutor.java:1074)&#10;        at java.util.concurrent.ThreadPoolExecutor.runWorker(ThreadPoolExecutor.java:1134)&#10;        at java.util.concurrent.ThreadPoolExecutor$Worker.run(ThreadPoolExecutor.java:624)&#10;        at java.lang.Thread.run(Thread.java:748)&#10;&quot;pool-279-thread-11&quot;  prio=5 tid=1551 in Object.wait()&#10;java.lang.Thread.State: WAITING (on object monitor)&#10;        at sun.misc.Unsafe.park(Native Method)&#10;        at java.util.concurrent.locks.LockSupport.park(LockSupport.java:175)&#10;        at java.util.concurrent.locks.AbstractQueuedSynchronizer$ConditionObject.await(AbstractQueuedSynchronizer.java:2039)&#10;        at java.util.concurrent.ArrayBlockingQueue.take(ArrayBlockingQueue.java:403)&#10;        at java.util.concurrent.ThreadPoolExecutor.getTask(ThreadPoolExecutor.java:1074)&#10;        at java.util.concurrent.ThreadPoolExecutor.runWorker(ThreadPoolExecutor.java:1134)&#10;        at java.util.concurrent.ThreadPoolExecutor$Worker.run(ThreadPoolExecutor.java:624)&#10;        at java.lang.Thread.run(Thread.java:748)&#10;&quot;pool-258-thread-15&quot;  prio=5 tid=1495 in Object.wait()&#10;java.lang.Thread.State: WAITING (on object monitor)&#10;        at sun.misc.Unsafe.park(Native Method)&#10;        at java.util.concurrent.locks.LockSupport.park(LockSupport.java:175)&#10;        at java.util.concurrent.locks.AbstractQueuedSynchronizer$ConditionObject.await(AbstractQueuedSynchronizer.java:2039)&#10;        at java.util.concurrent.ArrayBlockingQueue.take(ArrayBlockingQueue.java:403)&#10;        at java.util.concurrent.ThreadPoolExecutor.getTask(ThreadPoolExecutor.java:1074)&#10;        at java.util.concurrent.ThreadPoolExecutor.runWorker(ThreadPoolExecutor.java:1134)&#10;        at java.util.concurrent.ThreadPoolExecutor$Worker.run(ThreadPoolExecutor.java:624)&#10;        at java.lang.Thread.run(Thread.java:748)&#10;&quot;pool-174-thread-1&quot;  prio=5 tid=1240 in Object.wait()&#10;java.lang.Thread.State: WAITING (on object monitor)&#10;        at sun.misc.Unsafe.park(Native Method)&#10;        at java.util.concurrent.locks.LockSupport.park(LockSupport.java:175)&#10;        at java.util.concurrent.locks.AbstractQueuedSynchronizer$ConditionObject.await(AbstractQueuedSynchronizer.java:2039)&#10;        at java.util.concurrent.ArrayBlockingQueue.take(ArrayBlockingQueue.java:403)&#10;        at java.util.concurrent.ThreadPoolExecutor.getTask(ThreadPoolExecutor.java:1074)&#10;        at java.util.concurrent.ThreadPoolExecutor.runWorker(ThreadPoolExecutor.java:1134)&#10;        at java.util.concurrent.ThreadPoolExecutor$Worker.run(ThreadPoolExecutor.java:624)&#10;        at java.lang.Thread.run(Thread.java:748)&#10;&quot;Datanode ReportManager Thread - 2&quot; daemon prio=5 tid=1174 timed_waiting&#10;java.lang.Thread.State: TIMED_WAITING&#10;        at sun.misc.Unsafe.park(Native Method)&#10;        at java.util.concurrent.locks.LockSupport.parkNanos(LockSupport.java:215)&#10;        at java.util.concurrent.locks.AbstractQueuedSynchronizer$ConditionObject.awaitNanos(AbstractQueuedSynchronizer.java:2078)&#10;        at java.util.concurrent.ScheduledThreadPoolExecutor$DelayedWorkQueue.take(ScheduledThreadPoolExecutor.java:1093)&#10;        at java.util.concurrent.ScheduledThreadPoolExecutor$DelayedWorkQueue.take(ScheduledThreadPoolExecutor.java:809)&#10;        at java.util.concurrent.ThreadPoolExecutor.getTask(ThreadPoolExecutor.java:1074)&#10;        at java.util.concurrent.ThreadPoolExecutor.runWorker(ThreadPoolExecutor.java:1134)&#10;        at java.util.concurrent.ThreadPoolExecutor$Worker.run(ThreadPoolExecutor.java:624)&#10;        at java.lang.Thread.run(Thread.java:748)&#10;&quot;pool-258-thread-55&quot;  prio=5 tid=1535 in Object.wait()&#10;java.lang.Thread.State: WAITING (on object monitor)&#10;        at sun.misc.Unsafe.park(Native Method)&#10;        at java.util.concurrent.locks.LockSupport.park(LockSupport.java:175)&#10;        at java.util.concurrent.locks.AbstractQueuedSynchronizer$ConditionObject.await(AbstractQueuedSynchronizer.java:2039)&#10;        at java.util.concurrent.ArrayBlockingQueue.take(ArrayBlockingQueue.java:403)&#10;        at java.util.concurrent.ThreadPoolExecutor.getTask(ThreadPoolExecutor.java:1074)&#10;        at java.util.concurrent.ThreadPoolExecutor.runWorker(ThreadPoolExecutor.java:1134)&#10;        at java.util.concurrent.ThreadPoolExecutor$Worker.run(ThreadPoolExecutor.java:624)&#10;        at java.lang.Thread.run(Thread.java:748)&#10;&quot;Periodic HDDS volume checker&quot;  prio=5 tid=1118 timed_waiting&#10;java.lang.Thread.State: TIMED_WAITING&#10;        at sun.misc.Unsafe.park(Native Method)&#10;        at java.util.concurrent.locks.LockSupport.parkNanos(LockSupport.java:215)&#10;        at java.util.concurrent.locks.AbstractQueuedSynchronizer$ConditionObject.awaitNanos(AbstractQueuedSynchronizer.java:2078)&#10;        at java.util.concurrent.ScheduledThreadPoolExecutor$DelayedWorkQueue.take(ScheduledThreadPoolExecutor.java:1093)&#10;        at java.util.concurrent.ScheduledThreadPoolExecutor$DelayedWorkQueue.take(ScheduledThreadPoolExecutor.java:809)&#10;        at java.util.concurrent.ThreadPoolExecutor.getTask(ThreadPoolExecutor.java:1074)&#10;        at java.util.concurrent.ThreadPoolExecutor.runWorker(ThreadPoolExecutor.java:1134)&#10;        at java.util.concurrent.ThreadPoolExecutor$Worker.run(ThreadPoolExecutor.java:624)&#10;        at java.lang.Thread.run(Thread.java:748)&#10;&quot;pool-279-thread-60&quot;  prio=5 tid=1600 in Object.wait()&#10;java.lang.Thread.State: WAITING (on object monitor)&#10;        at sun.misc.Unsafe.park(Native Method)&#10;        at java.util.concurrent.locks.LockSupport.park(LockSupport.java:175)&#10;        at java.util.concurrent.locks.AbstractQueuedSynchronizer$ConditionObject.await(AbstractQueuedSynchronizer.java:2039)&#10;        at java.util.concurrent.ArrayBlockingQueue.take(ArrayBlockingQueue.java:403)&#10;        at java.util.concurrent.ThreadPoolExecutor.getTask(ThreadPoolExecutor.java:1074)&#10;        at java.util.concurrent.ThreadPoolExecutor.runWorker(ThreadPoolExecutor.java:1134)&#10;        at java.util.concurrent.ThreadPoolExecutor$Worker.run(ThreadPoolExecutor.java:624)&#10;        at java.lang.Thread.run(Thread.java:748)&#10;&quot;qtp43402513-1102&quot; daemon prio=5 tid=1102 timed_waiting&#10;java.lang.Thread.State: TIMED_WAITING&#10;        at sun.misc.Unsafe.park(Native Method)&#10;        at java.util.concurrent.locks.LockSupport.parkNanos(LockSupport.java:215)&#10;        at java.util.concurrent.locks.AbstractQueuedSynchronizer$ConditionObject.awaitNanos(AbstractQueuedSynchronizer.java:2078)&#10;        at org.eclipse.jetty.util.BlockingArrayQueue.poll(BlockingArrayQueue.java:392)&#10;        at org.eclipse.jetty.util.thread.QueuedThreadPool.idleJobPoll(QueuedThreadPool.java:563)&#10;        at org.eclipse.jetty.util.thread.QueuedThreadPool.access$800(QueuedThreadPool.java:48)&#10;        at org.eclipse.jetty.util.thread.QueuedThreadPool$2.run(QueuedThreadPool.java:626)&#10;        at java.lang.Thread.run(Thread.java:748)&#10;&quot;pool-216-thread-41&quot;  prio=5 tid=1401 in Object.wait()&#10;java.lang.Thread.State: WAITING (on object monitor)&#10;        at sun.misc.Unsafe.park(Native Method)&#10;        at java.util.concurrent.locks.LockSupport.park(LockSupport.java:175)&#10;        at java.util.concurrent.locks.AbstractQueuedSynchronizer$ConditionObject.await(AbstractQueuedSynchronizer.java:2039)&#10;        at java.util.concurrent.ArrayBlockingQueue.take(ArrayBlockingQueue.java:403)&#10;        at java.util.concurrent.ThreadPoolExecutor.getTask(ThreadPoolExecutor.java:1074)&#10;        at java.util.concurrent.ThreadPoolExecutor.runWorker(ThreadPoolExecutor.java:1134)&#10;        at java.util.concurrent.ThreadPoolExecutor$Worker.run(ThreadPoolExecutor.java:624)&#10;        at java.lang.Thread.run(Thread.java:748)&#10;&quot;IPC Server handler 1 on 42412&quot; daemon prio=5 tid=965 timed_waiting&#10;java.lang.Thread.State: TIMED_WAITING&#10;        at sun.misc.Unsafe.park(Native Method)&#10;        at java.util.concurrent.locks.LockSupport.parkNanos(LockSupport.java:215)&#10;        at java.util.concurrent.locks.AbstractQueuedSynchronizer$ConditionObject.awaitNanos(AbstractQueuedSynchronizer.java:2078)&#10;        at java.util.concurrent.LinkedBlockingQueue.poll(LinkedBlockingQueue.java:467)&#10;        at org.apache.hadoop.ipc.CallQueueManager.take(CallQueueManager.java:288)&#10;        at org.apache.hadoop.ipc.Server$Handler.run(Server.java:2668)&#10;&quot;IPC Server handler 10 on 35612&quot; daemon prio=5 tid=954 timed_waiting&#10;java.lang.Thread.State: TIMED_WAITING&#10;        at sun.misc.Unsafe.park(Native Method)&#10;        at java.util.concurrent.locks.LockSupport.parkNanos(LockSupport.java:215)&#10;        at java.util.concurrent.locks.AbstractQueuedSynchronizer$ConditionObject.awaitNanos(AbstractQueuedSynchronizer.java:2078)&#10;        at java.util.concurrent.LinkedBlockingQueue.poll(LinkedBlockingQueue.java:467)&#10;        at org.apache.hadoop.ipc.CallQueueManager.take(CallQueueManager.java:288)&#10;        at org.apache.hadoop.ipc.Server$Handler.run(Server.java:2668)&#10;&quot;4dd65c2c-d780-47ac-bbfa-d53e8644b05a-SegmentedRaftLogWorker:Storage Directory /tmp/workdir/hadoop-ozone/integration-test/target/test-dir/MiniOzoneClusterImpl-d6a8514b-9f5a-4ec7-be91-cc3589120d34/datanode-1/data/ratis/3a0866df-e802-4ed8-89a2-a81b324c06b5&quot;  prio=5 tid=1617 timed_waiting&#10;java.lang.Thread.State: TIMED_WAITING&#10;        at sun.misc.Unsafe.park(Native Method)&#10;        at java.util.concurrent.locks.LockSupport.parkNanos(LockSupport.java:215)&#10;        at java.util.concurrent.locks.AbstractQueuedSynchronizer$ConditionObject.awaitNanos(AbstractQueuedSynchronizer.java:2078)&#10;        at org.apache.ratis.util.DataBlockingQueue.poll(DataBlockingQueue.java:137)&#10;        at org.apache.ratis.server.raftlog.segmented.SegmentedRaftLogWorker.run(SegmentedRaftLogWorker.java:283)&#10;        at java.lang.Thread.run(Thread.java:748)&#10;&quot;qtp1633584044-1005-acceptor-0@f87c791-ServerConnector@7cdb7fc{HTTP/1.1,[http/1.1]}{0.0.0.0:46726}&quot; daemon prio=3 tid=1005 runnable&#10;java.lang.Thread.State: RUNNABLE&#10;        at sun.nio.ch.ServerSocketChannelImpl.accept0(Native Method)&#10;        at sun.nio.ch.ServerSocketChannelImpl.accept(ServerSocketChannelImpl.java:422)&#10;        at sun.nio.ch.ServerSocketChannelImpl.accept(ServerSocketChannelImpl.java:250)&#10;        at org.eclipse.jetty.server.ServerConnector.accept(ServerConnector.java:397)&#10;        at org.eclipse.jetty.server.AbstractConnector$Acceptor.run(AbstractConnector.java:601)&#10;        at org.eclipse.jetty.util.thread.QueuedThreadPool.runJob(QueuedThreadPool.java:671)&#10;        at org.eclipse.jetty.util.thread.QueuedThreadPool$2.run(QueuedThreadPool.java:589)&#10;        at java.lang.Thread.run(Thread.java:748)&#10;&quot;grpc-default-executor-5&quot; daemon prio=5 tid=811 timed_waiting&#10;java.lang.Thread.State: TIMED_WAITING&#10;        at sun.misc.Unsafe.park(Native Method)&#10;        at java.util.concurrent.locks.LockSupport.parkNanos(LockSupport.java:215)&#10;        at java.util.concurrent.SynchronousQueue$TransferStack.awaitFulfill(SynchronousQueue.java:460)&#10;        at java.util.concurrent.SynchronousQueue$TransferStack.transfer(SynchronousQueue.java:362)&#10;        at java.util.concurrent.SynchronousQueue.poll(SynchronousQueue.java:941)&#10;        at java.util.concurrent.ThreadPoolExecutor.getTask(ThreadPoolExecutor.java:1073)&#10;        at java.util.concurrent.ThreadPoolExecutor.runWorker(ThreadPoolExecutor.java:1134)&#10;        at java.util.concurrent.ThreadPoolExecutor$Worker.run(ThreadPoolExecutor.java:624)&#10;        at java.lang.Thread.run(Thread.java:748)&#10;&quot;org.apache.ratis.server.impl.LogAppender$AppenderDaemon$$Lambda$519/1176991522@2316da8e&quot; daemon prio=5 tid=1697 timed_waiting&#10;java.lang.Thread.State: TIMED_WAITING&#10;        at java.lang.Object.wait(Native Method)&#10;        at org.apache.ratis.grpc.server.GrpcLogAppender.mayWait(GrpcLogAppender.java:141)&#10;        at org.apache.ratis.grpc.server.GrpcLogAppender.runAppenderImpl(GrpcLogAppender.java:95)&#10;        at org.apache.ratis.server.impl.LogAppender$AppenderDaemon.run(LogAppender.java:80)&#10;        at org.apache.ratis.server.impl.LogAppender$AppenderDaemon$$Lambda$519/1176991522.run(Unknown Source)&#10;        at java.lang.Thread.run(Thread.java:748)&#10;&quot;pool-195-thread-46&quot;  prio=5 tid=1346 in Object.wait()&#10;java.lang.Thread.State: WAITING (on object monitor)&#10;        at sun.misc.Unsafe.park(Native Method)&#10;        at java.util.concurrent.locks.LockSupport.park(LockSupport.java:175)&#10;        at java.util.concurrent.locks.AbstractQueuedSynchronizer$ConditionObject.await(AbstractQueuedSynchronizer.java:2039)&#10;        at java.util.concurrent.ArrayBlockingQueue.take(ArrayBlockingQueue.java:403)&#10;        at java.util.concurrent.ThreadPoolExecutor.getTask(ThreadPoolExecutor.java:1074)&#10;        at java.util.concurrent.ThreadPoolExecutor.runWorker(ThreadPoolExecutor.java:1134)&#10;        at java.util.concurrent.ThreadPoolExecutor$Worker.run(ThreadPoolExecutor.java:624)&#10;        at java.lang.Thread.run(Thread.java:748)&#10;&quot;qtp1920846948-1220-acceptor-0@399b11c3-ServerConnector@1be3f8f8{HTTP/1.1,[http/1.1]}{0.0.0.0:35983}&quot; daemon prio=3 tid=1220 runnable&#10;java.lang.Thread.State: RUNNABLE&#10;        at sun.nio.ch.ServerSocketChannelImpl.accept0(Native Method)&#10;        at sun.nio.ch.ServerSocketChannelImpl.accept(ServerSocketChannelImpl.java:422)&#10;        at sun.nio.ch.ServerSocketChannelImpl.accept(ServerSocketChannelImpl.java:250)&#10;        at org.eclipse.jetty.server.ServerConnector.accept(ServerConnector.java:397)&#10;        at org.eclipse.jetty.server.AbstractConnector$Acceptor.run(AbstractConnector.java:601)&#10;        at org.eclipse.jetty.util.thread.QueuedThreadPool.runJob(QueuedThreadPool.java:671)&#10;        at org.eclipse.jetty.util.thread.QueuedThreadPool$2.run(QueuedThreadPool.java:589)&#10;        at java.lang.Thread.run(Thread.java:748)&#10;&quot;qtp1842314090-1136&quot; daemon prio=5 tid=1136 timed_waiting&#10;java.lang.Thread.State: TIMED_WAITING&#10;        at sun.misc.Unsafe.park(Native Method)&#10;        at java.util.concurrent.locks.LockSupport.parkNanos(LockSupport.java:215)&#10;        at java.util.concurrent.locks.AbstractQueuedSynchronizer$ConditionObject.awaitNanos(AbstractQueuedSynchronizer.java:2078)&#10;        at org.eclipse.jetty.util.BlockingArrayQueue.poll(BlockingArrayQueue.java:392)&#10;        at org.eclipse.jetty.util.thread.QueuedThreadPool.idleJobPoll(QueuedThreadPool.java:563)&#10;        at org.eclipse.jetty.util.thread.QueuedThreadPool.access$800(QueuedThreadPool.java:48)&#10;        at org.eclipse.jetty.util.thread.QueuedThreadPool$2.run(QueuedThreadPool.java:626)&#10;        at java.lang.Thread.run(Thread.java:748)&#10;&quot;org.eclipse.jetty.server.session.HashSessionManager@7e38e254Timer&quot; daemon prio=5 tid=1198 timed_waiting&#10;java.lang.Thread.State: TIMED_WAITING&#10;        at sun.misc.Unsafe.park(Native Method)&#10;        at java.util.concurrent.locks.LockSupport.parkNanos(LockSupport.java:215)&#10;        at java.util.concurrent.locks.AbstractQueuedSynchronizer$ConditionObject.awaitNanos(AbstractQueuedSynchronizer.java:2078)&#10;        at java.util.concurrent.ScheduledThreadPoolExecutor$DelayedWorkQueue.take(ScheduledThreadPoolExecutor.java:1093)&#10;        at java.util.concurrent.ScheduledThreadPoolExecutor$DelayedWorkQueue.take(ScheduledThreadPoolExecutor.java:809)&#10;        at java.util.concurrent.ThreadPoolExecutor.getTask(ThreadPoolExecutor.java:1074)&#10;        at java.util.concurrent.ThreadPoolExecutor.runWorker(ThreadPoolExecutor.java:1134)&#10;        at java.util.concurrent.ThreadPoolExecutor$Worker.run(ThreadPoolExecutor.java:624)&#10;        at java.lang.Thread.run(Thread.java:748)&#10;&quot;IPC Server handler 9 on 36683&quot; daemon prio=5 tid=1035 timed_waiting&#10;java.lang.Thread.State: TIMED_WAITING&#10;        at sun.misc.Unsafe.park(Native Method)&#10;        at java.util.concurrent.locks.LockSupport.parkNanos(LockSupport.java:215)&#10;        at java.util.concurrent.locks.AbstractQueuedSynchronizer$ConditionObject.awaitNanos(AbstractQueuedSynchronizer.java:2078)&#10;        at java.util.concurrent.LinkedBlockingQueue.poll(LinkedBlockingQueue.java:467)&#10;        at org.apache.hadoop.ipc.CallQueueManager.take(CallQueueManager.java:288)&#10;        at org.apache.hadoop.ipc.Server$Handler.run(Server.java:2668)&#10;&quot;pool-195-thread-40&quot;  prio=5 tid=1340 in Object.wait()&#10;java.lang.Thread.State: WAITING (on object monitor)&#10;        at sun.misc.Unsafe.park(Native Method)&#10;        at java.util.concurrent.locks.LockSupport.park(LockSupport.java:175)&#10;        at java.util.concurrent.locks.AbstractQueuedSynchronizer$ConditionObject.await(AbstractQueuedSynchronizer.java:2039)&#10;        at java.util.concurrent.ArrayBlockingQueue.take(ArrayBlockingQueue.java:403)&#10;        at java.util.concurrent.ThreadPoolExecutor.getTask(ThreadPoolExecutor.java:1074)&#10;        at java.util.concurrent.ThreadPoolExecutor.runWorker(ThreadPoolExecutor.java:1134)&#10;        at java.util.concurrent.ThreadPoolExecutor$Worker.run(ThreadPoolExecutor.java:624)&#10;        at java.lang.Thread.run(Thread.java:748)&#10;&quot;pool-174-thread-20&quot;  prio=5 tid=1259 in Object.wait()&#10;java.lang.Thread.State: WAITING (on object monitor)&#10;        at sun.misc.Unsafe.park(Native Method)&#10;        at java.util.concurrent.locks.LockSupport.park(LockSupport.java:175)&#10;        at java.util.concurrent.locks.AbstractQueuedSynchronizer$ConditionObject.await(AbstractQueuedSynchronizer.java:2039)&#10;        at java.util.concurrent.ArrayBlockingQueue.take(ArrayBlockingQueue.java:403)&#10;        at java.util.concurrent.ThreadPoolExecutor.getTask(ThreadPoolExecutor.java:1074)&#10;        at java.util.concurrent.ThreadPoolExecutor.runWorker(ThreadPoolExecutor.java:1134)&#10;        at java.util.concurrent.ThreadPoolExecutor$Worker.run(ThreadPoolExecutor.java:624)&#10;        at java.lang.Thread.run(Thread.java:748)&#10;&quot;pool-195-thread-47&quot;  prio=5 tid=1347 in Object.wait()&#10;java.lang.Thread.State: WAITING (on object monitor)&#10;        at sun.misc.Unsafe.park(Native Method)&#10;        at java.util.concurrent.locks.LockSupport.park(LockSupport.java:175)&#10;        at java.util.concurrent.locks.AbstractQueuedSynchronizer$ConditionObject.await(AbstractQueuedSynchronizer.java:2039)&#10;        at java.util.concurrent.ArrayBlockingQueue.take(ArrayBlockingQueue.java:403)&#10;        at java.util.concurrent.ThreadPoolExecutor.getTask(ThreadPoolExecutor.java:1074)&#10;        at java.util.concurrent.ThreadPoolExecutor.runWorker(ThreadPoolExecutor.java:1134)&#10;        at java.util.concurrent.ThreadPoolExecutor$Worker.run(ThreadPoolExecutor.java:624)&#10;        at java.lang.Thread.run(Thread.java:748)&#10;&quot;org.apache.hadoop.util.JvmPauseMonitor$Monitor@2f062730&quot; daemon prio=5 tid=1237 timed_waiting&#10;java.lang.Thread.State: TIMED_WAITING&#10;        at java.lang.Thread.sleep(Native Method)&#10;        at org.apache.hadoop.util.JvmPauseMonitor$Monitor.run(JvmPauseMonitor.java:192)&#10;        at java.lang.Thread.run(Thread.java:748)&#10;&quot;pool-279-thread-19&quot;  prio=5 tid=1559 in Object.wait()&#10;java.lang.Thread.State: WAITING (on object monitor)&#10;        at sun.misc.Unsafe.park(Native Method)&#10;        at java.util.concurrent.locks.LockSupport.park(LockSupport.java:175)&#10;        at java.util.concurrent.locks.AbstractQueuedSynchronizer$ConditionObject.await(AbstractQueuedSynchronizer.java:2039)&#10;        at java.util.concurrent.ArrayBlockingQueue.take(ArrayBlockingQueue.java:403)&#10;        at java.util.concurrent.ThreadPoolExecutor.getTask(ThreadPoolExecutor.java:1074)&#10;        at java.util.concurrent.ThreadPoolExecutor.runWorker(ThreadPoolExecutor.java:1134)&#10;        at java.util.concurrent.ThreadPoolExecutor$Worker.run(ThreadPoolExecutor.java:624)&#10;        at java.lang.Thread.run(Thread.java:748)&#10;&quot;pool-195-thread-7&quot;  prio=5 tid=1307 in Object.wait()&#10;java.lang.Thread.State: WAITING (on object monitor)&#10;        at sun.misc.Unsafe.park(Native Method)&#10;        at java.util.concurrent.locks.LockSupport.park(LockSupport.java:175)&#10;        at java.util.concurrent.locks.AbstractQueuedSynchronizer$ConditionObject.await(AbstractQueuedSynchronizer.java:2039)&#10;        at java.util.concurrent.ArrayBlockingQueue.take(ArrayBlockingQueue.java:403)&#10;        at java.util.concurrent.ThreadPoolExecutor.getTask(ThreadPoolExecutor.java:1074)&#10;        at java.util.concurrent.ThreadPoolExecutor.runWorker(ThreadPoolExecutor.java:1134)&#10;        at java.util.concurrent.ThreadPoolExecutor$Worker.run(ThreadPoolExecutor.java:624)&#10;        at java.lang.Thread.run(Thread.java:748)&#10;&quot;Periodic HDDS volume checker&quot;  prio=5 tid=1150 timed_waiting&#10;java.lang.Thread.State: TIMED_WAITING&#10;        at sun.misc.Unsafe.park(Native Method)&#10;        at java.util.concurrent.locks.LockSupport.parkNanos(LockSupport.java:215)&#10;        at java.util.concurrent.locks.AbstractQueuedSynchronizer$ConditionObject.awaitNanos(AbstractQueuedSynchronizer.java:2078)&#10;        at java.util.concurrent.ScheduledThreadPoolExecutor$DelayedWorkQueue.take(ScheduledThreadPoolExecutor.java:1093)&#10;        at java.util.concurrent.ScheduledThreadPoolExecutor$DelayedWorkQueue.take(ScheduledThreadPoolExecutor.java:809)&#10;        at java.util.concurrent.ThreadPoolExecutor.getTask(ThreadPoolExecutor.java:1074)&#10;        at java.util.concurrent.ThreadPoolExecutor.runWorker(ThreadPoolExecutor.java:1134)&#10;        at java.util.concurrent.ThreadPoolExecutor$Worker.run(ThreadPoolExecutor.java:624)&#10;        at java.lang.Thread.run(Thread.java:748)&#10;&quot;refreshUsed-/tmp/workdir/hadoop-ozone/integration-test/target/test-dir/MiniOzoneClusterImpl-d6a8514b-9f5a-4ec7-be91-cc3589120d34/datanode-1/data/containers&quot; daemon prio=5 tid=1092 timed_waiting&#10;java.lang.Thread.State: TIMED_WAITING&#10;        at java.lang.Thread.sleep(Native Method)&#10;        at org.apache.hadoop.fs.CachingGetSpaceUsed$RefreshThread.run(CachingGetSpaceUsed.java:179)&#10;        at java.lang.Thread.run(Thread.java:748)&#10;&quot;pool-258-thread-52&quot;  prio=5 tid=1532 in Object.wait()&#10;java.lang.Thread.State: WAITING (on object monitor)&#10;        at sun.misc.Unsafe.park(Native Method)&#10;        at java.util.concurrent.locks.LockSupport.park(LockSupport.java:175)&#10;        at java.util.concurrent.locks.AbstractQueuedSynchronizer$ConditionObject.await(AbstractQueuedSynchronizer.java:2039)&#10;        at java.util.concurrent.ArrayBlockingQueue.take(ArrayBlockingQueue.java:403)&#10;        at java.util.concurrent.ThreadPoolExecutor.getTask(ThreadPoolExecutor.java:1074)&#10;        at java.util.concurrent.ThreadPoolExecutor.runWorker(ThreadPoolExecutor.java:1134)&#10;        at java.util.concurrent.ThreadPoolExecutor$Worker.run(ThreadPoolExecutor.java:624)&#10;        at java.lang.Thread.run(Thread.java:748)&#10;&quot;pool-195-thread-12&quot;  prio=5 tid=1312 in Object.wait()&#10;java.lang.Thread.State: WAITING (on object monitor)&#10;        at sun.misc.Unsafe.park(Native Method)&#10;        at java.util.concurrent.locks.LockSupport.park(LockSupport.java:175)&#10;        at java.util.concurrent.locks.AbstractQueuedSynchronizer$ConditionObject.await(AbstractQueuedSynchronizer.java:2039)&#10;        at java.util.concurrent.ArrayBlockingQueue.take(ArrayBlockingQueue.java:403)&#10;        at java.util.concurrent.ThreadPoolExecutor.getTask(ThreadPoolExecutor.java:1074)&#10;        at java.util.concurrent.ThreadPoolExecutor.runWorker(ThreadPoolExecutor.java:1134)&#10;        at java.util.concurrent.ThreadPoolExecutor$Worker.run(ThreadPoolExecutor.java:624)&#10;        at java.lang.Thread.run(Thread.java:748)&#10;&quot;qtp43402513-1103&quot; daemon prio=5 tid=1103 timed_waiting&#10;java.lang.Thread.State: TIMED_WAITING&#10;        at sun.misc.Unsafe.park(Native Method)&#10;        at java.util.concurrent.locks.LockSupport.parkNanos(LockSupport.java:215)&#10;        at java.util.concurrent.locks.AbstractQueuedSynchronizer$ConditionObject.awaitNanos(AbstractQueuedSynchronizer.java:2078)&#10;        at org.eclipse.jetty.util.BlockingArrayQueue.poll(BlockingArrayQueue.java:392)&#10;        at org.eclipse.jetty.util.thread.QueuedThreadPool.idleJobPoll(QueuedThreadPool.java:563)&#10;        at org.eclipse.jetty.util.thread.QueuedThreadPool.access$800(QueuedThreadPool.java:48)&#10;        at org.eclipse.jetty.util.thread.QueuedThreadPool$2.run(QueuedThreadPool.java:626)&#10;        at java.lang.Thread.run(Thread.java:748)&#10;&quot;pool-216-thread-15&quot;  prio=5 tid=1375 in Object.wait()&#10;java.lang.Thread.State: WAITING (on object monitor)&#10;        at sun.misc.Unsafe.park(Native Method)&#10;        at java.util.concurrent.locks.LockSupport.park(LockSupport.java:175)&#10;        at java.util.concurrent.locks.AbstractQueuedSynchronizer$ConditionObject.await(AbstractQueuedSynchronizer.java:2039)&#10;        at java.util.concurrent.ArrayBlockingQueue.take(ArrayBlockingQueue.java:403)&#10;        at java.util.concurrent.ThreadPoolExecutor.getTask(ThreadPoolExecutor.java:1074)&#10;        at java.util.concurrent.ThreadPoolExecutor.runWorker(ThreadPoolExecutor.java:1134)&#10;        at java.util.concurrent.ThreadPoolExecutor$Worker.run(ThreadPoolExecutor.java:624)&#10;        at java.lang.Thread.run(Thread.java:748)&#10;&quot;pool-216-thread-44&quot;  prio=5 tid=1404 in Object.wait()&#10;java.lang.Thread.State: WAITING (on object monitor)&#10;        at sun.misc.Unsafe.park(Native Method)&#10;        at java.util.concurrent.locks.LockSupport.park(LockSupport.java:175)&#10;        at java.util.concurrent.locks.AbstractQueuedSynchronizer$ConditionObject.await(AbstractQueuedSynchronizer.java:2039)&#10;        at java.util.concurrent.ArrayBlockingQueue.take(ArrayBlockingQueue.java:403)&#10;        at java.util.concurrent.ThreadPoolExecutor.getTask(ThreadPoolExecutor.java:1074)&#10;        at java.util.concurrent.ThreadPoolExecutor.runWorker(ThreadPoolExecutor.java:1134)&#10;        at java.util.concurrent.ThreadPoolExecutor$Worker.run(ThreadPoolExecutor.java:624)&#10;        at java.lang.Thread.run(Thread.java:748)&#10;&quot;Datanode ReportManager Thread - 3&quot; daemon prio=5 tid=1115 in Object.wait()&#10;java.lang.Thread.State: WAITING (on object monitor)&#10;        at sun.misc.Unsafe.park(Native Method)&#10;        at java.util.concurrent.locks.LockSupport.park(LockSupport.java:175)&#10;        at java.util.concurrent.locks.AbstractQueuedSynchronizer$ConditionObject.await(AbstractQueuedSynchronizer.java:2039)&#10;        at java.util.concurrent.ScheduledThreadPoolExecutor$DelayedWorkQueue.take(ScheduledThreadPoolExecutor.java:1088)&#10;        at java.util.concurrent.ScheduledThreadPoolExecutor$DelayedWorkQueue.take(ScheduledThreadPoolExecutor.java:809)&#10;        at java.util.concurrent.ThreadPoolExecutor.getTask(ThreadPoolExecutor.java:1074)&#10;        at java.util.concurrent.ThreadPoolExecutor.runWorker(ThreadPoolExecutor.java:1134)&#10;        at java.util.concurrent.ThreadPoolExecutor$Worker.run(ThreadPoolExecutor.java:624)&#10;        at java.lang.Thread.run(Thread.java:748)&#10;&quot;pool-216-thread-23&quot;  prio=5 tid=1383 in Object.wait()&#10;java.lang.Thread.State: WAITING (on object monitor)&#10;        at sun.misc.Unsafe.park(Native Method)&#10;        at java.util.concurrent.locks.LockSupport.park(LockSupport.java:175)&#10;        at java.util.concurrent.locks.AbstractQueuedSynchronizer$ConditionObject.await(AbstractQueuedSynchronizer.java:2039)&#10;        at java.util.concurrent.ArrayBlockingQueue.take(ArrayBlockingQueue.java:403)&#10;        at java.util.concurrent.ThreadPoolExecutor.getTask(ThreadPoolExecutor.java:1074)&#10;        at java.util.concurrent.ThreadPoolExecutor.runWorker(ThreadPoolExecutor.java:1134)&#10;        at java.util.concurrent.ThreadPoolExecutor$Worker.run(ThreadPoolExecutor.java:624)&#10;        at java.lang.Thread.run(Thread.java:748)&#10;&quot;pool-290-thread-1&quot;  prio=5 tid=1650 in Object.wait()&#10;java.lang.Thread.State: WAITING (on object monitor)&#10;        at sun.misc.Unsafe.park(Native Method)&#10;        at java.util.concurrent.locks.LockSupport.park(LockSupport.java:175)&#10;        at java.util.concurrent.locks.AbstractQueuedSynchronizer$ConditionObject.await(AbstractQueuedSynchronizer.java:2039)&#10;        at java.util.concurrent.LinkedBlockingQueue.take(LinkedBlockingQueue.java:442)&#10;        at java.util.concurrent.ThreadPoolExecutor.getTask(ThreadPoolExecutor.java:1074)&#10;        at java.util.concurrent.ThreadPoolExecutor.runWorker(ThreadPoolExecutor.java:1134)&#10;        at java.util.concurrent.ThreadPoolExecutor$Worker.run(ThreadPoolExecutor.java:624)&#10;        at java.lang.Thread.run(Thread.java:748)&#10;&quot;pool-258-thread-23&quot;  prio=5 tid=1503 in Object.wait()&#10;java.lang.Thread.State: WAITING (on object monitor)&#10;        at sun.misc.Unsafe.park(Native Method)&#10;        at java.util.concurrent.locks.LockSupport.park(LockSupport.java:175)&#10;        at java.util.concurrent.locks.AbstractQueuedSynchronizer$ConditionObject.await(AbstractQueuedSynchronizer.java:2039)&#10;        at java.util.concurrent.ArrayBlockingQueue.take(ArrayBlockingQueue.java:403)&#10;        at java.util.concurrent.ThreadPoolExecutor.getTask(ThreadPoolExecutor.java:1074)&#10;        at java.util.concurrent.ThreadPoolExecutor.runWorker(ThreadPoolExecutor.java:1134)&#10;        at java.util.concurrent.ThreadPoolExecutor$Worker.run(ThreadPoolExecutor.java:624)&#10;        at java.lang.Thread.run(Thread.java:748)&#10;&quot;pool-237-thread-19&quot;  prio=5 tid=1439 in Object.wait()&#10;java.lang.Thread.State: WAITING (on object monitor)&#10;        at sun.misc.Unsafe.park(Native Method)&#10;        at java.util.concurrent.locks.LockSupport.park(LockSupport.java:175)&#10;        at java.util.concurrent.locks.AbstractQueuedSynchronizer$ConditionObject.await(AbstractQueuedSynchronizer.java:2039)&#10;        at java.util.concurrent.ArrayBlockingQueue.take(ArrayBlockingQueue.java:403)&#10;        at java.util.concurrent.ThreadPoolExecutor.getTask(ThreadPoolExecutor.java:1074)&#10;        at java.util.concurrent.ThreadPoolExecutor.runWorker(ThreadPoolExecutor.java:1134)&#10;        at java.util.concurrent.ThreadPoolExecutor$Worker.run(ThreadPoolExecutor.java:624)&#10;        at java.lang.Thread.run(Thread.java:748)&#10;&quot;IPC Server handler 7 on 36683&quot; daemon prio=5 tid=1033 timed_waiting&#10;java.lang.Thread.State: TIMED_WAITING&#10;        at sun.misc.Unsafe.park(Native Method)&#10;        at java.util.concurrent.locks.LockSupport.parkNanos(LockSupport.java:215)&#10;        at java.util.concurrent.locks.AbstractQueuedSynchronizer$ConditionObject.awaitNanos(AbstractQueuedSynchronizer.java:2078)&#10;        at java.util.concurrent.LinkedBlockingQueue.poll(LinkedBlockingQueue.java:467)&#10;        at org.apache.hadoop.ipc.CallQueueManager.take(CallQueueManager.java:288)&#10;        at org.apache.hadoop.ipc.Server$Handler.run(Server.java:2668)&#10;&quot;pool-279-thread-30&quot;  prio=5 tid=1570 in Object.wait()&#10;java.lang.Thread.State: WAITING (on object monitor)&#10;        at sun.misc.Unsafe.park(Native Method)&#10;        at java.util.concurrent.locks.LockSupport.park(LockSupport.java:175)&#10;        at java.util.concurrent.locks.AbstractQueuedSynchronizer$ConditionObject.await(AbstractQueuedSynchronizer.java:2039)&#10;        at java.util.concurrent.ArrayBlockingQueue.take(ArrayBlockingQueue.java:403)&#10;        at java.util.concurrent.ThreadPoolExecutor.getTask(ThreadPoolExecutor.java:1074)&#10;        at java.util.concurrent.ThreadPoolExecutor.runWorker(ThreadPoolExecutor.java:1134)&#10;        at java.util.concurrent.ThreadPoolExecutor$Worker.run(ThreadPoolExecutor.java:624)&#10;        at java.lang.Thread.run(Thread.java:748)&#10;&quot;pool-216-thread-26&quot;  prio=5 tid=1386 in Object.wait()&#10;java.lang.Thread.State: WAITING (on object monitor)&#10;        at sun.misc.Unsafe.park(Native Method)&#10;        at java.util.concurrent.locks.LockSupport.park(LockSupport.java:175)&#10;        at java.util.concurrent.locks.AbstractQueuedSynchronizer$ConditionObject.await(AbstractQueuedSynchronizer.java:2039)&#10;        at java.util.concurrent.ArrayBlockingQueue.take(ArrayBlockingQueue.java:403)&#10;        at java.util.concurrent.ThreadPoolExecutor.getTask(ThreadPoolExecutor.java:1074)&#10;        at java.util.concurrent.ThreadPoolExecutor.runWorker(ThreadPoolExecutor.java:1134)&#10;        at java.util.concurrent.ThreadPoolExecutor$Worker.run(ThreadPoolExecutor.java:624)&#10;        at java.lang.Thread.run(Thread.java:748)&#10;&quot;IPC Server idle connection scanner for port 36272&quot; daemon prio=5 tid=931 timed_waiting&#10;java.lang.Thread.State: TIMED_WAITING&#10;        at java.lang.Object.wait(Native Method)&#10;        at java.util.TimerThread.mainLoop(Timer.java:552)&#10;        at java.util.TimerThread.run(Timer.java:505)&#10;&quot;SCMBlockDeletingService#1&quot; daemon prio=5 tid=1017 in Object.wait()&#10;java.lang.Thread.State: WAITING (on object monitor)&#10;        at sun.misc.Unsafe.park(Native Method)&#10;        at java.util.concurrent.locks.LockSupport.park(LockSupport.java:175)&#10;        at java.util.concurrent.locks.AbstractQueuedSynchronizer$ConditionObject.await(AbstractQueuedSynchronizer.java:2039)&#10;        at java.util.concurrent.ScheduledThreadPoolExecutor$DelayedWorkQueue.take(ScheduledThreadPoolExecutor.java:1088)&#10;        at java.util.concurrent.ScheduledThreadPoolExecutor$DelayedWorkQueue.take(ScheduledThreadPoolExecutor.java:809)&#10;        at java.util.concurrent.ThreadPoolExecutor.getTask(ThreadPoolExecutor.java:1074)&#10;        at java.util.concurrent.ThreadPoolExecutor.runWorker(ThreadPoolExecutor.java:1134)&#10;        at java.util.concurrent.ThreadPoolExecutor$Worker.run(ThreadPoolExecutor.java:624)&#10;        at java.lang.Thread.run(Thread.java:748)&#10;&quot;pool-237-thread-5&quot;  prio=5 tid=1425 in Object.wait()&#10;java.lang.Thread.State: WAITING (on object monitor)&#10;        at sun.misc.Unsafe.park(Native Method)&#10;        at java.util.concurrent.locks.LockSupport.park(LockSupport.java:175)&#10;        at java.util.concurrent.locks.AbstractQueuedSynchronizer$ConditionObject.await(AbstractQueuedSynchronizer.java:2039)&#10;        at java.util.concurrent.ArrayBlockingQueue.take(ArrayBlockingQueue.java:403)&#10;        at java.util.concurrent.ThreadPoolExecutor.getTask(ThreadPoolExecutor.java:1074)&#10;        at java.util.concurrent.ThreadPoolExecutor.runWorker(ThreadPoolExecutor.java:1134)&#10;        at java.util.concurrent.ThreadPoolExecutor$Worker.run(ThreadPoolExecutor.java:624)&#10;        at java.lang.Thread.run(Thread.java:748)&#10;&quot;pool-237-thread-25&quot;  prio=5 tid=1445 in Object.wait()&#10;java.lang.Thread.State: WAITING (on object monitor)&#10;        at sun.misc.Unsafe.park(Native Method)&#10;        at java.util.concurrent.locks.LockSupport.park(LockSupport.java:175)&#10;        at java.util.concurrent.locks.AbstractQueuedSynchronizer$ConditionObject.await(AbstractQueuedSynchronizer.java:2039)&#10;        at java.util.concurrent.ArrayBlockingQueue.take(ArrayBlockingQueue.java:403)&#10;        at java.util.concurrent.ThreadPoolExecutor.getTask(ThreadPoolExecutor.java:1074)&#10;        at java.util.concurrent.ThreadPoolExecutor.runWorker(ThreadPoolExecutor.java:1134)&#10;        at java.util.concurrent.ThreadPoolExecutor$Worker.run(ThreadPoolExecutor.java:624)&#10;        at java.lang.Thread.run(Thread.java:748)&#10;&quot;pool-237-thread-59&quot;  prio=5 tid=1479 in Object.wait()&#10;java.lang.Thread.State: WAITING (on object monitor)&#10;        at sun.misc.Unsafe.park(Native Method)&#10;        at java.util.concurrent.locks.LockSupport.park(LockSupport.java:175)&#10;        at java.util.concurrent.locks.AbstractQueuedSynchronizer$ConditionObject.await(AbstractQueuedSynchronizer.java:2039)&#10;        at java.util.concurrent.ArrayBlockingQueue.take(ArrayBlockingQueue.java:403)&#10;        at java.util.concurrent.ThreadPoolExecutor.getTask(ThreadPoolExecutor.java:1074)&#10;        at java.util.concurrent.ThreadPoolExecutor.runWorker(ThreadPoolExecutor.java:1134)&#10;        at java.util.concurrent.ThreadPoolExecutor$Worker.run(ThreadPoolExecutor.java:624)&#10;        at java.lang.Thread.run(Thread.java:748)&#10;&quot;IPC Server handler 18 on 36683&quot; daemon prio=5 tid=1044 timed_waiting&#10;java.lang.Thread.State: TIMED_WAITING&#10;        at sun.misc.Unsafe.park(Native Method)&#10;        at java.util.concurrent.locks.LockSupport.parkNanos(LockSupport.java:215)&#10;        at java.util.concurrent.locks.AbstractQueuedSynchronizer$ConditionObject.awaitNanos(AbstractQueuedSynchronizer.java:2078)&#10;        at java.util.concurrent.LinkedBlockingQueue.poll(LinkedBlockingQueue.java:467)&#10;        at org.apache.hadoop.ipc.CallQueueManager.take(CallQueueManager.java:288)&#10;        at org.apache.hadoop.ipc.Server$Handler.run(Server.java:2668)&#10;&quot;pool-174-thread-23&quot;  prio=5 tid=1262 in Object.wait()&#10;java.lang.Thread.State: WAITING (on object monitor)&#10;        at sun.misc.Unsafe.park(Native Method)&#10;        at java.util.concurrent.locks.LockSupport.park(LockSupport.java:175)&#10;        at java.util.concurrent.locks.AbstractQueuedSynchronizer$ConditionObject.await(AbstractQueuedSynchronizer.java:2039)&#10;        at java.util.concurrent.ArrayBlockingQueue.take(ArrayBlockingQueue.java:403)&#10;        at java.util.concurrent.ThreadPoolExecutor.getTask(ThreadPoolExecutor.java:1074)&#10;        at java.util.concurrent.ThreadPoolExecutor.runWorker(ThreadPoolExecutor.java:1134)&#10;        at java.util.concurrent.ThreadPoolExecutor$Worker.run(ThreadPoolExecutor.java:624)&#10;        at java.lang.Thread.run(Thread.java:748)&#10;&quot;pool-279-thread-22&quot;  prio=5 tid=1562 in Object.wait()&#10;java.lang.Thread.State: WAITING (on object monitor)&#10;        at sun.misc.Unsafe.park(Native Method)&#10;        at java.util.concurrent.locks.LockSupport.park(LockSupport.java:175)&#10;        at java.util.concurrent.locks.AbstractQueuedSynchronizer$ConditionObject.await(AbstractQueuedSynchronizer.java:2039)&#10;        at java.util.concurrent.ArrayBlockingQueue.take(ArrayBlockingQueue.java:403)&#10;        at java.util.concurrent.ThreadPoolExecutor.getTask(ThreadPoolExecutor.java:1074)&#10;        at java.util.concurrent.ThreadPoolExecutor.runWorker(ThreadPoolExecutor.java:1134)&#10;        at java.util.concurrent.ThreadPoolExecutor$Worker.run(ThreadPoolExecutor.java:624)&#10;        at java.lang.Thread.run(Thread.java:748)&#10;&quot;qtp1633584044-1010&quot; daemon prio=5 tid=1010 timed_waiting&#10;java.lang.Thread.State: TIMED_WAITING&#10;        at sun.misc.Unsafe.park(Native Method)&#10;        at java.util.concurrent.locks.LockSupport.parkNanos(LockSupport.java:215)&#10;        at java.util.concurrent.locks.AbstractQueuedSynchronizer$ConditionObject.awaitNanos(AbstractQueuedSynchronizer.java:2078)&#10;        at org.eclipse.jetty.util.BlockingArrayQueue.poll(BlockingArrayQueue.java:392)&#10;        at org.eclipse.jetty.util.thread.QueuedThreadPool.idleJobPoll(QueuedThreadPool.java:563)&#10;        at org.eclipse.jetty.util.thread.QueuedThreadPool.access$800(QueuedThreadPool.java:48)&#10;        at org.eclipse.jetty.util.thread.QueuedThreadPool$2.run(QueuedThreadPool.java:626)&#10;        at java.lang.Thread.run(Thread.java:748)&#10;&quot;pool-279-thread-47&quot;  prio=5 tid=1587 in Object.wait()&#10;java.lang.Thread.State: WAITING (on object monitor)&#10;        at sun.misc.Unsafe.park(Native Method)&#10;        at java.util.concurrent.locks.LockSupport.park(LockSupport.java:175)&#10;        at java.util.concurrent.locks.AbstractQueuedSynchronizer$ConditionObject.await(AbstractQueuedSynchronizer.java:2039)&#10;        at java.util.concurrent.ArrayBlockingQueue.take(ArrayBlockingQueue.java:403)&#10;        at java.util.concurrent.ThreadPoolExecutor.getTask(ThreadPoolExecutor.java:1074)&#10;        at java.util.concurrent.ThreadPoolExecutor.runWorker(ThreadPoolExecutor.java:1134)&#10;        at java.util.concurrent.ThreadPoolExecutor$Worker.run(ThreadPoolExecutor.java:624)&#10;        at java.lang.Thread.run(Thread.java:748)&#10;&quot;pool-279-thread-37&quot;  prio=5 tid=1577 in Object.wait()&#10;java.lang.Thread.State: WAITING (on object monitor)&#10;        at sun.misc.Unsafe.park(Native Method)&#10;        at java.util.concurrent.locks.LockSupport.park(LockSupport.java:175)&#10;        at java.util.concurrent.locks.AbstractQueuedSynchronizer$ConditionObject.await(AbstractQueuedSynchronizer.java:2039)&#10;        at java.util.concurrent.ArrayBlockingQueue.take(ArrayBlockingQueue.java:403)&#10;        at java.util.concurrent.ThreadPoolExecutor.getTask(ThreadPoolExecutor.java:1074)&#10;        at java.util.concurrent.ThreadPoolExecutor.runWorker(ThreadPoolExecutor.java:1134)&#10;        at java.util.concurrent.ThreadPoolExecutor$Worker.run(ThreadPoolExecutor.java:624)&#10;        at java.lang.Thread.run(Thread.java:748)&#10;&quot;qtp43402513-1099&quot; daemon prio=5 tid=1099 runnable&#10;java.lang.Thread.State: RUNNABLE&#10;        at sun.nio.ch.EPollArrayWrapper.epollWait(Native Method)&#10;        at sun.nio.ch.EPollArrayWrapper.poll(EPollArrayWrapper.java:269)&#10;        at sun.nio.ch.EPollSelectorImpl.doSelect(EPollSelectorImpl.java:93)&#10;        at sun.nio.ch.SelectorImpl.lockAndDoSelect(SelectorImpl.java:86)&#10;        at sun.nio.ch.SelectorImpl.select(SelectorImpl.java:97)&#10;        at sun.nio.ch.SelectorImpl.select(SelectorImpl.java:101)&#10;        at org.eclipse.jetty.io.ManagedSelector$SelectorProducer.select(ManagedSelector.java:243)&#10;        at org.eclipse.jetty.io.ManagedSelector$SelectorProducer.produce(ManagedSelector.java:191)&#10;        at org.eclipse.jetty.util.thread.strategy.ExecuteProduceConsume.executeProduceConsume(ExecuteProduceConsume.java:249)&#10;        at org.eclipse.jetty.util.thread.strategy.ExecuteProduceConsume.produceConsume(ExecuteProduceConsume.java:148)&#10;        at org.eclipse.jetty.util.thread.strategy.ExecuteProduceConsume.execute(ExecuteProduceConsume.java:100)&#10;        at org.eclipse.jetty.io.ManagedSelector.run(ManagedSelector.java:147)&#10;        at org.eclipse.jetty.util.thread.QueuedThreadPool.runJob(QueuedThreadPool.java:671)&#10;        at org.eclipse.jetty.util.thread.QueuedThreadPool$2.run(QueuedThreadPool.java:589)&#10;        at java.lang.Thread.run(Thread.java:748)&#10;&quot;pool-258-thread-13&quot;  prio=5 tid=1493 in Object.wait()&#10;java.lang.Thread.State: WAITING (on object monitor)&#10;        at sun.misc.Unsafe.park(Native Method)&#10;        at java.util.concurrent.locks.LockSupport.park(LockSupport.java:175)&#10;        at java.util.concurrent.locks.AbstractQueuedSynchronizer$ConditionObject.await(AbstractQueuedSynchronizer.java:2039)&#10;        at java.util.concurrent.ArrayBlockingQueue.take(ArrayBlockingQueue.java:403)&#10;        at java.util.concurrent.ThreadPoolExecutor.getTask(ThreadPoolExecutor.java:1074)&#10;        at java.util.concurrent.ThreadPoolExecutor.runWorker(ThreadPoolExecutor.java:1134)&#10;        at java.util.concurrent.ThreadPoolExecutor$Worker.run(ThreadPoolExecutor.java:624)&#10;        at java.lang.Thread.run(Thread.java:748)&#10;&quot;pool-174-thread-41&quot;  prio=5 tid=1280 in Object.wait()&#10;java.lang.Thread.State: WAITING (on object monitor)&#10;        at sun.misc.Unsafe.park(Native Method)&#10;        at java.util.concurrent.locks.LockSupport.park(LockSupport.java:175)&#10;        at java.util.concurrent.locks.AbstractQueuedSynchronizer$ConditionObject.await(AbstractQueuedSynchronizer.java:2039)&#10;        at java.util.concurrent.ArrayBlockingQueue.take(ArrayBlockingQueue.java:403)&#10;        at java.util.concurrent.ThreadPoolExecutor.getTask(ThreadPoolExecutor.java:1074)&#10;        at java.util.concurrent.ThreadPoolExecutor.runWorker(ThreadPoolExecutor.java:1134)&#10;        at java.util.concurrent.ThreadPoolExecutor$Worker.run(ThreadPoolExecutor.java:624)&#10;        at java.lang.Thread.run(Thread.java:748)&#10;&quot;qtp1814361629-1165&quot; daemon prio=5 tid=1165 timed_waiting&#10;java.lang.Thread.State: TIMED_WAITING&#10;        at sun.misc.Unsafe.park(Native Method)&#10;        at java.util.concurrent.locks.LockSupport.parkNanos(LockSupport.java:215)&#10;        at java.util.concurrent.locks.AbstractQueuedSynchronizer$ConditionObject.awaitNanos(AbstractQueuedSynchronizer.java:2078)&#10;        at org.eclipse.jetty.util.BlockingArrayQueue.poll(BlockingArrayQueue.java:392)&#10;        at org.eclipse.jetty.util.thread.QueuedThreadPool.idleJobPoll(QueuedThreadPool.java:563)&#10;        at org.eclipse.jetty.util.thread.QueuedThreadPool.access$800(QueuedThreadPool.java:48)&#10;        at org.eclipse.jetty.util.thread.QueuedThreadPool$2.run(QueuedThreadPool.java:626)&#10;        at java.lang.Thread.run(Thread.java:748)&#10;&quot;pool-279-thread-32&quot;  prio=5 tid=1572 in Object.wait()&#10;java.lang.Thread.State: WAITING (on object monitor)&#10;        at sun.misc.Unsafe.park(Native Method)&#10;        at java.util.concurrent.locks.LockSupport.park(LockSupport.java:175)&#10;        at java.util.concurrent.locks.AbstractQueuedSynchronizer$ConditionObject.await(AbstractQueuedSynchronizer.java:2039)&#10;        at java.util.concurrent.ArrayBlockingQueue.take(ArrayBlockingQueue.java:403)&#10;        at java.util.concurrent.ThreadPoolExecutor.getTask(ThreadPoolExecutor.java:1074)&#10;        at java.util.concurrent.ThreadPoolExecutor.runWorker(ThreadPoolExecutor.java:1134)&#10;        at java.util.concurrent.ThreadPoolExecutor$Worker.run(ThreadPoolExecutor.java:624)&#10;        at java.lang.Thread.run(Thread.java:748)&#10;&quot;pool-195-thread-54&quot;  prio=5 tid=1354 in Object.wait()&#10;java.lang.Thread.State: WAITING (on object monitor)&#10;        at sun.misc.Unsafe.park(Native Method)&#10;        at java.util.concurrent.locks.LockSupport.park(LockSupport.java:175)&#10;        at java.util.concurrent.locks.AbstractQueuedSynchronizer$ConditionObject.await(AbstractQueuedSynchronizer.java:2039)&#10;        at java.util.concurrent.ArrayBlockingQueue.take(ArrayBlockingQueue.java:403)&#10;        at java.util.concurrent.ThreadPoolExecutor.getTask(ThreadPoolExecutor.java:1074)&#10;        at java.util.concurrent.ThreadPoolExecutor.runWorker(ThreadPoolExecutor.java:1134)&#10;        at java.util.concurrent.ThreadPoolExecutor$Worker.run(ThreadPoolExecutor.java:624)&#10;        at java.lang.Thread.run(Thread.java:748)&#10;&quot;qtp1633584044-1006&quot; daemon prio=5 tid=1006 timed_waiting&#10;java.lang.Thread.State: TIMED_WAITING&#10;        at sun.misc.Unsafe.park(Native Method)&#10;        at java.util.concurrent.locks.LockSupport.parkNanos(LockSupport.java:215)&#10;        at java.util.concurrent.locks.AbstractQueuedSynchronizer$ConditionObject.awaitNanos(AbstractQueuedSynchronizer.java:2078)&#10;        at org.eclipse.jetty.util.BlockingArrayQueue.poll(BlockingArrayQueue.java:392)&#10;        at org.eclipse.jetty.util.thread.QueuedThreadPool.idleJobPoll(QueuedThreadPool.java:563)&#10;        at org.eclipse.jetty.util.thread.QueuedThreadPool.access$800(QueuedThreadPool.java:48)&#10;        at org.eclipse.jetty.util.thread.QueuedThreadPool$2.run(QueuedThreadPool.java:626)&#10;        at java.lang.Thread.run(Thread.java:748)&#10;&quot;pool-174-thread-57&quot;  prio=5 tid=1296 in Object.wait()&#10;java.lang.Thread.State: WAITING (on object monitor)&#10;        at sun.misc.Unsafe.park(Native Method)&#10;        at java.util.concurrent.locks.LockSupport.park(LockSupport.java:175)&#10;        at java.util.concurrent.locks.AbstractQueuedSynchronizer$ConditionObject.await(AbstractQueuedSynchronizer.java:2039)&#10;        at java.util.concurrent.ArrayBlockingQueue.take(ArrayBlockingQueue.java:403)&#10;        at java.util.concurrent.ThreadPoolExecutor.getTask(ThreadPoolExecutor.java:1074)&#10;        at java.util.concurrent.ThreadPoolExecutor.runWorker(ThreadPoolExecutor.java:1134)&#10;        at java.util.concurrent.ThreadPoolExecutor$Worker.run(ThreadPoolExecutor.java:624)&#10;        at java.lang.Thread.run(Thread.java:748)&#10;&quot;IPC Server handler 8 on 36683&quot; daemon prio=5 tid=1034 timed_waiting&#10;java.lang.Thread.State: TIMED_WAITING&#10;        at sun.misc.Unsafe.park(Native Method)&#10;        at java.util.concurrent.locks.LockSupport.parkNanos(LockSupport.java:215)&#10;        at java.util.concurrent.locks.AbstractQueuedSynchronizer$ConditionObject.awaitNanos(AbstractQueuedSynchronizer.java:2078)&#10;        at java.util.concurrent.LinkedBlockingQueue.poll(LinkedBlockingQueue.java:467)&#10;        at org.apache.hadoop.ipc.CallQueueManager.take(CallQueueManager.java:288)&#10;        at org.apache.hadoop.ipc.Server$Handler.run(Server.java:2668)&#10;&quot;pool-216-thread-13&quot;  prio=5 tid=1373 in Object.wait()&#10;java.lang.Thread.State: WAITING (on object monitor)&#10;        at sun.misc.Unsafe.park(Native Method)&#10;        at java.util.concurrent.locks.LockSupport.park(LockSupport.java:175)&#10;        at java.util.concurrent.locks.AbstractQueuedSynchronizer$ConditionObject.await(AbstractQueuedSynchronizer.java:2039)&#10;        at java.util.concurrent.ArrayBlockingQueue.take(ArrayBlockingQueue.java:403)&#10;        at java.util.concurrent.ThreadPoolExecutor.getTask(ThreadPoolExecutor.java:1074)&#10;        at java.util.concurrent.ThreadPoolExecutor.runWorker(ThreadPoolExecutor.java:1134)&#10;        at java.util.concurrent.ThreadPoolExecutor$Worker.run(ThreadPoolExecutor.java:624)&#10;        at java.lang.Thread.run(Thread.java:748)&#10;&quot;pool-195-thread-38&quot;  prio=5 tid=1338 in Object.wait()&#10;java.lang.Thread.State: WAITING (on object monitor)&#10;        at sun.misc.Unsafe.park(Native Method)&#10;        at java.util.concurrent.locks.LockSupport.park(LockSupport.java:175)&#10;        at java.util.concurrent.locks.AbstractQueuedSynchronizer$ConditionObject.await(AbstractQueuedSynchronizer.java:2039)&#10;        at java.util.concurrent.ArrayBlockingQueue.take(ArrayBlockingQueue.java:403)&#10;        at java.util.concurrent.ThreadPoolExecutor.getTask(ThreadPoolExecutor.java:1074)&#10;        at java.util.concurrent.ThreadPoolExecutor.runWorker(ThreadPoolExecutor.java:1134)&#10;        at java.util.concurrent.ThreadPoolExecutor$Worker.run(ThreadPoolExecutor.java:624)&#10;        at java.lang.Thread.run(Thread.java:748)&#10;&quot;Command processor thread&quot; daemon prio=5 tid=1116 timed_waiting&#10;java.lang.Thread.State: TIMED_WAITING&#10;        at java.lang.Thread.sleep(Native Method)&#10;        at org.apache.hadoop.ozone.container.common.statemachine.DatanodeStateMachine.lambda$initCommandHandlerThread$1(DatanodeStateMachine.java:439)&#10;        at org.apache.hadoop.ozone.container.common.statemachine.DatanodeStateMachine$$Lambda$144/707418368.run(Unknown Source)&#10;        at java.lang.Thread.run(Thread.java:748)&#10;&quot;BlockDeletingService#2&quot; daemon prio=5 tid=1837 in Object.wait()&#10;java.lang.Thread.State: WAITING (on object monitor)&#10;        at sun.misc.Unsafe.park(Native Method)&#10;        at java.util.concurrent.locks.LockSupport.park(LockSupport.java:175)&#10;        at java.util.concurrent.locks.AbstractQueuedSynchronizer$ConditionObject.await(AbstractQueuedSynchronizer.java:2039)&#10;        at java.util.concurrent.ScheduledThreadPoolExecutor$DelayedWorkQueue.take(ScheduledThreadPoolExecutor.java:1088)&#10;        at java.util.concurrent.ScheduledThreadPoolExecutor$DelayedWorkQueue.take(ScheduledThreadPoolExecutor.java:809)&#10;        at java.util.concurrent.ThreadPoolExecutor.getTask(ThreadPoolExecutor.java:1074)&#10;        at java.util.concurrent.ThreadPoolExecutor.runWorker(ThreadPoolExecutor.java:1134)&#10;        at java.util.concurrent.ThreadPoolExecutor$Worker.run(ThreadPoolExecutor.java:624)&#10;        at java.lang.Thread.run(Thread.java:748)&#10;&quot;IPC Server handler 11 on 36683&quot; daemon prio=5 tid=1037 timed_waiting&#10;java.lang.Thread.State: TIMED_WAITING&#10;        at sun.misc.Unsafe.park(Native Method)&#10;        at java.util.concurrent.locks.LockSupport.parkNanos(LockSupport.java:215)&#10;        at java.util.concurrent.locks.AbstractQueuedSynchronizer$ConditionObject.awaitNanos(AbstractQueuedSynchronizer.java:2078)&#10;        at java.util.concurrent.LinkedBlockingQueue.poll(LinkedBlockingQueue.java:467)&#10;        at org.apache.hadoop.ipc.CallQueueManager.take(CallQueueManager.java:288)&#10;        at org.apache.hadoop.ipc.Server$Handler.run(Server.java:2668)&#10;&quot;pool-195-thread-15&quot;  prio=5 tid=1315 in Object.wait()&#10;java.lang.Thread.State: WAITING (on object monitor)&#10;        at sun.misc.Unsafe.park(Native Method)&#10;        at java.util.concurrent.locks.LockSupport.park(LockSupport.java:175)&#10;        at java.util.concurrent.locks.AbstractQueuedSynchronizer$ConditionObject.await(AbstractQueuedSynchronizer.java:2039)&#10;        at java.util.concurrent.ArrayBlockingQueue.take(ArrayBlockingQueue.java:403)&#10;        at java.util.concurrent.ThreadPoolExecutor.getTask(ThreadPoolExecutor.java:1074)&#10;        at java.util.concurrent.ThreadPoolExecutor.runWorker(ThreadPoolExecutor.java:1134)&#10;        at java.util.concurrent.ThreadPoolExecutor$Worker.run(ThreadPoolExecutor.java:624)&#10;        at java.lang.Thread.run(Thread.java:748)&#10;&quot;IPC Server handler 8 on 35612&quot; daemon prio=5 tid=952 timed_waiting&#10;java.lang.Thread.State: TIMED_WAITING&#10;        at sun.misc.Unsafe.park(Native Method)&#10;        at java.util.concurrent.locks.LockSupport.parkNanos(LockSupport.java:215)&#10;        at java.util.concurrent.locks.AbstractQueuedSynchronizer$ConditionObject.awaitNanos(AbstractQueuedSynchronizer.java:2078)&#10;        at java.util.concurrent.LinkedBlockingQueue.poll(LinkedBlockingQueue.java:467)&#10;        at org.apache.hadoop.ipc.CallQueueManager.take(CallQueueManager.java:288)&#10;        at org.apache.hadoop.ipc.Server$Handler.run(Server.java:2668)&#10;&quot;pool-237-thread-60&quot;  prio=5 tid=1480 in Object.wait()&#10;java.lang.Thread.State: WAITING (on object monitor)&#10;        at sun.misc.Unsafe.park(Native Method)&#10;        at java.util.concurrent.locks.LockSupport.park(LockSupport.java:175)&#10;        at java.util.concurrent.locks.AbstractQueuedSynchronizer$ConditionObject.await(AbstractQueuedSynchronizer.java:2039)&#10;        at java.util.concurrent.ArrayBlockingQueue.take(ArrayBlockingQueue.java:403)&#10;        at java.util.concurrent.ThreadPoolExecutor.getTask(ThreadPoolExecutor.java:1074)&#10;        at java.util.concurrent.ThreadPoolExecutor.runWorker(ThreadPoolExecutor.java:1134)&#10;        at java.util.concurrent.ThreadPoolExecutor$Worker.run(ThreadPoolExecutor.java:624)&#10;        at java.lang.Thread.run(Thread.java:748)&#10;&quot;pool-237-thread-22&quot;  prio=5 tid=1442 in Object.wait()&#10;java.lang.Thread.State: WAITING (on object monitor)&#10;        at sun.misc.Unsafe.park(Native Method)&#10;        at java.util.concurrent.locks.LockSupport.park(LockSupport.java:175)&#10;        at java.util.concurrent.locks.AbstractQueuedSynchronizer$ConditionObject.await(AbstractQueuedSynchronizer.java:2039)&#10;        at java.util.concurrent.ArrayBlockingQueue.take(ArrayBlockingQueue.java:403)&#10;        at java.util.concurrent.ThreadPoolExecutor.getTask(ThreadPoolExecutor.java:1074)&#10;        at java.util.concurrent.ThreadPoolExecutor.runWorker(ThreadPoolExecutor.java:1134)&#10;        at java.util.concurrent.ThreadPoolExecutor$Worker.run(ThreadPoolExecutor.java:624)&#10;        at java.lang.Thread.run(Thread.java:748)&#10;&quot;pool-195-thread-53&quot;  prio=5 tid=1353 in Object.wait()&#10;java.lang.Thread.State: WAITING (on object monitor)&#10;        at sun.misc.Unsafe.park(Native Method)&#10;        at java.util.concurrent.locks.LockSupport.park(LockSupport.java:175)&#10;        at java.util.concurrent.locks.AbstractQueuedSynchronizer$ConditionObject.await(AbstractQueuedSynchronizer.java:2039)&#10;        at java.util.concurrent.ArrayBlockingQueue.take(ArrayBlockingQueue.java:403)&#10;        at java.util.concurrent.ThreadPoolExecutor.getTask(ThreadPoolExecutor.java:1074)&#10;        at java.util.concurrent.ThreadPoolExecutor.runWorker(ThreadPoolExecutor.java:1134)&#10;        at java.util.concurrent.ThreadPoolExecutor$Worker.run(ThreadPoolExecutor.java:624)&#10;        at java.lang.Thread.run(Thread.java:748)&#10;&quot;IPC Server Responder&quot; daemon prio=5 tid=936 runnable&#10;java.lang.Thread.State: RUNNABLE&#10;        at sun.nio.ch.EPollArrayWrapper.epollWait(Native Method)&#10;        at sun.nio.ch.EPollArrayWrapper.poll(EPollArrayWrapper.java:269)&#10;        at sun.nio.ch.EPollSelectorImpl.doSelect(EPollSelectorImpl.java:93)&#10;        at sun.nio.ch.SelectorImpl.lockAndDoSelect(SelectorImpl.java:86)&#10;        at sun.nio.ch.SelectorImpl.select(SelectorImpl.java:97)&#10;        at org.apache.hadoop.ipc.Server$Responder.doRunLoop(Server.java:1334)&#10;        at org.apache.hadoop.ipc.Server$Responder.run(Server.java:1317)&#10;&quot;pool-174-thread-42&quot;  prio=5 tid=1281 in Object.wait()&#10;java.lang.Thread.State: WAITING (on object monitor)&#10;        at sun.misc.Unsafe.park(Native Method)&#10;        at java.util.concurrent.locks.LockSupport.park(LockSupport.java:175)&#10;        at java.util.concurrent.locks.AbstractQueuedSynchronizer$ConditionObject.await(AbstractQueuedSynchronizer.java:2039)&#10;        at java.util.concurrent.ArrayBlockingQueue.take(ArrayBlockingQueue.java:403)&#10;        at java.util.concurrent.ThreadPoolExecutor.getTask(ThreadPoolExecutor.java:1074)&#10;        at java.util.concurrent.ThreadPoolExecutor.runWorker(ThreadPoolExecutor.java:1134)&#10;        at java.util.concurrent.ThreadPoolExecutor$Worker.run(ThreadPoolExecutor.java:624)&#10;        at java.lang.Thread.run(Thread.java:748)&#10;&quot;qtp1814361629-1163&quot; daemon prio=5 tid=1163 timed_waiting&#10;java.lang.Thread.State: TIMED_WAITING&#10;        at sun.misc.Unsafe.park(Native Method)&#10;        at java.util.concurrent.locks.LockSupport.parkNanos(LockSupport.java:215)&#10;        at java.util.concurrent.locks.AbstractQueuedSynchronizer$ConditionObject.awaitNanos(AbstractQueuedSynchronizer.java:2078)&#10;        at org.eclipse.jetty.util.BlockingArrayQueue.poll(BlockingArrayQueue.java:392)&#10;        at org.eclipse.jetty.util.thread.QueuedThreadPool.idleJobPoll(QueuedThreadPool.java:563)&#10;        at org.eclipse.jetty.util.thread.QueuedThreadPool.access$800(QueuedThreadPool.java:48)&#10;        at org.eclipse.jetty.util.thread.QueuedThreadPool$2.run(QueuedThreadPool.java:626)&#10;        at java.lang.Thread.run(Thread.java:748)&#10;&quot;IPC Server handler 4 on 36683&quot; daemon prio=5 tid=1030 timed_waiting&#10;java.lang.Thread.State: TIMED_WAITING&#10;        at sun.misc.Unsafe.park(Native Method)&#10;        at java.util.concurrent.locks.LockSupport.parkNanos(LockSupport.java:215)&#10;        at java.util.concurrent.locks.AbstractQueuedSynchronizer$ConditionObject.awaitNanos(AbstractQueuedSynchronizer.java:2078)&#10;        at java.util.concurrent.LinkedBlockingQueue.poll(LinkedBlockingQueue.java:467)&#10;        at org.apache.hadoop.ipc.CallQueueManager.take(CallQueueManager.java:288)&#10;        at org.apache.hadoop.ipc.Server$Handler.run(Server.java:2668)&#10;&quot;refreshUsed-/tmp/workdir/hadoop-ozone/integration-test/target/test-dir/MiniOzoneClusterImpl-d6a8514b-9f5a-4ec7-be91-cc3589120d34/datanode-4/data/containers&quot; daemon prio=5 tid=1182 timed_waiting&#10;java.lang.Thread.State: TIMED_WAITING&#10;        at java.lang.Thread.sleep(Native Method)&#10;        at org.apache.hadoop.fs.CachingGetSpaceUsed$RefreshThread.run(CachingGetSpaceUsed.java:179)&#10;        at java.lang.Thread.run(Thread.java:748)&#10;&quot;nioEventLoopGroup-18-1&quot;  prio=10 tid=1140 runnable&#10;java.lang.Thread.State: RUNNABLE&#10;        at sun.nio.ch.EPollArrayWrapper.epollWait(Native Method)&#10;        at sun.nio.ch.EPollArrayWrapper.poll(EPollArrayWrapper.java:269)&#10;        at sun.nio.ch.EPollSelectorImpl.doSelect(EPollSelectorImpl.java:93)&#10;        at sun.nio.ch.SelectorImpl.lockAndDoSelect(SelectorImpl.java:86)&#10;        at sun.nio.ch.SelectorImpl.select(SelectorImpl.java:97)&#10;        at io.netty.channel.nio.SelectedSelectionKeySetSelector.select(SelectedSelectionKeySetSelector.java:62)&#10;        at io.netty.channel.nio.NioEventLoop.select(NioEventLoop.java:753)&#10;        at io.netty.channel.nio.NioEventLoop.run(NioEventLoop.java:408)&#10;        at io.netty.util.concurrent.SingleThreadEventExecutor$5.run(SingleThreadEventExecutor.java:897)&#10;        at io.netty.util.concurrent.FastThreadLocalRunnable.run(FastThreadLocalRunnable.java:30)&#10;        at java.lang.Thread.run(Thread.java:748)&#10;&quot;Thread-675&quot; daemon prio=5 tid=1680 timed_waiting&#10;java.lang.Thread.State: TIMED_WAITING&#10;        at sun.misc.Unsafe.park(Native Method)&#10;        at java.util.concurrent.locks.LockSupport.parkNanos(LockSupport.java:215)&#10;        at java.util.concurrent.locks.AbstractQueuedSynchronizer$ConditionObject.awaitNanos(AbstractQueuedSynchronizer.java:2078)&#10;        at java.util.concurrent.ArrayBlockingQueue.poll(ArrayBlockingQueue.java:418)&#10;        at org.apache.ratis.server.impl.LeaderState$EventQueue.poll(LeaderState.java:114)&#10;        at org.apache.ratis.server.impl.LeaderState$EventProcessor.run(LeaderState.java:451)&#10;&quot;CommandWatcher-LeaseManager#LeaseMonitor&quot; daemon prio=5 tid=943 timed_waiting&#10;java.lang.Thread.State: TIMED_WAITING&#10;        at java.lang.Thread.sleep(Native Method)&#10;        at org.apache.hadoop.ozone.lease.LeaseManager$LeaseMonitor.run(LeaseManager.java:234)&#10;        at java.lang.Thread.run(Thread.java:748)&#10;&quot;pool-258-thread-35&quot;  prio=5 tid=1515 in Object.wait()&#10;java.lang.Thread.State: WAITING (on object monitor)&#10;        at sun.misc.Unsafe.park(Native Method)&#10;        at java.util.concurrent.locks.LockSupport.park(LockSupport.java:175)&#10;        at java.util.concurrent.locks.AbstractQueuedSynchronizer$ConditionObject.await(AbstractQueuedSynchronizer.java:2039)&#10;        at java.util.concurrent.ArrayBlockingQueue.take(ArrayBlockingQueue.java:403)&#10;        at java.util.concurrent.ThreadPoolExecutor.getTask(ThreadPoolExecutor.java:1074)&#10;        at java.util.concurrent.ThreadPoolExecutor.runWorker(ThreadPoolExecutor.java:1134)&#10;        at java.util.concurrent.ThreadPoolExecutor$Worker.run(ThreadPoolExecutor.java:624)&#10;        at java.lang.Thread.run(Thread.java:748)&#10;&quot;pool-258-thread-54&quot;  prio=5 tid=1534 in Object.wait()&#10;java.lang.Thread.State: WAITING (on object monitor)&#10;        at sun.misc.Unsafe.park(Native Method)&#10;        at java.util.concurrent.locks.LockSupport.park(LockSupport.java:175)&#10;        at java.util.concurrent.locks.AbstractQueuedSynchronizer$ConditionObject.await(AbstractQueuedSynchronizer.java:2039)&#10;        at java.util.concurrent.ArrayBlockingQueue.take(ArrayBlockingQueue.java:403)&#10;        at java.util.concurrent.ThreadPoolExecutor.getTask(ThreadPoolExecutor.java:1074)&#10;        at java.util.concurrent.ThreadPoolExecutor.runWorker(ThreadPoolExecutor.java:1134)&#10;        at java.util.concurrent.ThreadPoolExecutor$Worker.run(ThreadPoolExecutor.java:624)&#10;        at java.lang.Thread.run(Thread.java:748)&#10;&quot;IPC Server handler 5 on 36683&quot; daemon prio=5 tid=1031 timed_waiting&#10;java.lang.Thread.State: TIMED_WAITING&#10;        at sun.misc.Unsafe.park(Native Method)&#10;        at java.util.concurrent.locks.LockSupport.parkNanos(LockSupport.java:215)&#10;        at java.util.concurrent.locks.AbstractQueuedSynchronizer$ConditionObject.awaitNanos(AbstractQueuedSynchronizer.java:2078)&#10;        at java.util.concurrent.LinkedBlockingQueue.poll(LinkedBlockingQueue.java:467)&#10;        at org.apache.hadoop.ipc.CallQueueManager.take(CallQueueManager.java:288)&#10;        at org.apache.hadoop.ipc.Server$Handler.run(Server.java:2668)&#10;&quot;pool-258-thread-24&quot;  prio=5 tid=1504 in Object.wait()&#10;java.lang.Thread.State: WAITING (on object monitor)&#10;        at sun.misc.Unsafe.park(Native Method)&#10;        at java.util.concurrent.locks.LockSupport.park(LockSupport.java:175)&#10;        at java.util.concurrent.locks.AbstractQueuedSynchronizer$ConditionObject.await(AbstractQueuedSynchronizer.java:2039)&#10;        at java.util.concurrent.ArrayBlockingQueue.take(ArrayBlockingQueue.java:403)&#10;        at java.util.concurrent.ThreadPoolExecutor.getTask(ThreadPoolExecutor.java:1074)&#10;        at java.util.concurrent.ThreadPoolExecutor.runWorker(ThreadPoolExecutor.java:1134)&#10;        at java.util.concurrent.ThreadPoolExecutor$Worker.run(ThreadPoolExecutor.java:624)&#10;        at java.lang.Thread.run(Thread.java:748)&#10;&quot;pool-258-thread-45&quot;  prio=5 tid=1525 in Object.wait()&#10;java.lang.Thread.State: WAITING (on object monitor)&#10;        at sun.misc.Unsafe.park(Native Method)&#10;        at java.util.concurrent.locks.LockSupport.park(LockSupport.java:175)&#10;        at java.util.concurrent.locks.AbstractQueuedSynchronizer$ConditionObject.await(AbstractQueuedSynchronizer.java:2039)&#10;        at java.util.concurrent.ArrayBlockingQueue.take(ArrayBlockingQueue.java:403)&#10;        at java.util.concurrent.ThreadPoolExecutor.getTask(ThreadPoolExecutor.java:1074)&#10;        at java.util.concurrent.ThreadPoolExecutor.runWorker(ThreadPoolExecutor.java:1134)&#10;        at java.util.concurrent.ThreadPoolExecutor$Worker.run(ThreadPoolExecutor.java:624)&#10;        at java.lang.Thread.run(Thread.java:748)&#10;&quot;pool-279-thread-58&quot;  prio=5 tid=1598 in Object.wait()&#10;java.lang.Thread.State: WAITING (on object monitor)&#10;        at sun.misc.Unsafe.park(Native Method)&#10;        at java.util.concurrent.locks.LockSupport.park(LockSupport.java:175)&#10;        at java.util.concurrent.locks.AbstractQueuedSynchronizer$ConditionObject.await(AbstractQueuedSynchronizer.java:2039)&#10;        at java.util.concurrent.ArrayBlockingQueue.take(ArrayBlockingQueue.java:403)&#10;        at java.util.concurrent.ThreadPoolExecutor.getTask(ThreadPoolExecutor.java:1074)&#10;        at java.util.concurrent.ThreadPoolExecutor.runWorker(ThreadPoolExecutor.java:1134)&#10;        at java.util.concurrent.ThreadPoolExecutor$Worker.run(ThreadPoolExecutor.java:624)&#10;        at java.lang.Thread.run(Thread.java:748)&#10;&quot;SCMBlockDeletingService#0&quot; daemon prio=5 tid=1015 timed_waiting&#10;java.lang.Thread.State: TIMED_WAITING&#10;        at sun.misc.Unsafe.park(Native Method)&#10;        at java.util.concurrent.locks.LockSupport.parkNanos(LockSupport.java:215)&#10;        at java.util.concurrent.locks.AbstractQueuedSynchronizer$ConditionObject.awaitNanos(AbstractQueuedSynchronizer.java:2078)&#10;        at java.util.concurrent.ScheduledThreadPoolExecutor$DelayedWorkQueue.take(ScheduledThreadPoolExecutor.java:1093)&#10;        at java.util.concurrent.ScheduledThreadPoolExecutor$DelayedWorkQueue.take(ScheduledThreadPoolExecutor.java:809)&#10;        at java.util.concurrent.ThreadPoolExecutor.getTask(ThreadPoolExecutor.java:1074)&#10;        at java.util.concurrent.ThreadPoolExecutor.runWorker(ThreadPoolExecutor.java:1134)&#10;        at java.util.concurrent.ThreadPoolExecutor$Worker.run(ThreadPoolExecutor.java:624)&#10;        at java.lang.Thread.run(Thread.java:748)&#10;&quot;pool-216-thread-33&quot;  prio=5 tid=1393 in Object.wait()&#10;java.lang.Thread.State: WAITING (on object monitor)&#10;        at sun.misc.Unsafe.park(Native Method)&#10;        at java.util.concurrent.locks.LockSupport.park(LockSupport.java:175)&#10;        at java.util.concurrent.locks.AbstractQueuedSynchronizer$ConditionObject.await(AbstractQueuedSynchronizer.java:2039)&#10;        at java.util.concurrent.ArrayBlockingQueue.take(ArrayBlockingQueue.java:403)&#10;        at java.util.concurrent.ThreadPoolExecutor.getTask(ThreadPoolExecutor.java:1074)&#10;        at java.util.concurrent.ThreadPoolExecutor.runWorker(ThreadPoolExecutor.java:1134)&#10;        at java.util.concurrent.ThreadPoolExecutor$Worker.run(ThreadPoolExecutor.java:624)&#10;        at java.lang.Thread.run(Thread.java:748)&#10;&quot;pool-174-thread-36&quot;  prio=5 tid=1275 in Object.wait()&#10;java.lang.Thread.State: WAITING (on object monitor)&#10;        at sun.misc.Unsafe.park(Native Method)&#10;        at java.util.concurrent.locks.LockSupport.park(LockSupport.java:175)&#10;        at java.util.concurrent.locks.AbstractQueuedSynchronizer$ConditionObject.await(AbstractQueuedSynchronizer.java:2039)&#10;        at java.util.concurrent.ArrayBlockingQueue.take(ArrayBlockingQueue.java:403)&#10;        at java.util.concurrent.ThreadPoolExecutor.getTask(ThreadPoolExecutor.java:1074)&#10;        at java.util.concurrent.ThreadPoolExecutor.runWorker(ThreadPoolExecutor.java:1134)&#10;        at java.util.concurrent.ThreadPoolExecutor$Worker.run(ThreadPoolExecutor.java:624)&#10;        at java.lang.Thread.run(Thread.java:748)&#10;&quot;Periodic HDDS volume checker&quot;  prio=5 tid=1210 timed_waiting&#10;java.lang.Thread.State: TIMED_WAITING&#10;        at sun.misc.Unsafe.park(Native Method)&#10;        at java.util.concurrent.locks.LockSupport.parkNanos(LockSupport.java:215)&#10;        at java.util.concurrent.locks.AbstractQueuedSynchronizer$ConditionObject.awaitNanos(AbstractQueuedSynchronizer.java:2078)&#10;        at java.util.concurrent.ScheduledThreadPoolExecutor$DelayedWorkQueue.take(ScheduledThreadPoolExecutor.java:1093)&#10;        at java.util.concurrent.ScheduledThreadPoolExecutor$DelayedWorkQueue.take(ScheduledThreadPoolExecutor.java:809)&#10;        at java.util.concurrent.ThreadPoolExecutor.getTask(ThreadPoolExecutor.java:1074)&#10;        at java.util.concurrent.ThreadPoolExecutor.runWorker(ThreadPoolExecutor.java:1134)&#10;        at java.util.concurrent.ThreadPoolExecutor$Worker.run(ThreadPoolExecutor.java:624)&#10;        at java.lang.Thread.run(Thread.java:748)&#10;&quot;pool-279-thread-27&quot;  prio=5 tid=1567 in Object.wait()&#10;java.lang.Thread.State: WAITING (on object monitor)&#10;        at sun.misc.Unsafe.park(Native Method)&#10;        at java.util.concurrent.locks.LockSupport.park(LockSupport.java:175)&#10;        at java.util.concurrent.locks.AbstractQueuedSynchronizer$ConditionObject.await(AbstractQueuedSynchronizer.java:2039)&#10;        at java.util.concurrent.ArrayBlockingQueue.take(ArrayBlockingQueue.java:403)&#10;        at java.util.concurrent.ThreadPoolExecutor.getTask(ThreadPoolExecutor.java:1074)&#10;        at java.util.concurrent.ThreadPoolExecutor.runWorker(ThreadPoolExecutor.java:1134)&#10;        at java.util.concurrent.ThreadPoolExecutor$Worker.run(ThreadPoolExecutor.java:624)&#10;        at java.lang.Thread.run(Thread.java:748)&#10;&quot;pool-240-thread-1&quot;  prio=5 tid=1742 in Object.wait()&#10;java.lang.Thread.State: WAITING (on object monitor)&#10;        at sun.misc.Unsafe.park(Native Method)&#10;        at java.util.concurrent.locks.LockSupport.park(LockSupport.java:175)&#10;        at java.util.concurrent.locks.AbstractQueuedSynchronizer$ConditionObject.await(AbstractQueuedSynchronizer.java:2039)&#10;        at java.util.concurrent.LinkedBlockingQueue.take(LinkedBlockingQueue.java:442)&#10;        at java.util.concurrent.ThreadPoolExecutor.getTask(ThreadPoolExecutor.java:1074)&#10;        at java.util.concurrent.ThreadPoolExecutor.runWorker(ThreadPoolExecutor.java:1134)&#10;        at java.util.concurrent.ThreadPoolExecutor$Worker.run(ThreadPoolExecutor.java:624)&#10;        at java.lang.Thread.run(Thread.java:748)&#10;&quot;org.apache.ratis.server.impl.LogAppender$AppenderDaemon$$Lambda$519/1176991522@6e594170&quot; daemon prio=5 tid=1722 timed_waiting&#10;java.lang.Thread.State: TIMED_WAITING&#10;        at java.lang.Object.wait(Native Method)&#10;        at org.apache.ratis.grpc.server.GrpcLogAppender.mayWait(GrpcLogAppender.java:141)&#10;        at org.apache.ratis.grpc.server.GrpcLogAppender.runAppenderImpl(GrpcLogAppender.java:95)&#10;        at org.apache.ratis.server.impl.LogAppender$AppenderDaemon.run(LogAppender.java:80)&#10;        at org.apache.ratis.server.impl.LogAppender$AppenderDaemon$$Lambda$519/1176991522.run(Unknown Source)&#10;        at java.lang.Thread.run(Thread.java:748)&#10;&quot;pool-195-thread-6&quot;  prio=5 tid=1306 in Object.wait()&#10;java.lang.Thread.State: WAITING (on object monitor)&#10;        at sun.misc.Unsafe.park(Native Method)&#10;        at java.util.concurrent.locks.LockSupport.park(LockSupport.java:175)&#10;        at java.util.concurrent.locks.AbstractQueuedSynchronizer$ConditionObject.await(AbstractQueuedSynchronizer.java:2039)&#10;        at java.util.concurrent.ArrayBlockingQueue.take(ArrayBlockingQueue.java:403)&#10;        at java.util.concurrent.ThreadPoolExecutor.getTask(ThreadPoolExecutor.java:1074)&#10;        at java.util.concurrent.ThreadPoolExecutor.runWorker(ThreadPoolExecutor.java:1134)&#10;        at java.util.concurrent.ThreadPoolExecutor$Worker.run(ThreadPoolExecutor.java:624)&#10;        at java.lang.Thread.run(Thread.java:748)&#10;&quot;IPC Server handler 16 on 42412&quot; daemon prio=5 tid=980 timed_waiting&#10;java.lang.Thread.State: TIMED_WAITING&#10;        at sun.misc.Unsafe.park(Native Method)&#10;        at java.util.concurrent.locks.LockSupport.parkNanos(LockSupport.java:215)&#10;        at java.util.concurrent.locks.AbstractQueuedSynchronizer$ConditionObject.awaitNanos(AbstractQueuedSynchronizer.java:2078)&#10;        at java.util.concurrent.LinkedBlockingQueue.poll(LinkedBlockingQueue.java:467)&#10;        at org.apache.hadoop.ipc.CallQueueManager.take(CallQueueManager.java:288)&#10;        at org.apache.hadoop.ipc.Server$Handler.run(Server.java:2668)&#10;&quot;pool-258-thread-19&quot;  prio=5 tid=1499 in Object.wait()&#10;java.lang.Thread.State: WAITING (on object monitor)&#10;        at sun.misc.Unsafe.park(Native Method)&#10;        at java.util.concurrent.locks.LockSupport.park(LockSupport.java:175)&#10;        at java.util.concurrent.locks.AbstractQueuedSynchronizer$ConditionObject.await(AbstractQueuedSynchronizer.java:2039)&#10;        at java.util.concurrent.ArrayBlockingQueue.take(ArrayBlockingQueue.java:403)&#10;        at java.util.concurrent.ThreadPoolExecutor.getTask(ThreadPoolExecutor.java:1074)&#10;        at java.util.concurrent.ThreadPoolExecutor.runWorker(ThreadPoolExecutor.java:1134)&#10;        at java.util.concurrent.ThreadPoolExecutor$Worker.run(ThreadPoolExecutor.java:624)&#10;        at java.lang.Thread.run(Thread.java:748)&#10;&quot;pool-258-thread-7&quot;  prio=5 tid=1487 in Object.wait()&#10;java.lang.Thread.State: WAITING (on object monitor)&#10;        at sun.misc.Unsafe.park(Native Method)&#10;        at java.util.concurrent.locks.LockSupport.park(LockSupport.java:175)&#10;        at java.util.concurrent.locks.AbstractQueuedSynchronizer$ConditionObject.await(AbstractQueuedSynchronizer.java:2039)&#10;        at java.util.concurrent.ArrayBlockingQueue.take(ArrayBlockingQueue.java:403)&#10;        at java.util.concurrent.ThreadPoolExecutor.getTask(ThreadPoolExecutor.java:1074)&#10;        at java.util.concurrent.ThreadPoolExecutor.runWorker(ThreadPoolExecutor.java:1134)&#10;        at java.util.concurrent.ThreadPoolExecutor$Worker.run(ThreadPoolExecutor.java:624)&#10;        at java.lang.Thread.run(Thread.java:748)&#10;&quot;pool-237-thread-15&quot;  prio=5 tid=1435 in Object.wait()&#10;java.lang.Thread.State: WAITING (on object monitor)&#10;        at sun.misc.Unsafe.park(Native Method)&#10;        at java.util.concurrent.locks.LockSupport.park(LockSupport.java:175)&#10;        at java.util.concurrent.locks.AbstractQueuedSynchronizer$ConditionObject.await(AbstractQueuedSynchronizer.java:2039)&#10;        at java.util.concurrent.ArrayBlockingQueue.take(ArrayBlockingQueue.java:403)&#10;        at java.util.concurrent.ThreadPoolExecutor.getTask(ThreadPoolExecutor.java:1074)&#10;        at java.util.concurrent.ThreadPoolExecutor.runWorker(ThreadPoolExecutor.java:1134)&#10;        at java.util.concurrent.ThreadPoolExecutor$Worker.run(ThreadPoolExecutor.java:624)&#10;        at java.lang.Thread.run(Thread.java:748)&#10;&quot;pool-195-thread-18&quot;  prio=5 tid=1318 in Object.wait()&#10;java.lang.Thread.State: WAITING (on object monitor)&#10;        at sun.misc.Unsafe.park(Native Method)&#10;        at java.util.concurrent.locks.LockSupport.park(LockSupport.java:175)&#10;        at java.util.concurrent.locks.AbstractQueuedSynchronizer$ConditionObject.await(AbstractQueuedSynchronizer.java:2039)&#10;        at java.util.concurrent.ArrayBlockingQueue.take(ArrayBlockingQueue.java:403)&#10;        at java.util.concurrent.ThreadPoolExecutor.getTask(ThreadPoolExecutor.java:1074)&#10;        at java.util.concurrent.ThreadPoolExecutor.runWorker(ThreadPoolExecutor.java:1134)&#10;        at java.util.concurrent.ThreadPoolExecutor$Worker.run(ThreadPoolExecutor.java:624)&#10;        at java.lang.Thread.run(Thread.java:748)&#10;&quot;Thread-679&quot; daemon prio=5 tid=1684 timed_waiting&#10;java.lang.Thread.State: TIMED_WAITING&#10;        at sun.misc.Unsafe.park(Native Method)&#10;        at java.util.concurrent.locks.LockSupport.parkNanos(LockSupport.java:215)&#10;        at java.util.concurrent.locks.AbstractQueuedSynchronizer$ConditionObject.awaitNanos(AbstractQueuedSynchronizer.java:2078)&#10;        at java.util.concurrent.ArrayBlockingQueue.poll(ArrayBlockingQueue.java:418)&#10;        at org.apache.ratis.server.impl.LeaderState$EventQueue.poll(LeaderState.java:114)&#10;        at org.apache.ratis.server.impl.LeaderState$EventProcessor.run(LeaderState.java:451)&#10;&quot;EventQueue-SafemodestatusForSafeModeHandler&quot; daemon prio=5 tid=1608 in Object.wait()&#10;java.lang.Thread.State: WAITING (on object monitor)&#10;        at sun.misc.Unsafe.park(Native Method)&#10;        at java.util.concurrent.locks.LockSupport.park(LockSupport.java:175)&#10;        at java.util.concurrent.locks.AbstractQueuedSynchronizer$ConditionObject.await(AbstractQueuedSynchronizer.java:2039)&#10;        at java.util.concurrent.LinkedBlockingQueue.take(LinkedBlockingQueue.java:442)&#10;        at java.util.concurrent.ThreadPoolExecutor.getTask(ThreadPoolExecutor.java:1074)&#10;        at java.util.concurrent.ThreadPoolExecutor.runWorker(ThreadPoolExecutor.java:1134)&#10;        at java.util.concurrent.ThreadPoolExecutor$Worker.run(ThreadPoolExecutor.java:624)&#10;        at java.lang.Thread.run(Thread.java:748)&#10;&quot;pool-174-thread-28&quot;  prio=5 tid=1267 in Object.wait()&#10;java.lang.Thread.State: WAITING (on object monitor)&#10;        at sun.misc.Unsafe.park(Native Method)&#10;        at java.util.concurrent.locks.LockSupport.park(LockSupport.java:175)&#10;        at java.util.concurrent.locks.AbstractQueuedSynchronizer$ConditionObject.await(AbstractQueuedSynchronizer.java:2039)&#10;        at java.util.concurrent.ArrayBlockingQueue.take(ArrayBlockingQueue.java:403)&#10;        at java.util.concurrent.ThreadPoolExecutor.getTask(ThreadPoolExecutor.java:1074)&#10;        at java.util.concurrent.ThreadPoolExecutor.runWorker(ThreadPoolExecutor.java:1134)&#10;        at java.util.concurrent.ThreadPoolExecutor$Worker.run(ThreadPoolExecutor.java:624)&#10;        at java.lang.Thread.run(Thread.java:748)&#10;&quot;pool-279-thread-56&quot;  prio=5 tid=1596 in Object.wait()&#10;java.lang.Thread.State: WAITING (on object monitor)&#10;        at sun.misc.Unsafe.park(Native Method)&#10;        at java.util.concurrent.locks.LockSupport.park(LockSupport.java:175)&#10;        at java.util.concurrent.locks.AbstractQueuedSynchronizer$ConditionObject.await(AbstractQueuedSynchronizer.java:2039)&#10;        at java.util.concurrent.ArrayBlockingQueue.take(ArrayBlockingQueue.java:403)&#10;        at java.util.concurrent.ThreadPoolExecutor.getTask(ThreadPoolExecutor.java:1074)&#10;        at java.util.concurrent.ThreadPoolExecutor.runWorker(ThreadPoolExecutor.java:1134)&#10;        at java.util.concurrent.ThreadPoolExecutor$Worker.run(ThreadPoolExecutor.java:624)&#10;        at java.lang.Thread.run(Thread.java:748)&#10;&quot;IPC Server handler 4 on 35612&quot; daemon prio=5 tid=948 timed_waiting&#10;java.lang.Thread.State: TIMED_WAITING&#10;        at sun.misc.Unsafe.park(Native Method)&#10;        at java.util.concurrent.locks.LockSupport.parkNanos(LockSupport.java:215)&#10;        at java.util.concurrent.locks.AbstractQueuedSynchronizer$ConditionObject.awaitNanos(AbstractQueuedSynchronizer.java:2078)&#10;        at java.util.concurrent.LinkedBlockingQueue.poll(LinkedBlockingQueue.java:467)&#10;        at org.apache.hadoop.ipc.CallQueueManager.take(CallQueueManager.java:288)&#10;        at org.apache.hadoop.ipc.Server$Handler.run(Server.java:2668)&#10;&quot;grpc-shared-destroyer-0&quot; daemon prio=5 tid=926 in Object.wait()&#10;java.lang.Thread.State: WAITING (on object monitor)&#10;        at sun.misc.Unsafe.park(Native Method)&#10;        at java.util.concurrent.locks.LockSupport.park(LockSupport.java:175)&#10;        at java.util.concurrent.locks.AbstractQueuedSynchronizer$ConditionObject.await(AbstractQueuedSynchronizer.java:2039)&#10;        at java.util.concurrent.ScheduledThreadPoolExecutor$DelayedWorkQueue.take(ScheduledThreadPoolExecutor.java:1081)&#10;        at java.util.concurrent.ScheduledThreadPoolExecutor$DelayedWorkQueue.take(ScheduledThreadPoolExecutor.java:809)&#10;        at java.util.concurrent.ThreadPoolExecutor.getTask(ThreadPoolExecutor.java:1074)&#10;        at java.util.concurrent.ThreadPoolExecutor.runWorker(ThreadPoolExecutor.java:1134)&#10;        at java.util.concurrent.ThreadPoolExecutor$Worker.run(ThreadPoolExecutor.java:624)&#10;        at java.lang.Thread.run(Thread.java:748)&#10;&quot;qtp2037147839-1049&quot; daemon prio=5 tid=1049 timed_waiting&#10;java.lang.Thread.State: TIMED_WAITING&#10;        at sun.misc.Unsafe.park(Native Method)&#10;        at java.util.concurrent.locks.LockSupport.parkNanos(LockSupport.java:215)&#10;        at java.util.concurrent.locks.AbstractQueuedSynchronizer$ConditionObject.awaitNanos(AbstractQueuedSynchronizer.java:2078)&#10;        at org.eclipse.jetty.util.BlockingArrayQueue.poll(BlockingArrayQueue.java:392)&#10;        at org.eclipse.jetty.util.thread.QueuedThreadPool.idleJobPoll(QueuedThreadPool.java:563)&#10;        at org.eclipse.jetty.util.thread.QueuedThreadPool.access$800(QueuedThreadPool.java:48)&#10;        at org.eclipse.jetty.util.thread.QueuedThreadPool$2.run(QueuedThreadPool.java:626)&#10;        at java.lang.Thread.run(Thread.java:748)&#10;&quot;qtp2037147839-1052&quot; daemon prio=5 tid=1052 timed_waiting&#10;java.lang.Thread.State: TIMED_WAITING&#10;        at sun.misc.Unsafe.park(Native Method)&#10;        at java.util.concurrent.locks.LockSupport.parkNanos(LockSupport.java:215)&#10;        at java.util.concurrent.locks.AbstractQueuedSynchronizer$ConditionObject.awaitNanos(AbstractQueuedSynchronizer.java:2078)&#10;        at org.eclipse.jetty.util.BlockingArrayQueue.poll(BlockingArrayQueue.java:392)&#10;        at org.eclipse.jetty.util.thread.QueuedThreadPool.idleJobPoll(QueuedThreadPool.java:563)&#10;        at org.eclipse.jetty.util.thread.QueuedThreadPool.access$800(QueuedThreadPool.java:48)&#10;        at org.eclipse.jetty.util.thread.QueuedThreadPool$2.run(QueuedThreadPool.java:626)&#10;        at java.lang.Thread.run(Thread.java:748)&#10;&quot;pool-237-thread-6&quot;  prio=5 tid=1426 in Object.wait()&#10;java.lang.Thread.State: WAITING (on object monitor)&#10;        at sun.misc.Unsafe.park(Native Method)&#10;        at java.util.concurrent.locks.LockSupport.park(LockSupport.java:175)&#10;        at java.util.concurrent.locks.AbstractQueuedSynchronizer$ConditionObject.await(AbstractQueuedSynchronizer.java:2039)&#10;        at java.util.concurrent.ArrayBlockingQueue.take(ArrayBlockingQueue.java:403)&#10;        at java.util.concurrent.ThreadPoolExecutor.getTask(ThreadPoolExecutor.java:1074)&#10;        at java.util.concurrent.ThreadPoolExecutor.runWorker(ThreadPoolExecutor.java:1134)&#10;        at java.util.concurrent.ThreadPoolExecutor$Worker.run(ThreadPoolExecutor.java:624)&#10;        at java.lang.Thread.run(Thread.java:748)&#10;&quot;pool-279-thread-9&quot;  prio=5 tid=1549 in Object.wait()&#10;java.lang.Thread.State: WAITING (on object monitor)&#10;        at sun.misc.Unsafe.park(Native Method)&#10;        at java.util.concurrent.locks.LockSupport.park(LockSupport.java:175)&#10;        at java.util.concurrent.locks.AbstractQueuedSynchronizer$ConditionObject.await(AbstractQueuedSynchronizer.java:2039)&#10;        at java.util.concurrent.ArrayBlockingQueue.take(ArrayBlockingQueue.java:403)&#10;        at java.util.concurrent.ThreadPoolExecutor.getTask(ThreadPoolExecutor.java:1074)&#10;        at java.util.concurrent.ThreadPoolExecutor.runWorker(ThreadPoolExecutor.java:1134)&#10;        at java.util.concurrent.ThreadPoolExecutor$Worker.run(ThreadPoolExecutor.java:624)&#10;        at java.lang.Thread.run(Thread.java:748)&#10;&quot;pool-216-thread-38&quot;  prio=5 tid=1398 in Object.wait()&#10;java.lang.Thread.State: WAITING (on object monitor)&#10;        at sun.misc.Unsafe.park(Native Method)&#10;        at java.util.concurrent.locks.LockSupport.park(LockSupport.java:175)&#10;        at java.util.concurrent.locks.AbstractQueuedSynchronizer$ConditionObject.await(AbstractQueuedSynchronizer.java:2039)&#10;        at java.util.concurrent.ArrayBlockingQueue.take(ArrayBlockingQueue.java:403)&#10;        at java.util.concurrent.ThreadPoolExecutor.getTask(ThreadPoolExecutor.java:1074)&#10;        at java.util.concurrent.ThreadPoolExecutor.runWorker(ThreadPoolExecutor.java:1134)&#10;        at java.util.concurrent.ThreadPoolExecutor$Worker.run(ThreadPoolExecutor.java:624)&#10;        at java.lang.Thread.run(Thread.java:748)&#10;&quot;qtp302256620-1196&quot; daemon prio=5 tid=1196 timed_waiting&#10;java.lang.Thread.State: TIMED_WAITING&#10;        at sun.misc.Unsafe.park(Native Method)&#10;        at java.util.concurrent.locks.LockSupport.parkNanos(LockSupport.java:215)&#10;        at java.util.concurrent.locks.AbstractQueuedSynchronizer$ConditionObject.awaitNanos(AbstractQueuedSynchronizer.java:2078)&#10;        at org.eclipse.jetty.util.BlockingArrayQueue.poll(BlockingArrayQueue.java:392)&#10;        at org.eclipse.jetty.util.thread.QueuedThreadPool.idleJobPoll(QueuedThreadPool.java:563)&#10;        at org.eclipse.jetty.util.thread.QueuedThreadPool.access$800(QueuedThreadPool.java:48)&#10;        at org.eclipse.jetty.util.thread.QueuedThreadPool$2.run(QueuedThreadPool.java:626)&#10;        at java.lang.Thread.run(Thread.java:748)&#10;&quot;qtp2037147839-1051&quot; daemon prio=5 tid=1051 timed_waiting&#10;java.lang.Thread.State: TIMED_WAITING&#10;        at sun.misc.Unsafe.park(Native Method)&#10;        at java.util.concurrent.locks.LockSupport.parkNanos(LockSupport.java:215)&#10;        at java.util.concurrent.locks.AbstractQueuedSynchronizer$ConditionObject.awaitNanos(AbstractQueuedSynchronizer.java:2078)&#10;        at org.eclipse.jetty.util.BlockingArrayQueue.poll(BlockingArrayQueue.java:392)&#10;        at org.eclipse.jetty.util.thread.QueuedThreadPool.idleJobPoll(QueuedThreadPool.java:563)&#10;        at org.eclipse.jetty.util.thread.QueuedThreadPool.access$800(QueuedThreadPool.java:48)&#10;        at org.eclipse.jetty.util.thread.QueuedThreadPool$2.run(QueuedThreadPool.java:626)&#10;        at java.lang.Thread.run(Thread.java:748)&#10;&quot;IPC Server handler 3 on 36683&quot; daemon prio=5 tid=1029 timed_waiting&#10;java.lang.Thread.State: TIMED_WAITING&#10;        at sun.misc.Unsafe.park(Native Method)&#10;        at java.util.concurrent.locks.LockSupport.parkNanos(LockSupport.java:215)&#10;        at java.util.concurrent.locks.AbstractQueuedSynchronizer$ConditionObject.awaitNanos(AbstractQueuedSynchronizer.java:2078)&#10;        at java.util.concurrent.LinkedBlockingQueue.poll(LinkedBlockingQueue.java:467)&#10;        at org.apache.hadoop.ipc.CallQueueManager.take(CallQueueManager.java:288)&#10;        at org.apache.hadoop.ipc.Server$Handler.run(Server.java:2668)&#10;&quot;pool-279-thread-44&quot;  prio=5 tid=1584 in Object.wait()&#10;java.lang.Thread.State: WAITING (on object monitor)&#10;        at sun.misc.Unsafe.park(Native Method)&#10;        at java.util.concurrent.locks.LockSupport.park(LockSupport.java:175)&#10;        at java.util.concurrent.locks.AbstractQueuedSynchronizer$ConditionObject.await(AbstractQueuedSynchronizer.java:2039)&#10;        at java.util.concurrent.ArrayBlockingQueue.take(ArrayBlockingQueue.java:403)&#10;        at java.util.concurrent.ThreadPoolExecutor.getTask(ThreadPoolExecutor.java:1074)&#10;        at java.util.concurrent.ThreadPoolExecutor.runWorker(ThreadPoolExecutor.java:1134)&#10;        at java.util.concurrent.ThreadPoolExecutor$Worker.run(ThreadPoolExecutor.java:624)&#10;        at java.lang.Thread.run(Thread.java:748)&#10;&quot;IPC Server handler 7 on 35612&quot; daemon prio=5 tid=951 timed_waiting&#10;java.lang.Thread.State: TIMED_WAITING&#10;        at sun.misc.Unsafe.park(Native Method)&#10;        at java.util.concurrent.locks.LockSupport.parkNanos(LockSupport.java:215)&#10;        at java.util.concurrent.locks.AbstractQueuedSynchronizer$ConditionObject.awaitNanos(AbstractQueuedSynchronizer.java:2078)&#10;        at java.util.concurrent.LinkedBlockingQueue.poll(LinkedBlockingQueue.java:467)&#10;        at org.apache.hadoop.ipc.CallQueueManager.take(CallQueueManager.java:288)&#10;        at org.apache.hadoop.ipc.Server$Handler.run(Server.java:2668)&#10;&quot;pool-195-thread-58&quot;  prio=5 tid=1358 in Object.wait()&#10;java.lang.Thread.State: WAITING (on object monitor)&#10;        at sun.misc.Unsafe.park(Native Method)&#10;        at java.util.concurrent.locks.LockSupport.park(LockSupport.java:175)&#10;        at java.util.concurrent.locks.AbstractQueuedSynchronizer$ConditionObject.await(AbstractQueuedSynchronizer.java:2039)&#10;        at java.util.concurrent.ArrayBlockingQueue.take(ArrayBlockingQueue.java:403)&#10;        at java.util.concurrent.ThreadPoolExecutor.getTask(ThreadPoolExecutor.java:1074)&#10;        at java.util.concurrent.ThreadPoolExecutor.runWorker(ThreadPoolExecutor.java:1134)&#10;        at java.util.concurrent.ThreadPoolExecutor$Worker.run(ThreadPoolExecutor.java:624)&#10;        at java.lang.Thread.run(Thread.java:748)&#10;&quot;org.eclipse.jetty.server.session.HashSessionManager@239b98cbTimer&quot; daemon prio=5 tid=1056 timed_waiting&#10;java.lang.Thread.State: TIMED_WAITING&#10;        at sun.misc.Unsafe.park(Native Method)&#10;        at java.util.concurrent.locks.LockSupport.parkNanos(LockSupport.java:215)&#10;        at java.util.concurrent.locks.AbstractQueuedSynchronizer$ConditionObject.awaitNanos(AbstractQueuedSynchronizer.java:2078)&#10;        at java.util.concurrent.ScheduledThreadPoolExecutor$DelayedWorkQueue.take(ScheduledThreadPoolExecutor.java:1093)&#10;        at java.util.concurrent.ScheduledThreadPoolExecutor$DelayedWorkQueue.take(ScheduledThreadPoolExecutor.java:809)&#10;        at java.util.concurrent.ThreadPoolExecutor.getTask(ThreadPoolExecutor.java:1074)&#10;        at java.util.concurrent.ThreadPoolExecutor.runWorker(ThreadPoolExecutor.java:1134)&#10;        at java.util.concurrent.ThreadPoolExecutor$Worker.run(ThreadPoolExecutor.java:624)&#10;        at java.lang.Thread.run(Thread.java:748)&#10;&quot;qtp1633584044-1011&quot; daemon prio=5 tid=1011 timed_waiting&#10;java.lang.Thread.State: TIMED_WAITING&#10;        at sun.misc.Unsafe.park(Native Method)&#10;        at java.util.concurrent.locks.LockSupport.parkNanos(LockSupport.java:215)&#10;        at java.util.concurrent.locks.AbstractQueuedSynchronizer$ConditionObject.awaitNanos(AbstractQueuedSynchronizer.java:2078)&#10;        at org.eclipse.jetty.util.BlockingArrayQueue.poll(BlockingArrayQueue.java:392)&#10;        at org.eclipse.jetty.util.thread.QueuedThreadPool.idleJobPoll(QueuedThreadPool.java:563)&#10;        at org.eclipse.jetty.util.thread.QueuedThreadPool.access$800(QueuedThreadPool.java:48)&#10;        at org.eclipse.jetty.util.thread.QueuedThreadPool$2.run(QueuedThreadPool.java:626)&#10;        at java.lang.Thread.run(Thread.java:748)&#10;&quot;IPC Server handler 14 on 42412&quot; daemon prio=5 tid=978 timed_waiting&#10;java.lang.Thread.State: TIMED_WAITING&#10;        at sun.misc.Unsafe.park(Native Method)&#10;        at java.util.concurrent.locks.LockSupport.parkNanos(LockSupport.java:215)&#10;        at java.util.concurrent.locks.AbstractQueuedSynchronizer$ConditionObject.awaitNanos(AbstractQueuedSynchronizer.java:2078)&#10;        at java.util.concurrent.LinkedBlockingQueue.poll(LinkedBlockingQueue.java:467)&#10;        at org.apache.hadoop.ipc.CallQueueManager.take(CallQueueManager.java:288)&#10;        at org.apache.hadoop.ipc.Server$Handler.run(Server.java:2668)&#10;&quot;refreshUsed-/tmp/workdir/hadoop-ozone/integration-test/target/test-dir/MiniOzoneClusterImpl-d6a8514b-9f5a-4ec7-be91-cc3589120d34/datanode-2/data/containers&quot; daemon prio=5 tid=1122 timed_waiting&#10;java.lang.Thread.State: TIMED_WAITING&#10;        at java.lang.Thread.sleep(Native Method)&#10;        at org.apache.hadoop.fs.CachingGetSpaceUsed$RefreshThread.run(CachingGetSpaceUsed.java:179)&#10;        at java.lang.Thread.run(Thread.java:748)&#10;&quot;qtp1842314090-1134&quot; daemon prio=5 tid=1134 timed_waiting&#10;java.lang.Thread.State: TIMED_WAITING&#10;        at sun.misc.Unsafe.park(Native Method)&#10;        at java.util.concurrent.locks.LockSupport.parkNanos(LockSupport.java:215)&#10;        at java.util.concurrent.locks.AbstractQueuedSynchronizer$ConditionObject.awaitNanos(AbstractQueuedSynchronizer.java:2078)&#10;        at org.eclipse.jetty.util.BlockingArrayQueue.poll(BlockingArrayQueue.java:392)&#10;        at org.eclipse.jetty.util.thread.QueuedThreadPool.idleJobPoll(QueuedThreadPool.java:563)&#10;        at org.eclipse.jetty.util.thread.QueuedThreadPool.access$800(QueuedThreadPool.java:48)&#10;        at org.eclipse.jetty.util.thread.QueuedThreadPool$2.run(QueuedThreadPool.java:626)&#10;        at java.lang.Thread.run(Thread.java:748)&#10;&quot;org.apache.hadoop.util.JvmPauseMonitor$Monitor@59cf2136&quot; daemon prio=5 tid=1119 timed_waiting&#10;java.lang.Thread.State: TIMED_WAITING&#10;        at java.lang.Thread.sleep(Native Method)&#10;        at org.apache.hadoop.util.JvmPauseMonitor$Monitor.run(JvmPauseMonitor.java:192)&#10;        at java.lang.Thread.run(Thread.java:748)&#10;&quot;qtp1920846948-1226&quot; daemon prio=5 tid=1226 timed_waiting&#10;java.lang.Thread.State: TIMED_WAITING&#10;        at sun.misc.Unsafe.park(Native Method)&#10;        at java.util.concurrent.locks.LockSupport.parkNanos(LockSupport.java:215)&#10;        at java.util.concurrent.locks.AbstractQueuedSynchronizer$ConditionObject.awaitNanos(AbstractQueuedSynchronizer.java:2078)&#10;        at org.eclipse.jetty.util.BlockingArrayQueue.poll(BlockingArrayQueue.java:392)&#10;        at org.eclipse.jetty.util.thread.QueuedThreadPool.idleJobPoll(QueuedThreadPool.java:563)&#10;        at org.eclipse.jetty.util.thread.QueuedThreadPool.access$800(QueuedThreadPool.java:48)&#10;        at org.eclipse.jetty.util.thread.QueuedThreadPool$2.run(QueuedThreadPool.java:626)&#10;        at java.lang.Thread.run(Thread.java:748)&#10;&quot;org.eclipse.jetty.server.session.HashSessionManager@6d4a05f7Timer&quot; daemon prio=5 tid=1013 timed_waiting&#10;java.lang.Thread.State: TIMED_WAITING&#10;        at sun.misc.Unsafe.park(Native Method)&#10;        at java.util.concurrent.locks.LockSupport.parkNanos(LockSupport.java:215)&#10;        at java.util.concurrent.locks.AbstractQueuedSynchronizer$ConditionObject.awaitNanos(AbstractQueuedSynchronizer.java:2078)&#10;        at java.util.concurrent.ScheduledThreadPoolExecutor$DelayedWorkQueue.take(ScheduledThreadPoolExecutor.java:1093)&#10;        at java.util.concurrent.ScheduledThreadPoolExecutor$DelayedWorkQueue.take(ScheduledThreadPoolExecutor.java:809)&#10;        at java.util.concurrent.ThreadPoolExecutor.getTask(ThreadPoolExecutor.java:1074)&#10;        at java.util.concurrent.ThreadPoolExecutor.runWorker(ThreadPoolExecutor.java:1134)&#10;        at java.util.concurrent.ThreadPoolExecutor$Worker.run(ThreadPoolExecutor.java:624)&#10;        at java.lang.Thread.run(Thread.java:748)&#10;&quot;pool-258-thread-4&quot;  prio=5 tid=1484 in Object.wait()&#10;java.lang.Thread.State: WAITING (on object monitor)&#10;        at sun.misc.Unsafe.park(Native Method)&#10;        at java.util.concurrent.locks.LockSupport.park(LockSupport.java:175)&#10;        at java.util.concurrent.locks.AbstractQueuedSynchronizer$ConditionObject.await(AbstractQueuedSynchronizer.java:2039)&#10;        at java.util.concurrent.ArrayBlockingQueue.take(ArrayBlockingQueue.java:403)&#10;        at java.util.concurrent.ThreadPoolExecutor.getTask(ThreadPoolExecutor.java:1074)&#10;        at java.util.concurrent.ThreadPoolExecutor.runWorker(ThreadPoolExecutor.java:1134)&#10;        at java.util.concurrent.ThreadPoolExecutor$Worker.run(ThreadPoolExecutor.java:624)&#10;        at java.lang.Thread.run(Thread.java:748)&#10;&quot;pool-195-thread-27&quot;  prio=5 tid=1327 in Object.wait()&#10;java.lang.Thread.State: WAITING (on object monitor)&#10;        at sun.misc.Unsafe.park(Native Method)&#10;        at java.util.concurrent.locks.LockSupport.park(LockSupport.java:175)&#10;        at java.util.concurrent.locks.AbstractQueuedSynchronizer$ConditionObject.await(AbstractQueuedSynchronizer.java:2039)&#10;        at java.util.concurrent.ArrayBlockingQueue.take(ArrayBlockingQueue.java:403)&#10;        at java.util.concurrent.ThreadPoolExecutor.getTask(ThreadPoolExecutor.java:1074)&#10;        at java.util.concurrent.ThreadPoolExecutor.runWorker(ThreadPoolExecutor.java:1134)&#10;        at java.util.concurrent.ThreadPoolExecutor$Worker.run(ThreadPoolExecutor.java:624)&#10;        at java.lang.Thread.run(Thread.java:748)&#10;&quot;org.eclipse.jetty.server.session.HashSessionManager@748904e8Timer&quot; daemon prio=5 tid=1012 timed_waiting&#10;java.lang.Thread.State: TIMED_WAITING&#10;        at sun.misc.Unsafe.park(Native Method)&#10;        at java.util.concurrent.locks.LockSupport.parkNanos(LockSupport.java:215)&#10;        at java.util.concurrent.locks.AbstractQueuedSynchronizer$ConditionObject.awaitNanos(AbstractQueuedSynchronizer.java:2078)&#10;        at java.util.concurrent.ScheduledThreadPoolExecutor$DelayedWorkQueue.take(ScheduledThreadPoolExecutor.java:1093)&#10;        at java.util.concurrent.ScheduledThreadPoolExecutor$DelayedWorkQueue.take(ScheduledThreadPoolExecutor.java:809)&#10;        at java.util.concurrent.ThreadPoolExecutor.getTask(ThreadPoolExecutor.java:1074)&#10;        at java.util.concurrent.ThreadPoolExecutor.runWorker(ThreadPoolExecutor.java:1134)&#10;        at java.util.concurrent.ThreadPoolExecutor$Worker.run(ThreadPoolExecutor.java:624)&#10;        at java.lang.Thread.run(Thread.java:748)&#10;&quot;Periodic HDDS volume checker&quot;  prio=5 tid=1179 timed_waiting&#10;java.lang.Thread.State: TIMED_WAITING&#10;        at sun.misc.Unsafe.park(Native Method)&#10;        at java.util.concurrent.locks.LockSupport.parkNanos(LockSupport.java:215)&#10;        at java.util.concurrent.locks.AbstractQueuedSynchronizer$ConditionObject.awaitNanos(AbstractQueuedSynchronizer.java:2078)&#10;        at java.util.concurrent.ScheduledThreadPoolExecutor$DelayedWorkQueue.take(ScheduledThreadPoolExecutor.java:1093)&#10;        at java.util.concurrent.ScheduledThreadPoolExecutor$DelayedWorkQueue.take(ScheduledThreadPoolExecutor.java:809)&#10;        at java.util.concurrent.ThreadPoolExecutor.getTask(ThreadPoolExecutor.java:1074)&#10;        at java.util.concurrent.ThreadPoolExecutor.runWorker(ThreadPoolExecutor.java:1134)&#10;        at java.util.concurrent.ThreadPoolExecutor$Worker.run(ThreadPoolExecutor.java:624)&#10;        at java.lang.Thread.run(Thread.java:748)&#10;&quot;pool-237-thread-3&quot;  prio=5 tid=1423 in Object.wait()&#10;java.lang.Thread.State: WAITING (on object monitor)&#10;        at sun.misc.Unsafe.park(Native Method)&#10;        at java.util.concurrent.locks.LockSupport.park(LockSupport.java:175)&#10;        at java.util.concurrent.locks.AbstractQueuedSynchronizer$ConditionObject.await(AbstractQueuedSynchronizer.java:2039)&#10;        at java.util.concurrent.ArrayBlockingQueue.take(ArrayBlockingQueue.java:403)&#10;        at java.util.concurrent.ThreadPoolExecutor.getTask(ThreadPoolExecutor.java:1074)&#10;        at java.util.concurrent.ThreadPoolExecutor.runWorker(ThreadPoolExecutor.java:1134)&#10;        at java.util.concurrent.ThreadPoolExecutor$Worker.run(ThreadPoolExecutor.java:624)&#10;        at java.lang.Thread.run(Thread.java:748)&#10;&quot;IPC Server handler 16 on 35612&quot; daemon prio=5 tid=960 timed_waiting&#10;java.lang.Thread.State: TIMED_WAITING&#10;        at sun.misc.Unsafe.park(Native Method)&#10;        at java.util.concurrent.locks.LockSupport.parkNanos(LockSupport.java:215)&#10;        at java.util.concurrent.locks.AbstractQueuedSynchronizer$ConditionObject.awaitNanos(AbstractQueuedSynchronizer.java:2078)&#10;        at java.util.concurrent.LinkedBlockingQueue.poll(LinkedBlockingQueue.java:467)&#10;        at org.apache.hadoop.ipc.CallQueueManager.take(CallQueueManager.java:288)&#10;        at org.apache.hadoop.ipc.Server$Handler.run(Server.java:2668)&#10;&quot;pool-237-thread-41&quot;  prio=5 tid=1461 in Object.wait()&#10;java.lang.Thread.State: WAITING (on object monitor)&#10;        at sun.misc.Unsafe.park(Native Method)&#10;        at java.util.concurrent.locks.LockSupport.park(LockSupport.java:175)&#10;        at java.util.concurrent.locks.AbstractQueuedSynchronizer$ConditionObject.await(AbstractQueuedSynchronizer.java:2039)&#10;        at java.util.concurrent.ArrayBlockingQueue.take(ArrayBlockingQueue.java:403)&#10;        at java.util.concurrent.ThreadPoolExecutor.getTask(ThreadPoolExecutor.java:1074)&#10;        at java.util.concurrent.ThreadPoolExecutor.runWorker(ThreadPoolExecutor.java:1134)&#10;        at java.util.concurrent.ThreadPoolExecutor$Worker.run(ThreadPoolExecutor.java:624)&#10;        at java.lang.Thread.run(Thread.java:748)&#10;&quot;org.eclipse.jetty.server.session.HashSessionManager@5b0e9e0cTimer&quot; daemon prio=5 tid=1228 timed_waiting&#10;java.lang.Thread.State: TIMED_WAITING&#10;        at sun.misc.Unsafe.park(Native Method)&#10;        at java.util.concurrent.locks.LockSupport.parkNanos(LockSupport.java:215)&#10;        at java.util.concurrent.locks.AbstractQueuedSynchronizer$ConditionObject.awaitNanos(AbstractQueuedSynchronizer.java:2078)&#10;        at java.util.concurrent.ScheduledThreadPoolExecutor$DelayedWorkQueue.take(ScheduledThreadPoolExecutor.java:1093)&#10;        at java.util.concurrent.ScheduledThreadPoolExecutor$DelayedWorkQueue.take(ScheduledThreadPoolExecutor.java:809)&#10;        at java.util.concurrent.ThreadPoolExecutor.getTask(ThreadPoolExecutor.java:1074)&#10;        at java.util.concurrent.ThreadPoolExecutor.runWorker(ThreadPoolExecutor.java:1134)&#10;        at java.util.concurrent.ThreadPoolExecutor$Worker.run(ThreadPoolExecutor.java:624)&#10;        at java.lang.Thread.run(Thread.java:748)&#10;&quot;pool-237-thread-30&quot;  prio=5 tid=1450 in Object.wait()&#10;java.lang.Thread.State: WAITING (on object monitor)&#10;        at sun.misc.Unsafe.park(Native Method)&#10;        at java.util.concurrent.locks.LockSupport.park(LockSupport.java:175)&#10;        at java.util.concurrent.locks.AbstractQueuedSynchronizer$ConditionObject.await(AbstractQueuedSynchronizer.java:2039)&#10;        at java.util.concurrent.ArrayBlockingQueue.take(ArrayBlockingQueue.java:403)&#10;        at java.util.concurrent.ThreadPoolExecutor.getTask(ThreadPoolExecutor.java:1074)&#10;        at java.util.concurrent.ThreadPoolExecutor.runWorker(ThreadPoolExecutor.java:1134)&#10;        at java.util.concurrent.ThreadPoolExecutor$Worker.run(ThreadPoolExecutor.java:624)&#10;        at java.lang.Thread.run(Thread.java:748)&#10;&quot;qtp1633584044-1007&quot; daemon prio=5 tid=1007 timed_waiting&#10;java.lang.Thread.State: TIMED_WAITING&#10;        at sun.misc.Unsafe.park(Native Method)&#10;        at java.util.concurrent.locks.LockSupport.parkNanos(LockSupport.java:215)&#10;        at java.util.concurrent.locks.AbstractQueuedSynchronizer$ConditionObject.awaitNanos(AbstractQueuedSynchronizer.java:2078)&#10;        at org.eclipse.jetty.util.BlockingArrayQueue.poll(BlockingArrayQueue.java:392)&#10;        at org.eclipse.jetty.util.thread.QueuedThreadPool.idleJobPoll(QueuedThreadPool.java:563)&#10;        at org.eclipse.jetty.util.thread.QueuedThreadPool.access$800(QueuedThreadPool.java:48)&#10;        at org.eclipse.jetty.util.thread.QueuedThreadPool$2.run(QueuedThreadPool.java:626)&#10;        at java.lang.Thread.run(Thread.java:748)&#10;&quot;IPC Server handler 6 on 36272&quot; daemon prio=5 tid=990 timed_waiting&#10;java.lang.Thread.State: TIMED_WAITING&#10;        at sun.misc.Unsafe.park(Native Method)&#10;        at java.util.concurrent.locks.LockSupport.parkNanos(LockSupport.java:215)&#10;        at java.util.concurrent.locks.AbstractQueuedSynchronizer$ConditionObject.awaitNanos(AbstractQueuedSynchronizer.java:2078)&#10;        at java.util.concurrent.LinkedBlockingQueue.poll(LinkedBlockingQueue.java:467)&#10;        at org.apache.hadoop.ipc.CallQueueManager.take(CallQueueManager.java:288)&#10;        at org.apache.hadoop.ipc.Server$Handler.run(Server.java:2668)&#10;&quot;pool-261-thread-1&quot;  prio=5 tid=1737 in Object.wait()&#10;java.lang.Thread.State: WAITING (on object monitor)&#10;        at sun.misc.Unsafe.park(Native Method)&#10;        at java.util.concurrent.locks.LockSupport.park(LockSupport.java:175)&#10;        at java.util.concurrent.locks.AbstractQueuedSynchronizer$ConditionObject.await(AbstractQueuedSynchronizer.java:2039)&#10;        at java.util.concurrent.LinkedBlockingQueue.take(LinkedBlockingQueue.java:442)&#10;        at java.util.concurrent.ThreadPoolExecutor.getTask(ThreadPoolExecutor.java:1074)&#10;        at java.util.concurrent.ThreadPoolExecutor.runWorker(ThreadPoolExecutor.java:1134)&#10;        at java.util.concurrent.ThreadPoolExecutor$Worker.run(ThreadPoolExecutor.java:624)&#10;        at java.lang.Thread.run(Thread.java:748)&#10;&quot;Datanode ReportManager Thread - 0&quot; daemon prio=5 tid=1112 in Object.wait()&#10;java.lang.Thread.State: WAITING (on object monitor)&#10;        at sun.misc.Unsafe.park(Native Method)&#10;        at java.util.concurrent.locks.LockSupport.park(LockSupport.java:175)&#10;        at java.util.concurrent.locks.AbstractQueuedSynchronizer$ConditionObject.await(AbstractQueuedSynchronizer.java:2039)&#10;        at java.util.concurrent.ScheduledThreadPoolExecutor$DelayedWorkQueue.take(ScheduledThreadPoolExecutor.java:1088)&#10;        at java.util.concurrent.ScheduledThreadPoolExecutor$DelayedWorkQueue.take(ScheduledThreadPoolExecutor.java:809)&#10;        at java.util.concurrent.ThreadPoolExecutor.getTask(ThreadPoolExecutor.java:1074)&#10;        at java.util.concurrent.ThreadPoolExecutor.runWorker(ThreadPoolExecutor.java:1134)&#10;        at java.util.concurrent.ThreadPoolExecutor$Worker.run(ThreadPoolExecutor.java:624)&#10;        at java.lang.Thread.run(Thread.java:748)&#10;&quot;Datanode ReportManager Thread - 1&quot; daemon prio=5 tid=1203 in Object.wait()&#10;java.lang.Thread.State: WAITING (on object monitor)&#10;        at sun.misc.Unsafe.park(Native Method)&#10;        at java.util.concurrent.locks.LockSupport.park(LockSupport.java:175)&#10;        at java.util.concurrent.locks.AbstractQueuedSynchronizer$ConditionObject.await(AbstractQueuedSynchronizer.java:2039)&#10;        at java.util.concurrent.ScheduledThreadPoolExecutor$DelayedWorkQueue.take(ScheduledThreadPoolExecutor.java:1088)&#10;        at java.util.concurrent.ScheduledThreadPoolExecutor$DelayedWorkQueue.take(ScheduledThreadPoolExecutor.java:809)&#10;        at java.util.concurrent.ThreadPoolExecutor.getTask(ThreadPoolExecutor.java:1074)&#10;        at java.util.concurrent.ThreadPoolExecutor.runWorker(ThreadPoolExecutor.java:1134)&#10;        at java.util.concurrent.ThreadPoolExecutor$Worker.run(ThreadPoolExecutor.java:624)&#10;        at java.lang.Thread.run(Thread.java:748)&#10;&quot;pool-216-thread-53&quot;  prio=5 tid=1413 in Object.wait()&#10;java.lang.Thread.State: WAITING (on object monitor)&#10;        at sun.misc.Unsafe.park(Native Method)&#10;        at java.util.concurrent.locks.LockSupport.park(LockSupport.java:175)&#10;        at java.util.concurrent.locks.AbstractQueuedSynchronizer$ConditionObject.await(AbstractQueuedSynchronizer.java:2039)&#10;        at java.util.concurrent.ArrayBlockingQueue.take(ArrayBlockingQueue.java:403)&#10;        at java.util.concurrent.ThreadPoolExecutor.getTask(ThreadPoolExecutor.java:1074)&#10;        at java.util.concurrent.ThreadPoolExecutor.runWorker(ThreadPoolExecutor.java:1134)&#10;        at java.util.concurrent.ThreadPoolExecutor$Worker.run(ThreadPoolExecutor.java:624)&#10;        at java.lang.Thread.run(Thread.java:748)&#10;&quot;qtp2037147839-1054&quot; daemon prio=5 tid=1054 timed_waiting&#10;java.lang.Thread.State: TIMED_WAITING&#10;        at sun.misc.Unsafe.park(Native Method)&#10;        at java.util.concurrent.locks.LockSupport.parkNanos(LockSupport.java:215)&#10;        at java.util.concurrent.locks.AbstractQueuedSynchronizer$ConditionObject.awaitNanos(AbstractQueuedSynchronizer.java:2078)&#10;        at org.eclipse.jetty.util.BlockingArrayQueue.poll(BlockingArrayQueue.java:392)&#10;        at org.eclipse.jetty.util.thread.QueuedThreadPool.idleJobPoll(QueuedThreadPool.java:563)&#10;        at org.eclipse.jetty.util.thread.QueuedThreadPool.access$800(QueuedThreadPool.java:48)&#10;        at org.eclipse.jetty.util.thread.QueuedThreadPool$2.run(QueuedThreadPool.java:626)&#10;        at java.lang.Thread.run(Thread.java:748)&#10;&quot;pool-195-thread-59&quot;  prio=5 tid=1359 in Object.wait()&#10;java.lang.Thread.State: WAITING (on object monitor)&#10;        at sun.misc.Unsafe.park(Native Method)&#10;        at java.util.concurrent.locks.LockSupport.park(LockSupport.java:175)&#10;        at java.util.concurrent.locks.AbstractQueuedSynchronizer$ConditionObject.await(AbstractQueuedSynchronizer.java:2039)&#10;        at java.util.concurrent.ArrayBlockingQueue.take(ArrayBlockingQueue.java:403)&#10;        at java.util.concurrent.ThreadPoolExecutor.getTask(ThreadPoolExecutor.java:1074)&#10;        at java.util.concurrent.ThreadPoolExecutor.runWorker(ThreadPoolExecutor.java:1134)&#10;        at java.util.concurrent.ThreadPoolExecutor$Worker.run(ThreadPoolExecutor.java:624)&#10;        at java.lang.Thread.run(Thread.java:748)&#10;&quot;pool-174-thread-44&quot;  prio=5 tid=1283 in Object.wait()&#10;java.lang.Thread.State: WAITING (on object monitor)&#10;        at sun.misc.Unsafe.park(Native Method)&#10;        at java.util.concurrent.locks.LockSupport.park(LockSupport.java:175)&#10;        at java.util.concurrent.locks.AbstractQueuedSynchronizer$ConditionObject.await(AbstractQueuedSynchronizer.java:2039)&#10;        at java.util.concurrent.ArrayBlockingQueue.take(ArrayBlockingQueue.java:403)&#10;        at java.util.concurrent.ThreadPoolExecutor.getTask(ThreadPoolExecutor.java:1074)&#10;        at java.util.concurrent.ThreadPoolExecutor.runWorker(ThreadPoolExecutor.java:1134)&#10;        at java.util.concurrent.ThreadPoolExecutor$Worker.run(ThreadPoolExecutor.java:624)&#10;        at java.lang.Thread.run(Thread.java:748)&#10;&quot;qtp649827042-1070&quot; daemon prio=5 tid=1070 timed_waiting&#10;java.lang.Thread.State: TIMED_WAITING&#10;        at sun.misc.Unsafe.park(Native Method)&#10;        at java.util.concurrent.locks.LockSupport.parkNanos(LockSupport.java:215)&#10;        at java.util.concurrent.locks.AbstractQueuedSynchronizer$ConditionObject.awaitNanos(AbstractQueuedSynchronizer.java:2078)&#10;        at org.eclipse.jetty.util.BlockingArrayQueue.poll(BlockingArrayQueue.java:392)&#10;        at org.eclipse.jetty.util.thread.QueuedThreadPool.idleJobPoll(QueuedThreadPool.java:563)&#10;        at org.eclipse.jetty.util.thread.QueuedThreadPool.access$800(QueuedThreadPool.java:48)&#10;        at org.eclipse.jetty.util.thread.QueuedThreadPool$2.run(QueuedThreadPool.java:626)&#10;        at java.lang.Thread.run(Thread.java:748)&#10;&quot;qtp1842314090-1129&quot; daemon prio=5 tid=1129 runnable&#10;java.lang.Thread.State: RUNNABLE&#10;        at sun.nio.ch.EPollArrayWrapper.epollWait(Native Method)&#10;        at sun.nio.ch.EPollArrayWrapper.poll(EPollArrayWrapper.java:269)&#10;        at sun.nio.ch.EPollSelectorImpl.doSelect(EPollSelectorImpl.java:93)&#10;        at sun.nio.ch.SelectorImpl.lockAndDoSelect(SelectorImpl.java:86)&#10;        at sun.nio.ch.SelectorImpl.select(SelectorImpl.java:97)&#10;        at sun.nio.ch.SelectorImpl.select(SelectorImpl.java:101)&#10;        at org.eclipse.jetty.io.ManagedSelector$SelectorProducer.select(ManagedSelector.java:243)&#10;        at org.eclipse.jetty.io.ManagedSelector$SelectorProducer.produce(ManagedSelector.java:191)&#10;        at org.eclipse.jetty.util.thread.strategy.ExecuteProduceConsume.executeProduceConsume(ExecuteProduceConsume.java:249)&#10;        at org.eclipse.jetty.util.thread.strategy.ExecuteProduceConsume.produceConsume(ExecuteProduceConsume.java:148)&#10;        at org.eclipse.jetty.util.thread.strategy.ExecuteProduceConsume.execute(ExecuteProduceConsume.java:100)&#10;        at org.eclipse.jetty.io.ManagedSelector.run(ManagedSelector.java:147)&#10;        at org.eclipse.jetty.util.thread.QueuedThreadPool.runJob(QueuedThreadPool.java:671)&#10;        at org.eclipse.jetty.util.thread.QueuedThreadPool$2.run(QueuedThreadPool.java:589)&#10;        at java.lang.Thread.run(Thread.java:748)&#10;&quot;pool-216-thread-3&quot;  prio=5 tid=1363 in Object.wait()&#10;java.lang.Thread.State: WAITING (on object monitor)&#10;        at sun.misc.Unsafe.park(Native Method)&#10;        at java.util.concurrent.locks.LockSupport.park(LockSupport.java:175)&#10;        at java.util.concurrent.locks.AbstractQueuedSynchronizer$ConditionObject.await(AbstractQueuedSynchronizer.java:2039)&#10;        at java.util.concurrent.ArrayBlockingQueue.take(ArrayBlockingQueue.java:403)&#10;        at java.util.concurrent.ThreadPoolExecutor.getTask(ThreadPoolExecutor.java:1074)&#10;        at java.util.concurrent.ThreadPoolExecutor.runWorker(ThreadPoolExecutor.java:1134)&#10;        at java.util.concurrent.ThreadPoolExecutor$Worker.run(ThreadPoolExecutor.java:624)&#10;        at java.lang.Thread.run(Thread.java:748)&#10;&quot;pool-174-thread-29&quot;  prio=5 tid=1268 in Object.wait()&#10;java.lang.Thread.State: WAITING (on object monitor)&#10;        at sun.misc.Unsafe.park(Native Method)&#10;        at java.util.concurrent.locks.LockSupport.park(LockSupport.java:175)&#10;        at java.util.concurrent.locks.AbstractQueuedSynchronizer$ConditionObject.await(AbstractQueuedSynchronizer.java:2039)&#10;        at java.util.concurrent.ArrayBlockingQueue.take(ArrayBlockingQueue.java:403)&#10;        at java.util.concurrent.ThreadPoolExecutor.getTask(ThreadPoolExecutor.java:1074)&#10;        at java.util.concurrent.ThreadPoolExecutor.runWorker(ThreadPoolExecutor.java:1134)&#10;        at java.util.concurrent.ThreadPoolExecutor$Worker.run(ThreadPoolExecutor.java:624)&#10;        at java.lang.Thread.run(Thread.java:748)&#10;&quot;Datanode ReportManager Thread - 1&quot; daemon prio=5 tid=1233 in Object.wait()&#10;java.lang.Thread.State: WAITING (on object monitor)&#10;        at sun.misc.Unsafe.park(Native Method)&#10;        at java.util.concurrent.locks.LockSupport.park(LockSupport.java:175)&#10;        at java.util.concurrent.locks.AbstractQueuedSynchronizer$ConditionObject.await(AbstractQueuedSynchronizer.java:2039)&#10;        at java.util.concurrent.ScheduledThreadPoolExecutor$DelayedWorkQueue.take(ScheduledThreadPoolExecutor.java:1088)&#10;        at java.util.concurrent.ScheduledThreadPoolExecutor$DelayedWorkQueue.take(ScheduledThreadPoolExecutor.java:809)&#10;        at java.util.concurrent.ThreadPoolExecutor.getTask(ThreadPoolExecutor.java:1074)&#10;        at java.util.concurrent.ThreadPoolExecutor.runWorker(ThreadPoolExecutor.java:1134)&#10;        at java.util.concurrent.ThreadPoolExecutor$Worker.run(ThreadPoolExecutor.java:624)&#10;        at java.lang.Thread.run(Thread.java:748)&#10;&quot;Datanode ReportManager Thread - 3&quot; daemon prio=5 tid=1235 in Object.wait()&#10;java.lang.Thread.State: WAITING (on object monitor)&#10;        at sun.misc.Unsafe.park(Native Method)&#10;        at java.util.concurrent.locks.LockSupport.park(LockSupport.java:175)&#10;        at java.util.concurrent.locks.AbstractQueuedSynchronizer$ConditionObject.await(AbstractQueuedSynchronizer.java:2039)&#10;        at java.util.concurrent.ScheduledThreadPoolExecutor$DelayedWorkQueue.take(ScheduledThreadPoolExecutor.java:1088)&#10;        at java.util.concurrent.ScheduledThreadPoolExecutor$DelayedWorkQueue.take(ScheduledThreadPoolExecutor.java:809)&#10;        at java.util.concurrent.ThreadPoolExecutor.getTask(ThreadPoolExecutor.java:1074)&#10;        at java.util.concurrent.ThreadPoolExecutor.runWorker(ThreadPoolExecutor.java:1134)&#10;        at java.util.concurrent.ThreadPoolExecutor$Worker.run(ThreadPoolExecutor.java:624)&#10;        at java.lang.Thread.run(Thread.java:748)&#10;&quot;pool-258-thread-59&quot;  prio=5 tid=1539 in Object.wait()&#10;java.lang.Thread.State: WAITING (on object monitor)&#10;        at sun.misc.Unsafe.park(Native Method)&#10;        at java.util.concurrent.locks.LockSupport.park(LockSupport.java:175)&#10;        at java.util.concurrent.locks.AbstractQueuedSynchronizer$ConditionObject.await(AbstractQueuedSynchronizer.java:2039)&#10;        at java.util.concurrent.ArrayBlockingQueue.take(ArrayBlockingQueue.java:403)&#10;        at java.util.concurrent.ThreadPoolExecutor.getTask(ThreadPoolExecutor.java:1074)&#10;        at java.util.concurrent.ThreadPoolExecutor.runWorker(ThreadPoolExecutor.java:1134)&#10;        at java.util.concurrent.ThreadPoolExecutor$Worker.run(ThreadPoolExecutor.java:624)&#10;        at java.lang.Thread.run(Thread.java:748)&#10;&quot;pool-258-thread-20&quot;  prio=5 tid=1500 in Object.wait()&#10;java.lang.Thread.State: WAITING (on object monitor)&#10;        at sun.misc.Unsafe.park(Native Method)&#10;        at java.util.concurrent.locks.LockSupport.park(LockSupport.java:175)&#10;        at java.util.concurrent.locks.AbstractQueuedSynchronizer$ConditionObject.await(AbstractQueuedSynchronizer.java:2039)&#10;        at java.util.concurrent.ArrayBlockingQueue.take(ArrayBlockingQueue.java:403)&#10;        at java.util.concurrent.ThreadPoolExecutor.getTask(ThreadPoolExecutor.java:1074)&#10;        at java.util.concurrent.ThreadPoolExecutor.runWorker(ThreadPoolExecutor.java:1134)&#10;        at java.util.concurrent.ThreadPoolExecutor$Worker.run(ThreadPoolExecutor.java:624)&#10;        at java.lang.Thread.run(Thread.java:748)&#10;&quot;pool-216-thread-22&quot;  prio=5 tid=1382 in Object.wait()&#10;java.lang.Thread.State: WAITING (on object monitor)&#10;        at sun.misc.Unsafe.park(Native Method)&#10;        at java.util.concurrent.locks.LockSupport.park(LockSupport.java:175)&#10;        at java.util.concurrent.locks.AbstractQueuedSynchronizer$ConditionObject.await(AbstractQueuedSynchronizer.java:2039)&#10;        at java.util.concurrent.ArrayBlockingQueue.take(ArrayBlockingQueue.java:403)&#10;        at java.util.concurrent.ThreadPoolExecutor.getTask(ThreadPoolExecutor.java:1074)&#10;        at java.util.concurrent.ThreadPoolExecutor.runWorker(ThreadPoolExecutor.java:1134)&#10;        at java.util.concurrent.ThreadPoolExecutor$Worker.run(ThreadPoolExecutor.java:624)&#10;        at java.lang.Thread.run(Thread.java:748)&#10;&quot;pool-237-thread-45&quot;  prio=5 tid=1465 in Object.wait()&#10;java.lang.Thread.State: WAITING (on object monitor)&#10;        at sun.misc.Unsafe.park(Native Method)&#10;        at java.util.concurrent.locks.LockSupport.park(LockSupport.java:175)&#10;        at java.util.concurrent.locks.AbstractQueuedSynchronizer$ConditionObject.await(AbstractQueuedSynchronizer.java:2039)&#10;        at java.util.concurrent.ArrayBlockingQueue.take(ArrayBlockingQueue.java:403)&#10;        at java.util.concurrent.ThreadPoolExecutor.getTask(ThreadPoolExecutor.java:1074)&#10;        at java.util.concurrent.ThreadPoolExecutor.runWorker(ThreadPoolExecutor.java:1134)&#10;        at java.util.concurrent.ThreadPoolExecutor$Worker.run(ThreadPoolExecutor.java:624)&#10;        at java.lang.Thread.run(Thread.java:748)&#10;&quot;org.eclipse.jetty.server.session.HashSessionManager@42cc420bTimer&quot; daemon prio=5 tid=1138 timed_waiting&#10;java.lang.Thread.State: TIMED_WAITING&#10;        at sun.misc.Unsafe.park(Native Method)&#10;        at java.util.concurrent.locks.LockSupport.parkNanos(LockSupport.java:215)&#10;        at java.util.concurrent.locks.AbstractQueuedSynchronizer$ConditionObject.awaitNanos(AbstractQueuedSynchronizer.java:2078)&#10;        at java.util.concurrent.ScheduledThreadPoolExecutor$DelayedWorkQueue.take(ScheduledThreadPoolExecutor.java:1093)&#10;        at java.util.concurrent.ScheduledThreadPoolExecutor$DelayedWorkQueue.take(ScheduledThreadPoolExecutor.java:809)&#10;        at java.util.concurrent.ThreadPoolExecutor.getTask(ThreadPoolExecutor.java:1074)&#10;        at java.util.concurrent.ThreadPoolExecutor.runWorker(ThreadPoolExecutor.java:1134)&#10;        at java.util.concurrent.ThreadPoolExecutor$Worker.run(ThreadPoolExecutor.java:624)&#10;        at java.lang.Thread.run(Thread.java:748)&#10;&quot;pool-216-thread-35&quot;  prio=5 tid=1395 in Object.wait()&#10;java.lang.Thread.State: WAITING (on object monitor)&#10;        at sun.misc.Unsafe.park(Native Method)&#10;        at java.util.concurrent.locks.LockSupport.park(LockSupport.java:175)&#10;        at java.util.concurrent.locks.AbstractQueuedSynchronizer$ConditionObject.await(AbstractQueuedSynchronizer.java:2039)&#10;        at java.util.concurrent.ArrayBlockingQueue.take(ArrayBlockingQueue.java:403)&#10;        at java.util.concurrent.ThreadPoolExecutor.getTask(ThreadPoolExecutor.java:1074)&#10;        at java.util.concurrent.ThreadPoolExecutor.runWorker(ThreadPoolExecutor.java:1134)&#10;        at java.util.concurrent.ThreadPoolExecutor$Worker.run(ThreadPoolExecutor.java:624)&#10;        at java.lang.Thread.run(Thread.java:748)&#10;&quot;Datanode ReportManager Thread - 2&quot; daemon prio=5 tid=1144 timed_waiting&#10;java.lang.Thread.State: TIMED_WAITING&#10;        at sun.misc.Unsafe.park(Native Method)&#10;        at java.util.concurrent.locks.LockSupport.parkNanos(LockSupport.java:215)&#10;        at java.util.concurrent.locks.AbstractQueuedSynchronizer$ConditionObject.awaitNanos(AbstractQueuedSynchronizer.java:2078)&#10;        at java.util.concurrent.ScheduledThreadPoolExecutor$DelayedWorkQueue.take(ScheduledThreadPoolExecutor.java:1093)&#10;        at java.util.concurrent.ScheduledThreadPoolExecutor$DelayedWorkQueue.take(ScheduledThreadPoolExecutor.java:809)&#10;        at java.util.concurrent.ThreadPoolExecutor.getTask(ThreadPoolExecutor.java:1074)&#10;        at java.util.concurrent.ThreadPoolExecutor.runWorker(ThreadPoolExecutor.java:1134)&#10;        at java.util.concurrent.ThreadPoolExecutor$Worker.run(ThreadPoolExecutor.java:624)&#10;        at java.lang.Thread.run(Thread.java:748)&#10;&quot;pool-258-thread-36&quot;  prio=5 tid=1516 in Object.wait()&#10;java.lang.Thread.State: WAITING (on object monitor)&#10;        at sun.misc.Unsafe.park(Native Method)&#10;        at java.util.concurrent.locks.LockSupport.park(LockSupport.java:175)&#10;        at java.util.concurrent.locks.AbstractQueuedSynchronizer$ConditionObject.await(AbstractQueuedSynchronizer.java:2039)&#10;        at java.util.concurrent.ArrayBlockingQueue.take(ArrayBlockingQueue.java:403)&#10;        at java.util.concurrent.ThreadPoolExecutor.getTask(ThreadPoolExecutor.java:1074)&#10;        at java.util.concurrent.ThreadPoolExecutor.runWorker(ThreadPoolExecutor.java:1134)&#10;        at java.util.concurrent.ThreadPoolExecutor$Worker.run(ThreadPoolExecutor.java:624)&#10;        at java.lang.Thread.run(Thread.java:748)&#10;&quot;nioEventLoopGroup-14-1&quot;  prio=10 tid=1080 runnable&#10;java.lang.Thread.State: RUNNABLE&#10;        at sun.nio.ch.EPollArrayWrapper.epollWait(Native Method)&#10;        at sun.nio.ch.EPollArrayWrapper.poll(EPollArrayWrapper.java:269)&#10;        at sun.nio.ch.EPollSelectorImpl.doSelect(EPollSelectorImpl.java:93)&#10;        at sun.nio.ch.SelectorImpl.lockAndDoSelect(SelectorImpl.java:86)&#10;        at sun.nio.ch.SelectorImpl.select(SelectorImpl.java:97)&#10;        at io.netty.channel.nio.SelectedSelectionKeySetSelector.select(SelectedSelectionKeySetSelector.java:62)&#10;        at io.netty.channel.nio.NioEventLoop.select(NioEventLoop.java:753)&#10;        at io.netty.channel.nio.NioEventLoop.run(NioEventLoop.java:408)&#10;        at io.netty.util.concurrent.SingleThreadEventExecutor$5.run(SingleThreadEventExecutor.java:897)&#10;        at io.netty.util.concurrent.FastThreadLocalRunnable.run(FastThreadLocalRunnable.java:30)&#10;        at java.lang.Thread.run(Thread.java:748)&#10;&quot;IPC Server handler 19 on 35612&quot; daemon prio=5 tid=963 timed_waiting&#10;java.lang.Thread.State: TIMED_WAITING&#10;        at sun.misc.Unsafe.park(Native Method)&#10;        at java.util.concurrent.locks.LockSupport.parkNanos(LockSupport.java:215)&#10;        at java.util.concurrent.locks.AbstractQueuedSynchronizer$ConditionObject.awaitNanos(AbstractQueuedSynchronizer.java:2078)&#10;        at java.util.concurrent.LinkedBlockingQueue.poll(LinkedBlockingQueue.java:467)&#10;        at org.apache.hadoop.ipc.CallQueueManager.take(CallQueueManager.java:288)&#10;        at org.apache.hadoop.ipc.Server$Handler.run(Server.java:2668)&#10;&quot;pool-216-thread-12&quot;  prio=5 tid=1372 in Object.wait()&#10;java.lang.Thread.State: WAITING (on object monitor)&#10;        at sun.misc.Unsafe.park(Native Method)&#10;        at java.util.concurrent.locks.LockSupport.park(LockSupport.java:175)&#10;        at java.util.concurrent.locks.AbstractQueuedSynchronizer$ConditionObject.await(AbstractQueuedSynchronizer.java:2039)&#10;        at java.util.concurrent.ArrayBlockingQueue.take(ArrayBlockingQueue.java:403)&#10;        at java.util.concurrent.ThreadPoolExecutor.getTask(ThreadPoolExecutor.java:1074)&#10;        at java.util.concurrent.ThreadPoolExecutor.runWorker(ThreadPoolExecutor.java:1134)&#10;        at java.util.concurrent.ThreadPoolExecutor$Worker.run(ThreadPoolExecutor.java:624)&#10;        at java.lang.Thread.run(Thread.java:748)&#10;&quot;org.eclipse.jetty.server.session.HashSessionManager@6b3d9c38Timer&quot; daemon prio=5 tid=1078 timed_waiting&#10;java.lang.Thread.State: TIMED_WAITING&#10;        at sun.misc.Unsafe.park(Native Method)&#10;        at java.util.concurrent.locks.LockSupport.parkNanos(LockSupport.java:215)&#10;        at java.util.concurrent.locks.AbstractQueuedSynchronizer$ConditionObject.awaitNanos(AbstractQueuedSynchronizer.java:2078)&#10;        at java.util.concurrent.ScheduledThreadPoolExecutor$DelayedWorkQueue.take(ScheduledThreadPoolExecutor.java:1093)&#10;        at java.util.concurrent.ScheduledThreadPoolExecutor$DelayedWorkQueue.take(ScheduledThreadPoolExecutor.java:809)&#10;        at java.util.concurrent.ThreadPoolExecutor.getTask(ThreadPoolExecutor.java:1074)&#10;        at java.util.concurrent.ThreadPoolExecutor.runWorker(ThreadPoolExecutor.java:1134)&#10;        at java.util.concurrent.ThreadPoolExecutor$Worker.run(ThreadPoolExecutor.java:624)&#10;        at java.lang.Thread.run(Thread.java:748)&#10;&quot;pool-174-thread-58&quot;  prio=5 tid=1297 in Object.wait()&#10;java.lang.Thread.State: WAITING (on object monitor)&#10;        at sun.misc.Unsafe.park(Native Method)&#10;        at java.util.concurrent.locks.LockSupport.park(LockSupport.java:175)&#10;        at java.util.concurrent.locks.AbstractQueuedSynchronizer$ConditionObject.await(AbstractQueuedSynchronizer.java:2039)&#10;        at java.util.concurrent.ArrayBlockingQueue.take(ArrayBlockingQueue.java:403)&#10;        at java.util.concurrent.ThreadPoolExecutor.getTask(ThreadPoolExecutor.java:1074)&#10;        at java.util.concurrent.ThreadPoolExecutor.runWorker(ThreadPoolExecutor.java:1134)&#10;        at java.util.concurrent.ThreadPoolExecutor$Worker.run(ThreadPoolExecutor.java:624)&#10;        at java.lang.Thread.run(Thread.java:748)&#10;&quot;IPC Server handler 12 on 35612&quot; daemon prio=5 tid=956 timed_waiting&#10;java.lang.Thread.State: TIMED_WAITING&#10;        at sun.misc.Unsafe.park(Native Method)&#10;        at java.util.concurrent.locks.LockSupport.parkNanos(LockSupport.java:215)&#10;        at java.util.concurrent.locks.AbstractQueuedSynchronizer$ConditionObject.awaitNanos(AbstractQueuedSynchronizer.java:2078)&#10;        at java.util.concurrent.LinkedBlockingQueue.poll(LinkedBlockingQueue.java:467)&#10;        at org.apache.hadoop.ipc.CallQueueManager.take(CallQueueManager.java:288)&#10;        at org.apache.hadoop.ipc.Server$Handler.run(Server.java:2668)&#10;&quot;pool-237-thread-29&quot;  prio=5 tid=1449 in Object.wait()&#10;java.lang.Thread.State: WAITING (on object monitor)&#10;        at sun.misc.Unsafe.park(Native Method)&#10;        at java.util.concurrent.locks.LockSupport.park(LockSupport.java:175)&#10;        at java.util.concurrent.locks.AbstractQueuedSynchronizer$ConditionObject.await(AbstractQueuedSynchronizer.java:2039)&#10;        at java.util.concurrent.ArrayBlockingQueue.take(ArrayBlockingQueue.java:403)&#10;        at java.util.concurrent.ThreadPoolExecutor.getTask(ThreadPoolExecutor.java:1074)&#10;        at java.util.concurrent.ThreadPoolExecutor.runWorker(ThreadPoolExecutor.java:1134)&#10;        at java.util.concurrent.ThreadPoolExecutor$Worker.run(ThreadPoolExecutor.java:624)&#10;        at java.lang.Thread.run(Thread.java:748)&#10;&quot;IPC Server handler 15 on 42412&quot; daemon prio=5 tid=979 timed_waiting&#10;java.lang.Thread.State: TIMED_WAITING&#10;        at sun.misc.Unsafe.park(Native Method)&#10;        at java.util.concurrent.locks.LockSupport.parkNanos(LockSupport.java:215)&#10;        at java.util.concurrent.locks.AbstractQueuedSynchronizer$ConditionObject.awaitNanos(AbstractQueuedSynchronizer.java:2078)&#10;        at java.util.concurrent.LinkedBlockingQueue.poll(LinkedBlockingQueue.java:467)&#10;        at org.apache.hadoop.ipc.CallQueueManager.take(CallQueueManager.java:288)&#10;        at org.apache.hadoop.ipc.Server$Handler.run(Server.java:2668)&#10;&quot;StateMachineUpdater:9235e096-bad2-4ddc-afaa-1e7edc12c7d5:group-3C262B468671&quot; daemon prio=5 tid=1642 in Object.wait()&#10;java.lang.Thread.State: WAITING (on object monitor)&#10;        at java.lang.Object.wait(Native Method)&#10;        at java.lang.Object.wait(Object.java:502)&#10;        at org.apache.ratis.server.impl.StateMachineUpdater.waitForCommit(StateMachineUpdater.java:180)&#10;        at org.apache.ratis.server.impl.StateMachineUpdater.run(StateMachineUpdater.java:138)&#10;        at java.lang.Thread.run(Thread.java:748)&#10;&quot;grpc-default-worker-ELG-3-1&quot; daemon prio=5 tid=701 runnable&#10;java.lang.Thread.State: RUNNABLE&#10;        at sun.nio.ch.EPollArrayWrapper.epollWait(Native Method)&#10;        at sun.nio.ch.EPollArrayWrapper.poll(EPollArrayWrapper.java:269)&#10;        at sun.nio.ch.EPollSelectorImpl.doSelect(EPollSelectorImpl.java:93)&#10;        at sun.nio.ch.SelectorImpl.lockAndDoSelect(SelectorImpl.java:86)&#10;        at sun.nio.ch.SelectorImpl.select(SelectorImpl.java:97)&#10;        at org.apache.ratis.thirdparty.io.netty.channel.nio.SelectedSelectionKeySetSelector.select(SelectedSelectionKeySetSelector.java:62)&#10;        at org.apache.ratis.thirdparty.io.netty.channel.nio.NioEventLoop.select(NioEventLoop.java:753)&#10;        at org.apache.ratis.thirdparty.io.netty.channel.nio.NioEventLoop.run(NioEventLoop.java:408)&#10;        at org.apache.ratis.thirdparty.io.netty.util.concurrent.SingleThreadEventExecutor$5.run(SingleThreadEventExecutor.java:897)&#10;        at org.apache.ratis.thirdparty.io.netty.util.concurrent.FastThreadLocalRunnable.run(FastThreadLocalRunnable.java:30)&#10;        at java.lang.Thread.run(Thread.java:748)&#10;&quot;qtp1842314090-1132&quot; daemon prio=5 tid=1132 timed_waiting&#10;java.lang.Thread.State: TIMED_WAITING&#10;        at sun.misc.Unsafe.park(Native Method)&#10;        at java.util.concurrent.locks.LockSupport.parkNanos(LockSupport.java:215)&#10;        at java.util.concurrent.locks.AbstractQueuedSynchronizer$ConditionObject.awaitNanos(AbstractQueuedSynchronizer.java:2078)&#10;        at org.eclipse.jetty.util.BlockingArrayQueue.poll(BlockingArrayQueue.java:392)&#10;        at org.eclipse.jetty.util.thread.QueuedThreadPool.idleJobPoll(QueuedThreadPool.java:563)&#10;        at org.eclipse.jetty.util.thread.QueuedThreadPool.access$800(QueuedThreadPool.java:48)&#10;        at org.eclipse.jetty.util.thread.QueuedThreadPool$2.run(QueuedThreadPool.java:626)&#10;        at java.lang.Thread.run(Thread.java:748)&#10;&quot;Socket Reader #1 for port 36683&quot;  prio=5 tid=1020 runnable&#10;java.lang.Thread.State: RUNNABLE&#10;        at sun.nio.ch.EPollArrayWrapper.epollWait(Native Method)&#10;        at sun.nio.ch.EPollArrayWrapper.poll(EPollArrayWrapper.java:269)&#10;        at sun.nio.ch.EPollSelectorImpl.doSelect(EPollSelectorImpl.java:93)&#10;        at sun.nio.ch.SelectorImpl.lockAndDoSelect(SelectorImpl.java:86)&#10;        at sun.nio.ch.SelectorImpl.select(SelectorImpl.java:97)&#10;        at sun.nio.ch.SelectorImpl.select(SelectorImpl.java:101)&#10;        at org.apache.hadoop.ipc.Server$Listener$Reader.doRunLoop(Server.java:1097)&#10;        at org.apache.hadoop.ipc.Server$Listener$Reader.run(Server.java:1076)&#10;&quot;qtp43402513-1101&quot; daemon prio=5 tid=1101 timed_waiting&#10;java.lang.Thread.State: TIMED_WAITING&#10;        at sun.misc.Unsafe.park(Native Method)&#10;        at java.util.concurrent.locks.LockSupport.parkNanos(LockSupport.java:215)&#10;        at java.util.concurrent.locks.AbstractQueuedSynchronizer$ConditionObject.awaitNanos(AbstractQueuedSynchronizer.java:2078)&#10;        at org.eclipse.jetty.util.BlockingArrayQueue.poll(BlockingArrayQueue.java:392)&#10;        at org.eclipse.jetty.util.thread.QueuedThreadPool.idleJobPoll(QueuedThreadPool.java:563)&#10;        at org.eclipse.jetty.util.thread.QueuedThreadPool.access$800(QueuedThreadPool.java:48)&#10;        at org.eclipse.jetty.util.thread.QueuedThreadPool$2.run(QueuedThreadPool.java:626)&#10;        at java.lang.Thread.run(Thread.java:748)&#10;&quot;IPC Server listener on 35612&quot; daemon prio=5 tid=937 runnable&#10;java.lang.Thread.State: RUNNABLE&#10;        at sun.nio.ch.EPollArrayWrapper.epollWait(Native Method)&#10;        at sun.nio.ch.EPollArrayWrapper.poll(EPollArrayWrapper.java:269)&#10;        at sun.nio.ch.EPollSelectorImpl.doSelect(EPollSelectorImpl.java:93)&#10;        at sun.nio.ch.SelectorImpl.lockAndDoSelect(SelectorImpl.java:86)&#10;        at sun.nio.ch.SelectorImpl.select(SelectorImpl.java:97)&#10;        at sun.nio.ch.SelectorImpl.select(SelectorImpl.java:101)&#10;        at org.apache.hadoop.ipc.Server$Listener.run(Server.java:1159)&#10;&quot;pool-279-thread-40&quot;  prio=5 tid=1580 in Object.wait()&#10;java.lang.Thread.State: WAITING (on object monitor)&#10;        at sun.misc.Unsafe.park(Native Method)&#10;        at java.util.concurrent.locks.LockSupport.park(LockSupport.java:175)&#10;        at java.util.concurrent.locks.AbstractQueuedSynchronizer$ConditionObject.await(AbstractQueuedSynchronizer.java:2039)&#10;        at java.util.concurrent.ArrayBlockingQueue.take(ArrayBlockingQueue.java:403)&#10;        at java.util.concurrent.ThreadPoolExecutor.getTask(ThreadPoolExecutor.java:1074)&#10;        at java.util.concurrent.ThreadPoolExecutor.runWorker(ThreadPoolExecutor.java:1134)&#10;        at java.util.concurrent.ThreadPoolExecutor$Worker.run(ThreadPoolExecutor.java:624)&#10;        at java.lang.Thread.run(Thread.java:748)&#10;&quot;pool-258-thread-37&quot;  prio=5 tid=1517 in Object.wait()&#10;java.lang.Thread.State: WAITING (on object monitor)&#10;        at sun.misc.Unsafe.park(Native Method)&#10;        at java.util.concurrent.locks.LockSupport.park(LockSupport.java:175)&#10;        at java.util.concurrent.locks.AbstractQueuedSynchronizer$ConditionObject.await(AbstractQueuedSynchronizer.java:2039)&#10;        at java.util.concurrent.ArrayBlockingQueue.take(ArrayBlockingQueue.java:403)&#10;        at java.util.concurrent.ThreadPoolExecutor.getTask(ThreadPoolExecutor.java:1074)&#10;        at java.util.concurrent.ThreadPoolExecutor.runWorker(ThreadPoolExecutor.java:1134)&#10;        at java.util.concurrent.ThreadPoolExecutor$Worker.run(ThreadPoolExecutor.java:624)&#10;        at java.lang.Thread.run(Thread.java:748)&#10;&quot;pool-279-thread-29&quot;  prio=5 tid=1569 in Object.wait()&#10;java.lang.Thread.State: WAITING (on object monitor)&#10;        at sun.misc.Unsafe.park(Native Method)&#10;        at java.util.concurrent.locks.LockSupport.park(LockSupport.java:175)&#10;        at java.util.concurrent.locks.AbstractQueuedSynchronizer$ConditionObject.await(AbstractQueuedSynchronizer.java:2039)&#10;        at java.util.concurrent.ArrayBlockingQueue.take(ArrayBlockingQueue.java:403)&#10;        at java.util.concurrent.ThreadPoolExecutor.getTask(ThreadPoolExecutor.java:1074)&#10;        at java.util.concurrent.ThreadPoolExecutor.runWorker(ThreadPoolExecutor.java:1134)&#10;        at java.util.concurrent.ThreadPoolExecutor$Worker.run(ThreadPoolExecutor.java:624)&#10;        at java.lang.Thread.run(Thread.java:748)&#10;&quot;pool-174-thread-40&quot;  prio=5 tid=1279 in Object.wait()&#10;java.lang.Thread.State: WAITING (on object monitor)&#10;        at sun.misc.Unsafe.park(Native Method)&#10;        at java.util.concurrent.locks.LockSupport.park(LockSupport.java:175)&#10;        at java.util.concurrent.locks.AbstractQueuedSynchronizer$ConditionObject.await(AbstractQueuedSynchronizer.java:2039)&#10;        at java.util.concurrent.ArrayBlockingQueue.take(ArrayBlockingQueue.java:403)&#10;        at java.util.concurrent.ThreadPoolExecutor.getTask(ThreadPoolExecutor.java:1074)&#10;        at java.util.concurrent.ThreadPoolExecutor.runWorker(ThreadPoolExecutor.java:1134)&#10;        at java.util.concurrent.ThreadPoolExecutor$Worker.run(ThreadPoolExecutor.java:624)&#10;        at java.lang.Thread.run(Thread.java:748)&#10;&quot;pool-195-thread-32&quot;  prio=5 tid=1332 in Object.wait()&#10;java.lang.Thread.State: WAITING (on object monitor)&#10;        at sun.misc.Unsafe.park(Native Method)&#10;        at java.util.concurrent.locks.LockSupport.park(LockSupport.java:175)&#10;        at java.util.concurrent.locks.AbstractQueuedSynchronizer$ConditionObject.await(AbstractQueuedSynchronizer.java:2039)&#10;        at java.util.concurrent.ArrayBlockingQueue.take(ArrayBlockingQueue.java:403)&#10;        at java.util.concurrent.ThreadPoolExecutor.getTask(ThreadPoolExecutor.java:1074)&#10;        at java.util.concurrent.ThreadPoolExecutor.runWorker(ThreadPoolExecutor.java:1134)&#10;        at java.util.concurrent.ThreadPoolExecutor$Worker.run(ThreadPoolExecutor.java:624)&#10;        at java.lang.Thread.run(Thread.java:748)&#10;&quot;pool-237-thread-44&quot;  prio=5 tid=1464 in Object.wait()&#10;java.lang.Thread.State: WAITING (on object monitor)&#10;        at sun.misc.Unsafe.park(Native Method)&#10;        at java.util.concurrent.locks.LockSupport.park(LockSupport.java:175)&#10;        at java.util.concurrent.locks.AbstractQueuedSynchronizer$ConditionObject.await(AbstractQueuedSynchronizer.java:2039)&#10;        at java.util.concurrent.ArrayBlockingQueue.take(ArrayBlockingQueue.java:403)&#10;        at java.util.concurrent.ThreadPoolExecutor.getTask(ThreadPoolExecutor.java:1074)&#10;        at java.util.concurrent.ThreadPoolExecutor.runWorker(ThreadPoolExecutor.java:1134)&#10;        at java.util.concurrent.ThreadPoolExecutor$Worker.run(ThreadPoolExecutor.java:624)&#10;        at java.lang.Thread.run(Thread.java:748)&#10;&quot;pool-237-thread-38&quot;  prio=5 tid=1458 in Object.wait()&#10;java.lang.Thread.State: WAITING (on object monitor)&#10;        at sun.misc.Unsafe.park(Native Method)&#10;        at java.util.concurrent.locks.LockSupport.park(LockSupport.java:175)&#10;        at java.util.concurrent.locks.AbstractQueuedSynchronizer$ConditionObject.await(AbstractQueuedSynchronizer.java:2039)&#10;        at java.util.concurrent.ArrayBlockingQueue.take(ArrayBlockingQueue.java:403)&#10;        at java.util.concurrent.ThreadPoolExecutor.getTask(ThreadPoolExecutor.java:1074)&#10;        at java.util.concurrent.ThreadPoolExecutor.runWorker(ThreadPoolExecutor.java:1134)&#10;        at java.util.concurrent.ThreadPoolExecutor$Worker.run(ThreadPoolExecutor.java:624)&#10;        at java.lang.Thread.run(Thread.java:748)&#10;&quot;48c40916-4df4-43f1-8da9-aa837bc1a9b2-SegmentedRaftLogWorker:Storage Directory /tmp/workdir/hadoop-ozone/integration-test/target/test-dir/MiniOzoneClusterImpl-d6a8514b-9f5a-4ec7-be91-cc3589120d34/datanode-4/data/ratis/e83dbce7-8c6f-49f9-978d-2cafed4ab0a3&quot;  prio=5 tid=1659 timed_waiting&#10;java.lang.Thread.State: TIMED_WAITING&#10;        at sun.misc.Unsafe.park(Native Method)&#10;        at java.util.concurrent.locks.LockSupport.parkNanos(LockSupport.java:215)&#10;        at java.util.concurrent.locks.AbstractQueuedSynchronizer$ConditionObject.awaitNanos(AbstractQueuedSynchronizer.java:2078)&#10;        at org.apache.ratis.util.DataBlockingQueue.poll(DataBlockingQueue.java:137)&#10;        at org.apache.ratis.server.raftlog.segmented.SegmentedRaftLogWorker.run(SegmentedRaftLogWorker.java:283)&#10;        at java.lang.Thread.run(Thread.java:748)&#10;&quot;qtp1814361629-1160-acceptor-0@40684f33-ServerConnector@14656be5{HTTP/1.1,[http/1.1]}{0.0.0.0:39239}&quot; daemon prio=3 tid=1160 runnable&#10;java.lang.Thread.State: RUNNABLE&#10;        at sun.nio.ch.ServerSocketChannelImpl.accept0(Native Method)&#10;        at sun.nio.ch.ServerSocketChannelImpl.accept(ServerSocketChannelImpl.java:422)&#10;        at sun.nio.ch.ServerSocketChannelImpl.accept(ServerSocketChannelImpl.java:250)&#10;        at org.eclipse.jetty.server.ServerConnector.accept(ServerConnector.java:397)&#10;        at org.eclipse.jetty.server.AbstractConnector$Acceptor.run(AbstractConnector.java:601)&#10;        at org.eclipse.jetty.util.thread.QueuedThreadPool.runJob(QueuedThreadPool.java:671)&#10;        at org.eclipse.jetty.util.thread.QueuedThreadPool$2.run(QueuedThreadPool.java:589)&#10;        at java.lang.Thread.run(Thread.java:748)&#10;&quot;StateMachineUpdater:fbcfeba4-c65e-402f-8e8d-7e30531dec82:group-D12DA0922E45&quot; daemon prio=5 tid=1633 in Object.wait()&#10;java.lang.Thread.State: WAITING (on object monitor)&#10;        at java.lang.Object.wait(Native Method)&#10;        at java.lang.Object.wait(Object.java:502)&#10;        at org.apache.ratis.server.impl.StateMachineUpdater.waitForCommit(StateMachineUpdater.java:180)&#10;        at org.apache.ratis.server.impl.StateMachineUpdater.run(StateMachineUpdater.java:138)&#10;        at java.lang.Thread.run(Thread.java:748)&#10;&quot;pool-174-thread-25&quot;  prio=5 tid=1264 in Object.wait()&#10;java.lang.Thread.State: WAITING (on object monitor)&#10;        at sun.misc.Unsafe.park(Native Method)&#10;        at java.util.concurrent.locks.LockSupport.park(LockSupport.java:175)&#10;        at java.util.concurrent.locks.AbstractQueuedSynchronizer$ConditionObject.await(AbstractQueuedSynchronizer.java:2039)&#10;        at java.util.concurrent.ArrayBlockingQueue.take(ArrayBlockingQueue.java:403)&#10;        at java.util.concurrent.ThreadPoolExecutor.getTask(ThreadPoolExecutor.java:1074)&#10;        at java.util.concurrent.ThreadPoolExecutor.runWorker(ThreadPoolExecutor.java:1134)&#10;        at java.util.concurrent.ThreadPoolExecutor$Worker.run(ThreadPoolExecutor.java:624)&#10;        at java.lang.Thread.run(Thread.java:748)&#10;&quot;qtp302256620-1191&quot; daemon prio=5 tid=1191 timed_waiting&#10;java.lang.Thread.State: TIMED_WAITING&#10;        at sun.misc.Unsafe.park(Native Method)&#10;        at java.util.concurrent.locks.LockSupport.parkNanos(LockSupport.java:215)&#10;        at java.util.concurrent.locks.AbstractQueuedSynchronizer$ConditionObject.awaitNanos(AbstractQueuedSynchronizer.java:2078)&#10;        at org.eclipse.jetty.util.BlockingArrayQueue.poll(BlockingArrayQueue.java:392)&#10;        at org.eclipse.jetty.util.thread.QueuedThreadPool.idleJobPoll(QueuedThreadPool.java:563)&#10;        at org.eclipse.jetty.util.thread.QueuedThreadPool.access$800(QueuedThreadPool.java:48)&#10;        at org.eclipse.jetty.util.thread.QueuedThreadPool$2.run(QueuedThreadPool.java:626)&#10;        at java.lang.Thread.run(Thread.java:748)&#10;&quot;IPC Server handler 5 on 42412&quot; daemon prio=5 tid=969 timed_waiting&#10;java.lang.Thread.State: TIMED_WAITING&#10;        at sun.misc.Unsafe.park(Native Method)&#10;        at java.util.concurrent.locks.LockSupport.parkNanos(LockSupport.java:215)&#10;        at java.util.concurrent.locks.AbstractQueuedSynchronizer$ConditionObject.awaitNanos(AbstractQueuedSynchronizer.java:2078)&#10;        at java.util.concurrent.LinkedBlockingQueue.poll(LinkedBlockingQueue.java:467)&#10;        at org.apache.hadoop.ipc.CallQueueManager.take(CallQueueManager.java:288)&#10;        at org.apache.hadoop.ipc.Server$Handler.run(Server.java:2668)&#10;&quot;pool-279-thread-28&quot;  prio=5 tid=1568 in Object.wait()&#10;java.lang.Thread.State: WAITING (on object monitor)&#10;        at sun.misc.Unsafe.park(Native Method)&#10;        at java.util.concurrent.locks.LockSupport.park(LockSupport.java:175)&#10;        at java.util.concurrent.locks.AbstractQueuedSynchronizer$ConditionObject.await(AbstractQueuedSynchronizer.java:2039)&#10;        at java.util.concurrent.ArrayBlockingQueue.take(ArrayBlockingQueue.java:403)&#10;        at java.util.concurrent.ThreadPoolExecutor.getTask(ThreadPoolExecutor.java:1074)&#10;        at java.util.concurrent.ThreadPoolExecutor.runWorker(ThreadPoolExecutor.java:1134)&#10;        at java.util.concurrent.ThreadPoolExecutor$Worker.run(ThreadPoolExecutor.java:624)&#10;        at java.lang.Thread.run(Thread.java:748)&#10;&quot;pool-216-thread-50&quot;  prio=5 tid=1410 in Object.wait()&#10;java.lang.Thread.State: WAITING (on object monitor)&#10;        at sun.misc.Unsafe.park(Native Method)&#10;        at java.util.concurrent.locks.LockSupport.park(LockSupport.java:175)&#10;        at java.util.concurrent.locks.AbstractQueuedSynchronizer$ConditionObject.await(AbstractQueuedSynchronizer.java:2039)&#10;        at java.util.concurrent.ArrayBlockingQueue.take(ArrayBlockingQueue.java:403)&#10;        at java.util.concurrent.ThreadPoolExecutor.getTask(ThreadPoolExecutor.java:1074)&#10;        at java.util.concurrent.ThreadPoolExecutor.runWorker(ThreadPoolExecutor.java:1134)&#10;        at java.util.concurrent.ThreadPoolExecutor$Worker.run(ThreadPoolExecutor.java:624)&#10;        at java.lang.Thread.run(Thread.java:748)&#10;&quot;refreshUsed-/tmp/workdir/hadoop-ozone/integration-test/target/test-dir/MiniOzoneClusterImpl-d6a8514b-9f5a-4ec7-be91-cc3589120d34/datanode-5/data/containers&quot; daemon prio=5 tid=1212 timed_waiting&#10;java.lang.Thread.State: TIMED_WAITING&#10;        at java.lang.Thread.sleep(Native Method)&#10;        at org.apache.hadoop.fs.CachingGetSpaceUsed$RefreshThread.run(CachingGetSpaceUsed.java:179)&#10;        at java.lang.Thread.run(Thread.java:748)&#10;&quot;pool-258-thread-1&quot;  prio=5 tid=1481 in Object.wait()&#10;java.lang.Thread.State: WAITING (on object monitor)&#10;        at sun.misc.Unsafe.park(Native Method)&#10;        at java.util.concurrent.locks.LockSupport.park(LockSupport.java:175)&#10;        at java.util.concurrent.locks.AbstractQueuedSynchronizer$ConditionObject.await(AbstractQueuedSynchronizer.java:2039)&#10;        at java.util.concurrent.ArrayBlockingQueue.take(ArrayBlockingQueue.java:403)&#10;        at java.util.concurrent.ThreadPoolExecutor.getTask(ThreadPoolExecutor.java:1074)&#10;        at java.util.concurrent.ThreadPoolExecutor.runWorker(ThreadPoolExecutor.java:1134)&#10;        at java.util.concurrent.ThreadPoolExecutor$Worker.run(ThreadPoolExecutor.java:624)&#10;        at java.lang.Thread.run(Thread.java:748)&#10;&quot;Datanode ReportManager Thread - 0&quot; daemon prio=5 tid=1142 in Object.wait()&#10;java.lang.Thread.State: WAITING (on object monitor)&#10;        at sun.misc.Unsafe.park(Native Method)&#10;        at java.util.concurrent.locks.LockSupport.park(LockSupport.java:175)&#10;        at java.util.concurrent.locks.AbstractQueuedSynchronizer$ConditionObject.await(AbstractQueuedSynchronizer.java:2039)&#10;        at java.util.concurrent.ScheduledThreadPoolExecutor$DelayedWorkQueue.take(ScheduledThreadPoolExecutor.java:1088)&#10;        at java.util.concurrent.ScheduledThreadPoolExecutor$DelayedWorkQueue.take(ScheduledThreadPoolExecutor.java:809)&#10;        at java.util.concurrent.ThreadPoolExecutor.getTask(ThreadPoolExecutor.java:1074)&#10;        at java.util.concurrent.ThreadPoolExecutor.runWorker(ThreadPoolExecutor.java:1134)&#10;        at java.util.concurrent.ThreadPoolExecutor$Worker.run(ThreadPoolExecutor.java:624)&#10;        at java.lang.Thread.run(Thread.java:748)&#10;&quot;Timer-1&quot; daemon prio=5 tid=148 timed_waiting&#10;java.lang.Thread.State: TIMED_WAITING&#10;        at java.lang.Object.wait(Native Method)&#10;        at java.util.TimerThread.mainLoop(Timer.java:552)&#10;        at java.util.TimerThread.run(Timer.java:505)&#10;&quot;pool-237-thread-50&quot;  prio=5 tid=1470 in Object.wait()&#10;java.lang.Thread.State: WAITING (on object monitor)&#10;        at sun.misc.Unsafe.park(Native Method)&#10;        at java.util.concurrent.locks.LockSupport.park(LockSupport.java:175)&#10;        at java.util.concurrent.locks.AbstractQueuedSynchronizer$ConditionObject.await(AbstractQueuedSynchronizer.java:2039)&#10;        at java.util.concurrent.ArrayBlockingQueue.take(ArrayBlockingQueue.java:403)&#10;        at java.util.concurrent.ThreadPoolExecutor.getTask(ThreadPoolExecutor.java:1074)&#10;        at java.util.concurrent.ThreadPoolExecutor.runWorker(ThreadPoolExecutor.java:1134)&#10;        at java.util.concurrent.ThreadPoolExecutor$Worker.run(ThreadPoolExecutor.java:624)&#10;        at java.lang.Thread.run(Thread.java:748)&#10;&quot;pool-174-thread-34&quot;  prio=5 tid=1273 in Object.wait()&#10;java.lang.Thread.State: WAITING (on object monitor)&#10;        at sun.misc.Unsafe.park(Native Method)&#10;        at java.util.concurrent.locks.LockSupport.park(LockSupport.java:175)&#10;        at java.util.concurrent.locks.AbstractQueuedSynchronizer$ConditionObject.await(AbstractQueuedSynchronizer.java:2039)&#10;        at java.util.concurrent.ArrayBlockingQueue.take(ArrayBlockingQueue.java:403)&#10;        at java.util.concurrent.ThreadPoolExecutor.getTask(ThreadPoolExecutor.java:1074)&#10;        at java.util.concurrent.ThreadPoolExecutor.runWorker(ThreadPoolExecutor.java:1134)&#10;        at java.util.concurrent.ThreadPoolExecutor$Worker.run(ThreadPoolExecutor.java:624)&#10;        at java.lang.Thread.run(Thread.java:748)&#10;&quot;BlockDeletingService#1&quot; daemon prio=5 tid=1217 timed_waiting&#10;java.lang.Thread.State: TIMED_WAITING&#10;        at sun.misc.Unsafe.park(Native Method)&#10;        at java.util.concurrent.locks.LockSupport.parkNanos(LockSupport.java:215)&#10;        at java.util.concurrent.locks.AbstractQueuedSynchronizer$ConditionObject.awaitNanos(AbstractQueuedSynchronizer.java:2078)&#10;        at java.util.concurrent.ScheduledThreadPoolExecutor$DelayedWorkQueue.take(ScheduledThreadPoolExecutor.java:1093)&#10;        at java.util.concurrent.ScheduledThreadPoolExecutor$DelayedWorkQueue.take(ScheduledThreadPoolExecutor.java:809)&#10;        at java.util.concurrent.ThreadPoolExecutor.getTask(ThreadPoolExecutor.java:1074)&#10;        at java.util.concurrent.ThreadPoolExecutor.runWorker(ThreadPoolExecutor.java:1134)&#10;        at java.util.concurrent.ThreadPoolExecutor$Worker.run(ThreadPoolExecutor.java:624)&#10;        at java.lang.Thread.run(Thread.java:748)&#10;&quot;StateMachineUpdater:48c40916-4df4-43f1-8da9-aa837bc1a9b2:group-C50E1CE1A3CA&quot; daemon prio=5 tid=1647 in Object.wait()&#10;java.lang.Thread.State: WAITING (on object monitor)&#10;        at java.lang.Object.wait(Native Method)&#10;        at java.lang.Object.wait(Object.java:502)&#10;        at org.apache.ratis.server.impl.StateMachineUpdater.waitForCommit(StateMachineUpdater.java:180)&#10;        at org.apache.ratis.server.impl.StateMachineUpdater.run(StateMachineUpdater.java:138)&#10;        at java.lang.Thread.run(Thread.java:748)&#10;&quot;pool-237-thread-51&quot;  prio=5 tid=1471 in Object.wait()&#10;java.lang.Thread.State: WAITING (on object monitor)&#10;        at sun.misc.Unsafe.park(Native Method)&#10;        at java.util.concurrent.locks.LockSupport.park(LockSupport.java:175)&#10;        at java.util.concurrent.locks.AbstractQueuedSynchronizer$ConditionObject.await(AbstractQueuedSynchronizer.java:2039)&#10;        at java.util.concurrent.ArrayBlockingQueue.take(ArrayBlockingQueue.java:403)&#10;        at java.util.concurrent.ThreadPoolExecutor.getTask(ThreadPoolExecutor.java:1074)&#10;        at java.util.concurrent.ThreadPoolExecutor.runWorker(ThreadPoolExecutor.java:1134)&#10;        at java.util.concurrent.ThreadPoolExecutor$Worker.run(ThreadPoolExecutor.java:624)&#10;        at java.lang.Thread.run(Thread.java:748)&#10;&quot;pool-216-thread-21&quot;  prio=5 tid=1381 in Object.wait()&#10;java.lang.Thread.State: WAITING (on object monitor)&#10;        at sun.misc.Unsafe.park(Native Method)&#10;        at java.util.concurrent.locks.LockSupport.park(LockSupport.java:175)&#10;        at java.util.concurrent.locks.AbstractQueuedSynchronizer$ConditionObject.await(AbstractQueuedSynchronizer.java:2039)&#10;        at java.util.concurrent.ArrayBlockingQueue.take(ArrayBlockingQueue.java:403)&#10;        at java.util.concurrent.ThreadPoolExecutor.getTask(ThreadPoolExecutor.java:1074)&#10;        at java.util.concurrent.ThreadPoolExecutor.runWorker(ThreadPoolExecutor.java:1134)&#10;        at java.util.concurrent.ThreadPoolExecutor$Worker.run(ThreadPoolExecutor.java:624)&#10;        at java.lang.Thread.run(Thread.java:748)&#10;&quot;pool-195-thread-45&quot;  prio=5 tid=1345 in Object.wait()&#10;java.lang.Thread.State: WAITING (on object monitor)&#10;        at sun.misc.Unsafe.park(Native Method)&#10;        at java.util.concurrent.locks.LockSupport.park(LockSupport.java:175)&#10;        at java.util.concurrent.locks.AbstractQueuedSynchronizer$ConditionObject.await(AbstractQueuedSynchronizer.java:2039)&#10;        at java.util.concurrent.ArrayBlockingQueue.take(ArrayBlockingQueue.java:403)&#10;        at java.util.concurrent.ThreadPoolExecutor.getTask(ThreadPoolExecutor.java:1074)&#10;        at java.util.concurrent.ThreadPoolExecutor.runWorker(ThreadPoolExecutor.java:1134)&#10;        at java.util.concurrent.ThreadPoolExecutor$Worker.run(ThreadPoolExecutor.java:624)&#10;        at java.lang.Thread.run(Thread.java:748)&#10;&quot;pool-279-thread-42&quot;  prio=5 tid=1582 in Object.wait()&#10;java.lang.Thread.State: WAITING (on object monitor)&#10;        at sun.misc.Unsafe.park(Native Method)&#10;        at java.util.concurrent.locks.LockSupport.park(LockSupport.java:175)&#10;        at java.util.concurrent.locks.AbstractQueuedSynchronizer$ConditionObject.await(AbstractQueuedSynchronizer.java:2039)&#10;        at java.util.concurrent.ArrayBlockingQueue.take(ArrayBlockingQueue.java:403)&#10;        at java.util.concurrent.ThreadPoolExecutor.getTask(ThreadPoolExecutor.java:1074)&#10;        at java.util.concurrent.ThreadPoolExecutor.runWorker(ThreadPoolExecutor.java:1134)&#10;        at java.util.concurrent.ThreadPoolExecutor$Worker.run(ThreadPoolExecutor.java:624)&#10;        at java.lang.Thread.run(Thread.java:748)&#10;&quot;pool-174-thread-13&quot;  prio=5 tid=1252 in Object.wait()&#10;java.lang.Thread.State: WAITING (on object monitor)&#10;        at sun.misc.Unsafe.park(Native Method)&#10;        at java.util.concurrent.locks.LockSupport.park(LockSupport.java:175)&#10;        at java.util.concurrent.locks.AbstractQueuedSynchronizer$ConditionObject.await(AbstractQueuedSynchronizer.java:2039)&#10;        at java.util.concurrent.ArrayBlockingQueue.take(ArrayBlockingQueue.java:403)&#10;        at java.util.concurrent.ThreadPoolExecutor.getTask(ThreadPoolExecutor.java:1074)&#10;        at java.util.concurrent.ThreadPoolExecutor.runWorker(ThreadPoolExecutor.java:1134)&#10;        at java.util.concurrent.ThreadPoolExecutor$Worker.run(ThreadPoolExecutor.java:624)&#10;        at java.lang.Thread.run(Thread.java:748)&#10;&quot;Periodic HDDS volume checker&quot;  prio=5 tid=1089 timed_waiting&#10;java.lang.Thread.State: TIMED_WAITING&#10;        at sun.misc.Unsafe.park(Native Method)&#10;        at java.util.concurrent.locks.LockSupport.parkNanos(LockSupport.java:215)&#10;        at java.util.concurrent.locks.AbstractQueuedSynchronizer$ConditionObject.awaitNanos(AbstractQueuedSynchronizer.java:2078)&#10;        at java.util.concurrent.ScheduledThreadPoolExecutor$DelayedWorkQueue.take(ScheduledThreadPoolExecutor.java:1093)&#10;        at java.util.concurrent.ScheduledThreadPoolExecutor$DelayedWorkQueue.take(ScheduledThreadPoolExecutor.java:809)&#10;        at java.util.concurrent.ThreadPoolExecutor.getTask(ThreadPoolExecutor.java:1074)&#10;        at java.util.concurrent.ThreadPoolExecutor.runWorker(ThreadPoolExecutor.java:1134)&#10;        at java.util.concurrent.ThreadPoolExecutor$Worker.run(ThreadPoolExecutor.java:624)&#10;        at java.lang.Thread.run(Thread.java:748)&#10;&quot;pool-195-thread-23&quot;  prio=5 tid=1323 in Object.wait()&#10;java.lang.Thread.State: WAITING (on object monitor)&#10;        at sun.misc.Unsafe.park(Native Method)&#10;        at java.util.concurrent.locks.LockSupport.park(LockSupport.java:175)&#10;        at java.util.concurrent.locks.AbstractQueuedSynchronizer$ConditionObject.await(AbstractQueuedSynchronizer.java:2039)&#10;        at java.util.concurrent.ArrayBlockingQueue.take(ArrayBlockingQueue.java:403)&#10;        at java.util.concurrent.ThreadPoolExecutor.getTask(ThreadPoolExecutor.java:1074)&#10;        at java.util.concurrent.ThreadPoolExecutor.runWorker(ThreadPoolExecutor.java:1134)&#10;        at java.util.concurrent.ThreadPoolExecutor$Worker.run(ThreadPoolExecutor.java:624)&#10;        at java.lang.Thread.run(Thread.java:748)&#10;&quot;StateMachineUpdater:9e9398c9-c564-45b1-aca3-844f60de829e:group-2CAFED4AB0A3&quot; daemon prio=5 tid=1656 in Object.wait()&#10;java.lang.Thread.State: WAITING (on object monitor)&#10;        at java.lang.Object.wait(Native Method)&#10;        at java.lang.Object.wait(Object.java:502)&#10;        at org.apache.ratis.server.impl.StateMachineUpdater.waitForCommit(StateMachineUpdater.java:180)&#10;        at org.apache.ratis.server.impl.StateMachineUpdater.run(StateMachineUpdater.java:138)&#10;        at java.lang.Thread.run(Thread.java:748)&#10;&quot;pool-174-thread-10&quot;  prio=5 tid=1249 in Object.wait()&#10;java.lang.Thread.State: WAITING (on object monitor)&#10;        at sun.misc.Unsafe.park(Native Method)&#10;        at java.util.concurrent.locks.LockSupport.park(LockSupport.java:175)&#10;        at java.util.concurrent.locks.AbstractQueuedSynchronizer$ConditionObject.await(AbstractQueuedSynchronizer.java:2039)&#10;        at java.util.concurrent.ArrayBlockingQueue.take(ArrayBlockingQueue.java:403)&#10;        at java.util.concurrent.ThreadPoolExecutor.getTask(ThreadPoolExecutor.java:1074)&#10;        at java.util.concurrent.ThreadPoolExecutor.runWorker(ThreadPoolExecutor.java:1134)&#10;        at java.util.concurrent.ThreadPoolExecutor$Worker.run(ThreadPoolExecutor.java:624)&#10;        at java.lang.Thread.run(Thread.java:748)&#10;&quot;pool-237-thread-47&quot;  prio=5 tid=1467 in Object.wait()&#10;java.lang.Thread.State: WAITING (on object monitor)&#10;        at sun.misc.Unsafe.park(Native Method)&#10;        at java.util.concurrent.locks.LockSupport.park(LockSupport.java:175)&#10;        at java.util.concurrent.locks.AbstractQueuedSynchronizer$ConditionObject.await(AbstractQueuedSynchronizer.java:2039)&#10;        at java.util.concurrent.ArrayBlockingQueue.take(ArrayBlockingQueue.java:403)&#10;        at java.util.concurrent.ThreadPoolExecutor.getTask(ThreadPoolExecutor.java:1074)&#10;        at java.util.concurrent.ThreadPoolExecutor.runWorker(ThreadPoolExecutor.java:1134)&#10;        at java.util.concurrent.ThreadPoolExecutor$Worker.run(ThreadPoolExecutor.java:624)&#10;        at java.lang.Thread.run(Thread.java:748)&#10;&quot;grpc-default-executor-6&quot; daemon prio=5 tid=816 timed_waiting&#10;java.lang.Thread.State: TIMED_WAITING&#10;        at sun.misc.Unsafe.park(Native Method)&#10;        at java.util.concurrent.locks.LockSupport.parkNanos(LockSupport.java:215)&#10;        at java.util.concurrent.SynchronousQueue$TransferStack.awaitFulfill(SynchronousQueue.java:460)&#10;        at java.util.concurrent.SynchronousQueue$TransferStack.transfer(SynchronousQueue.java:362)&#10;        at java.util.concurrent.SynchronousQueue.poll(SynchronousQueue.java:941)&#10;        at java.util.concurrent.ThreadPoolExecutor.getTask(ThreadPoolExecutor.java:1073)&#10;        at java.util.concurrent.ThreadPoolExecutor.runWorker(ThreadPoolExecutor.java:1134)&#10;        at java.util.concurrent.ThreadPoolExecutor$Worker.run(ThreadPoolExecutor.java:624)&#10;        at java.lang.Thread.run(Thread.java:748)&#10;&quot;refreshUsed-/tmp/workdir/hadoop-ozone/integration-test/target/test-dir/MiniOzoneClusterImpl-d6a8514b-9f5a-4ec7-be91-cc3589120d34/datanode-0/data/containers&quot; daemon prio=5 tid=1061 timed_waiting&#10;java.lang.Thread.State: TIMED_WAITING&#10;        at java.lang.Thread.sleep(Native Method)&#10;        at org.apache.hadoop.fs.CachingGetSpaceUsed$RefreshThread.run(CachingGetSpaceUsed.java:179)&#10;        at java.lang.Thread.run(Thread.java:748)&#10;&quot;org.eclipse.jetty.server.session.HashSessionManager@6c6928cTimer&quot; daemon prio=5 tid=1055 timed_waiting&#10;java.lang.Thread.State: TIMED_WAITING&#10;        at sun.misc.Unsafe.park(Native Method)&#10;        at java.util.concurrent.locks.LockSupport.parkNanos(LockSupport.java:215)&#10;        at java.util.concurrent.locks.AbstractQueuedSynchronizer$ConditionObject.awaitNanos(AbstractQueuedSynchronizer.java:2078)&#10;        at java.util.concurrent.ScheduledThreadPoolExecutor$DelayedWorkQueue.take(ScheduledThreadPoolExecutor.java:1093)&#10;        at java.util.concurrent.ScheduledThreadPoolExecutor$DelayedWorkQueue.take(ScheduledThreadPoolExecutor.java:809)&#10;        at java.util.concurrent.ThreadPoolExecutor.getTask(ThreadPoolExecutor.java:1074)&#10;        at java.util.concurrent.ThreadPoolExecutor.runWorker(ThreadPoolExecutor.java:1134)&#10;        at java.util.concurrent.ThreadPoolExecutor$Worker.run(ThreadPoolExecutor.java:624)&#10;        at java.lang.Thread.run(Thread.java:748)&#10;&quot;pool-237-thread-31&quot;  prio=5 tid=1451 in Object.wait()&#10;java.lang.Thread.State: WAITING (on object monitor)&#10;        at sun.misc.Unsafe.park(Native Method)&#10;        at java.util.concurrent.locks.LockSupport.park(LockSupport.java:175)&#10;        at java.util.concurrent.locks.AbstractQueuedSynchronizer$ConditionObject.await(AbstractQueuedSynchronizer.java:2039)&#10;        at java.util.concurrent.ArrayBlockingQueue.take(ArrayBlockingQueue.java:403)&#10;        at java.util.concurrent.ThreadPoolExecutor.getTask(ThreadPoolExecutor.java:1074)&#10;        at java.util.concurrent.ThreadPoolExecutor.runWorker(ThreadPoolExecutor.java:1134)&#10;        at java.util.concurrent.ThreadPoolExecutor$Worker.run(ThreadPoolExecutor.java:624)&#10;        at java.lang.Thread.run(Thread.java:748)&#10;&quot;pool-216-thread-18&quot;  prio=5 tid=1378 in Object.wait()&#10;java.lang.Thread.State: WAITING (on object monitor)&#10;        at sun.misc.Unsafe.park(Native Method)&#10;        at java.util.concurrent.locks.LockSupport.park(LockSupport.java:175)&#10;        at java.util.concurrent.locks.AbstractQueuedSynchronizer$ConditionObject.await(AbstractQueuedSynchronizer.java:2039)&#10;        at java.util.concurrent.ArrayBlockingQueue.take(ArrayBlockingQueue.java:403)&#10;        at java.util.concurrent.ThreadPoolExecutor.getTask(ThreadPoolExecutor.java:1074)&#10;        at java.util.concurrent.ThreadPoolExecutor.runWorker(ThreadPoolExecutor.java:1134)&#10;        at java.util.concurrent.ThreadPoolExecutor$Worker.run(ThreadPoolExecutor.java:624)&#10;        at java.lang.Thread.run(Thread.java:748)&#10;&quot;IPC Server handler 18 on 35612&quot; daemon prio=5 tid=962 timed_waiting&#10;java.lang.Thread.State: TIMED_WAITING&#10;        at sun.misc.Unsafe.park(Native Method)&#10;        at java.util.concurrent.locks.LockSupport.parkNanos(LockSupport.java:215)&#10;        at java.util.concurrent.locks.AbstractQueuedSynchronizer$ConditionObject.awaitNanos(AbstractQueuedSynchronizer.java:2078)&#10;        at java.util.concurrent.LinkedBlockingQueue.poll(LinkedBlockingQueue.java:467)&#10;        at org.apache.hadoop.ipc.CallQueueManager.take(CallQueueManager.java:288)&#10;        at org.apache.hadoop.ipc.Server$Handler.run(Server.java:2668)&#10;&quot;Command processor thread&quot; daemon prio=5 tid=1086 timed_waiting&#10;java.lang.Thread.State: TIMED_WAITING&#10;        at java.lang.Thread.sleep(Native Method)&#10;        at org.apache.hadoop.ozone.container.common.statemachine.DatanodeStateMachine.lambda$initCommandHandlerThread$1(DatanodeStateMachine.java:439)&#10;        at org.apache.hadoop.ozone.container.common.statemachine.DatanodeStateMachine$$Lambda$144/707418368.run(Unknown Source)&#10;        at java.lang.Thread.run(Thread.java:748)&#10;&quot;pool-258-thread-33&quot;  prio=5 tid=1513 in Object.wait()&#10;java.lang.Thread.State: WAITING (on object monitor)&#10;        at sun.misc.Unsafe.park(Native Method)&#10;        at java.util.concurrent.locks.LockSupport.park(LockSupport.java:175)&#10;        at java.util.concurrent.locks.AbstractQueuedSynchronizer$ConditionObject.await(AbstractQueuedSynchronizer.java:2039)&#10;        at java.util.concurrent.ArrayBlockingQueue.take(ArrayBlockingQueue.java:403)&#10;        at java.util.concurrent.ThreadPoolExecutor.getTask(ThreadPoolExecutor.java:1074)&#10;        at java.util.concurrent.ThreadPoolExecutor.runWorker(ThreadPoolExecutor.java:1134)&#10;        at java.util.concurrent.ThreadPoolExecutor$Worker.run(ThreadPoolExecutor.java:624)&#10;        at java.lang.Thread.run(Thread.java:748)&#10;&quot;qtp43402513-1100-acceptor-0@6eba1258-ServerConnector@3b021664{HTTP/1.1,[http/1.1]}{0.0.0.0:40095}&quot; daemon prio=3 tid=1100 runnable&#10;java.lang.Thread.State: RUNNABLE&#10;        at sun.nio.ch.ServerSocketChannelImpl.accept0(Native Method)&#10;        at sun.nio.ch.ServerSocketChannelImpl.accept(ServerSocketChannelImpl.java:422)&#10;        at sun.nio.ch.ServerSocketChannelImpl.accept(ServerSocketChannelImpl.java:250)&#10;        at org.eclipse.jetty.server.ServerConnector.accept(ServerConnector.java:397)&#10;        at org.eclipse.jetty.server.AbstractConnector$Acceptor.run(AbstractConnector.java:601)&#10;        at org.eclipse.jetty.util.thread.QueuedThreadPool.runJob(QueuedThreadPool.java:671)&#10;        at org.eclipse.jetty.util.thread.QueuedThreadPool$2.run(QueuedThreadPool.java:589)&#10;        at java.lang.Thread.run(Thread.java:748)&#10;&quot;pool-282-thread-1&quot;  prio=5 tid=1743 in Object.wait()&#10;java.lang.Thread.State: WAITING (on object monitor)&#10;        at sun.misc.Unsafe.park(Native Method)&#10;        at java.util.concurrent.locks.LockSupport.park(LockSupport.java:175)&#10;        at java.util.concurrent.locks.AbstractQueuedSynchronizer$ConditionObject.await(AbstractQueuedSynchronizer.java:2039)&#10;        at java.util.concurrent.LinkedBlockingQueue.take(LinkedBlockingQueue.java:442)&#10;        at java.util.concurrent.ThreadPoolExecutor.getTask(ThreadPoolExecutor.java:1074)&#10;        at java.util.concurrent.ThreadPoolExecutor.runWorker(ThreadPoolExecutor.java:1134)&#10;        at java.util.concurrent.ThreadPoolExecutor$Worker.run(ThreadPoolExecutor.java:624)&#10;        at java.lang.Thread.run(Thread.java:748)&#10;&quot;java.util.concurrent.ThreadPoolExecutor$Worker@e120663[State = -1, empty queue]&quot; daemon prio=5 tid=1725 timed_waiting&#10;java.lang.Thread.State: TIMED_WAITING&#10;        at sun.misc.Unsafe.park(Native Method)&#10;        at java.util.concurrent.locks.LockSupport.parkNanos(LockSupport.java:215)&#10;        at java.util.concurrent.locks.AbstractQueuedSynchronizer$ConditionObject.awaitNanos(AbstractQueuedSynchronizer.java:2078)&#10;        at java.util.concurrent.ScheduledThreadPoolExecutor$DelayedWorkQueue.take(ScheduledThreadPoolExecutor.java:1093)&#10;        at java.util.concurrent.ScheduledThreadPoolExecutor$DelayedWorkQueue.take(ScheduledThreadPoolExecutor.java:809)&#10;        at java.util.concurrent.ThreadPoolExecutor.getTask(ThreadPoolExecutor.java:1074)&#10;        at java.util.concurrent.ThreadPoolExecutor.runWorker(ThreadPoolExecutor.java:1134)&#10;        at java.util.concurrent.ThreadPoolExecutor$Worker.run(ThreadPoolExecutor.java:624)&#10;        at java.lang.Thread.run(Thread.java:748)&#10;&quot;pool-195-thread-42&quot;  prio=5 tid=1342 in Object.wait()&#10;java.lang.Thread.State: WAITING (on object monitor)&#10;        at sun.misc.Unsafe.park(Native Method)&#10;        at java.util.concurrent.locks.LockSupport.park(LockSupport.java:175)&#10;        at java.util.concurrent.locks.AbstractQueuedSynchronizer$ConditionObject.await(AbstractQueuedSynchronizer.java:2039)&#10;        at java.util.concurrent.ArrayBlockingQueue.take(ArrayBlockingQueue.java:403)&#10;        at java.util.concurrent.ThreadPoolExecutor.getTask(ThreadPoolExecutor.java:1074)&#10;        at java.util.concurrent.ThreadPoolExecutor.runWorker(ThreadPoolExecutor.java:1134)&#10;        at java.util.concurrent.ThreadPoolExecutor$Worker.run(ThreadPoolExecutor.java:624)&#10;        at java.lang.Thread.run(Thread.java:748)&#10;&quot;Datanode State Machine Thread - 0&quot; daemon prio=5 tid=1201 timed_waiting&#10;java.lang.Thread.State: TIMED_WAITING&#10;        at java.lang.Thread.sleep(Native Method)&#10;        at org.apache.hadoop.ozone.container.common.statemachine.DatanodeStateMachine.start(DatanodeStateMachine.java:191)&#10;        at org.apache.hadoop.ozone.container.common.statemachine.DatanodeStateMachine.lambda$startDaemon$0(DatanodeStateMachine.java:349)&#10;        at org.apache.hadoop.ozone.container.common.statemachine.DatanodeStateMachine$$Lambda$143/327170708.run(Unknown Source)&#10;        at java.lang.Thread.run(Thread.java:748)&#10;&quot;pool-237-thread-17&quot;  prio=5 tid=1437 in Object.wait()&#10;java.lang.Thread.State: WAITING (on object monitor)&#10;        at sun.misc.Unsafe.park(Native Method)&#10;        at java.util.concurrent.locks.LockSupport.park(LockSupport.java:175)&#10;        at java.util.concurrent.locks.AbstractQueuedSynchronizer$ConditionObject.await(AbstractQueuedSynchronizer.java:2039)&#10;        at java.util.concurrent.ArrayBlockingQueue.take(ArrayBlockingQueue.java:403)&#10;        at java.util.concurrent.ThreadPoolExecutor.getTask(ThreadPoolExecutor.java:1074)&#10;        at java.util.concurrent.ThreadPoolExecutor.runWorker(ThreadPoolExecutor.java:1134)&#10;        at java.util.concurrent.ThreadPoolExecutor$Worker.run(ThreadPoolExecutor.java:624)&#10;        at java.lang.Thread.run(Thread.java:748)&#10;&quot;pool-216-thread-29&quot;  prio=5 tid=1389 in Object.wait()&#10;java.lang.Thread.State: WAITING (on object monitor)&#10;        at sun.misc.Unsafe.park(Native Method)&#10;        at java.util.concurrent.locks.LockSupport.park(LockSupport.java:175)&#10;        at java.util.concurrent.locks.AbstractQueuedSynchronizer$ConditionObject.await(AbstractQueuedSynchronizer.java:2039)&#10;        at java.util.concurrent.ArrayBlockingQueue.take(ArrayBlockingQueue.java:403)&#10;        at java.util.concurrent.ThreadPoolExecutor.getTask(ThreadPoolExecutor.java:1074)&#10;        at java.util.concurrent.ThreadPoolExecutor.runWorker(ThreadPoolExecutor.java:1134)&#10;        at java.util.concurrent.ThreadPoolExecutor$Worker.run(ThreadPoolExecutor.java:624)&#10;        at java.lang.Thread.run(Thread.java:748)&#10;&quot;pool-216-thread-10&quot;  prio=5 tid=1370 in Object.wait()&#10;java.lang.Thread.State: WAITING (on object monitor)&#10;        at sun.misc.Unsafe.park(Native Method)&#10;        at java.util.concurrent.locks.LockSupport.park(LockSupport.java:175)&#10;        at java.util.concurrent.locks.AbstractQueuedSynchronizer$ConditionObject.await(AbstractQueuedSynchronizer.java:2039)&#10;        at java.util.concurrent.ArrayBlockingQueue.take(ArrayBlockingQueue.java:403)&#10;        at java.util.concurrent.ThreadPoolExecutor.getTask(ThreadPoolExecutor.java:1074)&#10;        at java.util.concurrent.ThreadPoolExecutor.runWorker(ThreadPoolExecutor.java:1134)&#10;        at java.util.concurrent.ThreadPoolExecutor$Worker.run(ThreadPoolExecutor.java:624)&#10;        at java.lang.Thread.run(Thread.java:748)&#10;&quot;pool-210-thread-1&quot;  prio=5 tid=1098 timed_waiting&#10;java.lang.Thread.State: TIMED_WAITING&#10;        at sun.misc.Unsafe.park(Native Method)&#10;        at java.util.concurrent.locks.LockSupport.parkNanos(LockSupport.java:215)&#10;        at java.util.concurrent.locks.AbstractQueuedSynchronizer$ConditionObject.awaitNanos(AbstractQueuedSynchronizer.java:2078)&#10;        at java.util.concurrent.ScheduledThreadPoolExecutor$DelayedWorkQueue.take(ScheduledThreadPoolExecutor.java:1093)&#10;        at java.util.concurrent.ScheduledThreadPoolExecutor$DelayedWorkQueue.take(ScheduledThreadPoolExecutor.java:809)&#10;        at java.util.concurrent.ThreadPoolExecutor.getTask(ThreadPoolExecutor.java:1074)&#10;        at java.util.concurrent.ThreadPoolExecutor.runWorker(ThreadPoolExecutor.java:1134)&#10;        at java.util.concurrent.ThreadPoolExecutor$Worker.run(ThreadPoolExecutor.java:624)&#10;        at java.lang.Thread.run(Thread.java:748)&#10;&quot;IPC Server handler 13 on 35612&quot; daemon prio=5 tid=957 timed_waiting&#10;java.lang.Thread.State: TIMED_WAITING&#10;        at sun.misc.Unsafe.park(Native Method)&#10;        at java.util.concurrent.locks.LockSupport.parkNanos(LockSupport.java:215)&#10;        at java.util.concurrent.locks.AbstractQueuedSynchronizer$ConditionObject.awaitNanos(AbstractQueuedSynchronizer.java:2078)&#10;        at java.util.concurrent.LinkedBlockingQueue.poll(LinkedBlockingQueue.java:467)&#10;        at org.apache.hadoop.ipc.CallQueueManager.take(CallQueueManager.java:288)&#10;        at org.apache.hadoop.ipc.Server$Handler.run(Server.java:2668)&#10;&quot;4dd65c2c-d780-47ac-bbfa-d53e8644b05a-SegmentedRaftLogWorker:Storage Directory /tmp/workdir/hadoop-ozone/integration-test/target/test-dir/MiniOzoneClusterImpl-d6a8514b-9f5a-4ec7-be91-cc3589120d34/datanode-1/data/ratis/e0f5f245-f45a-48c3-a468-d12da0922e45&quot;  prio=5 tid=1628 timed_waiting&#10;java.lang.Thread.State: TIMED_WAITING&#10;        at sun.misc.Unsafe.park(Native Method)&#10;        at java.util.concurrent.locks.LockSupport.parkNanos(LockSupport.java:215)&#10;        at java.util.concurrent.locks.AbstractQueuedSynchronizer$ConditionObject.awaitNanos(AbstractQueuedSynchronizer.java:2078)&#10;        at org.apache.ratis.util.DataBlockingQueue.poll(DataBlockingQueue.java:137)&#10;        at org.apache.ratis.server.raftlog.segmented.SegmentedRaftLogWorker.run(SegmentedRaftLogWorker.java:283)&#10;        at java.lang.Thread.run(Thread.java:748)&#10;&quot;9235e096-bad2-4ddc-afaa-1e7edc12c7d5-SegmentedRaftLogWorker:Storage Directory /tmp/workdir/hadoop-ozone/integration-test/target/test-dir/MiniOzoneClusterImpl-d6a8514b-9f5a-4ec7-be91-cc3589120d34/datanode-3/data/ratis/73945dfa-6090-4c95-a060-3c262b468671&quot;  prio=5 tid=1641 timed_waiting&#10;java.lang.Thread.State: TIMED_WAITING&#10;        at sun.misc.Unsafe.park(Native Method)&#10;        at java.util.concurrent.locks.LockSupport.parkNanos(LockSupport.java:215)&#10;        at java.util.concurrent.locks.AbstractQueuedSynchronizer$ConditionObject.awaitNanos(AbstractQueuedSynchronizer.java:2078)&#10;        at org.apache.ratis.util.DataBlockingQueue.poll(DataBlockingQueue.java:137)&#10;        at org.apache.ratis.server.raftlog.segmented.SegmentedRaftLogWorker.run(SegmentedRaftLogWorker.java:283)&#10;        at java.lang.Thread.run(Thread.java:748)&#10;&quot;pool-279-thread-14&quot;  prio=5 tid=1554 in Object.wait()&#10;java.lang.Thread.State: WAITING (on object monitor)&#10;        at sun.misc.Unsafe.park(Native Method)&#10;        at java.util.concurrent.locks.LockSupport.park(LockSupport.java:175)&#10;        at java.util.concurrent.locks.AbstractQueuedSynchronizer$ConditionObject.await(AbstractQueuedSynchronizer.java:2039)&#10;        at java.util.concurrent.ArrayBlockingQueue.take(ArrayBlockingQueue.java:403)&#10;        at java.util.concurrent.ThreadPoolExecutor.getTask(ThreadPoolExecutor.java:1074)&#10;        at java.util.concurrent.ThreadPoolExecutor.runWorker(ThreadPoolExecutor.java:1134)&#10;        at java.util.concurrent.ThreadPoolExecutor$Worker.run(ThreadPoolExecutor.java:624)&#10;        at java.lang.Thread.run(Thread.java:748)&#10;&quot;qtp1814361629-1166&quot; daemon prio=5 tid=1166 timed_waiting&#10;java.lang.Thread.State: TIMED_WAITING&#10;        at sun.misc.Unsafe.park(Native Method)&#10;        at java.util.concurrent.locks.LockSupport.parkNanos(LockSupport.java:215)&#10;        at java.util.concurrent.locks.AbstractQueuedSynchronizer$ConditionObject.awaitNanos(AbstractQueuedSynchronizer.java:2078)&#10;        at org.eclipse.jetty.util.BlockingArrayQueue.poll(BlockingArrayQueue.java:392)&#10;        at org.eclipse.jetty.util.thread.QueuedThreadPool.idleJobPoll(QueuedThreadPool.java:563)&#10;        at org.eclipse.jetty.util.thread.QueuedThreadPool.access$800(QueuedThreadPool.java:48)&#10;        at org.eclipse.jetty.util.thread.QueuedThreadPool$2.run(QueuedThreadPool.java:626)&#10;        at java.lang.Thread.run(Thread.java:748)&#10;&quot;pool-279-thread-24&quot;  prio=5 tid=1564 in Object.wait()&#10;java.lang.Thread.State: WAITING (on object monitor)&#10;        at sun.misc.Unsafe.park(Native Method)&#10;        at java.util.concurrent.locks.LockSupport.park(LockSupport.java:175)&#10;        at java.util.concurrent.locks.AbstractQueuedSynchronizer$ConditionObject.await(AbstractQueuedSynchronizer.java:2039)&#10;        at java.util.concurrent.ArrayBlockingQueue.take(ArrayBlockingQueue.java:403)&#10;        at java.util.concurrent.ThreadPoolExecutor.getTask(ThreadPoolExecutor.java:1074)&#10;        at java.util.concurrent.ThreadPoolExecutor.runWorker(ThreadPoolExecutor.java:1134)&#10;        at java.util.concurrent.ThreadPoolExecutor$Worker.run(ThreadPoolExecutor.java:624)&#10;        at java.lang.Thread.run(Thread.java:748)&#10;&quot;pool-258-thread-22&quot;  prio=5 tid=1502 in Object.wait()&#10;java.lang.Thread.State: WAITING (on object monitor)&#10;        at sun.misc.Unsafe.park(Native Method)&#10;        at java.util.concurrent.locks.LockSupport.park(LockSupport.java:175)&#10;        at java.util.concurrent.locks.AbstractQueuedSynchronizer$ConditionObject.await(AbstractQueuedSynchronizer.java:2039)&#10;        at java.util.concurrent.ArrayBlockingQueue.take(ArrayBlockingQueue.java:403)&#10;        at java.util.concurrent.ThreadPoolExecutor.getTask(ThreadPoolExecutor.java:1074)&#10;        at java.util.concurrent.ThreadPoolExecutor.runWorker(ThreadPoolExecutor.java:1134)&#10;        at java.util.concurrent.ThreadPoolExecutor$Worker.run(ThreadPoolExecutor.java:624)&#10;        at java.lang.Thread.run(Thread.java:748)&#10;&quot;org.eclipse.jetty.server.session.HashSessionManager@4d0e1a9aTimer&quot; daemon prio=5 tid=1077 timed_waiting&#10;java.lang.Thread.State: TIMED_WAITING&#10;        at sun.misc.Unsafe.park(Native Method)&#10;        at java.util.concurrent.locks.LockSupport.parkNanos(LockSupport.java:215)&#10;        at java.util.concurrent.locks.AbstractQueuedSynchronizer$ConditionObject.awaitNanos(AbstractQueuedSynchronizer.java:2078)&#10;        at java.util.concurrent.ScheduledThreadPoolExecutor$DelayedWorkQueue.take(ScheduledThreadPoolExecutor.java:1093)&#10;        at java.util.concurrent.ScheduledThreadPoolExecutor$DelayedWorkQueue.take(ScheduledThreadPoolExecutor.java:809)&#10;        at java.util.concurrent.ThreadPoolExecutor.getTask(ThreadPoolExecutor.java:1074)&#10;        at java.util.concurrent.ThreadPoolExecutor.runWorker(ThreadPoolExecutor.java:1134)&#10;        at java.util.concurrent.ThreadPoolExecutor$Worker.run(ThreadPoolExecutor.java:624)&#10;        at java.lang.Thread.run(Thread.java:748)&#10;&quot;IPC Server handler 19 on 36683&quot; daemon prio=5 tid=1045 timed_waiting&#10;java.lang.Thread.State: TIMED_WAITING&#10;        at sun.misc.Unsafe.park(Native Method)&#10;        at java.util.concurrent.locks.LockSupport.parkNanos(LockSupport.java:215)&#10;        at java.util.concurrent.locks.AbstractQueuedSynchronizer$ConditionObject.awaitNanos(AbstractQueuedSynchronizer.java:2078)&#10;        at java.util.concurrent.LinkedBlockingQueue.poll(LinkedBlockingQueue.java:467)&#10;        at org.apache.hadoop.ipc.CallQueueManager.take(CallQueueManager.java:288)&#10;        at org.apache.hadoop.ipc.Server$Handler.run(Server.java:2668)&#10;&quot;pool-258-thread-28&quot;  prio=5 tid=1508 in Object.wait()&#10;java.lang.Thread.State: WAITING (on object monitor)&#10;        at sun.misc.Unsafe.park(Native Method)&#10;        at java.util.concurrent.locks.LockSupport.park(LockSupport.java:175)&#10;        at java.util.concurrent.locks.AbstractQueuedSynchronizer$ConditionObject.await(AbstractQueuedSynchronizer.java:2039)&#10;        at java.util.concurrent.ArrayBlockingQueue.take(ArrayBlockingQueue.java:403)&#10;        at java.util.concurrent.ThreadPoolExecutor.getTask(ThreadPoolExecutor.java:1074)&#10;        at java.util.concurrent.ThreadPoolExecutor.runWorker(ThreadPoolExecutor.java:1134)&#10;        at java.util.concurrent.ThreadPoolExecutor$Worker.run(ThreadPoolExecutor.java:624)&#10;        at java.lang.Thread.run(Thread.java:748)&#10;&quot;pool-216-thread-30&quot;  prio=5 tid=1390 in Object.wait()&#10;java.lang.Thread.State: WAITING (on object monitor)&#10;        at sun.misc.Unsafe.park(Native Method)&#10;        at java.util.concurrent.locks.LockSupport.park(LockSupport.java:175)&#10;        at java.util.concurrent.locks.AbstractQueuedSynchronizer$ConditionObject.await(AbstractQueuedSynchronizer.java:2039)&#10;        at java.util.concurrent.ArrayBlockingQueue.take(ArrayBlockingQueue.java:403)&#10;        at java.util.concurrent.ThreadPoolExecutor.getTask(ThreadPoolExecutor.java:1074)&#10;        at java.util.concurrent.ThreadPoolExecutor.runWorker(ThreadPoolExecutor.java:1134)&#10;        at java.util.concurrent.ThreadPoolExecutor$Worker.run(ThreadPoolExecutor.java:624)&#10;        at java.lang.Thread.run(Thread.java:748)&#10;&quot;Datanode ReportManager Thread - 1&quot; daemon prio=5 tid=1173 in Object.wait()&#10;java.lang.Thread.State: WAITING (on object monitor)&#10;        at sun.misc.Unsafe.park(Native Method)&#10;        at java.util.concurrent.locks.LockSupport.park(LockSupport.java:175)&#10;        at java.util.concurrent.locks.AbstractQueuedSynchronizer$ConditionObject.await(AbstractQueuedSynchronizer.java:2039)&#10;        at java.util.concurrent.ScheduledThreadPoolExecutor$DelayedWorkQueue.take(ScheduledThreadPoolExecutor.java:1088)&#10;        at java.util.concurrent.ScheduledThreadPoolExecutor$DelayedWorkQueue.take(ScheduledThreadPoolExecutor.java:809)&#10;        at java.util.concurrent.ThreadPoolExecutor.getTask(ThreadPoolExecutor.java:1074)&#10;        at java.util.concurrent.ThreadPoolExecutor.runWorker(ThreadPoolExecutor.java:1134)&#10;        at java.util.concurrent.ThreadPoolExecutor$Worker.run(ThreadPoolExecutor.java:624)&#10;        at java.lang.Thread.run(Thread.java:748)&#10;&quot;IPC Server handler 12 on 36683&quot; daemon prio=5 tid=1038 timed_waiting&#10;java.lang.Thread.State: TIMED_WAITING&#10;        at sun.misc.Unsafe.park(Native Method)&#10;        at java.util.concurrent.locks.LockSupport.parkNanos(LockSupport.java:215)&#10;        at java.util.concurrent.locks.AbstractQueuedSynchronizer$ConditionObject.awaitNanos(AbstractQueuedSynchronizer.java:2078)&#10;        at java.util.concurrent.LinkedBlockingQueue.poll(LinkedBlockingQueue.java:467)&#10;        at org.apache.hadoop.ipc.CallQueueManager.take(CallQueueManager.java:288)&#10;        at org.apache.hadoop.ipc.Server$Handler.run(Server.java:2668)&#10;&quot;pool-237-thread-1&quot;  prio=5 tid=1421 in Object.wait()&#10;java.lang.Thread.State: WAITING (on object monitor)&#10;        at sun.misc.Unsafe.park(Native Method)&#10;        at java.util.concurrent.locks.LockSupport.park(LockSupport.java:175)&#10;        at java.util.concurrent.locks.AbstractQueuedSynchronizer$ConditionObject.await(AbstractQueuedSynchronizer.java:2039)&#10;        at java.util.concurrent.ArrayBlockingQueue.take(ArrayBlockingQueue.java:403)&#10;        at java.util.concurrent.ThreadPoolExecutor.getTask(ThreadPoolExecutor.java:1074)&#10;        at java.util.concurrent.ThreadPoolExecutor.runWorker(ThreadPoolExecutor.java:1134)&#10;        at java.util.concurrent.ThreadPoolExecutor$Worker.run(ThreadPoolExecutor.java:624)&#10;        at java.lang.Thread.run(Thread.java:748)&#10;&quot;Thread-714&quot; daemon prio=5 tid=1719 timed_waiting&#10;java.lang.Thread.State: TIMED_WAITING&#10;        at sun.misc.Unsafe.park(Native Method)&#10;        at java.util.concurrent.locks.LockSupport.parkNanos(LockSupport.java:215)&#10;        at java.util.concurrent.locks.AbstractQueuedSynchronizer$ConditionObject.awaitNanos(AbstractQueuedSynchronizer.java:2078)&#10;        at java.util.concurrent.ArrayBlockingQueue.poll(ArrayBlockingQueue.java:418)&#10;        at org.apache.ratis.server.impl.LeaderState$EventQueue.poll(LeaderState.java:114)&#10;        at org.apache.ratis.server.impl.LeaderState$EventProcessor.run(LeaderState.java:451)&#10;&quot;pool-216-thread-2&quot;  prio=5 tid=1362 in Object.wait()&#10;java.lang.Thread.State: WAITING (on object monitor)&#10;        at sun.misc.Unsafe.park(Native Method)&#10;        at java.util.concurrent.locks.LockSupport.park(LockSupport.java:175)&#10;        at java.util.concurrent.locks.AbstractQueuedSynchronizer$ConditionObject.await(AbstractQueuedSynchronizer.java:2039)&#10;        at java.util.concurrent.ArrayBlockingQueue.take(ArrayBlockingQueue.java:403)&#10;        at java.util.concurrent.ThreadPoolExecutor.getTask(ThreadPoolExecutor.java:1074)&#10;        at java.util.concurrent.ThreadPoolExecutor.runWorker(ThreadPoolExecutor.java:1134)&#10;        at java.util.concurrent.ThreadPoolExecutor$Worker.run(ThreadPoolExecutor.java:624)&#10;        at java.lang.Thread.run(Thread.java:748)&#10;&quot;nioEventLoopGroup-2-1&quot;  prio=10 tid=171 runnable&#10;java.lang.Thread.State: RUNNABLE&#10;        at sun.nio.ch.EPollArrayWrapper.epollWait(Native Method)&#10;        at sun.nio.ch.EPollArrayWrapper.poll(EPollArrayWrapper.java:269)&#10;        at sun.nio.ch.EPollSelectorImpl.doSelect(EPollSelectorImpl.java:93)&#10;        at sun.nio.ch.SelectorImpl.lockAndDoSelect(SelectorImpl.java:86)&#10;        at sun.nio.ch.SelectorImpl.select(SelectorImpl.java:97)&#10;        at io.netty.channel.nio.SelectedSelectionKeySetSelector.select(SelectedSelectionKeySetSelector.java:62)&#10;        at io.netty.channel.nio.NioEventLoop.select(NioEventLoop.java:753)&#10;        at io.netty.channel.nio.NioEventLoop.run(NioEventLoop.java:408)&#10;        at io.netty.util.concurrent.SingleThreadEventExecutor$5.run(SingleThreadEventExecutor.java:897)&#10;        at io.netty.util.concurrent.FastThreadLocalRunnable.run(FastThreadLocalRunnable.java:30)&#10;        at java.lang.Thread.run(Thread.java:748)&#10;&quot;IPC Server handler 0 on 35612&quot; daemon prio=5 tid=944 timed_waiting&#10;java.lang.Thread.State: TIMED_WAITING&#10;        at sun.misc.Unsafe.park(Native Method)&#10;        at java.util.concurrent.locks.LockSupport.parkNanos(LockSupport.java:215)&#10;        at java.util.concurrent.locks.AbstractQueuedSynchronizer$ConditionObject.awaitNanos(AbstractQueuedSynchronizer.java:2078)&#10;        at java.util.concurrent.LinkedBlockingQueue.poll(LinkedBlockingQueue.java:467)&#10;        at org.apache.hadoop.ipc.CallQueueManager.take(CallQueueManager.java:288)&#10;        at org.apache.hadoop.ipc.Server$Handler.run(Server.java:2668)&#10;&quot;EventQueue-NewNodeForNewNodeHandler&quot; daemon prio=5 tid=1601 in Object.wait()&#10;java.lang.Thread.State: WAITING (on object monitor)&#10;        at sun.misc.Unsafe.park(Native Method)&#10;        at java.util.concurrent.locks.LockSupport.park(LockSupport.java:175)&#10;        at java.util.concurrent.locks.AbstractQueuedSynchronizer$ConditionObject.await(AbstractQueuedSynchronizer.java:2039)&#10;        at java.util.concurrent.LinkedBlockingQueue.take(LinkedBlockingQueue.java:442)&#10;        at java.util.concurrent.ThreadPoolExecutor.getTask(ThreadPoolExecutor.java:1074)&#10;        at java.util.concurrent.ThreadPoolExecutor.runWorker(ThreadPoolExecutor.java:1134)&#10;        at java.util.concurrent.ThreadPoolExecutor$Worker.run(ThreadPoolExecutor.java:624)&#10;        at java.lang.Thread.run(Thread.java:748)&#10;&quot;Datanode State Machine Thread - 0&quot; daemon prio=5 tid=1120 timed_waiting&#10;java.lang.Thread.State: TIMED_WAITING&#10;        at sun.misc.Unsafe.park(Native Method)&#10;        at java.util.concurrent.locks.LockSupport.parkNanos(LockSupport.java:215)&#10;        at java.util.concurrent.SynchronousQueue$TransferStack.awaitFulfill(SynchronousQueue.java:460)&#10;        at java.util.concurrent.SynchronousQueue$TransferStack.transfer(SynchronousQueue.java:362)&#10;        at java.util.concurrent.SynchronousQueue.poll(SynchronousQueue.java:941)&#10;        at java.util.concurrent.ThreadPoolExecutor.getTask(ThreadPoolExecutor.java:1073)&#10;        at java.util.concurrent.ThreadPoolExecutor.runWorker(ThreadPoolExecutor.java:1134)&#10;        at java.util.concurrent.ThreadPoolExecutor$Worker.run(ThreadPoolExecutor.java:624)&#10;        at java.lang.Thread.run(Thread.java:748)&#10;&quot;pool-195-thread-2&quot;  prio=5 tid=1302 in Object.wait()&#10;java.lang.Thread.State: WAITING (on object monitor)&#10;        at sun.misc.Unsafe.park(Native Method)&#10;        at java.util.concurrent.locks.LockSupport.park(LockSupport.java:175)&#10;        at java.util.concurrent.locks.AbstractQueuedSynchronizer$ConditionObject.await(AbstractQueuedSynchronizer.java:2039)&#10;        at java.util.concurrent.ArrayBlockingQueue.take(ArrayBlockingQueue.java:403)&#10;        at java.util.concurrent.ThreadPoolExecutor.getTask(ThreadPoolExecutor.java:1074)&#10;        at java.util.concurrent.ThreadPoolExecutor.runWorker(ThreadPoolExecutor.java:1134)&#10;        at java.util.concurrent.ThreadPoolExecutor$Worker.run(ThreadPoolExecutor.java:624)&#10;        at java.lang.Thread.run(Thread.java:748)&#10;&quot;pool-279-thread-51&quot;  prio=5 tid=1591 in Object.wait()&#10;java.lang.Thread.State: WAITING (on object monitor)&#10;        at sun.misc.Unsafe.park(Native Method)&#10;        at java.util.concurrent.locks.LockSupport.park(LockSupport.java:175)&#10;        at java.util.concurrent.locks.AbstractQueuedSynchronizer$ConditionObject.await(AbstractQueuedSynchronizer.java:2039)&#10;        at java.util.concurrent.ArrayBlockingQueue.take(ArrayBlockingQueue.java:403)&#10;        at java.util.concurrent.ThreadPoolExecutor.getTask(ThreadPoolExecutor.java:1074)&#10;        at java.util.concurrent.ThreadPoolExecutor.runWorker(ThreadPoolExecutor.java:1134)&#10;        at java.util.concurrent.ThreadPoolExecutor$Worker.run(ThreadPoolExecutor.java:624)&#10;        at java.lang.Thread.run(Thread.java:748)&#10;&quot;KeyDeletingService#1&quot; daemon prio=5 tid=1024 in Object.wait()&#10;java.lang.Thread.State: WAITING (on object monitor)&#10;        at sun.misc.Unsafe.park(Native Method)&#10;        at java.util.concurrent.locks.LockSupport.park(LockSupport.java:175)&#10;        at java.util.concurrent.locks.AbstractQueuedSynchronizer$ConditionObject.await(AbstractQueuedSynchronizer.java:2039)&#10;        at java.util.concurrent.ScheduledThreadPoolExecutor$DelayedWorkQueue.take(ScheduledThreadPoolExecutor.java:1088)&#10;        at java.util.concurrent.ScheduledThreadPoolExecutor$DelayedWorkQueue.take(ScheduledThreadPoolExecutor.java:809)&#10;        at java.util.concurrent.ThreadPoolExecutor.getTask(ThreadPoolExecutor.java:1074)&#10;        at java.util.concurrent.ThreadPoolExecutor.runWorker(ThreadPoolExecutor.java:1134)&#10;        at java.util.concurrent.ThreadPoolExecutor$Worker.run(ThreadPoolExecutor.java:624)&#10;        at java.lang.Thread.run(Thread.java:748)&#10;&quot;BlockDeletingService#0&quot; daemon prio=5 tid=1065 in Object.wait()&#10;java.lang.Thread.State: WAITING (on object monitor)&#10;        at sun.misc.Unsafe.park(Native Method)&#10;        at java.util.concurrent.locks.LockSupport.park(LockSupport.java:175)&#10;        at java.util.concurrent.locks.AbstractQueuedSynchronizer$ConditionObject.await(AbstractQueuedSynchronizer.java:2039)&#10;        at java.util.concurrent.ScheduledThreadPoolExecutor$DelayedWorkQueue.take(ScheduledThreadPoolExecutor.java:1088)&#10;        at java.util.concurrent.ScheduledThreadPoolExecutor$DelayedWorkQueue.take(ScheduledThreadPoolExecutor.java:809)&#10;        at java.util.concurrent.ThreadPoolExecutor.getTask(ThreadPoolExecutor.java:1074)&#10;        at java.util.concurrent.ThreadPoolExecutor.runWorker(ThreadPoolExecutor.java:1134)&#10;        at java.util.concurrent.ThreadPoolExecutor$Worker.run(ThreadPoolExecutor.java:624)&#10;        at java.lang.Thread.run(Thread.java:748)&#10;&quot;pool-195-thread-41&quot;  prio=5 tid=1341 in Object.wait()&#10;java.lang.Thread.State: WAITING (on object monitor)&#10;        at sun.misc.Unsafe.park(Native Method)&#10;        at java.util.concurrent.locks.LockSupport.park(LockSupport.java:175)&#10;        at java.util.concurrent.locks.AbstractQueuedSynchronizer$ConditionObject.await(AbstractQueuedSynchronizer.java:2039)&#10;        at java.util.concurrent.ArrayBlockingQueue.take(ArrayBlockingQueue.java:403)&#10;        at java.util.concurrent.ThreadPoolExecutor.getTask(ThreadPoolExecutor.java:1074)&#10;        at java.util.concurrent.ThreadPoolExecutor.runWorker(ThreadPoolExecutor.java:1134)&#10;        at java.util.concurrent.ThreadPoolExecutor$Worker.run(ThreadPoolExecutor.java:624)&#10;        at java.lang.Thread.run(Thread.java:748)&#10;&quot;pool-174-thread-48&quot;  prio=5 tid=1287 in Object.wait()&#10;java.lang.Thread.State: WAITING (on object monitor)&#10;        at sun.misc.Unsafe.park(Native Method)&#10;        at java.util.concurrent.locks.LockSupport.park(LockSupport.java:175)&#10;        at java.util.concurrent.locks.AbstractQueuedSynchronizer$ConditionObject.await(AbstractQueuedSynchronizer.java:2039)&#10;        at java.util.concurrent.ArrayBlockingQueue.take(ArrayBlockingQueue.java:403)&#10;        at java.util.concurrent.ThreadPoolExecutor.getTask(ThreadPoolExecutor.java:1074)&#10;        at java.util.concurrent.ThreadPoolExecutor.runWorker(ThreadPoolExecutor.java:1134)&#10;        at java.util.concurrent.ThreadPoolExecutor$Worker.run(ThreadPoolExecutor.java:624)&#10;        at java.lang.Thread.run(Thread.java:748)&#10;&quot;pool-195-thread-52&quot;  prio=5 tid=1352 in Object.wait()&#10;java.lang.Thread.State: WAITING (on object monitor)&#10;        at sun.misc.Unsafe.park(Native Method)&#10;        at java.util.concurrent.locks.LockSupport.park(LockSupport.java:175)&#10;        at java.util.concurrent.locks.AbstractQueuedSynchronizer$ConditionObject.await(AbstractQueuedSynchronizer.java:2039)&#10;        at java.util.concurrent.ArrayBlockingQueue.take(ArrayBlockingQueue.java:403)&#10;        at java.util.concurrent.ThreadPoolExecutor.getTask(ThreadPoolExecutor.java:1074)&#10;        at java.util.concurrent.ThreadPoolExecutor.runWorker(ThreadPoolExecutor.java:1134)&#10;        at java.util.concurrent.ThreadPoolExecutor$Worker.run(ThreadPoolExecutor.java:624)&#10;        at java.lang.Thread.run(Thread.java:748)&#10;&quot;Datanode State Machine Thread - 0&quot; daemon prio=5 tid=1111 timed_waiting&#10;java.lang.Thread.State: TIMED_WAITING&#10;        at java.lang.Thread.sleep(Native Method)&#10;        at org.apache.hadoop.ozone.container.common.statemachine.DatanodeStateMachine.start(DatanodeStateMachine.java:191)&#10;        at org.apache.hadoop.ozone.container.common.statemachine.DatanodeStateMachine.lambda$startDaemon$0(DatanodeStateMachine.java:349)&#10;        at org.apache.hadoop.ozone.container.common.statemachine.DatanodeStateMachine$$Lambda$143/327170708.run(Unknown Source)&#10;        at java.lang.Thread.run(Thread.java:748)&#10;&quot;pool-258-thread-10&quot;  prio=5 tid=1490 in Object.wait()&#10;java.lang.Thread.State: WAITING (on object monitor)&#10;        at sun.misc.Unsafe.park(Native Method)&#10;        at java.util.concurrent.locks.LockSupport.park(LockSupport.java:175)&#10;        at java.util.concurrent.locks.AbstractQueuedSynchronizer$ConditionObject.await(AbstractQueuedSynchronizer.java:2039)&#10;        at java.util.concurrent.ArrayBlockingQueue.take(ArrayBlockingQueue.java:403)&#10;        at java.util.concurrent.ThreadPoolExecutor.getTask(ThreadPoolExecutor.java:1074)&#10;        at java.util.concurrent.ThreadPoolExecutor.runWorker(ThreadPoolExecutor.java:1134)&#10;        at java.util.concurrent.ThreadPoolExecutor$Worker.run(ThreadPoolExecutor.java:624)&#10;        at java.lang.Thread.run(Thread.java:748)&#10;&quot;pool-174-thread-50&quot;  prio=5 tid=1289 in Object.wait()&#10;java.lang.Thread.State: WAITING (on object monitor)&#10;        at sun.misc.Unsafe.park(Native Method)&#10;        at java.util.concurrent.locks.LockSupport.park(LockSupport.java:175)&#10;        at java.util.concurrent.locks.AbstractQueuedSynchronizer$ConditionObject.await(AbstractQueuedSynchronizer.java:2039)&#10;        at java.util.concurrent.ArrayBlockingQueue.take(ArrayBlockingQueue.java:403)&#10;        at java.util.concurrent.ThreadPoolExecutor.getTask(ThreadPoolExecutor.java:1074)&#10;        at java.util.concurrent.ThreadPoolExecutor.runWorker(ThreadPoolExecutor.java:1134)&#10;        at java.util.concurrent.ThreadPoolExecutor$Worker.run(ThreadPoolExecutor.java:624)&#10;        at java.lang.Thread.run(Thread.java:748)&#10;&quot;qtp302256620-1193&quot; daemon prio=5 tid=1193 timed_waiting&#10;java.lang.Thread.State: TIMED_WAITING&#10;        at sun.misc.Unsafe.park(Native Method)&#10;        at java.util.concurrent.locks.LockSupport.parkNanos(LockSupport.java:215)&#10;        at java.util.concurrent.locks.AbstractQueuedSynchronizer$ConditionObject.awaitNanos(AbstractQueuedSynchronizer.java:2078)&#10;        at org.eclipse.jetty.util.BlockingArrayQueue.poll(BlockingArrayQueue.java:392)&#10;        at org.eclipse.jetty.util.thread.QueuedThreadPool.idleJobPoll(QueuedThreadPool.java:563)&#10;        at org.eclipse.jetty.util.thread.QueuedThreadPool.access$800(QueuedThreadPool.java:48)&#10;        at org.eclipse.jetty.util.thread.QueuedThreadPool$2.run(QueuedThreadPool.java:626)&#10;        at java.lang.Thread.run(Thread.java:748)&#10;&quot;pool-216-thread-16&quot;  prio=5 tid=1376 in Object.wait()&#10;java.lang.Thread.State: WAITING (on object monitor)&#10;        at sun.misc.Unsafe.park(Native Method)&#10;        at java.util.concurrent.locks.LockSupport.park(LockSupport.java:175)&#10;        at java.util.concurrent.locks.AbstractQueuedSynchronizer$ConditionObject.await(AbstractQueuedSynchronizer.java:2039)&#10;        at java.util.concurrent.ArrayBlockingQueue.take(ArrayBlockingQueue.java:403)&#10;        at java.util.concurrent.ThreadPoolExecutor.getTask(ThreadPoolExecutor.java:1074)&#10;        at java.util.concurrent.ThreadPoolExecutor.runWorker(ThreadPoolExecutor.java:1134)&#10;        at java.util.concurrent.ThreadPoolExecutor$Worker.run(ThreadPoolExecutor.java:624)&#10;        at java.lang.Thread.run(Thread.java:748)&#10;&quot;IPC Server handler 2 on 35612&quot; daemon prio=5 tid=946 timed_waiting&#10;java.lang.Thread.State: TIMED_WAITING&#10;        at sun.misc.Unsafe.park(Native Method)&#10;        at java.util.concurrent.locks.LockSupport.parkNanos(LockSupport.java:215)&#10;        at java.util.concurrent.locks.AbstractQueuedSynchronizer$ConditionObject.awaitNanos(AbstractQueuedSynchronizer.java:2078)&#10;        at java.util.concurrent.LinkedBlockingQueue.poll(LinkedBlockingQueue.java:467)&#10;        at org.apache.hadoop.ipc.CallQueueManager.take(CallQueueManager.java:288)&#10;        at org.apache.hadoop.ipc.Server$Handler.run(Server.java:2668)&#10;&quot;pool-237-thread-42&quot;  prio=5 tid=1462 in Object.wait()&#10;java.lang.Thread.State: WAITING (on object monitor)&#10;        at sun.misc.Unsafe.park(Native Method)&#10;        at java.util.concurrent.locks.LockSupport.park(LockSupport.java:175)&#10;        at java.util.concurrent.locks.AbstractQueuedSynchronizer$ConditionObject.await(AbstractQueuedSynchronizer.java:2039)&#10;        at java.util.concurrent.ArrayBlockingQueue.take(ArrayBlockingQueue.java:403)&#10;        at java.util.concurrent.ThreadPoolExecutor.getTask(ThreadPoolExecutor.java:1074)&#10;        at java.util.concurrent.ThreadPoolExecutor.runWorker(ThreadPoolExecutor.java:1134)&#10;        at java.util.concurrent.ThreadPoolExecutor$Worker.run(ThreadPoolExecutor.java:624)&#10;        at java.lang.Thread.run(Thread.java:748)&#10;&quot;pool-216-thread-46&quot;  prio=5 tid=1406 in Object.wait()&#10;java.lang.Thread.State: WAITING (on object monitor)&#10;        at sun.misc.Unsafe.park(Native Method)&#10;        at java.util.concurrent.locks.LockSupport.park(LockSupport.java:175)&#10;        at java.util.concurrent.locks.AbstractQueuedSynchronizer$ConditionObject.await(AbstractQueuedSynchronizer.java:2039)&#10;        at java.util.concurrent.ArrayBlockingQueue.take(ArrayBlockingQueue.java:403)&#10;        at java.util.concurrent.ThreadPoolExecutor.getTask(ThreadPoolExecutor.java:1074)&#10;        at java.util.concurrent.ThreadPoolExecutor.runWorker(ThreadPoolExecutor.java:1134)&#10;        at java.util.concurrent.ThreadPoolExecutor$Worker.run(ThreadPoolExecutor.java:624)&#10;        at java.lang.Thread.run(Thread.java:748)&#10;&quot;pool-195-thread-51&quot;  prio=5 tid=1351 in Object.wait()&#10;java.lang.Thread.State: WAITING (on object monitor)&#10;        at sun.misc.Unsafe.park(Native Method)&#10;        at java.util.concurrent.locks.LockSupport.park(LockSupport.java:175)&#10;        at java.util.concurrent.locks.AbstractQueuedSynchronizer$ConditionObject.await(AbstractQueuedSynchronizer.java:2039)&#10;        at java.util.concurrent.ArrayBlockingQueue.take(ArrayBlockingQueue.java:403)&#10;        at java.util.concurrent.ThreadPoolExecutor.getTask(ThreadPoolExecutor.java:1074)&#10;        at java.util.concurrent.ThreadPoolExecutor.runWorker(ThreadPoolExecutor.java:1134)&#10;        at java.util.concurrent.ThreadPoolExecutor$Worker.run(ThreadPoolExecutor.java:624)&#10;        at java.lang.Thread.run(Thread.java:748)&#10;&quot;StateMachineUpdater:482e7165-fe12-46cd-a701-6952c6a65481:group-113666E17B52&quot; daemon prio=5 tid=1623 in Object.wait()&#10;java.lang.Thread.State: WAITING (on object monitor)&#10;        at java.lang.Object.wait(Native Method)&#10;        at java.lang.Object.wait(Object.java:502)&#10;        at org.apache.ratis.server.impl.StateMachineUpdater.waitForCommit(StateMachineUpdater.java:180)&#10;        at org.apache.ratis.server.impl.StateMachineUpdater.run(StateMachineUpdater.java:138)&#10;        at java.lang.Thread.run(Thread.java:748)&#10;&quot;pool-258-thread-46&quot;  prio=5 tid=1526 in Object.wait()&#10;java.lang.Thread.State: WAITING (on object monitor)&#10;        at sun.misc.Unsafe.park(Native Method)&#10;        at java.util.concurrent.locks.LockSupport.park(LockSupport.java:175)&#10;        at java.util.concurrent.locks.AbstractQueuedSynchronizer$ConditionObject.await(AbstractQueuedSynchronizer.java:2039)&#10;        at java.util.concurrent.ArrayBlockingQueue.take(ArrayBlockingQueue.java:403)&#10;        at java.util.concurrent.ThreadPoolExecutor.getTask(ThreadPoolExecutor.java:1074)&#10;        at java.util.concurrent.ThreadPoolExecutor.runWorker(ThreadPoolExecutor.java:1134)&#10;        at java.util.concurrent.ThreadPoolExecutor$Worker.run(ThreadPoolExecutor.java:624)&#10;        at java.lang.Thread.run(Thread.java:748)&#10;&quot;org.apache.hadoop.util.JvmPauseMonitor$Monitor@4546042c&quot; daemon prio=5 tid=1088 timed_waiting&#10;java.lang.Thread.State: TIMED_WAITING&#10;        at java.lang.Thread.sleep(Native Method)&#10;        at org.apache.hadoop.util.JvmPauseMonitor$Monitor.run(JvmPauseMonitor.java:192)&#10;        at java.lang.Thread.run(Thread.java:748)&#10;&quot;IPC Server handler 1 on 35612&quot; daemon prio=5 tid=945 timed_waiting&#10;java.lang.Thread.State: TIMED_WAITING&#10;        at sun.misc.Unsafe.park(Native Method)&#10;        at java.util.concurrent.locks.LockSupport.parkNanos(LockSupport.java:215)&#10;        at java.util.concurrent.locks.AbstractQueuedSynchronizer$ConditionObject.awaitNanos(AbstractQueuedSynchronizer.java:2078)&#10;        at java.util.concurrent.LinkedBlockingQueue.poll(LinkedBlockingQueue.java:467)&#10;        at org.apache.hadoop.ipc.CallQueueManager.take(CallQueueManager.java:288)&#10;        at org.apache.hadoop.ipc.Server$Handler.run(Server.java:2668)&#10;&quot;pool-252-thread-1&quot;  prio=5 tid=1158 timed_waiting&#10;java.lang.Thread.State: TIMED_WAITING&#10;        at sun.misc.Unsafe.park(Native Method)&#10;        at java.util.concurrent.locks.LockSupport.parkNanos(LockSupport.java:215)&#10;        at java.util.concurrent.locks.AbstractQueuedSynchronizer$ConditionObject.awaitNanos(AbstractQueuedSynchronizer.java:2078)&#10;        at java.util.concurrent.ScheduledThreadPoolExecutor$DelayedWorkQueue.take(ScheduledThreadPoolExecutor.java:1093)&#10;        at java.util.concurrent.ScheduledThreadPoolExecutor$DelayedWorkQueue.take(ScheduledThreadPoolExecutor.java:809)&#10;        at java.util.concurrent.ThreadPoolExecutor.getTask(ThreadPoolExecutor.java:1074)&#10;        at java.util.concurrent.ThreadPoolExecutor.runWorker(ThreadPoolExecutor.java:1134)&#10;        at java.util.concurrent.ThreadPoolExecutor$Worker.run(ThreadPoolExecutor.java:624)&#10;        at java.lang.Thread.run(Thread.java:748)&#10;&quot;pool-258-thread-57&quot;  prio=5 tid=1537 in Object.wait()&#10;java.lang.Thread.State: WAITING (on object monitor)&#10;        at sun.misc.Unsafe.park(Native Method)&#10;        at java.util.concurrent.locks.LockSupport.park(LockSupport.java:175)&#10;        at java.util.concurrent.locks.AbstractQueuedSynchronizer$ConditionObject.await(AbstractQueuedSynchronizer.java:2039)&#10;        at java.util.concurrent.ArrayBlockingQueue.take(ArrayBlockingQueue.java:403)&#10;        at java.util.concurrent.ThreadPoolExecutor.getTask(ThreadPoolExecutor.java:1074)&#10;        at java.util.concurrent.ThreadPoolExecutor.runWorker(ThreadPoolExecutor.java:1134)&#10;        at java.util.concurrent.ThreadPoolExecutor$Worker.run(ThreadPoolExecutor.java:624)&#10;        at java.lang.Thread.run(Thread.java:748)&#10;&quot;IPC Server idle connection scanner for port 42412&quot; daemon prio=5 tid=935 timed_waiting&#10;java.lang.Thread.State: TIMED_WAITING&#10;        at java.lang.Object.wait(Native Method)&#10;        at java.util.TimerThread.mainLoop(Timer.java:552)&#10;        at java.util.TimerThread.run(Timer.java:505)&#10;&quot;IPC Server handler 3 on 42412&quot; daemon prio=5 tid=967 timed_waiting&#10;java.lang.Thread.State: TIMED_WAITING&#10;        at sun.misc.Unsafe.park(Native Method)&#10;        at java.util.concurrent.locks.LockSupport.parkNanos(LockSupport.java:215)&#10;        at java.util.concurrent.locks.AbstractQueuedSynchronizer$ConditionObject.awaitNanos(AbstractQueuedSynchronizer.java:2078)&#10;        at java.util.concurrent.LinkedBlockingQueue.poll(LinkedBlockingQueue.java:467)&#10;        at org.apache.hadoop.ipc.CallQueueManager.take(CallQueueManager.java:288)&#10;        at org.apache.hadoop.ipc.Server$Handler.run(Server.java:2668)&#10;&quot;pool-258-thread-18&quot;  prio=5 tid=1498 in Object.wait()&#10;java.lang.Thread.State: WAITING (on object monitor)&#10;        at sun.misc.Unsafe.park(Native Method)&#10;        at java.util.concurrent.locks.LockSupport.park(LockSupport.java:175)&#10;        at java.util.concurrent.locks.AbstractQueuedSynchronizer$ConditionObject.await(AbstractQueuedSynchronizer.java:2039)&#10;        at java.util.concurrent.ArrayBlockingQueue.take(ArrayBlockingQueue.java:403)&#10;        at java.util.concurrent.ThreadPoolExecutor.getTask(ThreadPoolExecutor.java:1074)&#10;        at java.util.concurrent.ThreadPoolExecutor.runWorker(ThreadPoolExecutor.java:1134)&#10;        at java.util.concurrent.ThreadPoolExecutor$Worker.run(ThreadPoolExecutor.java:624)&#10;        at java.lang.Thread.run(Thread.java:748)&#10;&quot;pool-216-thread-55&quot;  prio=5 tid=1415 in Object.wait()&#10;java.lang.Thread.State: WAITING (on object monitor)&#10;        at sun.misc.Unsafe.park(Native Method)&#10;        at java.util.concurrent.locks.LockSupport.park(LockSupport.java:175)&#10;        at java.util.concurrent.locks.AbstractQueuedSynchronizer$ConditionObject.await(AbstractQueuedSynchronizer.java:2039)&#10;        at java.util.concurrent.ArrayBlockingQueue.take(ArrayBlockingQueue.java:403)&#10;        at java.util.concurrent.ThreadPoolExecutor.getTask(ThreadPoolExecutor.java:1074)&#10;        at java.util.concurrent.ThreadPoolExecutor.runWorker(ThreadPoolExecutor.java:1134)&#10;        at java.util.concurrent.ThreadPoolExecutor$Worker.run(ThreadPoolExecutor.java:624)&#10;        at java.lang.Thread.run(Thread.java:748)&#10;&quot;pool-258-thread-34&quot;  prio=5 tid=1514 in Object.wait()&#10;java.lang.Thread.State: WAITING (on object monitor)&#10;        at sun.misc.Unsafe.park(Native Method)&#10;        at java.util.concurrent.locks.LockSupport.park(LockSupport.java:175)&#10;        at java.util.concurrent.locks.AbstractQueuedSynchronizer$ConditionObject.await(AbstractQueuedSynchronizer.java:2039)&#10;        at java.util.concurrent.ArrayBlockingQueue.take(ArrayBlockingQueue.java:403)&#10;        at java.util.concurrent.ThreadPoolExecutor.getTask(ThreadPoolExecutor.java:1074)&#10;        at java.util.concurrent.ThreadPoolExecutor.runWorker(ThreadPoolExecutor.java:1134)&#10;        at java.util.concurrent.ThreadPoolExecutor$Worker.run(ThreadPoolExecutor.java:624)&#10;        at java.lang.Thread.run(Thread.java:748)&#10;&quot;pool-174-thread-27&quot;  prio=5 tid=1266 in Object.wait()&#10;java.lang.Thread.State: WAITING (on object monitor)&#10;        at sun.misc.Unsafe.park(Native Method)&#10;        at java.util.concurrent.locks.LockSupport.park(LockSupport.java:175)&#10;        at java.util.concurrent.locks.AbstractQueuedSynchronizer$ConditionObject.await(AbstractQueuedSynchronizer.java:2039)&#10;        at java.util.concurrent.ArrayBlockingQueue.take(ArrayBlockingQueue.java:403)&#10;        at java.util.concurrent.ThreadPoolExecutor.getTask(ThreadPoolExecutor.java:1074)&#10;        at java.util.concurrent.ThreadPoolExecutor.runWorker(ThreadPoolExecutor.java:1134)&#10;        at java.util.concurrent.ThreadPoolExecutor$Worker.run(ThreadPoolExecutor.java:624)&#10;        at java.lang.Thread.run(Thread.java:748)&#10;&quot;IPC Server handler 10 on 42412&quot; daemon prio=5 tid=974 timed_waiting&#10;java.lang.Thread.State: TIMED_WAITING&#10;        at sun.misc.Unsafe.park(Native Method)&#10;        at java.util.concurrent.locks.LockSupport.parkNanos(LockSupport.java:215)&#10;        at java.util.concurrent.locks.AbstractQueuedSynchronizer$ConditionObject.awaitNanos(AbstractQueuedSynchronizer.java:2078)&#10;        at java.util.concurrent.LinkedBlockingQueue.poll(LinkedBlockingQueue.java:467)&#10;        at org.apache.hadoop.ipc.CallQueueManager.take(CallQueueManager.java:288)&#10;        at org.apache.hadoop.ipc.Server$Handler.run(Server.java:2668)&#10;&quot;org.eclipse.jetty.server.session.HashSessionManager@2a667f44Timer&quot; daemon prio=5 tid=1167 timed_waiting&#10;java.lang.Thread.State: TIMED_WAITING&#10;        at sun.misc.Unsafe.park(Native Method)&#10;        at java.util.concurrent.locks.LockSupport.parkNanos(LockSupport.java:215)&#10;        at java.util.concurrent.locks.AbstractQueuedSynchronizer$ConditionObject.awaitNanos(AbstractQueuedSynchronizer.java:2078)&#10;        at java.util.concurrent.ScheduledThreadPoolExecutor$DelayedWorkQueue.take(ScheduledThreadPoolExecutor.java:1093)&#10;        at java.util.concurrent.ScheduledThreadPoolExecutor$DelayedWorkQueue.take(ScheduledThreadPoolExecutor.java:809)&#10;        at java.util.concurrent.ThreadPoolExecutor.getTask(ThreadPoolExecutor.java:1074)&#10;        at java.util.concurrent.ThreadPoolExecutor.runWorker(ThreadPoolExecutor.java:1134)&#10;        at java.util.concurrent.ThreadPoolExecutor$Worker.run(ThreadPoolExecutor.java:624)&#10;        at java.lang.Thread.run(Thread.java:748)&#10;&quot;org.apache.ratis.server.impl.LogAppender$AppenderDaemon$$Lambda$519/1176991522@66144828&quot; daemon prio=5 tid=1696 timed_waiting&#10;java.lang.Thread.State: TIMED_WAITING&#10;        at java.lang.Object.wait(Native Method)&#10;        at org.apache.ratis.grpc.server.GrpcLogAppender.mayWait(GrpcLogAppender.java:141)&#10;        at org.apache.ratis.grpc.server.GrpcLogAppender.runAppenderImpl(GrpcLogAppender.java:95)&#10;        at org.apache.ratis.server.impl.LogAppender$AppenderDaemon.run(LogAppender.java:80)&#10;        at org.apache.ratis.server.impl.LogAppender$AppenderDaemon$$Lambda$519/1176991522.run(Unknown Source)&#10;        at java.lang.Thread.run(Thread.java:748)&#10;&quot;pool-237-thread-46&quot;  prio=5 tid=1466 in Object.wait()&#10;java.lang.Thread.State: WAITING (on object monitor)&#10;        at sun.misc.Unsafe.park(Native Method)&#10;        at java.util.concurrent.locks.LockSupport.park(LockSupport.java:175)&#10;        at java.util.concurrent.locks.AbstractQueuedSynchronizer$ConditionObject.await(AbstractQueuedSynchronizer.java:2039)&#10;        at java.util.concurrent.ArrayBlockingQueue.take(ArrayBlockingQueue.java:403)&#10;        at java.util.concurrent.ThreadPoolExecutor.getTask(ThreadPoolExecutor.java:1074)&#10;        at java.util.concurrent.ThreadPoolExecutor.runWorker(ThreadPoolExecutor.java:1134)&#10;        at java.util.concurrent.ThreadPoolExecutor$Worker.run(ThreadPoolExecutor.java:624)&#10;        at java.lang.Thread.run(Thread.java:748)&#10;&quot;pool-279-thread-41&quot;  prio=5 tid=1581 in Object.wait()&#10;java.lang.Thread.State: WAITING (on object monitor)&#10;        at sun.misc.Unsafe.park(Native Method)&#10;        at java.util.concurrent.locks.LockSupport.park(LockSupport.java:175)&#10;        at java.util.concurrent.locks.AbstractQueuedSynchronizer$ConditionObject.await(AbstractQueuedSynchronizer.java:2039)&#10;        at java.util.concurrent.ArrayBlockingQueue.take(ArrayBlockingQueue.java:403)&#10;        at java.util.concurrent.ThreadPoolExecutor.getTask(ThreadPoolExecutor.java:1074)&#10;        at java.util.concurrent.ThreadPoolExecutor.runWorker(ThreadPoolExecutor.java:1134)&#10;        at java.util.concurrent.ThreadPoolExecutor$Worker.run(ThreadPoolExecutor.java:624)&#10;        at java.lang.Thread.run(Thread.java:748)&#10;&quot;pool-237-thread-21&quot;  prio=5 tid=1441 in Object.wait()&#10;java.lang.Thread.State: WAITING (on object monitor)&#10;        at sun.misc.Unsafe.park(Native Method)&#10;        at java.util.concurrent.locks.LockSupport.park(LockSupport.java:175)&#10;        at java.util.concurrent.locks.AbstractQueuedSynchronizer$ConditionObject.await(AbstractQueuedSynchronizer.java:2039)&#10;        at java.util.concurrent.ArrayBlockingQueue.take(ArrayBlockingQueue.java:403)&#10;        at java.util.concurrent.ThreadPoolExecutor.getTask(ThreadPoolExecutor.java:1074)&#10;        at java.util.concurrent.ThreadPoolExecutor.runWorker(ThreadPoolExecutor.java:1134)&#10;        at java.util.concurrent.ThreadPoolExecutor$Worker.run(ThreadPoolExecutor.java:624)&#10;        at java.lang.Thread.run(Thread.java:748)&#10;&quot;pool-195-thread-17&quot;  prio=5 tid=1317 in Object.wait()&#10;java.lang.Thread.State: WAITING (on object monitor)&#10;        at sun.misc.Unsafe.park(Native Method)&#10;        at java.util.concurrent.locks.LockSupport.park(LockSupport.java:175)&#10;        at java.util.concurrent.locks.AbstractQueuedSynchronizer$ConditionObject.await(AbstractQueuedSynchronizer.java:2039)&#10;        at java.util.concurrent.ArrayBlockingQueue.take(ArrayBlockingQueue.java:403)&#10;        at java.util.concurrent.ThreadPoolExecutor.getTask(ThreadPoolExecutor.java:1074)&#10;        at java.util.concurrent.ThreadPoolExecutor.runWorker(ThreadPoolExecutor.java:1134)&#10;        at java.util.concurrent.ThreadPoolExecutor$Worker.run(ThreadPoolExecutor.java:624)&#10;        at java.lang.Thread.run(Thread.java:748)&#10;&quot;pool-174-thread-51&quot;  prio=5 tid=1290 in Object.wait()&#10;java.lang.Thread.State: WAITING (on object monitor)&#10;        at sun.misc.Unsafe.park(Native Method)&#10;        at java.util.concurrent.locks.LockSupport.park(LockSupport.java:175)&#10;        at java.util.concurrent.locks.AbstractQueuedSynchronizer$ConditionObject.await(AbstractQueuedSynchronizer.java:2039)&#10;        at java.util.concurrent.ArrayBlockingQueue.take(ArrayBlockingQueue.java:403)&#10;        at java.util.concurrent.ThreadPoolExecutor.getTask(ThreadPoolExecutor.java:1074)&#10;        at java.util.concurrent.ThreadPoolExecutor.runWorker(ThreadPoolExecutor.java:1134)&#10;        at java.util.concurrent.ThreadPoolExecutor$Worker.run(ThreadPoolExecutor.java:624)&#10;        at java.lang.Thread.run(Thread.java:748)&#10;&quot;pool-174-thread-31&quot;  prio=5 tid=1270 in Object.wait()&#10;java.lang.Thread.State: WAITING (on object monitor)&#10;        at sun.misc.Unsafe.park(Native Method)&#10;        at java.util.concurrent.locks.LockSupport.park(LockSupport.java:175)&#10;        at java.util.concurrent.locks.AbstractQueuedSynchronizer$ConditionObject.await(AbstractQueuedSynchronizer.java:2039)&#10;        at java.util.concurrent.ArrayBlockingQueue.take(ArrayBlockingQueue.java:403)&#10;        at java.util.concurrent.ThreadPoolExecutor.getTask(ThreadPoolExecutor.java:1074)&#10;        at java.util.concurrent.ThreadPoolExecutor.runWorker(ThreadPoolExecutor.java:1134)&#10;        at java.util.concurrent.ThreadPoolExecutor$Worker.run(ThreadPoolExecutor.java:624)&#10;        at java.lang.Thread.run(Thread.java:748)&#10;&quot;org.eclipse.jetty.server.session.HashSessionManager@7996d0d4Timer&quot; daemon prio=5 tid=1107 timed_waiting&#10;java.lang.Thread.State: TIMED_WAITING&#10;        at sun.misc.Unsafe.park(Native Method)&#10;        at java.util.concurrent.locks.LockSupport.parkNanos(LockSupport.java:215)&#10;        at java.util.concurrent.locks.AbstractQueuedSynchronizer$ConditionObject.awaitNanos(AbstractQueuedSynchronizer.java:2078)&#10;        at java.util.concurrent.ScheduledThreadPoolExecutor$DelayedWorkQueue.take(ScheduledThreadPoolExecutor.java:1093)&#10;        at java.util.concurrent.ScheduledThreadPoolExecutor$DelayedWorkQueue.take(ScheduledThreadPoolExecutor.java:809)&#10;        at java.util.concurrent.ThreadPoolExecutor.getTask(ThreadPoolExecutor.java:1074)&#10;        at java.util.concurrent.ThreadPoolExecutor.runWorker(ThreadPoolExecutor.java:1134)&#10;        at java.util.concurrent.ThreadPoolExecutor$Worker.run(ThreadPoolExecutor.java:624)&#10;        at java.lang.Thread.run(Thread.java:748)&#10;&quot;IPC Server handler 12 on 36272&quot; daemon prio=5 tid=996 timed_waiting&#10;java.lang.Thread.State: TIMED_WAITING&#10;        at sun.misc.Unsafe.park(Native Method)&#10;        at java.util.concurrent.locks.LockSupport.parkNanos(LockSupport.java:215)&#10;        at java.util.concurrent.locks.AbstractQueuedSynchronizer$ConditionObject.awaitNanos(AbstractQueuedSynchronizer.java:2078)&#10;        at java.util.concurrent.LinkedBlockingQueue.poll(LinkedBlockingQueue.java:467)&#10;        at org.apache.hadoop.ipc.CallQueueManager.take(CallQueueManager.java:288)&#10;        at org.apache.hadoop.ipc.Server$Handler.run(Server.java:2668)&#10;&quot;pool-174-thread-8&quot;  prio=5 tid=1247 in Object.wait()&#10;java.lang.Thread.State: WAITING (on object monitor)&#10;        at sun.misc.Unsafe.park(Native Method)&#10;        at java.util.concurrent.locks.LockSupport.park(LockSupport.java:175)&#10;        at java.util.concurrent.locks.AbstractQueuedSynchronizer$ConditionObject.await(AbstractQueuedSynchronizer.java:2039)&#10;        at java.util.concurrent.ArrayBlockingQueue.take(ArrayBlockingQueue.java:403)&#10;        at java.util.concurrent.ThreadPoolExecutor.getTask(ThreadPoolExecutor.java:1074)&#10;        at java.util.concurrent.ThreadPoolExecutor.runWorker(ThreadPoolExecutor.java:1134)&#10;        at java.util.concurrent.ThreadPoolExecutor$Worker.run(ThreadPoolExecutor.java:624)&#10;        at java.lang.Thread.run(Thread.java:748)&#10;&quot;pool-174-thread-4&quot;  prio=5 tid=1243 in Object.wait()&#10;java.lang.Thread.State: WAITING (on object monitor)&#10;        at sun.misc.Unsafe.park(Native Method)&#10;        at java.util.concurrent.locks.LockSupport.park(LockSupport.java:175)&#10;        at java.util.concurrent.locks.AbstractQueuedSynchronizer$ConditionObject.await(AbstractQueuedSynchronizer.java:2039)&#10;        at java.util.concurrent.ArrayBlockingQueue.take(ArrayBlockingQueue.java:403)&#10;        at java.util.concurrent.ThreadPoolExecutor.getTask(ThreadPoolExecutor.java:1074)&#10;        at java.util.concurrent.ThreadPoolExecutor.runWorker(ThreadPoolExecutor.java:1134)&#10;        at java.util.concurrent.ThreadPoolExecutor$Worker.run(ThreadPoolExecutor.java:624)&#10;        at java.lang.Thread.run(Thread.java:748)&#10;&quot;pool-216-thread-58&quot;  prio=5 tid=1418 in Object.wait()&#10;java.lang.Thread.State: WAITING (on object monitor)&#10;        at sun.misc.Unsafe.park(Native Method)&#10;        at java.util.concurrent.locks.LockSupport.park(LockSupport.java:175)&#10;        at java.util.concurrent.locks.AbstractQueuedSynchronizer$ConditionObject.await(AbstractQueuedSynchronizer.java:2039)&#10;        at java.util.concurrent.ArrayBlockingQueue.take(ArrayBlockingQueue.java:403)&#10;        at java.util.concurrent.ThreadPoolExecutor.getTask(ThreadPoolExecutor.java:1074)&#10;        at java.util.concurrent.ThreadPoolExecutor.runWorker(ThreadPoolExecutor.java:1134)&#10;        at java.util.concurrent.ThreadPoolExecutor$Worker.run(ThreadPoolExecutor.java:624)&#10;        at java.lang.Thread.run(Thread.java:748)&#10;&quot;qtp2037147839-1047&quot; daemon prio=5 tid=1047 runnable&#10;java.lang.Thread.State: RUNNABLE&#10;        at sun.nio.ch.EPollArrayWrapper.epollWait(Native Method)&#10;        at sun.nio.ch.EPollArrayWrapper.poll(EPollArrayWrapper.java:269)&#10;        at sun.nio.ch.EPollSelectorImpl.doSelect(EPollSelectorImpl.java:93)&#10;        at sun.nio.ch.SelectorImpl.lockAndDoSelect(SelectorImpl.java:86)&#10;        at sun.nio.ch.SelectorImpl.select(SelectorImpl.java:97)&#10;        at sun.nio.ch.SelectorImpl.select(SelectorImpl.java:101)&#10;        at org.eclipse.jetty.io.ManagedSelector$SelectorProducer.select(ManagedSelector.java:243)&#10;        at org.eclipse.jetty.io.ManagedSelector$SelectorProducer.produce(ManagedSelector.java:191)&#10;        at org.eclipse.jetty.util.thread.strategy.ExecuteProduceConsume.executeProduceConsume(ExecuteProduceConsume.java:249)&#10;        at org.eclipse.jetty.util.thread.strategy.ExecuteProduceConsume.produceConsume(ExecuteProduceConsume.java:148)&#10;        at org.eclipse.jetty.util.thread.strategy.ExecuteProduceConsume.execute(ExecuteProduceConsume.java:100)&#10;        at org.eclipse.jetty.io.ManagedSelector.run(ManagedSelector.java:147)&#10;        at org.eclipse.jetty.util.thread.QueuedThreadPool.runJob(QueuedThreadPool.java:671)&#10;        at org.eclipse.jetty.util.thread.QueuedThreadPool$2.run(QueuedThreadPool.java:589)&#10;        at java.lang.Thread.run(Thread.java:748)&#10;&quot;BlockDeletingService#2&quot; daemon prio=5 tid=1832 in Object.wait()&#10;java.lang.Thread.State: WAITING (on object monitor)&#10;        at sun.misc.Unsafe.park(Native Method)&#10;        at java.util.concurrent.locks.LockSupport.park(LockSupport.java:175)&#10;        at java.util.concurrent.locks.AbstractQueuedSynchronizer$ConditionObject.await(AbstractQueuedSynchronizer.java:2039)&#10;        at java.util.concurrent.ScheduledThreadPoolExecutor$DelayedWorkQueue.take(ScheduledThreadPoolExecutor.java:1088)&#10;        at java.util.concurrent.ScheduledThreadPoolExecutor$DelayedWorkQueue.take(ScheduledThreadPoolExecutor.java:809)&#10;        at java.util.concurrent.ThreadPoolExecutor.getTask(ThreadPoolExecutor.java:1074)&#10;        at java.util.concurrent.ThreadPoolExecutor.runWorker(ThreadPoolExecutor.java:1134)&#10;        at java.util.concurrent.ThreadPoolExecutor$Worker.run(ThreadPoolExecutor.java:624)&#10;        at java.lang.Thread.run(Thread.java:748)&#10;&quot;RatisPipelineUtilsThread&quot;  prio=5 tid=1602 timed_waiting&#10;java.lang.Thread.State: TIMED_WAITING&#10;        at sun.misc.Unsafe.park(Native Method)&#10;        at java.util.concurrent.locks.LockSupport.parkNanos(LockSupport.java:215)&#10;        at java.util.concurrent.locks.AbstractQueuedSynchronizer$ConditionObject.awaitNanos(AbstractQueuedSynchronizer.java:2078)&#10;        at java.util.concurrent.ScheduledThreadPoolExecutor$DelayedWorkQueue.take(ScheduledThreadPoolExecutor.java:1093)&#10;        at java.util.concurrent.ScheduledThreadPoolExecutor$DelayedWorkQueue.take(ScheduledThreadPoolExecutor.java:809)&#10;        at java.util.concurrent.ThreadPoolExecutor.getTask(ThreadPoolExecutor.java:1074)&#10;        at java.util.concurrent.ThreadPoolExecutor.runWorker(ThreadPoolExecutor.java:1134)&#10;        at java.util.concurrent.ThreadPoolExecutor$Worker.run(ThreadPoolExecutor.java:624)&#10;        at java.lang.Thread.run(Thread.java:748)&#10;&quot;org.eclipse.jetty.server.session.HashSessionManager@ae3c140Timer&quot; daemon prio=5 tid=1137 timed_waiting&#10;java.lang.Thread.State: TIMED_WAITING&#10;        at sun.misc.Unsafe.park(Native Method)&#10;        at java.util.concurrent.locks.LockSupport.parkNanos(LockSupport.java:215)&#10;        at java.util.concurrent.locks.AbstractQueuedSynchronizer$ConditionObject.awaitNanos(AbstractQueuedSynchronizer.java:2078)&#10;        at java.util.concurrent.ScheduledThreadPoolExecutor$DelayedWorkQueue.take(ScheduledThreadPoolExecutor.java:1093)&#10;        at java.util.concurrent.ScheduledThreadPoolExecutor$DelayedWorkQueue.take(ScheduledThreadPoolExecutor.java:809)&#10;        at java.util.concurrent.ThreadPoolExecutor.getTask(ThreadPoolExecutor.java:1074)&#10;        at java.util.concurrent.ThreadPoolExecutor.runWorker(ThreadPoolExecutor.java:1134)&#10;        at java.util.concurrent.ThreadPoolExecutor$Worker.run(ThreadPoolExecutor.java:624)&#10;        at java.lang.Thread.run(Thread.java:748)&#10;&quot;pool-174-thread-59&quot;  prio=5 tid=1298 in Object.wait()&#10;java.lang.Thread.State: WAITING (on object monitor)&#10;        at sun.misc.Unsafe.park(Native Method)&#10;        at java.util.concurrent.locks.LockSupport.park(LockSupport.java:175)&#10;        at java.util.concurrent.locks.AbstractQueuedSynchronizer$ConditionObject.await(AbstractQueuedSynchronizer.java:2039)&#10;        at java.util.concurrent.ArrayBlockingQueue.take(ArrayBlockingQueue.java:403)&#10;        at java.util.concurrent.ThreadPoolExecutor.getTask(ThreadPoolExecutor.java:1074)&#10;        at java.util.concurrent.ThreadPoolExecutor.runWorker(ThreadPoolExecutor.java:1134)&#10;        at java.util.concurrent.ThreadPoolExecutor$Worker.run(ThreadPoolExecutor.java:624)&#10;        at java.lang.Thread.run(Thread.java:748)&#10;&quot;pool-174-thread-46&quot;  prio=5 tid=1285 in Object.wait()&#10;java.lang.Thread.State: WAITING (on object monitor)&#10;        at sun.misc.Unsafe.park(Native Method)&#10;        at java.util.concurrent.locks.LockSupport.park(LockSupport.java:175)&#10;        at java.util.concurrent.locks.AbstractQueuedSynchronizer$ConditionObject.await(AbstractQueuedSynchronizer.java:2039)&#10;        at java.util.concurrent.ArrayBlockingQueue.take(ArrayBlockingQueue.java:403)&#10;        at java.util.concurrent.ThreadPoolExecutor.getTask(ThreadPoolExecutor.java:1074)&#10;        at java.util.concurrent.ThreadPoolExecutor.runWorker(ThreadPoolExecutor.java:1134)&#10;        at java.util.concurrent.ThreadPoolExecutor$Worker.run(ThreadPoolExecutor.java:624)&#10;        at java.lang.Thread.run(Thread.java:748)&#10;&quot;pool-195-thread-14&quot;  prio=5 tid=1314 in Object.wait()&#10;java.lang.Thread.State: WAITING (on object monitor)&#10;        at sun.misc.Unsafe.park(Native Method)&#10;        at java.util.concurrent.locks.LockSupport.park(LockSupport.java:175)&#10;        at java.util.concurrent.locks.AbstractQueuedSynchronizer$ConditionObject.await(AbstractQueuedSynchronizer.java:2039)&#10;        at java.util.concurrent.ArrayBlockingQueue.take(ArrayBlockingQueue.java:403)&#10;        at java.util.concurrent.ThreadPoolExecutor.getTask(ThreadPoolExecutor.java:1074)&#10;        at java.util.concurrent.ThreadPoolExecutor.runWorker(ThreadPoolExecutor.java:1134)&#10;        at java.util.concurrent.ThreadPoolExecutor$Worker.run(ThreadPoolExecutor.java:624)&#10;        at java.lang.Thread.run(Thread.java:748)&#10;&quot;pool-279-thread-1&quot;  prio=5 tid=1541 in Object.wait()&#10;java.lang.Thread.State: WAITING (on object monitor)&#10;        at sun.misc.Unsafe.park(Native Method)&#10;        at java.util.concurrent.locks.LockSupport.park(LockSupport.java:175)&#10;        at java.util.concurrent.locks.AbstractQueuedSynchronizer$ConditionObject.await(AbstractQueuedSynchronizer.java:2039)&#10;        at java.util.concurrent.ArrayBlockingQueue.take(ArrayBlockingQueue.java:403)&#10;        at java.util.concurrent.ThreadPoolExecutor.getTask(ThreadPoolExecutor.java:1074)&#10;        at java.util.concurrent.ThreadPoolExecutor.runWorker(ThreadPoolExecutor.java:1134)&#10;        at java.util.concurrent.ThreadPoolExecutor$Worker.run(ThreadPoolExecutor.java:624)&#10;        at java.lang.Thread.run(Thread.java:748)&#10;&quot;Datanode ReportManager Thread - 2&quot; daemon prio=5 tid=1204 in Object.wait()&#10;java.lang.Thread.State: WAITING (on object monitor)&#10;        at sun.misc.Unsafe.park(Native Method)&#10;        at java.util.concurrent.locks.LockSupport.park(LockSupport.java:175)&#10;        at java.util.concurrent.locks.AbstractQueuedSynchronizer$ConditionObject.await(AbstractQueuedSynchronizer.java:2039)&#10;        at java.util.concurrent.ScheduledThreadPoolExecutor$DelayedWorkQueue.take(ScheduledThreadPoolExecutor.java:1088)&#10;        at java.util.concurrent.ScheduledThreadPoolExecutor$DelayedWorkQueue.take(ScheduledThreadPoolExecutor.java:809)&#10;        at java.util.concurrent.ThreadPoolExecutor.getTask(ThreadPoolExecutor.java:1074)&#10;        at java.util.concurrent.ThreadPoolExecutor.runWorker(ThreadPoolExecutor.java:1134)&#10;        at java.util.concurrent.ThreadPoolExecutor$Worker.run(ThreadPoolExecutor.java:624)&#10;        at java.lang.Thread.run(Thread.java:748)&#10;&quot;qtp1633584044-1004&quot; daemon prio=5 tid=1004 runnable&#10;java.lang.Thread.State: RUNNABLE&#10;        at sun.nio.ch.EPollArrayWrapper.epollWait(Native Method)&#10;        at sun.nio.ch.EPollArrayWrapper.poll(EPollArrayWrapper.java:269)&#10;        at sun.nio.ch.EPollSelectorImpl.doSelect(EPollSelectorImpl.java:93)&#10;        at sun.nio.ch.SelectorImpl.lockAndDoSelect(SelectorImpl.java:86)&#10;        at sun.nio.ch.SelectorImpl.select(SelectorImpl.java:97)&#10;        at sun.nio.ch.SelectorImpl.select(SelectorImpl.java:101)&#10;        at org.eclipse.jetty.io.ManagedSelector$SelectorProducer.select(ManagedSelector.java:243)&#10;        at org.eclipse.jetty.io.ManagedSelector$SelectorProducer.produce(ManagedSelector.java:191)&#10;        at org.eclipse.jetty.util.thread.strategy.ExecuteProduceConsume.executeProduceConsume(ExecuteProduceConsume.java:249)&#10;        at org.eclipse.jetty.util.thread.strategy.ExecuteProduceConsume.produceConsume(ExecuteProduceConsume.java:148)&#10;        at org.eclipse.jetty.util.thread.strategy.ExecuteProduceConsume.execute(ExecuteProduceConsume.java:100)&#10;        at org.eclipse.jetty.io.ManagedSelector.run(ManagedSelector.java:147)&#10;        at org.eclipse.jetty.util.thread.QueuedThreadPool.runJob(QueuedThreadPool.java:671)&#10;        at org.eclipse.jetty.util.thread.QueuedThreadPool$2.run(QueuedThreadPool.java:589)&#10;        at java.lang.Thread.run(Thread.java:748)&#10;&quot;pool-279-thread-12&quot;  prio=5 tid=1552 in Object.wait()&#10;java.lang.Thread.State: WAITING (on object monitor)&#10;        at sun.misc.Unsafe.park(Native Method)&#10;        at java.util.concurrent.locks.LockSupport.park(LockSupport.java:175)&#10;        at java.util.concurrent.locks.AbstractQueuedSynchronizer$ConditionObject.await(AbstractQueuedSynchronizer.java:2039)&#10;        at java.util.concurrent.ArrayBlockingQueue.take(ArrayBlockingQueue.java:403)&#10;        at java.util.concurrent.ThreadPoolExecutor.getTask(ThreadPoolExecutor.java:1074)&#10;        at java.util.concurrent.ThreadPoolExecutor.runWorker(ThreadPoolExecutor.java:1134)&#10;        at java.util.concurrent.ThreadPoolExecutor$Worker.run(ThreadPoolExecutor.java:624)&#10;        at java.lang.Thread.run(Thread.java:748)&#10;&quot;pool-216-thread-39&quot;  prio=5 tid=1399 in Object.wait()&#10;java.lang.Thread.State: WAITING (on object monitor)&#10;        at sun.misc.Unsafe.park(Native Method)&#10;        at java.util.concurrent.locks.LockSupport.park(LockSupport.java:175)&#10;        at java.util.concurrent.locks.AbstractQueuedSynchronizer$ConditionObject.await(AbstractQueuedSynchronizer.java:2039)&#10;        at java.util.concurrent.ArrayBlockingQueue.take(ArrayBlockingQueue.java:403)&#10;        at java.util.concurrent.ThreadPoolExecutor.getTask(ThreadPoolExecutor.java:1074)&#10;        at java.util.concurrent.ThreadPoolExecutor.runWorker(ThreadPoolExecutor.java:1134)&#10;        at java.util.concurrent.ThreadPoolExecutor$Worker.run(ThreadPoolExecutor.java:624)&#10;        at java.lang.Thread.run(Thread.java:748)&#10;&quot;pool-258-thread-27&quot;  prio=5 tid=1507 in Object.wait()&#10;java.lang.Thread.State: WAITING (on object monitor)&#10;        at sun.misc.Unsafe.park(Native Method)&#10;        at java.util.concurrent.locks.LockSupport.park(LockSupport.java:175)&#10;        at java.util.concurrent.locks.AbstractQueuedSynchronizer$ConditionObject.await(AbstractQueuedSynchronizer.java:2039)&#10;        at java.util.concurrent.ArrayBlockingQueue.take(ArrayBlockingQueue.java:403)&#10;        at java.util.concurrent.ThreadPoolExecutor.getTask(ThreadPoolExecutor.java:1074)&#10;        at java.util.concurrent.ThreadPoolExecutor.runWorker(ThreadPoolExecutor.java:1134)&#10;        at java.util.concurrent.ThreadPoolExecutor$Worker.run(ThreadPoolExecutor.java:624)&#10;        at java.lang.Thread.run(Thread.java:748)&#10;&quot;pool-279-thread-3&quot;  prio=5 tid=1543 in Object.wait()&#10;java.lang.Thread.State: WAITING (on object monitor)&#10;        at sun.misc.Unsafe.park(Native Method)&#10;        at java.util.concurrent.locks.LockSupport.park(LockSupport.java:175)&#10;        at java.util.concurrent.locks.AbstractQueuedSynchronizer$ConditionObject.await(AbstractQueuedSynchronizer.java:2039)&#10;        at java.util.concurrent.ArrayBlockingQueue.take(ArrayBlockingQueue.java:403)&#10;        at java.util.concurrent.ThreadPoolExecutor.getTask(ThreadPoolExecutor.java:1074)&#10;        at java.util.concurrent.ThreadPoolExecutor.runWorker(ThreadPoolExecutor.java:1134)&#10;        at java.util.concurrent.ThreadPoolExecutor$Worker.run(ThreadPoolExecutor.java:624)&#10;        at java.lang.Thread.run(Thread.java:748)&#10;&quot;Datanode ReportManager Thread - 0&quot; daemon prio=5 tid=1202 timed_waiting&#10;java.lang.Thread.State: TIMED_WAITING&#10;        at sun.misc.Unsafe.park(Native Method)&#10;        at java.util.concurrent.locks.LockSupport.parkNanos(LockSupport.java:215)&#10;        at java.util.concurrent.locks.AbstractQueuedSynchronizer$ConditionObject.awaitNanos(AbstractQueuedSynchronizer.java:2078)&#10;        at java.util.concurrent.ScheduledThreadPoolExecutor$DelayedWorkQueue.take(ScheduledThreadPoolExecutor.java:1093)&#10;        at java.util.concurrent.ScheduledThreadPoolExecutor$DelayedWorkQueue.take(ScheduledThreadPoolExecutor.java:809)&#10;        at java.util.concurrent.ThreadPoolExecutor.getTask(ThreadPoolExecutor.java:1074)&#10;        at java.util.concurrent.ThreadPoolExecutor.runWorker(ThreadPoolExecutor.java:1134)&#10;        at java.util.concurrent.ThreadPoolExecutor$Worker.run(ThreadPoolExecutor.java:624)&#10;        at java.lang.Thread.run(Thread.java:748)&#10;&quot;pool-195-thread-25&quot;  prio=5 tid=1325 in Object.wait()&#10;java.lang.Thread.State: WAITING (on object monitor)&#10;        at sun.misc.Unsafe.park(Native Method)&#10;        at java.util.concurrent.locks.LockSupport.park(LockSupport.java:175)&#10;        at java.util.concurrent.locks.AbstractQueuedSynchronizer$ConditionObject.await(AbstractQueuedSynchronizer.java:2039)&#10;        at java.util.concurrent.ArrayBlockingQueue.take(ArrayBlockingQueue.java:403)&#10;        at java.util.concurrent.ThreadPoolExecutor.getTask(ThreadPoolExecutor.java:1074)&#10;        at java.util.concurrent.ThreadPoolExecutor.runWorker(ThreadPoolExecutor.java:1134)&#10;        at java.util.concurrent.ThreadPoolExecutor$Worker.run(ThreadPoolExecutor.java:624)&#10;        at java.lang.Thread.run(Thread.java:748)&#10;&quot;EventQueue-PipelineReportForPipelineReportHandler&quot; daemon prio=5 tid=1606 in Object.wait()&#10;java.lang.Thread.State: WAITING (on object monitor)&#10;        at sun.misc.Unsafe.park(Native Method)&#10;        at java.util.concurrent.locks.LockSupport.park(LockSupport.java:175)&#10;        at java.util.concurrent.locks.AbstractQueuedSynchronizer$ConditionObject.await(AbstractQueuedSynchronizer.java:2039)&#10;        at java.util.concurrent.LinkedBlockingQueue.take(LinkedBlockingQueue.java:442)&#10;        at java.util.concurrent.ThreadPoolExecutor.getTask(ThreadPoolExecutor.java:1074)&#10;        at java.util.concurrent.ThreadPoolExecutor.runWorker(ThreadPoolExecutor.java:1134)&#10;        at java.util.concurrent.ThreadPoolExecutor$Worker.run(ThreadPoolExecutor.java:624)&#10;        at java.lang.Thread.run(Thread.java:748)&#10;&quot;pool-195-thread-19&quot;  prio=5 tid=1319 in Object.wait()&#10;java.lang.Thread.State: WAITING (on object monitor)&#10;        at sun.misc.Unsafe.park(Native Method)&#10;        at java.util.concurrent.locks.LockSupport.park(LockSupport.java:175)&#10;        at java.util.concurrent.locks.AbstractQueuedSynchronizer$ConditionObject.await(AbstractQueuedSynchronizer.java:2039)&#10;        at java.util.concurrent.ArrayBlockingQueue.take(ArrayBlockingQueue.java:403)&#10;        at java.util.concurrent.ThreadPoolExecutor.getTask(ThreadPoolExecutor.java:1074)&#10;        at java.util.concurrent.ThreadPoolExecutor.runWorker(ThreadPoolExecutor.java:1134)&#10;        at java.util.concurrent.ThreadPoolExecutor$Worker.run(ThreadPoolExecutor.java:624)&#10;        at java.lang.Thread.run(Thread.java:748)&#10;&quot;Command processor thread&quot; daemon prio=5 tid=1176 timed_waiting&#10;java.lang.Thread.State: TIMED_WAITING&#10;        at java.lang.Thread.sleep(Native Method)&#10;        at org.apache.hadoop.ozone.container.common.statemachine.DatanodeStateMachine.lambda$initCommandHandlerThread$1(DatanodeStateMachine.java:439)&#10;        at org.apache.hadoop.ozone.container.common.statemachine.DatanodeStateMachine$$Lambda$144/707418368.run(Unknown Source)&#10;        at java.lang.Thread.run(Thread.java:748)&#10;&quot;nioEventLoopGroup-4-1&quot;  prio=10 tid=201 runnable&#10;java.lang.Thread.State: RUNNABLE&#10;        at sun.nio.ch.EPollArrayWrapper.epollWait(Native Method)&#10;        at sun.nio.ch.EPollArrayWrapper.poll(EPollArrayWrapper.java:269)&#10;        at sun.nio.ch.EPollSelectorImpl.doSelect(EPollSelectorImpl.java:93)&#10;        at sun.nio.ch.SelectorImpl.lockAndDoSelect(SelectorImpl.java:86)&#10;        at sun.nio.ch.SelectorImpl.select(SelectorImpl.java:97)&#10;        at io.netty.channel.nio.SelectedSelectionKeySetSelector.select(SelectedSelectionKeySetSelector.java:62)&#10;        at io.netty.channel.nio.NioEventLoop.select(NioEventLoop.java:753)&#10;        at io.netty.channel.nio.NioEventLoop.run(NioEventLoop.java:408)&#10;        at io.netty.util.concurrent.SingleThreadEventExecutor$5.run(SingleThreadEventExecutor.java:897)&#10;        at io.netty.util.concurrent.FastThreadLocalRunnable.run(FastThreadLocalRunnable.java:30)&#10;        at java.lang.Thread.run(Thread.java:748)&#10;&quot;Thread-687&quot; daemon prio=5 tid=1692 timed_waiting&#10;java.lang.Thread.State: TIMED_WAITING&#10;        at java.lang.Thread.sleep(Native Method)&#10;        at org.apache.ratis.util.JavaUtils.sleep(JavaUtils.java:247)&#10;        at org.apache.ratis.server.impl.FollowerState.run(FollowerState.java:96)&#10;&quot;pool-195-thread-43&quot;  prio=5 tid=1343 in Object.wait()&#10;java.lang.Thread.State: WAITING (on object monitor)&#10;        at sun.misc.Unsafe.park(Native Method)&#10;        at java.util.concurrent.locks.LockSupport.park(LockSupport.java:175)&#10;        at java.util.concurrent.locks.AbstractQueuedSynchronizer$ConditionObject.await(AbstractQueuedSynchronizer.java:2039)&#10;        at java.util.concurrent.ArrayBlockingQueue.take(ArrayBlockingQueue.java:403)&#10;        at java.util.concurrent.ThreadPoolExecutor.getTask(ThreadPoolExecutor.java:1074)&#10;        at java.util.concurrent.ThreadPoolExecutor.runWorker(ThreadPoolExecutor.java:1134)&#10;        at java.util.concurrent.ThreadPoolExecutor$Worker.run(ThreadPoolExecutor.java:624)&#10;        at java.lang.Thread.run(Thread.java:748)&#10;&quot;IPC Server handler 8 on 36272&quot; daemon prio=5 tid=992 timed_waiting&#10;java.lang.Thread.State: TIMED_WAITING&#10;        at sun.misc.Unsafe.park(Native Method)&#10;        at java.util.concurrent.locks.LockSupport.parkNanos(LockSupport.java:215)&#10;        at java.util.concurrent.locks.AbstractQueuedSynchronizer$ConditionObject.awaitNanos(AbstractQueuedSynchronizer.java:2078)&#10;        at java.util.concurrent.LinkedBlockingQueue.poll(LinkedBlockingQueue.java:467)&#10;        at org.apache.hadoop.ipc.CallQueueManager.take(CallQueueManager.java:288)&#10;        at org.apache.hadoop.ipc.Server$Handler.run(Server.java:2668)&#10;&quot;pool-237-thread-8&quot;  prio=5 tid=1428 in Object.wait()&#10;java.lang.Thread.State: WAITING (on object monitor)&#10;        at sun.misc.Unsafe.park(Native Method)&#10;        at java.util.concurrent.locks.LockSupport.park(LockSupport.java:175)&#10;        at java.util.concurrent.locks.AbstractQueuedSynchronizer$ConditionObject.await(AbstractQueuedSynchronizer.java:2039)&#10;        at java.util.concurrent.ArrayBlockingQueue.take(ArrayBlockingQueue.java:403)&#10;        at java.util.concurrent.ThreadPoolExecutor.getTask(ThreadPoolExecutor.java:1074)&#10;        at java.util.concurrent.ThreadPoolExecutor.runWorker(ThreadPoolExecutor.java:1134)&#10;        at java.util.concurrent.ThreadPoolExecutor$Worker.run(ThreadPoolExecutor.java:624)&#10;        at java.lang.Thread.run(Thread.java:748)&#10;&quot;pool-174-thread-33&quot;  prio=5 tid=1272 in Object.wait()&#10;java.lang.Thread.State: WAITING (on object monitor)&#10;        at sun.misc.Unsafe.park(Native Method)&#10;        at java.util.concurrent.locks.LockSupport.park(LockSupport.java:175)&#10;        at java.util.concurrent.locks.AbstractQueuedSynchronizer$ConditionObject.await(AbstractQueuedSynchronizer.java:2039)&#10;        at java.util.concurrent.ArrayBlockingQueue.take(ArrayBlockingQueue.java:403)&#10;        at java.util.concurrent.ThreadPoolExecutor.getTask(ThreadPoolExecutor.java:1074)&#10;        at java.util.concurrent.ThreadPoolExecutor.runWorker(ThreadPoolExecutor.java:1134)&#10;        at java.util.concurrent.ThreadPoolExecutor$Worker.run(ThreadPoolExecutor.java:624)&#10;        at java.lang.Thread.run(Thread.java:748)&#10;&quot;EventQueue-NodeReportForNodeReportHandler&quot; daemon prio=5 tid=1835 in Object.wait()&#10;java.lang.Thread.State: WAITING (on object monitor)&#10;        at sun.misc.Unsafe.park(Native Method)&#10;        at java.util.concurrent.locks.LockSupport.park(LockSupport.java:175)&#10;        at java.util.concurrent.locks.AbstractQueuedSynchronizer$ConditionObject.await(AbstractQueuedSynchronizer.java:2039)&#10;        at java.util.concurrent.LinkedBlockingQueue.take(LinkedBlockingQueue.java:442)&#10;        at java.util.concurrent.ThreadPoolExecutor.getTask(ThreadPoolExecutor.java:1074)&#10;        at java.util.concurrent.ThreadPoolExecutor.runWorker(ThreadPoolExecutor.java:1134)&#10;        at java.util.concurrent.ThreadPoolExecutor$Worker.run(ThreadPoolExecutor.java:624)&#10;        at java.lang.Thread.run(Thread.java:748)&#10;&quot;pool-258-thread-43&quot;  prio=5 tid=1523 in Object.wait()&#10;java.lang.Thread.State: WAITING (on object monitor)&#10;        at sun.misc.Unsafe.park(Native Method)&#10;        at java.util.concurrent.locks.LockSupport.park(LockSupport.java:175)&#10;        at java.util.concurrent.locks.AbstractQueuedSynchronizer$ConditionObject.await(AbstractQueuedSynchronizer.java:2039)&#10;        at java.util.concurrent.ArrayBlockingQueue.take(ArrayBlockingQueue.java:403)&#10;        at java.util.concurrent.ThreadPoolExecutor.getTask(ThreadPoolExecutor.java:1074)&#10;        at java.util.concurrent.ThreadPoolExecutor.runWorker(ThreadPoolExecutor.java:1134)&#10;        at java.util.concurrent.ThreadPoolExecutor$Worker.run(ThreadPoolExecutor.java:624)&#10;        at java.lang.Thread.run(Thread.java:748)&#10;&quot;pool-216-thread-37&quot;  prio=5 tid=1397 in Object.wait()&#10;java.lang.Thread.State: WAITING (on object monitor)&#10;        at sun.misc.Unsafe.park(Native Method)&#10;        at java.util.concurrent.locks.LockSupport.park(LockSupport.java:175)&#10;        at java.util.concurrent.locks.AbstractQueuedSynchronizer$ConditionObject.await(AbstractQueuedSynchronizer.java:2039)&#10;        at java.util.concurrent.ArrayBlockingQueue.take(ArrayBlockingQueue.java:403)&#10;        at java.util.concurrent.ThreadPoolExecutor.getTask(ThreadPoolExecutor.java:1074)&#10;        at java.util.concurrent.ThreadPoolExecutor.runWorker(ThreadPoolExecutor.java:1134)&#10;        at java.util.concurrent.ThreadPoolExecutor$Worker.run(ThreadPoolExecutor.java:624)&#10;        at java.lang.Thread.run(Thread.java:748)&#10;&quot;pool-237-thread-58&quot;  prio=5 tid=1478 in Object.wait()&#10;java.lang.Thread.State: WAITING (on object monitor)&#10;        at sun.misc.Unsafe.park(Native Method)&#10;        at java.util.concurrent.locks.LockSupport.park(LockSupport.java:175)&#10;        at java.util.concurrent.locks.AbstractQueuedSynchronizer$ConditionObject.await(AbstractQueuedSynchronizer.java:2039)&#10;        at java.util.concurrent.ArrayBlockingQueue.take(ArrayBlockingQueue.java:403)&#10;        at java.util.concurrent.ThreadPoolExecutor.getTask(ThreadPoolExecutor.java:1074)&#10;        at java.util.concurrent.ThreadPoolExecutor.runWorker(ThreadPoolExecutor.java:1134)&#10;        at java.util.concurrent.ThreadPoolExecutor$Worker.run(ThreadPoolExecutor.java:624)&#10;        at java.lang.Thread.run(Thread.java:748)&#10;&quot;pool-195-thread-49&quot;  prio=5 tid=1349 in Object.wait()&#10;java.lang.Thread.State: WAITING (on object monitor)&#10;        at sun.misc.Unsafe.park(Native Method)&#10;        at java.util.concurrent.locks.LockSupport.park(LockSupport.java:175)&#10;        at java.util.concurrent.locks.AbstractQueuedSynchronizer$ConditionObject.await(AbstractQueuedSynchronizer.java:2039)&#10;        at java.util.concurrent.ArrayBlockingQueue.take(ArrayBlockingQueue.java:403)&#10;        at java.util.concurrent.ThreadPoolExecutor.getTask(ThreadPoolExecutor.java:1074)&#10;        at java.util.concurrent.ThreadPoolExecutor.runWorker(ThreadPoolExecutor.java:1134)&#10;        at java.util.concurrent.ThreadPoolExecutor$Worker.run(ThreadPoolExecutor.java:624)&#10;        at java.lang.Thread.run(Thread.java:748)&#10;&quot;pool-195-thread-55&quot;  prio=5 tid=1355 in Object.wait()&#10;java.lang.Thread.State: WAITING (on object monitor)&#10;        at sun.misc.Unsafe.park(Native Method)&#10;        at java.util.concurrent.locks.LockSupport.park(LockSupport.java:175)&#10;        at java.util.concurrent.locks.AbstractQueuedSynchronizer$ConditionObject.await(AbstractQueuedSynchronizer.java:2039)&#10;        at java.util.concurrent.ArrayBlockingQueue.take(ArrayBlockingQueue.java:403)&#10;        at java.util.concurrent.ThreadPoolExecutor.getTask(ThreadPoolExecutor.java:1074)&#10;        at java.util.concurrent.ThreadPoolExecutor.runWorker(ThreadPoolExecutor.java:1134)&#10;        at java.util.concurrent.ThreadPoolExecutor$Worker.run(ThreadPoolExecutor.java:624)&#10;        at java.lang.Thread.run(Thread.java:748)&#10;&quot;pool-216-thread-45&quot;  prio=5 tid=1405 in Object.wait()&#10;java.lang.Thread.State: WAITING (on object monitor)&#10;        at sun.misc.Unsafe.park(Native Method)&#10;        at java.util.concurrent.locks.LockSupport.park(LockSupport.java:175)&#10;        at java.util.concurrent.locks.AbstractQueuedSynchronizer$ConditionObject.await(AbstractQueuedSynchronizer.java:2039)&#10;        at java.util.concurrent.ArrayBlockingQueue.take(ArrayBlockingQueue.java:403)&#10;        at java.util.concurrent.ThreadPoolExecutor.getTask(ThreadPoolExecutor.java:1074)&#10;        at java.util.concurrent.ThreadPoolExecutor.runWorker(ThreadPoolExecutor.java:1134)&#10;        at java.util.concurrent.ThreadPoolExecutor$Worker.run(ThreadPoolExecutor.java:624)&#10;        at java.lang.Thread.run(Thread.java:748)&#10;&quot;pool-193-thread-1&quot; daemon prio=5 tid=1094 timed_waiting&#10;java.lang.Thread.State: TIMED_WAITING&#10;        at sun.misc.Unsafe.park(Native Method)&#10;        at java.util.concurrent.locks.LockSupport.parkNanos(LockSupport.java:215)&#10;        at java.util.concurrent.locks.AbstractQueuedSynchronizer$ConditionObject.awaitNanos(AbstractQueuedSynchronizer.java:2078)&#10;        at java.util.concurrent.ScheduledThreadPoolExecutor$DelayedWorkQueue.take(ScheduledThreadPoolExecutor.java:1093)&#10;        at java.util.concurrent.ScheduledThreadPoolExecutor$DelayedWorkQueue.take(ScheduledThreadPoolExecutor.java:809)&#10;        at java.util.concurrent.ThreadPoolExecutor.getTask(ThreadPoolExecutor.java:1074)&#10;        at java.util.concurrent.ThreadPoolExecutor.runWorker(ThreadPoolExecutor.java:1134)&#10;        at java.util.concurrent.ThreadPoolExecutor$Worker.run(ThreadPoolExecutor.java:624)&#10;        at java.lang.Thread.run(Thread.java:748)&#10;&quot;IPC Server handler 17 on 35612&quot; daemon prio=5 tid=961 timed_waiting&#10;java.lang.Thread.State: TIMED_WAITING&#10;        at sun.misc.Unsafe.park(Native Method)&#10;        at java.util.concurrent.locks.LockSupport.parkNanos(LockSupport.java:215)&#10;        at java.util.concurrent.locks.AbstractQueuedSynchronizer$ConditionObject.awaitNanos(AbstractQueuedSynchronizer.java:2078)&#10;        at java.util.concurrent.LinkedBlockingQueue.poll(LinkedBlockingQueue.java:467)&#10;        at org.apache.hadoop.ipc.CallQueueManager.take(CallQueueManager.java:288)&#10;        at org.apache.hadoop.ipc.Server$Handler.run(Server.java:2668)&#10;&quot;pool-279-thread-35&quot;  prio=5 tid=1575 in Object.wait()&#10;java.lang.Thread.State: WAITING (on object monitor)&#10;        at sun.misc.Unsafe.park(Native Method)&#10;        at java.util.concurrent.locks.LockSupport.park(LockSupport.java:175)&#10;        at java.util.concurrent.locks.AbstractQueuedSynchronizer$ConditionObject.await(AbstractQueuedSynchronizer.java:2039)&#10;        at java.util.concurrent.ArrayBlockingQueue.take(ArrayBlockingQueue.java:403)&#10;        at java.util.concurrent.ThreadPoolExecutor.getTask(ThreadPoolExecutor.java:1074)&#10;        at java.util.concurrent.ThreadPoolExecutor.runWorker(ThreadPoolExecutor.java:1134)&#10;        at java.util.concurrent.ThreadPoolExecutor$Worker.run(ThreadPoolExecutor.java:624)&#10;        at java.lang.Thread.run(Thread.java:748)&#10;&quot;Datanode ReportManager Thread - 0&quot; daemon prio=5 tid=1232 in Object.wait()&#10;java.lang.Thread.State: WAITING (on object monitor)&#10;        at sun.misc.Unsafe.park(Native Method)&#10;        at java.util.concurrent.locks.LockSupport.park(LockSupport.java:175)&#10;        at java.util.concurrent.locks.AbstractQueuedSynchronizer$ConditionObject.await(AbstractQueuedSynchronizer.java:2039)&#10;        at java.util.concurrent.ScheduledThreadPoolExecutor$DelayedWorkQueue.take(ScheduledThreadPoolExecutor.java:1088)&#10;        at java.util.concurrent.ScheduledThreadPoolExecutor$DelayedWorkQueue.take(ScheduledThreadPoolExecutor.java:809)&#10;        at java.util.concurrent.ThreadPoolExecutor.getTask(ThreadPoolExecutor.java:1074)&#10;        at java.util.concurrent.ThreadPoolExecutor.runWorker(ThreadPoolExecutor.java:1134)&#10;        at java.util.concurrent.ThreadPoolExecutor$Worker.run(ThreadPoolExecutor.java:624)&#10;        at java.lang.Thread.run(Thread.java:748)&#10;&quot;IPC Server handler 4 on 42412&quot; daemon prio=5 tid=968 timed_waiting&#10;java.lang.Thread.State: TIMED_WAITING&#10;        at sun.misc.Unsafe.park(Native Method)&#10;        at java.util.concurrent.locks.LockSupport.parkNanos(LockSupport.java:215)&#10;        at java.util.concurrent.locks.AbstractQueuedSynchronizer$ConditionObject.awaitNanos(AbstractQueuedSynchronizer.java:2078)&#10;        at java.util.concurrent.LinkedBlockingQueue.poll(LinkedBlockingQueue.java:467)&#10;        at org.apache.hadoop.ipc.CallQueueManager.take(CallQueueManager.java:288)&#10;        at org.apache.hadoop.ipc.Server$Handler.run(Server.java:2668)&#10;&quot;pool-169-thread-1&quot;  prio=5 tid=1046 timed_waiting&#10;java.lang.Thread.State: TIMED_WAITING&#10;        at sun.misc.Unsafe.park(Native Method)&#10;        at java.util.concurrent.locks.LockSupport.parkNanos(LockSupport.java:215)&#10;        at java.util.concurrent.locks.AbstractQueuedSynchronizer$ConditionObject.awaitNanos(AbstractQueuedSynchronizer.java:2078)&#10;        at java.util.concurrent.ScheduledThreadPoolExecutor$DelayedWorkQueue.take(ScheduledThreadPoolExecutor.java:1093)&#10;        at java.util.concurrent.ScheduledThreadPoolExecutor$DelayedWorkQueue.take(ScheduledThreadPoolExecutor.java:809)&#10;        at java.util.concurrent.ThreadPoolExecutor.getTask(ThreadPoolExecutor.java:1074)&#10;        at java.util.concurrent.ThreadPoolExecutor.runWorker(ThreadPoolExecutor.java:1134)&#10;        at java.util.concurrent.ThreadPoolExecutor$Worker.run(ThreadPoolExecutor.java:624)&#10;        at java.lang.Thread.run(Thread.java:748)&#10;&quot;pool-216-thread-25&quot;  prio=5 tid=1385 in Object.wait()&#10;java.lang.Thread.State: WAITING (on object monitor)&#10;        at sun.misc.Unsafe.park(Native Method)&#10;        at java.util.concurrent.locks.LockSupport.park(LockSupport.java:175)&#10;        at java.util.concurrent.locks.AbstractQueuedSynchronizer$ConditionObject.await(AbstractQueuedSynchronizer.java:2039)&#10;        at java.util.concurrent.ArrayBlockingQueue.take(ArrayBlockingQueue.java:403)&#10;        at java.util.concurrent.ThreadPoolExecutor.getTask(ThreadPoolExecutor.java:1074)&#10;        at java.util.concurrent.ThreadPoolExecutor.runWorker(ThreadPoolExecutor.java:1134)&#10;        at java.util.concurrent.ThreadPoolExecutor$Worker.run(ThreadPoolExecutor.java:624)&#10;        at java.lang.Thread.run(Thread.java:748)&#10;&quot;nioEventLoopGroup-24-1&quot;  prio=10 tid=1230 runnable&#10;java.lang.Thread.State: RUNNABLE&#10;        at sun.nio.ch.EPollArrayWrapper.epollWait(Native Method)&#10;        at sun.nio.ch.EPollArrayWrapper.poll(EPollArrayWrapper.java:269)&#10;        at sun.nio.ch.EPollSelectorImpl.doSelect(EPollSelectorImpl.java:93)&#10;        at sun.nio.ch.SelectorImpl.lockAndDoSelect(SelectorImpl.java:86)&#10;        at sun.nio.ch.SelectorImpl.select(SelectorImpl.java:97)&#10;        at io.netty.channel.nio.SelectedSelectionKeySetSelector.select(SelectedSelectionKeySetSelector.java:62)&#10;        at io.netty.channel.nio.NioEventLoop.select(NioEventLoop.java:753)&#10;        at io.netty.channel.nio.NioEventLoop.run(NioEventLoop.java:408)&#10;        at io.netty.util.concurrent.SingleThreadEventExecutor$5.run(SingleThreadEventExecutor.java:897)&#10;        at io.netty.util.concurrent.FastThreadLocalRunnable.run(FastThreadLocalRunnable.java:30)&#10;        at java.lang.Thread.run(Thread.java:748)&#10;&quot;IPC Server handler 17 on 36272&quot; daemon prio=5 tid=1001 timed_waiting&#10;java.lang.Thread.State: TIMED_WAITING&#10;        at sun.misc.Unsafe.park(Native Method)&#10;        at java.util.concurrent.locks.LockSupport.parkNanos(LockSupport.java:215)&#10;        at java.util.concurrent.locks.AbstractQueuedSynchronizer$ConditionObject.awaitNanos(AbstractQueuedSynchronizer.java:2078)&#10;        at java.util.concurrent.LinkedBlockingQueue.poll(LinkedBlockingQueue.java:467)&#10;        at org.apache.hadoop.ipc.CallQueueManager.take(CallQueueManager.java:288)&#10;        at org.apache.hadoop.ipc.Server$Handler.run(Server.java:2668)&#10;&quot;pool-237-thread-14&quot;  prio=5 tid=1434 in Object.wait()&#10;java.lang.Thread.State: WAITING (on object monitor)&#10;        at sun.misc.Unsafe.park(Native Method)&#10;        at java.util.concurrent.locks.LockSupport.park(LockSupport.java:175)&#10;        at java.util.concurrent.locks.AbstractQueuedSynchronizer$ConditionObject.await(AbstractQueuedSynchronizer.java:2039)&#10;        at java.util.concurrent.ArrayBlockingQueue.take(ArrayBlockingQueue.java:403)&#10;        at java.util.concurrent.ThreadPoolExecutor.getTask(ThreadPoolExecutor.java:1074)&#10;        at java.util.concurrent.ThreadPoolExecutor.runWorker(ThreadPoolExecutor.java:1134)&#10;        at java.util.concurrent.ThreadPoolExecutor$Worker.run(ThreadPoolExecutor.java:624)&#10;        at java.lang.Thread.run(Thread.java:748)&#10;&quot;IPC Server handler 13 on 36272&quot; daemon prio=5 tid=997 timed_waiting&#10;java.lang.Thread.State: TIMED_WAITING&#10;        at sun.misc.Unsafe.park(Native Method)&#10;        at java.util.concurrent.locks.LockSupport.parkNanos(LockSupport.java:215)&#10;        at java.util.concurrent.locks.AbstractQueuedSynchronizer$ConditionObject.awaitNanos(AbstractQueuedSynchronizer.java:2078)&#10;        at java.util.concurrent.LinkedBlockingQueue.poll(LinkedBlockingQueue.java:467)&#10;        at org.apache.hadoop.ipc.CallQueueManager.take(CallQueueManager.java:288)&#10;        at org.apache.hadoop.ipc.Server$Handler.run(Server.java:2668)&#10;&quot;Socket Reader #1 for port 36272&quot;  prio=5 tid=930 runnable&#10;java.lang.Thread.State: RUNNABLE&#10;        at sun.nio.ch.EPollArrayWrapper.epollWait(Native Method)&#10;        at sun.nio.ch.EPollArrayWrapper.poll(EPollArrayWrapper.java:269)&#10;        at sun.nio.ch.EPollSelectorImpl.doSelect(EPollSelectorImpl.java:93)&#10;        at sun.nio.ch.SelectorImpl.lockAndDoSelect(SelectorImpl.java:86)&#10;        at sun.nio.ch.SelectorImpl.select(SelectorImpl.java:97)&#10;        at sun.nio.ch.SelectorImpl.select(SelectorImpl.java:101)&#10;        at org.apache.hadoop.ipc.Server$Listener$Reader.doRunLoop(Server.java:1097)&#10;        at org.apache.hadoop.ipc.Server$Listener$Reader.run(Server.java:1076)&#10;&quot;pool-237-thread-27&quot;  prio=5 tid=1447 in Object.wait()&#10;java.lang.Thread.State: WAITING (on object monitor)&#10;        at sun.misc.Unsafe.park(Native Method)&#10;        at java.util.concurrent.locks.LockSupport.park(LockSupport.java:175)&#10;        at java.util.concurrent.locks.AbstractQueuedSynchronizer$ConditionObject.await(AbstractQueuedSynchronizer.java:2039)&#10;        at java.util.concurrent.ArrayBlockingQueue.take(ArrayBlockingQueue.java:403)&#10;        at java.util.concurrent.ThreadPoolExecutor.getTask(ThreadPoolExecutor.java:1074)&#10;        at java.util.concurrent.ThreadPoolExecutor.runWorker(ThreadPoolExecutor.java:1134)&#10;        at java.util.concurrent.ThreadPoolExecutor$Worker.run(ThreadPoolExecutor.java:624)&#10;        at java.lang.Thread.run(Thread.java:748)&#10;&quot;pool-279-thread-18&quot;  prio=5 tid=1558 in Object.wait()&#10;java.lang.Thread.State: WAITING (on object monitor)&#10;        at sun.misc.Unsafe.park(Native Method)&#10;        at java.util.concurrent.locks.LockSupport.park(LockSupport.java:175)&#10;        at java.util.concurrent.locks.AbstractQueuedSynchronizer$ConditionObject.await(AbstractQueuedSynchronizer.java:2039)&#10;        at java.util.concurrent.ArrayBlockingQueue.take(ArrayBlockingQueue.java:403)&#10;        at java.util.concurrent.ThreadPoolExecutor.getTask(ThreadPoolExecutor.java:1074)&#10;        at java.util.concurrent.ThreadPoolExecutor.runWorker(ThreadPoolExecutor.java:1134)&#10;        at java.util.concurrent.ThreadPoolExecutor$Worker.run(ThreadPoolExecutor.java:624)&#10;        at java.lang.Thread.run(Thread.java:748)&#10;&quot;java.util.concurrent.ThreadPoolExecutor$Worker@2a319684[State = -1, empty queue]&quot; daemon prio=5 tid=1699 timed_waiting&#10;java.lang.Thread.State: TIMED_WAITING&#10;        at sun.misc.Unsafe.park(Native Method)&#10;        at java.util.concurrent.locks.LockSupport.parkNanos(LockSupport.java:215)&#10;        at java.util.concurrent.locks.AbstractQueuedSynchronizer$ConditionObject.awaitNanos(AbstractQueuedSynchronizer.java:2078)&#10;        at java.util.concurrent.ScheduledThreadPoolExecutor$DelayedWorkQueue.take(ScheduledThreadPoolExecutor.java:1093)&#10;        at java.util.concurrent.ScheduledThreadPoolExecutor$DelayedWorkQueue.take(ScheduledThreadPoolExecutor.java:809)&#10;        at java.util.concurrent.ThreadPoolExecutor.getTask(ThreadPoolExecutor.java:1074)&#10;        at java.util.concurrent.ThreadPoolExecutor.runWorker(ThreadPoolExecutor.java:1134)&#10;        at java.util.concurrent.ThreadPoolExecutor$Worker.run(ThreadPoolExecutor.java:624)&#10;        at java.lang.Thread.run(Thread.java:748)&#10;&quot;pool-216-thread-48&quot;  prio=5 tid=1408 in Object.wait()&#10;java.lang.Thread.State: WAITING (on object monitor)&#10;        at sun.misc.Unsafe.park(Native Method)&#10;        at java.util.concurrent.locks.LockSupport.park(LockSupport.java:175)&#10;        at java.util.concurrent.locks.AbstractQueuedSynchronizer$ConditionObject.await(AbstractQueuedSynchronizer.java:2039)&#10;        at java.util.concurrent.ArrayBlockingQueue.take(ArrayBlockingQueue.java:403)&#10;        at java.util.concurrent.ThreadPoolExecutor.getTask(ThreadPoolExecutor.java:1074)&#10;        at java.util.concurrent.ThreadPoolExecutor.runWorker(ThreadPoolExecutor.java:1134)&#10;        at java.util.concurrent.ThreadPoolExecutor$Worker.run(ThreadPoolExecutor.java:624)&#10;        at java.lang.Thread.run(Thread.java:748)&#10;&quot;pool-174-thread-52&quot;  prio=5 tid=1291 in Object.wait()&#10;java.lang.Thread.State: WAITING (on object monitor)&#10;        at sun.misc.Unsafe.park(Native Method)&#10;        at java.util.concurrent.locks.LockSupport.park(LockSupport.java:175)&#10;        at java.util.concurrent.locks.AbstractQueuedSynchronizer$ConditionObject.await(AbstractQueuedSynchronizer.java:2039)&#10;        at java.util.concurrent.ArrayBlockingQueue.take(ArrayBlockingQueue.java:403)&#10;        at java.util.concurrent.ThreadPoolExecutor.getTask(ThreadPoolExecutor.java:1074)&#10;        at java.util.concurrent.ThreadPoolExecutor.runWorker(ThreadPoolExecutor.java:1134)&#10;        at java.util.concurrent.ThreadPoolExecutor$Worker.run(ThreadPoolExecutor.java:624)&#10;        at java.lang.Thread.run(Thread.java:748)&#10;&quot;org.eclipse.jetty.server.session.HashSessionManager@61dd1c3dTimer&quot; daemon prio=5 tid=1168 timed_waiting&#10;java.lang.Thread.State: TIMED_WAITING&#10;        at sun.misc.Unsafe.park(Native Method)&#10;        at java.util.concurrent.locks.LockSupport.parkNanos(LockSupport.java:215)&#10;        at java.util.concurrent.locks.AbstractQueuedSynchronizer$ConditionObject.awaitNanos(AbstractQueuedSynchronizer.java:2078)&#10;        at java.util.concurrent.ScheduledThreadPoolExecutor$DelayedWorkQueue.take(ScheduledThreadPoolExecutor.java:1093)&#10;        at java.util.concurrent.ScheduledThreadPoolExecutor$DelayedWorkQueue.take(ScheduledThreadPoolExecutor.java:809)&#10;        at java.util.concurrent.ThreadPoolExecutor.getTask(ThreadPoolExecutor.java:1074)&#10;        at java.util.concurrent.ThreadPoolExecutor.runWorker(ThreadPoolExecutor.java:1134)&#10;        at java.util.concurrent.ThreadPoolExecutor$Worker.run(ThreadPoolExecutor.java:624)&#10;        at java.lang.Thread.run(Thread.java:748)&#10;&quot;qtp1920846948-1219&quot; daemon prio=5 tid=1219 runnable&#10;java.lang.Thread.State: RUNNABLE&#10;        at sun.nio.ch.EPollArrayWrapper.epollWait(Native Method)&#10;        at sun.nio.ch.EPollArrayWrapper.poll(EPollArrayWrapper.java:269)&#10;        at sun.nio.ch.EPollSelectorImpl.doSelect(EPollSelectorImpl.java:93)&#10;        at sun.nio.ch.SelectorImpl.lockAndDoSelect(SelectorImpl.java:86)&#10;        at sun.nio.ch.SelectorImpl.select(SelectorImpl.java:97)&#10;        at sun.nio.ch.SelectorImpl.select(SelectorImpl.java:101)&#10;        at org.eclipse.jetty.io.ManagedSelector$SelectorProducer.select(ManagedSelector.java:243)&#10;        at org.eclipse.jetty.io.ManagedSelector$SelectorProducer.produce(ManagedSelector.java:191)&#10;        at org.eclipse.jetty.util.thread.strategy.ExecuteProduceConsume.executeProduceConsume(ExecuteProduceConsume.java:249)&#10;        at org.eclipse.jetty.util.thread.strategy.ExecuteProduceConsume.produceConsume(ExecuteProduceConsume.java:148)&#10;        at org.eclipse.jetty.util.thread.strategy.ExecuteProduceConsume.execute(ExecuteProduceConsume.java:100)&#10;        at org.eclipse.jetty.io.ManagedSelector.run(ManagedSelector.java:147)&#10;        at org.eclipse.jetty.util.thread.QueuedThreadPool.runJob(QueuedThreadPool.java:671)&#10;        at org.eclipse.jetty.util.thread.QueuedThreadPool$2.run(QueuedThreadPool.java:589)&#10;        at java.lang.Thread.run(Thread.java:748)&#10;&quot;nioEventLoopGroup-6-1&quot;  prio=10 tid=231 runnable&#10;java.lang.Thread.State: RUNNABLE&#10;        at sun.nio.ch.EPollArrayWrapper.epollWait(Native Method)&#10;        at sun.nio.ch.EPollArrayWrapper.poll(EPollArrayWrapper.java:269)&#10;        at sun.nio.ch.EPollSelectorImpl.doSelect(EPollSelectorImpl.java:93)&#10;        at sun.nio.ch.SelectorImpl.lockAndDoSelect(SelectorImpl.java:86)&#10;        at sun.nio.ch.SelectorImpl.select(SelectorImpl.java:97)&#10;        at io.netty.channel.nio.SelectedSelectionKeySetSelector.select(SelectedSelectionKeySetSelector.java:62)&#10;        at io.netty.channel.nio.NioEventLoop.select(NioEventLoop.java:753)&#10;        at io.netty.channel.nio.NioEventLoop.run(NioEventLoop.java:408)&#10;        at io.netty.util.concurrent.SingleThreadEventExecutor$5.run(SingleThreadEventExecutor.java:897)&#10;        at io.netty.util.concurrent.FastThreadLocalRunnable.run(FastThreadLocalRunnable.java:30)&#10;        at java.lang.Thread.run(Thread.java:748)&#10;&#10;" type="java.util.concurrent.TimeoutException">java.util.concurrent.TimeoutException: 
Timed out waiting for condition. Thread diagnostics:
Timestamp: 2019-07-14 06:51:18,622

"pool-174-thread-26"  prio=5 tid=1265 in Object.wait()
java.lang.Thread.State: WAITING (on object monitor)
        at sun.misc.Unsafe.park(Native Method)
        at java.util.concurrent.locks.LockSupport.park(LockSupport.java:175)
        at java.util.concurrent.locks.AbstractQueuedSynchronizer$ConditionObject.await(AbstractQueuedSynchronizer.java:2039)
        at java.util.concurrent.ArrayBlockingQueue.take(ArrayBlockingQueue.java:403)
        at java.util.concurrent.ThreadPoolExecutor.getTask(ThreadPoolExecutor.java:1074)
        at java.util.concurrent.ThreadPoolExecutor.runWorker(ThreadPoolExecutor.java:1134)
        at java.util.concurrent.ThreadPoolExecutor$Worker.run(ThreadPoolExecutor.java:624)
        at java.lang.Thread.run(Thread.java:748)
"qtp302256620-1189" daemon prio=5 tid=1189 runnable
java.lang.Thread.State: RUNNABLE
        at sun.nio.ch.EPollArrayWrapper.epollWait(Native Method)
        at sun.nio.ch.EPollArrayWrapper.poll(EPollArrayWrapper.java:269)
        at sun.nio.ch.EPollSelectorImpl.doSelect(EPollSelectorImpl.java:93)
        at sun.nio.ch.SelectorImpl.lockAndDoSelect(SelectorImpl.java:86)
        at sun.nio.ch.SelectorImpl.select(SelectorImpl.java:97)
        at sun.nio.ch.SelectorImpl.select(SelectorImpl.java:101)
        at org.eclipse.jetty.io.ManagedSelector$SelectorProducer.select(ManagedSelector.java:243)
        at org.eclipse.jetty.io.ManagedSelector$SelectorProducer.produce(ManagedSelector.java:191)
        at org.eclipse.jetty.util.thread.strategy.ExecuteProduceConsume.executeProduceConsume(ExecuteProduceConsume.java:249)
        at org.eclipse.jetty.util.thread.strategy.ExecuteProduceConsume.produceConsume(ExecuteProduceConsume.java:148)
        at org.eclipse.jetty.util.thread.strategy.ExecuteProduceConsume.execute(ExecuteProduceConsume.java:100)
        at org.eclipse.jetty.io.ManagedSelector.run(ManagedSelector.java:147)
        at org.eclipse.jetty.util.thread.QueuedThreadPool.runJob(QueuedThreadPool.java:671)
        at org.eclipse.jetty.util.thread.QueuedThreadPool$2.run(QueuedThreadPool.java:589)
        at java.lang.Thread.run(Thread.java:748)
"Socket Reader #1 for port 42412"  prio=5 tid=934 runnable
java.lang.Thread.State: RUNNABLE
        at sun.nio.ch.EPollArrayWrapper.epollWait(Native Method)
        at sun.nio.ch.EPollArrayWrapper.poll(EPollArrayWrapper.java:269)
        at sun.nio.ch.EPollSelectorImpl.doSelect(EPollSelectorImpl.java:93)
        at sun.nio.ch.SelectorImpl.lockAndDoSelect(SelectorImpl.java:86)
        at sun.nio.ch.SelectorImpl.select(SelectorImpl.java:97)
        at sun.nio.ch.SelectorImpl.select(SelectorImpl.java:101)
        at org.apache.hadoop.ipc.Server$Listener$Reader.doRunLoop(Server.java:1097)
        at org.apache.hadoop.ipc.Server$Listener$Reader.run(Server.java:1076)
"pool-216-thread-7"  prio=5 tid=1367 in Object.wait()
java.lang.Thread.State: WAITING (on object monitor)
        at sun.misc.Unsafe.park(Native Method)
        at java.util.concurrent.locks.LockSupport.park(LockSupport.java:175)
        at java.util.concurrent.locks.AbstractQueuedSynchronizer$ConditionObject.await(AbstractQueuedSynchronizer.java:2039)
        at java.util.concurrent.ArrayBlockingQueue.take(ArrayBlockingQueue.java:403)
        at java.util.concurrent.ThreadPoolExecutor.getTask(ThreadPoolExecutor.java:1074)
        at java.util.concurrent.ThreadPoolExecutor.runWorker(ThreadPoolExecutor.java:1134)
        at java.util.concurrent.ThreadPoolExecutor$Worker.run(ThreadPoolExecutor.java:624)
        at java.lang.Thread.run(Thread.java:748)
"BlockDeletingService#2" daemon prio=5 tid=1838 in Object.wait()
java.lang.Thread.State: WAITING (on object monitor)
        at sun.misc.Unsafe.park(Native Method)
        at java.util.concurrent.locks.LockSupport.park(LockSupport.java:175)
        at java.util.concurrent.locks.AbstractQueuedSynchronizer$ConditionObject.await(AbstractQueuedSynchronizer.java:2039)
        at java.util.concurrent.ScheduledThreadPoolExecutor$DelayedWorkQueue.take(ScheduledThreadPoolExecutor.java:1088)
        at java.util.concurrent.ScheduledThreadPoolExecutor$DelayedWorkQueue.take(ScheduledThreadPoolExecutor.java:809)
        at java.util.concurrent.ThreadPoolExecutor.getTask(ThreadPoolExecutor.java:1074)
        at java.util.concurrent.ThreadPoolExecutor.runWorker(ThreadPoolExecutor.java:1134)
        at java.util.concurrent.ThreadPoolExecutor$Worker.run(ThreadPoolExecutor.java:624)
        at java.lang.Thread.run(Thread.java:748)
"IPC Server handler 2 on 36683" daemon prio=5 tid=1028 timed_waiting
java.lang.Thread.State: TIMED_WAITING
        at sun.misc.Unsafe.park(Native Method)
        at java.util.concurrent.locks.LockSupport.parkNanos(LockSupport.java:215)
        at java.util.concurrent.locks.AbstractQueuedSynchronizer$ConditionObject.awaitNanos(AbstractQueuedSynchronizer.java:2078)
        at java.util.concurrent.LinkedBlockingQueue.poll(LinkedBlockingQueue.java:467)
        at org.apache.hadoop.ipc.CallQueueManager.take(CallQueueManager.java:288)
        at org.apache.hadoop.ipc.Server$Handler.run(Server.java:2668)
"qtp1842314090-1130-acceptor-0@1f926554-ServerConnector@da34eb0{HTTP/1.1,[http/1.1]}{0.0.0.0:38549}" daemon prio=3 tid=1130 runnable
java.lang.Thread.State: RUNNABLE
        at sun.nio.ch.ServerSocketChannelImpl.accept0(Native Method)
        at sun.nio.ch.ServerSocketChannelImpl.accept(ServerSocketChannelImpl.java:422)
        at sun.nio.ch.ServerSocketChannelImpl.accept(ServerSocketChannelImpl.java:250)
        at org.eclipse.jetty.server.ServerConnector.accept(ServerConnector.java:397)
        at org.eclipse.jetty.server.AbstractConnector$Acceptor.run(AbstractConnector.java:601)
        at org.eclipse.jetty.util.thread.QueuedThreadPool.runJob(QueuedThreadPool.java:671)
        at org.eclipse.jetty.util.thread.QueuedThreadPool$2.run(QueuedThreadPool.java:589)
        at java.lang.Thread.run(Thread.java:748)
"org.eclipse.jetty.server.session.HashSessionManager@4243341eTimer" daemon prio=5 tid=1108 timed_waiting
java.lang.Thread.State: TIMED_WAITING
        at sun.misc.Unsafe.park(Native Method)
        at java.util.concurrent.locks.LockSupport.parkNanos(LockSupport.java:215)
        at java.util.concurrent.locks.AbstractQueuedSynchronizer$ConditionObject.awaitNanos(AbstractQueuedSynchronizer.java:2078)
        at java.util.concurrent.ScheduledThreadPoolExecutor$DelayedWorkQueue.take(ScheduledThreadPoolExecutor.java:1093)
        at java.util.concurrent.ScheduledThreadPoolExecutor$DelayedWorkQueue.take(ScheduledThreadPoolExecutor.java:809)
        at java.util.concurrent.ThreadPoolExecutor.getTask(ThreadPoolExecutor.java:1074)
        at java.util.concurrent.ThreadPoolExecutor.runWorker(ThreadPoolExecutor.java:1134)
        at java.util.concurrent.ThreadPoolExecutor$Worker.run(ThreadPoolExecutor.java:624)
        at java.lang.Thread.run(Thread.java:748)
"Signal Dispatcher" daemon prio=9 tid=4 runnable
java.lang.Thread.State: RUNNABLE
"pool-279-thread-59"  prio=5 tid=1599 in Object.wait()
java.lang.Thread.State: WAITING (on object monitor)
        at sun.misc.Unsafe.park(Native Method)
        at java.util.concurrent.locks.LockSupport.park(LockSupport.java:175)
        at java.util.concurrent.locks.AbstractQueuedSynchronizer$ConditionObject.await(AbstractQueuedSynchronizer.java:2039)
        at java.util.concurrent.ArrayBlockingQueue.take(ArrayBlockingQueue.java:403)
        at java.util.concurrent.ThreadPoolExecutor.getTask(ThreadPoolExecutor.java:1074)
        at java.util.concurrent.ThreadPoolExecutor.runWorker(ThreadPoolExecutor.java:1134)
        at java.util.concurrent.ThreadPoolExecutor$Worker.run(ThreadPoolExecutor.java:624)
        at java.lang.Thread.run(Thread.java:748)
"IPC Server handler 10 on 36683" daemon prio=5 tid=1036 timed_waiting
java.lang.Thread.State: TIMED_WAITING
        at sun.misc.Unsafe.park(Native Method)
        at java.util.concurrent.locks.LockSupport.parkNanos(LockSupport.java:215)
        at java.util.concurrent.locks.AbstractQueuedSynchronizer$ConditionObject.awaitNanos(AbstractQueuedSynchronizer.java:2078)
        at java.util.concurrent.LinkedBlockingQueue.poll(LinkedBlockingQueue.java:467)
        at org.apache.hadoop.ipc.CallQueueManager.take(CallQueueManager.java:288)
        at org.apache.hadoop.ipc.Server$Handler.run(Server.java:2668)
"IPC Server handler 18 on 42412" daemon prio=5 tid=982 timed_waiting
java.lang.Thread.State: TIMED_WAITING
        at sun.misc.Unsafe.park(Native Method)
        at java.util.concurrent.locks.LockSupport.parkNanos(LockSupport.java:215)
        at java.util.concurrent.locks.AbstractQueuedSynchronizer$ConditionObject.awaitNanos(AbstractQueuedSynchronizer.java:2078)
        at java.util.concurrent.LinkedBlockingQueue.poll(LinkedBlockingQueue.java:467)
        at org.apache.hadoop.ipc.CallQueueManager.take(CallQueueManager.java:288)
        at org.apache.hadoop.ipc.Server$Handler.run(Server.java:2668)
"pool-256-thread-1" daemon prio=5 tid=1184 timed_waiting
java.lang.Thread.State: TIMED_WAITING
        at sun.misc.Unsafe.park(Native Method)
        at java.util.concurrent.locks.LockSupport.parkNanos(LockSupport.java:215)
        at java.util.concurrent.locks.AbstractQueuedSynchronizer$ConditionObject.awaitNanos(AbstractQueuedSynchronizer.java:2078)
        at java.util.concurrent.ScheduledThreadPoolExecutor$DelayedWorkQueue.take(ScheduledThreadPoolExecutor.java:1093)
        at java.util.concurrent.ScheduledThreadPoolExecutor$DelayedWorkQueue.take(ScheduledThreadPoolExecutor.java:809)
        at java.util.concurrent.ThreadPoolExecutor.getTask(ThreadPoolExecutor.java:1074)
        at java.util.concurrent.ThreadPoolExecutor.runWorker(ThreadPoolExecutor.java:1134)
        at java.util.concurrent.ThreadPoolExecutor$Worker.run(ThreadPoolExecutor.java:624)
        at java.lang.Thread.run(Thread.java:748)
"pool-279-thread-2"  prio=5 tid=1542 in Object.wait()
java.lang.Thread.State: WAITING (on object monitor)
        at sun.misc.Unsafe.park(Native Method)
        at java.util.concurrent.locks.LockSupport.park(LockSupport.java:175)
        at java.util.concurrent.locks.AbstractQueuedSynchronizer$ConditionObject.await(AbstractQueuedSynchronizer.java:2039)
        at java.util.concurrent.ArrayBlockingQueue.take(ArrayBlockingQueue.java:403)
        at java.util.concurrent.ThreadPoolExecutor.getTask(ThreadPoolExecutor.java:1074)
        at java.util.concurrent.ThreadPoolExecutor.runWorker(ThreadPoolExecutor.java:1134)
        at java.util.concurrent.ThreadPoolExecutor$Worker.run(ThreadPoolExecutor.java:624)
        at java.lang.Thread.run(Thread.java:748)
"pool-216-thread-6"  prio=5 tid=1366 in Object.wait()
java.lang.Thread.State: WAITING (on object monitor)
        at sun.misc.Unsafe.park(Native Method)
        at java.util.concurrent.locks.LockSupport.park(LockSupport.java:175)
        at java.util.concurrent.locks.AbstractQueuedSynchronizer$ConditionObject.await(AbstractQueuedSynchronizer.java:2039)
        at java.util.concurrent.ArrayBlockingQueue.take(ArrayBlockingQueue.java:403)
        at java.util.concurrent.ThreadPoolExecutor.getTask(ThreadPoolExecutor.java:1074)
        at java.util.concurrent.ThreadPoolExecutor.runWorker(ThreadPoolExecutor.java:1134)
        at java.util.concurrent.ThreadPoolExecutor$Worker.run(ThreadPoolExecutor.java:624)
        at java.lang.Thread.run(Thread.java:748)
"pool-195-thread-28"  prio=5 tid=1328 in Object.wait()
java.lang.Thread.State: WAITING (on object monitor)
        at sun.misc.Unsafe.park(Native Method)
        at java.util.concurrent.locks.LockSupport.park(LockSupport.java:175)
        at java.util.concurrent.locks.AbstractQueuedSynchronizer$ConditionObject.await(AbstractQueuedSynchronizer.java:2039)
        at java.util.concurrent.ArrayBlockingQueue.take(ArrayBlockingQueue.java:403)
        at java.util.concurrent.ThreadPoolExecutor.getTask(ThreadPoolExecutor.java:1074)
        at java.util.concurrent.ThreadPoolExecutor.runWorker(ThreadPoolExecutor.java:1134)
        at java.util.concurrent.ThreadPoolExecutor$Worker.run(ThreadPoolExecutor.java:624)
        at java.lang.Thread.run(Thread.java:748)
"pool-279-thread-49"  prio=5 tid=1589 in Object.wait()
java.lang.Thread.State: WAITING (on object monitor)
        at sun.misc.Unsafe.park(Native Method)
        at java.util.concurrent.locks.LockSupport.park(LockSupport.java:175)
        at java.util.concurrent.locks.AbstractQueuedSynchronizer$ConditionObject.await(AbstractQueuedSynchronizer.java:2039)
        at java.util.concurrent.ArrayBlockingQueue.take(ArrayBlockingQueue.java:403)
        at java.util.concurrent.ThreadPoolExecutor.getTask(ThreadPoolExecutor.java:1074)
        at java.util.concurrent.ThreadPoolExecutor.runWorker(ThreadPoolExecutor.java:1134)
        at java.util.concurrent.ThreadPoolExecutor$Worker.run(ThreadPoolExecutor.java:624)
        at java.lang.Thread.run(Thread.java:748)
"pool-258-thread-44"  prio=5 tid=1524 in Object.wait()
java.lang.Thread.State: WAITING (on object monitor)
        at sun.misc.Unsafe.park(Native Method)
        at java.util.concurrent.locks.LockSupport.park(LockSupport.java:175)
        at java.util.concurrent.locks.AbstractQueuedSynchronizer$ConditionObject.await(AbstractQueuedSynchronizer.java:2039)
        at java.util.concurrent.ArrayBlockingQueue.take(ArrayBlockingQueue.java:403)
        at java.util.concurrent.ThreadPoolExecutor.getTask(ThreadPoolExecutor.java:1074)
        at java.util.concurrent.ThreadPoolExecutor.runWorker(ThreadPoolExecutor.java:1134)
        at java.util.concurrent.ThreadPoolExecutor$Worker.run(ThreadPoolExecutor.java:624)
        at java.lang.Thread.run(Thread.java:748)
"pool-174-thread-55"  prio=5 tid=1294 in Object.wait()
java.lang.Thread.State: WAITING (on object monitor)
        at sun.misc.Unsafe.park(Native Method)
        at java.util.concurrent.locks.LockSupport.park(LockSupport.java:175)
        at java.util.concurrent.locks.AbstractQueuedSynchronizer$ConditionObject.await(AbstractQueuedSynchronizer.java:2039)
        at java.util.concurrent.ArrayBlockingQueue.take(ArrayBlockingQueue.java:403)
        at java.util.concurrent.ThreadPoolExecutor.getTask(ThreadPoolExecutor.java:1074)
        at java.util.concurrent.ThreadPoolExecutor.runWorker(ThreadPoolExecutor.java:1134)
        at java.util.concurrent.ThreadPoolExecutor$Worker.run(ThreadPoolExecutor.java:624)
        at java.lang.Thread.run(Thread.java:748)
"Datanode ReportManager Thread - 1" daemon prio=5 tid=1143 in Object.wait()
java.lang.Thread.State: WAITING (on object monitor)
        at sun.misc.Unsafe.park(Native Method)
        at java.util.concurrent.locks.LockSupport.park(LockSupport.java:175)
        at java.util.concurrent.locks.AbstractQueuedSynchronizer$ConditionObject.await(AbstractQueuedSynchronizer.java:2039)
        at java.util.concurrent.ScheduledThreadPoolExecutor$DelayedWorkQueue.take(ScheduledThreadPoolExecutor.java:1088)
        at java.util.concurrent.ScheduledThreadPoolExecutor$DelayedWorkQueue.take(ScheduledThreadPoolExecutor.java:809)
        at java.util.concurrent.ThreadPoolExecutor.getTask(ThreadPoolExecutor.java:1074)
        at java.util.concurrent.ThreadPoolExecutor.runWorker(ThreadPoolExecutor.java:1134)
        at java.util.concurrent.ThreadPoolExecutor$Worker.run(ThreadPoolExecutor.java:624)
        at java.lang.Thread.run(Thread.java:748)
"nioEventLoopGroup-16-1"  prio=10 tid=1110 runnable
java.lang.Thread.State: RUNNABLE
        at sun.nio.ch.EPollArrayWrapper.epollWait(Native Method)
        at sun.nio.ch.EPollArrayWrapper.poll(EPollArrayWrapper.java:269)
        at sun.nio.ch.EPollSelectorImpl.doSelect(EPollSelectorImpl.java:93)
        at sun.nio.ch.SelectorImpl.lockAndDoSelect(SelectorImpl.java:86)
        at sun.nio.ch.SelectorImpl.select(SelectorImpl.java:97)
        at io.netty.channel.nio.SelectedSelectionKeySetSelector.select(SelectedSelectionKeySetSelector.java:62)
        at io.netty.channel.nio.NioEventLoop.select(NioEventLoop.java:753)
        at io.netty.channel.nio.NioEventLoop.run(NioEventLoop.java:408)
        at io.netty.util.concurrent.SingleThreadEventExecutor$5.run(SingleThreadEventExecutor.java:897)
        at io.netty.util.concurrent.FastThreadLocalRunnable.run(FastThreadLocalRunnable.java:30)
        at java.lang.Thread.run(Thread.java:748)
"StateMachineUpdater:9e9398c9-c564-45b1-aca3-844f60de829e:group-4D4B878D4BCA" daemon prio=5 tid=1652 in Object.wait()
java.lang.Thread.State: WAITING (on object monitor)
        at java.lang.Object.wait(Native Method)
        at java.lang.Object.wait(Object.java:502)
        at org.apache.ratis.server.impl.StateMachineUpdater.waitForCommit(StateMachineUpdater.java:180)
        at org.apache.ratis.server.impl.StateMachineUpdater.run(StateMachineUpdater.java:138)
        at java.lang.Thread.run(Thread.java:748)
"pool-174-thread-14"  prio=5 tid=1253 in Object.wait()
java.lang.Thread.State: WAITING (on object monitor)
        at sun.misc.Unsafe.park(Native Method)
        at java.util.concurrent.locks.LockSupport.park(LockSupport.java:175)
        at java.util.concurrent.locks.AbstractQueuedSynchronizer$ConditionObject.await(AbstractQueuedSynchronizer.java:2039)
        at java.util.concurrent.ArrayBlockingQueue.take(ArrayBlockingQueue.java:403)
        at java.util.concurrent.ThreadPoolExecutor.getTask(ThreadPoolExecutor.java:1074)
        at java.util.concurrent.ThreadPoolExecutor.runWorker(ThreadPoolExecutor.java:1134)
        at java.util.concurrent.ThreadPoolExecutor$Worker.run(ThreadPoolExecutor.java:624)
        at java.lang.Thread.run(Thread.java:748)
"pool-237-thread-10"  prio=5 tid=1430 in Object.wait()
java.lang.Thread.State: WAITING (on object monitor)
        at sun.misc.Unsafe.park(Native Method)
        at java.util.concurrent.locks.LockSupport.park(LockSupport.java:175)
        at java.util.concurrent.locks.AbstractQueuedSynchronizer$ConditionObject.await(AbstractQueuedSynchronizer.java:2039)
        at java.util.concurrent.ArrayBlockingQueue.take(ArrayBlockingQueue.java:403)
        at java.util.concurrent.ThreadPoolExecutor.getTask(ThreadPoolExecutor.java:1074)
        at java.util.concurrent.ThreadPoolExecutor.runWorker(ThreadPoolExecutor.java:1134)
        at java.util.concurrent.ThreadPoolExecutor$Worker.run(ThreadPoolExecutor.java:624)
        at java.lang.Thread.run(Thread.java:748)
"pool-237-thread-53"  prio=5 tid=1473 in Object.wait()
java.lang.Thread.State: WAITING (on object monitor)
        at sun.misc.Unsafe.park(Native Method)
        at java.util.concurrent.locks.LockSupport.park(LockSupport.java:175)
        at java.util.concurrent.locks.AbstractQueuedSynchronizer$ConditionObject.await(AbstractQueuedSynchronizer.java:2039)
        at java.util.concurrent.ArrayBlockingQueue.take(ArrayBlockingQueue.java:403)
        at java.util.concurrent.ThreadPoolExecutor.getTask(ThreadPoolExecutor.java:1074)
        at java.util.concurrent.ThreadPoolExecutor.runWorker(ThreadPoolExecutor.java:1134)
        at java.util.concurrent.ThreadPoolExecutor$Worker.run(ThreadPoolExecutor.java:624)
        at java.lang.Thread.run(Thread.java:748)
"qtp1842314090-1131" daemon prio=5 tid=1131 timed_waiting
java.lang.Thread.State: TIMED_WAITING
        at sun.misc.Unsafe.park(Native Method)
        at java.util.concurrent.locks.LockSupport.parkNanos(LockSupport.java:215)
        at java.util.concurrent.locks.AbstractQueuedSynchronizer$ConditionObject.awaitNanos(AbstractQueuedSynchronizer.java:2078)
        at org.eclipse.jetty.util.BlockingArrayQueue.poll(BlockingArrayQueue.java:392)
        at org.eclipse.jetty.util.thread.QueuedThreadPool.idleJobPoll(QueuedThreadPool.java:563)
        at org.eclipse.jetty.util.thread.QueuedThreadPool.access$800(QueuedThreadPool.java:48)
        at org.eclipse.jetty.util.thread.QueuedThreadPool$2.run(QueuedThreadPool.java:626)
        at java.lang.Thread.run(Thread.java:748)
"EventQueue-NodeRegistrationContainerReportForDataNodeSafeModeRule" daemon prio=5 tid=1605 in Object.wait()
java.lang.Thread.State: WAITING (on object monitor)
        at sun.misc.Unsafe.park(Native Method)
        at java.util.concurrent.locks.LockSupport.park(LockSupport.java:175)
        at java.util.concurrent.locks.AbstractQueuedSynchronizer$ConditionObject.await(AbstractQueuedSynchronizer.java:2039)
        at java.util.concurrent.LinkedBlockingQueue.take(LinkedBlockingQueue.java:442)
        at java.util.concurrent.ThreadPoolExecutor.getTask(ThreadPoolExecutor.java:1074)
        at java.util.concurrent.ThreadPoolExecutor.runWorker(ThreadPoolExecutor.java:1134)
        at java.util.concurrent.ThreadPoolExecutor$Worker.run(ThreadPoolExecutor.java:624)
        at java.lang.Thread.run(Thread.java:748)
"qtp1814361629-1161" daemon prio=5 tid=1161 timed_waiting
java.lang.Thread.State: TIMED_WAITING
        at sun.misc.Unsafe.park(Native Method)
        at java.util.concurrent.locks.LockSupport.parkNanos(LockSupport.java:215)
        at java.util.concurrent.locks.AbstractQueuedSynchronizer$ConditionObject.awaitNanos(AbstractQueuedSynchronizer.java:2078)
        at org.eclipse.jetty.util.BlockingArrayQueue.poll(BlockingArrayQueue.java:392)
        at org.eclipse.jetty.util.thread.QueuedThreadPool.idleJobPoll(QueuedThreadPool.java:563)
        at org.eclipse.jetty.util.thread.QueuedThreadPool.access$800(QueuedThreadPool.java:48)
        at org.eclipse.jetty.util.thread.QueuedThreadPool$2.run(QueuedThreadPool.java:626)
        at java.lang.Thread.run(Thread.java:748)
"IPC Client (2022285740) connection to /0.0.0.0:36272 from jenkins1000" daemon prio=5 tid=1239 timed_waiting
java.lang.Thread.State: TIMED_WAITING
        at java.lang.Object.wait(Native Method)
        at org.apache.hadoop.ipc.Client$Connection.waitForWork(Client.java:1024)
        at org.apache.hadoop.ipc.Client$Connection.run(Client.java:1068)
"pool-237-thread-33"  prio=5 tid=1453 in Object.wait()
java.lang.Thread.State: WAITING (on object monitor)
        at sun.misc.Unsafe.park(Native Method)
        at java.util.concurrent.locks.LockSupport.park(LockSupport.java:175)
        at java.util.concurrent.locks.AbstractQueuedSynchronizer$ConditionObject.await(AbstractQueuedSynchronizer.java:2039)
        at java.util.concurrent.ArrayBlockingQueue.take(ArrayBlockingQueue.java:403)
        at java.util.concurrent.ThreadPoolExecutor.getTask(ThreadPoolExecutor.java:1074)
        at java.util.concurrent.ThreadPoolExecutor.runWorker(ThreadPoolExecutor.java:1134)
        at java.util.concurrent.ThreadPoolExecutor$Worker.run(ThreadPoolExecutor.java:624)
        at java.lang.Thread.run(Thread.java:748)
"qtp649827042-1068" daemon prio=5 tid=1068 runnable
java.lang.Thread.State: RUNNABLE
        at sun.nio.ch.EPollArrayWrapper.epollWait(Native Method)
        at sun.nio.ch.EPollArrayWrapper.poll(EPollArrayWrapper.java:269)
        at sun.nio.ch.EPollSelectorImpl.doSelect(EPollSelectorImpl.java:93)
        at sun.nio.ch.SelectorImpl.lockAndDoSelect(SelectorImpl.java:86)
        at sun.nio.ch.SelectorImpl.select(SelectorImpl.java:97)
        at sun.nio.ch.SelectorImpl.select(SelectorImpl.java:101)
        at org.eclipse.jetty.io.ManagedSelector$SelectorProducer.select(ManagedSelector.java:243)
        at org.eclipse.jetty.io.ManagedSelector$SelectorProducer.produce(ManagedSelector.java:191)
        at org.eclipse.jetty.util.thread.strategy.ExecuteProduceConsume.executeProduceConsume(ExecuteProduceConsume.java:249)
        at org.eclipse.jetty.util.thread.strategy.ExecuteProduceConsume.produceConsume(ExecuteProduceConsume.java:148)
        at org.eclipse.jetty.util.thread.strategy.ExecuteProduceConsume.execute(ExecuteProduceConsume.java:100)
        at org.eclipse.jetty.io.ManagedSelector.run(ManagedSelector.java:147)
        at org.eclipse.jetty.util.thread.QueuedThreadPool.runJob(QueuedThreadPool.java:671)
        at org.eclipse.jetty.util.thread.QueuedThreadPool$2.run(QueuedThreadPool.java:589)
        at java.lang.Thread.run(Thread.java:748)
"pool-174-thread-16"  prio=5 tid=1255 in Object.wait()
java.lang.Thread.State: WAITING (on object monitor)
        at sun.misc.Unsafe.park(Native Method)
        at java.util.concurrent.locks.LockSupport.park(LockSupport.java:175)
        at java.util.concurrent.locks.AbstractQueuedSynchronizer$ConditionObject.await(AbstractQueuedSynchronizer.java:2039)
        at java.util.concurrent.ArrayBlockingQueue.take(ArrayBlockingQueue.java:403)
        at java.util.concurrent.ThreadPoolExecutor.getTask(ThreadPoolExecutor.java:1074)
        at java.util.concurrent.ThreadPoolExecutor.runWorker(ThreadPoolExecutor.java:1134)
        at java.util.concurrent.ThreadPoolExecutor$Worker.run(ThreadPoolExecutor.java:624)
        at java.lang.Thread.run(Thread.java:748)
"IPC Server listener on 36683" daemon prio=5 tid=1019 runnable
java.lang.Thread.State: RUNNABLE
        at sun.nio.ch.EPollArrayWrapper.epollWait(Native Method)
        at sun.nio.ch.EPollArrayWrapper.poll(EPollArrayWrapper.java:269)
        at sun.nio.ch.EPollSelectorImpl.doSelect(EPollSelectorImpl.java:93)
        at sun.nio.ch.SelectorImpl.lockAndDoSelect(SelectorImpl.java:86)
        at sun.nio.ch.SelectorImpl.select(SelectorImpl.java:97)
        at sun.nio.ch.SelectorImpl.select(SelectorImpl.java:101)
        at org.apache.hadoop.ipc.Server$Listener.run(Server.java:1159)
"pool-279-thread-7"  prio=5 tid=1547 in Object.wait()
java.lang.Thread.State: WAITING (on object monitor)
        at sun.misc.Unsafe.park(Native Method)
        at java.util.concurrent.locks.LockSupport.park(LockSupport.java:175)
        at java.util.concurrent.locks.AbstractQueuedSynchronizer$ConditionObject.await(AbstractQueuedSynchronizer.java:2039)
        at java.util.concurrent.ArrayBlockingQueue.take(ArrayBlockingQueue.java:403)
        at java.util.concurrent.ThreadPoolExecutor.getTask(ThreadPoolExecutor.java:1074)
        at java.util.concurrent.ThreadPoolExecutor.runWorker(ThreadPoolExecutor.java:1134)
        at java.util.concurrent.ThreadPoolExecutor$Worker.run(ThreadPoolExecutor.java:624)
        at java.lang.Thread.run(Thread.java:748)
"org.eclipse.jetty.server.session.HashSessionManager@48cf8414Timer" daemon prio=5 tid=1109 timed_waiting
java.lang.Thread.State: TIMED_WAITING
        at sun.misc.Unsafe.park(Native Method)
        at java.util.concurrent.locks.LockSupport.parkNanos(LockSupport.java:215)
        at java.util.concurrent.locks.AbstractQueuedSynchronizer$ConditionObject.awaitNanos(AbstractQueuedSynchronizer.java:2078)
        at java.util.concurrent.ScheduledThreadPoolExecutor$DelayedWorkQueue.take(ScheduledThreadPoolExecutor.java:1093)
        at java.util.concurrent.ScheduledThreadPoolExecutor$DelayedWorkQueue.take(ScheduledThreadPoolExecutor.java:809)
        at java.util.concurrent.ThreadPoolExecutor.getTask(ThreadPoolExecutor.java:1074)
        at java.util.concurrent.ThreadPoolExecutor.runWorker(ThreadPoolExecutor.java:1134)
        at java.util.concurrent.ThreadPoolExecutor$Worker.run(ThreadPoolExecutor.java:624)
        at java.lang.Thread.run(Thread.java:748)
"IPC Server handler 11 on 36272" daemon prio=5 tid=995 timed_waiting
java.lang.Thread.State: TIMED_WAITING
        at sun.misc.Unsafe.park(Native Method)
        at java.util.concurrent.locks.LockSupport.parkNanos(LockSupport.java:215)
        at java.util.concurrent.locks.AbstractQueuedSynchronizer$ConditionObject.awaitNanos(AbstractQueuedSynchronizer.java:2078)
        at java.util.concurrent.LinkedBlockingQueue.poll(LinkedBlockingQueue.java:467)
        at org.apache.hadoop.ipc.CallQueueManager.take(CallQueueManager.java:288)
        at org.apache.hadoop.ipc.Server$Handler.run(Server.java:2668)
"pool-174-thread-15"  prio=5 tid=1254 in Object.wait()
java.lang.Thread.State: WAITING (on object monitor)
        at sun.misc.Unsafe.park(Native Method)
        at java.util.concurrent.locks.LockSupport.park(LockSupport.java:175)
        at java.util.concurrent.locks.AbstractQueuedSynchronizer$ConditionObject.await(AbstractQueuedSynchronizer.java:2039)
        at java.util.concurrent.ArrayBlockingQueue.take(ArrayBlockingQueue.java:403)
        at java.util.concurrent.ThreadPoolExecutor.getTask(ThreadPoolExecutor.java:1074)
        at java.util.concurrent.ThreadPoolExecutor.runWorker(ThreadPoolExecutor.java:1134)
        at java.util.concurrent.ThreadPoolExecutor$Worker.run(ThreadPoolExecutor.java:624)
        at java.lang.Thread.run(Thread.java:748)
"pool-216-thread-56"  prio=5 tid=1416 in Object.wait()
java.lang.Thread.State: WAITING (on object monitor)
        at sun.misc.Unsafe.park(Native Method)
        at java.util.concurrent.locks.LockSupport.park(LockSupport.java:175)
        at java.util.concurrent.locks.AbstractQueuedSynchronizer$ConditionObject.await(AbstractQueuedSynchronizer.java:2039)
        at java.util.concurrent.ArrayBlockingQueue.take(ArrayBlockingQueue.java:403)
        at java.util.concurrent.ThreadPoolExecutor.getTask(ThreadPoolExecutor.java:1074)
        at java.util.concurrent.ThreadPoolExecutor.runWorker(ThreadPoolExecutor.java:1134)
        at java.util.concurrent.ThreadPoolExecutor$Worker.run(ThreadPoolExecutor.java:624)
        at java.lang.Thread.run(Thread.java:748)
"IPC Server handler 0 on 42412" daemon prio=5 tid=964 timed_waiting
java.lang.Thread.State: TIMED_WAITING
        at sun.misc.Unsafe.park(Native Method)
        at java.util.concurrent.locks.LockSupport.parkNanos(LockSupport.java:215)
        at java.util.concurrent.locks.AbstractQueuedSynchronizer$ConditionObject.awaitNanos(AbstractQueuedSynchronizer.java:2078)
        at java.util.concurrent.LinkedBlockingQueue.poll(LinkedBlockingQueue.java:467)
        at org.apache.hadoop.ipc.CallQueueManager.take(CallQueueManager.java:288)
        at org.apache.hadoop.ipc.Server$Handler.run(Server.java:2668)
"pool-258-thread-53"  prio=5 tid=1533 in Object.wait()
java.lang.Thread.State: WAITING (on object monitor)
        at sun.misc.Unsafe.park(Native Method)
        at java.util.concurrent.locks.LockSupport.park(LockSupport.java:175)
        at java.util.concurrent.locks.AbstractQueuedSynchronizer$ConditionObject.await(AbstractQueuedSynchronizer.java:2039)
        at java.util.concurrent.ArrayBlockingQueue.take(ArrayBlockingQueue.java:403)
        at java.util.concurrent.ThreadPoolExecutor.getTask(ThreadPoolExecutor.java:1074)
        at java.util.concurrent.ThreadPoolExecutor.runWorker(ThreadPoolExecutor.java:1134)
        at java.util.concurrent.ThreadPoolExecutor$Worker.run(ThreadPoolExecutor.java:624)
        at java.lang.Thread.run(Thread.java:748)
"pool-258-thread-49"  prio=5 tid=1529 in Object.wait()
java.lang.Thread.State: WAITING (on object monitor)
        at sun.misc.Unsafe.park(Native Method)
        at java.util.concurrent.locks.LockSupport.park(LockSupport.java:175)
        at java.util.concurrent.locks.AbstractQueuedSynchronizer$ConditionObject.await(AbstractQueuedSynchronizer.java:2039)
        at java.util.concurrent.ArrayBlockingQueue.take(ArrayBlockingQueue.java:403)
        at java.util.concurrent.ThreadPoolExecutor.getTask(ThreadPoolExecutor.java:1074)
        at java.util.concurrent.ThreadPoolExecutor.runWorker(ThreadPoolExecutor.java:1134)
        at java.util.concurrent.ThreadPoolExecutor$Worker.run(ThreadPoolExecutor.java:624)
        at java.lang.Thread.run(Thread.java:748)
"pool-279-thread-43"  prio=5 tid=1583 in Object.wait()
java.lang.Thread.State: WAITING (on object monitor)
        at sun.misc.Unsafe.park(Native Method)
        at java.util.concurrent.locks.LockSupport.park(LockSupport.java:175)
        at java.util.concurrent.locks.AbstractQueuedSynchronizer$ConditionObject.await(AbstractQueuedSynchronizer.java:2039)
        at java.util.concurrent.ArrayBlockingQueue.take(ArrayBlockingQueue.java:403)
        at java.util.concurrent.ThreadPoolExecutor.getTask(ThreadPoolExecutor.java:1074)
        at java.util.concurrent.ThreadPoolExecutor.runWorker(ThreadPoolExecutor.java:1134)
        at java.util.concurrent.ThreadPoolExecutor$Worker.run(ThreadPoolExecutor.java:624)
        at java.lang.Thread.run(Thread.java:748)
"pool-237-thread-4"  prio=5 tid=1424 in Object.wait()
java.lang.Thread.State: WAITING (on object monitor)
        at sun.misc.Unsafe.park(Native Method)
        at java.util.concurrent.locks.LockSupport.park(LockSupport.java:175)
        at java.util.concurrent.locks.AbstractQueuedSynchronizer$ConditionObject.await(AbstractQueuedSynchronizer.java:2039)
        at java.util.concurrent.ArrayBlockingQueue.take(ArrayBlockingQueue.java:403)
        at java.util.concurrent.ThreadPoolExecutor.getTask(ThreadPoolExecutor.java:1074)
        at java.util.concurrent.ThreadPoolExecutor.runWorker(ThreadPoolExecutor.java:1134)
        at java.util.concurrent.ThreadPoolExecutor$Worker.run(ThreadPoolExecutor.java:624)
        at java.lang.Thread.run(Thread.java:748)
"pool-195-thread-57"  prio=5 tid=1357 in Object.wait()
java.lang.Thread.State: WAITING (on object monitor)
        at sun.misc.Unsafe.park(Native Method)
        at java.util.concurrent.locks.LockSupport.park(LockSupport.java:175)
        at java.util.concurrent.locks.AbstractQueuedSynchronizer$ConditionObject.await(AbstractQueuedSynchronizer.java:2039)
        at java.util.concurrent.ArrayBlockingQueue.take(ArrayBlockingQueue.java:403)
        at java.util.concurrent.ThreadPoolExecutor.getTask(ThreadPoolExecutor.java:1074)
        at java.util.concurrent.ThreadPoolExecutor.runWorker(ThreadPoolExecutor.java:1134)
        at java.util.concurrent.ThreadPoolExecutor$Worker.run(ThreadPoolExecutor.java:624)
        at java.lang.Thread.run(Thread.java:748)
"refreshUsed-/tmp/workdir/hadoop-ozone/integration-test/target/test-dir/MiniOzoneClusterImpl-d6a8514b-9f5a-4ec7-be91-cc3589120d34/datanode-3/data/containers" daemon prio=5 tid=1152 timed_waiting
java.lang.Thread.State: TIMED_WAITING
        at java.lang.Thread.sleep(Native Method)
        at org.apache.hadoop.fs.CachingGetSpaceUsed$RefreshThread.run(CachingGetSpaceUsed.java:179)
        at java.lang.Thread.run(Thread.java:748)
"IPC Server handler 14 on 36272" daemon prio=5 tid=998 timed_waiting
java.lang.Thread.State: TIMED_WAITING
        at sun.misc.Unsafe.park(Native Method)
        at java.util.concurrent.locks.LockSupport.parkNanos(LockSupport.java:215)
        at java.util.concurrent.locks.AbstractQueuedSynchronizer$ConditionObject.awaitNanos(AbstractQueuedSynchronizer.java:2078)
        at java.util.concurrent.LinkedBlockingQueue.poll(LinkedBlockingQueue.java:467)
        at org.apache.hadoop.ipc.CallQueueManager.take(CallQueueManager.java:288)
        at org.apache.hadoop.ipc.Server$Handler.run(Server.java:2668)
"qtp302256620-1190-acceptor-0@58fbf66a-ServerConnector@36c783ca{HTTP/1.1,[http/1.1]}{0.0.0.0:40650}" daemon prio=3 tid=1190 runnable
java.lang.Thread.State: RUNNABLE
        at sun.nio.ch.ServerSocketChannelImpl.accept0(Native Method)
        at sun.nio.ch.ServerSocketChannelImpl.accept(ServerSocketChannelImpl.java:422)
        at sun.nio.ch.ServerSocketChannelImpl.accept(ServerSocketChannelImpl.java:250)
        at org.eclipse.jetty.server.ServerConnector.accept(ServerConnector.java:397)
        at org.eclipse.jetty.server.AbstractConnector$Acceptor.run(AbstractConnector.java:601)
        at org.eclipse.jetty.util.thread.QueuedThreadPool.runJob(QueuedThreadPool.java:671)
        at org.eclipse.jetty.util.thread.QueuedThreadPool$2.run(QueuedThreadPool.java:589)
        at java.lang.Thread.run(Thread.java:748)
"KeyDeletingService#0" daemon prio=5 tid=1023 timed_waiting
java.lang.Thread.State: TIMED_WAITING
        at sun.misc.Unsafe.park(Native Method)
        at java.util.concurrent.locks.LockSupport.parkNanos(LockSupport.java:215)
        at java.util.concurrent.locks.AbstractQueuedSynchronizer$ConditionObject.awaitNanos(AbstractQueuedSynchronizer.java:2078)
        at java.util.concurrent.ScheduledThreadPoolExecutor$DelayedWorkQueue.take(ScheduledThreadPoolExecutor.java:1093)
        at java.util.concurrent.ScheduledThreadPoolExecutor$DelayedWorkQueue.take(ScheduledThreadPoolExecutor.java:809)
        at java.util.concurrent.ThreadPoolExecutor.getTask(ThreadPoolExecutor.java:1074)
        at java.util.concurrent.ThreadPoolExecutor.runWorker(ThreadPoolExecutor.java:1134)
        at java.util.concurrent.ThreadPoolExecutor$Worker.run(ThreadPoolExecutor.java:624)
        at java.lang.Thread.run(Thread.java:748)
"pool-258-thread-50"  prio=5 tid=1530 in Object.wait()
java.lang.Thread.State: WAITING (on object monitor)
        at sun.misc.Unsafe.park(Native Method)
        at java.util.concurrent.locks.LockSupport.park(LockSupport.java:175)
        at java.util.concurrent.locks.AbstractQueuedSynchronizer$ConditionObject.await(AbstractQueuedSynchronizer.java:2039)
        at java.util.concurrent.ArrayBlockingQueue.take(ArrayBlockingQueue.java:403)
        at java.util.concurrent.ThreadPoolExecutor.getTask(ThreadPoolExecutor.java:1074)
        at java.util.concurrent.ThreadPoolExecutor.runWorker(ThreadPoolExecutor.java:1134)
        at java.util.concurrent.ThreadPoolExecutor$Worker.run(ThreadPoolExecutor.java:624)
        at java.lang.Thread.run(Thread.java:748)
"pool-156-thread-1"  prio=5 tid=941 timed_waiting
java.lang.Thread.State: TIMED_WAITING
        at sun.misc.Unsafe.park(Native Method)
        at java.util.concurrent.locks.LockSupport.parkNanos(LockSupport.java:215)
        at java.util.concurrent.locks.AbstractQueuedSynchronizer$ConditionObject.awaitNanos(AbstractQueuedSynchronizer.java:2078)
        at java.util.concurrent.ScheduledThreadPoolExecutor$DelayedWorkQueue.take(ScheduledThreadPoolExecutor.java:1093)
        at java.util.concurrent.ScheduledThreadPoolExecutor$DelayedWorkQueue.take(ScheduledThreadPoolExecutor.java:809)
        at java.util.concurrent.ThreadPoolExecutor.getTask(ThreadPoolExecutor.java:1074)
        at java.util.concurrent.ThreadPoolExecutor.runWorker(ThreadPoolExecutor.java:1134)
        at java.util.concurrent.ThreadPoolExecutor$Worker.run(ThreadPoolExecutor.java:624)
        at java.lang.Thread.run(Thread.java:748)
"Datanode State Machine Thread - 0" daemon prio=5 tid=1171 timed_waiting
java.lang.Thread.State: TIMED_WAITING
        at java.lang.Thread.sleep(Native Method)
        at org.apache.hadoop.ozone.container.common.statemachine.DatanodeStateMachine.start(DatanodeStateMachine.java:191)
        at org.apache.hadoop.ozone.container.common.statemachine.DatanodeStateMachine.lambda$startDaemon$0(DatanodeStateMachine.java:349)
        at org.apache.hadoop.ozone.container.common.statemachine.DatanodeStateMachine$$Lambda$143/327170708.run(Unknown Source)
        at java.lang.Thread.run(Thread.java:748)
"pool-237-thread-24"  prio=5 tid=1444 in Object.wait()
java.lang.Thread.State: WAITING (on object monitor)
        at sun.misc.Unsafe.park(Native Method)
        at java.util.concurrent.locks.LockSupport.park(LockSupport.java:175)
        at java.util.concurrent.locks.AbstractQueuedSynchronizer$ConditionObject.await(AbstractQueuedSynchronizer.java:2039)
        at java.util.concurrent.ArrayBlockingQueue.take(ArrayBlockingQueue.java:403)
        at java.util.concurrent.ThreadPoolExecutor.getTask(ThreadPoolExecutor.java:1074)
        at java.util.concurrent.ThreadPoolExecutor.runWorker(ThreadPoolExecutor.java:1134)
        at java.util.concurrent.ThreadPoolExecutor$Worker.run(ThreadPoolExecutor.java:624)
        at java.lang.Thread.run(Thread.java:748)
"pool-174-thread-54"  prio=5 tid=1293 in Object.wait()
java.lang.Thread.State: WAITING (on object monitor)
        at sun.misc.Unsafe.park(Native Method)
        at java.util.concurrent.locks.LockSupport.park(LockSupport.java:175)
        at java.util.concurrent.locks.AbstractQueuedSynchronizer$ConditionObject.await(AbstractQueuedSynchronizer.java:2039)
        at java.util.concurrent.ArrayBlockingQueue.take(ArrayBlockingQueue.java:403)
        at java.util.concurrent.ThreadPoolExecutor.getTask(ThreadPoolExecutor.java:1074)
        at java.util.concurrent.ThreadPoolExecutor.runWorker(ThreadPoolExecutor.java:1134)
        at java.util.concurrent.ThreadPoolExecutor$Worker.run(ThreadPoolExecutor.java:624)
        at java.lang.Thread.run(Thread.java:748)
"qtp1920846948-1224" daemon prio=5 tid=1224 timed_waiting
java.lang.Thread.State: TIMED_WAITING
        at sun.misc.Unsafe.park(Native Method)
        at java.util.concurrent.locks.LockSupport.parkNanos(LockSupport.java:215)
        at java.util.concurrent.locks.AbstractQueuedSynchronizer$ConditionObject.awaitNanos(AbstractQueuedSynchronizer.java:2078)
        at org.eclipse.jetty.util.BlockingArrayQueue.poll(BlockingArrayQueue.java:392)
        at org.eclipse.jetty.util.thread.QueuedThreadPool.idleJobPoll(QueuedThreadPool.java:563)
        at org.eclipse.jetty.util.thread.QueuedThreadPool.access$800(QueuedThreadPool.java:48)
        at org.eclipse.jetty.util.thread.QueuedThreadPool$2.run(QueuedThreadPool.java:626)
        at java.lang.Thread.run(Thread.java:748)
"pool-258-thread-2"  prio=5 tid=1482 in Object.wait()
java.lang.Thread.State: WAITING (on object monitor)
        at sun.misc.Unsafe.park(Native Method)
        at java.util.concurrent.locks.LockSupport.park(LockSupport.java:175)
        at java.util.concurrent.locks.AbstractQueuedSynchronizer$ConditionObject.await(AbstractQueuedSynchronizer.java:2039)
        at java.util.concurrent.ArrayBlockingQueue.take(ArrayBlockingQueue.java:403)
        at java.util.concurrent.ThreadPoolExecutor.getTask(ThreadPoolExecutor.java:1074)
        at java.util.concurrent.ThreadPoolExecutor.runWorker(ThreadPoolExecutor.java:1134)
        at java.util.concurrent.ThreadPoolExecutor$Worker.run(ThreadPoolExecutor.java:624)
        at java.lang.Thread.run(Thread.java:748)
"pool-237-thread-28"  prio=5 tid=1448 in Object.wait()
java.lang.Thread.State: WAITING (on object monitor)
        at sun.misc.Unsafe.park(Native Method)
        at java.util.concurrent.locks.LockSupport.park(LockSupport.java:175)
        at java.util.concurrent.locks.AbstractQueuedSynchronizer$ConditionObject.await(AbstractQueuedSynchronizer.java:2039)
        at java.util.concurrent.ArrayBlockingQueue.take(ArrayBlockingQueue.java:403)
        at java.util.concurrent.ThreadPoolExecutor.getTask(ThreadPoolExecutor.java:1074)
        at java.util.concurrent.ThreadPoolExecutor.runWorker(ThreadPoolExecutor.java:1134)
        at java.util.concurrent.ThreadPoolExecutor$Worker.run(ThreadPoolExecutor.java:624)
        at java.lang.Thread.run(Thread.java:748)
"pool-258-thread-48"  prio=5 tid=1528 in Object.wait()
java.lang.Thread.State: WAITING (on object monitor)
        at sun.misc.Unsafe.park(Native Method)
        at java.util.concurrent.locks.LockSupport.park(LockSupport.java:175)
        at java.util.concurrent.locks.AbstractQueuedSynchronizer$ConditionObject.await(AbstractQueuedSynchronizer.java:2039)
        at java.util.concurrent.ArrayBlockingQueue.take(ArrayBlockingQueue.java:403)
        at java.util.concurrent.ThreadPoolExecutor.getTask(ThreadPoolExecutor.java:1074)
        at java.util.concurrent.ThreadPoolExecutor.runWorker(ThreadPoolExecutor.java:1134)
        at java.util.concurrent.ThreadPoolExecutor$Worker.run(ThreadPoolExecutor.java:624)
        at java.lang.Thread.run(Thread.java:748)
"pool-258-thread-17"  prio=5 tid=1497 in Object.wait()
java.lang.Thread.State: WAITING (on object monitor)
        at sun.misc.Unsafe.park(Native Method)
        at java.util.concurrent.locks.LockSupport.park(LockSupport.java:175)
        at java.util.concurrent.locks.AbstractQueuedSynchronizer$ConditionObject.await(AbstractQueuedSynchronizer.java:2039)
        at java.util.concurrent.ArrayBlockingQueue.take(ArrayBlockingQueue.java:403)
        at java.util.concurrent.ThreadPoolExecutor.getTask(ThreadPoolExecutor.java:1074)
        at java.util.concurrent.ThreadPoolExecutor.runWorker(ThreadPoolExecutor.java:1134)
        at java.util.concurrent.ThreadPoolExecutor$Worker.run(ThreadPoolExecutor.java:624)
        at java.lang.Thread.run(Thread.java:748)
"qtp302256620-1194" daemon prio=5 tid=1194 timed_waiting
java.lang.Thread.State: TIMED_WAITING
        at sun.misc.Unsafe.park(Native Method)
        at java.util.concurrent.locks.LockSupport.parkNanos(LockSupport.java:215)
        at java.util.concurrent.locks.AbstractQueuedSynchronizer$ConditionObject.awaitNanos(AbstractQueuedSynchronizer.java:2078)
        at org.eclipse.jetty.util.BlockingArrayQueue.poll(BlockingArrayQueue.java:392)
        at org.eclipse.jetty.util.thread.QueuedThreadPool.idleJobPoll(QueuedThreadPool.java:563)
        at org.eclipse.jetty.util.thread.QueuedThreadPool.access$800(QueuedThreadPool.java:48)
        at org.eclipse.jetty.util.thread.QueuedThreadPool$2.run(QueuedThreadPool.java:626)
        at java.lang.Thread.run(Thread.java:748)
"pool-216-thread-32"  prio=5 tid=1392 in Object.wait()
java.lang.Thread.State: WAITING (on object monitor)
        at sun.misc.Unsafe.park(Native Method)
        at java.util.concurrent.locks.LockSupport.park(LockSupport.java:175)
        at java.util.concurrent.locks.AbstractQueuedSynchronizer$ConditionObject.await(AbstractQueuedSynchronizer.java:2039)
        at java.util.concurrent.ArrayBlockingQueue.take(ArrayBlockingQueue.java:403)
        at java.util.concurrent.ThreadPoolExecutor.getTask(ThreadPoolExecutor.java:1074)
        at java.util.concurrent.ThreadPoolExecutor.runWorker(ThreadPoolExecutor.java:1134)
        at java.util.concurrent.ThreadPoolExecutor$Worker.run(ThreadPoolExecutor.java:624)
        at java.lang.Thread.run(Thread.java:748)
"Datanode ReportManager Thread - 3" daemon prio=5 tid=1085 in Object.wait()
java.lang.Thread.State: WAITING (on object monitor)
        at sun.misc.Unsafe.park(Native Method)
        at java.util.concurrent.locks.LockSupport.park(LockSupport.java:175)
        at java.util.concurrent.locks.AbstractQueuedSynchronizer$ConditionObject.await(AbstractQueuedSynchronizer.java:2039)
        at java.util.concurrent.ScheduledThreadPoolExecutor$DelayedWorkQueue.take(ScheduledThreadPoolExecutor.java:1088)
        at java.util.concurrent.ScheduledThreadPoolExecutor$DelayedWorkQueue.take(ScheduledThreadPoolExecutor.java:809)
        at java.util.concurrent.ThreadPoolExecutor.getTask(ThreadPoolExecutor.java:1074)
        at java.util.concurrent.ThreadPoolExecutor.runWorker(ThreadPoolExecutor.java:1134)
        at java.util.concurrent.ThreadPoolExecutor$Worker.run(ThreadPoolExecutor.java:624)
        at java.lang.Thread.run(Thread.java:748)
"IPC Server handler 15 on 36272" daemon prio=5 tid=999 timed_waiting
java.lang.Thread.State: TIMED_WAITING
        at sun.misc.Unsafe.park(Native Method)
        at java.util.concurrent.locks.LockSupport.parkNanos(LockSupport.java:215)
        at java.util.concurrent.locks.AbstractQueuedSynchronizer$ConditionObject.awaitNanos(AbstractQueuedSynchronizer.java:2078)
        at java.util.concurrent.LinkedBlockingQueue.poll(LinkedBlockingQueue.java:467)
        at org.apache.hadoop.ipc.CallQueueManager.take(CallQueueManager.java:288)
        at org.apache.hadoop.ipc.Server$Handler.run(Server.java:2668)
"IPC Server idle connection scanner for port 35612" daemon prio=5 tid=939 timed_waiting
java.lang.Thread.State: TIMED_WAITING
        at java.lang.Object.wait(Native Method)
        at java.util.TimerThread.mainLoop(Timer.java:552)
        at java.util.TimerThread.run(Timer.java:505)
"pool-216-thread-34"  prio=5 tid=1394 in Object.wait()
java.lang.Thread.State: WAITING (on object monitor)
        at sun.misc.Unsafe.park(Native Method)
        at java.util.concurrent.locks.LockSupport.park(LockSupport.java:175)
        at java.util.concurrent.locks.AbstractQueuedSynchronizer$ConditionObject.await(AbstractQueuedSynchronizer.java:2039)
        at java.util.concurrent.ArrayBlockingQueue.take(ArrayBlockingQueue.java:403)
        at java.util.concurrent.ThreadPoolExecutor.getTask(ThreadPoolExecutor.java:1074)
        at java.util.concurrent.ThreadPoolExecutor.runWorker(ThreadPoolExecutor.java:1134)
        at java.util.concurrent.ThreadPoolExecutor$Worker.run(ThreadPoolExecutor.java:624)
        at java.lang.Thread.run(Thread.java:748)
"Datanode State Machine Thread - 0" daemon prio=5 tid=1238 timed_waiting
java.lang.Thread.State: TIMED_WAITING
        at sun.misc.Unsafe.park(Native Method)
        at java.util.concurrent.locks.LockSupport.parkNanos(LockSupport.java:215)
        at java.util.concurrent.SynchronousQueue$TransferStack.awaitFulfill(SynchronousQueue.java:460)
        at java.util.concurrent.SynchronousQueue$TransferStack.transfer(SynchronousQueue.java:362)
        at java.util.concurrent.SynchronousQueue.poll(SynchronousQueue.java:941)
        at java.util.concurrent.ThreadPoolExecutor.getTask(ThreadPoolExecutor.java:1073)
        at java.util.concurrent.ThreadPoolExecutor.runWorker(ThreadPoolExecutor.java:1134)
        at java.util.concurrent.ThreadPoolExecutor$Worker.run(ThreadPoolExecutor.java:624)
        at java.lang.Thread.run(Thread.java:748)
"IPC Parameter Sending Thread #0" daemon prio=5 tid=105 timed_waiting
java.lang.Thread.State: TIMED_WAITING
        at sun.misc.Unsafe.park(Native Method)
        at java.util.concurrent.locks.LockSupport.parkNanos(LockSupport.java:215)
        at java.util.concurrent.SynchronousQueue$TransferStack.awaitFulfill(SynchronousQueue.java:460)
        at java.util.concurrent.SynchronousQueue$TransferStack.transfer(SynchronousQueue.java:362)
        at java.util.concurrent.SynchronousQueue.poll(SynchronousQueue.java:941)
        at java.util.concurrent.ThreadPoolExecutor.getTask(ThreadPoolExecutor.java:1073)
        at java.util.concurrent.ThreadPoolExecutor.runWorker(ThreadPoolExecutor.java:1134)
        at java.util.concurrent.ThreadPoolExecutor$Worker.run(ThreadPoolExecutor.java:624)
        at java.lang.Thread.run(Thread.java:748)
"pool-216-thread-17"  prio=5 tid=1377 in Object.wait()
java.lang.Thread.State: WAITING (on object monitor)
        at sun.misc.Unsafe.park(Native Method)
        at java.util.concurrent.locks.LockSupport.park(LockSupport.java:175)
        at java.util.concurrent.locks.AbstractQueuedSynchronizer$ConditionObject.await(AbstractQueuedSynchronizer.java:2039)
        at java.util.concurrent.ArrayBlockingQueue.take(ArrayBlockingQueue.java:403)
        at java.util.concurrent.ThreadPoolExecutor.getTask(ThreadPoolExecutor.java:1074)
        at java.util.concurrent.ThreadPoolExecutor.runWorker(ThreadPoolExecutor.java:1134)
        at java.util.concurrent.ThreadPoolExecutor$Worker.run(ThreadPoolExecutor.java:624)
        at java.lang.Thread.run(Thread.java:748)
"BlockDeletingService#1" daemon prio=5 tid=1097 timed_waiting
java.lang.Thread.State: TIMED_WAITING
        at sun.misc.Unsafe.park(Native Method)
        at java.util.concurrent.locks.LockSupport.parkNanos(LockSupport.java:215)
        at java.util.concurrent.locks.AbstractQueuedSynchronizer$ConditionObject.awaitNanos(AbstractQueuedSynchronizer.java:2078)
        at java.util.concurrent.ScheduledThreadPoolExecutor$DelayedWorkQueue.take(ScheduledThreadPoolExecutor.java:1093)
        at java.util.concurrent.ScheduledThreadPoolExecutor$DelayedWorkQueue.take(ScheduledThreadPoolExecutor.java:809)
        at java.util.concurrent.ThreadPoolExecutor.getTask(ThreadPoolExecutor.java:1074)
        at java.util.concurrent.ThreadPoolExecutor.runWorker(ThreadPoolExecutor.java:1134)
        at java.util.concurrent.ThreadPoolExecutor$Worker.run(ThreadPoolExecutor.java:624)
        at java.lang.Thread.run(Thread.java:748)
"pool-195-thread-39"  prio=5 tid=1339 in Object.wait()
java.lang.Thread.State: WAITING (on object monitor)
        at sun.misc.Unsafe.park(Native Method)
        at java.util.concurrent.locks.LockSupport.park(LockSupport.java:175)
        at java.util.concurrent.locks.AbstractQueuedSynchronizer$ConditionObject.await(AbstractQueuedSynchronizer.java:2039)
        at java.util.concurrent.ArrayBlockingQueue.take(ArrayBlockingQueue.java:403)
        at java.util.concurrent.ThreadPoolExecutor.getTask(ThreadPoolExecutor.java:1074)
        at java.util.concurrent.ThreadPoolExecutor.runWorker(ThreadPoolExecutor.java:1134)
        at java.util.concurrent.ThreadPoolExecutor$Worker.run(ThreadPoolExecutor.java:624)
        at java.lang.Thread.run(Thread.java:748)
"BlockDeletingService#2" daemon prio=5 tid=1842 in Object.wait()
java.lang.Thread.State: WAITING (on object monitor)
        at sun.misc.Unsafe.park(Native Method)
        at java.util.concurrent.locks.LockSupport.park(LockSupport.java:175)
        at java.util.concurrent.locks.AbstractQueuedSynchronizer$ConditionObject.await(AbstractQueuedSynchronizer.java:2039)
        at java.util.concurrent.ScheduledThreadPoolExecutor$DelayedWorkQueue.take(ScheduledThreadPoolExecutor.java:1088)
        at java.util.concurrent.ScheduledThreadPoolExecutor$DelayedWorkQueue.take(ScheduledThreadPoolExecutor.java:809)
        at java.util.concurrent.ThreadPoolExecutor.getTask(ThreadPoolExecutor.java:1074)
        at java.util.concurrent.ThreadPoolExecutor.runWorker(ThreadPoolExecutor.java:1134)
        at java.util.concurrent.ThreadPoolExecutor$Worker.run(ThreadPoolExecutor.java:624)
        at java.lang.Thread.run(Thread.java:748)
"pool-237-thread-7"  prio=5 tid=1427 in Object.wait()
java.lang.Thread.State: WAITING (on object monitor)
        at sun.misc.Unsafe.park(Native Method)
        at java.util.concurrent.locks.LockSupport.park(LockSupport.java:175)
        at java.util.concurrent.locks.AbstractQueuedSynchronizer$ConditionObject.await(AbstractQueuedSynchronizer.java:2039)
        at java.util.concurrent.ArrayBlockingQueue.take(ArrayBlockingQueue.java:403)
        at java.util.concurrent.ThreadPoolExecutor.getTask(ThreadPoolExecutor.java:1074)
        at java.util.concurrent.ThreadPoolExecutor.runWorker(ThreadPoolExecutor.java:1134)
        at java.util.concurrent.ThreadPoolExecutor$Worker.run(ThreadPoolExecutor.java:624)
        at java.lang.Thread.run(Thread.java:748)
"pool-195-thread-35"  prio=5 tid=1335 in Object.wait()
java.lang.Thread.State: WAITING (on object monitor)
        at sun.misc.Unsafe.park(Native Method)
        at java.util.concurrent.locks.LockSupport.park(LockSupport.java:175)
        at java.util.concurrent.locks.AbstractQueuedSynchronizer$ConditionObject.await(AbstractQueuedSynchronizer.java:2039)
        at java.util.concurrent.ArrayBlockingQueue.take(ArrayBlockingQueue.java:403)
        at java.util.concurrent.ThreadPoolExecutor.getTask(ThreadPoolExecutor.java:1074)
        at java.util.concurrent.ThreadPoolExecutor.runWorker(ThreadPoolExecutor.java:1134)
        at java.util.concurrent.ThreadPoolExecutor$Worker.run(ThreadPoolExecutor.java:624)
        at java.lang.Thread.run(Thread.java:748)
"pool-195-thread-31"  prio=5 tid=1331 in Object.wait()
java.lang.Thread.State: WAITING (on object monitor)
        at sun.misc.Unsafe.park(Native Method)
        at java.util.concurrent.locks.LockSupport.park(LockSupport.java:175)
        at java.util.concurrent.locks.AbstractQueuedSynchronizer$ConditionObject.await(AbstractQueuedSynchronizer.java:2039)
        at java.util.concurrent.ArrayBlockingQueue.take(ArrayBlockingQueue.java:403)
        at java.util.concurrent.ThreadPoolExecutor.getTask(ThreadPoolExecutor.java:1074)
        at java.util.concurrent.ThreadPoolExecutor.runWorker(ThreadPoolExecutor.java:1134)
        at java.util.concurrent.ThreadPoolExecutor$Worker.run(ThreadPoolExecutor.java:624)
        at java.lang.Thread.run(Thread.java:748)
"pool-195-thread-13"  prio=5 tid=1313 in Object.wait()
java.lang.Thread.State: WAITING (on object monitor)
        at sun.misc.Unsafe.park(Native Method)
        at java.util.concurrent.locks.LockSupport.park(LockSupport.java:175)
        at java.util.concurrent.locks.AbstractQueuedSynchronizer$ConditionObject.await(AbstractQueuedSynchronizer.java:2039)
        at java.util.concurrent.ArrayBlockingQueue.take(ArrayBlockingQueue.java:403)
        at java.util.concurrent.ThreadPoolExecutor.getTask(ThreadPoolExecutor.java:1074)
        at java.util.concurrent.ThreadPoolExecutor.runWorker(ThreadPoolExecutor.java:1134)
        at java.util.concurrent.ThreadPoolExecutor$Worker.run(ThreadPoolExecutor.java:624)
        at java.lang.Thread.run(Thread.java:748)
"fbcfeba4-c65e-402f-8e8d-7e30531dec82-SegmentedRaftLogWorker:Storage Directory /tmp/workdir/hadoop-ozone/integration-test/target/test-dir/MiniOzoneClusterImpl-d6a8514b-9f5a-4ec7-be91-cc3589120d34/datanode-0/data/ratis/bd30e820-b256-4f1b-aa3b-c2f7898b6f77"  prio=5 tid=1611 timed_waiting
java.lang.Thread.State: TIMED_WAITING
        at sun.misc.Unsafe.park(Native Method)
        at java.util.concurrent.locks.LockSupport.parkNanos(LockSupport.java:215)
        at java.util.concurrent.locks.AbstractQueuedSynchronizer$ConditionObject.awaitNanos(AbstractQueuedSynchronizer.java:2078)
        at org.apache.ratis.util.DataBlockingQueue.poll(DataBlockingQueue.java:137)
        at org.apache.ratis.server.raftlog.segmented.SegmentedRaftLogWorker.run(SegmentedRaftLogWorker.java:283)
        at java.lang.Thread.run(Thread.java:748)
"pool-237-thread-43"  prio=5 tid=1463 in Object.wait()
java.lang.Thread.State: WAITING (on object monitor)
        at sun.misc.Unsafe.park(Native Method)
        at java.util.concurrent.locks.LockSupport.park(LockSupport.java:175)
        at java.util.concurrent.locks.AbstractQueuedSynchronizer$ConditionObject.await(AbstractQueuedSynchronizer.java:2039)
        at java.util.concurrent.ArrayBlockingQueue.take(ArrayBlockingQueue.java:403)
        at java.util.concurrent.ThreadPoolExecutor.getTask(ThreadPoolExecutor.java:1074)
        at java.util.concurrent.ThreadPoolExecutor.runWorker(ThreadPoolExecutor.java:1134)
        at java.util.concurrent.ThreadPoolExecutor$Worker.run(ThreadPoolExecutor.java:624)
        at java.lang.Thread.run(Thread.java:748)
"pool-216-thread-28"  prio=5 tid=1388 in Object.wait()
java.lang.Thread.State: WAITING (on object monitor)
        at sun.misc.Unsafe.park(Native Method)
        at java.util.concurrent.locks.LockSupport.park(LockSupport.java:175)
        at java.util.concurrent.locks.AbstractQueuedSynchronizer$ConditionObject.await(AbstractQueuedSynchronizer.java:2039)
        at java.util.concurrent.ArrayBlockingQueue.take(ArrayBlockingQueue.java:403)
        at java.util.concurrent.ThreadPoolExecutor.getTask(ThreadPoolExecutor.java:1074)
        at java.util.concurrent.ThreadPoolExecutor.runWorker(ThreadPoolExecutor.java:1134)
        at java.util.concurrent.ThreadPoolExecutor$Worker.run(ThreadPoolExecutor.java:624)
        at java.lang.Thread.run(Thread.java:748)
"pool-279-thread-36"  prio=5 tid=1576 in Object.wait()
java.lang.Thread.State: WAITING (on object monitor)
        at sun.misc.Unsafe.park(Native Method)
        at java.util.concurrent.locks.LockSupport.park(LockSupport.java:175)
        at java.util.concurrent.locks.AbstractQueuedSynchronizer$ConditionObject.await(AbstractQueuedSynchronizer.java:2039)
        at java.util.concurrent.ArrayBlockingQueue.take(ArrayBlockingQueue.java:403)
        at java.util.concurrent.ThreadPoolExecutor.getTask(ThreadPoolExecutor.java:1074)
        at java.util.concurrent.ThreadPoolExecutor.runWorker(ThreadPoolExecutor.java:1134)
        at java.util.concurrent.ThreadPoolExecutor$Worker.run(ThreadPoolExecutor.java:624)
        at java.lang.Thread.run(Thread.java:748)
"StateMachineUpdater:fbcfeba4-c65e-402f-8e8d-7e30531dec82:group-C2F7898B6F77" daemon prio=5 tid=1612 in Object.wait()
java.lang.Thread.State: WAITING (on object monitor)
        at java.lang.Object.wait(Native Method)
        at java.lang.Object.wait(Object.java:502)
        at org.apache.ratis.server.impl.StateMachineUpdater.waitForCommit(StateMachineUpdater.java:180)
        at org.apache.ratis.server.impl.StateMachineUpdater.run(StateMachineUpdater.java:138)
        at java.lang.Thread.run(Thread.java:748)
"pool-237-thread-13"  prio=5 tid=1433 in Object.wait()
java.lang.Thread.State: WAITING (on object monitor)
        at sun.misc.Unsafe.park(Native Method)
        at java.util.concurrent.locks.LockSupport.park(LockSupport.java:175)
        at java.util.concurrent.locks.AbstractQueuedSynchronizer$ConditionObject.await(AbstractQueuedSynchronizer.java:2039)
        at java.util.concurrent.ArrayBlockingQueue.take(ArrayBlockingQueue.java:403)
        at java.util.concurrent.ThreadPoolExecutor.getTask(ThreadPoolExecutor.java:1074)
        at java.util.concurrent.ThreadPoolExecutor.runWorker(ThreadPoolExecutor.java:1134)
        at java.util.concurrent.ThreadPoolExecutor$Worker.run(ThreadPoolExecutor.java:624)
        at java.lang.Thread.run(Thread.java:748)
"pool-279-thread-20"  prio=5 tid=1560 in Object.wait()
java.lang.Thread.State: WAITING (on object monitor)
        at sun.misc.Unsafe.park(Native Method)
        at java.util.concurrent.locks.LockSupport.park(LockSupport.java:175)
        at java.util.concurrent.locks.AbstractQueuedSynchronizer$ConditionObject.await(AbstractQueuedSynchronizer.java:2039)
        at java.util.concurrent.ArrayBlockingQueue.take(ArrayBlockingQueue.java:403)
        at java.util.concurrent.ThreadPoolExecutor.getTask(ThreadPoolExecutor.java:1074)
        at java.util.concurrent.ThreadPoolExecutor.runWorker(ThreadPoolExecutor.java:1134)
        at java.util.concurrent.ThreadPoolExecutor$Worker.run(ThreadPoolExecutor.java:624)
        at java.lang.Thread.run(Thread.java:748)
"BlockDeletingService#0" daemon prio=5 tid=1096 in Object.wait()
java.lang.Thread.State: WAITING (on object monitor)
        at sun.misc.Unsafe.park(Native Method)
        at java.util.concurrent.locks.LockSupport.park(LockSupport.java:175)
        at java.util.concurrent.locks.AbstractQueuedSynchronizer$ConditionObject.await(AbstractQueuedSynchronizer.java:2039)
        at java.util.concurrent.ScheduledThreadPoolExecutor$DelayedWorkQueue.take(ScheduledThreadPoolExecutor.java:1088)
        at java.util.concurrent.ScheduledThreadPoolExecutor$DelayedWorkQueue.take(ScheduledThreadPoolExecutor.java:809)
        at java.util.concurrent.ThreadPoolExecutor.getTask(ThreadPoolExecutor.java:1074)
        at java.util.concurrent.ThreadPoolExecutor.runWorker(ThreadPoolExecutor.java:1134)
        at java.util.concurrent.ThreadPoolExecutor$Worker.run(ThreadPoolExecutor.java:624)
        at java.lang.Thread.run(Thread.java:748)
"StateMachineUpdater:482e7165-fe12-46cd-a701-6952c6a65481:group-D12DA0922E45" daemon prio=5 tid=1636 in Object.wait()
java.lang.Thread.State: WAITING (on object monitor)
        at java.lang.Object.wait(Native Method)
        at java.lang.Object.wait(Object.java:502)
        at org.apache.ratis.server.impl.StateMachineUpdater.waitForCommit(StateMachineUpdater.java:180)
        at org.apache.ratis.server.impl.StateMachineUpdater.run(StateMachineUpdater.java:138)
        at java.lang.Thread.run(Thread.java:748)
"pool-235-thread-1" daemon prio=5 tid=1154 timed_waiting
java.lang.Thread.State: TIMED_WAITING
        at sun.misc.Unsafe.park(Native Method)
        at java.util.concurrent.locks.LockSupport.parkNanos(LockSupport.java:215)
        at java.util.concurrent.locks.AbstractQueuedSynchronizer$ConditionObject.awaitNanos(AbstractQueuedSynchronizer.java:2078)
        at java.util.concurrent.ScheduledThreadPoolExecutor$DelayedWorkQueue.take(ScheduledThreadPoolExecutor.java:1093)
        at java.util.concurrent.ScheduledThreadPoolExecutor$DelayedWorkQueue.take(ScheduledThreadPoolExecutor.java:809)
        at java.util.concurrent.ThreadPoolExecutor.getTask(ThreadPoolExecutor.java:1074)
        at java.util.concurrent.ThreadPoolExecutor.runWorker(ThreadPoolExecutor.java:1134)
        at java.util.concurrent.ThreadPoolExecutor$Worker.run(ThreadPoolExecutor.java:624)
        at java.lang.Thread.run(Thread.java:748)
"Timer-2"  prio=5 tid=1025 timed_waiting
java.lang.Thread.State: TIMED_WAITING
        at java.lang.Object.wait(Native Method)
        at java.util.TimerThread.mainLoop(Timer.java:552)
        at java.util.TimerThread.run(Timer.java:505)
"IPC Server handler 9 on 36272" daemon prio=5 tid=993 timed_waiting
java.lang.Thread.State: TIMED_WAITING
        at sun.misc.Unsafe.park(Native Method)
        at java.util.concurrent.locks.LockSupport.parkNanos(LockSupport.java:215)
        at java.util.concurrent.locks.AbstractQueuedSynchronizer$ConditionObject.awaitNanos(AbstractQueuedSynchronizer.java:2078)
        at java.util.concurrent.LinkedBlockingQueue.poll(LinkedBlockingQueue.java:467)
        at org.apache.hadoop.ipc.CallQueueManager.take(CallQueueManager.java:288)
        at org.apache.hadoop.ipc.Server$Handler.run(Server.java:2668)
"org.apache.ratis.server.impl.LogAppender$AppenderDaemon$$Lambda$519/1176991522@2b5bd2df" daemon prio=5 tid=1723 timed_waiting
java.lang.Thread.State: TIMED_WAITING
        at java.lang.Object.wait(Native Method)
        at org.apache.ratis.grpc.server.GrpcLogAppender.mayWait(GrpcLogAppender.java:141)
        at org.apache.ratis.grpc.server.GrpcLogAppender.runAppenderImpl(GrpcLogAppender.java:95)
        at org.apache.ratis.server.impl.LogAppender$AppenderDaemon.run(LogAppender.java:80)
        at org.apache.ratis.server.impl.LogAppender$AppenderDaemon$$Lambda$519/1176991522.run(Unknown Source)
        at java.lang.Thread.run(Thread.java:748)
"IPC Server handler 16 on 36272" daemon prio=5 tid=1000 timed_waiting
java.lang.Thread.State: TIMED_WAITING
        at sun.misc.Unsafe.park(Native Method)
        at java.util.concurrent.locks.LockSupport.parkNanos(LockSupport.java:215)
        at java.util.concurrent.locks.AbstractQueuedSynchronizer$ConditionObject.awaitNanos(AbstractQueuedSynchronizer.java:2078)
        at java.util.concurrent.LinkedBlockingQueue.poll(LinkedBlockingQueue.java:467)
        at org.apache.hadoop.ipc.CallQueueManager.take(CallQueueManager.java:288)
        at org.apache.hadoop.ipc.Server$Handler.run(Server.java:2668)
"grpc-default-boss-ELG-4-1" daemon prio=5 tid=1300 runnable
java.lang.Thread.State: RUNNABLE
        at sun.nio.ch.EPollArrayWrapper.epollWait(Native Method)
        at sun.nio.ch.EPollArrayWrapper.poll(EPollArrayWrapper.java:269)
        at sun.nio.ch.EPollSelectorImpl.doSelect(EPollSelectorImpl.java:93)
        at sun.nio.ch.SelectorImpl.lockAndDoSelect(SelectorImpl.java:86)
        at sun.nio.ch.SelectorImpl.select(SelectorImpl.java:97)
        at org.apache.ratis.thirdparty.io.netty.channel.nio.SelectedSelectionKeySetSelector.select(SelectedSelectionKeySetSelector.java:62)
        at org.apache.ratis.thirdparty.io.netty.channel.nio.NioEventLoop.select(NioEventLoop.java:753)
        at org.apache.ratis.thirdparty.io.netty.channel.nio.NioEventLoop.run(NioEventLoop.java:408)
        at org.apache.ratis.thirdparty.io.netty.util.concurrent.SingleThreadEventExecutor$5.run(SingleThreadEventExecutor.java:897)
        at org.apache.ratis.thirdparty.io.netty.util.concurrent.FastThreadLocalRunnable.run(FastThreadLocalRunnable.java:30)
        at java.lang.Thread.run(Thread.java:748)
"nioEventLoopGroup-22-1"  prio=10 tid=1200 runnable
java.lang.Thread.State: RUNNABLE
        at sun.nio.ch.EPollArrayWrapper.epollWait(Native Method)
        at sun.nio.ch.EPollArrayWrapper.poll(EPollArrayWrapper.java:269)
        at sun.nio.ch.EPollSelectorImpl.doSelect(EPollSelectorImpl.java:93)
        at sun.nio.ch.SelectorImpl.lockAndDoSelect(SelectorImpl.java:86)
        at sun.nio.ch.SelectorImpl.select(SelectorImpl.java:97)
        at io.netty.channel.nio.SelectedSelectionKeySetSelector.select(SelectedSelectionKeySetSelector.java:62)
        at io.netty.channel.nio.NioEventLoop.select(NioEventLoop.java:753)
        at io.netty.channel.nio.NioEventLoop.run(NioEventLoop.java:408)
        at io.netty.util.concurrent.SingleThreadEventExecutor$5.run(SingleThreadEventExecutor.java:897)
        at io.netty.util.concurrent.FastThreadLocalRunnable.run(FastThreadLocalRunnable.java:30)
        at java.lang.Thread.run(Thread.java:748)
"StateMachineUpdater:4dd65c2c-d780-47ac-bbfa-d53e8644b05a:group-A81B324C06B5" daemon prio=5 tid=1618 in Object.wait()
java.lang.Thread.State: WAITING (on object monitor)
        at java.lang.Object.wait(Native Method)
        at java.lang.Object.wait(Object.java:502)
        at org.apache.ratis.server.impl.StateMachineUpdater.waitForCommit(StateMachineUpdater.java:180)
        at org.apache.ratis.server.impl.StateMachineUpdater.run(StateMachineUpdater.java:138)
        at java.lang.Thread.run(Thread.java:748)
"grpc-default-worker-ELG-3-3" daemon prio=5 tid=704 runnable
java.lang.Thread.State: RUNNABLE
        at sun.nio.ch.EPollArrayWrapper.epollWait(Native Method)
        at sun.nio.ch.EPollArrayWrapper.poll(EPollArrayWrapper.java:269)
        at sun.nio.ch.EPollSelectorImpl.doSelect(EPollSelectorImpl.java:93)
        at sun.nio.ch.SelectorImpl.lockAndDoSelect(SelectorImpl.java:86)
        at sun.nio.ch.SelectorImpl.select(SelectorImpl.java:97)
        at org.apache.ratis.thirdparty.io.netty.channel.nio.SelectedSelectionKeySetSelector.select(SelectedSelectionKeySetSelector.java:62)
        at org.apache.ratis.thirdparty.io.netty.channel.nio.NioEventLoop.select(NioEventLoop.java:753)
        at org.apache.ratis.thirdparty.io.netty.channel.nio.NioEventLoop.run(NioEventLoop.java:408)
        at org.apache.ratis.thirdparty.io.netty.util.concurrent.SingleThreadEventExecutor$5.run(SingleThreadEventExecutor.java:897)
        at org.apache.ratis.thirdparty.io.netty.util.concurrent.FastThreadLocalRunnable.run(FastThreadLocalRunnable.java:30)
        at java.lang.Thread.run(Thread.java:748)
"pool-195-thread-8"  prio=5 tid=1308 in Object.wait()
java.lang.Thread.State: WAITING (on object monitor)
        at sun.misc.Unsafe.park(Native Method)
        at java.util.concurrent.locks.LockSupport.park(LockSupport.java:175)
        at java.util.concurrent.locks.AbstractQueuedSynchronizer$ConditionObject.await(AbstractQueuedSynchronizer.java:2039)
        at java.util.concurrent.ArrayBlockingQueue.take(ArrayBlockingQueue.java:403)
        at java.util.concurrent.ThreadPoolExecutor.getTask(ThreadPoolExecutor.java:1074)
        at java.util.concurrent.ThreadPoolExecutor.runWorker(ThreadPoolExecutor.java:1134)
        at java.util.concurrent.ThreadPoolExecutor$Worker.run(ThreadPoolExecutor.java:624)
        at java.lang.Thread.run(Thread.java:748)
"EventQueue-NodeRegistrationContainerReportForContainerSafeModeRule" daemon prio=5 tid=1604 in Object.wait()
java.lang.Thread.State: WAITING (on object monitor)
        at sun.misc.Unsafe.park(Native Method)
        at java.util.concurrent.locks.LockSupport.park(LockSupport.java:175)
        at java.util.concurrent.locks.AbstractQueuedSynchronizer$ConditionObject.await(AbstractQueuedSynchronizer.java:2039)
        at java.util.concurrent.LinkedBlockingQueue.take(LinkedBlockingQueue.java:442)
        at java.util.concurrent.ThreadPoolExecutor.getTask(ThreadPoolExecutor.java:1074)
        at java.util.concurrent.ThreadPoolExecutor.runWorker(ThreadPoolExecutor.java:1134)
        at java.util.concurrent.ThreadPoolExecutor$Worker.run(ThreadPoolExecutor.java:624)
        at java.lang.Thread.run(Thread.java:748)
"pool-258-thread-26"  prio=5 tid=1506 in Object.wait()
java.lang.Thread.State: WAITING (on object monitor)
        at sun.misc.Unsafe.park(Native Method)
        at java.util.concurrent.locks.LockSupport.park(LockSupport.java:175)
        at java.util.concurrent.locks.AbstractQueuedSynchronizer$ConditionObject.await(AbstractQueuedSynchronizer.java:2039)
        at java.util.concurrent.ArrayBlockingQueue.take(ArrayBlockingQueue.java:403)
        at java.util.concurrent.ThreadPoolExecutor.getTask(ThreadPoolExecutor.java:1074)
        at java.util.concurrent.ThreadPoolExecutor.runWorker(ThreadPoolExecutor.java:1134)
        at java.util.concurrent.ThreadPoolExecutor$Worker.run(ThreadPoolExecutor.java:624)
        at java.lang.Thread.run(Thread.java:748)
"org.eclipse.jetty.server.session.HashSessionManager@4a453f8dTimer" daemon prio=5 tid=1229 timed_waiting
java.lang.Thread.State: TIMED_WAITING
        at sun.misc.Unsafe.park(Native Method)
        at java.util.concurrent.locks.LockSupport.parkNanos(LockSupport.java:215)
        at java.util.concurrent.locks.AbstractQueuedSynchronizer$ConditionObject.awaitNanos(AbstractQueuedSynchronizer.java:2078)
        at java.util.concurrent.ScheduledThreadPoolExecutor$DelayedWorkQueue.take(ScheduledThreadPoolExecutor.java:1093)
        at java.util.concurrent.ScheduledThreadPoolExecutor$DelayedWorkQueue.take(ScheduledThreadPoolExecutor.java:809)
        at java.util.concurrent.ThreadPoolExecutor.getTask(ThreadPoolExecutor.java:1074)
        at java.util.concurrent.ThreadPoolExecutor.runWorker(ThreadPoolExecutor.java:1134)
        at java.util.concurrent.ThreadPoolExecutor$Worker.run(ThreadPoolExecutor.java:624)
        at java.lang.Thread.run(Thread.java:748)
"StateMachineUpdater:48c40916-4df4-43f1-8da9-aa837bc1a9b2:group-2CAFED4AB0A3" daemon prio=5 tid=1661 in Object.wait()
java.lang.Thread.State: WAITING (on object monitor)
        at java.lang.Object.wait(Native Method)
        at java.lang.Object.wait(Object.java:502)
        at org.apache.ratis.server.impl.StateMachineUpdater.waitForCommit(StateMachineUpdater.java:180)
        at org.apache.ratis.server.impl.StateMachineUpdater.run(StateMachineUpdater.java:138)
        at java.lang.Thread.run(Thread.java:748)
"org.apache.hadoop.util.JvmPauseMonitor$Monitor@4f24e4f8" daemon prio=5 tid=1147 timed_waiting
java.lang.Thread.State: TIMED_WAITING
        at java.lang.Thread.sleep(Native Method)
        at org.apache.hadoop.util.JvmPauseMonitor$Monitor.run(JvmPauseMonitor.java:192)
        at java.lang.Thread.run(Thread.java:748)
"pool-237-thread-20"  prio=5 tid=1440 in Object.wait()
java.lang.Thread.State: WAITING (on object monitor)
        at sun.misc.Unsafe.park(Native Method)
        at java.util.concurrent.locks.LockSupport.park(LockSupport.java:175)
        at java.util.concurrent.locks.AbstractQueuedSynchronizer$ConditionObject.await(AbstractQueuedSynchronizer.java:2039)
        at java.util.concurrent.ArrayBlockingQueue.take(ArrayBlockingQueue.java:403)
        at java.util.concurrent.ThreadPoolExecutor.getTask(ThreadPoolExecutor.java:1074)
        at java.util.concurrent.ThreadPoolExecutor.runWorker(ThreadPoolExecutor.java:1134)
        at java.util.concurrent.ThreadPoolExecutor$Worker.run(ThreadPoolExecutor.java:624)
        at java.lang.Thread.run(Thread.java:748)
"BlockDeletingService#2" daemon prio=5 tid=1836 in Object.wait()
java.lang.Thread.State: WAITING (on object monitor)
        at sun.misc.Unsafe.park(Native Method)
        at java.util.concurrent.locks.LockSupport.park(LockSupport.java:175)
        at java.util.concurrent.locks.AbstractQueuedSynchronizer$ConditionObject.await(AbstractQueuedSynchronizer.java:2039)
        at java.util.concurrent.ScheduledThreadPoolExecutor$DelayedWorkQueue.take(ScheduledThreadPoolExecutor.java:1088)
        at java.util.concurrent.ScheduledThreadPoolExecutor$DelayedWorkQueue.take(ScheduledThreadPoolExecutor.java:809)
        at java.util.concurrent.ThreadPoolExecutor.getTask(ThreadPoolExecutor.java:1074)
        at java.util.concurrent.ThreadPoolExecutor.runWorker(ThreadPoolExecutor.java:1134)
        at java.util.concurrent.ThreadPoolExecutor$Worker.run(ThreadPoolExecutor.java:624)
        at java.lang.Thread.run(Thread.java:748)
"pool-216-thread-27"  prio=5 tid=1387 in Object.wait()
java.lang.Thread.State: WAITING (on object monitor)
        at sun.misc.Unsafe.park(Native Method)
        at java.util.concurrent.locks.LockSupport.park(LockSupport.java:175)
        at java.util.concurrent.locks.AbstractQueuedSynchronizer$ConditionObject.await(AbstractQueuedSynchronizer.java:2039)
        at java.util.concurrent.ArrayBlockingQueue.take(ArrayBlockingQueue.java:403)
        at java.util.concurrent.ThreadPoolExecutor.getTask(ThreadPoolExecutor.java:1074)
        at java.util.concurrent.ThreadPoolExecutor.runWorker(ThreadPoolExecutor.java:1134)
        at java.util.concurrent.ThreadPoolExecutor$Worker.run(ThreadPoolExecutor.java:624)
        at java.lang.Thread.run(Thread.java:748)
"pool-195-thread-9"  prio=5 tid=1309 in Object.wait()
java.lang.Thread.State: WAITING (on object monitor)
        at sun.misc.Unsafe.park(Native Method)
        at java.util.concurrent.locks.LockSupport.park(LockSupport.java:175)
        at java.util.concurrent.locks.AbstractQueuedSynchronizer$ConditionObject.await(AbstractQueuedSynchronizer.java:2039)
        at java.util.concurrent.ArrayBlockingQueue.take(ArrayBlockingQueue.java:403)
        at java.util.concurrent.ThreadPoolExecutor.getTask(ThreadPoolExecutor.java:1074)
        at java.util.concurrent.ThreadPoolExecutor.runWorker(ThreadPoolExecutor.java:1134)
        at java.util.concurrent.ThreadPoolExecutor$Worker.run(ThreadPoolExecutor.java:624)
        at java.lang.Thread.run(Thread.java:748)
"pool-237-thread-49"  prio=5 tid=1469 in Object.wait()
java.lang.Thread.State: WAITING (on object monitor)
        at sun.misc.Unsafe.park(Native Method)
        at java.util.concurrent.locks.LockSupport.park(LockSupport.java:175)
        at java.util.concurrent.locks.AbstractQueuedSynchronizer$ConditionObject.await(AbstractQueuedSynchronizer.java:2039)
        at java.util.concurrent.ArrayBlockingQueue.take(ArrayBlockingQueue.java:403)
        at java.util.concurrent.ThreadPoolExecutor.getTask(ThreadPoolExecutor.java:1074)
        at java.util.concurrent.ThreadPoolExecutor.runWorker(ThreadPoolExecutor.java:1134)
        at java.util.concurrent.ThreadPoolExecutor$Worker.run(ThreadPoolExecutor.java:624)
        at java.lang.Thread.run(Thread.java:748)
"qtp649827042-1071" daemon prio=5 tid=1071 timed_waiting
java.lang.Thread.State: TIMED_WAITING
        at sun.misc.Unsafe.park(Native Method)
        at java.util.concurrent.locks.LockSupport.parkNanos(LockSupport.java:215)
        at java.util.concurrent.locks.AbstractQueuedSynchronizer$ConditionObject.awaitNanos(AbstractQueuedSynchronizer.java:2078)
        at org.eclipse.jetty.util.BlockingArrayQueue.poll(BlockingArrayQueue.java:392)
        at org.eclipse.jetty.util.thread.QueuedThreadPool.idleJobPoll(QueuedThreadPool.java:563)
        at org.eclipse.jetty.util.thread.QueuedThreadPool.access$800(QueuedThreadPool.java:48)
        at org.eclipse.jetty.util.thread.QueuedThreadPool$2.run(QueuedThreadPool.java:626)
        at java.lang.Thread.run(Thread.java:748)
"IPC Server handler 17 on 42412" daemon prio=5 tid=981 timed_waiting
java.lang.Thread.State: TIMED_WAITING
        at sun.misc.Unsafe.park(Native Method)
        at java.util.concurrent.locks.LockSupport.parkNanos(LockSupport.java:215)
        at java.util.concurrent.locks.AbstractQueuedSynchronizer$ConditionObject.awaitNanos(AbstractQueuedSynchronizer.java:2078)
        at java.util.concurrent.LinkedBlockingQueue.poll(LinkedBlockingQueue.java:467)
        at org.apache.hadoop.ipc.CallQueueManager.take(CallQueueManager.java:288)
        at org.apache.hadoop.ipc.Server$Handler.run(Server.java:2668)
"SCM Heartbeat Processing Thread - 0" daemon prio=5 tid=927 timed_waiting
java.lang.Thread.State: TIMED_WAITING
        at sun.misc.Unsafe.park(Native Method)
        at java.util.concurrent.locks.LockSupport.parkNanos(LockSupport.java:215)
        at java.util.concurrent.locks.AbstractQueuedSynchronizer$ConditionObject.awaitNanos(AbstractQueuedSynchronizer.java:2078)
        at java.util.concurrent.ScheduledThreadPoolExecutor$DelayedWorkQueue.take(ScheduledThreadPoolExecutor.java:1093)
        at java.util.concurrent.ScheduledThreadPoolExecutor$DelayedWorkQueue.take(ScheduledThreadPoolExecutor.java:809)
        at java.util.concurrent.ThreadPoolExecutor.getTask(ThreadPoolExecutor.java:1074)
        at java.util.concurrent.ThreadPoolExecutor.runWorker(ThreadPoolExecutor.java:1134)
        at java.util.concurrent.ThreadPoolExecutor$Worker.run(ThreadPoolExecutor.java:624)
        at java.lang.Thread.run(Thread.java:748)
"pool-237-thread-55"  prio=5 tid=1475 in Object.wait()
java.lang.Thread.State: WAITING (on object monitor)
        at sun.misc.Unsafe.park(Native Method)
        at java.util.concurrent.locks.LockSupport.park(LockSupport.java:175)
        at java.util.concurrent.locks.AbstractQueuedSynchronizer$ConditionObject.await(AbstractQueuedSynchronizer.java:2039)
        at java.util.concurrent.ArrayBlockingQueue.take(ArrayBlockingQueue.java:403)
        at java.util.concurrent.ThreadPoolExecutor.getTask(ThreadPoolExecutor.java:1074)
        at java.util.concurrent.ThreadPoolExecutor.runWorker(ThreadPoolExecutor.java:1134)
        at java.util.concurrent.ThreadPoolExecutor$Worker.run(ThreadPoolExecutor.java:624)
        at java.lang.Thread.run(Thread.java:748)
"nioEventLoopGroup-10-1"  prio=10 tid=291 runnable
java.lang.Thread.State: RUNNABLE
        at sun.nio.ch.EPollArrayWrapper.epollWait(Native Method)
        at sun.nio.ch.EPollArrayWrapper.poll(EPollArrayWrapper.java:269)
        at sun.nio.ch.EPollSelectorImpl.doSelect(EPollSelectorImpl.java:93)
        at sun.nio.ch.SelectorImpl.lockAndDoSelect(SelectorImpl.java:86)
        at sun.nio.ch.SelectorImpl.select(SelectorImpl.java:97)
        at io.netty.channel.nio.SelectedSelectionKeySetSelector.select(SelectedSelectionKeySetSelector.java:62)
        at io.netty.channel.nio.NioEventLoop.select(NioEventLoop.java:753)
        at io.netty.channel.nio.NioEventLoop.run(NioEventLoop.java:408)
        at io.netty.util.concurrent.SingleThreadEventExecutor$5.run(SingleThreadEventExecutor.java:897)
        at io.netty.util.concurrent.FastThreadLocalRunnable.run(FastThreadLocalRunnable.java:30)
        at java.lang.Thread.run(Thread.java:748)
"Datanode ReportManager Thread - 2" daemon prio=5 tid=1084 timed_waiting
java.lang.Thread.State: TIMED_WAITING
        at sun.misc.Unsafe.park(Native Method)
        at java.util.concurrent.locks.LockSupport.parkNanos(LockSupport.java:215)
        at java.util.concurrent.locks.AbstractQueuedSynchronizer$ConditionObject.awaitNanos(AbstractQueuedSynchronizer.java:2078)
        at java.util.concurrent.ScheduledThreadPoolExecutor$DelayedWorkQueue.take(ScheduledThreadPoolExecutor.java:1093)
        at java.util.concurrent.ScheduledThreadPoolExecutor$DelayedWorkQueue.take(ScheduledThreadPoolExecutor.java:809)
        at java.util.concurrent.ThreadPoolExecutor.getTask(ThreadPoolExecutor.java:1074)
        at java.util.concurrent.ThreadPoolExecutor.runWorker(ThreadPoolExecutor.java:1134)
        at java.util.concurrent.ThreadPoolExecutor$Worker.run(ThreadPoolExecutor.java:624)
        at java.lang.Thread.run(Thread.java:748)
"pool-174-thread-32"  prio=5 tid=1271 in Object.wait()
java.lang.Thread.State: WAITING (on object monitor)
        at sun.misc.Unsafe.park(Native Method)
        at java.util.concurrent.locks.LockSupport.park(LockSupport.java:175)
        at java.util.concurrent.locks.AbstractQueuedSynchronizer$ConditionObject.await(AbstractQueuedSynchronizer.java:2039)
        at java.util.concurrent.ArrayBlockingQueue.take(ArrayBlockingQueue.java:403)
        at java.util.concurrent.ThreadPoolExecutor.getTask(ThreadPoolExecutor.java:1074)
        at java.util.concurrent.ThreadPoolExecutor.runWorker(ThreadPoolExecutor.java:1134)
        at java.util.concurrent.ThreadPoolExecutor$Worker.run(ThreadPoolExecutor.java:624)
        at java.lang.Thread.run(Thread.java:748)
"IPC Server handler 9 on 42412" daemon prio=5 tid=973 timed_waiting
java.lang.Thread.State: TIMED_WAITING
        at sun.misc.Unsafe.park(Native Method)
        at java.util.concurrent.locks.LockSupport.parkNanos(LockSupport.java:215)
        at java.util.concurrent.locks.AbstractQueuedSynchronizer$ConditionObject.awaitNanos(AbstractQueuedSynchronizer.java:2078)
        at java.util.concurrent.LinkedBlockingQueue.poll(LinkedBlockingQueue.java:467)
        at org.apache.hadoop.ipc.CallQueueManager.take(CallQueueManager.java:288)
        at org.apache.hadoop.ipc.Server$Handler.run(Server.java:2668)
"nioEventLoopGroup-20-1"  prio=10 tid=1170 runnable
java.lang.Thread.State: RUNNABLE
        at sun.nio.ch.EPollArrayWrapper.epollWait(Native Method)
        at sun.nio.ch.EPollArrayWrapper.poll(EPollArrayWrapper.java:269)
        at sun.nio.ch.EPollSelectorImpl.doSelect(EPollSelectorImpl.java:93)
        at sun.nio.ch.SelectorImpl.lockAndDoSelect(SelectorImpl.java:86)
        at sun.nio.ch.SelectorImpl.select(SelectorImpl.java:97)
        at io.netty.channel.nio.SelectedSelectionKeySetSelector.select(SelectedSelectionKeySetSelector.java:62)
        at io.netty.channel.nio.NioEventLoop.select(NioEventLoop.java:753)
        at io.netty.channel.nio.NioEventLoop.run(NioEventLoop.java:408)
        at io.netty.util.concurrent.SingleThreadEventExecutor$5.run(SingleThreadEventExecutor.java:897)
        at io.netty.util.concurrent.FastThreadLocalRunnable.run(FastThreadLocalRunnable.java:30)
        at java.lang.Thread.run(Thread.java:748)
"pool-279-thread-13"  prio=5 tid=1553 in Object.wait()
java.lang.Thread.State: WAITING (on object monitor)
        at sun.misc.Unsafe.park(Native Method)
        at java.util.concurrent.locks.LockSupport.park(LockSupport.java:175)
        at java.util.concurrent.locks.AbstractQueuedSynchronizer$ConditionObject.await(AbstractQueuedSynchronizer.java:2039)
        at java.util.concurrent.ArrayBlockingQueue.take(ArrayBlockingQueue.java:403)
        at java.util.concurrent.ThreadPoolExecutor.getTask(ThreadPoolExecutor.java:1074)
        at java.util.concurrent.ThreadPoolExecutor.runWorker(ThreadPoolExecutor.java:1134)
        at java.util.concurrent.ThreadPoolExecutor$Worker.run(ThreadPoolExecutor.java:624)
        at java.lang.Thread.run(Thread.java:748)
"Thread-690" daemon prio=5 tid=1695 timed_waiting
java.lang.Thread.State: TIMED_WAITING
        at java.lang.Thread.sleep(Native Method)
        at org.apache.ratis.util.JavaUtils.sleep(JavaUtils.java:247)
        at org.apache.ratis.server.impl.FollowerState.run(FollowerState.java:96)
"pool-258-thread-21"  prio=5 tid=1501 in Object.wait()
java.lang.Thread.State: WAITING (on object monitor)
        at sun.misc.Unsafe.park(Native Method)
        at java.util.concurrent.locks.LockSupport.park(LockSupport.java:175)
        at java.util.concurrent.locks.AbstractQueuedSynchronizer$ConditionObject.await(AbstractQueuedSynchronizer.java:2039)
        at java.util.concurrent.ArrayBlockingQueue.take(ArrayBlockingQueue.java:403)
        at java.util.concurrent.ThreadPoolExecutor.getTask(ThreadPoolExecutor.java:1074)
        at java.util.concurrent.ThreadPoolExecutor.runWorker(ThreadPoolExecutor.java:1134)
        at java.util.concurrent.ThreadPoolExecutor$Worker.run(ThreadPoolExecutor.java:624)
        at java.lang.Thread.run(Thread.java:748)
"pool-279-thread-54"  prio=5 tid=1594 in Object.wait()
java.lang.Thread.State: WAITING (on object monitor)
        at sun.misc.Unsafe.park(Native Method)
        at java.util.concurrent.locks.LockSupport.park(LockSupport.java:175)
        at java.util.concurrent.locks.AbstractQueuedSynchronizer$ConditionObject.await(AbstractQueuedSynchronizer.java:2039)
        at java.util.concurrent.ArrayBlockingQueue.take(ArrayBlockingQueue.java:403)
        at java.util.concurrent.ThreadPoolExecutor.getTask(ThreadPoolExecutor.java:1074)
        at java.util.concurrent.ThreadPoolExecutor.runWorker(ThreadPoolExecutor.java:1134)
        at java.util.concurrent.ThreadPoolExecutor$Worker.run(ThreadPoolExecutor.java:624)
        at java.lang.Thread.run(Thread.java:748)
"pool-279-thread-33"  prio=5 tid=1573 in Object.wait()
java.lang.Thread.State: WAITING (on object monitor)
        at sun.misc.Unsafe.park(Native Method)
        at java.util.concurrent.locks.LockSupport.park(LockSupport.java:175)
        at java.util.concurrent.locks.AbstractQueuedSynchronizer$ConditionObject.await(AbstractQueuedSynchronizer.java:2039)
        at java.util.concurrent.ArrayBlockingQueue.take(ArrayBlockingQueue.java:403)
        at java.util.concurrent.ThreadPoolExecutor.getTask(ThreadPoolExecutor.java:1074)
        at java.util.concurrent.ThreadPoolExecutor.runWorker(ThreadPoolExecutor.java:1134)
        at java.util.concurrent.ThreadPoolExecutor$Worker.run(ThreadPoolExecutor.java:624)
        at java.lang.Thread.run(Thread.java:748)
"pool-174-thread-2"  prio=5 tid=1241 in Object.wait()
java.lang.Thread.State: WAITING (on object monitor)
        at sun.misc.Unsafe.park(Native Method)
        at java.util.concurrent.locks.LockSupport.park(LockSupport.java:175)
        at java.util.concurrent.locks.AbstractQueuedSynchronizer$ConditionObject.await(AbstractQueuedSynchronizer.java:2039)
        at java.util.concurrent.ArrayBlockingQueue.take(ArrayBlockingQueue.java:403)
        at java.util.concurrent.ThreadPoolExecutor.getTask(ThreadPoolExecutor.java:1074)
        at java.util.concurrent.ThreadPoolExecutor.runWorker(ThreadPoolExecutor.java:1134)
        at java.util.concurrent.ThreadPoolExecutor$Worker.run(ThreadPoolExecutor.java:624)
        at java.lang.Thread.run(Thread.java:748)
"java.util.concurrent.ThreadPoolExecutor$Worker@3ea13742[State = -1, empty queue]" daemon prio=5 tid=1698 timed_waiting
java.lang.Thread.State: TIMED_WAITING
        at sun.misc.Unsafe.park(Native Method)
        at java.util.concurrent.locks.LockSupport.parkNanos(LockSupport.java:215)
        at java.util.concurrent.locks.AbstractQueuedSynchronizer$ConditionObject.awaitNanos(AbstractQueuedSynchronizer.java:2078)
        at java.util.concurrent.ScheduledThreadPoolExecutor$DelayedWorkQueue.take(ScheduledThreadPoolExecutor.java:1093)
        at java.util.concurrent.ScheduledThreadPoolExecutor$DelayedWorkQueue.take(ScheduledThreadPoolExecutor.java:809)
        at java.util.concurrent.ThreadPoolExecutor.getTask(ThreadPoolExecutor.java:1074)
        at java.util.concurrent.ThreadPoolExecutor.runWorker(ThreadPoolExecutor.java:1134)
        at java.util.concurrent.ThreadPoolExecutor$Worker.run(ThreadPoolExecutor.java:624)
        at java.lang.Thread.run(Thread.java:748)
"pool-174-thread-6"  prio=5 tid=1245 in Object.wait()
java.lang.Thread.State: WAITING (on object monitor)
        at sun.misc.Unsafe.park(Native Method)
        at java.util.concurrent.locks.LockSupport.park(LockSupport.java:175)
        at java.util.concurrent.locks.AbstractQueuedSynchronizer$ConditionObject.await(AbstractQueuedSynchronizer.java:2039)
        at java.util.concurrent.ArrayBlockingQueue.take(ArrayBlockingQueue.java:403)
        at java.util.concurrent.ThreadPoolExecutor.getTask(ThreadPoolExecutor.java:1074)
        at java.util.concurrent.ThreadPoolExecutor.runWorker(ThreadPoolExecutor.java:1134)
        at java.util.concurrent.ThreadPoolExecutor$Worker.run(ThreadPoolExecutor.java:624)
        at java.lang.Thread.run(Thread.java:748)
"IPC Server handler 0 on 36272" daemon prio=5 tid=984 timed_waiting
java.lang.Thread.State: TIMED_WAITING
        at sun.misc.Unsafe.park(Native Method)
        at java.util.concurrent.locks.LockSupport.parkNanos(LockSupport.java:215)
        at java.util.concurrent.locks.AbstractQueuedSynchronizer$ConditionObject.awaitNanos(AbstractQueuedSynchronizer.java:2078)
        at java.util.concurrent.LinkedBlockingQueue.poll(LinkedBlockingQueue.java:467)
        at org.apache.hadoop.ipc.CallQueueManager.take(CallQueueManager.java:288)
        at org.apache.hadoop.ipc.Server$Handler.run(Server.java:2668)
"pool-174-thread-5"  prio=5 tid=1244 in Object.wait()
java.lang.Thread.State: WAITING (on object monitor)
        at sun.misc.Unsafe.park(Native Method)
        at java.util.concurrent.locks.LockSupport.park(LockSupport.java:175)
        at java.util.concurrent.locks.AbstractQueuedSynchronizer$ConditionObject.await(AbstractQueuedSynchronizer.java:2039)
        at java.util.concurrent.ArrayBlockingQueue.take(ArrayBlockingQueue.java:403)
        at java.util.concurrent.ThreadPoolExecutor.getTask(ThreadPoolExecutor.java:1074)
        at java.util.concurrent.ThreadPoolExecutor.runWorker(ThreadPoolExecutor.java:1134)
        at java.util.concurrent.ThreadPoolExecutor$Worker.run(ThreadPoolExecutor.java:624)
        at java.lang.Thread.run(Thread.java:748)
"pool-216-thread-1"  prio=5 tid=1361 in Object.wait()
java.lang.Thread.State: WAITING (on object monitor)
        at sun.misc.Unsafe.park(Native Method)
        at java.util.concurrent.locks.LockSupport.park(LockSupport.java:175)
        at java.util.concurrent.locks.AbstractQueuedSynchronizer$ConditionObject.await(AbstractQueuedSynchronizer.java:2039)
        at java.util.concurrent.ArrayBlockingQueue.take(ArrayBlockingQueue.java:403)
        at java.util.concurrent.ThreadPoolExecutor.getTask(ThreadPoolExecutor.java:1074)
        at java.util.concurrent.ThreadPoolExecutor.runWorker(ThreadPoolExecutor.java:1134)
        at java.util.concurrent.ThreadPoolExecutor$Worker.run(ThreadPoolExecutor.java:624)
        at java.lang.Thread.run(Thread.java:748)
"pool-174-thread-35"  prio=5 tid=1274 in Object.wait()
java.lang.Thread.State: WAITING (on object monitor)
        at sun.misc.Unsafe.park(Native Method)
        at java.util.concurrent.locks.LockSupport.park(LockSupport.java:175)
        at java.util.concurrent.locks.AbstractQueuedSynchronizer$ConditionObject.await(AbstractQueuedSynchronizer.java:2039)
        at java.util.concurrent.ArrayBlockingQueue.take(ArrayBlockingQueue.java:403)
        at java.util.concurrent.ThreadPoolExecutor.getTask(ThreadPoolExecutor.java:1074)
        at java.util.concurrent.ThreadPoolExecutor.runWorker(ThreadPoolExecutor.java:1134)
        at java.util.concurrent.ThreadPoolExecutor$Worker.run(ThreadPoolExecutor.java:624)
        at java.lang.Thread.run(Thread.java:748)
"pool-237-thread-57"  prio=5 tid=1477 in Object.wait()
java.lang.Thread.State: WAITING (on object monitor)
        at sun.misc.Unsafe.park(Native Method)
        at java.util.concurrent.locks.LockSupport.park(LockSupport.java:175)
        at java.util.concurrent.locks.AbstractQueuedSynchronizer$ConditionObject.await(AbstractQueuedSynchronizer.java:2039)
        at java.util.concurrent.ArrayBlockingQueue.take(ArrayBlockingQueue.java:403)
        at java.util.concurrent.ThreadPoolExecutor.getTask(ThreadPoolExecutor.java:1074)
        at java.util.concurrent.ThreadPoolExecutor.runWorker(ThreadPoolExecutor.java:1134)
        at java.util.concurrent.ThreadPoolExecutor$Worker.run(ThreadPoolExecutor.java:624)
        at java.lang.Thread.run(Thread.java:748)
"IPC Server handler 6 on 36683" daemon prio=5 tid=1032 timed_waiting
java.lang.Thread.State: TIMED_WAITING
        at sun.misc.Unsafe.park(Native Method)
        at java.util.concurrent.locks.LockSupport.parkNanos(LockSupport.java:215)
        at java.util.concurrent.locks.AbstractQueuedSynchronizer$ConditionObject.awaitNanos(AbstractQueuedSynchronizer.java:2078)
        at java.util.concurrent.LinkedBlockingQueue.poll(LinkedBlockingQueue.java:467)
        at org.apache.hadoop.ipc.CallQueueManager.take(CallQueueManager.java:288)
        at org.apache.hadoop.ipc.Server$Handler.run(Server.java:2668)
"jaeger.RemoteReporter-FlushTimer" daemon prio=5 tid=147 timed_waiting
java.lang.Thread.State: TIMED_WAITING
        at java.lang.Object.wait(Native Method)
        at java.util.TimerThread.mainLoop(Timer.java:552)
        at java.util.TimerThread.run(Timer.java:505)
"Thread-699" daemon prio=5 tid=1704 timed_waiting
java.lang.Thread.State: TIMED_WAITING
        at sun.misc.Unsafe.park(Native Method)
        at java.util.concurrent.locks.LockSupport.parkNanos(LockSupport.java:215)
        at java.util.concurrent.locks.AbstractQueuedSynchronizer$ConditionObject.awaitNanos(AbstractQueuedSynchronizer.java:2078)
        at java.util.concurrent.ArrayBlockingQueue.poll(ArrayBlockingQueue.java:418)
        at org.apache.ratis.server.impl.LeaderState$EventQueue.poll(LeaderState.java:114)
        at org.apache.ratis.server.impl.LeaderState$EventProcessor.run(LeaderState.java:451)
"org.eclipse.jetty.server.session.HashSessionManager@32d0d7ebTimer" daemon prio=5 tid=1169 timed_waiting
java.lang.Thread.State: TIMED_WAITING
        at sun.misc.Unsafe.park(Native Method)
        at java.util.concurrent.locks.LockSupport.parkNanos(LockSupport.java:215)
        at java.util.concurrent.locks.AbstractQueuedSynchronizer$ConditionObject.awaitNanos(AbstractQueuedSynchronizer.java:2078)
        at java.util.concurrent.ScheduledThreadPoolExecutor$DelayedWorkQueue.take(ScheduledThreadPoolExecutor.java:1093)
        at java.util.concurrent.ScheduledThreadPoolExecutor$DelayedWorkQueue.take(ScheduledThreadPoolExecutor.java:809)
        at java.util.concurrent.ThreadPoolExecutor.getTask(ThreadPoolExecutor.java:1074)
        at java.util.concurrent.ThreadPoolExecutor.runWorker(ThreadPoolExecutor.java:1134)
        at java.util.concurrent.ThreadPoolExecutor$Worker.run(ThreadPoolExecutor.java:624)
        at java.lang.Thread.run(Thread.java:748)
"IPC Server handler 2 on 42412" daemon prio=5 tid=966 timed_waiting
java.lang.Thread.State: TIMED_WAITING
        at sun.misc.Unsafe.park(Native Method)
        at java.util.concurrent.locks.LockSupport.parkNanos(LockSupport.java:215)
        at java.util.concurrent.locks.AbstractQueuedSynchronizer$ConditionObject.awaitNanos(AbstractQueuedSynchronizer.java:2078)
        at java.util.concurrent.LinkedBlockingQueue.poll(LinkedBlockingQueue.java:467)
        at org.apache.hadoop.ipc.CallQueueManager.take(CallQueueManager.java:288)
        at org.apache.hadoop.ipc.Server$Handler.run(Server.java:2668)
"qtp1920846948-1223" daemon prio=5 tid=1223 timed_waiting
java.lang.Thread.State: TIMED_WAITING
        at sun.misc.Unsafe.park(Native Method)
        at java.util.concurrent.locks.LockSupport.parkNanos(LockSupport.java:215)
        at java.util.concurrent.locks.AbstractQueuedSynchronizer$ConditionObject.awaitNanos(AbstractQueuedSynchronizer.java:2078)
        at org.eclipse.jetty.util.BlockingArrayQueue.poll(BlockingArrayQueue.java:392)
        at org.eclipse.jetty.util.thread.QueuedThreadPool.idleJobPoll(QueuedThreadPool.java:563)
        at org.eclipse.jetty.util.thread.QueuedThreadPool.access$800(QueuedThreadPool.java:48)
        at org.eclipse.jetty.util.thread.QueuedThreadPool$2.run(QueuedThreadPool.java:626)
        at java.lang.Thread.run(Thread.java:748)
"org.eclipse.jetty.server.session.HashSessionManager@1de30c31Timer" daemon prio=5 tid=1197 timed_waiting
java.lang.Thread.State: TIMED_WAITING
        at sun.misc.Unsafe.park(Native Method)
        at java.util.concurrent.locks.LockSupport.parkNanos(LockSupport.java:215)
        at java.util.concurrent.locks.AbstractQueuedSynchronizer$ConditionObject.awaitNanos(AbstractQueuedSynchronizer.java:2078)
        at java.util.concurrent.ScheduledThreadPoolExecutor$DelayedWorkQueue.take(ScheduledThreadPoolExecutor.java:1093)
        at java.util.concurrent.ScheduledThreadPoolExecutor$DelayedWorkQueue.take(ScheduledThreadPoolExecutor.java:809)
        at java.util.concurrent.ThreadPoolExecutor.getTask(ThreadPoolExecutor.java:1074)
        at java.util.concurrent.ThreadPoolExecutor.runWorker(ThreadPoolExecutor.java:1134)
        at java.util.concurrent.ThreadPoolExecutor$Worker.run(ThreadPoolExecutor.java:624)
        at java.lang.Thread.run(Thread.java:748)
"pool-195-thread-34"  prio=5 tid=1334 in Object.wait()
java.lang.Thread.State: WAITING (on object monitor)
        at sun.misc.Unsafe.park(Native Method)
        at java.util.concurrent.locks.LockSupport.park(LockSupport.java:175)
        at java.util.concurrent.locks.AbstractQueuedSynchronizer$ConditionObject.await(AbstractQueuedSynchronizer.java:2039)
        at java.util.concurrent.ArrayBlockingQueue.take(ArrayBlockingQueue.java:403)
        at java.util.concurrent.ThreadPoolExecutor.getTask(ThreadPoolExecutor.java:1074)
        at java.util.concurrent.ThreadPoolExecutor.runWorker(ThreadPoolExecutor.java:1134)
        at java.util.concurrent.ThreadPoolExecutor$Worker.run(ThreadPoolExecutor.java:624)
        at java.lang.Thread.run(Thread.java:748)
"pool-195-thread-29"  prio=5 tid=1329 in Object.wait()
java.lang.Thread.State: WAITING (on object monitor)
        at sun.misc.Unsafe.park(Native Method)
        at java.util.concurrent.locks.LockSupport.park(LockSupport.java:175)
        at java.util.concurrent.locks.AbstractQueuedSynchronizer$ConditionObject.await(AbstractQueuedSynchronizer.java:2039)
        at java.util.concurrent.ArrayBlockingQueue.take(ArrayBlockingQueue.java:403)
        at java.util.concurrent.ThreadPoolExecutor.getTask(ThreadPoolExecutor.java:1074)
        at java.util.concurrent.ThreadPoolExecutor.runWorker(ThreadPoolExecutor.java:1134)
        at java.util.concurrent.ThreadPoolExecutor$Worker.run(ThreadPoolExecutor.java:624)
        at java.lang.Thread.run(Thread.java:748)
"pool-216-thread-40"  prio=5 tid=1400 in Object.wait()
java.lang.Thread.State: WAITING (on object monitor)
        at sun.misc.Unsafe.park(Native Method)
        at java.util.concurrent.locks.LockSupport.park(LockSupport.java:175)
        at java.util.concurrent.locks.AbstractQueuedSynchronizer$ConditionObject.await(AbstractQueuedSynchronizer.java:2039)
        at java.util.concurrent.ArrayBlockingQueue.take(ArrayBlockingQueue.java:403)
        at java.util.concurrent.ThreadPoolExecutor.getTask(ThreadPoolExecutor.java:1074)
        at java.util.concurrent.ThreadPoolExecutor.runWorker(ThreadPoolExecutor.java:1134)
        at java.util.concurrent.ThreadPoolExecutor$Worker.run(ThreadPoolExecutor.java:624)
        at java.lang.Thread.run(Thread.java:748)
"pool-195-thread-50"  prio=5 tid=1350 in Object.wait()
java.lang.Thread.State: WAITING (on object monitor)
        at sun.misc.Unsafe.park(Native Method)
        at java.util.concurrent.locks.LockSupport.park(LockSupport.java:175)
        at java.util.concurrent.locks.AbstractQueuedSynchronizer$ConditionObject.await(AbstractQueuedSynchronizer.java:2039)
        at java.util.concurrent.ArrayBlockingQueue.take(ArrayBlockingQueue.java:403)
        at java.util.concurrent.ThreadPoolExecutor.getTask(ThreadPoolExecutor.java:1074)
        at java.util.concurrent.ThreadPoolExecutor.runWorker(ThreadPoolExecutor.java:1134)
        at java.util.concurrent.ThreadPoolExecutor$Worker.run(ThreadPoolExecutor.java:624)
        at java.lang.Thread.run(Thread.java:748)
"Datanode ReportManager Thread - 2" daemon prio=5 tid=1234 timed_waiting
java.lang.Thread.State: TIMED_WAITING
        at sun.misc.Unsafe.park(Native Method)
        at java.util.concurrent.locks.LockSupport.parkNanos(LockSupport.java:215)
        at java.util.concurrent.locks.AbstractQueuedSynchronizer$ConditionObject.awaitNanos(AbstractQueuedSynchronizer.java:2078)
        at java.util.concurrent.ScheduledThreadPoolExecutor$DelayedWorkQueue.take(ScheduledThreadPoolExecutor.java:1093)
        at java.util.concurrent.ScheduledThreadPoolExecutor$DelayedWorkQueue.take(ScheduledThreadPoolExecutor.java:809)
        at java.util.concurrent.ThreadPoolExecutor.getTask(ThreadPoolExecutor.java:1074)
        at java.util.concurrent.ThreadPoolExecutor.runWorker(ThreadPoolExecutor.java:1134)
        at java.util.concurrent.ThreadPoolExecutor$Worker.run(ThreadPoolExecutor.java:624)
        at java.lang.Thread.run(Thread.java:748)
"pool-279-thread-8"  prio=5 tid=1548 in Object.wait()
java.lang.Thread.State: WAITING (on object monitor)
        at sun.misc.Unsafe.park(Native Method)
        at java.util.concurrent.locks.LockSupport.park(LockSupport.java:175)
        at java.util.concurrent.locks.AbstractQueuedSynchronizer$ConditionObject.await(AbstractQueuedSynchronizer.java:2039)
        at java.util.concurrent.ArrayBlockingQueue.take(ArrayBlockingQueue.java:403)
        at java.util.concurrent.ThreadPoolExecutor.getTask(ThreadPoolExecutor.java:1074)
        at java.util.concurrent.ThreadPoolExecutor.runWorker(ThreadPoolExecutor.java:1134)
        at java.util.concurrent.ThreadPoolExecutor$Worker.run(ThreadPoolExecutor.java:624)
        at java.lang.Thread.run(Thread.java:748)
"pool-174-thread-19"  prio=5 tid=1258 in Object.wait()
java.lang.Thread.State: WAITING (on object monitor)
        at sun.misc.Unsafe.park(Native Method)
        at java.util.concurrent.locks.LockSupport.park(LockSupport.java:175)
        at java.util.concurrent.locks.AbstractQueuedSynchronizer$ConditionObject.await(AbstractQueuedSynchronizer.java:2039)
        at java.util.concurrent.ArrayBlockingQueue.take(ArrayBlockingQueue.java:403)
        at java.util.concurrent.ThreadPoolExecutor.getTask(ThreadPoolExecutor.java:1074)
        at java.util.concurrent.ThreadPoolExecutor.runWorker(ThreadPoolExecutor.java:1134)
        at java.util.concurrent.ThreadPoolExecutor$Worker.run(ThreadPoolExecutor.java:624)
        at java.lang.Thread.run(Thread.java:748)
"pool-237-thread-54"  prio=5 tid=1474 in Object.wait()
java.lang.Thread.State: WAITING (on object monitor)
        at sun.misc.Unsafe.park(Native Method)
        at java.util.concurrent.locks.LockSupport.park(LockSupport.java:175)
        at java.util.concurrent.locks.AbstractQueuedSynchronizer$ConditionObject.await(AbstractQueuedSynchronizer.java:2039)
        at java.util.concurrent.ArrayBlockingQueue.take(ArrayBlockingQueue.java:403)
        at java.util.concurrent.ThreadPoolExecutor.getTask(ThreadPoolExecutor.java:1074)
        at java.util.concurrent.ThreadPoolExecutor.runWorker(ThreadPoolExecutor.java:1134)
        at java.util.concurrent.ThreadPoolExecutor$Worker.run(ThreadPoolExecutor.java:624)
        at java.lang.Thread.run(Thread.java:748)
"qtp302256620-1195" daemon prio=5 tid=1195 timed_waiting
java.lang.Thread.State: TIMED_WAITING
        at sun.misc.Unsafe.park(Native Method)
        at java.util.concurrent.locks.LockSupport.parkNanos(LockSupport.java:215)
        at java.util.concurrent.locks.AbstractQueuedSynchronizer$ConditionObject.awaitNanos(AbstractQueuedSynchronizer.java:2078)
        at org.eclipse.jetty.util.BlockingArrayQueue.poll(BlockingArrayQueue.java:392)
        at org.eclipse.jetty.util.thread.QueuedThreadPool.idleJobPoll(QueuedThreadPool.java:563)
        at org.eclipse.jetty.util.thread.QueuedThreadPool.access$800(QueuedThreadPool.java:48)
        at org.eclipse.jetty.util.thread.QueuedThreadPool$2.run(QueuedThreadPool.java:626)
        at java.lang.Thread.run(Thread.java:748)
"BlockDeletingService#1" daemon prio=5 tid=1157 timed_waiting
java.lang.Thread.State: TIMED_WAITING
        at sun.misc.Unsafe.park(Native Method)
        at java.util.concurrent.locks.LockSupport.parkNanos(LockSupport.java:215)
        at java.util.concurrent.locks.AbstractQueuedSynchronizer$ConditionObject.awaitNanos(AbstractQueuedSynchronizer.java:2078)
        at java.util.concurrent.ScheduledThreadPoolExecutor$DelayedWorkQueue.take(ScheduledThreadPoolExecutor.java:1093)
        at java.util.concurrent.ScheduledThreadPoolExecutor$DelayedWorkQueue.take(ScheduledThreadPoolExecutor.java:809)
        at java.util.concurrent.ThreadPoolExecutor.getTask(ThreadPoolExecutor.java:1074)
        at java.util.concurrent.ThreadPoolExecutor.runWorker(ThreadPoolExecutor.java:1134)
        at java.util.concurrent.ThreadPoolExecutor$Worker.run(ThreadPoolExecutor.java:624)
        at java.lang.Thread.run(Thread.java:748)
"IPC Server handler 14 on 35612" daemon prio=5 tid=958 timed_waiting
java.lang.Thread.State: TIMED_WAITING
        at sun.misc.Unsafe.park(Native Method)
        at java.util.concurrent.locks.LockSupport.parkNanos(LockSupport.java:215)
        at java.util.concurrent.locks.AbstractQueuedSynchronizer$ConditionObject.awaitNanos(AbstractQueuedSynchronizer.java:2078)
        at java.util.concurrent.LinkedBlockingQueue.poll(LinkedBlockingQueue.java:467)
        at org.apache.hadoop.ipc.CallQueueManager.take(CallQueueManager.java:288)
        at org.apache.hadoop.ipc.Server$Handler.run(Server.java:2668)
"pool-216-thread-20"  prio=5 tid=1380 in Object.wait()
java.lang.Thread.State: WAITING (on object monitor)
        at sun.misc.Unsafe.park(Native Method)
        at java.util.concurrent.locks.LockSupport.park(LockSupport.java:175)
        at java.util.concurrent.locks.AbstractQueuedSynchronizer$ConditionObject.await(AbstractQueuedSynchronizer.java:2039)
        at java.util.concurrent.ArrayBlockingQueue.take(ArrayBlockingQueue.java:403)
        at java.util.concurrent.ThreadPoolExecutor.getTask(ThreadPoolExecutor.java:1074)
        at java.util.concurrent.ThreadPoolExecutor.runWorker(ThreadPoolExecutor.java:1134)
        at java.util.concurrent.ThreadPoolExecutor$Worker.run(ThreadPoolExecutor.java:624)
        at java.lang.Thread.run(Thread.java:748)
"pool-195-thread-10"  prio=5 tid=1310 in Object.wait()
java.lang.Thread.State: WAITING (on object monitor)
        at sun.misc.Unsafe.park(Native Method)
        at java.util.concurrent.locks.LockSupport.park(LockSupport.java:175)
        at java.util.concurrent.locks.AbstractQueuedSynchronizer$ConditionObject.await(AbstractQueuedSynchronizer.java:2039)
        at java.util.concurrent.ArrayBlockingQueue.take(ArrayBlockingQueue.java:403)
        at java.util.concurrent.ThreadPoolExecutor.getTask(ThreadPoolExecutor.java:1074)
        at java.util.concurrent.ThreadPoolExecutor.runWorker(ThreadPoolExecutor.java:1134)
        at java.util.concurrent.ThreadPoolExecutor$Worker.run(ThreadPoolExecutor.java:624)
        at java.lang.Thread.run(Thread.java:748)
"pool-237-thread-36"  prio=5 tid=1456 in Object.wait()
java.lang.Thread.State: WAITING (on object monitor)
        at sun.misc.Unsafe.park(Native Method)
        at java.util.concurrent.locks.LockSupport.park(LockSupport.java:175)
        at java.util.concurrent.locks.AbstractQueuedSynchronizer$ConditionObject.await(AbstractQueuedSynchronizer.java:2039)
        at java.util.concurrent.ArrayBlockingQueue.take(ArrayBlockingQueue.java:403)
        at java.util.concurrent.ThreadPoolExecutor.getTask(ThreadPoolExecutor.java:1074)
        at java.util.concurrent.ThreadPoolExecutor.runWorker(ThreadPoolExecutor.java:1134)
        at java.util.concurrent.ThreadPoolExecutor$Worker.run(ThreadPoolExecutor.java:624)
        at java.lang.Thread.run(Thread.java:748)
"pool-195-thread-60"  prio=5 tid=1360 in Object.wait()
java.lang.Thread.State: WAITING (on object monitor)
        at sun.misc.Unsafe.park(Native Method)
        at java.util.concurrent.locks.LockSupport.park(LockSupport.java:175)
        at java.util.concurrent.locks.AbstractQueuedSynchronizer$ConditionObject.await(AbstractQueuedSynchronizer.java:2039)
        at java.util.concurrent.ArrayBlockingQueue.take(ArrayBlockingQueue.java:403)
        at java.util.concurrent.ThreadPoolExecutor.getTask(ThreadPoolExecutor.java:1074)
        at java.util.concurrent.ThreadPoolExecutor.runWorker(ThreadPoolExecutor.java:1134)
        at java.util.concurrent.ThreadPoolExecutor$Worker.run(ThreadPoolExecutor.java:624)
        at java.lang.Thread.run(Thread.java:748)
"Datanode ReportManager Thread - 0" daemon prio=5 tid=1172 in Object.wait()
java.lang.Thread.State: WAITING (on object monitor)
        at sun.misc.Unsafe.park(Native Method)
        at java.util.concurrent.locks.LockSupport.park(LockSupport.java:175)
        at java.util.concurrent.locks.AbstractQueuedSynchronizer$ConditionObject.await(AbstractQueuedSynchronizer.java:2039)
        at java.util.concurrent.ScheduledThreadPoolExecutor$DelayedWorkQueue.take(ScheduledThreadPoolExecutor.java:1088)
        at java.util.concurrent.ScheduledThreadPoolExecutor$DelayedWorkQueue.take(ScheduledThreadPoolExecutor.java:809)
        at java.util.concurrent.ThreadPoolExecutor.getTask(ThreadPoolExecutor.java:1074)
        at java.util.concurrent.ThreadPoolExecutor.runWorker(ThreadPoolExecutor.java:1134)
        at java.util.concurrent.ThreadPoolExecutor$Worker.run(ThreadPoolExecutor.java:624)
        at java.lang.Thread.run(Thread.java:748)
"IPC Server handler 11 on 42412" daemon prio=5 tid=975 timed_waiting
java.lang.Thread.State: TIMED_WAITING
        at sun.misc.Unsafe.park(Native Method)
        at java.util.concurrent.locks.LockSupport.parkNanos(LockSupport.java:215)
        at java.util.concurrent.locks.AbstractQueuedSynchronizer$ConditionObject.awaitNanos(AbstractQueuedSynchronizer.java:2078)
        at java.util.concurrent.LinkedBlockingQueue.poll(LinkedBlockingQueue.java:467)
        at org.apache.hadoop.ipc.CallQueueManager.take(CallQueueManager.java:288)
        at org.apache.hadoop.ipc.Server$Handler.run(Server.java:2668)
"IPC Server handler 4 on 36272" daemon prio=5 tid=988 timed_waiting
java.lang.Thread.State: TIMED_WAITING
        at sun.misc.Unsafe.park(Native Method)
        at java.util.concurrent.locks.LockSupport.parkNanos(LockSupport.java:215)
        at java.util.concurrent.locks.AbstractQueuedSynchronizer$ConditionObject.awaitNanos(AbstractQueuedSynchronizer.java:2078)
        at java.util.concurrent.LinkedBlockingQueue.poll(LinkedBlockingQueue.java:467)
        at org.apache.hadoop.ipc.CallQueueManager.take(CallQueueManager.java:288)
        at org.apache.hadoop.ipc.Server$Handler.run(Server.java:2668)
"IPC Server handler 13 on 36683" daemon prio=5 tid=1039 timed_waiting
java.lang.Thread.State: TIMED_WAITING
        at sun.misc.Unsafe.park(Native Method)
        at java.util.concurrent.locks.LockSupport.parkNanos(LockSupport.java:215)
        at java.util.concurrent.locks.AbstractQueuedSynchronizer$ConditionObject.awaitNanos(AbstractQueuedSynchronizer.java:2078)
        at java.util.concurrent.LinkedBlockingQueue.poll(LinkedBlockingQueue.java:467)
        at org.apache.hadoop.ipc.CallQueueManager.take(CallQueueManager.java:288)
        at org.apache.hadoop.ipc.Server$Handler.run(Server.java:2668)
"qtp1633584044-1008" daemon prio=5 tid=1008 timed_waiting
java.lang.Thread.State: TIMED_WAITING
        at sun.misc.Unsafe.park(Native Method)
        at java.util.concurrent.locks.LockSupport.parkNanos(LockSupport.java:215)
        at java.util.concurrent.locks.AbstractQueuedSynchronizer$ConditionObject.awaitNanos(AbstractQueuedSynchronizer.java:2078)
        at org.eclipse.jetty.util.BlockingArrayQueue.poll(BlockingArrayQueue.java:392)
        at org.eclipse.jetty.util.thread.QueuedThreadPool.idleJobPoll(QueuedThreadPool.java:563)
        at org.eclipse.jetty.util.thread.QueuedThreadPool.access$800(QueuedThreadPool.java:48)
        at org.eclipse.jetty.util.thread.QueuedThreadPool$2.run(QueuedThreadPool.java:626)
        at java.lang.Thread.run(Thread.java:748)
"IPC Server handler 0 on 36683" daemon prio=5 tid=1026 timed_waiting
java.lang.Thread.State: TIMED_WAITING
        at sun.misc.Unsafe.park(Native Method)
        at java.util.concurrent.locks.LockSupport.parkNanos(LockSupport.java:215)
        at java.util.concurrent.locks.AbstractQueuedSynchronizer$ConditionObject.awaitNanos(AbstractQueuedSynchronizer.java:2078)
        at java.util.concurrent.LinkedBlockingQueue.poll(LinkedBlockingQueue.java:467)
        at org.apache.hadoop.ipc.CallQueueManager.take(CallQueueManager.java:288)
        at org.apache.hadoop.ipc.Server$Handler.run(Server.java:2668)
"pool-258-thread-30"  prio=5 tid=1510 in Object.wait()
java.lang.Thread.State: WAITING (on object monitor)
        at sun.misc.Unsafe.park(Native Method)
        at java.util.concurrent.locks.LockSupport.park(LockSupport.java:175)
        at java.util.concurrent.locks.AbstractQueuedSynchronizer$ConditionObject.await(AbstractQueuedSynchronizer.java:2039)
        at java.util.concurrent.ArrayBlockingQueue.take(ArrayBlockingQueue.java:403)
        at java.util.concurrent.ThreadPoolExecutor.getTask(ThreadPoolExecutor.java:1074)
        at java.util.concurrent.ThreadPoolExecutor.runWorker(ThreadPoolExecutor.java:1134)
        at java.util.concurrent.ThreadPoolExecutor$Worker.run(ThreadPoolExecutor.java:624)
        at java.lang.Thread.run(Thread.java:748)
"pool-237-thread-18"  prio=5 tid=1438 in Object.wait()
java.lang.Thread.State: WAITING (on object monitor)
        at sun.misc.Unsafe.park(Native Method)
        at java.util.concurrent.locks.LockSupport.park(LockSupport.java:175)
        at java.util.concurrent.locks.AbstractQueuedSynchronizer$ConditionObject.await(AbstractQueuedSynchronizer.java:2039)
        at java.util.concurrent.ArrayBlockingQueue.take(ArrayBlockingQueue.java:403)
        at java.util.concurrent.ThreadPoolExecutor.getTask(ThreadPoolExecutor.java:1074)
        at java.util.concurrent.ThreadPoolExecutor.runWorker(ThreadPoolExecutor.java:1134)
        at java.util.concurrent.ThreadPoolExecutor$Worker.run(ThreadPoolExecutor.java:624)
        at java.lang.Thread.run(Thread.java:748)
"pool-195-thread-30"  prio=5 tid=1330 in Object.wait()
java.lang.Thread.State: WAITING (on object monitor)
        at sun.misc.Unsafe.park(Native Method)
        at java.util.concurrent.locks.LockSupport.park(LockSupport.java:175)
        at java.util.concurrent.locks.AbstractQueuedSynchronizer$ConditionObject.await(AbstractQueuedSynchronizer.java:2039)
        at java.util.concurrent.ArrayBlockingQueue.take(ArrayBlockingQueue.java:403)
        at java.util.concurrent.ThreadPoolExecutor.getTask(ThreadPoolExecutor.java:1074)
        at java.util.concurrent.ThreadPoolExecutor.runWorker(ThreadPoolExecutor.java:1134)
        at java.util.concurrent.ThreadPoolExecutor$Worker.run(ThreadPoolExecutor.java:624)
        at java.lang.Thread.run(Thread.java:748)
"pool-237-thread-34"  prio=5 tid=1454 in Object.wait()
java.lang.Thread.State: WAITING (on object monitor)
        at sun.misc.Unsafe.park(Native Method)
        at java.util.concurrent.locks.LockSupport.park(LockSupport.java:175)
        at java.util.concurrent.locks.AbstractQueuedSynchronizer$ConditionObject.await(AbstractQueuedSynchronizer.java:2039)
        at java.util.concurrent.ArrayBlockingQueue.take(ArrayBlockingQueue.java:403)
        at java.util.concurrent.ThreadPoolExecutor.getTask(ThreadPoolExecutor.java:1074)
        at java.util.concurrent.ThreadPoolExecutor.runWorker(ThreadPoolExecutor.java:1134)
        at java.util.concurrent.ThreadPoolExecutor$Worker.run(ThreadPoolExecutor.java:624)
        at java.lang.Thread.run(Thread.java:748)
"pool-195-thread-24"  prio=5 tid=1324 in Object.wait()
java.lang.Thread.State: WAITING (on object monitor)
        at sun.misc.Unsafe.park(Native Method)
        at java.util.concurrent.locks.LockSupport.park(LockSupport.java:175)
        at java.util.concurrent.locks.AbstractQueuedSynchronizer$ConditionObject.await(AbstractQueuedSynchronizer.java:2039)
        at java.util.concurrent.ArrayBlockingQueue.take(ArrayBlockingQueue.java:403)
        at java.util.concurrent.ThreadPoolExecutor.getTask(ThreadPoolExecutor.java:1074)
        at java.util.concurrent.ThreadPoolExecutor.runWorker(ThreadPoolExecutor.java:1134)
        at java.util.concurrent.ThreadPoolExecutor$Worker.run(ThreadPoolExecutor.java:624)
        at java.lang.Thread.run(Thread.java:748)
"pool-174-thread-11"  prio=5 tid=1250 in Object.wait()
java.lang.Thread.State: WAITING (on object monitor)
        at sun.misc.Unsafe.park(Native Method)
        at java.util.concurrent.locks.LockSupport.park(LockSupport.java:175)
        at java.util.concurrent.locks.AbstractQueuedSynchronizer$ConditionObject.await(AbstractQueuedSynchronizer.java:2039)
        at java.util.concurrent.ArrayBlockingQueue.take(ArrayBlockingQueue.java:403)
        at java.util.concurrent.ThreadPoolExecutor.getTask(ThreadPoolExecutor.java:1074)
        at java.util.concurrent.ThreadPoolExecutor.runWorker(ThreadPoolExecutor.java:1134)
        at java.util.concurrent.ThreadPoolExecutor$Worker.run(ThreadPoolExecutor.java:624)
        at java.lang.Thread.run(Thread.java:748)
"Command processor thread" daemon prio=5 tid=1236 timed_waiting
java.lang.Thread.State: TIMED_WAITING
        at java.lang.Thread.sleep(Native Method)
        at org.apache.hadoop.ozone.container.common.statemachine.DatanodeStateMachine.lambda$initCommandHandlerThread$1(DatanodeStateMachine.java:439)
        at org.apache.hadoop.ozone.container.common.statemachine.DatanodeStateMachine$$Lambda$144/707418368.run(Unknown Source)
        at java.lang.Thread.run(Thread.java:748)
"Thread-688" daemon prio=5 tid=1693 timed_waiting
java.lang.Thread.State: TIMED_WAITING
        at sun.misc.Unsafe.park(Native Method)
        at java.util.concurrent.locks.LockSupport.parkNanos(LockSupport.java:215)
        at java.util.concurrent.locks.AbstractQueuedSynchronizer$ConditionObject.awaitNanos(AbstractQueuedSynchronizer.java:2078)
        at java.util.concurrent.ArrayBlockingQueue.poll(ArrayBlockingQueue.java:418)
        at org.apache.ratis.server.impl.LeaderState$EventQueue.poll(LeaderState.java:114)
        at org.apache.ratis.server.impl.LeaderState$EventProcessor.run(LeaderState.java:451)
"pool-258-thread-41"  prio=5 tid=1521 in Object.wait()
java.lang.Thread.State: WAITING (on object monitor)
        at sun.misc.Unsafe.park(Native Method)
        at java.util.concurrent.locks.LockSupport.park(LockSupport.java:175)
        at java.util.concurrent.locks.AbstractQueuedSynchronizer$ConditionObject.await(AbstractQueuedSynchronizer.java:2039)
        at java.util.concurrent.ArrayBlockingQueue.take(ArrayBlockingQueue.java:403)
        at java.util.concurrent.ThreadPoolExecutor.getTask(ThreadPoolExecutor.java:1074)
        at java.util.concurrent.ThreadPoolExecutor.runWorker(ThreadPoolExecutor.java:1134)
        at java.util.concurrent.ThreadPoolExecutor$Worker.run(ThreadPoolExecutor.java:624)
        at java.lang.Thread.run(Thread.java:748)
"org.apache.hadoop.util.JvmPauseMonitor$Monitor@586843bc" daemon prio=5 tid=1016 timed_waiting
java.lang.Thread.State: TIMED_WAITING
        at java.lang.Thread.sleep(Native Method)
        at org.apache.hadoop.util.JvmPauseMonitor$Monitor.run(JvmPauseMonitor.java:192)
        at java.lang.Thread.run(Thread.java:748)
"pool-216-thread-24"  prio=5 tid=1384 in Object.wait()
java.lang.Thread.State: WAITING (on object monitor)
        at sun.misc.Unsafe.park(Native Method)
        at java.util.concurrent.locks.LockSupport.park(LockSupport.java:175)
        at java.util.concurrent.locks.AbstractQueuedSynchronizer$ConditionObject.await(AbstractQueuedSynchronizer.java:2039)
        at java.util.concurrent.ArrayBlockingQueue.take(ArrayBlockingQueue.java:403)
        at java.util.concurrent.ThreadPoolExecutor.getTask(ThreadPoolExecutor.java:1074)
        at java.util.concurrent.ThreadPoolExecutor.runWorker(ThreadPoolExecutor.java:1134)
        at java.util.concurrent.ThreadPoolExecutor$Worker.run(ThreadPoolExecutor.java:624)
        at java.lang.Thread.run(Thread.java:748)
"pool-174-thread-17"  prio=5 tid=1256 in Object.wait()
java.lang.Thread.State: WAITING (on object monitor)
        at sun.misc.Unsafe.park(Native Method)
        at java.util.concurrent.locks.LockSupport.park(LockSupport.java:175)
        at java.util.concurrent.locks.AbstractQueuedSynchronizer$ConditionObject.await(AbstractQueuedSynchronizer.java:2039)
        at java.util.concurrent.ArrayBlockingQueue.take(ArrayBlockingQueue.java:403)
        at java.util.concurrent.ThreadPoolExecutor.getTask(ThreadPoolExecutor.java:1074)
        at java.util.concurrent.ThreadPoolExecutor.runWorker(ThreadPoolExecutor.java:1134)
        at java.util.concurrent.ThreadPoolExecutor$Worker.run(ThreadPoolExecutor.java:624)
        at java.lang.Thread.run(Thread.java:748)
"pool-258-thread-25"  prio=5 tid=1505 in Object.wait()
java.lang.Thread.State: WAITING (on object monitor)
        at sun.misc.Unsafe.park(Native Method)
        at java.util.concurrent.locks.LockSupport.park(LockSupport.java:175)
        at java.util.concurrent.locks.AbstractQueuedSynchronizer$ConditionObject.await(AbstractQueuedSynchronizer.java:2039)
        at java.util.concurrent.ArrayBlockingQueue.take(ArrayBlockingQueue.java:403)
        at java.util.concurrent.ThreadPoolExecutor.getTask(ThreadPoolExecutor.java:1074)
        at java.util.concurrent.ThreadPoolExecutor.runWorker(ThreadPoolExecutor.java:1134)
        at java.util.concurrent.ThreadPoolExecutor$Worker.run(ThreadPoolExecutor.java:624)
        at java.lang.Thread.run(Thread.java:748)
"pool-174-thread-24"  prio=5 tid=1263 in Object.wait()
java.lang.Thread.State: WAITING (on object monitor)
        at sun.misc.Unsafe.park(Native Method)
        at java.util.concurrent.locks.LockSupport.park(LockSupport.java:175)
        at java.util.concurrent.locks.AbstractQueuedSynchronizer$ConditionObject.await(AbstractQueuedSynchronizer.java:2039)
        at java.util.concurrent.ArrayBlockingQueue.take(ArrayBlockingQueue.java:403)
        at java.util.concurrent.ThreadPoolExecutor.getTask(ThreadPoolExecutor.java:1074)
        at java.util.concurrent.ThreadPoolExecutor.runWorker(ThreadPoolExecutor.java:1134)
        at java.util.concurrent.ThreadPoolExecutor$Worker.run(ThreadPoolExecutor.java:624)
        at java.lang.Thread.run(Thread.java:748)
"pool-216-thread-5"  prio=5 tid=1365 in Object.wait()
java.lang.Thread.State: WAITING (on object monitor)
        at sun.misc.Unsafe.park(Native Method)
        at java.util.concurrent.locks.LockSupport.park(LockSupport.java:175)
        at java.util.concurrent.locks.AbstractQueuedSynchronizer$ConditionObject.await(AbstractQueuedSynchronizer.java:2039)
        at java.util.concurrent.ArrayBlockingQueue.take(ArrayBlockingQueue.java:403)
        at java.util.concurrent.ThreadPoolExecutor.getTask(ThreadPoolExecutor.java:1074)
        at java.util.concurrent.ThreadPoolExecutor.runWorker(ThreadPoolExecutor.java:1134)
        at java.util.concurrent.ThreadPoolExecutor$Worker.run(ThreadPoolExecutor.java:624)
        at java.lang.Thread.run(Thread.java:748)
"pool-237-thread-2"  prio=5 tid=1422 in Object.wait()
java.lang.Thread.State: WAITING (on object monitor)
        at sun.misc.Unsafe.park(Native Method)
        at java.util.concurrent.locks.LockSupport.park(LockSupport.java:175)
        at java.util.concurrent.locks.AbstractQueuedSynchronizer$ConditionObject.await(AbstractQueuedSynchronizer.java:2039)
        at java.util.concurrent.ArrayBlockingQueue.take(ArrayBlockingQueue.java:403)
        at java.util.concurrent.ThreadPoolExecutor.getTask(ThreadPoolExecutor.java:1074)
        at java.util.concurrent.ThreadPoolExecutor.runWorker(ThreadPoolExecutor.java:1134)
        at java.util.concurrent.ThreadPoolExecutor$Worker.run(ThreadPoolExecutor.java:624)
        at java.lang.Thread.run(Thread.java:748)
"pool-174-thread-3"  prio=5 tid=1242 in Object.wait()
java.lang.Thread.State: WAITING (on object monitor)
        at sun.misc.Unsafe.park(Native Method)
        at java.util.concurrent.locks.LockSupport.park(LockSupport.java:175)
        at java.util.concurrent.locks.AbstractQueuedSynchronizer$ConditionObject.await(AbstractQueuedSynchronizer.java:2039)
        at java.util.concurrent.ArrayBlockingQueue.take(ArrayBlockingQueue.java:403)
        at java.util.concurrent.ThreadPoolExecutor.getTask(ThreadPoolExecutor.java:1074)
        at java.util.concurrent.ThreadPoolExecutor.runWorker(ThreadPoolExecutor.java:1134)
        at java.util.concurrent.ThreadPoolExecutor$Worker.run(ThreadPoolExecutor.java:624)
        at java.lang.Thread.run(Thread.java:748)
"org.eclipse.jetty.server.session.HashSessionManager@36211bbcTimer" daemon prio=5 tid=1057 timed_waiting
java.lang.Thread.State: TIMED_WAITING
        at sun.misc.Unsafe.park(Native Method)
        at java.util.concurrent.locks.LockSupport.parkNanos(LockSupport.java:215)
        at java.util.concurrent.locks.AbstractQueuedSynchronizer$ConditionObject.awaitNanos(AbstractQueuedSynchronizer.java:2078)
        at java.util.concurrent.ScheduledThreadPoolExecutor$DelayedWorkQueue.take(ScheduledThreadPoolExecutor.java:1093)
        at java.util.concurrent.ScheduledThreadPoolExecutor$DelayedWorkQueue.take(ScheduledThreadPoolExecutor.java:809)
        at java.util.concurrent.ThreadPoolExecutor.getTask(ThreadPoolExecutor.java:1074)
        at java.util.concurrent.ThreadPoolExecutor.runWorker(ThreadPoolExecutor.java:1134)
        at java.util.concurrent.ThreadPoolExecutor$Worker.run(ThreadPoolExecutor.java:624)
        at java.lang.Thread.run(Thread.java:748)
"qtp1920846948-1221" daemon prio=5 tid=1221 timed_waiting
java.lang.Thread.State: TIMED_WAITING
        at sun.misc.Unsafe.park(Native Method)
        at java.util.concurrent.locks.LockSupport.parkNanos(LockSupport.java:215)
        at java.util.concurrent.locks.AbstractQueuedSynchronizer$ConditionObject.awaitNanos(AbstractQueuedSynchronizer.java:2078)
        at org.eclipse.jetty.util.BlockingArrayQueue.poll(BlockingArrayQueue.java:392)
        at org.eclipse.jetty.util.thread.QueuedThreadPool.idleJobPoll(QueuedThreadPool.java:563)
        at org.eclipse.jetty.util.thread.QueuedThreadPool.access$800(QueuedThreadPool.java:48)
        at org.eclipse.jetty.util.thread.QueuedThreadPool$2.run(QueuedThreadPool.java:626)
        at java.lang.Thread.run(Thread.java:748)
"pool-279-thread-15"  prio=5 tid=1555 in Object.wait()
java.lang.Thread.State: WAITING (on object monitor)
        at sun.misc.Unsafe.park(Native Method)
        at java.util.concurrent.locks.LockSupport.park(LockSupport.java:175)
        at java.util.concurrent.locks.AbstractQueuedSynchronizer$ConditionObject.await(AbstractQueuedSynchronizer.java:2039)
        at java.util.concurrent.ArrayBlockingQueue.take(ArrayBlockingQueue.java:403)
        at java.util.concurrent.ThreadPoolExecutor.getTask(ThreadPoolExecutor.java:1074)
        at java.util.concurrent.ThreadPoolExecutor.runWorker(ThreadPoolExecutor.java:1134)
        at java.util.concurrent.ThreadPoolExecutor$Worker.run(ThreadPoolExecutor.java:624)
        at java.lang.Thread.run(Thread.java:748)
"pool-174-thread-37"  prio=5 tid=1276 in Object.wait()
java.lang.Thread.State: WAITING (on object monitor)
        at sun.misc.Unsafe.park(Native Method)
        at java.util.concurrent.locks.LockSupport.park(LockSupport.java:175)
        at java.util.concurrent.locks.AbstractQueuedSynchronizer$ConditionObject.await(AbstractQueuedSynchronizer.java:2039)
        at java.util.concurrent.ArrayBlockingQueue.take(ArrayBlockingQueue.java:403)
        at java.util.concurrent.ThreadPoolExecutor.getTask(ThreadPoolExecutor.java:1074)
        at java.util.concurrent.ThreadPoolExecutor.runWorker(ThreadPoolExecutor.java:1134)
        at java.util.concurrent.ThreadPoolExecutor$Worker.run(ThreadPoolExecutor.java:624)
        at java.lang.Thread.run(Thread.java:748)
"pool-174-thread-39"  prio=5 tid=1278 in Object.wait()
java.lang.Thread.State: WAITING (on object monitor)
        at sun.misc.Unsafe.park(Native Method)
        at java.util.concurrent.locks.LockSupport.park(LockSupport.java:175)
        at java.util.concurrent.locks.AbstractQueuedSynchronizer$ConditionObject.await(AbstractQueuedSynchronizer.java:2039)
        at java.util.concurrent.ArrayBlockingQueue.take(ArrayBlockingQueue.java:403)
        at java.util.concurrent.ThreadPoolExecutor.getTask(ThreadPoolExecutor.java:1074)
        at java.util.concurrent.ThreadPoolExecutor.runWorker(ThreadPoolExecutor.java:1134)
        at java.util.concurrent.ThreadPoolExecutor$Worker.run(ThreadPoolExecutor.java:624)
        at java.lang.Thread.run(Thread.java:748)
"org.apache.hadoop.util.JvmPauseMonitor$Monitor@4bdc5d23" daemon prio=5 tid=1207 timed_waiting
java.lang.Thread.State: TIMED_WAITING
        at java.lang.Thread.sleep(Native Method)
        at org.apache.hadoop.util.JvmPauseMonitor$Monitor.run(JvmPauseMonitor.java:192)
        at java.lang.Thread.run(Thread.java:748)
"pool-237-thread-12"  prio=5 tid=1432 in Object.wait()
java.lang.Thread.State: WAITING (on object monitor)
        at sun.misc.Unsafe.park(Native Method)
        at java.util.concurrent.locks.LockSupport.park(LockSupport.java:175)
        at java.util.concurrent.locks.AbstractQueuedSynchronizer$ConditionObject.await(AbstractQueuedSynchronizer.java:2039)
        at java.util.concurrent.ArrayBlockingQueue.take(ArrayBlockingQueue.java:403)
        at java.util.concurrent.ThreadPoolExecutor.getTask(ThreadPoolExecutor.java:1074)
        at java.util.concurrent.ThreadPoolExecutor.runWorker(ThreadPoolExecutor.java:1134)
        at java.util.concurrent.ThreadPoolExecutor$Worker.run(ThreadPoolExecutor.java:624)
        at java.lang.Thread.run(Thread.java:748)
"IPC Server handler 7 on 42412" daemon prio=5 tid=971 timed_waiting
java.lang.Thread.State: TIMED_WAITING
        at sun.misc.Unsafe.park(Native Method)
        at java.util.concurrent.locks.LockSupport.parkNanos(LockSupport.java:215)
        at java.util.concurrent.locks.AbstractQueuedSynchronizer$ConditionObject.awaitNanos(AbstractQueuedSynchronizer.java:2078)
        at java.util.concurrent.LinkedBlockingQueue.poll(LinkedBlockingQueue.java:467)
        at org.apache.hadoop.ipc.CallQueueManager.take(CallQueueManager.java:288)
        at org.apache.hadoop.ipc.Server$Handler.run(Server.java:2668)
"pool-174-thread-60"  prio=5 tid=1299 in Object.wait()
java.lang.Thread.State: WAITING (on object monitor)
        at sun.misc.Unsafe.park(Native Method)
        at java.util.concurrent.locks.LockSupport.park(LockSupport.java:175)
        at java.util.concurrent.locks.AbstractQueuedSynchronizer$ConditionObject.await(AbstractQueuedSynchronizer.java:2039)
        at java.util.concurrent.ArrayBlockingQueue.take(ArrayBlockingQueue.java:403)
        at java.util.concurrent.ThreadPoolExecutor.getTask(ThreadPoolExecutor.java:1074)
        at java.util.concurrent.ThreadPoolExecutor.runWorker(ThreadPoolExecutor.java:1134)
        at java.util.concurrent.ThreadPoolExecutor$Worker.run(ThreadPoolExecutor.java:624)
        at java.lang.Thread.run(Thread.java:748)
"org.apache.hadoop.util.JvmPauseMonitor$Monitor@38eec0c0" daemon prio=5 tid=1178 timed_waiting
java.lang.Thread.State: TIMED_WAITING
        at java.lang.Thread.sleep(Native Method)
        at org.apache.hadoop.util.JvmPauseMonitor$Monitor.run(JvmPauseMonitor.java:192)
        at java.lang.Thread.run(Thread.java:748)
"qtp1814361629-1164" daemon prio=5 tid=1164 timed_waiting
java.lang.Thread.State: TIMED_WAITING
        at sun.misc.Unsafe.park(Native Method)
        at java.util.concurrent.locks.LockSupport.parkNanos(LockSupport.java:215)
        at java.util.concurrent.locks.AbstractQueuedSynchronizer$ConditionObject.awaitNanos(AbstractQueuedSynchronizer.java:2078)
        at org.eclipse.jetty.util.BlockingArrayQueue.poll(BlockingArrayQueue.java:392)
        at org.eclipse.jetty.util.thread.QueuedThreadPool.idleJobPoll(QueuedThreadPool.java:563)
        at org.eclipse.jetty.util.thread.QueuedThreadPool.access$800(QueuedThreadPool.java:48)
        at org.eclipse.jetty.util.thread.QueuedThreadPool$2.run(QueuedThreadPool.java:626)
        at java.lang.Thread.run(Thread.java:748)
"IPC Server idle connection scanner for port 36683" daemon prio=5 tid=1021 timed_waiting
java.lang.Thread.State: TIMED_WAITING
        at java.lang.Object.wait(Native Method)
        at java.util.TimerThread.mainLoop(Timer.java:552)
        at java.util.TimerThread.run(Timer.java:505)
"pool-174-thread-18"  prio=5 tid=1257 in Object.wait()
java.lang.Thread.State: WAITING (on object monitor)
        at sun.misc.Unsafe.park(Native Method)
        at java.util.concurrent.locks.LockSupport.park(LockSupport.java:175)
        at java.util.concurrent.locks.AbstractQueuedSynchronizer$ConditionObject.await(AbstractQueuedSynchronizer.java:2039)
        at java.util.concurrent.ArrayBlockingQueue.take(ArrayBlockingQueue.java:403)
        at java.util.concurrent.ThreadPoolExecutor.getTask(ThreadPoolExecutor.java:1074)
        at java.util.concurrent.ThreadPoolExecutor.runWorker(ThreadPoolExecutor.java:1134)
        at java.util.concurrent.ThreadPoolExecutor$Worker.run(ThreadPoolExecutor.java:624)
        at java.lang.Thread.run(Thread.java:748)
"org.eclipse.jetty.server.session.HashSessionManager@4f235e8eTimer" daemon prio=5 tid=1014 timed_waiting
java.lang.Thread.State: TIMED_WAITING
        at sun.misc.Unsafe.park(Native Method)
        at java.util.concurrent.locks.LockSupport.parkNanos(LockSupport.java:215)
        at java.util.concurrent.locks.AbstractQueuedSynchronizer$ConditionObject.awaitNanos(AbstractQueuedSynchronizer.java:2078)
        at java.util.concurrent.ScheduledThreadPoolExecutor$DelayedWorkQueue.take(ScheduledThreadPoolExecutor.java:1093)
        at java.util.concurrent.ScheduledThreadPoolExecutor$DelayedWorkQueue.take(ScheduledThreadPoolExecutor.java:809)
        at java.util.concurrent.ThreadPoolExecutor.getTask(ThreadPoolExecutor.java:1074)
        at java.util.concurrent.ThreadPoolExecutor.runWorker(ThreadPoolExecutor.java:1134)
        at java.util.concurrent.ThreadPoolExecutor$Worker.run(ThreadPoolExecutor.java:624)
        at java.lang.Thread.run(Thread.java:748)
"Datanode State Machine Thread - 0" daemon prio=5 tid=1209 timed_waiting
java.lang.Thread.State: TIMED_WAITING
        at sun.misc.Unsafe.park(Native Method)
        at java.util.concurrent.locks.LockSupport.parkNanos(LockSupport.java:215)
        at java.util.concurrent.SynchronousQueue$TransferStack.awaitFulfill(SynchronousQueue.java:460)
        at java.util.concurrent.SynchronousQueue$TransferStack.transfer(SynchronousQueue.java:362)
        at java.util.concurrent.SynchronousQueue.poll(SynchronousQueue.java:941)
        at java.util.concurrent.ThreadPoolExecutor.getTask(ThreadPoolExecutor.java:1073)
        at java.util.concurrent.ThreadPoolExecutor.runWorker(ThreadPoolExecutor.java:1134)
        at java.util.concurrent.ThreadPoolExecutor$Worker.run(ThreadPoolExecutor.java:624)
        at java.lang.Thread.run(Thread.java:748)
"grpc-default-worker-ELG-3-4" daemon prio=5 tid=705 runnable
java.lang.Thread.State: RUNNABLE
        at sun.nio.ch.EPollArrayWrapper.epollWait(Native Method)
        at sun.nio.ch.EPollArrayWrapper.poll(EPollArrayWrapper.java:269)
        at sun.nio.ch.EPollSelectorImpl.doSelect(EPollSelectorImpl.java:93)
        at sun.nio.ch.SelectorImpl.lockAndDoSelect(SelectorImpl.java:86)
        at sun.nio.ch.SelectorImpl.select(SelectorImpl.java:97)
        at org.apache.ratis.thirdparty.io.netty.channel.nio.SelectedSelectionKeySetSelector.select(SelectedSelectionKeySetSelector.java:62)
        at org.apache.ratis.thirdparty.io.netty.channel.nio.NioEventLoop.select(NioEventLoop.java:753)
        at org.apache.ratis.thirdparty.io.netty.channel.nio.NioEventLoop.run(NioEventLoop.java:408)
        at org.apache.ratis.thirdparty.io.netty.util.concurrent.SingleThreadEventExecutor$5.run(SingleThreadEventExecutor.java:897)
        at org.apache.ratis.thirdparty.io.netty.util.concurrent.FastThreadLocalRunnable.run(FastThreadLocalRunnable.java:30)
        at java.lang.Thread.run(Thread.java:748)
"pool-279-thread-57"  prio=5 tid=1597 in Object.wait()
java.lang.Thread.State: WAITING (on object monitor)
        at sun.misc.Unsafe.park(Native Method)
        at java.util.concurrent.locks.LockSupport.park(LockSupport.java:175)
        at java.util.concurrent.locks.AbstractQueuedSynchronizer$ConditionObject.await(AbstractQueuedSynchronizer.java:2039)
        at java.util.concurrent.ArrayBlockingQueue.take(ArrayBlockingQueue.java:403)
        at java.util.concurrent.ThreadPoolExecutor.getTask(ThreadPoolExecutor.java:1074)
        at java.util.concurrent.ThreadPoolExecutor.runWorker(ThreadPoolExecutor.java:1134)
        at java.util.concurrent.ThreadPoolExecutor$Worker.run(ThreadPoolExecutor.java:624)
        at java.lang.Thread.run(Thread.java:748)
"qtp1814361629-1162" daemon prio=5 tid=1162 timed_waiting
java.lang.Thread.State: TIMED_WAITING
        at sun.misc.Unsafe.park(Native Method)
        at java.util.concurrent.locks.LockSupport.parkNanos(LockSupport.java:215)
        at java.util.concurrent.locks.AbstractQueuedSynchronizer$ConditionObject.awaitNanos(AbstractQueuedSynchronizer.java:2078)
        at org.eclipse.jetty.util.BlockingArrayQueue.poll(BlockingArrayQueue.java:392)
        at org.eclipse.jetty.util.thread.QueuedThreadPool.idleJobPoll(QueuedThreadPool.java:563)
        at org.eclipse.jetty.util.thread.QueuedThreadPool.access$800(QueuedThreadPool.java:48)
        at org.eclipse.jetty.util.thread.QueuedThreadPool$2.run(QueuedThreadPool.java:626)
        at java.lang.Thread.run(Thread.java:748)
"fbcfeba4-c65e-402f-8e8d-7e30531dec82-SegmentedRaftLogWorker:Storage Directory /tmp/workdir/hadoop-ozone/integration-test/target/test-dir/MiniOzoneClusterImpl-d6a8514b-9f5a-4ec7-be91-cc3589120d34/datanode-0/data/ratis/e0f5f245-f45a-48c3-a468-d12da0922e45"  prio=5 tid=1630 timed_waiting
java.lang.Thread.State: TIMED_WAITING
        at sun.misc.Unsafe.park(Native Method)
        at java.util.concurrent.locks.LockSupport.parkNanos(LockSupport.java:215)
        at java.util.concurrent.locks.AbstractQueuedSynchronizer$ConditionObject.awaitNanos(AbstractQueuedSynchronizer.java:2078)
        at org.apache.ratis.util.DataBlockingQueue.poll(DataBlockingQueue.java:137)
        at org.apache.ratis.server.raftlog.segmented.SegmentedRaftLogWorker.run(SegmentedRaftLogWorker.java:283)
        at java.lang.Thread.run(Thread.java:748)
"pool-174-thread-45"  prio=5 tid=1284 in Object.wait()
java.lang.Thread.State: WAITING (on object monitor)
        at sun.misc.Unsafe.park(Native Method)
        at java.util.concurrent.locks.LockSupport.park(LockSupport.java:175)
        at java.util.concurrent.locks.AbstractQueuedSynchronizer$ConditionObject.await(AbstractQueuedSynchronizer.java:2039)
        at java.util.concurrent.ArrayBlockingQueue.take(ArrayBlockingQueue.java:403)
        at java.util.concurrent.ThreadPoolExecutor.getTask(ThreadPoolExecutor.java:1074)
        at java.util.concurrent.ThreadPoolExecutor.runWorker(ThreadPoolExecutor.java:1134)
        at java.util.concurrent.ThreadPoolExecutor$Worker.run(ThreadPoolExecutor.java:624)
        at java.lang.Thread.run(Thread.java:748)
"pool-216-thread-43"  prio=5 tid=1403 in Object.wait()
java.lang.Thread.State: WAITING (on object monitor)
        at sun.misc.Unsafe.park(Native Method)
        at java.util.concurrent.locks.LockSupport.park(LockSupport.java:175)
        at java.util.concurrent.locks.AbstractQueuedSynchronizer$ConditionObject.await(AbstractQueuedSynchronizer.java:2039)
        at java.util.concurrent.ArrayBlockingQueue.take(ArrayBlockingQueue.java:403)
        at java.util.concurrent.ThreadPoolExecutor.getTask(ThreadPoolExecutor.java:1074)
        at java.util.concurrent.ThreadPoolExecutor.runWorker(ThreadPoolExecutor.java:1134)
        at java.util.concurrent.ThreadPoolExecutor$Worker.run(ThreadPoolExecutor.java:624)
        at java.lang.Thread.run(Thread.java:748)
"Datanode State Machine Thread - 0" daemon prio=5 tid=1231 timed_waiting
java.lang.Thread.State: TIMED_WAITING
        at java.lang.Thread.sleep(Native Method)
        at org.apache.hadoop.ozone.container.common.statemachine.DatanodeStateMachine.start(DatanodeStateMachine.java:191)
        at org.apache.hadoop.ozone.container.common.statemachine.DatanodeStateMachine.lambda$startDaemon$0(DatanodeStateMachine.java:349)
        at org.apache.hadoop.ozone.container.common.statemachine.DatanodeStateMachine$$Lambda$143/327170708.run(Unknown Source)
        at java.lang.Thread.run(Thread.java:748)
"Periodic HDDS volume checker"  prio=5 tid=1059 timed_waiting
java.lang.Thread.State: TIMED_WAITING
        at sun.misc.Unsafe.park(Native Method)
        at java.util.concurrent.locks.LockSupport.parkNanos(LockSupport.java:215)
        at java.util.concurrent.locks.AbstractQueuedSynchronizer$ConditionObject.awaitNanos(AbstractQueuedSynchronizer.java:2078)
        at java.util.concurrent.ScheduledThreadPoolExecutor$DelayedWorkQueue.take(ScheduledThreadPoolExecutor.java:1093)
        at java.util.concurrent.ScheduledThreadPoolExecutor$DelayedWorkQueue.take(ScheduledThreadPoolExecutor.java:809)
        at java.util.concurrent.ThreadPoolExecutor.getTask(ThreadPoolExecutor.java:1074)
        at java.util.concurrent.ThreadPoolExecutor.runWorker(ThreadPoolExecutor.java:1134)
        at java.util.concurrent.ThreadPoolExecutor$Worker.run(ThreadPoolExecutor.java:624)
        at java.lang.Thread.run(Thread.java:748)
"pool-174-thread-56"  prio=5 tid=1295 in Object.wait()
java.lang.Thread.State: WAITING (on object monitor)
        at sun.misc.Unsafe.park(Native Method)
        at java.util.concurrent.locks.LockSupport.park(LockSupport.java:175)
        at java.util.concurrent.locks.AbstractQueuedSynchronizer$ConditionObject.await(AbstractQueuedSynchronizer.java:2039)
        at java.util.concurrent.ArrayBlockingQueue.take(ArrayBlockingQueue.java:403)
        at java.util.concurrent.ThreadPoolExecutor.getTask(ThreadPoolExecutor.java:1074)
        at java.util.concurrent.ThreadPoolExecutor.runWorker(ThreadPoolExecutor.java:1134)
        at java.util.concurrent.ThreadPoolExecutor$Worker.run(ThreadPoolExecutor.java:624)
        at java.lang.Thread.run(Thread.java:748)
"pool-174-thread-49"  prio=5 tid=1288 in Object.wait()
java.lang.Thread.State: WAITING (on object monitor)
        at sun.misc.Unsafe.park(Native Method)
        at java.util.concurrent.locks.LockSupport.park(LockSupport.java:175)
        at java.util.concurrent.locks.AbstractQueuedSynchronizer$ConditionObject.await(AbstractQueuedSynchronizer.java:2039)
        at java.util.concurrent.ArrayBlockingQueue.take(ArrayBlockingQueue.java:403)
        at java.util.concurrent.ThreadPoolExecutor.getTask(ThreadPoolExecutor.java:1074)
        at java.util.concurrent.ThreadPoolExecutor.runWorker(ThreadPoolExecutor.java:1134)
        at java.util.concurrent.ThreadPoolExecutor$Worker.run(ThreadPoolExecutor.java:624)
        at java.lang.Thread.run(Thread.java:748)
"pool-174-thread-38"  prio=5 tid=1277 in Object.wait()
java.lang.Thread.State: WAITING (on object monitor)
        at sun.misc.Unsafe.park(Native Method)
        at java.util.concurrent.locks.LockSupport.park(LockSupport.java:175)
        at java.util.concurrent.locks.AbstractQueuedSynchronizer$ConditionObject.await(AbstractQueuedSynchronizer.java:2039)
        at java.util.concurrent.ArrayBlockingQueue.take(ArrayBlockingQueue.java:403)
        at java.util.concurrent.ThreadPoolExecutor.getTask(ThreadPoolExecutor.java:1074)
        at java.util.concurrent.ThreadPoolExecutor.runWorker(ThreadPoolExecutor.java:1134)
        at java.util.concurrent.ThreadPoolExecutor$Worker.run(ThreadPoolExecutor.java:624)
        at java.lang.Thread.run(Thread.java:748)
"BlockDeletingService#0" daemon prio=5 tid=1156 in Object.wait()
java.lang.Thread.State: WAITING (on object monitor)
        at sun.misc.Unsafe.park(Native Method)
        at java.util.concurrent.locks.LockSupport.park(LockSupport.java:175)
        at java.util.concurrent.locks.AbstractQueuedSynchronizer$ConditionObject.await(AbstractQueuedSynchronizer.java:2039)
        at java.util.concurrent.ScheduledThreadPoolExecutor$DelayedWorkQueue.take(ScheduledThreadPoolExecutor.java:1088)
        at java.util.concurrent.ScheduledThreadPoolExecutor$DelayedWorkQueue.take(ScheduledThreadPoolExecutor.java:809)
        at java.util.concurrent.ThreadPoolExecutor.getTask(ThreadPoolExecutor.java:1074)
        at java.util.concurrent.ThreadPoolExecutor.runWorker(ThreadPoolExecutor.java:1134)
        at java.util.concurrent.ThreadPoolExecutor$Worker.run(ThreadPoolExecutor.java:624)
        at java.lang.Thread.run(Thread.java:748)
"pool-258-thread-51"  prio=5 tid=1531 in Object.wait()
java.lang.Thread.State: WAITING (on object monitor)
        at sun.misc.Unsafe.park(Native Method)
        at java.util.concurrent.locks.LockSupport.park(LockSupport.java:175)
        at java.util.concurrent.locks.AbstractQueuedSynchronizer$ConditionObject.await(AbstractQueuedSynchronizer.java:2039)
        at java.util.concurrent.ArrayBlockingQueue.take(ArrayBlockingQueue.java:403)
        at java.util.concurrent.ThreadPoolExecutor.getTask(ThreadPoolExecutor.java:1074)
        at java.util.concurrent.ThreadPoolExecutor.runWorker(ThreadPoolExecutor.java:1134)
        at java.util.concurrent.ThreadPoolExecutor$Worker.run(ThreadPoolExecutor.java:624)
        at java.lang.Thread.run(Thread.java:748)
"Reference Handler" daemon prio=10 tid=2 in Object.wait()
java.lang.Thread.State: WAITING (on object monitor)
        at java.lang.Object.wait(Native Method)
        at java.lang.Object.wait(Object.java:502)
        at java.lang.ref.Reference.tryHandlePending(Reference.java:191)
        at java.lang.ref.Reference$ReferenceHandler.run(Reference.java:153)
"pool-273-thread-1"  prio=5 tid=1188 timed_waiting
java.lang.Thread.State: TIMED_WAITING
        at sun.misc.Unsafe.park(Native Method)
        at java.util.concurrent.locks.LockSupport.parkNanos(LockSupport.java:215)
        at java.util.concurrent.locks.AbstractQueuedSynchronizer$ConditionObject.awaitNanos(AbstractQueuedSynchronizer.java:2078)
        at java.util.concurrent.ScheduledThreadPoolExecutor$DelayedWorkQueue.take(ScheduledThreadPoolExecutor.java:1093)
        at java.util.concurrent.ScheduledThreadPoolExecutor$DelayedWorkQueue.take(ScheduledThreadPoolExecutor.java:809)
        at java.util.concurrent.ThreadPoolExecutor.getTask(ThreadPoolExecutor.java:1074)
        at java.util.concurrent.ThreadPoolExecutor.runWorker(ThreadPoolExecutor.java:1134)
        at java.util.concurrent.ThreadPoolExecutor$Worker.run(ThreadPoolExecutor.java:624)
        at java.lang.Thread.run(Thread.java:748)
"BlockDeletingService#0" daemon prio=5 tid=1186 in Object.wait()
java.lang.Thread.State: WAITING (on object monitor)
        at sun.misc.Unsafe.park(Native Method)
        at java.util.concurrent.locks.LockSupport.park(LockSupport.java:175)
        at java.util.concurrent.locks.AbstractQueuedSynchronizer$ConditionObject.await(AbstractQueuedSynchronizer.java:2039)
        at java.util.concurrent.ScheduledThreadPoolExecutor$DelayedWorkQueue.take(ScheduledThreadPoolExecutor.java:1088)
        at java.util.concurrent.ScheduledThreadPoolExecutor$DelayedWorkQueue.take(ScheduledThreadPoolExecutor.java:809)
        at java.util.concurrent.ThreadPoolExecutor.getTask(ThreadPoolExecutor.java:1074)
        at java.util.concurrent.ThreadPoolExecutor.runWorker(ThreadPoolExecutor.java:1134)
        at java.util.concurrent.ThreadPoolExecutor$Worker.run(ThreadPoolExecutor.java:624)
        at java.lang.Thread.run(Thread.java:748)
"pool-297-thread-1"  prio=5 tid=1741 in Object.wait()
java.lang.Thread.State: WAITING (on object monitor)
        at sun.misc.Unsafe.park(Native Method)
        at java.util.concurrent.locks.LockSupport.park(LockSupport.java:175)
        at java.util.concurrent.locks.AbstractQueuedSynchronizer$ConditionObject.await(AbstractQueuedSynchronizer.java:2039)
        at java.util.concurrent.LinkedBlockingQueue.take(LinkedBlockingQueue.java:442)
        at java.util.concurrent.ThreadPoolExecutor.getTask(ThreadPoolExecutor.java:1074)
        at java.util.concurrent.ThreadPoolExecutor.runWorker(ThreadPoolExecutor.java:1134)
        at java.util.concurrent.ThreadPoolExecutor$Worker.run(ThreadPoolExecutor.java:624)
        at java.lang.Thread.run(Thread.java:748)
"IPC Server handler 7 on 36272" daemon prio=5 tid=991 timed_waiting
java.lang.Thread.State: TIMED_WAITING
        at sun.misc.Unsafe.park(Native Method)
        at java.util.concurrent.locks.LockSupport.parkNanos(LockSupport.java:215)
        at java.util.concurrent.locks.AbstractQueuedSynchronizer$ConditionObject.awaitNanos(AbstractQueuedSynchronizer.java:2078)
        at java.util.concurrent.LinkedBlockingQueue.poll(LinkedBlockingQueue.java:467)
        at org.apache.hadoop.ipc.CallQueueManager.take(CallQueueManager.java:288)
        at org.apache.hadoop.ipc.Server$Handler.run(Server.java:2668)
"pool-216-thread-60"  prio=5 tid=1420 in Object.wait()
java.lang.Thread.State: WAITING (on object monitor)
        at sun.misc.Unsafe.park(Native Method)
        at java.util.concurrent.locks.LockSupport.park(LockSupport.java:175)
        at java.util.concurrent.locks.AbstractQueuedSynchronizer$ConditionObject.await(AbstractQueuedSynchronizer.java:2039)
        at java.util.concurrent.ArrayBlockingQueue.take(ArrayBlockingQueue.java:403)
        at java.util.concurrent.ThreadPoolExecutor.getTask(ThreadPoolExecutor.java:1074)
        at java.util.concurrent.ThreadPoolExecutor.runWorker(ThreadPoolExecutor.java:1134)
        at java.util.concurrent.ThreadPoolExecutor$Worker.run(ThreadPoolExecutor.java:624)
        at java.lang.Thread.run(Thread.java:748)
"jaeger.RemoteReporter-QueueProcessor" daemon prio=5 tid=146 in Object.wait()
java.lang.Thread.State: WAITING (on object monitor)
        at sun.misc.Unsafe.park(Native Method)
        at java.util.concurrent.locks.LockSupport.park(LockSupport.java:175)
        at java.util.concurrent.locks.AbstractQueuedSynchronizer$ConditionObject.await(AbstractQueuedSynchronizer.java:2039)
        at java.util.concurrent.ArrayBlockingQueue.take(ArrayBlockingQueue.java:403)
        at io.jaegertracing.internal.reporters.RemoteReporter$QueueProcessor.run(RemoteReporter.java:173)
        at java.lang.Thread.run(Thread.java:748)
"pool-216-thread-42"  prio=5 tid=1402 in Object.wait()
java.lang.Thread.State: WAITING (on object monitor)
        at sun.misc.Unsafe.park(Native Method)
        at java.util.concurrent.locks.LockSupport.park(LockSupport.java:175)
        at java.util.concurrent.locks.AbstractQueuedSynchronizer$ConditionObject.await(AbstractQueuedSynchronizer.java:2039)
        at java.util.concurrent.ArrayBlockingQueue.take(ArrayBlockingQueue.java:403)
        at java.util.concurrent.ThreadPoolExecutor.getTask(ThreadPoolExecutor.java:1074)
        at java.util.concurrent.ThreadPoolExecutor.runWorker(ThreadPoolExecutor.java:1134)
        at java.util.concurrent.ThreadPoolExecutor$Worker.run(ThreadPoolExecutor.java:624)
        at java.lang.Thread.run(Thread.java:748)
"Command processor thread" daemon prio=5 tid=1206 timed_waiting
java.lang.Thread.State: TIMED_WAITING
        at java.lang.Thread.sleep(Native Method)
        at org.apache.hadoop.ozone.container.common.statemachine.DatanodeStateMachine.lambda$initCommandHandlerThread$1(DatanodeStateMachine.java:439)
        at org.apache.hadoop.ozone.container.common.statemachine.DatanodeStateMachine$$Lambda$144/707418368.run(Unknown Source)
        at java.lang.Thread.run(Thread.java:748)
"pool-174-thread-7"  prio=5 tid=1246 in Object.wait()
java.lang.Thread.State: WAITING (on object monitor)
        at sun.misc.Unsafe.park(Native Method)
        at java.util.concurrent.locks.LockSupport.park(LockSupport.java:175)
        at java.util.concurrent.locks.AbstractQueuedSynchronizer$ConditionObject.await(AbstractQueuedSynchronizer.java:2039)
        at java.util.concurrent.ArrayBlockingQueue.take(ArrayBlockingQueue.java:403)
        at java.util.concurrent.ThreadPoolExecutor.getTask(ThreadPoolExecutor.java:1074)
        at java.util.concurrent.ThreadPoolExecutor.runWorker(ThreadPoolExecutor.java:1134)
        at java.util.concurrent.ThreadPoolExecutor$Worker.run(ThreadPoolExecutor.java:624)
        at java.lang.Thread.run(Thread.java:748)
"qtp43402513-1106" daemon prio=5 tid=1106 timed_waiting
java.lang.Thread.State: TIMED_WAITING
        at sun.misc.Unsafe.park(Native Method)
        at java.util.concurrent.locks.LockSupport.parkNanos(LockSupport.java:215)
        at java.util.concurrent.locks.AbstractQueuedSynchronizer$ConditionObject.awaitNanos(AbstractQueuedSynchronizer.java:2078)
        at org.eclipse.jetty.util.BlockingArrayQueue.poll(BlockingArrayQueue.java:392)
        at org.eclipse.jetty.util.thread.QueuedThreadPool.idleJobPoll(QueuedThreadPool.java:563)
        at org.eclipse.jetty.util.thread.QueuedThreadPool.access$800(QueuedThreadPool.java:48)
        at org.eclipse.jetty.util.thread.QueuedThreadPool$2.run(QueuedThreadPool.java:626)
        at java.lang.Thread.run(Thread.java:748)
"pool-174-thread-12"  prio=5 tid=1251 in Object.wait()
java.lang.Thread.State: WAITING (on object monitor)
        at sun.misc.Unsafe.park(Native Method)
        at java.util.concurrent.locks.LockSupport.park(LockSupport.java:175)
        at java.util.concurrent.locks.AbstractQueuedSynchronizer$ConditionObject.await(AbstractQueuedSynchronizer.java:2039)
        at java.util.concurrent.ArrayBlockingQueue.take(ArrayBlockingQueue.java:403)
        at java.util.concurrent.ThreadPoolExecutor.getTask(ThreadPoolExecutor.java:1074)
        at java.util.concurrent.ThreadPoolExecutor.runWorker(ThreadPoolExecutor.java:1134)
        at java.util.concurrent.ThreadPoolExecutor$Worker.run(ThreadPoolExecutor.java:624)
        at java.lang.Thread.run(Thread.java:748)
"pool-216-thread-11"  prio=5 tid=1371 in Object.wait()
java.lang.Thread.State: WAITING (on object monitor)
        at sun.misc.Unsafe.park(Native Method)
        at java.util.concurrent.locks.LockSupport.park(LockSupport.java:175)
        at java.util.concurrent.locks.AbstractQueuedSynchronizer$ConditionObject.await(AbstractQueuedSynchronizer.java:2039)
        at java.util.concurrent.ArrayBlockingQueue.take(ArrayBlockingQueue.java:403)
        at java.util.concurrent.ThreadPoolExecutor.getTask(ThreadPoolExecutor.java:1074)
        at java.util.concurrent.ThreadPoolExecutor.runWorker(ThreadPoolExecutor.java:1134)
        at java.util.concurrent.ThreadPoolExecutor$Worker.run(ThreadPoolExecutor.java:624)
        at java.lang.Thread.run(Thread.java:748)
"pool-195-thread-48"  prio=5 tid=1348 in Object.wait()
java.lang.Thread.State: WAITING (on object monitor)
        at sun.misc.Unsafe.park(Native Method)
        at java.util.concurrent.locks.LockSupport.park(LockSupport.java:175)
        at java.util.concurrent.locks.AbstractQueuedSynchronizer$ConditionObject.await(AbstractQueuedSynchronizer.java:2039)
        at java.util.concurrent.ArrayBlockingQueue.take(ArrayBlockingQueue.java:403)
        at java.util.concurrent.ThreadPoolExecutor.getTask(ThreadPoolExecutor.java:1074)
        at java.util.concurrent.ThreadPoolExecutor.runWorker(ThreadPoolExecutor.java:1134)
        at java.util.concurrent.ThreadPoolExecutor$Worker.run(ThreadPoolExecutor.java:624)
        at java.lang.Thread.run(Thread.java:748)
"IPC Server handler 1 on 36683" daemon prio=5 tid=1027 timed_waiting
java.lang.Thread.State: TIMED_WAITING
        at sun.misc.Unsafe.park(Native Method)
        at java.util.concurrent.locks.LockSupport.parkNanos(LockSupport.java:215)
        at java.util.concurrent.locks.AbstractQueuedSynchronizer$ConditionObject.awaitNanos(AbstractQueuedSynchronizer.java:2078)
        at java.util.concurrent.LinkedBlockingQueue.poll(LinkedBlockingQueue.java:467)
        at org.apache.hadoop.ipc.CallQueueManager.take(CallQueueManager.java:288)
        at org.apache.hadoop.ipc.Server$Handler.run(Server.java:2668)
"Datanode ReportManager Thread - 3" daemon prio=5 tid=1175 in Object.wait()
java.lang.Thread.State: WAITING (on object monitor)
        at sun.misc.Unsafe.park(Native Method)
        at java.util.concurrent.locks.LockSupport.park(LockSupport.java:175)
        at java.util.concurrent.locks.AbstractQueuedSynchronizer$ConditionObject.await(AbstractQueuedSynchronizer.java:2039)
        at java.util.concurrent.ScheduledThreadPoolExecutor$DelayedWorkQueue.take(ScheduledThreadPoolExecutor.java:1088)
        at java.util.concurrent.ScheduledThreadPoolExecutor$DelayedWorkQueue.take(ScheduledThreadPoolExecutor.java:809)
        at java.util.concurrent.ThreadPoolExecutor.getTask(ThreadPoolExecutor.java:1074)
        at java.util.concurrent.ThreadPoolExecutor.runWorker(ThreadPoolExecutor.java:1134)
        at java.util.concurrent.ThreadPoolExecutor$Worker.run(ThreadPoolExecutor.java:624)
        at java.lang.Thread.run(Thread.java:748)
"IPC Server handler 16 on 36683" daemon prio=5 tid=1042 timed_waiting
java.lang.Thread.State: TIMED_WAITING
        at sun.misc.Unsafe.park(Native Method)
        at java.util.concurrent.locks.LockSupport.parkNanos(LockSupport.java:215)
        at java.util.concurrent.locks.AbstractQueuedSynchronizer$ConditionObject.awaitNanos(AbstractQueuedSynchronizer.java:2078)
        at java.util.concurrent.LinkedBlockingQueue.poll(LinkedBlockingQueue.java:467)
        at org.apache.hadoop.ipc.CallQueueManager.take(CallQueueManager.java:288)
        at org.apache.hadoop.ipc.Server$Handler.run(Server.java:2668)
"pool-237-thread-52"  prio=5 tid=1472 in Object.wait()
java.lang.Thread.State: WAITING (on object monitor)
        at sun.misc.Unsafe.park(Native Method)
        at java.util.concurrent.locks.LockSupport.park(LockSupport.java:175)
        at java.util.concurrent.locks.AbstractQueuedSynchronizer$ConditionObject.await(AbstractQueuedSynchronizer.java:2039)
        at java.util.concurrent.ArrayBlockingQueue.take(ArrayBlockingQueue.java:403)
        at java.util.concurrent.ThreadPoolExecutor.getTask(ThreadPoolExecutor.java:1074)
        at java.util.concurrent.ThreadPoolExecutor.runWorker(ThreadPoolExecutor.java:1134)
        at java.util.concurrent.ThreadPoolExecutor$Worker.run(ThreadPoolExecutor.java:624)
        at java.lang.Thread.run(Thread.java:748)
"Thread-716" daemon prio=5 tid=1721 timed_waiting
java.lang.Thread.State: TIMED_WAITING
        at sun.misc.Unsafe.park(Native Method)
        at java.util.concurrent.locks.LockSupport.parkNanos(LockSupport.java:215)
        at java.util.concurrent.locks.AbstractQueuedSynchronizer$ConditionObject.awaitNanos(AbstractQueuedSynchronizer.java:2078)
        at java.util.concurrent.ArrayBlockingQueue.poll(ArrayBlockingQueue.java:418)
        at org.apache.ratis.server.impl.LeaderState$EventQueue.poll(LeaderState.java:114)
        at org.apache.ratis.server.impl.LeaderState$EventProcessor.run(LeaderState.java:451)
"Datanode ReportManager Thread - 3" daemon prio=5 tid=1205 in Object.wait()
java.lang.Thread.State: WAITING (on object monitor)
        at sun.misc.Unsafe.park(Native Method)
        at java.util.concurrent.locks.LockSupport.park(LockSupport.java:175)
        at java.util.concurrent.locks.AbstractQueuedSynchronizer$ConditionObject.await(AbstractQueuedSynchronizer.java:2039)
        at java.util.concurrent.ScheduledThreadPoolExecutor$DelayedWorkQueue.take(ScheduledThreadPoolExecutor.java:1088)
        at java.util.concurrent.ScheduledThreadPoolExecutor$DelayedWorkQueue.take(ScheduledThreadPoolExecutor.java:809)
        at java.util.concurrent.ThreadPoolExecutor.getTask(ThreadPoolExecutor.java:1074)
        at java.util.concurrent.ThreadPoolExecutor.runWorker(ThreadPoolExecutor.java:1134)
        at java.util.concurrent.ThreadPoolExecutor$Worker.run(ThreadPoolExecutor.java:624)
        at java.lang.Thread.run(Thread.java:748)
"pool-227-thread-1"  prio=5 tid=1621 in Object.wait()
java.lang.Thread.State: WAITING (on object monitor)
        at sun.misc.Unsafe.park(Native Method)
        at java.util.concurrent.locks.LockSupport.park(LockSupport.java:175)
        at java.util.concurrent.locks.AbstractQueuedSynchronizer$ConditionObject.await(AbstractQueuedSynchronizer.java:2039)
        at java.util.concurrent.LinkedBlockingQueue.take(LinkedBlockingQueue.java:442)
        at java.util.concurrent.ThreadPoolExecutor.getTask(ThreadPoolExecutor.java:1074)
        at java.util.concurrent.ThreadPoolExecutor.runWorker(ThreadPoolExecutor.java:1134)
        at java.util.concurrent.ThreadPoolExecutor$Worker.run(ThreadPoolExecutor.java:624)
        at java.lang.Thread.run(Thread.java:748)
"pool-237-thread-48"  prio=5 tid=1468 in Object.wait()
java.lang.Thread.State: WAITING (on object monitor)
        at sun.misc.Unsafe.park(Native Method)
        at java.util.concurrent.locks.LockSupport.park(LockSupport.java:175)
        at java.util.concurrent.locks.AbstractQueuedSynchronizer$ConditionObject.await(AbstractQueuedSynchronizer.java:2039)
        at java.util.concurrent.ArrayBlockingQueue.take(ArrayBlockingQueue.java:403)
        at java.util.concurrent.ThreadPoolExecutor.getTask(ThreadPoolExecutor.java:1074)
        at java.util.concurrent.ThreadPoolExecutor.runWorker(ThreadPoolExecutor.java:1134)
        at java.util.concurrent.ThreadPoolExecutor$Worker.run(ThreadPoolExecutor.java:624)
        at java.lang.Thread.run(Thread.java:748)
"Datanode State Machine Thread - 0" daemon prio=5 tid=1081 timed_waiting
java.lang.Thread.State: TIMED_WAITING
        at java.lang.Thread.sleep(Native Method)
        at org.apache.hadoop.ozone.container.common.statemachine.DatanodeStateMachine.start(DatanodeStateMachine.java:191)
        at org.apache.hadoop.ozone.container.common.statemachine.DatanodeStateMachine.lambda$startDaemon$0(DatanodeStateMachine.java:349)
        at org.apache.hadoop.ozone.container.common.statemachine.DatanodeStateMachine$$Lambda$143/327170708.run(Unknown Source)
        at java.lang.Thread.run(Thread.java:748)
"IPC Server handler 19 on 42412" daemon prio=5 tid=983 timed_waiting
java.lang.Thread.State: TIMED_WAITING
        at sun.misc.Unsafe.park(Native Method)
        at java.util.concurrent.locks.LockSupport.parkNanos(LockSupport.java:215)
        at java.util.concurrent.locks.AbstractQueuedSynchronizer$ConditionObject.awaitNanos(AbstractQueuedSynchronizer.java:2078)
        at java.util.concurrent.LinkedBlockingQueue.poll(LinkedBlockingQueue.java:467)
        at org.apache.hadoop.ipc.CallQueueManager.take(CallQueueManager.java:288)
        at org.apache.hadoop.ipc.Server$Handler.run(Server.java:2668)
"BlockDeletingService#0" daemon prio=5 tid=1216 in Object.wait()
java.lang.Thread.State: WAITING (on object monitor)
        at sun.misc.Unsafe.park(Native Method)
        at java.util.concurrent.locks.LockSupport.park(LockSupport.java:175)
        at java.util.concurrent.locks.AbstractQueuedSynchronizer$ConditionObject.await(AbstractQueuedSynchronizer.java:2039)
        at java.util.concurrent.ScheduledThreadPoolExecutor$DelayedWorkQueue.take(ScheduledThreadPoolExecutor.java:1088)
        at java.util.concurrent.ScheduledThreadPoolExecutor$DelayedWorkQueue.take(ScheduledThreadPoolExecutor.java:809)
        at java.util.concurrent.ThreadPoolExecutor.getTask(ThreadPoolExecutor.java:1074)
        at java.util.concurrent.ThreadPoolExecutor.runWorker(ThreadPoolExecutor.java:1134)
        at java.util.concurrent.ThreadPoolExecutor$Worker.run(ThreadPoolExecutor.java:624)
        at java.lang.Thread.run(Thread.java:748)
"qtp649827042-1073" daemon prio=5 tid=1073 timed_waiting
java.lang.Thread.State: TIMED_WAITING
        at sun.misc.Unsafe.park(Native Method)
        at java.util.concurrent.locks.LockSupport.parkNanos(LockSupport.java:215)
        at java.util.concurrent.locks.AbstractQueuedSynchronizer$ConditionObject.awaitNanos(AbstractQueuedSynchronizer.java:2078)
        at org.eclipse.jetty.util.BlockingArrayQueue.poll(BlockingArrayQueue.java:392)
        at org.eclipse.jetty.util.thread.QueuedThreadPool.idleJobPoll(QueuedThreadPool.java:563)
        at org.eclipse.jetty.util.thread.QueuedThreadPool.access$800(QueuedThreadPool.java:48)
        at org.eclipse.jetty.util.thread.QueuedThreadPool$2.run(QueuedThreadPool.java:626)
        at java.lang.Thread.run(Thread.java:748)
"qtp1920846948-1222" daemon prio=5 tid=1222 timed_waiting
java.lang.Thread.State: TIMED_WAITING
        at sun.misc.Unsafe.park(Native Method)
        at java.util.concurrent.locks.LockSupport.parkNanos(LockSupport.java:215)
        at java.util.concurrent.locks.AbstractQueuedSynchronizer$ConditionObject.awaitNanos(AbstractQueuedSynchronizer.java:2078)
        at org.eclipse.jetty.util.BlockingArrayQueue.poll(BlockingArrayQueue.java:392)
        at org.eclipse.jetty.util.thread.QueuedThreadPool.idleJobPoll(QueuedThreadPool.java:563)
        at org.eclipse.jetty.util.thread.QueuedThreadPool.access$800(QueuedThreadPool.java:48)
        at org.eclipse.jetty.util.thread.QueuedThreadPool$2.run(QueuedThreadPool.java:626)
        at java.lang.Thread.run(Thread.java:748)
"nioEventLoopGroup-12-1"  prio=10 tid=321 runnable
java.lang.Thread.State: RUNNABLE
        at sun.nio.ch.EPollArrayWrapper.epollWait(Native Method)
        at sun.nio.ch.EPollArrayWrapper.poll(EPollArrayWrapper.java:269)
        at sun.nio.ch.EPollSelectorImpl.doSelect(EPollSelectorImpl.java:93)
        at sun.nio.ch.SelectorImpl.lockAndDoSelect(SelectorImpl.java:86)
        at sun.nio.ch.SelectorImpl.select(SelectorImpl.java:97)
        at io.netty.channel.nio.SelectedSelectionKeySetSelector.select(SelectedSelectionKeySetSelector.java:62)
        at io.netty.channel.nio.NioEventLoop.select(NioEventLoop.java:753)
        at io.netty.channel.nio.NioEventLoop.run(NioEventLoop.java:408)
        at io.netty.util.concurrent.SingleThreadEventExecutor$5.run(SingleThreadEventExecutor.java:897)
        at io.netty.util.concurrent.FastThreadLocalRunnable.run(FastThreadLocalRunnable.java:30)
        at java.lang.Thread.run(Thread.java:748)
"pool-237-thread-39"  prio=5 tid=1459 in Object.wait()
java.lang.Thread.State: WAITING (on object monitor)
        at sun.misc.Unsafe.park(Native Method)
        at java.util.concurrent.locks.LockSupport.park(LockSupport.java:175)
        at java.util.concurrent.locks.AbstractQueuedSynchronizer$ConditionObject.await(AbstractQueuedSynchronizer.java:2039)
        at java.util.concurrent.ArrayBlockingQueue.take(ArrayBlockingQueue.java:403)
        at java.util.concurrent.ThreadPoolExecutor.getTask(ThreadPoolExecutor.java:1074)
        at java.util.concurrent.ThreadPoolExecutor.runWorker(ThreadPoolExecutor.java:1134)
        at java.util.concurrent.ThreadPoolExecutor$Worker.run(ThreadPoolExecutor.java:624)
        at java.lang.Thread.run(Thread.java:748)
"482e7165-fe12-46cd-a701-6952c6a65481-SegmentedRaftLogWorker:Storage Directory /tmp/workdir/hadoop-ozone/integration-test/target/test-dir/MiniOzoneClusterImpl-d6a8514b-9f5a-4ec7-be91-cc3589120d34/datanode-2/data/ratis/e0f5f245-f45a-48c3-a468-d12da0922e45"  prio=5 tid=1632 timed_waiting
java.lang.Thread.State: TIMED_WAITING
        at sun.misc.Unsafe.park(Native Method)
        at java.util.concurrent.locks.LockSupport.parkNanos(LockSupport.java:215)
        at java.util.concurrent.locks.AbstractQueuedSynchronizer$ConditionObject.awaitNanos(AbstractQueuedSynchronizer.java:2078)
        at org.apache.ratis.util.DataBlockingQueue.poll(DataBlockingQueue.java:137)
        at org.apache.ratis.server.raftlog.segmented.SegmentedRaftLogWorker.run(SegmentedRaftLogWorker.java:283)
        at java.lang.Thread.run(Thread.java:748)
"pool-174-thread-9"  prio=5 tid=1248 in Object.wait()
java.lang.Thread.State: WAITING (on object monitor)
        at sun.misc.Unsafe.park(Native Method)
        at java.util.concurrent.locks.LockSupport.park(LockSupport.java:175)
        at java.util.concurrent.locks.AbstractQueuedSynchronizer$ConditionObject.await(AbstractQueuedSynchronizer.java:2039)
        at java.util.concurrent.ArrayBlockingQueue.take(ArrayBlockingQueue.java:403)
        at java.util.concurrent.ThreadPoolExecutor.getTask(ThreadPoolExecutor.java:1074)
        at java.util.concurrent.ThreadPoolExecutor.runWorker(ThreadPoolExecutor.java:1134)
        at java.util.concurrent.ThreadPoolExecutor$Worker.run(ThreadPoolExecutor.java:624)
        at java.lang.Thread.run(Thread.java:748)
"pool-206-thread-1"  prio=5 tid=1616 in Object.wait()
java.lang.Thread.State: WAITING (on object monitor)
        at sun.misc.Unsafe.park(Native Method)
        at java.util.concurrent.locks.LockSupport.park(LockSupport.java:175)
        at java.util.concurrent.locks.AbstractQueuedSynchronizer$ConditionObject.await(AbstractQueuedSynchronizer.java:2039)
        at java.util.concurrent.LinkedBlockingQueue.take(LinkedBlockingQueue.java:442)
        at java.util.concurrent.ThreadPoolExecutor.getTask(ThreadPoolExecutor.java:1074)
        at java.util.concurrent.ThreadPoolExecutor.runWorker(ThreadPoolExecutor.java:1134)
        at java.util.concurrent.ThreadPoolExecutor$Worker.run(ThreadPoolExecutor.java:624)
        at java.lang.Thread.run(Thread.java:748)
"process reaper" daemon prio=10 tid=10 timed_waiting
java.lang.Thread.State: TIMED_WAITING
        at sun.misc.Unsafe.park(Native Method)
        at java.util.concurrent.locks.LockSupport.parkNanos(LockSupport.java:215)
        at java.util.concurrent.SynchronousQueue$TransferStack.awaitFulfill(SynchronousQueue.java:460)
        at java.util.concurrent.SynchronousQueue$TransferStack.transfer(SynchronousQueue.java:362)
        at java.util.concurrent.SynchronousQueue.poll(SynchronousQueue.java:941)
        at java.util.concurrent.ThreadPoolExecutor.getTask(ThreadPoolExecutor.java:1073)
        at java.util.concurrent.ThreadPoolExecutor.runWorker(ThreadPoolExecutor.java:1134)
        at java.util.concurrent.ThreadPoolExecutor$Worker.run(ThreadPoolExecutor.java:624)
        at java.lang.Thread.run(Thread.java:748)
"StateMachineUpdater:9235e096-bad2-4ddc-afaa-1e7edc12c7d5:group-2CAFED4AB0A3" daemon prio=5 tid=1662 in Object.wait()
java.lang.Thread.State: WAITING (on object monitor)
        at java.lang.Object.wait(Native Method)
        at java.lang.Object.wait(Object.java:502)
        at org.apache.ratis.server.impl.StateMachineUpdater.waitForCommit(StateMachineUpdater.java:180)
        at org.apache.ratis.server.impl.StateMachineUpdater.run(StateMachineUpdater.java:138)
        at java.lang.Thread.run(Thread.java:748)
"pool-174-thread-30"  prio=5 tid=1269 in Object.wait()
java.lang.Thread.State: WAITING (on object monitor)
        at sun.misc.Unsafe.park(Native Method)
        at java.util.concurrent.locks.LockSupport.park(LockSupport.java:175)
        at java.util.concurrent.locks.AbstractQueuedSynchronizer$ConditionObject.await(AbstractQueuedSynchronizer.java:2039)
        at java.util.concurrent.ArrayBlockingQueue.take(ArrayBlockingQueue.java:403)
        at java.util.concurrent.ThreadPoolExecutor.getTask(ThreadPoolExecutor.java:1074)
        at java.util.concurrent.ThreadPoolExecutor.runWorker(ThreadPoolExecutor.java:1134)
        at java.util.concurrent.ThreadPoolExecutor$Worker.run(ThreadPoolExecutor.java:624)
        at java.lang.Thread.run(Thread.java:748)
"pool-258-thread-9"  prio=5 tid=1489 in Object.wait()
java.lang.Thread.State: WAITING (on object monitor)
        at sun.misc.Unsafe.park(Native Method)
        at java.util.concurrent.locks.LockSupport.park(LockSupport.java:175)
        at java.util.concurrent.locks.AbstractQueuedSynchronizer$ConditionObject.await(AbstractQueuedSynchronizer.java:2039)
        at java.util.concurrent.ArrayBlockingQueue.take(ArrayBlockingQueue.java:403)
        at java.util.concurrent.ThreadPoolExecutor.getTask(ThreadPoolExecutor.java:1074)
        at java.util.concurrent.ThreadPoolExecutor.runWorker(ThreadPoolExecutor.java:1134)
        at java.util.concurrent.ThreadPoolExecutor$Worker.run(ThreadPoolExecutor.java:624)
        at java.lang.Thread.run(Thread.java:748)
"pool-258-thread-32"  prio=5 tid=1512 in Object.wait()
java.lang.Thread.State: WAITING (on object monitor)
        at sun.misc.Unsafe.park(Native Method)
        at java.util.concurrent.locks.LockSupport.park(LockSupport.java:175)
        at java.util.concurrent.locks.AbstractQueuedSynchronizer$ConditionObject.await(AbstractQueuedSynchronizer.java:2039)
        at java.util.concurrent.ArrayBlockingQueue.take(ArrayBlockingQueue.java:403)
        at java.util.concurrent.ThreadPoolExecutor.getTask(ThreadPoolExecutor.java:1074)
        at java.util.concurrent.ThreadPoolExecutor.runWorker(ThreadPoolExecutor.java:1134)
        at java.util.concurrent.ThreadPoolExecutor$Worker.run(ThreadPoolExecutor.java:624)
        at java.lang.Thread.run(Thread.java:748)
"pool-237-thread-40"  prio=5 tid=1460 in Object.wait()
java.lang.Thread.State: WAITING (on object monitor)
        at sun.misc.Unsafe.park(Native Method)
        at java.util.concurrent.locks.LockSupport.park(LockSupport.java:175)
        at java.util.concurrent.locks.AbstractQueuedSynchronizer$ConditionObject.await(AbstractQueuedSynchronizer.java:2039)
        at java.util.concurrent.ArrayBlockingQueue.take(ArrayBlockingQueue.java:403)
        at java.util.concurrent.ThreadPoolExecutor.getTask(ThreadPoolExecutor.java:1074)
        at java.util.concurrent.ThreadPoolExecutor.runWorker(ThreadPoolExecutor.java:1134)
        at java.util.concurrent.ThreadPoolExecutor$Worker.run(ThreadPoolExecutor.java:624)
        at java.lang.Thread.run(Thread.java:748)
"Datanode ReportManager Thread - 0" daemon prio=5 tid=1082 in Object.wait()
java.lang.Thread.State: WAITING (on object monitor)
        at sun.misc.Unsafe.park(Native Method)
        at java.util.concurrent.locks.LockSupport.park(LockSupport.java:175)
        at java.util.concurrent.locks.AbstractQueuedSynchronizer$ConditionObject.await(AbstractQueuedSynchronizer.java:2039)
        at java.util.concurrent.ScheduledThreadPoolExecutor$DelayedWorkQueue.take(ScheduledThreadPoolExecutor.java:1088)
        at java.util.concurrent.ScheduledThreadPoolExecutor$DelayedWorkQueue.take(ScheduledThreadPoolExecutor.java:809)
        at java.util.concurrent.ThreadPoolExecutor.getTask(ThreadPoolExecutor.java:1074)
        at java.util.concurrent.ThreadPoolExecutor.runWorker(ThreadPoolExecutor.java:1134)
        at java.util.concurrent.ThreadPoolExecutor$Worker.run(ThreadPoolExecutor.java:624)
        at java.lang.Thread.run(Thread.java:748)
"grpc-default-worker-ELG-3-2" daemon prio=5 tid=703 runnable
java.lang.Thread.State: RUNNABLE
        at sun.nio.ch.EPollArrayWrapper.epollWait(Native Method)
        at sun.nio.ch.EPollArrayWrapper.poll(EPollArrayWrapper.java:269)
        at sun.nio.ch.EPollSelectorImpl.doSelect(EPollSelectorImpl.java:93)
        at sun.nio.ch.SelectorImpl.lockAndDoSelect(SelectorImpl.java:86)
        at sun.nio.ch.SelectorImpl.select(SelectorImpl.java:97)
        at org.apache.ratis.thirdparty.io.netty.channel.nio.SelectedSelectionKeySetSelector.select(SelectedSelectionKeySetSelector.java:62)
        at org.apache.ratis.thirdparty.io.netty.channel.nio.NioEventLoop.select(NioEventLoop.java:753)
        at org.apache.ratis.thirdparty.io.netty.channel.nio.NioEventLoop.run(NioEventLoop.java:408)
        at org.apache.ratis.thirdparty.io.netty.util.concurrent.SingleThreadEventExecutor$5.run(SingleThreadEventExecutor.java:897)
        at org.apache.ratis.thirdparty.io.netty.util.concurrent.FastThreadLocalRunnable.run(FastThreadLocalRunnable.java:30)
        at java.lang.Thread.run(Thread.java:748)
"pool-237-thread-56"  prio=5 tid=1476 in Object.wait()
java.lang.Thread.State: WAITING (on object monitor)
        at sun.misc.Unsafe.park(Native Method)
        at java.util.concurrent.locks.LockSupport.park(LockSupport.java:175)
        at java.util.concurrent.locks.AbstractQueuedSynchronizer$ConditionObject.await(AbstractQueuedSynchronizer.java:2039)
        at java.util.concurrent.ArrayBlockingQueue.take(ArrayBlockingQueue.java:403)
        at java.util.concurrent.ThreadPoolExecutor.getTask(ThreadPoolExecutor.java:1074)
        at java.util.concurrent.ThreadPoolExecutor.runWorker(ThreadPoolExecutor.java:1134)
        at java.util.concurrent.ThreadPoolExecutor$Worker.run(ThreadPoolExecutor.java:624)
        at java.lang.Thread.run(Thread.java:748)
"IPC Server handler 6 on 42412" daemon prio=5 tid=970 timed_waiting
java.lang.Thread.State: TIMED_WAITING
        at sun.misc.Unsafe.park(Native Method)
        at java.util.concurrent.locks.LockSupport.parkNanos(LockSupport.java:215)
        at java.util.concurrent.locks.AbstractQueuedSynchronizer$ConditionObject.awaitNanos(AbstractQueuedSynchronizer.java:2078)
        at java.util.concurrent.LinkedBlockingQueue.poll(LinkedBlockingQueue.java:467)
        at org.apache.hadoop.ipc.CallQueueManager.take(CallQueueManager.java:288)
        at org.apache.hadoop.ipc.Server$Handler.run(Server.java:2668)
"qtp1814361629-1159" daemon prio=5 tid=1159 runnable
java.lang.Thread.State: RUNNABLE
        at sun.nio.ch.EPollArrayWrapper.epollWait(Native Method)
        at sun.nio.ch.EPollArrayWrapper.poll(EPollArrayWrapper.java:269)
        at sun.nio.ch.EPollSelectorImpl.doSelect(EPollSelectorImpl.java:93)
        at sun.nio.ch.SelectorImpl.lockAndDoSelect(SelectorImpl.java:86)
        at sun.nio.ch.SelectorImpl.select(SelectorImpl.java:97)
        at sun.nio.ch.SelectorImpl.select(SelectorImpl.java:101)
        at org.eclipse.jetty.io.ManagedSelector$SelectorProducer.select(ManagedSelector.java:243)
        at org.eclipse.jetty.io.ManagedSelector$SelectorProducer.produce(ManagedSelector.java:191)
        at org.eclipse.jetty.util.thread.strategy.ExecuteProduceConsume.executeProduceConsume(ExecuteProduceConsume.java:249)
        at org.eclipse.jetty.util.thread.strategy.ExecuteProduceConsume.produceConsume(ExecuteProduceConsume.java:148)
        at org.eclipse.jetty.util.thread.strategy.ExecuteProduceConsume.execute(ExecuteProduceConsume.java:100)
        at org.eclipse.jetty.io.ManagedSelector.run(ManagedSelector.java:147)
        at org.eclipse.jetty.util.thread.QueuedThreadPool.runJob(QueuedThreadPool.java:671)
        at org.eclipse.jetty.util.thread.QueuedThreadPool$2.run(QueuedThreadPool.java:589)
        at java.lang.Thread.run(Thread.java:748)
"pool-279-thread-48"  prio=5 tid=1588 in Object.wait()
java.lang.Thread.State: WAITING (on object monitor)
        at sun.misc.Unsafe.park(Native Method)
        at java.util.concurrent.locks.LockSupport.park(LockSupport.java:175)
        at java.util.concurrent.locks.AbstractQueuedSynchronizer$ConditionObject.await(AbstractQueuedSynchronizer.java:2039)
        at java.util.concurrent.ArrayBlockingQueue.take(ArrayBlockingQueue.java:403)
        at java.util.concurrent.ThreadPoolExecutor.getTask(ThreadPoolExecutor.java:1074)
        at java.util.concurrent.ThreadPoolExecutor.runWorker(ThreadPoolExecutor.java:1134)
        at java.util.concurrent.ThreadPoolExecutor$Worker.run(ThreadPoolExecutor.java:624)
        at java.lang.Thread.run(Thread.java:748)
"pool-258-thread-38"  prio=5 tid=1518 in Object.wait()
java.lang.Thread.State: WAITING (on object monitor)
        at sun.misc.Unsafe.park(Native Method)
        at java.util.concurrent.locks.LockSupport.park(LockSupport.java:175)
        at java.util.concurrent.locks.AbstractQueuedSynchronizer$ConditionObject.await(AbstractQueuedSynchronizer.java:2039)
        at java.util.concurrent.ArrayBlockingQueue.take(ArrayBlockingQueue.java:403)
        at java.util.concurrent.ThreadPoolExecutor.getTask(ThreadPoolExecutor.java:1074)
        at java.util.concurrent.ThreadPoolExecutor.runWorker(ThreadPoolExecutor.java:1134)
        at java.util.concurrent.ThreadPoolExecutor$Worker.run(ThreadPoolExecutor.java:624)
        at java.lang.Thread.run(Thread.java:748)
"IPC Server handler 8 on 42412" daemon prio=5 tid=972 timed_waiting
java.lang.Thread.State: TIMED_WAITING
        at sun.misc.Unsafe.park(Native Method)
        at java.util.concurrent.locks.LockSupport.parkNanos(LockSupport.java:215)
        at java.util.concurrent.locks.AbstractQueuedSynchronizer$ConditionObject.awaitNanos(AbstractQueuedSynchronizer.java:2078)
        at java.util.concurrent.LinkedBlockingQueue.poll(LinkedBlockingQueue.java:467)
        at org.apache.hadoop.ipc.CallQueueManager.take(CallQueueManager.java:288)
        at org.apache.hadoop.ipc.Server$Handler.run(Server.java:2668)
"pool-258-thread-29"  prio=5 tid=1509 in Object.wait()
java.lang.Thread.State: WAITING (on object monitor)
        at sun.misc.Unsafe.park(Native Method)
        at java.util.concurrent.locks.LockSupport.park(LockSupport.java:175)
        at java.util.concurrent.locks.AbstractQueuedSynchronizer$ConditionObject.await(AbstractQueuedSynchronizer.java:2039)
        at java.util.concurrent.ArrayBlockingQueue.take(ArrayBlockingQueue.java:403)
        at java.util.concurrent.ThreadPoolExecutor.getTask(ThreadPoolExecutor.java:1074)
        at java.util.concurrent.ThreadPoolExecutor.runWorker(ThreadPoolExecutor.java:1134)
        at java.util.concurrent.ThreadPoolExecutor$Worker.run(ThreadPoolExecutor.java:624)
        at java.lang.Thread.run(Thread.java:748)
"9e9398c9-c564-45b1-aca3-844f60de829e-SegmentedRaftLogWorker:Storage Directory /tmp/workdir/hadoop-ozone/integration-test/target/test-dir/MiniOzoneClusterImpl-d6a8514b-9f5a-4ec7-be91-cc3589120d34/datanode-5/data/ratis/b1cf86dc-e513-4c4a-b337-4d4b878d4bca"  prio=5 tid=1651 timed_waiting
java.lang.Thread.State: TIMED_WAITING
        at sun.misc.Unsafe.park(Native Method)
        at java.util.concurrent.locks.LockSupport.parkNanos(LockSupport.java:215)
        at java.util.concurrent.locks.AbstractQueuedSynchronizer$ConditionObject.awaitNanos(AbstractQueuedSynchronizer.java:2078)
        at org.apache.ratis.util.DataBlockingQueue.poll(DataBlockingQueue.java:137)
        at org.apache.ratis.server.raftlog.segmented.SegmentedRaftLogWorker.run(SegmentedRaftLogWorker.java:283)
        at java.lang.Thread.run(Thread.java:748)
"pool-279-thread-4"  prio=5 tid=1544 in Object.wait()
java.lang.Thread.State: WAITING (on object monitor)
        at sun.misc.Unsafe.park(Native Method)
        at java.util.concurrent.locks.LockSupport.park(LockSupport.java:175)
        at java.util.concurrent.locks.AbstractQueuedSynchronizer$ConditionObject.await(AbstractQueuedSynchronizer.java:2039)
        at java.util.concurrent.ArrayBlockingQueue.take(ArrayBlockingQueue.java:403)
        at java.util.concurrent.ThreadPoolExecutor.getTask(ThreadPoolExecutor.java:1074)
        at java.util.concurrent.ThreadPoolExecutor.runWorker(ThreadPoolExecutor.java:1134)
        at java.util.concurrent.ThreadPoolExecutor$Worker.run(ThreadPoolExecutor.java:624)
        at java.lang.Thread.run(Thread.java:748)
"Finalizer" daemon prio=8 tid=3 in Object.wait()
java.lang.Thread.State: WAITING (on object monitor)
        at java.lang.Object.wait(Native Method)
        at java.lang.ref.ReferenceQueue.remove(ReferenceQueue.java:144)
        at java.lang.ref.ReferenceQueue.remove(ReferenceQueue.java:165)
        at java.lang.ref.Finalizer$FinalizerThread.run(Finalizer.java:216)
"Thread-715" daemon prio=5 tid=1720 timed_waiting
java.lang.Thread.State: TIMED_WAITING
        at java.lang.Thread.sleep(Native Method)
        at org.apache.ratis.util.JavaUtils.sleep(JavaUtils.java:247)
        at org.apache.ratis.server.impl.FollowerState.run(FollowerState.java:96)
"qtp1633584044-1009" daemon prio=5 tid=1009 timed_waiting
java.lang.Thread.State: TIMED_WAITING
        at sun.misc.Unsafe.park(Native Method)
        at java.util.concurrent.locks.LockSupport.parkNanos(LockSupport.java:215)
        at java.util.concurrent.locks.AbstractQueuedSynchronizer$ConditionObject.awaitNanos(AbstractQueuedSynchronizer.java:2078)
        at org.eclipse.jetty.util.BlockingArrayQueue.poll(BlockingArrayQueue.java:392)
        at org.eclipse.jetty.util.thread.QueuedThreadPool.idleJobPoll(QueuedThreadPool.java:563)
        at org.eclipse.jetty.util.thread.QueuedThreadPool.access$800(QueuedThreadPool.java:48)
        at org.eclipse.jetty.util.thread.QueuedThreadPool$2.run(QueuedThreadPool.java:626)
        at java.lang.Thread.run(Thread.java:748)
"pool-258-thread-16"  prio=5 tid=1496 in Object.wait()
java.lang.Thread.State: WAITING (on object monitor)
        at sun.misc.Unsafe.park(Native Method)
        at java.util.concurrent.locks.LockSupport.park(LockSupport.java:175)
        at java.util.concurrent.locks.AbstractQueuedSynchronizer$ConditionObject.await(AbstractQueuedSynchronizer.java:2039)
        at java.util.concurrent.ArrayBlockingQueue.take(ArrayBlockingQueue.java:403)
        at java.util.concurrent.ThreadPoolExecutor.getTask(ThreadPoolExecutor.java:1074)
        at java.util.concurrent.ThreadPoolExecutor.runWorker(ThreadPoolExecutor.java:1134)
        at java.util.concurrent.ThreadPoolExecutor$Worker.run(ThreadPoolExecutor.java:624)
        at java.lang.Thread.run(Thread.java:748)
"pool-216-thread-31"  prio=5 tid=1391 in Object.wait()
java.lang.Thread.State: WAITING (on object monitor)
        at sun.misc.Unsafe.park(Native Method)
        at java.util.concurrent.locks.LockSupport.park(LockSupport.java:175)
        at java.util.concurrent.locks.AbstractQueuedSynchronizer$ConditionObject.await(AbstractQueuedSynchronizer.java:2039)
        at java.util.concurrent.ArrayBlockingQueue.take(ArrayBlockingQueue.java:403)
        at java.util.concurrent.ThreadPoolExecutor.getTask(ThreadPoolExecutor.java:1074)
        at java.util.concurrent.ThreadPoolExecutor.runWorker(ThreadPoolExecutor.java:1134)
        at java.util.concurrent.ThreadPoolExecutor$Worker.run(ThreadPoolExecutor.java:624)
        at java.lang.Thread.run(Thread.java:748)
"surefire-forkedjvm-ping-30s" daemon prio=5 tid=9 timed_waiting
java.lang.Thread.State: TIMED_WAITING
        at sun.misc.Unsafe.park(Native Method)
        at java.util.concurrent.locks.LockSupport.parkNanos(LockSupport.java:215)
        at java.util.concurrent.locks.AbstractQueuedSynchronizer$ConditionObject.awaitNanos(AbstractQueuedSynchronizer.java:2078)
        at java.util.concurrent.ScheduledThreadPoolExecutor$DelayedWorkQueue.take(ScheduledThreadPoolExecutor.java:1093)
        at java.util.concurrent.ScheduledThreadPoolExecutor$DelayedWorkQueue.take(ScheduledThreadPoolExecutor.java:809)
        at java.util.concurrent.ThreadPoolExecutor.getTask(ThreadPoolExecutor.java:1074)
        at java.util.concurrent.ThreadPoolExecutor.runWorker(ThreadPoolExecutor.java:1134)
        at java.util.concurrent.ThreadPoolExecutor$Worker.run(ThreadPoolExecutor.java:624)
        at java.lang.Thread.run(Thread.java:748)
"StateMachineUpdater:4dd65c2c-d780-47ac-bbfa-d53e8644b05a:group-D12DA0922E45" daemon prio=5 tid=1629 in Object.wait()
java.lang.Thread.State: WAITING (on object monitor)
        at java.lang.Object.wait(Native Method)
        at java.lang.Object.wait(Object.java:502)
        at org.apache.ratis.server.impl.StateMachineUpdater.waitForCommit(StateMachineUpdater.java:180)
        at org.apache.ratis.server.impl.StateMachineUpdater.run(StateMachineUpdater.java:138)
        at java.lang.Thread.run(Thread.java:748)
"pool-216-thread-9"  prio=5 tid=1369 in Object.wait()
java.lang.Thread.State: WAITING (on object monitor)
        at sun.misc.Unsafe.park(Native Method)
        at java.util.concurrent.locks.LockSupport.park(LockSupport.java:175)
        at java.util.concurrent.locks.AbstractQueuedSynchronizer$ConditionObject.await(AbstractQueuedSynchronizer.java:2039)
        at java.util.concurrent.ArrayBlockingQueue.take(ArrayBlockingQueue.java:403)
        at java.util.concurrent.ThreadPoolExecutor.getTask(ThreadPoolExecutor.java:1074)
        at java.util.concurrent.ThreadPoolExecutor.runWorker(ThreadPoolExecutor.java:1134)
        at java.util.concurrent.ThreadPoolExecutor$Worker.run(ThreadPoolExecutor.java:624)
        at java.lang.Thread.run(Thread.java:748)
"Socket Reader #1 for port 35612"  prio=5 tid=938 runnable
java.lang.Thread.State: RUNNABLE
        at sun.nio.ch.EPollArrayWrapper.epollWait(Native Method)
        at sun.nio.ch.EPollArrayWrapper.poll(EPollArrayWrapper.java:269)
        at sun.nio.ch.EPollSelectorImpl.doSelect(EPollSelectorImpl.java:93)
        at sun.nio.ch.SelectorImpl.lockAndDoSelect(SelectorImpl.java:86)
        at sun.nio.ch.SelectorImpl.select(SelectorImpl.java:97)
        at sun.nio.ch.SelectorImpl.select(SelectorImpl.java:101)
        at org.apache.hadoop.ipc.Server$Listener$Reader.doRunLoop(Server.java:1097)
        at org.apache.hadoop.ipc.Server$Listener$Reader.run(Server.java:1076)
"EventQueue-ContainerReportForContainerReportHandler" daemon prio=5 tid=1603 in Object.wait()
java.lang.Thread.State: WAITING (on object monitor)
        at sun.misc.Unsafe.park(Native Method)
        at java.util.concurrent.locks.LockSupport.park(LockSupport.java:175)
        at java.util.concurrent.locks.AbstractQueuedSynchronizer$ConditionObject.await(AbstractQueuedSynchronizer.java:2039)
        at java.util.concurrent.LinkedBlockingQueue.take(LinkedBlockingQueue.java:442)
        at java.util.concurrent.ThreadPoolExecutor.getTask(ThreadPoolExecutor.java:1074)
        at java.util.concurrent.ThreadPoolExecutor.runWorker(ThreadPoolExecutor.java:1134)
        at java.util.concurrent.ThreadPoolExecutor$Worker.run(ThreadPoolExecutor.java:624)
        at java.lang.Thread.run(Thread.java:748)
"qtp649827042-1069-acceptor-0@5bf4488f-ServerConnector@5e37fb82{HTTP/1.1,[http/1.1]}{0.0.0.0:35693}" daemon prio=3 tid=1069 runnable
java.lang.Thread.State: RUNNABLE
        at sun.nio.ch.ServerSocketChannelImpl.accept0(Native Method)
        at sun.nio.ch.ServerSocketChannelImpl.accept(ServerSocketChannelImpl.java:422)
        at sun.nio.ch.ServerSocketChannelImpl.accept(ServerSocketChannelImpl.java:250)
        at org.eclipse.jetty.server.ServerConnector.accept(ServerConnector.java:397)
        at org.eclipse.jetty.server.AbstractConnector$Acceptor.run(AbstractConnector.java:601)
        at org.eclipse.jetty.util.thread.QueuedThreadPool.runJob(QueuedThreadPool.java:671)
        at org.eclipse.jetty.util.thread.QueuedThreadPool$2.run(QueuedThreadPool.java:589)
        at java.lang.Thread.run(Thread.java:748)
"pool-237-thread-32"  prio=5 tid=1452 in Object.wait()
java.lang.Thread.State: WAITING (on object monitor)
        at sun.misc.Unsafe.park(Native Method)
        at java.util.concurrent.locks.LockSupport.park(LockSupport.java:175)
        at java.util.concurrent.locks.AbstractQueuedSynchronizer$ConditionObject.await(AbstractQueuedSynchronizer.java:2039)
        at java.util.concurrent.ArrayBlockingQueue.take(ArrayBlockingQueue.java:403)
        at java.util.concurrent.ThreadPoolExecutor.getTask(ThreadPoolExecutor.java:1074)
        at java.util.concurrent.ThreadPoolExecutor.runWorker(ThreadPoolExecutor.java:1134)
        at java.util.concurrent.ThreadPoolExecutor$Worker.run(ThreadPoolExecutor.java:624)
        at java.lang.Thread.run(Thread.java:748)
"pool-216-thread-36"  prio=5 tid=1396 in Object.wait()
java.lang.Thread.State: WAITING (on object monitor)
        at sun.misc.Unsafe.park(Native Method)
        at java.util.concurrent.locks.LockSupport.park(LockSupport.java:175)
        at java.util.concurrent.locks.AbstractQueuedSynchronizer$ConditionObject.await(AbstractQueuedSynchronizer.java:2039)
        at java.util.concurrent.ArrayBlockingQueue.take(ArrayBlockingQueue.java:403)
        at java.util.concurrent.ThreadPoolExecutor.getTask(ThreadPoolExecutor.java:1074)
        at java.util.concurrent.ThreadPoolExecutor.runWorker(ThreadPoolExecutor.java:1134)
        at java.util.concurrent.ThreadPoolExecutor$Worker.run(ThreadPoolExecutor.java:624)
        at java.lang.Thread.run(Thread.java:748)
"IPC Server handler 6 on 35612" daemon prio=5 tid=950 timed_waiting
java.lang.Thread.State: TIMED_WAITING
        at sun.misc.Unsafe.park(Native Method)
        at java.util.concurrent.locks.LockSupport.parkNanos(LockSupport.java:215)
        at java.util.concurrent.locks.AbstractQueuedSynchronizer$ConditionObject.awaitNanos(AbstractQueuedSynchronizer.java:2078)
        at java.util.concurrent.LinkedBlockingQueue.poll(LinkedBlockingQueue.java:467)
        at org.apache.hadoop.ipc.CallQueueManager.take(CallQueueManager.java:288)
        at org.apache.hadoop.ipc.Server$Handler.run(Server.java:2668)
"pool-216-thread-57"  prio=5 tid=1417 in Object.wait()
java.lang.Thread.State: WAITING (on object monitor)
        at sun.misc.Unsafe.park(Native Method)
        at java.util.concurrent.locks.LockSupport.park(LockSupport.java:175)
        at java.util.concurrent.locks.AbstractQueuedSynchronizer$ConditionObject.await(AbstractQueuedSynchronizer.java:2039)
        at java.util.concurrent.ArrayBlockingQueue.take(ArrayBlockingQueue.java:403)
        at java.util.concurrent.ThreadPoolExecutor.getTask(ThreadPoolExecutor.java:1074)
        at java.util.concurrent.ThreadPoolExecutor.runWorker(ThreadPoolExecutor.java:1134)
        at java.util.concurrent.ThreadPoolExecutor$Worker.run(ThreadPoolExecutor.java:624)
        at java.lang.Thread.run(Thread.java:748)
"pool-216-thread-8"  prio=5 tid=1368 in Object.wait()
java.lang.Thread.State: WAITING (on object monitor)
        at sun.misc.Unsafe.park(Native Method)
        at java.util.concurrent.locks.LockSupport.park(LockSupport.java:175)
        at java.util.concurrent.locks.AbstractQueuedSynchronizer$ConditionObject.await(AbstractQueuedSynchronizer.java:2039)
        at java.util.concurrent.ArrayBlockingQueue.take(ArrayBlockingQueue.java:403)
        at java.util.concurrent.ThreadPoolExecutor.getTask(ThreadPoolExecutor.java:1074)
        at java.util.concurrent.ThreadPoolExecutor.runWorker(ThreadPoolExecutor.java:1134)
        at java.util.concurrent.ThreadPoolExecutor$Worker.run(ThreadPoolExecutor.java:624)
        at java.lang.Thread.run(Thread.java:748)
"pool-195-thread-11"  prio=5 tid=1311 in Object.wait()
java.lang.Thread.State: WAITING (on object monitor)
        at sun.misc.Unsafe.park(Native Method)
        at java.util.concurrent.locks.LockSupport.park(LockSupport.java:175)
        at java.util.concurrent.locks.AbstractQueuedSynchronizer$ConditionObject.await(AbstractQueuedSynchronizer.java:2039)
        at java.util.concurrent.ArrayBlockingQueue.take(ArrayBlockingQueue.java:403)
        at java.util.concurrent.ThreadPoolExecutor.getTask(ThreadPoolExecutor.java:1074)
        at java.util.concurrent.ThreadPoolExecutor.runWorker(ThreadPoolExecutor.java:1134)
        at java.util.concurrent.ThreadPoolExecutor$Worker.run(ThreadPoolExecutor.java:624)
        at java.lang.Thread.run(Thread.java:748)
"pool-237-thread-16"  prio=5 tid=1436 in Object.wait()
java.lang.Thread.State: WAITING (on object monitor)
        at sun.misc.Unsafe.park(Native Method)
        at java.util.concurrent.locks.LockSupport.park(LockSupport.java:175)
        at java.util.concurrent.locks.AbstractQueuedSynchronizer$ConditionObject.await(AbstractQueuedSynchronizer.java:2039)
        at java.util.concurrent.ArrayBlockingQueue.take(ArrayBlockingQueue.java:403)
        at java.util.concurrent.ThreadPoolExecutor.getTask(ThreadPoolExecutor.java:1074)
        at java.util.concurrent.ThreadPoolExecutor.runWorker(ThreadPoolExecutor.java:1134)
        at java.util.concurrent.ThreadPoolExecutor$Worker.run(ThreadPoolExecutor.java:624)
        at java.lang.Thread.run(Thread.java:748)
"pool-195-thread-21"  prio=5 tid=1321 in Object.wait()
java.lang.Thread.State: WAITING (on object monitor)
        at sun.misc.Unsafe.park(Native Method)
        at java.util.concurrent.locks.LockSupport.park(LockSupport.java:175)
        at java.util.concurrent.locks.AbstractQueuedSynchronizer$ConditionObject.await(AbstractQueuedSynchronizer.java:2039)
        at java.util.concurrent.ArrayBlockingQueue.take(ArrayBlockingQueue.java:403)
        at java.util.concurrent.ThreadPoolExecutor.getTask(ThreadPoolExecutor.java:1074)
        at java.util.concurrent.ThreadPoolExecutor.runWorker(ThreadPoolExecutor.java:1134)
        at java.util.concurrent.ThreadPoolExecutor$Worker.run(ThreadPoolExecutor.java:624)
        at java.lang.Thread.run(Thread.java:748)
"pool-174-thread-47"  prio=5 tid=1286 in Object.wait()
java.lang.Thread.State: WAITING (on object monitor)
        at sun.misc.Unsafe.park(Native Method)
        at java.util.concurrent.locks.LockSupport.park(LockSupport.java:175)
        at java.util.concurrent.locks.AbstractQueuedSynchronizer$ConditionObject.await(AbstractQueuedSynchronizer.java:2039)
        at java.util.concurrent.ArrayBlockingQueue.take(ArrayBlockingQueue.java:403)
        at java.util.concurrent.ThreadPoolExecutor.getTask(ThreadPoolExecutor.java:1074)
        at java.util.concurrent.ThreadPoolExecutor.runWorker(ThreadPoolExecutor.java:1134)
        at java.util.concurrent.ThreadPoolExecutor$Worker.run(ThreadPoolExecutor.java:624)
        at java.lang.Thread.run(Thread.java:748)
"Timer for 'StorageContainerManager' metrics system" daemon prio=5 tid=942 timed_waiting
java.lang.Thread.State: TIMED_WAITING
        at java.lang.Object.wait(Native Method)
        at java.util.TimerThread.mainLoop(Timer.java:552)
        at java.util.TimerThread.run(Timer.java:505)
"9235e096-bad2-4ddc-afaa-1e7edc12c7d5-SegmentedRaftLogWorker:Storage Directory /tmp/workdir/hadoop-ozone/integration-test/target/test-dir/MiniOzoneClusterImpl-d6a8514b-9f5a-4ec7-be91-cc3589120d34/datanode-3/data/ratis/e83dbce7-8c6f-49f9-978d-2cafed4ab0a3"  prio=5 tid=1660 timed_waiting
java.lang.Thread.State: TIMED_WAITING
        at sun.misc.Unsafe.park(Native Method)
        at java.util.concurrent.locks.LockSupport.parkNanos(LockSupport.java:215)
        at java.util.concurrent.locks.AbstractQueuedSynchronizer$ConditionObject.awaitNanos(AbstractQueuedSynchronizer.java:2078)
        at org.apache.ratis.util.DataBlockingQueue.poll(DataBlockingQueue.java:137)
        at org.apache.ratis.server.raftlog.segmented.SegmentedRaftLogWorker.run(SegmentedRaftLogWorker.java:283)
        at java.lang.Thread.run(Thread.java:748)
"pool-216-thread-47"  prio=5 tid=1407 in Object.wait()
java.lang.Thread.State: WAITING (on object monitor)
        at sun.misc.Unsafe.park(Native Method)
        at java.util.concurrent.locks.LockSupport.park(LockSupport.java:175)
        at java.util.concurrent.locks.AbstractQueuedSynchronizer$ConditionObject.await(AbstractQueuedSynchronizer.java:2039)
        at java.util.concurrent.ArrayBlockingQueue.take(ArrayBlockingQueue.java:403)
        at java.util.concurrent.ThreadPoolExecutor.getTask(ThreadPoolExecutor.java:1074)
        at java.util.concurrent.ThreadPoolExecutor.runWorker(ThreadPoolExecutor.java:1134)
        at java.util.concurrent.ThreadPoolExecutor$Worker.run(ThreadPoolExecutor.java:624)
        at java.lang.Thread.run(Thread.java:748)
"pool-174-thread-22"  prio=5 tid=1261 in Object.wait()
java.lang.Thread.State: WAITING (on object monitor)
        at sun.misc.Unsafe.park(Native Method)
        at java.util.concurrent.locks.LockSupport.park(LockSupport.java:175)
        at java.util.concurrent.locks.AbstractQueuedSynchronizer$ConditionObject.await(AbstractQueuedSynchronizer.java:2039)
        at java.util.concurrent.ArrayBlockingQueue.take(ArrayBlockingQueue.java:403)
        at java.util.concurrent.ThreadPoolExecutor.getTask(ThreadPoolExecutor.java:1074)
        at java.util.concurrent.ThreadPoolExecutor.runWorker(ThreadPoolExecutor.java:1134)
        at java.util.concurrent.ThreadPoolExecutor$Worker.run(ThreadPoolExecutor.java:624)
        at java.lang.Thread.run(Thread.java:748)
"IPC Server handler 5 on 36272" daemon prio=5 tid=989 timed_waiting
java.lang.Thread.State: TIMED_WAITING
        at sun.misc.Unsafe.park(Native Method)
        at java.util.concurrent.locks.LockSupport.parkNanos(LockSupport.java:215)
        at java.util.concurrent.locks.AbstractQueuedSynchronizer$ConditionObject.awaitNanos(AbstractQueuedSynchronizer.java:2078)
        at java.util.concurrent.LinkedBlockingQueue.poll(LinkedBlockingQueue.java:467)
        at org.apache.hadoop.ipc.CallQueueManager.take(CallQueueManager.java:288)
        at org.apache.hadoop.ipc.Server$Handler.run(Server.java:2668)
"IPC Server listener on 36272" daemon prio=5 tid=929 runnable
java.lang.Thread.State: RUNNABLE
        at sun.nio.ch.EPollArrayWrapper.epollWait(Native Method)
        at sun.nio.ch.EPollArrayWrapper.poll(EPollArrayWrapper.java:269)
        at sun.nio.ch.EPollSelectorImpl.doSelect(EPollSelectorImpl.java:93)
        at sun.nio.ch.SelectorImpl.lockAndDoSelect(SelectorImpl.java:86)
        at sun.nio.ch.SelectorImpl.select(SelectorImpl.java:97)
        at sun.nio.ch.SelectorImpl.select(SelectorImpl.java:101)
        at org.apache.hadoop.ipc.Server$Listener.run(Server.java:1159)
"pool-279-thread-16"  prio=5 tid=1556 in Object.wait()
java.lang.Thread.State: WAITING (on object monitor)
        at sun.misc.Unsafe.park(Native Method)
        at java.util.concurrent.locks.LockSupport.park(LockSupport.java:175)
        at java.util.concurrent.locks.AbstractQueuedSynchronizer$ConditionObject.await(AbstractQueuedSynchronizer.java:2039)
        at java.util.concurrent.ArrayBlockingQueue.take(ArrayBlockingQueue.java:403)
        at java.util.concurrent.ThreadPoolExecutor.getTask(ThreadPoolExecutor.java:1074)
        at java.util.concurrent.ThreadPoolExecutor.runWorker(ThreadPoolExecutor.java:1134)
        at java.util.concurrent.ThreadPoolExecutor$Worker.run(ThreadPoolExecutor.java:624)
        at java.lang.Thread.run(Thread.java:748)
"pool-216-thread-49"  prio=5 tid=1409 in Object.wait()
java.lang.Thread.State: WAITING (on object monitor)
        at sun.misc.Unsafe.park(Native Method)
        at java.util.concurrent.locks.LockSupport.park(LockSupport.java:175)
        at java.util.concurrent.locks.AbstractQueuedSynchronizer$ConditionObject.await(AbstractQueuedSynchronizer.java:2039)
        at java.util.concurrent.ArrayBlockingQueue.take(ArrayBlockingQueue.java:403)
        at java.util.concurrent.ThreadPoolExecutor.getTask(ThreadPoolExecutor.java:1074)
        at java.util.concurrent.ThreadPoolExecutor.runWorker(ThreadPoolExecutor.java:1134)
        at java.util.concurrent.ThreadPoolExecutor$Worker.run(ThreadPoolExecutor.java:624)
        at java.lang.Thread.run(Thread.java:748)
"BlockDeletingService#1" daemon prio=5 tid=1066 timed_waiting
java.lang.Thread.State: TIMED_WAITING
        at sun.misc.Unsafe.park(Native Method)
        at java.util.concurrent.locks.LockSupport.parkNanos(LockSupport.java:215)
        at java.util.concurrent.locks.AbstractQueuedSynchronizer$ConditionObject.awaitNanos(AbstractQueuedSynchronizer.java:2078)
        at java.util.concurrent.ScheduledThreadPoolExecutor$DelayedWorkQueue.take(ScheduledThreadPoolExecutor.java:1093)
        at java.util.concurrent.ScheduledThreadPoolExecutor$DelayedWorkQueue.take(ScheduledThreadPoolExecutor.java:809)
        at java.util.concurrent.ThreadPoolExecutor.getTask(ThreadPoolExecutor.java:1074)
        at java.util.concurrent.ThreadPoolExecutor.runWorker(ThreadPoolExecutor.java:1134)
        at java.util.concurrent.ThreadPoolExecutor$Worker.run(ThreadPoolExecutor.java:624)
        at java.lang.Thread.run(Thread.java:748)
"Datanode ReportManager Thread - 2" daemon prio=5 tid=1114 in Object.wait()
java.lang.Thread.State: WAITING (on object monitor)
        at sun.misc.Unsafe.park(Native Method)
        at java.util.concurrent.locks.LockSupport.park(LockSupport.java:175)
        at java.util.concurrent.locks.AbstractQueuedSynchronizer$ConditionObject.await(AbstractQueuedSynchronizer.java:2039)
        at java.util.concurrent.ScheduledThreadPoolExecutor$DelayedWorkQueue.take(ScheduledThreadPoolExecutor.java:1088)
        at java.util.concurrent.ScheduledThreadPoolExecutor$DelayedWorkQueue.take(ScheduledThreadPoolExecutor.java:809)
        at java.util.concurrent.ThreadPoolExecutor.getTask(ThreadPoolExecutor.java:1074)
        at java.util.concurrent.ThreadPoolExecutor.runWorker(ThreadPoolExecutor.java:1134)
        at java.util.concurrent.ThreadPoolExecutor$Worker.run(ThreadPoolExecutor.java:624)
        at java.lang.Thread.run(Thread.java:748)
"org.eclipse.jetty.server.session.HashSessionManager@69a90b81Timer" daemon prio=5 tid=1199 timed_waiting
java.lang.Thread.State: TIMED_WAITING
        at sun.misc.Unsafe.park(Native Method)
        at java.util.concurrent.locks.LockSupport.parkNanos(LockSupport.java:215)
        at java.util.concurrent.locks.AbstractQueuedSynchronizer$ConditionObject.awaitNanos(AbstractQueuedSynchronizer.java:2078)
        at java.util.concurrent.ScheduledThreadPoolExecutor$DelayedWorkQueue.take(ScheduledThreadPoolExecutor.java:1093)
        at java.util.concurrent.ScheduledThreadPoolExecutor$DelayedWorkQueue.take(ScheduledThreadPoolExecutor.java:809)
        at java.util.concurrent.ThreadPoolExecutor.getTask(ThreadPoolExecutor.java:1074)
        at java.util.concurrent.ThreadPoolExecutor.runWorker(ThreadPoolExecutor.java:1134)
        at java.util.concurrent.ThreadPoolExecutor$Worker.run(ThreadPoolExecutor.java:624)
        at java.lang.Thread.run(Thread.java:748)
"pool-195-thread-36"  prio=5 tid=1336 in Object.wait()
java.lang.Thread.State: WAITING (on object monitor)
        at sun.misc.Unsafe.park(Native Method)
        at java.util.concurrent.locks.LockSupport.park(LockSupport.java:175)
        at java.util.concurrent.locks.AbstractQueuedSynchronizer$ConditionObject.await(AbstractQueuedSynchronizer.java:2039)
        at java.util.concurrent.ArrayBlockingQueue.take(ArrayBlockingQueue.java:403)
        at java.util.concurrent.ThreadPoolExecutor.getTask(ThreadPoolExecutor.java:1074)
        at java.util.concurrent.ThreadPoolExecutor.runWorker(ThreadPoolExecutor.java:1134)
        at java.util.concurrent.ThreadPoolExecutor$Worker.run(ThreadPoolExecutor.java:624)
        at java.lang.Thread.run(Thread.java:748)
"IPC Server handler 19 on 36272" daemon prio=5 tid=1003 timed_waiting
java.lang.Thread.State: TIMED_WAITING
        at sun.misc.Unsafe.park(Native Method)
        at java.util.concurrent.locks.LockSupport.parkNanos(LockSupport.java:215)
        at java.util.concurrent.locks.AbstractQueuedSynchronizer$ConditionObject.awaitNanos(AbstractQueuedSynchronizer.java:2078)
        at java.util.concurrent.LinkedBlockingQueue.poll(LinkedBlockingQueue.java:467)
        at org.apache.hadoop.ipc.CallQueueManager.take(CallQueueManager.java:288)
        at org.apache.hadoop.ipc.Server$Handler.run(Server.java:2668)
"IPC Server Responder" daemon prio=5 tid=932 runnable
java.lang.Thread.State: RUNNABLE
        at sun.nio.ch.EPollArrayWrapper.epollWait(Native Method)
        at sun.nio.ch.EPollArrayWrapper.poll(EPollArrayWrapper.java:269)
        at sun.nio.ch.EPollSelectorImpl.doSelect(EPollSelectorImpl.java:93)
        at sun.nio.ch.SelectorImpl.lockAndDoSelect(SelectorImpl.java:86)
        at sun.nio.ch.SelectorImpl.select(SelectorImpl.java:97)
        at org.apache.hadoop.ipc.Server$Responder.doRunLoop(Server.java:1334)
        at org.apache.hadoop.ipc.Server$Responder.run(Server.java:1317)
"pool-279-thread-52"  prio=5 tid=1592 in Object.wait()
java.lang.Thread.State: WAITING (on object monitor)
        at sun.misc.Unsafe.park(Native Method)
        at java.util.concurrent.locks.LockSupport.park(LockSupport.java:175)
        at java.util.concurrent.locks.AbstractQueuedSynchronizer$ConditionObject.await(AbstractQueuedSynchronizer.java:2039)
        at java.util.concurrent.ArrayBlockingQueue.take(ArrayBlockingQueue.java:403)
        at java.util.concurrent.ThreadPoolExecutor.getTask(ThreadPoolExecutor.java:1074)
        at java.util.concurrent.ThreadPoolExecutor.runWorker(ThreadPoolExecutor.java:1134)
        at java.util.concurrent.ThreadPoolExecutor$Worker.run(ThreadPoolExecutor.java:624)
        at java.lang.Thread.run(Thread.java:748)
"pool-216-thread-59"  prio=5 tid=1419 in Object.wait()
java.lang.Thread.State: WAITING (on object monitor)
        at sun.misc.Unsafe.park(Native Method)
        at java.util.concurrent.locks.LockSupport.park(LockSupport.java:175)
        at java.util.concurrent.locks.AbstractQueuedSynchronizer$ConditionObject.await(AbstractQueuedSynchronizer.java:2039)
        at java.util.concurrent.ArrayBlockingQueue.take(ArrayBlockingQueue.java:403)
        at java.util.concurrent.ThreadPoolExecutor.getTask(ThreadPoolExecutor.java:1074)
        at java.util.concurrent.ThreadPoolExecutor.runWorker(ThreadPoolExecutor.java:1134)
        at java.util.concurrent.ThreadPoolExecutor$Worker.run(ThreadPoolExecutor.java:624)
        at java.lang.Thread.run(Thread.java:748)
"pool-279-thread-23"  prio=5 tid=1563 in Object.wait()
java.lang.Thread.State: WAITING (on object monitor)
        at sun.misc.Unsafe.park(Native Method)
        at java.util.concurrent.locks.LockSupport.park(LockSupport.java:175)
        at java.util.concurrent.locks.AbstractQueuedSynchronizer$ConditionObject.await(AbstractQueuedSynchronizer.java:2039)
        at java.util.concurrent.ArrayBlockingQueue.take(ArrayBlockingQueue.java:403)
        at java.util.concurrent.ThreadPoolExecutor.getTask(ThreadPoolExecutor.java:1074)
        at java.util.concurrent.ThreadPoolExecutor.runWorker(ThreadPoolExecutor.java:1134)
        at java.util.concurrent.ThreadPoolExecutor$Worker.run(ThreadPoolExecutor.java:624)
        at java.lang.Thread.run(Thread.java:748)
"pool-258-thread-60"  prio=5 tid=1540 in Object.wait()
java.lang.Thread.State: WAITING (on object monitor)
        at sun.misc.Unsafe.park(Native Method)
        at java.util.concurrent.locks.LockSupport.park(LockSupport.java:175)
        at java.util.concurrent.locks.AbstractQueuedSynchronizer$ConditionObject.await(AbstractQueuedSynchronizer.java:2039)
        at java.util.concurrent.ArrayBlockingQueue.take(ArrayBlockingQueue.java:403)
        at java.util.concurrent.ThreadPoolExecutor.getTask(ThreadPoolExecutor.java:1074)
        at java.util.concurrent.ThreadPoolExecutor.runWorker(ThreadPoolExecutor.java:1134)
        at java.util.concurrent.ThreadPoolExecutor$Worker.run(ThreadPoolExecutor.java:624)
        at java.lang.Thread.run(Thread.java:748)
"pool-214-thread-1" daemon prio=5 tid=1124 timed_waiting
java.lang.Thread.State: TIMED_WAITING
        at sun.misc.Unsafe.park(Native Method)
        at java.util.concurrent.locks.LockSupport.parkNanos(LockSupport.java:215)
        at java.util.concurrent.locks.AbstractQueuedSynchronizer$ConditionObject.awaitNanos(AbstractQueuedSynchronizer.java:2078)
        at java.util.concurrent.ScheduledThreadPoolExecutor$DelayedWorkQueue.take(ScheduledThreadPoolExecutor.java:1093)
        at java.util.concurrent.ScheduledThreadPoolExecutor$DelayedWorkQueue.take(ScheduledThreadPoolExecutor.java:809)
        at java.util.concurrent.ThreadPoolExecutor.getTask(ThreadPoolExecutor.java:1074)
        at java.util.concurrent.ThreadPoolExecutor.runWorker(ThreadPoolExecutor.java:1134)
        at java.util.concurrent.ThreadPoolExecutor$Worker.run(ThreadPoolExecutor.java:624)
        at java.lang.Thread.run(Thread.java:748)
"java.util.concurrent.ThreadPoolExecutor$Worker@366d4f63[State = -1, empty queue]" daemon prio=5 tid=1724 timed_waiting
java.lang.Thread.State: TIMED_WAITING
        at sun.misc.Unsafe.park(Native Method)
        at java.util.concurrent.locks.LockSupport.parkNanos(LockSupport.java:215)
        at java.util.concurrent.locks.AbstractQueuedSynchronizer$ConditionObject.awaitNanos(AbstractQueuedSynchronizer.java:2078)
        at java.util.concurrent.ScheduledThreadPoolExecutor$DelayedWorkQueue.take(ScheduledThreadPoolExecutor.java:1093)
        at java.util.concurrent.ScheduledThreadPoolExecutor$DelayedWorkQueue.take(ScheduledThreadPoolExecutor.java:809)
        at java.util.concurrent.ThreadPoolExecutor.getTask(ThreadPoolExecutor.java:1074)
        at java.util.concurrent.ThreadPoolExecutor.runWorker(ThreadPoolExecutor.java:1134)
        at java.util.concurrent.ThreadPoolExecutor$Worker.run(ThreadPoolExecutor.java:624)
        at java.lang.Thread.run(Thread.java:748)
"pool-189-thread-1"  prio=5 tid=1067 timed_waiting
java.lang.Thread.State: TIMED_WAITING
        at sun.misc.Unsafe.park(Native Method)
        at java.util.concurrent.locks.LockSupport.parkNanos(LockSupport.java:215)
        at java.util.concurrent.locks.AbstractQueuedSynchronizer$ConditionObject.awaitNanos(AbstractQueuedSynchronizer.java:2078)
        at java.util.concurrent.ScheduledThreadPoolExecutor$DelayedWorkQueue.take(ScheduledThreadPoolExecutor.java:1093)
        at java.util.concurrent.ScheduledThreadPoolExecutor$DelayedWorkQueue.take(ScheduledThreadPoolExecutor.java:809)
        at java.util.concurrent.ThreadPoolExecutor.getTask(ThreadPoolExecutor.java:1074)
        at java.util.concurrent.ThreadPoolExecutor.runWorker(ThreadPoolExecutor.java:1134)
        at java.util.concurrent.ThreadPoolExecutor$Worker.run(ThreadPoolExecutor.java:624)
        at java.lang.Thread.run(Thread.java:748)
"qtp649827042-1074" daemon prio=5 tid=1074 timed_waiting
java.lang.Thread.State: TIMED_WAITING
        at sun.misc.Unsafe.park(Native Method)
        at java.util.concurrent.locks.LockSupport.parkNanos(LockSupport.java:215)
        at java.util.concurrent.locks.AbstractQueuedSynchronizer$ConditionObject.awaitNanos(AbstractQueuedSynchronizer.java:2078)
        at org.eclipse.jetty.util.BlockingArrayQueue.poll(BlockingArrayQueue.java:392)
        at org.eclipse.jetty.util.thread.QueuedThreadPool.idleJobPoll(QueuedThreadPool.java:563)
        at org.eclipse.jetty.util.thread.QueuedThreadPool.access$800(QueuedThreadPool.java:48)
        at org.eclipse.jetty.util.thread.QueuedThreadPool$2.run(QueuedThreadPool.java:626)
        at java.lang.Thread.run(Thread.java:748)
"qtp1920846948-1225" daemon prio=5 tid=1225 timed_waiting
java.lang.Thread.State: TIMED_WAITING
        at sun.misc.Unsafe.park(Native Method)
        at java.util.concurrent.locks.LockSupport.parkNanos(LockSupport.java:215)
        at java.util.concurrent.locks.AbstractQueuedSynchronizer$ConditionObject.awaitNanos(AbstractQueuedSynchronizer.java:2078)
        at org.eclipse.jetty.util.BlockingArrayQueue.poll(BlockingArrayQueue.java:392)
        at org.eclipse.jetty.util.thread.QueuedThreadPool.idleJobPoll(QueuedThreadPool.java:563)
        at org.eclipse.jetty.util.thread.QueuedThreadPool.access$800(QueuedThreadPool.java:48)
        at org.eclipse.jetty.util.thread.QueuedThreadPool$2.run(QueuedThreadPool.java:626)
        at java.lang.Thread.run(Thread.java:748)
"pool-258-thread-39"  prio=5 tid=1519 in Object.wait()
java.lang.Thread.State: WAITING (on object monitor)
        at sun.misc.Unsafe.park(Native Method)
        at java.util.concurrent.locks.LockSupport.park(LockSupport.java:175)
        at java.util.concurrent.locks.AbstractQueuedSynchronizer$ConditionObject.await(AbstractQueuedSynchronizer.java:2039)
        at java.util.concurrent.ArrayBlockingQueue.take(ArrayBlockingQueue.java:403)
        at java.util.concurrent.ThreadPoolExecutor.getTask(ThreadPoolExecutor.java:1074)
        at java.util.concurrent.ThreadPoolExecutor.runWorker(ThreadPoolExecutor.java:1134)
        at java.util.concurrent.ThreadPoolExecutor$Worker.run(ThreadPoolExecutor.java:624)
        at java.lang.Thread.run(Thread.java:748)
"pool-277-thread-1" daemon prio=5 tid=1214 timed_waiting
java.lang.Thread.State: TIMED_WAITING
        at sun.misc.Unsafe.park(Native Method)
        at java.util.concurrent.locks.LockSupport.parkNanos(LockSupport.java:215)
        at java.util.concurrent.locks.AbstractQueuedSynchronizer$ConditionObject.awaitNanos(AbstractQueuedSynchronizer.java:2078)
        at java.util.concurrent.ScheduledThreadPoolExecutor$DelayedWorkQueue.take(ScheduledThreadPoolExecutor.java:1093)
        at java.util.concurrent.ScheduledThreadPoolExecutor$DelayedWorkQueue.take(ScheduledThreadPoolExecutor.java:809)
        at java.util.concurrent.ThreadPoolExecutor.getTask(ThreadPoolExecutor.java:1074)
        at java.util.concurrent.ThreadPoolExecutor.runWorker(ThreadPoolExecutor.java:1134)
        at java.util.concurrent.ThreadPoolExecutor$Worker.run(ThreadPoolExecutor.java:624)
        at java.lang.Thread.run(Thread.java:748)
"pool-216-thread-51"  prio=5 tid=1411 in Object.wait()
java.lang.Thread.State: WAITING (on object monitor)
        at sun.misc.Unsafe.park(Native Method)
        at java.util.concurrent.locks.LockSupport.park(LockSupport.java:175)
        at java.util.concurrent.locks.AbstractQueuedSynchronizer$ConditionObject.await(AbstractQueuedSynchronizer.java:2039)
        at java.util.concurrent.ArrayBlockingQueue.take(ArrayBlockingQueue.java:403)
        at java.util.concurrent.ThreadPoolExecutor.getTask(ThreadPoolExecutor.java:1074)
        at java.util.concurrent.ThreadPoolExecutor.runWorker(ThreadPoolExecutor.java:1134)
        at java.util.concurrent.ThreadPoolExecutor$Worker.run(ThreadPoolExecutor.java:624)
        at java.lang.Thread.run(Thread.java:748)
"IPC Server handler 3 on 36272" daemon prio=5 tid=987 timed_waiting
java.lang.Thread.State: TIMED_WAITING
        at sun.misc.Unsafe.park(Native Method)
        at java.util.concurrent.locks.LockSupport.parkNanos(LockSupport.java:215)
        at java.util.concurrent.locks.AbstractQueuedSynchronizer$ConditionObject.awaitNanos(AbstractQueuedSynchronizer.java:2078)
        at java.util.concurrent.LinkedBlockingQueue.poll(LinkedBlockingQueue.java:467)
        at org.apache.hadoop.ipc.CallQueueManager.take(CallQueueManager.java:288)
        at org.apache.hadoop.ipc.Server$Handler.run(Server.java:2668)
"Datanode State Machine Thread - 0" daemon prio=5 tid=1149 timed_waiting
java.lang.Thread.State: TIMED_WAITING
        at sun.misc.Unsafe.park(Native Method)
        at java.util.concurrent.locks.LockSupport.parkNanos(LockSupport.java:215)
        at java.util.concurrent.SynchronousQueue$TransferStack.awaitFulfill(SynchronousQueue.java:460)
        at java.util.concurrent.SynchronousQueue$TransferStack.transfer(SynchronousQueue.java:362)
        at java.util.concurrent.SynchronousQueue.poll(SynchronousQueue.java:941)
        at java.util.concurrent.ThreadPoolExecutor.getTask(ThreadPoolExecutor.java:1073)
        at java.util.concurrent.ThreadPoolExecutor.runWorker(ThreadPoolExecutor.java:1134)
        at java.util.concurrent.ThreadPoolExecutor$Worker.run(ThreadPoolExecutor.java:624)
        at java.lang.Thread.run(Thread.java:748)
"Thread-702" daemon prio=5 tid=1707 timed_waiting
java.lang.Thread.State: TIMED_WAITING
        at sun.misc.Unsafe.park(Native Method)
        at java.util.concurrent.locks.LockSupport.parkNanos(LockSupport.java:215)
        at java.util.concurrent.locks.AbstractQueuedSynchronizer$ConditionObject.awaitNanos(AbstractQueuedSynchronizer.java:2078)
        at java.util.concurrent.ArrayBlockingQueue.poll(ArrayBlockingQueue.java:418)
        at org.apache.ratis.server.impl.LeaderState$EventQueue.poll(LeaderState.java:114)
        at org.apache.ratis.server.impl.LeaderState$EventProcessor.run(LeaderState.java:451)
"pool-279-thread-10"  prio=5 tid=1550 in Object.wait()
java.lang.Thread.State: WAITING (on object monitor)
        at sun.misc.Unsafe.park(Native Method)
        at java.util.concurrent.locks.LockSupport.park(LockSupport.java:175)
        at java.util.concurrent.locks.AbstractQueuedSynchronizer$ConditionObject.await(AbstractQueuedSynchronizer.java:2039)
        at java.util.concurrent.ArrayBlockingQueue.take(ArrayBlockingQueue.java:403)
        at java.util.concurrent.ThreadPoolExecutor.getTask(ThreadPoolExecutor.java:1074)
        at java.util.concurrent.ThreadPoolExecutor.runWorker(ThreadPoolExecutor.java:1134)
        at java.util.concurrent.ThreadPoolExecutor$Worker.run(ThreadPoolExecutor.java:624)
        at java.lang.Thread.run(Thread.java:748)
"pool-258-thread-11"  prio=5 tid=1491 in Object.wait()
java.lang.Thread.State: WAITING (on object monitor)
        at sun.misc.Unsafe.park(Native Method)
        at java.util.concurrent.locks.LockSupport.park(LockSupport.java:175)
        at java.util.concurrent.locks.AbstractQueuedSynchronizer$ConditionObject.await(AbstractQueuedSynchronizer.java:2039)
        at java.util.concurrent.ArrayBlockingQueue.take(ArrayBlockingQueue.java:403)
        at java.util.concurrent.ThreadPoolExecutor.getTask(ThreadPoolExecutor.java:1074)
        at java.util.concurrent.ThreadPoolExecutor.runWorker(ThreadPoolExecutor.java:1134)
        at java.util.concurrent.ThreadPoolExecutor$Worker.run(ThreadPoolExecutor.java:624)
        at java.lang.Thread.run(Thread.java:748)
"BlockDeletingService#0" daemon prio=5 tid=1126 in Object.wait()
java.lang.Thread.State: WAITING (on object monitor)
        at sun.misc.Unsafe.park(Native Method)
        at java.util.concurrent.locks.LockSupport.park(LockSupport.java:175)
        at java.util.concurrent.locks.AbstractQueuedSynchronizer$ConditionObject.await(AbstractQueuedSynchronizer.java:2039)
        at java.util.concurrent.ScheduledThreadPoolExecutor$DelayedWorkQueue.take(ScheduledThreadPoolExecutor.java:1088)
        at java.util.concurrent.ScheduledThreadPoolExecutor$DelayedWorkQueue.take(ScheduledThreadPoolExecutor.java:809)
        at java.util.concurrent.ThreadPoolExecutor.getTask(ThreadPoolExecutor.java:1074)
        at java.util.concurrent.ThreadPoolExecutor.runWorker(ThreadPoolExecutor.java:1134)
        at java.util.concurrent.ThreadPoolExecutor$Worker.run(ThreadPoolExecutor.java:624)
        at java.lang.Thread.run(Thread.java:748)
"org.eclipse.jetty.server.session.HashSessionManager@7eae55Timer" daemon prio=5 tid=1139 timed_waiting
java.lang.Thread.State: TIMED_WAITING
        at sun.misc.Unsafe.park(Native Method)
        at java.util.concurrent.locks.LockSupport.parkNanos(LockSupport.java:215)
        at java.util.concurrent.locks.AbstractQueuedSynchronizer$ConditionObject.awaitNanos(AbstractQueuedSynchronizer.java:2078)
        at java.util.concurrent.ScheduledThreadPoolExecutor$DelayedWorkQueue.take(ScheduledThreadPoolExecutor.java:1093)
        at java.util.concurrent.ScheduledThreadPoolExecutor$DelayedWorkQueue.take(ScheduledThreadPoolExecutor.java:809)
        at java.util.concurrent.ThreadPoolExecutor.getTask(ThreadPoolExecutor.java:1074)
        at java.util.concurrent.ThreadPoolExecutor.runWorker(ThreadPoolExecutor.java:1134)
        at java.util.concurrent.ThreadPoolExecutor$Worker.run(ThreadPoolExecutor.java:624)
        at java.lang.Thread.run(Thread.java:748)
"qtp2037147839-1050" daemon prio=5 tid=1050 timed_waiting
java.lang.Thread.State: TIMED_WAITING
        at sun.misc.Unsafe.park(Native Method)
        at java.util.concurrent.locks.LockSupport.parkNanos(LockSupport.java:215)
        at java.util.concurrent.locks.AbstractQueuedSynchronizer$ConditionObject.awaitNanos(AbstractQueuedSynchronizer.java:2078)
        at org.eclipse.jetty.util.BlockingArrayQueue.poll(BlockingArrayQueue.java:392)
        at org.eclipse.jetty.util.thread.QueuedThreadPool.idleJobPoll(QueuedThreadPool.java:563)
        at org.eclipse.jetty.util.thread.QueuedThreadPool.access$800(QueuedThreadPool.java:48)
        at org.eclipse.jetty.util.thread.QueuedThreadPool$2.run(QueuedThreadPool.java:626)
        at java.lang.Thread.run(Thread.java:748)
"pool-258-thread-40"  prio=5 tid=1520 in Object.wait()
java.lang.Thread.State: WAITING (on object monitor)
        at sun.misc.Unsafe.park(Native Method)
        at java.util.concurrent.locks.LockSupport.park(LockSupport.java:175)
        at java.util.concurrent.locks.AbstractQueuedSynchronizer$ConditionObject.await(AbstractQueuedSynchronizer.java:2039)
        at java.util.concurrent.ArrayBlockingQueue.take(ArrayBlockingQueue.java:403)
        at java.util.concurrent.ThreadPoolExecutor.getTask(ThreadPoolExecutor.java:1074)
        at java.util.concurrent.ThreadPoolExecutor.runWorker(ThreadPoolExecutor.java:1134)
        at java.util.concurrent.ThreadPoolExecutor$Worker.run(ThreadPoolExecutor.java:624)
        at java.lang.Thread.run(Thread.java:748)
"pool-195-thread-4"  prio=5 tid=1304 in Object.wait()
java.lang.Thread.State: WAITING (on object monitor)
        at sun.misc.Unsafe.park(Native Method)
        at java.util.concurrent.locks.LockSupport.park(LockSupport.java:175)
        at java.util.concurrent.locks.AbstractQueuedSynchronizer$ConditionObject.await(AbstractQueuedSynchronizer.java:2039)
        at java.util.concurrent.ArrayBlockingQueue.take(ArrayBlockingQueue.java:403)
        at java.util.concurrent.ThreadPoolExecutor.getTask(ThreadPoolExecutor.java:1074)
        at java.util.concurrent.ThreadPoolExecutor.runWorker(ThreadPoolExecutor.java:1134)
        at java.util.concurrent.ThreadPoolExecutor$Worker.run(ThreadPoolExecutor.java:624)
        at java.lang.Thread.run(Thread.java:748)
"IPC Server Responder" daemon prio=5 tid=940 runnable
java.lang.Thread.State: RUNNABLE
        at sun.nio.ch.EPollArrayWrapper.epollWait(Native Method)
        at sun.nio.ch.EPollArrayWrapper.poll(EPollArrayWrapper.java:269)
        at sun.nio.ch.EPollSelectorImpl.doSelect(EPollSelectorImpl.java:93)
        at sun.nio.ch.SelectorImpl.lockAndDoSelect(SelectorImpl.java:86)
        at sun.nio.ch.SelectorImpl.select(SelectorImpl.java:97)
        at org.apache.hadoop.ipc.Server$Responder.doRunLoop(Server.java:1334)
        at org.apache.hadoop.ipc.Server$Responder.run(Server.java:1317)
"IPC Server Responder" daemon prio=5 tid=1022 runnable
java.lang.Thread.State: RUNNABLE
        at sun.nio.ch.EPollArrayWrapper.epollWait(Native Method)
        at sun.nio.ch.EPollArrayWrapper.poll(EPollArrayWrapper.java:269)
        at sun.nio.ch.EPollSelectorImpl.doSelect(EPollSelectorImpl.java:93)
        at sun.nio.ch.SelectorImpl.lockAndDoSelect(SelectorImpl.java:86)
        at sun.nio.ch.SelectorImpl.select(SelectorImpl.java:97)
        at org.apache.hadoop.ipc.Server$Responder.doRunLoop(Server.java:1334)
        at org.apache.hadoop.ipc.Server$Responder.run(Server.java:1317)
"pool-279-thread-55"  prio=5 tid=1595 in Object.wait()
java.lang.Thread.State: WAITING (on object monitor)
        at sun.misc.Unsafe.park(Native Method)
        at java.util.concurrent.locks.LockSupport.park(LockSupport.java:175)
        at java.util.concurrent.locks.AbstractQueuedSynchronizer$ConditionObject.await(AbstractQueuedSynchronizer.java:2039)
        at java.util.concurrent.ArrayBlockingQueue.take(ArrayBlockingQueue.java:403)
        at java.util.concurrent.ThreadPoolExecutor.getTask(ThreadPoolExecutor.java:1074)
        at java.util.concurrent.ThreadPoolExecutor.runWorker(ThreadPoolExecutor.java:1134)
        at java.util.concurrent.ThreadPoolExecutor$Worker.run(ThreadPoolExecutor.java:624)
        at java.lang.Thread.run(Thread.java:748)
"pool-237-thread-26"  prio=5 tid=1446 in Object.wait()
java.lang.Thread.State: WAITING (on object monitor)
        at sun.misc.Unsafe.park(Native Method)
        at java.util.concurrent.locks.LockSupport.park(LockSupport.java:175)
        at java.util.concurrent.locks.AbstractQueuedSynchronizer$ConditionObject.await(AbstractQueuedSynchronizer.java:2039)
        at java.util.concurrent.ArrayBlockingQueue.take(ArrayBlockingQueue.java:403)
        at java.util.concurrent.ThreadPoolExecutor.getTask(ThreadPoolExecutor.java:1074)
        at java.util.concurrent.ThreadPoolExecutor.runWorker(ThreadPoolExecutor.java:1134)
        at java.util.concurrent.ThreadPoolExecutor$Worker.run(ThreadPoolExecutor.java:624)
        at java.lang.Thread.run(Thread.java:748)
"Thread-689" daemon prio=5 tid=1694 timed_waiting
java.lang.Thread.State: TIMED_WAITING
        at sun.misc.Unsafe.park(Native Method)
        at java.util.concurrent.locks.LockSupport.parkNanos(LockSupport.java:215)
        at java.util.concurrent.locks.AbstractQueuedSynchronizer$ConditionObject.awaitNanos(AbstractQueuedSynchronizer.java:2078)
        at java.util.concurrent.ArrayBlockingQueue.poll(ArrayBlockingQueue.java:418)
        at org.apache.ratis.server.impl.LeaderState$EventQueue.poll(LeaderState.java:114)
        at org.apache.ratis.server.impl.LeaderState$EventProcessor.run(LeaderState.java:451)
"qtp649827042-1075" daemon prio=5 tid=1075 timed_waiting
java.lang.Thread.State: TIMED_WAITING
        at sun.misc.Unsafe.park(Native Method)
        at java.util.concurrent.locks.LockSupport.parkNanos(LockSupport.java:215)
        at java.util.concurrent.locks.AbstractQueuedSynchronizer$ConditionObject.awaitNanos(AbstractQueuedSynchronizer.java:2078)
        at org.eclipse.jetty.util.BlockingArrayQueue.poll(BlockingArrayQueue.java:392)
        at org.eclipse.jetty.util.thread.QueuedThreadPool.idleJobPoll(QueuedThreadPool.java:563)
        at org.eclipse.jetty.util.thread.QueuedThreadPool.access$800(QueuedThreadPool.java:48)
        at org.eclipse.jetty.util.thread.QueuedThreadPool$2.run(QueuedThreadPool.java:626)
        at java.lang.Thread.run(Thread.java:748)
"pool-279-thread-5"  prio=5 tid=1545 in Object.wait()
java.lang.Thread.State: WAITING (on object monitor)
        at sun.misc.Unsafe.park(Native Method)
        at java.util.concurrent.locks.LockSupport.park(LockSupport.java:175)
        at java.util.concurrent.locks.AbstractQueuedSynchronizer$ConditionObject.await(AbstractQueuedSynchronizer.java:2039)
        at java.util.concurrent.ArrayBlockingQueue.take(ArrayBlockingQueue.java:403)
        at java.util.concurrent.ThreadPoolExecutor.getTask(ThreadPoolExecutor.java:1074)
        at java.util.concurrent.ThreadPoolExecutor.runWorker(ThreadPoolExecutor.java:1134)
        at java.util.concurrent.ThreadPoolExecutor$Worker.run(ThreadPoolExecutor.java:624)
        at java.lang.Thread.run(Thread.java:748)
"pool-195-thread-44"  prio=5 tid=1344 in Object.wait()
java.lang.Thread.State: WAITING (on object monitor)
        at sun.misc.Unsafe.park(Native Method)
        at java.util.concurrent.locks.LockSupport.park(LockSupport.java:175)
        at java.util.concurrent.locks.AbstractQueuedSynchronizer$ConditionObject.await(AbstractQueuedSynchronizer.java:2039)
        at java.util.concurrent.ArrayBlockingQueue.take(ArrayBlockingQueue.java:403)
        at java.util.concurrent.ThreadPoolExecutor.getTask(ThreadPoolExecutor.java:1074)
        at java.util.concurrent.ThreadPoolExecutor.runWorker(ThreadPoolExecutor.java:1134)
        at java.util.concurrent.ThreadPoolExecutor$Worker.run(ThreadPoolExecutor.java:624)
        at java.lang.Thread.run(Thread.java:748)
"pool-195-thread-1"  prio=5 tid=1301 in Object.wait()
java.lang.Thread.State: WAITING (on object monitor)
        at sun.misc.Unsafe.park(Native Method)
        at java.util.concurrent.locks.LockSupport.park(LockSupport.java:175)
        at java.util.concurrent.locks.AbstractQueuedSynchronizer$ConditionObject.await(AbstractQueuedSynchronizer.java:2039)
        at java.util.concurrent.ArrayBlockingQueue.take(ArrayBlockingQueue.java:403)
        at java.util.concurrent.ThreadPoolExecutor.getTask(ThreadPoolExecutor.java:1074)
        at java.util.concurrent.ThreadPoolExecutor.runWorker(ThreadPoolExecutor.java:1134)
        at java.util.concurrent.ThreadPoolExecutor$Worker.run(ThreadPoolExecutor.java:624)
        at java.lang.Thread.run(Thread.java:748)
"pool-258-thread-58"  prio=5 tid=1538 in Object.wait()
java.lang.Thread.State: WAITING (on object monitor)
        at sun.misc.Unsafe.park(Native Method)
        at java.util.concurrent.locks.LockSupport.park(LockSupport.java:175)
        at java.util.concurrent.locks.AbstractQueuedSynchronizer$ConditionObject.await(AbstractQueuedSynchronizer.java:2039)
        at java.util.concurrent.ArrayBlockingQueue.take(ArrayBlockingQueue.java:403)
        at java.util.concurrent.ThreadPoolExecutor.getTask(ThreadPoolExecutor.java:1074)
        at java.util.concurrent.ThreadPoolExecutor.runWorker(ThreadPoolExecutor.java:1134)
        at java.util.concurrent.ThreadPoolExecutor$Worker.run(ThreadPoolExecutor.java:624)
        at java.lang.Thread.run(Thread.java:748)
"org.eclipse.jetty.server.session.HashSessionManager@7cb29ea8Timer" daemon prio=5 tid=1076 timed_waiting
java.lang.Thread.State: TIMED_WAITING
        at sun.misc.Unsafe.park(Native Method)
        at java.util.concurrent.locks.LockSupport.parkNanos(LockSupport.java:215)
        at java.util.concurrent.locks.AbstractQueuedSynchronizer$ConditionObject.awaitNanos(AbstractQueuedSynchronizer.java:2078)
        at java.util.concurrent.ScheduledThreadPoolExecutor$DelayedWorkQueue.take(ScheduledThreadPoolExecutor.java:1093)
        at java.util.concurrent.ScheduledThreadPoolExecutor$DelayedWorkQueue.take(ScheduledThreadPoolExecutor.java:809)
        at java.util.concurrent.ThreadPoolExecutor.getTask(ThreadPoolExecutor.java:1074)
        at java.util.concurrent.ThreadPoolExecutor.runWorker(ThreadPoolExecutor.java:1134)
        at java.util.concurrent.ThreadPoolExecutor$Worker.run(ThreadPoolExecutor.java:624)
        at java.lang.Thread.run(Thread.java:748)
"IPC Server handler 10 on 36272" daemon prio=5 tid=994 timed_waiting
java.lang.Thread.State: TIMED_WAITING
        at sun.misc.Unsafe.park(Native Method)
        at java.util.concurrent.locks.LockSupport.parkNanos(LockSupport.java:215)
        at java.util.concurrent.locks.AbstractQueuedSynchronizer$ConditionObject.awaitNanos(AbstractQueuedSynchronizer.java:2078)
        at java.util.concurrent.LinkedBlockingQueue.poll(LinkedBlockingQueue.java:467)
        at org.apache.hadoop.ipc.CallQueueManager.take(CallQueueManager.java:288)
        at org.apache.hadoop.ipc.Server$Handler.run(Server.java:2668)
"pool-237-thread-37"  prio=5 tid=1457 in Object.wait()
java.lang.Thread.State: WAITING (on object monitor)
        at sun.misc.Unsafe.park(Native Method)
        at java.util.concurrent.locks.LockSupport.park(LockSupport.java:175)
        at java.util.concurrent.locks.AbstractQueuedSynchronizer$ConditionObject.await(AbstractQueuedSynchronizer.java:2039)
        at java.util.concurrent.ArrayBlockingQueue.take(ArrayBlockingQueue.java:403)
        at java.util.concurrent.ThreadPoolExecutor.getTask(ThreadPoolExecutor.java:1074)
        at java.util.concurrent.ThreadPoolExecutor.runWorker(ThreadPoolExecutor.java:1134)
        at java.util.concurrent.ThreadPoolExecutor$Worker.run(ThreadPoolExecutor.java:624)
        at java.lang.Thread.run(Thread.java:748)
"pool-195-thread-26"  prio=5 tid=1326 in Object.wait()
java.lang.Thread.State: WAITING (on object monitor)
        at sun.misc.Unsafe.park(Native Method)
        at java.util.concurrent.locks.LockSupport.park(LockSupport.java:175)
        at java.util.concurrent.locks.AbstractQueuedSynchronizer$ConditionObject.await(AbstractQueuedSynchronizer.java:2039)
        at java.util.concurrent.ArrayBlockingQueue.take(ArrayBlockingQueue.java:403)
        at java.util.concurrent.ThreadPoolExecutor.getTask(ThreadPoolExecutor.java:1074)
        at java.util.concurrent.ThreadPoolExecutor.runWorker(ThreadPoolExecutor.java:1134)
        at java.util.concurrent.ThreadPoolExecutor$Worker.run(ThreadPoolExecutor.java:624)
        at java.lang.Thread.run(Thread.java:748)
"pool-279-thread-39"  prio=5 tid=1579 in Object.wait()
java.lang.Thread.State: WAITING (on object monitor)
        at sun.misc.Unsafe.park(Native Method)
        at java.util.concurrent.locks.LockSupport.park(LockSupport.java:175)
        at java.util.concurrent.locks.AbstractQueuedSynchronizer$ConditionObject.await(AbstractQueuedSynchronizer.java:2039)
        at java.util.concurrent.ArrayBlockingQueue.take(ArrayBlockingQueue.java:403)
        at java.util.concurrent.ThreadPoolExecutor.getTask(ThreadPoolExecutor.java:1074)
        at java.util.concurrent.ThreadPoolExecutor.runWorker(ThreadPoolExecutor.java:1134)
        at java.util.concurrent.ThreadPoolExecutor$Worker.run(ThreadPoolExecutor.java:624)
        at java.lang.Thread.run(Thread.java:748)
"pool-258-thread-8"  prio=5 tid=1488 in Object.wait()
java.lang.Thread.State: WAITING (on object monitor)
        at sun.misc.Unsafe.park(Native Method)
        at java.util.concurrent.locks.LockSupport.park(LockSupport.java:175)
        at java.util.concurrent.locks.AbstractQueuedSynchronizer$ConditionObject.await(AbstractQueuedSynchronizer.java:2039)
        at java.util.concurrent.ArrayBlockingQueue.take(ArrayBlockingQueue.java:403)
        at java.util.concurrent.ThreadPoolExecutor.getTask(ThreadPoolExecutor.java:1074)
        at java.util.concurrent.ThreadPoolExecutor.runWorker(ThreadPoolExecutor.java:1134)
        at java.util.concurrent.ThreadPoolExecutor$Worker.run(ThreadPoolExecutor.java:624)
        at java.lang.Thread.run(Thread.java:748)
"qtp43402513-1104" daemon prio=5 tid=1104 timed_waiting
java.lang.Thread.State: TIMED_WAITING
        at sun.misc.Unsafe.park(Native Method)
        at java.util.concurrent.locks.LockSupport.parkNanos(LockSupport.java:215)
        at java.util.concurrent.locks.AbstractQueuedSynchronizer$ConditionObject.awaitNanos(AbstractQueuedSynchronizer.java:2078)
        at org.eclipse.jetty.util.BlockingArrayQueue.poll(BlockingArrayQueue.java:392)
        at org.eclipse.jetty.util.thread.QueuedThreadPool.idleJobPoll(QueuedThreadPool.java:563)
        at org.eclipse.jetty.util.thread.QueuedThreadPool.access$800(QueuedThreadPool.java:48)
        at org.eclipse.jetty.util.thread.QueuedThreadPool$2.run(QueuedThreadPool.java:626)
        at java.lang.Thread.run(Thread.java:748)
"Command processor thread" daemon prio=5 tid=1146 timed_waiting
java.lang.Thread.State: TIMED_WAITING
        at java.lang.Thread.sleep(Native Method)
        at org.apache.hadoop.ozone.container.common.statemachine.DatanodeStateMachine.lambda$initCommandHandlerThread$1(DatanodeStateMachine.java:439)
        at org.apache.hadoop.ozone.container.common.statemachine.DatanodeStateMachine$$Lambda$144/707418368.run(Unknown Source)
        at java.lang.Thread.run(Thread.java:748)
"Datanode State Machine Thread - 0" daemon prio=5 tid=1090 timed_waiting
java.lang.Thread.State: TIMED_WAITING
        at sun.misc.Unsafe.park(Native Method)
        at java.util.concurrent.locks.LockSupport.parkNanos(LockSupport.java:215)
        at java.util.concurrent.SynchronousQueue$TransferStack.awaitFulfill(SynchronousQueue.java:460)
        at java.util.concurrent.SynchronousQueue$TransferStack.transfer(SynchronousQueue.java:362)
        at java.util.concurrent.SynchronousQueue.poll(SynchronousQueue.java:941)
        at java.util.concurrent.ThreadPoolExecutor.getTask(ThreadPoolExecutor.java:1073)
        at java.util.concurrent.ThreadPoolExecutor.runWorker(ThreadPoolExecutor.java:1134)
        at java.util.concurrent.ThreadPoolExecutor$Worker.run(ThreadPoolExecutor.java:624)
        at java.lang.Thread.run(Thread.java:748)
"pool-174-thread-21"  prio=5 tid=1260 in Object.wait()
java.lang.Thread.State: WAITING (on object monitor)
        at sun.misc.Unsafe.park(Native Method)
        at java.util.concurrent.locks.LockSupport.park(LockSupport.java:175)
        at java.util.concurrent.locks.AbstractQueuedSynchronizer$ConditionObject.await(AbstractQueuedSynchronizer.java:2039)
        at java.util.concurrent.ArrayBlockingQueue.take(ArrayBlockingQueue.java:403)
        at java.util.concurrent.ThreadPoolExecutor.getTask(ThreadPoolExecutor.java:1074)
        at java.util.concurrent.ThreadPoolExecutor.runWorker(ThreadPoolExecutor.java:1134)
        at java.util.concurrent.ThreadPoolExecutor$Worker.run(ThreadPoolExecutor.java:624)
        at java.lang.Thread.run(Thread.java:748)
"pool-195-thread-37"  prio=5 tid=1337 in Object.wait()
java.lang.Thread.State: WAITING (on object monitor)
        at sun.misc.Unsafe.park(Native Method)
        at java.util.concurrent.locks.LockSupport.park(LockSupport.java:175)
        at java.util.concurrent.locks.AbstractQueuedSynchronizer$ConditionObject.await(AbstractQueuedSynchronizer.java:2039)
        at java.util.concurrent.ArrayBlockingQueue.take(ArrayBlockingQueue.java:403)
        at java.util.concurrent.ThreadPoolExecutor.getTask(ThreadPoolExecutor.java:1074)
        at java.util.concurrent.ThreadPoolExecutor.runWorker(ThreadPoolExecutor.java:1134)
        at java.util.concurrent.ThreadPoolExecutor$Worker.run(ThreadPoolExecutor.java:624)
        at java.lang.Thread.run(Thread.java:748)
"Datanode ReportManager Thread - 1" daemon prio=5 tid=1083 in Object.wait()
java.lang.Thread.State: WAITING (on object monitor)
        at sun.misc.Unsafe.park(Native Method)
        at java.util.concurrent.locks.LockSupport.park(LockSupport.java:175)
        at java.util.concurrent.locks.AbstractQueuedSynchronizer$ConditionObject.await(AbstractQueuedSynchronizer.java:2039)
        at java.util.concurrent.ScheduledThreadPoolExecutor$DelayedWorkQueue.take(ScheduledThreadPoolExecutor.java:1088)
        at java.util.concurrent.ScheduledThreadPoolExecutor$DelayedWorkQueue.take(ScheduledThreadPoolExecutor.java:809)
        at java.util.concurrent.ThreadPoolExecutor.getTask(ThreadPoolExecutor.java:1074)
        at java.util.concurrent.ThreadPoolExecutor.runWorker(ThreadPoolExecutor.java:1134)
        at java.util.concurrent.ThreadPoolExecutor$Worker.run(ThreadPoolExecutor.java:624)
        at java.lang.Thread.run(Thread.java:748)
"pool-258-thread-56"  prio=5 tid=1536 in Object.wait()
java.lang.Thread.State: WAITING (on object monitor)
        at sun.misc.Unsafe.park(Native Method)
        at java.util.concurrent.locks.LockSupport.park(LockSupport.java:175)
        at java.util.concurrent.locks.AbstractQueuedSynchronizer$ConditionObject.await(AbstractQueuedSynchronizer.java:2039)
        at java.util.concurrent.ArrayBlockingQueue.take(ArrayBlockingQueue.java:403)
        at java.util.concurrent.ThreadPoolExecutor.getTask(ThreadPoolExecutor.java:1074)
        at java.util.concurrent.ThreadPoolExecutor.runWorker(ThreadPoolExecutor.java:1134)
        at java.util.concurrent.ThreadPoolExecutor$Worker.run(ThreadPoolExecutor.java:624)
        at java.lang.Thread.run(Thread.java:748)
"pool-195-thread-20"  prio=5 tid=1320 in Object.wait()
java.lang.Thread.State: WAITING (on object monitor)
        at sun.misc.Unsafe.park(Native Method)
        at java.util.concurrent.locks.LockSupport.park(LockSupport.java:175)
        at java.util.concurrent.locks.AbstractQueuedSynchronizer$ConditionObject.await(AbstractQueuedSynchronizer.java:2039)
        at java.util.concurrent.ArrayBlockingQueue.take(ArrayBlockingQueue.java:403)
        at java.util.concurrent.ThreadPoolExecutor.getTask(ThreadPoolExecutor.java:1074)
        at java.util.concurrent.ThreadPoolExecutor.runWorker(ThreadPoolExecutor.java:1134)
        at java.util.concurrent.ThreadPoolExecutor$Worker.run(ThreadPoolExecutor.java:624)
        at java.lang.Thread.run(Thread.java:748)
"pool-258-thread-6"  prio=5 tid=1486 in Object.wait()
java.lang.Thread.State: WAITING (on object monitor)
        at sun.misc.Unsafe.park(Native Method)
        at java.util.concurrent.locks.LockSupport.park(LockSupport.java:175)
        at java.util.concurrent.locks.AbstractQueuedSynchronizer$ConditionObject.await(AbstractQueuedSynchronizer.java:2039)
        at java.util.concurrent.ArrayBlockingQueue.take(ArrayBlockingQueue.java:403)
        at java.util.concurrent.ThreadPoolExecutor.getTask(ThreadPoolExecutor.java:1074)
        at java.util.concurrent.ThreadPoolExecutor.runWorker(ThreadPoolExecutor.java:1134)
        at java.util.concurrent.ThreadPoolExecutor$Worker.run(ThreadPoolExecutor.java:624)
        at java.lang.Thread.run(Thread.java:748)
"pool-279-thread-25"  prio=5 tid=1565 in Object.wait()
java.lang.Thread.State: WAITING (on object monitor)
        at sun.misc.Unsafe.park(Native Method)
        at java.util.concurrent.locks.LockSupport.park(LockSupport.java:175)
        at java.util.concurrent.locks.AbstractQueuedSynchronizer$ConditionObject.await(AbstractQueuedSynchronizer.java:2039)
        at java.util.concurrent.ArrayBlockingQueue.take(ArrayBlockingQueue.java:403)
        at java.util.concurrent.ThreadPoolExecutor.getTask(ThreadPoolExecutor.java:1074)
        at java.util.concurrent.ThreadPoolExecutor.runWorker(ThreadPoolExecutor.java:1134)
        at java.util.concurrent.ThreadPoolExecutor$Worker.run(ThreadPoolExecutor.java:624)
        at java.lang.Thread.run(Thread.java:748)
"pool-258-thread-42"  prio=5 tid=1522 in Object.wait()
java.lang.Thread.State: WAITING (on object monitor)
        at sun.misc.Unsafe.park(Native Method)
        at java.util.concurrent.locks.LockSupport.park(LockSupport.java:175)
        at java.util.concurrent.locks.AbstractQueuedSynchronizer$ConditionObject.await(AbstractQueuedSynchronizer.java:2039)
        at java.util.concurrent.ArrayBlockingQueue.take(ArrayBlockingQueue.java:403)
        at java.util.concurrent.ThreadPoolExecutor.getTask(ThreadPoolExecutor.java:1074)
        at java.util.concurrent.ThreadPoolExecutor.runWorker(ThreadPoolExecutor.java:1134)
        at java.util.concurrent.ThreadPoolExecutor$Worker.run(ThreadPoolExecutor.java:624)
        at java.lang.Thread.run(Thread.java:748)
"pool-248-thread-1"  prio=5 tid=1640 in Object.wait()
java.lang.Thread.State: WAITING (on object monitor)
        at sun.misc.Unsafe.park(Native Method)
        at java.util.concurrent.locks.LockSupport.park(LockSupport.java:175)
        at java.util.concurrent.locks.AbstractQueuedSynchronizer$ConditionObject.await(AbstractQueuedSynchronizer.java:2039)
        at java.util.concurrent.LinkedBlockingQueue.take(LinkedBlockingQueue.java:442)
        at java.util.concurrent.ThreadPoolExecutor.getTask(ThreadPoolExecutor.java:1074)
        at java.util.concurrent.ThreadPoolExecutor.runWorker(ThreadPoolExecutor.java:1134)
        at java.util.concurrent.ThreadPoolExecutor$Worker.run(ThreadPoolExecutor.java:624)
        at java.lang.Thread.run(Thread.java:748)
"pool-195-thread-56"  prio=5 tid=1356 in Object.wait()
java.lang.Thread.State: WAITING (on object monitor)
        at sun.misc.Unsafe.park(Native Method)
        at java.util.concurrent.locks.LockSupport.park(LockSupport.java:175)
        at java.util.concurrent.locks.AbstractQueuedSynchronizer$ConditionObject.await(AbstractQueuedSynchronizer.java:2039)
        at java.util.concurrent.ArrayBlockingQueue.take(ArrayBlockingQueue.java:403)
        at java.util.concurrent.ThreadPoolExecutor.getTask(ThreadPoolExecutor.java:1074)
        at java.util.concurrent.ThreadPoolExecutor.runWorker(ThreadPoolExecutor.java:1134)
        at java.util.concurrent.ThreadPoolExecutor$Worker.run(ThreadPoolExecutor.java:624)
        at java.lang.Thread.run(Thread.java:748)
"Datanode ReportManager Thread - 3" daemon prio=5 tid=1145 in Object.wait()
java.lang.Thread.State: WAITING (on object monitor)
        at sun.misc.Unsafe.park(Native Method)
        at java.util.concurrent.locks.LockSupport.park(LockSupport.java:175)
        at java.util.concurrent.locks.AbstractQueuedSynchronizer$ConditionObject.await(AbstractQueuedSynchronizer.java:2039)
        at java.util.concurrent.ScheduledThreadPoolExecutor$DelayedWorkQueue.take(ScheduledThreadPoolExecutor.java:1088)
        at java.util.concurrent.ScheduledThreadPoolExecutor$DelayedWorkQueue.take(ScheduledThreadPoolExecutor.java:809)
        at java.util.concurrent.ThreadPoolExecutor.getTask(ThreadPoolExecutor.java:1074)
        at java.util.concurrent.ThreadPoolExecutor.runWorker(ThreadPoolExecutor.java:1134)
        at java.util.concurrent.ThreadPoolExecutor$Worker.run(ThreadPoolExecutor.java:624)
        at java.lang.Thread.run(Thread.java:748)
"9e9398c9-c564-45b1-aca3-844f60de829e-SegmentedRaftLogWorker:Storage Directory /tmp/workdir/hadoop-ozone/integration-test/target/test-dir/MiniOzoneClusterImpl-d6a8514b-9f5a-4ec7-be91-cc3589120d34/datanode-5/data/ratis/e83dbce7-8c6f-49f9-978d-2cafed4ab0a3"  prio=5 tid=1655 timed_waiting
java.lang.Thread.State: TIMED_WAITING
        at sun.misc.Unsafe.park(Native Method)
        at java.util.concurrent.locks.LockSupport.parkNanos(LockSupport.java:215)
        at java.util.concurrent.locks.AbstractQueuedSynchronizer$ConditionObject.awaitNanos(AbstractQueuedSynchronizer.java:2078)
        at org.apache.ratis.util.DataBlockingQueue.poll(DataBlockingQueue.java:137)
        at org.apache.ratis.server.raftlog.segmented.SegmentedRaftLogWorker.run(SegmentedRaftLogWorker.java:283)
        at java.lang.Thread.run(Thread.java:748)
"IPC Server handler 15 on 35612" daemon prio=5 tid=959 timed_waiting
java.lang.Thread.State: TIMED_WAITING
        at sun.misc.Unsafe.park(Native Method)
        at java.util.concurrent.locks.LockSupport.parkNanos(LockSupport.java:215)
        at java.util.concurrent.locks.AbstractQueuedSynchronizer$ConditionObject.awaitNanos(AbstractQueuedSynchronizer.java:2078)
        at java.util.concurrent.LinkedBlockingQueue.poll(LinkedBlockingQueue.java:467)
        at org.apache.hadoop.ipc.CallQueueManager.take(CallQueueManager.java:288)
        at org.apache.hadoop.ipc.Server$Handler.run(Server.java:2668)
"pool-237-thread-23"  prio=5 tid=1443 in Object.wait()
java.lang.Thread.State: WAITING (on object monitor)
        at sun.misc.Unsafe.park(Native Method)
        at java.util.concurrent.locks.LockSupport.park(LockSupport.java:175)
        at java.util.concurrent.locks.AbstractQueuedSynchronizer$ConditionObject.await(AbstractQueuedSynchronizer.java:2039)
        at java.util.concurrent.ArrayBlockingQueue.take(ArrayBlockingQueue.java:403)
        at java.util.concurrent.ThreadPoolExecutor.getTask(ThreadPoolExecutor.java:1074)
        at java.util.concurrent.ThreadPoolExecutor.runWorker(ThreadPoolExecutor.java:1134)
        at java.util.concurrent.ThreadPoolExecutor$Worker.run(ThreadPoolExecutor.java:624)
        at java.lang.Thread.run(Thread.java:748)
"qtp2037147839-1053" daemon prio=5 tid=1053 timed_waiting
java.lang.Thread.State: TIMED_WAITING
        at sun.misc.Unsafe.park(Native Method)
        at java.util.concurrent.locks.LockSupport.parkNanos(LockSupport.java:215)
        at java.util.concurrent.locks.AbstractQueuedSynchronizer$ConditionObject.awaitNanos(AbstractQueuedSynchronizer.java:2078)
        at org.eclipse.jetty.util.BlockingArrayQueue.poll(BlockingArrayQueue.java:392)
        at org.eclipse.jetty.util.thread.QueuedThreadPool.idleJobPoll(QueuedThreadPool.java:563)
        at org.eclipse.jetty.util.thread.QueuedThreadPool.access$800(QueuedThreadPool.java:48)
        at org.eclipse.jetty.util.thread.QueuedThreadPool$2.run(QueuedThreadPool.java:626)
        at java.lang.Thread.run(Thread.java:748)
"Datanode ReportManager Thread - 1" daemon prio=5 tid=1113 timed_waiting
java.lang.Thread.State: TIMED_WAITING
        at sun.misc.Unsafe.park(Native Method)
        at java.util.concurrent.locks.LockSupport.parkNanos(LockSupport.java:215)
        at java.util.concurrent.locks.AbstractQueuedSynchronizer$ConditionObject.awaitNanos(AbstractQueuedSynchronizer.java:2078)
        at java.util.concurrent.ScheduledThreadPoolExecutor$DelayedWorkQueue.take(ScheduledThreadPoolExecutor.java:1093)
        at java.util.concurrent.ScheduledThreadPoolExecutor$DelayedWorkQueue.take(ScheduledThreadPoolExecutor.java:809)
        at java.util.concurrent.ThreadPoolExecutor.getTask(ThreadPoolExecutor.java:1074)
        at java.util.concurrent.ThreadPoolExecutor.runWorker(ThreadPoolExecutor.java:1134)
        at java.util.concurrent.ThreadPoolExecutor$Worker.run(ThreadPoolExecutor.java:624)
        at java.lang.Thread.run(Thread.java:748)
"surefire-forkedjvm-command-thread" daemon prio=5 tid=8 runnable
java.lang.Thread.State: RUNNABLE
        at java.io.FileInputStream.readBytes(Native Method)
        at java.io.FileInputStream.read(FileInputStream.java:255)
        at java.io.BufferedInputStream.fill(BufferedInputStream.java:246)
        at java.io.BufferedInputStream.read(BufferedInputStream.java:265)
        at java.io.DataInputStream.readInt(DataInputStream.java:387)
        at org.apache.maven.surefire.booter.MasterProcessCommand.decode(MasterProcessCommand.java:115)
        at org.apache.maven.surefire.booter.CommandReader$CommandRunnable.run(CommandReader.java:390)
        at java.lang.Thread.run(Thread.java:748)
"qtp1842314090-1135" daemon prio=5 tid=1135 timed_waiting
java.lang.Thread.State: TIMED_WAITING
        at sun.misc.Unsafe.park(Native Method)
        at java.util.concurrent.locks.LockSupport.parkNanos(LockSupport.java:215)
        at java.util.concurrent.locks.AbstractQueuedSynchronizer$ConditionObject.awaitNanos(AbstractQueuedSynchronizer.java:2078)
        at org.eclipse.jetty.util.BlockingArrayQueue.poll(BlockingArrayQueue.java:392)
        at org.eclipse.jetty.util.thread.QueuedThreadPool.idleJobPoll(QueuedThreadPool.java:563)
        at org.eclipse.jetty.util.thread.QueuedThreadPool.access$800(QueuedThreadPool.java:48)
        at org.eclipse.jetty.util.thread.QueuedThreadPool$2.run(QueuedThreadPool.java:626)
        at java.lang.Thread.run(Thread.java:748)
"48c40916-4df4-43f1-8da9-aa837bc1a9b2-SegmentedRaftLogWorker:Storage Directory /tmp/workdir/hadoop-ozone/integration-test/target/test-dir/MiniOzoneClusterImpl-d6a8514b-9f5a-4ec7-be91-cc3589120d34/datanode-4/data/ratis/15160694-d92e-4da2-a597-c50e1ce1a3ca"  prio=5 tid=1646 timed_waiting
java.lang.Thread.State: TIMED_WAITING
        at sun.misc.Unsafe.park(Native Method)
        at java.util.concurrent.locks.LockSupport.parkNanos(LockSupport.java:215)
        at java.util.concurrent.locks.AbstractQueuedSynchronizer$ConditionObject.awaitNanos(AbstractQueuedSynchronizer.java:2078)
        at org.apache.ratis.util.DataBlockingQueue.poll(DataBlockingQueue.java:137)
        at org.apache.ratis.server.raftlog.segmented.SegmentedRaftLogWorker.run(SegmentedRaftLogWorker.java:283)
        at java.lang.Thread.run(Thread.java:748)
"Thread-711" daemon prio=5 tid=1716 timed_waiting
java.lang.Thread.State: TIMED_WAITING
        at java.lang.Thread.sleep(Native Method)
        at org.apache.ratis.util.JavaUtils.sleep(JavaUtils.java:247)
        at org.apache.ratis.server.impl.FollowerState.run(FollowerState.java:96)
"pool-279-thread-46"  prio=5 tid=1586 in Object.wait()
java.lang.Thread.State: WAITING (on object monitor)
        at sun.misc.Unsafe.park(Native Method)
        at java.util.concurrent.locks.LockSupport.park(LockSupport.java:175)
        at java.util.concurrent.locks.AbstractQueuedSynchronizer$ConditionObject.await(AbstractQueuedSynchronizer.java:2039)
        at java.util.concurrent.ArrayBlockingQueue.take(ArrayBlockingQueue.java:403)
        at java.util.concurrent.ThreadPoolExecutor.getTask(ThreadPoolExecutor.java:1074)
        at java.util.concurrent.ThreadPoolExecutor.runWorker(ThreadPoolExecutor.java:1134)
        at java.util.concurrent.ThreadPoolExecutor$Worker.run(ThreadPoolExecutor.java:624)
        at java.lang.Thread.run(Thread.java:748)
"pool-258-thread-5"  prio=5 tid=1485 in Object.wait()
java.lang.Thread.State: WAITING (on object monitor)
        at sun.misc.Unsafe.park(Native Method)
        at java.util.concurrent.locks.LockSupport.park(LockSupport.java:175)
        at java.util.concurrent.locks.AbstractQueuedSynchronizer$ConditionObject.await(AbstractQueuedSynchronizer.java:2039)
        at java.util.concurrent.ArrayBlockingQueue.take(ArrayBlockingQueue.java:403)
        at java.util.concurrent.ThreadPoolExecutor.getTask(ThreadPoolExecutor.java:1074)
        at java.util.concurrent.ThreadPoolExecutor.runWorker(ThreadPoolExecutor.java:1134)
        at java.util.concurrent.ThreadPoolExecutor$Worker.run(ThreadPoolExecutor.java:624)
        at java.lang.Thread.run(Thread.java:748)
"pool-279-thread-17"  prio=5 tid=1557 in Object.wait()
java.lang.Thread.State: WAITING (on object monitor)
        at sun.misc.Unsafe.park(Native Method)
        at java.util.concurrent.locks.LockSupport.park(LockSupport.java:175)
        at java.util.concurrent.locks.AbstractQueuedSynchronizer$ConditionObject.await(AbstractQueuedSynchronizer.java:2039)
        at java.util.concurrent.ArrayBlockingQueue.take(ArrayBlockingQueue.java:403)
        at java.util.concurrent.ThreadPoolExecutor.getTask(ThreadPoolExecutor.java:1074)
        at java.util.concurrent.ThreadPoolExecutor.runWorker(ThreadPoolExecutor.java:1134)
        at java.util.concurrent.ThreadPoolExecutor$Worker.run(ThreadPoolExecutor.java:624)
        at java.lang.Thread.run(Thread.java:748)
"qtp43402513-1105" daemon prio=5 tid=1105 timed_waiting
java.lang.Thread.State: TIMED_WAITING
        at sun.misc.Unsafe.park(Native Method)
        at java.util.concurrent.locks.LockSupport.parkNanos(LockSupport.java:215)
        at java.util.concurrent.locks.AbstractQueuedSynchronizer$ConditionObject.awaitNanos(AbstractQueuedSynchronizer.java:2078)
        at org.eclipse.jetty.util.BlockingArrayQueue.poll(BlockingArrayQueue.java:392)
        at org.eclipse.jetty.util.thread.QueuedThreadPool.idleJobPoll(QueuedThreadPool.java:563)
        at org.eclipse.jetty.util.thread.QueuedThreadPool.access$800(QueuedThreadPool.java:48)
        at org.eclipse.jetty.util.thread.QueuedThreadPool$2.run(QueuedThreadPool.java:626)
        at java.lang.Thread.run(Thread.java:748)
"pool-279-thread-45"  prio=5 tid=1585 in Object.wait()
java.lang.Thread.State: WAITING (on object monitor)
        at sun.misc.Unsafe.park(Native Method)
        at java.util.concurrent.locks.LockSupport.park(LockSupport.java:175)
        at java.util.concurrent.locks.AbstractQueuedSynchronizer$ConditionObject.await(AbstractQueuedSynchronizer.java:2039)
        at java.util.concurrent.ArrayBlockingQueue.take(ArrayBlockingQueue.java:403)
        at java.util.concurrent.ThreadPoolExecutor.getTask(ThreadPoolExecutor.java:1074)
        at java.util.concurrent.ThreadPoolExecutor.runWorker(ThreadPoolExecutor.java:1134)
        at java.util.concurrent.ThreadPoolExecutor$Worker.run(ThreadPoolExecutor.java:624)
        at java.lang.Thread.run(Thread.java:748)
"pool-258-thread-12"  prio=5 tid=1492 in Object.wait()
java.lang.Thread.State: WAITING (on object monitor)
        at sun.misc.Unsafe.park(Native Method)
        at java.util.concurrent.locks.LockSupport.park(LockSupport.java:175)
        at java.util.concurrent.locks.AbstractQueuedSynchronizer$ConditionObject.await(AbstractQueuedSynchronizer.java:2039)
        at java.util.concurrent.ArrayBlockingQueue.take(ArrayBlockingQueue.java:403)
        at java.util.concurrent.ThreadPoolExecutor.getTask(ThreadPoolExecutor.java:1074)
        at java.util.concurrent.ThreadPoolExecutor.runWorker(ThreadPoolExecutor.java:1134)
        at java.util.concurrent.ThreadPoolExecutor$Worker.run(ThreadPoolExecutor.java:624)
        at java.lang.Thread.run(Thread.java:748)
"pool-269-thread-1"  prio=5 tid=1645 in Object.wait()
java.lang.Thread.State: WAITING (on object monitor)
        at sun.misc.Unsafe.park(Native Method)
        at java.util.concurrent.locks.LockSupport.park(LockSupport.java:175)
        at java.util.concurrent.locks.AbstractQueuedSynchronizer$ConditionObject.await(AbstractQueuedSynchronizer.java:2039)
        at java.util.concurrent.LinkedBlockingQueue.take(LinkedBlockingQueue.java:442)
        at java.util.concurrent.ThreadPoolExecutor.getTask(ThreadPoolExecutor.java:1074)
        at java.util.concurrent.ThreadPoolExecutor.runWorker(ThreadPoolExecutor.java:1134)
        at java.util.concurrent.ThreadPoolExecutor$Worker.run(ThreadPoolExecutor.java:624)
        at java.lang.Thread.run(Thread.java:748)
"pool-172-thread-1" daemon prio=5 tid=1063 timed_waiting
java.lang.Thread.State: TIMED_WAITING
        at sun.misc.Unsafe.park(Native Method)
        at java.util.concurrent.locks.LockSupport.parkNanos(LockSupport.java:215)
        at java.util.concurrent.locks.AbstractQueuedSynchronizer$ConditionObject.awaitNanos(AbstractQueuedSynchronizer.java:2078)
        at java.util.concurrent.ScheduledThreadPoolExecutor$DelayedWorkQueue.take(ScheduledThreadPoolExecutor.java:1093)
        at java.util.concurrent.ScheduledThreadPoolExecutor$DelayedWorkQueue.take(ScheduledThreadPoolExecutor.java:809)
        at java.util.concurrent.ThreadPoolExecutor.getTask(ThreadPoolExecutor.java:1074)
        at java.util.concurrent.ThreadPoolExecutor.runWorker(ThreadPoolExecutor.java:1134)
        at java.util.concurrent.ThreadPoolExecutor$Worker.run(ThreadPoolExecutor.java:624)
        at java.lang.Thread.run(Thread.java:748)
"IPC Server handler 9 on 35612" daemon prio=5 tid=953 timed_waiting
java.lang.Thread.State: TIMED_WAITING
        at sun.misc.Unsafe.park(Native Method)
        at java.util.concurrent.locks.LockSupport.parkNanos(LockSupport.java:215)
        at java.util.concurrent.locks.AbstractQueuedSynchronizer$ConditionObject.awaitNanos(AbstractQueuedSynchronizer.java:2078)
        at java.util.concurrent.LinkedBlockingQueue.poll(LinkedBlockingQueue.java:467)
        at org.apache.hadoop.ipc.CallQueueManager.take(CallQueueManager.java:288)
        at org.apache.hadoop.ipc.Server$Handler.run(Server.java:2668)
"pool-195-thread-22"  prio=5 tid=1322 in Object.wait()
java.lang.Thread.State: WAITING (on object monitor)
        at sun.misc.Unsafe.park(Native Method)
        at java.util.concurrent.locks.LockSupport.park(LockSupport.java:175)
        at java.util.concurrent.locks.AbstractQueuedSynchronizer$ConditionObject.await(AbstractQueuedSynchronizer.java:2039)
        at java.util.concurrent.ArrayBlockingQueue.take(ArrayBlockingQueue.java:403)
        at java.util.concurrent.ThreadPoolExecutor.getTask(ThreadPoolExecutor.java:1074)
        at java.util.concurrent.ThreadPoolExecutor.runWorker(ThreadPoolExecutor.java:1134)
        at java.util.concurrent.ThreadPoolExecutor$Worker.run(ThreadPoolExecutor.java:624)
        at java.lang.Thread.run(Thread.java:748)
"BlockDeletingService#1" daemon prio=5 tid=1127 timed_waiting
java.lang.Thread.State: TIMED_WAITING
        at sun.misc.Unsafe.park(Native Method)
        at java.util.concurrent.locks.LockSupport.parkNanos(LockSupport.java:215)
        at java.util.concurrent.locks.AbstractQueuedSynchronizer$ConditionObject.awaitNanos(AbstractQueuedSynchronizer.java:2078)
        at java.util.concurrent.ScheduledThreadPoolExecutor$DelayedWorkQueue.take(ScheduledThreadPoolExecutor.java:1093)
        at java.util.concurrent.ScheduledThreadPoolExecutor$DelayedWorkQueue.take(ScheduledThreadPoolExecutor.java:809)
        at java.util.concurrent.ThreadPoolExecutor.getTask(ThreadPoolExecutor.java:1074)
        at java.util.concurrent.ThreadPoolExecutor.runWorker(ThreadPoolExecutor.java:1134)
        at java.util.concurrent.ThreadPoolExecutor$Worker.run(ThreadPoolExecutor.java:624)
        at java.lang.Thread.run(Thread.java:748)
"nioEventLoopGroup-8-1"  prio=10 tid=261 runnable
java.lang.Thread.State: RUNNABLE
        at sun.nio.ch.EPollArrayWrapper.epollWait(Native Method)
        at sun.nio.ch.EPollArrayWrapper.poll(EPollArrayWrapper.java:269)
        at sun.nio.ch.EPollSelectorImpl.doSelect(EPollSelectorImpl.java:93)
        at sun.nio.ch.SelectorImpl.lockAndDoSelect(SelectorImpl.java:86)
        at sun.nio.ch.SelectorImpl.select(SelectorImpl.java:97)
        at io.netty.channel.nio.SelectedSelectionKeySetSelector.select(SelectedSelectionKeySetSelector.java:62)
        at io.netty.channel.nio.NioEventLoop.select(NioEventLoop.java:753)
        at io.netty.channel.nio.NioEventLoop.run(NioEventLoop.java:408)
        at io.netty.util.concurrent.SingleThreadEventExecutor$5.run(SingleThreadEventExecutor.java:897)
        at io.netty.util.concurrent.FastThreadLocalRunnable.run(FastThreadLocalRunnable.java:30)
        at java.lang.Thread.run(Thread.java:748)
"pool-258-thread-14"  prio=5 tid=1494 in Object.wait()
java.lang.Thread.State: WAITING (on object monitor)
        at sun.misc.Unsafe.park(Native Method)
        at java.util.concurrent.locks.LockSupport.park(LockSupport.java:175)
        at java.util.concurrent.locks.AbstractQueuedSynchronizer$ConditionObject.await(AbstractQueuedSynchronizer.java:2039)
        at java.util.concurrent.ArrayBlockingQueue.take(ArrayBlockingQueue.java:403)
        at java.util.concurrent.ThreadPoolExecutor.getTask(ThreadPoolExecutor.java:1074)
        at java.util.concurrent.ThreadPoolExecutor.runWorker(ThreadPoolExecutor.java:1134)
        at java.util.concurrent.ThreadPoolExecutor$Worker.run(ThreadPoolExecutor.java:624)
        at java.lang.Thread.run(Thread.java:748)
"IPC Server handler 12 on 42412" daemon prio=5 tid=976 timed_waiting
java.lang.Thread.State: TIMED_WAITING
        at sun.misc.Unsafe.park(Native Method)
        at java.util.concurrent.locks.LockSupport.parkNanos(LockSupport.java:215)
        at java.util.concurrent.locks.AbstractQueuedSynchronizer$ConditionObject.awaitNanos(AbstractQueuedSynchronizer.java:2078)
        at java.util.concurrent.LinkedBlockingQueue.poll(LinkedBlockingQueue.java:467)
        at org.apache.hadoop.ipc.CallQueueManager.take(CallQueueManager.java:288)
        at org.apache.hadoop.ipc.Server$Handler.run(Server.java:2668)
"qtp302256620-1192" daemon prio=5 tid=1192 timed_waiting
java.lang.Thread.State: TIMED_WAITING
        at sun.misc.Unsafe.park(Native Method)
        at java.util.concurrent.locks.LockSupport.parkNanos(LockSupport.java:215)
        at java.util.concurrent.locks.AbstractQueuedSynchronizer$ConditionObject.awaitNanos(AbstractQueuedSynchronizer.java:2078)
        at org.eclipse.jetty.util.BlockingArrayQueue.poll(BlockingArrayQueue.java:392)
        at org.eclipse.jetty.util.thread.QueuedThreadPool.idleJobPoll(QueuedThreadPool.java:563)
        at org.eclipse.jetty.util.thread.QueuedThreadPool.access$800(QueuedThreadPool.java:48)
        at org.eclipse.jetty.util.thread.QueuedThreadPool$2.run(QueuedThreadPool.java:626)
        at java.lang.Thread.run(Thread.java:748)
"pool-195-thread-16"  prio=5 tid=1316 in Object.wait()
java.lang.Thread.State: WAITING (on object monitor)
        at sun.misc.Unsafe.park(Native Method)
        at java.util.concurrent.locks.LockSupport.park(LockSupport.java:175)
        at java.util.concurrent.locks.AbstractQueuedSynchronizer$ConditionObject.await(AbstractQueuedSynchronizer.java:2039)
        at java.util.concurrent.ArrayBlockingQueue.take(ArrayBlockingQueue.java:403)
        at java.util.concurrent.ThreadPoolExecutor.getTask(ThreadPoolExecutor.java:1074)
        at java.util.concurrent.ThreadPoolExecutor.runWorker(ThreadPoolExecutor.java:1134)
        at java.util.concurrent.ThreadPoolExecutor$Worker.run(ThreadPoolExecutor.java:624)
        at java.lang.Thread.run(Thread.java:748)
"pool-195-thread-3"  prio=5 tid=1303 in Object.wait()
java.lang.Thread.State: WAITING (on object monitor)
        at sun.misc.Unsafe.park(Native Method)
        at java.util.concurrent.locks.LockSupport.park(LockSupport.java:175)
        at java.util.concurrent.locks.AbstractQueuedSynchronizer$ConditionObject.await(AbstractQueuedSynchronizer.java:2039)
        at java.util.concurrent.ArrayBlockingQueue.take(ArrayBlockingQueue.java:403)
        at java.util.concurrent.ThreadPoolExecutor.getTask(ThreadPoolExecutor.java:1074)
        at java.util.concurrent.ThreadPoolExecutor.runWorker(ThreadPoolExecutor.java:1134)
        at java.util.concurrent.ThreadPoolExecutor$Worker.run(ThreadPoolExecutor.java:624)
        at java.lang.Thread.run(Thread.java:748)
"pool-258-thread-3"  prio=5 tid=1483 in Object.wait()
java.lang.Thread.State: WAITING (on object monitor)
        at sun.misc.Unsafe.park(Native Method)
        at java.util.concurrent.locks.LockSupport.park(LockSupport.java:175)
        at java.util.concurrent.locks.AbstractQueuedSynchronizer$ConditionObject.await(AbstractQueuedSynchronizer.java:2039)
        at java.util.concurrent.ArrayBlockingQueue.take(ArrayBlockingQueue.java:403)
        at java.util.concurrent.ThreadPoolExecutor.getTask(ThreadPoolExecutor.java:1074)
        at java.util.concurrent.ThreadPoolExecutor.runWorker(ThreadPoolExecutor.java:1134)
        at java.util.concurrent.ThreadPoolExecutor$Worker.run(ThreadPoolExecutor.java:624)
        at java.lang.Thread.run(Thread.java:748)
"pool-294-thread-1"  prio=5 tid=1218 timed_waiting
java.lang.Thread.State: TIMED_WAITING
        at sun.misc.Unsafe.park(Native Method)
        at java.util.concurrent.locks.LockSupport.parkNanos(LockSupport.java:215)
        at java.util.concurrent.locks.AbstractQueuedSynchronizer$ConditionObject.awaitNanos(AbstractQueuedSynchronizer.java:2078)
        at java.util.concurrent.ScheduledThreadPoolExecutor$DelayedWorkQueue.take(ScheduledThreadPoolExecutor.java:1093)
        at java.util.concurrent.ScheduledThreadPoolExecutor$DelayedWorkQueue.take(ScheduledThreadPoolExecutor.java:809)
        at java.util.concurrent.ThreadPoolExecutor.getTask(ThreadPoolExecutor.java:1074)
        at java.util.concurrent.ThreadPoolExecutor.runWorker(ThreadPoolExecutor.java:1134)
        at java.util.concurrent.ThreadPoolExecutor$Worker.run(ThreadPoolExecutor.java:624)
        at java.lang.Thread.run(Thread.java:748)
"IPC Server handler 1 on 36272" daemon prio=5 tid=985 timed_waiting
java.lang.Thread.State: TIMED_WAITING
        at sun.misc.Unsafe.park(Native Method)
        at java.util.concurrent.locks.LockSupport.parkNanos(LockSupport.java:215)
        at java.util.concurrent.locks.AbstractQueuedSynchronizer$ConditionObject.awaitNanos(AbstractQueuedSynchronizer.java:2078)
        at java.util.concurrent.LinkedBlockingQueue.poll(LinkedBlockingQueue.java:467)
        at org.apache.hadoop.ipc.CallQueueManager.take(CallQueueManager.java:288)
        at org.apache.hadoop.ipc.Server$Handler.run(Server.java:2668)
"pool-237-thread-11"  prio=5 tid=1431 in Object.wait()
java.lang.Thread.State: WAITING (on object monitor)
        at sun.misc.Unsafe.park(Native Method)
        at java.util.concurrent.locks.LockSupport.park(LockSupport.java:175)
        at java.util.concurrent.locks.AbstractQueuedSynchronizer$ConditionObject.await(AbstractQueuedSynchronizer.java:2039)
        at java.util.concurrent.ArrayBlockingQueue.take(ArrayBlockingQueue.java:403)
        at java.util.concurrent.ThreadPoolExecutor.getTask(ThreadPoolExecutor.java:1074)
        at java.util.concurrent.ThreadPoolExecutor.runWorker(ThreadPoolExecutor.java:1134)
        at java.util.concurrent.ThreadPoolExecutor$Worker.run(ThreadPoolExecutor.java:624)
        at java.lang.Thread.run(Thread.java:748)
"pool-237-thread-9"  prio=5 tid=1429 in Object.wait()
java.lang.Thread.State: WAITING (on object monitor)
        at sun.misc.Unsafe.park(Native Method)
        at java.util.concurrent.locks.LockSupport.park(LockSupport.java:175)
        at java.util.concurrent.locks.AbstractQueuedSynchronizer$ConditionObject.await(AbstractQueuedSynchronizer.java:2039)
        at java.util.concurrent.ArrayBlockingQueue.take(ArrayBlockingQueue.java:403)
        at java.util.concurrent.ThreadPoolExecutor.getTask(ThreadPoolExecutor.java:1074)
        at java.util.concurrent.ThreadPoolExecutor.runWorker(ThreadPoolExecutor.java:1134)
        at java.util.concurrent.ThreadPoolExecutor$Worker.run(ThreadPoolExecutor.java:624)
        at java.lang.Thread.run(Thread.java:748)
"IPC Server handler 14 on 36683" daemon prio=5 tid=1040 timed_waiting
java.lang.Thread.State: TIMED_WAITING
        at sun.misc.Unsafe.park(Native Method)
        at java.util.concurrent.locks.LockSupport.parkNanos(LockSupport.java:215)
        at java.util.concurrent.locks.AbstractQueuedSynchronizer$ConditionObject.awaitNanos(AbstractQueuedSynchronizer.java:2078)
        at java.util.concurrent.LinkedBlockingQueue.poll(LinkedBlockingQueue.java:467)
        at org.apache.hadoop.ipc.CallQueueManager.take(CallQueueManager.java:288)
        at org.apache.hadoop.ipc.Server$Handler.run(Server.java:2668)
"pool-216-thread-52"  prio=5 tid=1412 in Object.wait()
java.lang.Thread.State: WAITING (on object monitor)
        at sun.misc.Unsafe.park(Native Method)
        at java.util.concurrent.locks.LockSupport.park(LockSupport.java:175)
        at java.util.concurrent.locks.AbstractQueuedSynchronizer$ConditionObject.await(AbstractQueuedSynchronizer.java:2039)
        at java.util.concurrent.ArrayBlockingQueue.take(ArrayBlockingQueue.java:403)
        at java.util.concurrent.ThreadPoolExecutor.getTask(ThreadPoolExecutor.java:1074)
        at java.util.concurrent.ThreadPoolExecutor.runWorker(ThreadPoolExecutor.java:1134)
        at java.util.concurrent.ThreadPoolExecutor$Worker.run(ThreadPoolExecutor.java:624)
        at java.lang.Thread.run(Thread.java:748)
"IPC Server handler 5 on 35612" daemon prio=5 tid=949 timed_waiting
java.lang.Thread.State: TIMED_WAITING
        at sun.misc.Unsafe.park(Native Method)
        at java.util.concurrent.locks.LockSupport.parkNanos(LockSupport.java:215)
        at java.util.concurrent.locks.AbstractQueuedSynchronizer$ConditionObject.awaitNanos(AbstractQueuedSynchronizer.java:2078)
        at java.util.concurrent.LinkedBlockingQueue.poll(LinkedBlockingQueue.java:467)
        at org.apache.hadoop.ipc.CallQueueManager.take(CallQueueManager.java:288)
        at org.apache.hadoop.ipc.Server$Handler.run(Server.java:2668)
"pool-174-thread-43"  prio=5 tid=1282 in Object.wait()
java.lang.Thread.State: WAITING (on object monitor)
        at sun.misc.Unsafe.park(Native Method)
        at java.util.concurrent.locks.LockSupport.park(LockSupport.java:175)
        at java.util.concurrent.locks.AbstractQueuedSynchronizer$ConditionObject.await(AbstractQueuedSynchronizer.java:2039)
        at java.util.concurrent.ArrayBlockingQueue.take(ArrayBlockingQueue.java:403)
        at java.util.concurrent.ThreadPoolExecutor.getTask(ThreadPoolExecutor.java:1074)
        at java.util.concurrent.ThreadPoolExecutor.runWorker(ThreadPoolExecutor.java:1134)
        at java.util.concurrent.ThreadPoolExecutor$Worker.run(ThreadPoolExecutor.java:624)
        at java.lang.Thread.run(Thread.java:748)
"IPC Server handler 2 on 36272" daemon prio=5 tid=986 timed_waiting
java.lang.Thread.State: TIMED_WAITING
        at sun.misc.Unsafe.park(Native Method)
        at java.util.concurrent.locks.LockSupport.parkNanos(LockSupport.java:215)
        at java.util.concurrent.locks.AbstractQueuedSynchronizer$ConditionObject.awaitNanos(AbstractQueuedSynchronizer.java:2078)
        at java.util.concurrent.LinkedBlockingQueue.poll(LinkedBlockingQueue.java:467)
        at org.apache.hadoop.ipc.CallQueueManager.take(CallQueueManager.java:288)
        at org.apache.hadoop.ipc.Server$Handler.run(Server.java:2668)
"Datanode State Machine Thread - 0" daemon prio=5 tid=1141 timed_waiting
java.lang.Thread.State: TIMED_WAITING
        at java.lang.Thread.sleep(Native Method)
        at org.apache.hadoop.ozone.container.common.statemachine.DatanodeStateMachine.start(DatanodeStateMachine.java:191)
        at org.apache.hadoop.ozone.container.common.statemachine.DatanodeStateMachine.lambda$startDaemon$0(DatanodeStateMachine.java:349)
        at org.apache.hadoop.ozone.container.common.statemachine.DatanodeStateMachine$$Lambda$143/327170708.run(Unknown Source)
        at java.lang.Thread.run(Thread.java:748)
"IPC Server handler 18 on 36272" daemon prio=5 tid=1002 timed_waiting
java.lang.Thread.State: TIMED_WAITING
        at sun.misc.Unsafe.park(Native Method)
        at java.util.concurrent.locks.LockSupport.parkNanos(LockSupport.java:215)
        at java.util.concurrent.locks.AbstractQueuedSynchronizer$ConditionObject.awaitNanos(AbstractQueuedSynchronizer.java:2078)
        at java.util.concurrent.LinkedBlockingQueue.poll(LinkedBlockingQueue.java:467)
        at org.apache.hadoop.ipc.CallQueueManager.take(CallQueueManager.java:288)
        at org.apache.hadoop.ipc.Server$Handler.run(Server.java:2668)
"org.eclipse.jetty.server.session.HashSessionManager@646cb2eTimer" daemon prio=5 tid=1227 timed_waiting
java.lang.Thread.State: TIMED_WAITING
        at sun.misc.Unsafe.park(Native Method)
        at java.util.concurrent.locks.LockSupport.parkNanos(LockSupport.java:215)
        at java.util.concurrent.locks.AbstractQueuedSynchronizer$ConditionObject.awaitNanos(AbstractQueuedSynchronizer.java:2078)
        at java.util.concurrent.ScheduledThreadPoolExecutor$DelayedWorkQueue.take(ScheduledThreadPoolExecutor.java:1093)
        at java.util.concurrent.ScheduledThreadPoolExecutor$DelayedWorkQueue.take(ScheduledThreadPoolExecutor.java:809)
        at java.util.concurrent.ThreadPoolExecutor.getTask(ThreadPoolExecutor.java:1074)
        at java.util.concurrent.ThreadPoolExecutor.runWorker(ThreadPoolExecutor.java:1134)
        at java.util.concurrent.ThreadPoolExecutor$Worker.run(ThreadPoolExecutor.java:624)
        at java.lang.Thread.run(Thread.java:748)
"qtp649827042-1072" daemon prio=5 tid=1072 timed_waiting
java.lang.Thread.State: TIMED_WAITING
        at sun.misc.Unsafe.park(Native Method)
        at java.util.concurrent.locks.LockSupport.parkNanos(LockSupport.java:215)
        at java.util.concurrent.locks.AbstractQueuedSynchronizer$ConditionObject.awaitNanos(AbstractQueuedSynchronizer.java:2078)
        at org.eclipse.jetty.util.BlockingArrayQueue.poll(BlockingArrayQueue.java:392)
        at org.eclipse.jetty.util.thread.QueuedThreadPool.idleJobPoll(QueuedThreadPool.java:563)
        at org.eclipse.jetty.util.thread.QueuedThreadPool.access$800(QueuedThreadPool.java:48)
        at org.eclipse.jetty.util.thread.QueuedThreadPool$2.run(QueuedThreadPool.java:626)
        at java.lang.Thread.run(Thread.java:748)
"IPC Server listener on 42412" daemon prio=5 tid=933 runnable
java.lang.Thread.State: RUNNABLE
        at sun.nio.ch.EPollArrayWrapper.epollWait(Native Method)
        at sun.nio.ch.EPollArrayWrapper.poll(EPollArrayWrapper.java:269)
        at sun.nio.ch.EPollSelectorImpl.doSelect(EPollSelectorImpl.java:93)
        at sun.nio.ch.SelectorImpl.lockAndDoSelect(SelectorImpl.java:86)
        at sun.nio.ch.SelectorImpl.select(SelectorImpl.java:97)
        at sun.nio.ch.SelectorImpl.select(SelectorImpl.java:101)
        at org.apache.hadoop.ipc.Server$Listener.run(Server.java:1159)
"pool-195-thread-33"  prio=5 tid=1333 in Object.wait()
java.lang.Thread.State: WAITING (on object monitor)
        at sun.misc.Unsafe.park(Native Method)
        at java.util.concurrent.locks.LockSupport.park(LockSupport.java:175)
        at java.util.concurrent.locks.AbstractQueuedSynchronizer$ConditionObject.await(AbstractQueuedSynchronizer.java:2039)
        at java.util.concurrent.ArrayBlockingQueue.take(ArrayBlockingQueue.java:403)
        at java.util.concurrent.ThreadPoolExecutor.getTask(ThreadPoolExecutor.java:1074)
        at java.util.concurrent.ThreadPoolExecutor.runWorker(ThreadPoolExecutor.java:1134)
        at java.util.concurrent.ThreadPoolExecutor$Worker.run(ThreadPoolExecutor.java:624)
        at java.lang.Thread.run(Thread.java:748)
"pool-231-thread-1"  prio=5 tid=1128 timed_waiting
java.lang.Thread.State: TIMED_WAITING
        at sun.misc.Unsafe.park(Native Method)
        at java.util.concurrent.locks.LockSupport.parkNanos(LockSupport.java:215)
        at java.util.concurrent.locks.AbstractQueuedSynchronizer$ConditionObject.awaitNanos(AbstractQueuedSynchronizer.java:2078)
        at java.util.concurrent.ScheduledThreadPoolExecutor$DelayedWorkQueue.take(ScheduledThreadPoolExecutor.java:1093)
        at java.util.concurrent.ScheduledThreadPoolExecutor$DelayedWorkQueue.take(ScheduledThreadPoolExecutor.java:809)
        at java.util.concurrent.ThreadPoolExecutor.getTask(ThreadPoolExecutor.java:1074)
        at java.util.concurrent.ThreadPoolExecutor.runWorker(ThreadPoolExecutor.java:1134)
        at java.util.concurrent.ThreadPoolExecutor$Worker.run(ThreadPoolExecutor.java:624)
        at java.lang.Thread.run(Thread.java:748)
"pool-216-thread-54"  prio=5 tid=1414 in Object.wait()
java.lang.Thread.State: WAITING (on object monitor)
        at sun.misc.Unsafe.park(Native Method)
        at java.util.concurrent.locks.LockSupport.park(LockSupport.java:175)
        at java.util.concurrent.locks.AbstractQueuedSynchronizer$ConditionObject.await(AbstractQueuedSynchronizer.java:2039)
        at java.util.concurrent.ArrayBlockingQueue.take(ArrayBlockingQueue.java:403)
        at java.util.concurrent.ThreadPoolExecutor.getTask(ThreadPoolExecutor.java:1074)
        at java.util.concurrent.ThreadPoolExecutor.runWorker(ThreadPoolExecutor.java:1134)
        at java.util.concurrent.ThreadPoolExecutor$Worker.run(ThreadPoolExecutor.java:624)
        at java.lang.Thread.run(Thread.java:748)
"pool-279-thread-26"  prio=5 tid=1566 in Object.wait()
java.lang.Thread.State: WAITING (on object monitor)
        at sun.misc.Unsafe.park(Native Method)
        at java.util.concurrent.locks.LockSupport.park(LockSupport.java:175)
        at java.util.concurrent.locks.AbstractQueuedSynchronizer$ConditionObject.await(AbstractQueuedSynchronizer.java:2039)
        at java.util.concurrent.ArrayBlockingQueue.take(ArrayBlockingQueue.java:403)
        at java.util.concurrent.ThreadPoolExecutor.getTask(ThreadPoolExecutor.java:1074)
        at java.util.concurrent.ThreadPoolExecutor.runWorker(ThreadPoolExecutor.java:1134)
        at java.util.concurrent.ThreadPoolExecutor$Worker.run(ThreadPoolExecutor.java:624)
        at java.lang.Thread.run(Thread.java:748)
"pool-279-thread-6"  prio=5 tid=1546 in Object.wait()
java.lang.Thread.State: WAITING (on object monitor)
        at sun.misc.Unsafe.park(Native Method)
        at java.util.concurrent.locks.LockSupport.park(LockSupport.java:175)
        at java.util.concurrent.locks.AbstractQueuedSynchronizer$ConditionObject.await(AbstractQueuedSynchronizer.java:2039)
        at java.util.concurrent.ArrayBlockingQueue.take(ArrayBlockingQueue.java:403)
        at java.util.concurrent.ThreadPoolExecutor.getTask(ThreadPoolExecutor.java:1074)
        at java.util.concurrent.ThreadPoolExecutor.runWorker(ThreadPoolExecutor.java:1134)
        at java.util.concurrent.ThreadPoolExecutor$Worker.run(ThreadPoolExecutor.java:624)
        at java.lang.Thread.run(Thread.java:748)
"BlockDeletingService#1" daemon prio=5 tid=1187 timed_waiting
java.lang.Thread.State: TIMED_WAITING
        at sun.misc.Unsafe.park(Native Method)
        at java.util.concurrent.locks.LockSupport.parkNanos(LockSupport.java:215)
        at java.util.concurrent.locks.AbstractQueuedSynchronizer$ConditionObject.awaitNanos(AbstractQueuedSynchronizer.java:2078)
        at java.util.concurrent.ScheduledThreadPoolExecutor$DelayedWorkQueue.take(ScheduledThreadPoolExecutor.java:1093)
        at java.util.concurrent.ScheduledThreadPoolExecutor$DelayedWorkQueue.take(ScheduledThreadPoolExecutor.java:809)
        at java.util.concurrent.ThreadPoolExecutor.getTask(ThreadPoolExecutor.java:1074)
        at java.util.concurrent.ThreadPoolExecutor.runWorker(ThreadPoolExecutor.java:1134)
        at java.util.concurrent.ThreadPoolExecutor$Worker.run(ThreadPoolExecutor.java:624)
        at java.lang.Thread.run(Thread.java:748)
"pool-216-thread-19"  prio=5 tid=1379 in Object.wait()
java.lang.Thread.State: WAITING (on object monitor)
        at sun.misc.Unsafe.park(Native Method)
        at java.util.concurrent.locks.LockSupport.park(LockSupport.java:175)
        at java.util.concurrent.locks.AbstractQueuedSynchronizer$ConditionObject.await(AbstractQueuedSynchronizer.java:2039)
        at java.util.concurrent.ArrayBlockingQueue.take(ArrayBlockingQueue.java:403)
        at java.util.concurrent.ThreadPoolExecutor.getTask(ThreadPoolExecutor.java:1074)
        at java.util.concurrent.ThreadPoolExecutor.runWorker(ThreadPoolExecutor.java:1134)
        at java.util.concurrent.ThreadPoolExecutor$Worker.run(ThreadPoolExecutor.java:624)
        at java.lang.Thread.run(Thread.java:748)
"IPC Server handler 13 on 42412" daemon prio=5 tid=977 timed_waiting
java.lang.Thread.State: TIMED_WAITING
        at sun.misc.Unsafe.park(Native Method)
        at java.util.concurrent.locks.LockSupport.parkNanos(LockSupport.java:215)
        at java.util.concurrent.locks.AbstractQueuedSynchronizer$ConditionObject.awaitNanos(AbstractQueuedSynchronizer.java:2078)
        at java.util.concurrent.LinkedBlockingQueue.poll(LinkedBlockingQueue.java:467)
        at org.apache.hadoop.ipc.CallQueueManager.take(CallQueueManager.java:288)
        at org.apache.hadoop.ipc.Server$Handler.run(Server.java:2668)
"pool-279-thread-34"  prio=5 tid=1574 in Object.wait()
java.lang.Thread.State: WAITING (on object monitor)
        at sun.misc.Unsafe.park(Native Method)
        at java.util.concurrent.locks.LockSupport.park(LockSupport.java:175)
        at java.util.concurrent.locks.AbstractQueuedSynchronizer$ConditionObject.await(AbstractQueuedSynchronizer.java:2039)
        at java.util.concurrent.ArrayBlockingQueue.take(ArrayBlockingQueue.java:403)
        at java.util.concurrent.ThreadPoolExecutor.getTask(ThreadPoolExecutor.java:1074)
        at java.util.concurrent.ThreadPoolExecutor.runWorker(ThreadPoolExecutor.java:1134)
        at java.util.concurrent.ThreadPoolExecutor$Worker.run(ThreadPoolExecutor.java:624)
        at java.lang.Thread.run(Thread.java:748)
"pool-185-thread-1"  prio=5 tid=1610 in Object.wait()
java.lang.Thread.State: WAITING (on object monitor)
        at sun.misc.Unsafe.park(Native Method)
        at java.util.concurrent.locks.LockSupport.park(LockSupport.java:175)
        at java.util.concurrent.locks.AbstractQueuedSynchronizer$ConditionObject.await(AbstractQueuedSynchronizer.java:2039)
        at java.util.concurrent.LinkedBlockingQueue.take(LinkedBlockingQueue.java:442)
        at java.util.concurrent.ThreadPoolExecutor.getTask(ThreadPoolExecutor.java:1074)
        at java.util.concurrent.ThreadPoolExecutor.runWorker(ThreadPoolExecutor.java:1134)
        at java.util.concurrent.ThreadPoolExecutor$Worker.run(ThreadPoolExecutor.java:624)
        at java.lang.Thread.run(Thread.java:748)
"qtp2037147839-1048-acceptor-0@664785b5-ServerConnector@3e151e1f{HTTP/1.1,[http/1.1]}{0.0.0.0:36840}" daemon prio=3 tid=1048 runnable
java.lang.Thread.State: RUNNABLE
        at sun.nio.ch.ServerSocketChannelImpl.accept0(Native Method)
        at sun.nio.ch.ServerSocketChannelImpl.accept(ServerSocketChannelImpl.java:422)
        at sun.nio.ch.ServerSocketChannelImpl.accept(ServerSocketChannelImpl.java:250)
        at org.eclipse.jetty.server.ServerConnector.accept(ServerConnector.java:397)
        at org.eclipse.jetty.server.AbstractConnector$Acceptor.run(AbstractConnector.java:601)
        at org.eclipse.jetty.util.thread.QueuedThreadPool.runJob(QueuedThreadPool.java:671)
        at org.eclipse.jetty.util.thread.QueuedThreadPool$2.run(QueuedThreadPool.java:589)
        at java.lang.Thread.run(Thread.java:748)
"pool-279-thread-53"  prio=5 tid=1593 in Object.wait()
java.lang.Thread.State: WAITING (on object monitor)
        at sun.misc.Unsafe.park(Native Method)
        at java.util.concurrent.locks.LockSupport.park(LockSupport.java:175)
        at java.util.concurrent.locks.AbstractQueuedSynchronizer$ConditionObject.await(AbstractQueuedSynchronizer.java:2039)
        at java.util.concurrent.ArrayBlockingQueue.take(ArrayBlockingQueue.java:403)
        at java.util.concurrent.ThreadPoolExecutor.getTask(ThreadPoolExecutor.java:1074)
        at java.util.concurrent.ThreadPoolExecutor.runWorker(ThreadPoolExecutor.java:1134)
        at java.util.concurrent.ThreadPoolExecutor$Worker.run(ThreadPoolExecutor.java:624)
        at java.lang.Thread.run(Thread.java:748)
"pool-279-thread-38"  prio=5 tid=1578 in Object.wait()
java.lang.Thread.State: WAITING (on object monitor)
        at sun.misc.Unsafe.park(Native Method)
        at java.util.concurrent.locks.LockSupport.park(LockSupport.java:175)
        at java.util.concurrent.locks.AbstractQueuedSynchronizer$ConditionObject.await(AbstractQueuedSynchronizer.java:2039)
        at java.util.concurrent.ArrayBlockingQueue.take(ArrayBlockingQueue.java:403)
        at java.util.concurrent.ThreadPoolExecutor.getTask(ThreadPoolExecutor.java:1074)
        at java.util.concurrent.ThreadPoolExecutor.runWorker(ThreadPoolExecutor.java:1134)
        at java.util.concurrent.ThreadPoolExecutor$Worker.run(ThreadPoolExecutor.java:624)
        at java.lang.Thread.run(Thread.java:748)
"IPC Server handler 15 on 36683" daemon prio=5 tid=1041 timed_waiting
java.lang.Thread.State: TIMED_WAITING
        at sun.misc.Unsafe.park(Native Method)
        at java.util.concurrent.locks.LockSupport.parkNanos(LockSupport.java:215)
        at java.util.concurrent.locks.AbstractQueuedSynchronizer$ConditionObject.awaitNanos(AbstractQueuedSynchronizer.java:2078)
        at java.util.concurrent.LinkedBlockingQueue.poll(LinkedBlockingQueue.java:467)
        at org.apache.hadoop.ipc.CallQueueManager.take(CallQueueManager.java:288)
        at org.apache.hadoop.ipc.Server$Handler.run(Server.java:2668)
"pool-216-thread-4"  prio=5 tid=1364 in Object.wait()
java.lang.Thread.State: WAITING (on object monitor)
        at sun.misc.Unsafe.park(Native Method)
        at java.util.concurrent.locks.LockSupport.park(LockSupport.java:175)
        at java.util.concurrent.locks.AbstractQueuedSynchronizer$ConditionObject.await(AbstractQueuedSynchronizer.java:2039)
        at java.util.concurrent.ArrayBlockingQueue.take(ArrayBlockingQueue.java:403)
        at java.util.concurrent.ThreadPoolExecutor.getTask(ThreadPoolExecutor.java:1074)
        at java.util.concurrent.ThreadPoolExecutor.runWorker(ThreadPoolExecutor.java:1134)
        at java.util.concurrent.ThreadPoolExecutor$Worker.run(ThreadPoolExecutor.java:624)
        at java.lang.Thread.run(Thread.java:748)
"Datanode State Machine Thread - 0" daemon prio=5 tid=1180 timed_waiting
java.lang.Thread.State: TIMED_WAITING
        at sun.misc.Unsafe.park(Native Method)
        at java.util.concurrent.locks.LockSupport.parkNanos(LockSupport.java:215)
        at java.util.concurrent.SynchronousQueue$TransferStack.awaitFulfill(SynchronousQueue.java:460)
        at java.util.concurrent.SynchronousQueue$TransferStack.transfer(SynchronousQueue.java:362)
        at java.util.concurrent.SynchronousQueue.poll(SynchronousQueue.java:941)
        at java.util.concurrent.ThreadPoolExecutor.getTask(ThreadPoolExecutor.java:1073)
        at java.util.concurrent.ThreadPoolExecutor.runWorker(ThreadPoolExecutor.java:1134)
        at java.util.concurrent.ThreadPoolExecutor$Worker.run(ThreadPoolExecutor.java:624)
        at java.lang.Thread.run(Thread.java:748)
"pool-279-thread-31"  prio=5 tid=1571 in Object.wait()
java.lang.Thread.State: WAITING (on object monitor)
        at sun.misc.Unsafe.park(Native Method)
        at java.util.concurrent.locks.LockSupport.park(LockSupport.java:175)
        at java.util.concurrent.locks.AbstractQueuedSynchronizer$ConditionObject.await(AbstractQueuedSynchronizer.java:2039)
        at java.util.concurrent.ArrayBlockingQueue.take(ArrayBlockingQueue.java:403)
        at java.util.concurrent.ThreadPoolExecutor.getTask(ThreadPoolExecutor.java:1074)
        at java.util.concurrent.ThreadPoolExecutor.runWorker(ThreadPoolExecutor.java:1134)
        at java.util.concurrent.ThreadPoolExecutor$Worker.run(ThreadPoolExecutor.java:624)
        at java.lang.Thread.run(Thread.java:748)
"BlockDeletingService#2" daemon prio=5 tid=1841 in Object.wait()
java.lang.Thread.State: WAITING (on object monitor)
        at sun.misc.Unsafe.park(Native Method)
        at java.util.concurrent.locks.LockSupport.park(LockSupport.java:175)
        at java.util.concurrent.locks.AbstractQueuedSynchronizer$ConditionObject.await(AbstractQueuedSynchronizer.java:2039)
        at java.util.concurrent.ScheduledThreadPoolExecutor$DelayedWorkQueue.take(ScheduledThreadPoolExecutor.java:1088)
        at java.util.concurrent.ScheduledThreadPoolExecutor$DelayedWorkQueue.take(ScheduledThreadPoolExecutor.java:809)
        at java.util.concurrent.ThreadPoolExecutor.getTask(ThreadPoolExecutor.java:1074)
        at java.util.concurrent.ThreadPoolExecutor.runWorker(ThreadPoolExecutor.java:1134)
        at java.util.concurrent.ThreadPoolExecutor$Worker.run(ThreadPoolExecutor.java:624)
        at java.lang.Thread.run(Thread.java:748)
"qtp1842314090-1133" daemon prio=5 tid=1133 timed_waiting
java.lang.Thread.State: TIMED_WAITING
        at sun.misc.Unsafe.park(Native Method)
        at java.util.concurrent.locks.LockSupport.parkNanos(LockSupport.java:215)
        at java.util.concurrent.locks.AbstractQueuedSynchronizer$ConditionObject.awaitNanos(AbstractQueuedSynchronizer.java:2078)
        at org.eclipse.jetty.util.BlockingArrayQueue.poll(BlockingArrayQueue.java:392)
        at org.eclipse.jetty.util.thread.QueuedThreadPool.idleJobPoll(QueuedThreadPool.java:563)
        at org.eclipse.jetty.util.thread.QueuedThreadPool.access$800(QueuedThreadPool.java:48)
        at org.eclipse.jetty.util.thread.QueuedThreadPool$2.run(QueuedThreadPool.java:626)
        at java.lang.Thread.run(Thread.java:748)
"pool-237-thread-35"  prio=5 tid=1455 in Object.wait()
java.lang.Thread.State: WAITING (on object monitor)
        at sun.misc.Unsafe.park(Native Method)
        at java.util.concurrent.locks.LockSupport.park(LockSupport.java:175)
        at java.util.concurrent.locks.AbstractQueuedSynchronizer$ConditionObject.await(AbstractQueuedSynchronizer.java:2039)
        at java.util.concurrent.ArrayBlockingQueue.take(ArrayBlockingQueue.java:403)
        at java.util.concurrent.ThreadPoolExecutor.getTask(ThreadPoolExecutor.java:1074)
        at java.util.concurrent.ThreadPoolExecutor.runWorker(ThreadPoolExecutor.java:1134)
        at java.util.concurrent.ThreadPoolExecutor$Worker.run(ThreadPoolExecutor.java:624)
        at java.lang.Thread.run(Thread.java:748)
"pool-258-thread-31"  prio=5 tid=1511 in Object.wait()
java.lang.Thread.State: WAITING (on object monitor)
        at sun.misc.Unsafe.park(Native Method)
        at java.util.concurrent.locks.LockSupport.park(LockSupport.java:175)
        at java.util.concurrent.locks.AbstractQueuedSynchronizer$ConditionObject.await(AbstractQueuedSynchronizer.java:2039)
        at java.util.concurrent.ArrayBlockingQueue.take(ArrayBlockingQueue.java:403)
        at java.util.concurrent.ThreadPoolExecutor.getTask(ThreadPoolExecutor.java:1074)
        at java.util.concurrent.ThreadPoolExecutor.runWorker(ThreadPoolExecutor.java:1134)
        at java.util.concurrent.ThreadPoolExecutor$Worker.run(ThreadPoolExecutor.java:624)
        at java.lang.Thread.run(Thread.java:748)
"IPC Server handler 11 on 35612" daemon prio=5 tid=955 timed_waiting
java.lang.Thread.State: TIMED_WAITING
        at sun.misc.Unsafe.park(Native Method)
        at java.util.concurrent.locks.LockSupport.parkNanos(LockSupport.java:215)
        at java.util.concurrent.locks.AbstractQueuedSynchronizer$ConditionObject.awaitNanos(AbstractQueuedSynchronizer.java:2078)
        at java.util.concurrent.LinkedBlockingQueue.poll(LinkedBlockingQueue.java:467)
        at org.apache.hadoop.ipc.CallQueueManager.take(CallQueueManager.java:288)
        at org.apache.hadoop.ipc.Server$Handler.run(Server.java:2668)
"482e7165-fe12-46cd-a701-6952c6a65481-SegmentedRaftLogWorker:Storage Directory /tmp/workdir/hadoop-ozone/integration-test/target/test-dir/MiniOzoneClusterImpl-d6a8514b-9f5a-4ec7-be91-cc3589120d34/datanode-2/data/ratis/618fcf68-b8f8-4a83-876e-113666e17b52"  prio=5 tid=1622 timed_waiting
java.lang.Thread.State: TIMED_WAITING
        at sun.misc.Unsafe.park(Native Method)
        at java.util.concurrent.locks.LockSupport.parkNanos(LockSupport.java:215)
        at java.util.concurrent.locks.AbstractQueuedSynchronizer$ConditionObject.awaitNanos(AbstractQueuedSynchronizer.java:2078)
        at org.apache.ratis.util.DataBlockingQueue.poll(DataBlockingQueue.java:137)
        at org.apache.ratis.server.raftlog.segmented.SegmentedRaftLogWorker.run(SegmentedRaftLogWorker.java:283)
        at java.lang.Thread.run(Thread.java:748)
"pool-279-thread-50"  prio=5 tid=1590 in Object.wait()
java.lang.Thread.State: WAITING (on object monitor)
        at sun.misc.Unsafe.park(Native Method)
        at java.util.concurrent.locks.LockSupport.park(LockSupport.java:175)
        at java.util.concurrent.locks.AbstractQueuedSynchronizer$ConditionObject.await(AbstractQueuedSynchronizer.java:2039)
        at java.util.concurrent.ArrayBlockingQueue.take(ArrayBlockingQueue.java:403)
        at java.util.concurrent.ThreadPoolExecutor.getTask(ThreadPoolExecutor.java:1074)
        at java.util.concurrent.ThreadPoolExecutor.runWorker(ThreadPoolExecutor.java:1134)
        at java.util.concurrent.ThreadPoolExecutor$Worker.run(ThreadPoolExecutor.java:624)
        at java.lang.Thread.run(Thread.java:748)
"pool-174-thread-53"  prio=5 tid=1292 in Object.wait()
java.lang.Thread.State: WAITING (on object monitor)
        at sun.misc.Unsafe.park(Native Method)
        at java.util.concurrent.locks.LockSupport.park(LockSupport.java:175)
        at java.util.concurrent.locks.AbstractQueuedSynchronizer$ConditionObject.await(AbstractQueuedSynchronizer.java:2039)
        at java.util.concurrent.ArrayBlockingQueue.take(ArrayBlockingQueue.java:403)
        at java.util.concurrent.ThreadPoolExecutor.getTask(ThreadPoolExecutor.java:1074)
        at java.util.concurrent.ThreadPoolExecutor.runWorker(ThreadPoolExecutor.java:1134)
        at java.util.concurrent.ThreadPoolExecutor$Worker.run(ThreadPoolExecutor.java:624)
        at java.lang.Thread.run(Thread.java:748)
"pool-258-thread-47"  prio=5 tid=1527 in Object.wait()
java.lang.Thread.State: WAITING (on object monitor)
        at sun.misc.Unsafe.park(Native Method)
        at java.util.concurrent.locks.LockSupport.park(LockSupport.java:175)
        at java.util.concurrent.locks.AbstractQueuedSynchronizer$ConditionObject.await(AbstractQueuedSynchronizer.java:2039)
        at java.util.concurrent.ArrayBlockingQueue.take(ArrayBlockingQueue.java:403)
        at java.util.concurrent.ThreadPoolExecutor.getTask(ThreadPoolExecutor.java:1074)
        at java.util.concurrent.ThreadPoolExecutor.runWorker(ThreadPoolExecutor.java:1134)
        at java.util.concurrent.ThreadPoolExecutor$Worker.run(ThreadPoolExecutor.java:624)
        at java.lang.Thread.run(Thread.java:748)
"IPC Server handler 17 on 36683" daemon prio=5 tid=1043 timed_waiting
java.lang.Thread.State: TIMED_WAITING
        at sun.misc.Unsafe.park(Native Method)
        at java.util.concurrent.locks.LockSupport.parkNanos(LockSupport.java:215)
        at java.util.concurrent.locks.AbstractQueuedSynchronizer$ConditionObject.awaitNanos(AbstractQueuedSynchronizer.java:2078)
        at java.util.concurrent.LinkedBlockingQueue.poll(LinkedBlockingQueue.java:467)
        at org.apache.hadoop.ipc.CallQueueManager.take(CallQueueManager.java:288)
        at org.apache.hadoop.ipc.Server$Handler.run(Server.java:2668)
"IPC Server handler 3 on 35612" daemon prio=5 tid=947 timed_waiting
java.lang.Thread.State: TIMED_WAITING
        at sun.misc.Unsafe.park(Native Method)
        at java.util.concurrent.locks.LockSupport.parkNanos(LockSupport.java:215)
        at java.util.concurrent.locks.AbstractQueuedSynchronizer$ConditionObject.awaitNanos(AbstractQueuedSynchronizer.java:2078)
        at java.util.concurrent.LinkedBlockingQueue.poll(LinkedBlockingQueue.java:467)
        at org.apache.hadoop.ipc.CallQueueManager.take(CallQueueManager.java:288)
        at org.apache.hadoop.ipc.Server$Handler.run(Server.java:2668)
"pool-195-thread-5"  prio=5 tid=1305 in Object.wait()
java.lang.Thread.State: WAITING (on object monitor)
        at sun.misc.Unsafe.park(Native Method)
        at java.util.concurrent.locks.LockSupport.park(LockSupport.java:175)
        at java.util.concurrent.locks.AbstractQueuedSynchronizer$ConditionObject.await(AbstractQueuedSynchronizer.java:2039)
        at java.util.concurrent.ArrayBlockingQueue.take(ArrayBlockingQueue.java:403)
        at java.util.concurrent.ThreadPoolExecutor.getTask(ThreadPoolExecutor.java:1074)
        at java.util.concurrent.ThreadPoolExecutor.runWorker(ThreadPoolExecutor.java:1134)
        at java.util.concurrent.ThreadPoolExecutor$Worker.run(ThreadPoolExecutor.java:624)
        at java.lang.Thread.run(Thread.java:748)
"pool-279-thread-21"  prio=5 tid=1561 in Object.wait()
java.lang.Thread.State: WAITING (on object monitor)
        at sun.misc.Unsafe.park(Native Method)
        at java.util.concurrent.locks.LockSupport.park(LockSupport.java:175)
        at java.util.concurrent.locks.AbstractQueuedSynchronizer$ConditionObject.await(AbstractQueuedSynchronizer.java:2039)
        at java.util.concurrent.ArrayBlockingQueue.take(ArrayBlockingQueue.java:403)
        at java.util.concurrent.ThreadPoolExecutor.getTask(ThreadPoolExecutor.java:1074)
        at java.util.concurrent.ThreadPoolExecutor.runWorker(ThreadPoolExecutor.java:1134)
        at java.util.concurrent.ThreadPoolExecutor$Worker.run(ThreadPoolExecutor.java:624)
        at java.lang.Thread.run(Thread.java:748)
"main"  prio=5 tid=1 runnable
java.lang.Thread.State: RUNNABLE
        at java.lang.Thread.dumpThreads(Native Method)
        at java.lang.Thread.getAllStackTraces(Thread.java:1610)
        at org.apache.hadoop.test.TimedOutTestsListener.buildThreadDump(TimedOutTestsListener.java:87)
        at org.apache.hadoop.test.TimedOutTestsListener.buildThreadDiagnosticString(TimedOutTestsListener.java:73)
        at org.apache.hadoop.test.GenericTestUtils.waitFor(GenericTestUtils.java:389)
        at org.apache.hadoop.ozone.container.ContainerTestHelper.waitForContainerClose(ContainerTestHelper.java:837)
        at org.apache.hadoop.ozone.client.rpc.TestFailureHandlingByClient.testContainerExclusionWithClosedContainerException(TestFailureHandlingByClient.java:330)
        at sun.reflect.NativeMethodAccessorImpl.invoke0(Native Method)
        at sun.reflect.NativeMethodAccessorImpl.invoke(NativeMethodAccessorImpl.java:62)
        at sun.reflect.DelegatingMethodAccessorImpl.invoke(DelegatingMethodAccessorImpl.java:43)
        at java.lang.reflect.Method.invoke(Method.java:498)
        at org.junit.runners.model.FrameworkMethod$1.runReflectiveCall(FrameworkMethod.java:47)
        at org.junit.internal.runners.model.ReflectiveCallable.run(ReflectiveCallable.java:12)
        at org.junit.runners.model.FrameworkMethod.invokeExplosively(FrameworkMethod.java:44)
        at org.junit.internal.runners.statements.InvokeMethod.evaluate(InvokeMethod.java:17)
        at org.junit.runners.ParentRunner.runLeaf(ParentRunner.java:271)
        at org.junit.runners.BlockJUnit4ClassRunner.runChild(BlockJUnit4ClassRunner.java:70)
        at org.junit.runners.BlockJUnit4ClassRunner.runChild(BlockJUnit4ClassRunner.java:50)
        at org.junit.runners.ParentRunner$3.run(ParentRunner.java:238)
        at org.junit.runners.ParentRunner$1.schedule(ParentRunner.java:63)
        at org.junit.runners.ParentRunner.runChildren(ParentRunner.java:236)
        at org.junit.runners.ParentRunner.access$000(ParentRunner.java:53)
        at org.junit.runners.ParentRunner$2.evaluate(ParentRunner.java:229)
        at org.junit.runners.ParentRunner.run(ParentRunner.java:309)
        at org.apache.maven.surefire.junit4.JUnit4Provider.execute(JUnit4Provider.java:365)
        at org.apache.maven.surefire.junit4.JUnit4Provider.executeWithRerun(JUnit4Provider.java:273)
        at org.apache.maven.surefire.junit4.JUnit4Provider.executeTestSet(JUnit4Provider.java:238)
        at org.apache.maven.surefire.junit4.JUnit4Provider.invoke(JUnit4Provider.java:159)
        at org.apache.maven.surefire.booter.ForkedBooter.invokeProviderInSameClassLoader(ForkedBooter.java:384)
        at org.apache.maven.surefire.booter.ForkedBooter.runSuitesInProcess(ForkedBooter.java:345)
        at org.apache.maven.surefire.booter.ForkedBooter.execute(ForkedBooter.java:126)
        at org.apache.maven.surefire.booter.ForkedBooter.main(ForkedBooter.java:418)
"ReplicationMonitor" daemon prio=5 tid=928 timed_waiting
java.lang.Thread.State: TIMED_WAITING
        at java.lang.Object.wait(Native Method)
        at org.apache.hadoop.hdds.scm.container.ReplicationManager.run(ReplicationManager.java:211)
        at org.apache.hadoop.hdds.scm.container.ReplicationManager$$Lambda$21/2089016471.run(Unknown Source)
        at java.lang.Thread.run(Thread.java:748)
"pool-216-thread-14"  prio=5 tid=1374 in Object.wait()
java.lang.Thread.State: WAITING (on object monitor)
        at sun.misc.Unsafe.park(Native Method)
        at java.util.concurrent.locks.LockSupport.park(LockSupport.java:175)
        at java.util.concurrent.locks.AbstractQueuedSynchronizer$ConditionObject.await(AbstractQueuedSynchronizer.java:2039)
        at java.util.concurrent.ArrayBlockingQueue.take(ArrayBlockingQueue.java:403)
        at java.util.concurrent.ThreadPoolExecutor.getTask(ThreadPoolExecutor.java:1074)
        at java.util.concurrent.ThreadPoolExecutor.runWorker(ThreadPoolExecutor.java:1134)
        at java.util.concurrent.ThreadPoolExecutor$Worker.run(ThreadPoolExecutor.java:624)
        at java.lang.Thread.run(Thread.java:748)
"pool-279-thread-11"  prio=5 tid=1551 in Object.wait()
java.lang.Thread.State: WAITING (on object monitor)
        at sun.misc.Unsafe.park(Native Method)
        at java.util.concurrent.locks.LockSupport.park(LockSupport.java:175)
        at java.util.concurrent.locks.AbstractQueuedSynchronizer$ConditionObject.await(AbstractQueuedSynchronizer.java:2039)
        at java.util.concurrent.ArrayBlockingQueue.take(ArrayBlockingQueue.java:403)
        at java.util.concurrent.ThreadPoolExecutor.getTask(ThreadPoolExecutor.java:1074)
        at java.util.concurrent.ThreadPoolExecutor.runWorker(ThreadPoolExecutor.java:1134)
        at java.util.concurrent.ThreadPoolExecutor$Worker.run(ThreadPoolExecutor.java:624)
        at java.lang.Thread.run(Thread.java:748)
"pool-258-thread-15"  prio=5 tid=1495 in Object.wait()
java.lang.Thread.State: WAITING (on object monitor)
        at sun.misc.Unsafe.park(Native Method)
        at java.util.concurrent.locks.LockSupport.park(LockSupport.java:175)
        at java.util.concurrent.locks.AbstractQueuedSynchronizer$ConditionObject.await(AbstractQueuedSynchronizer.java:2039)
        at java.util.concurrent.ArrayBlockingQueue.take(ArrayBlockingQueue.java:403)
        at java.util.concurrent.ThreadPoolExecutor.getTask(ThreadPoolExecutor.java:1074)
        at java.util.concurrent.ThreadPoolExecutor.runWorker(ThreadPoolExecutor.java:1134)
        at java.util.concurrent.ThreadPoolExecutor$Worker.run(ThreadPoolExecutor.java:624)
        at java.lang.Thread.run(Thread.java:748)
"pool-174-thread-1"  prio=5 tid=1240 in Object.wait()
java.lang.Thread.State: WAITING (on object monitor)
        at sun.misc.Unsafe.park(Native Method)
        at java.util.concurrent.locks.LockSupport.park(LockSupport.java:175)
        at java.util.concurrent.locks.AbstractQueuedSynchronizer$ConditionObject.await(AbstractQueuedSynchronizer.java:2039)
        at java.util.concurrent.ArrayBlockingQueue.take(ArrayBlockingQueue.java:403)
        at java.util.concurrent.ThreadPoolExecutor.getTask(ThreadPoolExecutor.java:1074)
        at java.util.concurrent.ThreadPoolExecutor.runWorker(ThreadPoolExecutor.java:1134)
        at java.util.concurrent.ThreadPoolExecutor$Worker.run(ThreadPoolExecutor.java:624)
        at java.lang.Thread.run(Thread.java:748)
"Datanode ReportManager Thread - 2" daemon prio=5 tid=1174 timed_waiting
java.lang.Thread.State: TIMED_WAITING
        at sun.misc.Unsafe.park(Native Method)
        at java.util.concurrent.locks.LockSupport.parkNanos(LockSupport.java:215)
        at java.util.concurrent.locks.AbstractQueuedSynchronizer$ConditionObject.awaitNanos(AbstractQueuedSynchronizer.java:2078)
        at java.util.concurrent.ScheduledThreadPoolExecutor$DelayedWorkQueue.take(ScheduledThreadPoolExecutor.java:1093)
        at java.util.concurrent.ScheduledThreadPoolExecutor$DelayedWorkQueue.take(ScheduledThreadPoolExecutor.java:809)
        at java.util.concurrent.ThreadPoolExecutor.getTask(ThreadPoolExecutor.java:1074)
        at java.util.concurrent.ThreadPoolExecutor.runWorker(ThreadPoolExecutor.java:1134)
        at java.util.concurrent.ThreadPoolExecutor$Worker.run(ThreadPoolExecutor.java:624)
        at java.lang.Thread.run(Thread.java:748)
"pool-258-thread-55"  prio=5 tid=1535 in Object.wait()
java.lang.Thread.State: WAITING (on object monitor)
        at sun.misc.Unsafe.park(Native Method)
        at java.util.concurrent.locks.LockSupport.park(LockSupport.java:175)
        at java.util.concurrent.locks.AbstractQueuedSynchronizer$ConditionObject.await(AbstractQueuedSynchronizer.java:2039)
        at java.util.concurrent.ArrayBlockingQueue.take(ArrayBlockingQueue.java:403)
        at java.util.concurrent.ThreadPoolExecutor.getTask(ThreadPoolExecutor.java:1074)
        at java.util.concurrent.ThreadPoolExecutor.runWorker(ThreadPoolExecutor.java:1134)
        at java.util.concurrent.ThreadPoolExecutor$Worker.run(ThreadPoolExecutor.java:624)
        at java.lang.Thread.run(Thread.java:748)
"Periodic HDDS volume checker"  prio=5 tid=1118 timed_waiting
java.lang.Thread.State: TIMED_WAITING
        at sun.misc.Unsafe.park(Native Method)
        at java.util.concurrent.locks.LockSupport.parkNanos(LockSupport.java:215)
        at java.util.concurrent.locks.AbstractQueuedSynchronizer$ConditionObject.awaitNanos(AbstractQueuedSynchronizer.java:2078)
        at java.util.concurrent.ScheduledThreadPoolExecutor$DelayedWorkQueue.take(ScheduledThreadPoolExecutor.java:1093)
        at java.util.concurrent.ScheduledThreadPoolExecutor$DelayedWorkQueue.take(ScheduledThreadPoolExecutor.java:809)
        at java.util.concurrent.ThreadPoolExecutor.getTask(ThreadPoolExecutor.java:1074)
        at java.util.concurrent.ThreadPoolExecutor.runWorker(ThreadPoolExecutor.java:1134)
        at java.util.concurrent.ThreadPoolExecutor$Worker.run(ThreadPoolExecutor.java:624)
        at java.lang.Thread.run(Thread.java:748)
"pool-279-thread-60"  prio=5 tid=1600 in Object.wait()
java.lang.Thread.State: WAITING (on object monitor)
        at sun.misc.Unsafe.park(Native Method)
        at java.util.concurrent.locks.LockSupport.park(LockSupport.java:175)
        at java.util.concurrent.locks.AbstractQueuedSynchronizer$ConditionObject.await(AbstractQueuedSynchronizer.java:2039)
        at java.util.concurrent.ArrayBlockingQueue.take(ArrayBlockingQueue.java:403)
        at java.util.concurrent.ThreadPoolExecutor.getTask(ThreadPoolExecutor.java:1074)
        at java.util.concurrent.ThreadPoolExecutor.runWorker(ThreadPoolExecutor.java:1134)
        at java.util.concurrent.ThreadPoolExecutor$Worker.run(ThreadPoolExecutor.java:624)
        at java.lang.Thread.run(Thread.java:748)
"qtp43402513-1102" daemon prio=5 tid=1102 timed_waiting
java.lang.Thread.State: TIMED_WAITING
        at sun.misc.Unsafe.park(Native Method)
        at java.util.concurrent.locks.LockSupport.parkNanos(LockSupport.java:215)
        at java.util.concurrent.locks.AbstractQueuedSynchronizer$ConditionObject.awaitNanos(AbstractQueuedSynchronizer.java:2078)
        at org.eclipse.jetty.util.BlockingArrayQueue.poll(BlockingArrayQueue.java:392)
        at org.eclipse.jetty.util.thread.QueuedThreadPool.idleJobPoll(QueuedThreadPool.java:563)
        at org.eclipse.jetty.util.thread.QueuedThreadPool.access$800(QueuedThreadPool.java:48)
        at org.eclipse.jetty.util.thread.QueuedThreadPool$2.run(QueuedThreadPool.java:626)
        at java.lang.Thread.run(Thread.java:748)
"pool-216-thread-41"  prio=5 tid=1401 in Object.wait()
java.lang.Thread.State: WAITING (on object monitor)
        at sun.misc.Unsafe.park(Native Method)
        at java.util.concurrent.locks.LockSupport.park(LockSupport.java:175)
        at java.util.concurrent.locks.AbstractQueuedSynchronizer$ConditionObject.await(AbstractQueuedSynchronizer.java:2039)
        at java.util.concurrent.ArrayBlockingQueue.take(ArrayBlockingQueue.java:403)
        at java.util.concurrent.ThreadPoolExecutor.getTask(ThreadPoolExecutor.java:1074)
        at java.util.concurrent.ThreadPoolExecutor.runWorker(ThreadPoolExecutor.java:1134)
        at java.util.concurrent.ThreadPoolExecutor$Worker.run(ThreadPoolExecutor.java:624)
        at java.lang.Thread.run(Thread.java:748)
"IPC Server handler 1 on 42412" daemon prio=5 tid=965 timed_waiting
java.lang.Thread.State: TIMED_WAITING
        at sun.misc.Unsafe.park(Native Method)
        at java.util.concurrent.locks.LockSupport.parkNanos(LockSupport.java:215)
        at java.util.concurrent.locks.AbstractQueuedSynchronizer$ConditionObject.awaitNanos(AbstractQueuedSynchronizer.java:2078)
        at java.util.concurrent.LinkedBlockingQueue.poll(LinkedBlockingQueue.java:467)
        at org.apache.hadoop.ipc.CallQueueManager.take(CallQueueManager.java:288)
        at org.apache.hadoop.ipc.Server$Handler.run(Server.java:2668)
"IPC Server handler 10 on 35612" daemon prio=5 tid=954 timed_waiting
java.lang.Thread.State: TIMED_WAITING
        at sun.misc.Unsafe.park(Native Method)
        at java.util.concurrent.locks.LockSupport.parkNanos(LockSupport.java:215)
        at java.util.concurrent.locks.AbstractQueuedSynchronizer$ConditionObject.awaitNanos(AbstractQueuedSynchronizer.java:2078)
        at java.util.concurrent.LinkedBlockingQueue.poll(LinkedBlockingQueue.java:467)
        at org.apache.hadoop.ipc.CallQueueManager.take(CallQueueManager.java:288)
        at org.apache.hadoop.ipc.Server$Handler.run(Server.java:2668)
"4dd65c2c-d780-47ac-bbfa-d53e8644b05a-SegmentedRaftLogWorker:Storage Directory /tmp/workdir/hadoop-ozone/integration-test/target/test-dir/MiniOzoneClusterImpl-d6a8514b-9f5a-4ec7-be91-cc3589120d34/datanode-1/data/ratis/3a0866df-e802-4ed8-89a2-a81b324c06b5"  prio=5 tid=1617 timed_waiting
java.lang.Thread.State: TIMED_WAITING
        at sun.misc.Unsafe.park(Native Method)
        at java.util.concurrent.locks.LockSupport.parkNanos(LockSupport.java:215)
        at java.util.concurrent.locks.AbstractQueuedSynchronizer$ConditionObject.awaitNanos(AbstractQueuedSynchronizer.java:2078)
        at org.apache.ratis.util.DataBlockingQueue.poll(DataBlockingQueue.java:137)
        at org.apache.ratis.server.raftlog.segmented.SegmentedRaftLogWorker.run(SegmentedRaftLogWorker.java:283)
        at java.lang.Thread.run(Thread.java:748)
"qtp1633584044-1005-acceptor-0@f87c791-ServerConnector@7cdb7fc{HTTP/1.1,[http/1.1]}{0.0.0.0:46726}" daemon prio=3 tid=1005 runnable
java.lang.Thread.State: RUNNABLE
        at sun.nio.ch.ServerSocketChannelImpl.accept0(Native Method)
        at sun.nio.ch.ServerSocketChannelImpl.accept(ServerSocketChannelImpl.java:422)
        at sun.nio.ch.ServerSocketChannelImpl.accept(ServerSocketChannelImpl.java:250)
        at org.eclipse.jetty.server.ServerConnector.accept(ServerConnector.java:397)
        at org.eclipse.jetty.server.AbstractConnector$Acceptor.run(AbstractConnector.java:601)
        at org.eclipse.jetty.util.thread.QueuedThreadPool.runJob(QueuedThreadPool.java:671)
        at org.eclipse.jetty.util.thread.QueuedThreadPool$2.run(QueuedThreadPool.java:589)
        at java.lang.Thread.run(Thread.java:748)
"grpc-default-executor-5" daemon prio=5 tid=811 timed_waiting
java.lang.Thread.State: TIMED_WAITING
        at sun.misc.Unsafe.park(Native Method)
        at java.util.concurrent.locks.LockSupport.parkNanos(LockSupport.java:215)
        at java.util.concurrent.SynchronousQueue$TransferStack.awaitFulfill(SynchronousQueue.java:460)
        at java.util.concurrent.SynchronousQueue$TransferStack.transfer(SynchronousQueue.java:362)
        at java.util.concurrent.SynchronousQueue.poll(SynchronousQueue.java:941)
        at java.util.concurrent.ThreadPoolExecutor.getTask(ThreadPoolExecutor.java:1073)
        at java.util.concurrent.ThreadPoolExecutor.runWorker(ThreadPoolExecutor.java:1134)
        at java.util.concurrent.ThreadPoolExecutor$Worker.run(ThreadPoolExecutor.java:624)
        at java.lang.Thread.run(Thread.java:748)
"org.apache.ratis.server.impl.LogAppender$AppenderDaemon$$Lambda$519/1176991522@2316da8e" daemon prio=5 tid=1697 timed_waiting
java.lang.Thread.State: TIMED_WAITING
        at java.lang.Object.wait(Native Method)
        at org.apache.ratis.grpc.server.GrpcLogAppender.mayWait(GrpcLogAppender.java:141)
        at org.apache.ratis.grpc.server.GrpcLogAppender.runAppenderImpl(GrpcLogAppender.java:95)
        at org.apache.ratis.server.impl.LogAppender$AppenderDaemon.run(LogAppender.java:80)
        at org.apache.ratis.server.impl.LogAppender$AppenderDaemon$$Lambda$519/1176991522.run(Unknown Source)
        at java.lang.Thread.run(Thread.java:748)
"pool-195-thread-46"  prio=5 tid=1346 in Object.wait()
java.lang.Thread.State: WAITING (on object monitor)
        at sun.misc.Unsafe.park(Native Method)
        at java.util.concurrent.locks.LockSupport.park(LockSupport.java:175)
        at java.util.concurrent.locks.AbstractQueuedSynchronizer$ConditionObject.await(AbstractQueuedSynchronizer.java:2039)
        at java.util.concurrent.ArrayBlockingQueue.take(ArrayBlockingQueue.java:403)
        at java.util.concurrent.ThreadPoolExecutor.getTask(ThreadPoolExecutor.java:1074)
        at java.util.concurrent.ThreadPoolExecutor.runWorker(ThreadPoolExecutor.java:1134)
        at java.util.concurrent.ThreadPoolExecutor$Worker.run(ThreadPoolExecutor.java:624)
        at java.lang.Thread.run(Thread.java:748)
"qtp1920846948-1220-acceptor-0@399b11c3-ServerConnector@1be3f8f8{HTTP/1.1,[http/1.1]}{0.0.0.0:35983}" daemon prio=3 tid=1220 runnable
java.lang.Thread.State: RUNNABLE
        at sun.nio.ch.ServerSocketChannelImpl.accept0(Native Method)
        at sun.nio.ch.ServerSocketChannelImpl.accept(ServerSocketChannelImpl.java:422)
        at sun.nio.ch.ServerSocketChannelImpl.accept(ServerSocketChannelImpl.java:250)
        at org.eclipse.jetty.server.ServerConnector.accept(ServerConnector.java:397)
        at org.eclipse.jetty.server.AbstractConnector$Acceptor.run(AbstractConnector.java:601)
        at org.eclipse.jetty.util.thread.QueuedThreadPool.runJob(QueuedThreadPool.java:671)
        at org.eclipse.jetty.util.thread.QueuedThreadPool$2.run(QueuedThreadPool.java:589)
        at java.lang.Thread.run(Thread.java:748)
"qtp1842314090-1136" daemon prio=5 tid=1136 timed_waiting
java.lang.Thread.State: TIMED_WAITING
        at sun.misc.Unsafe.park(Native Method)
        at java.util.concurrent.locks.LockSupport.parkNanos(LockSupport.java:215)
        at java.util.concurrent.locks.AbstractQueuedSynchronizer$ConditionObject.awaitNanos(AbstractQueuedSynchronizer.java:2078)
        at org.eclipse.jetty.util.BlockingArrayQueue.poll(BlockingArrayQueue.java:392)
        at org.eclipse.jetty.util.thread.QueuedThreadPool.idleJobPoll(QueuedThreadPool.java:563)
        at org.eclipse.jetty.util.thread.QueuedThreadPool.access$800(QueuedThreadPool.java:48)
        at org.eclipse.jetty.util.thread.QueuedThreadPool$2.run(QueuedThreadPool.java:626)
        at java.lang.Thread.run(Thread.java:748)
"org.eclipse.jetty.server.session.HashSessionManager@7e38e254Timer" daemon prio=5 tid=1198 timed_waiting
java.lang.Thread.State: TIMED_WAITING
        at sun.misc.Unsafe.park(Native Method)
        at java.util.concurrent.locks.LockSupport.parkNanos(LockSupport.java:215)
        at java.util.concurrent.locks.AbstractQueuedSynchronizer$ConditionObject.awaitNanos(AbstractQueuedSynchronizer.java:2078)
        at java.util.concurrent.ScheduledThreadPoolExecutor$DelayedWorkQueue.take(ScheduledThreadPoolExecutor.java:1093)
        at java.util.concurrent.ScheduledThreadPoolExecutor$DelayedWorkQueue.take(ScheduledThreadPoolExecutor.java:809)
        at java.util.concurrent.ThreadPoolExecutor.getTask(ThreadPoolExecutor.java:1074)
        at java.util.concurrent.ThreadPoolExecutor.runWorker(ThreadPoolExecutor.java:1134)
        at java.util.concurrent.ThreadPoolExecutor$Worker.run(ThreadPoolExecutor.java:624)
        at java.lang.Thread.run(Thread.java:748)
"IPC Server handler 9 on 36683" daemon prio=5 tid=1035 timed_waiting
java.lang.Thread.State: TIMED_WAITING
        at sun.misc.Unsafe.park(Native Method)
        at java.util.concurrent.locks.LockSupport.parkNanos(LockSupport.java:215)
        at java.util.concurrent.locks.AbstractQueuedSynchronizer$ConditionObject.awaitNanos(AbstractQueuedSynchronizer.java:2078)
        at java.util.concurrent.LinkedBlockingQueue.poll(LinkedBlockingQueue.java:467)
        at org.apache.hadoop.ipc.CallQueueManager.take(CallQueueManager.java:288)
        at org.apache.hadoop.ipc.Server$Handler.run(Server.java:2668)
"pool-195-thread-40"  prio=5 tid=1340 in Object.wait()
java.lang.Thread.State: WAITING (on object monitor)
        at sun.misc.Unsafe.park(Native Method)
        at java.util.concurrent.locks.LockSupport.park(LockSupport.java:175)
        at java.util.concurrent.locks.AbstractQueuedSynchronizer$ConditionObject.await(AbstractQueuedSynchronizer.java:2039)
        at java.util.concurrent.ArrayBlockingQueue.take(ArrayBlockingQueue.java:403)
        at java.util.concurrent.ThreadPoolExecutor.getTask(ThreadPoolExecutor.java:1074)
        at java.util.concurrent.ThreadPoolExecutor.runWorker(ThreadPoolExecutor.java:1134)
        at java.util.concurrent.ThreadPoolExecutor$Worker.run(ThreadPoolExecutor.java:624)
        at java.lang.Thread.run(Thread.java:748)
"pool-174-thread-20"  prio=5 tid=1259 in Object.wait()
java.lang.Thread.State: WAITING (on object monitor)
        at sun.misc.Unsafe.park(Native Method)
        at java.util.concurrent.locks.LockSupport.park(LockSupport.java:175)
        at java.util.concurrent.locks.AbstractQueuedSynchronizer$ConditionObject.await(AbstractQueuedSynchronizer.java:2039)
        at java.util.concurrent.ArrayBlockingQueue.take(ArrayBlockingQueue.java:403)
        at java.util.concurrent.ThreadPoolExecutor.getTask(ThreadPoolExecutor.java:1074)
        at java.util.concurrent.ThreadPoolExecutor.runWorker(ThreadPoolExecutor.java:1134)
        at java.util.concurrent.ThreadPoolExecutor$Worker.run(ThreadPoolExecutor.java:624)
        at java.lang.Thread.run(Thread.java:748)
"pool-195-thread-47"  prio=5 tid=1347 in Object.wait()
java.lang.Thread.State: WAITING (on object monitor)
        at sun.misc.Unsafe.park(Native Method)
        at java.util.concurrent.locks.LockSupport.park(LockSupport.java:175)
        at java.util.concurrent.locks.AbstractQueuedSynchronizer$ConditionObject.await(AbstractQueuedSynchronizer.java:2039)
        at java.util.concurrent.ArrayBlockingQueue.take(ArrayBlockingQueue.java:403)
        at java.util.concurrent.ThreadPoolExecutor.getTask(ThreadPoolExecutor.java:1074)
        at java.util.concurrent.ThreadPoolExecutor.runWorker(ThreadPoolExecutor.java:1134)
        at java.util.concurrent.ThreadPoolExecutor$Worker.run(ThreadPoolExecutor.java:624)
        at java.lang.Thread.run(Thread.java:748)
"org.apache.hadoop.util.JvmPauseMonitor$Monitor@2f062730" daemon prio=5 tid=1237 timed_waiting
java.lang.Thread.State: TIMED_WAITING
        at java.lang.Thread.sleep(Native Method)
        at org.apache.hadoop.util.JvmPauseMonitor$Monitor.run(JvmPauseMonitor.java:192)
        at java.lang.Thread.run(Thread.java:748)
"pool-279-thread-19"  prio=5 tid=1559 in Object.wait()
java.lang.Thread.State: WAITING (on object monitor)
        at sun.misc.Unsafe.park(Native Method)
        at java.util.concurrent.locks.LockSupport.park(LockSupport.java:175)
        at java.util.concurrent.locks.AbstractQueuedSynchronizer$ConditionObject.await(AbstractQueuedSynchronizer.java:2039)
        at java.util.concurrent.ArrayBlockingQueue.take(ArrayBlockingQueue.java:403)
        at java.util.concurrent.ThreadPoolExecutor.getTask(ThreadPoolExecutor.java:1074)
        at java.util.concurrent.ThreadPoolExecutor.runWorker(ThreadPoolExecutor.java:1134)
        at java.util.concurrent.ThreadPoolExecutor$Worker.run(ThreadPoolExecutor.java:624)
        at java.lang.Thread.run(Thread.java:748)
"pool-195-thread-7"  prio=5 tid=1307 in Object.wait()
java.lang.Thread.State: WAITING (on object monitor)
        at sun.misc.Unsafe.park(Native Method)
        at java.util.concurrent.locks.LockSupport.park(LockSupport.java:175)
        at java.util.concurrent.locks.AbstractQueuedSynchronizer$ConditionObject.await(AbstractQueuedSynchronizer.java:2039)
        at java.util.concurrent.ArrayBlockingQueue.take(ArrayBlockingQueue.java:403)
        at java.util.concurrent.ThreadPoolExecutor.getTask(ThreadPoolExecutor.java:1074)
        at java.util.concurrent.ThreadPoolExecutor.runWorker(ThreadPoolExecutor.java:1134)
        at java.util.concurrent.ThreadPoolExecutor$Worker.run(ThreadPoolExecutor.java:624)
        at java.lang.Thread.run(Thread.java:748)
"Periodic HDDS volume checker"  prio=5 tid=1150 timed_waiting
java.lang.Thread.State: TIMED_WAITING
        at sun.misc.Unsafe.park(Native Method)
        at java.util.concurrent.locks.LockSupport.parkNanos(LockSupport.java:215)
        at java.util.concurrent.locks.AbstractQueuedSynchronizer$ConditionObject.awaitNanos(AbstractQueuedSynchronizer.java:2078)
        at java.util.concurrent.ScheduledThreadPoolExecutor$DelayedWorkQueue.take(ScheduledThreadPoolExecutor.java:1093)
        at java.util.concurrent.ScheduledThreadPoolExecutor$DelayedWorkQueue.take(ScheduledThreadPoolExecutor.java:809)
        at java.util.concurrent.ThreadPoolExecutor.getTask(ThreadPoolExecutor.java:1074)
        at java.util.concurrent.ThreadPoolExecutor.runWorker(ThreadPoolExecutor.java:1134)
        at java.util.concurrent.ThreadPoolExecutor$Worker.run(ThreadPoolExecutor.java:624)
        at java.lang.Thread.run(Thread.java:748)
"refreshUsed-/tmp/workdir/hadoop-ozone/integration-test/target/test-dir/MiniOzoneClusterImpl-d6a8514b-9f5a-4ec7-be91-cc3589120d34/datanode-1/data/containers" daemon prio=5 tid=1092 timed_waiting
java.lang.Thread.State: TIMED_WAITING
        at java.lang.Thread.sleep(Native Method)
        at org.apache.hadoop.fs.CachingGetSpaceUsed$RefreshThread.run(CachingGetSpaceUsed.java:179)
        at java.lang.Thread.run(Thread.java:748)
"pool-258-thread-52"  prio=5 tid=1532 in Object.wait()
java.lang.Thread.State: WAITING (on object monitor)
        at sun.misc.Unsafe.park(Native Method)
        at java.util.concurrent.locks.LockSupport.park(LockSupport.java:175)
        at java.util.concurrent.locks.AbstractQueuedSynchronizer$ConditionObject.await(AbstractQueuedSynchronizer.java:2039)
        at java.util.concurrent.ArrayBlockingQueue.take(ArrayBlockingQueue.java:403)
        at java.util.concurrent.ThreadPoolExecutor.getTask(ThreadPoolExecutor.java:1074)
        at java.util.concurrent.ThreadPoolExecutor.runWorker(ThreadPoolExecutor.java:1134)
        at java.util.concurrent.ThreadPoolExecutor$Worker.run(ThreadPoolExecutor.java:624)
        at java.lang.Thread.run(Thread.java:748)
"pool-195-thread-12"  prio=5 tid=1312 in Object.wait()
java.lang.Thread.State: WAITING (on object monitor)
        at sun.misc.Unsafe.park(Native Method)
        at java.util.concurrent.locks.LockSupport.park(LockSupport.java:175)
        at java.util.concurrent.locks.AbstractQueuedSynchronizer$ConditionObject.await(AbstractQueuedSynchronizer.java:2039)
        at java.util.concurrent.ArrayBlockingQueue.take(ArrayBlockingQueue.java:403)
        at java.util.concurrent.ThreadPoolExecutor.getTask(ThreadPoolExecutor.java:1074)
        at java.util.concurrent.ThreadPoolExecutor.runWorker(ThreadPoolExecutor.java:1134)
        at java.util.concurrent.ThreadPoolExecutor$Worker.run(ThreadPoolExecutor.java:624)
        at java.lang.Thread.run(Thread.java:748)
"qtp43402513-1103" daemon prio=5 tid=1103 timed_waiting
java.lang.Thread.State: TIMED_WAITING
        at sun.misc.Unsafe.park(Native Method)
        at java.util.concurrent.locks.LockSupport.parkNanos(LockSupport.java:215)
        at java.util.concurrent.locks.AbstractQueuedSynchronizer$ConditionObject.awaitNanos(AbstractQueuedSynchronizer.java:2078)
        at org.eclipse.jetty.util.BlockingArrayQueue.poll(BlockingArrayQueue.java:392)
        at org.eclipse.jetty.util.thread.QueuedThreadPool.idleJobPoll(QueuedThreadPool.java:563)
        at org.eclipse.jetty.util.thread.QueuedThreadPool.access$800(QueuedThreadPool.java:48)
        at org.eclipse.jetty.util.thread.QueuedThreadPool$2.run(QueuedThreadPool.java:626)
        at java.lang.Thread.run(Thread.java:748)
"pool-216-thread-15"  prio=5 tid=1375 in Object.wait()
java.lang.Thread.State: WAITING (on object monitor)
        at sun.misc.Unsafe.park(Native Method)
        at java.util.concurrent.locks.LockSupport.park(LockSupport.java:175)
        at java.util.concurrent.locks.AbstractQueuedSynchronizer$ConditionObject.await(AbstractQueuedSynchronizer.java:2039)
        at java.util.concurrent.ArrayBlockingQueue.take(ArrayBlockingQueue.java:403)
        at java.util.concurrent.ThreadPoolExecutor.getTask(ThreadPoolExecutor.java:1074)
        at java.util.concurrent.ThreadPoolExecutor.runWorker(ThreadPoolExecutor.java:1134)
        at java.util.concurrent.ThreadPoolExecutor$Worker.run(ThreadPoolExecutor.java:624)
        at java.lang.Thread.run(Thread.java:748)
"pool-216-thread-44"  prio=5 tid=1404 in Object.wait()
java.lang.Thread.State: WAITING (on object monitor)
        at sun.misc.Unsafe.park(Native Method)
        at java.util.concurrent.locks.LockSupport.park(LockSupport.java:175)
        at java.util.concurrent.locks.AbstractQueuedSynchronizer$ConditionObject.await(AbstractQueuedSynchronizer.java:2039)
        at java.util.concurrent.ArrayBlockingQueue.take(ArrayBlockingQueue.java:403)
        at java.util.concurrent.ThreadPoolExecutor.getTask(ThreadPoolExecutor.java:1074)
        at java.util.concurrent.ThreadPoolExecutor.runWorker(ThreadPoolExecutor.java:1134)
        at java.util.concurrent.ThreadPoolExecutor$Worker.run(ThreadPoolExecutor.java:624)
        at java.lang.Thread.run(Thread.java:748)
"Datanode ReportManager Thread - 3" daemon prio=5 tid=1115 in Object.wait()
java.lang.Thread.State: WAITING (on object monitor)
        at sun.misc.Unsafe.park(Native Method)
        at java.util.concurrent.locks.LockSupport.park(LockSupport.java:175)
        at java.util.concurrent.locks.AbstractQueuedSynchronizer$ConditionObject.await(AbstractQueuedSynchronizer.java:2039)
        at java.util.concurrent.ScheduledThreadPoolExecutor$DelayedWorkQueue.take(ScheduledThreadPoolExecutor.java:1088)
        at java.util.concurrent.ScheduledThreadPoolExecutor$DelayedWorkQueue.take(ScheduledThreadPoolExecutor.java:809)
        at java.util.concurrent.ThreadPoolExecutor.getTask(ThreadPoolExecutor.java:1074)
        at java.util.concurrent.ThreadPoolExecutor.runWorker(ThreadPoolExecutor.java:1134)
        at java.util.concurrent.ThreadPoolExecutor$Worker.run(ThreadPoolExecutor.java:624)
        at java.lang.Thread.run(Thread.java:748)
"pool-216-thread-23"  prio=5 tid=1383 in Object.wait()
java.lang.Thread.State: WAITING (on object monitor)
        at sun.misc.Unsafe.park(Native Method)
        at java.util.concurrent.locks.LockSupport.park(LockSupport.java:175)
        at java.util.concurrent.locks.AbstractQueuedSynchronizer$ConditionObject.await(AbstractQueuedSynchronizer.java:2039)
        at java.util.concurrent.ArrayBlockingQueue.take(ArrayBlockingQueue.java:403)
        at java.util.concurrent.ThreadPoolExecutor.getTask(ThreadPoolExecutor.java:1074)
        at java.util.concurrent.ThreadPoolExecutor.runWorker(ThreadPoolExecutor.java:1134)
        at java.util.concurrent.ThreadPoolExecutor$Worker.run(ThreadPoolExecutor.java:624)
        at java.lang.Thread.run(Thread.java:748)
"pool-290-thread-1"  prio=5 tid=1650 in Object.wait()
java.lang.Thread.State: WAITING (on object monitor)
        at sun.misc.Unsafe.park(Native Method)
        at java.util.concurrent.locks.LockSupport.park(LockSupport.java:175)
        at java.util.concurrent.locks.AbstractQueuedSynchronizer$ConditionObject.await(AbstractQueuedSynchronizer.java:2039)
        at java.util.concurrent.LinkedBlockingQueue.take(LinkedBlockingQueue.java:442)
        at java.util.concurrent.ThreadPoolExecutor.getTask(ThreadPoolExecutor.java:1074)
        at java.util.concurrent.ThreadPoolExecutor.runWorker(ThreadPoolExecutor.java:1134)
        at java.util.concurrent.ThreadPoolExecutor$Worker.run(ThreadPoolExecutor.java:624)
        at java.lang.Thread.run(Thread.java:748)
"pool-258-thread-23"  prio=5 tid=1503 in Object.wait()
java.lang.Thread.State: WAITING (on object monitor)
        at sun.misc.Unsafe.park(Native Method)
        at java.util.concurrent.locks.LockSupport.park(LockSupport.java:175)
        at java.util.concurrent.locks.AbstractQueuedSynchronizer$ConditionObject.await(AbstractQueuedSynchronizer.java:2039)
        at java.util.concurrent.ArrayBlockingQueue.take(ArrayBlockingQueue.java:403)
        at java.util.concurrent.ThreadPoolExecutor.getTask(ThreadPoolExecutor.java:1074)
        at java.util.concurrent.ThreadPoolExecutor.runWorker(ThreadPoolExecutor.java:1134)
        at java.util.concurrent.ThreadPoolExecutor$Worker.run(ThreadPoolExecutor.java:624)
        at java.lang.Thread.run(Thread.java:748)
"pool-237-thread-19"  prio=5 tid=1439 in Object.wait()
java.lang.Thread.State: WAITING (on object monitor)
        at sun.misc.Unsafe.park(Native Method)
        at java.util.concurrent.locks.LockSupport.park(LockSupport.java:175)
        at java.util.concurrent.locks.AbstractQueuedSynchronizer$ConditionObject.await(AbstractQueuedSynchronizer.java:2039)
        at java.util.concurrent.ArrayBlockingQueue.take(ArrayBlockingQueue.java:403)
        at java.util.concurrent.ThreadPoolExecutor.getTask(ThreadPoolExecutor.java:1074)
        at java.util.concurrent.ThreadPoolExecutor.runWorker(ThreadPoolExecutor.java:1134)
        at java.util.concurrent.ThreadPoolExecutor$Worker.run(ThreadPoolExecutor.java:624)
        at java.lang.Thread.run(Thread.java:748)
"IPC Server handler 7 on 36683" daemon prio=5 tid=1033 timed_waiting
java.lang.Thread.State: TIMED_WAITING
        at sun.misc.Unsafe.park(Native Method)
        at java.util.concurrent.locks.LockSupport.parkNanos(LockSupport.java:215)
        at java.util.concurrent.locks.AbstractQueuedSynchronizer$ConditionObject.awaitNanos(AbstractQueuedSynchronizer.java:2078)
        at java.util.concurrent.LinkedBlockingQueue.poll(LinkedBlockingQueue.java:467)
        at org.apache.hadoop.ipc.CallQueueManager.take(CallQueueManager.java:288)
        at org.apache.hadoop.ipc.Server$Handler.run(Server.java:2668)
"pool-279-thread-30"  prio=5 tid=1570 in Object.wait()
java.lang.Thread.State: WAITING (on object monitor)
        at sun.misc.Unsafe.park(Native Method)
        at java.util.concurrent.locks.LockSupport.park(LockSupport.java:175)
        at java.util.concurrent.locks.AbstractQueuedSynchronizer$ConditionObject.await(AbstractQueuedSynchronizer.java:2039)
        at java.util.concurrent.ArrayBlockingQueue.take(ArrayBlockingQueue.java:403)
        at java.util.concurrent.ThreadPoolExecutor.getTask(ThreadPoolExecutor.java:1074)
        at java.util.concurrent.ThreadPoolExecutor.runWorker(ThreadPoolExecutor.java:1134)
        at java.util.concurrent.ThreadPoolExecutor$Worker.run(ThreadPoolExecutor.java:624)
        at java.lang.Thread.run(Thread.java:748)
"pool-216-thread-26"  prio=5 tid=1386 in Object.wait()
java.lang.Thread.State: WAITING (on object monitor)
        at sun.misc.Unsafe.park(Native Method)
        at java.util.concurrent.locks.LockSupport.park(LockSupport.java:175)
        at java.util.concurrent.locks.AbstractQueuedSynchronizer$ConditionObject.await(AbstractQueuedSynchronizer.java:2039)
        at java.util.concurrent.ArrayBlockingQueue.take(ArrayBlockingQueue.java:403)
        at java.util.concurrent.ThreadPoolExecutor.getTask(ThreadPoolExecutor.java:1074)
        at java.util.concurrent.ThreadPoolExecutor.runWorker(ThreadPoolExecutor.java:1134)
        at java.util.concurrent.ThreadPoolExecutor$Worker.run(ThreadPoolExecutor.java:624)
        at java.lang.Thread.run(Thread.java:748)
"IPC Server idle connection scanner for port 36272" daemon prio=5 tid=931 timed_waiting
java.lang.Thread.State: TIMED_WAITING
        at java.lang.Object.wait(Native Method)
        at java.util.TimerThread.mainLoop(Timer.java:552)
        at java.util.TimerThread.run(Timer.java:505)
"SCMBlockDeletingService#1" daemon prio=5 tid=1017 in Object.wait()
java.lang.Thread.State: WAITING (on object monitor)
        at sun.misc.Unsafe.park(Native Method)
        at java.util.concurrent.locks.LockSupport.park(LockSupport.java:175)
        at java.util.concurrent.locks.AbstractQueuedSynchronizer$ConditionObject.await(AbstractQueuedSynchronizer.java:2039)
        at java.util.concurrent.ScheduledThreadPoolExecutor$DelayedWorkQueue.take(ScheduledThreadPoolExecutor.java:1088)
        at java.util.concurrent.ScheduledThreadPoolExecutor$DelayedWorkQueue.take(ScheduledThreadPoolExecutor.java:809)
        at java.util.concurrent.ThreadPoolExecutor.getTask(ThreadPoolExecutor.java:1074)
        at java.util.concurrent.ThreadPoolExecutor.runWorker(ThreadPoolExecutor.java:1134)
        at java.util.concurrent.ThreadPoolExecutor$Worker.run(ThreadPoolExecutor.java:624)
        at java.lang.Thread.run(Thread.java:748)
"pool-237-thread-5"  prio=5 tid=1425 in Object.wait()
java.lang.Thread.State: WAITING (on object monitor)
        at sun.misc.Unsafe.park(Native Method)
        at java.util.concurrent.locks.LockSupport.park(LockSupport.java:175)
        at java.util.concurrent.locks.AbstractQueuedSynchronizer$ConditionObject.await(AbstractQueuedSynchronizer.java:2039)
        at java.util.concurrent.ArrayBlockingQueue.take(ArrayBlockingQueue.java:403)
        at java.util.concurrent.ThreadPoolExecutor.getTask(ThreadPoolExecutor.java:1074)
        at java.util.concurrent.ThreadPoolExecutor.runWorker(ThreadPoolExecutor.java:1134)
        at java.util.concurrent.ThreadPoolExecutor$Worker.run(ThreadPoolExecutor.java:624)
        at java.lang.Thread.run(Thread.java:748)
"pool-237-thread-25"  prio=5 tid=1445 in Object.wait()
java.lang.Thread.State: WAITING (on object monitor)
        at sun.misc.Unsafe.park(Native Method)
        at java.util.concurrent.locks.LockSupport.park(LockSupport.java:175)
        at java.util.concurrent.locks.AbstractQueuedSynchronizer$ConditionObject.await(AbstractQueuedSynchronizer.java:2039)
        at java.util.concurrent.ArrayBlockingQueue.take(ArrayBlockingQueue.java:403)
        at java.util.concurrent.ThreadPoolExecutor.getTask(ThreadPoolExecutor.java:1074)
        at java.util.concurrent.ThreadPoolExecutor.runWorker(ThreadPoolExecutor.java:1134)
        at java.util.concurrent.ThreadPoolExecutor$Worker.run(ThreadPoolExecutor.java:624)
        at java.lang.Thread.run(Thread.java:748)
"pool-237-thread-59"  prio=5 tid=1479 in Object.wait()
java.lang.Thread.State: WAITING (on object monitor)
        at sun.misc.Unsafe.park(Native Method)
        at java.util.concurrent.locks.LockSupport.park(LockSupport.java:175)
        at java.util.concurrent.locks.AbstractQueuedSynchronizer$ConditionObject.await(AbstractQueuedSynchronizer.java:2039)
        at java.util.concurrent.ArrayBlockingQueue.take(ArrayBlockingQueue.java:403)
        at java.util.concurrent.ThreadPoolExecutor.getTask(ThreadPoolExecutor.java:1074)
        at java.util.concurrent.ThreadPoolExecutor.runWorker(ThreadPoolExecutor.java:1134)
        at java.util.concurrent.ThreadPoolExecutor$Worker.run(ThreadPoolExecutor.java:624)
        at java.lang.Thread.run(Thread.java:748)
"IPC Server handler 18 on 36683" daemon prio=5 tid=1044 timed_waiting
java.lang.Thread.State: TIMED_WAITING
        at sun.misc.Unsafe.park(Native Method)
        at java.util.concurrent.locks.LockSupport.parkNanos(LockSupport.java:215)
        at java.util.concurrent.locks.AbstractQueuedSynchronizer$ConditionObject.awaitNanos(AbstractQueuedSynchronizer.java:2078)
        at java.util.concurrent.LinkedBlockingQueue.poll(LinkedBlockingQueue.java:467)
        at org.apache.hadoop.ipc.CallQueueManager.take(CallQueueManager.java:288)
        at org.apache.hadoop.ipc.Server$Handler.run(Server.java:2668)
"pool-174-thread-23"  prio=5 tid=1262 in Object.wait()
java.lang.Thread.State: WAITING (on object monitor)
        at sun.misc.Unsafe.park(Native Method)
        at java.util.concurrent.locks.LockSupport.park(LockSupport.java:175)
        at java.util.concurrent.locks.AbstractQueuedSynchronizer$ConditionObject.await(AbstractQueuedSynchronizer.java:2039)
        at java.util.concurrent.ArrayBlockingQueue.take(ArrayBlockingQueue.java:403)
        at java.util.concurrent.ThreadPoolExecutor.getTask(ThreadPoolExecutor.java:1074)
        at java.util.concurrent.ThreadPoolExecutor.runWorker(ThreadPoolExecutor.java:1134)
        at java.util.concurrent.ThreadPoolExecutor$Worker.run(ThreadPoolExecutor.java:624)
        at java.lang.Thread.run(Thread.java:748)
"pool-279-thread-22"  prio=5 tid=1562 in Object.wait()
java.lang.Thread.State: WAITING (on object monitor)
        at sun.misc.Unsafe.park(Native Method)
        at java.util.concurrent.locks.LockSupport.park(LockSupport.java:175)
        at java.util.concurrent.locks.AbstractQueuedSynchronizer$ConditionObject.await(AbstractQueuedSynchronizer.java:2039)
        at java.util.concurrent.ArrayBlockingQueue.take(ArrayBlockingQueue.java:403)
        at java.util.concurrent.ThreadPoolExecutor.getTask(ThreadPoolExecutor.java:1074)
        at java.util.concurrent.ThreadPoolExecutor.runWorker(ThreadPoolExecutor.java:1134)
        at java.util.concurrent.ThreadPoolExecutor$Worker.run(ThreadPoolExecutor.java:624)
        at java.lang.Thread.run(Thread.java:748)
"qtp1633584044-1010" daemon prio=5 tid=1010 timed_waiting
java.lang.Thread.State: TIMED_WAITING
        at sun.misc.Unsafe.park(Native Method)
        at java.util.concurrent.locks.LockSupport.parkNanos(LockSupport.java:215)
        at java.util.concurrent.locks.AbstractQueuedSynchronizer$ConditionObject.awaitNanos(AbstractQueuedSynchronizer.java:2078)
        at org.eclipse.jetty.util.BlockingArrayQueue.poll(BlockingArrayQueue.java:392)
        at org.eclipse.jetty.util.thread.QueuedThreadPool.idleJobPoll(QueuedThreadPool.java:563)
        at org.eclipse.jetty.util.thread.QueuedThreadPool.access$800(QueuedThreadPool.java:48)
        at org.eclipse.jetty.util.thread.QueuedThreadPool$2.run(QueuedThreadPool.java:626)
        at java.lang.Thread.run(Thread.java:748)
"pool-279-thread-47"  prio=5 tid=1587 in Object.wait()
java.lang.Thread.State: WAITING (on object monitor)
        at sun.misc.Unsafe.park(Native Method)
        at java.util.concurrent.locks.LockSupport.park(LockSupport.java:175)
        at java.util.concurrent.locks.AbstractQueuedSynchronizer$ConditionObject.await(AbstractQueuedSynchronizer.java:2039)
        at java.util.concurrent.ArrayBlockingQueue.take(ArrayBlockingQueue.java:403)
        at java.util.concurrent.ThreadPoolExecutor.getTask(ThreadPoolExecutor.java:1074)
        at java.util.concurrent.ThreadPoolExecutor.runWorker(ThreadPoolExecutor.java:1134)
        at java.util.concurrent.ThreadPoolExecutor$Worker.run(ThreadPoolExecutor.java:624)
        at java.lang.Thread.run(Thread.java:748)
"pool-279-thread-37"  prio=5 tid=1577 in Object.wait()
java.lang.Thread.State: WAITING (on object monitor)
        at sun.misc.Unsafe.park(Native Method)
        at java.util.concurrent.locks.LockSupport.park(LockSupport.java:175)
        at java.util.concurrent.locks.AbstractQueuedSynchronizer$ConditionObject.await(AbstractQueuedSynchronizer.java:2039)
        at java.util.concurrent.ArrayBlockingQueue.take(ArrayBlockingQueue.java:403)
        at java.util.concurrent.ThreadPoolExecutor.getTask(ThreadPoolExecutor.java:1074)
        at java.util.concurrent.ThreadPoolExecutor.runWorker(ThreadPoolExecutor.java:1134)
        at java.util.concurrent.ThreadPoolExecutor$Worker.run(ThreadPoolExecutor.java:624)
        at java.lang.Thread.run(Thread.java:748)
"qtp43402513-1099" daemon prio=5 tid=1099 runnable
java.lang.Thread.State: RUNNABLE
        at sun.nio.ch.EPollArrayWrapper.epollWait(Native Method)
        at sun.nio.ch.EPollArrayWrapper.poll(EPollArrayWrapper.java:269)
        at sun.nio.ch.EPollSelectorImpl.doSelect(EPollSelectorImpl.java:93)
        at sun.nio.ch.SelectorImpl.lockAndDoSelect(SelectorImpl.java:86)
        at sun.nio.ch.SelectorImpl.select(SelectorImpl.java:97)
        at sun.nio.ch.SelectorImpl.select(SelectorImpl.java:101)
        at org.eclipse.jetty.io.ManagedSelector$SelectorProducer.select(ManagedSelector.java:243)
        at org.eclipse.jetty.io.ManagedSelector$SelectorProducer.produce(ManagedSelector.java:191)
        at org.eclipse.jetty.util.thread.strategy.ExecuteProduceConsume.executeProduceConsume(ExecuteProduceConsume.java:249)
        at org.eclipse.jetty.util.thread.strategy.ExecuteProduceConsume.produceConsume(ExecuteProduceConsume.java:148)
        at org.eclipse.jetty.util.thread.strategy.ExecuteProduceConsume.execute(ExecuteProduceConsume.java:100)
        at org.eclipse.jetty.io.ManagedSelector.run(ManagedSelector.java:147)
        at org.eclipse.jetty.util.thread.QueuedThreadPool.runJob(QueuedThreadPool.java:671)
        at org.eclipse.jetty.util.thread.QueuedThreadPool$2.run(QueuedThreadPool.java:589)
        at java.lang.Thread.run(Thread.java:748)
"pool-258-thread-13"  prio=5 tid=1493 in Object.wait()
java.lang.Thread.State: WAITING (on object monitor)
        at sun.misc.Unsafe.park(Native Method)
        at java.util.concurrent.locks.LockSupport.park(LockSupport.java:175)
        at java.util.concurrent.locks.AbstractQueuedSynchronizer$ConditionObject.await(AbstractQueuedSynchronizer.java:2039)
        at java.util.concurrent.ArrayBlockingQueue.take(ArrayBlockingQueue.java:403)
        at java.util.concurrent.ThreadPoolExecutor.getTask(ThreadPoolExecutor.java:1074)
        at java.util.concurrent.ThreadPoolExecutor.runWorker(ThreadPoolExecutor.java:1134)
        at java.util.concurrent.ThreadPoolExecutor$Worker.run(ThreadPoolExecutor.java:624)
        at java.lang.Thread.run(Thread.java:748)
"pool-174-thread-41"  prio=5 tid=1280 in Object.wait()
java.lang.Thread.State: WAITING (on object monitor)
        at sun.misc.Unsafe.park(Native Method)
        at java.util.concurrent.locks.LockSupport.park(LockSupport.java:175)
        at java.util.concurrent.locks.AbstractQueuedSynchronizer$ConditionObject.await(AbstractQueuedSynchronizer.java:2039)
        at java.util.concurrent.ArrayBlockingQueue.take(ArrayBlockingQueue.java:403)
        at java.util.concurrent.ThreadPoolExecutor.getTask(ThreadPoolExecutor.java:1074)
        at java.util.concurrent.ThreadPoolExecutor.runWorker(ThreadPoolExecutor.java:1134)
        at java.util.concurrent.ThreadPoolExecutor$Worker.run(ThreadPoolExecutor.java:624)
        at java.lang.Thread.run(Thread.java:748)
"qtp1814361629-1165" daemon prio=5 tid=1165 timed_waiting
java.lang.Thread.State: TIMED_WAITING
        at sun.misc.Unsafe.park(Native Method)
        at java.util.concurrent.locks.LockSupport.parkNanos(LockSupport.java:215)
        at java.util.concurrent.locks.AbstractQueuedSynchronizer$ConditionObject.awaitNanos(AbstractQueuedSynchronizer.java:2078)
        at org.eclipse.jetty.util.BlockingArrayQueue.poll(BlockingArrayQueue.java:392)
        at org.eclipse.jetty.util.thread.QueuedThreadPool.idleJobPoll(QueuedThreadPool.java:563)
        at org.eclipse.jetty.util.thread.QueuedThreadPool.access$800(QueuedThreadPool.java:48)
        at org.eclipse.jetty.util.thread.QueuedThreadPool$2.run(QueuedThreadPool.java:626)
        at java.lang.Thread.run(Thread.java:748)
"pool-279-thread-32"  prio=5 tid=1572 in Object.wait()
java.lang.Thread.State: WAITING (on object monitor)
        at sun.misc.Unsafe.park(Native Method)
        at java.util.concurrent.locks.LockSupport.park(LockSupport.java:175)
        at java.util.concurrent.locks.AbstractQueuedSynchronizer$ConditionObject.await(AbstractQueuedSynchronizer.java:2039)
        at java.util.concurrent.ArrayBlockingQueue.take(ArrayBlockingQueue.java:403)
        at java.util.concurrent.ThreadPoolExecutor.getTask(ThreadPoolExecutor.java:1074)
        at java.util.concurrent.ThreadPoolExecutor.runWorker(ThreadPoolExecutor.java:1134)
        at java.util.concurrent.ThreadPoolExecutor$Worker.run(ThreadPoolExecutor.java:624)
        at java.lang.Thread.run(Thread.java:748)
"pool-195-thread-54"  prio=5 tid=1354 in Object.wait()
java.lang.Thread.State: WAITING (on object monitor)
        at sun.misc.Unsafe.park(Native Method)
        at java.util.concurrent.locks.LockSupport.park(LockSupport.java:175)
        at java.util.concurrent.locks.AbstractQueuedSynchronizer$ConditionObject.await(AbstractQueuedSynchronizer.java:2039)
        at java.util.concurrent.ArrayBlockingQueue.take(ArrayBlockingQueue.java:403)
        at java.util.concurrent.ThreadPoolExecutor.getTask(ThreadPoolExecutor.java:1074)
        at java.util.concurrent.ThreadPoolExecutor.runWorker(ThreadPoolExecutor.java:1134)
        at java.util.concurrent.ThreadPoolExecutor$Worker.run(ThreadPoolExecutor.java:624)
        at java.lang.Thread.run(Thread.java:748)
"qtp1633584044-1006" daemon prio=5 tid=1006 timed_waiting
java.lang.Thread.State: TIMED_WAITING
        at sun.misc.Unsafe.park(Native Method)
        at java.util.concurrent.locks.LockSupport.parkNanos(LockSupport.java:215)
        at java.util.concurrent.locks.AbstractQueuedSynchronizer$ConditionObject.awaitNanos(AbstractQueuedSynchronizer.java:2078)
        at org.eclipse.jetty.util.BlockingArrayQueue.poll(BlockingArrayQueue.java:392)
        at org.eclipse.jetty.util.thread.QueuedThreadPool.idleJobPoll(QueuedThreadPool.java:563)
        at org.eclipse.jetty.util.thread.QueuedThreadPool.access$800(QueuedThreadPool.java:48)
        at org.eclipse.jetty.util.thread.QueuedThreadPool$2.run(QueuedThreadPool.java:626)
        at java.lang.Thread.run(Thread.java:748)
"pool-174-thread-57"  prio=5 tid=1296 in Object.wait()
java.lang.Thread.State: WAITING (on object monitor)
        at sun.misc.Unsafe.park(Native Method)
        at java.util.concurrent.locks.LockSupport.park(LockSupport.java:175)
        at java.util.concurrent.locks.AbstractQueuedSynchronizer$ConditionObject.await(AbstractQueuedSynchronizer.java:2039)
        at java.util.concurrent.ArrayBlockingQueue.take(ArrayBlockingQueue.java:403)
        at java.util.concurrent.ThreadPoolExecutor.getTask(ThreadPoolExecutor.java:1074)
        at java.util.concurrent.ThreadPoolExecutor.runWorker(ThreadPoolExecutor.java:1134)
        at java.util.concurrent.ThreadPoolExecutor$Worker.run(ThreadPoolExecutor.java:624)
        at java.lang.Thread.run(Thread.java:748)
"IPC Server handler 8 on 36683" daemon prio=5 tid=1034 timed_waiting
java.lang.Thread.State: TIMED_WAITING
        at sun.misc.Unsafe.park(Native Method)
        at java.util.concurrent.locks.LockSupport.parkNanos(LockSupport.java:215)
        at java.util.concurrent.locks.AbstractQueuedSynchronizer$ConditionObject.awaitNanos(AbstractQueuedSynchronizer.java:2078)
        at java.util.concurrent.LinkedBlockingQueue.poll(LinkedBlockingQueue.java:467)
        at org.apache.hadoop.ipc.CallQueueManager.take(CallQueueManager.java:288)
        at org.apache.hadoop.ipc.Server$Handler.run(Server.java:2668)
"pool-216-thread-13"  prio=5 tid=1373 in Object.wait()
java.lang.Thread.State: WAITING (on object monitor)
        at sun.misc.Unsafe.park(Native Method)
        at java.util.concurrent.locks.LockSupport.park(LockSupport.java:175)
        at java.util.concurrent.locks.AbstractQueuedSynchronizer$ConditionObject.await(AbstractQueuedSynchronizer.java:2039)
        at java.util.concurrent.ArrayBlockingQueue.take(ArrayBlockingQueue.java:403)
        at java.util.concurrent.ThreadPoolExecutor.getTask(ThreadPoolExecutor.java:1074)
        at java.util.concurrent.ThreadPoolExecutor.runWorker(ThreadPoolExecutor.java:1134)
        at java.util.concurrent.ThreadPoolExecutor$Worker.run(ThreadPoolExecutor.java:624)
        at java.lang.Thread.run(Thread.java:748)
"pool-195-thread-38"  prio=5 tid=1338 in Object.wait()
java.lang.Thread.State: WAITING (on object monitor)
        at sun.misc.Unsafe.park(Native Method)
        at java.util.concurrent.locks.LockSupport.park(LockSupport.java:175)
        at java.util.concurrent.locks.AbstractQueuedSynchronizer$ConditionObject.await(AbstractQueuedSynchronizer.java:2039)
        at java.util.concurrent.ArrayBlockingQueue.take(ArrayBlockingQueue.java:403)
        at java.util.concurrent.ThreadPoolExecutor.getTask(ThreadPoolExecutor.java:1074)
        at java.util.concurrent.ThreadPoolExecutor.runWorker(ThreadPoolExecutor.java:1134)
        at java.util.concurrent.ThreadPoolExecutor$Worker.run(ThreadPoolExecutor.java:624)
        at java.lang.Thread.run(Thread.java:748)
"Command processor thread" daemon prio=5 tid=1116 timed_waiting
java.lang.Thread.State: TIMED_WAITING
        at java.lang.Thread.sleep(Native Method)
        at org.apache.hadoop.ozone.container.common.statemachine.DatanodeStateMachine.lambda$initCommandHandlerThread$1(DatanodeStateMachine.java:439)
        at org.apache.hadoop.ozone.container.common.statemachine.DatanodeStateMachine$$Lambda$144/707418368.run(Unknown Source)
        at java.lang.Thread.run(Thread.java:748)
"BlockDeletingService#2" daemon prio=5 tid=1837 in Object.wait()
java.lang.Thread.State: WAITING (on object monitor)
        at sun.misc.Unsafe.park(Native Method)
        at java.util.concurrent.locks.LockSupport.park(LockSupport.java:175)
        at java.util.concurrent.locks.AbstractQueuedSynchronizer$ConditionObject.await(AbstractQueuedSynchronizer.java:2039)
        at java.util.concurrent.ScheduledThreadPoolExecutor$DelayedWorkQueue.take(ScheduledThreadPoolExecutor.java:1088)
        at java.util.concurrent.ScheduledThreadPoolExecutor$DelayedWorkQueue.take(ScheduledThreadPoolExecutor.java:809)
        at java.util.concurrent.ThreadPoolExecutor.getTask(ThreadPoolExecutor.java:1074)
        at java.util.concurrent.ThreadPoolExecutor.runWorker(ThreadPoolExecutor.java:1134)
        at java.util.concurrent.ThreadPoolExecutor$Worker.run(ThreadPoolExecutor.java:624)
        at java.lang.Thread.run(Thread.java:748)
"IPC Server handler 11 on 36683" daemon prio=5 tid=1037 timed_waiting
java.lang.Thread.State: TIMED_WAITING
        at sun.misc.Unsafe.park(Native Method)
        at java.util.concurrent.locks.LockSupport.parkNanos(LockSupport.java:215)
        at java.util.concurrent.locks.AbstractQueuedSynchronizer$ConditionObject.awaitNanos(AbstractQueuedSynchronizer.java:2078)
        at java.util.concurrent.LinkedBlockingQueue.poll(LinkedBlockingQueue.java:467)
        at org.apache.hadoop.ipc.CallQueueManager.take(CallQueueManager.java:288)
        at org.apache.hadoop.ipc.Server$Handler.run(Server.java:2668)
"pool-195-thread-15"  prio=5 tid=1315 in Object.wait()
java.lang.Thread.State: WAITING (on object monitor)
        at sun.misc.Unsafe.park(Native Method)
        at java.util.concurrent.locks.LockSupport.park(LockSupport.java:175)
        at java.util.concurrent.locks.AbstractQueuedSynchronizer$ConditionObject.await(AbstractQueuedSynchronizer.java:2039)
        at java.util.concurrent.ArrayBlockingQueue.take(ArrayBlockingQueue.java:403)
        at java.util.concurrent.ThreadPoolExecutor.getTask(ThreadPoolExecutor.java:1074)
        at java.util.concurrent.ThreadPoolExecutor.runWorker(ThreadPoolExecutor.java:1134)
        at java.util.concurrent.ThreadPoolExecutor$Worker.run(ThreadPoolExecutor.java:624)
        at java.lang.Thread.run(Thread.java:748)
"IPC Server handler 8 on 35612" daemon prio=5 tid=952 timed_waiting
java.lang.Thread.State: TIMED_WAITING
        at sun.misc.Unsafe.park(Native Method)
        at java.util.concurrent.locks.LockSupport.parkNanos(LockSupport.java:215)
        at java.util.concurrent.locks.AbstractQueuedSynchronizer$ConditionObject.awaitNanos(AbstractQueuedSynchronizer.java:2078)
        at java.util.concurrent.LinkedBlockingQueue.poll(LinkedBlockingQueue.java:467)
        at org.apache.hadoop.ipc.CallQueueManager.take(CallQueueManager.java:288)
        at org.apache.hadoop.ipc.Server$Handler.run(Server.java:2668)
"pool-237-thread-60"  prio=5 tid=1480 in Object.wait()
java.lang.Thread.State: WAITING (on object monitor)
        at sun.misc.Unsafe.park(Native Method)
        at java.util.concurrent.locks.LockSupport.park(LockSupport.java:175)
        at java.util.concurrent.locks.AbstractQueuedSynchronizer$ConditionObject.await(AbstractQueuedSynchronizer.java:2039)
        at java.util.concurrent.ArrayBlockingQueue.take(ArrayBlockingQueue.java:403)
        at java.util.concurrent.ThreadPoolExecutor.getTask(ThreadPoolExecutor.java:1074)
        at java.util.concurrent.ThreadPoolExecutor.runWorker(ThreadPoolExecutor.java:1134)
        at java.util.concurrent.ThreadPoolExecutor$Worker.run(ThreadPoolExecutor.java:624)
        at java.lang.Thread.run(Thread.java:748)
"pool-237-thread-22"  prio=5 tid=1442 in Object.wait()
java.lang.Thread.State: WAITING (on object monitor)
        at sun.misc.Unsafe.park(Native Method)
        at java.util.concurrent.locks.LockSupport.park(LockSupport.java:175)
        at java.util.concurrent.locks.AbstractQueuedSynchronizer$ConditionObject.await(AbstractQueuedSynchronizer.java:2039)
        at java.util.concurrent.ArrayBlockingQueue.take(ArrayBlockingQueue.java:403)
        at java.util.concurrent.ThreadPoolExecutor.getTask(ThreadPoolExecutor.java:1074)
        at java.util.concurrent.ThreadPoolExecutor.runWorker(ThreadPoolExecutor.java:1134)
        at java.util.concurrent.ThreadPoolExecutor$Worker.run(ThreadPoolExecutor.java:624)
        at java.lang.Thread.run(Thread.java:748)
"pool-195-thread-53"  prio=5 tid=1353 in Object.wait()
java.lang.Thread.State: WAITING (on object monitor)
        at sun.misc.Unsafe.park(Native Method)
        at java.util.concurrent.locks.LockSupport.park(LockSupport.java:175)
        at java.util.concurrent.locks.AbstractQueuedSynchronizer$ConditionObject.await(AbstractQueuedSynchronizer.java:2039)
        at java.util.concurrent.ArrayBlockingQueue.take(ArrayBlockingQueue.java:403)
        at java.util.concurrent.ThreadPoolExecutor.getTask(ThreadPoolExecutor.java:1074)
        at java.util.concurrent.ThreadPoolExecutor.runWorker(ThreadPoolExecutor.java:1134)
        at java.util.concurrent.ThreadPoolExecutor$Worker.run(ThreadPoolExecutor.java:624)
        at java.lang.Thread.run(Thread.java:748)
"IPC Server Responder" daemon prio=5 tid=936 runnable
java.lang.Thread.State: RUNNABLE
        at sun.nio.ch.EPollArrayWrapper.epollWait(Native Method)
        at sun.nio.ch.EPollArrayWrapper.poll(EPollArrayWrapper.java:269)
        at sun.nio.ch.EPollSelectorImpl.doSelect(EPollSelectorImpl.java:93)
        at sun.nio.ch.SelectorImpl.lockAndDoSelect(SelectorImpl.java:86)
        at sun.nio.ch.SelectorImpl.select(SelectorImpl.java:97)
        at org.apache.hadoop.ipc.Server$Responder.doRunLoop(Server.java:1334)
        at org.apache.hadoop.ipc.Server$Responder.run(Server.java:1317)
"pool-174-thread-42"  prio=5 tid=1281 in Object.wait()
java.lang.Thread.State: WAITING (on object monitor)
        at sun.misc.Unsafe.park(Native Method)
        at java.util.concurrent.locks.LockSupport.park(LockSupport.java:175)
        at java.util.concurrent.locks.AbstractQueuedSynchronizer$ConditionObject.await(AbstractQueuedSynchronizer.java:2039)
        at java.util.concurrent.ArrayBlockingQueue.take(ArrayBlockingQueue.java:403)
        at java.util.concurrent.ThreadPoolExecutor.getTask(ThreadPoolExecutor.java:1074)
        at java.util.concurrent.ThreadPoolExecutor.runWorker(ThreadPoolExecutor.java:1134)
        at java.util.concurrent.ThreadPoolExecutor$Worker.run(ThreadPoolExecutor.java:624)
        at java.lang.Thread.run(Thread.java:748)
"qtp1814361629-1163" daemon prio=5 tid=1163 timed_waiting
java.lang.Thread.State: TIMED_WAITING
        at sun.misc.Unsafe.park(Native Method)
        at java.util.concurrent.locks.LockSupport.parkNanos(LockSupport.java:215)
        at java.util.concurrent.locks.AbstractQueuedSynchronizer$ConditionObject.awaitNanos(AbstractQueuedSynchronizer.java:2078)
        at org.eclipse.jetty.util.BlockingArrayQueue.poll(BlockingArrayQueue.java:392)
        at org.eclipse.jetty.util.thread.QueuedThreadPool.idleJobPoll(QueuedThreadPool.java:563)
        at org.eclipse.jetty.util.thread.QueuedThreadPool.access$800(QueuedThreadPool.java:48)
        at org.eclipse.jetty.util.thread.QueuedThreadPool$2.run(QueuedThreadPool.java:626)
        at java.lang.Thread.run(Thread.java:748)
"IPC Server handler 4 on 36683" daemon prio=5 tid=1030 timed_waiting
java.lang.Thread.State: TIMED_WAITING
        at sun.misc.Unsafe.park(Native Method)
        at java.util.concurrent.locks.LockSupport.parkNanos(LockSupport.java:215)
        at java.util.concurrent.locks.AbstractQueuedSynchronizer$ConditionObject.awaitNanos(AbstractQueuedSynchronizer.java:2078)
        at java.util.concurrent.LinkedBlockingQueue.poll(LinkedBlockingQueue.java:467)
        at org.apache.hadoop.ipc.CallQueueManager.take(CallQueueManager.java:288)
        at org.apache.hadoop.ipc.Server$Handler.run(Server.java:2668)
"refreshUsed-/tmp/workdir/hadoop-ozone/integration-test/target/test-dir/MiniOzoneClusterImpl-d6a8514b-9f5a-4ec7-be91-cc3589120d34/datanode-4/data/containers" daemon prio=5 tid=1182 timed_waiting
java.lang.Thread.State: TIMED_WAITING
        at java.lang.Thread.sleep(Native Method)
        at org.apache.hadoop.fs.CachingGetSpaceUsed$RefreshThread.run(CachingGetSpaceUsed.java:179)
        at java.lang.Thread.run(Thread.java:748)
"nioEventLoopGroup-18-1"  prio=10 tid=1140 runnable
java.lang.Thread.State: RUNNABLE
        at sun.nio.ch.EPollArrayWrapper.epollWait(Native Method)
        at sun.nio.ch.EPollArrayWrapper.poll(EPollArrayWrapper.java:269)
        at sun.nio.ch.EPollSelectorImpl.doSelect(EPollSelectorImpl.java:93)
        at sun.nio.ch.SelectorImpl.lockAndDoSelect(SelectorImpl.java:86)
        at sun.nio.ch.SelectorImpl.select(SelectorImpl.java:97)
        at io.netty.channel.nio.SelectedSelectionKeySetSelector.select(SelectedSelectionKeySetSelector.java:62)
        at io.netty.channel.nio.NioEventLoop.select(NioEventLoop.java:753)
        at io.netty.channel.nio.NioEventLoop.run(NioEventLoop.java:408)
        at io.netty.util.concurrent.SingleThreadEventExecutor$5.run(SingleThreadEventExecutor.java:897)
        at io.netty.util.concurrent.FastThreadLocalRunnable.run(FastThreadLocalRunnable.java:30)
        at java.lang.Thread.run(Thread.java:748)
"Thread-675" daemon prio=5 tid=1680 timed_waiting
java.lang.Thread.State: TIMED_WAITING
        at sun.misc.Unsafe.park(Native Method)
        at java.util.concurrent.locks.LockSupport.parkNanos(LockSupport.java:215)
        at java.util.concurrent.locks.AbstractQueuedSynchronizer$ConditionObject.awaitNanos(AbstractQueuedSynchronizer.java:2078)
        at java.util.concurrent.ArrayBlockingQueue.poll(ArrayBlockingQueue.java:418)
        at org.apache.ratis.server.impl.LeaderState$EventQueue.poll(LeaderState.java:114)
        at org.apache.ratis.server.impl.LeaderState$EventProcessor.run(LeaderState.java:451)
"CommandWatcher-LeaseManager#LeaseMonitor" daemon prio=5 tid=943 timed_waiting
java.lang.Thread.State: TIMED_WAITING
        at java.lang.Thread.sleep(Native Method)
        at org.apache.hadoop.ozone.lease.LeaseManager$LeaseMonitor.run(LeaseManager.java:234)
        at java.lang.Thread.run(Thread.java:748)
"pool-258-thread-35"  prio=5 tid=1515 in Object.wait()
java.lang.Thread.State: WAITING (on object monitor)
        at sun.misc.Unsafe.park(Native Method)
        at java.util.concurrent.locks.LockSupport.park(LockSupport.java:175)
        at java.util.concurrent.locks.AbstractQueuedSynchronizer$ConditionObject.await(AbstractQueuedSynchronizer.java:2039)
        at java.util.concurrent.ArrayBlockingQueue.take(ArrayBlockingQueue.java:403)
        at java.util.concurrent.ThreadPoolExecutor.getTask(ThreadPoolExecutor.java:1074)
        at java.util.concurrent.ThreadPoolExecutor.runWorker(ThreadPoolExecutor.java:1134)
        at java.util.concurrent.ThreadPoolExecutor$Worker.run(ThreadPoolExecutor.java:624)
        at java.lang.Thread.run(Thread.java:748)
"pool-258-thread-54"  prio=5 tid=1534 in Object.wait()
java.lang.Thread.State: WAITING (on object monitor)
        at sun.misc.Unsafe.park(Native Method)
        at java.util.concurrent.locks.LockSupport.park(LockSupport.java:175)
        at java.util.concurrent.locks.AbstractQueuedSynchronizer$ConditionObject.await(AbstractQueuedSynchronizer.java:2039)
        at java.util.concurrent.ArrayBlockingQueue.take(ArrayBlockingQueue.java:403)
        at java.util.concurrent.ThreadPoolExecutor.getTask(ThreadPoolExecutor.java:1074)
        at java.util.concurrent.ThreadPoolExecutor.runWorker(ThreadPoolExecutor.java:1134)
        at java.util.concurrent.ThreadPoolExecutor$Worker.run(ThreadPoolExecutor.java:624)
        at java.lang.Thread.run(Thread.java:748)
"IPC Server handler 5 on 36683" daemon prio=5 tid=1031 timed_waiting
java.lang.Thread.State: TIMED_WAITING
        at sun.misc.Unsafe.park(Native Method)
        at java.util.concurrent.locks.LockSupport.parkNanos(LockSupport.java:215)
        at java.util.concurrent.locks.AbstractQueuedSynchronizer$ConditionObject.awaitNanos(AbstractQueuedSynchronizer.java:2078)
        at java.util.concurrent.LinkedBlockingQueue.poll(LinkedBlockingQueue.java:467)
        at org.apache.hadoop.ipc.CallQueueManager.take(CallQueueManager.java:288)
        at org.apache.hadoop.ipc.Server$Handler.run(Server.java:2668)
"pool-258-thread-24"  prio=5 tid=1504 in Object.wait()
java.lang.Thread.State: WAITING (on object monitor)
        at sun.misc.Unsafe.park(Native Method)
        at java.util.concurrent.locks.LockSupport.park(LockSupport.java:175)
        at java.util.concurrent.locks.AbstractQueuedSynchronizer$ConditionObject.await(AbstractQueuedSynchronizer.java:2039)
        at java.util.concurrent.ArrayBlockingQueue.take(ArrayBlockingQueue.java:403)
        at java.util.concurrent.ThreadPoolExecutor.getTask(ThreadPoolExecutor.java:1074)
        at java.util.concurrent.ThreadPoolExecutor.runWorker(ThreadPoolExecutor.java:1134)
        at java.util.concurrent.ThreadPoolExecutor$Worker.run(ThreadPoolExecutor.java:624)
        at java.lang.Thread.run(Thread.java:748)
"pool-258-thread-45"  prio=5 tid=1525 in Object.wait()
java.lang.Thread.State: WAITING (on object monitor)
        at sun.misc.Unsafe.park(Native Method)
        at java.util.concurrent.locks.LockSupport.park(LockSupport.java:175)
        at java.util.concurrent.locks.AbstractQueuedSynchronizer$ConditionObject.await(AbstractQueuedSynchronizer.java:2039)
        at java.util.concurrent.ArrayBlockingQueue.take(ArrayBlockingQueue.java:403)
        at java.util.concurrent.ThreadPoolExecutor.getTask(ThreadPoolExecutor.java:1074)
        at java.util.concurrent.ThreadPoolExecutor.runWorker(ThreadPoolExecutor.java:1134)
        at java.util.concurrent.ThreadPoolExecutor$Worker.run(ThreadPoolExecutor.java:624)
        at java.lang.Thread.run(Thread.java:748)
"pool-279-thread-58"  prio=5 tid=1598 in Object.wait()
java.lang.Thread.State: WAITING (on object monitor)
        at sun.misc.Unsafe.park(Native Method)
        at java.util.concurrent.locks.LockSupport.park(LockSupport.java:175)
        at java.util.concurrent.locks.AbstractQueuedSynchronizer$ConditionObject.await(AbstractQueuedSynchronizer.java:2039)
        at java.util.concurrent.ArrayBlockingQueue.take(ArrayBlockingQueue.java:403)
        at java.util.concurrent.ThreadPoolExecutor.getTask(ThreadPoolExecutor.java:1074)
        at java.util.concurrent.ThreadPoolExecutor.runWorker(ThreadPoolExecutor.java:1134)
        at java.util.concurrent.ThreadPoolExecutor$Worker.run(ThreadPoolExecutor.java:624)
        at java.lang.Thread.run(Thread.java:748)
"SCMBlockDeletingService#0" daemon prio=5 tid=1015 timed_waiting
java.lang.Thread.State: TIMED_WAITING
        at sun.misc.Unsafe.park(Native Method)
        at java.util.concurrent.locks.LockSupport.parkNanos(LockSupport.java:215)
        at java.util.concurrent.locks.AbstractQueuedSynchronizer$ConditionObject.awaitNanos(AbstractQueuedSynchronizer.java:2078)
        at java.util.concurrent.ScheduledThreadPoolExecutor$DelayedWorkQueue.take(ScheduledThreadPoolExecutor.java:1093)
        at java.util.concurrent.ScheduledThreadPoolExecutor$DelayedWorkQueue.take(ScheduledThreadPoolExecutor.java:809)
        at java.util.concurrent.ThreadPoolExecutor.getTask(ThreadPoolExecutor.java:1074)
        at java.util.concurrent.ThreadPoolExecutor.runWorker(ThreadPoolExecutor.java:1134)
        at java.util.concurrent.ThreadPoolExecutor$Worker.run(ThreadPoolExecutor.java:624)
        at java.lang.Thread.run(Thread.java:748)
"pool-216-thread-33"  prio=5 tid=1393 in Object.wait()
java.lang.Thread.State: WAITING (on object monitor)
        at sun.misc.Unsafe.park(Native Method)
        at java.util.concurrent.locks.LockSupport.park(LockSupport.java:175)
        at java.util.concurrent.locks.AbstractQueuedSynchronizer$ConditionObject.await(AbstractQueuedSynchronizer.java:2039)
        at java.util.concurrent.ArrayBlockingQueue.take(ArrayBlockingQueue.java:403)
        at java.util.concurrent.ThreadPoolExecutor.getTask(ThreadPoolExecutor.java:1074)
        at java.util.concurrent.ThreadPoolExecutor.runWorker(ThreadPoolExecutor.java:1134)
        at java.util.concurrent.ThreadPoolExecutor$Worker.run(ThreadPoolExecutor.java:624)
        at java.lang.Thread.run(Thread.java:748)
"pool-174-thread-36"  prio=5 tid=1275 in Object.wait()
java.lang.Thread.State: WAITING (on object monitor)
        at sun.misc.Unsafe.park(Native Method)
        at java.util.concurrent.locks.LockSupport.park(LockSupport.java:175)
        at java.util.concurrent.locks.AbstractQueuedSynchronizer$ConditionObject.await(AbstractQueuedSynchronizer.java:2039)
        at java.util.concurrent.ArrayBlockingQueue.take(ArrayBlockingQueue.java:403)
        at java.util.concurrent.ThreadPoolExecutor.getTask(ThreadPoolExecutor.java:1074)
        at java.util.concurrent.ThreadPoolExecutor.runWorker(ThreadPoolExecutor.java:1134)
        at java.util.concurrent.ThreadPoolExecutor$Worker.run(ThreadPoolExecutor.java:624)
        at java.lang.Thread.run(Thread.java:748)
"Periodic HDDS volume checker"  prio=5 tid=1210 timed_waiting
java.lang.Thread.State: TIMED_WAITING
        at sun.misc.Unsafe.park(Native Method)
        at java.util.concurrent.locks.LockSupport.parkNanos(LockSupport.java:215)
        at java.util.concurrent.locks.AbstractQueuedSynchronizer$ConditionObject.awaitNanos(AbstractQueuedSynchronizer.java:2078)
        at java.util.concurrent.ScheduledThreadPoolExecutor$DelayedWorkQueue.take(ScheduledThreadPoolExecutor.java:1093)
        at java.util.concurrent.ScheduledThreadPoolExecutor$DelayedWorkQueue.take(ScheduledThreadPoolExecutor.java:809)
        at java.util.concurrent.ThreadPoolExecutor.getTask(ThreadPoolExecutor.java:1074)
        at java.util.concurrent.ThreadPoolExecutor.runWorker(ThreadPoolExecutor.java:1134)
        at java.util.concurrent.ThreadPoolExecutor$Worker.run(ThreadPoolExecutor.java:624)
        at java.lang.Thread.run(Thread.java:748)
"pool-279-thread-27"  prio=5 tid=1567 in Object.wait()
java.lang.Thread.State: WAITING (on object monitor)
        at sun.misc.Unsafe.park(Native Method)
        at java.util.concurrent.locks.LockSupport.park(LockSupport.java:175)
        at java.util.concurrent.locks.AbstractQueuedSynchronizer$ConditionObject.await(AbstractQueuedSynchronizer.java:2039)
        at java.util.concurrent.ArrayBlockingQueue.take(ArrayBlockingQueue.java:403)
        at java.util.concurrent.ThreadPoolExecutor.getTask(ThreadPoolExecutor.java:1074)
        at java.util.concurrent.ThreadPoolExecutor.runWorker(ThreadPoolExecutor.java:1134)
        at java.util.concurrent.ThreadPoolExecutor$Worker.run(ThreadPoolExecutor.java:624)
        at java.lang.Thread.run(Thread.java:748)
"pool-240-thread-1"  prio=5 tid=1742 in Object.wait()
java.lang.Thread.State: WAITING (on object monitor)
        at sun.misc.Unsafe.park(Native Method)
        at java.util.concurrent.locks.LockSupport.park(LockSupport.java:175)
        at java.util.concurrent.locks.AbstractQueuedSynchronizer$ConditionObject.await(AbstractQueuedSynchronizer.java:2039)
        at java.util.concurrent.LinkedBlockingQueue.take(LinkedBlockingQueue.java:442)
        at java.util.concurrent.ThreadPoolExecutor.getTask(ThreadPoolExecutor.java:1074)
        at java.util.concurrent.ThreadPoolExecutor.runWorker(ThreadPoolExecutor.java:1134)
        at java.util.concurrent.ThreadPoolExecutor$Worker.run(ThreadPoolExecutor.java:624)
        at java.lang.Thread.run(Thread.java:748)
"org.apache.ratis.server.impl.LogAppender$AppenderDaemon$$Lambda$519/1176991522@6e594170" daemon prio=5 tid=1722 timed_waiting
java.lang.Thread.State: TIMED_WAITING
        at java.lang.Object.wait(Native Method)
        at org.apache.ratis.grpc.server.GrpcLogAppender.mayWait(GrpcLogAppender.java:141)
        at org.apache.ratis.grpc.server.GrpcLogAppender.runAppenderImpl(GrpcLogAppender.java:95)
        at org.apache.ratis.server.impl.LogAppender$AppenderDaemon.run(LogAppender.java:80)
        at org.apache.ratis.server.impl.LogAppender$AppenderDaemon$$Lambda$519/1176991522.run(Unknown Source)
        at java.lang.Thread.run(Thread.java:748)
"pool-195-thread-6"  prio=5 tid=1306 in Object.wait()
java.lang.Thread.State: WAITING (on object monitor)
        at sun.misc.Unsafe.park(Native Method)
        at java.util.concurrent.locks.LockSupport.park(LockSupport.java:175)
        at java.util.concurrent.locks.AbstractQueuedSynchronizer$ConditionObject.await(AbstractQueuedSynchronizer.java:2039)
        at java.util.concurrent.ArrayBlockingQueue.take(ArrayBlockingQueue.java:403)
        at java.util.concurrent.ThreadPoolExecutor.getTask(ThreadPoolExecutor.java:1074)
        at java.util.concurrent.ThreadPoolExecutor.runWorker(ThreadPoolExecutor.java:1134)
        at java.util.concurrent.ThreadPoolExecutor$Worker.run(ThreadPoolExecutor.java:624)
        at java.lang.Thread.run(Thread.java:748)
"IPC Server handler 16 on 42412" daemon prio=5 tid=980 timed_waiting
java.lang.Thread.State: TIMED_WAITING
        at sun.misc.Unsafe.park(Native Method)
        at java.util.concurrent.locks.LockSupport.parkNanos(LockSupport.java:215)
        at java.util.concurrent.locks.AbstractQueuedSynchronizer$ConditionObject.awaitNanos(AbstractQueuedSynchronizer.java:2078)
        at java.util.concurrent.LinkedBlockingQueue.poll(LinkedBlockingQueue.java:467)
        at org.apache.hadoop.ipc.CallQueueManager.take(CallQueueManager.java:288)
        at org.apache.hadoop.ipc.Server$Handler.run(Server.java:2668)
"pool-258-thread-19"  prio=5 tid=1499 in Object.wait()
java.lang.Thread.State: WAITING (on object monitor)
        at sun.misc.Unsafe.park(Native Method)
        at java.util.concurrent.locks.LockSupport.park(LockSupport.java:175)
        at java.util.concurrent.locks.AbstractQueuedSynchronizer$ConditionObject.await(AbstractQueuedSynchronizer.java:2039)
        at java.util.concurrent.ArrayBlockingQueue.take(ArrayBlockingQueue.java:403)
        at java.util.concurrent.ThreadPoolExecutor.getTask(ThreadPoolExecutor.java:1074)
        at java.util.concurrent.ThreadPoolExecutor.runWorker(ThreadPoolExecutor.java:1134)
        at java.util.concurrent.ThreadPoolExecutor$Worker.run(ThreadPoolExecutor.java:624)
        at java.lang.Thread.run(Thread.java:748)
"pool-258-thread-7"  prio=5 tid=1487 in Object.wait()
java.lang.Thread.State: WAITING (on object monitor)
        at sun.misc.Unsafe.park(Native Method)
        at java.util.concurrent.locks.LockSupport.park(LockSupport.java:175)
        at java.util.concurrent.locks.AbstractQueuedSynchronizer$ConditionObject.await(AbstractQueuedSynchronizer.java:2039)
        at java.util.concurrent.ArrayBlockingQueue.take(ArrayBlockingQueue.java:403)
        at java.util.concurrent.ThreadPoolExecutor.getTask(ThreadPoolExecutor.java:1074)
        at java.util.concurrent.ThreadPoolExecutor.runWorker(ThreadPoolExecutor.java:1134)
        at java.util.concurrent.ThreadPoolExecutor$Worker.run(ThreadPoolExecutor.java:624)
        at java.lang.Thread.run(Thread.java:748)
"pool-237-thread-15"  prio=5 tid=1435 in Object.wait()
java.lang.Thread.State: WAITING (on object monitor)
        at sun.misc.Unsafe.park(Native Method)
        at java.util.concurrent.locks.LockSupport.park(LockSupport.java:175)
        at java.util.concurrent.locks.AbstractQueuedSynchronizer$ConditionObject.await(AbstractQueuedSynchronizer.java:2039)
        at java.util.concurrent.ArrayBlockingQueue.take(ArrayBlockingQueue.java:403)
        at java.util.concurrent.ThreadPoolExecutor.getTask(ThreadPoolExecutor.java:1074)
        at java.util.concurrent.ThreadPoolExecutor.runWorker(ThreadPoolExecutor.java:1134)
        at java.util.concurrent.ThreadPoolExecutor$Worker.run(ThreadPoolExecutor.java:624)
        at java.lang.Thread.run(Thread.java:748)
"pool-195-thread-18"  prio=5 tid=1318 in Object.wait()
java.lang.Thread.State: WAITING (on object monitor)
        at sun.misc.Unsafe.park(Native Method)
        at java.util.concurrent.locks.LockSupport.park(LockSupport.java:175)
        at java.util.concurrent.locks.AbstractQueuedSynchronizer$ConditionObject.await(AbstractQueuedSynchronizer.java:2039)
        at java.util.concurrent.ArrayBlockingQueue.take(ArrayBlockingQueue.java:403)
        at java.util.concurrent.ThreadPoolExecutor.getTask(ThreadPoolExecutor.java:1074)
        at java.util.concurrent.ThreadPoolExecutor.runWorker(ThreadPoolExecutor.java:1134)
        at java.util.concurrent.ThreadPoolExecutor$Worker.run(ThreadPoolExecutor.java:624)
        at java.lang.Thread.run(Thread.java:748)
"Thread-679" daemon prio=5 tid=1684 timed_waiting
java.lang.Thread.State: TIMED_WAITING
        at sun.misc.Unsafe.park(Native Method)
        at java.util.concurrent.locks.LockSupport.parkNanos(LockSupport.java:215)
        at java.util.concurrent.locks.AbstractQueuedSynchronizer$ConditionObject.awaitNanos(AbstractQueuedSynchronizer.java:2078)
        at java.util.concurrent.ArrayBlockingQueue.poll(ArrayBlockingQueue.java:418)
        at org.apache.ratis.server.impl.LeaderState$EventQueue.poll(LeaderState.java:114)
        at org.apache.ratis.server.impl.LeaderState$EventProcessor.run(LeaderState.java:451)
"EventQueue-SafemodestatusForSafeModeHandler" daemon prio=5 tid=1608 in Object.wait()
java.lang.Thread.State: WAITING (on object monitor)
        at sun.misc.Unsafe.park(Native Method)
        at java.util.concurrent.locks.LockSupport.park(LockSupport.java:175)
        at java.util.concurrent.locks.AbstractQueuedSynchronizer$ConditionObject.await(AbstractQueuedSynchronizer.java:2039)
        at java.util.concurrent.LinkedBlockingQueue.take(LinkedBlockingQueue.java:442)
        at java.util.concurrent.ThreadPoolExecutor.getTask(ThreadPoolExecutor.java:1074)
        at java.util.concurrent.ThreadPoolExecutor.runWorker(ThreadPoolExecutor.java:1134)
        at java.util.concurrent.ThreadPoolExecutor$Worker.run(ThreadPoolExecutor.java:624)
        at java.lang.Thread.run(Thread.java:748)
"pool-174-thread-28"  prio=5 tid=1267 in Object.wait()
java.lang.Thread.State: WAITING (on object monitor)
        at sun.misc.Unsafe.park(Native Method)
        at java.util.concurrent.locks.LockSupport.park(LockSupport.java:175)
        at java.util.concurrent.locks.AbstractQueuedSynchronizer$ConditionObject.await(AbstractQueuedSynchronizer.java:2039)
        at java.util.concurrent.ArrayBlockingQueue.take(ArrayBlockingQueue.java:403)
        at java.util.concurrent.ThreadPoolExecutor.getTask(ThreadPoolExecutor.java:1074)
        at java.util.concurrent.ThreadPoolExecutor.runWorker(ThreadPoolExecutor.java:1134)
        at java.util.concurrent.ThreadPoolExecutor$Worker.run(ThreadPoolExecutor.java:624)
        at java.lang.Thread.run(Thread.java:748)
"pool-279-thread-56"  prio=5 tid=1596 in Object.wait()
java.lang.Thread.State: WAITING (on object monitor)
        at sun.misc.Unsafe.park(Native Method)
        at java.util.concurrent.locks.LockSupport.park(LockSupport.java:175)
        at java.util.concurrent.locks.AbstractQueuedSynchronizer$ConditionObject.await(AbstractQueuedSynchronizer.java:2039)
        at java.util.concurrent.ArrayBlockingQueue.take(ArrayBlockingQueue.java:403)
        at java.util.concurrent.ThreadPoolExecutor.getTask(ThreadPoolExecutor.java:1074)
        at java.util.concurrent.ThreadPoolExecutor.runWorker(ThreadPoolExecutor.java:1134)
        at java.util.concurrent.ThreadPoolExecutor$Worker.run(ThreadPoolExecutor.java:624)
        at java.lang.Thread.run(Thread.java:748)
"IPC Server handler 4 on 35612" daemon prio=5 tid=948 timed_waiting
java.lang.Thread.State: TIMED_WAITING
        at sun.misc.Unsafe.park(Native Method)
        at java.util.concurrent.locks.LockSupport.parkNanos(LockSupport.java:215)
        at java.util.concurrent.locks.AbstractQueuedSynchronizer$ConditionObject.awaitNanos(AbstractQueuedSynchronizer.java:2078)
        at java.util.concurrent.LinkedBlockingQueue.poll(LinkedBlockingQueue.java:467)
        at org.apache.hadoop.ipc.CallQueueManager.take(CallQueueManager.java:288)
        at org.apache.hadoop.ipc.Server$Handler.run(Server.java:2668)
"grpc-shared-destroyer-0" daemon prio=5 tid=926 in Object.wait()
java.lang.Thread.State: WAITING (on object monitor)
        at sun.misc.Unsafe.park(Native Method)
        at java.util.concurrent.locks.LockSupport.park(LockSupport.java:175)
        at java.util.concurrent.locks.AbstractQueuedSynchronizer$ConditionObject.await(AbstractQueuedSynchronizer.java:2039)
        at java.util.concurrent.ScheduledThreadPoolExecutor$DelayedWorkQueue.take(ScheduledThreadPoolExecutor.java:1081)
        at java.util.concurrent.ScheduledThreadPoolExecutor$DelayedWorkQueue.take(ScheduledThreadPoolExecutor.java:809)
        at java.util.concurrent.ThreadPoolExecutor.getTask(ThreadPoolExecutor.java:1074)
        at java.util.concurrent.ThreadPoolExecutor.runWorker(ThreadPoolExecutor.java:1134)
        at java.util.concurrent.ThreadPoolExecutor$Worker.run(ThreadPoolExecutor.java:624)
        at java.lang.Thread.run(Thread.java:748)
"qtp2037147839-1049" daemon prio=5 tid=1049 timed_waiting
java.lang.Thread.State: TIMED_WAITING
        at sun.misc.Unsafe.park(Native Method)
        at java.util.concurrent.locks.LockSupport.parkNanos(LockSupport.java:215)
        at java.util.concurrent.locks.AbstractQueuedSynchronizer$ConditionObject.awaitNanos(AbstractQueuedSynchronizer.java:2078)
        at org.eclipse.jetty.util.BlockingArrayQueue.poll(BlockingArrayQueue.java:392)
        at org.eclipse.jetty.util.thread.QueuedThreadPool.idleJobPoll(QueuedThreadPool.java:563)
        at org.eclipse.jetty.util.thread.QueuedThreadPool.access$800(QueuedThreadPool.java:48)
        at org.eclipse.jetty.util.thread.QueuedThreadPool$2.run(QueuedThreadPool.java:626)
        at java.lang.Thread.run(Thread.java:748)
"qtp2037147839-1052" daemon prio=5 tid=1052 timed_waiting
java.lang.Thread.State: TIMED_WAITING
        at sun.misc.Unsafe.park(Native Method)
        at java.util.concurrent.locks.LockSupport.parkNanos(LockSupport.java:215)
        at java.util.concurrent.locks.AbstractQueuedSynchronizer$ConditionObject.awaitNanos(AbstractQueuedSynchronizer.java:2078)
        at org.eclipse.jetty.util.BlockingArrayQueue.poll(BlockingArrayQueue.java:392)
        at org.eclipse.jetty.util.thread.QueuedThreadPool.idleJobPoll(QueuedThreadPool.java:563)
        at org.eclipse.jetty.util.thread.QueuedThreadPool.access$800(QueuedThreadPool.java:48)
        at org.eclipse.jetty.util.thread.QueuedThreadPool$2.run(QueuedThreadPool.java:626)
        at java.lang.Thread.run(Thread.java:748)
"pool-237-thread-6"  prio=5 tid=1426 in Object.wait()
java.lang.Thread.State: WAITING (on object monitor)
        at sun.misc.Unsafe.park(Native Method)
        at java.util.concurrent.locks.LockSupport.park(LockSupport.java:175)
        at java.util.concurrent.locks.AbstractQueuedSynchronizer$ConditionObject.await(AbstractQueuedSynchronizer.java:2039)
        at java.util.concurrent.ArrayBlockingQueue.take(ArrayBlockingQueue.java:403)
        at java.util.concurrent.ThreadPoolExecutor.getTask(ThreadPoolExecutor.java:1074)
        at java.util.concurrent.ThreadPoolExecutor.runWorker(ThreadPoolExecutor.java:1134)
        at java.util.concurrent.ThreadPoolExecutor$Worker.run(ThreadPoolExecutor.java:624)
        at java.lang.Thread.run(Thread.java:748)
"pool-279-thread-9"  prio=5 tid=1549 in Object.wait()
java.lang.Thread.State: WAITING (on object monitor)
        at sun.misc.Unsafe.park(Native Method)
        at java.util.concurrent.locks.LockSupport.park(LockSupport.java:175)
        at java.util.concurrent.locks.AbstractQueuedSynchronizer$ConditionObject.await(AbstractQueuedSynchronizer.java:2039)
        at java.util.concurrent.ArrayBlockingQueue.take(ArrayBlockingQueue.java:403)
        at java.util.concurrent.ThreadPoolExecutor.getTask(ThreadPoolExecutor.java:1074)
        at java.util.concurrent.ThreadPoolExecutor.runWorker(ThreadPoolExecutor.java:1134)
        at java.util.concurrent.ThreadPoolExecutor$Worker.run(ThreadPoolExecutor.java:624)
        at java.lang.Thread.run(Thread.java:748)
"pool-216-thread-38"  prio=5 tid=1398 in Object.wait()
java.lang.Thread.State: WAITING (on object monitor)
        at sun.misc.Unsafe.park(Native Method)
        at java.util.concurrent.locks.LockSupport.park(LockSupport.java:175)
        at java.util.concurrent.locks.AbstractQueuedSynchronizer$ConditionObject.await(AbstractQueuedSynchronizer.java:2039)
        at java.util.concurrent.ArrayBlockingQueue.take(ArrayBlockingQueue.java:403)
        at java.util.concurrent.ThreadPoolExecutor.getTask(ThreadPoolExecutor.java:1074)
        at java.util.concurrent.ThreadPoolExecutor.runWorker(ThreadPoolExecutor.java:1134)
        at java.util.concurrent.ThreadPoolExecutor$Worker.run(ThreadPoolExecutor.java:624)
        at java.lang.Thread.run(Thread.java:748)
"qtp302256620-1196" daemon prio=5 tid=1196 timed_waiting
java.lang.Thread.State: TIMED_WAITING
        at sun.misc.Unsafe.park(Native Method)
        at java.util.concurrent.locks.LockSupport.parkNanos(LockSupport.java:215)
        at java.util.concurrent.locks.AbstractQueuedSynchronizer$ConditionObject.awaitNanos(AbstractQueuedSynchronizer.java:2078)
        at org.eclipse.jetty.util.BlockingArrayQueue.poll(BlockingArrayQueue.java:392)
        at org.eclipse.jetty.util.thread.QueuedThreadPool.idleJobPoll(QueuedThreadPool.java:563)
        at org.eclipse.jetty.util.thread.QueuedThreadPool.access$800(QueuedThreadPool.java:48)
        at org.eclipse.jetty.util.thread.QueuedThreadPool$2.run(QueuedThreadPool.java:626)
        at java.lang.Thread.run(Thread.java:748)
"qtp2037147839-1051" daemon prio=5 tid=1051 timed_waiting
java.lang.Thread.State: TIMED_WAITING
        at sun.misc.Unsafe.park(Native Method)
        at java.util.concurrent.locks.LockSupport.parkNanos(LockSupport.java:215)
        at java.util.concurrent.locks.AbstractQueuedSynchronizer$ConditionObject.awaitNanos(AbstractQueuedSynchronizer.java:2078)
        at org.eclipse.jetty.util.BlockingArrayQueue.poll(BlockingArrayQueue.java:392)
        at org.eclipse.jetty.util.thread.QueuedThreadPool.idleJobPoll(QueuedThreadPool.java:563)
        at org.eclipse.jetty.util.thread.QueuedThreadPool.access$800(QueuedThreadPool.java:48)
        at org.eclipse.jetty.util.thread.QueuedThreadPool$2.run(QueuedThreadPool.java:626)
        at java.lang.Thread.run(Thread.java:748)
"IPC Server handler 3 on 36683" daemon prio=5 tid=1029 timed_waiting
java.lang.Thread.State: TIMED_WAITING
        at sun.misc.Unsafe.park(Native Method)
        at java.util.concurrent.locks.LockSupport.parkNanos(LockSupport.java:215)
        at java.util.concurrent.locks.AbstractQueuedSynchronizer$ConditionObject.awaitNanos(AbstractQueuedSynchronizer.java:2078)
        at java.util.concurrent.LinkedBlockingQueue.poll(LinkedBlockingQueue.java:467)
        at org.apache.hadoop.ipc.CallQueueManager.take(CallQueueManager.java:288)
        at org.apache.hadoop.ipc.Server$Handler.run(Server.java:2668)
"pool-279-thread-44"  prio=5 tid=1584 in Object.wait()
java.lang.Thread.State: WAITING (on object monitor)
        at sun.misc.Unsafe.park(Native Method)
        at java.util.concurrent.locks.LockSupport.park(LockSupport.java:175)
        at java.util.concurrent.locks.AbstractQueuedSynchronizer$ConditionObject.await(AbstractQueuedSynchronizer.java:2039)
        at java.util.concurrent.ArrayBlockingQueue.take(ArrayBlockingQueue.java:403)
        at java.util.concurrent.ThreadPoolExecutor.getTask(ThreadPoolExecutor.java:1074)
        at java.util.concurrent.ThreadPoolExecutor.runWorker(ThreadPoolExecutor.java:1134)
        at java.util.concurrent.ThreadPoolExecutor$Worker.run(ThreadPoolExecutor.java:624)
        at java.lang.Thread.run(Thread.java:748)
"IPC Server handler 7 on 35612" daemon prio=5 tid=951 timed_waiting
java.lang.Thread.State: TIMED_WAITING
        at sun.misc.Unsafe.park(Native Method)
        at java.util.concurrent.locks.LockSupport.parkNanos(LockSupport.java:215)
        at java.util.concurrent.locks.AbstractQueuedSynchronizer$ConditionObject.awaitNanos(AbstractQueuedSynchronizer.java:2078)
        at java.util.concurrent.LinkedBlockingQueue.poll(LinkedBlockingQueue.java:467)
        at org.apache.hadoop.ipc.CallQueueManager.take(CallQueueManager.java:288)
        at org.apache.hadoop.ipc.Server$Handler.run(Server.java:2668)
"pool-195-thread-58"  prio=5 tid=1358 in Object.wait()
java.lang.Thread.State: WAITING (on object monitor)
        at sun.misc.Unsafe.park(Native Method)
        at java.util.concurrent.locks.LockSupport.park(LockSupport.java:175)
        at java.util.concurrent.locks.AbstractQueuedSynchronizer$ConditionObject.await(AbstractQueuedSynchronizer.java:2039)
        at java.util.concurrent.ArrayBlockingQueue.take(ArrayBlockingQueue.java:403)
        at java.util.concurrent.ThreadPoolExecutor.getTask(ThreadPoolExecutor.java:1074)
        at java.util.concurrent.ThreadPoolExecutor.runWorker(ThreadPoolExecutor.java:1134)
        at java.util.concurrent.ThreadPoolExecutor$Worker.run(ThreadPoolExecutor.java:624)
        at java.lang.Thread.run(Thread.java:748)
"org.eclipse.jetty.server.session.HashSessionManager@239b98cbTimer" daemon prio=5 tid=1056 timed_waiting
java.lang.Thread.State: TIMED_WAITING
        at sun.misc.Unsafe.park(Native Method)
        at java.util.concurrent.locks.LockSupport.parkNanos(LockSupport.java:215)
        at java.util.concurrent.locks.AbstractQueuedSynchronizer$ConditionObject.awaitNanos(AbstractQueuedSynchronizer.java:2078)
        at java.util.concurrent.ScheduledThreadPoolExecutor$DelayedWorkQueue.take(ScheduledThreadPoolExecutor.java:1093)
        at java.util.concurrent.ScheduledThreadPoolExecutor$DelayedWorkQueue.take(ScheduledThreadPoolExecutor.java:809)
        at java.util.concurrent.ThreadPoolExecutor.getTask(ThreadPoolExecutor.java:1074)
        at java.util.concurrent.ThreadPoolExecutor.runWorker(ThreadPoolExecutor.java:1134)
        at java.util.concurrent.ThreadPoolExecutor$Worker.run(ThreadPoolExecutor.java:624)
        at java.lang.Thread.run(Thread.java:748)
"qtp1633584044-1011" daemon prio=5 tid=1011 timed_waiting
java.lang.Thread.State: TIMED_WAITING
        at sun.misc.Unsafe.park(Native Method)
        at java.util.concurrent.locks.LockSupport.parkNanos(LockSupport.java:215)
        at java.util.concurrent.locks.AbstractQueuedSynchronizer$ConditionObject.awaitNanos(AbstractQueuedSynchronizer.java:2078)
        at org.eclipse.jetty.util.BlockingArrayQueue.poll(BlockingArrayQueue.java:392)
        at org.eclipse.jetty.util.thread.QueuedThreadPool.idleJobPoll(QueuedThreadPool.java:563)
        at org.eclipse.jetty.util.thread.QueuedThreadPool.access$800(QueuedThreadPool.java:48)
        at org.eclipse.jetty.util.thread.QueuedThreadPool$2.run(QueuedThreadPool.java:626)
        at java.lang.Thread.run(Thread.java:748)
"IPC Server handler 14 on 42412" daemon prio=5 tid=978 timed_waiting
java.lang.Thread.State: TIMED_WAITING
        at sun.misc.Unsafe.park(Native Method)
        at java.util.concurrent.locks.LockSupport.parkNanos(LockSupport.java:215)
        at java.util.concurrent.locks.AbstractQueuedSynchronizer$ConditionObject.awaitNanos(AbstractQueuedSynchronizer.java:2078)
        at java.util.concurrent.LinkedBlockingQueue.poll(LinkedBlockingQueue.java:467)
        at org.apache.hadoop.ipc.CallQueueManager.take(CallQueueManager.java:288)
        at org.apache.hadoop.ipc.Server$Handler.run(Server.java:2668)
"refreshUsed-/tmp/workdir/hadoop-ozone/integration-test/target/test-dir/MiniOzoneClusterImpl-d6a8514b-9f5a-4ec7-be91-cc3589120d34/datanode-2/data/containers" daemon prio=5 tid=1122 timed_waiting
java.lang.Thread.State: TIMED_WAITING
        at java.lang.Thread.sleep(Native Method)
        at org.apache.hadoop.fs.CachingGetSpaceUsed$RefreshThread.run(CachingGetSpaceUsed.java:179)
        at java.lang.Thread.run(Thread.java:748)
"qtp1842314090-1134" daemon prio=5 tid=1134 timed_waiting
java.lang.Thread.State: TIMED_WAITING
        at sun.misc.Unsafe.park(Native Method)
        at java.util.concurrent.locks.LockSupport.parkNanos(LockSupport.java:215)
        at java.util.concurrent.locks.AbstractQueuedSynchronizer$ConditionObject.awaitNanos(AbstractQueuedSynchronizer.java:2078)
        at org.eclipse.jetty.util.BlockingArrayQueue.poll(BlockingArrayQueue.java:392)
        at org.eclipse.jetty.util.thread.QueuedThreadPool.idleJobPoll(QueuedThreadPool.java:563)
        at org.eclipse.jetty.util.thread.QueuedThreadPool.access$800(QueuedThreadPool.java:48)
        at org.eclipse.jetty.util.thread.QueuedThreadPool$2.run(QueuedThreadPool.java:626)
        at java.lang.Thread.run(Thread.java:748)
"org.apache.hadoop.util.JvmPauseMonitor$Monitor@59cf2136" daemon prio=5 tid=1119 timed_waiting
java.lang.Thread.State: TIMED_WAITING
        at java.lang.Thread.sleep(Native Method)
        at org.apache.hadoop.util.JvmPauseMonitor$Monitor.run(JvmPauseMonitor.java:192)
        at java.lang.Thread.run(Thread.java:748)
"qtp1920846948-1226" daemon prio=5 tid=1226 timed_waiting
java.lang.Thread.State: TIMED_WAITING
        at sun.misc.Unsafe.park(Native Method)
        at java.util.concurrent.locks.LockSupport.parkNanos(LockSupport.java:215)
        at java.util.concurrent.locks.AbstractQueuedSynchronizer$ConditionObject.awaitNanos(AbstractQueuedSynchronizer.java:2078)
        at org.eclipse.jetty.util.BlockingArrayQueue.poll(BlockingArrayQueue.java:392)
        at org.eclipse.jetty.util.thread.QueuedThreadPool.idleJobPoll(QueuedThreadPool.java:563)
        at org.eclipse.jetty.util.thread.QueuedThreadPool.access$800(QueuedThreadPool.java:48)
        at org.eclipse.jetty.util.thread.QueuedThreadPool$2.run(QueuedThreadPool.java:626)
        at java.lang.Thread.run(Thread.java:748)
"org.eclipse.jetty.server.session.HashSessionManager@6d4a05f7Timer" daemon prio=5 tid=1013 timed_waiting
java.lang.Thread.State: TIMED_WAITING
        at sun.misc.Unsafe.park(Native Method)
        at java.util.concurrent.locks.LockSupport.parkNanos(LockSupport.java:215)
        at java.util.concurrent.locks.AbstractQueuedSynchronizer$ConditionObject.awaitNanos(AbstractQueuedSynchronizer.java:2078)
        at java.util.concurrent.ScheduledThreadPoolExecutor$DelayedWorkQueue.take(ScheduledThreadPoolExecutor.java:1093)
        at java.util.concurrent.ScheduledThreadPoolExecutor$DelayedWorkQueue.take(ScheduledThreadPoolExecutor.java:809)
        at java.util.concurrent.ThreadPoolExecutor.getTask(ThreadPoolExecutor.java:1074)
        at java.util.concurrent.ThreadPoolExecutor.runWorker(ThreadPoolExecutor.java:1134)
        at java.util.concurrent.ThreadPoolExecutor$Worker.run(ThreadPoolExecutor.java:624)
        at java.lang.Thread.run(Thread.java:748)
"pool-258-thread-4"  prio=5 tid=1484 in Object.wait()
java.lang.Thread.State: WAITING (on object monitor)
        at sun.misc.Unsafe.park(Native Method)
        at java.util.concurrent.locks.LockSupport.park(LockSupport.java:175)
        at java.util.concurrent.locks.AbstractQueuedSynchronizer$ConditionObject.await(AbstractQueuedSynchronizer.java:2039)
        at java.util.concurrent.ArrayBlockingQueue.take(ArrayBlockingQueue.java:403)
        at java.util.concurrent.ThreadPoolExecutor.getTask(ThreadPoolExecutor.java:1074)
        at java.util.concurrent.ThreadPoolExecutor.runWorker(ThreadPoolExecutor.java:1134)
        at java.util.concurrent.ThreadPoolExecutor$Worker.run(ThreadPoolExecutor.java:624)
        at java.lang.Thread.run(Thread.java:748)
"pool-195-thread-27"  prio=5 tid=1327 in Object.wait()
java.lang.Thread.State: WAITING (on object monitor)
        at sun.misc.Unsafe.park(Native Method)
        at java.util.concurrent.locks.LockSupport.park(LockSupport.java:175)
        at java.util.concurrent.locks.AbstractQueuedSynchronizer$ConditionObject.await(AbstractQueuedSynchronizer.java:2039)
        at java.util.concurrent.ArrayBlockingQueue.take(ArrayBlockingQueue.java:403)
        at java.util.concurrent.ThreadPoolExecutor.getTask(ThreadPoolExecutor.java:1074)
        at java.util.concurrent.ThreadPoolExecutor.runWorker(ThreadPoolExecutor.java:1134)
        at java.util.concurrent.ThreadPoolExecutor$Worker.run(ThreadPoolExecutor.java:624)
        at java.lang.Thread.run(Thread.java:748)
"org.eclipse.jetty.server.session.HashSessionManager@748904e8Timer" daemon prio=5 tid=1012 timed_waiting
java.lang.Thread.State: TIMED_WAITING
        at sun.misc.Unsafe.park(Native Method)
        at java.util.concurrent.locks.LockSupport.parkNanos(LockSupport.java:215)
        at java.util.concurrent.locks.AbstractQueuedSynchronizer$ConditionObject.awaitNanos(AbstractQueuedSynchronizer.java:2078)
        at java.util.concurrent.ScheduledThreadPoolExecutor$DelayedWorkQueue.take(ScheduledThreadPoolExecutor.java:1093)
        at java.util.concurrent.ScheduledThreadPoolExecutor$DelayedWorkQueue.take(ScheduledThreadPoolExecutor.java:809)
        at java.util.concurrent.ThreadPoolExecutor.getTask(ThreadPoolExecutor.java:1074)
        at java.util.concurrent.ThreadPoolExecutor.runWorker(ThreadPoolExecutor.java:1134)
        at java.util.concurrent.ThreadPoolExecutor$Worker.run(ThreadPoolExecutor.java:624)
        at java.lang.Thread.run(Thread.java:748)
"Periodic HDDS volume checker"  prio=5 tid=1179 timed_waiting
java.lang.Thread.State: TIMED_WAITING
        at sun.misc.Unsafe.park(Native Method)
        at java.util.concurrent.locks.LockSupport.parkNanos(LockSupport.java:215)
        at java.util.concurrent.locks.AbstractQueuedSynchronizer$ConditionObject.awaitNanos(AbstractQueuedSynchronizer.java:2078)
        at java.util.concurrent.ScheduledThreadPoolExecutor$DelayedWorkQueue.take(ScheduledThreadPoolExecutor.java:1093)
        at java.util.concurrent.ScheduledThreadPoolExecutor$DelayedWorkQueue.take(ScheduledThreadPoolExecutor.java:809)
        at java.util.concurrent.ThreadPoolExecutor.getTask(ThreadPoolExecutor.java:1074)
        at java.util.concurrent.ThreadPoolExecutor.runWorker(ThreadPoolExecutor.java:1134)
        at java.util.concurrent.ThreadPoolExecutor$Worker.run(ThreadPoolExecutor.java:624)
        at java.lang.Thread.run(Thread.java:748)
"pool-237-thread-3"  prio=5 tid=1423 in Object.wait()
java.lang.Thread.State: WAITING (on object monitor)
        at sun.misc.Unsafe.park(Native Method)
        at java.util.concurrent.locks.LockSupport.park(LockSupport.java:175)
        at java.util.concurrent.locks.AbstractQueuedSynchronizer$ConditionObject.await(AbstractQueuedSynchronizer.java:2039)
        at java.util.concurrent.ArrayBlockingQueue.take(ArrayBlockingQueue.java:403)
        at java.util.concurrent.ThreadPoolExecutor.getTask(ThreadPoolExecutor.java:1074)
        at java.util.concurrent.ThreadPoolExecutor.runWorker(ThreadPoolExecutor.java:1134)
        at java.util.concurrent.ThreadPoolExecutor$Worker.run(ThreadPoolExecutor.java:624)
        at java.lang.Thread.run(Thread.java:748)
"IPC Server handler 16 on 35612" daemon prio=5 tid=960 timed_waiting
java.lang.Thread.State: TIMED_WAITING
        at sun.misc.Unsafe.park(Native Method)
        at java.util.concurrent.locks.LockSupport.parkNanos(LockSupport.java:215)
        at java.util.concurrent.locks.AbstractQueuedSynchronizer$ConditionObject.awaitNanos(AbstractQueuedSynchronizer.java:2078)
        at java.util.concurrent.LinkedBlockingQueue.poll(LinkedBlockingQueue.java:467)
        at org.apache.hadoop.ipc.CallQueueManager.take(CallQueueManager.java:288)
        at org.apache.hadoop.ipc.Server$Handler.run(Server.java:2668)
"pool-237-thread-41"  prio=5 tid=1461 in Object.wait()
java.lang.Thread.State: WAITING (on object monitor)
        at sun.misc.Unsafe.park(Native Method)
        at java.util.concurrent.locks.LockSupport.park(LockSupport.java:175)
        at java.util.concurrent.locks.AbstractQueuedSynchronizer$ConditionObject.await(AbstractQueuedSynchronizer.java:2039)
        at java.util.concurrent.ArrayBlockingQueue.take(ArrayBlockingQueue.java:403)
        at java.util.concurrent.ThreadPoolExecutor.getTask(ThreadPoolExecutor.java:1074)
        at java.util.concurrent.ThreadPoolExecutor.runWorker(ThreadPoolExecutor.java:1134)
        at java.util.concurrent.ThreadPoolExecutor$Worker.run(ThreadPoolExecutor.java:624)
        at java.lang.Thread.run(Thread.java:748)
"org.eclipse.jetty.server.session.HashSessionManager@5b0e9e0cTimer" daemon prio=5 tid=1228 timed_waiting
java.lang.Thread.State: TIMED_WAITING
        at sun.misc.Unsafe.park(Native Method)
        at java.util.concurrent.locks.LockSupport.parkNanos(LockSupport.java:215)
        at java.util.concurrent.locks.AbstractQueuedSynchronizer$ConditionObject.awaitNanos(AbstractQueuedSynchronizer.java:2078)
        at java.util.concurrent.ScheduledThreadPoolExecutor$DelayedWorkQueue.take(ScheduledThreadPoolExecutor.java:1093)
        at java.util.concurrent.ScheduledThreadPoolExecutor$DelayedWorkQueue.take(ScheduledThreadPoolExecutor.java:809)
        at java.util.concurrent.ThreadPoolExecutor.getTask(ThreadPoolExecutor.java:1074)
        at java.util.concurrent.ThreadPoolExecutor.runWorker(ThreadPoolExecutor.java:1134)
        at java.util.concurrent.ThreadPoolExecutor$Worker.run(ThreadPoolExecutor.java:624)
        at java.lang.Thread.run(Thread.java:748)
"pool-237-thread-30"  prio=5 tid=1450 in Object.wait()
java.lang.Thread.State: WAITING (on object monitor)
        at sun.misc.Unsafe.park(Native Method)
        at java.util.concurrent.locks.LockSupport.park(LockSupport.java:175)
        at java.util.concurrent.locks.AbstractQueuedSynchronizer$ConditionObject.await(AbstractQueuedSynchronizer.java:2039)
        at java.util.concurrent.ArrayBlockingQueue.take(ArrayBlockingQueue.java:403)
        at java.util.concurrent.ThreadPoolExecutor.getTask(ThreadPoolExecutor.java:1074)
        at java.util.concurrent.ThreadPoolExecutor.runWorker(ThreadPoolExecutor.java:1134)
        at java.util.concurrent.ThreadPoolExecutor$Worker.run(ThreadPoolExecutor.java:624)
        at java.lang.Thread.run(Thread.java:748)
"qtp1633584044-1007" daemon prio=5 tid=1007 timed_waiting
java.lang.Thread.State: TIMED_WAITING
        at sun.misc.Unsafe.park(Native Method)
        at java.util.concurrent.locks.LockSupport.parkNanos(LockSupport.java:215)
        at java.util.concurrent.locks.AbstractQueuedSynchronizer$ConditionObject.awaitNanos(AbstractQueuedSynchronizer.java:2078)
        at org.eclipse.jetty.util.BlockingArrayQueue.poll(BlockingArrayQueue.java:392)
        at org.eclipse.jetty.util.thread.QueuedThreadPool.idleJobPoll(QueuedThreadPool.java:563)
        at org.eclipse.jetty.util.thread.QueuedThreadPool.access$800(QueuedThreadPool.java:48)
        at org.eclipse.jetty.util.thread.QueuedThreadPool$2.run(QueuedThreadPool.java:626)
        at java.lang.Thread.run(Thread.java:748)
"IPC Server handler 6 on 36272" daemon prio=5 tid=990 timed_waiting
java.lang.Thread.State: TIMED_WAITING
        at sun.misc.Unsafe.park(Native Method)
        at java.util.concurrent.locks.LockSupport.parkNanos(LockSupport.java:215)
        at java.util.concurrent.locks.AbstractQueuedSynchronizer$ConditionObject.awaitNanos(AbstractQueuedSynchronizer.java:2078)
        at java.util.concurrent.LinkedBlockingQueue.poll(LinkedBlockingQueue.java:467)
        at org.apache.hadoop.ipc.CallQueueManager.take(CallQueueManager.java:288)
        at org.apache.hadoop.ipc.Server$Handler.run(Server.java:2668)
"pool-261-thread-1"  prio=5 tid=1737 in Object.wait()
java.lang.Thread.State: WAITING (on object monitor)
        at sun.misc.Unsafe.park(Native Method)
        at java.util.concurrent.locks.LockSupport.park(LockSupport.java:175)
        at java.util.concurrent.locks.AbstractQueuedSynchronizer$ConditionObject.await(AbstractQueuedSynchronizer.java:2039)
        at java.util.concurrent.LinkedBlockingQueue.take(LinkedBlockingQueue.java:442)
        at java.util.concurrent.ThreadPoolExecutor.getTask(ThreadPoolExecutor.java:1074)
        at java.util.concurrent.ThreadPoolExecutor.runWorker(ThreadPoolExecutor.java:1134)
        at java.util.concurrent.ThreadPoolExecutor$Worker.run(ThreadPoolExecutor.java:624)
        at java.lang.Thread.run(Thread.java:748)
"Datanode ReportManager Thread - 0" daemon prio=5 tid=1112 in Object.wait()
java.lang.Thread.State: WAITING (on object monitor)
        at sun.misc.Unsafe.park(Native Method)
        at java.util.concurrent.locks.LockSupport.park(LockSupport.java:175)
        at java.util.concurrent.locks.AbstractQueuedSynchronizer$ConditionObject.await(AbstractQueuedSynchronizer.java:2039)
        at java.util.concurrent.ScheduledThreadPoolExecutor$DelayedWorkQueue.take(ScheduledThreadPoolExecutor.java:1088)
        at java.util.concurrent.ScheduledThreadPoolExecutor$DelayedWorkQueue.take(ScheduledThreadPoolExecutor.java:809)
        at java.util.concurrent.ThreadPoolExecutor.getTask(ThreadPoolExecutor.java:1074)
        at java.util.concurrent.ThreadPoolExecutor.runWorker(ThreadPoolExecutor.java:1134)
        at java.util.concurrent.ThreadPoolExecutor$Worker.run(ThreadPoolExecutor.java:624)
        at java.lang.Thread.run(Thread.java:748)
"Datanode ReportManager Thread - 1" daemon prio=5 tid=1203 in Object.wait()
java.lang.Thread.State: WAITING (on object monitor)
        at sun.misc.Unsafe.park(Native Method)
        at java.util.concurrent.locks.LockSupport.park(LockSupport.java:175)
        at java.util.concurrent.locks.AbstractQueuedSynchronizer$ConditionObject.await(AbstractQueuedSynchronizer.java:2039)
        at java.util.concurrent.ScheduledThreadPoolExecutor$DelayedWorkQueue.take(ScheduledThreadPoolExecutor.java:1088)
        at java.util.concurrent.ScheduledThreadPoolExecutor$DelayedWorkQueue.take(ScheduledThreadPoolExecutor.java:809)
        at java.util.concurrent.ThreadPoolExecutor.getTask(ThreadPoolExecutor.java:1074)
        at java.util.concurrent.ThreadPoolExecutor.runWorker(ThreadPoolExecutor.java:1134)
        at java.util.concurrent.ThreadPoolExecutor$Worker.run(ThreadPoolExecutor.java:624)
        at java.lang.Thread.run(Thread.java:748)
"pool-216-thread-53"  prio=5 tid=1413 in Object.wait()
java.lang.Thread.State: WAITING (on object monitor)
        at sun.misc.Unsafe.park(Native Method)
        at java.util.concurrent.locks.LockSupport.park(LockSupport.java:175)
        at java.util.concurrent.locks.AbstractQueuedSynchronizer$ConditionObject.await(AbstractQueuedSynchronizer.java:2039)
        at java.util.concurrent.ArrayBlockingQueue.take(ArrayBlockingQueue.java:403)
        at java.util.concurrent.ThreadPoolExecutor.getTask(ThreadPoolExecutor.java:1074)
        at java.util.concurrent.ThreadPoolExecutor.runWorker(ThreadPoolExecutor.java:1134)
        at java.util.concurrent.ThreadPoolExecutor$Worker.run(ThreadPoolExecutor.java:624)
        at java.lang.Thread.run(Thread.java:748)
"qtp2037147839-1054" daemon prio=5 tid=1054 timed_waiting
java.lang.Thread.State: TIMED_WAITING
        at sun.misc.Unsafe.park(Native Method)
        at java.util.concurrent.locks.LockSupport.parkNanos(LockSupport.java:215)
        at java.util.concurrent.locks.AbstractQueuedSynchronizer$ConditionObject.awaitNanos(AbstractQueuedSynchronizer.java:2078)
        at org.eclipse.jetty.util.BlockingArrayQueue.poll(BlockingArrayQueue.java:392)
        at org.eclipse.jetty.util.thread.QueuedThreadPool.idleJobPoll(QueuedThreadPool.java:563)
        at org.eclipse.jetty.util.thread.QueuedThreadPool.access$800(QueuedThreadPool.java:48)
        at org.eclipse.jetty.util.thread.QueuedThreadPool$2.run(QueuedThreadPool.java:626)
        at java.lang.Thread.run(Thread.java:748)
"pool-195-thread-59"  prio=5 tid=1359 in Object.wait()
java.lang.Thread.State: WAITING (on object monitor)
        at sun.misc.Unsafe.park(Native Method)
        at java.util.concurrent.locks.LockSupport.park(LockSupport.java:175)
        at java.util.concurrent.locks.AbstractQueuedSynchronizer$ConditionObject.await(AbstractQueuedSynchronizer.java:2039)
        at java.util.concurrent.ArrayBlockingQueue.take(ArrayBlockingQueue.java:403)
        at java.util.concurrent.ThreadPoolExecutor.getTask(ThreadPoolExecutor.java:1074)
        at java.util.concurrent.ThreadPoolExecutor.runWorker(ThreadPoolExecutor.java:1134)
        at java.util.concurrent.ThreadPoolExecutor$Worker.run(ThreadPoolExecutor.java:624)
        at java.lang.Thread.run(Thread.java:748)
"pool-174-thread-44"  prio=5 tid=1283 in Object.wait()
java.lang.Thread.State: WAITING (on object monitor)
        at sun.misc.Unsafe.park(Native Method)
        at java.util.concurrent.locks.LockSupport.park(LockSupport.java:175)
        at java.util.concurrent.locks.AbstractQueuedSynchronizer$ConditionObject.await(AbstractQueuedSynchronizer.java:2039)
        at java.util.concurrent.ArrayBlockingQueue.take(ArrayBlockingQueue.java:403)
        at java.util.concurrent.ThreadPoolExecutor.getTask(ThreadPoolExecutor.java:1074)
        at java.util.concurrent.ThreadPoolExecutor.runWorker(ThreadPoolExecutor.java:1134)
        at java.util.concurrent.ThreadPoolExecutor$Worker.run(ThreadPoolExecutor.java:624)
        at java.lang.Thread.run(Thread.java:748)
"qtp649827042-1070" daemon prio=5 tid=1070 timed_waiting
java.lang.Thread.State: TIMED_WAITING
        at sun.misc.Unsafe.park(Native Method)
        at java.util.concurrent.locks.LockSupport.parkNanos(LockSupport.java:215)
        at java.util.concurrent.locks.AbstractQueuedSynchronizer$ConditionObject.awaitNanos(AbstractQueuedSynchronizer.java:2078)
        at org.eclipse.jetty.util.BlockingArrayQueue.poll(BlockingArrayQueue.java:392)
        at org.eclipse.jetty.util.thread.QueuedThreadPool.idleJobPoll(QueuedThreadPool.java:563)
        at org.eclipse.jetty.util.thread.QueuedThreadPool.access$800(QueuedThreadPool.java:48)
        at org.eclipse.jetty.util.thread.QueuedThreadPool$2.run(QueuedThreadPool.java:626)
        at java.lang.Thread.run(Thread.java:748)
"qtp1842314090-1129" daemon prio=5 tid=1129 runnable
java.lang.Thread.State: RUNNABLE
        at sun.nio.ch.EPollArrayWrapper.epollWait(Native Method)
        at sun.nio.ch.EPollArrayWrapper.poll(EPollArrayWrapper.java:269)
        at sun.nio.ch.EPollSelectorImpl.doSelect(EPollSelectorImpl.java:93)
        at sun.nio.ch.SelectorImpl.lockAndDoSelect(SelectorImpl.java:86)
        at sun.nio.ch.SelectorImpl.select(SelectorImpl.java:97)
        at sun.nio.ch.SelectorImpl.select(SelectorImpl.java:101)
        at org.eclipse.jetty.io.ManagedSelector$SelectorProducer.select(ManagedSelector.java:243)
        at org.eclipse.jetty.io.ManagedSelector$SelectorProducer.produce(ManagedSelector.java:191)
        at org.eclipse.jetty.util.thread.strategy.ExecuteProduceConsume.executeProduceConsume(ExecuteProduceConsume.java:249)
        at org.eclipse.jetty.util.thread.strategy.ExecuteProduceConsume.produceConsume(ExecuteProduceConsume.java:148)
        at org.eclipse.jetty.util.thread.strategy.ExecuteProduceConsume.execute(ExecuteProduceConsume.java:100)
        at org.eclipse.jetty.io.ManagedSelector.run(ManagedSelector.java:147)
        at org.eclipse.jetty.util.thread.QueuedThreadPool.runJob(QueuedThreadPool.java:671)
        at org.eclipse.jetty.util.thread.QueuedThreadPool$2.run(QueuedThreadPool.java:589)
        at java.lang.Thread.run(Thread.java:748)
"pool-216-thread-3"  prio=5 tid=1363 in Object.wait()
java.lang.Thread.State: WAITING (on object monitor)
        at sun.misc.Unsafe.park(Native Method)
        at java.util.concurrent.locks.LockSupport.park(LockSupport.java:175)
        at java.util.concurrent.locks.AbstractQueuedSynchronizer$ConditionObject.await(AbstractQueuedSynchronizer.java:2039)
        at java.util.concurrent.ArrayBlockingQueue.take(ArrayBlockingQueue.java:403)
        at java.util.concurrent.ThreadPoolExecutor.getTask(ThreadPoolExecutor.java:1074)
        at java.util.concurrent.ThreadPoolExecutor.runWorker(ThreadPoolExecutor.java:1134)
        at java.util.concurrent.ThreadPoolExecutor$Worker.run(ThreadPoolExecutor.java:624)
        at java.lang.Thread.run(Thread.java:748)
"pool-174-thread-29"  prio=5 tid=1268 in Object.wait()
java.lang.Thread.State: WAITING (on object monitor)
        at sun.misc.Unsafe.park(Native Method)
        at java.util.concurrent.locks.LockSupport.park(LockSupport.java:175)
        at java.util.concurrent.locks.AbstractQueuedSynchronizer$ConditionObject.await(AbstractQueuedSynchronizer.java:2039)
        at java.util.concurrent.ArrayBlockingQueue.take(ArrayBlockingQueue.java:403)
        at java.util.concurrent.ThreadPoolExecutor.getTask(ThreadPoolExecutor.java:1074)
        at java.util.concurrent.ThreadPoolExecutor.runWorker(ThreadPoolExecutor.java:1134)
        at java.util.concurrent.ThreadPoolExecutor$Worker.run(ThreadPoolExecutor.java:624)
        at java.lang.Thread.run(Thread.java:748)
"Datanode ReportManager Thread - 1" daemon prio=5 tid=1233 in Object.wait()
java.lang.Thread.State: WAITING (on object monitor)
        at sun.misc.Unsafe.park(Native Method)
        at java.util.concurrent.locks.LockSupport.park(LockSupport.java:175)
        at java.util.concurrent.locks.AbstractQueuedSynchronizer$ConditionObject.await(AbstractQueuedSynchronizer.java:2039)
        at java.util.concurrent.ScheduledThreadPoolExecutor$DelayedWorkQueue.take(ScheduledThreadPoolExecutor.java:1088)
        at java.util.concurrent.ScheduledThreadPoolExecutor$DelayedWorkQueue.take(ScheduledThreadPoolExecutor.java:809)
        at java.util.concurrent.ThreadPoolExecutor.getTask(ThreadPoolExecutor.java:1074)
        at java.util.concurrent.ThreadPoolExecutor.runWorker(ThreadPoolExecutor.java:1134)
        at java.util.concurrent.ThreadPoolExecutor$Worker.run(ThreadPoolExecutor.java:624)
        at java.lang.Thread.run(Thread.java:748)
"Datanode ReportManager Thread - 3" daemon prio=5 tid=1235 in Object.wait()
java.lang.Thread.State: WAITING (on object monitor)
        at sun.misc.Unsafe.park(Native Method)
        at java.util.concurrent.locks.LockSupport.park(LockSupport.java:175)
        at java.util.concurrent.locks.AbstractQueuedSynchronizer$ConditionObject.await(AbstractQueuedSynchronizer.java:2039)
        at java.util.concurrent.ScheduledThreadPoolExecutor$DelayedWorkQueue.take(ScheduledThreadPoolExecutor.java:1088)
        at java.util.concurrent.ScheduledThreadPoolExecutor$DelayedWorkQueue.take(ScheduledThreadPoolExecutor.java:809)
        at java.util.concurrent.ThreadPoolExecutor.getTask(ThreadPoolExecutor.java:1074)
        at java.util.concurrent.ThreadPoolExecutor.runWorker(ThreadPoolExecutor.java:1134)
        at java.util.concurrent.ThreadPoolExecutor$Worker.run(ThreadPoolExecutor.java:624)
        at java.lang.Thread.run(Thread.java:748)
"pool-258-thread-59"  prio=5 tid=1539 in Object.wait()
java.lang.Thread.State: WAITING (on object monitor)
        at sun.misc.Unsafe.park(Native Method)
        at java.util.concurrent.locks.LockSupport.park(LockSupport.java:175)
        at java.util.concurrent.locks.AbstractQueuedSynchronizer$ConditionObject.await(AbstractQueuedSynchronizer.java:2039)
        at java.util.concurrent.ArrayBlockingQueue.take(ArrayBlockingQueue.java:403)
        at java.util.concurrent.ThreadPoolExecutor.getTask(ThreadPoolExecutor.java:1074)
        at java.util.concurrent.ThreadPoolExecutor.runWorker(ThreadPoolExecutor.java:1134)
        at java.util.concurrent.ThreadPoolExecutor$Worker.run(ThreadPoolExecutor.java:624)
        at java.lang.Thread.run(Thread.java:748)
"pool-258-thread-20"  prio=5 tid=1500 in Object.wait()
java.lang.Thread.State: WAITING (on object monitor)
        at sun.misc.Unsafe.park(Native Method)
        at java.util.concurrent.locks.LockSupport.park(LockSupport.java:175)
        at java.util.concurrent.locks.AbstractQueuedSynchronizer$ConditionObject.await(AbstractQueuedSynchronizer.java:2039)
        at java.util.concurrent.ArrayBlockingQueue.take(ArrayBlockingQueue.java:403)
        at java.util.concurrent.ThreadPoolExecutor.getTask(ThreadPoolExecutor.java:1074)
        at java.util.concurrent.ThreadPoolExecutor.runWorker(ThreadPoolExecutor.java:1134)
        at java.util.concurrent.ThreadPoolExecutor$Worker.run(ThreadPoolExecutor.java:624)
        at java.lang.Thread.run(Thread.java:748)
"pool-216-thread-22"  prio=5 tid=1382 in Object.wait()
java.lang.Thread.State: WAITING (on object monitor)
        at sun.misc.Unsafe.park(Native Method)
        at java.util.concurrent.locks.LockSupport.park(LockSupport.java:175)
        at java.util.concurrent.locks.AbstractQueuedSynchronizer$ConditionObject.await(AbstractQueuedSynchronizer.java:2039)
        at java.util.concurrent.ArrayBlockingQueue.take(ArrayBlockingQueue.java:403)
        at java.util.concurrent.ThreadPoolExecutor.getTask(ThreadPoolExecutor.java:1074)
        at java.util.concurrent.ThreadPoolExecutor.runWorker(ThreadPoolExecutor.java:1134)
        at java.util.concurrent.ThreadPoolExecutor$Worker.run(ThreadPoolExecutor.java:624)
        at java.lang.Thread.run(Thread.java:748)
"pool-237-thread-45"  prio=5 tid=1465 in Object.wait()
java.lang.Thread.State: WAITING (on object monitor)
        at sun.misc.Unsafe.park(Native Method)
        at java.util.concurrent.locks.LockSupport.park(LockSupport.java:175)
        at java.util.concurrent.locks.AbstractQueuedSynchronizer$ConditionObject.await(AbstractQueuedSynchronizer.java:2039)
        at java.util.concurrent.ArrayBlockingQueue.take(ArrayBlockingQueue.java:403)
        at java.util.concurrent.ThreadPoolExecutor.getTask(ThreadPoolExecutor.java:1074)
        at java.util.concurrent.ThreadPoolExecutor.runWorker(ThreadPoolExecutor.java:1134)
        at java.util.concurrent.ThreadPoolExecutor$Worker.run(ThreadPoolExecutor.java:624)
        at java.lang.Thread.run(Thread.java:748)
"org.eclipse.jetty.server.session.HashSessionManager@42cc420bTimer" daemon prio=5 tid=1138 timed_waiting
java.lang.Thread.State: TIMED_WAITING
        at sun.misc.Unsafe.park(Native Method)
        at java.util.concurrent.locks.LockSupport.parkNanos(LockSupport.java:215)
        at java.util.concurrent.locks.AbstractQueuedSynchronizer$ConditionObject.awaitNanos(AbstractQueuedSynchronizer.java:2078)
        at java.util.concurrent.ScheduledThreadPoolExecutor$DelayedWorkQueue.take(ScheduledThreadPoolExecutor.java:1093)
        at java.util.concurrent.ScheduledThreadPoolExecutor$DelayedWorkQueue.take(ScheduledThreadPoolExecutor.java:809)
        at java.util.concurrent.ThreadPoolExecutor.getTask(ThreadPoolExecutor.java:1074)
        at java.util.concurrent.ThreadPoolExecutor.runWorker(ThreadPoolExecutor.java:1134)
        at java.util.concurrent.ThreadPoolExecutor$Worker.run(ThreadPoolExecutor.java:624)
        at java.lang.Thread.run(Thread.java:748)
"pool-216-thread-35"  prio=5 tid=1395 in Object.wait()
java.lang.Thread.State: WAITING (on object monitor)
        at sun.misc.Unsafe.park(Native Method)
        at java.util.concurrent.locks.LockSupport.park(LockSupport.java:175)
        at java.util.concurrent.locks.AbstractQueuedSynchronizer$ConditionObject.await(AbstractQueuedSynchronizer.java:2039)
        at java.util.concurrent.ArrayBlockingQueue.take(ArrayBlockingQueue.java:403)
        at java.util.concurrent.ThreadPoolExecutor.getTask(ThreadPoolExecutor.java:1074)
        at java.util.concurrent.ThreadPoolExecutor.runWorker(ThreadPoolExecutor.java:1134)
        at java.util.concurrent.ThreadPoolExecutor$Worker.run(ThreadPoolExecutor.java:624)
        at java.lang.Thread.run(Thread.java:748)
"Datanode ReportManager Thread - 2" daemon prio=5 tid=1144 timed_waiting
java.lang.Thread.State: TIMED_WAITING
        at sun.misc.Unsafe.park(Native Method)
        at java.util.concurrent.locks.LockSupport.parkNanos(LockSupport.java:215)
        at java.util.concurrent.locks.AbstractQueuedSynchronizer$ConditionObject.awaitNanos(AbstractQueuedSynchronizer.java:2078)
        at java.util.concurrent.ScheduledThreadPoolExecutor$DelayedWorkQueue.take(ScheduledThreadPoolExecutor.java:1093)
        at java.util.concurrent.ScheduledThreadPoolExecutor$DelayedWorkQueue.take(ScheduledThreadPoolExecutor.java:809)
        at java.util.concurrent.ThreadPoolExecutor.getTask(ThreadPoolExecutor.java:1074)
        at java.util.concurrent.ThreadPoolExecutor.runWorker(ThreadPoolExecutor.java:1134)
        at java.util.concurrent.ThreadPoolExecutor$Worker.run(ThreadPoolExecutor.java:624)
        at java.lang.Thread.run(Thread.java:748)
"pool-258-thread-36"  prio=5 tid=1516 in Object.wait()
java.lang.Thread.State: WAITING (on object monitor)
        at sun.misc.Unsafe.park(Native Method)
        at java.util.concurrent.locks.LockSupport.park(LockSupport.java:175)
        at java.util.concurrent.locks.AbstractQueuedSynchronizer$ConditionObject.await(AbstractQueuedSynchronizer.java:2039)
        at java.util.concurrent.ArrayBlockingQueue.take(ArrayBlockingQueue.java:403)
        at java.util.concurrent.ThreadPoolExecutor.getTask(ThreadPoolExecutor.java:1074)
        at java.util.concurrent.ThreadPoolExecutor.runWorker(ThreadPoolExecutor.java:1134)
        at java.util.concurrent.ThreadPoolExecutor$Worker.run(ThreadPoolExecutor.java:624)
        at java.lang.Thread.run(Thread.java:748)
"nioEventLoopGroup-14-1"  prio=10 tid=1080 runnable
java.lang.Thread.State: RUNNABLE
        at sun.nio.ch.EPollArrayWrapper.epollWait(Native Method)
        at sun.nio.ch.EPollArrayWrapper.poll(EPollArrayWrapper.java:269)
        at sun.nio.ch.EPollSelectorImpl.doSelect(EPollSelectorImpl.java:93)
        at sun.nio.ch.SelectorImpl.lockAndDoSelect(SelectorImpl.java:86)
        at sun.nio.ch.SelectorImpl.select(SelectorImpl.java:97)
        at io.netty.channel.nio.SelectedSelectionKeySetSelector.select(SelectedSelectionKeySetSelector.java:62)
        at io.netty.channel.nio.NioEventLoop.select(NioEventLoop.java:753)
        at io.netty.channel.nio.NioEventLoop.run(NioEventLoop.java:408)
        at io.netty.util.concurrent.SingleThreadEventExecutor$5.run(SingleThreadEventExecutor.java:897)
        at io.netty.util.concurrent.FastThreadLocalRunnable.run(FastThreadLocalRunnable.java:30)
        at java.lang.Thread.run(Thread.java:748)
"IPC Server handler 19 on 35612" daemon prio=5 tid=963 timed_waiting
java.lang.Thread.State: TIMED_WAITING
        at sun.misc.Unsafe.park(Native Method)
        at java.util.concurrent.locks.LockSupport.parkNanos(LockSupport.java:215)
        at java.util.concurrent.locks.AbstractQueuedSynchronizer$ConditionObject.awaitNanos(AbstractQueuedSynchronizer.java:2078)
        at java.util.concurrent.LinkedBlockingQueue.poll(LinkedBlockingQueue.java:467)
        at org.apache.hadoop.ipc.CallQueueManager.take(CallQueueManager.java:288)
        at org.apache.hadoop.ipc.Server$Handler.run(Server.java:2668)
"pool-216-thread-12"  prio=5 tid=1372 in Object.wait()
java.lang.Thread.State: WAITING (on object monitor)
        at sun.misc.Unsafe.park(Native Method)
        at java.util.concurrent.locks.LockSupport.park(LockSupport.java:175)
        at java.util.concurrent.locks.AbstractQueuedSynchronizer$ConditionObject.await(AbstractQueuedSynchronizer.java:2039)
        at java.util.concurrent.ArrayBlockingQueue.take(ArrayBlockingQueue.java:403)
        at java.util.concurrent.ThreadPoolExecutor.getTask(ThreadPoolExecutor.java:1074)
        at java.util.concurrent.ThreadPoolExecutor.runWorker(ThreadPoolExecutor.java:1134)
        at java.util.concurrent.ThreadPoolExecutor$Worker.run(ThreadPoolExecutor.java:624)
        at java.lang.Thread.run(Thread.java:748)
"org.eclipse.jetty.server.session.HashSessionManager@6b3d9c38Timer" daemon prio=5 tid=1078 timed_waiting
java.lang.Thread.State: TIMED_WAITING
        at sun.misc.Unsafe.park(Native Method)
        at java.util.concurrent.locks.LockSupport.parkNanos(LockSupport.java:215)
        at java.util.concurrent.locks.AbstractQueuedSynchronizer$ConditionObject.awaitNanos(AbstractQueuedSynchronizer.java:2078)
        at java.util.concurrent.ScheduledThreadPoolExecutor$DelayedWorkQueue.take(ScheduledThreadPoolExecutor.java:1093)
        at java.util.concurrent.ScheduledThreadPoolExecutor$DelayedWorkQueue.take(ScheduledThreadPoolExecutor.java:809)
        at java.util.concurrent.ThreadPoolExecutor.getTask(ThreadPoolExecutor.java:1074)
        at java.util.concurrent.ThreadPoolExecutor.runWorker(ThreadPoolExecutor.java:1134)
        at java.util.concurrent.ThreadPoolExecutor$Worker.run(ThreadPoolExecutor.java:624)
        at java.lang.Thread.run(Thread.java:748)
"pool-174-thread-58"  prio=5 tid=1297 in Object.wait()
java.lang.Thread.State: WAITING (on object monitor)
        at sun.misc.Unsafe.park(Native Method)
        at java.util.concurrent.locks.LockSupport.park(LockSupport.java:175)
        at java.util.concurrent.locks.AbstractQueuedSynchronizer$ConditionObject.await(AbstractQueuedSynchronizer.java:2039)
        at java.util.concurrent.ArrayBlockingQueue.take(ArrayBlockingQueue.java:403)
        at java.util.concurrent.ThreadPoolExecutor.getTask(ThreadPoolExecutor.java:1074)
        at java.util.concurrent.ThreadPoolExecutor.runWorker(ThreadPoolExecutor.java:1134)
        at java.util.concurrent.ThreadPoolExecutor$Worker.run(ThreadPoolExecutor.java:624)
        at java.lang.Thread.run(Thread.java:748)
"IPC Server handler 12 on 35612" daemon prio=5 tid=956 timed_waiting
java.lang.Thread.State: TIMED_WAITING
        at sun.misc.Unsafe.park(Native Method)
        at java.util.concurrent.locks.LockSupport.parkNanos(LockSupport.java:215)
        at java.util.concurrent.locks.AbstractQueuedSynchronizer$ConditionObject.awaitNanos(AbstractQueuedSynchronizer.java:2078)
        at java.util.concurrent.LinkedBlockingQueue.poll(LinkedBlockingQueue.java:467)
        at org.apache.hadoop.ipc.CallQueueManager.take(CallQueueManager.java:288)
        at org.apache.hadoop.ipc.Server$Handler.run(Server.java:2668)
"pool-237-thread-29"  prio=5 tid=1449 in Object.wait()
java.lang.Thread.State: WAITING (on object monitor)
        at sun.misc.Unsafe.park(Native Method)
        at java.util.concurrent.locks.LockSupport.park(LockSupport.java:175)
        at java.util.concurrent.locks.AbstractQueuedSynchronizer$ConditionObject.await(AbstractQueuedSynchronizer.java:2039)
        at java.util.concurrent.ArrayBlockingQueue.take(ArrayBlockingQueue.java:403)
        at java.util.concurrent.ThreadPoolExecutor.getTask(ThreadPoolExecutor.java:1074)
        at java.util.concurrent.ThreadPoolExecutor.runWorker(ThreadPoolExecutor.java:1134)
        at java.util.concurrent.ThreadPoolExecutor$Worker.run(ThreadPoolExecutor.java:624)
        at java.lang.Thread.run(Thread.java:748)
"IPC Server handler 15 on 42412" daemon prio=5 tid=979 timed_waiting
java.lang.Thread.State: TIMED_WAITING
        at sun.misc.Unsafe.park(Native Method)
        at java.util.concurrent.locks.LockSupport.parkNanos(LockSupport.java:215)
        at java.util.concurrent.locks.AbstractQueuedSynchronizer$ConditionObject.awaitNanos(AbstractQueuedSynchronizer.java:2078)
        at java.util.concurrent.LinkedBlockingQueue.poll(LinkedBlockingQueue.java:467)
        at org.apache.hadoop.ipc.CallQueueManager.take(CallQueueManager.java:288)
        at org.apache.hadoop.ipc.Server$Handler.run(Server.java:2668)
"StateMachineUpdater:9235e096-bad2-4ddc-afaa-1e7edc12c7d5:group-3C262B468671" daemon prio=5 tid=1642 in Object.wait()
java.lang.Thread.State: WAITING (on object monitor)
        at java.lang.Object.wait(Native Method)
        at java.lang.Object.wait(Object.java:502)
        at org.apache.ratis.server.impl.StateMachineUpdater.waitForCommit(StateMachineUpdater.java:180)
        at org.apache.ratis.server.impl.StateMachineUpdater.run(StateMachineUpdater.java:138)
        at java.lang.Thread.run(Thread.java:748)
"grpc-default-worker-ELG-3-1" daemon prio=5 tid=701 runnable
java.lang.Thread.State: RUNNABLE
        at sun.nio.ch.EPollArrayWrapper.epollWait(Native Method)
        at sun.nio.ch.EPollArrayWrapper.poll(EPollArrayWrapper.java:269)
        at sun.nio.ch.EPollSelectorImpl.doSelect(EPollSelectorImpl.java:93)
        at sun.nio.ch.SelectorImpl.lockAndDoSelect(SelectorImpl.java:86)
        at sun.nio.ch.SelectorImpl.select(SelectorImpl.java:97)
        at org.apache.ratis.thirdparty.io.netty.channel.nio.SelectedSelectionKeySetSelector.select(SelectedSelectionKeySetSelector.java:62)
        at org.apache.ratis.thirdparty.io.netty.channel.nio.NioEventLoop.select(NioEventLoop.java:753)
        at org.apache.ratis.thirdparty.io.netty.channel.nio.NioEventLoop.run(NioEventLoop.java:408)
        at org.apache.ratis.thirdparty.io.netty.util.concurrent.SingleThreadEventExecutor$5.run(SingleThreadEventExecutor.java:897)
        at org.apache.ratis.thirdparty.io.netty.util.concurrent.FastThreadLocalRunnable.run(FastThreadLocalRunnable.java:30)
        at java.lang.Thread.run(Thread.java:748)
"qtp1842314090-1132" daemon prio=5 tid=1132 timed_waiting
java.lang.Thread.State: TIMED_WAITING
        at sun.misc.Unsafe.park(Native Method)
        at java.util.concurrent.locks.LockSupport.parkNanos(LockSupport.java:215)
        at java.util.concurrent.locks.AbstractQueuedSynchronizer$ConditionObject.awaitNanos(AbstractQueuedSynchronizer.java:2078)
        at org.eclipse.jetty.util.BlockingArrayQueue.poll(BlockingArrayQueue.java:392)
        at org.eclipse.jetty.util.thread.QueuedThreadPool.idleJobPoll(QueuedThreadPool.java:563)
        at org.eclipse.jetty.util.thread.QueuedThreadPool.access$800(QueuedThreadPool.java:48)
        at org.eclipse.jetty.util.thread.QueuedThreadPool$2.run(QueuedThreadPool.java:626)
        at java.lang.Thread.run(Thread.java:748)
"Socket Reader #1 for port 36683"  prio=5 tid=1020 runnable
java.lang.Thread.State: RUNNABLE
        at sun.nio.ch.EPollArrayWrapper.epollWait(Native Method)
        at sun.nio.ch.EPollArrayWrapper.poll(EPollArrayWrapper.java:269)
        at sun.nio.ch.EPollSelectorImpl.doSelect(EPollSelectorImpl.java:93)
        at sun.nio.ch.SelectorImpl.lockAndDoSelect(SelectorImpl.java:86)
        at sun.nio.ch.SelectorImpl.select(SelectorImpl.java:97)
        at sun.nio.ch.SelectorImpl.select(SelectorImpl.java:101)
        at org.apache.hadoop.ipc.Server$Listener$Reader.doRunLoop(Server.java:1097)
        at org.apache.hadoop.ipc.Server$Listener$Reader.run(Server.java:1076)
"qtp43402513-1101" daemon prio=5 tid=1101 timed_waiting
java.lang.Thread.State: TIMED_WAITING
        at sun.misc.Unsafe.park(Native Method)
        at java.util.concurrent.locks.LockSupport.parkNanos(LockSupport.java:215)
        at java.util.concurrent.locks.AbstractQueuedSynchronizer$ConditionObject.awaitNanos(AbstractQueuedSynchronizer.java:2078)
        at org.eclipse.jetty.util.BlockingArrayQueue.poll(BlockingArrayQueue.java:392)
        at org.eclipse.jetty.util.thread.QueuedThreadPool.idleJobPoll(QueuedThreadPool.java:563)
        at org.eclipse.jetty.util.thread.QueuedThreadPool.access$800(QueuedThreadPool.java:48)
        at org.eclipse.jetty.util.thread.QueuedThreadPool$2.run(QueuedThreadPool.java:626)
        at java.lang.Thread.run(Thread.java:748)
"IPC Server listener on 35612" daemon prio=5 tid=937 runnable
java.lang.Thread.State: RUNNABLE
        at sun.nio.ch.EPollArrayWrapper.epollWait(Native Method)
        at sun.nio.ch.EPollArrayWrapper.poll(EPollArrayWrapper.java:269)
        at sun.nio.ch.EPollSelectorImpl.doSelect(EPollSelectorImpl.java:93)
        at sun.nio.ch.SelectorImpl.lockAndDoSelect(SelectorImpl.java:86)
        at sun.nio.ch.SelectorImpl.select(SelectorImpl.java:97)
        at sun.nio.ch.SelectorImpl.select(SelectorImpl.java:101)
        at org.apache.hadoop.ipc.Server$Listener.run(Server.java:1159)
"pool-279-thread-40"  prio=5 tid=1580 in Object.wait()
java.lang.Thread.State: WAITING (on object monitor)
        at sun.misc.Unsafe.park(Native Method)
        at java.util.concurrent.locks.LockSupport.park(LockSupport.java:175)
        at java.util.concurrent.locks.AbstractQueuedSynchronizer$ConditionObject.await(AbstractQueuedSynchronizer.java:2039)
        at java.util.concurrent.ArrayBlockingQueue.take(ArrayBlockingQueue.java:403)
        at java.util.concurrent.ThreadPoolExecutor.getTask(ThreadPoolExecutor.java:1074)
        at java.util.concurrent.ThreadPoolExecutor.runWorker(ThreadPoolExecutor.java:1134)
        at java.util.concurrent.ThreadPoolExecutor$Worker.run(ThreadPoolExecutor.java:624)
        at java.lang.Thread.run(Thread.java:748)
"pool-258-thread-37"  prio=5 tid=1517 in Object.wait()
java.lang.Thread.State: WAITING (on object monitor)
        at sun.misc.Unsafe.park(Native Method)
        at java.util.concurrent.locks.LockSupport.park(LockSupport.java:175)
        at java.util.concurrent.locks.AbstractQueuedSynchronizer$ConditionObject.await(AbstractQueuedSynchronizer.java:2039)
        at java.util.concurrent.ArrayBlockingQueue.take(ArrayBlockingQueue.java:403)
        at java.util.concurrent.ThreadPoolExecutor.getTask(ThreadPoolExecutor.java:1074)
        at java.util.concurrent.ThreadPoolExecutor.runWorker(ThreadPoolExecutor.java:1134)
        at java.util.concurrent.ThreadPoolExecutor$Worker.run(ThreadPoolExecutor.java:624)
        at java.lang.Thread.run(Thread.java:748)
"pool-279-thread-29"  prio=5 tid=1569 in Object.wait()
java.lang.Thread.State: WAITING (on object monitor)
        at sun.misc.Unsafe.park(Native Method)
        at java.util.concurrent.locks.LockSupport.park(LockSupport.java:175)
        at java.util.concurrent.locks.AbstractQueuedSynchronizer$ConditionObject.await(AbstractQueuedSynchronizer.java:2039)
        at java.util.concurrent.ArrayBlockingQueue.take(ArrayBlockingQueue.java:403)
        at java.util.concurrent.ThreadPoolExecutor.getTask(ThreadPoolExecutor.java:1074)
        at java.util.concurrent.ThreadPoolExecutor.runWorker(ThreadPoolExecutor.java:1134)
        at java.util.concurrent.ThreadPoolExecutor$Worker.run(ThreadPoolExecutor.java:624)
        at java.lang.Thread.run(Thread.java:748)
"pool-174-thread-40"  prio=5 tid=1279 in Object.wait()
java.lang.Thread.State: WAITING (on object monitor)
        at sun.misc.Unsafe.park(Native Method)
        at java.util.concurrent.locks.LockSupport.park(LockSupport.java:175)
        at java.util.concurrent.locks.AbstractQueuedSynchronizer$ConditionObject.await(AbstractQueuedSynchronizer.java:2039)
        at java.util.concurrent.ArrayBlockingQueue.take(ArrayBlockingQueue.java:403)
        at java.util.concurrent.ThreadPoolExecutor.getTask(ThreadPoolExecutor.java:1074)
        at java.util.concurrent.ThreadPoolExecutor.runWorker(ThreadPoolExecutor.java:1134)
        at java.util.concurrent.ThreadPoolExecutor$Worker.run(ThreadPoolExecutor.java:624)
        at java.lang.Thread.run(Thread.java:748)
"pool-195-thread-32"  prio=5 tid=1332 in Object.wait()
java.lang.Thread.State: WAITING (on object monitor)
        at sun.misc.Unsafe.park(Native Method)
        at java.util.concurrent.locks.LockSupport.park(LockSupport.java:175)
        at java.util.concurrent.locks.AbstractQueuedSynchronizer$ConditionObject.await(AbstractQueuedSynchronizer.java:2039)
        at java.util.concurrent.ArrayBlockingQueue.take(ArrayBlockingQueue.java:403)
        at java.util.concurrent.ThreadPoolExecutor.getTask(ThreadPoolExecutor.java:1074)
        at java.util.concurrent.ThreadPoolExecutor.runWorker(ThreadPoolExecutor.java:1134)
        at java.util.concurrent.ThreadPoolExecutor$Worker.run(ThreadPoolExecutor.java:624)
        at java.lang.Thread.run(Thread.java:748)
"pool-237-thread-44"  prio=5 tid=1464 in Object.wait()
java.lang.Thread.State: WAITING (on object monitor)
        at sun.misc.Unsafe.park(Native Method)
        at java.util.concurrent.locks.LockSupport.park(LockSupport.java:175)
        at java.util.concurrent.locks.AbstractQueuedSynchronizer$ConditionObject.await(AbstractQueuedSynchronizer.java:2039)
        at java.util.concurrent.ArrayBlockingQueue.take(ArrayBlockingQueue.java:403)
        at java.util.concurrent.ThreadPoolExecutor.getTask(ThreadPoolExecutor.java:1074)
        at java.util.concurrent.ThreadPoolExecutor.runWorker(ThreadPoolExecutor.java:1134)
        at java.util.concurrent.ThreadPoolExecutor$Worker.run(ThreadPoolExecutor.java:624)
        at java.lang.Thread.run(Thread.java:748)
"pool-237-thread-38"  prio=5 tid=1458 in Object.wait()
java.lang.Thread.State: WAITING (on object monitor)
        at sun.misc.Unsafe.park(Native Method)
        at java.util.concurrent.locks.LockSupport.park(LockSupport.java:175)
        at java.util.concurrent.locks.AbstractQueuedSynchronizer$ConditionObject.await(AbstractQueuedSynchronizer.java:2039)
        at java.util.concurrent.ArrayBlockingQueue.take(ArrayBlockingQueue.java:403)
        at java.util.concurrent.ThreadPoolExecutor.getTask(ThreadPoolExecutor.java:1074)
        at java.util.concurrent.ThreadPoolExecutor.runWorker(ThreadPoolExecutor.java:1134)
        at java.util.concurrent.ThreadPoolExecutor$Worker.run(ThreadPoolExecutor.java:624)
        at java.lang.Thread.run(Thread.java:748)
"48c40916-4df4-43f1-8da9-aa837bc1a9b2-SegmentedRaftLogWorker:Storage Directory /tmp/workdir/hadoop-ozone/integration-test/target/test-dir/MiniOzoneClusterImpl-d6a8514b-9f5a-4ec7-be91-cc3589120d34/datanode-4/data/ratis/e83dbce7-8c6f-49f9-978d-2cafed4ab0a3"  prio=5 tid=1659 timed_waiting
java.lang.Thread.State: TIMED_WAITING
        at sun.misc.Unsafe.park(Native Method)
        at java.util.concurrent.locks.LockSupport.parkNanos(LockSupport.java:215)
        at java.util.concurrent.locks.AbstractQueuedSynchronizer$ConditionObject.awaitNanos(AbstractQueuedSynchronizer.java:2078)
        at org.apache.ratis.util.DataBlockingQueue.poll(DataBlockingQueue.java:137)
        at org.apache.ratis.server.raftlog.segmented.SegmentedRaftLogWorker.run(SegmentedRaftLogWorker.java:283)
        at java.lang.Thread.run(Thread.java:748)
"qtp1814361629-1160-acceptor-0@40684f33-ServerConnector@14656be5{HTTP/1.1,[http/1.1]}{0.0.0.0:39239}" daemon prio=3 tid=1160 runnable
java.lang.Thread.State: RUNNABLE
        at sun.nio.ch.ServerSocketChannelImpl.accept0(Native Method)
        at sun.nio.ch.ServerSocketChannelImpl.accept(ServerSocketChannelImpl.java:422)
        at sun.nio.ch.ServerSocketChannelImpl.accept(ServerSocketChannelImpl.java:250)
        at org.eclipse.jetty.server.ServerConnector.accept(ServerConnector.java:397)
        at org.eclipse.jetty.server.AbstractConnector$Acceptor.run(AbstractConnector.java:601)
        at org.eclipse.jetty.util.thread.QueuedThreadPool.runJob(QueuedThreadPool.java:671)
        at org.eclipse.jetty.util.thread.QueuedThreadPool$2.run(QueuedThreadPool.java:589)
        at java.lang.Thread.run(Thread.java:748)
"StateMachineUpdater:fbcfeba4-c65e-402f-8e8d-7e30531dec82:group-D12DA0922E45" daemon prio=5 tid=1633 in Object.wait()
java.lang.Thread.State: WAITING (on object monitor)
        at java.lang.Object.wait(Native Method)
        at java.lang.Object.wait(Object.java:502)
        at org.apache.ratis.server.impl.StateMachineUpdater.waitForCommit(StateMachineUpdater.java:180)
        at org.apache.ratis.server.impl.StateMachineUpdater.run(StateMachineUpdater.java:138)
        at java.lang.Thread.run(Thread.java:748)
"pool-174-thread-25"  prio=5 tid=1264 in Object.wait()
java.lang.Thread.State: WAITING (on object monitor)
        at sun.misc.Unsafe.park(Native Method)
        at java.util.concurrent.locks.LockSupport.park(LockSupport.java:175)
        at java.util.concurrent.locks.AbstractQueuedSynchronizer$ConditionObject.await(AbstractQueuedSynchronizer.java:2039)
        at java.util.concurrent.ArrayBlockingQueue.take(ArrayBlockingQueue.java:403)
        at java.util.concurrent.ThreadPoolExecutor.getTask(ThreadPoolExecutor.java:1074)
        at java.util.concurrent.ThreadPoolExecutor.runWorker(ThreadPoolExecutor.java:1134)
        at java.util.concurrent.ThreadPoolExecutor$Worker.run(ThreadPoolExecutor.java:624)
        at java.lang.Thread.run(Thread.java:748)
"qtp302256620-1191" daemon prio=5 tid=1191 timed_waiting
java.lang.Thread.State: TIMED_WAITING
        at sun.misc.Unsafe.park(Native Method)
        at java.util.concurrent.locks.LockSupport.parkNanos(LockSupport.java:215)
        at java.util.concurrent.locks.AbstractQueuedSynchronizer$ConditionObject.awaitNanos(AbstractQueuedSynchronizer.java:2078)
        at org.eclipse.jetty.util.BlockingArrayQueue.poll(BlockingArrayQueue.java:392)
        at org.eclipse.jetty.util.thread.QueuedThreadPool.idleJobPoll(QueuedThreadPool.java:563)
        at org.eclipse.jetty.util.thread.QueuedThreadPool.access$800(QueuedThreadPool.java:48)
        at org.eclipse.jetty.util.thread.QueuedThreadPool$2.run(QueuedThreadPool.java:626)
        at java.lang.Thread.run(Thread.java:748)
"IPC Server handler 5 on 42412" daemon prio=5 tid=969 timed_waiting
java.lang.Thread.State: TIMED_WAITING
        at sun.misc.Unsafe.park(Native Method)
        at java.util.concurrent.locks.LockSupport.parkNanos(LockSupport.java:215)
        at java.util.concurrent.locks.AbstractQueuedSynchronizer$ConditionObject.awaitNanos(AbstractQueuedSynchronizer.java:2078)
        at java.util.concurrent.LinkedBlockingQueue.poll(LinkedBlockingQueue.java:467)
        at org.apache.hadoop.ipc.CallQueueManager.take(CallQueueManager.java:288)
        at org.apache.hadoop.ipc.Server$Handler.run(Server.java:2668)
"pool-279-thread-28"  prio=5 tid=1568 in Object.wait()
java.lang.Thread.State: WAITING (on object monitor)
        at sun.misc.Unsafe.park(Native Method)
        at java.util.concurrent.locks.LockSupport.park(LockSupport.java:175)
        at java.util.concurrent.locks.AbstractQueuedSynchronizer$ConditionObject.await(AbstractQueuedSynchronizer.java:2039)
        at java.util.concurrent.ArrayBlockingQueue.take(ArrayBlockingQueue.java:403)
        at java.util.concurrent.ThreadPoolExecutor.getTask(ThreadPoolExecutor.java:1074)
        at java.util.concurrent.ThreadPoolExecutor.runWorker(ThreadPoolExecutor.java:1134)
        at java.util.concurrent.ThreadPoolExecutor$Worker.run(ThreadPoolExecutor.java:624)
        at java.lang.Thread.run(Thread.java:748)
"pool-216-thread-50"  prio=5 tid=1410 in Object.wait()
java.lang.Thread.State: WAITING (on object monitor)
        at sun.misc.Unsafe.park(Native Method)
        at java.util.concurrent.locks.LockSupport.park(LockSupport.java:175)
        at java.util.concurrent.locks.AbstractQueuedSynchronizer$ConditionObject.await(AbstractQueuedSynchronizer.java:2039)
        at java.util.concurrent.ArrayBlockingQueue.take(ArrayBlockingQueue.java:403)
        at java.util.concurrent.ThreadPoolExecutor.getTask(ThreadPoolExecutor.java:1074)
        at java.util.concurrent.ThreadPoolExecutor.runWorker(ThreadPoolExecutor.java:1134)
        at java.util.concurrent.ThreadPoolExecutor$Worker.run(ThreadPoolExecutor.java:624)
        at java.lang.Thread.run(Thread.java:748)
"refreshUsed-/tmp/workdir/hadoop-ozone/integration-test/target/test-dir/MiniOzoneClusterImpl-d6a8514b-9f5a-4ec7-be91-cc3589120d34/datanode-5/data/containers" daemon prio=5 tid=1212 timed_waiting
java.lang.Thread.State: TIMED_WAITING
        at java.lang.Thread.sleep(Native Method)
        at org.apache.hadoop.fs.CachingGetSpaceUsed$RefreshThread.run(CachingGetSpaceUsed.java:179)
        at java.lang.Thread.run(Thread.java:748)
"pool-258-thread-1"  prio=5 tid=1481 in Object.wait()
java.lang.Thread.State: WAITING (on object monitor)
        at sun.misc.Unsafe.park(Native Method)
        at java.util.concurrent.locks.LockSupport.park(LockSupport.java:175)
        at java.util.concurrent.locks.AbstractQueuedSynchronizer$ConditionObject.await(AbstractQueuedSynchronizer.java:2039)
        at java.util.concurrent.ArrayBlockingQueue.take(ArrayBlockingQueue.java:403)
        at java.util.concurrent.ThreadPoolExecutor.getTask(ThreadPoolExecutor.java:1074)
        at java.util.concurrent.ThreadPoolExecutor.runWorker(ThreadPoolExecutor.java:1134)
        at java.util.concurrent.ThreadPoolExecutor$Worker.run(ThreadPoolExecutor.java:624)
        at java.lang.Thread.run(Thread.java:748)
"Datanode ReportManager Thread - 0" daemon prio=5 tid=1142 in Object.wait()
java.lang.Thread.State: WAITING (on object monitor)
        at sun.misc.Unsafe.park(Native Method)
        at java.util.concurrent.locks.LockSupport.park(LockSupport.java:175)
        at java.util.concurrent.locks.AbstractQueuedSynchronizer$ConditionObject.await(AbstractQueuedSynchronizer.java:2039)
        at java.util.concurrent.ScheduledThreadPoolExecutor$DelayedWorkQueue.take(ScheduledThreadPoolExecutor.java:1088)
        at java.util.concurrent.ScheduledThreadPoolExecutor$DelayedWorkQueue.take(ScheduledThreadPoolExecutor.java:809)
        at java.util.concurrent.ThreadPoolExecutor.getTask(ThreadPoolExecutor.java:1074)
        at java.util.concurrent.ThreadPoolExecutor.runWorker(ThreadPoolExecutor.java:1134)
        at java.util.concurrent.ThreadPoolExecutor$Worker.run(ThreadPoolExecutor.java:624)
        at java.lang.Thread.run(Thread.java:748)
"Timer-1" daemon prio=5 tid=148 timed_waiting
java.lang.Thread.State: TIMED_WAITING
        at java.lang.Object.wait(Native Method)
        at java.util.TimerThread.mainLoop(Timer.java:552)
        at java.util.TimerThread.run(Timer.java:505)
"pool-237-thread-50"  prio=5 tid=1470 in Object.wait()
java.lang.Thread.State: WAITING (on object monitor)
        at sun.misc.Unsafe.park(Native Method)
        at java.util.concurrent.locks.LockSupport.park(LockSupport.java:175)
        at java.util.concurrent.locks.AbstractQueuedSynchronizer$ConditionObject.await(AbstractQueuedSynchronizer.java:2039)
        at java.util.concurrent.ArrayBlockingQueue.take(ArrayBlockingQueue.java:403)
        at java.util.concurrent.ThreadPoolExecutor.getTask(ThreadPoolExecutor.java:1074)
        at java.util.concurrent.ThreadPoolExecutor.runWorker(ThreadPoolExecutor.java:1134)
        at java.util.concurrent.ThreadPoolExecutor$Worker.run(ThreadPoolExecutor.java:624)
        at java.lang.Thread.run(Thread.java:748)
"pool-174-thread-34"  prio=5 tid=1273 in Object.wait()
java.lang.Thread.State: WAITING (on object monitor)
        at sun.misc.Unsafe.park(Native Method)
        at java.util.concurrent.locks.LockSupport.park(LockSupport.java:175)
        at java.util.concurrent.locks.AbstractQueuedSynchronizer$ConditionObject.await(AbstractQueuedSynchronizer.java:2039)
        at java.util.concurrent.ArrayBlockingQueue.take(ArrayBlockingQueue.java:403)
        at java.util.concurrent.ThreadPoolExecutor.getTask(ThreadPoolExecutor.java:1074)
        at java.util.concurrent.ThreadPoolExecutor.runWorker(ThreadPoolExecutor.java:1134)
        at java.util.concurrent.ThreadPoolExecutor$Worker.run(ThreadPoolExecutor.java:624)
        at java.lang.Thread.run(Thread.java:748)
"BlockDeletingService#1" daemon prio=5 tid=1217 timed_waiting
java.lang.Thread.State: TIMED_WAITING
        at sun.misc.Unsafe.park(Native Method)
        at java.util.concurrent.locks.LockSupport.parkNanos(LockSupport.java:215)
        at java.util.concurrent.locks.AbstractQueuedSynchronizer$ConditionObject.awaitNanos(AbstractQueuedSynchronizer.java:2078)
        at java.util.concurrent.ScheduledThreadPoolExecutor$DelayedWorkQueue.take(ScheduledThreadPoolExecutor.java:1093)
        at java.util.concurrent.ScheduledThreadPoolExecutor$DelayedWorkQueue.take(ScheduledThreadPoolExecutor.java:809)
        at java.util.concurrent.ThreadPoolExecutor.getTask(ThreadPoolExecutor.java:1074)
        at java.util.concurrent.ThreadPoolExecutor.runWorker(ThreadPoolExecutor.java:1134)
        at java.util.concurrent.ThreadPoolExecutor$Worker.run(ThreadPoolExecutor.java:624)
        at java.lang.Thread.run(Thread.java:748)
"StateMachineUpdater:48c40916-4df4-43f1-8da9-aa837bc1a9b2:group-C50E1CE1A3CA" daemon prio=5 tid=1647 in Object.wait()
java.lang.Thread.State: WAITING (on object monitor)
        at java.lang.Object.wait(Native Method)
        at java.lang.Object.wait(Object.java:502)
        at org.apache.ratis.server.impl.StateMachineUpdater.waitForCommit(StateMachineUpdater.java:180)
        at org.apache.ratis.server.impl.StateMachineUpdater.run(StateMachineUpdater.java:138)
        at java.lang.Thread.run(Thread.java:748)
"pool-237-thread-51"  prio=5 tid=1471 in Object.wait()
java.lang.Thread.State: WAITING (on object monitor)
        at sun.misc.Unsafe.park(Native Method)
        at java.util.concurrent.locks.LockSupport.park(LockSupport.java:175)
        at java.util.concurrent.locks.AbstractQueuedSynchronizer$ConditionObject.await(AbstractQueuedSynchronizer.java:2039)
        at java.util.concurrent.ArrayBlockingQueue.take(ArrayBlockingQueue.java:403)
        at java.util.concurrent.ThreadPoolExecutor.getTask(ThreadPoolExecutor.java:1074)
        at java.util.concurrent.ThreadPoolExecutor.runWorker(ThreadPoolExecutor.java:1134)
        at java.util.concurrent.ThreadPoolExecutor$Worker.run(ThreadPoolExecutor.java:624)
        at java.lang.Thread.run(Thread.java:748)
"pool-216-thread-21"  prio=5 tid=1381 in Object.wait()
java.lang.Thread.State: WAITING (on object monitor)
        at sun.misc.Unsafe.park(Native Method)
        at java.util.concurrent.locks.LockSupport.park(LockSupport.java:175)
        at java.util.concurrent.locks.AbstractQueuedSynchronizer$ConditionObject.await(AbstractQueuedSynchronizer.java:2039)
        at java.util.concurrent.ArrayBlockingQueue.take(ArrayBlockingQueue.java:403)
        at java.util.concurrent.ThreadPoolExecutor.getTask(ThreadPoolExecutor.java:1074)
        at java.util.concurrent.ThreadPoolExecutor.runWorker(ThreadPoolExecutor.java:1134)
        at java.util.concurrent.ThreadPoolExecutor$Worker.run(ThreadPoolExecutor.java:624)
        at java.lang.Thread.run(Thread.java:748)
"pool-195-thread-45"  prio=5 tid=1345 in Object.wait()
java.lang.Thread.State: WAITING (on object monitor)
        at sun.misc.Unsafe.park(Native Method)
        at java.util.concurrent.locks.LockSupport.park(LockSupport.java:175)
        at java.util.concurrent.locks.AbstractQueuedSynchronizer$ConditionObject.await(AbstractQueuedSynchronizer.java:2039)
        at java.util.concurrent.ArrayBlockingQueue.take(ArrayBlockingQueue.java:403)
        at java.util.concurrent.ThreadPoolExecutor.getTask(ThreadPoolExecutor.java:1074)
        at java.util.concurrent.ThreadPoolExecutor.runWorker(ThreadPoolExecutor.java:1134)
        at java.util.concurrent.ThreadPoolExecutor$Worker.run(ThreadPoolExecutor.java:624)
        at java.lang.Thread.run(Thread.java:748)
"pool-279-thread-42"  prio=5 tid=1582 in Object.wait()
java.lang.Thread.State: WAITING (on object monitor)
        at sun.misc.Unsafe.park(Native Method)
        at java.util.concurrent.locks.LockSupport.park(LockSupport.java:175)
        at java.util.concurrent.locks.AbstractQueuedSynchronizer$ConditionObject.await(AbstractQueuedSynchronizer.java:2039)
        at java.util.concurrent.ArrayBlockingQueue.take(ArrayBlockingQueue.java:403)
        at java.util.concurrent.ThreadPoolExecutor.getTask(ThreadPoolExecutor.java:1074)
        at java.util.concurrent.ThreadPoolExecutor.runWorker(ThreadPoolExecutor.java:1134)
        at java.util.concurrent.ThreadPoolExecutor$Worker.run(ThreadPoolExecutor.java:624)
        at java.lang.Thread.run(Thread.java:748)
"pool-174-thread-13"  prio=5 tid=1252 in Object.wait()
java.lang.Thread.State: WAITING (on object monitor)
        at sun.misc.Unsafe.park(Native Method)
        at java.util.concurrent.locks.LockSupport.park(LockSupport.java:175)
        at java.util.concurrent.locks.AbstractQueuedSynchronizer$ConditionObject.await(AbstractQueuedSynchronizer.java:2039)
        at java.util.concurrent.ArrayBlockingQueue.take(ArrayBlockingQueue.java:403)
        at java.util.concurrent.ThreadPoolExecutor.getTask(ThreadPoolExecutor.java:1074)
        at java.util.concurrent.ThreadPoolExecutor.runWorker(ThreadPoolExecutor.java:1134)
        at java.util.concurrent.ThreadPoolExecutor$Worker.run(ThreadPoolExecutor.java:624)
        at java.lang.Thread.run(Thread.java:748)
"Periodic HDDS volume checker"  prio=5 tid=1089 timed_waiting
java.lang.Thread.State: TIMED_WAITING
        at sun.misc.Unsafe.park(Native Method)
        at java.util.concurrent.locks.LockSupport.parkNanos(LockSupport.java:215)
        at java.util.concurrent.locks.AbstractQueuedSynchronizer$ConditionObject.awaitNanos(AbstractQueuedSynchronizer.java:2078)
        at java.util.concurrent.ScheduledThreadPoolExecutor$DelayedWorkQueue.take(ScheduledThreadPoolExecutor.java:1093)
        at java.util.concurrent.ScheduledThreadPoolExecutor$DelayedWorkQueue.take(ScheduledThreadPoolExecutor.java:809)
        at java.util.concurrent.ThreadPoolExecutor.getTask(ThreadPoolExecutor.java:1074)
        at java.util.concurrent.ThreadPoolExecutor.runWorker(ThreadPoolExecutor.java:1134)
        at java.util.concurrent.ThreadPoolExecutor$Worker.run(ThreadPoolExecutor.java:624)
        at java.lang.Thread.run(Thread.java:748)
"pool-195-thread-23"  prio=5 tid=1323 in Object.wait()
java.lang.Thread.State: WAITING (on object monitor)
        at sun.misc.Unsafe.park(Native Method)
        at java.util.concurrent.locks.LockSupport.park(LockSupport.java:175)
        at java.util.concurrent.locks.AbstractQueuedSynchronizer$ConditionObject.await(AbstractQueuedSynchronizer.java:2039)
        at java.util.concurrent.ArrayBlockingQueue.take(ArrayBlockingQueue.java:403)
        at java.util.concurrent.ThreadPoolExecutor.getTask(ThreadPoolExecutor.java:1074)
        at java.util.concurrent.ThreadPoolExecutor.runWorker(ThreadPoolExecutor.java:1134)
        at java.util.concurrent.ThreadPoolExecutor$Worker.run(ThreadPoolExecutor.java:624)
        at java.lang.Thread.run(Thread.java:748)
"StateMachineUpdater:9e9398c9-c564-45b1-aca3-844f60de829e:group-2CAFED4AB0A3" daemon prio=5 tid=1656 in Object.wait()
java.lang.Thread.State: WAITING (on object monitor)
        at java.lang.Object.wait(Native Method)
        at java.lang.Object.wait(Object.java:502)
        at org.apache.ratis.server.impl.StateMachineUpdater.waitForCommit(StateMachineUpdater.java:180)
        at org.apache.ratis.server.impl.StateMachineUpdater.run(StateMachineUpdater.java:138)
        at java.lang.Thread.run(Thread.java:748)
"pool-174-thread-10"  prio=5 tid=1249 in Object.wait()
java.lang.Thread.State: WAITING (on object monitor)
        at sun.misc.Unsafe.park(Native Method)
        at java.util.concurrent.locks.LockSupport.park(LockSupport.java:175)
        at java.util.concurrent.locks.AbstractQueuedSynchronizer$ConditionObject.await(AbstractQueuedSynchronizer.java:2039)
        at java.util.concurrent.ArrayBlockingQueue.take(ArrayBlockingQueue.java:403)
        at java.util.concurrent.ThreadPoolExecutor.getTask(ThreadPoolExecutor.java:1074)
        at java.util.concurrent.ThreadPoolExecutor.runWorker(ThreadPoolExecutor.java:1134)
        at java.util.concurrent.ThreadPoolExecutor$Worker.run(ThreadPoolExecutor.java:624)
        at java.lang.Thread.run(Thread.java:748)
"pool-237-thread-47"  prio=5 tid=1467 in Object.wait()
java.lang.Thread.State: WAITING (on object monitor)
        at sun.misc.Unsafe.park(Native Method)
        at java.util.concurrent.locks.LockSupport.park(LockSupport.java:175)
        at java.util.concurrent.locks.AbstractQueuedSynchronizer$ConditionObject.await(AbstractQueuedSynchronizer.java:2039)
        at java.util.concurrent.ArrayBlockingQueue.take(ArrayBlockingQueue.java:403)
        at java.util.concurrent.ThreadPoolExecutor.getTask(ThreadPoolExecutor.java:1074)
        at java.util.concurrent.ThreadPoolExecutor.runWorker(ThreadPoolExecutor.java:1134)
        at java.util.concurrent.ThreadPoolExecutor$Worker.run(ThreadPoolExecutor.java:624)
        at java.lang.Thread.run(Thread.java:748)
"grpc-default-executor-6" daemon prio=5 tid=816 timed_waiting
java.lang.Thread.State: TIMED_WAITING
        at sun.misc.Unsafe.park(Native Method)
        at java.util.concurrent.locks.LockSupport.parkNanos(LockSupport.java:215)
        at java.util.concurrent.SynchronousQueue$TransferStack.awaitFulfill(SynchronousQueue.java:460)
        at java.util.concurrent.SynchronousQueue$TransferStack.transfer(SynchronousQueue.java:362)
        at java.util.concurrent.SynchronousQueue.poll(SynchronousQueue.java:941)
        at java.util.concurrent.ThreadPoolExecutor.getTask(ThreadPoolExecutor.java:1073)
        at java.util.concurrent.ThreadPoolExecutor.runWorker(ThreadPoolExecutor.java:1134)
        at java.util.concurrent.ThreadPoolExecutor$Worker.run(ThreadPoolExecutor.java:624)
        at java.lang.Thread.run(Thread.java:748)
"refreshUsed-/tmp/workdir/hadoop-ozone/integration-test/target/test-dir/MiniOzoneClusterImpl-d6a8514b-9f5a-4ec7-be91-cc3589120d34/datanode-0/data/containers" daemon prio=5 tid=1061 timed_waiting
java.lang.Thread.State: TIMED_WAITING
        at java.lang.Thread.sleep(Native Method)
        at org.apache.hadoop.fs.CachingGetSpaceUsed$RefreshThread.run(CachingGetSpaceUsed.java:179)
        at java.lang.Thread.run(Thread.java:748)
"org.eclipse.jetty.server.session.HashSessionManager@6c6928cTimer" daemon prio=5 tid=1055 timed_waiting
java.lang.Thread.State: TIMED_WAITING
        at sun.misc.Unsafe.park(Native Method)
        at java.util.concurrent.locks.LockSupport.parkNanos(LockSupport.java:215)
        at java.util.concurrent.locks.AbstractQueuedSynchronizer$ConditionObject.awaitNanos(AbstractQueuedSynchronizer.java:2078)
        at java.util.concurrent.ScheduledThreadPoolExecutor$DelayedWorkQueue.take(ScheduledThreadPoolExecutor.java:1093)
        at java.util.concurrent.ScheduledThreadPoolExecutor$DelayedWorkQueue.take(ScheduledThreadPoolExecutor.java:809)
        at java.util.concurrent.ThreadPoolExecutor.getTask(ThreadPoolExecutor.java:1074)
        at java.util.concurrent.ThreadPoolExecutor.runWorker(ThreadPoolExecutor.java:1134)
        at java.util.concurrent.ThreadPoolExecutor$Worker.run(ThreadPoolExecutor.java:624)
        at java.lang.Thread.run(Thread.java:748)
"pool-237-thread-31"  prio=5 tid=1451 in Object.wait()
java.lang.Thread.State: WAITING (on object monitor)
        at sun.misc.Unsafe.park(Native Method)
        at java.util.concurrent.locks.LockSupport.park(LockSupport.java:175)
        at java.util.concurrent.locks.AbstractQueuedSynchronizer$ConditionObject.await(AbstractQueuedSynchronizer.java:2039)
        at java.util.concurrent.ArrayBlockingQueue.take(ArrayBlockingQueue.java:403)
        at java.util.concurrent.ThreadPoolExecutor.getTask(ThreadPoolExecutor.java:1074)
        at java.util.concurrent.ThreadPoolExecutor.runWorker(ThreadPoolExecutor.java:1134)
        at java.util.concurrent.ThreadPoolExecutor$Worker.run(ThreadPoolExecutor.java:624)
        at java.lang.Thread.run(Thread.java:748)
"pool-216-thread-18"  prio=5 tid=1378 in Object.wait()
java.lang.Thread.State: WAITING (on object monitor)
        at sun.misc.Unsafe.park(Native Method)
        at java.util.concurrent.locks.LockSupport.park(LockSupport.java:175)
        at java.util.concurrent.locks.AbstractQueuedSynchronizer$ConditionObject.await(AbstractQueuedSynchronizer.java:2039)
        at java.util.concurrent.ArrayBlockingQueue.take(ArrayBlockingQueue.java:403)
        at java.util.concurrent.ThreadPoolExecutor.getTask(ThreadPoolExecutor.java:1074)
        at java.util.concurrent.ThreadPoolExecutor.runWorker(ThreadPoolExecutor.java:1134)
        at java.util.concurrent.ThreadPoolExecutor$Worker.run(ThreadPoolExecutor.java:624)
        at java.lang.Thread.run(Thread.java:748)
"IPC Server handler 18 on 35612" daemon prio=5 tid=962 timed_waiting
java.lang.Thread.State: TIMED_WAITING
        at sun.misc.Unsafe.park(Native Method)
        at java.util.concurrent.locks.LockSupport.parkNanos(LockSupport.java:215)
        at java.util.concurrent.locks.AbstractQueuedSynchronizer$ConditionObject.awaitNanos(AbstractQueuedSynchronizer.java:2078)
        at java.util.concurrent.LinkedBlockingQueue.poll(LinkedBlockingQueue.java:467)
        at org.apache.hadoop.ipc.CallQueueManager.take(CallQueueManager.java:288)
        at org.apache.hadoop.ipc.Server$Handler.run(Server.java:2668)
"Command processor thread" daemon prio=5 tid=1086 timed_waiting
java.lang.Thread.State: TIMED_WAITING
        at java.lang.Thread.sleep(Native Method)
        at org.apache.hadoop.ozone.container.common.statemachine.DatanodeStateMachine.lambda$initCommandHandlerThread$1(DatanodeStateMachine.java:439)
        at org.apache.hadoop.ozone.container.common.statemachine.DatanodeStateMachine$$Lambda$144/707418368.run(Unknown Source)
        at java.lang.Thread.run(Thread.java:748)
"pool-258-thread-33"  prio=5 tid=1513 in Object.wait()
java.lang.Thread.State: WAITING (on object monitor)
        at sun.misc.Unsafe.park(Native Method)
        at java.util.concurrent.locks.LockSupport.park(LockSupport.java:175)
        at java.util.concurrent.locks.AbstractQueuedSynchronizer$ConditionObject.await(AbstractQueuedSynchronizer.java:2039)
        at java.util.concurrent.ArrayBlockingQueue.take(ArrayBlockingQueue.java:403)
        at java.util.concurrent.ThreadPoolExecutor.getTask(ThreadPoolExecutor.java:1074)
        at java.util.concurrent.ThreadPoolExecutor.runWorker(ThreadPoolExecutor.java:1134)
        at java.util.concurrent.ThreadPoolExecutor$Worker.run(ThreadPoolExecutor.java:624)
        at java.lang.Thread.run(Thread.java:748)
"qtp43402513-1100-acceptor-0@6eba1258-ServerConnector@3b021664{HTTP/1.1,[http/1.1]}{0.0.0.0:40095}" daemon prio=3 tid=1100 runnable
java.lang.Thread.State: RUNNABLE
        at sun.nio.ch.ServerSocketChannelImpl.accept0(Native Method)
        at sun.nio.ch.ServerSocketChannelImpl.accept(ServerSocketChannelImpl.java:422)
        at sun.nio.ch.ServerSocketChannelImpl.accept(ServerSocketChannelImpl.java:250)
        at org.eclipse.jetty.server.ServerConnector.accept(ServerConnector.java:397)
        at org.eclipse.jetty.server.AbstractConnector$Acceptor.run(AbstractConnector.java:601)
        at org.eclipse.jetty.util.thread.QueuedThreadPool.runJob(QueuedThreadPool.java:671)
        at org.eclipse.jetty.util.thread.QueuedThreadPool$2.run(QueuedThreadPool.java:589)
        at java.lang.Thread.run(Thread.java:748)
"pool-282-thread-1"  prio=5 tid=1743 in Object.wait()
java.lang.Thread.State: WAITING (on object monitor)
        at sun.misc.Unsafe.park(Native Method)
        at java.util.concurrent.locks.LockSupport.park(LockSupport.java:175)
        at java.util.concurrent.locks.AbstractQueuedSynchronizer$ConditionObject.await(AbstractQueuedSynchronizer.java:2039)
        at java.util.concurrent.LinkedBlockingQueue.take(LinkedBlockingQueue.java:442)
        at java.util.concurrent.ThreadPoolExecutor.getTask(ThreadPoolExecutor.java:1074)
        at java.util.concurrent.ThreadPoolExecutor.runWorker(ThreadPoolExecutor.java:1134)
        at java.util.concurrent.ThreadPoolExecutor$Worker.run(ThreadPoolExecutor.java:624)
        at java.lang.Thread.run(Thread.java:748)
"java.util.concurrent.ThreadPoolExecutor$Worker@e120663[State = -1, empty queue]" daemon prio=5 tid=1725 timed_waiting
java.lang.Thread.State: TIMED_WAITING
        at sun.misc.Unsafe.park(Native Method)
        at java.util.concurrent.locks.LockSupport.parkNanos(LockSupport.java:215)
        at java.util.concurrent.locks.AbstractQueuedSynchronizer$ConditionObject.awaitNanos(AbstractQueuedSynchronizer.java:2078)
        at java.util.concurrent.ScheduledThreadPoolExecutor$DelayedWorkQueue.take(ScheduledThreadPoolExecutor.java:1093)
        at java.util.concurrent.ScheduledThreadPoolExecutor$DelayedWorkQueue.take(ScheduledThreadPoolExecutor.java:809)
        at java.util.concurrent.ThreadPoolExecutor.getTask(ThreadPoolExecutor.java:1074)
        at java.util.concurrent.ThreadPoolExecutor.runWorker(ThreadPoolExecutor.java:1134)
        at java.util.concurrent.ThreadPoolExecutor$Worker.run(ThreadPoolExecutor.java:624)
        at java.lang.Thread.run(Thread.java:748)
"pool-195-thread-42"  prio=5 tid=1342 in Object.wait()
java.lang.Thread.State: WAITING (on object monitor)
        at sun.misc.Unsafe.park(Native Method)
        at java.util.concurrent.locks.LockSupport.park(LockSupport.java:175)
        at java.util.concurrent.locks.AbstractQueuedSynchronizer$ConditionObject.await(AbstractQueuedSynchronizer.java:2039)
        at java.util.concurrent.ArrayBlockingQueue.take(ArrayBlockingQueue.java:403)
        at java.util.concurrent.ThreadPoolExecutor.getTask(ThreadPoolExecutor.java:1074)
        at java.util.concurrent.ThreadPoolExecutor.runWorker(ThreadPoolExecutor.java:1134)
        at java.util.concurrent.ThreadPoolExecutor$Worker.run(ThreadPoolExecutor.java:624)
        at java.lang.Thread.run(Thread.java:748)
"Datanode State Machine Thread - 0" daemon prio=5 tid=1201 timed_waiting
java.lang.Thread.State: TIMED_WAITING
        at java.lang.Thread.sleep(Native Method)
        at org.apache.hadoop.ozone.container.common.statemachine.DatanodeStateMachine.start(DatanodeStateMachine.java:191)
        at org.apache.hadoop.ozone.container.common.statemachine.DatanodeStateMachine.lambda$startDaemon$0(DatanodeStateMachine.java:349)
        at org.apache.hadoop.ozone.container.common.statemachine.DatanodeStateMachine$$Lambda$143/327170708.run(Unknown Source)
        at java.lang.Thread.run(Thread.java:748)
"pool-237-thread-17"  prio=5 tid=1437 in Object.wait()
java.lang.Thread.State: WAITING (on object monitor)
        at sun.misc.Unsafe.park(Native Method)
        at java.util.concurrent.locks.LockSupport.park(LockSupport.java:175)
        at java.util.concurrent.locks.AbstractQueuedSynchronizer$ConditionObject.await(AbstractQueuedSynchronizer.java:2039)
        at java.util.concurrent.ArrayBlockingQueue.take(ArrayBlockingQueue.java:403)
        at java.util.concurrent.ThreadPoolExecutor.getTask(ThreadPoolExecutor.java:1074)
        at java.util.concurrent.ThreadPoolExecutor.runWorker(ThreadPoolExecutor.java:1134)
        at java.util.concurrent.ThreadPoolExecutor$Worker.run(ThreadPoolExecutor.java:624)
        at java.lang.Thread.run(Thread.java:748)
"pool-216-thread-29"  prio=5 tid=1389 in Object.wait()
java.lang.Thread.State: WAITING (on object monitor)
        at sun.misc.Unsafe.park(Native Method)
        at java.util.concurrent.locks.LockSupport.park(LockSupport.java:175)
        at java.util.concurrent.locks.AbstractQueuedSynchronizer$ConditionObject.await(AbstractQueuedSynchronizer.java:2039)
        at java.util.concurrent.ArrayBlockingQueue.take(ArrayBlockingQueue.java:403)
        at java.util.concurrent.ThreadPoolExecutor.getTask(ThreadPoolExecutor.java:1074)
        at java.util.concurrent.ThreadPoolExecutor.runWorker(ThreadPoolExecutor.java:1134)
        at java.util.concurrent.ThreadPoolExecutor$Worker.run(ThreadPoolExecutor.java:624)
        at java.lang.Thread.run(Thread.java:748)
"pool-216-thread-10"  prio=5 tid=1370 in Object.wait()
java.lang.Thread.State: WAITING (on object monitor)
        at sun.misc.Unsafe.park(Native Method)
        at java.util.concurrent.locks.LockSupport.park(LockSupport.java:175)
        at java.util.concurrent.locks.AbstractQueuedSynchronizer$ConditionObject.await(AbstractQueuedSynchronizer.java:2039)
        at java.util.concurrent.ArrayBlockingQueue.take(ArrayBlockingQueue.java:403)
        at java.util.concurrent.ThreadPoolExecutor.getTask(ThreadPoolExecutor.java:1074)
        at java.util.concurrent.ThreadPoolExecutor.runWorker(ThreadPoolExecutor.java:1134)
        at java.util.concurrent.ThreadPoolExecutor$Worker.run(ThreadPoolExecutor.java:624)
        at java.lang.Thread.run(Thread.java:748)
"pool-210-thread-1"  prio=5 tid=1098 timed_waiting
java.lang.Thread.State: TIMED_WAITING
        at sun.misc.Unsafe.park(Native Method)
        at java.util.concurrent.locks.LockSupport.parkNanos(LockSupport.java:215)
        at java.util.concurrent.locks.AbstractQueuedSynchronizer$ConditionObject.awaitNanos(AbstractQueuedSynchronizer.java:2078)
        at java.util.concurrent.ScheduledThreadPoolExecutor$DelayedWorkQueue.take(ScheduledThreadPoolExecutor.java:1093)
        at java.util.concurrent.ScheduledThreadPoolExecutor$DelayedWorkQueue.take(ScheduledThreadPoolExecutor.java:809)
        at java.util.concurrent.ThreadPoolExecutor.getTask(ThreadPoolExecutor.java:1074)
        at java.util.concurrent.ThreadPoolExecutor.runWorker(ThreadPoolExecutor.java:1134)
        at java.util.concurrent.ThreadPoolExecutor$Worker.run(ThreadPoolExecutor.java:624)
        at java.lang.Thread.run(Thread.java:748)
"IPC Server handler 13 on 35612" daemon prio=5 tid=957 timed_waiting
java.lang.Thread.State: TIMED_WAITING
        at sun.misc.Unsafe.park(Native Method)
        at java.util.concurrent.locks.LockSupport.parkNanos(LockSupport.java:215)
        at java.util.concurrent.locks.AbstractQueuedSynchronizer$ConditionObject.awaitNanos(AbstractQueuedSynchronizer.java:2078)
        at java.util.concurrent.LinkedBlockingQueue.poll(LinkedBlockingQueue.java:467)
        at org.apache.hadoop.ipc.CallQueueManager.take(CallQueueManager.java:288)
        at org.apache.hadoop.ipc.Server$Handler.run(Server.java:2668)
"4dd65c2c-d780-47ac-bbfa-d53e8644b05a-SegmentedRaftLogWorker:Storage Directory /tmp/workdir/hadoop-ozone/integration-test/target/test-dir/MiniOzoneClusterImpl-d6a8514b-9f5a-4ec7-be91-cc3589120d34/datanode-1/data/ratis/e0f5f245-f45a-48c3-a468-d12da0922e45"  prio=5 tid=1628 timed_waiting
java.lang.Thread.State: TIMED_WAITING
        at sun.misc.Unsafe.park(Native Method)
        at java.util.concurrent.locks.LockSupport.parkNanos(LockSupport.java:215)
        at java.util.concurrent.locks.AbstractQueuedSynchronizer$ConditionObject.awaitNanos(AbstractQueuedSynchronizer.java:2078)
        at org.apache.ratis.util.DataBlockingQueue.poll(DataBlockingQueue.java:137)
        at org.apache.ratis.server.raftlog.segmented.SegmentedRaftLogWorker.run(SegmentedRaftLogWorker.java:283)
        at java.lang.Thread.run(Thread.java:748)
"9235e096-bad2-4ddc-afaa-1e7edc12c7d5-SegmentedRaftLogWorker:Storage Directory /tmp/workdir/hadoop-ozone/integration-test/target/test-dir/MiniOzoneClusterImpl-d6a8514b-9f5a-4ec7-be91-cc3589120d34/datanode-3/data/ratis/73945dfa-6090-4c95-a060-3c262b468671"  prio=5 tid=1641 timed_waiting
java.lang.Thread.State: TIMED_WAITING
        at sun.misc.Unsafe.park(Native Method)
        at java.util.concurrent.locks.LockSupport.parkNanos(LockSupport.java:215)
        at java.util.concurrent.locks.AbstractQueuedSynchronizer$ConditionObject.awaitNanos(AbstractQueuedSynchronizer.java:2078)
        at org.apache.ratis.util.DataBlockingQueue.poll(DataBlockingQueue.java:137)
        at org.apache.ratis.server.raftlog.segmented.SegmentedRaftLogWorker.run(SegmentedRaftLogWorker.java:283)
        at java.lang.Thread.run(Thread.java:748)
"pool-279-thread-14"  prio=5 tid=1554 in Object.wait()
java.lang.Thread.State: WAITING (on object monitor)
        at sun.misc.Unsafe.park(Native Method)
        at java.util.concurrent.locks.LockSupport.park(LockSupport.java:175)
        at java.util.concurrent.locks.AbstractQueuedSynchronizer$ConditionObject.await(AbstractQueuedSynchronizer.java:2039)
        at java.util.concurrent.ArrayBlockingQueue.take(ArrayBlockingQueue.java:403)
        at java.util.concurrent.ThreadPoolExecutor.getTask(ThreadPoolExecutor.java:1074)
        at java.util.concurrent.ThreadPoolExecutor.runWorker(ThreadPoolExecutor.java:1134)
        at java.util.concurrent.ThreadPoolExecutor$Worker.run(ThreadPoolExecutor.java:624)
        at java.lang.Thread.run(Thread.java:748)
"qtp1814361629-1166" daemon prio=5 tid=1166 timed_waiting
java.lang.Thread.State: TIMED_WAITING
        at sun.misc.Unsafe.park(Native Method)
        at java.util.concurrent.locks.LockSupport.parkNanos(LockSupport.java:215)
        at java.util.concurrent.locks.AbstractQueuedSynchronizer$ConditionObject.awaitNanos(AbstractQueuedSynchronizer.java:2078)
        at org.eclipse.jetty.util.BlockingArrayQueue.poll(BlockingArrayQueue.java:392)
        at org.eclipse.jetty.util.thread.QueuedThreadPool.idleJobPoll(QueuedThreadPool.java:563)
        at org.eclipse.jetty.util.thread.QueuedThreadPool.access$800(QueuedThreadPool.java:48)
        at org.eclipse.jetty.util.thread.QueuedThreadPool$2.run(QueuedThreadPool.java:626)
        at java.lang.Thread.run(Thread.java:748)
"pool-279-thread-24"  prio=5 tid=1564 in Object.wait()
java.lang.Thread.State: WAITING (on object monitor)
        at sun.misc.Unsafe.park(Native Method)
        at java.util.concurrent.locks.LockSupport.park(LockSupport.java:175)
        at java.util.concurrent.locks.AbstractQueuedSynchronizer$ConditionObject.await(AbstractQueuedSynchronizer.java:2039)
        at java.util.concurrent.ArrayBlockingQueue.take(ArrayBlockingQueue.java:403)
        at java.util.concurrent.ThreadPoolExecutor.getTask(ThreadPoolExecutor.java:1074)
        at java.util.concurrent.ThreadPoolExecutor.runWorker(ThreadPoolExecutor.java:1134)
        at java.util.concurrent.ThreadPoolExecutor$Worker.run(ThreadPoolExecutor.java:624)
        at java.lang.Thread.run(Thread.java:748)
"pool-258-thread-22"  prio=5 tid=1502 in Object.wait()
java.lang.Thread.State: WAITING (on object monitor)
        at sun.misc.Unsafe.park(Native Method)
        at java.util.concurrent.locks.LockSupport.park(LockSupport.java:175)
        at java.util.concurrent.locks.AbstractQueuedSynchronizer$ConditionObject.await(AbstractQueuedSynchronizer.java:2039)
        at java.util.concurrent.ArrayBlockingQueue.take(ArrayBlockingQueue.java:403)
        at java.util.concurrent.ThreadPoolExecutor.getTask(ThreadPoolExecutor.java:1074)
        at java.util.concurrent.ThreadPoolExecutor.runWorker(ThreadPoolExecutor.java:1134)
        at java.util.concurrent.ThreadPoolExecutor$Worker.run(ThreadPoolExecutor.java:624)
        at java.lang.Thread.run(Thread.java:748)
"org.eclipse.jetty.server.session.HashSessionManager@4d0e1a9aTimer" daemon prio=5 tid=1077 timed_waiting
java.lang.Thread.State: TIMED_WAITING
        at sun.misc.Unsafe.park(Native Method)
        at java.util.concurrent.locks.LockSupport.parkNanos(LockSupport.java:215)
        at java.util.concurrent.locks.AbstractQueuedSynchronizer$ConditionObject.awaitNanos(AbstractQueuedSynchronizer.java:2078)
        at java.util.concurrent.ScheduledThreadPoolExecutor$DelayedWorkQueue.take(ScheduledThreadPoolExecutor.java:1093)
        at java.util.concurrent.ScheduledThreadPoolExecutor$DelayedWorkQueue.take(ScheduledThreadPoolExecutor.java:809)
        at java.util.concurrent.ThreadPoolExecutor.getTask(ThreadPoolExecutor.java:1074)
        at java.util.concurrent.ThreadPoolExecutor.runWorker(ThreadPoolExecutor.java:1134)
        at java.util.concurrent.ThreadPoolExecutor$Worker.run(ThreadPoolExecutor.java:624)
        at java.lang.Thread.run(Thread.java:748)
"IPC Server handler 19 on 36683" daemon prio=5 tid=1045 timed_waiting
java.lang.Thread.State: TIMED_WAITING
        at sun.misc.Unsafe.park(Native Method)
        at java.util.concurrent.locks.LockSupport.parkNanos(LockSupport.java:215)
        at java.util.concurrent.locks.AbstractQueuedSynchronizer$ConditionObject.awaitNanos(AbstractQueuedSynchronizer.java:2078)
        at java.util.concurrent.LinkedBlockingQueue.poll(LinkedBlockingQueue.java:467)
        at org.apache.hadoop.ipc.CallQueueManager.take(CallQueueManager.java:288)
        at org.apache.hadoop.ipc.Server$Handler.run(Server.java:2668)
"pool-258-thread-28"  prio=5 tid=1508 in Object.wait()
java.lang.Thread.State: WAITING (on object monitor)
        at sun.misc.Unsafe.park(Native Method)
        at java.util.concurrent.locks.LockSupport.park(LockSupport.java:175)
        at java.util.concurrent.locks.AbstractQueuedSynchronizer$ConditionObject.await(AbstractQueuedSynchronizer.java:2039)
        at java.util.concurrent.ArrayBlockingQueue.take(ArrayBlockingQueue.java:403)
        at java.util.concurrent.ThreadPoolExecutor.getTask(ThreadPoolExecutor.java:1074)
        at java.util.concurrent.ThreadPoolExecutor.runWorker(ThreadPoolExecutor.java:1134)
        at java.util.concurrent.ThreadPoolExecutor$Worker.run(ThreadPoolExecutor.java:624)
        at java.lang.Thread.run(Thread.java:748)
"pool-216-thread-30"  prio=5 tid=1390 in Object.wait()
java.lang.Thread.State: WAITING (on object monitor)
        at sun.misc.Unsafe.park(Native Method)
        at java.util.concurrent.locks.LockSupport.park(LockSupport.java:175)
        at java.util.concurrent.locks.AbstractQueuedSynchronizer$ConditionObject.await(AbstractQueuedSynchronizer.java:2039)
        at java.util.concurrent.ArrayBlockingQueue.take(ArrayBlockingQueue.java:403)
        at java.util.concurrent.ThreadPoolExecutor.getTask(ThreadPoolExecutor.java:1074)
        at java.util.concurrent.ThreadPoolExecutor.runWorker(ThreadPoolExecutor.java:1134)
        at java.util.concurrent.ThreadPoolExecutor$Worker.run(ThreadPoolExecutor.java:624)
        at java.lang.Thread.run(Thread.java:748)
"Datanode ReportManager Thread - 1" daemon prio=5 tid=1173 in Object.wait()
java.lang.Thread.State: WAITING (on object monitor)
        at sun.misc.Unsafe.park(Native Method)
        at java.util.concurrent.locks.LockSupport.park(LockSupport.java:175)
        at java.util.concurrent.locks.AbstractQueuedSynchronizer$ConditionObject.await(AbstractQueuedSynchronizer.java:2039)
        at java.util.concurrent.ScheduledThreadPoolExecutor$DelayedWorkQueue.take(ScheduledThreadPoolExecutor.java:1088)
        at java.util.concurrent.ScheduledThreadPoolExecutor$DelayedWorkQueue.take(ScheduledThreadPoolExecutor.java:809)
        at java.util.concurrent.ThreadPoolExecutor.getTask(ThreadPoolExecutor.java:1074)
        at java.util.concurrent.ThreadPoolExecutor.runWorker(ThreadPoolExecutor.java:1134)
        at java.util.concurrent.ThreadPoolExecutor$Worker.run(ThreadPoolExecutor.java:624)
        at java.lang.Thread.run(Thread.java:748)
"IPC Server handler 12 on 36683" daemon prio=5 tid=1038 timed_waiting
java.lang.Thread.State: TIMED_WAITING
        at sun.misc.Unsafe.park(Native Method)
        at java.util.concurrent.locks.LockSupport.parkNanos(LockSupport.java:215)
        at java.util.concurrent.locks.AbstractQueuedSynchronizer$ConditionObject.awaitNanos(AbstractQueuedSynchronizer.java:2078)
        at java.util.concurrent.LinkedBlockingQueue.poll(LinkedBlockingQueue.java:467)
        at org.apache.hadoop.ipc.CallQueueManager.take(CallQueueManager.java:288)
        at org.apache.hadoop.ipc.Server$Handler.run(Server.java:2668)
"pool-237-thread-1"  prio=5 tid=1421 in Object.wait()
java.lang.Thread.State: WAITING (on object monitor)
        at sun.misc.Unsafe.park(Native Method)
        at java.util.concurrent.locks.LockSupport.park(LockSupport.java:175)
        at java.util.concurrent.locks.AbstractQueuedSynchronizer$ConditionObject.await(AbstractQueuedSynchronizer.java:2039)
        at java.util.concurrent.ArrayBlockingQueue.take(ArrayBlockingQueue.java:403)
        at java.util.concurrent.ThreadPoolExecutor.getTask(ThreadPoolExecutor.java:1074)
        at java.util.concurrent.ThreadPoolExecutor.runWorker(ThreadPoolExecutor.java:1134)
        at java.util.concurrent.ThreadPoolExecutor$Worker.run(ThreadPoolExecutor.java:624)
        at java.lang.Thread.run(Thread.java:748)
"Thread-714" daemon prio=5 tid=1719 timed_waiting
java.lang.Thread.State: TIMED_WAITING
        at sun.misc.Unsafe.park(Native Method)
        at java.util.concurrent.locks.LockSupport.parkNanos(LockSupport.java:215)
        at java.util.concurrent.locks.AbstractQueuedSynchronizer$ConditionObject.awaitNanos(AbstractQueuedSynchronizer.java:2078)
        at java.util.concurrent.ArrayBlockingQueue.poll(ArrayBlockingQueue.java:418)
        at org.apache.ratis.server.impl.LeaderState$EventQueue.poll(LeaderState.java:114)
        at org.apache.ratis.server.impl.LeaderState$EventProcessor.run(LeaderState.java:451)
"pool-216-thread-2"  prio=5 tid=1362 in Object.wait()
java.lang.Thread.State: WAITING (on object monitor)
        at sun.misc.Unsafe.park(Native Method)
        at java.util.concurrent.locks.LockSupport.park(LockSupport.java:175)
        at java.util.concurrent.locks.AbstractQueuedSynchronizer$ConditionObject.await(AbstractQueuedSynchronizer.java:2039)
        at java.util.concurrent.ArrayBlockingQueue.take(ArrayBlockingQueue.java:403)
        at java.util.concurrent.ThreadPoolExecutor.getTask(ThreadPoolExecutor.java:1074)
        at java.util.concurrent.ThreadPoolExecutor.runWorker(ThreadPoolExecutor.java:1134)
        at java.util.concurrent.ThreadPoolExecutor$Worker.run(ThreadPoolExecutor.java:624)
        at java.lang.Thread.run(Thread.java:748)
"nioEventLoopGroup-2-1"  prio=10 tid=171 runnable
java.lang.Thread.State: RUNNABLE
        at sun.nio.ch.EPollArrayWrapper.epollWait(Native Method)
        at sun.nio.ch.EPollArrayWrapper.poll(EPollArrayWrapper.java:269)
        at sun.nio.ch.EPollSelectorImpl.doSelect(EPollSelectorImpl.java:93)
        at sun.nio.ch.SelectorImpl.lockAndDoSelect(SelectorImpl.java:86)
        at sun.nio.ch.SelectorImpl.select(SelectorImpl.java:97)
        at io.netty.channel.nio.SelectedSelectionKeySetSelector.select(SelectedSelectionKeySetSelector.java:62)
        at io.netty.channel.nio.NioEventLoop.select(NioEventLoop.java:753)
        at io.netty.channel.nio.NioEventLoop.run(NioEventLoop.java:408)
        at io.netty.util.concurrent.SingleThreadEventExecutor$5.run(SingleThreadEventExecutor.java:897)
        at io.netty.util.concurrent.FastThreadLocalRunnable.run(FastThreadLocalRunnable.java:30)
        at java.lang.Thread.run(Thread.java:748)
"IPC Server handler 0 on 35612" daemon prio=5 tid=944 timed_waiting
java.lang.Thread.State: TIMED_WAITING
        at sun.misc.Unsafe.park(Native Method)
        at java.util.concurrent.locks.LockSupport.parkNanos(LockSupport.java:215)
        at java.util.concurrent.locks.AbstractQueuedSynchronizer$ConditionObject.awaitNanos(AbstractQueuedSynchronizer.java:2078)
        at java.util.concurrent.LinkedBlockingQueue.poll(LinkedBlockingQueue.java:467)
        at org.apache.hadoop.ipc.CallQueueManager.take(CallQueueManager.java:288)
        at org.apache.hadoop.ipc.Server$Handler.run(Server.java:2668)
"EventQueue-NewNodeForNewNodeHandler" daemon prio=5 tid=1601 in Object.wait()
java.lang.Thread.State: WAITING (on object monitor)
        at sun.misc.Unsafe.park(Native Method)
        at java.util.concurrent.locks.LockSupport.park(LockSupport.java:175)
        at java.util.concurrent.locks.AbstractQueuedSynchronizer$ConditionObject.await(AbstractQueuedSynchronizer.java:2039)
        at java.util.concurrent.LinkedBlockingQueue.take(LinkedBlockingQueue.java:442)
        at java.util.concurrent.ThreadPoolExecutor.getTask(ThreadPoolExecutor.java:1074)
        at java.util.concurrent.ThreadPoolExecutor.runWorker(ThreadPoolExecutor.java:1134)
        at java.util.concurrent.ThreadPoolExecutor$Worker.run(ThreadPoolExecutor.java:624)
        at java.lang.Thread.run(Thread.java:748)
"Datanode State Machine Thread - 0" daemon prio=5 tid=1120 timed_waiting
java.lang.Thread.State: TIMED_WAITING
        at sun.misc.Unsafe.park(Native Method)
        at java.util.concurrent.locks.LockSupport.parkNanos(LockSupport.java:215)
        at java.util.concurrent.SynchronousQueue$TransferStack.awaitFulfill(SynchronousQueue.java:460)
        at java.util.concurrent.SynchronousQueue$TransferStack.transfer(SynchronousQueue.java:362)
        at java.util.concurrent.SynchronousQueue.poll(SynchronousQueue.java:941)
        at java.util.concurrent.ThreadPoolExecutor.getTask(ThreadPoolExecutor.java:1073)
        at java.util.concurrent.ThreadPoolExecutor.runWorker(ThreadPoolExecutor.java:1134)
        at java.util.concurrent.ThreadPoolExecutor$Worker.run(ThreadPoolExecutor.java:624)
        at java.lang.Thread.run(Thread.java:748)
"pool-195-thread-2"  prio=5 tid=1302 in Object.wait()
java.lang.Thread.State: WAITING (on object monitor)
        at sun.misc.Unsafe.park(Native Method)
        at java.util.concurrent.locks.LockSupport.park(LockSupport.java:175)
        at java.util.concurrent.locks.AbstractQueuedSynchronizer$ConditionObject.await(AbstractQueuedSynchronizer.java:2039)
        at java.util.concurrent.ArrayBlockingQueue.take(ArrayBlockingQueue.java:403)
        at java.util.concurrent.ThreadPoolExecutor.getTask(ThreadPoolExecutor.java:1074)
        at java.util.concurrent.ThreadPoolExecutor.runWorker(ThreadPoolExecutor.java:1134)
        at java.util.concurrent.ThreadPoolExecutor$Worker.run(ThreadPoolExecutor.java:624)
        at java.lang.Thread.run(Thread.java:748)
"pool-279-thread-51"  prio=5 tid=1591 in Object.wait()
java.lang.Thread.State: WAITING (on object monitor)
        at sun.misc.Unsafe.park(Native Method)
        at java.util.concurrent.locks.LockSupport.park(LockSupport.java:175)
        at java.util.concurrent.locks.AbstractQueuedSynchronizer$ConditionObject.await(AbstractQueuedSynchronizer.java:2039)
        at java.util.concurrent.ArrayBlockingQueue.take(ArrayBlockingQueue.java:403)
        at java.util.concurrent.ThreadPoolExecutor.getTask(ThreadPoolExecutor.java:1074)
        at java.util.concurrent.ThreadPoolExecutor.runWorker(ThreadPoolExecutor.java:1134)
        at java.util.concurrent.ThreadPoolExecutor$Worker.run(ThreadPoolExecutor.java:624)
        at java.lang.Thread.run(Thread.java:748)
"KeyDeletingService#1" daemon prio=5 tid=1024 in Object.wait()
java.lang.Thread.State: WAITING (on object monitor)
        at sun.misc.Unsafe.park(Native Method)
        at java.util.concurrent.locks.LockSupport.park(LockSupport.java:175)
        at java.util.concurrent.locks.AbstractQueuedSynchronizer$ConditionObject.await(AbstractQueuedSynchronizer.java:2039)
        at java.util.concurrent.ScheduledThreadPoolExecutor$DelayedWorkQueue.take(ScheduledThreadPoolExecutor.java:1088)
        at java.util.concurrent.ScheduledThreadPoolExecutor$DelayedWorkQueue.take(ScheduledThreadPoolExecutor.java:809)
        at java.util.concurrent.ThreadPoolExecutor.getTask(ThreadPoolExecutor.java:1074)
        at java.util.concurrent.ThreadPoolExecutor.runWorker(ThreadPoolExecutor.java:1134)
        at java.util.concurrent.ThreadPoolExecutor$Worker.run(ThreadPoolExecutor.java:624)
        at java.lang.Thread.run(Thread.java:748)
"BlockDeletingService#0" daemon prio=5 tid=1065 in Object.wait()
java.lang.Thread.State: WAITING (on object monitor)
        at sun.misc.Unsafe.park(Native Method)
        at java.util.concurrent.locks.LockSupport.park(LockSupport.java:175)
        at java.util.concurrent.locks.AbstractQueuedSynchronizer$ConditionObject.await(AbstractQueuedSynchronizer.java:2039)
        at java.util.concurrent.ScheduledThreadPoolExecutor$DelayedWorkQueue.take(ScheduledThreadPoolExecutor.java:1088)
        at java.util.concurrent.ScheduledThreadPoolExecutor$DelayedWorkQueue.take(ScheduledThreadPoolExecutor.java:809)
        at java.util.concurrent.ThreadPoolExecutor.getTask(ThreadPoolExecutor.java:1074)
        at java.util.concurrent.ThreadPoolExecutor.runWorker(ThreadPoolExecutor.java:1134)
        at java.util.concurrent.ThreadPoolExecutor$Worker.run(ThreadPoolExecutor.java:624)
        at java.lang.Thread.run(Thread.java:748)
"pool-195-thread-41"  prio=5 tid=1341 in Object.wait()
java.lang.Thread.State: WAITING (on object monitor)
        at sun.misc.Unsafe.park(Native Method)
        at java.util.concurrent.locks.LockSupport.park(LockSupport.java:175)
        at java.util.concurrent.locks.AbstractQueuedSynchronizer$ConditionObject.await(AbstractQueuedSynchronizer.java:2039)
        at java.util.concurrent.ArrayBlockingQueue.take(ArrayBlockingQueue.java:403)
        at java.util.concurrent.ThreadPoolExecutor.getTask(ThreadPoolExecutor.java:1074)
        at java.util.concurrent.ThreadPoolExecutor.runWorker(ThreadPoolExecutor.java:1134)
        at java.util.concurrent.ThreadPoolExecutor$Worker.run(ThreadPoolExecutor.java:624)
        at java.lang.Thread.run(Thread.java:748)
"pool-174-thread-48"  prio=5 tid=1287 in Object.wait()
java.lang.Thread.State: WAITING (on object monitor)
        at sun.misc.Unsafe.park(Native Method)
        at java.util.concurrent.locks.LockSupport.park(LockSupport.java:175)
        at java.util.concurrent.locks.AbstractQueuedSynchronizer$ConditionObject.await(AbstractQueuedSynchronizer.java:2039)
        at java.util.concurrent.ArrayBlockingQueue.take(ArrayBlockingQueue.java:403)
        at java.util.concurrent.ThreadPoolExecutor.getTask(ThreadPoolExecutor.java:1074)
        at java.util.concurrent.ThreadPoolExecutor.runWorker(ThreadPoolExecutor.java:1134)
        at java.util.concurrent.ThreadPoolExecutor$Worker.run(ThreadPoolExecutor.java:624)
        at java.lang.Thread.run(Thread.java:748)
"pool-195-thread-52"  prio=5 tid=1352 in Object.wait()
java.lang.Thread.State: WAITING (on object monitor)
        at sun.misc.Unsafe.park(Native Method)
        at java.util.concurrent.locks.LockSupport.park(LockSupport.java:175)
        at java.util.concurrent.locks.AbstractQueuedSynchronizer$ConditionObject.await(AbstractQueuedSynchronizer.java:2039)
        at java.util.concurrent.ArrayBlockingQueue.take(ArrayBlockingQueue.java:403)
        at java.util.concurrent.ThreadPoolExecutor.getTask(ThreadPoolExecutor.java:1074)
        at java.util.concurrent.ThreadPoolExecutor.runWorker(ThreadPoolExecutor.java:1134)
        at java.util.concurrent.ThreadPoolExecutor$Worker.run(ThreadPoolExecutor.java:624)
        at java.lang.Thread.run(Thread.java:748)
"Datanode State Machine Thread - 0" daemon prio=5 tid=1111 timed_waiting
java.lang.Thread.State: TIMED_WAITING
        at java.lang.Thread.sleep(Native Method)
        at org.apache.hadoop.ozone.container.common.statemachine.DatanodeStateMachine.start(DatanodeStateMachine.java:191)
        at org.apache.hadoop.ozone.container.common.statemachine.DatanodeStateMachine.lambda$startDaemon$0(DatanodeStateMachine.java:349)
        at org.apache.hadoop.ozone.container.common.statemachine.DatanodeStateMachine$$Lambda$143/327170708.run(Unknown Source)
        at java.lang.Thread.run(Thread.java:748)
"pool-258-thread-10"  prio=5 tid=1490 in Object.wait()
java.lang.Thread.State: WAITING (on object monitor)
        at sun.misc.Unsafe.park(Native Method)
        at java.util.concurrent.locks.LockSupport.park(LockSupport.java:175)
        at java.util.concurrent.locks.AbstractQueuedSynchronizer$ConditionObject.await(AbstractQueuedSynchronizer.java:2039)
        at java.util.concurrent.ArrayBlockingQueue.take(ArrayBlockingQueue.java:403)
        at java.util.concurrent.ThreadPoolExecutor.getTask(ThreadPoolExecutor.java:1074)
        at java.util.concurrent.ThreadPoolExecutor.runWorker(ThreadPoolExecutor.java:1134)
        at java.util.concurrent.ThreadPoolExecutor$Worker.run(ThreadPoolExecutor.java:624)
        at java.lang.Thread.run(Thread.java:748)
"pool-174-thread-50"  prio=5 tid=1289 in Object.wait()
java.lang.Thread.State: WAITING (on object monitor)
        at sun.misc.Unsafe.park(Native Method)
        at java.util.concurrent.locks.LockSupport.park(LockSupport.java:175)
        at java.util.concurrent.locks.AbstractQueuedSynchronizer$ConditionObject.await(AbstractQueuedSynchronizer.java:2039)
        at java.util.concurrent.ArrayBlockingQueue.take(ArrayBlockingQueue.java:403)
        at java.util.concurrent.ThreadPoolExecutor.getTask(ThreadPoolExecutor.java:1074)
        at java.util.concurrent.ThreadPoolExecutor.runWorker(ThreadPoolExecutor.java:1134)
        at java.util.concurrent.ThreadPoolExecutor$Worker.run(ThreadPoolExecutor.java:624)
        at java.lang.Thread.run(Thread.java:748)
"qtp302256620-1193" daemon prio=5 tid=1193 timed_waiting
java.lang.Thread.State: TIMED_WAITING
        at sun.misc.Unsafe.park(Native Method)
        at java.util.concurrent.locks.LockSupport.parkNanos(LockSupport.java:215)
        at java.util.concurrent.locks.AbstractQueuedSynchronizer$ConditionObject.awaitNanos(AbstractQueuedSynchronizer.java:2078)
        at org.eclipse.jetty.util.BlockingArrayQueue.poll(BlockingArrayQueue.java:392)
        at org.eclipse.jetty.util.thread.QueuedThreadPool.idleJobPoll(QueuedThreadPool.java:563)
        at org.eclipse.jetty.util.thread.QueuedThreadPool.access$800(QueuedThreadPool.java:48)
        at org.eclipse.jetty.util.thread.QueuedThreadPool$2.run(QueuedThreadPool.java:626)
        at java.lang.Thread.run(Thread.java:748)
"pool-216-thread-16"  prio=5 tid=1376 in Object.wait()
java.lang.Thread.State: WAITING (on object monitor)
        at sun.misc.Unsafe.park(Native Method)
        at java.util.concurrent.locks.LockSupport.park(LockSupport.java:175)
        at java.util.concurrent.locks.AbstractQueuedSynchronizer$ConditionObject.await(AbstractQueuedSynchronizer.java:2039)
        at java.util.concurrent.ArrayBlockingQueue.take(ArrayBlockingQueue.java:403)
        at java.util.concurrent.ThreadPoolExecutor.getTask(ThreadPoolExecutor.java:1074)
        at java.util.concurrent.ThreadPoolExecutor.runWorker(ThreadPoolExecutor.java:1134)
        at java.util.concurrent.ThreadPoolExecutor$Worker.run(ThreadPoolExecutor.java:624)
        at java.lang.Thread.run(Thread.java:748)
"IPC Server handler 2 on 35612" daemon prio=5 tid=946 timed_waiting
java.lang.Thread.State: TIMED_WAITING
        at sun.misc.Unsafe.park(Native Method)
        at java.util.concurrent.locks.LockSupport.parkNanos(LockSupport.java:215)
        at java.util.concurrent.locks.AbstractQueuedSynchronizer$ConditionObject.awaitNanos(AbstractQueuedSynchronizer.java:2078)
        at java.util.concurrent.LinkedBlockingQueue.poll(LinkedBlockingQueue.java:467)
        at org.apache.hadoop.ipc.CallQueueManager.take(CallQueueManager.java:288)
        at org.apache.hadoop.ipc.Server$Handler.run(Server.java:2668)
"pool-237-thread-42"  prio=5 tid=1462 in Object.wait()
java.lang.Thread.State: WAITING (on object monitor)
        at sun.misc.Unsafe.park(Native Method)
        at java.util.concurrent.locks.LockSupport.park(LockSupport.java:175)
        at java.util.concurrent.locks.AbstractQueuedSynchronizer$ConditionObject.await(AbstractQueuedSynchronizer.java:2039)
        at java.util.concurrent.ArrayBlockingQueue.take(ArrayBlockingQueue.java:403)
        at java.util.concurrent.ThreadPoolExecutor.getTask(ThreadPoolExecutor.java:1074)
        at java.util.concurrent.ThreadPoolExecutor.runWorker(ThreadPoolExecutor.java:1134)
        at java.util.concurrent.ThreadPoolExecutor$Worker.run(ThreadPoolExecutor.java:624)
        at java.lang.Thread.run(Thread.java:748)
"pool-216-thread-46"  prio=5 tid=1406 in Object.wait()
java.lang.Thread.State: WAITING (on object monitor)
        at sun.misc.Unsafe.park(Native Method)
        at java.util.concurrent.locks.LockSupport.park(LockSupport.java:175)
        at java.util.concurrent.locks.AbstractQueuedSynchronizer$ConditionObject.await(AbstractQueuedSynchronizer.java:2039)
        at java.util.concurrent.ArrayBlockingQueue.take(ArrayBlockingQueue.java:403)
        at java.util.concurrent.ThreadPoolExecutor.getTask(ThreadPoolExecutor.java:1074)
        at java.util.concurrent.ThreadPoolExecutor.runWorker(ThreadPoolExecutor.java:1134)
        at java.util.concurrent.ThreadPoolExecutor$Worker.run(ThreadPoolExecutor.java:624)
        at java.lang.Thread.run(Thread.java:748)
"pool-195-thread-51"  prio=5 tid=1351 in Object.wait()
java.lang.Thread.State: WAITING (on object monitor)
        at sun.misc.Unsafe.park(Native Method)
        at java.util.concurrent.locks.LockSupport.park(LockSupport.java:175)
        at java.util.concurrent.locks.AbstractQueuedSynchronizer$ConditionObject.await(AbstractQueuedSynchronizer.java:2039)
        at java.util.concurrent.ArrayBlockingQueue.take(ArrayBlockingQueue.java:403)
        at java.util.concurrent.ThreadPoolExecutor.getTask(ThreadPoolExecutor.java:1074)
        at java.util.concurrent.ThreadPoolExecutor.runWorker(ThreadPoolExecutor.java:1134)
        at java.util.concurrent.ThreadPoolExecutor$Worker.run(ThreadPoolExecutor.java:624)
        at java.lang.Thread.run(Thread.java:748)
"StateMachineUpdater:482e7165-fe12-46cd-a701-6952c6a65481:group-113666E17B52" daemon prio=5 tid=1623 in Object.wait()
java.lang.Thread.State: WAITING (on object monitor)
        at java.lang.Object.wait(Native Method)
        at java.lang.Object.wait(Object.java:502)
        at org.apache.ratis.server.impl.StateMachineUpdater.waitForCommit(StateMachineUpdater.java:180)
        at org.apache.ratis.server.impl.StateMachineUpdater.run(StateMachineUpdater.java:138)
        at java.lang.Thread.run(Thread.java:748)
"pool-258-thread-46"  prio=5 tid=1526 in Object.wait()
java.lang.Thread.State: WAITING (on object monitor)
        at sun.misc.Unsafe.park(Native Method)
        at java.util.concurrent.locks.LockSupport.park(LockSupport.java:175)
        at java.util.concurrent.locks.AbstractQueuedSynchronizer$ConditionObject.await(AbstractQueuedSynchronizer.java:2039)
        at java.util.concurrent.ArrayBlockingQueue.take(ArrayBlockingQueue.java:403)
        at java.util.concurrent.ThreadPoolExecutor.getTask(ThreadPoolExecutor.java:1074)
        at java.util.concurrent.ThreadPoolExecutor.runWorker(ThreadPoolExecutor.java:1134)
        at java.util.concurrent.ThreadPoolExecutor$Worker.run(ThreadPoolExecutor.java:624)
        at java.lang.Thread.run(Thread.java:748)
"org.apache.hadoop.util.JvmPauseMonitor$Monitor@4546042c" daemon prio=5 tid=1088 timed_waiting
java.lang.Thread.State: TIMED_WAITING
        at java.lang.Thread.sleep(Native Method)
        at org.apache.hadoop.util.JvmPauseMonitor$Monitor.run(JvmPauseMonitor.java:192)
        at java.lang.Thread.run(Thread.java:748)
"IPC Server handler 1 on 35612" daemon prio=5 tid=945 timed_waiting
java.lang.Thread.State: TIMED_WAITING
        at sun.misc.Unsafe.park(Native Method)
        at java.util.concurrent.locks.LockSupport.parkNanos(LockSupport.java:215)
        at java.util.concurrent.locks.AbstractQueuedSynchronizer$ConditionObject.awaitNanos(AbstractQueuedSynchronizer.java:2078)
        at java.util.concurrent.LinkedBlockingQueue.poll(LinkedBlockingQueue.java:467)
        at org.apache.hadoop.ipc.CallQueueManager.take(CallQueueManager.java:288)
        at org.apache.hadoop.ipc.Server$Handler.run(Server.java:2668)
"pool-252-thread-1"  prio=5 tid=1158 timed_waiting
java.lang.Thread.State: TIMED_WAITING
        at sun.misc.Unsafe.park(Native Method)
        at java.util.concurrent.locks.LockSupport.parkNanos(LockSupport.java:215)
        at java.util.concurrent.locks.AbstractQueuedSynchronizer$ConditionObject.awaitNanos(AbstractQueuedSynchronizer.java:2078)
        at java.util.concurrent.ScheduledThreadPoolExecutor$DelayedWorkQueue.take(ScheduledThreadPoolExecutor.java:1093)
        at java.util.concurrent.ScheduledThreadPoolExecutor$DelayedWorkQueue.take(ScheduledThreadPoolExecutor.java:809)
        at java.util.concurrent.ThreadPoolExecutor.getTask(ThreadPoolExecutor.java:1074)
        at java.util.concurrent.ThreadPoolExecutor.runWorker(ThreadPoolExecutor.java:1134)
        at java.util.concurrent.ThreadPoolExecutor$Worker.run(ThreadPoolExecutor.java:624)
        at java.lang.Thread.run(Thread.java:748)
"pool-258-thread-57"  prio=5 tid=1537 in Object.wait()
java.lang.Thread.State: WAITING (on object monitor)
        at sun.misc.Unsafe.park(Native Method)
        at java.util.concurrent.locks.LockSupport.park(LockSupport.java:175)
        at java.util.concurrent.locks.AbstractQueuedSynchronizer$ConditionObject.await(AbstractQueuedSynchronizer.java:2039)
        at java.util.concurrent.ArrayBlockingQueue.take(ArrayBlockingQueue.java:403)
        at java.util.concurrent.ThreadPoolExecutor.getTask(ThreadPoolExecutor.java:1074)
        at java.util.concurrent.ThreadPoolExecutor.runWorker(ThreadPoolExecutor.java:1134)
        at java.util.concurrent.ThreadPoolExecutor$Worker.run(ThreadPoolExecutor.java:624)
        at java.lang.Thread.run(Thread.java:748)
"IPC Server idle connection scanner for port 42412" daemon prio=5 tid=935 timed_waiting
java.lang.Thread.State: TIMED_WAITING
        at java.lang.Object.wait(Native Method)
        at java.util.TimerThread.mainLoop(Timer.java:552)
        at java.util.TimerThread.run(Timer.java:505)
"IPC Server handler 3 on 42412" daemon prio=5 tid=967 timed_waiting
java.lang.Thread.State: TIMED_WAITING
        at sun.misc.Unsafe.park(Native Method)
        at java.util.concurrent.locks.LockSupport.parkNanos(LockSupport.java:215)
        at java.util.concurrent.locks.AbstractQueuedSynchronizer$ConditionObject.awaitNanos(AbstractQueuedSynchronizer.java:2078)
        at java.util.concurrent.LinkedBlockingQueue.poll(LinkedBlockingQueue.java:467)
        at org.apache.hadoop.ipc.CallQueueManager.take(CallQueueManager.java:288)
        at org.apache.hadoop.ipc.Server$Handler.run(Server.java:2668)
"pool-258-thread-18"  prio=5 tid=1498 in Object.wait()
java.lang.Thread.State: WAITING (on object monitor)
        at sun.misc.Unsafe.park(Native Method)
        at java.util.concurrent.locks.LockSupport.park(LockSupport.java:175)
        at java.util.concurrent.locks.AbstractQueuedSynchronizer$ConditionObject.await(AbstractQueuedSynchronizer.java:2039)
        at java.util.concurrent.ArrayBlockingQueue.take(ArrayBlockingQueue.java:403)
        at java.util.concurrent.ThreadPoolExecutor.getTask(ThreadPoolExecutor.java:1074)
        at java.util.concurrent.ThreadPoolExecutor.runWorker(ThreadPoolExecutor.java:1134)
        at java.util.concurrent.ThreadPoolExecutor$Worker.run(ThreadPoolExecutor.java:624)
        at java.lang.Thread.run(Thread.java:748)
"pool-216-thread-55"  prio=5 tid=1415 in Object.wait()
java.lang.Thread.State: WAITING (on object monitor)
        at sun.misc.Unsafe.park(Native Method)
        at java.util.concurrent.locks.LockSupport.park(LockSupport.java:175)
        at java.util.concurrent.locks.AbstractQueuedSynchronizer$ConditionObject.await(AbstractQueuedSynchronizer.java:2039)
        at java.util.concurrent.ArrayBlockingQueue.take(ArrayBlockingQueue.java:403)
        at java.util.concurrent.ThreadPoolExecutor.getTask(ThreadPoolExecutor.java:1074)
        at java.util.concurrent.ThreadPoolExecutor.runWorker(ThreadPoolExecutor.java:1134)
        at java.util.concurrent.ThreadPoolExecutor$Worker.run(ThreadPoolExecutor.java:624)
        at java.lang.Thread.run(Thread.java:748)
"pool-258-thread-34"  prio=5 tid=1514 in Object.wait()
java.lang.Thread.State: WAITING (on object monitor)
        at sun.misc.Unsafe.park(Native Method)
        at java.util.concurrent.locks.LockSupport.park(LockSupport.java:175)
        at java.util.concurrent.locks.AbstractQueuedSynchronizer$ConditionObject.await(AbstractQueuedSynchronizer.java:2039)
        at java.util.concurrent.ArrayBlockingQueue.take(ArrayBlockingQueue.java:403)
        at java.util.concurrent.ThreadPoolExecutor.getTask(ThreadPoolExecutor.java:1074)
        at java.util.concurrent.ThreadPoolExecutor.runWorker(ThreadPoolExecutor.java:1134)
        at java.util.concurrent.ThreadPoolExecutor$Worker.run(ThreadPoolExecutor.java:624)
        at java.lang.Thread.run(Thread.java:748)
"pool-174-thread-27"  prio=5 tid=1266 in Object.wait()
java.lang.Thread.State: WAITING (on object monitor)
        at sun.misc.Unsafe.park(Native Method)
        at java.util.concurrent.locks.LockSupport.park(LockSupport.java:175)
        at java.util.concurrent.locks.AbstractQueuedSynchronizer$ConditionObject.await(AbstractQueuedSynchronizer.java:2039)
        at java.util.concurrent.ArrayBlockingQueue.take(ArrayBlockingQueue.java:403)
        at java.util.concurrent.ThreadPoolExecutor.getTask(ThreadPoolExecutor.java:1074)
        at java.util.concurrent.ThreadPoolExecutor.runWorker(ThreadPoolExecutor.java:1134)
        at java.util.concurrent.ThreadPoolExecutor$Worker.run(ThreadPoolExecutor.java:624)
        at java.lang.Thread.run(Thread.java:748)
"IPC Server handler 10 on 42412" daemon prio=5 tid=974 timed_waiting
java.lang.Thread.State: TIMED_WAITING
        at sun.misc.Unsafe.park(Native Method)
        at java.util.concurrent.locks.LockSupport.parkNanos(LockSupport.java:215)
        at java.util.concurrent.locks.AbstractQueuedSynchronizer$ConditionObject.awaitNanos(AbstractQueuedSynchronizer.java:2078)
        at java.util.concurrent.LinkedBlockingQueue.poll(LinkedBlockingQueue.java:467)
        at org.apache.hadoop.ipc.CallQueueManager.take(CallQueueManager.java:288)
        at org.apache.hadoop.ipc.Server$Handler.run(Server.java:2668)
"org.eclipse.jetty.server.session.HashSessionManager@2a667f44Timer" daemon prio=5 tid=1167 timed_waiting
java.lang.Thread.State: TIMED_WAITING
        at sun.misc.Unsafe.park(Native Method)
        at java.util.concurrent.locks.LockSupport.parkNanos(LockSupport.java:215)
        at java.util.concurrent.locks.AbstractQueuedSynchronizer$ConditionObject.awaitNanos(AbstractQueuedSynchronizer.java:2078)
        at java.util.concurrent.ScheduledThreadPoolExecutor$DelayedWorkQueue.take(ScheduledThreadPoolExecutor.java:1093)
        at java.util.concurrent.ScheduledThreadPoolExecutor$DelayedWorkQueue.take(ScheduledThreadPoolExecutor.java:809)
        at java.util.concurrent.ThreadPoolExecutor.getTask(ThreadPoolExecutor.java:1074)
        at java.util.concurrent.ThreadPoolExecutor.runWorker(ThreadPoolExecutor.java:1134)
        at java.util.concurrent.ThreadPoolExecutor$Worker.run(ThreadPoolExecutor.java:624)
        at java.lang.Thread.run(Thread.java:748)
"org.apache.ratis.server.impl.LogAppender$AppenderDaemon$$Lambda$519/1176991522@66144828" daemon prio=5 tid=1696 timed_waiting
java.lang.Thread.State: TIMED_WAITING
        at java.lang.Object.wait(Native Method)
        at org.apache.ratis.grpc.server.GrpcLogAppender.mayWait(GrpcLogAppender.java:141)
        at org.apache.ratis.grpc.server.GrpcLogAppender.runAppenderImpl(GrpcLogAppender.java:95)
        at org.apache.ratis.server.impl.LogAppender$AppenderDaemon.run(LogAppender.java:80)
        at org.apache.ratis.server.impl.LogAppender$AppenderDaemon$$Lambda$519/1176991522.run(Unknown Source)
        at java.lang.Thread.run(Thread.java:748)
"pool-237-thread-46"  prio=5 tid=1466 in Object.wait()
java.lang.Thread.State: WAITING (on object monitor)
        at sun.misc.Unsafe.park(Native Method)
        at java.util.concurrent.locks.LockSupport.park(LockSupport.java:175)
        at java.util.concurrent.locks.AbstractQueuedSynchronizer$ConditionObject.await(AbstractQueuedSynchronizer.java:2039)
        at java.util.concurrent.ArrayBlockingQueue.take(ArrayBlockingQueue.java:403)
        at java.util.concurrent.ThreadPoolExecutor.getTask(ThreadPoolExecutor.java:1074)
        at java.util.concurrent.ThreadPoolExecutor.runWorker(ThreadPoolExecutor.java:1134)
        at java.util.concurrent.ThreadPoolExecutor$Worker.run(ThreadPoolExecutor.java:624)
        at java.lang.Thread.run(Thread.java:748)
"pool-279-thread-41"  prio=5 tid=1581 in Object.wait()
java.lang.Thread.State: WAITING (on object monitor)
        at sun.misc.Unsafe.park(Native Method)
        at java.util.concurrent.locks.LockSupport.park(LockSupport.java:175)
        at java.util.concurrent.locks.AbstractQueuedSynchronizer$ConditionObject.await(AbstractQueuedSynchronizer.java:2039)
        at java.util.concurrent.ArrayBlockingQueue.take(ArrayBlockingQueue.java:403)
        at java.util.concurrent.ThreadPoolExecutor.getTask(ThreadPoolExecutor.java:1074)
        at java.util.concurrent.ThreadPoolExecutor.runWorker(ThreadPoolExecutor.java:1134)
        at java.util.concurrent.ThreadPoolExecutor$Worker.run(ThreadPoolExecutor.java:624)
        at java.lang.Thread.run(Thread.java:748)
"pool-237-thread-21"  prio=5 tid=1441 in Object.wait()
java.lang.Thread.State: WAITING (on object monitor)
        at sun.misc.Unsafe.park(Native Method)
        at java.util.concurrent.locks.LockSupport.park(LockSupport.java:175)
        at java.util.concurrent.locks.AbstractQueuedSynchronizer$ConditionObject.await(AbstractQueuedSynchronizer.java:2039)
        at java.util.concurrent.ArrayBlockingQueue.take(ArrayBlockingQueue.java:403)
        at java.util.concurrent.ThreadPoolExecutor.getTask(ThreadPoolExecutor.java:1074)
        at java.util.concurrent.ThreadPoolExecutor.runWorker(ThreadPoolExecutor.java:1134)
        at java.util.concurrent.ThreadPoolExecutor$Worker.run(ThreadPoolExecutor.java:624)
        at java.lang.Thread.run(Thread.java:748)
"pool-195-thread-17"  prio=5 tid=1317 in Object.wait()
java.lang.Thread.State: WAITING (on object monitor)
        at sun.misc.Unsafe.park(Native Method)
        at java.util.concurrent.locks.LockSupport.park(LockSupport.java:175)
        at java.util.concurrent.locks.AbstractQueuedSynchronizer$ConditionObject.await(AbstractQueuedSynchronizer.java:2039)
        at java.util.concurrent.ArrayBlockingQueue.take(ArrayBlockingQueue.java:403)
        at java.util.concurrent.ThreadPoolExecutor.getTask(ThreadPoolExecutor.java:1074)
        at java.util.concurrent.ThreadPoolExecutor.runWorker(ThreadPoolExecutor.java:1134)
        at java.util.concurrent.ThreadPoolExecutor$Worker.run(ThreadPoolExecutor.java:624)
        at java.lang.Thread.run(Thread.java:748)
"pool-174-thread-51"  prio=5 tid=1290 in Object.wait()
java.lang.Thread.State: WAITING (on object monitor)
        at sun.misc.Unsafe.park(Native Method)
        at java.util.concurrent.locks.LockSupport.park(LockSupport.java:175)
        at java.util.concurrent.locks.AbstractQueuedSynchronizer$ConditionObject.await(AbstractQueuedSynchronizer.java:2039)
        at java.util.concurrent.ArrayBlockingQueue.take(ArrayBlockingQueue.java:403)
        at java.util.concurrent.ThreadPoolExecutor.getTask(ThreadPoolExecutor.java:1074)
        at java.util.concurrent.ThreadPoolExecutor.runWorker(ThreadPoolExecutor.java:1134)
        at java.util.concurrent.ThreadPoolExecutor$Worker.run(ThreadPoolExecutor.java:624)
        at java.lang.Thread.run(Thread.java:748)
"pool-174-thread-31"  prio=5 tid=1270 in Object.wait()
java.lang.Thread.State: WAITING (on object monitor)
        at sun.misc.Unsafe.park(Native Method)
        at java.util.concurrent.locks.LockSupport.park(LockSupport.java:175)
        at java.util.concurrent.locks.AbstractQueuedSynchronizer$ConditionObject.await(AbstractQueuedSynchronizer.java:2039)
        at java.util.concurrent.ArrayBlockingQueue.take(ArrayBlockingQueue.java:403)
        at java.util.concurrent.ThreadPoolExecutor.getTask(ThreadPoolExecutor.java:1074)
        at java.util.concurrent.ThreadPoolExecutor.runWorker(ThreadPoolExecutor.java:1134)
        at java.util.concurrent.ThreadPoolExecutor$Worker.run(ThreadPoolExecutor.java:624)
        at java.lang.Thread.run(Thread.java:748)
"org.eclipse.jetty.server.session.HashSessionManager@7996d0d4Timer" daemon prio=5 tid=1107 timed_waiting
java.lang.Thread.State: TIMED_WAITING
        at sun.misc.Unsafe.park(Native Method)
        at java.util.concurrent.locks.LockSupport.parkNanos(LockSupport.java:215)
        at java.util.concurrent.locks.AbstractQueuedSynchronizer$ConditionObject.awaitNanos(AbstractQueuedSynchronizer.java:2078)
        at java.util.concurrent.ScheduledThreadPoolExecutor$DelayedWorkQueue.take(ScheduledThreadPoolExecutor.java:1093)
        at java.util.concurrent.ScheduledThreadPoolExecutor$DelayedWorkQueue.take(ScheduledThreadPoolExecutor.java:809)
        at java.util.concurrent.ThreadPoolExecutor.getTask(ThreadPoolExecutor.java:1074)
        at java.util.concurrent.ThreadPoolExecutor.runWorker(ThreadPoolExecutor.java:1134)
        at java.util.concurrent.ThreadPoolExecutor$Worker.run(ThreadPoolExecutor.java:624)
        at java.lang.Thread.run(Thread.java:748)
"IPC Server handler 12 on 36272" daemon prio=5 tid=996 timed_waiting
java.lang.Thread.State: TIMED_WAITING
        at sun.misc.Unsafe.park(Native Method)
        at java.util.concurrent.locks.LockSupport.parkNanos(LockSupport.java:215)
        at java.util.concurrent.locks.AbstractQueuedSynchronizer$ConditionObject.awaitNanos(AbstractQueuedSynchronizer.java:2078)
        at java.util.concurrent.LinkedBlockingQueue.poll(LinkedBlockingQueue.java:467)
        at org.apache.hadoop.ipc.CallQueueManager.take(CallQueueManager.java:288)
        at org.apache.hadoop.ipc.Server$Handler.run(Server.java:2668)
"pool-174-thread-8"  prio=5 tid=1247 in Object.wait()
java.lang.Thread.State: WAITING (on object monitor)
        at sun.misc.Unsafe.park(Native Method)
        at java.util.concurrent.locks.LockSupport.park(LockSupport.java:175)
        at java.util.concurrent.locks.AbstractQueuedSynchronizer$ConditionObject.await(AbstractQueuedSynchronizer.java:2039)
        at java.util.concurrent.ArrayBlockingQueue.take(ArrayBlockingQueue.java:403)
        at java.util.concurrent.ThreadPoolExecutor.getTask(ThreadPoolExecutor.java:1074)
        at java.util.concurrent.ThreadPoolExecutor.runWorker(ThreadPoolExecutor.java:1134)
        at java.util.concurrent.ThreadPoolExecutor$Worker.run(ThreadPoolExecutor.java:624)
        at java.lang.Thread.run(Thread.java:748)
"pool-174-thread-4"  prio=5 tid=1243 in Object.wait()
java.lang.Thread.State: WAITING (on object monitor)
        at sun.misc.Unsafe.park(Native Method)
        at java.util.concurrent.locks.LockSupport.park(LockSupport.java:175)
        at java.util.concurrent.locks.AbstractQueuedSynchronizer$ConditionObject.await(AbstractQueuedSynchronizer.java:2039)
        at java.util.concurrent.ArrayBlockingQueue.take(ArrayBlockingQueue.java:403)
        at java.util.concurrent.ThreadPoolExecutor.getTask(ThreadPoolExecutor.java:1074)
        at java.util.concurrent.ThreadPoolExecutor.runWorker(ThreadPoolExecutor.java:1134)
        at java.util.concurrent.ThreadPoolExecutor$Worker.run(ThreadPoolExecutor.java:624)
        at java.lang.Thread.run(Thread.java:748)
"pool-216-thread-58"  prio=5 tid=1418 in Object.wait()
java.lang.Thread.State: WAITING (on object monitor)
        at sun.misc.Unsafe.park(Native Method)
        at java.util.concurrent.locks.LockSupport.park(LockSupport.java:175)
        at java.util.concurrent.locks.AbstractQueuedSynchronizer$ConditionObject.await(AbstractQueuedSynchronizer.java:2039)
        at java.util.concurrent.ArrayBlockingQueue.take(ArrayBlockingQueue.java:403)
        at java.util.concurrent.ThreadPoolExecutor.getTask(ThreadPoolExecutor.java:1074)
        at java.util.concurrent.ThreadPoolExecutor.runWorker(ThreadPoolExecutor.java:1134)
        at java.util.concurrent.ThreadPoolExecutor$Worker.run(ThreadPoolExecutor.java:624)
        at java.lang.Thread.run(Thread.java:748)
"qtp2037147839-1047" daemon prio=5 tid=1047 runnable
java.lang.Thread.State: RUNNABLE
        at sun.nio.ch.EPollArrayWrapper.epollWait(Native Method)
        at sun.nio.ch.EPollArrayWrapper.poll(EPollArrayWrapper.java:269)
        at sun.nio.ch.EPollSelectorImpl.doSelect(EPollSelectorImpl.java:93)
        at sun.nio.ch.SelectorImpl.lockAndDoSelect(SelectorImpl.java:86)
        at sun.nio.ch.SelectorImpl.select(SelectorImpl.java:97)
        at sun.nio.ch.SelectorImpl.select(SelectorImpl.java:101)
        at org.eclipse.jetty.io.ManagedSelector$SelectorProducer.select(ManagedSelector.java:243)
        at org.eclipse.jetty.io.ManagedSelector$SelectorProducer.produce(ManagedSelector.java:191)
        at org.eclipse.jetty.util.thread.strategy.ExecuteProduceConsume.executeProduceConsume(ExecuteProduceConsume.java:249)
        at org.eclipse.jetty.util.thread.strategy.ExecuteProduceConsume.produceConsume(ExecuteProduceConsume.java:148)
        at org.eclipse.jetty.util.thread.strategy.ExecuteProduceConsume.execute(ExecuteProduceConsume.java:100)
        at org.eclipse.jetty.io.ManagedSelector.run(ManagedSelector.java:147)
        at org.eclipse.jetty.util.thread.QueuedThreadPool.runJob(QueuedThreadPool.java:671)
        at org.eclipse.jetty.util.thread.QueuedThreadPool$2.run(QueuedThreadPool.java:589)
        at java.lang.Thread.run(Thread.java:748)
"BlockDeletingService#2" daemon prio=5 tid=1832 in Object.wait()
java.lang.Thread.State: WAITING (on object monitor)
        at sun.misc.Unsafe.park(Native Method)
        at java.util.concurrent.locks.LockSupport.park(LockSupport.java:175)
        at java.util.concurrent.locks.AbstractQueuedSynchronizer$ConditionObject.await(AbstractQueuedSynchronizer.java:2039)
        at java.util.concurrent.ScheduledThreadPoolExecutor$DelayedWorkQueue.take(ScheduledThreadPoolExecutor.java:1088)
        at java.util.concurrent.ScheduledThreadPoolExecutor$DelayedWorkQueue.take(ScheduledThreadPoolExecutor.java:809)
        at java.util.concurrent.ThreadPoolExecutor.getTask(ThreadPoolExecutor.java:1074)
        at java.util.concurrent.ThreadPoolExecutor.runWorker(ThreadPoolExecutor.java:1134)
        at java.util.concurrent.ThreadPoolExecutor$Worker.run(ThreadPoolExecutor.java:624)
        at java.lang.Thread.run(Thread.java:748)
"RatisPipelineUtilsThread"  prio=5 tid=1602 timed_waiting
java.lang.Thread.State: TIMED_WAITING
        at sun.misc.Unsafe.park(Native Method)
        at java.util.concurrent.locks.LockSupport.parkNanos(LockSupport.java:215)
        at java.util.concurrent.locks.AbstractQueuedSynchronizer$ConditionObject.awaitNanos(AbstractQueuedSynchronizer.java:2078)
        at java.util.concurrent.ScheduledThreadPoolExecutor$DelayedWorkQueue.take(ScheduledThreadPoolExecutor.java:1093)
        at java.util.concurrent.ScheduledThreadPoolExecutor$DelayedWorkQueue.take(ScheduledThreadPoolExecutor.java:809)
        at java.util.concurrent.ThreadPoolExecutor.getTask(ThreadPoolExecutor.java:1074)
        at java.util.concurrent.ThreadPoolExecutor.runWorker(ThreadPoolExecutor.java:1134)
        at java.util.concurrent.ThreadPoolExecutor$Worker.run(ThreadPoolExecutor.java:624)
        at java.lang.Thread.run(Thread.java:748)
"org.eclipse.jetty.server.session.HashSessionManager@ae3c140Timer" daemon prio=5 tid=1137 timed_waiting
java.lang.Thread.State: TIMED_WAITING
        at sun.misc.Unsafe.park(Native Method)
        at java.util.concurrent.locks.LockSupport.parkNanos(LockSupport.java:215)
        at java.util.concurrent.locks.AbstractQueuedSynchronizer$ConditionObject.awaitNanos(AbstractQueuedSynchronizer.java:2078)
        at java.util.concurrent.ScheduledThreadPoolExecutor$DelayedWorkQueue.take(ScheduledThreadPoolExecutor.java:1093)
        at java.util.concurrent.ScheduledThreadPoolExecutor$DelayedWorkQueue.take(ScheduledThreadPoolExecutor.java:809)
        at java.util.concurrent.ThreadPoolExecutor.getTask(ThreadPoolExecutor.java:1074)
        at java.util.concurrent.ThreadPoolExecutor.runWorker(ThreadPoolExecutor.java:1134)
        at java.util.concurrent.ThreadPoolExecutor$Worker.run(ThreadPoolExecutor.java:624)
        at java.lang.Thread.run(Thread.java:748)
"pool-174-thread-59"  prio=5 tid=1298 in Object.wait()
java.lang.Thread.State: WAITING (on object monitor)
        at sun.misc.Unsafe.park(Native Method)
        at java.util.concurrent.locks.LockSupport.park(LockSupport.java:175)
        at java.util.concurrent.locks.AbstractQueuedSynchronizer$ConditionObject.await(AbstractQueuedSynchronizer.java:2039)
        at java.util.concurrent.ArrayBlockingQueue.take(ArrayBlockingQueue.java:403)
        at java.util.concurrent.ThreadPoolExecutor.getTask(ThreadPoolExecutor.java:1074)
        at java.util.concurrent.ThreadPoolExecutor.runWorker(ThreadPoolExecutor.java:1134)
        at java.util.concurrent.ThreadPoolExecutor$Worker.run(ThreadPoolExecutor.java:624)
        at java.lang.Thread.run(Thread.java:748)
"pool-174-thread-46"  prio=5 tid=1285 in Object.wait()
java.lang.Thread.State: WAITING (on object monitor)
        at sun.misc.Unsafe.park(Native Method)
        at java.util.concurrent.locks.LockSupport.park(LockSupport.java:175)
        at java.util.concurrent.locks.AbstractQueuedSynchronizer$ConditionObject.await(AbstractQueuedSynchronizer.java:2039)
        at java.util.concurrent.ArrayBlockingQueue.take(ArrayBlockingQueue.java:403)
        at java.util.concurrent.ThreadPoolExecutor.getTask(ThreadPoolExecutor.java:1074)
        at java.util.concurrent.ThreadPoolExecutor.runWorker(ThreadPoolExecutor.java:1134)
        at java.util.concurrent.ThreadPoolExecutor$Worker.run(ThreadPoolExecutor.java:624)
        at java.lang.Thread.run(Thread.java:748)
"pool-195-thread-14"  prio=5 tid=1314 in Object.wait()
java.lang.Thread.State: WAITING (on object monitor)
        at sun.misc.Unsafe.park(Native Method)
        at java.util.concurrent.locks.LockSupport.park(LockSupport.java:175)
        at java.util.concurrent.locks.AbstractQueuedSynchronizer$ConditionObject.await(AbstractQueuedSynchronizer.java:2039)
        at java.util.concurrent.ArrayBlockingQueue.take(ArrayBlockingQueue.java:403)
        at java.util.concurrent.ThreadPoolExecutor.getTask(ThreadPoolExecutor.java:1074)
        at java.util.concurrent.ThreadPoolExecutor.runWorker(ThreadPoolExecutor.java:1134)
        at java.util.concurrent.ThreadPoolExecutor$Worker.run(ThreadPoolExecutor.java:624)
        at java.lang.Thread.run(Thread.java:748)
"pool-279-thread-1"  prio=5 tid=1541 in Object.wait()
java.lang.Thread.State: WAITING (on object monitor)
        at sun.misc.Unsafe.park(Native Method)
        at java.util.concurrent.locks.LockSupport.park(LockSupport.java:175)
        at java.util.concurrent.locks.AbstractQueuedSynchronizer$ConditionObject.await(AbstractQueuedSynchronizer.java:2039)
        at java.util.concurrent.ArrayBlockingQueue.take(ArrayBlockingQueue.java:403)
        at java.util.concurrent.ThreadPoolExecutor.getTask(ThreadPoolExecutor.java:1074)
        at java.util.concurrent.ThreadPoolExecutor.runWorker(ThreadPoolExecutor.java:1134)
        at java.util.concurrent.ThreadPoolExecutor$Worker.run(ThreadPoolExecutor.java:624)
        at java.lang.Thread.run(Thread.java:748)
"Datanode ReportManager Thread - 2" daemon prio=5 tid=1204 in Object.wait()
java.lang.Thread.State: WAITING (on object monitor)
        at sun.misc.Unsafe.park(Native Method)
        at java.util.concurrent.locks.LockSupport.park(LockSupport.java:175)
        at java.util.concurrent.locks.AbstractQueuedSynchronizer$ConditionObject.await(AbstractQueuedSynchronizer.java:2039)
        at java.util.concurrent.ScheduledThreadPoolExecutor$DelayedWorkQueue.take(ScheduledThreadPoolExecutor.java:1088)
        at java.util.concurrent.ScheduledThreadPoolExecutor$DelayedWorkQueue.take(ScheduledThreadPoolExecutor.java:809)
        at java.util.concurrent.ThreadPoolExecutor.getTask(ThreadPoolExecutor.java:1074)
        at java.util.concurrent.ThreadPoolExecutor.runWorker(ThreadPoolExecutor.java:1134)
        at java.util.concurrent.ThreadPoolExecutor$Worker.run(ThreadPoolExecutor.java:624)
        at java.lang.Thread.run(Thread.java:748)
"qtp1633584044-1004" daemon prio=5 tid=1004 runnable
java.lang.Thread.State: RUNNABLE
        at sun.nio.ch.EPollArrayWrapper.epollWait(Native Method)
        at sun.nio.ch.EPollArrayWrapper.poll(EPollArrayWrapper.java:269)
        at sun.nio.ch.EPollSelectorImpl.doSelect(EPollSelectorImpl.java:93)
        at sun.nio.ch.SelectorImpl.lockAndDoSelect(SelectorImpl.java:86)
        at sun.nio.ch.SelectorImpl.select(SelectorImpl.java:97)
        at sun.nio.ch.SelectorImpl.select(SelectorImpl.java:101)
        at org.eclipse.jetty.io.ManagedSelector$SelectorProducer.select(ManagedSelector.java:243)
        at org.eclipse.jetty.io.ManagedSelector$SelectorProducer.produce(ManagedSelector.java:191)
        at org.eclipse.jetty.util.thread.strategy.ExecuteProduceConsume.executeProduceConsume(ExecuteProduceConsume.java:249)
        at org.eclipse.jetty.util.thread.strategy.ExecuteProduceConsume.produceConsume(ExecuteProduceConsume.java:148)
        at org.eclipse.jetty.util.thread.strategy.ExecuteProduceConsume.execute(ExecuteProduceConsume.java:100)
        at org.eclipse.jetty.io.ManagedSelector.run(ManagedSelector.java:147)
        at org.eclipse.jetty.util.thread.QueuedThreadPool.runJob(QueuedThreadPool.java:671)
        at org.eclipse.jetty.util.thread.QueuedThreadPool$2.run(QueuedThreadPool.java:589)
        at java.lang.Thread.run(Thread.java:748)
"pool-279-thread-12"  prio=5 tid=1552 in Object.wait()
java.lang.Thread.State: WAITING (on object monitor)
        at sun.misc.Unsafe.park(Native Method)
        at java.util.concurrent.locks.LockSupport.park(LockSupport.java:175)
        at java.util.concurrent.locks.AbstractQueuedSynchronizer$ConditionObject.await(AbstractQueuedSynchronizer.java:2039)
        at java.util.concurrent.ArrayBlockingQueue.take(ArrayBlockingQueue.java:403)
        at java.util.concurrent.ThreadPoolExecutor.getTask(ThreadPoolExecutor.java:1074)
        at java.util.concurrent.ThreadPoolExecutor.runWorker(ThreadPoolExecutor.java:1134)
        at java.util.concurrent.ThreadPoolExecutor$Worker.run(ThreadPoolExecutor.java:624)
        at java.lang.Thread.run(Thread.java:748)
"pool-216-thread-39"  prio=5 tid=1399 in Object.wait()
java.lang.Thread.State: WAITING (on object monitor)
        at sun.misc.Unsafe.park(Native Method)
        at java.util.concurrent.locks.LockSupport.park(LockSupport.java:175)
        at java.util.concurrent.locks.AbstractQueuedSynchronizer$ConditionObject.await(AbstractQueuedSynchronizer.java:2039)
        at java.util.concurrent.ArrayBlockingQueue.take(ArrayBlockingQueue.java:403)
        at java.util.concurrent.ThreadPoolExecutor.getTask(ThreadPoolExecutor.java:1074)
        at java.util.concurrent.ThreadPoolExecutor.runWorker(ThreadPoolExecutor.java:1134)
        at java.util.concurrent.ThreadPoolExecutor$Worker.run(ThreadPoolExecutor.java:624)
        at java.lang.Thread.run(Thread.java:748)
"pool-258-thread-27"  prio=5 tid=1507 in Object.wait()
java.lang.Thread.State: WAITING (on object monitor)
        at sun.misc.Unsafe.park(Native Method)
        at java.util.concurrent.locks.LockSupport.park(LockSupport.java:175)
        at java.util.concurrent.locks.AbstractQueuedSynchronizer$ConditionObject.await(AbstractQueuedSynchronizer.java:2039)
        at java.util.concurrent.ArrayBlockingQueue.take(ArrayBlockingQueue.java:403)
        at java.util.concurrent.ThreadPoolExecutor.getTask(ThreadPoolExecutor.java:1074)
        at java.util.concurrent.ThreadPoolExecutor.runWorker(ThreadPoolExecutor.java:1134)
        at java.util.concurrent.ThreadPoolExecutor$Worker.run(ThreadPoolExecutor.java:624)
        at java.lang.Thread.run(Thread.java:748)
"pool-279-thread-3"  prio=5 tid=1543 in Object.wait()
java.lang.Thread.State: WAITING (on object monitor)
        at sun.misc.Unsafe.park(Native Method)
        at java.util.concurrent.locks.LockSupport.park(LockSupport.java:175)
        at java.util.concurrent.locks.AbstractQueuedSynchronizer$ConditionObject.await(AbstractQueuedSynchronizer.java:2039)
        at java.util.concurrent.ArrayBlockingQueue.take(ArrayBlockingQueue.java:403)
        at java.util.concurrent.ThreadPoolExecutor.getTask(ThreadPoolExecutor.java:1074)
        at java.util.concurrent.ThreadPoolExecutor.runWorker(ThreadPoolExecutor.java:1134)
        at java.util.concurrent.ThreadPoolExecutor$Worker.run(ThreadPoolExecutor.java:624)
        at java.lang.Thread.run(Thread.java:748)
"Datanode ReportManager Thread - 0" daemon prio=5 tid=1202 timed_waiting
java.lang.Thread.State: TIMED_WAITING
        at sun.misc.Unsafe.park(Native Method)
        at java.util.concurrent.locks.LockSupport.parkNanos(LockSupport.java:215)
        at java.util.concurrent.locks.AbstractQueuedSynchronizer$ConditionObject.awaitNanos(AbstractQueuedSynchronizer.java:2078)
        at java.util.concurrent.ScheduledThreadPoolExecutor$DelayedWorkQueue.take(ScheduledThreadPoolExecutor.java:1093)
        at java.util.concurrent.ScheduledThreadPoolExecutor$DelayedWorkQueue.take(ScheduledThreadPoolExecutor.java:809)
        at java.util.concurrent.ThreadPoolExecutor.getTask(ThreadPoolExecutor.java:1074)
        at java.util.concurrent.ThreadPoolExecutor.runWorker(ThreadPoolExecutor.java:1134)
        at java.util.concurrent.ThreadPoolExecutor$Worker.run(ThreadPoolExecutor.java:624)
        at java.lang.Thread.run(Thread.java:748)
"pool-195-thread-25"  prio=5 tid=1325 in Object.wait()
java.lang.Thread.State: WAITING (on object monitor)
        at sun.misc.Unsafe.park(Native Method)
        at java.util.concurrent.locks.LockSupport.park(LockSupport.java:175)
        at java.util.concurrent.locks.AbstractQueuedSynchronizer$ConditionObject.await(AbstractQueuedSynchronizer.java:2039)
        at java.util.concurrent.ArrayBlockingQueue.take(ArrayBlockingQueue.java:403)
        at java.util.concurrent.ThreadPoolExecutor.getTask(ThreadPoolExecutor.java:1074)
        at java.util.concurrent.ThreadPoolExecutor.runWorker(ThreadPoolExecutor.java:1134)
        at java.util.concurrent.ThreadPoolExecutor$Worker.run(ThreadPoolExecutor.java:624)
        at java.lang.Thread.run(Thread.java:748)
"EventQueue-PipelineReportForPipelineReportHandler" daemon prio=5 tid=1606 in Object.wait()
java.lang.Thread.State: WAITING (on object monitor)
        at sun.misc.Unsafe.park(Native Method)
        at java.util.concurrent.locks.LockSupport.park(LockSupport.java:175)
        at java.util.concurrent.locks.AbstractQueuedSynchronizer$ConditionObject.await(AbstractQueuedSynchronizer.java:2039)
        at java.util.concurrent.LinkedBlockingQueue.take(LinkedBlockingQueue.java:442)
        at java.util.concurrent.ThreadPoolExecutor.getTask(ThreadPoolExecutor.java:1074)
        at java.util.concurrent.ThreadPoolExecutor.runWorker(ThreadPoolExecutor.java:1134)
        at java.util.concurrent.ThreadPoolExecutor$Worker.run(ThreadPoolExecutor.java:624)
        at java.lang.Thread.run(Thread.java:748)
"pool-195-thread-19"  prio=5 tid=1319 in Object.wait()
java.lang.Thread.State: WAITING (on object monitor)
        at sun.misc.Unsafe.park(Native Method)
        at java.util.concurrent.locks.LockSupport.park(LockSupport.java:175)
        at java.util.concurrent.locks.AbstractQueuedSynchronizer$ConditionObject.await(AbstractQueuedSynchronizer.java:2039)
        at java.util.concurrent.ArrayBlockingQueue.take(ArrayBlockingQueue.java:403)
        at java.util.concurrent.ThreadPoolExecutor.getTask(ThreadPoolExecutor.java:1074)
        at java.util.concurrent.ThreadPoolExecutor.runWorker(ThreadPoolExecutor.java:1134)
        at java.util.concurrent.ThreadPoolExecutor$Worker.run(ThreadPoolExecutor.java:624)
        at java.lang.Thread.run(Thread.java:748)
"Command processor thread" daemon prio=5 tid=1176 timed_waiting
java.lang.Thread.State: TIMED_WAITING
        at java.lang.Thread.sleep(Native Method)
        at org.apache.hadoop.ozone.container.common.statemachine.DatanodeStateMachine.lambda$initCommandHandlerThread$1(DatanodeStateMachine.java:439)
        at org.apache.hadoop.ozone.container.common.statemachine.DatanodeStateMachine$$Lambda$144/707418368.run(Unknown Source)
        at java.lang.Thread.run(Thread.java:748)
"nioEventLoopGroup-4-1"  prio=10 tid=201 runnable
java.lang.Thread.State: RUNNABLE
        at sun.nio.ch.EPollArrayWrapper.epollWait(Native Method)
        at sun.nio.ch.EPollArrayWrapper.poll(EPollArrayWrapper.java:269)
        at sun.nio.ch.EPollSelectorImpl.doSelect(EPollSelectorImpl.java:93)
        at sun.nio.ch.SelectorImpl.lockAndDoSelect(SelectorImpl.java:86)
        at sun.nio.ch.SelectorImpl.select(SelectorImpl.java:97)
        at io.netty.channel.nio.SelectedSelectionKeySetSelector.select(SelectedSelectionKeySetSelector.java:62)
        at io.netty.channel.nio.NioEventLoop.select(NioEventLoop.java:753)
        at io.netty.channel.nio.NioEventLoop.run(NioEventLoop.java:408)
        at io.netty.util.concurrent.SingleThreadEventExecutor$5.run(SingleThreadEventExecutor.java:897)
        at io.netty.util.concurrent.FastThreadLocalRunnable.run(FastThreadLocalRunnable.java:30)
        at java.lang.Thread.run(Thread.java:748)
"Thread-687" daemon prio=5 tid=1692 timed_waiting
java.lang.Thread.State: TIMED_WAITING
        at java.lang.Thread.sleep(Native Method)
        at org.apache.ratis.util.JavaUtils.sleep(JavaUtils.java:247)
        at org.apache.ratis.server.impl.FollowerState.run(FollowerState.java:96)
"pool-195-thread-43"  prio=5 tid=1343 in Object.wait()
java.lang.Thread.State: WAITING (on object monitor)
        at sun.misc.Unsafe.park(Native Method)
        at java.util.concurrent.locks.LockSupport.park(LockSupport.java:175)
        at java.util.concurrent.locks.AbstractQueuedSynchronizer$ConditionObject.await(AbstractQueuedSynchronizer.java:2039)
        at java.util.concurrent.ArrayBlockingQueue.take(ArrayBlockingQueue.java:403)
        at java.util.concurrent.ThreadPoolExecutor.getTask(ThreadPoolExecutor.java:1074)
        at java.util.concurrent.ThreadPoolExecutor.runWorker(ThreadPoolExecutor.java:1134)
        at java.util.concurrent.ThreadPoolExecutor$Worker.run(ThreadPoolExecutor.java:624)
        at java.lang.Thread.run(Thread.java:748)
"IPC Server handler 8 on 36272" daemon prio=5 tid=992 timed_waiting
java.lang.Thread.State: TIMED_WAITING
        at sun.misc.Unsafe.park(Native Method)
        at java.util.concurrent.locks.LockSupport.parkNanos(LockSupport.java:215)
        at java.util.concurrent.locks.AbstractQueuedSynchronizer$ConditionObject.awaitNanos(AbstractQueuedSynchronizer.java:2078)
        at java.util.concurrent.LinkedBlockingQueue.poll(LinkedBlockingQueue.java:467)
        at org.apache.hadoop.ipc.CallQueueManager.take(CallQueueManager.java:288)
        at org.apache.hadoop.ipc.Server$Handler.run(Server.java:2668)
"pool-237-thread-8"  prio=5 tid=1428 in Object.wait()
java.lang.Thread.State: WAITING (on object monitor)
        at sun.misc.Unsafe.park(Native Method)
        at java.util.concurrent.locks.LockSupport.park(LockSupport.java:175)
        at java.util.concurrent.locks.AbstractQueuedSynchronizer$ConditionObject.await(AbstractQueuedSynchronizer.java:2039)
        at java.util.concurrent.ArrayBlockingQueue.take(ArrayBlockingQueue.java:403)
        at java.util.concurrent.ThreadPoolExecutor.getTask(ThreadPoolExecutor.java:1074)
        at java.util.concurrent.ThreadPoolExecutor.runWorker(ThreadPoolExecutor.java:1134)
        at java.util.concurrent.ThreadPoolExecutor$Worker.run(ThreadPoolExecutor.java:624)
        at java.lang.Thread.run(Thread.java:748)
"pool-174-thread-33"  prio=5 tid=1272 in Object.wait()
java.lang.Thread.State: WAITING (on object monitor)
        at sun.misc.Unsafe.park(Native Method)
        at java.util.concurrent.locks.LockSupport.park(LockSupport.java:175)
        at java.util.concurrent.locks.AbstractQueuedSynchronizer$ConditionObject.await(AbstractQueuedSynchronizer.java:2039)
        at java.util.concurrent.ArrayBlockingQueue.take(ArrayBlockingQueue.java:403)
        at java.util.concurrent.ThreadPoolExecutor.getTask(ThreadPoolExecutor.java:1074)
        at java.util.concurrent.ThreadPoolExecutor.runWorker(ThreadPoolExecutor.java:1134)
        at java.util.concurrent.ThreadPoolExecutor$Worker.run(ThreadPoolExecutor.java:624)
        at java.lang.Thread.run(Thread.java:748)
"EventQueue-NodeReportForNodeReportHandler" daemon prio=5 tid=1835 in Object.wait()
java.lang.Thread.State: WAITING (on object monitor)
        at sun.misc.Unsafe.park(Native Method)
        at java.util.concurrent.locks.LockSupport.park(LockSupport.java:175)
        at java.util.concurrent.locks.AbstractQueuedSynchronizer$ConditionObject.await(AbstractQueuedSynchronizer.java:2039)
        at java.util.concurrent.LinkedBlockingQueue.take(LinkedBlockingQueue.java:442)
        at java.util.concurrent.ThreadPoolExecutor.getTask(ThreadPoolExecutor.java:1074)
        at java.util.concurrent.ThreadPoolExecutor.runWorker(ThreadPoolExecutor.java:1134)
        at java.util.concurrent.ThreadPoolExecutor$Worker.run(ThreadPoolExecutor.java:624)
        at java.lang.Thread.run(Thread.java:748)
"pool-258-thread-43"  prio=5 tid=1523 in Object.wait()
java.lang.Thread.State: WAITING (on object monitor)
        at sun.misc.Unsafe.park(Native Method)
        at java.util.concurrent.locks.LockSupport.park(LockSupport.java:175)
        at java.util.concurrent.locks.AbstractQueuedSynchronizer$ConditionObject.await(AbstractQueuedSynchronizer.java:2039)
        at java.util.concurrent.ArrayBlockingQueue.take(ArrayBlockingQueue.java:403)
        at java.util.concurrent.ThreadPoolExecutor.getTask(ThreadPoolExecutor.java:1074)
        at java.util.concurrent.ThreadPoolExecutor.runWorker(ThreadPoolExecutor.java:1134)
        at java.util.concurrent.ThreadPoolExecutor$Worker.run(ThreadPoolExecutor.java:624)
        at java.lang.Thread.run(Thread.java:748)
"pool-216-thread-37"  prio=5 tid=1397 in Object.wait()
java.lang.Thread.State: WAITING (on object monitor)
        at sun.misc.Unsafe.park(Native Method)
        at java.util.concurrent.locks.LockSupport.park(LockSupport.java:175)
        at java.util.concurrent.locks.AbstractQueuedSynchronizer$ConditionObject.await(AbstractQueuedSynchronizer.java:2039)
        at java.util.concurrent.ArrayBlockingQueue.take(ArrayBlockingQueue.java:403)
        at java.util.concurrent.ThreadPoolExecutor.getTask(ThreadPoolExecutor.java:1074)
        at java.util.concurrent.ThreadPoolExecutor.runWorker(ThreadPoolExecutor.java:1134)
        at java.util.concurrent.ThreadPoolExecutor$Worker.run(ThreadPoolExecutor.java:624)
        at java.lang.Thread.run(Thread.java:748)
"pool-237-thread-58"  prio=5 tid=1478 in Object.wait()
java.lang.Thread.State: WAITING (on object monitor)
        at sun.misc.Unsafe.park(Native Method)
        at java.util.concurrent.locks.LockSupport.park(LockSupport.java:175)
        at java.util.concurrent.locks.AbstractQueuedSynchronizer$ConditionObject.await(AbstractQueuedSynchronizer.java:2039)
        at java.util.concurrent.ArrayBlockingQueue.take(ArrayBlockingQueue.java:403)
        at java.util.concurrent.ThreadPoolExecutor.getTask(ThreadPoolExecutor.java:1074)
        at java.util.concurrent.ThreadPoolExecutor.runWorker(ThreadPoolExecutor.java:1134)
        at java.util.concurrent.ThreadPoolExecutor$Worker.run(ThreadPoolExecutor.java:624)
        at java.lang.Thread.run(Thread.java:748)
"pool-195-thread-49"  prio=5 tid=1349 in Object.wait()
java.lang.Thread.State: WAITING (on object monitor)
        at sun.misc.Unsafe.park(Native Method)
        at java.util.concurrent.locks.LockSupport.park(LockSupport.java:175)
        at java.util.concurrent.locks.AbstractQueuedSynchronizer$ConditionObject.await(AbstractQueuedSynchronizer.java:2039)
        at java.util.concurrent.ArrayBlockingQueue.take(ArrayBlockingQueue.java:403)
        at java.util.concurrent.ThreadPoolExecutor.getTask(ThreadPoolExecutor.java:1074)
        at java.util.concurrent.ThreadPoolExecutor.runWorker(ThreadPoolExecutor.java:1134)
        at java.util.concurrent.ThreadPoolExecutor$Worker.run(ThreadPoolExecutor.java:624)
        at java.lang.Thread.run(Thread.java:748)
"pool-195-thread-55"  prio=5 tid=1355 in Object.wait()
java.lang.Thread.State: WAITING (on object monitor)
        at sun.misc.Unsafe.park(Native Method)
        at java.util.concurrent.locks.LockSupport.park(LockSupport.java:175)
        at java.util.concurrent.locks.AbstractQueuedSynchronizer$ConditionObject.await(AbstractQueuedSynchronizer.java:2039)
        at java.util.concurrent.ArrayBlockingQueue.take(ArrayBlockingQueue.java:403)
        at java.util.concurrent.ThreadPoolExecutor.getTask(ThreadPoolExecutor.java:1074)
        at java.util.concurrent.ThreadPoolExecutor.runWorker(ThreadPoolExecutor.java:1134)
        at java.util.concurrent.ThreadPoolExecutor$Worker.run(ThreadPoolExecutor.java:624)
        at java.lang.Thread.run(Thread.java:748)
"pool-216-thread-45"  prio=5 tid=1405 in Object.wait()
java.lang.Thread.State: WAITING (on object monitor)
        at sun.misc.Unsafe.park(Native Method)
        at java.util.concurrent.locks.LockSupport.park(LockSupport.java:175)
        at java.util.concurrent.locks.AbstractQueuedSynchronizer$ConditionObject.await(AbstractQueuedSynchronizer.java:2039)
        at java.util.concurrent.ArrayBlockingQueue.take(ArrayBlockingQueue.java:403)
        at java.util.concurrent.ThreadPoolExecutor.getTask(ThreadPoolExecutor.java:1074)
        at java.util.concurrent.ThreadPoolExecutor.runWorker(ThreadPoolExecutor.java:1134)
        at java.util.concurrent.ThreadPoolExecutor$Worker.run(ThreadPoolExecutor.java:624)
        at java.lang.Thread.run(Thread.java:748)
"pool-193-thread-1" daemon prio=5 tid=1094 timed_waiting
java.lang.Thread.State: TIMED_WAITING
        at sun.misc.Unsafe.park(Native Method)
        at java.util.concurrent.locks.LockSupport.parkNanos(LockSupport.java:215)
        at java.util.concurrent.locks.AbstractQueuedSynchronizer$ConditionObject.awaitNanos(AbstractQueuedSynchronizer.java:2078)
        at java.util.concurrent.ScheduledThreadPoolExecutor$DelayedWorkQueue.take(ScheduledThreadPoolExecutor.java:1093)
        at java.util.concurrent.ScheduledThreadPoolExecutor$DelayedWorkQueue.take(ScheduledThreadPoolExecutor.java:809)
        at java.util.concurrent.ThreadPoolExecutor.getTask(ThreadPoolExecutor.java:1074)
        at java.util.concurrent.ThreadPoolExecutor.runWorker(ThreadPoolExecutor.java:1134)
        at java.util.concurrent.ThreadPoolExecutor$Worker.run(ThreadPoolExecutor.java:624)
        at java.lang.Thread.run(Thread.java:748)
"IPC Server handler 17 on 35612" daemon prio=5 tid=961 timed_waiting
java.lang.Thread.State: TIMED_WAITING
        at sun.misc.Unsafe.park(Native Method)
        at java.util.concurrent.locks.LockSupport.parkNanos(LockSupport.java:215)
        at java.util.concurrent.locks.AbstractQueuedSynchronizer$ConditionObject.awaitNanos(AbstractQueuedSynchronizer.java:2078)
        at java.util.concurrent.LinkedBlockingQueue.poll(LinkedBlockingQueue.java:467)
        at org.apache.hadoop.ipc.CallQueueManager.take(CallQueueManager.java:288)
        at org.apache.hadoop.ipc.Server$Handler.run(Server.java:2668)
"pool-279-thread-35"  prio=5 tid=1575 in Object.wait()
java.lang.Thread.State: WAITING (on object monitor)
        at sun.misc.Unsafe.park(Native Method)
        at java.util.concurrent.locks.LockSupport.park(LockSupport.java:175)
        at java.util.concurrent.locks.AbstractQueuedSynchronizer$ConditionObject.await(AbstractQueuedSynchronizer.java:2039)
        at java.util.concurrent.ArrayBlockingQueue.take(ArrayBlockingQueue.java:403)
        at java.util.concurrent.ThreadPoolExecutor.getTask(ThreadPoolExecutor.java:1074)
        at java.util.concurrent.ThreadPoolExecutor.runWorker(ThreadPoolExecutor.java:1134)
        at java.util.concurrent.ThreadPoolExecutor$Worker.run(ThreadPoolExecutor.java:624)
        at java.lang.Thread.run(Thread.java:748)
"Datanode ReportManager Thread - 0" daemon prio=5 tid=1232 in Object.wait()
java.lang.Thread.State: WAITING (on object monitor)
        at sun.misc.Unsafe.park(Native Method)
        at java.util.concurrent.locks.LockSupport.park(LockSupport.java:175)
        at java.util.concurrent.locks.AbstractQueuedSynchronizer$ConditionObject.await(AbstractQueuedSynchronizer.java:2039)
        at java.util.concurrent.ScheduledThreadPoolExecutor$DelayedWorkQueue.take(ScheduledThreadPoolExecutor.java:1088)
        at java.util.concurrent.ScheduledThreadPoolExecutor$DelayedWorkQueue.take(ScheduledThreadPoolExecutor.java:809)
        at java.util.concurrent.ThreadPoolExecutor.getTask(ThreadPoolExecutor.java:1074)
        at java.util.concurrent.ThreadPoolExecutor.runWorker(ThreadPoolExecutor.java:1134)
        at java.util.concurrent.ThreadPoolExecutor$Worker.run(ThreadPoolExecutor.java:624)
        at java.lang.Thread.run(Thread.java:748)
"IPC Server handler 4 on 42412" daemon prio=5 tid=968 timed_waiting
java.lang.Thread.State: TIMED_WAITING
        at sun.misc.Unsafe.park(Native Method)
        at java.util.concurrent.locks.LockSupport.parkNanos(LockSupport.java:215)
        at java.util.concurrent.locks.AbstractQueuedSynchronizer$ConditionObject.awaitNanos(AbstractQueuedSynchronizer.java:2078)
        at java.util.concurrent.LinkedBlockingQueue.poll(LinkedBlockingQueue.java:467)
        at org.apache.hadoop.ipc.CallQueueManager.take(CallQueueManager.java:288)
        at org.apache.hadoop.ipc.Server$Handler.run(Server.java:2668)
"pool-169-thread-1"  prio=5 tid=1046 timed_waiting
java.lang.Thread.State: TIMED_WAITING
        at sun.misc.Unsafe.park(Native Method)
        at java.util.concurrent.locks.LockSupport.parkNanos(LockSupport.java:215)
        at java.util.concurrent.locks.AbstractQueuedSynchronizer$ConditionObject.awaitNanos(AbstractQueuedSynchronizer.java:2078)
        at java.util.concurrent.ScheduledThreadPoolExecutor$DelayedWorkQueue.take(ScheduledThreadPoolExecutor.java:1093)
        at java.util.concurrent.ScheduledThreadPoolExecutor$DelayedWorkQueue.take(ScheduledThreadPoolExecutor.java:809)
        at java.util.concurrent.ThreadPoolExecutor.getTask(ThreadPoolExecutor.java:1074)
        at java.util.concurrent.ThreadPoolExecutor.runWorker(ThreadPoolExecutor.java:1134)
        at java.util.concurrent.ThreadPoolExecutor$Worker.run(ThreadPoolExecutor.java:624)
        at java.lang.Thread.run(Thread.java:748)
"pool-216-thread-25"  prio=5 tid=1385 in Object.wait()
java.lang.Thread.State: WAITING (on object monitor)
        at sun.misc.Unsafe.park(Native Method)
        at java.util.concurrent.locks.LockSupport.park(LockSupport.java:175)
        at java.util.concurrent.locks.AbstractQueuedSynchronizer$ConditionObject.await(AbstractQueuedSynchronizer.java:2039)
        at java.util.concurrent.ArrayBlockingQueue.take(ArrayBlockingQueue.java:403)
        at java.util.concurrent.ThreadPoolExecutor.getTask(ThreadPoolExecutor.java:1074)
        at java.util.concurrent.ThreadPoolExecutor.runWorker(ThreadPoolExecutor.java:1134)
        at java.util.concurrent.ThreadPoolExecutor$Worker.run(ThreadPoolExecutor.java:624)
        at java.lang.Thread.run(Thread.java:748)
"nioEventLoopGroup-24-1"  prio=10 tid=1230 runnable
java.lang.Thread.State: RUNNABLE
        at sun.nio.ch.EPollArrayWrapper.epollWait(Native Method)
        at sun.nio.ch.EPollArrayWrapper.poll(EPollArrayWrapper.java:269)
        at sun.nio.ch.EPollSelectorImpl.doSelect(EPollSelectorImpl.java:93)
        at sun.nio.ch.SelectorImpl.lockAndDoSelect(SelectorImpl.java:86)
        at sun.nio.ch.SelectorImpl.select(SelectorImpl.java:97)
        at io.netty.channel.nio.SelectedSelectionKeySetSelector.select(SelectedSelectionKeySetSelector.java:62)
        at io.netty.channel.nio.NioEventLoop.select(NioEventLoop.java:753)
        at io.netty.channel.nio.NioEventLoop.run(NioEventLoop.java:408)
        at io.netty.util.concurrent.SingleThreadEventExecutor$5.run(SingleThreadEventExecutor.java:897)
        at io.netty.util.concurrent.FastThreadLocalRunnable.run(FastThreadLocalRunnable.java:30)
        at java.lang.Thread.run(Thread.java:748)
"IPC Server handler 17 on 36272" daemon prio=5 tid=1001 timed_waiting
java.lang.Thread.State: TIMED_WAITING
        at sun.misc.Unsafe.park(Native Method)
        at java.util.concurrent.locks.LockSupport.parkNanos(LockSupport.java:215)
        at java.util.concurrent.locks.AbstractQueuedSynchronizer$ConditionObject.awaitNanos(AbstractQueuedSynchronizer.java:2078)
        at java.util.concurrent.LinkedBlockingQueue.poll(LinkedBlockingQueue.java:467)
        at org.apache.hadoop.ipc.CallQueueManager.take(CallQueueManager.java:288)
        at org.apache.hadoop.ipc.Server$Handler.run(Server.java:2668)
"pool-237-thread-14"  prio=5 tid=1434 in Object.wait()
java.lang.Thread.State: WAITING (on object monitor)
        at sun.misc.Unsafe.park(Native Method)
        at java.util.concurrent.locks.LockSupport.park(LockSupport.java:175)
        at java.util.concurrent.locks.AbstractQueuedSynchronizer$ConditionObject.await(AbstractQueuedSynchronizer.java:2039)
        at java.util.concurrent.ArrayBlockingQueue.take(ArrayBlockingQueue.java:403)
        at java.util.concurrent.ThreadPoolExecutor.getTask(ThreadPoolExecutor.java:1074)
        at java.util.concurrent.ThreadPoolExecutor.runWorker(ThreadPoolExecutor.java:1134)
        at java.util.concurrent.ThreadPoolExecutor$Worker.run(ThreadPoolExecutor.java:624)
        at java.lang.Thread.run(Thread.java:748)
"IPC Server handler 13 on 36272" daemon prio=5 tid=997 timed_waiting
java.lang.Thread.State: TIMED_WAITING
        at sun.misc.Unsafe.park(Native Method)
        at java.util.concurrent.locks.LockSupport.parkNanos(LockSupport.java:215)
        at java.util.concurrent.locks.AbstractQueuedSynchronizer$ConditionObject.awaitNanos(AbstractQueuedSynchronizer.java:2078)
        at java.util.concurrent.LinkedBlockingQueue.poll(LinkedBlockingQueue.java:467)
        at org.apache.hadoop.ipc.CallQueueManager.take(CallQueueManager.java:288)
        at org.apache.hadoop.ipc.Server$Handler.run(Server.java:2668)
"Socket Reader #1 for port 36272"  prio=5 tid=930 runnable
java.lang.Thread.State: RUNNABLE
        at sun.nio.ch.EPollArrayWrapper.epollWait(Native Method)
        at sun.nio.ch.EPollArrayWrapper.poll(EPollArrayWrapper.java:269)
        at sun.nio.ch.EPollSelectorImpl.doSelect(EPollSelectorImpl.java:93)
        at sun.nio.ch.SelectorImpl.lockAndDoSelect(SelectorImpl.java:86)
        at sun.nio.ch.SelectorImpl.select(SelectorImpl.java:97)
        at sun.nio.ch.SelectorImpl.select(SelectorImpl.java:101)
        at org.apache.hadoop.ipc.Server$Listener$Reader.doRunLoop(Server.java:1097)
        at org.apache.hadoop.ipc.Server$Listener$Reader.run(Server.java:1076)
"pool-237-thread-27"  prio=5 tid=1447 in Object.wait()
java.lang.Thread.State: WAITING (on object monitor)
        at sun.misc.Unsafe.park(Native Method)
        at java.util.concurrent.locks.LockSupport.park(LockSupport.java:175)
        at java.util.concurrent.locks.AbstractQueuedSynchronizer$ConditionObject.await(AbstractQueuedSynchronizer.java:2039)
        at java.util.concurrent.ArrayBlockingQueue.take(ArrayBlockingQueue.java:403)
        at java.util.concurrent.ThreadPoolExecutor.getTask(ThreadPoolExecutor.java:1074)
        at java.util.concurrent.ThreadPoolExecutor.runWorker(ThreadPoolExecutor.java:1134)
        at java.util.concurrent.ThreadPoolExecutor$Worker.run(ThreadPoolExecutor.java:624)
        at java.lang.Thread.run(Thread.java:748)
"pool-279-thread-18"  prio=5 tid=1558 in Object.wait()
java.lang.Thread.State: WAITING (on object monitor)
        at sun.misc.Unsafe.park(Native Method)
        at java.util.concurrent.locks.LockSupport.park(LockSupport.java:175)
        at java.util.concurrent.locks.AbstractQueuedSynchronizer$ConditionObject.await(AbstractQueuedSynchronizer.java:2039)
        at java.util.concurrent.ArrayBlockingQueue.take(ArrayBlockingQueue.java:403)
        at java.util.concurrent.ThreadPoolExecutor.getTask(ThreadPoolExecutor.java:1074)
        at java.util.concurrent.ThreadPoolExecutor.runWorker(ThreadPoolExecutor.java:1134)
        at java.util.concurrent.ThreadPoolExecutor$Worker.run(ThreadPoolExecutor.java:624)
        at java.lang.Thread.run(Thread.java:748)
"java.util.concurrent.ThreadPoolExecutor$Worker@2a319684[State = -1, empty queue]" daemon prio=5 tid=1699 timed_waiting
java.lang.Thread.State: TIMED_WAITING
        at sun.misc.Unsafe.park(Native Method)
        at java.util.concurrent.locks.LockSupport.parkNanos(LockSupport.java:215)
        at java.util.concurrent.locks.AbstractQueuedSynchronizer$ConditionObject.awaitNanos(AbstractQueuedSynchronizer.java:2078)
        at java.util.concurrent.ScheduledThreadPoolExecutor$DelayedWorkQueue.take(ScheduledThreadPoolExecutor.java:1093)
        at java.util.concurrent.ScheduledThreadPoolExecutor$DelayedWorkQueue.take(ScheduledThreadPoolExecutor.java:809)
        at java.util.concurrent.ThreadPoolExecutor.getTask(ThreadPoolExecutor.java:1074)
        at java.util.concurrent.ThreadPoolExecutor.runWorker(ThreadPoolExecutor.java:1134)
        at java.util.concurrent.ThreadPoolExecutor$Worker.run(ThreadPoolExecutor.java:624)
        at java.lang.Thread.run(Thread.java:748)
"pool-216-thread-48"  prio=5 tid=1408 in Object.wait()
java.lang.Thread.State: WAITING (on object monitor)
        at sun.misc.Unsafe.park(Native Method)
        at java.util.concurrent.locks.LockSupport.park(LockSupport.java:175)
        at java.util.concurrent.locks.AbstractQueuedSynchronizer$ConditionObject.await(AbstractQueuedSynchronizer.java:2039)
        at java.util.concurrent.ArrayBlockingQueue.take(ArrayBlockingQueue.java:403)
        at java.util.concurrent.ThreadPoolExecutor.getTask(ThreadPoolExecutor.java:1074)
        at java.util.concurrent.ThreadPoolExecutor.runWorker(ThreadPoolExecutor.java:1134)
        at java.util.concurrent.ThreadPoolExecutor$Worker.run(ThreadPoolExecutor.java:624)
        at java.lang.Thread.run(Thread.java:748)
"pool-174-thread-52"  prio=5 tid=1291 in Object.wait()
java.lang.Thread.State: WAITING (on object monitor)
        at sun.misc.Unsafe.park(Native Method)
        at java.util.concurrent.locks.LockSupport.park(LockSupport.java:175)
        at java.util.concurrent.locks.AbstractQueuedSynchronizer$ConditionObject.await(AbstractQueuedSynchronizer.java:2039)
        at java.util.concurrent.ArrayBlockingQueue.take(ArrayBlockingQueue.java:403)
        at java.util.concurrent.ThreadPoolExecutor.getTask(ThreadPoolExecutor.java:1074)
        at java.util.concurrent.ThreadPoolExecutor.runWorker(ThreadPoolExecutor.java:1134)
        at java.util.concurrent.ThreadPoolExecutor$Worker.run(ThreadPoolExecutor.java:624)
        at java.lang.Thread.run(Thread.java:748)
"org.eclipse.jetty.server.session.HashSessionManager@61dd1c3dTimer" daemon prio=5 tid=1168 timed_waiting
java.lang.Thread.State: TIMED_WAITING
        at sun.misc.Unsafe.park(Native Method)
        at java.util.concurrent.locks.LockSupport.parkNanos(LockSupport.java:215)
        at java.util.concurrent.locks.AbstractQueuedSynchronizer$ConditionObject.awaitNanos(AbstractQueuedSynchronizer.java:2078)
        at java.util.concurrent.ScheduledThreadPoolExecutor$DelayedWorkQueue.take(ScheduledThreadPoolExecutor.java:1093)
        at java.util.concurrent.ScheduledThreadPoolExecutor$DelayedWorkQueue.take(ScheduledThreadPoolExecutor.java:809)
        at java.util.concurrent.ThreadPoolExecutor.getTask(ThreadPoolExecutor.java:1074)
        at java.util.concurrent.ThreadPoolExecutor.runWorker(ThreadPoolExecutor.java:1134)
        at java.util.concurrent.ThreadPoolExecutor$Worker.run(ThreadPoolExecutor.java:624)
        at java.lang.Thread.run(Thread.java:748)
"qtp1920846948-1219" daemon prio=5 tid=1219 runnable
java.lang.Thread.State: RUNNABLE
        at sun.nio.ch.EPollArrayWrapper.epollWait(Native Method)
        at sun.nio.ch.EPollArrayWrapper.poll(EPollArrayWrapper.java:269)
        at sun.nio.ch.EPollSelectorImpl.doSelect(EPollSelectorImpl.java:93)
        at sun.nio.ch.SelectorImpl.lockAndDoSelect(SelectorImpl.java:86)
        at sun.nio.ch.SelectorImpl.select(SelectorImpl.java:97)
        at sun.nio.ch.SelectorImpl.select(SelectorImpl.java:101)
        at org.eclipse.jetty.io.ManagedSelector$SelectorProducer.select(ManagedSelector.java:243)
        at org.eclipse.jetty.io.ManagedSelector$SelectorProducer.produce(ManagedSelector.java:191)
        at org.eclipse.jetty.util.thread.strategy.ExecuteProduceConsume.executeProduceConsume(ExecuteProduceConsume.java:249)
        at org.eclipse.jetty.util.thread.strategy.ExecuteProduceConsume.produceConsume(ExecuteProduceConsume.java:148)
        at org.eclipse.jetty.util.thread.strategy.ExecuteProduceConsume.execute(ExecuteProduceConsume.java:100)
        at org.eclipse.jetty.io.ManagedSelector.run(ManagedSelector.java:147)
        at org.eclipse.jetty.util.thread.QueuedThreadPool.runJob(QueuedThreadPool.java:671)
        at org.eclipse.jetty.util.thread.QueuedThreadPool$2.run(QueuedThreadPool.java:589)
        at java.lang.Thread.run(Thread.java:748)
"nioEventLoopGroup-6-1"  prio=10 tid=231 runnable
java.lang.Thread.State: RUNNABLE
        at sun.nio.ch.EPollArrayWrapper.epollWait(Native Method)
        at sun.nio.ch.EPollArrayWrapper.poll(EPollArrayWrapper.java:269)
        at sun.nio.ch.EPollSelectorImpl.doSelect(EPollSelectorImpl.java:93)
        at sun.nio.ch.SelectorImpl.lockAndDoSelect(SelectorImpl.java:86)
        at sun.nio.ch.SelectorImpl.select(SelectorImpl.java:97)
        at io.netty.channel.nio.SelectedSelectionKeySetSelector.select(SelectedSelectionKeySetSelector.java:62)
        at io.netty.channel.nio.NioEventLoop.select(NioEventLoop.java:753)
        at io.netty.channel.nio.NioEventLoop.run(NioEventLoop.java:408)
        at io.netty.util.concurrent.SingleThreadEventExecutor$5.run(SingleThreadEventExecutor.java:897)
        at io.netty.util.concurrent.FastThreadLocalRunnable.run(FastThreadLocalRunnable.java:30)
        at java.lang.Thread.run(Thread.java:748)


	at org.apache.hadoop.test.GenericTestUtils.waitFor(GenericTestUtils.java:389)
	at org.apache.hadoop.ozone.container.ContainerTestHelper.waitForContainerClose(ContainerTestHelper.java:837)
	at org.apache.hadoop.ozone.client.rpc.TestFailureHandlingByClient.testContainerExclusionWithClosedContainerException(TestFailureHandlingByClient.java:330)
	at sun.reflect.NativeMethodAccessorImpl.invoke0(Native Method)
	at sun.reflect.NativeMethodAccessorImpl.invoke(NativeMethodAccessorImpl.java:62)
	at sun.reflect.DelegatingMethodAccessorImpl.invoke(DelegatingMethodAccessorImpl.java:43)
	at java.lang.reflect.Method.invoke(Method.java:498)
	at org.junit.runners.model.FrameworkMethod$1.runReflectiveCall(FrameworkMethod.java:47)
	at org.junit.internal.runners.model.ReflectiveCallable.run(ReflectiveCallable.java:12)
	at org.junit.runners.model.FrameworkMethod.invokeExplosively(FrameworkMethod.java:44)
	at org.junit.internal.runners.statements.InvokeMethod.evaluate(InvokeMethod.java:17)
	at org.junit.runners.ParentRunner.runLeaf(ParentRunner.java:271)
	at org.junit.runners.BlockJUnit4ClassRunner.runChild(BlockJUnit4ClassRunner.java:70)
	at org.junit.runners.BlockJUnit4ClassRunner.runChild(BlockJUnit4ClassRunner.java:50)
	at org.junit.runners.ParentRunner$3.run(ParentRunner.java:238)
	at org.junit.runners.ParentRunner$1.schedule(ParentRunner.java:63)
	at org.junit.runners.ParentRunner.runChildren(ParentRunner.java:236)
	at org.junit.runners.ParentRunner.access$000(ParentRunner.java:53)
	at org.junit.runners.ParentRunner$2.evaluate(ParentRunner.java:229)
	at org.junit.runners.ParentRunner.run(ParentRunner.java:309)
	at org.apache.maven.surefire.junit4.JUnit4Provider.execute(JUnit4Provider.java:365)
	at org.apache.maven.surefire.junit4.JUnit4Provider.executeWithRerun(JUnit4Provider.java:273)
	at org.apache.maven.surefire.junit4.JUnit4Provider.executeTestSet(JUnit4Provider.java:238)
	at org.apache.maven.surefire.junit4.JUnit4Provider.invoke(JUnit4Provider.java:159)
	at org.apache.maven.surefire.booter.ForkedBooter.invokeProviderInSameClassLoader(ForkedBooter.java:384)
	at org.apache.maven.surefire.booter.ForkedBooter.runSuitesInProcess(ForkedBooter.java:345)
	at org.apache.maven.surefire.booter.ForkedBooter.execute(ForkedBooter.java:126)
	at org.apache.maven.surefire.booter.ForkedBooter.main(ForkedBooter.java:418)
</error>
    <system-out><![CDATA[2019-07-14 06:49:26,961 WARN  server.ServerUtils (ServerUtils.java:getScmDbDir(145)) - ozone.scm.db.dirs is not configured. We recommend adding this setting. Falling back to ozone.metadata.dirs instead.
2019-07-14 06:49:26,974 WARN  server.ServerUtils (ServerUtils.java:getScmDbDir(145)) - ozone.scm.db.dirs is not configured. We recommend adding this setting. Falling back to ozone.metadata.dirs instead.
2019-07-14 06:49:26,975 WARN  server.ServerUtils (ServerUtils.java:getScmDbDir(145)) - ozone.scm.db.dirs is not configured. We recommend adding this setting. Falling back to ozone.metadata.dirs instead.
2019-07-14 06:49:26,975 INFO  db.DBStoreBuilder (DBStoreBuilder.java:addTable(110)) - using custom profile for table: deletedBlocks
2019-07-14 06:49:26,975 INFO  db.DBStoreBuilder (DBStoreBuilder.java:processTables(161)) - Using default column profile:DBProfile.DISK for Table:deletedBlocks
2019-07-14 06:49:26,975 INFO  db.DBStoreBuilder (DBStoreBuilder.java:addTable(110)) - using custom profile for table: validCerts
2019-07-14 06:49:26,976 INFO  db.DBStoreBuilder (DBStoreBuilder.java:processTables(161)) - Using default column profile:DBProfile.DISK for Table:validCerts
2019-07-14 06:49:26,976 INFO  db.DBStoreBuilder (DBStoreBuilder.java:addTable(110)) - using custom profile for table: revokedCerts
2019-07-14 06:49:26,976 INFO  db.DBStoreBuilder (DBStoreBuilder.java:processTables(161)) - Using default column profile:DBProfile.DISK for Table:revokedCerts
2019-07-14 06:49:26,976 INFO  db.DBStoreBuilder (DBStoreBuilder.java:addTable(110)) - using custom profile for table: default
2019-07-14 06:49:26,976 INFO  db.DBStoreBuilder (DBStoreBuilder.java:processTables(167)) - Using default column profile:DBProfile.DISK for Table:default
2019-07-14 06:49:26,977 INFO  db.DBStoreBuilder (DBStoreBuilder.java:getDbProfile(198)) - Using default options. DBProfile.DISK
2019-07-14 06:49:27,106 INFO  net.NodeSchemaLoader (NodeSchemaLoader.java:loadSchemaFromFile(125)) - Loading file from sun.misc.CompoundEnumeration@59f45950
2019-07-14 06:49:27,106 INFO  net.NodeSchemaLoader (NodeSchemaLoader.java:loadSchema(171)) - Loading network topology layer schema file
2019-07-14 06:49:27,112 INFO  node.SCMNodeManager (SCMNodeManager.java:<init>(119)) - Entering startup safe mode.
2019-07-14 06:49:27,113 WARN  server.ServerUtils (ServerUtils.java:getScmDbDir(145)) - ozone.scm.db.dirs is not configured. We recommend adding this setting. Falling back to ozone.metadata.dirs instead.
2019-07-14 06:49:27,163 INFO  pipeline.SCMPipelineManager (SCMPipelineManager.java:initializePipelineState(126)) - No pipeline exists in current db
2019-07-14 06:49:27,163 WARN  server.ServerUtils (ServerUtils.java:getScmDbDir(145)) - ozone.scm.db.dirs is not configured. We recommend adding this setting. Falling back to ozone.metadata.dirs instead.
2019-07-14 06:49:27,197 WARN  events.EventQueue (EventQueue.java:fireEvent(175)) - No event handler registered for event TypedEvent{payloadType=SafeModeStatus, name='SafeModeStatus'}
2019-07-14 06:49:27,198 INFO  ipc.CallQueueManager (CallQueueManager.java:<init>(84)) - Using callQueue: class java.util.concurrent.LinkedBlockingQueue, queueCapacity: 2000, scheduler: class org.apache.hadoop.ipc.DefaultRpcScheduler, ipcBackoff: false.
2019-07-14 06:49:27,199 INFO  ipc.Server (Server.java:run(1074)) - Starting Socket Reader #1 for port 36272
2019-07-14 06:49:27,201 INFO  ipc.CallQueueManager (CallQueueManager.java:<init>(84)) - Using callQueue: class java.util.concurrent.LinkedBlockingQueue, queueCapacity: 2000, scheduler: class org.apache.hadoop.ipc.DefaultRpcScheduler, ipcBackoff: false.
2019-07-14 06:49:27,202 INFO  ipc.Server (Server.java:run(1074)) - Starting Socket Reader #1 for port 42412
2019-07-14 06:49:27,203 INFO  ipc.CallQueueManager (CallQueueManager.java:<init>(84)) - Using callQueue: class java.util.concurrent.LinkedBlockingQueue, queueCapacity: 2000, scheduler: class org.apache.hadoop.ipc.DefaultRpcScheduler, ipcBackoff: false.
2019-07-14 06:49:27,204 INFO  ipc.Server (Server.java:run(1074)) - Starting Socket Reader #1 for port 35612
2019-07-14 06:49:27,208 INFO  hdfs.DFSUtil (DFSUtil.java:httpServerTemplateForNNAndJN(1641)) - Starting Web-server for scm at: http://0.0.0.0:0
2019-07-14 06:49:27,211 INFO  server.AuthenticationFilter (AuthenticationFilter.java:constructSecretProvider(240)) - Unable to initialize FileSignerSecretProvider, falling back to use random secrets.
2019-07-14 06:49:27,211 WARN  http.HttpRequestLog (HttpRequestLog.java:getRequestLog(97)) - Jetty request log can only be enabled using Log4j
2019-07-14 06:49:27,214 INFO  http.HttpServer2 (HttpServer2.java:addGlobalFilter(975)) - Added global filter 'safety' (class=org.apache.hadoop.http.HttpServer2$QuotingInputFilter)
2019-07-14 06:49:27,214 INFO  http.HttpServer2 (HttpServer2.java:addFilter(948)) - Added filter static_user_filter (class=org.apache.hadoop.http.lib.StaticUserWebFilter$StaticUserFilter) to context scm
2019-07-14 06:49:27,215 INFO  http.HttpServer2 (HttpServer2.java:addFilter(958)) - Added filter static_user_filter (class=org.apache.hadoop.http.lib.StaticUserWebFilter$StaticUserFilter) to context logs
2019-07-14 06:49:27,215 INFO  http.HttpServer2 (HttpServer2.java:addFilter(958)) - Added filter static_user_filter (class=org.apache.hadoop.http.lib.StaticUserWebFilter$StaticUserFilter) to context static
2019-07-14 06:49:27,218 INFO  server.StorageContainerManager (StorageContainerManager.java:start(759)) - StorageContainerLocationProtocol RPC server is listening at /0.0.0.0:35612
2019-07-14 06:49:27,220 WARN  impl.MetricsConfig (MetricsConfig.java:loadFirst(134)) - Cannot locate configuration: tried hadoop-metrics2-storagecontainermanager.properties,hadoop-metrics2.properties
2019-07-14 06:49:27,222 INFO  impl.MetricsSystemImpl (MetricsSystemImpl.java:startTimer(374)) - Scheduled Metric snapshot period at 10 second(s).
2019-07-14 06:49:27,222 INFO  impl.MetricsSystemImpl (MetricsSystemImpl.java:start(191)) - StorageContainerManager metrics system started
2019-07-14 06:49:27,269 INFO  server.SCMClientProtocolServer (SCMClientProtocolServer.java:start(149)) - RPC server for Client  is listening at /0.0.0.0:35612
2019-07-14 06:49:27,270 INFO  ipc.Server (Server.java:run(1314)) - IPC Server Responder: starting
2019-07-14 06:49:27,270 INFO  ipc.Server (Server.java:run(1153)) - IPC Server listener on 35612: starting
2019-07-14 06:49:27,273 INFO  server.StorageContainerManager (StorageContainerManager.java:start(768)) - ScmBlockLocationProtocol RPC server is listening at /0.0.0.0:42412
2019-07-14 06:49:27,273 INFO  server.SCMBlockProtocolServer (SCMBlockProtocolServer.java:start(140)) - RPC server for Block Protocol is listening at /0.0.0.0:42412
2019-07-14 06:49:27,274 INFO  ipc.Server (Server.java:run(1314)) - IPC Server Responder: starting
2019-07-14 06:49:27,274 INFO  ipc.Server (Server.java:run(1153)) - IPC Server listener on 42412: starting
2019-07-14 06:49:27,277 INFO  server.StorageContainerManager (StorageContainerManager.java:start(772)) - ScmDatanodeProtocl RPC server is listening at /0.0.0.0:36272
2019-07-14 06:49:27,277 INFO  server.SCMDatanodeProtocolServer (SCMDatanodeProtocolServer.java:start(191)) - RPC server for DataNodes is listening at /0.0.0.0:36272
2019-07-14 06:49:27,277 INFO  ipc.Server (Server.java:run(1314)) - IPC Server Responder: starting
2019-07-14 06:49:27,277 INFO  ipc.Server (Server.java:run(1153)) - IPC Server listener on 36272: starting
2019-07-14 06:49:27,281 INFO  http.HttpServer2 (HttpServer2.java:bindListener(1191)) - Jetty bound to port 46726
2019-07-14 06:49:27,281 INFO  server.Server (Server.java:doStart(351)) - jetty-9.3.24.v20180605, build timestamp: 2018-06-05T17:11:56Z, git hash: 84205aa28f11a4f31f2a3b86d1bba2cc8ab69827
2019-07-14 06:49:27,283 INFO  handler.ContextHandler (ContextHandler.java:doStart(781)) - Started o.e.j.s.ServletContextHandler@9be7319{/logs,file:///tmp/workdir/hadoop-ozone/integration-test/target/log,AVAILABLE}
2019-07-14 06:49:27,284 INFO  handler.ContextHandler (ContextHandler.java:doStart(781)) - Started o.e.j.s.ServletContextHandler@42730828{/static,file:///tmp/workdir/hadoop-ozone/integration-test/target/test-classes/webapps/static,AVAILABLE}
2019-07-14 06:49:27,290 INFO  handler.ContextHandler (ContextHandler.java:doStart(781)) - Started o.e.j.w.WebAppContext@29dcdd1c{/,file:///tmp/workdir/hadoop-ozone/integration-test/target/test-classes/webapps/scm/,AVAILABLE}{/scm}
2019-07-14 06:49:27,291 INFO  server.AbstractConnector (AbstractConnector.java:doStart(278)) - Started ServerConnector@7cdb7fc{HTTP/1.1,[http/1.1]}{0.0.0.0:46726}
2019-07-14 06:49:27,291 INFO  server.Server (Server.java:doStart(419)) - Started @38577ms
2019-07-14 06:49:27,292 INFO  server.BaseHttpServer (BaseHttpServer.java:updateConnectorAddress(207)) - HTTP server of SCM is listening at http://0.0.0.0:46726
2019-07-14 06:49:27,293 WARN  server.ServerUtils (ServerUtils.java:getDBPath(222)) - ozone.om.db.dirs is not configured. We recommend adding this setting. Falling back to ozone.metadata.dirs instead.
2019-07-14 06:49:27,293 INFO  util.JvmPauseMonitor (JvmPauseMonitor.java:run(188)) - Starting JVM pause monitor
2019-07-14 06:49:27,298 WARN  server.ServerUtils (ServerUtils.java:getDBPath(222)) - ozone.om.db.dirs is not configured. We recommend adding this setting. Falling back to ozone.metadata.dirs instead.
2019-07-14 06:49:27,298 INFO  om.OzoneManager (OzoneManager.java:setOMNodeDetails(630)) - OM Service ID is not set. Setting it to the default ID: omServiceIdDefault
2019-07-14 06:49:27,299 INFO  om.OzoneManager (OzoneManager.java:setOMNodeDetails(636)) - OM Node ID is not set. Setting it to the OmStorage's OmID: 8913d59d-8a1b-4331-ac7a-833392f686ac
2019-07-14 06:49:27,299 INFO  om.OzoneManager (OzoneManager.java:loadOMHAConfigs(587)) - Found matching OM address with OMServiceId: null, OMNodeId: null, RPC Address: localhost:0 and Ratis port: 9872
2019-07-14 06:49:27,307 WARN  server.ServerUtils (ServerUtils.java:getDBPath(222)) - ozone.om.db.dirs is not configured. We recommend adding this setting. Falling back to ozone.metadata.dirs instead.
2019-07-14 06:49:27,307 INFO  db.DBStoreBuilder (DBStoreBuilder.java:addTable(110)) - using custom profile for table: userTable
2019-07-14 06:49:27,307 INFO  db.DBStoreBuilder (DBStoreBuilder.java:processTables(161)) - Using default column profile:DBProfile.DISK for Table:userTable
2019-07-14 06:49:27,308 INFO  db.DBStoreBuilder (DBStoreBuilder.java:addTable(110)) - using custom profile for table: volumeTable
2019-07-14 06:49:27,308 INFO  db.DBStoreBuilder (DBStoreBuilder.java:processTables(161)) - Using default column profile:DBProfile.DISK for Table:volumeTable
2019-07-14 06:49:27,308 INFO  db.DBStoreBuilder (DBStoreBuilder.java:addTable(110)) - using custom profile for table: bucketTable
2019-07-14 06:49:27,308 INFO  db.DBStoreBuilder (DBStoreBuilder.java:processTables(161)) - Using default column profile:DBProfile.DISK for Table:bucketTable
2019-07-14 06:49:27,309 INFO  db.DBStoreBuilder (DBStoreBuilder.java:addTable(110)) - using custom profile for table: keyTable
2019-07-14 06:49:27,309 INFO  db.DBStoreBuilder (DBStoreBuilder.java:processTables(161)) - Using default column profile:DBProfile.DISK for Table:keyTable
2019-07-14 06:49:27,309 INFO  db.DBStoreBuilder (DBStoreBuilder.java:addTable(110)) - using custom profile for table: deletedTable
2019-07-14 06:49:27,309 INFO  db.DBStoreBuilder (DBStoreBuilder.java:processTables(161)) - Using default column profile:DBProfile.DISK for Table:deletedTable
2019-07-14 06:49:27,310 INFO  db.DBStoreBuilder (DBStoreBuilder.java:addTable(110)) - using custom profile for table: openKeyTable
2019-07-14 06:49:27,310 INFO  db.DBStoreBuilder (DBStoreBuilder.java:processTables(161)) - Using default column profile:DBProfile.DISK for Table:openKeyTable
2019-07-14 06:49:27,310 INFO  db.DBStoreBuilder (DBStoreBuilder.java:addTable(110)) - using custom profile for table: s3Table
2019-07-14 06:49:27,310 INFO  db.DBStoreBuilder (DBStoreBuilder.java:processTables(161)) - Using default column profile:DBProfile.DISK for Table:s3Table
2019-07-14 06:49:27,310 INFO  db.DBStoreBuilder (DBStoreBuilder.java:addTable(110)) - using custom profile for table: multipartInfoTable
2019-07-14 06:49:27,311 INFO  db.DBStoreBuilder (DBStoreBuilder.java:processTables(161)) - Using default column profile:DBProfile.DISK for Table:multipartInfoTable
2019-07-14 06:49:27,311 INFO  db.DBStoreBuilder (DBStoreBuilder.java:addTable(110)) - using custom profile for table: dTokenTable
2019-07-14 06:49:27,311 INFO  db.DBStoreBuilder (DBStoreBuilder.java:processTables(161)) - Using default column profile:DBProfile.DISK for Table:dTokenTable
2019-07-14 06:49:27,311 INFO  db.DBStoreBuilder (DBStoreBuilder.java:addTable(110)) - using custom profile for table: s3SecretTable
2019-07-14 06:49:27,312 INFO  db.DBStoreBuilder (DBStoreBuilder.java:processTables(161)) - Using default column profile:DBProfile.DISK for Table:s3SecretTable
2019-07-14 06:49:27,312 INFO  db.DBStoreBuilder (DBStoreBuilder.java:addTable(110)) - using custom profile for table: prefixTable
2019-07-14 06:49:27,312 INFO  db.DBStoreBuilder (DBStoreBuilder.java:processTables(161)) - Using default column profile:DBProfile.DISK for Table:prefixTable
2019-07-14 06:49:27,312 INFO  db.DBStoreBuilder (DBStoreBuilder.java:addTable(110)) - using custom profile for table: default
2019-07-14 06:49:27,312 INFO  db.DBStoreBuilder (DBStoreBuilder.java:processTables(167)) - Using default column profile:DBProfile.DISK for Table:default
2019-07-14 06:49:27,313 INFO  db.DBStoreBuilder (DBStoreBuilder.java:getDbProfile(198)) - Using default options. DBProfile.DISK
2019-07-14 06:49:27,704 INFO  ipc.CallQueueManager (CallQueueManager.java:<init>(84)) - Using callQueue: class java.util.concurrent.LinkedBlockingQueue, queueCapacity: 2000, scheduler: class org.apache.hadoop.ipc.DefaultRpcScheduler, ipcBackoff: false.
2019-07-14 06:49:27,705 INFO  ipc.Server (Server.java:run(1074)) - Starting Socket Reader #1 for port 36683
2019-07-14 06:49:27,726 WARN  server.ServerUtils (ServerUtils.java:getDBPath(222)) - ozone.om.db.dirs is not configured. We recommend adding this setting. Falling back to ozone.metadata.dirs instead.
2019-07-14 06:49:27,726 INFO  om.OzoneManager (OzoneManager.java:start(1228)) - OzoneManager RPC server is listening at localhost/127.0.0.1:36683
2019-07-14 06:49:27,727 INFO  impl.MetricsSystemImpl (MetricsSystemImpl.java:init(158)) - OzoneManager metrics system started (again)
2019-07-14 06:49:27,727 INFO  ipc.Server (Server.java:run(1314)) - IPC Server Responder: starting
2019-07-14 06:49:27,727 INFO  ipc.Server (Server.java:run(1153)) - IPC Server listener on 36683: starting
2019-07-14 06:49:27,732 INFO  hdfs.DFSUtil (DFSUtil.java:httpServerTemplateForNNAndJN(1641)) - Starting Web-server for ozoneManager at: http://0.0.0.0:0
2019-07-14 06:49:27,735 INFO  server.AuthenticationFilter (AuthenticationFilter.java:constructSecretProvider(240)) - Unable to initialize FileSignerSecretProvider, falling back to use random secrets.
2019-07-14 06:49:27,735 WARN  http.HttpRequestLog (HttpRequestLog.java:getRequestLog(97)) - Jetty request log can only be enabled using Log4j
2019-07-14 06:49:27,738 INFO  http.HttpServer2 (HttpServer2.java:addGlobalFilter(975)) - Added global filter 'safety' (class=org.apache.hadoop.http.HttpServer2$QuotingInputFilter)
2019-07-14 06:49:27,739 INFO  http.HttpServer2 (HttpServer2.java:addFilter(948)) - Added filter static_user_filter (class=org.apache.hadoop.http.lib.StaticUserWebFilter$StaticUserFilter) to context ozoneManager
2019-07-14 06:49:27,739 INFO  http.HttpServer2 (HttpServer2.java:addFilter(958)) - Added filter static_user_filter (class=org.apache.hadoop.http.lib.StaticUserWebFilter$StaticUserFilter) to context logs
2019-07-14 06:49:27,739 INFO  http.HttpServer2 (HttpServer2.java:addFilter(958)) - Added filter static_user_filter (class=org.apache.hadoop.http.lib.StaticUserWebFilter$StaticUserFilter) to context static
2019-07-14 06:49:27,740 INFO  http.HttpServer2 (HttpServer2.java:bindListener(1191)) - Jetty bound to port 36840
2019-07-14 06:49:27,741 INFO  server.Server (Server.java:doStart(351)) - jetty-9.3.24.v20180605, build timestamp: 2018-06-05T17:11:56Z, git hash: 84205aa28f11a4f31f2a3b86d1bba2cc8ab69827
2019-07-14 06:49:27,743 INFO  handler.ContextHandler (ContextHandler.java:doStart(781)) - Started o.e.j.s.ServletContextHandler@5e69cf07{/logs,file:///tmp/workdir/hadoop-ozone/integration-test/target/log,AVAILABLE}
2019-07-14 06:49:27,744 INFO  handler.ContextHandler (ContextHandler.java:doStart(781)) - Started o.e.j.s.ServletContextHandler@2c2e3460{/static,file:///tmp/workdir/hadoop-ozone/integration-test/target/test-classes/webapps/static,AVAILABLE}
2019-07-14 06:49:27,750 INFO  handler.ContextHandler (ContextHandler.java:doStart(781)) - Started o.e.j.w.WebAppContext@6b3f4bd8{/,file:///tmp/workdir/hadoop-ozone/integration-test/target/test-classes/webapps/ozoneManager/,AVAILABLE}{/ozoneManager}
2019-07-14 06:49:27,751 INFO  server.AbstractConnector (AbstractConnector.java:doStart(278)) - Started ServerConnector@3e151e1f{HTTP/1.1,[http/1.1]}{0.0.0.0:36840}
2019-07-14 06:49:27,752 INFO  server.Server (Server.java:doStart(419)) - Started @39037ms
2019-07-14 06:49:27,753 INFO  server.BaseHttpServer (BaseHttpServer.java:updateConnectorAddress(207)) - HTTP server of OZONEMANAGER is listening at http://0.0.0.0:36840
2019-07-14 06:49:27,772 INFO  impl.MetricsSystemImpl (MetricsSystemImpl.java:init(158)) - HddsDatanode metrics system started (again)
2019-07-14 06:49:27,772 INFO  ozone.HddsDatanodeService (HddsDatanodeService.java:start(185)) - HddsDatanodeService host:trunk-nightly-8c95p-1540871953 ip:192.168.5.144
2019-07-14 06:49:27,779 INFO  volume.HddsVolume (HddsVolume.java:<init>(176)) - Creating Volume: /tmp/workdir/hadoop-ozone/integration-test/target/test-dir/MiniOzoneClusterImpl-d6a8514b-9f5a-4ec7-be91-cc3589120d34/datanode-0/data/containers/hdds of  storage type : DISK and capacity : 52710309888
2019-07-14 06:49:27,780 INFO  volume.VolumeSet (VolumeSet.java:initializeVolumeSet(170)) - Added Volume : /tmp/workdir/hadoop-ozone/integration-test/target/test-dir/MiniOzoneClusterImpl-d6a8514b-9f5a-4ec7-be91-cc3589120d34/datanode-0/data/containers/hdds to VolumeSet
2019-07-14 06:49:27,780 INFO  volume.ThrottledAsyncChecker (ThrottledAsyncChecker.java:schedule(140)) - Scheduling a check for org.apache.hadoop.ozone.container.common.volume.HddsVolume@4eeb14e0
2019-07-14 06:49:27,781 INFO  volume.HddsVolumeChecker (HddsVolumeChecker.java:checkAllVolumes(203)) - Scheduled health check for volume org.apache.hadoop.ozone.container.common.volume.HddsVolume@4eeb14e0
2019-07-14 06:49:27,798 INFO  impl.RaftServerProxy (ConfUtils.java:logGet(43)) - raft.rpc.type = GRPC (default)
2019-07-14 06:49:27,798 INFO  grpc.GrpcFactory (GrpcFactory.java:checkPooledByteBufAllocatorUseCacheForAllThreads(45)) - PERFORMANCE WARNING: useCacheForAllThreads is true that may cause Netty to create a lot garbage objects and, as a result, trigger GC.
	It is recommended to disable useCacheForAllThreads by setting -Dorg.apache.ratis.thirdparty.io.netty.allocator.useCacheForAllThreads=false in command line.
2019-07-14 06:49:27,798 INFO  grpc.GrpcConfigKeys$Server (ConfUtils.java:logGet(43)) - raft.grpc.server.port = 0 (default)
2019-07-14 06:49:27,799 INFO  server.GrpcService (ConfUtils.java:logGet(43)) - raft.grpc.message.size.max = 33570816 (custom)
2019-07-14 06:49:27,799 INFO  server.RaftServerConfigKeys (ConfUtils.java:logGet(43)) - raft.server.log.appender.buffer.byte-limit = 33554432 (custom)
2019-07-14 06:49:27,799 INFO  server.GrpcService (ConfUtils.java:logGet(43)) - raft.grpc.flow.control.window = 1MB (=1048576) (default)
2019-07-14 06:49:27,800 INFO  server.RaftServerConfigKeys (ConfUtils.java:logGet(43)) - raft.server.rpc.request.timeout = 3000ms (default)
2019-07-14 06:49:27,800 INFO  server.RaftServerConfigKeys (ConfUtils.java:logGet(43)) - raft.server.storage.dir = [/tmp/workdir/hadoop-ozone/integration-test/target/test-dir/MiniOzoneClusterImpl-d6a8514b-9f5a-4ec7-be91-cc3589120d34/datanode-0/data/ratis] (custom)
2019-07-14 06:49:27,801 INFO  replication.SimpleContainerDownloader (SimpleContainerDownloader.java:<init>(72)) - Starting container downloader service to copy containers to replicate.
2019-07-14 06:49:27,802 INFO  hdfs.DFSUtil (DFSUtil.java:httpServerTemplateForNNAndJN(1641)) - Starting Web-server for hddsDatanode at: http://0.0.0.0:0
2019-07-14 06:49:27,804 INFO  server.AuthenticationFilter (AuthenticationFilter.java:constructSecretProvider(240)) - Unable to initialize FileSignerSecretProvider, falling back to use random secrets.
2019-07-14 06:49:27,804 WARN  http.HttpRequestLog (HttpRequestLog.java:getRequestLog(97)) - Jetty request log can only be enabled using Log4j
2019-07-14 06:49:27,806 INFO  http.HttpServer2 (HttpServer2.java:addGlobalFilter(975)) - Added global filter 'safety' (class=org.apache.hadoop.http.HttpServer2$QuotingInputFilter)
2019-07-14 06:49:27,807 INFO  http.HttpServer2 (HttpServer2.java:addFilter(948)) - Added filter static_user_filter (class=org.apache.hadoop.http.lib.StaticUserWebFilter$StaticUserFilter) to context hddsDatanode
2019-07-14 06:49:27,807 INFO  http.HttpServer2 (HttpServer2.java:addFilter(958)) - Added filter static_user_filter (class=org.apache.hadoop.http.lib.StaticUserWebFilter$StaticUserFilter) to context logs
2019-07-14 06:49:27,807 INFO  http.HttpServer2 (HttpServer2.java:addFilter(958)) - Added filter static_user_filter (class=org.apache.hadoop.http.lib.StaticUserWebFilter$StaticUserFilter) to context static
2019-07-14 06:49:27,808 INFO  http.HttpServer2 (HttpServer2.java:bindListener(1191)) - Jetty bound to port 35693
2019-07-14 06:49:27,808 INFO  server.Server (Server.java:doStart(351)) - jetty-9.3.24.v20180605, build timestamp: 2018-06-05T17:11:56Z, git hash: 84205aa28f11a4f31f2a3b86d1bba2cc8ab69827
2019-07-14 06:49:27,810 INFO  handler.ContextHandler (ContextHandler.java:doStart(781)) - Started o.e.j.s.ServletContextHandler@762bf32d{/logs,file:///tmp/workdir/hadoop-ozone/integration-test/target/log,AVAILABLE}
2019-07-14 06:49:27,811 INFO  handler.ContextHandler (ContextHandler.java:doStart(781)) - Started o.e.j.s.ServletContextHandler@7b1a30e5{/static,jar:file:/home/user/.m2/repository/org/apache/hadoop/hadoop-hdds-container-service/0.5.0-SNAPSHOT/hadoop-hdds-container-service-0.5.0-SNAPSHOT.jar!/webapps/static,AVAILABLE}
2019-07-14 06:49:27,845 INFO  handler.ContextHandler (ContextHandler.java:doStart(781)) - Started o.e.j.w.WebAppContext@5c5a91b4{/,file:///tmp/jetty-0.0.0.0-35693-hddsDatanode-_-any-8810867709819369699.dir/webapp/,AVAILABLE}{/hddsDatanode}
2019-07-14 06:49:27,845 INFO  server.AbstractConnector (AbstractConnector.java:doStart(278)) - Started ServerConnector@5e37fb82{HTTP/1.1,[http/1.1]}{0.0.0.0:35693}
2019-07-14 06:49:27,846 INFO  server.Server (Server.java:doStart(419)) - Started @39132ms
2019-07-14 06:49:27,847 INFO  server.BaseHttpServer (BaseHttpServer.java:updateConnectorAddress(207)) - HTTP server of HDDSDATANODE is listening at http://0.0.0.0:35693
2019-07-14 06:49:27,993 INFO  ozone.HddsDatanodeService (HddsDatanodeService.java:startPlugins(396)) - Started plug-in org.apache.hadoop.ozone.web.OzoneHddsDatanodeService@6e5f5478
2019-07-14 06:49:27,993 INFO  impl.MetricsSystemImpl (MetricsSystemImpl.java:init(158)) - HddsDatanode metrics system started (again)
2019-07-14 06:49:27,994 INFO  ozone.HddsDatanodeService (HddsDatanodeService.java:start(185)) - HddsDatanodeService host:trunk-nightly-8c95p-1540871953 ip:192.168.5.144
2019-07-14 06:49:27,995 INFO  util.JvmPauseMonitor (JvmPauseMonitor.java:run(188)) - Starting JVM pause monitor
2019-07-14 06:49:27,998 INFO  datanode.InitDatanodeState (InitDatanodeState.java:persistContainerDatanodeDetails(140)) - DatanodeDetails is persisted to /tmp/workdir/hadoop-ozone/integration-test/target/test-dir/MiniOzoneClusterImpl-d6a8514b-9f5a-4ec7-be91-cc3589120d34/datanode-0/meta/datanode.id
2019-07-14 06:49:28,001 INFO  volume.HddsVolume (HddsVolume.java:<init>(176)) - Creating Volume: /tmp/workdir/hadoop-ozone/integration-test/target/test-dir/MiniOzoneClusterImpl-d6a8514b-9f5a-4ec7-be91-cc3589120d34/datanode-1/data/containers/hdds of  storage type : DISK and capacity : 52710309888
2019-07-14 06:49:28,002 INFO  volume.VolumeSet (VolumeSet.java:initializeVolumeSet(170)) - Added Volume : /tmp/workdir/hadoop-ozone/integration-test/target/test-dir/MiniOzoneClusterImpl-d6a8514b-9f5a-4ec7-be91-cc3589120d34/datanode-1/data/containers/hdds to VolumeSet
2019-07-14 06:49:28,002 INFO  volume.ThrottledAsyncChecker (ThrottledAsyncChecker.java:schedule(140)) - Scheduling a check for org.apache.hadoop.ozone.container.common.volume.HddsVolume@2a19a0fe
2019-07-14 06:49:28,002 INFO  volume.HddsVolumeChecker (HddsVolumeChecker.java:checkAllVolumes(203)) - Scheduled health check for volume org.apache.hadoop.ozone.container.common.volume.HddsVolume@2a19a0fe
2019-07-14 06:49:28,016 INFO  impl.RaftServerProxy (ConfUtils.java:logGet(43)) - raft.rpc.type = GRPC (default)
2019-07-14 06:49:28,016 INFO  grpc.GrpcFactory (GrpcFactory.java:checkPooledByteBufAllocatorUseCacheForAllThreads(45)) - PERFORMANCE WARNING: useCacheForAllThreads is true that may cause Netty to create a lot garbage objects and, as a result, trigger GC.
	It is recommended to disable useCacheForAllThreads by setting -Dorg.apache.ratis.thirdparty.io.netty.allocator.useCacheForAllThreads=false in command line.
2019-07-14 06:49:28,016 INFO  grpc.GrpcConfigKeys$Server (ConfUtils.java:logGet(43)) - raft.grpc.server.port = 0 (default)
2019-07-14 06:49:28,016 INFO  server.GrpcService (ConfUtils.java:logGet(43)) - raft.grpc.message.size.max = 33570816 (custom)
2019-07-14 06:49:28,017 INFO  server.RaftServerConfigKeys (ConfUtils.java:logGet(43)) - raft.server.log.appender.buffer.byte-limit = 33554432 (custom)
2019-07-14 06:49:28,017 INFO  server.GrpcService (ConfUtils.java:logGet(43)) - raft.grpc.flow.control.window = 1MB (=1048576) (default)
2019-07-14 06:49:28,017 INFO  server.RaftServerConfigKeys (ConfUtils.java:logGet(43)) - raft.server.rpc.request.timeout = 3000ms (default)
2019-07-14 06:49:28,017 INFO  server.RaftServerConfigKeys (ConfUtils.java:logGet(43)) - raft.server.storage.dir = [/tmp/workdir/hadoop-ozone/integration-test/target/test-dir/MiniOzoneClusterImpl-d6a8514b-9f5a-4ec7-be91-cc3589120d34/datanode-1/data/ratis] (custom)
2019-07-14 06:49:28,018 INFO  replication.SimpleContainerDownloader (SimpleContainerDownloader.java:<init>(72)) - Starting container downloader service to copy containers to replicate.
2019-07-14 06:49:28,019 INFO  hdfs.DFSUtil (DFSUtil.java:httpServerTemplateForNNAndJN(1641)) - Starting Web-server for hddsDatanode at: http://0.0.0.0:0
2019-07-14 06:49:28,020 INFO  server.AuthenticationFilter (AuthenticationFilter.java:constructSecretProvider(240)) - Unable to initialize FileSignerSecretProvider, falling back to use random secrets.
2019-07-14 06:49:28,021 WARN  http.HttpRequestLog (HttpRequestLog.java:getRequestLog(97)) - Jetty request log can only be enabled using Log4j
2019-07-14 06:49:28,022 INFO  http.HttpServer2 (HttpServer2.java:addGlobalFilter(975)) - Added global filter 'safety' (class=org.apache.hadoop.http.HttpServer2$QuotingInputFilter)
2019-07-14 06:49:28,022 INFO  http.HttpServer2 (HttpServer2.java:addFilter(948)) - Added filter static_user_filter (class=org.apache.hadoop.http.lib.StaticUserWebFilter$StaticUserFilter) to context hddsDatanode
2019-07-14 06:49:28,023 INFO  http.HttpServer2 (HttpServer2.java:addFilter(958)) - Added filter static_user_filter (class=org.apache.hadoop.http.lib.StaticUserWebFilter$StaticUserFilter) to context logs
2019-07-14 06:49:28,023 INFO  http.HttpServer2 (HttpServer2.java:addFilter(958)) - Added filter static_user_filter (class=org.apache.hadoop.http.lib.StaticUserWebFilter$StaticUserFilter) to context static
2019-07-14 06:49:28,023 INFO  http.HttpServer2 (HttpServer2.java:bindListener(1191)) - Jetty bound to port 40095
2019-07-14 06:49:28,024 INFO  server.Server (Server.java:doStart(351)) - jetty-9.3.24.v20180605, build timestamp: 2018-06-05T17:11:56Z, git hash: 84205aa28f11a4f31f2a3b86d1bba2cc8ab69827
2019-07-14 06:49:28,025 INFO  handler.ContextHandler (ContextHandler.java:doStart(781)) - Started o.e.j.s.ServletContextHandler@69ba3f4e{/logs,file:///tmp/workdir/hadoop-ozone/integration-test/target/log,AVAILABLE}
2019-07-14 06:49:28,025 INFO  handler.ContextHandler (ContextHandler.java:doStart(781)) - Started o.e.j.s.ServletContextHandler@a826ff8{/static,jar:file:/home/user/.m2/repository/org/apache/hadoop/hadoop-hdds-container-service/0.5.0-SNAPSHOT/hadoop-hdds-container-service-0.5.0-SNAPSHOT.jar!/webapps/static,AVAILABLE}
2019-07-14 06:49:28,053 INFO  handler.ContextHandler (ContextHandler.java:doStart(781)) - Started o.e.j.w.WebAppContext@15d65fcf{/,file:///tmp/jetty-0.0.0.0-40095-hddsDatanode-_-any-6810484377190254535.dir/webapp/,AVAILABLE}{/hddsDatanode}
2019-07-14 06:49:28,054 INFO  server.AbstractConnector (AbstractConnector.java:doStart(278)) - Started ServerConnector@3b021664{HTTP/1.1,[http/1.1]}{0.0.0.0:40095}
2019-07-14 06:49:28,055 INFO  server.Server (Server.java:doStart(419)) - Started @39341ms
2019-07-14 06:49:28,056 INFO  server.BaseHttpServer (BaseHttpServer.java:updateConnectorAddress(207)) - HTTP server of HDDSDATANODE is listening at http://0.0.0.0:40095
2019-07-14 06:49:28,175 INFO  ozone.HddsDatanodeService (HddsDatanodeService.java:startPlugins(396)) - Started plug-in org.apache.hadoop.ozone.web.OzoneHddsDatanodeService@79604abe
2019-07-14 06:49:28,176 INFO  impl.MetricsSystemImpl (MetricsSystemImpl.java:init(158)) - HddsDatanode metrics system started (again)
2019-07-14 06:49:28,178 INFO  ozone.HddsDatanodeService (HddsDatanodeService.java:start(185)) - HddsDatanodeService host:trunk-nightly-8c95p-1540871953 ip:192.168.5.144
2019-07-14 06:49:28,179 INFO  util.JvmPauseMonitor (JvmPauseMonitor.java:run(188)) - Starting JVM pause monitor
2019-07-14 06:49:28,181 INFO  datanode.InitDatanodeState (InitDatanodeState.java:persistContainerDatanodeDetails(140)) - DatanodeDetails is persisted to /tmp/workdir/hadoop-ozone/integration-test/target/test-dir/MiniOzoneClusterImpl-d6a8514b-9f5a-4ec7-be91-cc3589120d34/datanode-1/meta/datanode.id
2019-07-14 06:49:28,185 INFO  volume.HddsVolume (HddsVolume.java:<init>(176)) - Creating Volume: /tmp/workdir/hadoop-ozone/integration-test/target/test-dir/MiniOzoneClusterImpl-d6a8514b-9f5a-4ec7-be91-cc3589120d34/datanode-2/data/containers/hdds of  storage type : DISK and capacity : 52710309888
2019-07-14 06:49:28,185 INFO  volume.VolumeSet (VolumeSet.java:initializeVolumeSet(170)) - Added Volume : /tmp/workdir/hadoop-ozone/integration-test/target/test-dir/MiniOzoneClusterImpl-d6a8514b-9f5a-4ec7-be91-cc3589120d34/datanode-2/data/containers/hdds to VolumeSet
2019-07-14 06:49:28,186 INFO  volume.ThrottledAsyncChecker (ThrottledAsyncChecker.java:schedule(140)) - Scheduling a check for org.apache.hadoop.ozone.container.common.volume.HddsVolume@3e28dc96
2019-07-14 06:49:28,186 INFO  volume.HddsVolumeChecker (HddsVolumeChecker.java:checkAllVolumes(203)) - Scheduled health check for volume org.apache.hadoop.ozone.container.common.volume.HddsVolume@3e28dc96
2019-07-14 06:49:28,200 INFO  impl.RaftServerProxy (ConfUtils.java:logGet(43)) - raft.rpc.type = GRPC (default)
2019-07-14 06:49:28,200 INFO  grpc.GrpcFactory (GrpcFactory.java:checkPooledByteBufAllocatorUseCacheForAllThreads(45)) - PERFORMANCE WARNING: useCacheForAllThreads is true that may cause Netty to create a lot garbage objects and, as a result, trigger GC.
	It is recommended to disable useCacheForAllThreads by setting -Dorg.apache.ratis.thirdparty.io.netty.allocator.useCacheForAllThreads=false in command line.
2019-07-14 06:49:28,200 INFO  grpc.GrpcConfigKeys$Server (ConfUtils.java:logGet(43)) - raft.grpc.server.port = 0 (default)
2019-07-14 06:49:28,201 INFO  server.GrpcService (ConfUtils.java:logGet(43)) - raft.grpc.message.size.max = 33570816 (custom)
2019-07-14 06:49:28,201 INFO  server.RaftServerConfigKeys (ConfUtils.java:logGet(43)) - raft.server.log.appender.buffer.byte-limit = 33554432 (custom)
2019-07-14 06:49:28,201 INFO  server.GrpcService (ConfUtils.java:logGet(43)) - raft.grpc.flow.control.window = 1MB (=1048576) (default)
2019-07-14 06:49:28,201 INFO  server.RaftServerConfigKeys (ConfUtils.java:logGet(43)) - raft.server.rpc.request.timeout = 3000ms (default)
2019-07-14 06:49:28,202 INFO  server.RaftServerConfigKeys (ConfUtils.java:logGet(43)) - raft.server.storage.dir = [/tmp/workdir/hadoop-ozone/integration-test/target/test-dir/MiniOzoneClusterImpl-d6a8514b-9f5a-4ec7-be91-cc3589120d34/datanode-2/data/ratis] (custom)
2019-07-14 06:49:28,202 INFO  replication.SimpleContainerDownloader (SimpleContainerDownloader.java:<init>(72)) - Starting container downloader service to copy containers to replicate.
2019-07-14 06:49:28,203 INFO  hdfs.DFSUtil (DFSUtil.java:httpServerTemplateForNNAndJN(1641)) - Starting Web-server for hddsDatanode at: http://0.0.0.0:0
2019-07-14 06:49:28,206 INFO  server.AuthenticationFilter (AuthenticationFilter.java:constructSecretProvider(240)) - Unable to initialize FileSignerSecretProvider, falling back to use random secrets.
2019-07-14 06:49:28,207 WARN  http.HttpRequestLog (HttpRequestLog.java:getRequestLog(97)) - Jetty request log can only be enabled using Log4j
2019-07-14 06:49:28,209 INFO  http.HttpServer2 (HttpServer2.java:addGlobalFilter(975)) - Added global filter 'safety' (class=org.apache.hadoop.http.HttpServer2$QuotingInputFilter)
2019-07-14 06:49:28,210 INFO  http.HttpServer2 (HttpServer2.java:addFilter(948)) - Added filter static_user_filter (class=org.apache.hadoop.http.lib.StaticUserWebFilter$StaticUserFilter) to context hddsDatanode
2019-07-14 06:49:28,210 INFO  http.HttpServer2 (HttpServer2.java:addFilter(958)) - Added filter static_user_filter (class=org.apache.hadoop.http.lib.StaticUserWebFilter$StaticUserFilter) to context static
2019-07-14 06:49:28,210 INFO  http.HttpServer2 (HttpServer2.java:addFilter(958)) - Added filter static_user_filter (class=org.apache.hadoop.http.lib.StaticUserWebFilter$StaticUserFilter) to context logs
2019-07-14 06:49:28,211 INFO  http.HttpServer2 (HttpServer2.java:bindListener(1191)) - Jetty bound to port 38549
2019-07-14 06:49:28,211 INFO  server.Server (Server.java:doStart(351)) - jetty-9.3.24.v20180605, build timestamp: 2018-06-05T17:11:56Z, git hash: 84205aa28f11a4f31f2a3b86d1bba2cc8ab69827
2019-07-14 06:49:28,214 INFO  handler.ContextHandler (ContextHandler.java:doStart(781)) - Started o.e.j.s.ServletContextHandler@4eb63dc8{/logs,file:///tmp/workdir/hadoop-ozone/integration-test/target/log,AVAILABLE}
2019-07-14 06:49:28,214 INFO  handler.ContextHandler (ContextHandler.java:doStart(781)) - Started o.e.j.s.ServletContextHandler@395281c2{/static,jar:file:/home/user/.m2/repository/org/apache/hadoop/hadoop-hdds-container-service/0.5.0-SNAPSHOT/hadoop-hdds-container-service-0.5.0-SNAPSHOT.jar!/webapps/static,AVAILABLE}
2019-07-14 06:49:28,256 INFO  handler.ContextHandler (ContextHandler.java:doStart(781)) - Started o.e.j.w.WebAppContext@3ef0e576{/,file:///tmp/jetty-0.0.0.0-38549-hddsDatanode-_-any-5946039299206299790.dir/webapp/,AVAILABLE}{/hddsDatanode}
2019-07-14 06:49:28,256 INFO  server.AbstractConnector (AbstractConnector.java:doStart(278)) - Started ServerConnector@da34eb0{HTTP/1.1,[http/1.1]}{0.0.0.0:38549}
2019-07-14 06:49:28,258 INFO  server.Server (Server.java:doStart(419)) - Started @39544ms
2019-07-14 06:49:28,259 INFO  server.BaseHttpServer (BaseHttpServer.java:updateConnectorAddress(207)) - HTTP server of HDDSDATANODE is listening at http://0.0.0.0:38549
2019-07-14 06:49:28,495 INFO  ozone.HddsDatanodeService (HddsDatanodeService.java:startPlugins(396)) - Started plug-in org.apache.hadoop.ozone.web.OzoneHddsDatanodeService@580c17a0
2019-07-14 06:49:28,495 INFO  impl.MetricsSystemImpl (MetricsSystemImpl.java:init(158)) - HddsDatanode metrics system started (again)
2019-07-14 06:49:28,497 INFO  ozone.HddsDatanodeService (HddsDatanodeService.java:start(185)) - HddsDatanodeService host:trunk-nightly-8c95p-1540871953 ip:192.168.5.144
2019-07-14 06:49:28,498 INFO  util.JvmPauseMonitor (JvmPauseMonitor.java:run(188)) - Starting JVM pause monitor
2019-07-14 06:49:28,501 INFO  datanode.InitDatanodeState (InitDatanodeState.java:persistContainerDatanodeDetails(140)) - DatanodeDetails is persisted to /tmp/workdir/hadoop-ozone/integration-test/target/test-dir/MiniOzoneClusterImpl-d6a8514b-9f5a-4ec7-be91-cc3589120d34/datanode-2/meta/datanode.id
2019-07-14 06:49:28,506 INFO  volume.HddsVolume (HddsVolume.java:<init>(176)) - Creating Volume: /tmp/workdir/hadoop-ozone/integration-test/target/test-dir/MiniOzoneClusterImpl-d6a8514b-9f5a-4ec7-be91-cc3589120d34/datanode-3/data/containers/hdds of  storage type : DISK and capacity : 52710309888
2019-07-14 06:49:28,506 INFO  volume.VolumeSet (VolumeSet.java:initializeVolumeSet(170)) - Added Volume : /tmp/workdir/hadoop-ozone/integration-test/target/test-dir/MiniOzoneClusterImpl-d6a8514b-9f5a-4ec7-be91-cc3589120d34/datanode-3/data/containers/hdds to VolumeSet
2019-07-14 06:49:28,506 INFO  volume.ThrottledAsyncChecker (ThrottledAsyncChecker.java:schedule(140)) - Scheduling a check for org.apache.hadoop.ozone.container.common.volume.HddsVolume@3f1158ee
2019-07-14 06:49:28,507 INFO  volume.HddsVolumeChecker (HddsVolumeChecker.java:checkAllVolumes(203)) - Scheduled health check for volume org.apache.hadoop.ozone.container.common.volume.HddsVolume@3f1158ee
2019-07-14 06:49:28,523 INFO  impl.RaftServerProxy (ConfUtils.java:logGet(43)) - raft.rpc.type = GRPC (default)
2019-07-14 06:49:28,523 INFO  grpc.GrpcFactory (GrpcFactory.java:checkPooledByteBufAllocatorUseCacheForAllThreads(45)) - PERFORMANCE WARNING: useCacheForAllThreads is true that may cause Netty to create a lot garbage objects and, as a result, trigger GC.
	It is recommended to disable useCacheForAllThreads by setting -Dorg.apache.ratis.thirdparty.io.netty.allocator.useCacheForAllThreads=false in command line.
2019-07-14 06:49:28,523 INFO  grpc.GrpcConfigKeys$Server (ConfUtils.java:logGet(43)) - raft.grpc.server.port = 0 (default)
2019-07-14 06:49:28,523 INFO  server.GrpcService (ConfUtils.java:logGet(43)) - raft.grpc.message.size.max = 33570816 (custom)
2019-07-14 06:49:28,524 INFO  server.RaftServerConfigKeys (ConfUtils.java:logGet(43)) - raft.server.log.appender.buffer.byte-limit = 33554432 (custom)
2019-07-14 06:49:28,524 INFO  server.GrpcService (ConfUtils.java:logGet(43)) - raft.grpc.flow.control.window = 1MB (=1048576) (default)
2019-07-14 06:49:28,524 INFO  server.RaftServerConfigKeys (ConfUtils.java:logGet(43)) - raft.server.rpc.request.timeout = 3000ms (default)
2019-07-14 06:49:28,525 INFO  server.RaftServerConfigKeys (ConfUtils.java:logGet(43)) - raft.server.storage.dir = [/tmp/workdir/hadoop-ozone/integration-test/target/test-dir/MiniOzoneClusterImpl-d6a8514b-9f5a-4ec7-be91-cc3589120d34/datanode-3/data/ratis] (custom)
2019-07-14 06:49:28,525 INFO  replication.SimpleContainerDownloader (SimpleContainerDownloader.java:<init>(72)) - Starting container downloader service to copy containers to replicate.
2019-07-14 06:49:28,526 INFO  hdfs.DFSUtil (DFSUtil.java:httpServerTemplateForNNAndJN(1641)) - Starting Web-server for hddsDatanode at: http://0.0.0.0:0
2019-07-14 06:49:28,528 INFO  server.AuthenticationFilter (AuthenticationFilter.java:constructSecretProvider(240)) - Unable to initialize FileSignerSecretProvider, falling back to use random secrets.
2019-07-14 06:49:28,528 WARN  http.HttpRequestLog (HttpRequestLog.java:getRequestLog(97)) - Jetty request log can only be enabled using Log4j
2019-07-14 06:49:28,530 INFO  http.HttpServer2 (HttpServer2.java:addGlobalFilter(975)) - Added global filter 'safety' (class=org.apache.hadoop.http.HttpServer2$QuotingInputFilter)
2019-07-14 06:49:28,530 INFO  http.HttpServer2 (HttpServer2.java:addFilter(948)) - Added filter static_user_filter (class=org.apache.hadoop.http.lib.StaticUserWebFilter$StaticUserFilter) to context hddsDatanode
2019-07-14 06:49:28,530 INFO  http.HttpServer2 (HttpServer2.java:addFilter(958)) - Added filter static_user_filter (class=org.apache.hadoop.http.lib.StaticUserWebFilter$StaticUserFilter) to context logs
2019-07-14 06:49:28,530 INFO  http.HttpServer2 (HttpServer2.java:addFilter(958)) - Added filter static_user_filter (class=org.apache.hadoop.http.lib.StaticUserWebFilter$StaticUserFilter) to context static
2019-07-14 06:49:28,531 INFO  http.HttpServer2 (HttpServer2.java:bindListener(1191)) - Jetty bound to port 39239
2019-07-14 06:49:28,531 INFO  server.Server (Server.java:doStart(351)) - jetty-9.3.24.v20180605, build timestamp: 2018-06-05T17:11:56Z, git hash: 84205aa28f11a4f31f2a3b86d1bba2cc8ab69827
2019-07-14 06:49:28,533 INFO  handler.ContextHandler (ContextHandler.java:doStart(781)) - Started o.e.j.s.ServletContextHandler@338d47b{/logs,file:///tmp/workdir/hadoop-ozone/integration-test/target/log,AVAILABLE}
2019-07-14 06:49:28,534 INFO  handler.ContextHandler (ContextHandler.java:doStart(781)) - Started o.e.j.s.ServletContextHandler@2729bb71{/static,jar:file:/home/user/.m2/repository/org/apache/hadoop/hadoop-hdds-container-service/0.5.0-SNAPSHOT/hadoop-hdds-container-service-0.5.0-SNAPSHOT.jar!/webapps/static,AVAILABLE}
2019-07-14 06:49:28,562 INFO  handler.ContextHandler (ContextHandler.java:doStart(781)) - Started o.e.j.w.WebAppContext@7d12429{/,file:///tmp/jetty-0.0.0.0-39239-hddsDatanode-_-any-4959966210072482565.dir/webapp/,AVAILABLE}{/hddsDatanode}
2019-07-14 06:49:28,563 INFO  server.AbstractConnector (AbstractConnector.java:doStart(278)) - Started ServerConnector@14656be5{HTTP/1.1,[http/1.1]}{0.0.0.0:39239}
2019-07-14 06:49:28,564 INFO  server.Server (Server.java:doStart(419)) - Started @39850ms
2019-07-14 06:49:28,565 INFO  server.BaseHttpServer (BaseHttpServer.java:updateConnectorAddress(207)) - HTTP server of HDDSDATANODE is listening at http://0.0.0.0:39239
2019-07-14 06:49:28,674 INFO  ozone.HddsDatanodeService (HddsDatanodeService.java:startPlugins(396)) - Started plug-in org.apache.hadoop.ozone.web.OzoneHddsDatanodeService@4d825dbe
2019-07-14 06:49:28,674 INFO  impl.MetricsSystemImpl (MetricsSystemImpl.java:init(158)) - HddsDatanode metrics system started (again)
2019-07-14 06:49:28,676 INFO  ozone.HddsDatanodeService (HddsDatanodeService.java:start(185)) - HddsDatanodeService host:trunk-nightly-8c95p-1540871953 ip:192.168.5.144
2019-07-14 06:49:28,678 INFO  util.JvmPauseMonitor (JvmPauseMonitor.java:run(188)) - Starting JVM pause monitor
2019-07-14 06:49:28,681 INFO  datanode.InitDatanodeState (InitDatanodeState.java:persistContainerDatanodeDetails(140)) - DatanodeDetails is persisted to /tmp/workdir/hadoop-ozone/integration-test/target/test-dir/MiniOzoneClusterImpl-d6a8514b-9f5a-4ec7-be91-cc3589120d34/datanode-3/meta/datanode.id
2019-07-14 06:49:28,684 INFO  volume.HddsVolume (HddsVolume.java:<init>(176)) - Creating Volume: /tmp/workdir/hadoop-ozone/integration-test/target/test-dir/MiniOzoneClusterImpl-d6a8514b-9f5a-4ec7-be91-cc3589120d34/datanode-4/data/containers/hdds of  storage type : DISK and capacity : 52710309888
2019-07-14 06:49:28,684 INFO  volume.VolumeSet (VolumeSet.java:initializeVolumeSet(170)) - Added Volume : /tmp/workdir/hadoop-ozone/integration-test/target/test-dir/MiniOzoneClusterImpl-d6a8514b-9f5a-4ec7-be91-cc3589120d34/datanode-4/data/containers/hdds to VolumeSet
2019-07-14 06:49:28,684 INFO  volume.ThrottledAsyncChecker (ThrottledAsyncChecker.java:schedule(140)) - Scheduling a check for org.apache.hadoop.ozone.container.common.volume.HddsVolume@7d7b4e04
2019-07-14 06:49:28,685 INFO  volume.HddsVolumeChecker (HddsVolumeChecker.java:checkAllVolumes(203)) - Scheduled health check for volume org.apache.hadoop.ozone.container.common.volume.HddsVolume@7d7b4e04
2019-07-14 06:49:28,699 INFO  impl.RaftServerProxy (ConfUtils.java:logGet(43)) - raft.rpc.type = GRPC (default)
2019-07-14 06:49:28,699 INFO  grpc.GrpcFactory (GrpcFactory.java:checkPooledByteBufAllocatorUseCacheForAllThreads(45)) - PERFORMANCE WARNING: useCacheForAllThreads is true that may cause Netty to create a lot garbage objects and, as a result, trigger GC.
	It is recommended to disable useCacheForAllThreads by setting -Dorg.apache.ratis.thirdparty.io.netty.allocator.useCacheForAllThreads=false in command line.
2019-07-14 06:49:28,699 INFO  grpc.GrpcConfigKeys$Server (ConfUtils.java:logGet(43)) - raft.grpc.server.port = 0 (default)
2019-07-14 06:49:28,700 INFO  server.GrpcService (ConfUtils.java:logGet(43)) - raft.grpc.message.size.max = 33570816 (custom)
2019-07-14 06:49:28,700 INFO  server.RaftServerConfigKeys (ConfUtils.java:logGet(43)) - raft.server.log.appender.buffer.byte-limit = 33554432 (custom)
2019-07-14 06:49:28,700 INFO  server.GrpcService (ConfUtils.java:logGet(43)) - raft.grpc.flow.control.window = 1MB (=1048576) (default)
2019-07-14 06:49:28,700 INFO  server.RaftServerConfigKeys (ConfUtils.java:logGet(43)) - raft.server.rpc.request.timeout = 3000ms (default)
2019-07-14 06:49:28,701 INFO  server.RaftServerConfigKeys (ConfUtils.java:logGet(43)) - raft.server.storage.dir = [/tmp/workdir/hadoop-ozone/integration-test/target/test-dir/MiniOzoneClusterImpl-d6a8514b-9f5a-4ec7-be91-cc3589120d34/datanode-4/data/ratis] (custom)
2019-07-14 06:49:28,701 INFO  replication.SimpleContainerDownloader (SimpleContainerDownloader.java:<init>(72)) - Starting container downloader service to copy containers to replicate.
2019-07-14 06:49:28,702 INFO  hdfs.DFSUtil (DFSUtil.java:httpServerTemplateForNNAndJN(1641)) - Starting Web-server for hddsDatanode at: http://0.0.0.0:0
2019-07-14 06:49:28,703 INFO  server.AuthenticationFilter (AuthenticationFilter.java:constructSecretProvider(240)) - Unable to initialize FileSignerSecretProvider, falling back to use random secrets.
2019-07-14 06:49:28,704 WARN  http.HttpRequestLog (HttpRequestLog.java:getRequestLog(97)) - Jetty request log can only be enabled using Log4j
2019-07-14 06:49:28,705 INFO  http.HttpServer2 (HttpServer2.java:addGlobalFilter(975)) - Added global filter 'safety' (class=org.apache.hadoop.http.HttpServer2$QuotingInputFilter)
2019-07-14 06:49:28,705 INFO  http.HttpServer2 (HttpServer2.java:addFilter(948)) - Added filter static_user_filter (class=org.apache.hadoop.http.lib.StaticUserWebFilter$StaticUserFilter) to context hddsDatanode
2019-07-14 06:49:28,705 INFO  http.HttpServer2 (HttpServer2.java:addFilter(958)) - Added filter static_user_filter (class=org.apache.hadoop.http.lib.StaticUserWebFilter$StaticUserFilter) to context logs
2019-07-14 06:49:28,706 INFO  http.HttpServer2 (HttpServer2.java:addFilter(958)) - Added filter static_user_filter (class=org.apache.hadoop.http.lib.StaticUserWebFilter$StaticUserFilter) to context static
2019-07-14 06:49:28,706 INFO  http.HttpServer2 (HttpServer2.java:bindListener(1191)) - Jetty bound to port 40650
2019-07-14 06:49:28,706 INFO  server.Server (Server.java:doStart(351)) - jetty-9.3.24.v20180605, build timestamp: 2018-06-05T17:11:56Z, git hash: 84205aa28f11a4f31f2a3b86d1bba2cc8ab69827
2019-07-14 06:49:28,708 INFO  handler.ContextHandler (ContextHandler.java:doStart(781)) - Started o.e.j.s.ServletContextHandler@1a34a51e{/logs,file:///tmp/workdir/hadoop-ozone/integration-test/target/log,AVAILABLE}
2019-07-14 06:49:28,708 INFO  handler.ContextHandler (ContextHandler.java:doStart(781)) - Started o.e.j.s.ServletContextHandler@2c668c2a{/static,jar:file:/home/user/.m2/repository/org/apache/hadoop/hadoop-hdds-container-service/0.5.0-SNAPSHOT/hadoop-hdds-container-service-0.5.0-SNAPSHOT.jar!/webapps/static,AVAILABLE}
2019-07-14 06:49:28,735 INFO  handler.ContextHandler (ContextHandler.java:doStart(781)) - Started o.e.j.w.WebAppContext@35329a05{/,file:///tmp/jetty-0.0.0.0-40650-hddsDatanode-_-any-6254144445431182524.dir/webapp/,AVAILABLE}{/hddsDatanode}
2019-07-14 06:49:28,735 INFO  server.AbstractConnector (AbstractConnector.java:doStart(278)) - Started ServerConnector@36c783ca{HTTP/1.1,[http/1.1]}{0.0.0.0:40650}
2019-07-14 06:49:28,737 INFO  server.Server (Server.java:doStart(419)) - Started @40023ms
2019-07-14 06:49:28,737 INFO  server.BaseHttpServer (BaseHttpServer.java:updateConnectorAddress(207)) - HTTP server of HDDSDATANODE is listening at http://0.0.0.0:40650
2019-07-14 06:49:28,844 INFO  ozone.HddsDatanodeService (HddsDatanodeService.java:startPlugins(396)) - Started plug-in org.apache.hadoop.ozone.web.OzoneHddsDatanodeService@68d8ae27
2019-07-14 06:49:28,845 INFO  impl.MetricsSystemImpl (MetricsSystemImpl.java:init(158)) - HddsDatanode metrics system started (again)
2019-07-14 06:49:28,847 INFO  ozone.HddsDatanodeService (HddsDatanodeService.java:start(185)) - HddsDatanodeService host:trunk-nightly-8c95p-1540871953 ip:192.168.5.144
2019-07-14 06:49:28,848 INFO  util.JvmPauseMonitor (JvmPauseMonitor.java:run(188)) - Starting JVM pause monitor
2019-07-14 06:49:28,850 INFO  datanode.InitDatanodeState (InitDatanodeState.java:persistContainerDatanodeDetails(140)) - DatanodeDetails is persisted to /tmp/workdir/hadoop-ozone/integration-test/target/test-dir/MiniOzoneClusterImpl-d6a8514b-9f5a-4ec7-be91-cc3589120d34/datanode-4/meta/datanode.id
2019-07-14 06:49:28,856 INFO  volume.HddsVolume (HddsVolume.java:<init>(176)) - Creating Volume: /tmp/workdir/hadoop-ozone/integration-test/target/test-dir/MiniOzoneClusterImpl-d6a8514b-9f5a-4ec7-be91-cc3589120d34/datanode-5/data/containers/hdds of  storage type : DISK and capacity : 52710309888
2019-07-14 06:49:28,856 INFO  volume.VolumeSet (VolumeSet.java:initializeVolumeSet(170)) - Added Volume : /tmp/workdir/hadoop-ozone/integration-test/target/test-dir/MiniOzoneClusterImpl-d6a8514b-9f5a-4ec7-be91-cc3589120d34/datanode-5/data/containers/hdds to VolumeSet
2019-07-14 06:49:28,856 INFO  volume.ThrottledAsyncChecker (ThrottledAsyncChecker.java:schedule(140)) - Scheduling a check for org.apache.hadoop.ozone.container.common.volume.HddsVolume@73385d3f
2019-07-14 06:49:28,857 INFO  volume.HddsVolumeChecker (HddsVolumeChecker.java:checkAllVolumes(203)) - Scheduled health check for volume org.apache.hadoop.ozone.container.common.volume.HddsVolume@73385d3f
2019-07-14 06:49:28,870 INFO  impl.RaftServerProxy (ConfUtils.java:logGet(43)) - raft.rpc.type = GRPC (default)
2019-07-14 06:49:28,870 INFO  grpc.GrpcFactory (GrpcFactory.java:checkPooledByteBufAllocatorUseCacheForAllThreads(45)) - PERFORMANCE WARNING: useCacheForAllThreads is true that may cause Netty to create a lot garbage objects and, as a result, trigger GC.
	It is recommended to disable useCacheForAllThreads by setting -Dorg.apache.ratis.thirdparty.io.netty.allocator.useCacheForAllThreads=false in command line.
2019-07-14 06:49:28,870 INFO  grpc.GrpcConfigKeys$Server (ConfUtils.java:logGet(43)) - raft.grpc.server.port = 0 (default)
2019-07-14 06:49:28,870 INFO  server.GrpcService (ConfUtils.java:logGet(43)) - raft.grpc.message.size.max = 33570816 (custom)
2019-07-14 06:49:28,871 INFO  server.RaftServerConfigKeys (ConfUtils.java:logGet(43)) - raft.server.log.appender.buffer.byte-limit = 33554432 (custom)
2019-07-14 06:49:28,871 INFO  server.GrpcService (ConfUtils.java:logGet(43)) - raft.grpc.flow.control.window = 1MB (=1048576) (default)
2019-07-14 06:49:28,871 INFO  server.RaftServerConfigKeys (ConfUtils.java:logGet(43)) - raft.server.rpc.request.timeout = 3000ms (default)
2019-07-14 06:49:28,871 INFO  server.RaftServerConfigKeys (ConfUtils.java:logGet(43)) - raft.server.storage.dir = [/tmp/workdir/hadoop-ozone/integration-test/target/test-dir/MiniOzoneClusterImpl-d6a8514b-9f5a-4ec7-be91-cc3589120d34/datanode-5/data/ratis] (custom)
2019-07-14 06:49:28,872 INFO  replication.SimpleContainerDownloader (SimpleContainerDownloader.java:<init>(72)) - Starting container downloader service to copy containers to replicate.
2019-07-14 06:49:28,873 INFO  hdfs.DFSUtil (DFSUtil.java:httpServerTemplateForNNAndJN(1641)) - Starting Web-server for hddsDatanode at: http://0.0.0.0:0
2019-07-14 06:49:28,874 INFO  server.AuthenticationFilter (AuthenticationFilter.java:constructSecretProvider(240)) - Unable to initialize FileSignerSecretProvider, falling back to use random secrets.
2019-07-14 06:49:28,875 WARN  http.HttpRequestLog (HttpRequestLog.java:getRequestLog(97)) - Jetty request log can only be enabled using Log4j
2019-07-14 06:49:28,876 INFO  http.HttpServer2 (HttpServer2.java:addGlobalFilter(975)) - Added global filter 'safety' (class=org.apache.hadoop.http.HttpServer2$QuotingInputFilter)
2019-07-14 06:49:28,878 INFO  http.HttpServer2 (HttpServer2.java:addFilter(948)) - Added filter static_user_filter (class=org.apache.hadoop.http.lib.StaticUserWebFilter$StaticUserFilter) to context hddsDatanode
2019-07-14 06:49:28,878 INFO  http.HttpServer2 (HttpServer2.java:addFilter(958)) - Added filter static_user_filter (class=org.apache.hadoop.http.lib.StaticUserWebFilter$StaticUserFilter) to context static
2019-07-14 06:49:28,878 INFO  http.HttpServer2 (HttpServer2.java:addFilter(958)) - Added filter static_user_filter (class=org.apache.hadoop.http.lib.StaticUserWebFilter$StaticUserFilter) to context logs
2019-07-14 06:49:28,879 INFO  http.HttpServer2 (HttpServer2.java:bindListener(1191)) - Jetty bound to port 35983
2019-07-14 06:49:28,879 INFO  server.Server (Server.java:doStart(351)) - jetty-9.3.24.v20180605, build timestamp: 2018-06-05T17:11:56Z, git hash: 84205aa28f11a4f31f2a3b86d1bba2cc8ab69827
2019-07-14 06:49:28,881 INFO  handler.ContextHandler (ContextHandler.java:doStart(781)) - Started o.e.j.s.ServletContextHandler@19ac93d2{/logs,file:///tmp/workdir/hadoop-ozone/integration-test/target/log,AVAILABLE}
2019-07-14 06:49:28,881 INFO  handler.ContextHandler (ContextHandler.java:doStart(781)) - Started o.e.j.s.ServletContextHandler@2e426dd2{/static,jar:file:/home/user/.m2/repository/org/apache/hadoop/hadoop-hdds-container-service/0.5.0-SNAPSHOT/hadoop-hdds-container-service-0.5.0-SNAPSHOT.jar!/webapps/static,AVAILABLE}
2019-07-14 06:49:28,911 INFO  handler.ContextHandler (ContextHandler.java:doStart(781)) - Started o.e.j.w.WebAppContext@53525379{/,file:///tmp/jetty-0.0.0.0-35983-hddsDatanode-_-any-1451534827250335963.dir/webapp/,AVAILABLE}{/hddsDatanode}
2019-07-14 06:49:28,915 INFO  server.AbstractConnector (AbstractConnector.java:doStart(278)) - Started ServerConnector@1be3f8f8{HTTP/1.1,[http/1.1]}{0.0.0.0:35983}
2019-07-14 06:49:28,915 INFO  server.Server (Server.java:doStart(419)) - Started @40201ms
2019-07-14 06:49:28,916 INFO  server.BaseHttpServer (BaseHttpServer.java:updateConnectorAddress(207)) - HTTP server of HDDSDATANODE is listening at http://0.0.0.0:35983
2019-07-14 06:49:29,028 INFO  ozone.HddsDatanodeService (HddsDatanodeService.java:startPlugins(396)) - Started plug-in org.apache.hadoop.ozone.web.OzoneHddsDatanodeService@77020328
2019-07-14 06:49:29,028 INFO  ozone.MiniOzoneClusterImpl (MiniOzoneClusterImpl.java:lambda$waitForClusterToBeReady$0(142)) - Waiting for cluster to be ready. Got 0 of 6 DN Heartbeats.
2019-07-14 06:49:29,032 INFO  util.JvmPauseMonitor (JvmPauseMonitor.java:run(188)) - Starting JVM pause monitor
2019-07-14 06:49:29,034 INFO  datanode.InitDatanodeState (InitDatanodeState.java:persistContainerDatanodeDetails(140)) - DatanodeDetails is persisted to /tmp/workdir/hadoop-ozone/integration-test/target/test-dir/MiniOzoneClusterImpl-d6a8514b-9f5a-4ec7-be91-cc3589120d34/datanode-5/meta/datanode.id
2019-07-14 06:49:30,013 INFO  ozoneimpl.OzoneContainer (OzoneContainer.java:start(186)) - Attempting to start container services.
2019-07-14 06:49:30,015 INFO  ozoneimpl.OzoneContainer (OzoneContainer.java:startContainerScrub(160)) - Background container scrubber has been disabled by hdds.containerscrub.enabled
2019-07-14 06:49:30,015 INFO  ratis.XceiverServerRatis (XceiverServerRatis.java:start(418)) - Starting XceiverServerRatis fbcfeba4-c65e-402f-8e8d-7e30531dec82 at port 0
2019-07-14 06:49:30,022 INFO  impl.RaftServerProxy (RaftServerProxy.java:lambda$start$3(299)) - fbcfeba4-c65e-402f-8e8d-7e30531dec82: start RPC server
2019-07-14 06:49:30,023 INFO  server.GrpcService (GrpcService.java:startImpl(149)) - fbcfeba4-c65e-402f-8e8d-7e30531dec82: GrpcService started, listening on 0.0.0.0/0.0.0.0:34835
2019-07-14 06:49:30,024 INFO  ratis.XceiverServerRatis (XceiverServerRatis.java:start(428)) - XceiverServerRatis fbcfeba4-c65e-402f-8e8d-7e30531dec82 is started using port 34835
2019-07-14 06:49:30,024 INFO  server.XceiverServerGrpc (XceiverServerGrpc.java:start(161)) - XceiverServerGrpc fbcfeba4-c65e-402f-8e8d-7e30531dec82 is started using port 42561
2019-07-14 06:49:30,030 INFO  ozone.MiniOzoneClusterImpl (MiniOzoneClusterImpl.java:lambda$waitForClusterToBeReady$0(142)) - Waiting for cluster to be ready. Got 0 of 6 DN Heartbeats.
2019-07-14 06:49:30,198 INFO  ozoneimpl.OzoneContainer (OzoneContainer.java:start(186)) - Attempting to start container services.
2019-07-14 06:49:30,201 INFO  ozoneimpl.OzoneContainer (OzoneContainer.java:startContainerScrub(160)) - Background container scrubber has been disabled by hdds.containerscrub.enabled
2019-07-14 06:49:30,201 INFO  ratis.XceiverServerRatis (XceiverServerRatis.java:start(418)) - Starting XceiverServerRatis 4dd65c2c-d780-47ac-bbfa-d53e8644b05a at port 0
2019-07-14 06:49:30,207 INFO  impl.RaftServerProxy (RaftServerProxy.java:lambda$start$3(299)) - 4dd65c2c-d780-47ac-bbfa-d53e8644b05a: start RPC server
2019-07-14 06:49:30,208 INFO  server.GrpcService (GrpcService.java:startImpl(149)) - 4dd65c2c-d780-47ac-bbfa-d53e8644b05a: GrpcService started, listening on 0.0.0.0/0.0.0.0:42098
2019-07-14 06:49:30,209 INFO  ratis.XceiverServerRatis (XceiverServerRatis.java:start(428)) - XceiverServerRatis 4dd65c2c-d780-47ac-bbfa-d53e8644b05a is started using port 42098
2019-07-14 06:49:30,211 INFO  server.XceiverServerGrpc (XceiverServerGrpc.java:start(161)) - XceiverServerGrpc 4dd65c2c-d780-47ac-bbfa-d53e8644b05a is started using port 45056
2019-07-14 06:49:30,506 INFO  ozoneimpl.OzoneContainer (OzoneContainer.java:start(186)) - Attempting to start container services.
2019-07-14 06:49:30,509 INFO  ozoneimpl.OzoneContainer (OzoneContainer.java:startContainerScrub(160)) - Background container scrubber has been disabled by hdds.containerscrub.enabled
2019-07-14 06:49:30,509 INFO  ratis.XceiverServerRatis (XceiverServerRatis.java:start(418)) - Starting XceiverServerRatis 482e7165-fe12-46cd-a701-6952c6a65481 at port 0
2019-07-14 06:49:30,517 INFO  impl.RaftServerProxy (RaftServerProxy.java:lambda$start$3(299)) - 482e7165-fe12-46cd-a701-6952c6a65481: start RPC server
2019-07-14 06:49:30,518 INFO  server.GrpcService (GrpcService.java:startImpl(149)) - 482e7165-fe12-46cd-a701-6952c6a65481: GrpcService started, listening on 0.0.0.0/0.0.0.0:43038
2019-07-14 06:49:30,518 INFO  ratis.XceiverServerRatis (XceiverServerRatis.java:start(428)) - XceiverServerRatis 482e7165-fe12-46cd-a701-6952c6a65481 is started using port 43038
2019-07-14 06:49:30,527 INFO  server.XceiverServerGrpc (XceiverServerGrpc.java:start(161)) - XceiverServerGrpc 482e7165-fe12-46cd-a701-6952c6a65481 is started using port 42732
2019-07-14 06:49:30,690 INFO  ozoneimpl.OzoneContainer (OzoneContainer.java:start(186)) - Attempting to start container services.
2019-07-14 06:49:30,698 INFO  ozoneimpl.OzoneContainer (OzoneContainer.java:startContainerScrub(160)) - Background container scrubber has been disabled by hdds.containerscrub.enabled
2019-07-14 06:49:30,698 INFO  ratis.XceiverServerRatis (XceiverServerRatis.java:start(418)) - Starting XceiverServerRatis 9235e096-bad2-4ddc-afaa-1e7edc12c7d5 at port 0
2019-07-14 06:49:30,705 INFO  impl.RaftServerProxy (RaftServerProxy.java:lambda$start$3(299)) - 9235e096-bad2-4ddc-afaa-1e7edc12c7d5: start RPC server
2019-07-14 06:49:30,708 INFO  server.GrpcService (GrpcService.java:startImpl(149)) - 9235e096-bad2-4ddc-afaa-1e7edc12c7d5: GrpcService started, listening on 0.0.0.0/0.0.0.0:33491
2019-07-14 06:49:30,708 INFO  ratis.XceiverServerRatis (XceiverServerRatis.java:start(428)) - XceiverServerRatis 9235e096-bad2-4ddc-afaa-1e7edc12c7d5 is started using port 33491
2019-07-14 06:49:30,716 INFO  server.XceiverServerGrpc (XceiverServerGrpc.java:start(161)) - XceiverServerGrpc 9235e096-bad2-4ddc-afaa-1e7edc12c7d5 is started using port 35040
2019-07-14 06:49:30,855 INFO  ozoneimpl.OzoneContainer (OzoneContainer.java:start(186)) - Attempting to start container services.
2019-07-14 06:49:30,855 INFO  ozoneimpl.OzoneContainer (OzoneContainer.java:startContainerScrub(160)) - Background container scrubber has been disabled by hdds.containerscrub.enabled
2019-07-14 06:49:30,855 INFO  ratis.XceiverServerRatis (XceiverServerRatis.java:start(418)) - Starting XceiverServerRatis 48c40916-4df4-43f1-8da9-aa837bc1a9b2 at port 0
2019-07-14 06:49:30,862 INFO  impl.RaftServerProxy (RaftServerProxy.java:lambda$start$3(299)) - 48c40916-4df4-43f1-8da9-aa837bc1a9b2: start RPC server
2019-07-14 06:49:30,863 INFO  server.GrpcService (GrpcService.java:startImpl(149)) - 48c40916-4df4-43f1-8da9-aa837bc1a9b2: GrpcService started, listening on 0.0.0.0/0.0.0.0:44628
2019-07-14 06:49:30,863 INFO  ratis.XceiverServerRatis (XceiverServerRatis.java:start(428)) - XceiverServerRatis 48c40916-4df4-43f1-8da9-aa837bc1a9b2 is started using port 44628
2019-07-14 06:49:30,865 INFO  server.XceiverServerGrpc (XceiverServerGrpc.java:start(161)) - XceiverServerGrpc 48c40916-4df4-43f1-8da9-aa837bc1a9b2 is started using port 38856
2019-07-14 06:49:31,030 INFO  ozone.MiniOzoneClusterImpl (MiniOzoneClusterImpl.java:lambda$waitForClusterToBeReady$0(142)) - Waiting for cluster to be ready. Got 0 of 6 DN Heartbeats.
2019-07-14 06:49:31,046 INFO  ozoneimpl.OzoneContainer (OzoneContainer.java:start(186)) - Attempting to start container services.
2019-07-14 06:49:31,046 INFO  ozoneimpl.OzoneContainer (OzoneContainer.java:startContainerScrub(160)) - Background container scrubber has been disabled by hdds.containerscrub.enabled
2019-07-14 06:49:31,046 INFO  ratis.XceiverServerRatis (XceiverServerRatis.java:start(418)) - Starting XceiverServerRatis 9e9398c9-c564-45b1-aca3-844f60de829e at port 0
2019-07-14 06:49:31,053 INFO  impl.RaftServerProxy (RaftServerProxy.java:lambda$start$3(299)) - 9e9398c9-c564-45b1-aca3-844f60de829e: start RPC server
2019-07-14 06:49:31,057 INFO  server.GrpcService (GrpcService.java:startImpl(149)) - 9e9398c9-c564-45b1-aca3-844f60de829e: GrpcService started, listening on 0.0.0.0/0.0.0.0:36673
2019-07-14 06:49:31,057 INFO  ratis.XceiverServerRatis (XceiverServerRatis.java:start(428)) - XceiverServerRatis 9e9398c9-c564-45b1-aca3-844f60de829e is started using port 36673
2019-07-14 06:49:31,059 INFO  server.XceiverServerGrpc (XceiverServerGrpc.java:start(161)) - XceiverServerGrpc 9e9398c9-c564-45b1-aca3-844f60de829e is started using port 39581
2019-07-14 06:49:32,003 INFO  net.NetworkTopology (NetworkTopologyImpl.java:add(110)) - Added a new node: /default-rack/192.168.5.144
2019-07-14 06:49:32,006 INFO  node.SCMNodeManager (SCMNodeManager.java:register(269)) - Registered Data node : fbcfeba4-c65e-402f-8e8d-7e30531dec82{ip: 192.168.5.144, host: trunk-nightly-8c95p-1540871953, networkLocation: /default-rack, certSerialId: null}
2019-07-14 06:49:32,007 INFO  safemode.SCMSafeModeManager (DataNodeSafeModeRule.java:process(71)) - SCM in safe mode. 1 DataNodes registered, 1 required.
2019-07-14 06:49:32,012 INFO  safemode.SCMSafeModeManager (SCMSafeModeManager.java:validateSafeModeExitRules(177)) - ScmSafeModeManager, all rules are successfully validated
2019-07-14 06:49:32,012 INFO  safemode.SCMSafeModeManager (SCMSafeModeManager.java:exitSafeMode(193)) - SCM exiting safe mode.
2019-07-14 06:49:32,031 INFO  ozone.MiniOzoneClusterImpl (MiniOzoneClusterImpl.java:lambda$waitForClusterToBeReady$0(142)) - Waiting for cluster to be ready. Got 1 of 6 DN Heartbeats.
2019-07-14 06:49:32,032 INFO  impl.RaftServerProxy (RaftServerProxy.java:addNew(89)) - fbcfeba4-c65e-402f-8e8d-7e30531dec82: addNew group-C2F7898B6F77:[fbcfeba4-c65e-402f-8e8d-7e30531dec82:192.168.5.144:34835] returns group-C2F7898B6F77:java.util.concurrent.CompletableFuture@29fb85d8[Not completed]
2019-07-14 06:49:32,034 INFO  impl.RaftServerImpl (RaftServerImpl.java:<init>(93)) - fbcfeba4-c65e-402f-8e8d-7e30531dec82: new RaftServerImpl for group-C2F7898B6F77:[fbcfeba4-c65e-402f-8e8d-7e30531dec82:192.168.5.144:34835] with ContainerStateMachine:uninitialized
2019-07-14 06:49:32,034 INFO  server.RaftServerConfigKeys (ConfUtils.java:logGet(43)) - raft.server.rpc.timeout.min = 5s (custom)
2019-07-14 06:49:32,034 INFO  server.RaftServerConfigKeys (ConfUtils.java:logGet(43)) - raft.server.rpc.timeout.max = 5200ms (custom)
2019-07-14 06:49:32,034 INFO  server.RaftServerConfigKeys (ConfUtils.java:logGet(43)) - raft.server.rpcslowness.timeout = 120s (custom)
2019-07-14 06:49:32,035 INFO  server.RaftServerConfigKeys (ConfUtils.java:logGet(43)) - raft.server.sleep.deviation.threshold = 300 (default)
2019-07-14 06:49:32,035 INFO  server.RaftServerConfigKeys (ConfUtils.java:logGet(43)) - raft.server.log.appender.install.snapshot.enabled = false (custom)
2019-07-14 06:49:32,035 INFO  impl.RaftServerImpl (ServerState.java:<init>(105)) - fbcfeba4-c65e-402f-8e8d-7e30531dec82:group-C2F7898B6F77 ConfigurationManager, init=-1: [fbcfeba4-c65e-402f-8e8d-7e30531dec82:192.168.5.144:34835], old=null, confs=<EMPTY_MAP>
2019-07-14 06:49:32,035 INFO  server.RaftServerConfigKeys (ConfUtils.java:logGet(43)) - raft.server.storage.dir = [/tmp/workdir/hadoop-ozone/integration-test/target/test-dir/MiniOzoneClusterImpl-d6a8514b-9f5a-4ec7-be91-cc3589120d34/datanode-0/data/ratis] (custom)
2019-07-14 06:49:32,036 INFO  storage.RaftStorageDirectory (RaftStorageDirectory.java:analyzeStorage(246)) - The storage directory /tmp/workdir/hadoop-ozone/integration-test/target/test-dir/MiniOzoneClusterImpl-d6a8514b-9f5a-4ec7-be91-cc3589120d34/datanode-0/data/ratis/bd30e820-b256-4f1b-aa3b-c2f7898b6f77 does not exist. Creating ...
2019-07-14 06:49:32,049 INFO  storage.RaftStorageDirectory (RaftStorageDirectory.java:tryLock(328)) - Lock on /tmp/workdir/hadoop-ozone/integration-test/target/test-dir/MiniOzoneClusterImpl-d6a8514b-9f5a-4ec7-be91-cc3589120d34/datanode-0/data/ratis/bd30e820-b256-4f1b-aa3b-c2f7898b6f77/in_use.lock acquired by nodename 3046@trunk-nightly-8c95p-1540871953
2019-07-14 06:49:32,052 INFO  storage.RaftStorage (RaftStorage.java:format(72)) - Storage directory /tmp/workdir/hadoop-ozone/integration-test/target/test-dir/MiniOzoneClusterImpl-d6a8514b-9f5a-4ec7-be91-cc3589120d34/datanode-0/data/ratis/bd30e820-b256-4f1b-aa3b-c2f7898b6f77 has been successfully formatted.
2019-07-14 06:49:32,052 INFO  ratis.ContainerStateMachine (ContainerStateMachine.java:loadSnapshot(200)) - group-C2F7898B6F77: The snapshot info is null. Setting the last applied indexto:(t:0, i:~)
2019-07-14 06:49:32,052 INFO  server.RaftServerConfigKeys (ConfUtils.java:logGet(43)) - raft.server.leader.election.timeout = 120s (custom)
2019-07-14 06:49:32,052 INFO  server.RaftServerConfigKeys (ConfUtils.java:logGet(43)) - raft.server.log.use.memory = false (default)
2019-07-14 06:49:32,053 INFO  server.RaftServerConfigKeys (ConfUtils.java:logGet(43)) - raft.server.log.purge.gap = 1000000000 (custom)
2019-07-14 06:49:32,053 INFO  server.RaftServerConfigKeys (ConfUtils.java:logGet(43)) - raft.server.log.appender.buffer.byte-limit = 33554432 (custom)
2019-07-14 06:49:32,053 INFO  server.RaftServerConfigKeys (ConfUtils.java:logGet(43)) - raft.server.log.segment.size.max = 1048576 (custom)
2019-07-14 06:49:32,053 INFO  server.RaftServerConfigKeys (ConfUtils.java:logGet(43)) - raft.server.log.segment.cache.num.max = 2 (custom)
2019-07-14 06:49:32,054 INFO  segmented.SegmentedRaftLogWorker (SegmentedRaftLogWorker.java:<init>(172)) - new fbcfeba4-c65e-402f-8e8d-7e30531dec82-SegmentedRaftLogWorker:Storage Directory /tmp/workdir/hadoop-ozone/integration-test/target/test-dir/MiniOzoneClusterImpl-d6a8514b-9f5a-4ec7-be91-cc3589120d34/datanode-0/data/ratis/bd30e820-b256-4f1b-aa3b-c2f7898b6f77 for RaftStorage:Storage Directory /tmp/workdir/hadoop-ozone/integration-test/target/test-dir/MiniOzoneClusterImpl-d6a8514b-9f5a-4ec7-be91-cc3589120d34/datanode-0/data/ratis/bd30e820-b256-4f1b-aa3b-c2f7898b6f77
2019-07-14 06:49:32,054 INFO  server.RaftServerConfigKeys (ConfUtils.java:logGet(43)) - raft.server.log.queue.byte-limit = 2147483647 (custom)
2019-07-14 06:49:32,054 INFO  server.RaftServerConfigKeys (ConfUtils.java:logGet(43)) - raft.server.log.queue.element-limit = 1024 (custom)
2019-07-14 06:49:32,055 INFO  server.RaftServerConfigKeys (ConfUtils.java:logGet(43)) - raft.server.log.segment.size.max = 1048576 (custom)
2019-07-14 06:49:32,055 INFO  server.RaftServerConfigKeys (ConfUtils.java:logGet(43)) - raft.server.log.preallocated.size = 16384 (custom)
2019-07-14 06:49:32,055 INFO  server.RaftServerConfigKeys (ConfUtils.java:logGet(43)) - raft.server.log.write.buffer.size = 33554432 (custom)
2019-07-14 06:49:32,055 INFO  server.RaftServerConfigKeys (ConfUtils.java:logGet(43)) - raft.server.log.force.sync.num = 128 (default)
2019-07-14 06:49:32,055 INFO  server.RaftServerConfigKeys (ConfUtils.java:logGet(43)) - raft.server.log.statemachine.data.sync = true (default)
2019-07-14 06:49:32,055 INFO  server.RaftServerConfigKeys (ConfUtils.java:logGet(43)) - raft.server.log.statemachine.data.sync.timeout = 10s (default)
2019-07-14 06:49:32,056 INFO  server.RaftServerConfigKeys (ConfUtils.java:logGet(43)) - raft.server.log.statemachine.data.sync.timeout.retry = -1 (default)
2019-07-14 06:49:32,056 INFO  server.RaftServerConfigKeys (ConfUtils.java:logGet(43)) - raft.server.log.statemachine.data.caching.enabled = true (custom)
2019-07-14 06:49:32,056 INFO  segmented.SegmentedRaftLogWorker (SegmentedRaftLogWorker.java:lambda$new$0(132)) - fbcfeba4-c65e-402f-8e8d-7e30531dec82-SegmentedRaftLogWorker:Storage Directory /tmp/workdir/hadoop-ozone/integration-test/target/test-dir/MiniOzoneClusterImpl-d6a8514b-9f5a-4ec7-be91-cc3589120d34/datanode-0/data/ratis/bd30e820-b256-4f1b-aa3b-c2f7898b6f77: flushIndex: setUnconditionally 0 -> -1
2019-07-14 06:49:32,057 INFO  server.RaftServerConfigKeys (ConfUtils.java:logGet(43)) - raft.server.snapshot.auto.trigger.enabled = true (custom)
2019-07-14 06:49:32,057 INFO  server.RaftServerConfigKeys (ConfUtils.java:logGet(43)) - raft.server.snapshot.auto.trigger.threshold = 10000 (custom)
2019-07-14 06:49:32,057 INFO  server.RaftServerConfigKeys (ConfUtils.java:logGet(43)) - raft.server.retrycache.expirytime = 600000ms (custom)
2019-07-14 06:49:32,058 INFO  impl.RaftServerImpl (RaftServerImpl.java:start(180)) - fbcfeba4-c65e-402f-8e8d-7e30531dec82: start group-C2F7898B6F77
2019-07-14 06:49:32,058 INFO  impl.RaftServerImpl (RaftServerImpl.java:setRole(171)) - fbcfeba4-c65e-402f-8e8d-7e30531dec82:group-C2F7898B6F77 changes role from null to FOLLOWER at term 0 for startAsFollower
2019-07-14 06:49:32,058 INFO  impl.RoleInfo (RoleInfo.java:updateAndGet(143)) - fbcfeba4-c65e-402f-8e8d-7e30531dec82: start FollowerState
2019-07-14 06:49:32,059 INFO  util.JmxRegister (JmxRegister.java:tryRegister(44)) - Successfully registered JMX Bean with object name Ratis:service=RaftServer,group=group-C2F7898B6F77,id=fbcfeba4-c65e-402f-8e8d-7e30531dec82
2019-07-14 06:49:32,067 INFO  pipeline.PipelineStateManager (PipelineStateManager.java:addPipeline(56)) - Created pipeline Pipeline[ Id: bd30e820-b256-4f1b-aa3b-c2f7898b6f77, Nodes: fbcfeba4-c65e-402f-8e8d-7e30531dec82{ip: 192.168.5.144, host: trunk-nightly-8c95p-1540871953, networkLocation: /default-rack, certSerialId: null}, Type:RATIS, Factor:ONE, State:OPEN]
2019-07-14 06:49:32,182 INFO  node.SCMNodeManager (SCMNodeManager.java:register(269)) - Registered Data node : 4dd65c2c-d780-47ac-bbfa-d53e8644b05a{ip: 192.168.5.144, host: trunk-nightly-8c95p-1540871953, networkLocation: /default-rack, certSerialId: null}
2019-07-14 06:49:32,197 INFO  impl.RaftServerProxy (RaftServerProxy.java:addNew(89)) - 4dd65c2c-d780-47ac-bbfa-d53e8644b05a: addNew group-A81B324C06B5:[4dd65c2c-d780-47ac-bbfa-d53e8644b05a:192.168.5.144:42098] returns group-A81B324C06B5:java.util.concurrent.CompletableFuture@63e3732e[Not completed]
2019-07-14 06:49:32,199 INFO  impl.RaftServerImpl (RaftServerImpl.java:<init>(93)) - 4dd65c2c-d780-47ac-bbfa-d53e8644b05a: new RaftServerImpl for group-A81B324C06B5:[4dd65c2c-d780-47ac-bbfa-d53e8644b05a:192.168.5.144:42098] with ContainerStateMachine:uninitialized
2019-07-14 06:49:32,199 INFO  server.RaftServerConfigKeys (ConfUtils.java:logGet(43)) - raft.server.rpc.timeout.min = 5s (custom)
2019-07-14 06:49:32,199 INFO  server.RaftServerConfigKeys (ConfUtils.java:logGet(43)) - raft.server.rpc.timeout.max = 5200ms (custom)
2019-07-14 06:49:32,199 INFO  server.RaftServerConfigKeys (ConfUtils.java:logGet(43)) - raft.server.rpcslowness.timeout = 120s (custom)
2019-07-14 06:49:32,199 INFO  server.RaftServerConfigKeys (ConfUtils.java:logGet(43)) - raft.server.sleep.deviation.threshold = 300 (default)
2019-07-14 06:49:32,200 INFO  server.RaftServerConfigKeys (ConfUtils.java:logGet(43)) - raft.server.log.appender.install.snapshot.enabled = false (custom)
2019-07-14 06:49:32,200 INFO  impl.RaftServerImpl (ServerState.java:<init>(105)) - 4dd65c2c-d780-47ac-bbfa-d53e8644b05a:group-A81B324C06B5 ConfigurationManager, init=-1: [4dd65c2c-d780-47ac-bbfa-d53e8644b05a:192.168.5.144:42098], old=null, confs=<EMPTY_MAP>
2019-07-14 06:49:32,200 INFO  server.RaftServerConfigKeys (ConfUtils.java:logGet(43)) - raft.server.storage.dir = [/tmp/workdir/hadoop-ozone/integration-test/target/test-dir/MiniOzoneClusterImpl-d6a8514b-9f5a-4ec7-be91-cc3589120d34/datanode-1/data/ratis] (custom)
2019-07-14 06:49:32,201 INFO  storage.RaftStorageDirectory (RaftStorageDirectory.java:analyzeStorage(246)) - The storage directory /tmp/workdir/hadoop-ozone/integration-test/target/test-dir/MiniOzoneClusterImpl-d6a8514b-9f5a-4ec7-be91-cc3589120d34/datanode-1/data/ratis/3a0866df-e802-4ed8-89a2-a81b324c06b5 does not exist. Creating ...
2019-07-14 06:49:32,213 INFO  storage.RaftStorageDirectory (RaftStorageDirectory.java:tryLock(328)) - Lock on /tmp/workdir/hadoop-ozone/integration-test/target/test-dir/MiniOzoneClusterImpl-d6a8514b-9f5a-4ec7-be91-cc3589120d34/datanode-1/data/ratis/3a0866df-e802-4ed8-89a2-a81b324c06b5/in_use.lock acquired by nodename 3046@trunk-nightly-8c95p-1540871953
2019-07-14 06:49:32,224 INFO  storage.RaftStorage (RaftStorage.java:format(72)) - Storage directory /tmp/workdir/hadoop-ozone/integration-test/target/test-dir/MiniOzoneClusterImpl-d6a8514b-9f5a-4ec7-be91-cc3589120d34/datanode-1/data/ratis/3a0866df-e802-4ed8-89a2-a81b324c06b5 has been successfully formatted.
2019-07-14 06:49:32,224 INFO  ratis.ContainerStateMachine (ContainerStateMachine.java:loadSnapshot(200)) - group-A81B324C06B5: The snapshot info is null. Setting the last applied indexto:(t:0, i:~)
2019-07-14 06:49:32,225 INFO  server.RaftServerConfigKeys (ConfUtils.java:logGet(43)) - raft.server.leader.election.timeout = 120s (custom)
2019-07-14 06:49:32,225 INFO  server.RaftServerConfigKeys (ConfUtils.java:logGet(43)) - raft.server.log.use.memory = false (default)
2019-07-14 06:49:32,225 INFO  server.RaftServerConfigKeys (ConfUtils.java:logGet(43)) - raft.server.log.purge.gap = 1000000000 (custom)
2019-07-14 06:49:32,225 INFO  server.RaftServerConfigKeys (ConfUtils.java:logGet(43)) - raft.server.log.appender.buffer.byte-limit = 33554432 (custom)
2019-07-14 06:49:32,225 INFO  server.RaftServerConfigKeys (ConfUtils.java:logGet(43)) - raft.server.log.segment.size.max = 1048576 (custom)
2019-07-14 06:49:32,226 INFO  server.RaftServerConfigKeys (ConfUtils.java:logGet(43)) - raft.server.log.segment.cache.num.max = 2 (custom)
2019-07-14 06:49:32,226 INFO  segmented.SegmentedRaftLogWorker (SegmentedRaftLogWorker.java:<init>(172)) - new 4dd65c2c-d780-47ac-bbfa-d53e8644b05a-SegmentedRaftLogWorker:Storage Directory /tmp/workdir/hadoop-ozone/integration-test/target/test-dir/MiniOzoneClusterImpl-d6a8514b-9f5a-4ec7-be91-cc3589120d34/datanode-1/data/ratis/3a0866df-e802-4ed8-89a2-a81b324c06b5 for RaftStorage:Storage Directory /tmp/workdir/hadoop-ozone/integration-test/target/test-dir/MiniOzoneClusterImpl-d6a8514b-9f5a-4ec7-be91-cc3589120d34/datanode-1/data/ratis/3a0866df-e802-4ed8-89a2-a81b324c06b5
2019-07-14 06:49:32,226 INFO  server.RaftServerConfigKeys (ConfUtils.java:logGet(43)) - raft.server.log.queue.byte-limit = 2147483647 (custom)
2019-07-14 06:49:32,226 INFO  server.RaftServerConfigKeys (ConfUtils.java:logGet(43)) - raft.server.log.queue.element-limit = 1024 (custom)
2019-07-14 06:49:32,226 INFO  server.RaftServerConfigKeys (ConfUtils.java:logGet(43)) - raft.server.log.segment.size.max = 1048576 (custom)
2019-07-14 06:49:32,227 INFO  server.RaftServerConfigKeys (ConfUtils.java:logGet(43)) - raft.server.log.preallocated.size = 16384 (custom)
2019-07-14 06:49:32,227 INFO  server.RaftServerConfigKeys (ConfUtils.java:logGet(43)) - raft.server.log.write.buffer.size = 33554432 (custom)
2019-07-14 06:49:32,227 INFO  server.RaftServerConfigKeys (ConfUtils.java:logGet(43)) - raft.server.log.force.sync.num = 128 (default)
2019-07-14 06:49:32,227 INFO  server.RaftServerConfigKeys (ConfUtils.java:logGet(43)) - raft.server.log.statemachine.data.sync = true (default)
2019-07-14 06:49:32,227 INFO  server.RaftServerConfigKeys (ConfUtils.java:logGet(43)) - raft.server.log.statemachine.data.sync.timeout = 10s (default)
2019-07-14 06:49:32,227 INFO  server.RaftServerConfigKeys (ConfUtils.java:logGet(43)) - raft.server.log.statemachine.data.sync.timeout.retry = -1 (default)
2019-07-14 06:49:32,228 INFO  server.RaftServerConfigKeys (ConfUtils.java:logGet(43)) - raft.server.log.statemachine.data.caching.enabled = true (custom)
2019-07-14 06:49:32,228 INFO  segmented.SegmentedRaftLogWorker (SegmentedRaftLogWorker.java:lambda$new$0(132)) - 4dd65c2c-d780-47ac-bbfa-d53e8644b05a-SegmentedRaftLogWorker:Storage Directory /tmp/workdir/hadoop-ozone/integration-test/target/test-dir/MiniOzoneClusterImpl-d6a8514b-9f5a-4ec7-be91-cc3589120d34/datanode-1/data/ratis/3a0866df-e802-4ed8-89a2-a81b324c06b5: flushIndex: setUnconditionally 0 -> -1
2019-07-14 06:49:32,229 INFO  server.RaftServerConfigKeys (ConfUtils.java:logGet(43)) - raft.server.snapshot.auto.trigger.enabled = true (custom)
2019-07-14 06:49:32,229 INFO  server.RaftServerConfigKeys (ConfUtils.java:logGet(43)) - raft.server.snapshot.auto.trigger.threshold = 10000 (custom)
2019-07-14 06:49:32,229 INFO  server.RaftServerConfigKeys (ConfUtils.java:logGet(43)) - raft.server.retrycache.expirytime = 600000ms (custom)
2019-07-14 06:49:32,229 INFO  impl.RaftServerImpl (RaftServerImpl.java:start(180)) - 4dd65c2c-d780-47ac-bbfa-d53e8644b05a: start group-A81B324C06B5
2019-07-14 06:49:32,229 INFO  impl.RaftServerImpl (RaftServerImpl.java:setRole(171)) - 4dd65c2c-d780-47ac-bbfa-d53e8644b05a:group-A81B324C06B5 changes role from null to FOLLOWER at term 0 for startAsFollower
2019-07-14 06:49:32,230 INFO  impl.RoleInfo (RoleInfo.java:updateAndGet(143)) - 4dd65c2c-d780-47ac-bbfa-d53e8644b05a: start FollowerState
2019-07-14 06:49:32,230 INFO  util.JmxRegister (JmxRegister.java:tryRegister(44)) - Successfully registered JMX Bean with object name Ratis:service=RaftServer,group=group-A81B324C06B5,id=4dd65c2c-d780-47ac-bbfa-d53e8644b05a
2019-07-14 06:49:32,235 INFO  pipeline.PipelineStateManager (PipelineStateManager.java:addPipeline(56)) - Created pipeline Pipeline[ Id: 3a0866df-e802-4ed8-89a2-a81b324c06b5, Nodes: 4dd65c2c-d780-47ac-bbfa-d53e8644b05a{ip: 192.168.5.144, host: trunk-nightly-8c95p-1540871953, networkLocation: /default-rack, certSerialId: null}, Type:RATIS, Factor:ONE, State:OPEN]
2019-07-14 06:49:32,500 INFO  node.SCMNodeManager (SCMNodeManager.java:register(269)) - Registered Data node : 482e7165-fe12-46cd-a701-6952c6a65481{ip: 192.168.5.144, host: trunk-nightly-8c95p-1540871953, networkLocation: /default-rack, certSerialId: null}
2019-07-14 06:49:32,515 INFO  impl.RaftServerProxy (RaftServerProxy.java:addNew(89)) - 482e7165-fe12-46cd-a701-6952c6a65481: addNew group-113666E17B52:[482e7165-fe12-46cd-a701-6952c6a65481:192.168.5.144:43038] returns group-113666E17B52:java.util.concurrent.CompletableFuture@7b2969fa[Not completed]
2019-07-14 06:49:32,517 INFO  impl.RaftServerImpl (RaftServerImpl.java:<init>(93)) - 482e7165-fe12-46cd-a701-6952c6a65481: new RaftServerImpl for group-113666E17B52:[482e7165-fe12-46cd-a701-6952c6a65481:192.168.5.144:43038] with ContainerStateMachine:uninitialized
2019-07-14 06:49:32,517 INFO  server.RaftServerConfigKeys (ConfUtils.java:logGet(43)) - raft.server.rpc.timeout.min = 5s (custom)
2019-07-14 06:49:32,517 INFO  server.RaftServerConfigKeys (ConfUtils.java:logGet(43)) - raft.server.rpc.timeout.max = 5200ms (custom)
2019-07-14 06:49:32,517 INFO  server.RaftServerConfigKeys (ConfUtils.java:logGet(43)) - raft.server.rpcslowness.timeout = 120s (custom)
2019-07-14 06:49:32,518 INFO  server.RaftServerConfigKeys (ConfUtils.java:logGet(43)) - raft.server.sleep.deviation.threshold = 300 (default)
2019-07-14 06:49:32,518 INFO  server.RaftServerConfigKeys (ConfUtils.java:logGet(43)) - raft.server.log.appender.install.snapshot.enabled = false (custom)
2019-07-14 06:49:32,518 INFO  impl.RaftServerImpl (ServerState.java:<init>(105)) - 482e7165-fe12-46cd-a701-6952c6a65481:group-113666E17B52 ConfigurationManager, init=-1: [482e7165-fe12-46cd-a701-6952c6a65481:192.168.5.144:43038], old=null, confs=<EMPTY_MAP>
2019-07-14 06:49:32,518 INFO  server.RaftServerConfigKeys (ConfUtils.java:logGet(43)) - raft.server.storage.dir = [/tmp/workdir/hadoop-ozone/integration-test/target/test-dir/MiniOzoneClusterImpl-d6a8514b-9f5a-4ec7-be91-cc3589120d34/datanode-2/data/ratis] (custom)
2019-07-14 06:49:32,519 INFO  storage.RaftStorageDirectory (RaftStorageDirectory.java:analyzeStorage(246)) - The storage directory /tmp/workdir/hadoop-ozone/integration-test/target/test-dir/MiniOzoneClusterImpl-d6a8514b-9f5a-4ec7-be91-cc3589120d34/datanode-2/data/ratis/618fcf68-b8f8-4a83-876e-113666e17b52 does not exist. Creating ...
2019-07-14 06:49:32,532 INFO  storage.RaftStorageDirectory (RaftStorageDirectory.java:tryLock(328)) - Lock on /tmp/workdir/hadoop-ozone/integration-test/target/test-dir/MiniOzoneClusterImpl-d6a8514b-9f5a-4ec7-be91-cc3589120d34/datanode-2/data/ratis/618fcf68-b8f8-4a83-876e-113666e17b52/in_use.lock acquired by nodename 3046@trunk-nightly-8c95p-1540871953
2019-07-14 06:49:32,545 INFO  storage.RaftStorage (RaftStorage.java:format(72)) - Storage directory /tmp/workdir/hadoop-ozone/integration-test/target/test-dir/MiniOzoneClusterImpl-d6a8514b-9f5a-4ec7-be91-cc3589120d34/datanode-2/data/ratis/618fcf68-b8f8-4a83-876e-113666e17b52 has been successfully formatted.
2019-07-14 06:49:32,546 INFO  ratis.ContainerStateMachine (ContainerStateMachine.java:loadSnapshot(200)) - group-113666E17B52: The snapshot info is null. Setting the last applied indexto:(t:0, i:~)
2019-07-14 06:49:32,546 INFO  server.RaftServerConfigKeys (ConfUtils.java:logGet(43)) - raft.server.leader.election.timeout = 120s (custom)
2019-07-14 06:49:32,546 INFO  server.RaftServerConfigKeys (ConfUtils.java:logGet(43)) - raft.server.log.use.memory = false (default)
2019-07-14 06:49:32,546 INFO  server.RaftServerConfigKeys (ConfUtils.java:logGet(43)) - raft.server.log.purge.gap = 1000000000 (custom)
2019-07-14 06:49:32,546 INFO  server.RaftServerConfigKeys (ConfUtils.java:logGet(43)) - raft.server.log.appender.buffer.byte-limit = 33554432 (custom)
2019-07-14 06:49:32,546 INFO  server.RaftServerConfigKeys (ConfUtils.java:logGet(43)) - raft.server.log.segment.size.max = 1048576 (custom)
2019-07-14 06:49:32,547 INFO  server.RaftServerConfigKeys (ConfUtils.java:logGet(43)) - raft.server.log.segment.cache.num.max = 2 (custom)
2019-07-14 06:49:32,547 INFO  segmented.SegmentedRaftLogWorker (SegmentedRaftLogWorker.java:<init>(172)) - new 482e7165-fe12-46cd-a701-6952c6a65481-SegmentedRaftLogWorker:Storage Directory /tmp/workdir/hadoop-ozone/integration-test/target/test-dir/MiniOzoneClusterImpl-d6a8514b-9f5a-4ec7-be91-cc3589120d34/datanode-2/data/ratis/618fcf68-b8f8-4a83-876e-113666e17b52 for RaftStorage:Storage Directory /tmp/workdir/hadoop-ozone/integration-test/target/test-dir/MiniOzoneClusterImpl-d6a8514b-9f5a-4ec7-be91-cc3589120d34/datanode-2/data/ratis/618fcf68-b8f8-4a83-876e-113666e17b52
2019-07-14 06:49:32,547 INFO  server.RaftServerConfigKeys (ConfUtils.java:logGet(43)) - raft.server.log.queue.byte-limit = 2147483647 (custom)
2019-07-14 06:49:32,547 INFO  server.RaftServerConfigKeys (ConfUtils.java:logGet(43)) - raft.server.log.queue.element-limit = 1024 (custom)
2019-07-14 06:49:32,547 INFO  server.RaftServerConfigKeys (ConfUtils.java:logGet(43)) - raft.server.log.segment.size.max = 1048576 (custom)
2019-07-14 06:49:32,547 INFO  server.RaftServerConfigKeys (ConfUtils.java:logGet(43)) - raft.server.log.preallocated.size = 16384 (custom)
2019-07-14 06:49:32,548 INFO  server.RaftServerConfigKeys (ConfUtils.java:logGet(43)) - raft.server.log.write.buffer.size = 33554432 (custom)
2019-07-14 06:49:32,548 INFO  server.RaftServerConfigKeys (ConfUtils.java:logGet(43)) - raft.server.log.force.sync.num = 128 (default)
2019-07-14 06:49:32,548 INFO  server.RaftServerConfigKeys (ConfUtils.java:logGet(43)) - raft.server.log.statemachine.data.sync = true (default)
2019-07-14 06:49:32,548 INFO  server.RaftServerConfigKeys (ConfUtils.java:logGet(43)) - raft.server.log.statemachine.data.sync.timeout = 10s (default)
2019-07-14 06:49:32,548 INFO  server.RaftServerConfigKeys (ConfUtils.java:logGet(43)) - raft.server.log.statemachine.data.sync.timeout.retry = -1 (default)
2019-07-14 06:49:32,548 INFO  server.RaftServerConfigKeys (ConfUtils.java:logGet(43)) - raft.server.log.statemachine.data.caching.enabled = true (custom)
2019-07-14 06:49:32,549 INFO  segmented.SegmentedRaftLogWorker (SegmentedRaftLogWorker.java:lambda$new$0(132)) - 482e7165-fe12-46cd-a701-6952c6a65481-SegmentedRaftLogWorker:Storage Directory /tmp/workdir/hadoop-ozone/integration-test/target/test-dir/MiniOzoneClusterImpl-d6a8514b-9f5a-4ec7-be91-cc3589120d34/datanode-2/data/ratis/618fcf68-b8f8-4a83-876e-113666e17b52: flushIndex: setUnconditionally 0 -> -1
2019-07-14 06:49:32,549 INFO  server.RaftServerConfigKeys (ConfUtils.java:logGet(43)) - raft.server.snapshot.auto.trigger.enabled = true (custom)
2019-07-14 06:49:32,549 INFO  server.RaftServerConfigKeys (ConfUtils.java:logGet(43)) - raft.server.snapshot.auto.trigger.threshold = 10000 (custom)
2019-07-14 06:49:32,549 INFO  server.RaftServerConfigKeys (ConfUtils.java:logGet(43)) - raft.server.retrycache.expirytime = 600000ms (custom)
2019-07-14 06:49:32,550 INFO  impl.RaftServerImpl (RaftServerImpl.java:start(180)) - 482e7165-fe12-46cd-a701-6952c6a65481: start group-113666E17B52
2019-07-14 06:49:32,550 INFO  impl.RaftServerImpl (RaftServerImpl.java:setRole(171)) - 482e7165-fe12-46cd-a701-6952c6a65481:group-113666E17B52 changes role from null to FOLLOWER at term 0 for startAsFollower
2019-07-14 06:49:32,550 INFO  impl.RoleInfo (RoleInfo.java:updateAndGet(143)) - 482e7165-fe12-46cd-a701-6952c6a65481: start FollowerState
2019-07-14 06:49:32,550 INFO  util.JmxRegister (JmxRegister.java:tryRegister(44)) - Successfully registered JMX Bean with object name Ratis:service=RaftServer,group=group-113666E17B52,id=482e7165-fe12-46cd-a701-6952c6a65481
2019-07-14 06:49:32,555 INFO  pipeline.PipelineStateManager (PipelineStateManager.java:addPipeline(56)) - Created pipeline Pipeline[ Id: 618fcf68-b8f8-4a83-876e-113666e17b52, Nodes: 482e7165-fe12-46cd-a701-6952c6a65481{ip: 192.168.5.144, host: trunk-nightly-8c95p-1540871953, networkLocation: /default-rack, certSerialId: null}, Type:RATIS, Factor:ONE, State:OPEN]
2019-07-14 06:49:32,579 INFO  impl.RaftServerProxy (RaftServerProxy.java:addNew(89)) - 482e7165-fe12-46cd-a701-6952c6a65481: addNew group-D12DA0922E45:[4dd65c2c-d780-47ac-bbfa-d53e8644b05a:192.168.5.144:42098, 482e7165-fe12-46cd-a701-6952c6a65481:192.168.5.144:43038, fbcfeba4-c65e-402f-8e8d-7e30531dec82:192.168.5.144:34835] returns group-D12DA0922E45:java.util.concurrent.CompletableFuture@640e2a9e[Not completed]
2019-07-14 06:49:32,579 INFO  impl.RaftServerProxy (RaftServerProxy.java:addNew(89)) - 4dd65c2c-d780-47ac-bbfa-d53e8644b05a: addNew group-D12DA0922E45:[4dd65c2c-d780-47ac-bbfa-d53e8644b05a:192.168.5.144:42098, 482e7165-fe12-46cd-a701-6952c6a65481:192.168.5.144:43038, fbcfeba4-c65e-402f-8e8d-7e30531dec82:192.168.5.144:34835] returns group-D12DA0922E45:java.util.concurrent.CompletableFuture@39201da9[Not completed]
2019-07-14 06:49:32,579 INFO  impl.RaftServerProxy (RaftServerProxy.java:addNew(89)) - fbcfeba4-c65e-402f-8e8d-7e30531dec82: addNew group-D12DA0922E45:[4dd65c2c-d780-47ac-bbfa-d53e8644b05a:192.168.5.144:42098, 482e7165-fe12-46cd-a701-6952c6a65481:192.168.5.144:43038, fbcfeba4-c65e-402f-8e8d-7e30531dec82:192.168.5.144:34835] returns group-D12DA0922E45:java.util.concurrent.CompletableFuture@a9f358f[Not completed]
2019-07-14 06:49:32,580 INFO  impl.RaftServerImpl (RaftServerImpl.java:<init>(93)) - 482e7165-fe12-46cd-a701-6952c6a65481: new RaftServerImpl for group-D12DA0922E45:[4dd65c2c-d780-47ac-bbfa-d53e8644b05a:192.168.5.144:42098, 482e7165-fe12-46cd-a701-6952c6a65481:192.168.5.144:43038, fbcfeba4-c65e-402f-8e8d-7e30531dec82:192.168.5.144:34835] with ContainerStateMachine:uninitialized
2019-07-14 06:49:32,580 INFO  server.RaftServerConfigKeys (ConfUtils.java:logGet(43)) - raft.server.rpc.timeout.min = 5s (custom)
2019-07-14 06:49:32,580 INFO  server.RaftServerConfigKeys (ConfUtils.java:logGet(43)) - raft.server.rpc.timeout.max = 5200ms (custom)
2019-07-14 06:49:32,580 INFO  server.RaftServerConfigKeys (ConfUtils.java:logGet(43)) - raft.server.rpcslowness.timeout = 120s (custom)
2019-07-14 06:49:32,580 INFO  server.RaftServerConfigKeys (ConfUtils.java:logGet(43)) - raft.server.sleep.deviation.threshold = 300 (default)
2019-07-14 06:49:32,580 INFO  server.RaftServerConfigKeys (ConfUtils.java:logGet(43)) - raft.server.log.appender.install.snapshot.enabled = false (custom)
2019-07-14 06:49:32,580 INFO  impl.RaftServerImpl (ServerState.java:<init>(105)) - 482e7165-fe12-46cd-a701-6952c6a65481:group-D12DA0922E45 ConfigurationManager, init=-1: [4dd65c2c-d780-47ac-bbfa-d53e8644b05a:192.168.5.144:42098, 482e7165-fe12-46cd-a701-6952c6a65481:192.168.5.144:43038, fbcfeba4-c65e-402f-8e8d-7e30531dec82:192.168.5.144:34835], old=null, confs=<EMPTY_MAP>
2019-07-14 06:49:32,581 INFO  server.RaftServerConfigKeys (ConfUtils.java:logGet(43)) - raft.server.storage.dir = [/tmp/workdir/hadoop-ozone/integration-test/target/test-dir/MiniOzoneClusterImpl-d6a8514b-9f5a-4ec7-be91-cc3589120d34/datanode-2/data/ratis] (custom)
2019-07-14 06:49:32,581 INFO  impl.RaftServerImpl (RaftServerImpl.java:<init>(93)) - fbcfeba4-c65e-402f-8e8d-7e30531dec82: new RaftServerImpl for group-D12DA0922E45:[4dd65c2c-d780-47ac-bbfa-d53e8644b05a:192.168.5.144:42098, 482e7165-fe12-46cd-a701-6952c6a65481:192.168.5.144:43038, fbcfeba4-c65e-402f-8e8d-7e30531dec82:192.168.5.144:34835] with ContainerStateMachine:uninitialized
2019-07-14 06:49:32,581 INFO  storage.RaftStorageDirectory (RaftStorageDirectory.java:analyzeStorage(246)) - The storage directory /tmp/workdir/hadoop-ozone/integration-test/target/test-dir/MiniOzoneClusterImpl-d6a8514b-9f5a-4ec7-be91-cc3589120d34/datanode-2/data/ratis/e0f5f245-f45a-48c3-a468-d12da0922e45 does not exist. Creating ...
2019-07-14 06:49:32,581 INFO  server.RaftServerConfigKeys (ConfUtils.java:logGet(43)) - raft.server.rpc.timeout.min = 5s (custom)
2019-07-14 06:49:32,581 INFO  server.RaftServerConfigKeys (ConfUtils.java:logGet(43)) - raft.server.rpc.timeout.max = 5200ms (custom)
2019-07-14 06:49:32,581 INFO  server.RaftServerConfigKeys (ConfUtils.java:logGet(43)) - raft.server.rpcslowness.timeout = 120s (custom)
2019-07-14 06:49:32,582 INFO  server.RaftServerConfigKeys (ConfUtils.java:logGet(43)) - raft.server.sleep.deviation.threshold = 300 (default)
2019-07-14 06:49:32,582 INFO  server.RaftServerConfigKeys (ConfUtils.java:logGet(43)) - raft.server.log.appender.install.snapshot.enabled = false (custom)
2019-07-14 06:49:32,582 INFO  impl.RaftServerImpl (ServerState.java:<init>(105)) - fbcfeba4-c65e-402f-8e8d-7e30531dec82:group-D12DA0922E45 ConfigurationManager, init=-1: [4dd65c2c-d780-47ac-bbfa-d53e8644b05a:192.168.5.144:42098, 482e7165-fe12-46cd-a701-6952c6a65481:192.168.5.144:43038, fbcfeba4-c65e-402f-8e8d-7e30531dec82:192.168.5.144:34835], old=null, confs=<EMPTY_MAP>
2019-07-14 06:49:32,582 INFO  impl.RaftServerImpl (RaftServerImpl.java:<init>(93)) - 4dd65c2c-d780-47ac-bbfa-d53e8644b05a: new RaftServerImpl for group-D12DA0922E45:[4dd65c2c-d780-47ac-bbfa-d53e8644b05a:192.168.5.144:42098, 482e7165-fe12-46cd-a701-6952c6a65481:192.168.5.144:43038, fbcfeba4-c65e-402f-8e8d-7e30531dec82:192.168.5.144:34835] with ContainerStateMachine:uninitialized
2019-07-14 06:49:32,582 INFO  server.RaftServerConfigKeys (ConfUtils.java:logGet(43)) - raft.server.storage.dir = [/tmp/workdir/hadoop-ozone/integration-test/target/test-dir/MiniOzoneClusterImpl-d6a8514b-9f5a-4ec7-be91-cc3589120d34/datanode-0/data/ratis] (custom)
2019-07-14 06:49:32,582 INFO  server.RaftServerConfigKeys (ConfUtils.java:logGet(43)) - raft.server.rpc.timeout.min = 5s (custom)
2019-07-14 06:49:32,583 INFO  storage.RaftStorageDirectory (RaftStorageDirectory.java:analyzeStorage(246)) - The storage directory /tmp/workdir/hadoop-ozone/integration-test/target/test-dir/MiniOzoneClusterImpl-d6a8514b-9f5a-4ec7-be91-cc3589120d34/datanode-0/data/ratis/e0f5f245-f45a-48c3-a468-d12da0922e45 does not exist. Creating ...
2019-07-14 06:49:32,583 INFO  server.RaftServerConfigKeys (ConfUtils.java:logGet(43)) - raft.server.rpc.timeout.max = 5200ms (custom)
2019-07-14 06:49:32,583 INFO  server.RaftServerConfigKeys (ConfUtils.java:logGet(43)) - raft.server.rpcslowness.timeout = 120s (custom)
2019-07-14 06:49:32,583 INFO  server.RaftServerConfigKeys (ConfUtils.java:logGet(43)) - raft.server.sleep.deviation.threshold = 300 (default)
2019-07-14 06:49:32,584 INFO  server.RaftServerConfigKeys (ConfUtils.java:logGet(43)) - raft.server.log.appender.install.snapshot.enabled = false (custom)
2019-07-14 06:49:32,584 INFO  impl.RaftServerImpl (ServerState.java:<init>(105)) - 4dd65c2c-d780-47ac-bbfa-d53e8644b05a:group-D12DA0922E45 ConfigurationManager, init=-1: [4dd65c2c-d780-47ac-bbfa-d53e8644b05a:192.168.5.144:42098, 482e7165-fe12-46cd-a701-6952c6a65481:192.168.5.144:43038, fbcfeba4-c65e-402f-8e8d-7e30531dec82:192.168.5.144:34835], old=null, confs=<EMPTY_MAP>
2019-07-14 06:49:32,584 INFO  server.RaftServerConfigKeys (ConfUtils.java:logGet(43)) - raft.server.storage.dir = [/tmp/workdir/hadoop-ozone/integration-test/target/test-dir/MiniOzoneClusterImpl-d6a8514b-9f5a-4ec7-be91-cc3589120d34/datanode-1/data/ratis] (custom)
2019-07-14 06:49:32,585 INFO  storage.RaftStorageDirectory (RaftStorageDirectory.java:analyzeStorage(246)) - The storage directory /tmp/workdir/hadoop-ozone/integration-test/target/test-dir/MiniOzoneClusterImpl-d6a8514b-9f5a-4ec7-be91-cc3589120d34/datanode-1/data/ratis/e0f5f245-f45a-48c3-a468-d12da0922e45 does not exist. Creating ...
2019-07-14 06:49:32,593 INFO  storage.RaftStorageDirectory (RaftStorageDirectory.java:tryLock(328)) - Lock on /tmp/workdir/hadoop-ozone/integration-test/target/test-dir/MiniOzoneClusterImpl-d6a8514b-9f5a-4ec7-be91-cc3589120d34/datanode-1/data/ratis/e0f5f245-f45a-48c3-a468-d12da0922e45/in_use.lock acquired by nodename 3046@trunk-nightly-8c95p-1540871953
2019-07-14 06:49:32,593 INFO  storage.RaftStorageDirectory (RaftStorageDirectory.java:tryLock(328)) - Lock on /tmp/workdir/hadoop-ozone/integration-test/target/test-dir/MiniOzoneClusterImpl-d6a8514b-9f5a-4ec7-be91-cc3589120d34/datanode-0/data/ratis/e0f5f245-f45a-48c3-a468-d12da0922e45/in_use.lock acquired by nodename 3046@trunk-nightly-8c95p-1540871953
2019-07-14 06:49:32,593 INFO  storage.RaftStorageDirectory (RaftStorageDirectory.java:tryLock(328)) - Lock on /tmp/workdir/hadoop-ozone/integration-test/target/test-dir/MiniOzoneClusterImpl-d6a8514b-9f5a-4ec7-be91-cc3589120d34/datanode-2/data/ratis/e0f5f245-f45a-48c3-a468-d12da0922e45/in_use.lock acquired by nodename 3046@trunk-nightly-8c95p-1540871953
2019-07-14 06:49:32,607 INFO  storage.RaftStorage (RaftStorage.java:format(72)) - Storage directory /tmp/workdir/hadoop-ozone/integration-test/target/test-dir/MiniOzoneClusterImpl-d6a8514b-9f5a-4ec7-be91-cc3589120d34/datanode-1/data/ratis/e0f5f245-f45a-48c3-a468-d12da0922e45 has been successfully formatted.
2019-07-14 06:49:32,607 INFO  storage.RaftStorage (RaftStorage.java:format(72)) - Storage directory /tmp/workdir/hadoop-ozone/integration-test/target/test-dir/MiniOzoneClusterImpl-d6a8514b-9f5a-4ec7-be91-cc3589120d34/datanode-0/data/ratis/e0f5f245-f45a-48c3-a468-d12da0922e45 has been successfully formatted.
2019-07-14 06:49:32,607 INFO  storage.RaftStorage (RaftStorage.java:format(72)) - Storage directory /tmp/workdir/hadoop-ozone/integration-test/target/test-dir/MiniOzoneClusterImpl-d6a8514b-9f5a-4ec7-be91-cc3589120d34/datanode-2/data/ratis/e0f5f245-f45a-48c3-a468-d12da0922e45 has been successfully formatted.
2019-07-14 06:49:32,607 INFO  ratis.ContainerStateMachine (ContainerStateMachine.java:loadSnapshot(200)) - group-D12DA0922E45: The snapshot info is null. Setting the last applied indexto:(t:0, i:~)
2019-07-14 06:49:32,608 INFO  ratis.ContainerStateMachine (ContainerStateMachine.java:loadSnapshot(200)) - group-D12DA0922E45: The snapshot info is null. Setting the last applied indexto:(t:0, i:~)
2019-07-14 06:49:32,608 INFO  ratis.ContainerStateMachine (ContainerStateMachine.java:loadSnapshot(200)) - group-D12DA0922E45: The snapshot info is null. Setting the last applied indexto:(t:0, i:~)
2019-07-14 06:49:32,608 INFO  server.RaftServerConfigKeys (ConfUtils.java:logGet(43)) - raft.server.leader.election.timeout = 120s (custom)
2019-07-14 06:49:32,608 INFO  server.RaftServerConfigKeys (ConfUtils.java:logGet(43)) - raft.server.leader.election.timeout = 120s (custom)
2019-07-14 06:49:32,609 INFO  server.RaftServerConfigKeys (ConfUtils.java:logGet(43)) - raft.server.log.use.memory = false (default)
2019-07-14 06:49:32,608 INFO  server.RaftServerConfigKeys (ConfUtils.java:logGet(43)) - raft.server.leader.election.timeout = 120s (custom)
2019-07-14 06:49:32,609 INFO  server.RaftServerConfigKeys (ConfUtils.java:logGet(43)) - raft.server.log.purge.gap = 1000000000 (custom)
2019-07-14 06:49:32,609 INFO  server.RaftServerConfigKeys (ConfUtils.java:logGet(43)) - raft.server.log.use.memory = false (default)
2019-07-14 06:49:32,609 INFO  server.RaftServerConfigKeys (ConfUtils.java:logGet(43)) - raft.server.log.appender.buffer.byte-limit = 33554432 (custom)
2019-07-14 06:49:32,609 INFO  server.RaftServerConfigKeys (ConfUtils.java:logGet(43)) - raft.server.log.use.memory = false (default)
2019-07-14 06:49:32,610 INFO  server.RaftServerConfigKeys (ConfUtils.java:logGet(43)) - raft.server.log.segment.size.max = 1048576 (custom)
2019-07-14 06:49:32,609 INFO  server.RaftServerConfigKeys (ConfUtils.java:logGet(43)) - raft.server.log.purge.gap = 1000000000 (custom)
2019-07-14 06:49:32,610 INFO  server.RaftServerConfigKeys (ConfUtils.java:logGet(43)) - raft.server.log.segment.cache.num.max = 2 (custom)
2019-07-14 06:49:32,610 INFO  server.RaftServerConfigKeys (ConfUtils.java:logGet(43)) - raft.server.log.purge.gap = 1000000000 (custom)
2019-07-14 06:49:32,610 INFO  segmented.SegmentedRaftLogWorker (SegmentedRaftLogWorker.java:<init>(172)) - new fbcfeba4-c65e-402f-8e8d-7e30531dec82-SegmentedRaftLogWorker:Storage Directory /tmp/workdir/hadoop-ozone/integration-test/target/test-dir/MiniOzoneClusterImpl-d6a8514b-9f5a-4ec7-be91-cc3589120d34/datanode-0/data/ratis/e0f5f245-f45a-48c3-a468-d12da0922e45 for RaftStorage:Storage Directory /tmp/workdir/hadoop-ozone/integration-test/target/test-dir/MiniOzoneClusterImpl-d6a8514b-9f5a-4ec7-be91-cc3589120d34/datanode-0/data/ratis/e0f5f245-f45a-48c3-a468-d12da0922e45
2019-07-14 06:49:32,610 INFO  server.RaftServerConfigKeys (ConfUtils.java:logGet(43)) - raft.server.log.appender.buffer.byte-limit = 33554432 (custom)
2019-07-14 06:49:32,610 INFO  server.RaftServerConfigKeys (ConfUtils.java:logGet(43)) - raft.server.log.appender.buffer.byte-limit = 33554432 (custom)
2019-07-14 06:49:32,611 INFO  server.RaftServerConfigKeys (ConfUtils.java:logGet(43)) - raft.server.log.segment.size.max = 1048576 (custom)
2019-07-14 06:49:32,611 INFO  server.RaftServerConfigKeys (ConfUtils.java:logGet(43)) - raft.server.log.queue.byte-limit = 2147483647 (custom)
2019-07-14 06:49:32,614 INFO  server.RaftServerConfigKeys (ConfUtils.java:logGet(43)) - raft.server.log.segment.cache.num.max = 2 (custom)
2019-07-14 06:49:32,614 INFO  server.RaftServerConfigKeys (ConfUtils.java:logGet(43)) - raft.server.log.segment.size.max = 1048576 (custom)
2019-07-14 06:49:32,614 INFO  segmented.SegmentedRaftLogWorker (SegmentedRaftLogWorker.java:<init>(172)) - new 4dd65c2c-d780-47ac-bbfa-d53e8644b05a-SegmentedRaftLogWorker:Storage Directory /tmp/workdir/hadoop-ozone/integration-test/target/test-dir/MiniOzoneClusterImpl-d6a8514b-9f5a-4ec7-be91-cc3589120d34/datanode-1/data/ratis/e0f5f245-f45a-48c3-a468-d12da0922e45 for RaftStorage:Storage Directory /tmp/workdir/hadoop-ozone/integration-test/target/test-dir/MiniOzoneClusterImpl-d6a8514b-9f5a-4ec7-be91-cc3589120d34/datanode-1/data/ratis/e0f5f245-f45a-48c3-a468-d12da0922e45
2019-07-14 06:49:32,614 INFO  server.RaftServerConfigKeys (ConfUtils.java:logGet(43)) - raft.server.log.queue.element-limit = 1024 (custom)
2019-07-14 06:49:32,614 INFO  server.RaftServerConfigKeys (ConfUtils.java:logGet(43)) - raft.server.log.queue.byte-limit = 2147483647 (custom)
2019-07-14 06:49:32,614 INFO  server.RaftServerConfigKeys (ConfUtils.java:logGet(43)) - raft.server.log.segment.cache.num.max = 2 (custom)
2019-07-14 06:49:32,616 INFO  server.RaftServerConfigKeys (ConfUtils.java:logGet(43)) - raft.server.log.queue.element-limit = 1024 (custom)
2019-07-14 06:49:32,616 INFO  server.RaftServerConfigKeys (ConfUtils.java:logGet(43)) - raft.server.log.segment.size.max = 1048576 (custom)
2019-07-14 06:49:32,617 INFO  server.RaftServerConfigKeys (ConfUtils.java:logGet(43)) - raft.server.log.segment.size.max = 1048576 (custom)
2019-07-14 06:49:32,617 INFO  segmented.SegmentedRaftLogWorker (SegmentedRaftLogWorker.java:<init>(172)) - new 482e7165-fe12-46cd-a701-6952c6a65481-SegmentedRaftLogWorker:Storage Directory /tmp/workdir/hadoop-ozone/integration-test/target/test-dir/MiniOzoneClusterImpl-d6a8514b-9f5a-4ec7-be91-cc3589120d34/datanode-2/data/ratis/e0f5f245-f45a-48c3-a468-d12da0922e45 for RaftStorage:Storage Directory /tmp/workdir/hadoop-ozone/integration-test/target/test-dir/MiniOzoneClusterImpl-d6a8514b-9f5a-4ec7-be91-cc3589120d34/datanode-2/data/ratis/e0f5f245-f45a-48c3-a468-d12da0922e45
2019-07-14 06:49:32,617 INFO  server.RaftServerConfigKeys (ConfUtils.java:logGet(43)) - raft.server.log.preallocated.size = 16384 (custom)
2019-07-14 06:49:32,617 INFO  server.RaftServerConfigKeys (ConfUtils.java:logGet(43)) - raft.server.log.preallocated.size = 16384 (custom)
2019-07-14 06:49:32,617 INFO  server.RaftServerConfigKeys (ConfUtils.java:logGet(43)) - raft.server.log.write.buffer.size = 33554432 (custom)
2019-07-14 06:49:32,617 INFO  server.RaftServerConfigKeys (ConfUtils.java:logGet(43)) - raft.server.log.queue.byte-limit = 2147483647 (custom)
2019-07-14 06:49:32,619 INFO  server.RaftServerConfigKeys (ConfUtils.java:logGet(43)) - raft.server.log.force.sync.num = 128 (default)
2019-07-14 06:49:32,619 INFO  server.RaftServerConfigKeys (ConfUtils.java:logGet(43)) - raft.server.log.statemachine.data.sync = true (default)
2019-07-14 06:49:32,619 INFO  server.RaftServerConfigKeys (ConfUtils.java:logGet(43)) - raft.server.log.write.buffer.size = 33554432 (custom)
2019-07-14 06:49:32,620 INFO  server.RaftServerConfigKeys (ConfUtils.java:logGet(43)) - raft.server.log.statemachine.data.sync.timeout = 10s (default)
2019-07-14 06:49:32,619 INFO  server.RaftServerConfigKeys (ConfUtils.java:logGet(43)) - raft.server.log.queue.element-limit = 1024 (custom)
2019-07-14 06:49:32,620 INFO  server.RaftServerConfigKeys (ConfUtils.java:logGet(43)) - raft.server.log.statemachine.data.sync.timeout.retry = -1 (default)
2019-07-14 06:49:32,620 INFO  server.RaftServerConfigKeys (ConfUtils.java:logGet(43)) - raft.server.log.force.sync.num = 128 (default)
2019-07-14 06:49:32,620 INFO  server.RaftServerConfigKeys (ConfUtils.java:logGet(43)) - raft.server.log.statemachine.data.caching.enabled = true (custom)
2019-07-14 06:49:32,620 INFO  server.RaftServerConfigKeys (ConfUtils.java:logGet(43)) - raft.server.log.segment.size.max = 1048576 (custom)
2019-07-14 06:49:32,620 INFO  server.RaftServerConfigKeys (ConfUtils.java:logGet(43)) - raft.server.log.statemachine.data.sync = true (default)
2019-07-14 06:49:32,621 INFO  segmented.SegmentedRaftLogWorker (SegmentedRaftLogWorker.java:lambda$new$0(132)) - 4dd65c2c-d780-47ac-bbfa-d53e8644b05a-SegmentedRaftLogWorker:Storage Directory /tmp/workdir/hadoop-ozone/integration-test/target/test-dir/MiniOzoneClusterImpl-d6a8514b-9f5a-4ec7-be91-cc3589120d34/datanode-1/data/ratis/e0f5f245-f45a-48c3-a468-d12da0922e45: flushIndex: setUnconditionally 0 -> -1
2019-07-14 06:49:32,621 INFO  server.RaftServerConfigKeys (ConfUtils.java:logGet(43)) - raft.server.log.preallocated.size = 16384 (custom)
2019-07-14 06:49:32,621 INFO  server.RaftServerConfigKeys (ConfUtils.java:logGet(43)) - raft.server.log.statemachine.data.sync.timeout = 10s (default)
2019-07-14 06:49:32,621 INFO  server.RaftServerConfigKeys (ConfUtils.java:logGet(43)) - raft.server.snapshot.auto.trigger.enabled = true (custom)
2019-07-14 06:49:32,621 INFO  server.RaftServerConfigKeys (ConfUtils.java:logGet(43)) - raft.server.log.write.buffer.size = 33554432 (custom)
2019-07-14 06:49:32,621 INFO  server.RaftServerConfigKeys (ConfUtils.java:logGet(43)) - raft.server.snapshot.auto.trigger.threshold = 10000 (custom)
2019-07-14 06:49:32,621 INFO  server.RaftServerConfigKeys (ConfUtils.java:logGet(43)) - raft.server.log.statemachine.data.sync.timeout.retry = -1 (default)
2019-07-14 06:49:32,622 INFO  server.RaftServerConfigKeys (ConfUtils.java:logGet(43)) - raft.server.retrycache.expirytime = 600000ms (custom)
2019-07-14 06:49:32,622 INFO  server.RaftServerConfigKeys (ConfUtils.java:logGet(43)) - raft.server.log.statemachine.data.caching.enabled = true (custom)
2019-07-14 06:49:32,622 INFO  server.RaftServerConfigKeys (ConfUtils.java:logGet(43)) - raft.server.log.force.sync.num = 128 (default)
2019-07-14 06:49:32,622 INFO  impl.RaftServerImpl (RaftServerImpl.java:start(180)) - 4dd65c2c-d780-47ac-bbfa-d53e8644b05a: start group-D12DA0922E45
2019-07-14 06:49:32,622 INFO  server.RaftServerConfigKeys (ConfUtils.java:logGet(43)) - raft.server.log.statemachine.data.sync = true (default)
2019-07-14 06:49:32,622 INFO  impl.RaftServerImpl (RaftServerImpl.java:setRole(171)) - 4dd65c2c-d780-47ac-bbfa-d53e8644b05a:group-D12DA0922E45 changes role from null to FOLLOWER at term 0 for startAsFollower
2019-07-14 06:49:32,622 INFO  segmented.SegmentedRaftLogWorker (SegmentedRaftLogWorker.java:lambda$new$0(132)) - fbcfeba4-c65e-402f-8e8d-7e30531dec82-SegmentedRaftLogWorker:Storage Directory /tmp/workdir/hadoop-ozone/integration-test/target/test-dir/MiniOzoneClusterImpl-d6a8514b-9f5a-4ec7-be91-cc3589120d34/datanode-0/data/ratis/e0f5f245-f45a-48c3-a468-d12da0922e45: flushIndex: setUnconditionally 0 -> -1
2019-07-14 06:49:32,623 INFO  impl.RoleInfo (RoleInfo.java:updateAndGet(143)) - 4dd65c2c-d780-47ac-bbfa-d53e8644b05a: start FollowerState
2019-07-14 06:49:32,622 INFO  server.RaftServerConfigKeys (ConfUtils.java:logGet(43)) - raft.server.log.statemachine.data.sync.timeout = 10s (default)
2019-07-14 06:49:32,623 INFO  server.RaftServerConfigKeys (ConfUtils.java:logGet(43)) - raft.server.snapshot.auto.trigger.enabled = true (custom)
2019-07-14 06:49:32,623 INFO  server.RaftServerConfigKeys (ConfUtils.java:logGet(43)) - raft.server.log.statemachine.data.sync.timeout.retry = -1 (default)
2019-07-14 06:49:32,623 INFO  util.JmxRegister (JmxRegister.java:tryRegister(44)) - Successfully registered JMX Bean with object name Ratis:service=RaftServer,group=group-D12DA0922E45,id=4dd65c2c-d780-47ac-bbfa-d53e8644b05a
2019-07-14 06:49:32,623 INFO  server.RaftServerConfigKeys (ConfUtils.java:logGet(43)) - raft.server.snapshot.auto.trigger.threshold = 10000 (custom)
2019-07-14 06:49:32,623 INFO  server.RaftServerConfigKeys (ConfUtils.java:logGet(43)) - raft.server.log.statemachine.data.caching.enabled = true (custom)
2019-07-14 06:49:32,624 INFO  server.RaftServerConfigKeys (ConfUtils.java:logGet(43)) - raft.server.retrycache.expirytime = 600000ms (custom)
2019-07-14 06:49:32,624 INFO  segmented.SegmentedRaftLogWorker (SegmentedRaftLogWorker.java:lambda$new$0(132)) - 482e7165-fe12-46cd-a701-6952c6a65481-SegmentedRaftLogWorker:Storage Directory /tmp/workdir/hadoop-ozone/integration-test/target/test-dir/MiniOzoneClusterImpl-d6a8514b-9f5a-4ec7-be91-cc3589120d34/datanode-2/data/ratis/e0f5f245-f45a-48c3-a468-d12da0922e45: flushIndex: setUnconditionally 0 -> -1
2019-07-14 06:49:32,624 INFO  impl.RaftServerImpl (RaftServerImpl.java:start(180)) - fbcfeba4-c65e-402f-8e8d-7e30531dec82: start group-D12DA0922E45
2019-07-14 06:49:32,624 INFO  impl.RaftServerImpl (RaftServerImpl.java:setRole(171)) - fbcfeba4-c65e-402f-8e8d-7e30531dec82:group-D12DA0922E45 changes role from null to FOLLOWER at term 0 for startAsFollower
2019-07-14 06:49:32,624 INFO  server.RaftServerConfigKeys (ConfUtils.java:logGet(43)) - raft.server.snapshot.auto.trigger.enabled = true (custom)
2019-07-14 06:49:32,627 INFO  impl.RoleInfo (RoleInfo.java:updateAndGet(143)) - fbcfeba4-c65e-402f-8e8d-7e30531dec82: start FollowerState
2019-07-14 06:49:32,627 INFO  server.RaftServerConfigKeys (ConfUtils.java:logGet(43)) - raft.server.snapshot.auto.trigger.threshold = 10000 (custom)
2019-07-14 06:49:32,628 INFO  server.RaftServerConfigKeys (ConfUtils.java:logGet(43)) - raft.server.retrycache.expirytime = 600000ms (custom)
2019-07-14 06:49:32,628 INFO  util.JmxRegister (JmxRegister.java:tryRegister(44)) - Successfully registered JMX Bean with object name Ratis:service=RaftServer,group=group-D12DA0922E45,id=fbcfeba4-c65e-402f-8e8d-7e30531dec82
2019-07-14 06:49:32,628 INFO  impl.RaftServerImpl (RaftServerImpl.java:start(180)) - 482e7165-fe12-46cd-a701-6952c6a65481: start group-D12DA0922E45
2019-07-14 06:49:32,628 INFO  impl.RaftServerImpl (RaftServerImpl.java:setRole(171)) - 482e7165-fe12-46cd-a701-6952c6a65481:group-D12DA0922E45 changes role from null to FOLLOWER at term 0 for startAsFollower
2019-07-14 06:49:32,628 INFO  impl.RoleInfo (RoleInfo.java:updateAndGet(143)) - 482e7165-fe12-46cd-a701-6952c6a65481: start FollowerState
2019-07-14 06:49:32,629 INFO  util.JmxRegister (JmxRegister.java:tryRegister(44)) - Successfully registered JMX Bean with object name Ratis:service=RaftServer,group=group-D12DA0922E45,id=482e7165-fe12-46cd-a701-6952c6a65481
2019-07-14 06:49:32,634 INFO  pipeline.PipelineStateManager (PipelineStateManager.java:addPipeline(56)) - Created pipeline Pipeline[ Id: e0f5f245-f45a-48c3-a468-d12da0922e45, Nodes: 482e7165-fe12-46cd-a701-6952c6a65481{ip: 192.168.5.144, host: trunk-nightly-8c95p-1540871953, networkLocation: /default-rack, certSerialId: null}fbcfeba4-c65e-402f-8e8d-7e30531dec82{ip: 192.168.5.144, host: trunk-nightly-8c95p-1540871953, networkLocation: /default-rack, certSerialId: null}4dd65c2c-d780-47ac-bbfa-d53e8644b05a{ip: 192.168.5.144, host: trunk-nightly-8c95p-1540871953, networkLocation: /default-rack, certSerialId: null}, Type:RATIS, Factor:THREE, State:OPEN]
2019-07-14 06:49:32,679 INFO  node.SCMNodeManager (SCMNodeManager.java:register(269)) - Registered Data node : 9235e096-bad2-4ddc-afaa-1e7edc12c7d5{ip: 192.168.5.144, host: trunk-nightly-8c95p-1540871953, networkLocation: /default-rack, certSerialId: null}
2019-07-14 06:49:32,693 INFO  impl.RaftServerProxy (RaftServerProxy.java:addNew(89)) - 9235e096-bad2-4ddc-afaa-1e7edc12c7d5: addNew group-3C262B468671:[9235e096-bad2-4ddc-afaa-1e7edc12c7d5:192.168.5.144:33491] returns group-3C262B468671:java.util.concurrent.CompletableFuture@7760232a[Not completed]
2019-07-14 06:49:32,697 INFO  impl.RaftServerImpl (RaftServerImpl.java:<init>(93)) - 9235e096-bad2-4ddc-afaa-1e7edc12c7d5: new RaftServerImpl for group-3C262B468671:[9235e096-bad2-4ddc-afaa-1e7edc12c7d5:192.168.5.144:33491] with ContainerStateMachine:uninitialized
2019-07-14 06:49:32,698 INFO  server.RaftServerConfigKeys (ConfUtils.java:logGet(43)) - raft.server.rpc.timeout.min = 5s (custom)
2019-07-14 06:49:32,698 INFO  server.RaftServerConfigKeys (ConfUtils.java:logGet(43)) - raft.server.rpc.timeout.max = 5200ms (custom)
2019-07-14 06:49:32,698 INFO  server.RaftServerConfigKeys (ConfUtils.java:logGet(43)) - raft.server.rpcslowness.timeout = 120s (custom)
2019-07-14 06:49:32,698 INFO  server.RaftServerConfigKeys (ConfUtils.java:logGet(43)) - raft.server.sleep.deviation.threshold = 300 (default)
2019-07-14 06:49:32,698 INFO  server.RaftServerConfigKeys (ConfUtils.java:logGet(43)) - raft.server.log.appender.install.snapshot.enabled = false (custom)
2019-07-14 06:49:32,698 INFO  impl.RaftServerImpl (ServerState.java:<init>(105)) - 9235e096-bad2-4ddc-afaa-1e7edc12c7d5:group-3C262B468671 ConfigurationManager, init=-1: [9235e096-bad2-4ddc-afaa-1e7edc12c7d5:192.168.5.144:33491], old=null, confs=<EMPTY_MAP>
2019-07-14 06:49:32,699 INFO  server.RaftServerConfigKeys (ConfUtils.java:logGet(43)) - raft.server.storage.dir = [/tmp/workdir/hadoop-ozone/integration-test/target/test-dir/MiniOzoneClusterImpl-d6a8514b-9f5a-4ec7-be91-cc3589120d34/datanode-3/data/ratis] (custom)
2019-07-14 06:49:32,699 INFO  storage.RaftStorageDirectory (RaftStorageDirectory.java:analyzeStorage(246)) - The storage directory /tmp/workdir/hadoop-ozone/integration-test/target/test-dir/MiniOzoneClusterImpl-d6a8514b-9f5a-4ec7-be91-cc3589120d34/datanode-3/data/ratis/73945dfa-6090-4c95-a060-3c262b468671 does not exist. Creating ...
2019-07-14 06:49:32,710 INFO  storage.RaftStorageDirectory (RaftStorageDirectory.java:tryLock(328)) - Lock on /tmp/workdir/hadoop-ozone/integration-test/target/test-dir/MiniOzoneClusterImpl-d6a8514b-9f5a-4ec7-be91-cc3589120d34/datanode-3/data/ratis/73945dfa-6090-4c95-a060-3c262b468671/in_use.lock acquired by nodename 3046@trunk-nightly-8c95p-1540871953
2019-07-14 06:49:32,714 INFO  storage.RaftStorage (RaftStorage.java:format(72)) - Storage directory /tmp/workdir/hadoop-ozone/integration-test/target/test-dir/MiniOzoneClusterImpl-d6a8514b-9f5a-4ec7-be91-cc3589120d34/datanode-3/data/ratis/73945dfa-6090-4c95-a060-3c262b468671 has been successfully formatted.
2019-07-14 06:49:32,714 INFO  ratis.ContainerStateMachine (ContainerStateMachine.java:loadSnapshot(200)) - group-3C262B468671: The snapshot info is null. Setting the last applied indexto:(t:0, i:~)
2019-07-14 06:49:32,714 INFO  server.RaftServerConfigKeys (ConfUtils.java:logGet(43)) - raft.server.leader.election.timeout = 120s (custom)
2019-07-14 06:49:32,714 INFO  server.RaftServerConfigKeys (ConfUtils.java:logGet(43)) - raft.server.log.use.memory = false (default)
2019-07-14 06:49:32,714 INFO  server.RaftServerConfigKeys (ConfUtils.java:logGet(43)) - raft.server.log.purge.gap = 1000000000 (custom)
2019-07-14 06:49:32,715 INFO  server.RaftServerConfigKeys (ConfUtils.java:logGet(43)) - raft.server.log.appender.buffer.byte-limit = 33554432 (custom)
2019-07-14 06:49:32,715 INFO  server.RaftServerConfigKeys (ConfUtils.java:logGet(43)) - raft.server.log.segment.size.max = 1048576 (custom)
2019-07-14 06:49:32,715 INFO  server.RaftServerConfigKeys (ConfUtils.java:logGet(43)) - raft.server.log.segment.cache.num.max = 2 (custom)
2019-07-14 06:49:32,715 INFO  segmented.SegmentedRaftLogWorker (SegmentedRaftLogWorker.java:<init>(172)) - new 9235e096-bad2-4ddc-afaa-1e7edc12c7d5-SegmentedRaftLogWorker:Storage Directory /tmp/workdir/hadoop-ozone/integration-test/target/test-dir/MiniOzoneClusterImpl-d6a8514b-9f5a-4ec7-be91-cc3589120d34/datanode-3/data/ratis/73945dfa-6090-4c95-a060-3c262b468671 for RaftStorage:Storage Directory /tmp/workdir/hadoop-ozone/integration-test/target/test-dir/MiniOzoneClusterImpl-d6a8514b-9f5a-4ec7-be91-cc3589120d34/datanode-3/data/ratis/73945dfa-6090-4c95-a060-3c262b468671
2019-07-14 06:49:32,715 INFO  server.RaftServerConfigKeys (ConfUtils.java:logGet(43)) - raft.server.log.queue.byte-limit = 2147483647 (custom)
2019-07-14 06:49:32,715 INFO  server.RaftServerConfigKeys (ConfUtils.java:logGet(43)) - raft.server.log.queue.element-limit = 1024 (custom)
2019-07-14 06:49:32,716 INFO  server.RaftServerConfigKeys (ConfUtils.java:logGet(43)) - raft.server.log.segment.size.max = 1048576 (custom)
2019-07-14 06:49:32,716 INFO  server.RaftServerConfigKeys (ConfUtils.java:logGet(43)) - raft.server.log.preallocated.size = 16384 (custom)
2019-07-14 06:49:32,716 INFO  server.RaftServerConfigKeys (ConfUtils.java:logGet(43)) - raft.server.log.write.buffer.size = 33554432 (custom)
2019-07-14 06:49:32,716 INFO  server.RaftServerConfigKeys (ConfUtils.java:logGet(43)) - raft.server.log.force.sync.num = 128 (default)
2019-07-14 06:49:32,716 INFO  server.RaftServerConfigKeys (ConfUtils.java:logGet(43)) - raft.server.log.statemachine.data.sync = true (default)
2019-07-14 06:49:32,716 INFO  server.RaftServerConfigKeys (ConfUtils.java:logGet(43)) - raft.server.log.statemachine.data.sync.timeout = 10s (default)
2019-07-14 06:49:32,717 INFO  server.RaftServerConfigKeys (ConfUtils.java:logGet(43)) - raft.server.log.statemachine.data.sync.timeout.retry = -1 (default)
2019-07-14 06:49:32,717 INFO  server.RaftServerConfigKeys (ConfUtils.java:logGet(43)) - raft.server.log.statemachine.data.caching.enabled = true (custom)
2019-07-14 06:49:32,717 INFO  segmented.SegmentedRaftLogWorker (SegmentedRaftLogWorker.java:lambda$new$0(132)) - 9235e096-bad2-4ddc-afaa-1e7edc12c7d5-SegmentedRaftLogWorker:Storage Directory /tmp/workdir/hadoop-ozone/integration-test/target/test-dir/MiniOzoneClusterImpl-d6a8514b-9f5a-4ec7-be91-cc3589120d34/datanode-3/data/ratis/73945dfa-6090-4c95-a060-3c262b468671: flushIndex: setUnconditionally 0 -> -1
2019-07-14 06:49:32,718 INFO  server.RaftServerConfigKeys (ConfUtils.java:logGet(43)) - raft.server.snapshot.auto.trigger.enabled = true (custom)
2019-07-14 06:49:32,718 INFO  server.RaftServerConfigKeys (ConfUtils.java:logGet(43)) - raft.server.snapshot.auto.trigger.threshold = 10000 (custom)
2019-07-14 06:49:32,718 INFO  server.RaftServerConfigKeys (ConfUtils.java:logGet(43)) - raft.server.retrycache.expirytime = 600000ms (custom)
2019-07-14 06:49:32,718 INFO  impl.RaftServerImpl (RaftServerImpl.java:start(180)) - 9235e096-bad2-4ddc-afaa-1e7edc12c7d5: start group-3C262B468671
2019-07-14 06:49:32,719 INFO  impl.RaftServerImpl (RaftServerImpl.java:setRole(171)) - 9235e096-bad2-4ddc-afaa-1e7edc12c7d5:group-3C262B468671 changes role from null to FOLLOWER at term 0 for startAsFollower
2019-07-14 06:49:32,719 INFO  impl.RoleInfo (RoleInfo.java:updateAndGet(143)) - 9235e096-bad2-4ddc-afaa-1e7edc12c7d5: start FollowerState
2019-07-14 06:49:32,719 INFO  util.JmxRegister (JmxRegister.java:tryRegister(44)) - Successfully registered JMX Bean with object name Ratis:service=RaftServer,group=group-3C262B468671,id=9235e096-bad2-4ddc-afaa-1e7edc12c7d5
2019-07-14 06:49:32,725 INFO  pipeline.PipelineStateManager (PipelineStateManager.java:addPipeline(56)) - Created pipeline Pipeline[ Id: 73945dfa-6090-4c95-a060-3c262b468671, Nodes: 9235e096-bad2-4ddc-afaa-1e7edc12c7d5{ip: 192.168.5.144, host: trunk-nightly-8c95p-1540871953, networkLocation: /default-rack, certSerialId: null}, Type:RATIS, Factor:ONE, State:OPEN]
2019-07-14 06:49:32,851 INFO  node.SCMNodeManager (SCMNodeManager.java:register(269)) - Registered Data node : 48c40916-4df4-43f1-8da9-aa837bc1a9b2{ip: 192.168.5.144, host: trunk-nightly-8c95p-1540871953, networkLocation: /default-rack, certSerialId: null}
2019-07-14 06:49:32,865 INFO  impl.RaftServerProxy (RaftServerProxy.java:addNew(89)) - 48c40916-4df4-43f1-8da9-aa837bc1a9b2: addNew group-C50E1CE1A3CA:[48c40916-4df4-43f1-8da9-aa837bc1a9b2:192.168.5.144:44628] returns group-C50E1CE1A3CA:java.util.concurrent.CompletableFuture@2160700[Not completed]
2019-07-14 06:49:32,867 INFO  impl.RaftServerImpl (RaftServerImpl.java:<init>(93)) - 48c40916-4df4-43f1-8da9-aa837bc1a9b2: new RaftServerImpl for group-C50E1CE1A3CA:[48c40916-4df4-43f1-8da9-aa837bc1a9b2:192.168.5.144:44628] with ContainerStateMachine:uninitialized
2019-07-14 06:49:32,867 INFO  server.RaftServerConfigKeys (ConfUtils.java:logGet(43)) - raft.server.rpc.timeout.min = 5s (custom)
2019-07-14 06:49:32,868 INFO  server.RaftServerConfigKeys (ConfUtils.java:logGet(43)) - raft.server.rpc.timeout.max = 5200ms (custom)
2019-07-14 06:49:32,868 INFO  server.RaftServerConfigKeys (ConfUtils.java:logGet(43)) - raft.server.rpcslowness.timeout = 120s (custom)
2019-07-14 06:49:32,868 INFO  server.RaftServerConfigKeys (ConfUtils.java:logGet(43)) - raft.server.sleep.deviation.threshold = 300 (default)
2019-07-14 06:49:32,868 INFO  server.RaftServerConfigKeys (ConfUtils.java:logGet(43)) - raft.server.log.appender.install.snapshot.enabled = false (custom)
2019-07-14 06:49:32,868 INFO  impl.RaftServerImpl (ServerState.java:<init>(105)) - 48c40916-4df4-43f1-8da9-aa837bc1a9b2:group-C50E1CE1A3CA ConfigurationManager, init=-1: [48c40916-4df4-43f1-8da9-aa837bc1a9b2:192.168.5.144:44628], old=null, confs=<EMPTY_MAP>
2019-07-14 06:49:32,869 INFO  server.RaftServerConfigKeys (ConfUtils.java:logGet(43)) - raft.server.storage.dir = [/tmp/workdir/hadoop-ozone/integration-test/target/test-dir/MiniOzoneClusterImpl-d6a8514b-9f5a-4ec7-be91-cc3589120d34/datanode-4/data/ratis] (custom)
2019-07-14 06:49:32,869 INFO  storage.RaftStorageDirectory (RaftStorageDirectory.java:analyzeStorage(246)) - The storage directory /tmp/workdir/hadoop-ozone/integration-test/target/test-dir/MiniOzoneClusterImpl-d6a8514b-9f5a-4ec7-be91-cc3589120d34/datanode-4/data/ratis/15160694-d92e-4da2-a597-c50e1ce1a3ca does not exist. Creating ...
2019-07-14 06:49:32,875 INFO  storage.RaftStorageDirectory (RaftStorageDirectory.java:tryLock(328)) - Lock on /tmp/workdir/hadoop-ozone/integration-test/target/test-dir/MiniOzoneClusterImpl-d6a8514b-9f5a-4ec7-be91-cc3589120d34/datanode-4/data/ratis/15160694-d92e-4da2-a597-c50e1ce1a3ca/in_use.lock acquired by nodename 3046@trunk-nightly-8c95p-1540871953
2019-07-14 06:49:32,878 INFO  storage.RaftStorage (RaftStorage.java:format(72)) - Storage directory /tmp/workdir/hadoop-ozone/integration-test/target/test-dir/MiniOzoneClusterImpl-d6a8514b-9f5a-4ec7-be91-cc3589120d34/datanode-4/data/ratis/15160694-d92e-4da2-a597-c50e1ce1a3ca has been successfully formatted.
2019-07-14 06:49:32,879 INFO  ratis.ContainerStateMachine (ContainerStateMachine.java:loadSnapshot(200)) - group-C50E1CE1A3CA: The snapshot info is null. Setting the last applied indexto:(t:0, i:~)
2019-07-14 06:49:32,879 INFO  server.RaftServerConfigKeys (ConfUtils.java:logGet(43)) - raft.server.leader.election.timeout = 120s (custom)
2019-07-14 06:49:32,879 INFO  server.RaftServerConfigKeys (ConfUtils.java:logGet(43)) - raft.server.log.use.memory = false (default)
2019-07-14 06:49:32,879 INFO  server.RaftServerConfigKeys (ConfUtils.java:logGet(43)) - raft.server.log.purge.gap = 1000000000 (custom)
2019-07-14 06:49:32,879 INFO  server.RaftServerConfigKeys (ConfUtils.java:logGet(43)) - raft.server.log.appender.buffer.byte-limit = 33554432 (custom)
2019-07-14 06:49:32,880 INFO  server.RaftServerConfigKeys (ConfUtils.java:logGet(43)) - raft.server.log.segment.size.max = 1048576 (custom)
2019-07-14 06:49:32,880 INFO  server.RaftServerConfigKeys (ConfUtils.java:logGet(43)) - raft.server.log.segment.cache.num.max = 2 (custom)
2019-07-14 06:49:32,880 INFO  segmented.SegmentedRaftLogWorker (SegmentedRaftLogWorker.java:<init>(172)) - new 48c40916-4df4-43f1-8da9-aa837bc1a9b2-SegmentedRaftLogWorker:Storage Directory /tmp/workdir/hadoop-ozone/integration-test/target/test-dir/MiniOzoneClusterImpl-d6a8514b-9f5a-4ec7-be91-cc3589120d34/datanode-4/data/ratis/15160694-d92e-4da2-a597-c50e1ce1a3ca for RaftStorage:Storage Directory /tmp/workdir/hadoop-ozone/integration-test/target/test-dir/MiniOzoneClusterImpl-d6a8514b-9f5a-4ec7-be91-cc3589120d34/datanode-4/data/ratis/15160694-d92e-4da2-a597-c50e1ce1a3ca
2019-07-14 06:49:32,880 INFO  server.RaftServerConfigKeys (ConfUtils.java:logGet(43)) - raft.server.log.queue.byte-limit = 2147483647 (custom)
2019-07-14 06:49:32,880 INFO  server.RaftServerConfigKeys (ConfUtils.java:logGet(43)) - raft.server.log.queue.element-limit = 1024 (custom)
2019-07-14 06:49:32,881 INFO  server.RaftServerConfigKeys (ConfUtils.java:logGet(43)) - raft.server.log.segment.size.max = 1048576 (custom)
2019-07-14 06:49:32,881 INFO  server.RaftServerConfigKeys (ConfUtils.java:logGet(43)) - raft.server.log.preallocated.size = 16384 (custom)
2019-07-14 06:49:32,881 INFO  server.RaftServerConfigKeys (ConfUtils.java:logGet(43)) - raft.server.log.write.buffer.size = 33554432 (custom)
2019-07-14 06:49:32,881 INFO  server.RaftServerConfigKeys (ConfUtils.java:logGet(43)) - raft.server.log.force.sync.num = 128 (default)
2019-07-14 06:49:32,881 INFO  server.RaftServerConfigKeys (ConfUtils.java:logGet(43)) - raft.server.log.statemachine.data.sync = true (default)
2019-07-14 06:49:32,882 INFO  server.RaftServerConfigKeys (ConfUtils.java:logGet(43)) - raft.server.log.statemachine.data.sync.timeout = 10s (default)
2019-07-14 06:49:32,882 INFO  server.RaftServerConfigKeys (ConfUtils.java:logGet(43)) - raft.server.log.statemachine.data.sync.timeout.retry = -1 (default)
2019-07-14 06:49:32,882 INFO  server.RaftServerConfigKeys (ConfUtils.java:logGet(43)) - raft.server.log.statemachine.data.caching.enabled = true (custom)
2019-07-14 06:49:32,882 INFO  segmented.SegmentedRaftLogWorker (SegmentedRaftLogWorker.java:lambda$new$0(132)) - 48c40916-4df4-43f1-8da9-aa837bc1a9b2-SegmentedRaftLogWorker:Storage Directory /tmp/workdir/hadoop-ozone/integration-test/target/test-dir/MiniOzoneClusterImpl-d6a8514b-9f5a-4ec7-be91-cc3589120d34/datanode-4/data/ratis/15160694-d92e-4da2-a597-c50e1ce1a3ca: flushIndex: setUnconditionally 0 -> -1
2019-07-14 06:49:32,883 INFO  server.RaftServerConfigKeys (ConfUtils.java:logGet(43)) - raft.server.snapshot.auto.trigger.enabled = true (custom)
2019-07-14 06:49:32,883 INFO  server.RaftServerConfigKeys (ConfUtils.java:logGet(43)) - raft.server.snapshot.auto.trigger.threshold = 10000 (custom)
2019-07-14 06:49:32,883 INFO  server.RaftServerConfigKeys (ConfUtils.java:logGet(43)) - raft.server.retrycache.expirytime = 600000ms (custom)
2019-07-14 06:49:32,884 INFO  impl.RaftServerImpl (RaftServerImpl.java:start(180)) - 48c40916-4df4-43f1-8da9-aa837bc1a9b2: start group-C50E1CE1A3CA
2019-07-14 06:49:32,884 INFO  impl.RaftServerImpl (RaftServerImpl.java:setRole(171)) - 48c40916-4df4-43f1-8da9-aa837bc1a9b2:group-C50E1CE1A3CA changes role from null to FOLLOWER at term 0 for startAsFollower
2019-07-14 06:49:32,884 INFO  impl.RoleInfo (RoleInfo.java:updateAndGet(143)) - 48c40916-4df4-43f1-8da9-aa837bc1a9b2: start FollowerState
2019-07-14 06:49:32,893 INFO  util.JmxRegister (JmxRegister.java:tryRegister(44)) - Successfully registered JMX Bean with object name Ratis:service=RaftServer,group=group-C50E1CE1A3CA,id=48c40916-4df4-43f1-8da9-aa837bc1a9b2
2019-07-14 06:49:32,905 INFO  pipeline.PipelineStateManager (PipelineStateManager.java:addPipeline(56)) - Created pipeline Pipeline[ Id: 15160694-d92e-4da2-a597-c50e1ce1a3ca, Nodes: 48c40916-4df4-43f1-8da9-aa837bc1a9b2{ip: 192.168.5.144, host: trunk-nightly-8c95p-1540871953, networkLocation: /default-rack, certSerialId: null}, Type:RATIS, Factor:ONE, State:OPEN]
2019-07-14 06:49:33,032 INFO  ozone.MiniOzoneClusterImpl (MiniOzoneClusterImpl.java:lambda$waitForClusterToBeReady$0(142)) - Waiting for cluster to be ready. Got 5 of 6 DN Heartbeats.
2019-07-14 06:49:33,034 INFO  node.SCMNodeManager (SCMNodeManager.java:register(269)) - Registered Data node : 9e9398c9-c564-45b1-aca3-844f60de829e{ip: 192.168.5.144, host: trunk-nightly-8c95p-1540871953, networkLocation: /default-rack, certSerialId: null}
2019-07-14 06:49:33,051 INFO  impl.RaftServerProxy (RaftServerProxy.java:addNew(89)) - 9e9398c9-c564-45b1-aca3-844f60de829e: addNew group-4D4B878D4BCA:[9e9398c9-c564-45b1-aca3-844f60de829e:192.168.5.144:36673] returns group-4D4B878D4BCA:java.util.concurrent.CompletableFuture@128b437f[Not completed]
2019-07-14 06:49:33,053 INFO  impl.RaftServerImpl (RaftServerImpl.java:<init>(93)) - 9e9398c9-c564-45b1-aca3-844f60de829e: new RaftServerImpl for group-4D4B878D4BCA:[9e9398c9-c564-45b1-aca3-844f60de829e:192.168.5.144:36673] with ContainerStateMachine:uninitialized
2019-07-14 06:49:33,053 INFO  server.RaftServerConfigKeys (ConfUtils.java:logGet(43)) - raft.server.rpc.timeout.min = 5s (custom)
2019-07-14 06:49:33,053 INFO  server.RaftServerConfigKeys (ConfUtils.java:logGet(43)) - raft.server.rpc.timeout.max = 5200ms (custom)
2019-07-14 06:49:33,053 INFO  server.RaftServerConfigKeys (ConfUtils.java:logGet(43)) - raft.server.rpcslowness.timeout = 120s (custom)
2019-07-14 06:49:33,053 INFO  server.RaftServerConfigKeys (ConfUtils.java:logGet(43)) - raft.server.sleep.deviation.threshold = 300 (default)
2019-07-14 06:49:33,054 INFO  server.RaftServerConfigKeys (ConfUtils.java:logGet(43)) - raft.server.log.appender.install.snapshot.enabled = false (custom)
2019-07-14 06:49:33,054 INFO  impl.RaftServerImpl (ServerState.java:<init>(105)) - 9e9398c9-c564-45b1-aca3-844f60de829e:group-4D4B878D4BCA ConfigurationManager, init=-1: [9e9398c9-c564-45b1-aca3-844f60de829e:192.168.5.144:36673], old=null, confs=<EMPTY_MAP>
2019-07-14 06:49:33,054 INFO  server.RaftServerConfigKeys (ConfUtils.java:logGet(43)) - raft.server.storage.dir = [/tmp/workdir/hadoop-ozone/integration-test/target/test-dir/MiniOzoneClusterImpl-d6a8514b-9f5a-4ec7-be91-cc3589120d34/datanode-5/data/ratis] (custom)
2019-07-14 06:49:33,054 INFO  storage.RaftStorageDirectory (RaftStorageDirectory.java:analyzeStorage(246)) - The storage directory /tmp/workdir/hadoop-ozone/integration-test/target/test-dir/MiniOzoneClusterImpl-d6a8514b-9f5a-4ec7-be91-cc3589120d34/datanode-5/data/ratis/b1cf86dc-e513-4c4a-b337-4d4b878d4bca does not exist. Creating ...
2019-07-14 06:49:33,066 INFO  storage.RaftStorageDirectory (RaftStorageDirectory.java:tryLock(328)) - Lock on /tmp/workdir/hadoop-ozone/integration-test/target/test-dir/MiniOzoneClusterImpl-d6a8514b-9f5a-4ec7-be91-cc3589120d34/datanode-5/data/ratis/b1cf86dc-e513-4c4a-b337-4d4b878d4bca/in_use.lock acquired by nodename 3046@trunk-nightly-8c95p-1540871953
2019-07-14 06:49:33,080 INFO  storage.RaftStorage (RaftStorage.java:format(72)) - Storage directory /tmp/workdir/hadoop-ozone/integration-test/target/test-dir/MiniOzoneClusterImpl-d6a8514b-9f5a-4ec7-be91-cc3589120d34/datanode-5/data/ratis/b1cf86dc-e513-4c4a-b337-4d4b878d4bca has been successfully formatted.
2019-07-14 06:49:33,080 INFO  ratis.ContainerStateMachine (ContainerStateMachine.java:loadSnapshot(200)) - group-4D4B878D4BCA: The snapshot info is null. Setting the last applied indexto:(t:0, i:~)
2019-07-14 06:49:33,080 INFO  server.RaftServerConfigKeys (ConfUtils.java:logGet(43)) - raft.server.leader.election.timeout = 120s (custom)
2019-07-14 06:49:33,080 INFO  server.RaftServerConfigKeys (ConfUtils.java:logGet(43)) - raft.server.log.use.memory = false (default)
2019-07-14 06:49:33,081 INFO  server.RaftServerConfigKeys (ConfUtils.java:logGet(43)) - raft.server.log.purge.gap = 1000000000 (custom)
2019-07-14 06:49:33,081 INFO  server.RaftServerConfigKeys (ConfUtils.java:logGet(43)) - raft.server.log.appender.buffer.byte-limit = 33554432 (custom)
2019-07-14 06:49:33,081 INFO  server.RaftServerConfigKeys (ConfUtils.java:logGet(43)) - raft.server.log.segment.size.max = 1048576 (custom)
2019-07-14 06:49:33,081 INFO  server.RaftServerConfigKeys (ConfUtils.java:logGet(43)) - raft.server.log.segment.cache.num.max = 2 (custom)
2019-07-14 06:49:33,081 INFO  segmented.SegmentedRaftLogWorker (SegmentedRaftLogWorker.java:<init>(172)) - new 9e9398c9-c564-45b1-aca3-844f60de829e-SegmentedRaftLogWorker:Storage Directory /tmp/workdir/hadoop-ozone/integration-test/target/test-dir/MiniOzoneClusterImpl-d6a8514b-9f5a-4ec7-be91-cc3589120d34/datanode-5/data/ratis/b1cf86dc-e513-4c4a-b337-4d4b878d4bca for RaftStorage:Storage Directory /tmp/workdir/hadoop-ozone/integration-test/target/test-dir/MiniOzoneClusterImpl-d6a8514b-9f5a-4ec7-be91-cc3589120d34/datanode-5/data/ratis/b1cf86dc-e513-4c4a-b337-4d4b878d4bca
2019-07-14 06:49:33,082 INFO  server.RaftServerConfigKeys (ConfUtils.java:logGet(43)) - raft.server.log.queue.byte-limit = 2147483647 (custom)
2019-07-14 06:49:33,082 INFO  server.RaftServerConfigKeys (ConfUtils.java:logGet(43)) - raft.server.log.queue.element-limit = 1024 (custom)
2019-07-14 06:49:33,082 INFO  server.RaftServerConfigKeys (ConfUtils.java:logGet(43)) - raft.server.log.segment.size.max = 1048576 (custom)
2019-07-14 06:49:33,082 INFO  server.RaftServerConfigKeys (ConfUtils.java:logGet(43)) - raft.server.log.preallocated.size = 16384 (custom)
2019-07-14 06:49:33,082 INFO  server.RaftServerConfigKeys (ConfUtils.java:logGet(43)) - raft.server.log.write.buffer.size = 33554432 (custom)
2019-07-14 06:49:33,082 INFO  server.RaftServerConfigKeys (ConfUtils.java:logGet(43)) - raft.server.log.force.sync.num = 128 (default)
2019-07-14 06:49:33,083 INFO  server.RaftServerConfigKeys (ConfUtils.java:logGet(43)) - raft.server.log.statemachine.data.sync = true (default)
2019-07-14 06:49:33,083 INFO  server.RaftServerConfigKeys (ConfUtils.java:logGet(43)) - raft.server.log.statemachine.data.sync.timeout = 10s (default)
2019-07-14 06:49:33,083 INFO  server.RaftServerConfigKeys (ConfUtils.java:logGet(43)) - raft.server.log.statemachine.data.sync.timeout.retry = -1 (default)
2019-07-14 06:49:33,083 INFO  server.RaftServerConfigKeys (ConfUtils.java:logGet(43)) - raft.server.log.statemachine.data.caching.enabled = true (custom)
2019-07-14 06:49:33,084 INFO  segmented.SegmentedRaftLogWorker (SegmentedRaftLogWorker.java:lambda$new$0(132)) - 9e9398c9-c564-45b1-aca3-844f60de829e-SegmentedRaftLogWorker:Storage Directory /tmp/workdir/hadoop-ozone/integration-test/target/test-dir/MiniOzoneClusterImpl-d6a8514b-9f5a-4ec7-be91-cc3589120d34/datanode-5/data/ratis/b1cf86dc-e513-4c4a-b337-4d4b878d4bca: flushIndex: setUnconditionally 0 -> -1
2019-07-14 06:49:33,084 INFO  server.RaftServerConfigKeys (ConfUtils.java:logGet(43)) - raft.server.snapshot.auto.trigger.enabled = true (custom)
2019-07-14 06:49:33,084 INFO  server.RaftServerConfigKeys (ConfUtils.java:logGet(43)) - raft.server.snapshot.auto.trigger.threshold = 10000 (custom)
2019-07-14 06:49:33,084 INFO  server.RaftServerConfigKeys (ConfUtils.java:logGet(43)) - raft.server.retrycache.expirytime = 600000ms (custom)
2019-07-14 06:49:33,085 INFO  impl.RaftServerImpl (RaftServerImpl.java:start(180)) - 9e9398c9-c564-45b1-aca3-844f60de829e: start group-4D4B878D4BCA
2019-07-14 06:49:33,085 INFO  impl.RaftServerImpl (RaftServerImpl.java:setRole(171)) - 9e9398c9-c564-45b1-aca3-844f60de829e:group-4D4B878D4BCA changes role from null to FOLLOWER at term 0 for startAsFollower
2019-07-14 06:49:33,085 INFO  impl.RoleInfo (RoleInfo.java:updateAndGet(143)) - 9e9398c9-c564-45b1-aca3-844f60de829e: start FollowerState
2019-07-14 06:49:33,085 INFO  util.JmxRegister (JmxRegister.java:tryRegister(44)) - Successfully registered JMX Bean with object name Ratis:service=RaftServer,group=group-4D4B878D4BCA,id=9e9398c9-c564-45b1-aca3-844f60de829e
2019-07-14 06:49:33,090 INFO  pipeline.PipelineStateManager (PipelineStateManager.java:addPipeline(56)) - Created pipeline Pipeline[ Id: b1cf86dc-e513-4c4a-b337-4d4b878d4bca, Nodes: 9e9398c9-c564-45b1-aca3-844f60de829e{ip: 192.168.5.144, host: trunk-nightly-8c95p-1540871953, networkLocation: /default-rack, certSerialId: null}, Type:RATIS, Factor:ONE, State:OPEN]
2019-07-14 06:49:33,113 INFO  impl.RaftServerProxy (RaftServerProxy.java:addNew(89)) - 9235e096-bad2-4ddc-afaa-1e7edc12c7d5: addNew group-2CAFED4AB0A3:[48c40916-4df4-43f1-8da9-aa837bc1a9b2:192.168.5.144:44628, 9e9398c9-c564-45b1-aca3-844f60de829e:192.168.5.144:36673, 9235e096-bad2-4ddc-afaa-1e7edc12c7d5:192.168.5.144:33491] returns group-2CAFED4AB0A3:java.util.concurrent.CompletableFuture@661b925b[Not completed]
2019-07-14 06:49:33,116 INFO  impl.RaftServerProxy (RaftServerProxy.java:addNew(89)) - 9e9398c9-c564-45b1-aca3-844f60de829e: addNew group-2CAFED4AB0A3:[48c40916-4df4-43f1-8da9-aa837bc1a9b2:192.168.5.144:44628, 9e9398c9-c564-45b1-aca3-844f60de829e:192.168.5.144:36673, 9235e096-bad2-4ddc-afaa-1e7edc12c7d5:192.168.5.144:33491] returns group-2CAFED4AB0A3:java.util.concurrent.CompletableFuture@1cdad8e5[Not completed]
2019-07-14 06:49:33,118 INFO  impl.RaftServerProxy (RaftServerProxy.java:addNew(89)) - 48c40916-4df4-43f1-8da9-aa837bc1a9b2: addNew group-2CAFED4AB0A3:[48c40916-4df4-43f1-8da9-aa837bc1a9b2:192.168.5.144:44628, 9e9398c9-c564-45b1-aca3-844f60de829e:192.168.5.144:36673, 9235e096-bad2-4ddc-afaa-1e7edc12c7d5:192.168.5.144:33491] returns group-2CAFED4AB0A3:java.util.concurrent.CompletableFuture@59417cba[Not completed]
2019-07-14 06:49:33,120 INFO  impl.RaftServerImpl (RaftServerImpl.java:<init>(93)) - 9235e096-bad2-4ddc-afaa-1e7edc12c7d5: new RaftServerImpl for group-2CAFED4AB0A3:[48c40916-4df4-43f1-8da9-aa837bc1a9b2:192.168.5.144:44628, 9e9398c9-c564-45b1-aca3-844f60de829e:192.168.5.144:36673, 9235e096-bad2-4ddc-afaa-1e7edc12c7d5:192.168.5.144:33491] with ContainerStateMachine:uninitialized
2019-07-14 06:49:33,120 INFO  server.RaftServerConfigKeys (ConfUtils.java:logGet(43)) - raft.server.rpc.timeout.min = 5s (custom)
2019-07-14 06:49:33,120 INFO  server.RaftServerConfigKeys (ConfUtils.java:logGet(43)) - raft.server.rpc.timeout.max = 5200ms (custom)
2019-07-14 06:49:33,120 INFO  server.RaftServerConfigKeys (ConfUtils.java:logGet(43)) - raft.server.rpcslowness.timeout = 120s (custom)
2019-07-14 06:49:33,120 INFO  server.RaftServerConfigKeys (ConfUtils.java:logGet(43)) - raft.server.sleep.deviation.threshold = 300 (default)
2019-07-14 06:49:33,120 INFO  impl.RaftServerImpl (RaftServerImpl.java:<init>(93)) - 48c40916-4df4-43f1-8da9-aa837bc1a9b2: new RaftServerImpl for group-2CAFED4AB0A3:[48c40916-4df4-43f1-8da9-aa837bc1a9b2:192.168.5.144:44628, 9e9398c9-c564-45b1-aca3-844f60de829e:192.168.5.144:36673, 9235e096-bad2-4ddc-afaa-1e7edc12c7d5:192.168.5.144:33491] with ContainerStateMachine:uninitialized
2019-07-14 06:49:33,120 INFO  server.RaftServerConfigKeys (ConfUtils.java:logGet(43)) - raft.server.log.appender.install.snapshot.enabled = false (custom)
2019-07-14 06:49:33,121 INFO  server.RaftServerConfigKeys (ConfUtils.java:logGet(43)) - raft.server.rpc.timeout.min = 5s (custom)
2019-07-14 06:49:33,121 INFO  impl.RaftServerImpl (ServerState.java:<init>(105)) - 9235e096-bad2-4ddc-afaa-1e7edc12c7d5:group-2CAFED4AB0A3 ConfigurationManager, init=-1: [48c40916-4df4-43f1-8da9-aa837bc1a9b2:192.168.5.144:44628, 9e9398c9-c564-45b1-aca3-844f60de829e:192.168.5.144:36673, 9235e096-bad2-4ddc-afaa-1e7edc12c7d5:192.168.5.144:33491], old=null, confs=<EMPTY_MAP>
2019-07-14 06:49:33,121 INFO  impl.RaftServerImpl (RaftServerImpl.java:<init>(93)) - 9e9398c9-c564-45b1-aca3-844f60de829e: new RaftServerImpl for group-2CAFED4AB0A3:[48c40916-4df4-43f1-8da9-aa837bc1a9b2:192.168.5.144:44628, 9e9398c9-c564-45b1-aca3-844f60de829e:192.168.5.144:36673, 9235e096-bad2-4ddc-afaa-1e7edc12c7d5:192.168.5.144:33491] with ContainerStateMachine:uninitialized
2019-07-14 06:49:33,121 INFO  server.RaftServerConfigKeys (ConfUtils.java:logGet(43)) - raft.server.rpc.timeout.max = 5200ms (custom)
2019-07-14 06:49:33,121 INFO  server.RaftServerConfigKeys (ConfUtils.java:logGet(43)) - raft.server.rpc.timeout.min = 5s (custom)
2019-07-14 06:49:33,121 INFO  server.RaftServerConfigKeys (ConfUtils.java:logGet(43)) - raft.server.storage.dir = [/tmp/workdir/hadoop-ozone/integration-test/target/test-dir/MiniOzoneClusterImpl-d6a8514b-9f5a-4ec7-be91-cc3589120d34/datanode-3/data/ratis] (custom)
2019-07-14 06:49:33,121 INFO  server.RaftServerConfigKeys (ConfUtils.java:logGet(43)) - raft.server.rpc.timeout.max = 5200ms (custom)
2019-07-14 06:49:33,121 INFO  server.RaftServerConfigKeys (ConfUtils.java:logGet(43)) - raft.server.rpcslowness.timeout = 120s (custom)
2019-07-14 06:49:33,122 INFO  server.RaftServerConfigKeys (ConfUtils.java:logGet(43)) - raft.server.rpcslowness.timeout = 120s (custom)
2019-07-14 06:49:33,122 INFO  storage.RaftStorageDirectory (RaftStorageDirectory.java:analyzeStorage(246)) - The storage directory /tmp/workdir/hadoop-ozone/integration-test/target/test-dir/MiniOzoneClusterImpl-d6a8514b-9f5a-4ec7-be91-cc3589120d34/datanode-3/data/ratis/e83dbce7-8c6f-49f9-978d-2cafed4ab0a3 does not exist. Creating ...
2019-07-14 06:49:33,122 INFO  server.RaftServerConfigKeys (ConfUtils.java:logGet(43)) - raft.server.sleep.deviation.threshold = 300 (default)
2019-07-14 06:49:33,122 INFO  server.RaftServerConfigKeys (ConfUtils.java:logGet(43)) - raft.server.sleep.deviation.threshold = 300 (default)
2019-07-14 06:49:33,123 INFO  server.RaftServerConfigKeys (ConfUtils.java:logGet(43)) - raft.server.log.appender.install.snapshot.enabled = false (custom)
2019-07-14 06:49:33,123 INFO  server.RaftServerConfigKeys (ConfUtils.java:logGet(43)) - raft.server.log.appender.install.snapshot.enabled = false (custom)
2019-07-14 06:49:33,123 INFO  impl.RaftServerImpl (ServerState.java:<init>(105)) - 48c40916-4df4-43f1-8da9-aa837bc1a9b2:group-2CAFED4AB0A3 ConfigurationManager, init=-1: [48c40916-4df4-43f1-8da9-aa837bc1a9b2:192.168.5.144:44628, 9e9398c9-c564-45b1-aca3-844f60de829e:192.168.5.144:36673, 9235e096-bad2-4ddc-afaa-1e7edc12c7d5:192.168.5.144:33491], old=null, confs=<EMPTY_MAP>
2019-07-14 06:49:33,123 INFO  impl.RaftServerImpl (ServerState.java:<init>(105)) - 9e9398c9-c564-45b1-aca3-844f60de829e:group-2CAFED4AB0A3 ConfigurationManager, init=-1: [48c40916-4df4-43f1-8da9-aa837bc1a9b2:192.168.5.144:44628, 9e9398c9-c564-45b1-aca3-844f60de829e:192.168.5.144:36673, 9235e096-bad2-4ddc-afaa-1e7edc12c7d5:192.168.5.144:33491], old=null, confs=<EMPTY_MAP>
2019-07-14 06:49:33,123 INFO  server.RaftServerConfigKeys (ConfUtils.java:logGet(43)) - raft.server.storage.dir = [/tmp/workdir/hadoop-ozone/integration-test/target/test-dir/MiniOzoneClusterImpl-d6a8514b-9f5a-4ec7-be91-cc3589120d34/datanode-4/data/ratis] (custom)
2019-07-14 06:49:33,123 INFO  server.RaftServerConfigKeys (ConfUtils.java:logGet(43)) - raft.server.storage.dir = [/tmp/workdir/hadoop-ozone/integration-test/target/test-dir/MiniOzoneClusterImpl-d6a8514b-9f5a-4ec7-be91-cc3589120d34/datanode-5/data/ratis] (custom)
2019-07-14 06:49:33,124 INFO  storage.RaftStorageDirectory (RaftStorageDirectory.java:analyzeStorage(246)) - The storage directory /tmp/workdir/hadoop-ozone/integration-test/target/test-dir/MiniOzoneClusterImpl-d6a8514b-9f5a-4ec7-be91-cc3589120d34/datanode-4/data/ratis/e83dbce7-8c6f-49f9-978d-2cafed4ab0a3 does not exist. Creating ...
2019-07-14 06:49:33,124 INFO  storage.RaftStorageDirectory (RaftStorageDirectory.java:analyzeStorage(246)) - The storage directory /tmp/workdir/hadoop-ozone/integration-test/target/test-dir/MiniOzoneClusterImpl-d6a8514b-9f5a-4ec7-be91-cc3589120d34/datanode-5/data/ratis/e83dbce7-8c6f-49f9-978d-2cafed4ab0a3 does not exist. Creating ...
2019-07-14 06:49:33,130 INFO  storage.RaftStorageDirectory (RaftStorageDirectory.java:tryLock(328)) - Lock on /tmp/workdir/hadoop-ozone/integration-test/target/test-dir/MiniOzoneClusterImpl-d6a8514b-9f5a-4ec7-be91-cc3589120d34/datanode-4/data/ratis/e83dbce7-8c6f-49f9-978d-2cafed4ab0a3/in_use.lock acquired by nodename 3046@trunk-nightly-8c95p-1540871953
2019-07-14 06:49:33,130 INFO  storage.RaftStorageDirectory (RaftStorageDirectory.java:tryLock(328)) - Lock on /tmp/workdir/hadoop-ozone/integration-test/target/test-dir/MiniOzoneClusterImpl-d6a8514b-9f5a-4ec7-be91-cc3589120d34/datanode-3/data/ratis/e83dbce7-8c6f-49f9-978d-2cafed4ab0a3/in_use.lock acquired by nodename 3046@trunk-nightly-8c95p-1540871953
2019-07-14 06:49:33,130 INFO  storage.RaftStorageDirectory (RaftStorageDirectory.java:tryLock(328)) - Lock on /tmp/workdir/hadoop-ozone/integration-test/target/test-dir/MiniOzoneClusterImpl-d6a8514b-9f5a-4ec7-be91-cc3589120d34/datanode-5/data/ratis/e83dbce7-8c6f-49f9-978d-2cafed4ab0a3/in_use.lock acquired by nodename 3046@trunk-nightly-8c95p-1540871953
2019-07-14 06:49:33,144 INFO  storage.RaftStorage (RaftStorage.java:format(72)) - Storage directory /tmp/workdir/hadoop-ozone/integration-test/target/test-dir/MiniOzoneClusterImpl-d6a8514b-9f5a-4ec7-be91-cc3589120d34/datanode-4/data/ratis/e83dbce7-8c6f-49f9-978d-2cafed4ab0a3 has been successfully formatted.
2019-07-14 06:49:33,145 INFO  storage.RaftStorage (RaftStorage.java:format(72)) - Storage directory /tmp/workdir/hadoop-ozone/integration-test/target/test-dir/MiniOzoneClusterImpl-d6a8514b-9f5a-4ec7-be91-cc3589120d34/datanode-5/data/ratis/e83dbce7-8c6f-49f9-978d-2cafed4ab0a3 has been successfully formatted.
2019-07-14 06:49:33,145 INFO  ratis.ContainerStateMachine (ContainerStateMachine.java:loadSnapshot(200)) - group-2CAFED4AB0A3: The snapshot info is null. Setting the last applied indexto:(t:0, i:~)
2019-07-14 06:49:33,145 INFO  ratis.ContainerStateMachine (ContainerStateMachine.java:loadSnapshot(200)) - group-2CAFED4AB0A3: The snapshot info is null. Setting the last applied indexto:(t:0, i:~)
2019-07-14 06:49:33,144 INFO  storage.RaftStorage (RaftStorage.java:format(72)) - Storage directory /tmp/workdir/hadoop-ozone/integration-test/target/test-dir/MiniOzoneClusterImpl-d6a8514b-9f5a-4ec7-be91-cc3589120d34/datanode-3/data/ratis/e83dbce7-8c6f-49f9-978d-2cafed4ab0a3 has been successfully formatted.
2019-07-14 06:49:33,145 INFO  server.RaftServerConfigKeys (ConfUtils.java:logGet(43)) - raft.server.leader.election.timeout = 120s (custom)
2019-07-14 06:49:33,145 INFO  server.RaftServerConfigKeys (ConfUtils.java:logGet(43)) - raft.server.leader.election.timeout = 120s (custom)
2019-07-14 06:49:33,146 INFO  server.RaftServerConfigKeys (ConfUtils.java:logGet(43)) - raft.server.log.use.memory = false (default)
2019-07-14 06:49:33,146 INFO  ratis.ContainerStateMachine (ContainerStateMachine.java:loadSnapshot(200)) - group-2CAFED4AB0A3: The snapshot info is null. Setting the last applied indexto:(t:0, i:~)
2019-07-14 06:49:33,146 INFO  server.RaftServerConfigKeys (ConfUtils.java:logGet(43)) - raft.server.log.purge.gap = 1000000000 (custom)
2019-07-14 06:49:33,146 INFO  server.RaftServerConfigKeys (ConfUtils.java:logGet(43)) - raft.server.log.use.memory = false (default)
2019-07-14 06:49:33,146 INFO  server.RaftServerConfigKeys (ConfUtils.java:logGet(43)) - raft.server.log.appender.buffer.byte-limit = 33554432 (custom)
2019-07-14 06:49:33,146 INFO  server.RaftServerConfigKeys (ConfUtils.java:logGet(43)) - raft.server.leader.election.timeout = 120s (custom)
2019-07-14 06:49:33,146 INFO  server.RaftServerConfigKeys (ConfUtils.java:logGet(43)) - raft.server.log.segment.size.max = 1048576 (custom)
2019-07-14 06:49:33,146 INFO  server.RaftServerConfigKeys (ConfUtils.java:logGet(43)) - raft.server.log.purge.gap = 1000000000 (custom)
2019-07-14 06:49:33,147 INFO  server.RaftServerConfigKeys (ConfUtils.java:logGet(43)) - raft.server.log.segment.cache.num.max = 2 (custom)
2019-07-14 06:49:33,147 INFO  server.RaftServerConfigKeys (ConfUtils.java:logGet(43)) - raft.server.log.use.memory = false (default)
2019-07-14 06:49:33,147 INFO  segmented.SegmentedRaftLogWorker (SegmentedRaftLogWorker.java:<init>(172)) - new 9e9398c9-c564-45b1-aca3-844f60de829e-SegmentedRaftLogWorker:Storage Directory /tmp/workdir/hadoop-ozone/integration-test/target/test-dir/MiniOzoneClusterImpl-d6a8514b-9f5a-4ec7-be91-cc3589120d34/datanode-5/data/ratis/e83dbce7-8c6f-49f9-978d-2cafed4ab0a3 for RaftStorage:Storage Directory /tmp/workdir/hadoop-ozone/integration-test/target/test-dir/MiniOzoneClusterImpl-d6a8514b-9f5a-4ec7-be91-cc3589120d34/datanode-5/data/ratis/e83dbce7-8c6f-49f9-978d-2cafed4ab0a3
2019-07-14 06:49:33,147 INFO  server.RaftServerConfigKeys (ConfUtils.java:logGet(43)) - raft.server.log.appender.buffer.byte-limit = 33554432 (custom)
2019-07-14 06:49:33,147 INFO  server.RaftServerConfigKeys (ConfUtils.java:logGet(43)) - raft.server.log.queue.byte-limit = 2147483647 (custom)
2019-07-14 06:49:33,147 INFO  server.RaftServerConfigKeys (ConfUtils.java:logGet(43)) - raft.server.log.purge.gap = 1000000000 (custom)
2019-07-14 06:49:33,150 INFO  server.RaftServerConfigKeys (ConfUtils.java:logGet(43)) - raft.server.log.queue.element-limit = 1024 (custom)
2019-07-14 06:49:33,148 INFO  server.RaftServerConfigKeys (ConfUtils.java:logGet(43)) - raft.server.log.segment.size.max = 1048576 (custom)
2019-07-14 06:49:33,151 INFO  server.RaftServerConfigKeys (ConfUtils.java:logGet(43)) - raft.server.log.segment.size.max = 1048576 (custom)
2019-07-14 06:49:33,151 INFO  server.RaftServerConfigKeys (ConfUtils.java:logGet(43)) - raft.server.log.appender.buffer.byte-limit = 33554432 (custom)
2019-07-14 06:49:33,151 INFO  server.RaftServerConfigKeys (ConfUtils.java:logGet(43)) - raft.server.log.preallocated.size = 16384 (custom)
2019-07-14 06:49:33,151 INFO  server.RaftServerConfigKeys (ConfUtils.java:logGet(43)) - raft.server.log.segment.cache.num.max = 2 (custom)
2019-07-14 06:49:33,151 INFO  server.RaftServerConfigKeys (ConfUtils.java:logGet(43)) - raft.server.log.write.buffer.size = 33554432 (custom)
2019-07-14 06:49:33,151 INFO  server.RaftServerConfigKeys (ConfUtils.java:logGet(43)) - raft.server.log.segment.size.max = 1048576 (custom)
2019-07-14 06:49:33,152 INFO  server.RaftServerConfigKeys (ConfUtils.java:logGet(43)) - raft.server.log.force.sync.num = 128 (default)
2019-07-14 06:49:33,152 INFO  segmented.SegmentedRaftLogWorker (SegmentedRaftLogWorker.java:<init>(172)) - new 48c40916-4df4-43f1-8da9-aa837bc1a9b2-SegmentedRaftLogWorker:Storage Directory /tmp/workdir/hadoop-ozone/integration-test/target/test-dir/MiniOzoneClusterImpl-d6a8514b-9f5a-4ec7-be91-cc3589120d34/datanode-4/data/ratis/e83dbce7-8c6f-49f9-978d-2cafed4ab0a3 for RaftStorage:Storage Directory /tmp/workdir/hadoop-ozone/integration-test/target/test-dir/MiniOzoneClusterImpl-d6a8514b-9f5a-4ec7-be91-cc3589120d34/datanode-4/data/ratis/e83dbce7-8c6f-49f9-978d-2cafed4ab0a3
2019-07-14 06:49:33,152 INFO  server.RaftServerConfigKeys (ConfUtils.java:logGet(43)) - raft.server.log.statemachine.data.sync = true (default)
2019-07-14 06:49:33,152 INFO  server.RaftServerConfigKeys (ConfUtils.java:logGet(43)) - raft.server.log.segment.cache.num.max = 2 (custom)
2019-07-14 06:49:33,155 INFO  segmented.SegmentedRaftLogWorker (SegmentedRaftLogWorker.java:<init>(172)) - new 9235e096-bad2-4ddc-afaa-1e7edc12c7d5-SegmentedRaftLogWorker:Storage Directory /tmp/workdir/hadoop-ozone/integration-test/target/test-dir/MiniOzoneClusterImpl-d6a8514b-9f5a-4ec7-be91-cc3589120d34/datanode-3/data/ratis/e83dbce7-8c6f-49f9-978d-2cafed4ab0a3 for RaftStorage:Storage Directory /tmp/workdir/hadoop-ozone/integration-test/target/test-dir/MiniOzoneClusterImpl-d6a8514b-9f5a-4ec7-be91-cc3589120d34/datanode-3/data/ratis/e83dbce7-8c6f-49f9-978d-2cafed4ab0a3
2019-07-14 06:49:33,153 INFO  server.RaftServerConfigKeys (ConfUtils.java:logGet(43)) - raft.server.log.statemachine.data.sync.timeout = 10s (default)
2019-07-14 06:49:33,152 INFO  server.RaftServerConfigKeys (ConfUtils.java:logGet(43)) - raft.server.log.queue.byte-limit = 2147483647 (custom)
2019-07-14 06:49:33,158 INFO  server.RaftServerConfigKeys (ConfUtils.java:logGet(43)) - raft.server.log.queue.element-limit = 1024 (custom)
2019-07-14 06:49:33,155 INFO  server.RaftServerConfigKeys (ConfUtils.java:logGet(43)) - raft.server.log.statemachine.data.sync.timeout.retry = -1 (default)
2019-07-14 06:49:33,155 INFO  server.RaftServerConfigKeys (ConfUtils.java:logGet(43)) - raft.server.log.queue.byte-limit = 2147483647 (custom)
2019-07-14 06:49:33,158 INFO  server.RaftServerConfigKeys (ConfUtils.java:logGet(43)) - raft.server.log.statemachine.data.caching.enabled = true (custom)
2019-07-14 06:49:33,158 INFO  server.RaftServerConfigKeys (ConfUtils.java:logGet(43)) - raft.server.log.segment.size.max = 1048576 (custom)
2019-07-14 06:49:33,158 INFO  server.RaftServerConfigKeys (ConfUtils.java:logGet(43)) - raft.server.log.queue.element-limit = 1024 (custom)
2019-07-14 06:49:33,159 INFO  segmented.SegmentedRaftLogWorker (SegmentedRaftLogWorker.java:lambda$new$0(132)) - 9e9398c9-c564-45b1-aca3-844f60de829e-SegmentedRaftLogWorker:Storage Directory /tmp/workdir/hadoop-ozone/integration-test/target/test-dir/MiniOzoneClusterImpl-d6a8514b-9f5a-4ec7-be91-cc3589120d34/datanode-5/data/ratis/e83dbce7-8c6f-49f9-978d-2cafed4ab0a3: flushIndex: setUnconditionally 0 -> -1
2019-07-14 06:49:33,159 INFO  server.RaftServerConfigKeys (ConfUtils.java:logGet(43)) - raft.server.log.preallocated.size = 16384 (custom)
2019-07-14 06:49:33,159 INFO  server.RaftServerConfigKeys (ConfUtils.java:logGet(43)) - raft.server.log.segment.size.max = 1048576 (custom)
2019-07-14 06:49:33,159 INFO  server.RaftServerConfigKeys (ConfUtils.java:logGet(43)) - raft.server.snapshot.auto.trigger.enabled = true (custom)
2019-07-14 06:49:33,159 INFO  server.RaftServerConfigKeys (ConfUtils.java:logGet(43)) - raft.server.log.write.buffer.size = 33554432 (custom)
2019-07-14 06:49:33,159 INFO  server.RaftServerConfigKeys (ConfUtils.java:logGet(43)) - raft.server.snapshot.auto.trigger.threshold = 10000 (custom)
2019-07-14 06:49:33,159 INFO  server.RaftServerConfigKeys (ConfUtils.java:logGet(43)) - raft.server.log.preallocated.size = 16384 (custom)
2019-07-14 06:49:33,160 INFO  server.RaftServerConfigKeys (ConfUtils.java:logGet(43)) - raft.server.retrycache.expirytime = 600000ms (custom)
2019-07-14 06:49:33,160 INFO  server.RaftServerConfigKeys (ConfUtils.java:logGet(43)) - raft.server.log.force.sync.num = 128 (default)
2019-07-14 06:49:33,160 INFO  impl.RaftServerImpl (RaftServerImpl.java:start(180)) - 9e9398c9-c564-45b1-aca3-844f60de829e: start group-2CAFED4AB0A3
2019-07-14 06:49:33,161 INFO  impl.RaftServerImpl (RaftServerImpl.java:setRole(171)) - 9e9398c9-c564-45b1-aca3-844f60de829e:group-2CAFED4AB0A3 changes role from null to FOLLOWER at term 0 for startAsFollower
2019-07-14 06:49:33,160 INFO  server.RaftServerConfigKeys (ConfUtils.java:logGet(43)) - raft.server.log.write.buffer.size = 33554432 (custom)
2019-07-14 06:49:33,161 INFO  impl.RoleInfo (RoleInfo.java:updateAndGet(143)) - 9e9398c9-c564-45b1-aca3-844f60de829e: start FollowerState
2019-07-14 06:49:33,160 INFO  server.RaftServerConfigKeys (ConfUtils.java:logGet(43)) - raft.server.log.statemachine.data.sync = true (default)
2019-07-14 06:49:33,161 INFO  server.RaftServerConfigKeys (ConfUtils.java:logGet(43)) - raft.server.log.force.sync.num = 128 (default)
2019-07-14 06:49:33,161 INFO  server.RaftServerConfigKeys (ConfUtils.java:logGet(43)) - raft.server.log.statemachine.data.sync.timeout = 10s (default)
2019-07-14 06:49:33,161 INFO  util.JmxRegister (JmxRegister.java:tryRegister(44)) - Successfully registered JMX Bean with object name Ratis:service=RaftServer,group=group-2CAFED4AB0A3,id=9e9398c9-c564-45b1-aca3-844f60de829e
2019-07-14 06:49:33,161 INFO  server.RaftServerConfigKeys (ConfUtils.java:logGet(43)) - raft.server.log.statemachine.data.sync = true (default)
2019-07-14 06:49:33,162 INFO  server.RaftServerConfigKeys (ConfUtils.java:logGet(43)) - raft.server.log.statemachine.data.sync.timeout.retry = -1 (default)
2019-07-14 06:49:33,162 INFO  server.RaftServerConfigKeys (ConfUtils.java:logGet(43)) - raft.server.log.statemachine.data.sync.timeout = 10s (default)
2019-07-14 06:49:33,162 INFO  server.RaftServerConfigKeys (ConfUtils.java:logGet(43)) - raft.server.log.statemachine.data.caching.enabled = true (custom)
2019-07-14 06:49:33,162 INFO  server.RaftServerConfigKeys (ConfUtils.java:logGet(43)) - raft.server.log.statemachine.data.sync.timeout.retry = -1 (default)
2019-07-14 06:49:33,163 INFO  segmented.SegmentedRaftLogWorker (SegmentedRaftLogWorker.java:lambda$new$0(132)) - 48c40916-4df4-43f1-8da9-aa837bc1a9b2-SegmentedRaftLogWorker:Storage Directory /tmp/workdir/hadoop-ozone/integration-test/target/test-dir/MiniOzoneClusterImpl-d6a8514b-9f5a-4ec7-be91-cc3589120d34/datanode-4/data/ratis/e83dbce7-8c6f-49f9-978d-2cafed4ab0a3: flushIndex: setUnconditionally 0 -> -1
2019-07-14 06:49:33,163 INFO  server.RaftServerConfigKeys (ConfUtils.java:logGet(43)) - raft.server.log.statemachine.data.caching.enabled = true (custom)
2019-07-14 06:49:33,163 INFO  server.RaftServerConfigKeys (ConfUtils.java:logGet(43)) - raft.server.snapshot.auto.trigger.enabled = true (custom)
2019-07-14 06:49:33,163 INFO  segmented.SegmentedRaftLogWorker (SegmentedRaftLogWorker.java:lambda$new$0(132)) - 9235e096-bad2-4ddc-afaa-1e7edc12c7d5-SegmentedRaftLogWorker:Storage Directory /tmp/workdir/hadoop-ozone/integration-test/target/test-dir/MiniOzoneClusterImpl-d6a8514b-9f5a-4ec7-be91-cc3589120d34/datanode-3/data/ratis/e83dbce7-8c6f-49f9-978d-2cafed4ab0a3: flushIndex: setUnconditionally 0 -> -1
2019-07-14 06:49:33,163 INFO  server.RaftServerConfigKeys (ConfUtils.java:logGet(43)) - raft.server.snapshot.auto.trigger.threshold = 10000 (custom)
2019-07-14 06:49:33,166 INFO  server.RaftServerConfigKeys (ConfUtils.java:logGet(43)) - raft.server.snapshot.auto.trigger.enabled = true (custom)
2019-07-14 06:49:33,166 INFO  server.RaftServerConfigKeys (ConfUtils.java:logGet(43)) - raft.server.retrycache.expirytime = 600000ms (custom)
2019-07-14 06:49:33,166 INFO  server.RaftServerConfigKeys (ConfUtils.java:logGet(43)) - raft.server.snapshot.auto.trigger.threshold = 10000 (custom)
2019-07-14 06:49:33,166 INFO  impl.RaftServerImpl (RaftServerImpl.java:start(180)) - 48c40916-4df4-43f1-8da9-aa837bc1a9b2: start group-2CAFED4AB0A3
2019-07-14 06:49:33,167 INFO  server.RaftServerConfigKeys (ConfUtils.java:logGet(43)) - raft.server.retrycache.expirytime = 600000ms (custom)
2019-07-14 06:49:33,167 INFO  impl.RaftServerImpl (RaftServerImpl.java:setRole(171)) - 48c40916-4df4-43f1-8da9-aa837bc1a9b2:group-2CAFED4AB0A3 changes role from null to FOLLOWER at term 0 for startAsFollower
2019-07-14 06:49:33,167 INFO  impl.RaftServerImpl (RaftServerImpl.java:start(180)) - 9235e096-bad2-4ddc-afaa-1e7edc12c7d5: start group-2CAFED4AB0A3
2019-07-14 06:49:33,167 INFO  impl.RoleInfo (RoleInfo.java:updateAndGet(143)) - 48c40916-4df4-43f1-8da9-aa837bc1a9b2: start FollowerState
2019-07-14 06:49:33,167 INFO  impl.RaftServerImpl (RaftServerImpl.java:setRole(171)) - 9235e096-bad2-4ddc-afaa-1e7edc12c7d5:group-2CAFED4AB0A3 changes role from null to FOLLOWER at term 0 for startAsFollower
2019-07-14 06:49:33,167 INFO  impl.RoleInfo (RoleInfo.java:updateAndGet(143)) - 9235e096-bad2-4ddc-afaa-1e7edc12c7d5: start FollowerState
2019-07-14 06:49:33,168 INFO  util.JmxRegister (JmxRegister.java:tryRegister(44)) - Successfully registered JMX Bean with object name Ratis:service=RaftServer,group=group-2CAFED4AB0A3,id=48c40916-4df4-43f1-8da9-aa837bc1a9b2
2019-07-14 06:49:33,168 INFO  util.JmxRegister (JmxRegister.java:tryRegister(44)) - Successfully registered JMX Bean with object name Ratis:service=RaftServer,group=group-2CAFED4AB0A3,id=9235e096-bad2-4ddc-afaa-1e7edc12c7d5
2019-07-14 06:49:33,174 INFO  pipeline.PipelineStateManager (PipelineStateManager.java:addPipeline(56)) - Created pipeline Pipeline[ Id: e83dbce7-8c6f-49f9-978d-2cafed4ab0a3, Nodes: 9e9398c9-c564-45b1-aca3-844f60de829e{ip: 192.168.5.144, host: trunk-nightly-8c95p-1540871953, networkLocation: /default-rack, certSerialId: null}9235e096-bad2-4ddc-afaa-1e7edc12c7d5{ip: 192.168.5.144, host: trunk-nightly-8c95p-1540871953, networkLocation: /default-rack, certSerialId: null}48c40916-4df4-43f1-8da9-aa837bc1a9b2{ip: 192.168.5.144, host: trunk-nightly-8c95p-1540871953, networkLocation: /default-rack, certSerialId: null}, Type:RATIS, Factor:THREE, State:OPEN]
2019-07-14 06:49:34,032 INFO  ozone.MiniOzoneClusterImpl (MiniOzoneClusterImpl.java:lambda$waitForClusterToBeReady$0(142)) - Cluster is ready. Got 6 of 6 DN Heartbeats.
2019-07-14 06:49:34,073 INFO  rpc.RpcClient (RpcClient.java:createVolume(287)) - Creating Volume: datanodefailurehandlingtest, with jenkins1000 as owner.
2019-07-14 06:49:34,089 INFO  rpc.RpcClient (RpcClient.java:createBucket(424)) - Creating Bucket: datanodefailurehandlingtest/datanodefailurehandlingtest, with Versioning false and Storage Type set to DISK and Encryption set to false 
2019-07-14 06:49:34,133 INFO  client.GrpcClientProtocolClient (GrpcClientProtocolClient.java:onNext(255)) - client-1E100D542C01->482e7165-fe12-46cd-a701-6952c6a65481: receive RaftClientReply:client-1E100D542C01->482e7165-fe12-46cd-a701-6952c6a65481@group-D12DA0922E45, cid=34, FAILED org.apache.ratis.protocol.NotLeaderException: Server 482e7165-fe12-46cd-a701-6952c6a65481 is not the leader (null). Request must be sent to leader., logIndex=0, commits[482e7165-fe12-46cd-a701-6952c6a65481:c-1]
2019-07-14 06:49:35,018 INFO  container.ReplicationManager (ReplicationManager.java:start(155)) - Starting Replication Monitor Thread.
2019-07-14 06:49:35,021 INFO  container.ReplicationManager (ReplicationManager.java:run(207)) - Replication Monitor Thread took 0 milliseconds for processing 1 containers.
2019-07-14 06:49:35,166 INFO  client.GrpcClientProtocolClient (GrpcClientProtocolClient.java:onNext(255)) - client-1E100D542C01->4dd65c2c-d780-47ac-bbfa-d53e8644b05a: receive RaftClientReply:client-1E100D542C01->4dd65c2c-d780-47ac-bbfa-d53e8644b05a@group-D12DA0922E45, cid=34, FAILED org.apache.ratis.protocol.NotLeaderException: Server 4dd65c2c-d780-47ac-bbfa-d53e8644b05a is not the leader (null). Request must be sent to leader., logIndex=0, commits[4dd65c2c-d780-47ac-bbfa-d53e8644b05a:c-1]
2019-07-14 06:49:36,199 INFO  client.GrpcClientProtocolClient (GrpcClientProtocolClient.java:onNext(255)) - client-1E100D542C01->fbcfeba4-c65e-402f-8e8d-7e30531dec82: receive RaftClientReply:client-1E100D542C01->fbcfeba4-c65e-402f-8e8d-7e30531dec82@group-D12DA0922E45, cid=34, FAILED org.apache.ratis.protocol.NotLeaderException: Server fbcfeba4-c65e-402f-8e8d-7e30531dec82 is not the leader (null). Request must be sent to leader., logIndex=0, commits[fbcfeba4-c65e-402f-8e8d-7e30531dec82:c-1]
2019-07-14 06:49:37,114 INFO  impl.FollowerState (FollowerState.java:run(106)) - fbcfeba4-c65e-402f-8e8d-7e30531dec82:group-C2F7898B6F77 changes to CANDIDATE, lastRpcTime:5056, electionTimeout:5056ms
2019-07-14 06:49:37,115 INFO  impl.RoleInfo (RoleInfo.java:shutdownFollowerState(121)) - fbcfeba4-c65e-402f-8e8d-7e30531dec82: shutdown FollowerState
2019-07-14 06:49:37,115 INFO  impl.RaftServerImpl (RaftServerImpl.java:setRole(171)) - fbcfeba4-c65e-402f-8e8d-7e30531dec82:group-C2F7898B6F77 changes role from FOLLOWER to CANDIDATE at term 0 for changeToCandidate
2019-07-14 06:49:37,115 INFO  impl.RoleInfo (RoleInfo.java:updateAndGet(143)) - fbcfeba4-c65e-402f-8e8d-7e30531dec82: start LeaderElection
2019-07-14 06:49:37,139 INFO  impl.LeaderElection (LeaderElection.java:askForVotes(181)) - fbcfeba4-c65e-402f-8e8d-7e30531dec82:group-C2F7898B6F77:LeaderElection14: begin an election at term 1 for -1: [fbcfeba4-c65e-402f-8e8d-7e30531dec82:192.168.5.144:34835], old=null
2019-07-14 06:49:37,139 INFO  impl.RoleInfo (RoleInfo.java:shutdownLeaderElection(134)) - fbcfeba4-c65e-402f-8e8d-7e30531dec82: shutdown LeaderElection
2019-07-14 06:49:37,139 INFO  impl.RaftServerImpl (RaftServerImpl.java:setRole(171)) - fbcfeba4-c65e-402f-8e8d-7e30531dec82:group-C2F7898B6F77 changes role from CANDIDATE to LEADER at term 1 for changeToLeader
2019-07-14 06:49:37,139 INFO  impl.RaftServerImpl (ServerState.java:setLeader(263)) - fbcfeba4-c65e-402f-8e8d-7e30531dec82:group-C2F7898B6F77 change Leader from null to fbcfeba4-c65e-402f-8e8d-7e30531dec82 at term 1 for becomeLeader, leader elected after 5087ms
2019-07-14 06:49:37,142 INFO  server.RaftServerConfigKeys (ConfUtils.java:logGet(43)) - raft.server.staging.catchup.gap = 1000 (default)
2019-07-14 06:49:37,142 INFO  server.RaftServerConfigKeys (ConfUtils.java:logGet(43)) - raft.server.rpc.sleep.time = 25ms (default)
2019-07-14 06:49:37,142 INFO  server.RaftServerConfigKeys (ConfUtils.java:logGet(43)) - raft.server.write.element-limit = 4096 (default)
2019-07-14 06:49:37,142 INFO  server.RaftServerConfigKeys (ConfUtils.java:logGet(43)) - raft.server.watch.timeout = 10s (default)
2019-07-14 06:49:37,142 INFO  server.RaftServerConfigKeys (ConfUtils.java:logGet(43)) - raft.server.watch.timeout.denomination = 1s (default)
2019-07-14 06:49:37,143 INFO  server.RaftServerConfigKeys (ConfUtils.java:logGet(43)) - raft.server.watch.element-limit = 65536 (default)
2019-07-14 06:49:37,143 INFO  impl.RoleInfo (RoleInfo.java:updateAndGet(143)) - fbcfeba4-c65e-402f-8e8d-7e30531dec82: start LeaderState
2019-07-14 06:49:37,144 INFO  segmented.SegmentedRaftLogWorker (SegmentedRaftLogWorker.java:startLogSegment(380)) - fbcfeba4-c65e-402f-8e8d-7e30531dec82-SegmentedRaftLogWorker:Storage Directory /tmp/workdir/hadoop-ozone/integration-test/target/test-dir/MiniOzoneClusterImpl-d6a8514b-9f5a-4ec7-be91-cc3589120d34/datanode-0/data/ratis/bd30e820-b256-4f1b-aa3b-c2f7898b6f77: Starting segment from index:0
2019-07-14 06:49:37,144 INFO  impl.RaftServerImpl (ServerState.java:setRaftConf(361)) - fbcfeba4-c65e-402f-8e8d-7e30531dec82:group-C2F7898B6F77 set configuration 0: [fbcfeba4-c65e-402f-8e8d-7e30531dec82:192.168.5.144:34835], old=null at 0
2019-07-14 06:49:37,173 INFO  segmented.SegmentedRaftLogWorker (SegmentedRaftLogWorker.java:execute(569)) - fbcfeba4-c65e-402f-8e8d-7e30531dec82-SegmentedRaftLogWorker:Storage Directory /tmp/workdir/hadoop-ozone/integration-test/target/test-dir/MiniOzoneClusterImpl-d6a8514b-9f5a-4ec7-be91-cc3589120d34/datanode-0/data/ratis/bd30e820-b256-4f1b-aa3b-c2f7898b6f77: created new log segment /tmp/workdir/hadoop-ozone/integration-test/target/test-dir/MiniOzoneClusterImpl-d6a8514b-9f5a-4ec7-be91-cc3589120d34/datanode-0/data/ratis/bd30e820-b256-4f1b-aa3b-c2f7898b6f77/current/log_inprogress_0
2019-07-14 06:49:37,223 INFO  client.GrpcClientProtocolClient (GrpcClientProtocolClient.java:onNext(255)) - client-1E100D542C01->482e7165-fe12-46cd-a701-6952c6a65481: receive RaftClientReply:client-1E100D542C01->482e7165-fe12-46cd-a701-6952c6a65481@group-D12DA0922E45, cid=34, FAILED org.apache.ratis.protocol.NotLeaderException: Server 482e7165-fe12-46cd-a701-6952c6a65481 is not the leader (null). Request must be sent to leader., logIndex=0, commits[482e7165-fe12-46cd-a701-6952c6a65481:c-1]
2019-07-14 06:49:37,254 INFO  impl.FollowerState (FollowerState.java:run(106)) - 4dd65c2c-d780-47ac-bbfa-d53e8644b05a:group-A81B324C06B5 changes to CANDIDATE, lastRpcTime:5024, electionTimeout:5024ms
2019-07-14 06:49:37,256 INFO  impl.RoleInfo (RoleInfo.java:shutdownFollowerState(121)) - 4dd65c2c-d780-47ac-bbfa-d53e8644b05a: shutdown FollowerState
2019-07-14 06:49:37,256 INFO  impl.RaftServerImpl (RaftServerImpl.java:setRole(171)) - 4dd65c2c-d780-47ac-bbfa-d53e8644b05a:group-A81B324C06B5 changes role from FOLLOWER to CANDIDATE at term 0 for changeToCandidate
2019-07-14 06:49:37,256 INFO  impl.RoleInfo (RoleInfo.java:updateAndGet(143)) - 4dd65c2c-d780-47ac-bbfa-d53e8644b05a: start LeaderElection
2019-07-14 06:49:37,274 INFO  impl.LeaderElection (LeaderElection.java:askForVotes(181)) - 4dd65c2c-d780-47ac-bbfa-d53e8644b05a:group-A81B324C06B5:LeaderElection15: begin an election at term 1 for -1: [4dd65c2c-d780-47ac-bbfa-d53e8644b05a:192.168.5.144:42098], old=null
2019-07-14 06:49:37,275 INFO  impl.RoleInfo (RoleInfo.java:shutdownLeaderElection(134)) - 4dd65c2c-d780-47ac-bbfa-d53e8644b05a: shutdown LeaderElection
2019-07-14 06:49:37,275 INFO  impl.RaftServerImpl (RaftServerImpl.java:setRole(171)) - 4dd65c2c-d780-47ac-bbfa-d53e8644b05a:group-A81B324C06B5 changes role from CANDIDATE to LEADER at term 1 for changeToLeader
2019-07-14 06:49:37,275 INFO  impl.RaftServerImpl (ServerState.java:setLeader(263)) - 4dd65c2c-d780-47ac-bbfa-d53e8644b05a:group-A81B324C06B5 change Leader from null to 4dd65c2c-d780-47ac-bbfa-d53e8644b05a at term 1 for becomeLeader, leader elected after 5050ms
2019-07-14 06:49:37,277 INFO  server.RaftServerConfigKeys (ConfUtils.java:logGet(43)) - raft.server.staging.catchup.gap = 1000 (default)
2019-07-14 06:49:37,277 INFO  server.RaftServerConfigKeys (ConfUtils.java:logGet(43)) - raft.server.rpc.sleep.time = 25ms (default)
2019-07-14 06:49:37,277 INFO  server.RaftServerConfigKeys (ConfUtils.java:logGet(43)) - raft.server.write.element-limit = 4096 (default)
2019-07-14 06:49:37,278 INFO  server.RaftServerConfigKeys (ConfUtils.java:logGet(43)) - raft.server.watch.timeout = 10s (default)
2019-07-14 06:49:37,278 INFO  server.RaftServerConfigKeys (ConfUtils.java:logGet(43)) - raft.server.watch.timeout.denomination = 1s (default)
2019-07-14 06:49:37,278 INFO  server.RaftServerConfigKeys (ConfUtils.java:logGet(43)) - raft.server.watch.element-limit = 65536 (default)
2019-07-14 06:49:37,278 INFO  impl.RoleInfo (RoleInfo.java:updateAndGet(143)) - 4dd65c2c-d780-47ac-bbfa-d53e8644b05a: start LeaderState
2019-07-14 06:49:37,278 INFO  segmented.SegmentedRaftLogWorker (SegmentedRaftLogWorker.java:startLogSegment(380)) - 4dd65c2c-d780-47ac-bbfa-d53e8644b05a-SegmentedRaftLogWorker:Storage Directory /tmp/workdir/hadoop-ozone/integration-test/target/test-dir/MiniOzoneClusterImpl-d6a8514b-9f5a-4ec7-be91-cc3589120d34/datanode-1/data/ratis/3a0866df-e802-4ed8-89a2-a81b324c06b5: Starting segment from index:0
2019-07-14 06:49:37,279 INFO  impl.RaftServerImpl (ServerState.java:setRaftConf(361)) - 4dd65c2c-d780-47ac-bbfa-d53e8644b05a:group-A81B324C06B5 set configuration 0: [4dd65c2c-d780-47ac-bbfa-d53e8644b05a:192.168.5.144:42098], old=null at 0
2019-07-14 06:49:37,302 INFO  segmented.SegmentedRaftLogWorker (SegmentedRaftLogWorker.java:execute(569)) - 4dd65c2c-d780-47ac-bbfa-d53e8644b05a-SegmentedRaftLogWorker:Storage Directory /tmp/workdir/hadoop-ozone/integration-test/target/test-dir/MiniOzoneClusterImpl-d6a8514b-9f5a-4ec7-be91-cc3589120d34/datanode-1/data/ratis/3a0866df-e802-4ed8-89a2-a81b324c06b5: created new log segment /tmp/workdir/hadoop-ozone/integration-test/target/test-dir/MiniOzoneClusterImpl-d6a8514b-9f5a-4ec7-be91-cc3589120d34/datanode-1/data/ratis/3a0866df-e802-4ed8-89a2-a81b324c06b5/current/log_inprogress_0
2019-07-14 06:49:37,719 INFO  impl.FollowerState (FollowerState.java:run(106)) - 482e7165-fe12-46cd-a701-6952c6a65481:group-D12DA0922E45 changes to CANDIDATE, lastRpcTime:5090, electionTimeout:5090ms
2019-07-14 06:49:37,719 INFO  impl.RoleInfo (RoleInfo.java:shutdownFollowerState(121)) - 482e7165-fe12-46cd-a701-6952c6a65481: shutdown FollowerState
2019-07-14 06:49:37,719 INFO  impl.RaftServerImpl (RaftServerImpl.java:setRole(171)) - 482e7165-fe12-46cd-a701-6952c6a65481:group-D12DA0922E45 changes role from FOLLOWER to CANDIDATE at term 0 for changeToCandidate
2019-07-14 06:49:37,719 INFO  impl.RoleInfo (RoleInfo.java:updateAndGet(143)) - 482e7165-fe12-46cd-a701-6952c6a65481: start LeaderElection
2019-07-14 06:49:37,730 INFO  impl.LeaderElection (LeaderElection.java:askForVotes(181)) - 482e7165-fe12-46cd-a701-6952c6a65481:group-D12DA0922E45:LeaderElection16: begin an election at term 1 for -1: [4dd65c2c-d780-47ac-bbfa-d53e8644b05a:192.168.5.144:42098, 482e7165-fe12-46cd-a701-6952c6a65481:192.168.5.144:43038, fbcfeba4-c65e-402f-8e8d-7e30531dec82:192.168.5.144:34835], old=null
2019-07-14 06:49:37,732 INFO  impl.FollowerState (FollowerState.java:run(106)) - 4dd65c2c-d780-47ac-bbfa-d53e8644b05a:group-D12DA0922E45 changes to CANDIDATE, lastRpcTime:5107, electionTimeout:5107ms
2019-07-14 06:49:37,732 INFO  impl.RoleInfo (RoleInfo.java:shutdownFollowerState(121)) - 4dd65c2c-d780-47ac-bbfa-d53e8644b05a: shutdown FollowerState
2019-07-14 06:49:37,733 INFO  impl.RaftServerImpl (RaftServerImpl.java:setRole(171)) - 4dd65c2c-d780-47ac-bbfa-d53e8644b05a:group-D12DA0922E45 changes role from FOLLOWER to CANDIDATE at term 0 for changeToCandidate
2019-07-14 06:49:37,733 INFO  impl.RoleInfo (RoleInfo.java:updateAndGet(143)) - 4dd65c2c-d780-47ac-bbfa-d53e8644b05a: start LeaderElection
2019-07-14 06:49:37,743 INFO  impl.FollowerState (FollowerState.java:run(106)) - 482e7165-fe12-46cd-a701-6952c6a65481:group-113666E17B52 changes to CANDIDATE, lastRpcTime:5192, electionTimeout:5192ms
2019-07-14 06:49:37,743 INFO  impl.RoleInfo (RoleInfo.java:shutdownFollowerState(121)) - 482e7165-fe12-46cd-a701-6952c6a65481: shutdown FollowerState
2019-07-14 06:49:37,743 INFO  impl.RaftServerImpl (RaftServerImpl.java:setRole(171)) - 482e7165-fe12-46cd-a701-6952c6a65481:group-113666E17B52 changes role from FOLLOWER to CANDIDATE at term 0 for changeToCandidate
2019-07-14 06:49:37,743 INFO  impl.RoleInfo (RoleInfo.java:updateAndGet(143)) - 482e7165-fe12-46cd-a701-6952c6a65481: start LeaderElection
2019-07-14 06:49:37,756 INFO  impl.LeaderElection (LeaderElection.java:askForVotes(181)) - 482e7165-fe12-46cd-a701-6952c6a65481:group-113666E17B52:LeaderElection18: begin an election at term 1 for -1: [482e7165-fe12-46cd-a701-6952c6a65481:192.168.5.144:43038], old=null
2019-07-14 06:49:37,756 INFO  impl.LeaderElection (LeaderElection.java:askForVotes(181)) - 4dd65c2c-d780-47ac-bbfa-d53e8644b05a:group-D12DA0922E45:LeaderElection17: begin an election at term 1 for -1: [4dd65c2c-d780-47ac-bbfa-d53e8644b05a:192.168.5.144:42098, 482e7165-fe12-46cd-a701-6952c6a65481:192.168.5.144:43038, fbcfeba4-c65e-402f-8e8d-7e30531dec82:192.168.5.144:34835], old=null
2019-07-14 06:49:37,756 INFO  impl.RoleInfo (RoleInfo.java:shutdownLeaderElection(134)) - 482e7165-fe12-46cd-a701-6952c6a65481: shutdown LeaderElection
2019-07-14 06:49:37,756 INFO  impl.RaftServerImpl (RaftServerImpl.java:setRole(171)) - fbcfeba4-c65e-402f-8e8d-7e30531dec82:group-D12DA0922E45 changes role from FOLLOWER to FOLLOWER at term 1 for recognizeCandidate:482e7165-fe12-46cd-a701-6952c6a65481
2019-07-14 06:49:37,756 INFO  impl.RaftServerImpl (RaftServerImpl.java:setRole(171)) - 482e7165-fe12-46cd-a701-6952c6a65481:group-113666E17B52 changes role from CANDIDATE to LEADER at term 1 for changeToLeader
2019-07-14 06:49:37,757 INFO  impl.RoleInfo (RoleInfo.java:shutdownFollowerState(121)) - fbcfeba4-c65e-402f-8e8d-7e30531dec82: shutdown FollowerState
2019-07-14 06:49:37,757 INFO  impl.RaftServerImpl (ServerState.java:setLeader(263)) - 482e7165-fe12-46cd-a701-6952c6a65481:group-113666E17B52 change Leader from null to 482e7165-fe12-46cd-a701-6952c6a65481 at term 1 for becomeLeader, leader elected after 5210ms
2019-07-14 06:49:37,759 INFO  impl.RoleInfo (RoleInfo.java:updateAndGet(143)) - fbcfeba4-c65e-402f-8e8d-7e30531dec82: start FollowerState
2019-07-14 06:49:37,762 INFO  server.RaftServerConfigKeys (ConfUtils.java:logGet(43)) - raft.server.staging.catchup.gap = 1000 (default)
2019-07-14 06:49:37,759 INFO  impl.FollowerState (FollowerState.java:run(114)) - fbcfeba4-c65e-402f-8e8d-7e30531dec82: FollowerState was interrupted: java.lang.InterruptedException: sleep interrupted
2019-07-14 06:49:37,762 INFO  server.RaftServerConfigKeys (ConfUtils.java:logGet(43)) - raft.server.rpc.sleep.time = 25ms (default)
2019-07-14 06:49:37,779 INFO  server.RaftServerConfigKeys (ConfUtils.java:logGet(43)) - raft.server.write.element-limit = 4096 (default)
2019-07-14 06:49:37,780 INFO  server.RaftServerConfigKeys (ConfUtils.java:logGet(43)) - raft.server.watch.timeout = 10s (default)
2019-07-14 06:49:37,780 INFO  server.RaftServerConfigKeys (ConfUtils.java:logGet(43)) - raft.server.watch.timeout.denomination = 1s (default)
2019-07-14 06:49:37,780 INFO  server.RaftServerConfigKeys (ConfUtils.java:logGet(43)) - raft.server.watch.element-limit = 65536 (default)
2019-07-14 06:49:37,780 INFO  impl.RoleInfo (RoleInfo.java:updateAndGet(143)) - 482e7165-fe12-46cd-a701-6952c6a65481: start LeaderState
2019-07-14 06:49:37,781 INFO  segmented.SegmentedRaftLogWorker (SegmentedRaftLogWorker.java:startLogSegment(380)) - 482e7165-fe12-46cd-a701-6952c6a65481-SegmentedRaftLogWorker:Storage Directory /tmp/workdir/hadoop-ozone/integration-test/target/test-dir/MiniOzoneClusterImpl-d6a8514b-9f5a-4ec7-be91-cc3589120d34/datanode-2/data/ratis/618fcf68-b8f8-4a83-876e-113666e17b52: Starting segment from index:0
2019-07-14 06:49:37,781 INFO  impl.RaftServerImpl (ServerState.java:setRaftConf(361)) - 482e7165-fe12-46cd-a701-6952c6a65481:group-113666E17B52 set configuration 0: [482e7165-fe12-46cd-a701-6952c6a65481:192.168.5.144:43038], old=null at 0
2019-07-14 06:49:37,807 INFO  impl.LeaderElection (LeaderElection.java:logAndReturn(56)) - 482e7165-fe12-46cd-a701-6952c6a65481:group-D12DA0922E45:LeaderElection16: Election PASSED; received 2 response(s) [482e7165-fe12-46cd-a701-6952c6a65481<-4dd65c2c-d780-47ac-bbfa-d53e8644b05a#0:FAIL-t1, 482e7165-fe12-46cd-a701-6952c6a65481<-fbcfeba4-c65e-402f-8e8d-7e30531dec82#0:OK-t1] and 0 exception(s); 482e7165-fe12-46cd-a701-6952c6a65481:t1, leader=null, voted=482e7165-fe12-46cd-a701-6952c6a65481, raftlog=482e7165-fe12-46cd-a701-6952c6a65481-SegmentedRaftLog:OPENED:c-1,f-1,i0, conf=-1: [4dd65c2c-d780-47ac-bbfa-d53e8644b05a:192.168.5.144:42098, 482e7165-fe12-46cd-a701-6952c6a65481:192.168.5.144:43038, fbcfeba4-c65e-402f-8e8d-7e30531dec82:192.168.5.144:34835], old=null
2019-07-14 06:49:37,809 INFO  impl.RoleInfo (RoleInfo.java:shutdownLeaderElection(134)) - 482e7165-fe12-46cd-a701-6952c6a65481: shutdown LeaderElection
2019-07-14 06:49:37,811 INFO  segmented.SegmentedRaftLogWorker (SegmentedRaftLogWorker.java:execute(569)) - 482e7165-fe12-46cd-a701-6952c6a65481-SegmentedRaftLogWorker:Storage Directory /tmp/workdir/hadoop-ozone/integration-test/target/test-dir/MiniOzoneClusterImpl-d6a8514b-9f5a-4ec7-be91-cc3589120d34/datanode-2/data/ratis/618fcf68-b8f8-4a83-876e-113666e17b52: created new log segment /tmp/workdir/hadoop-ozone/integration-test/target/test-dir/MiniOzoneClusterImpl-d6a8514b-9f5a-4ec7-be91-cc3589120d34/datanode-2/data/ratis/618fcf68-b8f8-4a83-876e-113666e17b52/current/log_inprogress_0
2019-07-14 06:49:37,814 INFO  impl.RaftServerImpl (RaftServerImpl.java:setRole(171)) - 482e7165-fe12-46cd-a701-6952c6a65481:group-D12DA0922E45 changes role from CANDIDATE to LEADER at term 1 for changeToLeader
2019-07-14 06:49:37,823 INFO  impl.RaftServerImpl (ServerState.java:setLeader(263)) - 482e7165-fe12-46cd-a701-6952c6a65481:group-D12DA0922E45 change Leader from null to 482e7165-fe12-46cd-a701-6952c6a65481 at term 1 for becomeLeader, leader elected after 5214ms
2019-07-14 06:49:37,823 INFO  server.RaftServerConfigKeys (ConfUtils.java:logGet(43)) - raft.server.staging.catchup.gap = 1000 (default)
2019-07-14 06:49:37,823 INFO  server.RaftServerConfigKeys (ConfUtils.java:logGet(43)) - raft.server.rpc.sleep.time = 25ms (default)
2019-07-14 06:49:37,823 INFO  impl.LeaderElection (LeaderElection.java:logAndReturn(56)) - 4dd65c2c-d780-47ac-bbfa-d53e8644b05a:group-D12DA0922E45:LeaderElection17: Election REJECTED; received 2 response(s) [4dd65c2c-d780-47ac-bbfa-d53e8644b05a<-482e7165-fe12-46cd-a701-6952c6a65481#0:FAIL-t1, 4dd65c2c-d780-47ac-bbfa-d53e8644b05a<-fbcfeba4-c65e-402f-8e8d-7e30531dec82#0:FAIL-t1] and 0 exception(s); 4dd65c2c-d780-47ac-bbfa-d53e8644b05a:t1, leader=null, voted=4dd65c2c-d780-47ac-bbfa-d53e8644b05a, raftlog=4dd65c2c-d780-47ac-bbfa-d53e8644b05a-SegmentedRaftLog:OPENED:c-1,f-1,i0, conf=-1: [4dd65c2c-d780-47ac-bbfa-d53e8644b05a:192.168.5.144:42098, 482e7165-fe12-46cd-a701-6952c6a65481:192.168.5.144:43038, fbcfeba4-c65e-402f-8e8d-7e30531dec82:192.168.5.144:34835], old=null
2019-07-14 06:49:37,825 INFO  server.RaftServerConfigKeys (ConfUtils.java:logGet(43)) - raft.server.write.element-limit = 4096 (default)
2019-07-14 06:49:37,825 INFO  impl.RaftServerImpl (RaftServerImpl.java:setRole(171)) - 4dd65c2c-d780-47ac-bbfa-d53e8644b05a:group-D12DA0922E45 changes role from CANDIDATE to FOLLOWER at term 1 for DISCOVERED_A_NEW_TERM
2019-07-14 06:49:37,828 INFO  server.RaftServerConfigKeys (ConfUtils.java:logGet(43)) - raft.server.watch.timeout = 10s (default)
2019-07-14 06:49:37,828 INFO  impl.RoleInfo (RoleInfo.java:shutdownLeaderElection(134)) - 4dd65c2c-d780-47ac-bbfa-d53e8644b05a: shutdown LeaderElection
2019-07-14 06:49:37,828 INFO  server.RaftServerConfigKeys (ConfUtils.java:logGet(43)) - raft.server.watch.timeout.denomination = 1s (default)
2019-07-14 06:49:37,828 INFO  impl.RoleInfo (RoleInfo.java:updateAndGet(143)) - 4dd65c2c-d780-47ac-bbfa-d53e8644b05a: start FollowerState
2019-07-14 06:49:37,828 INFO  server.RaftServerConfigKeys (ConfUtils.java:logGet(43)) - raft.server.watch.element-limit = 65536 (default)
2019-07-14 06:49:37,830 INFO  server.RaftServerConfigKeys (ConfUtils.java:logGet(43)) - raft.server.log.appender.snapshot.chunk.size.max = 16MB (=16777216) (default)
2019-07-14 06:49:37,830 INFO  server.RaftServerConfigKeys (ConfUtils.java:logGet(43)) - raft.server.log.appender.buffer.byte-limit = 33554432 (custom)
2019-07-14 06:49:37,831 INFO  server.RaftServerConfigKeys (ConfUtils.java:logGet(43)) - raft.server.log.appender.buffer.element-limit = 1 (custom)
2019-07-14 06:49:37,831 INFO  grpc.GrpcConfigKeys$Server (ConfUtils.java:logGet(43)) - raft.grpc.server.leader.outstanding.appends.max = 128 (default)
2019-07-14 06:49:37,831 INFO  server.RaftServerConfigKeys (ConfUtils.java:logGet(43)) - raft.server.rpc.request.timeout = 3000ms (default)
2019-07-14 06:49:37,831 INFO  server.RaftServerConfigKeys (ConfUtils.java:logGet(43)) - raft.server.log.appender.install.snapshot.enabled = false (custom)
2019-07-14 06:49:37,832 INFO  server.RaftServerConfigKeys (ConfUtils.java:logGet(43)) - raft.server.log.appender.snapshot.chunk.size.max = 16MB (=16777216) (default)
2019-07-14 06:49:37,832 INFO  server.RaftServerConfigKeys (ConfUtils.java:logGet(43)) - raft.server.log.appender.buffer.byte-limit = 33554432 (custom)
2019-07-14 06:49:37,832 INFO  server.RaftServerConfigKeys (ConfUtils.java:logGet(43)) - raft.server.log.appender.buffer.element-limit = 1 (custom)
2019-07-14 06:49:37,832 INFO  grpc.GrpcConfigKeys$Server (ConfUtils.java:logGet(43)) - raft.grpc.server.leader.outstanding.appends.max = 128 (default)
2019-07-14 06:49:37,833 INFO  server.RaftServerConfigKeys (ConfUtils.java:logGet(43)) - raft.server.rpc.request.timeout = 3000ms (default)
2019-07-14 06:49:37,833 INFO  server.RaftServerConfigKeys (ConfUtils.java:logGet(43)) - raft.server.log.appender.install.snapshot.enabled = false (custom)
2019-07-14 06:49:37,833 INFO  impl.RoleInfo (RoleInfo.java:updateAndGet(143)) - 482e7165-fe12-46cd-a701-6952c6a65481: start LeaderState
2019-07-14 06:49:37,833 INFO  segmented.SegmentedRaftLogWorker (SegmentedRaftLogWorker.java:startLogSegment(380)) - 482e7165-fe12-46cd-a701-6952c6a65481-SegmentedRaftLogWorker:Storage Directory /tmp/workdir/hadoop-ozone/integration-test/target/test-dir/MiniOzoneClusterImpl-d6a8514b-9f5a-4ec7-be91-cc3589120d34/datanode-2/data/ratis/e0f5f245-f45a-48c3-a468-d12da0922e45: Starting segment from index:0
2019-07-14 06:49:37,834 INFO  impl.RaftServerImpl (ServerState.java:setRaftConf(361)) - 482e7165-fe12-46cd-a701-6952c6a65481:group-D12DA0922E45 set configuration 0: [4dd65c2c-d780-47ac-bbfa-d53e8644b05a:192.168.5.144:42098, 482e7165-fe12-46cd-a701-6952c6a65481:192.168.5.144:43038, fbcfeba4-c65e-402f-8e8d-7e30531dec82:192.168.5.144:34835], old=null at 0
2019-07-14 06:49:37,855 INFO  impl.RaftServerImpl (ServerState.java:setLeader(263)) - fbcfeba4-c65e-402f-8e8d-7e30531dec82:group-D12DA0922E45 change Leader from null to 482e7165-fe12-46cd-a701-6952c6a65481 at term 1 for appendEntries, leader elected after 5246ms
2019-07-14 06:49:37,855 INFO  impl.RaftServerImpl (ServerState.java:setLeader(263)) - 4dd65c2c-d780-47ac-bbfa-d53e8644b05a:group-D12DA0922E45 change Leader from null to 482e7165-fe12-46cd-a701-6952c6a65481 at term 1 for appendEntries, leader elected after 5247ms
2019-07-14 06:49:37,858 INFO  impl.RaftServerImpl (ServerState.java:setRaftConf(361)) - fbcfeba4-c65e-402f-8e8d-7e30531dec82:group-D12DA0922E45 set configuration 0: [4dd65c2c-d780-47ac-bbfa-d53e8644b05a:192.168.5.144:42098, 482e7165-fe12-46cd-a701-6952c6a65481:192.168.5.144:43038, fbcfeba4-c65e-402f-8e8d-7e30531dec82:192.168.5.144:34835], old=null at 0
2019-07-14 06:49:37,858 INFO  impl.RaftServerImpl (ServerState.java:setRaftConf(361)) - 4dd65c2c-d780-47ac-bbfa-d53e8644b05a:group-D12DA0922E45 set configuration 0: [4dd65c2c-d780-47ac-bbfa-d53e8644b05a:192.168.5.144:42098, 482e7165-fe12-46cd-a701-6952c6a65481:192.168.5.144:43038, fbcfeba4-c65e-402f-8e8d-7e30531dec82:192.168.5.144:34835], old=null at 0
2019-07-14 06:49:37,858 INFO  segmented.SegmentedRaftLogWorker (SegmentedRaftLogWorker.java:execute(569)) - 482e7165-fe12-46cd-a701-6952c6a65481-SegmentedRaftLogWorker:Storage Directory /tmp/workdir/hadoop-ozone/integration-test/target/test-dir/MiniOzoneClusterImpl-d6a8514b-9f5a-4ec7-be91-cc3589120d34/datanode-2/data/ratis/e0f5f245-f45a-48c3-a468-d12da0922e45: created new log segment /tmp/workdir/hadoop-ozone/integration-test/target/test-dir/MiniOzoneClusterImpl-d6a8514b-9f5a-4ec7-be91-cc3589120d34/datanode-2/data/ratis/e0f5f245-f45a-48c3-a468-d12da0922e45/current/log_inprogress_0
2019-07-14 06:49:37,858 INFO  segmented.SegmentedRaftLogWorker (SegmentedRaftLogWorker.java:startLogSegment(380)) - 4dd65c2c-d780-47ac-bbfa-d53e8644b05a-SegmentedRaftLogWorker:Storage Directory /tmp/workdir/hadoop-ozone/integration-test/target/test-dir/MiniOzoneClusterImpl-d6a8514b-9f5a-4ec7-be91-cc3589120d34/datanode-1/data/ratis/e0f5f245-f45a-48c3-a468-d12da0922e45: Starting segment from index:0
2019-07-14 06:49:37,858 INFO  segmented.SegmentedRaftLogWorker (SegmentedRaftLogWorker.java:startLogSegment(380)) - fbcfeba4-c65e-402f-8e8d-7e30531dec82-SegmentedRaftLogWorker:Storage Directory /tmp/workdir/hadoop-ozone/integration-test/target/test-dir/MiniOzoneClusterImpl-d6a8514b-9f5a-4ec7-be91-cc3589120d34/datanode-0/data/ratis/e0f5f245-f45a-48c3-a468-d12da0922e45: Starting segment from index:0
2019-07-14 06:49:37,873 INFO  impl.FollowerState (FollowerState.java:run(106)) - 9235e096-bad2-4ddc-afaa-1e7edc12c7d5:group-3C262B468671 changes to CANDIDATE, lastRpcTime:5154, electionTimeout:5154ms
2019-07-14 06:49:37,885 INFO  impl.RoleInfo (RoleInfo.java:shutdownFollowerState(121)) - 9235e096-bad2-4ddc-afaa-1e7edc12c7d5: shutdown FollowerState
2019-07-14 06:49:37,885 INFO  impl.RaftServerImpl (RaftServerImpl.java:setRole(171)) - 9235e096-bad2-4ddc-afaa-1e7edc12c7d5:group-3C262B468671 changes role from FOLLOWER to CANDIDATE at term 0 for changeToCandidate
2019-07-14 06:49:37,885 INFO  impl.RoleInfo (RoleInfo.java:updateAndGet(143)) - 9235e096-bad2-4ddc-afaa-1e7edc12c7d5: start LeaderElection
2019-07-14 06:49:37,898 INFO  segmented.SegmentedRaftLogWorker (SegmentedRaftLogWorker.java:execute(569)) - 4dd65c2c-d780-47ac-bbfa-d53e8644b05a-SegmentedRaftLogWorker:Storage Directory /tmp/workdir/hadoop-ozone/integration-test/target/test-dir/MiniOzoneClusterImpl-d6a8514b-9f5a-4ec7-be91-cc3589120d34/datanode-1/data/ratis/e0f5f245-f45a-48c3-a468-d12da0922e45: created new log segment /tmp/workdir/hadoop-ozone/integration-test/target/test-dir/MiniOzoneClusterImpl-d6a8514b-9f5a-4ec7-be91-cc3589120d34/datanode-1/data/ratis/e0f5f245-f45a-48c3-a468-d12da0922e45/current/log_inprogress_0
2019-07-14 06:49:37,898 INFO  segmented.SegmentedRaftLogWorker (SegmentedRaftLogWorker.java:execute(569)) - fbcfeba4-c65e-402f-8e8d-7e30531dec82-SegmentedRaftLogWorker:Storage Directory /tmp/workdir/hadoop-ozone/integration-test/target/test-dir/MiniOzoneClusterImpl-d6a8514b-9f5a-4ec7-be91-cc3589120d34/datanode-0/data/ratis/e0f5f245-f45a-48c3-a468-d12da0922e45: created new log segment /tmp/workdir/hadoop-ozone/integration-test/target/test-dir/MiniOzoneClusterImpl-d6a8514b-9f5a-4ec7-be91-cc3589120d34/datanode-0/data/ratis/e0f5f245-f45a-48c3-a468-d12da0922e45/current/log_inprogress_0
2019-07-14 06:49:37,898 INFO  impl.LeaderElection (LeaderElection.java:askForVotes(181)) - 9235e096-bad2-4ddc-afaa-1e7edc12c7d5:group-3C262B468671:LeaderElection19: begin an election at term 1 for -1: [9235e096-bad2-4ddc-afaa-1e7edc12c7d5:192.168.5.144:33491], old=null
2019-07-14 06:49:37,900 INFO  impl.RoleInfo (RoleInfo.java:shutdownLeaderElection(134)) - 9235e096-bad2-4ddc-afaa-1e7edc12c7d5: shutdown LeaderElection
2019-07-14 06:49:37,900 INFO  impl.RaftServerImpl (RaftServerImpl.java:setRole(171)) - 9235e096-bad2-4ddc-afaa-1e7edc12c7d5:group-3C262B468671 changes role from CANDIDATE to LEADER at term 1 for changeToLeader
2019-07-14 06:49:37,900 INFO  impl.RaftServerImpl (ServerState.java:setLeader(263)) - 9235e096-bad2-4ddc-afaa-1e7edc12c7d5:group-3C262B468671 change Leader from null to 9235e096-bad2-4ddc-afaa-1e7edc12c7d5 at term 1 for becomeLeader, leader elected after 5186ms
2019-07-14 06:49:37,901 INFO  server.RaftServerConfigKeys (ConfUtils.java:logGet(43)) - raft.server.staging.catchup.gap = 1000 (default)
2019-07-14 06:49:37,902 INFO  server.RaftServerConfigKeys (ConfUtils.java:logGet(43)) - raft.server.rpc.sleep.time = 25ms (default)
2019-07-14 06:49:37,902 INFO  server.RaftServerConfigKeys (ConfUtils.java:logGet(43)) - raft.server.write.element-limit = 4096 (default)
2019-07-14 06:49:37,902 INFO  server.RaftServerConfigKeys (ConfUtils.java:logGet(43)) - raft.server.watch.timeout = 10s (default)
2019-07-14 06:49:37,902 INFO  server.RaftServerConfigKeys (ConfUtils.java:logGet(43)) - raft.server.watch.timeout.denomination = 1s (default)
2019-07-14 06:49:37,902 INFO  server.RaftServerConfigKeys (ConfUtils.java:logGet(43)) - raft.server.watch.element-limit = 65536 (default)
2019-07-14 06:49:37,902 INFO  impl.RoleInfo (RoleInfo.java:updateAndGet(143)) - 9235e096-bad2-4ddc-afaa-1e7edc12c7d5: start LeaderState
2019-07-14 06:49:37,903 INFO  segmented.SegmentedRaftLogWorker (SegmentedRaftLogWorker.java:startLogSegment(380)) - 9235e096-bad2-4ddc-afaa-1e7edc12c7d5-SegmentedRaftLogWorker:Storage Directory /tmp/workdir/hadoop-ozone/integration-test/target/test-dir/MiniOzoneClusterImpl-d6a8514b-9f5a-4ec7-be91-cc3589120d34/datanode-3/data/ratis/73945dfa-6090-4c95-a060-3c262b468671: Starting segment from index:0
2019-07-14 06:49:37,903 INFO  impl.RaftServerImpl (ServerState.java:setRaftConf(361)) - 9235e096-bad2-4ddc-afaa-1e7edc12c7d5:group-3C262B468671 set configuration 0: [9235e096-bad2-4ddc-afaa-1e7edc12c7d5:192.168.5.144:33491], old=null at 0
2019-07-14 06:49:37,935 INFO  segmented.SegmentedRaftLogWorker (SegmentedRaftLogWorker.java:execute(569)) - 9235e096-bad2-4ddc-afaa-1e7edc12c7d5-SegmentedRaftLogWorker:Storage Directory /tmp/workdir/hadoop-ozone/integration-test/target/test-dir/MiniOzoneClusterImpl-d6a8514b-9f5a-4ec7-be91-cc3589120d34/datanode-3/data/ratis/73945dfa-6090-4c95-a060-3c262b468671: created new log segment /tmp/workdir/hadoop-ozone/integration-test/target/test-dir/MiniOzoneClusterImpl-d6a8514b-9f5a-4ec7-be91-cc3589120d34/datanode-3/data/ratis/73945dfa-6090-4c95-a060-3c262b468671/current/log_inprogress_0
2019-07-14 06:49:38,017 INFO  impl.FollowerState (FollowerState.java:run(106)) - 48c40916-4df4-43f1-8da9-aa837bc1a9b2:group-C50E1CE1A3CA changes to CANDIDATE, lastRpcTime:5133, electionTimeout:5133ms
2019-07-14 06:49:38,018 INFO  impl.RoleInfo (RoleInfo.java:shutdownFollowerState(121)) - 48c40916-4df4-43f1-8da9-aa837bc1a9b2: shutdown FollowerState
2019-07-14 06:49:38,018 INFO  impl.RaftServerImpl (RaftServerImpl.java:setRole(171)) - 48c40916-4df4-43f1-8da9-aa837bc1a9b2:group-C50E1CE1A3CA changes role from FOLLOWER to CANDIDATE at term 0 for changeToCandidate
2019-07-14 06:49:38,018 INFO  impl.RoleInfo (RoleInfo.java:updateAndGet(143)) - 48c40916-4df4-43f1-8da9-aa837bc1a9b2: start LeaderElection
2019-07-14 06:49:38,044 INFO  impl.LeaderElection (LeaderElection.java:askForVotes(181)) - 48c40916-4df4-43f1-8da9-aa837bc1a9b2:group-C50E1CE1A3CA:LeaderElection20: begin an election at term 1 for -1: [48c40916-4df4-43f1-8da9-aa837bc1a9b2:192.168.5.144:44628], old=null
2019-07-14 06:49:38,047 INFO  impl.RoleInfo (RoleInfo.java:shutdownLeaderElection(134)) - 48c40916-4df4-43f1-8da9-aa837bc1a9b2: shutdown LeaderElection
2019-07-14 06:49:38,047 INFO  impl.RaftServerImpl (RaftServerImpl.java:setRole(171)) - 48c40916-4df4-43f1-8da9-aa837bc1a9b2:group-C50E1CE1A3CA changes role from CANDIDATE to LEADER at term 1 for changeToLeader
2019-07-14 06:49:38,047 INFO  impl.RaftServerImpl (ServerState.java:setLeader(263)) - 48c40916-4df4-43f1-8da9-aa837bc1a9b2:group-C50E1CE1A3CA change Leader from null to 48c40916-4df4-43f1-8da9-aa837bc1a9b2 at term 1 for becomeLeader, leader elected after 5168ms
2019-07-14 06:49:38,049 INFO  server.RaftServerConfigKeys (ConfUtils.java:logGet(43)) - raft.server.staging.catchup.gap = 1000 (default)
2019-07-14 06:49:38,049 INFO  server.RaftServerConfigKeys (ConfUtils.java:logGet(43)) - raft.server.rpc.sleep.time = 25ms (default)
2019-07-14 06:49:38,050 INFO  server.RaftServerConfigKeys (ConfUtils.java:logGet(43)) - raft.server.write.element-limit = 4096 (default)
2019-07-14 06:49:38,050 INFO  server.RaftServerConfigKeys (ConfUtils.java:logGet(43)) - raft.server.watch.timeout = 10s (default)
2019-07-14 06:49:38,050 INFO  server.RaftServerConfigKeys (ConfUtils.java:logGet(43)) - raft.server.watch.timeout.denomination = 1s (default)
2019-07-14 06:49:38,050 INFO  server.RaftServerConfigKeys (ConfUtils.java:logGet(43)) - raft.server.watch.element-limit = 65536 (default)
2019-07-14 06:49:38,051 INFO  impl.RoleInfo (RoleInfo.java:updateAndGet(143)) - 48c40916-4df4-43f1-8da9-aa837bc1a9b2: start LeaderState
2019-07-14 06:49:38,051 INFO  segmented.SegmentedRaftLogWorker (SegmentedRaftLogWorker.java:startLogSegment(380)) - 48c40916-4df4-43f1-8da9-aa837bc1a9b2-SegmentedRaftLogWorker:Storage Directory /tmp/workdir/hadoop-ozone/integration-test/target/test-dir/MiniOzoneClusterImpl-d6a8514b-9f5a-4ec7-be91-cc3589120d34/datanode-4/data/ratis/15160694-d92e-4da2-a597-c50e1ce1a3ca: Starting segment from index:0
2019-07-14 06:49:38,052 INFO  impl.RaftServerImpl (ServerState.java:setRaftConf(361)) - 48c40916-4df4-43f1-8da9-aa837bc1a9b2:group-C50E1CE1A3CA set configuration 0: [48c40916-4df4-43f1-8da9-aa837bc1a9b2:192.168.5.144:44628], old=null at 0
2019-07-14 06:49:38,091 INFO  segmented.SegmentedRaftLogWorker (SegmentedRaftLogWorker.java:execute(569)) - 48c40916-4df4-43f1-8da9-aa837bc1a9b2-SegmentedRaftLogWorker:Storage Directory /tmp/workdir/hadoop-ozone/integration-test/target/test-dir/MiniOzoneClusterImpl-d6a8514b-9f5a-4ec7-be91-cc3589120d34/datanode-4/data/ratis/15160694-d92e-4da2-a597-c50e1ce1a3ca: created new log segment /tmp/workdir/hadoop-ozone/integration-test/target/test-dir/MiniOzoneClusterImpl-d6a8514b-9f5a-4ec7-be91-cc3589120d34/datanode-4/data/ratis/15160694-d92e-4da2-a597-c50e1ce1a3ca/current/log_inprogress_0
2019-07-14 06:49:38,212 INFO  impl.FollowerState (FollowerState.java:run(106)) - 48c40916-4df4-43f1-8da9-aa837bc1a9b2:group-2CAFED4AB0A3 changes to CANDIDATE, lastRpcTime:5044, electionTimeout:5044ms
2019-07-14 06:49:38,212 INFO  impl.RoleInfo (RoleInfo.java:shutdownFollowerState(121)) - 48c40916-4df4-43f1-8da9-aa837bc1a9b2: shutdown FollowerState
2019-07-14 06:49:38,212 INFO  impl.RaftServerImpl (RaftServerImpl.java:setRole(171)) - 48c40916-4df4-43f1-8da9-aa837bc1a9b2:group-2CAFED4AB0A3 changes role from FOLLOWER to CANDIDATE at term 0 for changeToCandidate
2019-07-14 06:49:38,212 INFO  impl.RoleInfo (RoleInfo.java:updateAndGet(143)) - 48c40916-4df4-43f1-8da9-aa837bc1a9b2: start LeaderElection
2019-07-14 06:49:38,222 INFO  impl.LeaderElection (LeaderElection.java:askForVotes(181)) - 48c40916-4df4-43f1-8da9-aa837bc1a9b2:group-2CAFED4AB0A3:LeaderElection21: begin an election at term 1 for -1: [48c40916-4df4-43f1-8da9-aa837bc1a9b2:192.168.5.144:44628, 9e9398c9-c564-45b1-aca3-844f60de829e:192.168.5.144:36673, 9235e096-bad2-4ddc-afaa-1e7edc12c7d5:192.168.5.144:33491], old=null
2019-07-14 06:49:38,227 INFO  impl.FollowerState (FollowerState.java:run(106)) - 9235e096-bad2-4ddc-afaa-1e7edc12c7d5:group-2CAFED4AB0A3 changes to CANDIDATE, lastRpcTime:5059, electionTimeout:5059ms
2019-07-14 06:49:38,227 INFO  impl.RoleInfo (RoleInfo.java:shutdownFollowerState(121)) - 9235e096-bad2-4ddc-afaa-1e7edc12c7d5: shutdown FollowerState
2019-07-14 06:49:38,227 INFO  impl.RaftServerImpl (RaftServerImpl.java:setRole(171)) - 9235e096-bad2-4ddc-afaa-1e7edc12c7d5:group-2CAFED4AB0A3 changes role from FOLLOWER to CANDIDATE at term 0 for changeToCandidate
2019-07-14 06:49:38,227 INFO  impl.RoleInfo (RoleInfo.java:updateAndGet(143)) - 9235e096-bad2-4ddc-afaa-1e7edc12c7d5: start LeaderElection
2019-07-14 06:49:38,236 INFO  impl.LeaderElection (LeaderElection.java:askForVotes(181)) - 9235e096-bad2-4ddc-afaa-1e7edc12c7d5:group-2CAFED4AB0A3:LeaderElection22: begin an election at term 1 for -1: [48c40916-4df4-43f1-8da9-aa837bc1a9b2:192.168.5.144:44628, 9e9398c9-c564-45b1-aca3-844f60de829e:192.168.5.144:36673, 9235e096-bad2-4ddc-afaa-1e7edc12c7d5:192.168.5.144:33491], old=null
2019-07-14 06:49:38,253 INFO  impl.RaftServerImpl (RaftServerImpl.java:setRole(171)) - 9e9398c9-c564-45b1-aca3-844f60de829e:group-2CAFED4AB0A3 changes role from FOLLOWER to FOLLOWER at term 1 for recognizeCandidate:48c40916-4df4-43f1-8da9-aa837bc1a9b2
2019-07-14 06:49:38,254 INFO  impl.RoleInfo (RoleInfo.java:shutdownFollowerState(121)) - 9e9398c9-c564-45b1-aca3-844f60de829e: shutdown FollowerState
2019-07-14 06:49:38,256 INFO  impl.RoleInfo (RoleInfo.java:updateAndGet(143)) - 9e9398c9-c564-45b1-aca3-844f60de829e: start FollowerState
2019-07-14 06:49:38,258 INFO  impl.FollowerState (FollowerState.java:run(106)) - 9e9398c9-c564-45b1-aca3-844f60de829e:group-4D4B878D4BCA changes to CANDIDATE, lastRpcTime:5173, electionTimeout:5171ms
2019-07-14 06:49:38,258 INFO  impl.RoleInfo (RoleInfo.java:shutdownFollowerState(121)) - 9e9398c9-c564-45b1-aca3-844f60de829e: shutdown FollowerState
2019-07-14 06:49:38,256 INFO  impl.FollowerState (FollowerState.java:run(114)) - 9e9398c9-c564-45b1-aca3-844f60de829e: FollowerState was interrupted: java.lang.InterruptedException: sleep interrupted
2019-07-14 06:49:38,259 INFO  impl.RaftServerImpl (RaftServerImpl.java:setRole(171)) - 9e9398c9-c564-45b1-aca3-844f60de829e:group-4D4B878D4BCA changes role from FOLLOWER to CANDIDATE at term 0 for changeToCandidate
2019-07-14 06:49:38,263 INFO  impl.RoleInfo (RoleInfo.java:updateAndGet(143)) - 9e9398c9-c564-45b1-aca3-844f60de829e: start LeaderElection
2019-07-14 06:49:38,279 INFO  impl.LeaderElection (LeaderElection.java:askForVotes(181)) - 9e9398c9-c564-45b1-aca3-844f60de829e:group-4D4B878D4BCA:LeaderElection23: begin an election at term 1 for -1: [9e9398c9-c564-45b1-aca3-844f60de829e:192.168.5.144:36673], old=null
2019-07-14 06:49:38,283 INFO  impl.RoleInfo (RoleInfo.java:shutdownLeaderElection(134)) - 9e9398c9-c564-45b1-aca3-844f60de829e: shutdown LeaderElection
2019-07-14 06:49:38,284 INFO  impl.RaftServerImpl (RaftServerImpl.java:setRole(171)) - 9e9398c9-c564-45b1-aca3-844f60de829e:group-4D4B878D4BCA changes role from CANDIDATE to LEADER at term 1 for changeToLeader
2019-07-14 06:49:38,284 INFO  impl.RaftServerImpl (ServerState.java:setLeader(263)) - 9e9398c9-c564-45b1-aca3-844f60de829e:group-4D4B878D4BCA change Leader from null to 9e9398c9-c564-45b1-aca3-844f60de829e at term 1 for becomeLeader, leader elected after 5203ms
2019-07-14 06:49:38,286 INFO  server.RaftServerConfigKeys (ConfUtils.java:logGet(43)) - raft.server.staging.catchup.gap = 1000 (default)
2019-07-14 06:49:38,288 INFO  server.RaftServerConfigKeys (ConfUtils.java:logGet(43)) - raft.server.rpc.sleep.time = 25ms (default)
2019-07-14 06:49:38,290 INFO  server.RaftServerConfigKeys (ConfUtils.java:logGet(43)) - raft.server.write.element-limit = 4096 (default)
2019-07-14 06:49:38,290 INFO  server.RaftServerConfigKeys (ConfUtils.java:logGet(43)) - raft.server.watch.timeout = 10s (default)
2019-07-14 06:49:38,290 INFO  server.RaftServerConfigKeys (ConfUtils.java:logGet(43)) - raft.server.watch.timeout.denomination = 1s (default)
2019-07-14 06:49:38,290 INFO  impl.LeaderElection (LeaderElection.java:logAndReturn(56)) - 48c40916-4df4-43f1-8da9-aa837bc1a9b2:group-2CAFED4AB0A3:LeaderElection21: Election PASSED; received 2 response(s) [48c40916-4df4-43f1-8da9-aa837bc1a9b2<-9e9398c9-c564-45b1-aca3-844f60de829e#0:OK-t1, 48c40916-4df4-43f1-8da9-aa837bc1a9b2<-9235e096-bad2-4ddc-afaa-1e7edc12c7d5#0:FAIL-t1] and 0 exception(s); 48c40916-4df4-43f1-8da9-aa837bc1a9b2:t1, leader=null, voted=48c40916-4df4-43f1-8da9-aa837bc1a9b2, raftlog=48c40916-4df4-43f1-8da9-aa837bc1a9b2-SegmentedRaftLog:OPENED:c-1,f-1,i0, conf=-1: [48c40916-4df4-43f1-8da9-aa837bc1a9b2:192.168.5.144:44628, 9e9398c9-c564-45b1-aca3-844f60de829e:192.168.5.144:36673, 9235e096-bad2-4ddc-afaa-1e7edc12c7d5:192.168.5.144:33491], old=null
2019-07-14 06:49:38,292 INFO  server.RaftServerConfigKeys (ConfUtils.java:logGet(43)) - raft.server.watch.element-limit = 65536 (default)
2019-07-14 06:49:38,294 INFO  impl.LeaderElection (LeaderElection.java:logAndReturn(56)) - 9235e096-bad2-4ddc-afaa-1e7edc12c7d5:group-2CAFED4AB0A3:LeaderElection22: Election REJECTED; received 2 response(s) [9235e096-bad2-4ddc-afaa-1e7edc12c7d5<-48c40916-4df4-43f1-8da9-aa837bc1a9b2#0:FAIL-t1, 9235e096-bad2-4ddc-afaa-1e7edc12c7d5<-9e9398c9-c564-45b1-aca3-844f60de829e#0:FAIL-t1] and 0 exception(s); 9235e096-bad2-4ddc-afaa-1e7edc12c7d5:t1, leader=null, voted=9235e096-bad2-4ddc-afaa-1e7edc12c7d5, raftlog=9235e096-bad2-4ddc-afaa-1e7edc12c7d5-SegmentedRaftLog:OPENED:c-1,f-1,i0, conf=-1: [48c40916-4df4-43f1-8da9-aa837bc1a9b2:192.168.5.144:44628, 9e9398c9-c564-45b1-aca3-844f60de829e:192.168.5.144:36673, 9235e096-bad2-4ddc-afaa-1e7edc12c7d5:192.168.5.144:33491], old=null
2019-07-14 06:49:38,292 INFO  impl.RoleInfo (RoleInfo.java:shutdownLeaderElection(134)) - 48c40916-4df4-43f1-8da9-aa837bc1a9b2: shutdown LeaderElection
2019-07-14 06:49:38,296 INFO  impl.RaftServerImpl (RaftServerImpl.java:setRole(171)) - 9235e096-bad2-4ddc-afaa-1e7edc12c7d5:group-2CAFED4AB0A3 changes role from CANDIDATE to FOLLOWER at term 1 for DISCOVERED_A_NEW_TERM
2019-07-14 06:49:38,299 INFO  impl.RaftServerImpl (RaftServerImpl.java:setRole(171)) - 48c40916-4df4-43f1-8da9-aa837bc1a9b2:group-2CAFED4AB0A3 changes role from CANDIDATE to LEADER at term 1 for changeToLeader
2019-07-14 06:49:38,298 INFO  client.GrpcClientProtocolClient (GrpcClientProtocolClient.java:onNext(255)) - client-1E100D542C01->fbcfeba4-c65e-402f-8e8d-7e30531dec82: receive RaftClientReply:client-1E100D542C01->fbcfeba4-c65e-402f-8e8d-7e30531dec82@group-D12DA0922E45, cid=34, FAILED org.apache.ratis.protocol.NotLeaderException: Server fbcfeba4-c65e-402f-8e8d-7e30531dec82 is not the leader (482e7165-fe12-46cd-a701-6952c6a65481:192.168.5.144:43038). Request must be sent to leader., logIndex=0, commits[fbcfeba4-c65e-402f-8e8d-7e30531dec82:c-1, 4dd65c2c-d780-47ac-bbfa-d53e8644b05a:c-1, 482e7165-fe12-46cd-a701-6952c6a65481:c-1]
2019-07-14 06:49:38,298 INFO  impl.RoleInfo (RoleInfo.java:updateAndGet(143)) - 9e9398c9-c564-45b1-aca3-844f60de829e: start LeaderState
2019-07-14 06:49:38,300 INFO  impl.RaftServerImpl (ServerState.java:setLeader(263)) - 48c40916-4df4-43f1-8da9-aa837bc1a9b2:group-2CAFED4AB0A3 change Leader from null to 48c40916-4df4-43f1-8da9-aa837bc1a9b2 at term 1 for becomeLeader, leader elected after 5154ms
2019-07-14 06:49:38,299 INFO  impl.RoleInfo (RoleInfo.java:shutdownLeaderElection(134)) - 9235e096-bad2-4ddc-afaa-1e7edc12c7d5: shutdown LeaderElection
2019-07-14 06:49:38,303 INFO  segmented.SegmentedRaftLogWorker (SegmentedRaftLogWorker.java:startLogSegment(380)) - 9e9398c9-c564-45b1-aca3-844f60de829e-SegmentedRaftLogWorker:Storage Directory /tmp/workdir/hadoop-ozone/integration-test/target/test-dir/MiniOzoneClusterImpl-d6a8514b-9f5a-4ec7-be91-cc3589120d34/datanode-5/data/ratis/b1cf86dc-e513-4c4a-b337-4d4b878d4bca: Starting segment from index:0
2019-07-14 06:49:38,303 INFO  server.RaftServerConfigKeys (ConfUtils.java:logGet(43)) - raft.server.staging.catchup.gap = 1000 (default)
2019-07-14 06:49:38,309 WARN  io.KeyOutputStream (KeyOutputStream.java:handleException(276)) - Encountered exception java.io.IOException: Unexpected Storage Container Exception: java.util.concurrent.CompletionException: java.util.concurrent.CompletionException: org.apache.ratis.protocol.RaftRetryFailureException: Failed RaftClientRequest:client-1E100D542C01->fbcfeba4-c65e-402f-8e8d-7e30531dec82@group-D12DA0922E45, cid=34, seq=1*, RW, org.apache.hadoop.hdds.scm.XceiverClientRatis$$Lambda$309/1480893137@32f2d60c for 5 attempts with RetryLimited(maxAttempts=5, sleepTime=1000ms) on the pipeline Pipeline[ Id: e0f5f245-f45a-48c3-a468-d12da0922e45, Nodes: 482e7165-fe12-46cd-a701-6952c6a65481{ip: 192.168.5.144, host: trunk-nightly-8c95p-1540871953, networkLocation: /default-rack, certSerialId: null}fbcfeba4-c65e-402f-8e8d-7e30531dec82{ip: 192.168.5.144, host: trunk-nightly-8c95p-1540871953, networkLocation: /default-rack, certSerialId: null}4dd65c2c-d780-47ac-bbfa-d53e8644b05a{ip: 192.168.5.144, host: trunk-nightly-8c95p-1540871953, networkLocation: /default-rack, certSerialId: null}, Type:RATIS, Factor:THREE, State:OPEN]. The last committed block length is 0, uncommitted data length is 1048576 retry count 0
2019-07-14 06:49:38,303 INFO  impl.RoleInfo (RoleInfo.java:updateAndGet(143)) - 9235e096-bad2-4ddc-afaa-1e7edc12c7d5: start FollowerState
2019-07-14 06:49:38,310 INFO  impl.RaftServerImpl (ServerState.java:setRaftConf(361)) - 9e9398c9-c564-45b1-aca3-844f60de829e:group-4D4B878D4BCA set configuration 0: [9e9398c9-c564-45b1-aca3-844f60de829e:192.168.5.144:36673], old=null at 0
2019-07-14 06:49:38,309 INFO  server.RaftServerConfigKeys (ConfUtils.java:logGet(43)) - raft.server.rpc.sleep.time = 25ms (default)
2019-07-14 06:49:38,333 INFO  server.RaftServerConfigKeys (ConfUtils.java:logGet(43)) - raft.server.write.element-limit = 4096 (default)
2019-07-14 06:49:38,335 INFO  segmented.SegmentedRaftLogWorker (SegmentedRaftLogWorker.java:execute(569)) - 9e9398c9-c564-45b1-aca3-844f60de829e-SegmentedRaftLogWorker:Storage Directory /tmp/workdir/hadoop-ozone/integration-test/target/test-dir/MiniOzoneClusterImpl-d6a8514b-9f5a-4ec7-be91-cc3589120d34/datanode-5/data/ratis/b1cf86dc-e513-4c4a-b337-4d4b878d4bca: created new log segment /tmp/workdir/hadoop-ozone/integration-test/target/test-dir/MiniOzoneClusterImpl-d6a8514b-9f5a-4ec7-be91-cc3589120d34/datanode-5/data/ratis/b1cf86dc-e513-4c4a-b337-4d4b878d4bca/current/log_inprogress_0
2019-07-14 06:49:38,336 INFO  server.RaftServerConfigKeys (ConfUtils.java:logGet(43)) - raft.server.watch.timeout = 10s (default)
2019-07-14 06:49:38,338 INFO  server.RaftServerConfigKeys (ConfUtils.java:logGet(43)) - raft.server.watch.timeout.denomination = 1s (default)
2019-07-14 06:49:38,338 INFO  server.RaftServerConfigKeys (ConfUtils.java:logGet(43)) - raft.server.watch.element-limit = 65536 (default)
2019-07-14 06:49:38,338 INFO  server.RaftServerConfigKeys (ConfUtils.java:logGet(43)) - raft.server.log.appender.snapshot.chunk.size.max = 16MB (=16777216) (default)
2019-07-14 06:49:38,339 INFO  server.RaftServerConfigKeys (ConfUtils.java:logGet(43)) - raft.server.log.appender.buffer.byte-limit = 33554432 (custom)
2019-07-14 06:49:38,339 INFO  server.RaftServerConfigKeys (ConfUtils.java:logGet(43)) - raft.server.log.appender.buffer.element-limit = 1 (custom)
2019-07-14 06:49:38,339 INFO  grpc.GrpcConfigKeys$Server (ConfUtils.java:logGet(43)) - raft.grpc.server.leader.outstanding.appends.max = 128 (default)
2019-07-14 06:49:38,340 INFO  server.RaftServerConfigKeys (ConfUtils.java:logGet(43)) - raft.server.rpc.request.timeout = 3000ms (default)
2019-07-14 06:49:38,340 INFO  server.RaftServerConfigKeys (ConfUtils.java:logGet(43)) - raft.server.log.appender.install.snapshot.enabled = false (custom)
2019-07-14 06:49:38,340 INFO  server.RaftServerConfigKeys (ConfUtils.java:logGet(43)) - raft.server.log.appender.snapshot.chunk.size.max = 16MB (=16777216) (default)
2019-07-14 06:49:38,340 INFO  server.RaftServerConfigKeys (ConfUtils.java:logGet(43)) - raft.server.log.appender.buffer.byte-limit = 33554432 (custom)
2019-07-14 06:49:38,340 INFO  server.RaftServerConfigKeys (ConfUtils.java:logGet(43)) - raft.server.log.appender.buffer.element-limit = 1 (custom)
2019-07-14 06:49:38,341 INFO  grpc.GrpcConfigKeys$Server (ConfUtils.java:logGet(43)) - raft.grpc.server.leader.outstanding.appends.max = 128 (default)
2019-07-14 06:49:38,341 INFO  server.RaftServerConfigKeys (ConfUtils.java:logGet(43)) - raft.server.rpc.request.timeout = 3000ms (default)
2019-07-14 06:49:38,341 INFO  server.RaftServerConfigKeys (ConfUtils.java:logGet(43)) - raft.server.log.appender.install.snapshot.enabled = false (custom)
2019-07-14 06:49:38,341 INFO  impl.RoleInfo (RoleInfo.java:updateAndGet(143)) - 48c40916-4df4-43f1-8da9-aa837bc1a9b2: start LeaderState
2019-07-14 06:49:38,342 INFO  segmented.SegmentedRaftLogWorker (SegmentedRaftLogWorker.java:startLogSegment(380)) - 48c40916-4df4-43f1-8da9-aa837bc1a9b2-SegmentedRaftLogWorker:Storage Directory /tmp/workdir/hadoop-ozone/integration-test/target/test-dir/MiniOzoneClusterImpl-d6a8514b-9f5a-4ec7-be91-cc3589120d34/datanode-4/data/ratis/e83dbce7-8c6f-49f9-978d-2cafed4ab0a3: Starting segment from index:0
2019-07-14 06:49:38,343 INFO  impl.RaftServerImpl (ServerState.java:setRaftConf(361)) - 48c40916-4df4-43f1-8da9-aa837bc1a9b2:group-2CAFED4AB0A3 set configuration 0: [48c40916-4df4-43f1-8da9-aa837bc1a9b2:192.168.5.144:44628, 9e9398c9-c564-45b1-aca3-844f60de829e:192.168.5.144:36673, 9235e096-bad2-4ddc-afaa-1e7edc12c7d5:192.168.5.144:33491], old=null at 0
2019-07-14 06:49:38,358 INFO  impl.RaftServerImpl (ServerState.java:setLeader(263)) - 9e9398c9-c564-45b1-aca3-844f60de829e:group-2CAFED4AB0A3 change Leader from null to 48c40916-4df4-43f1-8da9-aa837bc1a9b2 at term 1 for appendEntries, leader elected after 5213ms
2019-07-14 06:49:38,360 INFO  impl.RaftServerImpl (ServerState.java:setLeader(263)) - 9235e096-bad2-4ddc-afaa-1e7edc12c7d5:group-2CAFED4AB0A3 change Leader from null to 48c40916-4df4-43f1-8da9-aa837bc1a9b2 at term 1 for appendEntries, leader elected after 5214ms
2019-07-14 06:49:38,363 INFO  impl.RaftServerImpl (ServerState.java:setRaftConf(361)) - 9235e096-bad2-4ddc-afaa-1e7edc12c7d5:group-2CAFED4AB0A3 set configuration 0: [48c40916-4df4-43f1-8da9-aa837bc1a9b2:192.168.5.144:44628, 9e9398c9-c564-45b1-aca3-844f60de829e:192.168.5.144:36673, 9235e096-bad2-4ddc-afaa-1e7edc12c7d5:192.168.5.144:33491], old=null at 0
2019-07-14 06:49:38,363 INFO  impl.RaftServerImpl (ServerState.java:setRaftConf(361)) - 9e9398c9-c564-45b1-aca3-844f60de829e:group-2CAFED4AB0A3 set configuration 0: [48c40916-4df4-43f1-8da9-aa837bc1a9b2:192.168.5.144:44628, 9e9398c9-c564-45b1-aca3-844f60de829e:192.168.5.144:36673, 9235e096-bad2-4ddc-afaa-1e7edc12c7d5:192.168.5.144:33491], old=null at 0
2019-07-14 06:49:38,363 INFO  segmented.SegmentedRaftLogWorker (SegmentedRaftLogWorker.java:startLogSegment(380)) - 9235e096-bad2-4ddc-afaa-1e7edc12c7d5-SegmentedRaftLogWorker:Storage Directory /tmp/workdir/hadoop-ozone/integration-test/target/test-dir/MiniOzoneClusterImpl-d6a8514b-9f5a-4ec7-be91-cc3589120d34/datanode-3/data/ratis/e83dbce7-8c6f-49f9-978d-2cafed4ab0a3: Starting segment from index:0
2019-07-14 06:49:38,364 INFO  segmented.SegmentedRaftLogWorker (SegmentedRaftLogWorker.java:startLogSegment(380)) - 9e9398c9-c564-45b1-aca3-844f60de829e-SegmentedRaftLogWorker:Storage Directory /tmp/workdir/hadoop-ozone/integration-test/target/test-dir/MiniOzoneClusterImpl-d6a8514b-9f5a-4ec7-be91-cc3589120d34/datanode-5/data/ratis/e83dbce7-8c6f-49f9-978d-2cafed4ab0a3: Starting segment from index:0
2019-07-14 06:49:38,380 INFO  segmented.SegmentedRaftLogWorker (SegmentedRaftLogWorker.java:execute(569)) - 48c40916-4df4-43f1-8da9-aa837bc1a9b2-SegmentedRaftLogWorker:Storage Directory /tmp/workdir/hadoop-ozone/integration-test/target/test-dir/MiniOzoneClusterImpl-d6a8514b-9f5a-4ec7-be91-cc3589120d34/datanode-4/data/ratis/e83dbce7-8c6f-49f9-978d-2cafed4ab0a3: created new log segment /tmp/workdir/hadoop-ozone/integration-test/target/test-dir/MiniOzoneClusterImpl-d6a8514b-9f5a-4ec7-be91-cc3589120d34/datanode-4/data/ratis/e83dbce7-8c6f-49f9-978d-2cafed4ab0a3/current/log_inprogress_0
2019-07-14 06:49:38,395 INFO  segmented.SegmentedRaftLogWorker (SegmentedRaftLogWorker.java:execute(569)) - 9235e096-bad2-4ddc-afaa-1e7edc12c7d5-SegmentedRaftLogWorker:Storage Directory /tmp/workdir/hadoop-ozone/integration-test/target/test-dir/MiniOzoneClusterImpl-d6a8514b-9f5a-4ec7-be91-cc3589120d34/datanode-3/data/ratis/e83dbce7-8c6f-49f9-978d-2cafed4ab0a3: created new log segment /tmp/workdir/hadoop-ozone/integration-test/target/test-dir/MiniOzoneClusterImpl-d6a8514b-9f5a-4ec7-be91-cc3589120d34/datanode-3/data/ratis/e83dbce7-8c6f-49f9-978d-2cafed4ab0a3/current/log_inprogress_0
2019-07-14 06:49:38,403 INFO  client.GrpcClientProtocolClient (GrpcClientProtocolClient.java:onNext(255)) - client-EF00D702EDE2->9e9398c9-c564-45b1-aca3-844f60de829e: receive RaftClientReply:client-EF00D702EDE2->9e9398c9-c564-45b1-aca3-844f60de829e@group-2CAFED4AB0A3, cid=36, FAILED org.apache.ratis.protocol.NotLeaderException: Server 9e9398c9-c564-45b1-aca3-844f60de829e is not the leader (48c40916-4df4-43f1-8da9-aa837bc1a9b2:192.168.5.144:44628). Request must be sent to leader., logIndex=0, commits[9e9398c9-c564-45b1-aca3-844f60de829e:c-1, 48c40916-4df4-43f1-8da9-aa837bc1a9b2:c-1, 9235e096-bad2-4ddc-afaa-1e7edc12c7d5:c-1]
2019-07-14 06:49:38,417 INFO  segmented.SegmentedRaftLogWorker (SegmentedRaftLogWorker.java:execute(569)) - 9e9398c9-c564-45b1-aca3-844f60de829e-SegmentedRaftLogWorker:Storage Directory /tmp/workdir/hadoop-ozone/integration-test/target/test-dir/MiniOzoneClusterImpl-d6a8514b-9f5a-4ec7-be91-cc3589120d34/datanode-5/data/ratis/e83dbce7-8c6f-49f9-978d-2cafed4ab0a3: created new log segment /tmp/workdir/hadoop-ozone/integration-test/target/test-dir/MiniOzoneClusterImpl-d6a8514b-9f5a-4ec7-be91-cc3589120d34/datanode-5/data/ratis/e83dbce7-8c6f-49f9-978d-2cafed4ab0a3/current/log_inprogress_0
2019-07-14 06:49:38,531 INFO  client.GrpcClientProtocolClient (GrpcClientProtocolClient.java:onNext(255)) - client-EF00D702EDE2->48c40916-4df4-43f1-8da9-aa837bc1a9b2: receive RaftClientReply:client-EF00D702EDE2->48c40916-4df4-43f1-8da9-aa837bc1a9b2@group-2CAFED4AB0A3, cid=36, SUCCESS, logIndex=1, commits[48c40916-4df4-43f1-8da9-aa837bc1a9b2:c1, 9e9398c9-c564-45b1-aca3-844f60de829e:c0, 9235e096-bad2-4ddc-afaa-1e7edc12c7d5:c0]
2019-07-14 06:49:38,582 INFO  client.GrpcClientProtocolClient (GrpcClientProtocolClient.java:onNext(255)) - client-EF00D702EDE2->48c40916-4df4-43f1-8da9-aa837bc1a9b2: receive RaftClientReply:client-EF00D702EDE2->48c40916-4df4-43f1-8da9-aa837bc1a9b2@group-2CAFED4AB0A3, cid=37, SUCCESS, logIndex=3, commits[48c40916-4df4-43f1-8da9-aa837bc1a9b2:c4, 9e9398c9-c564-45b1-aca3-844f60de829e:c3, 9235e096-bad2-4ddc-afaa-1e7edc12c7d5:c3]
]]></system-out>
    <system-err><![CDATA[Jul 14, 2019 6:49:27 AM com.sun.jersey.server.impl.application.WebApplicationImpl _initiate
INFO: Initiating Jersey application, version 'Jersey: 1.19 02/11/2015 03:25 AM'
Jul 14, 2019 6:49:28 AM com.sun.jersey.server.impl.application.WebApplicationImpl _initiate
INFO: Initiating Jersey application, version 'Jersey: 1.19 02/11/2015 03:25 AM'
Jul 14, 2019 6:49:28 AM com.sun.jersey.server.impl.application.WebApplicationImpl _initiate
INFO: Initiating Jersey application, version 'Jersey: 1.19 02/11/2015 03:25 AM'
Jul 14, 2019 6:49:28 AM com.sun.jersey.server.impl.application.WebApplicationImpl _initiate
INFO: Initiating Jersey application, version 'Jersey: 1.19 02/11/2015 03:25 AM'
Jul 14, 2019 6:49:28 AM com.sun.jersey.server.impl.application.WebApplicationImpl _initiate
INFO: Initiating Jersey application, version 'Jersey: 1.19 02/11/2015 03:25 AM'
Jul 14, 2019 6:49:28 AM com.sun.jersey.server.impl.application.WebApplicationImpl _initiate
INFO: Initiating Jersey application, version 'Jersey: 1.19 02/11/2015 03:25 AM'
]]></system-err>
  </testcase>
  <testcase name="testWriteSmallFile" classname="org.apache.hadoop.ozone.client.rpc.TestFailureHandlingByClient" time="30.501"/>
  <testcase name="testMultiBlockWritesWithIntermittentDnFailures" classname="org.apache.hadoop.ozone.client.rpc.TestFailureHandlingByClient" time="26.202">
    <error type="java.lang.IllegalArgumentException">java.lang.IllegalArgumentException
	at com.google.common.base.Preconditions.checkArgument(Preconditions.java:72)
	at org.apache.hadoop.hdds.scm.XceiverClientManager.acquireClient(XceiverClientManager.java:150)
	at org.apache.hadoop.hdds.scm.XceiverClientManager.acquireClientForReadData(XceiverClientManager.java:143)
	at org.apache.hadoop.hdds.scm.storage.BlockInputStream.getChunkInfos(BlockInputStream.java:154)
	at org.apache.hadoop.hdds.scm.storage.BlockInputStream.initialize(BlockInputStream.java:118)
	at org.apache.hadoop.hdds.scm.storage.BlockInputStream.read(BlockInputStream.java:222)
	at org.apache.hadoop.ozone.client.io.KeyInputStream.read(KeyInputStream.java:171)
	at org.apache.hadoop.ozone.client.io.OzoneInputStream.read(OzoneInputStream.java:47)
	at java.io.InputStream.read(InputStream.java:101)
	at org.apache.hadoop.ozone.container.ContainerTestHelper.validateData(ContainerTestHelper.java:709)
	at org.apache.hadoop.ozone.client.rpc.TestFailureHandlingByClient.validateData(TestFailureHandlingByClient.java:497)
	at org.apache.hadoop.ozone.client.rpc.TestFailureHandlingByClient.testMultiBlockWritesWithIntermittentDnFailures(TestFailureHandlingByClient.java:250)
	at sun.reflect.NativeMethodAccessorImpl.invoke0(Native Method)
	at sun.reflect.NativeMethodAccessorImpl.invoke(NativeMethodAccessorImpl.java:62)
	at sun.reflect.DelegatingMethodAccessorImpl.invoke(DelegatingMethodAccessorImpl.java:43)
	at java.lang.reflect.Method.invoke(Method.java:498)
	at org.junit.runners.model.FrameworkMethod$1.runReflectiveCall(FrameworkMethod.java:47)
	at org.junit.internal.runners.model.ReflectiveCallable.run(ReflectiveCallable.java:12)
	at org.junit.runners.model.FrameworkMethod.invokeExplosively(FrameworkMethod.java:44)
	at org.junit.internal.runners.statements.InvokeMethod.evaluate(InvokeMethod.java:17)
	at org.junit.runners.ParentRunner.runLeaf(ParentRunner.java:271)
	at org.junit.runners.BlockJUnit4ClassRunner.runChild(BlockJUnit4ClassRunner.java:70)
	at org.junit.runners.BlockJUnit4ClassRunner.runChild(BlockJUnit4ClassRunner.java:50)
	at org.junit.runners.ParentRunner$3.run(ParentRunner.java:238)
	at org.junit.runners.ParentRunner$1.schedule(ParentRunner.java:63)
	at org.junit.runners.ParentRunner.runChildren(ParentRunner.java:236)
	at org.junit.runners.ParentRunner.access$000(ParentRunner.java:53)
	at org.junit.runners.ParentRunner$2.evaluate(ParentRunner.java:229)
	at org.junit.runners.ParentRunner.run(ParentRunner.java:309)
	at org.apache.maven.surefire.junit4.JUnit4Provider.execute(JUnit4Provider.java:365)
	at org.apache.maven.surefire.junit4.JUnit4Provider.executeWithRerun(JUnit4Provider.java:273)
	at org.apache.maven.surefire.junit4.JUnit4Provider.executeTestSet(JUnit4Provider.java:238)
	at org.apache.maven.surefire.junit4.JUnit4Provider.invoke(JUnit4Provider.java:159)
	at org.apache.maven.surefire.booter.ForkedBooter.invokeProviderInSameClassLoader(ForkedBooter.java:384)
	at org.apache.maven.surefire.booter.ForkedBooter.runSuitesInProcess(ForkedBooter.java:345)
	at org.apache.maven.surefire.booter.ForkedBooter.execute(ForkedBooter.java:126)
	at org.apache.maven.surefire.booter.ForkedBooter.main(ForkedBooter.java:418)
</error>
    <system-out><![CDATA[2019-07-14 06:51:49,356 WARN  server.ServerUtils (ServerUtils.java:getScmDbDir(145)) - ozone.scm.db.dirs is not configured. We recommend adding this setting. Falling back to ozone.metadata.dirs instead.
2019-07-14 06:51:49,363 WARN  server.ServerUtils (ServerUtils.java:getScmDbDir(145)) - ozone.scm.db.dirs is not configured. We recommend adding this setting. Falling back to ozone.metadata.dirs instead.
2019-07-14 06:51:49,363 WARN  server.ServerUtils (ServerUtils.java:getScmDbDir(145)) - ozone.scm.db.dirs is not configured. We recommend adding this setting. Falling back to ozone.metadata.dirs instead.
2019-07-14 06:51:49,364 INFO  db.DBStoreBuilder (DBStoreBuilder.java:addTable(110)) - using custom profile for table: deletedBlocks
2019-07-14 06:51:49,364 INFO  db.DBStoreBuilder (DBStoreBuilder.java:processTables(161)) - Using default column profile:DBProfile.DISK for Table:deletedBlocks
2019-07-14 06:51:49,364 INFO  db.DBStoreBuilder (DBStoreBuilder.java:addTable(110)) - using custom profile for table: validCerts
2019-07-14 06:51:49,364 INFO  db.DBStoreBuilder (DBStoreBuilder.java:processTables(161)) - Using default column profile:DBProfile.DISK for Table:validCerts
2019-07-14 06:51:49,364 INFO  db.DBStoreBuilder (DBStoreBuilder.java:addTable(110)) - using custom profile for table: revokedCerts
2019-07-14 06:51:49,365 INFO  db.DBStoreBuilder (DBStoreBuilder.java:processTables(161)) - Using default column profile:DBProfile.DISK for Table:revokedCerts
2019-07-14 06:51:49,365 INFO  db.DBStoreBuilder (DBStoreBuilder.java:addTable(110)) - using custom profile for table: default
2019-07-14 06:51:49,365 INFO  db.DBStoreBuilder (DBStoreBuilder.java:processTables(167)) - Using default column profile:DBProfile.DISK for Table:default
2019-07-14 06:51:49,365 INFO  db.DBStoreBuilder (DBStoreBuilder.java:getDbProfile(198)) - Using default options. DBProfile.DISK
2019-07-14 06:51:49,465 INFO  net.NodeSchemaLoader (NodeSchemaLoader.java:loadSchemaFromFile(125)) - Loading file from sun.misc.CompoundEnumeration@520ec7a7
2019-07-14 06:51:49,466 INFO  net.NodeSchemaLoader (NodeSchemaLoader.java:loadSchema(171)) - Loading network topology layer schema file
2019-07-14 06:51:49,472 INFO  node.SCMNodeManager (SCMNodeManager.java:<init>(119)) - Entering startup safe mode.
2019-07-14 06:51:49,473 WARN  server.ServerUtils (ServerUtils.java:getScmDbDir(145)) - ozone.scm.db.dirs is not configured. We recommend adding this setting. Falling back to ozone.metadata.dirs instead.
2019-07-14 06:51:49,519 INFO  pipeline.SCMPipelineManager (SCMPipelineManager.java:initializePipelineState(126)) - No pipeline exists in current db
2019-07-14 06:51:49,519 WARN  server.ServerUtils (ServerUtils.java:getScmDbDir(145)) - ozone.scm.db.dirs is not configured. We recommend adding this setting. Falling back to ozone.metadata.dirs instead.
2019-07-14 06:51:49,568 WARN  events.EventQueue (EventQueue.java:fireEvent(175)) - No event handler registered for event TypedEvent{payloadType=SafeModeStatus, name='SafeModeStatus'}
2019-07-14 06:51:49,570 INFO  ipc.CallQueueManager (CallQueueManager.java:<init>(84)) - Using callQueue: class java.util.concurrent.LinkedBlockingQueue, queueCapacity: 2000, scheduler: class org.apache.hadoop.ipc.DefaultRpcScheduler, ipcBackoff: false.
2019-07-14 06:51:49,571 INFO  ipc.Server (Server.java:run(1074)) - Starting Socket Reader #1 for port 35000
2019-07-14 06:51:49,574 INFO  ipc.CallQueueManager (CallQueueManager.java:<init>(84)) - Using callQueue: class java.util.concurrent.LinkedBlockingQueue, queueCapacity: 2000, scheduler: class org.apache.hadoop.ipc.DefaultRpcScheduler, ipcBackoff: false.
2019-07-14 06:51:49,575 INFO  ipc.Server (Server.java:run(1074)) - Starting Socket Reader #1 for port 42025
2019-07-14 06:51:49,578 INFO  ipc.CallQueueManager (CallQueueManager.java:<init>(84)) - Using callQueue: class java.util.concurrent.LinkedBlockingQueue, queueCapacity: 2000, scheduler: class org.apache.hadoop.ipc.DefaultRpcScheduler, ipcBackoff: false.
2019-07-14 06:51:49,579 INFO  ipc.Server (Server.java:run(1074)) - Starting Socket Reader #1 for port 43726
2019-07-14 06:51:49,584 INFO  hdfs.DFSUtil (DFSUtil.java:httpServerTemplateForNNAndJN(1641)) - Starting Web-server for scm at: http://0.0.0.0:0
2019-07-14 06:51:49,586 INFO  server.AuthenticationFilter (AuthenticationFilter.java:constructSecretProvider(240)) - Unable to initialize FileSignerSecretProvider, falling back to use random secrets.
2019-07-14 06:51:49,587 WARN  http.HttpRequestLog (HttpRequestLog.java:getRequestLog(97)) - Jetty request log can only be enabled using Log4j
2019-07-14 06:51:49,590 INFO  http.HttpServer2 (HttpServer2.java:addGlobalFilter(975)) - Added global filter 'safety' (class=org.apache.hadoop.http.HttpServer2$QuotingInputFilter)
2019-07-14 06:51:49,591 INFO  http.HttpServer2 (HttpServer2.java:addFilter(948)) - Added filter static_user_filter (class=org.apache.hadoop.http.lib.StaticUserWebFilter$StaticUserFilter) to context scm
2019-07-14 06:51:49,591 INFO  http.HttpServer2 (HttpServer2.java:addFilter(958)) - Added filter static_user_filter (class=org.apache.hadoop.http.lib.StaticUserWebFilter$StaticUserFilter) to context logs
2019-07-14 06:51:49,591 INFO  http.HttpServer2 (HttpServer2.java:addFilter(958)) - Added filter static_user_filter (class=org.apache.hadoop.http.lib.StaticUserWebFilter$StaticUserFilter) to context static
2019-07-14 06:51:49,594 INFO  server.StorageContainerManager (StorageContainerManager.java:start(759)) - StorageContainerLocationProtocol RPC server is listening at /0.0.0.0:43726
2019-07-14 06:51:49,597 WARN  impl.MetricsConfig (MetricsConfig.java:loadFirst(134)) - Cannot locate configuration: tried hadoop-metrics2-storagecontainermanager.properties,hadoop-metrics2.properties
2019-07-14 06:51:49,598 INFO  impl.MetricsSystemImpl (MetricsSystemImpl.java:startTimer(374)) - Scheduled Metric snapshot period at 10 second(s).
2019-07-14 06:51:49,598 INFO  impl.MetricsSystemImpl (MetricsSystemImpl.java:start(191)) - StorageContainerManager metrics system started
2019-07-14 06:51:49,716 INFO  server.SCMClientProtocolServer (SCMClientProtocolServer.java:start(149)) - RPC server for Client  is listening at /0.0.0.0:43726
2019-07-14 06:51:49,718 INFO  ipc.Server (Server.java:run(1314)) - IPC Server Responder: starting
2019-07-14 06:51:49,720 INFO  ipc.Server (Server.java:run(1153)) - IPC Server listener on 43726: starting
2019-07-14 06:51:49,728 INFO  server.StorageContainerManager (StorageContainerManager.java:start(768)) - ScmBlockLocationProtocol RPC server is listening at /0.0.0.0:42025
2019-07-14 06:51:49,728 INFO  server.SCMBlockProtocolServer (SCMBlockProtocolServer.java:start(140)) - RPC server for Block Protocol is listening at /0.0.0.0:42025
2019-07-14 06:51:49,729 INFO  ipc.Server (Server.java:run(1314)) - IPC Server Responder: starting
2019-07-14 06:51:49,729 INFO  ipc.Server (Server.java:run(1153)) - IPC Server listener on 42025: starting
2019-07-14 06:51:49,737 INFO  server.StorageContainerManager (StorageContainerManager.java:start(772)) - ScmDatanodeProtocl RPC server is listening at /0.0.0.0:35000
2019-07-14 06:51:49,738 INFO  server.SCMDatanodeProtocolServer (SCMDatanodeProtocolServer.java:start(191)) - RPC server for DataNodes is listening at /0.0.0.0:35000
2019-07-14 06:51:49,739 INFO  ipc.Server (Server.java:run(1314)) - IPC Server Responder: starting
2019-07-14 06:51:49,739 INFO  ipc.Server (Server.java:run(1153)) - IPC Server listener on 35000: starting
2019-07-14 06:51:49,746 INFO  http.HttpServer2 (HttpServer2.java:bindListener(1191)) - Jetty bound to port 46625
2019-07-14 06:51:49,746 INFO  server.Server (Server.java:doStart(351)) - jetty-9.3.24.v20180605, build timestamp: 2018-06-05T17:11:56Z, git hash: 84205aa28f11a4f31f2a3b86d1bba2cc8ab69827
2019-07-14 06:51:49,749 INFO  handler.ContextHandler (ContextHandler.java:doStart(781)) - Started o.e.j.s.ServletContextHandler@ef220e4{/logs,file:///tmp/workdir/hadoop-ozone/integration-test/target/log,AVAILABLE}
2019-07-14 06:51:49,750 INFO  handler.ContextHandler (ContextHandler.java:doStart(781)) - Started o.e.j.s.ServletContextHandler@3cab07dd{/static,file:///tmp/workdir/hadoop-ozone/integration-test/target/test-classes/webapps/static,AVAILABLE}
2019-07-14 06:51:49,757 INFO  handler.ContextHandler (ContextHandler.java:doStart(781)) - Started o.e.j.w.WebAppContext@6cb43fd3{/,file:///tmp/workdir/hadoop-ozone/integration-test/target/test-classes/webapps/scm/,AVAILABLE}{/scm}
2019-07-14 06:51:49,758 INFO  server.AbstractConnector (AbstractConnector.java:doStart(278)) - Started ServerConnector@35f35c59{HTTP/1.1,[http/1.1]}{0.0.0.0:46625}
2019-07-14 06:51:49,760 INFO  server.Server (Server.java:doStart(419)) - Started @181046ms
2019-07-14 06:51:49,762 INFO  server.BaseHttpServer (BaseHttpServer.java:updateConnectorAddress(207)) - HTTP server of SCM is listening at http://0.0.0.0:46625
2019-07-14 06:51:49,762 WARN  server.ServerUtils (ServerUtils.java:getDBPath(222)) - ozone.om.db.dirs is not configured. We recommend adding this setting. Falling back to ozone.metadata.dirs instead.
2019-07-14 06:51:49,764 INFO  util.JvmPauseMonitor (JvmPauseMonitor.java:run(188)) - Starting JVM pause monitor
2019-07-14 06:51:49,771 WARN  server.ServerUtils (ServerUtils.java:getDBPath(222)) - ozone.om.db.dirs is not configured. We recommend adding this setting. Falling back to ozone.metadata.dirs instead.
2019-07-14 06:51:49,772 INFO  om.OzoneManager (OzoneManager.java:setOMNodeDetails(630)) - OM Service ID is not set. Setting it to the default ID: omServiceIdDefault
2019-07-14 06:51:49,772 INFO  om.OzoneManager (OzoneManager.java:setOMNodeDetails(636)) - OM Node ID is not set. Setting it to the OmStorage's OmID: 3ec32592-9a9e-4f4f-8303-9c7f918ff2cf
2019-07-14 06:51:49,773 INFO  om.OzoneManager (OzoneManager.java:loadOMHAConfigs(587)) - Found matching OM address with OMServiceId: null, OMNodeId: null, RPC Address: localhost:0 and Ratis port: 9872
2019-07-14 06:51:49,786 WARN  server.ServerUtils (ServerUtils.java:getDBPath(222)) - ozone.om.db.dirs is not configured. We recommend adding this setting. Falling back to ozone.metadata.dirs instead.
2019-07-14 06:51:49,787 INFO  db.DBStoreBuilder (DBStoreBuilder.java:addTable(110)) - using custom profile for table: userTable
2019-07-14 06:51:49,787 INFO  db.DBStoreBuilder (DBStoreBuilder.java:processTables(161)) - Using default column profile:DBProfile.DISK for Table:userTable
2019-07-14 06:51:49,788 INFO  db.DBStoreBuilder (DBStoreBuilder.java:addTable(110)) - using custom profile for table: volumeTable
2019-07-14 06:51:49,788 INFO  db.DBStoreBuilder (DBStoreBuilder.java:processTables(161)) - Using default column profile:DBProfile.DISK for Table:volumeTable
2019-07-14 06:51:49,788 INFO  db.DBStoreBuilder (DBStoreBuilder.java:addTable(110)) - using custom profile for table: bucketTable
2019-07-14 06:51:49,788 INFO  db.DBStoreBuilder (DBStoreBuilder.java:processTables(161)) - Using default column profile:DBProfile.DISK for Table:bucketTable
2019-07-14 06:51:49,789 INFO  db.DBStoreBuilder (DBStoreBuilder.java:addTable(110)) - using custom profile for table: keyTable
2019-07-14 06:51:49,789 INFO  db.DBStoreBuilder (DBStoreBuilder.java:processTables(161)) - Using default column profile:DBProfile.DISK for Table:keyTable
2019-07-14 06:51:49,789 INFO  db.DBStoreBuilder (DBStoreBuilder.java:addTable(110)) - using custom profile for table: deletedTable
2019-07-14 06:51:49,789 INFO  db.DBStoreBuilder (DBStoreBuilder.java:processTables(161)) - Using default column profile:DBProfile.DISK for Table:deletedTable
2019-07-14 06:51:49,790 INFO  db.DBStoreBuilder (DBStoreBuilder.java:addTable(110)) - using custom profile for table: openKeyTable
2019-07-14 06:51:49,790 INFO  db.DBStoreBuilder (DBStoreBuilder.java:processTables(161)) - Using default column profile:DBProfile.DISK for Table:openKeyTable
2019-07-14 06:51:49,790 INFO  db.DBStoreBuilder (DBStoreBuilder.java:addTable(110)) - using custom profile for table: s3Table
2019-07-14 06:51:49,791 INFO  db.DBStoreBuilder (DBStoreBuilder.java:processTables(161)) - Using default column profile:DBProfile.DISK for Table:s3Table
2019-07-14 06:51:49,791 INFO  db.DBStoreBuilder (DBStoreBuilder.java:addTable(110)) - using custom profile for table: multipartInfoTable
2019-07-14 06:51:49,791 INFO  db.DBStoreBuilder (DBStoreBuilder.java:processTables(161)) - Using default column profile:DBProfile.DISK for Table:multipartInfoTable
2019-07-14 06:51:49,791 INFO  db.DBStoreBuilder (DBStoreBuilder.java:addTable(110)) - using custom profile for table: dTokenTable
2019-07-14 06:51:49,792 INFO  db.DBStoreBuilder (DBStoreBuilder.java:processTables(161)) - Using default column profile:DBProfile.DISK for Table:dTokenTable
2019-07-14 06:51:49,792 INFO  db.DBStoreBuilder (DBStoreBuilder.java:addTable(110)) - using custom profile for table: s3SecretTable
2019-07-14 06:51:49,792 INFO  db.DBStoreBuilder (DBStoreBuilder.java:processTables(161)) - Using default column profile:DBProfile.DISK for Table:s3SecretTable
2019-07-14 06:51:49,793 INFO  db.DBStoreBuilder (DBStoreBuilder.java:addTable(110)) - using custom profile for table: prefixTable
2019-07-14 06:51:49,793 INFO  db.DBStoreBuilder (DBStoreBuilder.java:processTables(161)) - Using default column profile:DBProfile.DISK for Table:prefixTable
2019-07-14 06:51:49,793 INFO  db.DBStoreBuilder (DBStoreBuilder.java:addTable(110)) - using custom profile for table: default
2019-07-14 06:51:49,793 INFO  db.DBStoreBuilder (DBStoreBuilder.java:processTables(167)) - Using default column profile:DBProfile.DISK for Table:default
2019-07-14 06:51:49,794 INFO  db.DBStoreBuilder (DBStoreBuilder.java:getDbProfile(198)) - Using default options. DBProfile.DISK
2019-07-14 06:51:50,204 INFO  ipc.CallQueueManager (CallQueueManager.java:<init>(84)) - Using callQueue: class java.util.concurrent.LinkedBlockingQueue, queueCapacity: 2000, scheduler: class org.apache.hadoop.ipc.DefaultRpcScheduler, ipcBackoff: false.
2019-07-14 06:51:50,205 INFO  ipc.Server (Server.java:run(1074)) - Starting Socket Reader #1 for port 42284
2019-07-14 06:51:50,231 WARN  server.ServerUtils (ServerUtils.java:getDBPath(222)) - ozone.om.db.dirs is not configured. We recommend adding this setting. Falling back to ozone.metadata.dirs instead.
2019-07-14 06:51:50,231 INFO  om.OzoneManager (OzoneManager.java:start(1228)) - OzoneManager RPC server is listening at localhost/127.0.0.1:42284
2019-07-14 06:51:50,232 INFO  impl.MetricsSystemImpl (MetricsSystemImpl.java:init(158)) - OzoneManager metrics system started (again)
2019-07-14 06:51:50,232 INFO  ipc.Server (Server.java:run(1314)) - IPC Server Responder: starting
2019-07-14 06:51:50,232 INFO  ipc.Server (Server.java:run(1153)) - IPC Server listener on 42284: starting
2019-07-14 06:51:50,242 INFO  hdfs.DFSUtil (DFSUtil.java:httpServerTemplateForNNAndJN(1641)) - Starting Web-server for ozoneManager at: http://0.0.0.0:0
2019-07-14 06:51:50,244 INFO  server.AuthenticationFilter (AuthenticationFilter.java:constructSecretProvider(240)) - Unable to initialize FileSignerSecretProvider, falling back to use random secrets.
2019-07-14 06:51:50,245 WARN  http.HttpRequestLog (HttpRequestLog.java:getRequestLog(97)) - Jetty request log can only be enabled using Log4j
2019-07-14 06:51:50,247 INFO  http.HttpServer2 (HttpServer2.java:addGlobalFilter(975)) - Added global filter 'safety' (class=org.apache.hadoop.http.HttpServer2$QuotingInputFilter)
2019-07-14 06:51:50,248 INFO  http.HttpServer2 (HttpServer2.java:addFilter(948)) - Added filter static_user_filter (class=org.apache.hadoop.http.lib.StaticUserWebFilter$StaticUserFilter) to context ozoneManager
2019-07-14 06:51:50,248 INFO  http.HttpServer2 (HttpServer2.java:addFilter(958)) - Added filter static_user_filter (class=org.apache.hadoop.http.lib.StaticUserWebFilter$StaticUserFilter) to context logs
2019-07-14 06:51:50,248 INFO  http.HttpServer2 (HttpServer2.java:addFilter(958)) - Added filter static_user_filter (class=org.apache.hadoop.http.lib.StaticUserWebFilter$StaticUserFilter) to context static
2019-07-14 06:51:50,249 INFO  http.HttpServer2 (HttpServer2.java:bindListener(1191)) - Jetty bound to port 46370
2019-07-14 06:51:50,249 INFO  server.Server (Server.java:doStart(351)) - jetty-9.3.24.v20180605, build timestamp: 2018-06-05T17:11:56Z, git hash: 84205aa28f11a4f31f2a3b86d1bba2cc8ab69827
2019-07-14 06:51:50,251 INFO  handler.ContextHandler (ContextHandler.java:doStart(781)) - Started o.e.j.s.ServletContextHandler@68f75a35{/logs,file:///tmp/workdir/hadoop-ozone/integration-test/target/log,AVAILABLE}
2019-07-14 06:51:50,252 INFO  handler.ContextHandler (ContextHandler.java:doStart(781)) - Started o.e.j.s.ServletContextHandler@45017263{/static,file:///tmp/workdir/hadoop-ozone/integration-test/target/test-classes/webapps/static,AVAILABLE}
2019-07-14 06:51:50,257 INFO  handler.ContextHandler (ContextHandler.java:doStart(781)) - Started o.e.j.w.WebAppContext@14fe085b{/,file:///tmp/workdir/hadoop-ozone/integration-test/target/test-classes/webapps/ozoneManager/,AVAILABLE}{/ozoneManager}
2019-07-14 06:51:50,257 INFO  server.AbstractConnector (AbstractConnector.java:doStart(278)) - Started ServerConnector@1ea19c97{HTTP/1.1,[http/1.1]}{0.0.0.0:46370}
2019-07-14 06:51:50,260 INFO  server.Server (Server.java:doStart(419)) - Started @181546ms
2019-07-14 06:51:50,261 INFO  server.BaseHttpServer (BaseHttpServer.java:updateConnectorAddress(207)) - HTTP server of OZONEMANAGER is listening at http://0.0.0.0:46370
2019-07-14 06:51:50,277 INFO  impl.MetricsSystemImpl (MetricsSystemImpl.java:init(158)) - HddsDatanode metrics system started (again)
2019-07-14 06:51:50,277 INFO  ozone.HddsDatanodeService (HddsDatanodeService.java:start(185)) - HddsDatanodeService host:trunk-nightly-8c95p-1540871953 ip:192.168.5.144
2019-07-14 06:51:50,296 INFO  volume.HddsVolume (HddsVolume.java:<init>(176)) - Creating Volume: /tmp/workdir/hadoop-ozone/integration-test/target/test-dir/MiniOzoneClusterImpl-c5bb5f29-3b06-4817-970c-9bb0fe5b284c/datanode-0/data/containers/hdds of  storage type : DISK and capacity : 52710309888
2019-07-14 06:51:50,296 INFO  volume.VolumeSet (VolumeSet.java:initializeVolumeSet(170)) - Added Volume : /tmp/workdir/hadoop-ozone/integration-test/target/test-dir/MiniOzoneClusterImpl-c5bb5f29-3b06-4817-970c-9bb0fe5b284c/datanode-0/data/containers/hdds to VolumeSet
2019-07-14 06:51:50,296 INFO  volume.ThrottledAsyncChecker (ThrottledAsyncChecker.java:schedule(140)) - Scheduling a check for org.apache.hadoop.ozone.container.common.volume.HddsVolume@5e72c82a
2019-07-14 06:51:50,299 INFO  volume.HddsVolumeChecker (HddsVolumeChecker.java:checkAllVolumes(203)) - Scheduled health check for volume org.apache.hadoop.ozone.container.common.volume.HddsVolume@5e72c82a
2019-07-14 06:51:50,318 INFO  impl.RaftServerProxy (ConfUtils.java:logGet(43)) - raft.rpc.type = GRPC (default)
2019-07-14 06:51:50,319 INFO  grpc.GrpcFactory (GrpcFactory.java:checkPooledByteBufAllocatorUseCacheForAllThreads(45)) - PERFORMANCE WARNING: useCacheForAllThreads is true that may cause Netty to create a lot garbage objects and, as a result, trigger GC.
	It is recommended to disable useCacheForAllThreads by setting -Dorg.apache.ratis.thirdparty.io.netty.allocator.useCacheForAllThreads=false in command line.
2019-07-14 06:51:50,319 INFO  grpc.GrpcConfigKeys$Server (ConfUtils.java:logGet(43)) - raft.grpc.server.port = 0 (default)
2019-07-14 06:51:50,319 INFO  server.GrpcService (ConfUtils.java:logGet(43)) - raft.grpc.message.size.max = 33570816 (custom)
2019-07-14 06:51:50,319 INFO  server.RaftServerConfigKeys (ConfUtils.java:logGet(43)) - raft.server.log.appender.buffer.byte-limit = 33554432 (custom)
2019-07-14 06:51:50,320 INFO  server.GrpcService (ConfUtils.java:logGet(43)) - raft.grpc.flow.control.window = 1MB (=1048576) (default)
2019-07-14 06:51:50,320 INFO  server.RaftServerConfigKeys (ConfUtils.java:logGet(43)) - raft.server.rpc.request.timeout = 3000ms (default)
2019-07-14 06:51:50,321 INFO  server.RaftServerConfigKeys (ConfUtils.java:logGet(43)) - raft.server.storage.dir = [/tmp/workdir/hadoop-ozone/integration-test/target/test-dir/MiniOzoneClusterImpl-c5bb5f29-3b06-4817-970c-9bb0fe5b284c/datanode-0/data/ratis] (custom)
2019-07-14 06:51:50,321 INFO  replication.SimpleContainerDownloader (SimpleContainerDownloader.java:<init>(72)) - Starting container downloader service to copy containers to replicate.
2019-07-14 06:51:50,324 INFO  hdfs.DFSUtil (DFSUtil.java:httpServerTemplateForNNAndJN(1641)) - Starting Web-server for hddsDatanode at: http://0.0.0.0:0
2019-07-14 06:51:50,325 INFO  server.AuthenticationFilter (AuthenticationFilter.java:constructSecretProvider(240)) - Unable to initialize FileSignerSecretProvider, falling back to use random secrets.
2019-07-14 06:51:50,326 WARN  http.HttpRequestLog (HttpRequestLog.java:getRequestLog(97)) - Jetty request log can only be enabled using Log4j
2019-07-14 06:51:50,327 INFO  http.HttpServer2 (HttpServer2.java:addGlobalFilter(975)) - Added global filter 'safety' (class=org.apache.hadoop.http.HttpServer2$QuotingInputFilter)
2019-07-14 06:51:50,328 INFO  http.HttpServer2 (HttpServer2.java:addFilter(948)) - Added filter static_user_filter (class=org.apache.hadoop.http.lib.StaticUserWebFilter$StaticUserFilter) to context hddsDatanode
2019-07-14 06:51:50,328 INFO  http.HttpServer2 (HttpServer2.java:addFilter(958)) - Added filter static_user_filter (class=org.apache.hadoop.http.lib.StaticUserWebFilter$StaticUserFilter) to context logs
2019-07-14 06:51:50,328 INFO  http.HttpServer2 (HttpServer2.java:addFilter(958)) - Added filter static_user_filter (class=org.apache.hadoop.http.lib.StaticUserWebFilter$StaticUserFilter) to context static
2019-07-14 06:51:50,329 INFO  http.HttpServer2 (HttpServer2.java:bindListener(1191)) - Jetty bound to port 34971
2019-07-14 06:51:50,330 INFO  server.Server (Server.java:doStart(351)) - jetty-9.3.24.v20180605, build timestamp: 2018-06-05T17:11:56Z, git hash: 84205aa28f11a4f31f2a3b86d1bba2cc8ab69827
2019-07-14 06:51:50,331 INFO  handler.ContextHandler (ContextHandler.java:doStart(781)) - Started o.e.j.s.ServletContextHandler@129aaac1{/logs,file:///tmp/workdir/hadoop-ozone/integration-test/target/log,AVAILABLE}
2019-07-14 06:51:50,332 INFO  handler.ContextHandler (ContextHandler.java:doStart(781)) - Started o.e.j.s.ServletContextHandler@3d2b13f{/static,jar:file:/home/user/.m2/repository/org/apache/hadoop/hadoop-hdds-container-service/0.5.0-SNAPSHOT/hadoop-hdds-container-service-0.5.0-SNAPSHOT.jar!/webapps/static,AVAILABLE}
2019-07-14 06:51:50,367 INFO  handler.ContextHandler (ContextHandler.java:doStart(781)) - Started o.e.j.w.WebAppContext@64381526{/,file:///tmp/jetty-0.0.0.0-34971-hddsDatanode-_-any-1761245604532123085.dir/webapp/,AVAILABLE}{/hddsDatanode}
2019-07-14 06:51:50,367 INFO  server.AbstractConnector (AbstractConnector.java:doStart(278)) - Started ServerConnector@46290193{HTTP/1.1,[http/1.1]}{0.0.0.0:34971}
2019-07-14 06:51:50,371 INFO  server.Server (Server.java:doStart(419)) - Started @181656ms
2019-07-14 06:51:50,371 INFO  server.BaseHttpServer (BaseHttpServer.java:updateConnectorAddress(207)) - HTTP server of HDDSDATANODE is listening at http://0.0.0.0:34971
2019-07-14 06:51:50,510 INFO  ozone.HddsDatanodeService (HddsDatanodeService.java:startPlugins(396)) - Started plug-in org.apache.hadoop.ozone.web.OzoneHddsDatanodeService@5b7b0ada
2019-07-14 06:51:50,511 INFO  impl.MetricsSystemImpl (MetricsSystemImpl.java:init(158)) - HddsDatanode metrics system started (again)
2019-07-14 06:51:50,516 INFO  ozone.HddsDatanodeService (HddsDatanodeService.java:start(185)) - HddsDatanodeService host:trunk-nightly-8c95p-1540871953 ip:192.168.5.144
2019-07-14 06:51:50,518 INFO  util.JvmPauseMonitor (JvmPauseMonitor.java:run(188)) - Starting JVM pause monitor
2019-07-14 06:51:50,519 INFO  datanode.InitDatanodeState (InitDatanodeState.java:persistContainerDatanodeDetails(140)) - DatanodeDetails is persisted to /tmp/workdir/hadoop-ozone/integration-test/target/test-dir/MiniOzoneClusterImpl-c5bb5f29-3b06-4817-970c-9bb0fe5b284c/datanode-0/meta/datanode.id
2019-07-14 06:51:50,529 INFO  volume.HddsVolume (HddsVolume.java:<init>(176)) - Creating Volume: /tmp/workdir/hadoop-ozone/integration-test/target/test-dir/MiniOzoneClusterImpl-c5bb5f29-3b06-4817-970c-9bb0fe5b284c/datanode-1/data/containers/hdds of  storage type : DISK and capacity : 52710309888
2019-07-14 06:51:50,529 INFO  volume.VolumeSet (VolumeSet.java:initializeVolumeSet(170)) - Added Volume : /tmp/workdir/hadoop-ozone/integration-test/target/test-dir/MiniOzoneClusterImpl-c5bb5f29-3b06-4817-970c-9bb0fe5b284c/datanode-1/data/containers/hdds to VolumeSet
2019-07-14 06:51:50,530 INFO  volume.ThrottledAsyncChecker (ThrottledAsyncChecker.java:schedule(140)) - Scheduling a check for org.apache.hadoop.ozone.container.common.volume.HddsVolume@488b46da
2019-07-14 06:51:50,530 INFO  volume.HddsVolumeChecker (HddsVolumeChecker.java:checkAllVolumes(203)) - Scheduled health check for volume org.apache.hadoop.ozone.container.common.volume.HddsVolume@488b46da
2019-07-14 06:51:50,557 INFO  impl.RaftServerProxy (ConfUtils.java:logGet(43)) - raft.rpc.type = GRPC (default)
2019-07-14 06:51:50,557 INFO  grpc.GrpcFactory (GrpcFactory.java:checkPooledByteBufAllocatorUseCacheForAllThreads(45)) - PERFORMANCE WARNING: useCacheForAllThreads is true that may cause Netty to create a lot garbage objects and, as a result, trigger GC.
	It is recommended to disable useCacheForAllThreads by setting -Dorg.apache.ratis.thirdparty.io.netty.allocator.useCacheForAllThreads=false in command line.
2019-07-14 06:51:50,557 INFO  grpc.GrpcConfigKeys$Server (ConfUtils.java:logGet(43)) - raft.grpc.server.port = 0 (default)
2019-07-14 06:51:50,558 INFO  server.GrpcService (ConfUtils.java:logGet(43)) - raft.grpc.message.size.max = 33570816 (custom)
2019-07-14 06:51:50,558 INFO  server.RaftServerConfigKeys (ConfUtils.java:logGet(43)) - raft.server.log.appender.buffer.byte-limit = 33554432 (custom)
2019-07-14 06:51:50,558 INFO  server.GrpcService (ConfUtils.java:logGet(43)) - raft.grpc.flow.control.window = 1MB (=1048576) (default)
2019-07-14 06:51:50,558 INFO  server.RaftServerConfigKeys (ConfUtils.java:logGet(43)) - raft.server.rpc.request.timeout = 3000ms (default)
2019-07-14 06:51:50,559 INFO  server.RaftServerConfigKeys (ConfUtils.java:logGet(43)) - raft.server.storage.dir = [/tmp/workdir/hadoop-ozone/integration-test/target/test-dir/MiniOzoneClusterImpl-c5bb5f29-3b06-4817-970c-9bb0fe5b284c/datanode-1/data/ratis] (custom)
2019-07-14 06:51:50,560 INFO  replication.SimpleContainerDownloader (SimpleContainerDownloader.java:<init>(72)) - Starting container downloader service to copy containers to replicate.
2019-07-14 06:51:50,561 INFO  hdfs.DFSUtil (DFSUtil.java:httpServerTemplateForNNAndJN(1641)) - Starting Web-server for hddsDatanode at: http://0.0.0.0:0
2019-07-14 06:51:50,563 INFO  server.AuthenticationFilter (AuthenticationFilter.java:constructSecretProvider(240)) - Unable to initialize FileSignerSecretProvider, falling back to use random secrets.
2019-07-14 06:51:50,564 WARN  http.HttpRequestLog (HttpRequestLog.java:getRequestLog(97)) - Jetty request log can only be enabled using Log4j
2019-07-14 06:51:50,566 INFO  http.HttpServer2 (HttpServer2.java:addGlobalFilter(975)) - Added global filter 'safety' (class=org.apache.hadoop.http.HttpServer2$QuotingInputFilter)
2019-07-14 06:51:50,566 INFO  http.HttpServer2 (HttpServer2.java:addFilter(948)) - Added filter static_user_filter (class=org.apache.hadoop.http.lib.StaticUserWebFilter$StaticUserFilter) to context hddsDatanode
2019-07-14 06:51:50,567 INFO  http.HttpServer2 (HttpServer2.java:addFilter(958)) - Added filter static_user_filter (class=org.apache.hadoop.http.lib.StaticUserWebFilter$StaticUserFilter) to context static
2019-07-14 06:51:50,567 INFO  http.HttpServer2 (HttpServer2.java:addFilter(958)) - Added filter static_user_filter (class=org.apache.hadoop.http.lib.StaticUserWebFilter$StaticUserFilter) to context logs
2019-07-14 06:51:50,568 INFO  http.HttpServer2 (HttpServer2.java:bindListener(1191)) - Jetty bound to port 39802
2019-07-14 06:51:50,568 INFO  server.Server (Server.java:doStart(351)) - jetty-9.3.24.v20180605, build timestamp: 2018-06-05T17:11:56Z, git hash: 84205aa28f11a4f31f2a3b86d1bba2cc8ab69827
2019-07-14 06:51:50,570 INFO  handler.ContextHandler (ContextHandler.java:doStart(781)) - Started o.e.j.s.ServletContextHandler@65fa4a07{/logs,file:///tmp/workdir/hadoop-ozone/integration-test/target/log,AVAILABLE}
2019-07-14 06:51:50,571 INFO  handler.ContextHandler (ContextHandler.java:doStart(781)) - Started o.e.j.s.ServletContextHandler@2a4bd699{/static,jar:file:/home/user/.m2/repository/org/apache/hadoop/hadoop-hdds-container-service/0.5.0-SNAPSHOT/hadoop-hdds-container-service-0.5.0-SNAPSHOT.jar!/webapps/static,AVAILABLE}
2019-07-14 06:51:50,616 INFO  handler.ContextHandler (ContextHandler.java:doStart(781)) - Started o.e.j.w.WebAppContext@337fb1a5{/,file:///tmp/jetty-0.0.0.0-39802-hddsDatanode-_-any-2491850453847283599.dir/webapp/,AVAILABLE}{/hddsDatanode}
2019-07-14 06:51:50,616 INFO  server.AbstractConnector (AbstractConnector.java:doStart(278)) - Started ServerConnector@38b0e2a7{HTTP/1.1,[http/1.1]}{0.0.0.0:39802}
2019-07-14 06:51:50,621 INFO  server.Server (Server.java:doStart(419)) - Started @181906ms
2019-07-14 06:51:50,621 INFO  server.BaseHttpServer (BaseHttpServer.java:updateConnectorAddress(207)) - HTTP server of HDDSDATANODE is listening at http://0.0.0.0:39802
2019-07-14 06:51:50,750 INFO  ozone.HddsDatanodeService (HddsDatanodeService.java:startPlugins(396)) - Started plug-in org.apache.hadoop.ozone.web.OzoneHddsDatanodeService@289cf7db
2019-07-14 06:51:50,751 INFO  impl.MetricsSystemImpl (MetricsSystemImpl.java:init(158)) - HddsDatanode metrics system started (again)
2019-07-14 06:51:50,756 INFO  ozone.HddsDatanodeService (HddsDatanodeService.java:start(185)) - HddsDatanodeService host:trunk-nightly-8c95p-1540871953 ip:192.168.5.144
2019-07-14 06:51:50,757 INFO  util.JvmPauseMonitor (JvmPauseMonitor.java:run(188)) - Starting JVM pause monitor
2019-07-14 06:51:50,758 INFO  datanode.InitDatanodeState (InitDatanodeState.java:persistContainerDatanodeDetails(140)) - DatanodeDetails is persisted to /tmp/workdir/hadoop-ozone/integration-test/target/test-dir/MiniOzoneClusterImpl-c5bb5f29-3b06-4817-970c-9bb0fe5b284c/datanode-1/meta/datanode.id
2019-07-14 06:51:50,767 INFO  volume.HddsVolume (HddsVolume.java:<init>(176)) - Creating Volume: /tmp/workdir/hadoop-ozone/integration-test/target/test-dir/MiniOzoneClusterImpl-c5bb5f29-3b06-4817-970c-9bb0fe5b284c/datanode-2/data/containers/hdds of  storage type : DISK and capacity : 52710309888
2019-07-14 06:51:50,768 INFO  volume.VolumeSet (VolumeSet.java:initializeVolumeSet(170)) - Added Volume : /tmp/workdir/hadoop-ozone/integration-test/target/test-dir/MiniOzoneClusterImpl-c5bb5f29-3b06-4817-970c-9bb0fe5b284c/datanode-2/data/containers/hdds to VolumeSet
2019-07-14 06:51:50,768 INFO  volume.ThrottledAsyncChecker (ThrottledAsyncChecker.java:schedule(140)) - Scheduling a check for org.apache.hadoop.ozone.container.common.volume.HddsVolume@28d7bd6b
2019-07-14 06:51:50,769 INFO  volume.HddsVolumeChecker (HddsVolumeChecker.java:checkAllVolumes(203)) - Scheduled health check for volume org.apache.hadoop.ozone.container.common.volume.HddsVolume@28d7bd6b
2019-07-14 06:51:50,785 INFO  impl.RaftServerProxy (ConfUtils.java:logGet(43)) - raft.rpc.type = GRPC (default)
2019-07-14 06:51:50,785 INFO  grpc.GrpcFactory (GrpcFactory.java:checkPooledByteBufAllocatorUseCacheForAllThreads(45)) - PERFORMANCE WARNING: useCacheForAllThreads is true that may cause Netty to create a lot garbage objects and, as a result, trigger GC.
	It is recommended to disable useCacheForAllThreads by setting -Dorg.apache.ratis.thirdparty.io.netty.allocator.useCacheForAllThreads=false in command line.
2019-07-14 06:51:50,785 INFO  grpc.GrpcConfigKeys$Server (ConfUtils.java:logGet(43)) - raft.grpc.server.port = 0 (default)
2019-07-14 06:51:50,786 INFO  server.GrpcService (ConfUtils.java:logGet(43)) - raft.grpc.message.size.max = 33570816 (custom)
2019-07-14 06:51:50,786 INFO  server.RaftServerConfigKeys (ConfUtils.java:logGet(43)) - raft.server.log.appender.buffer.byte-limit = 33554432 (custom)
2019-07-14 06:51:50,786 INFO  server.GrpcService (ConfUtils.java:logGet(43)) - raft.grpc.flow.control.window = 1MB (=1048576) (default)
2019-07-14 06:51:50,786 INFO  server.RaftServerConfigKeys (ConfUtils.java:logGet(43)) - raft.server.rpc.request.timeout = 3000ms (default)
2019-07-14 06:51:50,787 INFO  server.RaftServerConfigKeys (ConfUtils.java:logGet(43)) - raft.server.storage.dir = [/tmp/workdir/hadoop-ozone/integration-test/target/test-dir/MiniOzoneClusterImpl-c5bb5f29-3b06-4817-970c-9bb0fe5b284c/datanode-2/data/ratis] (custom)
2019-07-14 06:51:50,787 INFO  replication.SimpleContainerDownloader (SimpleContainerDownloader.java:<init>(72)) - Starting container downloader service to copy containers to replicate.
2019-07-14 06:51:50,789 INFO  hdfs.DFSUtil (DFSUtil.java:httpServerTemplateForNNAndJN(1641)) - Starting Web-server for hddsDatanode at: http://0.0.0.0:0
2019-07-14 06:51:50,790 INFO  server.AuthenticationFilter (AuthenticationFilter.java:constructSecretProvider(240)) - Unable to initialize FileSignerSecretProvider, falling back to use random secrets.
2019-07-14 06:51:50,790 WARN  http.HttpRequestLog (HttpRequestLog.java:getRequestLog(97)) - Jetty request log can only be enabled using Log4j
2019-07-14 06:51:50,791 INFO  http.HttpServer2 (HttpServer2.java:addGlobalFilter(975)) - Added global filter 'safety' (class=org.apache.hadoop.http.HttpServer2$QuotingInputFilter)
2019-07-14 06:51:50,792 INFO  http.HttpServer2 (HttpServer2.java:addFilter(948)) - Added filter static_user_filter (class=org.apache.hadoop.http.lib.StaticUserWebFilter$StaticUserFilter) to context hddsDatanode
2019-07-14 06:51:50,792 INFO  http.HttpServer2 (HttpServer2.java:addFilter(958)) - Added filter static_user_filter (class=org.apache.hadoop.http.lib.StaticUserWebFilter$StaticUserFilter) to context static
2019-07-14 06:51:50,792 INFO  http.HttpServer2 (HttpServer2.java:addFilter(958)) - Added filter static_user_filter (class=org.apache.hadoop.http.lib.StaticUserWebFilter$StaticUserFilter) to context logs
2019-07-14 06:51:50,793 INFO  http.HttpServer2 (HttpServer2.java:bindListener(1191)) - Jetty bound to port 36703
2019-07-14 06:51:50,793 INFO  server.Server (Server.java:doStart(351)) - jetty-9.3.24.v20180605, build timestamp: 2018-06-05T17:11:56Z, git hash: 84205aa28f11a4f31f2a3b86d1bba2cc8ab69827
2019-07-14 06:51:50,795 INFO  handler.ContextHandler (ContextHandler.java:doStart(781)) - Started o.e.j.s.ServletContextHandler@7164e28a{/logs,file:///tmp/workdir/hadoop-ozone/integration-test/target/log,AVAILABLE}
2019-07-14 06:51:50,795 INFO  handler.ContextHandler (ContextHandler.java:doStart(781)) - Started o.e.j.s.ServletContextHandler@51efdb72{/static,jar:file:/home/user/.m2/repository/org/apache/hadoop/hadoop-hdds-container-service/0.5.0-SNAPSHOT/hadoop-hdds-container-service-0.5.0-SNAPSHOT.jar!/webapps/static,AVAILABLE}
2019-07-14 06:51:50,823 INFO  handler.ContextHandler (ContextHandler.java:doStart(781)) - Started o.e.j.w.WebAppContext@6b756a62{/,file:///tmp/jetty-0.0.0.0-36703-hddsDatanode-_-any-8080802735521625307.dir/webapp/,AVAILABLE}{/hddsDatanode}
2019-07-14 06:51:50,823 INFO  server.AbstractConnector (AbstractConnector.java:doStart(278)) - Started ServerConnector@394b9e22{HTTP/1.1,[http/1.1]}{0.0.0.0:36703}
2019-07-14 06:51:50,826 INFO  server.Server (Server.java:doStart(419)) - Started @182112ms
2019-07-14 06:51:50,827 INFO  server.BaseHttpServer (BaseHttpServer.java:updateConnectorAddress(207)) - HTTP server of HDDSDATANODE is listening at http://0.0.0.0:36703
2019-07-14 06:51:50,953 INFO  ozone.HddsDatanodeService (HddsDatanodeService.java:startPlugins(396)) - Started plug-in org.apache.hadoop.ozone.web.OzoneHddsDatanodeService@748aa7dc
2019-07-14 06:51:50,953 INFO  impl.MetricsSystemImpl (MetricsSystemImpl.java:init(158)) - HddsDatanode metrics system started (again)
2019-07-14 06:51:50,958 INFO  ozone.HddsDatanodeService (HddsDatanodeService.java:start(185)) - HddsDatanodeService host:trunk-nightly-8c95p-1540871953 ip:192.168.5.144
2019-07-14 06:51:50,959 INFO  util.JvmPauseMonitor (JvmPauseMonitor.java:run(188)) - Starting JVM pause monitor
2019-07-14 06:51:50,961 INFO  datanode.InitDatanodeState (InitDatanodeState.java:persistContainerDatanodeDetails(140)) - DatanodeDetails is persisted to /tmp/workdir/hadoop-ozone/integration-test/target/test-dir/MiniOzoneClusterImpl-c5bb5f29-3b06-4817-970c-9bb0fe5b284c/datanode-2/meta/datanode.id
2019-07-14 06:51:50,971 INFO  volume.HddsVolume (HddsVolume.java:<init>(176)) - Creating Volume: /tmp/workdir/hadoop-ozone/integration-test/target/test-dir/MiniOzoneClusterImpl-c5bb5f29-3b06-4817-970c-9bb0fe5b284c/datanode-3/data/containers/hdds of  storage type : DISK and capacity : 52710309888
2019-07-14 06:51:50,971 INFO  volume.VolumeSet (VolumeSet.java:initializeVolumeSet(170)) - Added Volume : /tmp/workdir/hadoop-ozone/integration-test/target/test-dir/MiniOzoneClusterImpl-c5bb5f29-3b06-4817-970c-9bb0fe5b284c/datanode-3/data/containers/hdds to VolumeSet
2019-07-14 06:51:50,972 INFO  volume.ThrottledAsyncChecker (ThrottledAsyncChecker.java:schedule(140)) - Scheduling a check for org.apache.hadoop.ozone.container.common.volume.HddsVolume@84eafc2
2019-07-14 06:51:50,972 INFO  volume.HddsVolumeChecker (HddsVolumeChecker.java:checkAllVolumes(203)) - Scheduled health check for volume org.apache.hadoop.ozone.container.common.volume.HddsVolume@84eafc2
2019-07-14 06:51:50,990 INFO  impl.RaftServerProxy (ConfUtils.java:logGet(43)) - raft.rpc.type = GRPC (default)
2019-07-14 06:51:50,990 INFO  grpc.GrpcFactory (GrpcFactory.java:checkPooledByteBufAllocatorUseCacheForAllThreads(45)) - PERFORMANCE WARNING: useCacheForAllThreads is true that may cause Netty to create a lot garbage objects and, as a result, trigger GC.
	It is recommended to disable useCacheForAllThreads by setting -Dorg.apache.ratis.thirdparty.io.netty.allocator.useCacheForAllThreads=false in command line.
2019-07-14 06:51:50,991 INFO  grpc.GrpcConfigKeys$Server (ConfUtils.java:logGet(43)) - raft.grpc.server.port = 0 (default)
2019-07-14 06:51:50,991 INFO  server.GrpcService (ConfUtils.java:logGet(43)) - raft.grpc.message.size.max = 33570816 (custom)
2019-07-14 06:51:50,991 INFO  server.RaftServerConfigKeys (ConfUtils.java:logGet(43)) - raft.server.log.appender.buffer.byte-limit = 33554432 (custom)
2019-07-14 06:51:50,991 INFO  server.GrpcService (ConfUtils.java:logGet(43)) - raft.grpc.flow.control.window = 1MB (=1048576) (default)
2019-07-14 06:51:50,991 INFO  server.RaftServerConfigKeys (ConfUtils.java:logGet(43)) - raft.server.rpc.request.timeout = 3000ms (default)
2019-07-14 06:51:50,992 INFO  server.RaftServerConfigKeys (ConfUtils.java:logGet(43)) - raft.server.storage.dir = [/tmp/workdir/hadoop-ozone/integration-test/target/test-dir/MiniOzoneClusterImpl-c5bb5f29-3b06-4817-970c-9bb0fe5b284c/datanode-3/data/ratis] (custom)
2019-07-14 06:51:50,992 INFO  replication.SimpleContainerDownloader (SimpleContainerDownloader.java:<init>(72)) - Starting container downloader service to copy containers to replicate.
2019-07-14 06:51:50,994 INFO  hdfs.DFSUtil (DFSUtil.java:httpServerTemplateForNNAndJN(1641)) - Starting Web-server for hddsDatanode at: http://0.0.0.0:0
2019-07-14 06:51:50,996 INFO  server.AuthenticationFilter (AuthenticationFilter.java:constructSecretProvider(240)) - Unable to initialize FileSignerSecretProvider, falling back to use random secrets.
2019-07-14 06:51:50,996 WARN  http.HttpRequestLog (HttpRequestLog.java:getRequestLog(97)) - Jetty request log can only be enabled using Log4j
2019-07-14 06:51:50,998 INFO  http.HttpServer2 (HttpServer2.java:addGlobalFilter(975)) - Added global filter 'safety' (class=org.apache.hadoop.http.HttpServer2$QuotingInputFilter)
2019-07-14 06:51:50,999 INFO  http.HttpServer2 (HttpServer2.java:addFilter(948)) - Added filter static_user_filter (class=org.apache.hadoop.http.lib.StaticUserWebFilter$StaticUserFilter) to context hddsDatanode
2019-07-14 06:51:50,999 INFO  http.HttpServer2 (HttpServer2.java:addFilter(958)) - Added filter static_user_filter (class=org.apache.hadoop.http.lib.StaticUserWebFilter$StaticUserFilter) to context static
2019-07-14 06:51:50,999 INFO  http.HttpServer2 (HttpServer2.java:addFilter(958)) - Added filter static_user_filter (class=org.apache.hadoop.http.lib.StaticUserWebFilter$StaticUserFilter) to context logs
2019-07-14 06:51:51,000 INFO  http.HttpServer2 (HttpServer2.java:bindListener(1191)) - Jetty bound to port 35176
2019-07-14 06:51:51,000 INFO  server.Server (Server.java:doStart(351)) - jetty-9.3.24.v20180605, build timestamp: 2018-06-05T17:11:56Z, git hash: 84205aa28f11a4f31f2a3b86d1bba2cc8ab69827
2019-07-14 06:51:51,003 INFO  handler.ContextHandler (ContextHandler.java:doStart(781)) - Started o.e.j.s.ServletContextHandler@74d776fb{/logs,file:///tmp/workdir/hadoop-ozone/integration-test/target/log,AVAILABLE}
2019-07-14 06:51:51,003 INFO  handler.ContextHandler (ContextHandler.java:doStart(781)) - Started o.e.j.s.ServletContextHandler@122ea8dc{/static,jar:file:/home/user/.m2/repository/org/apache/hadoop/hadoop-hdds-container-service/0.5.0-SNAPSHOT/hadoop-hdds-container-service-0.5.0-SNAPSHOT.jar!/webapps/static,AVAILABLE}
2019-07-14 06:51:51,040 INFO  handler.ContextHandler (ContextHandler.java:doStart(781)) - Started o.e.j.w.WebAppContext@10e4ce98{/,file:///tmp/jetty-0.0.0.0-35176-hddsDatanode-_-any-1108747691023930314.dir/webapp/,AVAILABLE}{/hddsDatanode}
2019-07-14 06:51:51,041 INFO  server.AbstractConnector (AbstractConnector.java:doStart(278)) - Started ServerConnector@10466c55{HTTP/1.1,[http/1.1]}{0.0.0.0:35176}
2019-07-14 06:51:51,044 INFO  server.Server (Server.java:doStart(419)) - Started @182330ms
2019-07-14 06:51:51,045 INFO  server.BaseHttpServer (BaseHttpServer.java:updateConnectorAddress(207)) - HTTP server of HDDSDATANODE is listening at http://0.0.0.0:35176
2019-07-14 06:51:51,152 INFO  ozone.HddsDatanodeService (HddsDatanodeService.java:startPlugins(396)) - Started plug-in org.apache.hadoop.ozone.web.OzoneHddsDatanodeService@6097f225
2019-07-14 06:51:51,152 INFO  impl.MetricsSystemImpl (MetricsSystemImpl.java:init(158)) - HddsDatanode metrics system started (again)
2019-07-14 06:51:51,159 INFO  ozone.HddsDatanodeService (HddsDatanodeService.java:start(185)) - HddsDatanodeService host:trunk-nightly-8c95p-1540871953 ip:192.168.5.144
2019-07-14 06:51:51,160 INFO  util.JvmPauseMonitor (JvmPauseMonitor.java:run(188)) - Starting JVM pause monitor
2019-07-14 06:51:51,162 INFO  datanode.InitDatanodeState (InitDatanodeState.java:persistContainerDatanodeDetails(140)) - DatanodeDetails is persisted to /tmp/workdir/hadoop-ozone/integration-test/target/test-dir/MiniOzoneClusterImpl-c5bb5f29-3b06-4817-970c-9bb0fe5b284c/datanode-3/meta/datanode.id
2019-07-14 06:51:51,173 INFO  volume.HddsVolume (HddsVolume.java:<init>(176)) - Creating Volume: /tmp/workdir/hadoop-ozone/integration-test/target/test-dir/MiniOzoneClusterImpl-c5bb5f29-3b06-4817-970c-9bb0fe5b284c/datanode-4/data/containers/hdds of  storage type : DISK and capacity : 52710309888
2019-07-14 06:51:51,173 INFO  volume.VolumeSet (VolumeSet.java:initializeVolumeSet(170)) - Added Volume : /tmp/workdir/hadoop-ozone/integration-test/target/test-dir/MiniOzoneClusterImpl-c5bb5f29-3b06-4817-970c-9bb0fe5b284c/datanode-4/data/containers/hdds to VolumeSet
2019-07-14 06:51:51,173 INFO  volume.ThrottledAsyncChecker (ThrottledAsyncChecker.java:schedule(140)) - Scheduling a check for org.apache.hadoop.ozone.container.common.volume.HddsVolume@79f3f34c
2019-07-14 06:51:51,174 INFO  volume.HddsVolumeChecker (HddsVolumeChecker.java:checkAllVolumes(203)) - Scheduled health check for volume org.apache.hadoop.ozone.container.common.volume.HddsVolume@79f3f34c
2019-07-14 06:51:51,201 INFO  impl.RaftServerProxy (ConfUtils.java:logGet(43)) - raft.rpc.type = GRPC (default)
2019-07-14 06:51:51,201 INFO  grpc.GrpcFactory (GrpcFactory.java:checkPooledByteBufAllocatorUseCacheForAllThreads(45)) - PERFORMANCE WARNING: useCacheForAllThreads is true that may cause Netty to create a lot garbage objects and, as a result, trigger GC.
	It is recommended to disable useCacheForAllThreads by setting -Dorg.apache.ratis.thirdparty.io.netty.allocator.useCacheForAllThreads=false in command line.
2019-07-14 06:51:51,201 INFO  grpc.GrpcConfigKeys$Server (ConfUtils.java:logGet(43)) - raft.grpc.server.port = 0 (default)
2019-07-14 06:51:51,202 INFO  server.GrpcService (ConfUtils.java:logGet(43)) - raft.grpc.message.size.max = 33570816 (custom)
2019-07-14 06:51:51,202 INFO  server.RaftServerConfigKeys (ConfUtils.java:logGet(43)) - raft.server.log.appender.buffer.byte-limit = 33554432 (custom)
2019-07-14 06:51:51,202 INFO  server.GrpcService (ConfUtils.java:logGet(43)) - raft.grpc.flow.control.window = 1MB (=1048576) (default)
2019-07-14 06:51:51,202 INFO  server.RaftServerConfigKeys (ConfUtils.java:logGet(43)) - raft.server.rpc.request.timeout = 3000ms (default)
2019-07-14 06:51:51,203 INFO  server.RaftServerConfigKeys (ConfUtils.java:logGet(43)) - raft.server.storage.dir = [/tmp/workdir/hadoop-ozone/integration-test/target/test-dir/MiniOzoneClusterImpl-c5bb5f29-3b06-4817-970c-9bb0fe5b284c/datanode-4/data/ratis] (custom)
2019-07-14 06:51:51,204 INFO  replication.SimpleContainerDownloader (SimpleContainerDownloader.java:<init>(72)) - Starting container downloader service to copy containers to replicate.
2019-07-14 06:51:51,205 INFO  hdfs.DFSUtil (DFSUtil.java:httpServerTemplateForNNAndJN(1641)) - Starting Web-server for hddsDatanode at: http://0.0.0.0:0
2019-07-14 06:51:51,206 INFO  server.AuthenticationFilter (AuthenticationFilter.java:constructSecretProvider(240)) - Unable to initialize FileSignerSecretProvider, falling back to use random secrets.
2019-07-14 06:51:51,207 WARN  http.HttpRequestLog (HttpRequestLog.java:getRequestLog(97)) - Jetty request log can only be enabled using Log4j
2019-07-14 06:51:51,208 INFO  http.HttpServer2 (HttpServer2.java:addGlobalFilter(975)) - Added global filter 'safety' (class=org.apache.hadoop.http.HttpServer2$QuotingInputFilter)
2019-07-14 06:51:51,209 INFO  http.HttpServer2 (HttpServer2.java:addFilter(948)) - Added filter static_user_filter (class=org.apache.hadoop.http.lib.StaticUserWebFilter$StaticUserFilter) to context hddsDatanode
2019-07-14 06:51:51,209 INFO  http.HttpServer2 (HttpServer2.java:addFilter(958)) - Added filter static_user_filter (class=org.apache.hadoop.http.lib.StaticUserWebFilter$StaticUserFilter) to context logs
2019-07-14 06:51:51,209 INFO  http.HttpServer2 (HttpServer2.java:addFilter(958)) - Added filter static_user_filter (class=org.apache.hadoop.http.lib.StaticUserWebFilter$StaticUserFilter) to context static
2019-07-14 06:51:51,210 INFO  http.HttpServer2 (HttpServer2.java:bindListener(1191)) - Jetty bound to port 34710
2019-07-14 06:51:51,210 INFO  server.Server (Server.java:doStart(351)) - jetty-9.3.24.v20180605, build timestamp: 2018-06-05T17:11:56Z, git hash: 84205aa28f11a4f31f2a3b86d1bba2cc8ab69827
2019-07-14 06:51:51,212 INFO  handler.ContextHandler (ContextHandler.java:doStart(781)) - Started o.e.j.s.ServletContextHandler@7f57a7a4{/logs,file:///tmp/workdir/hadoop-ozone/integration-test/target/log,AVAILABLE}
2019-07-14 06:51:51,213 INFO  handler.ContextHandler (ContextHandler.java:doStart(781)) - Started o.e.j.s.ServletContextHandler@45ac973{/static,jar:file:/home/user/.m2/repository/org/apache/hadoop/hadoop-hdds-container-service/0.5.0-SNAPSHOT/hadoop-hdds-container-service-0.5.0-SNAPSHOT.jar!/webapps/static,AVAILABLE}
2019-07-14 06:51:51,258 INFO  handler.ContextHandler (ContextHandler.java:doStart(781)) - Started o.e.j.w.WebAppContext@169d5567{/,file:///tmp/jetty-0.0.0.0-34710-hddsDatanode-_-any-7160699237889435953.dir/webapp/,AVAILABLE}{/hddsDatanode}
2019-07-14 06:51:51,258 INFO  server.AbstractConnector (AbstractConnector.java:doStart(278)) - Started ServerConnector@1e489957{HTTP/1.1,[http/1.1]}{0.0.0.0:34710}
2019-07-14 06:51:51,262 INFO  server.Server (Server.java:doStart(419)) - Started @182548ms
2019-07-14 06:51:51,263 INFO  server.BaseHttpServer (BaseHttpServer.java:updateConnectorAddress(207)) - HTTP server of HDDSDATANODE is listening at http://0.0.0.0:34710
2019-07-14 06:51:51,383 INFO  ozone.HddsDatanodeService (HddsDatanodeService.java:startPlugins(396)) - Started plug-in org.apache.hadoop.ozone.web.OzoneHddsDatanodeService@2daf0cc9
2019-07-14 06:51:51,383 INFO  impl.MetricsSystemImpl (MetricsSystemImpl.java:init(158)) - HddsDatanode metrics system started (again)
2019-07-14 06:51:51,388 INFO  ozone.HddsDatanodeService (HddsDatanodeService.java:start(185)) - HddsDatanodeService host:trunk-nightly-8c95p-1540871953 ip:192.168.5.144
2019-07-14 06:51:51,389 INFO  util.JvmPauseMonitor (JvmPauseMonitor.java:run(188)) - Starting JVM pause monitor
2019-07-14 06:51:51,391 INFO  datanode.InitDatanodeState (InitDatanodeState.java:persistContainerDatanodeDetails(140)) - DatanodeDetails is persisted to /tmp/workdir/hadoop-ozone/integration-test/target/test-dir/MiniOzoneClusterImpl-c5bb5f29-3b06-4817-970c-9bb0fe5b284c/datanode-4/meta/datanode.id
2019-07-14 06:51:51,401 INFO  volume.HddsVolume (HddsVolume.java:<init>(176)) - Creating Volume: /tmp/workdir/hadoop-ozone/integration-test/target/test-dir/MiniOzoneClusterImpl-c5bb5f29-3b06-4817-970c-9bb0fe5b284c/datanode-5/data/containers/hdds of  storage type : DISK and capacity : 52710309888
2019-07-14 06:51:51,401 INFO  volume.VolumeSet (VolumeSet.java:initializeVolumeSet(170)) - Added Volume : /tmp/workdir/hadoop-ozone/integration-test/target/test-dir/MiniOzoneClusterImpl-c5bb5f29-3b06-4817-970c-9bb0fe5b284c/datanode-5/data/containers/hdds to VolumeSet
2019-07-14 06:51:51,402 INFO  volume.ThrottledAsyncChecker (ThrottledAsyncChecker.java:schedule(140)) - Scheduling a check for org.apache.hadoop.ozone.container.common.volume.HddsVolume@1185b0b7
2019-07-14 06:51:51,402 INFO  volume.HddsVolumeChecker (HddsVolumeChecker.java:checkAllVolumes(203)) - Scheduled health check for volume org.apache.hadoop.ozone.container.common.volume.HddsVolume@1185b0b7
2019-07-14 06:51:51,421 INFO  impl.RaftServerProxy (ConfUtils.java:logGet(43)) - raft.rpc.type = GRPC (default)
2019-07-14 06:51:51,421 INFO  grpc.GrpcFactory (GrpcFactory.java:checkPooledByteBufAllocatorUseCacheForAllThreads(45)) - PERFORMANCE WARNING: useCacheForAllThreads is true that may cause Netty to create a lot garbage objects and, as a result, trigger GC.
	It is recommended to disable useCacheForAllThreads by setting -Dorg.apache.ratis.thirdparty.io.netty.allocator.useCacheForAllThreads=false in command line.
2019-07-14 06:51:51,421 INFO  grpc.GrpcConfigKeys$Server (ConfUtils.java:logGet(43)) - raft.grpc.server.port = 0 (default)
2019-07-14 06:51:51,422 INFO  server.GrpcService (ConfUtils.java:logGet(43)) - raft.grpc.message.size.max = 33570816 (custom)
2019-07-14 06:51:51,422 INFO  server.RaftServerConfigKeys (ConfUtils.java:logGet(43)) - raft.server.log.appender.buffer.byte-limit = 33554432 (custom)
2019-07-14 06:51:51,422 INFO  server.GrpcService (ConfUtils.java:logGet(43)) - raft.grpc.flow.control.window = 1MB (=1048576) (default)
2019-07-14 06:51:51,422 INFO  server.RaftServerConfigKeys (ConfUtils.java:logGet(43)) - raft.server.rpc.request.timeout = 3000ms (default)
2019-07-14 06:51:51,423 INFO  server.RaftServerConfigKeys (ConfUtils.java:logGet(43)) - raft.server.storage.dir = [/tmp/workdir/hadoop-ozone/integration-test/target/test-dir/MiniOzoneClusterImpl-c5bb5f29-3b06-4817-970c-9bb0fe5b284c/datanode-5/data/ratis] (custom)
2019-07-14 06:51:51,423 INFO  replication.SimpleContainerDownloader (SimpleContainerDownloader.java:<init>(72)) - Starting container downloader service to copy containers to replicate.
2019-07-14 06:51:51,425 INFO  hdfs.DFSUtil (DFSUtil.java:httpServerTemplateForNNAndJN(1641)) - Starting Web-server for hddsDatanode at: http://0.0.0.0:0
2019-07-14 06:51:51,427 INFO  server.AuthenticationFilter (AuthenticationFilter.java:constructSecretProvider(240)) - Unable to initialize FileSignerSecretProvider, falling back to use random secrets.
2019-07-14 06:51:51,427 WARN  http.HttpRequestLog (HttpRequestLog.java:getRequestLog(97)) - Jetty request log can only be enabled using Log4j
2019-07-14 06:51:51,429 INFO  http.HttpServer2 (HttpServer2.java:addGlobalFilter(975)) - Added global filter 'safety' (class=org.apache.hadoop.http.HttpServer2$QuotingInputFilter)
2019-07-14 06:51:51,430 INFO  http.HttpServer2 (HttpServer2.java:addFilter(948)) - Added filter static_user_filter (class=org.apache.hadoop.http.lib.StaticUserWebFilter$StaticUserFilter) to context hddsDatanode
2019-07-14 06:51:51,430 INFO  http.HttpServer2 (HttpServer2.java:addFilter(958)) - Added filter static_user_filter (class=org.apache.hadoop.http.lib.StaticUserWebFilter$StaticUserFilter) to context logs
2019-07-14 06:51:51,430 INFO  http.HttpServer2 (HttpServer2.java:addFilter(958)) - Added filter static_user_filter (class=org.apache.hadoop.http.lib.StaticUserWebFilter$StaticUserFilter) to context static
2019-07-14 06:51:51,431 INFO  http.HttpServer2 (HttpServer2.java:bindListener(1191)) - Jetty bound to port 37307
2019-07-14 06:51:51,432 INFO  server.Server (Server.java:doStart(351)) - jetty-9.3.24.v20180605, build timestamp: 2018-06-05T17:11:56Z, git hash: 84205aa28f11a4f31f2a3b86d1bba2cc8ab69827
2019-07-14 06:51:51,434 INFO  handler.ContextHandler (ContextHandler.java:doStart(781)) - Started o.e.j.s.ServletContextHandler@3d763ae5{/logs,file:///tmp/workdir/hadoop-ozone/integration-test/target/log,AVAILABLE}
2019-07-14 06:51:51,434 INFO  handler.ContextHandler (ContextHandler.java:doStart(781)) - Started o.e.j.s.ServletContextHandler@30eee098{/static,jar:file:/home/user/.m2/repository/org/apache/hadoop/hadoop-hdds-container-service/0.5.0-SNAPSHOT/hadoop-hdds-container-service-0.5.0-SNAPSHOT.jar!/webapps/static,AVAILABLE}
2019-07-14 06:51:51,472 INFO  handler.ContextHandler (ContextHandler.java:doStart(781)) - Started o.e.j.w.WebAppContext@6e54bef6{/,file:///tmp/jetty-0.0.0.0-37307-hddsDatanode-_-any-1422152498336445246.dir/webapp/,AVAILABLE}{/hddsDatanode}
2019-07-14 06:51:51,472 INFO  server.AbstractConnector (AbstractConnector.java:doStart(278)) - Started ServerConnector@7dcc0296{HTTP/1.1,[http/1.1]}{0.0.0.0:37307}
2019-07-14 06:51:51,477 INFO  server.Server (Server.java:doStart(419)) - Started @182763ms
2019-07-14 06:51:51,478 INFO  server.BaseHttpServer (BaseHttpServer.java:updateConnectorAddress(207)) - HTTP server of HDDSDATANODE is listening at http://0.0.0.0:37307
2019-07-14 06:51:51,593 INFO  ozone.HddsDatanodeService (HddsDatanodeService.java:startPlugins(396)) - Started plug-in org.apache.hadoop.ozone.web.OzoneHddsDatanodeService@5003c114
2019-07-14 06:51:51,593 INFO  ozone.MiniOzoneClusterImpl (MiniOzoneClusterImpl.java:lambda$waitForClusterToBeReady$0(142)) - Waiting for cluster to be ready. Got 0 of 6 DN Heartbeats.
2019-07-14 06:51:51,600 INFO  util.JvmPauseMonitor (JvmPauseMonitor.java:run(188)) - Starting JVM pause monitor
2019-07-14 06:51:51,602 INFO  datanode.InitDatanodeState (InitDatanodeState.java:persistContainerDatanodeDetails(140)) - DatanodeDetails is persisted to /tmp/workdir/hadoop-ozone/integration-test/target/test-dir/MiniOzoneClusterImpl-c5bb5f29-3b06-4817-970c-9bb0fe5b284c/datanode-5/meta/datanode.id
2019-07-14 06:51:52,550 INFO  ozoneimpl.OzoneContainer (OzoneContainer.java:start(186)) - Attempting to start container services.
2019-07-14 06:51:52,555 INFO  ozoneimpl.OzoneContainer (OzoneContainer.java:startContainerScrub(160)) - Background container scrubber has been disabled by hdds.containerscrub.enabled
2019-07-14 06:51:52,555 INFO  ratis.XceiverServerRatis (XceiverServerRatis.java:start(418)) - Starting XceiverServerRatis ec8ecf58-59d7-498d-96c5-eba8c5551cd0 at port 0
2019-07-14 06:51:52,562 INFO  impl.RaftServerProxy (RaftServerProxy.java:lambda$start$3(299)) - ec8ecf58-59d7-498d-96c5-eba8c5551cd0: start RPC server
2019-07-14 06:51:52,563 INFO  server.GrpcService (GrpcService.java:startImpl(149)) - ec8ecf58-59d7-498d-96c5-eba8c5551cd0: GrpcService started, listening on 0.0.0.0/0.0.0.0:32783
2019-07-14 06:51:52,563 INFO  ratis.XceiverServerRatis (XceiverServerRatis.java:start(428)) - XceiverServerRatis ec8ecf58-59d7-498d-96c5-eba8c5551cd0 is started using port 32783
2019-07-14 06:51:52,566 INFO  server.XceiverServerGrpc (XceiverServerGrpc.java:start(161)) - XceiverServerGrpc ec8ecf58-59d7-498d-96c5-eba8c5551cd0 is started using port 42419
2019-07-14 06:51:52,594 INFO  ozone.MiniOzoneClusterImpl (MiniOzoneClusterImpl.java:lambda$waitForClusterToBeReady$0(142)) - Waiting for cluster to be ready. Got 0 of 6 DN Heartbeats.
2019-07-14 06:51:52,767 INFO  ozoneimpl.OzoneContainer (OzoneContainer.java:start(186)) - Attempting to start container services.
2019-07-14 06:51:52,774 INFO  ozoneimpl.OzoneContainer (OzoneContainer.java:startContainerScrub(160)) - Background container scrubber has been disabled by hdds.containerscrub.enabled
2019-07-14 06:51:52,774 INFO  ratis.XceiverServerRatis (XceiverServerRatis.java:start(418)) - Starting XceiverServerRatis d2125c14-bf5b-4a89-9656-01806452c152 at port 0
2019-07-14 06:51:52,780 INFO  impl.RaftServerProxy (RaftServerProxy.java:lambda$start$3(299)) - d2125c14-bf5b-4a89-9656-01806452c152: start RPC server
2019-07-14 06:51:52,780 INFO  server.GrpcService (GrpcService.java:startImpl(149)) - d2125c14-bf5b-4a89-9656-01806452c152: GrpcService started, listening on 0.0.0.0/0.0.0.0:36331
2019-07-14 06:51:52,781 INFO  ratis.XceiverServerRatis (XceiverServerRatis.java:start(428)) - XceiverServerRatis d2125c14-bf5b-4a89-9656-01806452c152 is started using port 36331
2019-07-14 06:51:52,802 INFO  server.XceiverServerGrpc (XceiverServerGrpc.java:start(161)) - XceiverServerGrpc d2125c14-bf5b-4a89-9656-01806452c152 is started using port 39203
2019-07-14 06:51:52,976 INFO  ozoneimpl.OzoneContainer (OzoneContainer.java:start(186)) - Attempting to start container services.
2019-07-14 06:51:52,981 INFO  ozoneimpl.OzoneContainer (OzoneContainer.java:startContainerScrub(160)) - Background container scrubber has been disabled by hdds.containerscrub.enabled
2019-07-14 06:51:52,981 INFO  ratis.XceiverServerRatis (XceiverServerRatis.java:start(418)) - Starting XceiverServerRatis 9bda9dad-fadd-43bb-a848-649d686737da at port 0
2019-07-14 06:51:52,988 INFO  impl.RaftServerProxy (RaftServerProxy.java:lambda$start$3(299)) - 9bda9dad-fadd-43bb-a848-649d686737da: start RPC server
2019-07-14 06:51:52,989 INFO  server.GrpcService (GrpcService.java:startImpl(149)) - 9bda9dad-fadd-43bb-a848-649d686737da: GrpcService started, listening on 0.0.0.0/0.0.0.0:44514
2019-07-14 06:51:52,990 INFO  ratis.XceiverServerRatis (XceiverServerRatis.java:start(428)) - XceiverServerRatis 9bda9dad-fadd-43bb-a848-649d686737da is started using port 44514
2019-07-14 06:51:52,990 INFO  server.XceiverServerGrpc (XceiverServerGrpc.java:start(161)) - XceiverServerGrpc 9bda9dad-fadd-43bb-a848-649d686737da is started using port 41515
2019-07-14 06:51:53,174 INFO  ozoneimpl.OzoneContainer (OzoneContainer.java:start(186)) - Attempting to start container services.
2019-07-14 06:51:53,189 INFO  ozoneimpl.OzoneContainer (OzoneContainer.java:startContainerScrub(160)) - Background container scrubber has been disabled by hdds.containerscrub.enabled
2019-07-14 06:51:53,189 INFO  ratis.XceiverServerRatis (XceiverServerRatis.java:start(418)) - Starting XceiverServerRatis c331ada3-8585-410d-8ae9-67cf9aab0100 at port 0
2019-07-14 06:51:53,196 INFO  impl.RaftServerProxy (RaftServerProxy.java:lambda$start$3(299)) - c331ada3-8585-410d-8ae9-67cf9aab0100: start RPC server
2019-07-14 06:51:53,201 INFO  server.GrpcService (GrpcService.java:startImpl(149)) - c331ada3-8585-410d-8ae9-67cf9aab0100: GrpcService started, listening on 0.0.0.0/0.0.0.0:44603
2019-07-14 06:51:53,201 INFO  ratis.XceiverServerRatis (XceiverServerRatis.java:start(428)) - XceiverServerRatis c331ada3-8585-410d-8ae9-67cf9aab0100 is started using port 44603
2019-07-14 06:51:53,215 INFO  server.XceiverServerGrpc (XceiverServerGrpc.java:start(161)) - XceiverServerGrpc c331ada3-8585-410d-8ae9-67cf9aab0100 is started using port 46630
2019-07-14 06:51:53,395 INFO  ozoneimpl.OzoneContainer (OzoneContainer.java:start(186)) - Attempting to start container services.
2019-07-14 06:51:53,395 INFO  ozoneimpl.OzoneContainer (OzoneContainer.java:startContainerScrub(160)) - Background container scrubber has been disabled by hdds.containerscrub.enabled
2019-07-14 06:51:53,395 INFO  ratis.XceiverServerRatis (XceiverServerRatis.java:start(418)) - Starting XceiverServerRatis ff31a17b-ed45-42e6-b341-607b7852e9f5 at port 0
2019-07-14 06:51:53,403 INFO  impl.RaftServerProxy (RaftServerProxy.java:lambda$start$3(299)) - ff31a17b-ed45-42e6-b341-607b7852e9f5: start RPC server
2019-07-14 06:51:53,404 INFO  server.GrpcService (GrpcService.java:startImpl(149)) - ff31a17b-ed45-42e6-b341-607b7852e9f5: GrpcService started, listening on 0.0.0.0/0.0.0.0:33311
2019-07-14 06:51:53,404 INFO  ratis.XceiverServerRatis (XceiverServerRatis.java:start(428)) - XceiverServerRatis ff31a17b-ed45-42e6-b341-607b7852e9f5 is started using port 33311
2019-07-14 06:51:53,404 INFO  server.XceiverServerGrpc (XceiverServerGrpc.java:start(161)) - XceiverServerGrpc ff31a17b-ed45-42e6-b341-607b7852e9f5 is started using port 33136
2019-07-14 06:51:53,594 INFO  ozone.MiniOzoneClusterImpl (MiniOzoneClusterImpl.java:lambda$waitForClusterToBeReady$0(142)) - Waiting for cluster to be ready. Got 0 of 6 DN Heartbeats.
2019-07-14 06:51:53,606 INFO  ozoneimpl.OzoneContainer (OzoneContainer.java:start(186)) - Attempting to start container services.
2019-07-14 06:51:53,606 INFO  ozoneimpl.OzoneContainer (OzoneContainer.java:startContainerScrub(160)) - Background container scrubber has been disabled by hdds.containerscrub.enabled
2019-07-14 06:51:53,606 INFO  ratis.XceiverServerRatis (XceiverServerRatis.java:start(418)) - Starting XceiverServerRatis 19bd907d-3048-448c-9d16-c30f5ba624c4 at port 0
2019-07-14 06:51:53,614 INFO  impl.RaftServerProxy (RaftServerProxy.java:lambda$start$3(299)) - 19bd907d-3048-448c-9d16-c30f5ba624c4: start RPC server
2019-07-14 06:51:53,615 INFO  server.GrpcService (GrpcService.java:startImpl(149)) - 19bd907d-3048-448c-9d16-c30f5ba624c4: GrpcService started, listening on 0.0.0.0/0.0.0.0:37010
2019-07-14 06:51:53,615 INFO  ratis.XceiverServerRatis (XceiverServerRatis.java:start(428)) - XceiverServerRatis 19bd907d-3048-448c-9d16-c30f5ba624c4 is started using port 37010
2019-07-14 06:51:53,620 INFO  server.XceiverServerGrpc (XceiverServerGrpc.java:start(161)) - XceiverServerGrpc 19bd907d-3048-448c-9d16-c30f5ba624c4 is started using port 40689
2019-07-14 06:51:54,524 INFO  net.NetworkTopology (NetworkTopologyImpl.java:add(110)) - Added a new node: /default-rack/192.168.5.144
2019-07-14 06:51:54,527 INFO  node.SCMNodeManager (SCMNodeManager.java:register(269)) - Registered Data node : ec8ecf58-59d7-498d-96c5-eba8c5551cd0{ip: 192.168.5.144, host: trunk-nightly-8c95p-1540871953, networkLocation: /default-rack, certSerialId: null}
2019-07-14 06:51:54,528 INFO  safemode.SCMSafeModeManager (DataNodeSafeModeRule.java:process(71)) - SCM in safe mode. 1 DataNodes registered, 1 required.
2019-07-14 06:51:54,530 INFO  safemode.SCMSafeModeManager (SCMSafeModeManager.java:validateSafeModeExitRules(177)) - ScmSafeModeManager, all rules are successfully validated
2019-07-14 06:51:54,531 INFO  safemode.SCMSafeModeManager (SCMSafeModeManager.java:exitSafeMode(193)) - SCM exiting safe mode.
2019-07-14 06:51:54,549 INFO  impl.RaftServerProxy (RaftServerProxy.java:addNew(89)) - ec8ecf58-59d7-498d-96c5-eba8c5551cd0: addNew group-433419529231:[ec8ecf58-59d7-498d-96c5-eba8c5551cd0:192.168.5.144:32783] returns group-433419529231:java.util.concurrent.CompletableFuture@2e8e93ff[Not completed]
2019-07-14 06:51:54,555 INFO  impl.RaftServerImpl (RaftServerImpl.java:<init>(93)) - ec8ecf58-59d7-498d-96c5-eba8c5551cd0: new RaftServerImpl for group-433419529231:[ec8ecf58-59d7-498d-96c5-eba8c5551cd0:192.168.5.144:32783] with ContainerStateMachine:uninitialized
2019-07-14 06:51:54,555 INFO  server.RaftServerConfigKeys (ConfUtils.java:logGet(43)) - raft.server.rpc.timeout.min = 5s (custom)
2019-07-14 06:51:54,555 INFO  server.RaftServerConfigKeys (ConfUtils.java:logGet(43)) - raft.server.rpc.timeout.max = 5200ms (custom)
2019-07-14 06:51:54,555 INFO  server.RaftServerConfigKeys (ConfUtils.java:logGet(43)) - raft.server.rpcslowness.timeout = 120s (custom)
2019-07-14 06:51:54,555 INFO  server.RaftServerConfigKeys (ConfUtils.java:logGet(43)) - raft.server.sleep.deviation.threshold = 300 (default)
2019-07-14 06:51:54,555 INFO  server.RaftServerConfigKeys (ConfUtils.java:logGet(43)) - raft.server.log.appender.install.snapshot.enabled = false (custom)
2019-07-14 06:51:54,556 INFO  impl.RaftServerImpl (ServerState.java:<init>(105)) - ec8ecf58-59d7-498d-96c5-eba8c5551cd0:group-433419529231 ConfigurationManager, init=-1: [ec8ecf58-59d7-498d-96c5-eba8c5551cd0:192.168.5.144:32783], old=null, confs=<EMPTY_MAP>
2019-07-14 06:51:54,556 INFO  server.RaftServerConfigKeys (ConfUtils.java:logGet(43)) - raft.server.storage.dir = [/tmp/workdir/hadoop-ozone/integration-test/target/test-dir/MiniOzoneClusterImpl-c5bb5f29-3b06-4817-970c-9bb0fe5b284c/datanode-0/data/ratis] (custom)
2019-07-14 06:51:54,556 INFO  storage.RaftStorageDirectory (RaftStorageDirectory.java:analyzeStorage(246)) - The storage directory /tmp/workdir/hadoop-ozone/integration-test/target/test-dir/MiniOzoneClusterImpl-c5bb5f29-3b06-4817-970c-9bb0fe5b284c/datanode-0/data/ratis/f9e06d26-9e28-4835-9dfd-433419529231 does not exist. Creating ...
2019-07-14 06:51:54,569 INFO  storage.RaftStorageDirectory (RaftStorageDirectory.java:tryLock(328)) - Lock on /tmp/workdir/hadoop-ozone/integration-test/target/test-dir/MiniOzoneClusterImpl-c5bb5f29-3b06-4817-970c-9bb0fe5b284c/datanode-0/data/ratis/f9e06d26-9e28-4835-9dfd-433419529231/in_use.lock acquired by nodename 3046@trunk-nightly-8c95p-1540871953
2019-07-14 06:51:54,573 INFO  storage.RaftStorage (RaftStorage.java:format(72)) - Storage directory /tmp/workdir/hadoop-ozone/integration-test/target/test-dir/MiniOzoneClusterImpl-c5bb5f29-3b06-4817-970c-9bb0fe5b284c/datanode-0/data/ratis/f9e06d26-9e28-4835-9dfd-433419529231 has been successfully formatted.
2019-07-14 06:51:54,573 INFO  ratis.ContainerStateMachine (ContainerStateMachine.java:loadSnapshot(200)) - group-433419529231: The snapshot info is null. Setting the last applied indexto:(t:0, i:~)
2019-07-14 06:51:54,573 INFO  server.RaftServerConfigKeys (ConfUtils.java:logGet(43)) - raft.server.leader.election.timeout = 120s (custom)
2019-07-14 06:51:54,573 INFO  server.RaftServerConfigKeys (ConfUtils.java:logGet(43)) - raft.server.log.use.memory = false (default)
2019-07-14 06:51:54,574 INFO  server.RaftServerConfigKeys (ConfUtils.java:logGet(43)) - raft.server.log.purge.gap = 1000000000 (custom)
2019-07-14 06:51:54,574 INFO  server.RaftServerConfigKeys (ConfUtils.java:logGet(43)) - raft.server.log.appender.buffer.byte-limit = 33554432 (custom)
2019-07-14 06:51:54,574 INFO  server.RaftServerConfigKeys (ConfUtils.java:logGet(43)) - raft.server.log.segment.size.max = 1048576 (custom)
2019-07-14 06:51:54,574 INFO  server.RaftServerConfigKeys (ConfUtils.java:logGet(43)) - raft.server.log.segment.cache.num.max = 2 (custom)
2019-07-14 06:51:54,574 INFO  segmented.SegmentedRaftLogWorker (SegmentedRaftLogWorker.java:<init>(172)) - new ec8ecf58-59d7-498d-96c5-eba8c5551cd0-SegmentedRaftLogWorker:Storage Directory /tmp/workdir/hadoop-ozone/integration-test/target/test-dir/MiniOzoneClusterImpl-c5bb5f29-3b06-4817-970c-9bb0fe5b284c/datanode-0/data/ratis/f9e06d26-9e28-4835-9dfd-433419529231 for RaftStorage:Storage Directory /tmp/workdir/hadoop-ozone/integration-test/target/test-dir/MiniOzoneClusterImpl-c5bb5f29-3b06-4817-970c-9bb0fe5b284c/datanode-0/data/ratis/f9e06d26-9e28-4835-9dfd-433419529231
2019-07-14 06:51:54,574 INFO  server.RaftServerConfigKeys (ConfUtils.java:logGet(43)) - raft.server.log.queue.byte-limit = 2147483647 (custom)
2019-07-14 06:51:54,575 INFO  server.RaftServerConfigKeys (ConfUtils.java:logGet(43)) - raft.server.log.queue.element-limit = 1024 (custom)
2019-07-14 06:51:54,575 INFO  server.RaftServerConfigKeys (ConfUtils.java:logGet(43)) - raft.server.log.segment.size.max = 1048576 (custom)
2019-07-14 06:51:54,575 INFO  server.RaftServerConfigKeys (ConfUtils.java:logGet(43)) - raft.server.log.preallocated.size = 16384 (custom)
2019-07-14 06:51:54,575 INFO  server.RaftServerConfigKeys (ConfUtils.java:logGet(43)) - raft.server.log.write.buffer.size = 33554432 (custom)
2019-07-14 06:51:54,575 INFO  server.RaftServerConfigKeys (ConfUtils.java:logGet(43)) - raft.server.log.force.sync.num = 128 (default)
2019-07-14 06:51:54,576 INFO  server.RaftServerConfigKeys (ConfUtils.java:logGet(43)) - raft.server.log.statemachine.data.sync = true (default)
2019-07-14 06:51:54,576 INFO  server.RaftServerConfigKeys (ConfUtils.java:logGet(43)) - raft.server.log.statemachine.data.sync.timeout = 10s (default)
2019-07-14 06:51:54,576 INFO  server.RaftServerConfigKeys (ConfUtils.java:logGet(43)) - raft.server.log.statemachine.data.sync.timeout.retry = -1 (default)
2019-07-14 06:51:54,576 INFO  server.RaftServerConfigKeys (ConfUtils.java:logGet(43)) - raft.server.log.statemachine.data.caching.enabled = true (custom)
2019-07-14 06:51:54,577 INFO  segmented.SegmentedRaftLogWorker (SegmentedRaftLogWorker.java:lambda$new$0(132)) - ec8ecf58-59d7-498d-96c5-eba8c5551cd0-SegmentedRaftLogWorker:Storage Directory /tmp/workdir/hadoop-ozone/integration-test/target/test-dir/MiniOzoneClusterImpl-c5bb5f29-3b06-4817-970c-9bb0fe5b284c/datanode-0/data/ratis/f9e06d26-9e28-4835-9dfd-433419529231: flushIndex: setUnconditionally 0 -> -1
2019-07-14 06:51:54,577 INFO  server.RaftServerConfigKeys (ConfUtils.java:logGet(43)) - raft.server.snapshot.auto.trigger.enabled = true (custom)
2019-07-14 06:51:54,577 INFO  server.RaftServerConfigKeys (ConfUtils.java:logGet(43)) - raft.server.snapshot.auto.trigger.threshold = 10000 (custom)
2019-07-14 06:51:54,577 INFO  server.RaftServerConfigKeys (ConfUtils.java:logGet(43)) - raft.server.retrycache.expirytime = 600000ms (custom)
2019-07-14 06:51:54,578 INFO  impl.RaftServerImpl (RaftServerImpl.java:start(180)) - ec8ecf58-59d7-498d-96c5-eba8c5551cd0: start group-433419529231
2019-07-14 06:51:54,578 INFO  impl.RaftServerImpl (RaftServerImpl.java:setRole(171)) - ec8ecf58-59d7-498d-96c5-eba8c5551cd0:group-433419529231 changes role from null to FOLLOWER at term 0 for startAsFollower
2019-07-14 06:51:54,578 INFO  impl.RoleInfo (RoleInfo.java:updateAndGet(143)) - ec8ecf58-59d7-498d-96c5-eba8c5551cd0: start FollowerState
2019-07-14 06:51:54,578 INFO  util.JmxRegister (JmxRegister.java:tryRegister(44)) - Successfully registered JMX Bean with object name Ratis:service=RaftServer,group=group-433419529231,id=ec8ecf58-59d7-498d-96c5-eba8c5551cd0
2019-07-14 06:51:54,585 INFO  pipeline.PipelineStateManager (PipelineStateManager.java:addPipeline(56)) - Created pipeline Pipeline[ Id: f9e06d26-9e28-4835-9dfd-433419529231, Nodes: ec8ecf58-59d7-498d-96c5-eba8c5551cd0{ip: 192.168.5.144, host: trunk-nightly-8c95p-1540871953, networkLocation: /default-rack, certSerialId: null}, Type:RATIS, Factor:ONE, State:OPEN]
2019-07-14 06:51:54,595 INFO  ozone.MiniOzoneClusterImpl (MiniOzoneClusterImpl.java:lambda$waitForClusterToBeReady$0(142)) - Waiting for cluster to be ready. Got 1 of 6 DN Heartbeats.
2019-07-14 06:51:54,757 INFO  node.SCMNodeManager (SCMNodeManager.java:register(269)) - Registered Data node : d2125c14-bf5b-4a89-9656-01806452c152{ip: 192.168.5.144, host: trunk-nightly-8c95p-1540871953, networkLocation: /default-rack, certSerialId: null}
2019-07-14 06:51:54,795 INFO  impl.RaftServerProxy (RaftServerProxy.java:addNew(89)) - d2125c14-bf5b-4a89-9656-01806452c152: addNew group-A6D0B60D91A5:[d2125c14-bf5b-4a89-9656-01806452c152:192.168.5.144:36331] returns group-A6D0B60D91A5:java.util.concurrent.CompletableFuture@65f06c29[Not completed]
2019-07-14 06:51:54,796 INFO  impl.RaftServerImpl (RaftServerImpl.java:<init>(93)) - d2125c14-bf5b-4a89-9656-01806452c152: new RaftServerImpl for group-A6D0B60D91A5:[d2125c14-bf5b-4a89-9656-01806452c152:192.168.5.144:36331] with ContainerStateMachine:uninitialized
2019-07-14 06:51:54,796 INFO  server.RaftServerConfigKeys (ConfUtils.java:logGet(43)) - raft.server.rpc.timeout.min = 5s (custom)
2019-07-14 06:51:54,796 INFO  server.RaftServerConfigKeys (ConfUtils.java:logGet(43)) - raft.server.rpc.timeout.max = 5200ms (custom)
2019-07-14 06:51:54,796 INFO  server.RaftServerConfigKeys (ConfUtils.java:logGet(43)) - raft.server.rpcslowness.timeout = 120s (custom)
2019-07-14 06:51:54,797 INFO  server.RaftServerConfigKeys (ConfUtils.java:logGet(43)) - raft.server.sleep.deviation.threshold = 300 (default)
2019-07-14 06:51:54,797 INFO  server.RaftServerConfigKeys (ConfUtils.java:logGet(43)) - raft.server.log.appender.install.snapshot.enabled = false (custom)
2019-07-14 06:51:54,797 INFO  impl.RaftServerImpl (ServerState.java:<init>(105)) - d2125c14-bf5b-4a89-9656-01806452c152:group-A6D0B60D91A5 ConfigurationManager, init=-1: [d2125c14-bf5b-4a89-9656-01806452c152:192.168.5.144:36331], old=null, confs=<EMPTY_MAP>
2019-07-14 06:51:54,797 INFO  server.RaftServerConfigKeys (ConfUtils.java:logGet(43)) - raft.server.storage.dir = [/tmp/workdir/hadoop-ozone/integration-test/target/test-dir/MiniOzoneClusterImpl-c5bb5f29-3b06-4817-970c-9bb0fe5b284c/datanode-1/data/ratis] (custom)
2019-07-14 06:51:54,797 INFO  storage.RaftStorageDirectory (RaftStorageDirectory.java:analyzeStorage(246)) - The storage directory /tmp/workdir/hadoop-ozone/integration-test/target/test-dir/MiniOzoneClusterImpl-c5bb5f29-3b06-4817-970c-9bb0fe5b284c/datanode-1/data/ratis/022f5cab-e4c0-476e-a658-a6d0b60d91a5 does not exist. Creating ...
2019-07-14 06:51:54,809 INFO  storage.RaftStorageDirectory (RaftStorageDirectory.java:tryLock(328)) - Lock on /tmp/workdir/hadoop-ozone/integration-test/target/test-dir/MiniOzoneClusterImpl-c5bb5f29-3b06-4817-970c-9bb0fe5b284c/datanode-1/data/ratis/022f5cab-e4c0-476e-a658-a6d0b60d91a5/in_use.lock acquired by nodename 3046@trunk-nightly-8c95p-1540871953
2019-07-14 06:51:54,822 INFO  storage.RaftStorage (RaftStorage.java:format(72)) - Storage directory /tmp/workdir/hadoop-ozone/integration-test/target/test-dir/MiniOzoneClusterImpl-c5bb5f29-3b06-4817-970c-9bb0fe5b284c/datanode-1/data/ratis/022f5cab-e4c0-476e-a658-a6d0b60d91a5 has been successfully formatted.
2019-07-14 06:51:54,822 INFO  ratis.ContainerStateMachine (ContainerStateMachine.java:loadSnapshot(200)) - group-A6D0B60D91A5: The snapshot info is null. Setting the last applied indexto:(t:0, i:~)
2019-07-14 06:51:54,822 INFO  server.RaftServerConfigKeys (ConfUtils.java:logGet(43)) - raft.server.leader.election.timeout = 120s (custom)
2019-07-14 06:51:54,822 INFO  server.RaftServerConfigKeys (ConfUtils.java:logGet(43)) - raft.server.log.use.memory = false (default)
2019-07-14 06:51:54,822 INFO  server.RaftServerConfigKeys (ConfUtils.java:logGet(43)) - raft.server.log.purge.gap = 1000000000 (custom)
2019-07-14 06:51:54,822 INFO  server.RaftServerConfigKeys (ConfUtils.java:logGet(43)) - raft.server.log.appender.buffer.byte-limit = 33554432 (custom)
2019-07-14 06:51:54,822 INFO  server.RaftServerConfigKeys (ConfUtils.java:logGet(43)) - raft.server.log.segment.size.max = 1048576 (custom)
2019-07-14 06:51:54,823 INFO  server.RaftServerConfigKeys (ConfUtils.java:logGet(43)) - raft.server.log.segment.cache.num.max = 2 (custom)
2019-07-14 06:51:54,823 INFO  segmented.SegmentedRaftLogWorker (SegmentedRaftLogWorker.java:<init>(172)) - new d2125c14-bf5b-4a89-9656-01806452c152-SegmentedRaftLogWorker:Storage Directory /tmp/workdir/hadoop-ozone/integration-test/target/test-dir/MiniOzoneClusterImpl-c5bb5f29-3b06-4817-970c-9bb0fe5b284c/datanode-1/data/ratis/022f5cab-e4c0-476e-a658-a6d0b60d91a5 for RaftStorage:Storage Directory /tmp/workdir/hadoop-ozone/integration-test/target/test-dir/MiniOzoneClusterImpl-c5bb5f29-3b06-4817-970c-9bb0fe5b284c/datanode-1/data/ratis/022f5cab-e4c0-476e-a658-a6d0b60d91a5
2019-07-14 06:51:54,823 INFO  server.RaftServerConfigKeys (ConfUtils.java:logGet(43)) - raft.server.log.queue.byte-limit = 2147483647 (custom)
2019-07-14 06:51:54,823 INFO  server.RaftServerConfigKeys (ConfUtils.java:logGet(43)) - raft.server.log.queue.element-limit = 1024 (custom)
2019-07-14 06:51:54,823 INFO  server.RaftServerConfigKeys (ConfUtils.java:logGet(43)) - raft.server.log.segment.size.max = 1048576 (custom)
2019-07-14 06:51:54,823 INFO  server.RaftServerConfigKeys (ConfUtils.java:logGet(43)) - raft.server.log.preallocated.size = 16384 (custom)
2019-07-14 06:51:54,823 INFO  server.RaftServerConfigKeys (ConfUtils.java:logGet(43)) - raft.server.log.write.buffer.size = 33554432 (custom)
2019-07-14 06:51:54,823 INFO  server.RaftServerConfigKeys (ConfUtils.java:logGet(43)) - raft.server.log.force.sync.num = 128 (default)
2019-07-14 06:51:54,823 INFO  server.RaftServerConfigKeys (ConfUtils.java:logGet(43)) - raft.server.log.statemachine.data.sync = true (default)
2019-07-14 06:51:54,823 INFO  server.RaftServerConfigKeys (ConfUtils.java:logGet(43)) - raft.server.log.statemachine.data.sync.timeout = 10s (default)
2019-07-14 06:51:54,824 INFO  server.RaftServerConfigKeys (ConfUtils.java:logGet(43)) - raft.server.log.statemachine.data.sync.timeout.retry = -1 (default)
2019-07-14 06:51:54,824 INFO  server.RaftServerConfigKeys (ConfUtils.java:logGet(43)) - raft.server.log.statemachine.data.caching.enabled = true (custom)
2019-07-14 06:51:54,824 INFO  segmented.SegmentedRaftLogWorker (SegmentedRaftLogWorker.java:lambda$new$0(132)) - d2125c14-bf5b-4a89-9656-01806452c152-SegmentedRaftLogWorker:Storage Directory /tmp/workdir/hadoop-ozone/integration-test/target/test-dir/MiniOzoneClusterImpl-c5bb5f29-3b06-4817-970c-9bb0fe5b284c/datanode-1/data/ratis/022f5cab-e4c0-476e-a658-a6d0b60d91a5: flushIndex: setUnconditionally 0 -> -1
2019-07-14 06:51:54,824 INFO  server.RaftServerConfigKeys (ConfUtils.java:logGet(43)) - raft.server.snapshot.auto.trigger.enabled = true (custom)
2019-07-14 06:51:54,824 INFO  server.RaftServerConfigKeys (ConfUtils.java:logGet(43)) - raft.server.snapshot.auto.trigger.threshold = 10000 (custom)
2019-07-14 06:51:54,824 INFO  server.RaftServerConfigKeys (ConfUtils.java:logGet(43)) - raft.server.retrycache.expirytime = 600000ms (custom)
2019-07-14 06:51:54,825 INFO  impl.RaftServerImpl (RaftServerImpl.java:start(180)) - d2125c14-bf5b-4a89-9656-01806452c152: start group-A6D0B60D91A5
2019-07-14 06:51:54,825 INFO  impl.RaftServerImpl (RaftServerImpl.java:setRole(171)) - d2125c14-bf5b-4a89-9656-01806452c152:group-A6D0B60D91A5 changes role from null to FOLLOWER at term 0 for startAsFollower
2019-07-14 06:51:54,825 INFO  impl.RoleInfo (RoleInfo.java:updateAndGet(143)) - d2125c14-bf5b-4a89-9656-01806452c152: start FollowerState
2019-07-14 06:51:54,825 INFO  util.JmxRegister (JmxRegister.java:tryRegister(44)) - Successfully registered JMX Bean with object name Ratis:service=RaftServer,group=group-A6D0B60D91A5,id=d2125c14-bf5b-4a89-9656-01806452c152
2019-07-14 06:51:54,832 INFO  pipeline.PipelineStateManager (PipelineStateManager.java:addPipeline(56)) - Created pipeline Pipeline[ Id: 022f5cab-e4c0-476e-a658-a6d0b60d91a5, Nodes: d2125c14-bf5b-4a89-9656-01806452c152{ip: 192.168.5.144, host: trunk-nightly-8c95p-1540871953, networkLocation: /default-rack, certSerialId: null}, Type:RATIS, Factor:ONE, State:OPEN]
2019-07-14 06:51:54,961 INFO  node.SCMNodeManager (SCMNodeManager.java:register(269)) - Registered Data node : 9bda9dad-fadd-43bb-a848-649d686737da{ip: 192.168.5.144, host: trunk-nightly-8c95p-1540871953, networkLocation: /default-rack, certSerialId: null}
2019-07-14 06:51:54,988 INFO  impl.RaftServerProxy (RaftServerProxy.java:addNew(89)) - 9bda9dad-fadd-43bb-a848-649d686737da: addNew group-179796B58DB1:[9bda9dad-fadd-43bb-a848-649d686737da:192.168.5.144:44514] returns group-179796B58DB1:java.util.concurrent.CompletableFuture@555da60a[Not completed]
2019-07-14 06:51:54,990 INFO  impl.RaftServerImpl (RaftServerImpl.java:<init>(93)) - 9bda9dad-fadd-43bb-a848-649d686737da: new RaftServerImpl for group-179796B58DB1:[9bda9dad-fadd-43bb-a848-649d686737da:192.168.5.144:44514] with ContainerStateMachine:uninitialized
2019-07-14 06:51:54,990 INFO  server.RaftServerConfigKeys (ConfUtils.java:logGet(43)) - raft.server.rpc.timeout.min = 5s (custom)
2019-07-14 06:51:54,990 INFO  server.RaftServerConfigKeys (ConfUtils.java:logGet(43)) - raft.server.rpc.timeout.max = 5200ms (custom)
2019-07-14 06:51:54,990 INFO  server.RaftServerConfigKeys (ConfUtils.java:logGet(43)) - raft.server.rpcslowness.timeout = 120s (custom)
2019-07-14 06:51:54,990 INFO  server.RaftServerConfigKeys (ConfUtils.java:logGet(43)) - raft.server.sleep.deviation.threshold = 300 (default)
2019-07-14 06:51:54,990 INFO  server.RaftServerConfigKeys (ConfUtils.java:logGet(43)) - raft.server.log.appender.install.snapshot.enabled = false (custom)
2019-07-14 06:51:54,990 INFO  impl.RaftServerImpl (ServerState.java:<init>(105)) - 9bda9dad-fadd-43bb-a848-649d686737da:group-179796B58DB1 ConfigurationManager, init=-1: [9bda9dad-fadd-43bb-a848-649d686737da:192.168.5.144:44514], old=null, confs=<EMPTY_MAP>
2019-07-14 06:51:54,991 INFO  server.RaftServerConfigKeys (ConfUtils.java:logGet(43)) - raft.server.storage.dir = [/tmp/workdir/hadoop-ozone/integration-test/target/test-dir/MiniOzoneClusterImpl-c5bb5f29-3b06-4817-970c-9bb0fe5b284c/datanode-2/data/ratis] (custom)
2019-07-14 06:51:54,991 INFO  storage.RaftStorageDirectory (RaftStorageDirectory.java:analyzeStorage(246)) - The storage directory /tmp/workdir/hadoop-ozone/integration-test/target/test-dir/MiniOzoneClusterImpl-c5bb5f29-3b06-4817-970c-9bb0fe5b284c/datanode-2/data/ratis/a3f77e86-e18d-4107-b564-179796b58db1 does not exist. Creating ...
2019-07-14 06:51:54,995 INFO  storage.RaftStorageDirectory (RaftStorageDirectory.java:tryLock(328)) - Lock on /tmp/workdir/hadoop-ozone/integration-test/target/test-dir/MiniOzoneClusterImpl-c5bb5f29-3b06-4817-970c-9bb0fe5b284c/datanode-2/data/ratis/a3f77e86-e18d-4107-b564-179796b58db1/in_use.lock acquired by nodename 3046@trunk-nightly-8c95p-1540871953
2019-07-14 06:51:55,006 INFO  storage.RaftStorage (RaftStorage.java:format(72)) - Storage directory /tmp/workdir/hadoop-ozone/integration-test/target/test-dir/MiniOzoneClusterImpl-c5bb5f29-3b06-4817-970c-9bb0fe5b284c/datanode-2/data/ratis/a3f77e86-e18d-4107-b564-179796b58db1 has been successfully formatted.
2019-07-14 06:51:55,007 INFO  ratis.ContainerStateMachine (ContainerStateMachine.java:loadSnapshot(200)) - group-179796B58DB1: The snapshot info is null. Setting the last applied indexto:(t:0, i:~)
2019-07-14 06:51:55,007 INFO  server.RaftServerConfigKeys (ConfUtils.java:logGet(43)) - raft.server.leader.election.timeout = 120s (custom)
2019-07-14 06:51:55,007 INFO  server.RaftServerConfigKeys (ConfUtils.java:logGet(43)) - raft.server.log.use.memory = false (default)
2019-07-14 06:51:55,007 INFO  server.RaftServerConfigKeys (ConfUtils.java:logGet(43)) - raft.server.log.purge.gap = 1000000000 (custom)
2019-07-14 06:51:55,007 INFO  server.RaftServerConfigKeys (ConfUtils.java:logGet(43)) - raft.server.log.appender.buffer.byte-limit = 33554432 (custom)
2019-07-14 06:51:55,007 INFO  server.RaftServerConfigKeys (ConfUtils.java:logGet(43)) - raft.server.log.segment.size.max = 1048576 (custom)
2019-07-14 06:51:55,007 INFO  server.RaftServerConfigKeys (ConfUtils.java:logGet(43)) - raft.server.log.segment.cache.num.max = 2 (custom)
2019-07-14 06:51:55,007 INFO  segmented.SegmentedRaftLogWorker (SegmentedRaftLogWorker.java:<init>(172)) - new 9bda9dad-fadd-43bb-a848-649d686737da-SegmentedRaftLogWorker:Storage Directory /tmp/workdir/hadoop-ozone/integration-test/target/test-dir/MiniOzoneClusterImpl-c5bb5f29-3b06-4817-970c-9bb0fe5b284c/datanode-2/data/ratis/a3f77e86-e18d-4107-b564-179796b58db1 for RaftStorage:Storage Directory /tmp/workdir/hadoop-ozone/integration-test/target/test-dir/MiniOzoneClusterImpl-c5bb5f29-3b06-4817-970c-9bb0fe5b284c/datanode-2/data/ratis/a3f77e86-e18d-4107-b564-179796b58db1
2019-07-14 06:51:55,008 INFO  server.RaftServerConfigKeys (ConfUtils.java:logGet(43)) - raft.server.log.queue.byte-limit = 2147483647 (custom)
2019-07-14 06:51:55,008 INFO  server.RaftServerConfigKeys (ConfUtils.java:logGet(43)) - raft.server.log.queue.element-limit = 1024 (custom)
2019-07-14 06:51:55,008 INFO  server.RaftServerConfigKeys (ConfUtils.java:logGet(43)) - raft.server.log.segment.size.max = 1048576 (custom)
2019-07-14 06:51:55,008 INFO  server.RaftServerConfigKeys (ConfUtils.java:logGet(43)) - raft.server.log.preallocated.size = 16384 (custom)
2019-07-14 06:51:55,008 INFO  server.RaftServerConfigKeys (ConfUtils.java:logGet(43)) - raft.server.log.write.buffer.size = 33554432 (custom)
2019-07-14 06:51:55,008 INFO  server.RaftServerConfigKeys (ConfUtils.java:logGet(43)) - raft.server.log.force.sync.num = 128 (default)
2019-07-14 06:51:55,008 INFO  server.RaftServerConfigKeys (ConfUtils.java:logGet(43)) - raft.server.log.statemachine.data.sync = true (default)
2019-07-14 06:51:55,008 INFO  server.RaftServerConfigKeys (ConfUtils.java:logGet(43)) - raft.server.log.statemachine.data.sync.timeout = 10s (default)
2019-07-14 06:51:55,008 INFO  server.RaftServerConfigKeys (ConfUtils.java:logGet(43)) - raft.server.log.statemachine.data.sync.timeout.retry = -1 (default)
2019-07-14 06:51:55,009 INFO  server.RaftServerConfigKeys (ConfUtils.java:logGet(43)) - raft.server.log.statemachine.data.caching.enabled = true (custom)
2019-07-14 06:51:55,009 INFO  segmented.SegmentedRaftLogWorker (SegmentedRaftLogWorker.java:lambda$new$0(132)) - 9bda9dad-fadd-43bb-a848-649d686737da-SegmentedRaftLogWorker:Storage Directory /tmp/workdir/hadoop-ozone/integration-test/target/test-dir/MiniOzoneClusterImpl-c5bb5f29-3b06-4817-970c-9bb0fe5b284c/datanode-2/data/ratis/a3f77e86-e18d-4107-b564-179796b58db1: flushIndex: setUnconditionally 0 -> -1
2019-07-14 06:51:55,009 INFO  server.RaftServerConfigKeys (ConfUtils.java:logGet(43)) - raft.server.snapshot.auto.trigger.enabled = true (custom)
2019-07-14 06:51:55,009 INFO  server.RaftServerConfigKeys (ConfUtils.java:logGet(43)) - raft.server.snapshot.auto.trigger.threshold = 10000 (custom)
2019-07-14 06:51:55,009 INFO  server.RaftServerConfigKeys (ConfUtils.java:logGet(43)) - raft.server.retrycache.expirytime = 600000ms (custom)
2019-07-14 06:51:55,010 INFO  impl.RaftServerImpl (RaftServerImpl.java:start(180)) - 9bda9dad-fadd-43bb-a848-649d686737da: start group-179796B58DB1
2019-07-14 06:51:55,010 INFO  impl.RaftServerImpl (RaftServerImpl.java:setRole(171)) - 9bda9dad-fadd-43bb-a848-649d686737da:group-179796B58DB1 changes role from null to FOLLOWER at term 0 for startAsFollower
2019-07-14 06:51:55,010 INFO  impl.RoleInfo (RoleInfo.java:updateAndGet(143)) - 9bda9dad-fadd-43bb-a848-649d686737da: start FollowerState
2019-07-14 06:51:55,010 INFO  util.JmxRegister (JmxRegister.java:tryRegister(44)) - Successfully registered JMX Bean with object name Ratis:service=RaftServer,group=group-179796B58DB1,id=9bda9dad-fadd-43bb-a848-649d686737da
2019-07-14 06:51:55,017 INFO  pipeline.PipelineStateManager (PipelineStateManager.java:addPipeline(56)) - Created pipeline Pipeline[ Id: a3f77e86-e18d-4107-b564-179796b58db1, Nodes: 9bda9dad-fadd-43bb-a848-649d686737da{ip: 192.168.5.144, host: trunk-nightly-8c95p-1540871953, networkLocation: /default-rack, certSerialId: null}, Type:RATIS, Factor:ONE, State:OPEN]
2019-07-14 06:51:55,050 INFO  impl.RaftServerProxy (RaftServerProxy.java:addNew(89)) - ec8ecf58-59d7-498d-96c5-eba8c5551cd0: addNew group-767F60FE3A80:[ec8ecf58-59d7-498d-96c5-eba8c5551cd0:192.168.5.144:32783, d2125c14-bf5b-4a89-9656-01806452c152:192.168.5.144:36331, 9bda9dad-fadd-43bb-a848-649d686737da:192.168.5.144:44514] returns group-767F60FE3A80:java.util.concurrent.CompletableFuture@2a1184eb[Not completed]
2019-07-14 06:51:55,050 INFO  impl.RaftServerProxy (RaftServerProxy.java:addNew(89)) - d2125c14-bf5b-4a89-9656-01806452c152: addNew group-767F60FE3A80:[ec8ecf58-59d7-498d-96c5-eba8c5551cd0:192.168.5.144:32783, d2125c14-bf5b-4a89-9656-01806452c152:192.168.5.144:36331, 9bda9dad-fadd-43bb-a848-649d686737da:192.168.5.144:44514] returns group-767F60FE3A80:java.util.concurrent.CompletableFuture@542666c8[Not completed]
2019-07-14 06:51:55,050 INFO  impl.RaftServerProxy (RaftServerProxy.java:addNew(89)) - 9bda9dad-fadd-43bb-a848-649d686737da: addNew group-767F60FE3A80:[ec8ecf58-59d7-498d-96c5-eba8c5551cd0:192.168.5.144:32783, d2125c14-bf5b-4a89-9656-01806452c152:192.168.5.144:36331, 9bda9dad-fadd-43bb-a848-649d686737da:192.168.5.144:44514] returns group-767F60FE3A80:java.util.concurrent.CompletableFuture@74ebef66[Not completed]
2019-07-14 06:51:55,050 INFO  impl.RaftServerImpl (RaftServerImpl.java:<init>(93)) - ec8ecf58-59d7-498d-96c5-eba8c5551cd0: new RaftServerImpl for group-767F60FE3A80:[ec8ecf58-59d7-498d-96c5-eba8c5551cd0:192.168.5.144:32783, d2125c14-bf5b-4a89-9656-01806452c152:192.168.5.144:36331, 9bda9dad-fadd-43bb-a848-649d686737da:192.168.5.144:44514] with ContainerStateMachine:uninitialized
2019-07-14 06:51:55,051 INFO  server.RaftServerConfigKeys (ConfUtils.java:logGet(43)) - raft.server.rpc.timeout.min = 5s (custom)
2019-07-14 06:51:55,051 INFO  server.RaftServerConfigKeys (ConfUtils.java:logGet(43)) - raft.server.rpc.timeout.max = 5200ms (custom)
2019-07-14 06:51:55,051 INFO  server.RaftServerConfigKeys (ConfUtils.java:logGet(43)) - raft.server.rpcslowness.timeout = 120s (custom)
2019-07-14 06:51:55,051 INFO  server.RaftServerConfigKeys (ConfUtils.java:logGet(43)) - raft.server.sleep.deviation.threshold = 300 (default)
2019-07-14 06:51:55,051 INFO  server.RaftServerConfigKeys (ConfUtils.java:logGet(43)) - raft.server.log.appender.install.snapshot.enabled = false (custom)
2019-07-14 06:51:55,051 INFO  impl.RaftServerImpl (RaftServerImpl.java:<init>(93)) - d2125c14-bf5b-4a89-9656-01806452c152: new RaftServerImpl for group-767F60FE3A80:[ec8ecf58-59d7-498d-96c5-eba8c5551cd0:192.168.5.144:32783, d2125c14-bf5b-4a89-9656-01806452c152:192.168.5.144:36331, 9bda9dad-fadd-43bb-a848-649d686737da:192.168.5.144:44514] with ContainerStateMachine:uninitialized
2019-07-14 06:51:55,051 INFO  impl.RaftServerImpl (ServerState.java:<init>(105)) - ec8ecf58-59d7-498d-96c5-eba8c5551cd0:group-767F60FE3A80 ConfigurationManager, init=-1: [ec8ecf58-59d7-498d-96c5-eba8c5551cd0:192.168.5.144:32783, d2125c14-bf5b-4a89-9656-01806452c152:192.168.5.144:36331, 9bda9dad-fadd-43bb-a848-649d686737da:192.168.5.144:44514], old=null, confs=<EMPTY_MAP>
2019-07-14 06:51:55,051 INFO  server.RaftServerConfigKeys (ConfUtils.java:logGet(43)) - raft.server.rpc.timeout.min = 5s (custom)
2019-07-14 06:51:55,051 INFO  impl.RaftServerImpl (RaftServerImpl.java:<init>(93)) - 9bda9dad-fadd-43bb-a848-649d686737da: new RaftServerImpl for group-767F60FE3A80:[ec8ecf58-59d7-498d-96c5-eba8c5551cd0:192.168.5.144:32783, d2125c14-bf5b-4a89-9656-01806452c152:192.168.5.144:36331, 9bda9dad-fadd-43bb-a848-649d686737da:192.168.5.144:44514] with ContainerStateMachine:uninitialized
2019-07-14 06:51:55,051 INFO  server.RaftServerConfigKeys (ConfUtils.java:logGet(43)) - raft.server.storage.dir = [/tmp/workdir/hadoop-ozone/integration-test/target/test-dir/MiniOzoneClusterImpl-c5bb5f29-3b06-4817-970c-9bb0fe5b284c/datanode-0/data/ratis] (custom)
2019-07-14 06:51:55,051 INFO  server.RaftServerConfigKeys (ConfUtils.java:logGet(43)) - raft.server.rpc.timeout.min = 5s (custom)
2019-07-14 06:51:55,051 INFO  server.RaftServerConfigKeys (ConfUtils.java:logGet(43)) - raft.server.rpc.timeout.max = 5200ms (custom)
2019-07-14 06:51:55,052 INFO  server.RaftServerConfigKeys (ConfUtils.java:logGet(43)) - raft.server.rpc.timeout.max = 5200ms (custom)
2019-07-14 06:51:55,052 INFO  server.RaftServerConfigKeys (ConfUtils.java:logGet(43)) - raft.server.rpcslowness.timeout = 120s (custom)
2019-07-14 06:51:55,052 INFO  storage.RaftStorageDirectory (RaftStorageDirectory.java:analyzeStorage(246)) - The storage directory /tmp/workdir/hadoop-ozone/integration-test/target/test-dir/MiniOzoneClusterImpl-c5bb5f29-3b06-4817-970c-9bb0fe5b284c/datanode-0/data/ratis/8517ecee-c761-4419-a301-767f60fe3a80 does not exist. Creating ...
2019-07-14 06:51:55,052 INFO  server.RaftServerConfigKeys (ConfUtils.java:logGet(43)) - raft.server.sleep.deviation.threshold = 300 (default)
2019-07-14 06:51:55,052 INFO  server.RaftServerConfigKeys (ConfUtils.java:logGet(43)) - raft.server.rpcslowness.timeout = 120s (custom)
2019-07-14 06:51:55,052 INFO  server.RaftServerConfigKeys (ConfUtils.java:logGet(43)) - raft.server.log.appender.install.snapshot.enabled = false (custom)
2019-07-14 06:51:55,052 INFO  server.RaftServerConfigKeys (ConfUtils.java:logGet(43)) - raft.server.sleep.deviation.threshold = 300 (default)
2019-07-14 06:51:55,052 INFO  impl.RaftServerImpl (ServerState.java:<init>(105)) - d2125c14-bf5b-4a89-9656-01806452c152:group-767F60FE3A80 ConfigurationManager, init=-1: [ec8ecf58-59d7-498d-96c5-eba8c5551cd0:192.168.5.144:32783, d2125c14-bf5b-4a89-9656-01806452c152:192.168.5.144:36331, 9bda9dad-fadd-43bb-a848-649d686737da:192.168.5.144:44514], old=null, confs=<EMPTY_MAP>
2019-07-14 06:51:55,053 INFO  server.RaftServerConfigKeys (ConfUtils.java:logGet(43)) - raft.server.log.appender.install.snapshot.enabled = false (custom)
2019-07-14 06:51:55,053 INFO  server.RaftServerConfigKeys (ConfUtils.java:logGet(43)) - raft.server.storage.dir = [/tmp/workdir/hadoop-ozone/integration-test/target/test-dir/MiniOzoneClusterImpl-c5bb5f29-3b06-4817-970c-9bb0fe5b284c/datanode-1/data/ratis] (custom)
2019-07-14 06:51:55,053 INFO  impl.RaftServerImpl (ServerState.java:<init>(105)) - 9bda9dad-fadd-43bb-a848-649d686737da:group-767F60FE3A80 ConfigurationManager, init=-1: [ec8ecf58-59d7-498d-96c5-eba8c5551cd0:192.168.5.144:32783, d2125c14-bf5b-4a89-9656-01806452c152:192.168.5.144:36331, 9bda9dad-fadd-43bb-a848-649d686737da:192.168.5.144:44514], old=null, confs=<EMPTY_MAP>
2019-07-14 06:51:55,053 INFO  server.RaftServerConfigKeys (ConfUtils.java:logGet(43)) - raft.server.storage.dir = [/tmp/workdir/hadoop-ozone/integration-test/target/test-dir/MiniOzoneClusterImpl-c5bb5f29-3b06-4817-970c-9bb0fe5b284c/datanode-2/data/ratis] (custom)
2019-07-14 06:51:55,053 INFO  storage.RaftStorageDirectory (RaftStorageDirectory.java:analyzeStorage(246)) - The storage directory /tmp/workdir/hadoop-ozone/integration-test/target/test-dir/MiniOzoneClusterImpl-c5bb5f29-3b06-4817-970c-9bb0fe5b284c/datanode-1/data/ratis/8517ecee-c761-4419-a301-767f60fe3a80 does not exist. Creating ...
2019-07-14 06:51:55,053 INFO  storage.RaftStorageDirectory (RaftStorageDirectory.java:analyzeStorage(246)) - The storage directory /tmp/workdir/hadoop-ozone/integration-test/target/test-dir/MiniOzoneClusterImpl-c5bb5f29-3b06-4817-970c-9bb0fe5b284c/datanode-2/data/ratis/8517ecee-c761-4419-a301-767f60fe3a80 does not exist. Creating ...
2019-07-14 06:51:55,065 INFO  storage.RaftStorageDirectory (RaftStorageDirectory.java:tryLock(328)) - Lock on /tmp/workdir/hadoop-ozone/integration-test/target/test-dir/MiniOzoneClusterImpl-c5bb5f29-3b06-4817-970c-9bb0fe5b284c/datanode-2/data/ratis/8517ecee-c761-4419-a301-767f60fe3a80/in_use.lock acquired by nodename 3046@trunk-nightly-8c95p-1540871953
2019-07-14 06:51:55,065 INFO  storage.RaftStorageDirectory (RaftStorageDirectory.java:tryLock(328)) - Lock on /tmp/workdir/hadoop-ozone/integration-test/target/test-dir/MiniOzoneClusterImpl-c5bb5f29-3b06-4817-970c-9bb0fe5b284c/datanode-1/data/ratis/8517ecee-c761-4419-a301-767f60fe3a80/in_use.lock acquired by nodename 3046@trunk-nightly-8c95p-1540871953
2019-07-14 06:51:55,065 INFO  storage.RaftStorageDirectory (RaftStorageDirectory.java:tryLock(328)) - Lock on /tmp/workdir/hadoop-ozone/integration-test/target/test-dir/MiniOzoneClusterImpl-c5bb5f29-3b06-4817-970c-9bb0fe5b284c/datanode-0/data/ratis/8517ecee-c761-4419-a301-767f60fe3a80/in_use.lock acquired by nodename 3046@trunk-nightly-8c95p-1540871953
2019-07-14 06:51:55,069 INFO  storage.RaftStorage (RaftStorage.java:format(72)) - Storage directory /tmp/workdir/hadoop-ozone/integration-test/target/test-dir/MiniOzoneClusterImpl-c5bb5f29-3b06-4817-970c-9bb0fe5b284c/datanode-1/data/ratis/8517ecee-c761-4419-a301-767f60fe3a80 has been successfully formatted.
2019-07-14 06:51:55,069 INFO  storage.RaftStorage (RaftStorage.java:format(72)) - Storage directory /tmp/workdir/hadoop-ozone/integration-test/target/test-dir/MiniOzoneClusterImpl-c5bb5f29-3b06-4817-970c-9bb0fe5b284c/datanode-0/data/ratis/8517ecee-c761-4419-a301-767f60fe3a80 has been successfully formatted.
2019-07-14 06:51:55,069 INFO  storage.RaftStorage (RaftStorage.java:format(72)) - Storage directory /tmp/workdir/hadoop-ozone/integration-test/target/test-dir/MiniOzoneClusterImpl-c5bb5f29-3b06-4817-970c-9bb0fe5b284c/datanode-2/data/ratis/8517ecee-c761-4419-a301-767f60fe3a80 has been successfully formatted.
2019-07-14 06:51:55,069 INFO  ratis.ContainerStateMachine (ContainerStateMachine.java:loadSnapshot(200)) - group-767F60FE3A80: The snapshot info is null. Setting the last applied indexto:(t:0, i:~)
2019-07-14 06:51:55,069 INFO  ratis.ContainerStateMachine (ContainerStateMachine.java:loadSnapshot(200)) - group-767F60FE3A80: The snapshot info is null. Setting the last applied indexto:(t:0, i:~)
2019-07-14 06:51:55,069 INFO  server.RaftServerConfigKeys (ConfUtils.java:logGet(43)) - raft.server.leader.election.timeout = 120s (custom)
2019-07-14 06:51:55,069 INFO  ratis.ContainerStateMachine (ContainerStateMachine.java:loadSnapshot(200)) - group-767F60FE3A80: The snapshot info is null. Setting the last applied indexto:(t:0, i:~)
2019-07-14 06:51:55,069 INFO  server.RaftServerConfigKeys (ConfUtils.java:logGet(43)) - raft.server.log.use.memory = false (default)
2019-07-14 06:51:55,069 INFO  server.RaftServerConfigKeys (ConfUtils.java:logGet(43)) - raft.server.leader.election.timeout = 120s (custom)
2019-07-14 06:51:55,070 INFO  server.RaftServerConfigKeys (ConfUtils.java:logGet(43)) - raft.server.log.purge.gap = 1000000000 (custom)
2019-07-14 06:51:55,070 INFO  server.RaftServerConfigKeys (ConfUtils.java:logGet(43)) - raft.server.leader.election.timeout = 120s (custom)
2019-07-14 06:51:55,070 INFO  server.RaftServerConfigKeys (ConfUtils.java:logGet(43)) - raft.server.log.appender.buffer.byte-limit = 33554432 (custom)
2019-07-14 06:51:55,070 INFO  server.RaftServerConfigKeys (ConfUtils.java:logGet(43)) - raft.server.log.use.memory = false (default)
2019-07-14 06:51:55,070 INFO  server.RaftServerConfigKeys (ConfUtils.java:logGet(43)) - raft.server.log.segment.size.max = 1048576 (custom)
2019-07-14 06:51:55,070 INFO  server.RaftServerConfigKeys (ConfUtils.java:logGet(43)) - raft.server.log.use.memory = false (default)
2019-07-14 06:51:55,070 INFO  server.RaftServerConfigKeys (ConfUtils.java:logGet(43)) - raft.server.log.segment.cache.num.max = 2 (custom)
2019-07-14 06:51:55,070 INFO  server.RaftServerConfigKeys (ConfUtils.java:logGet(43)) - raft.server.log.purge.gap = 1000000000 (custom)
2019-07-14 06:51:55,070 INFO  segmented.SegmentedRaftLogWorker (SegmentedRaftLogWorker.java:<init>(172)) - new ec8ecf58-59d7-498d-96c5-eba8c5551cd0-SegmentedRaftLogWorker:Storage Directory /tmp/workdir/hadoop-ozone/integration-test/target/test-dir/MiniOzoneClusterImpl-c5bb5f29-3b06-4817-970c-9bb0fe5b284c/datanode-0/data/ratis/8517ecee-c761-4419-a301-767f60fe3a80 for RaftStorage:Storage Directory /tmp/workdir/hadoop-ozone/integration-test/target/test-dir/MiniOzoneClusterImpl-c5bb5f29-3b06-4817-970c-9bb0fe5b284c/datanode-0/data/ratis/8517ecee-c761-4419-a301-767f60fe3a80
2019-07-14 06:51:55,070 INFO  server.RaftServerConfigKeys (ConfUtils.java:logGet(43)) - raft.server.log.purge.gap = 1000000000 (custom)
2019-07-14 06:51:55,071 INFO  server.RaftServerConfigKeys (ConfUtils.java:logGet(43)) - raft.server.log.queue.byte-limit = 2147483647 (custom)
2019-07-14 06:51:55,070 INFO  server.RaftServerConfigKeys (ConfUtils.java:logGet(43)) - raft.server.log.appender.buffer.byte-limit = 33554432 (custom)
2019-07-14 06:51:55,071 INFO  server.RaftServerConfigKeys (ConfUtils.java:logGet(43)) - raft.server.log.queue.element-limit = 1024 (custom)
2019-07-14 06:51:55,071 INFO  server.RaftServerConfigKeys (ConfUtils.java:logGet(43)) - raft.server.log.appender.buffer.byte-limit = 33554432 (custom)
2019-07-14 06:51:55,071 INFO  server.RaftServerConfigKeys (ConfUtils.java:logGet(43)) - raft.server.log.segment.size.max = 1048576 (custom)
2019-07-14 06:51:55,071 INFO  server.RaftServerConfigKeys (ConfUtils.java:logGet(43)) - raft.server.log.preallocated.size = 16384 (custom)
2019-07-14 06:51:55,071 INFO  server.RaftServerConfigKeys (ConfUtils.java:logGet(43)) - raft.server.log.segment.size.max = 1048576 (custom)
2019-07-14 06:51:55,071 INFO  server.RaftServerConfigKeys (ConfUtils.java:logGet(43)) - raft.server.log.write.buffer.size = 33554432 (custom)
2019-07-14 06:51:55,071 INFO  server.RaftServerConfigKeys (ConfUtils.java:logGet(43)) - raft.server.log.segment.size.max = 1048576 (custom)
2019-07-14 06:51:55,071 INFO  server.RaftServerConfigKeys (ConfUtils.java:logGet(43)) - raft.server.log.force.sync.num = 128 (default)
2019-07-14 06:51:55,072 INFO  server.RaftServerConfigKeys (ConfUtils.java:logGet(43)) - raft.server.log.statemachine.data.sync = true (default)
2019-07-14 06:51:55,071 INFO  server.RaftServerConfigKeys (ConfUtils.java:logGet(43)) - raft.server.log.segment.cache.num.max = 2 (custom)
2019-07-14 06:51:55,072 INFO  server.RaftServerConfigKeys (ConfUtils.java:logGet(43)) - raft.server.log.statemachine.data.sync.timeout = 10s (default)
2019-07-14 06:51:55,072 INFO  server.RaftServerConfigKeys (ConfUtils.java:logGet(43)) - raft.server.log.segment.cache.num.max = 2 (custom)
2019-07-14 06:51:55,072 INFO  server.RaftServerConfigKeys (ConfUtils.java:logGet(43)) - raft.server.log.statemachine.data.sync.timeout.retry = -1 (default)
2019-07-14 06:51:55,072 INFO  segmented.SegmentedRaftLogWorker (SegmentedRaftLogWorker.java:<init>(172)) - new d2125c14-bf5b-4a89-9656-01806452c152-SegmentedRaftLogWorker:Storage Directory /tmp/workdir/hadoop-ozone/integration-test/target/test-dir/MiniOzoneClusterImpl-c5bb5f29-3b06-4817-970c-9bb0fe5b284c/datanode-1/data/ratis/8517ecee-c761-4419-a301-767f60fe3a80 for RaftStorage:Storage Directory /tmp/workdir/hadoop-ozone/integration-test/target/test-dir/MiniOzoneClusterImpl-c5bb5f29-3b06-4817-970c-9bb0fe5b284c/datanode-1/data/ratis/8517ecee-c761-4419-a301-767f60fe3a80
2019-07-14 06:51:55,072 INFO  server.RaftServerConfigKeys (ConfUtils.java:logGet(43)) - raft.server.log.statemachine.data.caching.enabled = true (custom)
2019-07-14 06:51:55,072 INFO  segmented.SegmentedRaftLogWorker (SegmentedRaftLogWorker.java:<init>(172)) - new 9bda9dad-fadd-43bb-a848-649d686737da-SegmentedRaftLogWorker:Storage Directory /tmp/workdir/hadoop-ozone/integration-test/target/test-dir/MiniOzoneClusterImpl-c5bb5f29-3b06-4817-970c-9bb0fe5b284c/datanode-2/data/ratis/8517ecee-c761-4419-a301-767f60fe3a80 for RaftStorage:Storage Directory /tmp/workdir/hadoop-ozone/integration-test/target/test-dir/MiniOzoneClusterImpl-c5bb5f29-3b06-4817-970c-9bb0fe5b284c/datanode-2/data/ratis/8517ecee-c761-4419-a301-767f60fe3a80
2019-07-14 06:51:55,072 INFO  server.RaftServerConfigKeys (ConfUtils.java:logGet(43)) - raft.server.log.queue.byte-limit = 2147483647 (custom)
2019-07-14 06:51:55,072 INFO  segmented.SegmentedRaftLogWorker (SegmentedRaftLogWorker.java:lambda$new$0(132)) - ec8ecf58-59d7-498d-96c5-eba8c5551cd0-SegmentedRaftLogWorker:Storage Directory /tmp/workdir/hadoop-ozone/integration-test/target/test-dir/MiniOzoneClusterImpl-c5bb5f29-3b06-4817-970c-9bb0fe5b284c/datanode-0/data/ratis/8517ecee-c761-4419-a301-767f60fe3a80: flushIndex: setUnconditionally 0 -> -1
2019-07-14 06:51:55,072 INFO  server.RaftServerConfigKeys (ConfUtils.java:logGet(43)) - raft.server.log.queue.byte-limit = 2147483647 (custom)
2019-07-14 06:51:55,073 INFO  server.RaftServerConfigKeys (ConfUtils.java:logGet(43)) - raft.server.log.queue.element-limit = 1024 (custom)
2019-07-14 06:51:55,073 INFO  server.RaftServerConfigKeys (ConfUtils.java:logGet(43)) - raft.server.log.queue.element-limit = 1024 (custom)
2019-07-14 06:51:55,073 INFO  server.RaftServerConfigKeys (ConfUtils.java:logGet(43)) - raft.server.log.segment.size.max = 1048576 (custom)
2019-07-14 06:51:55,073 INFO  server.RaftServerConfigKeys (ConfUtils.java:logGet(43)) - raft.server.snapshot.auto.trigger.enabled = true (custom)
2019-07-14 06:51:55,073 INFO  server.RaftServerConfigKeys (ConfUtils.java:logGet(43)) - raft.server.log.preallocated.size = 16384 (custom)
2019-07-14 06:51:55,073 INFO  server.RaftServerConfigKeys (ConfUtils.java:logGet(43)) - raft.server.log.segment.size.max = 1048576 (custom)
2019-07-14 06:51:55,073 INFO  server.RaftServerConfigKeys (ConfUtils.java:logGet(43)) - raft.server.log.write.buffer.size = 33554432 (custom)
2019-07-14 06:51:55,073 INFO  server.RaftServerConfigKeys (ConfUtils.java:logGet(43)) - raft.server.snapshot.auto.trigger.threshold = 10000 (custom)
2019-07-14 06:51:55,073 INFO  server.RaftServerConfigKeys (ConfUtils.java:logGet(43)) - raft.server.log.force.sync.num = 128 (default)
2019-07-14 06:51:55,073 INFO  server.RaftServerConfigKeys (ConfUtils.java:logGet(43)) - raft.server.log.preallocated.size = 16384 (custom)
2019-07-14 06:51:55,074 INFO  server.RaftServerConfigKeys (ConfUtils.java:logGet(43)) - raft.server.log.statemachine.data.sync = true (default)
2019-07-14 06:51:55,074 INFO  server.RaftServerConfigKeys (ConfUtils.java:logGet(43)) - raft.server.retrycache.expirytime = 600000ms (custom)
2019-07-14 06:51:55,074 INFO  server.RaftServerConfigKeys (ConfUtils.java:logGet(43)) - raft.server.log.statemachine.data.sync.timeout = 10s (default)
2019-07-14 06:51:55,074 INFO  server.RaftServerConfigKeys (ConfUtils.java:logGet(43)) - raft.server.log.write.buffer.size = 33554432 (custom)
2019-07-14 06:51:55,074 INFO  server.RaftServerConfigKeys (ConfUtils.java:logGet(43)) - raft.server.log.statemachine.data.sync.timeout.retry = -1 (default)
2019-07-14 06:51:55,074 INFO  impl.RaftServerImpl (RaftServerImpl.java:start(180)) - ec8ecf58-59d7-498d-96c5-eba8c5551cd0: start group-767F60FE3A80
2019-07-14 06:51:55,074 INFO  server.RaftServerConfigKeys (ConfUtils.java:logGet(43)) - raft.server.log.statemachine.data.caching.enabled = true (custom)
2019-07-14 06:51:55,074 INFO  server.RaftServerConfigKeys (ConfUtils.java:logGet(43)) - raft.server.log.force.sync.num = 128 (default)
2019-07-14 06:51:55,074 INFO  impl.RaftServerImpl (RaftServerImpl.java:setRole(171)) - ec8ecf58-59d7-498d-96c5-eba8c5551cd0:group-767F60FE3A80 changes role from null to FOLLOWER at term 0 for startAsFollower
2019-07-14 06:51:55,074 INFO  server.RaftServerConfigKeys (ConfUtils.java:logGet(43)) - raft.server.log.statemachine.data.sync = true (default)
2019-07-14 06:51:55,074 INFO  segmented.SegmentedRaftLogWorker (SegmentedRaftLogWorker.java:lambda$new$0(132)) - d2125c14-bf5b-4a89-9656-01806452c152-SegmentedRaftLogWorker:Storage Directory /tmp/workdir/hadoop-ozone/integration-test/target/test-dir/MiniOzoneClusterImpl-c5bb5f29-3b06-4817-970c-9bb0fe5b284c/datanode-1/data/ratis/8517ecee-c761-4419-a301-767f60fe3a80: flushIndex: setUnconditionally 0 -> -1
2019-07-14 06:51:55,075 INFO  server.RaftServerConfigKeys (ConfUtils.java:logGet(43)) - raft.server.log.statemachine.data.sync.timeout = 10s (default)
2019-07-14 06:51:55,074 INFO  impl.RoleInfo (RoleInfo.java:updateAndGet(143)) - ec8ecf58-59d7-498d-96c5-eba8c5551cd0: start FollowerState
2019-07-14 06:51:55,075 INFO  server.RaftServerConfigKeys (ConfUtils.java:logGet(43)) - raft.server.snapshot.auto.trigger.enabled = true (custom)
2019-07-14 06:51:55,075 INFO  server.RaftServerConfigKeys (ConfUtils.java:logGet(43)) - raft.server.log.statemachine.data.sync.timeout.retry = -1 (default)
2019-07-14 06:51:55,075 INFO  server.RaftServerConfigKeys (ConfUtils.java:logGet(43)) - raft.server.snapshot.auto.trigger.threshold = 10000 (custom)
2019-07-14 06:51:55,075 INFO  util.JmxRegister (JmxRegister.java:tryRegister(44)) - Successfully registered JMX Bean with object name Ratis:service=RaftServer,group=group-767F60FE3A80,id=ec8ecf58-59d7-498d-96c5-eba8c5551cd0
2019-07-14 06:51:55,075 INFO  server.RaftServerConfigKeys (ConfUtils.java:logGet(43)) - raft.server.log.statemachine.data.caching.enabled = true (custom)
2019-07-14 06:51:55,075 INFO  server.RaftServerConfigKeys (ConfUtils.java:logGet(43)) - raft.server.retrycache.expirytime = 600000ms (custom)
2019-07-14 06:51:55,076 INFO  segmented.SegmentedRaftLogWorker (SegmentedRaftLogWorker.java:lambda$new$0(132)) - 9bda9dad-fadd-43bb-a848-649d686737da-SegmentedRaftLogWorker:Storage Directory /tmp/workdir/hadoop-ozone/integration-test/target/test-dir/MiniOzoneClusterImpl-c5bb5f29-3b06-4817-970c-9bb0fe5b284c/datanode-2/data/ratis/8517ecee-c761-4419-a301-767f60fe3a80: flushIndex: setUnconditionally 0 -> -1
2019-07-14 06:51:55,076 INFO  impl.RaftServerImpl (RaftServerImpl.java:start(180)) - d2125c14-bf5b-4a89-9656-01806452c152: start group-767F60FE3A80
2019-07-14 06:51:55,076 INFO  impl.RaftServerImpl (RaftServerImpl.java:setRole(171)) - d2125c14-bf5b-4a89-9656-01806452c152:group-767F60FE3A80 changes role from null to FOLLOWER at term 0 for startAsFollower
2019-07-14 06:51:55,076 INFO  server.RaftServerConfigKeys (ConfUtils.java:logGet(43)) - raft.server.snapshot.auto.trigger.enabled = true (custom)
2019-07-14 06:51:55,076 INFO  impl.RoleInfo (RoleInfo.java:updateAndGet(143)) - d2125c14-bf5b-4a89-9656-01806452c152: start FollowerState
2019-07-14 06:51:55,076 INFO  server.RaftServerConfigKeys (ConfUtils.java:logGet(43)) - raft.server.snapshot.auto.trigger.threshold = 10000 (custom)
2019-07-14 06:51:55,076 INFO  server.RaftServerConfigKeys (ConfUtils.java:logGet(43)) - raft.server.retrycache.expirytime = 600000ms (custom)
2019-07-14 06:51:55,076 INFO  util.JmxRegister (JmxRegister.java:tryRegister(44)) - Successfully registered JMX Bean with object name Ratis:service=RaftServer,group=group-767F60FE3A80,id=d2125c14-bf5b-4a89-9656-01806452c152
2019-07-14 06:51:55,076 INFO  impl.RaftServerImpl (RaftServerImpl.java:start(180)) - 9bda9dad-fadd-43bb-a848-649d686737da: start group-767F60FE3A80
2019-07-14 06:51:55,076 INFO  impl.RaftServerImpl (RaftServerImpl.java:setRole(171)) - 9bda9dad-fadd-43bb-a848-649d686737da:group-767F60FE3A80 changes role from null to FOLLOWER at term 0 for startAsFollower
2019-07-14 06:51:55,080 INFO  impl.RoleInfo (RoleInfo.java:updateAndGet(143)) - 9bda9dad-fadd-43bb-a848-649d686737da: start FollowerState
2019-07-14 06:51:55,081 INFO  util.JmxRegister (JmxRegister.java:tryRegister(44)) - Successfully registered JMX Bean with object name Ratis:service=RaftServer,group=group-767F60FE3A80,id=9bda9dad-fadd-43bb-a848-649d686737da
2019-07-14 06:51:55,097 INFO  pipeline.PipelineStateManager (PipelineStateManager.java:addPipeline(56)) - Created pipeline Pipeline[ Id: 8517ecee-c761-4419-a301-767f60fe3a80, Nodes: d2125c14-bf5b-4a89-9656-01806452c152{ip: 192.168.5.144, host: trunk-nightly-8c95p-1540871953, networkLocation: /default-rack, certSerialId: null}ec8ecf58-59d7-498d-96c5-eba8c5551cd0{ip: 192.168.5.144, host: trunk-nightly-8c95p-1540871953, networkLocation: /default-rack, certSerialId: null}9bda9dad-fadd-43bb-a848-649d686737da{ip: 192.168.5.144, host: trunk-nightly-8c95p-1540871953, networkLocation: /default-rack, certSerialId: null}, Type:RATIS, Factor:THREE, State:OPEN]
2019-07-14 06:51:55,161 INFO  node.SCMNodeManager (SCMNodeManager.java:register(269)) - Registered Data node : c331ada3-8585-410d-8ae9-67cf9aab0100{ip: 192.168.5.144, host: trunk-nightly-8c95p-1540871953, networkLocation: /default-rack, certSerialId: null}
2019-07-14 06:51:55,181 INFO  impl.RaftServerProxy (RaftServerProxy.java:addNew(89)) - c331ada3-8585-410d-8ae9-67cf9aab0100: addNew group-3AB6F9CC46AB:[c331ada3-8585-410d-8ae9-67cf9aab0100:192.168.5.144:44603] returns group-3AB6F9CC46AB:java.util.concurrent.CompletableFuture@669ad69e[Not completed]
2019-07-14 06:51:55,182 INFO  impl.RaftServerImpl (RaftServerImpl.java:<init>(93)) - c331ada3-8585-410d-8ae9-67cf9aab0100: new RaftServerImpl for group-3AB6F9CC46AB:[c331ada3-8585-410d-8ae9-67cf9aab0100:192.168.5.144:44603] with ContainerStateMachine:uninitialized
2019-07-14 06:51:55,182 INFO  server.RaftServerConfigKeys (ConfUtils.java:logGet(43)) - raft.server.rpc.timeout.min = 5s (custom)
2019-07-14 06:51:55,182 INFO  server.RaftServerConfigKeys (ConfUtils.java:logGet(43)) - raft.server.rpc.timeout.max = 5200ms (custom)
2019-07-14 06:51:55,182 INFO  server.RaftServerConfigKeys (ConfUtils.java:logGet(43)) - raft.server.rpcslowness.timeout = 120s (custom)
2019-07-14 06:51:55,182 INFO  server.RaftServerConfigKeys (ConfUtils.java:logGet(43)) - raft.server.sleep.deviation.threshold = 300 (default)
2019-07-14 06:51:55,183 INFO  server.RaftServerConfigKeys (ConfUtils.java:logGet(43)) - raft.server.log.appender.install.snapshot.enabled = false (custom)
2019-07-14 06:51:55,183 INFO  impl.RaftServerImpl (ServerState.java:<init>(105)) - c331ada3-8585-410d-8ae9-67cf9aab0100:group-3AB6F9CC46AB ConfigurationManager, init=-1: [c331ada3-8585-410d-8ae9-67cf9aab0100:192.168.5.144:44603], old=null, confs=<EMPTY_MAP>
2019-07-14 06:51:55,183 INFO  server.RaftServerConfigKeys (ConfUtils.java:logGet(43)) - raft.server.storage.dir = [/tmp/workdir/hadoop-ozone/integration-test/target/test-dir/MiniOzoneClusterImpl-c5bb5f29-3b06-4817-970c-9bb0fe5b284c/datanode-3/data/ratis] (custom)
2019-07-14 06:51:55,183 INFO  storage.RaftStorageDirectory (RaftStorageDirectory.java:analyzeStorage(246)) - The storage directory /tmp/workdir/hadoop-ozone/integration-test/target/test-dir/MiniOzoneClusterImpl-c5bb5f29-3b06-4817-970c-9bb0fe5b284c/datanode-3/data/ratis/28aff284-4a04-4712-b181-3ab6f9cc46ab does not exist. Creating ...
2019-07-14 06:51:55,188 INFO  storage.RaftStorageDirectory (RaftStorageDirectory.java:tryLock(328)) - Lock on /tmp/workdir/hadoop-ozone/integration-test/target/test-dir/MiniOzoneClusterImpl-c5bb5f29-3b06-4817-970c-9bb0fe5b284c/datanode-3/data/ratis/28aff284-4a04-4712-b181-3ab6f9cc46ab/in_use.lock acquired by nodename 3046@trunk-nightly-8c95p-1540871953
2019-07-14 06:51:55,200 INFO  storage.RaftStorage (RaftStorage.java:format(72)) - Storage directory /tmp/workdir/hadoop-ozone/integration-test/target/test-dir/MiniOzoneClusterImpl-c5bb5f29-3b06-4817-970c-9bb0fe5b284c/datanode-3/data/ratis/28aff284-4a04-4712-b181-3ab6f9cc46ab has been successfully formatted.
2019-07-14 06:51:55,200 INFO  ratis.ContainerStateMachine (ContainerStateMachine.java:loadSnapshot(200)) - group-3AB6F9CC46AB: The snapshot info is null. Setting the last applied indexto:(t:0, i:~)
2019-07-14 06:51:55,200 INFO  server.RaftServerConfigKeys (ConfUtils.java:logGet(43)) - raft.server.leader.election.timeout = 120s (custom)
2019-07-14 06:51:55,200 INFO  server.RaftServerConfigKeys (ConfUtils.java:logGet(43)) - raft.server.log.use.memory = false (default)
2019-07-14 06:51:55,200 INFO  server.RaftServerConfigKeys (ConfUtils.java:logGet(43)) - raft.server.log.purge.gap = 1000000000 (custom)
2019-07-14 06:51:55,201 INFO  server.RaftServerConfigKeys (ConfUtils.java:logGet(43)) - raft.server.log.appender.buffer.byte-limit = 33554432 (custom)
2019-07-14 06:51:55,201 INFO  server.RaftServerConfigKeys (ConfUtils.java:logGet(43)) - raft.server.log.segment.size.max = 1048576 (custom)
2019-07-14 06:51:55,201 INFO  server.RaftServerConfigKeys (ConfUtils.java:logGet(43)) - raft.server.log.segment.cache.num.max = 2 (custom)
2019-07-14 06:51:55,201 INFO  segmented.SegmentedRaftLogWorker (SegmentedRaftLogWorker.java:<init>(172)) - new c331ada3-8585-410d-8ae9-67cf9aab0100-SegmentedRaftLogWorker:Storage Directory /tmp/workdir/hadoop-ozone/integration-test/target/test-dir/MiniOzoneClusterImpl-c5bb5f29-3b06-4817-970c-9bb0fe5b284c/datanode-3/data/ratis/28aff284-4a04-4712-b181-3ab6f9cc46ab for RaftStorage:Storage Directory /tmp/workdir/hadoop-ozone/integration-test/target/test-dir/MiniOzoneClusterImpl-c5bb5f29-3b06-4817-970c-9bb0fe5b284c/datanode-3/data/ratis/28aff284-4a04-4712-b181-3ab6f9cc46ab
2019-07-14 06:51:55,201 INFO  server.RaftServerConfigKeys (ConfUtils.java:logGet(43)) - raft.server.log.queue.byte-limit = 2147483647 (custom)
2019-07-14 06:51:55,201 INFO  server.RaftServerConfigKeys (ConfUtils.java:logGet(43)) - raft.server.log.queue.element-limit = 1024 (custom)
2019-07-14 06:51:55,202 INFO  server.RaftServerConfigKeys (ConfUtils.java:logGet(43)) - raft.server.log.segment.size.max = 1048576 (custom)
2019-07-14 06:51:55,202 INFO  server.RaftServerConfigKeys (ConfUtils.java:logGet(43)) - raft.server.log.preallocated.size = 16384 (custom)
2019-07-14 06:51:55,202 INFO  server.RaftServerConfigKeys (ConfUtils.java:logGet(43)) - raft.server.log.write.buffer.size = 33554432 (custom)
2019-07-14 06:51:55,202 INFO  server.RaftServerConfigKeys (ConfUtils.java:logGet(43)) - raft.server.log.force.sync.num = 128 (default)
2019-07-14 06:51:55,202 INFO  server.RaftServerConfigKeys (ConfUtils.java:logGet(43)) - raft.server.log.statemachine.data.sync = true (default)
2019-07-14 06:51:55,202 INFO  server.RaftServerConfigKeys (ConfUtils.java:logGet(43)) - raft.server.log.statemachine.data.sync.timeout = 10s (default)
2019-07-14 06:51:55,202 INFO  server.RaftServerConfigKeys (ConfUtils.java:logGet(43)) - raft.server.log.statemachine.data.sync.timeout.retry = -1 (default)
2019-07-14 06:51:55,203 INFO  server.RaftServerConfigKeys (ConfUtils.java:logGet(43)) - raft.server.log.statemachine.data.caching.enabled = true (custom)
2019-07-14 06:51:55,203 INFO  segmented.SegmentedRaftLogWorker (SegmentedRaftLogWorker.java:lambda$new$0(132)) - c331ada3-8585-410d-8ae9-67cf9aab0100-SegmentedRaftLogWorker:Storage Directory /tmp/workdir/hadoop-ozone/integration-test/target/test-dir/MiniOzoneClusterImpl-c5bb5f29-3b06-4817-970c-9bb0fe5b284c/datanode-3/data/ratis/28aff284-4a04-4712-b181-3ab6f9cc46ab: flushIndex: setUnconditionally 0 -> -1
2019-07-14 06:51:55,203 INFO  server.RaftServerConfigKeys (ConfUtils.java:logGet(43)) - raft.server.snapshot.auto.trigger.enabled = true (custom)
2019-07-14 06:51:55,203 INFO  server.RaftServerConfigKeys (ConfUtils.java:logGet(43)) - raft.server.snapshot.auto.trigger.threshold = 10000 (custom)
2019-07-14 06:51:55,203 INFO  server.RaftServerConfigKeys (ConfUtils.java:logGet(43)) - raft.server.retrycache.expirytime = 600000ms (custom)
2019-07-14 06:51:55,204 INFO  impl.RaftServerImpl (RaftServerImpl.java:start(180)) - c331ada3-8585-410d-8ae9-67cf9aab0100: start group-3AB6F9CC46AB
2019-07-14 06:51:55,204 INFO  impl.RaftServerImpl (RaftServerImpl.java:setRole(171)) - c331ada3-8585-410d-8ae9-67cf9aab0100:group-3AB6F9CC46AB changes role from null to FOLLOWER at term 0 for startAsFollower
2019-07-14 06:51:55,204 INFO  impl.RoleInfo (RoleInfo.java:updateAndGet(143)) - c331ada3-8585-410d-8ae9-67cf9aab0100: start FollowerState
2019-07-14 06:51:55,204 INFO  util.JmxRegister (JmxRegister.java:tryRegister(44)) - Successfully registered JMX Bean with object name Ratis:service=RaftServer,group=group-3AB6F9CC46AB,id=c331ada3-8585-410d-8ae9-67cf9aab0100
2019-07-14 06:51:55,210 INFO  pipeline.PipelineStateManager (PipelineStateManager.java:addPipeline(56)) - Created pipeline Pipeline[ Id: 28aff284-4a04-4712-b181-3ab6f9cc46ab, Nodes: c331ada3-8585-410d-8ae9-67cf9aab0100{ip: 192.168.5.144, host: trunk-nightly-8c95p-1540871953, networkLocation: /default-rack, certSerialId: null}, Type:RATIS, Factor:ONE, State:OPEN]
2019-07-14 06:51:55,391 INFO  node.SCMNodeManager (SCMNodeManager.java:register(269)) - Registered Data node : ff31a17b-ed45-42e6-b341-607b7852e9f5{ip: 192.168.5.144, host: trunk-nightly-8c95p-1540871953, networkLocation: /default-rack, certSerialId: null}
2019-07-14 06:51:55,408 INFO  impl.RaftServerProxy (RaftServerProxy.java:addNew(89)) - ff31a17b-ed45-42e6-b341-607b7852e9f5: addNew group-5D93CA331AEE:[ff31a17b-ed45-42e6-b341-607b7852e9f5:192.168.5.144:33311] returns group-5D93CA331AEE:java.util.concurrent.CompletableFuture@342ce867[Not completed]
2019-07-14 06:51:55,409 INFO  impl.RaftServerImpl (RaftServerImpl.java:<init>(93)) - ff31a17b-ed45-42e6-b341-607b7852e9f5: new RaftServerImpl for group-5D93CA331AEE:[ff31a17b-ed45-42e6-b341-607b7852e9f5:192.168.5.144:33311] with ContainerStateMachine:uninitialized
2019-07-14 06:51:55,409 INFO  server.RaftServerConfigKeys (ConfUtils.java:logGet(43)) - raft.server.rpc.timeout.min = 5s (custom)
2019-07-14 06:51:55,409 INFO  server.RaftServerConfigKeys (ConfUtils.java:logGet(43)) - raft.server.rpc.timeout.max = 5200ms (custom)
2019-07-14 06:51:55,409 INFO  server.RaftServerConfigKeys (ConfUtils.java:logGet(43)) - raft.server.rpcslowness.timeout = 120s (custom)
2019-07-14 06:51:55,410 INFO  server.RaftServerConfigKeys (ConfUtils.java:logGet(43)) - raft.server.sleep.deviation.threshold = 300 (default)
2019-07-14 06:51:55,410 INFO  server.RaftServerConfigKeys (ConfUtils.java:logGet(43)) - raft.server.log.appender.install.snapshot.enabled = false (custom)
2019-07-14 06:51:55,410 INFO  impl.RaftServerImpl (ServerState.java:<init>(105)) - ff31a17b-ed45-42e6-b341-607b7852e9f5:group-5D93CA331AEE ConfigurationManager, init=-1: [ff31a17b-ed45-42e6-b341-607b7852e9f5:192.168.5.144:33311], old=null, confs=<EMPTY_MAP>
2019-07-14 06:51:55,410 INFO  server.RaftServerConfigKeys (ConfUtils.java:logGet(43)) - raft.server.storage.dir = [/tmp/workdir/hadoop-ozone/integration-test/target/test-dir/MiniOzoneClusterImpl-c5bb5f29-3b06-4817-970c-9bb0fe5b284c/datanode-4/data/ratis] (custom)
2019-07-14 06:51:55,411 INFO  storage.RaftStorageDirectory (RaftStorageDirectory.java:analyzeStorage(246)) - The storage directory /tmp/workdir/hadoop-ozone/integration-test/target/test-dir/MiniOzoneClusterImpl-c5bb5f29-3b06-4817-970c-9bb0fe5b284c/datanode-4/data/ratis/65474bc8-3d03-4bd0-a5ad-5d93ca331aee does not exist. Creating ...
2019-07-14 06:51:55,435 INFO  storage.RaftStorageDirectory (RaftStorageDirectory.java:tryLock(328)) - Lock on /tmp/workdir/hadoop-ozone/integration-test/target/test-dir/MiniOzoneClusterImpl-c5bb5f29-3b06-4817-970c-9bb0fe5b284c/datanode-4/data/ratis/65474bc8-3d03-4bd0-a5ad-5d93ca331aee/in_use.lock acquired by nodename 3046@trunk-nightly-8c95p-1540871953
2019-07-14 06:51:55,438 INFO  storage.RaftStorage (RaftStorage.java:format(72)) - Storage directory /tmp/workdir/hadoop-ozone/integration-test/target/test-dir/MiniOzoneClusterImpl-c5bb5f29-3b06-4817-970c-9bb0fe5b284c/datanode-4/data/ratis/65474bc8-3d03-4bd0-a5ad-5d93ca331aee has been successfully formatted.
2019-07-14 06:51:55,438 INFO  ratis.ContainerStateMachine (ContainerStateMachine.java:loadSnapshot(200)) - group-5D93CA331AEE: The snapshot info is null. Setting the last applied indexto:(t:0, i:~)
2019-07-14 06:51:55,438 INFO  server.RaftServerConfigKeys (ConfUtils.java:logGet(43)) - raft.server.leader.election.timeout = 120s (custom)
2019-07-14 06:51:55,438 INFO  server.RaftServerConfigKeys (ConfUtils.java:logGet(43)) - raft.server.log.use.memory = false (default)
2019-07-14 06:51:55,439 INFO  server.RaftServerConfigKeys (ConfUtils.java:logGet(43)) - raft.server.log.purge.gap = 1000000000 (custom)
2019-07-14 06:51:55,439 INFO  server.RaftServerConfigKeys (ConfUtils.java:logGet(43)) - raft.server.log.appender.buffer.byte-limit = 33554432 (custom)
2019-07-14 06:51:55,439 INFO  server.RaftServerConfigKeys (ConfUtils.java:logGet(43)) - raft.server.log.segment.size.max = 1048576 (custom)
2019-07-14 06:51:55,439 INFO  server.RaftServerConfigKeys (ConfUtils.java:logGet(43)) - raft.server.log.segment.cache.num.max = 2 (custom)
2019-07-14 06:51:55,439 INFO  segmented.SegmentedRaftLogWorker (SegmentedRaftLogWorker.java:<init>(172)) - new ff31a17b-ed45-42e6-b341-607b7852e9f5-SegmentedRaftLogWorker:Storage Directory /tmp/workdir/hadoop-ozone/integration-test/target/test-dir/MiniOzoneClusterImpl-c5bb5f29-3b06-4817-970c-9bb0fe5b284c/datanode-4/data/ratis/65474bc8-3d03-4bd0-a5ad-5d93ca331aee for RaftStorage:Storage Directory /tmp/workdir/hadoop-ozone/integration-test/target/test-dir/MiniOzoneClusterImpl-c5bb5f29-3b06-4817-970c-9bb0fe5b284c/datanode-4/data/ratis/65474bc8-3d03-4bd0-a5ad-5d93ca331aee
2019-07-14 06:51:55,439 INFO  server.RaftServerConfigKeys (ConfUtils.java:logGet(43)) - raft.server.log.queue.byte-limit = 2147483647 (custom)
2019-07-14 06:51:55,439 INFO  server.RaftServerConfigKeys (ConfUtils.java:logGet(43)) - raft.server.log.queue.element-limit = 1024 (custom)
2019-07-14 06:51:55,440 INFO  server.RaftServerConfigKeys (ConfUtils.java:logGet(43)) - raft.server.log.segment.size.max = 1048576 (custom)
2019-07-14 06:51:55,440 INFO  server.RaftServerConfigKeys (ConfUtils.java:logGet(43)) - raft.server.log.preallocated.size = 16384 (custom)
2019-07-14 06:51:55,440 INFO  server.RaftServerConfigKeys (ConfUtils.java:logGet(43)) - raft.server.log.write.buffer.size = 33554432 (custom)
2019-07-14 06:51:55,440 INFO  server.RaftServerConfigKeys (ConfUtils.java:logGet(43)) - raft.server.log.force.sync.num = 128 (default)
2019-07-14 06:51:55,440 INFO  server.RaftServerConfigKeys (ConfUtils.java:logGet(43)) - raft.server.log.statemachine.data.sync = true (default)
2019-07-14 06:51:55,440 INFO  server.RaftServerConfigKeys (ConfUtils.java:logGet(43)) - raft.server.log.statemachine.data.sync.timeout = 10s (default)
2019-07-14 06:51:55,440 INFO  server.RaftServerConfigKeys (ConfUtils.java:logGet(43)) - raft.server.log.statemachine.data.sync.timeout.retry = -1 (default)
2019-07-14 06:51:55,441 INFO  server.RaftServerConfigKeys (ConfUtils.java:logGet(43)) - raft.server.log.statemachine.data.caching.enabled = true (custom)
2019-07-14 06:51:55,441 INFO  segmented.SegmentedRaftLogWorker (SegmentedRaftLogWorker.java:lambda$new$0(132)) - ff31a17b-ed45-42e6-b341-607b7852e9f5-SegmentedRaftLogWorker:Storage Directory /tmp/workdir/hadoop-ozone/integration-test/target/test-dir/MiniOzoneClusterImpl-c5bb5f29-3b06-4817-970c-9bb0fe5b284c/datanode-4/data/ratis/65474bc8-3d03-4bd0-a5ad-5d93ca331aee: flushIndex: setUnconditionally 0 -> -1
2019-07-14 06:51:55,441 INFO  server.RaftServerConfigKeys (ConfUtils.java:logGet(43)) - raft.server.snapshot.auto.trigger.enabled = true (custom)
2019-07-14 06:51:55,442 INFO  server.RaftServerConfigKeys (ConfUtils.java:logGet(43)) - raft.server.snapshot.auto.trigger.threshold = 10000 (custom)
2019-07-14 06:51:55,442 INFO  server.RaftServerConfigKeys (ConfUtils.java:logGet(43)) - raft.server.retrycache.expirytime = 600000ms (custom)
2019-07-14 06:51:55,442 INFO  impl.RaftServerImpl (RaftServerImpl.java:start(180)) - ff31a17b-ed45-42e6-b341-607b7852e9f5: start group-5D93CA331AEE
2019-07-14 06:51:55,442 INFO  impl.RaftServerImpl (RaftServerImpl.java:setRole(171)) - ff31a17b-ed45-42e6-b341-607b7852e9f5:group-5D93CA331AEE changes role from null to FOLLOWER at term 0 for startAsFollower
2019-07-14 06:51:55,442 INFO  impl.RoleInfo (RoleInfo.java:updateAndGet(143)) - ff31a17b-ed45-42e6-b341-607b7852e9f5: start FollowerState
2019-07-14 06:51:55,470 INFO  util.JmxRegister (JmxRegister.java:tryRegister(44)) - Successfully registered JMX Bean with object name Ratis:service=RaftServer,group=group-5D93CA331AEE,id=ff31a17b-ed45-42e6-b341-607b7852e9f5
2019-07-14 06:51:55,486 INFO  pipeline.PipelineStateManager (PipelineStateManager.java:addPipeline(56)) - Created pipeline Pipeline[ Id: 65474bc8-3d03-4bd0-a5ad-5d93ca331aee, Nodes: ff31a17b-ed45-42e6-b341-607b7852e9f5{ip: 192.168.5.144, host: trunk-nightly-8c95p-1540871953, networkLocation: /default-rack, certSerialId: null}, Type:RATIS, Factor:ONE, State:OPEN]
2019-07-14 06:51:55,595 INFO  ozone.MiniOzoneClusterImpl (MiniOzoneClusterImpl.java:lambda$waitForClusterToBeReady$0(142)) - Waiting for cluster to be ready. Got 5 of 6 DN Heartbeats.
2019-07-14 06:51:55,602 INFO  node.SCMNodeManager (SCMNodeManager.java:register(269)) - Registered Data node : 19bd907d-3048-448c-9d16-c30f5ba624c4{ip: 192.168.5.144, host: trunk-nightly-8c95p-1540871953, networkLocation: /default-rack, certSerialId: null}
2019-07-14 06:51:55,621 INFO  impl.RaftServerProxy (RaftServerProxy.java:addNew(89)) - 19bd907d-3048-448c-9d16-c30f5ba624c4: addNew group-089184B702C3:[19bd907d-3048-448c-9d16-c30f5ba624c4:192.168.5.144:37010] returns group-089184B702C3:java.util.concurrent.CompletableFuture@475515c3[Not completed]
2019-07-14 06:51:55,622 INFO  impl.RaftServerImpl (RaftServerImpl.java:<init>(93)) - 19bd907d-3048-448c-9d16-c30f5ba624c4: new RaftServerImpl for group-089184B702C3:[19bd907d-3048-448c-9d16-c30f5ba624c4:192.168.5.144:37010] with ContainerStateMachine:uninitialized
2019-07-14 06:51:55,623 INFO  server.RaftServerConfigKeys (ConfUtils.java:logGet(43)) - raft.server.rpc.timeout.min = 5s (custom)
2019-07-14 06:51:55,623 INFO  server.RaftServerConfigKeys (ConfUtils.java:logGet(43)) - raft.server.rpc.timeout.max = 5200ms (custom)
2019-07-14 06:51:55,623 INFO  server.RaftServerConfigKeys (ConfUtils.java:logGet(43)) - raft.server.rpcslowness.timeout = 120s (custom)
2019-07-14 06:51:55,623 INFO  server.RaftServerConfigKeys (ConfUtils.java:logGet(43)) - raft.server.sleep.deviation.threshold = 300 (default)
2019-07-14 06:51:55,623 INFO  server.RaftServerConfigKeys (ConfUtils.java:logGet(43)) - raft.server.log.appender.install.snapshot.enabled = false (custom)
2019-07-14 06:51:55,623 INFO  impl.RaftServerImpl (ServerState.java:<init>(105)) - 19bd907d-3048-448c-9d16-c30f5ba624c4:group-089184B702C3 ConfigurationManager, init=-1: [19bd907d-3048-448c-9d16-c30f5ba624c4:192.168.5.144:37010], old=null, confs=<EMPTY_MAP>
2019-07-14 06:51:55,624 INFO  server.RaftServerConfigKeys (ConfUtils.java:logGet(43)) - raft.server.storage.dir = [/tmp/workdir/hadoop-ozone/integration-test/target/test-dir/MiniOzoneClusterImpl-c5bb5f29-3b06-4817-970c-9bb0fe5b284c/datanode-5/data/ratis] (custom)
2019-07-14 06:51:55,624 INFO  storage.RaftStorageDirectory (RaftStorageDirectory.java:analyzeStorage(246)) - The storage directory /tmp/workdir/hadoop-ozone/integration-test/target/test-dir/MiniOzoneClusterImpl-c5bb5f29-3b06-4817-970c-9bb0fe5b284c/datanode-5/data/ratis/51f3d216-9e51-49e7-9570-089184b702c3 does not exist. Creating ...
2019-07-14 06:51:55,636 INFO  storage.RaftStorageDirectory (RaftStorageDirectory.java:tryLock(328)) - Lock on /tmp/workdir/hadoop-ozone/integration-test/target/test-dir/MiniOzoneClusterImpl-c5bb5f29-3b06-4817-970c-9bb0fe5b284c/datanode-5/data/ratis/51f3d216-9e51-49e7-9570-089184b702c3/in_use.lock acquired by nodename 3046@trunk-nightly-8c95p-1540871953
2019-07-14 06:51:55,639 INFO  storage.RaftStorage (RaftStorage.java:format(72)) - Storage directory /tmp/workdir/hadoop-ozone/integration-test/target/test-dir/MiniOzoneClusterImpl-c5bb5f29-3b06-4817-970c-9bb0fe5b284c/datanode-5/data/ratis/51f3d216-9e51-49e7-9570-089184b702c3 has been successfully formatted.
2019-07-14 06:51:55,639 INFO  ratis.ContainerStateMachine (ContainerStateMachine.java:loadSnapshot(200)) - group-089184B702C3: The snapshot info is null. Setting the last applied indexto:(t:0, i:~)
2019-07-14 06:51:55,639 INFO  server.RaftServerConfigKeys (ConfUtils.java:logGet(43)) - raft.server.leader.election.timeout = 120s (custom)
2019-07-14 06:51:55,640 INFO  server.RaftServerConfigKeys (ConfUtils.java:logGet(43)) - raft.server.log.use.memory = false (default)
2019-07-14 06:51:55,640 INFO  server.RaftServerConfigKeys (ConfUtils.java:logGet(43)) - raft.server.log.purge.gap = 1000000000 (custom)
2019-07-14 06:51:55,640 INFO  server.RaftServerConfigKeys (ConfUtils.java:logGet(43)) - raft.server.log.appender.buffer.byte-limit = 33554432 (custom)
2019-07-14 06:51:55,640 INFO  server.RaftServerConfigKeys (ConfUtils.java:logGet(43)) - raft.server.log.segment.size.max = 1048576 (custom)
2019-07-14 06:51:55,640 INFO  server.RaftServerConfigKeys (ConfUtils.java:logGet(43)) - raft.server.log.segment.cache.num.max = 2 (custom)
2019-07-14 06:51:55,640 INFO  segmented.SegmentedRaftLogWorker (SegmentedRaftLogWorker.java:<init>(172)) - new 19bd907d-3048-448c-9d16-c30f5ba624c4-SegmentedRaftLogWorker:Storage Directory /tmp/workdir/hadoop-ozone/integration-test/target/test-dir/MiniOzoneClusterImpl-c5bb5f29-3b06-4817-970c-9bb0fe5b284c/datanode-5/data/ratis/51f3d216-9e51-49e7-9570-089184b702c3 for RaftStorage:Storage Directory /tmp/workdir/hadoop-ozone/integration-test/target/test-dir/MiniOzoneClusterImpl-c5bb5f29-3b06-4817-970c-9bb0fe5b284c/datanode-5/data/ratis/51f3d216-9e51-49e7-9570-089184b702c3
2019-07-14 06:51:55,641 INFO  server.RaftServerConfigKeys (ConfUtils.java:logGet(43)) - raft.server.log.queue.byte-limit = 2147483647 (custom)
2019-07-14 06:51:55,641 INFO  server.RaftServerConfigKeys (ConfUtils.java:logGet(43)) - raft.server.log.queue.element-limit = 1024 (custom)
2019-07-14 06:51:55,641 INFO  server.RaftServerConfigKeys (ConfUtils.java:logGet(43)) - raft.server.log.segment.size.max = 1048576 (custom)
2019-07-14 06:51:55,641 INFO  server.RaftServerConfigKeys (ConfUtils.java:logGet(43)) - raft.server.log.preallocated.size = 16384 (custom)
2019-07-14 06:51:55,641 INFO  server.RaftServerConfigKeys (ConfUtils.java:logGet(43)) - raft.server.log.write.buffer.size = 33554432 (custom)
2019-07-14 06:51:55,641 INFO  server.RaftServerConfigKeys (ConfUtils.java:logGet(43)) - raft.server.log.force.sync.num = 128 (default)
2019-07-14 06:51:55,642 INFO  server.RaftServerConfigKeys (ConfUtils.java:logGet(43)) - raft.server.log.statemachine.data.sync = true (default)
2019-07-14 06:51:55,642 INFO  server.RaftServerConfigKeys (ConfUtils.java:logGet(43)) - raft.server.log.statemachine.data.sync.timeout = 10s (default)
2019-07-14 06:51:55,642 INFO  server.RaftServerConfigKeys (ConfUtils.java:logGet(43)) - raft.server.log.statemachine.data.sync.timeout.retry = -1 (default)
2019-07-14 06:51:55,642 INFO  server.RaftServerConfigKeys (ConfUtils.java:logGet(43)) - raft.server.log.statemachine.data.caching.enabled = true (custom)
2019-07-14 06:51:55,643 INFO  segmented.SegmentedRaftLogWorker (SegmentedRaftLogWorker.java:lambda$new$0(132)) - 19bd907d-3048-448c-9d16-c30f5ba624c4-SegmentedRaftLogWorker:Storage Directory /tmp/workdir/hadoop-ozone/integration-test/target/test-dir/MiniOzoneClusterImpl-c5bb5f29-3b06-4817-970c-9bb0fe5b284c/datanode-5/data/ratis/51f3d216-9e51-49e7-9570-089184b702c3: flushIndex: setUnconditionally 0 -> -1
2019-07-14 06:51:55,643 INFO  server.RaftServerConfigKeys (ConfUtils.java:logGet(43)) - raft.server.snapshot.auto.trigger.enabled = true (custom)
2019-07-14 06:51:55,643 INFO  server.RaftServerConfigKeys (ConfUtils.java:logGet(43)) - raft.server.snapshot.auto.trigger.threshold = 10000 (custom)
2019-07-14 06:51:55,643 INFO  server.RaftServerConfigKeys (ConfUtils.java:logGet(43)) - raft.server.retrycache.expirytime = 600000ms (custom)
2019-07-14 06:51:55,644 INFO  impl.RaftServerImpl (RaftServerImpl.java:start(180)) - 19bd907d-3048-448c-9d16-c30f5ba624c4: start group-089184B702C3
2019-07-14 06:51:55,644 INFO  impl.RaftServerImpl (RaftServerImpl.java:setRole(171)) - 19bd907d-3048-448c-9d16-c30f5ba624c4:group-089184B702C3 changes role from null to FOLLOWER at term 0 for startAsFollower
2019-07-14 06:51:55,644 INFO  impl.RoleInfo (RoleInfo.java:updateAndGet(143)) - 19bd907d-3048-448c-9d16-c30f5ba624c4: start FollowerState
2019-07-14 06:51:55,644 INFO  util.JmxRegister (JmxRegister.java:tryRegister(44)) - Successfully registered JMX Bean with object name Ratis:service=RaftServer,group=group-089184B702C3,id=19bd907d-3048-448c-9d16-c30f5ba624c4
2019-07-14 06:51:55,651 INFO  pipeline.PipelineStateManager (PipelineStateManager.java:addPipeline(56)) - Created pipeline Pipeline[ Id: 51f3d216-9e51-49e7-9570-089184b702c3, Nodes: 19bd907d-3048-448c-9d16-c30f5ba624c4{ip: 192.168.5.144, host: trunk-nightly-8c95p-1540871953, networkLocation: /default-rack, certSerialId: null}, Type:RATIS, Factor:ONE, State:OPEN]
2019-07-14 06:51:55,700 INFO  impl.RaftServerProxy (RaftServerProxy.java:addNew(89)) - c331ada3-8585-410d-8ae9-67cf9aab0100: addNew group-1657352461B9:[c331ada3-8585-410d-8ae9-67cf9aab0100:192.168.5.144:44603, ff31a17b-ed45-42e6-b341-607b7852e9f5:192.168.5.144:33311, 19bd907d-3048-448c-9d16-c30f5ba624c4:192.168.5.144:37010] returns group-1657352461B9:java.util.concurrent.CompletableFuture@77a967f[Not completed]
2019-07-14 06:51:55,700 INFO  impl.RaftServerProxy (RaftServerProxy.java:addNew(89)) - ff31a17b-ed45-42e6-b341-607b7852e9f5: addNew group-1657352461B9:[c331ada3-8585-410d-8ae9-67cf9aab0100:192.168.5.144:44603, ff31a17b-ed45-42e6-b341-607b7852e9f5:192.168.5.144:33311, 19bd907d-3048-448c-9d16-c30f5ba624c4:192.168.5.144:37010] returns group-1657352461B9:java.util.concurrent.CompletableFuture@1bf1487a[Not completed]
2019-07-14 06:51:55,701 INFO  impl.RaftServerProxy (RaftServerProxy.java:addNew(89)) - 19bd907d-3048-448c-9d16-c30f5ba624c4: addNew group-1657352461B9:[c331ada3-8585-410d-8ae9-67cf9aab0100:192.168.5.144:44603, ff31a17b-ed45-42e6-b341-607b7852e9f5:192.168.5.144:33311, 19bd907d-3048-448c-9d16-c30f5ba624c4:192.168.5.144:37010] returns group-1657352461B9:java.util.concurrent.CompletableFuture@3b9ef514[Not completed]
2019-07-14 06:51:55,701 INFO  impl.RaftServerImpl (RaftServerImpl.java:<init>(93)) - ff31a17b-ed45-42e6-b341-607b7852e9f5: new RaftServerImpl for group-1657352461B9:[c331ada3-8585-410d-8ae9-67cf9aab0100:192.168.5.144:44603, ff31a17b-ed45-42e6-b341-607b7852e9f5:192.168.5.144:33311, 19bd907d-3048-448c-9d16-c30f5ba624c4:192.168.5.144:37010] with ContainerStateMachine:uninitialized
2019-07-14 06:51:55,702 INFO  server.RaftServerConfigKeys (ConfUtils.java:logGet(43)) - raft.server.rpc.timeout.min = 5s (custom)
2019-07-14 06:51:55,702 INFO  server.RaftServerConfigKeys (ConfUtils.java:logGet(43)) - raft.server.rpc.timeout.max = 5200ms (custom)
2019-07-14 06:51:55,702 INFO  server.RaftServerConfigKeys (ConfUtils.java:logGet(43)) - raft.server.rpcslowness.timeout = 120s (custom)
2019-07-14 06:51:55,702 INFO  server.RaftServerConfigKeys (ConfUtils.java:logGet(43)) - raft.server.sleep.deviation.threshold = 300 (default)
2019-07-14 06:51:55,702 INFO  server.RaftServerConfigKeys (ConfUtils.java:logGet(43)) - raft.server.log.appender.install.snapshot.enabled = false (custom)
2019-07-14 06:51:55,703 INFO  impl.RaftServerImpl (ServerState.java:<init>(105)) - ff31a17b-ed45-42e6-b341-607b7852e9f5:group-1657352461B9 ConfigurationManager, init=-1: [c331ada3-8585-410d-8ae9-67cf9aab0100:192.168.5.144:44603, ff31a17b-ed45-42e6-b341-607b7852e9f5:192.168.5.144:33311, 19bd907d-3048-448c-9d16-c30f5ba624c4:192.168.5.144:37010], old=null, confs=<EMPTY_MAP>
2019-07-14 06:51:55,703 INFO  impl.RaftServerImpl (RaftServerImpl.java:<init>(93)) - c331ada3-8585-410d-8ae9-67cf9aab0100: new RaftServerImpl for group-1657352461B9:[c331ada3-8585-410d-8ae9-67cf9aab0100:192.168.5.144:44603, ff31a17b-ed45-42e6-b341-607b7852e9f5:192.168.5.144:33311, 19bd907d-3048-448c-9d16-c30f5ba624c4:192.168.5.144:37010] with ContainerStateMachine:uninitialized
2019-07-14 06:51:55,703 INFO  server.RaftServerConfigKeys (ConfUtils.java:logGet(43)) - raft.server.storage.dir = [/tmp/workdir/hadoop-ozone/integration-test/target/test-dir/MiniOzoneClusterImpl-c5bb5f29-3b06-4817-970c-9bb0fe5b284c/datanode-4/data/ratis] (custom)
2019-07-14 06:51:55,704 INFO  server.RaftServerConfigKeys (ConfUtils.java:logGet(43)) - raft.server.rpc.timeout.min = 5s (custom)
2019-07-14 06:51:55,704 INFO  impl.RaftServerImpl (RaftServerImpl.java:<init>(93)) - 19bd907d-3048-448c-9d16-c30f5ba624c4: new RaftServerImpl for group-1657352461B9:[c331ada3-8585-410d-8ae9-67cf9aab0100:192.168.5.144:44603, ff31a17b-ed45-42e6-b341-607b7852e9f5:192.168.5.144:33311, 19bd907d-3048-448c-9d16-c30f5ba624c4:192.168.5.144:37010] with ContainerStateMachine:uninitialized
2019-07-14 06:51:55,704 INFO  server.RaftServerConfigKeys (ConfUtils.java:logGet(43)) - raft.server.rpc.timeout.max = 5200ms (custom)
2019-07-14 06:51:55,704 INFO  server.RaftServerConfigKeys (ConfUtils.java:logGet(43)) - raft.server.rpc.timeout.min = 5s (custom)
2019-07-14 06:51:55,704 INFO  storage.RaftStorageDirectory (RaftStorageDirectory.java:analyzeStorage(246)) - The storage directory /tmp/workdir/hadoop-ozone/integration-test/target/test-dir/MiniOzoneClusterImpl-c5bb5f29-3b06-4817-970c-9bb0fe5b284c/datanode-4/data/ratis/f25c646a-7ba8-47d8-bc6a-1657352461b9 does not exist. Creating ...
2019-07-14 06:51:55,704 INFO  server.RaftServerConfigKeys (ConfUtils.java:logGet(43)) - raft.server.rpc.timeout.max = 5200ms (custom)
2019-07-14 06:51:55,704 INFO  server.RaftServerConfigKeys (ConfUtils.java:logGet(43)) - raft.server.rpcslowness.timeout = 120s (custom)
2019-07-14 06:51:55,705 INFO  server.RaftServerConfigKeys (ConfUtils.java:logGet(43)) - raft.server.rpcslowness.timeout = 120s (custom)
2019-07-14 06:51:55,705 INFO  server.RaftServerConfigKeys (ConfUtils.java:logGet(43)) - raft.server.sleep.deviation.threshold = 300 (default)
2019-07-14 06:51:55,705 INFO  server.RaftServerConfigKeys (ConfUtils.java:logGet(43)) - raft.server.sleep.deviation.threshold = 300 (default)
2019-07-14 06:51:55,705 INFO  server.RaftServerConfigKeys (ConfUtils.java:logGet(43)) - raft.server.log.appender.install.snapshot.enabled = false (custom)
2019-07-14 06:51:55,705 INFO  server.RaftServerConfigKeys (ConfUtils.java:logGet(43)) - raft.server.log.appender.install.snapshot.enabled = false (custom)
2019-07-14 06:51:55,705 INFO  impl.RaftServerImpl (ServerState.java:<init>(105)) - c331ada3-8585-410d-8ae9-67cf9aab0100:group-1657352461B9 ConfigurationManager, init=-1: [c331ada3-8585-410d-8ae9-67cf9aab0100:192.168.5.144:44603, ff31a17b-ed45-42e6-b341-607b7852e9f5:192.168.5.144:33311, 19bd907d-3048-448c-9d16-c30f5ba624c4:192.168.5.144:37010], old=null, confs=<EMPTY_MAP>
2019-07-14 06:51:55,706 INFO  impl.RaftServerImpl (ServerState.java:<init>(105)) - 19bd907d-3048-448c-9d16-c30f5ba624c4:group-1657352461B9 ConfigurationManager, init=-1: [c331ada3-8585-410d-8ae9-67cf9aab0100:192.168.5.144:44603, ff31a17b-ed45-42e6-b341-607b7852e9f5:192.168.5.144:33311, 19bd907d-3048-448c-9d16-c30f5ba624c4:192.168.5.144:37010], old=null, confs=<EMPTY_MAP>
2019-07-14 06:51:55,706 INFO  server.RaftServerConfigKeys (ConfUtils.java:logGet(43)) - raft.server.storage.dir = [/tmp/workdir/hadoop-ozone/integration-test/target/test-dir/MiniOzoneClusterImpl-c5bb5f29-3b06-4817-970c-9bb0fe5b284c/datanode-3/data/ratis] (custom)
2019-07-14 06:51:55,706 INFO  server.RaftServerConfigKeys (ConfUtils.java:logGet(43)) - raft.server.storage.dir = [/tmp/workdir/hadoop-ozone/integration-test/target/test-dir/MiniOzoneClusterImpl-c5bb5f29-3b06-4817-970c-9bb0fe5b284c/datanode-5/data/ratis] (custom)
2019-07-14 06:51:55,706 INFO  storage.RaftStorageDirectory (RaftStorageDirectory.java:analyzeStorage(246)) - The storage directory /tmp/workdir/hadoop-ozone/integration-test/target/test-dir/MiniOzoneClusterImpl-c5bb5f29-3b06-4817-970c-9bb0fe5b284c/datanode-3/data/ratis/f25c646a-7ba8-47d8-bc6a-1657352461b9 does not exist. Creating ...
2019-07-14 06:51:55,706 INFO  storage.RaftStorageDirectory (RaftStorageDirectory.java:analyzeStorage(246)) - The storage directory /tmp/workdir/hadoop-ozone/integration-test/target/test-dir/MiniOzoneClusterImpl-c5bb5f29-3b06-4817-970c-9bb0fe5b284c/datanode-5/data/ratis/f25c646a-7ba8-47d8-bc6a-1657352461b9 does not exist. Creating ...
2019-07-14 06:51:55,717 INFO  storage.RaftStorageDirectory (RaftStorageDirectory.java:tryLock(328)) - Lock on /tmp/workdir/hadoop-ozone/integration-test/target/test-dir/MiniOzoneClusterImpl-c5bb5f29-3b06-4817-970c-9bb0fe5b284c/datanode-3/data/ratis/f25c646a-7ba8-47d8-bc6a-1657352461b9/in_use.lock acquired by nodename 3046@trunk-nightly-8c95p-1540871953
2019-07-14 06:51:55,717 INFO  storage.RaftStorageDirectory (RaftStorageDirectory.java:tryLock(328)) - Lock on /tmp/workdir/hadoop-ozone/integration-test/target/test-dir/MiniOzoneClusterImpl-c5bb5f29-3b06-4817-970c-9bb0fe5b284c/datanode-5/data/ratis/f25c646a-7ba8-47d8-bc6a-1657352461b9/in_use.lock acquired by nodename 3046@trunk-nightly-8c95p-1540871953
2019-07-14 06:51:55,717 INFO  storage.RaftStorageDirectory (RaftStorageDirectory.java:tryLock(328)) - Lock on /tmp/workdir/hadoop-ozone/integration-test/target/test-dir/MiniOzoneClusterImpl-c5bb5f29-3b06-4817-970c-9bb0fe5b284c/datanode-4/data/ratis/f25c646a-7ba8-47d8-bc6a-1657352461b9/in_use.lock acquired by nodename 3046@trunk-nightly-8c95p-1540871953
2019-07-14 06:51:55,731 INFO  storage.RaftStorage (RaftStorage.java:format(72)) - Storage directory /tmp/workdir/hadoop-ozone/integration-test/target/test-dir/MiniOzoneClusterImpl-c5bb5f29-3b06-4817-970c-9bb0fe5b284c/datanode-4/data/ratis/f25c646a-7ba8-47d8-bc6a-1657352461b9 has been successfully formatted.
2019-07-14 06:51:55,731 INFO  storage.RaftStorage (RaftStorage.java:format(72)) - Storage directory /tmp/workdir/hadoop-ozone/integration-test/target/test-dir/MiniOzoneClusterImpl-c5bb5f29-3b06-4817-970c-9bb0fe5b284c/datanode-3/data/ratis/f25c646a-7ba8-47d8-bc6a-1657352461b9 has been successfully formatted.
2019-07-14 06:51:55,731 INFO  storage.RaftStorage (RaftStorage.java:format(72)) - Storage directory /tmp/workdir/hadoop-ozone/integration-test/target/test-dir/MiniOzoneClusterImpl-c5bb5f29-3b06-4817-970c-9bb0fe5b284c/datanode-5/data/ratis/f25c646a-7ba8-47d8-bc6a-1657352461b9 has been successfully formatted.
2019-07-14 06:51:55,731 INFO  ratis.ContainerStateMachine (ContainerStateMachine.java:loadSnapshot(200)) - group-1657352461B9: The snapshot info is null. Setting the last applied indexto:(t:0, i:~)
2019-07-14 06:51:55,731 INFO  ratis.ContainerStateMachine (ContainerStateMachine.java:loadSnapshot(200)) - group-1657352461B9: The snapshot info is null. Setting the last applied indexto:(t:0, i:~)
2019-07-14 06:51:55,731 INFO  ratis.ContainerStateMachine (ContainerStateMachine.java:loadSnapshot(200)) - group-1657352461B9: The snapshot info is null. Setting the last applied indexto:(t:0, i:~)
2019-07-14 06:51:55,731 INFO  server.RaftServerConfigKeys (ConfUtils.java:logGet(43)) - raft.server.leader.election.timeout = 120s (custom)
2019-07-14 06:51:55,731 INFO  server.RaftServerConfigKeys (ConfUtils.java:logGet(43)) - raft.server.leader.election.timeout = 120s (custom)
2019-07-14 06:51:55,732 INFO  server.RaftServerConfigKeys (ConfUtils.java:logGet(43)) - raft.server.log.use.memory = false (default)
2019-07-14 06:51:55,732 INFO  server.RaftServerConfigKeys (ConfUtils.java:logGet(43)) - raft.server.leader.election.timeout = 120s (custom)
2019-07-14 06:51:55,732 INFO  server.RaftServerConfigKeys (ConfUtils.java:logGet(43)) - raft.server.log.purge.gap = 1000000000 (custom)
2019-07-14 06:51:55,732 INFO  server.RaftServerConfigKeys (ConfUtils.java:logGet(43)) - raft.server.log.use.memory = false (default)
2019-07-14 06:51:55,733 INFO  server.RaftServerConfigKeys (ConfUtils.java:logGet(43)) - raft.server.log.appender.buffer.byte-limit = 33554432 (custom)
2019-07-14 06:51:55,732 INFO  server.RaftServerConfigKeys (ConfUtils.java:logGet(43)) - raft.server.log.use.memory = false (default)
2019-07-14 06:51:55,733 INFO  server.RaftServerConfigKeys (ConfUtils.java:logGet(43)) - raft.server.log.segment.size.max = 1048576 (custom)
2019-07-14 06:51:55,733 INFO  server.RaftServerConfigKeys (ConfUtils.java:logGet(43)) - raft.server.log.purge.gap = 1000000000 (custom)
2019-07-14 06:51:55,733 INFO  server.RaftServerConfigKeys (ConfUtils.java:logGet(43)) - raft.server.log.segment.cache.num.max = 2 (custom)
2019-07-14 06:51:55,733 INFO  server.RaftServerConfigKeys (ConfUtils.java:logGet(43)) - raft.server.log.purge.gap = 1000000000 (custom)
2019-07-14 06:51:55,734 INFO  segmented.SegmentedRaftLogWorker (SegmentedRaftLogWorker.java:<init>(172)) - new 19bd907d-3048-448c-9d16-c30f5ba624c4-SegmentedRaftLogWorker:Storage Directory /tmp/workdir/hadoop-ozone/integration-test/target/test-dir/MiniOzoneClusterImpl-c5bb5f29-3b06-4817-970c-9bb0fe5b284c/datanode-5/data/ratis/f25c646a-7ba8-47d8-bc6a-1657352461b9 for RaftStorage:Storage Directory /tmp/workdir/hadoop-ozone/integration-test/target/test-dir/MiniOzoneClusterImpl-c5bb5f29-3b06-4817-970c-9bb0fe5b284c/datanode-5/data/ratis/f25c646a-7ba8-47d8-bc6a-1657352461b9
2019-07-14 06:51:55,733 INFO  server.RaftServerConfigKeys (ConfUtils.java:logGet(43)) - raft.server.log.appender.buffer.byte-limit = 33554432 (custom)
2019-07-14 06:51:55,734 INFO  server.RaftServerConfigKeys (ConfUtils.java:logGet(43)) - raft.server.log.queue.byte-limit = 2147483647 (custom)
2019-07-14 06:51:55,734 INFO  server.RaftServerConfigKeys (ConfUtils.java:logGet(43)) - raft.server.log.appender.buffer.byte-limit = 33554432 (custom)
2019-07-14 06:51:55,735 INFO  server.RaftServerConfigKeys (ConfUtils.java:logGet(43)) - raft.server.log.queue.element-limit = 1024 (custom)
2019-07-14 06:51:55,734 INFO  server.RaftServerConfigKeys (ConfUtils.java:logGet(43)) - raft.server.log.segment.size.max = 1048576 (custom)
2019-07-14 06:51:55,735 INFO  server.RaftServerConfigKeys (ConfUtils.java:logGet(43)) - raft.server.log.segment.size.max = 1048576 (custom)
2019-07-14 06:51:55,735 INFO  server.RaftServerConfigKeys (ConfUtils.java:logGet(43)) - raft.server.log.segment.size.max = 1048576 (custom)
2019-07-14 06:51:55,735 INFO  server.RaftServerConfigKeys (ConfUtils.java:logGet(43)) - raft.server.log.preallocated.size = 16384 (custom)
2019-07-14 06:51:55,736 INFO  server.RaftServerConfigKeys (ConfUtils.java:logGet(43)) - raft.server.log.write.buffer.size = 33554432 (custom)
2019-07-14 06:51:55,735 INFO  server.RaftServerConfigKeys (ConfUtils.java:logGet(43)) - raft.server.log.segment.cache.num.max = 2 (custom)
2019-07-14 06:51:55,736 INFO  server.RaftServerConfigKeys (ConfUtils.java:logGet(43)) - raft.server.log.force.sync.num = 128 (default)
2019-07-14 06:51:55,736 INFO  server.RaftServerConfigKeys (ConfUtils.java:logGet(43)) - raft.server.log.statemachine.data.sync = true (default)
2019-07-14 06:51:55,735 INFO  server.RaftServerConfigKeys (ConfUtils.java:logGet(43)) - raft.server.log.segment.cache.num.max = 2 (custom)
2019-07-14 06:51:55,736 INFO  server.RaftServerConfigKeys (ConfUtils.java:logGet(43)) - raft.server.log.statemachine.data.sync.timeout = 10s (default)
2019-07-14 06:51:55,736 INFO  segmented.SegmentedRaftLogWorker (SegmentedRaftLogWorker.java:<init>(172)) - new c331ada3-8585-410d-8ae9-67cf9aab0100-SegmentedRaftLogWorker:Storage Directory /tmp/workdir/hadoop-ozone/integration-test/target/test-dir/MiniOzoneClusterImpl-c5bb5f29-3b06-4817-970c-9bb0fe5b284c/datanode-3/data/ratis/f25c646a-7ba8-47d8-bc6a-1657352461b9 for RaftStorage:Storage Directory /tmp/workdir/hadoop-ozone/integration-test/target/test-dir/MiniOzoneClusterImpl-c5bb5f29-3b06-4817-970c-9bb0fe5b284c/datanode-3/data/ratis/f25c646a-7ba8-47d8-bc6a-1657352461b9
2019-07-14 06:51:55,737 INFO  server.RaftServerConfigKeys (ConfUtils.java:logGet(43)) - raft.server.log.statemachine.data.sync.timeout.retry = -1 (default)
2019-07-14 06:51:55,737 INFO  segmented.SegmentedRaftLogWorker (SegmentedRaftLogWorker.java:<init>(172)) - new ff31a17b-ed45-42e6-b341-607b7852e9f5-SegmentedRaftLogWorker:Storage Directory /tmp/workdir/hadoop-ozone/integration-test/target/test-dir/MiniOzoneClusterImpl-c5bb5f29-3b06-4817-970c-9bb0fe5b284c/datanode-4/data/ratis/f25c646a-7ba8-47d8-bc6a-1657352461b9 for RaftStorage:Storage Directory /tmp/workdir/hadoop-ozone/integration-test/target/test-dir/MiniOzoneClusterImpl-c5bb5f29-3b06-4817-970c-9bb0fe5b284c/datanode-4/data/ratis/f25c646a-7ba8-47d8-bc6a-1657352461b9
2019-07-14 06:51:55,737 INFO  server.RaftServerConfigKeys (ConfUtils.java:logGet(43)) - raft.server.log.statemachine.data.caching.enabled = true (custom)
2019-07-14 06:51:55,737 INFO  server.RaftServerConfigKeys (ConfUtils.java:logGet(43)) - raft.server.log.queue.byte-limit = 2147483647 (custom)
2019-07-14 06:51:55,738 INFO  server.RaftServerConfigKeys (ConfUtils.java:logGet(43)) - raft.server.log.queue.element-limit = 1024 (custom)
2019-07-14 06:51:55,737 INFO  server.RaftServerConfigKeys (ConfUtils.java:logGet(43)) - raft.server.log.queue.byte-limit = 2147483647 (custom)
2019-07-14 06:51:55,738 INFO  server.RaftServerConfigKeys (ConfUtils.java:logGet(43)) - raft.server.log.segment.size.max = 1048576 (custom)
2019-07-14 06:51:55,738 INFO  segmented.SegmentedRaftLogWorker (SegmentedRaftLogWorker.java:lambda$new$0(132)) - 19bd907d-3048-448c-9d16-c30f5ba624c4-SegmentedRaftLogWorker:Storage Directory /tmp/workdir/hadoop-ozone/integration-test/target/test-dir/MiniOzoneClusterImpl-c5bb5f29-3b06-4817-970c-9bb0fe5b284c/datanode-5/data/ratis/f25c646a-7ba8-47d8-bc6a-1657352461b9: flushIndex: setUnconditionally 0 -> -1
2019-07-14 06:51:55,738 INFO  server.RaftServerConfigKeys (ConfUtils.java:logGet(43)) - raft.server.log.preallocated.size = 16384 (custom)
2019-07-14 06:51:55,739 INFO  server.RaftServerConfigKeys (ConfUtils.java:logGet(43)) - raft.server.log.write.buffer.size = 33554432 (custom)
2019-07-14 06:51:55,738 INFO  server.RaftServerConfigKeys (ConfUtils.java:logGet(43)) - raft.server.log.queue.element-limit = 1024 (custom)
2019-07-14 06:51:55,739 INFO  server.RaftServerConfigKeys (ConfUtils.java:logGet(43)) - raft.server.log.force.sync.num = 128 (default)
2019-07-14 06:51:55,739 INFO  server.RaftServerConfigKeys (ConfUtils.java:logGet(43)) - raft.server.snapshot.auto.trigger.enabled = true (custom)
2019-07-14 06:51:55,739 INFO  server.RaftServerConfigKeys (ConfUtils.java:logGet(43)) - raft.server.log.statemachine.data.sync = true (default)
2019-07-14 06:51:55,740 INFO  server.RaftServerConfigKeys (ConfUtils.java:logGet(43)) - raft.server.log.statemachine.data.sync.timeout = 10s (default)
2019-07-14 06:51:55,739 INFO  server.RaftServerConfigKeys (ConfUtils.java:logGet(43)) - raft.server.log.segment.size.max = 1048576 (custom)
2019-07-14 06:51:55,740 INFO  server.RaftServerConfigKeys (ConfUtils.java:logGet(43)) - raft.server.log.statemachine.data.sync.timeout.retry = -1 (default)
2019-07-14 06:51:55,739 INFO  server.RaftServerConfigKeys (ConfUtils.java:logGet(43)) - raft.server.snapshot.auto.trigger.threshold = 10000 (custom)
2019-07-14 06:51:55,740 INFO  server.RaftServerConfigKeys (ConfUtils.java:logGet(43)) - raft.server.log.statemachine.data.caching.enabled = true (custom)
2019-07-14 06:51:55,740 INFO  server.RaftServerConfigKeys (ConfUtils.java:logGet(43)) - raft.server.log.preallocated.size = 16384 (custom)
2019-07-14 06:51:55,741 INFO  segmented.SegmentedRaftLogWorker (SegmentedRaftLogWorker.java:lambda$new$0(132)) - c331ada3-8585-410d-8ae9-67cf9aab0100-SegmentedRaftLogWorker:Storage Directory /tmp/workdir/hadoop-ozone/integration-test/target/test-dir/MiniOzoneClusterImpl-c5bb5f29-3b06-4817-970c-9bb0fe5b284c/datanode-3/data/ratis/f25c646a-7ba8-47d8-bc6a-1657352461b9: flushIndex: setUnconditionally 0 -> -1
2019-07-14 06:51:55,740 INFO  server.RaftServerConfigKeys (ConfUtils.java:logGet(43)) - raft.server.retrycache.expirytime = 600000ms (custom)
2019-07-14 06:51:55,741 INFO  server.RaftServerConfigKeys (ConfUtils.java:logGet(43)) - raft.server.log.write.buffer.size = 33554432 (custom)
2019-07-14 06:51:55,741 INFO  impl.RaftServerImpl (RaftServerImpl.java:start(180)) - 19bd907d-3048-448c-9d16-c30f5ba624c4: start group-1657352461B9
2019-07-14 06:51:55,741 INFO  server.RaftServerConfigKeys (ConfUtils.java:logGet(43)) - raft.server.snapshot.auto.trigger.enabled = true (custom)
2019-07-14 06:51:55,741 INFO  impl.RaftServerImpl (RaftServerImpl.java:setRole(171)) - 19bd907d-3048-448c-9d16-c30f5ba624c4:group-1657352461B9 changes role from null to FOLLOWER at term 0 for startAsFollower
2019-07-14 06:51:55,741 INFO  server.RaftServerConfigKeys (ConfUtils.java:logGet(43)) - raft.server.log.force.sync.num = 128 (default)
2019-07-14 06:51:55,742 INFO  impl.RoleInfo (RoleInfo.java:updateAndGet(143)) - 19bd907d-3048-448c-9d16-c30f5ba624c4: start FollowerState
2019-07-14 06:51:55,742 INFO  server.RaftServerConfigKeys (ConfUtils.java:logGet(43)) - raft.server.snapshot.auto.trigger.threshold = 10000 (custom)
2019-07-14 06:51:55,742 INFO  server.RaftServerConfigKeys (ConfUtils.java:logGet(43)) - raft.server.log.statemachine.data.sync = true (default)
2019-07-14 06:51:55,742 INFO  util.JmxRegister (JmxRegister.java:tryRegister(44)) - Successfully registered JMX Bean with object name Ratis:service=RaftServer,group=group-1657352461B9,id=19bd907d-3048-448c-9d16-c30f5ba624c4
2019-07-14 06:51:55,742 INFO  server.RaftServerConfigKeys (ConfUtils.java:logGet(43)) - raft.server.retrycache.expirytime = 600000ms (custom)
2019-07-14 06:51:55,743 INFO  server.RaftServerConfigKeys (ConfUtils.java:logGet(43)) - raft.server.log.statemachine.data.sync.timeout = 10s (default)
2019-07-14 06:51:55,743 INFO  impl.RaftServerImpl (RaftServerImpl.java:start(180)) - c331ada3-8585-410d-8ae9-67cf9aab0100: start group-1657352461B9
2019-07-14 06:51:55,743 INFO  server.RaftServerConfigKeys (ConfUtils.java:logGet(43)) - raft.server.log.statemachine.data.sync.timeout.retry = -1 (default)
2019-07-14 06:51:55,743 INFO  impl.RaftServerImpl (RaftServerImpl.java:setRole(171)) - c331ada3-8585-410d-8ae9-67cf9aab0100:group-1657352461B9 changes role from null to FOLLOWER at term 0 for startAsFollower
2019-07-14 06:51:55,744 INFO  server.RaftServerConfigKeys (ConfUtils.java:logGet(43)) - raft.server.log.statemachine.data.caching.enabled = true (custom)
2019-07-14 06:51:55,744 INFO  impl.RoleInfo (RoleInfo.java:updateAndGet(143)) - c331ada3-8585-410d-8ae9-67cf9aab0100: start FollowerState
2019-07-14 06:51:55,744 INFO  segmented.SegmentedRaftLogWorker (SegmentedRaftLogWorker.java:lambda$new$0(132)) - ff31a17b-ed45-42e6-b341-607b7852e9f5-SegmentedRaftLogWorker:Storage Directory /tmp/workdir/hadoop-ozone/integration-test/target/test-dir/MiniOzoneClusterImpl-c5bb5f29-3b06-4817-970c-9bb0fe5b284c/datanode-4/data/ratis/f25c646a-7ba8-47d8-bc6a-1657352461b9: flushIndex: setUnconditionally 0 -> -1
2019-07-14 06:51:55,744 INFO  util.JmxRegister (JmxRegister.java:tryRegister(44)) - Successfully registered JMX Bean with object name Ratis:service=RaftServer,group=group-1657352461B9,id=c331ada3-8585-410d-8ae9-67cf9aab0100
2019-07-14 06:51:55,751 INFO  server.RaftServerConfigKeys (ConfUtils.java:logGet(43)) - raft.server.snapshot.auto.trigger.enabled = true (custom)
2019-07-14 06:51:55,751 INFO  server.RaftServerConfigKeys (ConfUtils.java:logGet(43)) - raft.server.snapshot.auto.trigger.threshold = 10000 (custom)
2019-07-14 06:51:55,751 INFO  server.RaftServerConfigKeys (ConfUtils.java:logGet(43)) - raft.server.retrycache.expirytime = 600000ms (custom)
2019-07-14 06:51:55,751 INFO  impl.RaftServerImpl (RaftServerImpl.java:start(180)) - ff31a17b-ed45-42e6-b341-607b7852e9f5: start group-1657352461B9
2019-07-14 06:51:55,752 INFO  impl.RaftServerImpl (RaftServerImpl.java:setRole(171)) - ff31a17b-ed45-42e6-b341-607b7852e9f5:group-1657352461B9 changes role from null to FOLLOWER at term 0 for startAsFollower
2019-07-14 06:51:55,752 INFO  impl.RoleInfo (RoleInfo.java:updateAndGet(143)) - ff31a17b-ed45-42e6-b341-607b7852e9f5: start FollowerState
2019-07-14 06:51:55,757 INFO  util.JmxRegister (JmxRegister.java:tryRegister(44)) - Successfully registered JMX Bean with object name Ratis:service=RaftServer,group=group-1657352461B9,id=ff31a17b-ed45-42e6-b341-607b7852e9f5
2019-07-14 06:51:55,763 INFO  pipeline.PipelineStateManager (PipelineStateManager.java:addPipeline(56)) - Created pipeline Pipeline[ Id: f25c646a-7ba8-47d8-bc6a-1657352461b9, Nodes: ff31a17b-ed45-42e6-b341-607b7852e9f5{ip: 192.168.5.144, host: trunk-nightly-8c95p-1540871953, networkLocation: /default-rack, certSerialId: null}c331ada3-8585-410d-8ae9-67cf9aab0100{ip: 192.168.5.144, host: trunk-nightly-8c95p-1540871953, networkLocation: /default-rack, certSerialId: null}19bd907d-3048-448c-9d16-c30f5ba624c4{ip: 192.168.5.144, host: trunk-nightly-8c95p-1540871953, networkLocation: /default-rack, certSerialId: null}, Type:RATIS, Factor:THREE, State:OPEN]
2019-07-14 06:51:56,596 INFO  ozone.MiniOzoneClusterImpl (MiniOzoneClusterImpl.java:lambda$waitForClusterToBeReady$0(142)) - Cluster is ready. Got 6 of 6 DN Heartbeats.
2019-07-14 06:51:56,686 INFO  rpc.RpcClient (RpcClient.java:createVolume(287)) - Creating Volume: datanodefailurehandlingtest, with jenkins1000 as owner.
2019-07-14 06:51:56,709 INFO  rpc.RpcClient (RpcClient.java:createBucket(424)) - Creating Bucket: datanodefailurehandlingtest/datanodefailurehandlingtest, with Versioning false and Storage Type set to DISK and Encryption set to false 
2019-07-14 06:51:57,069 INFO  client.GrpcClientProtocolClient (GrpcClientProtocolClient.java:onNext(255)) - client-B84C83727031->d2125c14-bf5b-4a89-9656-01806452c152: receive RaftClientReply:client-B84C83727031->d2125c14-bf5b-4a89-9656-01806452c152@group-767F60FE3A80, cid=66, FAILED org.apache.ratis.protocol.NotLeaderException: Server d2125c14-bf5b-4a89-9656-01806452c152 is not the leader (null). Request must be sent to leader., logIndex=0, commits[d2125c14-bf5b-4a89-9656-01806452c152:c-1]
2019-07-14 06:51:57,536 INFO  container.ReplicationManager (ReplicationManager.java:start(155)) - Starting Replication Monitor Thread.
2019-07-14 06:51:57,543 INFO  container.ReplicationManager (ReplicationManager.java:run(207)) - Replication Monitor Thread took 1 milliseconds for processing 6 containers.
2019-07-14 06:51:58,146 INFO  client.GrpcClientProtocolClient (GrpcClientProtocolClient.java:onNext(255)) - client-B84C83727031->9bda9dad-fadd-43bb-a848-649d686737da: receive RaftClientReply:client-B84C83727031->9bda9dad-fadd-43bb-a848-649d686737da@group-767F60FE3A80, cid=66, FAILED org.apache.ratis.protocol.NotLeaderException: Server 9bda9dad-fadd-43bb-a848-649d686737da is not the leader (null). Request must be sent to leader., logIndex=0, commits[9bda9dad-fadd-43bb-a848-649d686737da:c-1]
2019-07-14 06:51:59,177 INFO  client.GrpcClientProtocolClient (GrpcClientProtocolClient.java:onNext(255)) - client-B84C83727031->d2125c14-bf5b-4a89-9656-01806452c152: receive RaftClientReply:client-B84C83727031->d2125c14-bf5b-4a89-9656-01806452c152@group-767F60FE3A80, cid=66, FAILED org.apache.ratis.protocol.NotLeaderException: Server d2125c14-bf5b-4a89-9656-01806452c152 is not the leader (null). Request must be sent to leader., logIndex=0, commits[d2125c14-bf5b-4a89-9656-01806452c152:c-1]
2019-07-14 06:51:59,756 INFO  impl.FollowerState (FollowerState.java:run(106)) - ec8ecf58-59d7-498d-96c5-eba8c5551cd0:group-433419529231 changes to CANDIDATE, lastRpcTime:5178, electionTimeout:5178ms
2019-07-14 06:51:59,757 INFO  impl.RoleInfo (RoleInfo.java:shutdownFollowerState(121)) - ec8ecf58-59d7-498d-96c5-eba8c5551cd0: shutdown FollowerState
2019-07-14 06:51:59,757 INFO  impl.RaftServerImpl (RaftServerImpl.java:setRole(171)) - ec8ecf58-59d7-498d-96c5-eba8c5551cd0:group-433419529231 changes role from FOLLOWER to CANDIDATE at term 0 for changeToCandidate
2019-07-14 06:51:59,757 INFO  impl.RoleInfo (RoleInfo.java:updateAndGet(143)) - ec8ecf58-59d7-498d-96c5-eba8c5551cd0: start LeaderElection
2019-07-14 06:51:59,784 INFO  impl.LeaderElection (LeaderElection.java:askForVotes(181)) - ec8ecf58-59d7-498d-96c5-eba8c5551cd0:group-433419529231:LeaderElection32: begin an election at term 1 for -1: [ec8ecf58-59d7-498d-96c5-eba8c5551cd0:192.168.5.144:32783], old=null
2019-07-14 06:51:59,784 INFO  impl.RoleInfo (RoleInfo.java:shutdownLeaderElection(134)) - ec8ecf58-59d7-498d-96c5-eba8c5551cd0: shutdown LeaderElection
2019-07-14 06:51:59,784 INFO  impl.RaftServerImpl (RaftServerImpl.java:setRole(171)) - ec8ecf58-59d7-498d-96c5-eba8c5551cd0:group-433419529231 changes role from CANDIDATE to LEADER at term 1 for changeToLeader
2019-07-14 06:51:59,784 INFO  impl.RaftServerImpl (ServerState.java:setLeader(263)) - ec8ecf58-59d7-498d-96c5-eba8c5551cd0:group-433419529231 change Leader from null to ec8ecf58-59d7-498d-96c5-eba8c5551cd0 at term 1 for becomeLeader, leader elected after 5210ms
2019-07-14 06:51:59,787 INFO  server.RaftServerConfigKeys (ConfUtils.java:logGet(43)) - raft.server.staging.catchup.gap = 1000 (default)
2019-07-14 06:51:59,788 INFO  server.RaftServerConfigKeys (ConfUtils.java:logGet(43)) - raft.server.rpc.sleep.time = 25ms (default)
2019-07-14 06:51:59,788 INFO  server.RaftServerConfigKeys (ConfUtils.java:logGet(43)) - raft.server.write.element-limit = 4096 (default)
2019-07-14 06:51:59,788 INFO  server.RaftServerConfigKeys (ConfUtils.java:logGet(43)) - raft.server.watch.timeout = 10s (default)
2019-07-14 06:51:59,788 INFO  server.RaftServerConfigKeys (ConfUtils.java:logGet(43)) - raft.server.watch.timeout.denomination = 1s (default)
2019-07-14 06:51:59,788 INFO  server.RaftServerConfigKeys (ConfUtils.java:logGet(43)) - raft.server.watch.element-limit = 65536 (default)
2019-07-14 06:51:59,788 INFO  impl.RoleInfo (RoleInfo.java:updateAndGet(143)) - ec8ecf58-59d7-498d-96c5-eba8c5551cd0: start LeaderState
2019-07-14 06:51:59,789 INFO  segmented.SegmentedRaftLogWorker (SegmentedRaftLogWorker.java:startLogSegment(380)) - ec8ecf58-59d7-498d-96c5-eba8c5551cd0-SegmentedRaftLogWorker:Storage Directory /tmp/workdir/hadoop-ozone/integration-test/target/test-dir/MiniOzoneClusterImpl-c5bb5f29-3b06-4817-970c-9bb0fe5b284c/datanode-0/data/ratis/f9e06d26-9e28-4835-9dfd-433419529231: Starting segment from index:0
2019-07-14 06:51:59,789 INFO  impl.RaftServerImpl (ServerState.java:setRaftConf(361)) - ec8ecf58-59d7-498d-96c5-eba8c5551cd0:group-433419529231 set configuration 0: [ec8ecf58-59d7-498d-96c5-eba8c5551cd0:192.168.5.144:32783], old=null at 0
2019-07-14 06:51:59,822 INFO  segmented.SegmentedRaftLogWorker (SegmentedRaftLogWorker.java:execute(569)) - ec8ecf58-59d7-498d-96c5-eba8c5551cd0-SegmentedRaftLogWorker:Storage Directory /tmp/workdir/hadoop-ozone/integration-test/target/test-dir/MiniOzoneClusterImpl-c5bb5f29-3b06-4817-970c-9bb0fe5b284c/datanode-0/data/ratis/f9e06d26-9e28-4835-9dfd-433419529231: created new log segment /tmp/workdir/hadoop-ozone/integration-test/target/test-dir/MiniOzoneClusterImpl-c5bb5f29-3b06-4817-970c-9bb0fe5b284c/datanode-0/data/ratis/f9e06d26-9e28-4835-9dfd-433419529231/current/log_inprogress_0
2019-07-14 06:51:59,917 INFO  impl.FollowerState (FollowerState.java:run(106)) - d2125c14-bf5b-4a89-9656-01806452c152:group-A6D0B60D91A5 changes to CANDIDATE, lastRpcTime:5092, electionTimeout:5092ms
2019-07-14 06:51:59,918 INFO  impl.RoleInfo (RoleInfo.java:shutdownFollowerState(121)) - d2125c14-bf5b-4a89-9656-01806452c152: shutdown FollowerState
2019-07-14 06:51:59,918 INFO  impl.RaftServerImpl (RaftServerImpl.java:setRole(171)) - d2125c14-bf5b-4a89-9656-01806452c152:group-A6D0B60D91A5 changes role from FOLLOWER to CANDIDATE at term 0 for changeToCandidate
2019-07-14 06:51:59,918 INFO  impl.RoleInfo (RoleInfo.java:updateAndGet(143)) - d2125c14-bf5b-4a89-9656-01806452c152: start LeaderElection
2019-07-14 06:51:59,942 INFO  impl.LeaderElection (LeaderElection.java:askForVotes(181)) - d2125c14-bf5b-4a89-9656-01806452c152:group-A6D0B60D91A5:LeaderElection33: begin an election at term 1 for -1: [d2125c14-bf5b-4a89-9656-01806452c152:192.168.5.144:36331], old=null
2019-07-14 06:51:59,942 INFO  impl.RoleInfo (RoleInfo.java:shutdownLeaderElection(134)) - d2125c14-bf5b-4a89-9656-01806452c152: shutdown LeaderElection
2019-07-14 06:51:59,942 INFO  impl.RaftServerImpl (RaftServerImpl.java:setRole(171)) - d2125c14-bf5b-4a89-9656-01806452c152:group-A6D0B60D91A5 changes role from CANDIDATE to LEADER at term 1 for changeToLeader
2019-07-14 06:51:59,942 INFO  impl.RaftServerImpl (ServerState.java:setLeader(263)) - d2125c14-bf5b-4a89-9656-01806452c152:group-A6D0B60D91A5 change Leader from null to d2125c14-bf5b-4a89-9656-01806452c152 at term 1 for becomeLeader, leader elected after 5120ms
2019-07-14 06:51:59,946 INFO  server.RaftServerConfigKeys (ConfUtils.java:logGet(43)) - raft.server.staging.catchup.gap = 1000 (default)
2019-07-14 06:51:59,946 INFO  server.RaftServerConfigKeys (ConfUtils.java:logGet(43)) - raft.server.rpc.sleep.time = 25ms (default)
2019-07-14 06:51:59,946 INFO  server.RaftServerConfigKeys (ConfUtils.java:logGet(43)) - raft.server.write.element-limit = 4096 (default)
2019-07-14 06:51:59,946 INFO  server.RaftServerConfigKeys (ConfUtils.java:logGet(43)) - raft.server.watch.timeout = 10s (default)
2019-07-14 06:51:59,946 INFO  server.RaftServerConfigKeys (ConfUtils.java:logGet(43)) - raft.server.watch.timeout.denomination = 1s (default)
2019-07-14 06:51:59,946 INFO  server.RaftServerConfigKeys (ConfUtils.java:logGet(43)) - raft.server.watch.element-limit = 65536 (default)
2019-07-14 06:51:59,947 INFO  impl.RoleInfo (RoleInfo.java:updateAndGet(143)) - d2125c14-bf5b-4a89-9656-01806452c152: start LeaderState
2019-07-14 06:51:59,947 INFO  segmented.SegmentedRaftLogWorker (SegmentedRaftLogWorker.java:startLogSegment(380)) - d2125c14-bf5b-4a89-9656-01806452c152-SegmentedRaftLogWorker:Storage Directory /tmp/workdir/hadoop-ozone/integration-test/target/test-dir/MiniOzoneClusterImpl-c5bb5f29-3b06-4817-970c-9bb0fe5b284c/datanode-1/data/ratis/022f5cab-e4c0-476e-a658-a6d0b60d91a5: Starting segment from index:0
2019-07-14 06:51:59,947 INFO  impl.RaftServerImpl (ServerState.java:setRaftConf(361)) - d2125c14-bf5b-4a89-9656-01806452c152:group-A6D0B60D91A5 set configuration 0: [d2125c14-bf5b-4a89-9656-01806452c152:192.168.5.144:36331], old=null at 0
2019-07-14 06:51:59,989 INFO  segmented.SegmentedRaftLogWorker (SegmentedRaftLogWorker.java:execute(569)) - d2125c14-bf5b-4a89-9656-01806452c152-SegmentedRaftLogWorker:Storage Directory /tmp/workdir/hadoop-ozone/integration-test/target/test-dir/MiniOzoneClusterImpl-c5bb5f29-3b06-4817-970c-9bb0fe5b284c/datanode-1/data/ratis/022f5cab-e4c0-476e-a658-a6d0b60d91a5: created new log segment /tmp/workdir/hadoop-ozone/integration-test/target/test-dir/MiniOzoneClusterImpl-c5bb5f29-3b06-4817-970c-9bb0fe5b284c/datanode-1/data/ratis/022f5cab-e4c0-476e-a658-a6d0b60d91a5/current/log_inprogress_0
2019-07-14 06:52:00,018 INFO  impl.FollowerState (FollowerState.java:run(106)) - 9bda9dad-fadd-43bb-a848-649d686737da:group-179796B58DB1 changes to CANDIDATE, lastRpcTime:5008, electionTimeout:5008ms
2019-07-14 06:52:00,018 INFO  impl.RoleInfo (RoleInfo.java:shutdownFollowerState(121)) - 9bda9dad-fadd-43bb-a848-649d686737da: shutdown FollowerState
2019-07-14 06:52:00,019 INFO  impl.RaftServerImpl (RaftServerImpl.java:setRole(171)) - 9bda9dad-fadd-43bb-a848-649d686737da:group-179796B58DB1 changes role from FOLLOWER to CANDIDATE at term 0 for changeToCandidate
2019-07-14 06:52:00,019 INFO  impl.RoleInfo (RoleInfo.java:updateAndGet(143)) - 9bda9dad-fadd-43bb-a848-649d686737da: start LeaderElection
2019-07-14 06:52:00,044 INFO  impl.LeaderElection (LeaderElection.java:askForVotes(181)) - 9bda9dad-fadd-43bb-a848-649d686737da:group-179796B58DB1:LeaderElection34: begin an election at term 1 for -1: [9bda9dad-fadd-43bb-a848-649d686737da:192.168.5.144:44514], old=null
2019-07-14 06:52:00,044 INFO  impl.RoleInfo (RoleInfo.java:shutdownLeaderElection(134)) - 9bda9dad-fadd-43bb-a848-649d686737da: shutdown LeaderElection
2019-07-14 06:52:00,045 INFO  impl.RaftServerImpl (RaftServerImpl.java:setRole(171)) - 9bda9dad-fadd-43bb-a848-649d686737da:group-179796B58DB1 changes role from CANDIDATE to LEADER at term 1 for changeToLeader
2019-07-14 06:52:00,045 INFO  impl.RaftServerImpl (ServerState.java:setLeader(263)) - 9bda9dad-fadd-43bb-a848-649d686737da:group-179796B58DB1 change Leader from null to 9bda9dad-fadd-43bb-a848-649d686737da at term 1 for becomeLeader, leader elected after 5038ms
2019-07-14 06:52:00,050 INFO  server.RaftServerConfigKeys (ConfUtils.java:logGet(43)) - raft.server.staging.catchup.gap = 1000 (default)
2019-07-14 06:52:00,050 INFO  server.RaftServerConfigKeys (ConfUtils.java:logGet(43)) - raft.server.rpc.sleep.time = 25ms (default)
2019-07-14 06:52:00,050 INFO  server.RaftServerConfigKeys (ConfUtils.java:logGet(43)) - raft.server.write.element-limit = 4096 (default)
2019-07-14 06:52:00,050 INFO  server.RaftServerConfigKeys (ConfUtils.java:logGet(43)) - raft.server.watch.timeout = 10s (default)
2019-07-14 06:52:00,050 INFO  server.RaftServerConfigKeys (ConfUtils.java:logGet(43)) - raft.server.watch.timeout.denomination = 1s (default)
2019-07-14 06:52:00,050 INFO  server.RaftServerConfigKeys (ConfUtils.java:logGet(43)) - raft.server.watch.element-limit = 65536 (default)
2019-07-14 06:52:00,051 INFO  impl.RoleInfo (RoleInfo.java:updateAndGet(143)) - 9bda9dad-fadd-43bb-a848-649d686737da: start LeaderState
2019-07-14 06:52:00,051 INFO  segmented.SegmentedRaftLogWorker (SegmentedRaftLogWorker.java:startLogSegment(380)) - 9bda9dad-fadd-43bb-a848-649d686737da-SegmentedRaftLogWorker:Storage Directory /tmp/workdir/hadoop-ozone/integration-test/target/test-dir/MiniOzoneClusterImpl-c5bb5f29-3b06-4817-970c-9bb0fe5b284c/datanode-2/data/ratis/a3f77e86-e18d-4107-b564-179796b58db1: Starting segment from index:0
2019-07-14 06:52:00,052 INFO  impl.RaftServerImpl (ServerState.java:setRaftConf(361)) - 9bda9dad-fadd-43bb-a848-649d686737da:group-179796B58DB1 set configuration 0: [9bda9dad-fadd-43bb-a848-649d686737da:192.168.5.144:44514], old=null at 0
2019-07-14 06:52:00,075 INFO  segmented.SegmentedRaftLogWorker (SegmentedRaftLogWorker.java:execute(569)) - 9bda9dad-fadd-43bb-a848-649d686737da-SegmentedRaftLogWorker:Storage Directory /tmp/workdir/hadoop-ozone/integration-test/target/test-dir/MiniOzoneClusterImpl-c5bb5f29-3b06-4817-970c-9bb0fe5b284c/datanode-2/data/ratis/a3f77e86-e18d-4107-b564-179796b58db1: created new log segment /tmp/workdir/hadoop-ozone/integration-test/target/test-dir/MiniOzoneClusterImpl-c5bb5f29-3b06-4817-970c-9bb0fe5b284c/datanode-2/data/ratis/a3f77e86-e18d-4107-b564-179796b58db1/current/log_inprogress_0
2019-07-14 06:52:00,082 INFO  impl.FollowerState (FollowerState.java:run(106)) - d2125c14-bf5b-4a89-9656-01806452c152:group-767F60FE3A80 changes to CANDIDATE, lastRpcTime:5006, electionTimeout:5006ms
2019-07-14 06:52:00,083 INFO  impl.RoleInfo (RoleInfo.java:shutdownFollowerState(121)) - d2125c14-bf5b-4a89-9656-01806452c152: shutdown FollowerState
2019-07-14 06:52:00,083 INFO  impl.RaftServerImpl (RaftServerImpl.java:setRole(171)) - d2125c14-bf5b-4a89-9656-01806452c152:group-767F60FE3A80 changes role from FOLLOWER to CANDIDATE at term 0 for changeToCandidate
2019-07-14 06:52:00,083 INFO  impl.RoleInfo (RoleInfo.java:updateAndGet(143)) - d2125c14-bf5b-4a89-9656-01806452c152: start LeaderElection
2019-07-14 06:52:00,100 INFO  impl.LeaderElection (LeaderElection.java:askForVotes(181)) - d2125c14-bf5b-4a89-9656-01806452c152:group-767F60FE3A80:LeaderElection35: begin an election at term 1 for -1: [ec8ecf58-59d7-498d-96c5-eba8c5551cd0:192.168.5.144:32783, d2125c14-bf5b-4a89-9656-01806452c152:192.168.5.144:36331, 9bda9dad-fadd-43bb-a848-649d686737da:192.168.5.144:44514], old=null
2019-07-14 06:52:00,111 INFO  impl.RaftServerImpl (RaftServerImpl.java:setRole(171)) - ec8ecf58-59d7-498d-96c5-eba8c5551cd0:group-767F60FE3A80 changes role from FOLLOWER to FOLLOWER at term 1 for recognizeCandidate:d2125c14-bf5b-4a89-9656-01806452c152
2019-07-14 06:52:00,111 INFO  impl.RaftServerImpl (RaftServerImpl.java:setRole(171)) - 9bda9dad-fadd-43bb-a848-649d686737da:group-767F60FE3A80 changes role from FOLLOWER to FOLLOWER at term 1 for recognizeCandidate:d2125c14-bf5b-4a89-9656-01806452c152
2019-07-14 06:52:00,111 INFO  impl.RoleInfo (RoleInfo.java:shutdownFollowerState(121)) - ec8ecf58-59d7-498d-96c5-eba8c5551cd0: shutdown FollowerState
2019-07-14 06:52:00,111 INFO  impl.RoleInfo (RoleInfo.java:shutdownFollowerState(121)) - 9bda9dad-fadd-43bb-a848-649d686737da: shutdown FollowerState
2019-07-14 06:52:00,111 INFO  impl.RoleInfo (RoleInfo.java:updateAndGet(143)) - ec8ecf58-59d7-498d-96c5-eba8c5551cd0: start FollowerState
2019-07-14 06:52:00,112 INFO  impl.RoleInfo (RoleInfo.java:updateAndGet(143)) - 9bda9dad-fadd-43bb-a848-649d686737da: start FollowerState
2019-07-14 06:52:00,111 INFO  impl.FollowerState (FollowerState.java:run(114)) - ec8ecf58-59d7-498d-96c5-eba8c5551cd0: FollowerState was interrupted: java.lang.InterruptedException: sleep interrupted
2019-07-14 06:52:00,115 INFO  impl.FollowerState (FollowerState.java:run(114)) - 9bda9dad-fadd-43bb-a848-649d686737da: FollowerState was interrupted: java.lang.InterruptedException: sleep interrupted
2019-07-14 06:52:00,136 INFO  impl.LeaderElection (LeaderElection.java:logAndReturn(56)) - d2125c14-bf5b-4a89-9656-01806452c152:group-767F60FE3A80:LeaderElection35: Election PASSED; received 1 response(s) [d2125c14-bf5b-4a89-9656-01806452c152<-ec8ecf58-59d7-498d-96c5-eba8c5551cd0#0:OK-t1] and 0 exception(s); d2125c14-bf5b-4a89-9656-01806452c152:t1, leader=null, voted=d2125c14-bf5b-4a89-9656-01806452c152, raftlog=d2125c14-bf5b-4a89-9656-01806452c152-SegmentedRaftLog:OPENED:c-1,f-1,i0, conf=-1: [ec8ecf58-59d7-498d-96c5-eba8c5551cd0:192.168.5.144:32783, d2125c14-bf5b-4a89-9656-01806452c152:192.168.5.144:36331, 9bda9dad-fadd-43bb-a848-649d686737da:192.168.5.144:44514], old=null
2019-07-14 06:52:00,136 INFO  impl.RoleInfo (RoleInfo.java:shutdownLeaderElection(134)) - d2125c14-bf5b-4a89-9656-01806452c152: shutdown LeaderElection
2019-07-14 06:52:00,140 INFO  impl.RaftServerImpl (RaftServerImpl.java:setRole(171)) - d2125c14-bf5b-4a89-9656-01806452c152:group-767F60FE3A80 changes role from CANDIDATE to LEADER at term 1 for changeToLeader
2019-07-14 06:52:00,140 INFO  impl.RaftServerImpl (ServerState.java:setLeader(263)) - d2125c14-bf5b-4a89-9656-01806452c152:group-767F60FE3A80 change Leader from null to d2125c14-bf5b-4a89-9656-01806452c152 at term 1 for becomeLeader, leader elected after 5071ms
2019-07-14 06:52:00,141 INFO  server.RaftServerConfigKeys (ConfUtils.java:logGet(43)) - raft.server.staging.catchup.gap = 1000 (default)
2019-07-14 06:52:00,141 INFO  server.RaftServerConfigKeys (ConfUtils.java:logGet(43)) - raft.server.rpc.sleep.time = 25ms (default)
2019-07-14 06:52:00,141 INFO  server.RaftServerConfigKeys (ConfUtils.java:logGet(43)) - raft.server.write.element-limit = 4096 (default)
2019-07-14 06:52:00,141 INFO  server.RaftServerConfigKeys (ConfUtils.java:logGet(43)) - raft.server.watch.timeout = 10s (default)
2019-07-14 06:52:00,141 INFO  server.RaftServerConfigKeys (ConfUtils.java:logGet(43)) - raft.server.watch.timeout.denomination = 1s (default)
2019-07-14 06:52:00,141 INFO  server.RaftServerConfigKeys (ConfUtils.java:logGet(43)) - raft.server.watch.element-limit = 65536 (default)
2019-07-14 06:52:00,142 INFO  server.RaftServerConfigKeys (ConfUtils.java:logGet(43)) - raft.server.log.appender.snapshot.chunk.size.max = 16MB (=16777216) (default)
2019-07-14 06:52:00,142 INFO  server.RaftServerConfigKeys (ConfUtils.java:logGet(43)) - raft.server.log.appender.buffer.byte-limit = 33554432 (custom)
2019-07-14 06:52:00,142 INFO  server.RaftServerConfigKeys (ConfUtils.java:logGet(43)) - raft.server.log.appender.buffer.element-limit = 1 (custom)
2019-07-14 06:52:00,142 INFO  grpc.GrpcConfigKeys$Server (ConfUtils.java:logGet(43)) - raft.grpc.server.leader.outstanding.appends.max = 128 (default)
2019-07-14 06:52:00,142 INFO  server.RaftServerConfigKeys (ConfUtils.java:logGet(43)) - raft.server.rpc.request.timeout = 3000ms (default)
2019-07-14 06:52:00,143 INFO  server.RaftServerConfigKeys (ConfUtils.java:logGet(43)) - raft.server.log.appender.install.snapshot.enabled = false (custom)
2019-07-14 06:52:00,143 INFO  server.RaftServerConfigKeys (ConfUtils.java:logGet(43)) - raft.server.log.appender.snapshot.chunk.size.max = 16MB (=16777216) (default)
2019-07-14 06:52:00,143 INFO  server.RaftServerConfigKeys (ConfUtils.java:logGet(43)) - raft.server.log.appender.buffer.byte-limit = 33554432 (custom)
2019-07-14 06:52:00,143 INFO  server.RaftServerConfigKeys (ConfUtils.java:logGet(43)) - raft.server.log.appender.buffer.element-limit = 1 (custom)
2019-07-14 06:52:00,143 INFO  grpc.GrpcConfigKeys$Server (ConfUtils.java:logGet(43)) - raft.grpc.server.leader.outstanding.appends.max = 128 (default)
2019-07-14 06:52:00,143 INFO  server.RaftServerConfigKeys (ConfUtils.java:logGet(43)) - raft.server.rpc.request.timeout = 3000ms (default)
2019-07-14 06:52:00,144 INFO  server.RaftServerConfigKeys (ConfUtils.java:logGet(43)) - raft.server.log.appender.install.snapshot.enabled = false (custom)
2019-07-14 06:52:00,144 INFO  impl.RoleInfo (RoleInfo.java:updateAndGet(143)) - d2125c14-bf5b-4a89-9656-01806452c152: start LeaderState
2019-07-14 06:52:00,144 INFO  segmented.SegmentedRaftLogWorker (SegmentedRaftLogWorker.java:startLogSegment(380)) - d2125c14-bf5b-4a89-9656-01806452c152-SegmentedRaftLogWorker:Storage Directory /tmp/workdir/hadoop-ozone/integration-test/target/test-dir/MiniOzoneClusterImpl-c5bb5f29-3b06-4817-970c-9bb0fe5b284c/datanode-1/data/ratis/8517ecee-c761-4419-a301-767f60fe3a80: Starting segment from index:0
2019-07-14 06:52:00,145 INFO  impl.RaftServerImpl (ServerState.java:setRaftConf(361)) - d2125c14-bf5b-4a89-9656-01806452c152:group-767F60FE3A80 set configuration 0: [ec8ecf58-59d7-498d-96c5-eba8c5551cd0:192.168.5.144:32783, d2125c14-bf5b-4a89-9656-01806452c152:192.168.5.144:36331, 9bda9dad-fadd-43bb-a848-649d686737da:192.168.5.144:44514], old=null at 0
2019-07-14 06:52:00,167 INFO  impl.RaftServerImpl (ServerState.java:setLeader(263)) - 9bda9dad-fadd-43bb-a848-649d686737da:group-767F60FE3A80 change Leader from null to d2125c14-bf5b-4a89-9656-01806452c152 at term 1 for appendEntries, leader elected after 5097ms
2019-07-14 06:52:00,167 INFO  impl.RaftServerImpl (ServerState.java:setLeader(263)) - ec8ecf58-59d7-498d-96c5-eba8c5551cd0:group-767F60FE3A80 change Leader from null to d2125c14-bf5b-4a89-9656-01806452c152 at term 1 for appendEntries, leader elected after 5097ms
2019-07-14 06:52:00,167 INFO  segmented.SegmentedRaftLogWorker (SegmentedRaftLogWorker.java:execute(569)) - d2125c14-bf5b-4a89-9656-01806452c152-SegmentedRaftLogWorker:Storage Directory /tmp/workdir/hadoop-ozone/integration-test/target/test-dir/MiniOzoneClusterImpl-c5bb5f29-3b06-4817-970c-9bb0fe5b284c/datanode-1/data/ratis/8517ecee-c761-4419-a301-767f60fe3a80: created new log segment /tmp/workdir/hadoop-ozone/integration-test/target/test-dir/MiniOzoneClusterImpl-c5bb5f29-3b06-4817-970c-9bb0fe5b284c/datanode-1/data/ratis/8517ecee-c761-4419-a301-767f60fe3a80/current/log_inprogress_0
2019-07-14 06:52:00,169 INFO  impl.RaftServerImpl (ServerState.java:setRaftConf(361)) - 9bda9dad-fadd-43bb-a848-649d686737da:group-767F60FE3A80 set configuration 0: [ec8ecf58-59d7-498d-96c5-eba8c5551cd0:192.168.5.144:32783, d2125c14-bf5b-4a89-9656-01806452c152:192.168.5.144:36331, 9bda9dad-fadd-43bb-a848-649d686737da:192.168.5.144:44514], old=null at 0
2019-07-14 06:52:00,169 INFO  impl.RaftServerImpl (ServerState.java:setRaftConf(361)) - ec8ecf58-59d7-498d-96c5-eba8c5551cd0:group-767F60FE3A80 set configuration 0: [ec8ecf58-59d7-498d-96c5-eba8c5551cd0:192.168.5.144:32783, d2125c14-bf5b-4a89-9656-01806452c152:192.168.5.144:36331, 9bda9dad-fadd-43bb-a848-649d686737da:192.168.5.144:44514], old=null at 0
2019-07-14 06:52:00,169 INFO  segmented.SegmentedRaftLogWorker (SegmentedRaftLogWorker.java:startLogSegment(380)) - 9bda9dad-fadd-43bb-a848-649d686737da-SegmentedRaftLogWorker:Storage Directory /tmp/workdir/hadoop-ozone/integration-test/target/test-dir/MiniOzoneClusterImpl-c5bb5f29-3b06-4817-970c-9bb0fe5b284c/datanode-2/data/ratis/8517ecee-c761-4419-a301-767f60fe3a80: Starting segment from index:0
2019-07-14 06:52:00,169 INFO  segmented.SegmentedRaftLogWorker (SegmentedRaftLogWorker.java:startLogSegment(380)) - ec8ecf58-59d7-498d-96c5-eba8c5551cd0-SegmentedRaftLogWorker:Storage Directory /tmp/workdir/hadoop-ozone/integration-test/target/test-dir/MiniOzoneClusterImpl-c5bb5f29-3b06-4817-970c-9bb0fe5b284c/datanode-0/data/ratis/8517ecee-c761-4419-a301-767f60fe3a80: Starting segment from index:0
2019-07-14 06:52:00,198 INFO  segmented.SegmentedRaftLogWorker (SegmentedRaftLogWorker.java:execute(569)) - 9bda9dad-fadd-43bb-a848-649d686737da-SegmentedRaftLogWorker:Storage Directory /tmp/workdir/hadoop-ozone/integration-test/target/test-dir/MiniOzoneClusterImpl-c5bb5f29-3b06-4817-970c-9bb0fe5b284c/datanode-2/data/ratis/8517ecee-c761-4419-a301-767f60fe3a80: created new log segment /tmp/workdir/hadoop-ozone/integration-test/target/test-dir/MiniOzoneClusterImpl-c5bb5f29-3b06-4817-970c-9bb0fe5b284c/datanode-2/data/ratis/8517ecee-c761-4419-a301-767f60fe3a80/current/log_inprogress_0
2019-07-14 06:52:00,198 INFO  segmented.SegmentedRaftLogWorker (SegmentedRaftLogWorker.java:execute(569)) - ec8ecf58-59d7-498d-96c5-eba8c5551cd0-SegmentedRaftLogWorker:Storage Directory /tmp/workdir/hadoop-ozone/integration-test/target/test-dir/MiniOzoneClusterImpl-c5bb5f29-3b06-4817-970c-9bb0fe5b284c/datanode-0/data/ratis/8517ecee-c761-4419-a301-767f60fe3a80: created new log segment /tmp/workdir/hadoop-ozone/integration-test/target/test-dir/MiniOzoneClusterImpl-c5bb5f29-3b06-4817-970c-9bb0fe5b284c/datanode-0/data/ratis/8517ecee-c761-4419-a301-767f60fe3a80/current/log_inprogress_0
2019-07-14 06:52:00,206 INFO  client.GrpcClientProtocolClient (GrpcClientProtocolClient.java:onNext(255)) - client-B84C83727031->9bda9dad-fadd-43bb-a848-649d686737da: receive RaftClientReply:client-B84C83727031->9bda9dad-fadd-43bb-a848-649d686737da@group-767F60FE3A80, cid=66, FAILED org.apache.ratis.protocol.NotLeaderException: Server 9bda9dad-fadd-43bb-a848-649d686737da is not the leader (d2125c14-bf5b-4a89-9656-01806452c152:192.168.5.144:36331). Request must be sent to leader., logIndex=0, commits[9bda9dad-fadd-43bb-a848-649d686737da:c-1, ec8ecf58-59d7-498d-96c5-eba8c5551cd0:c-1, d2125c14-bf5b-4a89-9656-01806452c152:c-1]
2019-07-14 06:52:00,345 INFO  impl.FollowerState (FollowerState.java:run(106)) - c331ada3-8585-410d-8ae9-67cf9aab0100:group-3AB6F9CC46AB changes to CANDIDATE, lastRpcTime:5140, electionTimeout:5138ms
2019-07-14 06:52:00,345 INFO  impl.RoleInfo (RoleInfo.java:shutdownFollowerState(121)) - c331ada3-8585-410d-8ae9-67cf9aab0100: shutdown FollowerState
2019-07-14 06:52:00,345 INFO  impl.RaftServerImpl (RaftServerImpl.java:setRole(171)) - c331ada3-8585-410d-8ae9-67cf9aab0100:group-3AB6F9CC46AB changes role from FOLLOWER to CANDIDATE at term 0 for changeToCandidate
2019-07-14 06:52:00,345 INFO  client.GrpcClientProtocolClient (GrpcClientProtocolClient.java:onNext(255)) - client-B84C83727031->d2125c14-bf5b-4a89-9656-01806452c152: receive RaftClientReply:client-B84C83727031->d2125c14-bf5b-4a89-9656-01806452c152@group-767F60FE3A80, cid=66, SUCCESS, logIndex=1, commits[d2125c14-bf5b-4a89-9656-01806452c152:c1, ec8ecf58-59d7-498d-96c5-eba8c5551cd0:c0, 9bda9dad-fadd-43bb-a848-649d686737da:c0]
2019-07-14 06:52:00,345 INFO  impl.RoleInfo (RoleInfo.java:updateAndGet(143)) - c331ada3-8585-410d-8ae9-67cf9aab0100: start LeaderElection
2019-07-14 06:52:00,365 INFO  impl.LeaderElection (LeaderElection.java:askForVotes(181)) - c331ada3-8585-410d-8ae9-67cf9aab0100:group-3AB6F9CC46AB:LeaderElection36: begin an election at term 1 for -1: [c331ada3-8585-410d-8ae9-67cf9aab0100:192.168.5.144:44603], old=null
2019-07-14 06:52:00,365 INFO  impl.RoleInfo (RoleInfo.java:shutdownLeaderElection(134)) - c331ada3-8585-410d-8ae9-67cf9aab0100: shutdown LeaderElection
2019-07-14 06:52:00,365 INFO  impl.RaftServerImpl (RaftServerImpl.java:setRole(171)) - c331ada3-8585-410d-8ae9-67cf9aab0100:group-3AB6F9CC46AB changes role from CANDIDATE to LEADER at term 1 for changeToLeader
2019-07-14 06:52:00,365 INFO  impl.RaftServerImpl (ServerState.java:setLeader(263)) - c331ada3-8585-410d-8ae9-67cf9aab0100:group-3AB6F9CC46AB change Leader from null to c331ada3-8585-410d-8ae9-67cf9aab0100 at term 1 for becomeLeader, leader elected after 5164ms
2019-07-14 06:52:00,369 INFO  server.RaftServerConfigKeys (ConfUtils.java:logGet(43)) - raft.server.staging.catchup.gap = 1000 (default)
2019-07-14 06:52:00,369 INFO  server.RaftServerConfigKeys (ConfUtils.java:logGet(43)) - raft.server.rpc.sleep.time = 25ms (default)
2019-07-14 06:52:00,369 INFO  server.RaftServerConfigKeys (ConfUtils.java:logGet(43)) - raft.server.write.element-limit = 4096 (default)
2019-07-14 06:52:00,369 INFO  server.RaftServerConfigKeys (ConfUtils.java:logGet(43)) - raft.server.watch.timeout = 10s (default)
2019-07-14 06:52:00,369 INFO  server.RaftServerConfigKeys (ConfUtils.java:logGet(43)) - raft.server.watch.timeout.denomination = 1s (default)
2019-07-14 06:52:00,369 INFO  server.RaftServerConfigKeys (ConfUtils.java:logGet(43)) - raft.server.watch.element-limit = 65536 (default)
2019-07-14 06:52:00,370 INFO  impl.RoleInfo (RoleInfo.java:updateAndGet(143)) - c331ada3-8585-410d-8ae9-67cf9aab0100: start LeaderState
2019-07-14 06:52:00,370 INFO  segmented.SegmentedRaftLogWorker (SegmentedRaftLogWorker.java:startLogSegment(380)) - c331ada3-8585-410d-8ae9-67cf9aab0100-SegmentedRaftLogWorker:Storage Directory /tmp/workdir/hadoop-ozone/integration-test/target/test-dir/MiniOzoneClusterImpl-c5bb5f29-3b06-4817-970c-9bb0fe5b284c/datanode-3/data/ratis/28aff284-4a04-4712-b181-3ab6f9cc46ab: Starting segment from index:0
2019-07-14 06:52:00,374 INFO  impl.RaftServerImpl (ServerState.java:setRaftConf(361)) - c331ada3-8585-410d-8ae9-67cf9aab0100:group-3AB6F9CC46AB set configuration 0: [c331ada3-8585-410d-8ae9-67cf9aab0100:192.168.5.144:44603], old=null at 0
2019-07-14 06:52:00,414 INFO  segmented.SegmentedRaftLogWorker (SegmentedRaftLogWorker.java:execute(569)) - c331ada3-8585-410d-8ae9-67cf9aab0100-SegmentedRaftLogWorker:Storage Directory /tmp/workdir/hadoop-ozone/integration-test/target/test-dir/MiniOzoneClusterImpl-c5bb5f29-3b06-4817-970c-9bb0fe5b284c/datanode-3/data/ratis/28aff284-4a04-4712-b181-3ab6f9cc46ab: created new log segment /tmp/workdir/hadoop-ozone/integration-test/target/test-dir/MiniOzoneClusterImpl-c5bb5f29-3b06-4817-970c-9bb0fe5b284c/datanode-3/data/ratis/28aff284-4a04-4712-b181-3ab6f9cc46ab/current/log_inprogress_0
2019-07-14 06:52:00,461 INFO  client.GrpcClientProtocolClient (GrpcClientProtocolClient.java:onNext(255)) - client-B84C83727031->d2125c14-bf5b-4a89-9656-01806452c152: receive RaftClientReply:client-B84C83727031->d2125c14-bf5b-4a89-9656-01806452c152@group-767F60FE3A80, cid=67, SUCCESS, logIndex=3, commits[d2125c14-bf5b-4a89-9656-01806452c152:c8, ec8ecf58-59d7-498d-96c5-eba8c5551cd0:c5, 9bda9dad-fadd-43bb-a848-649d686737da:c6]
2019-07-14 06:52:00,461 INFO  client.GrpcClientProtocolClient (GrpcClientProtocolClient.java:onNext(255)) - client-B84C83727031->d2125c14-bf5b-4a89-9656-01806452c152: receive RaftClientReply:client-B84C83727031->d2125c14-bf5b-4a89-9656-01806452c152@group-767F60FE3A80, cid=68, SUCCESS, logIndex=4, commits[d2125c14-bf5b-4a89-9656-01806452c152:c8, ec8ecf58-59d7-498d-96c5-eba8c5551cd0:c5, 9bda9dad-fadd-43bb-a848-649d686737da:c6]
2019-07-14 06:52:00,511 INFO  impl.FollowerState (FollowerState.java:run(106)) - ff31a17b-ed45-42e6-b341-607b7852e9f5:group-5D93CA331AEE changes to CANDIDATE, lastRpcTime:5068, electionTimeout:5068ms
2019-07-14 06:52:00,511 INFO  impl.RoleInfo (RoleInfo.java:shutdownFollowerState(121)) - ff31a17b-ed45-42e6-b341-607b7852e9f5: shutdown FollowerState
2019-07-14 06:52:00,511 INFO  impl.RaftServerImpl (RaftServerImpl.java:setRole(171)) - ff31a17b-ed45-42e6-b341-607b7852e9f5:group-5D93CA331AEE changes role from FOLLOWER to CANDIDATE at term 0 for changeToCandidate
2019-07-14 06:52:00,511 INFO  impl.RoleInfo (RoleInfo.java:updateAndGet(143)) - ff31a17b-ed45-42e6-b341-607b7852e9f5: start LeaderElection
2019-07-14 06:52:00,536 INFO  client.GrpcClientProtocolClient (GrpcClientProtocolClient.java:onNext(255)) - client-B84C83727031->d2125c14-bf5b-4a89-9656-01806452c152: receive RaftClientReply:client-B84C83727031->d2125c14-bf5b-4a89-9656-01806452c152@group-767F60FE3A80, cid=69, SUCCESS, logIndex=5, commits[d2125c14-bf5b-4a89-9656-01806452c152:c8, ec8ecf58-59d7-498d-96c5-eba8c5551cd0:c5, 9bda9dad-fadd-43bb-a848-649d686737da:c6]
2019-07-14 06:52:00,548 INFO  impl.LeaderElection (LeaderElection.java:askForVotes(181)) - ff31a17b-ed45-42e6-b341-607b7852e9f5:group-5D93CA331AEE:LeaderElection37: begin an election at term 1 for -1: [ff31a17b-ed45-42e6-b341-607b7852e9f5:192.168.5.144:33311], old=null
2019-07-14 06:52:00,548 INFO  impl.RoleInfo (RoleInfo.java:shutdownLeaderElection(134)) - ff31a17b-ed45-42e6-b341-607b7852e9f5: shutdown LeaderElection
2019-07-14 06:52:00,548 INFO  impl.RaftServerImpl (RaftServerImpl.java:setRole(171)) - ff31a17b-ed45-42e6-b341-607b7852e9f5:group-5D93CA331AEE changes role from CANDIDATE to LEADER at term 1 for changeToLeader
2019-07-14 06:52:00,548 INFO  impl.RaftServerImpl (ServerState.java:setLeader(263)) - ff31a17b-ed45-42e6-b341-607b7852e9f5:group-5D93CA331AEE change Leader from null to ff31a17b-ed45-42e6-b341-607b7852e9f5 at term 1 for becomeLeader, leader elected after 5109ms
2019-07-14 06:52:00,551 INFO  server.RaftServerConfigKeys (ConfUtils.java:logGet(43)) - raft.server.staging.catchup.gap = 1000 (default)
2019-07-14 06:52:00,551 INFO  server.RaftServerConfigKeys (ConfUtils.java:logGet(43)) - raft.server.rpc.sleep.time = 25ms (default)
2019-07-14 06:52:00,551 INFO  server.RaftServerConfigKeys (ConfUtils.java:logGet(43)) - raft.server.write.element-limit = 4096 (default)
2019-07-14 06:52:00,554 INFO  server.RaftServerConfigKeys (ConfUtils.java:logGet(43)) - raft.server.watch.timeout = 10s (default)
2019-07-14 06:52:00,554 INFO  server.RaftServerConfigKeys (ConfUtils.java:logGet(43)) - raft.server.watch.timeout.denomination = 1s (default)
2019-07-14 06:52:00,554 INFO  server.RaftServerConfigKeys (ConfUtils.java:logGet(43)) - raft.server.watch.element-limit = 65536 (default)
2019-07-14 06:52:00,554 INFO  impl.RoleInfo (RoleInfo.java:updateAndGet(143)) - ff31a17b-ed45-42e6-b341-607b7852e9f5: start LeaderState
2019-07-14 06:52:00,555 INFO  segmented.SegmentedRaftLogWorker (SegmentedRaftLogWorker.java:startLogSegment(380)) - ff31a17b-ed45-42e6-b341-607b7852e9f5-SegmentedRaftLogWorker:Storage Directory /tmp/workdir/hadoop-ozone/integration-test/target/test-dir/MiniOzoneClusterImpl-c5bb5f29-3b06-4817-970c-9bb0fe5b284c/datanode-4/data/ratis/65474bc8-3d03-4bd0-a5ad-5d93ca331aee: Starting segment from index:0
2019-07-14 06:52:00,555 INFO  impl.RaftServerImpl (ServerState.java:setRaftConf(361)) - ff31a17b-ed45-42e6-b341-607b7852e9f5:group-5D93CA331AEE set configuration 0: [ff31a17b-ed45-42e6-b341-607b7852e9f5:192.168.5.144:33311], old=null at 0
2019-07-14 06:52:00,580 INFO  segmented.SegmentedRaftLogWorker (SegmentedRaftLogWorker.java:execute(569)) - ff31a17b-ed45-42e6-b341-607b7852e9f5-SegmentedRaftLogWorker:Storage Directory /tmp/workdir/hadoop-ozone/integration-test/target/test-dir/MiniOzoneClusterImpl-c5bb5f29-3b06-4817-970c-9bb0fe5b284c/datanode-4/data/ratis/65474bc8-3d03-4bd0-a5ad-5d93ca331aee: created new log segment /tmp/workdir/hadoop-ozone/integration-test/target/test-dir/MiniOzoneClusterImpl-c5bb5f29-3b06-4817-970c-9bb0fe5b284c/datanode-4/data/ratis/65474bc8-3d03-4bd0-a5ad-5d93ca331aee/current/log_inprogress_0
2019-07-14 06:52:00,581 INFO  client.GrpcClientProtocolClient (GrpcClientProtocolClient.java:onNext(255)) - client-B84C83727031->d2125c14-bf5b-4a89-9656-01806452c152: receive RaftClientReply:client-B84C83727031->d2125c14-bf5b-4a89-9656-01806452c152@group-767F60FE3A80, cid=70, SUCCESS, logIndex=9, commits[d2125c14-bf5b-4a89-9656-01806452c152:c10, ec8ecf58-59d7-498d-96c5-eba8c5551cd0:c8, 9bda9dad-fadd-43bb-a848-649d686737da:c8]
2019-07-14 06:52:00,581 INFO  client.GrpcClientProtocolClient (GrpcClientProtocolClient.java:onNext(255)) - client-B84C83727031->d2125c14-bf5b-4a89-9656-01806452c152: receive RaftClientReply:client-B84C83727031->d2125c14-bf5b-4a89-9656-01806452c152@group-767F60FE3A80, cid=71, SUCCESS, logIndex=10, commits[d2125c14-bf5b-4a89-9656-01806452c152:c10, ec8ecf58-59d7-498d-96c5-eba8c5551cd0:c8, 9bda9dad-fadd-43bb-a848-649d686737da:c8]
2019-07-14 06:52:00,591 INFO  client.GrpcClientProtocolClient (GrpcClientProtocolClient.java:onNext(255)) - client-B84C83727031->d2125c14-bf5b-4a89-9656-01806452c152: receive RaftClientReply:client-B84C83727031->d2125c14-bf5b-4a89-9656-01806452c152@group-767F60FE3A80, cid=72, SUCCESS, logIndex=11, commits[d2125c14-bf5b-4a89-9656-01806452c152:c12, ec8ecf58-59d7-498d-96c5-eba8c5551cd0:c8, 9bda9dad-fadd-43bb-a848-649d686737da:c8]
2019-07-14 06:52:00,594 INFO  client.GrpcClientProtocolClient (GrpcClientProtocolClient.java:onNext(255)) - client-B84C83727031->d2125c14-bf5b-4a89-9656-01806452c152: receive RaftClientReply:client-B84C83727031->d2125c14-bf5b-4a89-9656-01806452c152@group-767F60FE3A80, cid=73, SUCCESS, logIndex=12, commits[d2125c14-bf5b-4a89-9656-01806452c152:c14, ec8ecf58-59d7-498d-96c5-eba8c5551cd0:c10, 9bda9dad-fadd-43bb-a848-649d686737da:c10]
2019-07-14 06:52:00,603 INFO  client.GrpcClientProtocolClient (GrpcClientProtocolClient.java:onNext(255)) - client-B84C83727031->d2125c14-bf5b-4a89-9656-01806452c152: receive RaftClientReply:client-B84C83727031->d2125c14-bf5b-4a89-9656-01806452c152@group-767F60FE3A80, cid=74, SUCCESS, logIndex=0, commits[d2125c14-bf5b-4a89-9656-01806452c152:c16, ec8ecf58-59d7-498d-96c5-eba8c5551cd0:c12, 9bda9dad-fadd-43bb-a848-649d686737da:c12]
2019-07-14 06:52:00,739 INFO  client.GrpcClientProtocolClient (GrpcClientProtocolClient.java:onNext(255)) - client-B84C83727031->d2125c14-bf5b-4a89-9656-01806452c152: receive RaftClientReply:client-B84C83727031->d2125c14-bf5b-4a89-9656-01806452c152@group-767F60FE3A80, cid=75, SUCCESS, logIndex=17, commits[d2125c14-bf5b-4a89-9656-01806452c152:c20, ec8ecf58-59d7-498d-96c5-eba8c5551cd0:c16, 9bda9dad-fadd-43bb-a848-649d686737da:c16]
2019-07-14 06:52:00,751 INFO  impl.FollowerState (FollowerState.java:run(106)) - 19bd907d-3048-448c-9d16-c30f5ba624c4:group-1657352461B9 changes to CANDIDATE, lastRpcTime:5008, electionTimeout:5008ms
2019-07-14 06:52:00,751 INFO  impl.RoleInfo (RoleInfo.java:shutdownFollowerState(121)) - 19bd907d-3048-448c-9d16-c30f5ba624c4: shutdown FollowerState
2019-07-14 06:52:00,751 INFO  impl.RaftServerImpl (RaftServerImpl.java:setRole(171)) - 19bd907d-3048-448c-9d16-c30f5ba624c4:group-1657352461B9 changes role from FOLLOWER to CANDIDATE at term 0 for changeToCandidate
2019-07-14 06:52:00,751 INFO  impl.RoleInfo (RoleInfo.java:updateAndGet(143)) - 19bd907d-3048-448c-9d16-c30f5ba624c4: start LeaderElection
2019-07-14 06:52:00,758 INFO  client.GrpcClientProtocolClient (GrpcClientProtocolClient.java:onNext(255)) - client-B84C83727031->d2125c14-bf5b-4a89-9656-01806452c152: receive RaftClientReply:client-B84C83727031->d2125c14-bf5b-4a89-9656-01806452c152@group-767F60FE3A80, cid=76, SUCCESS, logIndex=18, commits[d2125c14-bf5b-4a89-9656-01806452c152:c23, ec8ecf58-59d7-498d-96c5-eba8c5551cd0:c20, 9bda9dad-fadd-43bb-a848-649d686737da:c20]
2019-07-14 06:52:00,761 INFO  client.GrpcClientProtocolClient (GrpcClientProtocolClient.java:onNext(255)) - client-B84C83727031->d2125c14-bf5b-4a89-9656-01806452c152: receive RaftClientReply:client-B84C83727031->d2125c14-bf5b-4a89-9656-01806452c152@group-767F60FE3A80, cid=77, SUCCESS, logIndex=19, commits[d2125c14-bf5b-4a89-9656-01806452c152:c23, ec8ecf58-59d7-498d-96c5-eba8c5551cd0:c20, 9bda9dad-fadd-43bb-a848-649d686737da:c20]
2019-07-14 06:52:00,761 INFO  impl.LeaderElection (LeaderElection.java:askForVotes(181)) - 19bd907d-3048-448c-9d16-c30f5ba624c4:group-1657352461B9:LeaderElection38: begin an election at term 1 for -1: [c331ada3-8585-410d-8ae9-67cf9aab0100:192.168.5.144:44603, ff31a17b-ed45-42e6-b341-607b7852e9f5:192.168.5.144:33311, 19bd907d-3048-448c-9d16-c30f5ba624c4:192.168.5.144:37010], old=null
2019-07-14 06:52:00,768 INFO  impl.RaftServerImpl (RaftServerImpl.java:setRole(171)) - ff31a17b-ed45-42e6-b341-607b7852e9f5:group-1657352461B9 changes role from FOLLOWER to FOLLOWER at term 1 for recognizeCandidate:19bd907d-3048-448c-9d16-c30f5ba624c4
2019-07-14 06:52:00,768 INFO  impl.RaftServerImpl (RaftServerImpl.java:setRole(171)) - c331ada3-8585-410d-8ae9-67cf9aab0100:group-1657352461B9 changes role from FOLLOWER to FOLLOWER at term 1 for recognizeCandidate:19bd907d-3048-448c-9d16-c30f5ba624c4
2019-07-14 06:52:00,768 INFO  impl.RoleInfo (RoleInfo.java:shutdownFollowerState(121)) - ff31a17b-ed45-42e6-b341-607b7852e9f5: shutdown FollowerState
2019-07-14 06:52:00,768 INFO  impl.RoleInfo (RoleInfo.java:shutdownFollowerState(121)) - c331ada3-8585-410d-8ae9-67cf9aab0100: shutdown FollowerState
2019-07-14 06:52:00,768 INFO  impl.FollowerState (FollowerState.java:run(114)) - ff31a17b-ed45-42e6-b341-607b7852e9f5: FollowerState was interrupted: java.lang.InterruptedException: sleep interrupted
2019-07-14 06:52:00,768 INFO  impl.RoleInfo (RoleInfo.java:updateAndGet(143)) - ff31a17b-ed45-42e6-b341-607b7852e9f5: start FollowerState
2019-07-14 06:52:00,770 INFO  impl.FollowerState (FollowerState.java:run(106)) - 19bd907d-3048-448c-9d16-c30f5ba624c4:group-089184B702C3 changes to CANDIDATE, lastRpcTime:5126, electionTimeout:5124ms
2019-07-14 06:52:00,771 INFO  impl.RoleInfo (RoleInfo.java:shutdownFollowerState(121)) - 19bd907d-3048-448c-9d16-c30f5ba624c4: shutdown FollowerState
2019-07-14 06:52:00,768 INFO  impl.FollowerState (FollowerState.java:run(114)) - c331ada3-8585-410d-8ae9-67cf9aab0100: FollowerState was interrupted: java.lang.InterruptedException: sleep interrupted
2019-07-14 06:52:00,768 INFO  impl.RoleInfo (RoleInfo.java:updateAndGet(143)) - c331ada3-8585-410d-8ae9-67cf9aab0100: start FollowerState
2019-07-14 06:52:00,771 INFO  impl.RaftServerImpl (RaftServerImpl.java:setRole(171)) - 19bd907d-3048-448c-9d16-c30f5ba624c4:group-089184B702C3 changes role from FOLLOWER to CANDIDATE at term 0 for changeToCandidate
2019-07-14 06:52:00,773 INFO  impl.RoleInfo (RoleInfo.java:updateAndGet(143)) - 19bd907d-3048-448c-9d16-c30f5ba624c4: start LeaderElection
2019-07-14 06:52:00,969 INFO  impl.LeaderElection (LeaderElection.java:askForVotes(181)) - 19bd907d-3048-448c-9d16-c30f5ba624c4:group-089184B702C3:LeaderElection39: begin an election at term 1 for -1: [19bd907d-3048-448c-9d16-c30f5ba624c4:192.168.5.144:37010], old=null
2019-07-14 06:52:00,970 INFO  impl.RoleInfo (RoleInfo.java:shutdownLeaderElection(134)) - 19bd907d-3048-448c-9d16-c30f5ba624c4: shutdown LeaderElection
2019-07-14 06:52:00,970 INFO  impl.RaftServerImpl (RaftServerImpl.java:setRole(171)) - 19bd907d-3048-448c-9d16-c30f5ba624c4:group-089184B702C3 changes role from CANDIDATE to LEADER at term 1 for changeToLeader
2019-07-14 06:52:00,970 INFO  impl.RaftServerImpl (ServerState.java:setLeader(263)) - 19bd907d-3048-448c-9d16-c30f5ba624c4:group-089184B702C3 change Leader from null to 19bd907d-3048-448c-9d16-c30f5ba624c4 at term 1 for becomeLeader, leader elected after 5330ms
2019-07-14 06:52:00,976 INFO  server.RaftServerConfigKeys (ConfUtils.java:logGet(43)) - raft.server.staging.catchup.gap = 1000 (default)
2019-07-14 06:52:00,976 INFO  server.RaftServerConfigKeys (ConfUtils.java:logGet(43)) - raft.server.rpc.sleep.time = 25ms (default)
2019-07-14 06:52:00,976 INFO  server.RaftServerConfigKeys (ConfUtils.java:logGet(43)) - raft.server.write.element-limit = 4096 (default)
2019-07-14 06:52:00,976 INFO  server.RaftServerConfigKeys (ConfUtils.java:logGet(43)) - raft.server.watch.timeout = 10s (default)
2019-07-14 06:52:00,976 INFO  impl.LeaderElection (LeaderElection.java:logAndReturn(56)) - 19bd907d-3048-448c-9d16-c30f5ba624c4:group-1657352461B9:LeaderElection38: Election PASSED; received 1 response(s) [19bd907d-3048-448c-9d16-c30f5ba624c4<-ff31a17b-ed45-42e6-b341-607b7852e9f5#0:OK-t1] and 0 exception(s); 19bd907d-3048-448c-9d16-c30f5ba624c4:t1, leader=null, voted=19bd907d-3048-448c-9d16-c30f5ba624c4, raftlog=19bd907d-3048-448c-9d16-c30f5ba624c4-SegmentedRaftLog:OPENED:c-1,f-1,i0, conf=-1: [c331ada3-8585-410d-8ae9-67cf9aab0100:192.168.5.144:44603, ff31a17b-ed45-42e6-b341-607b7852e9f5:192.168.5.144:33311, 19bd907d-3048-448c-9d16-c30f5ba624c4:192.168.5.144:37010], old=null
2019-07-14 06:52:00,977 INFO  server.RaftServerConfigKeys (ConfUtils.java:logGet(43)) - raft.server.watch.timeout.denomination = 1s (default)
2019-07-14 06:52:00,977 INFO  impl.RoleInfo (RoleInfo.java:shutdownLeaderElection(134)) - 19bd907d-3048-448c-9d16-c30f5ba624c4: shutdown LeaderElection
2019-07-14 06:52:00,982 INFO  server.RaftServerConfigKeys (ConfUtils.java:logGet(43)) - raft.server.watch.element-limit = 65536 (default)
2019-07-14 06:52:00,982 INFO  impl.RaftServerImpl (RaftServerImpl.java:setRole(171)) - 19bd907d-3048-448c-9d16-c30f5ba624c4:group-1657352461B9 changes role from CANDIDATE to LEADER at term 1 for changeToLeader
2019-07-14 06:52:00,982 INFO  impl.RaftServerImpl (ServerState.java:setLeader(263)) - 19bd907d-3048-448c-9d16-c30f5ba624c4:group-1657352461B9 change Leader from null to 19bd907d-3048-448c-9d16-c30f5ba624c4 at term 1 for becomeLeader, leader elected after 5250ms
2019-07-14 06:52:00,982 INFO  impl.RoleInfo (RoleInfo.java:updateAndGet(143)) - 19bd907d-3048-448c-9d16-c30f5ba624c4: start LeaderState
2019-07-14 06:52:00,982 INFO  server.RaftServerConfigKeys (ConfUtils.java:logGet(43)) - raft.server.staging.catchup.gap = 1000 (default)
2019-07-14 06:52:00,982 INFO  segmented.SegmentedRaftLogWorker (SegmentedRaftLogWorker.java:startLogSegment(380)) - 19bd907d-3048-448c-9d16-c30f5ba624c4-SegmentedRaftLogWorker:Storage Directory /tmp/workdir/hadoop-ozone/integration-test/target/test-dir/MiniOzoneClusterImpl-c5bb5f29-3b06-4817-970c-9bb0fe5b284c/datanode-5/data/ratis/51f3d216-9e51-49e7-9570-089184b702c3: Starting segment from index:0
2019-07-14 06:52:00,982 INFO  server.RaftServerConfigKeys (ConfUtils.java:logGet(43)) - raft.server.rpc.sleep.time = 25ms (default)
2019-07-14 06:52:00,983 INFO  server.RaftServerConfigKeys (ConfUtils.java:logGet(43)) - raft.server.write.element-limit = 4096 (default)
2019-07-14 06:52:00,983 INFO  impl.RaftServerImpl (ServerState.java:setRaftConf(361)) - 19bd907d-3048-448c-9d16-c30f5ba624c4:group-089184B702C3 set configuration 0: [19bd907d-3048-448c-9d16-c30f5ba624c4:192.168.5.144:37010], old=null at 0
2019-07-14 06:52:00,983 INFO  server.RaftServerConfigKeys (ConfUtils.java:logGet(43)) - raft.server.watch.timeout = 10s (default)
2019-07-14 06:52:01,021 INFO  server.RaftServerConfigKeys (ConfUtils.java:logGet(43)) - raft.server.watch.timeout.denomination = 1s (default)
2019-07-14 06:52:01,021 INFO  server.RaftServerConfigKeys (ConfUtils.java:logGet(43)) - raft.server.watch.element-limit = 65536 (default)
2019-07-14 06:52:01,021 INFO  server.RaftServerConfigKeys (ConfUtils.java:logGet(43)) - raft.server.log.appender.snapshot.chunk.size.max = 16MB (=16777216) (default)
2019-07-14 06:52:01,022 INFO  server.RaftServerConfigKeys (ConfUtils.java:logGet(43)) - raft.server.log.appender.buffer.byte-limit = 33554432 (custom)
2019-07-14 06:52:01,022 INFO  server.RaftServerConfigKeys (ConfUtils.java:logGet(43)) - raft.server.log.appender.buffer.element-limit = 1 (custom)
2019-07-14 06:52:01,039 INFO  segmented.SegmentedRaftLogWorker (SegmentedRaftLogWorker.java:execute(569)) - 19bd907d-3048-448c-9d16-c30f5ba624c4-SegmentedRaftLogWorker:Storage Directory /tmp/workdir/hadoop-ozone/integration-test/target/test-dir/MiniOzoneClusterImpl-c5bb5f29-3b06-4817-970c-9bb0fe5b284c/datanode-5/data/ratis/51f3d216-9e51-49e7-9570-089184b702c3: created new log segment /tmp/workdir/hadoop-ozone/integration-test/target/test-dir/MiniOzoneClusterImpl-c5bb5f29-3b06-4817-970c-9bb0fe5b284c/datanode-5/data/ratis/51f3d216-9e51-49e7-9570-089184b702c3/current/log_inprogress_0
2019-07-14 06:52:01,039 INFO  grpc.GrpcConfigKeys$Server (ConfUtils.java:logGet(43)) - raft.grpc.server.leader.outstanding.appends.max = 128 (default)
2019-07-14 06:52:01,039 INFO  server.RaftServerConfigKeys (ConfUtils.java:logGet(43)) - raft.server.rpc.request.timeout = 3000ms (default)
2019-07-14 06:52:01,040 INFO  server.RaftServerConfigKeys (ConfUtils.java:logGet(43)) - raft.server.log.appender.install.snapshot.enabled = false (custom)
2019-07-14 06:52:01,040 INFO  client.GrpcClientProtocolClient (GrpcClientProtocolClient.java:onNext(255)) - client-B84C83727031->d2125c14-bf5b-4a89-9656-01806452c152: receive RaftClientReply:client-B84C83727031->d2125c14-bf5b-4a89-9656-01806452c152@group-767F60FE3A80, cid=78, SUCCESS, logIndex=20, commits[d2125c14-bf5b-4a89-9656-01806452c152:c23, ec8ecf58-59d7-498d-96c5-eba8c5551cd0:c20, 9bda9dad-fadd-43bb-a848-649d686737da:c20]
2019-07-14 06:52:01,040 INFO  server.RaftServerConfigKeys (ConfUtils.java:logGet(43)) - raft.server.log.appender.snapshot.chunk.size.max = 16MB (=16777216) (default)
2019-07-14 06:52:01,040 INFO  server.RaftServerConfigKeys (ConfUtils.java:logGet(43)) - raft.server.log.appender.buffer.byte-limit = 33554432 (custom)
2019-07-14 06:52:01,040 INFO  server.RaftServerConfigKeys (ConfUtils.java:logGet(43)) - raft.server.log.appender.buffer.element-limit = 1 (custom)
2019-07-14 06:52:01,041 INFO  grpc.GrpcConfigKeys$Server (ConfUtils.java:logGet(43)) - raft.grpc.server.leader.outstanding.appends.max = 128 (default)
2019-07-14 06:52:01,041 INFO  server.RaftServerConfigKeys (ConfUtils.java:logGet(43)) - raft.server.rpc.request.timeout = 3000ms (default)
2019-07-14 06:52:01,041 INFO  server.RaftServerConfigKeys (ConfUtils.java:logGet(43)) - raft.server.log.appender.install.snapshot.enabled = false (custom)
2019-07-14 06:52:01,041 INFO  impl.RoleInfo (RoleInfo.java:updateAndGet(143)) - 19bd907d-3048-448c-9d16-c30f5ba624c4: start LeaderState
2019-07-14 06:52:01,041 INFO  segmented.SegmentedRaftLogWorker (SegmentedRaftLogWorker.java:startLogSegment(380)) - 19bd907d-3048-448c-9d16-c30f5ba624c4-SegmentedRaftLogWorker:Storage Directory /tmp/workdir/hadoop-ozone/integration-test/target/test-dir/MiniOzoneClusterImpl-c5bb5f29-3b06-4817-970c-9bb0fe5b284c/datanode-5/data/ratis/f25c646a-7ba8-47d8-bc6a-1657352461b9: Starting segment from index:0
2019-07-14 06:52:01,042 INFO  impl.RaftServerImpl (ServerState.java:setRaftConf(361)) - 19bd907d-3048-448c-9d16-c30f5ba624c4:group-1657352461B9 set configuration 0: [c331ada3-8585-410d-8ae9-67cf9aab0100:192.168.5.144:44603, ff31a17b-ed45-42e6-b341-607b7852e9f5:192.168.5.144:33311, 19bd907d-3048-448c-9d16-c30f5ba624c4:192.168.5.144:37010], old=null at 0
2019-07-14 06:52:01,071 INFO  impl.RaftServerImpl (ServerState.java:setLeader(263)) - ff31a17b-ed45-42e6-b341-607b7852e9f5:group-1657352461B9 change Leader from null to 19bd907d-3048-448c-9d16-c30f5ba624c4 at term 1 for appendEntries, leader elected after 5339ms
2019-07-14 06:52:01,076 INFO  segmented.SegmentedRaftLogWorker (SegmentedRaftLogWorker.java:execute(569)) - 19bd907d-3048-448c-9d16-c30f5ba624c4-SegmentedRaftLogWorker:Storage Directory /tmp/workdir/hadoop-ozone/integration-test/target/test-dir/MiniOzoneClusterImpl-c5bb5f29-3b06-4817-970c-9bb0fe5b284c/datanode-5/data/ratis/f25c646a-7ba8-47d8-bc6a-1657352461b9: created new log segment /tmp/workdir/hadoop-ozone/integration-test/target/test-dir/MiniOzoneClusterImpl-c5bb5f29-3b06-4817-970c-9bb0fe5b284c/datanode-5/data/ratis/f25c646a-7ba8-47d8-bc6a-1657352461b9/current/log_inprogress_0
2019-07-14 06:52:01,076 INFO  impl.RaftServerImpl (ServerState.java:setLeader(263)) - c331ada3-8585-410d-8ae9-67cf9aab0100:group-1657352461B9 change Leader from null to 19bd907d-3048-448c-9d16-c30f5ba624c4 at term 1 for appendEntries, leader elected after 5344ms
2019-07-14 06:52:01,083 INFO  impl.RaftServerImpl (ServerState.java:setRaftConf(361)) - ff31a17b-ed45-42e6-b341-607b7852e9f5:group-1657352461B9 set configuration 0: [c331ada3-8585-410d-8ae9-67cf9aab0100:192.168.5.144:44603, ff31a17b-ed45-42e6-b341-607b7852e9f5:192.168.5.144:33311, 19bd907d-3048-448c-9d16-c30f5ba624c4:192.168.5.144:37010], old=null at 0
2019-07-14 06:52:01,084 INFO  segmented.SegmentedRaftLogWorker (SegmentedRaftLogWorker.java:startLogSegment(380)) - ff31a17b-ed45-42e6-b341-607b7852e9f5-SegmentedRaftLogWorker:Storage Directory /tmp/workdir/hadoop-ozone/integration-test/target/test-dir/MiniOzoneClusterImpl-c5bb5f29-3b06-4817-970c-9bb0fe5b284c/datanode-4/data/ratis/f25c646a-7ba8-47d8-bc6a-1657352461b9: Starting segment from index:0
2019-07-14 06:52:01,085 INFO  impl.RaftServerImpl (ServerState.java:setRaftConf(361)) - c331ada3-8585-410d-8ae9-67cf9aab0100:group-1657352461B9 set configuration 0: [c331ada3-8585-410d-8ae9-67cf9aab0100:192.168.5.144:44603, ff31a17b-ed45-42e6-b341-607b7852e9f5:192.168.5.144:33311, 19bd907d-3048-448c-9d16-c30f5ba624c4:192.168.5.144:37010], old=null at 0
2019-07-14 06:52:01,086 INFO  segmented.SegmentedRaftLogWorker (SegmentedRaftLogWorker.java:startLogSegment(380)) - c331ada3-8585-410d-8ae9-67cf9aab0100-SegmentedRaftLogWorker:Storage Directory /tmp/workdir/hadoop-ozone/integration-test/target/test-dir/MiniOzoneClusterImpl-c5bb5f29-3b06-4817-970c-9bb0fe5b284c/datanode-3/data/ratis/f25c646a-7ba8-47d8-bc6a-1657352461b9: Starting segment from index:0
2019-07-14 06:52:01,129 INFO  segmented.SegmentedRaftLogWorker (SegmentedRaftLogWorker.java:execute(569)) - c331ada3-8585-410d-8ae9-67cf9aab0100-SegmentedRaftLogWorker:Storage Directory /tmp/workdir/hadoop-ozone/integration-test/target/test-dir/MiniOzoneClusterImpl-c5bb5f29-3b06-4817-970c-9bb0fe5b284c/datanode-3/data/ratis/f25c646a-7ba8-47d8-bc6a-1657352461b9: created new log segment /tmp/workdir/hadoop-ozone/integration-test/target/test-dir/MiniOzoneClusterImpl-c5bb5f29-3b06-4817-970c-9bb0fe5b284c/datanode-3/data/ratis/f25c646a-7ba8-47d8-bc6a-1657352461b9/current/log_inprogress_0
2019-07-14 06:52:01,129 INFO  segmented.SegmentedRaftLogWorker (SegmentedRaftLogWorker.java:execute(569)) - ff31a17b-ed45-42e6-b341-607b7852e9f5-SegmentedRaftLogWorker:Storage Directory /tmp/workdir/hadoop-ozone/integration-test/target/test-dir/MiniOzoneClusterImpl-c5bb5f29-3b06-4817-970c-9bb0fe5b284c/datanode-4/data/ratis/f25c646a-7ba8-47d8-bc6a-1657352461b9: created new log segment /tmp/workdir/hadoop-ozone/integration-test/target/test-dir/MiniOzoneClusterImpl-c5bb5f29-3b06-4817-970c-9bb0fe5b284c/datanode-4/data/ratis/f25c646a-7ba8-47d8-bc6a-1657352461b9/current/log_inprogress_0
2019-07-14 06:52:01,137 INFO  client.GrpcClientProtocolClient (GrpcClientProtocolClient.java:onNext(255)) - client-B84C83727031->d2125c14-bf5b-4a89-9656-01806452c152: receive RaftClientReply:client-B84C83727031->d2125c14-bf5b-4a89-9656-01806452c152@group-767F60FE3A80, cid=79, SUCCESS, logIndex=24, commits[d2125c14-bf5b-4a89-9656-01806452c152:c25, ec8ecf58-59d7-498d-96c5-eba8c5551cd0:c23, 9bda9dad-fadd-43bb-a848-649d686737da:c20]
2019-07-14 06:52:01,137 INFO  client.GrpcClientProtocolClient (GrpcClientProtocolClient.java:onNext(255)) - client-B84C83727031->d2125c14-bf5b-4a89-9656-01806452c152: receive RaftClientReply:client-B84C83727031->d2125c14-bf5b-4a89-9656-01806452c152@group-767F60FE3A80, cid=80, SUCCESS, logIndex=25, commits[d2125c14-bf5b-4a89-9656-01806452c152:c25, ec8ecf58-59d7-498d-96c5-eba8c5551cd0:c23, 9bda9dad-fadd-43bb-a848-649d686737da:c20]
2019-07-14 06:52:01,153 INFO  client.GrpcClientProtocolClient (GrpcClientProtocolClient.java:onNext(255)) - client-B84C83727031->d2125c14-bf5b-4a89-9656-01806452c152: receive RaftClientReply:client-B84C83727031->d2125c14-bf5b-4a89-9656-01806452c152@group-767F60FE3A80, cid=81, SUCCESS, logIndex=26, commits[d2125c14-bf5b-4a89-9656-01806452c152:c28, ec8ecf58-59d7-498d-96c5-eba8c5551cd0:c25, 9bda9dad-fadd-43bb-a848-649d686737da:c23]
2019-07-14 06:52:01,156 INFO  client.GrpcClientProtocolClient (GrpcClientProtocolClient.java:onNext(255)) - client-B84C83727031->d2125c14-bf5b-4a89-9656-01806452c152: receive RaftClientReply:client-B84C83727031->d2125c14-bf5b-4a89-9656-01806452c152@group-767F60FE3A80, cid=82, SUCCESS, logIndex=27, commits[d2125c14-bf5b-4a89-9656-01806452c152:c28, ec8ecf58-59d7-498d-96c5-eba8c5551cd0:c25, 9bda9dad-fadd-43bb-a848-649d686737da:c25]
2019-07-14 06:52:01,163 INFO  client.GrpcClientProtocolClient (GrpcClientProtocolClient.java:onNext(255)) - client-B84C83727031->d2125c14-bf5b-4a89-9656-01806452c152: receive RaftClientReply:client-B84C83727031->d2125c14-bf5b-4a89-9656-01806452c152@group-767F60FE3A80, cid=83, SUCCESS, logIndex=0, commits[d2125c14-bf5b-4a89-9656-01806452c152:c29, ec8ecf58-59d7-498d-96c5-eba8c5551cd0:c28, 9bda9dad-fadd-43bb-a848-649d686737da:c28]
2019-07-14 06:52:01,252 INFO  client.GrpcClientProtocolClient (GrpcClientProtocolClient.java:onNext(255)) - client-B84C83727031->d2125c14-bf5b-4a89-9656-01806452c152: receive RaftClientReply:client-B84C83727031->d2125c14-bf5b-4a89-9656-01806452c152@group-767F60FE3A80, cid=84, SUCCESS, logIndex=30, commits[d2125c14-bf5b-4a89-9656-01806452c152:c33, ec8ecf58-59d7-498d-96c5-eba8c5551cd0:c29, 9bda9dad-fadd-43bb-a848-649d686737da:c29]
2019-07-14 06:52:01,286 INFO  client.GrpcClientProtocolClient (GrpcClientProtocolClient.java:onNext(255)) - client-B84C83727031->d2125c14-bf5b-4a89-9656-01806452c152: receive RaftClientReply:client-B84C83727031->d2125c14-bf5b-4a89-9656-01806452c152@group-767F60FE3A80, cid=85, SUCCESS, logIndex=31, commits[d2125c14-bf5b-4a89-9656-01806452c152:c36, ec8ecf58-59d7-498d-96c5-eba8c5551cd0:c33, 9bda9dad-fadd-43bb-a848-649d686737da:c33]
2019-07-14 06:52:01,288 INFO  client.GrpcClientProtocolClient (GrpcClientProtocolClient.java:onNext(255)) - client-B84C83727031->d2125c14-bf5b-4a89-9656-01806452c152: receive RaftClientReply:client-B84C83727031->d2125c14-bf5b-4a89-9656-01806452c152@group-767F60FE3A80, cid=86, SUCCESS, logIndex=32, commits[d2125c14-bf5b-4a89-9656-01806452c152:c36, ec8ecf58-59d7-498d-96c5-eba8c5551cd0:c33, 9bda9dad-fadd-43bb-a848-649d686737da:c33]
2019-07-14 06:52:01,336 INFO  client.GrpcClientProtocolClient (GrpcClientProtocolClient.java:onNext(255)) - client-B84C83727031->d2125c14-bf5b-4a89-9656-01806452c152: receive RaftClientReply:client-B84C83727031->d2125c14-bf5b-4a89-9656-01806452c152@group-767F60FE3A80, cid=87, SUCCESS, logIndex=33, commits[d2125c14-bf5b-4a89-9656-01806452c152:c36, ec8ecf58-59d7-498d-96c5-eba8c5551cd0:c33, 9bda9dad-fadd-43bb-a848-649d686737da:c33]
2019-07-14 06:52:01,340 INFO  datanode.ObjectStoreHandler (ObjectStoreHandler.java:close(155)) - Closing ObjectStoreHandler.
2019-07-14 06:52:01,341 INFO  ozone.HddsDatanodeService (HddsDatanodeService.java:stop(452)) - Stopped plug-in org.apache.hadoop.ozone.web.OzoneHddsDatanodeService@289cf7db
2019-07-14 06:52:02,245 INFO  statemachine.DatanodeStateMachine (DatanodeStateMachine.java:lambda$startDaemon$0(350)) - Ozone container server started.
2019-07-14 06:52:04,326 INFO  node.StaleNodeHandler (StaleNodeHandler.java:onMessage(58)) - Datanode d2125c14-bf5b-4a89-9656-01806452c152{ip: 192.168.5.144, host: trunk-nightly-8c95p-1540871953, networkLocation: /default-rack, certSerialId: null} moved to stale state. Finalizing its pipelines [PipelineID=8517ecee-c761-4419-a301-767f60fe3a80, PipelineID=022f5cab-e4c0-476e-a658-a6d0b60d91a5]
2019-07-14 06:52:04,326 INFO  pipeline.SCMPipelineManager (SCMPipelineManager.java:finalizeAndDestroyPipeline(309)) - destroying pipeline:Pipeline[ Id: 8517ecee-c761-4419-a301-767f60fe3a80, Nodes: d2125c14-bf5b-4a89-9656-01806452c152{ip: 192.168.5.144, host: trunk-nightly-8c95p-1540871953, networkLocation: /default-rack, certSerialId: null}ec8ecf58-59d7-498d-96c5-eba8c5551cd0{ip: 192.168.5.144, host: trunk-nightly-8c95p-1540871953, networkLocation: /default-rack, certSerialId: null}9bda9dad-fadd-43bb-a848-649d686737da{ip: 192.168.5.144, host: trunk-nightly-8c95p-1540871953, networkLocation: /default-rack, certSerialId: null}, Type:RATIS, Factor:THREE, State:OPEN]
2019-07-14 06:52:04,326 INFO  pipeline.PipelineStateManager (PipelineStateManager.java:finalizePipeline(123)) - Pipeline Pipeline[ Id: 8517ecee-c761-4419-a301-767f60fe3a80, Nodes: d2125c14-bf5b-4a89-9656-01806452c152{ip: 192.168.5.144, host: trunk-nightly-8c95p-1540871953, networkLocation: /default-rack, certSerialId: null}ec8ecf58-59d7-498d-96c5-eba8c5551cd0{ip: 192.168.5.144, host: trunk-nightly-8c95p-1540871953, networkLocation: /default-rack, certSerialId: null}9bda9dad-fadd-43bb-a848-649d686737da{ip: 192.168.5.144, host: trunk-nightly-8c95p-1540871953, networkLocation: /default-rack, certSerialId: null}, Type:RATIS, Factor:THREE, State:CLOSED] moved to CLOSED state
2019-07-14 06:52:04,327 INFO  container.CloseContainerEventHandler (CloseContainerEventHandler.java:onMessage(61)) - Close container Event triggered for container : #1
2019-07-14 06:52:04,327 INFO  pipeline.SCMPipelineManager (SCMPipelineManager.java:finalizeAndDestroyPipeline(309)) - destroying pipeline:Pipeline[ Id: 022f5cab-e4c0-476e-a658-a6d0b60d91a5, Nodes: d2125c14-bf5b-4a89-9656-01806452c152{ip: 192.168.5.144, host: trunk-nightly-8c95p-1540871953, networkLocation: /default-rack, certSerialId: null}, Type:RATIS, Factor:ONE, State:OPEN]
2019-07-14 06:52:04,328 INFO  pipeline.PipelineStateManager (PipelineStateManager.java:finalizePipeline(123)) - Pipeline Pipeline[ Id: 022f5cab-e4c0-476e-a658-a6d0b60d91a5, Nodes: d2125c14-bf5b-4a89-9656-01806452c152{ip: 192.168.5.144, host: trunk-nightly-8c95p-1540871953, networkLocation: /default-rack, certSerialId: null}, Type:RATIS, Factor:ONE, State:CLOSED] moved to CLOSED state
2019-07-14 06:52:04,328 INFO  container.CloseContainerEventHandler (CloseContainerEventHandler.java:onMessage(61)) - Close container Event triggered for container : #2
2019-07-14 06:52:04,329 INFO  container.CloseContainerEventHandler (CloseContainerEventHandler.java:onMessage(61)) - Close container Event triggered for container : #3
2019-07-14 06:52:06,342 INFO  ozoneimpl.OzoneContainer (OzoneContainer.java:stop(199)) - Attempting to stop container services.
2019-07-14 06:52:06,342 INFO  impl.RaftServerProxy (RaftServerProxy.java:lambda$close$4(314)) - d2125c14-bf5b-4a89-9656-01806452c152: close
2019-07-14 06:52:06,350 INFO  impl.RaftServerImpl (RaftServerImpl.java:lambda$shutdown$3(245)) - d2125c14-bf5b-4a89-9656-01806452c152: shutdown group-767F60FE3A80
2019-07-14 06:52:06,350 INFO  impl.RaftServerImpl (RaftServerImpl.java:lambda$shutdown$3(245)) - d2125c14-bf5b-4a89-9656-01806452c152: shutdown group-A6D0B60D91A5
2019-07-14 06:52:06,351 INFO  util.JmxRegister (JmxRegister.java:unregister(73)) - Successfully un-registered JMX Bean with object name Ratis:service=RaftServer,group=group-767F60FE3A80,id=d2125c14-bf5b-4a89-9656-01806452c152
2019-07-14 06:52:06,351 INFO  util.JmxRegister (JmxRegister.java:unregister(73)) - Successfully un-registered JMX Bean with object name Ratis:service=RaftServer,group=group-A6D0B60D91A5,id=d2125c14-bf5b-4a89-9656-01806452c152
2019-07-14 06:52:06,351 INFO  impl.RoleInfo (RoleInfo.java:shutdownLeaderState(104)) - d2125c14-bf5b-4a89-9656-01806452c152: shutdown LeaderState
2019-07-14 06:52:06,351 INFO  impl.RoleInfo (RoleInfo.java:shutdownLeaderState(104)) - d2125c14-bf5b-4a89-9656-01806452c152: shutdown LeaderState
2019-07-14 06:52:06,360 INFO  impl.PendingRequests (PendingRequests.java:sendNotLeaderResponses(202)) - d2125c14-bf5b-4a89-9656-01806452c152-PendingRequests: sendNotLeaderResponses
2019-07-14 06:52:06,360 WARN  server.GrpcLogAppender (GrpcLogAppender.java:mayWait(143)) - GrpcLogAppender(d2125c14-bf5b-4a89-9656-01806452c152->9bda9dad-fadd-43bb-a848-649d686737da): Wait interrupted by java.lang.InterruptedException
2019-07-14 06:52:06,360 WARN  server.GrpcLogAppender (GrpcLogAppender.java:mayWait(143)) - GrpcLogAppender(d2125c14-bf5b-4a89-9656-01806452c152->ec8ecf58-59d7-498d-96c5-eba8c5551cd0): Wait interrupted by java.lang.InterruptedException
2019-07-14 06:52:06,360 INFO  impl.PendingRequests (PendingRequests.java:sendNotLeaderResponses(202)) - d2125c14-bf5b-4a89-9656-01806452c152-PendingRequests: sendNotLeaderResponses
2019-07-14 06:52:06,372 INFO  server.GrpcServerProtocolService (GrpcServerProtocolService.java:onCompleted(104)) - ec8ecf58-59d7-498d-96c5-eba8c5551cd0: appendEntries completed
2019-07-14 06:52:06,372 INFO  server.GrpcServerProtocolService (GrpcServerProtocolService.java:onCompleted(104)) - 9bda9dad-fadd-43bb-a848-649d686737da: appendEntries completed
2019-07-14 06:52:06,360 INFO  impl.StateMachineUpdater (StateMachineUpdater.java:stopAndJoin(115)) - StateMachineUpdater:d2125c14-bf5b-4a89-9656-01806452c152:group-A6D0B60D91A5: set stopIndex = 0
2019-07-14 06:52:06,380 INFO  ratis.ContainerStateMachine (ContainerStateMachine.java:takeSnapshot(249)) - group-767F60FE3A80: Taking a snapshot at:(t:1, i:36) file /tmp/workdir/hadoop-ozone/integration-test/target/test-dir/MiniOzoneClusterImpl-c5bb5f29-3b06-4817-970c-9bb0fe5b284c/datanode-1/data/ratis/8517ecee-c761-4419-a301-767f60fe3a80/sm/snapshot.1_36
2019-07-14 06:52:06,380 INFO  impl.StateMachineUpdater (StateMachineUpdater.java:stopAndJoin(115)) - StateMachineUpdater:d2125c14-bf5b-4a89-9656-01806452c152:group-767F60FE3A80: set stopIndex = 36
2019-07-14 06:52:06,380 INFO  impl.RaftServerImpl (ServerState.java:close(394)) - d2125c14-bf5b-4a89-9656-01806452c152:group-A6D0B60D91A5 closes. The last applied log index is 0
2019-07-14 06:52:06,390 INFO  server.GrpcLogAppender (GrpcLogAppender.java:onCompleted(292)) - d2125c14-bf5b-4a89-9656-01806452c152->9bda9dad-fadd-43bb-a848-649d686737da: follower responses appendEntries COMPLETED
2019-07-14 06:52:06,390 INFO  server.GrpcLogAppender (GrpcLogAppender.java:onCompleted(292)) - d2125c14-bf5b-4a89-9656-01806452c152->ec8ecf58-59d7-498d-96c5-eba8c5551cd0: follower responses appendEntries COMPLETED
2019-07-14 06:52:06,390 INFO  ratis.ContainerStateMachine (ContainerStateMachine.java:takeSnapshot(257)) - group-767F60FE3A80: Finished taking a snapshot at:(t:1, i:36) file:/tmp/workdir/hadoop-ozone/integration-test/target/test-dir/MiniOzoneClusterImpl-c5bb5f29-3b06-4817-970c-9bb0fe5b284c/datanode-1/data/ratis/8517ecee-c761-4419-a301-767f60fe3a80/sm/snapshot.1_36 time:10
2019-07-14 06:52:06,399 INFO  impl.FollowerInfo (FollowerInfo.java:lambda$new$0(50)) - d2125c14-bf5b-4a89-9656-01806452c152->ec8ecf58-59d7-498d-96c5-eba8c5551cd0: nextIndex: updateUnconditionally 37 -> 36
2019-07-14 06:52:06,399 INFO  impl.FollowerInfo (FollowerInfo.java:lambda$new$0(50)) - d2125c14-bf5b-4a89-9656-01806452c152->9bda9dad-fadd-43bb-a848-649d686737da: nextIndex: updateUnconditionally 37 -> 36
2019-07-14 06:52:06,395 INFO  segmented.SegmentedRaftLogWorker (SegmentedRaftLogWorker.java:run(313)) - d2125c14-bf5b-4a89-9656-01806452c152-SegmentedRaftLogWorker:Storage Directory /tmp/workdir/hadoop-ozone/integration-test/target/test-dir/MiniOzoneClusterImpl-c5bb5f29-3b06-4817-970c-9bb0fe5b284c/datanode-1/data/ratis/022f5cab-e4c0-476e-a658-a6d0b60d91a5 was interrupted, exiting. There are 0 tasks remaining in the queue.
2019-07-14 06:52:06,399 INFO  impl.StateMachineUpdater (StateMachineUpdater.java:takeSnapshot(242)) - StateMachineUpdater:d2125c14-bf5b-4a89-9656-01806452c152:group-767F60FE3A80: Took a snapshot at index 36
2019-07-14 06:52:06,403 INFO  impl.StateMachineUpdater (StateMachineUpdater.java:lambda$new$0(80)) - StateMachineUpdater:d2125c14-bf5b-4a89-9656-01806452c152:group-767F60FE3A80: snapshotIndex: updateIncreasingly -1 -> 36
2019-07-14 06:52:06,403 INFO  segmented.SegmentedRaftLogWorker (SegmentedRaftLogWorker.java:close(228)) - d2125c14-bf5b-4a89-9656-01806452c152-SegmentedRaftLogWorker:Storage Directory /tmp/workdir/hadoop-ozone/integration-test/target/test-dir/MiniOzoneClusterImpl-c5bb5f29-3b06-4817-970c-9bb0fe5b284c/datanode-1/data/ratis/022f5cab-e4c0-476e-a658-a6d0b60d91a5 close()
2019-07-14 06:52:06,404 INFO  impl.RaftServerImpl (ServerState.java:close(394)) - d2125c14-bf5b-4a89-9656-01806452c152:group-767F60FE3A80 closes. The last applied log index is 36
2019-07-14 06:52:06,411 INFO  segmented.SegmentedRaftLogWorker (SegmentedRaftLogWorker.java:run(313)) - d2125c14-bf5b-4a89-9656-01806452c152-SegmentedRaftLogWorker:Storage Directory /tmp/workdir/hadoop-ozone/integration-test/target/test-dir/MiniOzoneClusterImpl-c5bb5f29-3b06-4817-970c-9bb0fe5b284c/datanode-1/data/ratis/8517ecee-c761-4419-a301-767f60fe3a80 was interrupted, exiting. There are 0 tasks remaining in the queue.
2019-07-14 06:52:06,414 INFO  segmented.SegmentedRaftLogWorker (SegmentedRaftLogWorker.java:close(228)) - d2125c14-bf5b-4a89-9656-01806452c152-SegmentedRaftLogWorker:Storage Directory /tmp/workdir/hadoop-ozone/integration-test/target/test-dir/MiniOzoneClusterImpl-c5bb5f29-3b06-4817-970c-9bb0fe5b284c/datanode-1/data/ratis/8517ecee-c761-4419-a301-767f60fe3a80 close()
2019-07-14 06:52:06,421 INFO  server.GrpcService (GrpcService.java:closeImpl(155)) - d2125c14-bf5b-4a89-9656-01806452c152: shutdown server with port 36331 now
2019-07-14 06:52:06,425 WARN  client.GrpcClientProtocolService (LogUtils.java:warn(134)) - 3-UnorderedRequestStreamObserver3: onError: org.apache.ratis.thirdparty.io.grpc.StatusRuntimeException: CANCELLED: cancelled before receiving half close
2019-07-14 06:52:06,428 INFO  server.GrpcService (GrpcService.java:closeImpl(163)) - d2125c14-bf5b-4a89-9656-01806452c152: shutdown server with port 36331 successfully
2019-07-14 06:52:06,432 INFO  utils.BackgroundService (BackgroundService.java:shutdown(148)) - Shutting down service BlockDeletingService
2019-07-14 06:52:06,434 WARN  fs.CachingGetSpaceUsed (CachingGetSpaceUsed.java:run(183)) - Thread Interrupted waiting to refresh disk information: sleep interrupted
2019-07-14 06:52:06,455 INFO  statemachine.DatanodeStateMachine (DatanodeStateMachine.java:stopDaemon(395)) - Ozone container server stopped.
2019-07-14 06:52:06,456 INFO  handler.ContextHandler (ContextHandler.java:doStop(910)) - Stopped o.e.j.w.WebAppContext@337fb1a5{/,null,UNAVAILABLE}{/hddsDatanode}
2019-07-14 06:52:06,457 INFO  server.AbstractConnector (AbstractConnector.java:doStop(318)) - Stopped ServerConnector@38b0e2a7{HTTP/1.1,[http/1.1]}{0.0.0.0:0}
2019-07-14 06:52:06,457 INFO  handler.ContextHandler (ContextHandler.java:doStop(910)) - Stopped o.e.j.s.ServletContextHandler@2a4bd699{/static,jar:file:/home/user/.m2/repository/org/apache/hadoop/hadoop-hdds-container-service/0.5.0-SNAPSHOT/hadoop-hdds-container-service-0.5.0-SNAPSHOT.jar!/webapps/static,UNAVAILABLE}
2019-07-14 06:52:06,458 INFO  handler.ContextHandler (ContextHandler.java:doStop(910)) - Stopped o.e.j.s.ServletContextHandler@65fa4a07{/logs,file:///tmp/workdir/hadoop-ozone/integration-test/target/log,UNAVAILABLE}
2019-07-14 06:52:08,522 INFO  client.GrpcClientProtocolClient (GrpcClientProtocolClient.java:onNext(255)) - client-B84C83727031->9bda9dad-fadd-43bb-a848-649d686737da: receive RaftClientReply:client-B84C83727031->9bda9dad-fadd-43bb-a848-649d686737da@group-767F60FE3A80, cid=88, FAILED org.apache.ratis.protocol.NotLeaderException: Server 9bda9dad-fadd-43bb-a848-649d686737da is not the leader (d2125c14-bf5b-4a89-9656-01806452c152:192.168.5.144:36331). Request must be sent to leader., logIndex=0, commits[9bda9dad-fadd-43bb-a848-649d686737da:c36, ec8ecf58-59d7-498d-96c5-eba8c5551cd0:c36, d2125c14-bf5b-4a89-9656-01806452c152:c36]
2019-07-14 06:52:09,569 INFO  client.GrpcClientProtocolClient (GrpcClientProtocolClient.java:onNext(255)) - client-B84C83727031->9bda9dad-fadd-43bb-a848-649d686737da: receive RaftClientReply:client-B84C83727031->9bda9dad-fadd-43bb-a848-649d686737da@group-767F60FE3A80, cid=88, FAILED org.apache.ratis.protocol.NotLeaderException: Server 9bda9dad-fadd-43bb-a848-649d686737da is not the leader (d2125c14-bf5b-4a89-9656-01806452c152:192.168.5.144:36331). Request must be sent to leader., logIndex=0, commits[9bda9dad-fadd-43bb-a848-649d686737da:c36, ec8ecf58-59d7-498d-96c5-eba8c5551cd0:c36, d2125c14-bf5b-4a89-9656-01806452c152:c36]
2019-07-14 06:52:09,588 WARN  io.KeyOutputStream (KeyOutputStream.java:handleException(276)) - Encountered exception java.io.IOException: Unexpected Storage Container Exception: java.util.concurrent.CompletionException: java.util.concurrent.CompletionException: org.apache.ratis.protocol.RaftRetryFailureException: Failed RaftClientRequest:client-B84C83727031->9bda9dad-fadd-43bb-a848-649d686737da@group-767F60FE3A80, cid=88, seq=21*, RW, org.apache.hadoop.hdds.scm.XceiverClientRatis$$Lambda$309/1480893137@23f75173 for 5 attempts with RetryLimited(maxAttempts=5, sleepTime=1000ms) on the pipeline Pipeline[ Id: 8517ecee-c761-4419-a301-767f60fe3a80, Nodes: d2125c14-bf5b-4a89-9656-01806452c152{ip: 192.168.5.144, host: trunk-nightly-8c95p-1540871953, networkLocation: /default-rack, certSerialId: null}ec8ecf58-59d7-498d-96c5-eba8c5551cd0{ip: 192.168.5.144, host: trunk-nightly-8c95p-1540871953, networkLocation: /default-rack, certSerialId: null}9bda9dad-fadd-43bb-a848-649d686737da{ip: 192.168.5.144, host: trunk-nightly-8c95p-1540871953, networkLocation: /default-rack, certSerialId: null}, Type:RATIS, Factor:THREE, State:OPEN]. The last committed block length is 2097152, uncommitted data length is 2097152 retry count 0
2019-07-14 06:52:09,614 INFO  client.GrpcClientProtocolClient (GrpcClientProtocolClient.java:onNext(255)) - client-DE51F122C5F2->ff31a17b-ed45-42e6-b341-607b7852e9f5: receive RaftClientReply:client-DE51F122C5F2->ff31a17b-ed45-42e6-b341-607b7852e9f5@group-1657352461B9, cid=92, FAILED org.apache.ratis.protocol.NotLeaderException: Server ff31a17b-ed45-42e6-b341-607b7852e9f5 is not the leader (19bd907d-3048-448c-9d16-c30f5ba624c4:192.168.5.144:37010). Request must be sent to leader., logIndex=0, commits[ff31a17b-ed45-42e6-b341-607b7852e9f5:c0, c331ada3-8585-410d-8ae9-67cf9aab0100:c0, 19bd907d-3048-448c-9d16-c30f5ba624c4:c0]
2019-07-14 06:52:09,777 INFO  client.GrpcClientProtocolClient (GrpcClientProtocolClient.java:onNext(255)) - client-DE51F122C5F2->19bd907d-3048-448c-9d16-c30f5ba624c4: receive RaftClientReply:client-DE51F122C5F2->19bd907d-3048-448c-9d16-c30f5ba624c4@group-1657352461B9, cid=92, SUCCESS, logIndex=1, commits[19bd907d-3048-448c-9d16-c30f5ba624c4:c1, c331ada3-8585-410d-8ae9-67cf9aab0100:c0, ff31a17b-ed45-42e6-b341-607b7852e9f5:c0]
2019-07-14 06:52:09,869 INFO  client.GrpcClientProtocolClient (GrpcClientProtocolClient.java:onNext(255)) - client-DE51F122C5F2->19bd907d-3048-448c-9d16-c30f5ba624c4: receive RaftClientReply:client-DE51F122C5F2->19bd907d-3048-448c-9d16-c30f5ba624c4@group-1657352461B9, cid=93, SUCCESS, logIndex=3, commits[19bd907d-3048-448c-9d16-c30f5ba624c4:c8, c331ada3-8585-410d-8ae9-67cf9aab0100:c6, ff31a17b-ed45-42e6-b341-607b7852e9f5:c6]
2019-07-14 06:52:09,897 INFO  client.GrpcClientProtocolClient (GrpcClientProtocolClient.java:onNext(255)) - client-DE51F122C5F2->19bd907d-3048-448c-9d16-c30f5ba624c4: receive RaftClientReply:client-DE51F122C5F2->19bd907d-3048-448c-9d16-c30f5ba624c4@group-1657352461B9, cid=94, SUCCESS, logIndex=4, commits[19bd907d-3048-448c-9d16-c30f5ba624c4:c8, c331ada3-8585-410d-8ae9-67cf9aab0100:c6, ff31a17b-ed45-42e6-b341-607b7852e9f5:c6]
2019-07-14 06:52:09,941 INFO  client.GrpcClientProtocolClient (GrpcClientProtocolClient.java:onNext(255)) - client-DE51F122C5F2->19bd907d-3048-448c-9d16-c30f5ba624c4: receive RaftClientReply:client-DE51F122C5F2->19bd907d-3048-448c-9d16-c30f5ba624c4@group-1657352461B9, cid=95, SUCCESS, logIndex=5, commits[19bd907d-3048-448c-9d16-c30f5ba624c4:c8, c331ada3-8585-410d-8ae9-67cf9aab0100:c6, ff31a17b-ed45-42e6-b341-607b7852e9f5:c6]
2019-07-14 06:52:09,967 INFO  client.GrpcClientProtocolClient (GrpcClientProtocolClient.java:onNext(255)) - client-DE51F122C5F2->19bd907d-3048-448c-9d16-c30f5ba624c4: receive RaftClientReply:client-DE51F122C5F2->19bd907d-3048-448c-9d16-c30f5ba624c4@group-1657352461B9, cid=96, SUCCESS, logIndex=9, commits[19bd907d-3048-448c-9d16-c30f5ba624c4:c10, c331ada3-8585-410d-8ae9-67cf9aab0100:c8, ff31a17b-ed45-42e6-b341-607b7852e9f5:c6]
2019-07-14 06:52:09,967 INFO  client.GrpcClientProtocolClient (GrpcClientProtocolClient.java:onNext(255)) - client-DE51F122C5F2->19bd907d-3048-448c-9d16-c30f5ba624c4: receive RaftClientReply:client-DE51F122C5F2->19bd907d-3048-448c-9d16-c30f5ba624c4@group-1657352461B9, cid=97, SUCCESS, logIndex=10, commits[19bd907d-3048-448c-9d16-c30f5ba624c4:c10, c331ada3-8585-410d-8ae9-67cf9aab0100:c8, ff31a17b-ed45-42e6-b341-607b7852e9f5:c8]
2019-07-14 06:52:09,977 INFO  client.GrpcClientProtocolClient (GrpcClientProtocolClient.java:onNext(255)) - client-DE51F122C5F2->19bd907d-3048-448c-9d16-c30f5ba624c4: receive RaftClientReply:client-DE51F122C5F2->19bd907d-3048-448c-9d16-c30f5ba624c4@group-1657352461B9, cid=98, SUCCESS, logIndex=11, commits[19bd907d-3048-448c-9d16-c30f5ba624c4:c12, c331ada3-8585-410d-8ae9-67cf9aab0100:c8, ff31a17b-ed45-42e6-b341-607b7852e9f5:c8]
2019-07-14 06:52:09,979 INFO  client.GrpcClientProtocolClient (GrpcClientProtocolClient.java:onNext(255)) - client-DE51F122C5F2->19bd907d-3048-448c-9d16-c30f5ba624c4: receive RaftClientReply:client-DE51F122C5F2->19bd907d-3048-448c-9d16-c30f5ba624c4@group-1657352461B9, cid=99, SUCCESS, logIndex=12, commits[19bd907d-3048-448c-9d16-c30f5ba624c4:c12, c331ada3-8585-410d-8ae9-67cf9aab0100:c8, ff31a17b-ed45-42e6-b341-607b7852e9f5:c8]
2019-07-14 06:52:09,997 INFO  client.GrpcClientProtocolClient (GrpcClientProtocolClient.java:onNext(255)) - client-DE51F122C5F2->19bd907d-3048-448c-9d16-c30f5ba624c4: receive RaftClientReply:client-DE51F122C5F2->19bd907d-3048-448c-9d16-c30f5ba624c4@group-1657352461B9, cid=100, SUCCESS, logIndex=0, commits[19bd907d-3048-448c-9d16-c30f5ba624c4:c16, c331ada3-8585-410d-8ae9-67cf9aab0100:c12, ff31a17b-ed45-42e6-b341-607b7852e9f5:c12]
2019-07-14 06:52:09,999 INFO  client.GrpcClientProtocolClient (GrpcClientProtocolClient.java:onNext(255)) - client-DE51F122C5F2->19bd907d-3048-448c-9d16-c30f5ba624c4: receive RaftClientReply:client-DE51F122C5F2->19bd907d-3048-448c-9d16-c30f5ba624c4@group-1657352461B9, cid=101, SUCCESS, logIndex=0, commits[19bd907d-3048-448c-9d16-c30f5ba624c4:c16, c331ada3-8585-410d-8ae9-67cf9aab0100:c12, ff31a17b-ed45-42e6-b341-607b7852e9f5:c12]
2019-07-14 06:52:10,002 INFO  datanode.ObjectStoreHandler (ObjectStoreHandler.java:close(155)) - Closing ObjectStoreHandler.
2019-07-14 06:52:10,003 INFO  ozone.HddsDatanodeService (HddsDatanodeService.java:stop(452)) - Stopped plug-in org.apache.hadoop.ozone.web.OzoneHddsDatanodeService@5b7b0ada
2019-07-14 06:52:10,130 INFO  client.GrpcClientProtocolClient (GrpcClientProtocolClient.java:onNext(255)) - client-DE51F122C5F2->19bd907d-3048-448c-9d16-c30f5ba624c4: receive RaftClientReply:client-DE51F122C5F2->19bd907d-3048-448c-9d16-c30f5ba624c4@group-1657352461B9, cid=102, SUCCESS, logIndex=17, commits[19bd907d-3048-448c-9d16-c30f5ba624c4:c18, c331ada3-8585-410d-8ae9-67cf9aab0100:c12, ff31a17b-ed45-42e6-b341-607b7852e9f5:c16]
2019-07-14 06:52:10,174 INFO  client.GrpcClientProtocolClient (GrpcClientProtocolClient.java:onNext(255)) - client-DE51F122C5F2->19bd907d-3048-448c-9d16-c30f5ba624c4: receive RaftClientReply:client-DE51F122C5F2->19bd907d-3048-448c-9d16-c30f5ba624c4@group-1657352461B9, cid=103, SUCCESS, logIndex=18, commits[19bd907d-3048-448c-9d16-c30f5ba624c4:c20, c331ada3-8585-410d-8ae9-67cf9aab0100:c18, ff31a17b-ed45-42e6-b341-607b7852e9f5:c18]
2019-07-14 06:52:10,252 INFO  statemachine.DatanodeStateMachine (DatanodeStateMachine.java:lambda$startDaemon$0(350)) - Ozone container server started.
2019-07-14 06:52:12,341 INFO  node.StaleNodeHandler (StaleNodeHandler.java:onMessage(58)) - Datanode ec8ecf58-59d7-498d-96c5-eba8c5551cd0{ip: 192.168.5.144, host: trunk-nightly-8c95p-1540871953, networkLocation: /default-rack, certSerialId: null} moved to stale state. Finalizing its pipelines [PipelineID=f9e06d26-9e28-4835-9dfd-433419529231, PipelineID=8517ecee-c761-4419-a301-767f60fe3a80]
2019-07-14 06:52:12,342 INFO  pipeline.SCMPipelineManager (SCMPipelineManager.java:finalizeAndDestroyPipeline(309)) - destroying pipeline:Pipeline[ Id: f9e06d26-9e28-4835-9dfd-433419529231, Nodes: ec8ecf58-59d7-498d-96c5-eba8c5551cd0{ip: 192.168.5.144, host: trunk-nightly-8c95p-1540871953, networkLocation: /default-rack, certSerialId: null}, Type:RATIS, Factor:ONE, State:OPEN]
2019-07-14 06:52:12,342 INFO  pipeline.PipelineStateManager (PipelineStateManager.java:finalizePipeline(123)) - Pipeline Pipeline[ Id: f9e06d26-9e28-4835-9dfd-433419529231, Nodes: ec8ecf58-59d7-498d-96c5-eba8c5551cd0{ip: 192.168.5.144, host: trunk-nightly-8c95p-1540871953, networkLocation: /default-rack, certSerialId: null}, Type:RATIS, Factor:ONE, State:CLOSED] moved to CLOSED state
2019-07-14 06:52:12,342 INFO  pipeline.SCMPipelineManager (SCMPipelineManager.java:finalizeAndDestroyPipeline(309)) - destroying pipeline:Pipeline[ Id: 8517ecee-c761-4419-a301-767f60fe3a80, Nodes: d2125c14-bf5b-4a89-9656-01806452c152{ip: 192.168.5.144, host: trunk-nightly-8c95p-1540871953, networkLocation: /default-rack, certSerialId: null}ec8ecf58-59d7-498d-96c5-eba8c5551cd0{ip: 192.168.5.144, host: trunk-nightly-8c95p-1540871953, networkLocation: /default-rack, certSerialId: null}9bda9dad-fadd-43bb-a848-649d686737da{ip: 192.168.5.144, host: trunk-nightly-8c95p-1540871953, networkLocation: /default-rack, certSerialId: null}, Type:RATIS, Factor:THREE, State:CLOSED]
2019-07-14 06:52:15,004 INFO  ozoneimpl.OzoneContainer (OzoneContainer.java:stop(199)) - Attempting to stop container services.
2019-07-14 06:52:15,005 INFO  impl.RaftServerProxy (RaftServerProxy.java:lambda$close$4(314)) - ec8ecf58-59d7-498d-96c5-eba8c5551cd0: close
2019-07-14 06:52:15,005 INFO  impl.RaftServerImpl (RaftServerImpl.java:lambda$shutdown$3(245)) - ec8ecf58-59d7-498d-96c5-eba8c5551cd0: shutdown group-433419529231
2019-07-14 06:52:15,006 INFO  util.JmxRegister (JmxRegister.java:unregister(73)) - Successfully un-registered JMX Bean with object name Ratis:service=RaftServer,group=group-433419529231,id=ec8ecf58-59d7-498d-96c5-eba8c5551cd0
2019-07-14 06:52:15,006 INFO  impl.RoleInfo (RoleInfo.java:shutdownLeaderState(104)) - ec8ecf58-59d7-498d-96c5-eba8c5551cd0: shutdown LeaderState
2019-07-14 06:52:15,006 INFO  impl.PendingRequests (PendingRequests.java:sendNotLeaderResponses(202)) - ec8ecf58-59d7-498d-96c5-eba8c5551cd0-PendingRequests: sendNotLeaderResponses
2019-07-14 06:52:15,007 INFO  impl.StateMachineUpdater (StateMachineUpdater.java:stopAndJoin(115)) - StateMachineUpdater:ec8ecf58-59d7-498d-96c5-eba8c5551cd0:group-433419529231: set stopIndex = 0
2019-07-14 06:52:15,012 INFO  impl.RaftServerImpl (ServerState.java:close(394)) - ec8ecf58-59d7-498d-96c5-eba8c5551cd0:group-433419529231 closes. The last applied log index is 0
2019-07-14 06:52:15,012 INFO  segmented.SegmentedRaftLogWorker (SegmentedRaftLogWorker.java:run(313)) - ec8ecf58-59d7-498d-96c5-eba8c5551cd0-SegmentedRaftLogWorker:Storage Directory /tmp/workdir/hadoop-ozone/integration-test/target/test-dir/MiniOzoneClusterImpl-c5bb5f29-3b06-4817-970c-9bb0fe5b284c/datanode-0/data/ratis/f9e06d26-9e28-4835-9dfd-433419529231 was interrupted, exiting. There are 0 tasks remaining in the queue.
2019-07-14 06:52:15,016 INFO  segmented.SegmentedRaftLogWorker (SegmentedRaftLogWorker.java:close(228)) - ec8ecf58-59d7-498d-96c5-eba8c5551cd0-SegmentedRaftLogWorker:Storage Directory /tmp/workdir/hadoop-ozone/integration-test/target/test-dir/MiniOzoneClusterImpl-c5bb5f29-3b06-4817-970c-9bb0fe5b284c/datanode-0/data/ratis/f9e06d26-9e28-4835-9dfd-433419529231 close()
2019-07-14 06:52:15,022 INFO  impl.RaftServerImpl (RaftServerImpl.java:lambda$shutdown$3(245)) - ec8ecf58-59d7-498d-96c5-eba8c5551cd0: shutdown group-767F60FE3A80
2019-07-14 06:52:15,023 INFO  util.JmxRegister (JmxRegister.java:unregister(73)) - Successfully un-registered JMX Bean with object name Ratis:service=RaftServer,group=group-767F60FE3A80,id=ec8ecf58-59d7-498d-96c5-eba8c5551cd0
2019-07-14 06:52:15,023 INFO  impl.RoleInfo (RoleInfo.java:shutdownFollowerState(121)) - ec8ecf58-59d7-498d-96c5-eba8c5551cd0: shutdown FollowerState
2019-07-14 06:52:15,023 INFO  impl.StateMachineUpdater (StateMachineUpdater.java:stopAndJoin(115)) - StateMachineUpdater:ec8ecf58-59d7-498d-96c5-eba8c5551cd0:group-767F60FE3A80: set stopIndex = 36
2019-07-14 06:52:15,023 INFO  ratis.ContainerStateMachine (ContainerStateMachine.java:takeSnapshot(249)) - group-767F60FE3A80: Taking a snapshot at:(t:1, i:33) file /tmp/workdir/hadoop-ozone/integration-test/target/test-dir/MiniOzoneClusterImpl-c5bb5f29-3b06-4817-970c-9bb0fe5b284c/datanode-0/data/ratis/8517ecee-c761-4419-a301-767f60fe3a80/sm/snapshot.1_33
2019-07-14 06:52:15,023 INFO  impl.FollowerState (FollowerState.java:run(114)) - ec8ecf58-59d7-498d-96c5-eba8c5551cd0: FollowerState was interrupted: java.lang.InterruptedException: sleep interrupted
2019-07-14 06:52:15,029 INFO  ratis.ContainerStateMachine (ContainerStateMachine.java:takeSnapshot(257)) - group-767F60FE3A80: Finished taking a snapshot at:(t:1, i:33) file:/tmp/workdir/hadoop-ozone/integration-test/target/test-dir/MiniOzoneClusterImpl-c5bb5f29-3b06-4817-970c-9bb0fe5b284c/datanode-0/data/ratis/8517ecee-c761-4419-a301-767f60fe3a80/sm/snapshot.1_33 time:6
2019-07-14 06:52:15,029 INFO  impl.StateMachineUpdater (StateMachineUpdater.java:takeSnapshot(242)) - StateMachineUpdater:ec8ecf58-59d7-498d-96c5-eba8c5551cd0:group-767F60FE3A80: Took a snapshot at index 33
2019-07-14 06:52:15,030 INFO  impl.StateMachineUpdater (StateMachineUpdater.java:lambda$new$0(80)) - StateMachineUpdater:ec8ecf58-59d7-498d-96c5-eba8c5551cd0:group-767F60FE3A80: snapshotIndex: updateIncreasingly -1 -> 33
2019-07-14 06:52:15,030 INFO  impl.RaftServerImpl (ServerState.java:close(394)) - ec8ecf58-59d7-498d-96c5-eba8c5551cd0:group-767F60FE3A80 closes. The last applied log index is 36
2019-07-14 06:52:15,030 INFO  segmented.SegmentedRaftLogWorker (SegmentedRaftLogWorker.java:run(313)) - ec8ecf58-59d7-498d-96c5-eba8c5551cd0-SegmentedRaftLogWorker:Storage Directory /tmp/workdir/hadoop-ozone/integration-test/target/test-dir/MiniOzoneClusterImpl-c5bb5f29-3b06-4817-970c-9bb0fe5b284c/datanode-0/data/ratis/8517ecee-c761-4419-a301-767f60fe3a80 was interrupted, exiting. There are 0 tasks remaining in the queue.
2019-07-14 06:52:15,033 INFO  segmented.SegmentedRaftLogWorker (SegmentedRaftLogWorker.java:close(228)) - ec8ecf58-59d7-498d-96c5-eba8c5551cd0-SegmentedRaftLogWorker:Storage Directory /tmp/workdir/hadoop-ozone/integration-test/target/test-dir/MiniOzoneClusterImpl-c5bb5f29-3b06-4817-970c-9bb0fe5b284c/datanode-0/data/ratis/8517ecee-c761-4419-a301-767f60fe3a80 close()
2019-07-14 06:52:15,037 INFO  server.GrpcService (GrpcService.java:closeImpl(155)) - ec8ecf58-59d7-498d-96c5-eba8c5551cd0: shutdown server with port 32783 now
2019-07-14 06:52:15,037 INFO  server.GrpcService (GrpcService.java:closeImpl(163)) - ec8ecf58-59d7-498d-96c5-eba8c5551cd0: shutdown server with port 32783 successfully
2019-07-14 06:52:15,038 INFO  utils.BackgroundService (BackgroundService.java:shutdown(148)) - Shutting down service BlockDeletingService
2019-07-14 06:52:15,041 WARN  fs.CachingGetSpaceUsed (CachingGetSpaceUsed.java:run(183)) - Thread Interrupted waiting to refresh disk information: sleep interrupted
2019-07-14 06:52:15,060 INFO  statemachine.DatanodeStateMachine (DatanodeStateMachine.java:stopDaemon(395)) - Ozone container server stopped.
2019-07-14 06:52:15,061 INFO  handler.ContextHandler (ContextHandler.java:doStop(910)) - Stopped o.e.j.w.WebAppContext@64381526{/,null,UNAVAILABLE}{/hddsDatanode}
2019-07-14 06:52:15,062 INFO  server.AbstractConnector (AbstractConnector.java:doStop(318)) - Stopped ServerConnector@46290193{HTTP/1.1,[http/1.1]}{0.0.0.0:0}
2019-07-14 06:52:15,062 INFO  handler.ContextHandler (ContextHandler.java:doStop(910)) - Stopped o.e.j.s.ServletContextHandler@3d2b13f{/static,jar:file:/home/user/.m2/repository/org/apache/hadoop/hadoop-hdds-container-service/0.5.0-SNAPSHOT/hadoop-hdds-container-service-0.5.0-SNAPSHOT.jar!/webapps/static,UNAVAILABLE}
2019-07-14 06:52:15,063 INFO  handler.ContextHandler (ContextHandler.java:doStop(910)) - Stopped o.e.j.s.ServletContextHandler@129aaac1{/logs,file:///tmp/workdir/hadoop-ozone/integration-test/target/log,UNAVAILABLE}
2019-07-14 06:52:15,106 INFO  client.GrpcClientProtocolClient (GrpcClientProtocolClient.java:onNext(255)) - client-DE51F122C5F2->19bd907d-3048-448c-9d16-c30f5ba624c4: receive RaftClientReply:client-DE51F122C5F2->19bd907d-3048-448c-9d16-c30f5ba624c4@group-1657352461B9, cid=104, SUCCESS, logIndex=21, commits[19bd907d-3048-448c-9d16-c30f5ba624c4:c22, c331ada3-8585-410d-8ae9-67cf9aab0100:c20, ff31a17b-ed45-42e6-b341-607b7852e9f5:c20]
2019-07-14 06:52:15,107 INFO  client.GrpcClientProtocolClient (GrpcClientProtocolClient.java:onNext(255)) - client-DE51F122C5F2->19bd907d-3048-448c-9d16-c30f5ba624c4: receive RaftClientReply:client-DE51F122C5F2->19bd907d-3048-448c-9d16-c30f5ba624c4@group-1657352461B9, cid=105, SUCCESS, logIndex=22, commits[19bd907d-3048-448c-9d16-c30f5ba624c4:c22, c331ada3-8585-410d-8ae9-67cf9aab0100:c20, ff31a17b-ed45-42e6-b341-607b7852e9f5:c20]
2019-07-14 06:52:15,127 INFO  client.GrpcClientProtocolClient (GrpcClientProtocolClient.java:onNext(255)) - client-DE51F122C5F2->19bd907d-3048-448c-9d16-c30f5ba624c4: receive RaftClientReply:client-DE51F122C5F2->19bd907d-3048-448c-9d16-c30f5ba624c4@group-1657352461B9, cid=106, SUCCESS, logIndex=25, commits[19bd907d-3048-448c-9d16-c30f5ba624c4:c26, c331ada3-8585-410d-8ae9-67cf9aab0100:c24, ff31a17b-ed45-42e6-b341-607b7852e9f5:c24]
2019-07-14 06:52:15,128 INFO  client.GrpcClientProtocolClient (GrpcClientProtocolClient.java:onNext(255)) - client-DE51F122C5F2->19bd907d-3048-448c-9d16-c30f5ba624c4: receive RaftClientReply:client-DE51F122C5F2->19bd907d-3048-448c-9d16-c30f5ba624c4@group-1657352461B9, cid=107, SUCCESS, logIndex=26, commits[19bd907d-3048-448c-9d16-c30f5ba624c4:c26, c331ada3-8585-410d-8ae9-67cf9aab0100:c24, ff31a17b-ed45-42e6-b341-607b7852e9f5:c24]
2019-07-14 06:52:15,163 INFO  client.GrpcClientProtocolClient (GrpcClientProtocolClient.java:onNext(255)) - client-DE51F122C5F2->19bd907d-3048-448c-9d16-c30f5ba624c4: receive RaftClientReply:client-DE51F122C5F2->19bd907d-3048-448c-9d16-c30f5ba624c4@group-1657352461B9, cid=108, SUCCESS, logIndex=29, commits[19bd907d-3048-448c-9d16-c30f5ba624c4:c30, c331ada3-8585-410d-8ae9-67cf9aab0100:c26, ff31a17b-ed45-42e6-b341-607b7852e9f5:c26]
2019-07-14 06:52:15,163 INFO  client.GrpcClientProtocolClient (GrpcClientProtocolClient.java:onNext(255)) - client-DE51F122C5F2->19bd907d-3048-448c-9d16-c30f5ba624c4: receive RaftClientReply:client-DE51F122C5F2->19bd907d-3048-448c-9d16-c30f5ba624c4@group-1657352461B9, cid=109, SUCCESS, logIndex=30, commits[19bd907d-3048-448c-9d16-c30f5ba624c4:c30, c331ada3-8585-410d-8ae9-67cf9aab0100:c26, ff31a17b-ed45-42e6-b341-607b7852e9f5:c26]
2019-07-14 06:52:15,169 INFO  client.GrpcClientProtocolClient (GrpcClientProtocolClient.java:onNext(255)) - client-DE51F122C5F2->19bd907d-3048-448c-9d16-c30f5ba624c4: receive RaftClientReply:client-DE51F122C5F2->19bd907d-3048-448c-9d16-c30f5ba624c4@group-1657352461B9, cid=110, SUCCESS, logIndex=0, commits[19bd907d-3048-448c-9d16-c30f5ba624c4:c31, c331ada3-8585-410d-8ae9-67cf9aab0100:c30, ff31a17b-ed45-42e6-b341-607b7852e9f5:c30]
2019-07-14 06:52:15,310 INFO  client.GrpcClientProtocolClient (GrpcClientProtocolClient.java:onNext(255)) - client-DE51F122C5F2->19bd907d-3048-448c-9d16-c30f5ba624c4: receive RaftClientReply:client-DE51F122C5F2->19bd907d-3048-448c-9d16-c30f5ba624c4@group-1657352461B9, cid=111, SUCCESS, logIndex=33, commits[19bd907d-3048-448c-9d16-c30f5ba624c4:c36, c331ada3-8585-410d-8ae9-67cf9aab0100:c32, ff31a17b-ed45-42e6-b341-607b7852e9f5:c32]
2019-07-14 06:52:15,310 INFO  impl.FollowerState (FollowerState.java:run(106)) - 9bda9dad-fadd-43bb-a848-649d686737da:group-767F60FE3A80 changes to CANDIDATE, lastRpcTime:9046, electionTimeout:5171ms
2019-07-14 06:52:15,310 INFO  impl.RoleInfo (RoleInfo.java:shutdownFollowerState(121)) - 9bda9dad-fadd-43bb-a848-649d686737da: shutdown FollowerState
2019-07-14 06:52:15,310 INFO  impl.RaftServerImpl (RaftServerImpl.java:setRole(171)) - 9bda9dad-fadd-43bb-a848-649d686737da:group-767F60FE3A80 changes role from FOLLOWER to CANDIDATE at term 1 for changeToCandidate
2019-07-14 06:52:15,311 INFO  impl.RoleInfo (RoleInfo.java:updateAndGet(143)) - 9bda9dad-fadd-43bb-a848-649d686737da: start LeaderElection
2019-07-14 06:52:15,315 INFO  impl.RaftServerImpl (ServerState.java:setLeader(263)) - 9bda9dad-fadd-43bb-a848-649d686737da:group-767F60FE3A80 change Leader from d2125c14-bf5b-4a89-9656-01806452c152 to null at term 1 for initElection
2019-07-14 06:52:15,325 INFO  impl.LeaderElection (LeaderElection.java:askForVotes(181)) - 9bda9dad-fadd-43bb-a848-649d686737da:group-767F60FE3A80:LeaderElection40: begin an election at term 2 for 0: [ec8ecf58-59d7-498d-96c5-eba8c5551cd0:192.168.5.144:32783, d2125c14-bf5b-4a89-9656-01806452c152:192.168.5.144:36331, 9bda9dad-fadd-43bb-a848-649d686737da:192.168.5.144:44514], old=null
2019-07-14 06:52:15,328 INFO  impl.LeaderElection (LogUtils.java:infoOrTrace(149)) - 9bda9dad-fadd-43bb-a848-649d686737da:group-767F60FE3A80:LeaderElection40 got exception when requesting votes: {}
java.util.concurrent.ExecutionException: org.apache.ratis.thirdparty.io.grpc.StatusRuntimeException: UNAVAILABLE: io exception
	at java.util.concurrent.FutureTask.report(FutureTask.java:122)
	at java.util.concurrent.FutureTask.get(FutureTask.java:192)
	at org.apache.ratis.server.impl.LeaderElection.waitForResults(LeaderElection.java:262)
	at org.apache.ratis.server.impl.LeaderElection.askForVotes(LeaderElection.java:200)
	at org.apache.ratis.server.impl.LeaderElection.run(LeaderElection.java:130)
	at java.lang.Thread.run(Thread.java:748)
Caused by: org.apache.ratis.thirdparty.io.grpc.StatusRuntimeException: UNAVAILABLE: io exception
	at org.apache.ratis.thirdparty.io.grpc.stub.ClientCalls.toStatusRuntimeException(ClientCalls.java:233)
	at org.apache.ratis.thirdparty.io.grpc.stub.ClientCalls.getUnchecked(ClientCalls.java:214)
	at org.apache.ratis.thirdparty.io.grpc.stub.ClientCalls.blockingUnaryCall(ClientCalls.java:139)
	at org.apache.ratis.proto.grpc.RaftServerProtocolServiceGrpc$RaftServerProtocolServiceBlockingStub.requestVote(RaftServerProtocolServiceGrpc.java:265)
	at org.apache.ratis.grpc.server.GrpcServerProtocolClient.requestVote(GrpcServerProtocolClient.java:83)
	at org.apache.ratis.grpc.server.GrpcService.requestVote(GrpcService.java:195)
	at org.apache.ratis.server.impl.LeaderElection.lambda$submitRequests$1(LeaderElection.java:237)
	at java.util.concurrent.FutureTask.run(FutureTask.java:266)
	at java.util.concurrent.Executors$RunnableAdapter.call(Executors.java:511)
	at java.util.concurrent.FutureTask.run(FutureTask.java:266)
	at java.util.concurrent.ThreadPoolExecutor.runWorker(ThreadPoolExecutor.java:1149)
	at java.util.concurrent.ThreadPoolExecutor$Worker.run(ThreadPoolExecutor.java:624)
	... 1 more
Caused by: org.apache.ratis.thirdparty.io.netty.channel.AbstractChannel$AnnotatedConnectException: Connection refused: /192.168.5.144:36331
	at sun.nio.ch.SocketChannelImpl.checkConnect(Native Method)
	at sun.nio.ch.SocketChannelImpl.finishConnect(SocketChannelImpl.java:717)
	at org.apache.ratis.thirdparty.io.netty.channel.socket.nio.NioSocketChannel.doFinishConnect(NioSocketChannel.java:327)
	at org.apache.ratis.thirdparty.io.netty.channel.nio.AbstractNioChannel$AbstractNioUnsafe.finishConnect(AbstractNioChannel.java:340)
	at org.apache.ratis.thirdparty.io.netty.channel.nio.NioEventLoop.processSelectedKey(NioEventLoop.java:632)
	at org.apache.ratis.thirdparty.io.netty.channel.nio.NioEventLoop.processSelectedKeysOptimized(NioEventLoop.java:579)
	at org.apache.ratis.thirdparty.io.netty.channel.nio.NioEventLoop.processSelectedKeys(NioEventLoop.java:496)
	at org.apache.ratis.thirdparty.io.netty.channel.nio.NioEventLoop.run(NioEventLoop.java:458)
	at org.apache.ratis.thirdparty.io.netty.util.concurrent.SingleThreadEventExecutor$5.run(SingleThreadEventExecutor.java:897)
	at org.apache.ratis.thirdparty.io.netty.util.concurrent.FastThreadLocalRunnable.run(FastThreadLocalRunnable.java:30)
	... 1 more
Caused by: java.net.ConnectException: Connection refused
	... 11 more
2019-07-14 06:52:15,331 INFO  impl.LeaderElection (LogUtils.java:infoOrTrace(149)) - 9bda9dad-fadd-43bb-a848-649d686737da:group-767F60FE3A80:LeaderElection40 got exception when requesting votes: {}
java.util.concurrent.ExecutionException: org.apache.ratis.thirdparty.io.grpc.StatusRuntimeException: UNAVAILABLE: io exception
	at java.util.concurrent.FutureTask.report(FutureTask.java:122)
	at java.util.concurrent.FutureTask.get(FutureTask.java:192)
	at org.apache.ratis.server.impl.LeaderElection.waitForResults(LeaderElection.java:262)
	at org.apache.ratis.server.impl.LeaderElection.askForVotes(LeaderElection.java:200)
	at org.apache.ratis.server.impl.LeaderElection.run(LeaderElection.java:130)
	at java.lang.Thread.run(Thread.java:748)
Caused by: org.apache.ratis.thirdparty.io.grpc.StatusRuntimeException: UNAVAILABLE: io exception
	at org.apache.ratis.thirdparty.io.grpc.stub.ClientCalls.toStatusRuntimeException(ClientCalls.java:233)
	at org.apache.ratis.thirdparty.io.grpc.stub.ClientCalls.getUnchecked(ClientCalls.java:214)
	at org.apache.ratis.thirdparty.io.grpc.stub.ClientCalls.blockingUnaryCall(ClientCalls.java:139)
	at org.apache.ratis.proto.grpc.RaftServerProtocolServiceGrpc$RaftServerProtocolServiceBlockingStub.requestVote(RaftServerProtocolServiceGrpc.java:265)
	at org.apache.ratis.grpc.server.GrpcServerProtocolClient.requestVote(GrpcServerProtocolClient.java:83)
	at org.apache.ratis.grpc.server.GrpcService.requestVote(GrpcService.java:195)
	at org.apache.ratis.server.impl.LeaderElection.lambda$submitRequests$1(LeaderElection.java:237)
	at java.util.concurrent.FutureTask.run(FutureTask.java:266)
	at java.util.concurrent.Executors$RunnableAdapter.call(Executors.java:511)
	at java.util.concurrent.FutureTask.run(FutureTask.java:266)
	at java.util.concurrent.ThreadPoolExecutor.runWorker(ThreadPoolExecutor.java:1149)
	at java.util.concurrent.ThreadPoolExecutor$Worker.run(ThreadPoolExecutor.java:624)
	... 1 more
Caused by: org.apache.ratis.thirdparty.io.netty.channel.AbstractChannel$AnnotatedConnectException: Connection refused: /192.168.5.144:32783
	at sun.nio.ch.SocketChannelImpl.checkConnect(Native Method)
	at sun.nio.ch.SocketChannelImpl.finishConnect(SocketChannelImpl.java:717)
	at org.apache.ratis.thirdparty.io.netty.channel.socket.nio.NioSocketChannel.doFinishConnect(NioSocketChannel.java:327)
	at org.apache.ratis.thirdparty.io.netty.channel.nio.AbstractNioChannel$AbstractNioUnsafe.finishConnect(AbstractNioChannel.java:340)
	at org.apache.ratis.thirdparty.io.netty.channel.nio.NioEventLoop.processSelectedKey(NioEventLoop.java:632)
	at org.apache.ratis.thirdparty.io.netty.channel.nio.NioEventLoop.processSelectedKeysOptimized(NioEventLoop.java:579)
	at org.apache.ratis.thirdparty.io.netty.channel.nio.NioEventLoop.processSelectedKeys(NioEventLoop.java:496)
	at org.apache.ratis.thirdparty.io.netty.channel.nio.NioEventLoop.run(NioEventLoop.java:458)
	at org.apache.ratis.thirdparty.io.netty.util.concurrent.SingleThreadEventExecutor$5.run(SingleThreadEventExecutor.java:897)
	at org.apache.ratis.thirdparty.io.netty.util.concurrent.FastThreadLocalRunnable.run(FastThreadLocalRunnable.java:30)
	... 1 more
Caused by: java.net.ConnectException: Connection refused
	... 11 more
2019-07-14 06:52:15,333 INFO  impl.LeaderElection (LeaderElection.java:logAndReturn(56)) - 9bda9dad-fadd-43bb-a848-649d686737da:group-767F60FE3A80:LeaderElection40: Election REJECTED; received 0 response(s) [] and 2 exception(s); 9bda9dad-fadd-43bb-a848-649d686737da:t2, leader=null, voted=9bda9dad-fadd-43bb-a848-649d686737da, raftlog=9bda9dad-fadd-43bb-a848-649d686737da-SegmentedRaftLog:OPENED:c36,f36,i36, conf=0: [ec8ecf58-59d7-498d-96c5-eba8c5551cd0:192.168.5.144:32783, d2125c14-bf5b-4a89-9656-01806452c152:192.168.5.144:36331, 9bda9dad-fadd-43bb-a848-649d686737da:192.168.5.144:44514], old=null
2019-07-14 06:52:15,333 INFO  impl.LeaderElection (LogUtils.java:infoOrTrace(149)) -   Exception 0: {}
java.util.concurrent.ExecutionException: org.apache.ratis.thirdparty.io.grpc.StatusRuntimeException: UNAVAILABLE: io exception
	at java.util.concurrent.FutureTask.report(FutureTask.java:122)
	at java.util.concurrent.FutureTask.get(FutureTask.java:192)
	at org.apache.ratis.server.impl.LeaderElection.waitForResults(LeaderElection.java:262)
	at org.apache.ratis.server.impl.LeaderElection.askForVotes(LeaderElection.java:200)
	at org.apache.ratis.server.impl.LeaderElection.run(LeaderElection.java:130)
	at java.lang.Thread.run(Thread.java:748)
Caused by: org.apache.ratis.thirdparty.io.grpc.StatusRuntimeException: UNAVAILABLE: io exception
	at org.apache.ratis.thirdparty.io.grpc.stub.ClientCalls.toStatusRuntimeException(ClientCalls.java:233)
	at org.apache.ratis.thirdparty.io.grpc.stub.ClientCalls.getUnchecked(ClientCalls.java:214)
	at org.apache.ratis.thirdparty.io.grpc.stub.ClientCalls.blockingUnaryCall(ClientCalls.java:139)
	at org.apache.ratis.proto.grpc.RaftServerProtocolServiceGrpc$RaftServerProtocolServiceBlockingStub.requestVote(RaftServerProtocolServiceGrpc.java:265)
	at org.apache.ratis.grpc.server.GrpcServerProtocolClient.requestVote(GrpcServerProtocolClient.java:83)
	at org.apache.ratis.grpc.server.GrpcService.requestVote(GrpcService.java:195)
	at org.apache.ratis.server.impl.LeaderElection.lambda$submitRequests$1(LeaderElection.java:237)
	at java.util.concurrent.FutureTask.run(FutureTask.java:266)
	at java.util.concurrent.Executors$RunnableAdapter.call(Executors.java:511)
	at java.util.concurrent.FutureTask.run(FutureTask.java:266)
	at java.util.concurrent.ThreadPoolExecutor.runWorker(ThreadPoolExecutor.java:1149)
	at java.util.concurrent.ThreadPoolExecutor$Worker.run(ThreadPoolExecutor.java:624)
	... 1 more
Caused by: org.apache.ratis.thirdparty.io.netty.channel.AbstractChannel$AnnotatedConnectException: Connection refused: /192.168.5.144:36331
	at sun.nio.ch.SocketChannelImpl.checkConnect(Native Method)
	at sun.nio.ch.SocketChannelImpl.finishConnect(SocketChannelImpl.java:717)
	at org.apache.ratis.thirdparty.io.netty.channel.socket.nio.NioSocketChannel.doFinishConnect(NioSocketChannel.java:327)
	at org.apache.ratis.thirdparty.io.netty.channel.nio.AbstractNioChannel$AbstractNioUnsafe.finishConnect(AbstractNioChannel.java:340)
	at org.apache.ratis.thirdparty.io.netty.channel.nio.NioEventLoop.processSelectedKey(NioEventLoop.java:632)
	at org.apache.ratis.thirdparty.io.netty.channel.nio.NioEventLoop.processSelectedKeysOptimized(NioEventLoop.java:579)
	at org.apache.ratis.thirdparty.io.netty.channel.nio.NioEventLoop.processSelectedKeys(NioEventLoop.java:496)
	at org.apache.ratis.thirdparty.io.netty.channel.nio.NioEventLoop.run(NioEventLoop.java:458)
	at org.apache.ratis.thirdparty.io.netty.util.concurrent.SingleThreadEventExecutor$5.run(SingleThreadEventExecutor.java:897)
	at org.apache.ratis.thirdparty.io.netty.util.concurrent.FastThreadLocalRunnable.run(FastThreadLocalRunnable.java:30)
	... 1 more
Caused by: java.net.ConnectException: Connection refused
	... 11 more
2019-07-14 06:52:15,334 INFO  impl.LeaderElection (LogUtils.java:infoOrTrace(149)) -   Exception 1: {}
java.util.concurrent.ExecutionException: org.apache.ratis.thirdparty.io.grpc.StatusRuntimeException: UNAVAILABLE: io exception
	at java.util.concurrent.FutureTask.report(FutureTask.java:122)
	at java.util.concurrent.FutureTask.get(FutureTask.java:192)
	at org.apache.ratis.server.impl.LeaderElection.waitForResults(LeaderElection.java:262)
	at org.apache.ratis.server.impl.LeaderElection.askForVotes(LeaderElection.java:200)
	at org.apache.ratis.server.impl.LeaderElection.run(LeaderElection.java:130)
	at java.lang.Thread.run(Thread.java:748)
Caused by: org.apache.ratis.thirdparty.io.grpc.StatusRuntimeException: UNAVAILABLE: io exception
	at org.apache.ratis.thirdparty.io.grpc.stub.ClientCalls.toStatusRuntimeException(ClientCalls.java:233)
	at org.apache.ratis.thirdparty.io.grpc.stub.ClientCalls.getUnchecked(ClientCalls.java:214)
	at org.apache.ratis.thirdparty.io.grpc.stub.ClientCalls.blockingUnaryCall(ClientCalls.java:139)
	at org.apache.ratis.proto.grpc.RaftServerProtocolServiceGrpc$RaftServerProtocolServiceBlockingStub.requestVote(RaftServerProtocolServiceGrpc.java:265)
	at org.apache.ratis.grpc.server.GrpcServerProtocolClient.requestVote(GrpcServerProtocolClient.java:83)
	at org.apache.ratis.grpc.server.GrpcService.requestVote(GrpcService.java:195)
	at org.apache.ratis.server.impl.LeaderElection.lambda$submitRequests$1(LeaderElection.java:237)
	at java.util.concurrent.FutureTask.run(FutureTask.java:266)
	at java.util.concurrent.Executors$RunnableAdapter.call(Executors.java:511)
	at java.util.concurrent.FutureTask.run(FutureTask.java:266)
	at java.util.concurrent.ThreadPoolExecutor.runWorker(ThreadPoolExecutor.java:1149)
	at java.util.concurrent.ThreadPoolExecutor$Worker.run(ThreadPoolExecutor.java:624)
	... 1 more
Caused by: org.apache.ratis.thirdparty.io.netty.channel.AbstractChannel$AnnotatedConnectException: Connection refused: /192.168.5.144:32783
	at sun.nio.ch.SocketChannelImpl.checkConnect(Native Method)
	at sun.nio.ch.SocketChannelImpl.finishConnect(SocketChannelImpl.java:717)
	at org.apache.ratis.thirdparty.io.netty.channel.socket.nio.NioSocketChannel.doFinishConnect(NioSocketChannel.java:327)
	at org.apache.ratis.thirdparty.io.netty.channel.nio.AbstractNioChannel$AbstractNioUnsafe.finishConnect(AbstractNioChannel.java:340)
	at org.apache.ratis.thirdparty.io.netty.channel.nio.NioEventLoop.processSelectedKey(NioEventLoop.java:632)
	at org.apache.ratis.thirdparty.io.netty.channel.nio.NioEventLoop.processSelectedKeysOptimized(NioEventLoop.java:579)
	at org.apache.ratis.thirdparty.io.netty.channel.nio.NioEventLoop.processSelectedKeys(NioEventLoop.java:496)
	at org.apache.ratis.thirdparty.io.netty.channel.nio.NioEventLoop.run(NioEventLoop.java:458)
	at org.apache.ratis.thirdparty.io.netty.util.concurrent.SingleThreadEventExecutor$5.run(SingleThreadEventExecutor.java:897)
	at org.apache.ratis.thirdparty.io.netty.util.concurrent.FastThreadLocalRunnable.run(FastThreadLocalRunnable.java:30)
	... 1 more
Caused by: java.net.ConnectException: Connection refused
	... 11 more
2019-07-14 06:52:15,334 INFO  impl.RaftServerImpl (RaftServerImpl.java:setRole(171)) - 9bda9dad-fadd-43bb-a848-649d686737da:group-767F60FE3A80 changes role from CANDIDATE to FOLLOWER at term 2 for DISCOVERED_A_NEW_TERM
2019-07-14 06:52:15,336 INFO  impl.RoleInfo (RoleInfo.java:shutdownLeaderElection(134)) - 9bda9dad-fadd-43bb-a848-649d686737da: shutdown LeaderElection
2019-07-14 06:52:15,336 INFO  impl.RoleInfo (RoleInfo.java:updateAndGet(143)) - 9bda9dad-fadd-43bb-a848-649d686737da: start FollowerState
2019-07-14 06:52:15,346 INFO  client.GrpcClientProtocolClient (GrpcClientProtocolClient.java:onNext(255)) - client-DE51F122C5F2->19bd907d-3048-448c-9d16-c30f5ba624c4: receive RaftClientReply:client-DE51F122C5F2->19bd907d-3048-448c-9d16-c30f5ba624c4@group-1657352461B9, cid=112, SUCCESS, logIndex=34, commits[19bd907d-3048-448c-9d16-c30f5ba624c4:c39, c331ada3-8585-410d-8ae9-67cf9aab0100:c36, ff31a17b-ed45-42e6-b341-607b7852e9f5:c36]
2019-07-14 06:52:15,347 INFO  client.GrpcClientProtocolClient (GrpcClientProtocolClient.java:onNext(255)) - client-DE51F122C5F2->19bd907d-3048-448c-9d16-c30f5ba624c4: receive RaftClientReply:client-DE51F122C5F2->19bd907d-3048-448c-9d16-c30f5ba624c4@group-1657352461B9, cid=113, SUCCESS, logIndex=35, commits[19bd907d-3048-448c-9d16-c30f5ba624c4:c39, c331ada3-8585-410d-8ae9-67cf9aab0100:c36, ff31a17b-ed45-42e6-b341-607b7852e9f5:c36]
2019-07-14 06:52:15,391 INFO  client.GrpcClientProtocolClient (GrpcClientProtocolClient.java:onNext(255)) - client-DE51F122C5F2->19bd907d-3048-448c-9d16-c30f5ba624c4: receive RaftClientReply:client-DE51F122C5F2->19bd907d-3048-448c-9d16-c30f5ba624c4@group-1657352461B9, cid=114, SUCCESS, logIndex=36, commits[19bd907d-3048-448c-9d16-c30f5ba624c4:c39, c331ada3-8585-410d-8ae9-67cf9aab0100:c36, ff31a17b-ed45-42e6-b341-607b7852e9f5:c36]
2019-07-14 06:52:15,542 INFO  pipeline.Pipeline (Pipeline.java:getProtobufMessage(195)) - Serialize pipeline PipelineID=f25c646a-7ba8-47d8-bc6a-1657352461b9 with nodesInOrder{ }
2019-07-14 06:52:15,543 INFO  pipeline.Pipeline (Pipeline.java:getProtobufMessage(195)) - Serialize pipeline PipelineID=f25c646a-7ba8-47d8-bc6a-1657352461b9 with nodesInOrder{ }
2019-07-14 06:52:15,543 INFO  pipeline.Pipeline (Pipeline.java:getProtobufMessage(195)) - Serialize pipeline PipelineID=f25c646a-7ba8-47d8-bc6a-1657352461b9 with nodesInOrder{ }
2019-07-14 06:52:15,544 INFO  pipeline.Pipeline (Pipeline.java:build(342)) - Deserialize nodesInOrder [19bd907d-3048-448c-9d16-c30f5ba624c4{ip: 192.168.5.144, host: trunk-nightly-8c95p-1540871953, networkLocation: /default-rack, certSerialId: null}, 19bd907d-3048-448c-9d16-c30f5ba624c4{ip: 192.168.5.144, host: trunk-nightly-8c95p-1540871953, networkLocation: /default-rack, certSerialId: null}, 19bd907d-3048-448c-9d16-c30f5ba624c4{ip: 192.168.5.144, host: trunk-nightly-8c95p-1540871953, networkLocation: /default-rack, certSerialId: null}] in pipeline PipelineID=f25c646a-7ba8-47d8-bc6a-1657352461b9
2019-07-14 06:52:15,545 INFO  pipeline.Pipeline (Pipeline.java:build(342)) - Deserialize nodesInOrder [19bd907d-3048-448c-9d16-c30f5ba624c4{ip: 192.168.5.144, host: trunk-nightly-8c95p-1540871953, networkLocation: /default-rack, certSerialId: null}, 19bd907d-3048-448c-9d16-c30f5ba624c4{ip: 192.168.5.144, host: trunk-nightly-8c95p-1540871953, networkLocation: /default-rack, certSerialId: null}, 19bd907d-3048-448c-9d16-c30f5ba624c4{ip: 192.168.5.144, host: trunk-nightly-8c95p-1540871953, networkLocation: /default-rack, certSerialId: null}] in pipeline PipelineID=f25c646a-7ba8-47d8-bc6a-1657352461b9
2019-07-14 06:52:15,545 INFO  pipeline.Pipeline (Pipeline.java:build(342)) - Deserialize nodesInOrder [19bd907d-3048-448c-9d16-c30f5ba624c4{ip: 192.168.5.144, host: trunk-nightly-8c95p-1540871953, networkLocation: /default-rack, certSerialId: null}, 19bd907d-3048-448c-9d16-c30f5ba624c4{ip: 192.168.5.144, host: trunk-nightly-8c95p-1540871953, networkLocation: /default-rack, certSerialId: null}, 19bd907d-3048-448c-9d16-c30f5ba624c4{ip: 192.168.5.144, host: trunk-nightly-8c95p-1540871953, networkLocation: /default-rack, certSerialId: null}] in pipeline PipelineID=f25c646a-7ba8-47d8-bc6a-1657352461b9
]]></system-out>
    <system-err><![CDATA[Jul 14, 2019 6:51:50 AM com.sun.jersey.server.impl.application.WebApplicationImpl _initiate
INFO: Initiating Jersey application, version 'Jersey: 1.19 02/11/2015 03:25 AM'
Jul 14, 2019 6:51:50 AM com.sun.jersey.server.impl.application.WebApplicationImpl _initiate
INFO: Initiating Jersey application, version 'Jersey: 1.19 02/11/2015 03:25 AM'
Jul 14, 2019 6:51:50 AM com.sun.jersey.server.impl.application.WebApplicationImpl _initiate
INFO: Initiating Jersey application, version 'Jersey: 1.19 02/11/2015 03:25 AM'
Jul 14, 2019 6:51:51 AM com.sun.jersey.server.impl.application.WebApplicationImpl _initiate
INFO: Initiating Jersey application, version 'Jersey: 1.19 02/11/2015 03:25 AM'
Jul 14, 2019 6:51:51 AM com.sun.jersey.server.impl.application.WebApplicationImpl _initiate
INFO: Initiating Jersey application, version 'Jersey: 1.19 02/11/2015 03:25 AM'
Jul 14, 2019 6:51:51 AM com.sun.jersey.server.impl.application.WebApplicationImpl _initiate
INFO: Initiating Jersey application, version 'Jersey: 1.19 02/11/2015 03:25 AM'
Jul 14, 2019 6:51:58 AM org.apache.ratis.thirdparty.io.grpc.internal.ManagedChannelOrphanWrapper$ManagedChannelReference cleanQueue
SEVERE: *~*~*~ Channel ManagedChannelImpl{logId=532, target=192.168.5.144:35175} was not shutdown properly!!! ~*~*~*
    Make sure to call shutdown()/shutdownNow() and wait until awaitTermination() returns true.
java.lang.RuntimeException: ManagedChannel allocation site
	at org.apache.ratis.thirdparty.io.grpc.internal.ManagedChannelOrphanWrapper$ManagedChannelReference.<init>(ManagedChannelOrphanWrapper.java:103)
	at org.apache.ratis.thirdparty.io.grpc.internal.ManagedChannelOrphanWrapper.<init>(ManagedChannelOrphanWrapper.java:53)
	at org.apache.ratis.thirdparty.io.grpc.internal.ManagedChannelOrphanWrapper.<init>(ManagedChannelOrphanWrapper.java:44)
	at org.apache.ratis.thirdparty.io.grpc.internal.AbstractManagedChannelImplBuilder.build(AbstractManagedChannelImplBuilder.java:411)
	at org.apache.ratis.grpc.client.GrpcClientProtocolClient.<init>(GrpcClientProtocolClient.java:119)
	at org.apache.ratis.grpc.client.GrpcClientRpc.lambda$new$0(GrpcClientRpc.java:55)
	at org.apache.ratis.util.PeerProxyMap$PeerAndProxy.lambda$getProxy$0(PeerProxyMap.java:61)
	at org.apache.ratis.util.LifeCycle.startAndTransition(LifeCycle.java:202)
	at org.apache.ratis.util.PeerProxyMap$PeerAndProxy.getProxy(PeerProxyMap.java:60)
	at org.apache.ratis.util.PeerProxyMap.getProxy(PeerProxyMap.java:107)
	at org.apache.ratis.grpc.client.GrpcClientRpc.sendRequestAsync(GrpcClientRpc.java:66)
	at org.apache.ratis.client.impl.OrderedAsync.sendRequest(OrderedAsync.java:208)
	at org.apache.ratis.client.impl.OrderedAsync.sendRequestWithRetry(OrderedAsync.java:169)
	at org.apache.ratis.util.SlidingWindow$Client.sendOrDelayRequest(SlidingWindow.java:278)
	at org.apache.ratis.util.SlidingWindow$Client.submitNewRequest(SlidingWindow.java:257)
	at org.apache.ratis.client.impl.OrderedAsync.send(OrderedAsync.java:155)
	at org.apache.ratis.client.impl.RaftClientImpl.sendAsync(RaftClientImpl.java:145)
	at org.apache.ratis.client.impl.RaftClientImpl.sendAsync(RaftClientImpl.java:125)
	at org.apache.hadoop.hdds.scm.XceiverClientRatis.sendRequestAsync(XceiverClientRatis.java:224)
	at org.apache.hadoop.hdds.scm.XceiverClientRatis.sendCommandAsync(XceiverClientRatis.java:302)
	at org.apache.hadoop.hdds.scm.storage.ContainerProtocolCalls.writeChunkAsync(ContainerProtocolCalls.java:310)
	at org.apache.hadoop.hdds.scm.storage.BlockOutputStream.writeChunkToContainer(BlockOutputStream.java:610)
	at org.apache.hadoop.hdds.scm.storage.BlockOutputStream.writeChunk(BlockOutputStream.java:467)
	at org.apache.hadoop.hdds.scm.storage.BlockOutputStream.handleFlush(BlockOutputStream.java:478)
	at org.apache.hadoop.hdds.scm.storage.BlockOutputStream.close(BlockOutputStream.java:501)
	at org.apache.hadoop.ozone.client.io.BlockOutputStreamEntry.close(BlockOutputStreamEntry.java:143)
	at org.apache.hadoop.ozone.client.io.KeyOutputStream.handleFlushOrClose(KeyOutputStream.java:434)
	at org.apache.hadoop.ozone.client.io.KeyOutputStream.close(KeyOutputStream.java:472)
	at org.apache.hadoop.ozone.client.io.OzoneOutputStream.close(OzoneOutputStream.java:60)
	at org.apache.hadoop.ozone.client.rpc.TestFailureHandlingByClient.testWriteSmallFile(TestFailureHandlingByClient.java:282)
	at sun.reflect.NativeMethodAccessorImpl.invoke0(Native Method)
	at sun.reflect.NativeMethodAccessorImpl.invoke(NativeMethodAccessorImpl.java:62)
	at sun.reflect.DelegatingMethodAccessorImpl.invoke(DelegatingMethodAccessorImpl.java:43)
	at java.lang.reflect.Method.invoke(Method.java:498)
	at org.junit.runners.model.FrameworkMethod$1.runReflectiveCall(FrameworkMethod.java:47)
	at org.junit.internal.runners.model.ReflectiveCallable.run(ReflectiveCallable.java:12)
	at org.junit.runners.model.FrameworkMethod.invokeExplosively(FrameworkMethod.java:44)
	at org.junit.internal.runners.statements.InvokeMethod.evaluate(InvokeMethod.java:17)
	at org.junit.runners.ParentRunner.runLeaf(ParentRunner.java:271)
	at org.junit.runners.BlockJUnit4ClassRunner.runChild(BlockJUnit4ClassRunner.java:70)
	at org.junit.runners.BlockJUnit4ClassRunner.runChild(BlockJUnit4ClassRunner.java:50)
	at org.junit.runners.ParentRunner$3.run(ParentRunner.java:238)
	at org.junit.runners.ParentRunner$1.schedule(ParentRunner.java:63)
	at org.junit.runners.ParentRunner.runChildren(ParentRunner.java:236)
	at org.junit.runners.ParentRunner.access$000(ParentRunner.java:53)
	at org.junit.runners.ParentRunner$2.evaluate(ParentRunner.java:229)
	at org.junit.runners.ParentRunner.run(ParentRunner.java:309)
	at org.apache.maven.surefire.junit4.JUnit4Provider.execute(JUnit4Provider.java:365)
	at org.apache.maven.surefire.junit4.JUnit4Provider.executeWithRerun(JUnit4Provider.java:273)
	at org.apache.maven.surefire.junit4.JUnit4Provider.executeTestSet(JUnit4Provider.java:238)
	at org.apache.maven.surefire.junit4.JUnit4Provider.invoke(JUnit4Provider.java:159)
	at org.apache.maven.surefire.booter.ForkedBooter.invokeProviderInSameClassLoader(ForkedBooter.java:384)
	at org.apache.maven.surefire.booter.ForkedBooter.runSuitesInProcess(ForkedBooter.java:345)
	at org.apache.maven.surefire.booter.ForkedBooter.execute(ForkedBooter.java:126)
	at org.apache.maven.surefire.booter.ForkedBooter.main(ForkedBooter.java:418)

Jul 14, 2019 6:51:58 AM org.apache.ratis.thirdparty.io.grpc.internal.ManagedChannelOrphanWrapper$ManagedChannelReference cleanQueue
SEVERE: *~*~*~ Channel ManagedChannelImpl{logId=542, target=192.168.5.144:37751} was not shutdown properly!!! ~*~*~*
    Make sure to call shutdown()/shutdownNow() and wait until awaitTermination() returns true.
java.lang.RuntimeException: ManagedChannel allocation site
	at org.apache.ratis.thirdparty.io.grpc.internal.ManagedChannelOrphanWrapper$ManagedChannelReference.<init>(ManagedChannelOrphanWrapper.java:103)
	at org.apache.ratis.thirdparty.io.grpc.internal.ManagedChannelOrphanWrapper.<init>(ManagedChannelOrphanWrapper.java:53)
	at org.apache.ratis.thirdparty.io.grpc.internal.ManagedChannelOrphanWrapper.<init>(ManagedChannelOrphanWrapper.java:44)
	at org.apache.ratis.thirdparty.io.grpc.internal.AbstractManagedChannelImplBuilder.build(AbstractManagedChannelImplBuilder.java:411)
	at org.apache.hadoop.hdds.scm.XceiverClientGrpc.connectToDatanode(XceiverClientGrpc.java:172)
	at org.apache.hadoop.hdds.scm.XceiverClientGrpc.reconnect(XceiverClientGrpc.java:417)
	at org.apache.hadoop.hdds.scm.XceiverClientGrpc.sendCommandAsync(XceiverClientGrpc.java:366)
	at org.apache.hadoop.hdds.scm.XceiverClientGrpc.sendCommandWithRetry(XceiverClientGrpc.java:279)
	at org.apache.hadoop.hdds.scm.XceiverClientGrpc.sendCommandWithTraceIDAndRetry(XceiverClientGrpc.java:248)
	at org.apache.hadoop.hdds.scm.XceiverClientGrpc.sendCommand(XceiverClientGrpc.java:231)
	at org.apache.hadoop.hdds.scm.storage.ContainerProtocolCalls.readChunk(ContainerProtocolCalls.java:245)
	at org.apache.hadoop.hdds.scm.storage.ChunkInputStream.readChunk(ChunkInputStream.java:335)
	at org.apache.hadoop.hdds.scm.storage.ChunkInputStream.readChunkFromContainer(ChunkInputStream.java:307)
	at org.apache.hadoop.hdds.scm.storage.ChunkInputStream.prepareRead(ChunkInputStream.java:259)
	at org.apache.hadoop.hdds.scm.storage.ChunkInputStream.read(ChunkInputStream.java:144)
	at org.apache.hadoop.hdds.scm.storage.BlockInputStream.read(BlockInputStream.java:239)
	at org.apache.hadoop.ozone.client.io.KeyInputStream.read(KeyInputStream.java:171)
	at org.apache.hadoop.ozone.client.io.OzoneInputStream.read(OzoneInputStream.java:47)
	at java.io.InputStream.read(InputStream.java:101)
	at org.apache.hadoop.ozone.container.ContainerTestHelper.validateData(ContainerTestHelper.java:709)
	at org.apache.hadoop.ozone.client.rpc.TestFailureHandlingByClient.validateData(TestFailureHandlingByClient.java:497)
	at org.apache.hadoop.ozone.client.rpc.TestFailureHandlingByClient.testWriteSmallFile(TestFailureHandlingByClient.java:297)
	at sun.reflect.NativeMethodAccessorImpl.invoke0(Native Method)
	at sun.reflect.NativeMethodAccessorImpl.invoke(NativeMethodAccessorImpl.java:62)
	at sun.reflect.DelegatingMethodAccessorImpl.invoke(DelegatingMethodAccessorImpl.java:43)
	at java.lang.reflect.Method.invoke(Method.java:498)
	at org.junit.runners.model.FrameworkMethod$1.runReflectiveCall(FrameworkMethod.java:47)
	at org.junit.internal.runners.model.ReflectiveCallable.run(ReflectiveCallable.java:12)
	at org.junit.runners.model.FrameworkMethod.invokeExplosively(FrameworkMethod.java:44)
	at org.junit.internal.runners.statements.InvokeMethod.evaluate(InvokeMethod.java:17)
	at org.junit.runners.ParentRunner.runLeaf(ParentRunner.java:271)
	at org.junit.runners.BlockJUnit4ClassRunner.runChild(BlockJUnit4ClassRunner.java:70)
	at org.junit.runners.BlockJUnit4ClassRunner.runChild(BlockJUnit4ClassRunner.java:50)
	at org.junit.runners.ParentRunner$3.run(ParentRunner.java:238)
	at org.junit.runners.ParentRunner$1.schedule(ParentRunner.java:63)
	at org.junit.runners.ParentRunner.runChildren(ParentRunner.java:236)
	at org.junit.runners.ParentRunner.access$000(ParentRunner.java:53)
	at org.junit.runners.ParentRunner$2.evaluate(ParentRunner.java:229)
	at org.junit.runners.ParentRunner.run(ParentRunner.java:309)
	at org.apache.maven.surefire.junit4.JUnit4Provider.execute(JUnit4Provider.java:365)
	at org.apache.maven.surefire.junit4.JUnit4Provider.executeWithRerun(JUnit4Provider.java:273)
	at org.apache.maven.surefire.junit4.JUnit4Provider.executeTestSet(JUnit4Provider.java:238)
	at org.apache.maven.surefire.junit4.JUnit4Provider.invoke(JUnit4Provider.java:159)
	at org.apache.maven.surefire.booter.ForkedBooter.invokeProviderInSameClassLoader(ForkedBooter.java:384)
	at org.apache.maven.surefire.booter.ForkedBooter.runSuitesInProcess(ForkedBooter.java:345)
	at org.apache.maven.surefire.booter.ForkedBooter.execute(ForkedBooter.java:126)
	at org.apache.maven.surefire.booter.ForkedBooter.main(ForkedBooter.java:418)

Jul 14, 2019 6:51:58 AM org.apache.ratis.thirdparty.io.grpc.internal.ManagedChannelOrphanWrapper$ManagedChannelReference cleanQueue
SEVERE: *~*~*~ Channel ManagedChannelImpl{logId=537, target=192.168.5.144:44714} was not shutdown properly!!! ~*~*~*
    Make sure to call shutdown()/shutdownNow() and wait until awaitTermination() returns true.
java.lang.RuntimeException: ManagedChannel allocation site
	at org.apache.ratis.thirdparty.io.grpc.internal.ManagedChannelOrphanWrapper$ManagedChannelReference.<init>(ManagedChannelOrphanWrapper.java:103)
	at org.apache.ratis.thirdparty.io.grpc.internal.ManagedChannelOrphanWrapper.<init>(ManagedChannelOrphanWrapper.java:53)
	at org.apache.ratis.thirdparty.io.grpc.internal.ManagedChannelOrphanWrapper.<init>(ManagedChannelOrphanWrapper.java:44)
	at org.apache.ratis.thirdparty.io.grpc.internal.AbstractManagedChannelImplBuilder.build(AbstractManagedChannelImplBuilder.java:411)
	at org.apache.hadoop.hdds.scm.XceiverClientGrpc.connectToDatanode(XceiverClientGrpc.java:172)
	at org.apache.hadoop.hdds.scm.XceiverClientGrpc.reconnect(XceiverClientGrpc.java:417)
	at org.apache.hadoop.hdds.scm.XceiverClientGrpc.sendCommandAsync(XceiverClientGrpc.java:366)
	at org.apache.hadoop.hdds.scm.XceiverClientGrpc.sendCommandWithRetry(XceiverClientGrpc.java:279)
	at org.apache.hadoop.hdds.scm.XceiverClientGrpc.sendCommandWithTraceIDAndRetry(XceiverClientGrpc.java:248)
	at org.apache.hadoop.hdds.scm.XceiverClientGrpc.sendCommand(XceiverClientGrpc.java:231)
	at org.apache.hadoop.hdds.scm.storage.ContainerProtocolCalls.getBlock(ContainerProtocolCalls.java:118)
	at org.apache.hadoop.hdds.scm.storage.BlockInputStream.getChunkInfos(BlockInputStream.java:167)
	at org.apache.hadoop.hdds.scm.storage.BlockInputStream.initialize(BlockInputStream.java:118)
	at org.apache.hadoop.hdds.scm.storage.BlockInputStream.read(BlockInputStream.java:222)
	at org.apache.hadoop.ozone.client.io.KeyInputStream.read(KeyInputStream.java:171)
	at org.apache.hadoop.ozone.client.io.OzoneInputStream.read(OzoneInputStream.java:47)
	at java.io.InputStream.read(InputStream.java:101)
	at org.apache.hadoop.ozone.container.ContainerTestHelper.validateData(ContainerTestHelper.java:709)
	at org.apache.hadoop.ozone.client.rpc.TestFailureHandlingByClient.validateData(TestFailureHandlingByClient.java:497)
	at org.apache.hadoop.ozone.client.rpc.TestFailureHandlingByClient.testWriteSmallFile(TestFailureHandlingByClient.java:297)
	at sun.reflect.NativeMethodAccessorImpl.invoke0(Native Method)
	at sun.reflect.NativeMethodAccessorImpl.invoke(NativeMethodAccessorImpl.java:62)
	at sun.reflect.DelegatingMethodAccessorImpl.invoke(DelegatingMethodAccessorImpl.java:43)
	at java.lang.reflect.Method.invoke(Method.java:498)
	at org.junit.runners.model.FrameworkMethod$1.runReflectiveCall(FrameworkMethod.java:47)
	at org.junit.internal.runners.model.ReflectiveCallable.run(ReflectiveCallable.java:12)
	at org.junit.runners.model.FrameworkMethod.invokeExplosively(FrameworkMethod.java:44)
	at org.junit.internal.runners.statements.InvokeMethod.evaluate(InvokeMethod.java:17)
	at org.junit.runners.ParentRunner.runLeaf(ParentRunner.java:271)
	at org.junit.runners.BlockJUnit4ClassRunner.runChild(BlockJUnit4ClassRunner.java:70)
	at org.junit.runners.BlockJUnit4ClassRunner.runChild(BlockJUnit4ClassRunner.java:50)
	at org.junit.runners.ParentRunner$3.run(ParentRunner.java:238)
	at org.junit.runners.ParentRunner$1.schedule(ParentRunner.java:63)
	at org.junit.runners.ParentRunner.runChildren(ParentRunner.java:236)
	at org.junit.runners.ParentRunner.access$000(ParentRunner.java:53)
	at org.junit.runners.ParentRunner$2.evaluate(ParentRunner.java:229)
	at org.junit.runners.ParentRunner.run(ParentRunner.java:309)
	at org.apache.maven.surefire.junit4.JUnit4Provider.execute(JUnit4Provider.java:365)
	at org.apache.maven.surefire.junit4.JUnit4Provider.executeWithRerun(JUnit4Provider.java:273)
	at org.apache.maven.surefire.junit4.JUnit4Provider.executeTestSet(JUnit4Provider.java:238)
	at org.apache.maven.surefire.junit4.JUnit4Provider.invoke(JUnit4Provider.java:159)
	at org.apache.maven.surefire.booter.ForkedBooter.invokeProviderInSameClassLoader(ForkedBooter.java:384)
	at org.apache.maven.surefire.booter.ForkedBooter.runSuitesInProcess(ForkedBooter.java:345)
	at org.apache.maven.surefire.booter.ForkedBooter.execute(ForkedBooter.java:126)
	at org.apache.maven.surefire.booter.ForkedBooter.main(ForkedBooter.java:418)

]]></system-err>
  </testcase>
  <testcase name="testBlockWritesWithDnFailures" classname="org.apache.hadoop.ozone.client.rpc.TestFailureHandlingByClient" time="20.826">
    <error message="Allocated 0 blocks. Requested 1 blocks" type="INTERNAL_ERROR org.apache.hadoop.ozone.om.exceptions.OMException">INTERNAL_ERROR org.apache.hadoop.ozone.om.exceptions.OMException: Allocated 0 blocks. Requested 1 blocks
	at org.apache.hadoop.ozone.om.protocolPB.OzoneManagerProtocolClientSideTranslatorPB.handleError(OzoneManagerProtocolClientSideTranslatorPB.java:720)
	at org.apache.hadoop.ozone.om.protocolPB.OzoneManagerProtocolClientSideTranslatorPB.allocateBlock(OzoneManagerProtocolClientSideTranslatorPB.java:752)
	at org.apache.hadoop.ozone.client.io.BlockOutputStreamEntryPool.allocateNewBlock(BlockOutputStreamEntryPool.java:248)
	at org.apache.hadoop.ozone.client.io.BlockOutputStreamEntryPool.allocateBlockIfNeeded(BlockOutputStreamEntryPool.java:296)
	at org.apache.hadoop.ozone.client.io.KeyOutputStream.handleWrite(KeyOutputStream.java:201)
	at org.apache.hadoop.ozone.client.io.KeyOutputStream.handleRetry(KeyOutputStream.java:376)
	at org.apache.hadoop.ozone.client.io.KeyOutputStream.handleException(KeyOutputStream.java:325)
	at org.apache.hadoop.ozone.client.io.KeyOutputStream.handleFlushOrClose(KeyOutputStream.java:448)
	at org.apache.hadoop.ozone.client.io.KeyOutputStream.close(KeyOutputStream.java:472)
	at org.apache.hadoop.ozone.client.io.OzoneOutputStream.close(OzoneOutputStream.java:60)
	at org.apache.hadoop.ozone.client.rpc.TestFailureHandlingByClient.testBlockWritesWithDnFailures(TestFailureHandlingByClient.java:146)
	at sun.reflect.NativeMethodAccessorImpl.invoke0(Native Method)
	at sun.reflect.NativeMethodAccessorImpl.invoke(NativeMethodAccessorImpl.java:62)
	at sun.reflect.DelegatingMethodAccessorImpl.invoke(DelegatingMethodAccessorImpl.java:43)
	at java.lang.reflect.Method.invoke(Method.java:498)
	at org.junit.runners.model.FrameworkMethod$1.runReflectiveCall(FrameworkMethod.java:47)
	at org.junit.internal.runners.model.ReflectiveCallable.run(ReflectiveCallable.java:12)
	at org.junit.runners.model.FrameworkMethod.invokeExplosively(FrameworkMethod.java:44)
	at org.junit.internal.runners.statements.InvokeMethod.evaluate(InvokeMethod.java:17)
	at org.junit.runners.ParentRunner.runLeaf(ParentRunner.java:271)
	at org.junit.runners.BlockJUnit4ClassRunner.runChild(BlockJUnit4ClassRunner.java:70)
	at org.junit.runners.BlockJUnit4ClassRunner.runChild(BlockJUnit4ClassRunner.java:50)
	at org.junit.runners.ParentRunner$3.run(ParentRunner.java:238)
	at org.junit.runners.ParentRunner$1.schedule(ParentRunner.java:63)
	at org.junit.runners.ParentRunner.runChildren(ParentRunner.java:236)
	at org.junit.runners.ParentRunner.access$000(ParentRunner.java:53)
	at org.junit.runners.ParentRunner$2.evaluate(ParentRunner.java:229)
	at org.junit.runners.ParentRunner.run(ParentRunner.java:309)
	at org.apache.maven.surefire.junit4.JUnit4Provider.execute(JUnit4Provider.java:365)
	at org.apache.maven.surefire.junit4.JUnit4Provider.executeWithRerun(JUnit4Provider.java:273)
	at org.apache.maven.surefire.junit4.JUnit4Provider.executeTestSet(JUnit4Provider.java:238)
	at org.apache.maven.surefire.junit4.JUnit4Provider.invoke(JUnit4Provider.java:159)
	at org.apache.maven.surefire.booter.ForkedBooter.invokeProviderInSameClassLoader(ForkedBooter.java:384)
	at org.apache.maven.surefire.booter.ForkedBooter.runSuitesInProcess(ForkedBooter.java:345)
	at org.apache.maven.surefire.booter.ForkedBooter.execute(ForkedBooter.java:126)
	at org.apache.maven.surefire.booter.ForkedBooter.main(ForkedBooter.java:418)
</error>
    <system-out><![CDATA[2019-07-14 06:52:15,560 WARN  server.ServerUtils (ServerUtils.java:getScmDbDir(145)) - ozone.scm.db.dirs is not configured. We recommend adding this setting. Falling back to ozone.metadata.dirs instead.
2019-07-14 06:52:15,573 WARN  server.ServerUtils (ServerUtils.java:getScmDbDir(145)) - ozone.scm.db.dirs is not configured. We recommend adding this setting. Falling back to ozone.metadata.dirs instead.
2019-07-14 06:52:15,573 WARN  server.ServerUtils (ServerUtils.java:getScmDbDir(145)) - ozone.scm.db.dirs is not configured. We recommend adding this setting. Falling back to ozone.metadata.dirs instead.
2019-07-14 06:52:15,573 INFO  db.DBStoreBuilder (DBStoreBuilder.java:addTable(110)) - using custom profile for table: deletedBlocks
2019-07-14 06:52:15,574 INFO  db.DBStoreBuilder (DBStoreBuilder.java:processTables(161)) - Using default column profile:DBProfile.DISK for Table:deletedBlocks
2019-07-14 06:52:15,574 INFO  db.DBStoreBuilder (DBStoreBuilder.java:addTable(110)) - using custom profile for table: validCerts
2019-07-14 06:52:15,574 INFO  db.DBStoreBuilder (DBStoreBuilder.java:processTables(161)) - Using default column profile:DBProfile.DISK for Table:validCerts
2019-07-14 06:52:15,574 INFO  db.DBStoreBuilder (DBStoreBuilder.java:addTable(110)) - using custom profile for table: revokedCerts
2019-07-14 06:52:15,574 INFO  db.DBStoreBuilder (DBStoreBuilder.java:processTables(161)) - Using default column profile:DBProfile.DISK for Table:revokedCerts
2019-07-14 06:52:15,574 INFO  db.DBStoreBuilder (DBStoreBuilder.java:addTable(110)) - using custom profile for table: default
2019-07-14 06:52:15,575 INFO  db.DBStoreBuilder (DBStoreBuilder.java:processTables(167)) - Using default column profile:DBProfile.DISK for Table:default
2019-07-14 06:52:15,575 INFO  db.DBStoreBuilder (DBStoreBuilder.java:getDbProfile(198)) - Using default options. DBProfile.DISK
2019-07-14 06:52:15,661 INFO  net.NodeSchemaLoader (NodeSchemaLoader.java:loadSchemaFromFile(125)) - Loading file from sun.misc.CompoundEnumeration@74267ece
2019-07-14 06:52:15,661 INFO  net.NodeSchemaLoader (NodeSchemaLoader.java:loadSchema(171)) - Loading network topology layer schema file
2019-07-14 06:52:15,665 INFO  node.SCMNodeManager (SCMNodeManager.java:<init>(119)) - Entering startup safe mode.
2019-07-14 06:52:15,666 WARN  server.ServerUtils (ServerUtils.java:getScmDbDir(145)) - ozone.scm.db.dirs is not configured. We recommend adding this setting. Falling back to ozone.metadata.dirs instead.
2019-07-14 06:52:15,702 INFO  pipeline.SCMPipelineManager (SCMPipelineManager.java:initializePipelineState(126)) - No pipeline exists in current db
2019-07-14 06:52:15,702 WARN  server.ServerUtils (ServerUtils.java:getScmDbDir(145)) - ozone.scm.db.dirs is not configured. We recommend adding this setting. Falling back to ozone.metadata.dirs instead.
2019-07-14 06:52:15,741 WARN  events.EventQueue (EventQueue.java:fireEvent(175)) - No event handler registered for event TypedEvent{payloadType=SafeModeStatus, name='SafeModeStatus'}
2019-07-14 06:52:15,743 INFO  ipc.CallQueueManager (CallQueueManager.java:<init>(84)) - Using callQueue: class java.util.concurrent.LinkedBlockingQueue, queueCapacity: 2000, scheduler: class org.apache.hadoop.ipc.DefaultRpcScheduler, ipcBackoff: false.
2019-07-14 06:52:15,744 INFO  ipc.Server (Server.java:run(1074)) - Starting Socket Reader #1 for port 33616
2019-07-14 06:52:15,765 INFO  ipc.CallQueueManager (CallQueueManager.java:<init>(84)) - Using callQueue: class java.util.concurrent.LinkedBlockingQueue, queueCapacity: 2000, scheduler: class org.apache.hadoop.ipc.DefaultRpcScheduler, ipcBackoff: false.
2019-07-14 06:52:15,766 INFO  ipc.Server (Server.java:run(1074)) - Starting Socket Reader #1 for port 36440
2019-07-14 06:52:15,771 INFO  ipc.CallQueueManager (CallQueueManager.java:<init>(84)) - Using callQueue: class java.util.concurrent.LinkedBlockingQueue, queueCapacity: 2000, scheduler: class org.apache.hadoop.ipc.DefaultRpcScheduler, ipcBackoff: false.
2019-07-14 06:52:15,772 INFO  ipc.Server (Server.java:run(1074)) - Starting Socket Reader #1 for port 35613
2019-07-14 06:52:15,777 INFO  hdfs.DFSUtil (DFSUtil.java:httpServerTemplateForNNAndJN(1641)) - Starting Web-server for scm at: http://0.0.0.0:0
2019-07-14 06:52:15,779 INFO  server.AuthenticationFilter (AuthenticationFilter.java:constructSecretProvider(240)) - Unable to initialize FileSignerSecretProvider, falling back to use random secrets.
2019-07-14 06:52:15,779 WARN  http.HttpRequestLog (HttpRequestLog.java:getRequestLog(97)) - Jetty request log can only be enabled using Log4j
2019-07-14 06:52:15,781 INFO  http.HttpServer2 (HttpServer2.java:addGlobalFilter(975)) - Added global filter 'safety' (class=org.apache.hadoop.http.HttpServer2$QuotingInputFilter)
2019-07-14 06:52:15,781 INFO  http.HttpServer2 (HttpServer2.java:addFilter(948)) - Added filter static_user_filter (class=org.apache.hadoop.http.lib.StaticUserWebFilter$StaticUserFilter) to context scm
2019-07-14 06:52:15,782 INFO  http.HttpServer2 (HttpServer2.java:addFilter(958)) - Added filter static_user_filter (class=org.apache.hadoop.http.lib.StaticUserWebFilter$StaticUserFilter) to context static
2019-07-14 06:52:15,782 INFO  http.HttpServer2 (HttpServer2.java:addFilter(958)) - Added filter static_user_filter (class=org.apache.hadoop.http.lib.StaticUserWebFilter$StaticUserFilter) to context logs
2019-07-14 06:52:15,785 INFO  server.StorageContainerManager (StorageContainerManager.java:start(759)) - StorageContainerLocationProtocol RPC server is listening at /0.0.0.0:35613
2019-07-14 06:52:15,785 INFO  impl.MetricsSystemImpl (MetricsSystemImpl.java:init(158)) - StorageContainerManager metrics system started (again)
2019-07-14 06:52:15,785 INFO  server.SCMClientProtocolServer (SCMClientProtocolServer.java:start(149)) - RPC server for Client  is listening at /0.0.0.0:35613
2019-07-14 06:52:15,786 INFO  ipc.Server (Server.java:run(1314)) - IPC Server Responder: starting
2019-07-14 06:52:15,786 INFO  ipc.Server (Server.java:run(1153)) - IPC Server listener on 35613: starting
2019-07-14 06:52:15,804 INFO  server.StorageContainerManager (StorageContainerManager.java:start(768)) - ScmBlockLocationProtocol RPC server is listening at /0.0.0.0:36440
2019-07-14 06:52:15,805 INFO  server.SCMBlockProtocolServer (SCMBlockProtocolServer.java:start(140)) - RPC server for Block Protocol is listening at /0.0.0.0:36440
2019-07-14 06:52:15,805 INFO  ipc.Server (Server.java:run(1314)) - IPC Server Responder: starting
2019-07-14 06:52:15,805 INFO  ipc.Server (Server.java:run(1153)) - IPC Server listener on 36440: starting
2019-07-14 06:52:15,812 INFO  server.StorageContainerManager (StorageContainerManager.java:start(772)) - ScmDatanodeProtocl RPC server is listening at /0.0.0.0:33616
2019-07-14 06:52:15,812 INFO  server.SCMDatanodeProtocolServer (SCMDatanodeProtocolServer.java:start(191)) - RPC server for DataNodes is listening at /0.0.0.0:33616
2019-07-14 06:52:15,813 INFO  ipc.Server (Server.java:run(1314)) - IPC Server Responder: starting
2019-07-14 06:52:15,813 INFO  ipc.Server (Server.java:run(1153)) - IPC Server listener on 33616: starting
2019-07-14 06:52:15,819 INFO  http.HttpServer2 (HttpServer2.java:bindListener(1191)) - Jetty bound to port 38053
2019-07-14 06:52:15,820 INFO  server.Server (Server.java:doStart(351)) - jetty-9.3.24.v20180605, build timestamp: 2018-06-05T17:11:56Z, git hash: 84205aa28f11a4f31f2a3b86d1bba2cc8ab69827
2019-07-14 06:52:15,821 INFO  handler.ContextHandler (ContextHandler.java:doStart(781)) - Started o.e.j.s.ServletContextHandler@1d0fc0bc{/logs,file:///tmp/workdir/hadoop-ozone/integration-test/target/log,AVAILABLE}
2019-07-14 06:52:15,822 INFO  handler.ContextHandler (ContextHandler.java:doStart(781)) - Started o.e.j.s.ServletContextHandler@1735e1c4{/static,file:///tmp/workdir/hadoop-ozone/integration-test/target/test-classes/webapps/static,AVAILABLE}
2019-07-14 06:52:15,825 INFO  handler.ContextHandler (ContextHandler.java:doStart(781)) - Started o.e.j.w.WebAppContext@76ebd595{/,file:///tmp/workdir/hadoop-ozone/integration-test/target/test-classes/webapps/scm/,AVAILABLE}{/scm}
2019-07-14 06:52:15,826 INFO  server.AbstractConnector (AbstractConnector.java:doStart(278)) - Started ServerConnector@4560eb15{HTTP/1.1,[http/1.1]}{0.0.0.0:38053}
2019-07-14 06:52:15,828 INFO  server.Server (Server.java:doStart(419)) - Started @207114ms
2019-07-14 06:52:15,829 INFO  server.BaseHttpServer (BaseHttpServer.java:updateConnectorAddress(207)) - HTTP server of SCM is listening at http://0.0.0.0:38053
2019-07-14 06:52:15,830 WARN  server.ServerUtils (ServerUtils.java:getDBPath(222)) - ozone.om.db.dirs is not configured. We recommend adding this setting. Falling back to ozone.metadata.dirs instead.
2019-07-14 06:52:15,832 INFO  util.JvmPauseMonitor (JvmPauseMonitor.java:run(188)) - Starting JVM pause monitor
2019-07-14 06:52:15,844 WARN  server.ServerUtils (ServerUtils.java:getDBPath(222)) - ozone.om.db.dirs is not configured. We recommend adding this setting. Falling back to ozone.metadata.dirs instead.
2019-07-14 06:52:15,844 INFO  om.OzoneManager (OzoneManager.java:setOMNodeDetails(630)) - OM Service ID is not set. Setting it to the default ID: omServiceIdDefault
2019-07-14 06:52:15,844 INFO  om.OzoneManager (OzoneManager.java:setOMNodeDetails(636)) - OM Node ID is not set. Setting it to the OmStorage's OmID: 3990affc-3ef1-4749-bb52-f50883bc998a
2019-07-14 06:52:15,845 INFO  om.OzoneManager (OzoneManager.java:loadOMHAConfigs(587)) - Found matching OM address with OMServiceId: null, OMNodeId: null, RPC Address: localhost:0 and Ratis port: 9872
2019-07-14 06:52:15,856 WARN  server.ServerUtils (ServerUtils.java:getDBPath(222)) - ozone.om.db.dirs is not configured. We recommend adding this setting. Falling back to ozone.metadata.dirs instead.
2019-07-14 06:52:15,856 INFO  db.DBStoreBuilder (DBStoreBuilder.java:addTable(110)) - using custom profile for table: userTable
2019-07-14 06:52:15,857 INFO  db.DBStoreBuilder (DBStoreBuilder.java:processTables(161)) - Using default column profile:DBProfile.DISK for Table:userTable
2019-07-14 06:52:15,857 INFO  db.DBStoreBuilder (DBStoreBuilder.java:addTable(110)) - using custom profile for table: volumeTable
2019-07-14 06:52:15,857 INFO  db.DBStoreBuilder (DBStoreBuilder.java:processTables(161)) - Using default column profile:DBProfile.DISK for Table:volumeTable
2019-07-14 06:52:15,857 INFO  db.DBStoreBuilder (DBStoreBuilder.java:addTable(110)) - using custom profile for table: bucketTable
2019-07-14 06:52:15,857 INFO  db.DBStoreBuilder (DBStoreBuilder.java:processTables(161)) - Using default column profile:DBProfile.DISK for Table:bucketTable
2019-07-14 06:52:15,857 INFO  db.DBStoreBuilder (DBStoreBuilder.java:addTable(110)) - using custom profile for table: keyTable
2019-07-14 06:52:15,858 INFO  db.DBStoreBuilder (DBStoreBuilder.java:processTables(161)) - Using default column profile:DBProfile.DISK for Table:keyTable
2019-07-14 06:52:15,858 INFO  db.DBStoreBuilder (DBStoreBuilder.java:addTable(110)) - using custom profile for table: deletedTable
2019-07-14 06:52:15,858 INFO  db.DBStoreBuilder (DBStoreBuilder.java:processTables(161)) - Using default column profile:DBProfile.DISK for Table:deletedTable
2019-07-14 06:52:15,858 INFO  db.DBStoreBuilder (DBStoreBuilder.java:addTable(110)) - using custom profile for table: openKeyTable
2019-07-14 06:52:15,858 INFO  db.DBStoreBuilder (DBStoreBuilder.java:processTables(161)) - Using default column profile:DBProfile.DISK for Table:openKeyTable
2019-07-14 06:52:15,858 INFO  db.DBStoreBuilder (DBStoreBuilder.java:addTable(110)) - using custom profile for table: s3Table
2019-07-14 06:52:15,859 INFO  db.DBStoreBuilder (DBStoreBuilder.java:processTables(161)) - Using default column profile:DBProfile.DISK for Table:s3Table
2019-07-14 06:52:15,859 INFO  db.DBStoreBuilder (DBStoreBuilder.java:addTable(110)) - using custom profile for table: multipartInfoTable
2019-07-14 06:52:15,859 INFO  db.DBStoreBuilder (DBStoreBuilder.java:processTables(161)) - Using default column profile:DBProfile.DISK for Table:multipartInfoTable
2019-07-14 06:52:15,859 INFO  db.DBStoreBuilder (DBStoreBuilder.java:addTable(110)) - using custom profile for table: dTokenTable
2019-07-14 06:52:15,859 INFO  db.DBStoreBuilder (DBStoreBuilder.java:processTables(161)) - Using default column profile:DBProfile.DISK for Table:dTokenTable
2019-07-14 06:52:15,859 INFO  db.DBStoreBuilder (DBStoreBuilder.java:addTable(110)) - using custom profile for table: s3SecretTable
2019-07-14 06:52:15,860 INFO  db.DBStoreBuilder (DBStoreBuilder.java:processTables(161)) - Using default column profile:DBProfile.DISK for Table:s3SecretTable
2019-07-14 06:52:15,860 INFO  db.DBStoreBuilder (DBStoreBuilder.java:addTable(110)) - using custom profile for table: prefixTable
2019-07-14 06:52:15,860 INFO  db.DBStoreBuilder (DBStoreBuilder.java:processTables(161)) - Using default column profile:DBProfile.DISK for Table:prefixTable
2019-07-14 06:52:15,860 INFO  db.DBStoreBuilder (DBStoreBuilder.java:addTable(110)) - using custom profile for table: default
2019-07-14 06:52:15,860 INFO  db.DBStoreBuilder (DBStoreBuilder.java:processTables(167)) - Using default column profile:DBProfile.DISK for Table:default
2019-07-14 06:52:15,860 INFO  db.DBStoreBuilder (DBStoreBuilder.java:getDbProfile(198)) - Using default options. DBProfile.DISK
2019-07-14 06:52:16,186 INFO  ipc.CallQueueManager (CallQueueManager.java:<init>(84)) - Using callQueue: class java.util.concurrent.LinkedBlockingQueue, queueCapacity: 2000, scheduler: class org.apache.hadoop.ipc.DefaultRpcScheduler, ipcBackoff: false.
2019-07-14 06:52:16,186 INFO  ipc.Server (Server.java:run(1074)) - Starting Socket Reader #1 for port 36174
2019-07-14 06:52:16,207 WARN  server.ServerUtils (ServerUtils.java:getDBPath(222)) - ozone.om.db.dirs is not configured. We recommend adding this setting. Falling back to ozone.metadata.dirs instead.
2019-07-14 06:52:16,207 INFO  om.OzoneManager (OzoneManager.java:start(1228)) - OzoneManager RPC server is listening at localhost/127.0.0.1:36174
2019-07-14 06:52:16,207 INFO  impl.MetricsSystemImpl (MetricsSystemImpl.java:init(158)) - OzoneManager metrics system started (again)
2019-07-14 06:52:16,208 INFO  ipc.Server (Server.java:run(1314)) - IPC Server Responder: starting
2019-07-14 06:52:16,208 INFO  ipc.Server (Server.java:run(1153)) - IPC Server listener on 36174: starting
2019-07-14 06:52:16,223 INFO  hdfs.DFSUtil (DFSUtil.java:httpServerTemplateForNNAndJN(1641)) - Starting Web-server for ozoneManager at: http://0.0.0.0:0
2019-07-14 06:52:16,224 INFO  server.AuthenticationFilter (AuthenticationFilter.java:constructSecretProvider(240)) - Unable to initialize FileSignerSecretProvider, falling back to use random secrets.
2019-07-14 06:52:16,225 WARN  http.HttpRequestLog (HttpRequestLog.java:getRequestLog(97)) - Jetty request log can only be enabled using Log4j
2019-07-14 06:52:16,227 INFO  http.HttpServer2 (HttpServer2.java:addGlobalFilter(975)) - Added global filter 'safety' (class=org.apache.hadoop.http.HttpServer2$QuotingInputFilter)
2019-07-14 06:52:16,228 INFO  http.HttpServer2 (HttpServer2.java:addFilter(948)) - Added filter static_user_filter (class=org.apache.hadoop.http.lib.StaticUserWebFilter$StaticUserFilter) to context ozoneManager
2019-07-14 06:52:16,228 INFO  http.HttpServer2 (HttpServer2.java:addFilter(958)) - Added filter static_user_filter (class=org.apache.hadoop.http.lib.StaticUserWebFilter$StaticUserFilter) to context static
2019-07-14 06:52:16,228 INFO  http.HttpServer2 (HttpServer2.java:addFilter(958)) - Added filter static_user_filter (class=org.apache.hadoop.http.lib.StaticUserWebFilter$StaticUserFilter) to context logs
2019-07-14 06:52:16,229 INFO  http.HttpServer2 (HttpServer2.java:bindListener(1191)) - Jetty bound to port 41311
2019-07-14 06:52:16,229 INFO  server.Server (Server.java:doStart(351)) - jetty-9.3.24.v20180605, build timestamp: 2018-06-05T17:11:56Z, git hash: 84205aa28f11a4f31f2a3b86d1bba2cc8ab69827
2019-07-14 06:52:16,231 INFO  handler.ContextHandler (ContextHandler.java:doStart(781)) - Started o.e.j.s.ServletContextHandler@2d2fe68a{/logs,file:///tmp/workdir/hadoop-ozone/integration-test/target/log,AVAILABLE}
2019-07-14 06:52:16,232 INFO  handler.ContextHandler (ContextHandler.java:doStart(781)) - Started o.e.j.s.ServletContextHandler@73c1dda3{/static,file:///tmp/workdir/hadoop-ozone/integration-test/target/test-classes/webapps/static,AVAILABLE}
2019-07-14 06:52:16,237 INFO  handler.ContextHandler (ContextHandler.java:doStart(781)) - Started o.e.j.w.WebAppContext@497c1d78{/,file:///tmp/workdir/hadoop-ozone/integration-test/target/test-classes/webapps/ozoneManager/,AVAILABLE}{/ozoneManager}
2019-07-14 06:52:16,237 INFO  server.AbstractConnector (AbstractConnector.java:doStart(278)) - Started ServerConnector@7d12fb85{HTTP/1.1,[http/1.1]}{0.0.0.0:41311}
2019-07-14 06:52:16,242 INFO  server.Server (Server.java:doStart(419)) - Started @207527ms
2019-07-14 06:52:16,242 INFO  server.BaseHttpServer (BaseHttpServer.java:updateConnectorAddress(207)) - HTTP server of OZONEMANAGER is listening at http://0.0.0.0:41311
2019-07-14 06:52:16,258 INFO  impl.MetricsSystemImpl (MetricsSystemImpl.java:init(158)) - HddsDatanode metrics system started (again)
2019-07-14 06:52:16,258 INFO  ozone.HddsDatanodeService (HddsDatanodeService.java:start(185)) - HddsDatanodeService host:trunk-nightly-8c95p-1540871953 ip:192.168.5.144
2019-07-14 06:52:16,276 INFO  volume.HddsVolume (HddsVolume.java:<init>(176)) - Creating Volume: /tmp/workdir/hadoop-ozone/integration-test/target/test-dir/MiniOzoneClusterImpl-60549c81-59ca-4eab-8951-3bc22d076988/datanode-0/data/containers/hdds of  storage type : DISK and capacity : 52710309888
2019-07-14 06:52:16,277 INFO  volume.VolumeSet (VolumeSet.java:initializeVolumeSet(170)) - Added Volume : /tmp/workdir/hadoop-ozone/integration-test/target/test-dir/MiniOzoneClusterImpl-60549c81-59ca-4eab-8951-3bc22d076988/datanode-0/data/containers/hdds to VolumeSet
2019-07-14 06:52:16,277 INFO  volume.ThrottledAsyncChecker (ThrottledAsyncChecker.java:schedule(140)) - Scheduling a check for org.apache.hadoop.ozone.container.common.volume.HddsVolume@2c257c0a
2019-07-14 06:52:16,281 INFO  volume.HddsVolumeChecker (HddsVolumeChecker.java:checkAllVolumes(203)) - Scheduled health check for volume org.apache.hadoop.ozone.container.common.volume.HddsVolume@2c257c0a
2019-07-14 06:52:16,486 INFO  impl.RaftServerProxy (ConfUtils.java:logGet(43)) - raft.rpc.type = GRPC (default)
2019-07-14 06:52:16,510 INFO  grpc.GrpcFactory (GrpcFactory.java:checkPooledByteBufAllocatorUseCacheForAllThreads(45)) - PERFORMANCE WARNING: useCacheForAllThreads is true that may cause Netty to create a lot garbage objects and, as a result, trigger GC.
	It is recommended to disable useCacheForAllThreads by setting -Dorg.apache.ratis.thirdparty.io.netty.allocator.useCacheForAllThreads=false in command line.
2019-07-14 06:52:16,510 INFO  grpc.GrpcConfigKeys$Server (ConfUtils.java:logGet(43)) - raft.grpc.server.port = 0 (default)
2019-07-14 06:52:16,517 INFO  server.GrpcService (ConfUtils.java:logGet(43)) - raft.grpc.message.size.max = 33570816 (custom)
2019-07-14 06:52:16,517 INFO  server.RaftServerConfigKeys (ConfUtils.java:logGet(43)) - raft.server.log.appender.buffer.byte-limit = 33554432 (custom)
2019-07-14 06:52:16,518 INFO  server.GrpcService (ConfUtils.java:logGet(43)) - raft.grpc.flow.control.window = 1MB (=1048576) (default)
2019-07-14 06:52:16,518 INFO  server.RaftServerConfigKeys (ConfUtils.java:logGet(43)) - raft.server.rpc.request.timeout = 3000ms (default)
2019-07-14 06:52:16,525 INFO  server.RaftServerConfigKeys (ConfUtils.java:logGet(43)) - raft.server.storage.dir = [/tmp/workdir/hadoop-ozone/integration-test/target/test-dir/MiniOzoneClusterImpl-60549c81-59ca-4eab-8951-3bc22d076988/datanode-0/data/ratis] (custom)
2019-07-14 06:52:16,526 INFO  replication.SimpleContainerDownloader (SimpleContainerDownloader.java:<init>(72)) - Starting container downloader service to copy containers to replicate.
2019-07-14 06:52:16,528 INFO  hdfs.DFSUtil (DFSUtil.java:httpServerTemplateForNNAndJN(1641)) - Starting Web-server for hddsDatanode at: http://0.0.0.0:0
2019-07-14 06:52:16,530 INFO  server.AuthenticationFilter (AuthenticationFilter.java:constructSecretProvider(240)) - Unable to initialize FileSignerSecretProvider, falling back to use random secrets.
2019-07-14 06:52:16,531 WARN  http.HttpRequestLog (HttpRequestLog.java:getRequestLog(97)) - Jetty request log can only be enabled using Log4j
2019-07-14 06:52:16,534 INFO  http.HttpServer2 (HttpServer2.java:addGlobalFilter(975)) - Added global filter 'safety' (class=org.apache.hadoop.http.HttpServer2$QuotingInputFilter)
2019-07-14 06:52:16,535 INFO  http.HttpServer2 (HttpServer2.java:addFilter(948)) - Added filter static_user_filter (class=org.apache.hadoop.http.lib.StaticUserWebFilter$StaticUserFilter) to context hddsDatanode
2019-07-14 06:52:16,535 INFO  http.HttpServer2 (HttpServer2.java:addFilter(958)) - Added filter static_user_filter (class=org.apache.hadoop.http.lib.StaticUserWebFilter$StaticUserFilter) to context logs
2019-07-14 06:52:16,536 INFO  http.HttpServer2 (HttpServer2.java:addFilter(958)) - Added filter static_user_filter (class=org.apache.hadoop.http.lib.StaticUserWebFilter$StaticUserFilter) to context static
2019-07-14 06:52:16,536 INFO  http.HttpServer2 (HttpServer2.java:bindListener(1191)) - Jetty bound to port 34768
2019-07-14 06:52:16,537 INFO  server.Server (Server.java:doStart(351)) - jetty-9.3.24.v20180605, build timestamp: 2018-06-05T17:11:56Z, git hash: 84205aa28f11a4f31f2a3b86d1bba2cc8ab69827
2019-07-14 06:52:16,538 INFO  handler.ContextHandler (ContextHandler.java:doStart(781)) - Started o.e.j.s.ServletContextHandler@2e88ad38{/logs,file:///tmp/workdir/hadoop-ozone/integration-test/target/log,AVAILABLE}
2019-07-14 06:52:16,539 INFO  handler.ContextHandler (ContextHandler.java:doStart(781)) - Started o.e.j.s.ServletContextHandler@9771c71{/static,jar:file:/home/user/.m2/repository/org/apache/hadoop/hadoop-hdds-container-service/0.5.0-SNAPSHOT/hadoop-hdds-container-service-0.5.0-SNAPSHOT.jar!/webapps/static,AVAILABLE}
2019-07-14 06:52:16,578 INFO  handler.ContextHandler (ContextHandler.java:doStart(781)) - Started o.e.j.w.WebAppContext@64745270{/,file:///tmp/jetty-0.0.0.0-34768-hddsDatanode-_-any-2735654575947163637.dir/webapp/,AVAILABLE}{/hddsDatanode}
2019-07-14 06:52:16,579 INFO  server.AbstractConnector (AbstractConnector.java:doStart(278)) - Started ServerConnector@596d17f4{HTTP/1.1,[http/1.1]}{0.0.0.0:34768}
2019-07-14 06:52:16,583 INFO  server.Server (Server.java:doStart(419)) - Started @207869ms
2019-07-14 06:52:16,584 INFO  server.BaseHttpServer (BaseHttpServer.java:updateConnectorAddress(207)) - HTTP server of HDDSDATANODE is listening at http://0.0.0.0:34768
2019-07-14 06:52:16,710 INFO  ozone.HddsDatanodeService (HddsDatanodeService.java:startPlugins(396)) - Started plug-in org.apache.hadoop.ozone.web.OzoneHddsDatanodeService@69c263f8
2019-07-14 06:52:16,711 INFO  impl.MetricsSystemImpl (MetricsSystemImpl.java:init(158)) - HddsDatanode metrics system started (again)
2019-07-14 06:52:16,718 INFO  ozone.HddsDatanodeService (HddsDatanodeService.java:start(185)) - HddsDatanodeService host:trunk-nightly-8c95p-1540871953 ip:192.168.5.144
2019-07-14 06:52:16,720 INFO  util.JvmPauseMonitor (JvmPauseMonitor.java:run(188)) - Starting JVM pause monitor
2019-07-14 06:52:16,721 INFO  datanode.InitDatanodeState (InitDatanodeState.java:persistContainerDatanodeDetails(140)) - DatanodeDetails is persisted to /tmp/workdir/hadoop-ozone/integration-test/target/test-dir/MiniOzoneClusterImpl-60549c81-59ca-4eab-8951-3bc22d076988/datanode-0/meta/datanode.id
2019-07-14 06:52:16,736 INFO  volume.HddsVolume (HddsVolume.java:<init>(176)) - Creating Volume: /tmp/workdir/hadoop-ozone/integration-test/target/test-dir/MiniOzoneClusterImpl-60549c81-59ca-4eab-8951-3bc22d076988/datanode-1/data/containers/hdds of  storage type : DISK and capacity : 52710309888
2019-07-14 06:52:16,736 INFO  volume.VolumeSet (VolumeSet.java:initializeVolumeSet(170)) - Added Volume : /tmp/workdir/hadoop-ozone/integration-test/target/test-dir/MiniOzoneClusterImpl-60549c81-59ca-4eab-8951-3bc22d076988/datanode-1/data/containers/hdds to VolumeSet
2019-07-14 06:52:16,737 INFO  volume.ThrottledAsyncChecker (ThrottledAsyncChecker.java:schedule(140)) - Scheduling a check for org.apache.hadoop.ozone.container.common.volume.HddsVolume@3bdc8975
2019-07-14 06:52:16,737 INFO  volume.HddsVolumeChecker (HddsVolumeChecker.java:checkAllVolumes(203)) - Scheduled health check for volume org.apache.hadoop.ozone.container.common.volume.HddsVolume@3bdc8975
2019-07-14 06:52:16,762 INFO  impl.RaftServerProxy (ConfUtils.java:logGet(43)) - raft.rpc.type = GRPC (default)
2019-07-14 06:52:16,762 INFO  grpc.GrpcFactory (GrpcFactory.java:checkPooledByteBufAllocatorUseCacheForAllThreads(45)) - PERFORMANCE WARNING: useCacheForAllThreads is true that may cause Netty to create a lot garbage objects and, as a result, trigger GC.
	It is recommended to disable useCacheForAllThreads by setting -Dorg.apache.ratis.thirdparty.io.netty.allocator.useCacheForAllThreads=false in command line.
2019-07-14 06:52:16,763 INFO  grpc.GrpcConfigKeys$Server (ConfUtils.java:logGet(43)) - raft.grpc.server.port = 0 (default)
2019-07-14 06:52:16,763 INFO  server.GrpcService (ConfUtils.java:logGet(43)) - raft.grpc.message.size.max = 33570816 (custom)
2019-07-14 06:52:16,763 INFO  server.RaftServerConfigKeys (ConfUtils.java:logGet(43)) - raft.server.log.appender.buffer.byte-limit = 33554432 (custom)
2019-07-14 06:52:16,763 INFO  server.GrpcService (ConfUtils.java:logGet(43)) - raft.grpc.flow.control.window = 1MB (=1048576) (default)
2019-07-14 06:52:16,764 INFO  server.RaftServerConfigKeys (ConfUtils.java:logGet(43)) - raft.server.rpc.request.timeout = 3000ms (default)
2019-07-14 06:52:16,764 INFO  server.RaftServerConfigKeys (ConfUtils.java:logGet(43)) - raft.server.storage.dir = [/tmp/workdir/hadoop-ozone/integration-test/target/test-dir/MiniOzoneClusterImpl-60549c81-59ca-4eab-8951-3bc22d076988/datanode-1/data/ratis] (custom)
2019-07-14 06:52:16,765 INFO  replication.SimpleContainerDownloader (SimpleContainerDownloader.java:<init>(72)) - Starting container downloader service to copy containers to replicate.
2019-07-14 06:52:16,766 INFO  hdfs.DFSUtil (DFSUtil.java:httpServerTemplateForNNAndJN(1641)) - Starting Web-server for hddsDatanode at: http://0.0.0.0:0
2019-07-14 06:52:16,767 INFO  server.AuthenticationFilter (AuthenticationFilter.java:constructSecretProvider(240)) - Unable to initialize FileSignerSecretProvider, falling back to use random secrets.
2019-07-14 06:52:16,768 WARN  http.HttpRequestLog (HttpRequestLog.java:getRequestLog(97)) - Jetty request log can only be enabled using Log4j
2019-07-14 06:52:16,769 INFO  http.HttpServer2 (HttpServer2.java:addGlobalFilter(975)) - Added global filter 'safety' (class=org.apache.hadoop.http.HttpServer2$QuotingInputFilter)
2019-07-14 06:52:16,770 INFO  http.HttpServer2 (HttpServer2.java:addFilter(948)) - Added filter static_user_filter (class=org.apache.hadoop.http.lib.StaticUserWebFilter$StaticUserFilter) to context hddsDatanode
2019-07-14 06:52:16,770 INFO  http.HttpServer2 (HttpServer2.java:addFilter(958)) - Added filter static_user_filter (class=org.apache.hadoop.http.lib.StaticUserWebFilter$StaticUserFilter) to context static
2019-07-14 06:52:16,770 INFO  http.HttpServer2 (HttpServer2.java:addFilter(958)) - Added filter static_user_filter (class=org.apache.hadoop.http.lib.StaticUserWebFilter$StaticUserFilter) to context logs
2019-07-14 06:52:16,771 INFO  http.HttpServer2 (HttpServer2.java:bindListener(1191)) - Jetty bound to port 35905
2019-07-14 06:52:16,771 INFO  server.Server (Server.java:doStart(351)) - jetty-9.3.24.v20180605, build timestamp: 2018-06-05T17:11:56Z, git hash: 84205aa28f11a4f31f2a3b86d1bba2cc8ab69827
2019-07-14 06:52:16,773 INFO  handler.ContextHandler (ContextHandler.java:doStart(781)) - Started o.e.j.s.ServletContextHandler@188532da{/logs,file:///tmp/workdir/hadoop-ozone/integration-test/target/log,AVAILABLE}
2019-07-14 06:52:16,774 INFO  handler.ContextHandler (ContextHandler.java:doStart(781)) - Started o.e.j.s.ServletContextHandler@7e4c0bc7{/static,jar:file:/home/user/.m2/repository/org/apache/hadoop/hadoop-hdds-container-service/0.5.0-SNAPSHOT/hadoop-hdds-container-service-0.5.0-SNAPSHOT.jar!/webapps/static,AVAILABLE}
2019-07-14 06:52:16,808 INFO  handler.ContextHandler (ContextHandler.java:doStart(781)) - Started o.e.j.w.WebAppContext@5eed2edf{/,file:///tmp/jetty-0.0.0.0-35905-hddsDatanode-_-any-4041057233857262602.dir/webapp/,AVAILABLE}{/hddsDatanode}
2019-07-14 06:52:16,808 INFO  server.AbstractConnector (AbstractConnector.java:doStart(278)) - Started ServerConnector@4552e288{HTTP/1.1,[http/1.1]}{0.0.0.0:35905}
2019-07-14 06:52:16,808 INFO  server.Server (Server.java:doStart(419)) - Started @208094ms
2019-07-14 06:52:16,815 INFO  server.BaseHttpServer (BaseHttpServer.java:updateConnectorAddress(207)) - HTTP server of HDDSDATANODE is listening at http://0.0.0.0:35905
2019-07-14 06:52:16,921 INFO  ozone.HddsDatanodeService (HddsDatanodeService.java:startPlugins(396)) - Started plug-in org.apache.hadoop.ozone.web.OzoneHddsDatanodeService@306c8e09
2019-07-14 06:52:16,921 INFO  impl.MetricsSystemImpl (MetricsSystemImpl.java:init(158)) - HddsDatanode metrics system started (again)
2019-07-14 06:52:16,937 INFO  ozone.HddsDatanodeService (HddsDatanodeService.java:start(185)) - HddsDatanodeService host:trunk-nightly-8c95p-1540871953 ip:192.168.5.144
2019-07-14 06:52:16,939 INFO  util.JvmPauseMonitor (JvmPauseMonitor.java:run(188)) - Starting JVM pause monitor
2019-07-14 06:52:16,940 INFO  datanode.InitDatanodeState (InitDatanodeState.java:persistContainerDatanodeDetails(140)) - DatanodeDetails is persisted to /tmp/workdir/hadoop-ozone/integration-test/target/test-dir/MiniOzoneClusterImpl-60549c81-59ca-4eab-8951-3bc22d076988/datanode-1/meta/datanode.id
2019-07-14 06:52:16,954 INFO  volume.HddsVolume (HddsVolume.java:<init>(176)) - Creating Volume: /tmp/workdir/hadoop-ozone/integration-test/target/test-dir/MiniOzoneClusterImpl-60549c81-59ca-4eab-8951-3bc22d076988/datanode-2/data/containers/hdds of  storage type : DISK and capacity : 52710309888
2019-07-14 06:52:16,954 INFO  volume.VolumeSet (VolumeSet.java:initializeVolumeSet(170)) - Added Volume : /tmp/workdir/hadoop-ozone/integration-test/target/test-dir/MiniOzoneClusterImpl-60549c81-59ca-4eab-8951-3bc22d076988/datanode-2/data/containers/hdds to VolumeSet
2019-07-14 06:52:16,954 INFO  volume.ThrottledAsyncChecker (ThrottledAsyncChecker.java:schedule(140)) - Scheduling a check for org.apache.hadoop.ozone.container.common.volume.HddsVolume@cef23a8
2019-07-14 06:52:16,955 INFO  volume.HddsVolumeChecker (HddsVolumeChecker.java:checkAllVolumes(203)) - Scheduled health check for volume org.apache.hadoop.ozone.container.common.volume.HddsVolume@cef23a8
2019-07-14 06:52:16,975 INFO  impl.RaftServerProxy (ConfUtils.java:logGet(43)) - raft.rpc.type = GRPC (default)
2019-07-14 06:52:16,976 INFO  grpc.GrpcFactory (GrpcFactory.java:checkPooledByteBufAllocatorUseCacheForAllThreads(45)) - PERFORMANCE WARNING: useCacheForAllThreads is true that may cause Netty to create a lot garbage objects and, as a result, trigger GC.
	It is recommended to disable useCacheForAllThreads by setting -Dorg.apache.ratis.thirdparty.io.netty.allocator.useCacheForAllThreads=false in command line.
2019-07-14 06:52:16,976 INFO  grpc.GrpcConfigKeys$Server (ConfUtils.java:logGet(43)) - raft.grpc.server.port = 0 (default)
2019-07-14 06:52:16,976 INFO  server.GrpcService (ConfUtils.java:logGet(43)) - raft.grpc.message.size.max = 33570816 (custom)
2019-07-14 06:52:16,976 INFO  server.RaftServerConfigKeys (ConfUtils.java:logGet(43)) - raft.server.log.appender.buffer.byte-limit = 33554432 (custom)
2019-07-14 06:52:16,976 INFO  server.GrpcService (ConfUtils.java:logGet(43)) - raft.grpc.flow.control.window = 1MB (=1048576) (default)
2019-07-14 06:52:16,977 INFO  server.RaftServerConfigKeys (ConfUtils.java:logGet(43)) - raft.server.rpc.request.timeout = 3000ms (default)
2019-07-14 06:52:16,977 INFO  server.RaftServerConfigKeys (ConfUtils.java:logGet(43)) - raft.server.storage.dir = [/tmp/workdir/hadoop-ozone/integration-test/target/test-dir/MiniOzoneClusterImpl-60549c81-59ca-4eab-8951-3bc22d076988/datanode-2/data/ratis] (custom)
2019-07-14 06:52:16,977 INFO  replication.SimpleContainerDownloader (SimpleContainerDownloader.java:<init>(72)) - Starting container downloader service to copy containers to replicate.
2019-07-14 06:52:16,978 INFO  hdfs.DFSUtil (DFSUtil.java:httpServerTemplateForNNAndJN(1641)) - Starting Web-server for hddsDatanode at: http://0.0.0.0:0
2019-07-14 06:52:16,980 INFO  server.AuthenticationFilter (AuthenticationFilter.java:constructSecretProvider(240)) - Unable to initialize FileSignerSecretProvider, falling back to use random secrets.
2019-07-14 06:52:16,981 WARN  http.HttpRequestLog (HttpRequestLog.java:getRequestLog(97)) - Jetty request log can only be enabled using Log4j
2019-07-14 06:52:16,983 INFO  http.HttpServer2 (HttpServer2.java:addGlobalFilter(975)) - Added global filter 'safety' (class=org.apache.hadoop.http.HttpServer2$QuotingInputFilter)
2019-07-14 06:52:16,984 INFO  http.HttpServer2 (HttpServer2.java:addFilter(948)) - Added filter static_user_filter (class=org.apache.hadoop.http.lib.StaticUserWebFilter$StaticUserFilter) to context hddsDatanode
2019-07-14 06:52:16,984 INFO  http.HttpServer2 (HttpServer2.java:addFilter(958)) - Added filter static_user_filter (class=org.apache.hadoop.http.lib.StaticUserWebFilter$StaticUserFilter) to context static
2019-07-14 06:52:16,984 INFO  http.HttpServer2 (HttpServer2.java:addFilter(958)) - Added filter static_user_filter (class=org.apache.hadoop.http.lib.StaticUserWebFilter$StaticUserFilter) to context logs
2019-07-14 06:52:16,985 INFO  http.HttpServer2 (HttpServer2.java:bindListener(1191)) - Jetty bound to port 43075
2019-07-14 06:52:16,985 INFO  server.Server (Server.java:doStart(351)) - jetty-9.3.24.v20180605, build timestamp: 2018-06-05T17:11:56Z, git hash: 84205aa28f11a4f31f2a3b86d1bba2cc8ab69827
2019-07-14 06:52:16,987 INFO  handler.ContextHandler (ContextHandler.java:doStart(781)) - Started o.e.j.s.ServletContextHandler@4cf1ec2{/logs,file:///tmp/workdir/hadoop-ozone/integration-test/target/log,AVAILABLE}
2019-07-14 06:52:16,988 INFO  handler.ContextHandler (ContextHandler.java:doStart(781)) - Started o.e.j.s.ServletContextHandler@4246f904{/static,jar:file:/home/user/.m2/repository/org/apache/hadoop/hadoop-hdds-container-service/0.5.0-SNAPSHOT/hadoop-hdds-container-service-0.5.0-SNAPSHOT.jar!/webapps/static,AVAILABLE}
2019-07-14 06:52:17,031 INFO  handler.ContextHandler (ContextHandler.java:doStart(781)) - Started o.e.j.w.WebAppContext@24bc06dd{/,file:///tmp/jetty-0.0.0.0-43075-hddsDatanode-_-any-8841223704666570387.dir/webapp/,AVAILABLE}{/hddsDatanode}
2019-07-14 06:52:17,031 INFO  server.AbstractConnector (AbstractConnector.java:doStart(278)) - Started ServerConnector@26d02dc6{HTTP/1.1,[http/1.1]}{0.0.0.0:43075}
2019-07-14 06:52:17,036 INFO  server.Server (Server.java:doStart(419)) - Started @208322ms
2019-07-14 06:52:17,037 INFO  server.BaseHttpServer (BaseHttpServer.java:updateConnectorAddress(207)) - HTTP server of HDDSDATANODE is listening at http://0.0.0.0:43075
2019-07-14 06:52:17,168 INFO  ozone.HddsDatanodeService (HddsDatanodeService.java:startPlugins(396)) - Started plug-in org.apache.hadoop.ozone.web.OzoneHddsDatanodeService@7364073b
2019-07-14 06:52:17,168 INFO  impl.MetricsSystemImpl (MetricsSystemImpl.java:init(158)) - HddsDatanode metrics system started (again)
2019-07-14 06:52:17,169 INFO  ozone.HddsDatanodeService (HddsDatanodeService.java:start(185)) - HddsDatanodeService host:trunk-nightly-8c95p-1540871953 ip:192.168.5.144
2019-07-14 06:52:17,170 INFO  util.JvmPauseMonitor (JvmPauseMonitor.java:run(188)) - Starting JVM pause monitor
2019-07-14 06:52:17,171 INFO  datanode.InitDatanodeState (InitDatanodeState.java:persistContainerDatanodeDetails(140)) - DatanodeDetails is persisted to /tmp/workdir/hadoop-ozone/integration-test/target/test-dir/MiniOzoneClusterImpl-60549c81-59ca-4eab-8951-3bc22d076988/datanode-2/meta/datanode.id
2019-07-14 06:52:17,185 INFO  volume.HddsVolume (HddsVolume.java:<init>(176)) - Creating Volume: /tmp/workdir/hadoop-ozone/integration-test/target/test-dir/MiniOzoneClusterImpl-60549c81-59ca-4eab-8951-3bc22d076988/datanode-3/data/containers/hdds of  storage type : DISK and capacity : 52710309888
2019-07-14 06:52:17,185 INFO  volume.VolumeSet (VolumeSet.java:initializeVolumeSet(170)) - Added Volume : /tmp/workdir/hadoop-ozone/integration-test/target/test-dir/MiniOzoneClusterImpl-60549c81-59ca-4eab-8951-3bc22d076988/datanode-3/data/containers/hdds to VolumeSet
2019-07-14 06:52:17,185 INFO  volume.ThrottledAsyncChecker (ThrottledAsyncChecker.java:schedule(140)) - Scheduling a check for org.apache.hadoop.ozone.container.common.volume.HddsVolume@7bf997e0
2019-07-14 06:52:17,186 INFO  volume.HddsVolumeChecker (HddsVolumeChecker.java:checkAllVolumes(203)) - Scheduled health check for volume org.apache.hadoop.ozone.container.common.volume.HddsVolume@7bf997e0
2019-07-14 06:52:17,207 INFO  impl.RaftServerProxy (ConfUtils.java:logGet(43)) - raft.rpc.type = GRPC (default)
2019-07-14 06:52:17,207 INFO  grpc.GrpcFactory (GrpcFactory.java:checkPooledByteBufAllocatorUseCacheForAllThreads(45)) - PERFORMANCE WARNING: useCacheForAllThreads is true that may cause Netty to create a lot garbage objects and, as a result, trigger GC.
	It is recommended to disable useCacheForAllThreads by setting -Dorg.apache.ratis.thirdparty.io.netty.allocator.useCacheForAllThreads=false in command line.
2019-07-14 06:52:17,207 INFO  grpc.GrpcConfigKeys$Server (ConfUtils.java:logGet(43)) - raft.grpc.server.port = 0 (default)
2019-07-14 06:52:17,207 INFO  server.GrpcService (ConfUtils.java:logGet(43)) - raft.grpc.message.size.max = 33570816 (custom)
2019-07-14 06:52:17,207 INFO  server.RaftServerConfigKeys (ConfUtils.java:logGet(43)) - raft.server.log.appender.buffer.byte-limit = 33554432 (custom)
2019-07-14 06:52:17,208 INFO  server.GrpcService (ConfUtils.java:logGet(43)) - raft.grpc.flow.control.window = 1MB (=1048576) (default)
2019-07-14 06:52:17,208 INFO  server.RaftServerConfigKeys (ConfUtils.java:logGet(43)) - raft.server.rpc.request.timeout = 3000ms (default)
2019-07-14 06:52:17,208 INFO  server.RaftServerConfigKeys (ConfUtils.java:logGet(43)) - raft.server.storage.dir = [/tmp/workdir/hadoop-ozone/integration-test/target/test-dir/MiniOzoneClusterImpl-60549c81-59ca-4eab-8951-3bc22d076988/datanode-3/data/ratis] (custom)
2019-07-14 06:52:17,209 INFO  replication.SimpleContainerDownloader (SimpleContainerDownloader.java:<init>(72)) - Starting container downloader service to copy containers to replicate.
2019-07-14 06:52:17,210 INFO  hdfs.DFSUtil (DFSUtil.java:httpServerTemplateForNNAndJN(1641)) - Starting Web-server for hddsDatanode at: http://0.0.0.0:0
2019-07-14 06:52:17,212 INFO  server.AuthenticationFilter (AuthenticationFilter.java:constructSecretProvider(240)) - Unable to initialize FileSignerSecretProvider, falling back to use random secrets.
2019-07-14 06:52:17,212 WARN  http.HttpRequestLog (HttpRequestLog.java:getRequestLog(97)) - Jetty request log can only be enabled using Log4j
2019-07-14 06:52:17,214 INFO  http.HttpServer2 (HttpServer2.java:addGlobalFilter(975)) - Added global filter 'safety' (class=org.apache.hadoop.http.HttpServer2$QuotingInputFilter)
2019-07-14 06:52:17,215 INFO  http.HttpServer2 (HttpServer2.java:addFilter(948)) - Added filter static_user_filter (class=org.apache.hadoop.http.lib.StaticUserWebFilter$StaticUserFilter) to context hddsDatanode
2019-07-14 06:52:17,215 INFO  http.HttpServer2 (HttpServer2.java:addFilter(958)) - Added filter static_user_filter (class=org.apache.hadoop.http.lib.StaticUserWebFilter$StaticUserFilter) to context static
2019-07-14 06:52:17,215 INFO  http.HttpServer2 (HttpServer2.java:addFilter(958)) - Added filter static_user_filter (class=org.apache.hadoop.http.lib.StaticUserWebFilter$StaticUserFilter) to context logs
2019-07-14 06:52:17,216 INFO  http.HttpServer2 (HttpServer2.java:bindListener(1191)) - Jetty bound to port 34786
2019-07-14 06:52:17,217 INFO  server.Server (Server.java:doStart(351)) - jetty-9.3.24.v20180605, build timestamp: 2018-06-05T17:11:56Z, git hash: 84205aa28f11a4f31f2a3b86d1bba2cc8ab69827
2019-07-14 06:52:17,218 INFO  handler.ContextHandler (ContextHandler.java:doStart(781)) - Started o.e.j.s.ServletContextHandler@62aefc75{/logs,file:///tmp/workdir/hadoop-ozone/integration-test/target/log,AVAILABLE}
2019-07-14 06:52:17,219 INFO  handler.ContextHandler (ContextHandler.java:doStart(781)) - Started o.e.j.s.ServletContextHandler@435e224d{/static,jar:file:/home/user/.m2/repository/org/apache/hadoop/hadoop-hdds-container-service/0.5.0-SNAPSHOT/hadoop-hdds-container-service-0.5.0-SNAPSHOT.jar!/webapps/static,AVAILABLE}
2019-07-14 06:52:17,259 INFO  handler.ContextHandler (ContextHandler.java:doStart(781)) - Started o.e.j.w.WebAppContext@24381e4a{/,file:///tmp/jetty-0.0.0.0-34786-hddsDatanode-_-any-2587283858793417181.dir/webapp/,AVAILABLE}{/hddsDatanode}
2019-07-14 06:52:17,260 INFO  server.AbstractConnector (AbstractConnector.java:doStart(278)) - Started ServerConnector@6c3627c{HTTP/1.1,[http/1.1]}{0.0.0.0:34786}
2019-07-14 06:52:17,264 INFO  server.Server (Server.java:doStart(419)) - Started @208550ms
2019-07-14 06:52:17,265 INFO  server.BaseHttpServer (BaseHttpServer.java:updateConnectorAddress(207)) - HTTP server of HDDSDATANODE is listening at http://0.0.0.0:34786
2019-07-14 06:52:17,381 INFO  ozone.HddsDatanodeService (HddsDatanodeService.java:startPlugins(396)) - Started plug-in org.apache.hadoop.ozone.web.OzoneHddsDatanodeService@7ec729be
2019-07-14 06:52:17,381 INFO  impl.MetricsSystemImpl (MetricsSystemImpl.java:init(158)) - HddsDatanode metrics system started (again)
2019-07-14 06:52:17,381 INFO  ozone.HddsDatanodeService (HddsDatanodeService.java:start(185)) - HddsDatanodeService host:trunk-nightly-8c95p-1540871953 ip:192.168.5.144
2019-07-14 06:52:17,382 INFO  util.JvmPauseMonitor (JvmPauseMonitor.java:run(188)) - Starting JVM pause monitor
2019-07-14 06:52:17,384 INFO  datanode.InitDatanodeState (InitDatanodeState.java:persistContainerDatanodeDetails(140)) - DatanodeDetails is persisted to /tmp/workdir/hadoop-ozone/integration-test/target/test-dir/MiniOzoneClusterImpl-60549c81-59ca-4eab-8951-3bc22d076988/datanode-3/meta/datanode.id
2019-07-14 06:52:17,401 INFO  volume.HddsVolume (HddsVolume.java:<init>(176)) - Creating Volume: /tmp/workdir/hadoop-ozone/integration-test/target/test-dir/MiniOzoneClusterImpl-60549c81-59ca-4eab-8951-3bc22d076988/datanode-4/data/containers/hdds of  storage type : DISK and capacity : 52710309888
2019-07-14 06:52:17,401 INFO  volume.VolumeSet (VolumeSet.java:initializeVolumeSet(170)) - Added Volume : /tmp/workdir/hadoop-ozone/integration-test/target/test-dir/MiniOzoneClusterImpl-60549c81-59ca-4eab-8951-3bc22d076988/datanode-4/data/containers/hdds to VolumeSet
2019-07-14 06:52:17,401 INFO  volume.ThrottledAsyncChecker (ThrottledAsyncChecker.java:schedule(140)) - Scheduling a check for org.apache.hadoop.ozone.container.common.volume.HddsVolume@648bfebe
2019-07-14 06:52:17,402 INFO  volume.HddsVolumeChecker (HddsVolumeChecker.java:checkAllVolumes(203)) - Scheduled health check for volume org.apache.hadoop.ozone.container.common.volume.HddsVolume@648bfebe
2019-07-14 06:52:17,422 INFO  impl.RaftServerProxy (ConfUtils.java:logGet(43)) - raft.rpc.type = GRPC (default)
2019-07-14 06:52:17,423 INFO  grpc.GrpcFactory (GrpcFactory.java:checkPooledByteBufAllocatorUseCacheForAllThreads(45)) - PERFORMANCE WARNING: useCacheForAllThreads is true that may cause Netty to create a lot garbage objects and, as a result, trigger GC.
	It is recommended to disable useCacheForAllThreads by setting -Dorg.apache.ratis.thirdparty.io.netty.allocator.useCacheForAllThreads=false in command line.
2019-07-14 06:52:17,423 INFO  grpc.GrpcConfigKeys$Server (ConfUtils.java:logGet(43)) - raft.grpc.server.port = 0 (default)
2019-07-14 06:52:17,423 INFO  server.GrpcService (ConfUtils.java:logGet(43)) - raft.grpc.message.size.max = 33570816 (custom)
2019-07-14 06:52:17,423 INFO  server.RaftServerConfigKeys (ConfUtils.java:logGet(43)) - raft.server.log.appender.buffer.byte-limit = 33554432 (custom)
2019-07-14 06:52:17,424 INFO  server.GrpcService (ConfUtils.java:logGet(43)) - raft.grpc.flow.control.window = 1MB (=1048576) (default)
2019-07-14 06:52:17,424 INFO  server.RaftServerConfigKeys (ConfUtils.java:logGet(43)) - raft.server.rpc.request.timeout = 3000ms (default)
2019-07-14 06:52:17,424 INFO  server.RaftServerConfigKeys (ConfUtils.java:logGet(43)) - raft.server.storage.dir = [/tmp/workdir/hadoop-ozone/integration-test/target/test-dir/MiniOzoneClusterImpl-60549c81-59ca-4eab-8951-3bc22d076988/datanode-4/data/ratis] (custom)
2019-07-14 06:52:17,425 INFO  replication.SimpleContainerDownloader (SimpleContainerDownloader.java:<init>(72)) - Starting container downloader service to copy containers to replicate.
2019-07-14 06:52:17,426 INFO  hdfs.DFSUtil (DFSUtil.java:httpServerTemplateForNNAndJN(1641)) - Starting Web-server for hddsDatanode at: http://0.0.0.0:0
2019-07-14 06:52:17,427 INFO  server.AuthenticationFilter (AuthenticationFilter.java:constructSecretProvider(240)) - Unable to initialize FileSignerSecretProvider, falling back to use random secrets.
2019-07-14 06:52:17,428 WARN  http.HttpRequestLog (HttpRequestLog.java:getRequestLog(97)) - Jetty request log can only be enabled using Log4j
2019-07-14 06:52:17,429 INFO  http.HttpServer2 (HttpServer2.java:addGlobalFilter(975)) - Added global filter 'safety' (class=org.apache.hadoop.http.HttpServer2$QuotingInputFilter)
2019-07-14 06:52:17,429 INFO  http.HttpServer2 (HttpServer2.java:addFilter(948)) - Added filter static_user_filter (class=org.apache.hadoop.http.lib.StaticUserWebFilter$StaticUserFilter) to context hddsDatanode
2019-07-14 06:52:17,430 INFO  http.HttpServer2 (HttpServer2.java:addFilter(958)) - Added filter static_user_filter (class=org.apache.hadoop.http.lib.StaticUserWebFilter$StaticUserFilter) to context logs
2019-07-14 06:52:17,430 INFO  http.HttpServer2 (HttpServer2.java:addFilter(958)) - Added filter static_user_filter (class=org.apache.hadoop.http.lib.StaticUserWebFilter$StaticUserFilter) to context static
2019-07-14 06:52:17,430 INFO  http.HttpServer2 (HttpServer2.java:bindListener(1191)) - Jetty bound to port 40114
2019-07-14 06:52:17,431 INFO  server.Server (Server.java:doStart(351)) - jetty-9.3.24.v20180605, build timestamp: 2018-06-05T17:11:56Z, git hash: 84205aa28f11a4f31f2a3b86d1bba2cc8ab69827
2019-07-14 06:52:17,432 INFO  handler.ContextHandler (ContextHandler.java:doStart(781)) - Started o.e.j.s.ServletContextHandler@40612056{/logs,file:///tmp/workdir/hadoop-ozone/integration-test/target/log,AVAILABLE}
2019-07-14 06:52:17,433 INFO  handler.ContextHandler (ContextHandler.java:doStart(781)) - Started o.e.j.s.ServletContextHandler@518ed9b4{/static,jar:file:/home/user/.m2/repository/org/apache/hadoop/hadoop-hdds-container-service/0.5.0-SNAPSHOT/hadoop-hdds-container-service-0.5.0-SNAPSHOT.jar!/webapps/static,AVAILABLE}
2019-07-14 06:52:17,462 INFO  handler.ContextHandler (ContextHandler.java:doStart(781)) - Started o.e.j.w.WebAppContext@7a90f33d{/,file:///tmp/jetty-0.0.0.0-40114-hddsDatanode-_-any-4334458100558515756.dir/webapp/,AVAILABLE}{/hddsDatanode}
2019-07-14 06:52:17,462 INFO  server.AbstractConnector (AbstractConnector.java:doStart(278)) - Started ServerConnector@7c7b27c{HTTP/1.1,[http/1.1]}{0.0.0.0:40114}
2019-07-14 06:52:17,467 INFO  server.Server (Server.java:doStart(419)) - Started @208748ms
2019-07-14 06:52:17,468 INFO  server.BaseHttpServer (BaseHttpServer.java:updateConnectorAddress(207)) - HTTP server of HDDSDATANODE is listening at http://0.0.0.0:40114
2019-07-14 06:52:17,574 INFO  ozone.HddsDatanodeService (HddsDatanodeService.java:startPlugins(396)) - Started plug-in org.apache.hadoop.ozone.web.OzoneHddsDatanodeService@34947355
2019-07-14 06:52:17,574 INFO  impl.MetricsSystemImpl (MetricsSystemImpl.java:init(158)) - HddsDatanode metrics system started (again)
2019-07-14 06:52:17,574 INFO  ozone.HddsDatanodeService (HddsDatanodeService.java:start(185)) - HddsDatanodeService host:trunk-nightly-8c95p-1540871953 ip:192.168.5.144
2019-07-14 06:52:17,575 INFO  util.JvmPauseMonitor (JvmPauseMonitor.java:run(188)) - Starting JVM pause monitor
2019-07-14 06:52:17,577 INFO  datanode.InitDatanodeState (InitDatanodeState.java:persistContainerDatanodeDetails(140)) - DatanodeDetails is persisted to /tmp/workdir/hadoop-ozone/integration-test/target/test-dir/MiniOzoneClusterImpl-60549c81-59ca-4eab-8951-3bc22d076988/datanode-4/meta/datanode.id
2019-07-14 06:52:17,589 INFO  volume.HddsVolume (HddsVolume.java:<init>(176)) - Creating Volume: /tmp/workdir/hadoop-ozone/integration-test/target/test-dir/MiniOzoneClusterImpl-60549c81-59ca-4eab-8951-3bc22d076988/datanode-5/data/containers/hdds of  storage type : DISK and capacity : 52710309888
2019-07-14 06:52:17,589 INFO  volume.VolumeSet (VolumeSet.java:initializeVolumeSet(170)) - Added Volume : /tmp/workdir/hadoop-ozone/integration-test/target/test-dir/MiniOzoneClusterImpl-60549c81-59ca-4eab-8951-3bc22d076988/datanode-5/data/containers/hdds to VolumeSet
2019-07-14 06:52:17,589 INFO  volume.ThrottledAsyncChecker (ThrottledAsyncChecker.java:schedule(140)) - Scheduling a check for org.apache.hadoop.ozone.container.common.volume.HddsVolume@56728f48
2019-07-14 06:52:17,590 INFO  volume.HddsVolumeChecker (HddsVolumeChecker.java:checkAllVolumes(203)) - Scheduled health check for volume org.apache.hadoop.ozone.container.common.volume.HddsVolume@56728f48
2019-07-14 06:52:17,606 INFO  impl.RaftServerProxy (ConfUtils.java:logGet(43)) - raft.rpc.type = GRPC (default)
2019-07-14 06:52:17,607 INFO  grpc.GrpcFactory (GrpcFactory.java:checkPooledByteBufAllocatorUseCacheForAllThreads(45)) - PERFORMANCE WARNING: useCacheForAllThreads is true that may cause Netty to create a lot garbage objects and, as a result, trigger GC.
	It is recommended to disable useCacheForAllThreads by setting -Dorg.apache.ratis.thirdparty.io.netty.allocator.useCacheForAllThreads=false in command line.
2019-07-14 06:52:17,607 INFO  grpc.GrpcConfigKeys$Server (ConfUtils.java:logGet(43)) - raft.grpc.server.port = 0 (default)
2019-07-14 06:52:17,607 INFO  server.GrpcService (ConfUtils.java:logGet(43)) - raft.grpc.message.size.max = 33570816 (custom)
2019-07-14 06:52:17,607 INFO  server.RaftServerConfigKeys (ConfUtils.java:logGet(43)) - raft.server.log.appender.buffer.byte-limit = 33554432 (custom)
2019-07-14 06:52:17,607 INFO  server.GrpcService (ConfUtils.java:logGet(43)) - raft.grpc.flow.control.window = 1MB (=1048576) (default)
2019-07-14 06:52:17,607 INFO  server.RaftServerConfigKeys (ConfUtils.java:logGet(43)) - raft.server.rpc.request.timeout = 3000ms (default)
2019-07-14 06:52:17,608 INFO  server.RaftServerConfigKeys (ConfUtils.java:logGet(43)) - raft.server.storage.dir = [/tmp/workdir/hadoop-ozone/integration-test/target/test-dir/MiniOzoneClusterImpl-60549c81-59ca-4eab-8951-3bc22d076988/datanode-5/data/ratis] (custom)
2019-07-14 06:52:17,608 INFO  replication.SimpleContainerDownloader (SimpleContainerDownloader.java:<init>(72)) - Starting container downloader service to copy containers to replicate.
2019-07-14 06:52:17,609 INFO  hdfs.DFSUtil (DFSUtil.java:httpServerTemplateForNNAndJN(1641)) - Starting Web-server for hddsDatanode at: http://0.0.0.0:0
2019-07-14 06:52:17,610 INFO  server.AuthenticationFilter (AuthenticationFilter.java:constructSecretProvider(240)) - Unable to initialize FileSignerSecretProvider, falling back to use random secrets.
2019-07-14 06:52:17,611 WARN  http.HttpRequestLog (HttpRequestLog.java:getRequestLog(97)) - Jetty request log can only be enabled using Log4j
2019-07-14 06:52:17,612 INFO  http.HttpServer2 (HttpServer2.java:addGlobalFilter(975)) - Added global filter 'safety' (class=org.apache.hadoop.http.HttpServer2$QuotingInputFilter)
2019-07-14 06:52:17,612 INFO  http.HttpServer2 (HttpServer2.java:addFilter(948)) - Added filter static_user_filter (class=org.apache.hadoop.http.lib.StaticUserWebFilter$StaticUserFilter) to context hddsDatanode
2019-07-14 06:52:17,612 INFO  http.HttpServer2 (HttpServer2.java:addFilter(958)) - Added filter static_user_filter (class=org.apache.hadoop.http.lib.StaticUserWebFilter$StaticUserFilter) to context logs
2019-07-14 06:52:17,613 INFO  http.HttpServer2 (HttpServer2.java:addFilter(958)) - Added filter static_user_filter (class=org.apache.hadoop.http.lib.StaticUserWebFilter$StaticUserFilter) to context static
2019-07-14 06:52:17,613 INFO  http.HttpServer2 (HttpServer2.java:bindListener(1191)) - Jetty bound to port 46457
2019-07-14 06:52:17,613 INFO  server.Server (Server.java:doStart(351)) - jetty-9.3.24.v20180605, build timestamp: 2018-06-05T17:11:56Z, git hash: 84205aa28f11a4f31f2a3b86d1bba2cc8ab69827
2019-07-14 06:52:17,615 INFO  handler.ContextHandler (ContextHandler.java:doStart(781)) - Started o.e.j.s.ServletContextHandler@5d1907fb{/logs,file:///tmp/workdir/hadoop-ozone/integration-test/target/log,AVAILABLE}
2019-07-14 06:52:17,615 INFO  handler.ContextHandler (ContextHandler.java:doStart(781)) - Started o.e.j.s.ServletContextHandler@4ed90b04{/static,jar:file:/home/user/.m2/repository/org/apache/hadoop/hadoop-hdds-container-service/0.5.0-SNAPSHOT/hadoop-hdds-container-service-0.5.0-SNAPSHOT.jar!/webapps/static,AVAILABLE}
2019-07-14 06:52:17,641 INFO  handler.ContextHandler (ContextHandler.java:doStart(781)) - Started o.e.j.w.WebAppContext@13f255ed{/,file:///tmp/jetty-0.0.0.0-46457-hddsDatanode-_-any-7008477073378377310.dir/webapp/,AVAILABLE}{/hddsDatanode}
2019-07-14 06:52:17,642 INFO  server.AbstractConnector (AbstractConnector.java:doStart(278)) - Started ServerConnector@36a7586f{HTTP/1.1,[http/1.1]}{0.0.0.0:46457}
2019-07-14 06:52:17,642 INFO  server.Server (Server.java:doStart(419)) - Started @208928ms
2019-07-14 06:52:17,648 INFO  server.BaseHttpServer (BaseHttpServer.java:updateConnectorAddress(207)) - HTTP server of HDDSDATANODE is listening at http://0.0.0.0:46457
2019-07-14 06:52:17,753 INFO  ozone.HddsDatanodeService (HddsDatanodeService.java:startPlugins(396)) - Started plug-in org.apache.hadoop.ozone.web.OzoneHddsDatanodeService@7d018c58
2019-07-14 06:52:17,754 INFO  ozone.MiniOzoneClusterImpl (MiniOzoneClusterImpl.java:lambda$waitForClusterToBeReady$0(142)) - Waiting for cluster to be ready. Got 0 of 6 DN Heartbeats.
2019-07-14 06:52:17,755 INFO  util.JvmPauseMonitor (JvmPauseMonitor.java:run(188)) - Starting JVM pause monitor
2019-07-14 06:52:17,757 INFO  datanode.InitDatanodeState (InitDatanodeState.java:persistContainerDatanodeDetails(140)) - DatanodeDetails is persisted to /tmp/workdir/hadoop-ozone/integration-test/target/test-dir/MiniOzoneClusterImpl-60549c81-59ca-4eab-8951-3bc22d076988/datanode-5/meta/datanode.id
2019-07-14 06:52:18,750 INFO  ozoneimpl.OzoneContainer (OzoneContainer.java:start(186)) - Attempting to start container services.
2019-07-14 06:52:18,750 INFO  ozoneimpl.OzoneContainer (OzoneContainer.java:startContainerScrub(160)) - Background container scrubber has been disabled by hdds.containerscrub.enabled
2019-07-14 06:52:18,750 INFO  ratis.XceiverServerRatis (XceiverServerRatis.java:start(418)) - Starting XceiverServerRatis 16cd33d1-021f-4fa8-b7c7-5dab90ae5617 at port 0
2019-07-14 06:52:18,754 INFO  ozone.MiniOzoneClusterImpl (MiniOzoneClusterImpl.java:lambda$waitForClusterToBeReady$0(142)) - Waiting for cluster to be ready. Got 0 of 6 DN Heartbeats.
2019-07-14 06:52:18,757 INFO  impl.RaftServerProxy (RaftServerProxy.java:lambda$start$3(299)) - 16cd33d1-021f-4fa8-b7c7-5dab90ae5617: start RPC server
2019-07-14 06:52:18,758 INFO  server.GrpcService (GrpcService.java:startImpl(149)) - 16cd33d1-021f-4fa8-b7c7-5dab90ae5617: GrpcService started, listening on 0.0.0.0/0.0.0.0:41982
2019-07-14 06:52:18,758 INFO  ratis.XceiverServerRatis (XceiverServerRatis.java:start(428)) - XceiverServerRatis 16cd33d1-021f-4fa8-b7c7-5dab90ae5617 is started using port 41982
2019-07-14 06:52:18,763 INFO  server.XceiverServerGrpc (XceiverServerGrpc.java:start(161)) - XceiverServerGrpc 16cd33d1-021f-4fa8-b7c7-5dab90ae5617 is started using port 44022
2019-07-14 06:52:18,954 INFO  ozoneimpl.OzoneContainer (OzoneContainer.java:start(186)) - Attempting to start container services.
2019-07-14 06:52:18,954 INFO  ozoneimpl.OzoneContainer (OzoneContainer.java:startContainerScrub(160)) - Background container scrubber has been disabled by hdds.containerscrub.enabled
2019-07-14 06:52:18,954 INFO  ratis.XceiverServerRatis (XceiverServerRatis.java:start(418)) - Starting XceiverServerRatis 4f9df1b2-0407-4bbd-a402-8d03a959aa46 at port 0
2019-07-14 06:52:18,963 INFO  impl.RaftServerProxy (RaftServerProxy.java:lambda$start$3(299)) - 4f9df1b2-0407-4bbd-a402-8d03a959aa46: start RPC server
2019-07-14 06:52:18,971 INFO  server.GrpcService (GrpcService.java:startImpl(149)) - 4f9df1b2-0407-4bbd-a402-8d03a959aa46: GrpcService started, listening on 0.0.0.0/0.0.0.0:44202
2019-07-14 06:52:18,971 INFO  ratis.XceiverServerRatis (XceiverServerRatis.java:start(428)) - XceiverServerRatis 4f9df1b2-0407-4bbd-a402-8d03a959aa46 is started using port 44202
2019-07-14 06:52:18,972 INFO  server.XceiverServerGrpc (XceiverServerGrpc.java:start(161)) - XceiverServerGrpc 4f9df1b2-0407-4bbd-a402-8d03a959aa46 is started using port 34839
2019-07-14 06:52:19,182 INFO  ozoneimpl.OzoneContainer (OzoneContainer.java:start(186)) - Attempting to start container services.
2019-07-14 06:52:19,182 INFO  ozoneimpl.OzoneContainer (OzoneContainer.java:startContainerScrub(160)) - Background container scrubber has been disabled by hdds.containerscrub.enabled
2019-07-14 06:52:19,182 INFO  ratis.XceiverServerRatis (XceiverServerRatis.java:start(418)) - Starting XceiverServerRatis feb42f30-01a8-4b34-87ff-e0218b26b2eb at port 0
2019-07-14 06:52:19,189 INFO  impl.RaftServerProxy (RaftServerProxy.java:lambda$start$3(299)) - feb42f30-01a8-4b34-87ff-e0218b26b2eb: start RPC server
2019-07-14 06:52:19,210 INFO  server.GrpcService (GrpcService.java:startImpl(149)) - feb42f30-01a8-4b34-87ff-e0218b26b2eb: GrpcService started, listening on 0.0.0.0/0.0.0.0:37379
2019-07-14 06:52:19,211 INFO  ratis.XceiverServerRatis (XceiverServerRatis.java:start(428)) - XceiverServerRatis feb42f30-01a8-4b34-87ff-e0218b26b2eb is started using port 37379
2019-07-14 06:52:19,212 INFO  server.XceiverServerGrpc (XceiverServerGrpc.java:start(161)) - XceiverServerGrpc feb42f30-01a8-4b34-87ff-e0218b26b2eb is started using port 34508
2019-07-14 06:52:19,388 INFO  ozoneimpl.OzoneContainer (OzoneContainer.java:start(186)) - Attempting to start container services.
2019-07-14 06:52:19,388 INFO  ozoneimpl.OzoneContainer (OzoneContainer.java:startContainerScrub(160)) - Background container scrubber has been disabled by hdds.containerscrub.enabled
2019-07-14 06:52:19,388 INFO  ratis.XceiverServerRatis (XceiverServerRatis.java:start(418)) - Starting XceiverServerRatis da343c1c-8367-46f5-a9ef-bb79fda7b344 at port 0
2019-07-14 06:52:19,394 INFO  impl.RaftServerProxy (RaftServerProxy.java:lambda$start$3(299)) - da343c1c-8367-46f5-a9ef-bb79fda7b344: start RPC server
2019-07-14 06:52:19,401 INFO  server.GrpcService (GrpcService.java:startImpl(149)) - da343c1c-8367-46f5-a9ef-bb79fda7b344: GrpcService started, listening on 0.0.0.0/0.0.0.0:32905
2019-07-14 06:52:19,401 INFO  ratis.XceiverServerRatis (XceiverServerRatis.java:start(428)) - XceiverServerRatis da343c1c-8367-46f5-a9ef-bb79fda7b344 is started using port 32905
2019-07-14 06:52:19,404 INFO  server.XceiverServerGrpc (XceiverServerGrpc.java:start(161)) - XceiverServerGrpc da343c1c-8367-46f5-a9ef-bb79fda7b344 is started using port 45790
2019-07-14 06:52:19,587 INFO  ozoneimpl.OzoneContainer (OzoneContainer.java:start(186)) - Attempting to start container services.
2019-07-14 06:52:19,587 INFO  ozoneimpl.OzoneContainer (OzoneContainer.java:startContainerScrub(160)) - Background container scrubber has been disabled by hdds.containerscrub.enabled
2019-07-14 06:52:19,588 INFO  ratis.XceiverServerRatis (XceiverServerRatis.java:start(418)) - Starting XceiverServerRatis a4c24659-6a6f-404d-a8b7-ecfa7e5f7d9a at port 0
2019-07-14 06:52:19,594 INFO  impl.RaftServerProxy (RaftServerProxy.java:lambda$start$3(299)) - a4c24659-6a6f-404d-a8b7-ecfa7e5f7d9a: start RPC server
2019-07-14 06:52:19,595 INFO  server.GrpcService (GrpcService.java:startImpl(149)) - a4c24659-6a6f-404d-a8b7-ecfa7e5f7d9a: GrpcService started, listening on 0.0.0.0/0.0.0.0:37316
2019-07-14 06:52:19,595 INFO  ratis.XceiverServerRatis (XceiverServerRatis.java:start(428)) - XceiverServerRatis a4c24659-6a6f-404d-a8b7-ecfa7e5f7d9a is started using port 37316
2019-07-14 06:52:19,595 INFO  server.XceiverServerGrpc (XceiverServerGrpc.java:start(161)) - XceiverServerGrpc a4c24659-6a6f-404d-a8b7-ecfa7e5f7d9a is started using port 45799
2019-07-14 06:52:19,755 INFO  ozone.MiniOzoneClusterImpl (MiniOzoneClusterImpl.java:lambda$waitForClusterToBeReady$0(142)) - Waiting for cluster to be ready. Got 0 of 6 DN Heartbeats.
2019-07-14 06:52:19,760 INFO  ozoneimpl.OzoneContainer (OzoneContainer.java:start(186)) - Attempting to start container services.
2019-07-14 06:52:19,760 INFO  ozoneimpl.OzoneContainer (OzoneContainer.java:startContainerScrub(160)) - Background container scrubber has been disabled by hdds.containerscrub.enabled
2019-07-14 06:52:19,761 INFO  ratis.XceiverServerRatis (XceiverServerRatis.java:start(418)) - Starting XceiverServerRatis ff1ab4d3-cbe6-48f1-9b56-d6e99bbeb9d5 at port 0
2019-07-14 06:52:19,766 INFO  impl.RaftServerProxy (RaftServerProxy.java:lambda$start$3(299)) - ff1ab4d3-cbe6-48f1-9b56-d6e99bbeb9d5: start RPC server
2019-07-14 06:52:19,767 INFO  server.GrpcService (GrpcService.java:startImpl(149)) - ff1ab4d3-cbe6-48f1-9b56-d6e99bbeb9d5: GrpcService started, listening on 0.0.0.0/0.0.0.0:39240
2019-07-14 06:52:19,767 INFO  ratis.XceiverServerRatis (XceiverServerRatis.java:start(428)) - XceiverServerRatis ff1ab4d3-cbe6-48f1-9b56-d6e99bbeb9d5 is started using port 39240
2019-07-14 06:52:19,767 INFO  server.XceiverServerGrpc (XceiverServerGrpc.java:start(161)) - XceiverServerGrpc ff1ab4d3-cbe6-48f1-9b56-d6e99bbeb9d5 is started using port 42216
2019-07-14 06:52:20,502 INFO  impl.FollowerState (FollowerState.java:run(106)) - 9bda9dad-fadd-43bb-a848-649d686737da:group-767F60FE3A80 changes to CANDIDATE, lastRpcTime:5165, electionTimeout:5163ms
2019-07-14 06:52:20,502 INFO  impl.RoleInfo (RoleInfo.java:shutdownFollowerState(121)) - 9bda9dad-fadd-43bb-a848-649d686737da: shutdown FollowerState
2019-07-14 06:52:20,502 INFO  impl.RaftServerImpl (RaftServerImpl.java:setRole(171)) - 9bda9dad-fadd-43bb-a848-649d686737da:group-767F60FE3A80 changes role from FOLLOWER to CANDIDATE at term 2 for changeToCandidate
2019-07-14 06:52:20,502 INFO  impl.RoleInfo (RoleInfo.java:updateAndGet(143)) - 9bda9dad-fadd-43bb-a848-649d686737da: start LeaderElection
2019-07-14 06:52:20,519 INFO  impl.LeaderElection (LeaderElection.java:askForVotes(181)) - 9bda9dad-fadd-43bb-a848-649d686737da:group-767F60FE3A80:LeaderElection41: begin an election at term 3 for 0: [ec8ecf58-59d7-498d-96c5-eba8c5551cd0:192.168.5.144:32783, d2125c14-bf5b-4a89-9656-01806452c152:192.168.5.144:36331, 9bda9dad-fadd-43bb-a848-649d686737da:192.168.5.144:44514], old=null
2019-07-14 06:52:20,520 INFO  impl.LeaderElection (LogUtils.java:infoOrTrace(149)) - 9bda9dad-fadd-43bb-a848-649d686737da:group-767F60FE3A80:LeaderElection41 got exception when requesting votes: {}
java.util.concurrent.ExecutionException: org.apache.ratis.thirdparty.io.grpc.StatusRuntimeException: UNAVAILABLE: io exception
	at java.util.concurrent.FutureTask.report(FutureTask.java:122)
	at java.util.concurrent.FutureTask.get(FutureTask.java:192)
	at org.apache.ratis.server.impl.LeaderElection.waitForResults(LeaderElection.java:262)
	at org.apache.ratis.server.impl.LeaderElection.askForVotes(LeaderElection.java:200)
	at org.apache.ratis.server.impl.LeaderElection.run(LeaderElection.java:130)
	at java.lang.Thread.run(Thread.java:748)
Caused by: org.apache.ratis.thirdparty.io.grpc.StatusRuntimeException: UNAVAILABLE: io exception
	at org.apache.ratis.thirdparty.io.grpc.stub.ClientCalls.toStatusRuntimeException(ClientCalls.java:233)
	at org.apache.ratis.thirdparty.io.grpc.stub.ClientCalls.getUnchecked(ClientCalls.java:214)
	at org.apache.ratis.thirdparty.io.grpc.stub.ClientCalls.blockingUnaryCall(ClientCalls.java:139)
	at org.apache.ratis.proto.grpc.RaftServerProtocolServiceGrpc$RaftServerProtocolServiceBlockingStub.requestVote(RaftServerProtocolServiceGrpc.java:265)
	at org.apache.ratis.grpc.server.GrpcServerProtocolClient.requestVote(GrpcServerProtocolClient.java:83)
	at org.apache.ratis.grpc.server.GrpcService.requestVote(GrpcService.java:195)
	at org.apache.ratis.server.impl.LeaderElection.lambda$submitRequests$1(LeaderElection.java:237)
	at java.util.concurrent.FutureTask.run(FutureTask.java:266)
	at java.util.concurrent.Executors$RunnableAdapter.call(Executors.java:511)
	at java.util.concurrent.FutureTask.run(FutureTask.java:266)
	at java.util.concurrent.ThreadPoolExecutor.runWorker(ThreadPoolExecutor.java:1149)
	at java.util.concurrent.ThreadPoolExecutor$Worker.run(ThreadPoolExecutor.java:624)
	... 1 more
Caused by: org.apache.ratis.thirdparty.io.netty.channel.AbstractChannel$AnnotatedConnectException: Connection refused: /192.168.5.144:32783
	at sun.nio.ch.SocketChannelImpl.checkConnect(Native Method)
	at sun.nio.ch.SocketChannelImpl.finishConnect(SocketChannelImpl.java:717)
	at org.apache.ratis.thirdparty.io.netty.channel.socket.nio.NioSocketChannel.doFinishConnect(NioSocketChannel.java:327)
	at org.apache.ratis.thirdparty.io.netty.channel.nio.AbstractNioChannel$AbstractNioUnsafe.finishConnect(AbstractNioChannel.java:340)
	at org.apache.ratis.thirdparty.io.netty.channel.nio.NioEventLoop.processSelectedKey(NioEventLoop.java:632)
	at org.apache.ratis.thirdparty.io.netty.channel.nio.NioEventLoop.processSelectedKeysOptimized(NioEventLoop.java:579)
	at org.apache.ratis.thirdparty.io.netty.channel.nio.NioEventLoop.processSelectedKeys(NioEventLoop.java:496)
	at org.apache.ratis.thirdparty.io.netty.channel.nio.NioEventLoop.run(NioEventLoop.java:458)
	at org.apache.ratis.thirdparty.io.netty.util.concurrent.SingleThreadEventExecutor$5.run(SingleThreadEventExecutor.java:897)
	at org.apache.ratis.thirdparty.io.netty.util.concurrent.FastThreadLocalRunnable.run(FastThreadLocalRunnable.java:30)
	... 1 more
Caused by: java.net.ConnectException: Connection refused
	... 11 more
2019-07-14 06:52:20,526 INFO  impl.LeaderElection (LogUtils.java:infoOrTrace(149)) - 9bda9dad-fadd-43bb-a848-649d686737da:group-767F60FE3A80:LeaderElection41 got exception when requesting votes: {}
java.util.concurrent.ExecutionException: org.apache.ratis.thirdparty.io.grpc.StatusRuntimeException: UNAVAILABLE: io exception
	at java.util.concurrent.FutureTask.report(FutureTask.java:122)
	at java.util.concurrent.FutureTask.get(FutureTask.java:192)
	at org.apache.ratis.server.impl.LeaderElection.waitForResults(LeaderElection.java:262)
	at org.apache.ratis.server.impl.LeaderElection.askForVotes(LeaderElection.java:200)
	at org.apache.ratis.server.impl.LeaderElection.run(LeaderElection.java:130)
	at java.lang.Thread.run(Thread.java:748)
Caused by: org.apache.ratis.thirdparty.io.grpc.StatusRuntimeException: UNAVAILABLE: io exception
	at org.apache.ratis.thirdparty.io.grpc.stub.ClientCalls.toStatusRuntimeException(ClientCalls.java:233)
	at org.apache.ratis.thirdparty.io.grpc.stub.ClientCalls.getUnchecked(ClientCalls.java:214)
	at org.apache.ratis.thirdparty.io.grpc.stub.ClientCalls.blockingUnaryCall(ClientCalls.java:139)
	at org.apache.ratis.proto.grpc.RaftServerProtocolServiceGrpc$RaftServerProtocolServiceBlockingStub.requestVote(RaftServerProtocolServiceGrpc.java:265)
	at org.apache.ratis.grpc.server.GrpcServerProtocolClient.requestVote(GrpcServerProtocolClient.java:83)
	at org.apache.ratis.grpc.server.GrpcService.requestVote(GrpcService.java:195)
	at org.apache.ratis.server.impl.LeaderElection.lambda$submitRequests$1(LeaderElection.java:237)
	at java.util.concurrent.FutureTask.run(FutureTask.java:266)
	at java.util.concurrent.Executors$RunnableAdapter.call(Executors.java:511)
	at java.util.concurrent.FutureTask.run(FutureTask.java:266)
	at java.util.concurrent.ThreadPoolExecutor.runWorker(ThreadPoolExecutor.java:1149)
	at java.util.concurrent.ThreadPoolExecutor$Worker.run(ThreadPoolExecutor.java:624)
	... 1 more
Caused by: org.apache.ratis.thirdparty.io.netty.channel.AbstractChannel$AnnotatedConnectException: Connection refused: /192.168.5.144:36331
	at sun.nio.ch.SocketChannelImpl.checkConnect(Native Method)
	at sun.nio.ch.SocketChannelImpl.finishConnect(SocketChannelImpl.java:717)
	at org.apache.ratis.thirdparty.io.netty.channel.socket.nio.NioSocketChannel.doFinishConnect(NioSocketChannel.java:327)
	at org.apache.ratis.thirdparty.io.netty.channel.nio.AbstractNioChannel$AbstractNioUnsafe.finishConnect(AbstractNioChannel.java:340)
	at org.apache.ratis.thirdparty.io.netty.channel.nio.NioEventLoop.processSelectedKey(NioEventLoop.java:632)
	at org.apache.ratis.thirdparty.io.netty.channel.nio.NioEventLoop.processSelectedKeysOptimized(NioEventLoop.java:579)
	at org.apache.ratis.thirdparty.io.netty.channel.nio.NioEventLoop.processSelectedKeys(NioEventLoop.java:496)
	at org.apache.ratis.thirdparty.io.netty.channel.nio.NioEventLoop.run(NioEventLoop.java:458)
	at org.apache.ratis.thirdparty.io.netty.util.concurrent.SingleThreadEventExecutor$5.run(SingleThreadEventExecutor.java:897)
	at org.apache.ratis.thirdparty.io.netty.util.concurrent.FastThreadLocalRunnable.run(FastThreadLocalRunnable.java:30)
	... 1 more
Caused by: java.net.ConnectException: Connection refused
	... 11 more
2019-07-14 06:52:20,532 INFO  impl.LeaderElection (LeaderElection.java:logAndReturn(56)) - 9bda9dad-fadd-43bb-a848-649d686737da:group-767F60FE3A80:LeaderElection41: Election REJECTED; received 0 response(s) [] and 2 exception(s); 9bda9dad-fadd-43bb-a848-649d686737da:t3, leader=null, voted=9bda9dad-fadd-43bb-a848-649d686737da, raftlog=9bda9dad-fadd-43bb-a848-649d686737da-SegmentedRaftLog:OPENED:c36,f36,i36, conf=0: [ec8ecf58-59d7-498d-96c5-eba8c5551cd0:192.168.5.144:32783, d2125c14-bf5b-4a89-9656-01806452c152:192.168.5.144:36331, 9bda9dad-fadd-43bb-a848-649d686737da:192.168.5.144:44514], old=null
2019-07-14 06:52:20,532 INFO  impl.LeaderElection (LogUtils.java:infoOrTrace(149)) -   Exception 0: {}
java.util.concurrent.ExecutionException: org.apache.ratis.thirdparty.io.grpc.StatusRuntimeException: UNAVAILABLE: io exception
	at java.util.concurrent.FutureTask.report(FutureTask.java:122)
	at java.util.concurrent.FutureTask.get(FutureTask.java:192)
	at org.apache.ratis.server.impl.LeaderElection.waitForResults(LeaderElection.java:262)
	at org.apache.ratis.server.impl.LeaderElection.askForVotes(LeaderElection.java:200)
	at org.apache.ratis.server.impl.LeaderElection.run(LeaderElection.java:130)
	at java.lang.Thread.run(Thread.java:748)
Caused by: org.apache.ratis.thirdparty.io.grpc.StatusRuntimeException: UNAVAILABLE: io exception
	at org.apache.ratis.thirdparty.io.grpc.stub.ClientCalls.toStatusRuntimeException(ClientCalls.java:233)
	at org.apache.ratis.thirdparty.io.grpc.stub.ClientCalls.getUnchecked(ClientCalls.java:214)
	at org.apache.ratis.thirdparty.io.grpc.stub.ClientCalls.blockingUnaryCall(ClientCalls.java:139)
	at org.apache.ratis.proto.grpc.RaftServerProtocolServiceGrpc$RaftServerProtocolServiceBlockingStub.requestVote(RaftServerProtocolServiceGrpc.java:265)
	at org.apache.ratis.grpc.server.GrpcServerProtocolClient.requestVote(GrpcServerProtocolClient.java:83)
	at org.apache.ratis.grpc.server.GrpcService.requestVote(GrpcService.java:195)
	at org.apache.ratis.server.impl.LeaderElection.lambda$submitRequests$1(LeaderElection.java:237)
	at java.util.concurrent.FutureTask.run(FutureTask.java:266)
	at java.util.concurrent.Executors$RunnableAdapter.call(Executors.java:511)
	at java.util.concurrent.FutureTask.run(FutureTask.java:266)
	at java.util.concurrent.ThreadPoolExecutor.runWorker(ThreadPoolExecutor.java:1149)
	at java.util.concurrent.ThreadPoolExecutor$Worker.run(ThreadPoolExecutor.java:624)
	... 1 more
Caused by: org.apache.ratis.thirdparty.io.netty.channel.AbstractChannel$AnnotatedConnectException: Connection refused: /192.168.5.144:32783
	at sun.nio.ch.SocketChannelImpl.checkConnect(Native Method)
	at sun.nio.ch.SocketChannelImpl.finishConnect(SocketChannelImpl.java:717)
	at org.apache.ratis.thirdparty.io.netty.channel.socket.nio.NioSocketChannel.doFinishConnect(NioSocketChannel.java:327)
	at org.apache.ratis.thirdparty.io.netty.channel.nio.AbstractNioChannel$AbstractNioUnsafe.finishConnect(AbstractNioChannel.java:340)
	at org.apache.ratis.thirdparty.io.netty.channel.nio.NioEventLoop.processSelectedKey(NioEventLoop.java:632)
	at org.apache.ratis.thirdparty.io.netty.channel.nio.NioEventLoop.processSelectedKeysOptimized(NioEventLoop.java:579)
	at org.apache.ratis.thirdparty.io.netty.channel.nio.NioEventLoop.processSelectedKeys(NioEventLoop.java:496)
	at org.apache.ratis.thirdparty.io.netty.channel.nio.NioEventLoop.run(NioEventLoop.java:458)
	at org.apache.ratis.thirdparty.io.netty.util.concurrent.SingleThreadEventExecutor$5.run(SingleThreadEventExecutor.java:897)
	at org.apache.ratis.thirdparty.io.netty.util.concurrent.FastThreadLocalRunnable.run(FastThreadLocalRunnable.java:30)
	... 1 more
Caused by: java.net.ConnectException: Connection refused
	... 11 more
2019-07-14 06:52:20,532 INFO  impl.LeaderElection (LogUtils.java:infoOrTrace(149)) -   Exception 1: {}
java.util.concurrent.ExecutionException: org.apache.ratis.thirdparty.io.grpc.StatusRuntimeException: UNAVAILABLE: io exception
	at java.util.concurrent.FutureTask.report(FutureTask.java:122)
	at java.util.concurrent.FutureTask.get(FutureTask.java:192)
	at org.apache.ratis.server.impl.LeaderElection.waitForResults(LeaderElection.java:262)
	at org.apache.ratis.server.impl.LeaderElection.askForVotes(LeaderElection.java:200)
	at org.apache.ratis.server.impl.LeaderElection.run(LeaderElection.java:130)
	at java.lang.Thread.run(Thread.java:748)
Caused by: org.apache.ratis.thirdparty.io.grpc.StatusRuntimeException: UNAVAILABLE: io exception
	at org.apache.ratis.thirdparty.io.grpc.stub.ClientCalls.toStatusRuntimeException(ClientCalls.java:233)
	at org.apache.ratis.thirdparty.io.grpc.stub.ClientCalls.getUnchecked(ClientCalls.java:214)
	at org.apache.ratis.thirdparty.io.grpc.stub.ClientCalls.blockingUnaryCall(ClientCalls.java:139)
	at org.apache.ratis.proto.grpc.RaftServerProtocolServiceGrpc$RaftServerProtocolServiceBlockingStub.requestVote(RaftServerProtocolServiceGrpc.java:265)
	at org.apache.ratis.grpc.server.GrpcServerProtocolClient.requestVote(GrpcServerProtocolClient.java:83)
	at org.apache.ratis.grpc.server.GrpcService.requestVote(GrpcService.java:195)
	at org.apache.ratis.server.impl.LeaderElection.lambda$submitRequests$1(LeaderElection.java:237)
	at java.util.concurrent.FutureTask.run(FutureTask.java:266)
	at java.util.concurrent.Executors$RunnableAdapter.call(Executors.java:511)
	at java.util.concurrent.FutureTask.run(FutureTask.java:266)
	at java.util.concurrent.ThreadPoolExecutor.runWorker(ThreadPoolExecutor.java:1149)
	at java.util.concurrent.ThreadPoolExecutor$Worker.run(ThreadPoolExecutor.java:624)
	... 1 more
Caused by: org.apache.ratis.thirdparty.io.netty.channel.AbstractChannel$AnnotatedConnectException: Connection refused: /192.168.5.144:36331
	at sun.nio.ch.SocketChannelImpl.checkConnect(Native Method)
	at sun.nio.ch.SocketChannelImpl.finishConnect(SocketChannelImpl.java:717)
	at org.apache.ratis.thirdparty.io.netty.channel.socket.nio.NioSocketChannel.doFinishConnect(NioSocketChannel.java:327)
	at org.apache.ratis.thirdparty.io.netty.channel.nio.AbstractNioChannel$AbstractNioUnsafe.finishConnect(AbstractNioChannel.java:340)
	at org.apache.ratis.thirdparty.io.netty.channel.nio.NioEventLoop.processSelectedKey(NioEventLoop.java:632)
	at org.apache.ratis.thirdparty.io.netty.channel.nio.NioEventLoop.processSelectedKeysOptimized(NioEventLoop.java:579)
	at org.apache.ratis.thirdparty.io.netty.channel.nio.NioEventLoop.processSelectedKeys(NioEventLoop.java:496)
	at org.apache.ratis.thirdparty.io.netty.channel.nio.NioEventLoop.run(NioEventLoop.java:458)
	at org.apache.ratis.thirdparty.io.netty.util.concurrent.SingleThreadEventExecutor$5.run(SingleThreadEventExecutor.java:897)
	at org.apache.ratis.thirdparty.io.netty.util.concurrent.FastThreadLocalRunnable.run(FastThreadLocalRunnable.java:30)
	... 1 more
Caused by: java.net.ConnectException: Connection refused
	... 11 more
2019-07-14 06:52:20,533 INFO  impl.RaftServerImpl (RaftServerImpl.java:setRole(171)) - 9bda9dad-fadd-43bb-a848-649d686737da:group-767F60FE3A80 changes role from CANDIDATE to FOLLOWER at term 3 for DISCOVERED_A_NEW_TERM
2019-07-14 06:52:20,542 INFO  impl.RoleInfo (RoleInfo.java:shutdownLeaderElection(134)) - 9bda9dad-fadd-43bb-a848-649d686737da: shutdown LeaderElection
2019-07-14 06:52:20,542 INFO  impl.RoleInfo (RoleInfo.java:updateAndGet(143)) - 9bda9dad-fadd-43bb-a848-649d686737da: start FollowerState
2019-07-14 06:52:20,729 INFO  net.NetworkTopology (NetworkTopologyImpl.java:add(110)) - Added a new node: /default-rack/192.168.5.144
2019-07-14 06:52:20,734 INFO  node.SCMNodeManager (SCMNodeManager.java:register(269)) - Registered Data node : 16cd33d1-021f-4fa8-b7c7-5dab90ae5617{ip: 192.168.5.144, host: trunk-nightly-8c95p-1540871953, networkLocation: /default-rack, certSerialId: null}
2019-07-14 06:52:20,735 INFO  safemode.SCMSafeModeManager (DataNodeSafeModeRule.java:process(71)) - SCM in safe mode. 1 DataNodes registered, 1 required.
2019-07-14 06:52:20,739 INFO  safemode.SCMSafeModeManager (SCMSafeModeManager.java:validateSafeModeExitRules(177)) - ScmSafeModeManager, all rules are successfully validated
2019-07-14 06:52:20,739 INFO  safemode.SCMSafeModeManager (SCMSafeModeManager.java:exitSafeMode(193)) - SCM exiting safe mode.
2019-07-14 06:52:20,758 INFO  impl.RaftServerProxy (RaftServerProxy.java:addNew(89)) - 16cd33d1-021f-4fa8-b7c7-5dab90ae5617: addNew group-83CF6E5A53CC:[16cd33d1-021f-4fa8-b7c7-5dab90ae5617:192.168.5.144:41982] returns group-83CF6E5A53CC:java.util.concurrent.CompletableFuture@1e3dc715[Not completed]
2019-07-14 06:52:20,758 INFO  ozone.MiniOzoneClusterImpl (MiniOzoneClusterImpl.java:lambda$waitForClusterToBeReady$0(142)) - Waiting for cluster to be ready. Got 1 of 6 DN Heartbeats.
2019-07-14 06:52:20,759 INFO  impl.RaftServerImpl (RaftServerImpl.java:<init>(93)) - 16cd33d1-021f-4fa8-b7c7-5dab90ae5617: new RaftServerImpl for group-83CF6E5A53CC:[16cd33d1-021f-4fa8-b7c7-5dab90ae5617:192.168.5.144:41982] with ContainerStateMachine:uninitialized
2019-07-14 06:52:20,759 INFO  server.RaftServerConfigKeys (ConfUtils.java:logGet(43)) - raft.server.rpc.timeout.min = 5s (custom)
2019-07-14 06:52:20,759 INFO  server.RaftServerConfigKeys (ConfUtils.java:logGet(43)) - raft.server.rpc.timeout.max = 5200ms (custom)
2019-07-14 06:52:20,759 INFO  server.RaftServerConfigKeys (ConfUtils.java:logGet(43)) - raft.server.rpcslowness.timeout = 120s (custom)
2019-07-14 06:52:20,759 INFO  server.RaftServerConfigKeys (ConfUtils.java:logGet(43)) - raft.server.sleep.deviation.threshold = 300 (default)
2019-07-14 06:52:20,760 INFO  server.RaftServerConfigKeys (ConfUtils.java:logGet(43)) - raft.server.log.appender.install.snapshot.enabled = false (custom)
2019-07-14 06:52:20,760 INFO  impl.RaftServerImpl (ServerState.java:<init>(105)) - 16cd33d1-021f-4fa8-b7c7-5dab90ae5617:group-83CF6E5A53CC ConfigurationManager, init=-1: [16cd33d1-021f-4fa8-b7c7-5dab90ae5617:192.168.5.144:41982], old=null, confs=<EMPTY_MAP>
2019-07-14 06:52:20,760 INFO  server.RaftServerConfigKeys (ConfUtils.java:logGet(43)) - raft.server.storage.dir = [/tmp/workdir/hadoop-ozone/integration-test/target/test-dir/MiniOzoneClusterImpl-60549c81-59ca-4eab-8951-3bc22d076988/datanode-0/data/ratis] (custom)
2019-07-14 06:52:20,761 INFO  storage.RaftStorageDirectory (RaftStorageDirectory.java:analyzeStorage(246)) - The storage directory /tmp/workdir/hadoop-ozone/integration-test/target/test-dir/MiniOzoneClusterImpl-60549c81-59ca-4eab-8951-3bc22d076988/datanode-0/data/ratis/30d9df5b-2d27-458c-8051-83cf6e5a53cc does not exist. Creating ...
2019-07-14 06:52:20,766 INFO  storage.RaftStorageDirectory (RaftStorageDirectory.java:tryLock(328)) - Lock on /tmp/workdir/hadoop-ozone/integration-test/target/test-dir/MiniOzoneClusterImpl-60549c81-59ca-4eab-8951-3bc22d076988/datanode-0/data/ratis/30d9df5b-2d27-458c-8051-83cf6e5a53cc/in_use.lock acquired by nodename 3046@trunk-nightly-8c95p-1540871953
2019-07-14 06:52:20,769 INFO  storage.RaftStorage (RaftStorage.java:format(72)) - Storage directory /tmp/workdir/hadoop-ozone/integration-test/target/test-dir/MiniOzoneClusterImpl-60549c81-59ca-4eab-8951-3bc22d076988/datanode-0/data/ratis/30d9df5b-2d27-458c-8051-83cf6e5a53cc has been successfully formatted.
2019-07-14 06:52:20,770 INFO  ratis.ContainerStateMachine (ContainerStateMachine.java:loadSnapshot(200)) - group-83CF6E5A53CC: The snapshot info is null. Setting the last applied indexto:(t:0, i:~)
2019-07-14 06:52:20,770 INFO  server.RaftServerConfigKeys (ConfUtils.java:logGet(43)) - raft.server.leader.election.timeout = 120s (custom)
2019-07-14 06:52:20,770 INFO  server.RaftServerConfigKeys (ConfUtils.java:logGet(43)) - raft.server.log.use.memory = false (default)
2019-07-14 06:52:20,770 INFO  server.RaftServerConfigKeys (ConfUtils.java:logGet(43)) - raft.server.log.purge.gap = 1000000000 (custom)
2019-07-14 06:52:20,770 INFO  server.RaftServerConfigKeys (ConfUtils.java:logGet(43)) - raft.server.log.appender.buffer.byte-limit = 33554432 (custom)
2019-07-14 06:52:20,770 INFO  server.RaftServerConfigKeys (ConfUtils.java:logGet(43)) - raft.server.log.segment.size.max = 1048576 (custom)
2019-07-14 06:52:20,770 INFO  server.RaftServerConfigKeys (ConfUtils.java:logGet(43)) - raft.server.log.segment.cache.num.max = 2 (custom)
2019-07-14 06:52:20,771 INFO  segmented.SegmentedRaftLogWorker (SegmentedRaftLogWorker.java:<init>(172)) - new 16cd33d1-021f-4fa8-b7c7-5dab90ae5617-SegmentedRaftLogWorker:Storage Directory /tmp/workdir/hadoop-ozone/integration-test/target/test-dir/MiniOzoneClusterImpl-60549c81-59ca-4eab-8951-3bc22d076988/datanode-0/data/ratis/30d9df5b-2d27-458c-8051-83cf6e5a53cc for RaftStorage:Storage Directory /tmp/workdir/hadoop-ozone/integration-test/target/test-dir/MiniOzoneClusterImpl-60549c81-59ca-4eab-8951-3bc22d076988/datanode-0/data/ratis/30d9df5b-2d27-458c-8051-83cf6e5a53cc
2019-07-14 06:52:20,771 INFO  server.RaftServerConfigKeys (ConfUtils.java:logGet(43)) - raft.server.log.queue.byte-limit = 2147483647 (custom)
2019-07-14 06:52:20,771 INFO  server.RaftServerConfigKeys (ConfUtils.java:logGet(43)) - raft.server.log.queue.element-limit = 1024 (custom)
2019-07-14 06:52:20,771 INFO  server.RaftServerConfigKeys (ConfUtils.java:logGet(43)) - raft.server.log.segment.size.max = 1048576 (custom)
2019-07-14 06:52:20,771 INFO  server.RaftServerConfigKeys (ConfUtils.java:logGet(43)) - raft.server.log.preallocated.size = 16384 (custom)
2019-07-14 06:52:20,772 INFO  server.RaftServerConfigKeys (ConfUtils.java:logGet(43)) - raft.server.log.write.buffer.size = 33554432 (custom)
2019-07-14 06:52:20,772 INFO  server.RaftServerConfigKeys (ConfUtils.java:logGet(43)) - raft.server.log.force.sync.num = 128 (default)
2019-07-14 06:52:20,772 INFO  server.RaftServerConfigKeys (ConfUtils.java:logGet(43)) - raft.server.log.statemachine.data.sync = true (default)
2019-07-14 06:52:20,772 INFO  server.RaftServerConfigKeys (ConfUtils.java:logGet(43)) - raft.server.log.statemachine.data.sync.timeout = 10s (default)
2019-07-14 06:52:20,772 INFO  server.RaftServerConfigKeys (ConfUtils.java:logGet(43)) - raft.server.log.statemachine.data.sync.timeout.retry = -1 (default)
2019-07-14 06:52:20,772 INFO  server.RaftServerConfigKeys (ConfUtils.java:logGet(43)) - raft.server.log.statemachine.data.caching.enabled = true (custom)
2019-07-14 06:52:20,773 INFO  segmented.SegmentedRaftLogWorker (SegmentedRaftLogWorker.java:lambda$new$0(132)) - 16cd33d1-021f-4fa8-b7c7-5dab90ae5617-SegmentedRaftLogWorker:Storage Directory /tmp/workdir/hadoop-ozone/integration-test/target/test-dir/MiniOzoneClusterImpl-60549c81-59ca-4eab-8951-3bc22d076988/datanode-0/data/ratis/30d9df5b-2d27-458c-8051-83cf6e5a53cc: flushIndex: setUnconditionally 0 -> -1
2019-07-14 06:52:20,773 INFO  server.RaftServerConfigKeys (ConfUtils.java:logGet(43)) - raft.server.snapshot.auto.trigger.enabled = true (custom)
2019-07-14 06:52:20,773 INFO  server.RaftServerConfigKeys (ConfUtils.java:logGet(43)) - raft.server.snapshot.auto.trigger.threshold = 10000 (custom)
2019-07-14 06:52:20,773 INFO  server.RaftServerConfigKeys (ConfUtils.java:logGet(43)) - raft.server.retrycache.expirytime = 600000ms (custom)
2019-07-14 06:52:20,774 INFO  impl.RaftServerImpl (RaftServerImpl.java:start(180)) - 16cd33d1-021f-4fa8-b7c7-5dab90ae5617: start group-83CF6E5A53CC
2019-07-14 06:52:20,774 INFO  impl.RaftServerImpl (RaftServerImpl.java:setRole(171)) - 16cd33d1-021f-4fa8-b7c7-5dab90ae5617:group-83CF6E5A53CC changes role from null to FOLLOWER at term 0 for startAsFollower
2019-07-14 06:52:20,774 INFO  impl.RoleInfo (RoleInfo.java:updateAndGet(143)) - 16cd33d1-021f-4fa8-b7c7-5dab90ae5617: start FollowerState
2019-07-14 06:52:20,774 INFO  util.JmxRegister (JmxRegister.java:tryRegister(44)) - Successfully registered JMX Bean with object name Ratis:service=RaftServer,group=group-83CF6E5A53CC,id=16cd33d1-021f-4fa8-b7c7-5dab90ae5617
2019-07-14 06:52:20,777 INFO  pipeline.PipelineStateManager (PipelineStateManager.java:addPipeline(56)) - Created pipeline Pipeline[ Id: 30d9df5b-2d27-458c-8051-83cf6e5a53cc, Nodes: 16cd33d1-021f-4fa8-b7c7-5dab90ae5617{ip: 192.168.5.144, host: trunk-nightly-8c95p-1540871953, networkLocation: /default-rack, certSerialId: null}, Type:RATIS, Factor:ONE, State:OPEN]
2019-07-14 06:52:20,939 INFO  node.SCMNodeManager (SCMNodeManager.java:register(269)) - Registered Data node : 4f9df1b2-0407-4bbd-a402-8d03a959aa46{ip: 192.168.5.144, host: trunk-nightly-8c95p-1540871953, networkLocation: /default-rack, certSerialId: null}
2019-07-14 06:52:20,958 INFO  impl.RaftServerProxy (RaftServerProxy.java:addNew(89)) - 4f9df1b2-0407-4bbd-a402-8d03a959aa46: addNew group-19A7B0E6A7ED:[4f9df1b2-0407-4bbd-a402-8d03a959aa46:192.168.5.144:44202] returns group-19A7B0E6A7ED:java.util.concurrent.CompletableFuture@3c79842b[Not completed]
2019-07-14 06:52:20,960 INFO  impl.RaftServerImpl (RaftServerImpl.java:<init>(93)) - 4f9df1b2-0407-4bbd-a402-8d03a959aa46: new RaftServerImpl for group-19A7B0E6A7ED:[4f9df1b2-0407-4bbd-a402-8d03a959aa46:192.168.5.144:44202] with ContainerStateMachine:uninitialized
2019-07-14 06:52:20,960 INFO  server.RaftServerConfigKeys (ConfUtils.java:logGet(43)) - raft.server.rpc.timeout.min = 5s (custom)
2019-07-14 06:52:20,960 INFO  server.RaftServerConfigKeys (ConfUtils.java:logGet(43)) - raft.server.rpc.timeout.max = 5200ms (custom)
2019-07-14 06:52:20,960 INFO  server.RaftServerConfigKeys (ConfUtils.java:logGet(43)) - raft.server.rpcslowness.timeout = 120s (custom)
2019-07-14 06:52:20,960 INFO  server.RaftServerConfigKeys (ConfUtils.java:logGet(43)) - raft.server.sleep.deviation.threshold = 300 (default)
2019-07-14 06:52:20,960 INFO  server.RaftServerConfigKeys (ConfUtils.java:logGet(43)) - raft.server.log.appender.install.snapshot.enabled = false (custom)
2019-07-14 06:52:20,960 INFO  impl.RaftServerImpl (ServerState.java:<init>(105)) - 4f9df1b2-0407-4bbd-a402-8d03a959aa46:group-19A7B0E6A7ED ConfigurationManager, init=-1: [4f9df1b2-0407-4bbd-a402-8d03a959aa46:192.168.5.144:44202], old=null, confs=<EMPTY_MAP>
2019-07-14 06:52:20,960 INFO  server.RaftServerConfigKeys (ConfUtils.java:logGet(43)) - raft.server.storage.dir = [/tmp/workdir/hadoop-ozone/integration-test/target/test-dir/MiniOzoneClusterImpl-60549c81-59ca-4eab-8951-3bc22d076988/datanode-1/data/ratis] (custom)
2019-07-14 06:52:20,961 INFO  storage.RaftStorageDirectory (RaftStorageDirectory.java:analyzeStorage(246)) - The storage directory /tmp/workdir/hadoop-ozone/integration-test/target/test-dir/MiniOzoneClusterImpl-60549c81-59ca-4eab-8951-3bc22d076988/datanode-1/data/ratis/c91f04d0-ffd6-4cc0-ab83-19a7b0e6a7ed does not exist. Creating ...
2019-07-14 06:52:20,972 INFO  storage.RaftStorageDirectory (RaftStorageDirectory.java:tryLock(328)) - Lock on /tmp/workdir/hadoop-ozone/integration-test/target/test-dir/MiniOzoneClusterImpl-60549c81-59ca-4eab-8951-3bc22d076988/datanode-1/data/ratis/c91f04d0-ffd6-4cc0-ab83-19a7b0e6a7ed/in_use.lock acquired by nodename 3046@trunk-nightly-8c95p-1540871953
2019-07-14 06:52:20,980 INFO  storage.RaftStorage (RaftStorage.java:format(72)) - Storage directory /tmp/workdir/hadoop-ozone/integration-test/target/test-dir/MiniOzoneClusterImpl-60549c81-59ca-4eab-8951-3bc22d076988/datanode-1/data/ratis/c91f04d0-ffd6-4cc0-ab83-19a7b0e6a7ed has been successfully formatted.
2019-07-14 06:52:20,981 INFO  ratis.ContainerStateMachine (ContainerStateMachine.java:loadSnapshot(200)) - group-19A7B0E6A7ED: The snapshot info is null. Setting the last applied indexto:(t:0, i:~)
2019-07-14 06:52:20,981 INFO  server.RaftServerConfigKeys (ConfUtils.java:logGet(43)) - raft.server.leader.election.timeout = 120s (custom)
2019-07-14 06:52:20,981 INFO  server.RaftServerConfigKeys (ConfUtils.java:logGet(43)) - raft.server.log.use.memory = false (default)
2019-07-14 06:52:20,981 INFO  server.RaftServerConfigKeys (ConfUtils.java:logGet(43)) - raft.server.log.purge.gap = 1000000000 (custom)
2019-07-14 06:52:20,981 INFO  server.RaftServerConfigKeys (ConfUtils.java:logGet(43)) - raft.server.log.appender.buffer.byte-limit = 33554432 (custom)
2019-07-14 06:52:20,981 INFO  server.RaftServerConfigKeys (ConfUtils.java:logGet(43)) - raft.server.log.segment.size.max = 1048576 (custom)
2019-07-14 06:52:20,981 INFO  server.RaftServerConfigKeys (ConfUtils.java:logGet(43)) - raft.server.log.segment.cache.num.max = 2 (custom)
2019-07-14 06:52:20,981 INFO  segmented.SegmentedRaftLogWorker (SegmentedRaftLogWorker.java:<init>(172)) - new 4f9df1b2-0407-4bbd-a402-8d03a959aa46-SegmentedRaftLogWorker:Storage Directory /tmp/workdir/hadoop-ozone/integration-test/target/test-dir/MiniOzoneClusterImpl-60549c81-59ca-4eab-8951-3bc22d076988/datanode-1/data/ratis/c91f04d0-ffd6-4cc0-ab83-19a7b0e6a7ed for RaftStorage:Storage Directory /tmp/workdir/hadoop-ozone/integration-test/target/test-dir/MiniOzoneClusterImpl-60549c81-59ca-4eab-8951-3bc22d076988/datanode-1/data/ratis/c91f04d0-ffd6-4cc0-ab83-19a7b0e6a7ed
2019-07-14 06:52:20,982 INFO  server.RaftServerConfigKeys (ConfUtils.java:logGet(43)) - raft.server.log.queue.byte-limit = 2147483647 (custom)
2019-07-14 06:52:20,982 INFO  server.RaftServerConfigKeys (ConfUtils.java:logGet(43)) - raft.server.log.queue.element-limit = 1024 (custom)
2019-07-14 06:52:20,982 INFO  server.RaftServerConfigKeys (ConfUtils.java:logGet(43)) - raft.server.log.segment.size.max = 1048576 (custom)
2019-07-14 06:52:20,982 INFO  server.RaftServerConfigKeys (ConfUtils.java:logGet(43)) - raft.server.log.preallocated.size = 16384 (custom)
2019-07-14 06:52:20,982 INFO  server.RaftServerConfigKeys (ConfUtils.java:logGet(43)) - raft.server.log.write.buffer.size = 33554432 (custom)
2019-07-14 06:52:20,982 INFO  server.RaftServerConfigKeys (ConfUtils.java:logGet(43)) - raft.server.log.force.sync.num = 128 (default)
2019-07-14 06:52:20,982 INFO  server.RaftServerConfigKeys (ConfUtils.java:logGet(43)) - raft.server.log.statemachine.data.sync = true (default)
2019-07-14 06:52:20,982 INFO  server.RaftServerConfigKeys (ConfUtils.java:logGet(43)) - raft.server.log.statemachine.data.sync.timeout = 10s (default)
2019-07-14 06:52:20,983 INFO  server.RaftServerConfigKeys (ConfUtils.java:logGet(43)) - raft.server.log.statemachine.data.sync.timeout.retry = -1 (default)
2019-07-14 06:52:20,983 INFO  server.RaftServerConfigKeys (ConfUtils.java:logGet(43)) - raft.server.log.statemachine.data.caching.enabled = true (custom)
2019-07-14 06:52:20,983 INFO  segmented.SegmentedRaftLogWorker (SegmentedRaftLogWorker.java:lambda$new$0(132)) - 4f9df1b2-0407-4bbd-a402-8d03a959aa46-SegmentedRaftLogWorker:Storage Directory /tmp/workdir/hadoop-ozone/integration-test/target/test-dir/MiniOzoneClusterImpl-60549c81-59ca-4eab-8951-3bc22d076988/datanode-1/data/ratis/c91f04d0-ffd6-4cc0-ab83-19a7b0e6a7ed: flushIndex: setUnconditionally 0 -> -1
2019-07-14 06:52:20,984 INFO  server.RaftServerConfigKeys (ConfUtils.java:logGet(43)) - raft.server.snapshot.auto.trigger.enabled = true (custom)
2019-07-14 06:52:20,984 INFO  server.RaftServerConfigKeys (ConfUtils.java:logGet(43)) - raft.server.snapshot.auto.trigger.threshold = 10000 (custom)
2019-07-14 06:52:20,984 INFO  server.RaftServerConfigKeys (ConfUtils.java:logGet(43)) - raft.server.retrycache.expirytime = 600000ms (custom)
2019-07-14 06:52:20,984 INFO  impl.RaftServerImpl (RaftServerImpl.java:start(180)) - 4f9df1b2-0407-4bbd-a402-8d03a959aa46: start group-19A7B0E6A7ED
2019-07-14 06:52:20,984 INFO  impl.RaftServerImpl (RaftServerImpl.java:setRole(171)) - 4f9df1b2-0407-4bbd-a402-8d03a959aa46:group-19A7B0E6A7ED changes role from null to FOLLOWER at term 0 for startAsFollower
2019-07-14 06:52:20,984 INFO  impl.RoleInfo (RoleInfo.java:updateAndGet(143)) - 4f9df1b2-0407-4bbd-a402-8d03a959aa46: start FollowerState
2019-07-14 06:52:20,985 INFO  util.JmxRegister (JmxRegister.java:tryRegister(44)) - Successfully registered JMX Bean with object name Ratis:service=RaftServer,group=group-19A7B0E6A7ED,id=4f9df1b2-0407-4bbd-a402-8d03a959aa46
2019-07-14 06:52:20,987 INFO  pipeline.PipelineStateManager (PipelineStateManager.java:addPipeline(56)) - Created pipeline Pipeline[ Id: c91f04d0-ffd6-4cc0-ab83-19a7b0e6a7ed, Nodes: 4f9df1b2-0407-4bbd-a402-8d03a959aa46{ip: 192.168.5.144, host: trunk-nightly-8c95p-1540871953, networkLocation: /default-rack, certSerialId: null}, Type:RATIS, Factor:ONE, State:OPEN]
2019-07-14 06:52:21,170 INFO  node.SCMNodeManager (SCMNodeManager.java:register(269)) - Registered Data node : feb42f30-01a8-4b34-87ff-e0218b26b2eb{ip: 192.168.5.144, host: trunk-nightly-8c95p-1540871953, networkLocation: /default-rack, certSerialId: null}
2019-07-14 06:52:21,195 INFO  impl.RaftServerProxy (RaftServerProxy.java:addNew(89)) - feb42f30-01a8-4b34-87ff-e0218b26b2eb: addNew group-3936969E2278:[feb42f30-01a8-4b34-87ff-e0218b26b2eb:192.168.5.144:37379] returns group-3936969E2278:java.util.concurrent.CompletableFuture@5a60cf37[Not completed]
2019-07-14 06:52:21,196 INFO  impl.RaftServerImpl (RaftServerImpl.java:<init>(93)) - feb42f30-01a8-4b34-87ff-e0218b26b2eb: new RaftServerImpl for group-3936969E2278:[feb42f30-01a8-4b34-87ff-e0218b26b2eb:192.168.5.144:37379] with ContainerStateMachine:uninitialized
2019-07-14 06:52:21,196 INFO  server.RaftServerConfigKeys (ConfUtils.java:logGet(43)) - raft.server.rpc.timeout.min = 5s (custom)
2019-07-14 06:52:21,196 INFO  server.RaftServerConfigKeys (ConfUtils.java:logGet(43)) - raft.server.rpc.timeout.max = 5200ms (custom)
2019-07-14 06:52:21,196 INFO  server.RaftServerConfigKeys (ConfUtils.java:logGet(43)) - raft.server.rpcslowness.timeout = 120s (custom)
2019-07-14 06:52:21,196 INFO  server.RaftServerConfigKeys (ConfUtils.java:logGet(43)) - raft.server.sleep.deviation.threshold = 300 (default)
2019-07-14 06:52:21,196 INFO  server.RaftServerConfigKeys (ConfUtils.java:logGet(43)) - raft.server.log.appender.install.snapshot.enabled = false (custom)
2019-07-14 06:52:21,196 INFO  impl.RaftServerImpl (ServerState.java:<init>(105)) - feb42f30-01a8-4b34-87ff-e0218b26b2eb:group-3936969E2278 ConfigurationManager, init=-1: [feb42f30-01a8-4b34-87ff-e0218b26b2eb:192.168.5.144:37379], old=null, confs=<EMPTY_MAP>
2019-07-14 06:52:21,197 INFO  server.RaftServerConfigKeys (ConfUtils.java:logGet(43)) - raft.server.storage.dir = [/tmp/workdir/hadoop-ozone/integration-test/target/test-dir/MiniOzoneClusterImpl-60549c81-59ca-4eab-8951-3bc22d076988/datanode-2/data/ratis] (custom)
2019-07-14 06:52:21,197 INFO  storage.RaftStorageDirectory (RaftStorageDirectory.java:analyzeStorage(246)) - The storage directory /tmp/workdir/hadoop-ozone/integration-test/target/test-dir/MiniOzoneClusterImpl-60549c81-59ca-4eab-8951-3bc22d076988/datanode-2/data/ratis/c3905f21-92dd-40cc-8f76-3936969e2278 does not exist. Creating ...
2019-07-14 06:52:21,212 INFO  storage.RaftStorageDirectory (RaftStorageDirectory.java:tryLock(328)) - Lock on /tmp/workdir/hadoop-ozone/integration-test/target/test-dir/MiniOzoneClusterImpl-60549c81-59ca-4eab-8951-3bc22d076988/datanode-2/data/ratis/c3905f21-92dd-40cc-8f76-3936969e2278/in_use.lock acquired by nodename 3046@trunk-nightly-8c95p-1540871953
2019-07-14 06:52:21,221 INFO  storage.RaftStorage (RaftStorage.java:format(72)) - Storage directory /tmp/workdir/hadoop-ozone/integration-test/target/test-dir/MiniOzoneClusterImpl-60549c81-59ca-4eab-8951-3bc22d076988/datanode-2/data/ratis/c3905f21-92dd-40cc-8f76-3936969e2278 has been successfully formatted.
2019-07-14 06:52:21,221 INFO  ratis.ContainerStateMachine (ContainerStateMachine.java:loadSnapshot(200)) - group-3936969E2278: The snapshot info is null. Setting the last applied indexto:(t:0, i:~)
2019-07-14 06:52:21,222 INFO  server.RaftServerConfigKeys (ConfUtils.java:logGet(43)) - raft.server.leader.election.timeout = 120s (custom)
2019-07-14 06:52:21,222 INFO  server.RaftServerConfigKeys (ConfUtils.java:logGet(43)) - raft.server.log.use.memory = false (default)
2019-07-14 06:52:21,222 INFO  server.RaftServerConfigKeys (ConfUtils.java:logGet(43)) - raft.server.log.purge.gap = 1000000000 (custom)
2019-07-14 06:52:21,222 INFO  server.RaftServerConfigKeys (ConfUtils.java:logGet(43)) - raft.server.log.appender.buffer.byte-limit = 33554432 (custom)
2019-07-14 06:52:21,222 INFO  server.RaftServerConfigKeys (ConfUtils.java:logGet(43)) - raft.server.log.segment.size.max = 1048576 (custom)
2019-07-14 06:52:21,222 INFO  server.RaftServerConfigKeys (ConfUtils.java:logGet(43)) - raft.server.log.segment.cache.num.max = 2 (custom)
2019-07-14 06:52:21,222 INFO  segmented.SegmentedRaftLogWorker (SegmentedRaftLogWorker.java:<init>(172)) - new feb42f30-01a8-4b34-87ff-e0218b26b2eb-SegmentedRaftLogWorker:Storage Directory /tmp/workdir/hadoop-ozone/integration-test/target/test-dir/MiniOzoneClusterImpl-60549c81-59ca-4eab-8951-3bc22d076988/datanode-2/data/ratis/c3905f21-92dd-40cc-8f76-3936969e2278 for RaftStorage:Storage Directory /tmp/workdir/hadoop-ozone/integration-test/target/test-dir/MiniOzoneClusterImpl-60549c81-59ca-4eab-8951-3bc22d076988/datanode-2/data/ratis/c3905f21-92dd-40cc-8f76-3936969e2278
2019-07-14 06:52:21,223 INFO  server.RaftServerConfigKeys (ConfUtils.java:logGet(43)) - raft.server.log.queue.byte-limit = 2147483647 (custom)
2019-07-14 06:52:21,223 INFO  server.RaftServerConfigKeys (ConfUtils.java:logGet(43)) - raft.server.log.queue.element-limit = 1024 (custom)
2019-07-14 06:52:21,223 INFO  server.RaftServerConfigKeys (ConfUtils.java:logGet(43)) - raft.server.log.segment.size.max = 1048576 (custom)
2019-07-14 06:52:21,223 INFO  server.RaftServerConfigKeys (ConfUtils.java:logGet(43)) - raft.server.log.preallocated.size = 16384 (custom)
2019-07-14 06:52:21,223 INFO  server.RaftServerConfigKeys (ConfUtils.java:logGet(43)) - raft.server.log.write.buffer.size = 33554432 (custom)
2019-07-14 06:52:21,224 INFO  server.RaftServerConfigKeys (ConfUtils.java:logGet(43)) - raft.server.log.force.sync.num = 128 (default)
2019-07-14 06:52:21,224 INFO  server.RaftServerConfigKeys (ConfUtils.java:logGet(43)) - raft.server.log.statemachine.data.sync = true (default)
2019-07-14 06:52:21,224 INFO  server.RaftServerConfigKeys (ConfUtils.java:logGet(43)) - raft.server.log.statemachine.data.sync.timeout = 10s (default)
2019-07-14 06:52:21,224 INFO  server.RaftServerConfigKeys (ConfUtils.java:logGet(43)) - raft.server.log.statemachine.data.sync.timeout.retry = -1 (default)
2019-07-14 06:52:21,224 INFO  server.RaftServerConfigKeys (ConfUtils.java:logGet(43)) - raft.server.log.statemachine.data.caching.enabled = true (custom)
2019-07-14 06:52:21,225 INFO  segmented.SegmentedRaftLogWorker (SegmentedRaftLogWorker.java:lambda$new$0(132)) - feb42f30-01a8-4b34-87ff-e0218b26b2eb-SegmentedRaftLogWorker:Storage Directory /tmp/workdir/hadoop-ozone/integration-test/target/test-dir/MiniOzoneClusterImpl-60549c81-59ca-4eab-8951-3bc22d076988/datanode-2/data/ratis/c3905f21-92dd-40cc-8f76-3936969e2278: flushIndex: setUnconditionally 0 -> -1
2019-07-14 06:52:21,225 INFO  server.RaftServerConfigKeys (ConfUtils.java:logGet(43)) - raft.server.snapshot.auto.trigger.enabled = true (custom)
2019-07-14 06:52:21,225 INFO  server.RaftServerConfigKeys (ConfUtils.java:logGet(43)) - raft.server.snapshot.auto.trigger.threshold = 10000 (custom)
2019-07-14 06:52:21,225 INFO  server.RaftServerConfigKeys (ConfUtils.java:logGet(43)) - raft.server.retrycache.expirytime = 600000ms (custom)
2019-07-14 06:52:21,226 INFO  impl.RaftServerImpl (RaftServerImpl.java:start(180)) - feb42f30-01a8-4b34-87ff-e0218b26b2eb: start group-3936969E2278
2019-07-14 06:52:21,226 INFO  impl.RaftServerImpl (RaftServerImpl.java:setRole(171)) - feb42f30-01a8-4b34-87ff-e0218b26b2eb:group-3936969E2278 changes role from null to FOLLOWER at term 0 for startAsFollower
2019-07-14 06:52:21,226 INFO  impl.RoleInfo (RoleInfo.java:updateAndGet(143)) - feb42f30-01a8-4b34-87ff-e0218b26b2eb: start FollowerState
2019-07-14 06:52:21,226 INFO  util.JmxRegister (JmxRegister.java:tryRegister(44)) - Successfully registered JMX Bean with object name Ratis:service=RaftServer,group=group-3936969E2278,id=feb42f30-01a8-4b34-87ff-e0218b26b2eb
2019-07-14 06:52:21,228 INFO  pipeline.PipelineStateManager (PipelineStateManager.java:addPipeline(56)) - Created pipeline Pipeline[ Id: c3905f21-92dd-40cc-8f76-3936969e2278, Nodes: feb42f30-01a8-4b34-87ff-e0218b26b2eb{ip: 192.168.5.144, host: trunk-nightly-8c95p-1540871953, networkLocation: /default-rack, certSerialId: null}, Type:RATIS, Factor:ONE, State:OPEN]
2019-07-14 06:52:21,256 INFO  impl.RaftServerProxy (RaftServerProxy.java:addNew(89)) - feb42f30-01a8-4b34-87ff-e0218b26b2eb: addNew group-7525EACE5B64:[4f9df1b2-0407-4bbd-a402-8d03a959aa46:192.168.5.144:44202, 16cd33d1-021f-4fa8-b7c7-5dab90ae5617:192.168.5.144:41982, feb42f30-01a8-4b34-87ff-e0218b26b2eb:192.168.5.144:37379] returns group-7525EACE5B64:java.util.concurrent.CompletableFuture@1faac162[Not completed]
2019-07-14 06:52:21,257 INFO  impl.RaftServerProxy (RaftServerProxy.java:addNew(89)) - 16cd33d1-021f-4fa8-b7c7-5dab90ae5617: addNew group-7525EACE5B64:[4f9df1b2-0407-4bbd-a402-8d03a959aa46:192.168.5.144:44202, 16cd33d1-021f-4fa8-b7c7-5dab90ae5617:192.168.5.144:41982, feb42f30-01a8-4b34-87ff-e0218b26b2eb:192.168.5.144:37379] returns group-7525EACE5B64:java.util.concurrent.CompletableFuture@1210e12[Not completed]
2019-07-14 06:52:21,257 INFO  impl.RaftServerProxy (RaftServerProxy.java:addNew(89)) - 4f9df1b2-0407-4bbd-a402-8d03a959aa46: addNew group-7525EACE5B64:[4f9df1b2-0407-4bbd-a402-8d03a959aa46:192.168.5.144:44202, 16cd33d1-021f-4fa8-b7c7-5dab90ae5617:192.168.5.144:41982, feb42f30-01a8-4b34-87ff-e0218b26b2eb:192.168.5.144:37379] returns group-7525EACE5B64:java.util.concurrent.CompletableFuture@10d4ae03[Not completed]
2019-07-14 06:52:21,258 INFO  impl.RaftServerImpl (RaftServerImpl.java:<init>(93)) - feb42f30-01a8-4b34-87ff-e0218b26b2eb: new RaftServerImpl for group-7525EACE5B64:[4f9df1b2-0407-4bbd-a402-8d03a959aa46:192.168.5.144:44202, 16cd33d1-021f-4fa8-b7c7-5dab90ae5617:192.168.5.144:41982, feb42f30-01a8-4b34-87ff-e0218b26b2eb:192.168.5.144:37379] with ContainerStateMachine:uninitialized
2019-07-14 06:52:21,258 INFO  server.RaftServerConfigKeys (ConfUtils.java:logGet(43)) - raft.server.rpc.timeout.min = 5s (custom)
2019-07-14 06:52:21,258 INFO  server.RaftServerConfigKeys (ConfUtils.java:logGet(43)) - raft.server.rpc.timeout.max = 5200ms (custom)
2019-07-14 06:52:21,258 INFO  impl.RaftServerImpl (RaftServerImpl.java:<init>(93)) - 16cd33d1-021f-4fa8-b7c7-5dab90ae5617: new RaftServerImpl for group-7525EACE5B64:[4f9df1b2-0407-4bbd-a402-8d03a959aa46:192.168.5.144:44202, 16cd33d1-021f-4fa8-b7c7-5dab90ae5617:192.168.5.144:41982, feb42f30-01a8-4b34-87ff-e0218b26b2eb:192.168.5.144:37379] with ContainerStateMachine:uninitialized
2019-07-14 06:52:21,258 INFO  server.RaftServerConfigKeys (ConfUtils.java:logGet(43)) - raft.server.rpcslowness.timeout = 120s (custom)
2019-07-14 06:52:21,258 INFO  server.RaftServerConfigKeys (ConfUtils.java:logGet(43)) - raft.server.rpc.timeout.min = 5s (custom)
2019-07-14 06:52:21,259 INFO  impl.RaftServerImpl (RaftServerImpl.java:<init>(93)) - 4f9df1b2-0407-4bbd-a402-8d03a959aa46: new RaftServerImpl for group-7525EACE5B64:[4f9df1b2-0407-4bbd-a402-8d03a959aa46:192.168.5.144:44202, 16cd33d1-021f-4fa8-b7c7-5dab90ae5617:192.168.5.144:41982, feb42f30-01a8-4b34-87ff-e0218b26b2eb:192.168.5.144:37379] with ContainerStateMachine:uninitialized
2019-07-14 06:52:21,258 INFO  server.RaftServerConfigKeys (ConfUtils.java:logGet(43)) - raft.server.sleep.deviation.threshold = 300 (default)
2019-07-14 06:52:21,259 INFO  server.RaftServerConfigKeys (ConfUtils.java:logGet(43)) - raft.server.rpc.timeout.min = 5s (custom)
2019-07-14 06:52:21,259 INFO  server.RaftServerConfigKeys (ConfUtils.java:logGet(43)) - raft.server.rpc.timeout.max = 5200ms (custom)
2019-07-14 06:52:21,259 INFO  server.RaftServerConfigKeys (ConfUtils.java:logGet(43)) - raft.server.rpc.timeout.max = 5200ms (custom)
2019-07-14 06:52:21,259 INFO  server.RaftServerConfigKeys (ConfUtils.java:logGet(43)) - raft.server.log.appender.install.snapshot.enabled = false (custom)
2019-07-14 06:52:21,259 INFO  server.RaftServerConfigKeys (ConfUtils.java:logGet(43)) - raft.server.rpcslowness.timeout = 120s (custom)
2019-07-14 06:52:21,259 INFO  server.RaftServerConfigKeys (ConfUtils.java:logGet(43)) - raft.server.rpcslowness.timeout = 120s (custom)
2019-07-14 06:52:21,259 INFO  server.RaftServerConfigKeys (ConfUtils.java:logGet(43)) - raft.server.sleep.deviation.threshold = 300 (default)
2019-07-14 06:52:21,259 INFO  impl.RaftServerImpl (ServerState.java:<init>(105)) - feb42f30-01a8-4b34-87ff-e0218b26b2eb:group-7525EACE5B64 ConfigurationManager, init=-1: [4f9df1b2-0407-4bbd-a402-8d03a959aa46:192.168.5.144:44202, 16cd33d1-021f-4fa8-b7c7-5dab90ae5617:192.168.5.144:41982, feb42f30-01a8-4b34-87ff-e0218b26b2eb:192.168.5.144:37379], old=null, confs=<EMPTY_MAP>
2019-07-14 06:52:21,260 INFO  server.RaftServerConfigKeys (ConfUtils.java:logGet(43)) - raft.server.log.appender.install.snapshot.enabled = false (custom)
2019-07-14 06:52:21,260 INFO  server.RaftServerConfigKeys (ConfUtils.java:logGet(43)) - raft.server.sleep.deviation.threshold = 300 (default)
2019-07-14 06:52:21,260 INFO  impl.RaftServerImpl (ServerState.java:<init>(105)) - 4f9df1b2-0407-4bbd-a402-8d03a959aa46:group-7525EACE5B64 ConfigurationManager, init=-1: [4f9df1b2-0407-4bbd-a402-8d03a959aa46:192.168.5.144:44202, 16cd33d1-021f-4fa8-b7c7-5dab90ae5617:192.168.5.144:41982, feb42f30-01a8-4b34-87ff-e0218b26b2eb:192.168.5.144:37379], old=null, confs=<EMPTY_MAP>
2019-07-14 06:52:21,260 INFO  server.RaftServerConfigKeys (ConfUtils.java:logGet(43)) - raft.server.storage.dir = [/tmp/workdir/hadoop-ozone/integration-test/target/test-dir/MiniOzoneClusterImpl-60549c81-59ca-4eab-8951-3bc22d076988/datanode-2/data/ratis] (custom)
2019-07-14 06:52:21,260 INFO  server.RaftServerConfigKeys (ConfUtils.java:logGet(43)) - raft.server.storage.dir = [/tmp/workdir/hadoop-ozone/integration-test/target/test-dir/MiniOzoneClusterImpl-60549c81-59ca-4eab-8951-3bc22d076988/datanode-1/data/ratis] (custom)
2019-07-14 06:52:21,260 INFO  server.RaftServerConfigKeys (ConfUtils.java:logGet(43)) - raft.server.log.appender.install.snapshot.enabled = false (custom)
2019-07-14 06:52:21,261 INFO  storage.RaftStorageDirectory (RaftStorageDirectory.java:analyzeStorage(246)) - The storage directory /tmp/workdir/hadoop-ozone/integration-test/target/test-dir/MiniOzoneClusterImpl-60549c81-59ca-4eab-8951-3bc22d076988/datanode-2/data/ratis/2f8825da-ca4d-45da-95ac-7525eace5b64 does not exist. Creating ...
2019-07-14 06:52:21,261 INFO  storage.RaftStorageDirectory (RaftStorageDirectory.java:analyzeStorage(246)) - The storage directory /tmp/workdir/hadoop-ozone/integration-test/target/test-dir/MiniOzoneClusterImpl-60549c81-59ca-4eab-8951-3bc22d076988/datanode-1/data/ratis/2f8825da-ca4d-45da-95ac-7525eace5b64 does not exist. Creating ...
2019-07-14 06:52:21,261 INFO  impl.RaftServerImpl (ServerState.java:<init>(105)) - 16cd33d1-021f-4fa8-b7c7-5dab90ae5617:group-7525EACE5B64 ConfigurationManager, init=-1: [4f9df1b2-0407-4bbd-a402-8d03a959aa46:192.168.5.144:44202, 16cd33d1-021f-4fa8-b7c7-5dab90ae5617:192.168.5.144:41982, feb42f30-01a8-4b34-87ff-e0218b26b2eb:192.168.5.144:37379], old=null, confs=<EMPTY_MAP>
2019-07-14 06:52:21,261 INFO  server.RaftServerConfigKeys (ConfUtils.java:logGet(43)) - raft.server.storage.dir = [/tmp/workdir/hadoop-ozone/integration-test/target/test-dir/MiniOzoneClusterImpl-60549c81-59ca-4eab-8951-3bc22d076988/datanode-0/data/ratis] (custom)
2019-07-14 06:52:21,261 INFO  storage.RaftStorageDirectory (RaftStorageDirectory.java:analyzeStorage(246)) - The storage directory /tmp/workdir/hadoop-ozone/integration-test/target/test-dir/MiniOzoneClusterImpl-60549c81-59ca-4eab-8951-3bc22d076988/datanode-0/data/ratis/2f8825da-ca4d-45da-95ac-7525eace5b64 does not exist. Creating ...
2019-07-14 06:52:21,266 INFO  storage.RaftStorageDirectory (RaftStorageDirectory.java:tryLock(328)) - Lock on /tmp/workdir/hadoop-ozone/integration-test/target/test-dir/MiniOzoneClusterImpl-60549c81-59ca-4eab-8951-3bc22d076988/datanode-0/data/ratis/2f8825da-ca4d-45da-95ac-7525eace5b64/in_use.lock acquired by nodename 3046@trunk-nightly-8c95p-1540871953
2019-07-14 06:52:21,266 INFO  storage.RaftStorageDirectory (RaftStorageDirectory.java:tryLock(328)) - Lock on /tmp/workdir/hadoop-ozone/integration-test/target/test-dir/MiniOzoneClusterImpl-60549c81-59ca-4eab-8951-3bc22d076988/datanode-1/data/ratis/2f8825da-ca4d-45da-95ac-7525eace5b64/in_use.lock acquired by nodename 3046@trunk-nightly-8c95p-1540871953
2019-07-14 06:52:21,266 INFO  storage.RaftStorageDirectory (RaftStorageDirectory.java:tryLock(328)) - Lock on /tmp/workdir/hadoop-ozone/integration-test/target/test-dir/MiniOzoneClusterImpl-60549c81-59ca-4eab-8951-3bc22d076988/datanode-2/data/ratis/2f8825da-ca4d-45da-95ac-7525eace5b64/in_use.lock acquired by nodename 3046@trunk-nightly-8c95p-1540871953
2019-07-14 06:52:21,273 INFO  storage.RaftStorage (RaftStorage.java:format(72)) - Storage directory /tmp/workdir/hadoop-ozone/integration-test/target/test-dir/MiniOzoneClusterImpl-60549c81-59ca-4eab-8951-3bc22d076988/datanode-1/data/ratis/2f8825da-ca4d-45da-95ac-7525eace5b64 has been successfully formatted.
2019-07-14 06:52:21,273 INFO  storage.RaftStorage (RaftStorage.java:format(72)) - Storage directory /tmp/workdir/hadoop-ozone/integration-test/target/test-dir/MiniOzoneClusterImpl-60549c81-59ca-4eab-8951-3bc22d076988/datanode-2/data/ratis/2f8825da-ca4d-45da-95ac-7525eace5b64 has been successfully formatted.
2019-07-14 06:52:21,273 INFO  storage.RaftStorage (RaftStorage.java:format(72)) - Storage directory /tmp/workdir/hadoop-ozone/integration-test/target/test-dir/MiniOzoneClusterImpl-60549c81-59ca-4eab-8951-3bc22d076988/datanode-0/data/ratis/2f8825da-ca4d-45da-95ac-7525eace5b64 has been successfully formatted.
2019-07-14 06:52:21,274 INFO  ratis.ContainerStateMachine (ContainerStateMachine.java:loadSnapshot(200)) - group-7525EACE5B64: The snapshot info is null. Setting the last applied indexto:(t:0, i:~)
2019-07-14 06:52:21,273 INFO  ratis.ContainerStateMachine (ContainerStateMachine.java:loadSnapshot(200)) - group-7525EACE5B64: The snapshot info is null. Setting the last applied indexto:(t:0, i:~)
2019-07-14 06:52:21,274 INFO  server.RaftServerConfigKeys (ConfUtils.java:logGet(43)) - raft.server.leader.election.timeout = 120s (custom)
2019-07-14 06:52:21,274 INFO  ratis.ContainerStateMachine (ContainerStateMachine.java:loadSnapshot(200)) - group-7525EACE5B64: The snapshot info is null. Setting the last applied indexto:(t:0, i:~)
2019-07-14 06:52:21,274 INFO  server.RaftServerConfigKeys (ConfUtils.java:logGet(43)) - raft.server.log.use.memory = false (default)
2019-07-14 06:52:21,274 INFO  server.RaftServerConfigKeys (ConfUtils.java:logGet(43)) - raft.server.leader.election.timeout = 120s (custom)
2019-07-14 06:52:21,274 INFO  server.RaftServerConfigKeys (ConfUtils.java:logGet(43)) - raft.server.log.purge.gap = 1000000000 (custom)
2019-07-14 06:52:21,274 INFO  server.RaftServerConfigKeys (ConfUtils.java:logGet(43)) - raft.server.leader.election.timeout = 120s (custom)
2019-07-14 06:52:21,275 INFO  server.RaftServerConfigKeys (ConfUtils.java:logGet(43)) - raft.server.log.appender.buffer.byte-limit = 33554432 (custom)
2019-07-14 06:52:21,274 INFO  server.RaftServerConfigKeys (ConfUtils.java:logGet(43)) - raft.server.log.use.memory = false (default)
2019-07-14 06:52:21,275 INFO  server.RaftServerConfigKeys (ConfUtils.java:logGet(43)) - raft.server.log.segment.size.max = 1048576 (custom)
2019-07-14 06:52:21,275 INFO  server.RaftServerConfigKeys (ConfUtils.java:logGet(43)) - raft.server.log.use.memory = false (default)
2019-07-14 06:52:21,275 INFO  server.RaftServerConfigKeys (ConfUtils.java:logGet(43)) - raft.server.log.segment.cache.num.max = 2 (custom)
2019-07-14 06:52:21,275 INFO  server.RaftServerConfigKeys (ConfUtils.java:logGet(43)) - raft.server.log.purge.gap = 1000000000 (custom)
2019-07-14 06:52:21,275 INFO  segmented.SegmentedRaftLogWorker (SegmentedRaftLogWorker.java:<init>(172)) - new feb42f30-01a8-4b34-87ff-e0218b26b2eb-SegmentedRaftLogWorker:Storage Directory /tmp/workdir/hadoop-ozone/integration-test/target/test-dir/MiniOzoneClusterImpl-60549c81-59ca-4eab-8951-3bc22d076988/datanode-2/data/ratis/2f8825da-ca4d-45da-95ac-7525eace5b64 for RaftStorage:Storage Directory /tmp/workdir/hadoop-ozone/integration-test/target/test-dir/MiniOzoneClusterImpl-60549c81-59ca-4eab-8951-3bc22d076988/datanode-2/data/ratis/2f8825da-ca4d-45da-95ac-7525eace5b64
2019-07-14 06:52:21,275 INFO  server.RaftServerConfigKeys (ConfUtils.java:logGet(43)) - raft.server.log.purge.gap = 1000000000 (custom)
2019-07-14 06:52:21,276 INFO  server.RaftServerConfigKeys (ConfUtils.java:logGet(43)) - raft.server.log.queue.byte-limit = 2147483647 (custom)
2019-07-14 06:52:21,276 INFO  server.RaftServerConfigKeys (ConfUtils.java:logGet(43)) - raft.server.log.queue.element-limit = 1024 (custom)
2019-07-14 06:52:21,276 INFO  server.RaftServerConfigKeys (ConfUtils.java:logGet(43)) - raft.server.log.appender.buffer.byte-limit = 33554432 (custom)
2019-07-14 06:52:21,276 INFO  server.RaftServerConfigKeys (ConfUtils.java:logGet(43)) - raft.server.log.segment.size.max = 1048576 (custom)
2019-07-14 06:52:21,276 INFO  server.RaftServerConfigKeys (ConfUtils.java:logGet(43)) - raft.server.log.appender.buffer.byte-limit = 33554432 (custom)
2019-07-14 06:52:21,276 INFO  server.RaftServerConfigKeys (ConfUtils.java:logGet(43)) - raft.server.log.preallocated.size = 16384 (custom)
2019-07-14 06:52:21,277 INFO  server.RaftServerConfigKeys (ConfUtils.java:logGet(43)) - raft.server.log.write.buffer.size = 33554432 (custom)
2019-07-14 06:52:21,276 INFO  server.RaftServerConfigKeys (ConfUtils.java:logGet(43)) - raft.server.log.segment.size.max = 1048576 (custom)
2019-07-14 06:52:21,277 INFO  server.RaftServerConfigKeys (ConfUtils.java:logGet(43)) - raft.server.log.force.sync.num = 128 (default)
2019-07-14 06:52:21,277 INFO  server.RaftServerConfigKeys (ConfUtils.java:logGet(43)) - raft.server.log.segment.size.max = 1048576 (custom)
2019-07-14 06:52:21,277 INFO  server.RaftServerConfigKeys (ConfUtils.java:logGet(43)) - raft.server.log.statemachine.data.sync = true (default)
2019-07-14 06:52:21,277 INFO  server.RaftServerConfigKeys (ConfUtils.java:logGet(43)) - raft.server.log.segment.cache.num.max = 2 (custom)
2019-07-14 06:52:21,277 INFO  server.RaftServerConfigKeys (ConfUtils.java:logGet(43)) - raft.server.log.statemachine.data.sync.timeout = 10s (default)
2019-07-14 06:52:21,277 INFO  server.RaftServerConfigKeys (ConfUtils.java:logGet(43)) - raft.server.log.segment.cache.num.max = 2 (custom)
2019-07-14 06:52:21,278 INFO  server.RaftServerConfigKeys (ConfUtils.java:logGet(43)) - raft.server.log.statemachine.data.sync.timeout.retry = -1 (default)
2019-07-14 06:52:21,277 INFO  segmented.SegmentedRaftLogWorker (SegmentedRaftLogWorker.java:<init>(172)) - new 4f9df1b2-0407-4bbd-a402-8d03a959aa46-SegmentedRaftLogWorker:Storage Directory /tmp/workdir/hadoop-ozone/integration-test/target/test-dir/MiniOzoneClusterImpl-60549c81-59ca-4eab-8951-3bc22d076988/datanode-1/data/ratis/2f8825da-ca4d-45da-95ac-7525eace5b64 for RaftStorage:Storage Directory /tmp/workdir/hadoop-ozone/integration-test/target/test-dir/MiniOzoneClusterImpl-60549c81-59ca-4eab-8951-3bc22d076988/datanode-1/data/ratis/2f8825da-ca4d-45da-95ac-7525eace5b64
2019-07-14 06:52:21,278 INFO  server.RaftServerConfigKeys (ConfUtils.java:logGet(43)) - raft.server.log.statemachine.data.caching.enabled = true (custom)
2019-07-14 06:52:21,278 INFO  segmented.SegmentedRaftLogWorker (SegmentedRaftLogWorker.java:<init>(172)) - new 16cd33d1-021f-4fa8-b7c7-5dab90ae5617-SegmentedRaftLogWorker:Storage Directory /tmp/workdir/hadoop-ozone/integration-test/target/test-dir/MiniOzoneClusterImpl-60549c81-59ca-4eab-8951-3bc22d076988/datanode-0/data/ratis/2f8825da-ca4d-45da-95ac-7525eace5b64 for RaftStorage:Storage Directory /tmp/workdir/hadoop-ozone/integration-test/target/test-dir/MiniOzoneClusterImpl-60549c81-59ca-4eab-8951-3bc22d076988/datanode-0/data/ratis/2f8825da-ca4d-45da-95ac-7525eace5b64
2019-07-14 06:52:21,278 INFO  segmented.SegmentedRaftLogWorker (SegmentedRaftLogWorker.java:lambda$new$0(132)) - feb42f30-01a8-4b34-87ff-e0218b26b2eb-SegmentedRaftLogWorker:Storage Directory /tmp/workdir/hadoop-ozone/integration-test/target/test-dir/MiniOzoneClusterImpl-60549c81-59ca-4eab-8951-3bc22d076988/datanode-2/data/ratis/2f8825da-ca4d-45da-95ac-7525eace5b64: flushIndex: setUnconditionally 0 -> -1
2019-07-14 06:52:21,278 INFO  server.RaftServerConfigKeys (ConfUtils.java:logGet(43)) - raft.server.log.queue.byte-limit = 2147483647 (custom)
2019-07-14 06:52:21,278 INFO  server.RaftServerConfigKeys (ConfUtils.java:logGet(43)) - raft.server.log.queue.byte-limit = 2147483647 (custom)
2019-07-14 06:52:21,279 INFO  server.RaftServerConfigKeys (ConfUtils.java:logGet(43)) - raft.server.log.queue.element-limit = 1024 (custom)
2019-07-14 06:52:21,279 INFO  server.RaftServerConfigKeys (ConfUtils.java:logGet(43)) - raft.server.snapshot.auto.trigger.enabled = true (custom)
2019-07-14 06:52:21,279 INFO  server.RaftServerConfigKeys (ConfUtils.java:logGet(43)) - raft.server.log.segment.size.max = 1048576 (custom)
2019-07-14 06:52:21,279 INFO  server.RaftServerConfigKeys (ConfUtils.java:logGet(43)) - raft.server.log.queue.element-limit = 1024 (custom)
2019-07-14 06:52:21,279 INFO  server.RaftServerConfigKeys (ConfUtils.java:logGet(43)) - raft.server.log.preallocated.size = 16384 (custom)
2019-07-14 06:52:21,280 INFO  server.RaftServerConfigKeys (ConfUtils.java:logGet(43)) - raft.server.log.write.buffer.size = 33554432 (custom)
2019-07-14 06:52:21,279 INFO  server.RaftServerConfigKeys (ConfUtils.java:logGet(43)) - raft.server.snapshot.auto.trigger.threshold = 10000 (custom)
2019-07-14 06:52:21,280 INFO  server.RaftServerConfigKeys (ConfUtils.java:logGet(43)) - raft.server.log.force.sync.num = 128 (default)
2019-07-14 06:52:21,279 INFO  server.RaftServerConfigKeys (ConfUtils.java:logGet(43)) - raft.server.log.segment.size.max = 1048576 (custom)
2019-07-14 06:52:21,280 INFO  server.RaftServerConfigKeys (ConfUtils.java:logGet(43)) - raft.server.log.statemachine.data.sync = true (default)
2019-07-14 06:52:21,280 INFO  server.RaftServerConfigKeys (ConfUtils.java:logGet(43)) - raft.server.retrycache.expirytime = 600000ms (custom)
2019-07-14 06:52:21,280 INFO  server.RaftServerConfigKeys (ConfUtils.java:logGet(43)) - raft.server.log.statemachine.data.sync.timeout = 10s (default)
2019-07-14 06:52:21,280 INFO  server.RaftServerConfigKeys (ConfUtils.java:logGet(43)) - raft.server.log.preallocated.size = 16384 (custom)
2019-07-14 06:52:21,280 INFO  server.RaftServerConfigKeys (ConfUtils.java:logGet(43)) - raft.server.log.statemachine.data.sync.timeout.retry = -1 (default)
2019-07-14 06:52:21,280 INFO  impl.RaftServerImpl (RaftServerImpl.java:start(180)) - feb42f30-01a8-4b34-87ff-e0218b26b2eb: start group-7525EACE5B64
2019-07-14 06:52:21,281 INFO  server.RaftServerConfigKeys (ConfUtils.java:logGet(43)) - raft.server.log.statemachine.data.caching.enabled = true (custom)
2019-07-14 06:52:21,281 INFO  server.RaftServerConfigKeys (ConfUtils.java:logGet(43)) - raft.server.log.write.buffer.size = 33554432 (custom)
2019-07-14 06:52:21,281 INFO  segmented.SegmentedRaftLogWorker (SegmentedRaftLogWorker.java:lambda$new$0(132)) - 4f9df1b2-0407-4bbd-a402-8d03a959aa46-SegmentedRaftLogWorker:Storage Directory /tmp/workdir/hadoop-ozone/integration-test/target/test-dir/MiniOzoneClusterImpl-60549c81-59ca-4eab-8951-3bc22d076988/datanode-1/data/ratis/2f8825da-ca4d-45da-95ac-7525eace5b64: flushIndex: setUnconditionally 0 -> -1
2019-07-14 06:52:21,281 INFO  impl.RaftServerImpl (RaftServerImpl.java:setRole(171)) - feb42f30-01a8-4b34-87ff-e0218b26b2eb:group-7525EACE5B64 changes role from null to FOLLOWER at term 0 for startAsFollower
2019-07-14 06:52:21,281 INFO  server.RaftServerConfigKeys (ConfUtils.java:logGet(43)) - raft.server.log.force.sync.num = 128 (default)
2019-07-14 06:52:21,281 INFO  server.RaftServerConfigKeys (ConfUtils.java:logGet(43)) - raft.server.snapshot.auto.trigger.enabled = true (custom)
2019-07-14 06:52:21,281 INFO  impl.RoleInfo (RoleInfo.java:updateAndGet(143)) - feb42f30-01a8-4b34-87ff-e0218b26b2eb: start FollowerState
2019-07-14 06:52:21,282 INFO  server.RaftServerConfigKeys (ConfUtils.java:logGet(43)) - raft.server.snapshot.auto.trigger.threshold = 10000 (custom)
2019-07-14 06:52:21,282 INFO  server.RaftServerConfigKeys (ConfUtils.java:logGet(43)) - raft.server.log.statemachine.data.sync = true (default)
2019-07-14 06:52:21,282 INFO  util.JmxRegister (JmxRegister.java:tryRegister(44)) - Successfully registered JMX Bean with object name Ratis:service=RaftServer,group=group-7525EACE5B64,id=feb42f30-01a8-4b34-87ff-e0218b26b2eb
2019-07-14 06:52:21,282 INFO  server.RaftServerConfigKeys (ConfUtils.java:logGet(43)) - raft.server.retrycache.expirytime = 600000ms (custom)
2019-07-14 06:52:21,282 INFO  server.RaftServerConfigKeys (ConfUtils.java:logGet(43)) - raft.server.log.statemachine.data.sync.timeout = 10s (default)
2019-07-14 06:52:21,282 INFO  impl.RaftServerImpl (RaftServerImpl.java:start(180)) - 4f9df1b2-0407-4bbd-a402-8d03a959aa46: start group-7525EACE5B64
2019-07-14 06:52:21,282 INFO  server.RaftServerConfigKeys (ConfUtils.java:logGet(43)) - raft.server.log.statemachine.data.sync.timeout.retry = -1 (default)
2019-07-14 06:52:21,282 INFO  impl.RaftServerImpl (RaftServerImpl.java:setRole(171)) - 4f9df1b2-0407-4bbd-a402-8d03a959aa46:group-7525EACE5B64 changes role from null to FOLLOWER at term 0 for startAsFollower
2019-07-14 06:52:21,283 INFO  server.RaftServerConfigKeys (ConfUtils.java:logGet(43)) - raft.server.log.statemachine.data.caching.enabled = true (custom)
2019-07-14 06:52:21,283 INFO  impl.RoleInfo (RoleInfo.java:updateAndGet(143)) - 4f9df1b2-0407-4bbd-a402-8d03a959aa46: start FollowerState
2019-07-14 06:52:21,283 INFO  segmented.SegmentedRaftLogWorker (SegmentedRaftLogWorker.java:lambda$new$0(132)) - 16cd33d1-021f-4fa8-b7c7-5dab90ae5617-SegmentedRaftLogWorker:Storage Directory /tmp/workdir/hadoop-ozone/integration-test/target/test-dir/MiniOzoneClusterImpl-60549c81-59ca-4eab-8951-3bc22d076988/datanode-0/data/ratis/2f8825da-ca4d-45da-95ac-7525eace5b64: flushIndex: setUnconditionally 0 -> -1
2019-07-14 06:52:21,283 INFO  util.JmxRegister (JmxRegister.java:tryRegister(44)) - Successfully registered JMX Bean with object name Ratis:service=RaftServer,group=group-7525EACE5B64,id=4f9df1b2-0407-4bbd-a402-8d03a959aa46
2019-07-14 06:52:21,283 INFO  server.RaftServerConfigKeys (ConfUtils.java:logGet(43)) - raft.server.snapshot.auto.trigger.enabled = true (custom)
2019-07-14 06:52:21,284 INFO  server.RaftServerConfigKeys (ConfUtils.java:logGet(43)) - raft.server.snapshot.auto.trigger.threshold = 10000 (custom)
2019-07-14 06:52:21,284 INFO  server.RaftServerConfigKeys (ConfUtils.java:logGet(43)) - raft.server.retrycache.expirytime = 600000ms (custom)
2019-07-14 06:52:21,284 INFO  impl.RaftServerImpl (RaftServerImpl.java:start(180)) - 16cd33d1-021f-4fa8-b7c7-5dab90ae5617: start group-7525EACE5B64
2019-07-14 06:52:21,284 INFO  impl.RaftServerImpl (RaftServerImpl.java:setRole(171)) - 16cd33d1-021f-4fa8-b7c7-5dab90ae5617:group-7525EACE5B64 changes role from null to FOLLOWER at term 0 for startAsFollower
2019-07-14 06:52:21,285 INFO  impl.RoleInfo (RoleInfo.java:updateAndGet(143)) - 16cd33d1-021f-4fa8-b7c7-5dab90ae5617: start FollowerState
2019-07-14 06:52:21,285 INFO  util.JmxRegister (JmxRegister.java:tryRegister(44)) - Successfully registered JMX Bean with object name Ratis:service=RaftServer,group=group-7525EACE5B64,id=16cd33d1-021f-4fa8-b7c7-5dab90ae5617
2019-07-14 06:52:21,287 INFO  pipeline.PipelineStateManager (PipelineStateManager.java:addPipeline(56)) - Created pipeline Pipeline[ Id: 2f8825da-ca4d-45da-95ac-7525eace5b64, Nodes: 4f9df1b2-0407-4bbd-a402-8d03a959aa46{ip: 192.168.5.144, host: trunk-nightly-8c95p-1540871953, networkLocation: /default-rack, certSerialId: null}feb42f30-01a8-4b34-87ff-e0218b26b2eb{ip: 192.168.5.144, host: trunk-nightly-8c95p-1540871953, networkLocation: /default-rack, certSerialId: null}16cd33d1-021f-4fa8-b7c7-5dab90ae5617{ip: 192.168.5.144, host: trunk-nightly-8c95p-1540871953, networkLocation: /default-rack, certSerialId: null}, Type:RATIS, Factor:THREE, State:OPEN]
2019-07-14 06:52:21,383 INFO  node.SCMNodeManager (SCMNodeManager.java:register(269)) - Registered Data node : da343c1c-8367-46f5-a9ef-bb79fda7b344{ip: 192.168.5.144, host: trunk-nightly-8c95p-1540871953, networkLocation: /default-rack, certSerialId: null}
2019-07-14 06:52:21,404 INFO  impl.RaftServerProxy (RaftServerProxy.java:addNew(89)) - da343c1c-8367-46f5-a9ef-bb79fda7b344: addNew group-E9DBE3F899FF:[da343c1c-8367-46f5-a9ef-bb79fda7b344:192.168.5.144:32905] returns group-E9DBE3F899FF:java.util.concurrent.CompletableFuture@42fb2bac[Not completed]
2019-07-14 06:52:21,405 INFO  impl.RaftServerImpl (RaftServerImpl.java:<init>(93)) - da343c1c-8367-46f5-a9ef-bb79fda7b344: new RaftServerImpl for group-E9DBE3F899FF:[da343c1c-8367-46f5-a9ef-bb79fda7b344:192.168.5.144:32905] with ContainerStateMachine:uninitialized
2019-07-14 06:52:21,405 INFO  server.RaftServerConfigKeys (ConfUtils.java:logGet(43)) - raft.server.rpc.timeout.min = 5s (custom)
2019-07-14 06:52:21,405 INFO  server.RaftServerConfigKeys (ConfUtils.java:logGet(43)) - raft.server.rpc.timeout.max = 5200ms (custom)
2019-07-14 06:52:21,405 INFO  server.RaftServerConfigKeys (ConfUtils.java:logGet(43)) - raft.server.rpcslowness.timeout = 120s (custom)
2019-07-14 06:52:21,405 INFO  server.RaftServerConfigKeys (ConfUtils.java:logGet(43)) - raft.server.sleep.deviation.threshold = 300 (default)
2019-07-14 06:52:21,405 INFO  server.RaftServerConfigKeys (ConfUtils.java:logGet(43)) - raft.server.log.appender.install.snapshot.enabled = false (custom)
2019-07-14 06:52:21,405 INFO  impl.RaftServerImpl (ServerState.java:<init>(105)) - da343c1c-8367-46f5-a9ef-bb79fda7b344:group-E9DBE3F899FF ConfigurationManager, init=-1: [da343c1c-8367-46f5-a9ef-bb79fda7b344:192.168.5.144:32905], old=null, confs=<EMPTY_MAP>
2019-07-14 06:52:21,406 INFO  server.RaftServerConfigKeys (ConfUtils.java:logGet(43)) - raft.server.storage.dir = [/tmp/workdir/hadoop-ozone/integration-test/target/test-dir/MiniOzoneClusterImpl-60549c81-59ca-4eab-8951-3bc22d076988/datanode-3/data/ratis] (custom)
2019-07-14 06:52:21,406 INFO  storage.RaftStorageDirectory (RaftStorageDirectory.java:analyzeStorage(246)) - The storage directory /tmp/workdir/hadoop-ozone/integration-test/target/test-dir/MiniOzoneClusterImpl-60549c81-59ca-4eab-8951-3bc22d076988/datanode-3/data/ratis/4885c860-3c98-495a-8c70-e9dbe3f899ff does not exist. Creating ...
2019-07-14 06:52:21,420 INFO  storage.RaftStorageDirectory (RaftStorageDirectory.java:tryLock(328)) - Lock on /tmp/workdir/hadoop-ozone/integration-test/target/test-dir/MiniOzoneClusterImpl-60549c81-59ca-4eab-8951-3bc22d076988/datanode-3/data/ratis/4885c860-3c98-495a-8c70-e9dbe3f899ff/in_use.lock acquired by nodename 3046@trunk-nightly-8c95p-1540871953
2019-07-14 06:52:21,424 INFO  storage.RaftStorage (RaftStorage.java:format(72)) - Storage directory /tmp/workdir/hadoop-ozone/integration-test/target/test-dir/MiniOzoneClusterImpl-60549c81-59ca-4eab-8951-3bc22d076988/datanode-3/data/ratis/4885c860-3c98-495a-8c70-e9dbe3f899ff has been successfully formatted.
2019-07-14 06:52:21,424 INFO  ratis.ContainerStateMachine (ContainerStateMachine.java:loadSnapshot(200)) - group-E9DBE3F899FF: The snapshot info is null. Setting the last applied indexto:(t:0, i:~)
2019-07-14 06:52:21,424 INFO  server.RaftServerConfigKeys (ConfUtils.java:logGet(43)) - raft.server.leader.election.timeout = 120s (custom)
2019-07-14 06:52:21,424 INFO  server.RaftServerConfigKeys (ConfUtils.java:logGet(43)) - raft.server.log.use.memory = false (default)
2019-07-14 06:52:21,424 INFO  server.RaftServerConfigKeys (ConfUtils.java:logGet(43)) - raft.server.log.purge.gap = 1000000000 (custom)
2019-07-14 06:52:21,424 INFO  server.RaftServerConfigKeys (ConfUtils.java:logGet(43)) - raft.server.log.appender.buffer.byte-limit = 33554432 (custom)
2019-07-14 06:52:21,424 INFO  server.RaftServerConfigKeys (ConfUtils.java:logGet(43)) - raft.server.log.segment.size.max = 1048576 (custom)
2019-07-14 06:52:21,425 INFO  server.RaftServerConfigKeys (ConfUtils.java:logGet(43)) - raft.server.log.segment.cache.num.max = 2 (custom)
2019-07-14 06:52:21,425 INFO  segmented.SegmentedRaftLogWorker (SegmentedRaftLogWorker.java:<init>(172)) - new da343c1c-8367-46f5-a9ef-bb79fda7b344-SegmentedRaftLogWorker:Storage Directory /tmp/workdir/hadoop-ozone/integration-test/target/test-dir/MiniOzoneClusterImpl-60549c81-59ca-4eab-8951-3bc22d076988/datanode-3/data/ratis/4885c860-3c98-495a-8c70-e9dbe3f899ff for RaftStorage:Storage Directory /tmp/workdir/hadoop-ozone/integration-test/target/test-dir/MiniOzoneClusterImpl-60549c81-59ca-4eab-8951-3bc22d076988/datanode-3/data/ratis/4885c860-3c98-495a-8c70-e9dbe3f899ff
2019-07-14 06:52:21,425 INFO  server.RaftServerConfigKeys (ConfUtils.java:logGet(43)) - raft.server.log.queue.byte-limit = 2147483647 (custom)
2019-07-14 06:52:21,425 INFO  server.RaftServerConfigKeys (ConfUtils.java:logGet(43)) - raft.server.log.queue.element-limit = 1024 (custom)
2019-07-14 06:52:21,425 INFO  server.RaftServerConfigKeys (ConfUtils.java:logGet(43)) - raft.server.log.segment.size.max = 1048576 (custom)
2019-07-14 06:52:21,425 INFO  server.RaftServerConfigKeys (ConfUtils.java:logGet(43)) - raft.server.log.preallocated.size = 16384 (custom)
2019-07-14 06:52:21,426 INFO  server.RaftServerConfigKeys (ConfUtils.java:logGet(43)) - raft.server.log.write.buffer.size = 33554432 (custom)
2019-07-14 06:52:21,426 INFO  server.RaftServerConfigKeys (ConfUtils.java:logGet(43)) - raft.server.log.force.sync.num = 128 (default)
2019-07-14 06:52:21,426 INFO  server.RaftServerConfigKeys (ConfUtils.java:logGet(43)) - raft.server.log.statemachine.data.sync = true (default)
2019-07-14 06:52:21,426 INFO  server.RaftServerConfigKeys (ConfUtils.java:logGet(43)) - raft.server.log.statemachine.data.sync.timeout = 10s (default)
2019-07-14 06:52:21,426 INFO  server.RaftServerConfigKeys (ConfUtils.java:logGet(43)) - raft.server.log.statemachine.data.sync.timeout.retry = -1 (default)
2019-07-14 06:52:21,426 INFO  server.RaftServerConfigKeys (ConfUtils.java:logGet(43)) - raft.server.log.statemachine.data.caching.enabled = true (custom)
2019-07-14 06:52:21,427 INFO  segmented.SegmentedRaftLogWorker (SegmentedRaftLogWorker.java:lambda$new$0(132)) - da343c1c-8367-46f5-a9ef-bb79fda7b344-SegmentedRaftLogWorker:Storage Directory /tmp/workdir/hadoop-ozone/integration-test/target/test-dir/MiniOzoneClusterImpl-60549c81-59ca-4eab-8951-3bc22d076988/datanode-3/data/ratis/4885c860-3c98-495a-8c70-e9dbe3f899ff: flushIndex: setUnconditionally 0 -> -1
2019-07-14 06:52:21,427 INFO  server.RaftServerConfigKeys (ConfUtils.java:logGet(43)) - raft.server.snapshot.auto.trigger.enabled = true (custom)
2019-07-14 06:52:21,427 INFO  server.RaftServerConfigKeys (ConfUtils.java:logGet(43)) - raft.server.snapshot.auto.trigger.threshold = 10000 (custom)
2019-07-14 06:52:21,427 INFO  server.RaftServerConfigKeys (ConfUtils.java:logGet(43)) - raft.server.retrycache.expirytime = 600000ms (custom)
2019-07-14 06:52:21,427 INFO  impl.RaftServerImpl (RaftServerImpl.java:start(180)) - da343c1c-8367-46f5-a9ef-bb79fda7b344: start group-E9DBE3F899FF
2019-07-14 06:52:21,428 INFO  impl.RaftServerImpl (RaftServerImpl.java:setRole(171)) - da343c1c-8367-46f5-a9ef-bb79fda7b344:group-E9DBE3F899FF changes role from null to FOLLOWER at term 0 for startAsFollower
2019-07-14 06:52:21,428 INFO  impl.RoleInfo (RoleInfo.java:updateAndGet(143)) - da343c1c-8367-46f5-a9ef-bb79fda7b344: start FollowerState
2019-07-14 06:52:21,428 INFO  util.JmxRegister (JmxRegister.java:tryRegister(44)) - Successfully registered JMX Bean with object name Ratis:service=RaftServer,group=group-E9DBE3F899FF,id=da343c1c-8367-46f5-a9ef-bb79fda7b344
2019-07-14 06:52:21,430 INFO  pipeline.PipelineStateManager (PipelineStateManager.java:addPipeline(56)) - Created pipeline Pipeline[ Id: 4885c860-3c98-495a-8c70-e9dbe3f899ff, Nodes: da343c1c-8367-46f5-a9ef-bb79fda7b344{ip: 192.168.5.144, host: trunk-nightly-8c95p-1540871953, networkLocation: /default-rack, certSerialId: null}, Type:RATIS, Factor:ONE, State:OPEN]
2019-07-14 06:52:21,576 INFO  node.SCMNodeManager (SCMNodeManager.java:register(269)) - Registered Data node : a4c24659-6a6f-404d-a8b7-ecfa7e5f7d9a{ip: 192.168.5.144, host: trunk-nightly-8c95p-1540871953, networkLocation: /default-rack, certSerialId: null}
2019-07-14 06:52:21,596 INFO  impl.RaftServerProxy (RaftServerProxy.java:addNew(89)) - a4c24659-6a6f-404d-a8b7-ecfa7e5f7d9a: addNew group-7DA35D8E8168:[a4c24659-6a6f-404d-a8b7-ecfa7e5f7d9a:192.168.5.144:37316] returns group-7DA35D8E8168:java.util.concurrent.CompletableFuture@3c9541f1[Not completed]
2019-07-14 06:52:21,597 INFO  impl.RaftServerImpl (RaftServerImpl.java:<init>(93)) - a4c24659-6a6f-404d-a8b7-ecfa7e5f7d9a: new RaftServerImpl for group-7DA35D8E8168:[a4c24659-6a6f-404d-a8b7-ecfa7e5f7d9a:192.168.5.144:37316] with ContainerStateMachine:uninitialized
2019-07-14 06:52:21,597 INFO  server.RaftServerConfigKeys (ConfUtils.java:logGet(43)) - raft.server.rpc.timeout.min = 5s (custom)
2019-07-14 06:52:21,597 INFO  server.RaftServerConfigKeys (ConfUtils.java:logGet(43)) - raft.server.rpc.timeout.max = 5200ms (custom)
2019-07-14 06:52:21,597 INFO  server.RaftServerConfigKeys (ConfUtils.java:logGet(43)) - raft.server.rpcslowness.timeout = 120s (custom)
2019-07-14 06:52:21,598 INFO  server.RaftServerConfigKeys (ConfUtils.java:logGet(43)) - raft.server.sleep.deviation.threshold = 300 (default)
2019-07-14 06:52:21,598 INFO  server.RaftServerConfigKeys (ConfUtils.java:logGet(43)) - raft.server.log.appender.install.snapshot.enabled = false (custom)
2019-07-14 06:52:21,598 INFO  impl.RaftServerImpl (ServerState.java:<init>(105)) - a4c24659-6a6f-404d-a8b7-ecfa7e5f7d9a:group-7DA35D8E8168 ConfigurationManager, init=-1: [a4c24659-6a6f-404d-a8b7-ecfa7e5f7d9a:192.168.5.144:37316], old=null, confs=<EMPTY_MAP>
2019-07-14 06:52:21,598 INFO  server.RaftServerConfigKeys (ConfUtils.java:logGet(43)) - raft.server.storage.dir = [/tmp/workdir/hadoop-ozone/integration-test/target/test-dir/MiniOzoneClusterImpl-60549c81-59ca-4eab-8951-3bc22d076988/datanode-4/data/ratis] (custom)
2019-07-14 06:52:21,599 INFO  storage.RaftStorageDirectory (RaftStorageDirectory.java:analyzeStorage(246)) - The storage directory /tmp/workdir/hadoop-ozone/integration-test/target/test-dir/MiniOzoneClusterImpl-60549c81-59ca-4eab-8951-3bc22d076988/datanode-4/data/ratis/f6d22915-d182-4a0f-8f49-7da35d8e8168 does not exist. Creating ...
2019-07-14 06:52:21,603 INFO  storage.RaftStorageDirectory (RaftStorageDirectory.java:tryLock(328)) - Lock on /tmp/workdir/hadoop-ozone/integration-test/target/test-dir/MiniOzoneClusterImpl-60549c81-59ca-4eab-8951-3bc22d076988/datanode-4/data/ratis/f6d22915-d182-4a0f-8f49-7da35d8e8168/in_use.lock acquired by nodename 3046@trunk-nightly-8c95p-1540871953
2019-07-14 06:52:21,607 INFO  storage.RaftStorage (RaftStorage.java:format(72)) - Storage directory /tmp/workdir/hadoop-ozone/integration-test/target/test-dir/MiniOzoneClusterImpl-60549c81-59ca-4eab-8951-3bc22d076988/datanode-4/data/ratis/f6d22915-d182-4a0f-8f49-7da35d8e8168 has been successfully formatted.
2019-07-14 06:52:21,607 INFO  ratis.ContainerStateMachine (ContainerStateMachine.java:loadSnapshot(200)) - group-7DA35D8E8168: The snapshot info is null. Setting the last applied indexto:(t:0, i:~)
2019-07-14 06:52:21,607 INFO  server.RaftServerConfigKeys (ConfUtils.java:logGet(43)) - raft.server.leader.election.timeout = 120s (custom)
2019-07-14 06:52:21,607 INFO  server.RaftServerConfigKeys (ConfUtils.java:logGet(43)) - raft.server.log.use.memory = false (default)
2019-07-14 06:52:21,607 INFO  server.RaftServerConfigKeys (ConfUtils.java:logGet(43)) - raft.server.log.purge.gap = 1000000000 (custom)
2019-07-14 06:52:21,608 INFO  server.RaftServerConfigKeys (ConfUtils.java:logGet(43)) - raft.server.log.appender.buffer.byte-limit = 33554432 (custom)
2019-07-14 06:52:21,608 INFO  server.RaftServerConfigKeys (ConfUtils.java:logGet(43)) - raft.server.log.segment.size.max = 1048576 (custom)
2019-07-14 06:52:21,608 INFO  server.RaftServerConfigKeys (ConfUtils.java:logGet(43)) - raft.server.log.segment.cache.num.max = 2 (custom)
2019-07-14 06:52:21,608 INFO  segmented.SegmentedRaftLogWorker (SegmentedRaftLogWorker.java:<init>(172)) - new a4c24659-6a6f-404d-a8b7-ecfa7e5f7d9a-SegmentedRaftLogWorker:Storage Directory /tmp/workdir/hadoop-ozone/integration-test/target/test-dir/MiniOzoneClusterImpl-60549c81-59ca-4eab-8951-3bc22d076988/datanode-4/data/ratis/f6d22915-d182-4a0f-8f49-7da35d8e8168 for RaftStorage:Storage Directory /tmp/workdir/hadoop-ozone/integration-test/target/test-dir/MiniOzoneClusterImpl-60549c81-59ca-4eab-8951-3bc22d076988/datanode-4/data/ratis/f6d22915-d182-4a0f-8f49-7da35d8e8168
2019-07-14 06:52:21,608 INFO  server.RaftServerConfigKeys (ConfUtils.java:logGet(43)) - raft.server.log.queue.byte-limit = 2147483647 (custom)
2019-07-14 06:52:21,608 INFO  server.RaftServerConfigKeys (ConfUtils.java:logGet(43)) - raft.server.log.queue.element-limit = 1024 (custom)
2019-07-14 06:52:21,609 INFO  server.RaftServerConfigKeys (ConfUtils.java:logGet(43)) - raft.server.log.segment.size.max = 1048576 (custom)
2019-07-14 06:52:21,609 INFO  server.RaftServerConfigKeys (ConfUtils.java:logGet(43)) - raft.server.log.preallocated.size = 16384 (custom)
2019-07-14 06:52:21,609 INFO  server.RaftServerConfigKeys (ConfUtils.java:logGet(43)) - raft.server.log.write.buffer.size = 33554432 (custom)
2019-07-14 06:52:21,609 INFO  server.RaftServerConfigKeys (ConfUtils.java:logGet(43)) - raft.server.log.force.sync.num = 128 (default)
2019-07-14 06:52:21,609 INFO  server.RaftServerConfigKeys (ConfUtils.java:logGet(43)) - raft.server.log.statemachine.data.sync = true (default)
2019-07-14 06:52:21,609 INFO  server.RaftServerConfigKeys (ConfUtils.java:logGet(43)) - raft.server.log.statemachine.data.sync.timeout = 10s (default)
2019-07-14 06:52:21,610 INFO  server.RaftServerConfigKeys (ConfUtils.java:logGet(43)) - raft.server.log.statemachine.data.sync.timeout.retry = -1 (default)
2019-07-14 06:52:21,610 INFO  server.RaftServerConfigKeys (ConfUtils.java:logGet(43)) - raft.server.log.statemachine.data.caching.enabled = true (custom)
2019-07-14 06:52:21,610 INFO  segmented.SegmentedRaftLogWorker (SegmentedRaftLogWorker.java:lambda$new$0(132)) - a4c24659-6a6f-404d-a8b7-ecfa7e5f7d9a-SegmentedRaftLogWorker:Storage Directory /tmp/workdir/hadoop-ozone/integration-test/target/test-dir/MiniOzoneClusterImpl-60549c81-59ca-4eab-8951-3bc22d076988/datanode-4/data/ratis/f6d22915-d182-4a0f-8f49-7da35d8e8168: flushIndex: setUnconditionally 0 -> -1
2019-07-14 06:52:21,611 INFO  server.RaftServerConfigKeys (ConfUtils.java:logGet(43)) - raft.server.snapshot.auto.trigger.enabled = true (custom)
2019-07-14 06:52:21,611 INFO  server.RaftServerConfigKeys (ConfUtils.java:logGet(43)) - raft.server.snapshot.auto.trigger.threshold = 10000 (custom)
2019-07-14 06:52:21,611 INFO  server.RaftServerConfigKeys (ConfUtils.java:logGet(43)) - raft.server.retrycache.expirytime = 600000ms (custom)
2019-07-14 06:52:21,611 INFO  impl.RaftServerImpl (RaftServerImpl.java:start(180)) - a4c24659-6a6f-404d-a8b7-ecfa7e5f7d9a: start group-7DA35D8E8168
2019-07-14 06:52:21,611 INFO  impl.RaftServerImpl (RaftServerImpl.java:setRole(171)) - a4c24659-6a6f-404d-a8b7-ecfa7e5f7d9a:group-7DA35D8E8168 changes role from null to FOLLOWER at term 0 for startAsFollower
2019-07-14 06:52:21,611 INFO  impl.RoleInfo (RoleInfo.java:updateAndGet(143)) - a4c24659-6a6f-404d-a8b7-ecfa7e5f7d9a: start FollowerState
2019-07-14 06:52:21,612 INFO  util.JmxRegister (JmxRegister.java:tryRegister(44)) - Successfully registered JMX Bean with object name Ratis:service=RaftServer,group=group-7DA35D8E8168,id=a4c24659-6a6f-404d-a8b7-ecfa7e5f7d9a
2019-07-14 06:52:21,614 INFO  pipeline.PipelineStateManager (PipelineStateManager.java:addPipeline(56)) - Created pipeline Pipeline[ Id: f6d22915-d182-4a0f-8f49-7da35d8e8168, Nodes: a4c24659-6a6f-404d-a8b7-ecfa7e5f7d9a{ip: 192.168.5.144, host: trunk-nightly-8c95p-1540871953, networkLocation: /default-rack, certSerialId: null}, Type:RATIS, Factor:ONE, State:OPEN]
2019-07-14 06:52:21,757 INFO  node.SCMNodeManager (SCMNodeManager.java:register(269)) - Registered Data node : ff1ab4d3-cbe6-48f1-9b56-d6e99bbeb9d5{ip: 192.168.5.144, host: trunk-nightly-8c95p-1540871953, networkLocation: /default-rack, certSerialId: null}
2019-07-14 06:52:21,766 INFO  ozone.MiniOzoneClusterImpl (MiniOzoneClusterImpl.java:lambda$waitForClusterToBeReady$0(142)) - Cluster is ready. Got 6 of 6 DN Heartbeats.
2019-07-14 06:52:21,796 INFO  impl.RaftServerProxy (RaftServerProxy.java:addNew(89)) - ff1ab4d3-cbe6-48f1-9b56-d6e99bbeb9d5: addNew group-963B4F6A1FA1:[ff1ab4d3-cbe6-48f1-9b56-d6e99bbeb9d5:192.168.5.144:39240] returns group-963B4F6A1FA1:java.util.concurrent.CompletableFuture@5f45a3df[Not completed]
2019-07-14 06:52:21,810 INFO  impl.RaftServerImpl (RaftServerImpl.java:<init>(93)) - ff1ab4d3-cbe6-48f1-9b56-d6e99bbeb9d5: new RaftServerImpl for group-963B4F6A1FA1:[ff1ab4d3-cbe6-48f1-9b56-d6e99bbeb9d5:192.168.5.144:39240] with ContainerStateMachine:uninitialized
2019-07-14 06:52:21,810 INFO  server.RaftServerConfigKeys (ConfUtils.java:logGet(43)) - raft.server.rpc.timeout.min = 5s (custom)
2019-07-14 06:52:21,810 INFO  server.RaftServerConfigKeys (ConfUtils.java:logGet(43)) - raft.server.rpc.timeout.max = 5200ms (custom)
2019-07-14 06:52:21,810 INFO  server.RaftServerConfigKeys (ConfUtils.java:logGet(43)) - raft.server.rpcslowness.timeout = 120s (custom)
2019-07-14 06:52:21,810 INFO  server.RaftServerConfigKeys (ConfUtils.java:logGet(43)) - raft.server.sleep.deviation.threshold = 300 (default)
2019-07-14 06:52:21,811 INFO  server.RaftServerConfigKeys (ConfUtils.java:logGet(43)) - raft.server.log.appender.install.snapshot.enabled = false (custom)
2019-07-14 06:52:21,811 INFO  impl.RaftServerImpl (ServerState.java:<init>(105)) - ff1ab4d3-cbe6-48f1-9b56-d6e99bbeb9d5:group-963B4F6A1FA1 ConfigurationManager, init=-1: [ff1ab4d3-cbe6-48f1-9b56-d6e99bbeb9d5:192.168.5.144:39240], old=null, confs=<EMPTY_MAP>
2019-07-14 06:52:21,811 INFO  server.RaftServerConfigKeys (ConfUtils.java:logGet(43)) - raft.server.storage.dir = [/tmp/workdir/hadoop-ozone/integration-test/target/test-dir/MiniOzoneClusterImpl-60549c81-59ca-4eab-8951-3bc22d076988/datanode-5/data/ratis] (custom)
2019-07-14 06:52:21,811 INFO  storage.RaftStorageDirectory (RaftStorageDirectory.java:analyzeStorage(246)) - The storage directory /tmp/workdir/hadoop-ozone/integration-test/target/test-dir/MiniOzoneClusterImpl-60549c81-59ca-4eab-8951-3bc22d076988/datanode-5/data/ratis/5554db16-a972-46eb-ba32-963b4f6a1fa1 does not exist. Creating ...
2019-07-14 06:52:21,812 INFO  rpc.RpcClient (RpcClient.java:createVolume(287)) - Creating Volume: datanodefailurehandlingtest, with jenkins1000 as owner.
2019-07-14 06:52:21,818 INFO  storage.RaftStorageDirectory (RaftStorageDirectory.java:tryLock(328)) - Lock on /tmp/workdir/hadoop-ozone/integration-test/target/test-dir/MiniOzoneClusterImpl-60549c81-59ca-4eab-8951-3bc22d076988/datanode-5/data/ratis/5554db16-a972-46eb-ba32-963b4f6a1fa1/in_use.lock acquired by nodename 3046@trunk-nightly-8c95p-1540871953
2019-07-14 06:52:21,830 INFO  storage.RaftStorage (RaftStorage.java:format(72)) - Storage directory /tmp/workdir/hadoop-ozone/integration-test/target/test-dir/MiniOzoneClusterImpl-60549c81-59ca-4eab-8951-3bc22d076988/datanode-5/data/ratis/5554db16-a972-46eb-ba32-963b4f6a1fa1 has been successfully formatted.
2019-07-14 06:52:21,831 INFO  ratis.ContainerStateMachine (ContainerStateMachine.java:loadSnapshot(200)) - group-963B4F6A1FA1: The snapshot info is null. Setting the last applied indexto:(t:0, i:~)
2019-07-14 06:52:21,831 INFO  server.RaftServerConfigKeys (ConfUtils.java:logGet(43)) - raft.server.leader.election.timeout = 120s (custom)
2019-07-14 06:52:21,831 INFO  rpc.RpcClient (RpcClient.java:createBucket(424)) - Creating Bucket: datanodefailurehandlingtest/datanodefailurehandlingtest, with Versioning false and Storage Type set to DISK and Encryption set to false 
2019-07-14 06:52:21,831 INFO  server.RaftServerConfigKeys (ConfUtils.java:logGet(43)) - raft.server.log.use.memory = false (default)
2019-07-14 06:52:21,831 INFO  server.RaftServerConfigKeys (ConfUtils.java:logGet(43)) - raft.server.log.purge.gap = 1000000000 (custom)
2019-07-14 06:52:21,831 INFO  server.RaftServerConfigKeys (ConfUtils.java:logGet(43)) - raft.server.log.appender.buffer.byte-limit = 33554432 (custom)
2019-07-14 06:52:21,832 INFO  server.RaftServerConfigKeys (ConfUtils.java:logGet(43)) - raft.server.log.segment.size.max = 1048576 (custom)
2019-07-14 06:52:21,832 INFO  server.RaftServerConfigKeys (ConfUtils.java:logGet(43)) - raft.server.log.segment.cache.num.max = 2 (custom)
2019-07-14 06:52:21,835 INFO  segmented.SegmentedRaftLogWorker (SegmentedRaftLogWorker.java:<init>(172)) - new ff1ab4d3-cbe6-48f1-9b56-d6e99bbeb9d5-SegmentedRaftLogWorker:Storage Directory /tmp/workdir/hadoop-ozone/integration-test/target/test-dir/MiniOzoneClusterImpl-60549c81-59ca-4eab-8951-3bc22d076988/datanode-5/data/ratis/5554db16-a972-46eb-ba32-963b4f6a1fa1 for RaftStorage:Storage Directory /tmp/workdir/hadoop-ozone/integration-test/target/test-dir/MiniOzoneClusterImpl-60549c81-59ca-4eab-8951-3bc22d076988/datanode-5/data/ratis/5554db16-a972-46eb-ba32-963b4f6a1fa1
2019-07-14 06:52:21,835 INFO  server.RaftServerConfigKeys (ConfUtils.java:logGet(43)) - raft.server.log.queue.byte-limit = 2147483647 (custom)
2019-07-14 06:52:21,835 INFO  server.RaftServerConfigKeys (ConfUtils.java:logGet(43)) - raft.server.log.queue.element-limit = 1024 (custom)
2019-07-14 06:52:21,835 INFO  server.RaftServerConfigKeys (ConfUtils.java:logGet(43)) - raft.server.log.segment.size.max = 1048576 (custom)
2019-07-14 06:52:21,836 INFO  server.RaftServerConfigKeys (ConfUtils.java:logGet(43)) - raft.server.log.preallocated.size = 16384 (custom)
2019-07-14 06:52:21,836 INFO  server.RaftServerConfigKeys (ConfUtils.java:logGet(43)) - raft.server.log.write.buffer.size = 33554432 (custom)
2019-07-14 06:52:21,836 INFO  server.RaftServerConfigKeys (ConfUtils.java:logGet(43)) - raft.server.log.force.sync.num = 128 (default)
2019-07-14 06:52:21,836 INFO  server.RaftServerConfigKeys (ConfUtils.java:logGet(43)) - raft.server.log.statemachine.data.sync = true (default)
2019-07-14 06:52:21,836 INFO  server.RaftServerConfigKeys (ConfUtils.java:logGet(43)) - raft.server.log.statemachine.data.sync.timeout = 10s (default)
2019-07-14 06:52:21,836 INFO  server.RaftServerConfigKeys (ConfUtils.java:logGet(43)) - raft.server.log.statemachine.data.sync.timeout.retry = -1 (default)
2019-07-14 06:52:21,837 INFO  server.RaftServerConfigKeys (ConfUtils.java:logGet(43)) - raft.server.log.statemachine.data.caching.enabled = true (custom)
2019-07-14 06:52:21,837 INFO  segmented.SegmentedRaftLogWorker (SegmentedRaftLogWorker.java:lambda$new$0(132)) - ff1ab4d3-cbe6-48f1-9b56-d6e99bbeb9d5-SegmentedRaftLogWorker:Storage Directory /tmp/workdir/hadoop-ozone/integration-test/target/test-dir/MiniOzoneClusterImpl-60549c81-59ca-4eab-8951-3bc22d076988/datanode-5/data/ratis/5554db16-a972-46eb-ba32-963b4f6a1fa1: flushIndex: setUnconditionally 0 -> -1
2019-07-14 06:52:21,837 INFO  server.RaftServerConfigKeys (ConfUtils.java:logGet(43)) - raft.server.snapshot.auto.trigger.enabled = true (custom)
2019-07-14 06:52:21,838 INFO  server.RaftServerConfigKeys (ConfUtils.java:logGet(43)) - raft.server.snapshot.auto.trigger.threshold = 10000 (custom)
2019-07-14 06:52:21,838 INFO  server.RaftServerConfigKeys (ConfUtils.java:logGet(43)) - raft.server.retrycache.expirytime = 600000ms (custom)
2019-07-14 06:52:21,838 INFO  impl.RaftServerImpl (RaftServerImpl.java:start(180)) - ff1ab4d3-cbe6-48f1-9b56-d6e99bbeb9d5: start group-963B4F6A1FA1
2019-07-14 06:52:21,838 INFO  impl.RaftServerImpl (RaftServerImpl.java:setRole(171)) - ff1ab4d3-cbe6-48f1-9b56-d6e99bbeb9d5:group-963B4F6A1FA1 changes role from null to FOLLOWER at term 0 for startAsFollower
2019-07-14 06:52:21,838 INFO  impl.RoleInfo (RoleInfo.java:updateAndGet(143)) - ff1ab4d3-cbe6-48f1-9b56-d6e99bbeb9d5: start FollowerState
2019-07-14 06:52:21,839 INFO  util.JmxRegister (JmxRegister.java:tryRegister(44)) - Successfully registered JMX Bean with object name Ratis:service=RaftServer,group=group-963B4F6A1FA1,id=ff1ab4d3-cbe6-48f1-9b56-d6e99bbeb9d5
2019-07-14 06:52:21,841 INFO  pipeline.PipelineStateManager (PipelineStateManager.java:addPipeline(56)) - Created pipeline Pipeline[ Id: 5554db16-a972-46eb-ba32-963b4f6a1fa1, Nodes: ff1ab4d3-cbe6-48f1-9b56-d6e99bbeb9d5{ip: 192.168.5.144, host: trunk-nightly-8c95p-1540871953, networkLocation: /default-rack, certSerialId: null}, Type:RATIS, Factor:ONE, State:OPEN]
2019-07-14 06:52:21,884 INFO  impl.RaftServerProxy (RaftServerProxy.java:addNew(89)) - a4c24659-6a6f-404d-a8b7-ecfa7e5f7d9a: addNew group-8D33B243C8F8:[da343c1c-8367-46f5-a9ef-bb79fda7b344:192.168.5.144:32905, a4c24659-6a6f-404d-a8b7-ecfa7e5f7d9a:192.168.5.144:37316, ff1ab4d3-cbe6-48f1-9b56-d6e99bbeb9d5:192.168.5.144:39240] returns group-8D33B243C8F8:java.util.concurrent.CompletableFuture@42dabf3b[Not completed]
2019-07-14 06:52:21,884 INFO  impl.RaftServerProxy (RaftServerProxy.java:addNew(89)) - ff1ab4d3-cbe6-48f1-9b56-d6e99bbeb9d5: addNew group-8D33B243C8F8:[da343c1c-8367-46f5-a9ef-bb79fda7b344:192.168.5.144:32905, a4c24659-6a6f-404d-a8b7-ecfa7e5f7d9a:192.168.5.144:37316, ff1ab4d3-cbe6-48f1-9b56-d6e99bbeb9d5:192.168.5.144:39240] returns group-8D33B243C8F8:java.util.concurrent.CompletableFuture@4cbd20bf[Not completed]
2019-07-14 06:52:21,888 INFO  impl.RaftServerProxy (RaftServerProxy.java:addNew(89)) - da343c1c-8367-46f5-a9ef-bb79fda7b344: addNew group-8D33B243C8F8:[da343c1c-8367-46f5-a9ef-bb79fda7b344:192.168.5.144:32905, a4c24659-6a6f-404d-a8b7-ecfa7e5f7d9a:192.168.5.144:37316, ff1ab4d3-cbe6-48f1-9b56-d6e99bbeb9d5:192.168.5.144:39240] returns group-8D33B243C8F8:java.util.concurrent.CompletableFuture@2b5f9d29[Not completed]
2019-07-14 06:52:21,889 INFO  impl.RaftServerImpl (RaftServerImpl.java:<init>(93)) - a4c24659-6a6f-404d-a8b7-ecfa7e5f7d9a: new RaftServerImpl for group-8D33B243C8F8:[da343c1c-8367-46f5-a9ef-bb79fda7b344:192.168.5.144:32905, a4c24659-6a6f-404d-a8b7-ecfa7e5f7d9a:192.168.5.144:37316, ff1ab4d3-cbe6-48f1-9b56-d6e99bbeb9d5:192.168.5.144:39240] with ContainerStateMachine:uninitialized
2019-07-14 06:52:21,889 INFO  server.RaftServerConfigKeys (ConfUtils.java:logGet(43)) - raft.server.rpc.timeout.min = 5s (custom)
2019-07-14 06:52:21,889 INFO  server.RaftServerConfigKeys (ConfUtils.java:logGet(43)) - raft.server.rpc.timeout.max = 5200ms (custom)
2019-07-14 06:52:21,889 INFO  impl.RaftServerImpl (RaftServerImpl.java:<init>(93)) - da343c1c-8367-46f5-a9ef-bb79fda7b344: new RaftServerImpl for group-8D33B243C8F8:[da343c1c-8367-46f5-a9ef-bb79fda7b344:192.168.5.144:32905, a4c24659-6a6f-404d-a8b7-ecfa7e5f7d9a:192.168.5.144:37316, ff1ab4d3-cbe6-48f1-9b56-d6e99bbeb9d5:192.168.5.144:39240] with ContainerStateMachine:uninitialized
2019-07-14 06:52:21,890 INFO  server.RaftServerConfigKeys (ConfUtils.java:logGet(43)) - raft.server.rpcslowness.timeout = 120s (custom)
2019-07-14 06:52:21,890 INFO  server.RaftServerConfigKeys (ConfUtils.java:logGet(43)) - raft.server.rpc.timeout.min = 5s (custom)
2019-07-14 06:52:21,890 INFO  server.RaftServerConfigKeys (ConfUtils.java:logGet(43)) - raft.server.sleep.deviation.threshold = 300 (default)
2019-07-14 06:52:21,890 INFO  server.RaftServerConfigKeys (ConfUtils.java:logGet(43)) - raft.server.rpc.timeout.max = 5200ms (custom)
2019-07-14 06:52:21,890 INFO  impl.RaftServerImpl (RaftServerImpl.java:<init>(93)) - ff1ab4d3-cbe6-48f1-9b56-d6e99bbeb9d5: new RaftServerImpl for group-8D33B243C8F8:[da343c1c-8367-46f5-a9ef-bb79fda7b344:192.168.5.144:32905, a4c24659-6a6f-404d-a8b7-ecfa7e5f7d9a:192.168.5.144:37316, ff1ab4d3-cbe6-48f1-9b56-d6e99bbeb9d5:192.168.5.144:39240] with ContainerStateMachine:uninitialized
2019-07-14 06:52:21,890 INFO  server.RaftServerConfigKeys (ConfUtils.java:logGet(43)) - raft.server.rpcslowness.timeout = 120s (custom)
2019-07-14 06:52:21,890 INFO  server.RaftServerConfigKeys (ConfUtils.java:logGet(43)) - raft.server.log.appender.install.snapshot.enabled = false (custom)
2019-07-14 06:52:21,891 INFO  server.RaftServerConfigKeys (ConfUtils.java:logGet(43)) - raft.server.sleep.deviation.threshold = 300 (default)
2019-07-14 06:52:21,891 INFO  server.RaftServerConfigKeys (ConfUtils.java:logGet(43)) - raft.server.log.appender.install.snapshot.enabled = false (custom)
2019-07-14 06:52:21,890 INFO  server.RaftServerConfigKeys (ConfUtils.java:logGet(43)) - raft.server.rpc.timeout.min = 5s (custom)
2019-07-14 06:52:21,891 INFO  impl.RaftServerImpl (ServerState.java:<init>(105)) - da343c1c-8367-46f5-a9ef-bb79fda7b344:group-8D33B243C8F8 ConfigurationManager, init=-1: [da343c1c-8367-46f5-a9ef-bb79fda7b344:192.168.5.144:32905, a4c24659-6a6f-404d-a8b7-ecfa7e5f7d9a:192.168.5.144:37316, ff1ab4d3-cbe6-48f1-9b56-d6e99bbeb9d5:192.168.5.144:39240], old=null, confs=<EMPTY_MAP>
2019-07-14 06:52:21,891 INFO  impl.RaftServerImpl (ServerState.java:<init>(105)) - a4c24659-6a6f-404d-a8b7-ecfa7e5f7d9a:group-8D33B243C8F8 ConfigurationManager, init=-1: [da343c1c-8367-46f5-a9ef-bb79fda7b344:192.168.5.144:32905, a4c24659-6a6f-404d-a8b7-ecfa7e5f7d9a:192.168.5.144:37316, ff1ab4d3-cbe6-48f1-9b56-d6e99bbeb9d5:192.168.5.144:39240], old=null, confs=<EMPTY_MAP>
2019-07-14 06:52:21,891 INFO  server.RaftServerConfigKeys (ConfUtils.java:logGet(43)) - raft.server.storage.dir = [/tmp/workdir/hadoop-ozone/integration-test/target/test-dir/MiniOzoneClusterImpl-60549c81-59ca-4eab-8951-3bc22d076988/datanode-3/data/ratis] (custom)
2019-07-14 06:52:21,891 INFO  server.RaftServerConfigKeys (ConfUtils.java:logGet(43)) - raft.server.rpc.timeout.max = 5200ms (custom)
2019-07-14 06:52:21,891 INFO  server.RaftServerConfigKeys (ConfUtils.java:logGet(43)) - raft.server.storage.dir = [/tmp/workdir/hadoop-ozone/integration-test/target/test-dir/MiniOzoneClusterImpl-60549c81-59ca-4eab-8951-3bc22d076988/datanode-4/data/ratis] (custom)
2019-07-14 06:52:21,892 INFO  server.RaftServerConfigKeys (ConfUtils.java:logGet(43)) - raft.server.rpcslowness.timeout = 120s (custom)
2019-07-14 06:52:21,892 INFO  storage.RaftStorageDirectory (RaftStorageDirectory.java:analyzeStorage(246)) - The storage directory /tmp/workdir/hadoop-ozone/integration-test/target/test-dir/MiniOzoneClusterImpl-60549c81-59ca-4eab-8951-3bc22d076988/datanode-3/data/ratis/ed3e2c4d-7caa-4a5d-99d0-8d33b243c8f8 does not exist. Creating ...
2019-07-14 06:52:21,892 INFO  storage.RaftStorageDirectory (RaftStorageDirectory.java:analyzeStorage(246)) - The storage directory /tmp/workdir/hadoop-ozone/integration-test/target/test-dir/MiniOzoneClusterImpl-60549c81-59ca-4eab-8951-3bc22d076988/datanode-4/data/ratis/ed3e2c4d-7caa-4a5d-99d0-8d33b243c8f8 does not exist. Creating ...
2019-07-14 06:52:21,892 INFO  server.RaftServerConfigKeys (ConfUtils.java:logGet(43)) - raft.server.sleep.deviation.threshold = 300 (default)
2019-07-14 06:52:21,892 INFO  server.RaftServerConfigKeys (ConfUtils.java:logGet(43)) - raft.server.log.appender.install.snapshot.enabled = false (custom)
2019-07-14 06:52:21,893 INFO  impl.RaftServerImpl (ServerState.java:<init>(105)) - ff1ab4d3-cbe6-48f1-9b56-d6e99bbeb9d5:group-8D33B243C8F8 ConfigurationManager, init=-1: [da343c1c-8367-46f5-a9ef-bb79fda7b344:192.168.5.144:32905, a4c24659-6a6f-404d-a8b7-ecfa7e5f7d9a:192.168.5.144:37316, ff1ab4d3-cbe6-48f1-9b56-d6e99bbeb9d5:192.168.5.144:39240], old=null, confs=<EMPTY_MAP>
2019-07-14 06:52:21,893 INFO  server.RaftServerConfigKeys (ConfUtils.java:logGet(43)) - raft.server.storage.dir = [/tmp/workdir/hadoop-ozone/integration-test/target/test-dir/MiniOzoneClusterImpl-60549c81-59ca-4eab-8951-3bc22d076988/datanode-5/data/ratis] (custom)
2019-07-14 06:52:21,893 INFO  storage.RaftStorageDirectory (RaftStorageDirectory.java:analyzeStorage(246)) - The storage directory /tmp/workdir/hadoop-ozone/integration-test/target/test-dir/MiniOzoneClusterImpl-60549c81-59ca-4eab-8951-3bc22d076988/datanode-5/data/ratis/ed3e2c4d-7caa-4a5d-99d0-8d33b243c8f8 does not exist. Creating ...
2019-07-14 06:52:21,907 INFO  storage.RaftStorageDirectory (RaftStorageDirectory.java:tryLock(328)) - Lock on /tmp/workdir/hadoop-ozone/integration-test/target/test-dir/MiniOzoneClusterImpl-60549c81-59ca-4eab-8951-3bc22d076988/datanode-4/data/ratis/ed3e2c4d-7caa-4a5d-99d0-8d33b243c8f8/in_use.lock acquired by nodename 3046@trunk-nightly-8c95p-1540871953
2019-07-14 06:52:21,907 INFO  storage.RaftStorageDirectory (RaftStorageDirectory.java:tryLock(328)) - Lock on /tmp/workdir/hadoop-ozone/integration-test/target/test-dir/MiniOzoneClusterImpl-60549c81-59ca-4eab-8951-3bc22d076988/datanode-3/data/ratis/ed3e2c4d-7caa-4a5d-99d0-8d33b243c8f8/in_use.lock acquired by nodename 3046@trunk-nightly-8c95p-1540871953
2019-07-14 06:52:21,907 INFO  storage.RaftStorageDirectory (RaftStorageDirectory.java:tryLock(328)) - Lock on /tmp/workdir/hadoop-ozone/integration-test/target/test-dir/MiniOzoneClusterImpl-60549c81-59ca-4eab-8951-3bc22d076988/datanode-5/data/ratis/ed3e2c4d-7caa-4a5d-99d0-8d33b243c8f8/in_use.lock acquired by nodename 3046@trunk-nightly-8c95p-1540871953
2019-07-14 06:52:21,913 INFO  storage.RaftStorage (RaftStorage.java:format(72)) - Storage directory /tmp/workdir/hadoop-ozone/integration-test/target/test-dir/MiniOzoneClusterImpl-60549c81-59ca-4eab-8951-3bc22d076988/datanode-4/data/ratis/ed3e2c4d-7caa-4a5d-99d0-8d33b243c8f8 has been successfully formatted.
2019-07-14 06:52:21,913 INFO  storage.RaftStorage (RaftStorage.java:format(72)) - Storage directory /tmp/workdir/hadoop-ozone/integration-test/target/test-dir/MiniOzoneClusterImpl-60549c81-59ca-4eab-8951-3bc22d076988/datanode-3/data/ratis/ed3e2c4d-7caa-4a5d-99d0-8d33b243c8f8 has been successfully formatted.
2019-07-14 06:52:21,913 INFO  storage.RaftStorage (RaftStorage.java:format(72)) - Storage directory /tmp/workdir/hadoop-ozone/integration-test/target/test-dir/MiniOzoneClusterImpl-60549c81-59ca-4eab-8951-3bc22d076988/datanode-5/data/ratis/ed3e2c4d-7caa-4a5d-99d0-8d33b243c8f8 has been successfully formatted.
2019-07-14 06:52:21,913 INFO  ratis.ContainerStateMachine (ContainerStateMachine.java:loadSnapshot(200)) - group-8D33B243C8F8: The snapshot info is null. Setting the last applied indexto:(t:0, i:~)
2019-07-14 06:52:21,913 INFO  ratis.ContainerStateMachine (ContainerStateMachine.java:loadSnapshot(200)) - group-8D33B243C8F8: The snapshot info is null. Setting the last applied indexto:(t:0, i:~)
2019-07-14 06:52:21,914 INFO  server.RaftServerConfigKeys (ConfUtils.java:logGet(43)) - raft.server.leader.election.timeout = 120s (custom)
2019-07-14 06:52:21,913 INFO  ratis.ContainerStateMachine (ContainerStateMachine.java:loadSnapshot(200)) - group-8D33B243C8F8: The snapshot info is null. Setting the last applied indexto:(t:0, i:~)
2019-07-14 06:52:21,914 INFO  server.RaftServerConfigKeys (ConfUtils.java:logGet(43)) - raft.server.log.use.memory = false (default)
2019-07-14 06:52:21,914 INFO  server.RaftServerConfigKeys (ConfUtils.java:logGet(43)) - raft.server.leader.election.timeout = 120s (custom)
2019-07-14 06:52:21,914 INFO  server.RaftServerConfigKeys (ConfUtils.java:logGet(43)) - raft.server.log.purge.gap = 1000000000 (custom)
2019-07-14 06:52:21,914 INFO  server.RaftServerConfigKeys (ConfUtils.java:logGet(43)) - raft.server.log.appender.buffer.byte-limit = 33554432 (custom)
2019-07-14 06:52:21,914 INFO  server.RaftServerConfigKeys (ConfUtils.java:logGet(43)) - raft.server.leader.election.timeout = 120s (custom)
2019-07-14 06:52:21,915 INFO  server.RaftServerConfigKeys (ConfUtils.java:logGet(43)) - raft.server.log.segment.size.max = 1048576 (custom)
2019-07-14 06:52:21,914 INFO  server.RaftServerConfigKeys (ConfUtils.java:logGet(43)) - raft.server.log.use.memory = false (default)
2019-07-14 06:52:21,915 INFO  server.RaftServerConfigKeys (ConfUtils.java:logGet(43)) - raft.server.log.segment.cache.num.max = 2 (custom)
2019-07-14 06:52:21,915 INFO  segmented.SegmentedRaftLogWorker (SegmentedRaftLogWorker.java:<init>(172)) - new da343c1c-8367-46f5-a9ef-bb79fda7b344-SegmentedRaftLogWorker:Storage Directory /tmp/workdir/hadoop-ozone/integration-test/target/test-dir/MiniOzoneClusterImpl-60549c81-59ca-4eab-8951-3bc22d076988/datanode-3/data/ratis/ed3e2c4d-7caa-4a5d-99d0-8d33b243c8f8 for RaftStorage:Storage Directory /tmp/workdir/hadoop-ozone/integration-test/target/test-dir/MiniOzoneClusterImpl-60549c81-59ca-4eab-8951-3bc22d076988/datanode-3/data/ratis/ed3e2c4d-7caa-4a5d-99d0-8d33b243c8f8
2019-07-14 06:52:21,915 INFO  server.RaftServerConfigKeys (ConfUtils.java:logGet(43)) - raft.server.log.use.memory = false (default)
2019-07-14 06:52:21,915 INFO  server.RaftServerConfigKeys (ConfUtils.java:logGet(43)) - raft.server.log.queue.byte-limit = 2147483647 (custom)
2019-07-14 06:52:21,915 INFO  server.RaftServerConfigKeys (ConfUtils.java:logGet(43)) - raft.server.log.purge.gap = 1000000000 (custom)
2019-07-14 06:52:21,916 INFO  server.RaftServerConfigKeys (ConfUtils.java:logGet(43)) - raft.server.log.queue.element-limit = 1024 (custom)
2019-07-14 06:52:21,915 INFO  server.RaftServerConfigKeys (ConfUtils.java:logGet(43)) - raft.server.log.purge.gap = 1000000000 (custom)
2019-07-14 06:52:21,916 INFO  server.RaftServerConfigKeys (ConfUtils.java:logGet(43)) - raft.server.log.segment.size.max = 1048576 (custom)
2019-07-14 06:52:21,916 INFO  server.RaftServerConfigKeys (ConfUtils.java:logGet(43)) - raft.server.log.preallocated.size = 16384 (custom)
2019-07-14 06:52:21,916 INFO  server.RaftServerConfigKeys (ConfUtils.java:logGet(43)) - raft.server.log.appender.buffer.byte-limit = 33554432 (custom)
2019-07-14 06:52:21,916 INFO  server.RaftServerConfigKeys (ConfUtils.java:logGet(43)) - raft.server.log.write.buffer.size = 33554432 (custom)
2019-07-14 06:52:21,916 INFO  server.RaftServerConfigKeys (ConfUtils.java:logGet(43)) - raft.server.log.force.sync.num = 128 (default)
2019-07-14 06:52:21,916 INFO  server.RaftServerConfigKeys (ConfUtils.java:logGet(43)) - raft.server.log.appender.buffer.byte-limit = 33554432 (custom)
2019-07-14 06:52:21,917 INFO  server.RaftServerConfigKeys (ConfUtils.java:logGet(43)) - raft.server.log.statemachine.data.sync = true (default)
2019-07-14 06:52:21,916 INFO  server.RaftServerConfigKeys (ConfUtils.java:logGet(43)) - raft.server.log.segment.size.max = 1048576 (custom)
2019-07-14 06:52:21,917 INFO  server.RaftServerConfigKeys (ConfUtils.java:logGet(43)) - raft.server.log.statemachine.data.sync.timeout = 10s (default)
2019-07-14 06:52:21,917 INFO  server.RaftServerConfigKeys (ConfUtils.java:logGet(43)) - raft.server.log.segment.size.max = 1048576 (custom)
2019-07-14 06:52:21,917 INFO  server.RaftServerConfigKeys (ConfUtils.java:logGet(43)) - raft.server.log.statemachine.data.sync.timeout.retry = -1 (default)
2019-07-14 06:52:21,917 INFO  server.RaftServerConfigKeys (ConfUtils.java:logGet(43)) - raft.server.log.segment.cache.num.max = 2 (custom)
2019-07-14 06:52:21,917 INFO  server.RaftServerConfigKeys (ConfUtils.java:logGet(43)) - raft.server.log.statemachine.data.caching.enabled = true (custom)
2019-07-14 06:52:21,917 INFO  server.RaftServerConfigKeys (ConfUtils.java:logGet(43)) - raft.server.log.segment.cache.num.max = 2 (custom)
2019-07-14 06:52:21,918 INFO  segmented.SegmentedRaftLogWorker (SegmentedRaftLogWorker.java:<init>(172)) - new a4c24659-6a6f-404d-a8b7-ecfa7e5f7d9a-SegmentedRaftLogWorker:Storage Directory /tmp/workdir/hadoop-ozone/integration-test/target/test-dir/MiniOzoneClusterImpl-60549c81-59ca-4eab-8951-3bc22d076988/datanode-4/data/ratis/ed3e2c4d-7caa-4a5d-99d0-8d33b243c8f8 for RaftStorage:Storage Directory /tmp/workdir/hadoop-ozone/integration-test/target/test-dir/MiniOzoneClusterImpl-60549c81-59ca-4eab-8951-3bc22d076988/datanode-4/data/ratis/ed3e2c4d-7caa-4a5d-99d0-8d33b243c8f8
2019-07-14 06:52:21,918 INFO  segmented.SegmentedRaftLogWorker (SegmentedRaftLogWorker.java:lambda$new$0(132)) - da343c1c-8367-46f5-a9ef-bb79fda7b344-SegmentedRaftLogWorker:Storage Directory /tmp/workdir/hadoop-ozone/integration-test/target/test-dir/MiniOzoneClusterImpl-60549c81-59ca-4eab-8951-3bc22d076988/datanode-3/data/ratis/ed3e2c4d-7caa-4a5d-99d0-8d33b243c8f8: flushIndex: setUnconditionally 0 -> -1
2019-07-14 06:52:21,918 INFO  segmented.SegmentedRaftLogWorker (SegmentedRaftLogWorker.java:<init>(172)) - new ff1ab4d3-cbe6-48f1-9b56-d6e99bbeb9d5-SegmentedRaftLogWorker:Storage Directory /tmp/workdir/hadoop-ozone/integration-test/target/test-dir/MiniOzoneClusterImpl-60549c81-59ca-4eab-8951-3bc22d076988/datanode-5/data/ratis/ed3e2c4d-7caa-4a5d-99d0-8d33b243c8f8 for RaftStorage:Storage Directory /tmp/workdir/hadoop-ozone/integration-test/target/test-dir/MiniOzoneClusterImpl-60549c81-59ca-4eab-8951-3bc22d076988/datanode-5/data/ratis/ed3e2c4d-7caa-4a5d-99d0-8d33b243c8f8
2019-07-14 06:52:21,918 INFO  server.RaftServerConfigKeys (ConfUtils.java:logGet(43)) - raft.server.log.queue.byte-limit = 2147483647 (custom)
2019-07-14 06:52:21,918 INFO  server.RaftServerConfigKeys (ConfUtils.java:logGet(43)) - raft.server.snapshot.auto.trigger.enabled = true (custom)
2019-07-14 06:52:21,918 INFO  server.RaftServerConfigKeys (ConfUtils.java:logGet(43)) - raft.server.log.queue.byte-limit = 2147483647 (custom)
2019-07-14 06:52:21,919 INFO  server.RaftServerConfigKeys (ConfUtils.java:logGet(43)) - raft.server.snapshot.auto.trigger.threshold = 10000 (custom)
2019-07-14 06:52:21,918 INFO  server.RaftServerConfigKeys (ConfUtils.java:logGet(43)) - raft.server.log.queue.element-limit = 1024 (custom)
2019-07-14 06:52:21,919 INFO  server.RaftServerConfigKeys (ConfUtils.java:logGet(43)) - raft.server.retrycache.expirytime = 600000ms (custom)
2019-07-14 06:52:21,919 INFO  server.RaftServerConfigKeys (ConfUtils.java:logGet(43)) - raft.server.log.queue.element-limit = 1024 (custom)
2019-07-14 06:52:21,919 INFO  impl.RaftServerImpl (RaftServerImpl.java:start(180)) - da343c1c-8367-46f5-a9ef-bb79fda7b344: start group-8D33B243C8F8
2019-07-14 06:52:21,919 INFO  server.RaftServerConfigKeys (ConfUtils.java:logGet(43)) - raft.server.log.segment.size.max = 1048576 (custom)
2019-07-14 06:52:21,919 INFO  impl.RaftServerImpl (RaftServerImpl.java:setRole(171)) - da343c1c-8367-46f5-a9ef-bb79fda7b344:group-8D33B243C8F8 changes role from null to FOLLOWER at term 0 for startAsFollower
2019-07-14 06:52:21,919 INFO  server.RaftServerConfigKeys (ConfUtils.java:logGet(43)) - raft.server.log.segment.size.max = 1048576 (custom)
2019-07-14 06:52:21,920 INFO  impl.RoleInfo (RoleInfo.java:updateAndGet(143)) - da343c1c-8367-46f5-a9ef-bb79fda7b344: start FollowerState
2019-07-14 06:52:21,919 INFO  server.RaftServerConfigKeys (ConfUtils.java:logGet(43)) - raft.server.log.preallocated.size = 16384 (custom)
2019-07-14 06:52:21,920 INFO  server.RaftServerConfigKeys (ConfUtils.java:logGet(43)) - raft.server.log.preallocated.size = 16384 (custom)
2019-07-14 06:52:21,920 INFO  server.RaftServerConfigKeys (ConfUtils.java:logGet(43)) - raft.server.log.write.buffer.size = 33554432 (custom)
2019-07-14 06:52:21,920 INFO  server.RaftServerConfigKeys (ConfUtils.java:logGet(43)) - raft.server.log.write.buffer.size = 33554432 (custom)
2019-07-14 06:52:21,920 INFO  util.JmxRegister (JmxRegister.java:tryRegister(44)) - Successfully registered JMX Bean with object name Ratis:service=RaftServer,group=group-8D33B243C8F8,id=da343c1c-8367-46f5-a9ef-bb79fda7b344
2019-07-14 06:52:21,920 INFO  server.RaftServerConfigKeys (ConfUtils.java:logGet(43)) - raft.server.log.force.sync.num = 128 (default)
2019-07-14 06:52:21,920 INFO  server.RaftServerConfigKeys (ConfUtils.java:logGet(43)) - raft.server.log.force.sync.num = 128 (default)
2019-07-14 06:52:21,920 INFO  server.RaftServerConfigKeys (ConfUtils.java:logGet(43)) - raft.server.log.statemachine.data.sync = true (default)
2019-07-14 06:52:21,921 INFO  server.RaftServerConfigKeys (ConfUtils.java:logGet(43)) - raft.server.log.statemachine.data.sync = true (default)
2019-07-14 06:52:21,921 INFO  server.RaftServerConfigKeys (ConfUtils.java:logGet(43)) - raft.server.log.statemachine.data.sync.timeout = 10s (default)
2019-07-14 06:52:21,921 INFO  server.RaftServerConfigKeys (ConfUtils.java:logGet(43)) - raft.server.log.statemachine.data.sync.timeout = 10s (default)
2019-07-14 06:52:21,921 INFO  server.RaftServerConfigKeys (ConfUtils.java:logGet(43)) - raft.server.log.statemachine.data.sync.timeout.retry = -1 (default)
2019-07-14 06:52:21,921 INFO  server.RaftServerConfigKeys (ConfUtils.java:logGet(43)) - raft.server.log.statemachine.data.sync.timeout.retry = -1 (default)
2019-07-14 06:52:21,921 INFO  server.RaftServerConfigKeys (ConfUtils.java:logGet(43)) - raft.server.log.statemachine.data.caching.enabled = true (custom)
2019-07-14 06:52:21,921 INFO  server.RaftServerConfigKeys (ConfUtils.java:logGet(43)) - raft.server.log.statemachine.data.caching.enabled = true (custom)
2019-07-14 06:52:21,922 INFO  segmented.SegmentedRaftLogWorker (SegmentedRaftLogWorker.java:lambda$new$0(132)) - a4c24659-6a6f-404d-a8b7-ecfa7e5f7d9a-SegmentedRaftLogWorker:Storage Directory /tmp/workdir/hadoop-ozone/integration-test/target/test-dir/MiniOzoneClusterImpl-60549c81-59ca-4eab-8951-3bc22d076988/datanode-4/data/ratis/ed3e2c4d-7caa-4a5d-99d0-8d33b243c8f8: flushIndex: setUnconditionally 0 -> -1
2019-07-14 06:52:21,922 INFO  segmented.SegmentedRaftLogWorker (SegmentedRaftLogWorker.java:lambda$new$0(132)) - ff1ab4d3-cbe6-48f1-9b56-d6e99bbeb9d5-SegmentedRaftLogWorker:Storage Directory /tmp/workdir/hadoop-ozone/integration-test/target/test-dir/MiniOzoneClusterImpl-60549c81-59ca-4eab-8951-3bc22d076988/datanode-5/data/ratis/ed3e2c4d-7caa-4a5d-99d0-8d33b243c8f8: flushIndex: setUnconditionally 0 -> -1
2019-07-14 06:52:21,922 INFO  server.RaftServerConfigKeys (ConfUtils.java:logGet(43)) - raft.server.snapshot.auto.trigger.enabled = true (custom)
2019-07-14 06:52:21,922 INFO  server.RaftServerConfigKeys (ConfUtils.java:logGet(43)) - raft.server.snapshot.auto.trigger.threshold = 10000 (custom)
2019-07-14 06:52:21,922 INFO  server.RaftServerConfigKeys (ConfUtils.java:logGet(43)) - raft.server.snapshot.auto.trigger.enabled = true (custom)
2019-07-14 06:52:21,922 INFO  server.RaftServerConfigKeys (ConfUtils.java:logGet(43)) - raft.server.retrycache.expirytime = 600000ms (custom)
2019-07-14 06:52:21,922 INFO  server.RaftServerConfigKeys (ConfUtils.java:logGet(43)) - raft.server.snapshot.auto.trigger.threshold = 10000 (custom)
2019-07-14 06:52:21,922 INFO  impl.RaftServerImpl (RaftServerImpl.java:start(180)) - a4c24659-6a6f-404d-a8b7-ecfa7e5f7d9a: start group-8D33B243C8F8
2019-07-14 06:52:21,922 INFO  server.RaftServerConfigKeys (ConfUtils.java:logGet(43)) - raft.server.retrycache.expirytime = 600000ms (custom)
2019-07-14 06:52:21,922 INFO  impl.RaftServerImpl (RaftServerImpl.java:setRole(171)) - a4c24659-6a6f-404d-a8b7-ecfa7e5f7d9a:group-8D33B243C8F8 changes role from null to FOLLOWER at term 0 for startAsFollower
2019-07-14 06:52:21,923 INFO  impl.RaftServerImpl (RaftServerImpl.java:start(180)) - ff1ab4d3-cbe6-48f1-9b56-d6e99bbeb9d5: start group-8D33B243C8F8
2019-07-14 06:52:21,923 INFO  impl.RoleInfo (RoleInfo.java:updateAndGet(143)) - a4c24659-6a6f-404d-a8b7-ecfa7e5f7d9a: start FollowerState
2019-07-14 06:52:21,923 INFO  impl.RaftServerImpl (RaftServerImpl.java:setRole(171)) - ff1ab4d3-cbe6-48f1-9b56-d6e99bbeb9d5:group-8D33B243C8F8 changes role from null to FOLLOWER at term 0 for startAsFollower
2019-07-14 06:52:21,923 INFO  impl.RoleInfo (RoleInfo.java:updateAndGet(143)) - ff1ab4d3-cbe6-48f1-9b56-d6e99bbeb9d5: start FollowerState
2019-07-14 06:52:21,923 INFO  util.JmxRegister (JmxRegister.java:tryRegister(44)) - Successfully registered JMX Bean with object name Ratis:service=RaftServer,group=group-8D33B243C8F8,id=a4c24659-6a6f-404d-a8b7-ecfa7e5f7d9a
2019-07-14 06:52:21,923 INFO  util.JmxRegister (JmxRegister.java:tryRegister(44)) - Successfully registered JMX Bean with object name Ratis:service=RaftServer,group=group-8D33B243C8F8,id=ff1ab4d3-cbe6-48f1-9b56-d6e99bbeb9d5
2019-07-14 06:52:21,926 INFO  pipeline.PipelineStateManager (PipelineStateManager.java:addPipeline(56)) - Created pipeline Pipeline[ Id: ed3e2c4d-7caa-4a5d-99d0-8d33b243c8f8, Nodes: a4c24659-6a6f-404d-a8b7-ecfa7e5f7d9a{ip: 192.168.5.144, host: trunk-nightly-8c95p-1540871953, networkLocation: /default-rack, certSerialId: null}ff1ab4d3-cbe6-48f1-9b56-d6e99bbeb9d5{ip: 192.168.5.144, host: trunk-nightly-8c95p-1540871953, networkLocation: /default-rack, certSerialId: null}da343c1c-8367-46f5-a9ef-bb79fda7b344{ip: 192.168.5.144, host: trunk-nightly-8c95p-1540871953, networkLocation: /default-rack, certSerialId: null}, Type:RATIS, Factor:THREE, State:OPEN]
2019-07-14 06:52:21,941 INFO  datanode.ObjectStoreHandler (ObjectStoreHandler.java:close(155)) - Closing ObjectStoreHandler.
2019-07-14 06:52:21,941 INFO  ozone.HddsDatanodeService (HddsDatanodeService.java:stop(452)) - Stopped plug-in org.apache.hadoop.ozone.web.OzoneHddsDatanodeService@34947355
2019-07-14 06:52:21,954 INFO  client.GrpcClientProtocolClient (GrpcClientProtocolClient.java:onNext(255)) - client-C9B56009F763->a4c24659-6a6f-404d-a8b7-ecfa7e5f7d9a: receive RaftClientReply:client-C9B56009F763->a4c24659-6a6f-404d-a8b7-ecfa7e5f7d9a@group-8D33B243C8F8, cid=127, FAILED org.apache.ratis.protocol.NotLeaderException: Server a4c24659-6a6f-404d-a8b7-ecfa7e5f7d9a is not the leader (null). Request must be sent to leader., logIndex=0, commits[a4c24659-6a6f-404d-a8b7-ecfa7e5f7d9a:c-1]
2019-07-14 06:52:23,001 INFO  client.GrpcClientProtocolClient (GrpcClientProtocolClient.java:onNext(255)) - client-C9B56009F763->da343c1c-8367-46f5-a9ef-bb79fda7b344: receive RaftClientReply:client-C9B56009F763->da343c1c-8367-46f5-a9ef-bb79fda7b344@group-8D33B243C8F8, cid=127, FAILED org.apache.ratis.protocol.NotLeaderException: Server da343c1c-8367-46f5-a9ef-bb79fda7b344 is not the leader (null). Request must be sent to leader., logIndex=0, commits[da343c1c-8367-46f5-a9ef-bb79fda7b344:c-1]
2019-07-14 06:52:23,575 INFO  statemachine.DatanodeStateMachine (DatanodeStateMachine.java:lambda$startDaemon$0(350)) - Ozone container server started.
2019-07-14 06:52:23,740 INFO  container.ReplicationManager (ReplicationManager.java:start(155)) - Starting Replication Monitor Thread.
2019-07-14 06:52:23,748 INFO  container.ReplicationManager (ReplicationManager.java:run(207)) - Replication Monitor Thread took 0 milliseconds for processing 1 containers.
2019-07-14 06:52:24,035 INFO  client.GrpcClientProtocolClient (GrpcClientProtocolClient.java:onNext(255)) - client-C9B56009F763->ff1ab4d3-cbe6-48f1-9b56-d6e99bbeb9d5: receive RaftClientReply:client-C9B56009F763->ff1ab4d3-cbe6-48f1-9b56-d6e99bbeb9d5@group-8D33B243C8F8, cid=127, FAILED org.apache.ratis.protocol.NotLeaderException: Server ff1ab4d3-cbe6-48f1-9b56-d6e99bbeb9d5 is not the leader (null). Request must be sent to leader., logIndex=0, commits[ff1ab4d3-cbe6-48f1-9b56-d6e99bbeb9d5:c-1]
2019-07-14 06:52:24,641 INFO  node.StaleNodeHandler (StaleNodeHandler.java:onMessage(58)) - Datanode a4c24659-6a6f-404d-a8b7-ecfa7e5f7d9a{ip: 192.168.5.144, host: trunk-nightly-8c95p-1540871953, networkLocation: /default-rack, certSerialId: null} moved to stale state. Finalizing its pipelines [PipelineID=f6d22915-d182-4a0f-8f49-7da35d8e8168, PipelineID=ed3e2c4d-7caa-4a5d-99d0-8d33b243c8f8]
2019-07-14 06:52:24,641 INFO  pipeline.SCMPipelineManager (SCMPipelineManager.java:finalizeAndDestroyPipeline(309)) - destroying pipeline:Pipeline[ Id: f6d22915-d182-4a0f-8f49-7da35d8e8168, Nodes: a4c24659-6a6f-404d-a8b7-ecfa7e5f7d9a{ip: 192.168.5.144, host: trunk-nightly-8c95p-1540871953, networkLocation: /default-rack, certSerialId: null}, Type:RATIS, Factor:ONE, State:OPEN]
2019-07-14 06:52:24,641 INFO  pipeline.PipelineStateManager (PipelineStateManager.java:finalizePipeline(123)) - Pipeline Pipeline[ Id: f6d22915-d182-4a0f-8f49-7da35d8e8168, Nodes: a4c24659-6a6f-404d-a8b7-ecfa7e5f7d9a{ip: 192.168.5.144, host: trunk-nightly-8c95p-1540871953, networkLocation: /default-rack, certSerialId: null}, Type:RATIS, Factor:ONE, State:CLOSED] moved to CLOSED state
2019-07-14 06:52:24,642 INFO  pipeline.SCMPipelineManager (SCMPipelineManager.java:finalizeAndDestroyPipeline(309)) - destroying pipeline:Pipeline[ Id: ed3e2c4d-7caa-4a5d-99d0-8d33b243c8f8, Nodes: a4c24659-6a6f-404d-a8b7-ecfa7e5f7d9a{ip: 192.168.5.144, host: trunk-nightly-8c95p-1540871953, networkLocation: /default-rack, certSerialId: null}ff1ab4d3-cbe6-48f1-9b56-d6e99bbeb9d5{ip: 192.168.5.144, host: trunk-nightly-8c95p-1540871953, networkLocation: /default-rack, certSerialId: null}da343c1c-8367-46f5-a9ef-bb79fda7b344{ip: 192.168.5.144, host: trunk-nightly-8c95p-1540871953, networkLocation: /default-rack, certSerialId: null}, Type:RATIS, Factor:THREE, State:OPEN]
2019-07-14 06:52:24,642 INFO  pipeline.PipelineStateManager (PipelineStateManager.java:finalizePipeline(123)) - Pipeline Pipeline[ Id: ed3e2c4d-7caa-4a5d-99d0-8d33b243c8f8, Nodes: a4c24659-6a6f-404d-a8b7-ecfa7e5f7d9a{ip: 192.168.5.144, host: trunk-nightly-8c95p-1540871953, networkLocation: /default-rack, certSerialId: null}ff1ab4d3-cbe6-48f1-9b56-d6e99bbeb9d5{ip: 192.168.5.144, host: trunk-nightly-8c95p-1540871953, networkLocation: /default-rack, certSerialId: null}da343c1c-8367-46f5-a9ef-bb79fda7b344{ip: 192.168.5.144, host: trunk-nightly-8c95p-1540871953, networkLocation: /default-rack, certSerialId: null}, Type:RATIS, Factor:THREE, State:CLOSED] moved to CLOSED state
2019-07-14 06:52:24,642 INFO  container.CloseContainerEventHandler (CloseContainerEventHandler.java:onMessage(61)) - Close container Event triggered for container : #1
2019-07-14 06:52:25,061 INFO  client.GrpcClientProtocolClient (GrpcClientProtocolClient.java:onNext(255)) - client-C9B56009F763->da343c1c-8367-46f5-a9ef-bb79fda7b344: receive RaftClientReply:client-C9B56009F763->da343c1c-8367-46f5-a9ef-bb79fda7b344@group-8D33B243C8F8, cid=127, FAILED org.apache.ratis.protocol.NotLeaderException: Server da343c1c-8367-46f5-a9ef-bb79fda7b344 is not the leader (null). Request must be sent to leader., logIndex=0, commits[da343c1c-8367-46f5-a9ef-bb79fda7b344:c-1]
2019-07-14 06:52:25,604 INFO  impl.FollowerState (FollowerState.java:run(106)) - 9bda9dad-fadd-43bb-a848-649d686737da:group-767F60FE3A80 changes to CANDIDATE, lastRpcTime:5061, electionTimeout:5057ms
2019-07-14 06:52:25,604 INFO  impl.RoleInfo (RoleInfo.java:shutdownFollowerState(121)) - 9bda9dad-fadd-43bb-a848-649d686737da: shutdown FollowerState
2019-07-14 06:52:25,604 INFO  impl.RaftServerImpl (RaftServerImpl.java:setRole(171)) - 9bda9dad-fadd-43bb-a848-649d686737da:group-767F60FE3A80 changes role from FOLLOWER to CANDIDATE at term 3 for changeToCandidate
2019-07-14 06:52:25,605 INFO  impl.RoleInfo (RoleInfo.java:updateAndGet(143)) - 9bda9dad-fadd-43bb-a848-649d686737da: start LeaderElection
2019-07-14 06:52:25,626 INFO  impl.LeaderElection (LeaderElection.java:askForVotes(181)) - 9bda9dad-fadd-43bb-a848-649d686737da:group-767F60FE3A80:LeaderElection42: begin an election at term 4 for 0: [ec8ecf58-59d7-498d-96c5-eba8c5551cd0:192.168.5.144:32783, d2125c14-bf5b-4a89-9656-01806452c152:192.168.5.144:36331, 9bda9dad-fadd-43bb-a848-649d686737da:192.168.5.144:44514], old=null
2019-07-14 06:52:25,627 INFO  impl.LeaderElection (LogUtils.java:infoOrTrace(149)) - 9bda9dad-fadd-43bb-a848-649d686737da:group-767F60FE3A80:LeaderElection42 got exception when requesting votes: {}
java.util.concurrent.ExecutionException: org.apache.ratis.thirdparty.io.grpc.StatusRuntimeException: UNAVAILABLE: io exception
	at java.util.concurrent.FutureTask.report(FutureTask.java:122)
	at java.util.concurrent.FutureTask.get(FutureTask.java:192)
	at org.apache.ratis.server.impl.LeaderElection.waitForResults(LeaderElection.java:262)
	at org.apache.ratis.server.impl.LeaderElection.askForVotes(LeaderElection.java:200)
	at org.apache.ratis.server.impl.LeaderElection.run(LeaderElection.java:130)
	at java.lang.Thread.run(Thread.java:748)
Caused by: org.apache.ratis.thirdparty.io.grpc.StatusRuntimeException: UNAVAILABLE: io exception
	at org.apache.ratis.thirdparty.io.grpc.stub.ClientCalls.toStatusRuntimeException(ClientCalls.java:233)
	at org.apache.ratis.thirdparty.io.grpc.stub.ClientCalls.getUnchecked(ClientCalls.java:214)
	at org.apache.ratis.thirdparty.io.grpc.stub.ClientCalls.blockingUnaryCall(ClientCalls.java:139)
	at org.apache.ratis.proto.grpc.RaftServerProtocolServiceGrpc$RaftServerProtocolServiceBlockingStub.requestVote(RaftServerProtocolServiceGrpc.java:265)
	at org.apache.ratis.grpc.server.GrpcServerProtocolClient.requestVote(GrpcServerProtocolClient.java:83)
	at org.apache.ratis.grpc.server.GrpcService.requestVote(GrpcService.java:195)
	at org.apache.ratis.server.impl.LeaderElection.lambda$submitRequests$1(LeaderElection.java:237)
	at java.util.concurrent.FutureTask.run(FutureTask.java:266)
	at java.util.concurrent.Executors$RunnableAdapter.call(Executors.java:511)
	at java.util.concurrent.FutureTask.run(FutureTask.java:266)
	at java.util.concurrent.ThreadPoolExecutor.runWorker(ThreadPoolExecutor.java:1149)
	at java.util.concurrent.ThreadPoolExecutor$Worker.run(ThreadPoolExecutor.java:624)
	... 1 more
Caused by: org.apache.ratis.thirdparty.io.netty.channel.AbstractChannel$AnnotatedConnectException: Connection refused: /192.168.5.144:36331
	at sun.nio.ch.SocketChannelImpl.checkConnect(Native Method)
	at sun.nio.ch.SocketChannelImpl.finishConnect(SocketChannelImpl.java:717)
	at org.apache.ratis.thirdparty.io.netty.channel.socket.nio.NioSocketChannel.doFinishConnect(NioSocketChannel.java:327)
	at org.apache.ratis.thirdparty.io.netty.channel.nio.AbstractNioChannel$AbstractNioUnsafe.finishConnect(AbstractNioChannel.java:340)
	at org.apache.ratis.thirdparty.io.netty.channel.nio.NioEventLoop.processSelectedKey(NioEventLoop.java:632)
	at org.apache.ratis.thirdparty.io.netty.channel.nio.NioEventLoop.processSelectedKeysOptimized(NioEventLoop.java:579)
	at org.apache.ratis.thirdparty.io.netty.channel.nio.NioEventLoop.processSelectedKeys(NioEventLoop.java:496)
	at org.apache.ratis.thirdparty.io.netty.channel.nio.NioEventLoop.run(NioEventLoop.java:458)
	at org.apache.ratis.thirdparty.io.netty.util.concurrent.SingleThreadEventExecutor$5.run(SingleThreadEventExecutor.java:897)
	at org.apache.ratis.thirdparty.io.netty.util.concurrent.FastThreadLocalRunnable.run(FastThreadLocalRunnable.java:30)
	... 1 more
Caused by: java.net.ConnectException: Connection refused
	... 11 more
2019-07-14 06:52:25,632 INFO  impl.LeaderElection (LogUtils.java:infoOrTrace(149)) - 9bda9dad-fadd-43bb-a848-649d686737da:group-767F60FE3A80:LeaderElection42 got exception when requesting votes: {}
java.util.concurrent.ExecutionException: org.apache.ratis.thirdparty.io.grpc.StatusRuntimeException: UNAVAILABLE: io exception
	at java.util.concurrent.FutureTask.report(FutureTask.java:122)
	at java.util.concurrent.FutureTask.get(FutureTask.java:192)
	at org.apache.ratis.server.impl.LeaderElection.waitForResults(LeaderElection.java:262)
	at org.apache.ratis.server.impl.LeaderElection.askForVotes(LeaderElection.java:200)
	at org.apache.ratis.server.impl.LeaderElection.run(LeaderElection.java:130)
	at java.lang.Thread.run(Thread.java:748)
Caused by: org.apache.ratis.thirdparty.io.grpc.StatusRuntimeException: UNAVAILABLE: io exception
	at org.apache.ratis.thirdparty.io.grpc.stub.ClientCalls.toStatusRuntimeException(ClientCalls.java:233)
	at org.apache.ratis.thirdparty.io.grpc.stub.ClientCalls.getUnchecked(ClientCalls.java:214)
	at org.apache.ratis.thirdparty.io.grpc.stub.ClientCalls.blockingUnaryCall(ClientCalls.java:139)
	at org.apache.ratis.proto.grpc.RaftServerProtocolServiceGrpc$RaftServerProtocolServiceBlockingStub.requestVote(RaftServerProtocolServiceGrpc.java:265)
	at org.apache.ratis.grpc.server.GrpcServerProtocolClient.requestVote(GrpcServerProtocolClient.java:83)
	at org.apache.ratis.grpc.server.GrpcService.requestVote(GrpcService.java:195)
	at org.apache.ratis.server.impl.LeaderElection.lambda$submitRequests$1(LeaderElection.java:237)
	at java.util.concurrent.FutureTask.run(FutureTask.java:266)
	at java.util.concurrent.Executors$RunnableAdapter.call(Executors.java:511)
	at java.util.concurrent.FutureTask.run(FutureTask.java:266)
	at java.util.concurrent.ThreadPoolExecutor.runWorker(ThreadPoolExecutor.java:1149)
	at java.util.concurrent.ThreadPoolExecutor$Worker.run(ThreadPoolExecutor.java:624)
	... 1 more
Caused by: org.apache.ratis.thirdparty.io.netty.channel.AbstractChannel$AnnotatedConnectException: Connection refused: /192.168.5.144:32783
	at sun.nio.ch.SocketChannelImpl.checkConnect(Native Method)
	at sun.nio.ch.SocketChannelImpl.finishConnect(SocketChannelImpl.java:717)
	at org.apache.ratis.thirdparty.io.netty.channel.socket.nio.NioSocketChannel.doFinishConnect(NioSocketChannel.java:327)
	at org.apache.ratis.thirdparty.io.netty.channel.nio.AbstractNioChannel$AbstractNioUnsafe.finishConnect(AbstractNioChannel.java:340)
	at org.apache.ratis.thirdparty.io.netty.channel.nio.NioEventLoop.processSelectedKey(NioEventLoop.java:632)
	at org.apache.ratis.thirdparty.io.netty.channel.nio.NioEventLoop.processSelectedKeysOptimized(NioEventLoop.java:579)
	at org.apache.ratis.thirdparty.io.netty.channel.nio.NioEventLoop.processSelectedKeys(NioEventLoop.java:496)
	at org.apache.ratis.thirdparty.io.netty.channel.nio.NioEventLoop.run(NioEventLoop.java:458)
	at org.apache.ratis.thirdparty.io.netty.util.concurrent.SingleThreadEventExecutor$5.run(SingleThreadEventExecutor.java:897)
	at org.apache.ratis.thirdparty.io.netty.util.concurrent.FastThreadLocalRunnable.run(FastThreadLocalRunnable.java:30)
	... 1 more
Caused by: java.net.ConnectException: Connection refused
	... 11 more
2019-07-14 06:52:25,636 INFO  impl.LeaderElection (LeaderElection.java:logAndReturn(56)) - 9bda9dad-fadd-43bb-a848-649d686737da:group-767F60FE3A80:LeaderElection42: Election REJECTED; received 0 response(s) [] and 2 exception(s); 9bda9dad-fadd-43bb-a848-649d686737da:t4, leader=null, voted=9bda9dad-fadd-43bb-a848-649d686737da, raftlog=9bda9dad-fadd-43bb-a848-649d686737da-SegmentedRaftLog:OPENED:c36,f36,i36, conf=0: [ec8ecf58-59d7-498d-96c5-eba8c5551cd0:192.168.5.144:32783, d2125c14-bf5b-4a89-9656-01806452c152:192.168.5.144:36331, 9bda9dad-fadd-43bb-a848-649d686737da:192.168.5.144:44514], old=null
2019-07-14 06:52:25,636 INFO  impl.LeaderElection (LogUtils.java:infoOrTrace(149)) -   Exception 0: {}
java.util.concurrent.ExecutionException: org.apache.ratis.thirdparty.io.grpc.StatusRuntimeException: UNAVAILABLE: io exception
	at java.util.concurrent.FutureTask.report(FutureTask.java:122)
	at java.util.concurrent.FutureTask.get(FutureTask.java:192)
	at org.apache.ratis.server.impl.LeaderElection.waitForResults(LeaderElection.java:262)
	at org.apache.ratis.server.impl.LeaderElection.askForVotes(LeaderElection.java:200)
	at org.apache.ratis.server.impl.LeaderElection.run(LeaderElection.java:130)
	at java.lang.Thread.run(Thread.java:748)
Caused by: org.apache.ratis.thirdparty.io.grpc.StatusRuntimeException: UNAVAILABLE: io exception
	at org.apache.ratis.thirdparty.io.grpc.stub.ClientCalls.toStatusRuntimeException(ClientCalls.java:233)
	at org.apache.ratis.thirdparty.io.grpc.stub.ClientCalls.getUnchecked(ClientCalls.java:214)
	at org.apache.ratis.thirdparty.io.grpc.stub.ClientCalls.blockingUnaryCall(ClientCalls.java:139)
	at org.apache.ratis.proto.grpc.RaftServerProtocolServiceGrpc$RaftServerProtocolServiceBlockingStub.requestVote(RaftServerProtocolServiceGrpc.java:265)
	at org.apache.ratis.grpc.server.GrpcServerProtocolClient.requestVote(GrpcServerProtocolClient.java:83)
	at org.apache.ratis.grpc.server.GrpcService.requestVote(GrpcService.java:195)
	at org.apache.ratis.server.impl.LeaderElection.lambda$submitRequests$1(LeaderElection.java:237)
	at java.util.concurrent.FutureTask.run(FutureTask.java:266)
	at java.util.concurrent.Executors$RunnableAdapter.call(Executors.java:511)
	at java.util.concurrent.FutureTask.run(FutureTask.java:266)
	at java.util.concurrent.ThreadPoolExecutor.runWorker(ThreadPoolExecutor.java:1149)
	at java.util.concurrent.ThreadPoolExecutor$Worker.run(ThreadPoolExecutor.java:624)
	... 1 more
Caused by: org.apache.ratis.thirdparty.io.netty.channel.AbstractChannel$AnnotatedConnectException: Connection refused: /192.168.5.144:36331
	at sun.nio.ch.SocketChannelImpl.checkConnect(Native Method)
	at sun.nio.ch.SocketChannelImpl.finishConnect(SocketChannelImpl.java:717)
	at org.apache.ratis.thirdparty.io.netty.channel.socket.nio.NioSocketChannel.doFinishConnect(NioSocketChannel.java:327)
	at org.apache.ratis.thirdparty.io.netty.channel.nio.AbstractNioChannel$AbstractNioUnsafe.finishConnect(AbstractNioChannel.java:340)
	at org.apache.ratis.thirdparty.io.netty.channel.nio.NioEventLoop.processSelectedKey(NioEventLoop.java:632)
	at org.apache.ratis.thirdparty.io.netty.channel.nio.NioEventLoop.processSelectedKeysOptimized(NioEventLoop.java:579)
	at org.apache.ratis.thirdparty.io.netty.channel.nio.NioEventLoop.processSelectedKeys(NioEventLoop.java:496)
	at org.apache.ratis.thirdparty.io.netty.channel.nio.NioEventLoop.run(NioEventLoop.java:458)
	at org.apache.ratis.thirdparty.io.netty.util.concurrent.SingleThreadEventExecutor$5.run(SingleThreadEventExecutor.java:897)
	at org.apache.ratis.thirdparty.io.netty.util.concurrent.FastThreadLocalRunnable.run(FastThreadLocalRunnable.java:30)
	... 1 more
Caused by: java.net.ConnectException: Connection refused
	... 11 more
2019-07-14 06:52:25,636 INFO  impl.LeaderElection (LogUtils.java:infoOrTrace(149)) -   Exception 1: {}
java.util.concurrent.ExecutionException: org.apache.ratis.thirdparty.io.grpc.StatusRuntimeException: UNAVAILABLE: io exception
	at java.util.concurrent.FutureTask.report(FutureTask.java:122)
	at java.util.concurrent.FutureTask.get(FutureTask.java:192)
	at org.apache.ratis.server.impl.LeaderElection.waitForResults(LeaderElection.java:262)
	at org.apache.ratis.server.impl.LeaderElection.askForVotes(LeaderElection.java:200)
	at org.apache.ratis.server.impl.LeaderElection.run(LeaderElection.java:130)
	at java.lang.Thread.run(Thread.java:748)
Caused by: org.apache.ratis.thirdparty.io.grpc.StatusRuntimeException: UNAVAILABLE: io exception
	at org.apache.ratis.thirdparty.io.grpc.stub.ClientCalls.toStatusRuntimeException(ClientCalls.java:233)
	at org.apache.ratis.thirdparty.io.grpc.stub.ClientCalls.getUnchecked(ClientCalls.java:214)
	at org.apache.ratis.thirdparty.io.grpc.stub.ClientCalls.blockingUnaryCall(ClientCalls.java:139)
	at org.apache.ratis.proto.grpc.RaftServerProtocolServiceGrpc$RaftServerProtocolServiceBlockingStub.requestVote(RaftServerProtocolServiceGrpc.java:265)
	at org.apache.ratis.grpc.server.GrpcServerProtocolClient.requestVote(GrpcServerProtocolClient.java:83)
	at org.apache.ratis.grpc.server.GrpcService.requestVote(GrpcService.java:195)
	at org.apache.ratis.server.impl.LeaderElection.lambda$submitRequests$1(LeaderElection.java:237)
	at java.util.concurrent.FutureTask.run(FutureTask.java:266)
	at java.util.concurrent.Executors$RunnableAdapter.call(Executors.java:511)
	at java.util.concurrent.FutureTask.run(FutureTask.java:266)
	at java.util.concurrent.ThreadPoolExecutor.runWorker(ThreadPoolExecutor.java:1149)
	at java.util.concurrent.ThreadPoolExecutor$Worker.run(ThreadPoolExecutor.java:624)
	... 1 more
Caused by: org.apache.ratis.thirdparty.io.netty.channel.AbstractChannel$AnnotatedConnectException: Connection refused: /192.168.5.144:32783
	at sun.nio.ch.SocketChannelImpl.checkConnect(Native Method)
	at sun.nio.ch.SocketChannelImpl.finishConnect(SocketChannelImpl.java:717)
	at org.apache.ratis.thirdparty.io.netty.channel.socket.nio.NioSocketChannel.doFinishConnect(NioSocketChannel.java:327)
	at org.apache.ratis.thirdparty.io.netty.channel.nio.AbstractNioChannel$AbstractNioUnsafe.finishConnect(AbstractNioChannel.java:340)
	at org.apache.ratis.thirdparty.io.netty.channel.nio.NioEventLoop.processSelectedKey(NioEventLoop.java:632)
	at org.apache.ratis.thirdparty.io.netty.channel.nio.NioEventLoop.processSelectedKeysOptimized(NioEventLoop.java:579)
	at org.apache.ratis.thirdparty.io.netty.channel.nio.NioEventLoop.processSelectedKeys(NioEventLoop.java:496)
	at org.apache.ratis.thirdparty.io.netty.channel.nio.NioEventLoop.run(NioEventLoop.java:458)
	at org.apache.ratis.thirdparty.io.netty.util.concurrent.SingleThreadEventExecutor$5.run(SingleThreadEventExecutor.java:897)
	at org.apache.ratis.thirdparty.io.netty.util.concurrent.FastThreadLocalRunnable.run(FastThreadLocalRunnable.java:30)
	... 1 more
Caused by: java.net.ConnectException: Connection refused
	... 11 more
2019-07-14 06:52:25,636 INFO  impl.RaftServerImpl (RaftServerImpl.java:setRole(171)) - 9bda9dad-fadd-43bb-a848-649d686737da:group-767F60FE3A80 changes role from CANDIDATE to FOLLOWER at term 4 for DISCOVERED_A_NEW_TERM
2019-07-14 06:52:25,640 INFO  impl.RoleInfo (RoleInfo.java:shutdownLeaderElection(134)) - 9bda9dad-fadd-43bb-a848-649d686737da: shutdown LeaderElection
2019-07-14 06:52:25,640 INFO  impl.RoleInfo (RoleInfo.java:updateAndGet(143)) - 9bda9dad-fadd-43bb-a848-649d686737da: start FollowerState
2019-07-14 06:52:25,889 INFO  impl.FollowerState (FollowerState.java:run(106)) - 16cd33d1-021f-4fa8-b7c7-5dab90ae5617:group-83CF6E5A53CC changes to CANDIDATE, lastRpcTime:5115, electionTimeout:5115ms
2019-07-14 06:52:25,890 INFO  impl.RoleInfo (RoleInfo.java:shutdownFollowerState(121)) - 16cd33d1-021f-4fa8-b7c7-5dab90ae5617: shutdown FollowerState
2019-07-14 06:52:25,890 INFO  impl.RaftServerImpl (RaftServerImpl.java:setRole(171)) - 16cd33d1-021f-4fa8-b7c7-5dab90ae5617:group-83CF6E5A53CC changes role from FOLLOWER to CANDIDATE at term 0 for changeToCandidate
2019-07-14 06:52:25,890 INFO  impl.RoleInfo (RoleInfo.java:updateAndGet(143)) - 16cd33d1-021f-4fa8-b7c7-5dab90ae5617: start LeaderElection
2019-07-14 06:52:25,920 INFO  impl.LeaderElection (LeaderElection.java:askForVotes(181)) - 16cd33d1-021f-4fa8-b7c7-5dab90ae5617:group-83CF6E5A53CC:LeaderElection43: begin an election at term 1 for -1: [16cd33d1-021f-4fa8-b7c7-5dab90ae5617:192.168.5.144:41982], old=null
2019-07-14 06:52:25,920 INFO  impl.RoleInfo (RoleInfo.java:shutdownLeaderElection(134)) - 16cd33d1-021f-4fa8-b7c7-5dab90ae5617: shutdown LeaderElection
2019-07-14 06:52:25,920 INFO  impl.RaftServerImpl (RaftServerImpl.java:setRole(171)) - 16cd33d1-021f-4fa8-b7c7-5dab90ae5617:group-83CF6E5A53CC changes role from CANDIDATE to LEADER at term 1 for changeToLeader
2019-07-14 06:52:25,921 INFO  impl.RaftServerImpl (ServerState.java:setLeader(263)) - 16cd33d1-021f-4fa8-b7c7-5dab90ae5617:group-83CF6E5A53CC change Leader from null to 16cd33d1-021f-4fa8-b7c7-5dab90ae5617 at term 1 for becomeLeader, leader elected after 5150ms
2019-07-14 06:52:25,921 INFO  server.RaftServerConfigKeys (ConfUtils.java:logGet(43)) - raft.server.staging.catchup.gap = 1000 (default)
2019-07-14 06:52:25,921 INFO  server.RaftServerConfigKeys (ConfUtils.java:logGet(43)) - raft.server.rpc.sleep.time = 25ms (default)
2019-07-14 06:52:25,921 INFO  server.RaftServerConfigKeys (ConfUtils.java:logGet(43)) - raft.server.write.element-limit = 4096 (default)
2019-07-14 06:52:25,921 INFO  server.RaftServerConfigKeys (ConfUtils.java:logGet(43)) - raft.server.watch.timeout = 10s (default)
2019-07-14 06:52:25,921 INFO  server.RaftServerConfigKeys (ConfUtils.java:logGet(43)) - raft.server.watch.timeout.denomination = 1s (default)
2019-07-14 06:52:25,921 INFO  server.RaftServerConfigKeys (ConfUtils.java:logGet(43)) - raft.server.watch.element-limit = 65536 (default)
2019-07-14 06:52:25,922 INFO  impl.RoleInfo (RoleInfo.java:updateAndGet(143)) - 16cd33d1-021f-4fa8-b7c7-5dab90ae5617: start LeaderState
2019-07-14 06:52:25,922 INFO  segmented.SegmentedRaftLogWorker (SegmentedRaftLogWorker.java:startLogSegment(380)) - 16cd33d1-021f-4fa8-b7c7-5dab90ae5617-SegmentedRaftLogWorker:Storage Directory /tmp/workdir/hadoop-ozone/integration-test/target/test-dir/MiniOzoneClusterImpl-60549c81-59ca-4eab-8951-3bc22d076988/datanode-0/data/ratis/30d9df5b-2d27-458c-8051-83cf6e5a53cc: Starting segment from index:0
2019-07-14 06:52:25,923 INFO  impl.RaftServerImpl (ServerState.java:setRaftConf(361)) - 16cd33d1-021f-4fa8-b7c7-5dab90ae5617:group-83CF6E5A53CC set configuration 0: [16cd33d1-021f-4fa8-b7c7-5dab90ae5617:192.168.5.144:41982], old=null at 0
2019-07-14 06:52:25,949 INFO  segmented.SegmentedRaftLogWorker (SegmentedRaftLogWorker.java:execute(569)) - 16cd33d1-021f-4fa8-b7c7-5dab90ae5617-SegmentedRaftLogWorker:Storage Directory /tmp/workdir/hadoop-ozone/integration-test/target/test-dir/MiniOzoneClusterImpl-60549c81-59ca-4eab-8951-3bc22d076988/datanode-0/data/ratis/30d9df5b-2d27-458c-8051-83cf6e5a53cc: created new log segment /tmp/workdir/hadoop-ozone/integration-test/target/test-dir/MiniOzoneClusterImpl-60549c81-59ca-4eab-8951-3bc22d076988/datanode-0/data/ratis/30d9df5b-2d27-458c-8051-83cf6e5a53cc/current/log_inprogress_0
2019-07-14 06:52:26,052 INFO  impl.FollowerState (FollowerState.java:run(106)) - 4f9df1b2-0407-4bbd-a402-8d03a959aa46:group-19A7B0E6A7ED changes to CANDIDATE, lastRpcTime:5067, electionTimeout:5067ms
2019-07-14 06:52:26,052 INFO  impl.RoleInfo (RoleInfo.java:shutdownFollowerState(121)) - 4f9df1b2-0407-4bbd-a402-8d03a959aa46: shutdown FollowerState
2019-07-14 06:52:26,052 INFO  impl.RaftServerImpl (RaftServerImpl.java:setRole(171)) - 4f9df1b2-0407-4bbd-a402-8d03a959aa46:group-19A7B0E6A7ED changes role from FOLLOWER to CANDIDATE at term 0 for changeToCandidate
2019-07-14 06:52:26,052 INFO  impl.RoleInfo (RoleInfo.java:updateAndGet(143)) - 4f9df1b2-0407-4bbd-a402-8d03a959aa46: start LeaderElection
2019-07-14 06:52:26,103 INFO  impl.LeaderElection (LeaderElection.java:askForVotes(181)) - 4f9df1b2-0407-4bbd-a402-8d03a959aa46:group-19A7B0E6A7ED:LeaderElection44: begin an election at term 1 for -1: [4f9df1b2-0407-4bbd-a402-8d03a959aa46:192.168.5.144:44202], old=null
2019-07-14 06:52:26,103 INFO  impl.RoleInfo (RoleInfo.java:shutdownLeaderElection(134)) - 4f9df1b2-0407-4bbd-a402-8d03a959aa46: shutdown LeaderElection
2019-07-14 06:52:26,103 INFO  impl.RaftServerImpl (RaftServerImpl.java:setRole(171)) - 4f9df1b2-0407-4bbd-a402-8d03a959aa46:group-19A7B0E6A7ED changes role from CANDIDATE to LEADER at term 1 for changeToLeader
2019-07-14 06:52:26,104 INFO  impl.RaftServerImpl (ServerState.java:setLeader(263)) - 4f9df1b2-0407-4bbd-a402-8d03a959aa46:group-19A7B0E6A7ED change Leader from null to 4f9df1b2-0407-4bbd-a402-8d03a959aa46 at term 1 for becomeLeader, leader elected after 5122ms
2019-07-14 06:52:26,104 INFO  server.RaftServerConfigKeys (ConfUtils.java:logGet(43)) - raft.server.staging.catchup.gap = 1000 (default)
2019-07-14 06:52:26,104 INFO  server.RaftServerConfigKeys (ConfUtils.java:logGet(43)) - raft.server.rpc.sleep.time = 25ms (default)
2019-07-14 06:52:26,104 INFO  server.RaftServerConfigKeys (ConfUtils.java:logGet(43)) - raft.server.write.element-limit = 4096 (default)
2019-07-14 06:52:26,104 INFO  server.RaftServerConfigKeys (ConfUtils.java:logGet(43)) - raft.server.watch.timeout = 10s (default)
2019-07-14 06:52:26,104 INFO  client.GrpcClientProtocolClient (GrpcClientProtocolClient.java:onNext(255)) - client-C9B56009F763->ff1ab4d3-cbe6-48f1-9b56-d6e99bbeb9d5: receive RaftClientReply:client-C9B56009F763->ff1ab4d3-cbe6-48f1-9b56-d6e99bbeb9d5@group-8D33B243C8F8, cid=127, FAILED org.apache.ratis.protocol.NotLeaderException: Server ff1ab4d3-cbe6-48f1-9b56-d6e99bbeb9d5 is not the leader (null). Request must be sent to leader., logIndex=0, commits[ff1ab4d3-cbe6-48f1-9b56-d6e99bbeb9d5:c-1]
2019-07-14 06:52:26,104 INFO  server.RaftServerConfigKeys (ConfUtils.java:logGet(43)) - raft.server.watch.timeout.denomination = 1s (default)
2019-07-14 06:52:26,112 INFO  server.RaftServerConfigKeys (ConfUtils.java:logGet(43)) - raft.server.watch.element-limit = 65536 (default)
2019-07-14 06:52:26,112 INFO  impl.RoleInfo (RoleInfo.java:updateAndGet(143)) - 4f9df1b2-0407-4bbd-a402-8d03a959aa46: start LeaderState
2019-07-14 06:52:26,112 INFO  segmented.SegmentedRaftLogWorker (SegmentedRaftLogWorker.java:startLogSegment(380)) - 4f9df1b2-0407-4bbd-a402-8d03a959aa46-SegmentedRaftLogWorker:Storage Directory /tmp/workdir/hadoop-ozone/integration-test/target/test-dir/MiniOzoneClusterImpl-60549c81-59ca-4eab-8951-3bc22d076988/datanode-1/data/ratis/c91f04d0-ffd6-4cc0-ab83-19a7b0e6a7ed: Starting segment from index:0
2019-07-14 06:52:26,113 INFO  impl.RaftServerImpl (ServerState.java:setRaftConf(361)) - 4f9df1b2-0407-4bbd-a402-8d03a959aa46:group-19A7B0E6A7ED set configuration 0: [4f9df1b2-0407-4bbd-a402-8d03a959aa46:192.168.5.144:44202], old=null at 0
2019-07-14 06:52:26,139 INFO  segmented.SegmentedRaftLogWorker (SegmentedRaftLogWorker.java:execute(569)) - 4f9df1b2-0407-4bbd-a402-8d03a959aa46-SegmentedRaftLogWorker:Storage Directory /tmp/workdir/hadoop-ozone/integration-test/target/test-dir/MiniOzoneClusterImpl-60549c81-59ca-4eab-8951-3bc22d076988/datanode-1/data/ratis/c91f04d0-ffd6-4cc0-ab83-19a7b0e6a7ed: created new log segment /tmp/workdir/hadoop-ozone/integration-test/target/test-dir/MiniOzoneClusterImpl-60549c81-59ca-4eab-8951-3bc22d076988/datanode-1/data/ratis/c91f04d0-ffd6-4cc0-ab83-19a7b0e6a7ed/current/log_inprogress_0
2019-07-14 06:52:26,377 INFO  impl.FollowerState (FollowerState.java:run(106)) - feb42f30-01a8-4b34-87ff-e0218b26b2eb:group-7525EACE5B64 changes to CANDIDATE, lastRpcTime:5095, electionTimeout:5095ms
2019-07-14 06:52:26,377 INFO  impl.RoleInfo (RoleInfo.java:shutdownFollowerState(121)) - feb42f30-01a8-4b34-87ff-e0218b26b2eb: shutdown FollowerState
2019-07-14 06:52:26,377 INFO  impl.RaftServerImpl (RaftServerImpl.java:setRole(171)) - feb42f30-01a8-4b34-87ff-e0218b26b2eb:group-7525EACE5B64 changes role from FOLLOWER to CANDIDATE at term 0 for changeToCandidate
2019-07-14 06:52:26,377 INFO  impl.RoleInfo (RoleInfo.java:updateAndGet(143)) - feb42f30-01a8-4b34-87ff-e0218b26b2eb: start LeaderElection
2019-07-14 06:52:26,397 ERROR commandhandler.CloseContainerCommandHandler (CloseContainerCommandHandler.java:handle(84)) - Container #1 does not exist in datanode. Container close failed.
2019-07-14 06:52:26,397 INFO  impl.FollowerState (FollowerState.java:run(106)) - 16cd33d1-021f-4fa8-b7c7-5dab90ae5617:group-7525EACE5B64 changes to CANDIDATE, lastRpcTime:5112, electionTimeout:5106ms
2019-07-14 06:52:26,397 INFO  impl.RoleInfo (RoleInfo.java:shutdownFollowerState(121)) - 16cd33d1-021f-4fa8-b7c7-5dab90ae5617: shutdown FollowerState
2019-07-14 06:52:26,397 INFO  impl.RaftServerImpl (RaftServerImpl.java:setRole(171)) - 16cd33d1-021f-4fa8-b7c7-5dab90ae5617:group-7525EACE5B64 changes role from FOLLOWER to CANDIDATE at term 0 for changeToCandidate
2019-07-14 06:52:26,397 INFO  impl.RoleInfo (RoleInfo.java:updateAndGet(143)) - 16cd33d1-021f-4fa8-b7c7-5dab90ae5617: start LeaderElection
2019-07-14 06:52:26,411 INFO  impl.FollowerState (FollowerState.java:run(106)) - feb42f30-01a8-4b34-87ff-e0218b26b2eb:group-3936969E2278 changes to CANDIDATE, lastRpcTime:5185, electionTimeout:5178ms
2019-07-14 06:52:26,412 INFO  impl.RoleInfo (RoleInfo.java:shutdownFollowerState(121)) - feb42f30-01a8-4b34-87ff-e0218b26b2eb: shutdown FollowerState
2019-07-14 06:52:26,412 INFO  impl.LeaderElection (LeaderElection.java:askForVotes(181)) - feb42f30-01a8-4b34-87ff-e0218b26b2eb:group-7525EACE5B64:LeaderElection45: begin an election at term 1 for -1: [4f9df1b2-0407-4bbd-a402-8d03a959aa46:192.168.5.144:44202, 16cd33d1-021f-4fa8-b7c7-5dab90ae5617:192.168.5.144:41982, feb42f30-01a8-4b34-87ff-e0218b26b2eb:192.168.5.144:37379], old=null
2019-07-14 06:52:26,412 INFO  impl.RaftServerImpl (RaftServerImpl.java:setRole(171)) - feb42f30-01a8-4b34-87ff-e0218b26b2eb:group-3936969E2278 changes role from FOLLOWER to CANDIDATE at term 0 for changeToCandidate
2019-07-14 06:52:26,412 INFO  impl.RoleInfo (RoleInfo.java:updateAndGet(143)) - feb42f30-01a8-4b34-87ff-e0218b26b2eb: start LeaderElection
2019-07-14 06:52:26,417 INFO  impl.LeaderElection (LeaderElection.java:askForVotes(181)) - 16cd33d1-021f-4fa8-b7c7-5dab90ae5617:group-7525EACE5B64:LeaderElection46: begin an election at term 1 for -1: [4f9df1b2-0407-4bbd-a402-8d03a959aa46:192.168.5.144:44202, 16cd33d1-021f-4fa8-b7c7-5dab90ae5617:192.168.5.144:41982, feb42f30-01a8-4b34-87ff-e0218b26b2eb:192.168.5.144:37379], old=null
2019-07-14 06:52:26,437 INFO  impl.LeaderElection (LeaderElection.java:askForVotes(181)) - feb42f30-01a8-4b34-87ff-e0218b26b2eb:group-3936969E2278:LeaderElection47: begin an election at term 1 for -1: [feb42f30-01a8-4b34-87ff-e0218b26b2eb:192.168.5.144:37379], old=null
2019-07-14 06:52:26,437 INFO  impl.RoleInfo (RoleInfo.java:shutdownLeaderElection(134)) - feb42f30-01a8-4b34-87ff-e0218b26b2eb: shutdown LeaderElection
2019-07-14 06:52:26,437 INFO  impl.RaftServerImpl (RaftServerImpl.java:setRole(171)) - feb42f30-01a8-4b34-87ff-e0218b26b2eb:group-3936969E2278 changes role from CANDIDATE to LEADER at term 1 for changeToLeader
2019-07-14 06:52:26,437 INFO  impl.RaftServerImpl (ServerState.java:setLeader(263)) - feb42f30-01a8-4b34-87ff-e0218b26b2eb:group-3936969E2278 change Leader from null to feb42f30-01a8-4b34-87ff-e0218b26b2eb at term 1 for becomeLeader, leader elected after 5215ms
2019-07-14 06:52:26,438 INFO  server.RaftServerConfigKeys (ConfUtils.java:logGet(43)) - raft.server.staging.catchup.gap = 1000 (default)
2019-07-14 06:52:26,438 INFO  server.RaftServerConfigKeys (ConfUtils.java:logGet(43)) - raft.server.rpc.sleep.time = 25ms (default)
2019-07-14 06:52:26,438 INFO  server.RaftServerConfigKeys (ConfUtils.java:logGet(43)) - raft.server.write.element-limit = 4096 (default)
2019-07-14 06:52:26,438 INFO  server.RaftServerConfigKeys (ConfUtils.java:logGet(43)) - raft.server.watch.timeout = 10s (default)
2019-07-14 06:52:26,438 INFO  server.RaftServerConfigKeys (ConfUtils.java:logGet(43)) - raft.server.watch.timeout.denomination = 1s (default)
2019-07-14 06:52:26,438 INFO  server.RaftServerConfigKeys (ConfUtils.java:logGet(43)) - raft.server.watch.element-limit = 65536 (default)
2019-07-14 06:52:26,438 INFO  impl.RoleInfo (RoleInfo.java:updateAndGet(143)) - feb42f30-01a8-4b34-87ff-e0218b26b2eb: start LeaderState
2019-07-14 06:52:26,438 INFO  segmented.SegmentedRaftLogWorker (SegmentedRaftLogWorker.java:startLogSegment(380)) - feb42f30-01a8-4b34-87ff-e0218b26b2eb-SegmentedRaftLogWorker:Storage Directory /tmp/workdir/hadoop-ozone/integration-test/target/test-dir/MiniOzoneClusterImpl-60549c81-59ca-4eab-8951-3bc22d076988/datanode-2/data/ratis/c3905f21-92dd-40cc-8f76-3936969e2278: Starting segment from index:0
2019-07-14 06:52:26,439 INFO  impl.RaftServerImpl (ServerState.java:setRaftConf(361)) - feb42f30-01a8-4b34-87ff-e0218b26b2eb:group-3936969E2278 set configuration 0: [feb42f30-01a8-4b34-87ff-e0218b26b2eb:192.168.5.144:37379], old=null at 0
2019-07-14 06:52:26,459 INFO  impl.FollowerState (FollowerState.java:run(106)) - 4f9df1b2-0407-4bbd-a402-8d03a959aa46:group-7525EACE5B64 changes to CANDIDATE, lastRpcTime:5175, electionTimeout:5175ms
2019-07-14 06:52:26,469 INFO  segmented.SegmentedRaftLogWorker (SegmentedRaftLogWorker.java:execute(569)) - feb42f30-01a8-4b34-87ff-e0218b26b2eb-SegmentedRaftLogWorker:Storage Directory /tmp/workdir/hadoop-ozone/integration-test/target/test-dir/MiniOzoneClusterImpl-60549c81-59ca-4eab-8951-3bc22d076988/datanode-2/data/ratis/c3905f21-92dd-40cc-8f76-3936969e2278: created new log segment /tmp/workdir/hadoop-ozone/integration-test/target/test-dir/MiniOzoneClusterImpl-60549c81-59ca-4eab-8951-3bc22d076988/datanode-2/data/ratis/c3905f21-92dd-40cc-8f76-3936969e2278/current/log_inprogress_0
2019-07-14 06:52:26,516 INFO  impl.RoleInfo (RoleInfo.java:shutdownFollowerState(121)) - 4f9df1b2-0407-4bbd-a402-8d03a959aa46: shutdown FollowerState
2019-07-14 06:52:26,515 INFO  impl.FollowerState (FollowerState.java:run(106)) - da343c1c-8367-46f5-a9ef-bb79fda7b344:group-E9DBE3F899FF changes to CANDIDATE, lastRpcTime:5086, electionTimeout:5074ms
2019-07-14 06:52:26,517 INFO  impl.RaftServerImpl (RaftServerImpl.java:setRole(171)) - 4f9df1b2-0407-4bbd-a402-8d03a959aa46:group-7525EACE5B64 changes role from FOLLOWER to CANDIDATE at term 0 for changeToCandidate
2019-07-14 06:52:26,523 INFO  impl.RoleInfo (RoleInfo.java:updateAndGet(143)) - 4f9df1b2-0407-4bbd-a402-8d03a959aa46: start LeaderElection
2019-07-14 06:52:26,523 INFO  impl.RoleInfo (RoleInfo.java:shutdownFollowerState(121)) - da343c1c-8367-46f5-a9ef-bb79fda7b344: shutdown FollowerState
2019-07-14 06:52:26,524 INFO  impl.RaftServerImpl (RaftServerImpl.java:setRole(171)) - da343c1c-8367-46f5-a9ef-bb79fda7b344:group-E9DBE3F899FF changes role from FOLLOWER to CANDIDATE at term 0 for changeToCandidate
2019-07-14 06:52:26,528 INFO  impl.RaftServerImpl (RaftServerImpl.java:setRole(171)) - 4f9df1b2-0407-4bbd-a402-8d03a959aa46:group-7525EACE5B64 changes role from CANDIDATE to FOLLOWER at term 1 for recognizeCandidate:feb42f30-01a8-4b34-87ff-e0218b26b2eb
2019-07-14 06:52:26,528 INFO  impl.RoleInfo (RoleInfo.java:shutdownLeaderElection(134)) - 4f9df1b2-0407-4bbd-a402-8d03a959aa46: shutdown LeaderElection
2019-07-14 06:52:26,529 INFO  impl.RoleInfo (RoleInfo.java:updateAndGet(143)) - da343c1c-8367-46f5-a9ef-bb79fda7b344: start LeaderElection
2019-07-14 06:52:26,529 INFO  impl.RoleInfo (RoleInfo.java:updateAndGet(143)) - 4f9df1b2-0407-4bbd-a402-8d03a959aa46: start FollowerState
2019-07-14 06:52:26,551 INFO  impl.LeaderElection (LeaderElection.java:askForVotes(181)) - da343c1c-8367-46f5-a9ef-bb79fda7b344:group-E9DBE3F899FF:LeaderElection49: begin an election at term 1 for -1: [da343c1c-8367-46f5-a9ef-bb79fda7b344:192.168.5.144:32905], old=null
2019-07-14 06:52:26,551 INFO  impl.RaftServerImpl (RaftServerImpl.java:setRole(171)) - 4f9df1b2-0407-4bbd-a402-8d03a959aa46:group-7525EACE5B64 changes role from FOLLOWER to FOLLOWER at term 1 for recognizeCandidate:16cd33d1-021f-4fa8-b7c7-5dab90ae5617
2019-07-14 06:52:26,552 INFO  impl.RoleInfo (RoleInfo.java:shutdownLeaderElection(134)) - da343c1c-8367-46f5-a9ef-bb79fda7b344: shutdown LeaderElection
2019-07-14 06:52:26,552 INFO  impl.RoleInfo (RoleInfo.java:shutdownFollowerState(121)) - 4f9df1b2-0407-4bbd-a402-8d03a959aa46: shutdown FollowerState
2019-07-14 06:52:26,552 INFO  impl.RaftServerImpl (RaftServerImpl.java:setRole(171)) - da343c1c-8367-46f5-a9ef-bb79fda7b344:group-E9DBE3F899FF changes role from CANDIDATE to LEADER at term 1 for changeToLeader
2019-07-14 06:52:26,552 INFO  impl.RoleInfo (RoleInfo.java:updateAndGet(143)) - 4f9df1b2-0407-4bbd-a402-8d03a959aa46: start FollowerState
2019-07-14 06:52:26,552 INFO  impl.FollowerState (FollowerState.java:run(114)) - 4f9df1b2-0407-4bbd-a402-8d03a959aa46: FollowerState was interrupted: java.lang.InterruptedException: sleep interrupted
2019-07-14 06:52:26,552 INFO  impl.RaftServerImpl (ServerState.java:setLeader(263)) - da343c1c-8367-46f5-a9ef-bb79fda7b344:group-E9DBE3F899FF change Leader from null to da343c1c-8367-46f5-a9ef-bb79fda7b344 at term 1 for becomeLeader, leader elected after 5128ms
2019-07-14 06:52:26,552 INFO  impl.LeaderElection (LeaderElection.java:logAndReturn(56)) - feb42f30-01a8-4b34-87ff-e0218b26b2eb:group-7525EACE5B64:LeaderElection45: Election REJECTED; received 2 response(s) [feb42f30-01a8-4b34-87ff-e0218b26b2eb<-4f9df1b2-0407-4bbd-a402-8d03a959aa46#0:FAIL-t1, feb42f30-01a8-4b34-87ff-e0218b26b2eb<-16cd33d1-021f-4fa8-b7c7-5dab90ae5617#0:FAIL-t1] and 0 exception(s); feb42f30-01a8-4b34-87ff-e0218b26b2eb:t1, leader=null, voted=feb42f30-01a8-4b34-87ff-e0218b26b2eb, raftlog=feb42f30-01a8-4b34-87ff-e0218b26b2eb-SegmentedRaftLog:OPENED:c-1,f-1,i0, conf=-1: [4f9df1b2-0407-4bbd-a402-8d03a959aa46:192.168.5.144:44202, 16cd33d1-021f-4fa8-b7c7-5dab90ae5617:192.168.5.144:41982, feb42f30-01a8-4b34-87ff-e0218b26b2eb:192.168.5.144:37379], old=null
2019-07-14 06:52:26,557 INFO  server.RaftServerConfigKeys (ConfUtils.java:logGet(43)) - raft.server.staging.catchup.gap = 1000 (default)
2019-07-14 06:52:26,557 INFO  impl.RaftServerImpl (RaftServerImpl.java:setRole(171)) - feb42f30-01a8-4b34-87ff-e0218b26b2eb:group-7525EACE5B64 changes role from CANDIDATE to FOLLOWER at term 1 for DISCOVERED_A_NEW_TERM
2019-07-14 06:52:26,561 INFO  server.RaftServerConfigKeys (ConfUtils.java:logGet(43)) - raft.server.rpc.sleep.time = 25ms (default)
2019-07-14 06:52:26,561 INFO  impl.RoleInfo (RoleInfo.java:shutdownLeaderElection(134)) - feb42f30-01a8-4b34-87ff-e0218b26b2eb: shutdown LeaderElection
2019-07-14 06:52:26,561 INFO  server.RaftServerConfigKeys (ConfUtils.java:logGet(43)) - raft.server.write.element-limit = 4096 (default)
2019-07-14 06:52:26,562 INFO  impl.RoleInfo (RoleInfo.java:updateAndGet(143)) - feb42f30-01a8-4b34-87ff-e0218b26b2eb: start FollowerState
2019-07-14 06:52:26,562 INFO  server.RaftServerConfigKeys (ConfUtils.java:logGet(43)) - raft.server.watch.timeout = 10s (default)
2019-07-14 06:52:26,566 INFO  server.RaftServerConfigKeys (ConfUtils.java:logGet(43)) - raft.server.watch.timeout.denomination = 1s (default)
2019-07-14 06:52:26,566 INFO  server.RaftServerConfigKeys (ConfUtils.java:logGet(43)) - raft.server.watch.element-limit = 65536 (default)
2019-07-14 06:52:26,566 INFO  impl.RoleInfo (RoleInfo.java:updateAndGet(143)) - da343c1c-8367-46f5-a9ef-bb79fda7b344: start LeaderState
2019-07-14 06:52:26,566 INFO  segmented.SegmentedRaftLogWorker (SegmentedRaftLogWorker.java:startLogSegment(380)) - da343c1c-8367-46f5-a9ef-bb79fda7b344-SegmentedRaftLogWorker:Storage Directory /tmp/workdir/hadoop-ozone/integration-test/target/test-dir/MiniOzoneClusterImpl-60549c81-59ca-4eab-8951-3bc22d076988/datanode-3/data/ratis/4885c860-3c98-495a-8c70-e9dbe3f899ff: Starting segment from index:0
2019-07-14 06:52:26,567 INFO  impl.RaftServerImpl (ServerState.java:setRaftConf(361)) - da343c1c-8367-46f5-a9ef-bb79fda7b344:group-E9DBE3F899FF set configuration 0: [da343c1c-8367-46f5-a9ef-bb79fda7b344:192.168.5.144:32905], old=null at 0
2019-07-14 06:52:26,587 INFO  impl.LeaderElection (LeaderElection.java:logAndReturn(56)) - 16cd33d1-021f-4fa8-b7c7-5dab90ae5617:group-7525EACE5B64:LeaderElection46: Election PASSED; received 2 response(s) [16cd33d1-021f-4fa8-b7c7-5dab90ae5617<-4f9df1b2-0407-4bbd-a402-8d03a959aa46#0:OK-t1, 16cd33d1-021f-4fa8-b7c7-5dab90ae5617<-feb42f30-01a8-4b34-87ff-e0218b26b2eb#0:FAIL-t1] and 0 exception(s); 16cd33d1-021f-4fa8-b7c7-5dab90ae5617:t1, leader=null, voted=16cd33d1-021f-4fa8-b7c7-5dab90ae5617, raftlog=16cd33d1-021f-4fa8-b7c7-5dab90ae5617-SegmentedRaftLog:OPENED:c-1,f-1,i0, conf=-1: [4f9df1b2-0407-4bbd-a402-8d03a959aa46:192.168.5.144:44202, 16cd33d1-021f-4fa8-b7c7-5dab90ae5617:192.168.5.144:41982, feb42f30-01a8-4b34-87ff-e0218b26b2eb:192.168.5.144:37379], old=null
2019-07-14 06:52:26,587 INFO  impl.RoleInfo (RoleInfo.java:shutdownLeaderElection(134)) - 16cd33d1-021f-4fa8-b7c7-5dab90ae5617: shutdown LeaderElection
2019-07-14 06:52:26,605 INFO  impl.RaftServerImpl (RaftServerImpl.java:setRole(171)) - 16cd33d1-021f-4fa8-b7c7-5dab90ae5617:group-7525EACE5B64 changes role from CANDIDATE to LEADER at term 1 for changeToLeader
2019-07-14 06:52:26,605 INFO  segmented.SegmentedRaftLogWorker (SegmentedRaftLogWorker.java:execute(569)) - da343c1c-8367-46f5-a9ef-bb79fda7b344-SegmentedRaftLogWorker:Storage Directory /tmp/workdir/hadoop-ozone/integration-test/target/test-dir/MiniOzoneClusterImpl-60549c81-59ca-4eab-8951-3bc22d076988/datanode-3/data/ratis/4885c860-3c98-495a-8c70-e9dbe3f899ff: created new log segment /tmp/workdir/hadoop-ozone/integration-test/target/test-dir/MiniOzoneClusterImpl-60549c81-59ca-4eab-8951-3bc22d076988/datanode-3/data/ratis/4885c860-3c98-495a-8c70-e9dbe3f899ff/current/log_inprogress_0
2019-07-14 06:52:26,605 INFO  impl.LeaderElection (LeaderElection.java:askForVotes(181)) - 4f9df1b2-0407-4bbd-a402-8d03a959aa46:group-7525EACE5B64:LeaderElection48: begin an election at term 2 for -1: [4f9df1b2-0407-4bbd-a402-8d03a959aa46:192.168.5.144:44202, 16cd33d1-021f-4fa8-b7c7-5dab90ae5617:192.168.5.144:41982, feb42f30-01a8-4b34-87ff-e0218b26b2eb:192.168.5.144:37379], old=null
2019-07-14 06:52:26,605 INFO  impl.RaftServerImpl (ServerState.java:setLeader(263)) - 16cd33d1-021f-4fa8-b7c7-5dab90ae5617:group-7525EACE5B64 change Leader from null to 16cd33d1-021f-4fa8-b7c7-5dab90ae5617 at term 1 for becomeLeader, leader elected after 5331ms
2019-07-14 06:52:26,606 INFO  server.RaftServerConfigKeys (ConfUtils.java:logGet(43)) - raft.server.staging.catchup.gap = 1000 (default)
2019-07-14 06:52:26,606 INFO  server.RaftServerConfigKeys (ConfUtils.java:logGet(43)) - raft.server.rpc.sleep.time = 25ms (default)
2019-07-14 06:52:26,606 INFO  impl.LeaderElection (LeaderElection.java:logAndReturn(56)) - 4f9df1b2-0407-4bbd-a402-8d03a959aa46:group-7525EACE5B64:LeaderElection48: Election REJECTED; received 0 response(s) [] and 0 exception(s); 4f9df1b2-0407-4bbd-a402-8d03a959aa46:t2, leader=null, voted=4f9df1b2-0407-4bbd-a402-8d03a959aa46, raftlog=4f9df1b2-0407-4bbd-a402-8d03a959aa46-SegmentedRaftLog:OPENED:c-1,f-1,i0, conf=-1: [4f9df1b2-0407-4bbd-a402-8d03a959aa46:192.168.5.144:44202, 16cd33d1-021f-4fa8-b7c7-5dab90ae5617:192.168.5.144:41982, feb42f30-01a8-4b34-87ff-e0218b26b2eb:192.168.5.144:37379], old=null
2019-07-14 06:52:26,606 INFO  server.RaftServerConfigKeys (ConfUtils.java:logGet(43)) - raft.server.write.element-limit = 4096 (default)
2019-07-14 06:52:26,607 INFO  server.RaftServerConfigKeys (ConfUtils.java:logGet(43)) - raft.server.watch.timeout = 10s (default)
2019-07-14 06:52:26,607 INFO  server.RaftServerConfigKeys (ConfUtils.java:logGet(43)) - raft.server.watch.timeout.denomination = 1s (default)
2019-07-14 06:52:26,607 INFO  server.RaftServerConfigKeys (ConfUtils.java:logGet(43)) - raft.server.watch.element-limit = 65536 (default)
2019-07-14 06:52:26,607 INFO  server.RaftServerConfigKeys (ConfUtils.java:logGet(43)) - raft.server.log.appender.snapshot.chunk.size.max = 16MB (=16777216) (default)
2019-07-14 06:52:26,607 INFO  server.RaftServerConfigKeys (ConfUtils.java:logGet(43)) - raft.server.log.appender.buffer.byte-limit = 33554432 (custom)
2019-07-14 06:52:26,608 INFO  server.RaftServerConfigKeys (ConfUtils.java:logGet(43)) - raft.server.log.appender.buffer.element-limit = 1 (custom)
2019-07-14 06:52:26,608 INFO  grpc.GrpcConfigKeys$Server (ConfUtils.java:logGet(43)) - raft.grpc.server.leader.outstanding.appends.max = 128 (default)
2019-07-14 06:52:26,608 INFO  server.RaftServerConfigKeys (ConfUtils.java:logGet(43)) - raft.server.rpc.request.timeout = 3000ms (default)
2019-07-14 06:52:26,608 INFO  server.RaftServerConfigKeys (ConfUtils.java:logGet(43)) - raft.server.log.appender.install.snapshot.enabled = false (custom)
2019-07-14 06:52:26,608 INFO  server.RaftServerConfigKeys (ConfUtils.java:logGet(43)) - raft.server.log.appender.snapshot.chunk.size.max = 16MB (=16777216) (default)
2019-07-14 06:52:26,608 INFO  server.RaftServerConfigKeys (ConfUtils.java:logGet(43)) - raft.server.log.appender.buffer.byte-limit = 33554432 (custom)
2019-07-14 06:52:26,609 INFO  server.RaftServerConfigKeys (ConfUtils.java:logGet(43)) - raft.server.log.appender.buffer.element-limit = 1 (custom)
2019-07-14 06:52:26,609 INFO  grpc.GrpcConfigKeys$Server (ConfUtils.java:logGet(43)) - raft.grpc.server.leader.outstanding.appends.max = 128 (default)
2019-07-14 06:52:26,609 INFO  server.RaftServerConfigKeys (ConfUtils.java:logGet(43)) - raft.server.rpc.request.timeout = 3000ms (default)
2019-07-14 06:52:26,609 INFO  server.RaftServerConfigKeys (ConfUtils.java:logGet(43)) - raft.server.log.appender.install.snapshot.enabled = false (custom)
2019-07-14 06:52:26,609 INFO  impl.RoleInfo (RoleInfo.java:updateAndGet(143)) - 16cd33d1-021f-4fa8-b7c7-5dab90ae5617: start LeaderState
2019-07-14 06:52:26,609 INFO  segmented.SegmentedRaftLogWorker (SegmentedRaftLogWorker.java:startLogSegment(380)) - 16cd33d1-021f-4fa8-b7c7-5dab90ae5617-SegmentedRaftLogWorker:Storage Directory /tmp/workdir/hadoop-ozone/integration-test/target/test-dir/MiniOzoneClusterImpl-60549c81-59ca-4eab-8951-3bc22d076988/datanode-0/data/ratis/2f8825da-ca4d-45da-95ac-7525eace5b64: Starting segment from index:0
2019-07-14 06:52:26,610 INFO  impl.RaftServerImpl (ServerState.java:setRaftConf(361)) - 16cd33d1-021f-4fa8-b7c7-5dab90ae5617:group-7525EACE5B64 set configuration 0: [4f9df1b2-0407-4bbd-a402-8d03a959aa46:192.168.5.144:44202, 16cd33d1-021f-4fa8-b7c7-5dab90ae5617:192.168.5.144:41982, feb42f30-01a8-4b34-87ff-e0218b26b2eb:192.168.5.144:37379], old=null at 0
2019-07-14 06:52:26,632 INFO  impl.RaftServerImpl (ServerState.java:setLeader(263)) - 16cd33d1-021f-4fa8-b7c7-5dab90ae5617:group-7525EACE5B64 change Leader from 16cd33d1-021f-4fa8-b7c7-5dab90ae5617 to null at term 2 for updateCurrentTerm
2019-07-14 06:52:26,632 INFO  impl.RaftServerImpl (RaftServerImpl.java:setRole(171)) - 16cd33d1-021f-4fa8-b7c7-5dab90ae5617:group-7525EACE5B64 changes role from LEADER to FOLLOWER at term 2 for recognizeCandidate:4f9df1b2-0407-4bbd-a402-8d03a959aa46
2019-07-14 06:52:26,632 INFO  impl.RaftServerImpl (RaftServerImpl.java:setRole(171)) - feb42f30-01a8-4b34-87ff-e0218b26b2eb:group-7525EACE5B64 changes role from FOLLOWER to FOLLOWER at term 2 for recognizeCandidate:4f9df1b2-0407-4bbd-a402-8d03a959aa46
2019-07-14 06:52:26,632 INFO  impl.RoleInfo (RoleInfo.java:shutdownLeaderState(104)) - 16cd33d1-021f-4fa8-b7c7-5dab90ae5617: shutdown LeaderState
2019-07-14 06:52:26,632 INFO  impl.RoleInfo (RoleInfo.java:shutdownFollowerState(121)) - feb42f30-01a8-4b34-87ff-e0218b26b2eb: shutdown FollowerState
2019-07-14 06:52:26,644 INFO  impl.PendingRequests (PendingRequests.java:sendNotLeaderResponses(202)) - 16cd33d1-021f-4fa8-b7c7-5dab90ae5617-PendingRequests: sendNotLeaderResponses
2019-07-14 06:52:26,644 INFO  segmented.SegmentedRaftLogWorker (SegmentedRaftLogWorker.java:execute(569)) - 16cd33d1-021f-4fa8-b7c7-5dab90ae5617-SegmentedRaftLogWorker:Storage Directory /tmp/workdir/hadoop-ozone/integration-test/target/test-dir/MiniOzoneClusterImpl-60549c81-59ca-4eab-8951-3bc22d076988/datanode-0/data/ratis/2f8825da-ca4d-45da-95ac-7525eace5b64: created new log segment /tmp/workdir/hadoop-ozone/integration-test/target/test-dir/MiniOzoneClusterImpl-60549c81-59ca-4eab-8951-3bc22d076988/datanode-0/data/ratis/2f8825da-ca4d-45da-95ac-7525eace5b64/current/log_inprogress_0
2019-07-14 06:52:26,644 WARN  server.GrpcLogAppender (GrpcLogAppender.java:mayWait(143)) - GrpcLogAppender(16cd33d1-021f-4fa8-b7c7-5dab90ae5617->feb42f30-01a8-4b34-87ff-e0218b26b2eb): Wait interrupted by java.lang.InterruptedException
2019-07-14 06:52:26,645 INFO  impl.RoleInfo (RoleInfo.java:updateAndGet(143)) - 16cd33d1-021f-4fa8-b7c7-5dab90ae5617: start FollowerState
2019-07-14 06:52:26,644 WARN  server.GrpcLogAppender (GrpcLogAppender.java:mayWait(143)) - GrpcLogAppender(16cd33d1-021f-4fa8-b7c7-5dab90ae5617->4f9df1b2-0407-4bbd-a402-8d03a959aa46): Wait interrupted by java.lang.InterruptedException
2019-07-14 06:52:26,644 INFO  impl.FollowerState (FollowerState.java:run(114)) - feb42f30-01a8-4b34-87ff-e0218b26b2eb: FollowerState was interrupted: java.lang.InterruptedException: sleep interrupted
2019-07-14 06:52:26,644 INFO  impl.RoleInfo (RoleInfo.java:updateAndGet(143)) - feb42f30-01a8-4b34-87ff-e0218b26b2eb: start FollowerState
2019-07-14 06:52:26,662 INFO  server.GrpcServerProtocolService (GrpcServerProtocolService.java:onCompleted(104)) - 4f9df1b2-0407-4bbd-a402-8d03a959aa46: appendEntries completed
2019-07-14 06:52:26,667 INFO  server.GrpcServerProtocolService (GrpcServerProtocolService.java:onCompleted(104)) - feb42f30-01a8-4b34-87ff-e0218b26b2eb: appendEntries completed
2019-07-14 06:52:26,667 INFO  server.GrpcLogAppender (GrpcLogAppender.java:onCompleted(292)) - 16cd33d1-021f-4fa8-b7c7-5dab90ae5617->4f9df1b2-0407-4bbd-a402-8d03a959aa46: follower responses appendEntries COMPLETED
2019-07-14 06:52:26,672 INFO  impl.FollowerInfo (FollowerInfo.java:lambda$new$0(50)) - 16cd33d1-021f-4fa8-b7c7-5dab90ae5617->4f9df1b2-0407-4bbd-a402-8d03a959aa46: nextIndex: updateUnconditionally 0 -> 0
2019-07-14 06:52:26,682 INFO  server.GrpcLogAppender (GrpcLogAppender.java:onCompleted(292)) - 16cd33d1-021f-4fa8-b7c7-5dab90ae5617->feb42f30-01a8-4b34-87ff-e0218b26b2eb: follower responses appendEntries COMPLETED
2019-07-14 06:52:26,686 INFO  impl.FollowerInfo (FollowerInfo.java:lambda$new$0(50)) - 16cd33d1-021f-4fa8-b7c7-5dab90ae5617->feb42f30-01a8-4b34-87ff-e0218b26b2eb: nextIndex: updateUnconditionally 0 -> 0
2019-07-14 06:52:26,739 INFO  impl.FollowerState (FollowerState.java:run(106)) - a4c24659-6a6f-404d-a8b7-ecfa7e5f7d9a:group-7DA35D8E8168 changes to CANDIDATE, lastRpcTime:5127, electionTimeout:5127ms
2019-07-14 06:52:26,739 INFO  impl.RoleInfo (RoleInfo.java:shutdownFollowerState(121)) - a4c24659-6a6f-404d-a8b7-ecfa7e5f7d9a: shutdown FollowerState
2019-07-14 06:52:26,739 INFO  impl.RaftServerImpl (RaftServerImpl.java:setRole(171)) - a4c24659-6a6f-404d-a8b7-ecfa7e5f7d9a:group-7DA35D8E8168 changes role from FOLLOWER to CANDIDATE at term 0 for changeToCandidate
2019-07-14 06:52:26,739 INFO  impl.RoleInfo (RoleInfo.java:updateAndGet(143)) - a4c24659-6a6f-404d-a8b7-ecfa7e5f7d9a: start LeaderElection
2019-07-14 06:52:26,756 ERROR commandhandler.CloseContainerCommandHandler (CloseContainerCommandHandler.java:handle(84)) - Container #1 does not exist in datanode. Container close failed.
2019-07-14 06:52:26,760 INFO  impl.LeaderElection (LeaderElection.java:askForVotes(181)) - a4c24659-6a6f-404d-a8b7-ecfa7e5f7d9a:group-7DA35D8E8168:LeaderElection50: begin an election at term 1 for -1: [a4c24659-6a6f-404d-a8b7-ecfa7e5f7d9a:192.168.5.144:37316], old=null
2019-07-14 06:52:26,760 INFO  impl.RoleInfo (RoleInfo.java:shutdownLeaderElection(134)) - a4c24659-6a6f-404d-a8b7-ecfa7e5f7d9a: shutdown LeaderElection
2019-07-14 06:52:26,760 INFO  impl.RaftServerImpl (RaftServerImpl.java:setRole(171)) - a4c24659-6a6f-404d-a8b7-ecfa7e5f7d9a:group-7DA35D8E8168 changes role from CANDIDATE to LEADER at term 1 for changeToLeader
2019-07-14 06:52:26,760 INFO  impl.RaftServerImpl (ServerState.java:setLeader(263)) - a4c24659-6a6f-404d-a8b7-ecfa7e5f7d9a:group-7DA35D8E8168 change Leader from null to a4c24659-6a6f-404d-a8b7-ecfa7e5f7d9a at term 1 for becomeLeader, leader elected after 5153ms
2019-07-14 06:52:26,760 INFO  server.RaftServerConfigKeys (ConfUtils.java:logGet(43)) - raft.server.staging.catchup.gap = 1000 (default)
2019-07-14 06:52:26,760 INFO  server.RaftServerConfigKeys (ConfUtils.java:logGet(43)) - raft.server.rpc.sleep.time = 25ms (default)
2019-07-14 06:52:26,761 INFO  server.RaftServerConfigKeys (ConfUtils.java:logGet(43)) - raft.server.write.element-limit = 4096 (default)
2019-07-14 06:52:26,761 INFO  server.RaftServerConfigKeys (ConfUtils.java:logGet(43)) - raft.server.watch.timeout = 10s (default)
2019-07-14 06:52:26,761 INFO  server.RaftServerConfigKeys (ConfUtils.java:logGet(43)) - raft.server.watch.timeout.denomination = 1s (default)
2019-07-14 06:52:26,761 INFO  server.RaftServerConfigKeys (ConfUtils.java:logGet(43)) - raft.server.watch.element-limit = 65536 (default)
2019-07-14 06:52:26,761 INFO  impl.RoleInfo (RoleInfo.java:updateAndGet(143)) - a4c24659-6a6f-404d-a8b7-ecfa7e5f7d9a: start LeaderState
2019-07-14 06:52:26,761 INFO  segmented.SegmentedRaftLogWorker (SegmentedRaftLogWorker.java:startLogSegment(380)) - a4c24659-6a6f-404d-a8b7-ecfa7e5f7d9a-SegmentedRaftLogWorker:Storage Directory /tmp/workdir/hadoop-ozone/integration-test/target/test-dir/MiniOzoneClusterImpl-60549c81-59ca-4eab-8951-3bc22d076988/datanode-4/data/ratis/f6d22915-d182-4a0f-8f49-7da35d8e8168: Starting segment from index:0
2019-07-14 06:52:26,762 INFO  impl.RaftServerImpl (ServerState.java:setRaftConf(361)) - a4c24659-6a6f-404d-a8b7-ecfa7e5f7d9a:group-7DA35D8E8168 set configuration 0: [a4c24659-6a6f-404d-a8b7-ecfa7e5f7d9a:192.168.5.144:37316], old=null at 0
2019-07-14 06:52:26,794 INFO  segmented.SegmentedRaftLogWorker (SegmentedRaftLogWorker.java:execute(569)) - a4c24659-6a6f-404d-a8b7-ecfa7e5f7d9a-SegmentedRaftLogWorker:Storage Directory /tmp/workdir/hadoop-ozone/integration-test/target/test-dir/MiniOzoneClusterImpl-60549c81-59ca-4eab-8951-3bc22d076988/datanode-4/data/ratis/f6d22915-d182-4a0f-8f49-7da35d8e8168: created new log segment /tmp/workdir/hadoop-ozone/integration-test/target/test-dir/MiniOzoneClusterImpl-60549c81-59ca-4eab-8951-3bc22d076988/datanode-4/data/ratis/f6d22915-d182-4a0f-8f49-7da35d8e8168/current/log_inprogress_0
2019-07-14 06:52:26,857 INFO  impl.FollowerState (FollowerState.java:run(106)) - ff1ab4d3-cbe6-48f1-9b56-d6e99bbeb9d5:group-963B4F6A1FA1 changes to CANDIDATE, lastRpcTime:5018, electionTimeout:5018ms
2019-07-14 06:52:26,857 INFO  impl.RoleInfo (RoleInfo.java:shutdownFollowerState(121)) - ff1ab4d3-cbe6-48f1-9b56-d6e99bbeb9d5: shutdown FollowerState
2019-07-14 06:52:26,857 INFO  impl.RaftServerImpl (RaftServerImpl.java:setRole(171)) - ff1ab4d3-cbe6-48f1-9b56-d6e99bbeb9d5:group-963B4F6A1FA1 changes role from FOLLOWER to CANDIDATE at term 0 for changeToCandidate
2019-07-14 06:52:26,857 INFO  impl.RoleInfo (RoleInfo.java:updateAndGet(143)) - ff1ab4d3-cbe6-48f1-9b56-d6e99bbeb9d5: start LeaderElection
2019-07-14 06:52:26,884 INFO  impl.LeaderElection (LeaderElection.java:askForVotes(181)) - ff1ab4d3-cbe6-48f1-9b56-d6e99bbeb9d5:group-963B4F6A1FA1:LeaderElection51: begin an election at term 1 for -1: [ff1ab4d3-cbe6-48f1-9b56-d6e99bbeb9d5:192.168.5.144:39240], old=null
2019-07-14 06:52:26,884 INFO  impl.RoleInfo (RoleInfo.java:shutdownLeaderElection(134)) - ff1ab4d3-cbe6-48f1-9b56-d6e99bbeb9d5: shutdown LeaderElection
2019-07-14 06:52:26,884 INFO  impl.RaftServerImpl (RaftServerImpl.java:setRole(171)) - ff1ab4d3-cbe6-48f1-9b56-d6e99bbeb9d5:group-963B4F6A1FA1 changes role from CANDIDATE to LEADER at term 1 for changeToLeader
2019-07-14 06:52:26,884 INFO  impl.RaftServerImpl (ServerState.java:setLeader(263)) - ff1ab4d3-cbe6-48f1-9b56-d6e99bbeb9d5:group-963B4F6A1FA1 change Leader from null to ff1ab4d3-cbe6-48f1-9b56-d6e99bbeb9d5 at term 1 for becomeLeader, leader elected after 5053ms
2019-07-14 06:52:26,884 INFO  server.RaftServerConfigKeys (ConfUtils.java:logGet(43)) - raft.server.staging.catchup.gap = 1000 (default)
2019-07-14 06:52:26,884 INFO  server.RaftServerConfigKeys (ConfUtils.java:logGet(43)) - raft.server.rpc.sleep.time = 25ms (default)
2019-07-14 06:52:26,884 INFO  server.RaftServerConfigKeys (ConfUtils.java:logGet(43)) - raft.server.write.element-limit = 4096 (default)
2019-07-14 06:52:26,885 INFO  server.RaftServerConfigKeys (ConfUtils.java:logGet(43)) - raft.server.watch.timeout = 10s (default)
2019-07-14 06:52:26,885 INFO  server.RaftServerConfigKeys (ConfUtils.java:logGet(43)) - raft.server.watch.timeout.denomination = 1s (default)
2019-07-14 06:52:26,885 INFO  server.RaftServerConfigKeys (ConfUtils.java:logGet(43)) - raft.server.watch.element-limit = 65536 (default)
2019-07-14 06:52:26,885 INFO  impl.RoleInfo (RoleInfo.java:updateAndGet(143)) - ff1ab4d3-cbe6-48f1-9b56-d6e99bbeb9d5: start LeaderState
2019-07-14 06:52:26,885 INFO  segmented.SegmentedRaftLogWorker (SegmentedRaftLogWorker.java:startLogSegment(380)) - ff1ab4d3-cbe6-48f1-9b56-d6e99bbeb9d5-SegmentedRaftLogWorker:Storage Directory /tmp/workdir/hadoop-ozone/integration-test/target/test-dir/MiniOzoneClusterImpl-60549c81-59ca-4eab-8951-3bc22d076988/datanode-5/data/ratis/5554db16-a972-46eb-ba32-963b4f6a1fa1: Starting segment from index:0
2019-07-14 06:52:26,886 INFO  impl.RaftServerImpl (ServerState.java:setRaftConf(361)) - ff1ab4d3-cbe6-48f1-9b56-d6e99bbeb9d5:group-963B4F6A1FA1 set configuration 0: [ff1ab4d3-cbe6-48f1-9b56-d6e99bbeb9d5:192.168.5.144:39240], old=null at 0
2019-07-14 06:52:26,928 INFO  segmented.SegmentedRaftLogWorker (SegmentedRaftLogWorker.java:execute(569)) - ff1ab4d3-cbe6-48f1-9b56-d6e99bbeb9d5-SegmentedRaftLogWorker:Storage Directory /tmp/workdir/hadoop-ozone/integration-test/target/test-dir/MiniOzoneClusterImpl-60549c81-59ca-4eab-8951-3bc22d076988/datanode-5/data/ratis/5554db16-a972-46eb-ba32-963b4f6a1fa1: created new log segment /tmp/workdir/hadoop-ozone/integration-test/target/test-dir/MiniOzoneClusterImpl-60549c81-59ca-4eab-8951-3bc22d076988/datanode-5/data/ratis/5554db16-a972-46eb-ba32-963b4f6a1fa1/current/log_inprogress_0
2019-07-14 06:52:26,942 INFO  ozoneimpl.OzoneContainer (OzoneContainer.java:stop(199)) - Attempting to stop container services.
2019-07-14 06:52:26,943 INFO  impl.RaftServerProxy (RaftServerProxy.java:lambda$close$4(314)) - a4c24659-6a6f-404d-a8b7-ecfa7e5f7d9a: close
2019-07-14 06:52:26,943 INFO  impl.RaftServerImpl (RaftServerImpl.java:lambda$shutdown$3(245)) - a4c24659-6a6f-404d-a8b7-ecfa7e5f7d9a: shutdown group-7DA35D8E8168
2019-07-14 06:52:26,943 INFO  impl.RaftServerImpl (RaftServerImpl.java:lambda$shutdown$3(245)) - a4c24659-6a6f-404d-a8b7-ecfa7e5f7d9a: shutdown group-8D33B243C8F8
2019-07-14 06:52:26,944 INFO  util.JmxRegister (JmxRegister.java:unregister(73)) - Successfully un-registered JMX Bean with object name Ratis:service=RaftServer,group=group-7DA35D8E8168,id=a4c24659-6a6f-404d-a8b7-ecfa7e5f7d9a
2019-07-14 06:52:26,944 INFO  util.JmxRegister (JmxRegister.java:unregister(73)) - Successfully un-registered JMX Bean with object name Ratis:service=RaftServer,group=group-8D33B243C8F8,id=a4c24659-6a6f-404d-a8b7-ecfa7e5f7d9a
2019-07-14 06:52:26,944 INFO  impl.RoleInfo (RoleInfo.java:shutdownLeaderState(104)) - a4c24659-6a6f-404d-a8b7-ecfa7e5f7d9a: shutdown LeaderState
2019-07-14 06:52:26,944 INFO  impl.RoleInfo (RoleInfo.java:shutdownFollowerState(121)) - a4c24659-6a6f-404d-a8b7-ecfa7e5f7d9a: shutdown FollowerState
2019-07-14 06:52:26,945 INFO  impl.PendingRequests (PendingRequests.java:sendNotLeaderResponses(202)) - a4c24659-6a6f-404d-a8b7-ecfa7e5f7d9a-PendingRequests: sendNotLeaderResponses
2019-07-14 06:52:26,945 INFO  impl.FollowerState (FollowerState.java:run(114)) - a4c24659-6a6f-404d-a8b7-ecfa7e5f7d9a: FollowerState was interrupted: java.lang.InterruptedException: sleep interrupted
2019-07-14 06:52:26,945 INFO  impl.StateMachineUpdater (StateMachineUpdater.java:stopAndJoin(115)) - StateMachineUpdater:a4c24659-6a6f-404d-a8b7-ecfa7e5f7d9a:group-7DA35D8E8168: set stopIndex = 0
2019-07-14 06:52:26,945 INFO  impl.StateMachineUpdater (StateMachineUpdater.java:stopAndJoin(115)) - StateMachineUpdater:a4c24659-6a6f-404d-a8b7-ecfa7e5f7d9a:group-8D33B243C8F8: set stopIndex = -1
2019-07-14 06:52:26,951 INFO  impl.RaftServerImpl (ServerState.java:close(394)) - a4c24659-6a6f-404d-a8b7-ecfa7e5f7d9a:group-7DA35D8E8168 closes. The last applied log index is 0
2019-07-14 06:52:26,952 INFO  impl.RaftServerImpl (ServerState.java:close(394)) - a4c24659-6a6f-404d-a8b7-ecfa7e5f7d9a:group-8D33B243C8F8 closes. The last applied log index is -1
2019-07-14 06:52:26,952 INFO  segmented.SegmentedRaftLogWorker (SegmentedRaftLogWorker.java:run(313)) - a4c24659-6a6f-404d-a8b7-ecfa7e5f7d9a-SegmentedRaftLogWorker:Storage Directory /tmp/workdir/hadoop-ozone/integration-test/target/test-dir/MiniOzoneClusterImpl-60549c81-59ca-4eab-8951-3bc22d076988/datanode-4/data/ratis/f6d22915-d182-4a0f-8f49-7da35d8e8168 was interrupted, exiting. There are 0 tasks remaining in the queue.
2019-07-14 06:52:26,952 INFO  segmented.SegmentedRaftLogWorker (SegmentedRaftLogWorker.java:run(313)) - a4c24659-6a6f-404d-a8b7-ecfa7e5f7d9a-SegmentedRaftLogWorker:Storage Directory /tmp/workdir/hadoop-ozone/integration-test/target/test-dir/MiniOzoneClusterImpl-60549c81-59ca-4eab-8951-3bc22d076988/datanode-4/data/ratis/ed3e2c4d-7caa-4a5d-99d0-8d33b243c8f8 was interrupted, exiting. There are 0 tasks remaining in the queue.
2019-07-14 06:52:26,957 INFO  segmented.SegmentedRaftLogWorker (SegmentedRaftLogWorker.java:close(228)) - a4c24659-6a6f-404d-a8b7-ecfa7e5f7d9a-SegmentedRaftLogWorker:Storage Directory /tmp/workdir/hadoop-ozone/integration-test/target/test-dir/MiniOzoneClusterImpl-60549c81-59ca-4eab-8951-3bc22d076988/datanode-4/data/ratis/f6d22915-d182-4a0f-8f49-7da35d8e8168 close()
2019-07-14 06:52:26,957 INFO  segmented.SegmentedRaftLogWorker (SegmentedRaftLogWorker.java:close(228)) - a4c24659-6a6f-404d-a8b7-ecfa7e5f7d9a-SegmentedRaftLogWorker:Storage Directory /tmp/workdir/hadoop-ozone/integration-test/target/test-dir/MiniOzoneClusterImpl-60549c81-59ca-4eab-8951-3bc22d076988/datanode-4/data/ratis/ed3e2c4d-7caa-4a5d-99d0-8d33b243c8f8 close()
2019-07-14 06:52:26,971 INFO  server.GrpcService (GrpcService.java:closeImpl(155)) - a4c24659-6a6f-404d-a8b7-ecfa7e5f7d9a: shutdown server with port 37316 now
2019-07-14 06:52:26,972 INFO  server.GrpcService (GrpcService.java:closeImpl(163)) - a4c24659-6a6f-404d-a8b7-ecfa7e5f7d9a: shutdown server with port 37316 successfully
2019-07-14 06:52:26,973 INFO  utils.BackgroundService (BackgroundService.java:shutdown(148)) - Shutting down service BlockDeletingService
2019-07-14 06:52:26,974 WARN  fs.CachingGetSpaceUsed (CachingGetSpaceUsed.java:run(183)) - Thread Interrupted waiting to refresh disk information: sleep interrupted
2019-07-14 06:52:27,008 INFO  statemachine.DatanodeStateMachine (DatanodeStateMachine.java:stopDaemon(395)) - Ozone container server stopped.
2019-07-14 06:52:27,009 INFO  handler.ContextHandler (ContextHandler.java:doStop(910)) - Stopped o.e.j.w.WebAppContext@7a90f33d{/,null,UNAVAILABLE}{/hddsDatanode}
2019-07-14 06:52:27,010 INFO  impl.FollowerState (FollowerState.java:run(106)) - ff1ab4d3-cbe6-48f1-9b56-d6e99bbeb9d5:group-8D33B243C8F8 changes to CANDIDATE, lastRpcTime:5086, electionTimeout:5086ms
2019-07-14 06:52:27,010 INFO  impl.RoleInfo (RoleInfo.java:shutdownFollowerState(121)) - ff1ab4d3-cbe6-48f1-9b56-d6e99bbeb9d5: shutdown FollowerState
2019-07-14 06:52:27,010 INFO  impl.RaftServerImpl (RaftServerImpl.java:setRole(171)) - ff1ab4d3-cbe6-48f1-9b56-d6e99bbeb9d5:group-8D33B243C8F8 changes role from FOLLOWER to CANDIDATE at term 0 for changeToCandidate
2019-07-14 06:52:27,010 INFO  server.AbstractConnector (AbstractConnector.java:doStop(318)) - Stopped ServerConnector@7c7b27c{HTTP/1.1,[http/1.1]}{0.0.0.0:0}
2019-07-14 06:52:27,010 INFO  impl.RoleInfo (RoleInfo.java:updateAndGet(143)) - ff1ab4d3-cbe6-48f1-9b56-d6e99bbeb9d5: start LeaderElection
2019-07-14 06:52:27,011 INFO  handler.ContextHandler (ContextHandler.java:doStop(910)) - Stopped o.e.j.s.ServletContextHandler@518ed9b4{/static,jar:file:/home/user/.m2/repository/org/apache/hadoop/hadoop-hdds-container-service/0.5.0-SNAPSHOT/hadoop-hdds-container-service-0.5.0-SNAPSHOT.jar!/webapps/static,UNAVAILABLE}
2019-07-14 06:52:27,024 INFO  handler.ContextHandler (ContextHandler.java:doStop(910)) - Stopped o.e.j.s.ServletContextHandler@40612056{/logs,file:///tmp/workdir/hadoop-ozone/integration-test/target/log,UNAVAILABLE}
2019-07-14 06:52:27,025 INFO  datanode.ObjectStoreHandler (ObjectStoreHandler.java:close(155)) - Closing ObjectStoreHandler.
2019-07-14 06:52:27,027 INFO  ozone.HddsDatanodeService (HddsDatanodeService.java:stop(452)) - Stopped plug-in org.apache.hadoop.ozone.web.OzoneHddsDatanodeService@7d018c58
2019-07-14 06:52:27,032 INFO  impl.LeaderElection (LeaderElection.java:askForVotes(181)) - ff1ab4d3-cbe6-48f1-9b56-d6e99bbeb9d5:group-8D33B243C8F8:LeaderElection52: begin an election at term 1 for -1: [da343c1c-8367-46f5-a9ef-bb79fda7b344:192.168.5.144:32905, a4c24659-6a6f-404d-a8b7-ecfa7e5f7d9a:192.168.5.144:37316, ff1ab4d3-cbe6-48f1-9b56-d6e99bbeb9d5:192.168.5.144:39240], old=null
2019-07-14 06:52:27,036 INFO  impl.LeaderElection (LogUtils.java:infoOrTrace(149)) - ff1ab4d3-cbe6-48f1-9b56-d6e99bbeb9d5:group-8D33B243C8F8:LeaderElection52 got exception when requesting votes: {}
java.util.concurrent.ExecutionException: org.apache.ratis.thirdparty.io.grpc.StatusRuntimeException: UNAVAILABLE: io exception
	at java.util.concurrent.FutureTask.report(FutureTask.java:122)
	at java.util.concurrent.FutureTask.get(FutureTask.java:192)
	at org.apache.ratis.server.impl.LeaderElection.waitForResults(LeaderElection.java:262)
	at org.apache.ratis.server.impl.LeaderElection.askForVotes(LeaderElection.java:200)
	at org.apache.ratis.server.impl.LeaderElection.run(LeaderElection.java:130)
	at java.lang.Thread.run(Thread.java:748)
Caused by: org.apache.ratis.thirdparty.io.grpc.StatusRuntimeException: UNAVAILABLE: io exception
	at org.apache.ratis.thirdparty.io.grpc.stub.ClientCalls.toStatusRuntimeException(ClientCalls.java:233)
	at org.apache.ratis.thirdparty.io.grpc.stub.ClientCalls.getUnchecked(ClientCalls.java:214)
	at org.apache.ratis.thirdparty.io.grpc.stub.ClientCalls.blockingUnaryCall(ClientCalls.java:139)
	at org.apache.ratis.proto.grpc.RaftServerProtocolServiceGrpc$RaftServerProtocolServiceBlockingStub.requestVote(RaftServerProtocolServiceGrpc.java:265)
	at org.apache.ratis.grpc.server.GrpcServerProtocolClient.requestVote(GrpcServerProtocolClient.java:83)
	at org.apache.ratis.grpc.server.GrpcService.requestVote(GrpcService.java:195)
	at org.apache.ratis.server.impl.LeaderElection.lambda$submitRequests$1(LeaderElection.java:237)
	at java.util.concurrent.FutureTask.run(FutureTask.java:266)
	at java.util.concurrent.Executors$RunnableAdapter.call(Executors.java:511)
	at java.util.concurrent.FutureTask.run(FutureTask.java:266)
	at java.util.concurrent.ThreadPoolExecutor.runWorker(ThreadPoolExecutor.java:1149)
	at java.util.concurrent.ThreadPoolExecutor$Worker.run(ThreadPoolExecutor.java:624)
	... 1 more
Caused by: org.apache.ratis.thirdparty.io.netty.channel.AbstractChannel$AnnotatedConnectException: Connection refused: /192.168.5.144:37316
	at sun.nio.ch.SocketChannelImpl.checkConnect(Native Method)
	at sun.nio.ch.SocketChannelImpl.finishConnect(SocketChannelImpl.java:717)
	at org.apache.ratis.thirdparty.io.netty.channel.socket.nio.NioSocketChannel.doFinishConnect(NioSocketChannel.java:327)
	at org.apache.ratis.thirdparty.io.netty.channel.nio.AbstractNioChannel$AbstractNioUnsafe.finishConnect(AbstractNioChannel.java:340)
	at org.apache.ratis.thirdparty.io.netty.channel.nio.NioEventLoop.processSelectedKey(NioEventLoop.java:632)
	at org.apache.ratis.thirdparty.io.netty.channel.nio.NioEventLoop.processSelectedKeysOptimized(NioEventLoop.java:579)
	at org.apache.ratis.thirdparty.io.netty.channel.nio.NioEventLoop.processSelectedKeys(NioEventLoop.java:496)
	at org.apache.ratis.thirdparty.io.netty.channel.nio.NioEventLoop.run(NioEventLoop.java:458)
	at org.apache.ratis.thirdparty.io.netty.util.concurrent.SingleThreadEventExecutor$5.run(SingleThreadEventExecutor.java:897)
	at org.apache.ratis.thirdparty.io.netty.util.concurrent.FastThreadLocalRunnable.run(FastThreadLocalRunnable.java:30)
	... 1 more
Caused by: java.net.ConnectException: Connection refused
	... 11 more
2019-07-14 06:52:27,045 INFO  impl.RaftServerImpl (RaftServerImpl.java:setRole(171)) - da343c1c-8367-46f5-a9ef-bb79fda7b344:group-8D33B243C8F8 changes role from FOLLOWER to FOLLOWER at term 1 for recognizeCandidate:ff1ab4d3-cbe6-48f1-9b56-d6e99bbeb9d5
2019-07-14 06:52:27,045 INFO  impl.RoleInfo (RoleInfo.java:shutdownFollowerState(121)) - da343c1c-8367-46f5-a9ef-bb79fda7b344: shutdown FollowerState
2019-07-14 06:52:27,045 INFO  impl.RoleInfo (RoleInfo.java:updateAndGet(143)) - da343c1c-8367-46f5-a9ef-bb79fda7b344: start FollowerState
2019-07-14 06:52:27,045 INFO  impl.FollowerState (FollowerState.java:run(114)) - da343c1c-8367-46f5-a9ef-bb79fda7b344: FollowerState was interrupted: java.lang.InterruptedException: sleep interrupted
2019-07-14 06:52:27,053 INFO  impl.LeaderElection (LeaderElection.java:logAndReturn(56)) - ff1ab4d3-cbe6-48f1-9b56-d6e99bbeb9d5:group-8D33B243C8F8:LeaderElection52: Election PASSED; received 1 response(s) [ff1ab4d3-cbe6-48f1-9b56-d6e99bbeb9d5<-da343c1c-8367-46f5-a9ef-bb79fda7b344#0:OK-t1] and 1 exception(s); ff1ab4d3-cbe6-48f1-9b56-d6e99bbeb9d5:t1, leader=null, voted=ff1ab4d3-cbe6-48f1-9b56-d6e99bbeb9d5, raftlog=ff1ab4d3-cbe6-48f1-9b56-d6e99bbeb9d5-SegmentedRaftLog:OPENED:c-1,f-1,i0, conf=-1: [da343c1c-8367-46f5-a9ef-bb79fda7b344:192.168.5.144:32905, a4c24659-6a6f-404d-a8b7-ecfa7e5f7d9a:192.168.5.144:37316, ff1ab4d3-cbe6-48f1-9b56-d6e99bbeb9d5:192.168.5.144:39240], old=null
2019-07-14 06:52:27,053 INFO  impl.LeaderElection (LogUtils.java:infoOrTrace(149)) -   Exception 0: {}
java.util.concurrent.ExecutionException: org.apache.ratis.thirdparty.io.grpc.StatusRuntimeException: UNAVAILABLE: io exception
	at java.util.concurrent.FutureTask.report(FutureTask.java:122)
	at java.util.concurrent.FutureTask.get(FutureTask.java:192)
	at org.apache.ratis.server.impl.LeaderElection.waitForResults(LeaderElection.java:262)
	at org.apache.ratis.server.impl.LeaderElection.askForVotes(LeaderElection.java:200)
	at org.apache.ratis.server.impl.LeaderElection.run(LeaderElection.java:130)
	at java.lang.Thread.run(Thread.java:748)
Caused by: org.apache.ratis.thirdparty.io.grpc.StatusRuntimeException: UNAVAILABLE: io exception
	at org.apache.ratis.thirdparty.io.grpc.stub.ClientCalls.toStatusRuntimeException(ClientCalls.java:233)
	at org.apache.ratis.thirdparty.io.grpc.stub.ClientCalls.getUnchecked(ClientCalls.java:214)
	at org.apache.ratis.thirdparty.io.grpc.stub.ClientCalls.blockingUnaryCall(ClientCalls.java:139)
	at org.apache.ratis.proto.grpc.RaftServerProtocolServiceGrpc$RaftServerProtocolServiceBlockingStub.requestVote(RaftServerProtocolServiceGrpc.java:265)
	at org.apache.ratis.grpc.server.GrpcServerProtocolClient.requestVote(GrpcServerProtocolClient.java:83)
	at org.apache.ratis.grpc.server.GrpcService.requestVote(GrpcService.java:195)
	at org.apache.ratis.server.impl.LeaderElection.lambda$submitRequests$1(LeaderElection.java:237)
	at java.util.concurrent.FutureTask.run(FutureTask.java:266)
	at java.util.concurrent.Executors$RunnableAdapter.call(Executors.java:511)
	at java.util.concurrent.FutureTask.run(FutureTask.java:266)
	at java.util.concurrent.ThreadPoolExecutor.runWorker(ThreadPoolExecutor.java:1149)
	at java.util.concurrent.ThreadPoolExecutor$Worker.run(ThreadPoolExecutor.java:624)
	... 1 more
Caused by: org.apache.ratis.thirdparty.io.netty.channel.AbstractChannel$AnnotatedConnectException: Connection refused: /192.168.5.144:37316
	at sun.nio.ch.SocketChannelImpl.checkConnect(Native Method)
	at sun.nio.ch.SocketChannelImpl.finishConnect(SocketChannelImpl.java:717)
	at org.apache.ratis.thirdparty.io.netty.channel.socket.nio.NioSocketChannel.doFinishConnect(NioSocketChannel.java:327)
	at org.apache.ratis.thirdparty.io.netty.channel.nio.AbstractNioChannel$AbstractNioUnsafe.finishConnect(AbstractNioChannel.java:340)
	at org.apache.ratis.thirdparty.io.netty.channel.nio.NioEventLoop.processSelectedKey(NioEventLoop.java:632)
	at org.apache.ratis.thirdparty.io.netty.channel.nio.NioEventLoop.processSelectedKeysOptimized(NioEventLoop.java:579)
	at org.apache.ratis.thirdparty.io.netty.channel.nio.NioEventLoop.processSelectedKeys(NioEventLoop.java:496)
	at org.apache.ratis.thirdparty.io.netty.channel.nio.NioEventLoop.run(NioEventLoop.java:458)
	at org.apache.ratis.thirdparty.io.netty.util.concurrent.SingleThreadEventExecutor$5.run(SingleThreadEventExecutor.java:897)
	at org.apache.ratis.thirdparty.io.netty.util.concurrent.FastThreadLocalRunnable.run(FastThreadLocalRunnable.java:30)
	... 1 more
Caused by: java.net.ConnectException: Connection refused
	... 11 more
2019-07-14 06:52:27,053 INFO  impl.RoleInfo (RoleInfo.java:shutdownLeaderElection(134)) - ff1ab4d3-cbe6-48f1-9b56-d6e99bbeb9d5: shutdown LeaderElection
2019-07-14 06:52:27,060 INFO  impl.RaftServerImpl (RaftServerImpl.java:setRole(171)) - ff1ab4d3-cbe6-48f1-9b56-d6e99bbeb9d5:group-8D33B243C8F8 changes role from CANDIDATE to LEADER at term 1 for changeToLeader
2019-07-14 06:52:27,060 INFO  impl.RaftServerImpl (ServerState.java:setLeader(263)) - ff1ab4d3-cbe6-48f1-9b56-d6e99bbeb9d5:group-8D33B243C8F8 change Leader from null to ff1ab4d3-cbe6-48f1-9b56-d6e99bbeb9d5 at term 1 for becomeLeader, leader elected after 5146ms
2019-07-14 06:52:27,060 INFO  server.RaftServerConfigKeys (ConfUtils.java:logGet(43)) - raft.server.staging.catchup.gap = 1000 (default)
2019-07-14 06:52:27,060 INFO  server.RaftServerConfigKeys (ConfUtils.java:logGet(43)) - raft.server.rpc.sleep.time = 25ms (default)
2019-07-14 06:52:27,060 INFO  server.RaftServerConfigKeys (ConfUtils.java:logGet(43)) - raft.server.write.element-limit = 4096 (default)
2019-07-14 06:52:27,061 INFO  server.RaftServerConfigKeys (ConfUtils.java:logGet(43)) - raft.server.watch.timeout = 10s (default)
2019-07-14 06:52:27,061 INFO  server.RaftServerConfigKeys (ConfUtils.java:logGet(43)) - raft.server.watch.timeout.denomination = 1s (default)
2019-07-14 06:52:27,061 INFO  server.RaftServerConfigKeys (ConfUtils.java:logGet(43)) - raft.server.watch.element-limit = 65536 (default)
2019-07-14 06:52:27,061 INFO  server.RaftServerConfigKeys (ConfUtils.java:logGet(43)) - raft.server.log.appender.snapshot.chunk.size.max = 16MB (=16777216) (default)
2019-07-14 06:52:27,061 INFO  server.RaftServerConfigKeys (ConfUtils.java:logGet(43)) - raft.server.log.appender.buffer.byte-limit = 33554432 (custom)
2019-07-14 06:52:27,061 INFO  server.RaftServerConfigKeys (ConfUtils.java:logGet(43)) - raft.server.log.appender.buffer.element-limit = 1 (custom)
2019-07-14 06:52:27,062 INFO  grpc.GrpcConfigKeys$Server (ConfUtils.java:logGet(43)) - raft.grpc.server.leader.outstanding.appends.max = 128 (default)
2019-07-14 06:52:27,062 INFO  server.RaftServerConfigKeys (ConfUtils.java:logGet(43)) - raft.server.rpc.request.timeout = 3000ms (default)
2019-07-14 06:52:27,062 INFO  server.RaftServerConfigKeys (ConfUtils.java:logGet(43)) - raft.server.log.appender.install.snapshot.enabled = false (custom)
2019-07-14 06:52:27,062 INFO  server.RaftServerConfigKeys (ConfUtils.java:logGet(43)) - raft.server.log.appender.snapshot.chunk.size.max = 16MB (=16777216) (default)
2019-07-14 06:52:27,062 INFO  server.RaftServerConfigKeys (ConfUtils.java:logGet(43)) - raft.server.log.appender.buffer.byte-limit = 33554432 (custom)
2019-07-14 06:52:27,062 INFO  server.RaftServerConfigKeys (ConfUtils.java:logGet(43)) - raft.server.log.appender.buffer.element-limit = 1 (custom)
2019-07-14 06:52:27,063 INFO  grpc.GrpcConfigKeys$Server (ConfUtils.java:logGet(43)) - raft.grpc.server.leader.outstanding.appends.max = 128 (default)
2019-07-14 06:52:27,063 INFO  server.RaftServerConfigKeys (ConfUtils.java:logGet(43)) - raft.server.rpc.request.timeout = 3000ms (default)
2019-07-14 06:52:27,063 INFO  server.RaftServerConfigKeys (ConfUtils.java:logGet(43)) - raft.server.log.appender.install.snapshot.enabled = false (custom)
2019-07-14 06:52:27,063 INFO  impl.RoleInfo (RoleInfo.java:updateAndGet(143)) - ff1ab4d3-cbe6-48f1-9b56-d6e99bbeb9d5: start LeaderState
2019-07-14 06:52:27,063 INFO  segmented.SegmentedRaftLogWorker (SegmentedRaftLogWorker.java:startLogSegment(380)) - ff1ab4d3-cbe6-48f1-9b56-d6e99bbeb9d5-SegmentedRaftLogWorker:Storage Directory /tmp/workdir/hadoop-ozone/integration-test/target/test-dir/MiniOzoneClusterImpl-60549c81-59ca-4eab-8951-3bc22d076988/datanode-5/data/ratis/ed3e2c4d-7caa-4a5d-99d0-8d33b243c8f8: Starting segment from index:0
2019-07-14 06:52:27,064 INFO  impl.RaftServerImpl (ServerState.java:setRaftConf(361)) - ff1ab4d3-cbe6-48f1-9b56-d6e99bbeb9d5:group-8D33B243C8F8 set configuration 0: [da343c1c-8367-46f5-a9ef-bb79fda7b344:192.168.5.144:32905, a4c24659-6a6f-404d-a8b7-ecfa7e5f7d9a:192.168.5.144:37316, ff1ab4d3-cbe6-48f1-9b56-d6e99bbeb9d5:192.168.5.144:39240], old=null at 0
2019-07-14 06:52:27,085 WARN  server.GrpcLogAppender (LogUtils.java:warn(134)) - ff1ab4d3-cbe6-48f1-9b56-d6e99bbeb9d5->a4c24659-6a6f-404d-a8b7-ecfa7e5f7d9a: Failed appendEntries: org.apache.ratis.thirdparty.io.grpc.StatusRuntimeException: UNAVAILABLE: io exception
2019-07-14 06:52:27,091 INFO  impl.FollowerInfo (FollowerInfo.java:lambda$new$0(50)) - ff1ab4d3-cbe6-48f1-9b56-d6e99bbeb9d5->a4c24659-6a6f-404d-a8b7-ecfa7e5f7d9a: nextIndex: updateUnconditionally 0 -> 0
2019-07-14 06:52:27,108 INFO  segmented.SegmentedRaftLogWorker (SegmentedRaftLogWorker.java:execute(569)) - ff1ab4d3-cbe6-48f1-9b56-d6e99bbeb9d5-SegmentedRaftLogWorker:Storage Directory /tmp/workdir/hadoop-ozone/integration-test/target/test-dir/MiniOzoneClusterImpl-60549c81-59ca-4eab-8951-3bc22d076988/datanode-5/data/ratis/ed3e2c4d-7caa-4a5d-99d0-8d33b243c8f8: created new log segment /tmp/workdir/hadoop-ozone/integration-test/target/test-dir/MiniOzoneClusterImpl-60549c81-59ca-4eab-8951-3bc22d076988/datanode-5/data/ratis/ed3e2c4d-7caa-4a5d-99d0-8d33b243c8f8/current/log_inprogress_0
2019-07-14 06:52:27,109 INFO  impl.RaftServerImpl (ServerState.java:setLeader(263)) - da343c1c-8367-46f5-a9ef-bb79fda7b344:group-8D33B243C8F8 change Leader from null to ff1ab4d3-cbe6-48f1-9b56-d6e99bbeb9d5 at term 1 for appendEntries, leader elected after 5195ms
2019-07-14 06:52:27,115 INFO  impl.RaftServerImpl (ServerState.java:setRaftConf(361)) - da343c1c-8367-46f5-a9ef-bb79fda7b344:group-8D33B243C8F8 set configuration 0: [da343c1c-8367-46f5-a9ef-bb79fda7b344:192.168.5.144:32905, a4c24659-6a6f-404d-a8b7-ecfa7e5f7d9a:192.168.5.144:37316, ff1ab4d3-cbe6-48f1-9b56-d6e99bbeb9d5:192.168.5.144:39240], old=null at 0
2019-07-14 06:52:27,115 INFO  segmented.SegmentedRaftLogWorker (SegmentedRaftLogWorker.java:startLogSegment(380)) - da343c1c-8367-46f5-a9ef-bb79fda7b344-SegmentedRaftLogWorker:Storage Directory /tmp/workdir/hadoop-ozone/integration-test/target/test-dir/MiniOzoneClusterImpl-60549c81-59ca-4eab-8951-3bc22d076988/datanode-3/data/ratis/ed3e2c4d-7caa-4a5d-99d0-8d33b243c8f8: Starting segment from index:0
2019-07-14 06:52:27,121 WARN  server.GrpcLogAppender (LogUtils.java:warn(134)) - ff1ab4d3-cbe6-48f1-9b56-d6e99bbeb9d5->a4c24659-6a6f-404d-a8b7-ecfa7e5f7d9a: Failed appendEntries: org.apache.ratis.thirdparty.io.grpc.StatusRuntimeException: UNAVAILABLE: io exception
2019-07-14 06:52:27,130 INFO  impl.FollowerInfo (FollowerInfo.java:lambda$new$0(50)) - ff1ab4d3-cbe6-48f1-9b56-d6e99bbeb9d5->a4c24659-6a6f-404d-a8b7-ecfa7e5f7d9a: nextIndex: updateUnconditionally 1 -> 0
2019-07-14 06:52:27,141 INFO  segmented.SegmentedRaftLogWorker (SegmentedRaftLogWorker.java:execute(569)) - da343c1c-8367-46f5-a9ef-bb79fda7b344-SegmentedRaftLogWorker:Storage Directory /tmp/workdir/hadoop-ozone/integration-test/target/test-dir/MiniOzoneClusterImpl-60549c81-59ca-4eab-8951-3bc22d076988/datanode-3/data/ratis/ed3e2c4d-7caa-4a5d-99d0-8d33b243c8f8: created new log segment /tmp/workdir/hadoop-ozone/integration-test/target/test-dir/MiniOzoneClusterImpl-60549c81-59ca-4eab-8951-3bc22d076988/datanode-3/data/ratis/ed3e2c4d-7caa-4a5d-99d0-8d33b243c8f8/current/log_inprogress_0
2019-07-14 06:52:27,756 INFO  statemachine.DatanodeStateMachine (DatanodeStateMachine.java:lambda$startDaemon$0(350)) - Ozone container server started.
2019-07-14 06:52:29,622 WARN  server.GrpcLogAppender (LogUtils.java:warn(134)) - ff1ab4d3-cbe6-48f1-9b56-d6e99bbeb9d5->a4c24659-6a6f-404d-a8b7-ecfa7e5f7d9a: Failed appendEntries: org.apache.ratis.thirdparty.io.grpc.StatusRuntimeException: UNAVAILABLE: io exception
2019-07-14 06:52:29,630 INFO  impl.FollowerInfo (FollowerInfo.java:lambda$new$0(50)) - ff1ab4d3-cbe6-48f1-9b56-d6e99bbeb9d5->a4c24659-6a6f-404d-a8b7-ecfa7e5f7d9a: nextIndex: updateUnconditionally 0 -> 0
2019-07-14 06:52:29,789 INFO  node.StaleNodeHandler (StaleNodeHandler.java:onMessage(58)) - Datanode ff1ab4d3-cbe6-48f1-9b56-d6e99bbeb9d5{ip: 192.168.5.144, host: trunk-nightly-8c95p-1540871953, networkLocation: /default-rack, certSerialId: null} moved to stale state. Finalizing its pipelines [PipelineID=5554db16-a972-46eb-ba32-963b4f6a1fa1, PipelineID=ed3e2c4d-7caa-4a5d-99d0-8d33b243c8f8]
2019-07-14 06:52:29,789 INFO  pipeline.SCMPipelineManager (SCMPipelineManager.java:finalizeAndDestroyPipeline(309)) - destroying pipeline:Pipeline[ Id: 5554db16-a972-46eb-ba32-963b4f6a1fa1, Nodes: ff1ab4d3-cbe6-48f1-9b56-d6e99bbeb9d5{ip: 192.168.5.144, host: trunk-nightly-8c95p-1540871953, networkLocation: /default-rack, certSerialId: null}, Type:RATIS, Factor:ONE, State:OPEN]
2019-07-14 06:52:29,789 INFO  pipeline.PipelineStateManager (PipelineStateManager.java:finalizePipeline(123)) - Pipeline Pipeline[ Id: 5554db16-a972-46eb-ba32-963b4f6a1fa1, Nodes: ff1ab4d3-cbe6-48f1-9b56-d6e99bbeb9d5{ip: 192.168.5.144, host: trunk-nightly-8c95p-1540871953, networkLocation: /default-rack, certSerialId: null}, Type:RATIS, Factor:ONE, State:CLOSED] moved to CLOSED state
2019-07-14 06:52:29,790 INFO  pipeline.SCMPipelineManager (SCMPipelineManager.java:finalizeAndDestroyPipeline(309)) - destroying pipeline:Pipeline[ Id: ed3e2c4d-7caa-4a5d-99d0-8d33b243c8f8, Nodes: a4c24659-6a6f-404d-a8b7-ecfa7e5f7d9a{ip: 192.168.5.144, host: trunk-nightly-8c95p-1540871953, networkLocation: /default-rack, certSerialId: null}ff1ab4d3-cbe6-48f1-9b56-d6e99bbeb9d5{ip: 192.168.5.144, host: trunk-nightly-8c95p-1540871953, networkLocation: /default-rack, certSerialId: null}da343c1c-8367-46f5-a9ef-bb79fda7b344{ip: 192.168.5.144, host: trunk-nightly-8c95p-1540871953, networkLocation: /default-rack, certSerialId: null}, Type:RATIS, Factor:THREE, State:CLOSED]
2019-07-14 06:52:30,655 INFO  impl.FollowerState (FollowerState.java:run(106)) - 9bda9dad-fadd-43bb-a848-649d686737da:group-767F60FE3A80 changes to CANDIDATE, lastRpcTime:5014, electionTimeout:5011ms
2019-07-14 06:52:30,655 INFO  impl.RoleInfo (RoleInfo.java:shutdownFollowerState(121)) - 9bda9dad-fadd-43bb-a848-649d686737da: shutdown FollowerState
2019-07-14 06:52:30,655 INFO  impl.RaftServerImpl (RaftServerImpl.java:setRole(171)) - 9bda9dad-fadd-43bb-a848-649d686737da:group-767F60FE3A80 changes role from FOLLOWER to CANDIDATE at term 4 for changeToCandidate
2019-07-14 06:52:30,656 INFO  impl.RoleInfo (RoleInfo.java:updateAndGet(143)) - 9bda9dad-fadd-43bb-a848-649d686737da: start LeaderElection
2019-07-14 06:52:30,670 INFO  impl.LeaderElection (LeaderElection.java:askForVotes(181)) - 9bda9dad-fadd-43bb-a848-649d686737da:group-767F60FE3A80:LeaderElection53: begin an election at term 5 for 0: [ec8ecf58-59d7-498d-96c5-eba8c5551cd0:192.168.5.144:32783, d2125c14-bf5b-4a89-9656-01806452c152:192.168.5.144:36331, 9bda9dad-fadd-43bb-a848-649d686737da:192.168.5.144:44514], old=null
2019-07-14 06:52:30,672 INFO  impl.LeaderElection (LogUtils.java:infoOrTrace(149)) - 9bda9dad-fadd-43bb-a848-649d686737da:group-767F60FE3A80:LeaderElection53 got exception when requesting votes: {}
java.util.concurrent.ExecutionException: org.apache.ratis.thirdparty.io.grpc.StatusRuntimeException: UNAVAILABLE: io exception
	at java.util.concurrent.FutureTask.report(FutureTask.java:122)
	at java.util.concurrent.FutureTask.get(FutureTask.java:192)
	at org.apache.ratis.server.impl.LeaderElection.waitForResults(LeaderElection.java:262)
	at org.apache.ratis.server.impl.LeaderElection.askForVotes(LeaderElection.java:200)
	at org.apache.ratis.server.impl.LeaderElection.run(LeaderElection.java:130)
	at java.lang.Thread.run(Thread.java:748)
Caused by: org.apache.ratis.thirdparty.io.grpc.StatusRuntimeException: UNAVAILABLE: io exception
	at org.apache.ratis.thirdparty.io.grpc.stub.ClientCalls.toStatusRuntimeException(ClientCalls.java:233)
	at org.apache.ratis.thirdparty.io.grpc.stub.ClientCalls.getUnchecked(ClientCalls.java:214)
	at org.apache.ratis.thirdparty.io.grpc.stub.ClientCalls.blockingUnaryCall(ClientCalls.java:139)
	at org.apache.ratis.proto.grpc.RaftServerProtocolServiceGrpc$RaftServerProtocolServiceBlockingStub.requestVote(RaftServerProtocolServiceGrpc.java:265)
	at org.apache.ratis.grpc.server.GrpcServerProtocolClient.requestVote(GrpcServerProtocolClient.java:83)
	at org.apache.ratis.grpc.server.GrpcService.requestVote(GrpcService.java:195)
	at org.apache.ratis.server.impl.LeaderElection.lambda$submitRequests$1(LeaderElection.java:237)
	at java.util.concurrent.FutureTask.run(FutureTask.java:266)
	at java.util.concurrent.Executors$RunnableAdapter.call(Executors.java:511)
	at java.util.concurrent.FutureTask.run(FutureTask.java:266)
	at java.util.concurrent.ThreadPoolExecutor.runWorker(ThreadPoolExecutor.java:1149)
	at java.util.concurrent.ThreadPoolExecutor$Worker.run(ThreadPoolExecutor.java:624)
	... 1 more
Caused by: org.apache.ratis.thirdparty.io.netty.channel.AbstractChannel$AnnotatedConnectException: Connection refused: /192.168.5.144:32783
	at sun.nio.ch.SocketChannelImpl.checkConnect(Native Method)
	at sun.nio.ch.SocketChannelImpl.finishConnect(SocketChannelImpl.java:717)
	at org.apache.ratis.thirdparty.io.netty.channel.socket.nio.NioSocketChannel.doFinishConnect(NioSocketChannel.java:327)
	at org.apache.ratis.thirdparty.io.netty.channel.nio.AbstractNioChannel$AbstractNioUnsafe.finishConnect(AbstractNioChannel.java:340)
	at org.apache.ratis.thirdparty.io.netty.channel.nio.NioEventLoop.processSelectedKey(NioEventLoop.java:632)
	at org.apache.ratis.thirdparty.io.netty.channel.nio.NioEventLoop.processSelectedKeysOptimized(NioEventLoop.java:579)
	at org.apache.ratis.thirdparty.io.netty.channel.nio.NioEventLoop.processSelectedKeys(NioEventLoop.java:496)
	at org.apache.ratis.thirdparty.io.netty.channel.nio.NioEventLoop.run(NioEventLoop.java:458)
	at org.apache.ratis.thirdparty.io.netty.util.concurrent.SingleThreadEventExecutor$5.run(SingleThreadEventExecutor.java:897)
	at org.apache.ratis.thirdparty.io.netty.util.concurrent.FastThreadLocalRunnable.run(FastThreadLocalRunnable.java:30)
	... 1 more
Caused by: java.net.ConnectException: Connection refused
	... 11 more
2019-07-14 06:52:30,677 INFO  impl.LeaderElection (LogUtils.java:infoOrTrace(149)) - 9bda9dad-fadd-43bb-a848-649d686737da:group-767F60FE3A80:LeaderElection53 got exception when requesting votes: {}
java.util.concurrent.ExecutionException: org.apache.ratis.thirdparty.io.grpc.StatusRuntimeException: UNAVAILABLE: io exception
	at java.util.concurrent.FutureTask.report(FutureTask.java:122)
	at java.util.concurrent.FutureTask.get(FutureTask.java:192)
	at org.apache.ratis.server.impl.LeaderElection.waitForResults(LeaderElection.java:262)
	at org.apache.ratis.server.impl.LeaderElection.askForVotes(LeaderElection.java:200)
	at org.apache.ratis.server.impl.LeaderElection.run(LeaderElection.java:130)
	at java.lang.Thread.run(Thread.java:748)
Caused by: org.apache.ratis.thirdparty.io.grpc.StatusRuntimeException: UNAVAILABLE: io exception
	at org.apache.ratis.thirdparty.io.grpc.stub.ClientCalls.toStatusRuntimeException(ClientCalls.java:233)
	at org.apache.ratis.thirdparty.io.grpc.stub.ClientCalls.getUnchecked(ClientCalls.java:214)
	at org.apache.ratis.thirdparty.io.grpc.stub.ClientCalls.blockingUnaryCall(ClientCalls.java:139)
	at org.apache.ratis.proto.grpc.RaftServerProtocolServiceGrpc$RaftServerProtocolServiceBlockingStub.requestVote(RaftServerProtocolServiceGrpc.java:265)
	at org.apache.ratis.grpc.server.GrpcServerProtocolClient.requestVote(GrpcServerProtocolClient.java:83)
	at org.apache.ratis.grpc.server.GrpcService.requestVote(GrpcService.java:195)
	at org.apache.ratis.server.impl.LeaderElection.lambda$submitRequests$1(LeaderElection.java:237)
	at java.util.concurrent.FutureTask.run(FutureTask.java:266)
	at java.util.concurrent.Executors$RunnableAdapter.call(Executors.java:511)
	at java.util.concurrent.FutureTask.run(FutureTask.java:266)
	at java.util.concurrent.ThreadPoolExecutor.runWorker(ThreadPoolExecutor.java:1149)
	at java.util.concurrent.ThreadPoolExecutor$Worker.run(ThreadPoolExecutor.java:624)
	... 1 more
Caused by: org.apache.ratis.thirdparty.io.netty.channel.AbstractChannel$AnnotatedConnectException: Connection refused: /192.168.5.144:36331
	at sun.nio.ch.SocketChannelImpl.checkConnect(Native Method)
	at sun.nio.ch.SocketChannelImpl.finishConnect(SocketChannelImpl.java:717)
	at org.apache.ratis.thirdparty.io.netty.channel.socket.nio.NioSocketChannel.doFinishConnect(NioSocketChannel.java:327)
	at org.apache.ratis.thirdparty.io.netty.channel.nio.AbstractNioChannel$AbstractNioUnsafe.finishConnect(AbstractNioChannel.java:340)
	at org.apache.ratis.thirdparty.io.netty.channel.nio.NioEventLoop.processSelectedKey(NioEventLoop.java:632)
	at org.apache.ratis.thirdparty.io.netty.channel.nio.NioEventLoop.processSelectedKeysOptimized(NioEventLoop.java:579)
	at org.apache.ratis.thirdparty.io.netty.channel.nio.NioEventLoop.processSelectedKeys(NioEventLoop.java:496)
	at org.apache.ratis.thirdparty.io.netty.channel.nio.NioEventLoop.run(NioEventLoop.java:458)
	at org.apache.ratis.thirdparty.io.netty.util.concurrent.SingleThreadEventExecutor$5.run(SingleThreadEventExecutor.java:897)
	at org.apache.ratis.thirdparty.io.netty.util.concurrent.FastThreadLocalRunnable.run(FastThreadLocalRunnable.java:30)
	... 1 more
Caused by: java.net.ConnectException: Connection refused
	... 11 more
2019-07-14 06:52:30,682 INFO  impl.LeaderElection (LeaderElection.java:logAndReturn(56)) - 9bda9dad-fadd-43bb-a848-649d686737da:group-767F60FE3A80:LeaderElection53: Election REJECTED; received 0 response(s) [] and 2 exception(s); 9bda9dad-fadd-43bb-a848-649d686737da:t5, leader=null, voted=9bda9dad-fadd-43bb-a848-649d686737da, raftlog=9bda9dad-fadd-43bb-a848-649d686737da-SegmentedRaftLog:OPENED:c36,f36,i36, conf=0: [ec8ecf58-59d7-498d-96c5-eba8c5551cd0:192.168.5.144:32783, d2125c14-bf5b-4a89-9656-01806452c152:192.168.5.144:36331, 9bda9dad-fadd-43bb-a848-649d686737da:192.168.5.144:44514], old=null
2019-07-14 06:52:30,682 INFO  impl.LeaderElection (LogUtils.java:infoOrTrace(149)) -   Exception 0: {}
java.util.concurrent.ExecutionException: org.apache.ratis.thirdparty.io.grpc.StatusRuntimeException: UNAVAILABLE: io exception
	at java.util.concurrent.FutureTask.report(FutureTask.java:122)
	at java.util.concurrent.FutureTask.get(FutureTask.java:192)
	at org.apache.ratis.server.impl.LeaderElection.waitForResults(LeaderElection.java:262)
	at org.apache.ratis.server.impl.LeaderElection.askForVotes(LeaderElection.java:200)
	at org.apache.ratis.server.impl.LeaderElection.run(LeaderElection.java:130)
	at java.lang.Thread.run(Thread.java:748)
Caused by: org.apache.ratis.thirdparty.io.grpc.StatusRuntimeException: UNAVAILABLE: io exception
	at org.apache.ratis.thirdparty.io.grpc.stub.ClientCalls.toStatusRuntimeException(ClientCalls.java:233)
	at org.apache.ratis.thirdparty.io.grpc.stub.ClientCalls.getUnchecked(ClientCalls.java:214)
	at org.apache.ratis.thirdparty.io.grpc.stub.ClientCalls.blockingUnaryCall(ClientCalls.java:139)
	at org.apache.ratis.proto.grpc.RaftServerProtocolServiceGrpc$RaftServerProtocolServiceBlockingStub.requestVote(RaftServerProtocolServiceGrpc.java:265)
	at org.apache.ratis.grpc.server.GrpcServerProtocolClient.requestVote(GrpcServerProtocolClient.java:83)
	at org.apache.ratis.grpc.server.GrpcService.requestVote(GrpcService.java:195)
	at org.apache.ratis.server.impl.LeaderElection.lambda$submitRequests$1(LeaderElection.java:237)
	at java.util.concurrent.FutureTask.run(FutureTask.java:266)
	at java.util.concurrent.Executors$RunnableAdapter.call(Executors.java:511)
	at java.util.concurrent.FutureTask.run(FutureTask.java:266)
	at java.util.concurrent.ThreadPoolExecutor.runWorker(ThreadPoolExecutor.java:1149)
	at java.util.concurrent.ThreadPoolExecutor$Worker.run(ThreadPoolExecutor.java:624)
	... 1 more
Caused by: org.apache.ratis.thirdparty.io.netty.channel.AbstractChannel$AnnotatedConnectException: Connection refused: /192.168.5.144:32783
	at sun.nio.ch.SocketChannelImpl.checkConnect(Native Method)
	at sun.nio.ch.SocketChannelImpl.finishConnect(SocketChannelImpl.java:717)
	at org.apache.ratis.thirdparty.io.netty.channel.socket.nio.NioSocketChannel.doFinishConnect(NioSocketChannel.java:327)
	at org.apache.ratis.thirdparty.io.netty.channel.nio.AbstractNioChannel$AbstractNioUnsafe.finishConnect(AbstractNioChannel.java:340)
	at org.apache.ratis.thirdparty.io.netty.channel.nio.NioEventLoop.processSelectedKey(NioEventLoop.java:632)
	at org.apache.ratis.thirdparty.io.netty.channel.nio.NioEventLoop.processSelectedKeysOptimized(NioEventLoop.java:579)
	at org.apache.ratis.thirdparty.io.netty.channel.nio.NioEventLoop.processSelectedKeys(NioEventLoop.java:496)
	at org.apache.ratis.thirdparty.io.netty.channel.nio.NioEventLoop.run(NioEventLoop.java:458)
	at org.apache.ratis.thirdparty.io.netty.util.concurrent.SingleThreadEventExecutor$5.run(SingleThreadEventExecutor.java:897)
	at org.apache.ratis.thirdparty.io.netty.util.concurrent.FastThreadLocalRunnable.run(FastThreadLocalRunnable.java:30)
	... 1 more
Caused by: java.net.ConnectException: Connection refused
	... 11 more
2019-07-14 06:52:30,683 INFO  impl.LeaderElection (LogUtils.java:infoOrTrace(149)) -   Exception 1: {}
java.util.concurrent.ExecutionException: org.apache.ratis.thirdparty.io.grpc.StatusRuntimeException: UNAVAILABLE: io exception
	at java.util.concurrent.FutureTask.report(FutureTask.java:122)
	at java.util.concurrent.FutureTask.get(FutureTask.java:192)
	at org.apache.ratis.server.impl.LeaderElection.waitForResults(LeaderElection.java:262)
	at org.apache.ratis.server.impl.LeaderElection.askForVotes(LeaderElection.java:200)
	at org.apache.ratis.server.impl.LeaderElection.run(LeaderElection.java:130)
	at java.lang.Thread.run(Thread.java:748)
Caused by: org.apache.ratis.thirdparty.io.grpc.StatusRuntimeException: UNAVAILABLE: io exception
	at org.apache.ratis.thirdparty.io.grpc.stub.ClientCalls.toStatusRuntimeException(ClientCalls.java:233)
	at org.apache.ratis.thirdparty.io.grpc.stub.ClientCalls.getUnchecked(ClientCalls.java:214)
	at org.apache.ratis.thirdparty.io.grpc.stub.ClientCalls.blockingUnaryCall(ClientCalls.java:139)
	at org.apache.ratis.proto.grpc.RaftServerProtocolServiceGrpc$RaftServerProtocolServiceBlockingStub.requestVote(RaftServerProtocolServiceGrpc.java:265)
	at org.apache.ratis.grpc.server.GrpcServerProtocolClient.requestVote(GrpcServerProtocolClient.java:83)
	at org.apache.ratis.grpc.server.GrpcService.requestVote(GrpcService.java:195)
	at org.apache.ratis.server.impl.LeaderElection.lambda$submitRequests$1(LeaderElection.java:237)
	at java.util.concurrent.FutureTask.run(FutureTask.java:266)
	at java.util.concurrent.Executors$RunnableAdapter.call(Executors.java:511)
	at java.util.concurrent.FutureTask.run(FutureTask.java:266)
	at java.util.concurrent.ThreadPoolExecutor.runWorker(ThreadPoolExecutor.java:1149)
	at java.util.concurrent.ThreadPoolExecutor$Worker.run(ThreadPoolExecutor.java:624)
	... 1 more
Caused by: org.apache.ratis.thirdparty.io.netty.channel.AbstractChannel$AnnotatedConnectException: Connection refused: /192.168.5.144:36331
	at sun.nio.ch.SocketChannelImpl.checkConnect(Native Method)
	at sun.nio.ch.SocketChannelImpl.finishConnect(SocketChannelImpl.java:717)
	at org.apache.ratis.thirdparty.io.netty.channel.socket.nio.NioSocketChannel.doFinishConnect(NioSocketChannel.java:327)
	at org.apache.ratis.thirdparty.io.netty.channel.nio.AbstractNioChannel$AbstractNioUnsafe.finishConnect(AbstractNioChannel.java:340)
	at org.apache.ratis.thirdparty.io.netty.channel.nio.NioEventLoop.processSelectedKey(NioEventLoop.java:632)
	at org.apache.ratis.thirdparty.io.netty.channel.nio.NioEventLoop.processSelectedKeysOptimized(NioEventLoop.java:579)
	at org.apache.ratis.thirdparty.io.netty.channel.nio.NioEventLoop.processSelectedKeys(NioEventLoop.java:496)
	at org.apache.ratis.thirdparty.io.netty.channel.nio.NioEventLoop.run(NioEventLoop.java:458)
	at org.apache.ratis.thirdparty.io.netty.util.concurrent.SingleThreadEventExecutor$5.run(SingleThreadEventExecutor.java:897)
	at org.apache.ratis.thirdparty.io.netty.util.concurrent.FastThreadLocalRunnable.run(FastThreadLocalRunnable.java:30)
	... 1 more
Caused by: java.net.ConnectException: Connection refused
	... 11 more
2019-07-14 06:52:30,683 INFO  impl.RaftServerImpl (RaftServerImpl.java:setRole(171)) - 9bda9dad-fadd-43bb-a848-649d686737da:group-767F60FE3A80 changes role from CANDIDATE to FOLLOWER at term 5 for DISCOVERED_A_NEW_TERM
2019-07-14 06:52:30,688 INFO  impl.RoleInfo (RoleInfo.java:shutdownLeaderElection(134)) - 9bda9dad-fadd-43bb-a848-649d686737da: shutdown LeaderElection
2019-07-14 06:52:30,688 INFO  impl.RoleInfo (RoleInfo.java:updateAndGet(143)) - 9bda9dad-fadd-43bb-a848-649d686737da: start FollowerState
2019-07-14 06:52:31,726 INFO  impl.FollowerState (FollowerState.java:run(106)) - 4f9df1b2-0407-4bbd-a402-8d03a959aa46:group-7525EACE5B64 changes to CANDIDATE, lastRpcTime:5173, electionTimeout:5169ms
2019-07-14 06:52:31,726 INFO  impl.RoleInfo (RoleInfo.java:shutdownFollowerState(121)) - 4f9df1b2-0407-4bbd-a402-8d03a959aa46: shutdown FollowerState
2019-07-14 06:52:31,726 INFO  impl.RaftServerImpl (RaftServerImpl.java:setRole(171)) - 4f9df1b2-0407-4bbd-a402-8d03a959aa46:group-7525EACE5B64 changes role from FOLLOWER to CANDIDATE at term 2 for changeToCandidate
2019-07-14 06:52:31,726 INFO  impl.RoleInfo (RoleInfo.java:updateAndGet(143)) - 4f9df1b2-0407-4bbd-a402-8d03a959aa46: start LeaderElection
2019-07-14 06:52:31,751 INFO  impl.FollowerState (FollowerState.java:run(106)) - feb42f30-01a8-4b34-87ff-e0218b26b2eb:group-7525EACE5B64 changes to CANDIDATE, lastRpcTime:5106, electionTimeout:5076ms
2019-07-14 06:52:31,751 INFO  impl.RoleInfo (RoleInfo.java:shutdownFollowerState(121)) - feb42f30-01a8-4b34-87ff-e0218b26b2eb: shutdown FollowerState
2019-07-14 06:52:31,751 INFO  impl.RaftServerImpl (RaftServerImpl.java:setRole(171)) - feb42f30-01a8-4b34-87ff-e0218b26b2eb:group-7525EACE5B64 changes role from FOLLOWER to CANDIDATE at term 2 for changeToCandidate
2019-07-14 06:52:31,751 INFO  impl.RoleInfo (RoleInfo.java:updateAndGet(143)) - feb42f30-01a8-4b34-87ff-e0218b26b2eb: start LeaderElection
2019-07-14 06:52:31,757 INFO  impl.LeaderElection (LeaderElection.java:askForVotes(181)) - 4f9df1b2-0407-4bbd-a402-8d03a959aa46:group-7525EACE5B64:LeaderElection54: begin an election at term 3 for -1: [4f9df1b2-0407-4bbd-a402-8d03a959aa46:192.168.5.144:44202, 16cd33d1-021f-4fa8-b7c7-5dab90ae5617:192.168.5.144:41982, feb42f30-01a8-4b34-87ff-e0218b26b2eb:192.168.5.144:37379], old=null
2019-07-14 06:52:31,757 INFO  impl.LeaderElection (LeaderElection.java:askForVotes(181)) - feb42f30-01a8-4b34-87ff-e0218b26b2eb:group-7525EACE5B64:LeaderElection55: begin an election at term 3 for -1: [4f9df1b2-0407-4bbd-a402-8d03a959aa46:192.168.5.144:44202, 16cd33d1-021f-4fa8-b7c7-5dab90ae5617:192.168.5.144:41982, feb42f30-01a8-4b34-87ff-e0218b26b2eb:192.168.5.144:37379], old=null
2019-07-14 06:52:31,769 INFO  impl.RaftServerImpl (RaftServerImpl.java:setRole(171)) - 16cd33d1-021f-4fa8-b7c7-5dab90ae5617:group-7525EACE5B64 changes role from FOLLOWER to FOLLOWER at term 3 for recognizeCandidate:feb42f30-01a8-4b34-87ff-e0218b26b2eb
2019-07-14 06:52:31,773 INFO  impl.RoleInfo (RoleInfo.java:shutdownFollowerState(121)) - 16cd33d1-021f-4fa8-b7c7-5dab90ae5617: shutdown FollowerState
2019-07-14 06:52:31,774 INFO  impl.RoleInfo (RoleInfo.java:updateAndGet(143)) - 16cd33d1-021f-4fa8-b7c7-5dab90ae5617: start FollowerState
2019-07-14 06:52:31,774 INFO  impl.FollowerState (FollowerState.java:run(114)) - 16cd33d1-021f-4fa8-b7c7-5dab90ae5617: FollowerState was interrupted: java.lang.InterruptedException: sleep interrupted
2019-07-14 06:52:31,785 INFO  impl.RaftServerImpl (RaftServerImpl.java:setRole(171)) - 16cd33d1-021f-4fa8-b7c7-5dab90ae5617:group-7525EACE5B64 changes role from FOLLOWER to FOLLOWER at term 3 for recognizeCandidate:4f9df1b2-0407-4bbd-a402-8d03a959aa46
2019-07-14 06:52:31,786 INFO  impl.RoleInfo (RoleInfo.java:shutdownFollowerState(121)) - 16cd33d1-021f-4fa8-b7c7-5dab90ae5617: shutdown FollowerState
2019-07-14 06:52:31,786 INFO  impl.RoleInfo (RoleInfo.java:updateAndGet(143)) - 16cd33d1-021f-4fa8-b7c7-5dab90ae5617: start FollowerState
2019-07-14 06:52:31,786 INFO  impl.FollowerState (FollowerState.java:run(114)) - 16cd33d1-021f-4fa8-b7c7-5dab90ae5617: FollowerState was interrupted: java.lang.InterruptedException: sleep interrupted
2019-07-14 06:52:31,792 INFO  impl.LeaderElection (LeaderElection.java:logAndReturn(56)) - feb42f30-01a8-4b34-87ff-e0218b26b2eb:group-7525EACE5B64:LeaderElection55: Election REJECTED; received 2 response(s) [feb42f30-01a8-4b34-87ff-e0218b26b2eb<-4f9df1b2-0407-4bbd-a402-8d03a959aa46#0:FAIL-t3, feb42f30-01a8-4b34-87ff-e0218b26b2eb<-16cd33d1-021f-4fa8-b7c7-5dab90ae5617#0:FAIL-t3] and 0 exception(s); feb42f30-01a8-4b34-87ff-e0218b26b2eb:t3, leader=null, voted=feb42f30-01a8-4b34-87ff-e0218b26b2eb, raftlog=feb42f30-01a8-4b34-87ff-e0218b26b2eb-SegmentedRaftLog:OPENED:c-1,f-1,i0, conf=-1: [4f9df1b2-0407-4bbd-a402-8d03a959aa46:192.168.5.144:44202, 16cd33d1-021f-4fa8-b7c7-5dab90ae5617:192.168.5.144:41982, feb42f30-01a8-4b34-87ff-e0218b26b2eb:192.168.5.144:37379], old=null
2019-07-14 06:52:31,792 INFO  impl.RaftServerImpl (RaftServerImpl.java:setRole(171)) - feb42f30-01a8-4b34-87ff-e0218b26b2eb:group-7525EACE5B64 changes role from CANDIDATE to FOLLOWER at term 3 for DISCOVERED_A_NEW_TERM
2019-07-14 06:52:31,797 INFO  impl.RoleInfo (RoleInfo.java:shutdownLeaderElection(134)) - feb42f30-01a8-4b34-87ff-e0218b26b2eb: shutdown LeaderElection
2019-07-14 06:52:31,797 INFO  impl.RoleInfo (RoleInfo.java:updateAndGet(143)) - feb42f30-01a8-4b34-87ff-e0218b26b2eb: start FollowerState
2019-07-14 06:52:31,797 INFO  impl.LeaderElection (LeaderElection.java:logAndReturn(56)) - 4f9df1b2-0407-4bbd-a402-8d03a959aa46:group-7525EACE5B64:LeaderElection54: Election REJECTED; received 2 response(s) [4f9df1b2-0407-4bbd-a402-8d03a959aa46<-16cd33d1-021f-4fa8-b7c7-5dab90ae5617#0:FAIL-t3, 4f9df1b2-0407-4bbd-a402-8d03a959aa46<-feb42f30-01a8-4b34-87ff-e0218b26b2eb#0:FAIL-t3] and 0 exception(s); 4f9df1b2-0407-4bbd-a402-8d03a959aa46:t3, leader=null, voted=4f9df1b2-0407-4bbd-a402-8d03a959aa46, raftlog=4f9df1b2-0407-4bbd-a402-8d03a959aa46-SegmentedRaftLog:OPENED:c-1,f-1,i0, conf=-1: [4f9df1b2-0407-4bbd-a402-8d03a959aa46:192.168.5.144:44202, 16cd33d1-021f-4fa8-b7c7-5dab90ae5617:192.168.5.144:41982, feb42f30-01a8-4b34-87ff-e0218b26b2eb:192.168.5.144:37379], old=null
2019-07-14 06:52:31,802 INFO  impl.RaftServerImpl (RaftServerImpl.java:setRole(171)) - 4f9df1b2-0407-4bbd-a402-8d03a959aa46:group-7525EACE5B64 changes role from CANDIDATE to FOLLOWER at term 3 for DISCOVERED_A_NEW_TERM
2019-07-14 06:52:31,807 INFO  impl.RoleInfo (RoleInfo.java:shutdownLeaderElection(134)) - 4f9df1b2-0407-4bbd-a402-8d03a959aa46: shutdown LeaderElection
2019-07-14 06:52:31,807 INFO  impl.RoleInfo (RoleInfo.java:updateAndGet(143)) - 4f9df1b2-0407-4bbd-a402-8d03a959aa46: start FollowerState
2019-07-14 06:52:32,027 INFO  ozoneimpl.OzoneContainer (OzoneContainer.java:stop(199)) - Attempting to stop container services.
2019-07-14 06:52:32,028 INFO  impl.RaftServerProxy (RaftServerProxy.java:lambda$close$4(314)) - ff1ab4d3-cbe6-48f1-9b56-d6e99bbeb9d5: close
2019-07-14 06:52:32,029 INFO  impl.RaftServerImpl (RaftServerImpl.java:lambda$shutdown$3(245)) - ff1ab4d3-cbe6-48f1-9b56-d6e99bbeb9d5: shutdown group-963B4F6A1FA1
2019-07-14 06:52:32,029 INFO  util.JmxRegister (JmxRegister.java:unregister(73)) - Successfully un-registered JMX Bean with object name Ratis:service=RaftServer,group=group-963B4F6A1FA1,id=ff1ab4d3-cbe6-48f1-9b56-d6e99bbeb9d5
2019-07-14 06:52:32,029 INFO  impl.RoleInfo (RoleInfo.java:shutdownLeaderState(104)) - ff1ab4d3-cbe6-48f1-9b56-d6e99bbeb9d5: shutdown LeaderState
2019-07-14 06:52:32,030 INFO  impl.PendingRequests (PendingRequests.java:sendNotLeaderResponses(202)) - ff1ab4d3-cbe6-48f1-9b56-d6e99bbeb9d5-PendingRequests: sendNotLeaderResponses
2019-07-14 06:52:32,030 INFO  impl.StateMachineUpdater (StateMachineUpdater.java:stopAndJoin(115)) - StateMachineUpdater:ff1ab4d3-cbe6-48f1-9b56-d6e99bbeb9d5:group-963B4F6A1FA1: set stopIndex = 0
2019-07-14 06:52:32,031 INFO  impl.RaftServerImpl (ServerState.java:close(394)) - ff1ab4d3-cbe6-48f1-9b56-d6e99bbeb9d5:group-963B4F6A1FA1 closes. The last applied log index is 0
2019-07-14 06:52:32,031 INFO  segmented.SegmentedRaftLogWorker (SegmentedRaftLogWorker.java:run(313)) - ff1ab4d3-cbe6-48f1-9b56-d6e99bbeb9d5-SegmentedRaftLogWorker:Storage Directory /tmp/workdir/hadoop-ozone/integration-test/target/test-dir/MiniOzoneClusterImpl-60549c81-59ca-4eab-8951-3bc22d076988/datanode-5/data/ratis/5554db16-a972-46eb-ba32-963b4f6a1fa1 was interrupted, exiting. There are 0 tasks remaining in the queue.
2019-07-14 06:52:32,038 INFO  segmented.SegmentedRaftLogWorker (SegmentedRaftLogWorker.java:close(228)) - ff1ab4d3-cbe6-48f1-9b56-d6e99bbeb9d5-SegmentedRaftLogWorker:Storage Directory /tmp/workdir/hadoop-ozone/integration-test/target/test-dir/MiniOzoneClusterImpl-60549c81-59ca-4eab-8951-3bc22d076988/datanode-5/data/ratis/5554db16-a972-46eb-ba32-963b4f6a1fa1 close()
2019-07-14 06:52:32,050 INFO  impl.RaftServerImpl (RaftServerImpl.java:lambda$shutdown$3(245)) - ff1ab4d3-cbe6-48f1-9b56-d6e99bbeb9d5: shutdown group-8D33B243C8F8
2019-07-14 06:52:32,050 INFO  util.JmxRegister (JmxRegister.java:unregister(73)) - Successfully un-registered JMX Bean with object name Ratis:service=RaftServer,group=group-8D33B243C8F8,id=ff1ab4d3-cbe6-48f1-9b56-d6e99bbeb9d5
2019-07-14 06:52:32,051 INFO  impl.RoleInfo (RoleInfo.java:shutdownLeaderState(104)) - ff1ab4d3-cbe6-48f1-9b56-d6e99bbeb9d5: shutdown LeaderState
2019-07-14 06:52:32,058 INFO  impl.PendingRequests (PendingRequests.java:sendNotLeaderResponses(202)) - ff1ab4d3-cbe6-48f1-9b56-d6e99bbeb9d5-PendingRequests: sendNotLeaderResponses
2019-07-14 06:52:32,058 WARN  server.GrpcLogAppender (GrpcLogAppender.java:mayWait(143)) - GrpcLogAppender(ff1ab4d3-cbe6-48f1-9b56-d6e99bbeb9d5->a4c24659-6a6f-404d-a8b7-ecfa7e5f7d9a): Wait interrupted by java.lang.InterruptedException
2019-07-14 06:52:32,058 WARN  server.GrpcLogAppender (GrpcLogAppender.java:mayWait(143)) - GrpcLogAppender(ff1ab4d3-cbe6-48f1-9b56-d6e99bbeb9d5->da343c1c-8367-46f5-a9ef-bb79fda7b344): Wait interrupted by java.lang.InterruptedException
2019-07-14 06:52:32,065 INFO  impl.StateMachineUpdater (StateMachineUpdater.java:stopAndJoin(115)) - StateMachineUpdater:ff1ab4d3-cbe6-48f1-9b56-d6e99bbeb9d5:group-8D33B243C8F8: set stopIndex = 0
2019-07-14 06:52:32,080 INFO  impl.RaftServerImpl (ServerState.java:close(394)) - ff1ab4d3-cbe6-48f1-9b56-d6e99bbeb9d5:group-8D33B243C8F8 closes. The last applied log index is 0
2019-07-14 06:52:32,080 INFO  server.GrpcServerProtocolService (GrpcServerProtocolService.java:onCompleted(104)) - da343c1c-8367-46f5-a9ef-bb79fda7b344: appendEntries completed
2019-07-14 06:52:32,080 INFO  segmented.SegmentedRaftLogWorker (SegmentedRaftLogWorker.java:run(313)) - ff1ab4d3-cbe6-48f1-9b56-d6e99bbeb9d5-SegmentedRaftLogWorker:Storage Directory /tmp/workdir/hadoop-ozone/integration-test/target/test-dir/MiniOzoneClusterImpl-60549c81-59ca-4eab-8951-3bc22d076988/datanode-5/data/ratis/ed3e2c4d-7caa-4a5d-99d0-8d33b243c8f8 was interrupted, exiting. There are 0 tasks remaining in the queue.
2019-07-14 06:52:32,088 INFO  server.GrpcLogAppender (GrpcLogAppender.java:onCompleted(292)) - ff1ab4d3-cbe6-48f1-9b56-d6e99bbeb9d5->da343c1c-8367-46f5-a9ef-bb79fda7b344: follower responses appendEntries COMPLETED
2019-07-14 06:52:32,088 INFO  segmented.SegmentedRaftLogWorker (SegmentedRaftLogWorker.java:close(228)) - ff1ab4d3-cbe6-48f1-9b56-d6e99bbeb9d5-SegmentedRaftLogWorker:Storage Directory /tmp/workdir/hadoop-ozone/integration-test/target/test-dir/MiniOzoneClusterImpl-60549c81-59ca-4eab-8951-3bc22d076988/datanode-5/data/ratis/ed3e2c4d-7caa-4a5d-99d0-8d33b243c8f8 close()
2019-07-14 06:52:32,091 INFO  impl.FollowerInfo (FollowerInfo.java:lambda$new$0(50)) - ff1ab4d3-cbe6-48f1-9b56-d6e99bbeb9d5->da343c1c-8367-46f5-a9ef-bb79fda7b344: nextIndex: updateUnconditionally 1 -> 0
2019-07-14 06:52:32,097 INFO  server.GrpcService (GrpcService.java:closeImpl(155)) - ff1ab4d3-cbe6-48f1-9b56-d6e99bbeb9d5: shutdown server with port 39240 now
2019-07-14 06:52:32,098 INFO  server.GrpcService (GrpcService.java:closeImpl(163)) - ff1ab4d3-cbe6-48f1-9b56-d6e99bbeb9d5: shutdown server with port 39240 successfully
2019-07-14 06:52:32,099 INFO  utils.BackgroundService (BackgroundService.java:shutdown(148)) - Shutting down service BlockDeletingService
2019-07-14 06:52:32,100 WARN  fs.CachingGetSpaceUsed (CachingGetSpaceUsed.java:run(183)) - Thread Interrupted waiting to refresh disk information: sleep interrupted
2019-07-14 06:52:32,127 INFO  statemachine.DatanodeStateMachine (DatanodeStateMachine.java:stopDaemon(395)) - Ozone container server stopped.
2019-07-14 06:52:32,128 INFO  handler.ContextHandler (ContextHandler.java:doStop(910)) - Stopped o.e.j.w.WebAppContext@13f255ed{/,null,UNAVAILABLE}{/hddsDatanode}
2019-07-14 06:52:32,129 INFO  server.AbstractConnector (AbstractConnector.java:doStop(318)) - Stopped ServerConnector@36a7586f{HTTP/1.1,[http/1.1]}{0.0.0.0:0}
2019-07-14 06:52:32,129 INFO  handler.ContextHandler (ContextHandler.java:doStop(910)) - Stopped o.e.j.s.ServletContextHandler@4ed90b04{/static,jar:file:/home/user/.m2/repository/org/apache/hadoop/hadoop-hdds-container-service/0.5.0-SNAPSHOT/hadoop-hdds-container-service-0.5.0-SNAPSHOT.jar!/webapps/static,UNAVAILABLE}
2019-07-14 06:52:32,133 INFO  handler.ContextHandler (ContextHandler.java:doStop(910)) - Stopped o.e.j.s.ServletContextHandler@5d1907fb{/logs,file:///tmp/workdir/hadoop-ozone/integration-test/target/log,UNAVAILABLE}
2019-07-14 06:52:32,144 WARN  io.KeyOutputStream (KeyOutputStream.java:handleException(276)) - Encountered exception java.io.IOException: Unexpected Storage Container Exception: java.util.concurrent.CompletionException: java.util.concurrent.CompletionException: org.apache.ratis.protocol.RaftRetryFailureException: Failed RaftClientRequest:client-C9B56009F763->ff1ab4d3-cbe6-48f1-9b56-d6e99bbeb9d5@group-8D33B243C8F8, cid=127, seq=1*, RW, org.apache.hadoop.hdds.scm.XceiverClientRatis$$Lambda$309/1480893137@22583470 for 5 attempts with RetryLimited(maxAttempts=5, sleepTime=1000ms) on the pipeline Pipeline[ Id: ed3e2c4d-7caa-4a5d-99d0-8d33b243c8f8, Nodes: a4c24659-6a6f-404d-a8b7-ecfa7e5f7d9a{ip: 192.168.5.144, host: trunk-nightly-8c95p-1540871953, networkLocation: /default-rack, certSerialId: null}ff1ab4d3-cbe6-48f1-9b56-d6e99bbeb9d5{ip: 192.168.5.144, host: trunk-nightly-8c95p-1540871953, networkLocation: /default-rack, certSerialId: null}da343c1c-8367-46f5-a9ef-bb79fda7b344{ip: 192.168.5.144, host: trunk-nightly-8c95p-1540871953, networkLocation: /default-rack, certSerialId: null}, Type:RATIS, Factor:THREE, State:OPEN]. The last committed block length is 0, uncommitted data length is 1572864 retry count 0
2019-07-14 06:52:32,200 INFO  client.GrpcClientProtocolClient (GrpcClientProtocolClient.java:onNext(255)) - client-0BE4859065AE->4f9df1b2-0407-4bbd-a402-8d03a959aa46: receive RaftClientReply:client-0BE4859065AE->4f9df1b2-0407-4bbd-a402-8d03a959aa46@group-7525EACE5B64, cid=129, FAILED org.apache.ratis.protocol.NotLeaderException: Server 4f9df1b2-0407-4bbd-a402-8d03a959aa46 is not the leader (null). Request must be sent to leader., logIndex=0, commits[4f9df1b2-0407-4bbd-a402-8d03a959aa46:c-1]
2019-07-14 06:52:33,229 INFO  client.GrpcClientProtocolClient (GrpcClientProtocolClient.java:onNext(255)) - client-0BE4859065AE->16cd33d1-021f-4fa8-b7c7-5dab90ae5617: receive RaftClientReply:client-0BE4859065AE->16cd33d1-021f-4fa8-b7c7-5dab90ae5617@group-7525EACE5B64, cid=129, FAILED org.apache.ratis.protocol.NotLeaderException: Server 16cd33d1-021f-4fa8-b7c7-5dab90ae5617 is not the leader (null). Request must be sent to leader., logIndex=0, commits[16cd33d1-021f-4fa8-b7c7-5dab90ae5617:c-1, 4f9df1b2-0407-4bbd-a402-8d03a959aa46:c-1, feb42f30-01a8-4b34-87ff-e0218b26b2eb:c-1]
2019-07-14 06:52:34,255 INFO  client.GrpcClientProtocolClient (GrpcClientProtocolClient.java:onNext(255)) - client-0BE4859065AE->feb42f30-01a8-4b34-87ff-e0218b26b2eb: receive RaftClientReply:client-0BE4859065AE->feb42f30-01a8-4b34-87ff-e0218b26b2eb@group-7525EACE5B64, cid=129, FAILED org.apache.ratis.protocol.NotLeaderException: Server feb42f30-01a8-4b34-87ff-e0218b26b2eb is not the leader (null). Request must be sent to leader., logIndex=0, commits[feb42f30-01a8-4b34-87ff-e0218b26b2eb:c-1]
2019-07-14 06:52:35,290 INFO  client.GrpcClientProtocolClient (GrpcClientProtocolClient.java:onNext(255)) - client-0BE4859065AE->16cd33d1-021f-4fa8-b7c7-5dab90ae5617: receive RaftClientReply:client-0BE4859065AE->16cd33d1-021f-4fa8-b7c7-5dab90ae5617@group-7525EACE5B64, cid=129, FAILED org.apache.ratis.protocol.NotLeaderException: Server 16cd33d1-021f-4fa8-b7c7-5dab90ae5617 is not the leader (null). Request must be sent to leader., logIndex=0, commits[16cd33d1-021f-4fa8-b7c7-5dab90ae5617:c-1, 4f9df1b2-0407-4bbd-a402-8d03a959aa46:c-1, feb42f30-01a8-4b34-87ff-e0218b26b2eb:c-1]
2019-07-14 06:52:35,716 INFO  impl.FollowerState (FollowerState.java:run(106)) - 9bda9dad-fadd-43bb-a848-649d686737da:group-767F60FE3A80 changes to CANDIDATE, lastRpcTime:5028, electionTimeout:5023ms
2019-07-14 06:52:35,717 INFO  impl.RoleInfo (RoleInfo.java:shutdownFollowerState(121)) - 9bda9dad-fadd-43bb-a848-649d686737da: shutdown FollowerState
2019-07-14 06:52:35,717 INFO  impl.RaftServerImpl (RaftServerImpl.java:setRole(171)) - 9bda9dad-fadd-43bb-a848-649d686737da:group-767F60FE3A80 changes role from FOLLOWER to CANDIDATE at term 5 for changeToCandidate
2019-07-14 06:52:35,717 INFO  impl.RoleInfo (RoleInfo.java:updateAndGet(143)) - 9bda9dad-fadd-43bb-a848-649d686737da: start LeaderElection
2019-07-14 06:52:35,730 INFO  impl.LeaderElection (LeaderElection.java:askForVotes(181)) - 9bda9dad-fadd-43bb-a848-649d686737da:group-767F60FE3A80:LeaderElection56: begin an election at term 6 for 0: [ec8ecf58-59d7-498d-96c5-eba8c5551cd0:192.168.5.144:32783, d2125c14-bf5b-4a89-9656-01806452c152:192.168.5.144:36331, 9bda9dad-fadd-43bb-a848-649d686737da:192.168.5.144:44514], old=null
2019-07-14 06:52:35,731 INFO  impl.LeaderElection (LogUtils.java:infoOrTrace(149)) - 9bda9dad-fadd-43bb-a848-649d686737da:group-767F60FE3A80:LeaderElection56 got exception when requesting votes: {}
java.util.concurrent.ExecutionException: org.apache.ratis.thirdparty.io.grpc.StatusRuntimeException: UNAVAILABLE: io exception
	at java.util.concurrent.FutureTask.report(FutureTask.java:122)
	at java.util.concurrent.FutureTask.get(FutureTask.java:192)
	at org.apache.ratis.server.impl.LeaderElection.waitForResults(LeaderElection.java:262)
	at org.apache.ratis.server.impl.LeaderElection.askForVotes(LeaderElection.java:200)
	at org.apache.ratis.server.impl.LeaderElection.run(LeaderElection.java:130)
	at java.lang.Thread.run(Thread.java:748)
Caused by: org.apache.ratis.thirdparty.io.grpc.StatusRuntimeException: UNAVAILABLE: io exception
	at org.apache.ratis.thirdparty.io.grpc.stub.ClientCalls.toStatusRuntimeException(ClientCalls.java:233)
	at org.apache.ratis.thirdparty.io.grpc.stub.ClientCalls.getUnchecked(ClientCalls.java:214)
	at org.apache.ratis.thirdparty.io.grpc.stub.ClientCalls.blockingUnaryCall(ClientCalls.java:139)
	at org.apache.ratis.proto.grpc.RaftServerProtocolServiceGrpc$RaftServerProtocolServiceBlockingStub.requestVote(RaftServerProtocolServiceGrpc.java:265)
	at org.apache.ratis.grpc.server.GrpcServerProtocolClient.requestVote(GrpcServerProtocolClient.java:83)
	at org.apache.ratis.grpc.server.GrpcService.requestVote(GrpcService.java:195)
	at org.apache.ratis.server.impl.LeaderElection.lambda$submitRequests$1(LeaderElection.java:237)
	at java.util.concurrent.FutureTask.run(FutureTask.java:266)
	at java.util.concurrent.Executors$RunnableAdapter.call(Executors.java:511)
	at java.util.concurrent.FutureTask.run(FutureTask.java:266)
	at java.util.concurrent.ThreadPoolExecutor.runWorker(ThreadPoolExecutor.java:1149)
	at java.util.concurrent.ThreadPoolExecutor$Worker.run(ThreadPoolExecutor.java:624)
	... 1 more
Caused by: org.apache.ratis.thirdparty.io.netty.channel.AbstractChannel$AnnotatedConnectException: Connection refused: /192.168.5.144:36331
	at sun.nio.ch.SocketChannelImpl.checkConnect(Native Method)
	at sun.nio.ch.SocketChannelImpl.finishConnect(SocketChannelImpl.java:717)
	at org.apache.ratis.thirdparty.io.netty.channel.socket.nio.NioSocketChannel.doFinishConnect(NioSocketChannel.java:327)
	at org.apache.ratis.thirdparty.io.netty.channel.nio.AbstractNioChannel$AbstractNioUnsafe.finishConnect(AbstractNioChannel.java:340)
	at org.apache.ratis.thirdparty.io.netty.channel.nio.NioEventLoop.processSelectedKey(NioEventLoop.java:632)
	at org.apache.ratis.thirdparty.io.netty.channel.nio.NioEventLoop.processSelectedKeysOptimized(NioEventLoop.java:579)
	at org.apache.ratis.thirdparty.io.netty.channel.nio.NioEventLoop.processSelectedKeys(NioEventLoop.java:496)
	at org.apache.ratis.thirdparty.io.netty.channel.nio.NioEventLoop.run(NioEventLoop.java:458)
	at org.apache.ratis.thirdparty.io.netty.util.concurrent.SingleThreadEventExecutor$5.run(SingleThreadEventExecutor.java:897)
	at org.apache.ratis.thirdparty.io.netty.util.concurrent.FastThreadLocalRunnable.run(FastThreadLocalRunnable.java:30)
	... 1 more
Caused by: java.net.ConnectException: Connection refused
	... 11 more
2019-07-14 06:52:35,739 INFO  impl.LeaderElection (LogUtils.java:infoOrTrace(149)) - 9bda9dad-fadd-43bb-a848-649d686737da:group-767F60FE3A80:LeaderElection56 got exception when requesting votes: {}
java.util.concurrent.ExecutionException: org.apache.ratis.thirdparty.io.grpc.StatusRuntimeException: UNAVAILABLE: io exception
	at java.util.concurrent.FutureTask.report(FutureTask.java:122)
	at java.util.concurrent.FutureTask.get(FutureTask.java:192)
	at org.apache.ratis.server.impl.LeaderElection.waitForResults(LeaderElection.java:262)
	at org.apache.ratis.server.impl.LeaderElection.askForVotes(LeaderElection.java:200)
	at org.apache.ratis.server.impl.LeaderElection.run(LeaderElection.java:130)
	at java.lang.Thread.run(Thread.java:748)
Caused by: org.apache.ratis.thirdparty.io.grpc.StatusRuntimeException: UNAVAILABLE: io exception
	at org.apache.ratis.thirdparty.io.grpc.stub.ClientCalls.toStatusRuntimeException(ClientCalls.java:233)
	at org.apache.ratis.thirdparty.io.grpc.stub.ClientCalls.getUnchecked(ClientCalls.java:214)
	at org.apache.ratis.thirdparty.io.grpc.stub.ClientCalls.blockingUnaryCall(ClientCalls.java:139)
	at org.apache.ratis.proto.grpc.RaftServerProtocolServiceGrpc$RaftServerProtocolServiceBlockingStub.requestVote(RaftServerProtocolServiceGrpc.java:265)
	at org.apache.ratis.grpc.server.GrpcServerProtocolClient.requestVote(GrpcServerProtocolClient.java:83)
	at org.apache.ratis.grpc.server.GrpcService.requestVote(GrpcService.java:195)
	at org.apache.ratis.server.impl.LeaderElection.lambda$submitRequests$1(LeaderElection.java:237)
	at java.util.concurrent.FutureTask.run(FutureTask.java:266)
	at java.util.concurrent.Executors$RunnableAdapter.call(Executors.java:511)
	at java.util.concurrent.FutureTask.run(FutureTask.java:266)
	at java.util.concurrent.ThreadPoolExecutor.runWorker(ThreadPoolExecutor.java:1149)
	at java.util.concurrent.ThreadPoolExecutor$Worker.run(ThreadPoolExecutor.java:624)
	... 1 more
Caused by: org.apache.ratis.thirdparty.io.netty.channel.AbstractChannel$AnnotatedConnectException: Connection refused: /192.168.5.144:32783
	at sun.nio.ch.SocketChannelImpl.checkConnect(Native Method)
	at sun.nio.ch.SocketChannelImpl.finishConnect(SocketChannelImpl.java:717)
	at org.apache.ratis.thirdparty.io.netty.channel.socket.nio.NioSocketChannel.doFinishConnect(NioSocketChannel.java:327)
	at org.apache.ratis.thirdparty.io.netty.channel.nio.AbstractNioChannel$AbstractNioUnsafe.finishConnect(AbstractNioChannel.java:340)
	at org.apache.ratis.thirdparty.io.netty.channel.nio.NioEventLoop.processSelectedKey(NioEventLoop.java:632)
	at org.apache.ratis.thirdparty.io.netty.channel.nio.NioEventLoop.processSelectedKeysOptimized(NioEventLoop.java:579)
	at org.apache.ratis.thirdparty.io.netty.channel.nio.NioEventLoop.processSelectedKeys(NioEventLoop.java:496)
	at org.apache.ratis.thirdparty.io.netty.channel.nio.NioEventLoop.run(NioEventLoop.java:458)
	at org.apache.ratis.thirdparty.io.netty.util.concurrent.SingleThreadEventExecutor$5.run(SingleThreadEventExecutor.java:897)
	at org.apache.ratis.thirdparty.io.netty.util.concurrent.FastThreadLocalRunnable.run(FastThreadLocalRunnable.java:30)
	... 1 more
Caused by: java.net.ConnectException: Connection refused
	... 11 more
2019-07-14 06:52:35,744 INFO  impl.LeaderElection (LeaderElection.java:logAndReturn(56)) - 9bda9dad-fadd-43bb-a848-649d686737da:group-767F60FE3A80:LeaderElection56: Election REJECTED; received 0 response(s) [] and 2 exception(s); 9bda9dad-fadd-43bb-a848-649d686737da:t6, leader=null, voted=9bda9dad-fadd-43bb-a848-649d686737da, raftlog=9bda9dad-fadd-43bb-a848-649d686737da-SegmentedRaftLog:OPENED:c36,f36,i36, conf=0: [ec8ecf58-59d7-498d-96c5-eba8c5551cd0:192.168.5.144:32783, d2125c14-bf5b-4a89-9656-01806452c152:192.168.5.144:36331, 9bda9dad-fadd-43bb-a848-649d686737da:192.168.5.144:44514], old=null
2019-07-14 06:52:35,744 INFO  impl.LeaderElection (LogUtils.java:infoOrTrace(149)) -   Exception 0: {}
java.util.concurrent.ExecutionException: org.apache.ratis.thirdparty.io.grpc.StatusRuntimeException: UNAVAILABLE: io exception
	at java.util.concurrent.FutureTask.report(FutureTask.java:122)
	at java.util.concurrent.FutureTask.get(FutureTask.java:192)
	at org.apache.ratis.server.impl.LeaderElection.waitForResults(LeaderElection.java:262)
	at org.apache.ratis.server.impl.LeaderElection.askForVotes(LeaderElection.java:200)
	at org.apache.ratis.server.impl.LeaderElection.run(LeaderElection.java:130)
	at java.lang.Thread.run(Thread.java:748)
Caused by: org.apache.ratis.thirdparty.io.grpc.StatusRuntimeException: UNAVAILABLE: io exception
	at org.apache.ratis.thirdparty.io.grpc.stub.ClientCalls.toStatusRuntimeException(ClientCalls.java:233)
	at org.apache.ratis.thirdparty.io.grpc.stub.ClientCalls.getUnchecked(ClientCalls.java:214)
	at org.apache.ratis.thirdparty.io.grpc.stub.ClientCalls.blockingUnaryCall(ClientCalls.java:139)
	at org.apache.ratis.proto.grpc.RaftServerProtocolServiceGrpc$RaftServerProtocolServiceBlockingStub.requestVote(RaftServerProtocolServiceGrpc.java:265)
	at org.apache.ratis.grpc.server.GrpcServerProtocolClient.requestVote(GrpcServerProtocolClient.java:83)
	at org.apache.ratis.grpc.server.GrpcService.requestVote(GrpcService.java:195)
	at org.apache.ratis.server.impl.LeaderElection.lambda$submitRequests$1(LeaderElection.java:237)
	at java.util.concurrent.FutureTask.run(FutureTask.java:266)
	at java.util.concurrent.Executors$RunnableAdapter.call(Executors.java:511)
	at java.util.concurrent.FutureTask.run(FutureTask.java:266)
	at java.util.concurrent.ThreadPoolExecutor.runWorker(ThreadPoolExecutor.java:1149)
	at java.util.concurrent.ThreadPoolExecutor$Worker.run(ThreadPoolExecutor.java:624)
	... 1 more
Caused by: org.apache.ratis.thirdparty.io.netty.channel.AbstractChannel$AnnotatedConnectException: Connection refused: /192.168.5.144:36331
	at sun.nio.ch.SocketChannelImpl.checkConnect(Native Method)
	at sun.nio.ch.SocketChannelImpl.finishConnect(SocketChannelImpl.java:717)
	at org.apache.ratis.thirdparty.io.netty.channel.socket.nio.NioSocketChannel.doFinishConnect(NioSocketChannel.java:327)
	at org.apache.ratis.thirdparty.io.netty.channel.nio.AbstractNioChannel$AbstractNioUnsafe.finishConnect(AbstractNioChannel.java:340)
	at org.apache.ratis.thirdparty.io.netty.channel.nio.NioEventLoop.processSelectedKey(NioEventLoop.java:632)
	at org.apache.ratis.thirdparty.io.netty.channel.nio.NioEventLoop.processSelectedKeysOptimized(NioEventLoop.java:579)
	at org.apache.ratis.thirdparty.io.netty.channel.nio.NioEventLoop.processSelectedKeys(NioEventLoop.java:496)
	at org.apache.ratis.thirdparty.io.netty.channel.nio.NioEventLoop.run(NioEventLoop.java:458)
	at org.apache.ratis.thirdparty.io.netty.util.concurrent.SingleThreadEventExecutor$5.run(SingleThreadEventExecutor.java:897)
	at org.apache.ratis.thirdparty.io.netty.util.concurrent.FastThreadLocalRunnable.run(FastThreadLocalRunnable.java:30)
	... 1 more
Caused by: java.net.ConnectException: Connection refused
	... 11 more
2019-07-14 06:52:35,745 INFO  impl.LeaderElection (LogUtils.java:infoOrTrace(149)) -   Exception 1: {}
java.util.concurrent.ExecutionException: org.apache.ratis.thirdparty.io.grpc.StatusRuntimeException: UNAVAILABLE: io exception
	at java.util.concurrent.FutureTask.report(FutureTask.java:122)
	at java.util.concurrent.FutureTask.get(FutureTask.java:192)
	at org.apache.ratis.server.impl.LeaderElection.waitForResults(LeaderElection.java:262)
	at org.apache.ratis.server.impl.LeaderElection.askForVotes(LeaderElection.java:200)
	at org.apache.ratis.server.impl.LeaderElection.run(LeaderElection.java:130)
	at java.lang.Thread.run(Thread.java:748)
Caused by: org.apache.ratis.thirdparty.io.grpc.StatusRuntimeException: UNAVAILABLE: io exception
	at org.apache.ratis.thirdparty.io.grpc.stub.ClientCalls.toStatusRuntimeException(ClientCalls.java:233)
	at org.apache.ratis.thirdparty.io.grpc.stub.ClientCalls.getUnchecked(ClientCalls.java:214)
	at org.apache.ratis.thirdparty.io.grpc.stub.ClientCalls.blockingUnaryCall(ClientCalls.java:139)
	at org.apache.ratis.proto.grpc.RaftServerProtocolServiceGrpc$RaftServerProtocolServiceBlockingStub.requestVote(RaftServerProtocolServiceGrpc.java:265)
	at org.apache.ratis.grpc.server.GrpcServerProtocolClient.requestVote(GrpcServerProtocolClient.java:83)
	at org.apache.ratis.grpc.server.GrpcService.requestVote(GrpcService.java:195)
	at org.apache.ratis.server.impl.LeaderElection.lambda$submitRequests$1(LeaderElection.java:237)
	at java.util.concurrent.FutureTask.run(FutureTask.java:266)
	at java.util.concurrent.Executors$RunnableAdapter.call(Executors.java:511)
	at java.util.concurrent.FutureTask.run(FutureTask.java:266)
	at java.util.concurrent.ThreadPoolExecutor.runWorker(ThreadPoolExecutor.java:1149)
	at java.util.concurrent.ThreadPoolExecutor$Worker.run(ThreadPoolExecutor.java:624)
	... 1 more
Caused by: org.apache.ratis.thirdparty.io.netty.channel.AbstractChannel$AnnotatedConnectException: Connection refused: /192.168.5.144:32783
	at sun.nio.ch.SocketChannelImpl.checkConnect(Native Method)
	at sun.nio.ch.SocketChannelImpl.finishConnect(SocketChannelImpl.java:717)
	at org.apache.ratis.thirdparty.io.netty.channel.socket.nio.NioSocketChannel.doFinishConnect(NioSocketChannel.java:327)
	at org.apache.ratis.thirdparty.io.netty.channel.nio.AbstractNioChannel$AbstractNioUnsafe.finishConnect(AbstractNioChannel.java:340)
	at org.apache.ratis.thirdparty.io.netty.channel.nio.NioEventLoop.processSelectedKey(NioEventLoop.java:632)
	at org.apache.ratis.thirdparty.io.netty.channel.nio.NioEventLoop.processSelectedKeysOptimized(NioEventLoop.java:579)
	at org.apache.ratis.thirdparty.io.netty.channel.nio.NioEventLoop.processSelectedKeys(NioEventLoop.java:496)
	at org.apache.ratis.thirdparty.io.netty.channel.nio.NioEventLoop.run(NioEventLoop.java:458)
	at org.apache.ratis.thirdparty.io.netty.util.concurrent.SingleThreadEventExecutor$5.run(SingleThreadEventExecutor.java:897)
	at org.apache.ratis.thirdparty.io.netty.util.concurrent.FastThreadLocalRunnable.run(FastThreadLocalRunnable.java:30)
	... 1 more
Caused by: java.net.ConnectException: Connection refused
	... 11 more
2019-07-14 06:52:35,745 INFO  impl.RaftServerImpl (RaftServerImpl.java:setRole(171)) - 9bda9dad-fadd-43bb-a848-649d686737da:group-767F60FE3A80 changes role from CANDIDATE to FOLLOWER at term 6 for DISCOVERED_A_NEW_TERM
2019-07-14 06:52:35,745 INFO  impl.RoleInfo (RoleInfo.java:shutdownLeaderElection(134)) - 9bda9dad-fadd-43bb-a848-649d686737da: shutdown LeaderElection
2019-07-14 06:52:35,745 INFO  impl.RoleInfo (RoleInfo.java:updateAndGet(143)) - 9bda9dad-fadd-43bb-a848-649d686737da: start FollowerState
2019-07-14 06:52:36,319 INFO  client.GrpcClientProtocolClient (GrpcClientProtocolClient.java:onNext(255)) - client-0BE4859065AE->4f9df1b2-0407-4bbd-a402-8d03a959aa46: receive RaftClientReply:client-0BE4859065AE->4f9df1b2-0407-4bbd-a402-8d03a959aa46@group-7525EACE5B64, cid=129, FAILED org.apache.ratis.protocol.NotLeaderException: Server 4f9df1b2-0407-4bbd-a402-8d03a959aa46 is not the leader (null). Request must be sent to leader., logIndex=0, commits[4f9df1b2-0407-4bbd-a402-8d03a959aa46:c-1]
2019-07-14 06:52:36,335 WARN  io.KeyOutputStream (KeyOutputStream.java:handleException(276)) - Encountered exception java.io.IOException: Unexpected Storage Container Exception: java.util.concurrent.CompletionException: java.util.concurrent.CompletionException: org.apache.ratis.protocol.RaftRetryFailureException: Failed RaftClientRequest:client-0BE4859065AE->4f9df1b2-0407-4bbd-a402-8d03a959aa46@group-7525EACE5B64, cid=129, seq=1*, RW, org.apache.hadoop.hdds.scm.XceiverClientRatis$$Lambda$309/1480893137@c0e2cec for 5 attempts with RetryLimited(maxAttempts=5, sleepTime=1000ms) on the pipeline Pipeline[ Id: 2f8825da-ca4d-45da-95ac-7525eace5b64, Nodes: 4f9df1b2-0407-4bbd-a402-8d03a959aa46{ip: 192.168.5.144, host: trunk-nightly-8c95p-1540871953, networkLocation: /default-rack, certSerialId: null}feb42f30-01a8-4b34-87ff-e0218b26b2eb{ip: 192.168.5.144, host: trunk-nightly-8c95p-1540871953, networkLocation: /default-rack, certSerialId: null}16cd33d1-021f-4fa8-b7c7-5dab90ae5617{ip: 192.168.5.144, host: trunk-nightly-8c95p-1540871953, networkLocation: /default-rack, certSerialId: null}, Type:RATIS, Factor:THREE, State:OPEN]. The last committed block length is 0, uncommitted data length is 1572864 retry count 0
2019-07-14 06:52:36,342 WARN  block.BlockManagerImpl (BlockManagerImpl.java:allocateBlock(192)) - Pipeline creation failed for type:RATIS factor:THREE. Retrying get pipelines call once.
org.apache.hadoop.hdds.scm.pipeline.InsufficientDatanodesException: Cannot create pipeline of factor 3 using 1 nodes.
	at org.apache.hadoop.hdds.scm.pipeline.RatisPipelineProvider.create(RatisPipelineProvider.java:151)
	at org.apache.hadoop.hdds.scm.pipeline.PipelineFactory.create(PipelineFactory.java:57)
	at org.apache.hadoop.hdds.scm.pipeline.SCMPipelineManager.createPipeline(SCMPipelineManager.java:149)
	at org.apache.hadoop.hdds.scm.block.BlockManagerImpl.allocateBlock(BlockManagerImpl.java:190)
	at org.apache.hadoop.hdds.scm.server.SCMBlockProtocolServer.allocateBlock(SCMBlockProtocolServer.java:175)
	at org.apache.hadoop.ozone.protocolPB.ScmBlockLocationProtocolServerSideTranslatorPB.allocateScmBlock(ScmBlockLocationProtocolServerSideTranslatorPB.java:153)
	at org.apache.hadoop.ozone.protocolPB.ScmBlockLocationProtocolServerSideTranslatorPB.send(ScmBlockLocationProtocolServerSideTranslatorPB.java:112)
	at org.apache.hadoop.hdds.protocol.proto.ScmBlockLocationProtocolProtos$ScmBlockLocationProtocolService$2.callBlockingMethod(ScmBlockLocationProtocolProtos.java:13157)
	at org.apache.hadoop.ipc.ProtobufRpcEngine$Server$ProtoBufRpcInvoker.call(ProtobufRpcEngine.java:524)
	at org.apache.hadoop.ipc.RPC$Server.call(RPC.java:1025)
	at org.apache.hadoop.ipc.Server$RpcCall.run(Server.java:876)
	at org.apache.hadoop.ipc.Server$RpcCall.run(Server.java:822)
	at java.security.AccessController.doPrivileged(Native Method)
	at javax.security.auth.Subject.doAs(Subject.java:422)
	at org.apache.hadoop.security.UserGroupInformation.doAs(UserGroupInformation.java:1730)
	at org.apache.hadoop.ipc.Server$Handler.run(Server.java:2682)
2019-07-14 06:52:36,342 INFO  block.BlockManagerImpl (BlockManagerImpl.java:allocateBlock(198)) - Could not find available pipeline of type:RATIS and factor:THREE even after retrying
2019-07-14 06:52:36,342 ERROR block.BlockManagerImpl (BlockManagerImpl.java:allocateBlock(222)) - Unable to allocate a block for the size: 4194304, type: RATIS, factor: THREE
06:52:36.351 [IPC Server handler 1 on 36174] ERROR OMAudit - user=jenkins1000 | ip=127.0.0.1 | op=ALLOCATE_BLOCK {volume=datanodefailurehandlingtest, bucket=datanodefailurehandlingtest, key=31d5a909-a266-4cdf-90b0-55e23ea574b8, dataSize=0, replicationType=null, replicationFactor=null, keyLocationInfo=null, clientID=102438478927626256} | ret=FAILURE
org.apache.hadoop.hdds.scm.exceptions.SCMException: Allocated 0 blocks. Requested 1 blocks
	at org.apache.hadoop.hdds.scm.protocolPB.ScmBlockLocationProtocolClientSideTranslatorPB.handleError(ScmBlockLocationProtocolClientSideTranslatorPB.java:118) ~[hadoop-hdds-common-0.5.0-SNAPSHOT.jar:?]
	at org.apache.hadoop.hdds.scm.protocolPB.ScmBlockLocationProtocolClientSideTranslatorPB.allocateBlock(ScmBlockLocationProtocolClientSideTranslatorPB.java:156) ~[hadoop-hdds-common-0.5.0-SNAPSHOT.jar:?]
	at sun.reflect.NativeMethodAccessorImpl.invoke0(Native Method) ~[?:1.8.0_212]
	at sun.reflect.NativeMethodAccessorImpl.invoke(NativeMethodAccessorImpl.java:62) ~[?:1.8.0_212]
	at sun.reflect.DelegatingMethodAccessorImpl.invoke(DelegatingMethodAccessorImpl.java:43) ~[?:1.8.0_212]
	at java.lang.reflect.Method.invoke(Method.java:498) ~[?:1.8.0_212]
	at org.apache.hadoop.hdds.tracing.TraceAllMethod.invoke(TraceAllMethod.java:66) ~[hadoop-hdds-common-0.5.0-SNAPSHOT.jar:?]
	at com.sun.proxy.$Proxy25.allocateBlock(Unknown Source) ~[?:?]
	at org.apache.hadoop.ozone.om.KeyManagerImpl.allocateBlock(KeyManagerImpl.java:355) ~[hadoop-ozone-ozone-manager-0.5.0-SNAPSHOT.jar:?]
	at org.apache.hadoop.ozone.om.KeyManagerImpl.allocateBlock(KeyManagerImpl.java:323) ~[hadoop-ozone-ozone-manager-0.5.0-SNAPSHOT.jar:?]
	at org.apache.hadoop.ozone.om.OzoneManager.allocateBlock(OzoneManager.java:2349) [hadoop-ozone-ozone-manager-0.5.0-SNAPSHOT.jar:?]
	at org.apache.hadoop.ozone.protocolPB.OzoneManagerRequestHandler.allocateBlock(OzoneManagerRequestHandler.java:754) [hadoop-ozone-ozone-manager-0.5.0-SNAPSHOT.jar:?]
	at org.apache.hadoop.ozone.protocolPB.OzoneManagerRequestHandler.handle(OzoneManagerRequestHandler.java:249) [hadoop-ozone-ozone-manager-0.5.0-SNAPSHOT.jar:?]
	at org.apache.hadoop.ozone.protocolPB.OzoneManagerProtocolServerSideTranslatorPB.submitRequestDirectlyToOM(OzoneManagerProtocolServerSideTranslatorPB.java:192) [hadoop-ozone-ozone-manager-0.5.0-SNAPSHOT.jar:?]
	at org.apache.hadoop.ozone.protocolPB.OzoneManagerProtocolServerSideTranslatorPB.submitRequest(OzoneManagerProtocolServerSideTranslatorPB.java:110) [hadoop-ozone-ozone-manager-0.5.0-SNAPSHOT.jar:?]
	at org.apache.hadoop.ozone.protocol.proto.OzoneManagerProtocolProtos$OzoneManagerService$2.callBlockingMethod(OzoneManagerProtocolProtos.java) [hadoop-ozone-common-0.5.0-SNAPSHOT.jar:?]
	at org.apache.hadoop.ipc.ProtobufRpcEngine$Server$ProtoBufRpcInvoker.call(ProtobufRpcEngine.java:524) [hadoop-common-3.2.0.jar:?]
	at org.apache.hadoop.ipc.RPC$Server.call(RPC.java:1025) [hadoop-common-3.2.0.jar:?]
	at org.apache.hadoop.ipc.Server$RpcCall.run(Server.java:876) [hadoop-common-3.2.0.jar:?]
	at org.apache.hadoop.ipc.Server$RpcCall.run(Server.java:822) [hadoop-common-3.2.0.jar:?]
	at java.security.AccessController.doPrivileged(Native Method) [?:1.8.0_212]
	at javax.security.auth.Subject.doAs(Subject.java:422) [?:1.8.0_212]
	at org.apache.hadoop.security.UserGroupInformation.doAs(UserGroupInformation.java:1730) [hadoop-common-3.2.0.jar:?]
	at org.apache.hadoop.ipc.Server$Handler.run(Server.java:2682) [hadoop-common-3.2.0.jar:?]
2019-07-14 06:52:36,372 ERROR io.BlockOutputStreamEntryPool (BlockOutputStreamEntryPool.java:allocateBlockIfNeeded(299)) - Try to allocate more blocks for write failed, already allocated 0 blocks for this write.
INTERNAL_ERROR org.apache.hadoop.ozone.om.exceptions.OMException: Allocated 0 blocks. Requested 1 blocks
	at org.apache.hadoop.ozone.om.protocolPB.OzoneManagerProtocolClientSideTranslatorPB.handleError(OzoneManagerProtocolClientSideTranslatorPB.java:720)
	at org.apache.hadoop.ozone.om.protocolPB.OzoneManagerProtocolClientSideTranslatorPB.allocateBlock(OzoneManagerProtocolClientSideTranslatorPB.java:752)
	at org.apache.hadoop.ozone.client.io.BlockOutputStreamEntryPool.allocateNewBlock(BlockOutputStreamEntryPool.java:248)
	at org.apache.hadoop.ozone.client.io.BlockOutputStreamEntryPool.allocateBlockIfNeeded(BlockOutputStreamEntryPool.java:296)
	at org.apache.hadoop.ozone.client.io.KeyOutputStream.handleWrite(KeyOutputStream.java:201)
	at org.apache.hadoop.ozone.client.io.KeyOutputStream.handleRetry(KeyOutputStream.java:376)
	at org.apache.hadoop.ozone.client.io.KeyOutputStream.handleException(KeyOutputStream.java:325)
	at org.apache.hadoop.ozone.client.io.KeyOutputStream.handleFlushOrClose(KeyOutputStream.java:448)
	at org.apache.hadoop.ozone.client.io.KeyOutputStream.close(KeyOutputStream.java:472)
	at org.apache.hadoop.ozone.client.io.OzoneOutputStream.close(OzoneOutputStream.java:60)
	at org.apache.hadoop.ozone.client.rpc.TestFailureHandlingByClient.testBlockWritesWithDnFailures(TestFailureHandlingByClient.java:146)
	at sun.reflect.NativeMethodAccessorImpl.invoke0(Native Method)
	at sun.reflect.NativeMethodAccessorImpl.invoke(NativeMethodAccessorImpl.java:62)
	at sun.reflect.DelegatingMethodAccessorImpl.invoke(DelegatingMethodAccessorImpl.java:43)
	at java.lang.reflect.Method.invoke(Method.java:498)
	at org.junit.runners.model.FrameworkMethod$1.runReflectiveCall(FrameworkMethod.java:47)
	at org.junit.internal.runners.model.ReflectiveCallable.run(ReflectiveCallable.java:12)
	at org.junit.runners.model.FrameworkMethod.invokeExplosively(FrameworkMethod.java:44)
	at org.junit.internal.runners.statements.InvokeMethod.evaluate(InvokeMethod.java:17)
	at org.junit.runners.ParentRunner.runLeaf(ParentRunner.java:271)
	at org.junit.runners.BlockJUnit4ClassRunner.runChild(BlockJUnit4ClassRunner.java:70)
	at org.junit.runners.BlockJUnit4ClassRunner.runChild(BlockJUnit4ClassRunner.java:50)
	at org.junit.runners.ParentRunner$3.run(ParentRunner.java:238)
	at org.junit.runners.ParentRunner$1.schedule(ParentRunner.java:63)
	at org.junit.runners.ParentRunner.runChildren(ParentRunner.java:236)
	at org.junit.runners.ParentRunner.access$000(ParentRunner.java:53)
	at org.junit.runners.ParentRunner$2.evaluate(ParentRunner.java:229)
	at org.junit.runners.ParentRunner.run(ParentRunner.java:309)
	at org.apache.maven.surefire.junit4.JUnit4Provider.execute(JUnit4Provider.java:365)
	at org.apache.maven.surefire.junit4.JUnit4Provider.executeWithRerun(JUnit4Provider.java:273)
	at org.apache.maven.surefire.junit4.JUnit4Provider.executeTestSet(JUnit4Provider.java:238)
	at org.apache.maven.surefire.junit4.JUnit4Provider.invoke(JUnit4Provider.java:159)
	at org.apache.maven.surefire.booter.ForkedBooter.invokeProviderInSameClassLoader(ForkedBooter.java:384)
	at org.apache.maven.surefire.booter.ForkedBooter.runSuitesInProcess(ForkedBooter.java:345)
	at org.apache.maven.surefire.booter.ForkedBooter.execute(ForkedBooter.java:126)
	at org.apache.maven.surefire.booter.ForkedBooter.main(ForkedBooter.java:418)
]]></system-out>
    <system-err><![CDATA[Jul 14, 2019 6:52:16 AM com.sun.jersey.server.impl.application.WebApplicationImpl _initiate
INFO: Initiating Jersey application, version 'Jersey: 1.19 02/11/2015 03:25 AM'
Jul 14, 2019 6:52:16 AM com.sun.jersey.server.impl.application.WebApplicationImpl _initiate
INFO: Initiating Jersey application, version 'Jersey: 1.19 02/11/2015 03:25 AM'
Jul 14, 2019 6:52:17 AM com.sun.jersey.server.impl.application.WebApplicationImpl _initiate
INFO: Initiating Jersey application, version 'Jersey: 1.19 02/11/2015 03:25 AM'
Jul 14, 2019 6:52:17 AM com.sun.jersey.server.impl.application.WebApplicationImpl _initiate
INFO: Initiating Jersey application, version 'Jersey: 1.19 02/11/2015 03:25 AM'
Jul 14, 2019 6:52:17 AM com.sun.jersey.server.impl.application.WebApplicationImpl _initiate
INFO: Initiating Jersey application, version 'Jersey: 1.19 02/11/2015 03:25 AM'
Jul 14, 2019 6:52:17 AM com.sun.jersey.server.impl.application.WebApplicationImpl _initiate
INFO: Initiating Jersey application, version 'Jersey: 1.19 02/11/2015 03:25 AM'
]]></system-err>
  </testcase>
  <testcase name="testDatanodeExclusionWithMajorityCommit" classname="org.apache.hadoop.ozone.client.rpc.TestFailureHandlingByClient" time="15.34">
    <error message="Allocated 0 blocks. Requested 1 blocks" type="INTERNAL_ERROR org.apache.hadoop.ozone.om.exceptions.OMException">INTERNAL_ERROR org.apache.hadoop.ozone.om.exceptions.OMException: Allocated 0 blocks. Requested 1 blocks
	at org.apache.hadoop.ozone.om.protocolPB.OzoneManagerProtocolClientSideTranslatorPB.handleError(OzoneManagerProtocolClientSideTranslatorPB.java:720)
	at org.apache.hadoop.ozone.om.protocolPB.OzoneManagerProtocolClientSideTranslatorPB.allocateBlock(OzoneManagerProtocolClientSideTranslatorPB.java:752)
	at org.apache.hadoop.ozone.client.io.BlockOutputStreamEntryPool.allocateNewBlock(BlockOutputStreamEntryPool.java:248)
	at org.apache.hadoop.ozone.client.io.BlockOutputStreamEntryPool.allocateBlockIfNeeded(BlockOutputStreamEntryPool.java:296)
	at org.apache.hadoop.ozone.client.io.KeyOutputStream.handleWrite(KeyOutputStream.java:201)
	at org.apache.hadoop.ozone.client.io.KeyOutputStream.handleRetry(KeyOutputStream.java:376)
	at org.apache.hadoop.ozone.client.io.KeyOutputStream.handleException(KeyOutputStream.java:325)
	at org.apache.hadoop.ozone.client.io.KeyOutputStream.handleFlushOrClose(KeyOutputStream.java:448)
	at org.apache.hadoop.ozone.client.io.KeyOutputStream.flush(KeyOutputStream.java:396)
	at org.apache.hadoop.ozone.client.io.OzoneOutputStream.flush(OzoneOutputStream.java:54)
	at org.apache.hadoop.ozone.client.rpc.TestFailureHandlingByClient.testDatanodeExclusionWithMajorityCommit(TestFailureHandlingByClient.java:381)
	at sun.reflect.NativeMethodAccessorImpl.invoke0(Native Method)
	at sun.reflect.NativeMethodAccessorImpl.invoke(NativeMethodAccessorImpl.java:62)
	at sun.reflect.DelegatingMethodAccessorImpl.invoke(DelegatingMethodAccessorImpl.java:43)
	at java.lang.reflect.Method.invoke(Method.java:498)
	at org.junit.runners.model.FrameworkMethod$1.runReflectiveCall(FrameworkMethod.java:47)
	at org.junit.internal.runners.model.ReflectiveCallable.run(ReflectiveCallable.java:12)
	at org.junit.runners.model.FrameworkMethod.invokeExplosively(FrameworkMethod.java:44)
	at org.junit.internal.runners.statements.InvokeMethod.evaluate(InvokeMethod.java:17)
	at org.junit.runners.ParentRunner.runLeaf(ParentRunner.java:271)
	at org.junit.runners.BlockJUnit4ClassRunner.runChild(BlockJUnit4ClassRunner.java:70)
	at org.junit.runners.BlockJUnit4ClassRunner.runChild(BlockJUnit4ClassRunner.java:50)
	at org.junit.runners.ParentRunner$3.run(ParentRunner.java:238)
	at org.junit.runners.ParentRunner$1.schedule(ParentRunner.java:63)
	at org.junit.runners.ParentRunner.runChildren(ParentRunner.java:236)
	at org.junit.runners.ParentRunner.access$000(ParentRunner.java:53)
	at org.junit.runners.ParentRunner$2.evaluate(ParentRunner.java:229)
	at org.junit.runners.ParentRunner.run(ParentRunner.java:309)
	at org.apache.maven.surefire.junit4.JUnit4Provider.execute(JUnit4Provider.java:365)
	at org.apache.maven.surefire.junit4.JUnit4Provider.executeWithRerun(JUnit4Provider.java:273)
	at org.apache.maven.surefire.junit4.JUnit4Provider.executeTestSet(JUnit4Provider.java:238)
	at org.apache.maven.surefire.junit4.JUnit4Provider.invoke(JUnit4Provider.java:159)
	at org.apache.maven.surefire.booter.ForkedBooter.invokeProviderInSameClassLoader(ForkedBooter.java:384)
	at org.apache.maven.surefire.booter.ForkedBooter.runSuitesInProcess(ForkedBooter.java:345)
	at org.apache.maven.surefire.booter.ForkedBooter.execute(ForkedBooter.java:126)
	at org.apache.maven.surefire.booter.ForkedBooter.main(ForkedBooter.java:418)
</error>
    <system-out><![CDATA[2019-07-14 06:52:36,391 WARN  server.ServerUtils (ServerUtils.java:getScmDbDir(145)) - ozone.scm.db.dirs is not configured. We recommend adding this setting. Falling back to ozone.metadata.dirs instead.
2019-07-14 06:52:36,397 WARN  server.ServerUtils (ServerUtils.java:getScmDbDir(145)) - ozone.scm.db.dirs is not configured. We recommend adding this setting. Falling back to ozone.metadata.dirs instead.
2019-07-14 06:52:36,397 WARN  server.ServerUtils (ServerUtils.java:getScmDbDir(145)) - ozone.scm.db.dirs is not configured. We recommend adding this setting. Falling back to ozone.metadata.dirs instead.
2019-07-14 06:52:36,398 INFO  db.DBStoreBuilder (DBStoreBuilder.java:addTable(110)) - using custom profile for table: deletedBlocks
2019-07-14 06:52:36,398 INFO  db.DBStoreBuilder (DBStoreBuilder.java:processTables(161)) - Using default column profile:DBProfile.DISK for Table:deletedBlocks
2019-07-14 06:52:36,398 INFO  db.DBStoreBuilder (DBStoreBuilder.java:addTable(110)) - using custom profile for table: validCerts
2019-07-14 06:52:36,399 INFO  db.DBStoreBuilder (DBStoreBuilder.java:processTables(161)) - Using default column profile:DBProfile.DISK for Table:validCerts
2019-07-14 06:52:36,399 INFO  db.DBStoreBuilder (DBStoreBuilder.java:addTable(110)) - using custom profile for table: revokedCerts
2019-07-14 06:52:36,399 INFO  db.DBStoreBuilder (DBStoreBuilder.java:processTables(161)) - Using default column profile:DBProfile.DISK for Table:revokedCerts
2019-07-14 06:52:36,399 INFO  db.DBStoreBuilder (DBStoreBuilder.java:addTable(110)) - using custom profile for table: default
2019-07-14 06:52:36,400 INFO  db.DBStoreBuilder (DBStoreBuilder.java:processTables(167)) - Using default column profile:DBProfile.DISK for Table:default
2019-07-14 06:52:36,400 INFO  db.DBStoreBuilder (DBStoreBuilder.java:getDbProfile(198)) - Using default options. DBProfile.DISK
2019-07-14 06:52:36,492 INFO  net.NodeSchemaLoader (NodeSchemaLoader.java:loadSchemaFromFile(125)) - Loading file from sun.misc.CompoundEnumeration@2735a7dc
2019-07-14 06:52:36,492 INFO  net.NodeSchemaLoader (NodeSchemaLoader.java:loadSchema(171)) - Loading network topology layer schema file
2019-07-14 06:52:36,497 INFO  node.SCMNodeManager (SCMNodeManager.java:<init>(119)) - Entering startup safe mode.
2019-07-14 06:52:36,498 WARN  server.ServerUtils (ServerUtils.java:getScmDbDir(145)) - ozone.scm.db.dirs is not configured. We recommend adding this setting. Falling back to ozone.metadata.dirs instead.
2019-07-14 06:52:36,539 INFO  pipeline.SCMPipelineManager (SCMPipelineManager.java:initializePipelineState(126)) - No pipeline exists in current db
2019-07-14 06:52:36,540 WARN  server.ServerUtils (ServerUtils.java:getScmDbDir(145)) - ozone.scm.db.dirs is not configured. We recommend adding this setting. Falling back to ozone.metadata.dirs instead.
2019-07-14 06:52:36,589 WARN  events.EventQueue (EventQueue.java:fireEvent(175)) - No event handler registered for event TypedEvent{payloadType=SafeModeStatus, name='SafeModeStatus'}
2019-07-14 06:52:36,590 INFO  ipc.CallQueueManager (CallQueueManager.java:<init>(84)) - Using callQueue: class java.util.concurrent.LinkedBlockingQueue, queueCapacity: 2000, scheduler: class org.apache.hadoop.ipc.DefaultRpcScheduler, ipcBackoff: false.
2019-07-14 06:52:36,591 INFO  ipc.Server (Server.java:run(1074)) - Starting Socket Reader #1 for port 37990
2019-07-14 06:52:36,600 INFO  ipc.CallQueueManager (CallQueueManager.java:<init>(84)) - Using callQueue: class java.util.concurrent.LinkedBlockingQueue, queueCapacity: 2000, scheduler: class org.apache.hadoop.ipc.DefaultRpcScheduler, ipcBackoff: false.
2019-07-14 06:52:36,601 INFO  ipc.Server (Server.java:run(1074)) - Starting Socket Reader #1 for port 40383
2019-07-14 06:52:36,607 INFO  ipc.CallQueueManager (CallQueueManager.java:<init>(84)) - Using callQueue: class java.util.concurrent.LinkedBlockingQueue, queueCapacity: 2000, scheduler: class org.apache.hadoop.ipc.DefaultRpcScheduler, ipcBackoff: false.
2019-07-14 06:52:36,609 INFO  ipc.Server (Server.java:run(1074)) - Starting Socket Reader #1 for port 39995
2019-07-14 06:52:36,619 INFO  hdfs.DFSUtil (DFSUtil.java:httpServerTemplateForNNAndJN(1641)) - Starting Web-server for scm at: http://0.0.0.0:0
2019-07-14 06:52:36,622 INFO  server.AuthenticationFilter (AuthenticationFilter.java:constructSecretProvider(240)) - Unable to initialize FileSignerSecretProvider, falling back to use random secrets.
2019-07-14 06:52:36,622 WARN  http.HttpRequestLog (HttpRequestLog.java:getRequestLog(97)) - Jetty request log can only be enabled using Log4j
2019-07-14 06:52:36,624 INFO  http.HttpServer2 (HttpServer2.java:addGlobalFilter(975)) - Added global filter 'safety' (class=org.apache.hadoop.http.HttpServer2$QuotingInputFilter)
2019-07-14 06:52:36,625 INFO  http.HttpServer2 (HttpServer2.java:addFilter(948)) - Added filter static_user_filter (class=org.apache.hadoop.http.lib.StaticUserWebFilter$StaticUserFilter) to context scm
2019-07-14 06:52:36,625 INFO  http.HttpServer2 (HttpServer2.java:addFilter(958)) - Added filter static_user_filter (class=org.apache.hadoop.http.lib.StaticUserWebFilter$StaticUserFilter) to context logs
2019-07-14 06:52:36,626 INFO  http.HttpServer2 (HttpServer2.java:addFilter(958)) - Added filter static_user_filter (class=org.apache.hadoop.http.lib.StaticUserWebFilter$StaticUserFilter) to context static
2019-07-14 06:52:36,630 INFO  server.StorageContainerManager (StorageContainerManager.java:start(759)) - StorageContainerLocationProtocol RPC server is listening at /0.0.0.0:39995
2019-07-14 06:52:36,630 INFO  impl.MetricsSystemImpl (MetricsSystemImpl.java:init(158)) - StorageContainerManager metrics system started (again)
2019-07-14 06:52:36,631 INFO  server.SCMClientProtocolServer (SCMClientProtocolServer.java:start(149)) - RPC server for Client  is listening at /0.0.0.0:39995
2019-07-14 06:52:36,631 INFO  ipc.Server (Server.java:run(1314)) - IPC Server Responder: starting
2019-07-14 06:52:36,631 INFO  ipc.Server (Server.java:run(1153)) - IPC Server listener on 39995: starting
2019-07-14 06:52:36,648 INFO  server.StorageContainerManager (StorageContainerManager.java:start(768)) - ScmBlockLocationProtocol RPC server is listening at /0.0.0.0:40383
2019-07-14 06:52:36,648 INFO  server.SCMBlockProtocolServer (SCMBlockProtocolServer.java:start(140)) - RPC server for Block Protocol is listening at /0.0.0.0:40383
2019-07-14 06:52:36,649 INFO  ipc.Server (Server.java:run(1314)) - IPC Server Responder: starting
2019-07-14 06:52:36,654 INFO  ipc.Server (Server.java:run(1153)) - IPC Server listener on 40383: starting
2019-07-14 06:52:36,664 INFO  server.StorageContainerManager (StorageContainerManager.java:start(772)) - ScmDatanodeProtocl RPC server is listening at /0.0.0.0:37990
2019-07-14 06:52:36,664 INFO  server.SCMDatanodeProtocolServer (SCMDatanodeProtocolServer.java:start(191)) - RPC server for DataNodes is listening at /0.0.0.0:37990
2019-07-14 06:52:36,665 INFO  ipc.Server (Server.java:run(1314)) - IPC Server Responder: starting
2019-07-14 06:52:36,665 INFO  ipc.Server (Server.java:run(1153)) - IPC Server listener on 37990: starting
2019-07-14 06:52:36,675 INFO  http.HttpServer2 (HttpServer2.java:bindListener(1191)) - Jetty bound to port 39200
2019-07-14 06:52:36,675 INFO  server.Server (Server.java:doStart(351)) - jetty-9.3.24.v20180605, build timestamp: 2018-06-05T17:11:56Z, git hash: 84205aa28f11a4f31f2a3b86d1bba2cc8ab69827
2019-07-14 06:52:36,677 INFO  handler.ContextHandler (ContextHandler.java:doStart(781)) - Started o.e.j.s.ServletContextHandler@3958e148{/logs,file:///tmp/workdir/hadoop-ozone/integration-test/target/log,AVAILABLE}
2019-07-14 06:52:36,678 INFO  handler.ContextHandler (ContextHandler.java:doStart(781)) - Started o.e.j.s.ServletContextHandler@23f9d0ce{/static,file:///tmp/workdir/hadoop-ozone/integration-test/target/test-classes/webapps/static,AVAILABLE}
2019-07-14 06:52:36,683 INFO  handler.ContextHandler (ContextHandler.java:doStart(781)) - Started o.e.j.w.WebAppContext@1d3bf0af{/,file:///tmp/workdir/hadoop-ozone/integration-test/target/test-classes/webapps/scm/,AVAILABLE}{/scm}
2019-07-14 06:52:36,683 INFO  server.AbstractConnector (AbstractConnector.java:doStart(278)) - Started ServerConnector@4af0ae2c{HTTP/1.1,[http/1.1]}{0.0.0.0:39200}
2019-07-14 06:52:36,688 INFO  server.Server (Server.java:doStart(419)) - Started @227974ms
2019-07-14 06:52:36,689 INFO  server.BaseHttpServer (BaseHttpServer.java:updateConnectorAddress(207)) - HTTP server of SCM is listening at http://0.0.0.0:39200
2019-07-14 06:52:36,690 WARN  server.ServerUtils (ServerUtils.java:getDBPath(222)) - ozone.om.db.dirs is not configured. We recommend adding this setting. Falling back to ozone.metadata.dirs instead.
2019-07-14 06:52:36,694 INFO  util.JvmPauseMonitor (JvmPauseMonitor.java:run(188)) - Starting JVM pause monitor
2019-07-14 06:52:36,712 WARN  server.ServerUtils (ServerUtils.java:getDBPath(222)) - ozone.om.db.dirs is not configured. We recommend adding this setting. Falling back to ozone.metadata.dirs instead.
2019-07-14 06:52:36,713 INFO  om.OzoneManager (OzoneManager.java:setOMNodeDetails(630)) - OM Service ID is not set. Setting it to the default ID: omServiceIdDefault
2019-07-14 06:52:36,713 INFO  om.OzoneManager (OzoneManager.java:setOMNodeDetails(636)) - OM Node ID is not set. Setting it to the OmStorage's OmID: c1d8c148-b6ab-4e1d-8179-5af7550b4825
2019-07-14 06:52:36,714 INFO  om.OzoneManager (OzoneManager.java:loadOMHAConfigs(587)) - Found matching OM address with OMServiceId: null, OMNodeId: null, RPC Address: localhost:0 and Ratis port: 9872
2019-07-14 06:52:36,726 WARN  server.ServerUtils (ServerUtils.java:getDBPath(222)) - ozone.om.db.dirs is not configured. We recommend adding this setting. Falling back to ozone.metadata.dirs instead.
2019-07-14 06:52:36,727 INFO  db.DBStoreBuilder (DBStoreBuilder.java:addTable(110)) - using custom profile for table: userTable
2019-07-14 06:52:36,727 INFO  db.DBStoreBuilder (DBStoreBuilder.java:processTables(161)) - Using default column profile:DBProfile.DISK for Table:userTable
2019-07-14 06:52:36,727 INFO  db.DBStoreBuilder (DBStoreBuilder.java:addTable(110)) - using custom profile for table: volumeTable
2019-07-14 06:52:36,727 INFO  db.DBStoreBuilder (DBStoreBuilder.java:processTables(161)) - Using default column profile:DBProfile.DISK for Table:volumeTable
2019-07-14 06:52:36,728 INFO  db.DBStoreBuilder (DBStoreBuilder.java:addTable(110)) - using custom profile for table: bucketTable
2019-07-14 06:52:36,728 INFO  db.DBStoreBuilder (DBStoreBuilder.java:processTables(161)) - Using default column profile:DBProfile.DISK for Table:bucketTable
2019-07-14 06:52:36,728 INFO  db.DBStoreBuilder (DBStoreBuilder.java:addTable(110)) - using custom profile for table: keyTable
2019-07-14 06:52:36,728 INFO  db.DBStoreBuilder (DBStoreBuilder.java:processTables(161)) - Using default column profile:DBProfile.DISK for Table:keyTable
2019-07-14 06:52:36,728 INFO  db.DBStoreBuilder (DBStoreBuilder.java:addTable(110)) - using custom profile for table: deletedTable
2019-07-14 06:52:36,729 INFO  db.DBStoreBuilder (DBStoreBuilder.java:processTables(161)) - Using default column profile:DBProfile.DISK for Table:deletedTable
2019-07-14 06:52:36,729 INFO  db.DBStoreBuilder (DBStoreBuilder.java:addTable(110)) - using custom profile for table: openKeyTable
2019-07-14 06:52:36,729 INFO  db.DBStoreBuilder (DBStoreBuilder.java:processTables(161)) - Using default column profile:DBProfile.DISK for Table:openKeyTable
2019-07-14 06:52:36,729 INFO  db.DBStoreBuilder (DBStoreBuilder.java:addTable(110)) - using custom profile for table: s3Table
2019-07-14 06:52:36,730 INFO  db.DBStoreBuilder (DBStoreBuilder.java:processTables(161)) - Using default column profile:DBProfile.DISK for Table:s3Table
2019-07-14 06:52:36,730 INFO  db.DBStoreBuilder (DBStoreBuilder.java:addTable(110)) - using custom profile for table: multipartInfoTable
2019-07-14 06:52:36,730 INFO  db.DBStoreBuilder (DBStoreBuilder.java:processTables(161)) - Using default column profile:DBProfile.DISK for Table:multipartInfoTable
2019-07-14 06:52:36,730 INFO  db.DBStoreBuilder (DBStoreBuilder.java:addTable(110)) - using custom profile for table: dTokenTable
2019-07-14 06:52:36,731 INFO  db.DBStoreBuilder (DBStoreBuilder.java:processTables(161)) - Using default column profile:DBProfile.DISK for Table:dTokenTable
2019-07-14 06:52:36,731 INFO  db.DBStoreBuilder (DBStoreBuilder.java:addTable(110)) - using custom profile for table: s3SecretTable
2019-07-14 06:52:36,731 INFO  db.DBStoreBuilder (DBStoreBuilder.java:processTables(161)) - Using default column profile:DBProfile.DISK for Table:s3SecretTable
2019-07-14 06:52:36,731 INFO  db.DBStoreBuilder (DBStoreBuilder.java:addTable(110)) - using custom profile for table: prefixTable
2019-07-14 06:52:36,732 INFO  db.DBStoreBuilder (DBStoreBuilder.java:processTables(161)) - Using default column profile:DBProfile.DISK for Table:prefixTable
2019-07-14 06:52:36,732 INFO  db.DBStoreBuilder (DBStoreBuilder.java:addTable(110)) - using custom profile for table: default
2019-07-14 06:52:36,732 INFO  db.DBStoreBuilder (DBStoreBuilder.java:processTables(167)) - Using default column profile:DBProfile.DISK for Table:default
2019-07-14 06:52:36,732 INFO  db.DBStoreBuilder (DBStoreBuilder.java:getDbProfile(198)) - Using default options. DBProfile.DISK
2019-07-14 06:52:36,849 INFO  impl.FollowerState (FollowerState.java:run(106)) - 16cd33d1-021f-4fa8-b7c7-5dab90ae5617:group-7525EACE5B64 changes to CANDIDATE, lastRpcTime:5063, electionTimeout:5057ms
2019-07-14 06:52:36,849 INFO  impl.RoleInfo (RoleInfo.java:shutdownFollowerState(121)) - 16cd33d1-021f-4fa8-b7c7-5dab90ae5617: shutdown FollowerState
2019-07-14 06:52:36,849 INFO  impl.RaftServerImpl (RaftServerImpl.java:setRole(171)) - 16cd33d1-021f-4fa8-b7c7-5dab90ae5617:group-7525EACE5B64 changes role from FOLLOWER to CANDIDATE at term 3 for changeToCandidate
2019-07-14 06:52:36,849 INFO  impl.RoleInfo (RoleInfo.java:updateAndGet(143)) - 16cd33d1-021f-4fa8-b7c7-5dab90ae5617: start LeaderElection
2019-07-14 06:52:36,865 INFO  impl.LeaderElection (LeaderElection.java:askForVotes(181)) - 16cd33d1-021f-4fa8-b7c7-5dab90ae5617:group-7525EACE5B64:LeaderElection57: begin an election at term 4 for 0: [4f9df1b2-0407-4bbd-a402-8d03a959aa46:192.168.5.144:44202, 16cd33d1-021f-4fa8-b7c7-5dab90ae5617:192.168.5.144:41982, feb42f30-01a8-4b34-87ff-e0218b26b2eb:192.168.5.144:37379], old=null
2019-07-14 06:52:36,877 INFO  impl.RaftServerImpl (RaftServerImpl.java:setRole(171)) - feb42f30-01a8-4b34-87ff-e0218b26b2eb:group-7525EACE5B64 changes role from FOLLOWER to FOLLOWER at term 4 for recognizeCandidate:16cd33d1-021f-4fa8-b7c7-5dab90ae5617
2019-07-14 06:52:36,877 INFO  impl.RaftServerImpl (RaftServerImpl.java:setRole(171)) - 4f9df1b2-0407-4bbd-a402-8d03a959aa46:group-7525EACE5B64 changes role from FOLLOWER to FOLLOWER at term 4 for recognizeCandidate:16cd33d1-021f-4fa8-b7c7-5dab90ae5617
2019-07-14 06:52:36,877 INFO  impl.RoleInfo (RoleInfo.java:shutdownFollowerState(121)) - feb42f30-01a8-4b34-87ff-e0218b26b2eb: shutdown FollowerState
2019-07-14 06:52:36,878 INFO  impl.RoleInfo (RoleInfo.java:shutdownFollowerState(121)) - 4f9df1b2-0407-4bbd-a402-8d03a959aa46: shutdown FollowerState
2019-07-14 06:52:36,878 INFO  impl.FollowerState (FollowerState.java:run(114)) - feb42f30-01a8-4b34-87ff-e0218b26b2eb: FollowerState was interrupted: java.lang.InterruptedException: sleep interrupted
2019-07-14 06:52:36,878 INFO  impl.RoleInfo (RoleInfo.java:updateAndGet(143)) - 4f9df1b2-0407-4bbd-a402-8d03a959aa46: start FollowerState
2019-07-14 06:52:36,878 INFO  impl.RoleInfo (RoleInfo.java:updateAndGet(143)) - feb42f30-01a8-4b34-87ff-e0218b26b2eb: start FollowerState
2019-07-14 06:52:36,883 INFO  impl.FollowerState (FollowerState.java:run(114)) - 4f9df1b2-0407-4bbd-a402-8d03a959aa46: FollowerState was interrupted: java.lang.InterruptedException: sleep interrupted
2019-07-14 06:52:36,897 INFO  impl.LeaderElection (LeaderElection.java:logAndReturn(56)) - 16cd33d1-021f-4fa8-b7c7-5dab90ae5617:group-7525EACE5B64:LeaderElection57: Election PASSED; received 1 response(s) [16cd33d1-021f-4fa8-b7c7-5dab90ae5617<-4f9df1b2-0407-4bbd-a402-8d03a959aa46#0:OK-t4] and 0 exception(s); 16cd33d1-021f-4fa8-b7c7-5dab90ae5617:t4, leader=null, voted=16cd33d1-021f-4fa8-b7c7-5dab90ae5617, raftlog=16cd33d1-021f-4fa8-b7c7-5dab90ae5617-SegmentedRaftLog:OPENED:c-1,f0,i0, conf=0: [4f9df1b2-0407-4bbd-a402-8d03a959aa46:192.168.5.144:44202, 16cd33d1-021f-4fa8-b7c7-5dab90ae5617:192.168.5.144:41982, feb42f30-01a8-4b34-87ff-e0218b26b2eb:192.168.5.144:37379], old=null
2019-07-14 06:52:36,897 INFO  impl.RoleInfo (RoleInfo.java:shutdownLeaderElection(134)) - 16cd33d1-021f-4fa8-b7c7-5dab90ae5617: shutdown LeaderElection
2019-07-14 06:52:36,897 INFO  impl.RaftServerImpl (RaftServerImpl.java:setRole(171)) - 16cd33d1-021f-4fa8-b7c7-5dab90ae5617:group-7525EACE5B64 changes role from CANDIDATE to LEADER at term 4 for changeToLeader
2019-07-14 06:52:36,898 INFO  impl.RaftServerImpl (ServerState.java:setLeader(263)) - 16cd33d1-021f-4fa8-b7c7-5dab90ae5617:group-7525EACE5B64 change Leader from null to 16cd33d1-021f-4fa8-b7c7-5dab90ae5617 at term 4 for becomeLeader, leader elected after 10265ms
2019-07-14 06:52:36,898 INFO  server.RaftServerConfigKeys (ConfUtils.java:logGet(43)) - raft.server.staging.catchup.gap = 1000 (default)
2019-07-14 06:52:36,898 INFO  server.RaftServerConfigKeys (ConfUtils.java:logGet(43)) - raft.server.rpc.sleep.time = 25ms (default)
2019-07-14 06:52:36,898 INFO  server.RaftServerConfigKeys (ConfUtils.java:logGet(43)) - raft.server.write.element-limit = 4096 (default)
2019-07-14 06:52:36,898 INFO  server.RaftServerConfigKeys (ConfUtils.java:logGet(43)) - raft.server.watch.timeout = 10s (default)
2019-07-14 06:52:36,898 INFO  server.RaftServerConfigKeys (ConfUtils.java:logGet(43)) - raft.server.watch.timeout.denomination = 1s (default)
2019-07-14 06:52:36,899 INFO  server.RaftServerConfigKeys (ConfUtils.java:logGet(43)) - raft.server.watch.element-limit = 65536 (default)
2019-07-14 06:52:36,899 INFO  server.RaftServerConfigKeys (ConfUtils.java:logGet(43)) - raft.server.log.appender.snapshot.chunk.size.max = 16MB (=16777216) (default)
2019-07-14 06:52:36,899 INFO  server.RaftServerConfigKeys (ConfUtils.java:logGet(43)) - raft.server.log.appender.buffer.byte-limit = 33554432 (custom)
2019-07-14 06:52:36,899 INFO  server.RaftServerConfigKeys (ConfUtils.java:logGet(43)) - raft.server.log.appender.buffer.element-limit = 1 (custom)
2019-07-14 06:52:36,899 INFO  grpc.GrpcConfigKeys$Server (ConfUtils.java:logGet(43)) - raft.grpc.server.leader.outstanding.appends.max = 128 (default)
2019-07-14 06:52:36,900 INFO  server.RaftServerConfigKeys (ConfUtils.java:logGet(43)) - raft.server.rpc.request.timeout = 3000ms (default)
2019-07-14 06:52:36,900 INFO  server.RaftServerConfigKeys (ConfUtils.java:logGet(43)) - raft.server.log.appender.install.snapshot.enabled = false (custom)
2019-07-14 06:52:36,900 INFO  server.RaftServerConfigKeys (ConfUtils.java:logGet(43)) - raft.server.log.appender.snapshot.chunk.size.max = 16MB (=16777216) (default)
2019-07-14 06:52:36,900 INFO  server.RaftServerConfigKeys (ConfUtils.java:logGet(43)) - raft.server.log.appender.buffer.byte-limit = 33554432 (custom)
2019-07-14 06:52:36,900 INFO  server.RaftServerConfigKeys (ConfUtils.java:logGet(43)) - raft.server.log.appender.buffer.element-limit = 1 (custom)
2019-07-14 06:52:36,900 INFO  grpc.GrpcConfigKeys$Server (ConfUtils.java:logGet(43)) - raft.grpc.server.leader.outstanding.appends.max = 128 (default)
2019-07-14 06:52:36,901 INFO  server.RaftServerConfigKeys (ConfUtils.java:logGet(43)) - raft.server.rpc.request.timeout = 3000ms (default)
2019-07-14 06:52:36,901 INFO  server.RaftServerConfigKeys (ConfUtils.java:logGet(43)) - raft.server.log.appender.install.snapshot.enabled = false (custom)
2019-07-14 06:52:36,901 INFO  impl.RoleInfo (RoleInfo.java:updateAndGet(143)) - 16cd33d1-021f-4fa8-b7c7-5dab90ae5617: start LeaderState
2019-07-14 06:52:36,901 INFO  segmented.SegmentedRaftLogWorker (SegmentedRaftLogWorker.java:rollLogSegment(385)) - 16cd33d1-021f-4fa8-b7c7-5dab90ae5617-SegmentedRaftLogWorker:Storage Directory /tmp/workdir/hadoop-ozone/integration-test/target/test-dir/MiniOzoneClusterImpl-60549c81-59ca-4eab-8951-3bc22d076988/datanode-0/data/ratis/2f8825da-ca4d-45da-95ac-7525eace5b64: Rolling segment log-0_0 to index:0
2019-07-14 06:52:36,904 INFO  impl.RaftServerImpl (ServerState.java:setRaftConf(361)) - 16cd33d1-021f-4fa8-b7c7-5dab90ae5617:group-7525EACE5B64 set configuration 1: [4f9df1b2-0407-4bbd-a402-8d03a959aa46:192.168.5.144:44202, 16cd33d1-021f-4fa8-b7c7-5dab90ae5617:192.168.5.144:41982, feb42f30-01a8-4b34-87ff-e0218b26b2eb:192.168.5.144:37379], old=null at 1
2019-07-14 06:52:36,905 INFO  segmented.SegmentedRaftLogWorker (SegmentedRaftLogWorker.java:execute(526)) - 16cd33d1-021f-4fa8-b7c7-5dab90ae5617-SegmentedRaftLogWorker:Storage Directory /tmp/workdir/hadoop-ozone/integration-test/target/test-dir/MiniOzoneClusterImpl-60549c81-59ca-4eab-8951-3bc22d076988/datanode-0/data/ratis/2f8825da-ca4d-45da-95ac-7525eace5b64: Rolled log segment from /tmp/workdir/hadoop-ozone/integration-test/target/test-dir/MiniOzoneClusterImpl-60549c81-59ca-4eab-8951-3bc22d076988/datanode-0/data/ratis/2f8825da-ca4d-45da-95ac-7525eace5b64/current/log_inprogress_0 to /tmp/workdir/hadoop-ozone/integration-test/target/test-dir/MiniOzoneClusterImpl-60549c81-59ca-4eab-8951-3bc22d076988/datanode-0/data/ratis/2f8825da-ca4d-45da-95ac-7525eace5b64/current/log_0-0
2019-07-14 06:52:36,905 INFO  impl.RaftServerImpl (ServerState.java:setLeader(263)) - 4f9df1b2-0407-4bbd-a402-8d03a959aa46:group-7525EACE5B64 change Leader from null to 16cd33d1-021f-4fa8-b7c7-5dab90ae5617 at term 4 for appendEntries, leader elected after 15631ms
2019-07-14 06:52:36,905 INFO  impl.RaftServerImpl (ServerState.java:setLeader(263)) - feb42f30-01a8-4b34-87ff-e0218b26b2eb:group-7525EACE5B64 change Leader from null to 16cd33d1-021f-4fa8-b7c7-5dab90ae5617 at term 4 for appendEntries, leader elected after 15631ms
2019-07-14 06:52:36,905 INFO  impl.RaftServerImpl (RaftServerImpl.java:checkInconsistentAppendEntries(999)) - 4f9df1b2-0407-4bbd-a402-8d03a959aa46: Failed appendEntries as previous log entry ((t:1, i:0)) is not found
2019-07-14 06:52:36,905 INFO  impl.RaftServerImpl (RaftServerImpl.java:checkInconsistentAppendEntries(999)) - feb42f30-01a8-4b34-87ff-e0218b26b2eb: Failed appendEntries as previous log entry ((t:1, i:0)) is not found
2019-07-14 06:52:36,906 INFO  impl.RaftServerImpl (RaftServerImpl.java:checkInconsistentAppendEntries(972)) - 4f9df1b2-0407-4bbd-a402-8d03a959aa46: inconsistency entries. Reply:16cd33d1-021f-4fa8-b7c7-5dab90ae5617<-4f9df1b2-0407-4bbd-a402-8d03a959aa46#0:FAIL,INCONSISTENCY,nextIndex:0,term:4,followerCommit:-1
2019-07-14 06:52:36,906 INFO  impl.RaftServerImpl (RaftServerImpl.java:checkInconsistentAppendEntries(972)) - feb42f30-01a8-4b34-87ff-e0218b26b2eb: inconsistency entries. Reply:16cd33d1-021f-4fa8-b7c7-5dab90ae5617<-feb42f30-01a8-4b34-87ff-e0218b26b2eb#0:FAIL,INCONSISTENCY,nextIndex:0,term:4,followerCommit:-1
2019-07-14 06:52:36,907 INFO  impl.FollowerInfo (FollowerInfo.java:lambda$new$0(50)) - 16cd33d1-021f-4fa8-b7c7-5dab90ae5617->feb42f30-01a8-4b34-87ff-e0218b26b2eb: nextIndex: updateUnconditionally 1 -> 0
2019-07-14 06:52:36,907 INFO  impl.FollowerInfo (FollowerInfo.java:lambda$new$0(50)) - 16cd33d1-021f-4fa8-b7c7-5dab90ae5617->4f9df1b2-0407-4bbd-a402-8d03a959aa46: nextIndex: updateUnconditionally 1 -> 0
2019-07-14 06:52:36,908 INFO  impl.RaftServerImpl (ServerState.java:setRaftConf(361)) - feb42f30-01a8-4b34-87ff-e0218b26b2eb:group-7525EACE5B64 set configuration 0: [4f9df1b2-0407-4bbd-a402-8d03a959aa46:192.168.5.144:44202, 16cd33d1-021f-4fa8-b7c7-5dab90ae5617:192.168.5.144:41982, feb42f30-01a8-4b34-87ff-e0218b26b2eb:192.168.5.144:37379], old=null at 0
2019-07-14 06:52:36,908 INFO  impl.RaftServerImpl (ServerState.java:setRaftConf(361)) - 4f9df1b2-0407-4bbd-a402-8d03a959aa46:group-7525EACE5B64 set configuration 0: [4f9df1b2-0407-4bbd-a402-8d03a959aa46:192.168.5.144:44202, 16cd33d1-021f-4fa8-b7c7-5dab90ae5617:192.168.5.144:41982, feb42f30-01a8-4b34-87ff-e0218b26b2eb:192.168.5.144:37379], old=null at 0
2019-07-14 06:52:36,908 INFO  segmented.SegmentedRaftLogWorker (SegmentedRaftLogWorker.java:startLogSegment(380)) - feb42f30-01a8-4b34-87ff-e0218b26b2eb-SegmentedRaftLogWorker:Storage Directory /tmp/workdir/hadoop-ozone/integration-test/target/test-dir/MiniOzoneClusterImpl-60549c81-59ca-4eab-8951-3bc22d076988/datanode-2/data/ratis/2f8825da-ca4d-45da-95ac-7525eace5b64: Starting segment from index:0
2019-07-14 06:52:36,908 INFO  segmented.SegmentedRaftLogWorker (SegmentedRaftLogWorker.java:startLogSegment(380)) - 4f9df1b2-0407-4bbd-a402-8d03a959aa46-SegmentedRaftLogWorker:Storage Directory /tmp/workdir/hadoop-ozone/integration-test/target/test-dir/MiniOzoneClusterImpl-60549c81-59ca-4eab-8951-3bc22d076988/datanode-1/data/ratis/2f8825da-ca4d-45da-95ac-7525eace5b64: Starting segment from index:0
2019-07-14 06:52:36,909 INFO  impl.RaftServerImpl (ServerState.java:setRaftConf(361)) - feb42f30-01a8-4b34-87ff-e0218b26b2eb:group-7525EACE5B64 set configuration 1: [4f9df1b2-0407-4bbd-a402-8d03a959aa46:192.168.5.144:44202, 16cd33d1-021f-4fa8-b7c7-5dab90ae5617:192.168.5.144:41982, feb42f30-01a8-4b34-87ff-e0218b26b2eb:192.168.5.144:37379], old=null at 1
2019-07-14 06:52:36,909 INFO  impl.RaftServerImpl (ServerState.java:setRaftConf(361)) - 4f9df1b2-0407-4bbd-a402-8d03a959aa46:group-7525EACE5B64 set configuration 1: [4f9df1b2-0407-4bbd-a402-8d03a959aa46:192.168.5.144:44202, 16cd33d1-021f-4fa8-b7c7-5dab90ae5617:192.168.5.144:41982, feb42f30-01a8-4b34-87ff-e0218b26b2eb:192.168.5.144:37379], old=null at 1
2019-07-14 06:52:36,909 INFO  segmented.SegmentedRaftLogWorker (SegmentedRaftLogWorker.java:rollLogSegment(385)) - feb42f30-01a8-4b34-87ff-e0218b26b2eb-SegmentedRaftLogWorker:Storage Directory /tmp/workdir/hadoop-ozone/integration-test/target/test-dir/MiniOzoneClusterImpl-60549c81-59ca-4eab-8951-3bc22d076988/datanode-2/data/ratis/2f8825da-ca4d-45da-95ac-7525eace5b64: Rolling segment log-0_0 to index:0
2019-07-14 06:52:36,909 INFO  segmented.SegmentedRaftLogWorker (SegmentedRaftLogWorker.java:rollLogSegment(385)) - 4f9df1b2-0407-4bbd-a402-8d03a959aa46-SegmentedRaftLogWorker:Storage Directory /tmp/workdir/hadoop-ozone/integration-test/target/test-dir/MiniOzoneClusterImpl-60549c81-59ca-4eab-8951-3bc22d076988/datanode-1/data/ratis/2f8825da-ca4d-45da-95ac-7525eace5b64: Rolling segment log-0_0 to index:0
2019-07-14 06:52:36,932 INFO  segmented.SegmentedRaftLogWorker (SegmentedRaftLogWorker.java:execute(569)) - feb42f30-01a8-4b34-87ff-e0218b26b2eb-SegmentedRaftLogWorker:Storage Directory /tmp/workdir/hadoop-ozone/integration-test/target/test-dir/MiniOzoneClusterImpl-60549c81-59ca-4eab-8951-3bc22d076988/datanode-2/data/ratis/2f8825da-ca4d-45da-95ac-7525eace5b64: created new log segment /tmp/workdir/hadoop-ozone/integration-test/target/test-dir/MiniOzoneClusterImpl-60549c81-59ca-4eab-8951-3bc22d076988/datanode-2/data/ratis/2f8825da-ca4d-45da-95ac-7525eace5b64/current/log_inprogress_0
2019-07-14 06:52:36,932 INFO  segmented.SegmentedRaftLogWorker (SegmentedRaftLogWorker.java:execute(569)) - 16cd33d1-021f-4fa8-b7c7-5dab90ae5617-SegmentedRaftLogWorker:Storage Directory /tmp/workdir/hadoop-ozone/integration-test/target/test-dir/MiniOzoneClusterImpl-60549c81-59ca-4eab-8951-3bc22d076988/datanode-0/data/ratis/2f8825da-ca4d-45da-95ac-7525eace5b64: created new log segment /tmp/workdir/hadoop-ozone/integration-test/target/test-dir/MiniOzoneClusterImpl-60549c81-59ca-4eab-8951-3bc22d076988/datanode-0/data/ratis/2f8825da-ca4d-45da-95ac-7525eace5b64/current/log_inprogress_1
2019-07-14 06:52:36,932 INFO  segmented.SegmentedRaftLogWorker (SegmentedRaftLogWorker.java:execute(569)) - 4f9df1b2-0407-4bbd-a402-8d03a959aa46-SegmentedRaftLogWorker:Storage Directory /tmp/workdir/hadoop-ozone/integration-test/target/test-dir/MiniOzoneClusterImpl-60549c81-59ca-4eab-8951-3bc22d076988/datanode-1/data/ratis/2f8825da-ca4d-45da-95ac-7525eace5b64: created new log segment /tmp/workdir/hadoop-ozone/integration-test/target/test-dir/MiniOzoneClusterImpl-60549c81-59ca-4eab-8951-3bc22d076988/datanode-1/data/ratis/2f8825da-ca4d-45da-95ac-7525eace5b64/current/log_inprogress_0
2019-07-14 06:52:36,936 INFO  segmented.SegmentedRaftLogWorker (SegmentedRaftLogWorker.java:execute(526)) - 4f9df1b2-0407-4bbd-a402-8d03a959aa46-SegmentedRaftLogWorker:Storage Directory /tmp/workdir/hadoop-ozone/integration-test/target/test-dir/MiniOzoneClusterImpl-60549c81-59ca-4eab-8951-3bc22d076988/datanode-1/data/ratis/2f8825da-ca4d-45da-95ac-7525eace5b64: Rolled log segment from /tmp/workdir/hadoop-ozone/integration-test/target/test-dir/MiniOzoneClusterImpl-60549c81-59ca-4eab-8951-3bc22d076988/datanode-1/data/ratis/2f8825da-ca4d-45da-95ac-7525eace5b64/current/log_inprogress_0 to /tmp/workdir/hadoop-ozone/integration-test/target/test-dir/MiniOzoneClusterImpl-60549c81-59ca-4eab-8951-3bc22d076988/datanode-1/data/ratis/2f8825da-ca4d-45da-95ac-7525eace5b64/current/log_0-0
2019-07-14 06:52:36,936 INFO  segmented.SegmentedRaftLogWorker (SegmentedRaftLogWorker.java:execute(526)) - feb42f30-01a8-4b34-87ff-e0218b26b2eb-SegmentedRaftLogWorker:Storage Directory /tmp/workdir/hadoop-ozone/integration-test/target/test-dir/MiniOzoneClusterImpl-60549c81-59ca-4eab-8951-3bc22d076988/datanode-2/data/ratis/2f8825da-ca4d-45da-95ac-7525eace5b64: Rolled log segment from /tmp/workdir/hadoop-ozone/integration-test/target/test-dir/MiniOzoneClusterImpl-60549c81-59ca-4eab-8951-3bc22d076988/datanode-2/data/ratis/2f8825da-ca4d-45da-95ac-7525eace5b64/current/log_inprogress_0 to /tmp/workdir/hadoop-ozone/integration-test/target/test-dir/MiniOzoneClusterImpl-60549c81-59ca-4eab-8951-3bc22d076988/datanode-2/data/ratis/2f8825da-ca4d-45da-95ac-7525eace5b64/current/log_0-0
2019-07-14 06:52:36,964 INFO  segmented.SegmentedRaftLogWorker (SegmentedRaftLogWorker.java:execute(569)) - 4f9df1b2-0407-4bbd-a402-8d03a959aa46-SegmentedRaftLogWorker:Storage Directory /tmp/workdir/hadoop-ozone/integration-test/target/test-dir/MiniOzoneClusterImpl-60549c81-59ca-4eab-8951-3bc22d076988/datanode-1/data/ratis/2f8825da-ca4d-45da-95ac-7525eace5b64: created new log segment /tmp/workdir/hadoop-ozone/integration-test/target/test-dir/MiniOzoneClusterImpl-60549c81-59ca-4eab-8951-3bc22d076988/datanode-1/data/ratis/2f8825da-ca4d-45da-95ac-7525eace5b64/current/log_inprogress_1
2019-07-14 06:52:36,964 INFO  segmented.SegmentedRaftLogWorker (SegmentedRaftLogWorker.java:execute(569)) - feb42f30-01a8-4b34-87ff-e0218b26b2eb-SegmentedRaftLogWorker:Storage Directory /tmp/workdir/hadoop-ozone/integration-test/target/test-dir/MiniOzoneClusterImpl-60549c81-59ca-4eab-8951-3bc22d076988/datanode-2/data/ratis/2f8825da-ca4d-45da-95ac-7525eace5b64: created new log segment /tmp/workdir/hadoop-ozone/integration-test/target/test-dir/MiniOzoneClusterImpl-60549c81-59ca-4eab-8951-3bc22d076988/datanode-2/data/ratis/2f8825da-ca4d-45da-95ac-7525eace5b64/current/log_inprogress_1
2019-07-14 06:52:37,085 INFO  ipc.CallQueueManager (CallQueueManager.java:<init>(84)) - Using callQueue: class java.util.concurrent.LinkedBlockingQueue, queueCapacity: 2000, scheduler: class org.apache.hadoop.ipc.DefaultRpcScheduler, ipcBackoff: false.
2019-07-14 06:52:37,086 INFO  ipc.Server (Server.java:run(1074)) - Starting Socket Reader #1 for port 40466
2019-07-14 06:52:37,138 WARN  server.ServerUtils (ServerUtils.java:getDBPath(222)) - ozone.om.db.dirs is not configured. We recommend adding this setting. Falling back to ozone.metadata.dirs instead.
2019-07-14 06:52:37,139 INFO  om.OzoneManager (OzoneManager.java:start(1228)) - OzoneManager RPC server is listening at localhost/127.0.0.1:40466
2019-07-14 06:52:37,139 INFO  impl.MetricsSystemImpl (MetricsSystemImpl.java:init(158)) - OzoneManager metrics system started (again)
2019-07-14 06:52:37,140 INFO  ipc.Server (Server.java:run(1314)) - IPC Server Responder: starting
2019-07-14 06:52:37,140 INFO  ipc.Server (Server.java:run(1153)) - IPC Server listener on 40466: starting
2019-07-14 06:52:37,181 INFO  hdfs.DFSUtil (DFSUtil.java:httpServerTemplateForNNAndJN(1641)) - Starting Web-server for ozoneManager at: http://0.0.0.0:0
2019-07-14 06:52:37,182 INFO  server.AuthenticationFilter (AuthenticationFilter.java:constructSecretProvider(240)) - Unable to initialize FileSignerSecretProvider, falling back to use random secrets.
2019-07-14 06:52:37,183 WARN  http.HttpRequestLog (HttpRequestLog.java:getRequestLog(97)) - Jetty request log can only be enabled using Log4j
2019-07-14 06:52:37,184 INFO  http.HttpServer2 (HttpServer2.java:addGlobalFilter(975)) - Added global filter 'safety' (class=org.apache.hadoop.http.HttpServer2$QuotingInputFilter)
2019-07-14 06:52:37,185 INFO  http.HttpServer2 (HttpServer2.java:addFilter(948)) - Added filter static_user_filter (class=org.apache.hadoop.http.lib.StaticUserWebFilter$StaticUserFilter) to context ozoneManager
2019-07-14 06:52:37,185 INFO  http.HttpServer2 (HttpServer2.java:addFilter(958)) - Added filter static_user_filter (class=org.apache.hadoop.http.lib.StaticUserWebFilter$StaticUserFilter) to context logs
2019-07-14 06:52:37,185 INFO  http.HttpServer2 (HttpServer2.java:addFilter(958)) - Added filter static_user_filter (class=org.apache.hadoop.http.lib.StaticUserWebFilter$StaticUserFilter) to context static
2019-07-14 06:52:37,185 INFO  http.HttpServer2 (HttpServer2.java:bindListener(1191)) - Jetty bound to port 39774
2019-07-14 06:52:37,186 INFO  server.Server (Server.java:doStart(351)) - jetty-9.3.24.v20180605, build timestamp: 2018-06-05T17:11:56Z, git hash: 84205aa28f11a4f31f2a3b86d1bba2cc8ab69827
2019-07-14 06:52:37,187 INFO  handler.ContextHandler (ContextHandler.java:doStart(781)) - Started o.e.j.s.ServletContextHandler@5562f297{/logs,file:///tmp/workdir/hadoop-ozone/integration-test/target/log,AVAILABLE}
2019-07-14 06:52:37,187 INFO  handler.ContextHandler (ContextHandler.java:doStart(781)) - Started o.e.j.s.ServletContextHandler@2f143ea{/static,file:///tmp/workdir/hadoop-ozone/integration-test/target/test-classes/webapps/static,AVAILABLE}
2019-07-14 06:52:37,191 INFO  handler.ContextHandler (ContextHandler.java:doStart(781)) - Started o.e.j.w.WebAppContext@76a1cc1a{/,file:///tmp/workdir/hadoop-ozone/integration-test/target/test-classes/webapps/ozoneManager/,AVAILABLE}{/ozoneManager}
2019-07-14 06:52:37,191 INFO  server.AbstractConnector (AbstractConnector.java:doStart(278)) - Started ServerConnector@597a5ead{HTTP/1.1,[http/1.1]}{0.0.0.0:39774}
2019-07-14 06:52:37,195 INFO  server.Server (Server.java:doStart(419)) - Started @228481ms
2019-07-14 06:52:37,196 INFO  server.BaseHttpServer (BaseHttpServer.java:updateConnectorAddress(207)) - HTTP server of OZONEMANAGER is listening at http://0.0.0.0:39774
2019-07-14 06:52:37,205 INFO  impl.MetricsSystemImpl (MetricsSystemImpl.java:init(158)) - HddsDatanode metrics system started (again)
2019-07-14 06:52:37,205 INFO  ozone.HddsDatanodeService (HddsDatanodeService.java:start(185)) - HddsDatanodeService host:trunk-nightly-8c95p-1540871953 ip:192.168.5.144
2019-07-14 06:52:37,222 INFO  volume.HddsVolume (HddsVolume.java:<init>(176)) - Creating Volume: /tmp/workdir/hadoop-ozone/integration-test/target/test-dir/MiniOzoneClusterImpl-05cecf30-6147-484e-ad5f-a3600576eef7/datanode-0/data/containers/hdds of  storage type : DISK and capacity : 52710309888
2019-07-14 06:52:37,222 INFO  volume.VolumeSet (VolumeSet.java:initializeVolumeSet(170)) - Added Volume : /tmp/workdir/hadoop-ozone/integration-test/target/test-dir/MiniOzoneClusterImpl-05cecf30-6147-484e-ad5f-a3600576eef7/datanode-0/data/containers/hdds to VolumeSet
2019-07-14 06:52:37,223 INFO  volume.ThrottledAsyncChecker (ThrottledAsyncChecker.java:schedule(140)) - Scheduling a check for org.apache.hadoop.ozone.container.common.volume.HddsVolume@54972f9a
2019-07-14 06:52:37,223 INFO  volume.HddsVolumeChecker (HddsVolumeChecker.java:checkAllVolumes(203)) - Scheduled health check for volume org.apache.hadoop.ozone.container.common.volume.HddsVolume@54972f9a
2019-07-14 06:52:37,257 INFO  impl.RaftServerProxy (ConfUtils.java:logGet(43)) - raft.rpc.type = GRPC (default)
2019-07-14 06:52:37,257 INFO  grpc.GrpcFactory (GrpcFactory.java:checkPooledByteBufAllocatorUseCacheForAllThreads(45)) - PERFORMANCE WARNING: useCacheForAllThreads is true that may cause Netty to create a lot garbage objects and, as a result, trigger GC.
	It is recommended to disable useCacheForAllThreads by setting -Dorg.apache.ratis.thirdparty.io.netty.allocator.useCacheForAllThreads=false in command line.
2019-07-14 06:52:37,258 INFO  grpc.GrpcConfigKeys$Server (ConfUtils.java:logGet(43)) - raft.grpc.server.port = 0 (default)
2019-07-14 06:52:37,258 INFO  server.GrpcService (ConfUtils.java:logGet(43)) - raft.grpc.message.size.max = 33570816 (custom)
2019-07-14 06:52:37,258 INFO  server.RaftServerConfigKeys (ConfUtils.java:logGet(43)) - raft.server.log.appender.buffer.byte-limit = 33554432 (custom)
2019-07-14 06:52:37,258 INFO  server.GrpcService (ConfUtils.java:logGet(43)) - raft.grpc.flow.control.window = 1MB (=1048576) (default)
2019-07-14 06:52:37,258 INFO  server.RaftServerConfigKeys (ConfUtils.java:logGet(43)) - raft.server.rpc.request.timeout = 3000ms (default)
2019-07-14 06:52:37,259 INFO  server.RaftServerConfigKeys (ConfUtils.java:logGet(43)) - raft.server.storage.dir = [/tmp/workdir/hadoop-ozone/integration-test/target/test-dir/MiniOzoneClusterImpl-05cecf30-6147-484e-ad5f-a3600576eef7/datanode-0/data/ratis] (custom)
2019-07-14 06:52:37,259 INFO  replication.SimpleContainerDownloader (SimpleContainerDownloader.java:<init>(72)) - Starting container downloader service to copy containers to replicate.
2019-07-14 06:52:37,260 INFO  hdfs.DFSUtil (DFSUtil.java:httpServerTemplateForNNAndJN(1641)) - Starting Web-server for hddsDatanode at: http://0.0.0.0:0
2019-07-14 06:52:37,261 INFO  server.AuthenticationFilter (AuthenticationFilter.java:constructSecretProvider(240)) - Unable to initialize FileSignerSecretProvider, falling back to use random secrets.
2019-07-14 06:52:37,262 WARN  http.HttpRequestLog (HttpRequestLog.java:getRequestLog(97)) - Jetty request log can only be enabled using Log4j
2019-07-14 06:52:37,263 INFO  http.HttpServer2 (HttpServer2.java:addGlobalFilter(975)) - Added global filter 'safety' (class=org.apache.hadoop.http.HttpServer2$QuotingInputFilter)
2019-07-14 06:52:37,263 INFO  http.HttpServer2 (HttpServer2.java:addFilter(948)) - Added filter static_user_filter (class=org.apache.hadoop.http.lib.StaticUserWebFilter$StaticUserFilter) to context hddsDatanode
2019-07-14 06:52:37,263 INFO  http.HttpServer2 (HttpServer2.java:addFilter(958)) - Added filter static_user_filter (class=org.apache.hadoop.http.lib.StaticUserWebFilter$StaticUserFilter) to context logs
2019-07-14 06:52:37,264 INFO  http.HttpServer2 (HttpServer2.java:addFilter(958)) - Added filter static_user_filter (class=org.apache.hadoop.http.lib.StaticUserWebFilter$StaticUserFilter) to context static
2019-07-14 06:52:37,264 INFO  http.HttpServer2 (HttpServer2.java:bindListener(1191)) - Jetty bound to port 35714
2019-07-14 06:52:37,264 INFO  server.Server (Server.java:doStart(351)) - jetty-9.3.24.v20180605, build timestamp: 2018-06-05T17:11:56Z, git hash: 84205aa28f11a4f31f2a3b86d1bba2cc8ab69827
2019-07-14 06:52:37,266 INFO  handler.ContextHandler (ContextHandler.java:doStart(781)) - Started o.e.j.s.ServletContextHandler@b2db8bc{/logs,file:///tmp/workdir/hadoop-ozone/integration-test/target/log,AVAILABLE}
2019-07-14 06:52:37,266 INFO  handler.ContextHandler (ContextHandler.java:doStart(781)) - Started o.e.j.s.ServletContextHandler@6287e312{/static,jar:file:/home/user/.m2/repository/org/apache/hadoop/hadoop-hdds-container-service/0.5.0-SNAPSHOT/hadoop-hdds-container-service-0.5.0-SNAPSHOT.jar!/webapps/static,AVAILABLE}
2019-07-14 06:52:37,293 INFO  impl.FollowerState (FollowerState.java:run(106)) - da343c1c-8367-46f5-a9ef-bb79fda7b344:group-8D33B243C8F8 changes to CANDIDATE, lastRpcTime:7649, electionTimeout:5111ms
2019-07-14 06:52:37,293 INFO  impl.RoleInfo (RoleInfo.java:shutdownFollowerState(121)) - da343c1c-8367-46f5-a9ef-bb79fda7b344: shutdown FollowerState
2019-07-14 06:52:37,293 INFO  impl.RaftServerImpl (RaftServerImpl.java:setRole(171)) - da343c1c-8367-46f5-a9ef-bb79fda7b344:group-8D33B243C8F8 changes role from FOLLOWER to CANDIDATE at term 1 for changeToCandidate
2019-07-14 06:52:37,294 INFO  impl.RoleInfo (RoleInfo.java:updateAndGet(143)) - da343c1c-8367-46f5-a9ef-bb79fda7b344: start LeaderElection
2019-07-14 06:52:37,294 INFO  impl.RaftServerImpl (ServerState.java:setLeader(263)) - da343c1c-8367-46f5-a9ef-bb79fda7b344:group-8D33B243C8F8 change Leader from ff1ab4d3-cbe6-48f1-9b56-d6e99bbeb9d5 to null at term 1 for initElection
2019-07-14 06:52:37,301 INFO  handler.ContextHandler (ContextHandler.java:doStart(781)) - Started o.e.j.w.WebAppContext@5e9a9683{/,file:///tmp/jetty-0.0.0.0-35714-hddsDatanode-_-any-5618417730214357641.dir/webapp/,AVAILABLE}{/hddsDatanode}
2019-07-14 06:52:37,302 INFO  server.AbstractConnector (AbstractConnector.java:doStart(278)) - Started ServerConnector@7040d71{HTTP/1.1,[http/1.1]}{0.0.0.0:35714}
2019-07-14 06:52:37,309 INFO  impl.LeaderElection (LeaderElection.java:askForVotes(181)) - da343c1c-8367-46f5-a9ef-bb79fda7b344:group-8D33B243C8F8:LeaderElection58: begin an election at term 2 for 0: [da343c1c-8367-46f5-a9ef-bb79fda7b344:192.168.5.144:32905, a4c24659-6a6f-404d-a8b7-ecfa7e5f7d9a:192.168.5.144:37316, ff1ab4d3-cbe6-48f1-9b56-d6e99bbeb9d5:192.168.5.144:39240], old=null
2019-07-14 06:52:37,309 INFO  server.Server (Server.java:doStart(419)) - Started @228595ms
2019-07-14 06:52:37,310 INFO  server.BaseHttpServer (BaseHttpServer.java:updateConnectorAddress(207)) - HTTP server of HDDSDATANODE is listening at http://0.0.0.0:35714
2019-07-14 06:52:37,312 INFO  impl.LeaderElection (LogUtils.java:infoOrTrace(149)) - da343c1c-8367-46f5-a9ef-bb79fda7b344:group-8D33B243C8F8:LeaderElection58 got exception when requesting votes: {}
java.util.concurrent.ExecutionException: org.apache.ratis.thirdparty.io.grpc.StatusRuntimeException: UNAVAILABLE: io exception
	at java.util.concurrent.FutureTask.report(FutureTask.java:122)
	at java.util.concurrent.FutureTask.get(FutureTask.java:192)
	at org.apache.ratis.server.impl.LeaderElection.waitForResults(LeaderElection.java:262)
	at org.apache.ratis.server.impl.LeaderElection.askForVotes(LeaderElection.java:200)
	at org.apache.ratis.server.impl.LeaderElection.run(LeaderElection.java:130)
	at java.lang.Thread.run(Thread.java:748)
Caused by: org.apache.ratis.thirdparty.io.grpc.StatusRuntimeException: UNAVAILABLE: io exception
	at org.apache.ratis.thirdparty.io.grpc.stub.ClientCalls.toStatusRuntimeException(ClientCalls.java:233)
	at org.apache.ratis.thirdparty.io.grpc.stub.ClientCalls.getUnchecked(ClientCalls.java:214)
	at org.apache.ratis.thirdparty.io.grpc.stub.ClientCalls.blockingUnaryCall(ClientCalls.java:139)
	at org.apache.ratis.proto.grpc.RaftServerProtocolServiceGrpc$RaftServerProtocolServiceBlockingStub.requestVote(RaftServerProtocolServiceGrpc.java:265)
	at org.apache.ratis.grpc.server.GrpcServerProtocolClient.requestVote(GrpcServerProtocolClient.java:83)
	at org.apache.ratis.grpc.server.GrpcService.requestVote(GrpcService.java:195)
	at org.apache.ratis.server.impl.LeaderElection.lambda$submitRequests$1(LeaderElection.java:237)
	at java.util.concurrent.FutureTask.run(FutureTask.java:266)
	at java.util.concurrent.Executors$RunnableAdapter.call(Executors.java:511)
	at java.util.concurrent.FutureTask.run(FutureTask.java:266)
	at java.util.concurrent.ThreadPoolExecutor.runWorker(ThreadPoolExecutor.java:1149)
	at java.util.concurrent.ThreadPoolExecutor$Worker.run(ThreadPoolExecutor.java:624)
	... 1 more
Caused by: org.apache.ratis.thirdparty.io.netty.channel.AbstractChannel$AnnotatedConnectException: Connection refused: /192.168.5.144:37316
	at sun.nio.ch.SocketChannelImpl.checkConnect(Native Method)
	at sun.nio.ch.SocketChannelImpl.finishConnect(SocketChannelImpl.java:717)
	at org.apache.ratis.thirdparty.io.netty.channel.socket.nio.NioSocketChannel.doFinishConnect(NioSocketChannel.java:327)
	at org.apache.ratis.thirdparty.io.netty.channel.nio.AbstractNioChannel$AbstractNioUnsafe.finishConnect(AbstractNioChannel.java:340)
	at org.apache.ratis.thirdparty.io.netty.channel.nio.NioEventLoop.processSelectedKey(NioEventLoop.java:632)
	at org.apache.ratis.thirdparty.io.netty.channel.nio.NioEventLoop.processSelectedKeysOptimized(NioEventLoop.java:579)
	at org.apache.ratis.thirdparty.io.netty.channel.nio.NioEventLoop.processSelectedKeys(NioEventLoop.java:496)
	at org.apache.ratis.thirdparty.io.netty.channel.nio.NioEventLoop.run(NioEventLoop.java:458)
	at org.apache.ratis.thirdparty.io.netty.util.concurrent.SingleThreadEventExecutor$5.run(SingleThreadEventExecutor.java:897)
	at org.apache.ratis.thirdparty.io.netty.util.concurrent.FastThreadLocalRunnable.run(FastThreadLocalRunnable.java:30)
	... 1 more
Caused by: java.net.ConnectException: Connection refused
	... 11 more
2019-07-14 06:52:37,318 INFO  impl.LeaderElection (LogUtils.java:infoOrTrace(149)) - da343c1c-8367-46f5-a9ef-bb79fda7b344:group-8D33B243C8F8:LeaderElection58 got exception when requesting votes: {}
java.util.concurrent.ExecutionException: org.apache.ratis.thirdparty.io.grpc.StatusRuntimeException: UNAVAILABLE: io exception
	at java.util.concurrent.FutureTask.report(FutureTask.java:122)
	at java.util.concurrent.FutureTask.get(FutureTask.java:192)
	at org.apache.ratis.server.impl.LeaderElection.waitForResults(LeaderElection.java:262)
	at org.apache.ratis.server.impl.LeaderElection.askForVotes(LeaderElection.java:200)
	at org.apache.ratis.server.impl.LeaderElection.run(LeaderElection.java:130)
	at java.lang.Thread.run(Thread.java:748)
Caused by: org.apache.ratis.thirdparty.io.grpc.StatusRuntimeException: UNAVAILABLE: io exception
	at org.apache.ratis.thirdparty.io.grpc.stub.ClientCalls.toStatusRuntimeException(ClientCalls.java:233)
	at org.apache.ratis.thirdparty.io.grpc.stub.ClientCalls.getUnchecked(ClientCalls.java:214)
	at org.apache.ratis.thirdparty.io.grpc.stub.ClientCalls.blockingUnaryCall(ClientCalls.java:139)
	at org.apache.ratis.proto.grpc.RaftServerProtocolServiceGrpc$RaftServerProtocolServiceBlockingStub.requestVote(RaftServerProtocolServiceGrpc.java:265)
	at org.apache.ratis.grpc.server.GrpcServerProtocolClient.requestVote(GrpcServerProtocolClient.java:83)
	at org.apache.ratis.grpc.server.GrpcService.requestVote(GrpcService.java:195)
	at org.apache.ratis.server.impl.LeaderElection.lambda$submitRequests$1(LeaderElection.java:237)
	at java.util.concurrent.FutureTask.run(FutureTask.java:266)
	at java.util.concurrent.Executors$RunnableAdapter.call(Executors.java:511)
	at java.util.concurrent.FutureTask.run(FutureTask.java:266)
	at java.util.concurrent.ThreadPoolExecutor.runWorker(ThreadPoolExecutor.java:1149)
	at java.util.concurrent.ThreadPoolExecutor$Worker.run(ThreadPoolExecutor.java:624)
	... 1 more
Caused by: org.apache.ratis.thirdparty.io.netty.channel.AbstractChannel$AnnotatedConnectException: Connection refused: /192.168.5.144:39240
	at sun.nio.ch.SocketChannelImpl.checkConnect(Native Method)
	at sun.nio.ch.SocketChannelImpl.finishConnect(SocketChannelImpl.java:717)
	at org.apache.ratis.thirdparty.io.netty.channel.socket.nio.NioSocketChannel.doFinishConnect(NioSocketChannel.java:327)
	at org.apache.ratis.thirdparty.io.netty.channel.nio.AbstractNioChannel$AbstractNioUnsafe.finishConnect(AbstractNioChannel.java:340)
	at org.apache.ratis.thirdparty.io.netty.channel.nio.NioEventLoop.processSelectedKey(NioEventLoop.java:632)
	at org.apache.ratis.thirdparty.io.netty.channel.nio.NioEventLoop.processSelectedKeysOptimized(NioEventLoop.java:579)
	at org.apache.ratis.thirdparty.io.netty.channel.nio.NioEventLoop.processSelectedKeys(NioEventLoop.java:496)
	at org.apache.ratis.thirdparty.io.netty.channel.nio.NioEventLoop.run(NioEventLoop.java:458)
	at org.apache.ratis.thirdparty.io.netty.util.concurrent.SingleThreadEventExecutor$5.run(SingleThreadEventExecutor.java:897)
	at org.apache.ratis.thirdparty.io.netty.util.concurrent.FastThreadLocalRunnable.run(FastThreadLocalRunnable.java:30)
	... 1 more
Caused by: java.net.ConnectException: Connection refused
	... 11 more
2019-07-14 06:52:37,323 INFO  impl.LeaderElection (LeaderElection.java:logAndReturn(56)) - da343c1c-8367-46f5-a9ef-bb79fda7b344:group-8D33B243C8F8:LeaderElection58: Election REJECTED; received 0 response(s) [] and 2 exception(s); da343c1c-8367-46f5-a9ef-bb79fda7b344:t2, leader=null, voted=da343c1c-8367-46f5-a9ef-bb79fda7b344, raftlog=da343c1c-8367-46f5-a9ef-bb79fda7b344-SegmentedRaftLog:OPENED:c0,f0,i0, conf=0: [da343c1c-8367-46f5-a9ef-bb79fda7b344:192.168.5.144:32905, a4c24659-6a6f-404d-a8b7-ecfa7e5f7d9a:192.168.5.144:37316, ff1ab4d3-cbe6-48f1-9b56-d6e99bbeb9d5:192.168.5.144:39240], old=null
2019-07-14 06:52:37,323 INFO  impl.LeaderElection (LogUtils.java:infoOrTrace(149)) -   Exception 0: {}
java.util.concurrent.ExecutionException: org.apache.ratis.thirdparty.io.grpc.StatusRuntimeException: UNAVAILABLE: io exception
	at java.util.concurrent.FutureTask.report(FutureTask.java:122)
	at java.util.concurrent.FutureTask.get(FutureTask.java:192)
	at org.apache.ratis.server.impl.LeaderElection.waitForResults(LeaderElection.java:262)
	at org.apache.ratis.server.impl.LeaderElection.askForVotes(LeaderElection.java:200)
	at org.apache.ratis.server.impl.LeaderElection.run(LeaderElection.java:130)
	at java.lang.Thread.run(Thread.java:748)
Caused by: org.apache.ratis.thirdparty.io.grpc.StatusRuntimeException: UNAVAILABLE: io exception
	at org.apache.ratis.thirdparty.io.grpc.stub.ClientCalls.toStatusRuntimeException(ClientCalls.java:233)
	at org.apache.ratis.thirdparty.io.grpc.stub.ClientCalls.getUnchecked(ClientCalls.java:214)
	at org.apache.ratis.thirdparty.io.grpc.stub.ClientCalls.blockingUnaryCall(ClientCalls.java:139)
	at org.apache.ratis.proto.grpc.RaftServerProtocolServiceGrpc$RaftServerProtocolServiceBlockingStub.requestVote(RaftServerProtocolServiceGrpc.java:265)
	at org.apache.ratis.grpc.server.GrpcServerProtocolClient.requestVote(GrpcServerProtocolClient.java:83)
	at org.apache.ratis.grpc.server.GrpcService.requestVote(GrpcService.java:195)
	at org.apache.ratis.server.impl.LeaderElection.lambda$submitRequests$1(LeaderElection.java:237)
	at java.util.concurrent.FutureTask.run(FutureTask.java:266)
	at java.util.concurrent.Executors$RunnableAdapter.call(Executors.java:511)
	at java.util.concurrent.FutureTask.run(FutureTask.java:266)
	at java.util.concurrent.ThreadPoolExecutor.runWorker(ThreadPoolExecutor.java:1149)
	at java.util.concurrent.ThreadPoolExecutor$Worker.run(ThreadPoolExecutor.java:624)
	... 1 more
Caused by: org.apache.ratis.thirdparty.io.netty.channel.AbstractChannel$AnnotatedConnectException: Connection refused: /192.168.5.144:37316
	at sun.nio.ch.SocketChannelImpl.checkConnect(Native Method)
	at sun.nio.ch.SocketChannelImpl.finishConnect(SocketChannelImpl.java:717)
	at org.apache.ratis.thirdparty.io.netty.channel.socket.nio.NioSocketChannel.doFinishConnect(NioSocketChannel.java:327)
	at org.apache.ratis.thirdparty.io.netty.channel.nio.AbstractNioChannel$AbstractNioUnsafe.finishConnect(AbstractNioChannel.java:340)
	at org.apache.ratis.thirdparty.io.netty.channel.nio.NioEventLoop.processSelectedKey(NioEventLoop.java:632)
	at org.apache.ratis.thirdparty.io.netty.channel.nio.NioEventLoop.processSelectedKeysOptimized(NioEventLoop.java:579)
	at org.apache.ratis.thirdparty.io.netty.channel.nio.NioEventLoop.processSelectedKeys(NioEventLoop.java:496)
	at org.apache.ratis.thirdparty.io.netty.channel.nio.NioEventLoop.run(NioEventLoop.java:458)
	at org.apache.ratis.thirdparty.io.netty.util.concurrent.SingleThreadEventExecutor$5.run(SingleThreadEventExecutor.java:897)
	at org.apache.ratis.thirdparty.io.netty.util.concurrent.FastThreadLocalRunnable.run(FastThreadLocalRunnable.java:30)
	... 1 more
Caused by: java.net.ConnectException: Connection refused
	... 11 more
2019-07-14 06:52:37,323 INFO  impl.LeaderElection (LogUtils.java:infoOrTrace(149)) -   Exception 1: {}
java.util.concurrent.ExecutionException: org.apache.ratis.thirdparty.io.grpc.StatusRuntimeException: UNAVAILABLE: io exception
	at java.util.concurrent.FutureTask.report(FutureTask.java:122)
	at java.util.concurrent.FutureTask.get(FutureTask.java:192)
	at org.apache.ratis.server.impl.LeaderElection.waitForResults(LeaderElection.java:262)
	at org.apache.ratis.server.impl.LeaderElection.askForVotes(LeaderElection.java:200)
	at org.apache.ratis.server.impl.LeaderElection.run(LeaderElection.java:130)
	at java.lang.Thread.run(Thread.java:748)
Caused by: org.apache.ratis.thirdparty.io.grpc.StatusRuntimeException: UNAVAILABLE: io exception
	at org.apache.ratis.thirdparty.io.grpc.stub.ClientCalls.toStatusRuntimeException(ClientCalls.java:233)
	at org.apache.ratis.thirdparty.io.grpc.stub.ClientCalls.getUnchecked(ClientCalls.java:214)
	at org.apache.ratis.thirdparty.io.grpc.stub.ClientCalls.blockingUnaryCall(ClientCalls.java:139)
	at org.apache.ratis.proto.grpc.RaftServerProtocolServiceGrpc$RaftServerProtocolServiceBlockingStub.requestVote(RaftServerProtocolServiceGrpc.java:265)
	at org.apache.ratis.grpc.server.GrpcServerProtocolClient.requestVote(GrpcServerProtocolClient.java:83)
	at org.apache.ratis.grpc.server.GrpcService.requestVote(GrpcService.java:195)
	at org.apache.ratis.server.impl.LeaderElection.lambda$submitRequests$1(LeaderElection.java:237)
	at java.util.concurrent.FutureTask.run(FutureTask.java:266)
	at java.util.concurrent.Executors$RunnableAdapter.call(Executors.java:511)
	at java.util.concurrent.FutureTask.run(FutureTask.java:266)
	at java.util.concurrent.ThreadPoolExecutor.runWorker(ThreadPoolExecutor.java:1149)
	at java.util.concurrent.ThreadPoolExecutor$Worker.run(ThreadPoolExecutor.java:624)
	... 1 more
Caused by: org.apache.ratis.thirdparty.io.netty.channel.AbstractChannel$AnnotatedConnectException: Connection refused: /192.168.5.144:39240
	at sun.nio.ch.SocketChannelImpl.checkConnect(Native Method)
	at sun.nio.ch.SocketChannelImpl.finishConnect(SocketChannelImpl.java:717)
	at org.apache.ratis.thirdparty.io.netty.channel.socket.nio.NioSocketChannel.doFinishConnect(NioSocketChannel.java:327)
	at org.apache.ratis.thirdparty.io.netty.channel.nio.AbstractNioChannel$AbstractNioUnsafe.finishConnect(AbstractNioChannel.java:340)
	at org.apache.ratis.thirdparty.io.netty.channel.nio.NioEventLoop.processSelectedKey(NioEventLoop.java:632)
	at org.apache.ratis.thirdparty.io.netty.channel.nio.NioEventLoop.processSelectedKeysOptimized(NioEventLoop.java:579)
	at org.apache.ratis.thirdparty.io.netty.channel.nio.NioEventLoop.processSelectedKeys(NioEventLoop.java:496)
	at org.apache.ratis.thirdparty.io.netty.channel.nio.NioEventLoop.run(NioEventLoop.java:458)
	at org.apache.ratis.thirdparty.io.netty.util.concurrent.SingleThreadEventExecutor$5.run(SingleThreadEventExecutor.java:897)
	at org.apache.ratis.thirdparty.io.netty.util.concurrent.FastThreadLocalRunnable.run(FastThreadLocalRunnable.java:30)
	... 1 more
Caused by: java.net.ConnectException: Connection refused
	... 11 more
2019-07-14 06:52:37,323 INFO  impl.RaftServerImpl (RaftServerImpl.java:setRole(171)) - da343c1c-8367-46f5-a9ef-bb79fda7b344:group-8D33B243C8F8 changes role from CANDIDATE to FOLLOWER at term 2 for DISCOVERED_A_NEW_TERM
2019-07-14 06:52:37,323 INFO  impl.RoleInfo (RoleInfo.java:shutdownLeaderElection(134)) - da343c1c-8367-46f5-a9ef-bb79fda7b344: shutdown LeaderElection
2019-07-14 06:52:37,323 INFO  impl.RoleInfo (RoleInfo.java:updateAndGet(143)) - da343c1c-8367-46f5-a9ef-bb79fda7b344: start FollowerState
2019-07-14 06:52:37,458 INFO  ozone.HddsDatanodeService (HddsDatanodeService.java:startPlugins(396)) - Started plug-in org.apache.hadoop.ozone.web.OzoneHddsDatanodeService@6f8281e6
2019-07-14 06:52:37,459 INFO  impl.MetricsSystemImpl (MetricsSystemImpl.java:init(158)) - HddsDatanode metrics system started (again)
2019-07-14 06:52:37,459 INFO  ozone.HddsDatanodeService (HddsDatanodeService.java:start(185)) - HddsDatanodeService host:trunk-nightly-8c95p-1540871953 ip:192.168.5.144
2019-07-14 06:52:37,460 INFO  util.JvmPauseMonitor (JvmPauseMonitor.java:run(188)) - Starting JVM pause monitor
2019-07-14 06:52:37,462 INFO  datanode.InitDatanodeState (InitDatanodeState.java:persistContainerDatanodeDetails(140)) - DatanodeDetails is persisted to /tmp/workdir/hadoop-ozone/integration-test/target/test-dir/MiniOzoneClusterImpl-05cecf30-6147-484e-ad5f-a3600576eef7/datanode-0/meta/datanode.id
2019-07-14 06:52:37,481 INFO  volume.HddsVolume (HddsVolume.java:<init>(176)) - Creating Volume: /tmp/workdir/hadoop-ozone/integration-test/target/test-dir/MiniOzoneClusterImpl-05cecf30-6147-484e-ad5f-a3600576eef7/datanode-1/data/containers/hdds of  storage type : DISK and capacity : 52710309888
2019-07-14 06:52:37,481 INFO  volume.VolumeSet (VolumeSet.java:initializeVolumeSet(170)) - Added Volume : /tmp/workdir/hadoop-ozone/integration-test/target/test-dir/MiniOzoneClusterImpl-05cecf30-6147-484e-ad5f-a3600576eef7/datanode-1/data/containers/hdds to VolumeSet
2019-07-14 06:52:37,481 INFO  volume.ThrottledAsyncChecker (ThrottledAsyncChecker.java:schedule(140)) - Scheduling a check for org.apache.hadoop.ozone.container.common.volume.HddsVolume@feb57b4
2019-07-14 06:52:37,482 INFO  volume.HddsVolumeChecker (HddsVolumeChecker.java:checkAllVolumes(203)) - Scheduled health check for volume org.apache.hadoop.ozone.container.common.volume.HddsVolume@feb57b4
2019-07-14 06:52:37,522 INFO  impl.RaftServerProxy (ConfUtils.java:logGet(43)) - raft.rpc.type = GRPC (default)
2019-07-14 06:52:37,523 INFO  grpc.GrpcFactory (GrpcFactory.java:checkPooledByteBufAllocatorUseCacheForAllThreads(45)) - PERFORMANCE WARNING: useCacheForAllThreads is true that may cause Netty to create a lot garbage objects and, as a result, trigger GC.
	It is recommended to disable useCacheForAllThreads by setting -Dorg.apache.ratis.thirdparty.io.netty.allocator.useCacheForAllThreads=false in command line.
2019-07-14 06:52:37,523 INFO  grpc.GrpcConfigKeys$Server (ConfUtils.java:logGet(43)) - raft.grpc.server.port = 0 (default)
2019-07-14 06:52:37,523 INFO  server.GrpcService (ConfUtils.java:logGet(43)) - raft.grpc.message.size.max = 33570816 (custom)
2019-07-14 06:52:37,523 INFO  server.RaftServerConfigKeys (ConfUtils.java:logGet(43)) - raft.server.log.appender.buffer.byte-limit = 33554432 (custom)
2019-07-14 06:52:37,523 INFO  server.GrpcService (ConfUtils.java:logGet(43)) - raft.grpc.flow.control.window = 1MB (=1048576) (default)
2019-07-14 06:52:37,523 INFO  server.RaftServerConfigKeys (ConfUtils.java:logGet(43)) - raft.server.rpc.request.timeout = 3000ms (default)
2019-07-14 06:52:37,524 INFO  server.RaftServerConfigKeys (ConfUtils.java:logGet(43)) - raft.server.storage.dir = [/tmp/workdir/hadoop-ozone/integration-test/target/test-dir/MiniOzoneClusterImpl-05cecf30-6147-484e-ad5f-a3600576eef7/datanode-1/data/ratis] (custom)
2019-07-14 06:52:37,524 INFO  replication.SimpleContainerDownloader (SimpleContainerDownloader.java:<init>(72)) - Starting container downloader service to copy containers to replicate.
2019-07-14 06:52:37,526 INFO  hdfs.DFSUtil (DFSUtil.java:httpServerTemplateForNNAndJN(1641)) - Starting Web-server for hddsDatanode at: http://0.0.0.0:0
2019-07-14 06:52:37,547 INFO  server.AuthenticationFilter (AuthenticationFilter.java:constructSecretProvider(240)) - Unable to initialize FileSignerSecretProvider, falling back to use random secrets.
2019-07-14 06:52:37,547 WARN  http.HttpRequestLog (HttpRequestLog.java:getRequestLog(97)) - Jetty request log can only be enabled using Log4j
2019-07-14 06:52:37,549 INFO  http.HttpServer2 (HttpServer2.java:addGlobalFilter(975)) - Added global filter 'safety' (class=org.apache.hadoop.http.HttpServer2$QuotingInputFilter)
2019-07-14 06:52:37,549 INFO  http.HttpServer2 (HttpServer2.java:addFilter(948)) - Added filter static_user_filter (class=org.apache.hadoop.http.lib.StaticUserWebFilter$StaticUserFilter) to context hddsDatanode
2019-07-14 06:52:37,549 INFO  http.HttpServer2 (HttpServer2.java:addFilter(958)) - Added filter static_user_filter (class=org.apache.hadoop.http.lib.StaticUserWebFilter$StaticUserFilter) to context static
2019-07-14 06:52:37,549 INFO  http.HttpServer2 (HttpServer2.java:addFilter(958)) - Added filter static_user_filter (class=org.apache.hadoop.http.lib.StaticUserWebFilter$StaticUserFilter) to context logs
2019-07-14 06:52:37,550 INFO  http.HttpServer2 (HttpServer2.java:bindListener(1191)) - Jetty bound to port 44117
2019-07-14 06:52:37,550 INFO  server.Server (Server.java:doStart(351)) - jetty-9.3.24.v20180605, build timestamp: 2018-06-05T17:11:56Z, git hash: 84205aa28f11a4f31f2a3b86d1bba2cc8ab69827
2019-07-14 06:52:37,552 INFO  handler.ContextHandler (ContextHandler.java:doStart(781)) - Started o.e.j.s.ServletContextHandler@76ea1cb5{/logs,file:///tmp/workdir/hadoop-ozone/integration-test/target/log,AVAILABLE}
2019-07-14 06:52:37,553 INFO  handler.ContextHandler (ContextHandler.java:doStart(781)) - Started o.e.j.s.ServletContextHandler@6a94bd69{/static,jar:file:/home/user/.m2/repository/org/apache/hadoop/hadoop-hdds-container-service/0.5.0-SNAPSHOT/hadoop-hdds-container-service-0.5.0-SNAPSHOT.jar!/webapps/static,AVAILABLE}
2019-07-14 06:52:37,595 INFO  handler.ContextHandler (ContextHandler.java:doStart(781)) - Started o.e.j.w.WebAppContext@3f3abe67{/,file:///tmp/jetty-0.0.0.0-44117-hddsDatanode-_-any-4683352906618570333.dir/webapp/,AVAILABLE}{/hddsDatanode}
2019-07-14 06:52:37,596 INFO  server.AbstractConnector (AbstractConnector.java:doStart(278)) - Started ServerConnector@64f1e9f8{HTTP/1.1,[http/1.1]}{0.0.0.0:44117}
2019-07-14 06:52:37,615 INFO  server.Server (Server.java:doStart(419)) - Started @228901ms
2019-07-14 06:52:37,616 INFO  server.BaseHttpServer (BaseHttpServer.java:updateConnectorAddress(207)) - HTTP server of HDDSDATANODE is listening at http://0.0.0.0:44117
2019-07-14 06:52:37,758 INFO  ozone.HddsDatanodeService (HddsDatanodeService.java:startPlugins(396)) - Started plug-in org.apache.hadoop.ozone.web.OzoneHddsDatanodeService@690113f0
2019-07-14 06:52:37,759 INFO  impl.MetricsSystemImpl (MetricsSystemImpl.java:init(158)) - HddsDatanode metrics system started (again)
2019-07-14 06:52:37,759 INFO  ozone.HddsDatanodeService (HddsDatanodeService.java:start(185)) - HddsDatanodeService host:trunk-nightly-8c95p-1540871953 ip:192.168.5.144
2019-07-14 06:52:37,760 INFO  util.JvmPauseMonitor (JvmPauseMonitor.java:run(188)) - Starting JVM pause monitor
2019-07-14 06:52:37,761 INFO  datanode.InitDatanodeState (InitDatanodeState.java:persistContainerDatanodeDetails(140)) - DatanodeDetails is persisted to /tmp/workdir/hadoop-ozone/integration-test/target/test-dir/MiniOzoneClusterImpl-05cecf30-6147-484e-ad5f-a3600576eef7/datanode-1/meta/datanode.id
2019-07-14 06:52:37,779 INFO  volume.HddsVolume (HddsVolume.java:<init>(176)) - Creating Volume: /tmp/workdir/hadoop-ozone/integration-test/target/test-dir/MiniOzoneClusterImpl-05cecf30-6147-484e-ad5f-a3600576eef7/datanode-2/data/containers/hdds of  storage type : DISK and capacity : 52710309888
2019-07-14 06:52:37,779 INFO  volume.VolumeSet (VolumeSet.java:initializeVolumeSet(170)) - Added Volume : /tmp/workdir/hadoop-ozone/integration-test/target/test-dir/MiniOzoneClusterImpl-05cecf30-6147-484e-ad5f-a3600576eef7/datanode-2/data/containers/hdds to VolumeSet
2019-07-14 06:52:37,779 INFO  volume.ThrottledAsyncChecker (ThrottledAsyncChecker.java:schedule(140)) - Scheduling a check for org.apache.hadoop.ozone.container.common.volume.HddsVolume@75eca6d8
2019-07-14 06:52:37,780 INFO  volume.HddsVolumeChecker (HddsVolumeChecker.java:checkAllVolumes(203)) - Scheduled health check for volume org.apache.hadoop.ozone.container.common.volume.HddsVolume@75eca6d8
2019-07-14 06:52:37,801 INFO  impl.RaftServerProxy (ConfUtils.java:logGet(43)) - raft.rpc.type = GRPC (default)
2019-07-14 06:52:37,801 INFO  grpc.GrpcFactory (GrpcFactory.java:checkPooledByteBufAllocatorUseCacheForAllThreads(45)) - PERFORMANCE WARNING: useCacheForAllThreads is true that may cause Netty to create a lot garbage objects and, as a result, trigger GC.
	It is recommended to disable useCacheForAllThreads by setting -Dorg.apache.ratis.thirdparty.io.netty.allocator.useCacheForAllThreads=false in command line.
2019-07-14 06:52:37,801 INFO  grpc.GrpcConfigKeys$Server (ConfUtils.java:logGet(43)) - raft.grpc.server.port = 0 (default)
2019-07-14 06:52:37,801 INFO  server.GrpcService (ConfUtils.java:logGet(43)) - raft.grpc.message.size.max = 33570816 (custom)
2019-07-14 06:52:37,801 INFO  server.RaftServerConfigKeys (ConfUtils.java:logGet(43)) - raft.server.log.appender.buffer.byte-limit = 33554432 (custom)
2019-07-14 06:52:37,802 INFO  server.GrpcService (ConfUtils.java:logGet(43)) - raft.grpc.flow.control.window = 1MB (=1048576) (default)
2019-07-14 06:52:37,802 INFO  server.RaftServerConfigKeys (ConfUtils.java:logGet(43)) - raft.server.rpc.request.timeout = 3000ms (default)
2019-07-14 06:52:37,802 INFO  server.RaftServerConfigKeys (ConfUtils.java:logGet(43)) - raft.server.storage.dir = [/tmp/workdir/hadoop-ozone/integration-test/target/test-dir/MiniOzoneClusterImpl-05cecf30-6147-484e-ad5f-a3600576eef7/datanode-2/data/ratis] (custom)
2019-07-14 06:52:37,803 INFO  replication.SimpleContainerDownloader (SimpleContainerDownloader.java:<init>(72)) - Starting container downloader service to copy containers to replicate.
2019-07-14 06:52:37,804 INFO  hdfs.DFSUtil (DFSUtil.java:httpServerTemplateForNNAndJN(1641)) - Starting Web-server for hddsDatanode at: http://0.0.0.0:0
2019-07-14 06:52:37,805 INFO  server.AuthenticationFilter (AuthenticationFilter.java:constructSecretProvider(240)) - Unable to initialize FileSignerSecretProvider, falling back to use random secrets.
2019-07-14 06:52:37,805 WARN  http.HttpRequestLog (HttpRequestLog.java:getRequestLog(97)) - Jetty request log can only be enabled using Log4j
2019-07-14 06:52:37,806 INFO  http.HttpServer2 (HttpServer2.java:addGlobalFilter(975)) - Added global filter 'safety' (class=org.apache.hadoop.http.HttpServer2$QuotingInputFilter)
2019-07-14 06:52:37,807 INFO  http.HttpServer2 (HttpServer2.java:addFilter(948)) - Added filter static_user_filter (class=org.apache.hadoop.http.lib.StaticUserWebFilter$StaticUserFilter) to context hddsDatanode
2019-07-14 06:52:37,807 INFO  http.HttpServer2 (HttpServer2.java:addFilter(958)) - Added filter static_user_filter (class=org.apache.hadoop.http.lib.StaticUserWebFilter$StaticUserFilter) to context logs
2019-07-14 06:52:37,807 INFO  http.HttpServer2 (HttpServer2.java:addFilter(958)) - Added filter static_user_filter (class=org.apache.hadoop.http.lib.StaticUserWebFilter$StaticUserFilter) to context static
2019-07-14 06:52:37,808 INFO  http.HttpServer2 (HttpServer2.java:bindListener(1191)) - Jetty bound to port 42642
2019-07-14 06:52:37,808 INFO  server.Server (Server.java:doStart(351)) - jetty-9.3.24.v20180605, build timestamp: 2018-06-05T17:11:56Z, git hash: 84205aa28f11a4f31f2a3b86d1bba2cc8ab69827
2019-07-14 06:52:37,810 INFO  handler.ContextHandler (ContextHandler.java:doStart(781)) - Started o.e.j.s.ServletContextHandler@2b33e616{/logs,file:///tmp/workdir/hadoop-ozone/integration-test/target/log,AVAILABLE}
2019-07-14 06:52:37,810 INFO  handler.ContextHandler (ContextHandler.java:doStart(781)) - Started o.e.j.s.ServletContextHandler@79e3f444{/static,jar:file:/home/user/.m2/repository/org/apache/hadoop/hadoop-hdds-container-service/0.5.0-SNAPSHOT/hadoop-hdds-container-service-0.5.0-SNAPSHOT.jar!/webapps/static,AVAILABLE}
2019-07-14 06:52:37,836 INFO  handler.ContextHandler (ContextHandler.java:doStart(781)) - Started o.e.j.w.WebAppContext@533a8540{/,file:///tmp/jetty-0.0.0.0-42642-hddsDatanode-_-any-1467137441330437900.dir/webapp/,AVAILABLE}{/hddsDatanode}
2019-07-14 06:52:37,836 INFO  server.AbstractConnector (AbstractConnector.java:doStart(278)) - Started ServerConnector@24489d12{HTTP/1.1,[http/1.1]}{0.0.0.0:42642}
2019-07-14 06:52:37,836 INFO  server.Server (Server.java:doStart(419)) - Started @229122ms
2019-07-14 06:52:37,845 INFO  server.BaseHttpServer (BaseHttpServer.java:updateConnectorAddress(207)) - HTTP server of HDDSDATANODE is listening at http://0.0.0.0:42642
2019-07-14 06:52:37,955 INFO  ozone.HddsDatanodeService (HddsDatanodeService.java:startPlugins(396)) - Started plug-in org.apache.hadoop.ozone.web.OzoneHddsDatanodeService@c42ee90
2019-07-14 06:52:37,956 INFO  impl.MetricsSystemImpl (MetricsSystemImpl.java:init(158)) - HddsDatanode metrics system started (again)
2019-07-14 06:52:37,956 INFO  ozone.HddsDatanodeService (HddsDatanodeService.java:start(185)) - HddsDatanodeService host:trunk-nightly-8c95p-1540871953 ip:192.168.5.144
2019-07-14 06:52:37,957 INFO  util.JvmPauseMonitor (JvmPauseMonitor.java:run(188)) - Starting JVM pause monitor
2019-07-14 06:52:37,958 INFO  datanode.InitDatanodeState (InitDatanodeState.java:persistContainerDatanodeDetails(140)) - DatanodeDetails is persisted to /tmp/workdir/hadoop-ozone/integration-test/target/test-dir/MiniOzoneClusterImpl-05cecf30-6147-484e-ad5f-a3600576eef7/datanode-2/meta/datanode.id
2019-07-14 06:52:37,977 INFO  volume.HddsVolume (HddsVolume.java:<init>(176)) - Creating Volume: /tmp/workdir/hadoop-ozone/integration-test/target/test-dir/MiniOzoneClusterImpl-05cecf30-6147-484e-ad5f-a3600576eef7/datanode-3/data/containers/hdds of  storage type : DISK and capacity : 52710309888
2019-07-14 06:52:37,977 INFO  volume.VolumeSet (VolumeSet.java:initializeVolumeSet(170)) - Added Volume : /tmp/workdir/hadoop-ozone/integration-test/target/test-dir/MiniOzoneClusterImpl-05cecf30-6147-484e-ad5f-a3600576eef7/datanode-3/data/containers/hdds to VolumeSet
2019-07-14 06:52:37,977 INFO  volume.ThrottledAsyncChecker (ThrottledAsyncChecker.java:schedule(140)) - Scheduling a check for org.apache.hadoop.ozone.container.common.volume.HddsVolume@794b139b
2019-07-14 06:52:37,978 INFO  volume.HddsVolumeChecker (HddsVolumeChecker.java:checkAllVolumes(203)) - Scheduled health check for volume org.apache.hadoop.ozone.container.common.volume.HddsVolume@794b139b
2019-07-14 06:52:38,006 INFO  impl.RaftServerProxy (ConfUtils.java:logGet(43)) - raft.rpc.type = GRPC (default)
2019-07-14 06:52:38,007 INFO  grpc.GrpcFactory (GrpcFactory.java:checkPooledByteBufAllocatorUseCacheForAllThreads(45)) - PERFORMANCE WARNING: useCacheForAllThreads is true that may cause Netty to create a lot garbage objects and, as a result, trigger GC.
	It is recommended to disable useCacheForAllThreads by setting -Dorg.apache.ratis.thirdparty.io.netty.allocator.useCacheForAllThreads=false in command line.
2019-07-14 06:52:38,007 INFO  grpc.GrpcConfigKeys$Server (ConfUtils.java:logGet(43)) - raft.grpc.server.port = 0 (default)
2019-07-14 06:52:38,007 INFO  server.GrpcService (ConfUtils.java:logGet(43)) - raft.grpc.message.size.max = 33570816 (custom)
2019-07-14 06:52:38,008 INFO  server.RaftServerConfigKeys (ConfUtils.java:logGet(43)) - raft.server.log.appender.buffer.byte-limit = 33554432 (custom)
2019-07-14 06:52:38,008 INFO  server.GrpcService (ConfUtils.java:logGet(43)) - raft.grpc.flow.control.window = 1MB (=1048576) (default)
2019-07-14 06:52:38,008 INFO  server.RaftServerConfigKeys (ConfUtils.java:logGet(43)) - raft.server.rpc.request.timeout = 3000ms (default)
2019-07-14 06:52:38,009 INFO  server.RaftServerConfigKeys (ConfUtils.java:logGet(43)) - raft.server.storage.dir = [/tmp/workdir/hadoop-ozone/integration-test/target/test-dir/MiniOzoneClusterImpl-05cecf30-6147-484e-ad5f-a3600576eef7/datanode-3/data/ratis] (custom)
2019-07-14 06:52:38,009 INFO  replication.SimpleContainerDownloader (SimpleContainerDownloader.java:<init>(72)) - Starting container downloader service to copy containers to replicate.
2019-07-14 06:52:38,011 INFO  hdfs.DFSUtil (DFSUtil.java:httpServerTemplateForNNAndJN(1641)) - Starting Web-server for hddsDatanode at: http://0.0.0.0:0
2019-07-14 06:52:38,012 INFO  server.AuthenticationFilter (AuthenticationFilter.java:constructSecretProvider(240)) - Unable to initialize FileSignerSecretProvider, falling back to use random secrets.
2019-07-14 06:52:38,013 WARN  http.HttpRequestLog (HttpRequestLog.java:getRequestLog(97)) - Jetty request log can only be enabled using Log4j
2019-07-14 06:52:38,014 INFO  http.HttpServer2 (HttpServer2.java:addGlobalFilter(975)) - Added global filter 'safety' (class=org.apache.hadoop.http.HttpServer2$QuotingInputFilter)
2019-07-14 06:52:38,014 INFO  http.HttpServer2 (HttpServer2.java:addFilter(948)) - Added filter static_user_filter (class=org.apache.hadoop.http.lib.StaticUserWebFilter$StaticUserFilter) to context hddsDatanode
2019-07-14 06:52:38,015 INFO  http.HttpServer2 (HttpServer2.java:addFilter(958)) - Added filter static_user_filter (class=org.apache.hadoop.http.lib.StaticUserWebFilter$StaticUserFilter) to context static
2019-07-14 06:52:38,015 INFO  http.HttpServer2 (HttpServer2.java:addFilter(958)) - Added filter static_user_filter (class=org.apache.hadoop.http.lib.StaticUserWebFilter$StaticUserFilter) to context logs
2019-07-14 06:52:38,015 INFO  http.HttpServer2 (HttpServer2.java:bindListener(1191)) - Jetty bound to port 43274
2019-07-14 06:52:38,016 INFO  server.Server (Server.java:doStart(351)) - jetty-9.3.24.v20180605, build timestamp: 2018-06-05T17:11:56Z, git hash: 84205aa28f11a4f31f2a3b86d1bba2cc8ab69827
2019-07-14 06:52:38,017 INFO  handler.ContextHandler (ContextHandler.java:doStart(781)) - Started o.e.j.s.ServletContextHandler@77d03738{/logs,file:///tmp/workdir/hadoop-ozone/integration-test/target/log,AVAILABLE}
2019-07-14 06:52:38,018 INFO  handler.ContextHandler (ContextHandler.java:doStart(781)) - Started o.e.j.s.ServletContextHandler@c925ae1{/static,jar:file:/home/user/.m2/repository/org/apache/hadoop/hadoop-hdds-container-service/0.5.0-SNAPSHOT/hadoop-hdds-container-service-0.5.0-SNAPSHOT.jar!/webapps/static,AVAILABLE}
2019-07-14 06:52:38,049 INFO  handler.ContextHandler (ContextHandler.java:doStart(781)) - Started o.e.j.w.WebAppContext@19beeb61{/,file:///tmp/jetty-0.0.0.0-43274-hddsDatanode-_-any-4645226377354255072.dir/webapp/,AVAILABLE}{/hddsDatanode}
2019-07-14 06:52:38,049 INFO  server.AbstractConnector (AbstractConnector.java:doStart(278)) - Started ServerConnector@21139739{HTTP/1.1,[http/1.1]}{0.0.0.0:43274}
2019-07-14 06:52:38,050 INFO  server.Server (Server.java:doStart(419)) - Started @229335ms
2019-07-14 06:52:38,059 INFO  server.BaseHttpServer (BaseHttpServer.java:updateConnectorAddress(207)) - HTTP server of HDDSDATANODE is listening at http://0.0.0.0:43274
2019-07-14 06:52:38,470 INFO  ozone.HddsDatanodeService (HddsDatanodeService.java:startPlugins(396)) - Started plug-in org.apache.hadoop.ozone.web.OzoneHddsDatanodeService@72f5fb36
2019-07-14 06:52:38,471 INFO  impl.MetricsSystemImpl (MetricsSystemImpl.java:init(158)) - HddsDatanode metrics system started (again)
2019-07-14 06:52:38,471 INFO  ozone.HddsDatanodeService (HddsDatanodeService.java:start(185)) - HddsDatanodeService host:trunk-nightly-8c95p-1540871953 ip:192.168.5.144
2019-07-14 06:52:38,472 INFO  util.JvmPauseMonitor (JvmPauseMonitor.java:run(188)) - Starting JVM pause monitor
2019-07-14 06:52:38,473 INFO  datanode.InitDatanodeState (InitDatanodeState.java:persistContainerDatanodeDetails(140)) - DatanodeDetails is persisted to /tmp/workdir/hadoop-ozone/integration-test/target/test-dir/MiniOzoneClusterImpl-05cecf30-6147-484e-ad5f-a3600576eef7/datanode-3/meta/datanode.id
2019-07-14 06:52:38,486 INFO  volume.HddsVolume (HddsVolume.java:<init>(176)) - Creating Volume: /tmp/workdir/hadoop-ozone/integration-test/target/test-dir/MiniOzoneClusterImpl-05cecf30-6147-484e-ad5f-a3600576eef7/datanode-4/data/containers/hdds of  storage type : DISK and capacity : 52710309888
2019-07-14 06:52:38,486 INFO  volume.VolumeSet (VolumeSet.java:initializeVolumeSet(170)) - Added Volume : /tmp/workdir/hadoop-ozone/integration-test/target/test-dir/MiniOzoneClusterImpl-05cecf30-6147-484e-ad5f-a3600576eef7/datanode-4/data/containers/hdds to VolumeSet
2019-07-14 06:52:38,486 INFO  volume.ThrottledAsyncChecker (ThrottledAsyncChecker.java:schedule(140)) - Scheduling a check for org.apache.hadoop.ozone.container.common.volume.HddsVolume@2360ebe2
2019-07-14 06:52:38,487 INFO  volume.HddsVolumeChecker (HddsVolumeChecker.java:checkAllVolumes(203)) - Scheduled health check for volume org.apache.hadoop.ozone.container.common.volume.HddsVolume@2360ebe2
2019-07-14 06:52:38,501 INFO  impl.RaftServerProxy (ConfUtils.java:logGet(43)) - raft.rpc.type = GRPC (default)
2019-07-14 06:52:38,501 INFO  grpc.GrpcFactory (GrpcFactory.java:checkPooledByteBufAllocatorUseCacheForAllThreads(45)) - PERFORMANCE WARNING: useCacheForAllThreads is true that may cause Netty to create a lot garbage objects and, as a result, trigger GC.
	It is recommended to disable useCacheForAllThreads by setting -Dorg.apache.ratis.thirdparty.io.netty.allocator.useCacheForAllThreads=false in command line.
2019-07-14 06:52:38,501 INFO  grpc.GrpcConfigKeys$Server (ConfUtils.java:logGet(43)) - raft.grpc.server.port = 0 (default)
2019-07-14 06:52:38,502 INFO  server.GrpcService (ConfUtils.java:logGet(43)) - raft.grpc.message.size.max = 33570816 (custom)
2019-07-14 06:52:38,502 INFO  server.RaftServerConfigKeys (ConfUtils.java:logGet(43)) - raft.server.log.appender.buffer.byte-limit = 33554432 (custom)
2019-07-14 06:52:38,502 INFO  server.GrpcService (ConfUtils.java:logGet(43)) - raft.grpc.flow.control.window = 1MB (=1048576) (default)
2019-07-14 06:52:38,502 INFO  server.RaftServerConfigKeys (ConfUtils.java:logGet(43)) - raft.server.rpc.request.timeout = 3000ms (default)
2019-07-14 06:52:38,502 INFO  server.RaftServerConfigKeys (ConfUtils.java:logGet(43)) - raft.server.storage.dir = [/tmp/workdir/hadoop-ozone/integration-test/target/test-dir/MiniOzoneClusterImpl-05cecf30-6147-484e-ad5f-a3600576eef7/datanode-4/data/ratis] (custom)
2019-07-14 06:52:38,503 INFO  replication.SimpleContainerDownloader (SimpleContainerDownloader.java:<init>(72)) - Starting container downloader service to copy containers to replicate.
2019-07-14 06:52:38,504 INFO  hdfs.DFSUtil (DFSUtil.java:httpServerTemplateForNNAndJN(1641)) - Starting Web-server for hddsDatanode at: http://0.0.0.0:0
2019-07-14 06:52:38,505 INFO  server.AuthenticationFilter (AuthenticationFilter.java:constructSecretProvider(240)) - Unable to initialize FileSignerSecretProvider, falling back to use random secrets.
2019-07-14 06:52:38,506 WARN  http.HttpRequestLog (HttpRequestLog.java:getRequestLog(97)) - Jetty request log can only be enabled using Log4j
2019-07-14 06:52:38,507 INFO  http.HttpServer2 (HttpServer2.java:addGlobalFilter(975)) - Added global filter 'safety' (class=org.apache.hadoop.http.HttpServer2$QuotingInputFilter)
2019-07-14 06:52:38,508 INFO  http.HttpServer2 (HttpServer2.java:addFilter(948)) - Added filter static_user_filter (class=org.apache.hadoop.http.lib.StaticUserWebFilter$StaticUserFilter) to context hddsDatanode
2019-07-14 06:52:38,508 INFO  http.HttpServer2 (HttpServer2.java:addFilter(958)) - Added filter static_user_filter (class=org.apache.hadoop.http.lib.StaticUserWebFilter$StaticUserFilter) to context static
2019-07-14 06:52:38,508 INFO  http.HttpServer2 (HttpServer2.java:addFilter(958)) - Added filter static_user_filter (class=org.apache.hadoop.http.lib.StaticUserWebFilter$StaticUserFilter) to context logs
2019-07-14 06:52:38,509 INFO  http.HttpServer2 (HttpServer2.java:bindListener(1191)) - Jetty bound to port 38703
2019-07-14 06:52:38,509 INFO  server.Server (Server.java:doStart(351)) - jetty-9.3.24.v20180605, build timestamp: 2018-06-05T17:11:56Z, git hash: 84205aa28f11a4f31f2a3b86d1bba2cc8ab69827
2019-07-14 06:52:38,511 INFO  handler.ContextHandler (ContextHandler.java:doStart(781)) - Started o.e.j.s.ServletContextHandler@558fa64a{/logs,file:///tmp/workdir/hadoop-ozone/integration-test/target/log,AVAILABLE}
2019-07-14 06:52:38,511 INFO  handler.ContextHandler (ContextHandler.java:doStart(781)) - Started o.e.j.s.ServletContextHandler@68d1f4e2{/static,jar:file:/home/user/.m2/repository/org/apache/hadoop/hadoop-hdds-container-service/0.5.0-SNAPSHOT/hadoop-hdds-container-service-0.5.0-SNAPSHOT.jar!/webapps/static,AVAILABLE}
2019-07-14 06:52:38,545 INFO  handler.ContextHandler (ContextHandler.java:doStart(781)) - Started o.e.j.w.WebAppContext@61f18997{/,file:///tmp/jetty-0.0.0.0-38703-hddsDatanode-_-any-850521020253602571.dir/webapp/,AVAILABLE}{/hddsDatanode}
2019-07-14 06:52:38,546 INFO  server.AbstractConnector (AbstractConnector.java:doStart(278)) - Started ServerConnector@55448710{HTTP/1.1,[http/1.1]}{0.0.0.0:38703}
2019-07-14 06:52:38,553 INFO  server.Server (Server.java:doStart(419)) - Started @229839ms
2019-07-14 06:52:38,554 INFO  server.BaseHttpServer (BaseHttpServer.java:updateConnectorAddress(207)) - HTTP server of HDDSDATANODE is listening at http://0.0.0.0:38703
2019-07-14 06:52:38,685 INFO  ozone.HddsDatanodeService (HddsDatanodeService.java:startPlugins(396)) - Started plug-in org.apache.hadoop.ozone.web.OzoneHddsDatanodeService@5e2abb58
2019-07-14 06:52:38,686 INFO  impl.MetricsSystemImpl (MetricsSystemImpl.java:init(158)) - HddsDatanode metrics system started (again)
2019-07-14 06:52:38,686 INFO  ozone.HddsDatanodeService (HddsDatanodeService.java:start(185)) - HddsDatanodeService host:trunk-nightly-8c95p-1540871953 ip:192.168.5.144
2019-07-14 06:52:38,687 INFO  util.JvmPauseMonitor (JvmPauseMonitor.java:run(188)) - Starting JVM pause monitor
2019-07-14 06:52:38,689 INFO  datanode.InitDatanodeState (InitDatanodeState.java:persistContainerDatanodeDetails(140)) - DatanodeDetails is persisted to /tmp/workdir/hadoop-ozone/integration-test/target/test-dir/MiniOzoneClusterImpl-05cecf30-6147-484e-ad5f-a3600576eef7/datanode-4/meta/datanode.id
2019-07-14 06:52:38,707 INFO  volume.HddsVolume (HddsVolume.java:<init>(176)) - Creating Volume: /tmp/workdir/hadoop-ozone/integration-test/target/test-dir/MiniOzoneClusterImpl-05cecf30-6147-484e-ad5f-a3600576eef7/datanode-5/data/containers/hdds of  storage type : DISK and capacity : 52710309888
2019-07-14 06:52:38,708 INFO  volume.VolumeSet (VolumeSet.java:initializeVolumeSet(170)) - Added Volume : /tmp/workdir/hadoop-ozone/integration-test/target/test-dir/MiniOzoneClusterImpl-05cecf30-6147-484e-ad5f-a3600576eef7/datanode-5/data/containers/hdds to VolumeSet
2019-07-14 06:52:38,708 INFO  volume.ThrottledAsyncChecker (ThrottledAsyncChecker.java:schedule(140)) - Scheduling a check for org.apache.hadoop.ozone.container.common.volume.HddsVolume@45bde54d
2019-07-14 06:52:38,709 INFO  volume.HddsVolumeChecker (HddsVolumeChecker.java:checkAllVolumes(203)) - Scheduled health check for volume org.apache.hadoop.ozone.container.common.volume.HddsVolume@45bde54d
2019-07-14 06:52:38,736 INFO  impl.RaftServerProxy (ConfUtils.java:logGet(43)) - raft.rpc.type = GRPC (default)
2019-07-14 06:52:38,736 INFO  grpc.GrpcFactory (GrpcFactory.java:checkPooledByteBufAllocatorUseCacheForAllThreads(45)) - PERFORMANCE WARNING: useCacheForAllThreads is true that may cause Netty to create a lot garbage objects and, as a result, trigger GC.
	It is recommended to disable useCacheForAllThreads by setting -Dorg.apache.ratis.thirdparty.io.netty.allocator.useCacheForAllThreads=false in command line.
2019-07-14 06:52:38,736 INFO  grpc.GrpcConfigKeys$Server (ConfUtils.java:logGet(43)) - raft.grpc.server.port = 0 (default)
2019-07-14 06:52:38,737 INFO  server.GrpcService (ConfUtils.java:logGet(43)) - raft.grpc.message.size.max = 33570816 (custom)
2019-07-14 06:52:38,737 INFO  server.RaftServerConfigKeys (ConfUtils.java:logGet(43)) - raft.server.log.appender.buffer.byte-limit = 33554432 (custom)
2019-07-14 06:52:38,737 INFO  server.GrpcService (ConfUtils.java:logGet(43)) - raft.grpc.flow.control.window = 1MB (=1048576) (default)
2019-07-14 06:52:38,737 INFO  server.RaftServerConfigKeys (ConfUtils.java:logGet(43)) - raft.server.rpc.request.timeout = 3000ms (default)
2019-07-14 06:52:38,738 INFO  server.RaftServerConfigKeys (ConfUtils.java:logGet(43)) - raft.server.storage.dir = [/tmp/workdir/hadoop-ozone/integration-test/target/test-dir/MiniOzoneClusterImpl-05cecf30-6147-484e-ad5f-a3600576eef7/datanode-5/data/ratis] (custom)
2019-07-14 06:52:38,738 INFO  replication.SimpleContainerDownloader (SimpleContainerDownloader.java:<init>(72)) - Starting container downloader service to copy containers to replicate.
2019-07-14 06:52:38,739 INFO  hdfs.DFSUtil (DFSUtil.java:httpServerTemplateForNNAndJN(1641)) - Starting Web-server for hddsDatanode at: http://0.0.0.0:0
2019-07-14 06:52:38,741 INFO  server.AuthenticationFilter (AuthenticationFilter.java:constructSecretProvider(240)) - Unable to initialize FileSignerSecretProvider, falling back to use random secrets.
2019-07-14 06:52:38,742 WARN  http.HttpRequestLog (HttpRequestLog.java:getRequestLog(97)) - Jetty request log can only be enabled using Log4j
2019-07-14 06:52:38,744 INFO  http.HttpServer2 (HttpServer2.java:addGlobalFilter(975)) - Added global filter 'safety' (class=org.apache.hadoop.http.HttpServer2$QuotingInputFilter)
2019-07-14 06:52:38,745 INFO  http.HttpServer2 (HttpServer2.java:addFilter(948)) - Added filter static_user_filter (class=org.apache.hadoop.http.lib.StaticUserWebFilter$StaticUserFilter) to context hddsDatanode
2019-07-14 06:52:38,745 INFO  http.HttpServer2 (HttpServer2.java:addFilter(958)) - Added filter static_user_filter (class=org.apache.hadoop.http.lib.StaticUserWebFilter$StaticUserFilter) to context static
2019-07-14 06:52:38,745 INFO  http.HttpServer2 (HttpServer2.java:addFilter(958)) - Added filter static_user_filter (class=org.apache.hadoop.http.lib.StaticUserWebFilter$StaticUserFilter) to context logs
2019-07-14 06:52:38,746 INFO  http.HttpServer2 (HttpServer2.java:bindListener(1191)) - Jetty bound to port 45224
2019-07-14 06:52:38,746 INFO  server.Server (Server.java:doStart(351)) - jetty-9.3.24.v20180605, build timestamp: 2018-06-05T17:11:56Z, git hash: 84205aa28f11a4f31f2a3b86d1bba2cc8ab69827
2019-07-14 06:52:38,748 INFO  handler.ContextHandler (ContextHandler.java:doStart(781)) - Started o.e.j.s.ServletContextHandler@347770a9{/logs,file:///tmp/workdir/hadoop-ozone/integration-test/target/log,AVAILABLE}
2019-07-14 06:52:38,749 INFO  handler.ContextHandler (ContextHandler.java:doStart(781)) - Started o.e.j.s.ServletContextHandler@34438b38{/static,jar:file:/home/user/.m2/repository/org/apache/hadoop/hadoop-hdds-container-service/0.5.0-SNAPSHOT/hadoop-hdds-container-service-0.5.0-SNAPSHOT.jar!/webapps/static,AVAILABLE}
2019-07-14 06:52:38,788 INFO  handler.ContextHandler (ContextHandler.java:doStart(781)) - Started o.e.j.w.WebAppContext@1dbe592f{/,file:///tmp/jetty-0.0.0.0-45224-hddsDatanode-_-any-8902739880727412185.dir/webapp/,AVAILABLE}{/hddsDatanode}
2019-07-14 06:52:38,789 INFO  server.AbstractConnector (AbstractConnector.java:doStart(278)) - Started ServerConnector@4e09c3b0{HTTP/1.1,[http/1.1]}{0.0.0.0:45224}
2019-07-14 06:52:38,797 INFO  server.Server (Server.java:doStart(419)) - Started @230082ms
2019-07-14 06:52:38,798 INFO  server.BaseHttpServer (BaseHttpServer.java:updateConnectorAddress(207)) - HTTP server of HDDSDATANODE is listening at http://0.0.0.0:45224
2019-07-14 06:52:38,911 INFO  ozone.HddsDatanodeService (HddsDatanodeService.java:startPlugins(396)) - Started plug-in org.apache.hadoop.ozone.web.OzoneHddsDatanodeService@297db6ad
2019-07-14 06:52:38,911 INFO  ozone.MiniOzoneClusterImpl (MiniOzoneClusterImpl.java:lambda$waitForClusterToBeReady$0(142)) - Waiting for cluster to be ready. Got 0 of 6 DN Heartbeats.
2019-07-14 06:52:38,912 INFO  util.JvmPauseMonitor (JvmPauseMonitor.java:run(188)) - Starting JVM pause monitor
2019-07-14 06:52:38,913 INFO  datanode.InitDatanodeState (InitDatanodeState.java:persistContainerDatanodeDetails(140)) - DatanodeDetails is persisted to /tmp/workdir/hadoop-ozone/integration-test/target/test-dir/MiniOzoneClusterImpl-05cecf30-6147-484e-ad5f-a3600576eef7/datanode-5/meta/datanode.id
2019-07-14 06:52:39,497 INFO  ozoneimpl.OzoneContainer (OzoneContainer.java:start(186)) - Attempting to start container services.
2019-07-14 06:52:39,497 INFO  ozoneimpl.OzoneContainer (OzoneContainer.java:startContainerScrub(160)) - Background container scrubber has been disabled by hdds.containerscrub.enabled
2019-07-14 06:52:39,497 INFO  ratis.XceiverServerRatis (XceiverServerRatis.java:start(418)) - Starting XceiverServerRatis 7ef7209e-5510-40ee-a4f7-1370151deb8c at port 0
2019-07-14 06:52:39,501 INFO  impl.RaftServerProxy (RaftServerProxy.java:lambda$start$3(299)) - 7ef7209e-5510-40ee-a4f7-1370151deb8c: start RPC server
2019-07-14 06:52:39,502 INFO  server.GrpcService (GrpcService.java:startImpl(149)) - 7ef7209e-5510-40ee-a4f7-1370151deb8c: GrpcService started, listening on 0.0.0.0/0.0.0.0:44380
2019-07-14 06:52:39,502 INFO  ratis.XceiverServerRatis (XceiverServerRatis.java:start(428)) - XceiverServerRatis 7ef7209e-5510-40ee-a4f7-1370151deb8c is started using port 44380
2019-07-14 06:52:39,503 INFO  server.XceiverServerGrpc (XceiverServerGrpc.java:start(161)) - XceiverServerGrpc 7ef7209e-5510-40ee-a4f7-1370151deb8c is started using port 44820
2019-07-14 06:52:39,785 INFO  ozoneimpl.OzoneContainer (OzoneContainer.java:start(186)) - Attempting to start container services.
2019-07-14 06:52:39,786 INFO  ozoneimpl.OzoneContainer (OzoneContainer.java:startContainerScrub(160)) - Background container scrubber has been disabled by hdds.containerscrub.enabled
2019-07-14 06:52:39,786 INFO  ratis.XceiverServerRatis (XceiverServerRatis.java:start(418)) - Starting XceiverServerRatis de94ab65-019f-42dc-bf71-f88d48274313 at port 0
2019-07-14 06:52:39,793 INFO  impl.RaftServerProxy (RaftServerProxy.java:lambda$start$3(299)) - de94ab65-019f-42dc-bf71-f88d48274313: start RPC server
2019-07-14 06:52:39,794 INFO  server.GrpcService (GrpcService.java:startImpl(149)) - de94ab65-019f-42dc-bf71-f88d48274313: GrpcService started, listening on 0.0.0.0/0.0.0.0:37091
2019-07-14 06:52:39,794 INFO  ratis.XceiverServerRatis (XceiverServerRatis.java:start(428)) - XceiverServerRatis de94ab65-019f-42dc-bf71-f88d48274313 is started using port 37091
2019-07-14 06:52:39,803 INFO  server.XceiverServerGrpc (XceiverServerGrpc.java:start(161)) - XceiverServerGrpc de94ab65-019f-42dc-bf71-f88d48274313 is started using port 46417
2019-07-14 06:52:39,912 INFO  ozone.MiniOzoneClusterImpl (MiniOzoneClusterImpl.java:lambda$waitForClusterToBeReady$0(142)) - Waiting for cluster to be ready. Got 0 of 6 DN Heartbeats.
2019-07-14 06:52:39,978 INFO  ozoneimpl.OzoneContainer (OzoneContainer.java:start(186)) - Attempting to start container services.
2019-07-14 06:52:39,978 INFO  ozoneimpl.OzoneContainer (OzoneContainer.java:startContainerScrub(160)) - Background container scrubber has been disabled by hdds.containerscrub.enabled
2019-07-14 06:52:39,978 INFO  ratis.XceiverServerRatis (XceiverServerRatis.java:start(418)) - Starting XceiverServerRatis f34f04f7-03f7-4560-a51c-a1465920505f at port 0
2019-07-14 06:52:39,986 INFO  impl.RaftServerProxy (RaftServerProxy.java:lambda$start$3(299)) - f34f04f7-03f7-4560-a51c-a1465920505f: start RPC server
2019-07-14 06:52:39,986 INFO  server.GrpcService (GrpcService.java:startImpl(149)) - f34f04f7-03f7-4560-a51c-a1465920505f: GrpcService started, listening on 0.0.0.0/0.0.0.0:46425
2019-07-14 06:52:39,986 INFO  ratis.XceiverServerRatis (XceiverServerRatis.java:start(428)) - XceiverServerRatis f34f04f7-03f7-4560-a51c-a1465920505f is started using port 46425
2019-07-14 06:52:39,993 INFO  server.XceiverServerGrpc (XceiverServerGrpc.java:start(161)) - XceiverServerGrpc f34f04f7-03f7-4560-a51c-a1465920505f is started using port 45240
2019-07-14 06:52:40,478 INFO  ozoneimpl.OzoneContainer (OzoneContainer.java:start(186)) - Attempting to start container services.
2019-07-14 06:52:40,478 INFO  ozoneimpl.OzoneContainer (OzoneContainer.java:startContainerScrub(160)) - Background container scrubber has been disabled by hdds.containerscrub.enabled
2019-07-14 06:52:40,478 INFO  ratis.XceiverServerRatis (XceiverServerRatis.java:start(418)) - Starting XceiverServerRatis 9927f91e-bb8c-46e7-b6a9-486a9b631738 at port 0
2019-07-14 06:52:40,485 INFO  impl.RaftServerProxy (RaftServerProxy.java:lambda$start$3(299)) - 9927f91e-bb8c-46e7-b6a9-486a9b631738: start RPC server
2019-07-14 06:52:40,486 INFO  server.GrpcService (GrpcService.java:startImpl(149)) - 9927f91e-bb8c-46e7-b6a9-486a9b631738: GrpcService started, listening on 0.0.0.0/0.0.0.0:41664
2019-07-14 06:52:40,486 INFO  ratis.XceiverServerRatis (XceiverServerRatis.java:start(428)) - XceiverServerRatis 9927f91e-bb8c-46e7-b6a9-486a9b631738 is started using port 41664
2019-07-14 06:52:40,540 INFO  server.XceiverServerGrpc (XceiverServerGrpc.java:start(161)) - XceiverServerGrpc 9927f91e-bb8c-46e7-b6a9-486a9b631738 is started using port 33373
2019-07-14 06:52:40,699 INFO  ozoneimpl.OzoneContainer (OzoneContainer.java:start(186)) - Attempting to start container services.
2019-07-14 06:52:40,699 INFO  ozoneimpl.OzoneContainer (OzoneContainer.java:startContainerScrub(160)) - Background container scrubber has been disabled by hdds.containerscrub.enabled
2019-07-14 06:52:40,699 INFO  ratis.XceiverServerRatis (XceiverServerRatis.java:start(418)) - Starting XceiverServerRatis 80532c0e-1ea2-4258-8531-55a5eca450fa at port 0
2019-07-14 06:52:40,706 INFO  impl.RaftServerProxy (RaftServerProxy.java:lambda$start$3(299)) - 80532c0e-1ea2-4258-8531-55a5eca450fa: start RPC server
2019-07-14 06:52:40,706 INFO  server.GrpcService (GrpcService.java:startImpl(149)) - 80532c0e-1ea2-4258-8531-55a5eca450fa: GrpcService started, listening on 0.0.0.0/0.0.0.0:44689
2019-07-14 06:52:40,707 INFO  ratis.XceiverServerRatis (XceiverServerRatis.java:start(428)) - XceiverServerRatis 80532c0e-1ea2-4258-8531-55a5eca450fa is started using port 44689
2019-07-14 06:52:40,707 INFO  server.XceiverServerGrpc (XceiverServerGrpc.java:start(161)) - XceiverServerGrpc 80532c0e-1ea2-4258-8531-55a5eca450fa is started using port 45664
2019-07-14 06:52:40,772 INFO  impl.FollowerState (FollowerState.java:run(106)) - 9bda9dad-fadd-43bb-a848-649d686737da:group-767F60FE3A80 changes to CANDIDATE, lastRpcTime:5026, electionTimeout:5026ms
2019-07-14 06:52:40,772 INFO  impl.RoleInfo (RoleInfo.java:shutdownFollowerState(121)) - 9bda9dad-fadd-43bb-a848-649d686737da: shutdown FollowerState
2019-07-14 06:52:40,772 INFO  impl.RaftServerImpl (RaftServerImpl.java:setRole(171)) - 9bda9dad-fadd-43bb-a848-649d686737da:group-767F60FE3A80 changes role from FOLLOWER to CANDIDATE at term 6 for changeToCandidate
2019-07-14 06:52:40,772 INFO  impl.RoleInfo (RoleInfo.java:updateAndGet(143)) - 9bda9dad-fadd-43bb-a848-649d686737da: start LeaderElection
2019-07-14 06:52:40,788 INFO  impl.LeaderElection (LeaderElection.java:askForVotes(181)) - 9bda9dad-fadd-43bb-a848-649d686737da:group-767F60FE3A80:LeaderElection59: begin an election at term 7 for 0: [ec8ecf58-59d7-498d-96c5-eba8c5551cd0:192.168.5.144:32783, d2125c14-bf5b-4a89-9656-01806452c152:192.168.5.144:36331, 9bda9dad-fadd-43bb-a848-649d686737da:192.168.5.144:44514], old=null
2019-07-14 06:52:40,789 INFO  impl.LeaderElection (LogUtils.java:infoOrTrace(149)) - 9bda9dad-fadd-43bb-a848-649d686737da:group-767F60FE3A80:LeaderElection59 got exception when requesting votes: {}
java.util.concurrent.ExecutionException: org.apache.ratis.thirdparty.io.grpc.StatusRuntimeException: UNAVAILABLE: io exception
	at java.util.concurrent.FutureTask.report(FutureTask.java:122)
	at java.util.concurrent.FutureTask.get(FutureTask.java:192)
	at org.apache.ratis.server.impl.LeaderElection.waitForResults(LeaderElection.java:262)
	at org.apache.ratis.server.impl.LeaderElection.askForVotes(LeaderElection.java:200)
	at org.apache.ratis.server.impl.LeaderElection.run(LeaderElection.java:130)
	at java.lang.Thread.run(Thread.java:748)
Caused by: org.apache.ratis.thirdparty.io.grpc.StatusRuntimeException: UNAVAILABLE: io exception
	at org.apache.ratis.thirdparty.io.grpc.stub.ClientCalls.toStatusRuntimeException(ClientCalls.java:233)
	at org.apache.ratis.thirdparty.io.grpc.stub.ClientCalls.getUnchecked(ClientCalls.java:214)
	at org.apache.ratis.thirdparty.io.grpc.stub.ClientCalls.blockingUnaryCall(ClientCalls.java:139)
	at org.apache.ratis.proto.grpc.RaftServerProtocolServiceGrpc$RaftServerProtocolServiceBlockingStub.requestVote(RaftServerProtocolServiceGrpc.java:265)
	at org.apache.ratis.grpc.server.GrpcServerProtocolClient.requestVote(GrpcServerProtocolClient.java:83)
	at org.apache.ratis.grpc.server.GrpcService.requestVote(GrpcService.java:195)
	at org.apache.ratis.server.impl.LeaderElection.lambda$submitRequests$1(LeaderElection.java:237)
	at java.util.concurrent.FutureTask.run(FutureTask.java:266)
	at java.util.concurrent.Executors$RunnableAdapter.call(Executors.java:511)
	at java.util.concurrent.FutureTask.run(FutureTask.java:266)
	at java.util.concurrent.ThreadPoolExecutor.runWorker(ThreadPoolExecutor.java:1149)
	at java.util.concurrent.ThreadPoolExecutor$Worker.run(ThreadPoolExecutor.java:624)
	... 1 more
Caused by: org.apache.ratis.thirdparty.io.netty.channel.AbstractChannel$AnnotatedConnectException: Connection refused: /192.168.5.144:32783
	at sun.nio.ch.SocketChannelImpl.checkConnect(Native Method)
	at sun.nio.ch.SocketChannelImpl.finishConnect(SocketChannelImpl.java:717)
	at org.apache.ratis.thirdparty.io.netty.channel.socket.nio.NioSocketChannel.doFinishConnect(NioSocketChannel.java:327)
	at org.apache.ratis.thirdparty.io.netty.channel.nio.AbstractNioChannel$AbstractNioUnsafe.finishConnect(AbstractNioChannel.java:340)
	at org.apache.ratis.thirdparty.io.netty.channel.nio.NioEventLoop.processSelectedKey(NioEventLoop.java:632)
	at org.apache.ratis.thirdparty.io.netty.channel.nio.NioEventLoop.processSelectedKeysOptimized(NioEventLoop.java:579)
	at org.apache.ratis.thirdparty.io.netty.channel.nio.NioEventLoop.processSelectedKeys(NioEventLoop.java:496)
	at org.apache.ratis.thirdparty.io.netty.channel.nio.NioEventLoop.run(NioEventLoop.java:458)
	at org.apache.ratis.thirdparty.io.netty.util.concurrent.SingleThreadEventExecutor$5.run(SingleThreadEventExecutor.java:897)
	at org.apache.ratis.thirdparty.io.netty.util.concurrent.FastThreadLocalRunnable.run(FastThreadLocalRunnable.java:30)
	... 1 more
Caused by: java.net.ConnectException: Connection refused
	... 11 more
2019-07-14 06:52:40,796 INFO  impl.LeaderElection (LogUtils.java:infoOrTrace(149)) - 9bda9dad-fadd-43bb-a848-649d686737da:group-767F60FE3A80:LeaderElection59 got exception when requesting votes: {}
java.util.concurrent.ExecutionException: org.apache.ratis.thirdparty.io.grpc.StatusRuntimeException: UNAVAILABLE: io exception
	at java.util.concurrent.FutureTask.report(FutureTask.java:122)
	at java.util.concurrent.FutureTask.get(FutureTask.java:192)
	at org.apache.ratis.server.impl.LeaderElection.waitForResults(LeaderElection.java:262)
	at org.apache.ratis.server.impl.LeaderElection.askForVotes(LeaderElection.java:200)
	at org.apache.ratis.server.impl.LeaderElection.run(LeaderElection.java:130)
	at java.lang.Thread.run(Thread.java:748)
Caused by: org.apache.ratis.thirdparty.io.grpc.StatusRuntimeException: UNAVAILABLE: io exception
	at org.apache.ratis.thirdparty.io.grpc.stub.ClientCalls.toStatusRuntimeException(ClientCalls.java:233)
	at org.apache.ratis.thirdparty.io.grpc.stub.ClientCalls.getUnchecked(ClientCalls.java:214)
	at org.apache.ratis.thirdparty.io.grpc.stub.ClientCalls.blockingUnaryCall(ClientCalls.java:139)
	at org.apache.ratis.proto.grpc.RaftServerProtocolServiceGrpc$RaftServerProtocolServiceBlockingStub.requestVote(RaftServerProtocolServiceGrpc.java:265)
	at org.apache.ratis.grpc.server.GrpcServerProtocolClient.requestVote(GrpcServerProtocolClient.java:83)
	at org.apache.ratis.grpc.server.GrpcService.requestVote(GrpcService.java:195)
	at org.apache.ratis.server.impl.LeaderElection.lambda$submitRequests$1(LeaderElection.java:237)
	at java.util.concurrent.FutureTask.run(FutureTask.java:266)
	at java.util.concurrent.Executors$RunnableAdapter.call(Executors.java:511)
	at java.util.concurrent.FutureTask.run(FutureTask.java:266)
	at java.util.concurrent.ThreadPoolExecutor.runWorker(ThreadPoolExecutor.java:1149)
	at java.util.concurrent.ThreadPoolExecutor$Worker.run(ThreadPoolExecutor.java:624)
	... 1 more
Caused by: org.apache.ratis.thirdparty.io.netty.channel.AbstractChannel$AnnotatedConnectException: Connection refused: /192.168.5.144:36331
	at sun.nio.ch.SocketChannelImpl.checkConnect(Native Method)
	at sun.nio.ch.SocketChannelImpl.finishConnect(SocketChannelImpl.java:717)
	at org.apache.ratis.thirdparty.io.netty.channel.socket.nio.NioSocketChannel.doFinishConnect(NioSocketChannel.java:327)
	at org.apache.ratis.thirdparty.io.netty.channel.nio.AbstractNioChannel$AbstractNioUnsafe.finishConnect(AbstractNioChannel.java:340)
	at org.apache.ratis.thirdparty.io.netty.channel.nio.NioEventLoop.processSelectedKey(NioEventLoop.java:632)
	at org.apache.ratis.thirdparty.io.netty.channel.nio.NioEventLoop.processSelectedKeysOptimized(NioEventLoop.java:579)
	at org.apache.ratis.thirdparty.io.netty.channel.nio.NioEventLoop.processSelectedKeys(NioEventLoop.java:496)
	at org.apache.ratis.thirdparty.io.netty.channel.nio.NioEventLoop.run(NioEventLoop.java:458)
	at org.apache.ratis.thirdparty.io.netty.util.concurrent.SingleThreadEventExecutor$5.run(SingleThreadEventExecutor.java:897)
	at org.apache.ratis.thirdparty.io.netty.util.concurrent.FastThreadLocalRunnable.run(FastThreadLocalRunnable.java:30)
	... 1 more
Caused by: java.net.ConnectException: Connection refused
	... 11 more
2019-07-14 06:52:40,802 INFO  impl.LeaderElection (LeaderElection.java:logAndReturn(56)) - 9bda9dad-fadd-43bb-a848-649d686737da:group-767F60FE3A80:LeaderElection59: Election REJECTED; received 0 response(s) [] and 2 exception(s); 9bda9dad-fadd-43bb-a848-649d686737da:t7, leader=null, voted=9bda9dad-fadd-43bb-a848-649d686737da, raftlog=9bda9dad-fadd-43bb-a848-649d686737da-SegmentedRaftLog:OPENED:c36,f36,i36, conf=0: [ec8ecf58-59d7-498d-96c5-eba8c5551cd0:192.168.5.144:32783, d2125c14-bf5b-4a89-9656-01806452c152:192.168.5.144:36331, 9bda9dad-fadd-43bb-a848-649d686737da:192.168.5.144:44514], old=null
2019-07-14 06:52:40,802 INFO  impl.LeaderElection (LogUtils.java:infoOrTrace(149)) -   Exception 0: {}
java.util.concurrent.ExecutionException: org.apache.ratis.thirdparty.io.grpc.StatusRuntimeException: UNAVAILABLE: io exception
	at java.util.concurrent.FutureTask.report(FutureTask.java:122)
	at java.util.concurrent.FutureTask.get(FutureTask.java:192)
	at org.apache.ratis.server.impl.LeaderElection.waitForResults(LeaderElection.java:262)
	at org.apache.ratis.server.impl.LeaderElection.askForVotes(LeaderElection.java:200)
	at org.apache.ratis.server.impl.LeaderElection.run(LeaderElection.java:130)
	at java.lang.Thread.run(Thread.java:748)
Caused by: org.apache.ratis.thirdparty.io.grpc.StatusRuntimeException: UNAVAILABLE: io exception
	at org.apache.ratis.thirdparty.io.grpc.stub.ClientCalls.toStatusRuntimeException(ClientCalls.java:233)
	at org.apache.ratis.thirdparty.io.grpc.stub.ClientCalls.getUnchecked(ClientCalls.java:214)
	at org.apache.ratis.thirdparty.io.grpc.stub.ClientCalls.blockingUnaryCall(ClientCalls.java:139)
	at org.apache.ratis.proto.grpc.RaftServerProtocolServiceGrpc$RaftServerProtocolServiceBlockingStub.requestVote(RaftServerProtocolServiceGrpc.java:265)
	at org.apache.ratis.grpc.server.GrpcServerProtocolClient.requestVote(GrpcServerProtocolClient.java:83)
	at org.apache.ratis.grpc.server.GrpcService.requestVote(GrpcService.java:195)
	at org.apache.ratis.server.impl.LeaderElection.lambda$submitRequests$1(LeaderElection.java:237)
	at java.util.concurrent.FutureTask.run(FutureTask.java:266)
	at java.util.concurrent.Executors$RunnableAdapter.call(Executors.java:511)
	at java.util.concurrent.FutureTask.run(FutureTask.java:266)
	at java.util.concurrent.ThreadPoolExecutor.runWorker(ThreadPoolExecutor.java:1149)
	at java.util.concurrent.ThreadPoolExecutor$Worker.run(ThreadPoolExecutor.java:624)
	... 1 more
Caused by: org.apache.ratis.thirdparty.io.netty.channel.AbstractChannel$AnnotatedConnectException: Connection refused: /192.168.5.144:32783
	at sun.nio.ch.SocketChannelImpl.checkConnect(Native Method)
	at sun.nio.ch.SocketChannelImpl.finishConnect(SocketChannelImpl.java:717)
	at org.apache.ratis.thirdparty.io.netty.channel.socket.nio.NioSocketChannel.doFinishConnect(NioSocketChannel.java:327)
	at org.apache.ratis.thirdparty.io.netty.channel.nio.AbstractNioChannel$AbstractNioUnsafe.finishConnect(AbstractNioChannel.java:340)
	at org.apache.ratis.thirdparty.io.netty.channel.nio.NioEventLoop.processSelectedKey(NioEventLoop.java:632)
	at org.apache.ratis.thirdparty.io.netty.channel.nio.NioEventLoop.processSelectedKeysOptimized(NioEventLoop.java:579)
	at org.apache.ratis.thirdparty.io.netty.channel.nio.NioEventLoop.processSelectedKeys(NioEventLoop.java:496)
	at org.apache.ratis.thirdparty.io.netty.channel.nio.NioEventLoop.run(NioEventLoop.java:458)
	at org.apache.ratis.thirdparty.io.netty.util.concurrent.SingleThreadEventExecutor$5.run(SingleThreadEventExecutor.java:897)
	at org.apache.ratis.thirdparty.io.netty.util.concurrent.FastThreadLocalRunnable.run(FastThreadLocalRunnable.java:30)
	... 1 more
Caused by: java.net.ConnectException: Connection refused
	... 11 more
2019-07-14 06:52:40,802 INFO  impl.LeaderElection (LogUtils.java:infoOrTrace(149)) -   Exception 1: {}
java.util.concurrent.ExecutionException: org.apache.ratis.thirdparty.io.grpc.StatusRuntimeException: UNAVAILABLE: io exception
	at java.util.concurrent.FutureTask.report(FutureTask.java:122)
	at java.util.concurrent.FutureTask.get(FutureTask.java:192)
	at org.apache.ratis.server.impl.LeaderElection.waitForResults(LeaderElection.java:262)
	at org.apache.ratis.server.impl.LeaderElection.askForVotes(LeaderElection.java:200)
	at org.apache.ratis.server.impl.LeaderElection.run(LeaderElection.java:130)
	at java.lang.Thread.run(Thread.java:748)
Caused by: org.apache.ratis.thirdparty.io.grpc.StatusRuntimeException: UNAVAILABLE: io exception
	at org.apache.ratis.thirdparty.io.grpc.stub.ClientCalls.toStatusRuntimeException(ClientCalls.java:233)
	at org.apache.ratis.thirdparty.io.grpc.stub.ClientCalls.getUnchecked(ClientCalls.java:214)
	at org.apache.ratis.thirdparty.io.grpc.stub.ClientCalls.blockingUnaryCall(ClientCalls.java:139)
	at org.apache.ratis.proto.grpc.RaftServerProtocolServiceGrpc$RaftServerProtocolServiceBlockingStub.requestVote(RaftServerProtocolServiceGrpc.java:265)
	at org.apache.ratis.grpc.server.GrpcServerProtocolClient.requestVote(GrpcServerProtocolClient.java:83)
	at org.apache.ratis.grpc.server.GrpcService.requestVote(GrpcService.java:195)
	at org.apache.ratis.server.impl.LeaderElection.lambda$submitRequests$1(LeaderElection.java:237)
	at java.util.concurrent.FutureTask.run(FutureTask.java:266)
	at java.util.concurrent.Executors$RunnableAdapter.call(Executors.java:511)
	at java.util.concurrent.FutureTask.run(FutureTask.java:266)
	at java.util.concurrent.ThreadPoolExecutor.runWorker(ThreadPoolExecutor.java:1149)
	at java.util.concurrent.ThreadPoolExecutor$Worker.run(ThreadPoolExecutor.java:624)
	... 1 more
Caused by: org.apache.ratis.thirdparty.io.netty.channel.AbstractChannel$AnnotatedConnectException: Connection refused: /192.168.5.144:36331
	at sun.nio.ch.SocketChannelImpl.checkConnect(Native Method)
	at sun.nio.ch.SocketChannelImpl.finishConnect(SocketChannelImpl.java:717)
	at org.apache.ratis.thirdparty.io.netty.channel.socket.nio.NioSocketChannel.doFinishConnect(NioSocketChannel.java:327)
	at org.apache.ratis.thirdparty.io.netty.channel.nio.AbstractNioChannel$AbstractNioUnsafe.finishConnect(AbstractNioChannel.java:340)
	at org.apache.ratis.thirdparty.io.netty.channel.nio.NioEventLoop.processSelectedKey(NioEventLoop.java:632)
	at org.apache.ratis.thirdparty.io.netty.channel.nio.NioEventLoop.processSelectedKeysOptimized(NioEventLoop.java:579)
	at org.apache.ratis.thirdparty.io.netty.channel.nio.NioEventLoop.processSelectedKeys(NioEventLoop.java:496)
	at org.apache.ratis.thirdparty.io.netty.channel.nio.NioEventLoop.run(NioEventLoop.java:458)
	at org.apache.ratis.thirdparty.io.netty.util.concurrent.SingleThreadEventExecutor$5.run(SingleThreadEventExecutor.java:897)
	at org.apache.ratis.thirdparty.io.netty.util.concurrent.FastThreadLocalRunnable.run(FastThreadLocalRunnable.java:30)
	... 1 more
Caused by: java.net.ConnectException: Connection refused
	... 11 more
2019-07-14 06:52:40,803 INFO  impl.RaftServerImpl (RaftServerImpl.java:setRole(171)) - 9bda9dad-fadd-43bb-a848-649d686737da:group-767F60FE3A80 changes role from CANDIDATE to FOLLOWER at term 7 for DISCOVERED_A_NEW_TERM
2019-07-14 06:52:40,803 INFO  impl.RoleInfo (RoleInfo.java:shutdownLeaderElection(134)) - 9bda9dad-fadd-43bb-a848-649d686737da: shutdown LeaderElection
2019-07-14 06:52:40,803 INFO  impl.RoleInfo (RoleInfo.java:updateAndGet(143)) - 9bda9dad-fadd-43bb-a848-649d686737da: start FollowerState
2019-07-14 06:52:40,918 INFO  ozone.MiniOzoneClusterImpl (MiniOzoneClusterImpl.java:lambda$waitForClusterToBeReady$0(142)) - Waiting for cluster to be ready. Got 0 of 6 DN Heartbeats.
2019-07-14 06:52:40,925 INFO  ozoneimpl.OzoneContainer (OzoneContainer.java:start(186)) - Attempting to start container services.
2019-07-14 06:52:40,925 INFO  ozoneimpl.OzoneContainer (OzoneContainer.java:startContainerScrub(160)) - Background container scrubber has been disabled by hdds.containerscrub.enabled
2019-07-14 06:52:40,926 INFO  ratis.XceiverServerRatis (XceiverServerRatis.java:start(418)) - Starting XceiverServerRatis dc6a36be-a5eb-47e6-9565-6495b74a01e3 at port 0
2019-07-14 06:52:40,932 INFO  impl.RaftServerProxy (RaftServerProxy.java:lambda$start$3(299)) - dc6a36be-a5eb-47e6-9565-6495b74a01e3: start RPC server
2019-07-14 06:52:40,933 INFO  server.GrpcService (GrpcService.java:startImpl(149)) - dc6a36be-a5eb-47e6-9565-6495b74a01e3: GrpcService started, listening on 0.0.0.0/0.0.0.0:37094
2019-07-14 06:52:40,933 INFO  ratis.XceiverServerRatis (XceiverServerRatis.java:start(428)) - XceiverServerRatis dc6a36be-a5eb-47e6-9565-6495b74a01e3 is started using port 37094
2019-07-14 06:52:40,934 INFO  server.XceiverServerGrpc (XceiverServerGrpc.java:start(161)) - XceiverServerGrpc dc6a36be-a5eb-47e6-9565-6495b74a01e3 is started using port 45734
2019-07-14 06:52:41,473 INFO  net.NetworkTopology (NetworkTopologyImpl.java:add(110)) - Added a new node: /default-rack/192.168.5.144
2019-07-14 06:52:41,482 INFO  node.SCMNodeManager (SCMNodeManager.java:register(269)) - Registered Data node : 7ef7209e-5510-40ee-a4f7-1370151deb8c{ip: 192.168.5.144, host: trunk-nightly-8c95p-1540871953, networkLocation: /default-rack, certSerialId: null}
2019-07-14 06:52:41,483 INFO  safemode.SCMSafeModeManager (DataNodeSafeModeRule.java:process(71)) - SCM in safe mode. 1 DataNodes registered, 1 required.
2019-07-14 06:52:41,491 INFO  safemode.SCMSafeModeManager (SCMSafeModeManager.java:validateSafeModeExitRules(177)) - ScmSafeModeManager, all rules are successfully validated
2019-07-14 06:52:41,492 INFO  safemode.SCMSafeModeManager (SCMSafeModeManager.java:exitSafeMode(193)) - SCM exiting safe mode.
2019-07-14 06:52:41,516 INFO  impl.RaftServerProxy (RaftServerProxy.java:addNew(89)) - 7ef7209e-5510-40ee-a4f7-1370151deb8c: addNew group-CC5B57A042E7:[7ef7209e-5510-40ee-a4f7-1370151deb8c:192.168.5.144:44380] returns group-CC5B57A042E7:java.util.concurrent.CompletableFuture@1d453796[Not completed]
2019-07-14 06:52:41,518 INFO  impl.RaftServerImpl (RaftServerImpl.java:<init>(93)) - 7ef7209e-5510-40ee-a4f7-1370151deb8c: new RaftServerImpl for group-CC5B57A042E7:[7ef7209e-5510-40ee-a4f7-1370151deb8c:192.168.5.144:44380] with ContainerStateMachine:uninitialized
2019-07-14 06:52:41,518 INFO  server.RaftServerConfigKeys (ConfUtils.java:logGet(43)) - raft.server.rpc.timeout.min = 5s (custom)
2019-07-14 06:52:41,518 INFO  server.RaftServerConfigKeys (ConfUtils.java:logGet(43)) - raft.server.rpc.timeout.max = 5200ms (custom)
2019-07-14 06:52:41,518 INFO  server.RaftServerConfigKeys (ConfUtils.java:logGet(43)) - raft.server.rpcslowness.timeout = 120s (custom)
2019-07-14 06:52:41,518 INFO  server.RaftServerConfigKeys (ConfUtils.java:logGet(43)) - raft.server.sleep.deviation.threshold = 300 (default)
2019-07-14 06:52:41,518 INFO  server.RaftServerConfigKeys (ConfUtils.java:logGet(43)) - raft.server.log.appender.install.snapshot.enabled = false (custom)
2019-07-14 06:52:41,518 INFO  impl.RaftServerImpl (ServerState.java:<init>(105)) - 7ef7209e-5510-40ee-a4f7-1370151deb8c:group-CC5B57A042E7 ConfigurationManager, init=-1: [7ef7209e-5510-40ee-a4f7-1370151deb8c:192.168.5.144:44380], old=null, confs=<EMPTY_MAP>
2019-07-14 06:52:41,519 INFO  server.RaftServerConfigKeys (ConfUtils.java:logGet(43)) - raft.server.storage.dir = [/tmp/workdir/hadoop-ozone/integration-test/target/test-dir/MiniOzoneClusterImpl-05cecf30-6147-484e-ad5f-a3600576eef7/datanode-0/data/ratis] (custom)
2019-07-14 06:52:41,519 INFO  storage.RaftStorageDirectory (RaftStorageDirectory.java:analyzeStorage(246)) - The storage directory /tmp/workdir/hadoop-ozone/integration-test/target/test-dir/MiniOzoneClusterImpl-05cecf30-6147-484e-ad5f-a3600576eef7/datanode-0/data/ratis/1183bd1e-39f7-4757-bb62-cc5b57a042e7 does not exist. Creating ...
2019-07-14 06:52:41,530 INFO  storage.RaftStorageDirectory (RaftStorageDirectory.java:tryLock(328)) - Lock on /tmp/workdir/hadoop-ozone/integration-test/target/test-dir/MiniOzoneClusterImpl-05cecf30-6147-484e-ad5f-a3600576eef7/datanode-0/data/ratis/1183bd1e-39f7-4757-bb62-cc5b57a042e7/in_use.lock acquired by nodename 3046@trunk-nightly-8c95p-1540871953
2019-07-14 06:52:41,542 INFO  storage.RaftStorage (RaftStorage.java:format(72)) - Storage directory /tmp/workdir/hadoop-ozone/integration-test/target/test-dir/MiniOzoneClusterImpl-05cecf30-6147-484e-ad5f-a3600576eef7/datanode-0/data/ratis/1183bd1e-39f7-4757-bb62-cc5b57a042e7 has been successfully formatted.
2019-07-14 06:52:41,543 INFO  ratis.ContainerStateMachine (ContainerStateMachine.java:loadSnapshot(200)) - group-CC5B57A042E7: The snapshot info is null. Setting the last applied indexto:(t:0, i:~)
2019-07-14 06:52:41,543 INFO  server.RaftServerConfigKeys (ConfUtils.java:logGet(43)) - raft.server.leader.election.timeout = 120s (custom)
2019-07-14 06:52:41,543 INFO  server.RaftServerConfigKeys (ConfUtils.java:logGet(43)) - raft.server.log.use.memory = false (default)
2019-07-14 06:52:41,544 INFO  server.RaftServerConfigKeys (ConfUtils.java:logGet(43)) - raft.server.log.purge.gap = 1000000000 (custom)
2019-07-14 06:52:41,545 INFO  server.RaftServerConfigKeys (ConfUtils.java:logGet(43)) - raft.server.log.appender.buffer.byte-limit = 33554432 (custom)
2019-07-14 06:52:41,545 INFO  server.RaftServerConfigKeys (ConfUtils.java:logGet(43)) - raft.server.log.segment.size.max = 1048576 (custom)
2019-07-14 06:52:41,545 INFO  server.RaftServerConfigKeys (ConfUtils.java:logGet(43)) - raft.server.log.segment.cache.num.max = 2 (custom)
2019-07-14 06:52:41,545 INFO  segmented.SegmentedRaftLogWorker (SegmentedRaftLogWorker.java:<init>(172)) - new 7ef7209e-5510-40ee-a4f7-1370151deb8c-SegmentedRaftLogWorker:Storage Directory /tmp/workdir/hadoop-ozone/integration-test/target/test-dir/MiniOzoneClusterImpl-05cecf30-6147-484e-ad5f-a3600576eef7/datanode-0/data/ratis/1183bd1e-39f7-4757-bb62-cc5b57a042e7 for RaftStorage:Storage Directory /tmp/workdir/hadoop-ozone/integration-test/target/test-dir/MiniOzoneClusterImpl-05cecf30-6147-484e-ad5f-a3600576eef7/datanode-0/data/ratis/1183bd1e-39f7-4757-bb62-cc5b57a042e7
2019-07-14 06:52:41,545 INFO  server.RaftServerConfigKeys (ConfUtils.java:logGet(43)) - raft.server.log.queue.byte-limit = 2147483647 (custom)
2019-07-14 06:52:41,546 INFO  server.RaftServerConfigKeys (ConfUtils.java:logGet(43)) - raft.server.log.queue.element-limit = 1024 (custom)
2019-07-14 06:52:41,546 INFO  server.RaftServerConfigKeys (ConfUtils.java:logGet(43)) - raft.server.log.segment.size.max = 1048576 (custom)
2019-07-14 06:52:41,546 INFO  server.RaftServerConfigKeys (ConfUtils.java:logGet(43)) - raft.server.log.preallocated.size = 16384 (custom)
2019-07-14 06:52:41,546 INFO  server.RaftServerConfigKeys (ConfUtils.java:logGet(43)) - raft.server.log.write.buffer.size = 33554432 (custom)
2019-07-14 06:52:41,546 INFO  server.RaftServerConfigKeys (ConfUtils.java:logGet(43)) - raft.server.log.force.sync.num = 128 (default)
2019-07-14 06:52:41,547 INFO  server.RaftServerConfigKeys (ConfUtils.java:logGet(43)) - raft.server.log.statemachine.data.sync = true (default)
2019-07-14 06:52:41,547 INFO  server.RaftServerConfigKeys (ConfUtils.java:logGet(43)) - raft.server.log.statemachine.data.sync.timeout = 10s (default)
2019-07-14 06:52:41,547 INFO  server.RaftServerConfigKeys (ConfUtils.java:logGet(43)) - raft.server.log.statemachine.data.sync.timeout.retry = -1 (default)
2019-07-14 06:52:41,547 INFO  server.RaftServerConfigKeys (ConfUtils.java:logGet(43)) - raft.server.log.statemachine.data.caching.enabled = true (custom)
2019-07-14 06:52:41,548 INFO  segmented.SegmentedRaftLogWorker (SegmentedRaftLogWorker.java:lambda$new$0(132)) - 7ef7209e-5510-40ee-a4f7-1370151deb8c-SegmentedRaftLogWorker:Storage Directory /tmp/workdir/hadoop-ozone/integration-test/target/test-dir/MiniOzoneClusterImpl-05cecf30-6147-484e-ad5f-a3600576eef7/datanode-0/data/ratis/1183bd1e-39f7-4757-bb62-cc5b57a042e7: flushIndex: setUnconditionally 0 -> -1
2019-07-14 06:52:41,548 INFO  server.RaftServerConfigKeys (ConfUtils.java:logGet(43)) - raft.server.snapshot.auto.trigger.enabled = true (custom)
2019-07-14 06:52:41,548 INFO  server.RaftServerConfigKeys (ConfUtils.java:logGet(43)) - raft.server.snapshot.auto.trigger.threshold = 10000 (custom)
2019-07-14 06:52:41,549 INFO  server.RaftServerConfigKeys (ConfUtils.java:logGet(43)) - raft.server.retrycache.expirytime = 600000ms (custom)
2019-07-14 06:52:41,549 INFO  impl.RaftServerImpl (RaftServerImpl.java:start(180)) - 7ef7209e-5510-40ee-a4f7-1370151deb8c: start group-CC5B57A042E7
2019-07-14 06:52:41,549 INFO  impl.RaftServerImpl (RaftServerImpl.java:setRole(171)) - 7ef7209e-5510-40ee-a4f7-1370151deb8c:group-CC5B57A042E7 changes role from null to FOLLOWER at term 0 for startAsFollower
2019-07-14 06:52:41,549 INFO  impl.RoleInfo (RoleInfo.java:updateAndGet(143)) - 7ef7209e-5510-40ee-a4f7-1370151deb8c: start FollowerState
2019-07-14 06:52:41,550 INFO  util.JmxRegister (JmxRegister.java:tryRegister(44)) - Successfully registered JMX Bean with object name Ratis:service=RaftServer,group=group-CC5B57A042E7,id=7ef7209e-5510-40ee-a4f7-1370151deb8c
2019-07-14 06:52:41,552 INFO  pipeline.PipelineStateManager (PipelineStateManager.java:addPipeline(56)) - Created pipeline Pipeline[ Id: 1183bd1e-39f7-4757-bb62-cc5b57a042e7, Nodes: 7ef7209e-5510-40ee-a4f7-1370151deb8c{ip: 192.168.5.144, host: trunk-nightly-8c95p-1540871953, networkLocation: /default-rack, certSerialId: null}, Type:RATIS, Factor:ONE, State:OPEN]
2019-07-14 06:52:41,762 INFO  node.SCMNodeManager (SCMNodeManager.java:register(269)) - Registered Data node : de94ab65-019f-42dc-bf71-f88d48274313{ip: 192.168.5.144, host: trunk-nightly-8c95p-1540871953, networkLocation: /default-rack, certSerialId: null}
2019-07-14 06:52:41,807 INFO  impl.RaftServerProxy (RaftServerProxy.java:addNew(89)) - de94ab65-019f-42dc-bf71-f88d48274313: addNew group-8390BDC7280F:[de94ab65-019f-42dc-bf71-f88d48274313:192.168.5.144:37091] returns group-8390BDC7280F:java.util.concurrent.CompletableFuture@5556089a[Not completed]
2019-07-14 06:52:41,809 INFO  impl.RaftServerImpl (RaftServerImpl.java:<init>(93)) - de94ab65-019f-42dc-bf71-f88d48274313: new RaftServerImpl for group-8390BDC7280F:[de94ab65-019f-42dc-bf71-f88d48274313:192.168.5.144:37091] with ContainerStateMachine:uninitialized
2019-07-14 06:52:41,809 INFO  server.RaftServerConfigKeys (ConfUtils.java:logGet(43)) - raft.server.rpc.timeout.min = 5s (custom)
2019-07-14 06:52:41,809 INFO  server.RaftServerConfigKeys (ConfUtils.java:logGet(43)) - raft.server.rpc.timeout.max = 5200ms (custom)
2019-07-14 06:52:41,809 INFO  server.RaftServerConfigKeys (ConfUtils.java:logGet(43)) - raft.server.rpcslowness.timeout = 120s (custom)
2019-07-14 06:52:41,809 INFO  server.RaftServerConfigKeys (ConfUtils.java:logGet(43)) - raft.server.sleep.deviation.threshold = 300 (default)
2019-07-14 06:52:41,809 INFO  server.RaftServerConfigKeys (ConfUtils.java:logGet(43)) - raft.server.log.appender.install.snapshot.enabled = false (custom)
2019-07-14 06:52:41,809 INFO  impl.RaftServerImpl (ServerState.java:<init>(105)) - de94ab65-019f-42dc-bf71-f88d48274313:group-8390BDC7280F ConfigurationManager, init=-1: [de94ab65-019f-42dc-bf71-f88d48274313:192.168.5.144:37091], old=null, confs=<EMPTY_MAP>
2019-07-14 06:52:41,810 INFO  server.RaftServerConfigKeys (ConfUtils.java:logGet(43)) - raft.server.storage.dir = [/tmp/workdir/hadoop-ozone/integration-test/target/test-dir/MiniOzoneClusterImpl-05cecf30-6147-484e-ad5f-a3600576eef7/datanode-1/data/ratis] (custom)
2019-07-14 06:52:41,810 INFO  storage.RaftStorageDirectory (RaftStorageDirectory.java:analyzeStorage(246)) - The storage directory /tmp/workdir/hadoop-ozone/integration-test/target/test-dir/MiniOzoneClusterImpl-05cecf30-6147-484e-ad5f-a3600576eef7/datanode-1/data/ratis/eb87eed9-900e-4814-981f-8390bdc7280f does not exist. Creating ...
2019-07-14 06:52:41,824 INFO  storage.RaftStorageDirectory (RaftStorageDirectory.java:tryLock(328)) - Lock on /tmp/workdir/hadoop-ozone/integration-test/target/test-dir/MiniOzoneClusterImpl-05cecf30-6147-484e-ad5f-a3600576eef7/datanode-1/data/ratis/eb87eed9-900e-4814-981f-8390bdc7280f/in_use.lock acquired by nodename 3046@trunk-nightly-8c95p-1540871953
2019-07-14 06:52:41,827 INFO  storage.RaftStorage (RaftStorage.java:format(72)) - Storage directory /tmp/workdir/hadoop-ozone/integration-test/target/test-dir/MiniOzoneClusterImpl-05cecf30-6147-484e-ad5f-a3600576eef7/datanode-1/data/ratis/eb87eed9-900e-4814-981f-8390bdc7280f has been successfully formatted.
2019-07-14 06:52:41,827 INFO  ratis.ContainerStateMachine (ContainerStateMachine.java:loadSnapshot(200)) - group-8390BDC7280F: The snapshot info is null. Setting the last applied indexto:(t:0, i:~)
2019-07-14 06:52:41,828 INFO  server.RaftServerConfigKeys (ConfUtils.java:logGet(43)) - raft.server.leader.election.timeout = 120s (custom)
2019-07-14 06:52:41,828 INFO  server.RaftServerConfigKeys (ConfUtils.java:logGet(43)) - raft.server.log.use.memory = false (default)
2019-07-14 06:52:41,828 INFO  server.RaftServerConfigKeys (ConfUtils.java:logGet(43)) - raft.server.log.purge.gap = 1000000000 (custom)
2019-07-14 06:52:41,828 INFO  server.RaftServerConfigKeys (ConfUtils.java:logGet(43)) - raft.server.log.appender.buffer.byte-limit = 33554432 (custom)
2019-07-14 06:52:41,828 INFO  server.RaftServerConfigKeys (ConfUtils.java:logGet(43)) - raft.server.log.segment.size.max = 1048576 (custom)
2019-07-14 06:52:41,828 INFO  server.RaftServerConfigKeys (ConfUtils.java:logGet(43)) - raft.server.log.segment.cache.num.max = 2 (custom)
2019-07-14 06:52:41,828 INFO  segmented.SegmentedRaftLogWorker (SegmentedRaftLogWorker.java:<init>(172)) - new de94ab65-019f-42dc-bf71-f88d48274313-SegmentedRaftLogWorker:Storage Directory /tmp/workdir/hadoop-ozone/integration-test/target/test-dir/MiniOzoneClusterImpl-05cecf30-6147-484e-ad5f-a3600576eef7/datanode-1/data/ratis/eb87eed9-900e-4814-981f-8390bdc7280f for RaftStorage:Storage Directory /tmp/workdir/hadoop-ozone/integration-test/target/test-dir/MiniOzoneClusterImpl-05cecf30-6147-484e-ad5f-a3600576eef7/datanode-1/data/ratis/eb87eed9-900e-4814-981f-8390bdc7280f
2019-07-14 06:52:41,829 INFO  server.RaftServerConfigKeys (ConfUtils.java:logGet(43)) - raft.server.log.queue.byte-limit = 2147483647 (custom)
2019-07-14 06:52:41,829 INFO  server.RaftServerConfigKeys (ConfUtils.java:logGet(43)) - raft.server.log.queue.element-limit = 1024 (custom)
2019-07-14 06:52:41,829 INFO  server.RaftServerConfigKeys (ConfUtils.java:logGet(43)) - raft.server.log.segment.size.max = 1048576 (custom)
2019-07-14 06:52:41,829 INFO  server.RaftServerConfigKeys (ConfUtils.java:logGet(43)) - raft.server.log.preallocated.size = 16384 (custom)
2019-07-14 06:52:41,829 INFO  server.RaftServerConfigKeys (ConfUtils.java:logGet(43)) - raft.server.log.write.buffer.size = 33554432 (custom)
2019-07-14 06:52:41,829 INFO  server.RaftServerConfigKeys (ConfUtils.java:logGet(43)) - raft.server.log.force.sync.num = 128 (default)
2019-07-14 06:52:41,829 INFO  server.RaftServerConfigKeys (ConfUtils.java:logGet(43)) - raft.server.log.statemachine.data.sync = true (default)
2019-07-14 06:52:41,830 INFO  server.RaftServerConfigKeys (ConfUtils.java:logGet(43)) - raft.server.log.statemachine.data.sync.timeout = 10s (default)
2019-07-14 06:52:41,830 INFO  server.RaftServerConfigKeys (ConfUtils.java:logGet(43)) - raft.server.log.statemachine.data.sync.timeout.retry = -1 (default)
2019-07-14 06:52:41,830 INFO  server.RaftServerConfigKeys (ConfUtils.java:logGet(43)) - raft.server.log.statemachine.data.caching.enabled = true (custom)
2019-07-14 06:52:41,830 INFO  segmented.SegmentedRaftLogWorker (SegmentedRaftLogWorker.java:lambda$new$0(132)) - de94ab65-019f-42dc-bf71-f88d48274313-SegmentedRaftLogWorker:Storage Directory /tmp/workdir/hadoop-ozone/integration-test/target/test-dir/MiniOzoneClusterImpl-05cecf30-6147-484e-ad5f-a3600576eef7/datanode-1/data/ratis/eb87eed9-900e-4814-981f-8390bdc7280f: flushIndex: setUnconditionally 0 -> -1
2019-07-14 06:52:41,831 INFO  server.RaftServerConfigKeys (ConfUtils.java:logGet(43)) - raft.server.snapshot.auto.trigger.enabled = true (custom)
2019-07-14 06:52:41,831 INFO  server.RaftServerConfigKeys (ConfUtils.java:logGet(43)) - raft.server.snapshot.auto.trigger.threshold = 10000 (custom)
2019-07-14 06:52:41,831 INFO  server.RaftServerConfigKeys (ConfUtils.java:logGet(43)) - raft.server.retrycache.expirytime = 600000ms (custom)
2019-07-14 06:52:41,831 INFO  impl.RaftServerImpl (RaftServerImpl.java:start(180)) - de94ab65-019f-42dc-bf71-f88d48274313: start group-8390BDC7280F
2019-07-14 06:52:41,831 INFO  impl.RaftServerImpl (RaftServerImpl.java:setRole(171)) - de94ab65-019f-42dc-bf71-f88d48274313:group-8390BDC7280F changes role from null to FOLLOWER at term 0 for startAsFollower
2019-07-14 06:52:41,831 INFO  impl.RoleInfo (RoleInfo.java:updateAndGet(143)) - de94ab65-019f-42dc-bf71-f88d48274313: start FollowerState
2019-07-14 06:52:41,832 INFO  util.JmxRegister (JmxRegister.java:tryRegister(44)) - Successfully registered JMX Bean with object name Ratis:service=RaftServer,group=group-8390BDC7280F,id=de94ab65-019f-42dc-bf71-f88d48274313
2019-07-14 06:52:41,834 INFO  pipeline.PipelineStateManager (PipelineStateManager.java:addPipeline(56)) - Created pipeline Pipeline[ Id: eb87eed9-900e-4814-981f-8390bdc7280f, Nodes: de94ab65-019f-42dc-bf71-f88d48274313{ip: 192.168.5.144, host: trunk-nightly-8c95p-1540871953, networkLocation: /default-rack, certSerialId: null}, Type:RATIS, Factor:ONE, State:OPEN]
2019-07-14 06:52:41,918 INFO  ozone.MiniOzoneClusterImpl (MiniOzoneClusterImpl.java:lambda$waitForClusterToBeReady$0(142)) - Waiting for cluster to be ready. Got 2 of 6 DN Heartbeats.
2019-07-14 06:52:41,959 INFO  node.SCMNodeManager (SCMNodeManager.java:register(269)) - Registered Data node : f34f04f7-03f7-4560-a51c-a1465920505f{ip: 192.168.5.144, host: trunk-nightly-8c95p-1540871953, networkLocation: /default-rack, certSerialId: null}
2019-07-14 06:52:41,984 INFO  impl.RaftServerProxy (RaftServerProxy.java:addNew(89)) - f34f04f7-03f7-4560-a51c-a1465920505f: addNew group-97A48C9D1655:[f34f04f7-03f7-4560-a51c-a1465920505f:192.168.5.144:46425] returns group-97A48C9D1655:java.util.concurrent.CompletableFuture@61d283b0[Not completed]
2019-07-14 06:52:41,985 INFO  impl.RaftServerImpl (RaftServerImpl.java:<init>(93)) - f34f04f7-03f7-4560-a51c-a1465920505f: new RaftServerImpl for group-97A48C9D1655:[f34f04f7-03f7-4560-a51c-a1465920505f:192.168.5.144:46425] with ContainerStateMachine:uninitialized
2019-07-14 06:52:41,985 INFO  server.RaftServerConfigKeys (ConfUtils.java:logGet(43)) - raft.server.rpc.timeout.min = 5s (custom)
2019-07-14 06:52:41,985 INFO  server.RaftServerConfigKeys (ConfUtils.java:logGet(43)) - raft.server.rpc.timeout.max = 5200ms (custom)
2019-07-14 06:52:41,985 INFO  server.RaftServerConfigKeys (ConfUtils.java:logGet(43)) - raft.server.rpcslowness.timeout = 120s (custom)
2019-07-14 06:52:41,985 INFO  server.RaftServerConfigKeys (ConfUtils.java:logGet(43)) - raft.server.sleep.deviation.threshold = 300 (default)
2019-07-14 06:52:41,985 INFO  server.RaftServerConfigKeys (ConfUtils.java:logGet(43)) - raft.server.log.appender.install.snapshot.enabled = false (custom)
2019-07-14 06:52:41,986 INFO  impl.RaftServerImpl (ServerState.java:<init>(105)) - f34f04f7-03f7-4560-a51c-a1465920505f:group-97A48C9D1655 ConfigurationManager, init=-1: [f34f04f7-03f7-4560-a51c-a1465920505f:192.168.5.144:46425], old=null, confs=<EMPTY_MAP>
2019-07-14 06:52:41,986 INFO  server.RaftServerConfigKeys (ConfUtils.java:logGet(43)) - raft.server.storage.dir = [/tmp/workdir/hadoop-ozone/integration-test/target/test-dir/MiniOzoneClusterImpl-05cecf30-6147-484e-ad5f-a3600576eef7/datanode-2/data/ratis] (custom)
2019-07-14 06:52:41,986 INFO  storage.RaftStorageDirectory (RaftStorageDirectory.java:analyzeStorage(246)) - The storage directory /tmp/workdir/hadoop-ozone/integration-test/target/test-dir/MiniOzoneClusterImpl-05cecf30-6147-484e-ad5f-a3600576eef7/datanode-2/data/ratis/d501a54f-5058-45bf-8933-97a48c9d1655 does not exist. Creating ...
2019-07-14 06:52:41,991 INFO  storage.RaftStorageDirectory (RaftStorageDirectory.java:tryLock(328)) - Lock on /tmp/workdir/hadoop-ozone/integration-test/target/test-dir/MiniOzoneClusterImpl-05cecf30-6147-484e-ad5f-a3600576eef7/datanode-2/data/ratis/d501a54f-5058-45bf-8933-97a48c9d1655/in_use.lock acquired by nodename 3046@trunk-nightly-8c95p-1540871953
2019-07-14 06:52:41,994 INFO  storage.RaftStorage (RaftStorage.java:format(72)) - Storage directory /tmp/workdir/hadoop-ozone/integration-test/target/test-dir/MiniOzoneClusterImpl-05cecf30-6147-484e-ad5f-a3600576eef7/datanode-2/data/ratis/d501a54f-5058-45bf-8933-97a48c9d1655 has been successfully formatted.
2019-07-14 06:52:41,994 INFO  ratis.ContainerStateMachine (ContainerStateMachine.java:loadSnapshot(200)) - group-97A48C9D1655: The snapshot info is null. Setting the last applied indexto:(t:0, i:~)
2019-07-14 06:52:41,994 INFO  server.RaftServerConfigKeys (ConfUtils.java:logGet(43)) - raft.server.leader.election.timeout = 120s (custom)
2019-07-14 06:52:41,995 INFO  server.RaftServerConfigKeys (ConfUtils.java:logGet(43)) - raft.server.log.use.memory = false (default)
2019-07-14 06:52:41,995 INFO  server.RaftServerConfigKeys (ConfUtils.java:logGet(43)) - raft.server.log.purge.gap = 1000000000 (custom)
2019-07-14 06:52:41,995 INFO  server.RaftServerConfigKeys (ConfUtils.java:logGet(43)) - raft.server.log.appender.buffer.byte-limit = 33554432 (custom)
2019-07-14 06:52:41,995 INFO  server.RaftServerConfigKeys (ConfUtils.java:logGet(43)) - raft.server.log.segment.size.max = 1048576 (custom)
2019-07-14 06:52:41,995 INFO  server.RaftServerConfigKeys (ConfUtils.java:logGet(43)) - raft.server.log.segment.cache.num.max = 2 (custom)
2019-07-14 06:52:41,996 INFO  segmented.SegmentedRaftLogWorker (SegmentedRaftLogWorker.java:<init>(172)) - new f34f04f7-03f7-4560-a51c-a1465920505f-SegmentedRaftLogWorker:Storage Directory /tmp/workdir/hadoop-ozone/integration-test/target/test-dir/MiniOzoneClusterImpl-05cecf30-6147-484e-ad5f-a3600576eef7/datanode-2/data/ratis/d501a54f-5058-45bf-8933-97a48c9d1655 for RaftStorage:Storage Directory /tmp/workdir/hadoop-ozone/integration-test/target/test-dir/MiniOzoneClusterImpl-05cecf30-6147-484e-ad5f-a3600576eef7/datanode-2/data/ratis/d501a54f-5058-45bf-8933-97a48c9d1655
2019-07-14 06:52:41,996 INFO  server.RaftServerConfigKeys (ConfUtils.java:logGet(43)) - raft.server.log.queue.byte-limit = 2147483647 (custom)
2019-07-14 06:52:41,996 INFO  server.RaftServerConfigKeys (ConfUtils.java:logGet(43)) - raft.server.log.queue.element-limit = 1024 (custom)
2019-07-14 06:52:41,996 INFO  server.RaftServerConfigKeys (ConfUtils.java:logGet(43)) - raft.server.log.segment.size.max = 1048576 (custom)
2019-07-14 06:52:41,996 INFO  server.RaftServerConfigKeys (ConfUtils.java:logGet(43)) - raft.server.log.preallocated.size = 16384 (custom)
2019-07-14 06:52:41,996 INFO  server.RaftServerConfigKeys (ConfUtils.java:logGet(43)) - raft.server.log.write.buffer.size = 33554432 (custom)
2019-07-14 06:52:41,997 INFO  server.RaftServerConfigKeys (ConfUtils.java:logGet(43)) - raft.server.log.force.sync.num = 128 (default)
2019-07-14 06:52:41,997 INFO  server.RaftServerConfigKeys (ConfUtils.java:logGet(43)) - raft.server.log.statemachine.data.sync = true (default)
2019-07-14 06:52:41,997 INFO  server.RaftServerConfigKeys (ConfUtils.java:logGet(43)) - raft.server.log.statemachine.data.sync.timeout = 10s (default)
2019-07-14 06:52:41,997 INFO  server.RaftServerConfigKeys (ConfUtils.java:logGet(43)) - raft.server.log.statemachine.data.sync.timeout.retry = -1 (default)
2019-07-14 06:52:41,997 INFO  server.RaftServerConfigKeys (ConfUtils.java:logGet(43)) - raft.server.log.statemachine.data.caching.enabled = true (custom)
2019-07-14 06:52:41,998 INFO  segmented.SegmentedRaftLogWorker (SegmentedRaftLogWorker.java:lambda$new$0(132)) - f34f04f7-03f7-4560-a51c-a1465920505f-SegmentedRaftLogWorker:Storage Directory /tmp/workdir/hadoop-ozone/integration-test/target/test-dir/MiniOzoneClusterImpl-05cecf30-6147-484e-ad5f-a3600576eef7/datanode-2/data/ratis/d501a54f-5058-45bf-8933-97a48c9d1655: flushIndex: setUnconditionally 0 -> -1
2019-07-14 06:52:41,998 INFO  server.RaftServerConfigKeys (ConfUtils.java:logGet(43)) - raft.server.snapshot.auto.trigger.enabled = true (custom)
2019-07-14 06:52:41,998 INFO  server.RaftServerConfigKeys (ConfUtils.java:logGet(43)) - raft.server.snapshot.auto.trigger.threshold = 10000 (custom)
2019-07-14 06:52:41,998 INFO  server.RaftServerConfigKeys (ConfUtils.java:logGet(43)) - raft.server.retrycache.expirytime = 600000ms (custom)
2019-07-14 06:52:41,999 INFO  impl.RaftServerImpl (RaftServerImpl.java:start(180)) - f34f04f7-03f7-4560-a51c-a1465920505f: start group-97A48C9D1655
2019-07-14 06:52:41,999 INFO  impl.RaftServerImpl (RaftServerImpl.java:setRole(171)) - f34f04f7-03f7-4560-a51c-a1465920505f:group-97A48C9D1655 changes role from null to FOLLOWER at term 0 for startAsFollower
2019-07-14 06:52:41,999 INFO  impl.RoleInfo (RoleInfo.java:updateAndGet(143)) - f34f04f7-03f7-4560-a51c-a1465920505f: start FollowerState
2019-07-14 06:52:41,999 INFO  util.JmxRegister (JmxRegister.java:tryRegister(44)) - Successfully registered JMX Bean with object name Ratis:service=RaftServer,group=group-97A48C9D1655,id=f34f04f7-03f7-4560-a51c-a1465920505f
2019-07-14 06:52:42,001 INFO  pipeline.PipelineStateManager (PipelineStateManager.java:addPipeline(56)) - Created pipeline Pipeline[ Id: d501a54f-5058-45bf-8933-97a48c9d1655, Nodes: f34f04f7-03f7-4560-a51c-a1465920505f{ip: 192.168.5.144, host: trunk-nightly-8c95p-1540871953, networkLocation: /default-rack, certSerialId: null}, Type:RATIS, Factor:ONE, State:OPEN]
2019-07-14 06:52:42,092 INFO  impl.RaftServerProxy (RaftServerProxy.java:addNew(89)) - f34f04f7-03f7-4560-a51c-a1465920505f: addNew group-8FE0ABC25568:[de94ab65-019f-42dc-bf71-f88d48274313:192.168.5.144:37091, 7ef7209e-5510-40ee-a4f7-1370151deb8c:192.168.5.144:44380, f34f04f7-03f7-4560-a51c-a1465920505f:192.168.5.144:46425] returns group-8FE0ABC25568:java.util.concurrent.CompletableFuture@7d637964[Not completed]
2019-07-14 06:52:42,092 INFO  impl.RaftServerProxy (RaftServerProxy.java:addNew(89)) - 7ef7209e-5510-40ee-a4f7-1370151deb8c: addNew group-8FE0ABC25568:[de94ab65-019f-42dc-bf71-f88d48274313:192.168.5.144:37091, 7ef7209e-5510-40ee-a4f7-1370151deb8c:192.168.5.144:44380, f34f04f7-03f7-4560-a51c-a1465920505f:192.168.5.144:46425] returns group-8FE0ABC25568:java.util.concurrent.CompletableFuture@3e65db19[Not completed]
2019-07-14 06:52:42,092 INFO  impl.RaftServerProxy (RaftServerProxy.java:addNew(89)) - de94ab65-019f-42dc-bf71-f88d48274313: addNew group-8FE0ABC25568:[de94ab65-019f-42dc-bf71-f88d48274313:192.168.5.144:37091, 7ef7209e-5510-40ee-a4f7-1370151deb8c:192.168.5.144:44380, f34f04f7-03f7-4560-a51c-a1465920505f:192.168.5.144:46425] returns group-8FE0ABC25568:java.util.concurrent.CompletableFuture@4e2ba829[Not completed]
2019-07-14 06:52:42,093 INFO  impl.RaftServerImpl (RaftServerImpl.java:<init>(93)) - f34f04f7-03f7-4560-a51c-a1465920505f: new RaftServerImpl for group-8FE0ABC25568:[de94ab65-019f-42dc-bf71-f88d48274313:192.168.5.144:37091, 7ef7209e-5510-40ee-a4f7-1370151deb8c:192.168.5.144:44380, f34f04f7-03f7-4560-a51c-a1465920505f:192.168.5.144:46425] with ContainerStateMachine:uninitialized
2019-07-14 06:52:42,093 INFO  server.RaftServerConfigKeys (ConfUtils.java:logGet(43)) - raft.server.rpc.timeout.min = 5s (custom)
2019-07-14 06:52:42,093 INFO  server.RaftServerConfigKeys (ConfUtils.java:logGet(43)) - raft.server.rpc.timeout.max = 5200ms (custom)
2019-07-14 06:52:42,093 INFO  server.RaftServerConfigKeys (ConfUtils.java:logGet(43)) - raft.server.rpcslowness.timeout = 120s (custom)
2019-07-14 06:52:42,094 INFO  server.RaftServerConfigKeys (ConfUtils.java:logGet(43)) - raft.server.sleep.deviation.threshold = 300 (default)
2019-07-14 06:52:42,094 INFO  server.RaftServerConfigKeys (ConfUtils.java:logGet(43)) - raft.server.log.appender.install.snapshot.enabled = false (custom)
2019-07-14 06:52:42,094 INFO  impl.RaftServerImpl (ServerState.java:<init>(105)) - f34f04f7-03f7-4560-a51c-a1465920505f:group-8FE0ABC25568 ConfigurationManager, init=-1: [de94ab65-019f-42dc-bf71-f88d48274313:192.168.5.144:37091, 7ef7209e-5510-40ee-a4f7-1370151deb8c:192.168.5.144:44380, f34f04f7-03f7-4560-a51c-a1465920505f:192.168.5.144:46425], old=null, confs=<EMPTY_MAP>
2019-07-14 06:52:42,094 INFO  impl.RaftServerImpl (RaftServerImpl.java:<init>(93)) - 7ef7209e-5510-40ee-a4f7-1370151deb8c: new RaftServerImpl for group-8FE0ABC25568:[de94ab65-019f-42dc-bf71-f88d48274313:192.168.5.144:37091, 7ef7209e-5510-40ee-a4f7-1370151deb8c:192.168.5.144:44380, f34f04f7-03f7-4560-a51c-a1465920505f:192.168.5.144:46425] with ContainerStateMachine:uninitialized
2019-07-14 06:52:42,094 INFO  server.RaftServerConfigKeys (ConfUtils.java:logGet(43)) - raft.server.storage.dir = [/tmp/workdir/hadoop-ozone/integration-test/target/test-dir/MiniOzoneClusterImpl-05cecf30-6147-484e-ad5f-a3600576eef7/datanode-2/data/ratis] (custom)
2019-07-14 06:52:42,094 INFO  impl.RaftServerImpl (RaftServerImpl.java:<init>(93)) - de94ab65-019f-42dc-bf71-f88d48274313: new RaftServerImpl for group-8FE0ABC25568:[de94ab65-019f-42dc-bf71-f88d48274313:192.168.5.144:37091, 7ef7209e-5510-40ee-a4f7-1370151deb8c:192.168.5.144:44380, f34f04f7-03f7-4560-a51c-a1465920505f:192.168.5.144:46425] with ContainerStateMachine:uninitialized
2019-07-14 06:52:42,094 INFO  server.RaftServerConfigKeys (ConfUtils.java:logGet(43)) - raft.server.rpc.timeout.min = 5s (custom)
2019-07-14 06:52:42,094 INFO  storage.RaftStorageDirectory (RaftStorageDirectory.java:analyzeStorage(246)) - The storage directory /tmp/workdir/hadoop-ozone/integration-test/target/test-dir/MiniOzoneClusterImpl-05cecf30-6147-484e-ad5f-a3600576eef7/datanode-2/data/ratis/adfeecd9-d2e7-4e17-a699-8fe0abc25568 does not exist. Creating ...
2019-07-14 06:52:42,094 INFO  server.RaftServerConfigKeys (ConfUtils.java:logGet(43)) - raft.server.rpc.timeout.min = 5s (custom)
2019-07-14 06:52:42,094 INFO  server.RaftServerConfigKeys (ConfUtils.java:logGet(43)) - raft.server.rpc.timeout.max = 5200ms (custom)
2019-07-14 06:52:42,095 INFO  server.RaftServerConfigKeys (ConfUtils.java:logGet(43)) - raft.server.rpc.timeout.max = 5200ms (custom)
2019-07-14 06:52:42,095 INFO  server.RaftServerConfigKeys (ConfUtils.java:logGet(43)) - raft.server.rpcslowness.timeout = 120s (custom)
2019-07-14 06:52:42,095 INFO  server.RaftServerConfigKeys (ConfUtils.java:logGet(43)) - raft.server.rpcslowness.timeout = 120s (custom)
2019-07-14 06:52:42,095 INFO  server.RaftServerConfigKeys (ConfUtils.java:logGet(43)) - raft.server.sleep.deviation.threshold = 300 (default)
2019-07-14 06:52:42,095 INFO  server.RaftServerConfigKeys (ConfUtils.java:logGet(43)) - raft.server.sleep.deviation.threshold = 300 (default)
2019-07-14 06:52:42,095 INFO  server.RaftServerConfigKeys (ConfUtils.java:logGet(43)) - raft.server.log.appender.install.snapshot.enabled = false (custom)
2019-07-14 06:52:42,095 INFO  server.RaftServerConfigKeys (ConfUtils.java:logGet(43)) - raft.server.log.appender.install.snapshot.enabled = false (custom)
2019-07-14 06:52:42,096 INFO  impl.RaftServerImpl (ServerState.java:<init>(105)) - 7ef7209e-5510-40ee-a4f7-1370151deb8c:group-8FE0ABC25568 ConfigurationManager, init=-1: [de94ab65-019f-42dc-bf71-f88d48274313:192.168.5.144:37091, 7ef7209e-5510-40ee-a4f7-1370151deb8c:192.168.5.144:44380, f34f04f7-03f7-4560-a51c-a1465920505f:192.168.5.144:46425], old=null, confs=<EMPTY_MAP>
2019-07-14 06:52:42,096 INFO  impl.RaftServerImpl (ServerState.java:<init>(105)) - de94ab65-019f-42dc-bf71-f88d48274313:group-8FE0ABC25568 ConfigurationManager, init=-1: [de94ab65-019f-42dc-bf71-f88d48274313:192.168.5.144:37091, 7ef7209e-5510-40ee-a4f7-1370151deb8c:192.168.5.144:44380, f34f04f7-03f7-4560-a51c-a1465920505f:192.168.5.144:46425], old=null, confs=<EMPTY_MAP>
2019-07-14 06:52:42,096 INFO  server.RaftServerConfigKeys (ConfUtils.java:logGet(43)) - raft.server.storage.dir = [/tmp/workdir/hadoop-ozone/integration-test/target/test-dir/MiniOzoneClusterImpl-05cecf30-6147-484e-ad5f-a3600576eef7/datanode-0/data/ratis] (custom)
2019-07-14 06:52:42,096 INFO  server.RaftServerConfigKeys (ConfUtils.java:logGet(43)) - raft.server.storage.dir = [/tmp/workdir/hadoop-ozone/integration-test/target/test-dir/MiniOzoneClusterImpl-05cecf30-6147-484e-ad5f-a3600576eef7/datanode-1/data/ratis] (custom)
2019-07-14 06:52:42,096 INFO  storage.RaftStorageDirectory (RaftStorageDirectory.java:analyzeStorage(246)) - The storage directory /tmp/workdir/hadoop-ozone/integration-test/target/test-dir/MiniOzoneClusterImpl-05cecf30-6147-484e-ad5f-a3600576eef7/datanode-0/data/ratis/adfeecd9-d2e7-4e17-a699-8fe0abc25568 does not exist. Creating ...
2019-07-14 06:52:42,096 INFO  storage.RaftStorageDirectory (RaftStorageDirectory.java:analyzeStorage(246)) - The storage directory /tmp/workdir/hadoop-ozone/integration-test/target/test-dir/MiniOzoneClusterImpl-05cecf30-6147-484e-ad5f-a3600576eef7/datanode-1/data/ratis/adfeecd9-d2e7-4e17-a699-8fe0abc25568 does not exist. Creating ...
2019-07-14 06:52:42,108 INFO  storage.RaftStorageDirectory (RaftStorageDirectory.java:tryLock(328)) - Lock on /tmp/workdir/hadoop-ozone/integration-test/target/test-dir/MiniOzoneClusterImpl-05cecf30-6147-484e-ad5f-a3600576eef7/datanode-0/data/ratis/adfeecd9-d2e7-4e17-a699-8fe0abc25568/in_use.lock acquired by nodename 3046@trunk-nightly-8c95p-1540871953
2019-07-14 06:52:42,108 INFO  storage.RaftStorageDirectory (RaftStorageDirectory.java:tryLock(328)) - Lock on /tmp/workdir/hadoop-ozone/integration-test/target/test-dir/MiniOzoneClusterImpl-05cecf30-6147-484e-ad5f-a3600576eef7/datanode-2/data/ratis/adfeecd9-d2e7-4e17-a699-8fe0abc25568/in_use.lock acquired by nodename 3046@trunk-nightly-8c95p-1540871953
2019-07-14 06:52:42,108 INFO  storage.RaftStorageDirectory (RaftStorageDirectory.java:tryLock(328)) - Lock on /tmp/workdir/hadoop-ozone/integration-test/target/test-dir/MiniOzoneClusterImpl-05cecf30-6147-484e-ad5f-a3600576eef7/datanode-1/data/ratis/adfeecd9-d2e7-4e17-a699-8fe0abc25568/in_use.lock acquired by nodename 3046@trunk-nightly-8c95p-1540871953
2019-07-14 06:52:42,114 INFO  storage.RaftStorage (RaftStorage.java:format(72)) - Storage directory /tmp/workdir/hadoop-ozone/integration-test/target/test-dir/MiniOzoneClusterImpl-05cecf30-6147-484e-ad5f-a3600576eef7/datanode-2/data/ratis/adfeecd9-d2e7-4e17-a699-8fe0abc25568 has been successfully formatted.
2019-07-14 06:52:42,114 INFO  storage.RaftStorage (RaftStorage.java:format(72)) - Storage directory /tmp/workdir/hadoop-ozone/integration-test/target/test-dir/MiniOzoneClusterImpl-05cecf30-6147-484e-ad5f-a3600576eef7/datanode-0/data/ratis/adfeecd9-d2e7-4e17-a699-8fe0abc25568 has been successfully formatted.
2019-07-14 06:52:42,114 INFO  storage.RaftStorage (RaftStorage.java:format(72)) - Storage directory /tmp/workdir/hadoop-ozone/integration-test/target/test-dir/MiniOzoneClusterImpl-05cecf30-6147-484e-ad5f-a3600576eef7/datanode-1/data/ratis/adfeecd9-d2e7-4e17-a699-8fe0abc25568 has been successfully formatted.
2019-07-14 06:52:42,114 INFO  ratis.ContainerStateMachine (ContainerStateMachine.java:loadSnapshot(200)) - group-8FE0ABC25568: The snapshot info is null. Setting the last applied indexto:(t:0, i:~)
2019-07-14 06:52:42,115 INFO  ratis.ContainerStateMachine (ContainerStateMachine.java:loadSnapshot(200)) - group-8FE0ABC25568: The snapshot info is null. Setting the last applied indexto:(t:0, i:~)
2019-07-14 06:52:42,115 INFO  ratis.ContainerStateMachine (ContainerStateMachine.java:loadSnapshot(200)) - group-8FE0ABC25568: The snapshot info is null. Setting the last applied indexto:(t:0, i:~)
2019-07-14 06:52:42,115 INFO  server.RaftServerConfigKeys (ConfUtils.java:logGet(43)) - raft.server.leader.election.timeout = 120s (custom)
2019-07-14 06:52:42,115 INFO  server.RaftServerConfigKeys (ConfUtils.java:logGet(43)) - raft.server.leader.election.timeout = 120s (custom)
2019-07-14 06:52:42,115 INFO  server.RaftServerConfigKeys (ConfUtils.java:logGet(43)) - raft.server.log.use.memory = false (default)
2019-07-14 06:52:42,115 INFO  server.RaftServerConfigKeys (ConfUtils.java:logGet(43)) - raft.server.leader.election.timeout = 120s (custom)
2019-07-14 06:52:42,115 INFO  server.RaftServerConfigKeys (ConfUtils.java:logGet(43)) - raft.server.log.purge.gap = 1000000000 (custom)
2019-07-14 06:52:42,115 INFO  server.RaftServerConfigKeys (ConfUtils.java:logGet(43)) - raft.server.log.use.memory = false (default)
2019-07-14 06:52:42,115 INFO  server.RaftServerConfigKeys (ConfUtils.java:logGet(43)) - raft.server.log.appender.buffer.byte-limit = 33554432 (custom)
2019-07-14 06:52:42,115 INFO  server.RaftServerConfigKeys (ConfUtils.java:logGet(43)) - raft.server.log.use.memory = false (default)
2019-07-14 06:52:42,116 INFO  server.RaftServerConfigKeys (ConfUtils.java:logGet(43)) - raft.server.log.segment.size.max = 1048576 (custom)
2019-07-14 06:52:42,115 INFO  server.RaftServerConfigKeys (ConfUtils.java:logGet(43)) - raft.server.log.purge.gap = 1000000000 (custom)
2019-07-14 06:52:42,116 INFO  server.RaftServerConfigKeys (ConfUtils.java:logGet(43)) - raft.server.log.segment.cache.num.max = 2 (custom)
2019-07-14 06:52:42,116 INFO  server.RaftServerConfigKeys (ConfUtils.java:logGet(43)) - raft.server.log.purge.gap = 1000000000 (custom)
2019-07-14 06:52:42,116 INFO  segmented.SegmentedRaftLogWorker (SegmentedRaftLogWorker.java:<init>(172)) - new de94ab65-019f-42dc-bf71-f88d48274313-SegmentedRaftLogWorker:Storage Directory /tmp/workdir/hadoop-ozone/integration-test/target/test-dir/MiniOzoneClusterImpl-05cecf30-6147-484e-ad5f-a3600576eef7/datanode-1/data/ratis/adfeecd9-d2e7-4e17-a699-8fe0abc25568 for RaftStorage:Storage Directory /tmp/workdir/hadoop-ozone/integration-test/target/test-dir/MiniOzoneClusterImpl-05cecf30-6147-484e-ad5f-a3600576eef7/datanode-1/data/ratis/adfeecd9-d2e7-4e17-a699-8fe0abc25568
2019-07-14 06:52:42,116 INFO  server.RaftServerConfigKeys (ConfUtils.java:logGet(43)) - raft.server.log.appender.buffer.byte-limit = 33554432 (custom)
2019-07-14 06:52:42,116 INFO  server.RaftServerConfigKeys (ConfUtils.java:logGet(43)) - raft.server.log.queue.byte-limit = 2147483647 (custom)
2019-07-14 06:52:42,116 INFO  server.RaftServerConfigKeys (ConfUtils.java:logGet(43)) - raft.server.log.appender.buffer.byte-limit = 33554432 (custom)
2019-07-14 06:52:42,116 INFO  server.RaftServerConfigKeys (ConfUtils.java:logGet(43)) - raft.server.log.queue.element-limit = 1024 (custom)
2019-07-14 06:52:42,116 INFO  server.RaftServerConfigKeys (ConfUtils.java:logGet(43)) - raft.server.log.segment.size.max = 1048576 (custom)
2019-07-14 06:52:42,117 INFO  server.RaftServerConfigKeys (ConfUtils.java:logGet(43)) - raft.server.log.segment.size.max = 1048576 (custom)
2019-07-14 06:52:42,117 INFO  server.RaftServerConfigKeys (ConfUtils.java:logGet(43)) - raft.server.log.segment.size.max = 1048576 (custom)
2019-07-14 06:52:42,117 INFO  server.RaftServerConfigKeys (ConfUtils.java:logGet(43)) - raft.server.log.preallocated.size = 16384 (custom)
2019-07-14 06:52:42,117 INFO  server.RaftServerConfigKeys (ConfUtils.java:logGet(43)) - raft.server.log.segment.cache.num.max = 2 (custom)
2019-07-14 06:52:42,117 INFO  server.RaftServerConfigKeys (ConfUtils.java:logGet(43)) - raft.server.log.write.buffer.size = 33554432 (custom)
2019-07-14 06:52:42,117 INFO  server.RaftServerConfigKeys (ConfUtils.java:logGet(43)) - raft.server.log.force.sync.num = 128 (default)
2019-07-14 06:52:42,117 INFO  server.RaftServerConfigKeys (ConfUtils.java:logGet(43)) - raft.server.log.segment.cache.num.max = 2 (custom)
2019-07-14 06:52:42,117 INFO  server.RaftServerConfigKeys (ConfUtils.java:logGet(43)) - raft.server.log.statemachine.data.sync = true (default)
2019-07-14 06:52:42,117 INFO  segmented.SegmentedRaftLogWorker (SegmentedRaftLogWorker.java:<init>(172)) - new f34f04f7-03f7-4560-a51c-a1465920505f-SegmentedRaftLogWorker:Storage Directory /tmp/workdir/hadoop-ozone/integration-test/target/test-dir/MiniOzoneClusterImpl-05cecf30-6147-484e-ad5f-a3600576eef7/datanode-2/data/ratis/adfeecd9-d2e7-4e17-a699-8fe0abc25568 for RaftStorage:Storage Directory /tmp/workdir/hadoop-ozone/integration-test/target/test-dir/MiniOzoneClusterImpl-05cecf30-6147-484e-ad5f-a3600576eef7/datanode-2/data/ratis/adfeecd9-d2e7-4e17-a699-8fe0abc25568
2019-07-14 06:52:42,118 INFO  server.RaftServerConfigKeys (ConfUtils.java:logGet(43)) - raft.server.log.statemachine.data.sync.timeout = 10s (default)
2019-07-14 06:52:42,117 INFO  segmented.SegmentedRaftLogWorker (SegmentedRaftLogWorker.java:<init>(172)) - new 7ef7209e-5510-40ee-a4f7-1370151deb8c-SegmentedRaftLogWorker:Storage Directory /tmp/workdir/hadoop-ozone/integration-test/target/test-dir/MiniOzoneClusterImpl-05cecf30-6147-484e-ad5f-a3600576eef7/datanode-0/data/ratis/adfeecd9-d2e7-4e17-a699-8fe0abc25568 for RaftStorage:Storage Directory /tmp/workdir/hadoop-ozone/integration-test/target/test-dir/MiniOzoneClusterImpl-05cecf30-6147-484e-ad5f-a3600576eef7/datanode-0/data/ratis/adfeecd9-d2e7-4e17-a699-8fe0abc25568
2019-07-14 06:52:42,118 INFO  server.RaftServerConfigKeys (ConfUtils.java:logGet(43)) - raft.server.log.statemachine.data.sync.timeout.retry = -1 (default)
2019-07-14 06:52:42,118 INFO  server.RaftServerConfigKeys (ConfUtils.java:logGet(43)) - raft.server.log.queue.byte-limit = 2147483647 (custom)
2019-07-14 06:52:42,118 INFO  server.RaftServerConfigKeys (ConfUtils.java:logGet(43)) - raft.server.log.statemachine.data.caching.enabled = true (custom)
2019-07-14 06:52:42,118 INFO  server.RaftServerConfigKeys (ConfUtils.java:logGet(43)) - raft.server.log.queue.byte-limit = 2147483647 (custom)
2019-07-14 06:52:42,118 INFO  segmented.SegmentedRaftLogWorker (SegmentedRaftLogWorker.java:lambda$new$0(132)) - de94ab65-019f-42dc-bf71-f88d48274313-SegmentedRaftLogWorker:Storage Directory /tmp/workdir/hadoop-ozone/integration-test/target/test-dir/MiniOzoneClusterImpl-05cecf30-6147-484e-ad5f-a3600576eef7/datanode-1/data/ratis/adfeecd9-d2e7-4e17-a699-8fe0abc25568: flushIndex: setUnconditionally 0 -> -1
2019-07-14 06:52:42,118 INFO  server.RaftServerConfigKeys (ConfUtils.java:logGet(43)) - raft.server.log.queue.element-limit = 1024 (custom)
2019-07-14 06:52:42,118 INFO  server.RaftServerConfigKeys (ConfUtils.java:logGet(43)) - raft.server.log.queue.element-limit = 1024 (custom)
2019-07-14 06:52:42,119 INFO  server.RaftServerConfigKeys (ConfUtils.java:logGet(43)) - raft.server.snapshot.auto.trigger.enabled = true (custom)
2019-07-14 06:52:42,119 INFO  server.RaftServerConfigKeys (ConfUtils.java:logGet(43)) - raft.server.log.segment.size.max = 1048576 (custom)
2019-07-14 06:52:42,119 INFO  server.RaftServerConfigKeys (ConfUtils.java:logGet(43)) - raft.server.snapshot.auto.trigger.threshold = 10000 (custom)
2019-07-14 06:52:42,119 INFO  server.RaftServerConfigKeys (ConfUtils.java:logGet(43)) - raft.server.log.segment.size.max = 1048576 (custom)
2019-07-14 06:52:42,119 INFO  server.RaftServerConfigKeys (ConfUtils.java:logGet(43)) - raft.server.retrycache.expirytime = 600000ms (custom)
2019-07-14 06:52:42,119 INFO  server.RaftServerConfigKeys (ConfUtils.java:logGet(43)) - raft.server.log.preallocated.size = 16384 (custom)
2019-07-14 06:52:42,119 INFO  impl.RaftServerImpl (RaftServerImpl.java:start(180)) - de94ab65-019f-42dc-bf71-f88d48274313: start group-8FE0ABC25568
2019-07-14 06:52:42,119 INFO  server.RaftServerConfigKeys (ConfUtils.java:logGet(43)) - raft.server.log.preallocated.size = 16384 (custom)
2019-07-14 06:52:42,119 INFO  impl.RaftServerImpl (RaftServerImpl.java:setRole(171)) - de94ab65-019f-42dc-bf71-f88d48274313:group-8FE0ABC25568 changes role from null to FOLLOWER at term 0 for startAsFollower
2019-07-14 06:52:42,119 INFO  server.RaftServerConfigKeys (ConfUtils.java:logGet(43)) - raft.server.log.write.buffer.size = 33554432 (custom)
2019-07-14 06:52:42,120 INFO  impl.RoleInfo (RoleInfo.java:updateAndGet(143)) - de94ab65-019f-42dc-bf71-f88d48274313: start FollowerState
2019-07-14 06:52:42,120 INFO  server.RaftServerConfigKeys (ConfUtils.java:logGet(43)) - raft.server.log.write.buffer.size = 33554432 (custom)
2019-07-14 06:52:42,120 INFO  server.RaftServerConfigKeys (ConfUtils.java:logGet(43)) - raft.server.log.force.sync.num = 128 (default)
2019-07-14 06:52:42,120 INFO  util.JmxRegister (JmxRegister.java:tryRegister(44)) - Successfully registered JMX Bean with object name Ratis:service=RaftServer,group=group-8FE0ABC25568,id=de94ab65-019f-42dc-bf71-f88d48274313
2019-07-14 06:52:42,120 INFO  server.RaftServerConfigKeys (ConfUtils.java:logGet(43)) - raft.server.log.force.sync.num = 128 (default)
2019-07-14 06:52:42,120 INFO  server.RaftServerConfigKeys (ConfUtils.java:logGet(43)) - raft.server.log.statemachine.data.sync = true (default)
2019-07-14 06:52:42,120 INFO  server.RaftServerConfigKeys (ConfUtils.java:logGet(43)) - raft.server.log.statemachine.data.sync = true (default)
2019-07-14 06:52:42,120 INFO  server.RaftServerConfigKeys (ConfUtils.java:logGet(43)) - raft.server.log.statemachine.data.sync.timeout = 10s (default)
2019-07-14 06:52:42,121 INFO  server.RaftServerConfigKeys (ConfUtils.java:logGet(43)) - raft.server.log.statemachine.data.sync.timeout = 10s (default)
2019-07-14 06:52:42,121 INFO  server.RaftServerConfigKeys (ConfUtils.java:logGet(43)) - raft.server.log.statemachine.data.sync.timeout.retry = -1 (default)
2019-07-14 06:52:42,121 INFO  server.RaftServerConfigKeys (ConfUtils.java:logGet(43)) - raft.server.log.statemachine.data.sync.timeout.retry = -1 (default)
2019-07-14 06:52:42,121 INFO  server.RaftServerConfigKeys (ConfUtils.java:logGet(43)) - raft.server.log.statemachine.data.caching.enabled = true (custom)
2019-07-14 06:52:42,121 INFO  server.RaftServerConfigKeys (ConfUtils.java:logGet(43)) - raft.server.log.statemachine.data.caching.enabled = true (custom)
2019-07-14 06:52:42,121 INFO  segmented.SegmentedRaftLogWorker (SegmentedRaftLogWorker.java:lambda$new$0(132)) - f34f04f7-03f7-4560-a51c-a1465920505f-SegmentedRaftLogWorker:Storage Directory /tmp/workdir/hadoop-ozone/integration-test/target/test-dir/MiniOzoneClusterImpl-05cecf30-6147-484e-ad5f-a3600576eef7/datanode-2/data/ratis/adfeecd9-d2e7-4e17-a699-8fe0abc25568: flushIndex: setUnconditionally 0 -> -1
2019-07-14 06:52:42,122 INFO  segmented.SegmentedRaftLogWorker (SegmentedRaftLogWorker.java:lambda$new$0(132)) - 7ef7209e-5510-40ee-a4f7-1370151deb8c-SegmentedRaftLogWorker:Storage Directory /tmp/workdir/hadoop-ozone/integration-test/target/test-dir/MiniOzoneClusterImpl-05cecf30-6147-484e-ad5f-a3600576eef7/datanode-0/data/ratis/adfeecd9-d2e7-4e17-a699-8fe0abc25568: flushIndex: setUnconditionally 0 -> -1
2019-07-14 06:52:42,122 INFO  server.RaftServerConfigKeys (ConfUtils.java:logGet(43)) - raft.server.snapshot.auto.trigger.enabled = true (custom)
2019-07-14 06:52:42,122 INFO  server.RaftServerConfigKeys (ConfUtils.java:logGet(43)) - raft.server.snapshot.auto.trigger.threshold = 10000 (custom)
2019-07-14 06:52:42,122 INFO  server.RaftServerConfigKeys (ConfUtils.java:logGet(43)) - raft.server.snapshot.auto.trigger.enabled = true (custom)
2019-07-14 06:52:42,122 INFO  server.RaftServerConfigKeys (ConfUtils.java:logGet(43)) - raft.server.retrycache.expirytime = 600000ms (custom)
2019-07-14 06:52:42,122 INFO  server.RaftServerConfigKeys (ConfUtils.java:logGet(43)) - raft.server.snapshot.auto.trigger.threshold = 10000 (custom)
2019-07-14 06:52:42,122 INFO  impl.RaftServerImpl (RaftServerImpl.java:start(180)) - f34f04f7-03f7-4560-a51c-a1465920505f: start group-8FE0ABC25568
2019-07-14 06:52:42,123 INFO  server.RaftServerConfigKeys (ConfUtils.java:logGet(43)) - raft.server.retrycache.expirytime = 600000ms (custom)
2019-07-14 06:52:42,123 INFO  impl.RaftServerImpl (RaftServerImpl.java:setRole(171)) - f34f04f7-03f7-4560-a51c-a1465920505f:group-8FE0ABC25568 changes role from null to FOLLOWER at term 0 for startAsFollower
2019-07-14 06:52:42,123 INFO  impl.RaftServerImpl (RaftServerImpl.java:start(180)) - 7ef7209e-5510-40ee-a4f7-1370151deb8c: start group-8FE0ABC25568
2019-07-14 06:52:42,123 INFO  impl.RoleInfo (RoleInfo.java:updateAndGet(143)) - f34f04f7-03f7-4560-a51c-a1465920505f: start FollowerState
2019-07-14 06:52:42,123 INFO  impl.RaftServerImpl (RaftServerImpl.java:setRole(171)) - 7ef7209e-5510-40ee-a4f7-1370151deb8c:group-8FE0ABC25568 changes role from null to FOLLOWER at term 0 for startAsFollower
2019-07-14 06:52:42,123 INFO  impl.RoleInfo (RoleInfo.java:updateAndGet(143)) - 7ef7209e-5510-40ee-a4f7-1370151deb8c: start FollowerState
2019-07-14 06:52:42,123 INFO  util.JmxRegister (JmxRegister.java:tryRegister(44)) - Successfully registered JMX Bean with object name Ratis:service=RaftServer,group=group-8FE0ABC25568,id=f34f04f7-03f7-4560-a51c-a1465920505f
2019-07-14 06:52:42,124 INFO  util.JmxRegister (JmxRegister.java:tryRegister(44)) - Successfully registered JMX Bean with object name Ratis:service=RaftServer,group=group-8FE0ABC25568,id=7ef7209e-5510-40ee-a4f7-1370151deb8c
2019-07-14 06:52:42,126 INFO  pipeline.PipelineStateManager (PipelineStateManager.java:addPipeline(56)) - Created pipeline Pipeline[ Id: adfeecd9-d2e7-4e17-a699-8fe0abc25568, Nodes: 7ef7209e-5510-40ee-a4f7-1370151deb8c{ip: 192.168.5.144, host: trunk-nightly-8c95p-1540871953, networkLocation: /default-rack, certSerialId: null}de94ab65-019f-42dc-bf71-f88d48274313{ip: 192.168.5.144, host: trunk-nightly-8c95p-1540871953, networkLocation: /default-rack, certSerialId: null}f34f04f7-03f7-4560-a51c-a1465920505f{ip: 192.168.5.144, host: trunk-nightly-8c95p-1540871953, networkLocation: /default-rack, certSerialId: null}, Type:RATIS, Factor:THREE, State:OPEN]
2019-07-14 06:52:42,451 INFO  impl.FollowerState (FollowerState.java:run(106)) - da343c1c-8367-46f5-a9ef-bb79fda7b344:group-8D33B243C8F8 changes to CANDIDATE, lastRpcTime:5127, electionTimeout:5127ms
2019-07-14 06:52:42,451 INFO  impl.RoleInfo (RoleInfo.java:shutdownFollowerState(121)) - da343c1c-8367-46f5-a9ef-bb79fda7b344: shutdown FollowerState
2019-07-14 06:52:42,451 INFO  impl.RaftServerImpl (RaftServerImpl.java:setRole(171)) - da343c1c-8367-46f5-a9ef-bb79fda7b344:group-8D33B243C8F8 changes role from FOLLOWER to CANDIDATE at term 2 for changeToCandidate
2019-07-14 06:52:42,451 INFO  impl.RoleInfo (RoleInfo.java:updateAndGet(143)) - da343c1c-8367-46f5-a9ef-bb79fda7b344: start LeaderElection
2019-07-14 06:52:42,474 INFO  node.SCMNodeManager (SCMNodeManager.java:register(269)) - Registered Data node : 9927f91e-bb8c-46e7-b6a9-486a9b631738{ip: 192.168.5.144, host: trunk-nightly-8c95p-1540871953, networkLocation: /default-rack, certSerialId: null}
2019-07-14 06:52:42,483 INFO  impl.LeaderElection (LeaderElection.java:askForVotes(181)) - da343c1c-8367-46f5-a9ef-bb79fda7b344:group-8D33B243C8F8:LeaderElection60: begin an election at term 3 for 0: [da343c1c-8367-46f5-a9ef-bb79fda7b344:192.168.5.144:32905, a4c24659-6a6f-404d-a8b7-ecfa7e5f7d9a:192.168.5.144:37316, ff1ab4d3-cbe6-48f1-9b56-d6e99bbeb9d5:192.168.5.144:39240], old=null
2019-07-14 06:52:42,484 INFO  impl.LeaderElection (LogUtils.java:infoOrTrace(149)) - da343c1c-8367-46f5-a9ef-bb79fda7b344:group-8D33B243C8F8:LeaderElection60 got exception when requesting votes: {}
java.util.concurrent.ExecutionException: org.apache.ratis.thirdparty.io.grpc.StatusRuntimeException: UNAVAILABLE: io exception
	at java.util.concurrent.FutureTask.report(FutureTask.java:122)
	at java.util.concurrent.FutureTask.get(FutureTask.java:192)
	at org.apache.ratis.server.impl.LeaderElection.waitForResults(LeaderElection.java:262)
	at org.apache.ratis.server.impl.LeaderElection.askForVotes(LeaderElection.java:200)
	at org.apache.ratis.server.impl.LeaderElection.run(LeaderElection.java:130)
	at java.lang.Thread.run(Thread.java:748)
Caused by: org.apache.ratis.thirdparty.io.grpc.StatusRuntimeException: UNAVAILABLE: io exception
	at org.apache.ratis.thirdparty.io.grpc.stub.ClientCalls.toStatusRuntimeException(ClientCalls.java:233)
	at org.apache.ratis.thirdparty.io.grpc.stub.ClientCalls.getUnchecked(ClientCalls.java:214)
	at org.apache.ratis.thirdparty.io.grpc.stub.ClientCalls.blockingUnaryCall(ClientCalls.java:139)
	at org.apache.ratis.proto.grpc.RaftServerProtocolServiceGrpc$RaftServerProtocolServiceBlockingStub.requestVote(RaftServerProtocolServiceGrpc.java:265)
	at org.apache.ratis.grpc.server.GrpcServerProtocolClient.requestVote(GrpcServerProtocolClient.java:83)
	at org.apache.ratis.grpc.server.GrpcService.requestVote(GrpcService.java:195)
	at org.apache.ratis.server.impl.LeaderElection.lambda$submitRequests$1(LeaderElection.java:237)
	at java.util.concurrent.FutureTask.run(FutureTask.java:266)
	at java.util.concurrent.Executors$RunnableAdapter.call(Executors.java:511)
	at java.util.concurrent.FutureTask.run(FutureTask.java:266)
	at java.util.concurrent.ThreadPoolExecutor.runWorker(ThreadPoolExecutor.java:1149)
	at java.util.concurrent.ThreadPoolExecutor$Worker.run(ThreadPoolExecutor.java:624)
	... 1 more
Caused by: org.apache.ratis.thirdparty.io.netty.channel.AbstractChannel$AnnotatedConnectException: Connection refused: /192.168.5.144:37316
	at sun.nio.ch.SocketChannelImpl.checkConnect(Native Method)
	at sun.nio.ch.SocketChannelImpl.finishConnect(SocketChannelImpl.java:717)
	at org.apache.ratis.thirdparty.io.netty.channel.socket.nio.NioSocketChannel.doFinishConnect(NioSocketChannel.java:327)
	at org.apache.ratis.thirdparty.io.netty.channel.nio.AbstractNioChannel$AbstractNioUnsafe.finishConnect(AbstractNioChannel.java:340)
	at org.apache.ratis.thirdparty.io.netty.channel.nio.NioEventLoop.processSelectedKey(NioEventLoop.java:632)
	at org.apache.ratis.thirdparty.io.netty.channel.nio.NioEventLoop.processSelectedKeysOptimized(NioEventLoop.java:579)
	at org.apache.ratis.thirdparty.io.netty.channel.nio.NioEventLoop.processSelectedKeys(NioEventLoop.java:496)
	at org.apache.ratis.thirdparty.io.netty.channel.nio.NioEventLoop.run(NioEventLoop.java:458)
	at org.apache.ratis.thirdparty.io.netty.util.concurrent.SingleThreadEventExecutor$5.run(SingleThreadEventExecutor.java:897)
	at org.apache.ratis.thirdparty.io.netty.util.concurrent.FastThreadLocalRunnable.run(FastThreadLocalRunnable.java:30)
	... 1 more
Caused by: java.net.ConnectException: Connection refused
	... 11 more
2019-07-14 06:52:42,492 INFO  impl.LeaderElection (LogUtils.java:infoOrTrace(149)) - da343c1c-8367-46f5-a9ef-bb79fda7b344:group-8D33B243C8F8:LeaderElection60 got exception when requesting votes: {}
java.util.concurrent.ExecutionException: org.apache.ratis.thirdparty.io.grpc.StatusRuntimeException: UNAVAILABLE: io exception
	at java.util.concurrent.FutureTask.report(FutureTask.java:122)
	at java.util.concurrent.FutureTask.get(FutureTask.java:192)
	at org.apache.ratis.server.impl.LeaderElection.waitForResults(LeaderElection.java:262)
	at org.apache.ratis.server.impl.LeaderElection.askForVotes(LeaderElection.java:200)
	at org.apache.ratis.server.impl.LeaderElection.run(LeaderElection.java:130)
	at java.lang.Thread.run(Thread.java:748)
Caused by: org.apache.ratis.thirdparty.io.grpc.StatusRuntimeException: UNAVAILABLE: io exception
	at org.apache.ratis.thirdparty.io.grpc.stub.ClientCalls.toStatusRuntimeException(ClientCalls.java:233)
	at org.apache.ratis.thirdparty.io.grpc.stub.ClientCalls.getUnchecked(ClientCalls.java:214)
	at org.apache.ratis.thirdparty.io.grpc.stub.ClientCalls.blockingUnaryCall(ClientCalls.java:139)
	at org.apache.ratis.proto.grpc.RaftServerProtocolServiceGrpc$RaftServerProtocolServiceBlockingStub.requestVote(RaftServerProtocolServiceGrpc.java:265)
	at org.apache.ratis.grpc.server.GrpcServerProtocolClient.requestVote(GrpcServerProtocolClient.java:83)
	at org.apache.ratis.grpc.server.GrpcService.requestVote(GrpcService.java:195)
	at org.apache.ratis.server.impl.LeaderElection.lambda$submitRequests$1(LeaderElection.java:237)
	at java.util.concurrent.FutureTask.run(FutureTask.java:266)
	at java.util.concurrent.Executors$RunnableAdapter.call(Executors.java:511)
	at java.util.concurrent.FutureTask.run(FutureTask.java:266)
	at java.util.concurrent.ThreadPoolExecutor.runWorker(ThreadPoolExecutor.java:1149)
	at java.util.concurrent.ThreadPoolExecutor$Worker.run(ThreadPoolExecutor.java:624)
	... 1 more
Caused by: org.apache.ratis.thirdparty.io.netty.channel.AbstractChannel$AnnotatedConnectException: Connection refused: /192.168.5.144:39240
	at sun.nio.ch.SocketChannelImpl.checkConnect(Native Method)
	at sun.nio.ch.SocketChannelImpl.finishConnect(SocketChannelImpl.java:717)
	at org.apache.ratis.thirdparty.io.netty.channel.socket.nio.NioSocketChannel.doFinishConnect(NioSocketChannel.java:327)
	at org.apache.ratis.thirdparty.io.netty.channel.nio.AbstractNioChannel$AbstractNioUnsafe.finishConnect(AbstractNioChannel.java:340)
	at org.apache.ratis.thirdparty.io.netty.channel.nio.NioEventLoop.processSelectedKey(NioEventLoop.java:632)
	at org.apache.ratis.thirdparty.io.netty.channel.nio.NioEventLoop.processSelectedKeysOptimized(NioEventLoop.java:579)
	at org.apache.ratis.thirdparty.io.netty.channel.nio.NioEventLoop.processSelectedKeys(NioEventLoop.java:496)
	at org.apache.ratis.thirdparty.io.netty.channel.nio.NioEventLoop.run(NioEventLoop.java:458)
	at org.apache.ratis.thirdparty.io.netty.util.concurrent.SingleThreadEventExecutor$5.run(SingleThreadEventExecutor.java:897)
	at org.apache.ratis.thirdparty.io.netty.util.concurrent.FastThreadLocalRunnable.run(FastThreadLocalRunnable.java:30)
	... 1 more
Caused by: java.net.ConnectException: Connection refused
	... 11 more
2019-07-14 06:52:42,499 INFO  impl.LeaderElection (LeaderElection.java:logAndReturn(56)) - da343c1c-8367-46f5-a9ef-bb79fda7b344:group-8D33B243C8F8:LeaderElection60: Election REJECTED; received 0 response(s) [] and 2 exception(s); da343c1c-8367-46f5-a9ef-bb79fda7b344:t3, leader=null, voted=da343c1c-8367-46f5-a9ef-bb79fda7b344, raftlog=da343c1c-8367-46f5-a9ef-bb79fda7b344-SegmentedRaftLog:OPENED:c0,f0,i0, conf=0: [da343c1c-8367-46f5-a9ef-bb79fda7b344:192.168.5.144:32905, a4c24659-6a6f-404d-a8b7-ecfa7e5f7d9a:192.168.5.144:37316, ff1ab4d3-cbe6-48f1-9b56-d6e99bbeb9d5:192.168.5.144:39240], old=null
2019-07-14 06:52:42,499 INFO  impl.LeaderElection (LogUtils.java:infoOrTrace(149)) -   Exception 0: {}
java.util.concurrent.ExecutionException: org.apache.ratis.thirdparty.io.grpc.StatusRuntimeException: UNAVAILABLE: io exception
	at java.util.concurrent.FutureTask.report(FutureTask.java:122)
	at java.util.concurrent.FutureTask.get(FutureTask.java:192)
	at org.apache.ratis.server.impl.LeaderElection.waitForResults(LeaderElection.java:262)
	at org.apache.ratis.server.impl.LeaderElection.askForVotes(LeaderElection.java:200)
	at org.apache.ratis.server.impl.LeaderElection.run(LeaderElection.java:130)
	at java.lang.Thread.run(Thread.java:748)
Caused by: org.apache.ratis.thirdparty.io.grpc.StatusRuntimeException: UNAVAILABLE: io exception
	at org.apache.ratis.thirdparty.io.grpc.stub.ClientCalls.toStatusRuntimeException(ClientCalls.java:233)
	at org.apache.ratis.thirdparty.io.grpc.stub.ClientCalls.getUnchecked(ClientCalls.java:214)
	at org.apache.ratis.thirdparty.io.grpc.stub.ClientCalls.blockingUnaryCall(ClientCalls.java:139)
	at org.apache.ratis.proto.grpc.RaftServerProtocolServiceGrpc$RaftServerProtocolServiceBlockingStub.requestVote(RaftServerProtocolServiceGrpc.java:265)
	at org.apache.ratis.grpc.server.GrpcServerProtocolClient.requestVote(GrpcServerProtocolClient.java:83)
	at org.apache.ratis.grpc.server.GrpcService.requestVote(GrpcService.java:195)
	at org.apache.ratis.server.impl.LeaderElection.lambda$submitRequests$1(LeaderElection.java:237)
	at java.util.concurrent.FutureTask.run(FutureTask.java:266)
	at java.util.concurrent.Executors$RunnableAdapter.call(Executors.java:511)
	at java.util.concurrent.FutureTask.run(FutureTask.java:266)
	at java.util.concurrent.ThreadPoolExecutor.runWorker(ThreadPoolExecutor.java:1149)
	at java.util.concurrent.ThreadPoolExecutor$Worker.run(ThreadPoolExecutor.java:624)
	... 1 more
Caused by: org.apache.ratis.thirdparty.io.netty.channel.AbstractChannel$AnnotatedConnectException: Connection refused: /192.168.5.144:37316
	at sun.nio.ch.SocketChannelImpl.checkConnect(Native Method)
	at sun.nio.ch.SocketChannelImpl.finishConnect(SocketChannelImpl.java:717)
	at org.apache.ratis.thirdparty.io.netty.channel.socket.nio.NioSocketChannel.doFinishConnect(NioSocketChannel.java:327)
	at org.apache.ratis.thirdparty.io.netty.channel.nio.AbstractNioChannel$AbstractNioUnsafe.finishConnect(AbstractNioChannel.java:340)
	at org.apache.ratis.thirdparty.io.netty.channel.nio.NioEventLoop.processSelectedKey(NioEventLoop.java:632)
	at org.apache.ratis.thirdparty.io.netty.channel.nio.NioEventLoop.processSelectedKeysOptimized(NioEventLoop.java:579)
	at org.apache.ratis.thirdparty.io.netty.channel.nio.NioEventLoop.processSelectedKeys(NioEventLoop.java:496)
	at org.apache.ratis.thirdparty.io.netty.channel.nio.NioEventLoop.run(NioEventLoop.java:458)
	at org.apache.ratis.thirdparty.io.netty.util.concurrent.SingleThreadEventExecutor$5.run(SingleThreadEventExecutor.java:897)
	at org.apache.ratis.thirdparty.io.netty.util.concurrent.FastThreadLocalRunnable.run(FastThreadLocalRunnable.java:30)
	... 1 more
Caused by: java.net.ConnectException: Connection refused
	... 11 more
2019-07-14 06:52:42,499 INFO  impl.LeaderElection (LogUtils.java:infoOrTrace(149)) -   Exception 1: {}
java.util.concurrent.ExecutionException: org.apache.ratis.thirdparty.io.grpc.StatusRuntimeException: UNAVAILABLE: io exception
	at java.util.concurrent.FutureTask.report(FutureTask.java:122)
	at java.util.concurrent.FutureTask.get(FutureTask.java:192)
	at org.apache.ratis.server.impl.LeaderElection.waitForResults(LeaderElection.java:262)
	at org.apache.ratis.server.impl.LeaderElection.askForVotes(LeaderElection.java:200)
	at org.apache.ratis.server.impl.LeaderElection.run(LeaderElection.java:130)
	at java.lang.Thread.run(Thread.java:748)
Caused by: org.apache.ratis.thirdparty.io.grpc.StatusRuntimeException: UNAVAILABLE: io exception
	at org.apache.ratis.thirdparty.io.grpc.stub.ClientCalls.toStatusRuntimeException(ClientCalls.java:233)
	at org.apache.ratis.thirdparty.io.grpc.stub.ClientCalls.getUnchecked(ClientCalls.java:214)
	at org.apache.ratis.thirdparty.io.grpc.stub.ClientCalls.blockingUnaryCall(ClientCalls.java:139)
	at org.apache.ratis.proto.grpc.RaftServerProtocolServiceGrpc$RaftServerProtocolServiceBlockingStub.requestVote(RaftServerProtocolServiceGrpc.java:265)
	at org.apache.ratis.grpc.server.GrpcServerProtocolClient.requestVote(GrpcServerProtocolClient.java:83)
	at org.apache.ratis.grpc.server.GrpcService.requestVote(GrpcService.java:195)
	at org.apache.ratis.server.impl.LeaderElection.lambda$submitRequests$1(LeaderElection.java:237)
	at java.util.concurrent.FutureTask.run(FutureTask.java:266)
	at java.util.concurrent.Executors$RunnableAdapter.call(Executors.java:511)
	at java.util.concurrent.FutureTask.run(FutureTask.java:266)
	at java.util.concurrent.ThreadPoolExecutor.runWorker(ThreadPoolExecutor.java:1149)
	at java.util.concurrent.ThreadPoolExecutor$Worker.run(ThreadPoolExecutor.java:624)
	... 1 more
Caused by: org.apache.ratis.thirdparty.io.netty.channel.AbstractChannel$AnnotatedConnectException: Connection refused: /192.168.5.144:39240
	at sun.nio.ch.SocketChannelImpl.checkConnect(Native Method)
	at sun.nio.ch.SocketChannelImpl.finishConnect(SocketChannelImpl.java:717)
	at org.apache.ratis.thirdparty.io.netty.channel.socket.nio.NioSocketChannel.doFinishConnect(NioSocketChannel.java:327)
	at org.apache.ratis.thirdparty.io.netty.channel.nio.AbstractNioChannel$AbstractNioUnsafe.finishConnect(AbstractNioChannel.java:340)
	at org.apache.ratis.thirdparty.io.netty.channel.nio.NioEventLoop.processSelectedKey(NioEventLoop.java:632)
	at org.apache.ratis.thirdparty.io.netty.channel.nio.NioEventLoop.processSelectedKeysOptimized(NioEventLoop.java:579)
	at org.apache.ratis.thirdparty.io.netty.channel.nio.NioEventLoop.processSelectedKeys(NioEventLoop.java:496)
	at org.apache.ratis.thirdparty.io.netty.channel.nio.NioEventLoop.run(NioEventLoop.java:458)
	at org.apache.ratis.thirdparty.io.netty.util.concurrent.SingleThreadEventExecutor$5.run(SingleThreadEventExecutor.java:897)
	at org.apache.ratis.thirdparty.io.netty.util.concurrent.FastThreadLocalRunnable.run(FastThreadLocalRunnable.java:30)
	... 1 more
Caused by: java.net.ConnectException: Connection refused
	... 11 more
2019-07-14 06:52:42,499 INFO  impl.RaftServerImpl (RaftServerImpl.java:setRole(171)) - da343c1c-8367-46f5-a9ef-bb79fda7b344:group-8D33B243C8F8 changes role from CANDIDATE to FOLLOWER at term 3 for DISCOVERED_A_NEW_TERM
2019-07-14 06:52:42,500 INFO  impl.RoleInfo (RoleInfo.java:shutdownLeaderElection(134)) - da343c1c-8367-46f5-a9ef-bb79fda7b344: shutdown LeaderElection
2019-07-14 06:52:42,500 INFO  impl.RoleInfo (RoleInfo.java:updateAndGet(143)) - da343c1c-8367-46f5-a9ef-bb79fda7b344: start FollowerState
2019-07-14 06:52:42,514 INFO  impl.RaftServerProxy (RaftServerProxy.java:addNew(89)) - 9927f91e-bb8c-46e7-b6a9-486a9b631738: addNew group-3DE67AD40993:[9927f91e-bb8c-46e7-b6a9-486a9b631738:192.168.5.144:41664] returns group-3DE67AD40993:java.util.concurrent.CompletableFuture@4bf8d42d[Not completed]
2019-07-14 06:52:42,515 INFO  impl.RaftServerImpl (RaftServerImpl.java:<init>(93)) - 9927f91e-bb8c-46e7-b6a9-486a9b631738: new RaftServerImpl for group-3DE67AD40993:[9927f91e-bb8c-46e7-b6a9-486a9b631738:192.168.5.144:41664] with ContainerStateMachine:uninitialized
2019-07-14 06:52:42,516 INFO  server.RaftServerConfigKeys (ConfUtils.java:logGet(43)) - raft.server.rpc.timeout.min = 5s (custom)
2019-07-14 06:52:42,516 INFO  server.RaftServerConfigKeys (ConfUtils.java:logGet(43)) - raft.server.rpc.timeout.max = 5200ms (custom)
2019-07-14 06:52:42,516 INFO  server.RaftServerConfigKeys (ConfUtils.java:logGet(43)) - raft.server.rpcslowness.timeout = 120s (custom)
2019-07-14 06:52:42,516 INFO  server.RaftServerConfigKeys (ConfUtils.java:logGet(43)) - raft.server.sleep.deviation.threshold = 300 (default)
2019-07-14 06:52:42,516 INFO  server.RaftServerConfigKeys (ConfUtils.java:logGet(43)) - raft.server.log.appender.install.snapshot.enabled = false (custom)
2019-07-14 06:52:42,516 INFO  impl.RaftServerImpl (ServerState.java:<init>(105)) - 9927f91e-bb8c-46e7-b6a9-486a9b631738:group-3DE67AD40993 ConfigurationManager, init=-1: [9927f91e-bb8c-46e7-b6a9-486a9b631738:192.168.5.144:41664], old=null, confs=<EMPTY_MAP>
2019-07-14 06:52:42,516 INFO  server.RaftServerConfigKeys (ConfUtils.java:logGet(43)) - raft.server.storage.dir = [/tmp/workdir/hadoop-ozone/integration-test/target/test-dir/MiniOzoneClusterImpl-05cecf30-6147-484e-ad5f-a3600576eef7/datanode-3/data/ratis] (custom)
2019-07-14 06:52:42,517 INFO  storage.RaftStorageDirectory (RaftStorageDirectory.java:analyzeStorage(246)) - The storage directory /tmp/workdir/hadoop-ozone/integration-test/target/test-dir/MiniOzoneClusterImpl-05cecf30-6147-484e-ad5f-a3600576eef7/datanode-3/data/ratis/b3ed8cc7-878d-4089-9f5c-3de67ad40993 does not exist. Creating ...
2019-07-14 06:52:42,528 INFO  storage.RaftStorageDirectory (RaftStorageDirectory.java:tryLock(328)) - Lock on /tmp/workdir/hadoop-ozone/integration-test/target/test-dir/MiniOzoneClusterImpl-05cecf30-6147-484e-ad5f-a3600576eef7/datanode-3/data/ratis/b3ed8cc7-878d-4089-9f5c-3de67ad40993/in_use.lock acquired by nodename 3046@trunk-nightly-8c95p-1540871953
2019-07-14 06:52:42,538 INFO  storage.RaftStorage (RaftStorage.java:format(72)) - Storage directory /tmp/workdir/hadoop-ozone/integration-test/target/test-dir/MiniOzoneClusterImpl-05cecf30-6147-484e-ad5f-a3600576eef7/datanode-3/data/ratis/b3ed8cc7-878d-4089-9f5c-3de67ad40993 has been successfully formatted.
2019-07-14 06:52:42,539 INFO  ratis.ContainerStateMachine (ContainerStateMachine.java:loadSnapshot(200)) - group-3DE67AD40993: The snapshot info is null. Setting the last applied indexto:(t:0, i:~)
2019-07-14 06:52:42,539 INFO  server.RaftServerConfigKeys (ConfUtils.java:logGet(43)) - raft.server.leader.election.timeout = 120s (custom)
2019-07-14 06:52:42,539 INFO  server.RaftServerConfigKeys (ConfUtils.java:logGet(43)) - raft.server.log.use.memory = false (default)
2019-07-14 06:52:42,539 INFO  server.RaftServerConfigKeys (ConfUtils.java:logGet(43)) - raft.server.log.purge.gap = 1000000000 (custom)
2019-07-14 06:52:42,539 INFO  server.RaftServerConfigKeys (ConfUtils.java:logGet(43)) - raft.server.log.appender.buffer.byte-limit = 33554432 (custom)
2019-07-14 06:52:42,539 INFO  server.RaftServerConfigKeys (ConfUtils.java:logGet(43)) - raft.server.log.segment.size.max = 1048576 (custom)
2019-07-14 06:52:42,539 INFO  server.RaftServerConfigKeys (ConfUtils.java:logGet(43)) - raft.server.log.segment.cache.num.max = 2 (custom)
2019-07-14 06:52:42,540 INFO  segmented.SegmentedRaftLogWorker (SegmentedRaftLogWorker.java:<init>(172)) - new 9927f91e-bb8c-46e7-b6a9-486a9b631738-SegmentedRaftLogWorker:Storage Directory /tmp/workdir/hadoop-ozone/integration-test/target/test-dir/MiniOzoneClusterImpl-05cecf30-6147-484e-ad5f-a3600576eef7/datanode-3/data/ratis/b3ed8cc7-878d-4089-9f5c-3de67ad40993 for RaftStorage:Storage Directory /tmp/workdir/hadoop-ozone/integration-test/target/test-dir/MiniOzoneClusterImpl-05cecf30-6147-484e-ad5f-a3600576eef7/datanode-3/data/ratis/b3ed8cc7-878d-4089-9f5c-3de67ad40993
2019-07-14 06:52:42,540 INFO  server.RaftServerConfigKeys (ConfUtils.java:logGet(43)) - raft.server.log.queue.byte-limit = 2147483647 (custom)
2019-07-14 06:52:42,540 INFO  server.RaftServerConfigKeys (ConfUtils.java:logGet(43)) - raft.server.log.queue.element-limit = 1024 (custom)
2019-07-14 06:52:42,540 INFO  server.RaftServerConfigKeys (ConfUtils.java:logGet(43)) - raft.server.log.segment.size.max = 1048576 (custom)
2019-07-14 06:52:42,540 INFO  server.RaftServerConfigKeys (ConfUtils.java:logGet(43)) - raft.server.log.preallocated.size = 16384 (custom)
2019-07-14 06:52:42,540 INFO  server.RaftServerConfigKeys (ConfUtils.java:logGet(43)) - raft.server.log.write.buffer.size = 33554432 (custom)
2019-07-14 06:52:42,541 INFO  server.RaftServerConfigKeys (ConfUtils.java:logGet(43)) - raft.server.log.force.sync.num = 128 (default)
2019-07-14 06:52:42,541 INFO  server.RaftServerConfigKeys (ConfUtils.java:logGet(43)) - raft.server.log.statemachine.data.sync = true (default)
2019-07-14 06:52:42,541 INFO  server.RaftServerConfigKeys (ConfUtils.java:logGet(43)) - raft.server.log.statemachine.data.sync.timeout = 10s (default)
2019-07-14 06:52:42,541 INFO  server.RaftServerConfigKeys (ConfUtils.java:logGet(43)) - raft.server.log.statemachine.data.sync.timeout.retry = -1 (default)
2019-07-14 06:52:42,541 INFO  server.RaftServerConfigKeys (ConfUtils.java:logGet(43)) - raft.server.log.statemachine.data.caching.enabled = true (custom)
2019-07-14 06:52:42,542 INFO  segmented.SegmentedRaftLogWorker (SegmentedRaftLogWorker.java:lambda$new$0(132)) - 9927f91e-bb8c-46e7-b6a9-486a9b631738-SegmentedRaftLogWorker:Storage Directory /tmp/workdir/hadoop-ozone/integration-test/target/test-dir/MiniOzoneClusterImpl-05cecf30-6147-484e-ad5f-a3600576eef7/datanode-3/data/ratis/b3ed8cc7-878d-4089-9f5c-3de67ad40993: flushIndex: setUnconditionally 0 -> -1
2019-07-14 06:52:42,542 INFO  server.RaftServerConfigKeys (ConfUtils.java:logGet(43)) - raft.server.snapshot.auto.trigger.enabled = true (custom)
2019-07-14 06:52:42,542 INFO  server.RaftServerConfigKeys (ConfUtils.java:logGet(43)) - raft.server.snapshot.auto.trigger.threshold = 10000 (custom)
2019-07-14 06:52:42,542 INFO  server.RaftServerConfigKeys (ConfUtils.java:logGet(43)) - raft.server.retrycache.expirytime = 600000ms (custom)
2019-07-14 06:52:42,542 INFO  impl.RaftServerImpl (RaftServerImpl.java:start(180)) - 9927f91e-bb8c-46e7-b6a9-486a9b631738: start group-3DE67AD40993
2019-07-14 06:52:42,543 INFO  impl.RaftServerImpl (RaftServerImpl.java:setRole(171)) - 9927f91e-bb8c-46e7-b6a9-486a9b631738:group-3DE67AD40993 changes role from null to FOLLOWER at term 0 for startAsFollower
2019-07-14 06:52:42,543 INFO  impl.RoleInfo (RoleInfo.java:updateAndGet(143)) - 9927f91e-bb8c-46e7-b6a9-486a9b631738: start FollowerState
2019-07-14 06:52:42,543 INFO  util.JmxRegister (JmxRegister.java:tryRegister(44)) - Successfully registered JMX Bean with object name Ratis:service=RaftServer,group=group-3DE67AD40993,id=9927f91e-bb8c-46e7-b6a9-486a9b631738
2019-07-14 06:52:42,545 INFO  pipeline.PipelineStateManager (PipelineStateManager.java:addPipeline(56)) - Created pipeline Pipeline[ Id: b3ed8cc7-878d-4089-9f5c-3de67ad40993, Nodes: 9927f91e-bb8c-46e7-b6a9-486a9b631738{ip: 192.168.5.144, host: trunk-nightly-8c95p-1540871953, networkLocation: /default-rack, certSerialId: null}, Type:RATIS, Factor:ONE, State:OPEN]
2019-07-14 06:52:42,688 INFO  node.SCMNodeManager (SCMNodeManager.java:register(269)) - Registered Data node : 80532c0e-1ea2-4258-8531-55a5eca450fa{ip: 192.168.5.144, host: trunk-nightly-8c95p-1540871953, networkLocation: /default-rack, certSerialId: null}
2019-07-14 06:52:42,717 INFO  impl.RaftServerProxy (RaftServerProxy.java:addNew(89)) - 80532c0e-1ea2-4258-8531-55a5eca450fa: addNew group-B90276665BB0:[80532c0e-1ea2-4258-8531-55a5eca450fa:192.168.5.144:44689] returns group-B90276665BB0:java.util.concurrent.CompletableFuture@69151317[Not completed]
2019-07-14 06:52:42,718 INFO  impl.RaftServerImpl (RaftServerImpl.java:<init>(93)) - 80532c0e-1ea2-4258-8531-55a5eca450fa: new RaftServerImpl for group-B90276665BB0:[80532c0e-1ea2-4258-8531-55a5eca450fa:192.168.5.144:44689] with ContainerStateMachine:uninitialized
2019-07-14 06:52:42,718 INFO  server.RaftServerConfigKeys (ConfUtils.java:logGet(43)) - raft.server.rpc.timeout.min = 5s (custom)
2019-07-14 06:52:42,718 INFO  server.RaftServerConfigKeys (ConfUtils.java:logGet(43)) - raft.server.rpc.timeout.max = 5200ms (custom)
2019-07-14 06:52:42,718 INFO  server.RaftServerConfigKeys (ConfUtils.java:logGet(43)) - raft.server.rpcslowness.timeout = 120s (custom)
2019-07-14 06:52:42,718 INFO  server.RaftServerConfigKeys (ConfUtils.java:logGet(43)) - raft.server.sleep.deviation.threshold = 300 (default)
2019-07-14 06:52:42,718 INFO  server.RaftServerConfigKeys (ConfUtils.java:logGet(43)) - raft.server.log.appender.install.snapshot.enabled = false (custom)
2019-07-14 06:52:42,718 INFO  impl.RaftServerImpl (ServerState.java:<init>(105)) - 80532c0e-1ea2-4258-8531-55a5eca450fa:group-B90276665BB0 ConfigurationManager, init=-1: [80532c0e-1ea2-4258-8531-55a5eca450fa:192.168.5.144:44689], old=null, confs=<EMPTY_MAP>
2019-07-14 06:52:42,719 INFO  server.RaftServerConfigKeys (ConfUtils.java:logGet(43)) - raft.server.storage.dir = [/tmp/workdir/hadoop-ozone/integration-test/target/test-dir/MiniOzoneClusterImpl-05cecf30-6147-484e-ad5f-a3600576eef7/datanode-4/data/ratis] (custom)
2019-07-14 06:52:42,719 INFO  storage.RaftStorageDirectory (RaftStorageDirectory.java:analyzeStorage(246)) - The storage directory /tmp/workdir/hadoop-ozone/integration-test/target/test-dir/MiniOzoneClusterImpl-05cecf30-6147-484e-ad5f-a3600576eef7/datanode-4/data/ratis/8069732c-8d24-4013-9f2f-b90276665bb0 does not exist. Creating ...
2019-07-14 06:52:42,724 INFO  storage.RaftStorageDirectory (RaftStorageDirectory.java:tryLock(328)) - Lock on /tmp/workdir/hadoop-ozone/integration-test/target/test-dir/MiniOzoneClusterImpl-05cecf30-6147-484e-ad5f-a3600576eef7/datanode-4/data/ratis/8069732c-8d24-4013-9f2f-b90276665bb0/in_use.lock acquired by nodename 3046@trunk-nightly-8c95p-1540871953
2019-07-14 06:52:42,727 INFO  storage.RaftStorage (RaftStorage.java:format(72)) - Storage directory /tmp/workdir/hadoop-ozone/integration-test/target/test-dir/MiniOzoneClusterImpl-05cecf30-6147-484e-ad5f-a3600576eef7/datanode-4/data/ratis/8069732c-8d24-4013-9f2f-b90276665bb0 has been successfully formatted.
2019-07-14 06:52:42,727 INFO  ratis.ContainerStateMachine (ContainerStateMachine.java:loadSnapshot(200)) - group-B90276665BB0: The snapshot info is null. Setting the last applied indexto:(t:0, i:~)
2019-07-14 06:52:42,727 INFO  server.RaftServerConfigKeys (ConfUtils.java:logGet(43)) - raft.server.leader.election.timeout = 120s (custom)
2019-07-14 06:52:42,727 INFO  server.RaftServerConfigKeys (ConfUtils.java:logGet(43)) - raft.server.log.use.memory = false (default)
2019-07-14 06:52:42,728 INFO  server.RaftServerConfigKeys (ConfUtils.java:logGet(43)) - raft.server.log.purge.gap = 1000000000 (custom)
2019-07-14 06:52:42,728 INFO  server.RaftServerConfigKeys (ConfUtils.java:logGet(43)) - raft.server.log.appender.buffer.byte-limit = 33554432 (custom)
2019-07-14 06:52:42,728 INFO  server.RaftServerConfigKeys (ConfUtils.java:logGet(43)) - raft.server.log.segment.size.max = 1048576 (custom)
2019-07-14 06:52:42,728 INFO  server.RaftServerConfigKeys (ConfUtils.java:logGet(43)) - raft.server.log.segment.cache.num.max = 2 (custom)
2019-07-14 06:52:42,728 INFO  segmented.SegmentedRaftLogWorker (SegmentedRaftLogWorker.java:<init>(172)) - new 80532c0e-1ea2-4258-8531-55a5eca450fa-SegmentedRaftLogWorker:Storage Directory /tmp/workdir/hadoop-ozone/integration-test/target/test-dir/MiniOzoneClusterImpl-05cecf30-6147-484e-ad5f-a3600576eef7/datanode-4/data/ratis/8069732c-8d24-4013-9f2f-b90276665bb0 for RaftStorage:Storage Directory /tmp/workdir/hadoop-ozone/integration-test/target/test-dir/MiniOzoneClusterImpl-05cecf30-6147-484e-ad5f-a3600576eef7/datanode-4/data/ratis/8069732c-8d24-4013-9f2f-b90276665bb0
2019-07-14 06:52:42,728 INFO  server.RaftServerConfigKeys (ConfUtils.java:logGet(43)) - raft.server.log.queue.byte-limit = 2147483647 (custom)
2019-07-14 06:52:42,729 INFO  server.RaftServerConfigKeys (ConfUtils.java:logGet(43)) - raft.server.log.queue.element-limit = 1024 (custom)
2019-07-14 06:52:42,729 INFO  server.RaftServerConfigKeys (ConfUtils.java:logGet(43)) - raft.server.log.segment.size.max = 1048576 (custom)
2019-07-14 06:52:42,729 INFO  server.RaftServerConfigKeys (ConfUtils.java:logGet(43)) - raft.server.log.preallocated.size = 16384 (custom)
2019-07-14 06:52:42,729 INFO  server.RaftServerConfigKeys (ConfUtils.java:logGet(43)) - raft.server.log.write.buffer.size = 33554432 (custom)
2019-07-14 06:52:42,729 INFO  server.RaftServerConfigKeys (ConfUtils.java:logGet(43)) - raft.server.log.force.sync.num = 128 (default)
2019-07-14 06:52:42,729 INFO  server.RaftServerConfigKeys (ConfUtils.java:logGet(43)) - raft.server.log.statemachine.data.sync = true (default)
2019-07-14 06:52:42,730 INFO  server.RaftServerConfigKeys (ConfUtils.java:logGet(43)) - raft.server.log.statemachine.data.sync.timeout = 10s (default)
2019-07-14 06:52:42,730 INFO  server.RaftServerConfigKeys (ConfUtils.java:logGet(43)) - raft.server.log.statemachine.data.sync.timeout.retry = -1 (default)
2019-07-14 06:52:42,730 INFO  server.RaftServerConfigKeys (ConfUtils.java:logGet(43)) - raft.server.log.statemachine.data.caching.enabled = true (custom)
2019-07-14 06:52:42,730 INFO  segmented.SegmentedRaftLogWorker (SegmentedRaftLogWorker.java:lambda$new$0(132)) - 80532c0e-1ea2-4258-8531-55a5eca450fa-SegmentedRaftLogWorker:Storage Directory /tmp/workdir/hadoop-ozone/integration-test/target/test-dir/MiniOzoneClusterImpl-05cecf30-6147-484e-ad5f-a3600576eef7/datanode-4/data/ratis/8069732c-8d24-4013-9f2f-b90276665bb0: flushIndex: setUnconditionally 0 -> -1
2019-07-14 06:52:42,731 INFO  server.RaftServerConfigKeys (ConfUtils.java:logGet(43)) - raft.server.snapshot.auto.trigger.enabled = true (custom)
2019-07-14 06:52:42,731 INFO  server.RaftServerConfigKeys (ConfUtils.java:logGet(43)) - raft.server.snapshot.auto.trigger.threshold = 10000 (custom)
2019-07-14 06:52:42,731 INFO  server.RaftServerConfigKeys (ConfUtils.java:logGet(43)) - raft.server.retrycache.expirytime = 600000ms (custom)
2019-07-14 06:52:42,731 INFO  impl.RaftServerImpl (RaftServerImpl.java:start(180)) - 80532c0e-1ea2-4258-8531-55a5eca450fa: start group-B90276665BB0
2019-07-14 06:52:42,731 INFO  impl.RaftServerImpl (RaftServerImpl.java:setRole(171)) - 80532c0e-1ea2-4258-8531-55a5eca450fa:group-B90276665BB0 changes role from null to FOLLOWER at term 0 for startAsFollower
2019-07-14 06:52:42,731 INFO  impl.RoleInfo (RoleInfo.java:updateAndGet(143)) - 80532c0e-1ea2-4258-8531-55a5eca450fa: start FollowerState
2019-07-14 06:52:42,758 INFO  util.JmxRegister (JmxRegister.java:tryRegister(44)) - Successfully registered JMX Bean with object name Ratis:service=RaftServer,group=group-B90276665BB0,id=80532c0e-1ea2-4258-8531-55a5eca450fa
2019-07-14 06:52:42,783 INFO  pipeline.PipelineStateManager (PipelineStateManager.java:addPipeline(56)) - Created pipeline Pipeline[ Id: 8069732c-8d24-4013-9f2f-b90276665bb0, Nodes: 80532c0e-1ea2-4258-8531-55a5eca450fa{ip: 192.168.5.144, host: trunk-nightly-8c95p-1540871953, networkLocation: /default-rack, certSerialId: null}, Type:RATIS, Factor:ONE, State:OPEN]
2019-07-14 06:52:42,913 INFO  node.SCMNodeManager (SCMNodeManager.java:register(269)) - Registered Data node : dc6a36be-a5eb-47e6-9565-6495b74a01e3{ip: 192.168.5.144, host: trunk-nightly-8c95p-1540871953, networkLocation: /default-rack, certSerialId: null}
2019-07-14 06:52:42,919 INFO  ozone.MiniOzoneClusterImpl (MiniOzoneClusterImpl.java:lambda$waitForClusterToBeReady$0(142)) - Cluster is ready. Got 6 of 6 DN Heartbeats.
2019-07-14 06:52:42,938 INFO  impl.RaftServerProxy (RaftServerProxy.java:addNew(89)) - dc6a36be-a5eb-47e6-9565-6495b74a01e3: addNew group-9D7DAA97900F:[dc6a36be-a5eb-47e6-9565-6495b74a01e3:192.168.5.144:37094] returns group-9D7DAA97900F:java.util.concurrent.CompletableFuture@47672345[Not completed]
2019-07-14 06:52:42,939 INFO  impl.RaftServerImpl (RaftServerImpl.java:<init>(93)) - dc6a36be-a5eb-47e6-9565-6495b74a01e3: new RaftServerImpl for group-9D7DAA97900F:[dc6a36be-a5eb-47e6-9565-6495b74a01e3:192.168.5.144:37094] with ContainerStateMachine:uninitialized
2019-07-14 06:52:42,939 INFO  server.RaftServerConfigKeys (ConfUtils.java:logGet(43)) - raft.server.rpc.timeout.min = 5s (custom)
2019-07-14 06:52:42,939 INFO  server.RaftServerConfigKeys (ConfUtils.java:logGet(43)) - raft.server.rpc.timeout.max = 5200ms (custom)
2019-07-14 06:52:42,939 INFO  server.RaftServerConfigKeys (ConfUtils.java:logGet(43)) - raft.server.rpcslowness.timeout = 120s (custom)
2019-07-14 06:52:42,939 INFO  server.RaftServerConfigKeys (ConfUtils.java:logGet(43)) - raft.server.sleep.deviation.threshold = 300 (default)
2019-07-14 06:52:42,939 INFO  server.RaftServerConfigKeys (ConfUtils.java:logGet(43)) - raft.server.log.appender.install.snapshot.enabled = false (custom)
2019-07-14 06:52:42,940 INFO  impl.RaftServerImpl (ServerState.java:<init>(105)) - dc6a36be-a5eb-47e6-9565-6495b74a01e3:group-9D7DAA97900F ConfigurationManager, init=-1: [dc6a36be-a5eb-47e6-9565-6495b74a01e3:192.168.5.144:37094], old=null, confs=<EMPTY_MAP>
2019-07-14 06:52:42,948 INFO  server.RaftServerConfigKeys (ConfUtils.java:logGet(43)) - raft.server.storage.dir = [/tmp/workdir/hadoop-ozone/integration-test/target/test-dir/MiniOzoneClusterImpl-05cecf30-6147-484e-ad5f-a3600576eef7/datanode-5/data/ratis] (custom)
2019-07-14 06:52:42,955 INFO  storage.RaftStorageDirectory (RaftStorageDirectory.java:analyzeStorage(246)) - The storage directory /tmp/workdir/hadoop-ozone/integration-test/target/test-dir/MiniOzoneClusterImpl-05cecf30-6147-484e-ad5f-a3600576eef7/datanode-5/data/ratis/be20b9ef-7e3c-4671-b1c3-9d7daa97900f does not exist. Creating ...
2019-07-14 06:52:42,970 INFO  storage.RaftStorageDirectory (RaftStorageDirectory.java:tryLock(328)) - Lock on /tmp/workdir/hadoop-ozone/integration-test/target/test-dir/MiniOzoneClusterImpl-05cecf30-6147-484e-ad5f-a3600576eef7/datanode-5/data/ratis/be20b9ef-7e3c-4671-b1c3-9d7daa97900f/in_use.lock acquired by nodename 3046@trunk-nightly-8c95p-1540871953
2019-07-14 06:52:42,979 INFO  rpc.RpcClient (RpcClient.java:createVolume(287)) - Creating Volume: datanodefailurehandlingtest, with jenkins1000 as owner.
2019-07-14 06:52:42,993 INFO  storage.RaftStorage (RaftStorage.java:format(72)) - Storage directory /tmp/workdir/hadoop-ozone/integration-test/target/test-dir/MiniOzoneClusterImpl-05cecf30-6147-484e-ad5f-a3600576eef7/datanode-5/data/ratis/be20b9ef-7e3c-4671-b1c3-9d7daa97900f has been successfully formatted.
2019-07-14 06:52:43,008 INFO  ratis.ContainerStateMachine (ContainerStateMachine.java:loadSnapshot(200)) - group-9D7DAA97900F: The snapshot info is null. Setting the last applied indexto:(t:0, i:~)
2019-07-14 06:52:43,008 INFO  server.RaftServerConfigKeys (ConfUtils.java:logGet(43)) - raft.server.leader.election.timeout = 120s (custom)
2019-07-14 06:52:43,008 INFO  server.RaftServerConfigKeys (ConfUtils.java:logGet(43)) - raft.server.log.use.memory = false (default)
2019-07-14 06:52:43,009 INFO  server.RaftServerConfigKeys (ConfUtils.java:logGet(43)) - raft.server.log.purge.gap = 1000000000 (custom)
2019-07-14 06:52:43,009 INFO  rpc.RpcClient (RpcClient.java:createBucket(424)) - Creating Bucket: datanodefailurehandlingtest/datanodefailurehandlingtest, with Versioning false and Storage Type set to DISK and Encryption set to false 
2019-07-14 06:52:43,009 INFO  server.RaftServerConfigKeys (ConfUtils.java:logGet(43)) - raft.server.log.appender.buffer.byte-limit = 33554432 (custom)
2019-07-14 06:52:43,009 INFO  server.RaftServerConfigKeys (ConfUtils.java:logGet(43)) - raft.server.log.segment.size.max = 1048576 (custom)
2019-07-14 06:52:43,009 INFO  server.RaftServerConfigKeys (ConfUtils.java:logGet(43)) - raft.server.log.segment.cache.num.max = 2 (custom)
2019-07-14 06:52:43,009 INFO  segmented.SegmentedRaftLogWorker (SegmentedRaftLogWorker.java:<init>(172)) - new dc6a36be-a5eb-47e6-9565-6495b74a01e3-SegmentedRaftLogWorker:Storage Directory /tmp/workdir/hadoop-ozone/integration-test/target/test-dir/MiniOzoneClusterImpl-05cecf30-6147-484e-ad5f-a3600576eef7/datanode-5/data/ratis/be20b9ef-7e3c-4671-b1c3-9d7daa97900f for RaftStorage:Storage Directory /tmp/workdir/hadoop-ozone/integration-test/target/test-dir/MiniOzoneClusterImpl-05cecf30-6147-484e-ad5f-a3600576eef7/datanode-5/data/ratis/be20b9ef-7e3c-4671-b1c3-9d7daa97900f
2019-07-14 06:52:43,010 INFO  server.RaftServerConfigKeys (ConfUtils.java:logGet(43)) - raft.server.log.queue.byte-limit = 2147483647 (custom)
2019-07-14 06:52:43,010 INFO  server.RaftServerConfigKeys (ConfUtils.java:logGet(43)) - raft.server.log.queue.element-limit = 1024 (custom)
2019-07-14 06:52:43,015 INFO  server.RaftServerConfigKeys (ConfUtils.java:logGet(43)) - raft.server.log.segment.size.max = 1048576 (custom)
2019-07-14 06:52:43,015 INFO  server.RaftServerConfigKeys (ConfUtils.java:logGet(43)) - raft.server.log.preallocated.size = 16384 (custom)
2019-07-14 06:52:43,015 INFO  server.RaftServerConfigKeys (ConfUtils.java:logGet(43)) - raft.server.log.write.buffer.size = 33554432 (custom)
2019-07-14 06:52:43,015 INFO  server.RaftServerConfigKeys (ConfUtils.java:logGet(43)) - raft.server.log.force.sync.num = 128 (default)
2019-07-14 06:52:43,015 INFO  server.RaftServerConfigKeys (ConfUtils.java:logGet(43)) - raft.server.log.statemachine.data.sync = true (default)
2019-07-14 06:52:43,016 INFO  server.RaftServerConfigKeys (ConfUtils.java:logGet(43)) - raft.server.log.statemachine.data.sync.timeout = 10s (default)
2019-07-14 06:52:43,016 INFO  server.RaftServerConfigKeys (ConfUtils.java:logGet(43)) - raft.server.log.statemachine.data.sync.timeout.retry = -1 (default)
2019-07-14 06:52:43,016 INFO  server.RaftServerConfigKeys (ConfUtils.java:logGet(43)) - raft.server.log.statemachine.data.caching.enabled = true (custom)
2019-07-14 06:52:43,016 INFO  segmented.SegmentedRaftLogWorker (SegmentedRaftLogWorker.java:lambda$new$0(132)) - dc6a36be-a5eb-47e6-9565-6495b74a01e3-SegmentedRaftLogWorker:Storage Directory /tmp/workdir/hadoop-ozone/integration-test/target/test-dir/MiniOzoneClusterImpl-05cecf30-6147-484e-ad5f-a3600576eef7/datanode-5/data/ratis/be20b9ef-7e3c-4671-b1c3-9d7daa97900f: flushIndex: setUnconditionally 0 -> -1
2019-07-14 06:52:43,017 INFO  server.RaftServerConfigKeys (ConfUtils.java:logGet(43)) - raft.server.snapshot.auto.trigger.enabled = true (custom)
2019-07-14 06:52:43,017 INFO  server.RaftServerConfigKeys (ConfUtils.java:logGet(43)) - raft.server.snapshot.auto.trigger.threshold = 10000 (custom)
2019-07-14 06:52:43,017 INFO  server.RaftServerConfigKeys (ConfUtils.java:logGet(43)) - raft.server.retrycache.expirytime = 600000ms (custom)
2019-07-14 06:52:43,017 INFO  impl.RaftServerImpl (RaftServerImpl.java:start(180)) - dc6a36be-a5eb-47e6-9565-6495b74a01e3: start group-9D7DAA97900F
2019-07-14 06:52:43,017 INFO  impl.RaftServerImpl (RaftServerImpl.java:setRole(171)) - dc6a36be-a5eb-47e6-9565-6495b74a01e3:group-9D7DAA97900F changes role from null to FOLLOWER at term 0 for startAsFollower
2019-07-14 06:52:43,017 INFO  impl.RoleInfo (RoleInfo.java:updateAndGet(143)) - dc6a36be-a5eb-47e6-9565-6495b74a01e3: start FollowerState
2019-07-14 06:52:43,018 INFO  util.JmxRegister (JmxRegister.java:tryRegister(44)) - Successfully registered JMX Bean with object name Ratis:service=RaftServer,group=group-9D7DAA97900F,id=dc6a36be-a5eb-47e6-9565-6495b74a01e3
2019-07-14 06:52:43,020 INFO  pipeline.PipelineStateManager (PipelineStateManager.java:addPipeline(56)) - Created pipeline Pipeline[ Id: be20b9ef-7e3c-4671-b1c3-9d7daa97900f, Nodes: dc6a36be-a5eb-47e6-9565-6495b74a01e3{ip: 192.168.5.144, host: trunk-nightly-8c95p-1540871953, networkLocation: /default-rack, certSerialId: null}, Type:RATIS, Factor:ONE, State:OPEN]
2019-07-14 06:52:43,054 INFO  impl.RaftServerProxy (RaftServerProxy.java:addNew(89)) - 80532c0e-1ea2-4258-8531-55a5eca450fa: addNew group-B49A3CD331BD:[9927f91e-bb8c-46e7-b6a9-486a9b631738:192.168.5.144:41664, 80532c0e-1ea2-4258-8531-55a5eca450fa:192.168.5.144:44689, dc6a36be-a5eb-47e6-9565-6495b74a01e3:192.168.5.144:37094] returns group-B49A3CD331BD:java.util.concurrent.CompletableFuture@6d5c5aaf[Not completed]
2019-07-14 06:52:43,054 INFO  impl.RaftServerProxy (RaftServerProxy.java:addNew(89)) - 9927f91e-bb8c-46e7-b6a9-486a9b631738: addNew group-B49A3CD331BD:[9927f91e-bb8c-46e7-b6a9-486a9b631738:192.168.5.144:41664, 80532c0e-1ea2-4258-8531-55a5eca450fa:192.168.5.144:44689, dc6a36be-a5eb-47e6-9565-6495b74a01e3:192.168.5.144:37094] returns group-B49A3CD331BD:java.util.concurrent.CompletableFuture@14248c15[Not completed]
2019-07-14 06:52:43,055 INFO  impl.RaftServerProxy (RaftServerProxy.java:addNew(89)) - dc6a36be-a5eb-47e6-9565-6495b74a01e3: addNew group-B49A3CD331BD:[9927f91e-bb8c-46e7-b6a9-486a9b631738:192.168.5.144:41664, 80532c0e-1ea2-4258-8531-55a5eca450fa:192.168.5.144:44689, dc6a36be-a5eb-47e6-9565-6495b74a01e3:192.168.5.144:37094] returns group-B49A3CD331BD:java.util.concurrent.CompletableFuture@3acdecf2[Not completed]
2019-07-14 06:52:43,055 INFO  impl.RaftServerImpl (RaftServerImpl.java:<init>(93)) - 80532c0e-1ea2-4258-8531-55a5eca450fa: new RaftServerImpl for group-B49A3CD331BD:[9927f91e-bb8c-46e7-b6a9-486a9b631738:192.168.5.144:41664, 80532c0e-1ea2-4258-8531-55a5eca450fa:192.168.5.144:44689, dc6a36be-a5eb-47e6-9565-6495b74a01e3:192.168.5.144:37094] with ContainerStateMachine:uninitialized
2019-07-14 06:52:43,055 INFO  server.RaftServerConfigKeys (ConfUtils.java:logGet(43)) - raft.server.rpc.timeout.min = 5s (custom)
2019-07-14 06:52:43,056 INFO  server.RaftServerConfigKeys (ConfUtils.java:logGet(43)) - raft.server.rpc.timeout.max = 5200ms (custom)
2019-07-14 06:52:43,056 INFO  server.RaftServerConfigKeys (ConfUtils.java:logGet(43)) - raft.server.rpcslowness.timeout = 120s (custom)
2019-07-14 06:52:43,056 INFO  server.RaftServerConfigKeys (ConfUtils.java:logGet(43)) - raft.server.sleep.deviation.threshold = 300 (default)
2019-07-14 06:52:43,056 INFO  server.RaftServerConfigKeys (ConfUtils.java:logGet(43)) - raft.server.log.appender.install.snapshot.enabled = false (custom)
2019-07-14 06:52:43,056 INFO  impl.RaftServerImpl (ServerState.java:<init>(105)) - 80532c0e-1ea2-4258-8531-55a5eca450fa:group-B49A3CD331BD ConfigurationManager, init=-1: [9927f91e-bb8c-46e7-b6a9-486a9b631738:192.168.5.144:41664, 80532c0e-1ea2-4258-8531-55a5eca450fa:192.168.5.144:44689, dc6a36be-a5eb-47e6-9565-6495b74a01e3:192.168.5.144:37094], old=null, confs=<EMPTY_MAP>
2019-07-14 06:52:43,056 INFO  impl.RaftServerImpl (RaftServerImpl.java:<init>(93)) - 9927f91e-bb8c-46e7-b6a9-486a9b631738: new RaftServerImpl for group-B49A3CD331BD:[9927f91e-bb8c-46e7-b6a9-486a9b631738:192.168.5.144:41664, 80532c0e-1ea2-4258-8531-55a5eca450fa:192.168.5.144:44689, dc6a36be-a5eb-47e6-9565-6495b74a01e3:192.168.5.144:37094] with ContainerStateMachine:uninitialized
2019-07-14 06:52:43,056 INFO  server.RaftServerConfigKeys (ConfUtils.java:logGet(43)) - raft.server.storage.dir = [/tmp/workdir/hadoop-ozone/integration-test/target/test-dir/MiniOzoneClusterImpl-05cecf30-6147-484e-ad5f-a3600576eef7/datanode-4/data/ratis] (custom)
2019-07-14 06:52:43,056 INFO  server.RaftServerConfigKeys (ConfUtils.java:logGet(43)) - raft.server.rpc.timeout.min = 5s (custom)
2019-07-14 06:52:43,056 INFO  impl.RaftServerImpl (RaftServerImpl.java:<init>(93)) - dc6a36be-a5eb-47e6-9565-6495b74a01e3: new RaftServerImpl for group-B49A3CD331BD:[9927f91e-bb8c-46e7-b6a9-486a9b631738:192.168.5.144:41664, 80532c0e-1ea2-4258-8531-55a5eca450fa:192.168.5.144:44689, dc6a36be-a5eb-47e6-9565-6495b74a01e3:192.168.5.144:37094] with ContainerStateMachine:uninitialized
2019-07-14 06:52:43,056 INFO  storage.RaftStorageDirectory (RaftStorageDirectory.java:analyzeStorage(246)) - The storage directory /tmp/workdir/hadoop-ozone/integration-test/target/test-dir/MiniOzoneClusterImpl-05cecf30-6147-484e-ad5f-a3600576eef7/datanode-4/data/ratis/d45461fe-f4ba-4972-a5e6-b49a3cd331bd does not exist. Creating ...
2019-07-14 06:52:43,056 INFO  server.RaftServerConfigKeys (ConfUtils.java:logGet(43)) - raft.server.rpc.timeout.max = 5200ms (custom)
2019-07-14 06:52:43,057 INFO  server.RaftServerConfigKeys (ConfUtils.java:logGet(43)) - raft.server.rpc.timeout.min = 5s (custom)
2019-07-14 06:52:43,057 INFO  server.RaftServerConfigKeys (ConfUtils.java:logGet(43)) - raft.server.rpcslowness.timeout = 120s (custom)
2019-07-14 06:52:43,057 INFO  server.RaftServerConfigKeys (ConfUtils.java:logGet(43)) - raft.server.rpc.timeout.max = 5200ms (custom)
2019-07-14 06:52:43,057 INFO  server.RaftServerConfigKeys (ConfUtils.java:logGet(43)) - raft.server.sleep.deviation.threshold = 300 (default)
2019-07-14 06:52:43,057 INFO  server.RaftServerConfigKeys (ConfUtils.java:logGet(43)) - raft.server.rpcslowness.timeout = 120s (custom)
2019-07-14 06:52:43,057 INFO  server.RaftServerConfigKeys (ConfUtils.java:logGet(43)) - raft.server.log.appender.install.snapshot.enabled = false (custom)
2019-07-14 06:52:43,057 INFO  server.RaftServerConfigKeys (ConfUtils.java:logGet(43)) - raft.server.sleep.deviation.threshold = 300 (default)
2019-07-14 06:52:43,058 INFO  impl.RaftServerImpl (ServerState.java:<init>(105)) - 9927f91e-bb8c-46e7-b6a9-486a9b631738:group-B49A3CD331BD ConfigurationManager, init=-1: [9927f91e-bb8c-46e7-b6a9-486a9b631738:192.168.5.144:41664, 80532c0e-1ea2-4258-8531-55a5eca450fa:192.168.5.144:44689, dc6a36be-a5eb-47e6-9565-6495b74a01e3:192.168.5.144:37094], old=null, confs=<EMPTY_MAP>
2019-07-14 06:52:43,058 INFO  server.RaftServerConfigKeys (ConfUtils.java:logGet(43)) - raft.server.log.appender.install.snapshot.enabled = false (custom)
2019-07-14 06:52:43,058 INFO  server.RaftServerConfigKeys (ConfUtils.java:logGet(43)) - raft.server.storage.dir = [/tmp/workdir/hadoop-ozone/integration-test/target/test-dir/MiniOzoneClusterImpl-05cecf30-6147-484e-ad5f-a3600576eef7/datanode-3/data/ratis] (custom)
2019-07-14 06:52:43,058 INFO  impl.RaftServerImpl (ServerState.java:<init>(105)) - dc6a36be-a5eb-47e6-9565-6495b74a01e3:group-B49A3CD331BD ConfigurationManager, init=-1: [9927f91e-bb8c-46e7-b6a9-486a9b631738:192.168.5.144:41664, 80532c0e-1ea2-4258-8531-55a5eca450fa:192.168.5.144:44689, dc6a36be-a5eb-47e6-9565-6495b74a01e3:192.168.5.144:37094], old=null, confs=<EMPTY_MAP>
2019-07-14 06:52:43,058 INFO  server.RaftServerConfigKeys (ConfUtils.java:logGet(43)) - raft.server.storage.dir = [/tmp/workdir/hadoop-ozone/integration-test/target/test-dir/MiniOzoneClusterImpl-05cecf30-6147-484e-ad5f-a3600576eef7/datanode-5/data/ratis] (custom)
2019-07-14 06:52:43,058 INFO  storage.RaftStorageDirectory (RaftStorageDirectory.java:analyzeStorage(246)) - The storage directory /tmp/workdir/hadoop-ozone/integration-test/target/test-dir/MiniOzoneClusterImpl-05cecf30-6147-484e-ad5f-a3600576eef7/datanode-3/data/ratis/d45461fe-f4ba-4972-a5e6-b49a3cd331bd does not exist. Creating ...
2019-07-14 06:52:43,058 INFO  storage.RaftStorageDirectory (RaftStorageDirectory.java:analyzeStorage(246)) - The storage directory /tmp/workdir/hadoop-ozone/integration-test/target/test-dir/MiniOzoneClusterImpl-05cecf30-6147-484e-ad5f-a3600576eef7/datanode-5/data/ratis/d45461fe-f4ba-4972-a5e6-b49a3cd331bd does not exist. Creating ...
2019-07-14 06:52:43,071 INFO  storage.RaftStorageDirectory (RaftStorageDirectory.java:tryLock(328)) - Lock on /tmp/workdir/hadoop-ozone/integration-test/target/test-dir/MiniOzoneClusterImpl-05cecf30-6147-484e-ad5f-a3600576eef7/datanode-5/data/ratis/d45461fe-f4ba-4972-a5e6-b49a3cd331bd/in_use.lock acquired by nodename 3046@trunk-nightly-8c95p-1540871953
2019-07-14 06:52:43,071 INFO  storage.RaftStorageDirectory (RaftStorageDirectory.java:tryLock(328)) - Lock on /tmp/workdir/hadoop-ozone/integration-test/target/test-dir/MiniOzoneClusterImpl-05cecf30-6147-484e-ad5f-a3600576eef7/datanode-4/data/ratis/d45461fe-f4ba-4972-a5e6-b49a3cd331bd/in_use.lock acquired by nodename 3046@trunk-nightly-8c95p-1540871953
2019-07-14 06:52:43,071 INFO  storage.RaftStorageDirectory (RaftStorageDirectory.java:tryLock(328)) - Lock on /tmp/workdir/hadoop-ozone/integration-test/target/test-dir/MiniOzoneClusterImpl-05cecf30-6147-484e-ad5f-a3600576eef7/datanode-3/data/ratis/d45461fe-f4ba-4972-a5e6-b49a3cd331bd/in_use.lock acquired by nodename 3046@trunk-nightly-8c95p-1540871953
2019-07-14 06:52:43,082 INFO  storage.RaftStorage (RaftStorage.java:format(72)) - Storage directory /tmp/workdir/hadoop-ozone/integration-test/target/test-dir/MiniOzoneClusterImpl-05cecf30-6147-484e-ad5f-a3600576eef7/datanode-5/data/ratis/d45461fe-f4ba-4972-a5e6-b49a3cd331bd has been successfully formatted.
2019-07-14 06:52:43,082 INFO  storage.RaftStorage (RaftStorage.java:format(72)) - Storage directory /tmp/workdir/hadoop-ozone/integration-test/target/test-dir/MiniOzoneClusterImpl-05cecf30-6147-484e-ad5f-a3600576eef7/datanode-4/data/ratis/d45461fe-f4ba-4972-a5e6-b49a3cd331bd has been successfully formatted.
2019-07-14 06:52:43,082 INFO  storage.RaftStorage (RaftStorage.java:format(72)) - Storage directory /tmp/workdir/hadoop-ozone/integration-test/target/test-dir/MiniOzoneClusterImpl-05cecf30-6147-484e-ad5f-a3600576eef7/datanode-3/data/ratis/d45461fe-f4ba-4972-a5e6-b49a3cd331bd has been successfully formatted.
2019-07-14 06:52:43,082 INFO  ratis.ContainerStateMachine (ContainerStateMachine.java:loadSnapshot(200)) - group-B49A3CD331BD: The snapshot info is null. Setting the last applied indexto:(t:0, i:~)
2019-07-14 06:52:43,083 INFO  ratis.ContainerStateMachine (ContainerStateMachine.java:loadSnapshot(200)) - group-B49A3CD331BD: The snapshot info is null. Setting the last applied indexto:(t:0, i:~)
2019-07-14 06:52:43,082 INFO  ratis.ContainerStateMachine (ContainerStateMachine.java:loadSnapshot(200)) - group-B49A3CD331BD: The snapshot info is null. Setting the last applied indexto:(t:0, i:~)
2019-07-14 06:52:43,083 INFO  server.RaftServerConfigKeys (ConfUtils.java:logGet(43)) - raft.server.leader.election.timeout = 120s (custom)
2019-07-14 06:52:43,083 INFO  server.RaftServerConfigKeys (ConfUtils.java:logGet(43)) - raft.server.leader.election.timeout = 120s (custom)
2019-07-14 06:52:43,083 INFO  server.RaftServerConfigKeys (ConfUtils.java:logGet(43)) - raft.server.log.use.memory = false (default)
2019-07-14 06:52:43,083 INFO  server.RaftServerConfigKeys (ConfUtils.java:logGet(43)) - raft.server.leader.election.timeout = 120s (custom)
2019-07-14 06:52:43,083 INFO  server.RaftServerConfigKeys (ConfUtils.java:logGet(43)) - raft.server.log.purge.gap = 1000000000 (custom)
2019-07-14 06:52:43,083 INFO  server.RaftServerConfigKeys (ConfUtils.java:logGet(43)) - raft.server.log.use.memory = false (default)
2019-07-14 06:52:43,083 INFO  server.RaftServerConfigKeys (ConfUtils.java:logGet(43)) - raft.server.log.appender.buffer.byte-limit = 33554432 (custom)
2019-07-14 06:52:43,083 INFO  server.RaftServerConfigKeys (ConfUtils.java:logGet(43)) - raft.server.log.use.memory = false (default)
2019-07-14 06:52:43,084 INFO  server.RaftServerConfigKeys (ConfUtils.java:logGet(43)) - raft.server.log.segment.size.max = 1048576 (custom)
2019-07-14 06:52:43,083 INFO  server.RaftServerConfigKeys (ConfUtils.java:logGet(43)) - raft.server.log.purge.gap = 1000000000 (custom)
2019-07-14 06:52:43,084 INFO  server.RaftServerConfigKeys (ConfUtils.java:logGet(43)) - raft.server.log.segment.cache.num.max = 2 (custom)
2019-07-14 06:52:43,084 INFO  server.RaftServerConfigKeys (ConfUtils.java:logGet(43)) - raft.server.log.purge.gap = 1000000000 (custom)
2019-07-14 06:52:43,084 INFO  server.RaftServerConfigKeys (ConfUtils.java:logGet(43)) - raft.server.log.appender.buffer.byte-limit = 33554432 (custom)
2019-07-14 06:52:43,084 INFO  segmented.SegmentedRaftLogWorker (SegmentedRaftLogWorker.java:<init>(172)) - new 9927f91e-bb8c-46e7-b6a9-486a9b631738-SegmentedRaftLogWorker:Storage Directory /tmp/workdir/hadoop-ozone/integration-test/target/test-dir/MiniOzoneClusterImpl-05cecf30-6147-484e-ad5f-a3600576eef7/datanode-3/data/ratis/d45461fe-f4ba-4972-a5e6-b49a3cd331bd for RaftStorage:Storage Directory /tmp/workdir/hadoop-ozone/integration-test/target/test-dir/MiniOzoneClusterImpl-05cecf30-6147-484e-ad5f-a3600576eef7/datanode-3/data/ratis/d45461fe-f4ba-4972-a5e6-b49a3cd331bd
2019-07-14 06:52:43,084 INFO  server.RaftServerConfigKeys (ConfUtils.java:logGet(43)) - raft.server.log.appender.buffer.byte-limit = 33554432 (custom)
2019-07-14 06:52:43,084 INFO  server.RaftServerConfigKeys (ConfUtils.java:logGet(43)) - raft.server.log.queue.byte-limit = 2147483647 (custom)
2019-07-14 06:52:43,084 INFO  server.RaftServerConfigKeys (ConfUtils.java:logGet(43)) - raft.server.log.segment.size.max = 1048576 (custom)
2019-07-14 06:52:43,085 INFO  server.RaftServerConfigKeys (ConfUtils.java:logGet(43)) - raft.server.log.queue.element-limit = 1024 (custom)
2019-07-14 06:52:43,085 INFO  server.RaftServerConfigKeys (ConfUtils.java:logGet(43)) - raft.server.log.segment.size.max = 1048576 (custom)
2019-07-14 06:52:43,085 INFO  server.RaftServerConfigKeys (ConfUtils.java:logGet(43)) - raft.server.log.segment.size.max = 1048576 (custom)
2019-07-14 06:52:43,085 INFO  server.RaftServerConfigKeys (ConfUtils.java:logGet(43)) - raft.server.log.preallocated.size = 16384 (custom)
2019-07-14 06:52:43,085 INFO  server.RaftServerConfigKeys (ConfUtils.java:logGet(43)) - raft.server.log.segment.cache.num.max = 2 (custom)
2019-07-14 06:52:43,085 INFO  server.RaftServerConfigKeys (ConfUtils.java:logGet(43)) - raft.server.log.write.buffer.size = 33554432 (custom)
2019-07-14 06:52:43,085 INFO  server.RaftServerConfigKeys (ConfUtils.java:logGet(43)) - raft.server.log.segment.cache.num.max = 2 (custom)
2019-07-14 06:52:43,086 INFO  server.RaftServerConfigKeys (ConfUtils.java:logGet(43)) - raft.server.log.force.sync.num = 128 (default)
2019-07-14 06:52:43,086 INFO  segmented.SegmentedRaftLogWorker (SegmentedRaftLogWorker.java:<init>(172)) - new dc6a36be-a5eb-47e6-9565-6495b74a01e3-SegmentedRaftLogWorker:Storage Directory /tmp/workdir/hadoop-ozone/integration-test/target/test-dir/MiniOzoneClusterImpl-05cecf30-6147-484e-ad5f-a3600576eef7/datanode-5/data/ratis/d45461fe-f4ba-4972-a5e6-b49a3cd331bd for RaftStorage:Storage Directory /tmp/workdir/hadoop-ozone/integration-test/target/test-dir/MiniOzoneClusterImpl-05cecf30-6147-484e-ad5f-a3600576eef7/datanode-5/data/ratis/d45461fe-f4ba-4972-a5e6-b49a3cd331bd
2019-07-14 06:52:43,086 INFO  server.RaftServerConfigKeys (ConfUtils.java:logGet(43)) - raft.server.log.statemachine.data.sync = true (default)
2019-07-14 06:52:43,086 INFO  segmented.SegmentedRaftLogWorker (SegmentedRaftLogWorker.java:<init>(172)) - new 80532c0e-1ea2-4258-8531-55a5eca450fa-SegmentedRaftLogWorker:Storage Directory /tmp/workdir/hadoop-ozone/integration-test/target/test-dir/MiniOzoneClusterImpl-05cecf30-6147-484e-ad5f-a3600576eef7/datanode-4/data/ratis/d45461fe-f4ba-4972-a5e6-b49a3cd331bd for RaftStorage:Storage Directory /tmp/workdir/hadoop-ozone/integration-test/target/test-dir/MiniOzoneClusterImpl-05cecf30-6147-484e-ad5f-a3600576eef7/datanode-4/data/ratis/d45461fe-f4ba-4972-a5e6-b49a3cd331bd
2019-07-14 06:52:43,086 INFO  server.RaftServerConfigKeys (ConfUtils.java:logGet(43)) - raft.server.log.statemachine.data.sync.timeout = 10s (default)
2019-07-14 06:52:43,086 INFO  server.RaftServerConfigKeys (ConfUtils.java:logGet(43)) - raft.server.log.queue.byte-limit = 2147483647 (custom)
2019-07-14 06:52:43,087 INFO  server.RaftServerConfigKeys (ConfUtils.java:logGet(43)) - raft.server.log.statemachine.data.sync.timeout.retry = -1 (default)
2019-07-14 06:52:43,086 INFO  server.RaftServerConfigKeys (ConfUtils.java:logGet(43)) - raft.server.log.queue.byte-limit = 2147483647 (custom)
2019-07-14 06:52:43,087 INFO  server.RaftServerConfigKeys (ConfUtils.java:logGet(43)) - raft.server.log.statemachine.data.caching.enabled = true (custom)
2019-07-14 06:52:43,087 INFO  server.RaftServerConfigKeys (ConfUtils.java:logGet(43)) - raft.server.log.queue.element-limit = 1024 (custom)
2019-07-14 06:52:43,087 INFO  server.RaftServerConfigKeys (ConfUtils.java:logGet(43)) - raft.server.log.queue.element-limit = 1024 (custom)
2019-07-14 06:52:43,087 INFO  segmented.SegmentedRaftLogWorker (SegmentedRaftLogWorker.java:lambda$new$0(132)) - 9927f91e-bb8c-46e7-b6a9-486a9b631738-SegmentedRaftLogWorker:Storage Directory /tmp/workdir/hadoop-ozone/integration-test/target/test-dir/MiniOzoneClusterImpl-05cecf30-6147-484e-ad5f-a3600576eef7/datanode-3/data/ratis/d45461fe-f4ba-4972-a5e6-b49a3cd331bd: flushIndex: setUnconditionally 0 -> -1
2019-07-14 06:52:43,087 INFO  server.RaftServerConfigKeys (ConfUtils.java:logGet(43)) - raft.server.log.segment.size.max = 1048576 (custom)
2019-07-14 06:52:43,088 INFO  server.RaftServerConfigKeys (ConfUtils.java:logGet(43)) - raft.server.log.preallocated.size = 16384 (custom)
2019-07-14 06:52:43,087 INFO  server.RaftServerConfigKeys (ConfUtils.java:logGet(43)) - raft.server.log.segment.size.max = 1048576 (custom)
2019-07-14 06:52:43,088 INFO  server.RaftServerConfigKeys (ConfUtils.java:logGet(43)) - raft.server.log.write.buffer.size = 33554432 (custom)
2019-07-14 06:52:43,088 INFO  server.RaftServerConfigKeys (ConfUtils.java:logGet(43)) - raft.server.snapshot.auto.trigger.enabled = true (custom)
2019-07-14 06:52:43,088 INFO  server.RaftServerConfigKeys (ConfUtils.java:logGet(43)) - raft.server.log.force.sync.num = 128 (default)
2019-07-14 06:52:43,088 INFO  server.RaftServerConfigKeys (ConfUtils.java:logGet(43)) - raft.server.log.statemachine.data.sync = true (default)
2019-07-14 06:52:43,088 INFO  server.RaftServerConfigKeys (ConfUtils.java:logGet(43)) - raft.server.log.preallocated.size = 16384 (custom)
2019-07-14 06:52:43,089 INFO  server.RaftServerConfigKeys (ConfUtils.java:logGet(43)) - raft.server.log.statemachine.data.sync.timeout = 10s (default)
2019-07-14 06:52:43,089 INFO  server.RaftServerConfigKeys (ConfUtils.java:logGet(43)) - raft.server.log.statemachine.data.sync.timeout.retry = -1 (default)
2019-07-14 06:52:43,088 INFO  server.RaftServerConfigKeys (ConfUtils.java:logGet(43)) - raft.server.snapshot.auto.trigger.threshold = 10000 (custom)
2019-07-14 06:52:43,089 INFO  server.RaftServerConfigKeys (ConfUtils.java:logGet(43)) - raft.server.log.statemachine.data.caching.enabled = true (custom)
2019-07-14 06:52:43,089 INFO  server.RaftServerConfigKeys (ConfUtils.java:logGet(43)) - raft.server.log.write.buffer.size = 33554432 (custom)
2019-07-14 06:52:43,089 INFO  segmented.SegmentedRaftLogWorker (SegmentedRaftLogWorker.java:lambda$new$0(132)) - dc6a36be-a5eb-47e6-9565-6495b74a01e3-SegmentedRaftLogWorker:Storage Directory /tmp/workdir/hadoop-ozone/integration-test/target/test-dir/MiniOzoneClusterImpl-05cecf30-6147-484e-ad5f-a3600576eef7/datanode-5/data/ratis/d45461fe-f4ba-4972-a5e6-b49a3cd331bd: flushIndex: setUnconditionally 0 -> -1
2019-07-14 06:52:43,089 INFO  server.RaftServerConfigKeys (ConfUtils.java:logGet(43)) - raft.server.retrycache.expirytime = 600000ms (custom)
2019-07-14 06:52:43,090 INFO  server.RaftServerConfigKeys (ConfUtils.java:logGet(43)) - raft.server.snapshot.auto.trigger.enabled = true (custom)
2019-07-14 06:52:43,090 INFO  impl.RaftServerImpl (RaftServerImpl.java:start(180)) - 9927f91e-bb8c-46e7-b6a9-486a9b631738: start group-B49A3CD331BD
2019-07-14 06:52:43,090 INFO  server.RaftServerConfigKeys (ConfUtils.java:logGet(43)) - raft.server.snapshot.auto.trigger.threshold = 10000 (custom)
2019-07-14 06:52:43,090 INFO  server.RaftServerConfigKeys (ConfUtils.java:logGet(43)) - raft.server.log.force.sync.num = 128 (default)
2019-07-14 06:52:43,090 INFO  server.RaftServerConfigKeys (ConfUtils.java:logGet(43)) - raft.server.retrycache.expirytime = 600000ms (custom)
2019-07-14 06:52:43,090 INFO  impl.RaftServerImpl (RaftServerImpl.java:setRole(171)) - 9927f91e-bb8c-46e7-b6a9-486a9b631738:group-B49A3CD331BD changes role from null to FOLLOWER at term 0 for startAsFollower
2019-07-14 06:52:43,091 INFO  impl.RaftServerImpl (RaftServerImpl.java:start(180)) - dc6a36be-a5eb-47e6-9565-6495b74a01e3: start group-B49A3CD331BD
2019-07-14 06:52:43,091 INFO  impl.RaftServerImpl (RaftServerImpl.java:setRole(171)) - dc6a36be-a5eb-47e6-9565-6495b74a01e3:group-B49A3CD331BD changes role from null to FOLLOWER at term 0 for startAsFollower
2019-07-14 06:52:43,090 INFO  server.RaftServerConfigKeys (ConfUtils.java:logGet(43)) - raft.server.log.statemachine.data.sync = true (default)
2019-07-14 06:52:43,091 INFO  impl.RoleInfo (RoleInfo.java:updateAndGet(143)) - dc6a36be-a5eb-47e6-9565-6495b74a01e3: start FollowerState
2019-07-14 06:52:43,091 INFO  impl.RoleInfo (RoleInfo.java:updateAndGet(143)) - 9927f91e-bb8c-46e7-b6a9-486a9b631738: start FollowerState
2019-07-14 06:52:43,091 INFO  server.RaftServerConfigKeys (ConfUtils.java:logGet(43)) - raft.server.log.statemachine.data.sync.timeout = 10s (default)
2019-07-14 06:52:43,091 INFO  util.JmxRegister (JmxRegister.java:tryRegister(44)) - Successfully registered JMX Bean with object name Ratis:service=RaftServer,group=group-B49A3CD331BD,id=dc6a36be-a5eb-47e6-9565-6495b74a01e3
2019-07-14 06:52:43,092 INFO  util.JmxRegister (JmxRegister.java:tryRegister(44)) - Successfully registered JMX Bean with object name Ratis:service=RaftServer,group=group-B49A3CD331BD,id=9927f91e-bb8c-46e7-b6a9-486a9b631738
2019-07-14 06:52:43,092 INFO  server.RaftServerConfigKeys (ConfUtils.java:logGet(43)) - raft.server.log.statemachine.data.sync.timeout.retry = -1 (default)
2019-07-14 06:52:43,092 INFO  server.RaftServerConfigKeys (ConfUtils.java:logGet(43)) - raft.server.log.statemachine.data.caching.enabled = true (custom)
2019-07-14 06:52:43,093 INFO  segmented.SegmentedRaftLogWorker (SegmentedRaftLogWorker.java:lambda$new$0(132)) - 80532c0e-1ea2-4258-8531-55a5eca450fa-SegmentedRaftLogWorker:Storage Directory /tmp/workdir/hadoop-ozone/integration-test/target/test-dir/MiniOzoneClusterImpl-05cecf30-6147-484e-ad5f-a3600576eef7/datanode-4/data/ratis/d45461fe-f4ba-4972-a5e6-b49a3cd331bd: flushIndex: setUnconditionally 0 -> -1
2019-07-14 06:52:43,093 INFO  server.RaftServerConfigKeys (ConfUtils.java:logGet(43)) - raft.server.snapshot.auto.trigger.enabled = true (custom)
2019-07-14 06:52:43,093 INFO  server.RaftServerConfigKeys (ConfUtils.java:logGet(43)) - raft.server.snapshot.auto.trigger.threshold = 10000 (custom)
2019-07-14 06:52:43,094 INFO  server.RaftServerConfigKeys (ConfUtils.java:logGet(43)) - raft.server.retrycache.expirytime = 600000ms (custom)
2019-07-14 06:52:43,094 INFO  impl.RaftServerImpl (RaftServerImpl.java:start(180)) - 80532c0e-1ea2-4258-8531-55a5eca450fa: start group-B49A3CD331BD
2019-07-14 06:52:43,094 INFO  impl.RaftServerImpl (RaftServerImpl.java:setRole(171)) - 80532c0e-1ea2-4258-8531-55a5eca450fa:group-B49A3CD331BD changes role from null to FOLLOWER at term 0 for startAsFollower
2019-07-14 06:52:43,094 INFO  impl.RoleInfo (RoleInfo.java:updateAndGet(143)) - 80532c0e-1ea2-4258-8531-55a5eca450fa: start FollowerState
2019-07-14 06:52:43,094 INFO  util.JmxRegister (JmxRegister.java:tryRegister(44)) - Successfully registered JMX Bean with object name Ratis:service=RaftServer,group=group-B49A3CD331BD,id=80532c0e-1ea2-4258-8531-55a5eca450fa
2019-07-14 06:52:43,096 INFO  pipeline.PipelineStateManager (PipelineStateManager.java:addPipeline(56)) - Created pipeline Pipeline[ Id: d45461fe-f4ba-4972-a5e6-b49a3cd331bd, Nodes: dc6a36be-a5eb-47e6-9565-6495b74a01e3{ip: 192.168.5.144, host: trunk-nightly-8c95p-1540871953, networkLocation: /default-rack, certSerialId: null}9927f91e-bb8c-46e7-b6a9-486a9b631738{ip: 192.168.5.144, host: trunk-nightly-8c95p-1540871953, networkLocation: /default-rack, certSerialId: null}80532c0e-1ea2-4258-8531-55a5eca450fa{ip: 192.168.5.144, host: trunk-nightly-8c95p-1540871953, networkLocation: /default-rack, certSerialId: null}, Type:RATIS, Factor:THREE, State:OPEN]
2019-07-14 06:52:43,152 INFO  client.GrpcClientProtocolClient (GrpcClientProtocolClient.java:onNext(255)) - client-A22EF83077DA->7ef7209e-5510-40ee-a4f7-1370151deb8c: receive RaftClientReply:client-A22EF83077DA->7ef7209e-5510-40ee-a4f7-1370151deb8c@group-8FE0ABC25568, cid=145, FAILED org.apache.ratis.protocol.NotLeaderException: Server 7ef7209e-5510-40ee-a4f7-1370151deb8c is not the leader (null). Request must be sent to leader., logIndex=0, commits[7ef7209e-5510-40ee-a4f7-1370151deb8c:c-1]
2019-07-14 06:52:44,213 INFO  client.GrpcClientProtocolClient (GrpcClientProtocolClient.java:onNext(255)) - client-A22EF83077DA->f34f04f7-03f7-4560-a51c-a1465920505f: receive RaftClientReply:client-A22EF83077DA->f34f04f7-03f7-4560-a51c-a1465920505f@group-8FE0ABC25568, cid=145, FAILED org.apache.ratis.protocol.NotLeaderException: Server f34f04f7-03f7-4560-a51c-a1465920505f is not the leader (null). Request must be sent to leader., logIndex=0, commits[f34f04f7-03f7-4560-a51c-a1465920505f:c-1]
2019-07-14 06:52:44,492 INFO  container.ReplicationManager (ReplicationManager.java:start(155)) - Starting Replication Monitor Thread.
2019-07-14 06:52:44,502 INFO  container.ReplicationManager (ReplicationManager.java:run(207)) - Replication Monitor Thread took 0 milliseconds for processing 1 containers.
2019-07-14 06:52:45,256 INFO  client.GrpcClientProtocolClient (GrpcClientProtocolClient.java:onNext(255)) - client-A22EF83077DA->de94ab65-019f-42dc-bf71-f88d48274313: receive RaftClientReply:client-A22EF83077DA->de94ab65-019f-42dc-bf71-f88d48274313@group-8FE0ABC25568, cid=145, FAILED org.apache.ratis.protocol.NotLeaderException: Server de94ab65-019f-42dc-bf71-f88d48274313 is not the leader (null). Request must be sent to leader., logIndex=0, commits[de94ab65-019f-42dc-bf71-f88d48274313:c-1]
2019-07-14 06:52:45,924 INFO  impl.FollowerState (FollowerState.java:run(106)) - 9bda9dad-fadd-43bb-a848-649d686737da:group-767F60FE3A80 changes to CANDIDATE, lastRpcTime:5120, electionTimeout:5120ms
2019-07-14 06:52:45,924 INFO  impl.RoleInfo (RoleInfo.java:shutdownFollowerState(121)) - 9bda9dad-fadd-43bb-a848-649d686737da: shutdown FollowerState
2019-07-14 06:52:45,924 INFO  impl.RaftServerImpl (RaftServerImpl.java:setRole(171)) - 9bda9dad-fadd-43bb-a848-649d686737da:group-767F60FE3A80 changes role from FOLLOWER to CANDIDATE at term 7 for changeToCandidate
2019-07-14 06:52:45,924 INFO  impl.RoleInfo (RoleInfo.java:updateAndGet(143)) - 9bda9dad-fadd-43bb-a848-649d686737da: start LeaderElection
2019-07-14 06:52:45,950 INFO  impl.LeaderElection (LeaderElection.java:askForVotes(181)) - 9bda9dad-fadd-43bb-a848-649d686737da:group-767F60FE3A80:LeaderElection61: begin an election at term 8 for 0: [ec8ecf58-59d7-498d-96c5-eba8c5551cd0:192.168.5.144:32783, d2125c14-bf5b-4a89-9656-01806452c152:192.168.5.144:36331, 9bda9dad-fadd-43bb-a848-649d686737da:192.168.5.144:44514], old=null
2019-07-14 06:52:45,951 INFO  impl.LeaderElection (LogUtils.java:infoOrTrace(149)) - 9bda9dad-fadd-43bb-a848-649d686737da:group-767F60FE3A80:LeaderElection61 got exception when requesting votes: {}
java.util.concurrent.ExecutionException: org.apache.ratis.thirdparty.io.grpc.StatusRuntimeException: UNAVAILABLE: io exception
	at java.util.concurrent.FutureTask.report(FutureTask.java:122)
	at java.util.concurrent.FutureTask.get(FutureTask.java:192)
	at org.apache.ratis.server.impl.LeaderElection.waitForResults(LeaderElection.java:262)
	at org.apache.ratis.server.impl.LeaderElection.askForVotes(LeaderElection.java:200)
	at org.apache.ratis.server.impl.LeaderElection.run(LeaderElection.java:130)
	at java.lang.Thread.run(Thread.java:748)
Caused by: org.apache.ratis.thirdparty.io.grpc.StatusRuntimeException: UNAVAILABLE: io exception
	at org.apache.ratis.thirdparty.io.grpc.stub.ClientCalls.toStatusRuntimeException(ClientCalls.java:233)
	at org.apache.ratis.thirdparty.io.grpc.stub.ClientCalls.getUnchecked(ClientCalls.java:214)
	at org.apache.ratis.thirdparty.io.grpc.stub.ClientCalls.blockingUnaryCall(ClientCalls.java:139)
	at org.apache.ratis.proto.grpc.RaftServerProtocolServiceGrpc$RaftServerProtocolServiceBlockingStub.requestVote(RaftServerProtocolServiceGrpc.java:265)
	at org.apache.ratis.grpc.server.GrpcServerProtocolClient.requestVote(GrpcServerProtocolClient.java:83)
	at org.apache.ratis.grpc.server.GrpcService.requestVote(GrpcService.java:195)
	at org.apache.ratis.server.impl.LeaderElection.lambda$submitRequests$1(LeaderElection.java:237)
	at java.util.concurrent.FutureTask.run(FutureTask.java:266)
	at java.util.concurrent.Executors$RunnableAdapter.call(Executors.java:511)
	at java.util.concurrent.FutureTask.run(FutureTask.java:266)
	at java.util.concurrent.ThreadPoolExecutor.runWorker(ThreadPoolExecutor.java:1149)
	at java.util.concurrent.ThreadPoolExecutor$Worker.run(ThreadPoolExecutor.java:624)
	... 1 more
Caused by: org.apache.ratis.thirdparty.io.netty.channel.AbstractChannel$AnnotatedConnectException: Connection refused: /192.168.5.144:32783
	at sun.nio.ch.SocketChannelImpl.checkConnect(Native Method)
	at sun.nio.ch.SocketChannelImpl.finishConnect(SocketChannelImpl.java:717)
	at org.apache.ratis.thirdparty.io.netty.channel.socket.nio.NioSocketChannel.doFinishConnect(NioSocketChannel.java:327)
	at org.apache.ratis.thirdparty.io.netty.channel.nio.AbstractNioChannel$AbstractNioUnsafe.finishConnect(AbstractNioChannel.java:340)
	at org.apache.ratis.thirdparty.io.netty.channel.nio.NioEventLoop.processSelectedKey(NioEventLoop.java:632)
	at org.apache.ratis.thirdparty.io.netty.channel.nio.NioEventLoop.processSelectedKeysOptimized(NioEventLoop.java:579)
	at org.apache.ratis.thirdparty.io.netty.channel.nio.NioEventLoop.processSelectedKeys(NioEventLoop.java:496)
	at org.apache.ratis.thirdparty.io.netty.channel.nio.NioEventLoop.run(NioEventLoop.java:458)
	at org.apache.ratis.thirdparty.io.netty.util.concurrent.SingleThreadEventExecutor$5.run(SingleThreadEventExecutor.java:897)
	at org.apache.ratis.thirdparty.io.netty.util.concurrent.FastThreadLocalRunnable.run(FastThreadLocalRunnable.java:30)
	... 1 more
Caused by: java.net.ConnectException: Connection refused
	... 11 more
2019-07-14 06:52:46,006 INFO  impl.LeaderElection (LogUtils.java:infoOrTrace(149)) - 9bda9dad-fadd-43bb-a848-649d686737da:group-767F60FE3A80:LeaderElection61 got exception when requesting votes: {}
java.util.concurrent.ExecutionException: org.apache.ratis.thirdparty.io.grpc.StatusRuntimeException: UNAVAILABLE: io exception
	at java.util.concurrent.FutureTask.report(FutureTask.java:122)
	at java.util.concurrent.FutureTask.get(FutureTask.java:192)
	at org.apache.ratis.server.impl.LeaderElection.waitForResults(LeaderElection.java:262)
	at org.apache.ratis.server.impl.LeaderElection.askForVotes(LeaderElection.java:200)
	at org.apache.ratis.server.impl.LeaderElection.run(LeaderElection.java:130)
	at java.lang.Thread.run(Thread.java:748)
Caused by: org.apache.ratis.thirdparty.io.grpc.StatusRuntimeException: UNAVAILABLE: io exception
	at org.apache.ratis.thirdparty.io.grpc.stub.ClientCalls.toStatusRuntimeException(ClientCalls.java:233)
	at org.apache.ratis.thirdparty.io.grpc.stub.ClientCalls.getUnchecked(ClientCalls.java:214)
	at org.apache.ratis.thirdparty.io.grpc.stub.ClientCalls.blockingUnaryCall(ClientCalls.java:139)
	at org.apache.ratis.proto.grpc.RaftServerProtocolServiceGrpc$RaftServerProtocolServiceBlockingStub.requestVote(RaftServerProtocolServiceGrpc.java:265)
	at org.apache.ratis.grpc.server.GrpcServerProtocolClient.requestVote(GrpcServerProtocolClient.java:83)
	at org.apache.ratis.grpc.server.GrpcService.requestVote(GrpcService.java:195)
	at org.apache.ratis.server.impl.LeaderElection.lambda$submitRequests$1(LeaderElection.java:237)
	at java.util.concurrent.FutureTask.run(FutureTask.java:266)
	at java.util.concurrent.Executors$RunnableAdapter.call(Executors.java:511)
	at java.util.concurrent.FutureTask.run(FutureTask.java:266)
	at java.util.concurrent.ThreadPoolExecutor.runWorker(ThreadPoolExecutor.java:1149)
	at java.util.concurrent.ThreadPoolExecutor$Worker.run(ThreadPoolExecutor.java:624)
	... 1 more
Caused by: org.apache.ratis.thirdparty.io.netty.channel.AbstractChannel$AnnotatedConnectException: Connection refused: /192.168.5.144:36331
	at sun.nio.ch.SocketChannelImpl.checkConnect(Native Method)
	at sun.nio.ch.SocketChannelImpl.finishConnect(SocketChannelImpl.java:717)
	at org.apache.ratis.thirdparty.io.netty.channel.socket.nio.NioSocketChannel.doFinishConnect(NioSocketChannel.java:327)
	at org.apache.ratis.thirdparty.io.netty.channel.nio.AbstractNioChannel$AbstractNioUnsafe.finishConnect(AbstractNioChannel.java:340)
	at org.apache.ratis.thirdparty.io.netty.channel.nio.NioEventLoop.processSelectedKey(NioEventLoop.java:632)
	at org.apache.ratis.thirdparty.io.netty.channel.nio.NioEventLoop.processSelectedKeysOptimized(NioEventLoop.java:579)
	at org.apache.ratis.thirdparty.io.netty.channel.nio.NioEventLoop.processSelectedKeys(NioEventLoop.java:496)
	at org.apache.ratis.thirdparty.io.netty.channel.nio.NioEventLoop.run(NioEventLoop.java:458)
	at org.apache.ratis.thirdparty.io.netty.util.concurrent.SingleThreadEventExecutor$5.run(SingleThreadEventExecutor.java:897)
	at org.apache.ratis.thirdparty.io.netty.util.concurrent.FastThreadLocalRunnable.run(FastThreadLocalRunnable.java:30)
	... 1 more
Caused by: java.net.ConnectException: Connection refused
	... 11 more
2019-07-14 06:52:46,007 INFO  impl.LeaderElection (LeaderElection.java:logAndReturn(56)) - 9bda9dad-fadd-43bb-a848-649d686737da:group-767F60FE3A80:LeaderElection61: Election REJECTED; received 0 response(s) [] and 2 exception(s); 9bda9dad-fadd-43bb-a848-649d686737da:t8, leader=null, voted=9bda9dad-fadd-43bb-a848-649d686737da, raftlog=9bda9dad-fadd-43bb-a848-649d686737da-SegmentedRaftLog:OPENED:c36,f36,i36, conf=0: [ec8ecf58-59d7-498d-96c5-eba8c5551cd0:192.168.5.144:32783, d2125c14-bf5b-4a89-9656-01806452c152:192.168.5.144:36331, 9bda9dad-fadd-43bb-a848-649d686737da:192.168.5.144:44514], old=null
2019-07-14 06:52:46,007 INFO  impl.LeaderElection (LogUtils.java:infoOrTrace(149)) -   Exception 0: {}
java.util.concurrent.ExecutionException: org.apache.ratis.thirdparty.io.grpc.StatusRuntimeException: UNAVAILABLE: io exception
	at java.util.concurrent.FutureTask.report(FutureTask.java:122)
	at java.util.concurrent.FutureTask.get(FutureTask.java:192)
	at org.apache.ratis.server.impl.LeaderElection.waitForResults(LeaderElection.java:262)
	at org.apache.ratis.server.impl.LeaderElection.askForVotes(LeaderElection.java:200)
	at org.apache.ratis.server.impl.LeaderElection.run(LeaderElection.java:130)
	at java.lang.Thread.run(Thread.java:748)
Caused by: org.apache.ratis.thirdparty.io.grpc.StatusRuntimeException: UNAVAILABLE: io exception
	at org.apache.ratis.thirdparty.io.grpc.stub.ClientCalls.toStatusRuntimeException(ClientCalls.java:233)
	at org.apache.ratis.thirdparty.io.grpc.stub.ClientCalls.getUnchecked(ClientCalls.java:214)
	at org.apache.ratis.thirdparty.io.grpc.stub.ClientCalls.blockingUnaryCall(ClientCalls.java:139)
	at org.apache.ratis.proto.grpc.RaftServerProtocolServiceGrpc$RaftServerProtocolServiceBlockingStub.requestVote(RaftServerProtocolServiceGrpc.java:265)
	at org.apache.ratis.grpc.server.GrpcServerProtocolClient.requestVote(GrpcServerProtocolClient.java:83)
	at org.apache.ratis.grpc.server.GrpcService.requestVote(GrpcService.java:195)
	at org.apache.ratis.server.impl.LeaderElection.lambda$submitRequests$1(LeaderElection.java:237)
	at java.util.concurrent.FutureTask.run(FutureTask.java:266)
	at java.util.concurrent.Executors$RunnableAdapter.call(Executors.java:511)
	at java.util.concurrent.FutureTask.run(FutureTask.java:266)
	at java.util.concurrent.ThreadPoolExecutor.runWorker(ThreadPoolExecutor.java:1149)
	at java.util.concurrent.ThreadPoolExecutor$Worker.run(ThreadPoolExecutor.java:624)
	... 1 more
Caused by: org.apache.ratis.thirdparty.io.netty.channel.AbstractChannel$AnnotatedConnectException: Connection refused: /192.168.5.144:32783
	at sun.nio.ch.SocketChannelImpl.checkConnect(Native Method)
	at sun.nio.ch.SocketChannelImpl.finishConnect(SocketChannelImpl.java:717)
	at org.apache.ratis.thirdparty.io.netty.channel.socket.nio.NioSocketChannel.doFinishConnect(NioSocketChannel.java:327)
	at org.apache.ratis.thirdparty.io.netty.channel.nio.AbstractNioChannel$AbstractNioUnsafe.finishConnect(AbstractNioChannel.java:340)
	at org.apache.ratis.thirdparty.io.netty.channel.nio.NioEventLoop.processSelectedKey(NioEventLoop.java:632)
	at org.apache.ratis.thirdparty.io.netty.channel.nio.NioEventLoop.processSelectedKeysOptimized(NioEventLoop.java:579)
	at org.apache.ratis.thirdparty.io.netty.channel.nio.NioEventLoop.processSelectedKeys(NioEventLoop.java:496)
	at org.apache.ratis.thirdparty.io.netty.channel.nio.NioEventLoop.run(NioEventLoop.java:458)
	at org.apache.ratis.thirdparty.io.netty.util.concurrent.SingleThreadEventExecutor$5.run(SingleThreadEventExecutor.java:897)
	at org.apache.ratis.thirdparty.io.netty.util.concurrent.FastThreadLocalRunnable.run(FastThreadLocalRunnable.java:30)
	... 1 more
Caused by: java.net.ConnectException: Connection refused
	... 11 more
2019-07-14 06:52:46,007 INFO  impl.LeaderElection (LogUtils.java:infoOrTrace(149)) -   Exception 1: {}
java.util.concurrent.ExecutionException: org.apache.ratis.thirdparty.io.grpc.StatusRuntimeException: UNAVAILABLE: io exception
	at java.util.concurrent.FutureTask.report(FutureTask.java:122)
	at java.util.concurrent.FutureTask.get(FutureTask.java:192)
	at org.apache.ratis.server.impl.LeaderElection.waitForResults(LeaderElection.java:262)
	at org.apache.ratis.server.impl.LeaderElection.askForVotes(LeaderElection.java:200)
	at org.apache.ratis.server.impl.LeaderElection.run(LeaderElection.java:130)
	at java.lang.Thread.run(Thread.java:748)
Caused by: org.apache.ratis.thirdparty.io.grpc.StatusRuntimeException: UNAVAILABLE: io exception
	at org.apache.ratis.thirdparty.io.grpc.stub.ClientCalls.toStatusRuntimeException(ClientCalls.java:233)
	at org.apache.ratis.thirdparty.io.grpc.stub.ClientCalls.getUnchecked(ClientCalls.java:214)
	at org.apache.ratis.thirdparty.io.grpc.stub.ClientCalls.blockingUnaryCall(ClientCalls.java:139)
	at org.apache.ratis.proto.grpc.RaftServerProtocolServiceGrpc$RaftServerProtocolServiceBlockingStub.requestVote(RaftServerProtocolServiceGrpc.java:265)
	at org.apache.ratis.grpc.server.GrpcServerProtocolClient.requestVote(GrpcServerProtocolClient.java:83)
	at org.apache.ratis.grpc.server.GrpcService.requestVote(GrpcService.java:195)
	at org.apache.ratis.server.impl.LeaderElection.lambda$submitRequests$1(LeaderElection.java:237)
	at java.util.concurrent.FutureTask.run(FutureTask.java:266)
	at java.util.concurrent.Executors$RunnableAdapter.call(Executors.java:511)
	at java.util.concurrent.FutureTask.run(FutureTask.java:266)
	at java.util.concurrent.ThreadPoolExecutor.runWorker(ThreadPoolExecutor.java:1149)
	at java.util.concurrent.ThreadPoolExecutor$Worker.run(ThreadPoolExecutor.java:624)
	... 1 more
Caused by: org.apache.ratis.thirdparty.io.netty.channel.AbstractChannel$AnnotatedConnectException: Connection refused: /192.168.5.144:36331
	at sun.nio.ch.SocketChannelImpl.checkConnect(Native Method)
	at sun.nio.ch.SocketChannelImpl.finishConnect(SocketChannelImpl.java:717)
	at org.apache.ratis.thirdparty.io.netty.channel.socket.nio.NioSocketChannel.doFinishConnect(NioSocketChannel.java:327)
	at org.apache.ratis.thirdparty.io.netty.channel.nio.AbstractNioChannel$AbstractNioUnsafe.finishConnect(AbstractNioChannel.java:340)
	at org.apache.ratis.thirdparty.io.netty.channel.nio.NioEventLoop.processSelectedKey(NioEventLoop.java:632)
	at org.apache.ratis.thirdparty.io.netty.channel.nio.NioEventLoop.processSelectedKeysOptimized(NioEventLoop.java:579)
	at org.apache.ratis.thirdparty.io.netty.channel.nio.NioEventLoop.processSelectedKeys(NioEventLoop.java:496)
	at org.apache.ratis.thirdparty.io.netty.channel.nio.NioEventLoop.run(NioEventLoop.java:458)
	at org.apache.ratis.thirdparty.io.netty.util.concurrent.SingleThreadEventExecutor$5.run(SingleThreadEventExecutor.java:897)
	at org.apache.ratis.thirdparty.io.netty.util.concurrent.FastThreadLocalRunnable.run(FastThreadLocalRunnable.java:30)
	... 1 more
Caused by: java.net.ConnectException: Connection refused
	... 11 more
2019-07-14 06:52:46,007 INFO  impl.RaftServerImpl (RaftServerImpl.java:setRole(171)) - 9bda9dad-fadd-43bb-a848-649d686737da:group-767F60FE3A80 changes role from CANDIDATE to FOLLOWER at term 8 for DISCOVERED_A_NEW_TERM
2019-07-14 06:52:46,008 INFO  impl.RoleInfo (RoleInfo.java:shutdownLeaderElection(134)) - 9bda9dad-fadd-43bb-a848-649d686737da: shutdown LeaderElection
2019-07-14 06:52:46,008 INFO  impl.RoleInfo (RoleInfo.java:updateAndGet(143)) - 9bda9dad-fadd-43bb-a848-649d686737da: start FollowerState
2019-07-14 06:52:46,333 INFO  client.GrpcClientProtocolClient (GrpcClientProtocolClient.java:onNext(255)) - client-A22EF83077DA->7ef7209e-5510-40ee-a4f7-1370151deb8c: receive RaftClientReply:client-A22EF83077DA->7ef7209e-5510-40ee-a4f7-1370151deb8c@group-8FE0ABC25568, cid=145, FAILED org.apache.ratis.protocol.NotLeaderException: Server 7ef7209e-5510-40ee-a4f7-1370151deb8c is not the leader (null). Request must be sent to leader., logIndex=0, commits[7ef7209e-5510-40ee-a4f7-1370151deb8c:c-1]
2019-07-14 06:52:46,571 INFO  impl.FollowerState (FollowerState.java:run(106)) - 7ef7209e-5510-40ee-a4f7-1370151deb8c:group-CC5B57A042E7 changes to CANDIDATE, lastRpcTime:5021, electionTimeout:5021ms
2019-07-14 06:52:46,571 INFO  impl.RoleInfo (RoleInfo.java:shutdownFollowerState(121)) - 7ef7209e-5510-40ee-a4f7-1370151deb8c: shutdown FollowerState
2019-07-14 06:52:46,571 INFO  impl.RaftServerImpl (RaftServerImpl.java:setRole(171)) - 7ef7209e-5510-40ee-a4f7-1370151deb8c:group-CC5B57A042E7 changes role from FOLLOWER to CANDIDATE at term 0 for changeToCandidate
2019-07-14 06:52:46,571 INFO  impl.RoleInfo (RoleInfo.java:updateAndGet(143)) - 7ef7209e-5510-40ee-a4f7-1370151deb8c: start LeaderElection
2019-07-14 06:52:46,614 INFO  impl.LeaderElection (LeaderElection.java:askForVotes(181)) - 7ef7209e-5510-40ee-a4f7-1370151deb8c:group-CC5B57A042E7:LeaderElection62: begin an election at term 1 for -1: [7ef7209e-5510-40ee-a4f7-1370151deb8c:192.168.5.144:44380], old=null
2019-07-14 06:52:46,615 INFO  impl.RoleInfo (RoleInfo.java:shutdownLeaderElection(134)) - 7ef7209e-5510-40ee-a4f7-1370151deb8c: shutdown LeaderElection
2019-07-14 06:52:46,615 INFO  impl.RaftServerImpl (RaftServerImpl.java:setRole(171)) - 7ef7209e-5510-40ee-a4f7-1370151deb8c:group-CC5B57A042E7 changes role from CANDIDATE to LEADER at term 1 for changeToLeader
2019-07-14 06:52:46,615 INFO  impl.RaftServerImpl (ServerState.java:setLeader(263)) - 7ef7209e-5510-40ee-a4f7-1370151deb8c:group-CC5B57A042E7 change Leader from null to 7ef7209e-5510-40ee-a4f7-1370151deb8c at term 1 for becomeLeader, leader elected after 5072ms
2019-07-14 06:52:46,615 INFO  server.RaftServerConfigKeys (ConfUtils.java:logGet(43)) - raft.server.staging.catchup.gap = 1000 (default)
2019-07-14 06:52:46,615 INFO  server.RaftServerConfigKeys (ConfUtils.java:logGet(43)) - raft.server.rpc.sleep.time = 25ms (default)
2019-07-14 06:52:46,615 INFO  server.RaftServerConfigKeys (ConfUtils.java:logGet(43)) - raft.server.write.element-limit = 4096 (default)
2019-07-14 06:52:46,615 INFO  server.RaftServerConfigKeys (ConfUtils.java:logGet(43)) - raft.server.watch.timeout = 10s (default)
2019-07-14 06:52:46,615 INFO  server.RaftServerConfigKeys (ConfUtils.java:logGet(43)) - raft.server.watch.timeout.denomination = 1s (default)
2019-07-14 06:52:46,615 INFO  server.RaftServerConfigKeys (ConfUtils.java:logGet(43)) - raft.server.watch.element-limit = 65536 (default)
2019-07-14 06:52:46,616 INFO  impl.RoleInfo (RoleInfo.java:updateAndGet(143)) - 7ef7209e-5510-40ee-a4f7-1370151deb8c: start LeaderState
2019-07-14 06:52:46,616 INFO  segmented.SegmentedRaftLogWorker (SegmentedRaftLogWorker.java:startLogSegment(380)) - 7ef7209e-5510-40ee-a4f7-1370151deb8c-SegmentedRaftLogWorker:Storage Directory /tmp/workdir/hadoop-ozone/integration-test/target/test-dir/MiniOzoneClusterImpl-05cecf30-6147-484e-ad5f-a3600576eef7/datanode-0/data/ratis/1183bd1e-39f7-4757-bb62-cc5b57a042e7: Starting segment from index:0
2019-07-14 06:52:46,617 INFO  impl.RaftServerImpl (ServerState.java:setRaftConf(361)) - 7ef7209e-5510-40ee-a4f7-1370151deb8c:group-CC5B57A042E7 set configuration 0: [7ef7209e-5510-40ee-a4f7-1370151deb8c:192.168.5.144:44380], old=null at 0
2019-07-14 06:52:46,629 INFO  segmented.SegmentedRaftLogWorker (SegmentedRaftLogWorker.java:execute(569)) - 7ef7209e-5510-40ee-a4f7-1370151deb8c-SegmentedRaftLogWorker:Storage Directory /tmp/workdir/hadoop-ozone/integration-test/target/test-dir/MiniOzoneClusterImpl-05cecf30-6147-484e-ad5f-a3600576eef7/datanode-0/data/ratis/1183bd1e-39f7-4757-bb62-cc5b57a042e7: created new log segment /tmp/workdir/hadoop-ozone/integration-test/target/test-dir/MiniOzoneClusterImpl-05cecf30-6147-484e-ad5f-a3600576eef7/datanode-0/data/ratis/1183bd1e-39f7-4757-bb62-cc5b57a042e7/current/log_inprogress_0
2019-07-14 06:52:47,013 INFO  impl.FollowerState (FollowerState.java:run(106)) - de94ab65-019f-42dc-bf71-f88d48274313:group-8390BDC7280F changes to CANDIDATE, lastRpcTime:5181, electionTimeout:5181ms
2019-07-14 06:52:47,013 INFO  impl.RoleInfo (RoleInfo.java:shutdownFollowerState(121)) - de94ab65-019f-42dc-bf71-f88d48274313: shutdown FollowerState
2019-07-14 06:52:47,013 INFO  impl.RaftServerImpl (RaftServerImpl.java:setRole(171)) - de94ab65-019f-42dc-bf71-f88d48274313:group-8390BDC7280F changes role from FOLLOWER to CANDIDATE at term 0 for changeToCandidate
2019-07-14 06:52:47,013 INFO  impl.RoleInfo (RoleInfo.java:updateAndGet(143)) - de94ab65-019f-42dc-bf71-f88d48274313: start LeaderElection
2019-07-14 06:52:47,041 INFO  impl.LeaderElection (LeaderElection.java:askForVotes(181)) - de94ab65-019f-42dc-bf71-f88d48274313:group-8390BDC7280F:LeaderElection63: begin an election at term 1 for -1: [de94ab65-019f-42dc-bf71-f88d48274313:192.168.5.144:37091], old=null
2019-07-14 06:52:47,041 INFO  impl.RoleInfo (RoleInfo.java:shutdownLeaderElection(134)) - de94ab65-019f-42dc-bf71-f88d48274313: shutdown LeaderElection
2019-07-14 06:52:47,041 INFO  impl.RaftServerImpl (RaftServerImpl.java:setRole(171)) - de94ab65-019f-42dc-bf71-f88d48274313:group-8390BDC7280F changes role from CANDIDATE to LEADER at term 1 for changeToLeader
2019-07-14 06:52:47,041 INFO  impl.RaftServerImpl (ServerState.java:setLeader(263)) - de94ab65-019f-42dc-bf71-f88d48274313:group-8390BDC7280F change Leader from null to de94ab65-019f-42dc-bf71-f88d48274313 at term 1 for becomeLeader, leader elected after 5213ms
2019-07-14 06:52:47,042 INFO  server.RaftServerConfigKeys (ConfUtils.java:logGet(43)) - raft.server.staging.catchup.gap = 1000 (default)
2019-07-14 06:52:47,042 INFO  server.RaftServerConfigKeys (ConfUtils.java:logGet(43)) - raft.server.rpc.sleep.time = 25ms (default)
2019-07-14 06:52:47,042 INFO  server.RaftServerConfigKeys (ConfUtils.java:logGet(43)) - raft.server.write.element-limit = 4096 (default)
2019-07-14 06:52:47,042 INFO  server.RaftServerConfigKeys (ConfUtils.java:logGet(43)) - raft.server.watch.timeout = 10s (default)
2019-07-14 06:52:47,042 INFO  server.RaftServerConfigKeys (ConfUtils.java:logGet(43)) - raft.server.watch.timeout.denomination = 1s (default)
2019-07-14 06:52:47,042 INFO  server.RaftServerConfigKeys (ConfUtils.java:logGet(43)) - raft.server.watch.element-limit = 65536 (default)
2019-07-14 06:52:47,043 INFO  impl.RoleInfo (RoleInfo.java:updateAndGet(143)) - de94ab65-019f-42dc-bf71-f88d48274313: start LeaderState
2019-07-14 06:52:47,043 INFO  segmented.SegmentedRaftLogWorker (SegmentedRaftLogWorker.java:startLogSegment(380)) - de94ab65-019f-42dc-bf71-f88d48274313-SegmentedRaftLogWorker:Storage Directory /tmp/workdir/hadoop-ozone/integration-test/target/test-dir/MiniOzoneClusterImpl-05cecf30-6147-484e-ad5f-a3600576eef7/datanode-1/data/ratis/eb87eed9-900e-4814-981f-8390bdc7280f: Starting segment from index:0
2019-07-14 06:52:47,044 INFO  impl.RaftServerImpl (ServerState.java:setRaftConf(361)) - de94ab65-019f-42dc-bf71-f88d48274313:group-8390BDC7280F set configuration 0: [de94ab65-019f-42dc-bf71-f88d48274313:192.168.5.144:37091], old=null at 0
2019-07-14 06:52:47,054 INFO  impl.FollowerState (FollowerState.java:run(106)) - f34f04f7-03f7-4560-a51c-a1465920505f:group-97A48C9D1655 changes to CANDIDATE, lastRpcTime:5055, electionTimeout:5055ms
2019-07-14 06:52:47,055 INFO  impl.RoleInfo (RoleInfo.java:shutdownFollowerState(121)) - f34f04f7-03f7-4560-a51c-a1465920505f: shutdown FollowerState
2019-07-14 06:52:47,055 INFO  impl.RaftServerImpl (RaftServerImpl.java:setRole(171)) - f34f04f7-03f7-4560-a51c-a1465920505f:group-97A48C9D1655 changes role from FOLLOWER to CANDIDATE at term 0 for changeToCandidate
2019-07-14 06:52:47,055 INFO  impl.RoleInfo (RoleInfo.java:updateAndGet(143)) - f34f04f7-03f7-4560-a51c-a1465920505f: start LeaderElection
2019-07-14 06:52:47,095 INFO  segmented.SegmentedRaftLogWorker (SegmentedRaftLogWorker.java:execute(569)) - de94ab65-019f-42dc-bf71-f88d48274313-SegmentedRaftLogWorker:Storage Directory /tmp/workdir/hadoop-ozone/integration-test/target/test-dir/MiniOzoneClusterImpl-05cecf30-6147-484e-ad5f-a3600576eef7/datanode-1/data/ratis/eb87eed9-900e-4814-981f-8390bdc7280f: created new log segment /tmp/workdir/hadoop-ozone/integration-test/target/test-dir/MiniOzoneClusterImpl-05cecf30-6147-484e-ad5f-a3600576eef7/datanode-1/data/ratis/eb87eed9-900e-4814-981f-8390bdc7280f/current/log_inprogress_0
2019-07-14 06:52:47,100 INFO  impl.LeaderElection (LeaderElection.java:askForVotes(181)) - f34f04f7-03f7-4560-a51c-a1465920505f:group-97A48C9D1655:LeaderElection64: begin an election at term 1 for -1: [f34f04f7-03f7-4560-a51c-a1465920505f:192.168.5.144:46425], old=null
2019-07-14 06:52:47,100 INFO  impl.RoleInfo (RoleInfo.java:shutdownLeaderElection(134)) - f34f04f7-03f7-4560-a51c-a1465920505f: shutdown LeaderElection
2019-07-14 06:52:47,100 INFO  impl.RaftServerImpl (RaftServerImpl.java:setRole(171)) - f34f04f7-03f7-4560-a51c-a1465920505f:group-97A48C9D1655 changes role from CANDIDATE to LEADER at term 1 for changeToLeader
2019-07-14 06:52:47,100 INFO  impl.RaftServerImpl (ServerState.java:setLeader(263)) - f34f04f7-03f7-4560-a51c-a1465920505f:group-97A48C9D1655 change Leader from null to f34f04f7-03f7-4560-a51c-a1465920505f at term 1 for becomeLeader, leader elected after 5106ms
2019-07-14 06:52:47,101 INFO  server.RaftServerConfigKeys (ConfUtils.java:logGet(43)) - raft.server.staging.catchup.gap = 1000 (default)
2019-07-14 06:52:47,101 INFO  server.RaftServerConfigKeys (ConfUtils.java:logGet(43)) - raft.server.rpc.sleep.time = 25ms (default)
2019-07-14 06:52:47,101 INFO  server.RaftServerConfigKeys (ConfUtils.java:logGet(43)) - raft.server.write.element-limit = 4096 (default)
2019-07-14 06:52:47,101 INFO  server.RaftServerConfigKeys (ConfUtils.java:logGet(43)) - raft.server.watch.timeout = 10s (default)
2019-07-14 06:52:47,101 INFO  server.RaftServerConfigKeys (ConfUtils.java:logGet(43)) - raft.server.watch.timeout.denomination = 1s (default)
2019-07-14 06:52:47,101 INFO  server.RaftServerConfigKeys (ConfUtils.java:logGet(43)) - raft.server.watch.element-limit = 65536 (default)
2019-07-14 06:52:47,101 INFO  impl.RoleInfo (RoleInfo.java:updateAndGet(143)) - f34f04f7-03f7-4560-a51c-a1465920505f: start LeaderState
2019-07-14 06:52:47,102 INFO  segmented.SegmentedRaftLogWorker (SegmentedRaftLogWorker.java:startLogSegment(380)) - f34f04f7-03f7-4560-a51c-a1465920505f-SegmentedRaftLogWorker:Storage Directory /tmp/workdir/hadoop-ozone/integration-test/target/test-dir/MiniOzoneClusterImpl-05cecf30-6147-484e-ad5f-a3600576eef7/datanode-2/data/ratis/d501a54f-5058-45bf-8933-97a48c9d1655: Starting segment from index:0
2019-07-14 06:52:47,102 INFO  impl.RaftServerImpl (ServerState.java:setRaftConf(361)) - f34f04f7-03f7-4560-a51c-a1465920505f:group-97A48C9D1655 set configuration 0: [f34f04f7-03f7-4560-a51c-a1465920505f:192.168.5.144:46425], old=null at 0
2019-07-14 06:52:47,133 INFO  segmented.SegmentedRaftLogWorker (SegmentedRaftLogWorker.java:execute(569)) - f34f04f7-03f7-4560-a51c-a1465920505f-SegmentedRaftLogWorker:Storage Directory /tmp/workdir/hadoop-ozone/integration-test/target/test-dir/MiniOzoneClusterImpl-05cecf30-6147-484e-ad5f-a3600576eef7/datanode-2/data/ratis/d501a54f-5058-45bf-8933-97a48c9d1655: created new log segment /tmp/workdir/hadoop-ozone/integration-test/target/test-dir/MiniOzoneClusterImpl-05cecf30-6147-484e-ad5f-a3600576eef7/datanode-2/data/ratis/d501a54f-5058-45bf-8933-97a48c9d1655/current/log_inprogress_0
2019-07-14 06:52:47,161 INFO  impl.FollowerState (FollowerState.java:run(106)) - f34f04f7-03f7-4560-a51c-a1465920505f:group-8FE0ABC25568 changes to CANDIDATE, lastRpcTime:5038, electionTimeout:5038ms
2019-07-14 06:52:47,162 INFO  impl.RoleInfo (RoleInfo.java:shutdownFollowerState(121)) - f34f04f7-03f7-4560-a51c-a1465920505f: shutdown FollowerState
2019-07-14 06:52:47,162 INFO  impl.RaftServerImpl (RaftServerImpl.java:setRole(171)) - f34f04f7-03f7-4560-a51c-a1465920505f:group-8FE0ABC25568 changes role from FOLLOWER to CANDIDATE at term 0 for changeToCandidate
2019-07-14 06:52:47,162 INFO  impl.RoleInfo (RoleInfo.java:updateAndGet(143)) - f34f04f7-03f7-4560-a51c-a1465920505f: start LeaderElection
2019-07-14 06:52:47,188 INFO  impl.LeaderElection (LeaderElection.java:askForVotes(181)) - f34f04f7-03f7-4560-a51c-a1465920505f:group-8FE0ABC25568:LeaderElection65: begin an election at term 1 for -1: [de94ab65-019f-42dc-bf71-f88d48274313:192.168.5.144:37091, 7ef7209e-5510-40ee-a4f7-1370151deb8c:192.168.5.144:44380, f34f04f7-03f7-4560-a51c-a1465920505f:192.168.5.144:46425], old=null
2019-07-14 06:52:47,200 INFO  impl.RaftServerImpl (RaftServerImpl.java:setRole(171)) - de94ab65-019f-42dc-bf71-f88d48274313:group-8FE0ABC25568 changes role from FOLLOWER to FOLLOWER at term 1 for recognizeCandidate:f34f04f7-03f7-4560-a51c-a1465920505f
2019-07-14 06:52:47,200 INFO  impl.RaftServerImpl (RaftServerImpl.java:setRole(171)) - 7ef7209e-5510-40ee-a4f7-1370151deb8c:group-8FE0ABC25568 changes role from FOLLOWER to FOLLOWER at term 1 for recognizeCandidate:f34f04f7-03f7-4560-a51c-a1465920505f
2019-07-14 06:52:47,201 INFO  impl.RoleInfo (RoleInfo.java:shutdownFollowerState(121)) - de94ab65-019f-42dc-bf71-f88d48274313: shutdown FollowerState
2019-07-14 06:52:47,201 INFO  impl.RoleInfo (RoleInfo.java:shutdownFollowerState(121)) - 7ef7209e-5510-40ee-a4f7-1370151deb8c: shutdown FollowerState
2019-07-14 06:52:47,201 INFO  impl.FollowerState (FollowerState.java:run(114)) - de94ab65-019f-42dc-bf71-f88d48274313: FollowerState was interrupted: java.lang.InterruptedException: sleep interrupted
2019-07-14 06:52:47,201 INFO  impl.RoleInfo (RoleInfo.java:updateAndGet(143)) - de94ab65-019f-42dc-bf71-f88d48274313: start FollowerState
2019-07-14 06:52:47,201 INFO  impl.FollowerState (FollowerState.java:run(114)) - 7ef7209e-5510-40ee-a4f7-1370151deb8c: FollowerState was interrupted: java.lang.InterruptedException: sleep interrupted
2019-07-14 06:52:47,201 INFO  impl.RoleInfo (RoleInfo.java:updateAndGet(143)) - 7ef7209e-5510-40ee-a4f7-1370151deb8c: start FollowerState
2019-07-14 06:52:47,226 INFO  impl.LeaderElection (LeaderElection.java:logAndReturn(56)) - f34f04f7-03f7-4560-a51c-a1465920505f:group-8FE0ABC25568:LeaderElection65: Election PASSED; received 1 response(s) [f34f04f7-03f7-4560-a51c-a1465920505f<-7ef7209e-5510-40ee-a4f7-1370151deb8c#0:OK-t1] and 0 exception(s); f34f04f7-03f7-4560-a51c-a1465920505f:t1, leader=null, voted=f34f04f7-03f7-4560-a51c-a1465920505f, raftlog=f34f04f7-03f7-4560-a51c-a1465920505f-SegmentedRaftLog:OPENED:c-1,f-1,i0, conf=-1: [de94ab65-019f-42dc-bf71-f88d48274313:192.168.5.144:37091, 7ef7209e-5510-40ee-a4f7-1370151deb8c:192.168.5.144:44380, f34f04f7-03f7-4560-a51c-a1465920505f:192.168.5.144:46425], old=null
2019-07-14 06:52:47,226 INFO  impl.RoleInfo (RoleInfo.java:shutdownLeaderElection(134)) - f34f04f7-03f7-4560-a51c-a1465920505f: shutdown LeaderElection
2019-07-14 06:52:47,227 INFO  impl.RaftServerImpl (RaftServerImpl.java:setRole(171)) - f34f04f7-03f7-4560-a51c-a1465920505f:group-8FE0ABC25568 changes role from CANDIDATE to LEADER at term 1 for changeToLeader
2019-07-14 06:52:47,227 INFO  impl.RaftServerImpl (ServerState.java:setLeader(263)) - f34f04f7-03f7-4560-a51c-a1465920505f:group-8FE0ABC25568 change Leader from null to f34f04f7-03f7-4560-a51c-a1465920505f at term 1 for becomeLeader, leader elected after 5112ms
2019-07-14 06:52:47,227 INFO  server.RaftServerConfigKeys (ConfUtils.java:logGet(43)) - raft.server.staging.catchup.gap = 1000 (default)
2019-07-14 06:52:47,227 INFO  server.RaftServerConfigKeys (ConfUtils.java:logGet(43)) - raft.server.rpc.sleep.time = 25ms (default)
2019-07-14 06:52:47,227 INFO  server.RaftServerConfigKeys (ConfUtils.java:logGet(43)) - raft.server.write.element-limit = 4096 (default)
2019-07-14 06:52:47,227 INFO  server.RaftServerConfigKeys (ConfUtils.java:logGet(43)) - raft.server.watch.timeout = 10s (default)
2019-07-14 06:52:47,227 INFO  server.RaftServerConfigKeys (ConfUtils.java:logGet(43)) - raft.server.watch.timeout.denomination = 1s (default)
2019-07-14 06:52:47,227 INFO  server.RaftServerConfigKeys (ConfUtils.java:logGet(43)) - raft.server.watch.element-limit = 65536 (default)
2019-07-14 06:52:47,228 INFO  server.RaftServerConfigKeys (ConfUtils.java:logGet(43)) - raft.server.log.appender.snapshot.chunk.size.max = 16MB (=16777216) (default)
2019-07-14 06:52:47,228 INFO  server.RaftServerConfigKeys (ConfUtils.java:logGet(43)) - raft.server.log.appender.buffer.byte-limit = 33554432 (custom)
2019-07-14 06:52:47,228 INFO  server.RaftServerConfigKeys (ConfUtils.java:logGet(43)) - raft.server.log.appender.buffer.element-limit = 1 (custom)
2019-07-14 06:52:47,228 INFO  grpc.GrpcConfigKeys$Server (ConfUtils.java:logGet(43)) - raft.grpc.server.leader.outstanding.appends.max = 128 (default)
2019-07-14 06:52:47,229 INFO  server.RaftServerConfigKeys (ConfUtils.java:logGet(43)) - raft.server.rpc.request.timeout = 3000ms (default)
2019-07-14 06:52:47,229 INFO  server.RaftServerConfigKeys (ConfUtils.java:logGet(43)) - raft.server.log.appender.install.snapshot.enabled = false (custom)
2019-07-14 06:52:47,229 INFO  server.RaftServerConfigKeys (ConfUtils.java:logGet(43)) - raft.server.log.appender.snapshot.chunk.size.max = 16MB (=16777216) (default)
2019-07-14 06:52:47,229 INFO  server.RaftServerConfigKeys (ConfUtils.java:logGet(43)) - raft.server.log.appender.buffer.byte-limit = 33554432 (custom)
2019-07-14 06:52:47,229 INFO  server.RaftServerConfigKeys (ConfUtils.java:logGet(43)) - raft.server.log.appender.buffer.element-limit = 1 (custom)
2019-07-14 06:52:47,229 INFO  grpc.GrpcConfigKeys$Server (ConfUtils.java:logGet(43)) - raft.grpc.server.leader.outstanding.appends.max = 128 (default)
2019-07-14 06:52:47,230 INFO  server.RaftServerConfigKeys (ConfUtils.java:logGet(43)) - raft.server.rpc.request.timeout = 3000ms (default)
2019-07-14 06:52:47,230 INFO  server.RaftServerConfigKeys (ConfUtils.java:logGet(43)) - raft.server.log.appender.install.snapshot.enabled = false (custom)
2019-07-14 06:52:47,230 INFO  impl.RoleInfo (RoleInfo.java:updateAndGet(143)) - f34f04f7-03f7-4560-a51c-a1465920505f: start LeaderState
2019-07-14 06:52:47,230 INFO  segmented.SegmentedRaftLogWorker (SegmentedRaftLogWorker.java:startLogSegment(380)) - f34f04f7-03f7-4560-a51c-a1465920505f-SegmentedRaftLogWorker:Storage Directory /tmp/workdir/hadoop-ozone/integration-test/target/test-dir/MiniOzoneClusterImpl-05cecf30-6147-484e-ad5f-a3600576eef7/datanode-2/data/ratis/adfeecd9-d2e7-4e17-a699-8fe0abc25568: Starting segment from index:0
2019-07-14 06:52:47,231 INFO  impl.RaftServerImpl (ServerState.java:setRaftConf(361)) - f34f04f7-03f7-4560-a51c-a1465920505f:group-8FE0ABC25568 set configuration 0: [de94ab65-019f-42dc-bf71-f88d48274313:192.168.5.144:37091, 7ef7209e-5510-40ee-a4f7-1370151deb8c:192.168.5.144:44380, f34f04f7-03f7-4560-a51c-a1465920505f:192.168.5.144:46425], old=null at 0
2019-07-14 06:52:47,278 INFO  impl.RaftServerImpl (ServerState.java:setLeader(263)) - 7ef7209e-5510-40ee-a4f7-1370151deb8c:group-8FE0ABC25568 change Leader from null to f34f04f7-03f7-4560-a51c-a1465920505f at term 1 for appendEntries, leader elected after 5162ms
2019-07-14 06:52:47,279 INFO  impl.RaftServerImpl (ServerState.java:setLeader(263)) - de94ab65-019f-42dc-bf71-f88d48274313:group-8FE0ABC25568 change Leader from null to f34f04f7-03f7-4560-a51c-a1465920505f at term 1 for appendEntries, leader elected after 5164ms
2019-07-14 06:52:47,280 INFO  impl.RaftServerImpl (ServerState.java:setRaftConf(361)) - 7ef7209e-5510-40ee-a4f7-1370151deb8c:group-8FE0ABC25568 set configuration 0: [de94ab65-019f-42dc-bf71-f88d48274313:192.168.5.144:37091, 7ef7209e-5510-40ee-a4f7-1370151deb8c:192.168.5.144:44380, f34f04f7-03f7-4560-a51c-a1465920505f:192.168.5.144:46425], old=null at 0
2019-07-14 06:52:47,280 INFO  segmented.SegmentedRaftLogWorker (SegmentedRaftLogWorker.java:startLogSegment(380)) - 7ef7209e-5510-40ee-a4f7-1370151deb8c-SegmentedRaftLogWorker:Storage Directory /tmp/workdir/hadoop-ozone/integration-test/target/test-dir/MiniOzoneClusterImpl-05cecf30-6147-484e-ad5f-a3600576eef7/datanode-0/data/ratis/adfeecd9-d2e7-4e17-a699-8fe0abc25568: Starting segment from index:0
2019-07-14 06:52:47,287 INFO  segmented.SegmentedRaftLogWorker (SegmentedRaftLogWorker.java:execute(569)) - f34f04f7-03f7-4560-a51c-a1465920505f-SegmentedRaftLogWorker:Storage Directory /tmp/workdir/hadoop-ozone/integration-test/target/test-dir/MiniOzoneClusterImpl-05cecf30-6147-484e-ad5f-a3600576eef7/datanode-2/data/ratis/adfeecd9-d2e7-4e17-a699-8fe0abc25568: created new log segment /tmp/workdir/hadoop-ozone/integration-test/target/test-dir/MiniOzoneClusterImpl-05cecf30-6147-484e-ad5f-a3600576eef7/datanode-2/data/ratis/adfeecd9-d2e7-4e17-a699-8fe0abc25568/current/log_inprogress_0
2019-07-14 06:52:47,288 INFO  impl.RaftServerImpl (ServerState.java:setRaftConf(361)) - de94ab65-019f-42dc-bf71-f88d48274313:group-8FE0ABC25568 set configuration 0: [de94ab65-019f-42dc-bf71-f88d48274313:192.168.5.144:37091, 7ef7209e-5510-40ee-a4f7-1370151deb8c:192.168.5.144:44380, f34f04f7-03f7-4560-a51c-a1465920505f:192.168.5.144:46425], old=null at 0
2019-07-14 06:52:47,288 INFO  segmented.SegmentedRaftLogWorker (SegmentedRaftLogWorker.java:startLogSegment(380)) - de94ab65-019f-42dc-bf71-f88d48274313-SegmentedRaftLogWorker:Storage Directory /tmp/workdir/hadoop-ozone/integration-test/target/test-dir/MiniOzoneClusterImpl-05cecf30-6147-484e-ad5f-a3600576eef7/datanode-1/data/ratis/adfeecd9-d2e7-4e17-a699-8fe0abc25568: Starting segment from index:0
2019-07-14 06:52:47,319 INFO  segmented.SegmentedRaftLogWorker (SegmentedRaftLogWorker.java:execute(569)) - 7ef7209e-5510-40ee-a4f7-1370151deb8c-SegmentedRaftLogWorker:Storage Directory /tmp/workdir/hadoop-ozone/integration-test/target/test-dir/MiniOzoneClusterImpl-05cecf30-6147-484e-ad5f-a3600576eef7/datanode-0/data/ratis/adfeecd9-d2e7-4e17-a699-8fe0abc25568: created new log segment /tmp/workdir/hadoop-ozone/integration-test/target/test-dir/MiniOzoneClusterImpl-05cecf30-6147-484e-ad5f-a3600576eef7/datanode-0/data/ratis/adfeecd9-d2e7-4e17-a699-8fe0abc25568/current/log_inprogress_0
2019-07-14 06:52:47,330 INFO  segmented.SegmentedRaftLogWorker (SegmentedRaftLogWorker.java:execute(569)) - de94ab65-019f-42dc-bf71-f88d48274313-SegmentedRaftLogWorker:Storage Directory /tmp/workdir/hadoop-ozone/integration-test/target/test-dir/MiniOzoneClusterImpl-05cecf30-6147-484e-ad5f-a3600576eef7/datanode-1/data/ratis/adfeecd9-d2e7-4e17-a699-8fe0abc25568: created new log segment /tmp/workdir/hadoop-ozone/integration-test/target/test-dir/MiniOzoneClusterImpl-05cecf30-6147-484e-ad5f-a3600576eef7/datanode-1/data/ratis/adfeecd9-d2e7-4e17-a699-8fe0abc25568/current/log_inprogress_0
2019-07-14 06:52:47,365 INFO  client.GrpcClientProtocolClient (GrpcClientProtocolClient.java:onNext(255)) - client-A22EF83077DA->de94ab65-019f-42dc-bf71-f88d48274313: receive RaftClientReply:client-A22EF83077DA->de94ab65-019f-42dc-bf71-f88d48274313@group-8FE0ABC25568, cid=145, FAILED org.apache.ratis.protocol.NotLeaderException: Server de94ab65-019f-42dc-bf71-f88d48274313 is not the leader (f34f04f7-03f7-4560-a51c-a1465920505f:192.168.5.144:46425). Request must be sent to leader., logIndex=0, commits[de94ab65-019f-42dc-bf71-f88d48274313:c-1, 7ef7209e-5510-40ee-a4f7-1370151deb8c:c-1, f34f04f7-03f7-4560-a51c-a1465920505f:c-1]
2019-07-14 06:52:47,408 WARN  io.KeyOutputStream (KeyOutputStream.java:handleException(276)) - Encountered exception java.io.IOException: Unexpected Storage Container Exception: java.util.concurrent.CompletionException: java.util.concurrent.CompletionException: org.apache.ratis.protocol.RaftRetryFailureException: Failed RaftClientRequest:client-A22EF83077DA->de94ab65-019f-42dc-bf71-f88d48274313@group-8FE0ABC25568, cid=145, seq=1*, RW, org.apache.hadoop.hdds.scm.XceiverClientRatis$$Lambda$309/1480893137@203e0ba for 5 attempts with RetryLimited(maxAttempts=5, sleepTime=1000ms) on the pipeline Pipeline[ Id: adfeecd9-d2e7-4e17-a699-8fe0abc25568, Nodes: 7ef7209e-5510-40ee-a4f7-1370151deb8c{ip: 192.168.5.144, host: trunk-nightly-8c95p-1540871953, networkLocation: /default-rack, certSerialId: null}de94ab65-019f-42dc-bf71-f88d48274313{ip: 192.168.5.144, host: trunk-nightly-8c95p-1540871953, networkLocation: /default-rack, certSerialId: null}f34f04f7-03f7-4560-a51c-a1465920505f{ip: 192.168.5.144, host: trunk-nightly-8c95p-1540871953, networkLocation: /default-rack, certSerialId: null}, Type:RATIS, Factor:THREE, State:OPEN]. The last committed block length is 0, uncommitted data length is 1048576 retry count 0
2019-07-14 06:52:47,465 INFO  client.GrpcClientProtocolClient (GrpcClientProtocolClient.java:onNext(255)) - client-5BF7AB04C68F->dc6a36be-a5eb-47e6-9565-6495b74a01e3: receive RaftClientReply:client-5BF7AB04C68F->dc6a36be-a5eb-47e6-9565-6495b74a01e3@group-B49A3CD331BD, cid=147, FAILED org.apache.ratis.protocol.NotLeaderException: Server dc6a36be-a5eb-47e6-9565-6495b74a01e3 is not the leader (null). Request must be sent to leader., logIndex=0, commits[dc6a36be-a5eb-47e6-9565-6495b74a01e3:c-1]
2019-07-14 06:52:47,578 INFO  impl.FollowerState (FollowerState.java:run(106)) - da343c1c-8367-46f5-a9ef-bb79fda7b344:group-8D33B243C8F8 changes to CANDIDATE, lastRpcTime:5078, electionTimeout:5078ms
2019-07-14 06:52:47,578 INFO  impl.RoleInfo (RoleInfo.java:shutdownFollowerState(121)) - da343c1c-8367-46f5-a9ef-bb79fda7b344: shutdown FollowerState
2019-07-14 06:52:47,579 INFO  impl.RaftServerImpl (RaftServerImpl.java:setRole(171)) - da343c1c-8367-46f5-a9ef-bb79fda7b344:group-8D33B243C8F8 changes role from FOLLOWER to CANDIDATE at term 3 for changeToCandidate
2019-07-14 06:52:47,579 INFO  impl.RoleInfo (RoleInfo.java:updateAndGet(143)) - da343c1c-8367-46f5-a9ef-bb79fda7b344: start LeaderElection
2019-07-14 06:52:47,593 INFO  impl.LeaderElection (LeaderElection.java:askForVotes(181)) - da343c1c-8367-46f5-a9ef-bb79fda7b344:group-8D33B243C8F8:LeaderElection66: begin an election at term 4 for 0: [da343c1c-8367-46f5-a9ef-bb79fda7b344:192.168.5.144:32905, a4c24659-6a6f-404d-a8b7-ecfa7e5f7d9a:192.168.5.144:37316, ff1ab4d3-cbe6-48f1-9b56-d6e99bbeb9d5:192.168.5.144:39240], old=null
2019-07-14 06:52:47,595 INFO  impl.LeaderElection (LogUtils.java:infoOrTrace(149)) - da343c1c-8367-46f5-a9ef-bb79fda7b344:group-8D33B243C8F8:LeaderElection66 got exception when requesting votes: {}
java.util.concurrent.ExecutionException: org.apache.ratis.thirdparty.io.grpc.StatusRuntimeException: UNAVAILABLE: io exception
	at java.util.concurrent.FutureTask.report(FutureTask.java:122)
	at java.util.concurrent.FutureTask.get(FutureTask.java:192)
	at org.apache.ratis.server.impl.LeaderElection.waitForResults(LeaderElection.java:262)
	at org.apache.ratis.server.impl.LeaderElection.askForVotes(LeaderElection.java:200)
	at org.apache.ratis.server.impl.LeaderElection.run(LeaderElection.java:130)
	at java.lang.Thread.run(Thread.java:748)
Caused by: org.apache.ratis.thirdparty.io.grpc.StatusRuntimeException: UNAVAILABLE: io exception
	at org.apache.ratis.thirdparty.io.grpc.stub.ClientCalls.toStatusRuntimeException(ClientCalls.java:233)
	at org.apache.ratis.thirdparty.io.grpc.stub.ClientCalls.getUnchecked(ClientCalls.java:214)
	at org.apache.ratis.thirdparty.io.grpc.stub.ClientCalls.blockingUnaryCall(ClientCalls.java:139)
	at org.apache.ratis.proto.grpc.RaftServerProtocolServiceGrpc$RaftServerProtocolServiceBlockingStub.requestVote(RaftServerProtocolServiceGrpc.java:265)
	at org.apache.ratis.grpc.server.GrpcServerProtocolClient.requestVote(GrpcServerProtocolClient.java:83)
	at org.apache.ratis.grpc.server.GrpcService.requestVote(GrpcService.java:195)
	at org.apache.ratis.server.impl.LeaderElection.lambda$submitRequests$1(LeaderElection.java:237)
	at java.util.concurrent.FutureTask.run(FutureTask.java:266)
	at java.util.concurrent.Executors$RunnableAdapter.call(Executors.java:511)
	at java.util.concurrent.FutureTask.run(FutureTask.java:266)
	at java.util.concurrent.ThreadPoolExecutor.runWorker(ThreadPoolExecutor.java:1149)
	at java.util.concurrent.ThreadPoolExecutor$Worker.run(ThreadPoolExecutor.java:624)
	... 1 more
Caused by: org.apache.ratis.thirdparty.io.netty.channel.AbstractChannel$AnnotatedConnectException: Connection refused: /192.168.5.144:39240
	at sun.nio.ch.SocketChannelImpl.checkConnect(Native Method)
	at sun.nio.ch.SocketChannelImpl.finishConnect(SocketChannelImpl.java:717)
	at org.apache.ratis.thirdparty.io.netty.channel.socket.nio.NioSocketChannel.doFinishConnect(NioSocketChannel.java:327)
	at org.apache.ratis.thirdparty.io.netty.channel.nio.AbstractNioChannel$AbstractNioUnsafe.finishConnect(AbstractNioChannel.java:340)
	at org.apache.ratis.thirdparty.io.netty.channel.nio.NioEventLoop.processSelectedKey(NioEventLoop.java:632)
	at org.apache.ratis.thirdparty.io.netty.channel.nio.NioEventLoop.processSelectedKeysOptimized(NioEventLoop.java:579)
	at org.apache.ratis.thirdparty.io.netty.channel.nio.NioEventLoop.processSelectedKeys(NioEventLoop.java:496)
	at org.apache.ratis.thirdparty.io.netty.channel.nio.NioEventLoop.run(NioEventLoop.java:458)
	at org.apache.ratis.thirdparty.io.netty.util.concurrent.SingleThreadEventExecutor$5.run(SingleThreadEventExecutor.java:897)
	at org.apache.ratis.thirdparty.io.netty.util.concurrent.FastThreadLocalRunnable.run(FastThreadLocalRunnable.java:30)
	... 1 more
Caused by: java.net.ConnectException: Connection refused
	... 11 more
2019-07-14 06:52:47,600 INFO  impl.LeaderElection (LogUtils.java:infoOrTrace(149)) - da343c1c-8367-46f5-a9ef-bb79fda7b344:group-8D33B243C8F8:LeaderElection66 got exception when requesting votes: {}
java.util.concurrent.ExecutionException: org.apache.ratis.thirdparty.io.grpc.StatusRuntimeException: UNAVAILABLE: io exception
	at java.util.concurrent.FutureTask.report(FutureTask.java:122)
	at java.util.concurrent.FutureTask.get(FutureTask.java:192)
	at org.apache.ratis.server.impl.LeaderElection.waitForResults(LeaderElection.java:262)
	at org.apache.ratis.server.impl.LeaderElection.askForVotes(LeaderElection.java:200)
	at org.apache.ratis.server.impl.LeaderElection.run(LeaderElection.java:130)
	at java.lang.Thread.run(Thread.java:748)
Caused by: org.apache.ratis.thirdparty.io.grpc.StatusRuntimeException: UNAVAILABLE: io exception
	at org.apache.ratis.thirdparty.io.grpc.stub.ClientCalls.toStatusRuntimeException(ClientCalls.java:233)
	at org.apache.ratis.thirdparty.io.grpc.stub.ClientCalls.getUnchecked(ClientCalls.java:214)
	at org.apache.ratis.thirdparty.io.grpc.stub.ClientCalls.blockingUnaryCall(ClientCalls.java:139)
	at org.apache.ratis.proto.grpc.RaftServerProtocolServiceGrpc$RaftServerProtocolServiceBlockingStub.requestVote(RaftServerProtocolServiceGrpc.java:265)
	at org.apache.ratis.grpc.server.GrpcServerProtocolClient.requestVote(GrpcServerProtocolClient.java:83)
	at org.apache.ratis.grpc.server.GrpcService.requestVote(GrpcService.java:195)
	at org.apache.ratis.server.impl.LeaderElection.lambda$submitRequests$1(LeaderElection.java:237)
	at java.util.concurrent.FutureTask.run(FutureTask.java:266)
	at java.util.concurrent.Executors$RunnableAdapter.call(Executors.java:511)
	at java.util.concurrent.FutureTask.run(FutureTask.java:266)
	at java.util.concurrent.ThreadPoolExecutor.runWorker(ThreadPoolExecutor.java:1149)
	at java.util.concurrent.ThreadPoolExecutor$Worker.run(ThreadPoolExecutor.java:624)
	... 1 more
Caused by: org.apache.ratis.thirdparty.io.netty.channel.AbstractChannel$AnnotatedConnectException: Connection refused: /192.168.5.144:37316
	at sun.nio.ch.SocketChannelImpl.checkConnect(Native Method)
	at sun.nio.ch.SocketChannelImpl.finishConnect(SocketChannelImpl.java:717)
	at org.apache.ratis.thirdparty.io.netty.channel.socket.nio.NioSocketChannel.doFinishConnect(NioSocketChannel.java:327)
	at org.apache.ratis.thirdparty.io.netty.channel.nio.AbstractNioChannel$AbstractNioUnsafe.finishConnect(AbstractNioChannel.java:340)
	at org.apache.ratis.thirdparty.io.netty.channel.nio.NioEventLoop.processSelectedKey(NioEventLoop.java:632)
	at org.apache.ratis.thirdparty.io.netty.channel.nio.NioEventLoop.processSelectedKeysOptimized(NioEventLoop.java:579)
	at org.apache.ratis.thirdparty.io.netty.channel.nio.NioEventLoop.processSelectedKeys(NioEventLoop.java:496)
	at org.apache.ratis.thirdparty.io.netty.channel.nio.NioEventLoop.run(NioEventLoop.java:458)
	at org.apache.ratis.thirdparty.io.netty.util.concurrent.SingleThreadEventExecutor$5.run(SingleThreadEventExecutor.java:897)
	at org.apache.ratis.thirdparty.io.netty.util.concurrent.FastThreadLocalRunnable.run(FastThreadLocalRunnable.java:30)
	... 1 more
Caused by: java.net.ConnectException: Connection refused
	... 11 more
2019-07-14 06:52:47,605 INFO  impl.LeaderElection (LeaderElection.java:logAndReturn(56)) - da343c1c-8367-46f5-a9ef-bb79fda7b344:group-8D33B243C8F8:LeaderElection66: Election REJECTED; received 0 response(s) [] and 2 exception(s); da343c1c-8367-46f5-a9ef-bb79fda7b344:t4, leader=null, voted=da343c1c-8367-46f5-a9ef-bb79fda7b344, raftlog=da343c1c-8367-46f5-a9ef-bb79fda7b344-SegmentedRaftLog:OPENED:c0,f0,i0, conf=0: [da343c1c-8367-46f5-a9ef-bb79fda7b344:192.168.5.144:32905, a4c24659-6a6f-404d-a8b7-ecfa7e5f7d9a:192.168.5.144:37316, ff1ab4d3-cbe6-48f1-9b56-d6e99bbeb9d5:192.168.5.144:39240], old=null
2019-07-14 06:52:47,605 INFO  impl.LeaderElection (LogUtils.java:infoOrTrace(149)) -   Exception 0: {}
java.util.concurrent.ExecutionException: org.apache.ratis.thirdparty.io.grpc.StatusRuntimeException: UNAVAILABLE: io exception
	at java.util.concurrent.FutureTask.report(FutureTask.java:122)
	at java.util.concurrent.FutureTask.get(FutureTask.java:192)
	at org.apache.ratis.server.impl.LeaderElection.waitForResults(LeaderElection.java:262)
	at org.apache.ratis.server.impl.LeaderElection.askForVotes(LeaderElection.java:200)
	at org.apache.ratis.server.impl.LeaderElection.run(LeaderElection.java:130)
	at java.lang.Thread.run(Thread.java:748)
Caused by: org.apache.ratis.thirdparty.io.grpc.StatusRuntimeException: UNAVAILABLE: io exception
	at org.apache.ratis.thirdparty.io.grpc.stub.ClientCalls.toStatusRuntimeException(ClientCalls.java:233)
	at org.apache.ratis.thirdparty.io.grpc.stub.ClientCalls.getUnchecked(ClientCalls.java:214)
	at org.apache.ratis.thirdparty.io.grpc.stub.ClientCalls.blockingUnaryCall(ClientCalls.java:139)
	at org.apache.ratis.proto.grpc.RaftServerProtocolServiceGrpc$RaftServerProtocolServiceBlockingStub.requestVote(RaftServerProtocolServiceGrpc.java:265)
	at org.apache.ratis.grpc.server.GrpcServerProtocolClient.requestVote(GrpcServerProtocolClient.java:83)
	at org.apache.ratis.grpc.server.GrpcService.requestVote(GrpcService.java:195)
	at org.apache.ratis.server.impl.LeaderElection.lambda$submitRequests$1(LeaderElection.java:237)
	at java.util.concurrent.FutureTask.run(FutureTask.java:266)
	at java.util.concurrent.Executors$RunnableAdapter.call(Executors.java:511)
	at java.util.concurrent.FutureTask.run(FutureTask.java:266)
	at java.util.concurrent.ThreadPoolExecutor.runWorker(ThreadPoolExecutor.java:1149)
	at java.util.concurrent.ThreadPoolExecutor$Worker.run(ThreadPoolExecutor.java:624)
	... 1 more
Caused by: org.apache.ratis.thirdparty.io.netty.channel.AbstractChannel$AnnotatedConnectException: Connection refused: /192.168.5.144:39240
	at sun.nio.ch.SocketChannelImpl.checkConnect(Native Method)
	at sun.nio.ch.SocketChannelImpl.finishConnect(SocketChannelImpl.java:717)
	at org.apache.ratis.thirdparty.io.netty.channel.socket.nio.NioSocketChannel.doFinishConnect(NioSocketChannel.java:327)
	at org.apache.ratis.thirdparty.io.netty.channel.nio.AbstractNioChannel$AbstractNioUnsafe.finishConnect(AbstractNioChannel.java:340)
	at org.apache.ratis.thirdparty.io.netty.channel.nio.NioEventLoop.processSelectedKey(NioEventLoop.java:632)
	at org.apache.ratis.thirdparty.io.netty.channel.nio.NioEventLoop.processSelectedKeysOptimized(NioEventLoop.java:579)
	at org.apache.ratis.thirdparty.io.netty.channel.nio.NioEventLoop.processSelectedKeys(NioEventLoop.java:496)
	at org.apache.ratis.thirdparty.io.netty.channel.nio.NioEventLoop.run(NioEventLoop.java:458)
	at org.apache.ratis.thirdparty.io.netty.util.concurrent.SingleThreadEventExecutor$5.run(SingleThreadEventExecutor.java:897)
	at org.apache.ratis.thirdparty.io.netty.util.concurrent.FastThreadLocalRunnable.run(FastThreadLocalRunnable.java:30)
	... 1 more
Caused by: java.net.ConnectException: Connection refused
	... 11 more
2019-07-14 06:52:47,605 INFO  impl.LeaderElection (LogUtils.java:infoOrTrace(149)) -   Exception 1: {}
java.util.concurrent.ExecutionException: org.apache.ratis.thirdparty.io.grpc.StatusRuntimeException: UNAVAILABLE: io exception
	at java.util.concurrent.FutureTask.report(FutureTask.java:122)
	at java.util.concurrent.FutureTask.get(FutureTask.java:192)
	at org.apache.ratis.server.impl.LeaderElection.waitForResults(LeaderElection.java:262)
	at org.apache.ratis.server.impl.LeaderElection.askForVotes(LeaderElection.java:200)
	at org.apache.ratis.server.impl.LeaderElection.run(LeaderElection.java:130)
	at java.lang.Thread.run(Thread.java:748)
Caused by: org.apache.ratis.thirdparty.io.grpc.StatusRuntimeException: UNAVAILABLE: io exception
	at org.apache.ratis.thirdparty.io.grpc.stub.ClientCalls.toStatusRuntimeException(ClientCalls.java:233)
	at org.apache.ratis.thirdparty.io.grpc.stub.ClientCalls.getUnchecked(ClientCalls.java:214)
	at org.apache.ratis.thirdparty.io.grpc.stub.ClientCalls.blockingUnaryCall(ClientCalls.java:139)
	at org.apache.ratis.proto.grpc.RaftServerProtocolServiceGrpc$RaftServerProtocolServiceBlockingStub.requestVote(RaftServerProtocolServiceGrpc.java:265)
	at org.apache.ratis.grpc.server.GrpcServerProtocolClient.requestVote(GrpcServerProtocolClient.java:83)
	at org.apache.ratis.grpc.server.GrpcService.requestVote(GrpcService.java:195)
	at org.apache.ratis.server.impl.LeaderElection.lambda$submitRequests$1(LeaderElection.java:237)
	at java.util.concurrent.FutureTask.run(FutureTask.java:266)
	at java.util.concurrent.Executors$RunnableAdapter.call(Executors.java:511)
	at java.util.concurrent.FutureTask.run(FutureTask.java:266)
	at java.util.concurrent.ThreadPoolExecutor.runWorker(ThreadPoolExecutor.java:1149)
	at java.util.concurrent.ThreadPoolExecutor$Worker.run(ThreadPoolExecutor.java:624)
	... 1 more
Caused by: org.apache.ratis.thirdparty.io.netty.channel.AbstractChannel$AnnotatedConnectException: Connection refused: /192.168.5.144:37316
	at sun.nio.ch.SocketChannelImpl.checkConnect(Native Method)
	at sun.nio.ch.SocketChannelImpl.finishConnect(SocketChannelImpl.java:717)
	at org.apache.ratis.thirdparty.io.netty.channel.socket.nio.NioSocketChannel.doFinishConnect(NioSocketChannel.java:327)
	at org.apache.ratis.thirdparty.io.netty.channel.nio.AbstractNioChannel$AbstractNioUnsafe.finishConnect(AbstractNioChannel.java:340)
	at org.apache.ratis.thirdparty.io.netty.channel.nio.NioEventLoop.processSelectedKey(NioEventLoop.java:632)
	at org.apache.ratis.thirdparty.io.netty.channel.nio.NioEventLoop.processSelectedKeysOptimized(NioEventLoop.java:579)
	at org.apache.ratis.thirdparty.io.netty.channel.nio.NioEventLoop.processSelectedKeys(NioEventLoop.java:496)
	at org.apache.ratis.thirdparty.io.netty.channel.nio.NioEventLoop.run(NioEventLoop.java:458)
	at org.apache.ratis.thirdparty.io.netty.util.concurrent.SingleThreadEventExecutor$5.run(SingleThreadEventExecutor.java:897)
	at org.apache.ratis.thirdparty.io.netty.util.concurrent.FastThreadLocalRunnable.run(FastThreadLocalRunnable.java:30)
	... 1 more
Caused by: java.net.ConnectException: Connection refused
	... 11 more
2019-07-14 06:52:47,606 INFO  impl.RaftServerImpl (RaftServerImpl.java:setRole(171)) - da343c1c-8367-46f5-a9ef-bb79fda7b344:group-8D33B243C8F8 changes role from CANDIDATE to FOLLOWER at term 4 for DISCOVERED_A_NEW_TERM
2019-07-14 06:52:47,606 INFO  impl.RoleInfo (RoleInfo.java:shutdownLeaderElection(134)) - da343c1c-8367-46f5-a9ef-bb79fda7b344: shutdown LeaderElection
2019-07-14 06:52:47,606 INFO  impl.RoleInfo (RoleInfo.java:updateAndGet(143)) - da343c1c-8367-46f5-a9ef-bb79fda7b344: start FollowerState
2019-07-14 06:52:47,626 INFO  impl.FollowerState (FollowerState.java:run(106)) - 9927f91e-bb8c-46e7-b6a9-486a9b631738:group-3DE67AD40993 changes to CANDIDATE, lastRpcTime:5083, electionTimeout:5083ms
2019-07-14 06:52:47,626 INFO  impl.RoleInfo (RoleInfo.java:shutdownFollowerState(121)) - 9927f91e-bb8c-46e7-b6a9-486a9b631738: shutdown FollowerState
2019-07-14 06:52:47,626 INFO  impl.RaftServerImpl (RaftServerImpl.java:setRole(171)) - 9927f91e-bb8c-46e7-b6a9-486a9b631738:group-3DE67AD40993 changes role from FOLLOWER to CANDIDATE at term 0 for changeToCandidate
2019-07-14 06:52:47,627 INFO  impl.RoleInfo (RoleInfo.java:updateAndGet(143)) - 9927f91e-bb8c-46e7-b6a9-486a9b631738: start LeaderElection
2019-07-14 06:52:47,656 INFO  impl.LeaderElection (LeaderElection.java:askForVotes(181)) - 9927f91e-bb8c-46e7-b6a9-486a9b631738:group-3DE67AD40993:LeaderElection67: begin an election at term 1 for -1: [9927f91e-bb8c-46e7-b6a9-486a9b631738:192.168.5.144:41664], old=null
2019-07-14 06:52:47,657 INFO  impl.RoleInfo (RoleInfo.java:shutdownLeaderElection(134)) - 9927f91e-bb8c-46e7-b6a9-486a9b631738: shutdown LeaderElection
2019-07-14 06:52:47,657 INFO  impl.RaftServerImpl (RaftServerImpl.java:setRole(171)) - 9927f91e-bb8c-46e7-b6a9-486a9b631738:group-3DE67AD40993 changes role from CANDIDATE to LEADER at term 1 for changeToLeader
2019-07-14 06:52:47,657 INFO  impl.RaftServerImpl (ServerState.java:setLeader(263)) - 9927f91e-bb8c-46e7-b6a9-486a9b631738:group-3DE67AD40993 change Leader from null to 9927f91e-bb8c-46e7-b6a9-486a9b631738 at term 1 for becomeLeader, leader elected after 5118ms
2019-07-14 06:52:47,657 INFO  server.RaftServerConfigKeys (ConfUtils.java:logGet(43)) - raft.server.staging.catchup.gap = 1000 (default)
2019-07-14 06:52:47,657 INFO  server.RaftServerConfigKeys (ConfUtils.java:logGet(43)) - raft.server.rpc.sleep.time = 25ms (default)
2019-07-14 06:52:47,657 INFO  server.RaftServerConfigKeys (ConfUtils.java:logGet(43)) - raft.server.write.element-limit = 4096 (default)
2019-07-14 06:52:47,657 INFO  server.RaftServerConfigKeys (ConfUtils.java:logGet(43)) - raft.server.watch.timeout = 10s (default)
2019-07-14 06:52:47,657 INFO  server.RaftServerConfigKeys (ConfUtils.java:logGet(43)) - raft.server.watch.timeout.denomination = 1s (default)
2019-07-14 06:52:47,657 INFO  server.RaftServerConfigKeys (ConfUtils.java:logGet(43)) - raft.server.watch.element-limit = 65536 (default)
2019-07-14 06:52:47,658 INFO  impl.RoleInfo (RoleInfo.java:updateAndGet(143)) - 9927f91e-bb8c-46e7-b6a9-486a9b631738: start LeaderState
2019-07-14 06:52:47,658 INFO  segmented.SegmentedRaftLogWorker (SegmentedRaftLogWorker.java:startLogSegment(380)) - 9927f91e-bb8c-46e7-b6a9-486a9b631738-SegmentedRaftLogWorker:Storage Directory /tmp/workdir/hadoop-ozone/integration-test/target/test-dir/MiniOzoneClusterImpl-05cecf30-6147-484e-ad5f-a3600576eef7/datanode-3/data/ratis/b3ed8cc7-878d-4089-9f5c-3de67ad40993: Starting segment from index:0
2019-07-14 06:52:47,658 INFO  impl.RaftServerImpl (ServerState.java:setRaftConf(361)) - 9927f91e-bb8c-46e7-b6a9-486a9b631738:group-3DE67AD40993 set configuration 0: [9927f91e-bb8c-46e7-b6a9-486a9b631738:192.168.5.144:41664], old=null at 0
2019-07-14 06:52:47,683 INFO  segmented.SegmentedRaftLogWorker (SegmentedRaftLogWorker.java:execute(569)) - 9927f91e-bb8c-46e7-b6a9-486a9b631738-SegmentedRaftLogWorker:Storage Directory /tmp/workdir/hadoop-ozone/integration-test/target/test-dir/MiniOzoneClusterImpl-05cecf30-6147-484e-ad5f-a3600576eef7/datanode-3/data/ratis/b3ed8cc7-878d-4089-9f5c-3de67ad40993: created new log segment /tmp/workdir/hadoop-ozone/integration-test/target/test-dir/MiniOzoneClusterImpl-05cecf30-6147-484e-ad5f-a3600576eef7/datanode-3/data/ratis/b3ed8cc7-878d-4089-9f5c-3de67ad40993/current/log_inprogress_0
2019-07-14 06:52:47,850 INFO  impl.FollowerState (FollowerState.java:run(106)) - 80532c0e-1ea2-4258-8531-55a5eca450fa:group-B90276665BB0 changes to CANDIDATE, lastRpcTime:5118, electionTimeout:5118ms
2019-07-14 06:52:47,850 INFO  impl.RoleInfo (RoleInfo.java:shutdownFollowerState(121)) - 80532c0e-1ea2-4258-8531-55a5eca450fa: shutdown FollowerState
2019-07-14 06:52:47,850 INFO  impl.RaftServerImpl (RaftServerImpl.java:setRole(171)) - 80532c0e-1ea2-4258-8531-55a5eca450fa:group-B90276665BB0 changes role from FOLLOWER to CANDIDATE at term 0 for changeToCandidate
2019-07-14 06:52:47,850 INFO  impl.RoleInfo (RoleInfo.java:updateAndGet(143)) - 80532c0e-1ea2-4258-8531-55a5eca450fa: start LeaderElection
2019-07-14 06:52:47,888 INFO  impl.LeaderElection (LeaderElection.java:askForVotes(181)) - 80532c0e-1ea2-4258-8531-55a5eca450fa:group-B90276665BB0:LeaderElection68: begin an election at term 1 for -1: [80532c0e-1ea2-4258-8531-55a5eca450fa:192.168.5.144:44689], old=null
2019-07-14 06:52:47,889 INFO  impl.RoleInfo (RoleInfo.java:shutdownLeaderElection(134)) - 80532c0e-1ea2-4258-8531-55a5eca450fa: shutdown LeaderElection
2019-07-14 06:52:47,889 INFO  impl.RaftServerImpl (RaftServerImpl.java:setRole(171)) - 80532c0e-1ea2-4258-8531-55a5eca450fa:group-B90276665BB0 changes role from CANDIDATE to LEADER at term 1 for changeToLeader
2019-07-14 06:52:47,889 INFO  impl.RaftServerImpl (ServerState.java:setLeader(263)) - 80532c0e-1ea2-4258-8531-55a5eca450fa:group-B90276665BB0 change Leader from null to 80532c0e-1ea2-4258-8531-55a5eca450fa at term 1 for becomeLeader, leader elected after 5161ms
2019-07-14 06:52:47,889 INFO  server.RaftServerConfigKeys (ConfUtils.java:logGet(43)) - raft.server.staging.catchup.gap = 1000 (default)
2019-07-14 06:52:47,889 INFO  server.RaftServerConfigKeys (ConfUtils.java:logGet(43)) - raft.server.rpc.sleep.time = 25ms (default)
2019-07-14 06:52:47,889 INFO  server.RaftServerConfigKeys (ConfUtils.java:logGet(43)) - raft.server.write.element-limit = 4096 (default)
2019-07-14 06:52:47,889 INFO  server.RaftServerConfigKeys (ConfUtils.java:logGet(43)) - raft.server.watch.timeout = 10s (default)
2019-07-14 06:52:47,890 INFO  server.RaftServerConfigKeys (ConfUtils.java:logGet(43)) - raft.server.watch.timeout.denomination = 1s (default)
2019-07-14 06:52:47,890 INFO  server.RaftServerConfigKeys (ConfUtils.java:logGet(43)) - raft.server.watch.element-limit = 65536 (default)
2019-07-14 06:52:47,890 INFO  impl.RoleInfo (RoleInfo.java:updateAndGet(143)) - 80532c0e-1ea2-4258-8531-55a5eca450fa: start LeaderState
2019-07-14 06:52:47,890 INFO  segmented.SegmentedRaftLogWorker (SegmentedRaftLogWorker.java:startLogSegment(380)) - 80532c0e-1ea2-4258-8531-55a5eca450fa-SegmentedRaftLogWorker:Storage Directory /tmp/workdir/hadoop-ozone/integration-test/target/test-dir/MiniOzoneClusterImpl-05cecf30-6147-484e-ad5f-a3600576eef7/datanode-4/data/ratis/8069732c-8d24-4013-9f2f-b90276665bb0: Starting segment from index:0
2019-07-14 06:52:47,891 INFO  impl.RaftServerImpl (ServerState.java:setRaftConf(361)) - 80532c0e-1ea2-4258-8531-55a5eca450fa:group-B90276665BB0 set configuration 0: [80532c0e-1ea2-4258-8531-55a5eca450fa:192.168.5.144:44689], old=null at 0
2019-07-14 06:52:47,927 INFO  segmented.SegmentedRaftLogWorker (SegmentedRaftLogWorker.java:execute(569)) - 80532c0e-1ea2-4258-8531-55a5eca450fa-SegmentedRaftLogWorker:Storage Directory /tmp/workdir/hadoop-ozone/integration-test/target/test-dir/MiniOzoneClusterImpl-05cecf30-6147-484e-ad5f-a3600576eef7/datanode-4/data/ratis/8069732c-8d24-4013-9f2f-b90276665bb0: created new log segment /tmp/workdir/hadoop-ozone/integration-test/target/test-dir/MiniOzoneClusterImpl-05cecf30-6147-484e-ad5f-a3600576eef7/datanode-4/data/ratis/8069732c-8d24-4013-9f2f-b90276665bb0/current/log_inprogress_0
2019-07-14 06:52:48,044 INFO  impl.FollowerState (FollowerState.java:run(106)) - dc6a36be-a5eb-47e6-9565-6495b74a01e3:group-9D7DAA97900F changes to CANDIDATE, lastRpcTime:5026, electionTimeout:5026ms
2019-07-14 06:52:48,045 INFO  impl.RoleInfo (RoleInfo.java:shutdownFollowerState(121)) - dc6a36be-a5eb-47e6-9565-6495b74a01e3: shutdown FollowerState
2019-07-14 06:52:48,045 INFO  impl.RaftServerImpl (RaftServerImpl.java:setRole(171)) - dc6a36be-a5eb-47e6-9565-6495b74a01e3:group-9D7DAA97900F changes role from FOLLOWER to CANDIDATE at term 0 for changeToCandidate
2019-07-14 06:52:48,046 INFO  impl.RoleInfo (RoleInfo.java:updateAndGet(143)) - dc6a36be-a5eb-47e6-9565-6495b74a01e3: start LeaderElection
2019-07-14 06:52:48,096 INFO  impl.LeaderElection (LeaderElection.java:askForVotes(181)) - dc6a36be-a5eb-47e6-9565-6495b74a01e3:group-9D7DAA97900F:LeaderElection69: begin an election at term 1 for -1: [dc6a36be-a5eb-47e6-9565-6495b74a01e3:192.168.5.144:37094], old=null
2019-07-14 06:52:48,096 INFO  impl.RoleInfo (RoleInfo.java:shutdownLeaderElection(134)) - dc6a36be-a5eb-47e6-9565-6495b74a01e3: shutdown LeaderElection
2019-07-14 06:52:48,096 INFO  impl.RaftServerImpl (RaftServerImpl.java:setRole(171)) - dc6a36be-a5eb-47e6-9565-6495b74a01e3:group-9D7DAA97900F changes role from CANDIDATE to LEADER at term 1 for changeToLeader
2019-07-14 06:52:48,097 INFO  impl.RaftServerImpl (ServerState.java:setLeader(263)) - dc6a36be-a5eb-47e6-9565-6495b74a01e3:group-9D7DAA97900F change Leader from null to dc6a36be-a5eb-47e6-9565-6495b74a01e3 at term 1 for becomeLeader, leader elected after 5088ms
2019-07-14 06:52:48,097 INFO  server.RaftServerConfigKeys (ConfUtils.java:logGet(43)) - raft.server.staging.catchup.gap = 1000 (default)
2019-07-14 06:52:48,097 INFO  server.RaftServerConfigKeys (ConfUtils.java:logGet(43)) - raft.server.rpc.sleep.time = 25ms (default)
2019-07-14 06:52:48,097 INFO  server.RaftServerConfigKeys (ConfUtils.java:logGet(43)) - raft.server.write.element-limit = 4096 (default)
2019-07-14 06:52:48,097 INFO  server.RaftServerConfigKeys (ConfUtils.java:logGet(43)) - raft.server.watch.timeout = 10s (default)
2019-07-14 06:52:48,098 INFO  server.RaftServerConfigKeys (ConfUtils.java:logGet(43)) - raft.server.watch.timeout.denomination = 1s (default)
2019-07-14 06:52:48,098 INFO  server.RaftServerConfigKeys (ConfUtils.java:logGet(43)) - raft.server.watch.element-limit = 65536 (default)
2019-07-14 06:52:48,098 INFO  impl.RoleInfo (RoleInfo.java:updateAndGet(143)) - dc6a36be-a5eb-47e6-9565-6495b74a01e3: start LeaderState
2019-07-14 06:52:48,099 INFO  segmented.SegmentedRaftLogWorker (SegmentedRaftLogWorker.java:startLogSegment(380)) - dc6a36be-a5eb-47e6-9565-6495b74a01e3-SegmentedRaftLogWorker:Storage Directory /tmp/workdir/hadoop-ozone/integration-test/target/test-dir/MiniOzoneClusterImpl-05cecf30-6147-484e-ad5f-a3600576eef7/datanode-5/data/ratis/be20b9ef-7e3c-4671-b1c3-9d7daa97900f: Starting segment from index:0
2019-07-14 06:52:48,141 INFO  impl.RaftServerImpl (ServerState.java:setRaftConf(361)) - dc6a36be-a5eb-47e6-9565-6495b74a01e3:group-9D7DAA97900F set configuration 0: [dc6a36be-a5eb-47e6-9565-6495b74a01e3:192.168.5.144:37094], old=null at 0
2019-07-14 06:52:48,152 INFO  segmented.SegmentedRaftLogWorker (SegmentedRaftLogWorker.java:execute(569)) - dc6a36be-a5eb-47e6-9565-6495b74a01e3-SegmentedRaftLogWorker:Storage Directory /tmp/workdir/hadoop-ozone/integration-test/target/test-dir/MiniOzoneClusterImpl-05cecf30-6147-484e-ad5f-a3600576eef7/datanode-5/data/ratis/be20b9ef-7e3c-4671-b1c3-9d7daa97900f: created new log segment /tmp/workdir/hadoop-ozone/integration-test/target/test-dir/MiniOzoneClusterImpl-05cecf30-6147-484e-ad5f-a3600576eef7/datanode-5/data/ratis/be20b9ef-7e3c-4671-b1c3-9d7daa97900f/current/log_inprogress_0
2019-07-14 06:52:48,152 INFO  impl.FollowerState (FollowerState.java:run(106)) - dc6a36be-a5eb-47e6-9565-6495b74a01e3:group-B49A3CD331BD changes to CANDIDATE, lastRpcTime:5060, electionTimeout:5060ms
2019-07-14 06:52:48,152 INFO  impl.RoleInfo (RoleInfo.java:shutdownFollowerState(121)) - dc6a36be-a5eb-47e6-9565-6495b74a01e3: shutdown FollowerState
2019-07-14 06:52:48,152 INFO  impl.RaftServerImpl (RaftServerImpl.java:setRole(171)) - dc6a36be-a5eb-47e6-9565-6495b74a01e3:group-B49A3CD331BD changes role from FOLLOWER to CANDIDATE at term 0 for changeToCandidate
2019-07-14 06:52:48,152 INFO  impl.RoleInfo (RoleInfo.java:updateAndGet(143)) - dc6a36be-a5eb-47e6-9565-6495b74a01e3: start LeaderElection
2019-07-14 06:52:48,179 INFO  impl.LeaderElection (LeaderElection.java:askForVotes(181)) - dc6a36be-a5eb-47e6-9565-6495b74a01e3:group-B49A3CD331BD:LeaderElection70: begin an election at term 1 for -1: [9927f91e-bb8c-46e7-b6a9-486a9b631738:192.168.5.144:41664, 80532c0e-1ea2-4258-8531-55a5eca450fa:192.168.5.144:44689, dc6a36be-a5eb-47e6-9565-6495b74a01e3:192.168.5.144:37094], old=null
2019-07-14 06:52:48,210 INFO  impl.FollowerState (FollowerState.java:run(106)) - 80532c0e-1ea2-4258-8531-55a5eca450fa:group-B49A3CD331BD changes to CANDIDATE, lastRpcTime:5116, electionTimeout:5105ms
2019-07-14 06:52:48,210 INFO  impl.RoleInfo (RoleInfo.java:shutdownFollowerState(121)) - 80532c0e-1ea2-4258-8531-55a5eca450fa: shutdown FollowerState
2019-07-14 06:52:48,232 INFO  impl.RaftServerImpl (RaftServerImpl.java:setRole(171)) - 9927f91e-bb8c-46e7-b6a9-486a9b631738:group-B49A3CD331BD changes role from FOLLOWER to FOLLOWER at term 1 for recognizeCandidate:dc6a36be-a5eb-47e6-9565-6495b74a01e3
2019-07-14 06:52:48,232 INFO  impl.RoleInfo (RoleInfo.java:shutdownFollowerState(121)) - 9927f91e-bb8c-46e7-b6a9-486a9b631738: shutdown FollowerState
2019-07-14 06:52:48,232 INFO  impl.RaftServerImpl (RaftServerImpl.java:setRole(171)) - 80532c0e-1ea2-4258-8531-55a5eca450fa:group-B49A3CD331BD changes role from FOLLOWER to CANDIDATE at term 0 for changeToCandidate
2019-07-14 06:52:48,232 INFO  impl.RoleInfo (RoleInfo.java:updateAndGet(143)) - 9927f91e-bb8c-46e7-b6a9-486a9b631738: start FollowerState
2019-07-14 06:52:48,232 INFO  impl.RoleInfo (RoleInfo.java:updateAndGet(143)) - 80532c0e-1ea2-4258-8531-55a5eca450fa: start LeaderElection
2019-07-14 06:52:48,232 INFO  impl.FollowerState (FollowerState.java:run(114)) - 9927f91e-bb8c-46e7-b6a9-486a9b631738: FollowerState was interrupted: java.lang.InterruptedException: sleep interrupted
2019-07-14 06:52:48,258 INFO  impl.RaftServerImpl (RaftServerImpl.java:setRole(171)) - 80532c0e-1ea2-4258-8531-55a5eca450fa:group-B49A3CD331BD changes role from CANDIDATE to FOLLOWER at term 1 for recognizeCandidate:dc6a36be-a5eb-47e6-9565-6495b74a01e3
2019-07-14 06:52:48,258 INFO  impl.RoleInfo (RoleInfo.java:shutdownLeaderElection(134)) - 80532c0e-1ea2-4258-8531-55a5eca450fa: shutdown LeaderElection
2019-07-14 06:52:48,264 INFO  impl.RoleInfo (RoleInfo.java:updateAndGet(143)) - 80532c0e-1ea2-4258-8531-55a5eca450fa: start FollowerState
2019-07-14 06:52:48,274 INFO  impl.LeaderElection (LeaderElection.java:logAndReturn(56)) - dc6a36be-a5eb-47e6-9565-6495b74a01e3:group-B49A3CD331BD:LeaderElection70: Election PASSED; received 2 response(s) [dc6a36be-a5eb-47e6-9565-6495b74a01e3<-9927f91e-bb8c-46e7-b6a9-486a9b631738#0:OK-t1, dc6a36be-a5eb-47e6-9565-6495b74a01e3<-80532c0e-1ea2-4258-8531-55a5eca450fa#0:FAIL-t1] and 0 exception(s); dc6a36be-a5eb-47e6-9565-6495b74a01e3:t1, leader=null, voted=dc6a36be-a5eb-47e6-9565-6495b74a01e3, raftlog=dc6a36be-a5eb-47e6-9565-6495b74a01e3-SegmentedRaftLog:OPENED:c-1,f-1,i0, conf=-1: [9927f91e-bb8c-46e7-b6a9-486a9b631738:192.168.5.144:41664, 80532c0e-1ea2-4258-8531-55a5eca450fa:192.168.5.144:44689, dc6a36be-a5eb-47e6-9565-6495b74a01e3:192.168.5.144:37094], old=null
2019-07-14 06:52:48,275 INFO  impl.RoleInfo (RoleInfo.java:shutdownLeaderElection(134)) - dc6a36be-a5eb-47e6-9565-6495b74a01e3: shutdown LeaderElection
2019-07-14 06:52:48,275 INFO  impl.RaftServerImpl (RaftServerImpl.java:setRole(171)) - dc6a36be-a5eb-47e6-9565-6495b74a01e3:group-B49A3CD331BD changes role from CANDIDATE to LEADER at term 1 for changeToLeader
2019-07-14 06:52:48,275 INFO  impl.RaftServerImpl (ServerState.java:setLeader(263)) - dc6a36be-a5eb-47e6-9565-6495b74a01e3:group-B49A3CD331BD change Leader from null to dc6a36be-a5eb-47e6-9565-6495b74a01e3 at term 1 for becomeLeader, leader elected after 5192ms
2019-07-14 06:52:48,275 INFO  server.RaftServerConfigKeys (ConfUtils.java:logGet(43)) - raft.server.staging.catchup.gap = 1000 (default)
2019-07-14 06:52:48,275 INFO  server.RaftServerConfigKeys (ConfUtils.java:logGet(43)) - raft.server.rpc.sleep.time = 25ms (default)
2019-07-14 06:52:48,275 INFO  server.RaftServerConfigKeys (ConfUtils.java:logGet(43)) - raft.server.write.element-limit = 4096 (default)
2019-07-14 06:52:48,276 INFO  server.RaftServerConfigKeys (ConfUtils.java:logGet(43)) - raft.server.watch.timeout = 10s (default)
2019-07-14 06:52:48,276 INFO  server.RaftServerConfigKeys (ConfUtils.java:logGet(43)) - raft.server.watch.timeout.denomination = 1s (default)
2019-07-14 06:52:48,276 INFO  server.RaftServerConfigKeys (ConfUtils.java:logGet(43)) - raft.server.watch.element-limit = 65536 (default)
2019-07-14 06:52:48,276 INFO  server.RaftServerConfigKeys (ConfUtils.java:logGet(43)) - raft.server.log.appender.snapshot.chunk.size.max = 16MB (=16777216) (default)
2019-07-14 06:52:48,276 INFO  impl.LeaderElection (LeaderElection.java:askForVotes(181)) - 80532c0e-1ea2-4258-8531-55a5eca450fa:group-B49A3CD331BD:LeaderElection71: begin an election at term 2 for -1: [9927f91e-bb8c-46e7-b6a9-486a9b631738:192.168.5.144:41664, 80532c0e-1ea2-4258-8531-55a5eca450fa:192.168.5.144:44689, dc6a36be-a5eb-47e6-9565-6495b74a01e3:192.168.5.144:37094], old=null
2019-07-14 06:52:48,276 INFO  server.RaftServerConfigKeys (ConfUtils.java:logGet(43)) - raft.server.log.appender.buffer.byte-limit = 33554432 (custom)
2019-07-14 06:52:48,277 INFO  server.RaftServerConfigKeys (ConfUtils.java:logGet(43)) - raft.server.log.appender.buffer.element-limit = 1 (custom)
2019-07-14 06:52:48,277 INFO  impl.LeaderElection (LeaderElection.java:logAndReturn(56)) - 80532c0e-1ea2-4258-8531-55a5eca450fa:group-B49A3CD331BD:LeaderElection71: Election REJECTED; received 0 response(s) [] and 0 exception(s); 80532c0e-1ea2-4258-8531-55a5eca450fa:t2, leader=null, voted=80532c0e-1ea2-4258-8531-55a5eca450fa, raftlog=80532c0e-1ea2-4258-8531-55a5eca450fa-SegmentedRaftLog:OPENED:c-1,f-1,i0, conf=-1: [9927f91e-bb8c-46e7-b6a9-486a9b631738:192.168.5.144:41664, 80532c0e-1ea2-4258-8531-55a5eca450fa:192.168.5.144:44689, dc6a36be-a5eb-47e6-9565-6495b74a01e3:192.168.5.144:37094], old=null
2019-07-14 06:52:48,277 INFO  grpc.GrpcConfigKeys$Server (ConfUtils.java:logGet(43)) - raft.grpc.server.leader.outstanding.appends.max = 128 (default)
2019-07-14 06:52:48,277 INFO  server.RaftServerConfigKeys (ConfUtils.java:logGet(43)) - raft.server.rpc.request.timeout = 3000ms (default)
2019-07-14 06:52:48,278 INFO  server.RaftServerConfigKeys (ConfUtils.java:logGet(43)) - raft.server.log.appender.install.snapshot.enabled = false (custom)
2019-07-14 06:52:48,278 INFO  server.RaftServerConfigKeys (ConfUtils.java:logGet(43)) - raft.server.log.appender.snapshot.chunk.size.max = 16MB (=16777216) (default)
2019-07-14 06:52:48,278 INFO  server.RaftServerConfigKeys (ConfUtils.java:logGet(43)) - raft.server.log.appender.buffer.byte-limit = 33554432 (custom)
2019-07-14 06:52:48,278 INFO  server.RaftServerConfigKeys (ConfUtils.java:logGet(43)) - raft.server.log.appender.buffer.element-limit = 1 (custom)
2019-07-14 06:52:48,279 INFO  grpc.GrpcConfigKeys$Server (ConfUtils.java:logGet(43)) - raft.grpc.server.leader.outstanding.appends.max = 128 (default)
2019-07-14 06:52:48,279 INFO  server.RaftServerConfigKeys (ConfUtils.java:logGet(43)) - raft.server.rpc.request.timeout = 3000ms (default)
2019-07-14 06:52:48,279 INFO  server.RaftServerConfigKeys (ConfUtils.java:logGet(43)) - raft.server.log.appender.install.snapshot.enabled = false (custom)
2019-07-14 06:52:48,279 INFO  impl.RoleInfo (RoleInfo.java:updateAndGet(143)) - dc6a36be-a5eb-47e6-9565-6495b74a01e3: start LeaderState
2019-07-14 06:52:48,279 INFO  segmented.SegmentedRaftLogWorker (SegmentedRaftLogWorker.java:startLogSegment(380)) - dc6a36be-a5eb-47e6-9565-6495b74a01e3-SegmentedRaftLogWorker:Storage Directory /tmp/workdir/hadoop-ozone/integration-test/target/test-dir/MiniOzoneClusterImpl-05cecf30-6147-484e-ad5f-a3600576eef7/datanode-5/data/ratis/d45461fe-f4ba-4972-a5e6-b49a3cd331bd: Starting segment from index:0
2019-07-14 06:52:48,280 INFO  impl.RaftServerImpl (ServerState.java:setRaftConf(361)) - dc6a36be-a5eb-47e6-9565-6495b74a01e3:group-B49A3CD331BD set configuration 0: [9927f91e-bb8c-46e7-b6a9-486a9b631738:192.168.5.144:41664, 80532c0e-1ea2-4258-8531-55a5eca450fa:192.168.5.144:44689, dc6a36be-a5eb-47e6-9565-6495b74a01e3:192.168.5.144:37094], old=null at 0
2019-07-14 06:52:48,312 INFO  impl.RaftServerImpl (RaftServerImpl.java:setRole(171)) - 9927f91e-bb8c-46e7-b6a9-486a9b631738:group-B49A3CD331BD changes role from FOLLOWER to FOLLOWER at term 2 for recognizeCandidate:80532c0e-1ea2-4258-8531-55a5eca450fa
2019-07-14 06:52:48,312 INFO  impl.RaftServerImpl (ServerState.java:setLeader(263)) - dc6a36be-a5eb-47e6-9565-6495b74a01e3:group-B49A3CD331BD change Leader from dc6a36be-a5eb-47e6-9565-6495b74a01e3 to null at term 2 for updateCurrentTerm
2019-07-14 06:52:48,312 INFO  impl.RoleInfo (RoleInfo.java:shutdownFollowerState(121)) - 9927f91e-bb8c-46e7-b6a9-486a9b631738: shutdown FollowerState
2019-07-14 06:52:48,312 INFO  impl.RaftServerImpl (RaftServerImpl.java:setRole(171)) - dc6a36be-a5eb-47e6-9565-6495b74a01e3:group-B49A3CD331BD changes role from LEADER to FOLLOWER at term 2 for recognizeCandidate:80532c0e-1ea2-4258-8531-55a5eca450fa
2019-07-14 06:52:48,313 INFO  impl.RoleInfo (RoleInfo.java:shutdownLeaderState(104)) - dc6a36be-a5eb-47e6-9565-6495b74a01e3: shutdown LeaderState
2019-07-14 06:52:48,313 INFO  impl.FollowerState (FollowerState.java:run(114)) - 9927f91e-bb8c-46e7-b6a9-486a9b631738: FollowerState was interrupted: java.lang.InterruptedException: sleep interrupted
2019-07-14 06:52:48,313 INFO  impl.RoleInfo (RoleInfo.java:updateAndGet(143)) - 9927f91e-bb8c-46e7-b6a9-486a9b631738: start FollowerState
2019-07-14 06:52:48,327 INFO  segmented.SegmentedRaftLogWorker (SegmentedRaftLogWorker.java:execute(569)) - dc6a36be-a5eb-47e6-9565-6495b74a01e3-SegmentedRaftLogWorker:Storage Directory /tmp/workdir/hadoop-ozone/integration-test/target/test-dir/MiniOzoneClusterImpl-05cecf30-6147-484e-ad5f-a3600576eef7/datanode-5/data/ratis/d45461fe-f4ba-4972-a5e6-b49a3cd331bd: created new log segment /tmp/workdir/hadoop-ozone/integration-test/target/test-dir/MiniOzoneClusterImpl-05cecf30-6147-484e-ad5f-a3600576eef7/datanode-5/data/ratis/d45461fe-f4ba-4972-a5e6-b49a3cd331bd/current/log_inprogress_0
2019-07-14 06:52:48,327 WARN  server.GrpcLogAppender (GrpcLogAppender.java:mayWait(143)) - GrpcLogAppender(dc6a36be-a5eb-47e6-9565-6495b74a01e3->9927f91e-bb8c-46e7-b6a9-486a9b631738): Wait interrupted by java.lang.InterruptedException
2019-07-14 06:52:48,326 INFO  impl.PendingRequests (PendingRequests.java:sendNotLeaderResponses(202)) - dc6a36be-a5eb-47e6-9565-6495b74a01e3-PendingRequests: sendNotLeaderResponses
2019-07-14 06:52:48,326 WARN  server.GrpcLogAppender (GrpcLogAppender.java:mayWait(143)) - GrpcLogAppender(dc6a36be-a5eb-47e6-9565-6495b74a01e3->80532c0e-1ea2-4258-8531-55a5eca450fa): Wait interrupted by java.lang.InterruptedException
2019-07-14 06:52:48,328 INFO  impl.RoleInfo (RoleInfo.java:updateAndGet(143)) - dc6a36be-a5eb-47e6-9565-6495b74a01e3: start FollowerState
2019-07-14 06:52:48,328 INFO  server.GrpcServerProtocolService (GrpcServerProtocolService.java:onCompleted(104)) - 80532c0e-1ea2-4258-8531-55a5eca450fa: appendEntries completed
2019-07-14 06:52:48,342 INFO  server.GrpcServerProtocolService (GrpcServerProtocolService.java:onCompleted(104)) - 9927f91e-bb8c-46e7-b6a9-486a9b631738: appendEntries completed
2019-07-14 06:52:48,342 INFO  server.GrpcLogAppender (GrpcLogAppender.java:onCompleted(292)) - dc6a36be-a5eb-47e6-9565-6495b74a01e3->80532c0e-1ea2-4258-8531-55a5eca450fa: follower responses appendEntries COMPLETED
2019-07-14 06:52:48,350 INFO  impl.FollowerInfo (FollowerInfo.java:lambda$new$0(50)) - dc6a36be-a5eb-47e6-9565-6495b74a01e3->80532c0e-1ea2-4258-8531-55a5eca450fa: nextIndex: updateUnconditionally 0 -> 0
2019-07-14 06:52:48,350 INFO  server.GrpcLogAppender (GrpcLogAppender.java:onCompleted(292)) - dc6a36be-a5eb-47e6-9565-6495b74a01e3->9927f91e-bb8c-46e7-b6a9-486a9b631738: follower responses appendEntries COMPLETED
2019-07-14 06:52:48,357 INFO  impl.FollowerInfo (FollowerInfo.java:lambda$new$0(50)) - dc6a36be-a5eb-47e6-9565-6495b74a01e3->9927f91e-bb8c-46e7-b6a9-486a9b631738: nextIndex: updateUnconditionally 0 -> 0
2019-07-14 06:52:48,529 INFO  client.GrpcClientProtocolClient (GrpcClientProtocolClient.java:onNext(255)) - client-5BF7AB04C68F->80532c0e-1ea2-4258-8531-55a5eca450fa: receive RaftClientReply:client-5BF7AB04C68F->80532c0e-1ea2-4258-8531-55a5eca450fa@group-B49A3CD331BD, cid=147, FAILED org.apache.ratis.protocol.NotLeaderException: Server 80532c0e-1ea2-4258-8531-55a5eca450fa is not the leader (null). Request must be sent to leader., logIndex=0, commits[80532c0e-1ea2-4258-8531-55a5eca450fa:c-1]
2019-07-14 06:52:49,566 INFO  client.GrpcClientProtocolClient (GrpcClientProtocolClient.java:onNext(255)) - client-5BF7AB04C68F->dc6a36be-a5eb-47e6-9565-6495b74a01e3: receive RaftClientReply:client-5BF7AB04C68F->dc6a36be-a5eb-47e6-9565-6495b74a01e3@group-B49A3CD331BD, cid=147, FAILED org.apache.ratis.protocol.NotLeaderException: Server dc6a36be-a5eb-47e6-9565-6495b74a01e3 is not the leader (null). Request must be sent to leader., logIndex=0, commits[dc6a36be-a5eb-47e6-9565-6495b74a01e3:c-1, 9927f91e-bb8c-46e7-b6a9-486a9b631738:c-1, 80532c0e-1ea2-4258-8531-55a5eca450fa:c-1]
2019-07-14 06:52:50,602 INFO  client.GrpcClientProtocolClient (GrpcClientProtocolClient.java:onNext(255)) - client-5BF7AB04C68F->80532c0e-1ea2-4258-8531-55a5eca450fa: receive RaftClientReply:client-5BF7AB04C68F->80532c0e-1ea2-4258-8531-55a5eca450fa@group-B49A3CD331BD, cid=147, FAILED org.apache.ratis.protocol.NotLeaderException: Server 80532c0e-1ea2-4258-8531-55a5eca450fa is not the leader (null). Request must be sent to leader., logIndex=0, commits[80532c0e-1ea2-4258-8531-55a5eca450fa:c-1]
2019-07-14 06:52:51,073 INFO  impl.FollowerState (FollowerState.java:run(106)) - 9bda9dad-fadd-43bb-a848-649d686737da:group-767F60FE3A80 changes to CANDIDATE, lastRpcTime:5065, electionTimeout:5065ms
2019-07-14 06:52:51,074 INFO  impl.RoleInfo (RoleInfo.java:shutdownFollowerState(121)) - 9bda9dad-fadd-43bb-a848-649d686737da: shutdown FollowerState
2019-07-14 06:52:51,074 INFO  impl.RaftServerImpl (RaftServerImpl.java:setRole(171)) - 9bda9dad-fadd-43bb-a848-649d686737da:group-767F60FE3A80 changes role from FOLLOWER to CANDIDATE at term 8 for changeToCandidate
2019-07-14 06:52:51,074 INFO  impl.RoleInfo (RoleInfo.java:updateAndGet(143)) - 9bda9dad-fadd-43bb-a848-649d686737da: start LeaderElection
2019-07-14 06:52:51,088 INFO  impl.LeaderElection (LeaderElection.java:askForVotes(181)) - 9bda9dad-fadd-43bb-a848-649d686737da:group-767F60FE3A80:LeaderElection72: begin an election at term 9 for 0: [ec8ecf58-59d7-498d-96c5-eba8c5551cd0:192.168.5.144:32783, d2125c14-bf5b-4a89-9656-01806452c152:192.168.5.144:36331, 9bda9dad-fadd-43bb-a848-649d686737da:192.168.5.144:44514], old=null
2019-07-14 06:52:51,089 INFO  impl.LeaderElection (LogUtils.java:infoOrTrace(149)) - 9bda9dad-fadd-43bb-a848-649d686737da:group-767F60FE3A80:LeaderElection72 got exception when requesting votes: {}
java.util.concurrent.ExecutionException: org.apache.ratis.thirdparty.io.grpc.StatusRuntimeException: UNAVAILABLE: io exception
	at java.util.concurrent.FutureTask.report(FutureTask.java:122)
	at java.util.concurrent.FutureTask.get(FutureTask.java:192)
	at org.apache.ratis.server.impl.LeaderElection.waitForResults(LeaderElection.java:262)
	at org.apache.ratis.server.impl.LeaderElection.askForVotes(LeaderElection.java:200)
	at org.apache.ratis.server.impl.LeaderElection.run(LeaderElection.java:130)
	at java.lang.Thread.run(Thread.java:748)
Caused by: org.apache.ratis.thirdparty.io.grpc.StatusRuntimeException: UNAVAILABLE: io exception
	at org.apache.ratis.thirdparty.io.grpc.stub.ClientCalls.toStatusRuntimeException(ClientCalls.java:233)
	at org.apache.ratis.thirdparty.io.grpc.stub.ClientCalls.getUnchecked(ClientCalls.java:214)
	at org.apache.ratis.thirdparty.io.grpc.stub.ClientCalls.blockingUnaryCall(ClientCalls.java:139)
	at org.apache.ratis.proto.grpc.RaftServerProtocolServiceGrpc$RaftServerProtocolServiceBlockingStub.requestVote(RaftServerProtocolServiceGrpc.java:265)
	at org.apache.ratis.grpc.server.GrpcServerProtocolClient.requestVote(GrpcServerProtocolClient.java:83)
	at org.apache.ratis.grpc.server.GrpcService.requestVote(GrpcService.java:195)
	at org.apache.ratis.server.impl.LeaderElection.lambda$submitRequests$1(LeaderElection.java:237)
	at java.util.concurrent.FutureTask.run(FutureTask.java:266)
	at java.util.concurrent.Executors$RunnableAdapter.call(Executors.java:511)
	at java.util.concurrent.FutureTask.run(FutureTask.java:266)
	at java.util.concurrent.ThreadPoolExecutor.runWorker(ThreadPoolExecutor.java:1149)
	at java.util.concurrent.ThreadPoolExecutor$Worker.run(ThreadPoolExecutor.java:624)
	... 1 more
Caused by: org.apache.ratis.thirdparty.io.netty.channel.AbstractChannel$AnnotatedConnectException: Connection refused: /192.168.5.144:32783
	at sun.nio.ch.SocketChannelImpl.checkConnect(Native Method)
	at sun.nio.ch.SocketChannelImpl.finishConnect(SocketChannelImpl.java:717)
	at org.apache.ratis.thirdparty.io.netty.channel.socket.nio.NioSocketChannel.doFinishConnect(NioSocketChannel.java:327)
	at org.apache.ratis.thirdparty.io.netty.channel.nio.AbstractNioChannel$AbstractNioUnsafe.finishConnect(AbstractNioChannel.java:340)
	at org.apache.ratis.thirdparty.io.netty.channel.nio.NioEventLoop.processSelectedKey(NioEventLoop.java:632)
	at org.apache.ratis.thirdparty.io.netty.channel.nio.NioEventLoop.processSelectedKeysOptimized(NioEventLoop.java:579)
	at org.apache.ratis.thirdparty.io.netty.channel.nio.NioEventLoop.processSelectedKeys(NioEventLoop.java:496)
	at org.apache.ratis.thirdparty.io.netty.channel.nio.NioEventLoop.run(NioEventLoop.java:458)
	at org.apache.ratis.thirdparty.io.netty.util.concurrent.SingleThreadEventExecutor$5.run(SingleThreadEventExecutor.java:897)
	at org.apache.ratis.thirdparty.io.netty.util.concurrent.FastThreadLocalRunnable.run(FastThreadLocalRunnable.java:30)
	... 1 more
Caused by: java.net.ConnectException: Connection refused
	... 11 more
2019-07-14 06:52:51,100 INFO  impl.LeaderElection (LogUtils.java:infoOrTrace(149)) - 9bda9dad-fadd-43bb-a848-649d686737da:group-767F60FE3A80:LeaderElection72 got exception when requesting votes: {}
java.util.concurrent.ExecutionException: org.apache.ratis.thirdparty.io.grpc.StatusRuntimeException: UNAVAILABLE: io exception
	at java.util.concurrent.FutureTask.report(FutureTask.java:122)
	at java.util.concurrent.FutureTask.get(FutureTask.java:192)
	at org.apache.ratis.server.impl.LeaderElection.waitForResults(LeaderElection.java:262)
	at org.apache.ratis.server.impl.LeaderElection.askForVotes(LeaderElection.java:200)
	at org.apache.ratis.server.impl.LeaderElection.run(LeaderElection.java:130)
	at java.lang.Thread.run(Thread.java:748)
Caused by: org.apache.ratis.thirdparty.io.grpc.StatusRuntimeException: UNAVAILABLE: io exception
	at org.apache.ratis.thirdparty.io.grpc.stub.ClientCalls.toStatusRuntimeException(ClientCalls.java:233)
	at org.apache.ratis.thirdparty.io.grpc.stub.ClientCalls.getUnchecked(ClientCalls.java:214)
	at org.apache.ratis.thirdparty.io.grpc.stub.ClientCalls.blockingUnaryCall(ClientCalls.java:139)
	at org.apache.ratis.proto.grpc.RaftServerProtocolServiceGrpc$RaftServerProtocolServiceBlockingStub.requestVote(RaftServerProtocolServiceGrpc.java:265)
	at org.apache.ratis.grpc.server.GrpcServerProtocolClient.requestVote(GrpcServerProtocolClient.java:83)
	at org.apache.ratis.grpc.server.GrpcService.requestVote(GrpcService.java:195)
	at org.apache.ratis.server.impl.LeaderElection.lambda$submitRequests$1(LeaderElection.java:237)
	at java.util.concurrent.FutureTask.run(FutureTask.java:266)
	at java.util.concurrent.Executors$RunnableAdapter.call(Executors.java:511)
	at java.util.concurrent.FutureTask.run(FutureTask.java:266)
	at java.util.concurrent.ThreadPoolExecutor.runWorker(ThreadPoolExecutor.java:1149)
	at java.util.concurrent.ThreadPoolExecutor$Worker.run(ThreadPoolExecutor.java:624)
	... 1 more
Caused by: org.apache.ratis.thirdparty.io.netty.channel.AbstractChannel$AnnotatedConnectException: Connection refused: /192.168.5.144:36331
	at sun.nio.ch.SocketChannelImpl.checkConnect(Native Method)
	at sun.nio.ch.SocketChannelImpl.finishConnect(SocketChannelImpl.java:717)
	at org.apache.ratis.thirdparty.io.netty.channel.socket.nio.NioSocketChannel.doFinishConnect(NioSocketChannel.java:327)
	at org.apache.ratis.thirdparty.io.netty.channel.nio.AbstractNioChannel$AbstractNioUnsafe.finishConnect(AbstractNioChannel.java:340)
	at org.apache.ratis.thirdparty.io.netty.channel.nio.NioEventLoop.processSelectedKey(NioEventLoop.java:632)
	at org.apache.ratis.thirdparty.io.netty.channel.nio.NioEventLoop.processSelectedKeysOptimized(NioEventLoop.java:579)
	at org.apache.ratis.thirdparty.io.netty.channel.nio.NioEventLoop.processSelectedKeys(NioEventLoop.java:496)
	at org.apache.ratis.thirdparty.io.netty.channel.nio.NioEventLoop.run(NioEventLoop.java:458)
	at org.apache.ratis.thirdparty.io.netty.util.concurrent.SingleThreadEventExecutor$5.run(SingleThreadEventExecutor.java:897)
	at org.apache.ratis.thirdparty.io.netty.util.concurrent.FastThreadLocalRunnable.run(FastThreadLocalRunnable.java:30)
	... 1 more
Caused by: java.net.ConnectException: Connection refused
	... 11 more
2019-07-14 06:52:51,107 INFO  impl.LeaderElection (LeaderElection.java:logAndReturn(56)) - 9bda9dad-fadd-43bb-a848-649d686737da:group-767F60FE3A80:LeaderElection72: Election REJECTED; received 0 response(s) [] and 2 exception(s); 9bda9dad-fadd-43bb-a848-649d686737da:t9, leader=null, voted=9bda9dad-fadd-43bb-a848-649d686737da, raftlog=9bda9dad-fadd-43bb-a848-649d686737da-SegmentedRaftLog:OPENED:c36,f36,i36, conf=0: [ec8ecf58-59d7-498d-96c5-eba8c5551cd0:192.168.5.144:32783, d2125c14-bf5b-4a89-9656-01806452c152:192.168.5.144:36331, 9bda9dad-fadd-43bb-a848-649d686737da:192.168.5.144:44514], old=null
2019-07-14 06:52:51,107 INFO  impl.LeaderElection (LogUtils.java:infoOrTrace(149)) -   Exception 0: {}
java.util.concurrent.ExecutionException: org.apache.ratis.thirdparty.io.grpc.StatusRuntimeException: UNAVAILABLE: io exception
	at java.util.concurrent.FutureTask.report(FutureTask.java:122)
	at java.util.concurrent.FutureTask.get(FutureTask.java:192)
	at org.apache.ratis.server.impl.LeaderElection.waitForResults(LeaderElection.java:262)
	at org.apache.ratis.server.impl.LeaderElection.askForVotes(LeaderElection.java:200)
	at org.apache.ratis.server.impl.LeaderElection.run(LeaderElection.java:130)
	at java.lang.Thread.run(Thread.java:748)
Caused by: org.apache.ratis.thirdparty.io.grpc.StatusRuntimeException: UNAVAILABLE: io exception
	at org.apache.ratis.thirdparty.io.grpc.stub.ClientCalls.toStatusRuntimeException(ClientCalls.java:233)
	at org.apache.ratis.thirdparty.io.grpc.stub.ClientCalls.getUnchecked(ClientCalls.java:214)
	at org.apache.ratis.thirdparty.io.grpc.stub.ClientCalls.blockingUnaryCall(ClientCalls.java:139)
	at org.apache.ratis.proto.grpc.RaftServerProtocolServiceGrpc$RaftServerProtocolServiceBlockingStub.requestVote(RaftServerProtocolServiceGrpc.java:265)
	at org.apache.ratis.grpc.server.GrpcServerProtocolClient.requestVote(GrpcServerProtocolClient.java:83)
	at org.apache.ratis.grpc.server.GrpcService.requestVote(GrpcService.java:195)
	at org.apache.ratis.server.impl.LeaderElection.lambda$submitRequests$1(LeaderElection.java:237)
	at java.util.concurrent.FutureTask.run(FutureTask.java:266)
	at java.util.concurrent.Executors$RunnableAdapter.call(Executors.java:511)
	at java.util.concurrent.FutureTask.run(FutureTask.java:266)
	at java.util.concurrent.ThreadPoolExecutor.runWorker(ThreadPoolExecutor.java:1149)
	at java.util.concurrent.ThreadPoolExecutor$Worker.run(ThreadPoolExecutor.java:624)
	... 1 more
Caused by: org.apache.ratis.thirdparty.io.netty.channel.AbstractChannel$AnnotatedConnectException: Connection refused: /192.168.5.144:32783
	at sun.nio.ch.SocketChannelImpl.checkConnect(Native Method)
	at sun.nio.ch.SocketChannelImpl.finishConnect(SocketChannelImpl.java:717)
	at org.apache.ratis.thirdparty.io.netty.channel.socket.nio.NioSocketChannel.doFinishConnect(NioSocketChannel.java:327)
	at org.apache.ratis.thirdparty.io.netty.channel.nio.AbstractNioChannel$AbstractNioUnsafe.finishConnect(AbstractNioChannel.java:340)
	at org.apache.ratis.thirdparty.io.netty.channel.nio.NioEventLoop.processSelectedKey(NioEventLoop.java:632)
	at org.apache.ratis.thirdparty.io.netty.channel.nio.NioEventLoop.processSelectedKeysOptimized(NioEventLoop.java:579)
	at org.apache.ratis.thirdparty.io.netty.channel.nio.NioEventLoop.processSelectedKeys(NioEventLoop.java:496)
	at org.apache.ratis.thirdparty.io.netty.channel.nio.NioEventLoop.run(NioEventLoop.java:458)
	at org.apache.ratis.thirdparty.io.netty.util.concurrent.SingleThreadEventExecutor$5.run(SingleThreadEventExecutor.java:897)
	at org.apache.ratis.thirdparty.io.netty.util.concurrent.FastThreadLocalRunnable.run(FastThreadLocalRunnable.java:30)
	... 1 more
Caused by: java.net.ConnectException: Connection refused
	... 11 more
2019-07-14 06:52:51,107 INFO  impl.LeaderElection (LogUtils.java:infoOrTrace(149)) -   Exception 1: {}
java.util.concurrent.ExecutionException: org.apache.ratis.thirdparty.io.grpc.StatusRuntimeException: UNAVAILABLE: io exception
	at java.util.concurrent.FutureTask.report(FutureTask.java:122)
	at java.util.concurrent.FutureTask.get(FutureTask.java:192)
	at org.apache.ratis.server.impl.LeaderElection.waitForResults(LeaderElection.java:262)
	at org.apache.ratis.server.impl.LeaderElection.askForVotes(LeaderElection.java:200)
	at org.apache.ratis.server.impl.LeaderElection.run(LeaderElection.java:130)
	at java.lang.Thread.run(Thread.java:748)
Caused by: org.apache.ratis.thirdparty.io.grpc.StatusRuntimeException: UNAVAILABLE: io exception
	at org.apache.ratis.thirdparty.io.grpc.stub.ClientCalls.toStatusRuntimeException(ClientCalls.java:233)
	at org.apache.ratis.thirdparty.io.grpc.stub.ClientCalls.getUnchecked(ClientCalls.java:214)
	at org.apache.ratis.thirdparty.io.grpc.stub.ClientCalls.blockingUnaryCall(ClientCalls.java:139)
	at org.apache.ratis.proto.grpc.RaftServerProtocolServiceGrpc$RaftServerProtocolServiceBlockingStub.requestVote(RaftServerProtocolServiceGrpc.java:265)
	at org.apache.ratis.grpc.server.GrpcServerProtocolClient.requestVote(GrpcServerProtocolClient.java:83)
	at org.apache.ratis.grpc.server.GrpcService.requestVote(GrpcService.java:195)
	at org.apache.ratis.server.impl.LeaderElection.lambda$submitRequests$1(LeaderElection.java:237)
	at java.util.concurrent.FutureTask.run(FutureTask.java:266)
	at java.util.concurrent.Executors$RunnableAdapter.call(Executors.java:511)
	at java.util.concurrent.FutureTask.run(FutureTask.java:266)
	at java.util.concurrent.ThreadPoolExecutor.runWorker(ThreadPoolExecutor.java:1149)
	at java.util.concurrent.ThreadPoolExecutor$Worker.run(ThreadPoolExecutor.java:624)
	... 1 more
Caused by: org.apache.ratis.thirdparty.io.netty.channel.AbstractChannel$AnnotatedConnectException: Connection refused: /192.168.5.144:36331
	at sun.nio.ch.SocketChannelImpl.checkConnect(Native Method)
	at sun.nio.ch.SocketChannelImpl.finishConnect(SocketChannelImpl.java:717)
	at org.apache.ratis.thirdparty.io.netty.channel.socket.nio.NioSocketChannel.doFinishConnect(NioSocketChannel.java:327)
	at org.apache.ratis.thirdparty.io.netty.channel.nio.AbstractNioChannel$AbstractNioUnsafe.finishConnect(AbstractNioChannel.java:340)
	at org.apache.ratis.thirdparty.io.netty.channel.nio.NioEventLoop.processSelectedKey(NioEventLoop.java:632)
	at org.apache.ratis.thirdparty.io.netty.channel.nio.NioEventLoop.processSelectedKeysOptimized(NioEventLoop.java:579)
	at org.apache.ratis.thirdparty.io.netty.channel.nio.NioEventLoop.processSelectedKeys(NioEventLoop.java:496)
	at org.apache.ratis.thirdparty.io.netty.channel.nio.NioEventLoop.run(NioEventLoop.java:458)
	at org.apache.ratis.thirdparty.io.netty.util.concurrent.SingleThreadEventExecutor$5.run(SingleThreadEventExecutor.java:897)
	at org.apache.ratis.thirdparty.io.netty.util.concurrent.FastThreadLocalRunnable.run(FastThreadLocalRunnable.java:30)
	... 1 more
Caused by: java.net.ConnectException: Connection refused
	... 11 more
2019-07-14 06:52:51,108 INFO  impl.RaftServerImpl (RaftServerImpl.java:setRole(171)) - 9bda9dad-fadd-43bb-a848-649d686737da:group-767F60FE3A80 changes role from CANDIDATE to FOLLOWER at term 9 for DISCOVERED_A_NEW_TERM
2019-07-14 06:52:51,108 INFO  impl.RoleInfo (RoleInfo.java:shutdownLeaderElection(134)) - 9bda9dad-fadd-43bb-a848-649d686737da: shutdown LeaderElection
2019-07-14 06:52:51,108 INFO  impl.RoleInfo (RoleInfo.java:updateAndGet(143)) - 9bda9dad-fadd-43bb-a848-649d686737da: start FollowerState
2019-07-14 06:52:51,639 INFO  client.GrpcClientProtocolClient (GrpcClientProtocolClient.java:onNext(255)) - client-5BF7AB04C68F->dc6a36be-a5eb-47e6-9565-6495b74a01e3: receive RaftClientReply:client-5BF7AB04C68F->dc6a36be-a5eb-47e6-9565-6495b74a01e3@group-B49A3CD331BD, cid=147, FAILED org.apache.ratis.protocol.NotLeaderException: Server dc6a36be-a5eb-47e6-9565-6495b74a01e3 is not the leader (null). Request must be sent to leader., logIndex=0, commits[dc6a36be-a5eb-47e6-9565-6495b74a01e3:c-1, 9927f91e-bb8c-46e7-b6a9-486a9b631738:c-1, 80532c0e-1ea2-4258-8531-55a5eca450fa:c-1]
2019-07-14 06:52:51,669 WARN  io.KeyOutputStream (KeyOutputStream.java:handleException(276)) - Encountered exception java.io.IOException: Unexpected Storage Container Exception: java.util.concurrent.CompletionException: java.util.concurrent.CompletionException: org.apache.ratis.protocol.RaftRetryFailureException: Failed RaftClientRequest:client-5BF7AB04C68F->dc6a36be-a5eb-47e6-9565-6495b74a01e3@group-B49A3CD331BD, cid=147, seq=1*, RW, org.apache.hadoop.hdds.scm.XceiverClientRatis$$Lambda$309/1480893137@7d57b680 for 5 attempts with RetryLimited(maxAttempts=5, sleepTime=1000ms) on the pipeline Pipeline[ Id: d45461fe-f4ba-4972-a5e6-b49a3cd331bd, Nodes: dc6a36be-a5eb-47e6-9565-6495b74a01e3{ip: 192.168.5.144, host: trunk-nightly-8c95p-1540871953, networkLocation: /default-rack, certSerialId: null}9927f91e-bb8c-46e7-b6a9-486a9b631738{ip: 192.168.5.144, host: trunk-nightly-8c95p-1540871953, networkLocation: /default-rack, certSerialId: null}80532c0e-1ea2-4258-8531-55a5eca450fa{ip: 192.168.5.144, host: trunk-nightly-8c95p-1540871953, networkLocation: /default-rack, certSerialId: null}, Type:RATIS, Factor:THREE, State:OPEN]. The last committed block length is 0, uncommitted data length is 1048576 retry count 0
2019-07-14 06:52:51,698 WARN  block.BlockManagerImpl (BlockManagerImpl.java:allocateBlock(192)) - Pipeline creation failed for type:RATIS factor:THREE. Retrying get pipelines call once.
org.apache.hadoop.hdds.scm.pipeline.InsufficientDatanodesException: Cannot create pipeline of factor 3 using 0 nodes.
	at org.apache.hadoop.hdds.scm.pipeline.RatisPipelineProvider.create(RatisPipelineProvider.java:151)
	at org.apache.hadoop.hdds.scm.pipeline.PipelineFactory.create(PipelineFactory.java:57)
	at org.apache.hadoop.hdds.scm.pipeline.SCMPipelineManager.createPipeline(SCMPipelineManager.java:149)
	at org.apache.hadoop.hdds.scm.block.BlockManagerImpl.allocateBlock(BlockManagerImpl.java:190)
	at org.apache.hadoop.hdds.scm.server.SCMBlockProtocolServer.allocateBlock(SCMBlockProtocolServer.java:175)
	at org.apache.hadoop.ozone.protocolPB.ScmBlockLocationProtocolServerSideTranslatorPB.allocateScmBlock(ScmBlockLocationProtocolServerSideTranslatorPB.java:153)
	at org.apache.hadoop.ozone.protocolPB.ScmBlockLocationProtocolServerSideTranslatorPB.send(ScmBlockLocationProtocolServerSideTranslatorPB.java:112)
	at org.apache.hadoop.hdds.protocol.proto.ScmBlockLocationProtocolProtos$ScmBlockLocationProtocolService$2.callBlockingMethod(ScmBlockLocationProtocolProtos.java:13157)
	at org.apache.hadoop.ipc.ProtobufRpcEngine$Server$ProtoBufRpcInvoker.call(ProtobufRpcEngine.java:524)
	at org.apache.hadoop.ipc.RPC$Server.call(RPC.java:1025)
	at org.apache.hadoop.ipc.Server$RpcCall.run(Server.java:876)
	at org.apache.hadoop.ipc.Server$RpcCall.run(Server.java:822)
	at java.security.AccessController.doPrivileged(Native Method)
	at javax.security.auth.Subject.doAs(Subject.java:422)
	at org.apache.hadoop.security.UserGroupInformation.doAs(UserGroupInformation.java:1730)
	at org.apache.hadoop.ipc.Server$Handler.run(Server.java:2682)
2019-07-14 06:52:51,709 INFO  block.BlockManagerImpl (BlockManagerImpl.java:allocateBlock(198)) - Could not find available pipeline of type:RATIS and factor:THREE even after retrying
2019-07-14 06:52:51,709 ERROR block.BlockManagerImpl (BlockManagerImpl.java:allocateBlock(222)) - Unable to allocate a block for the size: 4194304, type: RATIS, factor: THREE
06:52:51.710 [IPC Server handler 17 on 40466] ERROR OMAudit - user=jenkins1000 | ip=127.0.0.1 | op=ALLOCATE_BLOCK {volume=datanodefailurehandlingtest, bucket=datanodefailurehandlingtest, key=f4c2931e-a1eb-4998-91b5-3a06e8202fa8, dataSize=0, replicationType=null, replicationFactor=null, keyLocationInfo=null, clientID=102438480315613203} | ret=FAILURE
org.apache.hadoop.hdds.scm.exceptions.SCMException: Allocated 0 blocks. Requested 1 blocks
	at org.apache.hadoop.hdds.scm.protocolPB.ScmBlockLocationProtocolClientSideTranslatorPB.handleError(ScmBlockLocationProtocolClientSideTranslatorPB.java:118) ~[hadoop-hdds-common-0.5.0-SNAPSHOT.jar:?]
	at org.apache.hadoop.hdds.scm.protocolPB.ScmBlockLocationProtocolClientSideTranslatorPB.allocateBlock(ScmBlockLocationProtocolClientSideTranslatorPB.java:156) ~[hadoop-hdds-common-0.5.0-SNAPSHOT.jar:?]
	at sun.reflect.NativeMethodAccessorImpl.invoke0(Native Method) ~[?:1.8.0_212]
	at sun.reflect.NativeMethodAccessorImpl.invoke(NativeMethodAccessorImpl.java:62) ~[?:1.8.0_212]
	at sun.reflect.DelegatingMethodAccessorImpl.invoke(DelegatingMethodAccessorImpl.java:43) ~[?:1.8.0_212]
	at java.lang.reflect.Method.invoke(Method.java:498) ~[?:1.8.0_212]
	at org.apache.hadoop.hdds.tracing.TraceAllMethod.invoke(TraceAllMethod.java:66) ~[hadoop-hdds-common-0.5.0-SNAPSHOT.jar:?]
	at com.sun.proxy.$Proxy25.allocateBlock(Unknown Source) ~[?:?]
	at org.apache.hadoop.ozone.om.KeyManagerImpl.allocateBlock(KeyManagerImpl.java:355) ~[hadoop-ozone-ozone-manager-0.5.0-SNAPSHOT.jar:?]
	at org.apache.hadoop.ozone.om.KeyManagerImpl.allocateBlock(KeyManagerImpl.java:323) ~[hadoop-ozone-ozone-manager-0.5.0-SNAPSHOT.jar:?]
	at org.apache.hadoop.ozone.om.OzoneManager.allocateBlock(OzoneManager.java:2349) [hadoop-ozone-ozone-manager-0.5.0-SNAPSHOT.jar:?]
	at org.apache.hadoop.ozone.protocolPB.OzoneManagerRequestHandler.allocateBlock(OzoneManagerRequestHandler.java:754) [hadoop-ozone-ozone-manager-0.5.0-SNAPSHOT.jar:?]
	at org.apache.hadoop.ozone.protocolPB.OzoneManagerRequestHandler.handle(OzoneManagerRequestHandler.java:249) [hadoop-ozone-ozone-manager-0.5.0-SNAPSHOT.jar:?]
	at org.apache.hadoop.ozone.protocolPB.OzoneManagerProtocolServerSideTranslatorPB.submitRequestDirectlyToOM(OzoneManagerProtocolServerSideTranslatorPB.java:192) [hadoop-ozone-ozone-manager-0.5.0-SNAPSHOT.jar:?]
	at org.apache.hadoop.ozone.protocolPB.OzoneManagerProtocolServerSideTranslatorPB.submitRequest(OzoneManagerProtocolServerSideTranslatorPB.java:110) [hadoop-ozone-ozone-manager-0.5.0-SNAPSHOT.jar:?]
	at org.apache.hadoop.ozone.protocol.proto.OzoneManagerProtocolProtos$OzoneManagerService$2.callBlockingMethod(OzoneManagerProtocolProtos.java) [hadoop-ozone-common-0.5.0-SNAPSHOT.jar:?]
	at org.apache.hadoop.ipc.ProtobufRpcEngine$Server$ProtoBufRpcInvoker.call(ProtobufRpcEngine.java:524) [hadoop-common-3.2.0.jar:?]
	at org.apache.hadoop.ipc.RPC$Server.call(RPC.java:1025) [hadoop-common-3.2.0.jar:?]
	at org.apache.hadoop.ipc.Server$RpcCall.run(Server.java:876) [hadoop-common-3.2.0.jar:?]
	at org.apache.hadoop.ipc.Server$RpcCall.run(Server.java:822) [hadoop-common-3.2.0.jar:?]
	at java.security.AccessController.doPrivileged(Native Method) [?:1.8.0_212]
	at javax.security.auth.Subject.doAs(Subject.java:422) [?:1.8.0_212]
	at org.apache.hadoop.security.UserGroupInformation.doAs(UserGroupInformation.java:1730) [hadoop-common-3.2.0.jar:?]
	at org.apache.hadoop.ipc.Server$Handler.run(Server.java:2682) [hadoop-common-3.2.0.jar:?]
2019-07-14 06:52:51,712 ERROR io.BlockOutputStreamEntryPool (BlockOutputStreamEntryPool.java:allocateBlockIfNeeded(299)) - Try to allocate more blocks for write failed, already allocated 0 blocks for this write.
INTERNAL_ERROR org.apache.hadoop.ozone.om.exceptions.OMException: Allocated 0 blocks. Requested 1 blocks
	at org.apache.hadoop.ozone.om.protocolPB.OzoneManagerProtocolClientSideTranslatorPB.handleError(OzoneManagerProtocolClientSideTranslatorPB.java:720)
	at org.apache.hadoop.ozone.om.protocolPB.OzoneManagerProtocolClientSideTranslatorPB.allocateBlock(OzoneManagerProtocolClientSideTranslatorPB.java:752)
	at org.apache.hadoop.ozone.client.io.BlockOutputStreamEntryPool.allocateNewBlock(BlockOutputStreamEntryPool.java:248)
	at org.apache.hadoop.ozone.client.io.BlockOutputStreamEntryPool.allocateBlockIfNeeded(BlockOutputStreamEntryPool.java:296)
	at org.apache.hadoop.ozone.client.io.KeyOutputStream.handleWrite(KeyOutputStream.java:201)
	at org.apache.hadoop.ozone.client.io.KeyOutputStream.handleRetry(KeyOutputStream.java:376)
	at org.apache.hadoop.ozone.client.io.KeyOutputStream.handleException(KeyOutputStream.java:325)
	at org.apache.hadoop.ozone.client.io.KeyOutputStream.handleFlushOrClose(KeyOutputStream.java:448)
	at org.apache.hadoop.ozone.client.io.KeyOutputStream.flush(KeyOutputStream.java:396)
	at org.apache.hadoop.ozone.client.io.OzoneOutputStream.flush(OzoneOutputStream.java:54)
	at org.apache.hadoop.ozone.client.rpc.TestFailureHandlingByClient.testDatanodeExclusionWithMajorityCommit(TestFailureHandlingByClient.java:381)
	at sun.reflect.NativeMethodAccessorImpl.invoke0(Native Method)
	at sun.reflect.NativeMethodAccessorImpl.invoke(NativeMethodAccessorImpl.java:62)
	at sun.reflect.DelegatingMethodAccessorImpl.invoke(DelegatingMethodAccessorImpl.java:43)
	at java.lang.reflect.Method.invoke(Method.java:498)
	at org.junit.runners.model.FrameworkMethod$1.runReflectiveCall(FrameworkMethod.java:47)
	at org.junit.internal.runners.model.ReflectiveCallable.run(ReflectiveCallable.java:12)
	at org.junit.runners.model.FrameworkMethod.invokeExplosively(FrameworkMethod.java:44)
	at org.junit.internal.runners.statements.InvokeMethod.evaluate(InvokeMethod.java:17)
	at org.junit.runners.ParentRunner.runLeaf(ParentRunner.java:271)
	at org.junit.runners.BlockJUnit4ClassRunner.runChild(BlockJUnit4ClassRunner.java:70)
	at org.junit.runners.BlockJUnit4ClassRunner.runChild(BlockJUnit4ClassRunner.java:50)
	at org.junit.runners.ParentRunner$3.run(ParentRunner.java:238)
	at org.junit.runners.ParentRunner$1.schedule(ParentRunner.java:63)
	at org.junit.runners.ParentRunner.runChildren(ParentRunner.java:236)
	at org.junit.runners.ParentRunner.access$000(ParentRunner.java:53)
	at org.junit.runners.ParentRunner$2.evaluate(ParentRunner.java:229)
	at org.junit.runners.ParentRunner.run(ParentRunner.java:309)
	at org.apache.maven.surefire.junit4.JUnit4Provider.execute(JUnit4Provider.java:365)
	at org.apache.maven.surefire.junit4.JUnit4Provider.executeWithRerun(JUnit4Provider.java:273)
	at org.apache.maven.surefire.junit4.JUnit4Provider.executeTestSet(JUnit4Provider.java:238)
	at org.apache.maven.surefire.junit4.JUnit4Provider.invoke(JUnit4Provider.java:159)
	at org.apache.maven.surefire.booter.ForkedBooter.invokeProviderInSameClassLoader(ForkedBooter.java:384)
	at org.apache.maven.surefire.booter.ForkedBooter.runSuitesInProcess(ForkedBooter.java:345)
	at org.apache.maven.surefire.booter.ForkedBooter.execute(ForkedBooter.java:126)
	at org.apache.maven.surefire.booter.ForkedBooter.main(ForkedBooter.java:418)
]]></system-out>
    <system-err><![CDATA[Jul 14, 2019 6:52:37 AM com.sun.jersey.server.impl.application.WebApplicationImpl _initiate
INFO: Initiating Jersey application, version 'Jersey: 1.19 02/11/2015 03:25 AM'
Jul 14, 2019 6:52:37 AM com.sun.jersey.server.impl.application.WebApplicationImpl _initiate
INFO: Initiating Jersey application, version 'Jersey: 1.19 02/11/2015 03:25 AM'
Jul 14, 2019 6:52:37 AM com.sun.jersey.server.impl.application.WebApplicationImpl _initiate
INFO: Initiating Jersey application, version 'Jersey: 1.19 02/11/2015 03:25 AM'
Jul 14, 2019 6:52:38 AM com.sun.jersey.server.impl.application.WebApplicationImpl _initiate
INFO: Initiating Jersey application, version 'Jersey: 1.19 02/11/2015 03:25 AM'
Jul 14, 2019 6:52:38 AM com.sun.jersey.server.impl.application.WebApplicationImpl _initiate
INFO: Initiating Jersey application, version 'Jersey: 1.19 02/11/2015 03:25 AM'
Jul 14, 2019 6:52:38 AM com.sun.jersey.server.impl.application.WebApplicationImpl _initiate
INFO: Initiating Jersey application, version 'Jersey: 1.19 02/11/2015 03:25 AM'
Jul 14, 2019 6:52:41 AM org.apache.ratis.thirdparty.io.grpc.internal.ManagedChannelOrphanWrapper$ManagedChannelReference cleanQueue
SEVERE: *~*~*~ Channel ManagedChannelImpl{logId=856, target=192.168.5.144:39240} was not shutdown properly!!! ~*~*~*
    Make sure to call shutdown()/shutdownNow() and wait until awaitTermination() returns true.
java.lang.RuntimeException: ManagedChannel allocation site
	at org.apache.ratis.thirdparty.io.grpc.internal.ManagedChannelOrphanWrapper$ManagedChannelReference.<init>(ManagedChannelOrphanWrapper.java:103)
	at org.apache.ratis.thirdparty.io.grpc.internal.ManagedChannelOrphanWrapper.<init>(ManagedChannelOrphanWrapper.java:53)
	at org.apache.ratis.thirdparty.io.grpc.internal.ManagedChannelOrphanWrapper.<init>(ManagedChannelOrphanWrapper.java:44)
	at org.apache.ratis.thirdparty.io.grpc.internal.AbstractManagedChannelImplBuilder.build(AbstractManagedChannelImplBuilder.java:411)
	at org.apache.ratis.grpc.client.GrpcClientProtocolClient.<init>(GrpcClientProtocolClient.java:119)
	at org.apache.ratis.grpc.client.GrpcClientRpc.lambda$new$0(GrpcClientRpc.java:55)
	at org.apache.ratis.util.PeerProxyMap$PeerAndProxy.lambda$getProxy$0(PeerProxyMap.java:61)
	at org.apache.ratis.util.LifeCycle.startAndTransition(LifeCycle.java:202)
	at org.apache.ratis.util.PeerProxyMap$PeerAndProxy.getProxy(PeerProxyMap.java:60)
	at org.apache.ratis.util.PeerProxyMap.getProxy(PeerProxyMap.java:107)
	at org.apache.ratis.grpc.client.GrpcClientRpc.sendRequestAsync(GrpcClientRpc.java:66)
	at org.apache.ratis.client.impl.OrderedAsync.sendRequest(OrderedAsync.java:208)
	at org.apache.ratis.client.impl.OrderedAsync.sendRequestWithRetry(OrderedAsync.java:169)
	at org.apache.ratis.util.SlidingWindow$Client.sendOrDelayRequest(SlidingWindow.java:278)
	at org.apache.ratis.util.SlidingWindow$Client.retry(SlidingWindow.java:294)
	at org.apache.ratis.client.impl.OrderedAsync.lambda$scheduleWithTimeout$7(OrderedAsync.java:195)
	at org.apache.ratis.util.TimeoutScheduler.lambda$onTimeout$0(TimeoutScheduler.java:85)
	at org.apache.ratis.util.TimeoutScheduler.lambda$onTimeout$1(TimeoutScheduler.java:104)
	at org.apache.ratis.util.LogUtils.runAndLog(LogUtils.java:50)
	at org.apache.ratis.util.LogUtils$1.run(LogUtils.java:91)
	at java.util.concurrent.Executors$RunnableAdapter.call(Executors.java:511)
	at java.util.concurrent.FutureTask.run(FutureTask.java:266)
	at java.util.concurrent.ScheduledThreadPoolExecutor$ScheduledFutureTask.access$201(ScheduledThreadPoolExecutor.java:180)
	at java.util.concurrent.ScheduledThreadPoolExecutor$ScheduledFutureTask.run(ScheduledThreadPoolExecutor.java:293)
	at java.util.concurrent.ThreadPoolExecutor.runWorker(ThreadPoolExecutor.java:1149)
	at java.util.concurrent.ThreadPoolExecutor$Worker.run(ThreadPoolExecutor.java:624)
	at java.lang.Thread.run(Thread.java:748)

]]></system-err>
  </testcase>
  <testcase name="testMultiBlockWritesWithDnFailures" classname="org.apache.hadoop.ozone.client.rpc.TestFailureHandlingByClient" time="23.785">
    <error type="java.lang.IllegalArgumentException">java.lang.IllegalArgumentException
	at com.google.common.base.Preconditions.checkArgument(Preconditions.java:72)
	at org.apache.hadoop.hdds.scm.XceiverClientManager.acquireClient(XceiverClientManager.java:150)
	at org.apache.hadoop.hdds.scm.XceiverClientManager.acquireClientForReadData(XceiverClientManager.java:143)
	at org.apache.hadoop.hdds.scm.storage.BlockInputStream.getChunkInfos(BlockInputStream.java:154)
	at org.apache.hadoop.hdds.scm.storage.BlockInputStream.initialize(BlockInputStream.java:118)
	at org.apache.hadoop.hdds.scm.storage.BlockInputStream.read(BlockInputStream.java:222)
	at org.apache.hadoop.ozone.client.io.KeyInputStream.read(KeyInputStream.java:171)
	at org.apache.hadoop.ozone.client.io.OzoneInputStream.read(OzoneInputStream.java:47)
	at java.io.InputStream.read(InputStream.java:101)
	at org.apache.hadoop.ozone.container.ContainerTestHelper.validateData(ContainerTestHelper.java:709)
	at org.apache.hadoop.ozone.client.rpc.TestFailureHandlingByClient.validateData(TestFailureHandlingByClient.java:497)
	at org.apache.hadoop.ozone.client.rpc.TestFailureHandlingByClient.testMultiBlockWritesWithDnFailures(TestFailureHandlingByClient.java:198)
	at sun.reflect.NativeMethodAccessorImpl.invoke0(Native Method)
	at sun.reflect.NativeMethodAccessorImpl.invoke(NativeMethodAccessorImpl.java:62)
	at sun.reflect.DelegatingMethodAccessorImpl.invoke(DelegatingMethodAccessorImpl.java:43)
	at java.lang.reflect.Method.invoke(Method.java:498)
	at org.junit.runners.model.FrameworkMethod$1.runReflectiveCall(FrameworkMethod.java:47)
	at org.junit.internal.runners.model.ReflectiveCallable.run(ReflectiveCallable.java:12)
	at org.junit.runners.model.FrameworkMethod.invokeExplosively(FrameworkMethod.java:44)
	at org.junit.internal.runners.statements.InvokeMethod.evaluate(InvokeMethod.java:17)
	at org.junit.runners.ParentRunner.runLeaf(ParentRunner.java:271)
	at org.junit.runners.BlockJUnit4ClassRunner.runChild(BlockJUnit4ClassRunner.java:70)
	at org.junit.runners.BlockJUnit4ClassRunner.runChild(BlockJUnit4ClassRunner.java:50)
	at org.junit.runners.ParentRunner$3.run(ParentRunner.java:238)
	at org.junit.runners.ParentRunner$1.schedule(ParentRunner.java:63)
	at org.junit.runners.ParentRunner.runChildren(ParentRunner.java:236)
	at org.junit.runners.ParentRunner.access$000(ParentRunner.java:53)
	at org.junit.runners.ParentRunner$2.evaluate(ParentRunner.java:229)
	at org.junit.runners.ParentRunner.run(ParentRunner.java:309)
	at org.apache.maven.surefire.junit4.JUnit4Provider.execute(JUnit4Provider.java:365)
	at org.apache.maven.surefire.junit4.JUnit4Provider.executeWithRerun(JUnit4Provider.java:273)
	at org.apache.maven.surefire.junit4.JUnit4Provider.executeTestSet(JUnit4Provider.java:238)
	at org.apache.maven.surefire.junit4.JUnit4Provider.invoke(JUnit4Provider.java:159)
	at org.apache.maven.surefire.booter.ForkedBooter.invokeProviderInSameClassLoader(ForkedBooter.java:384)
	at org.apache.maven.surefire.booter.ForkedBooter.runSuitesInProcess(ForkedBooter.java:345)
	at org.apache.maven.surefire.booter.ForkedBooter.execute(ForkedBooter.java:126)
	at org.apache.maven.surefire.booter.ForkedBooter.main(ForkedBooter.java:418)
</error>
    <system-out><![CDATA[2019-07-14 06:52:51,731 WARN  server.ServerUtils (ServerUtils.java:getScmDbDir(145)) - ozone.scm.db.dirs is not configured. We recommend adding this setting. Falling back to ozone.metadata.dirs instead.
2019-07-14 06:52:51,738 WARN  server.ServerUtils (ServerUtils.java:getScmDbDir(145)) - ozone.scm.db.dirs is not configured. We recommend adding this setting. Falling back to ozone.metadata.dirs instead.
2019-07-14 06:52:51,738 WARN  server.ServerUtils (ServerUtils.java:getScmDbDir(145)) - ozone.scm.db.dirs is not configured. We recommend adding this setting. Falling back to ozone.metadata.dirs instead.
2019-07-14 06:52:51,739 INFO  db.DBStoreBuilder (DBStoreBuilder.java:addTable(110)) - using custom profile for table: deletedBlocks
2019-07-14 06:52:51,739 INFO  db.DBStoreBuilder (DBStoreBuilder.java:processTables(161)) - Using default column profile:DBProfile.DISK for Table:deletedBlocks
2019-07-14 06:52:51,739 INFO  db.DBStoreBuilder (DBStoreBuilder.java:addTable(110)) - using custom profile for table: validCerts
2019-07-14 06:52:51,739 INFO  db.DBStoreBuilder (DBStoreBuilder.java:processTables(161)) - Using default column profile:DBProfile.DISK for Table:validCerts
2019-07-14 06:52:51,740 INFO  db.DBStoreBuilder (DBStoreBuilder.java:addTable(110)) - using custom profile for table: revokedCerts
2019-07-14 06:52:51,740 INFO  db.DBStoreBuilder (DBStoreBuilder.java:processTables(161)) - Using default column profile:DBProfile.DISK for Table:revokedCerts
2019-07-14 06:52:51,740 INFO  db.DBStoreBuilder (DBStoreBuilder.java:addTable(110)) - using custom profile for table: default
2019-07-14 06:52:51,740 INFO  db.DBStoreBuilder (DBStoreBuilder.java:processTables(167)) - Using default column profile:DBProfile.DISK for Table:default
2019-07-14 06:52:51,741 INFO  db.DBStoreBuilder (DBStoreBuilder.java:getDbProfile(198)) - Using default options. DBProfile.DISK
2019-07-14 06:52:51,835 INFO  net.NodeSchemaLoader (NodeSchemaLoader.java:loadSchemaFromFile(125)) - Loading file from sun.misc.CompoundEnumeration@2258228f
2019-07-14 06:52:51,836 INFO  net.NodeSchemaLoader (NodeSchemaLoader.java:loadSchema(171)) - Loading network topology layer schema file
2019-07-14 06:52:51,842 INFO  node.SCMNodeManager (SCMNodeManager.java:<init>(119)) - Entering startup safe mode.
2019-07-14 06:52:51,843 WARN  server.ServerUtils (ServerUtils.java:getScmDbDir(145)) - ozone.scm.db.dirs is not configured. We recommend adding this setting. Falling back to ozone.metadata.dirs instead.
2019-07-14 06:52:51,874 INFO  pipeline.SCMPipelineManager (SCMPipelineManager.java:initializePipelineState(126)) - No pipeline exists in current db
2019-07-14 06:52:51,875 WARN  server.ServerUtils (ServerUtils.java:getScmDbDir(145)) - ozone.scm.db.dirs is not configured. We recommend adding this setting. Falling back to ozone.metadata.dirs instead.
2019-07-14 06:52:51,908 WARN  events.EventQueue (EventQueue.java:fireEvent(175)) - No event handler registered for event TypedEvent{payloadType=SafeModeStatus, name='SafeModeStatus'}
2019-07-14 06:52:51,909 INFO  ipc.CallQueueManager (CallQueueManager.java:<init>(84)) - Using callQueue: class java.util.concurrent.LinkedBlockingQueue, queueCapacity: 2000, scheduler: class org.apache.hadoop.ipc.DefaultRpcScheduler, ipcBackoff: false.
2019-07-14 06:52:51,911 INFO  ipc.Server (Server.java:run(1074)) - Starting Socket Reader #1 for port 42952
2019-07-14 06:52:51,924 INFO  ipc.CallQueueManager (CallQueueManager.java:<init>(84)) - Using callQueue: class java.util.concurrent.LinkedBlockingQueue, queueCapacity: 2000, scheduler: class org.apache.hadoop.ipc.DefaultRpcScheduler, ipcBackoff: false.
2019-07-14 06:52:51,925 INFO  ipc.Server (Server.java:run(1074)) - Starting Socket Reader #1 for port 45881
2019-07-14 06:52:51,935 INFO  ipc.CallQueueManager (CallQueueManager.java:<init>(84)) - Using callQueue: class java.util.concurrent.LinkedBlockingQueue, queueCapacity: 2000, scheduler: class org.apache.hadoop.ipc.DefaultRpcScheduler, ipcBackoff: false.
2019-07-14 06:52:51,936 INFO  ipc.Server (Server.java:run(1074)) - Starting Socket Reader #1 for port 37737
2019-07-14 06:52:51,948 INFO  hdfs.DFSUtil (DFSUtil.java:httpServerTemplateForNNAndJN(1641)) - Starting Web-server for scm at: http://0.0.0.0:0
2019-07-14 06:52:51,951 INFO  server.AuthenticationFilter (AuthenticationFilter.java:constructSecretProvider(240)) - Unable to initialize FileSignerSecretProvider, falling back to use random secrets.
2019-07-14 06:52:51,952 WARN  http.HttpRequestLog (HttpRequestLog.java:getRequestLog(97)) - Jetty request log can only be enabled using Log4j
2019-07-14 06:52:51,954 INFO  http.HttpServer2 (HttpServer2.java:addGlobalFilter(975)) - Added global filter 'safety' (class=org.apache.hadoop.http.HttpServer2$QuotingInputFilter)
2019-07-14 06:52:51,955 INFO  http.HttpServer2 (HttpServer2.java:addFilter(948)) - Added filter static_user_filter (class=org.apache.hadoop.http.lib.StaticUserWebFilter$StaticUserFilter) to context scm
2019-07-14 06:52:51,955 INFO  http.HttpServer2 (HttpServer2.java:addFilter(958)) - Added filter static_user_filter (class=org.apache.hadoop.http.lib.StaticUserWebFilter$StaticUserFilter) to context logs
2019-07-14 06:52:51,955 INFO  http.HttpServer2 (HttpServer2.java:addFilter(958)) - Added filter static_user_filter (class=org.apache.hadoop.http.lib.StaticUserWebFilter$StaticUserFilter) to context static
2019-07-14 06:52:51,960 INFO  server.StorageContainerManager (StorageContainerManager.java:start(759)) - StorageContainerLocationProtocol RPC server is listening at /0.0.0.0:37737
2019-07-14 06:52:51,960 INFO  impl.MetricsSystemImpl (MetricsSystemImpl.java:init(158)) - StorageContainerManager metrics system started (again)
2019-07-14 06:52:51,960 INFO  server.SCMClientProtocolServer (SCMClientProtocolServer.java:start(149)) - RPC server for Client  is listening at /0.0.0.0:37737
2019-07-14 06:52:51,961 INFO  ipc.Server (Server.java:run(1314)) - IPC Server Responder: starting
2019-07-14 06:52:51,961 INFO  ipc.Server (Server.java:run(1153)) - IPC Server listener on 37737: starting
2019-07-14 06:52:51,988 INFO  server.StorageContainerManager (StorageContainerManager.java:start(768)) - ScmBlockLocationProtocol RPC server is listening at /0.0.0.0:45881
2019-07-14 06:52:51,988 INFO  server.SCMBlockProtocolServer (SCMBlockProtocolServer.java:start(140)) - RPC server for Block Protocol is listening at /0.0.0.0:45881
2019-07-14 06:52:51,988 INFO  ipc.Server (Server.java:run(1314)) - IPC Server Responder: starting
2019-07-14 06:52:51,995 INFO  ipc.Server (Server.java:run(1153)) - IPC Server listener on 45881: starting
2019-07-14 06:52:52,014 INFO  server.StorageContainerManager (StorageContainerManager.java:start(772)) - ScmDatanodeProtocl RPC server is listening at /0.0.0.0:42952
2019-07-14 06:52:52,014 INFO  server.SCMDatanodeProtocolServer (SCMDatanodeProtocolServer.java:start(191)) - RPC server for DataNodes is listening at /0.0.0.0:42952
2019-07-14 06:52:52,015 INFO  ipc.Server (Server.java:run(1314)) - IPC Server Responder: starting
2019-07-14 06:52:52,015 INFO  ipc.Server (Server.java:run(1153)) - IPC Server listener on 42952: starting
2019-07-14 06:52:52,033 INFO  http.HttpServer2 (HttpServer2.java:bindListener(1191)) - Jetty bound to port 38299
2019-07-14 06:52:52,033 INFO  server.Server (Server.java:doStart(351)) - jetty-9.3.24.v20180605, build timestamp: 2018-06-05T17:11:56Z, git hash: 84205aa28f11a4f31f2a3b86d1bba2cc8ab69827
2019-07-14 06:52:52,036 INFO  handler.ContextHandler (ContextHandler.java:doStart(781)) - Started o.e.j.s.ServletContextHandler@5078e308{/logs,file:///tmp/workdir/hadoop-ozone/integration-test/target/log,AVAILABLE}
2019-07-14 06:52:52,037 INFO  handler.ContextHandler (ContextHandler.java:doStart(781)) - Started o.e.j.s.ServletContextHandler@672710d5{/static,file:///tmp/workdir/hadoop-ozone/integration-test/target/test-classes/webapps/static,AVAILABLE}
2019-07-14 06:52:52,044 INFO  handler.ContextHandler (ContextHandler.java:doStart(781)) - Started o.e.j.w.WebAppContext@34c3e307{/,file:///tmp/workdir/hadoop-ozone/integration-test/target/test-classes/webapps/scm/,AVAILABLE}{/scm}
2019-07-14 06:52:52,045 INFO  server.AbstractConnector (AbstractConnector.java:doStart(278)) - Started ServerConnector@3d1703f8{HTTP/1.1,[http/1.1]}{0.0.0.0:38299}
2019-07-14 06:52:52,051 INFO  server.Server (Server.java:doStart(419)) - Started @243337ms
2019-07-14 06:52:52,053 INFO  server.BaseHttpServer (BaseHttpServer.java:updateConnectorAddress(207)) - HTTP server of SCM is listening at http://0.0.0.0:38299
2019-07-14 06:52:52,053 WARN  server.ServerUtils (ServerUtils.java:getDBPath(222)) - ozone.om.db.dirs is not configured. We recommend adding this setting. Falling back to ozone.metadata.dirs instead.
2019-07-14 06:52:52,059 INFO  util.JvmPauseMonitor (JvmPauseMonitor.java:run(188)) - Starting JVM pause monitor
2019-07-14 06:52:52,064 WARN  server.ServerUtils (ServerUtils.java:getDBPath(222)) - ozone.om.db.dirs is not configured. We recommend adding this setting. Falling back to ozone.metadata.dirs instead.
2019-07-14 06:52:52,064 INFO  om.OzoneManager (OzoneManager.java:setOMNodeDetails(630)) - OM Service ID is not set. Setting it to the default ID: omServiceIdDefault
2019-07-14 06:52:52,064 INFO  om.OzoneManager (OzoneManager.java:setOMNodeDetails(636)) - OM Node ID is not set. Setting it to the OmStorage's OmID: 1ec7d324-bb15-4da4-9ed9-9114a151d2d3
2019-07-14 06:52:52,064 INFO  om.OzoneManager (OzoneManager.java:loadOMHAConfigs(587)) - Found matching OM address with OMServiceId: null, OMNodeId: null, RPC Address: localhost:0 and Ratis port: 9872
2019-07-14 06:52:52,085 WARN  server.ServerUtils (ServerUtils.java:getDBPath(222)) - ozone.om.db.dirs is not configured. We recommend adding this setting. Falling back to ozone.metadata.dirs instead.
2019-07-14 06:52:52,085 INFO  db.DBStoreBuilder (DBStoreBuilder.java:addTable(110)) - using custom profile for table: userTable
2019-07-14 06:52:52,085 INFO  db.DBStoreBuilder (DBStoreBuilder.java:processTables(161)) - Using default column profile:DBProfile.DISK for Table:userTable
2019-07-14 06:52:52,085 INFO  db.DBStoreBuilder (DBStoreBuilder.java:addTable(110)) - using custom profile for table: volumeTable
2019-07-14 06:52:52,086 INFO  db.DBStoreBuilder (DBStoreBuilder.java:processTables(161)) - Using default column profile:DBProfile.DISK for Table:volumeTable
2019-07-14 06:52:52,086 INFO  db.DBStoreBuilder (DBStoreBuilder.java:addTable(110)) - using custom profile for table: bucketTable
2019-07-14 06:52:52,086 INFO  db.DBStoreBuilder (DBStoreBuilder.java:processTables(161)) - Using default column profile:DBProfile.DISK for Table:bucketTable
2019-07-14 06:52:52,086 INFO  db.DBStoreBuilder (DBStoreBuilder.java:addTable(110)) - using custom profile for table: keyTable
2019-07-14 06:52:52,086 INFO  db.DBStoreBuilder (DBStoreBuilder.java:processTables(161)) - Using default column profile:DBProfile.DISK for Table:keyTable
2019-07-14 06:52:52,086 INFO  db.DBStoreBuilder (DBStoreBuilder.java:addTable(110)) - using custom profile for table: deletedTable
2019-07-14 06:52:52,086 INFO  db.DBStoreBuilder (DBStoreBuilder.java:processTables(161)) - Using default column profile:DBProfile.DISK for Table:deletedTable
2019-07-14 06:52:52,087 INFO  db.DBStoreBuilder (DBStoreBuilder.java:addTable(110)) - using custom profile for table: openKeyTable
2019-07-14 06:52:52,087 INFO  db.DBStoreBuilder (DBStoreBuilder.java:processTables(161)) - Using default column profile:DBProfile.DISK for Table:openKeyTable
2019-07-14 06:52:52,087 INFO  db.DBStoreBuilder (DBStoreBuilder.java:addTable(110)) - using custom profile for table: s3Table
2019-07-14 06:52:52,087 INFO  db.DBStoreBuilder (DBStoreBuilder.java:processTables(161)) - Using default column profile:DBProfile.DISK for Table:s3Table
2019-07-14 06:52:52,087 INFO  db.DBStoreBuilder (DBStoreBuilder.java:addTable(110)) - using custom profile for table: multipartInfoTable
2019-07-14 06:52:52,087 INFO  db.DBStoreBuilder (DBStoreBuilder.java:processTables(161)) - Using default column profile:DBProfile.DISK for Table:multipartInfoTable
2019-07-14 06:52:52,087 INFO  db.DBStoreBuilder (DBStoreBuilder.java:addTable(110)) - using custom profile for table: dTokenTable
2019-07-14 06:52:52,088 INFO  db.DBStoreBuilder (DBStoreBuilder.java:processTables(161)) - Using default column profile:DBProfile.DISK for Table:dTokenTable
2019-07-14 06:52:52,088 INFO  db.DBStoreBuilder (DBStoreBuilder.java:addTable(110)) - using custom profile for table: s3SecretTable
2019-07-14 06:52:52,088 INFO  db.DBStoreBuilder (DBStoreBuilder.java:processTables(161)) - Using default column profile:DBProfile.DISK for Table:s3SecretTable
2019-07-14 06:52:52,088 INFO  db.DBStoreBuilder (DBStoreBuilder.java:addTable(110)) - using custom profile for table: prefixTable
2019-07-14 06:52:52,088 INFO  db.DBStoreBuilder (DBStoreBuilder.java:processTables(161)) - Using default column profile:DBProfile.DISK for Table:prefixTable
2019-07-14 06:52:52,088 INFO  db.DBStoreBuilder (DBStoreBuilder.java:addTable(110)) - using custom profile for table: default
2019-07-14 06:52:52,088 INFO  db.DBStoreBuilder (DBStoreBuilder.java:processTables(167)) - Using default column profile:DBProfile.DISK for Table:default
2019-07-14 06:52:52,089 INFO  db.DBStoreBuilder (DBStoreBuilder.java:getDbProfile(198)) - Using default options. DBProfile.DISK
2019-07-14 06:52:52,395 INFO  ipc.CallQueueManager (CallQueueManager.java:<init>(84)) - Using callQueue: class java.util.concurrent.LinkedBlockingQueue, queueCapacity: 2000, scheduler: class org.apache.hadoop.ipc.DefaultRpcScheduler, ipcBackoff: false.
2019-07-14 06:52:52,396 INFO  ipc.Server (Server.java:run(1074)) - Starting Socket Reader #1 for port 40435
2019-07-14 06:52:52,427 WARN  server.ServerUtils (ServerUtils.java:getDBPath(222)) - ozone.om.db.dirs is not configured. We recommend adding this setting. Falling back to ozone.metadata.dirs instead.
2019-07-14 06:52:52,428 INFO  om.OzoneManager (OzoneManager.java:start(1228)) - OzoneManager RPC server is listening at localhost/127.0.0.1:40435
2019-07-14 06:52:52,428 INFO  impl.MetricsSystemImpl (MetricsSystemImpl.java:init(158)) - OzoneManager metrics system started (again)
2019-07-14 06:52:52,428 INFO  ipc.Server (Server.java:run(1314)) - IPC Server Responder: starting
2019-07-14 06:52:52,428 INFO  ipc.Server (Server.java:run(1153)) - IPC Server listener on 40435: starting
2019-07-14 06:52:52,450 INFO  hdfs.DFSUtil (DFSUtil.java:httpServerTemplateForNNAndJN(1641)) - Starting Web-server for ozoneManager at: http://0.0.0.0:0
2019-07-14 06:52:52,452 INFO  server.AuthenticationFilter (AuthenticationFilter.java:constructSecretProvider(240)) - Unable to initialize FileSignerSecretProvider, falling back to use random secrets.
2019-07-14 06:52:52,453 WARN  http.HttpRequestLog (HttpRequestLog.java:getRequestLog(97)) - Jetty request log can only be enabled using Log4j
2019-07-14 06:52:52,455 INFO  http.HttpServer2 (HttpServer2.java:addGlobalFilter(975)) - Added global filter 'safety' (class=org.apache.hadoop.http.HttpServer2$QuotingInputFilter)
2019-07-14 06:52:52,455 INFO  http.HttpServer2 (HttpServer2.java:addFilter(948)) - Added filter static_user_filter (class=org.apache.hadoop.http.lib.StaticUserWebFilter$StaticUserFilter) to context ozoneManager
2019-07-14 06:52:52,456 INFO  http.HttpServer2 (HttpServer2.java:addFilter(958)) - Added filter static_user_filter (class=org.apache.hadoop.http.lib.StaticUserWebFilter$StaticUserFilter) to context logs
2019-07-14 06:52:52,456 INFO  http.HttpServer2 (HttpServer2.java:addFilter(958)) - Added filter static_user_filter (class=org.apache.hadoop.http.lib.StaticUserWebFilter$StaticUserFilter) to context static
2019-07-14 06:52:52,457 INFO  http.HttpServer2 (HttpServer2.java:bindListener(1191)) - Jetty bound to port 36401
2019-07-14 06:52:52,457 INFO  server.Server (Server.java:doStart(351)) - jetty-9.3.24.v20180605, build timestamp: 2018-06-05T17:11:56Z, git hash: 84205aa28f11a4f31f2a3b86d1bba2cc8ab69827
2019-07-14 06:52:52,459 INFO  handler.ContextHandler (ContextHandler.java:doStart(781)) - Started o.e.j.s.ServletContextHandler@5fe08{/logs,file:///tmp/workdir/hadoop-ozone/integration-test/target/log,AVAILABLE}
2019-07-14 06:52:52,460 INFO  handler.ContextHandler (ContextHandler.java:doStart(781)) - Started o.e.j.s.ServletContextHandler@260af8f7{/static,file:///tmp/workdir/hadoop-ozone/integration-test/target/test-classes/webapps/static,AVAILABLE}
2019-07-14 06:52:52,485 INFO  handler.ContextHandler (ContextHandler.java:doStart(781)) - Started o.e.j.w.WebAppContext@4dea763c{/,file:///tmp/workdir/hadoop-ozone/integration-test/target/test-classes/webapps/ozoneManager/,AVAILABLE}{/ozoneManager}
2019-07-14 06:52:52,485 INFO  server.AbstractConnector (AbstractConnector.java:doStart(278)) - Started ServerConnector@26f50a28{HTTP/1.1,[http/1.1]}{0.0.0.0:36401}
2019-07-14 06:52:52,492 INFO  server.Server (Server.java:doStart(419)) - Started @243778ms
2019-07-14 06:52:52,493 INFO  server.BaseHttpServer (BaseHttpServer.java:updateConnectorAddress(207)) - HTTP server of OZONEMANAGER is listening at http://0.0.0.0:36401
2019-07-14 06:52:52,508 INFO  impl.MetricsSystemImpl (MetricsSystemImpl.java:init(158)) - HddsDatanode metrics system started (again)
2019-07-14 06:52:52,508 INFO  ozone.HddsDatanodeService (HddsDatanodeService.java:start(185)) - HddsDatanodeService host:trunk-nightly-8c95p-1540871953 ip:192.168.5.144
2019-07-14 06:52:52,533 INFO  volume.HddsVolume (HddsVolume.java:<init>(176)) - Creating Volume: /tmp/workdir/hadoop-ozone/integration-test/target/test-dir/MiniOzoneClusterImpl-776fdfe4-e945-493d-a146-da517978dac5/datanode-0/data/containers/hdds of  storage type : DISK and capacity : 52710309888
2019-07-14 06:52:52,534 INFO  volume.VolumeSet (VolumeSet.java:initializeVolumeSet(170)) - Added Volume : /tmp/workdir/hadoop-ozone/integration-test/target/test-dir/MiniOzoneClusterImpl-776fdfe4-e945-493d-a146-da517978dac5/datanode-0/data/containers/hdds to VolumeSet
2019-07-14 06:52:52,534 INFO  volume.ThrottledAsyncChecker (ThrottledAsyncChecker.java:schedule(140)) - Scheduling a check for org.apache.hadoop.ozone.container.common.volume.HddsVolume@4ba56bbe
2019-07-14 06:52:52,535 INFO  volume.HddsVolumeChecker (HddsVolumeChecker.java:checkAllVolumes(203)) - Scheduled health check for volume org.apache.hadoop.ozone.container.common.volume.HddsVolume@4ba56bbe
2019-07-14 06:52:52,561 INFO  impl.RaftServerProxy (ConfUtils.java:logGet(43)) - raft.rpc.type = GRPC (default)
2019-07-14 06:52:52,562 INFO  grpc.GrpcFactory (GrpcFactory.java:checkPooledByteBufAllocatorUseCacheForAllThreads(45)) - PERFORMANCE WARNING: useCacheForAllThreads is true that may cause Netty to create a lot garbage objects and, as a result, trigger GC.
	It is recommended to disable useCacheForAllThreads by setting -Dorg.apache.ratis.thirdparty.io.netty.allocator.useCacheForAllThreads=false in command line.
2019-07-14 06:52:52,562 INFO  grpc.GrpcConfigKeys$Server (ConfUtils.java:logGet(43)) - raft.grpc.server.port = 0 (default)
2019-07-14 06:52:52,562 INFO  server.GrpcService (ConfUtils.java:logGet(43)) - raft.grpc.message.size.max = 33570816 (custom)
2019-07-14 06:52:52,562 INFO  server.RaftServerConfigKeys (ConfUtils.java:logGet(43)) - raft.server.log.appender.buffer.byte-limit = 33554432 (custom)
2019-07-14 06:52:52,563 INFO  server.GrpcService (ConfUtils.java:logGet(43)) - raft.grpc.flow.control.window = 1MB (=1048576) (default)
2019-07-14 06:52:52,563 INFO  server.RaftServerConfigKeys (ConfUtils.java:logGet(43)) - raft.server.rpc.request.timeout = 3000ms (default)
2019-07-14 06:52:52,564 INFO  server.RaftServerConfigKeys (ConfUtils.java:logGet(43)) - raft.server.storage.dir = [/tmp/workdir/hadoop-ozone/integration-test/target/test-dir/MiniOzoneClusterImpl-776fdfe4-e945-493d-a146-da517978dac5/datanode-0/data/ratis] (custom)
2019-07-14 06:52:52,564 INFO  replication.SimpleContainerDownloader (SimpleContainerDownloader.java:<init>(72)) - Starting container downloader service to copy containers to replicate.
2019-07-14 06:52:52,565 INFO  hdfs.DFSUtil (DFSUtil.java:httpServerTemplateForNNAndJN(1641)) - Starting Web-server for hddsDatanode at: http://0.0.0.0:0
2019-07-14 06:52:52,567 INFO  server.AuthenticationFilter (AuthenticationFilter.java:constructSecretProvider(240)) - Unable to initialize FileSignerSecretProvider, falling back to use random secrets.
2019-07-14 06:52:52,567 WARN  http.HttpRequestLog (HttpRequestLog.java:getRequestLog(97)) - Jetty request log can only be enabled using Log4j
2019-07-14 06:52:52,569 INFO  http.HttpServer2 (HttpServer2.java:addGlobalFilter(975)) - Added global filter 'safety' (class=org.apache.hadoop.http.HttpServer2$QuotingInputFilter)
2019-07-14 06:52:52,570 INFO  http.HttpServer2 (HttpServer2.java:addFilter(948)) - Added filter static_user_filter (class=org.apache.hadoop.http.lib.StaticUserWebFilter$StaticUserFilter) to context hddsDatanode
2019-07-14 06:52:52,570 INFO  http.HttpServer2 (HttpServer2.java:addFilter(958)) - Added filter static_user_filter (class=org.apache.hadoop.http.lib.StaticUserWebFilter$StaticUserFilter) to context logs
2019-07-14 06:52:52,570 INFO  http.HttpServer2 (HttpServer2.java:addFilter(958)) - Added filter static_user_filter (class=org.apache.hadoop.http.lib.StaticUserWebFilter$StaticUserFilter) to context static
2019-07-14 06:52:52,571 INFO  http.HttpServer2 (HttpServer2.java:bindListener(1191)) - Jetty bound to port 36664
2019-07-14 06:52:52,571 INFO  server.Server (Server.java:doStart(351)) - jetty-9.3.24.v20180605, build timestamp: 2018-06-05T17:11:56Z, git hash: 84205aa28f11a4f31f2a3b86d1bba2cc8ab69827
2019-07-14 06:52:52,573 INFO  handler.ContextHandler (ContextHandler.java:doStart(781)) - Started o.e.j.s.ServletContextHandler@4f61c7e1{/logs,file:///tmp/workdir/hadoop-ozone/integration-test/target/log,AVAILABLE}
2019-07-14 06:52:52,573 INFO  handler.ContextHandler (ContextHandler.java:doStart(781)) - Started o.e.j.s.ServletContextHandler@6289376f{/static,jar:file:/home/user/.m2/repository/org/apache/hadoop/hadoop-hdds-container-service/0.5.0-SNAPSHOT/hadoop-hdds-container-service-0.5.0-SNAPSHOT.jar!/webapps/static,AVAILABLE}
2019-07-14 06:52:52,610 INFO  handler.ContextHandler (ContextHandler.java:doStart(781)) - Started o.e.j.w.WebAppContext@22277482{/,file:///tmp/jetty-0.0.0.0-36664-hddsDatanode-_-any-6549051309993757917.dir/webapp/,AVAILABLE}{/hddsDatanode}
2019-07-14 06:52:52,610 INFO  server.AbstractConnector (AbstractConnector.java:doStart(278)) - Started ServerConnector@670481b2{HTTP/1.1,[http/1.1]}{0.0.0.0:36664}
2019-07-14 06:52:52,618 INFO  server.Server (Server.java:doStart(419)) - Started @243896ms
2019-07-14 06:52:52,618 INFO  server.BaseHttpServer (BaseHttpServer.java:updateConnectorAddress(207)) - HTTP server of HDDSDATANODE is listening at http://0.0.0.0:36664
2019-07-14 06:52:52,647 INFO  impl.FollowerState (FollowerState.java:run(106)) - da343c1c-8367-46f5-a9ef-bb79fda7b344:group-8D33B243C8F8 changes to CANDIDATE, lastRpcTime:5040, electionTimeout:5040ms
2019-07-14 06:52:52,647 INFO  impl.RoleInfo (RoleInfo.java:shutdownFollowerState(121)) - da343c1c-8367-46f5-a9ef-bb79fda7b344: shutdown FollowerState
2019-07-14 06:52:52,647 INFO  impl.RaftServerImpl (RaftServerImpl.java:setRole(171)) - da343c1c-8367-46f5-a9ef-bb79fda7b344:group-8D33B243C8F8 changes role from FOLLOWER to CANDIDATE at term 4 for changeToCandidate
2019-07-14 06:52:52,647 INFO  impl.RoleInfo (RoleInfo.java:updateAndGet(143)) - da343c1c-8367-46f5-a9ef-bb79fda7b344: start LeaderElection
2019-07-14 06:52:52,654 INFO  impl.LeaderElection (LeaderElection.java:askForVotes(181)) - da343c1c-8367-46f5-a9ef-bb79fda7b344:group-8D33B243C8F8:LeaderElection73: begin an election at term 5 for 0: [da343c1c-8367-46f5-a9ef-bb79fda7b344:192.168.5.144:32905, a4c24659-6a6f-404d-a8b7-ecfa7e5f7d9a:192.168.5.144:37316, ff1ab4d3-cbe6-48f1-9b56-d6e99bbeb9d5:192.168.5.144:39240], old=null
2019-07-14 06:52:52,655 INFO  impl.LeaderElection (LogUtils.java:infoOrTrace(149)) - da343c1c-8367-46f5-a9ef-bb79fda7b344:group-8D33B243C8F8:LeaderElection73 got exception when requesting votes: {}
java.util.concurrent.ExecutionException: org.apache.ratis.thirdparty.io.grpc.StatusRuntimeException: UNAVAILABLE: io exception
	at java.util.concurrent.FutureTask.report(FutureTask.java:122)
	at java.util.concurrent.FutureTask.get(FutureTask.java:192)
	at org.apache.ratis.server.impl.LeaderElection.waitForResults(LeaderElection.java:262)
	at org.apache.ratis.server.impl.LeaderElection.askForVotes(LeaderElection.java:200)
	at org.apache.ratis.server.impl.LeaderElection.run(LeaderElection.java:130)
	at java.lang.Thread.run(Thread.java:748)
Caused by: org.apache.ratis.thirdparty.io.grpc.StatusRuntimeException: UNAVAILABLE: io exception
	at org.apache.ratis.thirdparty.io.grpc.stub.ClientCalls.toStatusRuntimeException(ClientCalls.java:233)
	at org.apache.ratis.thirdparty.io.grpc.stub.ClientCalls.getUnchecked(ClientCalls.java:214)
	at org.apache.ratis.thirdparty.io.grpc.stub.ClientCalls.blockingUnaryCall(ClientCalls.java:139)
	at org.apache.ratis.proto.grpc.RaftServerProtocolServiceGrpc$RaftServerProtocolServiceBlockingStub.requestVote(RaftServerProtocolServiceGrpc.java:265)
	at org.apache.ratis.grpc.server.GrpcServerProtocolClient.requestVote(GrpcServerProtocolClient.java:83)
	at org.apache.ratis.grpc.server.GrpcService.requestVote(GrpcService.java:195)
	at org.apache.ratis.server.impl.LeaderElection.lambda$submitRequests$1(LeaderElection.java:237)
	at java.util.concurrent.FutureTask.run(FutureTask.java:266)
	at java.util.concurrent.Executors$RunnableAdapter.call(Executors.java:511)
	at java.util.concurrent.FutureTask.run(FutureTask.java:266)
	at java.util.concurrent.ThreadPoolExecutor.runWorker(ThreadPoolExecutor.java:1149)
	at java.util.concurrent.ThreadPoolExecutor$Worker.run(ThreadPoolExecutor.java:624)
	... 1 more
Caused by: org.apache.ratis.thirdparty.io.netty.channel.AbstractChannel$AnnotatedConnectException: Connection refused: /192.168.5.144:39240
	at sun.nio.ch.SocketChannelImpl.checkConnect(Native Method)
	at sun.nio.ch.SocketChannelImpl.finishConnect(SocketChannelImpl.java:717)
	at org.apache.ratis.thirdparty.io.netty.channel.socket.nio.NioSocketChannel.doFinishConnect(NioSocketChannel.java:327)
	at org.apache.ratis.thirdparty.io.netty.channel.nio.AbstractNioChannel$AbstractNioUnsafe.finishConnect(AbstractNioChannel.java:340)
	at org.apache.ratis.thirdparty.io.netty.channel.nio.NioEventLoop.processSelectedKey(NioEventLoop.java:632)
	at org.apache.ratis.thirdparty.io.netty.channel.nio.NioEventLoop.processSelectedKeysOptimized(NioEventLoop.java:579)
	at org.apache.ratis.thirdparty.io.netty.channel.nio.NioEventLoop.processSelectedKeys(NioEventLoop.java:496)
	at org.apache.ratis.thirdparty.io.netty.channel.nio.NioEventLoop.run(NioEventLoop.java:458)
	at org.apache.ratis.thirdparty.io.netty.util.concurrent.SingleThreadEventExecutor$5.run(SingleThreadEventExecutor.java:897)
	at org.apache.ratis.thirdparty.io.netty.util.concurrent.FastThreadLocalRunnable.run(FastThreadLocalRunnable.java:30)
	... 1 more
Caused by: java.net.ConnectException: Connection refused
	... 11 more
2019-07-14 06:52:52,663 INFO  impl.LeaderElection (LogUtils.java:infoOrTrace(149)) - da343c1c-8367-46f5-a9ef-bb79fda7b344:group-8D33B243C8F8:LeaderElection73 got exception when requesting votes: {}
java.util.concurrent.ExecutionException: org.apache.ratis.thirdparty.io.grpc.StatusRuntimeException: UNAVAILABLE: io exception
	at java.util.concurrent.FutureTask.report(FutureTask.java:122)
	at java.util.concurrent.FutureTask.get(FutureTask.java:192)
	at org.apache.ratis.server.impl.LeaderElection.waitForResults(LeaderElection.java:262)
	at org.apache.ratis.server.impl.LeaderElection.askForVotes(LeaderElection.java:200)
	at org.apache.ratis.server.impl.LeaderElection.run(LeaderElection.java:130)
	at java.lang.Thread.run(Thread.java:748)
Caused by: org.apache.ratis.thirdparty.io.grpc.StatusRuntimeException: UNAVAILABLE: io exception
	at org.apache.ratis.thirdparty.io.grpc.stub.ClientCalls.toStatusRuntimeException(ClientCalls.java:233)
	at org.apache.ratis.thirdparty.io.grpc.stub.ClientCalls.getUnchecked(ClientCalls.java:214)
	at org.apache.ratis.thirdparty.io.grpc.stub.ClientCalls.blockingUnaryCall(ClientCalls.java:139)
	at org.apache.ratis.proto.grpc.RaftServerProtocolServiceGrpc$RaftServerProtocolServiceBlockingStub.requestVote(RaftServerProtocolServiceGrpc.java:265)
	at org.apache.ratis.grpc.server.GrpcServerProtocolClient.requestVote(GrpcServerProtocolClient.java:83)
	at org.apache.ratis.grpc.server.GrpcService.requestVote(GrpcService.java:195)
	at org.apache.ratis.server.impl.LeaderElection.lambda$submitRequests$1(LeaderElection.java:237)
	at java.util.concurrent.FutureTask.run(FutureTask.java:266)
	at java.util.concurrent.Executors$RunnableAdapter.call(Executors.java:511)
	at java.util.concurrent.FutureTask.run(FutureTask.java:266)
	at java.util.concurrent.ThreadPoolExecutor.runWorker(ThreadPoolExecutor.java:1149)
	at java.util.concurrent.ThreadPoolExecutor$Worker.run(ThreadPoolExecutor.java:624)
	... 1 more
Caused by: org.apache.ratis.thirdparty.io.netty.channel.AbstractChannel$AnnotatedConnectException: Connection refused: /192.168.5.144:37316
	at sun.nio.ch.SocketChannelImpl.checkConnect(Native Method)
	at sun.nio.ch.SocketChannelImpl.finishConnect(SocketChannelImpl.java:717)
	at org.apache.ratis.thirdparty.io.netty.channel.socket.nio.NioSocketChannel.doFinishConnect(NioSocketChannel.java:327)
	at org.apache.ratis.thirdparty.io.netty.channel.nio.AbstractNioChannel$AbstractNioUnsafe.finishConnect(AbstractNioChannel.java:340)
	at org.apache.ratis.thirdparty.io.netty.channel.nio.NioEventLoop.processSelectedKey(NioEventLoop.java:632)
	at org.apache.ratis.thirdparty.io.netty.channel.nio.NioEventLoop.processSelectedKeysOptimized(NioEventLoop.java:579)
	at org.apache.ratis.thirdparty.io.netty.channel.nio.NioEventLoop.processSelectedKeys(NioEventLoop.java:496)
	at org.apache.ratis.thirdparty.io.netty.channel.nio.NioEventLoop.run(NioEventLoop.java:458)
	at org.apache.ratis.thirdparty.io.netty.util.concurrent.SingleThreadEventExecutor$5.run(SingleThreadEventExecutor.java:897)
	at org.apache.ratis.thirdparty.io.netty.util.concurrent.FastThreadLocalRunnable.run(FastThreadLocalRunnable.java:30)
	... 1 more
Caused by: java.net.ConnectException: Connection refused
	... 11 more
2019-07-14 06:52:52,671 INFO  impl.LeaderElection (LeaderElection.java:logAndReturn(56)) - da343c1c-8367-46f5-a9ef-bb79fda7b344:group-8D33B243C8F8:LeaderElection73: Election REJECTED; received 0 response(s) [] and 2 exception(s); da343c1c-8367-46f5-a9ef-bb79fda7b344:t5, leader=null, voted=da343c1c-8367-46f5-a9ef-bb79fda7b344, raftlog=da343c1c-8367-46f5-a9ef-bb79fda7b344-SegmentedRaftLog:OPENED:c0,f0,i0, conf=0: [da343c1c-8367-46f5-a9ef-bb79fda7b344:192.168.5.144:32905, a4c24659-6a6f-404d-a8b7-ecfa7e5f7d9a:192.168.5.144:37316, ff1ab4d3-cbe6-48f1-9b56-d6e99bbeb9d5:192.168.5.144:39240], old=null
2019-07-14 06:52:52,671 INFO  impl.LeaderElection (LogUtils.java:infoOrTrace(149)) -   Exception 0: {}
java.util.concurrent.ExecutionException: org.apache.ratis.thirdparty.io.grpc.StatusRuntimeException: UNAVAILABLE: io exception
	at java.util.concurrent.FutureTask.report(FutureTask.java:122)
	at java.util.concurrent.FutureTask.get(FutureTask.java:192)
	at org.apache.ratis.server.impl.LeaderElection.waitForResults(LeaderElection.java:262)
	at org.apache.ratis.server.impl.LeaderElection.askForVotes(LeaderElection.java:200)
	at org.apache.ratis.server.impl.LeaderElection.run(LeaderElection.java:130)
	at java.lang.Thread.run(Thread.java:748)
Caused by: org.apache.ratis.thirdparty.io.grpc.StatusRuntimeException: UNAVAILABLE: io exception
	at org.apache.ratis.thirdparty.io.grpc.stub.ClientCalls.toStatusRuntimeException(ClientCalls.java:233)
	at org.apache.ratis.thirdparty.io.grpc.stub.ClientCalls.getUnchecked(ClientCalls.java:214)
	at org.apache.ratis.thirdparty.io.grpc.stub.ClientCalls.blockingUnaryCall(ClientCalls.java:139)
	at org.apache.ratis.proto.grpc.RaftServerProtocolServiceGrpc$RaftServerProtocolServiceBlockingStub.requestVote(RaftServerProtocolServiceGrpc.java:265)
	at org.apache.ratis.grpc.server.GrpcServerProtocolClient.requestVote(GrpcServerProtocolClient.java:83)
	at org.apache.ratis.grpc.server.GrpcService.requestVote(GrpcService.java:195)
	at org.apache.ratis.server.impl.LeaderElection.lambda$submitRequests$1(LeaderElection.java:237)
	at java.util.concurrent.FutureTask.run(FutureTask.java:266)
	at java.util.concurrent.Executors$RunnableAdapter.call(Executors.java:511)
	at java.util.concurrent.FutureTask.run(FutureTask.java:266)
	at java.util.concurrent.ThreadPoolExecutor.runWorker(ThreadPoolExecutor.java:1149)
	at java.util.concurrent.ThreadPoolExecutor$Worker.run(ThreadPoolExecutor.java:624)
	... 1 more
Caused by: org.apache.ratis.thirdparty.io.netty.channel.AbstractChannel$AnnotatedConnectException: Connection refused: /192.168.5.144:39240
	at sun.nio.ch.SocketChannelImpl.checkConnect(Native Method)
	at sun.nio.ch.SocketChannelImpl.finishConnect(SocketChannelImpl.java:717)
	at org.apache.ratis.thirdparty.io.netty.channel.socket.nio.NioSocketChannel.doFinishConnect(NioSocketChannel.java:327)
	at org.apache.ratis.thirdparty.io.netty.channel.nio.AbstractNioChannel$AbstractNioUnsafe.finishConnect(AbstractNioChannel.java:340)
	at org.apache.ratis.thirdparty.io.netty.channel.nio.NioEventLoop.processSelectedKey(NioEventLoop.java:632)
	at org.apache.ratis.thirdparty.io.netty.channel.nio.NioEventLoop.processSelectedKeysOptimized(NioEventLoop.java:579)
	at org.apache.ratis.thirdparty.io.netty.channel.nio.NioEventLoop.processSelectedKeys(NioEventLoop.java:496)
	at org.apache.ratis.thirdparty.io.netty.channel.nio.NioEventLoop.run(NioEventLoop.java:458)
	at org.apache.ratis.thirdparty.io.netty.util.concurrent.SingleThreadEventExecutor$5.run(SingleThreadEventExecutor.java:897)
	at org.apache.ratis.thirdparty.io.netty.util.concurrent.FastThreadLocalRunnable.run(FastThreadLocalRunnable.java:30)
	... 1 more
Caused by: java.net.ConnectException: Connection refused
	... 11 more
2019-07-14 06:52:52,671 INFO  impl.LeaderElection (LogUtils.java:infoOrTrace(149)) -   Exception 1: {}
java.util.concurrent.ExecutionException: org.apache.ratis.thirdparty.io.grpc.StatusRuntimeException: UNAVAILABLE: io exception
	at java.util.concurrent.FutureTask.report(FutureTask.java:122)
	at java.util.concurrent.FutureTask.get(FutureTask.java:192)
	at org.apache.ratis.server.impl.LeaderElection.waitForResults(LeaderElection.java:262)
	at org.apache.ratis.server.impl.LeaderElection.askForVotes(LeaderElection.java:200)
	at org.apache.ratis.server.impl.LeaderElection.run(LeaderElection.java:130)
	at java.lang.Thread.run(Thread.java:748)
Caused by: org.apache.ratis.thirdparty.io.grpc.StatusRuntimeException: UNAVAILABLE: io exception
	at org.apache.ratis.thirdparty.io.grpc.stub.ClientCalls.toStatusRuntimeException(ClientCalls.java:233)
	at org.apache.ratis.thirdparty.io.grpc.stub.ClientCalls.getUnchecked(ClientCalls.java:214)
	at org.apache.ratis.thirdparty.io.grpc.stub.ClientCalls.blockingUnaryCall(ClientCalls.java:139)
	at org.apache.ratis.proto.grpc.RaftServerProtocolServiceGrpc$RaftServerProtocolServiceBlockingStub.requestVote(RaftServerProtocolServiceGrpc.java:265)
	at org.apache.ratis.grpc.server.GrpcServerProtocolClient.requestVote(GrpcServerProtocolClient.java:83)
	at org.apache.ratis.grpc.server.GrpcService.requestVote(GrpcService.java:195)
	at org.apache.ratis.server.impl.LeaderElection.lambda$submitRequests$1(LeaderElection.java:237)
	at java.util.concurrent.FutureTask.run(FutureTask.java:266)
	at java.util.concurrent.Executors$RunnableAdapter.call(Executors.java:511)
	at java.util.concurrent.FutureTask.run(FutureTask.java:266)
	at java.util.concurrent.ThreadPoolExecutor.runWorker(ThreadPoolExecutor.java:1149)
	at java.util.concurrent.ThreadPoolExecutor$Worker.run(ThreadPoolExecutor.java:624)
	... 1 more
Caused by: org.apache.ratis.thirdparty.io.netty.channel.AbstractChannel$AnnotatedConnectException: Connection refused: /192.168.5.144:37316
	at sun.nio.ch.SocketChannelImpl.checkConnect(Native Method)
	at sun.nio.ch.SocketChannelImpl.finishConnect(SocketChannelImpl.java:717)
	at org.apache.ratis.thirdparty.io.netty.channel.socket.nio.NioSocketChannel.doFinishConnect(NioSocketChannel.java:327)
	at org.apache.ratis.thirdparty.io.netty.channel.nio.AbstractNioChannel$AbstractNioUnsafe.finishConnect(AbstractNioChannel.java:340)
	at org.apache.ratis.thirdparty.io.netty.channel.nio.NioEventLoop.processSelectedKey(NioEventLoop.java:632)
	at org.apache.ratis.thirdparty.io.netty.channel.nio.NioEventLoop.processSelectedKeysOptimized(NioEventLoop.java:579)
	at org.apache.ratis.thirdparty.io.netty.channel.nio.NioEventLoop.processSelectedKeys(NioEventLoop.java:496)
	at org.apache.ratis.thirdparty.io.netty.channel.nio.NioEventLoop.run(NioEventLoop.java:458)
	at org.apache.ratis.thirdparty.io.netty.util.concurrent.SingleThreadEventExecutor$5.run(SingleThreadEventExecutor.java:897)
	at org.apache.ratis.thirdparty.io.netty.util.concurrent.FastThreadLocalRunnable.run(FastThreadLocalRunnable.java:30)
	... 1 more
Caused by: java.net.ConnectException: Connection refused
	... 11 more
2019-07-14 06:52:52,672 INFO  impl.RaftServerImpl (RaftServerImpl.java:setRole(171)) - da343c1c-8367-46f5-a9ef-bb79fda7b344:group-8D33B243C8F8 changes role from CANDIDATE to FOLLOWER at term 5 for DISCOVERED_A_NEW_TERM
2019-07-14 06:52:52,672 INFO  impl.RoleInfo (RoleInfo.java:shutdownLeaderElection(134)) - da343c1c-8367-46f5-a9ef-bb79fda7b344: shutdown LeaderElection
2019-07-14 06:52:52,672 INFO  impl.RoleInfo (RoleInfo.java:updateAndGet(143)) - da343c1c-8367-46f5-a9ef-bb79fda7b344: start FollowerState
2019-07-14 06:52:52,756 INFO  ozone.HddsDatanodeService (HddsDatanodeService.java:startPlugins(396)) - Started plug-in org.apache.hadoop.ozone.web.OzoneHddsDatanodeService@57cfd353
2019-07-14 06:52:52,757 INFO  impl.MetricsSystemImpl (MetricsSystemImpl.java:init(158)) - HddsDatanode metrics system started (again)
2019-07-14 06:52:52,757 INFO  ozone.HddsDatanodeService (HddsDatanodeService.java:start(185)) - HddsDatanodeService host:trunk-nightly-8c95p-1540871953 ip:192.168.5.144
2019-07-14 06:52:52,758 INFO  util.JvmPauseMonitor (JvmPauseMonitor.java:run(188)) - Starting JVM pause monitor
2019-07-14 06:52:52,760 INFO  datanode.InitDatanodeState (InitDatanodeState.java:persistContainerDatanodeDetails(140)) - DatanodeDetails is persisted to /tmp/workdir/hadoop-ozone/integration-test/target/test-dir/MiniOzoneClusterImpl-776fdfe4-e945-493d-a146-da517978dac5/datanode-0/meta/datanode.id
2019-07-14 06:52:52,803 INFO  volume.HddsVolume (HddsVolume.java:<init>(176)) - Creating Volume: /tmp/workdir/hadoop-ozone/integration-test/target/test-dir/MiniOzoneClusterImpl-776fdfe4-e945-493d-a146-da517978dac5/datanode-1/data/containers/hdds of  storage type : DISK and capacity : 52710309888
2019-07-14 06:52:52,803 INFO  volume.VolumeSet (VolumeSet.java:initializeVolumeSet(170)) - Added Volume : /tmp/workdir/hadoop-ozone/integration-test/target/test-dir/MiniOzoneClusterImpl-776fdfe4-e945-493d-a146-da517978dac5/datanode-1/data/containers/hdds to VolumeSet
2019-07-14 06:52:52,804 INFO  volume.ThrottledAsyncChecker (ThrottledAsyncChecker.java:schedule(140)) - Scheduling a check for org.apache.hadoop.ozone.container.common.volume.HddsVolume@3207e6de
2019-07-14 06:52:52,804 INFO  volume.HddsVolumeChecker (HddsVolumeChecker.java:checkAllVolumes(203)) - Scheduled health check for volume org.apache.hadoop.ozone.container.common.volume.HddsVolume@3207e6de
2019-07-14 06:52:52,836 INFO  impl.RaftServerProxy (ConfUtils.java:logGet(43)) - raft.rpc.type = GRPC (default)
2019-07-14 06:52:52,837 INFO  grpc.GrpcFactory (GrpcFactory.java:checkPooledByteBufAllocatorUseCacheForAllThreads(45)) - PERFORMANCE WARNING: useCacheForAllThreads is true that may cause Netty to create a lot garbage objects and, as a result, trigger GC.
	It is recommended to disable useCacheForAllThreads by setting -Dorg.apache.ratis.thirdparty.io.netty.allocator.useCacheForAllThreads=false in command line.
2019-07-14 06:52:52,837 INFO  grpc.GrpcConfigKeys$Server (ConfUtils.java:logGet(43)) - raft.grpc.server.port = 0 (default)
2019-07-14 06:52:52,837 INFO  server.GrpcService (ConfUtils.java:logGet(43)) - raft.grpc.message.size.max = 33570816 (custom)
2019-07-14 06:52:52,838 INFO  server.RaftServerConfigKeys (ConfUtils.java:logGet(43)) - raft.server.log.appender.buffer.byte-limit = 33554432 (custom)
2019-07-14 06:52:52,838 INFO  server.GrpcService (ConfUtils.java:logGet(43)) - raft.grpc.flow.control.window = 1MB (=1048576) (default)
2019-07-14 06:52:52,838 INFO  server.RaftServerConfigKeys (ConfUtils.java:logGet(43)) - raft.server.rpc.request.timeout = 3000ms (default)
2019-07-14 06:52:52,839 INFO  server.RaftServerConfigKeys (ConfUtils.java:logGet(43)) - raft.server.storage.dir = [/tmp/workdir/hadoop-ozone/integration-test/target/test-dir/MiniOzoneClusterImpl-776fdfe4-e945-493d-a146-da517978dac5/datanode-1/data/ratis] (custom)
2019-07-14 06:52:52,839 INFO  replication.SimpleContainerDownloader (SimpleContainerDownloader.java:<init>(72)) - Starting container downloader service to copy containers to replicate.
2019-07-14 06:52:52,840 INFO  hdfs.DFSUtil (DFSUtil.java:httpServerTemplateForNNAndJN(1641)) - Starting Web-server for hddsDatanode at: http://0.0.0.0:0
2019-07-14 06:52:52,842 INFO  server.AuthenticationFilter (AuthenticationFilter.java:constructSecretProvider(240)) - Unable to initialize FileSignerSecretProvider, falling back to use random secrets.
2019-07-14 06:52:52,843 WARN  http.HttpRequestLog (HttpRequestLog.java:getRequestLog(97)) - Jetty request log can only be enabled using Log4j
2019-07-14 06:52:52,844 INFO  http.HttpServer2 (HttpServer2.java:addGlobalFilter(975)) - Added global filter 'safety' (class=org.apache.hadoop.http.HttpServer2$QuotingInputFilter)
2019-07-14 06:52:52,845 INFO  http.HttpServer2 (HttpServer2.java:addFilter(948)) - Added filter static_user_filter (class=org.apache.hadoop.http.lib.StaticUserWebFilter$StaticUserFilter) to context hddsDatanode
2019-07-14 06:52:52,845 INFO  http.HttpServer2 (HttpServer2.java:addFilter(958)) - Added filter static_user_filter (class=org.apache.hadoop.http.lib.StaticUserWebFilter$StaticUserFilter) to context static
2019-07-14 06:52:52,845 INFO  http.HttpServer2 (HttpServer2.java:addFilter(958)) - Added filter static_user_filter (class=org.apache.hadoop.http.lib.StaticUserWebFilter$StaticUserFilter) to context logs
2019-07-14 06:52:52,846 INFO  http.HttpServer2 (HttpServer2.java:bindListener(1191)) - Jetty bound to port 36105
2019-07-14 06:52:52,846 INFO  server.Server (Server.java:doStart(351)) - jetty-9.3.24.v20180605, build timestamp: 2018-06-05T17:11:56Z, git hash: 84205aa28f11a4f31f2a3b86d1bba2cc8ab69827
2019-07-14 06:52:52,848 INFO  handler.ContextHandler (ContextHandler.java:doStart(781)) - Started o.e.j.s.ServletContextHandler@582ce329{/logs,file:///tmp/workdir/hadoop-ozone/integration-test/target/log,AVAILABLE}
2019-07-14 06:52:52,849 INFO  handler.ContextHandler (ContextHandler.java:doStart(781)) - Started o.e.j.s.ServletContextHandler@5e888fba{/static,jar:file:/home/user/.m2/repository/org/apache/hadoop/hadoop-hdds-container-service/0.5.0-SNAPSHOT/hadoop-hdds-container-service-0.5.0-SNAPSHOT.jar!/webapps/static,AVAILABLE}
2019-07-14 06:52:52,885 INFO  handler.ContextHandler (ContextHandler.java:doStart(781)) - Started o.e.j.w.WebAppContext@60eacbbf{/,file:///tmp/jetty-0.0.0.0-36105-hddsDatanode-_-any-9147539970910714987.dir/webapp/,AVAILABLE}{/hddsDatanode}
2019-07-14 06:52:52,885 INFO  server.AbstractConnector (AbstractConnector.java:doStart(278)) - Started ServerConnector@36e6e59f{HTTP/1.1,[http/1.1]}{0.0.0.0:36105}
2019-07-14 06:52:52,894 INFO  server.Server (Server.java:doStart(419)) - Started @244180ms
2019-07-14 06:52:52,895 INFO  server.BaseHttpServer (BaseHttpServer.java:updateConnectorAddress(207)) - HTTP server of HDDSDATANODE is listening at http://0.0.0.0:36105
2019-07-14 06:52:53,026 INFO  ozone.HddsDatanodeService (HddsDatanodeService.java:startPlugins(396)) - Started plug-in org.apache.hadoop.ozone.web.OzoneHddsDatanodeService@3fc4e667
2019-07-14 06:52:53,026 INFO  impl.MetricsSystemImpl (MetricsSystemImpl.java:init(158)) - HddsDatanode metrics system started (again)
2019-07-14 06:52:53,027 INFO  ozone.HddsDatanodeService (HddsDatanodeService.java:start(185)) - HddsDatanodeService host:trunk-nightly-8c95p-1540871953 ip:192.168.5.144
2019-07-14 06:52:53,028 INFO  util.JvmPauseMonitor (JvmPauseMonitor.java:run(188)) - Starting JVM pause monitor
2019-07-14 06:52:53,030 INFO  datanode.InitDatanodeState (InitDatanodeState.java:persistContainerDatanodeDetails(140)) - DatanodeDetails is persisted to /tmp/workdir/hadoop-ozone/integration-test/target/test-dir/MiniOzoneClusterImpl-776fdfe4-e945-493d-a146-da517978dac5/datanode-1/meta/datanode.id
2019-07-14 06:52:53,056 INFO  volume.HddsVolume (HddsVolume.java:<init>(176)) - Creating Volume: /tmp/workdir/hadoop-ozone/integration-test/target/test-dir/MiniOzoneClusterImpl-776fdfe4-e945-493d-a146-da517978dac5/datanode-2/data/containers/hdds of  storage type : DISK and capacity : 52710309888
2019-07-14 06:52:53,057 INFO  volume.VolumeSet (VolumeSet.java:initializeVolumeSet(170)) - Added Volume : /tmp/workdir/hadoop-ozone/integration-test/target/test-dir/MiniOzoneClusterImpl-776fdfe4-e945-493d-a146-da517978dac5/datanode-2/data/containers/hdds to VolumeSet
2019-07-14 06:52:53,057 INFO  volume.ThrottledAsyncChecker (ThrottledAsyncChecker.java:schedule(140)) - Scheduling a check for org.apache.hadoop.ozone.container.common.volume.HddsVolume@16124894
2019-07-14 06:52:53,058 INFO  volume.HddsVolumeChecker (HddsVolumeChecker.java:checkAllVolumes(203)) - Scheduled health check for volume org.apache.hadoop.ozone.container.common.volume.HddsVolume@16124894
2019-07-14 06:52:53,088 INFO  impl.RaftServerProxy (ConfUtils.java:logGet(43)) - raft.rpc.type = GRPC (default)
2019-07-14 06:52:53,088 INFO  grpc.GrpcFactory (GrpcFactory.java:checkPooledByteBufAllocatorUseCacheForAllThreads(45)) - PERFORMANCE WARNING: useCacheForAllThreads is true that may cause Netty to create a lot garbage objects and, as a result, trigger GC.
	It is recommended to disable useCacheForAllThreads by setting -Dorg.apache.ratis.thirdparty.io.netty.allocator.useCacheForAllThreads=false in command line.
2019-07-14 06:52:53,088 INFO  grpc.GrpcConfigKeys$Server (ConfUtils.java:logGet(43)) - raft.grpc.server.port = 0 (default)
2019-07-14 06:52:53,088 INFO  server.GrpcService (ConfUtils.java:logGet(43)) - raft.grpc.message.size.max = 33570816 (custom)
2019-07-14 06:52:53,089 INFO  server.RaftServerConfigKeys (ConfUtils.java:logGet(43)) - raft.server.log.appender.buffer.byte-limit = 33554432 (custom)
2019-07-14 06:52:53,089 INFO  server.GrpcService (ConfUtils.java:logGet(43)) - raft.grpc.flow.control.window = 1MB (=1048576) (default)
2019-07-14 06:52:53,089 INFO  server.RaftServerConfigKeys (ConfUtils.java:logGet(43)) - raft.server.rpc.request.timeout = 3000ms (default)
2019-07-14 06:52:53,090 INFO  server.RaftServerConfigKeys (ConfUtils.java:logGet(43)) - raft.server.storage.dir = [/tmp/workdir/hadoop-ozone/integration-test/target/test-dir/MiniOzoneClusterImpl-776fdfe4-e945-493d-a146-da517978dac5/datanode-2/data/ratis] (custom)
2019-07-14 06:52:53,090 INFO  replication.SimpleContainerDownloader (SimpleContainerDownloader.java:<init>(72)) - Starting container downloader service to copy containers to replicate.
2019-07-14 06:52:53,092 INFO  hdfs.DFSUtil (DFSUtil.java:httpServerTemplateForNNAndJN(1641)) - Starting Web-server for hddsDatanode at: http://0.0.0.0:0
2019-07-14 06:52:53,093 INFO  server.AuthenticationFilter (AuthenticationFilter.java:constructSecretProvider(240)) - Unable to initialize FileSignerSecretProvider, falling back to use random secrets.
2019-07-14 06:52:53,094 WARN  http.HttpRequestLog (HttpRequestLog.java:getRequestLog(97)) - Jetty request log can only be enabled using Log4j
2019-07-14 06:52:53,095 INFO  http.HttpServer2 (HttpServer2.java:addGlobalFilter(975)) - Added global filter 'safety' (class=org.apache.hadoop.http.HttpServer2$QuotingInputFilter)
2019-07-14 06:52:53,095 INFO  http.HttpServer2 (HttpServer2.java:addFilter(948)) - Added filter static_user_filter (class=org.apache.hadoop.http.lib.StaticUserWebFilter$StaticUserFilter) to context hddsDatanode
2019-07-14 06:52:53,096 INFO  http.HttpServer2 (HttpServer2.java:addFilter(958)) - Added filter static_user_filter (class=org.apache.hadoop.http.lib.StaticUserWebFilter$StaticUserFilter) to context static
2019-07-14 06:52:53,096 INFO  http.HttpServer2 (HttpServer2.java:addFilter(958)) - Added filter static_user_filter (class=org.apache.hadoop.http.lib.StaticUserWebFilter$StaticUserFilter) to context logs
2019-07-14 06:52:53,096 INFO  http.HttpServer2 (HttpServer2.java:bindListener(1191)) - Jetty bound to port 35702
2019-07-14 06:52:53,096 INFO  server.Server (Server.java:doStart(351)) - jetty-9.3.24.v20180605, build timestamp: 2018-06-05T17:11:56Z, git hash: 84205aa28f11a4f31f2a3b86d1bba2cc8ab69827
2019-07-14 06:52:53,098 INFO  handler.ContextHandler (ContextHandler.java:doStart(781)) - Started o.e.j.s.ServletContextHandler@16dc12cf{/logs,file:///tmp/workdir/hadoop-ozone/integration-test/target/log,AVAILABLE}
2019-07-14 06:52:53,099 INFO  handler.ContextHandler (ContextHandler.java:doStart(781)) - Started o.e.j.s.ServletContextHandler@74974165{/static,jar:file:/home/user/.m2/repository/org/apache/hadoop/hadoop-hdds-container-service/0.5.0-SNAPSHOT/hadoop-hdds-container-service-0.5.0-SNAPSHOT.jar!/webapps/static,AVAILABLE}
2019-07-14 06:52:53,134 INFO  handler.ContextHandler (ContextHandler.java:doStart(781)) - Started o.e.j.w.WebAppContext@23ec291e{/,file:///tmp/jetty-0.0.0.0-35702-hddsDatanode-_-any-8423933647369736231.dir/webapp/,AVAILABLE}{/hddsDatanode}
2019-07-14 06:52:53,134 INFO  server.AbstractConnector (AbstractConnector.java:doStart(278)) - Started ServerConnector@1a91d15f{HTTP/1.1,[http/1.1]}{0.0.0.0:35702}
2019-07-14 06:52:53,145 INFO  server.Server (Server.java:doStart(419)) - Started @244420ms
2019-07-14 06:52:53,146 INFO  server.BaseHttpServer (BaseHttpServer.java:updateConnectorAddress(207)) - HTTP server of HDDSDATANODE is listening at http://0.0.0.0:35702
2019-07-14 06:52:53,261 INFO  ozone.HddsDatanodeService (HddsDatanodeService.java:startPlugins(396)) - Started plug-in org.apache.hadoop.ozone.web.OzoneHddsDatanodeService@793577e0
2019-07-14 06:52:53,261 INFO  impl.MetricsSystemImpl (MetricsSystemImpl.java:init(158)) - HddsDatanode metrics system started (again)
2019-07-14 06:52:53,261 INFO  ozone.HddsDatanodeService (HddsDatanodeService.java:start(185)) - HddsDatanodeService host:trunk-nightly-8c95p-1540871953 ip:192.168.5.144
2019-07-14 06:52:53,262 INFO  util.JvmPauseMonitor (JvmPauseMonitor.java:run(188)) - Starting JVM pause monitor
2019-07-14 06:52:53,264 INFO  datanode.InitDatanodeState (InitDatanodeState.java:persistContainerDatanodeDetails(140)) - DatanodeDetails is persisted to /tmp/workdir/hadoop-ozone/integration-test/target/test-dir/MiniOzoneClusterImpl-776fdfe4-e945-493d-a146-da517978dac5/datanode-2/meta/datanode.id
2019-07-14 06:52:53,286 INFO  volume.HddsVolume (HddsVolume.java:<init>(176)) - Creating Volume: /tmp/workdir/hadoop-ozone/integration-test/target/test-dir/MiniOzoneClusterImpl-776fdfe4-e945-493d-a146-da517978dac5/datanode-3/data/containers/hdds of  storage type : DISK and capacity : 52710309888
2019-07-14 06:52:53,286 INFO  volume.VolumeSet (VolumeSet.java:initializeVolumeSet(170)) - Added Volume : /tmp/workdir/hadoop-ozone/integration-test/target/test-dir/MiniOzoneClusterImpl-776fdfe4-e945-493d-a146-da517978dac5/datanode-3/data/containers/hdds to VolumeSet
2019-07-14 06:52:53,286 INFO  volume.ThrottledAsyncChecker (ThrottledAsyncChecker.java:schedule(140)) - Scheduling a check for org.apache.hadoop.ozone.container.common.volume.HddsVolume@62371858
2019-07-14 06:52:53,287 INFO  volume.HddsVolumeChecker (HddsVolumeChecker.java:checkAllVolumes(203)) - Scheduled health check for volume org.apache.hadoop.ozone.container.common.volume.HddsVolume@62371858
2019-07-14 06:52:53,322 INFO  impl.RaftServerProxy (ConfUtils.java:logGet(43)) - raft.rpc.type = GRPC (default)
2019-07-14 06:52:53,323 INFO  grpc.GrpcFactory (GrpcFactory.java:checkPooledByteBufAllocatorUseCacheForAllThreads(45)) - PERFORMANCE WARNING: useCacheForAllThreads is true that may cause Netty to create a lot garbage objects and, as a result, trigger GC.
	It is recommended to disable useCacheForAllThreads by setting -Dorg.apache.ratis.thirdparty.io.netty.allocator.useCacheForAllThreads=false in command line.
2019-07-14 06:52:53,323 INFO  grpc.GrpcConfigKeys$Server (ConfUtils.java:logGet(43)) - raft.grpc.server.port = 0 (default)
2019-07-14 06:52:53,323 INFO  server.GrpcService (ConfUtils.java:logGet(43)) - raft.grpc.message.size.max = 33570816 (custom)
2019-07-14 06:52:53,324 INFO  server.RaftServerConfigKeys (ConfUtils.java:logGet(43)) - raft.server.log.appender.buffer.byte-limit = 33554432 (custom)
2019-07-14 06:52:53,324 INFO  server.GrpcService (ConfUtils.java:logGet(43)) - raft.grpc.flow.control.window = 1MB (=1048576) (default)
2019-07-14 06:52:53,324 INFO  server.RaftServerConfigKeys (ConfUtils.java:logGet(43)) - raft.server.rpc.request.timeout = 3000ms (default)
2019-07-14 06:52:53,325 INFO  server.RaftServerConfigKeys (ConfUtils.java:logGet(43)) - raft.server.storage.dir = [/tmp/workdir/hadoop-ozone/integration-test/target/test-dir/MiniOzoneClusterImpl-776fdfe4-e945-493d-a146-da517978dac5/datanode-3/data/ratis] (custom)
2019-07-14 06:52:53,325 INFO  replication.SimpleContainerDownloader (SimpleContainerDownloader.java:<init>(72)) - Starting container downloader service to copy containers to replicate.
2019-07-14 06:52:53,327 INFO  hdfs.DFSUtil (DFSUtil.java:httpServerTemplateForNNAndJN(1641)) - Starting Web-server for hddsDatanode at: http://0.0.0.0:0
2019-07-14 06:52:53,328 INFO  server.AuthenticationFilter (AuthenticationFilter.java:constructSecretProvider(240)) - Unable to initialize FileSignerSecretProvider, falling back to use random secrets.
2019-07-14 06:52:53,329 WARN  http.HttpRequestLog (HttpRequestLog.java:getRequestLog(97)) - Jetty request log can only be enabled using Log4j
2019-07-14 06:52:53,330 INFO  http.HttpServer2 (HttpServer2.java:addGlobalFilter(975)) - Added global filter 'safety' (class=org.apache.hadoop.http.HttpServer2$QuotingInputFilter)
2019-07-14 06:52:53,330 INFO  http.HttpServer2 (HttpServer2.java:addFilter(948)) - Added filter static_user_filter (class=org.apache.hadoop.http.lib.StaticUserWebFilter$StaticUserFilter) to context hddsDatanode
2019-07-14 06:52:53,330 INFO  http.HttpServer2 (HttpServer2.java:addFilter(958)) - Added filter static_user_filter (class=org.apache.hadoop.http.lib.StaticUserWebFilter$StaticUserFilter) to context logs
2019-07-14 06:52:53,330 INFO  http.HttpServer2 (HttpServer2.java:addFilter(958)) - Added filter static_user_filter (class=org.apache.hadoop.http.lib.StaticUserWebFilter$StaticUserFilter) to context static
2019-07-14 06:52:53,331 INFO  http.HttpServer2 (HttpServer2.java:bindListener(1191)) - Jetty bound to port 33043
2019-07-14 06:52:53,331 INFO  server.Server (Server.java:doStart(351)) - jetty-9.3.24.v20180605, build timestamp: 2018-06-05T17:11:56Z, git hash: 84205aa28f11a4f31f2a3b86d1bba2cc8ab69827
2019-07-14 06:52:53,333 INFO  handler.ContextHandler (ContextHandler.java:doStart(781)) - Started o.e.j.s.ServletContextHandler@74161ed7{/logs,file:///tmp/workdir/hadoop-ozone/integration-test/target/log,AVAILABLE}
2019-07-14 06:52:53,333 INFO  handler.ContextHandler (ContextHandler.java:doStart(781)) - Started o.e.j.s.ServletContextHandler@519b726a{/static,jar:file:/home/user/.m2/repository/org/apache/hadoop/hadoop-hdds-container-service/0.5.0-SNAPSHOT/hadoop-hdds-container-service-0.5.0-SNAPSHOT.jar!/webapps/static,AVAILABLE}
2019-07-14 06:52:53,360 INFO  handler.ContextHandler (ContextHandler.java:doStart(781)) - Started o.e.j.w.WebAppContext@b31cd6b{/,file:///tmp/jetty-0.0.0.0-33043-hddsDatanode-_-any-5731223790586934493.dir/webapp/,AVAILABLE}{/hddsDatanode}
2019-07-14 06:52:53,360 INFO  server.AbstractConnector (AbstractConnector.java:doStart(278)) - Started ServerConnector@19d85bbe{HTTP/1.1,[http/1.1]}{0.0.0.0:33043}
2019-07-14 06:52:53,360 INFO  server.Server (Server.java:doStart(419)) - Started @244646ms
2019-07-14 06:52:53,371 INFO  server.BaseHttpServer (BaseHttpServer.java:updateConnectorAddress(207)) - HTTP server of HDDSDATANODE is listening at http://0.0.0.0:33043
2019-07-14 06:52:53,407 INFO  impl.FollowerState (FollowerState.java:run(106)) - 80532c0e-1ea2-4258-8531-55a5eca450fa:group-B49A3CD331BD changes to CANDIDATE, lastRpcTime:5142, electionTimeout:5142ms
2019-07-14 06:52:53,407 INFO  impl.RoleInfo (RoleInfo.java:shutdownFollowerState(121)) - 80532c0e-1ea2-4258-8531-55a5eca450fa: shutdown FollowerState
2019-07-14 06:52:53,407 INFO  impl.RaftServerImpl (RaftServerImpl.java:setRole(171)) - 80532c0e-1ea2-4258-8531-55a5eca450fa:group-B49A3CD331BD changes role from FOLLOWER to CANDIDATE at term 2 for changeToCandidate
2019-07-14 06:52:53,407 INFO  impl.RoleInfo (RoleInfo.java:updateAndGet(143)) - 80532c0e-1ea2-4258-8531-55a5eca450fa: start LeaderElection
2019-07-14 06:52:53,421 INFO  impl.LeaderElection (LeaderElection.java:askForVotes(181)) - 80532c0e-1ea2-4258-8531-55a5eca450fa:group-B49A3CD331BD:LeaderElection74: begin an election at term 3 for -1: [9927f91e-bb8c-46e7-b6a9-486a9b631738:192.168.5.144:41664, 80532c0e-1ea2-4258-8531-55a5eca450fa:192.168.5.144:44689, dc6a36be-a5eb-47e6-9565-6495b74a01e3:192.168.5.144:37094], old=null
2019-07-14 06:52:53,424 INFO  impl.RaftServerImpl (RaftServerImpl.java:setRole(171)) - 9927f91e-bb8c-46e7-b6a9-486a9b631738:group-B49A3CD331BD changes role from FOLLOWER to FOLLOWER at term 3 for recognizeCandidate:80532c0e-1ea2-4258-8531-55a5eca450fa
2019-07-14 06:52:53,424 INFO  impl.RaftServerImpl (RaftServerImpl.java:setRole(171)) - dc6a36be-a5eb-47e6-9565-6495b74a01e3:group-B49A3CD331BD changes role from FOLLOWER to FOLLOWER at term 3 for recognizeCandidate:80532c0e-1ea2-4258-8531-55a5eca450fa
2019-07-14 06:52:53,424 INFO  impl.RoleInfo (RoleInfo.java:shutdownFollowerState(121)) - 9927f91e-bb8c-46e7-b6a9-486a9b631738: shutdown FollowerState
2019-07-14 06:52:53,424 INFO  impl.RoleInfo (RoleInfo.java:shutdownFollowerState(121)) - dc6a36be-a5eb-47e6-9565-6495b74a01e3: shutdown FollowerState
2019-07-14 06:52:53,425 INFO  impl.FollowerState (FollowerState.java:run(114)) - 9927f91e-bb8c-46e7-b6a9-486a9b631738: FollowerState was interrupted: java.lang.InterruptedException: sleep interrupted
2019-07-14 06:52:53,425 INFO  impl.FollowerState (FollowerState.java:run(114)) - dc6a36be-a5eb-47e6-9565-6495b74a01e3: FollowerState was interrupted: java.lang.InterruptedException: sleep interrupted
2019-07-14 06:52:53,424 INFO  impl.RoleInfo (RoleInfo.java:updateAndGet(143)) - 9927f91e-bb8c-46e7-b6a9-486a9b631738: start FollowerState
2019-07-14 06:52:53,425 INFO  impl.RoleInfo (RoleInfo.java:updateAndGet(143)) - dc6a36be-a5eb-47e6-9565-6495b74a01e3: start FollowerState
2019-07-14 06:52:53,435 INFO  impl.LeaderElection (LeaderElection.java:logAndReturn(56)) - 80532c0e-1ea2-4258-8531-55a5eca450fa:group-B49A3CD331BD:LeaderElection74: Election PASSED; received 1 response(s) [80532c0e-1ea2-4258-8531-55a5eca450fa<-9927f91e-bb8c-46e7-b6a9-486a9b631738#0:OK-t3] and 0 exception(s); 80532c0e-1ea2-4258-8531-55a5eca450fa:t3, leader=null, voted=80532c0e-1ea2-4258-8531-55a5eca450fa, raftlog=80532c0e-1ea2-4258-8531-55a5eca450fa-SegmentedRaftLog:OPENED:c-1,f-1,i0, conf=-1: [9927f91e-bb8c-46e7-b6a9-486a9b631738:192.168.5.144:41664, 80532c0e-1ea2-4258-8531-55a5eca450fa:192.168.5.144:44689, dc6a36be-a5eb-47e6-9565-6495b74a01e3:192.168.5.144:37094], old=null
2019-07-14 06:52:53,435 INFO  impl.RoleInfo (RoleInfo.java:shutdownLeaderElection(134)) - 80532c0e-1ea2-4258-8531-55a5eca450fa: shutdown LeaderElection
2019-07-14 06:52:53,435 INFO  impl.RaftServerImpl (RaftServerImpl.java:setRole(171)) - 80532c0e-1ea2-4258-8531-55a5eca450fa:group-B49A3CD331BD changes role from CANDIDATE to LEADER at term 3 for changeToLeader
2019-07-14 06:52:53,436 INFO  impl.RaftServerImpl (ServerState.java:setLeader(263)) - 80532c0e-1ea2-4258-8531-55a5eca450fa:group-B49A3CD331BD change Leader from null to 80532c0e-1ea2-4258-8531-55a5eca450fa at term 3 for becomeLeader, leader elected after 10353ms
2019-07-14 06:52:53,436 INFO  server.RaftServerConfigKeys (ConfUtils.java:logGet(43)) - raft.server.staging.catchup.gap = 1000 (default)
2019-07-14 06:52:53,436 INFO  server.RaftServerConfigKeys (ConfUtils.java:logGet(43)) - raft.server.rpc.sleep.time = 25ms (default)
2019-07-14 06:52:53,436 INFO  server.RaftServerConfigKeys (ConfUtils.java:logGet(43)) - raft.server.write.element-limit = 4096 (default)
2019-07-14 06:52:53,436 INFO  server.RaftServerConfigKeys (ConfUtils.java:logGet(43)) - raft.server.watch.timeout = 10s (default)
2019-07-14 06:52:53,437 INFO  server.RaftServerConfigKeys (ConfUtils.java:logGet(43)) - raft.server.watch.timeout.denomination = 1s (default)
2019-07-14 06:52:53,437 INFO  server.RaftServerConfigKeys (ConfUtils.java:logGet(43)) - raft.server.watch.element-limit = 65536 (default)
2019-07-14 06:52:53,437 INFO  server.RaftServerConfigKeys (ConfUtils.java:logGet(43)) - raft.server.log.appender.snapshot.chunk.size.max = 16MB (=16777216) (default)
2019-07-14 06:52:53,437 INFO  server.RaftServerConfigKeys (ConfUtils.java:logGet(43)) - raft.server.log.appender.buffer.byte-limit = 33554432 (custom)
2019-07-14 06:52:53,437 INFO  server.RaftServerConfigKeys (ConfUtils.java:logGet(43)) - raft.server.log.appender.buffer.element-limit = 1 (custom)
2019-07-14 06:52:53,438 INFO  grpc.GrpcConfigKeys$Server (ConfUtils.java:logGet(43)) - raft.grpc.server.leader.outstanding.appends.max = 128 (default)
2019-07-14 06:52:53,438 INFO  server.RaftServerConfigKeys (ConfUtils.java:logGet(43)) - raft.server.rpc.request.timeout = 3000ms (default)
2019-07-14 06:52:53,438 INFO  server.RaftServerConfigKeys (ConfUtils.java:logGet(43)) - raft.server.log.appender.install.snapshot.enabled = false (custom)
2019-07-14 06:52:53,438 INFO  server.RaftServerConfigKeys (ConfUtils.java:logGet(43)) - raft.server.log.appender.snapshot.chunk.size.max = 16MB (=16777216) (default)
2019-07-14 06:52:53,438 INFO  server.RaftServerConfigKeys (ConfUtils.java:logGet(43)) - raft.server.log.appender.buffer.byte-limit = 33554432 (custom)
2019-07-14 06:52:53,439 INFO  server.RaftServerConfigKeys (ConfUtils.java:logGet(43)) - raft.server.log.appender.buffer.element-limit = 1 (custom)
2019-07-14 06:52:53,439 INFO  grpc.GrpcConfigKeys$Server (ConfUtils.java:logGet(43)) - raft.grpc.server.leader.outstanding.appends.max = 128 (default)
2019-07-14 06:52:53,439 INFO  server.RaftServerConfigKeys (ConfUtils.java:logGet(43)) - raft.server.rpc.request.timeout = 3000ms (default)
2019-07-14 06:52:53,439 INFO  server.RaftServerConfigKeys (ConfUtils.java:logGet(43)) - raft.server.log.appender.install.snapshot.enabled = false (custom)
2019-07-14 06:52:53,439 INFO  impl.RoleInfo (RoleInfo.java:updateAndGet(143)) - 80532c0e-1ea2-4258-8531-55a5eca450fa: start LeaderState
2019-07-14 06:52:53,439 INFO  segmented.SegmentedRaftLogWorker (SegmentedRaftLogWorker.java:startLogSegment(380)) - 80532c0e-1ea2-4258-8531-55a5eca450fa-SegmentedRaftLogWorker:Storage Directory /tmp/workdir/hadoop-ozone/integration-test/target/test-dir/MiniOzoneClusterImpl-05cecf30-6147-484e-ad5f-a3600576eef7/datanode-4/data/ratis/d45461fe-f4ba-4972-a5e6-b49a3cd331bd: Starting segment from index:0
2019-07-14 06:52:53,440 INFO  impl.RaftServerImpl (ServerState.java:setRaftConf(361)) - 80532c0e-1ea2-4258-8531-55a5eca450fa:group-B49A3CD331BD set configuration 0: [9927f91e-bb8c-46e7-b6a9-486a9b631738:192.168.5.144:41664, 80532c0e-1ea2-4258-8531-55a5eca450fa:192.168.5.144:44689, dc6a36be-a5eb-47e6-9565-6495b74a01e3:192.168.5.144:37094], old=null at 0
2019-07-14 06:52:53,441 INFO  impl.RaftServerImpl (ServerState.java:setLeader(263)) - 9927f91e-bb8c-46e7-b6a9-486a9b631738:group-B49A3CD331BD change Leader from null to 80532c0e-1ea2-4258-8531-55a5eca450fa at term 3 for appendEntries, leader elected after 10358ms
2019-07-14 06:52:53,441 INFO  impl.RaftServerImpl (ServerState.java:setLeader(263)) - dc6a36be-a5eb-47e6-9565-6495b74a01e3:group-B49A3CD331BD change Leader from null to 80532c0e-1ea2-4258-8531-55a5eca450fa at term 3 for appendEntries, leader elected after 5129ms
2019-07-14 06:52:53,445 INFO  impl.RaftServerImpl (ServerState.java:setRaftConf(361)) - 9927f91e-bb8c-46e7-b6a9-486a9b631738:group-B49A3CD331BD set configuration 0: [9927f91e-bb8c-46e7-b6a9-486a9b631738:192.168.5.144:41664, 80532c0e-1ea2-4258-8531-55a5eca450fa:192.168.5.144:44689, dc6a36be-a5eb-47e6-9565-6495b74a01e3:192.168.5.144:37094], old=null at 0
2019-07-14 06:52:53,445 INFO  impl.RaftServerImpl (ServerState.java:setRaftConf(361)) - dc6a36be-a5eb-47e6-9565-6495b74a01e3:group-B49A3CD331BD set configuration 0: [9927f91e-bb8c-46e7-b6a9-486a9b631738:192.168.5.144:41664, 80532c0e-1ea2-4258-8531-55a5eca450fa:192.168.5.144:44689, dc6a36be-a5eb-47e6-9565-6495b74a01e3:192.168.5.144:37094], old=null at 0
2019-07-14 06:52:53,445 INFO  segmented.SegmentedRaftLogWorker (SegmentedRaftLogWorker.java:startLogSegment(380)) - 9927f91e-bb8c-46e7-b6a9-486a9b631738-SegmentedRaftLogWorker:Storage Directory /tmp/workdir/hadoop-ozone/integration-test/target/test-dir/MiniOzoneClusterImpl-05cecf30-6147-484e-ad5f-a3600576eef7/datanode-3/data/ratis/d45461fe-f4ba-4972-a5e6-b49a3cd331bd: Starting segment from index:0
2019-07-14 06:52:53,450 INFO  segmented.SegmentedRaftLogWorker (SegmentedRaftLogWorker.java:truncate(396)) - dc6a36be-a5eb-47e6-9565-6495b74a01e3-SegmentedRaftLogWorker:Storage Directory /tmp/workdir/hadoop-ozone/integration-test/target/test-dir/MiniOzoneClusterImpl-05cecf30-6147-484e-ad5f-a3600576eef7/datanode-5/data/ratis/d45461fe-f4ba-4972-a5e6-b49a3cd331bd: Truncating segments toTruncate: null
  toDelete: [(0, 0) isOpen? true, length=0, newEndIndex=-1], start index 0
2019-07-14 06:52:53,451 INFO  segmented.SegmentedRaftLogWorker (SegmentedRaftLogWorker.java:startLogSegment(380)) - dc6a36be-a5eb-47e6-9565-6495b74a01e3-SegmentedRaftLogWorker:Storage Directory /tmp/workdir/hadoop-ozone/integration-test/target/test-dir/MiniOzoneClusterImpl-05cecf30-6147-484e-ad5f-a3600576eef7/datanode-5/data/ratis/d45461fe-f4ba-4972-a5e6-b49a3cd331bd: Starting segment from index:0
2019-07-14 06:52:53,452 INFO  segmented.SegmentedRaftLogWorker (SegmentedRaftLogWorker.java:execute(633)) - dc6a36be-a5eb-47e6-9565-6495b74a01e3-SegmentedRaftLogWorker:Storage Directory /tmp/workdir/hadoop-ozone/integration-test/target/test-dir/MiniOzoneClusterImpl-05cecf30-6147-484e-ad5f-a3600576eef7/datanode-5/data/ratis/d45461fe-f4ba-4972-a5e6-b49a3cd331bd: Deleted log file /tmp/workdir/hadoop-ozone/integration-test/target/test-dir/MiniOzoneClusterImpl-05cecf30-6147-484e-ad5f-a3600576eef7/datanode-5/data/ratis/d45461fe-f4ba-4972-a5e6-b49a3cd331bd/current/log_inprogress_0
2019-07-14 06:52:53,453 INFO  segmented.SegmentedRaftLogWorker (SegmentedRaftLogWorker.java:lambda$new$0(132)) - dc6a36be-a5eb-47e6-9565-6495b74a01e3-SegmentedRaftLogWorker:Storage Directory /tmp/workdir/hadoop-ozone/integration-test/target/test-dir/MiniOzoneClusterImpl-05cecf30-6147-484e-ad5f-a3600576eef7/datanode-5/data/ratis/d45461fe-f4ba-4972-a5e6-b49a3cd331bd: flushIndex: setUnconditionally 0 -> -1
2019-07-14 06:52:53,457 INFO  segmented.SegmentedRaftLogWorker (SegmentedRaftLogWorker.java:execute(569)) - 80532c0e-1ea2-4258-8531-55a5eca450fa-SegmentedRaftLogWorker:Storage Directory /tmp/workdir/hadoop-ozone/integration-test/target/test-dir/MiniOzoneClusterImpl-05cecf30-6147-484e-ad5f-a3600576eef7/datanode-4/data/ratis/d45461fe-f4ba-4972-a5e6-b49a3cd331bd: created new log segment /tmp/workdir/hadoop-ozone/integration-test/target/test-dir/MiniOzoneClusterImpl-05cecf30-6147-484e-ad5f-a3600576eef7/datanode-4/data/ratis/d45461fe-f4ba-4972-a5e6-b49a3cd331bd/current/log_inprogress_0
2019-07-14 06:52:53,463 INFO  segmented.SegmentedRaftLogWorker (SegmentedRaftLogWorker.java:execute(569)) - 9927f91e-bb8c-46e7-b6a9-486a9b631738-SegmentedRaftLogWorker:Storage Directory /tmp/workdir/hadoop-ozone/integration-test/target/test-dir/MiniOzoneClusterImpl-05cecf30-6147-484e-ad5f-a3600576eef7/datanode-3/data/ratis/d45461fe-f4ba-4972-a5e6-b49a3cd331bd: created new log segment /tmp/workdir/hadoop-ozone/integration-test/target/test-dir/MiniOzoneClusterImpl-05cecf30-6147-484e-ad5f-a3600576eef7/datanode-3/data/ratis/d45461fe-f4ba-4972-a5e6-b49a3cd331bd/current/log_inprogress_0
2019-07-14 06:52:53,487 INFO  segmented.SegmentedRaftLogWorker (SegmentedRaftLogWorker.java:execute(569)) - dc6a36be-a5eb-47e6-9565-6495b74a01e3-SegmentedRaftLogWorker:Storage Directory /tmp/workdir/hadoop-ozone/integration-test/target/test-dir/MiniOzoneClusterImpl-05cecf30-6147-484e-ad5f-a3600576eef7/datanode-5/data/ratis/d45461fe-f4ba-4972-a5e6-b49a3cd331bd: created new log segment /tmp/workdir/hadoop-ozone/integration-test/target/test-dir/MiniOzoneClusterImpl-05cecf30-6147-484e-ad5f-a3600576eef7/datanode-5/data/ratis/d45461fe-f4ba-4972-a5e6-b49a3cd331bd/current/log_inprogress_0
2019-07-14 06:52:53,488 INFO  ozone.HddsDatanodeService (HddsDatanodeService.java:startPlugins(396)) - Started plug-in org.apache.hadoop.ozone.web.OzoneHddsDatanodeService@2810d9
2019-07-14 06:52:53,488 INFO  impl.MetricsSystemImpl (MetricsSystemImpl.java:init(158)) - HddsDatanode metrics system started (again)
2019-07-14 06:52:53,488 INFO  ozone.HddsDatanodeService (HddsDatanodeService.java:start(185)) - HddsDatanodeService host:trunk-nightly-8c95p-1540871953 ip:192.168.5.144
2019-07-14 06:52:53,489 INFO  util.JvmPauseMonitor (JvmPauseMonitor.java:run(188)) - Starting JVM pause monitor
2019-07-14 06:52:53,490 INFO  datanode.InitDatanodeState (InitDatanodeState.java:persistContainerDatanodeDetails(140)) - DatanodeDetails is persisted to /tmp/workdir/hadoop-ozone/integration-test/target/test-dir/MiniOzoneClusterImpl-776fdfe4-e945-493d-a146-da517978dac5/datanode-3/meta/datanode.id
2019-07-14 06:52:53,507 INFO  volume.HddsVolume (HddsVolume.java:<init>(176)) - Creating Volume: /tmp/workdir/hadoop-ozone/integration-test/target/test-dir/MiniOzoneClusterImpl-776fdfe4-e945-493d-a146-da517978dac5/datanode-4/data/containers/hdds of  storage type : DISK and capacity : 52710309888
2019-07-14 06:52:53,507 INFO  volume.VolumeSet (VolumeSet.java:initializeVolumeSet(170)) - Added Volume : /tmp/workdir/hadoop-ozone/integration-test/target/test-dir/MiniOzoneClusterImpl-776fdfe4-e945-493d-a146-da517978dac5/datanode-4/data/containers/hdds to VolumeSet
2019-07-14 06:52:53,508 INFO  volume.ThrottledAsyncChecker (ThrottledAsyncChecker.java:schedule(140)) - Scheduling a check for org.apache.hadoop.ozone.container.common.volume.HddsVolume@432e242d
2019-07-14 06:52:53,508 INFO  volume.HddsVolumeChecker (HddsVolumeChecker.java:checkAllVolumes(203)) - Scheduled health check for volume org.apache.hadoop.ozone.container.common.volume.HddsVolume@432e242d
2019-07-14 06:52:53,528 INFO  impl.RaftServerProxy (ConfUtils.java:logGet(43)) - raft.rpc.type = GRPC (default)
2019-07-14 06:52:53,528 INFO  grpc.GrpcFactory (GrpcFactory.java:checkPooledByteBufAllocatorUseCacheForAllThreads(45)) - PERFORMANCE WARNING: useCacheForAllThreads is true that may cause Netty to create a lot garbage objects and, as a result, trigger GC.
	It is recommended to disable useCacheForAllThreads by setting -Dorg.apache.ratis.thirdparty.io.netty.allocator.useCacheForAllThreads=false in command line.
2019-07-14 06:52:53,528 INFO  grpc.GrpcConfigKeys$Server (ConfUtils.java:logGet(43)) - raft.grpc.server.port = 0 (default)
2019-07-14 06:52:53,528 INFO  server.GrpcService (ConfUtils.java:logGet(43)) - raft.grpc.message.size.max = 33570816 (custom)
2019-07-14 06:52:53,529 INFO  server.RaftServerConfigKeys (ConfUtils.java:logGet(43)) - raft.server.log.appender.buffer.byte-limit = 33554432 (custom)
2019-07-14 06:52:53,529 INFO  server.GrpcService (ConfUtils.java:logGet(43)) - raft.grpc.flow.control.window = 1MB (=1048576) (default)
2019-07-14 06:52:53,529 INFO  server.RaftServerConfigKeys (ConfUtils.java:logGet(43)) - raft.server.rpc.request.timeout = 3000ms (default)
2019-07-14 06:52:53,529 INFO  server.RaftServerConfigKeys (ConfUtils.java:logGet(43)) - raft.server.storage.dir = [/tmp/workdir/hadoop-ozone/integration-test/target/test-dir/MiniOzoneClusterImpl-776fdfe4-e945-493d-a146-da517978dac5/datanode-4/data/ratis] (custom)
2019-07-14 06:52:53,530 INFO  replication.SimpleContainerDownloader (SimpleContainerDownloader.java:<init>(72)) - Starting container downloader service to copy containers to replicate.
2019-07-14 06:52:53,531 INFO  hdfs.DFSUtil (DFSUtil.java:httpServerTemplateForNNAndJN(1641)) - Starting Web-server for hddsDatanode at: http://0.0.0.0:0
2019-07-14 06:52:53,533 INFO  server.AuthenticationFilter (AuthenticationFilter.java:constructSecretProvider(240)) - Unable to initialize FileSignerSecretProvider, falling back to use random secrets.
2019-07-14 06:52:53,533 WARN  http.HttpRequestLog (HttpRequestLog.java:getRequestLog(97)) - Jetty request log can only be enabled using Log4j
2019-07-14 06:52:53,535 INFO  http.HttpServer2 (HttpServer2.java:addGlobalFilter(975)) - Added global filter 'safety' (class=org.apache.hadoop.http.HttpServer2$QuotingInputFilter)
2019-07-14 06:52:53,536 INFO  http.HttpServer2 (HttpServer2.java:addFilter(948)) - Added filter static_user_filter (class=org.apache.hadoop.http.lib.StaticUserWebFilter$StaticUserFilter) to context hddsDatanode
2019-07-14 06:52:53,536 INFO  http.HttpServer2 (HttpServer2.java:addFilter(958)) - Added filter static_user_filter (class=org.apache.hadoop.http.lib.StaticUserWebFilter$StaticUserFilter) to context static
2019-07-14 06:52:53,536 INFO  http.HttpServer2 (HttpServer2.java:addFilter(958)) - Added filter static_user_filter (class=org.apache.hadoop.http.lib.StaticUserWebFilter$StaticUserFilter) to context logs
2019-07-14 06:52:53,537 INFO  http.HttpServer2 (HttpServer2.java:bindListener(1191)) - Jetty bound to port 36576
2019-07-14 06:52:53,537 INFO  server.Server (Server.java:doStart(351)) - jetty-9.3.24.v20180605, build timestamp: 2018-06-05T17:11:56Z, git hash: 84205aa28f11a4f31f2a3b86d1bba2cc8ab69827
2019-07-14 06:52:53,539 INFO  handler.ContextHandler (ContextHandler.java:doStart(781)) - Started o.e.j.s.ServletContextHandler@3520d2db{/logs,file:///tmp/workdir/hadoop-ozone/integration-test/target/log,AVAILABLE}
2019-07-14 06:52:53,540 INFO  handler.ContextHandler (ContextHandler.java:doStart(781)) - Started o.e.j.s.ServletContextHandler@5a36a405{/static,jar:file:/home/user/.m2/repository/org/apache/hadoop/hadoop-hdds-container-service/0.5.0-SNAPSHOT/hadoop-hdds-container-service-0.5.0-SNAPSHOT.jar!/webapps/static,AVAILABLE}
2019-07-14 06:52:53,581 INFO  handler.ContextHandler (ContextHandler.java:doStart(781)) - Started o.e.j.w.WebAppContext@2746b1cc{/,file:///tmp/jetty-0.0.0.0-36576-hddsDatanode-_-any-8285956418009154632.dir/webapp/,AVAILABLE}{/hddsDatanode}
2019-07-14 06:52:53,582 INFO  server.AbstractConnector (AbstractConnector.java:doStart(278)) - Started ServerConnector@6bcf2780{HTTP/1.1,[http/1.1]}{0.0.0.0:36576}
2019-07-14 06:52:53,591 INFO  server.Server (Server.java:doStart(419)) - Started @244877ms
2019-07-14 06:52:53,592 INFO  server.BaseHttpServer (BaseHttpServer.java:updateConnectorAddress(207)) - HTTP server of HDDSDATANODE is listening at http://0.0.0.0:36576
2019-07-14 06:52:53,708 INFO  ozone.HddsDatanodeService (HddsDatanodeService.java:startPlugins(396)) - Started plug-in org.apache.hadoop.ozone.web.OzoneHddsDatanodeService@3b0b20a8
2019-07-14 06:52:53,709 INFO  impl.MetricsSystemImpl (MetricsSystemImpl.java:init(158)) - HddsDatanode metrics system started (again)
2019-07-14 06:52:53,714 INFO  ozone.HddsDatanodeService (HddsDatanodeService.java:start(185)) - HddsDatanodeService host:trunk-nightly-8c95p-1540871953 ip:192.168.5.144
2019-07-14 06:52:53,715 INFO  util.JvmPauseMonitor (JvmPauseMonitor.java:run(188)) - Starting JVM pause monitor
2019-07-14 06:52:53,716 INFO  datanode.InitDatanodeState (InitDatanodeState.java:persistContainerDatanodeDetails(140)) - DatanodeDetails is persisted to /tmp/workdir/hadoop-ozone/integration-test/target/test-dir/MiniOzoneClusterImpl-776fdfe4-e945-493d-a146-da517978dac5/datanode-4/meta/datanode.id
2019-07-14 06:52:53,736 INFO  volume.HddsVolume (HddsVolume.java:<init>(176)) - Creating Volume: /tmp/workdir/hadoop-ozone/integration-test/target/test-dir/MiniOzoneClusterImpl-776fdfe4-e945-493d-a146-da517978dac5/datanode-5/data/containers/hdds of  storage type : DISK and capacity : 52710309888
2019-07-14 06:52:53,737 INFO  volume.VolumeSet (VolumeSet.java:initializeVolumeSet(170)) - Added Volume : /tmp/workdir/hadoop-ozone/integration-test/target/test-dir/MiniOzoneClusterImpl-776fdfe4-e945-493d-a146-da517978dac5/datanode-5/data/containers/hdds to VolumeSet
2019-07-14 06:52:53,737 INFO  volume.ThrottledAsyncChecker (ThrottledAsyncChecker.java:schedule(140)) - Scheduling a check for org.apache.hadoop.ozone.container.common.volume.HddsVolume@6f3d33bc
2019-07-14 06:52:53,738 INFO  volume.HddsVolumeChecker (HddsVolumeChecker.java:checkAllVolumes(203)) - Scheduled health check for volume org.apache.hadoop.ozone.container.common.volume.HddsVolume@6f3d33bc
2019-07-14 06:52:53,761 INFO  impl.RaftServerProxy (ConfUtils.java:logGet(43)) - raft.rpc.type = GRPC (default)
2019-07-14 06:52:53,761 INFO  grpc.GrpcFactory (GrpcFactory.java:checkPooledByteBufAllocatorUseCacheForAllThreads(45)) - PERFORMANCE WARNING: useCacheForAllThreads is true that may cause Netty to create a lot garbage objects and, as a result, trigger GC.
	It is recommended to disable useCacheForAllThreads by setting -Dorg.apache.ratis.thirdparty.io.netty.allocator.useCacheForAllThreads=false in command line.
2019-07-14 06:52:53,761 INFO  grpc.GrpcConfigKeys$Server (ConfUtils.java:logGet(43)) - raft.grpc.server.port = 0 (default)
2019-07-14 06:52:53,761 INFO  server.GrpcService (ConfUtils.java:logGet(43)) - raft.grpc.message.size.max = 33570816 (custom)
2019-07-14 06:52:53,762 INFO  server.RaftServerConfigKeys (ConfUtils.java:logGet(43)) - raft.server.log.appender.buffer.byte-limit = 33554432 (custom)
2019-07-14 06:52:53,762 INFO  server.GrpcService (ConfUtils.java:logGet(43)) - raft.grpc.flow.control.window = 1MB (=1048576) (default)
2019-07-14 06:52:53,762 INFO  server.RaftServerConfigKeys (ConfUtils.java:logGet(43)) - raft.server.rpc.request.timeout = 3000ms (default)
2019-07-14 06:52:53,762 INFO  server.RaftServerConfigKeys (ConfUtils.java:logGet(43)) - raft.server.storage.dir = [/tmp/workdir/hadoop-ozone/integration-test/target/test-dir/MiniOzoneClusterImpl-776fdfe4-e945-493d-a146-da517978dac5/datanode-5/data/ratis] (custom)
2019-07-14 06:52:53,763 INFO  replication.SimpleContainerDownloader (SimpleContainerDownloader.java:<init>(72)) - Starting container downloader service to copy containers to replicate.
2019-07-14 06:52:53,764 INFO  hdfs.DFSUtil (DFSUtil.java:httpServerTemplateForNNAndJN(1641)) - Starting Web-server for hddsDatanode at: http://0.0.0.0:0
2019-07-14 06:52:53,766 INFO  server.AuthenticationFilter (AuthenticationFilter.java:constructSecretProvider(240)) - Unable to initialize FileSignerSecretProvider, falling back to use random secrets.
2019-07-14 06:52:53,766 WARN  http.HttpRequestLog (HttpRequestLog.java:getRequestLog(97)) - Jetty request log can only be enabled using Log4j
2019-07-14 06:52:53,767 INFO  http.HttpServer2 (HttpServer2.java:addGlobalFilter(975)) - Added global filter 'safety' (class=org.apache.hadoop.http.HttpServer2$QuotingInputFilter)
2019-07-14 06:52:53,767 INFO  http.HttpServer2 (HttpServer2.java:addFilter(948)) - Added filter static_user_filter (class=org.apache.hadoop.http.lib.StaticUserWebFilter$StaticUserFilter) to context hddsDatanode
2019-07-14 06:52:53,768 INFO  http.HttpServer2 (HttpServer2.java:addFilter(958)) - Added filter static_user_filter (class=org.apache.hadoop.http.lib.StaticUserWebFilter$StaticUserFilter) to context static
2019-07-14 06:52:53,768 INFO  http.HttpServer2 (HttpServer2.java:addFilter(958)) - Added filter static_user_filter (class=org.apache.hadoop.http.lib.StaticUserWebFilter$StaticUserFilter) to context logs
2019-07-14 06:52:53,768 INFO  http.HttpServer2 (HttpServer2.java:bindListener(1191)) - Jetty bound to port 36398
2019-07-14 06:52:53,768 INFO  server.Server (Server.java:doStart(351)) - jetty-9.3.24.v20180605, build timestamp: 2018-06-05T17:11:56Z, git hash: 84205aa28f11a4f31f2a3b86d1bba2cc8ab69827
2019-07-14 06:52:53,770 INFO  handler.ContextHandler (ContextHandler.java:doStart(781)) - Started o.e.j.s.ServletContextHandler@6efa2e06{/logs,file:///tmp/workdir/hadoop-ozone/integration-test/target/log,AVAILABLE}
2019-07-14 06:52:53,770 INFO  handler.ContextHandler (ContextHandler.java:doStart(781)) - Started o.e.j.s.ServletContextHandler@4a9a0d9d{/static,jar:file:/home/user/.m2/repository/org/apache/hadoop/hadoop-hdds-container-service/0.5.0-SNAPSHOT/hadoop-hdds-container-service-0.5.0-SNAPSHOT.jar!/webapps/static,AVAILABLE}
2019-07-14 06:52:53,796 INFO  handler.ContextHandler (ContextHandler.java:doStart(781)) - Started o.e.j.w.WebAppContext@6eec564c{/,file:///tmp/jetty-0.0.0.0-36398-hddsDatanode-_-any-6159184717781803344.dir/webapp/,AVAILABLE}{/hddsDatanode}
2019-07-14 06:52:53,796 INFO  server.AbstractConnector (AbstractConnector.java:doStart(278)) - Started ServerConnector@4dd11699{HTTP/1.1,[http/1.1]}{0.0.0.0:36398}
2019-07-14 06:52:53,806 INFO  server.Server (Server.java:doStart(419)) - Started @245091ms
2019-07-14 06:52:53,807 INFO  server.BaseHttpServer (BaseHttpServer.java:updateConnectorAddress(207)) - HTTP server of HDDSDATANODE is listening at http://0.0.0.0:36398
2019-07-14 06:52:53,925 INFO  ozone.HddsDatanodeService (HddsDatanodeService.java:startPlugins(396)) - Started plug-in org.apache.hadoop.ozone.web.OzoneHddsDatanodeService@202d83b9
2019-07-14 06:52:53,926 INFO  ozone.MiniOzoneClusterImpl (MiniOzoneClusterImpl.java:lambda$waitForClusterToBeReady$0(142)) - Waiting for cluster to be ready. Got 0 of 6 DN Heartbeats.
2019-07-14 06:52:53,927 INFO  util.JvmPauseMonitor (JvmPauseMonitor.java:run(188)) - Starting JVM pause monitor
2019-07-14 06:52:53,928 INFO  datanode.InitDatanodeState (InitDatanodeState.java:persistContainerDatanodeDetails(140)) - DatanodeDetails is persisted to /tmp/workdir/hadoop-ozone/integration-test/target/test-dir/MiniOzoneClusterImpl-776fdfe4-e945-493d-a146-da517978dac5/datanode-5/meta/datanode.id
2019-07-14 06:52:54,791 INFO  ozoneimpl.OzoneContainer (OzoneContainer.java:start(186)) - Attempting to start container services.
2019-07-14 06:52:54,791 INFO  ozoneimpl.OzoneContainer (OzoneContainer.java:startContainerScrub(160)) - Background container scrubber has been disabled by hdds.containerscrub.enabled
2019-07-14 06:52:54,791 INFO  ratis.XceiverServerRatis (XceiverServerRatis.java:start(418)) - Starting XceiverServerRatis 61713fc7-dd46-4c26-82a5-6c983c62de7e at port 0
2019-07-14 06:52:54,796 INFO  impl.RaftServerProxy (RaftServerProxy.java:lambda$start$3(299)) - 61713fc7-dd46-4c26-82a5-6c983c62de7e: start RPC server
2019-07-14 06:52:54,797 INFO  server.GrpcService (GrpcService.java:startImpl(149)) - 61713fc7-dd46-4c26-82a5-6c983c62de7e: GrpcService started, listening on 0.0.0.0/0.0.0.0:33303
2019-07-14 06:52:54,798 INFO  ratis.XceiverServerRatis (XceiverServerRatis.java:start(428)) - XceiverServerRatis 61713fc7-dd46-4c26-82a5-6c983c62de7e is started using port 33303
2019-07-14 06:52:54,798 INFO  server.XceiverServerGrpc (XceiverServerGrpc.java:start(161)) - XceiverServerGrpc 61713fc7-dd46-4c26-82a5-6c983c62de7e is started using port 37108
2019-07-14 06:52:54,926 INFO  ozone.MiniOzoneClusterImpl (MiniOzoneClusterImpl.java:lambda$waitForClusterToBeReady$0(142)) - Waiting for cluster to be ready. Got 0 of 6 DN Heartbeats.
2019-07-14 06:52:55,051 INFO  ozoneimpl.OzoneContainer (OzoneContainer.java:start(186)) - Attempting to start container services.
2019-07-14 06:52:55,051 INFO  ozoneimpl.OzoneContainer (OzoneContainer.java:startContainerScrub(160)) - Background container scrubber has been disabled by hdds.containerscrub.enabled
2019-07-14 06:52:55,051 INFO  ratis.XceiverServerRatis (XceiverServerRatis.java:start(418)) - Starting XceiverServerRatis bd478038-e945-461e-b90e-7e4a7365f088 at port 0
2019-07-14 06:52:55,057 INFO  impl.RaftServerProxy (RaftServerProxy.java:lambda$start$3(299)) - bd478038-e945-461e-b90e-7e4a7365f088: start RPC server
2019-07-14 06:52:55,058 INFO  server.GrpcService (GrpcService.java:startImpl(149)) - bd478038-e945-461e-b90e-7e4a7365f088: GrpcService started, listening on 0.0.0.0/0.0.0.0:42407
2019-07-14 06:52:55,058 INFO  ratis.XceiverServerRatis (XceiverServerRatis.java:start(428)) - XceiverServerRatis bd478038-e945-461e-b90e-7e4a7365f088 is started using port 42407
2019-07-14 06:52:55,059 INFO  server.XceiverServerGrpc (XceiverServerGrpc.java:start(161)) - XceiverServerGrpc bd478038-e945-461e-b90e-7e4a7365f088 is started using port 34040
2019-07-14 06:52:55,268 INFO  ozoneimpl.OzoneContainer (OzoneContainer.java:start(186)) - Attempting to start container services.
2019-07-14 06:52:55,268 INFO  ozoneimpl.OzoneContainer (OzoneContainer.java:startContainerScrub(160)) - Background container scrubber has been disabled by hdds.containerscrub.enabled
2019-07-14 06:52:55,268 INFO  ratis.XceiverServerRatis (XceiverServerRatis.java:start(418)) - Starting XceiverServerRatis 5ddcfedb-1ec3-4cbe-93cc-6dc9cf8e9a9b at port 0
2019-07-14 06:52:55,275 INFO  impl.RaftServerProxy (RaftServerProxy.java:lambda$start$3(299)) - 5ddcfedb-1ec3-4cbe-93cc-6dc9cf8e9a9b: start RPC server
2019-07-14 06:52:55,275 INFO  server.GrpcService (GrpcService.java:startImpl(149)) - 5ddcfedb-1ec3-4cbe-93cc-6dc9cf8e9a9b: GrpcService started, listening on 0.0.0.0/0.0.0.0:35523
2019-07-14 06:52:55,276 INFO  ratis.XceiverServerRatis (XceiverServerRatis.java:start(428)) - XceiverServerRatis 5ddcfedb-1ec3-4cbe-93cc-6dc9cf8e9a9b is started using port 35523
2019-07-14 06:52:55,276 INFO  server.XceiverServerGrpc (XceiverServerGrpc.java:start(161)) - XceiverServerGrpc 5ddcfedb-1ec3-4cbe-93cc-6dc9cf8e9a9b is started using port 38777
2019-07-14 06:52:55,495 INFO  ozoneimpl.OzoneContainer (OzoneContainer.java:start(186)) - Attempting to start container services.
2019-07-14 06:52:55,495 INFO  ozoneimpl.OzoneContainer (OzoneContainer.java:startContainerScrub(160)) - Background container scrubber has been disabled by hdds.containerscrub.enabled
2019-07-14 06:52:55,495 INFO  ratis.XceiverServerRatis (XceiverServerRatis.java:start(418)) - Starting XceiverServerRatis b745b9d8-0e41-450a-b915-4099f41803a5 at port 0
2019-07-14 06:52:55,502 INFO  impl.RaftServerProxy (RaftServerProxy.java:lambda$start$3(299)) - b745b9d8-0e41-450a-b915-4099f41803a5: start RPC server
2019-07-14 06:52:55,503 INFO  server.GrpcService (GrpcService.java:startImpl(149)) - b745b9d8-0e41-450a-b915-4099f41803a5: GrpcService started, listening on 0.0.0.0/0.0.0.0:38245
2019-07-14 06:52:55,503 INFO  ratis.XceiverServerRatis (XceiverServerRatis.java:start(428)) - XceiverServerRatis b745b9d8-0e41-450a-b915-4099f41803a5 is started using port 38245
2019-07-14 06:52:55,504 INFO  server.XceiverServerGrpc (XceiverServerGrpc.java:start(161)) - XceiverServerGrpc b745b9d8-0e41-450a-b915-4099f41803a5 is started using port 42893
2019-07-14 06:52:55,729 INFO  ozoneimpl.OzoneContainer (OzoneContainer.java:start(186)) - Attempting to start container services.
2019-07-14 06:52:55,729 INFO  ozoneimpl.OzoneContainer (OzoneContainer.java:startContainerScrub(160)) - Background container scrubber has been disabled by hdds.containerscrub.enabled
2019-07-14 06:52:55,729 INFO  ratis.XceiverServerRatis (XceiverServerRatis.java:start(418)) - Starting XceiverServerRatis 9506c4af-261b-48ce-a71c-abe081543e5e at port 0
2019-07-14 06:52:55,736 INFO  impl.RaftServerProxy (RaftServerProxy.java:lambda$start$3(299)) - 9506c4af-261b-48ce-a71c-abe081543e5e: start RPC server
2019-07-14 06:52:55,737 INFO  server.GrpcService (GrpcService.java:startImpl(149)) - 9506c4af-261b-48ce-a71c-abe081543e5e: GrpcService started, listening on 0.0.0.0/0.0.0.0:46473
2019-07-14 06:52:55,737 INFO  ratis.XceiverServerRatis (XceiverServerRatis.java:start(428)) - XceiverServerRatis 9506c4af-261b-48ce-a71c-abe081543e5e is started using port 46473
2019-07-14 06:52:55,737 INFO  server.XceiverServerGrpc (XceiverServerGrpc.java:start(161)) - XceiverServerGrpc 9506c4af-261b-48ce-a71c-abe081543e5e is started using port 38219
2019-07-14 06:52:55,927 INFO  ozone.MiniOzoneClusterImpl (MiniOzoneClusterImpl.java:lambda$waitForClusterToBeReady$0(142)) - Waiting for cluster to be ready. Got 0 of 6 DN Heartbeats.
2019-07-14 06:52:55,933 INFO  ozoneimpl.OzoneContainer (OzoneContainer.java:start(186)) - Attempting to start container services.
2019-07-14 06:52:55,933 INFO  ozoneimpl.OzoneContainer (OzoneContainer.java:startContainerScrub(160)) - Background container scrubber has been disabled by hdds.containerscrub.enabled
2019-07-14 06:52:55,933 INFO  ratis.XceiverServerRatis (XceiverServerRatis.java:start(418)) - Starting XceiverServerRatis a89baacc-951e-4b02-9e01-bb62a6f8d36f at port 0
2019-07-14 06:52:55,940 INFO  impl.RaftServerProxy (RaftServerProxy.java:lambda$start$3(299)) - a89baacc-951e-4b02-9e01-bb62a6f8d36f: start RPC server
2019-07-14 06:52:55,941 INFO  server.GrpcService (GrpcService.java:startImpl(149)) - a89baacc-951e-4b02-9e01-bb62a6f8d36f: GrpcService started, listening on 0.0.0.0/0.0.0.0:36586
2019-07-14 06:52:55,941 INFO  ratis.XceiverServerRatis (XceiverServerRatis.java:start(428)) - XceiverServerRatis a89baacc-951e-4b02-9e01-bb62a6f8d36f is started using port 36586
2019-07-14 06:52:55,941 INFO  server.XceiverServerGrpc (XceiverServerGrpc.java:start(161)) - XceiverServerGrpc a89baacc-951e-4b02-9e01-bb62a6f8d36f is started using port 45002
2019-07-14 06:52:56,215 INFO  impl.FollowerState (FollowerState.java:run(106)) - 9bda9dad-fadd-43bb-a848-649d686737da:group-767F60FE3A80 changes to CANDIDATE, lastRpcTime:5106, electionTimeout:5106ms
2019-07-14 06:52:56,215 INFO  impl.RoleInfo (RoleInfo.java:shutdownFollowerState(121)) - 9bda9dad-fadd-43bb-a848-649d686737da: shutdown FollowerState
2019-07-14 06:52:56,215 INFO  impl.RaftServerImpl (RaftServerImpl.java:setRole(171)) - 9bda9dad-fadd-43bb-a848-649d686737da:group-767F60FE3A80 changes role from FOLLOWER to CANDIDATE at term 9 for changeToCandidate
2019-07-14 06:52:56,215 INFO  impl.RoleInfo (RoleInfo.java:updateAndGet(143)) - 9bda9dad-fadd-43bb-a848-649d686737da: start LeaderElection
2019-07-14 06:52:56,229 INFO  impl.LeaderElection (LeaderElection.java:askForVotes(181)) - 9bda9dad-fadd-43bb-a848-649d686737da:group-767F60FE3A80:LeaderElection75: begin an election at term 10 for 0: [ec8ecf58-59d7-498d-96c5-eba8c5551cd0:192.168.5.144:32783, d2125c14-bf5b-4a89-9656-01806452c152:192.168.5.144:36331, 9bda9dad-fadd-43bb-a848-649d686737da:192.168.5.144:44514], old=null
2019-07-14 06:52:56,230 INFO  impl.LeaderElection (LogUtils.java:infoOrTrace(149)) - 9bda9dad-fadd-43bb-a848-649d686737da:group-767F60FE3A80:LeaderElection75 got exception when requesting votes: {}
java.util.concurrent.ExecutionException: org.apache.ratis.thirdparty.io.grpc.StatusRuntimeException: UNAVAILABLE: io exception
	at java.util.concurrent.FutureTask.report(FutureTask.java:122)
	at java.util.concurrent.FutureTask.get(FutureTask.java:192)
	at org.apache.ratis.server.impl.LeaderElection.waitForResults(LeaderElection.java:262)
	at org.apache.ratis.server.impl.LeaderElection.askForVotes(LeaderElection.java:200)
	at org.apache.ratis.server.impl.LeaderElection.run(LeaderElection.java:130)
	at java.lang.Thread.run(Thread.java:748)
Caused by: org.apache.ratis.thirdparty.io.grpc.StatusRuntimeException: UNAVAILABLE: io exception
	at org.apache.ratis.thirdparty.io.grpc.stub.ClientCalls.toStatusRuntimeException(ClientCalls.java:233)
	at org.apache.ratis.thirdparty.io.grpc.stub.ClientCalls.getUnchecked(ClientCalls.java:214)
	at org.apache.ratis.thirdparty.io.grpc.stub.ClientCalls.blockingUnaryCall(ClientCalls.java:139)
	at org.apache.ratis.proto.grpc.RaftServerProtocolServiceGrpc$RaftServerProtocolServiceBlockingStub.requestVote(RaftServerProtocolServiceGrpc.java:265)
	at org.apache.ratis.grpc.server.GrpcServerProtocolClient.requestVote(GrpcServerProtocolClient.java:83)
	at org.apache.ratis.grpc.server.GrpcService.requestVote(GrpcService.java:195)
	at org.apache.ratis.server.impl.LeaderElection.lambda$submitRequests$1(LeaderElection.java:237)
	at java.util.concurrent.FutureTask.run(FutureTask.java:266)
	at java.util.concurrent.Executors$RunnableAdapter.call(Executors.java:511)
	at java.util.concurrent.FutureTask.run(FutureTask.java:266)
	at java.util.concurrent.ThreadPoolExecutor.runWorker(ThreadPoolExecutor.java:1149)
	at java.util.concurrent.ThreadPoolExecutor$Worker.run(ThreadPoolExecutor.java:624)
	... 1 more
Caused by: org.apache.ratis.thirdparty.io.netty.channel.AbstractChannel$AnnotatedConnectException: Connection refused: /192.168.5.144:36331
	at sun.nio.ch.SocketChannelImpl.checkConnect(Native Method)
	at sun.nio.ch.SocketChannelImpl.finishConnect(SocketChannelImpl.java:717)
	at org.apache.ratis.thirdparty.io.netty.channel.socket.nio.NioSocketChannel.doFinishConnect(NioSocketChannel.java:327)
	at org.apache.ratis.thirdparty.io.netty.channel.nio.AbstractNioChannel$AbstractNioUnsafe.finishConnect(AbstractNioChannel.java:340)
	at org.apache.ratis.thirdparty.io.netty.channel.nio.NioEventLoop.processSelectedKey(NioEventLoop.java:632)
	at org.apache.ratis.thirdparty.io.netty.channel.nio.NioEventLoop.processSelectedKeysOptimized(NioEventLoop.java:579)
	at org.apache.ratis.thirdparty.io.netty.channel.nio.NioEventLoop.processSelectedKeys(NioEventLoop.java:496)
	at org.apache.ratis.thirdparty.io.netty.channel.nio.NioEventLoop.run(NioEventLoop.java:458)
	at org.apache.ratis.thirdparty.io.netty.util.concurrent.SingleThreadEventExecutor$5.run(SingleThreadEventExecutor.java:897)
	at org.apache.ratis.thirdparty.io.netty.util.concurrent.FastThreadLocalRunnable.run(FastThreadLocalRunnable.java:30)
	... 1 more
Caused by: java.net.ConnectException: Connection refused
	... 11 more
2019-07-14 06:52:56,243 INFO  impl.LeaderElection (LogUtils.java:infoOrTrace(149)) - 9bda9dad-fadd-43bb-a848-649d686737da:group-767F60FE3A80:LeaderElection75 got exception when requesting votes: {}
java.util.concurrent.ExecutionException: org.apache.ratis.thirdparty.io.grpc.StatusRuntimeException: UNAVAILABLE: io exception
	at java.util.concurrent.FutureTask.report(FutureTask.java:122)
	at java.util.concurrent.FutureTask.get(FutureTask.java:192)
	at org.apache.ratis.server.impl.LeaderElection.waitForResults(LeaderElection.java:262)
	at org.apache.ratis.server.impl.LeaderElection.askForVotes(LeaderElection.java:200)
	at org.apache.ratis.server.impl.LeaderElection.run(LeaderElection.java:130)
	at java.lang.Thread.run(Thread.java:748)
Caused by: org.apache.ratis.thirdparty.io.grpc.StatusRuntimeException: UNAVAILABLE: io exception
	at org.apache.ratis.thirdparty.io.grpc.stub.ClientCalls.toStatusRuntimeException(ClientCalls.java:233)
	at org.apache.ratis.thirdparty.io.grpc.stub.ClientCalls.getUnchecked(ClientCalls.java:214)
	at org.apache.ratis.thirdparty.io.grpc.stub.ClientCalls.blockingUnaryCall(ClientCalls.java:139)
	at org.apache.ratis.proto.grpc.RaftServerProtocolServiceGrpc$RaftServerProtocolServiceBlockingStub.requestVote(RaftServerProtocolServiceGrpc.java:265)
	at org.apache.ratis.grpc.server.GrpcServerProtocolClient.requestVote(GrpcServerProtocolClient.java:83)
	at org.apache.ratis.grpc.server.GrpcService.requestVote(GrpcService.java:195)
	at org.apache.ratis.server.impl.LeaderElection.lambda$submitRequests$1(LeaderElection.java:237)
	at java.util.concurrent.FutureTask.run(FutureTask.java:266)
	at java.util.concurrent.Executors$RunnableAdapter.call(Executors.java:511)
	at java.util.concurrent.FutureTask.run(FutureTask.java:266)
	at java.util.concurrent.ThreadPoolExecutor.runWorker(ThreadPoolExecutor.java:1149)
	at java.util.concurrent.ThreadPoolExecutor$Worker.run(ThreadPoolExecutor.java:624)
	... 1 more
Caused by: org.apache.ratis.thirdparty.io.netty.channel.AbstractChannel$AnnotatedConnectException: Connection refused: /192.168.5.144:32783
	at sun.nio.ch.SocketChannelImpl.checkConnect(Native Method)
	at sun.nio.ch.SocketChannelImpl.finishConnect(SocketChannelImpl.java:717)
	at org.apache.ratis.thirdparty.io.netty.channel.socket.nio.NioSocketChannel.doFinishConnect(NioSocketChannel.java:327)
	at org.apache.ratis.thirdparty.io.netty.channel.nio.AbstractNioChannel$AbstractNioUnsafe.finishConnect(AbstractNioChannel.java:340)
	at org.apache.ratis.thirdparty.io.netty.channel.nio.NioEventLoop.processSelectedKey(NioEventLoop.java:632)
	at org.apache.ratis.thirdparty.io.netty.channel.nio.NioEventLoop.processSelectedKeysOptimized(NioEventLoop.java:579)
	at org.apache.ratis.thirdparty.io.netty.channel.nio.NioEventLoop.processSelectedKeys(NioEventLoop.java:496)
	at org.apache.ratis.thirdparty.io.netty.channel.nio.NioEventLoop.run(NioEventLoop.java:458)
	at org.apache.ratis.thirdparty.io.netty.util.concurrent.SingleThreadEventExecutor$5.run(SingleThreadEventExecutor.java:897)
	at org.apache.ratis.thirdparty.io.netty.util.concurrent.FastThreadLocalRunnable.run(FastThreadLocalRunnable.java:30)
	... 1 more
Caused by: java.net.ConnectException: Connection refused
	... 11 more
2019-07-14 06:52:56,251 INFO  impl.LeaderElection (LeaderElection.java:logAndReturn(56)) - 9bda9dad-fadd-43bb-a848-649d686737da:group-767F60FE3A80:LeaderElection75: Election REJECTED; received 0 response(s) [] and 2 exception(s); 9bda9dad-fadd-43bb-a848-649d686737da:t10, leader=null, voted=9bda9dad-fadd-43bb-a848-649d686737da, raftlog=9bda9dad-fadd-43bb-a848-649d686737da-SegmentedRaftLog:OPENED:c36,f36,i36, conf=0: [ec8ecf58-59d7-498d-96c5-eba8c5551cd0:192.168.5.144:32783, d2125c14-bf5b-4a89-9656-01806452c152:192.168.5.144:36331, 9bda9dad-fadd-43bb-a848-649d686737da:192.168.5.144:44514], old=null
2019-07-14 06:52:56,251 INFO  impl.LeaderElection (LogUtils.java:infoOrTrace(149)) -   Exception 0: {}
java.util.concurrent.ExecutionException: org.apache.ratis.thirdparty.io.grpc.StatusRuntimeException: UNAVAILABLE: io exception
	at java.util.concurrent.FutureTask.report(FutureTask.java:122)
	at java.util.concurrent.FutureTask.get(FutureTask.java:192)
	at org.apache.ratis.server.impl.LeaderElection.waitForResults(LeaderElection.java:262)
	at org.apache.ratis.server.impl.LeaderElection.askForVotes(LeaderElection.java:200)
	at org.apache.ratis.server.impl.LeaderElection.run(LeaderElection.java:130)
	at java.lang.Thread.run(Thread.java:748)
Caused by: org.apache.ratis.thirdparty.io.grpc.StatusRuntimeException: UNAVAILABLE: io exception
	at org.apache.ratis.thirdparty.io.grpc.stub.ClientCalls.toStatusRuntimeException(ClientCalls.java:233)
	at org.apache.ratis.thirdparty.io.grpc.stub.ClientCalls.getUnchecked(ClientCalls.java:214)
	at org.apache.ratis.thirdparty.io.grpc.stub.ClientCalls.blockingUnaryCall(ClientCalls.java:139)
	at org.apache.ratis.proto.grpc.RaftServerProtocolServiceGrpc$RaftServerProtocolServiceBlockingStub.requestVote(RaftServerProtocolServiceGrpc.java:265)
	at org.apache.ratis.grpc.server.GrpcServerProtocolClient.requestVote(GrpcServerProtocolClient.java:83)
	at org.apache.ratis.grpc.server.GrpcService.requestVote(GrpcService.java:195)
	at org.apache.ratis.server.impl.LeaderElection.lambda$submitRequests$1(LeaderElection.java:237)
	at java.util.concurrent.FutureTask.run(FutureTask.java:266)
	at java.util.concurrent.Executors$RunnableAdapter.call(Executors.java:511)
	at java.util.concurrent.FutureTask.run(FutureTask.java:266)
	at java.util.concurrent.ThreadPoolExecutor.runWorker(ThreadPoolExecutor.java:1149)
	at java.util.concurrent.ThreadPoolExecutor$Worker.run(ThreadPoolExecutor.java:624)
	... 1 more
Caused by: org.apache.ratis.thirdparty.io.netty.channel.AbstractChannel$AnnotatedConnectException: Connection refused: /192.168.5.144:36331
	at sun.nio.ch.SocketChannelImpl.checkConnect(Native Method)
	at sun.nio.ch.SocketChannelImpl.finishConnect(SocketChannelImpl.java:717)
	at org.apache.ratis.thirdparty.io.netty.channel.socket.nio.NioSocketChannel.doFinishConnect(NioSocketChannel.java:327)
	at org.apache.ratis.thirdparty.io.netty.channel.nio.AbstractNioChannel$AbstractNioUnsafe.finishConnect(AbstractNioChannel.java:340)
	at org.apache.ratis.thirdparty.io.netty.channel.nio.NioEventLoop.processSelectedKey(NioEventLoop.java:632)
	at org.apache.ratis.thirdparty.io.netty.channel.nio.NioEventLoop.processSelectedKeysOptimized(NioEventLoop.java:579)
	at org.apache.ratis.thirdparty.io.netty.channel.nio.NioEventLoop.processSelectedKeys(NioEventLoop.java:496)
	at org.apache.ratis.thirdparty.io.netty.channel.nio.NioEventLoop.run(NioEventLoop.java:458)
	at org.apache.ratis.thirdparty.io.netty.util.concurrent.SingleThreadEventExecutor$5.run(SingleThreadEventExecutor.java:897)
	at org.apache.ratis.thirdparty.io.netty.util.concurrent.FastThreadLocalRunnable.run(FastThreadLocalRunnable.java:30)
	... 1 more
Caused by: java.net.ConnectException: Connection refused
	... 11 more
2019-07-14 06:52:56,251 INFO  impl.LeaderElection (LogUtils.java:infoOrTrace(149)) -   Exception 1: {}
java.util.concurrent.ExecutionException: org.apache.ratis.thirdparty.io.grpc.StatusRuntimeException: UNAVAILABLE: io exception
	at java.util.concurrent.FutureTask.report(FutureTask.java:122)
	at java.util.concurrent.FutureTask.get(FutureTask.java:192)
	at org.apache.ratis.server.impl.LeaderElection.waitForResults(LeaderElection.java:262)
	at org.apache.ratis.server.impl.LeaderElection.askForVotes(LeaderElection.java:200)
	at org.apache.ratis.server.impl.LeaderElection.run(LeaderElection.java:130)
	at java.lang.Thread.run(Thread.java:748)
Caused by: org.apache.ratis.thirdparty.io.grpc.StatusRuntimeException: UNAVAILABLE: io exception
	at org.apache.ratis.thirdparty.io.grpc.stub.ClientCalls.toStatusRuntimeException(ClientCalls.java:233)
	at org.apache.ratis.thirdparty.io.grpc.stub.ClientCalls.getUnchecked(ClientCalls.java:214)
	at org.apache.ratis.thirdparty.io.grpc.stub.ClientCalls.blockingUnaryCall(ClientCalls.java:139)
	at org.apache.ratis.proto.grpc.RaftServerProtocolServiceGrpc$RaftServerProtocolServiceBlockingStub.requestVote(RaftServerProtocolServiceGrpc.java:265)
	at org.apache.ratis.grpc.server.GrpcServerProtocolClient.requestVote(GrpcServerProtocolClient.java:83)
	at org.apache.ratis.grpc.server.GrpcService.requestVote(GrpcService.java:195)
	at org.apache.ratis.server.impl.LeaderElection.lambda$submitRequests$1(LeaderElection.java:237)
	at java.util.concurrent.FutureTask.run(FutureTask.java:266)
	at java.util.concurrent.Executors$RunnableAdapter.call(Executors.java:511)
	at java.util.concurrent.FutureTask.run(FutureTask.java:266)
	at java.util.concurrent.ThreadPoolExecutor.runWorker(ThreadPoolExecutor.java:1149)
	at java.util.concurrent.ThreadPoolExecutor$Worker.run(ThreadPoolExecutor.java:624)
	... 1 more
Caused by: org.apache.ratis.thirdparty.io.netty.channel.AbstractChannel$AnnotatedConnectException: Connection refused: /192.168.5.144:32783
	at sun.nio.ch.SocketChannelImpl.checkConnect(Native Method)
	at sun.nio.ch.SocketChannelImpl.finishConnect(SocketChannelImpl.java:717)
	at org.apache.ratis.thirdparty.io.netty.channel.socket.nio.NioSocketChannel.doFinishConnect(NioSocketChannel.java:327)
	at org.apache.ratis.thirdparty.io.netty.channel.nio.AbstractNioChannel$AbstractNioUnsafe.finishConnect(AbstractNioChannel.java:340)
	at org.apache.ratis.thirdparty.io.netty.channel.nio.NioEventLoop.processSelectedKey(NioEventLoop.java:632)
	at org.apache.ratis.thirdparty.io.netty.channel.nio.NioEventLoop.processSelectedKeysOptimized(NioEventLoop.java:579)
	at org.apache.ratis.thirdparty.io.netty.channel.nio.NioEventLoop.processSelectedKeys(NioEventLoop.java:496)
	at org.apache.ratis.thirdparty.io.netty.channel.nio.NioEventLoop.run(NioEventLoop.java:458)
	at org.apache.ratis.thirdparty.io.netty.util.concurrent.SingleThreadEventExecutor$5.run(SingleThreadEventExecutor.java:897)
	at org.apache.ratis.thirdparty.io.netty.util.concurrent.FastThreadLocalRunnable.run(FastThreadLocalRunnable.java:30)
	... 1 more
Caused by: java.net.ConnectException: Connection refused
	... 11 more
2019-07-14 06:52:56,252 INFO  impl.RaftServerImpl (RaftServerImpl.java:setRole(171)) - 9bda9dad-fadd-43bb-a848-649d686737da:group-767F60FE3A80 changes role from CANDIDATE to FOLLOWER at term 10 for DISCOVERED_A_NEW_TERM
2019-07-14 06:52:56,252 INFO  impl.RoleInfo (RoleInfo.java:shutdownLeaderElection(134)) - 9bda9dad-fadd-43bb-a848-649d686737da: shutdown LeaderElection
2019-07-14 06:52:56,252 INFO  impl.RoleInfo (RoleInfo.java:updateAndGet(143)) - 9bda9dad-fadd-43bb-a848-649d686737da: start FollowerState
2019-07-14 06:52:56,772 INFO  net.NetworkTopology (NetworkTopologyImpl.java:add(110)) - Added a new node: /default-rack/192.168.5.144
2019-07-14 06:52:56,781 INFO  node.SCMNodeManager (SCMNodeManager.java:register(269)) - Registered Data node : 61713fc7-dd46-4c26-82a5-6c983c62de7e{ip: 192.168.5.144, host: trunk-nightly-8c95p-1540871953, networkLocation: /default-rack, certSerialId: null}
2019-07-14 06:52:56,782 INFO  safemode.SCMSafeModeManager (DataNodeSafeModeRule.java:process(71)) - SCM in safe mode. 1 DataNodes registered, 1 required.
2019-07-14 06:52:56,790 INFO  safemode.SCMSafeModeManager (SCMSafeModeManager.java:validateSafeModeExitRules(177)) - ScmSafeModeManager, all rules are successfully validated
2019-07-14 06:52:56,790 INFO  safemode.SCMSafeModeManager (SCMSafeModeManager.java:exitSafeMode(193)) - SCM exiting safe mode.
2019-07-14 06:52:56,803 INFO  impl.RaftServerProxy (RaftServerProxy.java:addNew(89)) - 61713fc7-dd46-4c26-82a5-6c983c62de7e: addNew group-AA19911C5AD7:[61713fc7-dd46-4c26-82a5-6c983c62de7e:192.168.5.144:33303] returns group-AA19911C5AD7:java.util.concurrent.CompletableFuture@34f46369[Not completed]
2019-07-14 06:52:56,804 INFO  impl.RaftServerImpl (RaftServerImpl.java:<init>(93)) - 61713fc7-dd46-4c26-82a5-6c983c62de7e: new RaftServerImpl for group-AA19911C5AD7:[61713fc7-dd46-4c26-82a5-6c983c62de7e:192.168.5.144:33303] with ContainerStateMachine:uninitialized
2019-07-14 06:52:56,804 INFO  server.RaftServerConfigKeys (ConfUtils.java:logGet(43)) - raft.server.rpc.timeout.min = 5s (custom)
2019-07-14 06:52:56,804 INFO  server.RaftServerConfigKeys (ConfUtils.java:logGet(43)) - raft.server.rpc.timeout.max = 5200ms (custom)
2019-07-14 06:52:56,804 INFO  server.RaftServerConfigKeys (ConfUtils.java:logGet(43)) - raft.server.rpcslowness.timeout = 120s (custom)
2019-07-14 06:52:56,805 INFO  server.RaftServerConfigKeys (ConfUtils.java:logGet(43)) - raft.server.sleep.deviation.threshold = 300 (default)
2019-07-14 06:52:56,805 INFO  server.RaftServerConfigKeys (ConfUtils.java:logGet(43)) - raft.server.log.appender.install.snapshot.enabled = false (custom)
2019-07-14 06:52:56,805 INFO  impl.RaftServerImpl (ServerState.java:<init>(105)) - 61713fc7-dd46-4c26-82a5-6c983c62de7e:group-AA19911C5AD7 ConfigurationManager, init=-1: [61713fc7-dd46-4c26-82a5-6c983c62de7e:192.168.5.144:33303], old=null, confs=<EMPTY_MAP>
2019-07-14 06:52:56,805 INFO  server.RaftServerConfigKeys (ConfUtils.java:logGet(43)) - raft.server.storage.dir = [/tmp/workdir/hadoop-ozone/integration-test/target/test-dir/MiniOzoneClusterImpl-776fdfe4-e945-493d-a146-da517978dac5/datanode-0/data/ratis] (custom)
2019-07-14 06:52:56,806 INFO  storage.RaftStorageDirectory (RaftStorageDirectory.java:analyzeStorage(246)) - The storage directory /tmp/workdir/hadoop-ozone/integration-test/target/test-dir/MiniOzoneClusterImpl-776fdfe4-e945-493d-a146-da517978dac5/datanode-0/data/ratis/4582a955-2808-454b-bd48-aa19911c5ad7 does not exist. Creating ...
2019-07-14 06:52:56,819 INFO  storage.RaftStorageDirectory (RaftStorageDirectory.java:tryLock(328)) - Lock on /tmp/workdir/hadoop-ozone/integration-test/target/test-dir/MiniOzoneClusterImpl-776fdfe4-e945-493d-a146-da517978dac5/datanode-0/data/ratis/4582a955-2808-454b-bd48-aa19911c5ad7/in_use.lock acquired by nodename 3046@trunk-nightly-8c95p-1540871953
2019-07-14 06:52:56,822 INFO  storage.RaftStorage (RaftStorage.java:format(72)) - Storage directory /tmp/workdir/hadoop-ozone/integration-test/target/test-dir/MiniOzoneClusterImpl-776fdfe4-e945-493d-a146-da517978dac5/datanode-0/data/ratis/4582a955-2808-454b-bd48-aa19911c5ad7 has been successfully formatted.
2019-07-14 06:52:56,822 INFO  ratis.ContainerStateMachine (ContainerStateMachine.java:loadSnapshot(200)) - group-AA19911C5AD7: The snapshot info is null. Setting the last applied indexto:(t:0, i:~)
2019-07-14 06:52:56,823 INFO  server.RaftServerConfigKeys (ConfUtils.java:logGet(43)) - raft.server.leader.election.timeout = 120s (custom)
2019-07-14 06:52:56,823 INFO  server.RaftServerConfigKeys (ConfUtils.java:logGet(43)) - raft.server.log.use.memory = false (default)
2019-07-14 06:52:56,823 INFO  server.RaftServerConfigKeys (ConfUtils.java:logGet(43)) - raft.server.log.purge.gap = 1000000000 (custom)
2019-07-14 06:52:56,823 INFO  server.RaftServerConfigKeys (ConfUtils.java:logGet(43)) - raft.server.log.appender.buffer.byte-limit = 33554432 (custom)
2019-07-14 06:52:56,823 INFO  server.RaftServerConfigKeys (ConfUtils.java:logGet(43)) - raft.server.log.segment.size.max = 1048576 (custom)
2019-07-14 06:52:56,823 INFO  server.RaftServerConfigKeys (ConfUtils.java:logGet(43)) - raft.server.log.segment.cache.num.max = 2 (custom)
2019-07-14 06:52:56,824 INFO  segmented.SegmentedRaftLogWorker (SegmentedRaftLogWorker.java:<init>(172)) - new 61713fc7-dd46-4c26-82a5-6c983c62de7e-SegmentedRaftLogWorker:Storage Directory /tmp/workdir/hadoop-ozone/integration-test/target/test-dir/MiniOzoneClusterImpl-776fdfe4-e945-493d-a146-da517978dac5/datanode-0/data/ratis/4582a955-2808-454b-bd48-aa19911c5ad7 for RaftStorage:Storage Directory /tmp/workdir/hadoop-ozone/integration-test/target/test-dir/MiniOzoneClusterImpl-776fdfe4-e945-493d-a146-da517978dac5/datanode-0/data/ratis/4582a955-2808-454b-bd48-aa19911c5ad7
2019-07-14 06:52:56,824 INFO  server.RaftServerConfigKeys (ConfUtils.java:logGet(43)) - raft.server.log.queue.byte-limit = 2147483647 (custom)
2019-07-14 06:52:56,824 INFO  server.RaftServerConfigKeys (ConfUtils.java:logGet(43)) - raft.server.log.queue.element-limit = 1024 (custom)
2019-07-14 06:52:56,824 INFO  server.RaftServerConfigKeys (ConfUtils.java:logGet(43)) - raft.server.log.segment.size.max = 1048576 (custom)
2019-07-14 06:52:56,825 INFO  server.RaftServerConfigKeys (ConfUtils.java:logGet(43)) - raft.server.log.preallocated.size = 16384 (custom)
2019-07-14 06:52:56,825 INFO  server.RaftServerConfigKeys (ConfUtils.java:logGet(43)) - raft.server.log.write.buffer.size = 33554432 (custom)
2019-07-14 06:52:56,825 INFO  server.RaftServerConfigKeys (ConfUtils.java:logGet(43)) - raft.server.log.force.sync.num = 128 (default)
2019-07-14 06:52:56,825 INFO  server.RaftServerConfigKeys (ConfUtils.java:logGet(43)) - raft.server.log.statemachine.data.sync = true (default)
2019-07-14 06:52:56,825 INFO  server.RaftServerConfigKeys (ConfUtils.java:logGet(43)) - raft.server.log.statemachine.data.sync.timeout = 10s (default)
2019-07-14 06:52:56,826 INFO  server.RaftServerConfigKeys (ConfUtils.java:logGet(43)) - raft.server.log.statemachine.data.sync.timeout.retry = -1 (default)
2019-07-14 06:52:56,826 INFO  server.RaftServerConfigKeys (ConfUtils.java:logGet(43)) - raft.server.log.statemachine.data.caching.enabled = true (custom)
2019-07-14 06:52:56,826 INFO  segmented.SegmentedRaftLogWorker (SegmentedRaftLogWorker.java:lambda$new$0(132)) - 61713fc7-dd46-4c26-82a5-6c983c62de7e-SegmentedRaftLogWorker:Storage Directory /tmp/workdir/hadoop-ozone/integration-test/target/test-dir/MiniOzoneClusterImpl-776fdfe4-e945-493d-a146-da517978dac5/datanode-0/data/ratis/4582a955-2808-454b-bd48-aa19911c5ad7: flushIndex: setUnconditionally 0 -> -1
2019-07-14 06:52:56,827 INFO  server.RaftServerConfigKeys (ConfUtils.java:logGet(43)) - raft.server.snapshot.auto.trigger.enabled = true (custom)
2019-07-14 06:52:56,827 INFO  server.RaftServerConfigKeys (ConfUtils.java:logGet(43)) - raft.server.snapshot.auto.trigger.threshold = 10000 (custom)
2019-07-14 06:52:56,827 INFO  server.RaftServerConfigKeys (ConfUtils.java:logGet(43)) - raft.server.retrycache.expirytime = 600000ms (custom)
2019-07-14 06:52:56,827 INFO  impl.RaftServerImpl (RaftServerImpl.java:start(180)) - 61713fc7-dd46-4c26-82a5-6c983c62de7e: start group-AA19911C5AD7
2019-07-14 06:52:56,827 INFO  impl.RaftServerImpl (RaftServerImpl.java:setRole(171)) - 61713fc7-dd46-4c26-82a5-6c983c62de7e:group-AA19911C5AD7 changes role from null to FOLLOWER at term 0 for startAsFollower
2019-07-14 06:52:56,828 INFO  impl.RoleInfo (RoleInfo.java:updateAndGet(143)) - 61713fc7-dd46-4c26-82a5-6c983c62de7e: start FollowerState
2019-07-14 06:52:56,828 INFO  util.JmxRegister (JmxRegister.java:tryRegister(44)) - Successfully registered JMX Bean with object name Ratis:service=RaftServer,group=group-AA19911C5AD7,id=61713fc7-dd46-4c26-82a5-6c983c62de7e
2019-07-14 06:52:56,830 INFO  pipeline.PipelineStateManager (PipelineStateManager.java:addPipeline(56)) - Created pipeline Pipeline[ Id: 4582a955-2808-454b-bd48-aa19911c5ad7, Nodes: 61713fc7-dd46-4c26-82a5-6c983c62de7e{ip: 192.168.5.144, host: trunk-nightly-8c95p-1540871953, networkLocation: /default-rack, certSerialId: null}, Type:RATIS, Factor:ONE, State:OPEN]
2019-07-14 06:52:56,927 INFO  ozone.MiniOzoneClusterImpl (MiniOzoneClusterImpl.java:lambda$waitForClusterToBeReady$0(142)) - Waiting for cluster to be ready. Got 1 of 6 DN Heartbeats.
2019-07-14 06:52:57,029 INFO  node.SCMNodeManager (SCMNodeManager.java:register(269)) - Registered Data node : bd478038-e945-461e-b90e-7e4a7365f088{ip: 192.168.5.144, host: trunk-nightly-8c95p-1540871953, networkLocation: /default-rack, certSerialId: null}
2019-07-14 06:52:57,047 INFO  impl.RaftServerProxy (RaftServerProxy.java:addNew(89)) - bd478038-e945-461e-b90e-7e4a7365f088: addNew group-04611DFC289A:[bd478038-e945-461e-b90e-7e4a7365f088:192.168.5.144:42407] returns group-04611DFC289A:java.util.concurrent.CompletableFuture@2c11450c[Not completed]
2019-07-14 06:52:57,048 INFO  impl.RaftServerImpl (RaftServerImpl.java:<init>(93)) - bd478038-e945-461e-b90e-7e4a7365f088: new RaftServerImpl for group-04611DFC289A:[bd478038-e945-461e-b90e-7e4a7365f088:192.168.5.144:42407] with ContainerStateMachine:uninitialized
2019-07-14 06:52:57,048 INFO  server.RaftServerConfigKeys (ConfUtils.java:logGet(43)) - raft.server.rpc.timeout.min = 5s (custom)
2019-07-14 06:52:57,049 INFO  server.RaftServerConfigKeys (ConfUtils.java:logGet(43)) - raft.server.rpc.timeout.max = 5200ms (custom)
2019-07-14 06:52:57,049 INFO  server.RaftServerConfigKeys (ConfUtils.java:logGet(43)) - raft.server.rpcslowness.timeout = 120s (custom)
2019-07-14 06:52:57,049 INFO  server.RaftServerConfigKeys (ConfUtils.java:logGet(43)) - raft.server.sleep.deviation.threshold = 300 (default)
2019-07-14 06:52:57,049 INFO  server.RaftServerConfigKeys (ConfUtils.java:logGet(43)) - raft.server.log.appender.install.snapshot.enabled = false (custom)
2019-07-14 06:52:57,049 INFO  impl.RaftServerImpl (ServerState.java:<init>(105)) - bd478038-e945-461e-b90e-7e4a7365f088:group-04611DFC289A ConfigurationManager, init=-1: [bd478038-e945-461e-b90e-7e4a7365f088:192.168.5.144:42407], old=null, confs=<EMPTY_MAP>
2019-07-14 06:52:57,049 INFO  server.RaftServerConfigKeys (ConfUtils.java:logGet(43)) - raft.server.storage.dir = [/tmp/workdir/hadoop-ozone/integration-test/target/test-dir/MiniOzoneClusterImpl-776fdfe4-e945-493d-a146-da517978dac5/datanode-1/data/ratis] (custom)
2019-07-14 06:52:57,050 INFO  storage.RaftStorageDirectory (RaftStorageDirectory.java:analyzeStorage(246)) - The storage directory /tmp/workdir/hadoop-ozone/integration-test/target/test-dir/MiniOzoneClusterImpl-776fdfe4-e945-493d-a146-da517978dac5/datanode-1/data/ratis/716c1589-fb06-4508-af95-04611dfc289a does not exist. Creating ...
2019-07-14 06:52:57,056 INFO  storage.RaftStorageDirectory (RaftStorageDirectory.java:tryLock(328)) - Lock on /tmp/workdir/hadoop-ozone/integration-test/target/test-dir/MiniOzoneClusterImpl-776fdfe4-e945-493d-a146-da517978dac5/datanode-1/data/ratis/716c1589-fb06-4508-af95-04611dfc289a/in_use.lock acquired by nodename 3046@trunk-nightly-8c95p-1540871953
2019-07-14 06:52:57,079 INFO  storage.RaftStorage (RaftStorage.java:format(72)) - Storage directory /tmp/workdir/hadoop-ozone/integration-test/target/test-dir/MiniOzoneClusterImpl-776fdfe4-e945-493d-a146-da517978dac5/datanode-1/data/ratis/716c1589-fb06-4508-af95-04611dfc289a has been successfully formatted.
2019-07-14 06:52:57,079 INFO  ratis.ContainerStateMachine (ContainerStateMachine.java:loadSnapshot(200)) - group-04611DFC289A: The snapshot info is null. Setting the last applied indexto:(t:0, i:~)
2019-07-14 06:52:57,079 INFO  server.RaftServerConfigKeys (ConfUtils.java:logGet(43)) - raft.server.leader.election.timeout = 120s (custom)
2019-07-14 06:52:57,079 INFO  server.RaftServerConfigKeys (ConfUtils.java:logGet(43)) - raft.server.log.use.memory = false (default)
2019-07-14 06:52:57,079 INFO  server.RaftServerConfigKeys (ConfUtils.java:logGet(43)) - raft.server.log.purge.gap = 1000000000 (custom)
2019-07-14 06:52:57,080 INFO  server.RaftServerConfigKeys (ConfUtils.java:logGet(43)) - raft.server.log.appender.buffer.byte-limit = 33554432 (custom)
2019-07-14 06:52:57,080 INFO  server.RaftServerConfigKeys (ConfUtils.java:logGet(43)) - raft.server.log.segment.size.max = 1048576 (custom)
2019-07-14 06:52:57,080 INFO  server.RaftServerConfigKeys (ConfUtils.java:logGet(43)) - raft.server.log.segment.cache.num.max = 2 (custom)
2019-07-14 06:52:57,080 INFO  segmented.SegmentedRaftLogWorker (SegmentedRaftLogWorker.java:<init>(172)) - new bd478038-e945-461e-b90e-7e4a7365f088-SegmentedRaftLogWorker:Storage Directory /tmp/workdir/hadoop-ozone/integration-test/target/test-dir/MiniOzoneClusterImpl-776fdfe4-e945-493d-a146-da517978dac5/datanode-1/data/ratis/716c1589-fb06-4508-af95-04611dfc289a for RaftStorage:Storage Directory /tmp/workdir/hadoop-ozone/integration-test/target/test-dir/MiniOzoneClusterImpl-776fdfe4-e945-493d-a146-da517978dac5/datanode-1/data/ratis/716c1589-fb06-4508-af95-04611dfc289a
2019-07-14 06:52:57,080 INFO  server.RaftServerConfigKeys (ConfUtils.java:logGet(43)) - raft.server.log.queue.byte-limit = 2147483647 (custom)
2019-07-14 06:52:57,080 INFO  server.RaftServerConfigKeys (ConfUtils.java:logGet(43)) - raft.server.log.queue.element-limit = 1024 (custom)
2019-07-14 06:52:57,081 INFO  server.RaftServerConfigKeys (ConfUtils.java:logGet(43)) - raft.server.log.segment.size.max = 1048576 (custom)
2019-07-14 06:52:57,081 INFO  server.RaftServerConfigKeys (ConfUtils.java:logGet(43)) - raft.server.log.preallocated.size = 16384 (custom)
2019-07-14 06:52:57,081 INFO  server.RaftServerConfigKeys (ConfUtils.java:logGet(43)) - raft.server.log.write.buffer.size = 33554432 (custom)
2019-07-14 06:52:57,081 INFO  server.RaftServerConfigKeys (ConfUtils.java:logGet(43)) - raft.server.log.force.sync.num = 128 (default)
2019-07-14 06:52:57,081 INFO  server.RaftServerConfigKeys (ConfUtils.java:logGet(43)) - raft.server.log.statemachine.data.sync = true (default)
2019-07-14 06:52:57,081 INFO  server.RaftServerConfigKeys (ConfUtils.java:logGet(43)) - raft.server.log.statemachine.data.sync.timeout = 10s (default)
2019-07-14 06:52:57,081 INFO  server.RaftServerConfigKeys (ConfUtils.java:logGet(43)) - raft.server.log.statemachine.data.sync.timeout.retry = -1 (default)
2019-07-14 06:52:57,082 INFO  server.RaftServerConfigKeys (ConfUtils.java:logGet(43)) - raft.server.log.statemachine.data.caching.enabled = true (custom)
2019-07-14 06:52:57,082 INFO  segmented.SegmentedRaftLogWorker (SegmentedRaftLogWorker.java:lambda$new$0(132)) - bd478038-e945-461e-b90e-7e4a7365f088-SegmentedRaftLogWorker:Storage Directory /tmp/workdir/hadoop-ozone/integration-test/target/test-dir/MiniOzoneClusterImpl-776fdfe4-e945-493d-a146-da517978dac5/datanode-1/data/ratis/716c1589-fb06-4508-af95-04611dfc289a: flushIndex: setUnconditionally 0 -> -1
2019-07-14 06:52:57,083 INFO  server.RaftServerConfigKeys (ConfUtils.java:logGet(43)) - raft.server.snapshot.auto.trigger.enabled = true (custom)
2019-07-14 06:52:57,083 INFO  server.RaftServerConfigKeys (ConfUtils.java:logGet(43)) - raft.server.snapshot.auto.trigger.threshold = 10000 (custom)
2019-07-14 06:52:57,083 INFO  server.RaftServerConfigKeys (ConfUtils.java:logGet(43)) - raft.server.retrycache.expirytime = 600000ms (custom)
2019-07-14 06:52:57,083 INFO  impl.RaftServerImpl (RaftServerImpl.java:start(180)) - bd478038-e945-461e-b90e-7e4a7365f088: start group-04611DFC289A
2019-07-14 06:52:57,083 INFO  impl.RaftServerImpl (RaftServerImpl.java:setRole(171)) - bd478038-e945-461e-b90e-7e4a7365f088:group-04611DFC289A changes role from null to FOLLOWER at term 0 for startAsFollower
2019-07-14 06:52:57,084 INFO  impl.RoleInfo (RoleInfo.java:updateAndGet(143)) - bd478038-e945-461e-b90e-7e4a7365f088: start FollowerState
2019-07-14 06:52:57,084 INFO  util.JmxRegister (JmxRegister.java:tryRegister(44)) - Successfully registered JMX Bean with object name Ratis:service=RaftServer,group=group-04611DFC289A,id=bd478038-e945-461e-b90e-7e4a7365f088
2019-07-14 06:52:57,087 INFO  pipeline.PipelineStateManager (PipelineStateManager.java:addPipeline(56)) - Created pipeline Pipeline[ Id: 716c1589-fb06-4508-af95-04611dfc289a, Nodes: bd478038-e945-461e-b90e-7e4a7365f088{ip: 192.168.5.144, host: trunk-nightly-8c95p-1540871953, networkLocation: /default-rack, certSerialId: null}, Type:RATIS, Factor:ONE, State:OPEN]
2019-07-14 06:52:57,264 INFO  node.SCMNodeManager (SCMNodeManager.java:register(269)) - Registered Data node : 5ddcfedb-1ec3-4cbe-93cc-6dc9cf8e9a9b{ip: 192.168.5.144, host: trunk-nightly-8c95p-1540871953, networkLocation: /default-rack, certSerialId: null}
2019-07-14 06:52:57,282 INFO  impl.RaftServerProxy (RaftServerProxy.java:addNew(89)) - 5ddcfedb-1ec3-4cbe-93cc-6dc9cf8e9a9b: addNew group-56E3A1084FA4:[5ddcfedb-1ec3-4cbe-93cc-6dc9cf8e9a9b:192.168.5.144:35523] returns group-56E3A1084FA4:java.util.concurrent.CompletableFuture@3080c3e7[Not completed]
2019-07-14 06:52:57,284 INFO  impl.RaftServerImpl (RaftServerImpl.java:<init>(93)) - 5ddcfedb-1ec3-4cbe-93cc-6dc9cf8e9a9b: new RaftServerImpl for group-56E3A1084FA4:[5ddcfedb-1ec3-4cbe-93cc-6dc9cf8e9a9b:192.168.5.144:35523] with ContainerStateMachine:uninitialized
2019-07-14 06:52:57,284 INFO  server.RaftServerConfigKeys (ConfUtils.java:logGet(43)) - raft.server.rpc.timeout.min = 5s (custom)
2019-07-14 06:52:57,284 INFO  server.RaftServerConfigKeys (ConfUtils.java:logGet(43)) - raft.server.rpc.timeout.max = 5200ms (custom)
2019-07-14 06:52:57,284 INFO  server.RaftServerConfigKeys (ConfUtils.java:logGet(43)) - raft.server.rpcslowness.timeout = 120s (custom)
2019-07-14 06:52:57,284 INFO  server.RaftServerConfigKeys (ConfUtils.java:logGet(43)) - raft.server.sleep.deviation.threshold = 300 (default)
2019-07-14 06:52:57,285 INFO  server.RaftServerConfigKeys (ConfUtils.java:logGet(43)) - raft.server.log.appender.install.snapshot.enabled = false (custom)
2019-07-14 06:52:57,285 INFO  impl.RaftServerImpl (ServerState.java:<init>(105)) - 5ddcfedb-1ec3-4cbe-93cc-6dc9cf8e9a9b:group-56E3A1084FA4 ConfigurationManager, init=-1: [5ddcfedb-1ec3-4cbe-93cc-6dc9cf8e9a9b:192.168.5.144:35523], old=null, confs=<EMPTY_MAP>
2019-07-14 06:52:57,285 INFO  server.RaftServerConfigKeys (ConfUtils.java:logGet(43)) - raft.server.storage.dir = [/tmp/workdir/hadoop-ozone/integration-test/target/test-dir/MiniOzoneClusterImpl-776fdfe4-e945-493d-a146-da517978dac5/datanode-2/data/ratis] (custom)
2019-07-14 06:52:57,285 INFO  storage.RaftStorageDirectory (RaftStorageDirectory.java:analyzeStorage(246)) - The storage directory /tmp/workdir/hadoop-ozone/integration-test/target/test-dir/MiniOzoneClusterImpl-776fdfe4-e945-493d-a146-da517978dac5/datanode-2/data/ratis/16ba9708-8171-4402-9dba-56e3a1084fa4 does not exist. Creating ...
2019-07-14 06:52:57,298 INFO  storage.RaftStorageDirectory (RaftStorageDirectory.java:tryLock(328)) - Lock on /tmp/workdir/hadoop-ozone/integration-test/target/test-dir/MiniOzoneClusterImpl-776fdfe4-e945-493d-a146-da517978dac5/datanode-2/data/ratis/16ba9708-8171-4402-9dba-56e3a1084fa4/in_use.lock acquired by nodename 3046@trunk-nightly-8c95p-1540871953
2019-07-14 06:52:57,304 INFO  storage.RaftStorage (RaftStorage.java:format(72)) - Storage directory /tmp/workdir/hadoop-ozone/integration-test/target/test-dir/MiniOzoneClusterImpl-776fdfe4-e945-493d-a146-da517978dac5/datanode-2/data/ratis/16ba9708-8171-4402-9dba-56e3a1084fa4 has been successfully formatted.
2019-07-14 06:52:57,305 INFO  ratis.ContainerStateMachine (ContainerStateMachine.java:loadSnapshot(200)) - group-56E3A1084FA4: The snapshot info is null. Setting the last applied indexto:(t:0, i:~)
2019-07-14 06:52:57,305 INFO  server.RaftServerConfigKeys (ConfUtils.java:logGet(43)) - raft.server.leader.election.timeout = 120s (custom)
2019-07-14 06:52:57,305 INFO  server.RaftServerConfigKeys (ConfUtils.java:logGet(43)) - raft.server.log.use.memory = false (default)
2019-07-14 06:52:57,305 INFO  server.RaftServerConfigKeys (ConfUtils.java:logGet(43)) - raft.server.log.purge.gap = 1000000000 (custom)
2019-07-14 06:52:57,305 INFO  server.RaftServerConfigKeys (ConfUtils.java:logGet(43)) - raft.server.log.appender.buffer.byte-limit = 33554432 (custom)
2019-07-14 06:52:57,305 INFO  server.RaftServerConfigKeys (ConfUtils.java:logGet(43)) - raft.server.log.segment.size.max = 1048576 (custom)
2019-07-14 06:52:57,306 INFO  server.RaftServerConfigKeys (ConfUtils.java:logGet(43)) - raft.server.log.segment.cache.num.max = 2 (custom)
2019-07-14 06:52:57,306 INFO  segmented.SegmentedRaftLogWorker (SegmentedRaftLogWorker.java:<init>(172)) - new 5ddcfedb-1ec3-4cbe-93cc-6dc9cf8e9a9b-SegmentedRaftLogWorker:Storage Directory /tmp/workdir/hadoop-ozone/integration-test/target/test-dir/MiniOzoneClusterImpl-776fdfe4-e945-493d-a146-da517978dac5/datanode-2/data/ratis/16ba9708-8171-4402-9dba-56e3a1084fa4 for RaftStorage:Storage Directory /tmp/workdir/hadoop-ozone/integration-test/target/test-dir/MiniOzoneClusterImpl-776fdfe4-e945-493d-a146-da517978dac5/datanode-2/data/ratis/16ba9708-8171-4402-9dba-56e3a1084fa4
2019-07-14 06:52:57,306 INFO  server.RaftServerConfigKeys (ConfUtils.java:logGet(43)) - raft.server.log.queue.byte-limit = 2147483647 (custom)
2019-07-14 06:52:57,306 INFO  server.RaftServerConfigKeys (ConfUtils.java:logGet(43)) - raft.server.log.queue.element-limit = 1024 (custom)
2019-07-14 06:52:57,306 INFO  server.RaftServerConfigKeys (ConfUtils.java:logGet(43)) - raft.server.log.segment.size.max = 1048576 (custom)
2019-07-14 06:52:57,306 INFO  server.RaftServerConfigKeys (ConfUtils.java:logGet(43)) - raft.server.log.preallocated.size = 16384 (custom)
2019-07-14 06:52:57,306 INFO  server.RaftServerConfigKeys (ConfUtils.java:logGet(43)) - raft.server.log.write.buffer.size = 33554432 (custom)
2019-07-14 06:52:57,306 INFO  server.RaftServerConfigKeys (ConfUtils.java:logGet(43)) - raft.server.log.force.sync.num = 128 (default)
2019-07-14 06:52:57,307 INFO  server.RaftServerConfigKeys (ConfUtils.java:logGet(43)) - raft.server.log.statemachine.data.sync = true (default)
2019-07-14 06:52:57,307 INFO  server.RaftServerConfigKeys (ConfUtils.java:logGet(43)) - raft.server.log.statemachine.data.sync.timeout = 10s (default)
2019-07-14 06:52:57,307 INFO  server.RaftServerConfigKeys (ConfUtils.java:logGet(43)) - raft.server.log.statemachine.data.sync.timeout.retry = -1 (default)
2019-07-14 06:52:57,307 INFO  server.RaftServerConfigKeys (ConfUtils.java:logGet(43)) - raft.server.log.statemachine.data.caching.enabled = true (custom)
2019-07-14 06:52:57,307 INFO  segmented.SegmentedRaftLogWorker (SegmentedRaftLogWorker.java:lambda$new$0(132)) - 5ddcfedb-1ec3-4cbe-93cc-6dc9cf8e9a9b-SegmentedRaftLogWorker:Storage Directory /tmp/workdir/hadoop-ozone/integration-test/target/test-dir/MiniOzoneClusterImpl-776fdfe4-e945-493d-a146-da517978dac5/datanode-2/data/ratis/16ba9708-8171-4402-9dba-56e3a1084fa4: flushIndex: setUnconditionally 0 -> -1
2019-07-14 06:52:57,308 INFO  server.RaftServerConfigKeys (ConfUtils.java:logGet(43)) - raft.server.snapshot.auto.trigger.enabled = true (custom)
2019-07-14 06:52:57,308 INFO  server.RaftServerConfigKeys (ConfUtils.java:logGet(43)) - raft.server.snapshot.auto.trigger.threshold = 10000 (custom)
2019-07-14 06:52:57,308 INFO  server.RaftServerConfigKeys (ConfUtils.java:logGet(43)) - raft.server.retrycache.expirytime = 600000ms (custom)
2019-07-14 06:52:57,308 INFO  impl.RaftServerImpl (RaftServerImpl.java:start(180)) - 5ddcfedb-1ec3-4cbe-93cc-6dc9cf8e9a9b: start group-56E3A1084FA4
2019-07-14 06:52:57,308 INFO  impl.RaftServerImpl (RaftServerImpl.java:setRole(171)) - 5ddcfedb-1ec3-4cbe-93cc-6dc9cf8e9a9b:group-56E3A1084FA4 changes role from null to FOLLOWER at term 0 for startAsFollower
2019-07-14 06:52:57,308 INFO  impl.RoleInfo (RoleInfo.java:updateAndGet(143)) - 5ddcfedb-1ec3-4cbe-93cc-6dc9cf8e9a9b: start FollowerState
2019-07-14 06:52:57,309 INFO  util.JmxRegister (JmxRegister.java:tryRegister(44)) - Successfully registered JMX Bean with object name Ratis:service=RaftServer,group=group-56E3A1084FA4,id=5ddcfedb-1ec3-4cbe-93cc-6dc9cf8e9a9b
2019-07-14 06:52:57,311 INFO  pipeline.PipelineStateManager (PipelineStateManager.java:addPipeline(56)) - Created pipeline Pipeline[ Id: 16ba9708-8171-4402-9dba-56e3a1084fa4, Nodes: 5ddcfedb-1ec3-4cbe-93cc-6dc9cf8e9a9b{ip: 192.168.5.144, host: trunk-nightly-8c95p-1540871953, networkLocation: /default-rack, certSerialId: null}, Type:RATIS, Factor:ONE, State:OPEN]
2019-07-14 06:52:57,348 INFO  impl.RaftServerProxy (RaftServerProxy.java:addNew(89)) - 5ddcfedb-1ec3-4cbe-93cc-6dc9cf8e9a9b: addNew group-21806AE7903E:[bd478038-e945-461e-b90e-7e4a7365f088:192.168.5.144:42407, 5ddcfedb-1ec3-4cbe-93cc-6dc9cf8e9a9b:192.168.5.144:35523, 61713fc7-dd46-4c26-82a5-6c983c62de7e:192.168.5.144:33303] returns group-21806AE7903E:java.util.concurrent.CompletableFuture@6afc0170[Not completed]
2019-07-14 06:52:57,348 INFO  impl.RaftServerProxy (RaftServerProxy.java:addNew(89)) - 61713fc7-dd46-4c26-82a5-6c983c62de7e: addNew group-21806AE7903E:[bd478038-e945-461e-b90e-7e4a7365f088:192.168.5.144:42407, 5ddcfedb-1ec3-4cbe-93cc-6dc9cf8e9a9b:192.168.5.144:35523, 61713fc7-dd46-4c26-82a5-6c983c62de7e:192.168.5.144:33303] returns group-21806AE7903E:java.util.concurrent.CompletableFuture@5d17e825[Not completed]
2019-07-14 06:52:57,348 INFO  impl.RaftServerProxy (RaftServerProxy.java:addNew(89)) - bd478038-e945-461e-b90e-7e4a7365f088: addNew group-21806AE7903E:[bd478038-e945-461e-b90e-7e4a7365f088:192.168.5.144:42407, 5ddcfedb-1ec3-4cbe-93cc-6dc9cf8e9a9b:192.168.5.144:35523, 61713fc7-dd46-4c26-82a5-6c983c62de7e:192.168.5.144:33303] returns group-21806AE7903E:java.util.concurrent.CompletableFuture@60e12388[Not completed]
2019-07-14 06:52:57,349 INFO  impl.RaftServerImpl (RaftServerImpl.java:<init>(93)) - 5ddcfedb-1ec3-4cbe-93cc-6dc9cf8e9a9b: new RaftServerImpl for group-21806AE7903E:[bd478038-e945-461e-b90e-7e4a7365f088:192.168.5.144:42407, 5ddcfedb-1ec3-4cbe-93cc-6dc9cf8e9a9b:192.168.5.144:35523, 61713fc7-dd46-4c26-82a5-6c983c62de7e:192.168.5.144:33303] with ContainerStateMachine:uninitialized
2019-07-14 06:52:57,349 INFO  server.RaftServerConfigKeys (ConfUtils.java:logGet(43)) - raft.server.rpc.timeout.min = 5s (custom)
2019-07-14 06:52:57,349 INFO  server.RaftServerConfigKeys (ConfUtils.java:logGet(43)) - raft.server.rpc.timeout.max = 5200ms (custom)
2019-07-14 06:52:57,349 INFO  server.RaftServerConfigKeys (ConfUtils.java:logGet(43)) - raft.server.rpcslowness.timeout = 120s (custom)
2019-07-14 06:52:57,349 INFO  impl.RaftServerImpl (RaftServerImpl.java:<init>(93)) - bd478038-e945-461e-b90e-7e4a7365f088: new RaftServerImpl for group-21806AE7903E:[bd478038-e945-461e-b90e-7e4a7365f088:192.168.5.144:42407, 5ddcfedb-1ec3-4cbe-93cc-6dc9cf8e9a9b:192.168.5.144:35523, 61713fc7-dd46-4c26-82a5-6c983c62de7e:192.168.5.144:33303] with ContainerStateMachine:uninitialized
2019-07-14 06:52:57,349 INFO  server.RaftServerConfigKeys (ConfUtils.java:logGet(43)) - raft.server.sleep.deviation.threshold = 300 (default)
2019-07-14 06:52:57,349 INFO  server.RaftServerConfigKeys (ConfUtils.java:logGet(43)) - raft.server.rpc.timeout.min = 5s (custom)
2019-07-14 06:52:57,350 INFO  server.RaftServerConfigKeys (ConfUtils.java:logGet(43)) - raft.server.log.appender.install.snapshot.enabled = false (custom)
2019-07-14 06:52:57,350 INFO  server.RaftServerConfigKeys (ConfUtils.java:logGet(43)) - raft.server.rpc.timeout.max = 5200ms (custom)
2019-07-14 06:52:57,350 INFO  impl.RaftServerImpl (ServerState.java:<init>(105)) - 5ddcfedb-1ec3-4cbe-93cc-6dc9cf8e9a9b:group-21806AE7903E ConfigurationManager, init=-1: [bd478038-e945-461e-b90e-7e4a7365f088:192.168.5.144:42407, 5ddcfedb-1ec3-4cbe-93cc-6dc9cf8e9a9b:192.168.5.144:35523, 61713fc7-dd46-4c26-82a5-6c983c62de7e:192.168.5.144:33303], old=null, confs=<EMPTY_MAP>
2019-07-14 06:52:57,350 INFO  impl.RaftServerImpl (RaftServerImpl.java:<init>(93)) - 61713fc7-dd46-4c26-82a5-6c983c62de7e: new RaftServerImpl for group-21806AE7903E:[bd478038-e945-461e-b90e-7e4a7365f088:192.168.5.144:42407, 5ddcfedb-1ec3-4cbe-93cc-6dc9cf8e9a9b:192.168.5.144:35523, 61713fc7-dd46-4c26-82a5-6c983c62de7e:192.168.5.144:33303] with ContainerStateMachine:uninitialized
2019-07-14 06:52:57,350 INFO  server.RaftServerConfigKeys (ConfUtils.java:logGet(43)) - raft.server.rpcslowness.timeout = 120s (custom)
2019-07-14 06:52:57,350 INFO  server.RaftServerConfigKeys (ConfUtils.java:logGet(43)) - raft.server.rpc.timeout.min = 5s (custom)
2019-07-14 06:52:57,350 INFO  server.RaftServerConfigKeys (ConfUtils.java:logGet(43)) - raft.server.storage.dir = [/tmp/workdir/hadoop-ozone/integration-test/target/test-dir/MiniOzoneClusterImpl-776fdfe4-e945-493d-a146-da517978dac5/datanode-2/data/ratis] (custom)
2019-07-14 06:52:57,351 INFO  server.RaftServerConfigKeys (ConfUtils.java:logGet(43)) - raft.server.rpc.timeout.max = 5200ms (custom)
2019-07-14 06:52:57,351 INFO  server.RaftServerConfigKeys (ConfUtils.java:logGet(43)) - raft.server.rpcslowness.timeout = 120s (custom)
2019-07-14 06:52:57,350 INFO  server.RaftServerConfigKeys (ConfUtils.java:logGet(43)) - raft.server.sleep.deviation.threshold = 300 (default)
2019-07-14 06:52:57,351 INFO  server.RaftServerConfigKeys (ConfUtils.java:logGet(43)) - raft.server.sleep.deviation.threshold = 300 (default)
2019-07-14 06:52:57,351 INFO  storage.RaftStorageDirectory (RaftStorageDirectory.java:analyzeStorage(246)) - The storage directory /tmp/workdir/hadoop-ozone/integration-test/target/test-dir/MiniOzoneClusterImpl-776fdfe4-e945-493d-a146-da517978dac5/datanode-2/data/ratis/2d5447af-42fa-413c-b9e8-21806ae7903e does not exist. Creating ...
2019-07-14 06:52:57,351 INFO  server.RaftServerConfigKeys (ConfUtils.java:logGet(43)) - raft.server.log.appender.install.snapshot.enabled = false (custom)
2019-07-14 06:52:57,351 INFO  server.RaftServerConfigKeys (ConfUtils.java:logGet(43)) - raft.server.log.appender.install.snapshot.enabled = false (custom)
2019-07-14 06:52:57,352 INFO  impl.RaftServerImpl (ServerState.java:<init>(105)) - 61713fc7-dd46-4c26-82a5-6c983c62de7e:group-21806AE7903E ConfigurationManager, init=-1: [bd478038-e945-461e-b90e-7e4a7365f088:192.168.5.144:42407, 5ddcfedb-1ec3-4cbe-93cc-6dc9cf8e9a9b:192.168.5.144:35523, 61713fc7-dd46-4c26-82a5-6c983c62de7e:192.168.5.144:33303], old=null, confs=<EMPTY_MAP>
2019-07-14 06:52:57,352 INFO  impl.RaftServerImpl (ServerState.java:<init>(105)) - bd478038-e945-461e-b90e-7e4a7365f088:group-21806AE7903E ConfigurationManager, init=-1: [bd478038-e945-461e-b90e-7e4a7365f088:192.168.5.144:42407, 5ddcfedb-1ec3-4cbe-93cc-6dc9cf8e9a9b:192.168.5.144:35523, 61713fc7-dd46-4c26-82a5-6c983c62de7e:192.168.5.144:33303], old=null, confs=<EMPTY_MAP>
2019-07-14 06:52:57,352 INFO  server.RaftServerConfigKeys (ConfUtils.java:logGet(43)) - raft.server.storage.dir = [/tmp/workdir/hadoop-ozone/integration-test/target/test-dir/MiniOzoneClusterImpl-776fdfe4-e945-493d-a146-da517978dac5/datanode-0/data/ratis] (custom)
2019-07-14 06:52:57,352 INFO  server.RaftServerConfigKeys (ConfUtils.java:logGet(43)) - raft.server.storage.dir = [/tmp/workdir/hadoop-ozone/integration-test/target/test-dir/MiniOzoneClusterImpl-776fdfe4-e945-493d-a146-da517978dac5/datanode-1/data/ratis] (custom)
2019-07-14 06:52:57,352 INFO  storage.RaftStorageDirectory (RaftStorageDirectory.java:analyzeStorage(246)) - The storage directory /tmp/workdir/hadoop-ozone/integration-test/target/test-dir/MiniOzoneClusterImpl-776fdfe4-e945-493d-a146-da517978dac5/datanode-0/data/ratis/2d5447af-42fa-413c-b9e8-21806ae7903e does not exist. Creating ...
2019-07-14 06:52:57,352 INFO  storage.RaftStorageDirectory (RaftStorageDirectory.java:analyzeStorage(246)) - The storage directory /tmp/workdir/hadoop-ozone/integration-test/target/test-dir/MiniOzoneClusterImpl-776fdfe4-e945-493d-a146-da517978dac5/datanode-1/data/ratis/2d5447af-42fa-413c-b9e8-21806ae7903e does not exist. Creating ...
2019-07-14 06:52:57,356 INFO  storage.RaftStorageDirectory (RaftStorageDirectory.java:tryLock(328)) - Lock on /tmp/workdir/hadoop-ozone/integration-test/target/test-dir/MiniOzoneClusterImpl-776fdfe4-e945-493d-a146-da517978dac5/datanode-2/data/ratis/2d5447af-42fa-413c-b9e8-21806ae7903e/in_use.lock acquired by nodename 3046@trunk-nightly-8c95p-1540871953
2019-07-14 06:52:57,357 INFO  storage.RaftStorageDirectory (RaftStorageDirectory.java:tryLock(328)) - Lock on /tmp/workdir/hadoop-ozone/integration-test/target/test-dir/MiniOzoneClusterImpl-776fdfe4-e945-493d-a146-da517978dac5/datanode-1/data/ratis/2d5447af-42fa-413c-b9e8-21806ae7903e/in_use.lock acquired by nodename 3046@trunk-nightly-8c95p-1540871953
2019-07-14 06:52:57,357 INFO  storage.RaftStorageDirectory (RaftStorageDirectory.java:tryLock(328)) - Lock on /tmp/workdir/hadoop-ozone/integration-test/target/test-dir/MiniOzoneClusterImpl-776fdfe4-e945-493d-a146-da517978dac5/datanode-0/data/ratis/2d5447af-42fa-413c-b9e8-21806ae7903e/in_use.lock acquired by nodename 3046@trunk-nightly-8c95p-1540871953
2019-07-14 06:52:57,361 INFO  storage.RaftStorage (RaftStorage.java:format(72)) - Storage directory /tmp/workdir/hadoop-ozone/integration-test/target/test-dir/MiniOzoneClusterImpl-776fdfe4-e945-493d-a146-da517978dac5/datanode-1/data/ratis/2d5447af-42fa-413c-b9e8-21806ae7903e has been successfully formatted.
2019-07-14 06:52:57,361 INFO  storage.RaftStorage (RaftStorage.java:format(72)) - Storage directory /tmp/workdir/hadoop-ozone/integration-test/target/test-dir/MiniOzoneClusterImpl-776fdfe4-e945-493d-a146-da517978dac5/datanode-0/data/ratis/2d5447af-42fa-413c-b9e8-21806ae7903e has been successfully formatted.
2019-07-14 06:52:57,361 INFO  storage.RaftStorage (RaftStorage.java:format(72)) - Storage directory /tmp/workdir/hadoop-ozone/integration-test/target/test-dir/MiniOzoneClusterImpl-776fdfe4-e945-493d-a146-da517978dac5/datanode-2/data/ratis/2d5447af-42fa-413c-b9e8-21806ae7903e has been successfully formatted.
2019-07-14 06:52:57,361 INFO  ratis.ContainerStateMachine (ContainerStateMachine.java:loadSnapshot(200)) - group-21806AE7903E: The snapshot info is null. Setting the last applied indexto:(t:0, i:~)
2019-07-14 06:52:57,361 INFO  ratis.ContainerStateMachine (ContainerStateMachine.java:loadSnapshot(200)) - group-21806AE7903E: The snapshot info is null. Setting the last applied indexto:(t:0, i:~)
2019-07-14 06:52:57,361 INFO  server.RaftServerConfigKeys (ConfUtils.java:logGet(43)) - raft.server.leader.election.timeout = 120s (custom)
2019-07-14 06:52:57,361 INFO  server.RaftServerConfigKeys (ConfUtils.java:logGet(43)) - raft.server.log.use.memory = false (default)
2019-07-14 06:52:57,361 INFO  ratis.ContainerStateMachine (ContainerStateMachine.java:loadSnapshot(200)) - group-21806AE7903E: The snapshot info is null. Setting the last applied indexto:(t:0, i:~)
2019-07-14 06:52:57,361 INFO  server.RaftServerConfigKeys (ConfUtils.java:logGet(43)) - raft.server.log.purge.gap = 1000000000 (custom)
2019-07-14 06:52:57,361 INFO  server.RaftServerConfigKeys (ConfUtils.java:logGet(43)) - raft.server.leader.election.timeout = 120s (custom)
2019-07-14 06:52:57,362 INFO  server.RaftServerConfigKeys (ConfUtils.java:logGet(43)) - raft.server.log.appender.buffer.byte-limit = 33554432 (custom)
2019-07-14 06:52:57,362 INFO  server.RaftServerConfigKeys (ConfUtils.java:logGet(43)) - raft.server.leader.election.timeout = 120s (custom)
2019-07-14 06:52:57,362 INFO  server.RaftServerConfigKeys (ConfUtils.java:logGet(43)) - raft.server.log.segment.size.max = 1048576 (custom)
2019-07-14 06:52:57,362 INFO  server.RaftServerConfigKeys (ConfUtils.java:logGet(43)) - raft.server.log.use.memory = false (default)
2019-07-14 06:52:57,362 INFO  server.RaftServerConfigKeys (ConfUtils.java:logGet(43)) - raft.server.log.segment.cache.num.max = 2 (custom)
2019-07-14 06:52:57,362 INFO  server.RaftServerConfigKeys (ConfUtils.java:logGet(43)) - raft.server.log.use.memory = false (default)
2019-07-14 06:52:57,363 INFO  segmented.SegmentedRaftLogWorker (SegmentedRaftLogWorker.java:<init>(172)) - new 61713fc7-dd46-4c26-82a5-6c983c62de7e-SegmentedRaftLogWorker:Storage Directory /tmp/workdir/hadoop-ozone/integration-test/target/test-dir/MiniOzoneClusterImpl-776fdfe4-e945-493d-a146-da517978dac5/datanode-0/data/ratis/2d5447af-42fa-413c-b9e8-21806ae7903e for RaftStorage:Storage Directory /tmp/workdir/hadoop-ozone/integration-test/target/test-dir/MiniOzoneClusterImpl-776fdfe4-e945-493d-a146-da517978dac5/datanode-0/data/ratis/2d5447af-42fa-413c-b9e8-21806ae7903e
2019-07-14 06:52:57,362 INFO  server.RaftServerConfigKeys (ConfUtils.java:logGet(43)) - raft.server.log.purge.gap = 1000000000 (custom)
2019-07-14 06:52:57,363 INFO  server.RaftServerConfigKeys (ConfUtils.java:logGet(43)) - raft.server.log.queue.byte-limit = 2147483647 (custom)
2019-07-14 06:52:57,363 INFO  server.RaftServerConfigKeys (ConfUtils.java:logGet(43)) - raft.server.log.purge.gap = 1000000000 (custom)
2019-07-14 06:52:57,363 INFO  server.RaftServerConfigKeys (ConfUtils.java:logGet(43)) - raft.server.log.queue.element-limit = 1024 (custom)
2019-07-14 06:52:57,363 INFO  server.RaftServerConfigKeys (ConfUtils.java:logGet(43)) - raft.server.log.appender.buffer.byte-limit = 33554432 (custom)
2019-07-14 06:52:57,363 INFO  server.RaftServerConfigKeys (ConfUtils.java:logGet(43)) - raft.server.log.segment.size.max = 1048576 (custom)
2019-07-14 06:52:57,363 INFO  server.RaftServerConfigKeys (ConfUtils.java:logGet(43)) - raft.server.log.appender.buffer.byte-limit = 33554432 (custom)
2019-07-14 06:52:57,364 INFO  server.RaftServerConfigKeys (ConfUtils.java:logGet(43)) - raft.server.log.preallocated.size = 16384 (custom)
2019-07-14 06:52:57,364 INFO  server.RaftServerConfigKeys (ConfUtils.java:logGet(43)) - raft.server.log.segment.size.max = 1048576 (custom)
2019-07-14 06:52:57,364 INFO  server.RaftServerConfigKeys (ConfUtils.java:logGet(43)) - raft.server.log.write.buffer.size = 33554432 (custom)
2019-07-14 06:52:57,364 INFO  server.RaftServerConfigKeys (ConfUtils.java:logGet(43)) - raft.server.log.segment.size.max = 1048576 (custom)
2019-07-14 06:52:57,364 INFO  server.RaftServerConfigKeys (ConfUtils.java:logGet(43)) - raft.server.log.force.sync.num = 128 (default)
2019-07-14 06:52:57,364 INFO  server.RaftServerConfigKeys (ConfUtils.java:logGet(43)) - raft.server.log.segment.cache.num.max = 2 (custom)
2019-07-14 06:52:57,364 INFO  server.RaftServerConfigKeys (ConfUtils.java:logGet(43)) - raft.server.log.statemachine.data.sync = true (default)
2019-07-14 06:52:57,364 INFO  server.RaftServerConfigKeys (ConfUtils.java:logGet(43)) - raft.server.log.segment.cache.num.max = 2 (custom)
2019-07-14 06:52:57,365 INFO  server.RaftServerConfigKeys (ConfUtils.java:logGet(43)) - raft.server.log.statemachine.data.sync.timeout = 10s (default)
2019-07-14 06:52:57,365 INFO  server.RaftServerConfigKeys (ConfUtils.java:logGet(43)) - raft.server.log.statemachine.data.sync.timeout.retry = -1 (default)
2019-07-14 06:52:57,365 INFO  segmented.SegmentedRaftLogWorker (SegmentedRaftLogWorker.java:<init>(172)) - new bd478038-e945-461e-b90e-7e4a7365f088-SegmentedRaftLogWorker:Storage Directory /tmp/workdir/hadoop-ozone/integration-test/target/test-dir/MiniOzoneClusterImpl-776fdfe4-e945-493d-a146-da517978dac5/datanode-1/data/ratis/2d5447af-42fa-413c-b9e8-21806ae7903e for RaftStorage:Storage Directory /tmp/workdir/hadoop-ozone/integration-test/target/test-dir/MiniOzoneClusterImpl-776fdfe4-e945-493d-a146-da517978dac5/datanode-1/data/ratis/2d5447af-42fa-413c-b9e8-21806ae7903e
2019-07-14 06:52:57,365 INFO  server.RaftServerConfigKeys (ConfUtils.java:logGet(43)) - raft.server.log.statemachine.data.caching.enabled = true (custom)
2019-07-14 06:52:57,365 INFO  segmented.SegmentedRaftLogWorker (SegmentedRaftLogWorker.java:<init>(172)) - new 5ddcfedb-1ec3-4cbe-93cc-6dc9cf8e9a9b-SegmentedRaftLogWorker:Storage Directory /tmp/workdir/hadoop-ozone/integration-test/target/test-dir/MiniOzoneClusterImpl-776fdfe4-e945-493d-a146-da517978dac5/datanode-2/data/ratis/2d5447af-42fa-413c-b9e8-21806ae7903e for RaftStorage:Storage Directory /tmp/workdir/hadoop-ozone/integration-test/target/test-dir/MiniOzoneClusterImpl-776fdfe4-e945-493d-a146-da517978dac5/datanode-2/data/ratis/2d5447af-42fa-413c-b9e8-21806ae7903e
2019-07-14 06:52:57,365 INFO  server.RaftServerConfigKeys (ConfUtils.java:logGet(43)) - raft.server.log.queue.byte-limit = 2147483647 (custom)
2019-07-14 06:52:57,366 INFO  segmented.SegmentedRaftLogWorker (SegmentedRaftLogWorker.java:lambda$new$0(132)) - 61713fc7-dd46-4c26-82a5-6c983c62de7e-SegmentedRaftLogWorker:Storage Directory /tmp/workdir/hadoop-ozone/integration-test/target/test-dir/MiniOzoneClusterImpl-776fdfe4-e945-493d-a146-da517978dac5/datanode-0/data/ratis/2d5447af-42fa-413c-b9e8-21806ae7903e: flushIndex: setUnconditionally 0 -> -1
2019-07-14 06:52:57,365 INFO  server.RaftServerConfigKeys (ConfUtils.java:logGet(43)) - raft.server.log.queue.byte-limit = 2147483647 (custom)
2019-07-14 06:52:57,366 INFO  server.RaftServerConfigKeys (ConfUtils.java:logGet(43)) - raft.server.log.queue.element-limit = 1024 (custom)
2019-07-14 06:52:57,366 INFO  server.RaftServerConfigKeys (ConfUtils.java:logGet(43)) - raft.server.snapshot.auto.trigger.enabled = true (custom)
2019-07-14 06:52:57,366 INFO  server.RaftServerConfigKeys (ConfUtils.java:logGet(43)) - raft.server.log.queue.element-limit = 1024 (custom)
2019-07-14 06:52:57,366 INFO  server.RaftServerConfigKeys (ConfUtils.java:logGet(43)) - raft.server.snapshot.auto.trigger.threshold = 10000 (custom)
2019-07-14 06:52:57,366 INFO  server.RaftServerConfigKeys (ConfUtils.java:logGet(43)) - raft.server.log.segment.size.max = 1048576 (custom)
2019-07-14 06:52:57,366 INFO  server.RaftServerConfigKeys (ConfUtils.java:logGet(43)) - raft.server.retrycache.expirytime = 600000ms (custom)
2019-07-14 06:52:57,366 INFO  server.RaftServerConfigKeys (ConfUtils.java:logGet(43)) - raft.server.log.segment.size.max = 1048576 (custom)
2019-07-14 06:52:57,367 INFO  impl.RaftServerImpl (RaftServerImpl.java:start(180)) - 61713fc7-dd46-4c26-82a5-6c983c62de7e: start group-21806AE7903E
2019-07-14 06:52:57,367 INFO  impl.RaftServerImpl (RaftServerImpl.java:setRole(171)) - 61713fc7-dd46-4c26-82a5-6c983c62de7e:group-21806AE7903E changes role from null to FOLLOWER at term 0 for startAsFollower
2019-07-14 06:52:57,367 INFO  server.RaftServerConfigKeys (ConfUtils.java:logGet(43)) - raft.server.log.preallocated.size = 16384 (custom)
2019-07-14 06:52:57,367 INFO  impl.RoleInfo (RoleInfo.java:updateAndGet(143)) - 61713fc7-dd46-4c26-82a5-6c983c62de7e: start FollowerState
2019-07-14 06:52:57,367 INFO  server.RaftServerConfigKeys (ConfUtils.java:logGet(43)) - raft.server.log.preallocated.size = 16384 (custom)
2019-07-14 06:52:57,367 INFO  server.RaftServerConfigKeys (ConfUtils.java:logGet(43)) - raft.server.log.write.buffer.size = 33554432 (custom)
2019-07-14 06:52:57,367 INFO  server.RaftServerConfigKeys (ConfUtils.java:logGet(43)) - raft.server.log.write.buffer.size = 33554432 (custom)
2019-07-14 06:52:57,368 INFO  util.JmxRegister (JmxRegister.java:tryRegister(44)) - Successfully registered JMX Bean with object name Ratis:service=RaftServer,group=group-21806AE7903E,id=61713fc7-dd46-4c26-82a5-6c983c62de7e
2019-07-14 06:52:57,368 INFO  server.RaftServerConfigKeys (ConfUtils.java:logGet(43)) - raft.server.log.force.sync.num = 128 (default)
2019-07-14 06:52:57,368 INFO  server.RaftServerConfigKeys (ConfUtils.java:logGet(43)) - raft.server.log.force.sync.num = 128 (default)
2019-07-14 06:52:57,368 INFO  server.RaftServerConfigKeys (ConfUtils.java:logGet(43)) - raft.server.log.statemachine.data.sync = true (default)
2019-07-14 06:52:57,368 INFO  server.RaftServerConfigKeys (ConfUtils.java:logGet(43)) - raft.server.log.statemachine.data.sync = true (default)
2019-07-14 06:52:57,368 INFO  server.RaftServerConfigKeys (ConfUtils.java:logGet(43)) - raft.server.log.statemachine.data.sync.timeout = 10s (default)
2019-07-14 06:52:57,368 INFO  server.RaftServerConfigKeys (ConfUtils.java:logGet(43)) - raft.server.log.statemachine.data.sync.timeout = 10s (default)
2019-07-14 06:52:57,368 INFO  server.RaftServerConfigKeys (ConfUtils.java:logGet(43)) - raft.server.log.statemachine.data.sync.timeout.retry = -1 (default)
2019-07-14 06:52:57,369 INFO  server.RaftServerConfigKeys (ConfUtils.java:logGet(43)) - raft.server.log.statemachine.data.sync.timeout.retry = -1 (default)
2019-07-14 06:52:57,369 INFO  server.RaftServerConfigKeys (ConfUtils.java:logGet(43)) - raft.server.log.statemachine.data.caching.enabled = true (custom)
2019-07-14 06:52:57,369 INFO  server.RaftServerConfigKeys (ConfUtils.java:logGet(43)) - raft.server.log.statemachine.data.caching.enabled = true (custom)
2019-07-14 06:52:57,369 INFO  segmented.SegmentedRaftLogWorker (SegmentedRaftLogWorker.java:lambda$new$0(132)) - bd478038-e945-461e-b90e-7e4a7365f088-SegmentedRaftLogWorker:Storage Directory /tmp/workdir/hadoop-ozone/integration-test/target/test-dir/MiniOzoneClusterImpl-776fdfe4-e945-493d-a146-da517978dac5/datanode-1/data/ratis/2d5447af-42fa-413c-b9e8-21806ae7903e: flushIndex: setUnconditionally 0 -> -1
2019-07-14 06:52:57,369 INFO  segmented.SegmentedRaftLogWorker (SegmentedRaftLogWorker.java:lambda$new$0(132)) - 5ddcfedb-1ec3-4cbe-93cc-6dc9cf8e9a9b-SegmentedRaftLogWorker:Storage Directory /tmp/workdir/hadoop-ozone/integration-test/target/test-dir/MiniOzoneClusterImpl-776fdfe4-e945-493d-a146-da517978dac5/datanode-2/data/ratis/2d5447af-42fa-413c-b9e8-21806ae7903e: flushIndex: setUnconditionally 0 -> -1
2019-07-14 06:52:57,369 INFO  server.RaftServerConfigKeys (ConfUtils.java:logGet(43)) - raft.server.snapshot.auto.trigger.enabled = true (custom)
2019-07-14 06:52:57,369 INFO  server.RaftServerConfigKeys (ConfUtils.java:logGet(43)) - raft.server.snapshot.auto.trigger.enabled = true (custom)
2019-07-14 06:52:57,369 INFO  server.RaftServerConfigKeys (ConfUtils.java:logGet(43)) - raft.server.snapshot.auto.trigger.threshold = 10000 (custom)
2019-07-14 06:52:57,370 INFO  server.RaftServerConfigKeys (ConfUtils.java:logGet(43)) - raft.server.snapshot.auto.trigger.threshold = 10000 (custom)
2019-07-14 06:52:57,370 INFO  server.RaftServerConfigKeys (ConfUtils.java:logGet(43)) - raft.server.retrycache.expirytime = 600000ms (custom)
2019-07-14 06:52:57,370 INFO  server.RaftServerConfigKeys (ConfUtils.java:logGet(43)) - raft.server.retrycache.expirytime = 600000ms (custom)
2019-07-14 06:52:57,370 INFO  impl.RaftServerImpl (RaftServerImpl.java:start(180)) - bd478038-e945-461e-b90e-7e4a7365f088: start group-21806AE7903E
2019-07-14 06:52:57,370 INFO  impl.RaftServerImpl (RaftServerImpl.java:start(180)) - 5ddcfedb-1ec3-4cbe-93cc-6dc9cf8e9a9b: start group-21806AE7903E
2019-07-14 06:52:57,370 INFO  impl.RaftServerImpl (RaftServerImpl.java:setRole(171)) - bd478038-e945-461e-b90e-7e4a7365f088:group-21806AE7903E changes role from null to FOLLOWER at term 0 for startAsFollower
2019-07-14 06:52:57,370 INFO  impl.RaftServerImpl (RaftServerImpl.java:setRole(171)) - 5ddcfedb-1ec3-4cbe-93cc-6dc9cf8e9a9b:group-21806AE7903E changes role from null to FOLLOWER at term 0 for startAsFollower
2019-07-14 06:52:57,370 INFO  impl.RoleInfo (RoleInfo.java:updateAndGet(143)) - bd478038-e945-461e-b90e-7e4a7365f088: start FollowerState
2019-07-14 06:52:57,370 INFO  impl.RoleInfo (RoleInfo.java:updateAndGet(143)) - 5ddcfedb-1ec3-4cbe-93cc-6dc9cf8e9a9b: start FollowerState
2019-07-14 06:52:57,371 INFO  util.JmxRegister (JmxRegister.java:tryRegister(44)) - Successfully registered JMX Bean with object name Ratis:service=RaftServer,group=group-21806AE7903E,id=bd478038-e945-461e-b90e-7e4a7365f088
2019-07-14 06:52:57,371 INFO  util.JmxRegister (JmxRegister.java:tryRegister(44)) - Successfully registered JMX Bean with object name Ratis:service=RaftServer,group=group-21806AE7903E,id=5ddcfedb-1ec3-4cbe-93cc-6dc9cf8e9a9b
2019-07-14 06:52:57,373 INFO  pipeline.PipelineStateManager (PipelineStateManager.java:addPipeline(56)) - Created pipeline Pipeline[ Id: 2d5447af-42fa-413c-b9e8-21806ae7903e, Nodes: 61713fc7-dd46-4c26-82a5-6c983c62de7e{ip: 192.168.5.144, host: trunk-nightly-8c95p-1540871953, networkLocation: /default-rack, certSerialId: null}5ddcfedb-1ec3-4cbe-93cc-6dc9cf8e9a9b{ip: 192.168.5.144, host: trunk-nightly-8c95p-1540871953, networkLocation: /default-rack, certSerialId: null}bd478038-e945-461e-b90e-7e4a7365f088{ip: 192.168.5.144, host: trunk-nightly-8c95p-1540871953, networkLocation: /default-rack, certSerialId: null}, Type:RATIS, Factor:THREE, State:OPEN]
2019-07-14 06:52:57,490 INFO  node.SCMNodeManager (SCMNodeManager.java:register(269)) - Registered Data node : b745b9d8-0e41-450a-b915-4099f41803a5{ip: 192.168.5.144, host: trunk-nightly-8c95p-1540871953, networkLocation: /default-rack, certSerialId: null}
2019-07-14 06:52:57,507 INFO  impl.RaftServerProxy (RaftServerProxy.java:addNew(89)) - b745b9d8-0e41-450a-b915-4099f41803a5: addNew group-22C8DBC26D7D:[b745b9d8-0e41-450a-b915-4099f41803a5:192.168.5.144:38245] returns group-22C8DBC26D7D:java.util.concurrent.CompletableFuture@8d0b387[Not completed]
2019-07-14 06:52:57,509 INFO  impl.RaftServerImpl (RaftServerImpl.java:<init>(93)) - b745b9d8-0e41-450a-b915-4099f41803a5: new RaftServerImpl for group-22C8DBC26D7D:[b745b9d8-0e41-450a-b915-4099f41803a5:192.168.5.144:38245] with ContainerStateMachine:uninitialized
2019-07-14 06:52:57,509 INFO  server.RaftServerConfigKeys (ConfUtils.java:logGet(43)) - raft.server.rpc.timeout.min = 5s (custom)
2019-07-14 06:52:57,509 INFO  server.RaftServerConfigKeys (ConfUtils.java:logGet(43)) - raft.server.rpc.timeout.max = 5200ms (custom)
2019-07-14 06:52:57,509 INFO  server.RaftServerConfigKeys (ConfUtils.java:logGet(43)) - raft.server.rpcslowness.timeout = 120s (custom)
2019-07-14 06:52:57,509 INFO  server.RaftServerConfigKeys (ConfUtils.java:logGet(43)) - raft.server.sleep.deviation.threshold = 300 (default)
2019-07-14 06:52:57,509 INFO  server.RaftServerConfigKeys (ConfUtils.java:logGet(43)) - raft.server.log.appender.install.snapshot.enabled = false (custom)
2019-07-14 06:52:57,510 INFO  impl.RaftServerImpl (ServerState.java:<init>(105)) - b745b9d8-0e41-450a-b915-4099f41803a5:group-22C8DBC26D7D ConfigurationManager, init=-1: [b745b9d8-0e41-450a-b915-4099f41803a5:192.168.5.144:38245], old=null, confs=<EMPTY_MAP>
2019-07-14 06:52:57,510 INFO  server.RaftServerConfigKeys (ConfUtils.java:logGet(43)) - raft.server.storage.dir = [/tmp/workdir/hadoop-ozone/integration-test/target/test-dir/MiniOzoneClusterImpl-776fdfe4-e945-493d-a146-da517978dac5/datanode-3/data/ratis] (custom)
2019-07-14 06:52:57,510 INFO  storage.RaftStorageDirectory (RaftStorageDirectory.java:analyzeStorage(246)) - The storage directory /tmp/workdir/hadoop-ozone/integration-test/target/test-dir/MiniOzoneClusterImpl-776fdfe4-e945-493d-a146-da517978dac5/datanode-3/data/ratis/7e024cfd-1b48-4c3b-8c6c-22c8dbc26d7d does not exist. Creating ...
2019-07-14 06:52:57,521 INFO  storage.RaftStorageDirectory (RaftStorageDirectory.java:tryLock(328)) - Lock on /tmp/workdir/hadoop-ozone/integration-test/target/test-dir/MiniOzoneClusterImpl-776fdfe4-e945-493d-a146-da517978dac5/datanode-3/data/ratis/7e024cfd-1b48-4c3b-8c6c-22c8dbc26d7d/in_use.lock acquired by nodename 3046@trunk-nightly-8c95p-1540871953
2019-07-14 06:52:57,533 INFO  storage.RaftStorage (RaftStorage.java:format(72)) - Storage directory /tmp/workdir/hadoop-ozone/integration-test/target/test-dir/MiniOzoneClusterImpl-776fdfe4-e945-493d-a146-da517978dac5/datanode-3/data/ratis/7e024cfd-1b48-4c3b-8c6c-22c8dbc26d7d has been successfully formatted.
2019-07-14 06:52:57,533 INFO  ratis.ContainerStateMachine (ContainerStateMachine.java:loadSnapshot(200)) - group-22C8DBC26D7D: The snapshot info is null. Setting the last applied indexto:(t:0, i:~)
2019-07-14 06:52:57,533 INFO  server.RaftServerConfigKeys (ConfUtils.java:logGet(43)) - raft.server.leader.election.timeout = 120s (custom)
2019-07-14 06:52:57,533 INFO  server.RaftServerConfigKeys (ConfUtils.java:logGet(43)) - raft.server.log.use.memory = false (default)
2019-07-14 06:52:57,533 INFO  server.RaftServerConfigKeys (ConfUtils.java:logGet(43)) - raft.server.log.purge.gap = 1000000000 (custom)
2019-07-14 06:52:57,533 INFO  server.RaftServerConfigKeys (ConfUtils.java:logGet(43)) - raft.server.log.appender.buffer.byte-limit = 33554432 (custom)
2019-07-14 06:52:57,533 INFO  server.RaftServerConfigKeys (ConfUtils.java:logGet(43)) - raft.server.log.segment.size.max = 1048576 (custom)
2019-07-14 06:52:57,534 INFO  server.RaftServerConfigKeys (ConfUtils.java:logGet(43)) - raft.server.log.segment.cache.num.max = 2 (custom)
2019-07-14 06:52:57,534 INFO  segmented.SegmentedRaftLogWorker (SegmentedRaftLogWorker.java:<init>(172)) - new b745b9d8-0e41-450a-b915-4099f41803a5-SegmentedRaftLogWorker:Storage Directory /tmp/workdir/hadoop-ozone/integration-test/target/test-dir/MiniOzoneClusterImpl-776fdfe4-e945-493d-a146-da517978dac5/datanode-3/data/ratis/7e024cfd-1b48-4c3b-8c6c-22c8dbc26d7d for RaftStorage:Storage Directory /tmp/workdir/hadoop-ozone/integration-test/target/test-dir/MiniOzoneClusterImpl-776fdfe4-e945-493d-a146-da517978dac5/datanode-3/data/ratis/7e024cfd-1b48-4c3b-8c6c-22c8dbc26d7d
2019-07-14 06:52:57,534 INFO  server.RaftServerConfigKeys (ConfUtils.java:logGet(43)) - raft.server.log.queue.byte-limit = 2147483647 (custom)
2019-07-14 06:52:57,534 INFO  server.RaftServerConfigKeys (ConfUtils.java:logGet(43)) - raft.server.log.queue.element-limit = 1024 (custom)
2019-07-14 06:52:57,534 INFO  server.RaftServerConfigKeys (ConfUtils.java:logGet(43)) - raft.server.log.segment.size.max = 1048576 (custom)
2019-07-14 06:52:57,534 INFO  server.RaftServerConfigKeys (ConfUtils.java:logGet(43)) - raft.server.log.preallocated.size = 16384 (custom)
2019-07-14 06:52:57,535 INFO  server.RaftServerConfigKeys (ConfUtils.java:logGet(43)) - raft.server.log.write.buffer.size = 33554432 (custom)
2019-07-14 06:52:57,535 INFO  server.RaftServerConfigKeys (ConfUtils.java:logGet(43)) - raft.server.log.force.sync.num = 128 (default)
2019-07-14 06:52:57,535 INFO  server.RaftServerConfigKeys (ConfUtils.java:logGet(43)) - raft.server.log.statemachine.data.sync = true (default)
2019-07-14 06:52:57,535 INFO  server.RaftServerConfigKeys (ConfUtils.java:logGet(43)) - raft.server.log.statemachine.data.sync.timeout = 10s (default)
2019-07-14 06:52:57,535 INFO  server.RaftServerConfigKeys (ConfUtils.java:logGet(43)) - raft.server.log.statemachine.data.sync.timeout.retry = -1 (default)
2019-07-14 06:52:57,535 INFO  server.RaftServerConfigKeys (ConfUtils.java:logGet(43)) - raft.server.log.statemachine.data.caching.enabled = true (custom)
2019-07-14 06:52:57,536 INFO  segmented.SegmentedRaftLogWorker (SegmentedRaftLogWorker.java:lambda$new$0(132)) - b745b9d8-0e41-450a-b915-4099f41803a5-SegmentedRaftLogWorker:Storage Directory /tmp/workdir/hadoop-ozone/integration-test/target/test-dir/MiniOzoneClusterImpl-776fdfe4-e945-493d-a146-da517978dac5/datanode-3/data/ratis/7e024cfd-1b48-4c3b-8c6c-22c8dbc26d7d: flushIndex: setUnconditionally 0 -> -1
2019-07-14 06:52:57,536 INFO  server.RaftServerConfigKeys (ConfUtils.java:logGet(43)) - raft.server.snapshot.auto.trigger.enabled = true (custom)
2019-07-14 06:52:57,536 INFO  server.RaftServerConfigKeys (ConfUtils.java:logGet(43)) - raft.server.snapshot.auto.trigger.threshold = 10000 (custom)
2019-07-14 06:52:57,536 INFO  server.RaftServerConfigKeys (ConfUtils.java:logGet(43)) - raft.server.retrycache.expirytime = 600000ms (custom)
2019-07-14 06:52:57,536 INFO  impl.RaftServerImpl (RaftServerImpl.java:start(180)) - b745b9d8-0e41-450a-b915-4099f41803a5: start group-22C8DBC26D7D
2019-07-14 06:52:57,536 INFO  impl.RaftServerImpl (RaftServerImpl.java:setRole(171)) - b745b9d8-0e41-450a-b915-4099f41803a5:group-22C8DBC26D7D changes role from null to FOLLOWER at term 0 for startAsFollower
2019-07-14 06:52:57,536 INFO  impl.RoleInfo (RoleInfo.java:updateAndGet(143)) - b745b9d8-0e41-450a-b915-4099f41803a5: start FollowerState
2019-07-14 06:52:57,537 INFO  util.JmxRegister (JmxRegister.java:tryRegister(44)) - Successfully registered JMX Bean with object name Ratis:service=RaftServer,group=group-22C8DBC26D7D,id=b745b9d8-0e41-450a-b915-4099f41803a5
2019-07-14 06:52:57,539 INFO  pipeline.PipelineStateManager (PipelineStateManager.java:addPipeline(56)) - Created pipeline Pipeline[ Id: 7e024cfd-1b48-4c3b-8c6c-22c8dbc26d7d, Nodes: b745b9d8-0e41-450a-b915-4099f41803a5{ip: 192.168.5.144, host: trunk-nightly-8c95p-1540871953, networkLocation: /default-rack, certSerialId: null}, Type:RATIS, Factor:ONE, State:OPEN]
2019-07-14 06:52:57,718 INFO  node.SCMNodeManager (SCMNodeManager.java:register(269)) - Registered Data node : 9506c4af-261b-48ce-a71c-abe081543e5e{ip: 192.168.5.144, host: trunk-nightly-8c95p-1540871953, networkLocation: /default-rack, certSerialId: null}
2019-07-14 06:52:57,736 INFO  impl.RaftServerProxy (RaftServerProxy.java:addNew(89)) - 9506c4af-261b-48ce-a71c-abe081543e5e: addNew group-CEA65E35D272:[9506c4af-261b-48ce-a71c-abe081543e5e:192.168.5.144:46473] returns group-CEA65E35D272:java.util.concurrent.CompletableFuture@45a59813[Not completed]
2019-07-14 06:52:57,738 INFO  impl.RaftServerImpl (RaftServerImpl.java:<init>(93)) - 9506c4af-261b-48ce-a71c-abe081543e5e: new RaftServerImpl for group-CEA65E35D272:[9506c4af-261b-48ce-a71c-abe081543e5e:192.168.5.144:46473] with ContainerStateMachine:uninitialized
2019-07-14 06:52:57,738 INFO  server.RaftServerConfigKeys (ConfUtils.java:logGet(43)) - raft.server.rpc.timeout.min = 5s (custom)
2019-07-14 06:52:57,738 INFO  server.RaftServerConfigKeys (ConfUtils.java:logGet(43)) - raft.server.rpc.timeout.max = 5200ms (custom)
2019-07-14 06:52:57,738 INFO  server.RaftServerConfigKeys (ConfUtils.java:logGet(43)) - raft.server.rpcslowness.timeout = 120s (custom)
2019-07-14 06:52:57,738 INFO  server.RaftServerConfigKeys (ConfUtils.java:logGet(43)) - raft.server.sleep.deviation.threshold = 300 (default)
2019-07-14 06:52:57,738 INFO  server.RaftServerConfigKeys (ConfUtils.java:logGet(43)) - raft.server.log.appender.install.snapshot.enabled = false (custom)
2019-07-14 06:52:57,739 INFO  impl.RaftServerImpl (ServerState.java:<init>(105)) - 9506c4af-261b-48ce-a71c-abe081543e5e:group-CEA65E35D272 ConfigurationManager, init=-1: [9506c4af-261b-48ce-a71c-abe081543e5e:192.168.5.144:46473], old=null, confs=<EMPTY_MAP>
2019-07-14 06:52:57,739 INFO  server.RaftServerConfigKeys (ConfUtils.java:logGet(43)) - raft.server.storage.dir = [/tmp/workdir/hadoop-ozone/integration-test/target/test-dir/MiniOzoneClusterImpl-776fdfe4-e945-493d-a146-da517978dac5/datanode-4/data/ratis] (custom)
2019-07-14 06:52:57,739 INFO  storage.RaftStorageDirectory (RaftStorageDirectory.java:analyzeStorage(246)) - The storage directory /tmp/workdir/hadoop-ozone/integration-test/target/test-dir/MiniOzoneClusterImpl-776fdfe4-e945-493d-a146-da517978dac5/datanode-4/data/ratis/e3c1dcac-25e0-4bef-86eb-cea65e35d272 does not exist. Creating ...
2019-07-14 06:52:57,744 INFO  storage.RaftStorageDirectory (RaftStorageDirectory.java:tryLock(328)) - Lock on /tmp/workdir/hadoop-ozone/integration-test/target/test-dir/MiniOzoneClusterImpl-776fdfe4-e945-493d-a146-da517978dac5/datanode-4/data/ratis/e3c1dcac-25e0-4bef-86eb-cea65e35d272/in_use.lock acquired by nodename 3046@trunk-nightly-8c95p-1540871953
2019-07-14 06:52:57,747 INFO  storage.RaftStorage (RaftStorage.java:format(72)) - Storage directory /tmp/workdir/hadoop-ozone/integration-test/target/test-dir/MiniOzoneClusterImpl-776fdfe4-e945-493d-a146-da517978dac5/datanode-4/data/ratis/e3c1dcac-25e0-4bef-86eb-cea65e35d272 has been successfully formatted.
2019-07-14 06:52:57,747 INFO  ratis.ContainerStateMachine (ContainerStateMachine.java:loadSnapshot(200)) - group-CEA65E35D272: The snapshot info is null. Setting the last applied indexto:(t:0, i:~)
2019-07-14 06:52:57,747 INFO  server.RaftServerConfigKeys (ConfUtils.java:logGet(43)) - raft.server.leader.election.timeout = 120s (custom)
2019-07-14 06:52:57,748 INFO  server.RaftServerConfigKeys (ConfUtils.java:logGet(43)) - raft.server.log.use.memory = false (default)
2019-07-14 06:52:57,748 INFO  server.RaftServerConfigKeys (ConfUtils.java:logGet(43)) - raft.server.log.purge.gap = 1000000000 (custom)
2019-07-14 06:52:57,748 INFO  server.RaftServerConfigKeys (ConfUtils.java:logGet(43)) - raft.server.log.appender.buffer.byte-limit = 33554432 (custom)
2019-07-14 06:52:57,748 INFO  server.RaftServerConfigKeys (ConfUtils.java:logGet(43)) - raft.server.log.segment.size.max = 1048576 (custom)
2019-07-14 06:52:57,748 INFO  server.RaftServerConfigKeys (ConfUtils.java:logGet(43)) - raft.server.log.segment.cache.num.max = 2 (custom)
2019-07-14 06:52:57,748 INFO  segmented.SegmentedRaftLogWorker (SegmentedRaftLogWorker.java:<init>(172)) - new 9506c4af-261b-48ce-a71c-abe081543e5e-SegmentedRaftLogWorker:Storage Directory /tmp/workdir/hadoop-ozone/integration-test/target/test-dir/MiniOzoneClusterImpl-776fdfe4-e945-493d-a146-da517978dac5/datanode-4/data/ratis/e3c1dcac-25e0-4bef-86eb-cea65e35d272 for RaftStorage:Storage Directory /tmp/workdir/hadoop-ozone/integration-test/target/test-dir/MiniOzoneClusterImpl-776fdfe4-e945-493d-a146-da517978dac5/datanode-4/data/ratis/e3c1dcac-25e0-4bef-86eb-cea65e35d272
2019-07-14 06:52:57,749 INFO  server.RaftServerConfigKeys (ConfUtils.java:logGet(43)) - raft.server.log.queue.byte-limit = 2147483647 (custom)
2019-07-14 06:52:57,749 INFO  server.RaftServerConfigKeys (ConfUtils.java:logGet(43)) - raft.server.log.queue.element-limit = 1024 (custom)
2019-07-14 06:52:57,749 INFO  server.RaftServerConfigKeys (ConfUtils.java:logGet(43)) - raft.server.log.segment.size.max = 1048576 (custom)
2019-07-14 06:52:57,749 INFO  server.RaftServerConfigKeys (ConfUtils.java:logGet(43)) - raft.server.log.preallocated.size = 16384 (custom)
2019-07-14 06:52:57,749 INFO  server.RaftServerConfigKeys (ConfUtils.java:logGet(43)) - raft.server.log.write.buffer.size = 33554432 (custom)
2019-07-14 06:52:57,749 INFO  server.RaftServerConfigKeys (ConfUtils.java:logGet(43)) - raft.server.log.force.sync.num = 128 (default)
2019-07-14 06:52:57,749 INFO  server.RaftServerConfigKeys (ConfUtils.java:logGet(43)) - raft.server.log.statemachine.data.sync = true (default)
2019-07-14 06:52:57,750 INFO  server.RaftServerConfigKeys (ConfUtils.java:logGet(43)) - raft.server.log.statemachine.data.sync.timeout = 10s (default)
2019-07-14 06:52:57,750 INFO  server.RaftServerConfigKeys (ConfUtils.java:logGet(43)) - raft.server.log.statemachine.data.sync.timeout.retry = -1 (default)
2019-07-14 06:52:57,750 INFO  server.RaftServerConfigKeys (ConfUtils.java:logGet(43)) - raft.server.log.statemachine.data.caching.enabled = true (custom)
2019-07-14 06:52:57,750 INFO  segmented.SegmentedRaftLogWorker (SegmentedRaftLogWorker.java:lambda$new$0(132)) - 9506c4af-261b-48ce-a71c-abe081543e5e-SegmentedRaftLogWorker:Storage Directory /tmp/workdir/hadoop-ozone/integration-test/target/test-dir/MiniOzoneClusterImpl-776fdfe4-e945-493d-a146-da517978dac5/datanode-4/data/ratis/e3c1dcac-25e0-4bef-86eb-cea65e35d272: flushIndex: setUnconditionally 0 -> -1
2019-07-14 06:52:57,751 INFO  server.RaftServerConfigKeys (ConfUtils.java:logGet(43)) - raft.server.snapshot.auto.trigger.enabled = true (custom)
2019-07-14 06:52:57,751 INFO  server.RaftServerConfigKeys (ConfUtils.java:logGet(43)) - raft.server.snapshot.auto.trigger.threshold = 10000 (custom)
2019-07-14 06:52:57,751 INFO  server.RaftServerConfigKeys (ConfUtils.java:logGet(43)) - raft.server.retrycache.expirytime = 600000ms (custom)
2019-07-14 06:52:57,751 INFO  impl.RaftServerImpl (RaftServerImpl.java:start(180)) - 9506c4af-261b-48ce-a71c-abe081543e5e: start group-CEA65E35D272
2019-07-14 06:52:57,751 INFO  impl.RaftServerImpl (RaftServerImpl.java:setRole(171)) - 9506c4af-261b-48ce-a71c-abe081543e5e:group-CEA65E35D272 changes role from null to FOLLOWER at term 0 for startAsFollower
2019-07-14 06:52:57,752 INFO  impl.RoleInfo (RoleInfo.java:updateAndGet(143)) - 9506c4af-261b-48ce-a71c-abe081543e5e: start FollowerState
2019-07-14 06:52:57,752 INFO  util.JmxRegister (JmxRegister.java:tryRegister(44)) - Successfully registered JMX Bean with object name Ratis:service=RaftServer,group=group-CEA65E35D272,id=9506c4af-261b-48ce-a71c-abe081543e5e
2019-07-14 06:52:57,754 INFO  pipeline.PipelineStateManager (PipelineStateManager.java:addPipeline(56)) - Created pipeline Pipeline[ Id: e3c1dcac-25e0-4bef-86eb-cea65e35d272, Nodes: 9506c4af-261b-48ce-a71c-abe081543e5e{ip: 192.168.5.144, host: trunk-nightly-8c95p-1540871953, networkLocation: /default-rack, certSerialId: null}, Type:RATIS, Factor:ONE, State:OPEN]
2019-07-14 06:52:57,786 INFO  impl.FollowerState (FollowerState.java:run(106)) - da343c1c-8367-46f5-a9ef-bb79fda7b344:group-8D33B243C8F8 changes to CANDIDATE, lastRpcTime:5113, electionTimeout:5113ms
2019-07-14 06:52:57,786 INFO  impl.RoleInfo (RoleInfo.java:shutdownFollowerState(121)) - da343c1c-8367-46f5-a9ef-bb79fda7b344: shutdown FollowerState
2019-07-14 06:52:57,786 INFO  impl.RaftServerImpl (RaftServerImpl.java:setRole(171)) - da343c1c-8367-46f5-a9ef-bb79fda7b344:group-8D33B243C8F8 changes role from FOLLOWER to CANDIDATE at term 5 for changeToCandidate
2019-07-14 06:52:57,786 INFO  impl.RoleInfo (RoleInfo.java:updateAndGet(143)) - da343c1c-8367-46f5-a9ef-bb79fda7b344: start LeaderElection
2019-07-14 06:52:57,801 INFO  impl.LeaderElection (LeaderElection.java:askForVotes(181)) - da343c1c-8367-46f5-a9ef-bb79fda7b344:group-8D33B243C8F8:LeaderElection76: begin an election at term 6 for 0: [da343c1c-8367-46f5-a9ef-bb79fda7b344:192.168.5.144:32905, a4c24659-6a6f-404d-a8b7-ecfa7e5f7d9a:192.168.5.144:37316, ff1ab4d3-cbe6-48f1-9b56-d6e99bbeb9d5:192.168.5.144:39240], old=null
2019-07-14 06:52:57,802 INFO  impl.LeaderElection (LogUtils.java:infoOrTrace(149)) - da343c1c-8367-46f5-a9ef-bb79fda7b344:group-8D33B243C8F8:LeaderElection76 got exception when requesting votes: {}
java.util.concurrent.ExecutionException: org.apache.ratis.thirdparty.io.grpc.StatusRuntimeException: UNAVAILABLE: io exception
	at java.util.concurrent.FutureTask.report(FutureTask.java:122)
	at java.util.concurrent.FutureTask.get(FutureTask.java:192)
	at org.apache.ratis.server.impl.LeaderElection.waitForResults(LeaderElection.java:262)
	at org.apache.ratis.server.impl.LeaderElection.askForVotes(LeaderElection.java:200)
	at org.apache.ratis.server.impl.LeaderElection.run(LeaderElection.java:130)
	at java.lang.Thread.run(Thread.java:748)
Caused by: org.apache.ratis.thirdparty.io.grpc.StatusRuntimeException: UNAVAILABLE: io exception
	at org.apache.ratis.thirdparty.io.grpc.stub.ClientCalls.toStatusRuntimeException(ClientCalls.java:233)
	at org.apache.ratis.thirdparty.io.grpc.stub.ClientCalls.getUnchecked(ClientCalls.java:214)
	at org.apache.ratis.thirdparty.io.grpc.stub.ClientCalls.blockingUnaryCall(ClientCalls.java:139)
	at org.apache.ratis.proto.grpc.RaftServerProtocolServiceGrpc$RaftServerProtocolServiceBlockingStub.requestVote(RaftServerProtocolServiceGrpc.java:265)
	at org.apache.ratis.grpc.server.GrpcServerProtocolClient.requestVote(GrpcServerProtocolClient.java:83)
	at org.apache.ratis.grpc.server.GrpcService.requestVote(GrpcService.java:195)
	at org.apache.ratis.server.impl.LeaderElection.lambda$submitRequests$1(LeaderElection.java:237)
	at java.util.concurrent.FutureTask.run(FutureTask.java:266)
	at java.util.concurrent.Executors$RunnableAdapter.call(Executors.java:511)
	at java.util.concurrent.FutureTask.run(FutureTask.java:266)
	at java.util.concurrent.ThreadPoolExecutor.runWorker(ThreadPoolExecutor.java:1149)
	at java.util.concurrent.ThreadPoolExecutor$Worker.run(ThreadPoolExecutor.java:624)
	... 1 more
Caused by: org.apache.ratis.thirdparty.io.netty.channel.AbstractChannel$AnnotatedConnectException: Connection refused: /192.168.5.144:37316
	at sun.nio.ch.SocketChannelImpl.checkConnect(Native Method)
	at sun.nio.ch.SocketChannelImpl.finishConnect(SocketChannelImpl.java:717)
	at org.apache.ratis.thirdparty.io.netty.channel.socket.nio.NioSocketChannel.doFinishConnect(NioSocketChannel.java:327)
	at org.apache.ratis.thirdparty.io.netty.channel.nio.AbstractNioChannel$AbstractNioUnsafe.finishConnect(AbstractNioChannel.java:340)
	at org.apache.ratis.thirdparty.io.netty.channel.nio.NioEventLoop.processSelectedKey(NioEventLoop.java:632)
	at org.apache.ratis.thirdparty.io.netty.channel.nio.NioEventLoop.processSelectedKeysOptimized(NioEventLoop.java:579)
	at org.apache.ratis.thirdparty.io.netty.channel.nio.NioEventLoop.processSelectedKeys(NioEventLoop.java:496)
	at org.apache.ratis.thirdparty.io.netty.channel.nio.NioEventLoop.run(NioEventLoop.java:458)
	at org.apache.ratis.thirdparty.io.netty.util.concurrent.SingleThreadEventExecutor$5.run(SingleThreadEventExecutor.java:897)
	at org.apache.ratis.thirdparty.io.netty.util.concurrent.FastThreadLocalRunnable.run(FastThreadLocalRunnable.java:30)
	... 1 more
Caused by: java.net.ConnectException: Connection refused
	... 11 more
2019-07-14 06:52:57,813 INFO  impl.LeaderElection (LogUtils.java:infoOrTrace(149)) - da343c1c-8367-46f5-a9ef-bb79fda7b344:group-8D33B243C8F8:LeaderElection76 got exception when requesting votes: {}
java.util.concurrent.ExecutionException: org.apache.ratis.thirdparty.io.grpc.StatusRuntimeException: UNAVAILABLE: io exception
	at java.util.concurrent.FutureTask.report(FutureTask.java:122)
	at java.util.concurrent.FutureTask.get(FutureTask.java:192)
	at org.apache.ratis.server.impl.LeaderElection.waitForResults(LeaderElection.java:262)
	at org.apache.ratis.server.impl.LeaderElection.askForVotes(LeaderElection.java:200)
	at org.apache.ratis.server.impl.LeaderElection.run(LeaderElection.java:130)
	at java.lang.Thread.run(Thread.java:748)
Caused by: org.apache.ratis.thirdparty.io.grpc.StatusRuntimeException: UNAVAILABLE: io exception
	at org.apache.ratis.thirdparty.io.grpc.stub.ClientCalls.toStatusRuntimeException(ClientCalls.java:233)
	at org.apache.ratis.thirdparty.io.grpc.stub.ClientCalls.getUnchecked(ClientCalls.java:214)
	at org.apache.ratis.thirdparty.io.grpc.stub.ClientCalls.blockingUnaryCall(ClientCalls.java:139)
	at org.apache.ratis.proto.grpc.RaftServerProtocolServiceGrpc$RaftServerProtocolServiceBlockingStub.requestVote(RaftServerProtocolServiceGrpc.java:265)
	at org.apache.ratis.grpc.server.GrpcServerProtocolClient.requestVote(GrpcServerProtocolClient.java:83)
	at org.apache.ratis.grpc.server.GrpcService.requestVote(GrpcService.java:195)
	at org.apache.ratis.server.impl.LeaderElection.lambda$submitRequests$1(LeaderElection.java:237)
	at java.util.concurrent.FutureTask.run(FutureTask.java:266)
	at java.util.concurrent.Executors$RunnableAdapter.call(Executors.java:511)
	at java.util.concurrent.FutureTask.run(FutureTask.java:266)
	at java.util.concurrent.ThreadPoolExecutor.runWorker(ThreadPoolExecutor.java:1149)
	at java.util.concurrent.ThreadPoolExecutor$Worker.run(ThreadPoolExecutor.java:624)
	... 1 more
Caused by: org.apache.ratis.thirdparty.io.netty.channel.AbstractChannel$AnnotatedConnectException: Connection refused: /192.168.5.144:39240
	at sun.nio.ch.SocketChannelImpl.checkConnect(Native Method)
	at sun.nio.ch.SocketChannelImpl.finishConnect(SocketChannelImpl.java:717)
	at org.apache.ratis.thirdparty.io.netty.channel.socket.nio.NioSocketChannel.doFinishConnect(NioSocketChannel.java:327)
	at org.apache.ratis.thirdparty.io.netty.channel.nio.AbstractNioChannel$AbstractNioUnsafe.finishConnect(AbstractNioChannel.java:340)
	at org.apache.ratis.thirdparty.io.netty.channel.nio.NioEventLoop.processSelectedKey(NioEventLoop.java:632)
	at org.apache.ratis.thirdparty.io.netty.channel.nio.NioEventLoop.processSelectedKeysOptimized(NioEventLoop.java:579)
	at org.apache.ratis.thirdparty.io.netty.channel.nio.NioEventLoop.processSelectedKeys(NioEventLoop.java:496)
	at org.apache.ratis.thirdparty.io.netty.channel.nio.NioEventLoop.run(NioEventLoop.java:458)
	at org.apache.ratis.thirdparty.io.netty.util.concurrent.SingleThreadEventExecutor$5.run(SingleThreadEventExecutor.java:897)
	at org.apache.ratis.thirdparty.io.netty.util.concurrent.FastThreadLocalRunnable.run(FastThreadLocalRunnable.java:30)
	... 1 more
Caused by: java.net.ConnectException: Connection refused
	... 11 more
2019-07-14 06:52:57,822 INFO  impl.LeaderElection (LeaderElection.java:logAndReturn(56)) - da343c1c-8367-46f5-a9ef-bb79fda7b344:group-8D33B243C8F8:LeaderElection76: Election REJECTED; received 0 response(s) [] and 2 exception(s); da343c1c-8367-46f5-a9ef-bb79fda7b344:t6, leader=null, voted=da343c1c-8367-46f5-a9ef-bb79fda7b344, raftlog=da343c1c-8367-46f5-a9ef-bb79fda7b344-SegmentedRaftLog:OPENED:c0,f0,i0, conf=0: [da343c1c-8367-46f5-a9ef-bb79fda7b344:192.168.5.144:32905, a4c24659-6a6f-404d-a8b7-ecfa7e5f7d9a:192.168.5.144:37316, ff1ab4d3-cbe6-48f1-9b56-d6e99bbeb9d5:192.168.5.144:39240], old=null
2019-07-14 06:52:57,822 INFO  impl.LeaderElection (LogUtils.java:infoOrTrace(149)) -   Exception 0: {}
java.util.concurrent.ExecutionException: org.apache.ratis.thirdparty.io.grpc.StatusRuntimeException: UNAVAILABLE: io exception
	at java.util.concurrent.FutureTask.report(FutureTask.java:122)
	at java.util.concurrent.FutureTask.get(FutureTask.java:192)
	at org.apache.ratis.server.impl.LeaderElection.waitForResults(LeaderElection.java:262)
	at org.apache.ratis.server.impl.LeaderElection.askForVotes(LeaderElection.java:200)
	at org.apache.ratis.server.impl.LeaderElection.run(LeaderElection.java:130)
	at java.lang.Thread.run(Thread.java:748)
Caused by: org.apache.ratis.thirdparty.io.grpc.StatusRuntimeException: UNAVAILABLE: io exception
	at org.apache.ratis.thirdparty.io.grpc.stub.ClientCalls.toStatusRuntimeException(ClientCalls.java:233)
	at org.apache.ratis.thirdparty.io.grpc.stub.ClientCalls.getUnchecked(ClientCalls.java:214)
	at org.apache.ratis.thirdparty.io.grpc.stub.ClientCalls.blockingUnaryCall(ClientCalls.java:139)
	at org.apache.ratis.proto.grpc.RaftServerProtocolServiceGrpc$RaftServerProtocolServiceBlockingStub.requestVote(RaftServerProtocolServiceGrpc.java:265)
	at org.apache.ratis.grpc.server.GrpcServerProtocolClient.requestVote(GrpcServerProtocolClient.java:83)
	at org.apache.ratis.grpc.server.GrpcService.requestVote(GrpcService.java:195)
	at org.apache.ratis.server.impl.LeaderElection.lambda$submitRequests$1(LeaderElection.java:237)
	at java.util.concurrent.FutureTask.run(FutureTask.java:266)
	at java.util.concurrent.Executors$RunnableAdapter.call(Executors.java:511)
	at java.util.concurrent.FutureTask.run(FutureTask.java:266)
	at java.util.concurrent.ThreadPoolExecutor.runWorker(ThreadPoolExecutor.java:1149)
	at java.util.concurrent.ThreadPoolExecutor$Worker.run(ThreadPoolExecutor.java:624)
	... 1 more
Caused by: org.apache.ratis.thirdparty.io.netty.channel.AbstractChannel$AnnotatedConnectException: Connection refused: /192.168.5.144:37316
	at sun.nio.ch.SocketChannelImpl.checkConnect(Native Method)
	at sun.nio.ch.SocketChannelImpl.finishConnect(SocketChannelImpl.java:717)
	at org.apache.ratis.thirdparty.io.netty.channel.socket.nio.NioSocketChannel.doFinishConnect(NioSocketChannel.java:327)
	at org.apache.ratis.thirdparty.io.netty.channel.nio.AbstractNioChannel$AbstractNioUnsafe.finishConnect(AbstractNioChannel.java:340)
	at org.apache.ratis.thirdparty.io.netty.channel.nio.NioEventLoop.processSelectedKey(NioEventLoop.java:632)
	at org.apache.ratis.thirdparty.io.netty.channel.nio.NioEventLoop.processSelectedKeysOptimized(NioEventLoop.java:579)
	at org.apache.ratis.thirdparty.io.netty.channel.nio.NioEventLoop.processSelectedKeys(NioEventLoop.java:496)
	at org.apache.ratis.thirdparty.io.netty.channel.nio.NioEventLoop.run(NioEventLoop.java:458)
	at org.apache.ratis.thirdparty.io.netty.util.concurrent.SingleThreadEventExecutor$5.run(SingleThreadEventExecutor.java:897)
	at org.apache.ratis.thirdparty.io.netty.util.concurrent.FastThreadLocalRunnable.run(FastThreadLocalRunnable.java:30)
	... 1 more
Caused by: java.net.ConnectException: Connection refused
	... 11 more
2019-07-14 06:52:57,823 INFO  impl.LeaderElection (LogUtils.java:infoOrTrace(149)) -   Exception 1: {}
java.util.concurrent.ExecutionException: org.apache.ratis.thirdparty.io.grpc.StatusRuntimeException: UNAVAILABLE: io exception
	at java.util.concurrent.FutureTask.report(FutureTask.java:122)
	at java.util.concurrent.FutureTask.get(FutureTask.java:192)
	at org.apache.ratis.server.impl.LeaderElection.waitForResults(LeaderElection.java:262)
	at org.apache.ratis.server.impl.LeaderElection.askForVotes(LeaderElection.java:200)
	at org.apache.ratis.server.impl.LeaderElection.run(LeaderElection.java:130)
	at java.lang.Thread.run(Thread.java:748)
Caused by: org.apache.ratis.thirdparty.io.grpc.StatusRuntimeException: UNAVAILABLE: io exception
	at org.apache.ratis.thirdparty.io.grpc.stub.ClientCalls.toStatusRuntimeException(ClientCalls.java:233)
	at org.apache.ratis.thirdparty.io.grpc.stub.ClientCalls.getUnchecked(ClientCalls.java:214)
	at org.apache.ratis.thirdparty.io.grpc.stub.ClientCalls.blockingUnaryCall(ClientCalls.java:139)
	at org.apache.ratis.proto.grpc.RaftServerProtocolServiceGrpc$RaftServerProtocolServiceBlockingStub.requestVote(RaftServerProtocolServiceGrpc.java:265)
	at org.apache.ratis.grpc.server.GrpcServerProtocolClient.requestVote(GrpcServerProtocolClient.java:83)
	at org.apache.ratis.grpc.server.GrpcService.requestVote(GrpcService.java:195)
	at org.apache.ratis.server.impl.LeaderElection.lambda$submitRequests$1(LeaderElection.java:237)
	at java.util.concurrent.FutureTask.run(FutureTask.java:266)
	at java.util.concurrent.Executors$RunnableAdapter.call(Executors.java:511)
	at java.util.concurrent.FutureTask.run(FutureTask.java:266)
	at java.util.concurrent.ThreadPoolExecutor.runWorker(ThreadPoolExecutor.java:1149)
	at java.util.concurrent.ThreadPoolExecutor$Worker.run(ThreadPoolExecutor.java:624)
	... 1 more
Caused by: org.apache.ratis.thirdparty.io.netty.channel.AbstractChannel$AnnotatedConnectException: Connection refused: /192.168.5.144:39240
	at sun.nio.ch.SocketChannelImpl.checkConnect(Native Method)
	at sun.nio.ch.SocketChannelImpl.finishConnect(SocketChannelImpl.java:717)
	at org.apache.ratis.thirdparty.io.netty.channel.socket.nio.NioSocketChannel.doFinishConnect(NioSocketChannel.java:327)
	at org.apache.ratis.thirdparty.io.netty.channel.nio.AbstractNioChannel$AbstractNioUnsafe.finishConnect(AbstractNioChannel.java:340)
	at org.apache.ratis.thirdparty.io.netty.channel.nio.NioEventLoop.processSelectedKey(NioEventLoop.java:632)
	at org.apache.ratis.thirdparty.io.netty.channel.nio.NioEventLoop.processSelectedKeysOptimized(NioEventLoop.java:579)
	at org.apache.ratis.thirdparty.io.netty.channel.nio.NioEventLoop.processSelectedKeys(NioEventLoop.java:496)
	at org.apache.ratis.thirdparty.io.netty.channel.nio.NioEventLoop.run(NioEventLoop.java:458)
	at org.apache.ratis.thirdparty.io.netty.util.concurrent.SingleThreadEventExecutor$5.run(SingleThreadEventExecutor.java:897)
	at org.apache.ratis.thirdparty.io.netty.util.concurrent.FastThreadLocalRunnable.run(FastThreadLocalRunnable.java:30)
	... 1 more
Caused by: java.net.ConnectException: Connection refused
	... 11 more
2019-07-14 06:52:57,823 INFO  impl.RaftServerImpl (RaftServerImpl.java:setRole(171)) - da343c1c-8367-46f5-a9ef-bb79fda7b344:group-8D33B243C8F8 changes role from CANDIDATE to FOLLOWER at term 6 for DISCOVERED_A_NEW_TERM
2019-07-14 06:52:57,823 INFO  impl.RoleInfo (RoleInfo.java:shutdownLeaderElection(134)) - da343c1c-8367-46f5-a9ef-bb79fda7b344: shutdown LeaderElection
2019-07-14 06:52:57,823 INFO  impl.RoleInfo (RoleInfo.java:updateAndGet(143)) - da343c1c-8367-46f5-a9ef-bb79fda7b344: start FollowerState
2019-07-14 06:52:57,928 INFO  ozone.MiniOzoneClusterImpl (MiniOzoneClusterImpl.java:lambda$waitForClusterToBeReady$0(142)) - Waiting for cluster to be ready. Got 5 of 6 DN Heartbeats.
2019-07-14 06:52:57,929 INFO  node.SCMNodeManager (SCMNodeManager.java:register(269)) - Registered Data node : a89baacc-951e-4b02-9e01-bb62a6f8d36f{ip: 192.168.5.144, host: trunk-nightly-8c95p-1540871953, networkLocation: /default-rack, certSerialId: null}
2019-07-14 06:52:57,949 INFO  impl.RaftServerProxy (RaftServerProxy.java:addNew(89)) - a89baacc-951e-4b02-9e01-bb62a6f8d36f: addNew group-997428E4F2BD:[a89baacc-951e-4b02-9e01-bb62a6f8d36f:192.168.5.144:36586] returns group-997428E4F2BD:java.util.concurrent.CompletableFuture@2d053842[Not completed]
2019-07-14 06:52:57,950 INFO  impl.RaftServerImpl (RaftServerImpl.java:<init>(93)) - a89baacc-951e-4b02-9e01-bb62a6f8d36f: new RaftServerImpl for group-997428E4F2BD:[a89baacc-951e-4b02-9e01-bb62a6f8d36f:192.168.5.144:36586] with ContainerStateMachine:uninitialized
2019-07-14 06:52:57,950 INFO  server.RaftServerConfigKeys (ConfUtils.java:logGet(43)) - raft.server.rpc.timeout.min = 5s (custom)
2019-07-14 06:52:57,950 INFO  server.RaftServerConfigKeys (ConfUtils.java:logGet(43)) - raft.server.rpc.timeout.max = 5200ms (custom)
2019-07-14 06:52:57,950 INFO  server.RaftServerConfigKeys (ConfUtils.java:logGet(43)) - raft.server.rpcslowness.timeout = 120s (custom)
2019-07-14 06:52:57,951 INFO  server.RaftServerConfigKeys (ConfUtils.java:logGet(43)) - raft.server.sleep.deviation.threshold = 300 (default)
2019-07-14 06:52:57,951 INFO  server.RaftServerConfigKeys (ConfUtils.java:logGet(43)) - raft.server.log.appender.install.snapshot.enabled = false (custom)
2019-07-14 06:52:57,951 INFO  impl.RaftServerImpl (ServerState.java:<init>(105)) - a89baacc-951e-4b02-9e01-bb62a6f8d36f:group-997428E4F2BD ConfigurationManager, init=-1: [a89baacc-951e-4b02-9e01-bb62a6f8d36f:192.168.5.144:36586], old=null, confs=<EMPTY_MAP>
2019-07-14 06:52:57,951 INFO  server.RaftServerConfigKeys (ConfUtils.java:logGet(43)) - raft.server.storage.dir = [/tmp/workdir/hadoop-ozone/integration-test/target/test-dir/MiniOzoneClusterImpl-776fdfe4-e945-493d-a146-da517978dac5/datanode-5/data/ratis] (custom)
2019-07-14 06:52:57,951 INFO  storage.RaftStorageDirectory (RaftStorageDirectory.java:analyzeStorage(246)) - The storage directory /tmp/workdir/hadoop-ozone/integration-test/target/test-dir/MiniOzoneClusterImpl-776fdfe4-e945-493d-a146-da517978dac5/datanode-5/data/ratis/c61c5273-83e2-4348-85a5-997428e4f2bd does not exist. Creating ...
2019-07-14 06:52:57,956 INFO  storage.RaftStorageDirectory (RaftStorageDirectory.java:tryLock(328)) - Lock on /tmp/workdir/hadoop-ozone/integration-test/target/test-dir/MiniOzoneClusterImpl-776fdfe4-e945-493d-a146-da517978dac5/datanode-5/data/ratis/c61c5273-83e2-4348-85a5-997428e4f2bd/in_use.lock acquired by nodename 3046@trunk-nightly-8c95p-1540871953
2019-07-14 06:52:57,959 INFO  storage.RaftStorage (RaftStorage.java:format(72)) - Storage directory /tmp/workdir/hadoop-ozone/integration-test/target/test-dir/MiniOzoneClusterImpl-776fdfe4-e945-493d-a146-da517978dac5/datanode-5/data/ratis/c61c5273-83e2-4348-85a5-997428e4f2bd has been successfully formatted.
2019-07-14 06:52:57,959 INFO  ratis.ContainerStateMachine (ContainerStateMachine.java:loadSnapshot(200)) - group-997428E4F2BD: The snapshot info is null. Setting the last applied indexto:(t:0, i:~)
2019-07-14 06:52:57,959 INFO  server.RaftServerConfigKeys (ConfUtils.java:logGet(43)) - raft.server.leader.election.timeout = 120s (custom)
2019-07-14 06:52:57,959 INFO  server.RaftServerConfigKeys (ConfUtils.java:logGet(43)) - raft.server.log.use.memory = false (default)
2019-07-14 06:52:57,959 INFO  server.RaftServerConfigKeys (ConfUtils.java:logGet(43)) - raft.server.log.purge.gap = 1000000000 (custom)
2019-07-14 06:52:57,960 INFO  server.RaftServerConfigKeys (ConfUtils.java:logGet(43)) - raft.server.log.appender.buffer.byte-limit = 33554432 (custom)
2019-07-14 06:52:57,960 INFO  server.RaftServerConfigKeys (ConfUtils.java:logGet(43)) - raft.server.log.segment.size.max = 1048576 (custom)
2019-07-14 06:52:57,960 INFO  server.RaftServerConfigKeys (ConfUtils.java:logGet(43)) - raft.server.log.segment.cache.num.max = 2 (custom)
2019-07-14 06:52:57,960 INFO  segmented.SegmentedRaftLogWorker (SegmentedRaftLogWorker.java:<init>(172)) - new a89baacc-951e-4b02-9e01-bb62a6f8d36f-SegmentedRaftLogWorker:Storage Directory /tmp/workdir/hadoop-ozone/integration-test/target/test-dir/MiniOzoneClusterImpl-776fdfe4-e945-493d-a146-da517978dac5/datanode-5/data/ratis/c61c5273-83e2-4348-85a5-997428e4f2bd for RaftStorage:Storage Directory /tmp/workdir/hadoop-ozone/integration-test/target/test-dir/MiniOzoneClusterImpl-776fdfe4-e945-493d-a146-da517978dac5/datanode-5/data/ratis/c61c5273-83e2-4348-85a5-997428e4f2bd
2019-07-14 06:52:57,960 INFO  server.RaftServerConfigKeys (ConfUtils.java:logGet(43)) - raft.server.log.queue.byte-limit = 2147483647 (custom)
2019-07-14 06:52:57,960 INFO  server.RaftServerConfigKeys (ConfUtils.java:logGet(43)) - raft.server.log.queue.element-limit = 1024 (custom)
2019-07-14 06:52:57,960 INFO  server.RaftServerConfigKeys (ConfUtils.java:logGet(43)) - raft.server.log.segment.size.max = 1048576 (custom)
2019-07-14 06:52:57,961 INFO  server.RaftServerConfigKeys (ConfUtils.java:logGet(43)) - raft.server.log.preallocated.size = 16384 (custom)
2019-07-14 06:52:57,961 INFO  server.RaftServerConfigKeys (ConfUtils.java:logGet(43)) - raft.server.log.write.buffer.size = 33554432 (custom)
2019-07-14 06:52:57,961 INFO  server.RaftServerConfigKeys (ConfUtils.java:logGet(43)) - raft.server.log.force.sync.num = 128 (default)
2019-07-14 06:52:57,961 INFO  server.RaftServerConfigKeys (ConfUtils.java:logGet(43)) - raft.server.log.statemachine.data.sync = true (default)
2019-07-14 06:52:57,961 INFO  server.RaftServerConfigKeys (ConfUtils.java:logGet(43)) - raft.server.log.statemachine.data.sync.timeout = 10s (default)
2019-07-14 06:52:57,961 INFO  server.RaftServerConfigKeys (ConfUtils.java:logGet(43)) - raft.server.log.statemachine.data.sync.timeout.retry = -1 (default)
2019-07-14 06:52:57,961 INFO  server.RaftServerConfigKeys (ConfUtils.java:logGet(43)) - raft.server.log.statemachine.data.caching.enabled = true (custom)
2019-07-14 06:52:57,962 INFO  segmented.SegmentedRaftLogWorker (SegmentedRaftLogWorker.java:lambda$new$0(132)) - a89baacc-951e-4b02-9e01-bb62a6f8d36f-SegmentedRaftLogWorker:Storage Directory /tmp/workdir/hadoop-ozone/integration-test/target/test-dir/MiniOzoneClusterImpl-776fdfe4-e945-493d-a146-da517978dac5/datanode-5/data/ratis/c61c5273-83e2-4348-85a5-997428e4f2bd: flushIndex: setUnconditionally 0 -> -1
2019-07-14 06:52:57,962 INFO  server.RaftServerConfigKeys (ConfUtils.java:logGet(43)) - raft.server.snapshot.auto.trigger.enabled = true (custom)
2019-07-14 06:52:57,962 INFO  server.RaftServerConfigKeys (ConfUtils.java:logGet(43)) - raft.server.snapshot.auto.trigger.threshold = 10000 (custom)
2019-07-14 06:52:57,962 INFO  server.RaftServerConfigKeys (ConfUtils.java:logGet(43)) - raft.server.retrycache.expirytime = 600000ms (custom)
2019-07-14 06:52:57,962 INFO  impl.RaftServerImpl (RaftServerImpl.java:start(180)) - a89baacc-951e-4b02-9e01-bb62a6f8d36f: start group-997428E4F2BD
2019-07-14 06:52:57,962 INFO  impl.RaftServerImpl (RaftServerImpl.java:setRole(171)) - a89baacc-951e-4b02-9e01-bb62a6f8d36f:group-997428E4F2BD changes role from null to FOLLOWER at term 0 for startAsFollower
2019-07-14 06:52:57,962 INFO  impl.RoleInfo (RoleInfo.java:updateAndGet(143)) - a89baacc-951e-4b02-9e01-bb62a6f8d36f: start FollowerState
2019-07-14 06:52:57,963 INFO  util.JmxRegister (JmxRegister.java:tryRegister(44)) - Successfully registered JMX Bean with object name Ratis:service=RaftServer,group=group-997428E4F2BD,id=a89baacc-951e-4b02-9e01-bb62a6f8d36f
2019-07-14 06:52:57,965 INFO  pipeline.PipelineStateManager (PipelineStateManager.java:addPipeline(56)) - Created pipeline Pipeline[ Id: c61c5273-83e2-4348-85a5-997428e4f2bd, Nodes: a89baacc-951e-4b02-9e01-bb62a6f8d36f{ip: 192.168.5.144, host: trunk-nightly-8c95p-1540871953, networkLocation: /default-rack, certSerialId: null}, Type:RATIS, Factor:ONE, State:OPEN]
2019-07-14 06:52:57,981 INFO  impl.RaftServerProxy (RaftServerProxy.java:addNew(89)) - a89baacc-951e-4b02-9e01-bb62a6f8d36f: addNew group-CBF4CBA06C02:[a89baacc-951e-4b02-9e01-bb62a6f8d36f:192.168.5.144:36586, b745b9d8-0e41-450a-b915-4099f41803a5:192.168.5.144:38245, 9506c4af-261b-48ce-a71c-abe081543e5e:192.168.5.144:46473] returns group-CBF4CBA06C02:java.util.concurrent.CompletableFuture@553f0f6a[Not completed]
2019-07-14 06:52:57,981 INFO  impl.RaftServerProxy (RaftServerProxy.java:addNew(89)) - b745b9d8-0e41-450a-b915-4099f41803a5: addNew group-CBF4CBA06C02:[a89baacc-951e-4b02-9e01-bb62a6f8d36f:192.168.5.144:36586, b745b9d8-0e41-450a-b915-4099f41803a5:192.168.5.144:38245, 9506c4af-261b-48ce-a71c-abe081543e5e:192.168.5.144:46473] returns group-CBF4CBA06C02:java.util.concurrent.CompletableFuture@2eba86d4[Not completed]
2019-07-14 06:52:57,981 INFO  impl.RaftServerProxy (RaftServerProxy.java:addNew(89)) - 9506c4af-261b-48ce-a71c-abe081543e5e: addNew group-CBF4CBA06C02:[a89baacc-951e-4b02-9e01-bb62a6f8d36f:192.168.5.144:36586, b745b9d8-0e41-450a-b915-4099f41803a5:192.168.5.144:38245, 9506c4af-261b-48ce-a71c-abe081543e5e:192.168.5.144:46473] returns group-CBF4CBA06C02:java.util.concurrent.CompletableFuture@c2f92da[Not completed]
2019-07-14 06:52:57,982 INFO  impl.RaftServerImpl (RaftServerImpl.java:<init>(93)) - a89baacc-951e-4b02-9e01-bb62a6f8d36f: new RaftServerImpl for group-CBF4CBA06C02:[a89baacc-951e-4b02-9e01-bb62a6f8d36f:192.168.5.144:36586, b745b9d8-0e41-450a-b915-4099f41803a5:192.168.5.144:38245, 9506c4af-261b-48ce-a71c-abe081543e5e:192.168.5.144:46473] with ContainerStateMachine:uninitialized
2019-07-14 06:52:57,982 INFO  server.RaftServerConfigKeys (ConfUtils.java:logGet(43)) - raft.server.rpc.timeout.min = 5s (custom)
2019-07-14 06:52:57,982 INFO  server.RaftServerConfigKeys (ConfUtils.java:logGet(43)) - raft.server.rpc.timeout.max = 5200ms (custom)
2019-07-14 06:52:57,983 INFO  server.RaftServerConfigKeys (ConfUtils.java:logGet(43)) - raft.server.rpcslowness.timeout = 120s (custom)
2019-07-14 06:52:57,983 INFO  server.RaftServerConfigKeys (ConfUtils.java:logGet(43)) - raft.server.sleep.deviation.threshold = 300 (default)
2019-07-14 06:52:57,983 INFO  server.RaftServerConfigKeys (ConfUtils.java:logGet(43)) - raft.server.log.appender.install.snapshot.enabled = false (custom)
2019-07-14 06:52:57,983 INFO  impl.RaftServerImpl (ServerState.java:<init>(105)) - a89baacc-951e-4b02-9e01-bb62a6f8d36f:group-CBF4CBA06C02 ConfigurationManager, init=-1: [a89baacc-951e-4b02-9e01-bb62a6f8d36f:192.168.5.144:36586, b745b9d8-0e41-450a-b915-4099f41803a5:192.168.5.144:38245, 9506c4af-261b-48ce-a71c-abe081543e5e:192.168.5.144:46473], old=null, confs=<EMPTY_MAP>
2019-07-14 06:52:57,983 INFO  impl.RaftServerImpl (RaftServerImpl.java:<init>(93)) - 9506c4af-261b-48ce-a71c-abe081543e5e: new RaftServerImpl for group-CBF4CBA06C02:[a89baacc-951e-4b02-9e01-bb62a6f8d36f:192.168.5.144:36586, b745b9d8-0e41-450a-b915-4099f41803a5:192.168.5.144:38245, 9506c4af-261b-48ce-a71c-abe081543e5e:192.168.5.144:46473] with ContainerStateMachine:uninitialized
2019-07-14 06:52:57,983 INFO  server.RaftServerConfigKeys (ConfUtils.java:logGet(43)) - raft.server.storage.dir = [/tmp/workdir/hadoop-ozone/integration-test/target/test-dir/MiniOzoneClusterImpl-776fdfe4-e945-493d-a146-da517978dac5/datanode-5/data/ratis] (custom)
2019-07-14 06:52:57,983 INFO  server.RaftServerConfigKeys (ConfUtils.java:logGet(43)) - raft.server.rpc.timeout.min = 5s (custom)
2019-07-14 06:52:57,983 INFO  impl.RaftServerImpl (RaftServerImpl.java:<init>(93)) - b745b9d8-0e41-450a-b915-4099f41803a5: new RaftServerImpl for group-CBF4CBA06C02:[a89baacc-951e-4b02-9e01-bb62a6f8d36f:192.168.5.144:36586, b745b9d8-0e41-450a-b915-4099f41803a5:192.168.5.144:38245, 9506c4af-261b-48ce-a71c-abe081543e5e:192.168.5.144:46473] with ContainerStateMachine:uninitialized
2019-07-14 06:52:57,983 INFO  server.RaftServerConfigKeys (ConfUtils.java:logGet(43)) - raft.server.rpc.timeout.max = 5200ms (custom)
2019-07-14 06:52:57,983 INFO  storage.RaftStorageDirectory (RaftStorageDirectory.java:analyzeStorage(246)) - The storage directory /tmp/workdir/hadoop-ozone/integration-test/target/test-dir/MiniOzoneClusterImpl-776fdfe4-e945-493d-a146-da517978dac5/datanode-5/data/ratis/39420bb7-8424-48e8-9fad-cbf4cba06c02 does not exist. Creating ...
2019-07-14 06:52:57,984 INFO  server.RaftServerConfigKeys (ConfUtils.java:logGet(43)) - raft.server.rpcslowness.timeout = 120s (custom)
2019-07-14 06:52:57,983 INFO  server.RaftServerConfigKeys (ConfUtils.java:logGet(43)) - raft.server.rpc.timeout.min = 5s (custom)
2019-07-14 06:52:57,984 INFO  server.RaftServerConfigKeys (ConfUtils.java:logGet(43)) - raft.server.sleep.deviation.threshold = 300 (default)
2019-07-14 06:52:57,984 INFO  server.RaftServerConfigKeys (ConfUtils.java:logGet(43)) - raft.server.rpc.timeout.max = 5200ms (custom)
2019-07-14 06:52:57,984 INFO  server.RaftServerConfigKeys (ConfUtils.java:logGet(43)) - raft.server.log.appender.install.snapshot.enabled = false (custom)
2019-07-14 06:52:57,984 INFO  server.RaftServerConfigKeys (ConfUtils.java:logGet(43)) - raft.server.rpcslowness.timeout = 120s (custom)
2019-07-14 06:52:57,984 INFO  impl.RaftServerImpl (ServerState.java:<init>(105)) - 9506c4af-261b-48ce-a71c-abe081543e5e:group-CBF4CBA06C02 ConfigurationManager, init=-1: [a89baacc-951e-4b02-9e01-bb62a6f8d36f:192.168.5.144:36586, b745b9d8-0e41-450a-b915-4099f41803a5:192.168.5.144:38245, 9506c4af-261b-48ce-a71c-abe081543e5e:192.168.5.144:46473], old=null, confs=<EMPTY_MAP>
2019-07-14 06:52:57,984 INFO  server.RaftServerConfigKeys (ConfUtils.java:logGet(43)) - raft.server.sleep.deviation.threshold = 300 (default)
2019-07-14 06:52:57,985 INFO  server.RaftServerConfigKeys (ConfUtils.java:logGet(43)) - raft.server.storage.dir = [/tmp/workdir/hadoop-ozone/integration-test/target/test-dir/MiniOzoneClusterImpl-776fdfe4-e945-493d-a146-da517978dac5/datanode-4/data/ratis] (custom)
2019-07-14 06:52:57,985 INFO  server.RaftServerConfigKeys (ConfUtils.java:logGet(43)) - raft.server.log.appender.install.snapshot.enabled = false (custom)
2019-07-14 06:52:57,985 INFO  impl.RaftServerImpl (ServerState.java:<init>(105)) - b745b9d8-0e41-450a-b915-4099f41803a5:group-CBF4CBA06C02 ConfigurationManager, init=-1: [a89baacc-951e-4b02-9e01-bb62a6f8d36f:192.168.5.144:36586, b745b9d8-0e41-450a-b915-4099f41803a5:192.168.5.144:38245, 9506c4af-261b-48ce-a71c-abe081543e5e:192.168.5.144:46473], old=null, confs=<EMPTY_MAP>
2019-07-14 06:52:57,985 INFO  server.RaftServerConfigKeys (ConfUtils.java:logGet(43)) - raft.server.storage.dir = [/tmp/workdir/hadoop-ozone/integration-test/target/test-dir/MiniOzoneClusterImpl-776fdfe4-e945-493d-a146-da517978dac5/datanode-3/data/ratis] (custom)
2019-07-14 06:52:57,985 INFO  storage.RaftStorageDirectory (RaftStorageDirectory.java:analyzeStorage(246)) - The storage directory /tmp/workdir/hadoop-ozone/integration-test/target/test-dir/MiniOzoneClusterImpl-776fdfe4-e945-493d-a146-da517978dac5/datanode-4/data/ratis/39420bb7-8424-48e8-9fad-cbf4cba06c02 does not exist. Creating ...
2019-07-14 06:52:57,985 INFO  storage.RaftStorageDirectory (RaftStorageDirectory.java:analyzeStorage(246)) - The storage directory /tmp/workdir/hadoop-ozone/integration-test/target/test-dir/MiniOzoneClusterImpl-776fdfe4-e945-493d-a146-da517978dac5/datanode-3/data/ratis/39420bb7-8424-48e8-9fad-cbf4cba06c02 does not exist. Creating ...
2019-07-14 06:52:57,986 INFO  storage.RaftStorageDirectory (RaftStorageDirectory.java:tryLock(328)) - Lock on /tmp/workdir/hadoop-ozone/integration-test/target/test-dir/MiniOzoneClusterImpl-776fdfe4-e945-493d-a146-da517978dac5/datanode-5/data/ratis/39420bb7-8424-48e8-9fad-cbf4cba06c02/in_use.lock acquired by nodename 3046@trunk-nightly-8c95p-1540871953
2019-07-14 06:52:57,989 INFO  storage.RaftStorageDirectory (RaftStorageDirectory.java:tryLock(328)) - Lock on /tmp/workdir/hadoop-ozone/integration-test/target/test-dir/MiniOzoneClusterImpl-776fdfe4-e945-493d-a146-da517978dac5/datanode-4/data/ratis/39420bb7-8424-48e8-9fad-cbf4cba06c02/in_use.lock acquired by nodename 3046@trunk-nightly-8c95p-1540871953
2019-07-14 06:52:57,989 INFO  storage.RaftStorage (RaftStorage.java:format(72)) - Storage directory /tmp/workdir/hadoop-ozone/integration-test/target/test-dir/MiniOzoneClusterImpl-776fdfe4-e945-493d-a146-da517978dac5/datanode-5/data/ratis/39420bb7-8424-48e8-9fad-cbf4cba06c02 has been successfully formatted.
2019-07-14 06:52:57,989 INFO  storage.RaftStorageDirectory (RaftStorageDirectory.java:tryLock(328)) - Lock on /tmp/workdir/hadoop-ozone/integration-test/target/test-dir/MiniOzoneClusterImpl-776fdfe4-e945-493d-a146-da517978dac5/datanode-3/data/ratis/39420bb7-8424-48e8-9fad-cbf4cba06c02/in_use.lock acquired by nodename 3046@trunk-nightly-8c95p-1540871953
2019-07-14 06:52:57,989 INFO  ratis.ContainerStateMachine (ContainerStateMachine.java:loadSnapshot(200)) - group-CBF4CBA06C02: The snapshot info is null. Setting the last applied indexto:(t:0, i:~)
2019-07-14 06:52:57,989 INFO  server.RaftServerConfigKeys (ConfUtils.java:logGet(43)) - raft.server.leader.election.timeout = 120s (custom)
2019-07-14 06:52:57,989 INFO  server.RaftServerConfigKeys (ConfUtils.java:logGet(43)) - raft.server.log.use.memory = false (default)
2019-07-14 06:52:57,990 INFO  server.RaftServerConfigKeys (ConfUtils.java:logGet(43)) - raft.server.log.purge.gap = 1000000000 (custom)
2019-07-14 06:52:57,990 INFO  server.RaftServerConfigKeys (ConfUtils.java:logGet(43)) - raft.server.log.appender.buffer.byte-limit = 33554432 (custom)
2019-07-14 06:52:57,990 INFO  server.RaftServerConfigKeys (ConfUtils.java:logGet(43)) - raft.server.log.segment.size.max = 1048576 (custom)
2019-07-14 06:52:57,990 INFO  server.RaftServerConfigKeys (ConfUtils.java:logGet(43)) - raft.server.log.segment.cache.num.max = 2 (custom)
2019-07-14 06:52:57,990 INFO  segmented.SegmentedRaftLogWorker (SegmentedRaftLogWorker.java:<init>(172)) - new a89baacc-951e-4b02-9e01-bb62a6f8d36f-SegmentedRaftLogWorker:Storage Directory /tmp/workdir/hadoop-ozone/integration-test/target/test-dir/MiniOzoneClusterImpl-776fdfe4-e945-493d-a146-da517978dac5/datanode-5/data/ratis/39420bb7-8424-48e8-9fad-cbf4cba06c02 for RaftStorage:Storage Directory /tmp/workdir/hadoop-ozone/integration-test/target/test-dir/MiniOzoneClusterImpl-776fdfe4-e945-493d-a146-da517978dac5/datanode-5/data/ratis/39420bb7-8424-48e8-9fad-cbf4cba06c02
2019-07-14 06:52:57,990 INFO  server.RaftServerConfigKeys (ConfUtils.java:logGet(43)) - raft.server.log.queue.byte-limit = 2147483647 (custom)
2019-07-14 06:52:57,990 INFO  server.RaftServerConfigKeys (ConfUtils.java:logGet(43)) - raft.server.log.queue.element-limit = 1024 (custom)
2019-07-14 06:52:57,991 INFO  server.RaftServerConfigKeys (ConfUtils.java:logGet(43)) - raft.server.log.segment.size.max = 1048576 (custom)
2019-07-14 06:52:57,991 INFO  server.RaftServerConfigKeys (ConfUtils.java:logGet(43)) - raft.server.log.preallocated.size = 16384 (custom)
2019-07-14 06:52:57,991 INFO  server.RaftServerConfigKeys (ConfUtils.java:logGet(43)) - raft.server.log.write.buffer.size = 33554432 (custom)
2019-07-14 06:52:57,991 INFO  server.RaftServerConfigKeys (ConfUtils.java:logGet(43)) - raft.server.log.force.sync.num = 128 (default)
2019-07-14 06:52:57,991 INFO  server.RaftServerConfigKeys (ConfUtils.java:logGet(43)) - raft.server.log.statemachine.data.sync = true (default)
2019-07-14 06:52:57,991 INFO  server.RaftServerConfigKeys (ConfUtils.java:logGet(43)) - raft.server.log.statemachine.data.sync.timeout = 10s (default)
2019-07-14 06:52:57,991 INFO  server.RaftServerConfigKeys (ConfUtils.java:logGet(43)) - raft.server.log.statemachine.data.sync.timeout.retry = -1 (default)
2019-07-14 06:52:57,991 INFO  server.RaftServerConfigKeys (ConfUtils.java:logGet(43)) - raft.server.log.statemachine.data.caching.enabled = true (custom)
2019-07-14 06:52:57,992 INFO  segmented.SegmentedRaftLogWorker (SegmentedRaftLogWorker.java:lambda$new$0(132)) - a89baacc-951e-4b02-9e01-bb62a6f8d36f-SegmentedRaftLogWorker:Storage Directory /tmp/workdir/hadoop-ozone/integration-test/target/test-dir/MiniOzoneClusterImpl-776fdfe4-e945-493d-a146-da517978dac5/datanode-5/data/ratis/39420bb7-8424-48e8-9fad-cbf4cba06c02: flushIndex: setUnconditionally 0 -> -1
2019-07-14 06:52:57,992 INFO  server.RaftServerConfigKeys (ConfUtils.java:logGet(43)) - raft.server.snapshot.auto.trigger.enabled = true (custom)
2019-07-14 06:52:57,993 INFO  server.RaftServerConfigKeys (ConfUtils.java:logGet(43)) - raft.server.snapshot.auto.trigger.threshold = 10000 (custom)
2019-07-14 06:52:57,993 INFO  storage.RaftStorage (RaftStorage.java:format(72)) - Storage directory /tmp/workdir/hadoop-ozone/integration-test/target/test-dir/MiniOzoneClusterImpl-776fdfe4-e945-493d-a146-da517978dac5/datanode-4/data/ratis/39420bb7-8424-48e8-9fad-cbf4cba06c02 has been successfully formatted.
2019-07-14 06:52:57,993 INFO  storage.RaftStorage (RaftStorage.java:format(72)) - Storage directory /tmp/workdir/hadoop-ozone/integration-test/target/test-dir/MiniOzoneClusterImpl-776fdfe4-e945-493d-a146-da517978dac5/datanode-3/data/ratis/39420bb7-8424-48e8-9fad-cbf4cba06c02 has been successfully formatted.
2019-07-14 06:52:57,993 INFO  ratis.ContainerStateMachine (ContainerStateMachine.java:loadSnapshot(200)) - group-CBF4CBA06C02: The snapshot info is null. Setting the last applied indexto:(t:0, i:~)
2019-07-14 06:52:57,993 INFO  ratis.ContainerStateMachine (ContainerStateMachine.java:loadSnapshot(200)) - group-CBF4CBA06C02: The snapshot info is null. Setting the last applied indexto:(t:0, i:~)
2019-07-14 06:52:57,993 INFO  server.RaftServerConfigKeys (ConfUtils.java:logGet(43)) - raft.server.retrycache.expirytime = 600000ms (custom)
2019-07-14 06:52:57,993 INFO  server.RaftServerConfigKeys (ConfUtils.java:logGet(43)) - raft.server.leader.election.timeout = 120s (custom)
2019-07-14 06:52:57,993 INFO  server.RaftServerConfigKeys (ConfUtils.java:logGet(43)) - raft.server.leader.election.timeout = 120s (custom)
2019-07-14 06:52:57,994 INFO  server.RaftServerConfigKeys (ConfUtils.java:logGet(43)) - raft.server.log.use.memory = false (default)
2019-07-14 06:52:57,994 INFO  impl.RaftServerImpl (RaftServerImpl.java:start(180)) - a89baacc-951e-4b02-9e01-bb62a6f8d36f: start group-CBF4CBA06C02
2019-07-14 06:52:57,994 INFO  server.RaftServerConfigKeys (ConfUtils.java:logGet(43)) - raft.server.log.purge.gap = 1000000000 (custom)
2019-07-14 06:52:57,994 INFO  server.RaftServerConfigKeys (ConfUtils.java:logGet(43)) - raft.server.log.use.memory = false (default)
2019-07-14 06:52:57,994 INFO  server.RaftServerConfigKeys (ConfUtils.java:logGet(43)) - raft.server.log.appender.buffer.byte-limit = 33554432 (custom)
2019-07-14 06:52:57,994 INFO  impl.RaftServerImpl (RaftServerImpl.java:setRole(171)) - a89baacc-951e-4b02-9e01-bb62a6f8d36f:group-CBF4CBA06C02 changes role from null to FOLLOWER at term 0 for startAsFollower
2019-07-14 06:52:57,995 INFO  server.RaftServerConfigKeys (ConfUtils.java:logGet(43)) - raft.server.log.segment.size.max = 1048576 (custom)
2019-07-14 06:52:57,994 INFO  server.RaftServerConfigKeys (ConfUtils.java:logGet(43)) - raft.server.log.purge.gap = 1000000000 (custom)
2019-07-14 06:52:57,995 INFO  server.RaftServerConfigKeys (ConfUtils.java:logGet(43)) - raft.server.log.segment.cache.num.max = 2 (custom)
2019-07-14 06:52:57,995 INFO  impl.RoleInfo (RoleInfo.java:updateAndGet(143)) - a89baacc-951e-4b02-9e01-bb62a6f8d36f: start FollowerState
2019-07-14 06:52:57,995 INFO  segmented.SegmentedRaftLogWorker (SegmentedRaftLogWorker.java:<init>(172)) - new b745b9d8-0e41-450a-b915-4099f41803a5-SegmentedRaftLogWorker:Storage Directory /tmp/workdir/hadoop-ozone/integration-test/target/test-dir/MiniOzoneClusterImpl-776fdfe4-e945-493d-a146-da517978dac5/datanode-3/data/ratis/39420bb7-8424-48e8-9fad-cbf4cba06c02 for RaftStorage:Storage Directory /tmp/workdir/hadoop-ozone/integration-test/target/test-dir/MiniOzoneClusterImpl-776fdfe4-e945-493d-a146-da517978dac5/datanode-3/data/ratis/39420bb7-8424-48e8-9fad-cbf4cba06c02
2019-07-14 06:52:57,995 INFO  server.RaftServerConfigKeys (ConfUtils.java:logGet(43)) - raft.server.log.appender.buffer.byte-limit = 33554432 (custom)
2019-07-14 06:52:57,996 INFO  util.JmxRegister (JmxRegister.java:tryRegister(44)) - Successfully registered JMX Bean with object name Ratis:service=RaftServer,group=group-CBF4CBA06C02,id=a89baacc-951e-4b02-9e01-bb62a6f8d36f
2019-07-14 06:52:57,995 INFO  server.RaftServerConfigKeys (ConfUtils.java:logGet(43)) - raft.server.log.queue.byte-limit = 2147483647 (custom)
2019-07-14 06:52:57,996 INFO  server.RaftServerConfigKeys (ConfUtils.java:logGet(43)) - raft.server.log.segment.size.max = 1048576 (custom)
2019-07-14 06:52:57,996 INFO  server.RaftServerConfigKeys (ConfUtils.java:logGet(43)) - raft.server.log.queue.element-limit = 1024 (custom)
2019-07-14 06:52:57,996 INFO  server.RaftServerConfigKeys (ConfUtils.java:logGet(43)) - raft.server.log.segment.cache.num.max = 2 (custom)
2019-07-14 06:52:57,996 INFO  server.RaftServerConfigKeys (ConfUtils.java:logGet(43)) - raft.server.log.segment.size.max = 1048576 (custom)
2019-07-14 06:52:57,996 INFO  segmented.SegmentedRaftLogWorker (SegmentedRaftLogWorker.java:<init>(172)) - new 9506c4af-261b-48ce-a71c-abe081543e5e-SegmentedRaftLogWorker:Storage Directory /tmp/workdir/hadoop-ozone/integration-test/target/test-dir/MiniOzoneClusterImpl-776fdfe4-e945-493d-a146-da517978dac5/datanode-4/data/ratis/39420bb7-8424-48e8-9fad-cbf4cba06c02 for RaftStorage:Storage Directory /tmp/workdir/hadoop-ozone/integration-test/target/test-dir/MiniOzoneClusterImpl-776fdfe4-e945-493d-a146-da517978dac5/datanode-4/data/ratis/39420bb7-8424-48e8-9fad-cbf4cba06c02
2019-07-14 06:52:57,997 INFO  server.RaftServerConfigKeys (ConfUtils.java:logGet(43)) - raft.server.log.preallocated.size = 16384 (custom)
2019-07-14 06:52:57,997 INFO  server.RaftServerConfigKeys (ConfUtils.java:logGet(43)) - raft.server.log.queue.byte-limit = 2147483647 (custom)
2019-07-14 06:52:57,997 INFO  server.RaftServerConfigKeys (ConfUtils.java:logGet(43)) - raft.server.log.write.buffer.size = 33554432 (custom)
2019-07-14 06:52:57,997 INFO  server.RaftServerConfigKeys (ConfUtils.java:logGet(43)) - raft.server.log.queue.element-limit = 1024 (custom)
2019-07-14 06:52:57,997 INFO  server.RaftServerConfigKeys (ConfUtils.java:logGet(43)) - raft.server.log.force.sync.num = 128 (default)
2019-07-14 06:52:57,997 INFO  server.RaftServerConfigKeys (ConfUtils.java:logGet(43)) - raft.server.log.segment.size.max = 1048576 (custom)
2019-07-14 06:52:57,997 INFO  server.RaftServerConfigKeys (ConfUtils.java:logGet(43)) - raft.server.log.statemachine.data.sync = true (default)
2019-07-14 06:52:57,998 INFO  server.RaftServerConfigKeys (ConfUtils.java:logGet(43)) - raft.server.log.preallocated.size = 16384 (custom)
2019-07-14 06:52:57,998 INFO  server.RaftServerConfigKeys (ConfUtils.java:logGet(43)) - raft.server.log.statemachine.data.sync.timeout = 10s (default)
2019-07-14 06:52:57,998 INFO  server.RaftServerConfigKeys (ConfUtils.java:logGet(43)) - raft.server.log.write.buffer.size = 33554432 (custom)
2019-07-14 06:52:57,998 INFO  server.RaftServerConfigKeys (ConfUtils.java:logGet(43)) - raft.server.log.statemachine.data.sync.timeout.retry = -1 (default)
2019-07-14 06:52:57,998 INFO  server.RaftServerConfigKeys (ConfUtils.java:logGet(43)) - raft.server.log.force.sync.num = 128 (default)
2019-07-14 06:52:57,998 INFO  server.RaftServerConfigKeys (ConfUtils.java:logGet(43)) - raft.server.log.statemachine.data.caching.enabled = true (custom)
2019-07-14 06:52:57,998 INFO  server.RaftServerConfigKeys (ConfUtils.java:logGet(43)) - raft.server.log.statemachine.data.sync = true (default)
2019-07-14 06:52:57,999 INFO  server.RaftServerConfigKeys (ConfUtils.java:logGet(43)) - raft.server.log.statemachine.data.sync.timeout = 10s (default)
2019-07-14 06:52:57,999 INFO  segmented.SegmentedRaftLogWorker (SegmentedRaftLogWorker.java:lambda$new$0(132)) - b745b9d8-0e41-450a-b915-4099f41803a5-SegmentedRaftLogWorker:Storage Directory /tmp/workdir/hadoop-ozone/integration-test/target/test-dir/MiniOzoneClusterImpl-776fdfe4-e945-493d-a146-da517978dac5/datanode-3/data/ratis/39420bb7-8424-48e8-9fad-cbf4cba06c02: flushIndex: setUnconditionally 0 -> -1
2019-07-14 06:52:57,999 INFO  server.RaftServerConfigKeys (ConfUtils.java:logGet(43)) - raft.server.log.statemachine.data.sync.timeout.retry = -1 (default)
2019-07-14 06:52:57,999 INFO  server.RaftServerConfigKeys (ConfUtils.java:logGet(43)) - raft.server.log.statemachine.data.caching.enabled = true (custom)
2019-07-14 06:52:57,999 INFO  server.RaftServerConfigKeys (ConfUtils.java:logGet(43)) - raft.server.snapshot.auto.trigger.enabled = true (custom)
2019-07-14 06:52:57,999 INFO  segmented.SegmentedRaftLogWorker (SegmentedRaftLogWorker.java:lambda$new$0(132)) - 9506c4af-261b-48ce-a71c-abe081543e5e-SegmentedRaftLogWorker:Storage Directory /tmp/workdir/hadoop-ozone/integration-test/target/test-dir/MiniOzoneClusterImpl-776fdfe4-e945-493d-a146-da517978dac5/datanode-4/data/ratis/39420bb7-8424-48e8-9fad-cbf4cba06c02: flushIndex: setUnconditionally 0 -> -1
2019-07-14 06:52:57,999 INFO  server.RaftServerConfigKeys (ConfUtils.java:logGet(43)) - raft.server.snapshot.auto.trigger.threshold = 10000 (custom)
2019-07-14 06:52:58,000 INFO  server.RaftServerConfigKeys (ConfUtils.java:logGet(43)) - raft.server.retrycache.expirytime = 600000ms (custom)
2019-07-14 06:52:58,000 INFO  server.RaftServerConfigKeys (ConfUtils.java:logGet(43)) - raft.server.snapshot.auto.trigger.enabled = true (custom)
2019-07-14 06:52:58,000 INFO  impl.RaftServerImpl (RaftServerImpl.java:start(180)) - b745b9d8-0e41-450a-b915-4099f41803a5: start group-CBF4CBA06C02
2019-07-14 06:52:58,000 INFO  server.RaftServerConfigKeys (ConfUtils.java:logGet(43)) - raft.server.snapshot.auto.trigger.threshold = 10000 (custom)
2019-07-14 06:52:58,000 INFO  impl.RaftServerImpl (RaftServerImpl.java:setRole(171)) - b745b9d8-0e41-450a-b915-4099f41803a5:group-CBF4CBA06C02 changes role from null to FOLLOWER at term 0 for startAsFollower
2019-07-14 06:52:58,000 INFO  server.RaftServerConfigKeys (ConfUtils.java:logGet(43)) - raft.server.retrycache.expirytime = 600000ms (custom)
2019-07-14 06:52:58,000 INFO  impl.RoleInfo (RoleInfo.java:updateAndGet(143)) - b745b9d8-0e41-450a-b915-4099f41803a5: start FollowerState
2019-07-14 06:52:58,001 INFO  impl.RaftServerImpl (RaftServerImpl.java:start(180)) - 9506c4af-261b-48ce-a71c-abe081543e5e: start group-CBF4CBA06C02
2019-07-14 06:52:58,001 INFO  impl.RaftServerImpl (RaftServerImpl.java:setRole(171)) - 9506c4af-261b-48ce-a71c-abe081543e5e:group-CBF4CBA06C02 changes role from null to FOLLOWER at term 0 for startAsFollower
2019-07-14 06:52:58,001 INFO  impl.RoleInfo (RoleInfo.java:updateAndGet(143)) - 9506c4af-261b-48ce-a71c-abe081543e5e: start FollowerState
2019-07-14 06:52:58,001 INFO  util.JmxRegister (JmxRegister.java:tryRegister(44)) - Successfully registered JMX Bean with object name Ratis:service=RaftServer,group=group-CBF4CBA06C02,id=b745b9d8-0e41-450a-b915-4099f41803a5
2019-07-14 06:52:58,001 INFO  util.JmxRegister (JmxRegister.java:tryRegister(44)) - Successfully registered JMX Bean with object name Ratis:service=RaftServer,group=group-CBF4CBA06C02,id=9506c4af-261b-48ce-a71c-abe081543e5e
2019-07-14 06:52:58,003 INFO  pipeline.PipelineStateManager (PipelineStateManager.java:addPipeline(56)) - Created pipeline Pipeline[ Id: 39420bb7-8424-48e8-9fad-cbf4cba06c02, Nodes: b745b9d8-0e41-450a-b915-4099f41803a5{ip: 192.168.5.144, host: trunk-nightly-8c95p-1540871953, networkLocation: /default-rack, certSerialId: null}9506c4af-261b-48ce-a71c-abe081543e5e{ip: 192.168.5.144, host: trunk-nightly-8c95p-1540871953, networkLocation: /default-rack, certSerialId: null}a89baacc-951e-4b02-9e01-bb62a6f8d36f{ip: 192.168.5.144, host: trunk-nightly-8c95p-1540871953, networkLocation: /default-rack, certSerialId: null}, Type:RATIS, Factor:THREE, State:OPEN]
2019-07-14 06:52:58,928 INFO  ozone.MiniOzoneClusterImpl (MiniOzoneClusterImpl.java:lambda$waitForClusterToBeReady$0(142)) - Cluster is ready. Got 6 of 6 DN Heartbeats.
2019-07-14 06:52:59,027 INFO  rpc.RpcClient (RpcClient.java:createVolume(287)) - Creating Volume: datanodefailurehandlingtest, with jenkins1000 as owner.
2019-07-14 06:52:59,081 INFO  rpc.RpcClient (RpcClient.java:createBucket(424)) - Creating Bucket: datanodefailurehandlingtest/datanodefailurehandlingtest, with Versioning false and Storage Type set to DISK and Encryption set to false 
2019-07-14 06:52:59,668 INFO  client.GrpcClientProtocolClient (GrpcClientProtocolClient.java:onNext(255)) - client-A1028A79EB0A->b745b9d8-0e41-450a-b915-4099f41803a5: receive RaftClientReply:client-A1028A79EB0A->b745b9d8-0e41-450a-b915-4099f41803a5@group-CBF4CBA06C02, cid=161, FAILED org.apache.ratis.protocol.NotLeaderException: Server b745b9d8-0e41-450a-b915-4099f41803a5 is not the leader (null). Request must be sent to leader., logIndex=0, commits[b745b9d8-0e41-450a-b915-4099f41803a5:c-1]
2019-07-14 06:52:59,791 INFO  container.ReplicationManager (ReplicationManager.java:start(155)) - Starting Replication Monitor Thread.
2019-07-14 06:52:59,803 INFO  container.ReplicationManager (ReplicationManager.java:run(207)) - Replication Monitor Thread took 0 milliseconds for processing 1 containers.
2019-07-14 06:53:00,767 INFO  client.GrpcClientProtocolClient (GrpcClientProtocolClient.java:onNext(255)) - client-A1028A79EB0A->a89baacc-951e-4b02-9e01-bb62a6f8d36f: receive RaftClientReply:client-A1028A79EB0A->a89baacc-951e-4b02-9e01-bb62a6f8d36f@group-CBF4CBA06C02, cid=161, FAILED org.apache.ratis.protocol.NotLeaderException: Server a89baacc-951e-4b02-9e01-bb62a6f8d36f is not the leader (null). Request must be sent to leader., logIndex=0, commits[a89baacc-951e-4b02-9e01-bb62a6f8d36f:c-1]
2019-07-14 06:53:01,405 INFO  impl.FollowerState (FollowerState.java:run(106)) - 9bda9dad-fadd-43bb-a848-649d686737da:group-767F60FE3A80 changes to CANDIDATE, lastRpcTime:5153, electionTimeout:5153ms
2019-07-14 06:53:01,406 INFO  impl.RoleInfo (RoleInfo.java:shutdownFollowerState(121)) - 9bda9dad-fadd-43bb-a848-649d686737da: shutdown FollowerState
2019-07-14 06:53:01,406 INFO  impl.RaftServerImpl (RaftServerImpl.java:setRole(171)) - 9bda9dad-fadd-43bb-a848-649d686737da:group-767F60FE3A80 changes role from FOLLOWER to CANDIDATE at term 10 for changeToCandidate
2019-07-14 06:53:01,406 INFO  impl.RoleInfo (RoleInfo.java:updateAndGet(143)) - 9bda9dad-fadd-43bb-a848-649d686737da: start LeaderElection
2019-07-14 06:53:01,419 INFO  impl.LeaderElection (LeaderElection.java:askForVotes(181)) - 9bda9dad-fadd-43bb-a848-649d686737da:group-767F60FE3A80:LeaderElection77: begin an election at term 11 for 0: [ec8ecf58-59d7-498d-96c5-eba8c5551cd0:192.168.5.144:32783, d2125c14-bf5b-4a89-9656-01806452c152:192.168.5.144:36331, 9bda9dad-fadd-43bb-a848-649d686737da:192.168.5.144:44514], old=null
2019-07-14 06:53:01,420 INFO  impl.LeaderElection (LogUtils.java:infoOrTrace(149)) - 9bda9dad-fadd-43bb-a848-649d686737da:group-767F60FE3A80:LeaderElection77 got exception when requesting votes: {}
java.util.concurrent.ExecutionException: org.apache.ratis.thirdparty.io.grpc.StatusRuntimeException: UNAVAILABLE: io exception
	at java.util.concurrent.FutureTask.report(FutureTask.java:122)
	at java.util.concurrent.FutureTask.get(FutureTask.java:192)
	at org.apache.ratis.server.impl.LeaderElection.waitForResults(LeaderElection.java:262)
	at org.apache.ratis.server.impl.LeaderElection.askForVotes(LeaderElection.java:200)
	at org.apache.ratis.server.impl.LeaderElection.run(LeaderElection.java:130)
	at java.lang.Thread.run(Thread.java:748)
Caused by: org.apache.ratis.thirdparty.io.grpc.StatusRuntimeException: UNAVAILABLE: io exception
	at org.apache.ratis.thirdparty.io.grpc.stub.ClientCalls.toStatusRuntimeException(ClientCalls.java:233)
	at org.apache.ratis.thirdparty.io.grpc.stub.ClientCalls.getUnchecked(ClientCalls.java:214)
	at org.apache.ratis.thirdparty.io.grpc.stub.ClientCalls.blockingUnaryCall(ClientCalls.java:139)
	at org.apache.ratis.proto.grpc.RaftServerProtocolServiceGrpc$RaftServerProtocolServiceBlockingStub.requestVote(RaftServerProtocolServiceGrpc.java:265)
	at org.apache.ratis.grpc.server.GrpcServerProtocolClient.requestVote(GrpcServerProtocolClient.java:83)
	at org.apache.ratis.grpc.server.GrpcService.requestVote(GrpcService.java:195)
	at org.apache.ratis.server.impl.LeaderElection.lambda$submitRequests$1(LeaderElection.java:237)
	at java.util.concurrent.FutureTask.run(FutureTask.java:266)
	at java.util.concurrent.Executors$RunnableAdapter.call(Executors.java:511)
	at java.util.concurrent.FutureTask.run(FutureTask.java:266)
	at java.util.concurrent.ThreadPoolExecutor.runWorker(ThreadPoolExecutor.java:1149)
	at java.util.concurrent.ThreadPoolExecutor$Worker.run(ThreadPoolExecutor.java:624)
	... 1 more
Caused by: org.apache.ratis.thirdparty.io.netty.channel.AbstractChannel$AnnotatedConnectException: Connection refused: /192.168.5.144:36331
	at sun.nio.ch.SocketChannelImpl.checkConnect(Native Method)
	at sun.nio.ch.SocketChannelImpl.finishConnect(SocketChannelImpl.java:717)
	at org.apache.ratis.thirdparty.io.netty.channel.socket.nio.NioSocketChannel.doFinishConnect(NioSocketChannel.java:327)
	at org.apache.ratis.thirdparty.io.netty.channel.nio.AbstractNioChannel$AbstractNioUnsafe.finishConnect(AbstractNioChannel.java:340)
	at org.apache.ratis.thirdparty.io.netty.channel.nio.NioEventLoop.processSelectedKey(NioEventLoop.java:632)
	at org.apache.ratis.thirdparty.io.netty.channel.nio.NioEventLoop.processSelectedKeysOptimized(NioEventLoop.java:579)
	at org.apache.ratis.thirdparty.io.netty.channel.nio.NioEventLoop.processSelectedKeys(NioEventLoop.java:496)
	at org.apache.ratis.thirdparty.io.netty.channel.nio.NioEventLoop.run(NioEventLoop.java:458)
	at org.apache.ratis.thirdparty.io.netty.util.concurrent.SingleThreadEventExecutor$5.run(SingleThreadEventExecutor.java:897)
	at org.apache.ratis.thirdparty.io.netty.util.concurrent.FastThreadLocalRunnable.run(FastThreadLocalRunnable.java:30)
	... 1 more
Caused by: java.net.ConnectException: Connection refused
	... 11 more
2019-07-14 06:53:01,434 INFO  impl.LeaderElection (LogUtils.java:infoOrTrace(149)) - 9bda9dad-fadd-43bb-a848-649d686737da:group-767F60FE3A80:LeaderElection77 got exception when requesting votes: {}
java.util.concurrent.ExecutionException: org.apache.ratis.thirdparty.io.grpc.StatusRuntimeException: UNAVAILABLE: io exception
	at java.util.concurrent.FutureTask.report(FutureTask.java:122)
	at java.util.concurrent.FutureTask.get(FutureTask.java:192)
	at org.apache.ratis.server.impl.LeaderElection.waitForResults(LeaderElection.java:262)
	at org.apache.ratis.server.impl.LeaderElection.askForVotes(LeaderElection.java:200)
	at org.apache.ratis.server.impl.LeaderElection.run(LeaderElection.java:130)
	at java.lang.Thread.run(Thread.java:748)
Caused by: org.apache.ratis.thirdparty.io.grpc.StatusRuntimeException: UNAVAILABLE: io exception
	at org.apache.ratis.thirdparty.io.grpc.stub.ClientCalls.toStatusRuntimeException(ClientCalls.java:233)
	at org.apache.ratis.thirdparty.io.grpc.stub.ClientCalls.getUnchecked(ClientCalls.java:214)
	at org.apache.ratis.thirdparty.io.grpc.stub.ClientCalls.blockingUnaryCall(ClientCalls.java:139)
	at org.apache.ratis.proto.grpc.RaftServerProtocolServiceGrpc$RaftServerProtocolServiceBlockingStub.requestVote(RaftServerProtocolServiceGrpc.java:265)
	at org.apache.ratis.grpc.server.GrpcServerProtocolClient.requestVote(GrpcServerProtocolClient.java:83)
	at org.apache.ratis.grpc.server.GrpcService.requestVote(GrpcService.java:195)
	at org.apache.ratis.server.impl.LeaderElection.lambda$submitRequests$1(LeaderElection.java:237)
	at java.util.concurrent.FutureTask.run(FutureTask.java:266)
	at java.util.concurrent.Executors$RunnableAdapter.call(Executors.java:511)
	at java.util.concurrent.FutureTask.run(FutureTask.java:266)
	at java.util.concurrent.ThreadPoolExecutor.runWorker(ThreadPoolExecutor.java:1149)
	at java.util.concurrent.ThreadPoolExecutor$Worker.run(ThreadPoolExecutor.java:624)
	... 1 more
Caused by: org.apache.ratis.thirdparty.io.netty.channel.AbstractChannel$AnnotatedConnectException: Connection refused: /192.168.5.144:32783
	at sun.nio.ch.SocketChannelImpl.checkConnect(Native Method)
	at sun.nio.ch.SocketChannelImpl.finishConnect(SocketChannelImpl.java:717)
	at org.apache.ratis.thirdparty.io.netty.channel.socket.nio.NioSocketChannel.doFinishConnect(NioSocketChannel.java:327)
	at org.apache.ratis.thirdparty.io.netty.channel.nio.AbstractNioChannel$AbstractNioUnsafe.finishConnect(AbstractNioChannel.java:340)
	at org.apache.ratis.thirdparty.io.netty.channel.nio.NioEventLoop.processSelectedKey(NioEventLoop.java:632)
	at org.apache.ratis.thirdparty.io.netty.channel.nio.NioEventLoop.processSelectedKeysOptimized(NioEventLoop.java:579)
	at org.apache.ratis.thirdparty.io.netty.channel.nio.NioEventLoop.processSelectedKeys(NioEventLoop.java:496)
	at org.apache.ratis.thirdparty.io.netty.channel.nio.NioEventLoop.run(NioEventLoop.java:458)
	at org.apache.ratis.thirdparty.io.netty.util.concurrent.SingleThreadEventExecutor$5.run(SingleThreadEventExecutor.java:897)
	at org.apache.ratis.thirdparty.io.netty.util.concurrent.FastThreadLocalRunnable.run(FastThreadLocalRunnable.java:30)
	... 1 more
Caused by: java.net.ConnectException: Connection refused
	... 11 more
2019-07-14 06:53:01,445 INFO  impl.LeaderElection (LeaderElection.java:logAndReturn(56)) - 9bda9dad-fadd-43bb-a848-649d686737da:group-767F60FE3A80:LeaderElection77: Election REJECTED; received 0 response(s) [] and 2 exception(s); 9bda9dad-fadd-43bb-a848-649d686737da:t11, leader=null, voted=9bda9dad-fadd-43bb-a848-649d686737da, raftlog=9bda9dad-fadd-43bb-a848-649d686737da-SegmentedRaftLog:OPENED:c36,f36,i36, conf=0: [ec8ecf58-59d7-498d-96c5-eba8c5551cd0:192.168.5.144:32783, d2125c14-bf5b-4a89-9656-01806452c152:192.168.5.144:36331, 9bda9dad-fadd-43bb-a848-649d686737da:192.168.5.144:44514], old=null
2019-07-14 06:53:01,445 INFO  impl.LeaderElection (LogUtils.java:infoOrTrace(149)) -   Exception 0: {}
java.util.concurrent.ExecutionException: org.apache.ratis.thirdparty.io.grpc.StatusRuntimeException: UNAVAILABLE: io exception
	at java.util.concurrent.FutureTask.report(FutureTask.java:122)
	at java.util.concurrent.FutureTask.get(FutureTask.java:192)
	at org.apache.ratis.server.impl.LeaderElection.waitForResults(LeaderElection.java:262)
	at org.apache.ratis.server.impl.LeaderElection.askForVotes(LeaderElection.java:200)
	at org.apache.ratis.server.impl.LeaderElection.run(LeaderElection.java:130)
	at java.lang.Thread.run(Thread.java:748)
Caused by: org.apache.ratis.thirdparty.io.grpc.StatusRuntimeException: UNAVAILABLE: io exception
	at org.apache.ratis.thirdparty.io.grpc.stub.ClientCalls.toStatusRuntimeException(ClientCalls.java:233)
	at org.apache.ratis.thirdparty.io.grpc.stub.ClientCalls.getUnchecked(ClientCalls.java:214)
	at org.apache.ratis.thirdparty.io.grpc.stub.ClientCalls.blockingUnaryCall(ClientCalls.java:139)
	at org.apache.ratis.proto.grpc.RaftServerProtocolServiceGrpc$RaftServerProtocolServiceBlockingStub.requestVote(RaftServerProtocolServiceGrpc.java:265)
	at org.apache.ratis.grpc.server.GrpcServerProtocolClient.requestVote(GrpcServerProtocolClient.java:83)
	at org.apache.ratis.grpc.server.GrpcService.requestVote(GrpcService.java:195)
	at org.apache.ratis.server.impl.LeaderElection.lambda$submitRequests$1(LeaderElection.java:237)
	at java.util.concurrent.FutureTask.run(FutureTask.java:266)
	at java.util.concurrent.Executors$RunnableAdapter.call(Executors.java:511)
	at java.util.concurrent.FutureTask.run(FutureTask.java:266)
	at java.util.concurrent.ThreadPoolExecutor.runWorker(ThreadPoolExecutor.java:1149)
	at java.util.concurrent.ThreadPoolExecutor$Worker.run(ThreadPoolExecutor.java:624)
	... 1 more
Caused by: org.apache.ratis.thirdparty.io.netty.channel.AbstractChannel$AnnotatedConnectException: Connection refused: /192.168.5.144:36331
	at sun.nio.ch.SocketChannelImpl.checkConnect(Native Method)
	at sun.nio.ch.SocketChannelImpl.finishConnect(SocketChannelImpl.java:717)
	at org.apache.ratis.thirdparty.io.netty.channel.socket.nio.NioSocketChannel.doFinishConnect(NioSocketChannel.java:327)
	at org.apache.ratis.thirdparty.io.netty.channel.nio.AbstractNioChannel$AbstractNioUnsafe.finishConnect(AbstractNioChannel.java:340)
	at org.apache.ratis.thirdparty.io.netty.channel.nio.NioEventLoop.processSelectedKey(NioEventLoop.java:632)
	at org.apache.ratis.thirdparty.io.netty.channel.nio.NioEventLoop.processSelectedKeysOptimized(NioEventLoop.java:579)
	at org.apache.ratis.thirdparty.io.netty.channel.nio.NioEventLoop.processSelectedKeys(NioEventLoop.java:496)
	at org.apache.ratis.thirdparty.io.netty.channel.nio.NioEventLoop.run(NioEventLoop.java:458)
	at org.apache.ratis.thirdparty.io.netty.util.concurrent.SingleThreadEventExecutor$5.run(SingleThreadEventExecutor.java:897)
	at org.apache.ratis.thirdparty.io.netty.util.concurrent.FastThreadLocalRunnable.run(FastThreadLocalRunnable.java:30)
	... 1 more
Caused by: java.net.ConnectException: Connection refused
	... 11 more
2019-07-14 06:53:01,445 INFO  impl.LeaderElection (LogUtils.java:infoOrTrace(149)) -   Exception 1: {}
java.util.concurrent.ExecutionException: org.apache.ratis.thirdparty.io.grpc.StatusRuntimeException: UNAVAILABLE: io exception
	at java.util.concurrent.FutureTask.report(FutureTask.java:122)
	at java.util.concurrent.FutureTask.get(FutureTask.java:192)
	at org.apache.ratis.server.impl.LeaderElection.waitForResults(LeaderElection.java:262)
	at org.apache.ratis.server.impl.LeaderElection.askForVotes(LeaderElection.java:200)
	at org.apache.ratis.server.impl.LeaderElection.run(LeaderElection.java:130)
	at java.lang.Thread.run(Thread.java:748)
Caused by: org.apache.ratis.thirdparty.io.grpc.StatusRuntimeException: UNAVAILABLE: io exception
	at org.apache.ratis.thirdparty.io.grpc.stub.ClientCalls.toStatusRuntimeException(ClientCalls.java:233)
	at org.apache.ratis.thirdparty.io.grpc.stub.ClientCalls.getUnchecked(ClientCalls.java:214)
	at org.apache.ratis.thirdparty.io.grpc.stub.ClientCalls.blockingUnaryCall(ClientCalls.java:139)
	at org.apache.ratis.proto.grpc.RaftServerProtocolServiceGrpc$RaftServerProtocolServiceBlockingStub.requestVote(RaftServerProtocolServiceGrpc.java:265)
	at org.apache.ratis.grpc.server.GrpcServerProtocolClient.requestVote(GrpcServerProtocolClient.java:83)
	at org.apache.ratis.grpc.server.GrpcService.requestVote(GrpcService.java:195)
	at org.apache.ratis.server.impl.LeaderElection.lambda$submitRequests$1(LeaderElection.java:237)
	at java.util.concurrent.FutureTask.run(FutureTask.java:266)
	at java.util.concurrent.Executors$RunnableAdapter.call(Executors.java:511)
	at java.util.concurrent.FutureTask.run(FutureTask.java:266)
	at java.util.concurrent.ThreadPoolExecutor.runWorker(ThreadPoolExecutor.java:1149)
	at java.util.concurrent.ThreadPoolExecutor$Worker.run(ThreadPoolExecutor.java:624)
	... 1 more
Caused by: org.apache.ratis.thirdparty.io.netty.channel.AbstractChannel$AnnotatedConnectException: Connection refused: /192.168.5.144:32783
	at sun.nio.ch.SocketChannelImpl.checkConnect(Native Method)
	at sun.nio.ch.SocketChannelImpl.finishConnect(SocketChannelImpl.java:717)
	at org.apache.ratis.thirdparty.io.netty.channel.socket.nio.NioSocketChannel.doFinishConnect(NioSocketChannel.java:327)
	at org.apache.ratis.thirdparty.io.netty.channel.nio.AbstractNioChannel$AbstractNioUnsafe.finishConnect(AbstractNioChannel.java:340)
	at org.apache.ratis.thirdparty.io.netty.channel.nio.NioEventLoop.processSelectedKey(NioEventLoop.java:632)
	at org.apache.ratis.thirdparty.io.netty.channel.nio.NioEventLoop.processSelectedKeysOptimized(NioEventLoop.java:579)
	at org.apache.ratis.thirdparty.io.netty.channel.nio.NioEventLoop.processSelectedKeys(NioEventLoop.java:496)
	at org.apache.ratis.thirdparty.io.netty.channel.nio.NioEventLoop.run(NioEventLoop.java:458)
	at org.apache.ratis.thirdparty.io.netty.util.concurrent.SingleThreadEventExecutor$5.run(SingleThreadEventExecutor.java:897)
	at org.apache.ratis.thirdparty.io.netty.util.concurrent.FastThreadLocalRunnable.run(FastThreadLocalRunnable.java:30)
	... 1 more
Caused by: java.net.ConnectException: Connection refused
	... 11 more
2019-07-14 06:53:01,446 INFO  impl.RaftServerImpl (RaftServerImpl.java:setRole(171)) - 9bda9dad-fadd-43bb-a848-649d686737da:group-767F60FE3A80 changes role from CANDIDATE to FOLLOWER at term 11 for DISCOVERED_A_NEW_TERM
2019-07-14 06:53:01,446 INFO  impl.RoleInfo (RoleInfo.java:shutdownLeaderElection(134)) - 9bda9dad-fadd-43bb-a848-649d686737da: shutdown LeaderElection
2019-07-14 06:53:01,446 INFO  impl.RoleInfo (RoleInfo.java:updateAndGet(143)) - 9bda9dad-fadd-43bb-a848-649d686737da: start FollowerState
2019-07-14 06:53:01,815 INFO  client.GrpcClientProtocolClient (GrpcClientProtocolClient.java:onNext(255)) - client-A1028A79EB0A->b745b9d8-0e41-450a-b915-4099f41803a5: receive RaftClientReply:client-A1028A79EB0A->b745b9d8-0e41-450a-b915-4099f41803a5@group-CBF4CBA06C02, cid=161, FAILED org.apache.ratis.protocol.NotLeaderException: Server b745b9d8-0e41-450a-b915-4099f41803a5 is not the leader (null). Request must be sent to leader., logIndex=0, commits[b745b9d8-0e41-450a-b915-4099f41803a5:c-1]
2019-07-14 06:53:01,908 INFO  impl.FollowerState (FollowerState.java:run(106)) - 61713fc7-dd46-4c26-82a5-6c983c62de7e:group-AA19911C5AD7 changes to CANDIDATE, lastRpcTime:5080, electionTimeout:5080ms
2019-07-14 06:53:01,908 INFO  impl.RoleInfo (RoleInfo.java:shutdownFollowerState(121)) - 61713fc7-dd46-4c26-82a5-6c983c62de7e: shutdown FollowerState
2019-07-14 06:53:01,908 INFO  impl.RaftServerImpl (RaftServerImpl.java:setRole(171)) - 61713fc7-dd46-4c26-82a5-6c983c62de7e:group-AA19911C5AD7 changes role from FOLLOWER to CANDIDATE at term 0 for changeToCandidate
2019-07-14 06:53:01,909 INFO  impl.RoleInfo (RoleInfo.java:updateAndGet(143)) - 61713fc7-dd46-4c26-82a5-6c983c62de7e: start LeaderElection
2019-07-14 06:53:01,933 INFO  impl.LeaderElection (LeaderElection.java:askForVotes(181)) - 61713fc7-dd46-4c26-82a5-6c983c62de7e:group-AA19911C5AD7:LeaderElection78: begin an election at term 1 for -1: [61713fc7-dd46-4c26-82a5-6c983c62de7e:192.168.5.144:33303], old=null
2019-07-14 06:53:01,933 INFO  impl.RoleInfo (RoleInfo.java:shutdownLeaderElection(134)) - 61713fc7-dd46-4c26-82a5-6c983c62de7e: shutdown LeaderElection
2019-07-14 06:53:01,933 INFO  impl.RaftServerImpl (RaftServerImpl.java:setRole(171)) - 61713fc7-dd46-4c26-82a5-6c983c62de7e:group-AA19911C5AD7 changes role from CANDIDATE to LEADER at term 1 for changeToLeader
2019-07-14 06:53:01,933 INFO  impl.RaftServerImpl (ServerState.java:setLeader(263)) - 61713fc7-dd46-4c26-82a5-6c983c62de7e:group-AA19911C5AD7 change Leader from null to 61713fc7-dd46-4c26-82a5-6c983c62de7e at term 1 for becomeLeader, leader elected after 5110ms
2019-07-14 06:53:01,933 INFO  server.RaftServerConfigKeys (ConfUtils.java:logGet(43)) - raft.server.staging.catchup.gap = 1000 (default)
2019-07-14 06:53:01,933 INFO  server.RaftServerConfigKeys (ConfUtils.java:logGet(43)) - raft.server.rpc.sleep.time = 25ms (default)
2019-07-14 06:53:01,933 INFO  server.RaftServerConfigKeys (ConfUtils.java:logGet(43)) - raft.server.write.element-limit = 4096 (default)
2019-07-14 06:53:01,934 INFO  server.RaftServerConfigKeys (ConfUtils.java:logGet(43)) - raft.server.watch.timeout = 10s (default)
2019-07-14 06:53:01,934 INFO  server.RaftServerConfigKeys (ConfUtils.java:logGet(43)) - raft.server.watch.timeout.denomination = 1s (default)
2019-07-14 06:53:01,934 INFO  server.RaftServerConfigKeys (ConfUtils.java:logGet(43)) - raft.server.watch.element-limit = 65536 (default)
2019-07-14 06:53:01,934 INFO  impl.RoleInfo (RoleInfo.java:updateAndGet(143)) - 61713fc7-dd46-4c26-82a5-6c983c62de7e: start LeaderState
2019-07-14 06:53:01,934 INFO  segmented.SegmentedRaftLogWorker (SegmentedRaftLogWorker.java:startLogSegment(380)) - 61713fc7-dd46-4c26-82a5-6c983c62de7e-SegmentedRaftLogWorker:Storage Directory /tmp/workdir/hadoop-ozone/integration-test/target/test-dir/MiniOzoneClusterImpl-776fdfe4-e945-493d-a146-da517978dac5/datanode-0/data/ratis/4582a955-2808-454b-bd48-aa19911c5ad7: Starting segment from index:0
2019-07-14 06:53:01,935 INFO  impl.RaftServerImpl (ServerState.java:setRaftConf(361)) - 61713fc7-dd46-4c26-82a5-6c983c62de7e:group-AA19911C5AD7 set configuration 0: [61713fc7-dd46-4c26-82a5-6c983c62de7e:192.168.5.144:33303], old=null at 0
2019-07-14 06:53:01,953 INFO  segmented.SegmentedRaftLogWorker (SegmentedRaftLogWorker.java:execute(569)) - 61713fc7-dd46-4c26-82a5-6c983c62de7e-SegmentedRaftLogWorker:Storage Directory /tmp/workdir/hadoop-ozone/integration-test/target/test-dir/MiniOzoneClusterImpl-776fdfe4-e945-493d-a146-da517978dac5/datanode-0/data/ratis/4582a955-2808-454b-bd48-aa19911c5ad7: created new log segment /tmp/workdir/hadoop-ozone/integration-test/target/test-dir/MiniOzoneClusterImpl-776fdfe4-e945-493d-a146-da517978dac5/datanode-0/data/ratis/4582a955-2808-454b-bd48-aa19911c5ad7/current/log_inprogress_0
2019-07-14 06:53:02,091 INFO  impl.FollowerState (FollowerState.java:run(106)) - bd478038-e945-461e-b90e-7e4a7365f088:group-04611DFC289A changes to CANDIDATE, lastRpcTime:5007, electionTimeout:5007ms
2019-07-14 06:53:02,092 INFO  impl.RoleInfo (RoleInfo.java:shutdownFollowerState(121)) - bd478038-e945-461e-b90e-7e4a7365f088: shutdown FollowerState
2019-07-14 06:53:02,092 INFO  impl.RaftServerImpl (RaftServerImpl.java:setRole(171)) - bd478038-e945-461e-b90e-7e4a7365f088:group-04611DFC289A changes role from FOLLOWER to CANDIDATE at term 0 for changeToCandidate
2019-07-14 06:53:02,092 INFO  impl.RoleInfo (RoleInfo.java:updateAndGet(143)) - bd478038-e945-461e-b90e-7e4a7365f088: start LeaderElection
2019-07-14 06:53:02,124 INFO  impl.LeaderElection (LeaderElection.java:askForVotes(181)) - bd478038-e945-461e-b90e-7e4a7365f088:group-04611DFC289A:LeaderElection79: begin an election at term 1 for -1: [bd478038-e945-461e-b90e-7e4a7365f088:192.168.5.144:42407], old=null
2019-07-14 06:53:02,124 INFO  impl.RoleInfo (RoleInfo.java:shutdownLeaderElection(134)) - bd478038-e945-461e-b90e-7e4a7365f088: shutdown LeaderElection
2019-07-14 06:53:02,124 INFO  impl.RaftServerImpl (RaftServerImpl.java:setRole(171)) - bd478038-e945-461e-b90e-7e4a7365f088:group-04611DFC289A changes role from CANDIDATE to LEADER at term 1 for changeToLeader
2019-07-14 06:53:02,124 INFO  impl.RaftServerImpl (ServerState.java:setLeader(263)) - bd478038-e945-461e-b90e-7e4a7365f088:group-04611DFC289A change Leader from null to bd478038-e945-461e-b90e-7e4a7365f088 at term 1 for becomeLeader, leader elected after 5045ms
2019-07-14 06:53:02,124 INFO  server.RaftServerConfigKeys (ConfUtils.java:logGet(43)) - raft.server.staging.catchup.gap = 1000 (default)
2019-07-14 06:53:02,125 INFO  server.RaftServerConfigKeys (ConfUtils.java:logGet(43)) - raft.server.rpc.sleep.time = 25ms (default)
2019-07-14 06:53:02,125 INFO  server.RaftServerConfigKeys (ConfUtils.java:logGet(43)) - raft.server.write.element-limit = 4096 (default)
2019-07-14 06:53:02,125 INFO  server.RaftServerConfigKeys (ConfUtils.java:logGet(43)) - raft.server.watch.timeout = 10s (default)
2019-07-14 06:53:02,125 INFO  server.RaftServerConfigKeys (ConfUtils.java:logGet(43)) - raft.server.watch.timeout.denomination = 1s (default)
2019-07-14 06:53:02,125 INFO  server.RaftServerConfigKeys (ConfUtils.java:logGet(43)) - raft.server.watch.element-limit = 65536 (default)
2019-07-14 06:53:02,126 INFO  impl.RoleInfo (RoleInfo.java:updateAndGet(143)) - bd478038-e945-461e-b90e-7e4a7365f088: start LeaderState
2019-07-14 06:53:02,126 INFO  segmented.SegmentedRaftLogWorker (SegmentedRaftLogWorker.java:startLogSegment(380)) - bd478038-e945-461e-b90e-7e4a7365f088-SegmentedRaftLogWorker:Storage Directory /tmp/workdir/hadoop-ozone/integration-test/target/test-dir/MiniOzoneClusterImpl-776fdfe4-e945-493d-a146-da517978dac5/datanode-1/data/ratis/716c1589-fb06-4508-af95-04611dfc289a: Starting segment from index:0
2019-07-14 06:53:02,126 INFO  impl.RaftServerImpl (ServerState.java:setRaftConf(361)) - bd478038-e945-461e-b90e-7e4a7365f088:group-04611DFC289A set configuration 0: [bd478038-e945-461e-b90e-7e4a7365f088:192.168.5.144:42407], old=null at 0
2019-07-14 06:53:02,166 INFO  segmented.SegmentedRaftLogWorker (SegmentedRaftLogWorker.java:execute(569)) - bd478038-e945-461e-b90e-7e4a7365f088-SegmentedRaftLogWorker:Storage Directory /tmp/workdir/hadoop-ozone/integration-test/target/test-dir/MiniOzoneClusterImpl-776fdfe4-e945-493d-a146-da517978dac5/datanode-1/data/ratis/716c1589-fb06-4508-af95-04611dfc289a: created new log segment /tmp/workdir/hadoop-ozone/integration-test/target/test-dir/MiniOzoneClusterImpl-776fdfe4-e945-493d-a146-da517978dac5/datanode-1/data/ratis/716c1589-fb06-4508-af95-04611dfc289a/current/log_inprogress_0
2019-07-14 06:53:02,371 INFO  impl.FollowerState (FollowerState.java:run(106)) - bd478038-e945-461e-b90e-7e4a7365f088:group-21806AE7903E changes to CANDIDATE, lastRpcTime:5000, electionTimeout:5000ms
2019-07-14 06:53:02,371 INFO  impl.RoleInfo (RoleInfo.java:shutdownFollowerState(121)) - bd478038-e945-461e-b90e-7e4a7365f088: shutdown FollowerState
2019-07-14 06:53:02,371 INFO  impl.RaftServerImpl (RaftServerImpl.java:setRole(171)) - bd478038-e945-461e-b90e-7e4a7365f088:group-21806AE7903E changes role from FOLLOWER to CANDIDATE at term 0 for changeToCandidate
2019-07-14 06:53:02,371 INFO  impl.RoleInfo (RoleInfo.java:updateAndGet(143)) - bd478038-e945-461e-b90e-7e4a7365f088: start LeaderElection
2019-07-14 06:53:02,385 INFO  impl.FollowerState (FollowerState.java:run(106)) - 5ddcfedb-1ec3-4cbe-93cc-6dc9cf8e9a9b:group-56E3A1084FA4 changes to CANDIDATE, lastRpcTime:5076, electionTimeout:5076ms
2019-07-14 06:53:02,385 INFO  impl.RoleInfo (RoleInfo.java:shutdownFollowerState(121)) - 5ddcfedb-1ec3-4cbe-93cc-6dc9cf8e9a9b: shutdown FollowerState
2019-07-14 06:53:02,385 INFO  impl.RaftServerImpl (RaftServerImpl.java:setRole(171)) - 5ddcfedb-1ec3-4cbe-93cc-6dc9cf8e9a9b:group-56E3A1084FA4 changes role from FOLLOWER to CANDIDATE at term 0 for changeToCandidate
2019-07-14 06:53:02,395 INFO  impl.FollowerState (FollowerState.java:run(106)) - 61713fc7-dd46-4c26-82a5-6c983c62de7e:group-21806AE7903E changes to CANDIDATE, lastRpcTime:5027, electionTimeout:5011ms
2019-07-14 06:53:02,395 INFO  impl.RoleInfo (RoleInfo.java:updateAndGet(143)) - 5ddcfedb-1ec3-4cbe-93cc-6dc9cf8e9a9b: start LeaderElection
2019-07-14 06:53:02,395 INFO  impl.RoleInfo (RoleInfo.java:shutdownFollowerState(121)) - 61713fc7-dd46-4c26-82a5-6c983c62de7e: shutdown FollowerState
2019-07-14 06:53:02,395 INFO  impl.RaftServerImpl (RaftServerImpl.java:setRole(171)) - 61713fc7-dd46-4c26-82a5-6c983c62de7e:group-21806AE7903E changes role from FOLLOWER to CANDIDATE at term 0 for changeToCandidate
2019-07-14 06:53:02,396 INFO  impl.RoleInfo (RoleInfo.java:updateAndGet(143)) - 61713fc7-dd46-4c26-82a5-6c983c62de7e: start LeaderElection
2019-07-14 06:53:02,428 INFO  impl.LeaderElection (LeaderElection.java:askForVotes(181)) - bd478038-e945-461e-b90e-7e4a7365f088:group-21806AE7903E:LeaderElection80: begin an election at term 1 for -1: [bd478038-e945-461e-b90e-7e4a7365f088:192.168.5.144:42407, 5ddcfedb-1ec3-4cbe-93cc-6dc9cf8e9a9b:192.168.5.144:35523, 61713fc7-dd46-4c26-82a5-6c983c62de7e:192.168.5.144:33303], old=null
2019-07-14 06:53:02,445 INFO  impl.LeaderElection (LeaderElection.java:askForVotes(181)) - 61713fc7-dd46-4c26-82a5-6c983c62de7e:group-21806AE7903E:LeaderElection82: begin an election at term 1 for -1: [bd478038-e945-461e-b90e-7e4a7365f088:192.168.5.144:42407, 5ddcfedb-1ec3-4cbe-93cc-6dc9cf8e9a9b:192.168.5.144:35523, 61713fc7-dd46-4c26-82a5-6c983c62de7e:192.168.5.144:33303], old=null
2019-07-14 06:53:02,445 INFO  impl.LeaderElection (LeaderElection.java:askForVotes(181)) - 5ddcfedb-1ec3-4cbe-93cc-6dc9cf8e9a9b:group-56E3A1084FA4:LeaderElection81: begin an election at term 1 for -1: [5ddcfedb-1ec3-4cbe-93cc-6dc9cf8e9a9b:192.168.5.144:35523], old=null
2019-07-14 06:53:02,446 INFO  impl.RoleInfo (RoleInfo.java:shutdownLeaderElection(134)) - 5ddcfedb-1ec3-4cbe-93cc-6dc9cf8e9a9b: shutdown LeaderElection
2019-07-14 06:53:02,446 INFO  impl.RaftServerImpl (RaftServerImpl.java:setRole(171)) - 5ddcfedb-1ec3-4cbe-93cc-6dc9cf8e9a9b:group-56E3A1084FA4 changes role from CANDIDATE to LEADER at term 1 for changeToLeader
2019-07-14 06:53:02,446 INFO  impl.RaftServerImpl (ServerState.java:setLeader(263)) - 5ddcfedb-1ec3-4cbe-93cc-6dc9cf8e9a9b:group-56E3A1084FA4 change Leader from null to 5ddcfedb-1ec3-4cbe-93cc-6dc9cf8e9a9b at term 1 for becomeLeader, leader elected after 5141ms
2019-07-14 06:53:02,446 INFO  server.RaftServerConfigKeys (ConfUtils.java:logGet(43)) - raft.server.staging.catchup.gap = 1000 (default)
2019-07-14 06:53:02,446 INFO  server.RaftServerConfigKeys (ConfUtils.java:logGet(43)) - raft.server.rpc.sleep.time = 25ms (default)
2019-07-14 06:53:02,447 INFO  server.RaftServerConfigKeys (ConfUtils.java:logGet(43)) - raft.server.write.element-limit = 4096 (default)
2019-07-14 06:53:02,447 INFO  server.RaftServerConfigKeys (ConfUtils.java:logGet(43)) - raft.server.watch.timeout = 10s (default)
2019-07-14 06:53:02,447 INFO  server.RaftServerConfigKeys (ConfUtils.java:logGet(43)) - raft.server.watch.timeout.denomination = 1s (default)
2019-07-14 06:53:02,447 INFO  server.RaftServerConfigKeys (ConfUtils.java:logGet(43)) - raft.server.watch.element-limit = 65536 (default)
2019-07-14 06:53:02,455 INFO  impl.RaftServerImpl (RaftServerImpl.java:setRole(171)) - 5ddcfedb-1ec3-4cbe-93cc-6dc9cf8e9a9b:group-21806AE7903E changes role from FOLLOWER to FOLLOWER at term 1 for recognizeCandidate:bd478038-e945-461e-b90e-7e4a7365f088
2019-07-14 06:53:02,456 INFO  impl.RoleInfo (RoleInfo.java:shutdownFollowerState(121)) - 5ddcfedb-1ec3-4cbe-93cc-6dc9cf8e9a9b: shutdown FollowerState
2019-07-14 06:53:02,456 INFO  impl.RoleInfo (RoleInfo.java:updateAndGet(143)) - 5ddcfedb-1ec3-4cbe-93cc-6dc9cf8e9a9b: start FollowerState
2019-07-14 06:53:02,456 INFO  impl.FollowerState (FollowerState.java:run(114)) - 5ddcfedb-1ec3-4cbe-93cc-6dc9cf8e9a9b: FollowerState was interrupted: java.lang.InterruptedException: sleep interrupted
2019-07-14 06:53:02,456 INFO  impl.RoleInfo (RoleInfo.java:updateAndGet(143)) - 5ddcfedb-1ec3-4cbe-93cc-6dc9cf8e9a9b: start LeaderState
2019-07-14 06:53:02,456 INFO  segmented.SegmentedRaftLogWorker (SegmentedRaftLogWorker.java:startLogSegment(380)) - 5ddcfedb-1ec3-4cbe-93cc-6dc9cf8e9a9b-SegmentedRaftLogWorker:Storage Directory /tmp/workdir/hadoop-ozone/integration-test/target/test-dir/MiniOzoneClusterImpl-776fdfe4-e945-493d-a146-da517978dac5/datanode-2/data/ratis/16ba9708-8171-4402-9dba-56e3a1084fa4: Starting segment from index:0
2019-07-14 06:53:02,457 INFO  impl.RaftServerImpl (ServerState.java:setRaftConf(361)) - 5ddcfedb-1ec3-4cbe-93cc-6dc9cf8e9a9b:group-56E3A1084FA4 set configuration 0: [5ddcfedb-1ec3-4cbe-93cc-6dc9cf8e9a9b:192.168.5.144:35523], old=null at 0
2019-07-14 06:53:02,506 INFO  impl.LeaderElection (LeaderElection.java:logAndReturn(56)) - bd478038-e945-461e-b90e-7e4a7365f088:group-21806AE7903E:LeaderElection80: Election PASSED; received 2 response(s) [bd478038-e945-461e-b90e-7e4a7365f088<-5ddcfedb-1ec3-4cbe-93cc-6dc9cf8e9a9b#0:OK-t1, bd478038-e945-461e-b90e-7e4a7365f088<-61713fc7-dd46-4c26-82a5-6c983c62de7e#0:FAIL-t1] and 0 exception(s); bd478038-e945-461e-b90e-7e4a7365f088:t1, leader=null, voted=bd478038-e945-461e-b90e-7e4a7365f088, raftlog=bd478038-e945-461e-b90e-7e4a7365f088-SegmentedRaftLog:OPENED:c-1,f-1,i0, conf=-1: [bd478038-e945-461e-b90e-7e4a7365f088:192.168.5.144:42407, 5ddcfedb-1ec3-4cbe-93cc-6dc9cf8e9a9b:192.168.5.144:35523, 61713fc7-dd46-4c26-82a5-6c983c62de7e:192.168.5.144:33303], old=null
2019-07-14 06:53:02,507 INFO  impl.RoleInfo (RoleInfo.java:shutdownLeaderElection(134)) - bd478038-e945-461e-b90e-7e4a7365f088: shutdown LeaderElection
2019-07-14 06:53:02,507 INFO  impl.LeaderElection (LeaderElection.java:logAndReturn(56)) - 61713fc7-dd46-4c26-82a5-6c983c62de7e:group-21806AE7903E:LeaderElection82: Election REJECTED; received 2 response(s) [61713fc7-dd46-4c26-82a5-6c983c62de7e<-bd478038-e945-461e-b90e-7e4a7365f088#0:FAIL-t1, 61713fc7-dd46-4c26-82a5-6c983c62de7e<-5ddcfedb-1ec3-4cbe-93cc-6dc9cf8e9a9b#0:FAIL-t1] and 0 exception(s); 61713fc7-dd46-4c26-82a5-6c983c62de7e:t1, leader=null, voted=61713fc7-dd46-4c26-82a5-6c983c62de7e, raftlog=61713fc7-dd46-4c26-82a5-6c983c62de7e-SegmentedRaftLog:OPENED:c-1,f-1,i0, conf=-1: [bd478038-e945-461e-b90e-7e4a7365f088:192.168.5.144:42407, 5ddcfedb-1ec3-4cbe-93cc-6dc9cf8e9a9b:192.168.5.144:35523, 61713fc7-dd46-4c26-82a5-6c983c62de7e:192.168.5.144:33303], old=null
2019-07-14 06:53:02,507 INFO  impl.RaftServerImpl (RaftServerImpl.java:setRole(171)) - bd478038-e945-461e-b90e-7e4a7365f088:group-21806AE7903E changes role from CANDIDATE to LEADER at term 1 for changeToLeader
2019-07-14 06:53:02,507 INFO  impl.RaftServerImpl (RaftServerImpl.java:setRole(171)) - 61713fc7-dd46-4c26-82a5-6c983c62de7e:group-21806AE7903E changes role from CANDIDATE to FOLLOWER at term 1 for DISCOVERED_A_NEW_TERM
2019-07-14 06:53:02,507 INFO  impl.RaftServerImpl (ServerState.java:setLeader(263)) - bd478038-e945-461e-b90e-7e4a7365f088:group-21806AE7903E change Leader from null to bd478038-e945-461e-b90e-7e4a7365f088 at term 1 for becomeLeader, leader elected after 5145ms
2019-07-14 06:53:02,507 INFO  impl.RoleInfo (RoleInfo.java:shutdownLeaderElection(134)) - 61713fc7-dd46-4c26-82a5-6c983c62de7e: shutdown LeaderElection
2019-07-14 06:53:02,507 INFO  server.RaftServerConfigKeys (ConfUtils.java:logGet(43)) - raft.server.staging.catchup.gap = 1000 (default)
2019-07-14 06:53:02,507 INFO  impl.RoleInfo (RoleInfo.java:updateAndGet(143)) - 61713fc7-dd46-4c26-82a5-6c983c62de7e: start FollowerState
2019-07-14 06:53:02,508 INFO  server.RaftServerConfigKeys (ConfUtils.java:logGet(43)) - raft.server.rpc.sleep.time = 25ms (default)
2019-07-14 06:53:02,508 INFO  server.RaftServerConfigKeys (ConfUtils.java:logGet(43)) - raft.server.write.element-limit = 4096 (default)
2019-07-14 06:53:02,508 INFO  server.RaftServerConfigKeys (ConfUtils.java:logGet(43)) - raft.server.watch.timeout = 10s (default)
2019-07-14 06:53:02,508 INFO  server.RaftServerConfigKeys (ConfUtils.java:logGet(43)) - raft.server.watch.timeout.denomination = 1s (default)
2019-07-14 06:53:02,508 INFO  server.RaftServerConfigKeys (ConfUtils.java:logGet(43)) - raft.server.watch.element-limit = 65536 (default)
2019-07-14 06:53:02,508 INFO  server.RaftServerConfigKeys (ConfUtils.java:logGet(43)) - raft.server.log.appender.snapshot.chunk.size.max = 16MB (=16777216) (default)
2019-07-14 06:53:02,509 INFO  server.RaftServerConfigKeys (ConfUtils.java:logGet(43)) - raft.server.log.appender.buffer.byte-limit = 33554432 (custom)
2019-07-14 06:53:02,509 INFO  server.RaftServerConfigKeys (ConfUtils.java:logGet(43)) - raft.server.log.appender.buffer.element-limit = 1 (custom)
2019-07-14 06:53:02,509 INFO  grpc.GrpcConfigKeys$Server (ConfUtils.java:logGet(43)) - raft.grpc.server.leader.outstanding.appends.max = 128 (default)
2019-07-14 06:53:02,509 INFO  server.RaftServerConfigKeys (ConfUtils.java:logGet(43)) - raft.server.rpc.request.timeout = 3000ms (default)
2019-07-14 06:53:02,510 INFO  server.RaftServerConfigKeys (ConfUtils.java:logGet(43)) - raft.server.log.appender.install.snapshot.enabled = false (custom)
2019-07-14 06:53:02,510 INFO  server.RaftServerConfigKeys (ConfUtils.java:logGet(43)) - raft.server.log.appender.snapshot.chunk.size.max = 16MB (=16777216) (default)
2019-07-14 06:53:02,510 INFO  server.RaftServerConfigKeys (ConfUtils.java:logGet(43)) - raft.server.log.appender.buffer.byte-limit = 33554432 (custom)
2019-07-14 06:53:02,510 INFO  server.RaftServerConfigKeys (ConfUtils.java:logGet(43)) - raft.server.log.appender.buffer.element-limit = 1 (custom)
2019-07-14 06:53:02,510 INFO  grpc.GrpcConfigKeys$Server (ConfUtils.java:logGet(43)) - raft.grpc.server.leader.outstanding.appends.max = 128 (default)
2019-07-14 06:53:02,510 INFO  server.RaftServerConfigKeys (ConfUtils.java:logGet(43)) - raft.server.rpc.request.timeout = 3000ms (default)
2019-07-14 06:53:02,511 INFO  server.RaftServerConfigKeys (ConfUtils.java:logGet(43)) - raft.server.log.appender.install.snapshot.enabled = false (custom)
2019-07-14 06:53:02,511 INFO  impl.RoleInfo (RoleInfo.java:updateAndGet(143)) - bd478038-e945-461e-b90e-7e4a7365f088: start LeaderState
2019-07-14 06:53:02,511 INFO  segmented.SegmentedRaftLogWorker (SegmentedRaftLogWorker.java:startLogSegment(380)) - bd478038-e945-461e-b90e-7e4a7365f088-SegmentedRaftLogWorker:Storage Directory /tmp/workdir/hadoop-ozone/integration-test/target/test-dir/MiniOzoneClusterImpl-776fdfe4-e945-493d-a146-da517978dac5/datanode-1/data/ratis/2d5447af-42fa-413c-b9e8-21806ae7903e: Starting segment from index:0
2019-07-14 06:53:02,512 INFO  impl.RaftServerImpl (ServerState.java:setRaftConf(361)) - bd478038-e945-461e-b90e-7e4a7365f088:group-21806AE7903E set configuration 0: [bd478038-e945-461e-b90e-7e4a7365f088:192.168.5.144:42407, 5ddcfedb-1ec3-4cbe-93cc-6dc9cf8e9a9b:192.168.5.144:35523, 61713fc7-dd46-4c26-82a5-6c983c62de7e:192.168.5.144:33303], old=null at 0
2019-07-14 06:53:02,513 INFO  impl.RaftServerImpl (ServerState.java:setLeader(263)) - 5ddcfedb-1ec3-4cbe-93cc-6dc9cf8e9a9b:group-21806AE7903E change Leader from null to bd478038-e945-461e-b90e-7e4a7365f088 at term 1 for appendEntries, leader elected after 5151ms
2019-07-14 06:53:02,513 INFO  impl.RaftServerImpl (ServerState.java:setLeader(263)) - 61713fc7-dd46-4c26-82a5-6c983c62de7e:group-21806AE7903E change Leader from null to bd478038-e945-461e-b90e-7e4a7365f088 at term 1 for appendEntries, leader elected after 5151ms
2019-07-14 06:53:02,515 INFO  impl.RaftServerImpl (ServerState.java:setRaftConf(361)) - 5ddcfedb-1ec3-4cbe-93cc-6dc9cf8e9a9b:group-21806AE7903E set configuration 0: [bd478038-e945-461e-b90e-7e4a7365f088:192.168.5.144:42407, 5ddcfedb-1ec3-4cbe-93cc-6dc9cf8e9a9b:192.168.5.144:35523, 61713fc7-dd46-4c26-82a5-6c983c62de7e:192.168.5.144:33303], old=null at 0
2019-07-14 06:53:02,515 INFO  impl.RaftServerImpl (ServerState.java:setRaftConf(361)) - 61713fc7-dd46-4c26-82a5-6c983c62de7e:group-21806AE7903E set configuration 0: [bd478038-e945-461e-b90e-7e4a7365f088:192.168.5.144:42407, 5ddcfedb-1ec3-4cbe-93cc-6dc9cf8e9a9b:192.168.5.144:35523, 61713fc7-dd46-4c26-82a5-6c983c62de7e:192.168.5.144:33303], old=null at 0
2019-07-14 06:53:02,515 INFO  segmented.SegmentedRaftLogWorker (SegmentedRaftLogWorker.java:startLogSegment(380)) - 5ddcfedb-1ec3-4cbe-93cc-6dc9cf8e9a9b-SegmentedRaftLogWorker:Storage Directory /tmp/workdir/hadoop-ozone/integration-test/target/test-dir/MiniOzoneClusterImpl-776fdfe4-e945-493d-a146-da517978dac5/datanode-2/data/ratis/2d5447af-42fa-413c-b9e8-21806ae7903e: Starting segment from index:0
2019-07-14 06:53:02,515 INFO  segmented.SegmentedRaftLogWorker (SegmentedRaftLogWorker.java:startLogSegment(380)) - 61713fc7-dd46-4c26-82a5-6c983c62de7e-SegmentedRaftLogWorker:Storage Directory /tmp/workdir/hadoop-ozone/integration-test/target/test-dir/MiniOzoneClusterImpl-776fdfe4-e945-493d-a146-da517978dac5/datanode-0/data/ratis/2d5447af-42fa-413c-b9e8-21806ae7903e: Starting segment from index:0
2019-07-14 06:53:02,516 INFO  segmented.SegmentedRaftLogWorker (SegmentedRaftLogWorker.java:execute(569)) - 5ddcfedb-1ec3-4cbe-93cc-6dc9cf8e9a9b-SegmentedRaftLogWorker:Storage Directory /tmp/workdir/hadoop-ozone/integration-test/target/test-dir/MiniOzoneClusterImpl-776fdfe4-e945-493d-a146-da517978dac5/datanode-2/data/ratis/16ba9708-8171-4402-9dba-56e3a1084fa4: created new log segment /tmp/workdir/hadoop-ozone/integration-test/target/test-dir/MiniOzoneClusterImpl-776fdfe4-e945-493d-a146-da517978dac5/datanode-2/data/ratis/16ba9708-8171-4402-9dba-56e3a1084fa4/current/log_inprogress_0
2019-07-14 06:53:02,539 INFO  segmented.SegmentedRaftLogWorker (SegmentedRaftLogWorker.java:execute(569)) - 5ddcfedb-1ec3-4cbe-93cc-6dc9cf8e9a9b-SegmentedRaftLogWorker:Storage Directory /tmp/workdir/hadoop-ozone/integration-test/target/test-dir/MiniOzoneClusterImpl-776fdfe4-e945-493d-a146-da517978dac5/datanode-2/data/ratis/2d5447af-42fa-413c-b9e8-21806ae7903e: created new log segment /tmp/workdir/hadoop-ozone/integration-test/target/test-dir/MiniOzoneClusterImpl-776fdfe4-e945-493d-a146-da517978dac5/datanode-2/data/ratis/2d5447af-42fa-413c-b9e8-21806ae7903e/current/log_inprogress_0
2019-07-14 06:53:02,539 INFO  segmented.SegmentedRaftLogWorker (SegmentedRaftLogWorker.java:execute(569)) - 61713fc7-dd46-4c26-82a5-6c983c62de7e-SegmentedRaftLogWorker:Storage Directory /tmp/workdir/hadoop-ozone/integration-test/target/test-dir/MiniOzoneClusterImpl-776fdfe4-e945-493d-a146-da517978dac5/datanode-0/data/ratis/2d5447af-42fa-413c-b9e8-21806ae7903e: created new log segment /tmp/workdir/hadoop-ozone/integration-test/target/test-dir/MiniOzoneClusterImpl-776fdfe4-e945-493d-a146-da517978dac5/datanode-0/data/ratis/2d5447af-42fa-413c-b9e8-21806ae7903e/current/log_inprogress_0
2019-07-14 06:53:02,549 INFO  segmented.SegmentedRaftLogWorker (SegmentedRaftLogWorker.java:execute(569)) - bd478038-e945-461e-b90e-7e4a7365f088-SegmentedRaftLogWorker:Storage Directory /tmp/workdir/hadoop-ozone/integration-test/target/test-dir/MiniOzoneClusterImpl-776fdfe4-e945-493d-a146-da517978dac5/datanode-1/data/ratis/2d5447af-42fa-413c-b9e8-21806ae7903e: created new log segment /tmp/workdir/hadoop-ozone/integration-test/target/test-dir/MiniOzoneClusterImpl-776fdfe4-e945-493d-a146-da517978dac5/datanode-1/data/ratis/2d5447af-42fa-413c-b9e8-21806ae7903e/current/log_inprogress_0
2019-07-14 06:53:02,645 INFO  impl.FollowerState (FollowerState.java:run(106)) - b745b9d8-0e41-450a-b915-4099f41803a5:group-22C8DBC26D7D changes to CANDIDATE, lastRpcTime:5108, electionTimeout:5108ms
2019-07-14 06:53:02,645 INFO  impl.RoleInfo (RoleInfo.java:shutdownFollowerState(121)) - b745b9d8-0e41-450a-b915-4099f41803a5: shutdown FollowerState
2019-07-14 06:53:02,645 INFO  impl.RaftServerImpl (RaftServerImpl.java:setRole(171)) - b745b9d8-0e41-450a-b915-4099f41803a5:group-22C8DBC26D7D changes role from FOLLOWER to CANDIDATE at term 0 for changeToCandidate
2019-07-14 06:53:02,645 INFO  impl.RoleInfo (RoleInfo.java:updateAndGet(143)) - b745b9d8-0e41-450a-b915-4099f41803a5: start LeaderElection
2019-07-14 06:53:02,677 INFO  impl.LeaderElection (LeaderElection.java:askForVotes(181)) - b745b9d8-0e41-450a-b915-4099f41803a5:group-22C8DBC26D7D:LeaderElection83: begin an election at term 1 for -1: [b745b9d8-0e41-450a-b915-4099f41803a5:192.168.5.144:38245], old=null
2019-07-14 06:53:02,677 INFO  impl.RoleInfo (RoleInfo.java:shutdownLeaderElection(134)) - b745b9d8-0e41-450a-b915-4099f41803a5: shutdown LeaderElection
2019-07-14 06:53:02,677 INFO  impl.RaftServerImpl (RaftServerImpl.java:setRole(171)) - b745b9d8-0e41-450a-b915-4099f41803a5:group-22C8DBC26D7D changes role from CANDIDATE to LEADER at term 1 for changeToLeader
2019-07-14 06:53:02,678 INFO  impl.RaftServerImpl (ServerState.java:setLeader(263)) - b745b9d8-0e41-450a-b915-4099f41803a5:group-22C8DBC26D7D change Leader from null to b745b9d8-0e41-450a-b915-4099f41803a5 at term 1 for becomeLeader, leader elected after 5144ms
2019-07-14 06:53:02,678 INFO  server.RaftServerConfigKeys (ConfUtils.java:logGet(43)) - raft.server.staging.catchup.gap = 1000 (default)
2019-07-14 06:53:02,678 INFO  server.RaftServerConfigKeys (ConfUtils.java:logGet(43)) - raft.server.rpc.sleep.time = 25ms (default)
2019-07-14 06:53:02,678 INFO  server.RaftServerConfigKeys (ConfUtils.java:logGet(43)) - raft.server.write.element-limit = 4096 (default)
2019-07-14 06:53:02,678 INFO  server.RaftServerConfigKeys (ConfUtils.java:logGet(43)) - raft.server.watch.timeout = 10s (default)
2019-07-14 06:53:02,678 INFO  server.RaftServerConfigKeys (ConfUtils.java:logGet(43)) - raft.server.watch.timeout.denomination = 1s (default)
2019-07-14 06:53:02,678 INFO  server.RaftServerConfigKeys (ConfUtils.java:logGet(43)) - raft.server.watch.element-limit = 65536 (default)
2019-07-14 06:53:02,679 INFO  impl.RoleInfo (RoleInfo.java:updateAndGet(143)) - b745b9d8-0e41-450a-b915-4099f41803a5: start LeaderState
2019-07-14 06:53:02,679 INFO  segmented.SegmentedRaftLogWorker (SegmentedRaftLogWorker.java:startLogSegment(380)) - b745b9d8-0e41-450a-b915-4099f41803a5-SegmentedRaftLogWorker:Storage Directory /tmp/workdir/hadoop-ozone/integration-test/target/test-dir/MiniOzoneClusterImpl-776fdfe4-e945-493d-a146-da517978dac5/datanode-3/data/ratis/7e024cfd-1b48-4c3b-8c6c-22c8dbc26d7d: Starting segment from index:0
2019-07-14 06:53:02,679 INFO  impl.RaftServerImpl (ServerState.java:setRaftConf(361)) - b745b9d8-0e41-450a-b915-4099f41803a5:group-22C8DBC26D7D set configuration 0: [b745b9d8-0e41-450a-b915-4099f41803a5:192.168.5.144:38245], old=null at 0
2019-07-14 06:53:02,706 INFO  segmented.SegmentedRaftLogWorker (SegmentedRaftLogWorker.java:execute(569)) - b745b9d8-0e41-450a-b915-4099f41803a5-SegmentedRaftLogWorker:Storage Directory /tmp/workdir/hadoop-ozone/integration-test/target/test-dir/MiniOzoneClusterImpl-776fdfe4-e945-493d-a146-da517978dac5/datanode-3/data/ratis/7e024cfd-1b48-4c3b-8c6c-22c8dbc26d7d: created new log segment /tmp/workdir/hadoop-ozone/integration-test/target/test-dir/MiniOzoneClusterImpl-776fdfe4-e945-493d-a146-da517978dac5/datanode-3/data/ratis/7e024cfd-1b48-4c3b-8c6c-22c8dbc26d7d/current/log_inprogress_0
2019-07-14 06:53:02,869 INFO  impl.FollowerState (FollowerState.java:run(106)) - 9506c4af-261b-48ce-a71c-abe081543e5e:group-CEA65E35D272 changes to CANDIDATE, lastRpcTime:5117, electionTimeout:5117ms
2019-07-14 06:53:02,869 INFO  impl.RoleInfo (RoleInfo.java:shutdownFollowerState(121)) - 9506c4af-261b-48ce-a71c-abe081543e5e: shutdown FollowerState
2019-07-14 06:53:02,869 INFO  impl.RaftServerImpl (RaftServerImpl.java:setRole(171)) - 9506c4af-261b-48ce-a71c-abe081543e5e:group-CEA65E35D272 changes role from FOLLOWER to CANDIDATE at term 0 for changeToCandidate
2019-07-14 06:53:02,870 INFO  impl.RoleInfo (RoleInfo.java:updateAndGet(143)) - 9506c4af-261b-48ce-a71c-abe081543e5e: start LeaderElection
2019-07-14 06:53:02,896 INFO  impl.LeaderElection (LeaderElection.java:askForVotes(181)) - 9506c4af-261b-48ce-a71c-abe081543e5e:group-CEA65E35D272:LeaderElection84: begin an election at term 1 for -1: [9506c4af-261b-48ce-a71c-abe081543e5e:192.168.5.144:46473], old=null
2019-07-14 06:53:02,897 INFO  impl.RoleInfo (RoleInfo.java:shutdownLeaderElection(134)) - 9506c4af-261b-48ce-a71c-abe081543e5e: shutdown LeaderElection
2019-07-14 06:53:02,897 INFO  impl.RaftServerImpl (RaftServerImpl.java:setRole(171)) - 9506c4af-261b-48ce-a71c-abe081543e5e:group-CEA65E35D272 changes role from CANDIDATE to LEADER at term 1 for changeToLeader
2019-07-14 06:53:02,897 INFO  impl.RaftServerImpl (ServerState.java:setLeader(263)) - 9506c4af-261b-48ce-a71c-abe081543e5e:group-CEA65E35D272 change Leader from null to 9506c4af-261b-48ce-a71c-abe081543e5e at term 1 for becomeLeader, leader elected after 5149ms
2019-07-14 06:53:02,897 INFO  server.RaftServerConfigKeys (ConfUtils.java:logGet(43)) - raft.server.staging.catchup.gap = 1000 (default)
2019-07-14 06:53:02,897 INFO  server.RaftServerConfigKeys (ConfUtils.java:logGet(43)) - raft.server.rpc.sleep.time = 25ms (default)
2019-07-14 06:53:02,897 INFO  server.RaftServerConfigKeys (ConfUtils.java:logGet(43)) - raft.server.write.element-limit = 4096 (default)
2019-07-14 06:53:02,897 INFO  server.RaftServerConfigKeys (ConfUtils.java:logGet(43)) - raft.server.watch.timeout = 10s (default)
2019-07-14 06:53:02,897 INFO  server.RaftServerConfigKeys (ConfUtils.java:logGet(43)) - raft.server.watch.timeout.denomination = 1s (default)
2019-07-14 06:53:02,897 INFO  server.RaftServerConfigKeys (ConfUtils.java:logGet(43)) - raft.server.watch.element-limit = 65536 (default)
2019-07-14 06:53:02,898 INFO  impl.RoleInfo (RoleInfo.java:updateAndGet(143)) - 9506c4af-261b-48ce-a71c-abe081543e5e: start LeaderState
2019-07-14 06:53:02,909 INFO  segmented.SegmentedRaftLogWorker (SegmentedRaftLogWorker.java:startLogSegment(380)) - 9506c4af-261b-48ce-a71c-abe081543e5e-SegmentedRaftLogWorker:Storage Directory /tmp/workdir/hadoop-ozone/integration-test/target/test-dir/MiniOzoneClusterImpl-776fdfe4-e945-493d-a146-da517978dac5/datanode-4/data/ratis/e3c1dcac-25e0-4bef-86eb-cea65e35d272: Starting segment from index:0
2019-07-14 06:53:02,909 INFO  client.GrpcClientProtocolClient (GrpcClientProtocolClient.java:onNext(255)) - client-A1028A79EB0A->a89baacc-951e-4b02-9e01-bb62a6f8d36f: receive RaftClientReply:client-A1028A79EB0A->a89baacc-951e-4b02-9e01-bb62a6f8d36f@group-CBF4CBA06C02, cid=161, FAILED org.apache.ratis.protocol.NotLeaderException: Server a89baacc-951e-4b02-9e01-bb62a6f8d36f is not the leader (null). Request must be sent to leader., logIndex=0, commits[a89baacc-951e-4b02-9e01-bb62a6f8d36f:c-1]
2019-07-14 06:53:02,928 INFO  impl.RaftServerImpl (ServerState.java:setRaftConf(361)) - 9506c4af-261b-48ce-a71c-abe081543e5e:group-CEA65E35D272 set configuration 0: [9506c4af-261b-48ce-a71c-abe081543e5e:192.168.5.144:46473], old=null at 0
2019-07-14 06:53:02,937 INFO  impl.FollowerState (FollowerState.java:run(106)) - da343c1c-8367-46f5-a9ef-bb79fda7b344:group-8D33B243C8F8 changes to CANDIDATE, lastRpcTime:5113, electionTimeout:5113ms
2019-07-14 06:53:02,962 INFO  impl.RoleInfo (RoleInfo.java:shutdownFollowerState(121)) - da343c1c-8367-46f5-a9ef-bb79fda7b344: shutdown FollowerState
2019-07-14 06:53:02,962 INFO  impl.RaftServerImpl (RaftServerImpl.java:setRole(171)) - da343c1c-8367-46f5-a9ef-bb79fda7b344:group-8D33B243C8F8 changes role from FOLLOWER to CANDIDATE at term 6 for changeToCandidate
2019-07-14 06:53:02,962 INFO  impl.RoleInfo (RoleInfo.java:updateAndGet(143)) - da343c1c-8367-46f5-a9ef-bb79fda7b344: start LeaderElection
2019-07-14 06:53:02,974 INFO  segmented.SegmentedRaftLogWorker (SegmentedRaftLogWorker.java:execute(569)) - 9506c4af-261b-48ce-a71c-abe081543e5e-SegmentedRaftLogWorker:Storage Directory /tmp/workdir/hadoop-ozone/integration-test/target/test-dir/MiniOzoneClusterImpl-776fdfe4-e945-493d-a146-da517978dac5/datanode-4/data/ratis/e3c1dcac-25e0-4bef-86eb-cea65e35d272: created new log segment /tmp/workdir/hadoop-ozone/integration-test/target/test-dir/MiniOzoneClusterImpl-776fdfe4-e945-493d-a146-da517978dac5/datanode-4/data/ratis/e3c1dcac-25e0-4bef-86eb-cea65e35d272/current/log_inprogress_0
2019-07-14 06:53:02,974 INFO  impl.LeaderElection (LeaderElection.java:askForVotes(181)) - da343c1c-8367-46f5-a9ef-bb79fda7b344:group-8D33B243C8F8:LeaderElection85: begin an election at term 7 for 0: [da343c1c-8367-46f5-a9ef-bb79fda7b344:192.168.5.144:32905, a4c24659-6a6f-404d-a8b7-ecfa7e5f7d9a:192.168.5.144:37316, ff1ab4d3-cbe6-48f1-9b56-d6e99bbeb9d5:192.168.5.144:39240], old=null
2019-07-14 06:53:02,975 INFO  impl.LeaderElection (LogUtils.java:infoOrTrace(149)) - da343c1c-8367-46f5-a9ef-bb79fda7b344:group-8D33B243C8F8:LeaderElection85 got exception when requesting votes: {}
java.util.concurrent.ExecutionException: org.apache.ratis.thirdparty.io.grpc.StatusRuntimeException: UNAVAILABLE: io exception
	at java.util.concurrent.FutureTask.report(FutureTask.java:122)
	at java.util.concurrent.FutureTask.get(FutureTask.java:192)
	at org.apache.ratis.server.impl.LeaderElection.waitForResults(LeaderElection.java:262)
	at org.apache.ratis.server.impl.LeaderElection.askForVotes(LeaderElection.java:200)
	at org.apache.ratis.server.impl.LeaderElection.run(LeaderElection.java:130)
	at java.lang.Thread.run(Thread.java:748)
Caused by: org.apache.ratis.thirdparty.io.grpc.StatusRuntimeException: UNAVAILABLE: io exception
	at org.apache.ratis.thirdparty.io.grpc.stub.ClientCalls.toStatusRuntimeException(ClientCalls.java:233)
	at org.apache.ratis.thirdparty.io.grpc.stub.ClientCalls.getUnchecked(ClientCalls.java:214)
	at org.apache.ratis.thirdparty.io.grpc.stub.ClientCalls.blockingUnaryCall(ClientCalls.java:139)
	at org.apache.ratis.proto.grpc.RaftServerProtocolServiceGrpc$RaftServerProtocolServiceBlockingStub.requestVote(RaftServerProtocolServiceGrpc.java:265)
	at org.apache.ratis.grpc.server.GrpcServerProtocolClient.requestVote(GrpcServerProtocolClient.java:83)
	at org.apache.ratis.grpc.server.GrpcService.requestVote(GrpcService.java:195)
	at org.apache.ratis.server.impl.LeaderElection.lambda$submitRequests$1(LeaderElection.java:237)
	at java.util.concurrent.FutureTask.run(FutureTask.java:266)
	at java.util.concurrent.Executors$RunnableAdapter.call(Executors.java:511)
	at java.util.concurrent.FutureTask.run(FutureTask.java:266)
	at java.util.concurrent.ThreadPoolExecutor.runWorker(ThreadPoolExecutor.java:1149)
	at java.util.concurrent.ThreadPoolExecutor$Worker.run(ThreadPoolExecutor.java:624)
	... 1 more
Caused by: org.apache.ratis.thirdparty.io.netty.channel.AbstractChannel$AnnotatedConnectException: Connection refused: /192.168.5.144:39240
	at sun.nio.ch.SocketChannelImpl.checkConnect(Native Method)
	at sun.nio.ch.SocketChannelImpl.finishConnect(SocketChannelImpl.java:717)
	at org.apache.ratis.thirdparty.io.netty.channel.socket.nio.NioSocketChannel.doFinishConnect(NioSocketChannel.java:327)
	at org.apache.ratis.thirdparty.io.netty.channel.nio.AbstractNioChannel$AbstractNioUnsafe.finishConnect(AbstractNioChannel.java:340)
	at org.apache.ratis.thirdparty.io.netty.channel.nio.NioEventLoop.processSelectedKey(NioEventLoop.java:632)
	at org.apache.ratis.thirdparty.io.netty.channel.nio.NioEventLoop.processSelectedKeysOptimized(NioEventLoop.java:579)
	at org.apache.ratis.thirdparty.io.netty.channel.nio.NioEventLoop.processSelectedKeys(NioEventLoop.java:496)
	at org.apache.ratis.thirdparty.io.netty.channel.nio.NioEventLoop.run(NioEventLoop.java:458)
	at org.apache.ratis.thirdparty.io.netty.util.concurrent.SingleThreadEventExecutor$5.run(SingleThreadEventExecutor.java:897)
	at org.apache.ratis.thirdparty.io.netty.util.concurrent.FastThreadLocalRunnable.run(FastThreadLocalRunnable.java:30)
	... 1 more
Caused by: java.net.ConnectException: Connection refused
	... 11 more
2019-07-14 06:53:02,986 INFO  impl.LeaderElection (LogUtils.java:infoOrTrace(149)) - da343c1c-8367-46f5-a9ef-bb79fda7b344:group-8D33B243C8F8:LeaderElection85 got exception when requesting votes: {}
java.util.concurrent.ExecutionException: org.apache.ratis.thirdparty.io.grpc.StatusRuntimeException: UNAVAILABLE: io exception
	at java.util.concurrent.FutureTask.report(FutureTask.java:122)
	at java.util.concurrent.FutureTask.get(FutureTask.java:192)
	at org.apache.ratis.server.impl.LeaderElection.waitForResults(LeaderElection.java:262)
	at org.apache.ratis.server.impl.LeaderElection.askForVotes(LeaderElection.java:200)
	at org.apache.ratis.server.impl.LeaderElection.run(LeaderElection.java:130)
	at java.lang.Thread.run(Thread.java:748)
Caused by: org.apache.ratis.thirdparty.io.grpc.StatusRuntimeException: UNAVAILABLE: io exception
	at org.apache.ratis.thirdparty.io.grpc.stub.ClientCalls.toStatusRuntimeException(ClientCalls.java:233)
	at org.apache.ratis.thirdparty.io.grpc.stub.ClientCalls.getUnchecked(ClientCalls.java:214)
	at org.apache.ratis.thirdparty.io.grpc.stub.ClientCalls.blockingUnaryCall(ClientCalls.java:139)
	at org.apache.ratis.proto.grpc.RaftServerProtocolServiceGrpc$RaftServerProtocolServiceBlockingStub.requestVote(RaftServerProtocolServiceGrpc.java:265)
	at org.apache.ratis.grpc.server.GrpcServerProtocolClient.requestVote(GrpcServerProtocolClient.java:83)
	at org.apache.ratis.grpc.server.GrpcService.requestVote(GrpcService.java:195)
	at org.apache.ratis.server.impl.LeaderElection.lambda$submitRequests$1(LeaderElection.java:237)
	at java.util.concurrent.FutureTask.run(FutureTask.java:266)
	at java.util.concurrent.Executors$RunnableAdapter.call(Executors.java:511)
	at java.util.concurrent.FutureTask.run(FutureTask.java:266)
	at java.util.concurrent.ThreadPoolExecutor.runWorker(ThreadPoolExecutor.java:1149)
	at java.util.concurrent.ThreadPoolExecutor$Worker.run(ThreadPoolExecutor.java:624)
	... 1 more
Caused by: org.apache.ratis.thirdparty.io.netty.channel.AbstractChannel$AnnotatedConnectException: Connection refused: /192.168.5.144:37316
	at sun.nio.ch.SocketChannelImpl.checkConnect(Native Method)
	at sun.nio.ch.SocketChannelImpl.finishConnect(SocketChannelImpl.java:717)
	at org.apache.ratis.thirdparty.io.netty.channel.socket.nio.NioSocketChannel.doFinishConnect(NioSocketChannel.java:327)
	at org.apache.ratis.thirdparty.io.netty.channel.nio.AbstractNioChannel$AbstractNioUnsafe.finishConnect(AbstractNioChannel.java:340)
	at org.apache.ratis.thirdparty.io.netty.channel.nio.NioEventLoop.processSelectedKey(NioEventLoop.java:632)
	at org.apache.ratis.thirdparty.io.netty.channel.nio.NioEventLoop.processSelectedKeysOptimized(NioEventLoop.java:579)
	at org.apache.ratis.thirdparty.io.netty.channel.nio.NioEventLoop.processSelectedKeys(NioEventLoop.java:496)
	at org.apache.ratis.thirdparty.io.netty.channel.nio.NioEventLoop.run(NioEventLoop.java:458)
	at org.apache.ratis.thirdparty.io.netty.util.concurrent.SingleThreadEventExecutor$5.run(SingleThreadEventExecutor.java:897)
	at org.apache.ratis.thirdparty.io.netty.util.concurrent.FastThreadLocalRunnable.run(FastThreadLocalRunnable.java:30)
	... 1 more
Caused by: java.net.ConnectException: Connection refused
	... 11 more
2019-07-14 06:53:02,994 INFO  impl.LeaderElection (LeaderElection.java:logAndReturn(56)) - da343c1c-8367-46f5-a9ef-bb79fda7b344:group-8D33B243C8F8:LeaderElection85: Election REJECTED; received 0 response(s) [] and 2 exception(s); da343c1c-8367-46f5-a9ef-bb79fda7b344:t7, leader=null, voted=da343c1c-8367-46f5-a9ef-bb79fda7b344, raftlog=da343c1c-8367-46f5-a9ef-bb79fda7b344-SegmentedRaftLog:OPENED:c0,f0,i0, conf=0: [da343c1c-8367-46f5-a9ef-bb79fda7b344:192.168.5.144:32905, a4c24659-6a6f-404d-a8b7-ecfa7e5f7d9a:192.168.5.144:37316, ff1ab4d3-cbe6-48f1-9b56-d6e99bbeb9d5:192.168.5.144:39240], old=null
2019-07-14 06:53:02,994 INFO  impl.LeaderElection (LogUtils.java:infoOrTrace(149)) -   Exception 0: {}
java.util.concurrent.ExecutionException: org.apache.ratis.thirdparty.io.grpc.StatusRuntimeException: UNAVAILABLE: io exception
	at java.util.concurrent.FutureTask.report(FutureTask.java:122)
	at java.util.concurrent.FutureTask.get(FutureTask.java:192)
	at org.apache.ratis.server.impl.LeaderElection.waitForResults(LeaderElection.java:262)
	at org.apache.ratis.server.impl.LeaderElection.askForVotes(LeaderElection.java:200)
	at org.apache.ratis.server.impl.LeaderElection.run(LeaderElection.java:130)
	at java.lang.Thread.run(Thread.java:748)
Caused by: org.apache.ratis.thirdparty.io.grpc.StatusRuntimeException: UNAVAILABLE: io exception
	at org.apache.ratis.thirdparty.io.grpc.stub.ClientCalls.toStatusRuntimeException(ClientCalls.java:233)
	at org.apache.ratis.thirdparty.io.grpc.stub.ClientCalls.getUnchecked(ClientCalls.java:214)
	at org.apache.ratis.thirdparty.io.grpc.stub.ClientCalls.blockingUnaryCall(ClientCalls.java:139)
	at org.apache.ratis.proto.grpc.RaftServerProtocolServiceGrpc$RaftServerProtocolServiceBlockingStub.requestVote(RaftServerProtocolServiceGrpc.java:265)
	at org.apache.ratis.grpc.server.GrpcServerProtocolClient.requestVote(GrpcServerProtocolClient.java:83)
	at org.apache.ratis.grpc.server.GrpcService.requestVote(GrpcService.java:195)
	at org.apache.ratis.server.impl.LeaderElection.lambda$submitRequests$1(LeaderElection.java:237)
	at java.util.concurrent.FutureTask.run(FutureTask.java:266)
	at java.util.concurrent.Executors$RunnableAdapter.call(Executors.java:511)
	at java.util.concurrent.FutureTask.run(FutureTask.java:266)
	at java.util.concurrent.ThreadPoolExecutor.runWorker(ThreadPoolExecutor.java:1149)
	at java.util.concurrent.ThreadPoolExecutor$Worker.run(ThreadPoolExecutor.java:624)
	... 1 more
Caused by: org.apache.ratis.thirdparty.io.netty.channel.AbstractChannel$AnnotatedConnectException: Connection refused: /192.168.5.144:39240
	at sun.nio.ch.SocketChannelImpl.checkConnect(Native Method)
	at sun.nio.ch.SocketChannelImpl.finishConnect(SocketChannelImpl.java:717)
	at org.apache.ratis.thirdparty.io.netty.channel.socket.nio.NioSocketChannel.doFinishConnect(NioSocketChannel.java:327)
	at org.apache.ratis.thirdparty.io.netty.channel.nio.AbstractNioChannel$AbstractNioUnsafe.finishConnect(AbstractNioChannel.java:340)
	at org.apache.ratis.thirdparty.io.netty.channel.nio.NioEventLoop.processSelectedKey(NioEventLoop.java:632)
	at org.apache.ratis.thirdparty.io.netty.channel.nio.NioEventLoop.processSelectedKeysOptimized(NioEventLoop.java:579)
	at org.apache.ratis.thirdparty.io.netty.channel.nio.NioEventLoop.processSelectedKeys(NioEventLoop.java:496)
	at org.apache.ratis.thirdparty.io.netty.channel.nio.NioEventLoop.run(NioEventLoop.java:458)
	at org.apache.ratis.thirdparty.io.netty.util.concurrent.SingleThreadEventExecutor$5.run(SingleThreadEventExecutor.java:897)
	at org.apache.ratis.thirdparty.io.netty.util.concurrent.FastThreadLocalRunnable.run(FastThreadLocalRunnable.java:30)
	... 1 more
Caused by: java.net.ConnectException: Connection refused
	... 11 more
2019-07-14 06:53:02,994 INFO  impl.LeaderElection (LogUtils.java:infoOrTrace(149)) -   Exception 1: {}
java.util.concurrent.ExecutionException: org.apache.ratis.thirdparty.io.grpc.StatusRuntimeException: UNAVAILABLE: io exception
	at java.util.concurrent.FutureTask.report(FutureTask.java:122)
	at java.util.concurrent.FutureTask.get(FutureTask.java:192)
	at org.apache.ratis.server.impl.LeaderElection.waitForResults(LeaderElection.java:262)
	at org.apache.ratis.server.impl.LeaderElection.askForVotes(LeaderElection.java:200)
	at org.apache.ratis.server.impl.LeaderElection.run(LeaderElection.java:130)
	at java.lang.Thread.run(Thread.java:748)
Caused by: org.apache.ratis.thirdparty.io.grpc.StatusRuntimeException: UNAVAILABLE: io exception
	at org.apache.ratis.thirdparty.io.grpc.stub.ClientCalls.toStatusRuntimeException(ClientCalls.java:233)
	at org.apache.ratis.thirdparty.io.grpc.stub.ClientCalls.getUnchecked(ClientCalls.java:214)
	at org.apache.ratis.thirdparty.io.grpc.stub.ClientCalls.blockingUnaryCall(ClientCalls.java:139)
	at org.apache.ratis.proto.grpc.RaftServerProtocolServiceGrpc$RaftServerProtocolServiceBlockingStub.requestVote(RaftServerProtocolServiceGrpc.java:265)
	at org.apache.ratis.grpc.server.GrpcServerProtocolClient.requestVote(GrpcServerProtocolClient.java:83)
	at org.apache.ratis.grpc.server.GrpcService.requestVote(GrpcService.java:195)
	at org.apache.ratis.server.impl.LeaderElection.lambda$submitRequests$1(LeaderElection.java:237)
	at java.util.concurrent.FutureTask.run(FutureTask.java:266)
	at java.util.concurrent.Executors$RunnableAdapter.call(Executors.java:511)
	at java.util.concurrent.FutureTask.run(FutureTask.java:266)
	at java.util.concurrent.ThreadPoolExecutor.runWorker(ThreadPoolExecutor.java:1149)
	at java.util.concurrent.ThreadPoolExecutor$Worker.run(ThreadPoolExecutor.java:624)
	... 1 more
Caused by: org.apache.ratis.thirdparty.io.netty.channel.AbstractChannel$AnnotatedConnectException: Connection refused: /192.168.5.144:37316
	at sun.nio.ch.SocketChannelImpl.checkConnect(Native Method)
	at sun.nio.ch.SocketChannelImpl.finishConnect(SocketChannelImpl.java:717)
	at org.apache.ratis.thirdparty.io.netty.channel.socket.nio.NioSocketChannel.doFinishConnect(NioSocketChannel.java:327)
	at org.apache.ratis.thirdparty.io.netty.channel.nio.AbstractNioChannel$AbstractNioUnsafe.finishConnect(AbstractNioChannel.java:340)
	at org.apache.ratis.thirdparty.io.netty.channel.nio.NioEventLoop.processSelectedKey(NioEventLoop.java:632)
	at org.apache.ratis.thirdparty.io.netty.channel.nio.NioEventLoop.processSelectedKeysOptimized(NioEventLoop.java:579)
	at org.apache.ratis.thirdparty.io.netty.channel.nio.NioEventLoop.processSelectedKeys(NioEventLoop.java:496)
	at org.apache.ratis.thirdparty.io.netty.channel.nio.NioEventLoop.run(NioEventLoop.java:458)
	at org.apache.ratis.thirdparty.io.netty.util.concurrent.SingleThreadEventExecutor$5.run(SingleThreadEventExecutor.java:897)
	at org.apache.ratis.thirdparty.io.netty.util.concurrent.FastThreadLocalRunnable.run(FastThreadLocalRunnable.java:30)
	... 1 more
Caused by: java.net.ConnectException: Connection refused
	... 11 more
2019-07-14 06:53:02,994 INFO  impl.RaftServerImpl (RaftServerImpl.java:setRole(171)) - da343c1c-8367-46f5-a9ef-bb79fda7b344:group-8D33B243C8F8 changes role from CANDIDATE to FOLLOWER at term 7 for DISCOVERED_A_NEW_TERM
2019-07-14 06:53:02,994 INFO  impl.RoleInfo (RoleInfo.java:shutdownLeaderElection(134)) - da343c1c-8367-46f5-a9ef-bb79fda7b344: shutdown LeaderElection
2019-07-14 06:53:02,995 INFO  impl.RoleInfo (RoleInfo.java:updateAndGet(143)) - da343c1c-8367-46f5-a9ef-bb79fda7b344: start FollowerState
2019-07-14 06:53:03,020 INFO  impl.FollowerState (FollowerState.java:run(106)) - b745b9d8-0e41-450a-b915-4099f41803a5:group-CBF4CBA06C02 changes to CANDIDATE, lastRpcTime:5019, electionTimeout:5019ms
2019-07-14 06:53:03,020 INFO  impl.RoleInfo (RoleInfo.java:shutdownFollowerState(121)) - b745b9d8-0e41-450a-b915-4099f41803a5: shutdown FollowerState
2019-07-14 06:53:03,020 INFO  impl.RaftServerImpl (RaftServerImpl.java:setRole(171)) - b745b9d8-0e41-450a-b915-4099f41803a5:group-CBF4CBA06C02 changes role from FOLLOWER to CANDIDATE at term 0 for changeToCandidate
2019-07-14 06:53:03,020 INFO  impl.RoleInfo (RoleInfo.java:updateAndGet(143)) - b745b9d8-0e41-450a-b915-4099f41803a5: start LeaderElection
2019-07-14 06:53:03,034 INFO  impl.LeaderElection (LeaderElection.java:askForVotes(181)) - b745b9d8-0e41-450a-b915-4099f41803a5:group-CBF4CBA06C02:LeaderElection86: begin an election at term 1 for -1: [a89baacc-951e-4b02-9e01-bb62a6f8d36f:192.168.5.144:36586, b745b9d8-0e41-450a-b915-4099f41803a5:192.168.5.144:38245, 9506c4af-261b-48ce-a71c-abe081543e5e:192.168.5.144:46473], old=null
2019-07-14 06:53:03,048 INFO  impl.RaftServerImpl (RaftServerImpl.java:setRole(171)) - a89baacc-951e-4b02-9e01-bb62a6f8d36f:group-CBF4CBA06C02 changes role from FOLLOWER to FOLLOWER at term 1 for recognizeCandidate:b745b9d8-0e41-450a-b915-4099f41803a5
2019-07-14 06:53:03,058 INFO  impl.RaftServerImpl (RaftServerImpl.java:setRole(171)) - 9506c4af-261b-48ce-a71c-abe081543e5e:group-CBF4CBA06C02 changes role from FOLLOWER to FOLLOWER at term 1 for recognizeCandidate:b745b9d8-0e41-450a-b915-4099f41803a5
2019-07-14 06:53:03,058 INFO  impl.RoleInfo (RoleInfo.java:shutdownFollowerState(121)) - a89baacc-951e-4b02-9e01-bb62a6f8d36f: shutdown FollowerState
2019-07-14 06:53:03,058 INFO  impl.RoleInfo (RoleInfo.java:shutdownFollowerState(121)) - 9506c4af-261b-48ce-a71c-abe081543e5e: shutdown FollowerState
2019-07-14 06:53:03,059 INFO  impl.RoleInfo (RoleInfo.java:updateAndGet(143)) - a89baacc-951e-4b02-9e01-bb62a6f8d36f: start FollowerState
2019-07-14 06:53:03,059 INFO  impl.FollowerState (FollowerState.java:run(114)) - 9506c4af-261b-48ce-a71c-abe081543e5e: FollowerState was interrupted: java.lang.InterruptedException: sleep interrupted
2019-07-14 06:53:03,059 INFO  impl.RoleInfo (RoleInfo.java:updateAndGet(143)) - 9506c4af-261b-48ce-a71c-abe081543e5e: start FollowerState
2019-07-14 06:53:03,059 INFO  impl.FollowerState (FollowerState.java:run(114)) - a89baacc-951e-4b02-9e01-bb62a6f8d36f: FollowerState was interrupted: java.lang.InterruptedException: sleep interrupted
2019-07-14 06:53:03,072 INFO  impl.LeaderElection (LeaderElection.java:logAndReturn(56)) - b745b9d8-0e41-450a-b915-4099f41803a5:group-CBF4CBA06C02:LeaderElection86: Election PASSED; received 1 response(s) [b745b9d8-0e41-450a-b915-4099f41803a5<-9506c4af-261b-48ce-a71c-abe081543e5e#0:OK-t1] and 0 exception(s); b745b9d8-0e41-450a-b915-4099f41803a5:t1, leader=null, voted=b745b9d8-0e41-450a-b915-4099f41803a5, raftlog=b745b9d8-0e41-450a-b915-4099f41803a5-SegmentedRaftLog:OPENED:c-1,f-1,i0, conf=-1: [a89baacc-951e-4b02-9e01-bb62a6f8d36f:192.168.5.144:36586, b745b9d8-0e41-450a-b915-4099f41803a5:192.168.5.144:38245, 9506c4af-261b-48ce-a71c-abe081543e5e:192.168.5.144:46473], old=null
2019-07-14 06:53:03,072 INFO  impl.RoleInfo (RoleInfo.java:shutdownLeaderElection(134)) - b745b9d8-0e41-450a-b915-4099f41803a5: shutdown LeaderElection
2019-07-14 06:53:03,072 INFO  impl.RaftServerImpl (RaftServerImpl.java:setRole(171)) - b745b9d8-0e41-450a-b915-4099f41803a5:group-CBF4CBA06C02 changes role from CANDIDATE to LEADER at term 1 for changeToLeader
2019-07-14 06:53:03,072 INFO  impl.RaftServerImpl (ServerState.java:setLeader(263)) - b745b9d8-0e41-450a-b915-4099f41803a5:group-CBF4CBA06C02 change Leader from null to b745b9d8-0e41-450a-b915-4099f41803a5 at term 1 for becomeLeader, leader elected after 5079ms
2019-07-14 06:53:03,073 INFO  server.RaftServerConfigKeys (ConfUtils.java:logGet(43)) - raft.server.staging.catchup.gap = 1000 (default)
2019-07-14 06:53:03,073 INFO  server.RaftServerConfigKeys (ConfUtils.java:logGet(43)) - raft.server.rpc.sleep.time = 25ms (default)
2019-07-14 06:53:03,073 INFO  server.RaftServerConfigKeys (ConfUtils.java:logGet(43)) - raft.server.write.element-limit = 4096 (default)
2019-07-14 06:53:03,073 INFO  server.RaftServerConfigKeys (ConfUtils.java:logGet(43)) - raft.server.watch.timeout = 10s (default)
2019-07-14 06:53:03,073 INFO  server.RaftServerConfigKeys (ConfUtils.java:logGet(43)) - raft.server.watch.timeout.denomination = 1s (default)
2019-07-14 06:53:03,073 INFO  server.RaftServerConfigKeys (ConfUtils.java:logGet(43)) - raft.server.watch.element-limit = 65536 (default)
2019-07-14 06:53:03,073 INFO  server.RaftServerConfigKeys (ConfUtils.java:logGet(43)) - raft.server.log.appender.snapshot.chunk.size.max = 16MB (=16777216) (default)
2019-07-14 06:53:03,074 INFO  server.RaftServerConfigKeys (ConfUtils.java:logGet(43)) - raft.server.log.appender.buffer.byte-limit = 33554432 (custom)
2019-07-14 06:53:03,074 INFO  server.RaftServerConfigKeys (ConfUtils.java:logGet(43)) - raft.server.log.appender.buffer.element-limit = 1 (custom)
2019-07-14 06:53:03,074 INFO  grpc.GrpcConfigKeys$Server (ConfUtils.java:logGet(43)) - raft.grpc.server.leader.outstanding.appends.max = 128 (default)
2019-07-14 06:53:03,074 INFO  server.RaftServerConfigKeys (ConfUtils.java:logGet(43)) - raft.server.rpc.request.timeout = 3000ms (default)
2019-07-14 06:53:03,074 INFO  server.RaftServerConfigKeys (ConfUtils.java:logGet(43)) - raft.server.log.appender.install.snapshot.enabled = false (custom)
2019-07-14 06:53:03,074 INFO  server.RaftServerConfigKeys (ConfUtils.java:logGet(43)) - raft.server.log.appender.snapshot.chunk.size.max = 16MB (=16777216) (default)
2019-07-14 06:53:03,075 INFO  server.RaftServerConfigKeys (ConfUtils.java:logGet(43)) - raft.server.log.appender.buffer.byte-limit = 33554432 (custom)
2019-07-14 06:53:03,075 INFO  server.RaftServerConfigKeys (ConfUtils.java:logGet(43)) - raft.server.log.appender.buffer.element-limit = 1 (custom)
2019-07-14 06:53:03,075 INFO  grpc.GrpcConfigKeys$Server (ConfUtils.java:logGet(43)) - raft.grpc.server.leader.outstanding.appends.max = 128 (default)
2019-07-14 06:53:03,075 INFO  server.RaftServerConfigKeys (ConfUtils.java:logGet(43)) - raft.server.rpc.request.timeout = 3000ms (default)
2019-07-14 06:53:03,075 INFO  server.RaftServerConfigKeys (ConfUtils.java:logGet(43)) - raft.server.log.appender.install.snapshot.enabled = false (custom)
2019-07-14 06:53:03,075 INFO  impl.RoleInfo (RoleInfo.java:updateAndGet(143)) - b745b9d8-0e41-450a-b915-4099f41803a5: start LeaderState
2019-07-14 06:53:03,076 INFO  segmented.SegmentedRaftLogWorker (SegmentedRaftLogWorker.java:startLogSegment(380)) - b745b9d8-0e41-450a-b915-4099f41803a5-SegmentedRaftLogWorker:Storage Directory /tmp/workdir/hadoop-ozone/integration-test/target/test-dir/MiniOzoneClusterImpl-776fdfe4-e945-493d-a146-da517978dac5/datanode-3/data/ratis/39420bb7-8424-48e8-9fad-cbf4cba06c02: Starting segment from index:0
2019-07-14 06:53:03,076 INFO  impl.RaftServerImpl (ServerState.java:setRaftConf(361)) - b745b9d8-0e41-450a-b915-4099f41803a5:group-CBF4CBA06C02 set configuration 0: [a89baacc-951e-4b02-9e01-bb62a6f8d36f:192.168.5.144:36586, b745b9d8-0e41-450a-b915-4099f41803a5:192.168.5.144:38245, 9506c4af-261b-48ce-a71c-abe081543e5e:192.168.5.144:46473], old=null at 0
2019-07-14 06:53:03,077 INFO  impl.RaftServerImpl (ServerState.java:setLeader(263)) - a89baacc-951e-4b02-9e01-bb62a6f8d36f:group-CBF4CBA06C02 change Leader from null to b745b9d8-0e41-450a-b915-4099f41803a5 at term 1 for appendEntries, leader elected after 5087ms
2019-07-14 06:53:03,077 INFO  impl.RaftServerImpl (ServerState.java:setLeader(263)) - 9506c4af-261b-48ce-a71c-abe081543e5e:group-CBF4CBA06C02 change Leader from null to b745b9d8-0e41-450a-b915-4099f41803a5 at term 1 for appendEntries, leader elected after 5084ms
2019-07-14 06:53:03,111 INFO  segmented.SegmentedRaftLogWorker (SegmentedRaftLogWorker.java:execute(569)) - b745b9d8-0e41-450a-b915-4099f41803a5-SegmentedRaftLogWorker:Storage Directory /tmp/workdir/hadoop-ozone/integration-test/target/test-dir/MiniOzoneClusterImpl-776fdfe4-e945-493d-a146-da517978dac5/datanode-3/data/ratis/39420bb7-8424-48e8-9fad-cbf4cba06c02: created new log segment /tmp/workdir/hadoop-ozone/integration-test/target/test-dir/MiniOzoneClusterImpl-776fdfe4-e945-493d-a146-da517978dac5/datanode-3/data/ratis/39420bb7-8424-48e8-9fad-cbf4cba06c02/current/log_inprogress_0
2019-07-14 06:53:03,112 INFO  impl.RaftServerImpl (ServerState.java:setRaftConf(361)) - a89baacc-951e-4b02-9e01-bb62a6f8d36f:group-CBF4CBA06C02 set configuration 0: [a89baacc-951e-4b02-9e01-bb62a6f8d36f:192.168.5.144:36586, b745b9d8-0e41-450a-b915-4099f41803a5:192.168.5.144:38245, 9506c4af-261b-48ce-a71c-abe081543e5e:192.168.5.144:46473], old=null at 0
2019-07-14 06:53:03,112 INFO  impl.RaftServerImpl (ServerState.java:setRaftConf(361)) - 9506c4af-261b-48ce-a71c-abe081543e5e:group-CBF4CBA06C02 set configuration 0: [a89baacc-951e-4b02-9e01-bb62a6f8d36f:192.168.5.144:36586, b745b9d8-0e41-450a-b915-4099f41803a5:192.168.5.144:38245, 9506c4af-261b-48ce-a71c-abe081543e5e:192.168.5.144:46473], old=null at 0
2019-07-14 06:53:03,112 INFO  segmented.SegmentedRaftLogWorker (SegmentedRaftLogWorker.java:startLogSegment(380)) - a89baacc-951e-4b02-9e01-bb62a6f8d36f-SegmentedRaftLogWorker:Storage Directory /tmp/workdir/hadoop-ozone/integration-test/target/test-dir/MiniOzoneClusterImpl-776fdfe4-e945-493d-a146-da517978dac5/datanode-5/data/ratis/39420bb7-8424-48e8-9fad-cbf4cba06c02: Starting segment from index:0
2019-07-14 06:53:03,112 INFO  segmented.SegmentedRaftLogWorker (SegmentedRaftLogWorker.java:startLogSegment(380)) - 9506c4af-261b-48ce-a71c-abe081543e5e-SegmentedRaftLogWorker:Storage Directory /tmp/workdir/hadoop-ozone/integration-test/target/test-dir/MiniOzoneClusterImpl-776fdfe4-e945-493d-a146-da517978dac5/datanode-4/data/ratis/39420bb7-8424-48e8-9fad-cbf4cba06c02: Starting segment from index:0
2019-07-14 06:53:03,131 INFO  segmented.SegmentedRaftLogWorker (SegmentedRaftLogWorker.java:execute(569)) - 9506c4af-261b-48ce-a71c-abe081543e5e-SegmentedRaftLogWorker:Storage Directory /tmp/workdir/hadoop-ozone/integration-test/target/test-dir/MiniOzoneClusterImpl-776fdfe4-e945-493d-a146-da517978dac5/datanode-4/data/ratis/39420bb7-8424-48e8-9fad-cbf4cba06c02: created new log segment /tmp/workdir/hadoop-ozone/integration-test/target/test-dir/MiniOzoneClusterImpl-776fdfe4-e945-493d-a146-da517978dac5/datanode-4/data/ratis/39420bb7-8424-48e8-9fad-cbf4cba06c02/current/log_inprogress_0
2019-07-14 06:53:03,131 INFO  segmented.SegmentedRaftLogWorker (SegmentedRaftLogWorker.java:execute(569)) - a89baacc-951e-4b02-9e01-bb62a6f8d36f-SegmentedRaftLogWorker:Storage Directory /tmp/workdir/hadoop-ozone/integration-test/target/test-dir/MiniOzoneClusterImpl-776fdfe4-e945-493d-a146-da517978dac5/datanode-5/data/ratis/39420bb7-8424-48e8-9fad-cbf4cba06c02: created new log segment /tmp/workdir/hadoop-ozone/integration-test/target/test-dir/MiniOzoneClusterImpl-776fdfe4-e945-493d-a146-da517978dac5/datanode-5/data/ratis/39420bb7-8424-48e8-9fad-cbf4cba06c02/current/log_inprogress_0
2019-07-14 06:53:03,156 INFO  impl.FollowerState (FollowerState.java:run(106)) - a89baacc-951e-4b02-9e01-bb62a6f8d36f:group-997428E4F2BD changes to CANDIDATE, lastRpcTime:5193, electionTimeout:5193ms
2019-07-14 06:53:03,156 INFO  impl.RoleInfo (RoleInfo.java:shutdownFollowerState(121)) - a89baacc-951e-4b02-9e01-bb62a6f8d36f: shutdown FollowerState
2019-07-14 06:53:03,156 INFO  impl.RaftServerImpl (RaftServerImpl.java:setRole(171)) - a89baacc-951e-4b02-9e01-bb62a6f8d36f:group-997428E4F2BD changes role from FOLLOWER to CANDIDATE at term 0 for changeToCandidate
2019-07-14 06:53:03,156 INFO  impl.RoleInfo (RoleInfo.java:updateAndGet(143)) - a89baacc-951e-4b02-9e01-bb62a6f8d36f: start LeaderElection
2019-07-14 06:53:03,189 INFO  impl.LeaderElection (LeaderElection.java:askForVotes(181)) - a89baacc-951e-4b02-9e01-bb62a6f8d36f:group-997428E4F2BD:LeaderElection87: begin an election at term 1 for -1: [a89baacc-951e-4b02-9e01-bb62a6f8d36f:192.168.5.144:36586], old=null
2019-07-14 06:53:03,189 INFO  impl.RoleInfo (RoleInfo.java:shutdownLeaderElection(134)) - a89baacc-951e-4b02-9e01-bb62a6f8d36f: shutdown LeaderElection
2019-07-14 06:53:03,189 INFO  impl.RaftServerImpl (RaftServerImpl.java:setRole(171)) - a89baacc-951e-4b02-9e01-bb62a6f8d36f:group-997428E4F2BD changes role from CANDIDATE to LEADER at term 1 for changeToLeader
2019-07-14 06:53:03,189 INFO  impl.RaftServerImpl (ServerState.java:setLeader(263)) - a89baacc-951e-4b02-9e01-bb62a6f8d36f:group-997428E4F2BD change Leader from null to a89baacc-951e-4b02-9e01-bb62a6f8d36f at term 1 for becomeLeader, leader elected after 5229ms
2019-07-14 06:53:03,189 INFO  server.RaftServerConfigKeys (ConfUtils.java:logGet(43)) - raft.server.staging.catchup.gap = 1000 (default)
2019-07-14 06:53:03,189 INFO  server.RaftServerConfigKeys (ConfUtils.java:logGet(43)) - raft.server.rpc.sleep.time = 25ms (default)
2019-07-14 06:53:03,190 INFO  server.RaftServerConfigKeys (ConfUtils.java:logGet(43)) - raft.server.write.element-limit = 4096 (default)
2019-07-14 06:53:03,190 INFO  server.RaftServerConfigKeys (ConfUtils.java:logGet(43)) - raft.server.watch.timeout = 10s (default)
2019-07-14 06:53:03,190 INFO  server.RaftServerConfigKeys (ConfUtils.java:logGet(43)) - raft.server.watch.timeout.denomination = 1s (default)
2019-07-14 06:53:03,190 INFO  server.RaftServerConfigKeys (ConfUtils.java:logGet(43)) - raft.server.watch.element-limit = 65536 (default)
2019-07-14 06:53:03,190 INFO  impl.RoleInfo (RoleInfo.java:updateAndGet(143)) - a89baacc-951e-4b02-9e01-bb62a6f8d36f: start LeaderState
2019-07-14 06:53:03,190 INFO  segmented.SegmentedRaftLogWorker (SegmentedRaftLogWorker.java:startLogSegment(380)) - a89baacc-951e-4b02-9e01-bb62a6f8d36f-SegmentedRaftLogWorker:Storage Directory /tmp/workdir/hadoop-ozone/integration-test/target/test-dir/MiniOzoneClusterImpl-776fdfe4-e945-493d-a146-da517978dac5/datanode-5/data/ratis/c61c5273-83e2-4348-85a5-997428e4f2bd: Starting segment from index:0
2019-07-14 06:53:03,191 INFO  impl.RaftServerImpl (ServerState.java:setRaftConf(361)) - a89baacc-951e-4b02-9e01-bb62a6f8d36f:group-997428E4F2BD set configuration 0: [a89baacc-951e-4b02-9e01-bb62a6f8d36f:192.168.5.144:36586], old=null at 0
2019-07-14 06:53:03,217 INFO  segmented.SegmentedRaftLogWorker (SegmentedRaftLogWorker.java:execute(569)) - a89baacc-951e-4b02-9e01-bb62a6f8d36f-SegmentedRaftLogWorker:Storage Directory /tmp/workdir/hadoop-ozone/integration-test/target/test-dir/MiniOzoneClusterImpl-776fdfe4-e945-493d-a146-da517978dac5/datanode-5/data/ratis/c61c5273-83e2-4348-85a5-997428e4f2bd: created new log segment /tmp/workdir/hadoop-ozone/integration-test/target/test-dir/MiniOzoneClusterImpl-776fdfe4-e945-493d-a146-da517978dac5/datanode-5/data/ratis/c61c5273-83e2-4348-85a5-997428e4f2bd/current/log_inprogress_0
2019-07-14 06:53:04,066 INFO  client.GrpcClientProtocolClient (GrpcClientProtocolClient.java:onNext(255)) - client-A1028A79EB0A->b745b9d8-0e41-450a-b915-4099f41803a5: receive RaftClientReply:client-A1028A79EB0A->b745b9d8-0e41-450a-b915-4099f41803a5@group-CBF4CBA06C02, cid=161, SUCCESS, logIndex=1, commits[b745b9d8-0e41-450a-b915-4099f41803a5:c1, a89baacc-951e-4b02-9e01-bb62a6f8d36f:c0, 9506c4af-261b-48ce-a71c-abe081543e5e:c0]
2019-07-14 06:53:04,160 INFO  client.GrpcClientProtocolClient (GrpcClientProtocolClient.java:onNext(255)) - client-A1028A79EB0A->b745b9d8-0e41-450a-b915-4099f41803a5: receive RaftClientReply:client-A1028A79EB0A->b745b9d8-0e41-450a-b915-4099f41803a5@group-CBF4CBA06C02, cid=162, SUCCESS, logIndex=3, commits[b745b9d8-0e41-450a-b915-4099f41803a5:c6, a89baacc-951e-4b02-9e01-bb62a6f8d36f:c3, 9506c4af-261b-48ce-a71c-abe081543e5e:c3]
2019-07-14 06:53:04,167 INFO  client.GrpcClientProtocolClient (GrpcClientProtocolClient.java:onNext(255)) - client-A1028A79EB0A->b745b9d8-0e41-450a-b915-4099f41803a5: receive RaftClientReply:client-A1028A79EB0A->b745b9d8-0e41-450a-b915-4099f41803a5@group-CBF4CBA06C02, cid=163, SUCCESS, logIndex=4, commits[b745b9d8-0e41-450a-b915-4099f41803a5:c6, a89baacc-951e-4b02-9e01-bb62a6f8d36f:c3, 9506c4af-261b-48ce-a71c-abe081543e5e:c3]
2019-07-14 06:53:04,208 INFO  client.GrpcClientProtocolClient (GrpcClientProtocolClient.java:onNext(255)) - client-A1028A79EB0A->b745b9d8-0e41-450a-b915-4099f41803a5: receive RaftClientReply:client-A1028A79EB0A->b745b9d8-0e41-450a-b915-4099f41803a5@group-CBF4CBA06C02, cid=164, SUCCESS, logIndex=5, commits[b745b9d8-0e41-450a-b915-4099f41803a5:c8, a89baacc-951e-4b02-9e01-bb62a6f8d36f:c5, 9506c4af-261b-48ce-a71c-abe081543e5e:c5]
2019-07-14 06:53:04,227 INFO  client.GrpcClientProtocolClient (GrpcClientProtocolClient.java:onNext(255)) - client-A1028A79EB0A->b745b9d8-0e41-450a-b915-4099f41803a5: receive RaftClientReply:client-A1028A79EB0A->b745b9d8-0e41-450a-b915-4099f41803a5@group-CBF4CBA06C02, cid=165, SUCCESS, logIndex=9, commits[b745b9d8-0e41-450a-b915-4099f41803a5:c10, a89baacc-951e-4b02-9e01-bb62a6f8d36f:c8, 9506c4af-261b-48ce-a71c-abe081543e5e:c5]
2019-07-14 06:53:04,228 INFO  client.GrpcClientProtocolClient (GrpcClientProtocolClient.java:onNext(255)) - client-A1028A79EB0A->b745b9d8-0e41-450a-b915-4099f41803a5: receive RaftClientReply:client-A1028A79EB0A->b745b9d8-0e41-450a-b915-4099f41803a5@group-CBF4CBA06C02, cid=166, SUCCESS, logIndex=10, commits[b745b9d8-0e41-450a-b915-4099f41803a5:c10, a89baacc-951e-4b02-9e01-bb62a6f8d36f:c8, 9506c4af-261b-48ce-a71c-abe081543e5e:c5]
2019-07-14 06:53:04,240 INFO  client.GrpcClientProtocolClient (GrpcClientProtocolClient.java:onNext(255)) - client-A1028A79EB0A->b745b9d8-0e41-450a-b915-4099f41803a5: receive RaftClientReply:client-A1028A79EB0A->b745b9d8-0e41-450a-b915-4099f41803a5@group-CBF4CBA06C02, cid=167, SUCCESS, logIndex=11, commits[b745b9d8-0e41-450a-b915-4099f41803a5:c12, a89baacc-951e-4b02-9e01-bb62a6f8d36f:c8, 9506c4af-261b-48ce-a71c-abe081543e5e:c8]
2019-07-14 06:53:04,240 INFO  client.GrpcClientProtocolClient (GrpcClientProtocolClient.java:onNext(255)) - client-A1028A79EB0A->b745b9d8-0e41-450a-b915-4099f41803a5: receive RaftClientReply:client-A1028A79EB0A->b745b9d8-0e41-450a-b915-4099f41803a5@group-CBF4CBA06C02, cid=168, SUCCESS, logIndex=12, commits[b745b9d8-0e41-450a-b915-4099f41803a5:c13, a89baacc-951e-4b02-9e01-bb62a6f8d36f:c8, 9506c4af-261b-48ce-a71c-abe081543e5e:c9]
2019-07-14 06:53:04,255 INFO  client.GrpcClientProtocolClient (GrpcClientProtocolClient.java:onNext(255)) - client-A1028A79EB0A->b745b9d8-0e41-450a-b915-4099f41803a5: receive RaftClientReply:client-A1028A79EB0A->b745b9d8-0e41-450a-b915-4099f41803a5@group-CBF4CBA06C02, cid=169, SUCCESS, logIndex=0, commits[b745b9d8-0e41-450a-b915-4099f41803a5:c16, a89baacc-951e-4b02-9e01-bb62a6f8d36f:c12, 9506c4af-261b-48ce-a71c-abe081543e5e:c12]
2019-07-14 06:53:04,257 INFO  client.GrpcClientProtocolClient (GrpcClientProtocolClient.java:onNext(255)) - client-A1028A79EB0A->b745b9d8-0e41-450a-b915-4099f41803a5: receive RaftClientReply:client-A1028A79EB0A->b745b9d8-0e41-450a-b915-4099f41803a5@group-CBF4CBA06C02, cid=170, SUCCESS, logIndex=0, commits[b745b9d8-0e41-450a-b915-4099f41803a5:c16, a89baacc-951e-4b02-9e01-bb62a6f8d36f:c12, 9506c4af-261b-48ce-a71c-abe081543e5e:c12]
2019-07-14 06:53:04,266 INFO  datanode.ObjectStoreHandler (ObjectStoreHandler.java:close(155)) - Closing ObjectStoreHandler.
2019-07-14 06:53:04,266 INFO  ozone.HddsDatanodeService (HddsDatanodeService.java:stop(452)) - Stopped plug-in org.apache.hadoop.ozone.web.OzoneHddsDatanodeService@57cfd353
2019-07-14 06:53:04,280 INFO  client.GrpcClientProtocolClient (GrpcClientProtocolClient.java:onNext(255)) - client-1A077AA421E2->61713fc7-dd46-4c26-82a5-6c983c62de7e: receive RaftClientReply:client-1A077AA421E2->61713fc7-dd46-4c26-82a5-6c983c62de7e@group-21806AE7903E, cid=171, FAILED org.apache.ratis.protocol.NotLeaderException: Server 61713fc7-dd46-4c26-82a5-6c983c62de7e is not the leader (bd478038-e945-461e-b90e-7e4a7365f088:192.168.5.144:42407). Request must be sent to leader., logIndex=0, commits[61713fc7-dd46-4c26-82a5-6c983c62de7e:c-1, bd478038-e945-461e-b90e-7e4a7365f088:c-1, 5ddcfedb-1ec3-4cbe-93cc-6dc9cf8e9a9b:c-1]
2019-07-14 06:53:04,404 INFO  statemachine.DatanodeStateMachine (DatanodeStateMachine.java:lambda$startDaemon$0(350)) - Ozone container server started.
2019-07-14 06:53:04,427 INFO  client.GrpcClientProtocolClient (GrpcClientProtocolClient.java:onNext(255)) - client-1A077AA421E2->bd478038-e945-461e-b90e-7e4a7365f088: receive RaftClientReply:client-1A077AA421E2->bd478038-e945-461e-b90e-7e4a7365f088@group-21806AE7903E, cid=171, SUCCESS, logIndex=1, commits[bd478038-e945-461e-b90e-7e4a7365f088:c1, 5ddcfedb-1ec3-4cbe-93cc-6dc9cf8e9a9b:c0, 61713fc7-dd46-4c26-82a5-6c983c62de7e:c0]
2019-07-14 06:53:04,532 INFO  client.GrpcClientProtocolClient (GrpcClientProtocolClient.java:onNext(255)) - client-1A077AA421E2->bd478038-e945-461e-b90e-7e4a7365f088: receive RaftClientReply:client-1A077AA421E2->bd478038-e945-461e-b90e-7e4a7365f088@group-21806AE7903E, cid=172, SUCCESS, logIndex=3, commits[bd478038-e945-461e-b90e-7e4a7365f088:c4, 5ddcfedb-1ec3-4cbe-93cc-6dc9cf8e9a9b:c3, 61713fc7-dd46-4c26-82a5-6c983c62de7e:c3]
2019-07-14 06:53:06,629 INFO  impl.FollowerState (FollowerState.java:run(106)) - 9bda9dad-fadd-43bb-a848-649d686737da:group-767F60FE3A80 changes to CANDIDATE, lastRpcTime:5183, electionTimeout:5183ms
2019-07-14 06:53:06,630 INFO  impl.RoleInfo (RoleInfo.java:shutdownFollowerState(121)) - 9bda9dad-fadd-43bb-a848-649d686737da: shutdown FollowerState
2019-07-14 06:53:06,630 INFO  impl.RaftServerImpl (RaftServerImpl.java:setRole(171)) - 9bda9dad-fadd-43bb-a848-649d686737da:group-767F60FE3A80 changes role from FOLLOWER to CANDIDATE at term 11 for changeToCandidate
2019-07-14 06:53:06,630 INFO  impl.RoleInfo (RoleInfo.java:updateAndGet(143)) - 9bda9dad-fadd-43bb-a848-649d686737da: start LeaderElection
2019-07-14 06:53:06,719 INFO  impl.LeaderElection (LeaderElection.java:askForVotes(181)) - 9bda9dad-fadd-43bb-a848-649d686737da:group-767F60FE3A80:LeaderElection88: begin an election at term 12 for 0: [ec8ecf58-59d7-498d-96c5-eba8c5551cd0:192.168.5.144:32783, d2125c14-bf5b-4a89-9656-01806452c152:192.168.5.144:36331, 9bda9dad-fadd-43bb-a848-649d686737da:192.168.5.144:44514], old=null
2019-07-14 06:53:06,720 INFO  impl.LeaderElection (LogUtils.java:infoOrTrace(149)) - 9bda9dad-fadd-43bb-a848-649d686737da:group-767F60FE3A80:LeaderElection88 got exception when requesting votes: {}
java.util.concurrent.ExecutionException: org.apache.ratis.thirdparty.io.grpc.StatusRuntimeException: UNAVAILABLE: io exception
	at java.util.concurrent.FutureTask.report(FutureTask.java:122)
	at java.util.concurrent.FutureTask.get(FutureTask.java:192)
	at org.apache.ratis.server.impl.LeaderElection.waitForResults(LeaderElection.java:262)
	at org.apache.ratis.server.impl.LeaderElection.askForVotes(LeaderElection.java:200)
	at org.apache.ratis.server.impl.LeaderElection.run(LeaderElection.java:130)
	at java.lang.Thread.run(Thread.java:748)
Caused by: org.apache.ratis.thirdparty.io.grpc.StatusRuntimeException: UNAVAILABLE: io exception
	at org.apache.ratis.thirdparty.io.grpc.stub.ClientCalls.toStatusRuntimeException(ClientCalls.java:233)
	at org.apache.ratis.thirdparty.io.grpc.stub.ClientCalls.getUnchecked(ClientCalls.java:214)
	at org.apache.ratis.thirdparty.io.grpc.stub.ClientCalls.blockingUnaryCall(ClientCalls.java:139)
	at org.apache.ratis.proto.grpc.RaftServerProtocolServiceGrpc$RaftServerProtocolServiceBlockingStub.requestVote(RaftServerProtocolServiceGrpc.java:265)
	at org.apache.ratis.grpc.server.GrpcServerProtocolClient.requestVote(GrpcServerProtocolClient.java:83)
	at org.apache.ratis.grpc.server.GrpcService.requestVote(GrpcService.java:195)
	at org.apache.ratis.server.impl.LeaderElection.lambda$submitRequests$1(LeaderElection.java:237)
	at java.util.concurrent.FutureTask.run(FutureTask.java:266)
	at java.util.concurrent.Executors$RunnableAdapter.call(Executors.java:511)
	at java.util.concurrent.FutureTask.run(FutureTask.java:266)
	at java.util.concurrent.ThreadPoolExecutor.runWorker(ThreadPoolExecutor.java:1149)
	at java.util.concurrent.ThreadPoolExecutor$Worker.run(ThreadPoolExecutor.java:624)
	... 1 more
Caused by: org.apache.ratis.thirdparty.io.netty.channel.AbstractChannel$AnnotatedConnectException: Connection refused: /192.168.5.144:36331
	at sun.nio.ch.SocketChannelImpl.checkConnect(Native Method)
	at sun.nio.ch.SocketChannelImpl.finishConnect(SocketChannelImpl.java:717)
	at org.apache.ratis.thirdparty.io.netty.channel.socket.nio.NioSocketChannel.doFinishConnect(NioSocketChannel.java:327)
	at org.apache.ratis.thirdparty.io.netty.channel.nio.AbstractNioChannel$AbstractNioUnsafe.finishConnect(AbstractNioChannel.java:340)
	at org.apache.ratis.thirdparty.io.netty.channel.nio.NioEventLoop.processSelectedKey(NioEventLoop.java:632)
	at org.apache.ratis.thirdparty.io.netty.channel.nio.NioEventLoop.processSelectedKeysOptimized(NioEventLoop.java:579)
	at org.apache.ratis.thirdparty.io.netty.channel.nio.NioEventLoop.processSelectedKeys(NioEventLoop.java:496)
	at org.apache.ratis.thirdparty.io.netty.channel.nio.NioEventLoop.run(NioEventLoop.java:458)
	at org.apache.ratis.thirdparty.io.netty.util.concurrent.SingleThreadEventExecutor$5.run(SingleThreadEventExecutor.java:897)
	at org.apache.ratis.thirdparty.io.netty.util.concurrent.FastThreadLocalRunnable.run(FastThreadLocalRunnable.java:30)
	... 1 more
Caused by: java.net.ConnectException: Connection refused
	... 11 more
2019-07-14 06:53:06,731 INFO  impl.LeaderElection (LogUtils.java:infoOrTrace(149)) - 9bda9dad-fadd-43bb-a848-649d686737da:group-767F60FE3A80:LeaderElection88 got exception when requesting votes: {}
java.util.concurrent.ExecutionException: org.apache.ratis.thirdparty.io.grpc.StatusRuntimeException: UNAVAILABLE: io exception
	at java.util.concurrent.FutureTask.report(FutureTask.java:122)
	at java.util.concurrent.FutureTask.get(FutureTask.java:192)
	at org.apache.ratis.server.impl.LeaderElection.waitForResults(LeaderElection.java:262)
	at org.apache.ratis.server.impl.LeaderElection.askForVotes(LeaderElection.java:200)
	at org.apache.ratis.server.impl.LeaderElection.run(LeaderElection.java:130)
	at java.lang.Thread.run(Thread.java:748)
Caused by: org.apache.ratis.thirdparty.io.grpc.StatusRuntimeException: UNAVAILABLE: io exception
	at org.apache.ratis.thirdparty.io.grpc.stub.ClientCalls.toStatusRuntimeException(ClientCalls.java:233)
	at org.apache.ratis.thirdparty.io.grpc.stub.ClientCalls.getUnchecked(ClientCalls.java:214)
	at org.apache.ratis.thirdparty.io.grpc.stub.ClientCalls.blockingUnaryCall(ClientCalls.java:139)
	at org.apache.ratis.proto.grpc.RaftServerProtocolServiceGrpc$RaftServerProtocolServiceBlockingStub.requestVote(RaftServerProtocolServiceGrpc.java:265)
	at org.apache.ratis.grpc.server.GrpcServerProtocolClient.requestVote(GrpcServerProtocolClient.java:83)
	at org.apache.ratis.grpc.server.GrpcService.requestVote(GrpcService.java:195)
	at org.apache.ratis.server.impl.LeaderElection.lambda$submitRequests$1(LeaderElection.java:237)
	at java.util.concurrent.FutureTask.run(FutureTask.java:266)
	at java.util.concurrent.Executors$RunnableAdapter.call(Executors.java:511)
	at java.util.concurrent.FutureTask.run(FutureTask.java:266)
	at java.util.concurrent.ThreadPoolExecutor.runWorker(ThreadPoolExecutor.java:1149)
	at java.util.concurrent.ThreadPoolExecutor$Worker.run(ThreadPoolExecutor.java:624)
	... 1 more
Caused by: org.apache.ratis.thirdparty.io.netty.channel.AbstractChannel$AnnotatedConnectException: Connection refused: /192.168.5.144:32783
	at sun.nio.ch.SocketChannelImpl.checkConnect(Native Method)
	at sun.nio.ch.SocketChannelImpl.finishConnect(SocketChannelImpl.java:717)
	at org.apache.ratis.thirdparty.io.netty.channel.socket.nio.NioSocketChannel.doFinishConnect(NioSocketChannel.java:327)
	at org.apache.ratis.thirdparty.io.netty.channel.nio.AbstractNioChannel$AbstractNioUnsafe.finishConnect(AbstractNioChannel.java:340)
	at org.apache.ratis.thirdparty.io.netty.channel.nio.NioEventLoop.processSelectedKey(NioEventLoop.java:632)
	at org.apache.ratis.thirdparty.io.netty.channel.nio.NioEventLoop.processSelectedKeysOptimized(NioEventLoop.java:579)
	at org.apache.ratis.thirdparty.io.netty.channel.nio.NioEventLoop.processSelectedKeys(NioEventLoop.java:496)
	at org.apache.ratis.thirdparty.io.netty.channel.nio.NioEventLoop.run(NioEventLoop.java:458)
	at org.apache.ratis.thirdparty.io.netty.util.concurrent.SingleThreadEventExecutor$5.run(SingleThreadEventExecutor.java:897)
	at org.apache.ratis.thirdparty.io.netty.util.concurrent.FastThreadLocalRunnable.run(FastThreadLocalRunnable.java:30)
	... 1 more
Caused by: java.net.ConnectException: Connection refused
	... 11 more
2019-07-14 06:53:06,740 INFO  impl.LeaderElection (LeaderElection.java:logAndReturn(56)) - 9bda9dad-fadd-43bb-a848-649d686737da:group-767F60FE3A80:LeaderElection88: Election REJECTED; received 0 response(s) [] and 2 exception(s); 9bda9dad-fadd-43bb-a848-649d686737da:t12, leader=null, voted=9bda9dad-fadd-43bb-a848-649d686737da, raftlog=9bda9dad-fadd-43bb-a848-649d686737da-SegmentedRaftLog:OPENED:c36,f36,i36, conf=0: [ec8ecf58-59d7-498d-96c5-eba8c5551cd0:192.168.5.144:32783, d2125c14-bf5b-4a89-9656-01806452c152:192.168.5.144:36331, 9bda9dad-fadd-43bb-a848-649d686737da:192.168.5.144:44514], old=null
2019-07-14 06:53:06,740 INFO  impl.LeaderElection (LogUtils.java:infoOrTrace(149)) -   Exception 0: {}
java.util.concurrent.ExecutionException: org.apache.ratis.thirdparty.io.grpc.StatusRuntimeException: UNAVAILABLE: io exception
	at java.util.concurrent.FutureTask.report(FutureTask.java:122)
	at java.util.concurrent.FutureTask.get(FutureTask.java:192)
	at org.apache.ratis.server.impl.LeaderElection.waitForResults(LeaderElection.java:262)
	at org.apache.ratis.server.impl.LeaderElection.askForVotes(LeaderElection.java:200)
	at org.apache.ratis.server.impl.LeaderElection.run(LeaderElection.java:130)
	at java.lang.Thread.run(Thread.java:748)
Caused by: org.apache.ratis.thirdparty.io.grpc.StatusRuntimeException: UNAVAILABLE: io exception
	at org.apache.ratis.thirdparty.io.grpc.stub.ClientCalls.toStatusRuntimeException(ClientCalls.java:233)
	at org.apache.ratis.thirdparty.io.grpc.stub.ClientCalls.getUnchecked(ClientCalls.java:214)
	at org.apache.ratis.thirdparty.io.grpc.stub.ClientCalls.blockingUnaryCall(ClientCalls.java:139)
	at org.apache.ratis.proto.grpc.RaftServerProtocolServiceGrpc$RaftServerProtocolServiceBlockingStub.requestVote(RaftServerProtocolServiceGrpc.java:265)
	at org.apache.ratis.grpc.server.GrpcServerProtocolClient.requestVote(GrpcServerProtocolClient.java:83)
	at org.apache.ratis.grpc.server.GrpcService.requestVote(GrpcService.java:195)
	at org.apache.ratis.server.impl.LeaderElection.lambda$submitRequests$1(LeaderElection.java:237)
	at java.util.concurrent.FutureTask.run(FutureTask.java:266)
	at java.util.concurrent.Executors$RunnableAdapter.call(Executors.java:511)
	at java.util.concurrent.FutureTask.run(FutureTask.java:266)
	at java.util.concurrent.ThreadPoolExecutor.runWorker(ThreadPoolExecutor.java:1149)
	at java.util.concurrent.ThreadPoolExecutor$Worker.run(ThreadPoolExecutor.java:624)
	... 1 more
Caused by: org.apache.ratis.thirdparty.io.netty.channel.AbstractChannel$AnnotatedConnectException: Connection refused: /192.168.5.144:36331
	at sun.nio.ch.SocketChannelImpl.checkConnect(Native Method)
	at sun.nio.ch.SocketChannelImpl.finishConnect(SocketChannelImpl.java:717)
	at org.apache.ratis.thirdparty.io.netty.channel.socket.nio.NioSocketChannel.doFinishConnect(NioSocketChannel.java:327)
	at org.apache.ratis.thirdparty.io.netty.channel.nio.AbstractNioChannel$AbstractNioUnsafe.finishConnect(AbstractNioChannel.java:340)
	at org.apache.ratis.thirdparty.io.netty.channel.nio.NioEventLoop.processSelectedKey(NioEventLoop.java:632)
	at org.apache.ratis.thirdparty.io.netty.channel.nio.NioEventLoop.processSelectedKeysOptimized(NioEventLoop.java:579)
	at org.apache.ratis.thirdparty.io.netty.channel.nio.NioEventLoop.processSelectedKeys(NioEventLoop.java:496)
	at org.apache.ratis.thirdparty.io.netty.channel.nio.NioEventLoop.run(NioEventLoop.java:458)
	at org.apache.ratis.thirdparty.io.netty.util.concurrent.SingleThreadEventExecutor$5.run(SingleThreadEventExecutor.java:897)
	at org.apache.ratis.thirdparty.io.netty.util.concurrent.FastThreadLocalRunnable.run(FastThreadLocalRunnable.java:30)
	... 1 more
Caused by: java.net.ConnectException: Connection refused
	... 11 more
2019-07-14 06:53:06,740 INFO  impl.LeaderElection (LogUtils.java:infoOrTrace(149)) -   Exception 1: {}
java.util.concurrent.ExecutionException: org.apache.ratis.thirdparty.io.grpc.StatusRuntimeException: UNAVAILABLE: io exception
	at java.util.concurrent.FutureTask.report(FutureTask.java:122)
	at java.util.concurrent.FutureTask.get(FutureTask.java:192)
	at org.apache.ratis.server.impl.LeaderElection.waitForResults(LeaderElection.java:262)
	at org.apache.ratis.server.impl.LeaderElection.askForVotes(LeaderElection.java:200)
	at org.apache.ratis.server.impl.LeaderElection.run(LeaderElection.java:130)
	at java.lang.Thread.run(Thread.java:748)
Caused by: org.apache.ratis.thirdparty.io.grpc.StatusRuntimeException: UNAVAILABLE: io exception
	at org.apache.ratis.thirdparty.io.grpc.stub.ClientCalls.toStatusRuntimeException(ClientCalls.java:233)
	at org.apache.ratis.thirdparty.io.grpc.stub.ClientCalls.getUnchecked(ClientCalls.java:214)
	at org.apache.ratis.thirdparty.io.grpc.stub.ClientCalls.blockingUnaryCall(ClientCalls.java:139)
	at org.apache.ratis.proto.grpc.RaftServerProtocolServiceGrpc$RaftServerProtocolServiceBlockingStub.requestVote(RaftServerProtocolServiceGrpc.java:265)
	at org.apache.ratis.grpc.server.GrpcServerProtocolClient.requestVote(GrpcServerProtocolClient.java:83)
	at org.apache.ratis.grpc.server.GrpcService.requestVote(GrpcService.java:195)
	at org.apache.ratis.server.impl.LeaderElection.lambda$submitRequests$1(LeaderElection.java:237)
	at java.util.concurrent.FutureTask.run(FutureTask.java:266)
	at java.util.concurrent.Executors$RunnableAdapter.call(Executors.java:511)
	at java.util.concurrent.FutureTask.run(FutureTask.java:266)
	at java.util.concurrent.ThreadPoolExecutor.runWorker(ThreadPoolExecutor.java:1149)
	at java.util.concurrent.ThreadPoolExecutor$Worker.run(ThreadPoolExecutor.java:624)
	... 1 more
Caused by: org.apache.ratis.thirdparty.io.netty.channel.AbstractChannel$AnnotatedConnectException: Connection refused: /192.168.5.144:32783
	at sun.nio.ch.SocketChannelImpl.checkConnect(Native Method)
	at sun.nio.ch.SocketChannelImpl.finishConnect(SocketChannelImpl.java:717)
	at org.apache.ratis.thirdparty.io.netty.channel.socket.nio.NioSocketChannel.doFinishConnect(NioSocketChannel.java:327)
	at org.apache.ratis.thirdparty.io.netty.channel.nio.AbstractNioChannel$AbstractNioUnsafe.finishConnect(AbstractNioChannel.java:340)
	at org.apache.ratis.thirdparty.io.netty.channel.nio.NioEventLoop.processSelectedKey(NioEventLoop.java:632)
	at org.apache.ratis.thirdparty.io.netty.channel.nio.NioEventLoop.processSelectedKeysOptimized(NioEventLoop.java:579)
	at org.apache.ratis.thirdparty.io.netty.channel.nio.NioEventLoop.processSelectedKeys(NioEventLoop.java:496)
	at org.apache.ratis.thirdparty.io.netty.channel.nio.NioEventLoop.run(NioEventLoop.java:458)
	at org.apache.ratis.thirdparty.io.netty.util.concurrent.SingleThreadEventExecutor$5.run(SingleThreadEventExecutor.java:897)
	at org.apache.ratis.thirdparty.io.netty.util.concurrent.FastThreadLocalRunnable.run(FastThreadLocalRunnable.java:30)
	... 1 more
Caused by: java.net.ConnectException: Connection refused
	... 11 more
2019-07-14 06:53:06,740 INFO  impl.RaftServerImpl (RaftServerImpl.java:setRole(171)) - 9bda9dad-fadd-43bb-a848-649d686737da:group-767F60FE3A80 changes role from CANDIDATE to FOLLOWER at term 12 for DISCOVERED_A_NEW_TERM
2019-07-14 06:53:06,741 INFO  impl.RoleInfo (RoleInfo.java:shutdownLeaderElection(134)) - 9bda9dad-fadd-43bb-a848-649d686737da: shutdown LeaderElection
2019-07-14 06:53:06,741 INFO  impl.RoleInfo (RoleInfo.java:updateAndGet(143)) - 9bda9dad-fadd-43bb-a848-649d686737da: start FollowerState
2019-07-14 06:53:06,845 INFO  node.StaleNodeHandler (StaleNodeHandler.java:onMessage(58)) - Datanode 61713fc7-dd46-4c26-82a5-6c983c62de7e{ip: 192.168.5.144, host: trunk-nightly-8c95p-1540871953, networkLocation: /default-rack, certSerialId: null} moved to stale state. Finalizing its pipelines [PipelineID=2d5447af-42fa-413c-b9e8-21806ae7903e, PipelineID=4582a955-2808-454b-bd48-aa19911c5ad7]
2019-07-14 06:53:06,845 INFO  pipeline.SCMPipelineManager (SCMPipelineManager.java:finalizeAndDestroyPipeline(309)) - destroying pipeline:Pipeline[ Id: 2d5447af-42fa-413c-b9e8-21806ae7903e, Nodes: 61713fc7-dd46-4c26-82a5-6c983c62de7e{ip: 192.168.5.144, host: trunk-nightly-8c95p-1540871953, networkLocation: /default-rack, certSerialId: null}5ddcfedb-1ec3-4cbe-93cc-6dc9cf8e9a9b{ip: 192.168.5.144, host: trunk-nightly-8c95p-1540871953, networkLocation: /default-rack, certSerialId: null}bd478038-e945-461e-b90e-7e4a7365f088{ip: 192.168.5.144, host: trunk-nightly-8c95p-1540871953, networkLocation: /default-rack, certSerialId: null}, Type:RATIS, Factor:THREE, State:OPEN]
2019-07-14 06:53:06,845 INFO  pipeline.PipelineStateManager (PipelineStateManager.java:finalizePipeline(123)) - Pipeline Pipeline[ Id: 2d5447af-42fa-413c-b9e8-21806ae7903e, Nodes: 61713fc7-dd46-4c26-82a5-6c983c62de7e{ip: 192.168.5.144, host: trunk-nightly-8c95p-1540871953, networkLocation: /default-rack, certSerialId: null}5ddcfedb-1ec3-4cbe-93cc-6dc9cf8e9a9b{ip: 192.168.5.144, host: trunk-nightly-8c95p-1540871953, networkLocation: /default-rack, certSerialId: null}bd478038-e945-461e-b90e-7e4a7365f088{ip: 192.168.5.144, host: trunk-nightly-8c95p-1540871953, networkLocation: /default-rack, certSerialId: null}, Type:RATIS, Factor:THREE, State:CLOSED] moved to CLOSED state
2019-07-14 06:53:06,846 INFO  pipeline.SCMPipelineManager (SCMPipelineManager.java:finalizeAndDestroyPipeline(309)) - destroying pipeline:Pipeline[ Id: 4582a955-2808-454b-bd48-aa19911c5ad7, Nodes: 61713fc7-dd46-4c26-82a5-6c983c62de7e{ip: 192.168.5.144, host: trunk-nightly-8c95p-1540871953, networkLocation: /default-rack, certSerialId: null}, Type:RATIS, Factor:ONE, State:OPEN]
2019-07-14 06:53:06,846 INFO  container.CloseContainerEventHandler (CloseContainerEventHandler.java:onMessage(61)) - Close container Event triggered for container : #2
2019-07-14 06:53:06,846 INFO  pipeline.PipelineStateManager (PipelineStateManager.java:finalizePipeline(123)) - Pipeline Pipeline[ Id: 4582a955-2808-454b-bd48-aa19911c5ad7, Nodes: 61713fc7-dd46-4c26-82a5-6c983c62de7e{ip: 192.168.5.144, host: trunk-nightly-8c95p-1540871953, networkLocation: /default-rack, certSerialId: null}, Type:RATIS, Factor:ONE, State:CLOSED] moved to CLOSED state
2019-07-14 06:53:08,079 INFO  impl.FollowerState (FollowerState.java:run(106)) - da343c1c-8367-46f5-a9ef-bb79fda7b344:group-8D33B243C8F8 changes to CANDIDATE, lastRpcTime:5084, electionTimeout:5084ms
2019-07-14 06:53:08,079 INFO  impl.RoleInfo (RoleInfo.java:shutdownFollowerState(121)) - da343c1c-8367-46f5-a9ef-bb79fda7b344: shutdown FollowerState
2019-07-14 06:53:08,079 INFO  impl.RaftServerImpl (RaftServerImpl.java:setRole(171)) - da343c1c-8367-46f5-a9ef-bb79fda7b344:group-8D33B243C8F8 changes role from FOLLOWER to CANDIDATE at term 7 for changeToCandidate
2019-07-14 06:53:08,080 INFO  impl.RoleInfo (RoleInfo.java:updateAndGet(143)) - da343c1c-8367-46f5-a9ef-bb79fda7b344: start LeaderElection
2019-07-14 06:53:08,096 INFO  impl.LeaderElection (LeaderElection.java:askForVotes(181)) - da343c1c-8367-46f5-a9ef-bb79fda7b344:group-8D33B243C8F8:LeaderElection89: begin an election at term 8 for 0: [da343c1c-8367-46f5-a9ef-bb79fda7b344:192.168.5.144:32905, a4c24659-6a6f-404d-a8b7-ecfa7e5f7d9a:192.168.5.144:37316, ff1ab4d3-cbe6-48f1-9b56-d6e99bbeb9d5:192.168.5.144:39240], old=null
2019-07-14 06:53:08,097 INFO  impl.LeaderElection (LogUtils.java:infoOrTrace(149)) - da343c1c-8367-46f5-a9ef-bb79fda7b344:group-8D33B243C8F8:LeaderElection89 got exception when requesting votes: {}
java.util.concurrent.ExecutionException: org.apache.ratis.thirdparty.io.grpc.StatusRuntimeException: UNAVAILABLE: io exception
	at java.util.concurrent.FutureTask.report(FutureTask.java:122)
	at java.util.concurrent.FutureTask.get(FutureTask.java:192)
	at org.apache.ratis.server.impl.LeaderElection.waitForResults(LeaderElection.java:262)
	at org.apache.ratis.server.impl.LeaderElection.askForVotes(LeaderElection.java:200)
	at org.apache.ratis.server.impl.LeaderElection.run(LeaderElection.java:130)
	at java.lang.Thread.run(Thread.java:748)
Caused by: org.apache.ratis.thirdparty.io.grpc.StatusRuntimeException: UNAVAILABLE: io exception
	at org.apache.ratis.thirdparty.io.grpc.stub.ClientCalls.toStatusRuntimeException(ClientCalls.java:233)
	at org.apache.ratis.thirdparty.io.grpc.stub.ClientCalls.getUnchecked(ClientCalls.java:214)
	at org.apache.ratis.thirdparty.io.grpc.stub.ClientCalls.blockingUnaryCall(ClientCalls.java:139)
	at org.apache.ratis.proto.grpc.RaftServerProtocolServiceGrpc$RaftServerProtocolServiceBlockingStub.requestVote(RaftServerProtocolServiceGrpc.java:265)
	at org.apache.ratis.grpc.server.GrpcServerProtocolClient.requestVote(GrpcServerProtocolClient.java:83)
	at org.apache.ratis.grpc.server.GrpcService.requestVote(GrpcService.java:195)
	at org.apache.ratis.server.impl.LeaderElection.lambda$submitRequests$1(LeaderElection.java:237)
	at java.util.concurrent.FutureTask.run(FutureTask.java:266)
	at java.util.concurrent.Executors$RunnableAdapter.call(Executors.java:511)
	at java.util.concurrent.FutureTask.run(FutureTask.java:266)
	at java.util.concurrent.ThreadPoolExecutor.runWorker(ThreadPoolExecutor.java:1149)
	at java.util.concurrent.ThreadPoolExecutor$Worker.run(ThreadPoolExecutor.java:624)
	... 1 more
Caused by: org.apache.ratis.thirdparty.io.netty.channel.AbstractChannel$AnnotatedConnectException: Connection refused: /192.168.5.144:37316
	at sun.nio.ch.SocketChannelImpl.checkConnect(Native Method)
	at sun.nio.ch.SocketChannelImpl.finishConnect(SocketChannelImpl.java:717)
	at org.apache.ratis.thirdparty.io.netty.channel.socket.nio.NioSocketChannel.doFinishConnect(NioSocketChannel.java:327)
	at org.apache.ratis.thirdparty.io.netty.channel.nio.AbstractNioChannel$AbstractNioUnsafe.finishConnect(AbstractNioChannel.java:340)
	at org.apache.ratis.thirdparty.io.netty.channel.nio.NioEventLoop.processSelectedKey(NioEventLoop.java:632)
	at org.apache.ratis.thirdparty.io.netty.channel.nio.NioEventLoop.processSelectedKeysOptimized(NioEventLoop.java:579)
	at org.apache.ratis.thirdparty.io.netty.channel.nio.NioEventLoop.processSelectedKeys(NioEventLoop.java:496)
	at org.apache.ratis.thirdparty.io.netty.channel.nio.NioEventLoop.run(NioEventLoop.java:458)
	at org.apache.ratis.thirdparty.io.netty.util.concurrent.SingleThreadEventExecutor$5.run(SingleThreadEventExecutor.java:897)
	at org.apache.ratis.thirdparty.io.netty.util.concurrent.FastThreadLocalRunnable.run(FastThreadLocalRunnable.java:30)
	... 1 more
Caused by: java.net.ConnectException: Connection refused
	... 11 more
2019-07-14 06:53:08,109 INFO  impl.LeaderElection (LogUtils.java:infoOrTrace(149)) - da343c1c-8367-46f5-a9ef-bb79fda7b344:group-8D33B243C8F8:LeaderElection89 got exception when requesting votes: {}
java.util.concurrent.ExecutionException: org.apache.ratis.thirdparty.io.grpc.StatusRuntimeException: UNAVAILABLE: io exception
	at java.util.concurrent.FutureTask.report(FutureTask.java:122)
	at java.util.concurrent.FutureTask.get(FutureTask.java:192)
	at org.apache.ratis.server.impl.LeaderElection.waitForResults(LeaderElection.java:262)
	at org.apache.ratis.server.impl.LeaderElection.askForVotes(LeaderElection.java:200)
	at org.apache.ratis.server.impl.LeaderElection.run(LeaderElection.java:130)
	at java.lang.Thread.run(Thread.java:748)
Caused by: org.apache.ratis.thirdparty.io.grpc.StatusRuntimeException: UNAVAILABLE: io exception
	at org.apache.ratis.thirdparty.io.grpc.stub.ClientCalls.toStatusRuntimeException(ClientCalls.java:233)
	at org.apache.ratis.thirdparty.io.grpc.stub.ClientCalls.getUnchecked(ClientCalls.java:214)
	at org.apache.ratis.thirdparty.io.grpc.stub.ClientCalls.blockingUnaryCall(ClientCalls.java:139)
	at org.apache.ratis.proto.grpc.RaftServerProtocolServiceGrpc$RaftServerProtocolServiceBlockingStub.requestVote(RaftServerProtocolServiceGrpc.java:265)
	at org.apache.ratis.grpc.server.GrpcServerProtocolClient.requestVote(GrpcServerProtocolClient.java:83)
	at org.apache.ratis.grpc.server.GrpcService.requestVote(GrpcService.java:195)
	at org.apache.ratis.server.impl.LeaderElection.lambda$submitRequests$1(LeaderElection.java:237)
	at java.util.concurrent.FutureTask.run(FutureTask.java:266)
	at java.util.concurrent.Executors$RunnableAdapter.call(Executors.java:511)
	at java.util.concurrent.FutureTask.run(FutureTask.java:266)
	at java.util.concurrent.ThreadPoolExecutor.runWorker(ThreadPoolExecutor.java:1149)
	at java.util.concurrent.ThreadPoolExecutor$Worker.run(ThreadPoolExecutor.java:624)
	... 1 more
Caused by: org.apache.ratis.thirdparty.io.netty.channel.AbstractChannel$AnnotatedConnectException: Connection refused: /192.168.5.144:39240
	at sun.nio.ch.SocketChannelImpl.checkConnect(Native Method)
	at sun.nio.ch.SocketChannelImpl.finishConnect(SocketChannelImpl.java:717)
	at org.apache.ratis.thirdparty.io.netty.channel.socket.nio.NioSocketChannel.doFinishConnect(NioSocketChannel.java:327)
	at org.apache.ratis.thirdparty.io.netty.channel.nio.AbstractNioChannel$AbstractNioUnsafe.finishConnect(AbstractNioChannel.java:340)
	at org.apache.ratis.thirdparty.io.netty.channel.nio.NioEventLoop.processSelectedKey(NioEventLoop.java:632)
	at org.apache.ratis.thirdparty.io.netty.channel.nio.NioEventLoop.processSelectedKeysOptimized(NioEventLoop.java:579)
	at org.apache.ratis.thirdparty.io.netty.channel.nio.NioEventLoop.processSelectedKeys(NioEventLoop.java:496)
	at org.apache.ratis.thirdparty.io.netty.channel.nio.NioEventLoop.run(NioEventLoop.java:458)
	at org.apache.ratis.thirdparty.io.netty.util.concurrent.SingleThreadEventExecutor$5.run(SingleThreadEventExecutor.java:897)
	at org.apache.ratis.thirdparty.io.netty.util.concurrent.FastThreadLocalRunnable.run(FastThreadLocalRunnable.java:30)
	... 1 more
Caused by: java.net.ConnectException: Connection refused
	... 11 more
2019-07-14 06:53:08,121 INFO  impl.LeaderElection (LeaderElection.java:logAndReturn(56)) - da343c1c-8367-46f5-a9ef-bb79fda7b344:group-8D33B243C8F8:LeaderElection89: Election REJECTED; received 0 response(s) [] and 2 exception(s); da343c1c-8367-46f5-a9ef-bb79fda7b344:t8, leader=null, voted=da343c1c-8367-46f5-a9ef-bb79fda7b344, raftlog=da343c1c-8367-46f5-a9ef-bb79fda7b344-SegmentedRaftLog:OPENED:c0,f0,i0, conf=0: [da343c1c-8367-46f5-a9ef-bb79fda7b344:192.168.5.144:32905, a4c24659-6a6f-404d-a8b7-ecfa7e5f7d9a:192.168.5.144:37316, ff1ab4d3-cbe6-48f1-9b56-d6e99bbeb9d5:192.168.5.144:39240], old=null
2019-07-14 06:53:08,121 INFO  impl.LeaderElection (LogUtils.java:infoOrTrace(149)) -   Exception 0: {}
java.util.concurrent.ExecutionException: org.apache.ratis.thirdparty.io.grpc.StatusRuntimeException: UNAVAILABLE: io exception
	at java.util.concurrent.FutureTask.report(FutureTask.java:122)
	at java.util.concurrent.FutureTask.get(FutureTask.java:192)
	at org.apache.ratis.server.impl.LeaderElection.waitForResults(LeaderElection.java:262)
	at org.apache.ratis.server.impl.LeaderElection.askForVotes(LeaderElection.java:200)
	at org.apache.ratis.server.impl.LeaderElection.run(LeaderElection.java:130)
	at java.lang.Thread.run(Thread.java:748)
Caused by: org.apache.ratis.thirdparty.io.grpc.StatusRuntimeException: UNAVAILABLE: io exception
	at org.apache.ratis.thirdparty.io.grpc.stub.ClientCalls.toStatusRuntimeException(ClientCalls.java:233)
	at org.apache.ratis.thirdparty.io.grpc.stub.ClientCalls.getUnchecked(ClientCalls.java:214)
	at org.apache.ratis.thirdparty.io.grpc.stub.ClientCalls.blockingUnaryCall(ClientCalls.java:139)
	at org.apache.ratis.proto.grpc.RaftServerProtocolServiceGrpc$RaftServerProtocolServiceBlockingStub.requestVote(RaftServerProtocolServiceGrpc.java:265)
	at org.apache.ratis.grpc.server.GrpcServerProtocolClient.requestVote(GrpcServerProtocolClient.java:83)
	at org.apache.ratis.grpc.server.GrpcService.requestVote(GrpcService.java:195)
	at org.apache.ratis.server.impl.LeaderElection.lambda$submitRequests$1(LeaderElection.java:237)
	at java.util.concurrent.FutureTask.run(FutureTask.java:266)
	at java.util.concurrent.Executors$RunnableAdapter.call(Executors.java:511)
	at java.util.concurrent.FutureTask.run(FutureTask.java:266)
	at java.util.concurrent.ThreadPoolExecutor.runWorker(ThreadPoolExecutor.java:1149)
	at java.util.concurrent.ThreadPoolExecutor$Worker.run(ThreadPoolExecutor.java:624)
	... 1 more
Caused by: org.apache.ratis.thirdparty.io.netty.channel.AbstractChannel$AnnotatedConnectException: Connection refused: /192.168.5.144:37316
	at sun.nio.ch.SocketChannelImpl.checkConnect(Native Method)
	at sun.nio.ch.SocketChannelImpl.finishConnect(SocketChannelImpl.java:717)
	at org.apache.ratis.thirdparty.io.netty.channel.socket.nio.NioSocketChannel.doFinishConnect(NioSocketChannel.java:327)
	at org.apache.ratis.thirdparty.io.netty.channel.nio.AbstractNioChannel$AbstractNioUnsafe.finishConnect(AbstractNioChannel.java:340)
	at org.apache.ratis.thirdparty.io.netty.channel.nio.NioEventLoop.processSelectedKey(NioEventLoop.java:632)
	at org.apache.ratis.thirdparty.io.netty.channel.nio.NioEventLoop.processSelectedKeysOptimized(NioEventLoop.java:579)
	at org.apache.ratis.thirdparty.io.netty.channel.nio.NioEventLoop.processSelectedKeys(NioEventLoop.java:496)
	at org.apache.ratis.thirdparty.io.netty.channel.nio.NioEventLoop.run(NioEventLoop.java:458)
	at org.apache.ratis.thirdparty.io.netty.util.concurrent.SingleThreadEventExecutor$5.run(SingleThreadEventExecutor.java:897)
	at org.apache.ratis.thirdparty.io.netty.util.concurrent.FastThreadLocalRunnable.run(FastThreadLocalRunnable.java:30)
	... 1 more
Caused by: java.net.ConnectException: Connection refused
	... 11 more
2019-07-14 06:53:08,122 INFO  impl.LeaderElection (LogUtils.java:infoOrTrace(149)) -   Exception 1: {}
java.util.concurrent.ExecutionException: org.apache.ratis.thirdparty.io.grpc.StatusRuntimeException: UNAVAILABLE: io exception
	at java.util.concurrent.FutureTask.report(FutureTask.java:122)
	at java.util.concurrent.FutureTask.get(FutureTask.java:192)
	at org.apache.ratis.server.impl.LeaderElection.waitForResults(LeaderElection.java:262)
	at org.apache.ratis.server.impl.LeaderElection.askForVotes(LeaderElection.java:200)
	at org.apache.ratis.server.impl.LeaderElection.run(LeaderElection.java:130)
	at java.lang.Thread.run(Thread.java:748)
Caused by: org.apache.ratis.thirdparty.io.grpc.StatusRuntimeException: UNAVAILABLE: io exception
	at org.apache.ratis.thirdparty.io.grpc.stub.ClientCalls.toStatusRuntimeException(ClientCalls.java:233)
	at org.apache.ratis.thirdparty.io.grpc.stub.ClientCalls.getUnchecked(ClientCalls.java:214)
	at org.apache.ratis.thirdparty.io.grpc.stub.ClientCalls.blockingUnaryCall(ClientCalls.java:139)
	at org.apache.ratis.proto.grpc.RaftServerProtocolServiceGrpc$RaftServerProtocolServiceBlockingStub.requestVote(RaftServerProtocolServiceGrpc.java:265)
	at org.apache.ratis.grpc.server.GrpcServerProtocolClient.requestVote(GrpcServerProtocolClient.java:83)
	at org.apache.ratis.grpc.server.GrpcService.requestVote(GrpcService.java:195)
	at org.apache.ratis.server.impl.LeaderElection.lambda$submitRequests$1(LeaderElection.java:237)
	at java.util.concurrent.FutureTask.run(FutureTask.java:266)
	at java.util.concurrent.Executors$RunnableAdapter.call(Executors.java:511)
	at java.util.concurrent.FutureTask.run(FutureTask.java:266)
	at java.util.concurrent.ThreadPoolExecutor.runWorker(ThreadPoolExecutor.java:1149)
	at java.util.concurrent.ThreadPoolExecutor$Worker.run(ThreadPoolExecutor.java:624)
	... 1 more
Caused by: org.apache.ratis.thirdparty.io.netty.channel.AbstractChannel$AnnotatedConnectException: Connection refused: /192.168.5.144:39240
	at sun.nio.ch.SocketChannelImpl.checkConnect(Native Method)
	at sun.nio.ch.SocketChannelImpl.finishConnect(SocketChannelImpl.java:717)
	at org.apache.ratis.thirdparty.io.netty.channel.socket.nio.NioSocketChannel.doFinishConnect(NioSocketChannel.java:327)
	at org.apache.ratis.thirdparty.io.netty.channel.nio.AbstractNioChannel$AbstractNioUnsafe.finishConnect(AbstractNioChannel.java:340)
	at org.apache.ratis.thirdparty.io.netty.channel.nio.NioEventLoop.processSelectedKey(NioEventLoop.java:632)
	at org.apache.ratis.thirdparty.io.netty.channel.nio.NioEventLoop.processSelectedKeysOptimized(NioEventLoop.java:579)
	at org.apache.ratis.thirdparty.io.netty.channel.nio.NioEventLoop.processSelectedKeys(NioEventLoop.java:496)
	at org.apache.ratis.thirdparty.io.netty.channel.nio.NioEventLoop.run(NioEventLoop.java:458)
	at org.apache.ratis.thirdparty.io.netty.util.concurrent.SingleThreadEventExecutor$5.run(SingleThreadEventExecutor.java:897)
	at org.apache.ratis.thirdparty.io.netty.util.concurrent.FastThreadLocalRunnable.run(FastThreadLocalRunnable.java:30)
	... 1 more
Caused by: java.net.ConnectException: Connection refused
	... 11 more
2019-07-14 06:53:08,122 INFO  impl.RaftServerImpl (RaftServerImpl.java:setRole(171)) - da343c1c-8367-46f5-a9ef-bb79fda7b344:group-8D33B243C8F8 changes role from CANDIDATE to FOLLOWER at term 8 for DISCOVERED_A_NEW_TERM
2019-07-14 06:53:08,122 INFO  impl.RoleInfo (RoleInfo.java:shutdownLeaderElection(134)) - da343c1c-8367-46f5-a9ef-bb79fda7b344: shutdown LeaderElection
2019-07-14 06:53:08,122 INFO  impl.RoleInfo (RoleInfo.java:updateAndGet(143)) - da343c1c-8367-46f5-a9ef-bb79fda7b344: start FollowerState
2019-07-14 06:53:08,437 INFO  interfaces.Container (KeyValueContainer.java:compactDB(356)) - Container 2 is closed with bcsId 3.
2019-07-14 06:53:08,458 INFO  interfaces.Container (KeyValueContainer.java:compactDB(356)) - Container 2 is closed with bcsId 3.
2019-07-14 06:53:08,460 INFO  interfaces.Container (KeyValueContainer.java:compactDB(356)) - Container 2 is closed with bcsId 3.
2019-07-14 06:53:09,267 INFO  ozoneimpl.OzoneContainer (OzoneContainer.java:stop(199)) - Attempting to stop container services.
2019-07-14 06:53:09,268 INFO  impl.RaftServerProxy (RaftServerProxy.java:lambda$close$4(314)) - 61713fc7-dd46-4c26-82a5-6c983c62de7e: close
2019-07-14 06:53:09,268 INFO  impl.RaftServerImpl (RaftServerImpl.java:lambda$shutdown$3(245)) - 61713fc7-dd46-4c26-82a5-6c983c62de7e: shutdown group-21806AE7903E
2019-07-14 06:53:09,269 INFO  util.JmxRegister (JmxRegister.java:unregister(73)) - Successfully un-registered JMX Bean with object name Ratis:service=RaftServer,group=group-21806AE7903E,id=61713fc7-dd46-4c26-82a5-6c983c62de7e
2019-07-14 06:53:09,269 INFO  impl.RoleInfo (RoleInfo.java:shutdownFollowerState(121)) - 61713fc7-dd46-4c26-82a5-6c983c62de7e: shutdown FollowerState
2019-07-14 06:53:09,269 INFO  impl.StateMachineUpdater (StateMachineUpdater.java:stopAndJoin(115)) - StateMachineUpdater:61713fc7-dd46-4c26-82a5-6c983c62de7e:group-21806AE7903E: set stopIndex = 5
2019-07-14 06:53:09,269 INFO  ratis.ContainerStateMachine (ContainerStateMachine.java:takeSnapshot(249)) - group-21806AE7903E: Taking a snapshot at:(t:1, i:5) file /tmp/workdir/hadoop-ozone/integration-test/target/test-dir/MiniOzoneClusterImpl-776fdfe4-e945-493d-a146-da517978dac5/datanode-0/data/ratis/2d5447af-42fa-413c-b9e8-21806ae7903e/sm/snapshot.1_5
2019-07-14 06:53:09,269 INFO  impl.FollowerState (FollowerState.java:run(114)) - 61713fc7-dd46-4c26-82a5-6c983c62de7e: FollowerState was interrupted: java.lang.InterruptedException: sleep interrupted
2019-07-14 06:53:09,270 INFO  ratis.ContainerStateMachine (ContainerStateMachine.java:takeSnapshot(257)) - group-21806AE7903E: Finished taking a snapshot at:(t:1, i:5) file:/tmp/workdir/hadoop-ozone/integration-test/target/test-dir/MiniOzoneClusterImpl-776fdfe4-e945-493d-a146-da517978dac5/datanode-0/data/ratis/2d5447af-42fa-413c-b9e8-21806ae7903e/sm/snapshot.1_5 time:1
2019-07-14 06:53:09,270 INFO  impl.StateMachineUpdater (StateMachineUpdater.java:takeSnapshot(242)) - StateMachineUpdater:61713fc7-dd46-4c26-82a5-6c983c62de7e:group-21806AE7903E: Took a snapshot at index 5
2019-07-14 06:53:09,270 INFO  impl.StateMachineUpdater (StateMachineUpdater.java:lambda$new$0(80)) - StateMachineUpdater:61713fc7-dd46-4c26-82a5-6c983c62de7e:group-21806AE7903E: snapshotIndex: updateIncreasingly -1 -> 5
2019-07-14 06:53:09,271 INFO  impl.RaftServerImpl (ServerState.java:close(394)) - 61713fc7-dd46-4c26-82a5-6c983c62de7e:group-21806AE7903E closes. The last applied log index is 5
2019-07-14 06:53:09,271 INFO  segmented.SegmentedRaftLogWorker (SegmentedRaftLogWorker.java:run(313)) - 61713fc7-dd46-4c26-82a5-6c983c62de7e-SegmentedRaftLogWorker:Storage Directory /tmp/workdir/hadoop-ozone/integration-test/target/test-dir/MiniOzoneClusterImpl-776fdfe4-e945-493d-a146-da517978dac5/datanode-0/data/ratis/2d5447af-42fa-413c-b9e8-21806ae7903e was interrupted, exiting. There are 0 tasks remaining in the queue.
2019-07-14 06:53:09,283 INFO  segmented.SegmentedRaftLogWorker (SegmentedRaftLogWorker.java:close(228)) - 61713fc7-dd46-4c26-82a5-6c983c62de7e-SegmentedRaftLogWorker:Storage Directory /tmp/workdir/hadoop-ozone/integration-test/target/test-dir/MiniOzoneClusterImpl-776fdfe4-e945-493d-a146-da517978dac5/datanode-0/data/ratis/2d5447af-42fa-413c-b9e8-21806ae7903e close()
2019-07-14 06:53:09,296 INFO  impl.RaftServerImpl (RaftServerImpl.java:lambda$shutdown$3(245)) - 61713fc7-dd46-4c26-82a5-6c983c62de7e: shutdown group-AA19911C5AD7
2019-07-14 06:53:09,297 INFO  util.JmxRegister (JmxRegister.java:unregister(73)) - Successfully un-registered JMX Bean with object name Ratis:service=RaftServer,group=group-AA19911C5AD7,id=61713fc7-dd46-4c26-82a5-6c983c62de7e
2019-07-14 06:53:09,297 INFO  impl.RoleInfo (RoleInfo.java:shutdownLeaderState(104)) - 61713fc7-dd46-4c26-82a5-6c983c62de7e: shutdown LeaderState
2019-07-14 06:53:09,297 INFO  impl.PendingRequests (PendingRequests.java:sendNotLeaderResponses(202)) - 61713fc7-dd46-4c26-82a5-6c983c62de7e-PendingRequests: sendNotLeaderResponses
2019-07-14 06:53:09,298 INFO  impl.StateMachineUpdater (StateMachineUpdater.java:stopAndJoin(115)) - StateMachineUpdater:61713fc7-dd46-4c26-82a5-6c983c62de7e:group-AA19911C5AD7: set stopIndex = 0
2019-07-14 06:53:09,298 INFO  impl.RaftServerImpl (ServerState.java:close(394)) - 61713fc7-dd46-4c26-82a5-6c983c62de7e:group-AA19911C5AD7 closes. The last applied log index is 0
2019-07-14 06:53:09,298 INFO  segmented.SegmentedRaftLogWorker (SegmentedRaftLogWorker.java:run(313)) - 61713fc7-dd46-4c26-82a5-6c983c62de7e-SegmentedRaftLogWorker:Storage Directory /tmp/workdir/hadoop-ozone/integration-test/target/test-dir/MiniOzoneClusterImpl-776fdfe4-e945-493d-a146-da517978dac5/datanode-0/data/ratis/4582a955-2808-454b-bd48-aa19911c5ad7 was interrupted, exiting. There are 0 tasks remaining in the queue.
2019-07-14 06:53:09,305 INFO  segmented.SegmentedRaftLogWorker (SegmentedRaftLogWorker.java:close(228)) - 61713fc7-dd46-4c26-82a5-6c983c62de7e-SegmentedRaftLogWorker:Storage Directory /tmp/workdir/hadoop-ozone/integration-test/target/test-dir/MiniOzoneClusterImpl-776fdfe4-e945-493d-a146-da517978dac5/datanode-0/data/ratis/4582a955-2808-454b-bd48-aa19911c5ad7 close()
2019-07-14 06:53:09,317 INFO  server.GrpcService (GrpcService.java:closeImpl(155)) - 61713fc7-dd46-4c26-82a5-6c983c62de7e: shutdown server with port 33303 now
2019-07-14 06:53:09,337 INFO  server.GrpcService (GrpcService.java:closeImpl(163)) - 61713fc7-dd46-4c26-82a5-6c983c62de7e: shutdown server with port 33303 successfully
2019-07-14 06:53:09,337 WARN  server.GrpcLogAppender (LogUtils.java:warn(134)) - bd478038-e945-461e-b90e-7e4a7365f088->61713fc7-dd46-4c26-82a5-6c983c62de7e: Failed appendEntries: org.apache.ratis.thirdparty.io.grpc.StatusRuntimeException: CANCELLED: HTTP/2 error code: CANCEL
Received Rst Stream
2019-07-14 06:53:09,337 WARN  server.GrpcServerProtocolService (LogUtils.java:warn(134)) - 61713fc7-dd46-4c26-82a5-6c983c62de7e: appendEntries onError: org.apache.ratis.thirdparty.io.grpc.StatusRuntimeException: CANCELLED: cancelled before receiving half close
2019-07-14 06:53:09,345 INFO  impl.FollowerInfo (FollowerInfo.java:lambda$new$0(50)) - bd478038-e945-461e-b90e-7e4a7365f088->61713fc7-dd46-4c26-82a5-6c983c62de7e: nextIndex: updateUnconditionally 7 -> 6
2019-07-14 06:53:09,345 INFO  utils.BackgroundService (BackgroundService.java:shutdown(148)) - Shutting down service BlockDeletingService
2019-07-14 06:53:09,346 WARN  fs.CachingGetSpaceUsed (CachingGetSpaceUsed.java:run(183)) - Thread Interrupted waiting to refresh disk information: sleep interrupted
2019-07-14 06:53:09,381 INFO  statemachine.DatanodeStateMachine (DatanodeStateMachine.java:stopDaemon(395)) - Ozone container server stopped.
2019-07-14 06:53:09,382 INFO  handler.ContextHandler (ContextHandler.java:doStop(910)) - Stopped o.e.j.w.WebAppContext@22277482{/,null,UNAVAILABLE}{/hddsDatanode}
2019-07-14 06:53:09,382 INFO  server.AbstractConnector (AbstractConnector.java:doStop(318)) - Stopped ServerConnector@670481b2{HTTP/1.1,[http/1.1]}{0.0.0.0:0}
2019-07-14 06:53:09,383 INFO  handler.ContextHandler (ContextHandler.java:doStop(910)) - Stopped o.e.j.s.ServletContextHandler@6289376f{/static,jar:file:/home/user/.m2/repository/org/apache/hadoop/hadoop-hdds-container-service/0.5.0-SNAPSHOT/hadoop-hdds-container-service-0.5.0-SNAPSHOT.jar!/webapps/static,UNAVAILABLE}
2019-07-14 06:53:09,383 INFO  handler.ContextHandler (ContextHandler.java:doStop(910)) - Stopped o.e.j.s.ServletContextHandler@4f61c7e1{/logs,file:///tmp/workdir/hadoop-ozone/integration-test/target/log,UNAVAILABLE}
2019-07-14 06:53:09,384 INFO  datanode.ObjectStoreHandler (ObjectStoreHandler.java:close(155)) - Closing ObjectStoreHandler.
2019-07-14 06:53:09,384 INFO  ozone.HddsDatanodeService (HddsDatanodeService.java:stop(452)) - Stopped plug-in org.apache.hadoop.ozone.web.OzoneHddsDatanodeService@793577e0
2019-07-14 06:53:09,458 INFO  statemachine.DatanodeStateMachine (DatanodeStateMachine.java:lambda$startDaemon$0(350)) - Ozone container server started.
2019-07-14 06:53:10,337 WARN  pipeline.RatisPipelineUtils (RatisPipelineUtils.java:destroyPipeline(66)) - Pipeline destroy failed for pipeline=PipelineID=8517ecee-c761-4419-a301-767f60fe3a80 dn=d2125c14-bf5b-4a89-9656-01806452c152{ip: 192.168.5.144, host: trunk-nightly-8c95p-1540871953, networkLocation: /default-rack, certSerialId: null}
2019-07-14 06:53:10,340 WARN  pipeline.RatisPipelineUtils (RatisPipelineUtils.java:destroyPipeline(66)) - Pipeline destroy failed for pipeline=PipelineID=8517ecee-c761-4419-a301-767f60fe3a80 dn=ec8ecf58-59d7-498d-96c5-eba8c5551cd0{ip: 192.168.5.144, host: trunk-nightly-8c95p-1540871953, networkLocation: /default-rack, certSerialId: null}
2019-07-14 06:53:10,344 INFO  impl.RaftServerProxy (RaftServerProxy.java:remove(95)) - 9bda9dad-fadd-43bb-a848-649d686737da: remove FOLLOWER group-767F60FE3A80 9bda9dad-fadd-43bb-a848-649d686737da:t12, leader=null, voted=9bda9dad-fadd-43bb-a848-649d686737da, raftlog=9bda9dad-fadd-43bb-a848-649d686737da-SegmentedRaftLog:OPENED:c36,f36,i36, conf=0: [ec8ecf58-59d7-498d-96c5-eba8c5551cd0:192.168.5.144:32783, d2125c14-bf5b-4a89-9656-01806452c152:192.168.5.144:36331, 9bda9dad-fadd-43bb-a848-649d686737da:192.168.5.144:44514], old=null RUNNING
2019-07-14 06:53:10,346 INFO  impl.RaftServerImpl (RaftServerImpl.java:lambda$shutdown$3(245)) - 9bda9dad-fadd-43bb-a848-649d686737da: shutdown group-767F60FE3A80
2019-07-14 06:53:10,346 INFO  util.JmxRegister (JmxRegister.java:unregister(73)) - Successfully un-registered JMX Bean with object name Ratis:service=RaftServer,group=group-767F60FE3A80,id=9bda9dad-fadd-43bb-a848-649d686737da
2019-07-14 06:53:10,346 INFO  impl.RoleInfo (RoleInfo.java:shutdownFollowerState(121)) - 9bda9dad-fadd-43bb-a848-649d686737da: shutdown FollowerState
2019-07-14 06:53:10,346 INFO  impl.StateMachineUpdater (StateMachineUpdater.java:stopAndJoin(115)) - StateMachineUpdater:9bda9dad-fadd-43bb-a848-649d686737da:group-767F60FE3A80: set stopIndex = 36
2019-07-14 06:53:10,347 INFO  ratis.ContainerStateMachine (ContainerStateMachine.java:takeSnapshot(249)) - group-767F60FE3A80: Taking a snapshot at:(t:1, i:33) file /tmp/workdir/hadoop-ozone/integration-test/target/test-dir/MiniOzoneClusterImpl-c5bb5f29-3b06-4817-970c-9bb0fe5b284c/datanode-2/data/ratis/8517ecee-c761-4419-a301-767f60fe3a80/sm/snapshot.1_33
2019-07-14 06:53:10,346 INFO  impl.FollowerState (FollowerState.java:run(114)) - 9bda9dad-fadd-43bb-a848-649d686737da: FollowerState was interrupted: java.lang.InterruptedException: sleep interrupted
2019-07-14 06:53:10,347 INFO  ratis.ContainerStateMachine (ContainerStateMachine.java:takeSnapshot(257)) - group-767F60FE3A80: Finished taking a snapshot at:(t:1, i:33) file:/tmp/workdir/hadoop-ozone/integration-test/target/test-dir/MiniOzoneClusterImpl-c5bb5f29-3b06-4817-970c-9bb0fe5b284c/datanode-2/data/ratis/8517ecee-c761-4419-a301-767f60fe3a80/sm/snapshot.1_33 time:1
2019-07-14 06:53:10,347 INFO  impl.StateMachineUpdater (StateMachineUpdater.java:takeSnapshot(242)) - StateMachineUpdater:9bda9dad-fadd-43bb-a848-649d686737da:group-767F60FE3A80: Took a snapshot at index 33
2019-07-14 06:53:10,347 INFO  impl.StateMachineUpdater (StateMachineUpdater.java:lambda$new$0(80)) - StateMachineUpdater:9bda9dad-fadd-43bb-a848-649d686737da:group-767F60FE3A80: snapshotIndex: updateIncreasingly -1 -> 33
2019-07-14 06:53:10,348 INFO  impl.RaftServerImpl (ServerState.java:close(394)) - 9bda9dad-fadd-43bb-a848-649d686737da:group-767F60FE3A80 closes. The last applied log index is 36
2019-07-14 06:53:10,348 INFO  segmented.SegmentedRaftLogWorker (SegmentedRaftLogWorker.java:run(313)) - 9bda9dad-fadd-43bb-a848-649d686737da-SegmentedRaftLogWorker:Storage Directory /tmp/workdir/hadoop-ozone/integration-test/target/test-dir/MiniOzoneClusterImpl-c5bb5f29-3b06-4817-970c-9bb0fe5b284c/datanode-2/data/ratis/8517ecee-c761-4419-a301-767f60fe3a80 was interrupted, exiting. There are 0 tasks remaining in the queue.
2019-07-14 06:53:10,362 INFO  segmented.SegmentedRaftLogWorker (SegmentedRaftLogWorker.java:close(228)) - 9bda9dad-fadd-43bb-a848-649d686737da-SegmentedRaftLogWorker:Storage Directory /tmp/workdir/hadoop-ozone/integration-test/target/test-dir/MiniOzoneClusterImpl-c5bb5f29-3b06-4817-970c-9bb0fe5b284c/datanode-2/data/ratis/8517ecee-c761-4419-a301-767f60fe3a80 close()
2019-07-14 06:53:10,386 INFO  pipeline.PipelineStateManager (PipelineStateManager.java:removePipeline(108)) - Pipeline Pipeline[ Id: 8517ecee-c761-4419-a301-767f60fe3a80, Nodes: d2125c14-bf5b-4a89-9656-01806452c152{ip: 192.168.5.144, host: trunk-nightly-8c95p-1540871953, networkLocation: /default-rack, certSerialId: null}ec8ecf58-59d7-498d-96c5-eba8c5551cd0{ip: 192.168.5.144, host: trunk-nightly-8c95p-1540871953, networkLocation: /default-rack, certSerialId: null}9bda9dad-fadd-43bb-a848-649d686737da{ip: 192.168.5.144, host: trunk-nightly-8c95p-1540871953, networkLocation: /default-rack, certSerialId: null}, Type:RATIS, Factor:THREE, State:CLOSED] removed from db
2019-07-14 06:53:10,390 WARN  pipeline.RatisPipelineUtils (RatisPipelineUtils.java:destroyPipeline(66)) - Pipeline destroy failed for pipeline=PipelineID=022f5cab-e4c0-476e-a658-a6d0b60d91a5 dn=d2125c14-bf5b-4a89-9656-01806452c152{ip: 192.168.5.144, host: trunk-nightly-8c95p-1540871953, networkLocation: /default-rack, certSerialId: null}
2019-07-14 06:53:10,390 INFO  pipeline.PipelineStateManager (PipelineStateManager.java:removePipeline(108)) - Pipeline Pipeline[ Id: 022f5cab-e4c0-476e-a658-a6d0b60d91a5, Nodes: d2125c14-bf5b-4a89-9656-01806452c152{ip: 192.168.5.144, host: trunk-nightly-8c95p-1540871953, networkLocation: /default-rack, certSerialId: null}, Type:RATIS, Factor:ONE, State:CLOSED] removed from db
2019-07-14 06:53:10,931 WARN  server.GrpcLogAppender (LogUtils.java:warn(134)) - bd478038-e945-461e-b90e-7e4a7365f088->61713fc7-dd46-4c26-82a5-6c983c62de7e: Failed appendEntries: org.apache.ratis.thirdparty.io.grpc.StatusRuntimeException: UNAVAILABLE: io exception
2019-07-14 06:53:10,943 INFO  impl.FollowerInfo (FollowerInfo.java:lambda$new$0(50)) - bd478038-e945-461e-b90e-7e4a7365f088->61713fc7-dd46-4c26-82a5-6c983c62de7e: nextIndex: updateUnconditionally 6 -> 5
2019-07-14 06:53:11,463 INFO  node.StaleNodeHandler (StaleNodeHandler.java:onMessage(58)) - Datanode 5ddcfedb-1ec3-4cbe-93cc-6dc9cf8e9a9b{ip: 192.168.5.144, host: trunk-nightly-8c95p-1540871953, networkLocation: /default-rack, certSerialId: null} moved to stale state. Finalizing its pipelines [PipelineID=16ba9708-8171-4402-9dba-56e3a1084fa4, PipelineID=2d5447af-42fa-413c-b9e8-21806ae7903e]
2019-07-14 06:53:11,464 INFO  pipeline.SCMPipelineManager (SCMPipelineManager.java:finalizeAndDestroyPipeline(309)) - destroying pipeline:Pipeline[ Id: 16ba9708-8171-4402-9dba-56e3a1084fa4, Nodes: 5ddcfedb-1ec3-4cbe-93cc-6dc9cf8e9a9b{ip: 192.168.5.144, host: trunk-nightly-8c95p-1540871953, networkLocation: /default-rack, certSerialId: null}, Type:RATIS, Factor:ONE, State:OPEN]
2019-07-14 06:53:11,464 INFO  pipeline.PipelineStateManager (PipelineStateManager.java:finalizePipeline(123)) - Pipeline Pipeline[ Id: 16ba9708-8171-4402-9dba-56e3a1084fa4, Nodes: 5ddcfedb-1ec3-4cbe-93cc-6dc9cf8e9a9b{ip: 192.168.5.144, host: trunk-nightly-8c95p-1540871953, networkLocation: /default-rack, certSerialId: null}, Type:RATIS, Factor:ONE, State:CLOSED] moved to CLOSED state
2019-07-14 06:53:11,464 INFO  pipeline.SCMPipelineManager (SCMPipelineManager.java:finalizeAndDestroyPipeline(309)) - destroying pipeline:Pipeline[ Id: 2d5447af-42fa-413c-b9e8-21806ae7903e, Nodes: 61713fc7-dd46-4c26-82a5-6c983c62de7e{ip: 192.168.5.144, host: trunk-nightly-8c95p-1540871953, networkLocation: /default-rack, certSerialId: null}5ddcfedb-1ec3-4cbe-93cc-6dc9cf8e9a9b{ip: 192.168.5.144, host: trunk-nightly-8c95p-1540871953, networkLocation: /default-rack, certSerialId: null}bd478038-e945-461e-b90e-7e4a7365f088{ip: 192.168.5.144, host: trunk-nightly-8c95p-1540871953, networkLocation: /default-rack, certSerialId: null}, Type:RATIS, Factor:THREE, State:CLOSED]
2019-07-14 06:53:13,196 INFO  impl.FollowerState (FollowerState.java:run(106)) - da343c1c-8367-46f5-a9ef-bb79fda7b344:group-8D33B243C8F8 changes to CANDIDATE, lastRpcTime:5073, electionTimeout:5073ms
2019-07-14 06:53:13,196 INFO  impl.RoleInfo (RoleInfo.java:shutdownFollowerState(121)) - da343c1c-8367-46f5-a9ef-bb79fda7b344: shutdown FollowerState
2019-07-14 06:53:13,196 INFO  impl.RaftServerImpl (RaftServerImpl.java:setRole(171)) - da343c1c-8367-46f5-a9ef-bb79fda7b344:group-8D33B243C8F8 changes role from FOLLOWER to CANDIDATE at term 8 for changeToCandidate
2019-07-14 06:53:13,196 INFO  impl.RoleInfo (RoleInfo.java:updateAndGet(143)) - da343c1c-8367-46f5-a9ef-bb79fda7b344: start LeaderElection
2019-07-14 06:53:13,202 INFO  impl.LeaderElection (LeaderElection.java:askForVotes(181)) - da343c1c-8367-46f5-a9ef-bb79fda7b344:group-8D33B243C8F8:LeaderElection90: begin an election at term 9 for 0: [da343c1c-8367-46f5-a9ef-bb79fda7b344:192.168.5.144:32905, a4c24659-6a6f-404d-a8b7-ecfa7e5f7d9a:192.168.5.144:37316, ff1ab4d3-cbe6-48f1-9b56-d6e99bbeb9d5:192.168.5.144:39240], old=null
2019-07-14 06:53:13,203 INFO  impl.LeaderElection (LogUtils.java:infoOrTrace(149)) - da343c1c-8367-46f5-a9ef-bb79fda7b344:group-8D33B243C8F8:LeaderElection90 got exception when requesting votes: {}
java.util.concurrent.ExecutionException: org.apache.ratis.thirdparty.io.grpc.StatusRuntimeException: UNAVAILABLE: io exception
	at java.util.concurrent.FutureTask.report(FutureTask.java:122)
	at java.util.concurrent.FutureTask.get(FutureTask.java:192)
	at org.apache.ratis.server.impl.LeaderElection.waitForResults(LeaderElection.java:262)
	at org.apache.ratis.server.impl.LeaderElection.askForVotes(LeaderElection.java:200)
	at org.apache.ratis.server.impl.LeaderElection.run(LeaderElection.java:130)
	at java.lang.Thread.run(Thread.java:748)
Caused by: org.apache.ratis.thirdparty.io.grpc.StatusRuntimeException: UNAVAILABLE: io exception
	at org.apache.ratis.thirdparty.io.grpc.stub.ClientCalls.toStatusRuntimeException(ClientCalls.java:233)
	at org.apache.ratis.thirdparty.io.grpc.stub.ClientCalls.getUnchecked(ClientCalls.java:214)
	at org.apache.ratis.thirdparty.io.grpc.stub.ClientCalls.blockingUnaryCall(ClientCalls.java:139)
	at org.apache.ratis.proto.grpc.RaftServerProtocolServiceGrpc$RaftServerProtocolServiceBlockingStub.requestVote(RaftServerProtocolServiceGrpc.java:265)
	at org.apache.ratis.grpc.server.GrpcServerProtocolClient.requestVote(GrpcServerProtocolClient.java:83)
	at org.apache.ratis.grpc.server.GrpcService.requestVote(GrpcService.java:195)
	at org.apache.ratis.server.impl.LeaderElection.lambda$submitRequests$1(LeaderElection.java:237)
	at java.util.concurrent.FutureTask.run(FutureTask.java:266)
	at java.util.concurrent.Executors$RunnableAdapter.call(Executors.java:511)
	at java.util.concurrent.FutureTask.run(FutureTask.java:266)
	at java.util.concurrent.ThreadPoolExecutor.runWorker(ThreadPoolExecutor.java:1149)
	at java.util.concurrent.ThreadPoolExecutor$Worker.run(ThreadPoolExecutor.java:624)
	... 1 more
Caused by: org.apache.ratis.thirdparty.io.netty.channel.AbstractChannel$AnnotatedConnectException: Connection refused: /192.168.5.144:37316
	at sun.nio.ch.SocketChannelImpl.checkConnect(Native Method)
	at sun.nio.ch.SocketChannelImpl.finishConnect(SocketChannelImpl.java:717)
	at org.apache.ratis.thirdparty.io.netty.channel.socket.nio.NioSocketChannel.doFinishConnect(NioSocketChannel.java:327)
	at org.apache.ratis.thirdparty.io.netty.channel.nio.AbstractNioChannel$AbstractNioUnsafe.finishConnect(AbstractNioChannel.java:340)
	at org.apache.ratis.thirdparty.io.netty.channel.nio.NioEventLoop.processSelectedKey(NioEventLoop.java:632)
	at org.apache.ratis.thirdparty.io.netty.channel.nio.NioEventLoop.processSelectedKeysOptimized(NioEventLoop.java:579)
	at org.apache.ratis.thirdparty.io.netty.channel.nio.NioEventLoop.processSelectedKeys(NioEventLoop.java:496)
	at org.apache.ratis.thirdparty.io.netty.channel.nio.NioEventLoop.run(NioEventLoop.java:458)
	at org.apache.ratis.thirdparty.io.netty.util.concurrent.SingleThreadEventExecutor$5.run(SingleThreadEventExecutor.java:897)
	at org.apache.ratis.thirdparty.io.netty.util.concurrent.FastThreadLocalRunnable.run(FastThreadLocalRunnable.java:30)
	... 1 more
Caused by: java.net.ConnectException: Connection refused
	... 11 more
2019-07-14 06:53:13,217 INFO  impl.LeaderElection (LogUtils.java:infoOrTrace(149)) - da343c1c-8367-46f5-a9ef-bb79fda7b344:group-8D33B243C8F8:LeaderElection90 got exception when requesting votes: {}
java.util.concurrent.ExecutionException: org.apache.ratis.thirdparty.io.grpc.StatusRuntimeException: UNAVAILABLE: io exception
	at java.util.concurrent.FutureTask.report(FutureTask.java:122)
	at java.util.concurrent.FutureTask.get(FutureTask.java:192)
	at org.apache.ratis.server.impl.LeaderElection.waitForResults(LeaderElection.java:262)
	at org.apache.ratis.server.impl.LeaderElection.askForVotes(LeaderElection.java:200)
	at org.apache.ratis.server.impl.LeaderElection.run(LeaderElection.java:130)
	at java.lang.Thread.run(Thread.java:748)
Caused by: org.apache.ratis.thirdparty.io.grpc.StatusRuntimeException: UNAVAILABLE: io exception
	at org.apache.ratis.thirdparty.io.grpc.stub.ClientCalls.toStatusRuntimeException(ClientCalls.java:233)
	at org.apache.ratis.thirdparty.io.grpc.stub.ClientCalls.getUnchecked(ClientCalls.java:214)
	at org.apache.ratis.thirdparty.io.grpc.stub.ClientCalls.blockingUnaryCall(ClientCalls.java:139)
	at org.apache.ratis.proto.grpc.RaftServerProtocolServiceGrpc$RaftServerProtocolServiceBlockingStub.requestVote(RaftServerProtocolServiceGrpc.java:265)
	at org.apache.ratis.grpc.server.GrpcServerProtocolClient.requestVote(GrpcServerProtocolClient.java:83)
	at org.apache.ratis.grpc.server.GrpcService.requestVote(GrpcService.java:195)
	at org.apache.ratis.server.impl.LeaderElection.lambda$submitRequests$1(LeaderElection.java:237)
	at java.util.concurrent.FutureTask.run(FutureTask.java:266)
	at java.util.concurrent.Executors$RunnableAdapter.call(Executors.java:511)
	at java.util.concurrent.FutureTask.run(FutureTask.java:266)
	at java.util.concurrent.ThreadPoolExecutor.runWorker(ThreadPoolExecutor.java:1149)
	at java.util.concurrent.ThreadPoolExecutor$Worker.run(ThreadPoolExecutor.java:624)
	... 1 more
Caused by: org.apache.ratis.thirdparty.io.netty.channel.AbstractChannel$AnnotatedConnectException: Connection refused: /192.168.5.144:39240
	at sun.nio.ch.SocketChannelImpl.checkConnect(Native Method)
	at sun.nio.ch.SocketChannelImpl.finishConnect(SocketChannelImpl.java:717)
	at org.apache.ratis.thirdparty.io.netty.channel.socket.nio.NioSocketChannel.doFinishConnect(NioSocketChannel.java:327)
	at org.apache.ratis.thirdparty.io.netty.channel.nio.AbstractNioChannel$AbstractNioUnsafe.finishConnect(AbstractNioChannel.java:340)
	at org.apache.ratis.thirdparty.io.netty.channel.nio.NioEventLoop.processSelectedKey(NioEventLoop.java:632)
	at org.apache.ratis.thirdparty.io.netty.channel.nio.NioEventLoop.processSelectedKeysOptimized(NioEventLoop.java:579)
	at org.apache.ratis.thirdparty.io.netty.channel.nio.NioEventLoop.processSelectedKeys(NioEventLoop.java:496)
	at org.apache.ratis.thirdparty.io.netty.channel.nio.NioEventLoop.run(NioEventLoop.java:458)
	at org.apache.ratis.thirdparty.io.netty.util.concurrent.SingleThreadEventExecutor$5.run(SingleThreadEventExecutor.java:897)
	at org.apache.ratis.thirdparty.io.netty.util.concurrent.FastThreadLocalRunnable.run(FastThreadLocalRunnable.java:30)
	... 1 more
Caused by: java.net.ConnectException: Connection refused
	... 11 more
2019-07-14 06:53:13,227 INFO  impl.LeaderElection (LeaderElection.java:logAndReturn(56)) - da343c1c-8367-46f5-a9ef-bb79fda7b344:group-8D33B243C8F8:LeaderElection90: Election REJECTED; received 0 response(s) [] and 2 exception(s); da343c1c-8367-46f5-a9ef-bb79fda7b344:t9, leader=null, voted=da343c1c-8367-46f5-a9ef-bb79fda7b344, raftlog=da343c1c-8367-46f5-a9ef-bb79fda7b344-SegmentedRaftLog:OPENED:c0,f0,i0, conf=0: [da343c1c-8367-46f5-a9ef-bb79fda7b344:192.168.5.144:32905, a4c24659-6a6f-404d-a8b7-ecfa7e5f7d9a:192.168.5.144:37316, ff1ab4d3-cbe6-48f1-9b56-d6e99bbeb9d5:192.168.5.144:39240], old=null
2019-07-14 06:53:13,227 INFO  impl.LeaderElection (LogUtils.java:infoOrTrace(149)) -   Exception 0: {}
java.util.concurrent.ExecutionException: org.apache.ratis.thirdparty.io.grpc.StatusRuntimeException: UNAVAILABLE: io exception
	at java.util.concurrent.FutureTask.report(FutureTask.java:122)
	at java.util.concurrent.FutureTask.get(FutureTask.java:192)
	at org.apache.ratis.server.impl.LeaderElection.waitForResults(LeaderElection.java:262)
	at org.apache.ratis.server.impl.LeaderElection.askForVotes(LeaderElection.java:200)
	at org.apache.ratis.server.impl.LeaderElection.run(LeaderElection.java:130)
	at java.lang.Thread.run(Thread.java:748)
Caused by: org.apache.ratis.thirdparty.io.grpc.StatusRuntimeException: UNAVAILABLE: io exception
	at org.apache.ratis.thirdparty.io.grpc.stub.ClientCalls.toStatusRuntimeException(ClientCalls.java:233)
	at org.apache.ratis.thirdparty.io.grpc.stub.ClientCalls.getUnchecked(ClientCalls.java:214)
	at org.apache.ratis.thirdparty.io.grpc.stub.ClientCalls.blockingUnaryCall(ClientCalls.java:139)
	at org.apache.ratis.proto.grpc.RaftServerProtocolServiceGrpc$RaftServerProtocolServiceBlockingStub.requestVote(RaftServerProtocolServiceGrpc.java:265)
	at org.apache.ratis.grpc.server.GrpcServerProtocolClient.requestVote(GrpcServerProtocolClient.java:83)
	at org.apache.ratis.grpc.server.GrpcService.requestVote(GrpcService.java:195)
	at org.apache.ratis.server.impl.LeaderElection.lambda$submitRequests$1(LeaderElection.java:237)
	at java.util.concurrent.FutureTask.run(FutureTask.java:266)
	at java.util.concurrent.Executors$RunnableAdapter.call(Executors.java:511)
	at java.util.concurrent.FutureTask.run(FutureTask.java:266)
	at java.util.concurrent.ThreadPoolExecutor.runWorker(ThreadPoolExecutor.java:1149)
	at java.util.concurrent.ThreadPoolExecutor$Worker.run(ThreadPoolExecutor.java:624)
	... 1 more
Caused by: org.apache.ratis.thirdparty.io.netty.channel.AbstractChannel$AnnotatedConnectException: Connection refused: /192.168.5.144:37316
	at sun.nio.ch.SocketChannelImpl.checkConnect(Native Method)
	at sun.nio.ch.SocketChannelImpl.finishConnect(SocketChannelImpl.java:717)
	at org.apache.ratis.thirdparty.io.netty.channel.socket.nio.NioSocketChannel.doFinishConnect(NioSocketChannel.java:327)
	at org.apache.ratis.thirdparty.io.netty.channel.nio.AbstractNioChannel$AbstractNioUnsafe.finishConnect(AbstractNioChannel.java:340)
	at org.apache.ratis.thirdparty.io.netty.channel.nio.NioEventLoop.processSelectedKey(NioEventLoop.java:632)
	at org.apache.ratis.thirdparty.io.netty.channel.nio.NioEventLoop.processSelectedKeysOptimized(NioEventLoop.java:579)
	at org.apache.ratis.thirdparty.io.netty.channel.nio.NioEventLoop.processSelectedKeys(NioEventLoop.java:496)
	at org.apache.ratis.thirdparty.io.netty.channel.nio.NioEventLoop.run(NioEventLoop.java:458)
	at org.apache.ratis.thirdparty.io.netty.util.concurrent.SingleThreadEventExecutor$5.run(SingleThreadEventExecutor.java:897)
	at org.apache.ratis.thirdparty.io.netty.util.concurrent.FastThreadLocalRunnable.run(FastThreadLocalRunnable.java:30)
	... 1 more
Caused by: java.net.ConnectException: Connection refused
	... 11 more
2019-07-14 06:53:13,227 INFO  impl.LeaderElection (LogUtils.java:infoOrTrace(149)) -   Exception 1: {}
java.util.concurrent.ExecutionException: org.apache.ratis.thirdparty.io.grpc.StatusRuntimeException: UNAVAILABLE: io exception
	at java.util.concurrent.FutureTask.report(FutureTask.java:122)
	at java.util.concurrent.FutureTask.get(FutureTask.java:192)
	at org.apache.ratis.server.impl.LeaderElection.waitForResults(LeaderElection.java:262)
	at org.apache.ratis.server.impl.LeaderElection.askForVotes(LeaderElection.java:200)
	at org.apache.ratis.server.impl.LeaderElection.run(LeaderElection.java:130)
	at java.lang.Thread.run(Thread.java:748)
Caused by: org.apache.ratis.thirdparty.io.grpc.StatusRuntimeException: UNAVAILABLE: io exception
	at org.apache.ratis.thirdparty.io.grpc.stub.ClientCalls.toStatusRuntimeException(ClientCalls.java:233)
	at org.apache.ratis.thirdparty.io.grpc.stub.ClientCalls.getUnchecked(ClientCalls.java:214)
	at org.apache.ratis.thirdparty.io.grpc.stub.ClientCalls.blockingUnaryCall(ClientCalls.java:139)
	at org.apache.ratis.proto.grpc.RaftServerProtocolServiceGrpc$RaftServerProtocolServiceBlockingStub.requestVote(RaftServerProtocolServiceGrpc.java:265)
	at org.apache.ratis.grpc.server.GrpcServerProtocolClient.requestVote(GrpcServerProtocolClient.java:83)
	at org.apache.ratis.grpc.server.GrpcService.requestVote(GrpcService.java:195)
	at org.apache.ratis.server.impl.LeaderElection.lambda$submitRequests$1(LeaderElection.java:237)
	at java.util.concurrent.FutureTask.run(FutureTask.java:266)
	at java.util.concurrent.Executors$RunnableAdapter.call(Executors.java:511)
	at java.util.concurrent.FutureTask.run(FutureTask.java:266)
	at java.util.concurrent.ThreadPoolExecutor.runWorker(ThreadPoolExecutor.java:1149)
	at java.util.concurrent.ThreadPoolExecutor$Worker.run(ThreadPoolExecutor.java:624)
	... 1 more
Caused by: org.apache.ratis.thirdparty.io.netty.channel.AbstractChannel$AnnotatedConnectException: Connection refused: /192.168.5.144:39240
	at sun.nio.ch.SocketChannelImpl.checkConnect(Native Method)
	at sun.nio.ch.SocketChannelImpl.finishConnect(SocketChannelImpl.java:717)
	at org.apache.ratis.thirdparty.io.netty.channel.socket.nio.NioSocketChannel.doFinishConnect(NioSocketChannel.java:327)
	at org.apache.ratis.thirdparty.io.netty.channel.nio.AbstractNioChannel$AbstractNioUnsafe.finishConnect(AbstractNioChannel.java:340)
	at org.apache.ratis.thirdparty.io.netty.channel.nio.NioEventLoop.processSelectedKey(NioEventLoop.java:632)
	at org.apache.ratis.thirdparty.io.netty.channel.nio.NioEventLoop.processSelectedKeysOptimized(NioEventLoop.java:579)
	at org.apache.ratis.thirdparty.io.netty.channel.nio.NioEventLoop.processSelectedKeys(NioEventLoop.java:496)
	at org.apache.ratis.thirdparty.io.netty.channel.nio.NioEventLoop.run(NioEventLoop.java:458)
	at org.apache.ratis.thirdparty.io.netty.util.concurrent.SingleThreadEventExecutor$5.run(SingleThreadEventExecutor.java:897)
	at org.apache.ratis.thirdparty.io.netty.util.concurrent.FastThreadLocalRunnable.run(FastThreadLocalRunnable.java:30)
	... 1 more
Caused by: java.net.ConnectException: Connection refused
	... 11 more
2019-07-14 06:53:13,228 INFO  impl.RaftServerImpl (RaftServerImpl.java:setRole(171)) - da343c1c-8367-46f5-a9ef-bb79fda7b344:group-8D33B243C8F8 changes role from CANDIDATE to FOLLOWER at term 9 for DISCOVERED_A_NEW_TERM
2019-07-14 06:53:13,228 INFO  impl.RoleInfo (RoleInfo.java:shutdownLeaderElection(134)) - da343c1c-8367-46f5-a9ef-bb79fda7b344: shutdown LeaderElection
2019-07-14 06:53:13,228 INFO  impl.RoleInfo (RoleInfo.java:updateAndGet(143)) - da343c1c-8367-46f5-a9ef-bb79fda7b344: start FollowerState
2019-07-14 06:53:13,432 WARN  server.GrpcLogAppender (LogUtils.java:warn(134)) - bd478038-e945-461e-b90e-7e4a7365f088->61713fc7-dd46-4c26-82a5-6c983c62de7e: Failed appendEntries: org.apache.ratis.thirdparty.io.grpc.StatusRuntimeException: UNAVAILABLE: io exception
2019-07-14 06:53:13,446 INFO  impl.FollowerInfo (FollowerInfo.java:lambda$new$0(50)) - bd478038-e945-461e-b90e-7e4a7365f088->61713fc7-dd46-4c26-82a5-6c983c62de7e: nextIndex: updateUnconditionally 5 -> 4
2019-07-14 06:53:14,385 INFO  ozoneimpl.OzoneContainer (OzoneContainer.java:stop(199)) - Attempting to stop container services.
2019-07-14 06:53:14,385 INFO  impl.RaftServerProxy (RaftServerProxy.java:lambda$close$4(314)) - 5ddcfedb-1ec3-4cbe-93cc-6dc9cf8e9a9b: close
2019-07-14 06:53:14,386 INFO  impl.RaftServerImpl (RaftServerImpl.java:lambda$shutdown$3(245)) - 5ddcfedb-1ec3-4cbe-93cc-6dc9cf8e9a9b: shutdown group-56E3A1084FA4
2019-07-14 06:53:14,386 INFO  impl.RaftServerImpl (RaftServerImpl.java:lambda$shutdown$3(245)) - 5ddcfedb-1ec3-4cbe-93cc-6dc9cf8e9a9b: shutdown group-21806AE7903E
2019-07-14 06:53:14,386 INFO  util.JmxRegister (JmxRegister.java:unregister(73)) - Successfully un-registered JMX Bean with object name Ratis:service=RaftServer,group=group-56E3A1084FA4,id=5ddcfedb-1ec3-4cbe-93cc-6dc9cf8e9a9b
2019-07-14 06:53:14,387 INFO  util.JmxRegister (JmxRegister.java:unregister(73)) - Successfully un-registered JMX Bean with object name Ratis:service=RaftServer,group=group-21806AE7903E,id=5ddcfedb-1ec3-4cbe-93cc-6dc9cf8e9a9b
2019-07-14 06:53:14,387 INFO  impl.RoleInfo (RoleInfo.java:shutdownLeaderState(104)) - 5ddcfedb-1ec3-4cbe-93cc-6dc9cf8e9a9b: shutdown LeaderState
2019-07-14 06:53:14,387 INFO  impl.RoleInfo (RoleInfo.java:shutdownFollowerState(121)) - 5ddcfedb-1ec3-4cbe-93cc-6dc9cf8e9a9b: shutdown FollowerState
2019-07-14 06:53:14,388 INFO  impl.PendingRequests (PendingRequests.java:sendNotLeaderResponses(202)) - 5ddcfedb-1ec3-4cbe-93cc-6dc9cf8e9a9b-PendingRequests: sendNotLeaderResponses
2019-07-14 06:53:14,388 INFO  ratis.ContainerStateMachine (ContainerStateMachine.java:takeSnapshot(249)) - group-21806AE7903E: Taking a snapshot at:(t:1, i:5) file /tmp/workdir/hadoop-ozone/integration-test/target/test-dir/MiniOzoneClusterImpl-776fdfe4-e945-493d-a146-da517978dac5/datanode-2/data/ratis/2d5447af-42fa-413c-b9e8-21806ae7903e/sm/snapshot.1_5
2019-07-14 06:53:14,388 INFO  impl.StateMachineUpdater (StateMachineUpdater.java:stopAndJoin(115)) - StateMachineUpdater:5ddcfedb-1ec3-4cbe-93cc-6dc9cf8e9a9b:group-56E3A1084FA4: set stopIndex = 0
2019-07-14 06:53:14,389 INFO  ratis.ContainerStateMachine (ContainerStateMachine.java:takeSnapshot(257)) - group-21806AE7903E: Finished taking a snapshot at:(t:1, i:5) file:/tmp/workdir/hadoop-ozone/integration-test/target/test-dir/MiniOzoneClusterImpl-776fdfe4-e945-493d-a146-da517978dac5/datanode-2/data/ratis/2d5447af-42fa-413c-b9e8-21806ae7903e/sm/snapshot.1_5 time:0
2019-07-14 06:53:14,389 INFO  impl.StateMachineUpdater (StateMachineUpdater.java:takeSnapshot(242)) - StateMachineUpdater:5ddcfedb-1ec3-4cbe-93cc-6dc9cf8e9a9b:group-21806AE7903E: Took a snapshot at index 5
2019-07-14 06:53:14,388 INFO  impl.FollowerState (FollowerState.java:run(114)) - 5ddcfedb-1ec3-4cbe-93cc-6dc9cf8e9a9b: FollowerState was interrupted: java.lang.InterruptedException: sleep interrupted
2019-07-14 06:53:14,388 INFO  impl.StateMachineUpdater (StateMachineUpdater.java:stopAndJoin(115)) - StateMachineUpdater:5ddcfedb-1ec3-4cbe-93cc-6dc9cf8e9a9b:group-21806AE7903E: set stopIndex = 6
2019-07-14 06:53:14,389 INFO  impl.StateMachineUpdater (StateMachineUpdater.java:lambda$new$0(80)) - StateMachineUpdater:5ddcfedb-1ec3-4cbe-93cc-6dc9cf8e9a9b:group-21806AE7903E: snapshotIndex: updateIncreasingly -1 -> 5
2019-07-14 06:53:14,389 INFO  impl.RaftServerImpl (ServerState.java:close(394)) - 5ddcfedb-1ec3-4cbe-93cc-6dc9cf8e9a9b:group-56E3A1084FA4 closes. The last applied log index is 0
2019-07-14 06:53:14,389 INFO  impl.RaftServerImpl (ServerState.java:close(394)) - 5ddcfedb-1ec3-4cbe-93cc-6dc9cf8e9a9b:group-21806AE7903E closes. The last applied log index is 6
2019-07-14 06:53:14,390 INFO  segmented.SegmentedRaftLogWorker (SegmentedRaftLogWorker.java:run(313)) - 5ddcfedb-1ec3-4cbe-93cc-6dc9cf8e9a9b-SegmentedRaftLogWorker:Storage Directory /tmp/workdir/hadoop-ozone/integration-test/target/test-dir/MiniOzoneClusterImpl-776fdfe4-e945-493d-a146-da517978dac5/datanode-2/data/ratis/16ba9708-8171-4402-9dba-56e3a1084fa4 was interrupted, exiting. There are 0 tasks remaining in the queue.
2019-07-14 06:53:14,390 INFO  segmented.SegmentedRaftLogWorker (SegmentedRaftLogWorker.java:run(313)) - 5ddcfedb-1ec3-4cbe-93cc-6dc9cf8e9a9b-SegmentedRaftLogWorker:Storage Directory /tmp/workdir/hadoop-ozone/integration-test/target/test-dir/MiniOzoneClusterImpl-776fdfe4-e945-493d-a146-da517978dac5/datanode-2/data/ratis/2d5447af-42fa-413c-b9e8-21806ae7903e was interrupted, exiting. There are 0 tasks remaining in the queue.
2019-07-14 06:53:14,410 INFO  segmented.SegmentedRaftLogWorker (SegmentedRaftLogWorker.java:close(228)) - 5ddcfedb-1ec3-4cbe-93cc-6dc9cf8e9a9b-SegmentedRaftLogWorker:Storage Directory /tmp/workdir/hadoop-ozone/integration-test/target/test-dir/MiniOzoneClusterImpl-776fdfe4-e945-493d-a146-da517978dac5/datanode-2/data/ratis/16ba9708-8171-4402-9dba-56e3a1084fa4 close()
2019-07-14 06:53:14,410 INFO  segmented.SegmentedRaftLogWorker (SegmentedRaftLogWorker.java:close(228)) - 5ddcfedb-1ec3-4cbe-93cc-6dc9cf8e9a9b-SegmentedRaftLogWorker:Storage Directory /tmp/workdir/hadoop-ozone/integration-test/target/test-dir/MiniOzoneClusterImpl-776fdfe4-e945-493d-a146-da517978dac5/datanode-2/data/ratis/2d5447af-42fa-413c-b9e8-21806ae7903e close()
2019-07-14 06:53:14,457 INFO  server.GrpcService (GrpcService.java:closeImpl(155)) - 5ddcfedb-1ec3-4cbe-93cc-6dc9cf8e9a9b: shutdown server with port 35523 now
2019-07-14 06:53:14,458 WARN  server.GrpcServerProtocolService (LogUtils.java:warn(134)) - 5ddcfedb-1ec3-4cbe-93cc-6dc9cf8e9a9b: appendEntries onError: org.apache.ratis.thirdparty.io.grpc.StatusRuntimeException: CANCELLED: cancelled before receiving half close
2019-07-14 06:53:14,458 INFO  server.GrpcService (GrpcService.java:closeImpl(163)) - 5ddcfedb-1ec3-4cbe-93cc-6dc9cf8e9a9b: shutdown server with port 35523 successfully
2019-07-14 06:53:14,458 WARN  server.GrpcLogAppender (LogUtils.java:warn(134)) - bd478038-e945-461e-b90e-7e4a7365f088->5ddcfedb-1ec3-4cbe-93cc-6dc9cf8e9a9b: Failed appendEntries: org.apache.ratis.thirdparty.io.grpc.StatusRuntimeException: CANCELLED: HTTP/2 error code: CANCEL
Received Rst Stream
2019-07-14 06:53:14,466 INFO  impl.FollowerInfo (FollowerInfo.java:lambda$new$0(50)) - bd478038-e945-461e-b90e-7e4a7365f088->5ddcfedb-1ec3-4cbe-93cc-6dc9cf8e9a9b: nextIndex: updateUnconditionally 7 -> 6
2019-07-14 06:53:14,466 INFO  utils.BackgroundService (BackgroundService.java:shutdown(148)) - Shutting down service BlockDeletingService
2019-07-14 06:53:14,467 WARN  fs.CachingGetSpaceUsed (CachingGetSpaceUsed.java:run(183)) - Thread Interrupted waiting to refresh disk information: sleep interrupted
2019-07-14 06:53:14,499 INFO  statemachine.DatanodeStateMachine (DatanodeStateMachine.java:stopDaemon(395)) - Ozone container server stopped.
2019-07-14 06:53:14,500 INFO  handler.ContextHandler (ContextHandler.java:doStop(910)) - Stopped o.e.j.w.WebAppContext@23ec291e{/,null,UNAVAILABLE}{/hddsDatanode}
2019-07-14 06:53:14,501 INFO  server.AbstractConnector (AbstractConnector.java:doStop(318)) - Stopped ServerConnector@1a91d15f{HTTP/1.1,[http/1.1]}{0.0.0.0:0}
2019-07-14 06:53:14,502 INFO  handler.ContextHandler (ContextHandler.java:doStop(910)) - Stopped o.e.j.s.ServletContextHandler@74974165{/static,jar:file:/home/user/.m2/repository/org/apache/hadoop/hadoop-hdds-container-service/0.5.0-SNAPSHOT/hadoop-hdds-container-service-0.5.0-SNAPSHOT.jar!/webapps/static,UNAVAILABLE}
2019-07-14 06:53:14,502 INFO  handler.ContextHandler (ContextHandler.java:doStop(910)) - Stopped o.e.j.s.ServletContextHandler@16dc12cf{/logs,file:///tmp/workdir/hadoop-ozone/integration-test/target/log,UNAVAILABLE}
06:53:14.521 [grpc-default-executor-6] ERROR DNAudit - user=null | ip=null | op=WRITE_CHUNK {blockData=conID: 2 locID: 102438481707663384 bcsId: 3} | ret=FAILURE
org.apache.hadoop.hdds.scm.container.common.helpers.ContainerNotOpenException: Container 2 in CLOSED state
	at org.apache.hadoop.ozone.container.common.impl.HddsDispatcher.validateContainerCommand(HddsDispatcher.java:408) ~[hadoop-hdds-container-service-0.5.0-SNAPSHOT.jar:?]
	at org.apache.hadoop.ozone.container.common.transport.server.ratis.ContainerStateMachine.startTransaction(ContainerStateMachine.java:272) ~[hadoop-hdds-container-service-0.5.0-SNAPSHOT.jar:?]
	at org.apache.ratis.server.impl.RaftServerImpl.submitClientRequestAsync(RaftServerImpl.java:566) ~[ratis-server-0.4.0-2337318-SNAPSHOT.jar:0.4.0-2337318-SNAPSHOT]
	at org.apache.ratis.server.impl.RaftServerProxy.lambda$submitClientRequestAsync$7(RaftServerProxy.java:333) ~[ratis-server-0.4.0-2337318-SNAPSHOT.jar:0.4.0-2337318-SNAPSHOT]
	at org.apache.ratis.server.impl.RaftServerProxy.lambda$null$5(RaftServerProxy.java:328) ~[ratis-server-0.4.0-2337318-SNAPSHOT.jar:0.4.0-2337318-SNAPSHOT]
	at org.apache.ratis.util.JavaUtils.callAsUnchecked(JavaUtils.java:109) ~[ratis-common-0.4.0-2337318-SNAPSHOT.jar:0.4.0-2337318-SNAPSHOT]
	at org.apache.ratis.server.impl.RaftServerProxy.lambda$submitRequest$6(RaftServerProxy.java:328) ~[ratis-server-0.4.0-2337318-SNAPSHOT.jar:0.4.0-2337318-SNAPSHOT]
	at java.util.concurrent.CompletableFuture.uniComposeStage(CompletableFuture.java:981) ~[?:1.8.0_212]
	at java.util.concurrent.CompletableFuture.thenCompose(CompletableFuture.java:2124) ~[?:1.8.0_212]
	at org.apache.ratis.server.impl.RaftServerProxy.submitRequest(RaftServerProxy.java:327) ~[ratis-server-0.4.0-2337318-SNAPSHOT.jar:0.4.0-2337318-SNAPSHOT]
	at org.apache.ratis.server.impl.RaftServerProxy.submitClientRequestAsync(RaftServerProxy.java:333) ~[ratis-server-0.4.0-2337318-SNAPSHOT.jar:0.4.0-2337318-SNAPSHOT]
	at org.apache.ratis.grpc.client.GrpcClientProtocolService$RequestStreamObserver.processClientRequest(GrpcClientProtocolService.java:220) ~[ratis-grpc-0.4.0-2337318-SNAPSHOT.jar:0.4.0-2337318-SNAPSHOT]
	at org.apache.ratis.grpc.client.GrpcClientProtocolService$OrderedRequestStreamObserver.processClientRequest(GrpcClientProtocolService.java:326) ~[ratis-grpc-0.4.0-2337318-SNAPSHOT.jar:0.4.0-2337318-SNAPSHOT]
	at org.apache.ratis.util.SlidingWindow$Server.processRequestsFromHead(SlidingWindow.java:429) [ratis-common-0.4.0-2337318-SNAPSHOT.jar:0.4.0-2337318-SNAPSHOT]
	at org.apache.ratis.util.SlidingWindow$Server.receivedRequest(SlidingWindow.java:421) [ratis-common-0.4.0-2337318-SNAPSHOT.jar:0.4.0-2337318-SNAPSHOT]
	at org.apache.ratis.grpc.client.GrpcClientProtocolService$OrderedRequestStreamObserver.processClientRequest(GrpcClientProtocolService.java:345) [ratis-grpc-0.4.0-2337318-SNAPSHOT.jar:0.4.0-2337318-SNAPSHOT]
	at org.apache.ratis.grpc.client.GrpcClientProtocolService$RequestStreamObserver.onNext(GrpcClientProtocolService.java:240) [ratis-grpc-0.4.0-2337318-SNAPSHOT.jar:0.4.0-2337318-SNAPSHOT]
	at org.apache.ratis.grpc.client.GrpcClientProtocolService$RequestStreamObserver.onNext(GrpcClientProtocolService.java:168) [ratis-grpc-0.4.0-2337318-SNAPSHOT.jar:0.4.0-2337318-SNAPSHOT]
	at org.apache.ratis.thirdparty.io.grpc.stub.ServerCalls$StreamingServerCallHandler$StreamingServerCallListener.onMessage(ServerCalls.java:248) [ratis-thirdparty-misc-0.2.0.jar:0.2.0]
	at org.apache.ratis.thirdparty.io.grpc.internal.ServerCallImpl$ServerStreamListenerImpl.messagesAvailable(ServerCallImpl.java:263) [ratis-thirdparty-misc-0.2.0.jar:0.2.0]
	at org.apache.ratis.thirdparty.io.grpc.internal.ServerImpl$JumpToApplicationThreadServerStreamListener$1MessagesAvailable.runInContext(ServerImpl.java:686) [ratis-thirdparty-misc-0.2.0.jar:0.2.0]
	at org.apache.ratis.thirdparty.io.grpc.internal.ContextRunnable.run(ContextRunnable.java:37) [ratis-thirdparty-misc-0.2.0.jar:0.2.0]
	at org.apache.ratis.thirdparty.io.grpc.internal.SerializingExecutor.run(SerializingExecutor.java:123) [ratis-thirdparty-misc-0.2.0.jar:0.2.0]
	at java.util.concurrent.ThreadPoolExecutor.runWorker(ThreadPoolExecutor.java:1149) [?:1.8.0_212]
	at java.util.concurrent.ThreadPoolExecutor$Worker.run(ThreadPoolExecutor.java:624) [?:1.8.0_212]
	at java.lang.Thread.run(Thread.java:748) [?:1.8.0_212]
06:53:14.559 [grpc-default-executor-6] ERROR DNAudit - user=null | ip=null | op=PUT_BLOCK {blockData=[blockId=conID: 2 locID: 102438481707663384 bcsId: 0,size=2097152]} | ret=FAILURE
org.apache.hadoop.hdds.scm.container.common.helpers.ContainerNotOpenException: Container 2 in CLOSED state
	at org.apache.hadoop.ozone.container.common.impl.HddsDispatcher.validateContainerCommand(HddsDispatcher.java:408) ~[hadoop-hdds-container-service-0.5.0-SNAPSHOT.jar:?]
	at org.apache.hadoop.ozone.container.common.transport.server.ratis.ContainerStateMachine.startTransaction(ContainerStateMachine.java:272) ~[hadoop-hdds-container-service-0.5.0-SNAPSHOT.jar:?]
	at org.apache.ratis.server.impl.RaftServerImpl.submitClientRequestAsync(RaftServerImpl.java:566) ~[ratis-server-0.4.0-2337318-SNAPSHOT.jar:0.4.0-2337318-SNAPSHOT]
	at org.apache.ratis.server.impl.RaftServerProxy.lambda$submitClientRequestAsync$7(RaftServerProxy.java:333) ~[ratis-server-0.4.0-2337318-SNAPSHOT.jar:0.4.0-2337318-SNAPSHOT]
	at org.apache.ratis.server.impl.RaftServerProxy.lambda$null$5(RaftServerProxy.java:328) ~[ratis-server-0.4.0-2337318-SNAPSHOT.jar:0.4.0-2337318-SNAPSHOT]
	at org.apache.ratis.util.JavaUtils.callAsUnchecked(JavaUtils.java:109) ~[ratis-common-0.4.0-2337318-SNAPSHOT.jar:0.4.0-2337318-SNAPSHOT]
	at org.apache.ratis.server.impl.RaftServerProxy.lambda$submitRequest$6(RaftServerProxy.java:328) ~[ratis-server-0.4.0-2337318-SNAPSHOT.jar:0.4.0-2337318-SNAPSHOT]
	at java.util.concurrent.CompletableFuture.uniComposeStage(CompletableFuture.java:981) ~[?:1.8.0_212]
	at java.util.concurrent.CompletableFuture.thenCompose(CompletableFuture.java:2124) ~[?:1.8.0_212]
	at org.apache.ratis.server.impl.RaftServerProxy.submitRequest(RaftServerProxy.java:327) ~[ratis-server-0.4.0-2337318-SNAPSHOT.jar:0.4.0-2337318-SNAPSHOT]
	at org.apache.ratis.server.impl.RaftServerProxy.submitClientRequestAsync(RaftServerProxy.java:333) ~[ratis-server-0.4.0-2337318-SNAPSHOT.jar:0.4.0-2337318-SNAPSHOT]
	at org.apache.ratis.grpc.client.GrpcClientProtocolService$RequestStreamObserver.processClientRequest(GrpcClientProtocolService.java:220) ~[ratis-grpc-0.4.0-2337318-SNAPSHOT.jar:0.4.0-2337318-SNAPSHOT]
	at org.apache.ratis.grpc.client.GrpcClientProtocolService$OrderedRequestStreamObserver.processClientRequest(GrpcClientProtocolService.java:326) ~[ratis-grpc-0.4.0-2337318-SNAPSHOT.jar:0.4.0-2337318-SNAPSHOT]
	at org.apache.ratis.util.SlidingWindow$Server.processRequestsFromHead(SlidingWindow.java:429) [ratis-common-0.4.0-2337318-SNAPSHOT.jar:0.4.0-2337318-SNAPSHOT]
	at org.apache.ratis.util.SlidingWindow$Server.receivedRequest(SlidingWindow.java:421) [ratis-common-0.4.0-2337318-SNAPSHOT.jar:0.4.0-2337318-SNAPSHOT]
	at org.apache.ratis.grpc.client.GrpcClientProtocolService$OrderedRequestStreamObserver.processClientRequest(GrpcClientProtocolService.java:345) [ratis-grpc-0.4.0-2337318-SNAPSHOT.jar:0.4.0-2337318-SNAPSHOT]
	at org.apache.ratis.grpc.client.GrpcClientProtocolService$RequestStreamObserver.onNext(GrpcClientProtocolService.java:240) [ratis-grpc-0.4.0-2337318-SNAPSHOT.jar:0.4.0-2337318-SNAPSHOT]
	at org.apache.ratis.grpc.client.GrpcClientProtocolService$RequestStreamObserver.onNext(GrpcClientProtocolService.java:168) [ratis-grpc-0.4.0-2337318-SNAPSHOT.jar:0.4.0-2337318-SNAPSHOT]
	at org.apache.ratis.thirdparty.io.grpc.stub.ServerCalls$StreamingServerCallHandler$StreamingServerCallListener.onMessage(ServerCalls.java:248) [ratis-thirdparty-misc-0.2.0.jar:0.2.0]
	at org.apache.ratis.thirdparty.io.grpc.internal.ServerCallImpl$ServerStreamListenerImpl.messagesAvailable(ServerCallImpl.java:263) [ratis-thirdparty-misc-0.2.0.jar:0.2.0]
	at org.apache.ratis.thirdparty.io.grpc.internal.ServerImpl$JumpToApplicationThreadServerStreamListener$1MessagesAvailable.runInContext(ServerImpl.java:686) [ratis-thirdparty-misc-0.2.0.jar:0.2.0]
	at org.apache.ratis.thirdparty.io.grpc.internal.ContextRunnable.run(ContextRunnable.java:37) [ratis-thirdparty-misc-0.2.0.jar:0.2.0]
	at org.apache.ratis.thirdparty.io.grpc.internal.SerializingExecutor.run(SerializingExecutor.java:123) [ratis-thirdparty-misc-0.2.0.jar:0.2.0]
	at java.util.concurrent.ThreadPoolExecutor.runWorker(ThreadPoolExecutor.java:1149) [?:1.8.0_212]
	at java.util.concurrent.ThreadPoolExecutor$Worker.run(ThreadPoolExecutor.java:624) [?:1.8.0_212]
	at java.lang.Thread.run(Thread.java:748) [?:1.8.0_212]
2019-07-14 06:53:14,582 INFO  client.GrpcClientProtocolClient (GrpcClientProtocolClient.java:onNext(255)) - client-1A077AA421E2->bd478038-e945-461e-b90e-7e4a7365f088: receive RaftClientReply:client-1A077AA421E2->bd478038-e945-461e-b90e-7e4a7365f088@group-21806AE7903E, cid=177, FAILED org.apache.ratis.protocol.StateMachineException: org.apache.hadoop.hdds.scm.container.common.helpers.ContainerNotOpenException from Server bd478038-e945-461e-b90e-7e4a7365f088: Container 2 in CLOSED state, logIndex=0, commits[bd478038-e945-461e-b90e-7e4a7365f088:c6, 5ddcfedb-1ec3-4cbe-93cc-6dc9cf8e9a9b:c6, 61713fc7-dd46-4c26-82a5-6c983c62de7e:c5]
2019-07-14 06:53:14,584 INFO  client.GrpcClientProtocolClient (GrpcClientProtocolClient.java:onNext(255)) - client-1A077AA421E2->bd478038-e945-461e-b90e-7e4a7365f088: receive RaftClientReply:client-1A077AA421E2->bd478038-e945-461e-b90e-7e4a7365f088@group-21806AE7903E, cid=178, FAILED org.apache.ratis.protocol.StateMachineException: org.apache.hadoop.hdds.scm.container.common.helpers.ContainerNotOpenException from Server bd478038-e945-461e-b90e-7e4a7365f088: Container 2 in CLOSED state, logIndex=0, commits[bd478038-e945-461e-b90e-7e4a7365f088:c6, 5ddcfedb-1ec3-4cbe-93cc-6dc9cf8e9a9b:c6, 61713fc7-dd46-4c26-82a5-6c983c62de7e:c5]
2019-07-14 06:53:14,838 INFO  client.GrpcClientProtocolClient (GrpcClientProtocolClient.java:onNext(255)) - client-20FD8F58A721->b745b9d8-0e41-450a-b915-4099f41803a5: receive RaftClientReply:client-20FD8F58A721->b745b9d8-0e41-450a-b915-4099f41803a5@group-CBF4CBA06C02, cid=179, SUCCESS, logIndex=17, commits[b745b9d8-0e41-450a-b915-4099f41803a5:c17, a89baacc-951e-4b02-9e01-bb62a6f8d36f:c16, 9506c4af-261b-48ce-a71c-abe081543e5e:c16]
2019-07-14 06:53:14,958 INFO  client.GrpcClientProtocolClient (GrpcClientProtocolClient.java:onNext(255)) - client-20FD8F58A721->b745b9d8-0e41-450a-b915-4099f41803a5: receive RaftClientReply:client-20FD8F58A721->b745b9d8-0e41-450a-b915-4099f41803a5@group-CBF4CBA06C02, cid=180, SUCCESS, logIndex=19, commits[b745b9d8-0e41-450a-b915-4099f41803a5:c24, a89baacc-951e-4b02-9e01-bb62a6f8d36f:c21, 9506c4af-261b-48ce-a71c-abe081543e5e:c21]
2019-07-14 06:53:14,958 INFO  client.GrpcClientProtocolClient (GrpcClientProtocolClient.java:onNext(255)) - client-20FD8F58A721->b745b9d8-0e41-450a-b915-4099f41803a5: receive RaftClientReply:client-20FD8F58A721->b745b9d8-0e41-450a-b915-4099f41803a5@group-CBF4CBA06C02, cid=181, SUCCESS, logIndex=20, commits[b745b9d8-0e41-450a-b915-4099f41803a5:c24, a89baacc-951e-4b02-9e01-bb62a6f8d36f:c21, 9506c4af-261b-48ce-a71c-abe081543e5e:c21]
2019-07-14 06:53:15,019 INFO  client.GrpcClientProtocolClient (GrpcClientProtocolClient.java:onNext(255)) - client-20FD8F58A721->b745b9d8-0e41-450a-b915-4099f41803a5: receive RaftClientReply:client-20FD8F58A721->b745b9d8-0e41-450a-b915-4099f41803a5@group-CBF4CBA06C02, cid=182, SUCCESS, logIndex=21, commits[b745b9d8-0e41-450a-b915-4099f41803a5:c24, a89baacc-951e-4b02-9e01-bb62a6f8d36f:c21, 9506c4af-261b-48ce-a71c-abe081543e5e:c21]
2019-07-14 06:53:15,101 INFO  client.GrpcClientProtocolClient (GrpcClientProtocolClient.java:onNext(255)) - client-20FD8F58A721->b745b9d8-0e41-450a-b915-4099f41803a5: receive RaftClientReply:client-20FD8F58A721->b745b9d8-0e41-450a-b915-4099f41803a5@group-CBF4CBA06C02, cid=183, SUCCESS, logIndex=25, commits[b745b9d8-0e41-450a-b915-4099f41803a5:c28, a89baacc-951e-4b02-9e01-bb62a6f8d36f:c24, 9506c4af-261b-48ce-a71c-abe081543e5e:c24]
2019-07-14 06:53:15,102 INFO  client.GrpcClientProtocolClient (GrpcClientProtocolClient.java:onNext(255)) - client-20FD8F58A721->b745b9d8-0e41-450a-b915-4099f41803a5: receive RaftClientReply:client-20FD8F58A721->b745b9d8-0e41-450a-b915-4099f41803a5@group-CBF4CBA06C02, cid=184, SUCCESS, logIndex=26, commits[b745b9d8-0e41-450a-b915-4099f41803a5:c29, a89baacc-951e-4b02-9e01-bb62a6f8d36f:c24, 9506c4af-261b-48ce-a71c-abe081543e5e:c26]
2019-07-14 06:53:15,103 INFO  client.GrpcClientProtocolClient (GrpcClientProtocolClient.java:onNext(255)) - client-20FD8F58A721->b745b9d8-0e41-450a-b915-4099f41803a5: receive RaftClientReply:client-20FD8F58A721->b745b9d8-0e41-450a-b915-4099f41803a5@group-CBF4CBA06C02, cid=185, SUCCESS, logIndex=27, commits[b745b9d8-0e41-450a-b915-4099f41803a5:c29, a89baacc-951e-4b02-9e01-bb62a6f8d36f:c24, 9506c4af-261b-48ce-a71c-abe081543e5e:c26]
2019-07-14 06:53:15,104 INFO  client.GrpcClientProtocolClient (GrpcClientProtocolClient.java:onNext(255)) - client-20FD8F58A721->b745b9d8-0e41-450a-b915-4099f41803a5: receive RaftClientReply:client-20FD8F58A721->b745b9d8-0e41-450a-b915-4099f41803a5@group-CBF4CBA06C02, cid=186, SUCCESS, logIndex=28, commits[b745b9d8-0e41-450a-b915-4099f41803a5:c29, a89baacc-951e-4b02-9e01-bb62a6f8d36f:c26, 9506c4af-261b-48ce-a71c-abe081543e5e:c26]
2019-07-14 06:53:15,114 INFO  client.GrpcClientProtocolClient (GrpcClientProtocolClient.java:onNext(255)) - client-20FD8F58A721->b745b9d8-0e41-450a-b915-4099f41803a5: receive RaftClientReply:client-20FD8F58A721->b745b9d8-0e41-450a-b915-4099f41803a5@group-CBF4CBA06C02, cid=187, SUCCESS, logIndex=0, commits[b745b9d8-0e41-450a-b915-4099f41803a5:c32, a89baacc-951e-4b02-9e01-bb62a6f8d36f:c28, 9506c4af-261b-48ce-a71c-abe081543e5e:c28]
2019-07-14 06:53:15,225 INFO  client.GrpcClientProtocolClient (GrpcClientProtocolClient.java:onNext(255)) - client-20FD8F58A721->b745b9d8-0e41-450a-b915-4099f41803a5: receive RaftClientReply:client-20FD8F58A721->b745b9d8-0e41-450a-b915-4099f41803a5@group-CBF4CBA06C02, cid=188, SUCCESS, logIndex=33, commits[b745b9d8-0e41-450a-b915-4099f41803a5:c34, a89baacc-951e-4b02-9e01-bb62a6f8d36f:c32, 9506c4af-261b-48ce-a71c-abe081543e5e:c32]
2019-07-14 06:53:15,266 INFO  client.GrpcClientProtocolClient (GrpcClientProtocolClient.java:onNext(255)) - client-20FD8F58A721->b745b9d8-0e41-450a-b915-4099f41803a5: receive RaftClientReply:client-20FD8F58A721->b745b9d8-0e41-450a-b915-4099f41803a5@group-CBF4CBA06C02, cid=189, SUCCESS, logIndex=34, commits[b745b9d8-0e41-450a-b915-4099f41803a5:c36, a89baacc-951e-4b02-9e01-bb62a6f8d36f:c34, 9506c4af-261b-48ce-a71c-abe081543e5e:c34]
2019-07-14 06:53:15,363 INFO  pipeline.Pipeline (Pipeline.java:getProtobufMessage(195)) - Serialize pipeline PipelineID=39420bb7-8424-48e8-9fad-cbf4cba06c02 with nodesInOrder{ }
2019-07-14 06:53:15,363 INFO  pipeline.Pipeline (Pipeline.java:getProtobufMessage(195)) - Serialize pipeline PipelineID=39420bb7-8424-48e8-9fad-cbf4cba06c02 with nodesInOrder{ }
2019-07-14 06:53:15,363 INFO  pipeline.Pipeline (Pipeline.java:getProtobufMessage(195)) - Serialize pipeline PipelineID=39420bb7-8424-48e8-9fad-cbf4cba06c02 with nodesInOrder{ }
2019-07-14 06:53:15,364 INFO  pipeline.Pipeline (Pipeline.java:build(342)) - Deserialize nodesInOrder [a89baacc-951e-4b02-9e01-bb62a6f8d36f{ip: 192.168.5.144, host: trunk-nightly-8c95p-1540871953, networkLocation: /default-rack, certSerialId: null}, a89baacc-951e-4b02-9e01-bb62a6f8d36f{ip: 192.168.5.144, host: trunk-nightly-8c95p-1540871953, networkLocation: /default-rack, certSerialId: null}, a89baacc-951e-4b02-9e01-bb62a6f8d36f{ip: 192.168.5.144, host: trunk-nightly-8c95p-1540871953, networkLocation: /default-rack, certSerialId: null}] in pipeline PipelineID=39420bb7-8424-48e8-9fad-cbf4cba06c02
2019-07-14 06:53:15,365 INFO  pipeline.Pipeline (Pipeline.java:build(342)) - Deserialize nodesInOrder [a89baacc-951e-4b02-9e01-bb62a6f8d36f{ip: 192.168.5.144, host: trunk-nightly-8c95p-1540871953, networkLocation: /default-rack, certSerialId: null}, a89baacc-951e-4b02-9e01-bb62a6f8d36f{ip: 192.168.5.144, host: trunk-nightly-8c95p-1540871953, networkLocation: /default-rack, certSerialId: null}, a89baacc-951e-4b02-9e01-bb62a6f8d36f{ip: 192.168.5.144, host: trunk-nightly-8c95p-1540871953, networkLocation: /default-rack, certSerialId: null}] in pipeline PipelineID=39420bb7-8424-48e8-9fad-cbf4cba06c02
2019-07-14 06:53:15,365 INFO  pipeline.Pipeline (Pipeline.java:build(342)) - Deserialize nodesInOrder [a89baacc-951e-4b02-9e01-bb62a6f8d36f{ip: 192.168.5.144, host: trunk-nightly-8c95p-1540871953, networkLocation: /default-rack, certSerialId: null}, a89baacc-951e-4b02-9e01-bb62a6f8d36f{ip: 192.168.5.144, host: trunk-nightly-8c95p-1540871953, networkLocation: /default-rack, certSerialId: null}, a89baacc-951e-4b02-9e01-bb62a6f8d36f{ip: 192.168.5.144, host: trunk-nightly-8c95p-1540871953, networkLocation: /default-rack, certSerialId: null}] in pipeline PipelineID=39420bb7-8424-48e8-9fad-cbf4cba06c02
]]></system-out>
    <system-err><![CDATA[Jul 14, 2019 6:52:52 AM com.sun.jersey.server.impl.application.WebApplicationImpl _initiate
INFO: Initiating Jersey application, version 'Jersey: 1.19 02/11/2015 03:25 AM'
Jul 14, 2019 6:52:52 AM com.sun.jersey.server.impl.application.WebApplicationImpl _initiate
INFO: Initiating Jersey application, version 'Jersey: 1.19 02/11/2015 03:25 AM'
Jul 14, 2019 6:52:53 AM com.sun.jersey.server.impl.application.WebApplicationImpl _initiate
INFO: Initiating Jersey application, version 'Jersey: 1.19 02/11/2015 03:25 AM'
Jul 14, 2019 6:52:53 AM com.sun.jersey.server.impl.application.WebApplicationImpl _initiate
INFO: Initiating Jersey application, version 'Jersey: 1.19 02/11/2015 03:25 AM'
Jul 14, 2019 6:52:53 AM com.sun.jersey.server.impl.application.WebApplicationImpl _initiate
INFO: Initiating Jersey application, version 'Jersey: 1.19 02/11/2015 03:25 AM'
Jul 14, 2019 6:52:53 AM com.sun.jersey.server.impl.application.WebApplicationImpl _initiate
INFO: Initiating Jersey application, version 'Jersey: 1.19 02/11/2015 03:25 AM'
]]></system-err>
  </testcase>
</testsuite>