<?xml version="1.0" encoding="UTF-8"?>
<testsuite xmlns:xsi="http://www.w3.org/2001/XMLSchema-instance" xsi:noNamespaceSchemaLocation="https://maven.apache.org/surefire/maven-surefire-plugin/xsd/surefire-test-report.xsd" name="org.apache.hadoop.ozone.client.rpc.TestCloseContainerHandlingByClient" time="54.875" tests="8" errors="6" skipped="1" failures="0">
  <properties>
    <property name="awt.toolkit" value="sun.awt.X11.XToolkit"/>
    <property name="file.encoding.pkg" value="sun.io"/>
    <property name="java.specification.version" value="1.8"/>
    <property name="sun.cpu.isalist" value=""/>
    <property name="sun.jnu.encoding" value="UTF-8"/>
    <property name="java.class.path" value="/tmp/workdir/hadoop-ozone/integration-test/target/test-classes:/tmp/workdir/hadoop-ozone/integration-test/target/classes:/home/user/.m2/repository/org/apache/hadoop/hadoop-ozone-common/0.5.0-SNAPSHOT/hadoop-ozone-common-0.5.0-SNAPSHOT.jar:/home/user/.m2/repository/org/apache/commons/commons-compress/1.4.1/commons-compress-1.4.1.jar:/home/user/.m2/repository/org/tukaani/xz/1.0/xz-1.0.jar:/home/user/.m2/repository/org/apache/hadoop/hadoop-common/3.2.0/hadoop-common-3.2.0.jar:/home/user/.m2/repository/org/apache/hadoop/hadoop-hdfs/3.2.0/hadoop-hdfs-3.2.0.jar:/home/user/.m2/repository/org/apache/hadoop/hadoop-hdfs-client/3.2.0/hadoop-hdfs-client-3.2.0.jar:/home/user/.m2/repository/com/fasterxml/jackson/core/jackson-annotations/2.9.5/jackson-annotations-2.9.5.jar:/home/user/.m2/repository/org/apache/hadoop/hadoop-hdds-common/0.5.0-SNAPSHOT/hadoop-hdds-common-0.5.0-SNAPSHOT.jar:/home/user/.m2/repository/javax/annotation/javax.annotation-api/1.2/javax.annotation-api-1.2.jar:/home/user/.m2/repository/org/apache/ratis/ratis-server/0.4.0-2337318-SNAPSHOT/ratis-server-0.4.0-2337318-SNAPSHOT.jar:/home/user/.m2/repository/org/apache/ratis/ratis-thirdparty-misc/0.2.0/ratis-thirdparty-misc-0.2.0.jar:/home/user/.m2/repository/org/apache/ratis/ratis-proto/0.4.0-2337318-SNAPSHOT/ratis-proto-0.4.0-2337318-SNAPSHOT.jar:/home/user/.m2/repository/org/apache/ratis/ratis-common/0.4.0-2337318-SNAPSHOT/ratis-common-0.4.0-2337318-SNAPSHOT.jar:/home/user/.m2/repository/org/apache/ratis/ratis-client/0.4.0-2337318-SNAPSHOT/ratis-client-0.4.0-2337318-SNAPSHOT.jar:/home/user/.m2/repository/org/apache/ratis/ratis-metrics/0.4.0-2337318-SNAPSHOT/ratis-metrics-0.4.0-2337318-SNAPSHOT.jar:/home/user/.m2/repository/org/apache/ratis/ratis-netty/0.4.0-2337318-SNAPSHOT/ratis-netty-0.4.0-2337318-SNAPSHOT.jar:/home/user/.m2/repository/org/apache/ratis/ratis-grpc/0.4.0-2337318-SNAPSHOT/ratis-grpc-0.4.0-2337318-SNAPSHOT.jar:/home/user/.m2/repository/org/rocksdb/rocksdbjni/6.0.1/rocksdbjni-6.0.1.jar:/home/user/.m2/repository/org/apache/logging/log4j/log4j-api/2.11.0/log4j-api-2.11.0.jar:/home/user/.m2/repository/org/apache/logging/log4j/log4j-core/2.11.0/log4j-core-2.11.0.jar:/home/user/.m2/repository/com/lmax/disruptor/3.4.2/disruptor-3.4.2.jar:/home/user/.m2/repository/org/apache/commons/commons-pool2/2.6.0/commons-pool2-2.6.0.jar:/home/user/.m2/repository/org/bouncycastle/bcpkix-jdk15on/1.60/bcpkix-jdk15on-1.60.jar:/home/user/.m2/repository/commons-validator/commons-validator/1.6/commons-validator-1.6.jar:/home/user/.m2/repository/commons-digester/commons-digester/1.8.1/commons-digester-1.8.1.jar:/home/user/.m2/repository/io/jaegertracing/jaeger-client/0.33.1/jaeger-client-0.33.1.jar:/home/user/.m2/repository/io/jaegertracing/jaeger-thrift/0.33.1/jaeger-thrift-0.33.1.jar:/home/user/.m2/repository/org/apache/thrift/libthrift/0.11.0/libthrift-0.11.0.jar:/home/user/.m2/repository/com/squareup/okhttp3/okhttp/3.9.0/okhttp-3.9.0.jar:/home/user/.m2/repository/com/squareup/okio/okio/1.13.0/okio-1.13.0.jar:/home/user/.m2/repository/io/jaegertracing/jaeger-core/0.33.1/jaeger-core-0.33.1.jar:/home/user/.m2/repository/io/jaegertracing/jaeger-tracerresolver/0.33.1/jaeger-tracerresolver-0.33.1.jar:/home/user/.m2/repository/io/opentracing/contrib/opentracing-tracerresolver/0.1.5/opentracing-tracerresolver-0.1.5.jar:/home/user/.m2/repository/io/opentracing/opentracing-util/0.31.0/opentracing-util-0.31.0.jar:/home/user/.m2/repository/io/opentracing/opentracing-api/0.31.0/opentracing-api-0.31.0.jar:/home/user/.m2/repository/io/opentracing/opentracing-noop/0.31.0/opentracing-noop-0.31.0.jar:/home/user/.m2/repository/org/apache/hadoop/hadoop-hdds-server-framework/0.5.0-SNAPSHOT/hadoop-hdds-server-framework-0.5.0-SNAPSHOT.jar:/home/user/.m2/repository/org/apache/hadoop/hadoop-hdds-container-service/0.5.0-SNAPSHOT/hadoop-hdds-container-service-0.5.0-SNAPSHOT.jar:/home/user/.m2/repository/org/apache/hadoop/hadoop-hdds-client/0.5.0-SNAPSHOT/hadoop-hdds-client-0.5.0-SNAPSHOT.jar:/home/user/.m2/repository/org/apache/hadoop/hadoop-hdds-tools/0.5.0-SNAPSHOT/hadoop-hdds-tools-0.5.0-SNAPSHOT.jar:/home/user/.m2/repository/org/apache/hadoop/hadoop-hdds-server-scm/0.5.0-SNAPSHOT/hadoop-hdds-server-scm-0.5.0-SNAPSHOT.jar:/home/user/.m2/repository/org/apache/hadoop/hadoop-hdds-docs/0.5.0-SNAPSHOT/hadoop-hdds-docs-0.5.0-SNAPSHOT.jar:/home/user/.m2/repository/io/dropwizard/metrics/metrics-core/3.2.4/metrics-core-3.2.4.jar:/home/user/.m2/repository/org/hamcrest/hamcrest-all/1.3/hamcrest-all-1.3.jar:/home/user/.m2/repository/org/bouncycastle/bcprov-jdk15on/1.60/bcprov-jdk15on-1.60.jar:/home/user/.m2/repository/info/picocli/picocli/3.9.6/picocli-3.9.6.jar:/home/user/.m2/repository/com/google/protobuf/protobuf-java/2.5.0/protobuf-java-2.5.0.jar:/home/user/.m2/repository/com/google/guava/guava/11.0.2/guava-11.0.2.jar:/home/user/.m2/repository/org/apache/hadoop/hadoop-ozone-ozone-manager/0.5.0-SNAPSHOT/hadoop-ozone-ozone-manager-0.5.0-SNAPSHOT.jar:/home/user/.m2/repository/org/apache/hadoop/hadoop-minikdc/3.2.0/hadoop-minikdc-3.2.0.jar:/home/user/.m2/repository/commons-io/commons-io/2.5/commons-io-2.5.jar:/home/user/.m2/repository/org/apache/kerby/kerb-simplekdc/1.0.1/kerb-simplekdc-1.0.1.jar:/home/user/.m2/repository/org/apache/kerby/kerb-client/1.0.1/kerb-client-1.0.1.jar:/home/user/.m2/repository/org/apache/kerby/kerby-config/1.0.1/kerby-config-1.0.1.jar:/home/user/.m2/repository/org/apache/kerby/kerb-core/1.0.1/kerb-core-1.0.1.jar:/home/user/.m2/repository/org/apache/kerby/kerby-pkix/1.0.1/kerby-pkix-1.0.1.jar:/home/user/.m2/repository/org/apache/kerby/kerby-asn1/1.0.1/kerby-asn1-1.0.1.jar:/home/user/.m2/repository/org/apache/kerby/kerby-util/1.0.1/kerby-util-1.0.1.jar:/home/user/.m2/repository/org/apache/kerby/kerb-common/1.0.1/kerb-common-1.0.1.jar:/home/user/.m2/repository/org/apache/kerby/kerb-crypto/1.0.1/kerb-crypto-1.0.1.jar:/home/user/.m2/repository/org/apache/kerby/kerb-util/1.0.1/kerb-util-1.0.1.jar:/home/user/.m2/repository/org/apache/kerby/token-provider/1.0.1/token-provider-1.0.1.jar:/home/user/.m2/repository/org/apache/kerby/kerb-admin/1.0.1/kerb-admin-1.0.1.jar:/home/user/.m2/repository/org/apache/kerby/kerb-server/1.0.1/kerb-server-1.0.1.jar:/home/user/.m2/repository/org/apache/kerby/kerb-identity/1.0.1/kerb-identity-1.0.1.jar:/home/user/.m2/repository/org/apache/kerby/kerby-xdr/1.0.1/kerby-xdr-1.0.1.jar:/home/user/.m2/repository/org/slf4j/slf4j-log4j12/1.7.25/slf4j-log4j12-1.7.25.jar:/home/user/.m2/repository/org/apache/hadoop/hadoop-ozone-objectstore-service/0.5.0-SNAPSHOT/hadoop-ozone-objectstore-service-0.5.0-SNAPSHOT.jar:/home/user/.m2/repository/org/apache/hadoop/hadoop-ozone-s3gateway/0.5.0-SNAPSHOT/hadoop-ozone-s3gateway-0.5.0-SNAPSHOT.jar:/home/user/.m2/repository/org/jboss/weld/servlet/weld-servlet/2.4.7.Final/weld-servlet-2.4.7.Final.jar:/home/user/.m2/repository/org/glassfish/jersey/containers/jersey-container-servlet-core/2.27/jersey-container-servlet-core-2.27.jar:/home/user/.m2/repository/org/glassfish/hk2/external/javax.inject/2.5.0-b42/javax.inject-2.5.0-b42.jar:/home/user/.m2/repository/org/glassfish/jersey/core/jersey-common/2.27/jersey-common-2.27.jar:/home/user/.m2/repository/org/glassfish/hk2/osgi-resource-locator/1.0.1/osgi-resource-locator-1.0.1.jar:/home/user/.m2/repository/javax/ws/rs/javax.ws.rs-api/2.1/javax.ws.rs-api-2.1.jar:/home/user/.m2/repository/org/glassfish/jersey/ext/cdi/jersey-cdi1x/2.27/jersey-cdi1x-2.27.jar:/home/user/.m2/repository/org/glassfish/jersey/inject/jersey-hk2/2.27/jersey-hk2-2.27.jar:/home/user/.m2/repository/org/glassfish/hk2/hk2-locator/2.5.0-b42/hk2-locator-2.5.0-b42.jar:/home/user/.m2/repository/org/javassist/javassist/3.22.0-CR2/javassist-3.22.0-CR2.jar:/home/user/.m2/repository/org/glassfish/hk2/hk2-api/2.5.0/hk2-api-2.5.0.jar:/home/user/.m2/repository/org/glassfish/hk2/external/jakarta.inject/2.5.0/jakarta.inject-2.5.0.jar:/home/user/.m2/repository/org/glassfish/hk2/hk2-utils/2.5.0/hk2-utils-2.5.0.jar:/home/user/.m2/repository/jakarta/annotation/jakarta.annotation-api/1.3.4/jakarta.annotation-api-1.3.4.jar:/home/user/.m2/repository/org/glassfish/hk2/external/aopalliance-repackaged/2.5.0/aopalliance-repackaged-2.5.0.jar:/home/user/.m2/repository/com/fasterxml/jackson/dataformat/jackson-dataformat-xml/2.9.0/jackson-dataformat-xml-2.9.0.jar:/home/user/.m2/repository/com/fasterxml/jackson/core/jackson-core/2.9.5/jackson-core-2.9.5.jar:/home/user/.m2/repository/com/fasterxml/jackson/module/jackson-module-jaxb-annotations/2.9.5/jackson-module-jaxb-annotations-2.9.5.jar:/home/user/.m2/repository/javax/enterprise/cdi-api/1.2/cdi-api-1.2.jar:/home/user/.m2/repository/javax/el/javax.el-api/3.0.0/javax.el-api-3.0.0.jar:/home/user/.m2/repository/javax/interceptor/javax.interceptor-api/1.2/javax.interceptor-api-1.2.jar:/home/user/.m2/repository/javax/inject/javax.inject/1/javax.inject-1.jar:/home/user/.m2/repository/com/sun/xml/bind/jaxb-impl/2.3.0.1/jaxb-impl-2.3.0.1.jar:/home/user/.m2/repository/com/sun/xml/bind/jaxb-core/2.3.0.1/jaxb-core-2.3.0.1.jar:/home/user/.m2/repository/javax/xml/bind/jaxb-api/2.3.0/jaxb-api-2.3.0.jar:/home/user/.m2/repository/javax/activation/activation/1.1.1/activation-1.1.1.jar:/home/user/.m2/repository/org/apache/hadoop/hadoop-ozone-csi/0.5.0-SNAPSHOT/hadoop-ozone-csi-0.5.0-SNAPSHOT.jar:/home/user/.m2/repository/com/google/protobuf/protobuf-java-util/3.5.1/protobuf-java-util-3.5.1.jar:/home/user/.m2/repository/org/apache/hadoop/hadoop-hdds-config/0.5.0-SNAPSHOT/hadoop-hdds-config-0.5.0-SNAPSHOT.jar:/home/user/.m2/repository/io/grpc/grpc-netty/1.17.1/grpc-netty-1.17.1.jar:/home/user/.m2/repository/io/grpc/grpc-core/1.17.1/grpc-core-1.17.1.jar:/home/user/.m2/repository/io/grpc/grpc-context/1.17.1/grpc-context-1.17.1.jar:/home/user/.m2/repository/com/google/errorprone/error_prone_annotations/2.2.0/error_prone_annotations-2.2.0.jar:/home/user/.m2/repository/org/codehaus/mojo/animal-sniffer-annotations/1.17/animal-sniffer-annotations-1.17.jar:/home/user/.m2/repository/io/opencensus/opencensus-api/0.17.0/opencensus-api-0.17.0.jar:/home/user/.m2/repository/io/opencensus/opencensus-contrib-grpc-metrics/0.17.0/opencensus-contrib-grpc-metrics-0.17.0.jar:/home/user/.m2/repository/io/netty/netty-codec-http2/4.1.30.Final/netty-codec-http2-4.1.30.Final.jar:/home/user/.m2/repository/io/netty/netty-codec-http/4.1.30.Final/netty-codec-http-4.1.30.Final.jar:/home/user/.m2/repository/io/netty/netty-codec/4.1.30.Final/netty-codec-4.1.30.Final.jar:/home/user/.m2/repository/io/netty/netty-handler/4.1.30.Final/netty-handler-4.1.30.Final.jar:/home/user/.m2/repository/io/netty/netty-handler-proxy/4.1.30.Final/netty-handler-proxy-4.1.30.Final.jar:/home/user/.m2/repository/io/netty/netty-codec-socks/4.1.30.Final/netty-codec-socks-4.1.30.Final.jar:/home/user/.m2/repository/io/netty/netty-transport-native-epoll/4.1.30.Final/netty-transport-native-epoll-4.1.30.Final.jar:/home/user/.m2/repository/io/netty/netty-common/4.1.30.Final/netty-common-4.1.30.Final.jar:/home/user/.m2/repository/io/netty/netty-buffer/4.1.30.Final/netty-buffer-4.1.30.Final.jar:/home/user/.m2/repository/io/netty/netty-transport/4.1.30.Final/netty-transport-4.1.30.Final.jar:/home/user/.m2/repository/io/netty/netty-resolver/4.1.30.Final/netty-resolver-4.1.30.Final.jar:/home/user/.m2/repository/io/netty/netty-transport-native-unix-common/4.1.30.Final/netty-transport-native-unix-common-4.1.30.Final.jar:/home/user/.m2/repository/io/grpc/grpc-protobuf/1.17.1/grpc-protobuf-1.17.1.jar:/home/user/.m2/repository/com/google/api/grpc/proto-google-common-protos/1.0.0/proto-google-common-protos-1.0.0.jar:/home/user/.m2/repository/io/grpc/grpc-protobuf-lite/1.17.1/grpc-protobuf-lite-1.17.1.jar:/home/user/.m2/repository/io/grpc/grpc-stub/1.17.1/grpc-stub-1.17.1.jar:/home/user/.m2/repository/org/apache/hadoop/hadoop-ozone-recon/0.5.0-SNAPSHOT/hadoop-ozone-recon-0.5.0-SNAPSHOT.jar:/home/user/.m2/repository/org/apache/hadoop/hadoop-ozone-reconcodegen/0.5.0-SNAPSHOT/hadoop-ozone-reconcodegen-0.5.0-SNAPSHOT.jar:/home/user/.m2/repository/com/google/inject/extensions/guice-multibindings/4.0/guice-multibindings-4.0.jar:/home/user/.m2/repository/com/google/inject/guice/4.0/guice-4.0.jar:/home/user/.m2/repository/aopalliance/aopalliance/1.0/aopalliance-1.0.jar:/home/user/.m2/repository/com/google/inject/extensions/guice-servlet/4.0/guice-servlet-4.0.jar:/home/user/.m2/repository/org/glassfish/jersey/containers/jersey-container-servlet/2.27/jersey-container-servlet-2.27.jar:/home/user/.m2/repository/org/glassfish/hk2/guice-bridge/2.5.0/guice-bridge-2.5.0.jar:/home/user/.m2/repository/org/glassfish/jersey/core/jersey-server/2.27/jersey-server-2.27.jar:/home/user/.m2/repository/org/glassfish/jersey/core/jersey-client/2.27/jersey-client-2.27.jar:/home/user/.m2/repository/org/glassfish/jersey/media/jersey-media-jaxb/2.27/jersey-media-jaxb-2.27.jar:/home/user/.m2/repository/javax/validation/validation-api/1.1.0.Final/validation-api-1.1.0.Final.jar:/home/user/.m2/repository/org/glassfish/jersey/media/jersey-media-json-jackson/2.27/jersey-media-json-jackson-2.27.jar:/home/user/.m2/repository/org/glassfish/jersey/ext/jersey-entity-filtering/2.27/jersey-entity-filtering-2.27.jar:/home/user/.m2/repository/com/google/inject/extensions/guice-assistedinject/4.0/guice-assistedinject-4.0.jar:/home/user/.m2/repository/org/jooq/jooq/3.11.10/jooq-3.11.10.jar:/home/user/.m2/repository/org/jooq/jooq-meta/3.11.10/jooq-meta-3.11.10.jar:/home/user/.m2/repository/org/jooq/jooq-codegen/3.11.10/jooq-codegen-3.11.10.jar:/home/user/.m2/repository/com/jolbox/bonecp/0.8.0.RELEASE/bonecp-0.8.0.RELEASE.jar:/home/user/.m2/repository/org/xerial/sqlite-jdbc/3.25.2/sqlite-jdbc-3.25.2.jar:/home/user/.m2/repository/org/springframework/spring-jdbc/5.1.3.RELEASE/spring-jdbc-5.1.3.RELEASE.jar:/home/user/.m2/repository/org/springframework/spring-beans/5.1.3.RELEASE/spring-beans-5.1.3.RELEASE.jar:/home/user/.m2/repository/org/springframework/spring-core/5.1.3.RELEASE/spring-core-5.1.3.RELEASE.jar:/home/user/.m2/repository/org/springframework/spring-jcl/5.1.3.RELEASE/spring-jcl-5.1.3.RELEASE.jar:/home/user/.m2/repository/org/springframework/spring-tx/5.1.3.RELEASE/spring-tx-5.1.3.RELEASE.jar:/home/user/.m2/repository/org/apache/hadoop/hadoop-ozone-client/0.5.0-SNAPSHOT/hadoop-ozone-client-0.5.0-SNAPSHOT.jar:/home/user/.m2/repository/commons-lang/commons-lang/2.6/commons-lang-2.6.jar:/home/user/.m2/repository/org/apache/hadoop/hadoop-ozone-ozone-manager/0.5.0-SNAPSHOT/hadoop-ozone-ozone-manager-0.5.0-SNAPSHOT-tests.jar:/home/user/.m2/repository/junit/junit/4.11/junit-4.11.jar:/home/user/.m2/repository/org/hamcrest/hamcrest-core/1.3/hamcrest-core-1.3.jar:/home/user/.m2/repository/org/openjdk/jmh/jmh-core/1.19/jmh-core-1.19.jar:/home/user/.m2/repository/net/sf/jopt-simple/jopt-simple/4.6/jopt-simple-4.6.jar:/home/user/.m2/repository/org/apache/commons/commons-math3/3.1.1/commons-math3-3.1.1.jar:/home/user/.m2/repository/org/openjdk/jmh/jmh-generator-annprocess/1.19/jmh-generator-annprocess-1.19.jar:/home/user/.m2/repository/org/mockito/mockito-all/1.8.5/mockito-all-1.8.5.jar:/home/user/.m2/repository/org/apache/hadoop/hadoop-kms/3.2.0/hadoop-kms-3.2.0.jar:/home/user/.m2/repository/org/apache/hadoop/hadoop-auth/3.2.0/hadoop-auth-3.2.0.jar:/home/user/.m2/repository/com/nimbusds/nimbus-jose-jwt/4.41.1/nimbus-jose-jwt-4.41.1.jar:/home/user/.m2/repository/com/github/stephenc/jcip/jcip-annotations/1.0-1/jcip-annotations-1.0-1.jar:/home/user/.m2/repository/net/minidev/json-smart/2.3/json-smart-2.3.jar:/home/user/.m2/repository/net/minidev/accessors-smart/1.2/accessors-smart-1.2.jar:/home/user/.m2/repository/org/ow2/asm/asm/5.0.4/asm-5.0.4.jar:/home/user/.m2/repository/org/apache/curator/curator-framework/2.12.0/curator-framework-2.12.0.jar:/home/user/.m2/repository/com/sun/jersey/jersey-core/1.19/jersey-core-1.19.jar:/home/user/.m2/repository/javax/ws/rs/jsr311-api/1.1.1/jsr311-api-1.1.1.jar:/home/user/.m2/repository/com/sun/jersey/jersey-server/1.19/jersey-server-1.19.jar:/home/user/.m2/repository/javax/servlet/javax.servlet-api/3.1.0/javax.servlet-api-3.1.0.jar:/home/user/.m2/repository/org/eclipse/jetty/jetty-server/9.3.24.v20180605/jetty-server-9.3.24.v20180605.jar:/home/user/.m2/repository/org/eclipse/jetty/jetty-http/9.3.24.v20180605/jetty-http-9.3.24.v20180605.jar:/home/user/.m2/repository/org/eclipse/jetty/jetty-io/9.3.24.v20180605/jetty-io-9.3.24.v20180605.jar:/home/user/.m2/repository/org/eclipse/jetty/jetty-webapp/9.3.24.v20180605/jetty-webapp-9.3.24.v20180605.jar:/home/user/.m2/repository/org/eclipse/jetty/jetty-xml/9.3.24.v20180605/jetty-xml-9.3.24.v20180605.jar:/home/user/.m2/repository/log4j/log4j/1.2.17/log4j-1.2.17.jar:/home/user/.m2/repository/org/slf4j/slf4j-api/1.7.25/slf4j-api-1.7.25.jar:/home/user/.m2/repository/org/slf4j/jul-to-slf4j/1.7.25/jul-to-slf4j-1.7.25.jar:/home/user/.m2/repository/org/eclipse/jetty/jetty-util/9.3.24.v20180605/jetty-util-9.3.24.v20180605.jar:/home/user/.m2/repository/com/fasterxml/jackson/core/jackson-databind/2.9.5/jackson-databind-2.9.5.jar:/home/user/.m2/repository/org/apache/hadoop/hadoop-kms/3.2.0/hadoop-kms-3.2.0-tests.jar:/home/user/.m2/repository/org/apache/hadoop/hadoop-hdds-server-scm/0.5.0-SNAPSHOT/hadoop-hdds-server-scm-0.5.0-SNAPSHOT-tests.jar:/home/user/.m2/repository/org/apache/hadoop/hadoop-hdds-container-service/0.5.0-SNAPSHOT/hadoop-hdds-container-service-0.5.0-SNAPSHOT-tests.jar:/home/user/.m2/repository/org/yaml/snakeyaml/1.16/snakeyaml-1.16.jar:/home/user/.m2/repository/org/apache/hadoop/hadoop-common/3.2.0/hadoop-common-3.2.0-tests.jar:/home/user/.m2/repository/org/apache/hadoop/hadoop-annotations/3.2.0/hadoop-annotations-3.2.0.jar:/usr/lib/jvm/java-1.8-openjdk/jre/../lib/tools.jar:/home/user/.m2/repository/commons-cli/commons-cli/1.2/commons-cli-1.2.jar:/home/user/.m2/repository/org/apache/httpcomponents/httpclient/4.5.2/httpclient-4.5.2.jar:/home/user/.m2/repository/org/apache/httpcomponents/httpcore/4.4.4/httpcore-4.4.4.jar:/home/user/.m2/repository/commons-codec/commons-codec/1.11/commons-codec-1.11.jar:/home/user/.m2/repository/commons-net/commons-net/3.6/commons-net-3.6.jar:/home/user/.m2/repository/commons-collections/commons-collections/3.2.2/commons-collections-3.2.2.jar:/home/user/.m2/repository/org/eclipse/jetty/jetty-servlet/9.3.24.v20180605/jetty-servlet-9.3.24.v20180605.jar:/home/user/.m2/repository/org/eclipse/jetty/jetty-security/9.3.24.v20180605/jetty-security-9.3.24.v20180605.jar:/home/user/.m2/repository/javax/servlet/jsp/jsp-api/2.1/jsp-api-2.1.jar:/home/user/.m2/repository/com/sun/jersey/jersey-servlet/1.19/jersey-servlet-1.19.jar:/home/user/.m2/repository/com/sun/jersey/jersey-json/1.19/jersey-json-1.19.jar:/home/user/.m2/repository/org/codehaus/jettison/jettison/1.1/jettison-1.1.jar:/home/user/.m2/repository/org/codehaus/jackson/jackson-core-asl/1.9.13/jackson-core-asl-1.9.13.jar:/home/user/.m2/repository/org/codehaus/jackson/jackson-mapper-asl/1.9.13/jackson-mapper-asl-1.9.13.jar:/home/user/.m2/repository/org/codehaus/jackson/jackson-jaxrs/1.9.13/jackson-jaxrs-1.9.13.jar:/home/user/.m2/repository/org/codehaus/jackson/jackson-xc/1.9.13/jackson-xc-1.9.13.jar:/home/user/.m2/repository/commons-logging/commons-logging/1.1.3/commons-logging-1.1.3.jar:/home/user/.m2/repository/commons-beanutils/commons-beanutils/1.9.3/commons-beanutils-1.9.3.jar:/home/user/.m2/repository/org/apache/commons/commons-configuration2/2.1.1/commons-configuration2-2.1.1.jar:/home/user/.m2/repository/org/apache/commons/commons-lang3/3.7/commons-lang3-3.7.jar:/home/user/.m2/repository/org/apache/commons/commons-text/1.4/commons-text-1.4.jar:/home/user/.m2/repository/org/apache/avro/avro/1.7.7/avro-1.7.7.jar:/home/user/.m2/repository/com/thoughtworks/paranamer/paranamer/2.3/paranamer-2.3.jar:/home/user/.m2/repository/org/xerial/snappy/snappy-java/1.0.5/snappy-java-1.0.5.jar:/home/user/.m2/repository/com/google/re2j/re2j/1.1/re2j-1.1.jar:/home/user/.m2/repository/com/google/code/gson/gson/2.2.4/gson-2.2.4.jar:/home/user/.m2/repository/com/jcraft/jsch/0.1.54/jsch-0.1.54.jar:/home/user/.m2/repository/org/apache/curator/curator-client/2.12.0/curator-client-2.12.0.jar:/home/user/.m2/repository/org/apache/curator/curator-recipes/2.12.0/curator-recipes-2.12.0.jar:/home/user/.m2/repository/com/google/code/findbugs/jsr305/3.0.0/jsr305-3.0.0.jar:/home/user/.m2/repository/org/apache/htrace/htrace-core4/4.1.0-incubating/htrace-core4-4.1.0-incubating.jar:/home/user/.m2/repository/org/apache/zookeeper/zookeeper/3.4.13/zookeeper-3.4.13.jar:/home/user/.m2/repository/org/apache/yetus/audience-annotations/0.5.0/audience-annotations-0.5.0.jar:/home/user/.m2/repository/org/codehaus/woodstox/stax2-api/3.1.4/stax2-api-3.1.4.jar:/home/user/.m2/repository/com/fasterxml/woodstox/woodstox-core/5.0.3/woodstox-core-5.0.3.jar:/home/user/.m2/repository/dnsjava/dnsjava/2.1.7/dnsjava-2.1.7.jar:/home/user/.m2/repository/org/apache/hadoop/hadoop-hdfs/3.2.0/hadoop-hdfs-3.2.0-tests.jar:/home/user/.m2/repository/org/eclipse/jetty/jetty-util-ajax/9.3.24.v20180605/jetty-util-ajax-9.3.24.v20180605.jar:/home/user/.m2/repository/commons-daemon/commons-daemon/1.0.13/commons-daemon-1.0.13.jar:/home/user/.m2/repository/io/netty/netty/3.10.5.Final/netty-3.10.5.Final.jar:/home/user/.m2/repository/io/netty/netty-all/4.0.52.Final/netty-all-4.0.52.Final.jar:/home/user/.m2/repository/org/fusesource/leveldbjni/leveldbjni-all/1.8/leveldbjni-all-1.8.jar:"/>
    <property name="java.vm.vendor" value="IcedTea"/>
    <property name="sun.arch.data.model" value="64"/>
    <property name="test.build.dir" value="/tmp/workdir/hadoop-ozone/integration-test/target/test-dir"/>
    <property name="test.cache.data" value=""/>
    <property name="java.vendor.url" value="https://icedtea.classpath.org"/>
    <property name="user.timezone" value=""/>
    <property name="java.vm.specification.version" value="1.8"/>
    <property name="os.name" value="Linux"/>
    <property name="test.build.data" value="/tmp/workdir/hadoop-ozone/integration-test/target/test-dir"/>
    <property name="user.country" value="US"/>
    <property name="sun.java.launcher" value="SUN_STANDARD"/>
    <property name="sun.boot.library.path" value="/usr/lib/jvm/java-1.8-openjdk/jre/lib/amd64"/>
    <property name="sun.java.command" value="/tmp/workdir/hadoop-ozone/integration-test/target/surefire/surefirebooter2825150967513769730.jar /tmp/workdir/hadoop-ozone/integration-test/target/surefire 2019-07-14T06-10-53_874-jvmRun1 surefire6082376696946835371tmp surefire_351956032999561384188tmp"/>
    <property name="surefire.test.class.path" value="/tmp/workdir/hadoop-ozone/integration-test/target/test-classes:/tmp/workdir/hadoop-ozone/integration-test/target/classes:/home/user/.m2/repository/org/apache/hadoop/hadoop-ozone-common/0.5.0-SNAPSHOT/hadoop-ozone-common-0.5.0-SNAPSHOT.jar:/home/user/.m2/repository/org/apache/commons/commons-compress/1.4.1/commons-compress-1.4.1.jar:/home/user/.m2/repository/org/tukaani/xz/1.0/xz-1.0.jar:/home/user/.m2/repository/org/apache/hadoop/hadoop-common/3.2.0/hadoop-common-3.2.0.jar:/home/user/.m2/repository/org/apache/hadoop/hadoop-hdfs/3.2.0/hadoop-hdfs-3.2.0.jar:/home/user/.m2/repository/org/apache/hadoop/hadoop-hdfs-client/3.2.0/hadoop-hdfs-client-3.2.0.jar:/home/user/.m2/repository/com/fasterxml/jackson/core/jackson-annotations/2.9.5/jackson-annotations-2.9.5.jar:/home/user/.m2/repository/org/apache/hadoop/hadoop-hdds-common/0.5.0-SNAPSHOT/hadoop-hdds-common-0.5.0-SNAPSHOT.jar:/home/user/.m2/repository/javax/annotation/javax.annotation-api/1.2/javax.annotation-api-1.2.jar:/home/user/.m2/repository/org/apache/ratis/ratis-server/0.4.0-2337318-SNAPSHOT/ratis-server-0.4.0-2337318-SNAPSHOT.jar:/home/user/.m2/repository/org/apache/ratis/ratis-thirdparty-misc/0.2.0/ratis-thirdparty-misc-0.2.0.jar:/home/user/.m2/repository/org/apache/ratis/ratis-proto/0.4.0-2337318-SNAPSHOT/ratis-proto-0.4.0-2337318-SNAPSHOT.jar:/home/user/.m2/repository/org/apache/ratis/ratis-common/0.4.0-2337318-SNAPSHOT/ratis-common-0.4.0-2337318-SNAPSHOT.jar:/home/user/.m2/repository/org/apache/ratis/ratis-client/0.4.0-2337318-SNAPSHOT/ratis-client-0.4.0-2337318-SNAPSHOT.jar:/home/user/.m2/repository/org/apache/ratis/ratis-metrics/0.4.0-2337318-SNAPSHOT/ratis-metrics-0.4.0-2337318-SNAPSHOT.jar:/home/user/.m2/repository/org/apache/ratis/ratis-netty/0.4.0-2337318-SNAPSHOT/ratis-netty-0.4.0-2337318-SNAPSHOT.jar:/home/user/.m2/repository/org/apache/ratis/ratis-grpc/0.4.0-2337318-SNAPSHOT/ratis-grpc-0.4.0-2337318-SNAPSHOT.jar:/home/user/.m2/repository/org/rocksdb/rocksdbjni/6.0.1/rocksdbjni-6.0.1.jar:/home/user/.m2/repository/org/apache/logging/log4j/log4j-api/2.11.0/log4j-api-2.11.0.jar:/home/user/.m2/repository/org/apache/logging/log4j/log4j-core/2.11.0/log4j-core-2.11.0.jar:/home/user/.m2/repository/com/lmax/disruptor/3.4.2/disruptor-3.4.2.jar:/home/user/.m2/repository/org/apache/commons/commons-pool2/2.6.0/commons-pool2-2.6.0.jar:/home/user/.m2/repository/org/bouncycastle/bcpkix-jdk15on/1.60/bcpkix-jdk15on-1.60.jar:/home/user/.m2/repository/commons-validator/commons-validator/1.6/commons-validator-1.6.jar:/home/user/.m2/repository/commons-digester/commons-digester/1.8.1/commons-digester-1.8.1.jar:/home/user/.m2/repository/io/jaegertracing/jaeger-client/0.33.1/jaeger-client-0.33.1.jar:/home/user/.m2/repository/io/jaegertracing/jaeger-thrift/0.33.1/jaeger-thrift-0.33.1.jar:/home/user/.m2/repository/org/apache/thrift/libthrift/0.11.0/libthrift-0.11.0.jar:/home/user/.m2/repository/com/squareup/okhttp3/okhttp/3.9.0/okhttp-3.9.0.jar:/home/user/.m2/repository/com/squareup/okio/okio/1.13.0/okio-1.13.0.jar:/home/user/.m2/repository/io/jaegertracing/jaeger-core/0.33.1/jaeger-core-0.33.1.jar:/home/user/.m2/repository/io/jaegertracing/jaeger-tracerresolver/0.33.1/jaeger-tracerresolver-0.33.1.jar:/home/user/.m2/repository/io/opentracing/contrib/opentracing-tracerresolver/0.1.5/opentracing-tracerresolver-0.1.5.jar:/home/user/.m2/repository/io/opentracing/opentracing-util/0.31.0/opentracing-util-0.31.0.jar:/home/user/.m2/repository/io/opentracing/opentracing-api/0.31.0/opentracing-api-0.31.0.jar:/home/user/.m2/repository/io/opentracing/opentracing-noop/0.31.0/opentracing-noop-0.31.0.jar:/home/user/.m2/repository/org/apache/hadoop/hadoop-hdds-server-framework/0.5.0-SNAPSHOT/hadoop-hdds-server-framework-0.5.0-SNAPSHOT.jar:/home/user/.m2/repository/org/apache/hadoop/hadoop-hdds-container-service/0.5.0-SNAPSHOT/hadoop-hdds-container-service-0.5.0-SNAPSHOT.jar:/home/user/.m2/repository/org/apache/hadoop/hadoop-hdds-client/0.5.0-SNAPSHOT/hadoop-hdds-client-0.5.0-SNAPSHOT.jar:/home/user/.m2/repository/org/apache/hadoop/hadoop-hdds-tools/0.5.0-SNAPSHOT/hadoop-hdds-tools-0.5.0-SNAPSHOT.jar:/home/user/.m2/repository/org/apache/hadoop/hadoop-hdds-server-scm/0.5.0-SNAPSHOT/hadoop-hdds-server-scm-0.5.0-SNAPSHOT.jar:/home/user/.m2/repository/org/apache/hadoop/hadoop-hdds-docs/0.5.0-SNAPSHOT/hadoop-hdds-docs-0.5.0-SNAPSHOT.jar:/home/user/.m2/repository/io/dropwizard/metrics/metrics-core/3.2.4/metrics-core-3.2.4.jar:/home/user/.m2/repository/org/hamcrest/hamcrest-all/1.3/hamcrest-all-1.3.jar:/home/user/.m2/repository/org/bouncycastle/bcprov-jdk15on/1.60/bcprov-jdk15on-1.60.jar:/home/user/.m2/repository/info/picocli/picocli/3.9.6/picocli-3.9.6.jar:/home/user/.m2/repository/com/google/protobuf/protobuf-java/2.5.0/protobuf-java-2.5.0.jar:/home/user/.m2/repository/com/google/guava/guava/11.0.2/guava-11.0.2.jar:/home/user/.m2/repository/org/apache/hadoop/hadoop-ozone-ozone-manager/0.5.0-SNAPSHOT/hadoop-ozone-ozone-manager-0.5.0-SNAPSHOT.jar:/home/user/.m2/repository/org/apache/hadoop/hadoop-minikdc/3.2.0/hadoop-minikdc-3.2.0.jar:/home/user/.m2/repository/commons-io/commons-io/2.5/commons-io-2.5.jar:/home/user/.m2/repository/org/apache/kerby/kerb-simplekdc/1.0.1/kerb-simplekdc-1.0.1.jar:/home/user/.m2/repository/org/apache/kerby/kerb-client/1.0.1/kerb-client-1.0.1.jar:/home/user/.m2/repository/org/apache/kerby/kerby-config/1.0.1/kerby-config-1.0.1.jar:/home/user/.m2/repository/org/apache/kerby/kerb-core/1.0.1/kerb-core-1.0.1.jar:/home/user/.m2/repository/org/apache/kerby/kerby-pkix/1.0.1/kerby-pkix-1.0.1.jar:/home/user/.m2/repository/org/apache/kerby/kerby-asn1/1.0.1/kerby-asn1-1.0.1.jar:/home/user/.m2/repository/org/apache/kerby/kerby-util/1.0.1/kerby-util-1.0.1.jar:/home/user/.m2/repository/org/apache/kerby/kerb-common/1.0.1/kerb-common-1.0.1.jar:/home/user/.m2/repository/org/apache/kerby/kerb-crypto/1.0.1/kerb-crypto-1.0.1.jar:/home/user/.m2/repository/org/apache/kerby/kerb-util/1.0.1/kerb-util-1.0.1.jar:/home/user/.m2/repository/org/apache/kerby/token-provider/1.0.1/token-provider-1.0.1.jar:/home/user/.m2/repository/org/apache/kerby/kerb-admin/1.0.1/kerb-admin-1.0.1.jar:/home/user/.m2/repository/org/apache/kerby/kerb-server/1.0.1/kerb-server-1.0.1.jar:/home/user/.m2/repository/org/apache/kerby/kerb-identity/1.0.1/kerb-identity-1.0.1.jar:/home/user/.m2/repository/org/apache/kerby/kerby-xdr/1.0.1/kerby-xdr-1.0.1.jar:/home/user/.m2/repository/org/slf4j/slf4j-log4j12/1.7.25/slf4j-log4j12-1.7.25.jar:/home/user/.m2/repository/org/apache/hadoop/hadoop-ozone-objectstore-service/0.5.0-SNAPSHOT/hadoop-ozone-objectstore-service-0.5.0-SNAPSHOT.jar:/home/user/.m2/repository/org/apache/hadoop/hadoop-ozone-s3gateway/0.5.0-SNAPSHOT/hadoop-ozone-s3gateway-0.5.0-SNAPSHOT.jar:/home/user/.m2/repository/org/jboss/weld/servlet/weld-servlet/2.4.7.Final/weld-servlet-2.4.7.Final.jar:/home/user/.m2/repository/org/glassfish/jersey/containers/jersey-container-servlet-core/2.27/jersey-container-servlet-core-2.27.jar:/home/user/.m2/repository/org/glassfish/hk2/external/javax.inject/2.5.0-b42/javax.inject-2.5.0-b42.jar:/home/user/.m2/repository/org/glassfish/jersey/core/jersey-common/2.27/jersey-common-2.27.jar:/home/user/.m2/repository/org/glassfish/hk2/osgi-resource-locator/1.0.1/osgi-resource-locator-1.0.1.jar:/home/user/.m2/repository/javax/ws/rs/javax.ws.rs-api/2.1/javax.ws.rs-api-2.1.jar:/home/user/.m2/repository/org/glassfish/jersey/ext/cdi/jersey-cdi1x/2.27/jersey-cdi1x-2.27.jar:/home/user/.m2/repository/org/glassfish/jersey/inject/jersey-hk2/2.27/jersey-hk2-2.27.jar:/home/user/.m2/repository/org/glassfish/hk2/hk2-locator/2.5.0-b42/hk2-locator-2.5.0-b42.jar:/home/user/.m2/repository/org/javassist/javassist/3.22.0-CR2/javassist-3.22.0-CR2.jar:/home/user/.m2/repository/org/glassfish/hk2/hk2-api/2.5.0/hk2-api-2.5.0.jar:/home/user/.m2/repository/org/glassfish/hk2/external/jakarta.inject/2.5.0/jakarta.inject-2.5.0.jar:/home/user/.m2/repository/org/glassfish/hk2/hk2-utils/2.5.0/hk2-utils-2.5.0.jar:/home/user/.m2/repository/jakarta/annotation/jakarta.annotation-api/1.3.4/jakarta.annotation-api-1.3.4.jar:/home/user/.m2/repository/org/glassfish/hk2/external/aopalliance-repackaged/2.5.0/aopalliance-repackaged-2.5.0.jar:/home/user/.m2/repository/com/fasterxml/jackson/dataformat/jackson-dataformat-xml/2.9.0/jackson-dataformat-xml-2.9.0.jar:/home/user/.m2/repository/com/fasterxml/jackson/core/jackson-core/2.9.5/jackson-core-2.9.5.jar:/home/user/.m2/repository/com/fasterxml/jackson/module/jackson-module-jaxb-annotations/2.9.5/jackson-module-jaxb-annotations-2.9.5.jar:/home/user/.m2/repository/javax/enterprise/cdi-api/1.2/cdi-api-1.2.jar:/home/user/.m2/repository/javax/el/javax.el-api/3.0.0/javax.el-api-3.0.0.jar:/home/user/.m2/repository/javax/interceptor/javax.interceptor-api/1.2/javax.interceptor-api-1.2.jar:/home/user/.m2/repository/javax/inject/javax.inject/1/javax.inject-1.jar:/home/user/.m2/repository/com/sun/xml/bind/jaxb-impl/2.3.0.1/jaxb-impl-2.3.0.1.jar:/home/user/.m2/repository/com/sun/xml/bind/jaxb-core/2.3.0.1/jaxb-core-2.3.0.1.jar:/home/user/.m2/repository/javax/xml/bind/jaxb-api/2.3.0/jaxb-api-2.3.0.jar:/home/user/.m2/repository/javax/activation/activation/1.1.1/activation-1.1.1.jar:/home/user/.m2/repository/org/apache/hadoop/hadoop-ozone-csi/0.5.0-SNAPSHOT/hadoop-ozone-csi-0.5.0-SNAPSHOT.jar:/home/user/.m2/repository/com/google/protobuf/protobuf-java-util/3.5.1/protobuf-java-util-3.5.1.jar:/home/user/.m2/repository/org/apache/hadoop/hadoop-hdds-config/0.5.0-SNAPSHOT/hadoop-hdds-config-0.5.0-SNAPSHOT.jar:/home/user/.m2/repository/io/grpc/grpc-netty/1.17.1/grpc-netty-1.17.1.jar:/home/user/.m2/repository/io/grpc/grpc-core/1.17.1/grpc-core-1.17.1.jar:/home/user/.m2/repository/io/grpc/grpc-context/1.17.1/grpc-context-1.17.1.jar:/home/user/.m2/repository/com/google/errorprone/error_prone_annotations/2.2.0/error_prone_annotations-2.2.0.jar:/home/user/.m2/repository/org/codehaus/mojo/animal-sniffer-annotations/1.17/animal-sniffer-annotations-1.17.jar:/home/user/.m2/repository/io/opencensus/opencensus-api/0.17.0/opencensus-api-0.17.0.jar:/home/user/.m2/repository/io/opencensus/opencensus-contrib-grpc-metrics/0.17.0/opencensus-contrib-grpc-metrics-0.17.0.jar:/home/user/.m2/repository/io/netty/netty-codec-http2/4.1.30.Final/netty-codec-http2-4.1.30.Final.jar:/home/user/.m2/repository/io/netty/netty-codec-http/4.1.30.Final/netty-codec-http-4.1.30.Final.jar:/home/user/.m2/repository/io/netty/netty-codec/4.1.30.Final/netty-codec-4.1.30.Final.jar:/home/user/.m2/repository/io/netty/netty-handler/4.1.30.Final/netty-handler-4.1.30.Final.jar:/home/user/.m2/repository/io/netty/netty-handler-proxy/4.1.30.Final/netty-handler-proxy-4.1.30.Final.jar:/home/user/.m2/repository/io/netty/netty-codec-socks/4.1.30.Final/netty-codec-socks-4.1.30.Final.jar:/home/user/.m2/repository/io/netty/netty-transport-native-epoll/4.1.30.Final/netty-transport-native-epoll-4.1.30.Final.jar:/home/user/.m2/repository/io/netty/netty-common/4.1.30.Final/netty-common-4.1.30.Final.jar:/home/user/.m2/repository/io/netty/netty-buffer/4.1.30.Final/netty-buffer-4.1.30.Final.jar:/home/user/.m2/repository/io/netty/netty-transport/4.1.30.Final/netty-transport-4.1.30.Final.jar:/home/user/.m2/repository/io/netty/netty-resolver/4.1.30.Final/netty-resolver-4.1.30.Final.jar:/home/user/.m2/repository/io/netty/netty-transport-native-unix-common/4.1.30.Final/netty-transport-native-unix-common-4.1.30.Final.jar:/home/user/.m2/repository/io/grpc/grpc-protobuf/1.17.1/grpc-protobuf-1.17.1.jar:/home/user/.m2/repository/com/google/api/grpc/proto-google-common-protos/1.0.0/proto-google-common-protos-1.0.0.jar:/home/user/.m2/repository/io/grpc/grpc-protobuf-lite/1.17.1/grpc-protobuf-lite-1.17.1.jar:/home/user/.m2/repository/io/grpc/grpc-stub/1.17.1/grpc-stub-1.17.1.jar:/home/user/.m2/repository/org/apache/hadoop/hadoop-ozone-recon/0.5.0-SNAPSHOT/hadoop-ozone-recon-0.5.0-SNAPSHOT.jar:/home/user/.m2/repository/org/apache/hadoop/hadoop-ozone-reconcodegen/0.5.0-SNAPSHOT/hadoop-ozone-reconcodegen-0.5.0-SNAPSHOT.jar:/home/user/.m2/repository/com/google/inject/extensions/guice-multibindings/4.0/guice-multibindings-4.0.jar:/home/user/.m2/repository/com/google/inject/guice/4.0/guice-4.0.jar:/home/user/.m2/repository/aopalliance/aopalliance/1.0/aopalliance-1.0.jar:/home/user/.m2/repository/com/google/inject/extensions/guice-servlet/4.0/guice-servlet-4.0.jar:/home/user/.m2/repository/org/glassfish/jersey/containers/jersey-container-servlet/2.27/jersey-container-servlet-2.27.jar:/home/user/.m2/repository/org/glassfish/hk2/guice-bridge/2.5.0/guice-bridge-2.5.0.jar:/home/user/.m2/repository/org/glassfish/jersey/core/jersey-server/2.27/jersey-server-2.27.jar:/home/user/.m2/repository/org/glassfish/jersey/core/jersey-client/2.27/jersey-client-2.27.jar:/home/user/.m2/repository/org/glassfish/jersey/media/jersey-media-jaxb/2.27/jersey-media-jaxb-2.27.jar:/home/user/.m2/repository/javax/validation/validation-api/1.1.0.Final/validation-api-1.1.0.Final.jar:/home/user/.m2/repository/org/glassfish/jersey/media/jersey-media-json-jackson/2.27/jersey-media-json-jackson-2.27.jar:/home/user/.m2/repository/org/glassfish/jersey/ext/jersey-entity-filtering/2.27/jersey-entity-filtering-2.27.jar:/home/user/.m2/repository/com/google/inject/extensions/guice-assistedinject/4.0/guice-assistedinject-4.0.jar:/home/user/.m2/repository/org/jooq/jooq/3.11.10/jooq-3.11.10.jar:/home/user/.m2/repository/org/jooq/jooq-meta/3.11.10/jooq-meta-3.11.10.jar:/home/user/.m2/repository/org/jooq/jooq-codegen/3.11.10/jooq-codegen-3.11.10.jar:/home/user/.m2/repository/com/jolbox/bonecp/0.8.0.RELEASE/bonecp-0.8.0.RELEASE.jar:/home/user/.m2/repository/org/xerial/sqlite-jdbc/3.25.2/sqlite-jdbc-3.25.2.jar:/home/user/.m2/repository/org/springframework/spring-jdbc/5.1.3.RELEASE/spring-jdbc-5.1.3.RELEASE.jar:/home/user/.m2/repository/org/springframework/spring-beans/5.1.3.RELEASE/spring-beans-5.1.3.RELEASE.jar:/home/user/.m2/repository/org/springframework/spring-core/5.1.3.RELEASE/spring-core-5.1.3.RELEASE.jar:/home/user/.m2/repository/org/springframework/spring-jcl/5.1.3.RELEASE/spring-jcl-5.1.3.RELEASE.jar:/home/user/.m2/repository/org/springframework/spring-tx/5.1.3.RELEASE/spring-tx-5.1.3.RELEASE.jar:/home/user/.m2/repository/org/apache/hadoop/hadoop-ozone-client/0.5.0-SNAPSHOT/hadoop-ozone-client-0.5.0-SNAPSHOT.jar:/home/user/.m2/repository/commons-lang/commons-lang/2.6/commons-lang-2.6.jar:/home/user/.m2/repository/org/apache/hadoop/hadoop-ozone-ozone-manager/0.5.0-SNAPSHOT/hadoop-ozone-ozone-manager-0.5.0-SNAPSHOT-tests.jar:/home/user/.m2/repository/junit/junit/4.11/junit-4.11.jar:/home/user/.m2/repository/org/hamcrest/hamcrest-core/1.3/hamcrest-core-1.3.jar:/home/user/.m2/repository/org/openjdk/jmh/jmh-core/1.19/jmh-core-1.19.jar:/home/user/.m2/repository/net/sf/jopt-simple/jopt-simple/4.6/jopt-simple-4.6.jar:/home/user/.m2/repository/org/apache/commons/commons-math3/3.1.1/commons-math3-3.1.1.jar:/home/user/.m2/repository/org/openjdk/jmh/jmh-generator-annprocess/1.19/jmh-generator-annprocess-1.19.jar:/home/user/.m2/repository/org/mockito/mockito-all/1.8.5/mockito-all-1.8.5.jar:/home/user/.m2/repository/org/apache/hadoop/hadoop-kms/3.2.0/hadoop-kms-3.2.0.jar:/home/user/.m2/repository/org/apache/hadoop/hadoop-auth/3.2.0/hadoop-auth-3.2.0.jar:/home/user/.m2/repository/com/nimbusds/nimbus-jose-jwt/4.41.1/nimbus-jose-jwt-4.41.1.jar:/home/user/.m2/repository/com/github/stephenc/jcip/jcip-annotations/1.0-1/jcip-annotations-1.0-1.jar:/home/user/.m2/repository/net/minidev/json-smart/2.3/json-smart-2.3.jar:/home/user/.m2/repository/net/minidev/accessors-smart/1.2/accessors-smart-1.2.jar:/home/user/.m2/repository/org/ow2/asm/asm/5.0.4/asm-5.0.4.jar:/home/user/.m2/repository/org/apache/curator/curator-framework/2.12.0/curator-framework-2.12.0.jar:/home/user/.m2/repository/com/sun/jersey/jersey-core/1.19/jersey-core-1.19.jar:/home/user/.m2/repository/javax/ws/rs/jsr311-api/1.1.1/jsr311-api-1.1.1.jar:/home/user/.m2/repository/com/sun/jersey/jersey-server/1.19/jersey-server-1.19.jar:/home/user/.m2/repository/javax/servlet/javax.servlet-api/3.1.0/javax.servlet-api-3.1.0.jar:/home/user/.m2/repository/org/eclipse/jetty/jetty-server/9.3.24.v20180605/jetty-server-9.3.24.v20180605.jar:/home/user/.m2/repository/org/eclipse/jetty/jetty-http/9.3.24.v20180605/jetty-http-9.3.24.v20180605.jar:/home/user/.m2/repository/org/eclipse/jetty/jetty-io/9.3.24.v20180605/jetty-io-9.3.24.v20180605.jar:/home/user/.m2/repository/org/eclipse/jetty/jetty-webapp/9.3.24.v20180605/jetty-webapp-9.3.24.v20180605.jar:/home/user/.m2/repository/org/eclipse/jetty/jetty-xml/9.3.24.v20180605/jetty-xml-9.3.24.v20180605.jar:/home/user/.m2/repository/log4j/log4j/1.2.17/log4j-1.2.17.jar:/home/user/.m2/repository/org/slf4j/slf4j-api/1.7.25/slf4j-api-1.7.25.jar:/home/user/.m2/repository/org/slf4j/jul-to-slf4j/1.7.25/jul-to-slf4j-1.7.25.jar:/home/user/.m2/repository/org/eclipse/jetty/jetty-util/9.3.24.v20180605/jetty-util-9.3.24.v20180605.jar:/home/user/.m2/repository/com/fasterxml/jackson/core/jackson-databind/2.9.5/jackson-databind-2.9.5.jar:/home/user/.m2/repository/org/apache/hadoop/hadoop-kms/3.2.0/hadoop-kms-3.2.0-tests.jar:/home/user/.m2/repository/org/apache/hadoop/hadoop-hdds-server-scm/0.5.0-SNAPSHOT/hadoop-hdds-server-scm-0.5.0-SNAPSHOT-tests.jar:/home/user/.m2/repository/org/apache/hadoop/hadoop-hdds-container-service/0.5.0-SNAPSHOT/hadoop-hdds-container-service-0.5.0-SNAPSHOT-tests.jar:/home/user/.m2/repository/org/yaml/snakeyaml/1.16/snakeyaml-1.16.jar:/home/user/.m2/repository/org/apache/hadoop/hadoop-common/3.2.0/hadoop-common-3.2.0-tests.jar:/home/user/.m2/repository/org/apache/hadoop/hadoop-annotations/3.2.0/hadoop-annotations-3.2.0.jar:/usr/lib/jvm/java-1.8-openjdk/jre/../lib/tools.jar:/home/user/.m2/repository/commons-cli/commons-cli/1.2/commons-cli-1.2.jar:/home/user/.m2/repository/org/apache/httpcomponents/httpclient/4.5.2/httpclient-4.5.2.jar:/home/user/.m2/repository/org/apache/httpcomponents/httpcore/4.4.4/httpcore-4.4.4.jar:/home/user/.m2/repository/commons-codec/commons-codec/1.11/commons-codec-1.11.jar:/home/user/.m2/repository/commons-net/commons-net/3.6/commons-net-3.6.jar:/home/user/.m2/repository/commons-collections/commons-collections/3.2.2/commons-collections-3.2.2.jar:/home/user/.m2/repository/org/eclipse/jetty/jetty-servlet/9.3.24.v20180605/jetty-servlet-9.3.24.v20180605.jar:/home/user/.m2/repository/org/eclipse/jetty/jetty-security/9.3.24.v20180605/jetty-security-9.3.24.v20180605.jar:/home/user/.m2/repository/javax/servlet/jsp/jsp-api/2.1/jsp-api-2.1.jar:/home/user/.m2/repository/com/sun/jersey/jersey-servlet/1.19/jersey-servlet-1.19.jar:/home/user/.m2/repository/com/sun/jersey/jersey-json/1.19/jersey-json-1.19.jar:/home/user/.m2/repository/org/codehaus/jettison/jettison/1.1/jettison-1.1.jar:/home/user/.m2/repository/org/codehaus/jackson/jackson-core-asl/1.9.13/jackson-core-asl-1.9.13.jar:/home/user/.m2/repository/org/codehaus/jackson/jackson-mapper-asl/1.9.13/jackson-mapper-asl-1.9.13.jar:/home/user/.m2/repository/org/codehaus/jackson/jackson-jaxrs/1.9.13/jackson-jaxrs-1.9.13.jar:/home/user/.m2/repository/org/codehaus/jackson/jackson-xc/1.9.13/jackson-xc-1.9.13.jar:/home/user/.m2/repository/commons-logging/commons-logging/1.1.3/commons-logging-1.1.3.jar:/home/user/.m2/repository/commons-beanutils/commons-beanutils/1.9.3/commons-beanutils-1.9.3.jar:/home/user/.m2/repository/org/apache/commons/commons-configuration2/2.1.1/commons-configuration2-2.1.1.jar:/home/user/.m2/repository/org/apache/commons/commons-lang3/3.7/commons-lang3-3.7.jar:/home/user/.m2/repository/org/apache/commons/commons-text/1.4/commons-text-1.4.jar:/home/user/.m2/repository/org/apache/avro/avro/1.7.7/avro-1.7.7.jar:/home/user/.m2/repository/com/thoughtworks/paranamer/paranamer/2.3/paranamer-2.3.jar:/home/user/.m2/repository/org/xerial/snappy/snappy-java/1.0.5/snappy-java-1.0.5.jar:/home/user/.m2/repository/com/google/re2j/re2j/1.1/re2j-1.1.jar:/home/user/.m2/repository/com/google/code/gson/gson/2.2.4/gson-2.2.4.jar:/home/user/.m2/repository/com/jcraft/jsch/0.1.54/jsch-0.1.54.jar:/home/user/.m2/repository/org/apache/curator/curator-client/2.12.0/curator-client-2.12.0.jar:/home/user/.m2/repository/org/apache/curator/curator-recipes/2.12.0/curator-recipes-2.12.0.jar:/home/user/.m2/repository/com/google/code/findbugs/jsr305/3.0.0/jsr305-3.0.0.jar:/home/user/.m2/repository/org/apache/htrace/htrace-core4/4.1.0-incubating/htrace-core4-4.1.0-incubating.jar:/home/user/.m2/repository/org/apache/zookeeper/zookeeper/3.4.13/zookeeper-3.4.13.jar:/home/user/.m2/repository/org/apache/yetus/audience-annotations/0.5.0/audience-annotations-0.5.0.jar:/home/user/.m2/repository/org/codehaus/woodstox/stax2-api/3.1.4/stax2-api-3.1.4.jar:/home/user/.m2/repository/com/fasterxml/woodstox/woodstox-core/5.0.3/woodstox-core-5.0.3.jar:/home/user/.m2/repository/dnsjava/dnsjava/2.1.7/dnsjava-2.1.7.jar:/home/user/.m2/repository/org/apache/hadoop/hadoop-hdfs/3.2.0/hadoop-hdfs-3.2.0-tests.jar:/home/user/.m2/repository/org/eclipse/jetty/jetty-util-ajax/9.3.24.v20180605/jetty-util-ajax-9.3.24.v20180605.jar:/home/user/.m2/repository/commons-daemon/commons-daemon/1.0.13/commons-daemon-1.0.13.jar:/home/user/.m2/repository/io/netty/netty/3.10.5.Final/netty-3.10.5.Final.jar:/home/user/.m2/repository/io/netty/netty-all/4.0.52.Final/netty-all-4.0.52.Final.jar:/home/user/.m2/repository/org/fusesource/leveldbjni/leveldbjni-all/1.8/leveldbjni-all-1.8.jar:"/>
    <property name="sun.cpu.endian" value="little"/>
    <property name="user.home" value="/home/user"/>
    <property name="user.language" value="en"/>
    <property name="java.specification.vendor" value="Oracle Corporation"/>
    <property name="java.home" value="/usr/lib/jvm/java-1.8-openjdk/jre"/>
    <property name="java.security.krb5.conf" value="/tmp/workdir/hadoop-ozone/integration-test/target/test-classes/krb5.conf"/>
    <property name="basedir" value="/tmp/workdir/hadoop-ozone/integration-test"/>
    <property name="file.separator" value="/"/>
    <property name="line.separator" value="&#10;"/>
    <property name="java.vm.specification.vendor" value="Oracle Corporation"/>
    <property name="java.specification.name" value="Java Platform API Specification"/>
    <property name="java.awt.graphicsenv" value="sun.awt.X11GraphicsEnvironment"/>
    <property name="surefire.real.class.path" value="/tmp/workdir/hadoop-ozone/integration-test/target/surefire/surefirebooter2825150967513769730.jar"/>
    <property name="hadoop.log.dir" value="/tmp/workdir/hadoop-ozone/integration-test/target/log"/>
    <property name="sun.boot.class.path" value="/usr/lib/jvm/java-1.8-openjdk/jre/lib/resources.jar:/usr/lib/jvm/java-1.8-openjdk/jre/lib/rt.jar:/usr/lib/jvm/java-1.8-openjdk/jre/lib/sunrsasign.jar:/usr/lib/jvm/java-1.8-openjdk/jre/lib/jsse.jar:/usr/lib/jvm/java-1.8-openjdk/jre/lib/jce.jar:/usr/lib/jvm/java-1.8-openjdk/jre/lib/charsets.jar:/usr/lib/jvm/java-1.8-openjdk/jre/lib/jfr.jar:/usr/lib/jvm/java-1.8-openjdk/jre/classes"/>
    <property name="sun.management.compiler" value="HotSpot 64-Bit Tiered Compilers"/>
    <property name="java.runtime.version" value="1.8.0_212-b04"/>
    <property name="java.net.preferIPv4Stack" value="true"/>
    <property name="user.name" value="jenkins1000"/>
    <property name="path.separator" value=":"/>
    <property name="java.security.egd" value="file:///dev/urandom"/>
    <property name="os.version" value="3.10.0-957.12.2.el7.x86_64"/>
    <property name="java.endorsed.dirs" value="/usr/lib/jvm/java-1.8-openjdk/jre/lib/endorsed"/>
    <property name="java.runtime.name" value="OpenJDK Runtime Environment"/>
    <property name="file.encoding" value="UTF-8"/>
    <property name="java.vm.name" value="OpenJDK 64-Bit Server VM"/>
    <property name="test.build.webapps" value=""/>
    <property name="localRepository" value="/home/user/.m2/repository"/>
    <property name="java.vendor.url.bug" value="https://icedtea.classpath.org/bugzilla"/>
    <property name="java.io.tmpdir" value="/tmp"/>
    <property name="require.test.libhadoop" value=""/>
    <property name="java.version" value="1.8.0_212"/>
    <property name="user.dir" value="/tmp/workdir/hadoop-ozone/integration-test"/>
    <property name="os.arch" value="amd64"/>
    <property name="java.vm.specification.name" value="Java Virtual Machine Specification"/>
    <property name="test.build.classes" value="/tmp/workdir/hadoop-ozone/integration-test/target/test-classes"/>
    <property name="java.awt.printerjob" value="sun.print.PSPrinterJob"/>
    <property name="sun.os.patch.level" value="unknown"/>
    <property name="hadoop.tmp.dir" value="/tmp/workdir/hadoop-ozone/integration-test/target/tmp"/>
    <property name="java.library.path" value="/usr/lib/jvm/java-1.8-openjdk/jre/lib/amd64/server:/usr/lib/jvm/java-1.8-openjdk/jre/lib/amd64:/usr/lib/jvm/java-1.8-openjdk/jre/../lib/amd64:/tmp/workdir/hadoop-ozone/integration-test/target/native/target/usr/local/lib:/tmp/workdir/hadoop-ozone/integration-test/../../hadoop-common-project/hadoop-common/target/native/target/usr/local/lib:/usr/java/packages/lib/amd64:/usr/lib64:/lib64:/lib:/usr/lib"/>
    <property name="java.vm.info" value="mixed mode"/>
    <property name="java.vendor" value="IcedTea"/>
    <property name="java.vm.version" value="25.212-b04"/>
    <property name="java.ext.dirs" value="/usr/lib/jvm/java-1.8-openjdk/jre/lib/ext:/usr/java/packages/lib/ext"/>
    <property name="sun.io.unicode.encoding" value="UnicodeLittle"/>
    <property name="java.class.version" value="52.0"/>
  </properties>
  <testcase name="testBlockWriteViaRatis" classname="org.apache.hadoop.ozone.client.rpc.TestCloseContainerHandlingByClient" time="8.164">
    <error type="java.lang.IllegalArgumentException">java.lang.IllegalArgumentException
	at com.google.common.base.Preconditions.checkArgument(Preconditions.java:72)
	at org.apache.hadoop.hdds.scm.XceiverClientManager.acquireClient(XceiverClientManager.java:150)
	at org.apache.hadoop.hdds.scm.XceiverClientManager.acquireClientForReadData(XceiverClientManager.java:143)
	at org.apache.hadoop.hdds.scm.storage.BlockInputStream.getChunkInfos(BlockInputStream.java:154)
	at org.apache.hadoop.hdds.scm.storage.BlockInputStream.initialize(BlockInputStream.java:118)
	at org.apache.hadoop.hdds.scm.storage.BlockInputStream.read(BlockInputStream.java:222)
	at org.apache.hadoop.ozone.client.io.KeyInputStream.read(KeyInputStream.java:171)
	at org.apache.hadoop.ozone.client.io.OzoneInputStream.read(OzoneInputStream.java:47)
	at java.io.InputStream.read(InputStream.java:101)
	at org.apache.hadoop.ozone.container.ContainerTestHelper.validateData(ContainerTestHelper.java:709)
	at org.apache.hadoop.ozone.client.rpc.TestCloseContainerHandlingByClient.validateData(TestCloseContainerHandlingByClient.java:401)
	at org.apache.hadoop.ozone.client.rpc.TestCloseContainerHandlingByClient.testBlockWriteViaRatis(TestCloseContainerHandlingByClient.java:433)
	at sun.reflect.NativeMethodAccessorImpl.invoke0(Native Method)
	at sun.reflect.NativeMethodAccessorImpl.invoke(NativeMethodAccessorImpl.java:62)
	at sun.reflect.DelegatingMethodAccessorImpl.invoke(DelegatingMethodAccessorImpl.java:43)
	at java.lang.reflect.Method.invoke(Method.java:498)
	at org.junit.runners.model.FrameworkMethod$1.runReflectiveCall(FrameworkMethod.java:47)
	at org.junit.internal.runners.model.ReflectiveCallable.run(ReflectiveCallable.java:12)
	at org.junit.runners.model.FrameworkMethod.invokeExplosively(FrameworkMethod.java:44)
	at org.junit.internal.runners.statements.InvokeMethod.evaluate(InvokeMethod.java:17)
	at org.junit.runners.ParentRunner.runLeaf(ParentRunner.java:271)
	at org.junit.runners.BlockJUnit4ClassRunner.runChild(BlockJUnit4ClassRunner.java:70)
	at org.junit.runners.BlockJUnit4ClassRunner.runChild(BlockJUnit4ClassRunner.java:50)
	at org.junit.runners.ParentRunner$3.run(ParentRunner.java:238)
	at org.junit.runners.ParentRunner$1.schedule(ParentRunner.java:63)
	at org.junit.runners.ParentRunner.runChildren(ParentRunner.java:236)
	at org.junit.runners.ParentRunner.access$000(ParentRunner.java:53)
	at org.junit.runners.ParentRunner$2.evaluate(ParentRunner.java:229)
	at org.junit.internal.runners.statements.RunBefores.evaluate(RunBefores.java:26)
	at org.junit.internal.runners.statements.RunAfters.evaluate(RunAfters.java:27)
	at org.junit.runners.ParentRunner.run(ParentRunner.java:309)
	at org.apache.maven.surefire.junit4.JUnit4Provider.execute(JUnit4Provider.java:365)
	at org.apache.maven.surefire.junit4.JUnit4Provider.executeWithRerun(JUnit4Provider.java:273)
	at org.apache.maven.surefire.junit4.JUnit4Provider.executeTestSet(JUnit4Provider.java:238)
	at org.apache.maven.surefire.junit4.JUnit4Provider.invoke(JUnit4Provider.java:159)
	at org.apache.maven.surefire.booter.ForkedBooter.invokeProviderInSameClassLoader(ForkedBooter.java:384)
	at org.apache.maven.surefire.booter.ForkedBooter.runSuitesInProcess(ForkedBooter.java:345)
	at org.apache.maven.surefire.booter.ForkedBooter.execute(ForkedBooter.java:126)
	at org.apache.maven.surefire.booter.ForkedBooter.main(ForkedBooter.java:418)
</error>
    <system-out><![CDATA[2019-07-14 06:43:01,103 WARN  server.ServerUtils (ServerUtils.java:getScmDbDir(145)) - ozone.scm.db.dirs is not configured. We recommend adding this setting. Falling back to ozone.metadata.dirs instead.
2019-07-14 06:43:01,203 WARN  server.ServerUtils (ServerUtils.java:getScmDbDir(145)) - ozone.scm.db.dirs is not configured. We recommend adding this setting. Falling back to ozone.metadata.dirs instead.
2019-07-14 06:43:01,206 WARN  server.ServerUtils (ServerUtils.java:getScmDbDir(145)) - ozone.scm.db.dirs is not configured. We recommend adding this setting. Falling back to ozone.metadata.dirs instead.
2019-07-14 06:43:01,224 INFO  util.log (Log.java:initialized(192)) - Logging initialized @893ms
2019-07-14 06:43:01,328 INFO  db.DBStoreBuilder (DBStoreBuilder.java:addTable(110)) - using custom profile for table: deletedBlocks
2019-07-14 06:43:01,329 INFO  db.DBStoreBuilder (DBStoreBuilder.java:processTables(161)) - Using default column profile:DBProfile.DISK for Table:deletedBlocks
2019-07-14 06:43:01,329 INFO  db.DBStoreBuilder (DBStoreBuilder.java:addTable(110)) - using custom profile for table: validCerts
2019-07-14 06:43:01,329 INFO  db.DBStoreBuilder (DBStoreBuilder.java:processTables(161)) - Using default column profile:DBProfile.DISK for Table:validCerts
2019-07-14 06:43:01,330 INFO  db.DBStoreBuilder (DBStoreBuilder.java:addTable(110)) - using custom profile for table: revokedCerts
2019-07-14 06:43:01,330 INFO  db.DBStoreBuilder (DBStoreBuilder.java:processTables(161)) - Using default column profile:DBProfile.DISK for Table:revokedCerts
2019-07-14 06:43:01,342 INFO  db.DBStoreBuilder (DBStoreBuilder.java:addTable(110)) - using custom profile for table: default
2019-07-14 06:43:01,343 INFO  db.DBStoreBuilder (DBStoreBuilder.java:processTables(167)) - Using default column profile:DBProfile.DISK for Table:default
2019-07-14 06:43:01,344 INFO  db.DBStoreBuilder (DBStoreBuilder.java:getDbProfile(198)) - Using default options. DBProfile.DISK
2019-07-14 06:43:01,491 INFO  net.NodeSchemaLoader (NodeSchemaLoader.java:loadSchemaFromFile(125)) - Loading file from sun.misc.CompoundEnumeration@291ae
2019-07-14 06:43:01,492 INFO  net.NodeSchemaLoader (NodeSchemaLoader.java:loadSchema(171)) - Loading network topology layer schema file
2019-07-14 06:43:01,573 INFO  node.SCMNodeManager (SCMNodeManager.java:<init>(119)) - Entering startup safe mode.
2019-07-14 06:43:01,661 WARN  server.ServerUtils (ServerUtils.java:getScmDbDir(145)) - ozone.scm.db.dirs is not configured. We recommend adding this setting. Falling back to ozone.metadata.dirs instead.
2019-07-14 06:43:01,700 INFO  pipeline.SCMPipelineManager (SCMPipelineManager.java:initializePipelineState(126)) - No pipeline exists in current db
2019-07-14 06:43:01,702 WARN  server.ServerUtils (ServerUtils.java:getScmDbDir(145)) - ozone.scm.db.dirs is not configured. We recommend adding this setting. Falling back to ozone.metadata.dirs instead.
2019-07-14 06:43:01,776 WARN  events.EventQueue (EventQueue.java:fireEvent(175)) - No event handler registered for event TypedEvent{payloadType=SafeModeStatus, name='SafeModeStatus'}
2019-07-14 06:43:02,121 INFO  ipc.CallQueueManager (CallQueueManager.java:<init>(84)) - Using callQueue: class java.util.concurrent.LinkedBlockingQueue, queueCapacity: 2000, scheduler: class org.apache.hadoop.ipc.DefaultRpcScheduler, ipcBackoff: false.
2019-07-14 06:43:02,147 INFO  ipc.Server (Server.java:run(1074)) - Starting Socket Reader #1 for port 45919
2019-07-14 06:43:02,168 INFO  ipc.CallQueueManager (CallQueueManager.java:<init>(84)) - Using callQueue: class java.util.concurrent.LinkedBlockingQueue, queueCapacity: 2000, scheduler: class org.apache.hadoop.ipc.DefaultRpcScheduler, ipcBackoff: false.
2019-07-14 06:43:02,170 INFO  ipc.Server (Server.java:run(1074)) - Starting Socket Reader #1 for port 41364
2019-07-14 06:43:02,176 INFO  ipc.CallQueueManager (CallQueueManager.java:<init>(84)) - Using callQueue: class java.util.concurrent.LinkedBlockingQueue, queueCapacity: 2000, scheduler: class org.apache.hadoop.ipc.DefaultRpcScheduler, ipcBackoff: false.
2019-07-14 06:43:02,177 INFO  ipc.Server (Server.java:run(1074)) - Starting Socket Reader #1 for port 44864
2019-07-14 06:43:02,297 INFO  hdfs.DFSUtil (DFSUtil.java:httpServerTemplateForNNAndJN(1641)) - Starting Web-server for scm at: http://0.0.0.0:0
2019-07-14 06:43:02,465 INFO  server.AuthenticationFilter (AuthenticationFilter.java:constructSecretProvider(240)) - Unable to initialize FileSignerSecretProvider, falling back to use random secrets.
2019-07-14 06:43:02,473 WARN  http.HttpRequestLog (HttpRequestLog.java:getRequestLog(97)) - Jetty request log can only be enabled using Log4j
2019-07-14 06:43:02,482 INFO  http.HttpServer2 (HttpServer2.java:addGlobalFilter(975)) - Added global filter 'safety' (class=org.apache.hadoop.http.HttpServer2$QuotingInputFilter)
2019-07-14 06:43:02,486 INFO  http.HttpServer2 (HttpServer2.java:addFilter(948)) - Added filter static_user_filter (class=org.apache.hadoop.http.lib.StaticUserWebFilter$StaticUserFilter) to context scm
2019-07-14 06:43:02,486 INFO  http.HttpServer2 (HttpServer2.java:addFilter(958)) - Added filter static_user_filter (class=org.apache.hadoop.http.lib.StaticUserWebFilter$StaticUserFilter) to context static
2019-07-14 06:43:02,486 INFO  http.HttpServer2 (HttpServer2.java:addFilter(958)) - Added filter static_user_filter (class=org.apache.hadoop.http.lib.StaticUserWebFilter$StaticUserFilter) to context logs
2019-07-14 06:43:02,516 INFO  server.StorageContainerManager (StorageContainerManager.java:start(759)) - StorageContainerLocationProtocol RPC server is listening at /0.0.0.0:44864
2019-07-14 06:43:02,574 WARN  impl.MetricsConfig (MetricsConfig.java:loadFirst(134)) - Cannot locate configuration: tried hadoop-metrics2-storagecontainermanager.properties,hadoop-metrics2.properties
2019-07-14 06:43:02,588 INFO  impl.MetricsSystemImpl (MetricsSystemImpl.java:startTimer(374)) - Scheduled Metric snapshot period at 10 second(s).
2019-07-14 06:43:02,589 INFO  impl.MetricsSystemImpl (MetricsSystemImpl.java:start(191)) - StorageContainerManager metrics system started
2019-07-14 06:43:02,813 INFO  server.SCMClientProtocolServer (SCMClientProtocolServer.java:start(149)) - RPC server for Client  is listening at /0.0.0.0:44864
2019-07-14 06:43:02,813 INFO  ipc.Server (Server.java:run(1314)) - IPC Server Responder: starting
2019-07-14 06:43:02,814 INFO  ipc.Server (Server.java:run(1153)) - IPC Server listener on 44864: starting
2019-07-14 06:43:02,820 INFO  server.StorageContainerManager (StorageContainerManager.java:start(768)) - ScmBlockLocationProtocol RPC server is listening at /0.0.0.0:41364
2019-07-14 06:43:02,820 INFO  server.SCMBlockProtocolServer (SCMBlockProtocolServer.java:start(140)) - RPC server for Block Protocol is listening at /0.0.0.0:41364
2019-07-14 06:43:02,820 INFO  ipc.Server (Server.java:run(1314)) - IPC Server Responder: starting
2019-07-14 06:43:02,820 INFO  ipc.Server (Server.java:run(1153)) - IPC Server listener on 41364: starting
2019-07-14 06:43:02,826 INFO  server.StorageContainerManager (StorageContainerManager.java:start(772)) - ScmDatanodeProtocl RPC server is listening at /0.0.0.0:45919
2019-07-14 06:43:02,827 INFO  server.SCMDatanodeProtocolServer (SCMDatanodeProtocolServer.java:start(191)) - RPC server for DataNodes is listening at /0.0.0.0:45919
2019-07-14 06:43:02,828 INFO  ipc.Server (Server.java:run(1314)) - IPC Server Responder: starting
2019-07-14 06:43:02,829 INFO  ipc.Server (Server.java:run(1153)) - IPC Server listener on 45919: starting
2019-07-14 06:43:02,842 INFO  http.HttpServer2 (HttpServer2.java:bindListener(1191)) - Jetty bound to port 36043
2019-07-14 06:43:02,845 INFO  server.Server (Server.java:doStart(351)) - jetty-9.3.24.v20180605, build timestamp: 2018-06-05T17:11:56Z, git hash: 84205aa28f11a4f31f2a3b86d1bba2cc8ab69827
2019-07-14 06:43:02,900 INFO  handler.ContextHandler (ContextHandler.java:doStart(781)) - Started o.e.j.s.ServletContextHandler@15dcfae7{/logs,file:///tmp/workdir/hadoop-ozone/integration-test/target/log,AVAILABLE}
2019-07-14 06:43:02,901 INFO  handler.ContextHandler (ContextHandler.java:doStart(781)) - Started o.e.j.s.ServletContextHandler@1e636ea3{/static,file:///tmp/workdir/hadoop-ozone/integration-test/target/test-classes/webapps/static,AVAILABLE}
2019-07-14 06:43:02,959 INFO  handler.ContextHandler (ContextHandler.java:doStart(781)) - Started o.e.j.w.WebAppContext@3f23a3a0{/,file:///tmp/workdir/hadoop-ozone/integration-test/target/test-classes/webapps/scm/,AVAILABLE}{/scm}
2019-07-14 06:43:02,967 INFO  server.AbstractConnector (AbstractConnector.java:doStart(278)) - Started ServerConnector@6c6357f9{HTTP/1.1,[http/1.1]}{0.0.0.0:36043}
2019-07-14 06:43:02,967 INFO  server.Server (Server.java:doStart(419)) - Started @2636ms
2019-07-14 06:43:02,968 INFO  server.BaseHttpServer (BaseHttpServer.java:updateConnectorAddress(207)) - HTTP server of SCM is listening at http://0.0.0.0:36043
2019-07-14 06:43:02,975 INFO  util.JvmPauseMonitor (JvmPauseMonitor.java:run(188)) - Starting JVM pause monitor
2019-07-14 06:43:02,978 WARN  server.ServerUtils (ServerUtils.java:getDBPath(222)) - ozone.om.db.dirs is not configured. We recommend adding this setting. Falling back to ozone.metadata.dirs instead.
2019-07-14 06:43:03,067 WARN  server.ServerUtils (ServerUtils.java:getDBPath(222)) - ozone.om.db.dirs is not configured. We recommend adding this setting. Falling back to ozone.metadata.dirs instead.
2019-07-14 06:43:03,068 INFO  om.OzoneManager (OzoneManager.java:setOMNodeDetails(630)) - OM Service ID is not set. Setting it to the default ID: omServiceIdDefault
2019-07-14 06:43:03,068 INFO  om.OzoneManager (OzoneManager.java:setOMNodeDetails(636)) - OM Node ID is not set. Setting it to the OmStorage's OmID: 98304d12-24ec-4081-bc8e-0a8b54c4cd31
2019-07-14 06:43:03,070 INFO  om.OzoneManager (OzoneManager.java:loadOMHAConfigs(587)) - Found matching OM address with OMServiceId: null, OMNodeId: null, RPC Address: localhost:0 and Ratis port: 9872
2019-07-14 06:43:03,336 WARN  server.ServerUtils (ServerUtils.java:getDBPath(222)) - ozone.om.db.dirs is not configured. We recommend adding this setting. Falling back to ozone.metadata.dirs instead.
2019-07-14 06:43:03,353 INFO  db.DBStoreBuilder (DBStoreBuilder.java:addTable(110)) - using custom profile for table: userTable
2019-07-14 06:43:03,353 INFO  db.DBStoreBuilder (DBStoreBuilder.java:processTables(161)) - Using default column profile:DBProfile.DISK for Table:userTable
2019-07-14 06:43:03,354 INFO  db.DBStoreBuilder (DBStoreBuilder.java:addTable(110)) - using custom profile for table: volumeTable
2019-07-14 06:43:03,354 INFO  db.DBStoreBuilder (DBStoreBuilder.java:processTables(161)) - Using default column profile:DBProfile.DISK for Table:volumeTable
2019-07-14 06:43:03,355 INFO  db.DBStoreBuilder (DBStoreBuilder.java:addTable(110)) - using custom profile for table: bucketTable
2019-07-14 06:43:03,356 INFO  db.DBStoreBuilder (DBStoreBuilder.java:processTables(161)) - Using default column profile:DBProfile.DISK for Table:bucketTable
2019-07-14 06:43:03,356 INFO  db.DBStoreBuilder (DBStoreBuilder.java:addTable(110)) - using custom profile for table: keyTable
2019-07-14 06:43:03,357 INFO  db.DBStoreBuilder (DBStoreBuilder.java:processTables(161)) - Using default column profile:DBProfile.DISK for Table:keyTable
2019-07-14 06:43:03,357 INFO  db.DBStoreBuilder (DBStoreBuilder.java:addTable(110)) - using custom profile for table: deletedTable
2019-07-14 06:43:03,358 INFO  db.DBStoreBuilder (DBStoreBuilder.java:processTables(161)) - Using default column profile:DBProfile.DISK for Table:deletedTable
2019-07-14 06:43:03,358 INFO  db.DBStoreBuilder (DBStoreBuilder.java:addTable(110)) - using custom profile for table: openKeyTable
2019-07-14 06:43:03,359 INFO  db.DBStoreBuilder (DBStoreBuilder.java:processTables(161)) - Using default column profile:DBProfile.DISK for Table:openKeyTable
2019-07-14 06:43:03,359 INFO  db.DBStoreBuilder (DBStoreBuilder.java:addTable(110)) - using custom profile for table: s3Table
2019-07-14 06:43:03,360 INFO  db.DBStoreBuilder (DBStoreBuilder.java:processTables(161)) - Using default column profile:DBProfile.DISK for Table:s3Table
2019-07-14 06:43:03,360 INFO  db.DBStoreBuilder (DBStoreBuilder.java:addTable(110)) - using custom profile for table: multipartInfoTable
2019-07-14 06:43:03,361 INFO  db.DBStoreBuilder (DBStoreBuilder.java:processTables(161)) - Using default column profile:DBProfile.DISK for Table:multipartInfoTable
2019-07-14 06:43:03,362 INFO  db.DBStoreBuilder (DBStoreBuilder.java:addTable(110)) - using custom profile for table: dTokenTable
2019-07-14 06:43:03,362 INFO  db.DBStoreBuilder (DBStoreBuilder.java:processTables(161)) - Using default column profile:DBProfile.DISK for Table:dTokenTable
2019-07-14 06:43:03,363 INFO  db.DBStoreBuilder (DBStoreBuilder.java:addTable(110)) - using custom profile for table: s3SecretTable
2019-07-14 06:43:03,363 INFO  db.DBStoreBuilder (DBStoreBuilder.java:processTables(161)) - Using default column profile:DBProfile.DISK for Table:s3SecretTable
2019-07-14 06:43:03,364 INFO  db.DBStoreBuilder (DBStoreBuilder.java:addTable(110)) - using custom profile for table: prefixTable
2019-07-14 06:43:03,364 INFO  db.DBStoreBuilder (DBStoreBuilder.java:processTables(161)) - Using default column profile:DBProfile.DISK for Table:prefixTable
2019-07-14 06:43:03,365 INFO  db.DBStoreBuilder (DBStoreBuilder.java:addTable(110)) - using custom profile for table: default
2019-07-14 06:43:03,365 INFO  db.DBStoreBuilder (DBStoreBuilder.java:processTables(167)) - Using default column profile:DBProfile.DISK for Table:default
2019-07-14 06:43:03,366 INFO  db.DBStoreBuilder (DBStoreBuilder.java:getDbProfile(198)) - Using default options. DBProfile.DISK
2019-07-14 06:43:04,139 INFO  ipc.CallQueueManager (CallQueueManager.java:<init>(84)) - Using callQueue: class java.util.concurrent.LinkedBlockingQueue, queueCapacity: 2000, scheduler: class org.apache.hadoop.ipc.DefaultRpcScheduler, ipcBackoff: false.
2019-07-14 06:43:04,140 INFO  ipc.Server (Server.java:run(1074)) - Starting Socket Reader #1 for port 40915
2019-07-14 06:43:04,167 WARN  server.ServerUtils (ServerUtils.java:getDBPath(222)) - ozone.om.db.dirs is not configured. We recommend adding this setting. Falling back to ozone.metadata.dirs instead.
2019-07-14 06:43:04,168 INFO  om.OzoneManager (OzoneManager.java:start(1228)) - OzoneManager RPC server is listening at localhost/127.0.0.1:40915
2019-07-14 06:43:04,168 INFO  impl.MetricsSystemImpl (MetricsSystemImpl.java:init(158)) - OzoneManager metrics system started (again)
2019-07-14 06:43:04,169 INFO  ipc.Server (Server.java:run(1314)) - IPC Server Responder: starting
2019-07-14 06:43:04,171 INFO  ipc.Server (Server.java:run(1153)) - IPC Server listener on 40915: starting
2019-07-14 06:43:04,182 INFO  hdfs.DFSUtil (DFSUtil.java:httpServerTemplateForNNAndJN(1641)) - Starting Web-server for ozoneManager at: http://0.0.0.0:0
2019-07-14 06:43:04,183 INFO  server.AuthenticationFilter (AuthenticationFilter.java:constructSecretProvider(240)) - Unable to initialize FileSignerSecretProvider, falling back to use random secrets.
2019-07-14 06:43:04,184 WARN  http.HttpRequestLog (HttpRequestLog.java:getRequestLog(97)) - Jetty request log can only be enabled using Log4j
2019-07-14 06:43:04,186 INFO  http.HttpServer2 (HttpServer2.java:addGlobalFilter(975)) - Added global filter 'safety' (class=org.apache.hadoop.http.HttpServer2$QuotingInputFilter)
2019-07-14 06:43:04,187 INFO  http.HttpServer2 (HttpServer2.java:addFilter(948)) - Added filter static_user_filter (class=org.apache.hadoop.http.lib.StaticUserWebFilter$StaticUserFilter) to context ozoneManager
2019-07-14 06:43:04,187 INFO  http.HttpServer2 (HttpServer2.java:addFilter(958)) - Added filter static_user_filter (class=org.apache.hadoop.http.lib.StaticUserWebFilter$StaticUserFilter) to context static
2019-07-14 06:43:04,187 INFO  http.HttpServer2 (HttpServer2.java:addFilter(958)) - Added filter static_user_filter (class=org.apache.hadoop.http.lib.StaticUserWebFilter$StaticUserFilter) to context logs
2019-07-14 06:43:04,189 INFO  http.HttpServer2 (HttpServer2.java:bindListener(1191)) - Jetty bound to port 34579
2019-07-14 06:43:04,189 INFO  server.Server (Server.java:doStart(351)) - jetty-9.3.24.v20180605, build timestamp: 2018-06-05T17:11:56Z, git hash: 84205aa28f11a4f31f2a3b86d1bba2cc8ab69827
2019-07-14 06:43:04,191 INFO  handler.ContextHandler (ContextHandler.java:doStart(781)) - Started o.e.j.s.ServletContextHandler@301d8120{/logs,file:///tmp/workdir/hadoop-ozone/integration-test/target/log,AVAILABLE}
2019-07-14 06:43:04,191 INFO  handler.ContextHandler (ContextHandler.java:doStart(781)) - Started o.e.j.s.ServletContextHandler@72458efc{/static,file:///tmp/workdir/hadoop-ozone/integration-test/target/test-classes/webapps/static,AVAILABLE}
2019-07-14 06:43:04,195 INFO  handler.ContextHandler (ContextHandler.java:doStart(781)) - Started o.e.j.w.WebAppContext@6a84bc2a{/,file:///tmp/workdir/hadoop-ozone/integration-test/target/test-classes/webapps/ozoneManager/,AVAILABLE}{/ozoneManager}
2019-07-14 06:43:04,196 INFO  server.AbstractConnector (AbstractConnector.java:doStart(278)) - Started ServerConnector@5183d589{HTTP/1.1,[http/1.1]}{0.0.0.0:34579}
2019-07-14 06:43:04,196 INFO  server.Server (Server.java:doStart(419)) - Started @3865ms
2019-07-14 06:43:04,198 INFO  server.BaseHttpServer (BaseHttpServer.java:updateConnectorAddress(207)) - HTTP server of OZONEMANAGER is listening at http://0.0.0.0:34579
2019-07-14 06:43:04,511 INFO  impl.MetricsSystemImpl (MetricsSystemImpl.java:init(158)) - HddsDatanode metrics system started (again)
2019-07-14 06:43:04,585 INFO  ozone.HddsDatanodeService (HddsDatanodeService.java:start(185)) - HddsDatanodeService host:trunk-nightly-8c95p-1540871953 ip:192.168.5.144
2019-07-14 06:43:04,612 INFO  volume.HddsVolume (HddsVolume.java:<init>(176)) - Creating Volume: /tmp/workdir/hadoop-ozone/integration-test/target/test-dir/MiniOzoneClusterImpl-6b58458b-4541-4f5c-894b-9d7e52af4090/datanode-0/data/containers/hdds of  storage type : DISK and capacity : 52710309888
2019-07-14 06:43:04,613 INFO  volume.VolumeSet (VolumeSet.java:initializeVolumeSet(170)) - Added Volume : /tmp/workdir/hadoop-ozone/integration-test/target/test-dir/MiniOzoneClusterImpl-6b58458b-4541-4f5c-894b-9d7e52af4090/datanode-0/data/containers/hdds to VolumeSet
2019-07-14 06:43:04,616 INFO  volume.ThrottledAsyncChecker (ThrottledAsyncChecker.java:schedule(140)) - Scheduling a check for org.apache.hadoop.ozone.container.common.volume.HddsVolume@451f87af
2019-07-14 06:43:04,631 INFO  volume.HddsVolumeChecker (HddsVolumeChecker.java:checkAllVolumes(203)) - Scheduled health check for volume org.apache.hadoop.ozone.container.common.volume.HddsVolume@451f87af
2019-07-14 06:43:04,721 INFO  impl.RaftServerProxy (ConfUtils.java:logGet(43)) - raft.rpc.type = GRPC (default)
2019-07-14 06:43:04,776 INFO  grpc.GrpcFactory (GrpcFactory.java:checkPooledByteBufAllocatorUseCacheForAllThreads(45)) - PERFORMANCE WARNING: useCacheForAllThreads is true that may cause Netty to create a lot garbage objects and, as a result, trigger GC.
	It is recommended to disable useCacheForAllThreads by setting -Dorg.apache.ratis.thirdparty.io.netty.allocator.useCacheForAllThreads=false in command line.
2019-07-14 06:43:04,780 INFO  grpc.GrpcConfigKeys$Server (ConfUtils.java:logGet(43)) - raft.grpc.server.port = 0 (default)
2019-07-14 06:43:04,781 INFO  server.GrpcService (ConfUtils.java:logGet(43)) - raft.grpc.message.size.max = 33570816 (custom)
2019-07-14 06:43:04,782 INFO  server.RaftServerConfigKeys (ConfUtils.java:logGet(43)) - raft.server.log.appender.buffer.byte-limit = 33554432 (custom)
2019-07-14 06:43:04,783 INFO  server.GrpcService (ConfUtils.java:logGet(43)) - raft.grpc.flow.control.window = 1MB (=1048576) (default)
2019-07-14 06:43:04,784 INFO  server.RaftServerConfigKeys (ConfUtils.java:logGet(43)) - raft.server.rpc.request.timeout = 3000ms (default)
2019-07-14 06:43:04,928 INFO  server.RaftServerConfigKeys (ConfUtils.java:logGet(43)) - raft.server.storage.dir = [/tmp/workdir/hadoop-ozone/integration-test/target/test-dir/MiniOzoneClusterImpl-6b58458b-4541-4f5c-894b-9d7e52af4090/datanode-0/data/ratis] (custom)
2019-07-14 06:43:04,964 INFO  replication.SimpleContainerDownloader (SimpleContainerDownloader.java:<init>(72)) - Starting container downloader service to copy containers to replicate.
2019-07-14 06:43:04,976 INFO  hdfs.DFSUtil (DFSUtil.java:httpServerTemplateForNNAndJN(1641)) - Starting Web-server for hddsDatanode at: http://0.0.0.0:0
2019-07-14 06:43:04,979 INFO  server.AuthenticationFilter (AuthenticationFilter.java:constructSecretProvider(240)) - Unable to initialize FileSignerSecretProvider, falling back to use random secrets.
2019-07-14 06:43:04,980 WARN  http.HttpRequestLog (HttpRequestLog.java:getRequestLog(97)) - Jetty request log can only be enabled using Log4j
2019-07-14 06:43:04,983 INFO  http.HttpServer2 (HttpServer2.java:addGlobalFilter(975)) - Added global filter 'safety' (class=org.apache.hadoop.http.HttpServer2$QuotingInputFilter)
2019-07-14 06:43:04,984 INFO  http.HttpServer2 (HttpServer2.java:addFilter(948)) - Added filter static_user_filter (class=org.apache.hadoop.http.lib.StaticUserWebFilter$StaticUserFilter) to context hddsDatanode
2019-07-14 06:43:04,984 INFO  http.HttpServer2 (HttpServer2.java:addFilter(958)) - Added filter static_user_filter (class=org.apache.hadoop.http.lib.StaticUserWebFilter$StaticUserFilter) to context static
2019-07-14 06:43:04,985 INFO  http.HttpServer2 (HttpServer2.java:addFilter(958)) - Added filter static_user_filter (class=org.apache.hadoop.http.lib.StaticUserWebFilter$StaticUserFilter) to context logs
2019-07-14 06:43:04,986 INFO  http.HttpServer2 (HttpServer2.java:bindListener(1191)) - Jetty bound to port 41380
2019-07-14 06:43:04,987 INFO  server.Server (Server.java:doStart(351)) - jetty-9.3.24.v20180605, build timestamp: 2018-06-05T17:11:56Z, git hash: 84205aa28f11a4f31f2a3b86d1bba2cc8ab69827
2019-07-14 06:43:04,989 INFO  handler.ContextHandler (ContextHandler.java:doStart(781)) - Started o.e.j.s.ServletContextHandler@21c815e4{/logs,file:///tmp/workdir/hadoop-ozone/integration-test/target/log,AVAILABLE}
2019-07-14 06:43:04,990 INFO  handler.ContextHandler (ContextHandler.java:doStart(781)) - Started o.e.j.s.ServletContextHandler@2a331b46{/static,jar:file:/home/user/.m2/repository/org/apache/hadoop/hadoop-hdds-container-service/0.5.0-SNAPSHOT/hadoop-hdds-container-service-0.5.0-SNAPSHOT.jar!/webapps/static,AVAILABLE}
2019-07-14 06:43:05,039 INFO  handler.ContextHandler (ContextHandler.java:doStart(781)) - Started o.e.j.w.WebAppContext@113e13f9{/,file:///tmp/jetty-0.0.0.0-41380-hddsDatanode-_-any-3483904134873115819.dir/webapp/,AVAILABLE}{/hddsDatanode}
2019-07-14 06:43:05,039 INFO  server.AbstractConnector (AbstractConnector.java:doStart(278)) - Started ServerConnector@1c7f96b1{HTTP/1.1,[http/1.1]}{0.0.0.0:41380}
2019-07-14 06:43:05,040 INFO  server.Server (Server.java:doStart(419)) - Started @4710ms
2019-07-14 06:43:05,042 INFO  server.BaseHttpServer (BaseHttpServer.java:updateConnectorAddress(207)) - HTTP server of HDDSDATANODE is listening at http://0.0.0.0:41380
2019-07-14 06:43:06,200 INFO  ozone.HddsDatanodeService (HddsDatanodeService.java:startPlugins(396)) - Started plug-in org.apache.hadoop.ozone.web.OzoneHddsDatanodeService@5f61371d
2019-07-14 06:43:06,202 INFO  impl.MetricsSystemImpl (MetricsSystemImpl.java:init(158)) - HddsDatanode metrics system started (again)
2019-07-14 06:43:06,203 INFO  ozone.HddsDatanodeService (HddsDatanodeService.java:start(185)) - HddsDatanodeService host:trunk-nightly-8c95p-1540871953 ip:192.168.5.144
2019-07-14 06:43:06,207 INFO  util.JvmPauseMonitor (JvmPauseMonitor.java:run(188)) - Starting JVM pause monitor
2019-07-14 06:43:06,219 INFO  volume.HddsVolume (HddsVolume.java:<init>(176)) - Creating Volume: /tmp/workdir/hadoop-ozone/integration-test/target/test-dir/MiniOzoneClusterImpl-6b58458b-4541-4f5c-894b-9d7e52af4090/datanode-1/data/containers/hdds of  storage type : DISK and capacity : 52710309888
2019-07-14 06:43:06,223 INFO  volume.VolumeSet (VolumeSet.java:initializeVolumeSet(170)) - Added Volume : /tmp/workdir/hadoop-ozone/integration-test/target/test-dir/MiniOzoneClusterImpl-6b58458b-4541-4f5c-894b-9d7e52af4090/datanode-1/data/containers/hdds to VolumeSet
2019-07-14 06:43:06,223 INFO  volume.ThrottledAsyncChecker (ThrottledAsyncChecker.java:schedule(140)) - Scheduling a check for org.apache.hadoop.ozone.container.common.volume.HddsVolume@45292ec1
2019-07-14 06:43:06,227 INFO  volume.HddsVolumeChecker (HddsVolumeChecker.java:checkAllVolumes(203)) - Scheduled health check for volume org.apache.hadoop.ozone.container.common.volume.HddsVolume@45292ec1
2019-07-14 06:43:06,257 INFO  impl.RaftServerProxy (ConfUtils.java:logGet(43)) - raft.rpc.type = GRPC (default)
2019-07-14 06:43:06,258 INFO  grpc.GrpcFactory (GrpcFactory.java:checkPooledByteBufAllocatorUseCacheForAllThreads(45)) - PERFORMANCE WARNING: useCacheForAllThreads is true that may cause Netty to create a lot garbage objects and, as a result, trigger GC.
	It is recommended to disable useCacheForAllThreads by setting -Dorg.apache.ratis.thirdparty.io.netty.allocator.useCacheForAllThreads=false in command line.
2019-07-14 06:43:06,258 INFO  grpc.GrpcConfigKeys$Server (ConfUtils.java:logGet(43)) - raft.grpc.server.port = 0 (default)
2019-07-14 06:43:06,259 INFO  server.GrpcService (ConfUtils.java:logGet(43)) - raft.grpc.message.size.max = 33570816 (custom)
2019-07-14 06:43:06,259 INFO  server.RaftServerConfigKeys (ConfUtils.java:logGet(43)) - raft.server.log.appender.buffer.byte-limit = 33554432 (custom)
2019-07-14 06:43:06,260 INFO  server.GrpcService (ConfUtils.java:logGet(43)) - raft.grpc.flow.control.window = 1MB (=1048576) (default)
2019-07-14 06:43:06,260 INFO  server.RaftServerConfigKeys (ConfUtils.java:logGet(43)) - raft.server.rpc.request.timeout = 3000ms (default)
2019-07-14 06:43:06,262 INFO  server.RaftServerConfigKeys (ConfUtils.java:logGet(43)) - raft.server.storage.dir = [/tmp/workdir/hadoop-ozone/integration-test/target/test-dir/MiniOzoneClusterImpl-6b58458b-4541-4f5c-894b-9d7e52af4090/datanode-1/data/ratis] (custom)
2019-07-14 06:43:06,263 INFO  replication.SimpleContainerDownloader (SimpleContainerDownloader.java:<init>(72)) - Starting container downloader service to copy containers to replicate.
2019-07-14 06:43:06,265 INFO  hdfs.DFSUtil (DFSUtil.java:httpServerTemplateForNNAndJN(1641)) - Starting Web-server for hddsDatanode at: http://0.0.0.0:0
2019-07-14 06:43:06,268 INFO  server.AuthenticationFilter (AuthenticationFilter.java:constructSecretProvider(240)) - Unable to initialize FileSignerSecretProvider, falling back to use random secrets.
2019-07-14 06:43:06,269 WARN  http.HttpRequestLog (HttpRequestLog.java:getRequestLog(97)) - Jetty request log can only be enabled using Log4j
2019-07-14 06:43:06,272 INFO  http.HttpServer2 (HttpServer2.java:addGlobalFilter(975)) - Added global filter 'safety' (class=org.apache.hadoop.http.HttpServer2$QuotingInputFilter)
2019-07-14 06:43:06,274 INFO  http.HttpServer2 (HttpServer2.java:addFilter(948)) - Added filter static_user_filter (class=org.apache.hadoop.http.lib.StaticUserWebFilter$StaticUserFilter) to context hddsDatanode
2019-07-14 06:43:06,274 INFO  http.HttpServer2 (HttpServer2.java:addFilter(958)) - Added filter static_user_filter (class=org.apache.hadoop.http.lib.StaticUserWebFilter$StaticUserFilter) to context logs
2019-07-14 06:43:06,274 INFO  http.HttpServer2 (HttpServer2.java:addFilter(958)) - Added filter static_user_filter (class=org.apache.hadoop.http.lib.StaticUserWebFilter$StaticUserFilter) to context static
2019-07-14 06:43:06,276 INFO  http.HttpServer2 (HttpServer2.java:bindListener(1191)) - Jetty bound to port 44010
2019-07-14 06:43:06,276 INFO  server.Server (Server.java:doStart(351)) - jetty-9.3.24.v20180605, build timestamp: 2018-06-05T17:11:56Z, git hash: 84205aa28f11a4f31f2a3b86d1bba2cc8ab69827
2019-07-14 06:43:06,279 INFO  handler.ContextHandler (ContextHandler.java:doStart(781)) - Started o.e.j.s.ServletContextHandler@570ba13{/logs,file:///tmp/workdir/hadoop-ozone/integration-test/target/log,AVAILABLE}
2019-07-14 06:43:06,280 INFO  handler.ContextHandler (ContextHandler.java:doStart(781)) - Started o.e.j.s.ServletContextHandler@525b1b70{/static,jar:file:/home/user/.m2/repository/org/apache/hadoop/hadoop-hdds-container-service/0.5.0-SNAPSHOT/hadoop-hdds-container-service-0.5.0-SNAPSHOT.jar!/webapps/static,AVAILABLE}
2019-07-14 06:43:06,324 INFO  handler.ContextHandler (ContextHandler.java:doStart(781)) - Started o.e.j.w.WebAppContext@902fdbe{/,file:///tmp/jetty-0.0.0.0-44010-hddsDatanode-_-any-4670569361842375940.dir/webapp/,AVAILABLE}{/hddsDatanode}
2019-07-14 06:43:06,325 INFO  server.AbstractConnector (AbstractConnector.java:doStart(278)) - Started ServerConnector@796d33eb{HTTP/1.1,[http/1.1]}{0.0.0.0:44010}
2019-07-14 06:43:06,328 INFO  server.Server (Server.java:doStart(419)) - Started @5997ms
2019-07-14 06:43:06,329 INFO  server.BaseHttpServer (BaseHttpServer.java:updateConnectorAddress(207)) - HTTP server of HDDSDATANODE is listening at http://0.0.0.0:44010
2019-07-14 06:43:06,335 INFO  datanode.InitDatanodeState (InitDatanodeState.java:persistContainerDatanodeDetails(140)) - DatanodeDetails is persisted to /tmp/workdir/hadoop-ozone/integration-test/target/test-dir/MiniOzoneClusterImpl-6b58458b-4541-4f5c-894b-9d7e52af4090/datanode-0/meta/datanode.id
2019-07-14 06:43:06,481 INFO  ozone.HddsDatanodeService (HddsDatanodeService.java:startPlugins(396)) - Started plug-in org.apache.hadoop.ozone.web.OzoneHddsDatanodeService@1e98b788
2019-07-14 06:43:06,481 INFO  impl.MetricsSystemImpl (MetricsSystemImpl.java:init(158)) - HddsDatanode metrics system started (again)
2019-07-14 06:43:06,482 INFO  ozone.HddsDatanodeService (HddsDatanodeService.java:start(185)) - HddsDatanodeService host:trunk-nightly-8c95p-1540871953 ip:192.168.5.144
2019-07-14 06:43:06,483 INFO  util.JvmPauseMonitor (JvmPauseMonitor.java:run(188)) - Starting JVM pause monitor
2019-07-14 06:43:06,490 INFO  volume.HddsVolume (HddsVolume.java:<init>(176)) - Creating Volume: /tmp/workdir/hadoop-ozone/integration-test/target/test-dir/MiniOzoneClusterImpl-6b58458b-4541-4f5c-894b-9d7e52af4090/datanode-2/data/containers/hdds of  storage type : DISK and capacity : 52710309888
2019-07-14 06:43:06,491 INFO  volume.VolumeSet (VolumeSet.java:initializeVolumeSet(170)) - Added Volume : /tmp/workdir/hadoop-ozone/integration-test/target/test-dir/MiniOzoneClusterImpl-6b58458b-4541-4f5c-894b-9d7e52af4090/datanode-2/data/containers/hdds to VolumeSet
2019-07-14 06:43:06,491 INFO  volume.ThrottledAsyncChecker (ThrottledAsyncChecker.java:schedule(140)) - Scheduling a check for org.apache.hadoop.ozone.container.common.volume.HddsVolume@10f477e2
2019-07-14 06:43:06,492 INFO  volume.HddsVolumeChecker (HddsVolumeChecker.java:checkAllVolumes(203)) - Scheduled health check for volume org.apache.hadoop.ozone.container.common.volume.HddsVolume@10f477e2
2019-07-14 06:43:06,492 INFO  datanode.InitDatanodeState (InitDatanodeState.java:persistContainerDatanodeDetails(140)) - DatanodeDetails is persisted to /tmp/workdir/hadoop-ozone/integration-test/target/test-dir/MiniOzoneClusterImpl-6b58458b-4541-4f5c-894b-9d7e52af4090/datanode-1/meta/datanode.id
2019-07-14 06:43:06,505 INFO  impl.RaftServerProxy (ConfUtils.java:logGet(43)) - raft.rpc.type = GRPC (default)
2019-07-14 06:43:06,506 INFO  grpc.GrpcFactory (GrpcFactory.java:checkPooledByteBufAllocatorUseCacheForAllThreads(45)) - PERFORMANCE WARNING: useCacheForAllThreads is true that may cause Netty to create a lot garbage objects and, as a result, trigger GC.
	It is recommended to disable useCacheForAllThreads by setting -Dorg.apache.ratis.thirdparty.io.netty.allocator.useCacheForAllThreads=false in command line.
2019-07-14 06:43:06,506 INFO  grpc.GrpcConfigKeys$Server (ConfUtils.java:logGet(43)) - raft.grpc.server.port = 0 (default)
2019-07-14 06:43:06,506 INFO  server.GrpcService (ConfUtils.java:logGet(43)) - raft.grpc.message.size.max = 33570816 (custom)
2019-07-14 06:43:06,506 INFO  server.RaftServerConfigKeys (ConfUtils.java:logGet(43)) - raft.server.log.appender.buffer.byte-limit = 33554432 (custom)
2019-07-14 06:43:06,506 INFO  server.GrpcService (ConfUtils.java:logGet(43)) - raft.grpc.flow.control.window = 1MB (=1048576) (default)
2019-07-14 06:43:06,507 INFO  server.RaftServerConfigKeys (ConfUtils.java:logGet(43)) - raft.server.rpc.request.timeout = 3000ms (default)
2019-07-14 06:43:06,507 INFO  server.RaftServerConfigKeys (ConfUtils.java:logGet(43)) - raft.server.storage.dir = [/tmp/workdir/hadoop-ozone/integration-test/target/test-dir/MiniOzoneClusterImpl-6b58458b-4541-4f5c-894b-9d7e52af4090/datanode-2/data/ratis] (custom)
2019-07-14 06:43:06,508 INFO  replication.SimpleContainerDownloader (SimpleContainerDownloader.java:<init>(72)) - Starting container downloader service to copy containers to replicate.
2019-07-14 06:43:06,510 INFO  hdfs.DFSUtil (DFSUtil.java:httpServerTemplateForNNAndJN(1641)) - Starting Web-server for hddsDatanode at: http://0.0.0.0:0
2019-07-14 06:43:06,512 INFO  server.AuthenticationFilter (AuthenticationFilter.java:constructSecretProvider(240)) - Unable to initialize FileSignerSecretProvider, falling back to use random secrets.
2019-07-14 06:43:06,513 WARN  http.HttpRequestLog (HttpRequestLog.java:getRequestLog(97)) - Jetty request log can only be enabled using Log4j
2019-07-14 06:43:06,516 INFO  http.HttpServer2 (HttpServer2.java:addGlobalFilter(975)) - Added global filter 'safety' (class=org.apache.hadoop.http.HttpServer2$QuotingInputFilter)
2019-07-14 06:43:06,518 INFO  http.HttpServer2 (HttpServer2.java:addFilter(948)) - Added filter static_user_filter (class=org.apache.hadoop.http.lib.StaticUserWebFilter$StaticUserFilter) to context hddsDatanode
2019-07-14 06:43:06,518 INFO  http.HttpServer2 (HttpServer2.java:addFilter(958)) - Added filter static_user_filter (class=org.apache.hadoop.http.lib.StaticUserWebFilter$StaticUserFilter) to context logs
2019-07-14 06:43:06,518 INFO  http.HttpServer2 (HttpServer2.java:addFilter(958)) - Added filter static_user_filter (class=org.apache.hadoop.http.lib.StaticUserWebFilter$StaticUserFilter) to context static
2019-07-14 06:43:06,520 INFO  http.HttpServer2 (HttpServer2.java:bindListener(1191)) - Jetty bound to port 39092
2019-07-14 06:43:06,520 INFO  server.Server (Server.java:doStart(351)) - jetty-9.3.24.v20180605, build timestamp: 2018-06-05T17:11:56Z, git hash: 84205aa28f11a4f31f2a3b86d1bba2cc8ab69827
2019-07-14 06:43:06,524 INFO  handler.ContextHandler (ContextHandler.java:doStart(781)) - Started o.e.j.s.ServletContextHandler@27b337bb{/logs,file:///tmp/workdir/hadoop-ozone/integration-test/target/log,AVAILABLE}
2019-07-14 06:43:06,525 INFO  handler.ContextHandler (ContextHandler.java:doStart(781)) - Started o.e.j.s.ServletContextHandler@5c18d6d4{/static,jar:file:/home/user/.m2/repository/org/apache/hadoop/hadoop-hdds-container-service/0.5.0-SNAPSHOT/hadoop-hdds-container-service-0.5.0-SNAPSHOT.jar!/webapps/static,AVAILABLE}
2019-07-14 06:43:06,566 INFO  handler.ContextHandler (ContextHandler.java:doStart(781)) - Started o.e.j.w.WebAppContext@1ab14636{/,file:///tmp/jetty-0.0.0.0-39092-hddsDatanode-_-any-5114259315814629939.dir/webapp/,AVAILABLE}{/hddsDatanode}
2019-07-14 06:43:06,566 INFO  server.AbstractConnector (AbstractConnector.java:doStart(278)) - Started ServerConnector@16b3c905{HTTP/1.1,[http/1.1]}{0.0.0.0:39092}
2019-07-14 06:43:06,569 INFO  server.Server (Server.java:doStart(419)) - Started @6238ms
2019-07-14 06:43:06,569 INFO  server.BaseHttpServer (BaseHttpServer.java:updateConnectorAddress(207)) - HTTP server of HDDSDATANODE is listening at http://0.0.0.0:39092
2019-07-14 06:43:06,708 INFO  ozone.HddsDatanodeService (HddsDatanodeService.java:startPlugins(396)) - Started plug-in org.apache.hadoop.ozone.web.OzoneHddsDatanodeService@30922f8d
2019-07-14 06:43:06,709 INFO  impl.MetricsSystemImpl (MetricsSystemImpl.java:init(158)) - HddsDatanode metrics system started (again)
2019-07-14 06:43:06,710 INFO  ozone.HddsDatanodeService (HddsDatanodeService.java:start(185)) - HddsDatanodeService host:trunk-nightly-8c95p-1540871953 ip:192.168.5.144
2019-07-14 06:43:06,713 INFO  util.JvmPauseMonitor (JvmPauseMonitor.java:run(188)) - Starting JVM pause monitor
2019-07-14 06:43:06,719 INFO  volume.HddsVolume (HddsVolume.java:<init>(176)) - Creating Volume: /tmp/workdir/hadoop-ozone/integration-test/target/test-dir/MiniOzoneClusterImpl-6b58458b-4541-4f5c-894b-9d7e52af4090/datanode-3/data/containers/hdds of  storage type : DISK and capacity : 52710309888
2019-07-14 06:43:06,719 INFO  datanode.InitDatanodeState (InitDatanodeState.java:persistContainerDatanodeDetails(140)) - DatanodeDetails is persisted to /tmp/workdir/hadoop-ozone/integration-test/target/test-dir/MiniOzoneClusterImpl-6b58458b-4541-4f5c-894b-9d7e52af4090/datanode-2/meta/datanode.id
2019-07-14 06:43:06,720 INFO  volume.VolumeSet (VolumeSet.java:initializeVolumeSet(170)) - Added Volume : /tmp/workdir/hadoop-ozone/integration-test/target/test-dir/MiniOzoneClusterImpl-6b58458b-4541-4f5c-894b-9d7e52af4090/datanode-3/data/containers/hdds to VolumeSet
2019-07-14 06:43:06,720 INFO  volume.ThrottledAsyncChecker (ThrottledAsyncChecker.java:schedule(140)) - Scheduling a check for org.apache.hadoop.ozone.container.common.volume.HddsVolume@45d56062
2019-07-14 06:43:06,721 INFO  volume.HddsVolumeChecker (HddsVolumeChecker.java:checkAllVolumes(203)) - Scheduled health check for volume org.apache.hadoop.ozone.container.common.volume.HddsVolume@45d56062
2019-07-14 06:43:06,735 INFO  impl.RaftServerProxy (ConfUtils.java:logGet(43)) - raft.rpc.type = GRPC (default)
2019-07-14 06:43:06,735 INFO  grpc.GrpcFactory (GrpcFactory.java:checkPooledByteBufAllocatorUseCacheForAllThreads(45)) - PERFORMANCE WARNING: useCacheForAllThreads is true that may cause Netty to create a lot garbage objects and, as a result, trigger GC.
	It is recommended to disable useCacheForAllThreads by setting -Dorg.apache.ratis.thirdparty.io.netty.allocator.useCacheForAllThreads=false in command line.
2019-07-14 06:43:06,736 INFO  grpc.GrpcConfigKeys$Server (ConfUtils.java:logGet(43)) - raft.grpc.server.port = 0 (default)
2019-07-14 06:43:06,736 INFO  server.GrpcService (ConfUtils.java:logGet(43)) - raft.grpc.message.size.max = 33570816 (custom)
2019-07-14 06:43:06,736 INFO  server.RaftServerConfigKeys (ConfUtils.java:logGet(43)) - raft.server.log.appender.buffer.byte-limit = 33554432 (custom)
2019-07-14 06:43:06,736 INFO  server.GrpcService (ConfUtils.java:logGet(43)) - raft.grpc.flow.control.window = 1MB (=1048576) (default)
2019-07-14 06:43:06,737 INFO  server.RaftServerConfigKeys (ConfUtils.java:logGet(43)) - raft.server.rpc.request.timeout = 3000ms (default)
2019-07-14 06:43:06,737 INFO  server.RaftServerConfigKeys (ConfUtils.java:logGet(43)) - raft.server.storage.dir = [/tmp/workdir/hadoop-ozone/integration-test/target/test-dir/MiniOzoneClusterImpl-6b58458b-4541-4f5c-894b-9d7e52af4090/datanode-3/data/ratis] (custom)
2019-07-14 06:43:06,738 INFO  replication.SimpleContainerDownloader (SimpleContainerDownloader.java:<init>(72)) - Starting container downloader service to copy containers to replicate.
2019-07-14 06:43:06,739 INFO  hdfs.DFSUtil (DFSUtil.java:httpServerTemplateForNNAndJN(1641)) - Starting Web-server for hddsDatanode at: http://0.0.0.0:0
2019-07-14 06:43:06,740 INFO  server.AuthenticationFilter (AuthenticationFilter.java:constructSecretProvider(240)) - Unable to initialize FileSignerSecretProvider, falling back to use random secrets.
2019-07-14 06:43:06,740 WARN  http.HttpRequestLog (HttpRequestLog.java:getRequestLog(97)) - Jetty request log can only be enabled using Log4j
2019-07-14 06:43:06,742 INFO  http.HttpServer2 (HttpServer2.java:addGlobalFilter(975)) - Added global filter 'safety' (class=org.apache.hadoop.http.HttpServer2$QuotingInputFilter)
2019-07-14 06:43:06,742 INFO  http.HttpServer2 (HttpServer2.java:addFilter(948)) - Added filter static_user_filter (class=org.apache.hadoop.http.lib.StaticUserWebFilter$StaticUserFilter) to context hddsDatanode
2019-07-14 06:43:06,742 INFO  http.HttpServer2 (HttpServer2.java:addFilter(958)) - Added filter static_user_filter (class=org.apache.hadoop.http.lib.StaticUserWebFilter$StaticUserFilter) to context static
2019-07-14 06:43:06,743 INFO  http.HttpServer2 (HttpServer2.java:addFilter(958)) - Added filter static_user_filter (class=org.apache.hadoop.http.lib.StaticUserWebFilter$StaticUserFilter) to context logs
2019-07-14 06:43:06,743 INFO  http.HttpServer2 (HttpServer2.java:bindListener(1191)) - Jetty bound to port 34798
2019-07-14 06:43:06,743 INFO  server.Server (Server.java:doStart(351)) - jetty-9.3.24.v20180605, build timestamp: 2018-06-05T17:11:56Z, git hash: 84205aa28f11a4f31f2a3b86d1bba2cc8ab69827
2019-07-14 06:43:06,746 INFO  handler.ContextHandler (ContextHandler.java:doStart(781)) - Started o.e.j.s.ServletContextHandler@4f081b5d{/logs,file:///tmp/workdir/hadoop-ozone/integration-test/target/log,AVAILABLE}
2019-07-14 06:43:06,746 INFO  handler.ContextHandler (ContextHandler.java:doStart(781)) - Started o.e.j.s.ServletContextHandler@740a0d5e{/static,jar:file:/home/user/.m2/repository/org/apache/hadoop/hadoop-hdds-container-service/0.5.0-SNAPSHOT/hadoop-hdds-container-service-0.5.0-SNAPSHOT.jar!/webapps/static,AVAILABLE}
2019-07-14 06:43:06,776 INFO  handler.ContextHandler (ContextHandler.java:doStart(781)) - Started o.e.j.w.WebAppContext@4ae2e781{/,file:///tmp/jetty-0.0.0.0-34798-hddsDatanode-_-any-987978291534561069.dir/webapp/,AVAILABLE}{/hddsDatanode}
2019-07-14 06:43:06,776 INFO  server.AbstractConnector (AbstractConnector.java:doStart(278)) - Started ServerConnector@339f3a55{HTTP/1.1,[http/1.1]}{0.0.0.0:34798}
2019-07-14 06:43:06,777 INFO  server.Server (Server.java:doStart(419)) - Started @6447ms
2019-07-14 06:43:06,780 INFO  server.BaseHttpServer (BaseHttpServer.java:updateConnectorAddress(207)) - HTTP server of HDDSDATANODE is listening at http://0.0.0.0:34798
2019-07-14 06:43:06,943 INFO  ozone.HddsDatanodeService (HddsDatanodeService.java:startPlugins(396)) - Started plug-in org.apache.hadoop.ozone.web.OzoneHddsDatanodeService@15605d83
2019-07-14 06:43:06,944 INFO  impl.MetricsSystemImpl (MetricsSystemImpl.java:init(158)) - HddsDatanode metrics system started (again)
2019-07-14 06:43:06,945 INFO  ozone.HddsDatanodeService (HddsDatanodeService.java:start(185)) - HddsDatanodeService host:trunk-nightly-8c95p-1540871953 ip:192.168.5.144
2019-07-14 06:43:06,947 INFO  util.JvmPauseMonitor (JvmPauseMonitor.java:run(188)) - Starting JVM pause monitor
2019-07-14 06:43:06,949 INFO  datanode.InitDatanodeState (InitDatanodeState.java:persistContainerDatanodeDetails(140)) - DatanodeDetails is persisted to /tmp/workdir/hadoop-ozone/integration-test/target/test-dir/MiniOzoneClusterImpl-6b58458b-4541-4f5c-894b-9d7e52af4090/datanode-3/meta/datanode.id
2019-07-14 06:43:06,954 INFO  volume.HddsVolume (HddsVolume.java:<init>(176)) - Creating Volume: /tmp/workdir/hadoop-ozone/integration-test/target/test-dir/MiniOzoneClusterImpl-6b58458b-4541-4f5c-894b-9d7e52af4090/datanode-4/data/containers/hdds of  storage type : DISK and capacity : 52710309888
2019-07-14 06:43:06,954 INFO  volume.VolumeSet (VolumeSet.java:initializeVolumeSet(170)) - Added Volume : /tmp/workdir/hadoop-ozone/integration-test/target/test-dir/MiniOzoneClusterImpl-6b58458b-4541-4f5c-894b-9d7e52af4090/datanode-4/data/containers/hdds to VolumeSet
2019-07-14 06:43:06,954 INFO  volume.ThrottledAsyncChecker (ThrottledAsyncChecker.java:schedule(140)) - Scheduling a check for org.apache.hadoop.ozone.container.common.volume.HddsVolume@6da54910
2019-07-14 06:43:06,955 INFO  volume.HddsVolumeChecker (HddsVolumeChecker.java:checkAllVolumes(203)) - Scheduled health check for volume org.apache.hadoop.ozone.container.common.volume.HddsVolume@6da54910
2019-07-14 06:43:06,971 INFO  impl.RaftServerProxy (ConfUtils.java:logGet(43)) - raft.rpc.type = GRPC (default)
2019-07-14 06:43:06,972 INFO  grpc.GrpcFactory (GrpcFactory.java:checkPooledByteBufAllocatorUseCacheForAllThreads(45)) - PERFORMANCE WARNING: useCacheForAllThreads is true that may cause Netty to create a lot garbage objects and, as a result, trigger GC.
	It is recommended to disable useCacheForAllThreads by setting -Dorg.apache.ratis.thirdparty.io.netty.allocator.useCacheForAllThreads=false in command line.
2019-07-14 06:43:06,972 INFO  grpc.GrpcConfigKeys$Server (ConfUtils.java:logGet(43)) - raft.grpc.server.port = 0 (default)
2019-07-14 06:43:06,972 INFO  server.GrpcService (ConfUtils.java:logGet(43)) - raft.grpc.message.size.max = 33570816 (custom)
2019-07-14 06:43:06,973 INFO  server.RaftServerConfigKeys (ConfUtils.java:logGet(43)) - raft.server.log.appender.buffer.byte-limit = 33554432 (custom)
2019-07-14 06:43:06,973 INFO  server.GrpcService (ConfUtils.java:logGet(43)) - raft.grpc.flow.control.window = 1MB (=1048576) (default)
2019-07-14 06:43:06,974 INFO  server.RaftServerConfigKeys (ConfUtils.java:logGet(43)) - raft.server.rpc.request.timeout = 3000ms (default)
2019-07-14 06:43:06,974 INFO  server.RaftServerConfigKeys (ConfUtils.java:logGet(43)) - raft.server.storage.dir = [/tmp/workdir/hadoop-ozone/integration-test/target/test-dir/MiniOzoneClusterImpl-6b58458b-4541-4f5c-894b-9d7e52af4090/datanode-4/data/ratis] (custom)
2019-07-14 06:43:06,975 INFO  replication.SimpleContainerDownloader (SimpleContainerDownloader.java:<init>(72)) - Starting container downloader service to copy containers to replicate.
2019-07-14 06:43:06,978 INFO  hdfs.DFSUtil (DFSUtil.java:httpServerTemplateForNNAndJN(1641)) - Starting Web-server for hddsDatanode at: http://0.0.0.0:0
2019-07-14 06:43:06,980 INFO  server.AuthenticationFilter (AuthenticationFilter.java:constructSecretProvider(240)) - Unable to initialize FileSignerSecretProvider, falling back to use random secrets.
2019-07-14 06:43:06,981 WARN  http.HttpRequestLog (HttpRequestLog.java:getRequestLog(97)) - Jetty request log can only be enabled using Log4j
2019-07-14 06:43:06,983 INFO  http.HttpServer2 (HttpServer2.java:addGlobalFilter(975)) - Added global filter 'safety' (class=org.apache.hadoop.http.HttpServer2$QuotingInputFilter)
2019-07-14 06:43:06,985 INFO  http.HttpServer2 (HttpServer2.java:addFilter(948)) - Added filter static_user_filter (class=org.apache.hadoop.http.lib.StaticUserWebFilter$StaticUserFilter) to context hddsDatanode
2019-07-14 06:43:06,985 INFO  http.HttpServer2 (HttpServer2.java:addFilter(958)) - Added filter static_user_filter (class=org.apache.hadoop.http.lib.StaticUserWebFilter$StaticUserFilter) to context logs
2019-07-14 06:43:06,985 INFO  http.HttpServer2 (HttpServer2.java:addFilter(958)) - Added filter static_user_filter (class=org.apache.hadoop.http.lib.StaticUserWebFilter$StaticUserFilter) to context static
2019-07-14 06:43:06,986 INFO  http.HttpServer2 (HttpServer2.java:bindListener(1191)) - Jetty bound to port 36667
2019-07-14 06:43:06,986 INFO  server.Server (Server.java:doStart(351)) - jetty-9.3.24.v20180605, build timestamp: 2018-06-05T17:11:56Z, git hash: 84205aa28f11a4f31f2a3b86d1bba2cc8ab69827
2019-07-14 06:43:06,991 INFO  handler.ContextHandler (ContextHandler.java:doStart(781)) - Started o.e.j.s.ServletContextHandler@640d604{/logs,file:///tmp/workdir/hadoop-ozone/integration-test/target/log,AVAILABLE}
2019-07-14 06:43:06,992 INFO  handler.ContextHandler (ContextHandler.java:doStart(781)) - Started o.e.j.s.ServletContextHandler@5438fa43{/static,jar:file:/home/user/.m2/repository/org/apache/hadoop/hadoop-hdds-container-service/0.5.0-SNAPSHOT/hadoop-hdds-container-service-0.5.0-SNAPSHOT.jar!/webapps/static,AVAILABLE}
2019-07-14 06:43:07,029 INFO  handler.ContextHandler (ContextHandler.java:doStart(781)) - Started o.e.j.w.WebAppContext@de77146{/,file:///tmp/jetty-0.0.0.0-36667-hddsDatanode-_-any-4646143148779027429.dir/webapp/,AVAILABLE}{/hddsDatanode}
2019-07-14 06:43:07,030 INFO  server.AbstractConnector (AbstractConnector.java:doStart(278)) - Started ServerConnector@691567ea{HTTP/1.1,[http/1.1]}{0.0.0.0:36667}
2019-07-14 06:43:07,031 INFO  server.Server (Server.java:doStart(419)) - Started @6700ms
2019-07-14 06:43:07,031 INFO  server.BaseHttpServer (BaseHttpServer.java:updateConnectorAddress(207)) - HTTP server of HDDSDATANODE is listening at http://0.0.0.0:36667
2019-07-14 06:43:07,154 INFO  ozone.HddsDatanodeService (HddsDatanodeService.java:startPlugins(396)) - Started plug-in org.apache.hadoop.ozone.web.OzoneHddsDatanodeService@2365ea38
2019-07-14 06:43:07,154 INFO  impl.MetricsSystemImpl (MetricsSystemImpl.java:init(158)) - HddsDatanode metrics system started (again)
2019-07-14 06:43:07,156 INFO  ozone.HddsDatanodeService (HddsDatanodeService.java:start(185)) - HddsDatanodeService host:trunk-nightly-8c95p-1540871953 ip:192.168.5.144
2019-07-14 06:43:07,158 INFO  util.JvmPauseMonitor (JvmPauseMonitor.java:run(188)) - Starting JVM pause monitor
2019-07-14 06:43:07,160 INFO  datanode.InitDatanodeState (InitDatanodeState.java:persistContainerDatanodeDetails(140)) - DatanodeDetails is persisted to /tmp/workdir/hadoop-ozone/integration-test/target/test-dir/MiniOzoneClusterImpl-6b58458b-4541-4f5c-894b-9d7e52af4090/datanode-4/meta/datanode.id
2019-07-14 06:43:07,166 INFO  volume.HddsVolume (HddsVolume.java:<init>(176)) - Creating Volume: /tmp/workdir/hadoop-ozone/integration-test/target/test-dir/MiniOzoneClusterImpl-6b58458b-4541-4f5c-894b-9d7e52af4090/datanode-5/data/containers/hdds of  storage type : DISK and capacity : 52710309888
2019-07-14 06:43:07,166 INFO  volume.VolumeSet (VolumeSet.java:initializeVolumeSet(170)) - Added Volume : /tmp/workdir/hadoop-ozone/integration-test/target/test-dir/MiniOzoneClusterImpl-6b58458b-4541-4f5c-894b-9d7e52af4090/datanode-5/data/containers/hdds to VolumeSet
2019-07-14 06:43:07,166 INFO  volume.ThrottledAsyncChecker (ThrottledAsyncChecker.java:schedule(140)) - Scheduling a check for org.apache.hadoop.ozone.container.common.volume.HddsVolume@7781263c
2019-07-14 06:43:07,167 INFO  volume.HddsVolumeChecker (HddsVolumeChecker.java:checkAllVolumes(203)) - Scheduled health check for volume org.apache.hadoop.ozone.container.common.volume.HddsVolume@7781263c
2019-07-14 06:43:07,180 INFO  impl.RaftServerProxy (ConfUtils.java:logGet(43)) - raft.rpc.type = GRPC (default)
2019-07-14 06:43:07,180 INFO  grpc.GrpcFactory (GrpcFactory.java:checkPooledByteBufAllocatorUseCacheForAllThreads(45)) - PERFORMANCE WARNING: useCacheForAllThreads is true that may cause Netty to create a lot garbage objects and, as a result, trigger GC.
	It is recommended to disable useCacheForAllThreads by setting -Dorg.apache.ratis.thirdparty.io.netty.allocator.useCacheForAllThreads=false in command line.
2019-07-14 06:43:07,181 INFO  grpc.GrpcConfigKeys$Server (ConfUtils.java:logGet(43)) - raft.grpc.server.port = 0 (default)
2019-07-14 06:43:07,181 INFO  server.GrpcService (ConfUtils.java:logGet(43)) - raft.grpc.message.size.max = 33570816 (custom)
2019-07-14 06:43:07,181 INFO  server.RaftServerConfigKeys (ConfUtils.java:logGet(43)) - raft.server.log.appender.buffer.byte-limit = 33554432 (custom)
2019-07-14 06:43:07,181 INFO  server.GrpcService (ConfUtils.java:logGet(43)) - raft.grpc.flow.control.window = 1MB (=1048576) (default)
2019-07-14 06:43:07,182 INFO  server.RaftServerConfigKeys (ConfUtils.java:logGet(43)) - raft.server.rpc.request.timeout = 3000ms (default)
2019-07-14 06:43:07,182 INFO  server.RaftServerConfigKeys (ConfUtils.java:logGet(43)) - raft.server.storage.dir = [/tmp/workdir/hadoop-ozone/integration-test/target/test-dir/MiniOzoneClusterImpl-6b58458b-4541-4f5c-894b-9d7e52af4090/datanode-5/data/ratis] (custom)
2019-07-14 06:43:07,183 INFO  replication.SimpleContainerDownloader (SimpleContainerDownloader.java:<init>(72)) - Starting container downloader service to copy containers to replicate.
2019-07-14 06:43:07,184 INFO  hdfs.DFSUtil (DFSUtil.java:httpServerTemplateForNNAndJN(1641)) - Starting Web-server for hddsDatanode at: http://0.0.0.0:0
2019-07-14 06:43:07,185 INFO  server.AuthenticationFilter (AuthenticationFilter.java:constructSecretProvider(240)) - Unable to initialize FileSignerSecretProvider, falling back to use random secrets.
2019-07-14 06:43:07,186 WARN  http.HttpRequestLog (HttpRequestLog.java:getRequestLog(97)) - Jetty request log can only be enabled using Log4j
2019-07-14 06:43:07,187 INFO  http.HttpServer2 (HttpServer2.java:addGlobalFilter(975)) - Added global filter 'safety' (class=org.apache.hadoop.http.HttpServer2$QuotingInputFilter)
2019-07-14 06:43:07,187 INFO  http.HttpServer2 (HttpServer2.java:addFilter(948)) - Added filter static_user_filter (class=org.apache.hadoop.http.lib.StaticUserWebFilter$StaticUserFilter) to context hddsDatanode
2019-07-14 06:43:07,187 INFO  http.HttpServer2 (HttpServer2.java:addFilter(958)) - Added filter static_user_filter (class=org.apache.hadoop.http.lib.StaticUserWebFilter$StaticUserFilter) to context logs
2019-07-14 06:43:07,187 INFO  http.HttpServer2 (HttpServer2.java:addFilter(958)) - Added filter static_user_filter (class=org.apache.hadoop.http.lib.StaticUserWebFilter$StaticUserFilter) to context static
2019-07-14 06:43:07,188 INFO  http.HttpServer2 (HttpServer2.java:bindListener(1191)) - Jetty bound to port 34029
2019-07-14 06:43:07,188 INFO  server.Server (Server.java:doStart(351)) - jetty-9.3.24.v20180605, build timestamp: 2018-06-05T17:11:56Z, git hash: 84205aa28f11a4f31f2a3b86d1bba2cc8ab69827
2019-07-14 06:43:07,190 INFO  handler.ContextHandler (ContextHandler.java:doStart(781)) - Started o.e.j.s.ServletContextHandler@325162e9{/logs,file:///tmp/workdir/hadoop-ozone/integration-test/target/log,AVAILABLE}
2019-07-14 06:43:07,191 INFO  handler.ContextHandler (ContextHandler.java:doStart(781)) - Started o.e.j.s.ServletContextHandler@5c448ef{/static,jar:file:/home/user/.m2/repository/org/apache/hadoop/hadoop-hdds-container-service/0.5.0-SNAPSHOT/hadoop-hdds-container-service-0.5.0-SNAPSHOT.jar!/webapps/static,AVAILABLE}
2019-07-14 06:43:07,218 INFO  handler.ContextHandler (ContextHandler.java:doStart(781)) - Started o.e.j.w.WebAppContext@377dfb8d{/,file:///tmp/jetty-0.0.0.0-34029-hddsDatanode-_-any-1632069588059985614.dir/webapp/,AVAILABLE}{/hddsDatanode}
2019-07-14 06:43:07,219 INFO  server.AbstractConnector (AbstractConnector.java:doStart(278)) - Started ServerConnector@42a0786f{HTTP/1.1,[http/1.1]}{0.0.0.0:34029}
2019-07-14 06:43:07,220 INFO  server.Server (Server.java:doStart(419)) - Started @6889ms
2019-07-14 06:43:07,220 INFO  server.BaseHttpServer (BaseHttpServer.java:updateConnectorAddress(207)) - HTTP server of HDDSDATANODE is listening at http://0.0.0.0:34029
2019-07-14 06:43:07,373 INFO  ozone.HddsDatanodeService (HddsDatanodeService.java:startPlugins(396)) - Started plug-in org.apache.hadoop.ozone.web.OzoneHddsDatanodeService@165614f5
2019-07-14 06:43:07,374 INFO  impl.MetricsSystemImpl (MetricsSystemImpl.java:init(158)) - HddsDatanode metrics system started (again)
2019-07-14 06:43:07,376 INFO  ozone.HddsDatanodeService (HddsDatanodeService.java:start(185)) - HddsDatanodeService host:trunk-nightly-8c95p-1540871953 ip:192.168.5.144
2019-07-14 06:43:07,377 INFO  util.JvmPauseMonitor (JvmPauseMonitor.java:run(188)) - Starting JVM pause monitor
2019-07-14 06:43:07,380 INFO  datanode.InitDatanodeState (InitDatanodeState.java:persistContainerDatanodeDetails(140)) - DatanodeDetails is persisted to /tmp/workdir/hadoop-ozone/integration-test/target/test-dir/MiniOzoneClusterImpl-6b58458b-4541-4f5c-894b-9d7e52af4090/datanode-5/meta/datanode.id
2019-07-14 06:43:07,386 INFO  volume.HddsVolume (HddsVolume.java:<init>(176)) - Creating Volume: /tmp/workdir/hadoop-ozone/integration-test/target/test-dir/MiniOzoneClusterImpl-6b58458b-4541-4f5c-894b-9d7e52af4090/datanode-6/data/containers/hdds of  storage type : DISK and capacity : 52710309888
2019-07-14 06:43:07,387 INFO  volume.VolumeSet (VolumeSet.java:initializeVolumeSet(170)) - Added Volume : /tmp/workdir/hadoop-ozone/integration-test/target/test-dir/MiniOzoneClusterImpl-6b58458b-4541-4f5c-894b-9d7e52af4090/datanode-6/data/containers/hdds to VolumeSet
2019-07-14 06:43:07,387 INFO  volume.ThrottledAsyncChecker (ThrottledAsyncChecker.java:schedule(140)) - Scheduling a check for org.apache.hadoop.ozone.container.common.volume.HddsVolume@103c97ff
2019-07-14 06:43:07,387 INFO  volume.HddsVolumeChecker (HddsVolumeChecker.java:checkAllVolumes(203)) - Scheduled health check for volume org.apache.hadoop.ozone.container.common.volume.HddsVolume@103c97ff
2019-07-14 06:43:07,402 INFO  impl.RaftServerProxy (ConfUtils.java:logGet(43)) - raft.rpc.type = GRPC (default)
2019-07-14 06:43:07,402 INFO  grpc.GrpcFactory (GrpcFactory.java:checkPooledByteBufAllocatorUseCacheForAllThreads(45)) - PERFORMANCE WARNING: useCacheForAllThreads is true that may cause Netty to create a lot garbage objects and, as a result, trigger GC.
	It is recommended to disable useCacheForAllThreads by setting -Dorg.apache.ratis.thirdparty.io.netty.allocator.useCacheForAllThreads=false in command line.
2019-07-14 06:43:07,403 INFO  grpc.GrpcConfigKeys$Server (ConfUtils.java:logGet(43)) - raft.grpc.server.port = 0 (default)
2019-07-14 06:43:07,403 INFO  server.GrpcService (ConfUtils.java:logGet(43)) - raft.grpc.message.size.max = 33570816 (custom)
2019-07-14 06:43:07,403 INFO  server.RaftServerConfigKeys (ConfUtils.java:logGet(43)) - raft.server.log.appender.buffer.byte-limit = 33554432 (custom)
2019-07-14 06:43:07,403 INFO  server.GrpcService (ConfUtils.java:logGet(43)) - raft.grpc.flow.control.window = 1MB (=1048576) (default)
2019-07-14 06:43:07,403 INFO  server.RaftServerConfigKeys (ConfUtils.java:logGet(43)) - raft.server.rpc.request.timeout = 3000ms (default)
2019-07-14 06:43:07,404 INFO  server.RaftServerConfigKeys (ConfUtils.java:logGet(43)) - raft.server.storage.dir = [/tmp/workdir/hadoop-ozone/integration-test/target/test-dir/MiniOzoneClusterImpl-6b58458b-4541-4f5c-894b-9d7e52af4090/datanode-6/data/ratis] (custom)
2019-07-14 06:43:07,404 INFO  replication.SimpleContainerDownloader (SimpleContainerDownloader.java:<init>(72)) - Starting container downloader service to copy containers to replicate.
2019-07-14 06:43:07,406 INFO  hdfs.DFSUtil (DFSUtil.java:httpServerTemplateForNNAndJN(1641)) - Starting Web-server for hddsDatanode at: http://0.0.0.0:0
2019-07-14 06:43:07,407 INFO  server.AuthenticationFilter (AuthenticationFilter.java:constructSecretProvider(240)) - Unable to initialize FileSignerSecretProvider, falling back to use random secrets.
2019-07-14 06:43:07,408 WARN  http.HttpRequestLog (HttpRequestLog.java:getRequestLog(97)) - Jetty request log can only be enabled using Log4j
2019-07-14 06:43:07,409 INFO  http.HttpServer2 (HttpServer2.java:addGlobalFilter(975)) - Added global filter 'safety' (class=org.apache.hadoop.http.HttpServer2$QuotingInputFilter)
2019-07-14 06:43:07,410 INFO  http.HttpServer2 (HttpServer2.java:addFilter(948)) - Added filter static_user_filter (class=org.apache.hadoop.http.lib.StaticUserWebFilter$StaticUserFilter) to context hddsDatanode
2019-07-14 06:43:07,410 INFO  http.HttpServer2 (HttpServer2.java:addFilter(958)) - Added filter static_user_filter (class=org.apache.hadoop.http.lib.StaticUserWebFilter$StaticUserFilter) to context logs
2019-07-14 06:43:07,410 INFO  http.HttpServer2 (HttpServer2.java:addFilter(958)) - Added filter static_user_filter (class=org.apache.hadoop.http.lib.StaticUserWebFilter$StaticUserFilter) to context static
2019-07-14 06:43:07,411 INFO  http.HttpServer2 (HttpServer2.java:bindListener(1191)) - Jetty bound to port 33880
2019-07-14 06:43:07,411 INFO  server.Server (Server.java:doStart(351)) - jetty-9.3.24.v20180605, build timestamp: 2018-06-05T17:11:56Z, git hash: 84205aa28f11a4f31f2a3b86d1bba2cc8ab69827
2019-07-14 06:43:07,452 INFO  handler.ContextHandler (ContextHandler.java:doStart(781)) - Started o.e.j.s.ServletContextHandler@35fa450f{/logs,file:///tmp/workdir/hadoop-ozone/integration-test/target/log,AVAILABLE}
2019-07-14 06:43:07,453 INFO  handler.ContextHandler (ContextHandler.java:doStart(781)) - Started o.e.j.s.ServletContextHandler@9b3be1c{/static,jar:file:/home/user/.m2/repository/org/apache/hadoop/hadoop-hdds-container-service/0.5.0-SNAPSHOT/hadoop-hdds-container-service-0.5.0-SNAPSHOT.jar!/webapps/static,AVAILABLE}
2019-07-14 06:43:07,500 INFO  handler.ContextHandler (ContextHandler.java:doStart(781)) - Started o.e.j.w.WebAppContext@4c7d7430{/,file:///tmp/jetty-0.0.0.0-33880-hddsDatanode-_-any-1548049655828052331.dir/webapp/,AVAILABLE}{/hddsDatanode}
2019-07-14 06:43:07,500 INFO  server.AbstractConnector (AbstractConnector.java:doStart(278)) - Started ServerConnector@4ea1aa52{HTTP/1.1,[http/1.1]}{0.0.0.0:33880}
2019-07-14 06:43:07,501 INFO  server.Server (Server.java:doStart(419)) - Started @7170ms
2019-07-14 06:43:07,502 INFO  server.BaseHttpServer (BaseHttpServer.java:updateConnectorAddress(207)) - HTTP server of HDDSDATANODE is listening at http://0.0.0.0:33880
2019-07-14 06:43:07,627 INFO  ozone.HddsDatanodeService (HddsDatanodeService.java:startPlugins(396)) - Started plug-in org.apache.hadoop.ozone.web.OzoneHddsDatanodeService@da09250
2019-07-14 06:43:07,630 INFO  ozone.MiniOzoneClusterImpl (MiniOzoneClusterImpl.java:lambda$waitForClusterToBeReady$0(142)) - Waiting for cluster to be ready. Got 0 of 7 DN Heartbeats.
2019-07-14 06:43:07,631 INFO  util.JvmPauseMonitor (JvmPauseMonitor.java:run(188)) - Starting JVM pause monitor
2019-07-14 06:43:07,633 INFO  datanode.InitDatanodeState (InitDatanodeState.java:persistContainerDatanodeDetails(140)) - DatanodeDetails is persisted to /tmp/workdir/hadoop-ozone/integration-test/target/test-dir/MiniOzoneClusterImpl-6b58458b-4541-4f5c-894b-9d7e52af4090/datanode-6/meta/datanode.id
2019-07-14 06:43:08,261 INFO  ozoneimpl.OzoneContainer (OzoneContainer.java:start(186)) - Attempting to start container services.
2019-07-14 06:43:08,262 INFO  ozoneimpl.OzoneContainer (OzoneContainer.java:startContainerScrub(160)) - Background container scrubber has been disabled by hdds.containerscrub.enabled
2019-07-14 06:43:08,263 INFO  ratis.XceiverServerRatis (XceiverServerRatis.java:start(418)) - Starting XceiverServerRatis 996fe33c-902d-44b5-825f-b25fffdd237c at port 0
2019-07-14 06:43:08,281 INFO  impl.RaftServerProxy (RaftServerProxy.java:lambda$start$3(299)) - 996fe33c-902d-44b5-825f-b25fffdd237c: start RPC server
2019-07-14 06:43:08,404 INFO  server.GrpcService (GrpcService.java:startImpl(149)) - 996fe33c-902d-44b5-825f-b25fffdd237c: GrpcService started, listening on 0.0.0.0/0.0.0.0:35636
2019-07-14 06:43:08,405 INFO  ratis.XceiverServerRatis (XceiverServerRatis.java:start(428)) - XceiverServerRatis 996fe33c-902d-44b5-825f-b25fffdd237c is started using port 35636
2019-07-14 06:43:08,407 INFO  server.XceiverServerGrpc (XceiverServerGrpc.java:start(161)) - XceiverServerGrpc 996fe33c-902d-44b5-825f-b25fffdd237c is started using port 41111
2019-07-14 06:43:08,498 INFO  ozoneimpl.OzoneContainer (OzoneContainer.java:start(186)) - Attempting to start container services.
2019-07-14 06:43:08,502 INFO  ozoneimpl.OzoneContainer (OzoneContainer.java:startContainerScrub(160)) - Background container scrubber has been disabled by hdds.containerscrub.enabled
2019-07-14 06:43:08,502 INFO  ratis.XceiverServerRatis (XceiverServerRatis.java:start(418)) - Starting XceiverServerRatis 3a684e4c-bc76-4e58-93e9-4c7b93103987 at port 0
2019-07-14 06:43:08,510 INFO  impl.RaftServerProxy (RaftServerProxy.java:lambda$start$3(299)) - 3a684e4c-bc76-4e58-93e9-4c7b93103987: start RPC server
2019-07-14 06:43:08,514 INFO  server.GrpcService (GrpcService.java:startImpl(149)) - 3a684e4c-bc76-4e58-93e9-4c7b93103987: GrpcService started, listening on 0.0.0.0/0.0.0.0:46769
2019-07-14 06:43:08,515 INFO  ratis.XceiverServerRatis (XceiverServerRatis.java:start(428)) - XceiverServerRatis 3a684e4c-bc76-4e58-93e9-4c7b93103987 is started using port 46769
2019-07-14 06:43:08,518 INFO  server.XceiverServerGrpc (XceiverServerGrpc.java:start(161)) - XceiverServerGrpc 3a684e4c-bc76-4e58-93e9-4c7b93103987 is started using port 36026
2019-07-14 06:43:08,631 INFO  ozone.MiniOzoneClusterImpl (MiniOzoneClusterImpl.java:lambda$waitForClusterToBeReady$0(142)) - Waiting for cluster to be ready. Got 0 of 7 DN Heartbeats.
2019-07-14 06:43:08,721 INFO  ozoneimpl.OzoneContainer (OzoneContainer.java:start(186)) - Attempting to start container services.
2019-07-14 06:43:08,723 INFO  ozoneimpl.OzoneContainer (OzoneContainer.java:startContainerScrub(160)) - Background container scrubber has been disabled by hdds.containerscrub.enabled
2019-07-14 06:43:08,724 INFO  ratis.XceiverServerRatis (XceiverServerRatis.java:start(418)) - Starting XceiverServerRatis d3f65906-3b2c-4090-a46a-ce7eb89ef6ea at port 0
2019-07-14 06:43:08,734 INFO  impl.RaftServerProxy (RaftServerProxy.java:lambda$start$3(299)) - d3f65906-3b2c-4090-a46a-ce7eb89ef6ea: start RPC server
2019-07-14 06:43:08,737 INFO  server.GrpcService (GrpcService.java:startImpl(149)) - d3f65906-3b2c-4090-a46a-ce7eb89ef6ea: GrpcService started, listening on 0.0.0.0/0.0.0.0:40488
2019-07-14 06:43:08,738 INFO  ratis.XceiverServerRatis (XceiverServerRatis.java:start(428)) - XceiverServerRatis d3f65906-3b2c-4090-a46a-ce7eb89ef6ea is started using port 40488
2019-07-14 06:43:08,741 INFO  server.XceiverServerGrpc (XceiverServerGrpc.java:start(161)) - XceiverServerGrpc d3f65906-3b2c-4090-a46a-ce7eb89ef6ea is started using port 33340
2019-07-14 06:43:08,962 INFO  ozoneimpl.OzoneContainer (OzoneContainer.java:start(186)) - Attempting to start container services.
2019-07-14 06:43:08,967 INFO  ozoneimpl.OzoneContainer (OzoneContainer.java:startContainerScrub(160)) - Background container scrubber has been disabled by hdds.containerscrub.enabled
2019-07-14 06:43:08,967 INFO  ratis.XceiverServerRatis (XceiverServerRatis.java:start(418)) - Starting XceiverServerRatis 30964336-c32a-4a27-96dd-3ce9418922e8 at port 0
2019-07-14 06:43:08,974 INFO  impl.RaftServerProxy (RaftServerProxy.java:lambda$start$3(299)) - 30964336-c32a-4a27-96dd-3ce9418922e8: start RPC server
2019-07-14 06:43:08,977 INFO  server.GrpcService (GrpcService.java:startImpl(149)) - 30964336-c32a-4a27-96dd-3ce9418922e8: GrpcService started, listening on 0.0.0.0/0.0.0.0:44873
2019-07-14 06:43:08,977 INFO  ratis.XceiverServerRatis (XceiverServerRatis.java:start(428)) - XceiverServerRatis 30964336-c32a-4a27-96dd-3ce9418922e8 is started using port 44873
2019-07-14 06:43:08,980 INFO  server.XceiverServerGrpc (XceiverServerGrpc.java:start(161)) - XceiverServerGrpc 30964336-c32a-4a27-96dd-3ce9418922e8 is started using port 43003
2019-07-14 06:43:09,166 INFO  ozoneimpl.OzoneContainer (OzoneContainer.java:start(186)) - Attempting to start container services.
2019-07-14 06:43:09,166 INFO  ozoneimpl.OzoneContainer (OzoneContainer.java:startContainerScrub(160)) - Background container scrubber has been disabled by hdds.containerscrub.enabled
2019-07-14 06:43:09,166 INFO  ratis.XceiverServerRatis (XceiverServerRatis.java:start(418)) - Starting XceiverServerRatis c9000f0a-3ad4-484d-bf97-c3dc2c0e32b0 at port 0
2019-07-14 06:43:09,176 INFO  impl.RaftServerProxy (RaftServerProxy.java:lambda$start$3(299)) - c9000f0a-3ad4-484d-bf97-c3dc2c0e32b0: start RPC server
2019-07-14 06:43:09,179 INFO  server.GrpcService (GrpcService.java:startImpl(149)) - c9000f0a-3ad4-484d-bf97-c3dc2c0e32b0: GrpcService started, listening on 0.0.0.0/0.0.0.0:46805
2019-07-14 06:43:09,180 INFO  ratis.XceiverServerRatis (XceiverServerRatis.java:start(428)) - XceiverServerRatis c9000f0a-3ad4-484d-bf97-c3dc2c0e32b0 is started using port 46805
2019-07-14 06:43:09,182 INFO  server.XceiverServerGrpc (XceiverServerGrpc.java:start(161)) - XceiverServerGrpc c9000f0a-3ad4-484d-bf97-c3dc2c0e32b0 is started using port 44990
2019-07-14 06:43:09,387 INFO  ozoneimpl.OzoneContainer (OzoneContainer.java:start(186)) - Attempting to start container services.
2019-07-14 06:43:09,387 INFO  ozoneimpl.OzoneContainer (OzoneContainer.java:startContainerScrub(160)) - Background container scrubber has been disabled by hdds.containerscrub.enabled
2019-07-14 06:43:09,387 INFO  ratis.XceiverServerRatis (XceiverServerRatis.java:start(418)) - Starting XceiverServerRatis b5751b22-fb3a-4285-b61c-2ee1ccb5b2eb at port 0
2019-07-14 06:43:09,396 INFO  impl.RaftServerProxy (RaftServerProxy.java:lambda$start$3(299)) - b5751b22-fb3a-4285-b61c-2ee1ccb5b2eb: start RPC server
2019-07-14 06:43:09,401 INFO  server.GrpcService (GrpcService.java:startImpl(149)) - b5751b22-fb3a-4285-b61c-2ee1ccb5b2eb: GrpcService started, listening on 0.0.0.0/0.0.0.0:34534
2019-07-14 06:43:09,401 INFO  ratis.XceiverServerRatis (XceiverServerRatis.java:start(428)) - XceiverServerRatis b5751b22-fb3a-4285-b61c-2ee1ccb5b2eb is started using port 34534
2019-07-14 06:43:09,405 INFO  server.XceiverServerGrpc (XceiverServerGrpc.java:start(161)) - XceiverServerGrpc b5751b22-fb3a-4285-b61c-2ee1ccb5b2eb is started using port 42419
2019-07-14 06:43:09,633 INFO  ozone.MiniOzoneClusterImpl (MiniOzoneClusterImpl.java:lambda$waitForClusterToBeReady$0(142)) - Waiting for cluster to be ready. Got 0 of 7 DN Heartbeats.
2019-07-14 06:43:09,639 INFO  ozoneimpl.OzoneContainer (OzoneContainer.java:start(186)) - Attempting to start container services.
2019-07-14 06:43:09,639 INFO  ozoneimpl.OzoneContainer (OzoneContainer.java:startContainerScrub(160)) - Background container scrubber has been disabled by hdds.containerscrub.enabled
2019-07-14 06:43:09,639 INFO  ratis.XceiverServerRatis (XceiverServerRatis.java:start(418)) - Starting XceiverServerRatis ac8bba32-480e-4164-9c18-8f314c2b039e at port 0
2019-07-14 06:43:09,647 INFO  impl.RaftServerProxy (RaftServerProxy.java:lambda$start$3(299)) - ac8bba32-480e-4164-9c18-8f314c2b039e: start RPC server
2019-07-14 06:43:09,651 INFO  server.GrpcService (GrpcService.java:startImpl(149)) - ac8bba32-480e-4164-9c18-8f314c2b039e: GrpcService started, listening on 0.0.0.0/0.0.0.0:41293
2019-07-14 06:43:09,651 INFO  ratis.XceiverServerRatis (XceiverServerRatis.java:start(428)) - XceiverServerRatis ac8bba32-480e-4164-9c18-8f314c2b039e is started using port 41293
2019-07-14 06:43:09,655 INFO  server.XceiverServerGrpc (XceiverServerGrpc.java:start(161)) - XceiverServerGrpc ac8bba32-480e-4164-9c18-8f314c2b039e is started using port 46164
2019-07-14 06:43:10,253 INFO  net.NetworkTopology (NetworkTopologyImpl.java:add(110)) - Added a new node: /default-rack/192.168.5.144
2019-07-14 06:43:10,255 INFO  node.SCMNodeManager (SCMNodeManager.java:register(269)) - Registered Data node : 996fe33c-902d-44b5-825f-b25fffdd237c{ip: 192.168.5.144, host: trunk-nightly-8c95p-1540871953, networkLocation: /default-rack, certSerialId: null}
2019-07-14 06:43:10,259 INFO  safemode.SCMSafeModeManager (DataNodeSafeModeRule.java:process(71)) - SCM in safe mode. 1 DataNodes registered, 1 required.
2019-07-14 06:43:10,259 INFO  safemode.SCMSafeModeManager (SCMSafeModeManager.java:validateSafeModeExitRules(177)) - ScmSafeModeManager, all rules are successfully validated
2019-07-14 06:43:10,260 INFO  safemode.SCMSafeModeManager (SCMSafeModeManager.java:exitSafeMode(193)) - SCM exiting safe mode.
2019-07-14 06:43:10,490 INFO  node.SCMNodeManager (SCMNodeManager.java:register(269)) - Registered Data node : 3a684e4c-bc76-4e58-93e9-4c7b93103987{ip: 192.168.5.144, host: trunk-nightly-8c95p-1540871953, networkLocation: /default-rack, certSerialId: null}
2019-07-14 06:43:10,633 INFO  ozone.MiniOzoneClusterImpl (MiniOzoneClusterImpl.java:lambda$waitForClusterToBeReady$0(142)) - Waiting for cluster to be ready. Got 2 of 7 DN Heartbeats.
2019-07-14 06:43:10,716 INFO  node.SCMNodeManager (SCMNodeManager.java:register(269)) - Registered Data node : d3f65906-3b2c-4090-a46a-ce7eb89ef6ea{ip: 192.168.5.144, host: trunk-nightly-8c95p-1540871953, networkLocation: /default-rack, certSerialId: null}
2019-07-14 06:43:11,134 INFO  node.SCMNodeManager (SCMNodeManager.java:register(269)) - Registered Data node : 30964336-c32a-4a27-96dd-3ce9418922e8{ip: 192.168.5.144, host: trunk-nightly-8c95p-1540871953, networkLocation: /default-rack, certSerialId: null}
2019-07-14 06:43:11,163 INFO  node.SCMNodeManager (SCMNodeManager.java:register(269)) - Registered Data node : c9000f0a-3ad4-484d-bf97-c3dc2c0e32b0{ip: 192.168.5.144, host: trunk-nightly-8c95p-1540871953, networkLocation: /default-rack, certSerialId: null}
2019-07-14 06:43:11,163 INFO  impl.RaftServerProxy (RaftServerProxy.java:addNew(89)) - 996fe33c-902d-44b5-825f-b25fffdd237c: addNew group-0688E42DBC0C:[996fe33c-902d-44b5-825f-b25fffdd237c:192.168.5.144:35636] returns group-0688E42DBC0C:java.util.concurrent.CompletableFuture@6359c4ba[Not completed]
2019-07-14 06:43:11,179 INFO  impl.RaftServerImpl (RaftServerImpl.java:<init>(93)) - 996fe33c-902d-44b5-825f-b25fffdd237c: new RaftServerImpl for group-0688E42DBC0C:[996fe33c-902d-44b5-825f-b25fffdd237c:192.168.5.144:35636] with ContainerStateMachine:uninitialized
2019-07-14 06:43:11,181 INFO  server.RaftServerConfigKeys (ConfUtils.java:logGet(43)) - raft.server.rpc.timeout.min = 5s (custom)
2019-07-14 06:43:11,182 INFO  server.RaftServerConfigKeys (ConfUtils.java:logGet(43)) - raft.server.rpc.timeout.max = 5200ms (custom)
2019-07-14 06:43:11,182 INFO  server.RaftServerConfigKeys (ConfUtils.java:logGet(43)) - raft.server.rpcslowness.timeout = 120s (custom)
2019-07-14 06:43:11,183 INFO  server.RaftServerConfigKeys (ConfUtils.java:logGet(43)) - raft.server.sleep.deviation.threshold = 300 (default)
2019-07-14 06:43:11,184 INFO  server.RaftServerConfigKeys (ConfUtils.java:logGet(43)) - raft.server.log.appender.install.snapshot.enabled = false (custom)
2019-07-14 06:43:11,191 INFO  impl.RaftServerImpl (ServerState.java:<init>(105)) - 996fe33c-902d-44b5-825f-b25fffdd237c:group-0688E42DBC0C ConfigurationManager, init=-1: [996fe33c-902d-44b5-825f-b25fffdd237c:192.168.5.144:35636], old=null, confs=<EMPTY_MAP>
2019-07-14 06:43:11,191 INFO  server.RaftServerConfigKeys (ConfUtils.java:logGet(43)) - raft.server.storage.dir = [/tmp/workdir/hadoop-ozone/integration-test/target/test-dir/MiniOzoneClusterImpl-6b58458b-4541-4f5c-894b-9d7e52af4090/datanode-0/data/ratis] (custom)
2019-07-14 06:43:11,197 INFO  storage.RaftStorageDirectory (RaftStorageDirectory.java:analyzeStorage(246)) - The storage directory /tmp/workdir/hadoop-ozone/integration-test/target/test-dir/MiniOzoneClusterImpl-6b58458b-4541-4f5c-894b-9d7e52af4090/datanode-0/data/ratis/3085d332-156d-4545-86f7-0688e42dbc0c does not exist. Creating ...
2019-07-14 06:43:11,213 INFO  storage.RaftStorageDirectory (RaftStorageDirectory.java:tryLock(328)) - Lock on /tmp/workdir/hadoop-ozone/integration-test/target/test-dir/MiniOzoneClusterImpl-6b58458b-4541-4f5c-894b-9d7e52af4090/datanode-0/data/ratis/3085d332-156d-4545-86f7-0688e42dbc0c/in_use.lock acquired by nodename 18597@trunk-nightly-8c95p-1540871953
2019-07-14 06:43:11,226 INFO  storage.RaftStorage (RaftStorage.java:format(72)) - Storage directory /tmp/workdir/hadoop-ozone/integration-test/target/test-dir/MiniOzoneClusterImpl-6b58458b-4541-4f5c-894b-9d7e52af4090/datanode-0/data/ratis/3085d332-156d-4545-86f7-0688e42dbc0c has been successfully formatted.
2019-07-14 06:43:11,227 INFO  ratis.ContainerStateMachine (ContainerStateMachine.java:loadSnapshot(200)) - group-0688E42DBC0C: The snapshot info is null. Setting the last applied indexto:(t:0, i:~)
2019-07-14 06:43:11,228 INFO  server.RaftServerConfigKeys (ConfUtils.java:logGet(43)) - raft.server.leader.election.timeout = 120s (custom)
2019-07-14 06:43:11,229 INFO  server.RaftServerConfigKeys (ConfUtils.java:logGet(43)) - raft.server.log.use.memory = false (default)
2019-07-14 06:43:11,234 INFO  server.RaftServerConfigKeys (ConfUtils.java:logGet(43)) - raft.server.log.purge.gap = 1000000000 (custom)
2019-07-14 06:43:11,234 INFO  server.RaftServerConfigKeys (ConfUtils.java:logGet(43)) - raft.server.log.appender.buffer.byte-limit = 33554432 (custom)
2019-07-14 06:43:11,235 INFO  server.RaftServerConfigKeys (ConfUtils.java:logGet(43)) - raft.server.log.segment.size.max = 1048576 (custom)
2019-07-14 06:43:11,239 INFO  server.RaftServerConfigKeys (ConfUtils.java:logGet(43)) - raft.server.log.segment.cache.num.max = 2 (custom)
2019-07-14 06:43:11,244 INFO  segmented.SegmentedRaftLogWorker (SegmentedRaftLogWorker.java:<init>(172)) - new 996fe33c-902d-44b5-825f-b25fffdd237c-SegmentedRaftLogWorker:Storage Directory /tmp/workdir/hadoop-ozone/integration-test/target/test-dir/MiniOzoneClusterImpl-6b58458b-4541-4f5c-894b-9d7e52af4090/datanode-0/data/ratis/3085d332-156d-4545-86f7-0688e42dbc0c for RaftStorage:Storage Directory /tmp/workdir/hadoop-ozone/integration-test/target/test-dir/MiniOzoneClusterImpl-6b58458b-4541-4f5c-894b-9d7e52af4090/datanode-0/data/ratis/3085d332-156d-4545-86f7-0688e42dbc0c
2019-07-14 06:43:11,255 INFO  server.RaftServerConfigKeys (ConfUtils.java:logGet(43)) - raft.server.log.queue.byte-limit = 2147483647 (custom)
2019-07-14 06:43:11,255 INFO  server.RaftServerConfigKeys (ConfUtils.java:logGet(43)) - raft.server.log.queue.element-limit = 1024 (custom)
2019-07-14 06:43:11,259 INFO  server.RaftServerConfigKeys (ConfUtils.java:logGet(43)) - raft.server.log.segment.size.max = 1048576 (custom)
2019-07-14 06:43:11,259 INFO  server.RaftServerConfigKeys (ConfUtils.java:logGet(43)) - raft.server.log.preallocated.size = 16384 (custom)
2019-07-14 06:43:11,260 INFO  server.RaftServerConfigKeys (ConfUtils.java:logGet(43)) - raft.server.log.write.buffer.size = 33554432 (custom)
2019-07-14 06:43:11,260 INFO  server.RaftServerConfigKeys (ConfUtils.java:logGet(43)) - raft.server.log.force.sync.num = 128 (default)
2019-07-14 06:43:11,261 INFO  server.RaftServerConfigKeys (ConfUtils.java:logGet(43)) - raft.server.log.statemachine.data.sync = true (default)
2019-07-14 06:43:11,261 INFO  server.RaftServerConfigKeys (ConfUtils.java:logGet(43)) - raft.server.log.statemachine.data.sync.timeout = 10s (default)
2019-07-14 06:43:11,262 INFO  server.RaftServerConfigKeys (ConfUtils.java:logGet(43)) - raft.server.log.statemachine.data.sync.timeout.retry = -1 (default)
2019-07-14 06:43:11,269 INFO  server.RaftServerConfigKeys (ConfUtils.java:logGet(43)) - raft.server.log.statemachine.data.caching.enabled = true (custom)
2019-07-14 06:43:11,273 INFO  segmented.SegmentedRaftLogWorker (SegmentedRaftLogWorker.java:lambda$new$0(132)) - 996fe33c-902d-44b5-825f-b25fffdd237c-SegmentedRaftLogWorker:Storage Directory /tmp/workdir/hadoop-ozone/integration-test/target/test-dir/MiniOzoneClusterImpl-6b58458b-4541-4f5c-894b-9d7e52af4090/datanode-0/data/ratis/3085d332-156d-4545-86f7-0688e42dbc0c: flushIndex: setUnconditionally 0 -> -1
2019-07-14 06:43:11,277 INFO  server.RaftServerConfigKeys (ConfUtils.java:logGet(43)) - raft.server.snapshot.auto.trigger.enabled = true (custom)
2019-07-14 06:43:11,277 INFO  server.RaftServerConfigKeys (ConfUtils.java:logGet(43)) - raft.server.snapshot.auto.trigger.threshold = 10000 (custom)
2019-07-14 06:43:11,278 INFO  server.RaftServerConfigKeys (ConfUtils.java:logGet(43)) - raft.server.retrycache.expirytime = 600000ms (custom)
2019-07-14 06:43:11,296 INFO  impl.RaftServerImpl (RaftServerImpl.java:start(180)) - 996fe33c-902d-44b5-825f-b25fffdd237c: start group-0688E42DBC0C
2019-07-14 06:43:11,297 INFO  impl.RaftServerImpl (RaftServerImpl.java:setRole(171)) - 996fe33c-902d-44b5-825f-b25fffdd237c:group-0688E42DBC0C changes role from null to FOLLOWER at term 0 for startAsFollower
2019-07-14 06:43:11,298 INFO  impl.RoleInfo (RoleInfo.java:updateAndGet(143)) - 996fe33c-902d-44b5-825f-b25fffdd237c: start FollowerState
2019-07-14 06:43:11,299 INFO  util.JmxRegister (JmxRegister.java:tryRegister(44)) - Successfully registered JMX Bean with object name Ratis:service=RaftServer,group=group-0688E42DBC0C,id=996fe33c-902d-44b5-825f-b25fffdd237c
2019-07-14 06:43:11,361 INFO  pipeline.PipelineStateManager (PipelineStateManager.java:addPipeline(56)) - Created pipeline Pipeline[ Id: 3085d332-156d-4545-86f7-0688e42dbc0c, Nodes: 996fe33c-902d-44b5-825f-b25fffdd237c{ip: 192.168.5.144, host: trunk-nightly-8c95p-1540871953, networkLocation: /default-rack, certSerialId: null}, Type:RATIS, Factor:ONE, State:OPEN]
2019-07-14 06:43:11,387 INFO  node.SCMNodeManager (SCMNodeManager.java:register(269)) - Registered Data node : b5751b22-fb3a-4285-b61c-2ee1ccb5b2eb{ip: 192.168.5.144, host: trunk-nightly-8c95p-1540871953, networkLocation: /default-rack, certSerialId: null}
2019-07-14 06:43:11,396 INFO  impl.RaftServerProxy (RaftServerProxy.java:addNew(89)) - c9000f0a-3ad4-484d-bf97-c3dc2c0e32b0: addNew group-40E8BE623E53:[c9000f0a-3ad4-484d-bf97-c3dc2c0e32b0:192.168.5.144:46805] returns group-40E8BE623E53:java.util.concurrent.CompletableFuture@1da7a6d2[Not completed]
2019-07-14 06:43:11,445 INFO  impl.RaftServerImpl (RaftServerImpl.java:<init>(93)) - c9000f0a-3ad4-484d-bf97-c3dc2c0e32b0: new RaftServerImpl for group-40E8BE623E53:[c9000f0a-3ad4-484d-bf97-c3dc2c0e32b0:192.168.5.144:46805] with ContainerStateMachine:uninitialized
2019-07-14 06:43:11,447 INFO  server.RaftServerConfigKeys (ConfUtils.java:logGet(43)) - raft.server.rpc.timeout.min = 5s (custom)
2019-07-14 06:43:11,447 INFO  server.RaftServerConfigKeys (ConfUtils.java:logGet(43)) - raft.server.rpc.timeout.max = 5200ms (custom)
2019-07-14 06:43:11,447 INFO  server.RaftServerConfigKeys (ConfUtils.java:logGet(43)) - raft.server.rpcslowness.timeout = 120s (custom)
2019-07-14 06:43:11,447 INFO  server.RaftServerConfigKeys (ConfUtils.java:logGet(43)) - raft.server.sleep.deviation.threshold = 300 (default)
2019-07-14 06:43:11,447 INFO  server.RaftServerConfigKeys (ConfUtils.java:logGet(43)) - raft.server.log.appender.install.snapshot.enabled = false (custom)
2019-07-14 06:43:11,447 INFO  impl.RaftServerImpl (ServerState.java:<init>(105)) - c9000f0a-3ad4-484d-bf97-c3dc2c0e32b0:group-40E8BE623E53 ConfigurationManager, init=-1: [c9000f0a-3ad4-484d-bf97-c3dc2c0e32b0:192.168.5.144:46805], old=null, confs=<EMPTY_MAP>
2019-07-14 06:43:11,448 INFO  server.RaftServerConfigKeys (ConfUtils.java:logGet(43)) - raft.server.storage.dir = [/tmp/workdir/hadoop-ozone/integration-test/target/test-dir/MiniOzoneClusterImpl-6b58458b-4541-4f5c-894b-9d7e52af4090/datanode-4/data/ratis] (custom)
2019-07-14 06:43:11,448 INFO  storage.RaftStorageDirectory (RaftStorageDirectory.java:analyzeStorage(246)) - The storage directory /tmp/workdir/hadoop-ozone/integration-test/target/test-dir/MiniOzoneClusterImpl-6b58458b-4541-4f5c-894b-9d7e52af4090/datanode-4/data/ratis/7c7d43af-3eab-4f93-8dfe-40e8be623e53 does not exist. Creating ...
2019-07-14 06:43:11,462 INFO  storage.RaftStorageDirectory (RaftStorageDirectory.java:tryLock(328)) - Lock on /tmp/workdir/hadoop-ozone/integration-test/target/test-dir/MiniOzoneClusterImpl-6b58458b-4541-4f5c-894b-9d7e52af4090/datanode-4/data/ratis/7c7d43af-3eab-4f93-8dfe-40e8be623e53/in_use.lock acquired by nodename 18597@trunk-nightly-8c95p-1540871953
2019-07-14 06:43:11,465 INFO  storage.RaftStorage (RaftStorage.java:format(72)) - Storage directory /tmp/workdir/hadoop-ozone/integration-test/target/test-dir/MiniOzoneClusterImpl-6b58458b-4541-4f5c-894b-9d7e52af4090/datanode-4/data/ratis/7c7d43af-3eab-4f93-8dfe-40e8be623e53 has been successfully formatted.
2019-07-14 06:43:11,467 INFO  ratis.ContainerStateMachine (ContainerStateMachine.java:loadSnapshot(200)) - group-40E8BE623E53: The snapshot info is null. Setting the last applied indexto:(t:0, i:~)
2019-07-14 06:43:11,468 INFO  server.RaftServerConfigKeys (ConfUtils.java:logGet(43)) - raft.server.leader.election.timeout = 120s (custom)
2019-07-14 06:43:11,468 INFO  server.RaftServerConfigKeys (ConfUtils.java:logGet(43)) - raft.server.log.use.memory = false (default)
2019-07-14 06:43:11,468 INFO  server.RaftServerConfigKeys (ConfUtils.java:logGet(43)) - raft.server.log.purge.gap = 1000000000 (custom)
2019-07-14 06:43:11,469 INFO  server.RaftServerConfigKeys (ConfUtils.java:logGet(43)) - raft.server.log.appender.buffer.byte-limit = 33554432 (custom)
2019-07-14 06:43:11,469 INFO  server.RaftServerConfigKeys (ConfUtils.java:logGet(43)) - raft.server.log.segment.size.max = 1048576 (custom)
2019-07-14 06:43:11,469 INFO  server.RaftServerConfigKeys (ConfUtils.java:logGet(43)) - raft.server.log.segment.cache.num.max = 2 (custom)
2019-07-14 06:43:11,469 INFO  segmented.SegmentedRaftLogWorker (SegmentedRaftLogWorker.java:<init>(172)) - new c9000f0a-3ad4-484d-bf97-c3dc2c0e32b0-SegmentedRaftLogWorker:Storage Directory /tmp/workdir/hadoop-ozone/integration-test/target/test-dir/MiniOzoneClusterImpl-6b58458b-4541-4f5c-894b-9d7e52af4090/datanode-4/data/ratis/7c7d43af-3eab-4f93-8dfe-40e8be623e53 for RaftStorage:Storage Directory /tmp/workdir/hadoop-ozone/integration-test/target/test-dir/MiniOzoneClusterImpl-6b58458b-4541-4f5c-894b-9d7e52af4090/datanode-4/data/ratis/7c7d43af-3eab-4f93-8dfe-40e8be623e53
2019-07-14 06:43:11,470 INFO  server.RaftServerConfigKeys (ConfUtils.java:logGet(43)) - raft.server.log.queue.byte-limit = 2147483647 (custom)
2019-07-14 06:43:11,470 INFO  server.RaftServerConfigKeys (ConfUtils.java:logGet(43)) - raft.server.log.queue.element-limit = 1024 (custom)
2019-07-14 06:43:11,471 INFO  server.RaftServerConfigKeys (ConfUtils.java:logGet(43)) - raft.server.log.segment.size.max = 1048576 (custom)
2019-07-14 06:43:11,471 INFO  server.RaftServerConfigKeys (ConfUtils.java:logGet(43)) - raft.server.log.preallocated.size = 16384 (custom)
2019-07-14 06:43:11,471 INFO  server.RaftServerConfigKeys (ConfUtils.java:logGet(43)) - raft.server.log.write.buffer.size = 33554432 (custom)
2019-07-14 06:43:11,471 INFO  server.RaftServerConfigKeys (ConfUtils.java:logGet(43)) - raft.server.log.force.sync.num = 128 (default)
2019-07-14 06:43:11,471 INFO  server.RaftServerConfigKeys (ConfUtils.java:logGet(43)) - raft.server.log.statemachine.data.sync = true (default)
2019-07-14 06:43:11,471 INFO  server.RaftServerConfigKeys (ConfUtils.java:logGet(43)) - raft.server.log.statemachine.data.sync.timeout = 10s (default)
2019-07-14 06:43:11,471 INFO  server.RaftServerConfigKeys (ConfUtils.java:logGet(43)) - raft.server.log.statemachine.data.sync.timeout.retry = -1 (default)
2019-07-14 06:43:11,472 INFO  server.RaftServerConfigKeys (ConfUtils.java:logGet(43)) - raft.server.log.statemachine.data.caching.enabled = true (custom)
2019-07-14 06:43:11,472 INFO  segmented.SegmentedRaftLogWorker (SegmentedRaftLogWorker.java:lambda$new$0(132)) - c9000f0a-3ad4-484d-bf97-c3dc2c0e32b0-SegmentedRaftLogWorker:Storage Directory /tmp/workdir/hadoop-ozone/integration-test/target/test-dir/MiniOzoneClusterImpl-6b58458b-4541-4f5c-894b-9d7e52af4090/datanode-4/data/ratis/7c7d43af-3eab-4f93-8dfe-40e8be623e53: flushIndex: setUnconditionally 0 -> -1
2019-07-14 06:43:11,472 INFO  server.RaftServerConfigKeys (ConfUtils.java:logGet(43)) - raft.server.snapshot.auto.trigger.enabled = true (custom)
2019-07-14 06:43:11,472 INFO  server.RaftServerConfigKeys (ConfUtils.java:logGet(43)) - raft.server.snapshot.auto.trigger.threshold = 10000 (custom)
2019-07-14 06:43:11,473 INFO  server.RaftServerConfigKeys (ConfUtils.java:logGet(43)) - raft.server.retrycache.expirytime = 600000ms (custom)
2019-07-14 06:43:11,473 INFO  impl.RaftServerImpl (RaftServerImpl.java:start(180)) - c9000f0a-3ad4-484d-bf97-c3dc2c0e32b0: start group-40E8BE623E53
2019-07-14 06:43:11,473 INFO  impl.RaftServerImpl (RaftServerImpl.java:setRole(171)) - c9000f0a-3ad4-484d-bf97-c3dc2c0e32b0:group-40E8BE623E53 changes role from null to FOLLOWER at term 0 for startAsFollower
2019-07-14 06:43:11,473 INFO  impl.RoleInfo (RoleInfo.java:updateAndGet(143)) - c9000f0a-3ad4-484d-bf97-c3dc2c0e32b0: start FollowerState
2019-07-14 06:43:11,474 INFO  util.JmxRegister (JmxRegister.java:tryRegister(44)) - Successfully registered JMX Bean with object name Ratis:service=RaftServer,group=group-40E8BE623E53,id=c9000f0a-3ad4-484d-bf97-c3dc2c0e32b0
2019-07-14 06:43:11,486 INFO  pipeline.PipelineStateManager (PipelineStateManager.java:addPipeline(56)) - Created pipeline Pipeline[ Id: 7c7d43af-3eab-4f93-8dfe-40e8be623e53, Nodes: c9000f0a-3ad4-484d-bf97-c3dc2c0e32b0{ip: 192.168.5.144, host: trunk-nightly-8c95p-1540871953, networkLocation: /default-rack, certSerialId: null}, Type:RATIS, Factor:ONE, State:OPEN]
2019-07-14 06:43:11,508 INFO  impl.RaftServerProxy (RaftServerProxy.java:addNew(89)) - 30964336-c32a-4a27-96dd-3ce9418922e8: addNew group-405D2ECF689A:[30964336-c32a-4a27-96dd-3ce9418922e8:192.168.5.144:44873] returns group-405D2ECF689A:java.util.concurrent.CompletableFuture@6c94126d[Not completed]
2019-07-14 06:43:11,518 INFO  impl.RaftServerImpl (RaftServerImpl.java:<init>(93)) - 30964336-c32a-4a27-96dd-3ce9418922e8: new RaftServerImpl for group-405D2ECF689A:[30964336-c32a-4a27-96dd-3ce9418922e8:192.168.5.144:44873] with ContainerStateMachine:uninitialized
2019-07-14 06:43:11,519 INFO  server.RaftServerConfigKeys (ConfUtils.java:logGet(43)) - raft.server.rpc.timeout.min = 5s (custom)
2019-07-14 06:43:11,519 INFO  server.RaftServerConfigKeys (ConfUtils.java:logGet(43)) - raft.server.rpc.timeout.max = 5200ms (custom)
2019-07-14 06:43:11,519 INFO  server.RaftServerConfigKeys (ConfUtils.java:logGet(43)) - raft.server.rpcslowness.timeout = 120s (custom)
2019-07-14 06:43:11,519 INFO  server.RaftServerConfigKeys (ConfUtils.java:logGet(43)) - raft.server.sleep.deviation.threshold = 300 (default)
2019-07-14 06:43:11,519 INFO  server.RaftServerConfigKeys (ConfUtils.java:logGet(43)) - raft.server.log.appender.install.snapshot.enabled = false (custom)
2019-07-14 06:43:11,520 INFO  impl.RaftServerImpl (ServerState.java:<init>(105)) - 30964336-c32a-4a27-96dd-3ce9418922e8:group-405D2ECF689A ConfigurationManager, init=-1: [30964336-c32a-4a27-96dd-3ce9418922e8:192.168.5.144:44873], old=null, confs=<EMPTY_MAP>
2019-07-14 06:43:11,520 INFO  server.RaftServerConfigKeys (ConfUtils.java:logGet(43)) - raft.server.storage.dir = [/tmp/workdir/hadoop-ozone/integration-test/target/test-dir/MiniOzoneClusterImpl-6b58458b-4541-4f5c-894b-9d7e52af4090/datanode-3/data/ratis] (custom)
2019-07-14 06:43:11,520 INFO  storage.RaftStorageDirectory (RaftStorageDirectory.java:analyzeStorage(246)) - The storage directory /tmp/workdir/hadoop-ozone/integration-test/target/test-dir/MiniOzoneClusterImpl-6b58458b-4541-4f5c-894b-9d7e52af4090/datanode-3/data/ratis/642b5562-8b63-4eaa-8f72-405d2ecf689a does not exist. Creating ...
2019-07-14 06:43:11,524 INFO  storage.RaftStorageDirectory (RaftStorageDirectory.java:tryLock(328)) - Lock on /tmp/workdir/hadoop-ozone/integration-test/target/test-dir/MiniOzoneClusterImpl-6b58458b-4541-4f5c-894b-9d7e52af4090/datanode-3/data/ratis/642b5562-8b63-4eaa-8f72-405d2ecf689a/in_use.lock acquired by nodename 18597@trunk-nightly-8c95p-1540871953
2019-07-14 06:43:11,529 INFO  storage.RaftStorage (RaftStorage.java:format(72)) - Storage directory /tmp/workdir/hadoop-ozone/integration-test/target/test-dir/MiniOzoneClusterImpl-6b58458b-4541-4f5c-894b-9d7e52af4090/datanode-3/data/ratis/642b5562-8b63-4eaa-8f72-405d2ecf689a has been successfully formatted.
2019-07-14 06:43:11,529 INFO  ratis.ContainerStateMachine (ContainerStateMachine.java:loadSnapshot(200)) - group-405D2ECF689A: The snapshot info is null. Setting the last applied indexto:(t:0, i:~)
2019-07-14 06:43:11,529 INFO  server.RaftServerConfigKeys (ConfUtils.java:logGet(43)) - raft.server.leader.election.timeout = 120s (custom)
2019-07-14 06:43:11,530 INFO  server.RaftServerConfigKeys (ConfUtils.java:logGet(43)) - raft.server.log.use.memory = false (default)
2019-07-14 06:43:11,530 INFO  server.RaftServerConfigKeys (ConfUtils.java:logGet(43)) - raft.server.log.purge.gap = 1000000000 (custom)
2019-07-14 06:43:11,530 INFO  server.RaftServerConfigKeys (ConfUtils.java:logGet(43)) - raft.server.log.appender.buffer.byte-limit = 33554432 (custom)
2019-07-14 06:43:11,530 INFO  server.RaftServerConfigKeys (ConfUtils.java:logGet(43)) - raft.server.log.segment.size.max = 1048576 (custom)
2019-07-14 06:43:11,530 INFO  server.RaftServerConfigKeys (ConfUtils.java:logGet(43)) - raft.server.log.segment.cache.num.max = 2 (custom)
2019-07-14 06:43:11,530 INFO  segmented.SegmentedRaftLogWorker (SegmentedRaftLogWorker.java:<init>(172)) - new 30964336-c32a-4a27-96dd-3ce9418922e8-SegmentedRaftLogWorker:Storage Directory /tmp/workdir/hadoop-ozone/integration-test/target/test-dir/MiniOzoneClusterImpl-6b58458b-4541-4f5c-894b-9d7e52af4090/datanode-3/data/ratis/642b5562-8b63-4eaa-8f72-405d2ecf689a for RaftStorage:Storage Directory /tmp/workdir/hadoop-ozone/integration-test/target/test-dir/MiniOzoneClusterImpl-6b58458b-4541-4f5c-894b-9d7e52af4090/datanode-3/data/ratis/642b5562-8b63-4eaa-8f72-405d2ecf689a
2019-07-14 06:43:11,530 INFO  server.RaftServerConfigKeys (ConfUtils.java:logGet(43)) - raft.server.log.queue.byte-limit = 2147483647 (custom)
2019-07-14 06:43:11,530 INFO  server.RaftServerConfigKeys (ConfUtils.java:logGet(43)) - raft.server.log.queue.element-limit = 1024 (custom)
2019-07-14 06:43:11,531 INFO  server.RaftServerConfigKeys (ConfUtils.java:logGet(43)) - raft.server.log.segment.size.max = 1048576 (custom)
2019-07-14 06:43:11,531 INFO  server.RaftServerConfigKeys (ConfUtils.java:logGet(43)) - raft.server.log.preallocated.size = 16384 (custom)
2019-07-14 06:43:11,531 INFO  server.RaftServerConfigKeys (ConfUtils.java:logGet(43)) - raft.server.log.write.buffer.size = 33554432 (custom)
2019-07-14 06:43:11,531 INFO  server.RaftServerConfigKeys (ConfUtils.java:logGet(43)) - raft.server.log.force.sync.num = 128 (default)
2019-07-14 06:43:11,531 INFO  server.RaftServerConfigKeys (ConfUtils.java:logGet(43)) - raft.server.log.statemachine.data.sync = true (default)
2019-07-14 06:43:11,531 INFO  server.RaftServerConfigKeys (ConfUtils.java:logGet(43)) - raft.server.log.statemachine.data.sync.timeout = 10s (default)
2019-07-14 06:43:11,532 INFO  server.RaftServerConfigKeys (ConfUtils.java:logGet(43)) - raft.server.log.statemachine.data.sync.timeout.retry = -1 (default)
2019-07-14 06:43:11,532 INFO  server.RaftServerConfigKeys (ConfUtils.java:logGet(43)) - raft.server.log.statemachine.data.caching.enabled = true (custom)
2019-07-14 06:43:11,532 INFO  segmented.SegmentedRaftLogWorker (SegmentedRaftLogWorker.java:lambda$new$0(132)) - 30964336-c32a-4a27-96dd-3ce9418922e8-SegmentedRaftLogWorker:Storage Directory /tmp/workdir/hadoop-ozone/integration-test/target/test-dir/MiniOzoneClusterImpl-6b58458b-4541-4f5c-894b-9d7e52af4090/datanode-3/data/ratis/642b5562-8b63-4eaa-8f72-405d2ecf689a: flushIndex: setUnconditionally 0 -> -1
2019-07-14 06:43:11,533 INFO  server.RaftServerConfigKeys (ConfUtils.java:logGet(43)) - raft.server.snapshot.auto.trigger.enabled = true (custom)
2019-07-14 06:43:11,533 INFO  server.RaftServerConfigKeys (ConfUtils.java:logGet(43)) - raft.server.snapshot.auto.trigger.threshold = 10000 (custom)
2019-07-14 06:43:11,533 INFO  server.RaftServerConfigKeys (ConfUtils.java:logGet(43)) - raft.server.retrycache.expirytime = 600000ms (custom)
2019-07-14 06:43:11,533 INFO  impl.RaftServerImpl (RaftServerImpl.java:start(180)) - 30964336-c32a-4a27-96dd-3ce9418922e8: start group-405D2ECF689A
2019-07-14 06:43:11,533 INFO  impl.RaftServerImpl (RaftServerImpl.java:setRole(171)) - 30964336-c32a-4a27-96dd-3ce9418922e8:group-405D2ECF689A changes role from null to FOLLOWER at term 0 for startAsFollower
2019-07-14 06:43:11,533 INFO  impl.RoleInfo (RoleInfo.java:updateAndGet(143)) - 30964336-c32a-4a27-96dd-3ce9418922e8: start FollowerState
2019-07-14 06:43:11,534 INFO  util.JmxRegister (JmxRegister.java:tryRegister(44)) - Successfully registered JMX Bean with object name Ratis:service=RaftServer,group=group-405D2ECF689A,id=30964336-c32a-4a27-96dd-3ce9418922e8
2019-07-14 06:43:11,544 INFO  pipeline.PipelineStateManager (PipelineStateManager.java:addPipeline(56)) - Created pipeline Pipeline[ Id: 642b5562-8b63-4eaa-8f72-405d2ecf689a, Nodes: 30964336-c32a-4a27-96dd-3ce9418922e8{ip: 192.168.5.144, host: trunk-nightly-8c95p-1540871953, networkLocation: /default-rack, certSerialId: null}, Type:RATIS, Factor:ONE, State:OPEN]
2019-07-14 06:43:11,562 INFO  impl.RaftServerProxy (RaftServerProxy.java:addNew(89)) - b5751b22-fb3a-4285-b61c-2ee1ccb5b2eb: addNew group-A0195FB1A321:[b5751b22-fb3a-4285-b61c-2ee1ccb5b2eb:192.168.5.144:34534] returns group-A0195FB1A321:java.util.concurrent.CompletableFuture@5926bec6[Not completed]
2019-07-14 06:43:11,563 INFO  impl.RaftServerImpl (RaftServerImpl.java:<init>(93)) - b5751b22-fb3a-4285-b61c-2ee1ccb5b2eb: new RaftServerImpl for group-A0195FB1A321:[b5751b22-fb3a-4285-b61c-2ee1ccb5b2eb:192.168.5.144:34534] with ContainerStateMachine:uninitialized
2019-07-14 06:43:11,564 INFO  server.RaftServerConfigKeys (ConfUtils.java:logGet(43)) - raft.server.rpc.timeout.min = 5s (custom)
2019-07-14 06:43:11,564 INFO  server.RaftServerConfigKeys (ConfUtils.java:logGet(43)) - raft.server.rpc.timeout.max = 5200ms (custom)
2019-07-14 06:43:11,564 INFO  server.RaftServerConfigKeys (ConfUtils.java:logGet(43)) - raft.server.rpcslowness.timeout = 120s (custom)
2019-07-14 06:43:11,564 INFO  server.RaftServerConfigKeys (ConfUtils.java:logGet(43)) - raft.server.sleep.deviation.threshold = 300 (default)
2019-07-14 06:43:11,564 INFO  server.RaftServerConfigKeys (ConfUtils.java:logGet(43)) - raft.server.log.appender.install.snapshot.enabled = false (custom)
2019-07-14 06:43:11,564 INFO  impl.RaftServerImpl (ServerState.java:<init>(105)) - b5751b22-fb3a-4285-b61c-2ee1ccb5b2eb:group-A0195FB1A321 ConfigurationManager, init=-1: [b5751b22-fb3a-4285-b61c-2ee1ccb5b2eb:192.168.5.144:34534], old=null, confs=<EMPTY_MAP>
2019-07-14 06:43:11,565 INFO  server.RaftServerConfigKeys (ConfUtils.java:logGet(43)) - raft.server.storage.dir = [/tmp/workdir/hadoop-ozone/integration-test/target/test-dir/MiniOzoneClusterImpl-6b58458b-4541-4f5c-894b-9d7e52af4090/datanode-5/data/ratis] (custom)
2019-07-14 06:43:11,565 INFO  storage.RaftStorageDirectory (RaftStorageDirectory.java:analyzeStorage(246)) - The storage directory /tmp/workdir/hadoop-ozone/integration-test/target/test-dir/MiniOzoneClusterImpl-6b58458b-4541-4f5c-894b-9d7e52af4090/datanode-5/data/ratis/ea554b14-e724-4a4a-9d4a-a0195fb1a321 does not exist. Creating ...
2019-07-14 06:43:11,578 INFO  storage.RaftStorageDirectory (RaftStorageDirectory.java:tryLock(328)) - Lock on /tmp/workdir/hadoop-ozone/integration-test/target/test-dir/MiniOzoneClusterImpl-6b58458b-4541-4f5c-894b-9d7e52af4090/datanode-5/data/ratis/ea554b14-e724-4a4a-9d4a-a0195fb1a321/in_use.lock acquired by nodename 18597@trunk-nightly-8c95p-1540871953
2019-07-14 06:43:11,581 INFO  storage.RaftStorage (RaftStorage.java:format(72)) - Storage directory /tmp/workdir/hadoop-ozone/integration-test/target/test-dir/MiniOzoneClusterImpl-6b58458b-4541-4f5c-894b-9d7e52af4090/datanode-5/data/ratis/ea554b14-e724-4a4a-9d4a-a0195fb1a321 has been successfully formatted.
2019-07-14 06:43:11,581 INFO  ratis.ContainerStateMachine (ContainerStateMachine.java:loadSnapshot(200)) - group-A0195FB1A321: The snapshot info is null. Setting the last applied indexto:(t:0, i:~)
2019-07-14 06:43:11,581 INFO  server.RaftServerConfigKeys (ConfUtils.java:logGet(43)) - raft.server.leader.election.timeout = 120s (custom)
2019-07-14 06:43:11,581 INFO  server.RaftServerConfigKeys (ConfUtils.java:logGet(43)) - raft.server.log.use.memory = false (default)
2019-07-14 06:43:11,581 INFO  server.RaftServerConfigKeys (ConfUtils.java:logGet(43)) - raft.server.log.purge.gap = 1000000000 (custom)
2019-07-14 06:43:11,581 INFO  server.RaftServerConfigKeys (ConfUtils.java:logGet(43)) - raft.server.log.appender.buffer.byte-limit = 33554432 (custom)
2019-07-14 06:43:11,582 INFO  server.RaftServerConfigKeys (ConfUtils.java:logGet(43)) - raft.server.log.segment.size.max = 1048576 (custom)
2019-07-14 06:43:11,582 INFO  server.RaftServerConfigKeys (ConfUtils.java:logGet(43)) - raft.server.log.segment.cache.num.max = 2 (custom)
2019-07-14 06:43:11,582 INFO  segmented.SegmentedRaftLogWorker (SegmentedRaftLogWorker.java:<init>(172)) - new b5751b22-fb3a-4285-b61c-2ee1ccb5b2eb-SegmentedRaftLogWorker:Storage Directory /tmp/workdir/hadoop-ozone/integration-test/target/test-dir/MiniOzoneClusterImpl-6b58458b-4541-4f5c-894b-9d7e52af4090/datanode-5/data/ratis/ea554b14-e724-4a4a-9d4a-a0195fb1a321 for RaftStorage:Storage Directory /tmp/workdir/hadoop-ozone/integration-test/target/test-dir/MiniOzoneClusterImpl-6b58458b-4541-4f5c-894b-9d7e52af4090/datanode-5/data/ratis/ea554b14-e724-4a4a-9d4a-a0195fb1a321
2019-07-14 06:43:11,582 INFO  server.RaftServerConfigKeys (ConfUtils.java:logGet(43)) - raft.server.log.queue.byte-limit = 2147483647 (custom)
2019-07-14 06:43:11,582 INFO  server.RaftServerConfigKeys (ConfUtils.java:logGet(43)) - raft.server.log.queue.element-limit = 1024 (custom)
2019-07-14 06:43:11,582 INFO  server.RaftServerConfigKeys (ConfUtils.java:logGet(43)) - raft.server.log.segment.size.max = 1048576 (custom)
2019-07-14 06:43:11,582 INFO  server.RaftServerConfigKeys (ConfUtils.java:logGet(43)) - raft.server.log.preallocated.size = 16384 (custom)
2019-07-14 06:43:11,583 INFO  server.RaftServerConfigKeys (ConfUtils.java:logGet(43)) - raft.server.log.write.buffer.size = 33554432 (custom)
2019-07-14 06:43:11,583 INFO  server.RaftServerConfigKeys (ConfUtils.java:logGet(43)) - raft.server.log.force.sync.num = 128 (default)
2019-07-14 06:43:11,583 INFO  server.RaftServerConfigKeys (ConfUtils.java:logGet(43)) - raft.server.log.statemachine.data.sync = true (default)
2019-07-14 06:43:11,583 INFO  server.RaftServerConfigKeys (ConfUtils.java:logGet(43)) - raft.server.log.statemachine.data.sync.timeout = 10s (default)
2019-07-14 06:43:11,583 INFO  server.RaftServerConfigKeys (ConfUtils.java:logGet(43)) - raft.server.log.statemachine.data.sync.timeout.retry = -1 (default)
2019-07-14 06:43:11,583 INFO  server.RaftServerConfigKeys (ConfUtils.java:logGet(43)) - raft.server.log.statemachine.data.caching.enabled = true (custom)
2019-07-14 06:43:11,584 INFO  segmented.SegmentedRaftLogWorker (SegmentedRaftLogWorker.java:lambda$new$0(132)) - b5751b22-fb3a-4285-b61c-2ee1ccb5b2eb-SegmentedRaftLogWorker:Storage Directory /tmp/workdir/hadoop-ozone/integration-test/target/test-dir/MiniOzoneClusterImpl-6b58458b-4541-4f5c-894b-9d7e52af4090/datanode-5/data/ratis/ea554b14-e724-4a4a-9d4a-a0195fb1a321: flushIndex: setUnconditionally 0 -> -1
2019-07-14 06:43:11,584 INFO  server.RaftServerConfigKeys (ConfUtils.java:logGet(43)) - raft.server.snapshot.auto.trigger.enabled = true (custom)
2019-07-14 06:43:11,584 INFO  server.RaftServerConfigKeys (ConfUtils.java:logGet(43)) - raft.server.snapshot.auto.trigger.threshold = 10000 (custom)
2019-07-14 06:43:11,584 INFO  server.RaftServerConfigKeys (ConfUtils.java:logGet(43)) - raft.server.retrycache.expirytime = 600000ms (custom)
2019-07-14 06:43:11,584 INFO  impl.RaftServerImpl (RaftServerImpl.java:start(180)) - b5751b22-fb3a-4285-b61c-2ee1ccb5b2eb: start group-A0195FB1A321
2019-07-14 06:43:11,584 INFO  impl.RaftServerImpl (RaftServerImpl.java:setRole(171)) - b5751b22-fb3a-4285-b61c-2ee1ccb5b2eb:group-A0195FB1A321 changes role from null to FOLLOWER at term 0 for startAsFollower
2019-07-14 06:43:11,585 INFO  impl.RoleInfo (RoleInfo.java:updateAndGet(143)) - b5751b22-fb3a-4285-b61c-2ee1ccb5b2eb: start FollowerState
2019-07-14 06:43:11,585 INFO  util.JmxRegister (JmxRegister.java:tryRegister(44)) - Successfully registered JMX Bean with object name Ratis:service=RaftServer,group=group-A0195FB1A321,id=b5751b22-fb3a-4285-b61c-2ee1ccb5b2eb
2019-07-14 06:43:11,594 INFO  pipeline.PipelineStateManager (PipelineStateManager.java:addPipeline(56)) - Created pipeline Pipeline[ Id: ea554b14-e724-4a4a-9d4a-a0195fb1a321, Nodes: b5751b22-fb3a-4285-b61c-2ee1ccb5b2eb{ip: 192.168.5.144, host: trunk-nightly-8c95p-1540871953, networkLocation: /default-rack, certSerialId: null}, Type:RATIS, Factor:ONE, State:OPEN]
2019-07-14 06:43:11,616 INFO  impl.RaftServerProxy (RaftServerProxy.java:addNew(89)) - d3f65906-3b2c-4090-a46a-ce7eb89ef6ea: addNew group-415CDAC5125D:[d3f65906-3b2c-4090-a46a-ce7eb89ef6ea:192.168.5.144:40488] returns group-415CDAC5125D:java.util.concurrent.CompletableFuture@c136c36[Not completed]
2019-07-14 06:43:11,617 INFO  impl.RaftServerImpl (RaftServerImpl.java:<init>(93)) - d3f65906-3b2c-4090-a46a-ce7eb89ef6ea: new RaftServerImpl for group-415CDAC5125D:[d3f65906-3b2c-4090-a46a-ce7eb89ef6ea:192.168.5.144:40488] with ContainerStateMachine:uninitialized
2019-07-14 06:43:11,617 INFO  server.RaftServerConfigKeys (ConfUtils.java:logGet(43)) - raft.server.rpc.timeout.min = 5s (custom)
2019-07-14 06:43:11,618 INFO  server.RaftServerConfigKeys (ConfUtils.java:logGet(43)) - raft.server.rpc.timeout.max = 5200ms (custom)
2019-07-14 06:43:11,618 INFO  server.RaftServerConfigKeys (ConfUtils.java:logGet(43)) - raft.server.rpcslowness.timeout = 120s (custom)
2019-07-14 06:43:11,618 INFO  server.RaftServerConfigKeys (ConfUtils.java:logGet(43)) - raft.server.sleep.deviation.threshold = 300 (default)
2019-07-14 06:43:11,618 INFO  server.RaftServerConfigKeys (ConfUtils.java:logGet(43)) - raft.server.log.appender.install.snapshot.enabled = false (custom)
2019-07-14 06:43:11,618 INFO  impl.RaftServerImpl (ServerState.java:<init>(105)) - d3f65906-3b2c-4090-a46a-ce7eb89ef6ea:group-415CDAC5125D ConfigurationManager, init=-1: [d3f65906-3b2c-4090-a46a-ce7eb89ef6ea:192.168.5.144:40488], old=null, confs=<EMPTY_MAP>
2019-07-14 06:43:11,618 INFO  server.RaftServerConfigKeys (ConfUtils.java:logGet(43)) - raft.server.storage.dir = [/tmp/workdir/hadoop-ozone/integration-test/target/test-dir/MiniOzoneClusterImpl-6b58458b-4541-4f5c-894b-9d7e52af4090/datanode-2/data/ratis] (custom)
2019-07-14 06:43:11,619 INFO  storage.RaftStorageDirectory (RaftStorageDirectory.java:analyzeStorage(246)) - The storage directory /tmp/workdir/hadoop-ozone/integration-test/target/test-dir/MiniOzoneClusterImpl-6b58458b-4541-4f5c-894b-9d7e52af4090/datanode-2/data/ratis/989cd28a-0f63-420e-ba99-415cdac5125d does not exist. Creating ...
2019-07-14 06:43:11,630 INFO  storage.RaftStorageDirectory (RaftStorageDirectory.java:tryLock(328)) - Lock on /tmp/workdir/hadoop-ozone/integration-test/target/test-dir/MiniOzoneClusterImpl-6b58458b-4541-4f5c-894b-9d7e52af4090/datanode-2/data/ratis/989cd28a-0f63-420e-ba99-415cdac5125d/in_use.lock acquired by nodename 18597@trunk-nightly-8c95p-1540871953
2019-07-14 06:43:11,633 INFO  node.SCMNodeManager (SCMNodeManager.java:register(269)) - Registered Data node : ac8bba32-480e-4164-9c18-8f314c2b039e{ip: 192.168.5.144, host: trunk-nightly-8c95p-1540871953, networkLocation: /default-rack, certSerialId: null}
2019-07-14 06:43:11,634 INFO  ozone.MiniOzoneClusterImpl (MiniOzoneClusterImpl.java:lambda$waitForClusterToBeReady$0(142)) - Cluster is ready. Got 7 of 7 DN Heartbeats.
2019-07-14 06:43:11,641 INFO  storage.RaftStorage (RaftStorage.java:format(72)) - Storage directory /tmp/workdir/hadoop-ozone/integration-test/target/test-dir/MiniOzoneClusterImpl-6b58458b-4541-4f5c-894b-9d7e52af4090/datanode-2/data/ratis/989cd28a-0f63-420e-ba99-415cdac5125d has been successfully formatted.
2019-07-14 06:43:11,641 INFO  ratis.ContainerStateMachine (ContainerStateMachine.java:loadSnapshot(200)) - group-415CDAC5125D: The snapshot info is null. Setting the last applied indexto:(t:0, i:~)
2019-07-14 06:43:11,641 INFO  server.RaftServerConfigKeys (ConfUtils.java:logGet(43)) - raft.server.leader.election.timeout = 120s (custom)
2019-07-14 06:43:11,641 INFO  server.RaftServerConfigKeys (ConfUtils.java:logGet(43)) - raft.server.log.use.memory = false (default)
2019-07-14 06:43:11,641 INFO  server.RaftServerConfigKeys (ConfUtils.java:logGet(43)) - raft.server.log.purge.gap = 1000000000 (custom)
2019-07-14 06:43:11,642 INFO  server.RaftServerConfigKeys (ConfUtils.java:logGet(43)) - raft.server.log.appender.buffer.byte-limit = 33554432 (custom)
2019-07-14 06:43:11,642 INFO  server.RaftServerConfigKeys (ConfUtils.java:logGet(43)) - raft.server.log.segment.size.max = 1048576 (custom)
2019-07-14 06:43:11,642 INFO  server.RaftServerConfigKeys (ConfUtils.java:logGet(43)) - raft.server.log.segment.cache.num.max = 2 (custom)
2019-07-14 06:43:11,642 INFO  segmented.SegmentedRaftLogWorker (SegmentedRaftLogWorker.java:<init>(172)) - new d3f65906-3b2c-4090-a46a-ce7eb89ef6ea-SegmentedRaftLogWorker:Storage Directory /tmp/workdir/hadoop-ozone/integration-test/target/test-dir/MiniOzoneClusterImpl-6b58458b-4541-4f5c-894b-9d7e52af4090/datanode-2/data/ratis/989cd28a-0f63-420e-ba99-415cdac5125d for RaftStorage:Storage Directory /tmp/workdir/hadoop-ozone/integration-test/target/test-dir/MiniOzoneClusterImpl-6b58458b-4541-4f5c-894b-9d7e52af4090/datanode-2/data/ratis/989cd28a-0f63-420e-ba99-415cdac5125d
2019-07-14 06:43:11,642 INFO  server.RaftServerConfigKeys (ConfUtils.java:logGet(43)) - raft.server.log.queue.byte-limit = 2147483647 (custom)
2019-07-14 06:43:11,642 INFO  server.RaftServerConfigKeys (ConfUtils.java:logGet(43)) - raft.server.log.queue.element-limit = 1024 (custom)
2019-07-14 06:43:11,643 INFO  server.RaftServerConfigKeys (ConfUtils.java:logGet(43)) - raft.server.log.segment.size.max = 1048576 (custom)
2019-07-14 06:43:11,643 INFO  server.RaftServerConfigKeys (ConfUtils.java:logGet(43)) - raft.server.log.preallocated.size = 16384 (custom)
2019-07-14 06:43:11,643 INFO  server.RaftServerConfigKeys (ConfUtils.java:logGet(43)) - raft.server.log.write.buffer.size = 33554432 (custom)
2019-07-14 06:43:11,643 INFO  server.RaftServerConfigKeys (ConfUtils.java:logGet(43)) - raft.server.log.force.sync.num = 128 (default)
2019-07-14 06:43:11,643 INFO  server.RaftServerConfigKeys (ConfUtils.java:logGet(43)) - raft.server.log.statemachine.data.sync = true (default)
2019-07-14 06:43:11,644 INFO  server.RaftServerConfigKeys (ConfUtils.java:logGet(43)) - raft.server.log.statemachine.data.sync.timeout = 10s (default)
2019-07-14 06:43:11,644 INFO  server.RaftServerConfigKeys (ConfUtils.java:logGet(43)) - raft.server.log.statemachine.data.sync.timeout.retry = -1 (default)
2019-07-14 06:43:11,644 INFO  server.RaftServerConfigKeys (ConfUtils.java:logGet(43)) - raft.server.log.statemachine.data.caching.enabled = true (custom)
2019-07-14 06:43:11,645 INFO  segmented.SegmentedRaftLogWorker (SegmentedRaftLogWorker.java:lambda$new$0(132)) - d3f65906-3b2c-4090-a46a-ce7eb89ef6ea-SegmentedRaftLogWorker:Storage Directory /tmp/workdir/hadoop-ozone/integration-test/target/test-dir/MiniOzoneClusterImpl-6b58458b-4541-4f5c-894b-9d7e52af4090/datanode-2/data/ratis/989cd28a-0f63-420e-ba99-415cdac5125d: flushIndex: setUnconditionally 0 -> -1
2019-07-14 06:43:11,645 INFO  server.RaftServerConfigKeys (ConfUtils.java:logGet(43)) - raft.server.snapshot.auto.trigger.enabled = true (custom)
2019-07-14 06:43:11,645 INFO  server.RaftServerConfigKeys (ConfUtils.java:logGet(43)) - raft.server.snapshot.auto.trigger.threshold = 10000 (custom)
2019-07-14 06:43:11,645 INFO  server.RaftServerConfigKeys (ConfUtils.java:logGet(43)) - raft.server.retrycache.expirytime = 600000ms (custom)
2019-07-14 06:43:11,646 INFO  impl.RaftServerImpl (RaftServerImpl.java:start(180)) - d3f65906-3b2c-4090-a46a-ce7eb89ef6ea: start group-415CDAC5125D
2019-07-14 06:43:11,646 INFO  impl.RaftServerImpl (RaftServerImpl.java:setRole(171)) - d3f65906-3b2c-4090-a46a-ce7eb89ef6ea:group-415CDAC5125D changes role from null to FOLLOWER at term 0 for startAsFollower
2019-07-14 06:43:11,646 INFO  impl.RoleInfo (RoleInfo.java:updateAndGet(143)) - d3f65906-3b2c-4090-a46a-ce7eb89ef6ea: start FollowerState
2019-07-14 06:43:11,646 INFO  util.JmxRegister (JmxRegister.java:tryRegister(44)) - Successfully registered JMX Bean with object name Ratis:service=RaftServer,group=group-415CDAC5125D,id=d3f65906-3b2c-4090-a46a-ce7eb89ef6ea
2019-07-14 06:43:11,657 INFO  pipeline.PipelineStateManager (PipelineStateManager.java:addPipeline(56)) - Created pipeline Pipeline[ Id: 989cd28a-0f63-420e-ba99-415cdac5125d, Nodes: d3f65906-3b2c-4090-a46a-ce7eb89ef6ea{ip: 192.168.5.144, host: trunk-nightly-8c95p-1540871953, networkLocation: /default-rack, certSerialId: null}, Type:RATIS, Factor:ONE, State:OPEN]
2019-07-14 06:43:11,684 INFO  impl.RaftServerProxy (RaftServerProxy.java:addNew(89)) - 3a684e4c-bc76-4e58-93e9-4c7b93103987: addNew group-7E66A16C49A5:[3a684e4c-bc76-4e58-93e9-4c7b93103987:192.168.5.144:46769] returns group-7E66A16C49A5:java.util.concurrent.CompletableFuture@21542177[Not completed]
2019-07-14 06:43:11,685 INFO  impl.RaftServerImpl (RaftServerImpl.java:<init>(93)) - 3a684e4c-bc76-4e58-93e9-4c7b93103987: new RaftServerImpl for group-7E66A16C49A5:[3a684e4c-bc76-4e58-93e9-4c7b93103987:192.168.5.144:46769] with ContainerStateMachine:uninitialized
2019-07-14 06:43:11,686 INFO  server.RaftServerConfigKeys (ConfUtils.java:logGet(43)) - raft.server.rpc.timeout.min = 5s (custom)
2019-07-14 06:43:11,686 INFO  server.RaftServerConfigKeys (ConfUtils.java:logGet(43)) - raft.server.rpc.timeout.max = 5200ms (custom)
2019-07-14 06:43:11,686 INFO  server.RaftServerConfigKeys (ConfUtils.java:logGet(43)) - raft.server.rpcslowness.timeout = 120s (custom)
2019-07-14 06:43:11,686 INFO  server.RaftServerConfigKeys (ConfUtils.java:logGet(43)) - raft.server.sleep.deviation.threshold = 300 (default)
2019-07-14 06:43:11,686 INFO  server.RaftServerConfigKeys (ConfUtils.java:logGet(43)) - raft.server.log.appender.install.snapshot.enabled = false (custom)
2019-07-14 06:43:11,686 INFO  impl.RaftServerImpl (ServerState.java:<init>(105)) - 3a684e4c-bc76-4e58-93e9-4c7b93103987:group-7E66A16C49A5 ConfigurationManager, init=-1: [3a684e4c-bc76-4e58-93e9-4c7b93103987:192.168.5.144:46769], old=null, confs=<EMPTY_MAP>
2019-07-14 06:43:11,686 INFO  server.RaftServerConfigKeys (ConfUtils.java:logGet(43)) - raft.server.storage.dir = [/tmp/workdir/hadoop-ozone/integration-test/target/test-dir/MiniOzoneClusterImpl-6b58458b-4541-4f5c-894b-9d7e52af4090/datanode-1/data/ratis] (custom)
2019-07-14 06:43:11,687 INFO  storage.RaftStorageDirectory (RaftStorageDirectory.java:analyzeStorage(246)) - The storage directory /tmp/workdir/hadoop-ozone/integration-test/target/test-dir/MiniOzoneClusterImpl-6b58458b-4541-4f5c-894b-9d7e52af4090/datanode-1/data/ratis/8f0a970e-d70e-43ab-86f6-7e66a16c49a5 does not exist. Creating ...
2019-07-14 06:43:11,700 INFO  storage.RaftStorageDirectory (RaftStorageDirectory.java:tryLock(328)) - Lock on /tmp/workdir/hadoop-ozone/integration-test/target/test-dir/MiniOzoneClusterImpl-6b58458b-4541-4f5c-894b-9d7e52af4090/datanode-1/data/ratis/8f0a970e-d70e-43ab-86f6-7e66a16c49a5/in_use.lock acquired by nodename 18597@trunk-nightly-8c95p-1540871953
2019-07-14 06:43:11,704 INFO  storage.RaftStorage (RaftStorage.java:format(72)) - Storage directory /tmp/workdir/hadoop-ozone/integration-test/target/test-dir/MiniOzoneClusterImpl-6b58458b-4541-4f5c-894b-9d7e52af4090/datanode-1/data/ratis/8f0a970e-d70e-43ab-86f6-7e66a16c49a5 has been successfully formatted.
2019-07-14 06:43:11,704 INFO  ratis.ContainerStateMachine (ContainerStateMachine.java:loadSnapshot(200)) - group-7E66A16C49A5: The snapshot info is null. Setting the last applied indexto:(t:0, i:~)
2019-07-14 06:43:11,704 INFO  server.RaftServerConfigKeys (ConfUtils.java:logGet(43)) - raft.server.leader.election.timeout = 120s (custom)
2019-07-14 06:43:11,704 INFO  server.RaftServerConfigKeys (ConfUtils.java:logGet(43)) - raft.server.log.use.memory = false (default)
2019-07-14 06:43:11,704 INFO  server.RaftServerConfigKeys (ConfUtils.java:logGet(43)) - raft.server.log.purge.gap = 1000000000 (custom)
2019-07-14 06:43:11,704 INFO  server.RaftServerConfigKeys (ConfUtils.java:logGet(43)) - raft.server.log.appender.buffer.byte-limit = 33554432 (custom)
2019-07-14 06:43:11,704 INFO  server.RaftServerConfigKeys (ConfUtils.java:logGet(43)) - raft.server.log.segment.size.max = 1048576 (custom)
2019-07-14 06:43:11,704 INFO  server.RaftServerConfigKeys (ConfUtils.java:logGet(43)) - raft.server.log.segment.cache.num.max = 2 (custom)
2019-07-14 06:43:11,705 INFO  segmented.SegmentedRaftLogWorker (SegmentedRaftLogWorker.java:<init>(172)) - new 3a684e4c-bc76-4e58-93e9-4c7b93103987-SegmentedRaftLogWorker:Storage Directory /tmp/workdir/hadoop-ozone/integration-test/target/test-dir/MiniOzoneClusterImpl-6b58458b-4541-4f5c-894b-9d7e52af4090/datanode-1/data/ratis/8f0a970e-d70e-43ab-86f6-7e66a16c49a5 for RaftStorage:Storage Directory /tmp/workdir/hadoop-ozone/integration-test/target/test-dir/MiniOzoneClusterImpl-6b58458b-4541-4f5c-894b-9d7e52af4090/datanode-1/data/ratis/8f0a970e-d70e-43ab-86f6-7e66a16c49a5
2019-07-14 06:43:11,705 INFO  server.RaftServerConfigKeys (ConfUtils.java:logGet(43)) - raft.server.log.queue.byte-limit = 2147483647 (custom)
2019-07-14 06:43:11,705 INFO  server.RaftServerConfigKeys (ConfUtils.java:logGet(43)) - raft.server.log.queue.element-limit = 1024 (custom)
2019-07-14 06:43:11,705 INFO  server.RaftServerConfigKeys (ConfUtils.java:logGet(43)) - raft.server.log.segment.size.max = 1048576 (custom)
2019-07-14 06:43:11,705 INFO  server.RaftServerConfigKeys (ConfUtils.java:logGet(43)) - raft.server.log.preallocated.size = 16384 (custom)
2019-07-14 06:43:11,705 INFO  server.RaftServerConfigKeys (ConfUtils.java:logGet(43)) - raft.server.log.write.buffer.size = 33554432 (custom)
2019-07-14 06:43:11,705 INFO  server.RaftServerConfigKeys (ConfUtils.java:logGet(43)) - raft.server.log.force.sync.num = 128 (default)
2019-07-14 06:43:11,705 INFO  server.RaftServerConfigKeys (ConfUtils.java:logGet(43)) - raft.server.log.statemachine.data.sync = true (default)
2019-07-14 06:43:11,705 INFO  server.RaftServerConfigKeys (ConfUtils.java:logGet(43)) - raft.server.log.statemachine.data.sync.timeout = 10s (default)
2019-07-14 06:43:11,706 INFO  server.RaftServerConfigKeys (ConfUtils.java:logGet(43)) - raft.server.log.statemachine.data.sync.timeout.retry = -1 (default)
2019-07-14 06:43:11,706 INFO  server.RaftServerConfigKeys (ConfUtils.java:logGet(43)) - raft.server.log.statemachine.data.caching.enabled = true (custom)
2019-07-14 06:43:11,706 INFO  segmented.SegmentedRaftLogWorker (SegmentedRaftLogWorker.java:lambda$new$0(132)) - 3a684e4c-bc76-4e58-93e9-4c7b93103987-SegmentedRaftLogWorker:Storage Directory /tmp/workdir/hadoop-ozone/integration-test/target/test-dir/MiniOzoneClusterImpl-6b58458b-4541-4f5c-894b-9d7e52af4090/datanode-1/data/ratis/8f0a970e-d70e-43ab-86f6-7e66a16c49a5: flushIndex: setUnconditionally 0 -> -1
2019-07-14 06:43:11,706 INFO  server.RaftServerConfigKeys (ConfUtils.java:logGet(43)) - raft.server.snapshot.auto.trigger.enabled = true (custom)
2019-07-14 06:43:11,707 INFO  server.RaftServerConfigKeys (ConfUtils.java:logGet(43)) - raft.server.snapshot.auto.trigger.threshold = 10000 (custom)
2019-07-14 06:43:11,707 INFO  server.RaftServerConfigKeys (ConfUtils.java:logGet(43)) - raft.server.retrycache.expirytime = 600000ms (custom)
2019-07-14 06:43:11,707 INFO  impl.RaftServerImpl (RaftServerImpl.java:start(180)) - 3a684e4c-bc76-4e58-93e9-4c7b93103987: start group-7E66A16C49A5
2019-07-14 06:43:11,707 INFO  impl.RaftServerImpl (RaftServerImpl.java:setRole(171)) - 3a684e4c-bc76-4e58-93e9-4c7b93103987:group-7E66A16C49A5 changes role from null to FOLLOWER at term 0 for startAsFollower
2019-07-14 06:43:11,707 INFO  impl.RoleInfo (RoleInfo.java:updateAndGet(143)) - 3a684e4c-bc76-4e58-93e9-4c7b93103987: start FollowerState
2019-07-14 06:43:11,707 INFO  util.JmxRegister (JmxRegister.java:tryRegister(44)) - Successfully registered JMX Bean with object name Ratis:service=RaftServer,group=group-7E66A16C49A5,id=3a684e4c-bc76-4e58-93e9-4c7b93103987
2019-07-14 06:43:11,716 INFO  pipeline.PipelineStateManager (PipelineStateManager.java:addPipeline(56)) - Created pipeline Pipeline[ Id: 8f0a970e-d70e-43ab-86f6-7e66a16c49a5, Nodes: 3a684e4c-bc76-4e58-93e9-4c7b93103987{ip: 192.168.5.144, host: trunk-nightly-8c95p-1540871953, networkLocation: /default-rack, certSerialId: null}, Type:RATIS, Factor:ONE, State:OPEN]
2019-07-14 06:43:11,729 INFO  impl.RaftServerProxy (RaftServerProxy.java:addNew(89)) - ac8bba32-480e-4164-9c18-8f314c2b039e: addNew group-2CF8D41C9274:[ac8bba32-480e-4164-9c18-8f314c2b039e:192.168.5.144:41293] returns group-2CF8D41C9274:java.util.concurrent.CompletableFuture@43a1abc4[Not completed]
2019-07-14 06:43:11,731 INFO  impl.RaftServerImpl (RaftServerImpl.java:<init>(93)) - ac8bba32-480e-4164-9c18-8f314c2b039e: new RaftServerImpl for group-2CF8D41C9274:[ac8bba32-480e-4164-9c18-8f314c2b039e:192.168.5.144:41293] with ContainerStateMachine:uninitialized
2019-07-14 06:43:11,731 INFO  server.RaftServerConfigKeys (ConfUtils.java:logGet(43)) - raft.server.rpc.timeout.min = 5s (custom)
2019-07-14 06:43:11,731 INFO  server.RaftServerConfigKeys (ConfUtils.java:logGet(43)) - raft.server.rpc.timeout.max = 5200ms (custom)
2019-07-14 06:43:11,731 INFO  server.RaftServerConfigKeys (ConfUtils.java:logGet(43)) - raft.server.rpcslowness.timeout = 120s (custom)
2019-07-14 06:43:11,731 INFO  server.RaftServerConfigKeys (ConfUtils.java:logGet(43)) - raft.server.sleep.deviation.threshold = 300 (default)
2019-07-14 06:43:11,731 INFO  server.RaftServerConfigKeys (ConfUtils.java:logGet(43)) - raft.server.log.appender.install.snapshot.enabled = false (custom)
2019-07-14 06:43:11,733 INFO  impl.RaftServerImpl (ServerState.java:<init>(105)) - ac8bba32-480e-4164-9c18-8f314c2b039e:group-2CF8D41C9274 ConfigurationManager, init=-1: [ac8bba32-480e-4164-9c18-8f314c2b039e:192.168.5.144:41293], old=null, confs=<EMPTY_MAP>
2019-07-14 06:43:11,733 INFO  server.RaftServerConfigKeys (ConfUtils.java:logGet(43)) - raft.server.storage.dir = [/tmp/workdir/hadoop-ozone/integration-test/target/test-dir/MiniOzoneClusterImpl-6b58458b-4541-4f5c-894b-9d7e52af4090/datanode-6/data/ratis] (custom)
2019-07-14 06:43:11,733 INFO  storage.RaftStorageDirectory (RaftStorageDirectory.java:analyzeStorage(246)) - The storage directory /tmp/workdir/hadoop-ozone/integration-test/target/test-dir/MiniOzoneClusterImpl-6b58458b-4541-4f5c-894b-9d7e52af4090/datanode-6/data/ratis/14dd37b6-b6f6-410d-ab5e-2cf8d41c9274 does not exist. Creating ...
2019-07-14 06:43:11,739 INFO  storage.RaftStorageDirectory (RaftStorageDirectory.java:tryLock(328)) - Lock on /tmp/workdir/hadoop-ozone/integration-test/target/test-dir/MiniOzoneClusterImpl-6b58458b-4541-4f5c-894b-9d7e52af4090/datanode-6/data/ratis/14dd37b6-b6f6-410d-ab5e-2cf8d41c9274/in_use.lock acquired by nodename 18597@trunk-nightly-8c95p-1540871953
2019-07-14 06:43:11,742 INFO  storage.RaftStorage (RaftStorage.java:format(72)) - Storage directory /tmp/workdir/hadoop-ozone/integration-test/target/test-dir/MiniOzoneClusterImpl-6b58458b-4541-4f5c-894b-9d7e52af4090/datanode-6/data/ratis/14dd37b6-b6f6-410d-ab5e-2cf8d41c9274 has been successfully formatted.
2019-07-14 06:43:11,742 INFO  ratis.ContainerStateMachine (ContainerStateMachine.java:loadSnapshot(200)) - group-2CF8D41C9274: The snapshot info is null. Setting the last applied indexto:(t:0, i:~)
2019-07-14 06:43:11,742 INFO  server.RaftServerConfigKeys (ConfUtils.java:logGet(43)) - raft.server.leader.election.timeout = 120s (custom)
2019-07-14 06:43:11,742 INFO  server.RaftServerConfigKeys (ConfUtils.java:logGet(43)) - raft.server.log.use.memory = false (default)
2019-07-14 06:43:11,742 INFO  server.RaftServerConfigKeys (ConfUtils.java:logGet(43)) - raft.server.log.purge.gap = 1000000000 (custom)
2019-07-14 06:43:11,743 INFO  server.RaftServerConfigKeys (ConfUtils.java:logGet(43)) - raft.server.log.appender.buffer.byte-limit = 33554432 (custom)
2019-07-14 06:43:11,743 INFO  server.RaftServerConfigKeys (ConfUtils.java:logGet(43)) - raft.server.log.segment.size.max = 1048576 (custom)
2019-07-14 06:43:11,743 INFO  server.RaftServerConfigKeys (ConfUtils.java:logGet(43)) - raft.server.log.segment.cache.num.max = 2 (custom)
2019-07-14 06:43:11,743 INFO  segmented.SegmentedRaftLogWorker (SegmentedRaftLogWorker.java:<init>(172)) - new ac8bba32-480e-4164-9c18-8f314c2b039e-SegmentedRaftLogWorker:Storage Directory /tmp/workdir/hadoop-ozone/integration-test/target/test-dir/MiniOzoneClusterImpl-6b58458b-4541-4f5c-894b-9d7e52af4090/datanode-6/data/ratis/14dd37b6-b6f6-410d-ab5e-2cf8d41c9274 for RaftStorage:Storage Directory /tmp/workdir/hadoop-ozone/integration-test/target/test-dir/MiniOzoneClusterImpl-6b58458b-4541-4f5c-894b-9d7e52af4090/datanode-6/data/ratis/14dd37b6-b6f6-410d-ab5e-2cf8d41c9274
2019-07-14 06:43:11,743 INFO  server.RaftServerConfigKeys (ConfUtils.java:logGet(43)) - raft.server.log.queue.byte-limit = 2147483647 (custom)
2019-07-14 06:43:11,743 INFO  server.RaftServerConfigKeys (ConfUtils.java:logGet(43)) - raft.server.log.queue.element-limit = 1024 (custom)
2019-07-14 06:43:11,743 INFO  server.RaftServerConfigKeys (ConfUtils.java:logGet(43)) - raft.server.log.segment.size.max = 1048576 (custom)
2019-07-14 06:43:11,743 INFO  server.RaftServerConfigKeys (ConfUtils.java:logGet(43)) - raft.server.log.preallocated.size = 16384 (custom)
2019-07-14 06:43:11,744 INFO  server.RaftServerConfigKeys (ConfUtils.java:logGet(43)) - raft.server.log.write.buffer.size = 33554432 (custom)
2019-07-14 06:43:11,744 INFO  server.RaftServerConfigKeys (ConfUtils.java:logGet(43)) - raft.server.log.force.sync.num = 128 (default)
2019-07-14 06:43:11,744 INFO  server.RaftServerConfigKeys (ConfUtils.java:logGet(43)) - raft.server.log.statemachine.data.sync = true (default)
2019-07-14 06:43:11,744 INFO  server.RaftServerConfigKeys (ConfUtils.java:logGet(43)) - raft.server.log.statemachine.data.sync.timeout = 10s (default)
2019-07-14 06:43:11,744 INFO  server.RaftServerConfigKeys (ConfUtils.java:logGet(43)) - raft.server.log.statemachine.data.sync.timeout.retry = -1 (default)
2019-07-14 06:43:11,744 INFO  server.RaftServerConfigKeys (ConfUtils.java:logGet(43)) - raft.server.log.statemachine.data.caching.enabled = true (custom)
2019-07-14 06:43:11,744 INFO  segmented.SegmentedRaftLogWorker (SegmentedRaftLogWorker.java:lambda$new$0(132)) - ac8bba32-480e-4164-9c18-8f314c2b039e-SegmentedRaftLogWorker:Storage Directory /tmp/workdir/hadoop-ozone/integration-test/target/test-dir/MiniOzoneClusterImpl-6b58458b-4541-4f5c-894b-9d7e52af4090/datanode-6/data/ratis/14dd37b6-b6f6-410d-ab5e-2cf8d41c9274: flushIndex: setUnconditionally 0 -> -1
2019-07-14 06:43:11,745 INFO  server.RaftServerConfigKeys (ConfUtils.java:logGet(43)) - raft.server.snapshot.auto.trigger.enabled = true (custom)
2019-07-14 06:43:11,745 INFO  server.RaftServerConfigKeys (ConfUtils.java:logGet(43)) - raft.server.snapshot.auto.trigger.threshold = 10000 (custom)
2019-07-14 06:43:11,745 INFO  server.RaftServerConfigKeys (ConfUtils.java:logGet(43)) - raft.server.retrycache.expirytime = 600000ms (custom)
2019-07-14 06:43:11,745 INFO  impl.RaftServerImpl (RaftServerImpl.java:start(180)) - ac8bba32-480e-4164-9c18-8f314c2b039e: start group-2CF8D41C9274
2019-07-14 06:43:11,745 INFO  impl.RaftServerImpl (RaftServerImpl.java:setRole(171)) - ac8bba32-480e-4164-9c18-8f314c2b039e:group-2CF8D41C9274 changes role from null to FOLLOWER at term 0 for startAsFollower
2019-07-14 06:43:11,745 INFO  impl.RoleInfo (RoleInfo.java:updateAndGet(143)) - ac8bba32-480e-4164-9c18-8f314c2b039e: start FollowerState
2019-07-14 06:43:11,746 INFO  util.JmxRegister (JmxRegister.java:tryRegister(44)) - Successfully registered JMX Bean with object name Ratis:service=RaftServer,group=group-2CF8D41C9274,id=ac8bba32-480e-4164-9c18-8f314c2b039e
2019-07-14 06:43:11,759 INFO  pipeline.PipelineStateManager (PipelineStateManager.java:addPipeline(56)) - Created pipeline Pipeline[ Id: 14dd37b6-b6f6-410d-ab5e-2cf8d41c9274, Nodes: ac8bba32-480e-4164-9c18-8f314c2b039e{ip: 192.168.5.144, host: trunk-nightly-8c95p-1540871953, networkLocation: /default-rack, certSerialId: null}, Type:RATIS, Factor:ONE, State:OPEN]
2019-07-14 06:43:11,785 INFO  impl.RaftServerProxy (RaftServerProxy.java:addNew(89)) - c9000f0a-3ad4-484d-bf97-c3dc2c0e32b0: addNew group-DF32A6BBDA7E:[996fe33c-902d-44b5-825f-b25fffdd237c:192.168.5.144:35636, c9000f0a-3ad4-484d-bf97-c3dc2c0e32b0:192.168.5.144:46805, 30964336-c32a-4a27-96dd-3ce9418922e8:192.168.5.144:44873] returns group-DF32A6BBDA7E:java.util.concurrent.CompletableFuture@6a76bdc7[Not completed]
2019-07-14 06:43:11,788 INFO  impl.RaftServerProxy (RaftServerProxy.java:addNew(89)) - 30964336-c32a-4a27-96dd-3ce9418922e8: addNew group-DF32A6BBDA7E:[996fe33c-902d-44b5-825f-b25fffdd237c:192.168.5.144:35636, c9000f0a-3ad4-484d-bf97-c3dc2c0e32b0:192.168.5.144:46805, 30964336-c32a-4a27-96dd-3ce9418922e8:192.168.5.144:44873] returns group-DF32A6BBDA7E:java.util.concurrent.CompletableFuture@5f9b3f2a[Not completed]
2019-07-14 06:43:11,789 INFO  impl.RaftServerProxy (RaftServerProxy.java:addNew(89)) - 996fe33c-902d-44b5-825f-b25fffdd237c: addNew group-DF32A6BBDA7E:[996fe33c-902d-44b5-825f-b25fffdd237c:192.168.5.144:35636, c9000f0a-3ad4-484d-bf97-c3dc2c0e32b0:192.168.5.144:46805, 30964336-c32a-4a27-96dd-3ce9418922e8:192.168.5.144:44873] returns group-DF32A6BBDA7E:java.util.concurrent.CompletableFuture@2686ec77[Not completed]
2019-07-14 06:43:11,789 INFO  impl.RaftServerImpl (RaftServerImpl.java:<init>(93)) - c9000f0a-3ad4-484d-bf97-c3dc2c0e32b0: new RaftServerImpl for group-DF32A6BBDA7E:[996fe33c-902d-44b5-825f-b25fffdd237c:192.168.5.144:35636, c9000f0a-3ad4-484d-bf97-c3dc2c0e32b0:192.168.5.144:46805, 30964336-c32a-4a27-96dd-3ce9418922e8:192.168.5.144:44873] with ContainerStateMachine:uninitialized
2019-07-14 06:43:11,789 INFO  server.RaftServerConfigKeys (ConfUtils.java:logGet(43)) - raft.server.rpc.timeout.min = 5s (custom)
2019-07-14 06:43:11,789 INFO  server.RaftServerConfigKeys (ConfUtils.java:logGet(43)) - raft.server.rpc.timeout.max = 5200ms (custom)
2019-07-14 06:43:11,789 INFO  server.RaftServerConfigKeys (ConfUtils.java:logGet(43)) - raft.server.rpcslowness.timeout = 120s (custom)
2019-07-14 06:43:11,789 INFO  server.RaftServerConfigKeys (ConfUtils.java:logGet(43)) - raft.server.sleep.deviation.threshold = 300 (default)
2019-07-14 06:43:11,789 INFO  server.RaftServerConfigKeys (ConfUtils.java:logGet(43)) - raft.server.log.appender.install.snapshot.enabled = false (custom)
2019-07-14 06:43:11,789 INFO  impl.RaftServerImpl (RaftServerImpl.java:<init>(93)) - 30964336-c32a-4a27-96dd-3ce9418922e8: new RaftServerImpl for group-DF32A6BBDA7E:[996fe33c-902d-44b5-825f-b25fffdd237c:192.168.5.144:35636, c9000f0a-3ad4-484d-bf97-c3dc2c0e32b0:192.168.5.144:46805, 30964336-c32a-4a27-96dd-3ce9418922e8:192.168.5.144:44873] with ContainerStateMachine:uninitialized
2019-07-14 06:43:11,789 INFO  impl.RaftServerImpl (ServerState.java:<init>(105)) - c9000f0a-3ad4-484d-bf97-c3dc2c0e32b0:group-DF32A6BBDA7E ConfigurationManager, init=-1: [996fe33c-902d-44b5-825f-b25fffdd237c:192.168.5.144:35636, c9000f0a-3ad4-484d-bf97-c3dc2c0e32b0:192.168.5.144:46805, 30964336-c32a-4a27-96dd-3ce9418922e8:192.168.5.144:44873], old=null, confs=<EMPTY_MAP>
2019-07-14 06:43:11,789 INFO  server.RaftServerConfigKeys (ConfUtils.java:logGet(43)) - raft.server.rpc.timeout.min = 5s (custom)
2019-07-14 06:43:11,790 INFO  server.RaftServerConfigKeys (ConfUtils.java:logGet(43)) - raft.server.storage.dir = [/tmp/workdir/hadoop-ozone/integration-test/target/test-dir/MiniOzoneClusterImpl-6b58458b-4541-4f5c-894b-9d7e52af4090/datanode-4/data/ratis] (custom)
2019-07-14 06:43:11,790 INFO  server.RaftServerConfigKeys (ConfUtils.java:logGet(43)) - raft.server.rpc.timeout.max = 5200ms (custom)
2019-07-14 06:43:11,790 INFO  server.RaftServerConfigKeys (ConfUtils.java:logGet(43)) - raft.server.rpcslowness.timeout = 120s (custom)
2019-07-14 06:43:11,790 INFO  server.RaftServerConfigKeys (ConfUtils.java:logGet(43)) - raft.server.sleep.deviation.threshold = 300 (default)
2019-07-14 06:43:11,790 INFO  storage.RaftStorageDirectory (RaftStorageDirectory.java:analyzeStorage(246)) - The storage directory /tmp/workdir/hadoop-ozone/integration-test/target/test-dir/MiniOzoneClusterImpl-6b58458b-4541-4f5c-894b-9d7e52af4090/datanode-4/data/ratis/fe58368d-6af5-4ce7-87ee-df32a6bbda7e does not exist. Creating ...
2019-07-14 06:43:11,790 INFO  impl.RaftServerImpl (RaftServerImpl.java:<init>(93)) - 996fe33c-902d-44b5-825f-b25fffdd237c: new RaftServerImpl for group-DF32A6BBDA7E:[996fe33c-902d-44b5-825f-b25fffdd237c:192.168.5.144:35636, c9000f0a-3ad4-484d-bf97-c3dc2c0e32b0:192.168.5.144:46805, 30964336-c32a-4a27-96dd-3ce9418922e8:192.168.5.144:44873] with ContainerStateMachine:uninitialized
2019-07-14 06:43:11,790 INFO  server.RaftServerConfigKeys (ConfUtils.java:logGet(43)) - raft.server.log.appender.install.snapshot.enabled = false (custom)
2019-07-14 06:43:11,790 INFO  server.RaftServerConfigKeys (ConfUtils.java:logGet(43)) - raft.server.rpc.timeout.min = 5s (custom)
2019-07-14 06:43:11,790 INFO  impl.RaftServerImpl (ServerState.java:<init>(105)) - 30964336-c32a-4a27-96dd-3ce9418922e8:group-DF32A6BBDA7E ConfigurationManager, init=-1: [996fe33c-902d-44b5-825f-b25fffdd237c:192.168.5.144:35636, c9000f0a-3ad4-484d-bf97-c3dc2c0e32b0:192.168.5.144:46805, 30964336-c32a-4a27-96dd-3ce9418922e8:192.168.5.144:44873], old=null, confs=<EMPTY_MAP>
2019-07-14 06:43:11,790 INFO  server.RaftServerConfigKeys (ConfUtils.java:logGet(43)) - raft.server.rpc.timeout.max = 5200ms (custom)
2019-07-14 06:43:11,790 INFO  server.RaftServerConfigKeys (ConfUtils.java:logGet(43)) - raft.server.storage.dir = [/tmp/workdir/hadoop-ozone/integration-test/target/test-dir/MiniOzoneClusterImpl-6b58458b-4541-4f5c-894b-9d7e52af4090/datanode-3/data/ratis] (custom)
2019-07-14 06:43:11,790 INFO  server.RaftServerConfigKeys (ConfUtils.java:logGet(43)) - raft.server.rpcslowness.timeout = 120s (custom)
2019-07-14 06:43:11,791 INFO  server.RaftServerConfigKeys (ConfUtils.java:logGet(43)) - raft.server.sleep.deviation.threshold = 300 (default)
2019-07-14 06:43:11,791 INFO  storage.RaftStorageDirectory (RaftStorageDirectory.java:analyzeStorage(246)) - The storage directory /tmp/workdir/hadoop-ozone/integration-test/target/test-dir/MiniOzoneClusterImpl-6b58458b-4541-4f5c-894b-9d7e52af4090/datanode-3/data/ratis/fe58368d-6af5-4ce7-87ee-df32a6bbda7e does not exist. Creating ...
2019-07-14 06:43:11,791 INFO  server.RaftServerConfigKeys (ConfUtils.java:logGet(43)) - raft.server.log.appender.install.snapshot.enabled = false (custom)
2019-07-14 06:43:11,791 INFO  impl.RaftServerImpl (ServerState.java:<init>(105)) - 996fe33c-902d-44b5-825f-b25fffdd237c:group-DF32A6BBDA7E ConfigurationManager, init=-1: [996fe33c-902d-44b5-825f-b25fffdd237c:192.168.5.144:35636, c9000f0a-3ad4-484d-bf97-c3dc2c0e32b0:192.168.5.144:46805, 30964336-c32a-4a27-96dd-3ce9418922e8:192.168.5.144:44873], old=null, confs=<EMPTY_MAP>
2019-07-14 06:43:11,791 INFO  server.RaftServerConfigKeys (ConfUtils.java:logGet(43)) - raft.server.storage.dir = [/tmp/workdir/hadoop-ozone/integration-test/target/test-dir/MiniOzoneClusterImpl-6b58458b-4541-4f5c-894b-9d7e52af4090/datanode-0/data/ratis] (custom)
2019-07-14 06:43:11,791 INFO  storage.RaftStorageDirectory (RaftStorageDirectory.java:analyzeStorage(246)) - The storage directory /tmp/workdir/hadoop-ozone/integration-test/target/test-dir/MiniOzoneClusterImpl-6b58458b-4541-4f5c-894b-9d7e52af4090/datanode-0/data/ratis/fe58368d-6af5-4ce7-87ee-df32a6bbda7e does not exist. Creating ...
2019-07-14 06:43:11,802 INFO  storage.RaftStorageDirectory (RaftStorageDirectory.java:tryLock(328)) - Lock on /tmp/workdir/hadoop-ozone/integration-test/target/test-dir/MiniOzoneClusterImpl-6b58458b-4541-4f5c-894b-9d7e52af4090/datanode-0/data/ratis/fe58368d-6af5-4ce7-87ee-df32a6bbda7e/in_use.lock acquired by nodename 18597@trunk-nightly-8c95p-1540871953
2019-07-14 06:43:11,802 INFO  storage.RaftStorageDirectory (RaftStorageDirectory.java:tryLock(328)) - Lock on /tmp/workdir/hadoop-ozone/integration-test/target/test-dir/MiniOzoneClusterImpl-6b58458b-4541-4f5c-894b-9d7e52af4090/datanode-3/data/ratis/fe58368d-6af5-4ce7-87ee-df32a6bbda7e/in_use.lock acquired by nodename 18597@trunk-nightly-8c95p-1540871953
2019-07-14 06:43:11,802 INFO  storage.RaftStorageDirectory (RaftStorageDirectory.java:tryLock(328)) - Lock on /tmp/workdir/hadoop-ozone/integration-test/target/test-dir/MiniOzoneClusterImpl-6b58458b-4541-4f5c-894b-9d7e52af4090/datanode-4/data/ratis/fe58368d-6af5-4ce7-87ee-df32a6bbda7e/in_use.lock acquired by nodename 18597@trunk-nightly-8c95p-1540871953
2019-07-14 06:43:11,816 INFO  storage.RaftStorage (RaftStorage.java:format(72)) - Storage directory /tmp/workdir/hadoop-ozone/integration-test/target/test-dir/MiniOzoneClusterImpl-6b58458b-4541-4f5c-894b-9d7e52af4090/datanode-3/data/ratis/fe58368d-6af5-4ce7-87ee-df32a6bbda7e has been successfully formatted.
2019-07-14 06:43:11,816 INFO  storage.RaftStorage (RaftStorage.java:format(72)) - Storage directory /tmp/workdir/hadoop-ozone/integration-test/target/test-dir/MiniOzoneClusterImpl-6b58458b-4541-4f5c-894b-9d7e52af4090/datanode-4/data/ratis/fe58368d-6af5-4ce7-87ee-df32a6bbda7e has been successfully formatted.
2019-07-14 06:43:11,816 INFO  storage.RaftStorage (RaftStorage.java:format(72)) - Storage directory /tmp/workdir/hadoop-ozone/integration-test/target/test-dir/MiniOzoneClusterImpl-6b58458b-4541-4f5c-894b-9d7e52af4090/datanode-0/data/ratis/fe58368d-6af5-4ce7-87ee-df32a6bbda7e has been successfully formatted.
2019-07-14 06:43:11,816 INFO  ratis.ContainerStateMachine (ContainerStateMachine.java:loadSnapshot(200)) - group-DF32A6BBDA7E: The snapshot info is null. Setting the last applied indexto:(t:0, i:~)
2019-07-14 06:43:11,816 INFO  ratis.ContainerStateMachine (ContainerStateMachine.java:loadSnapshot(200)) - group-DF32A6BBDA7E: The snapshot info is null. Setting the last applied indexto:(t:0, i:~)
2019-07-14 06:43:11,817 INFO  ratis.ContainerStateMachine (ContainerStateMachine.java:loadSnapshot(200)) - group-DF32A6BBDA7E: The snapshot info is null. Setting the last applied indexto:(t:0, i:~)
2019-07-14 06:43:11,817 INFO  server.RaftServerConfigKeys (ConfUtils.java:logGet(43)) - raft.server.leader.election.timeout = 120s (custom)
2019-07-14 06:43:11,817 INFO  server.RaftServerConfigKeys (ConfUtils.java:logGet(43)) - raft.server.leader.election.timeout = 120s (custom)
2019-07-14 06:43:11,817 INFO  server.RaftServerConfigKeys (ConfUtils.java:logGet(43)) - raft.server.leader.election.timeout = 120s (custom)
2019-07-14 06:43:11,817 INFO  server.RaftServerConfigKeys (ConfUtils.java:logGet(43)) - raft.server.log.use.memory = false (default)
2019-07-14 06:43:11,817 INFO  server.RaftServerConfigKeys (ConfUtils.java:logGet(43)) - raft.server.log.use.memory = false (default)
2019-07-14 06:43:11,817 INFO  server.RaftServerConfigKeys (ConfUtils.java:logGet(43)) - raft.server.log.purge.gap = 1000000000 (custom)
2019-07-14 06:43:11,817 INFO  server.RaftServerConfigKeys (ConfUtils.java:logGet(43)) - raft.server.log.use.memory = false (default)
2019-07-14 06:43:11,817 INFO  server.RaftServerConfigKeys (ConfUtils.java:logGet(43)) - raft.server.log.appender.buffer.byte-limit = 33554432 (custom)
2019-07-14 06:43:11,817 INFO  server.RaftServerConfigKeys (ConfUtils.java:logGet(43)) - raft.server.log.purge.gap = 1000000000 (custom)
2019-07-14 06:43:11,818 INFO  server.RaftServerConfigKeys (ConfUtils.java:logGet(43)) - raft.server.log.segment.size.max = 1048576 (custom)
2019-07-14 06:43:11,818 INFO  server.RaftServerConfigKeys (ConfUtils.java:logGet(43)) - raft.server.log.purge.gap = 1000000000 (custom)
2019-07-14 06:43:11,818 INFO  server.RaftServerConfigKeys (ConfUtils.java:logGet(43)) - raft.server.log.segment.cache.num.max = 2 (custom)
2019-07-14 06:43:11,818 INFO  server.RaftServerConfigKeys (ConfUtils.java:logGet(43)) - raft.server.log.appender.buffer.byte-limit = 33554432 (custom)
2019-07-14 06:43:11,818 INFO  segmented.SegmentedRaftLogWorker (SegmentedRaftLogWorker.java:<init>(172)) - new 996fe33c-902d-44b5-825f-b25fffdd237c-SegmentedRaftLogWorker:Storage Directory /tmp/workdir/hadoop-ozone/integration-test/target/test-dir/MiniOzoneClusterImpl-6b58458b-4541-4f5c-894b-9d7e52af4090/datanode-0/data/ratis/fe58368d-6af5-4ce7-87ee-df32a6bbda7e for RaftStorage:Storage Directory /tmp/workdir/hadoop-ozone/integration-test/target/test-dir/MiniOzoneClusterImpl-6b58458b-4541-4f5c-894b-9d7e52af4090/datanode-0/data/ratis/fe58368d-6af5-4ce7-87ee-df32a6bbda7e
2019-07-14 06:43:11,818 INFO  server.RaftServerConfigKeys (ConfUtils.java:logGet(43)) - raft.server.log.appender.buffer.byte-limit = 33554432 (custom)
2019-07-14 06:43:11,818 INFO  server.RaftServerConfigKeys (ConfUtils.java:logGet(43)) - raft.server.log.queue.byte-limit = 2147483647 (custom)
2019-07-14 06:43:11,818 INFO  server.RaftServerConfigKeys (ConfUtils.java:logGet(43)) - raft.server.log.segment.size.max = 1048576 (custom)
2019-07-14 06:43:11,821 INFO  server.RaftServerConfigKeys (ConfUtils.java:logGet(43)) - raft.server.log.queue.element-limit = 1024 (custom)
2019-07-14 06:43:11,819 INFO  server.RaftServerConfigKeys (ConfUtils.java:logGet(43)) - raft.server.log.segment.size.max = 1048576 (custom)
2019-07-14 06:43:11,821 INFO  server.RaftServerConfigKeys (ConfUtils.java:logGet(43)) - raft.server.log.segment.size.max = 1048576 (custom)
2019-07-14 06:43:11,821 INFO  server.RaftServerConfigKeys (ConfUtils.java:logGet(43)) - raft.server.log.preallocated.size = 16384 (custom)
2019-07-14 06:43:11,821 INFO  server.RaftServerConfigKeys (ConfUtils.java:logGet(43)) - raft.server.log.segment.cache.num.max = 2 (custom)
2019-07-14 06:43:11,821 INFO  server.RaftServerConfigKeys (ConfUtils.java:logGet(43)) - raft.server.log.write.buffer.size = 33554432 (custom)
2019-07-14 06:43:11,821 INFO  server.RaftServerConfigKeys (ConfUtils.java:logGet(43)) - raft.server.log.segment.cache.num.max = 2 (custom)
2019-07-14 06:43:11,821 INFO  server.RaftServerConfigKeys (ConfUtils.java:logGet(43)) - raft.server.log.force.sync.num = 128 (default)
2019-07-14 06:43:11,821 INFO  server.RaftServerConfigKeys (ConfUtils.java:logGet(43)) - raft.server.log.statemachine.data.sync = true (default)
2019-07-14 06:43:11,821 INFO  segmented.SegmentedRaftLogWorker (SegmentedRaftLogWorker.java:<init>(172)) - new c9000f0a-3ad4-484d-bf97-c3dc2c0e32b0-SegmentedRaftLogWorker:Storage Directory /tmp/workdir/hadoop-ozone/integration-test/target/test-dir/MiniOzoneClusterImpl-6b58458b-4541-4f5c-894b-9d7e52af4090/datanode-4/data/ratis/fe58368d-6af5-4ce7-87ee-df32a6bbda7e for RaftStorage:Storage Directory /tmp/workdir/hadoop-ozone/integration-test/target/test-dir/MiniOzoneClusterImpl-6b58458b-4541-4f5c-894b-9d7e52af4090/datanode-4/data/ratis/fe58368d-6af5-4ce7-87ee-df32a6bbda7e
2019-07-14 06:43:11,822 INFO  server.RaftServerConfigKeys (ConfUtils.java:logGet(43)) - raft.server.log.statemachine.data.sync.timeout = 10s (default)
2019-07-14 06:43:11,821 INFO  segmented.SegmentedRaftLogWorker (SegmentedRaftLogWorker.java:<init>(172)) - new 30964336-c32a-4a27-96dd-3ce9418922e8-SegmentedRaftLogWorker:Storage Directory /tmp/workdir/hadoop-ozone/integration-test/target/test-dir/MiniOzoneClusterImpl-6b58458b-4541-4f5c-894b-9d7e52af4090/datanode-3/data/ratis/fe58368d-6af5-4ce7-87ee-df32a6bbda7e for RaftStorage:Storage Directory /tmp/workdir/hadoop-ozone/integration-test/target/test-dir/MiniOzoneClusterImpl-6b58458b-4541-4f5c-894b-9d7e52af4090/datanode-3/data/ratis/fe58368d-6af5-4ce7-87ee-df32a6bbda7e
2019-07-14 06:43:11,822 INFO  server.RaftServerConfigKeys (ConfUtils.java:logGet(43)) - raft.server.log.statemachine.data.sync.timeout.retry = -1 (default)
2019-07-14 06:43:11,822 INFO  server.RaftServerConfigKeys (ConfUtils.java:logGet(43)) - raft.server.log.queue.byte-limit = 2147483647 (custom)
2019-07-14 06:43:11,826 INFO  server.RaftServerConfigKeys (ConfUtils.java:logGet(43)) - raft.server.log.statemachine.data.caching.enabled = true (custom)
2019-07-14 06:43:11,824 INFO  server.RaftServerConfigKeys (ConfUtils.java:logGet(43)) - raft.server.log.queue.byte-limit = 2147483647 (custom)
2019-07-14 06:43:11,826 INFO  segmented.SegmentedRaftLogWorker (SegmentedRaftLogWorker.java:lambda$new$0(132)) - 996fe33c-902d-44b5-825f-b25fffdd237c-SegmentedRaftLogWorker:Storage Directory /tmp/workdir/hadoop-ozone/integration-test/target/test-dir/MiniOzoneClusterImpl-6b58458b-4541-4f5c-894b-9d7e52af4090/datanode-0/data/ratis/fe58368d-6af5-4ce7-87ee-df32a6bbda7e: flushIndex: setUnconditionally 0 -> -1
2019-07-14 06:43:11,826 INFO  server.RaftServerConfigKeys (ConfUtils.java:logGet(43)) - raft.server.log.queue.element-limit = 1024 (custom)
2019-07-14 06:43:11,826 INFO  server.RaftServerConfigKeys (ConfUtils.java:logGet(43)) - raft.server.log.queue.element-limit = 1024 (custom)
2019-07-14 06:43:11,826 INFO  server.RaftServerConfigKeys (ConfUtils.java:logGet(43)) - raft.server.snapshot.auto.trigger.enabled = true (custom)
2019-07-14 06:43:11,826 INFO  server.RaftServerConfigKeys (ConfUtils.java:logGet(43)) - raft.server.log.segment.size.max = 1048576 (custom)
2019-07-14 06:43:11,827 INFO  server.RaftServerConfigKeys (ConfUtils.java:logGet(43)) - raft.server.snapshot.auto.trigger.threshold = 10000 (custom)
2019-07-14 06:43:11,827 INFO  server.RaftServerConfigKeys (ConfUtils.java:logGet(43)) - raft.server.log.segment.size.max = 1048576 (custom)
2019-07-14 06:43:11,827 INFO  server.RaftServerConfigKeys (ConfUtils.java:logGet(43)) - raft.server.retrycache.expirytime = 600000ms (custom)
2019-07-14 06:43:11,827 INFO  server.RaftServerConfigKeys (ConfUtils.java:logGet(43)) - raft.server.log.preallocated.size = 16384 (custom)
2019-07-14 06:43:11,827 INFO  impl.RaftServerImpl (RaftServerImpl.java:start(180)) - 996fe33c-902d-44b5-825f-b25fffdd237c: start group-DF32A6BBDA7E
2019-07-14 06:43:11,827 INFO  impl.RaftServerImpl (RaftServerImpl.java:setRole(171)) - 996fe33c-902d-44b5-825f-b25fffdd237c:group-DF32A6BBDA7E changes role from null to FOLLOWER at term 0 for startAsFollower
2019-07-14 06:43:11,827 INFO  server.RaftServerConfigKeys (ConfUtils.java:logGet(43)) - raft.server.log.preallocated.size = 16384 (custom)
2019-07-14 06:43:11,827 INFO  impl.RoleInfo (RoleInfo.java:updateAndGet(143)) - 996fe33c-902d-44b5-825f-b25fffdd237c: start FollowerState
2019-07-14 06:43:11,827 INFO  server.RaftServerConfigKeys (ConfUtils.java:logGet(43)) - raft.server.log.write.buffer.size = 33554432 (custom)
2019-07-14 06:43:11,827 INFO  server.RaftServerConfigKeys (ConfUtils.java:logGet(43)) - raft.server.log.write.buffer.size = 33554432 (custom)
2019-07-14 06:43:11,828 INFO  util.JmxRegister (JmxRegister.java:tryRegister(44)) - Successfully registered JMX Bean with object name Ratis:service=RaftServer,group=group-DF32A6BBDA7E,id=996fe33c-902d-44b5-825f-b25fffdd237c
2019-07-14 06:43:11,828 INFO  server.RaftServerConfigKeys (ConfUtils.java:logGet(43)) - raft.server.log.force.sync.num = 128 (default)
2019-07-14 06:43:11,828 INFO  server.RaftServerConfigKeys (ConfUtils.java:logGet(43)) - raft.server.log.force.sync.num = 128 (default)
2019-07-14 06:43:11,828 INFO  server.RaftServerConfigKeys (ConfUtils.java:logGet(43)) - raft.server.log.statemachine.data.sync = true (default)
2019-07-14 06:43:11,828 INFO  server.RaftServerConfigKeys (ConfUtils.java:logGet(43)) - raft.server.log.statemachine.data.sync = true (default)
2019-07-14 06:43:11,828 INFO  server.RaftServerConfigKeys (ConfUtils.java:logGet(43)) - raft.server.log.statemachine.data.sync.timeout = 10s (default)
2019-07-14 06:43:11,828 INFO  server.RaftServerConfigKeys (ConfUtils.java:logGet(43)) - raft.server.log.statemachine.data.sync.timeout = 10s (default)
2019-07-14 06:43:11,829 INFO  server.RaftServerConfigKeys (ConfUtils.java:logGet(43)) - raft.server.log.statemachine.data.sync.timeout.retry = -1 (default)
2019-07-14 06:43:11,829 INFO  server.RaftServerConfigKeys (ConfUtils.java:logGet(43)) - raft.server.log.statemachine.data.sync.timeout.retry = -1 (default)
2019-07-14 06:43:11,829 INFO  server.RaftServerConfigKeys (ConfUtils.java:logGet(43)) - raft.server.log.statemachine.data.caching.enabled = true (custom)
2019-07-14 06:43:11,829 INFO  server.RaftServerConfigKeys (ConfUtils.java:logGet(43)) - raft.server.log.statemachine.data.caching.enabled = true (custom)
2019-07-14 06:43:11,829 INFO  segmented.SegmentedRaftLogWorker (SegmentedRaftLogWorker.java:lambda$new$0(132)) - c9000f0a-3ad4-484d-bf97-c3dc2c0e32b0-SegmentedRaftLogWorker:Storage Directory /tmp/workdir/hadoop-ozone/integration-test/target/test-dir/MiniOzoneClusterImpl-6b58458b-4541-4f5c-894b-9d7e52af4090/datanode-4/data/ratis/fe58368d-6af5-4ce7-87ee-df32a6bbda7e: flushIndex: setUnconditionally 0 -> -1
2019-07-14 06:43:11,829 INFO  segmented.SegmentedRaftLogWorker (SegmentedRaftLogWorker.java:lambda$new$0(132)) - 30964336-c32a-4a27-96dd-3ce9418922e8-SegmentedRaftLogWorker:Storage Directory /tmp/workdir/hadoop-ozone/integration-test/target/test-dir/MiniOzoneClusterImpl-6b58458b-4541-4f5c-894b-9d7e52af4090/datanode-3/data/ratis/fe58368d-6af5-4ce7-87ee-df32a6bbda7e: flushIndex: setUnconditionally 0 -> -1
2019-07-14 06:43:11,829 INFO  server.RaftServerConfigKeys (ConfUtils.java:logGet(43)) - raft.server.snapshot.auto.trigger.enabled = true (custom)
2019-07-14 06:43:11,829 INFO  server.RaftServerConfigKeys (ConfUtils.java:logGet(43)) - raft.server.snapshot.auto.trigger.threshold = 10000 (custom)
2019-07-14 06:43:11,829 INFO  server.RaftServerConfigKeys (ConfUtils.java:logGet(43)) - raft.server.snapshot.auto.trigger.enabled = true (custom)
2019-07-14 06:43:11,830 INFO  server.RaftServerConfigKeys (ConfUtils.java:logGet(43)) - raft.server.retrycache.expirytime = 600000ms (custom)
2019-07-14 06:43:11,830 INFO  server.RaftServerConfigKeys (ConfUtils.java:logGet(43)) - raft.server.snapshot.auto.trigger.threshold = 10000 (custom)
2019-07-14 06:43:11,830 INFO  impl.RaftServerImpl (RaftServerImpl.java:start(180)) - c9000f0a-3ad4-484d-bf97-c3dc2c0e32b0: start group-DF32A6BBDA7E
2019-07-14 06:43:11,830 INFO  server.RaftServerConfigKeys (ConfUtils.java:logGet(43)) - raft.server.retrycache.expirytime = 600000ms (custom)
2019-07-14 06:43:11,830 INFO  impl.RaftServerImpl (RaftServerImpl.java:setRole(171)) - c9000f0a-3ad4-484d-bf97-c3dc2c0e32b0:group-DF32A6BBDA7E changes role from null to FOLLOWER at term 0 for startAsFollower
2019-07-14 06:43:11,830 INFO  impl.RaftServerImpl (RaftServerImpl.java:start(180)) - 30964336-c32a-4a27-96dd-3ce9418922e8: start group-DF32A6BBDA7E
2019-07-14 06:43:11,830 INFO  impl.RoleInfo (RoleInfo.java:updateAndGet(143)) - c9000f0a-3ad4-484d-bf97-c3dc2c0e32b0: start FollowerState
2019-07-14 06:43:11,830 INFO  impl.RaftServerImpl (RaftServerImpl.java:setRole(171)) - 30964336-c32a-4a27-96dd-3ce9418922e8:group-DF32A6BBDA7E changes role from null to FOLLOWER at term 0 for startAsFollower
2019-07-14 06:43:11,830 INFO  impl.RoleInfo (RoleInfo.java:updateAndGet(143)) - 30964336-c32a-4a27-96dd-3ce9418922e8: start FollowerState
2019-07-14 06:43:11,830 INFO  util.JmxRegister (JmxRegister.java:tryRegister(44)) - Successfully registered JMX Bean with object name Ratis:service=RaftServer,group=group-DF32A6BBDA7E,id=c9000f0a-3ad4-484d-bf97-c3dc2c0e32b0
2019-07-14 06:43:11,831 INFO  util.JmxRegister (JmxRegister.java:tryRegister(44)) - Successfully registered JMX Bean with object name Ratis:service=RaftServer,group=group-DF32A6BBDA7E,id=30964336-c32a-4a27-96dd-3ce9418922e8
2019-07-14 06:43:11,852 INFO  pipeline.PipelineStateManager (PipelineStateManager.java:addPipeline(56)) - Created pipeline Pipeline[ Id: fe58368d-6af5-4ce7-87ee-df32a6bbda7e, Nodes: c9000f0a-3ad4-484d-bf97-c3dc2c0e32b0{ip: 192.168.5.144, host: trunk-nightly-8c95p-1540871953, networkLocation: /default-rack, certSerialId: null}30964336-c32a-4a27-96dd-3ce9418922e8{ip: 192.168.5.144, host: trunk-nightly-8c95p-1540871953, networkLocation: /default-rack, certSerialId: null}996fe33c-902d-44b5-825f-b25fffdd237c{ip: 192.168.5.144, host: trunk-nightly-8c95p-1540871953, networkLocation: /default-rack, certSerialId: null}, Type:RATIS, Factor:THREE, State:OPEN]
2019-07-14 06:43:11,883 INFO  impl.RaftServerProxy (RaftServerProxy.java:addNew(89)) - 3a684e4c-bc76-4e58-93e9-4c7b93103987: addNew group-5E6FDAD72739:[b5751b22-fb3a-4285-b61c-2ee1ccb5b2eb:192.168.5.144:34534, 3a684e4c-bc76-4e58-93e9-4c7b93103987:192.168.5.144:46769, d3f65906-3b2c-4090-a46a-ce7eb89ef6ea:192.168.5.144:40488] returns group-5E6FDAD72739:java.util.concurrent.CompletableFuture@1a2ab80c[Not completed]
2019-07-14 06:43:11,885 INFO  impl.RaftServerImpl (RaftServerImpl.java:<init>(93)) - 3a684e4c-bc76-4e58-93e9-4c7b93103987: new RaftServerImpl for group-5E6FDAD72739:[b5751b22-fb3a-4285-b61c-2ee1ccb5b2eb:192.168.5.144:34534, 3a684e4c-bc76-4e58-93e9-4c7b93103987:192.168.5.144:46769, d3f65906-3b2c-4090-a46a-ce7eb89ef6ea:192.168.5.144:40488] with ContainerStateMachine:uninitialized
2019-07-14 06:43:11,887 INFO  server.RaftServerConfigKeys (ConfUtils.java:logGet(43)) - raft.server.rpc.timeout.min = 5s (custom)
2019-07-14 06:43:11,889 INFO  server.RaftServerConfigKeys (ConfUtils.java:logGet(43)) - raft.server.rpc.timeout.max = 5200ms (custom)
2019-07-14 06:43:11,889 INFO  server.RaftServerConfigKeys (ConfUtils.java:logGet(43)) - raft.server.rpcslowness.timeout = 120s (custom)
2019-07-14 06:43:11,889 INFO  impl.RaftServerProxy (RaftServerProxy.java:addNew(89)) - b5751b22-fb3a-4285-b61c-2ee1ccb5b2eb: addNew group-5E6FDAD72739:[b5751b22-fb3a-4285-b61c-2ee1ccb5b2eb:192.168.5.144:34534, 3a684e4c-bc76-4e58-93e9-4c7b93103987:192.168.5.144:46769, d3f65906-3b2c-4090-a46a-ce7eb89ef6ea:192.168.5.144:40488] returns group-5E6FDAD72739:java.util.concurrent.CompletableFuture@3de6fca4[Not completed]
2019-07-14 06:43:11,889 INFO  server.RaftServerConfigKeys (ConfUtils.java:logGet(43)) - raft.server.sleep.deviation.threshold = 300 (default)
2019-07-14 06:43:11,889 INFO  server.RaftServerConfigKeys (ConfUtils.java:logGet(43)) - raft.server.log.appender.install.snapshot.enabled = false (custom)
2019-07-14 06:43:11,889 INFO  impl.RaftServerImpl (ServerState.java:<init>(105)) - 3a684e4c-bc76-4e58-93e9-4c7b93103987:group-5E6FDAD72739 ConfigurationManager, init=-1: [b5751b22-fb3a-4285-b61c-2ee1ccb5b2eb:192.168.5.144:34534, 3a684e4c-bc76-4e58-93e9-4c7b93103987:192.168.5.144:46769, d3f65906-3b2c-4090-a46a-ce7eb89ef6ea:192.168.5.144:40488], old=null, confs=<EMPTY_MAP>
2019-07-14 06:43:11,890 INFO  server.RaftServerConfigKeys (ConfUtils.java:logGet(43)) - raft.server.storage.dir = [/tmp/workdir/hadoop-ozone/integration-test/target/test-dir/MiniOzoneClusterImpl-6b58458b-4541-4f5c-894b-9d7e52af4090/datanode-1/data/ratis] (custom)
2019-07-14 06:43:11,890 INFO  storage.RaftStorageDirectory (RaftStorageDirectory.java:analyzeStorage(246)) - The storage directory /tmp/workdir/hadoop-ozone/integration-test/target/test-dir/MiniOzoneClusterImpl-6b58458b-4541-4f5c-894b-9d7e52af4090/datanode-1/data/ratis/d97c3987-3a87-487f-95fd-5e6fdad72739 does not exist. Creating ...
2019-07-14 06:43:11,893 INFO  impl.RaftServerImpl (RaftServerImpl.java:<init>(93)) - b5751b22-fb3a-4285-b61c-2ee1ccb5b2eb: new RaftServerImpl for group-5E6FDAD72739:[b5751b22-fb3a-4285-b61c-2ee1ccb5b2eb:192.168.5.144:34534, 3a684e4c-bc76-4e58-93e9-4c7b93103987:192.168.5.144:46769, d3f65906-3b2c-4090-a46a-ce7eb89ef6ea:192.168.5.144:40488] with ContainerStateMachine:uninitialized
2019-07-14 06:43:11,893 INFO  impl.RaftServerProxy (RaftServerProxy.java:addNew(89)) - d3f65906-3b2c-4090-a46a-ce7eb89ef6ea: addNew group-5E6FDAD72739:[b5751b22-fb3a-4285-b61c-2ee1ccb5b2eb:192.168.5.144:34534, 3a684e4c-bc76-4e58-93e9-4c7b93103987:192.168.5.144:46769, d3f65906-3b2c-4090-a46a-ce7eb89ef6ea:192.168.5.144:40488] returns group-5E6FDAD72739:java.util.concurrent.CompletableFuture@4b6448b3[Not completed]
2019-07-14 06:43:11,893 INFO  server.RaftServerConfigKeys (ConfUtils.java:logGet(43)) - raft.server.rpc.timeout.min = 5s (custom)
2019-07-14 06:43:11,893 INFO  server.RaftServerConfigKeys (ConfUtils.java:logGet(43)) - raft.server.rpc.timeout.max = 5200ms (custom)
2019-07-14 06:43:11,893 INFO  server.RaftServerConfigKeys (ConfUtils.java:logGet(43)) - raft.server.rpcslowness.timeout = 120s (custom)
2019-07-14 06:43:11,893 INFO  server.RaftServerConfigKeys (ConfUtils.java:logGet(43)) - raft.server.sleep.deviation.threshold = 300 (default)
2019-07-14 06:43:11,893 INFO  server.RaftServerConfigKeys (ConfUtils.java:logGet(43)) - raft.server.log.appender.install.snapshot.enabled = false (custom)
2019-07-14 06:43:11,894 INFO  impl.RaftServerImpl (ServerState.java:<init>(105)) - b5751b22-fb3a-4285-b61c-2ee1ccb5b2eb:group-5E6FDAD72739 ConfigurationManager, init=-1: [b5751b22-fb3a-4285-b61c-2ee1ccb5b2eb:192.168.5.144:34534, 3a684e4c-bc76-4e58-93e9-4c7b93103987:192.168.5.144:46769, d3f65906-3b2c-4090-a46a-ce7eb89ef6ea:192.168.5.144:40488], old=null, confs=<EMPTY_MAP>
2019-07-14 06:43:11,894 INFO  server.RaftServerConfigKeys (ConfUtils.java:logGet(43)) - raft.server.storage.dir = [/tmp/workdir/hadoop-ozone/integration-test/target/test-dir/MiniOzoneClusterImpl-6b58458b-4541-4f5c-894b-9d7e52af4090/datanode-5/data/ratis] (custom)
2019-07-14 06:43:11,894 INFO  impl.RaftServerImpl (RaftServerImpl.java:<init>(93)) - d3f65906-3b2c-4090-a46a-ce7eb89ef6ea: new RaftServerImpl for group-5E6FDAD72739:[b5751b22-fb3a-4285-b61c-2ee1ccb5b2eb:192.168.5.144:34534, 3a684e4c-bc76-4e58-93e9-4c7b93103987:192.168.5.144:46769, d3f65906-3b2c-4090-a46a-ce7eb89ef6ea:192.168.5.144:40488] with ContainerStateMachine:uninitialized
2019-07-14 06:43:11,894 INFO  server.RaftServerConfigKeys (ConfUtils.java:logGet(43)) - raft.server.rpc.timeout.min = 5s (custom)
2019-07-14 06:43:11,894 INFO  storage.RaftStorageDirectory (RaftStorageDirectory.java:analyzeStorage(246)) - The storage directory /tmp/workdir/hadoop-ozone/integration-test/target/test-dir/MiniOzoneClusterImpl-6b58458b-4541-4f5c-894b-9d7e52af4090/datanode-5/data/ratis/d97c3987-3a87-487f-95fd-5e6fdad72739 does not exist. Creating ...
2019-07-14 06:43:11,894 INFO  server.RaftServerConfigKeys (ConfUtils.java:logGet(43)) - raft.server.rpc.timeout.max = 5200ms (custom)
2019-07-14 06:43:11,895 INFO  server.RaftServerConfigKeys (ConfUtils.java:logGet(43)) - raft.server.rpcslowness.timeout = 120s (custom)
2019-07-14 06:43:11,895 INFO  server.RaftServerConfigKeys (ConfUtils.java:logGet(43)) - raft.server.sleep.deviation.threshold = 300 (default)
2019-07-14 06:43:11,895 INFO  server.RaftServerConfigKeys (ConfUtils.java:logGet(43)) - raft.server.log.appender.install.snapshot.enabled = false (custom)
2019-07-14 06:43:11,895 INFO  impl.RaftServerImpl (ServerState.java:<init>(105)) - d3f65906-3b2c-4090-a46a-ce7eb89ef6ea:group-5E6FDAD72739 ConfigurationManager, init=-1: [b5751b22-fb3a-4285-b61c-2ee1ccb5b2eb:192.168.5.144:34534, 3a684e4c-bc76-4e58-93e9-4c7b93103987:192.168.5.144:46769, d3f65906-3b2c-4090-a46a-ce7eb89ef6ea:192.168.5.144:40488], old=null, confs=<EMPTY_MAP>
2019-07-14 06:43:11,895 INFO  server.RaftServerConfigKeys (ConfUtils.java:logGet(43)) - raft.server.storage.dir = [/tmp/workdir/hadoop-ozone/integration-test/target/test-dir/MiniOzoneClusterImpl-6b58458b-4541-4f5c-894b-9d7e52af4090/datanode-2/data/ratis] (custom)
2019-07-14 06:43:11,895 INFO  storage.RaftStorageDirectory (RaftStorageDirectory.java:analyzeStorage(246)) - The storage directory /tmp/workdir/hadoop-ozone/integration-test/target/test-dir/MiniOzoneClusterImpl-6b58458b-4541-4f5c-894b-9d7e52af4090/datanode-2/data/ratis/d97c3987-3a87-487f-95fd-5e6fdad72739 does not exist. Creating ...
2019-07-14 06:43:11,904 INFO  storage.RaftStorageDirectory (RaftStorageDirectory.java:tryLock(328)) - Lock on /tmp/workdir/hadoop-ozone/integration-test/target/test-dir/MiniOzoneClusterImpl-6b58458b-4541-4f5c-894b-9d7e52af4090/datanode-1/data/ratis/d97c3987-3a87-487f-95fd-5e6fdad72739/in_use.lock acquired by nodename 18597@trunk-nightly-8c95p-1540871953
2019-07-14 06:43:11,904 INFO  storage.RaftStorageDirectory (RaftStorageDirectory.java:tryLock(328)) - Lock on /tmp/workdir/hadoop-ozone/integration-test/target/test-dir/MiniOzoneClusterImpl-6b58458b-4541-4f5c-894b-9d7e52af4090/datanode-5/data/ratis/d97c3987-3a87-487f-95fd-5e6fdad72739/in_use.lock acquired by nodename 18597@trunk-nightly-8c95p-1540871953
2019-07-14 06:43:11,904 INFO  storage.RaftStorageDirectory (RaftStorageDirectory.java:tryLock(328)) - Lock on /tmp/workdir/hadoop-ozone/integration-test/target/test-dir/MiniOzoneClusterImpl-6b58458b-4541-4f5c-894b-9d7e52af4090/datanode-2/data/ratis/d97c3987-3a87-487f-95fd-5e6fdad72739/in_use.lock acquired by nodename 18597@trunk-nightly-8c95p-1540871953
2019-07-14 06:43:11,916 INFO  storage.RaftStorage (RaftStorage.java:format(72)) - Storage directory /tmp/workdir/hadoop-ozone/integration-test/target/test-dir/MiniOzoneClusterImpl-6b58458b-4541-4f5c-894b-9d7e52af4090/datanode-1/data/ratis/d97c3987-3a87-487f-95fd-5e6fdad72739 has been successfully formatted.
2019-07-14 06:43:11,916 INFO  storage.RaftStorage (RaftStorage.java:format(72)) - Storage directory /tmp/workdir/hadoop-ozone/integration-test/target/test-dir/MiniOzoneClusterImpl-6b58458b-4541-4f5c-894b-9d7e52af4090/datanode-2/data/ratis/d97c3987-3a87-487f-95fd-5e6fdad72739 has been successfully formatted.
2019-07-14 06:43:11,916 INFO  storage.RaftStorage (RaftStorage.java:format(72)) - Storage directory /tmp/workdir/hadoop-ozone/integration-test/target/test-dir/MiniOzoneClusterImpl-6b58458b-4541-4f5c-894b-9d7e52af4090/datanode-5/data/ratis/d97c3987-3a87-487f-95fd-5e6fdad72739 has been successfully formatted.
2019-07-14 06:43:11,916 INFO  ratis.ContainerStateMachine (ContainerStateMachine.java:loadSnapshot(200)) - group-5E6FDAD72739: The snapshot info is null. Setting the last applied indexto:(t:0, i:~)
2019-07-14 06:43:11,916 INFO  ratis.ContainerStateMachine (ContainerStateMachine.java:loadSnapshot(200)) - group-5E6FDAD72739: The snapshot info is null. Setting the last applied indexto:(t:0, i:~)
2019-07-14 06:43:11,916 INFO  ratis.ContainerStateMachine (ContainerStateMachine.java:loadSnapshot(200)) - group-5E6FDAD72739: The snapshot info is null. Setting the last applied indexto:(t:0, i:~)
2019-07-14 06:43:11,916 INFO  server.RaftServerConfigKeys (ConfUtils.java:logGet(43)) - raft.server.leader.election.timeout = 120s (custom)
2019-07-14 06:43:11,916 INFO  server.RaftServerConfigKeys (ConfUtils.java:logGet(43)) - raft.server.leader.election.timeout = 120s (custom)
2019-07-14 06:43:11,916 INFO  server.RaftServerConfigKeys (ConfUtils.java:logGet(43)) - raft.server.log.use.memory = false (default)
2019-07-14 06:43:11,916 INFO  server.RaftServerConfigKeys (ConfUtils.java:logGet(43)) - raft.server.leader.election.timeout = 120s (custom)
2019-07-14 06:43:11,917 INFO  server.RaftServerConfigKeys (ConfUtils.java:logGet(43)) - raft.server.log.purge.gap = 1000000000 (custom)
2019-07-14 06:43:11,917 INFO  server.RaftServerConfigKeys (ConfUtils.java:logGet(43)) - raft.server.log.use.memory = false (default)
2019-07-14 06:43:11,917 INFO  server.RaftServerConfigKeys (ConfUtils.java:logGet(43)) - raft.server.log.appender.buffer.byte-limit = 33554432 (custom)
2019-07-14 06:43:11,917 INFO  server.RaftServerConfigKeys (ConfUtils.java:logGet(43)) - raft.server.log.use.memory = false (default)
2019-07-14 06:43:11,917 INFO  server.RaftServerConfigKeys (ConfUtils.java:logGet(43)) - raft.server.log.segment.size.max = 1048576 (custom)
2019-07-14 06:43:11,917 INFO  server.RaftServerConfigKeys (ConfUtils.java:logGet(43)) - raft.server.log.purge.gap = 1000000000 (custom)
2019-07-14 06:43:11,917 INFO  server.RaftServerConfigKeys (ConfUtils.java:logGet(43)) - raft.server.log.segment.cache.num.max = 2 (custom)
2019-07-14 06:43:11,917 INFO  server.RaftServerConfigKeys (ConfUtils.java:logGet(43)) - raft.server.log.purge.gap = 1000000000 (custom)
2019-07-14 06:43:11,917 INFO  segmented.SegmentedRaftLogWorker (SegmentedRaftLogWorker.java:<init>(172)) - new b5751b22-fb3a-4285-b61c-2ee1ccb5b2eb-SegmentedRaftLogWorker:Storage Directory /tmp/workdir/hadoop-ozone/integration-test/target/test-dir/MiniOzoneClusterImpl-6b58458b-4541-4f5c-894b-9d7e52af4090/datanode-5/data/ratis/d97c3987-3a87-487f-95fd-5e6fdad72739 for RaftStorage:Storage Directory /tmp/workdir/hadoop-ozone/integration-test/target/test-dir/MiniOzoneClusterImpl-6b58458b-4541-4f5c-894b-9d7e52af4090/datanode-5/data/ratis/d97c3987-3a87-487f-95fd-5e6fdad72739
2019-07-14 06:43:11,917 INFO  server.RaftServerConfigKeys (ConfUtils.java:logGet(43)) - raft.server.log.appender.buffer.byte-limit = 33554432 (custom)
2019-07-14 06:43:11,918 INFO  server.RaftServerConfigKeys (ConfUtils.java:logGet(43)) - raft.server.log.queue.byte-limit = 2147483647 (custom)
2019-07-14 06:43:11,918 INFO  server.RaftServerConfigKeys (ConfUtils.java:logGet(43)) - raft.server.log.appender.buffer.byte-limit = 33554432 (custom)
2019-07-14 06:43:11,920 INFO  server.RaftServerConfigKeys (ConfUtils.java:logGet(43)) - raft.server.log.queue.element-limit = 1024 (custom)
2019-07-14 06:43:11,920 INFO  server.RaftServerConfigKeys (ConfUtils.java:logGet(43)) - raft.server.log.segment.size.max = 1048576 (custom)
2019-07-14 06:43:11,920 INFO  server.RaftServerConfigKeys (ConfUtils.java:logGet(43)) - raft.server.log.segment.size.max = 1048576 (custom)
2019-07-14 06:43:11,920 INFO  server.RaftServerConfigKeys (ConfUtils.java:logGet(43)) - raft.server.log.segment.size.max = 1048576 (custom)
2019-07-14 06:43:11,920 INFO  server.RaftServerConfigKeys (ConfUtils.java:logGet(43)) - raft.server.log.preallocated.size = 16384 (custom)
2019-07-14 06:43:11,920 INFO  server.RaftServerConfigKeys (ConfUtils.java:logGet(43)) - raft.server.log.segment.cache.num.max = 2 (custom)
2019-07-14 06:43:11,921 INFO  server.RaftServerConfigKeys (ConfUtils.java:logGet(43)) - raft.server.log.write.buffer.size = 33554432 (custom)
2019-07-14 06:43:11,920 INFO  server.RaftServerConfigKeys (ConfUtils.java:logGet(43)) - raft.server.log.segment.cache.num.max = 2 (custom)
2019-07-14 06:43:11,921 INFO  server.RaftServerConfigKeys (ConfUtils.java:logGet(43)) - raft.server.log.force.sync.num = 128 (default)
2019-07-14 06:43:11,921 INFO  segmented.SegmentedRaftLogWorker (SegmentedRaftLogWorker.java:<init>(172)) - new 3a684e4c-bc76-4e58-93e9-4c7b93103987-SegmentedRaftLogWorker:Storage Directory /tmp/workdir/hadoop-ozone/integration-test/target/test-dir/MiniOzoneClusterImpl-6b58458b-4541-4f5c-894b-9d7e52af4090/datanode-1/data/ratis/d97c3987-3a87-487f-95fd-5e6fdad72739 for RaftStorage:Storage Directory /tmp/workdir/hadoop-ozone/integration-test/target/test-dir/MiniOzoneClusterImpl-6b58458b-4541-4f5c-894b-9d7e52af4090/datanode-1/data/ratis/d97c3987-3a87-487f-95fd-5e6fdad72739
2019-07-14 06:43:11,921 INFO  server.RaftServerConfigKeys (ConfUtils.java:logGet(43)) - raft.server.log.statemachine.data.sync = true (default)
2019-07-14 06:43:11,921 INFO  segmented.SegmentedRaftLogWorker (SegmentedRaftLogWorker.java:<init>(172)) - new d3f65906-3b2c-4090-a46a-ce7eb89ef6ea-SegmentedRaftLogWorker:Storage Directory /tmp/workdir/hadoop-ozone/integration-test/target/test-dir/MiniOzoneClusterImpl-6b58458b-4541-4f5c-894b-9d7e52af4090/datanode-2/data/ratis/d97c3987-3a87-487f-95fd-5e6fdad72739 for RaftStorage:Storage Directory /tmp/workdir/hadoop-ozone/integration-test/target/test-dir/MiniOzoneClusterImpl-6b58458b-4541-4f5c-894b-9d7e52af4090/datanode-2/data/ratis/d97c3987-3a87-487f-95fd-5e6fdad72739
2019-07-14 06:43:11,921 INFO  server.RaftServerConfigKeys (ConfUtils.java:logGet(43)) - raft.server.log.statemachine.data.sync.timeout = 10s (default)
2019-07-14 06:43:11,921 INFO  server.RaftServerConfigKeys (ConfUtils.java:logGet(43)) - raft.server.log.queue.byte-limit = 2147483647 (custom)
2019-07-14 06:43:11,923 INFO  server.RaftServerConfigKeys (ConfUtils.java:logGet(43)) - raft.server.log.statemachine.data.sync.timeout.retry = -1 (default)
2019-07-14 06:43:11,923 INFO  server.RaftServerConfigKeys (ConfUtils.java:logGet(43)) - raft.server.log.queue.byte-limit = 2147483647 (custom)
2019-07-14 06:43:11,925 INFO  server.RaftServerConfigKeys (ConfUtils.java:logGet(43)) - raft.server.log.statemachine.data.caching.enabled = true (custom)
2019-07-14 06:43:11,925 INFO  server.RaftServerConfigKeys (ConfUtils.java:logGet(43)) - raft.server.log.queue.element-limit = 1024 (custom)
2019-07-14 06:43:11,925 INFO  server.RaftServerConfigKeys (ConfUtils.java:logGet(43)) - raft.server.log.queue.element-limit = 1024 (custom)
2019-07-14 06:43:11,926 INFO  server.RaftServerConfigKeys (ConfUtils.java:logGet(43)) - raft.server.log.segment.size.max = 1048576 (custom)
2019-07-14 06:43:11,926 INFO  segmented.SegmentedRaftLogWorker (SegmentedRaftLogWorker.java:lambda$new$0(132)) - b5751b22-fb3a-4285-b61c-2ee1ccb5b2eb-SegmentedRaftLogWorker:Storage Directory /tmp/workdir/hadoop-ozone/integration-test/target/test-dir/MiniOzoneClusterImpl-6b58458b-4541-4f5c-894b-9d7e52af4090/datanode-5/data/ratis/d97c3987-3a87-487f-95fd-5e6fdad72739: flushIndex: setUnconditionally 0 -> -1
2019-07-14 06:43:11,926 INFO  server.RaftServerConfigKeys (ConfUtils.java:logGet(43)) - raft.server.log.preallocated.size = 16384 (custom)
2019-07-14 06:43:11,926 INFO  server.RaftServerConfigKeys (ConfUtils.java:logGet(43)) - raft.server.log.segment.size.max = 1048576 (custom)
2019-07-14 06:43:11,926 INFO  server.RaftServerConfigKeys (ConfUtils.java:logGet(43)) - raft.server.snapshot.auto.trigger.enabled = true (custom)
2019-07-14 06:43:11,926 INFO  server.RaftServerConfigKeys (ConfUtils.java:logGet(43)) - raft.server.log.write.buffer.size = 33554432 (custom)
2019-07-14 06:43:11,926 INFO  server.RaftServerConfigKeys (ConfUtils.java:logGet(43)) - raft.server.snapshot.auto.trigger.threshold = 10000 (custom)
2019-07-14 06:43:11,926 INFO  server.RaftServerConfigKeys (ConfUtils.java:logGet(43)) - raft.server.log.preallocated.size = 16384 (custom)
2019-07-14 06:43:11,927 INFO  server.RaftServerConfigKeys (ConfUtils.java:logGet(43)) - raft.server.retrycache.expirytime = 600000ms (custom)
2019-07-14 06:43:11,927 INFO  server.RaftServerConfigKeys (ConfUtils.java:logGet(43)) - raft.server.log.force.sync.num = 128 (default)
2019-07-14 06:43:11,927 INFO  impl.RaftServerImpl (RaftServerImpl.java:start(180)) - b5751b22-fb3a-4285-b61c-2ee1ccb5b2eb: start group-5E6FDAD72739
2019-07-14 06:43:11,927 INFO  server.RaftServerConfigKeys (ConfUtils.java:logGet(43)) - raft.server.log.write.buffer.size = 33554432 (custom)
2019-07-14 06:43:11,927 INFO  impl.RaftServerImpl (RaftServerImpl.java:setRole(171)) - b5751b22-fb3a-4285-b61c-2ee1ccb5b2eb:group-5E6FDAD72739 changes role from null to FOLLOWER at term 0 for startAsFollower
2019-07-14 06:43:11,927 INFO  server.RaftServerConfigKeys (ConfUtils.java:logGet(43)) - raft.server.log.statemachine.data.sync = true (default)
2019-07-14 06:43:11,927 INFO  impl.RoleInfo (RoleInfo.java:updateAndGet(143)) - b5751b22-fb3a-4285-b61c-2ee1ccb5b2eb: start FollowerState
2019-07-14 06:43:11,927 INFO  server.RaftServerConfigKeys (ConfUtils.java:logGet(43)) - raft.server.log.force.sync.num = 128 (default)
2019-07-14 06:43:11,927 INFO  server.RaftServerConfigKeys (ConfUtils.java:logGet(43)) - raft.server.log.statemachine.data.sync.timeout = 10s (default)
2019-07-14 06:43:11,928 INFO  server.RaftServerConfigKeys (ConfUtils.java:logGet(43)) - raft.server.log.statemachine.data.sync = true (default)
2019-07-14 06:43:11,928 INFO  server.RaftServerConfigKeys (ConfUtils.java:logGet(43)) - raft.server.log.statemachine.data.sync.timeout.retry = -1 (default)
2019-07-14 06:43:11,928 INFO  util.JmxRegister (JmxRegister.java:tryRegister(44)) - Successfully registered JMX Bean with object name Ratis:service=RaftServer,group=group-5E6FDAD72739,id=b5751b22-fb3a-4285-b61c-2ee1ccb5b2eb
2019-07-14 06:43:11,928 INFO  server.RaftServerConfigKeys (ConfUtils.java:logGet(43)) - raft.server.log.statemachine.data.caching.enabled = true (custom)
2019-07-14 06:43:11,928 INFO  server.RaftServerConfigKeys (ConfUtils.java:logGet(43)) - raft.server.log.statemachine.data.sync.timeout = 10s (default)
2019-07-14 06:43:11,928 INFO  segmented.SegmentedRaftLogWorker (SegmentedRaftLogWorker.java:lambda$new$0(132)) - d3f65906-3b2c-4090-a46a-ce7eb89ef6ea-SegmentedRaftLogWorker:Storage Directory /tmp/workdir/hadoop-ozone/integration-test/target/test-dir/MiniOzoneClusterImpl-6b58458b-4541-4f5c-894b-9d7e52af4090/datanode-2/data/ratis/d97c3987-3a87-487f-95fd-5e6fdad72739: flushIndex: setUnconditionally 0 -> -1
2019-07-14 06:43:11,928 INFO  server.RaftServerConfigKeys (ConfUtils.java:logGet(43)) - raft.server.log.statemachine.data.sync.timeout.retry = -1 (default)
2019-07-14 06:43:11,929 INFO  server.RaftServerConfigKeys (ConfUtils.java:logGet(43)) - raft.server.snapshot.auto.trigger.enabled = true (custom)
2019-07-14 06:43:11,929 INFO  server.RaftServerConfigKeys (ConfUtils.java:logGet(43)) - raft.server.log.statemachine.data.caching.enabled = true (custom)
2019-07-14 06:43:11,929 INFO  server.RaftServerConfigKeys (ConfUtils.java:logGet(43)) - raft.server.snapshot.auto.trigger.threshold = 10000 (custom)
2019-07-14 06:43:11,929 INFO  server.RaftServerConfigKeys (ConfUtils.java:logGet(43)) - raft.server.retrycache.expirytime = 600000ms (custom)
2019-07-14 06:43:11,929 INFO  segmented.SegmentedRaftLogWorker (SegmentedRaftLogWorker.java:lambda$new$0(132)) - 3a684e4c-bc76-4e58-93e9-4c7b93103987-SegmentedRaftLogWorker:Storage Directory /tmp/workdir/hadoop-ozone/integration-test/target/test-dir/MiniOzoneClusterImpl-6b58458b-4541-4f5c-894b-9d7e52af4090/datanode-1/data/ratis/d97c3987-3a87-487f-95fd-5e6fdad72739: flushIndex: setUnconditionally 0 -> -1
2019-07-14 06:43:11,929 INFO  impl.RaftServerImpl (RaftServerImpl.java:start(180)) - d3f65906-3b2c-4090-a46a-ce7eb89ef6ea: start group-5E6FDAD72739
2019-07-14 06:43:11,929 INFO  impl.RaftServerImpl (RaftServerImpl.java:setRole(171)) - d3f65906-3b2c-4090-a46a-ce7eb89ef6ea:group-5E6FDAD72739 changes role from null to FOLLOWER at term 0 for startAsFollower
2019-07-14 06:43:11,929 INFO  server.RaftServerConfigKeys (ConfUtils.java:logGet(43)) - raft.server.snapshot.auto.trigger.enabled = true (custom)
2019-07-14 06:43:11,929 INFO  impl.RoleInfo (RoleInfo.java:updateAndGet(143)) - d3f65906-3b2c-4090-a46a-ce7eb89ef6ea: start FollowerState
2019-07-14 06:43:11,930 INFO  server.RaftServerConfigKeys (ConfUtils.java:logGet(43)) - raft.server.snapshot.auto.trigger.threshold = 10000 (custom)
2019-07-14 06:43:11,934 INFO  server.RaftServerConfigKeys (ConfUtils.java:logGet(43)) - raft.server.retrycache.expirytime = 600000ms (custom)
2019-07-14 06:43:11,934 INFO  util.JmxRegister (JmxRegister.java:tryRegister(44)) - Successfully registered JMX Bean with object name Ratis:service=RaftServer,group=group-5E6FDAD72739,id=d3f65906-3b2c-4090-a46a-ce7eb89ef6ea
2019-07-14 06:43:11,934 INFO  impl.RaftServerImpl (RaftServerImpl.java:start(180)) - 3a684e4c-bc76-4e58-93e9-4c7b93103987: start group-5E6FDAD72739
2019-07-14 06:43:11,934 INFO  impl.RaftServerImpl (RaftServerImpl.java:setRole(171)) - 3a684e4c-bc76-4e58-93e9-4c7b93103987:group-5E6FDAD72739 changes role from null to FOLLOWER at term 0 for startAsFollower
2019-07-14 06:43:11,936 INFO  impl.RoleInfo (RoleInfo.java:updateAndGet(143)) - 3a684e4c-bc76-4e58-93e9-4c7b93103987: start FollowerState
2019-07-14 06:43:11,938 INFO  util.JmxRegister (JmxRegister.java:tryRegister(44)) - Successfully registered JMX Bean with object name Ratis:service=RaftServer,group=group-5E6FDAD72739,id=3a684e4c-bc76-4e58-93e9-4c7b93103987
2019-07-14 06:43:11,953 INFO  pipeline.PipelineStateManager (PipelineStateManager.java:addPipeline(56)) - Created pipeline Pipeline[ Id: d97c3987-3a87-487f-95fd-5e6fdad72739, Nodes: b5751b22-fb3a-4285-b61c-2ee1ccb5b2eb{ip: 192.168.5.144, host: trunk-nightly-8c95p-1540871953, networkLocation: /default-rack, certSerialId: null}d3f65906-3b2c-4090-a46a-ce7eb89ef6ea{ip: 192.168.5.144, host: trunk-nightly-8c95p-1540871953, networkLocation: /default-rack, certSerialId: null}3a684e4c-bc76-4e58-93e9-4c7b93103987{ip: 192.168.5.144, host: trunk-nightly-8c95p-1540871953, networkLocation: /default-rack, certSerialId: null}, Type:RATIS, Factor:THREE, State:OPEN]
2019-07-14 06:43:12,071 INFO  rpc.RpcClient (RpcClient.java:createVolume(287)) - Creating Volume: closecontainerexceptionhandlingtest, with jenkins1000 as owner.
2019-07-14 06:43:12,113 INFO  rpc.RpcClient (RpcClient.java:createBucket(424)) - Creating Bucket: closecontainerexceptionhandlingtest/closecontainerexceptionhandlingtest, with Versioning false and Storage Type set to DISK and Encryption set to false 
2019-07-14 06:43:12,425 INFO  client.GrpcClientProtocolClient (GrpcClientProtocolClient.java:onNext(255)) - client-FBF8FFDD50DB->b5751b22-fb3a-4285-b61c-2ee1ccb5b2eb: receive RaftClientReply:client-FBF8FFDD50DB->b5751b22-fb3a-4285-b61c-2ee1ccb5b2eb@group-5E6FDAD72739, cid=13, FAILED org.apache.ratis.protocol.NotLeaderException: Server b5751b22-fb3a-4285-b61c-2ee1ccb5b2eb is not the leader (null). Request must be sent to leader., logIndex=0, commits[b5751b22-fb3a-4285-b61c-2ee1ccb5b2eb:c-1]
2019-07-14 06:43:13,262 INFO  container.ReplicationManager (ReplicationManager.java:start(155)) - Starting Replication Monitor Thread.
2019-07-14 06:43:13,264 INFO  container.ReplicationManager (ReplicationManager.java:run(207)) - Replication Monitor Thread took 1 milliseconds for processing 1 containers.
2019-07-14 06:43:13,479 INFO  client.GrpcClientProtocolClient (GrpcClientProtocolClient.java:onNext(255)) - client-FBF8FFDD50DB->3a684e4c-bc76-4e58-93e9-4c7b93103987: receive RaftClientReply:client-FBF8FFDD50DB->3a684e4c-bc76-4e58-93e9-4c7b93103987@group-5E6FDAD72739, cid=13, FAILED org.apache.ratis.protocol.NotLeaderException: Server 3a684e4c-bc76-4e58-93e9-4c7b93103987 is not the leader (null). Request must be sent to leader., logIndex=0, commits[3a684e4c-bc76-4e58-93e9-4c7b93103987:c-1]
2019-07-14 06:43:14,517 INFO  client.GrpcClientProtocolClient (GrpcClientProtocolClient.java:onNext(255)) - client-FBF8FFDD50DB->b5751b22-fb3a-4285-b61c-2ee1ccb5b2eb: receive RaftClientReply:client-FBF8FFDD50DB->b5751b22-fb3a-4285-b61c-2ee1ccb5b2eb@group-5E6FDAD72739, cid=13, FAILED org.apache.ratis.protocol.NotLeaderException: Server b5751b22-fb3a-4285-b61c-2ee1ccb5b2eb is not the leader (null). Request must be sent to leader., logIndex=0, commits[b5751b22-fb3a-4285-b61c-2ee1ccb5b2eb:c-1]
2019-07-14 06:43:15,554 INFO  client.GrpcClientProtocolClient (GrpcClientProtocolClient.java:onNext(255)) - client-FBF8FFDD50DB->d3f65906-3b2c-4090-a46a-ce7eb89ef6ea: receive RaftClientReply:client-FBF8FFDD50DB->d3f65906-3b2c-4090-a46a-ce7eb89ef6ea@group-5E6FDAD72739, cid=13, FAILED org.apache.ratis.protocol.NotLeaderException: Server d3f65906-3b2c-4090-a46a-ce7eb89ef6ea is not the leader (null). Request must be sent to leader., logIndex=0, commits[d3f65906-3b2c-4090-a46a-ce7eb89ef6ea:c-1]
2019-07-14 06:43:16,439 INFO  impl.FollowerState (FollowerState.java:run(106)) - 996fe33c-902d-44b5-825f-b25fffdd237c:group-0688E42DBC0C changes to CANDIDATE, lastRpcTime:5141, electionTimeout:5141ms
2019-07-14 06:43:16,440 INFO  impl.RoleInfo (RoleInfo.java:shutdownFollowerState(121)) - 996fe33c-902d-44b5-825f-b25fffdd237c: shutdown FollowerState
2019-07-14 06:43:16,440 INFO  impl.RaftServerImpl (RaftServerImpl.java:setRole(171)) - 996fe33c-902d-44b5-825f-b25fffdd237c:group-0688E42DBC0C changes role from FOLLOWER to CANDIDATE at term 0 for changeToCandidate
2019-07-14 06:43:16,447 INFO  impl.RoleInfo (RoleInfo.java:updateAndGet(143)) - 996fe33c-902d-44b5-825f-b25fffdd237c: start LeaderElection
2019-07-14 06:43:16,466 INFO  impl.LeaderElection (LeaderElection.java:askForVotes(181)) - 996fe33c-902d-44b5-825f-b25fffdd237c:group-0688E42DBC0C:LeaderElection1: begin an election at term 1 for -1: [996fe33c-902d-44b5-825f-b25fffdd237c:192.168.5.144:35636], old=null
2019-07-14 06:43:16,468 INFO  impl.RoleInfo (RoleInfo.java:shutdownLeaderElection(134)) - 996fe33c-902d-44b5-825f-b25fffdd237c: shutdown LeaderElection
2019-07-14 06:43:16,469 INFO  impl.RaftServerImpl (RaftServerImpl.java:setRole(171)) - 996fe33c-902d-44b5-825f-b25fffdd237c:group-0688E42DBC0C changes role from CANDIDATE to LEADER at term 1 for changeToLeader
2019-07-14 06:43:16,470 INFO  impl.RaftServerImpl (ServerState.java:setLeader(263)) - 996fe33c-902d-44b5-825f-b25fffdd237c:group-0688E42DBC0C change Leader from null to 996fe33c-902d-44b5-825f-b25fffdd237c at term 1 for becomeLeader, leader elected after 5241ms
2019-07-14 06:43:16,480 INFO  server.RaftServerConfigKeys (ConfUtils.java:logGet(43)) - raft.server.staging.catchup.gap = 1000 (default)
2019-07-14 06:43:16,480 INFO  server.RaftServerConfigKeys (ConfUtils.java:logGet(43)) - raft.server.rpc.sleep.time = 25ms (default)
2019-07-14 06:43:16,485 INFO  server.RaftServerConfigKeys (ConfUtils.java:logGet(43)) - raft.server.write.element-limit = 4096 (default)
2019-07-14 06:43:16,489 INFO  server.RaftServerConfigKeys (ConfUtils.java:logGet(43)) - raft.server.watch.timeout = 10s (default)
2019-07-14 06:43:16,489 INFO  server.RaftServerConfigKeys (ConfUtils.java:logGet(43)) - raft.server.watch.timeout.denomination = 1s (default)
2019-07-14 06:43:16,490 INFO  server.RaftServerConfigKeys (ConfUtils.java:logGet(43)) - raft.server.watch.element-limit = 65536 (default)
2019-07-14 06:43:16,502 INFO  impl.RoleInfo (RoleInfo.java:updateAndGet(143)) - 996fe33c-902d-44b5-825f-b25fffdd237c: start LeaderState
2019-07-14 06:43:16,528 INFO  impl.FollowerState (FollowerState.java:run(106)) - c9000f0a-3ad4-484d-bf97-c3dc2c0e32b0:group-40E8BE623E53 changes to CANDIDATE, lastRpcTime:5054, electionTimeout:5052ms
2019-07-14 06:43:16,530 INFO  impl.RoleInfo (RoleInfo.java:shutdownFollowerState(121)) - c9000f0a-3ad4-484d-bf97-c3dc2c0e32b0: shutdown FollowerState
2019-07-14 06:43:16,530 INFO  impl.RaftServerImpl (RaftServerImpl.java:setRole(171)) - c9000f0a-3ad4-484d-bf97-c3dc2c0e32b0:group-40E8BE623E53 changes role from FOLLOWER to CANDIDATE at term 0 for changeToCandidate
2019-07-14 06:43:16,530 INFO  impl.RoleInfo (RoleInfo.java:updateAndGet(143)) - c9000f0a-3ad4-484d-bf97-c3dc2c0e32b0: start LeaderElection
2019-07-14 06:43:16,536 INFO  segmented.SegmentedRaftLogWorker (SegmentedRaftLogWorker.java:startLogSegment(380)) - 996fe33c-902d-44b5-825f-b25fffdd237c-SegmentedRaftLogWorker:Storage Directory /tmp/workdir/hadoop-ozone/integration-test/target/test-dir/MiniOzoneClusterImpl-6b58458b-4541-4f5c-894b-9d7e52af4090/datanode-0/data/ratis/3085d332-156d-4545-86f7-0688e42dbc0c: Starting segment from index:0
2019-07-14 06:43:16,541 INFO  impl.FollowerState (FollowerState.java:run(106)) - 30964336-c32a-4a27-96dd-3ce9418922e8:group-405D2ECF689A changes to CANDIDATE, lastRpcTime:5007, electionTimeout:5007ms
2019-07-14 06:43:16,541 INFO  impl.RoleInfo (RoleInfo.java:shutdownFollowerState(121)) - 30964336-c32a-4a27-96dd-3ce9418922e8: shutdown FollowerState
2019-07-14 06:43:16,541 INFO  impl.RaftServerImpl (RaftServerImpl.java:setRole(171)) - 30964336-c32a-4a27-96dd-3ce9418922e8:group-405D2ECF689A changes role from FOLLOWER to CANDIDATE at term 0 for changeToCandidate
2019-07-14 06:43:16,541 INFO  impl.RoleInfo (RoleInfo.java:updateAndGet(143)) - 30964336-c32a-4a27-96dd-3ce9418922e8: start LeaderElection
2019-07-14 06:43:16,549 INFO  impl.LeaderElection (LeaderElection.java:askForVotes(181)) - c9000f0a-3ad4-484d-bf97-c3dc2c0e32b0:group-40E8BE623E53:LeaderElection2: begin an election at term 1 for -1: [c9000f0a-3ad4-484d-bf97-c3dc2c0e32b0:192.168.5.144:46805], old=null
2019-07-14 06:43:16,552 INFO  impl.RoleInfo (RoleInfo.java:shutdownLeaderElection(134)) - c9000f0a-3ad4-484d-bf97-c3dc2c0e32b0: shutdown LeaderElection
2019-07-14 06:43:16,552 INFO  impl.RaftServerImpl (RaftServerImpl.java:setRole(171)) - c9000f0a-3ad4-484d-bf97-c3dc2c0e32b0:group-40E8BE623E53 changes role from CANDIDATE to LEADER at term 1 for changeToLeader
2019-07-14 06:43:16,552 INFO  impl.RaftServerImpl (ServerState.java:setLeader(263)) - c9000f0a-3ad4-484d-bf97-c3dc2c0e32b0:group-40E8BE623E53 change Leader from null to c9000f0a-3ad4-484d-bf97-c3dc2c0e32b0 at term 1 for becomeLeader, leader elected after 5084ms
2019-07-14 06:43:16,554 INFO  server.RaftServerConfigKeys (ConfUtils.java:logGet(43)) - raft.server.staging.catchup.gap = 1000 (default)
2019-07-14 06:43:16,554 INFO  server.RaftServerConfigKeys (ConfUtils.java:logGet(43)) - raft.server.rpc.sleep.time = 25ms (default)
2019-07-14 06:43:16,554 INFO  server.RaftServerConfigKeys (ConfUtils.java:logGet(43)) - raft.server.write.element-limit = 4096 (default)
2019-07-14 06:43:16,554 INFO  server.RaftServerConfigKeys (ConfUtils.java:logGet(43)) - raft.server.watch.timeout = 10s (default)
2019-07-14 06:43:16,554 INFO  server.RaftServerConfigKeys (ConfUtils.java:logGet(43)) - raft.server.watch.timeout.denomination = 1s (default)
2019-07-14 06:43:16,554 INFO  server.RaftServerConfigKeys (ConfUtils.java:logGet(43)) - raft.server.watch.element-limit = 65536 (default)
2019-07-14 06:43:16,555 INFO  impl.RoleInfo (RoleInfo.java:updateAndGet(143)) - c9000f0a-3ad4-484d-bf97-c3dc2c0e32b0: start LeaderState
2019-07-14 06:43:16,555 INFO  segmented.SegmentedRaftLogWorker (SegmentedRaftLogWorker.java:startLogSegment(380)) - c9000f0a-3ad4-484d-bf97-c3dc2c0e32b0-SegmentedRaftLogWorker:Storage Directory /tmp/workdir/hadoop-ozone/integration-test/target/test-dir/MiniOzoneClusterImpl-6b58458b-4541-4f5c-894b-9d7e52af4090/datanode-4/data/ratis/7c7d43af-3eab-4f93-8dfe-40e8be623e53: Starting segment from index:0
2019-07-14 06:43:16,557 INFO  impl.RaftServerImpl (ServerState.java:setRaftConf(361)) - 996fe33c-902d-44b5-825f-b25fffdd237c:group-0688E42DBC0C set configuration 0: [996fe33c-902d-44b5-825f-b25fffdd237c:192.168.5.144:35636], old=null at 0
2019-07-14 06:43:16,557 INFO  impl.RaftServerImpl (ServerState.java:setRaftConf(361)) - c9000f0a-3ad4-484d-bf97-c3dc2c0e32b0:group-40E8BE623E53 set configuration 0: [c9000f0a-3ad4-484d-bf97-c3dc2c0e32b0:192.168.5.144:46805], old=null at 0
2019-07-14 06:43:16,566 INFO  impl.LeaderElection (LeaderElection.java:askForVotes(181)) - 30964336-c32a-4a27-96dd-3ce9418922e8:group-405D2ECF689A:LeaderElection3: begin an election at term 1 for -1: [30964336-c32a-4a27-96dd-3ce9418922e8:192.168.5.144:44873], old=null
2019-07-14 06:43:16,567 INFO  impl.RoleInfo (RoleInfo.java:shutdownLeaderElection(134)) - 30964336-c32a-4a27-96dd-3ce9418922e8: shutdown LeaderElection
2019-07-14 06:43:16,567 INFO  impl.RaftServerImpl (RaftServerImpl.java:setRole(171)) - 30964336-c32a-4a27-96dd-3ce9418922e8:group-405D2ECF689A changes role from CANDIDATE to LEADER at term 1 for changeToLeader
2019-07-14 06:43:16,567 INFO  impl.RaftServerImpl (ServerState.java:setLeader(263)) - 30964336-c32a-4a27-96dd-3ce9418922e8:group-405D2ECF689A change Leader from null to 30964336-c32a-4a27-96dd-3ce9418922e8 at term 1 for becomeLeader, leader elected after 5037ms
2019-07-14 06:43:16,568 INFO  server.RaftServerConfigKeys (ConfUtils.java:logGet(43)) - raft.server.staging.catchup.gap = 1000 (default)
2019-07-14 06:43:16,569 INFO  server.RaftServerConfigKeys (ConfUtils.java:logGet(43)) - raft.server.rpc.sleep.time = 25ms (default)
2019-07-14 06:43:16,569 INFO  server.RaftServerConfigKeys (ConfUtils.java:logGet(43)) - raft.server.write.element-limit = 4096 (default)
2019-07-14 06:43:16,569 INFO  server.RaftServerConfigKeys (ConfUtils.java:logGet(43)) - raft.server.watch.timeout = 10s (default)
2019-07-14 06:43:16,569 INFO  server.RaftServerConfigKeys (ConfUtils.java:logGet(43)) - raft.server.watch.timeout.denomination = 1s (default)
2019-07-14 06:43:16,569 INFO  server.RaftServerConfigKeys (ConfUtils.java:logGet(43)) - raft.server.watch.element-limit = 65536 (default)
2019-07-14 06:43:16,569 INFO  impl.RoleInfo (RoleInfo.java:updateAndGet(143)) - 30964336-c32a-4a27-96dd-3ce9418922e8: start LeaderState
2019-07-14 06:43:16,570 INFO  segmented.SegmentedRaftLogWorker (SegmentedRaftLogWorker.java:startLogSegment(380)) - 30964336-c32a-4a27-96dd-3ce9418922e8-SegmentedRaftLogWorker:Storage Directory /tmp/workdir/hadoop-ozone/integration-test/target/test-dir/MiniOzoneClusterImpl-6b58458b-4541-4f5c-894b-9d7e52af4090/datanode-3/data/ratis/642b5562-8b63-4eaa-8f72-405d2ecf689a: Starting segment from index:0
2019-07-14 06:43:16,570 INFO  impl.RaftServerImpl (ServerState.java:setRaftConf(361)) - 30964336-c32a-4a27-96dd-3ce9418922e8:group-405D2ECF689A set configuration 0: [30964336-c32a-4a27-96dd-3ce9418922e8:192.168.5.144:44873], old=null at 0
2019-07-14 06:43:16,582 INFO  client.GrpcClientProtocolClient (GrpcClientProtocolClient.java:onNext(255)) - client-FBF8FFDD50DB->3a684e4c-bc76-4e58-93e9-4c7b93103987: receive RaftClientReply:client-FBF8FFDD50DB->3a684e4c-bc76-4e58-93e9-4c7b93103987@group-5E6FDAD72739, cid=13, FAILED org.apache.ratis.protocol.NotLeaderException: Server 3a684e4c-bc76-4e58-93e9-4c7b93103987 is not the leader (null). Request must be sent to leader., logIndex=0, commits[3a684e4c-bc76-4e58-93e9-4c7b93103987:c-1]
2019-07-14 06:43:16,637 INFO  impl.FollowerState (FollowerState.java:run(106)) - b5751b22-fb3a-4285-b61c-2ee1ccb5b2eb:group-A0195FB1A321 changes to CANDIDATE, lastRpcTime:5052, electionTimeout:5052ms
2019-07-14 06:43:16,637 INFO  impl.RoleInfo (RoleInfo.java:shutdownFollowerState(121)) - b5751b22-fb3a-4285-b61c-2ee1ccb5b2eb: shutdown FollowerState
2019-07-14 06:43:16,638 INFO  impl.RaftServerImpl (RaftServerImpl.java:setRole(171)) - b5751b22-fb3a-4285-b61c-2ee1ccb5b2eb:group-A0195FB1A321 changes role from FOLLOWER to CANDIDATE at term 0 for changeToCandidate
2019-07-14 06:43:16,638 INFO  impl.RoleInfo (RoleInfo.java:updateAndGet(143)) - b5751b22-fb3a-4285-b61c-2ee1ccb5b2eb: start LeaderElection
2019-07-14 06:43:16,656 INFO  impl.LeaderElection (LeaderElection.java:askForVotes(181)) - b5751b22-fb3a-4285-b61c-2ee1ccb5b2eb:group-A0195FB1A321:LeaderElection4: begin an election at term 1 for -1: [b5751b22-fb3a-4285-b61c-2ee1ccb5b2eb:192.168.5.144:34534], old=null
2019-07-14 06:43:16,656 INFO  impl.RoleInfo (RoleInfo.java:shutdownLeaderElection(134)) - b5751b22-fb3a-4285-b61c-2ee1ccb5b2eb: shutdown LeaderElection
2019-07-14 06:43:16,656 INFO  impl.RaftServerImpl (RaftServerImpl.java:setRole(171)) - b5751b22-fb3a-4285-b61c-2ee1ccb5b2eb:group-A0195FB1A321 changes role from CANDIDATE to LEADER at term 1 for changeToLeader
2019-07-14 06:43:16,656 INFO  impl.RaftServerImpl (ServerState.java:setLeader(263)) - b5751b22-fb3a-4285-b61c-2ee1ccb5b2eb:group-A0195FB1A321 change Leader from null to b5751b22-fb3a-4285-b61c-2ee1ccb5b2eb at term 1 for becomeLeader, leader elected after 5075ms
2019-07-14 06:43:16,658 INFO  server.RaftServerConfigKeys (ConfUtils.java:logGet(43)) - raft.server.staging.catchup.gap = 1000 (default)
2019-07-14 06:43:16,658 INFO  server.RaftServerConfigKeys (ConfUtils.java:logGet(43)) - raft.server.rpc.sleep.time = 25ms (default)
2019-07-14 06:43:16,658 INFO  server.RaftServerConfigKeys (ConfUtils.java:logGet(43)) - raft.server.write.element-limit = 4096 (default)
2019-07-14 06:43:16,659 INFO  server.RaftServerConfigKeys (ConfUtils.java:logGet(43)) - raft.server.watch.timeout = 10s (default)
2019-07-14 06:43:16,659 INFO  server.RaftServerConfigKeys (ConfUtils.java:logGet(43)) - raft.server.watch.timeout.denomination = 1s (default)
2019-07-14 06:43:16,659 INFO  server.RaftServerConfigKeys (ConfUtils.java:logGet(43)) - raft.server.watch.element-limit = 65536 (default)
2019-07-14 06:43:16,659 INFO  impl.RoleInfo (RoleInfo.java:updateAndGet(143)) - b5751b22-fb3a-4285-b61c-2ee1ccb5b2eb: start LeaderState
2019-07-14 06:43:16,659 INFO  segmented.SegmentedRaftLogWorker (SegmentedRaftLogWorker.java:startLogSegment(380)) - b5751b22-fb3a-4285-b61c-2ee1ccb5b2eb-SegmentedRaftLogWorker:Storage Directory /tmp/workdir/hadoop-ozone/integration-test/target/test-dir/MiniOzoneClusterImpl-6b58458b-4541-4f5c-894b-9d7e52af4090/datanode-5/data/ratis/ea554b14-e724-4a4a-9d4a-a0195fb1a321: Starting segment from index:0
2019-07-14 06:43:16,660 INFO  impl.RaftServerImpl (ServerState.java:setRaftConf(361)) - b5751b22-fb3a-4285-b61c-2ee1ccb5b2eb:group-A0195FB1A321 set configuration 0: [b5751b22-fb3a-4285-b61c-2ee1ccb5b2eb:192.168.5.144:34534], old=null at 0
2019-07-14 06:43:16,748 INFO  impl.FollowerState (FollowerState.java:run(106)) - ac8bba32-480e-4164-9c18-8f314c2b039e:group-2CF8D41C9274 changes to CANDIDATE, lastRpcTime:5002, electionTimeout:5002ms
2019-07-14 06:43:16,748 INFO  impl.RoleInfo (RoleInfo.java:shutdownFollowerState(121)) - ac8bba32-480e-4164-9c18-8f314c2b039e: shutdown FollowerState
2019-07-14 06:43:16,748 INFO  impl.RaftServerImpl (RaftServerImpl.java:setRole(171)) - ac8bba32-480e-4164-9c18-8f314c2b039e:group-2CF8D41C9274 changes role from FOLLOWER to CANDIDATE at term 0 for changeToCandidate
2019-07-14 06:43:16,748 INFO  impl.RoleInfo (RoleInfo.java:updateAndGet(143)) - ac8bba32-480e-4164-9c18-8f314c2b039e: start LeaderElection
2019-07-14 06:43:16,755 INFO  segmented.SegmentedRaftLogWorker (SegmentedRaftLogWorker.java:execute(569)) - b5751b22-fb3a-4285-b61c-2ee1ccb5b2eb-SegmentedRaftLogWorker:Storage Directory /tmp/workdir/hadoop-ozone/integration-test/target/test-dir/MiniOzoneClusterImpl-6b58458b-4541-4f5c-894b-9d7e52af4090/datanode-5/data/ratis/ea554b14-e724-4a4a-9d4a-a0195fb1a321: created new log segment /tmp/workdir/hadoop-ozone/integration-test/target/test-dir/MiniOzoneClusterImpl-6b58458b-4541-4f5c-894b-9d7e52af4090/datanode-5/data/ratis/ea554b14-e724-4a4a-9d4a-a0195fb1a321/current/log_inprogress_0
2019-07-14 06:43:16,755 INFO  segmented.SegmentedRaftLogWorker (SegmentedRaftLogWorker.java:execute(569)) - c9000f0a-3ad4-484d-bf97-c3dc2c0e32b0-SegmentedRaftLogWorker:Storage Directory /tmp/workdir/hadoop-ozone/integration-test/target/test-dir/MiniOzoneClusterImpl-6b58458b-4541-4f5c-894b-9d7e52af4090/datanode-4/data/ratis/7c7d43af-3eab-4f93-8dfe-40e8be623e53: created new log segment /tmp/workdir/hadoop-ozone/integration-test/target/test-dir/MiniOzoneClusterImpl-6b58458b-4541-4f5c-894b-9d7e52af4090/datanode-4/data/ratis/7c7d43af-3eab-4f93-8dfe-40e8be623e53/current/log_inprogress_0
2019-07-14 06:43:16,755 INFO  segmented.SegmentedRaftLogWorker (SegmentedRaftLogWorker.java:execute(569)) - 30964336-c32a-4a27-96dd-3ce9418922e8-SegmentedRaftLogWorker:Storage Directory /tmp/workdir/hadoop-ozone/integration-test/target/test-dir/MiniOzoneClusterImpl-6b58458b-4541-4f5c-894b-9d7e52af4090/datanode-3/data/ratis/642b5562-8b63-4eaa-8f72-405d2ecf689a: created new log segment /tmp/workdir/hadoop-ozone/integration-test/target/test-dir/MiniOzoneClusterImpl-6b58458b-4541-4f5c-894b-9d7e52af4090/datanode-3/data/ratis/642b5562-8b63-4eaa-8f72-405d2ecf689a/current/log_inprogress_0
2019-07-14 06:43:16,755 INFO  segmented.SegmentedRaftLogWorker (SegmentedRaftLogWorker.java:execute(569)) - 996fe33c-902d-44b5-825f-b25fffdd237c-SegmentedRaftLogWorker:Storage Directory /tmp/workdir/hadoop-ozone/integration-test/target/test-dir/MiniOzoneClusterImpl-6b58458b-4541-4f5c-894b-9d7e52af4090/datanode-0/data/ratis/3085d332-156d-4545-86f7-0688e42dbc0c: created new log segment /tmp/workdir/hadoop-ozone/integration-test/target/test-dir/MiniOzoneClusterImpl-6b58458b-4541-4f5c-894b-9d7e52af4090/datanode-0/data/ratis/3085d332-156d-4545-86f7-0688e42dbc0c/current/log_inprogress_0
2019-07-14 06:43:16,765 INFO  impl.LeaderElection (LeaderElection.java:askForVotes(181)) - ac8bba32-480e-4164-9c18-8f314c2b039e:group-2CF8D41C9274:LeaderElection5: begin an election at term 1 for -1: [ac8bba32-480e-4164-9c18-8f314c2b039e:192.168.5.144:41293], old=null
2019-07-14 06:43:16,767 INFO  impl.RoleInfo (RoleInfo.java:shutdownLeaderElection(134)) - ac8bba32-480e-4164-9c18-8f314c2b039e: shutdown LeaderElection
2019-07-14 06:43:16,767 INFO  impl.RaftServerImpl (RaftServerImpl.java:setRole(171)) - ac8bba32-480e-4164-9c18-8f314c2b039e:group-2CF8D41C9274 changes role from CANDIDATE to LEADER at term 1 for changeToLeader
2019-07-14 06:43:16,767 INFO  impl.RaftServerImpl (ServerState.java:setLeader(263)) - ac8bba32-480e-4164-9c18-8f314c2b039e:group-2CF8D41C9274 change Leader from null to ac8bba32-480e-4164-9c18-8f314c2b039e at term 1 for becomeLeader, leader elected after 5024ms
2019-07-14 06:43:16,769 INFO  server.RaftServerConfigKeys (ConfUtils.java:logGet(43)) - raft.server.staging.catchup.gap = 1000 (default)
2019-07-14 06:43:16,769 INFO  server.RaftServerConfigKeys (ConfUtils.java:logGet(43)) - raft.server.rpc.sleep.time = 25ms (default)
2019-07-14 06:43:16,770 INFO  server.RaftServerConfigKeys (ConfUtils.java:logGet(43)) - raft.server.write.element-limit = 4096 (default)
2019-07-14 06:43:16,770 INFO  server.RaftServerConfigKeys (ConfUtils.java:logGet(43)) - raft.server.watch.timeout = 10s (default)
2019-07-14 06:43:16,770 INFO  server.RaftServerConfigKeys (ConfUtils.java:logGet(43)) - raft.server.watch.timeout.denomination = 1s (default)
2019-07-14 06:43:16,770 INFO  server.RaftServerConfigKeys (ConfUtils.java:logGet(43)) - raft.server.watch.element-limit = 65536 (default)
2019-07-14 06:43:16,770 INFO  impl.RoleInfo (RoleInfo.java:updateAndGet(143)) - ac8bba32-480e-4164-9c18-8f314c2b039e: start LeaderState
2019-07-14 06:43:16,771 INFO  segmented.SegmentedRaftLogWorker (SegmentedRaftLogWorker.java:startLogSegment(380)) - ac8bba32-480e-4164-9c18-8f314c2b039e-SegmentedRaftLogWorker:Storage Directory /tmp/workdir/hadoop-ozone/integration-test/target/test-dir/MiniOzoneClusterImpl-6b58458b-4541-4f5c-894b-9d7e52af4090/datanode-6/data/ratis/14dd37b6-b6f6-410d-ab5e-2cf8d41c9274: Starting segment from index:0
2019-07-14 06:43:16,771 INFO  impl.RaftServerImpl (ServerState.java:setRaftConf(361)) - ac8bba32-480e-4164-9c18-8f314c2b039e:group-2CF8D41C9274 set configuration 0: [ac8bba32-480e-4164-9c18-8f314c2b039e:192.168.5.144:41293], old=null at 0
2019-07-14 06:43:16,791 INFO  segmented.SegmentedRaftLogWorker (SegmentedRaftLogWorker.java:execute(569)) - ac8bba32-480e-4164-9c18-8f314c2b039e-SegmentedRaftLogWorker:Storage Directory /tmp/workdir/hadoop-ozone/integration-test/target/test-dir/MiniOzoneClusterImpl-6b58458b-4541-4f5c-894b-9d7e52af4090/datanode-6/data/ratis/14dd37b6-b6f6-410d-ab5e-2cf8d41c9274: created new log segment /tmp/workdir/hadoop-ozone/integration-test/target/test-dir/MiniOzoneClusterImpl-6b58458b-4541-4f5c-894b-9d7e52af4090/datanode-6/data/ratis/14dd37b6-b6f6-410d-ab5e-2cf8d41c9274/current/log_inprogress_0
2019-07-14 06:43:16,806 INFO  impl.FollowerState (FollowerState.java:run(106)) - d3f65906-3b2c-4090-a46a-ce7eb89ef6ea:group-415CDAC5125D changes to CANDIDATE, lastRpcTime:5160, electionTimeout:5160ms
2019-07-14 06:43:16,806 INFO  impl.RoleInfo (RoleInfo.java:shutdownFollowerState(121)) - d3f65906-3b2c-4090-a46a-ce7eb89ef6ea: shutdown FollowerState
2019-07-14 06:43:16,806 INFO  impl.RaftServerImpl (RaftServerImpl.java:setRole(171)) - d3f65906-3b2c-4090-a46a-ce7eb89ef6ea:group-415CDAC5125D changes role from FOLLOWER to CANDIDATE at term 0 for changeToCandidate
2019-07-14 06:43:16,807 INFO  impl.RoleInfo (RoleInfo.java:updateAndGet(143)) - d3f65906-3b2c-4090-a46a-ce7eb89ef6ea: start LeaderElection
2019-07-14 06:43:16,816 INFO  impl.FollowerState (FollowerState.java:run(106)) - 3a684e4c-bc76-4e58-93e9-4c7b93103987:group-7E66A16C49A5 changes to CANDIDATE, lastRpcTime:5108, electionTimeout:5108ms
2019-07-14 06:43:16,823 INFO  impl.RoleInfo (RoleInfo.java:shutdownFollowerState(121)) - 3a684e4c-bc76-4e58-93e9-4c7b93103987: shutdown FollowerState
2019-07-14 06:43:16,823 INFO  impl.LeaderElection (LeaderElection.java:askForVotes(181)) - d3f65906-3b2c-4090-a46a-ce7eb89ef6ea:group-415CDAC5125D:LeaderElection6: begin an election at term 1 for -1: [d3f65906-3b2c-4090-a46a-ce7eb89ef6ea:192.168.5.144:40488], old=null
2019-07-14 06:43:16,823 INFO  impl.RaftServerImpl (RaftServerImpl.java:setRole(171)) - 3a684e4c-bc76-4e58-93e9-4c7b93103987:group-7E66A16C49A5 changes role from FOLLOWER to CANDIDATE at term 0 for changeToCandidate
2019-07-14 06:43:16,825 INFO  impl.RoleInfo (RoleInfo.java:shutdownLeaderElection(134)) - d3f65906-3b2c-4090-a46a-ce7eb89ef6ea: shutdown LeaderElection
2019-07-14 06:43:16,825 INFO  impl.RoleInfo (RoleInfo.java:updateAndGet(143)) - 3a684e4c-bc76-4e58-93e9-4c7b93103987: start LeaderElection
2019-07-14 06:43:16,825 INFO  impl.RaftServerImpl (RaftServerImpl.java:setRole(171)) - d3f65906-3b2c-4090-a46a-ce7eb89ef6ea:group-415CDAC5125D changes role from CANDIDATE to LEADER at term 1 for changeToLeader
2019-07-14 06:43:16,825 INFO  impl.RaftServerImpl (ServerState.java:setLeader(263)) - d3f65906-3b2c-4090-a46a-ce7eb89ef6ea:group-415CDAC5125D change Leader from null to d3f65906-3b2c-4090-a46a-ce7eb89ef6ea at term 1 for becomeLeader, leader elected after 5184ms
2019-07-14 06:43:16,829 INFO  server.RaftServerConfigKeys (ConfUtils.java:logGet(43)) - raft.server.staging.catchup.gap = 1000 (default)
2019-07-14 06:43:16,830 INFO  server.RaftServerConfigKeys (ConfUtils.java:logGet(43)) - raft.server.rpc.sleep.time = 25ms (default)
2019-07-14 06:43:16,830 INFO  server.RaftServerConfigKeys (ConfUtils.java:logGet(43)) - raft.server.write.element-limit = 4096 (default)
2019-07-14 06:43:16,831 INFO  server.RaftServerConfigKeys (ConfUtils.java:logGet(43)) - raft.server.watch.timeout = 10s (default)
2019-07-14 06:43:16,831 INFO  server.RaftServerConfigKeys (ConfUtils.java:logGet(43)) - raft.server.watch.timeout.denomination = 1s (default)
2019-07-14 06:43:16,831 INFO  server.RaftServerConfigKeys (ConfUtils.java:logGet(43)) - raft.server.watch.element-limit = 65536 (default)
2019-07-14 06:43:16,831 INFO  impl.RoleInfo (RoleInfo.java:updateAndGet(143)) - d3f65906-3b2c-4090-a46a-ce7eb89ef6ea: start LeaderState
2019-07-14 06:43:16,831 INFO  segmented.SegmentedRaftLogWorker (SegmentedRaftLogWorker.java:startLogSegment(380)) - d3f65906-3b2c-4090-a46a-ce7eb89ef6ea-SegmentedRaftLogWorker:Storage Directory /tmp/workdir/hadoop-ozone/integration-test/target/test-dir/MiniOzoneClusterImpl-6b58458b-4541-4f5c-894b-9d7e52af4090/datanode-2/data/ratis/989cd28a-0f63-420e-ba99-415cdac5125d: Starting segment from index:0
2019-07-14 06:43:16,832 INFO  impl.RaftServerImpl (ServerState.java:setRaftConf(361)) - d3f65906-3b2c-4090-a46a-ce7eb89ef6ea:group-415CDAC5125D set configuration 0: [d3f65906-3b2c-4090-a46a-ce7eb89ef6ea:192.168.5.144:40488], old=null at 0
2019-07-14 06:43:16,845 INFO  impl.LeaderElection (LeaderElection.java:askForVotes(181)) - 3a684e4c-bc76-4e58-93e9-4c7b93103987:group-7E66A16C49A5:LeaderElection7: begin an election at term 1 for -1: [3a684e4c-bc76-4e58-93e9-4c7b93103987:192.168.5.144:46769], old=null
2019-07-14 06:43:16,845 INFO  impl.RoleInfo (RoleInfo.java:shutdownLeaderElection(134)) - 3a684e4c-bc76-4e58-93e9-4c7b93103987: shutdown LeaderElection
2019-07-14 06:43:16,845 INFO  impl.RaftServerImpl (RaftServerImpl.java:setRole(171)) - 3a684e4c-bc76-4e58-93e9-4c7b93103987:group-7E66A16C49A5 changes role from CANDIDATE to LEADER at term 1 for changeToLeader
2019-07-14 06:43:16,845 INFO  impl.RaftServerImpl (ServerState.java:setLeader(263)) - 3a684e4c-bc76-4e58-93e9-4c7b93103987:group-7E66A16C49A5 change Leader from null to 3a684e4c-bc76-4e58-93e9-4c7b93103987 at term 1 for becomeLeader, leader elected after 5141ms
2019-07-14 06:43:16,847 INFO  server.RaftServerConfigKeys (ConfUtils.java:logGet(43)) - raft.server.staging.catchup.gap = 1000 (default)
2019-07-14 06:43:16,847 INFO  server.RaftServerConfigKeys (ConfUtils.java:logGet(43)) - raft.server.rpc.sleep.time = 25ms (default)
2019-07-14 06:43:16,847 INFO  server.RaftServerConfigKeys (ConfUtils.java:logGet(43)) - raft.server.write.element-limit = 4096 (default)
2019-07-14 06:43:16,847 INFO  server.RaftServerConfigKeys (ConfUtils.java:logGet(43)) - raft.server.watch.timeout = 10s (default)
2019-07-14 06:43:16,847 INFO  server.RaftServerConfigKeys (ConfUtils.java:logGet(43)) - raft.server.watch.timeout.denomination = 1s (default)
2019-07-14 06:43:16,847 INFO  server.RaftServerConfigKeys (ConfUtils.java:logGet(43)) - raft.server.watch.element-limit = 65536 (default)
2019-07-14 06:43:16,848 INFO  impl.RoleInfo (RoleInfo.java:updateAndGet(143)) - 3a684e4c-bc76-4e58-93e9-4c7b93103987: start LeaderState
2019-07-14 06:43:16,848 INFO  segmented.SegmentedRaftLogWorker (SegmentedRaftLogWorker.java:startLogSegment(380)) - 3a684e4c-bc76-4e58-93e9-4c7b93103987-SegmentedRaftLogWorker:Storage Directory /tmp/workdir/hadoop-ozone/integration-test/target/test-dir/MiniOzoneClusterImpl-6b58458b-4541-4f5c-894b-9d7e52af4090/datanode-1/data/ratis/8f0a970e-d70e-43ab-86f6-7e66a16c49a5: Starting segment from index:0
2019-07-14 06:43:16,848 INFO  impl.RaftServerImpl (ServerState.java:setRaftConf(361)) - 3a684e4c-bc76-4e58-93e9-4c7b93103987:group-7E66A16C49A5 set configuration 0: [3a684e4c-bc76-4e58-93e9-4c7b93103987:192.168.5.144:46769], old=null at 0
2019-07-14 06:43:16,865 INFO  segmented.SegmentedRaftLogWorker (SegmentedRaftLogWorker.java:execute(569)) - d3f65906-3b2c-4090-a46a-ce7eb89ef6ea-SegmentedRaftLogWorker:Storage Directory /tmp/workdir/hadoop-ozone/integration-test/target/test-dir/MiniOzoneClusterImpl-6b58458b-4541-4f5c-894b-9d7e52af4090/datanode-2/data/ratis/989cd28a-0f63-420e-ba99-415cdac5125d: created new log segment /tmp/workdir/hadoop-ozone/integration-test/target/test-dir/MiniOzoneClusterImpl-6b58458b-4541-4f5c-894b-9d7e52af4090/datanode-2/data/ratis/989cd28a-0f63-420e-ba99-415cdac5125d/current/log_inprogress_0
2019-07-14 06:43:16,876 INFO  segmented.SegmentedRaftLogWorker (SegmentedRaftLogWorker.java:execute(569)) - 3a684e4c-bc76-4e58-93e9-4c7b93103987-SegmentedRaftLogWorker:Storage Directory /tmp/workdir/hadoop-ozone/integration-test/target/test-dir/MiniOzoneClusterImpl-6b58458b-4541-4f5c-894b-9d7e52af4090/datanode-1/data/ratis/8f0a970e-d70e-43ab-86f6-7e66a16c49a5: created new log segment /tmp/workdir/hadoop-ozone/integration-test/target/test-dir/MiniOzoneClusterImpl-6b58458b-4541-4f5c-894b-9d7e52af4090/datanode-1/data/ratis/8f0a970e-d70e-43ab-86f6-7e66a16c49a5/current/log_inprogress_0
2019-07-14 06:43:16,880 INFO  impl.FollowerState (FollowerState.java:run(106)) - c9000f0a-3ad4-484d-bf97-c3dc2c0e32b0:group-DF32A6BBDA7E changes to CANDIDATE, lastRpcTime:5049, electionTimeout:5049ms
2019-07-14 06:43:16,882 INFO  impl.RoleInfo (RoleInfo.java:shutdownFollowerState(121)) - c9000f0a-3ad4-484d-bf97-c3dc2c0e32b0: shutdown FollowerState
2019-07-14 06:43:16,882 INFO  impl.RaftServerImpl (RaftServerImpl.java:setRole(171)) - c9000f0a-3ad4-484d-bf97-c3dc2c0e32b0:group-DF32A6BBDA7E changes role from FOLLOWER to CANDIDATE at term 0 for changeToCandidate
2019-07-14 06:43:16,882 INFO  impl.RoleInfo (RoleInfo.java:updateAndGet(143)) - c9000f0a-3ad4-484d-bf97-c3dc2c0e32b0: start LeaderElection
2019-07-14 06:43:16,893 INFO  impl.LeaderElection (LeaderElection.java:askForVotes(181)) - c9000f0a-3ad4-484d-bf97-c3dc2c0e32b0:group-DF32A6BBDA7E:LeaderElection8: begin an election at term 1 for -1: [996fe33c-902d-44b5-825f-b25fffdd237c:192.168.5.144:35636, c9000f0a-3ad4-484d-bf97-c3dc2c0e32b0:192.168.5.144:46805, 30964336-c32a-4a27-96dd-3ce9418922e8:192.168.5.144:44873], old=null
2019-07-14 06:43:16,924 INFO  impl.RaftServerImpl (RaftServerImpl.java:setRole(171)) - 30964336-c32a-4a27-96dd-3ce9418922e8:group-DF32A6BBDA7E changes role from FOLLOWER to FOLLOWER at term 1 for recognizeCandidate:c9000f0a-3ad4-484d-bf97-c3dc2c0e32b0
2019-07-14 06:43:16,924 INFO  impl.RaftServerImpl (RaftServerImpl.java:setRole(171)) - 996fe33c-902d-44b5-825f-b25fffdd237c:group-DF32A6BBDA7E changes role from FOLLOWER to FOLLOWER at term 1 for recognizeCandidate:c9000f0a-3ad4-484d-bf97-c3dc2c0e32b0
2019-07-14 06:43:16,925 INFO  impl.RoleInfo (RoleInfo.java:shutdownFollowerState(121)) - 30964336-c32a-4a27-96dd-3ce9418922e8: shutdown FollowerState
2019-07-14 06:43:16,925 INFO  impl.RoleInfo (RoleInfo.java:shutdownFollowerState(121)) - 996fe33c-902d-44b5-825f-b25fffdd237c: shutdown FollowerState
2019-07-14 06:43:16,925 INFO  impl.RoleInfo (RoleInfo.java:updateAndGet(143)) - 30964336-c32a-4a27-96dd-3ce9418922e8: start FollowerState
2019-07-14 06:43:16,925 INFO  impl.RoleInfo (RoleInfo.java:updateAndGet(143)) - 996fe33c-902d-44b5-825f-b25fffdd237c: start FollowerState
2019-07-14 06:43:16,925 INFO  impl.FollowerState (FollowerState.java:run(114)) - 996fe33c-902d-44b5-825f-b25fffdd237c: FollowerState was interrupted: java.lang.InterruptedException: sleep interrupted
2019-07-14 06:43:16,925 INFO  impl.FollowerState (FollowerState.java:run(114)) - 30964336-c32a-4a27-96dd-3ce9418922e8: FollowerState was interrupted: java.lang.InterruptedException: sleep interrupted
2019-07-14 06:43:16,960 INFO  impl.LeaderElection (LeaderElection.java:logAndReturn(56)) - c9000f0a-3ad4-484d-bf97-c3dc2c0e32b0:group-DF32A6BBDA7E:LeaderElection8: Election PASSED; received 1 response(s) [c9000f0a-3ad4-484d-bf97-c3dc2c0e32b0<-30964336-c32a-4a27-96dd-3ce9418922e8#0:OK-t1] and 0 exception(s); c9000f0a-3ad4-484d-bf97-c3dc2c0e32b0:t1, leader=null, voted=c9000f0a-3ad4-484d-bf97-c3dc2c0e32b0, raftlog=c9000f0a-3ad4-484d-bf97-c3dc2c0e32b0-SegmentedRaftLog:OPENED:c-1,f-1,i0, conf=-1: [996fe33c-902d-44b5-825f-b25fffdd237c:192.168.5.144:35636, c9000f0a-3ad4-484d-bf97-c3dc2c0e32b0:192.168.5.144:46805, 30964336-c32a-4a27-96dd-3ce9418922e8:192.168.5.144:44873], old=null
2019-07-14 06:43:16,961 INFO  impl.RoleInfo (RoleInfo.java:shutdownLeaderElection(134)) - c9000f0a-3ad4-484d-bf97-c3dc2c0e32b0: shutdown LeaderElection
2019-07-14 06:43:16,961 INFO  impl.RaftServerImpl (RaftServerImpl.java:setRole(171)) - c9000f0a-3ad4-484d-bf97-c3dc2c0e32b0:group-DF32A6BBDA7E changes role from CANDIDATE to LEADER at term 1 for changeToLeader
2019-07-14 06:43:16,961 INFO  impl.RaftServerImpl (ServerState.java:setLeader(263)) - c9000f0a-3ad4-484d-bf97-c3dc2c0e32b0:group-DF32A6BBDA7E change Leader from null to c9000f0a-3ad4-484d-bf97-c3dc2c0e32b0 at term 1 for becomeLeader, leader elected after 5144ms
2019-07-14 06:43:16,964 INFO  server.RaftServerConfigKeys (ConfUtils.java:logGet(43)) - raft.server.staging.catchup.gap = 1000 (default)
2019-07-14 06:43:16,964 INFO  server.RaftServerConfigKeys (ConfUtils.java:logGet(43)) - raft.server.rpc.sleep.time = 25ms (default)
2019-07-14 06:43:16,965 INFO  server.RaftServerConfigKeys (ConfUtils.java:logGet(43)) - raft.server.write.element-limit = 4096 (default)
2019-07-14 06:43:16,965 INFO  server.RaftServerConfigKeys (ConfUtils.java:logGet(43)) - raft.server.watch.timeout = 10s (default)
2019-07-14 06:43:16,965 INFO  server.RaftServerConfigKeys (ConfUtils.java:logGet(43)) - raft.server.watch.timeout.denomination = 1s (default)
2019-07-14 06:43:16,965 INFO  server.RaftServerConfigKeys (ConfUtils.java:logGet(43)) - raft.server.watch.element-limit = 65536 (default)
2019-07-14 06:43:16,968 INFO  server.RaftServerConfigKeys (ConfUtils.java:logGet(43)) - raft.server.log.appender.snapshot.chunk.size.max = 16MB (=16777216) (default)
2019-07-14 06:43:16,968 INFO  server.RaftServerConfigKeys (ConfUtils.java:logGet(43)) - raft.server.log.appender.buffer.byte-limit = 33554432 (custom)
2019-07-14 06:43:16,969 INFO  server.RaftServerConfigKeys (ConfUtils.java:logGet(43)) - raft.server.log.appender.buffer.element-limit = 1 (custom)
2019-07-14 06:43:16,973 INFO  grpc.GrpcConfigKeys$Server (ConfUtils.java:logGet(43)) - raft.grpc.server.leader.outstanding.appends.max = 128 (default)
2019-07-14 06:43:16,974 INFO  server.RaftServerConfigKeys (ConfUtils.java:logGet(43)) - raft.server.rpc.request.timeout = 3000ms (default)
2019-07-14 06:43:16,975 INFO  server.RaftServerConfigKeys (ConfUtils.java:logGet(43)) - raft.server.log.appender.install.snapshot.enabled = false (custom)
2019-07-14 06:43:16,975 INFO  server.RaftServerConfigKeys (ConfUtils.java:logGet(43)) - raft.server.log.appender.snapshot.chunk.size.max = 16MB (=16777216) (default)
2019-07-14 06:43:16,975 INFO  server.RaftServerConfigKeys (ConfUtils.java:logGet(43)) - raft.server.log.appender.buffer.byte-limit = 33554432 (custom)
2019-07-14 06:43:16,975 INFO  server.RaftServerConfigKeys (ConfUtils.java:logGet(43)) - raft.server.log.appender.buffer.element-limit = 1 (custom)
2019-07-14 06:43:16,975 INFO  grpc.GrpcConfigKeys$Server (ConfUtils.java:logGet(43)) - raft.grpc.server.leader.outstanding.appends.max = 128 (default)
2019-07-14 06:43:16,976 INFO  server.RaftServerConfigKeys (ConfUtils.java:logGet(43)) - raft.server.rpc.request.timeout = 3000ms (default)
2019-07-14 06:43:16,976 INFO  server.RaftServerConfigKeys (ConfUtils.java:logGet(43)) - raft.server.log.appender.install.snapshot.enabled = false (custom)
2019-07-14 06:43:16,977 INFO  impl.RoleInfo (RoleInfo.java:updateAndGet(143)) - c9000f0a-3ad4-484d-bf97-c3dc2c0e32b0: start LeaderState
2019-07-14 06:43:16,978 INFO  segmented.SegmentedRaftLogWorker (SegmentedRaftLogWorker.java:startLogSegment(380)) - c9000f0a-3ad4-484d-bf97-c3dc2c0e32b0-SegmentedRaftLogWorker:Storage Directory /tmp/workdir/hadoop-ozone/integration-test/target/test-dir/MiniOzoneClusterImpl-6b58458b-4541-4f5c-894b-9d7e52af4090/datanode-4/data/ratis/fe58368d-6af5-4ce7-87ee-df32a6bbda7e: Starting segment from index:0
2019-07-14 06:43:16,978 INFO  impl.RaftServerImpl (ServerState.java:setRaftConf(361)) - c9000f0a-3ad4-484d-bf97-c3dc2c0e32b0:group-DF32A6BBDA7E set configuration 0: [996fe33c-902d-44b5-825f-b25fffdd237c:192.168.5.144:35636, c9000f0a-3ad4-484d-bf97-c3dc2c0e32b0:192.168.5.144:46805, 30964336-c32a-4a27-96dd-3ce9418922e8:192.168.5.144:44873], old=null at 0
2019-07-14 06:43:16,999 INFO  impl.FollowerState (FollowerState.java:run(106)) - 3a684e4c-bc76-4e58-93e9-4c7b93103987:group-5E6FDAD72739 changes to CANDIDATE, lastRpcTime:5063, electionTimeout:5061ms
2019-07-14 06:43:17,001 INFO  impl.RoleInfo (RoleInfo.java:shutdownFollowerState(121)) - 3a684e4c-bc76-4e58-93e9-4c7b93103987: shutdown FollowerState
2019-07-14 06:43:17,001 INFO  impl.RaftServerImpl (RaftServerImpl.java:setRole(171)) - 3a684e4c-bc76-4e58-93e9-4c7b93103987:group-5E6FDAD72739 changes role from FOLLOWER to CANDIDATE at term 0 for changeToCandidate
2019-07-14 06:43:17,001 INFO  impl.RoleInfo (RoleInfo.java:updateAndGet(143)) - 3a684e4c-bc76-4e58-93e9-4c7b93103987: start LeaderElection
2019-07-14 06:43:17,005 INFO  segmented.SegmentedRaftLogWorker (SegmentedRaftLogWorker.java:execute(569)) - c9000f0a-3ad4-484d-bf97-c3dc2c0e32b0-SegmentedRaftLogWorker:Storage Directory /tmp/workdir/hadoop-ozone/integration-test/target/test-dir/MiniOzoneClusterImpl-6b58458b-4541-4f5c-894b-9d7e52af4090/datanode-4/data/ratis/fe58368d-6af5-4ce7-87ee-df32a6bbda7e: created new log segment /tmp/workdir/hadoop-ozone/integration-test/target/test-dir/MiniOzoneClusterImpl-6b58458b-4541-4f5c-894b-9d7e52af4090/datanode-4/data/ratis/fe58368d-6af5-4ce7-87ee-df32a6bbda7e/current/log_inprogress_0
2019-07-14 06:43:17,009 INFO  impl.LeaderElection (LeaderElection.java:askForVotes(181)) - 3a684e4c-bc76-4e58-93e9-4c7b93103987:group-5E6FDAD72739:LeaderElection9: begin an election at term 1 for -1: [b5751b22-fb3a-4285-b61c-2ee1ccb5b2eb:192.168.5.144:34534, 3a684e4c-bc76-4e58-93e9-4c7b93103987:192.168.5.144:46769, d3f65906-3b2c-4090-a46a-ce7eb89ef6ea:192.168.5.144:40488], old=null
2019-07-14 06:43:17,015 INFO  impl.RaftServerImpl (ServerState.java:setLeader(263)) - 996fe33c-902d-44b5-825f-b25fffdd237c:group-DF32A6BBDA7E change Leader from null to c9000f0a-3ad4-484d-bf97-c3dc2c0e32b0 at term 1 for appendEntries, leader elected after 5198ms
2019-07-14 06:43:17,022 INFO  impl.RaftServerImpl (ServerState.java:setLeader(263)) - 30964336-c32a-4a27-96dd-3ce9418922e8:group-DF32A6BBDA7E change Leader from null to c9000f0a-3ad4-484d-bf97-c3dc2c0e32b0 at term 1 for appendEntries, leader elected after 5204ms
2019-07-14 06:43:17,023 INFO  impl.FollowerState (FollowerState.java:run(106)) - b5751b22-fb3a-4285-b61c-2ee1ccb5b2eb:group-5E6FDAD72739 changes to CANDIDATE, lastRpcTime:5095, electionTimeout:5095ms
2019-07-14 06:43:17,025 INFO  impl.RoleInfo (RoleInfo.java:shutdownFollowerState(121)) - b5751b22-fb3a-4285-b61c-2ee1ccb5b2eb: shutdown FollowerState
2019-07-14 06:43:17,025 INFO  impl.RaftServerImpl (RaftServerImpl.java:setRole(171)) - b5751b22-fb3a-4285-b61c-2ee1ccb5b2eb:group-5E6FDAD72739 changes role from FOLLOWER to CANDIDATE at term 0 for changeToCandidate
2019-07-14 06:43:17,025 INFO  impl.RoleInfo (RoleInfo.java:updateAndGet(143)) - b5751b22-fb3a-4285-b61c-2ee1ccb5b2eb: start LeaderElection
2019-07-14 06:43:17,035 INFO  impl.LeaderElection (LeaderElection.java:askForVotes(181)) - b5751b22-fb3a-4285-b61c-2ee1ccb5b2eb:group-5E6FDAD72739:LeaderElection10: begin an election at term 1 for -1: [b5751b22-fb3a-4285-b61c-2ee1ccb5b2eb:192.168.5.144:34534, 3a684e4c-bc76-4e58-93e9-4c7b93103987:192.168.5.144:46769, d3f65906-3b2c-4090-a46a-ce7eb89ef6ea:192.168.5.144:40488], old=null
2019-07-14 06:43:17,045 INFO  impl.RaftServerImpl (RaftServerImpl.java:setRole(171)) - d3f65906-3b2c-4090-a46a-ce7eb89ef6ea:group-5E6FDAD72739 changes role from FOLLOWER to FOLLOWER at term 1 for recognizeCandidate:3a684e4c-bc76-4e58-93e9-4c7b93103987
2019-07-14 06:43:17,045 INFO  impl.RoleInfo (RoleInfo.java:shutdownFollowerState(121)) - d3f65906-3b2c-4090-a46a-ce7eb89ef6ea: shutdown FollowerState
2019-07-14 06:43:17,048 INFO  impl.RoleInfo (RoleInfo.java:updateAndGet(143)) - d3f65906-3b2c-4090-a46a-ce7eb89ef6ea: start FollowerState
2019-07-14 06:43:17,048 INFO  impl.FollowerState (FollowerState.java:run(114)) - d3f65906-3b2c-4090-a46a-ce7eb89ef6ea: FollowerState was interrupted: java.lang.InterruptedException: sleep interrupted
2019-07-14 06:43:17,071 INFO  impl.LeaderElection (LeaderElection.java:logAndReturn(56)) - 3a684e4c-bc76-4e58-93e9-4c7b93103987:group-5E6FDAD72739:LeaderElection9: Election PASSED; received 2 response(s) [3a684e4c-bc76-4e58-93e9-4c7b93103987<-b5751b22-fb3a-4285-b61c-2ee1ccb5b2eb#0:FAIL-t1, 3a684e4c-bc76-4e58-93e9-4c7b93103987<-d3f65906-3b2c-4090-a46a-ce7eb89ef6ea#0:OK-t1] and 0 exception(s); 3a684e4c-bc76-4e58-93e9-4c7b93103987:t1, leader=null, voted=3a684e4c-bc76-4e58-93e9-4c7b93103987, raftlog=3a684e4c-bc76-4e58-93e9-4c7b93103987-SegmentedRaftLog:OPENED:c-1,f-1,i0, conf=-1: [b5751b22-fb3a-4285-b61c-2ee1ccb5b2eb:192.168.5.144:34534, 3a684e4c-bc76-4e58-93e9-4c7b93103987:192.168.5.144:46769, d3f65906-3b2c-4090-a46a-ce7eb89ef6ea:192.168.5.144:40488], old=null
2019-07-14 06:43:17,071 INFO  impl.RoleInfo (RoleInfo.java:shutdownLeaderElection(134)) - 3a684e4c-bc76-4e58-93e9-4c7b93103987: shutdown LeaderElection
2019-07-14 06:43:17,074 INFO  impl.RaftServerImpl (RaftServerImpl.java:setRole(171)) - 3a684e4c-bc76-4e58-93e9-4c7b93103987:group-5E6FDAD72739 changes role from CANDIDATE to LEADER at term 1 for changeToLeader
2019-07-14 06:43:17,074 INFO  impl.LeaderElection (LeaderElection.java:logAndReturn(56)) - b5751b22-fb3a-4285-b61c-2ee1ccb5b2eb:group-5E6FDAD72739:LeaderElection10: Election REJECTED; received 2 response(s) [b5751b22-fb3a-4285-b61c-2ee1ccb5b2eb<-3a684e4c-bc76-4e58-93e9-4c7b93103987#0:FAIL-t1, b5751b22-fb3a-4285-b61c-2ee1ccb5b2eb<-d3f65906-3b2c-4090-a46a-ce7eb89ef6ea#0:FAIL-t1] and 0 exception(s); b5751b22-fb3a-4285-b61c-2ee1ccb5b2eb:t1, leader=null, voted=b5751b22-fb3a-4285-b61c-2ee1ccb5b2eb, raftlog=b5751b22-fb3a-4285-b61c-2ee1ccb5b2eb-SegmentedRaftLog:OPENED:c-1,f-1,i0, conf=-1: [b5751b22-fb3a-4285-b61c-2ee1ccb5b2eb:192.168.5.144:34534, 3a684e4c-bc76-4e58-93e9-4c7b93103987:192.168.5.144:46769, d3f65906-3b2c-4090-a46a-ce7eb89ef6ea:192.168.5.144:40488], old=null
2019-07-14 06:43:17,074 INFO  impl.RaftServerImpl (ServerState.java:setLeader(263)) - 3a684e4c-bc76-4e58-93e9-4c7b93103987:group-5E6FDAD72739 change Leader from null to 3a684e4c-bc76-4e58-93e9-4c7b93103987 at term 1 for becomeLeader, leader elected after 5157ms
2019-07-14 06:43:17,076 INFO  impl.RaftServerImpl (RaftServerImpl.java:setRole(171)) - b5751b22-fb3a-4285-b61c-2ee1ccb5b2eb:group-5E6FDAD72739 changes role from CANDIDATE to FOLLOWER at term 1 for DISCOVERED_A_NEW_TERM
2019-07-14 06:43:17,077 INFO  server.RaftServerConfigKeys (ConfUtils.java:logGet(43)) - raft.server.staging.catchup.gap = 1000 (default)
2019-07-14 06:43:17,078 INFO  impl.RoleInfo (RoleInfo.java:shutdownLeaderElection(134)) - b5751b22-fb3a-4285-b61c-2ee1ccb5b2eb: shutdown LeaderElection
2019-07-14 06:43:17,080 INFO  server.RaftServerConfigKeys (ConfUtils.java:logGet(43)) - raft.server.rpc.sleep.time = 25ms (default)
2019-07-14 06:43:17,080 INFO  impl.RoleInfo (RoleInfo.java:updateAndGet(143)) - b5751b22-fb3a-4285-b61c-2ee1ccb5b2eb: start FollowerState
2019-07-14 06:43:17,080 INFO  server.RaftServerConfigKeys (ConfUtils.java:logGet(43)) - raft.server.write.element-limit = 4096 (default)
2019-07-14 06:43:17,082 INFO  server.RaftServerConfigKeys (ConfUtils.java:logGet(43)) - raft.server.watch.timeout = 10s (default)
2019-07-14 06:43:17,082 INFO  server.RaftServerConfigKeys (ConfUtils.java:logGet(43)) - raft.server.watch.timeout.denomination = 1s (default)
2019-07-14 06:43:17,082 INFO  server.RaftServerConfigKeys (ConfUtils.java:logGet(43)) - raft.server.watch.element-limit = 65536 (default)
2019-07-14 06:43:17,082 INFO  server.RaftServerConfigKeys (ConfUtils.java:logGet(43)) - raft.server.log.appender.snapshot.chunk.size.max = 16MB (=16777216) (default)
2019-07-14 06:43:17,083 INFO  server.RaftServerConfigKeys (ConfUtils.java:logGet(43)) - raft.server.log.appender.buffer.byte-limit = 33554432 (custom)
2019-07-14 06:43:17,083 INFO  server.RaftServerConfigKeys (ConfUtils.java:logGet(43)) - raft.server.log.appender.buffer.element-limit = 1 (custom)
2019-07-14 06:43:17,083 INFO  grpc.GrpcConfigKeys$Server (ConfUtils.java:logGet(43)) - raft.grpc.server.leader.outstanding.appends.max = 128 (default)
2019-07-14 06:43:17,083 INFO  server.RaftServerConfigKeys (ConfUtils.java:logGet(43)) - raft.server.rpc.request.timeout = 3000ms (default)
2019-07-14 06:43:17,084 INFO  server.RaftServerConfigKeys (ConfUtils.java:logGet(43)) - raft.server.log.appender.install.snapshot.enabled = false (custom)
2019-07-14 06:43:17,084 INFO  server.RaftServerConfigKeys (ConfUtils.java:logGet(43)) - raft.server.log.appender.snapshot.chunk.size.max = 16MB (=16777216) (default)
2019-07-14 06:43:17,084 INFO  server.RaftServerConfigKeys (ConfUtils.java:logGet(43)) - raft.server.log.appender.buffer.byte-limit = 33554432 (custom)
2019-07-14 06:43:17,084 INFO  server.RaftServerConfigKeys (ConfUtils.java:logGet(43)) - raft.server.log.appender.buffer.element-limit = 1 (custom)
2019-07-14 06:43:17,084 INFO  grpc.GrpcConfigKeys$Server (ConfUtils.java:logGet(43)) - raft.grpc.server.leader.outstanding.appends.max = 128 (default)
2019-07-14 06:43:17,085 INFO  server.RaftServerConfigKeys (ConfUtils.java:logGet(43)) - raft.server.rpc.request.timeout = 3000ms (default)
2019-07-14 06:43:17,085 INFO  server.RaftServerConfigKeys (ConfUtils.java:logGet(43)) - raft.server.log.appender.install.snapshot.enabled = false (custom)
2019-07-14 06:43:17,085 INFO  impl.RoleInfo (RoleInfo.java:updateAndGet(143)) - 3a684e4c-bc76-4e58-93e9-4c7b93103987: start LeaderState
2019-07-14 06:43:17,085 INFO  segmented.SegmentedRaftLogWorker (SegmentedRaftLogWorker.java:startLogSegment(380)) - 3a684e4c-bc76-4e58-93e9-4c7b93103987-SegmentedRaftLogWorker:Storage Directory /tmp/workdir/hadoop-ozone/integration-test/target/test-dir/MiniOzoneClusterImpl-6b58458b-4541-4f5c-894b-9d7e52af4090/datanode-1/data/ratis/d97c3987-3a87-487f-95fd-5e6fdad72739: Starting segment from index:0
2019-07-14 06:43:17,086 INFO  impl.RaftServerImpl (ServerState.java:setRaftConf(361)) - 996fe33c-902d-44b5-825f-b25fffdd237c:group-DF32A6BBDA7E set configuration 0: [996fe33c-902d-44b5-825f-b25fffdd237c:192.168.5.144:35636, c9000f0a-3ad4-484d-bf97-c3dc2c0e32b0:192.168.5.144:46805, 30964336-c32a-4a27-96dd-3ce9418922e8:192.168.5.144:44873], old=null at 0
2019-07-14 06:43:17,086 INFO  impl.RaftServerImpl (ServerState.java:setRaftConf(361)) - 30964336-c32a-4a27-96dd-3ce9418922e8:group-DF32A6BBDA7E set configuration 0: [996fe33c-902d-44b5-825f-b25fffdd237c:192.168.5.144:35636, c9000f0a-3ad4-484d-bf97-c3dc2c0e32b0:192.168.5.144:46805, 30964336-c32a-4a27-96dd-3ce9418922e8:192.168.5.144:44873], old=null at 0
2019-07-14 06:43:17,086 INFO  segmented.SegmentedRaftLogWorker (SegmentedRaftLogWorker.java:startLogSegment(380)) - 996fe33c-902d-44b5-825f-b25fffdd237c-SegmentedRaftLogWorker:Storage Directory /tmp/workdir/hadoop-ozone/integration-test/target/test-dir/MiniOzoneClusterImpl-6b58458b-4541-4f5c-894b-9d7e52af4090/datanode-0/data/ratis/fe58368d-6af5-4ce7-87ee-df32a6bbda7e: Starting segment from index:0
2019-07-14 06:43:17,086 INFO  impl.RaftServerImpl (ServerState.java:setRaftConf(361)) - 3a684e4c-bc76-4e58-93e9-4c7b93103987:group-5E6FDAD72739 set configuration 0: [b5751b22-fb3a-4285-b61c-2ee1ccb5b2eb:192.168.5.144:34534, 3a684e4c-bc76-4e58-93e9-4c7b93103987:192.168.5.144:46769, d3f65906-3b2c-4090-a46a-ce7eb89ef6ea:192.168.5.144:40488], old=null at 0
2019-07-14 06:43:17,086 INFO  segmented.SegmentedRaftLogWorker (SegmentedRaftLogWorker.java:startLogSegment(380)) - 30964336-c32a-4a27-96dd-3ce9418922e8-SegmentedRaftLogWorker:Storage Directory /tmp/workdir/hadoop-ozone/integration-test/target/test-dir/MiniOzoneClusterImpl-6b58458b-4541-4f5c-894b-9d7e52af4090/datanode-3/data/ratis/fe58368d-6af5-4ce7-87ee-df32a6bbda7e: Starting segment from index:0
2019-07-14 06:43:17,107 INFO  impl.RaftServerImpl (ServerState.java:setLeader(263)) - b5751b22-fb3a-4285-b61c-2ee1ccb5b2eb:group-5E6FDAD72739 change Leader from null to 3a684e4c-bc76-4e58-93e9-4c7b93103987 at term 1 for appendEntries, leader elected after 5191ms
2019-07-14 06:43:17,108 INFO  impl.RaftServerImpl (ServerState.java:setLeader(263)) - d3f65906-3b2c-4090-a46a-ce7eb89ef6ea:group-5E6FDAD72739 change Leader from null to 3a684e4c-bc76-4e58-93e9-4c7b93103987 at term 1 for appendEntries, leader elected after 5191ms
2019-07-14 06:43:17,113 INFO  impl.RaftServerImpl (ServerState.java:setRaftConf(361)) - b5751b22-fb3a-4285-b61c-2ee1ccb5b2eb:group-5E6FDAD72739 set configuration 0: [b5751b22-fb3a-4285-b61c-2ee1ccb5b2eb:192.168.5.144:34534, 3a684e4c-bc76-4e58-93e9-4c7b93103987:192.168.5.144:46769, d3f65906-3b2c-4090-a46a-ce7eb89ef6ea:192.168.5.144:40488], old=null at 0
2019-07-14 06:43:17,114 INFO  segmented.SegmentedRaftLogWorker (SegmentedRaftLogWorker.java:startLogSegment(380)) - b5751b22-fb3a-4285-b61c-2ee1ccb5b2eb-SegmentedRaftLogWorker:Storage Directory /tmp/workdir/hadoop-ozone/integration-test/target/test-dir/MiniOzoneClusterImpl-6b58458b-4541-4f5c-894b-9d7e52af4090/datanode-5/data/ratis/d97c3987-3a87-487f-95fd-5e6fdad72739: Starting segment from index:0
2019-07-14 06:43:17,114 INFO  segmented.SegmentedRaftLogWorker (SegmentedRaftLogWorker.java:execute(569)) - 3a684e4c-bc76-4e58-93e9-4c7b93103987-SegmentedRaftLogWorker:Storage Directory /tmp/workdir/hadoop-ozone/integration-test/target/test-dir/MiniOzoneClusterImpl-6b58458b-4541-4f5c-894b-9d7e52af4090/datanode-1/data/ratis/d97c3987-3a87-487f-95fd-5e6fdad72739: created new log segment /tmp/workdir/hadoop-ozone/integration-test/target/test-dir/MiniOzoneClusterImpl-6b58458b-4541-4f5c-894b-9d7e52af4090/datanode-1/data/ratis/d97c3987-3a87-487f-95fd-5e6fdad72739/current/log_inprogress_0
2019-07-14 06:43:17,114 INFO  impl.RaftServerImpl (ServerState.java:setRaftConf(361)) - d3f65906-3b2c-4090-a46a-ce7eb89ef6ea:group-5E6FDAD72739 set configuration 0: [b5751b22-fb3a-4285-b61c-2ee1ccb5b2eb:192.168.5.144:34534, 3a684e4c-bc76-4e58-93e9-4c7b93103987:192.168.5.144:46769, d3f65906-3b2c-4090-a46a-ce7eb89ef6ea:192.168.5.144:40488], old=null at 0
2019-07-14 06:43:17,115 INFO  segmented.SegmentedRaftLogWorker (SegmentedRaftLogWorker.java:startLogSegment(380)) - d3f65906-3b2c-4090-a46a-ce7eb89ef6ea-SegmentedRaftLogWorker:Storage Directory /tmp/workdir/hadoop-ozone/integration-test/target/test-dir/MiniOzoneClusterImpl-6b58458b-4541-4f5c-894b-9d7e52af4090/datanode-2/data/ratis/d97c3987-3a87-487f-95fd-5e6fdad72739: Starting segment from index:0
2019-07-14 06:43:17,127 INFO  segmented.SegmentedRaftLogWorker (SegmentedRaftLogWorker.java:execute(569)) - 996fe33c-902d-44b5-825f-b25fffdd237c-SegmentedRaftLogWorker:Storage Directory /tmp/workdir/hadoop-ozone/integration-test/target/test-dir/MiniOzoneClusterImpl-6b58458b-4541-4f5c-894b-9d7e52af4090/datanode-0/data/ratis/fe58368d-6af5-4ce7-87ee-df32a6bbda7e: created new log segment /tmp/workdir/hadoop-ozone/integration-test/target/test-dir/MiniOzoneClusterImpl-6b58458b-4541-4f5c-894b-9d7e52af4090/datanode-0/data/ratis/fe58368d-6af5-4ce7-87ee-df32a6bbda7e/current/log_inprogress_0
2019-07-14 06:43:17,127 INFO  segmented.SegmentedRaftLogWorker (SegmentedRaftLogWorker.java:execute(569)) - 30964336-c32a-4a27-96dd-3ce9418922e8-SegmentedRaftLogWorker:Storage Directory /tmp/workdir/hadoop-ozone/integration-test/target/test-dir/MiniOzoneClusterImpl-6b58458b-4541-4f5c-894b-9d7e52af4090/datanode-3/data/ratis/fe58368d-6af5-4ce7-87ee-df32a6bbda7e: created new log segment /tmp/workdir/hadoop-ozone/integration-test/target/test-dir/MiniOzoneClusterImpl-6b58458b-4541-4f5c-894b-9d7e52af4090/datanode-3/data/ratis/fe58368d-6af5-4ce7-87ee-df32a6bbda7e/current/log_inprogress_0
2019-07-14 06:43:17,139 INFO  segmented.SegmentedRaftLogWorker (SegmentedRaftLogWorker.java:execute(569)) - b5751b22-fb3a-4285-b61c-2ee1ccb5b2eb-SegmentedRaftLogWorker:Storage Directory /tmp/workdir/hadoop-ozone/integration-test/target/test-dir/MiniOzoneClusterImpl-6b58458b-4541-4f5c-894b-9d7e52af4090/datanode-5/data/ratis/d97c3987-3a87-487f-95fd-5e6fdad72739: created new log segment /tmp/workdir/hadoop-ozone/integration-test/target/test-dir/MiniOzoneClusterImpl-6b58458b-4541-4f5c-894b-9d7e52af4090/datanode-5/data/ratis/d97c3987-3a87-487f-95fd-5e6fdad72739/current/log_inprogress_0
2019-07-14 06:43:17,139 INFO  segmented.SegmentedRaftLogWorker (SegmentedRaftLogWorker.java:execute(569)) - d3f65906-3b2c-4090-a46a-ce7eb89ef6ea-SegmentedRaftLogWorker:Storage Directory /tmp/workdir/hadoop-ozone/integration-test/target/test-dir/MiniOzoneClusterImpl-6b58458b-4541-4f5c-894b-9d7e52af4090/datanode-2/data/ratis/d97c3987-3a87-487f-95fd-5e6fdad72739: created new log segment /tmp/workdir/hadoop-ozone/integration-test/target/test-dir/MiniOzoneClusterImpl-6b58458b-4541-4f5c-894b-9d7e52af4090/datanode-2/data/ratis/d97c3987-3a87-487f-95fd-5e6fdad72739/current/log_inprogress_0
2019-07-14 06:43:17,609 INFO  client.GrpcClientProtocolClient (GrpcClientProtocolClient.java:onNext(255)) - client-FBF8FFDD50DB->d3f65906-3b2c-4090-a46a-ce7eb89ef6ea: receive RaftClientReply:client-FBF8FFDD50DB->d3f65906-3b2c-4090-a46a-ce7eb89ef6ea@group-5E6FDAD72739, cid=13, FAILED org.apache.ratis.protocol.NotLeaderException: Server d3f65906-3b2c-4090-a46a-ce7eb89ef6ea is not the leader (3a684e4c-bc76-4e58-93e9-4c7b93103987:192.168.5.144:46769). Request must be sent to leader., logIndex=0, commits[d3f65906-3b2c-4090-a46a-ce7eb89ef6ea:c-1, b5751b22-fb3a-4285-b61c-2ee1ccb5b2eb:c-1, 3a684e4c-bc76-4e58-93e9-4c7b93103987:c-1]
2019-07-14 06:43:17,828 INFO  client.GrpcClientProtocolClient (GrpcClientProtocolClient.java:onNext(255)) - client-FBF8FFDD50DB->3a684e4c-bc76-4e58-93e9-4c7b93103987: receive RaftClientReply:client-FBF8FFDD50DB->3a684e4c-bc76-4e58-93e9-4c7b93103987@group-5E6FDAD72739, cid=13, SUCCESS, logIndex=1, commits[3a684e4c-bc76-4e58-93e9-4c7b93103987:c1, b5751b22-fb3a-4285-b61c-2ee1ccb5b2eb:c0, d3f65906-3b2c-4090-a46a-ce7eb89ef6ea:c0]
2019-07-14 06:43:17,908 INFO  client.GrpcClientProtocolClient (GrpcClientProtocolClient.java:onNext(255)) - client-FBF8FFDD50DB->3a684e4c-bc76-4e58-93e9-4c7b93103987: receive RaftClientReply:client-FBF8FFDD50DB->3a684e4c-bc76-4e58-93e9-4c7b93103987@group-5E6FDAD72739, cid=14, SUCCESS, logIndex=3, commits[3a684e4c-bc76-4e58-93e9-4c7b93103987:c4, b5751b22-fb3a-4285-b61c-2ee1ccb5b2eb:c3, d3f65906-3b2c-4090-a46a-ce7eb89ef6ea:c3]
2019-07-14 06:43:17,913 INFO  container.CloseContainerEventHandler (CloseContainerEventHandler.java:onMessage(61)) - Close container Event triggered for container : #1
2019-07-14 06:43:17,918 INFO  container.CloseContainerEventHandler (CloseContainerEventHandler.java:onMessage(61)) - Close container Event triggered for container : #1
2019-07-14 06:43:17,918 INFO  container.CloseContainerEventHandler (CloseContainerEventHandler.java:onMessage(61)) - Close container Event triggered for container : #1
2019-07-14 06:43:19,538 INFO  interfaces.Container (KeyValueContainer.java:compactDB(356)) - Container 1 is closed with bcsId 3.
2019-07-14 06:43:19,554 INFO  interfaces.Container (KeyValueContainer.java:compactDB(356)) - Container 1 is closed with bcsId 3.
2019-07-14 06:43:19,554 INFO  interfaces.Container (KeyValueContainer.java:compactDB(356)) - Container 1 is closed with bcsId 3.
06:43:19.931 [grpc-default-executor-2] ERROR DNAudit - user=null | ip=null | op=WRITE_CHUNK {blockData=conID: 1 locID: 102438442911531009 bcsId: 3} | ret=FAILURE
org.apache.hadoop.hdds.scm.container.common.helpers.ContainerNotOpenException: Container 1 in CLOSED state
	at org.apache.hadoop.ozone.container.common.impl.HddsDispatcher.validateContainerCommand(HddsDispatcher.java:408) ~[hadoop-hdds-container-service-0.5.0-SNAPSHOT.jar:?]
	at org.apache.hadoop.ozone.container.common.transport.server.ratis.ContainerStateMachine.startTransaction(ContainerStateMachine.java:272) ~[hadoop-hdds-container-service-0.5.0-SNAPSHOT.jar:?]
	at org.apache.ratis.server.impl.RaftServerImpl.submitClientRequestAsync(RaftServerImpl.java:566) ~[ratis-server-0.4.0-2337318-SNAPSHOT.jar:0.4.0-2337318-SNAPSHOT]
	at org.apache.ratis.server.impl.RaftServerProxy.lambda$submitClientRequestAsync$7(RaftServerProxy.java:333) ~[ratis-server-0.4.0-2337318-SNAPSHOT.jar:0.4.0-2337318-SNAPSHOT]
	at org.apache.ratis.server.impl.RaftServerProxy.lambda$null$5(RaftServerProxy.java:328) ~[ratis-server-0.4.0-2337318-SNAPSHOT.jar:0.4.0-2337318-SNAPSHOT]
	at org.apache.ratis.util.JavaUtils.callAsUnchecked(JavaUtils.java:109) ~[ratis-common-0.4.0-2337318-SNAPSHOT.jar:0.4.0-2337318-SNAPSHOT]
	at org.apache.ratis.server.impl.RaftServerProxy.lambda$submitRequest$6(RaftServerProxy.java:328) ~[ratis-server-0.4.0-2337318-SNAPSHOT.jar:0.4.0-2337318-SNAPSHOT]
	at java.util.concurrent.CompletableFuture.uniComposeStage(CompletableFuture.java:981) ~[?:1.8.0_212]
	at java.util.concurrent.CompletableFuture.thenCompose(CompletableFuture.java:2124) ~[?:1.8.0_212]
	at org.apache.ratis.server.impl.RaftServerProxy.submitRequest(RaftServerProxy.java:327) ~[ratis-server-0.4.0-2337318-SNAPSHOT.jar:0.4.0-2337318-SNAPSHOT]
	at org.apache.ratis.server.impl.RaftServerProxy.submitClientRequestAsync(RaftServerProxy.java:333) ~[ratis-server-0.4.0-2337318-SNAPSHOT.jar:0.4.0-2337318-SNAPSHOT]
	at org.apache.ratis.grpc.client.GrpcClientProtocolService$RequestStreamObserver.processClientRequest(GrpcClientProtocolService.java:220) ~[ratis-grpc-0.4.0-2337318-SNAPSHOT.jar:0.4.0-2337318-SNAPSHOT]
	at org.apache.ratis.grpc.client.GrpcClientProtocolService$OrderedRequestStreamObserver.processClientRequest(GrpcClientProtocolService.java:326) ~[ratis-grpc-0.4.0-2337318-SNAPSHOT.jar:0.4.0-2337318-SNAPSHOT]
	at org.apache.ratis.util.SlidingWindow$Server.processRequestsFromHead(SlidingWindow.java:429) [ratis-common-0.4.0-2337318-SNAPSHOT.jar:0.4.0-2337318-SNAPSHOT]
	at org.apache.ratis.util.SlidingWindow$Server.receivedRequest(SlidingWindow.java:421) [ratis-common-0.4.0-2337318-SNAPSHOT.jar:0.4.0-2337318-SNAPSHOT]
	at org.apache.ratis.grpc.client.GrpcClientProtocolService$OrderedRequestStreamObserver.processClientRequest(GrpcClientProtocolService.java:345) [ratis-grpc-0.4.0-2337318-SNAPSHOT.jar:0.4.0-2337318-SNAPSHOT]
	at org.apache.ratis.grpc.client.GrpcClientProtocolService$RequestStreamObserver.onNext(GrpcClientProtocolService.java:240) [ratis-grpc-0.4.0-2337318-SNAPSHOT.jar:0.4.0-2337318-SNAPSHOT]
	at org.apache.ratis.grpc.client.GrpcClientProtocolService$RequestStreamObserver.onNext(GrpcClientProtocolService.java:168) [ratis-grpc-0.4.0-2337318-SNAPSHOT.jar:0.4.0-2337318-SNAPSHOT]
	at org.apache.ratis.thirdparty.io.grpc.stub.ServerCalls$StreamingServerCallHandler$StreamingServerCallListener.onMessage(ServerCalls.java:248) [ratis-thirdparty-misc-0.2.0.jar:0.2.0]
	at org.apache.ratis.thirdparty.io.grpc.internal.ServerCallImpl$ServerStreamListenerImpl.messagesAvailable(ServerCallImpl.java:263) [ratis-thirdparty-misc-0.2.0.jar:0.2.0]
	at org.apache.ratis.thirdparty.io.grpc.internal.ServerImpl$JumpToApplicationThreadServerStreamListener$1MessagesAvailable.runInContext(ServerImpl.java:686) [ratis-thirdparty-misc-0.2.0.jar:0.2.0]
	at org.apache.ratis.thirdparty.io.grpc.internal.ContextRunnable.run(ContextRunnable.java:37) [ratis-thirdparty-misc-0.2.0.jar:0.2.0]
	at org.apache.ratis.thirdparty.io.grpc.internal.SerializingExecutor.run(SerializingExecutor.java:123) [ratis-thirdparty-misc-0.2.0.jar:0.2.0]
	at java.util.concurrent.ThreadPoolExecutor.runWorker(ThreadPoolExecutor.java:1149) [?:1.8.0_212]
	at java.util.concurrent.ThreadPoolExecutor$Worker.run(ThreadPoolExecutor.java:624) [?:1.8.0_212]
	at java.lang.Thread.run(Thread.java:748) [?:1.8.0_212]
06:43:19.977 [grpc-default-executor-2] ERROR DNAudit - user=null | ip=null | op=PUT_BLOCK {blockData=[blockId=conID: 1 locID: 102438442911531009 bcsId: 0,size=2097152]} | ret=FAILURE
org.apache.hadoop.hdds.scm.container.common.helpers.ContainerNotOpenException: Container 1 in CLOSED state
	at org.apache.hadoop.ozone.container.common.impl.HddsDispatcher.validateContainerCommand(HddsDispatcher.java:408) ~[hadoop-hdds-container-service-0.5.0-SNAPSHOT.jar:?]
	at org.apache.hadoop.ozone.container.common.transport.server.ratis.ContainerStateMachine.startTransaction(ContainerStateMachine.java:272) ~[hadoop-hdds-container-service-0.5.0-SNAPSHOT.jar:?]
	at org.apache.ratis.server.impl.RaftServerImpl.submitClientRequestAsync(RaftServerImpl.java:566) ~[ratis-server-0.4.0-2337318-SNAPSHOT.jar:0.4.0-2337318-SNAPSHOT]
	at org.apache.ratis.server.impl.RaftServerProxy.lambda$submitClientRequestAsync$7(RaftServerProxy.java:333) ~[ratis-server-0.4.0-2337318-SNAPSHOT.jar:0.4.0-2337318-SNAPSHOT]
	at org.apache.ratis.server.impl.RaftServerProxy.lambda$null$5(RaftServerProxy.java:328) ~[ratis-server-0.4.0-2337318-SNAPSHOT.jar:0.4.0-2337318-SNAPSHOT]
	at org.apache.ratis.util.JavaUtils.callAsUnchecked(JavaUtils.java:109) ~[ratis-common-0.4.0-2337318-SNAPSHOT.jar:0.4.0-2337318-SNAPSHOT]
	at org.apache.ratis.server.impl.RaftServerProxy.lambda$submitRequest$6(RaftServerProxy.java:328) ~[ratis-server-0.4.0-2337318-SNAPSHOT.jar:0.4.0-2337318-SNAPSHOT]
	at java.util.concurrent.CompletableFuture.uniComposeStage(CompletableFuture.java:981) ~[?:1.8.0_212]
	at java.util.concurrent.CompletableFuture.thenCompose(CompletableFuture.java:2124) ~[?:1.8.0_212]
	at org.apache.ratis.server.impl.RaftServerProxy.submitRequest(RaftServerProxy.java:327) ~[ratis-server-0.4.0-2337318-SNAPSHOT.jar:0.4.0-2337318-SNAPSHOT]
	at org.apache.ratis.server.impl.RaftServerProxy.submitClientRequestAsync(RaftServerProxy.java:333) ~[ratis-server-0.4.0-2337318-SNAPSHOT.jar:0.4.0-2337318-SNAPSHOT]
	at org.apache.ratis.grpc.client.GrpcClientProtocolService$RequestStreamObserver.processClientRequest(GrpcClientProtocolService.java:220) ~[ratis-grpc-0.4.0-2337318-SNAPSHOT.jar:0.4.0-2337318-SNAPSHOT]
	at org.apache.ratis.grpc.client.GrpcClientProtocolService$OrderedRequestStreamObserver.processClientRequest(GrpcClientProtocolService.java:326) ~[ratis-grpc-0.4.0-2337318-SNAPSHOT.jar:0.4.0-2337318-SNAPSHOT]
	at org.apache.ratis.util.SlidingWindow$Server.processRequestsFromHead(SlidingWindow.java:429) [ratis-common-0.4.0-2337318-SNAPSHOT.jar:0.4.0-2337318-SNAPSHOT]
	at org.apache.ratis.util.SlidingWindow$Server.receivedRequest(SlidingWindow.java:421) [ratis-common-0.4.0-2337318-SNAPSHOT.jar:0.4.0-2337318-SNAPSHOT]
	at org.apache.ratis.grpc.client.GrpcClientProtocolService$OrderedRequestStreamObserver.processClientRequest(GrpcClientProtocolService.java:345) [ratis-grpc-0.4.0-2337318-SNAPSHOT.jar:0.4.0-2337318-SNAPSHOT]
	at org.apache.ratis.grpc.client.GrpcClientProtocolService$RequestStreamObserver.onNext(GrpcClientProtocolService.java:240) [ratis-grpc-0.4.0-2337318-SNAPSHOT.jar:0.4.0-2337318-SNAPSHOT]
	at org.apache.ratis.grpc.client.GrpcClientProtocolService$RequestStreamObserver.onNext(GrpcClientProtocolService.java:168) [ratis-grpc-0.4.0-2337318-SNAPSHOT.jar:0.4.0-2337318-SNAPSHOT]
	at org.apache.ratis.thirdparty.io.grpc.stub.ServerCalls$StreamingServerCallHandler$StreamingServerCallListener.onMessage(ServerCalls.java:248) [ratis-thirdparty-misc-0.2.0.jar:0.2.0]
	at org.apache.ratis.thirdparty.io.grpc.internal.ServerCallImpl$ServerStreamListenerImpl.messagesAvailable(ServerCallImpl.java:263) [ratis-thirdparty-misc-0.2.0.jar:0.2.0]
	at org.apache.ratis.thirdparty.io.grpc.internal.ServerImpl$JumpToApplicationThreadServerStreamListener$1MessagesAvailable.runInContext(ServerImpl.java:686) [ratis-thirdparty-misc-0.2.0.jar:0.2.0]
	at org.apache.ratis.thirdparty.io.grpc.internal.ContextRunnable.run(ContextRunnable.java:37) [ratis-thirdparty-misc-0.2.0.jar:0.2.0]
	at org.apache.ratis.thirdparty.io.grpc.internal.SerializingExecutor.run(SerializingExecutor.java:123) [ratis-thirdparty-misc-0.2.0.jar:0.2.0]
	at java.util.concurrent.ThreadPoolExecutor.runWorker(ThreadPoolExecutor.java:1149) [?:1.8.0_212]
	at java.util.concurrent.ThreadPoolExecutor$Worker.run(ThreadPoolExecutor.java:624) [?:1.8.0_212]
	at java.lang.Thread.run(Thread.java:748) [?:1.8.0_212]
2019-07-14 06:43:19,988 INFO  client.GrpcClientProtocolClient (GrpcClientProtocolClient.java:onNext(255)) - client-FBF8FFDD50DB->3a684e4c-bc76-4e58-93e9-4c7b93103987: receive RaftClientReply:client-FBF8FFDD50DB->3a684e4c-bc76-4e58-93e9-4c7b93103987@group-5E6FDAD72739, cid=15, FAILED org.apache.ratis.protocol.StateMachineException: org.apache.hadoop.hdds.scm.container.common.helpers.ContainerNotOpenException from Server 3a684e4c-bc76-4e58-93e9-4c7b93103987: Container 1 in CLOSED state, logIndex=0, commits[3a684e4c-bc76-4e58-93e9-4c7b93103987:c6, b5751b22-fb3a-4285-b61c-2ee1ccb5b2eb:c5, d3f65906-3b2c-4090-a46a-ce7eb89ef6ea:c5]
2019-07-14 06:43:19,991 INFO  client.GrpcClientProtocolClient (GrpcClientProtocolClient.java:onNext(255)) - client-FBF8FFDD50DB->3a684e4c-bc76-4e58-93e9-4c7b93103987: receive RaftClientReply:client-FBF8FFDD50DB->3a684e4c-bc76-4e58-93e9-4c7b93103987@group-5E6FDAD72739, cid=16, FAILED org.apache.ratis.protocol.StateMachineException: org.apache.hadoop.hdds.scm.container.common.helpers.ContainerNotOpenException from Server 3a684e4c-bc76-4e58-93e9-4c7b93103987: Container 1 in CLOSED state, logIndex=0, commits[3a684e4c-bc76-4e58-93e9-4c7b93103987:c6, b5751b22-fb3a-4285-b61c-2ee1ccb5b2eb:c5, d3f65906-3b2c-4090-a46a-ce7eb89ef6ea:c5]
2019-07-14 06:43:20,118 INFO  client.GrpcClientProtocolClient (GrpcClientProtocolClient.java:onNext(255)) - client-FBF8FFDD50DB->3a684e4c-bc76-4e58-93e9-4c7b93103987: receive RaftClientReply:client-FBF8FFDD50DB->3a684e4c-bc76-4e58-93e9-4c7b93103987@group-5E6FDAD72739, cid=17, SUCCESS, logIndex=7, commits[3a684e4c-bc76-4e58-93e9-4c7b93103987:c10, b5751b22-fb3a-4285-b61c-2ee1ccb5b2eb:c6, d3f65906-3b2c-4090-a46a-ce7eb89ef6ea:c6]
2019-07-14 06:43:20,143 INFO  client.GrpcClientProtocolClient (GrpcClientProtocolClient.java:onNext(255)) - client-FBF8FFDD50DB->3a684e4c-bc76-4e58-93e9-4c7b93103987: receive RaftClientReply:client-FBF8FFDD50DB->3a684e4c-bc76-4e58-93e9-4c7b93103987@group-5E6FDAD72739, cid=18, SUCCESS, logIndex=8, commits[3a684e4c-bc76-4e58-93e9-4c7b93103987:c12, b5751b22-fb3a-4285-b61c-2ee1ccb5b2eb:c10, d3f65906-3b2c-4090-a46a-ce7eb89ef6ea:c10]
2019-07-14 06:43:20,144 INFO  client.GrpcClientProtocolClient (GrpcClientProtocolClient.java:onNext(255)) - client-FBF8FFDD50DB->3a684e4c-bc76-4e58-93e9-4c7b93103987: receive RaftClientReply:client-FBF8FFDD50DB->3a684e4c-bc76-4e58-93e9-4c7b93103987@group-5E6FDAD72739, cid=19, SUCCESS, logIndex=9, commits[3a684e4c-bc76-4e58-93e9-4c7b93103987:c12, b5751b22-fb3a-4285-b61c-2ee1ccb5b2eb:c10, d3f65906-3b2c-4090-a46a-ce7eb89ef6ea:c10]
2019-07-14 06:43:20,206 INFO  client.GrpcClientProtocolClient (GrpcClientProtocolClient.java:onNext(255)) - client-FBF8FFDD50DB->3a684e4c-bc76-4e58-93e9-4c7b93103987: receive RaftClientReply:client-FBF8FFDD50DB->3a684e4c-bc76-4e58-93e9-4c7b93103987@group-5E6FDAD72739, cid=20, SUCCESS, logIndex=10, commits[3a684e4c-bc76-4e58-93e9-4c7b93103987:c12, b5751b22-fb3a-4285-b61c-2ee1ccb5b2eb:c10, d3f65906-3b2c-4090-a46a-ce7eb89ef6ea:c10]
2019-07-14 06:43:20,271 INFO  pipeline.Pipeline (Pipeline.java:getProtobufMessage(195)) - Serialize pipeline PipelineID=d97c3987-3a87-487f-95fd-5e6fdad72739 with nodesInOrder{ }
]]></system-out>
    <system-err><![CDATA[ERROR StatusLogger No Log4j 2 configuration file found. Using default configuration (logging only errors to the console), or user programmatically provided configurations. Set system property 'log4j2.debug' to show Log4j 2 internal initialization logging. See https://logging.apache.org/log4j/2.x/manual/configuration.html for instructions on how to configure Log4j 2
Jul 14, 2019 6:43:05 AM com.sun.jersey.server.impl.application.WebApplicationImpl _initiate
INFO: Initiating Jersey application, version 'Jersey: 1.19 02/11/2015 03:25 AM'
Jul 14, 2019 6:43:06 AM com.sun.jersey.server.impl.application.WebApplicationImpl _initiate
INFO: Initiating Jersey application, version 'Jersey: 1.19 02/11/2015 03:25 AM'
Jul 14, 2019 6:43:06 AM com.sun.jersey.server.impl.application.WebApplicationImpl _initiate
INFO: Initiating Jersey application, version 'Jersey: 1.19 02/11/2015 03:25 AM'
Jul 14, 2019 6:43:06 AM com.sun.jersey.server.impl.application.WebApplicationImpl _initiate
INFO: Initiating Jersey application, version 'Jersey: 1.19 02/11/2015 03:25 AM'
Jul 14, 2019 6:43:07 AM com.sun.jersey.server.impl.application.WebApplicationImpl _initiate
INFO: Initiating Jersey application, version 'Jersey: 1.19 02/11/2015 03:25 AM'
Jul 14, 2019 6:43:07 AM com.sun.jersey.server.impl.application.WebApplicationImpl _initiate
INFO: Initiating Jersey application, version 'Jersey: 1.19 02/11/2015 03:25 AM'
Jul 14, 2019 6:43:07 AM com.sun.jersey.server.impl.application.WebApplicationImpl _initiate
INFO: Initiating Jersey application, version 'Jersey: 1.19 02/11/2015 03:25 AM'
]]></system-err>
  </testcase>
  <testcase name="testBlockWritesWithFlushAndClose" classname="org.apache.hadoop.ozone.client.rpc.TestCloseContainerHandlingByClient" time="1.99">
    <error type="java.lang.IllegalArgumentException">java.lang.IllegalArgumentException
	at com.google.common.base.Preconditions.checkArgument(Preconditions.java:72)
	at org.apache.hadoop.hdds.scm.XceiverClientManager.acquireClient(XceiverClientManager.java:150)
	at org.apache.hadoop.hdds.scm.XceiverClientManager.acquireClientForReadData(XceiverClientManager.java:143)
	at org.apache.hadoop.hdds.scm.storage.BlockInputStream.getChunkInfos(BlockInputStream.java:154)
	at org.apache.hadoop.hdds.scm.storage.BlockInputStream.initialize(BlockInputStream.java:118)
	at org.apache.hadoop.hdds.scm.storage.BlockInputStream.read(BlockInputStream.java:222)
	at org.apache.hadoop.ozone.client.io.KeyInputStream.read(KeyInputStream.java:171)
	at org.apache.hadoop.ozone.client.io.OzoneInputStream.read(OzoneInputStream.java:47)
	at java.io.InputStream.read(InputStream.java:101)
	at org.apache.hadoop.ozone.container.ContainerTestHelper.validateData(ContainerTestHelper.java:709)
	at org.apache.hadoop.ozone.client.rpc.TestCloseContainerHandlingByClient.validateData(TestCloseContainerHandlingByClient.java:401)
	at org.apache.hadoop.ozone.client.rpc.TestCloseContainerHandlingByClient.testBlockWritesWithFlushAndClose(TestCloseContainerHandlingByClient.java:150)
	at sun.reflect.NativeMethodAccessorImpl.invoke0(Native Method)
	at sun.reflect.NativeMethodAccessorImpl.invoke(NativeMethodAccessorImpl.java:62)
	at sun.reflect.DelegatingMethodAccessorImpl.invoke(DelegatingMethodAccessorImpl.java:43)
	at java.lang.reflect.Method.invoke(Method.java:498)
	at org.junit.runners.model.FrameworkMethod$1.runReflectiveCall(FrameworkMethod.java:47)
	at org.junit.internal.runners.model.ReflectiveCallable.run(ReflectiveCallable.java:12)
	at org.junit.runners.model.FrameworkMethod.invokeExplosively(FrameworkMethod.java:44)
	at org.junit.internal.runners.statements.InvokeMethod.evaluate(InvokeMethod.java:17)
	at org.junit.runners.ParentRunner.runLeaf(ParentRunner.java:271)
	at org.junit.runners.BlockJUnit4ClassRunner.runChild(BlockJUnit4ClassRunner.java:70)
	at org.junit.runners.BlockJUnit4ClassRunner.runChild(BlockJUnit4ClassRunner.java:50)
	at org.junit.runners.ParentRunner$3.run(ParentRunner.java:238)
	at org.junit.runners.ParentRunner$1.schedule(ParentRunner.java:63)
	at org.junit.runners.ParentRunner.runChildren(ParentRunner.java:236)
	at org.junit.runners.ParentRunner.access$000(ParentRunner.java:53)
	at org.junit.runners.ParentRunner$2.evaluate(ParentRunner.java:229)
	at org.junit.internal.runners.statements.RunBefores.evaluate(RunBefores.java:26)
	at org.junit.internal.runners.statements.RunAfters.evaluate(RunAfters.java:27)
	at org.junit.runners.ParentRunner.run(ParentRunner.java:309)
	at org.apache.maven.surefire.junit4.JUnit4Provider.execute(JUnit4Provider.java:365)
	at org.apache.maven.surefire.junit4.JUnit4Provider.executeWithRerun(JUnit4Provider.java:273)
	at org.apache.maven.surefire.junit4.JUnit4Provider.executeTestSet(JUnit4Provider.java:238)
	at org.apache.maven.surefire.junit4.JUnit4Provider.invoke(JUnit4Provider.java:159)
	at org.apache.maven.surefire.booter.ForkedBooter.invokeProviderInSameClassLoader(ForkedBooter.java:384)
	at org.apache.maven.surefire.booter.ForkedBooter.runSuitesInProcess(ForkedBooter.java:345)
	at org.apache.maven.surefire.booter.ForkedBooter.execute(ForkedBooter.java:126)
	at org.apache.maven.surefire.booter.ForkedBooter.main(ForkedBooter.java:418)
</error>
    <system-out><![CDATA[2019-07-14 06:43:20,455 INFO  client.GrpcClientProtocolClient (GrpcClientProtocolClient.java:onNext(255)) - client-FBF8FFDD50DB->3a684e4c-bc76-4e58-93e9-4c7b93103987: receive RaftClientReply:client-FBF8FFDD50DB->3a684e4c-bc76-4e58-93e9-4c7b93103987@group-5E6FDAD72739, cid=21, SUCCESS, logIndex=13, commits[3a684e4c-bc76-4e58-93e9-4c7b93103987:c14, b5751b22-fb3a-4285-b61c-2ee1ccb5b2eb:c12, d3f65906-3b2c-4090-a46a-ce7eb89ef6ea:c12]
2019-07-14 06:43:20,487 INFO  client.GrpcClientProtocolClient (GrpcClientProtocolClient.java:onNext(255)) - client-FBF8FFDD50DB->3a684e4c-bc76-4e58-93e9-4c7b93103987: receive RaftClientReply:client-FBF8FFDD50DB->3a684e4c-bc76-4e58-93e9-4c7b93103987@group-5E6FDAD72739, cid=22, SUCCESS, logIndex=14, commits[3a684e4c-bc76-4e58-93e9-4c7b93103987:c16, b5751b22-fb3a-4285-b61c-2ee1ccb5b2eb:c14, d3f65906-3b2c-4090-a46a-ce7eb89ef6ea:c14]
2019-07-14 06:43:20,839 INFO  container.CloseContainerEventHandler (CloseContainerEventHandler.java:onMessage(61)) - Close container Event triggered for container : #3
2019-07-14 06:43:20,840 INFO  container.CloseContainerEventHandler (CloseContainerEventHandler.java:onMessage(61)) - Close container Event triggered for container : #3
2019-07-14 06:43:20,841 INFO  container.CloseContainerEventHandler (CloseContainerEventHandler.java:onMessage(61)) - Close container Event triggered for container : #3
2019-07-14 06:43:21,612 INFO  interfaces.Container (KeyValueContainer.java:compactDB(356)) - Container 3 is closed with bcsId 14.
2019-07-14 06:43:21,617 INFO  interfaces.Container (KeyValueContainer.java:compactDB(356)) - Container 3 is closed with bcsId 14.
2019-07-14 06:43:21,621 INFO  interfaces.Container (KeyValueContainer.java:compactDB(356)) - Container 3 is closed with bcsId 14.
06:43:21.850 [grpc-default-executor-0] ERROR DNAudit - user=null | ip=null | op=WRITE_CHUNK {blockData=conID: 3 locID: 102438443439357956 bcsId: 14} | ret=FAILURE
org.apache.hadoop.hdds.scm.container.common.helpers.ContainerNotOpenException: Container 3 in CLOSED state
	at org.apache.hadoop.ozone.container.common.impl.HddsDispatcher.validateContainerCommand(HddsDispatcher.java:408) ~[hadoop-hdds-container-service-0.5.0-SNAPSHOT.jar:?]
	at org.apache.hadoop.ozone.container.common.transport.server.ratis.ContainerStateMachine.startTransaction(ContainerStateMachine.java:272) ~[hadoop-hdds-container-service-0.5.0-SNAPSHOT.jar:?]
	at org.apache.ratis.server.impl.RaftServerImpl.submitClientRequestAsync(RaftServerImpl.java:566) ~[ratis-server-0.4.0-2337318-SNAPSHOT.jar:0.4.0-2337318-SNAPSHOT]
	at org.apache.ratis.server.impl.RaftServerProxy.lambda$submitClientRequestAsync$7(RaftServerProxy.java:333) ~[ratis-server-0.4.0-2337318-SNAPSHOT.jar:0.4.0-2337318-SNAPSHOT]
	at org.apache.ratis.server.impl.RaftServerProxy.lambda$null$5(RaftServerProxy.java:328) ~[ratis-server-0.4.0-2337318-SNAPSHOT.jar:0.4.0-2337318-SNAPSHOT]
	at org.apache.ratis.util.JavaUtils.callAsUnchecked(JavaUtils.java:109) ~[ratis-common-0.4.0-2337318-SNAPSHOT.jar:0.4.0-2337318-SNAPSHOT]
	at org.apache.ratis.server.impl.RaftServerProxy.lambda$submitRequest$6(RaftServerProxy.java:328) ~[ratis-server-0.4.0-2337318-SNAPSHOT.jar:0.4.0-2337318-SNAPSHOT]
	at java.util.concurrent.CompletableFuture.uniComposeStage(CompletableFuture.java:981) ~[?:1.8.0_212]
	at java.util.concurrent.CompletableFuture.thenCompose(CompletableFuture.java:2124) ~[?:1.8.0_212]
	at org.apache.ratis.server.impl.RaftServerProxy.submitRequest(RaftServerProxy.java:327) ~[ratis-server-0.4.0-2337318-SNAPSHOT.jar:0.4.0-2337318-SNAPSHOT]
	at org.apache.ratis.server.impl.RaftServerProxy.submitClientRequestAsync(RaftServerProxy.java:333) ~[ratis-server-0.4.0-2337318-SNAPSHOT.jar:0.4.0-2337318-SNAPSHOT]
	at org.apache.ratis.grpc.client.GrpcClientProtocolService$RequestStreamObserver.processClientRequest(GrpcClientProtocolService.java:220) ~[ratis-grpc-0.4.0-2337318-SNAPSHOT.jar:0.4.0-2337318-SNAPSHOT]
	at org.apache.ratis.grpc.client.GrpcClientProtocolService$OrderedRequestStreamObserver.processClientRequest(GrpcClientProtocolService.java:326) ~[ratis-grpc-0.4.0-2337318-SNAPSHOT.jar:0.4.0-2337318-SNAPSHOT]
	at org.apache.ratis.util.SlidingWindow$Server.processRequestsFromHead(SlidingWindow.java:429) [ratis-common-0.4.0-2337318-SNAPSHOT.jar:0.4.0-2337318-SNAPSHOT]
	at org.apache.ratis.util.SlidingWindow$Server.receivedRequest(SlidingWindow.java:421) [ratis-common-0.4.0-2337318-SNAPSHOT.jar:0.4.0-2337318-SNAPSHOT]
	at org.apache.ratis.grpc.client.GrpcClientProtocolService$OrderedRequestStreamObserver.processClientRequest(GrpcClientProtocolService.java:345) [ratis-grpc-0.4.0-2337318-SNAPSHOT.jar:0.4.0-2337318-SNAPSHOT]
	at org.apache.ratis.grpc.client.GrpcClientProtocolService$RequestStreamObserver.onNext(GrpcClientProtocolService.java:240) [ratis-grpc-0.4.0-2337318-SNAPSHOT.jar:0.4.0-2337318-SNAPSHOT]
	at org.apache.ratis.grpc.client.GrpcClientProtocolService$RequestStreamObserver.onNext(GrpcClientProtocolService.java:168) [ratis-grpc-0.4.0-2337318-SNAPSHOT.jar:0.4.0-2337318-SNAPSHOT]
	at org.apache.ratis.thirdparty.io.grpc.stub.ServerCalls$StreamingServerCallHandler$StreamingServerCallListener.onMessage(ServerCalls.java:248) [ratis-thirdparty-misc-0.2.0.jar:0.2.0]
	at org.apache.ratis.thirdparty.io.grpc.internal.ServerCallImpl$ServerStreamListenerImpl.messagesAvailable(ServerCallImpl.java:263) [ratis-thirdparty-misc-0.2.0.jar:0.2.0]
	at org.apache.ratis.thirdparty.io.grpc.internal.ServerImpl$JumpToApplicationThreadServerStreamListener$1MessagesAvailable.runInContext(ServerImpl.java:686) [ratis-thirdparty-misc-0.2.0.jar:0.2.0]
	at org.apache.ratis.thirdparty.io.grpc.internal.ContextRunnable.run(ContextRunnable.java:37) [ratis-thirdparty-misc-0.2.0.jar:0.2.0]
	at org.apache.ratis.thirdparty.io.grpc.internal.SerializingExecutor.run(SerializingExecutor.java:123) [ratis-thirdparty-misc-0.2.0.jar:0.2.0]
	at java.util.concurrent.ThreadPoolExecutor.runWorker(ThreadPoolExecutor.java:1149) [?:1.8.0_212]
	at java.util.concurrent.ThreadPoolExecutor$Worker.run(ThreadPoolExecutor.java:624) [?:1.8.0_212]
	at java.lang.Thread.run(Thread.java:748) [?:1.8.0_212]
06:43:21.859 [grpc-default-executor-0] ERROR DNAudit - user=null | ip=null | op=PUT_BLOCK {blockData=[blockId=conID: 3 locID: 102438443439357956 bcsId: 0,size=2097152]} | ret=FAILURE
org.apache.hadoop.hdds.scm.container.common.helpers.ContainerNotOpenException: Container 3 in CLOSED state
	at org.apache.hadoop.ozone.container.common.impl.HddsDispatcher.validateContainerCommand(HddsDispatcher.java:408) ~[hadoop-hdds-container-service-0.5.0-SNAPSHOT.jar:?]
	at org.apache.hadoop.ozone.container.common.transport.server.ratis.ContainerStateMachine.startTransaction(ContainerStateMachine.java:272) ~[hadoop-hdds-container-service-0.5.0-SNAPSHOT.jar:?]
	at org.apache.ratis.server.impl.RaftServerImpl.submitClientRequestAsync(RaftServerImpl.java:566) ~[ratis-server-0.4.0-2337318-SNAPSHOT.jar:0.4.0-2337318-SNAPSHOT]
	at org.apache.ratis.server.impl.RaftServerProxy.lambda$submitClientRequestAsync$7(RaftServerProxy.java:333) ~[ratis-server-0.4.0-2337318-SNAPSHOT.jar:0.4.0-2337318-SNAPSHOT]
	at org.apache.ratis.server.impl.RaftServerProxy.lambda$null$5(RaftServerProxy.java:328) ~[ratis-server-0.4.0-2337318-SNAPSHOT.jar:0.4.0-2337318-SNAPSHOT]
	at org.apache.ratis.util.JavaUtils.callAsUnchecked(JavaUtils.java:109) ~[ratis-common-0.4.0-2337318-SNAPSHOT.jar:0.4.0-2337318-SNAPSHOT]
	at org.apache.ratis.server.impl.RaftServerProxy.lambda$submitRequest$6(RaftServerProxy.java:328) ~[ratis-server-0.4.0-2337318-SNAPSHOT.jar:0.4.0-2337318-SNAPSHOT]
	at java.util.concurrent.CompletableFuture.uniComposeStage(CompletableFuture.java:981) ~[?:1.8.0_212]
	at java.util.concurrent.CompletableFuture.thenCompose(CompletableFuture.java:2124) ~[?:1.8.0_212]
	at org.apache.ratis.server.impl.RaftServerProxy.submitRequest(RaftServerProxy.java:327) ~[ratis-server-0.4.0-2337318-SNAPSHOT.jar:0.4.0-2337318-SNAPSHOT]
	at org.apache.ratis.server.impl.RaftServerProxy.submitClientRequestAsync(RaftServerProxy.java:333) ~[ratis-server-0.4.0-2337318-SNAPSHOT.jar:0.4.0-2337318-SNAPSHOT]
	at org.apache.ratis.grpc.client.GrpcClientProtocolService$RequestStreamObserver.processClientRequest(GrpcClientProtocolService.java:220) ~[ratis-grpc-0.4.0-2337318-SNAPSHOT.jar:0.4.0-2337318-SNAPSHOT]
	at org.apache.ratis.grpc.client.GrpcClientProtocolService$OrderedRequestStreamObserver.processClientRequest(GrpcClientProtocolService.java:326) ~[ratis-grpc-0.4.0-2337318-SNAPSHOT.jar:0.4.0-2337318-SNAPSHOT]
	at org.apache.ratis.util.SlidingWindow$Server.processRequestsFromHead(SlidingWindow.java:429) [ratis-common-0.4.0-2337318-SNAPSHOT.jar:0.4.0-2337318-SNAPSHOT]
	at org.apache.ratis.util.SlidingWindow$Server.receivedRequest(SlidingWindow.java:421) [ratis-common-0.4.0-2337318-SNAPSHOT.jar:0.4.0-2337318-SNAPSHOT]
	at org.apache.ratis.grpc.client.GrpcClientProtocolService$OrderedRequestStreamObserver.processClientRequest(GrpcClientProtocolService.java:345) [ratis-grpc-0.4.0-2337318-SNAPSHOT.jar:0.4.0-2337318-SNAPSHOT]
	at org.apache.ratis.grpc.client.GrpcClientProtocolService$RequestStreamObserver.onNext(GrpcClientProtocolService.java:240) [ratis-grpc-0.4.0-2337318-SNAPSHOT.jar:0.4.0-2337318-SNAPSHOT]
	at org.apache.ratis.grpc.client.GrpcClientProtocolService$RequestStreamObserver.onNext(GrpcClientProtocolService.java:168) [ratis-grpc-0.4.0-2337318-SNAPSHOT.jar:0.4.0-2337318-SNAPSHOT]
	at org.apache.ratis.thirdparty.io.grpc.stub.ServerCalls$StreamingServerCallHandler$StreamingServerCallListener.onMessage(ServerCalls.java:248) [ratis-thirdparty-misc-0.2.0.jar:0.2.0]
	at org.apache.ratis.thirdparty.io.grpc.internal.ServerCallImpl$ServerStreamListenerImpl.messagesAvailable(ServerCallImpl.java:263) [ratis-thirdparty-misc-0.2.0.jar:0.2.0]
	at org.apache.ratis.thirdparty.io.grpc.internal.ServerImpl$JumpToApplicationThreadServerStreamListener$1MessagesAvailable.runInContext(ServerImpl.java:686) [ratis-thirdparty-misc-0.2.0.jar:0.2.0]
	at org.apache.ratis.thirdparty.io.grpc.internal.ContextRunnable.run(ContextRunnable.java:37) [ratis-thirdparty-misc-0.2.0.jar:0.2.0]
	at org.apache.ratis.thirdparty.io.grpc.internal.SerializingExecutor.run(SerializingExecutor.java:123) [ratis-thirdparty-misc-0.2.0.jar:0.2.0]
	at java.util.concurrent.ThreadPoolExecutor.runWorker(ThreadPoolExecutor.java:1149) [?:1.8.0_212]
	at java.util.concurrent.ThreadPoolExecutor$Worker.run(ThreadPoolExecutor.java:624) [?:1.8.0_212]
	at java.lang.Thread.run(Thread.java:748) [?:1.8.0_212]
2019-07-14 06:43:21,864 INFO  client.GrpcClientProtocolClient (GrpcClientProtocolClient.java:onNext(255)) - client-FBF8FFDD50DB->3a684e4c-bc76-4e58-93e9-4c7b93103987: receive RaftClientReply:client-FBF8FFDD50DB->3a684e4c-bc76-4e58-93e9-4c7b93103987@group-5E6FDAD72739, cid=23, FAILED org.apache.ratis.protocol.StateMachineException: org.apache.hadoop.hdds.scm.container.common.helpers.ContainerNotOpenException from Server 3a684e4c-bc76-4e58-93e9-4c7b93103987: Container 3 in CLOSED state, logIndex=0, commits[3a684e4c-bc76-4e58-93e9-4c7b93103987:c18, b5751b22-fb3a-4285-b61c-2ee1ccb5b2eb:c17, d3f65906-3b2c-4090-a46a-ce7eb89ef6ea:c17]
2019-07-14 06:43:21,867 INFO  client.GrpcClientProtocolClient (GrpcClientProtocolClient.java:onNext(255)) - client-FBF8FFDD50DB->3a684e4c-bc76-4e58-93e9-4c7b93103987: receive RaftClientReply:client-FBF8FFDD50DB->3a684e4c-bc76-4e58-93e9-4c7b93103987@group-5E6FDAD72739, cid=24, FAILED org.apache.ratis.protocol.StateMachineException: org.apache.hadoop.hdds.scm.container.common.helpers.ContainerNotOpenException from Server 3a684e4c-bc76-4e58-93e9-4c7b93103987: Container 3 in CLOSED state, logIndex=0, commits[3a684e4c-bc76-4e58-93e9-4c7b93103987:c18, b5751b22-fb3a-4285-b61c-2ee1ccb5b2eb:c17, d3f65906-3b2c-4090-a46a-ce7eb89ef6ea:c17]
2019-07-14 06:43:22,083 INFO  client.GrpcClientProtocolClient (GrpcClientProtocolClient.java:onNext(255)) - client-5A19F087F6B6->c9000f0a-3ad4-484d-bf97-c3dc2c0e32b0: receive RaftClientReply:client-5A19F087F6B6->c9000f0a-3ad4-484d-bf97-c3dc2c0e32b0@group-DF32A6BBDA7E, cid=25, SUCCESS, logIndex=1, commits[c9000f0a-3ad4-484d-bf97-c3dc2c0e32b0:c1, 996fe33c-902d-44b5-825f-b25fffdd237c:c0, 30964336-c32a-4a27-96dd-3ce9418922e8:c0]
2019-07-14 06:43:22,170 INFO  client.GrpcClientProtocolClient (GrpcClientProtocolClient.java:onNext(255)) - client-5A19F087F6B6->c9000f0a-3ad4-484d-bf97-c3dc2c0e32b0: receive RaftClientReply:client-5A19F087F6B6->c9000f0a-3ad4-484d-bf97-c3dc2c0e32b0@group-DF32A6BBDA7E, cid=26, SUCCESS, logIndex=3, commits[c9000f0a-3ad4-484d-bf97-c3dc2c0e32b0:c8, 996fe33c-902d-44b5-825f-b25fffdd237c:c6, 30964336-c32a-4a27-96dd-3ce9418922e8:c6]
2019-07-14 06:43:22,173 INFO  client.GrpcClientProtocolClient (GrpcClientProtocolClient.java:onNext(255)) - client-5A19F087F6B6->c9000f0a-3ad4-484d-bf97-c3dc2c0e32b0: receive RaftClientReply:client-5A19F087F6B6->c9000f0a-3ad4-484d-bf97-c3dc2c0e32b0@group-DF32A6BBDA7E, cid=27, SUCCESS, logIndex=4, commits[c9000f0a-3ad4-484d-bf97-c3dc2c0e32b0:c8, 996fe33c-902d-44b5-825f-b25fffdd237c:c6, 30964336-c32a-4a27-96dd-3ce9418922e8:c6]
2019-07-14 06:43:22,247 INFO  client.GrpcClientProtocolClient (GrpcClientProtocolClient.java:onNext(255)) - client-5A19F087F6B6->c9000f0a-3ad4-484d-bf97-c3dc2c0e32b0: receive RaftClientReply:client-5A19F087F6B6->c9000f0a-3ad4-484d-bf97-c3dc2c0e32b0@group-DF32A6BBDA7E, cid=28, SUCCESS, logIndex=5, commits[c9000f0a-3ad4-484d-bf97-c3dc2c0e32b0:c8, 996fe33c-902d-44b5-825f-b25fffdd237c:c6, 30964336-c32a-4a27-96dd-3ce9418922e8:c6]
2019-07-14 06:43:22,283 INFO  pipeline.Pipeline (Pipeline.java:getProtobufMessage(195)) - Serialize pipeline PipelineID=fe58368d-6af5-4ce7-87ee-df32a6bbda7e with nodesInOrder{ }
]]></system-out>
  </testcase>
  <testcase name="testBlockWritesCloseConsistency" classname="org.apache.hadoop.ozone.client.rpc.TestCloseContainerHandlingByClient" time="2.233">
    <error type="java.lang.IllegalArgumentException">java.lang.IllegalArgumentException
	at com.google.common.base.Preconditions.checkArgument(Preconditions.java:72)
	at org.apache.hadoop.hdds.scm.XceiverClientManager.acquireClient(XceiverClientManager.java:150)
	at org.apache.hadoop.hdds.scm.XceiverClientManager.acquireClientForReadData(XceiverClientManager.java:143)
	at org.apache.hadoop.hdds.scm.storage.BlockInputStream.getChunkInfos(BlockInputStream.java:154)
	at org.apache.hadoop.hdds.scm.storage.BlockInputStream.initialize(BlockInputStream.java:118)
	at org.apache.hadoop.hdds.scm.storage.BlockInputStream.read(BlockInputStream.java:222)
	at org.apache.hadoop.ozone.client.io.KeyInputStream.read(KeyInputStream.java:171)
	at org.apache.hadoop.ozone.client.io.OzoneInputStream.read(OzoneInputStream.java:47)
	at java.io.InputStream.read(InputStream.java:101)
	at org.apache.hadoop.ozone.container.ContainerTestHelper.validateData(ContainerTestHelper.java:709)
	at org.apache.hadoop.ozone.client.rpc.TestCloseContainerHandlingByClient.validateData(TestCloseContainerHandlingByClient.java:401)
	at org.apache.hadoop.ozone.client.rpc.TestCloseContainerHandlingByClient.testBlockWritesCloseConsistency(TestCloseContainerHandlingByClient.java:178)
	at sun.reflect.NativeMethodAccessorImpl.invoke0(Native Method)
	at sun.reflect.NativeMethodAccessorImpl.invoke(NativeMethodAccessorImpl.java:62)
	at sun.reflect.DelegatingMethodAccessorImpl.invoke(DelegatingMethodAccessorImpl.java:43)
	at java.lang.reflect.Method.invoke(Method.java:498)
	at org.junit.runners.model.FrameworkMethod$1.runReflectiveCall(FrameworkMethod.java:47)
	at org.junit.internal.runners.model.ReflectiveCallable.run(ReflectiveCallable.java:12)
	at org.junit.runners.model.FrameworkMethod.invokeExplosively(FrameworkMethod.java:44)
	at org.junit.internal.runners.statements.InvokeMethod.evaluate(InvokeMethod.java:17)
	at org.junit.runners.ParentRunner.runLeaf(ParentRunner.java:271)
	at org.junit.runners.BlockJUnit4ClassRunner.runChild(BlockJUnit4ClassRunner.java:70)
	at org.junit.runners.BlockJUnit4ClassRunner.runChild(BlockJUnit4ClassRunner.java:50)
	at org.junit.runners.ParentRunner$3.run(ParentRunner.java:238)
	at org.junit.runners.ParentRunner$1.schedule(ParentRunner.java:63)
	at org.junit.runners.ParentRunner.runChildren(ParentRunner.java:236)
	at org.junit.runners.ParentRunner.access$000(ParentRunner.java:53)
	at org.junit.runners.ParentRunner$2.evaluate(ParentRunner.java:229)
	at org.junit.internal.runners.statements.RunBefores.evaluate(RunBefores.java:26)
	at org.junit.internal.runners.statements.RunAfters.evaluate(RunAfters.java:27)
	at org.junit.runners.ParentRunner.run(ParentRunner.java:309)
	at org.apache.maven.surefire.junit4.JUnit4Provider.execute(JUnit4Provider.java:365)
	at org.apache.maven.surefire.junit4.JUnit4Provider.executeWithRerun(JUnit4Provider.java:273)
	at org.apache.maven.surefire.junit4.JUnit4Provider.executeTestSet(JUnit4Provider.java:238)
	at org.apache.maven.surefire.junit4.JUnit4Provider.invoke(JUnit4Provider.java:159)
	at org.apache.maven.surefire.booter.ForkedBooter.invokeProviderInSameClassLoader(ForkedBooter.java:384)
	at org.apache.maven.surefire.booter.ForkedBooter.runSuitesInProcess(ForkedBooter.java:345)
	at org.apache.maven.surefire.booter.ForkedBooter.execute(ForkedBooter.java:126)
	at org.apache.maven.surefire.booter.ForkedBooter.main(ForkedBooter.java:418)
</error>
    <system-out><![CDATA[2019-07-14 06:43:22,457 INFO  client.GrpcClientProtocolClient (GrpcClientProtocolClient.java:onNext(255)) - client-5A19F087F6B6->c9000f0a-3ad4-484d-bf97-c3dc2c0e32b0: receive RaftClientReply:client-5A19F087F6B6->c9000f0a-3ad4-484d-bf97-c3dc2c0e32b0@group-DF32A6BBDA7E, cid=29, SUCCESS, logIndex=9, commits[c9000f0a-3ad4-484d-bf97-c3dc2c0e32b0:c10, 996fe33c-902d-44b5-825f-b25fffdd237c:c8, 30964336-c32a-4a27-96dd-3ce9418922e8:c8]
2019-07-14 06:43:22,503 INFO  client.GrpcClientProtocolClient (GrpcClientProtocolClient.java:onNext(255)) - client-5A19F087F6B6->c9000f0a-3ad4-484d-bf97-c3dc2c0e32b0: receive RaftClientReply:client-5A19F087F6B6->c9000f0a-3ad4-484d-bf97-c3dc2c0e32b0@group-DF32A6BBDA7E, cid=30, SUCCESS, logIndex=10, commits[c9000f0a-3ad4-484d-bf97-c3dc2c0e32b0:c12, 996fe33c-902d-44b5-825f-b25fffdd237c:c10, 30964336-c32a-4a27-96dd-3ce9418922e8:c10]
2019-07-14 06:43:22,837 INFO  container.CloseContainerEventHandler (CloseContainerEventHandler.java:onMessage(61)) - Close container Event triggered for container : #5
2019-07-14 06:43:22,838 INFO  container.CloseContainerEventHandler (CloseContainerEventHandler.java:onMessage(61)) - Close container Event triggered for container : #5
2019-07-14 06:43:22,838 INFO  container.CloseContainerEventHandler (CloseContainerEventHandler.java:onMessage(61)) - Close container Event triggered for container : #5
2019-07-14 06:43:24,080 INFO  interfaces.Container (KeyValueContainer.java:compactDB(356)) - Container 5 is closed with bcsId 10.
2019-07-14 06:43:24,104 INFO  interfaces.Container (KeyValueContainer.java:compactDB(356)) - Container 5 is closed with bcsId 10.
2019-07-14 06:43:24,104 INFO  interfaces.Container (KeyValueContainer.java:compactDB(356)) - Container 5 is closed with bcsId 10.
06:43:24.347 [grpc-default-executor-4] ERROR DNAudit - user=null | ip=null | op=WRITE_CHUNK {blockData=conID: 5 locID: 102438443570298887 bcsId: 10} | ret=FAILURE
org.apache.hadoop.hdds.scm.container.common.helpers.ContainerNotOpenException: Container 5 in CLOSED state
	at org.apache.hadoop.ozone.container.common.impl.HddsDispatcher.validateContainerCommand(HddsDispatcher.java:408) ~[hadoop-hdds-container-service-0.5.0-SNAPSHOT.jar:?]
	at org.apache.hadoop.ozone.container.common.transport.server.ratis.ContainerStateMachine.startTransaction(ContainerStateMachine.java:272) ~[hadoop-hdds-container-service-0.5.0-SNAPSHOT.jar:?]
	at org.apache.ratis.server.impl.RaftServerImpl.submitClientRequestAsync(RaftServerImpl.java:566) ~[ratis-server-0.4.0-2337318-SNAPSHOT.jar:0.4.0-2337318-SNAPSHOT]
	at org.apache.ratis.server.impl.RaftServerProxy.lambda$submitClientRequestAsync$7(RaftServerProxy.java:333) ~[ratis-server-0.4.0-2337318-SNAPSHOT.jar:0.4.0-2337318-SNAPSHOT]
	at org.apache.ratis.server.impl.RaftServerProxy.lambda$null$5(RaftServerProxy.java:328) ~[ratis-server-0.4.0-2337318-SNAPSHOT.jar:0.4.0-2337318-SNAPSHOT]
	at org.apache.ratis.util.JavaUtils.callAsUnchecked(JavaUtils.java:109) ~[ratis-common-0.4.0-2337318-SNAPSHOT.jar:0.4.0-2337318-SNAPSHOT]
	at org.apache.ratis.server.impl.RaftServerProxy.lambda$submitRequest$6(RaftServerProxy.java:328) ~[ratis-server-0.4.0-2337318-SNAPSHOT.jar:0.4.0-2337318-SNAPSHOT]
	at java.util.concurrent.CompletableFuture.uniComposeStage(CompletableFuture.java:981) ~[?:1.8.0_212]
	at java.util.concurrent.CompletableFuture.thenCompose(CompletableFuture.java:2124) ~[?:1.8.0_212]
	at org.apache.ratis.server.impl.RaftServerProxy.submitRequest(RaftServerProxy.java:327) ~[ratis-server-0.4.0-2337318-SNAPSHOT.jar:0.4.0-2337318-SNAPSHOT]
	at org.apache.ratis.server.impl.RaftServerProxy.submitClientRequestAsync(RaftServerProxy.java:333) ~[ratis-server-0.4.0-2337318-SNAPSHOT.jar:0.4.0-2337318-SNAPSHOT]
	at org.apache.ratis.grpc.client.GrpcClientProtocolService$RequestStreamObserver.processClientRequest(GrpcClientProtocolService.java:220) ~[ratis-grpc-0.4.0-2337318-SNAPSHOT.jar:0.4.0-2337318-SNAPSHOT]
	at org.apache.ratis.grpc.client.GrpcClientProtocolService$OrderedRequestStreamObserver.processClientRequest(GrpcClientProtocolService.java:326) ~[ratis-grpc-0.4.0-2337318-SNAPSHOT.jar:0.4.0-2337318-SNAPSHOT]
	at org.apache.ratis.util.SlidingWindow$Server.processRequestsFromHead(SlidingWindow.java:429) [ratis-common-0.4.0-2337318-SNAPSHOT.jar:0.4.0-2337318-SNAPSHOT]
	at org.apache.ratis.util.SlidingWindow$Server.receivedRequest(SlidingWindow.java:421) [ratis-common-0.4.0-2337318-SNAPSHOT.jar:0.4.0-2337318-SNAPSHOT]
	at org.apache.ratis.grpc.client.GrpcClientProtocolService$OrderedRequestStreamObserver.processClientRequest(GrpcClientProtocolService.java:345) [ratis-grpc-0.4.0-2337318-SNAPSHOT.jar:0.4.0-2337318-SNAPSHOT]
	at org.apache.ratis.grpc.client.GrpcClientProtocolService$RequestStreamObserver.onNext(GrpcClientProtocolService.java:240) [ratis-grpc-0.4.0-2337318-SNAPSHOT.jar:0.4.0-2337318-SNAPSHOT]
	at org.apache.ratis.grpc.client.GrpcClientProtocolService$RequestStreamObserver.onNext(GrpcClientProtocolService.java:168) [ratis-grpc-0.4.0-2337318-SNAPSHOT.jar:0.4.0-2337318-SNAPSHOT]
	at org.apache.ratis.thirdparty.io.grpc.stub.ServerCalls$StreamingServerCallHandler$StreamingServerCallListener.onMessage(ServerCalls.java:248) [ratis-thirdparty-misc-0.2.0.jar:0.2.0]
	at org.apache.ratis.thirdparty.io.grpc.internal.ServerCallImpl$ServerStreamListenerImpl.messagesAvailable(ServerCallImpl.java:263) [ratis-thirdparty-misc-0.2.0.jar:0.2.0]
	at org.apache.ratis.thirdparty.io.grpc.internal.ServerImpl$JumpToApplicationThreadServerStreamListener$1MessagesAvailable.runInContext(ServerImpl.java:686) [ratis-thirdparty-misc-0.2.0.jar:0.2.0]
	at org.apache.ratis.thirdparty.io.grpc.internal.ContextRunnable.run(ContextRunnable.java:37) [ratis-thirdparty-misc-0.2.0.jar:0.2.0]
	at org.apache.ratis.thirdparty.io.grpc.internal.SerializingExecutor.run(SerializingExecutor.java:123) [ratis-thirdparty-misc-0.2.0.jar:0.2.0]
	at java.util.concurrent.ThreadPoolExecutor.runWorker(ThreadPoolExecutor.java:1149) [?:1.8.0_212]
	at java.util.concurrent.ThreadPoolExecutor$Worker.run(ThreadPoolExecutor.java:624) [?:1.8.0_212]
	at java.lang.Thread.run(Thread.java:748) [?:1.8.0_212]
06:43:24.357 [grpc-default-executor-4] ERROR DNAudit - user=null | ip=null | op=PUT_BLOCK {blockData=[blockId=conID: 5 locID: 102438443570298887 bcsId: 0,size=1572864]} | ret=FAILURE
org.apache.hadoop.hdds.scm.container.common.helpers.ContainerNotOpenException: Container 5 in CLOSED state
	at org.apache.hadoop.ozone.container.common.impl.HddsDispatcher.validateContainerCommand(HddsDispatcher.java:408) ~[hadoop-hdds-container-service-0.5.0-SNAPSHOT.jar:?]
	at org.apache.hadoop.ozone.container.common.transport.server.ratis.ContainerStateMachine.startTransaction(ContainerStateMachine.java:272) ~[hadoop-hdds-container-service-0.5.0-SNAPSHOT.jar:?]
	at org.apache.ratis.server.impl.RaftServerImpl.submitClientRequestAsync(RaftServerImpl.java:566) ~[ratis-server-0.4.0-2337318-SNAPSHOT.jar:0.4.0-2337318-SNAPSHOT]
	at org.apache.ratis.server.impl.RaftServerProxy.lambda$submitClientRequestAsync$7(RaftServerProxy.java:333) ~[ratis-server-0.4.0-2337318-SNAPSHOT.jar:0.4.0-2337318-SNAPSHOT]
	at org.apache.ratis.server.impl.RaftServerProxy.lambda$null$5(RaftServerProxy.java:328) ~[ratis-server-0.4.0-2337318-SNAPSHOT.jar:0.4.0-2337318-SNAPSHOT]
	at org.apache.ratis.util.JavaUtils.callAsUnchecked(JavaUtils.java:109) ~[ratis-common-0.4.0-2337318-SNAPSHOT.jar:0.4.0-2337318-SNAPSHOT]
	at org.apache.ratis.server.impl.RaftServerProxy.lambda$submitRequest$6(RaftServerProxy.java:328) ~[ratis-server-0.4.0-2337318-SNAPSHOT.jar:0.4.0-2337318-SNAPSHOT]
	at java.util.concurrent.CompletableFuture.uniComposeStage(CompletableFuture.java:981) ~[?:1.8.0_212]
	at java.util.concurrent.CompletableFuture.thenCompose(CompletableFuture.java:2124) ~[?:1.8.0_212]
	at org.apache.ratis.server.impl.RaftServerProxy.submitRequest(RaftServerProxy.java:327) ~[ratis-server-0.4.0-2337318-SNAPSHOT.jar:0.4.0-2337318-SNAPSHOT]
	at org.apache.ratis.server.impl.RaftServerProxy.submitClientRequestAsync(RaftServerProxy.java:333) ~[ratis-server-0.4.0-2337318-SNAPSHOT.jar:0.4.0-2337318-SNAPSHOT]
	at org.apache.ratis.grpc.client.GrpcClientProtocolService$RequestStreamObserver.processClientRequest(GrpcClientProtocolService.java:220) ~[ratis-grpc-0.4.0-2337318-SNAPSHOT.jar:0.4.0-2337318-SNAPSHOT]
	at org.apache.ratis.grpc.client.GrpcClientProtocolService$OrderedRequestStreamObserver.processClientRequest(GrpcClientProtocolService.java:326) ~[ratis-grpc-0.4.0-2337318-SNAPSHOT.jar:0.4.0-2337318-SNAPSHOT]
	at org.apache.ratis.util.SlidingWindow$Server.processRequestsFromHead(SlidingWindow.java:429) [ratis-common-0.4.0-2337318-SNAPSHOT.jar:0.4.0-2337318-SNAPSHOT]
	at org.apache.ratis.util.SlidingWindow$Server.receivedRequest(SlidingWindow.java:421) [ratis-common-0.4.0-2337318-SNAPSHOT.jar:0.4.0-2337318-SNAPSHOT]
	at org.apache.ratis.grpc.client.GrpcClientProtocolService$OrderedRequestStreamObserver.processClientRequest(GrpcClientProtocolService.java:345) [ratis-grpc-0.4.0-2337318-SNAPSHOT.jar:0.4.0-2337318-SNAPSHOT]
	at org.apache.ratis.grpc.client.GrpcClientProtocolService$RequestStreamObserver.onNext(GrpcClientProtocolService.java:240) [ratis-grpc-0.4.0-2337318-SNAPSHOT.jar:0.4.0-2337318-SNAPSHOT]
	at org.apache.ratis.grpc.client.GrpcClientProtocolService$RequestStreamObserver.onNext(GrpcClientProtocolService.java:168) [ratis-grpc-0.4.0-2337318-SNAPSHOT.jar:0.4.0-2337318-SNAPSHOT]
	at org.apache.ratis.thirdparty.io.grpc.stub.ServerCalls$StreamingServerCallHandler$StreamingServerCallListener.onMessage(ServerCalls.java:248) [ratis-thirdparty-misc-0.2.0.jar:0.2.0]
	at org.apache.ratis.thirdparty.io.grpc.internal.ServerCallImpl$ServerStreamListenerImpl.messagesAvailable(ServerCallImpl.java:263) [ratis-thirdparty-misc-0.2.0.jar:0.2.0]
	at org.apache.ratis.thirdparty.io.grpc.internal.ServerImpl$JumpToApplicationThreadServerStreamListener$1MessagesAvailable.runInContext(ServerImpl.java:686) [ratis-thirdparty-misc-0.2.0.jar:0.2.0]
	at org.apache.ratis.thirdparty.io.grpc.internal.ContextRunnable.run(ContextRunnable.java:37) [ratis-thirdparty-misc-0.2.0.jar:0.2.0]
	at org.apache.ratis.thirdparty.io.grpc.internal.SerializingExecutor.run(SerializingExecutor.java:123) [ratis-thirdparty-misc-0.2.0.jar:0.2.0]
	at java.util.concurrent.ThreadPoolExecutor.runWorker(ThreadPoolExecutor.java:1149) [?:1.8.0_212]
	at java.util.concurrent.ThreadPoolExecutor$Worker.run(ThreadPoolExecutor.java:624) [?:1.8.0_212]
	at java.lang.Thread.run(Thread.java:748) [?:1.8.0_212]
2019-07-14 06:43:24,363 INFO  client.GrpcClientProtocolClient (GrpcClientProtocolClient.java:onNext(255)) - client-5A19F087F6B6->c9000f0a-3ad4-484d-bf97-c3dc2c0e32b0: receive RaftClientReply:client-5A19F087F6B6->c9000f0a-3ad4-484d-bf97-c3dc2c0e32b0@group-DF32A6BBDA7E, cid=31, FAILED org.apache.ratis.protocol.StateMachineException: org.apache.hadoop.hdds.scm.container.common.helpers.ContainerNotOpenException from Server c9000f0a-3ad4-484d-bf97-c3dc2c0e32b0: Container 5 in CLOSED state, logIndex=0, commits[c9000f0a-3ad4-484d-bf97-c3dc2c0e32b0:c14, 996fe33c-902d-44b5-825f-b25fffdd237c:c13, 30964336-c32a-4a27-96dd-3ce9418922e8:c13]
2019-07-14 06:43:24,367 INFO  client.GrpcClientProtocolClient (GrpcClientProtocolClient.java:onNext(255)) - client-5A19F087F6B6->c9000f0a-3ad4-484d-bf97-c3dc2c0e32b0: receive RaftClientReply:client-5A19F087F6B6->c9000f0a-3ad4-484d-bf97-c3dc2c0e32b0@group-DF32A6BBDA7E, cid=32, FAILED org.apache.ratis.protocol.StateMachineException: org.apache.hadoop.hdds.scm.container.common.helpers.ContainerNotOpenException from Server c9000f0a-3ad4-484d-bf97-c3dc2c0e32b0: Container 5 in CLOSED state, logIndex=0, commits[c9000f0a-3ad4-484d-bf97-c3dc2c0e32b0:c14, 996fe33c-902d-44b5-825f-b25fffdd237c:c13, 30964336-c32a-4a27-96dd-3ce9418922e8:c13]
2019-07-14 06:43:24,455 INFO  client.GrpcClientProtocolClient (GrpcClientProtocolClient.java:onNext(255)) - client-5A19F087F6B6->c9000f0a-3ad4-484d-bf97-c3dc2c0e32b0: receive RaftClientReply:client-5A19F087F6B6->c9000f0a-3ad4-484d-bf97-c3dc2c0e32b0@group-DF32A6BBDA7E, cid=33, SUCCESS, logIndex=15, commits[c9000f0a-3ad4-484d-bf97-c3dc2c0e32b0:c16, 996fe33c-902d-44b5-825f-b25fffdd237c:c14, 30964336-c32a-4a27-96dd-3ce9418922e8:c14]
2019-07-14 06:43:24,493 INFO  client.GrpcClientProtocolClient (GrpcClientProtocolClient.java:onNext(255)) - client-5A19F087F6B6->c9000f0a-3ad4-484d-bf97-c3dc2c0e32b0: receive RaftClientReply:client-5A19F087F6B6->c9000f0a-3ad4-484d-bf97-c3dc2c0e32b0@group-DF32A6BBDA7E, cid=34, SUCCESS, logIndex=16, commits[c9000f0a-3ad4-484d-bf97-c3dc2c0e32b0:c18, 996fe33c-902d-44b5-825f-b25fffdd237c:c16, 30964336-c32a-4a27-96dd-3ce9418922e8:c16]
2019-07-14 06:43:24,516 INFO  pipeline.Pipeline (Pipeline.java:getProtobufMessage(195)) - Serialize pipeline PipelineID=fe58368d-6af5-4ce7-87ee-df32a6bbda7e with nodesInOrder{ }
]]></system-out>
  </testcase>
  <testcase name="testMultiBlockWrites" classname="org.apache.hadoop.ozone.client.rpc.TestCloseContainerHandlingByClient" time="3.417"/>
  <testcase name="testBlockWrites" classname="org.apache.hadoop.ozone.client.rpc.TestCloseContainerHandlingByClient" time="2.196">
    <error type="java.lang.IllegalArgumentException">java.lang.IllegalArgumentException
	at com.google.common.base.Preconditions.checkArgument(Preconditions.java:72)
	at org.apache.hadoop.hdds.scm.XceiverClientManager.acquireClient(XceiverClientManager.java:150)
	at org.apache.hadoop.hdds.scm.XceiverClientManager.acquireClientForReadData(XceiverClientManager.java:143)
	at org.apache.hadoop.hdds.scm.storage.BlockInputStream.getChunkInfos(BlockInputStream.java:154)
	at org.apache.hadoop.hdds.scm.storage.BlockInputStream.initialize(BlockInputStream.java:118)
	at org.apache.hadoop.hdds.scm.storage.BlockInputStream.read(BlockInputStream.java:222)
	at org.apache.hadoop.ozone.client.io.KeyInputStream.read(KeyInputStream.java:171)
	at org.apache.hadoop.ozone.client.io.OzoneInputStream.read(OzoneInputStream.java:47)
	at java.io.InputStream.read(InputStream.java:101)
	at org.apache.hadoop.ozone.container.ContainerTestHelper.validateData(ContainerTestHelper.java:709)
	at org.apache.hadoop.ozone.client.rpc.TestCloseContainerHandlingByClient.validateData(TestCloseContainerHandlingByClient.java:401)
	at org.apache.hadoop.ozone.client.rpc.TestCloseContainerHandlingByClient.testBlockWrites(TestCloseContainerHandlingByClient.java:471)
	at sun.reflect.NativeMethodAccessorImpl.invoke0(Native Method)
	at sun.reflect.NativeMethodAccessorImpl.invoke(NativeMethodAccessorImpl.java:62)
	at sun.reflect.DelegatingMethodAccessorImpl.invoke(DelegatingMethodAccessorImpl.java:43)
	at java.lang.reflect.Method.invoke(Method.java:498)
	at org.junit.runners.model.FrameworkMethod$1.runReflectiveCall(FrameworkMethod.java:47)
	at org.junit.internal.runners.model.ReflectiveCallable.run(ReflectiveCallable.java:12)
	at org.junit.runners.model.FrameworkMethod.invokeExplosively(FrameworkMethod.java:44)
	at org.junit.internal.runners.statements.InvokeMethod.evaluate(InvokeMethod.java:17)
	at org.junit.runners.ParentRunner.runLeaf(ParentRunner.java:271)
	at org.junit.runners.BlockJUnit4ClassRunner.runChild(BlockJUnit4ClassRunner.java:70)
	at org.junit.runners.BlockJUnit4ClassRunner.runChild(BlockJUnit4ClassRunner.java:50)
	at org.junit.runners.ParentRunner$3.run(ParentRunner.java:238)
	at org.junit.runners.ParentRunner$1.schedule(ParentRunner.java:63)
	at org.junit.runners.ParentRunner.runChildren(ParentRunner.java:236)
	at org.junit.runners.ParentRunner.access$000(ParentRunner.java:53)
	at org.junit.runners.ParentRunner$2.evaluate(ParentRunner.java:229)
	at org.junit.internal.runners.statements.RunBefores.evaluate(RunBefores.java:26)
	at org.junit.internal.runners.statements.RunAfters.evaluate(RunAfters.java:27)
	at org.junit.runners.ParentRunner.run(ParentRunner.java:309)
	at org.apache.maven.surefire.junit4.JUnit4Provider.execute(JUnit4Provider.java:365)
	at org.apache.maven.surefire.junit4.JUnit4Provider.executeWithRerun(JUnit4Provider.java:273)
	at org.apache.maven.surefire.junit4.JUnit4Provider.executeTestSet(JUnit4Provider.java:238)
	at org.apache.maven.surefire.junit4.JUnit4Provider.invoke(JUnit4Provider.java:159)
	at org.apache.maven.surefire.booter.ForkedBooter.invokeProviderInSameClassLoader(ForkedBooter.java:384)
	at org.apache.maven.surefire.booter.ForkedBooter.runSuitesInProcess(ForkedBooter.java:345)
	at org.apache.maven.surefire.booter.ForkedBooter.execute(ForkedBooter.java:126)
	at org.apache.maven.surefire.booter.ForkedBooter.main(ForkedBooter.java:418)
</error>
    <system-out><![CDATA[2019-07-14 06:43:28,070 INFO  client.GrpcClientProtocolClient (GrpcClientProtocolClient.java:onNext(255)) - client-FBF8FFDD50DB->3a684e4c-bc76-4e58-93e9-4c7b93103987: receive RaftClientReply:client-FBF8FFDD50DB->3a684e4c-bc76-4e58-93e9-4c7b93103987@group-5E6FDAD72739, cid=74, SUCCESS, logIndex=69, commits[3a684e4c-bc76-4e58-93e9-4c7b93103987:c72, b5751b22-fb3a-4285-b61c-2ee1ccb5b2eb:c68, d3f65906-3b2c-4090-a46a-ce7eb89ef6ea:c68]
2019-07-14 06:43:28,104 INFO  client.GrpcClientProtocolClient (GrpcClientProtocolClient.java:onNext(255)) - client-FBF8FFDD50DB->3a684e4c-bc76-4e58-93e9-4c7b93103987: receive RaftClientReply:client-FBF8FFDD50DB->3a684e4c-bc76-4e58-93e9-4c7b93103987@group-5E6FDAD72739, cid=75, SUCCESS, logIndex=70, commits[3a684e4c-bc76-4e58-93e9-4c7b93103987:c75, b5751b22-fb3a-4285-b61c-2ee1ccb5b2eb:c72, d3f65906-3b2c-4090-a46a-ce7eb89ef6ea:c72]
2019-07-14 06:43:28,105 INFO  client.GrpcClientProtocolClient (GrpcClientProtocolClient.java:onNext(255)) - client-FBF8FFDD50DB->3a684e4c-bc76-4e58-93e9-4c7b93103987: receive RaftClientReply:client-FBF8FFDD50DB->3a684e4c-bc76-4e58-93e9-4c7b93103987@group-5E6FDAD72739, cid=76, SUCCESS, logIndex=71, commits[3a684e4c-bc76-4e58-93e9-4c7b93103987:c75, b5751b22-fb3a-4285-b61c-2ee1ccb5b2eb:c72, d3f65906-3b2c-4090-a46a-ce7eb89ef6ea:c72]
2019-07-14 06:43:28,166 INFO  client.GrpcClientProtocolClient (GrpcClientProtocolClient.java:onNext(255)) - client-FBF8FFDD50DB->3a684e4c-bc76-4e58-93e9-4c7b93103987: receive RaftClientReply:client-FBF8FFDD50DB->3a684e4c-bc76-4e58-93e9-4c7b93103987@group-5E6FDAD72739, cid=77, SUCCESS, logIndex=72, commits[3a684e4c-bc76-4e58-93e9-4c7b93103987:c75, b5751b22-fb3a-4285-b61c-2ee1ccb5b2eb:c72, d3f65906-3b2c-4090-a46a-ce7eb89ef6ea:c72]
2019-07-14 06:43:28,167 INFO  container.CloseContainerEventHandler (CloseContainerEventHandler.java:onMessage(61)) - Close container Event triggered for container : #11
2019-07-14 06:43:28,168 INFO  container.CloseContainerEventHandler (CloseContainerEventHandler.java:onMessage(61)) - Close container Event triggered for container : #11
2019-07-14 06:43:28,168 INFO  container.CloseContainerEventHandler (CloseContainerEventHandler.java:onMessage(61)) - Close container Event triggered for container : #11
2019-07-14 06:43:29,368 INFO  interfaces.Container (KeyValueContainer.java:compactDB(356)) - Container 11 is closed with bcsId 72.
2019-07-14 06:43:29,384 INFO  interfaces.Container (KeyValueContainer.java:compactDB(356)) - Container 11 is closed with bcsId 72.
2019-07-14 06:43:29,395 INFO  interfaces.Container (KeyValueContainer.java:compactDB(356)) - Container 11 is closed with bcsId 72.
06:43:29.725 [grpc-default-executor-0] ERROR DNAudit - user=null | ip=null | op=WRITE_CHUNK {blockData=conID: 11 locID: 102438443940184079 bcsId: 72} | ret=FAILURE
org.apache.hadoop.hdds.scm.container.common.helpers.ContainerNotOpenException: Container 11 in CLOSED state
	at org.apache.hadoop.ozone.container.common.impl.HddsDispatcher.validateContainerCommand(HddsDispatcher.java:408) ~[hadoop-hdds-container-service-0.5.0-SNAPSHOT.jar:?]
	at org.apache.hadoop.ozone.container.common.transport.server.ratis.ContainerStateMachine.startTransaction(ContainerStateMachine.java:272) ~[hadoop-hdds-container-service-0.5.0-SNAPSHOT.jar:?]
	at org.apache.ratis.server.impl.RaftServerImpl.submitClientRequestAsync(RaftServerImpl.java:566) ~[ratis-server-0.4.0-2337318-SNAPSHOT.jar:0.4.0-2337318-SNAPSHOT]
	at org.apache.ratis.server.impl.RaftServerProxy.lambda$submitClientRequestAsync$7(RaftServerProxy.java:333) ~[ratis-server-0.4.0-2337318-SNAPSHOT.jar:0.4.0-2337318-SNAPSHOT]
	at org.apache.ratis.server.impl.RaftServerProxy.lambda$null$5(RaftServerProxy.java:328) ~[ratis-server-0.4.0-2337318-SNAPSHOT.jar:0.4.0-2337318-SNAPSHOT]
	at org.apache.ratis.util.JavaUtils.callAsUnchecked(JavaUtils.java:109) ~[ratis-common-0.4.0-2337318-SNAPSHOT.jar:0.4.0-2337318-SNAPSHOT]
	at org.apache.ratis.server.impl.RaftServerProxy.lambda$submitRequest$6(RaftServerProxy.java:328) ~[ratis-server-0.4.0-2337318-SNAPSHOT.jar:0.4.0-2337318-SNAPSHOT]
	at java.util.concurrent.CompletableFuture.uniComposeStage(CompletableFuture.java:981) ~[?:1.8.0_212]
	at java.util.concurrent.CompletableFuture.thenCompose(CompletableFuture.java:2124) ~[?:1.8.0_212]
	at org.apache.ratis.server.impl.RaftServerProxy.submitRequest(RaftServerProxy.java:327) ~[ratis-server-0.4.0-2337318-SNAPSHOT.jar:0.4.0-2337318-SNAPSHOT]
	at org.apache.ratis.server.impl.RaftServerProxy.submitClientRequestAsync(RaftServerProxy.java:333) ~[ratis-server-0.4.0-2337318-SNAPSHOT.jar:0.4.0-2337318-SNAPSHOT]
	at org.apache.ratis.grpc.client.GrpcClientProtocolService$RequestStreamObserver.processClientRequest(GrpcClientProtocolService.java:220) ~[ratis-grpc-0.4.0-2337318-SNAPSHOT.jar:0.4.0-2337318-SNAPSHOT]
	at org.apache.ratis.grpc.client.GrpcClientProtocolService$OrderedRequestStreamObserver.processClientRequest(GrpcClientProtocolService.java:326) ~[ratis-grpc-0.4.0-2337318-SNAPSHOT.jar:0.4.0-2337318-SNAPSHOT]
	at org.apache.ratis.util.SlidingWindow$Server.processRequestsFromHead(SlidingWindow.java:429) [ratis-common-0.4.0-2337318-SNAPSHOT.jar:0.4.0-2337318-SNAPSHOT]
	at org.apache.ratis.util.SlidingWindow$Server.receivedRequest(SlidingWindow.java:421) [ratis-common-0.4.0-2337318-SNAPSHOT.jar:0.4.0-2337318-SNAPSHOT]
	at org.apache.ratis.grpc.client.GrpcClientProtocolService$OrderedRequestStreamObserver.processClientRequest(GrpcClientProtocolService.java:345) [ratis-grpc-0.4.0-2337318-SNAPSHOT.jar:0.4.0-2337318-SNAPSHOT]
	at org.apache.ratis.grpc.client.GrpcClientProtocolService$RequestStreamObserver.onNext(GrpcClientProtocolService.java:240) [ratis-grpc-0.4.0-2337318-SNAPSHOT.jar:0.4.0-2337318-SNAPSHOT]
	at org.apache.ratis.grpc.client.GrpcClientProtocolService$RequestStreamObserver.onNext(GrpcClientProtocolService.java:168) [ratis-grpc-0.4.0-2337318-SNAPSHOT.jar:0.4.0-2337318-SNAPSHOT]
	at org.apache.ratis.thirdparty.io.grpc.stub.ServerCalls$StreamingServerCallHandler$StreamingServerCallListener.onMessage(ServerCalls.java:248) [ratis-thirdparty-misc-0.2.0.jar:0.2.0]
	at org.apache.ratis.thirdparty.io.grpc.internal.ServerCallImpl$ServerStreamListenerImpl.messagesAvailable(ServerCallImpl.java:263) [ratis-thirdparty-misc-0.2.0.jar:0.2.0]
	at org.apache.ratis.thirdparty.io.grpc.internal.ServerImpl$JumpToApplicationThreadServerStreamListener$1MessagesAvailable.runInContext(ServerImpl.java:686) [ratis-thirdparty-misc-0.2.0.jar:0.2.0]
	at org.apache.ratis.thirdparty.io.grpc.internal.ContextRunnable.run(ContextRunnable.java:37) [ratis-thirdparty-misc-0.2.0.jar:0.2.0]
	at org.apache.ratis.thirdparty.io.grpc.internal.SerializingExecutor.run(SerializingExecutor.java:123) [ratis-thirdparty-misc-0.2.0.jar:0.2.0]
	at java.util.concurrent.ThreadPoolExecutor.runWorker(ThreadPoolExecutor.java:1149) [?:1.8.0_212]
	at java.util.concurrent.ThreadPoolExecutor$Worker.run(ThreadPoolExecutor.java:624) [?:1.8.0_212]
	at java.lang.Thread.run(Thread.java:748) [?:1.8.0_212]
06:43:29.735 [grpc-default-executor-0] ERROR DNAudit - user=null | ip=null | op=PUT_BLOCK {blockData=[blockId=conID: 11 locID: 102438443940184079 bcsId: 0,size=3145728]} | ret=FAILURE
org.apache.hadoop.hdds.scm.container.common.helpers.ContainerNotOpenException: Container 11 in CLOSED state
	at org.apache.hadoop.ozone.container.common.impl.HddsDispatcher.validateContainerCommand(HddsDispatcher.java:408) ~[hadoop-hdds-container-service-0.5.0-SNAPSHOT.jar:?]
	at org.apache.hadoop.ozone.container.common.transport.server.ratis.ContainerStateMachine.startTransaction(ContainerStateMachine.java:272) ~[hadoop-hdds-container-service-0.5.0-SNAPSHOT.jar:?]
	at org.apache.ratis.server.impl.RaftServerImpl.submitClientRequestAsync(RaftServerImpl.java:566) ~[ratis-server-0.4.0-2337318-SNAPSHOT.jar:0.4.0-2337318-SNAPSHOT]
	at org.apache.ratis.server.impl.RaftServerProxy.lambda$submitClientRequestAsync$7(RaftServerProxy.java:333) ~[ratis-server-0.4.0-2337318-SNAPSHOT.jar:0.4.0-2337318-SNAPSHOT]
	at org.apache.ratis.server.impl.RaftServerProxy.lambda$null$5(RaftServerProxy.java:328) ~[ratis-server-0.4.0-2337318-SNAPSHOT.jar:0.4.0-2337318-SNAPSHOT]
	at org.apache.ratis.util.JavaUtils.callAsUnchecked(JavaUtils.java:109) ~[ratis-common-0.4.0-2337318-SNAPSHOT.jar:0.4.0-2337318-SNAPSHOT]
	at org.apache.ratis.server.impl.RaftServerProxy.lambda$submitRequest$6(RaftServerProxy.java:328) ~[ratis-server-0.4.0-2337318-SNAPSHOT.jar:0.4.0-2337318-SNAPSHOT]
	at java.util.concurrent.CompletableFuture.uniComposeStage(CompletableFuture.java:981) ~[?:1.8.0_212]
	at java.util.concurrent.CompletableFuture.thenCompose(CompletableFuture.java:2124) ~[?:1.8.0_212]
	at org.apache.ratis.server.impl.RaftServerProxy.submitRequest(RaftServerProxy.java:327) ~[ratis-server-0.4.0-2337318-SNAPSHOT.jar:0.4.0-2337318-SNAPSHOT]
	at org.apache.ratis.server.impl.RaftServerProxy.submitClientRequestAsync(RaftServerProxy.java:333) ~[ratis-server-0.4.0-2337318-SNAPSHOT.jar:0.4.0-2337318-SNAPSHOT]
	at org.apache.ratis.grpc.client.GrpcClientProtocolService$RequestStreamObserver.processClientRequest(GrpcClientProtocolService.java:220) ~[ratis-grpc-0.4.0-2337318-SNAPSHOT.jar:0.4.0-2337318-SNAPSHOT]
	at org.apache.ratis.grpc.client.GrpcClientProtocolService$OrderedRequestStreamObserver.processClientRequest(GrpcClientProtocolService.java:326) ~[ratis-grpc-0.4.0-2337318-SNAPSHOT.jar:0.4.0-2337318-SNAPSHOT]
	at org.apache.ratis.util.SlidingWindow$Server.processRequestsFromHead(SlidingWindow.java:429) [ratis-common-0.4.0-2337318-SNAPSHOT.jar:0.4.0-2337318-SNAPSHOT]
	at org.apache.ratis.util.SlidingWindow$Server.receivedRequest(SlidingWindow.java:421) [ratis-common-0.4.0-2337318-SNAPSHOT.jar:0.4.0-2337318-SNAPSHOT]
	at org.apache.ratis.grpc.client.GrpcClientProtocolService$OrderedRequestStreamObserver.processClientRequest(GrpcClientProtocolService.java:345) [ratis-grpc-0.4.0-2337318-SNAPSHOT.jar:0.4.0-2337318-SNAPSHOT]
	at org.apache.ratis.grpc.client.GrpcClientProtocolService$RequestStreamObserver.onNext(GrpcClientProtocolService.java:240) [ratis-grpc-0.4.0-2337318-SNAPSHOT.jar:0.4.0-2337318-SNAPSHOT]
	at org.apache.ratis.grpc.client.GrpcClientProtocolService$RequestStreamObserver.onNext(GrpcClientProtocolService.java:168) [ratis-grpc-0.4.0-2337318-SNAPSHOT.jar:0.4.0-2337318-SNAPSHOT]
	at org.apache.ratis.thirdparty.io.grpc.stub.ServerCalls$StreamingServerCallHandler$StreamingServerCallListener.onMessage(ServerCalls.java:248) [ratis-thirdparty-misc-0.2.0.jar:0.2.0]
	at org.apache.ratis.thirdparty.io.grpc.internal.ServerCallImpl$ServerStreamListenerImpl.messagesAvailable(ServerCallImpl.java:263) [ratis-thirdparty-misc-0.2.0.jar:0.2.0]
	at org.apache.ratis.thirdparty.io.grpc.internal.ServerImpl$JumpToApplicationThreadServerStreamListener$1MessagesAvailable.runInContext(ServerImpl.java:686) [ratis-thirdparty-misc-0.2.0.jar:0.2.0]
	at org.apache.ratis.thirdparty.io.grpc.internal.ContextRunnable.run(ContextRunnable.java:37) [ratis-thirdparty-misc-0.2.0.jar:0.2.0]
	at org.apache.ratis.thirdparty.io.grpc.internal.SerializingExecutor.run(SerializingExecutor.java:123) [ratis-thirdparty-misc-0.2.0.jar:0.2.0]
	at java.util.concurrent.ThreadPoolExecutor.runWorker(ThreadPoolExecutor.java:1149) [?:1.8.0_212]
	at java.util.concurrent.ThreadPoolExecutor$Worker.run(ThreadPoolExecutor.java:624) [?:1.8.0_212]
	at java.lang.Thread.run(Thread.java:748) [?:1.8.0_212]
2019-07-14 06:43:29,737 INFO  client.GrpcClientProtocolClient (GrpcClientProtocolClient.java:onNext(255)) - client-FBF8FFDD50DB->3a684e4c-bc76-4e58-93e9-4c7b93103987: receive RaftClientReply:client-FBF8FFDD50DB->3a684e4c-bc76-4e58-93e9-4c7b93103987@group-5E6FDAD72739, cid=78, FAILED org.apache.ratis.protocol.StateMachineException: org.apache.hadoop.hdds.scm.container.common.helpers.ContainerNotOpenException from Server 3a684e4c-bc76-4e58-93e9-4c7b93103987: Container 11 in CLOSED state, logIndex=0, commits[3a684e4c-bc76-4e58-93e9-4c7b93103987:c77, b5751b22-fb3a-4285-b61c-2ee1ccb5b2eb:c76, d3f65906-3b2c-4090-a46a-ce7eb89ef6ea:c76]
2019-07-14 06:43:29,744 INFO  client.GrpcClientProtocolClient (GrpcClientProtocolClient.java:onNext(255)) - client-FBF8FFDD50DB->3a684e4c-bc76-4e58-93e9-4c7b93103987: receive RaftClientReply:client-FBF8FFDD50DB->3a684e4c-bc76-4e58-93e9-4c7b93103987@group-5E6FDAD72739, cid=79, FAILED org.apache.ratis.protocol.StateMachineException: org.apache.hadoop.hdds.scm.container.common.helpers.ContainerNotOpenException from Server 3a684e4c-bc76-4e58-93e9-4c7b93103987: Container 11 in CLOSED state, logIndex=0, commits[3a684e4c-bc76-4e58-93e9-4c7b93103987:c77, b5751b22-fb3a-4285-b61c-2ee1ccb5b2eb:c76, d3f65906-3b2c-4090-a46a-ce7eb89ef6ea:c76]
06:43:29.743 [grpc-default-executor-0] ERROR DNAudit - user=null | ip=null | op=WRITE_CHUNK {blockData=conID: 11 locID: 102438443940184079 bcsId: 72} | ret=FAILURE
org.apache.hadoop.hdds.scm.container.common.helpers.ContainerNotOpenException: Container 11 in CLOSED state
	at org.apache.hadoop.ozone.container.common.impl.HddsDispatcher.validateContainerCommand(HddsDispatcher.java:408) ~[hadoop-hdds-container-service-0.5.0-SNAPSHOT.jar:?]
	at org.apache.hadoop.ozone.container.common.transport.server.ratis.ContainerStateMachine.startTransaction(ContainerStateMachine.java:272) ~[hadoop-hdds-container-service-0.5.0-SNAPSHOT.jar:?]
	at org.apache.ratis.server.impl.RaftServerImpl.submitClientRequestAsync(RaftServerImpl.java:566) ~[ratis-server-0.4.0-2337318-SNAPSHOT.jar:0.4.0-2337318-SNAPSHOT]
	at org.apache.ratis.server.impl.RaftServerProxy.lambda$submitClientRequestAsync$7(RaftServerProxy.java:333) ~[ratis-server-0.4.0-2337318-SNAPSHOT.jar:0.4.0-2337318-SNAPSHOT]
	at org.apache.ratis.server.impl.RaftServerProxy.lambda$null$5(RaftServerProxy.java:328) ~[ratis-server-0.4.0-2337318-SNAPSHOT.jar:0.4.0-2337318-SNAPSHOT]
	at org.apache.ratis.util.JavaUtils.callAsUnchecked(JavaUtils.java:109) ~[ratis-common-0.4.0-2337318-SNAPSHOT.jar:0.4.0-2337318-SNAPSHOT]
	at org.apache.ratis.server.impl.RaftServerProxy.lambda$submitRequest$6(RaftServerProxy.java:328) ~[ratis-server-0.4.0-2337318-SNAPSHOT.jar:0.4.0-2337318-SNAPSHOT]
	at java.util.concurrent.CompletableFuture.uniComposeStage(CompletableFuture.java:981) ~[?:1.8.0_212]
	at java.util.concurrent.CompletableFuture.thenCompose(CompletableFuture.java:2124) ~[?:1.8.0_212]
	at org.apache.ratis.server.impl.RaftServerProxy.submitRequest(RaftServerProxy.java:327) ~[ratis-server-0.4.0-2337318-SNAPSHOT.jar:0.4.0-2337318-SNAPSHOT]
	at org.apache.ratis.server.impl.RaftServerProxy.submitClientRequestAsync(RaftServerProxy.java:333) ~[ratis-server-0.4.0-2337318-SNAPSHOT.jar:0.4.0-2337318-SNAPSHOT]
	at org.apache.ratis.grpc.client.GrpcClientProtocolService$RequestStreamObserver.processClientRequest(GrpcClientProtocolService.java:220) ~[ratis-grpc-0.4.0-2337318-SNAPSHOT.jar:0.4.0-2337318-SNAPSHOT]
	at org.apache.ratis.grpc.client.GrpcClientProtocolService$OrderedRequestStreamObserver.processClientRequest(GrpcClientProtocolService.java:326) ~[ratis-grpc-0.4.0-2337318-SNAPSHOT.jar:0.4.0-2337318-SNAPSHOT]
	at org.apache.ratis.util.SlidingWindow$Server.processRequestsFromHead(SlidingWindow.java:429) [ratis-common-0.4.0-2337318-SNAPSHOT.jar:0.4.0-2337318-SNAPSHOT]
	at org.apache.ratis.util.SlidingWindow$Server.receivedRequest(SlidingWindow.java:421) [ratis-common-0.4.0-2337318-SNAPSHOT.jar:0.4.0-2337318-SNAPSHOT]
	at org.apache.ratis.grpc.client.GrpcClientProtocolService$OrderedRequestStreamObserver.processClientRequest(GrpcClientProtocolService.java:345) [ratis-grpc-0.4.0-2337318-SNAPSHOT.jar:0.4.0-2337318-SNAPSHOT]
	at org.apache.ratis.grpc.client.GrpcClientProtocolService$RequestStreamObserver.onNext(GrpcClientProtocolService.java:240) [ratis-grpc-0.4.0-2337318-SNAPSHOT.jar:0.4.0-2337318-SNAPSHOT]
	at org.apache.ratis.grpc.client.GrpcClientProtocolService$RequestStreamObserver.onNext(GrpcClientProtocolService.java:168) [ratis-grpc-0.4.0-2337318-SNAPSHOT.jar:0.4.0-2337318-SNAPSHOT]
	at org.apache.ratis.thirdparty.io.grpc.stub.ServerCalls$StreamingServerCallHandler$StreamingServerCallListener.onMessage(ServerCalls.java:248) [ratis-thirdparty-misc-0.2.0.jar:0.2.0]
	at org.apache.ratis.thirdparty.io.grpc.internal.ServerCallImpl$ServerStreamListenerImpl.messagesAvailable(ServerCallImpl.java:263) [ratis-thirdparty-misc-0.2.0.jar:0.2.0]
	at org.apache.ratis.thirdparty.io.grpc.internal.ServerImpl$JumpToApplicationThreadServerStreamListener$1MessagesAvailable.runInContext(ServerImpl.java:686) [ratis-thirdparty-misc-0.2.0.jar:0.2.0]
	at org.apache.ratis.thirdparty.io.grpc.internal.ContextRunnable.run(ContextRunnable.java:37) [ratis-thirdparty-misc-0.2.0.jar:0.2.0]
	at org.apache.ratis.thirdparty.io.grpc.internal.SerializingExecutor.run(SerializingExecutor.java:123) [ratis-thirdparty-misc-0.2.0.jar:0.2.0]
	at java.util.concurrent.ThreadPoolExecutor.runWorker(ThreadPoolExecutor.java:1149) [?:1.8.0_212]
	at java.util.concurrent.ThreadPoolExecutor$Worker.run(ThreadPoolExecutor.java:624) [?:1.8.0_212]
	at java.lang.Thread.run(Thread.java:748) [?:1.8.0_212]
06:43:29.751 [grpc-default-executor-0] ERROR DNAudit - user=null | ip=null | op=PUT_BLOCK {blockData=[blockId=conID: 11 locID: 102438443940184079 bcsId: 0,size=4194304]} | ret=FAILURE
org.apache.hadoop.hdds.scm.container.common.helpers.ContainerNotOpenException: Container 11 in CLOSED state
	at org.apache.hadoop.ozone.container.common.impl.HddsDispatcher.validateContainerCommand(HddsDispatcher.java:408) ~[hadoop-hdds-container-service-0.5.0-SNAPSHOT.jar:?]
	at org.apache.hadoop.ozone.container.common.transport.server.ratis.ContainerStateMachine.startTransaction(ContainerStateMachine.java:272) ~[hadoop-hdds-container-service-0.5.0-SNAPSHOT.jar:?]
	at org.apache.ratis.server.impl.RaftServerImpl.submitClientRequestAsync(RaftServerImpl.java:566) ~[ratis-server-0.4.0-2337318-SNAPSHOT.jar:0.4.0-2337318-SNAPSHOT]
	at org.apache.ratis.server.impl.RaftServerProxy.lambda$submitClientRequestAsync$7(RaftServerProxy.java:333) ~[ratis-server-0.4.0-2337318-SNAPSHOT.jar:0.4.0-2337318-SNAPSHOT]
	at org.apache.ratis.server.impl.RaftServerProxy.lambda$null$5(RaftServerProxy.java:328) ~[ratis-server-0.4.0-2337318-SNAPSHOT.jar:0.4.0-2337318-SNAPSHOT]
	at org.apache.ratis.util.JavaUtils.callAsUnchecked(JavaUtils.java:109) ~[ratis-common-0.4.0-2337318-SNAPSHOT.jar:0.4.0-2337318-SNAPSHOT]
	at org.apache.ratis.server.impl.RaftServerProxy.lambda$submitRequest$6(RaftServerProxy.java:328) ~[ratis-server-0.4.0-2337318-SNAPSHOT.jar:0.4.0-2337318-SNAPSHOT]
	at java.util.concurrent.CompletableFuture.uniComposeStage(CompletableFuture.java:981) ~[?:1.8.0_212]
	at java.util.concurrent.CompletableFuture.thenCompose(CompletableFuture.java:2124) ~[?:1.8.0_212]
	at org.apache.ratis.server.impl.RaftServerProxy.submitRequest(RaftServerProxy.java:327) ~[ratis-server-0.4.0-2337318-SNAPSHOT.jar:0.4.0-2337318-SNAPSHOT]
	at org.apache.ratis.server.impl.RaftServerProxy.submitClientRequestAsync(RaftServerProxy.java:333) ~[ratis-server-0.4.0-2337318-SNAPSHOT.jar:0.4.0-2337318-SNAPSHOT]
	at org.apache.ratis.grpc.client.GrpcClientProtocolService$RequestStreamObserver.processClientRequest(GrpcClientProtocolService.java:220) ~[ratis-grpc-0.4.0-2337318-SNAPSHOT.jar:0.4.0-2337318-SNAPSHOT]
	at org.apache.ratis.grpc.client.GrpcClientProtocolService$OrderedRequestStreamObserver.processClientRequest(GrpcClientProtocolService.java:326) ~[ratis-grpc-0.4.0-2337318-SNAPSHOT.jar:0.4.0-2337318-SNAPSHOT]
	at org.apache.ratis.util.SlidingWindow$Server.processRequestsFromHead(SlidingWindow.java:429) [ratis-common-0.4.0-2337318-SNAPSHOT.jar:0.4.0-2337318-SNAPSHOT]
	at org.apache.ratis.util.SlidingWindow$Server.receivedRequest(SlidingWindow.java:421) [ratis-common-0.4.0-2337318-SNAPSHOT.jar:0.4.0-2337318-SNAPSHOT]
	at org.apache.ratis.grpc.client.GrpcClientProtocolService$OrderedRequestStreamObserver.processClientRequest(GrpcClientProtocolService.java:345) [ratis-grpc-0.4.0-2337318-SNAPSHOT.jar:0.4.0-2337318-SNAPSHOT]
	at org.apache.ratis.grpc.client.GrpcClientProtocolService$RequestStreamObserver.onNext(GrpcClientProtocolService.java:240) [ratis-grpc-0.4.0-2337318-SNAPSHOT.jar:0.4.0-2337318-SNAPSHOT]
	at org.apache.ratis.grpc.client.GrpcClientProtocolService$RequestStreamObserver.onNext(GrpcClientProtocolService.java:168) [ratis-grpc-0.4.0-2337318-SNAPSHOT.jar:0.4.0-2337318-SNAPSHOT]
	at org.apache.ratis.thirdparty.io.grpc.stub.ServerCalls$StreamingServerCallHandler$StreamingServerCallListener.onMessage(ServerCalls.java:248) [ratis-thirdparty-misc-0.2.0.jar:0.2.0]
	at org.apache.ratis.thirdparty.io.grpc.internal.ServerCallImpl$ServerStreamListenerImpl.messagesAvailable(ServerCallImpl.java:263) [ratis-thirdparty-misc-0.2.0.jar:0.2.0]
	at org.apache.ratis.thirdparty.io.grpc.internal.ServerImpl$JumpToApplicationThreadServerStreamListener$1MessagesAvailable.runInContext(ServerImpl.java:686) [ratis-thirdparty-misc-0.2.0.jar:0.2.0]
	at org.apache.ratis.thirdparty.io.grpc.internal.ContextRunnable.run(ContextRunnable.java:37) [ratis-thirdparty-misc-0.2.0.jar:0.2.0]
	at org.apache.ratis.thirdparty.io.grpc.internal.SerializingExecutor.run(SerializingExecutor.java:123) [ratis-thirdparty-misc-0.2.0.jar:0.2.0]
	at java.util.concurrent.ThreadPoolExecutor.runWorker(ThreadPoolExecutor.java:1149) [?:1.8.0_212]
	at java.util.concurrent.ThreadPoolExecutor$Worker.run(ThreadPoolExecutor.java:624) [?:1.8.0_212]
	at java.lang.Thread.run(Thread.java:748) [?:1.8.0_212]
2019-07-14 06:43:29,751 INFO  client.GrpcClientProtocolClient (GrpcClientProtocolClient.java:onNext(255)) - client-FBF8FFDD50DB->3a684e4c-bc76-4e58-93e9-4c7b93103987: receive RaftClientReply:client-FBF8FFDD50DB->3a684e4c-bc76-4e58-93e9-4c7b93103987@group-5E6FDAD72739, cid=80, FAILED org.apache.ratis.protocol.StateMachineException: org.apache.hadoop.hdds.scm.container.common.helpers.ContainerNotOpenException from Server 3a684e4c-bc76-4e58-93e9-4c7b93103987: Container 11 in CLOSED state, logIndex=0, commits[3a684e4c-bc76-4e58-93e9-4c7b93103987:c77, b5751b22-fb3a-4285-b61c-2ee1ccb5b2eb:c76, d3f65906-3b2c-4090-a46a-ce7eb89ef6ea:c76]
2019-07-14 06:43:29,757 INFO  client.GrpcClientProtocolClient (GrpcClientProtocolClient.java:onNext(255)) - client-FBF8FFDD50DB->3a684e4c-bc76-4e58-93e9-4c7b93103987: receive RaftClientReply:client-FBF8FFDD50DB->3a684e4c-bc76-4e58-93e9-4c7b93103987@group-5E6FDAD72739, cid=81, FAILED org.apache.ratis.protocol.StateMachineException: org.apache.hadoop.hdds.scm.container.common.helpers.ContainerNotOpenException from Server 3a684e4c-bc76-4e58-93e9-4c7b93103987: Container 11 in CLOSED state, logIndex=0, commits[3a684e4c-bc76-4e58-93e9-4c7b93103987:c77, b5751b22-fb3a-4285-b61c-2ee1ccb5b2eb:c76, d3f65906-3b2c-4090-a46a-ce7eb89ef6ea:c76]
2019-07-14 06:43:29,890 INFO  client.GrpcClientProtocolClient (GrpcClientProtocolClient.java:onNext(255)) - client-FBF8FFDD50DB->3a684e4c-bc76-4e58-93e9-4c7b93103987: receive RaftClientReply:client-FBF8FFDD50DB->3a684e4c-bc76-4e58-93e9-4c7b93103987@group-5E6FDAD72739, cid=82, SUCCESS, logIndex=78, commits[3a684e4c-bc76-4e58-93e9-4c7b93103987:c81, b5751b22-fb3a-4285-b61c-2ee1ccb5b2eb:c77, d3f65906-3b2c-4090-a46a-ce7eb89ef6ea:c77]
2019-07-14 06:43:29,931 INFO  client.GrpcClientProtocolClient (GrpcClientProtocolClient.java:onNext(255)) - client-FBF8FFDD50DB->3a684e4c-bc76-4e58-93e9-4c7b93103987: receive RaftClientReply:client-FBF8FFDD50DB->3a684e4c-bc76-4e58-93e9-4c7b93103987@group-5E6FDAD72739, cid=83, SUCCESS, logIndex=79, commits[3a684e4c-bc76-4e58-93e9-4c7b93103987:c84, b5751b22-fb3a-4285-b61c-2ee1ccb5b2eb:c81, d3f65906-3b2c-4090-a46a-ce7eb89ef6ea:c81]
2019-07-14 06:43:29,935 INFO  client.GrpcClientProtocolClient (GrpcClientProtocolClient.java:onNext(255)) - client-FBF8FFDD50DB->3a684e4c-bc76-4e58-93e9-4c7b93103987: receive RaftClientReply:client-FBF8FFDD50DB->3a684e4c-bc76-4e58-93e9-4c7b93103987@group-5E6FDAD72739, cid=84, SUCCESS, logIndex=80, commits[3a684e4c-bc76-4e58-93e9-4c7b93103987:c84, b5751b22-fb3a-4285-b61c-2ee1ccb5b2eb:c81, d3f65906-3b2c-4090-a46a-ce7eb89ef6ea:c81]
2019-07-14 06:43:29,984 INFO  client.GrpcClientProtocolClient (GrpcClientProtocolClient.java:onNext(255)) - client-FBF8FFDD50DB->3a684e4c-bc76-4e58-93e9-4c7b93103987: receive RaftClientReply:client-FBF8FFDD50DB->3a684e4c-bc76-4e58-93e9-4c7b93103987@group-5E6FDAD72739, cid=85, SUCCESS, logIndex=81, commits[3a684e4c-bc76-4e58-93e9-4c7b93103987:c84, b5751b22-fb3a-4285-b61c-2ee1ccb5b2eb:c81, d3f65906-3b2c-4090-a46a-ce7eb89ef6ea:c81]
2019-07-14 06:43:30,088 INFO  client.GrpcClientProtocolClient (GrpcClientProtocolClient.java:onNext(255)) - client-FBF8FFDD50DB->3a684e4c-bc76-4e58-93e9-4c7b93103987: receive RaftClientReply:client-FBF8FFDD50DB->3a684e4c-bc76-4e58-93e9-4c7b93103987@group-5E6FDAD72739, cid=86, SUCCESS, logIndex=85, commits[3a684e4c-bc76-4e58-93e9-4c7b93103987:c86, b5751b22-fb3a-4285-b61c-2ee1ccb5b2eb:c84, d3f65906-3b2c-4090-a46a-ce7eb89ef6ea:c84]
2019-07-14 06:43:30,089 INFO  client.GrpcClientProtocolClient (GrpcClientProtocolClient.java:onNext(255)) - client-FBF8FFDD50DB->3a684e4c-bc76-4e58-93e9-4c7b93103987: receive RaftClientReply:client-FBF8FFDD50DB->3a684e4c-bc76-4e58-93e9-4c7b93103987@group-5E6FDAD72739, cid=87, SUCCESS, logIndex=86, commits[3a684e4c-bc76-4e58-93e9-4c7b93103987:c86, b5751b22-fb3a-4285-b61c-2ee1ccb5b2eb:c84, d3f65906-3b2c-4090-a46a-ce7eb89ef6ea:c84]
2019-07-14 06:43:30,097 INFO  client.GrpcClientProtocolClient (GrpcClientProtocolClient.java:onNext(255)) - client-FBF8FFDD50DB->3a684e4c-bc76-4e58-93e9-4c7b93103987: receive RaftClientReply:client-FBF8FFDD50DB->3a684e4c-bc76-4e58-93e9-4c7b93103987@group-5E6FDAD72739, cid=88, SUCCESS, logIndex=0, commits[3a684e4c-bc76-4e58-93e9-4c7b93103987:c87, b5751b22-fb3a-4285-b61c-2ee1ccb5b2eb:c86, d3f65906-3b2c-4090-a46a-ce7eb89ef6ea:c86]
2019-07-14 06:43:30,134 INFO  pipeline.Pipeline (Pipeline.java:getProtobufMessage(195)) - Serialize pipeline PipelineID=d97c3987-3a87-487f-95fd-5e6fdad72739 with nodesInOrder{ }
]]></system-out>
  </testcase>
  <testcase name="testMultiBlockWrites2" classname="org.apache.hadoop.ozone.client.rpc.TestCloseContainerHandlingByClient" time="1.794">
    <error type="java.lang.IllegalArgumentException">java.lang.IllegalArgumentException
	at com.google.common.base.Preconditions.checkArgument(Preconditions.java:72)
	at org.apache.hadoop.hdds.scm.XceiverClientManager.acquireClient(XceiverClientManager.java:150)
	at org.apache.hadoop.hdds.scm.XceiverClientManager.acquireClientForReadData(XceiverClientManager.java:143)
	at org.apache.hadoop.hdds.scm.storage.BlockInputStream.getChunkInfos(BlockInputStream.java:154)
	at org.apache.hadoop.hdds.scm.storage.BlockInputStream.initialize(BlockInputStream.java:118)
	at org.apache.hadoop.hdds.scm.storage.BlockInputStream.read(BlockInputStream.java:222)
	at org.apache.hadoop.ozone.client.io.KeyInputStream.read(KeyInputStream.java:171)
	at org.apache.hadoop.ozone.client.io.OzoneInputStream.read(OzoneInputStream.java:47)
	at java.io.InputStream.read(InputStream.java:101)
	at org.apache.hadoop.ozone.container.ContainerTestHelper.validateData(ContainerTestHelper.java:709)
	at org.apache.hadoop.ozone.client.rpc.TestCloseContainerHandlingByClient.validateData(TestCloseContainerHandlingByClient.java:401)
	at org.apache.hadoop.ozone.client.rpc.TestCloseContainerHandlingByClient.testMultiBlockWrites2(TestCloseContainerHandlingByClient.java:281)
	at sun.reflect.NativeMethodAccessorImpl.invoke0(Native Method)
	at sun.reflect.NativeMethodAccessorImpl.invoke(NativeMethodAccessorImpl.java:62)
	at sun.reflect.DelegatingMethodAccessorImpl.invoke(DelegatingMethodAccessorImpl.java:43)
	at java.lang.reflect.Method.invoke(Method.java:498)
	at org.junit.runners.model.FrameworkMethod$1.runReflectiveCall(FrameworkMethod.java:47)
	at org.junit.internal.runners.model.ReflectiveCallable.run(ReflectiveCallable.java:12)
	at org.junit.runners.model.FrameworkMethod.invokeExplosively(FrameworkMethod.java:44)
	at org.junit.internal.runners.statements.InvokeMethod.evaluate(InvokeMethod.java:17)
	at org.junit.runners.ParentRunner.runLeaf(ParentRunner.java:271)
	at org.junit.runners.BlockJUnit4ClassRunner.runChild(BlockJUnit4ClassRunner.java:70)
	at org.junit.runners.BlockJUnit4ClassRunner.runChild(BlockJUnit4ClassRunner.java:50)
	at org.junit.runners.ParentRunner$3.run(ParentRunner.java:238)
	at org.junit.runners.ParentRunner$1.schedule(ParentRunner.java:63)
	at org.junit.runners.ParentRunner.runChildren(ParentRunner.java:236)
	at org.junit.runners.ParentRunner.access$000(ParentRunner.java:53)
	at org.junit.runners.ParentRunner$2.evaluate(ParentRunner.java:229)
	at org.junit.internal.runners.statements.RunBefores.evaluate(RunBefores.java:26)
	at org.junit.internal.runners.statements.RunAfters.evaluate(RunAfters.java:27)
	at org.junit.runners.ParentRunner.run(ParentRunner.java:309)
	at org.apache.maven.surefire.junit4.JUnit4Provider.execute(JUnit4Provider.java:365)
	at org.apache.maven.surefire.junit4.JUnit4Provider.executeWithRerun(JUnit4Provider.java:273)
	at org.apache.maven.surefire.junit4.JUnit4Provider.executeTestSet(JUnit4Provider.java:238)
	at org.apache.maven.surefire.junit4.JUnit4Provider.invoke(JUnit4Provider.java:159)
	at org.apache.maven.surefire.booter.ForkedBooter.invokeProviderInSameClassLoader(ForkedBooter.java:384)
	at org.apache.maven.surefire.booter.ForkedBooter.runSuitesInProcess(ForkedBooter.java:345)
	at org.apache.maven.surefire.booter.ForkedBooter.execute(ForkedBooter.java:126)
	at org.apache.maven.surefire.booter.ForkedBooter.main(ForkedBooter.java:418)
</error>
    <system-out><![CDATA[2019-07-14 06:43:30,250 INFO  client.GrpcClientProtocolClient (GrpcClientProtocolClient.java:onNext(255)) - client-FBF8FFDD50DB->3a684e4c-bc76-4e58-93e9-4c7b93103987: receive RaftClientReply:client-FBF8FFDD50DB->3a684e4c-bc76-4e58-93e9-4c7b93103987@group-5E6FDAD72739, cid=89, SUCCESS, logIndex=89, commits[3a684e4c-bc76-4e58-93e9-4c7b93103987:c90, b5751b22-fb3a-4285-b61c-2ee1ccb5b2eb:c88, d3f65906-3b2c-4090-a46a-ce7eb89ef6ea:c88]
2019-07-14 06:43:30,251 INFO  client.GrpcClientProtocolClient (GrpcClientProtocolClient.java:onNext(255)) - client-FBF8FFDD50DB->3a684e4c-bc76-4e58-93e9-4c7b93103987: receive RaftClientReply:client-FBF8FFDD50DB->3a684e4c-bc76-4e58-93e9-4c7b93103987@group-5E6FDAD72739, cid=90, SUCCESS, logIndex=90, commits[3a684e4c-bc76-4e58-93e9-4c7b93103987:c90, b5751b22-fb3a-4285-b61c-2ee1ccb5b2eb:c88, d3f65906-3b2c-4090-a46a-ce7eb89ef6ea:c88]
2019-07-14 06:43:30,259 INFO  client.GrpcClientProtocolClient (GrpcClientProtocolClient.java:onNext(255)) - client-FBF8FFDD50DB->3a684e4c-bc76-4e58-93e9-4c7b93103987: receive RaftClientReply:client-FBF8FFDD50DB->3a684e4c-bc76-4e58-93e9-4c7b93103987@group-5E6FDAD72739, cid=91, SUCCESS, logIndex=91, commits[3a684e4c-bc76-4e58-93e9-4c7b93103987:c92, b5751b22-fb3a-4285-b61c-2ee1ccb5b2eb:c89, d3f65906-3b2c-4090-a46a-ce7eb89ef6ea:c88]
2019-07-14 06:43:30,259 INFO  client.GrpcClientProtocolClient (GrpcClientProtocolClient.java:onNext(255)) - client-FBF8FFDD50DB->3a684e4c-bc76-4e58-93e9-4c7b93103987: receive RaftClientReply:client-FBF8FFDD50DB->3a684e4c-bc76-4e58-93e9-4c7b93103987@group-5E6FDAD72739, cid=92, SUCCESS, logIndex=92, commits[3a684e4c-bc76-4e58-93e9-4c7b93103987:c94, b5751b22-fb3a-4285-b61c-2ee1ccb5b2eb:c89, d3f65906-3b2c-4090-a46a-ce7eb89ef6ea:c90]
2019-07-14 06:43:30,261 INFO  client.GrpcClientProtocolClient (GrpcClientProtocolClient.java:onNext(255)) - client-FBF8FFDD50DB->3a684e4c-bc76-4e58-93e9-4c7b93103987: receive RaftClientReply:client-FBF8FFDD50DB->3a684e4c-bc76-4e58-93e9-4c7b93103987@group-5E6FDAD72739, cid=93, SUCCESS, logIndex=0, commits[3a684e4c-bc76-4e58-93e9-4c7b93103987:c95, b5751b22-fb3a-4285-b61c-2ee1ccb5b2eb:c92, d3f65906-3b2c-4090-a46a-ce7eb89ef6ea:c92]
2019-07-14 06:43:30,280 INFO  client.GrpcClientProtocolClient (GrpcClientProtocolClient.java:onNext(255)) - client-FBF8FFDD50DB->3a684e4c-bc76-4e58-93e9-4c7b93103987: receive RaftClientReply:client-FBF8FFDD50DB->3a684e4c-bc76-4e58-93e9-4c7b93103987@group-5E6FDAD72739, cid=94, SUCCESS, logIndex=97, commits[3a684e4c-bc76-4e58-93e9-4c7b93103987:c98, b5751b22-fb3a-4285-b61c-2ee1ccb5b2eb:c96, d3f65906-3b2c-4090-a46a-ce7eb89ef6ea:c96]
2019-07-14 06:43:30,281 INFO  client.GrpcClientProtocolClient (GrpcClientProtocolClient.java:onNext(255)) - client-FBF8FFDD50DB->3a684e4c-bc76-4e58-93e9-4c7b93103987: receive RaftClientReply:client-FBF8FFDD50DB->3a684e4c-bc76-4e58-93e9-4c7b93103987@group-5E6FDAD72739, cid=95, SUCCESS, logIndex=98, commits[3a684e4c-bc76-4e58-93e9-4c7b93103987:c98, b5751b22-fb3a-4285-b61c-2ee1ccb5b2eb:c96, d3f65906-3b2c-4090-a46a-ce7eb89ef6ea:c96]
2019-07-14 06:43:30,296 INFO  client.GrpcClientProtocolClient (GrpcClientProtocolClient.java:onNext(255)) - client-FBF8FFDD50DB->3a684e4c-bc76-4e58-93e9-4c7b93103987: receive RaftClientReply:client-FBF8FFDD50DB->3a684e4c-bc76-4e58-93e9-4c7b93103987@group-5E6FDAD72739, cid=96, SUCCESS, logIndex=101, commits[3a684e4c-bc76-4e58-93e9-4c7b93103987:c102, b5751b22-fb3a-4285-b61c-2ee1ccb5b2eb:c98, d3f65906-3b2c-4090-a46a-ce7eb89ef6ea:c98]
2019-07-14 06:43:30,297 INFO  client.GrpcClientProtocolClient (GrpcClientProtocolClient.java:onNext(255)) - client-FBF8FFDD50DB->3a684e4c-bc76-4e58-93e9-4c7b93103987: receive RaftClientReply:client-FBF8FFDD50DB->3a684e4c-bc76-4e58-93e9-4c7b93103987@group-5E6FDAD72739, cid=97, SUCCESS, logIndex=102, commits[3a684e4c-bc76-4e58-93e9-4c7b93103987:c102, b5751b22-fb3a-4285-b61c-2ee1ccb5b2eb:c98, d3f65906-3b2c-4090-a46a-ce7eb89ef6ea:c98]
2019-07-14 06:43:30,299 INFO  client.GrpcClientProtocolClient (GrpcClientProtocolClient.java:onNext(255)) - client-FBF8FFDD50DB->3a684e4c-bc76-4e58-93e9-4c7b93103987: receive RaftClientReply:client-FBF8FFDD50DB->3a684e4c-bc76-4e58-93e9-4c7b93103987@group-5E6FDAD72739, cid=98, SUCCESS, logIndex=0, commits[3a684e4c-bc76-4e58-93e9-4c7b93103987:c104, b5751b22-fb3a-4285-b61c-2ee1ccb5b2eb:c102, d3f65906-3b2c-4090-a46a-ce7eb89ef6ea:c102]
2019-07-14 06:43:30,381 INFO  client.GrpcClientProtocolClient (GrpcClientProtocolClient.java:onNext(255)) - client-5A19F087F6B6->c9000f0a-3ad4-484d-bf97-c3dc2c0e32b0: receive RaftClientReply:client-5A19F087F6B6->c9000f0a-3ad4-484d-bf97-c3dc2c0e32b0@group-DF32A6BBDA7E, cid=99, SUCCESS, logIndex=35, commits[c9000f0a-3ad4-484d-bf97-c3dc2c0e32b0:c38, 996fe33c-902d-44b5-825f-b25fffdd237c:c34, 30964336-c32a-4a27-96dd-3ce9418922e8:c34]
2019-07-14 06:43:30,422 INFO  client.GrpcClientProtocolClient (GrpcClientProtocolClient.java:onNext(255)) - client-5A19F087F6B6->c9000f0a-3ad4-484d-bf97-c3dc2c0e32b0: receive RaftClientReply:client-5A19F087F6B6->c9000f0a-3ad4-484d-bf97-c3dc2c0e32b0@group-DF32A6BBDA7E, cid=100, SUCCESS, logIndex=36, commits[c9000f0a-3ad4-484d-bf97-c3dc2c0e32b0:c41, 996fe33c-902d-44b5-825f-b25fffdd237c:c38, 30964336-c32a-4a27-96dd-3ce9418922e8:c38]
2019-07-14 06:43:30,422 INFO  client.GrpcClientProtocolClient (GrpcClientProtocolClient.java:onNext(255)) - client-5A19F087F6B6->c9000f0a-3ad4-484d-bf97-c3dc2c0e32b0: receive RaftClientReply:client-5A19F087F6B6->c9000f0a-3ad4-484d-bf97-c3dc2c0e32b0@group-DF32A6BBDA7E, cid=101, SUCCESS, logIndex=37, commits[c9000f0a-3ad4-484d-bf97-c3dc2c0e32b0:c41, 996fe33c-902d-44b5-825f-b25fffdd237c:c38, 30964336-c32a-4a27-96dd-3ce9418922e8:c38]
2019-07-14 06:43:30,471 INFO  client.GrpcClientProtocolClient (GrpcClientProtocolClient.java:onNext(255)) - client-5A19F087F6B6->c9000f0a-3ad4-484d-bf97-c3dc2c0e32b0: receive RaftClientReply:client-5A19F087F6B6->c9000f0a-3ad4-484d-bf97-c3dc2c0e32b0@group-DF32A6BBDA7E, cid=102, SUCCESS, logIndex=38, commits[c9000f0a-3ad4-484d-bf97-c3dc2c0e32b0:c41, 996fe33c-902d-44b5-825f-b25fffdd237c:c38, 30964336-c32a-4a27-96dd-3ce9418922e8:c38]
2019-07-14 06:43:30,493 INFO  client.GrpcClientProtocolClient (GrpcClientProtocolClient.java:onNext(255)) - client-5A19F087F6B6->c9000f0a-3ad4-484d-bf97-c3dc2c0e32b0: receive RaftClientReply:client-5A19F087F6B6->c9000f0a-3ad4-484d-bf97-c3dc2c0e32b0@group-DF32A6BBDA7E, cid=103, SUCCESS, logIndex=42, commits[c9000f0a-3ad4-484d-bf97-c3dc2c0e32b0:c43, 996fe33c-902d-44b5-825f-b25fffdd237c:c41, 30964336-c32a-4a27-96dd-3ce9418922e8:c41]
2019-07-14 06:43:30,494 INFO  client.GrpcClientProtocolClient (GrpcClientProtocolClient.java:onNext(255)) - client-5A19F087F6B6->c9000f0a-3ad4-484d-bf97-c3dc2c0e32b0: receive RaftClientReply:client-5A19F087F6B6->c9000f0a-3ad4-484d-bf97-c3dc2c0e32b0@group-DF32A6BBDA7E, cid=104, SUCCESS, logIndex=43, commits[c9000f0a-3ad4-484d-bf97-c3dc2c0e32b0:c45, 996fe33c-902d-44b5-825f-b25fffdd237c:c41, 30964336-c32a-4a27-96dd-3ce9418922e8:c41]
2019-07-14 06:43:30,494 INFO  client.GrpcClientProtocolClient (GrpcClientProtocolClient.java:onNext(255)) - client-5A19F087F6B6->c9000f0a-3ad4-484d-bf97-c3dc2c0e32b0: receive RaftClientReply:client-5A19F087F6B6->c9000f0a-3ad4-484d-bf97-c3dc2c0e32b0@group-DF32A6BBDA7E, cid=105, SUCCESS, logIndex=44, commits[c9000f0a-3ad4-484d-bf97-c3dc2c0e32b0:c45, 996fe33c-902d-44b5-825f-b25fffdd237c:c41, 30964336-c32a-4a27-96dd-3ce9418922e8:c41]
2019-07-14 06:43:30,495 INFO  client.GrpcClientProtocolClient (GrpcClientProtocolClient.java:onNext(255)) - client-5A19F087F6B6->c9000f0a-3ad4-484d-bf97-c3dc2c0e32b0: receive RaftClientReply:client-5A19F087F6B6->c9000f0a-3ad4-484d-bf97-c3dc2c0e32b0@group-DF32A6BBDA7E, cid=106, SUCCESS, logIndex=45, commits[c9000f0a-3ad4-484d-bf97-c3dc2c0e32b0:c46, 996fe33c-902d-44b5-825f-b25fffdd237c:c41, 30964336-c32a-4a27-96dd-3ce9418922e8:c43]
2019-07-14 06:43:30,497 INFO  client.GrpcClientProtocolClient (GrpcClientProtocolClient.java:onNext(255)) - client-5A19F087F6B6->c9000f0a-3ad4-484d-bf97-c3dc2c0e32b0: receive RaftClientReply:client-5A19F087F6B6->c9000f0a-3ad4-484d-bf97-c3dc2c0e32b0@group-DF32A6BBDA7E, cid=107, SUCCESS, logIndex=0, commits[c9000f0a-3ad4-484d-bf97-c3dc2c0e32b0:c48, 996fe33c-902d-44b5-825f-b25fffdd237c:c45, 30964336-c32a-4a27-96dd-3ce9418922e8:c45]
2019-07-14 06:43:30,498 INFO  client.GrpcClientProtocolClient (GrpcClientProtocolClient.java:onNext(255)) - client-5A19F087F6B6->c9000f0a-3ad4-484d-bf97-c3dc2c0e32b0: receive RaftClientReply:client-5A19F087F6B6->c9000f0a-3ad4-484d-bf97-c3dc2c0e32b0@group-DF32A6BBDA7E, cid=108, SUCCESS, logIndex=0, commits[c9000f0a-3ad4-484d-bf97-c3dc2c0e32b0:c48, 996fe33c-902d-44b5-825f-b25fffdd237c:c45, 30964336-c32a-4a27-96dd-3ce9418922e8:c45]
2019-07-14 06:43:30,536 INFO  client.GrpcClientProtocolClient (GrpcClientProtocolClient.java:onNext(255)) - client-5A19F087F6B6->c9000f0a-3ad4-484d-bf97-c3dc2c0e32b0: receive RaftClientReply:client-5A19F087F6B6->c9000f0a-3ad4-484d-bf97-c3dc2c0e32b0@group-DF32A6BBDA7E, cid=109, SUCCESS, logIndex=49, commits[c9000f0a-3ad4-484d-bf97-c3dc2c0e32b0:c50, 996fe33c-902d-44b5-825f-b25fffdd237c:c48, 30964336-c32a-4a27-96dd-3ce9418922e8:c48]
2019-07-14 06:43:30,536 INFO  client.GrpcClientProtocolClient (GrpcClientProtocolClient.java:onNext(255)) - client-5A19F087F6B6->c9000f0a-3ad4-484d-bf97-c3dc2c0e32b0: receive RaftClientReply:client-5A19F087F6B6->c9000f0a-3ad4-484d-bf97-c3dc2c0e32b0@group-DF32A6BBDA7E, cid=110, SUCCESS, logIndex=50, commits[c9000f0a-3ad4-484d-bf97-c3dc2c0e32b0:c50, 996fe33c-902d-44b5-825f-b25fffdd237c:c48, 30964336-c32a-4a27-96dd-3ce9418922e8:c48]
2019-07-14 06:43:30,546 INFO  client.GrpcClientProtocolClient (GrpcClientProtocolClient.java:onNext(255)) - client-5A19F087F6B6->c9000f0a-3ad4-484d-bf97-c3dc2c0e32b0: receive RaftClientReply:client-5A19F087F6B6->c9000f0a-3ad4-484d-bf97-c3dc2c0e32b0@group-DF32A6BBDA7E, cid=111, SUCCESS, logIndex=0, commits[c9000f0a-3ad4-484d-bf97-c3dc2c0e32b0:c51, 996fe33c-902d-44b5-825f-b25fffdd237c:c50, 30964336-c32a-4a27-96dd-3ce9418922e8:c50]
2019-07-14 06:43:30,578 INFO  client.GrpcClientProtocolClient (GrpcClientProtocolClient.java:onNext(255)) - client-5A19F087F6B6->c9000f0a-3ad4-484d-bf97-c3dc2c0e32b0: receive RaftClientReply:client-5A19F087F6B6->c9000f0a-3ad4-484d-bf97-c3dc2c0e32b0@group-DF32A6BBDA7E, cid=112, SUCCESS, logIndex=53, commits[c9000f0a-3ad4-484d-bf97-c3dc2c0e32b0:c54, 996fe33c-902d-44b5-825f-b25fffdd237c:c52, 30964336-c32a-4a27-96dd-3ce9418922e8:c52]
2019-07-14 06:43:30,583 INFO  client.GrpcClientProtocolClient (GrpcClientProtocolClient.java:onNext(255)) - client-5A19F087F6B6->c9000f0a-3ad4-484d-bf97-c3dc2c0e32b0: receive RaftClientReply:client-5A19F087F6B6->c9000f0a-3ad4-484d-bf97-c3dc2c0e32b0@group-DF32A6BBDA7E, cid=113, SUCCESS, logIndex=54, commits[c9000f0a-3ad4-484d-bf97-c3dc2c0e32b0:c54, 996fe33c-902d-44b5-825f-b25fffdd237c:c52, 30964336-c32a-4a27-96dd-3ce9418922e8:c52]
2019-07-14 06:43:30,589 INFO  client.GrpcClientProtocolClient (GrpcClientProtocolClient.java:onNext(255)) - client-5A19F087F6B6->c9000f0a-3ad4-484d-bf97-c3dc2c0e32b0: receive RaftClientReply:client-5A19F087F6B6->c9000f0a-3ad4-484d-bf97-c3dc2c0e32b0@group-DF32A6BBDA7E, cid=114, SUCCESS, logIndex=0, commits[c9000f0a-3ad4-484d-bf97-c3dc2c0e32b0:c55, 996fe33c-902d-44b5-825f-b25fffdd237c:c54, 30964336-c32a-4a27-96dd-3ce9418922e8:c54]
2019-07-14 06:43:30,595 INFO  container.CloseContainerEventHandler (CloseContainerEventHandler.java:onMessage(61)) - Close container Event triggered for container : #2
2019-07-14 06:43:30,596 INFO  container.CloseContainerEventHandler (CloseContainerEventHandler.java:onMessage(61)) - Close container Event triggered for container : #2
2019-07-14 06:43:30,596 INFO  container.CloseContainerEventHandler (CloseContainerEventHandler.java:onMessage(61)) - Close container Event triggered for container : #2
2019-07-14 06:43:30,596 INFO  container.CloseContainerEventHandler (CloseContainerEventHandler.java:onMessage(61)) - Close container Event triggered for container : #13
2019-07-14 06:43:30,596 INFO  container.CloseContainerEventHandler (CloseContainerEventHandler.java:onMessage(61)) - Close container Event triggered for container : #13
2019-07-14 06:43:30,596 INFO  container.CloseContainerEventHandler (CloseContainerEventHandler.java:onMessage(61)) - Close container Event triggered for container : #13
2019-07-14 06:43:30,596 INFO  container.CloseContainerEventHandler (CloseContainerEventHandler.java:onMessage(61)) - Close container Event triggered for container : #4
2019-07-14 06:43:30,597 INFO  container.CloseContainerEventHandler (CloseContainerEventHandler.java:onMessage(61)) - Close container Event triggered for container : #4
2019-07-14 06:43:30,597 INFO  container.CloseContainerEventHandler (CloseContainerEventHandler.java:onMessage(61)) - Close container Event triggered for container : #4
2019-07-14 06:43:31,412 INFO  interfaces.Container (KeyValueContainer.java:compactDB(356)) - Container 2 is closed with bcsId 102.
2019-07-14 06:43:31,417 INFO  interfaces.Container (KeyValueContainer.java:compactDB(356)) - Container 2 is closed with bcsId 102.
2019-07-14 06:43:31,420 INFO  interfaces.Container (KeyValueContainer.java:compactDB(356)) - Container 2 is closed with bcsId 102.
2019-07-14 06:43:31,547 INFO  interfaces.Container (KeyValueContainer.java:compactDB(356)) - Container 13 is closed with bcsId 45.
2019-07-14 06:43:31,555 INFO  interfaces.Container (KeyValueContainer.java:compactDB(356)) - Container 13 is closed with bcsId 45.
2019-07-14 06:43:31,558 INFO  interfaces.Container (KeyValueContainer.java:compactDB(356)) - Container 13 is closed with bcsId 45.
2019-07-14 06:43:31,586 INFO  interfaces.Container (KeyValueContainer.java:compactDB(356)) - Container 4 is closed with bcsId 54.
2019-07-14 06:43:31,595 INFO  interfaces.Container (KeyValueContainer.java:compactDB(356)) - Container 4 is closed with bcsId 54.
2019-07-14 06:43:31,595 INFO  interfaces.Container (KeyValueContainer.java:compactDB(356)) - Container 4 is closed with bcsId 54.
06:43:31.599 [grpc-default-executor-0] ERROR DNAudit - user=null | ip=null | op=WRITE_CHUNK {blockData=conID: 4 locID: 102438444106514452 bcsId: 54} | ret=FAILURE
org.apache.hadoop.hdds.scm.container.common.helpers.ContainerNotOpenException: Container 4 in CLOSED state
	at org.apache.hadoop.ozone.container.common.impl.HddsDispatcher.validateContainerCommand(HddsDispatcher.java:408) ~[hadoop-hdds-container-service-0.5.0-SNAPSHOT.jar:?]
	at org.apache.hadoop.ozone.container.common.transport.server.ratis.ContainerStateMachine.startTransaction(ContainerStateMachine.java:272) ~[hadoop-hdds-container-service-0.5.0-SNAPSHOT.jar:?]
	at org.apache.ratis.server.impl.RaftServerImpl.submitClientRequestAsync(RaftServerImpl.java:566) ~[ratis-server-0.4.0-2337318-SNAPSHOT.jar:0.4.0-2337318-SNAPSHOT]
	at org.apache.ratis.server.impl.RaftServerProxy.lambda$submitClientRequestAsync$7(RaftServerProxy.java:333) ~[ratis-server-0.4.0-2337318-SNAPSHOT.jar:0.4.0-2337318-SNAPSHOT]
	at org.apache.ratis.server.impl.RaftServerProxy.lambda$null$5(RaftServerProxy.java:328) ~[ratis-server-0.4.0-2337318-SNAPSHOT.jar:0.4.0-2337318-SNAPSHOT]
	at org.apache.ratis.util.JavaUtils.callAsUnchecked(JavaUtils.java:109) ~[ratis-common-0.4.0-2337318-SNAPSHOT.jar:0.4.0-2337318-SNAPSHOT]
	at org.apache.ratis.server.impl.RaftServerProxy.lambda$submitRequest$6(RaftServerProxy.java:328) ~[ratis-server-0.4.0-2337318-SNAPSHOT.jar:0.4.0-2337318-SNAPSHOT]
	at java.util.concurrent.CompletableFuture.uniComposeStage(CompletableFuture.java:981) ~[?:1.8.0_212]
	at java.util.concurrent.CompletableFuture.thenCompose(CompletableFuture.java:2124) ~[?:1.8.0_212]
	at org.apache.ratis.server.impl.RaftServerProxy.submitRequest(RaftServerProxy.java:327) ~[ratis-server-0.4.0-2337318-SNAPSHOT.jar:0.4.0-2337318-SNAPSHOT]
	at org.apache.ratis.server.impl.RaftServerProxy.submitClientRequestAsync(RaftServerProxy.java:333) ~[ratis-server-0.4.0-2337318-SNAPSHOT.jar:0.4.0-2337318-SNAPSHOT]
	at org.apache.ratis.grpc.client.GrpcClientProtocolService$RequestStreamObserver.processClientRequest(GrpcClientProtocolService.java:220) ~[ratis-grpc-0.4.0-2337318-SNAPSHOT.jar:0.4.0-2337318-SNAPSHOT]
	at org.apache.ratis.grpc.client.GrpcClientProtocolService$OrderedRequestStreamObserver.processClientRequest(GrpcClientProtocolService.java:326) ~[ratis-grpc-0.4.0-2337318-SNAPSHOT.jar:0.4.0-2337318-SNAPSHOT]
	at org.apache.ratis.util.SlidingWindow$Server.processRequestsFromHead(SlidingWindow.java:429) [ratis-common-0.4.0-2337318-SNAPSHOT.jar:0.4.0-2337318-SNAPSHOT]
	at org.apache.ratis.util.SlidingWindow$Server.receivedRequest(SlidingWindow.java:421) [ratis-common-0.4.0-2337318-SNAPSHOT.jar:0.4.0-2337318-SNAPSHOT]
	at org.apache.ratis.grpc.client.GrpcClientProtocolService$OrderedRequestStreamObserver.processClientRequest(GrpcClientProtocolService.java:345) [ratis-grpc-0.4.0-2337318-SNAPSHOT.jar:0.4.0-2337318-SNAPSHOT]
	at org.apache.ratis.grpc.client.GrpcClientProtocolService$RequestStreamObserver.onNext(GrpcClientProtocolService.java:240) [ratis-grpc-0.4.0-2337318-SNAPSHOT.jar:0.4.0-2337318-SNAPSHOT]
	at org.apache.ratis.grpc.client.GrpcClientProtocolService$RequestStreamObserver.onNext(GrpcClientProtocolService.java:168) [ratis-grpc-0.4.0-2337318-SNAPSHOT.jar:0.4.0-2337318-SNAPSHOT]
	at org.apache.ratis.thirdparty.io.grpc.stub.ServerCalls$StreamingServerCallHandler$StreamingServerCallListener.onMessage(ServerCalls.java:248) [ratis-thirdparty-misc-0.2.0.jar:0.2.0]
	at org.apache.ratis.thirdparty.io.grpc.internal.ServerCallImpl$ServerStreamListenerImpl.messagesAvailable(ServerCallImpl.java:263) [ratis-thirdparty-misc-0.2.0.jar:0.2.0]
	at org.apache.ratis.thirdparty.io.grpc.internal.ServerImpl$JumpToApplicationThreadServerStreamListener$1MessagesAvailable.runInContext(ServerImpl.java:686) [ratis-thirdparty-misc-0.2.0.jar:0.2.0]
	at org.apache.ratis.thirdparty.io.grpc.internal.ContextRunnable.run(ContextRunnable.java:37) [ratis-thirdparty-misc-0.2.0.jar:0.2.0]
	at org.apache.ratis.thirdparty.io.grpc.internal.SerializingExecutor.run(SerializingExecutor.java:123) [ratis-thirdparty-misc-0.2.0.jar:0.2.0]
	at java.util.concurrent.ThreadPoolExecutor.runWorker(ThreadPoolExecutor.java:1149) [?:1.8.0_212]
	at java.util.concurrent.ThreadPoolExecutor$Worker.run(ThreadPoolExecutor.java:624) [?:1.8.0_212]
	at java.lang.Thread.run(Thread.java:748) [?:1.8.0_212]
06:43:31.606 [grpc-default-executor-0] ERROR DNAudit - user=null | ip=null | op=PUT_BLOCK {blockData=[blockId=conID: 4 locID: 102438444106514452 bcsId: 0,size=2621440]} | ret=FAILURE
org.apache.hadoop.hdds.scm.container.common.helpers.ContainerNotOpenException: Container 4 in CLOSED state
	at org.apache.hadoop.ozone.container.common.impl.HddsDispatcher.validateContainerCommand(HddsDispatcher.java:408) ~[hadoop-hdds-container-service-0.5.0-SNAPSHOT.jar:?]
	at org.apache.hadoop.ozone.container.common.transport.server.ratis.ContainerStateMachine.startTransaction(ContainerStateMachine.java:272) ~[hadoop-hdds-container-service-0.5.0-SNAPSHOT.jar:?]
	at org.apache.ratis.server.impl.RaftServerImpl.submitClientRequestAsync(RaftServerImpl.java:566) ~[ratis-server-0.4.0-2337318-SNAPSHOT.jar:0.4.0-2337318-SNAPSHOT]
	at org.apache.ratis.server.impl.RaftServerProxy.lambda$submitClientRequestAsync$7(RaftServerProxy.java:333) ~[ratis-server-0.4.0-2337318-SNAPSHOT.jar:0.4.0-2337318-SNAPSHOT]
	at org.apache.ratis.server.impl.RaftServerProxy.lambda$null$5(RaftServerProxy.java:328) ~[ratis-server-0.4.0-2337318-SNAPSHOT.jar:0.4.0-2337318-SNAPSHOT]
	at org.apache.ratis.util.JavaUtils.callAsUnchecked(JavaUtils.java:109) ~[ratis-common-0.4.0-2337318-SNAPSHOT.jar:0.4.0-2337318-SNAPSHOT]
	at org.apache.ratis.server.impl.RaftServerProxy.lambda$submitRequest$6(RaftServerProxy.java:328) ~[ratis-server-0.4.0-2337318-SNAPSHOT.jar:0.4.0-2337318-SNAPSHOT]
	at java.util.concurrent.CompletableFuture.uniComposeStage(CompletableFuture.java:981) ~[?:1.8.0_212]
	at java.util.concurrent.CompletableFuture.thenCompose(CompletableFuture.java:2124) ~[?:1.8.0_212]
	at org.apache.ratis.server.impl.RaftServerProxy.submitRequest(RaftServerProxy.java:327) ~[ratis-server-0.4.0-2337318-SNAPSHOT.jar:0.4.0-2337318-SNAPSHOT]
	at org.apache.ratis.server.impl.RaftServerProxy.submitClientRequestAsync(RaftServerProxy.java:333) ~[ratis-server-0.4.0-2337318-SNAPSHOT.jar:0.4.0-2337318-SNAPSHOT]
	at org.apache.ratis.grpc.client.GrpcClientProtocolService$RequestStreamObserver.processClientRequest(GrpcClientProtocolService.java:220) ~[ratis-grpc-0.4.0-2337318-SNAPSHOT.jar:0.4.0-2337318-SNAPSHOT]
	at org.apache.ratis.grpc.client.GrpcClientProtocolService$OrderedRequestStreamObserver.processClientRequest(GrpcClientProtocolService.java:326) ~[ratis-grpc-0.4.0-2337318-SNAPSHOT.jar:0.4.0-2337318-SNAPSHOT]
	at org.apache.ratis.util.SlidingWindow$Server.processRequestsFromHead(SlidingWindow.java:429) [ratis-common-0.4.0-2337318-SNAPSHOT.jar:0.4.0-2337318-SNAPSHOT]
	at org.apache.ratis.util.SlidingWindow$Server.receivedRequest(SlidingWindow.java:421) [ratis-common-0.4.0-2337318-SNAPSHOT.jar:0.4.0-2337318-SNAPSHOT]
	at org.apache.ratis.grpc.client.GrpcClientProtocolService$OrderedRequestStreamObserver.processClientRequest(GrpcClientProtocolService.java:345) [ratis-grpc-0.4.0-2337318-SNAPSHOT.jar:0.4.0-2337318-SNAPSHOT]
	at org.apache.ratis.grpc.client.GrpcClientProtocolService$RequestStreamObserver.onNext(GrpcClientProtocolService.java:240) [ratis-grpc-0.4.0-2337318-SNAPSHOT.jar:0.4.0-2337318-SNAPSHOT]
	at org.apache.ratis.grpc.client.GrpcClientProtocolService$RequestStreamObserver.onNext(GrpcClientProtocolService.java:168) [ratis-grpc-0.4.0-2337318-SNAPSHOT.jar:0.4.0-2337318-SNAPSHOT]
	at org.apache.ratis.thirdparty.io.grpc.stub.ServerCalls$StreamingServerCallHandler$StreamingServerCallListener.onMessage(ServerCalls.java:248) [ratis-thirdparty-misc-0.2.0.jar:0.2.0]
	at org.apache.ratis.thirdparty.io.grpc.internal.ServerCallImpl$ServerStreamListenerImpl.messagesAvailable(ServerCallImpl.java:263) [ratis-thirdparty-misc-0.2.0.jar:0.2.0]
	at org.apache.ratis.thirdparty.io.grpc.internal.ServerImpl$JumpToApplicationThreadServerStreamListener$1MessagesAvailable.runInContext(ServerImpl.java:686) [ratis-thirdparty-misc-0.2.0.jar:0.2.0]
	at org.apache.ratis.thirdparty.io.grpc.internal.ContextRunnable.run(ContextRunnable.java:37) [ratis-thirdparty-misc-0.2.0.jar:0.2.0]
	at org.apache.ratis.thirdparty.io.grpc.internal.SerializingExecutor.run(SerializingExecutor.java:123) [ratis-thirdparty-misc-0.2.0.jar:0.2.0]
	at java.util.concurrent.ThreadPoolExecutor.runWorker(ThreadPoolExecutor.java:1149) [?:1.8.0_212]
	at java.util.concurrent.ThreadPoolExecutor$Worker.run(ThreadPoolExecutor.java:624) [?:1.8.0_212]
	at java.lang.Thread.run(Thread.java:748) [?:1.8.0_212]
2019-07-14 06:43:31,606 INFO  client.GrpcClientProtocolClient (GrpcClientProtocolClient.java:onNext(255)) - client-5A19F087F6B6->c9000f0a-3ad4-484d-bf97-c3dc2c0e32b0: receive RaftClientReply:client-5A19F087F6B6->c9000f0a-3ad4-484d-bf97-c3dc2c0e32b0@group-DF32A6BBDA7E, cid=115, FAILED org.apache.ratis.protocol.StateMachineException: org.apache.hadoop.hdds.scm.container.common.helpers.ContainerNotOpenException from Server c9000f0a-3ad4-484d-bf97-c3dc2c0e32b0: Container 4 in CLOSED state, logIndex=0, commits[c9000f0a-3ad4-484d-bf97-c3dc2c0e32b0:c60, 996fe33c-902d-44b5-825f-b25fffdd237c:c59, 30964336-c32a-4a27-96dd-3ce9418922e8:c59]
2019-07-14 06:43:31,611 INFO  client.GrpcClientProtocolClient (GrpcClientProtocolClient.java:onNext(255)) - client-5A19F087F6B6->c9000f0a-3ad4-484d-bf97-c3dc2c0e32b0: receive RaftClientReply:client-5A19F087F6B6->c9000f0a-3ad4-484d-bf97-c3dc2c0e32b0@group-DF32A6BBDA7E, cid=116, FAILED org.apache.ratis.protocol.StateMachineException: org.apache.hadoop.hdds.scm.container.common.helpers.ContainerNotOpenException from Server c9000f0a-3ad4-484d-bf97-c3dc2c0e32b0: Container 4 in CLOSED state, logIndex=0, commits[c9000f0a-3ad4-484d-bf97-c3dc2c0e32b0:c60, 996fe33c-902d-44b5-825f-b25fffdd237c:c59, 30964336-c32a-4a27-96dd-3ce9418922e8:c59]
2019-07-14 06:43:31,758 INFO  client.GrpcClientProtocolClient (GrpcClientProtocolClient.java:onNext(255)) - client-5A19F087F6B6->c9000f0a-3ad4-484d-bf97-c3dc2c0e32b0: receive RaftClientReply:client-5A19F087F6B6->c9000f0a-3ad4-484d-bf97-c3dc2c0e32b0@group-DF32A6BBDA7E, cid=117, SUCCESS, logIndex=61, commits[c9000f0a-3ad4-484d-bf97-c3dc2c0e32b0:c62, 996fe33c-902d-44b5-825f-b25fffdd237c:c60, 30964336-c32a-4a27-96dd-3ce9418922e8:c60]
2019-07-14 06:43:31,790 INFO  client.GrpcClientProtocolClient (GrpcClientProtocolClient.java:onNext(255)) - client-5A19F087F6B6->c9000f0a-3ad4-484d-bf97-c3dc2c0e32b0: receive RaftClientReply:client-5A19F087F6B6->c9000f0a-3ad4-484d-bf97-c3dc2c0e32b0@group-DF32A6BBDA7E, cid=118, SUCCESS, logIndex=62, commits[c9000f0a-3ad4-484d-bf97-c3dc2c0e32b0:c64, 996fe33c-902d-44b5-825f-b25fffdd237c:c62, 30964336-c32a-4a27-96dd-3ce9418922e8:c62]
2019-07-14 06:43:31,922 INFO  pipeline.Pipeline (Pipeline.java:getProtobufMessage(195)) - Serialize pipeline PipelineID=fe58368d-6af5-4ce7-87ee-df32a6bbda7e with nodesInOrder{ }
]]></system-out>
  </testcase>
  <testcase name="testMultiBlockWrites3" classname="org.apache.hadoop.ozone.client.rpc.TestCloseContainerHandlingByClient" time="3.132">
    <error type="java.lang.IllegalArgumentException">java.lang.IllegalArgumentException
	at com.google.common.base.Preconditions.checkArgument(Preconditions.java:72)
	at org.apache.hadoop.hdds.scm.XceiverClientManager.acquireClient(XceiverClientManager.java:150)
	at org.apache.hadoop.hdds.scm.XceiverClientManager.acquireClientForReadData(XceiverClientManager.java:143)
	at org.apache.hadoop.hdds.scm.storage.BlockInputStream.getChunkInfos(BlockInputStream.java:154)
	at org.apache.hadoop.hdds.scm.storage.BlockInputStream.initialize(BlockInputStream.java:118)
	at org.apache.hadoop.hdds.scm.storage.BlockInputStream.read(BlockInputStream.java:222)
	at org.apache.hadoop.ozone.client.io.KeyInputStream.read(KeyInputStream.java:171)
	at org.apache.hadoop.ozone.client.io.OzoneInputStream.read(OzoneInputStream.java:47)
	at java.io.InputStream.read(InputStream.java:101)
	at org.apache.hadoop.ozone.client.rpc.TestCloseContainerHandlingByClient.testMultiBlockWrites3(TestCloseContainerHandlingByClient.java:325)
	at sun.reflect.NativeMethodAccessorImpl.invoke0(Native Method)
	at sun.reflect.NativeMethodAccessorImpl.invoke(NativeMethodAccessorImpl.java:62)
	at sun.reflect.DelegatingMethodAccessorImpl.invoke(DelegatingMethodAccessorImpl.java:43)
	at java.lang.reflect.Method.invoke(Method.java:498)
	at org.junit.runners.model.FrameworkMethod$1.runReflectiveCall(FrameworkMethod.java:47)
	at org.junit.internal.runners.model.ReflectiveCallable.run(ReflectiveCallable.java:12)
	at org.junit.runners.model.FrameworkMethod.invokeExplosively(FrameworkMethod.java:44)
	at org.junit.internal.runners.statements.InvokeMethod.evaluate(InvokeMethod.java:17)
	at org.junit.runners.ParentRunner.runLeaf(ParentRunner.java:271)
	at org.junit.runners.BlockJUnit4ClassRunner.runChild(BlockJUnit4ClassRunner.java:70)
	at org.junit.runners.BlockJUnit4ClassRunner.runChild(BlockJUnit4ClassRunner.java:50)
	at org.junit.runners.ParentRunner$3.run(ParentRunner.java:238)
	at org.junit.runners.ParentRunner$1.schedule(ParentRunner.java:63)
	at org.junit.runners.ParentRunner.runChildren(ParentRunner.java:236)
	at org.junit.runners.ParentRunner.access$000(ParentRunner.java:53)
	at org.junit.runners.ParentRunner$2.evaluate(ParentRunner.java:229)
	at org.junit.internal.runners.statements.RunBefores.evaluate(RunBefores.java:26)
	at org.junit.internal.runners.statements.RunAfters.evaluate(RunAfters.java:27)
	at org.junit.runners.ParentRunner.run(ParentRunner.java:309)
	at org.apache.maven.surefire.junit4.JUnit4Provider.execute(JUnit4Provider.java:365)
	at org.apache.maven.surefire.junit4.JUnit4Provider.executeWithRerun(JUnit4Provider.java:273)
	at org.apache.maven.surefire.junit4.JUnit4Provider.executeTestSet(JUnit4Provider.java:238)
	at org.apache.maven.surefire.junit4.JUnit4Provider.invoke(JUnit4Provider.java:159)
	at org.apache.maven.surefire.booter.ForkedBooter.invokeProviderInSameClassLoader(ForkedBooter.java:384)
	at org.apache.maven.surefire.booter.ForkedBooter.runSuitesInProcess(ForkedBooter.java:345)
	at org.apache.maven.surefire.booter.ForkedBooter.execute(ForkedBooter.java:126)
	at org.apache.maven.surefire.booter.ForkedBooter.main(ForkedBooter.java:418)
</error>
    <system-out><![CDATA[2019-07-14 06:43:32,238 INFO  client.GrpcClientProtocolClient (GrpcClientProtocolClient.java:onNext(255)) - client-5A19F087F6B6->c9000f0a-3ad4-484d-bf97-c3dc2c0e32b0: receive RaftClientReply:client-5A19F087F6B6->c9000f0a-3ad4-484d-bf97-c3dc2c0e32b0@group-DF32A6BBDA7E, cid=119, SUCCESS, logIndex=65, commits[c9000f0a-3ad4-484d-bf97-c3dc2c0e32b0:c68, 996fe33c-902d-44b5-825f-b25fffdd237c:c64, 30964336-c32a-4a27-96dd-3ce9418922e8:c64]
2019-07-14 06:43:32,279 INFO  client.GrpcClientProtocolClient (GrpcClientProtocolClient.java:onNext(255)) - client-5A19F087F6B6->c9000f0a-3ad4-484d-bf97-c3dc2c0e32b0: receive RaftClientReply:client-5A19F087F6B6->c9000f0a-3ad4-484d-bf97-c3dc2c0e32b0@group-DF32A6BBDA7E, cid=120, SUCCESS, logIndex=66, commits[c9000f0a-3ad4-484d-bf97-c3dc2c0e32b0:c71, 996fe33c-902d-44b5-825f-b25fffdd237c:c68, 30964336-c32a-4a27-96dd-3ce9418922e8:c68]
2019-07-14 06:43:32,280 INFO  client.GrpcClientProtocolClient (GrpcClientProtocolClient.java:onNext(255)) - client-5A19F087F6B6->c9000f0a-3ad4-484d-bf97-c3dc2c0e32b0: receive RaftClientReply:client-5A19F087F6B6->c9000f0a-3ad4-484d-bf97-c3dc2c0e32b0@group-DF32A6BBDA7E, cid=121, SUCCESS, logIndex=67, commits[c9000f0a-3ad4-484d-bf97-c3dc2c0e32b0:c71, 996fe33c-902d-44b5-825f-b25fffdd237c:c68, 30964336-c32a-4a27-96dd-3ce9418922e8:c68]
2019-07-14 06:43:32,342 INFO  client.GrpcClientProtocolClient (GrpcClientProtocolClient.java:onNext(255)) - client-5A19F087F6B6->c9000f0a-3ad4-484d-bf97-c3dc2c0e32b0: receive RaftClientReply:client-5A19F087F6B6->c9000f0a-3ad4-484d-bf97-c3dc2c0e32b0@group-DF32A6BBDA7E, cid=122, SUCCESS, logIndex=68, commits[c9000f0a-3ad4-484d-bf97-c3dc2c0e32b0:c71, 996fe33c-902d-44b5-825f-b25fffdd237c:c68, 30964336-c32a-4a27-96dd-3ce9418922e8:c68]
2019-07-14 06:43:32,357 INFO  client.GrpcClientProtocolClient (GrpcClientProtocolClient.java:onNext(255)) - client-5A19F087F6B6->c9000f0a-3ad4-484d-bf97-c3dc2c0e32b0: receive RaftClientReply:client-5A19F087F6B6->c9000f0a-3ad4-484d-bf97-c3dc2c0e32b0@group-DF32A6BBDA7E, cid=123, SUCCESS, logIndex=72, commits[c9000f0a-3ad4-484d-bf97-c3dc2c0e32b0:c73, 996fe33c-902d-44b5-825f-b25fffdd237c:c71, 30964336-c32a-4a27-96dd-3ce9418922e8:c68]
2019-07-14 06:43:32,358 INFO  client.GrpcClientProtocolClient (GrpcClientProtocolClient.java:onNext(255)) - client-5A19F087F6B6->c9000f0a-3ad4-484d-bf97-c3dc2c0e32b0: receive RaftClientReply:client-5A19F087F6B6->c9000f0a-3ad4-484d-bf97-c3dc2c0e32b0@group-DF32A6BBDA7E, cid=124, SUCCESS, logIndex=73, commits[c9000f0a-3ad4-484d-bf97-c3dc2c0e32b0:c73, 996fe33c-902d-44b5-825f-b25fffdd237c:c71, 30964336-c32a-4a27-96dd-3ce9418922e8:c68]
2019-07-14 06:43:32,364 INFO  client.GrpcClientProtocolClient (GrpcClientProtocolClient.java:onNext(255)) - client-5A19F087F6B6->c9000f0a-3ad4-484d-bf97-c3dc2c0e32b0: receive RaftClientReply:client-5A19F087F6B6->c9000f0a-3ad4-484d-bf97-c3dc2c0e32b0@group-DF32A6BBDA7E, cid=125, SUCCESS, logIndex=74, commits[c9000f0a-3ad4-484d-bf97-c3dc2c0e32b0:c74, 996fe33c-902d-44b5-825f-b25fffdd237c:c71, 30964336-c32a-4a27-96dd-3ce9418922e8:c71]
2019-07-14 06:43:32,364 INFO  client.GrpcClientProtocolClient (GrpcClientProtocolClient.java:onNext(255)) - client-5A19F087F6B6->c9000f0a-3ad4-484d-bf97-c3dc2c0e32b0: receive RaftClientReply:client-5A19F087F6B6->c9000f0a-3ad4-484d-bf97-c3dc2c0e32b0@group-DF32A6BBDA7E, cid=126, SUCCESS, logIndex=75, commits[c9000f0a-3ad4-484d-bf97-c3dc2c0e32b0:c77, 996fe33c-902d-44b5-825f-b25fffdd237c:c71, 30964336-c32a-4a27-96dd-3ce9418922e8:c73]
2019-07-14 06:43:32,366 INFO  client.GrpcClientProtocolClient (GrpcClientProtocolClient.java:onNext(255)) - client-5A19F087F6B6->c9000f0a-3ad4-484d-bf97-c3dc2c0e32b0: receive RaftClientReply:client-5A19F087F6B6->c9000f0a-3ad4-484d-bf97-c3dc2c0e32b0@group-DF32A6BBDA7E, cid=127, SUCCESS, logIndex=0, commits[c9000f0a-3ad4-484d-bf97-c3dc2c0e32b0:c78, 996fe33c-902d-44b5-825f-b25fffdd237c:c73, 30964336-c32a-4a27-96dd-3ce9418922e8:c74]
2019-07-14 06:43:32,369 INFO  client.GrpcClientProtocolClient (GrpcClientProtocolClient.java:onNext(255)) - client-5A19F087F6B6->c9000f0a-3ad4-484d-bf97-c3dc2c0e32b0: receive RaftClientReply:client-5A19F087F6B6->c9000f0a-3ad4-484d-bf97-c3dc2c0e32b0@group-DF32A6BBDA7E, cid=128, SUCCESS, logIndex=0, commits[c9000f0a-3ad4-484d-bf97-c3dc2c0e32b0:c79, 996fe33c-902d-44b5-825f-b25fffdd237c:c76, 30964336-c32a-4a27-96dd-3ce9418922e8:c76]
2019-07-14 06:43:32,480 INFO  client.GrpcClientProtocolClient (GrpcClientProtocolClient.java:onNext(255)) - client-FBF8FFDD50DB->3a684e4c-bc76-4e58-93e9-4c7b93103987: receive RaftClientReply:client-FBF8FFDD50DB->3a684e4c-bc76-4e58-93e9-4c7b93103987@group-5E6FDAD72739, cid=129, SUCCESS, logIndex=107, commits[3a684e4c-bc76-4e58-93e9-4c7b93103987:c110, b5751b22-fb3a-4285-b61c-2ee1ccb5b2eb:c106, d3f65906-3b2c-4090-a46a-ce7eb89ef6ea:c106]
2019-07-14 06:43:32,506 INFO  client.GrpcClientProtocolClient (GrpcClientProtocolClient.java:onNext(255)) - client-FBF8FFDD50DB->3a684e4c-bc76-4e58-93e9-4c7b93103987: receive RaftClientReply:client-FBF8FFDD50DB->3a684e4c-bc76-4e58-93e9-4c7b93103987@group-5E6FDAD72739, cid=130, SUCCESS, logIndex=108, commits[3a684e4c-bc76-4e58-93e9-4c7b93103987:c114, b5751b22-fb3a-4285-b61c-2ee1ccb5b2eb:c110, d3f65906-3b2c-4090-a46a-ce7eb89ef6ea:c110]
2019-07-14 06:43:32,506 INFO  client.GrpcClientProtocolClient (GrpcClientProtocolClient.java:onNext(255)) - client-FBF8FFDD50DB->3a684e4c-bc76-4e58-93e9-4c7b93103987: receive RaftClientReply:client-FBF8FFDD50DB->3a684e4c-bc76-4e58-93e9-4c7b93103987@group-5E6FDAD72739, cid=131, SUCCESS, logIndex=109, commits[3a684e4c-bc76-4e58-93e9-4c7b93103987:c114, b5751b22-fb3a-4285-b61c-2ee1ccb5b2eb:c110, d3f65906-3b2c-4090-a46a-ce7eb89ef6ea:c110]
2019-07-14 06:43:32,588 INFO  client.GrpcClientProtocolClient (GrpcClientProtocolClient.java:onNext(255)) - client-FBF8FFDD50DB->3a684e4c-bc76-4e58-93e9-4c7b93103987: receive RaftClientReply:client-FBF8FFDD50DB->3a684e4c-bc76-4e58-93e9-4c7b93103987@group-5E6FDAD72739, cid=132, SUCCESS, logIndex=110, commits[3a684e4c-bc76-4e58-93e9-4c7b93103987:c114, b5751b22-fb3a-4285-b61c-2ee1ccb5b2eb:c110, d3f65906-3b2c-4090-a46a-ce7eb89ef6ea:c110]
2019-07-14 06:43:32,604 INFO  client.GrpcClientProtocolClient (GrpcClientProtocolClient.java:onNext(255)) - client-FBF8FFDD50DB->3a684e4c-bc76-4e58-93e9-4c7b93103987: receive RaftClientReply:client-FBF8FFDD50DB->3a684e4c-bc76-4e58-93e9-4c7b93103987@group-5E6FDAD72739, cid=133, SUCCESS, logIndex=115, commits[3a684e4c-bc76-4e58-93e9-4c7b93103987:c116, b5751b22-fb3a-4285-b61c-2ee1ccb5b2eb:c110, d3f65906-3b2c-4090-a46a-ce7eb89ef6ea:c114]
2019-07-14 06:43:32,604 INFO  client.GrpcClientProtocolClient (GrpcClientProtocolClient.java:onNext(255)) - client-FBF8FFDD50DB->3a684e4c-bc76-4e58-93e9-4c7b93103987: receive RaftClientReply:client-FBF8FFDD50DB->3a684e4c-bc76-4e58-93e9-4c7b93103987@group-5E6FDAD72739, cid=134, SUCCESS, logIndex=116, commits[3a684e4c-bc76-4e58-93e9-4c7b93103987:c116, b5751b22-fb3a-4285-b61c-2ee1ccb5b2eb:c110, d3f65906-3b2c-4090-a46a-ce7eb89ef6ea:c114]
2019-07-14 06:43:32,614 INFO  client.GrpcClientProtocolClient (GrpcClientProtocolClient.java:onNext(255)) - client-FBF8FFDD50DB->3a684e4c-bc76-4e58-93e9-4c7b93103987: receive RaftClientReply:client-FBF8FFDD50DB->3a684e4c-bc76-4e58-93e9-4c7b93103987@group-5E6FDAD72739, cid=135, SUCCESS, logIndex=117, commits[3a684e4c-bc76-4e58-93e9-4c7b93103987:c119, b5751b22-fb3a-4285-b61c-2ee1ccb5b2eb:c114, d3f65906-3b2c-4090-a46a-ce7eb89ef6ea:c116]
2019-07-14 06:43:32,615 INFO  client.GrpcClientProtocolClient (GrpcClientProtocolClient.java:onNext(255)) - client-FBF8FFDD50DB->3a684e4c-bc76-4e58-93e9-4c7b93103987: receive RaftClientReply:client-FBF8FFDD50DB->3a684e4c-bc76-4e58-93e9-4c7b93103987@group-5E6FDAD72739, cid=136, SUCCESS, logIndex=118, commits[3a684e4c-bc76-4e58-93e9-4c7b93103987:c120, b5751b22-fb3a-4285-b61c-2ee1ccb5b2eb:c116, d3f65906-3b2c-4090-a46a-ce7eb89ef6ea:c116]
2019-07-14 06:43:32,627 INFO  client.GrpcClientProtocolClient (GrpcClientProtocolClient.java:onNext(255)) - client-FBF8FFDD50DB->3a684e4c-bc76-4e58-93e9-4c7b93103987: receive RaftClientReply:client-FBF8FFDD50DB->3a684e4c-bc76-4e58-93e9-4c7b93103987@group-5E6FDAD72739, cid=137, SUCCESS, logIndex=0, commits[3a684e4c-bc76-4e58-93e9-4c7b93103987:c122, b5751b22-fb3a-4285-b61c-2ee1ccb5b2eb:c118, d3f65906-3b2c-4090-a46a-ce7eb89ef6ea:c118]
2019-07-14 06:43:32,644 INFO  client.GrpcClientProtocolClient (GrpcClientProtocolClient.java:onNext(255)) - client-5A19F087F6B6->c9000f0a-3ad4-484d-bf97-c3dc2c0e32b0: receive RaftClientReply:client-5A19F087F6B6->c9000f0a-3ad4-484d-bf97-c3dc2c0e32b0@group-DF32A6BBDA7E, cid=138, SUCCESS, logIndex=80, commits[c9000f0a-3ad4-484d-bf97-c3dc2c0e32b0:c81, 996fe33c-902d-44b5-825f-b25fffdd237c:c76, 30964336-c32a-4a27-96dd-3ce9418922e8:c79]
2019-07-14 06:43:32,645 INFO  client.GrpcClientProtocolClient (GrpcClientProtocolClient.java:onNext(255)) - client-5A19F087F6B6->c9000f0a-3ad4-484d-bf97-c3dc2c0e32b0: receive RaftClientReply:client-5A19F087F6B6->c9000f0a-3ad4-484d-bf97-c3dc2c0e32b0@group-DF32A6BBDA7E, cid=139, SUCCESS, logIndex=81, commits[c9000f0a-3ad4-484d-bf97-c3dc2c0e32b0:c81, 996fe33c-902d-44b5-825f-b25fffdd237c:c79, 30964336-c32a-4a27-96dd-3ce9418922e8:c79]
2019-07-14 06:43:32,646 INFO  client.GrpcClientProtocolClient (GrpcClientProtocolClient.java:onNext(255)) - client-5A19F087F6B6->c9000f0a-3ad4-484d-bf97-c3dc2c0e32b0: receive RaftClientReply:client-5A19F087F6B6->c9000f0a-3ad4-484d-bf97-c3dc2c0e32b0@group-DF32A6BBDA7E, cid=140, SUCCESS, logIndex=82, commits[c9000f0a-3ad4-484d-bf97-c3dc2c0e32b0:c83, 996fe33c-902d-44b5-825f-b25fffdd237c:c79, 30964336-c32a-4a27-96dd-3ce9418922e8:c79]
2019-07-14 06:43:32,646 INFO  client.GrpcClientProtocolClient (GrpcClientProtocolClient.java:onNext(255)) - client-5A19F087F6B6->c9000f0a-3ad4-484d-bf97-c3dc2c0e32b0: receive RaftClientReply:client-5A19F087F6B6->c9000f0a-3ad4-484d-bf97-c3dc2c0e32b0@group-DF32A6BBDA7E, cid=141, SUCCESS, logIndex=83, commits[c9000f0a-3ad4-484d-bf97-c3dc2c0e32b0:c83, 996fe33c-902d-44b5-825f-b25fffdd237c:c79, 30964336-c32a-4a27-96dd-3ce9418922e8:c79]
2019-07-14 06:43:32,651 INFO  client.GrpcClientProtocolClient (GrpcClientProtocolClient.java:onNext(255)) - client-5A19F087F6B6->c9000f0a-3ad4-484d-bf97-c3dc2c0e32b0: receive RaftClientReply:client-5A19F087F6B6->c9000f0a-3ad4-484d-bf97-c3dc2c0e32b0@group-DF32A6BBDA7E, cid=142, SUCCESS, logIndex=0, commits[c9000f0a-3ad4-484d-bf97-c3dc2c0e32b0:c84, 996fe33c-902d-44b5-825f-b25fffdd237c:c81, 30964336-c32a-4a27-96dd-3ce9418922e8:c81]
2019-07-14 06:43:32,672 INFO  client.GrpcClientProtocolClient (GrpcClientProtocolClient.java:onNext(255)) - client-5A19F087F6B6->c9000f0a-3ad4-484d-bf97-c3dc2c0e32b0: receive RaftClientReply:client-5A19F087F6B6->c9000f0a-3ad4-484d-bf97-c3dc2c0e32b0@group-DF32A6BBDA7E, cid=143, SUCCESS, logIndex=87, commits[c9000f0a-3ad4-484d-bf97-c3dc2c0e32b0:c88, 996fe33c-902d-44b5-825f-b25fffdd237c:c86, 30964336-c32a-4a27-96dd-3ce9418922e8:c86]
2019-07-14 06:43:32,672 INFO  client.GrpcClientProtocolClient (GrpcClientProtocolClient.java:onNext(255)) - client-5A19F087F6B6->c9000f0a-3ad4-484d-bf97-c3dc2c0e32b0: receive RaftClientReply:client-5A19F087F6B6->c9000f0a-3ad4-484d-bf97-c3dc2c0e32b0@group-DF32A6BBDA7E, cid=144, SUCCESS, logIndex=88, commits[c9000f0a-3ad4-484d-bf97-c3dc2c0e32b0:c88, 996fe33c-902d-44b5-825f-b25fffdd237c:c86, 30964336-c32a-4a27-96dd-3ce9418922e8:c86]
2019-07-14 06:43:32,695 INFO  client.GrpcClientProtocolClient (GrpcClientProtocolClient.java:onNext(255)) - client-5A19F087F6B6->c9000f0a-3ad4-484d-bf97-c3dc2c0e32b0: receive RaftClientReply:client-5A19F087F6B6->c9000f0a-3ad4-484d-bf97-c3dc2c0e32b0@group-DF32A6BBDA7E, cid=145, SUCCESS, logIndex=91, commits[c9000f0a-3ad4-484d-bf97-c3dc2c0e32b0:c92, 996fe33c-902d-44b5-825f-b25fffdd237c:c90, 30964336-c32a-4a27-96dd-3ce9418922e8:c90]
2019-07-14 06:43:32,696 INFO  client.GrpcClientProtocolClient (GrpcClientProtocolClient.java:onNext(255)) - client-5A19F087F6B6->c9000f0a-3ad4-484d-bf97-c3dc2c0e32b0: receive RaftClientReply:client-5A19F087F6B6->c9000f0a-3ad4-484d-bf97-c3dc2c0e32b0@group-DF32A6BBDA7E, cid=146, SUCCESS, logIndex=92, commits[c9000f0a-3ad4-484d-bf97-c3dc2c0e32b0:c92, 996fe33c-902d-44b5-825f-b25fffdd237c:c90, 30964336-c32a-4a27-96dd-3ce9418922e8:c90]
2019-07-14 06:43:32,709 INFO  client.GrpcClientProtocolClient (GrpcClientProtocolClient.java:onNext(255)) - client-5A19F087F6B6->c9000f0a-3ad4-484d-bf97-c3dc2c0e32b0: receive RaftClientReply:client-5A19F087F6B6->c9000f0a-3ad4-484d-bf97-c3dc2c0e32b0@group-DF32A6BBDA7E, cid=147, SUCCESS, logIndex=0, commits[c9000f0a-3ad4-484d-bf97-c3dc2c0e32b0:c94, 996fe33c-902d-44b5-825f-b25fffdd237c:c92, 30964336-c32a-4a27-96dd-3ce9418922e8:c92]
2019-07-14 06:43:32,712 INFO  container.CloseContainerEventHandler (CloseContainerEventHandler.java:onMessage(61)) - Close container Event triggered for container : #15
2019-07-14 06:43:32,712 INFO  container.CloseContainerEventHandler (CloseContainerEventHandler.java:onMessage(61)) - Close container Event triggered for container : #15
2019-07-14 06:43:32,712 INFO  container.CloseContainerEventHandler (CloseContainerEventHandler.java:onMessage(61)) - Close container Event triggered for container : #15
2019-07-14 06:43:32,712 INFO  container.CloseContainerEventHandler (CloseContainerEventHandler.java:onMessage(61)) - Close container Event triggered for container : #16
2019-07-14 06:43:32,713 INFO  container.CloseContainerEventHandler (CloseContainerEventHandler.java:onMessage(61)) - Close container Event triggered for container : #16
2019-07-14 06:43:32,713 INFO  container.CloseContainerEventHandler (CloseContainerEventHandler.java:onMessage(61)) - Close container Event triggered for container : #16
2019-07-14 06:43:32,713 INFO  container.CloseContainerEventHandler (CloseContainerEventHandler.java:onMessage(61)) - Close container Event triggered for container : #6
2019-07-14 06:43:32,713 INFO  container.CloseContainerEventHandler (CloseContainerEventHandler.java:onMessage(61)) - Close container Event triggered for container : #6
2019-07-14 06:43:32,713 INFO  container.CloseContainerEventHandler (CloseContainerEventHandler.java:onMessage(61)) - Close container Event triggered for container : #6
2019-07-14 06:43:32,713 INFO  container.CloseContainerEventHandler (CloseContainerEventHandler.java:onMessage(61)) - Close container Event triggered for container : #10
2019-07-14 06:43:32,713 INFO  container.CloseContainerEventHandler (CloseContainerEventHandler.java:onMessage(61)) - Close container Event triggered for container : #10
2019-07-14 06:43:32,713 INFO  container.CloseContainerEventHandler (CloseContainerEventHandler.java:onMessage(61)) - Close container Event triggered for container : #10
2019-07-14 06:43:32,747 INFO  client.GrpcClientProtocolClient (GrpcClientProtocolClient.java:onNext(255)) - client-FBF8FFDD50DB->3a684e4c-bc76-4e58-93e9-4c7b93103987: receive RaftClientReply:client-FBF8FFDD50DB->3a684e4c-bc76-4e58-93e9-4c7b93103987@group-5E6FDAD72739, cid=148, SUCCESS, logIndex=123, commits[3a684e4c-bc76-4e58-93e9-4c7b93103987:c124, b5751b22-fb3a-4285-b61c-2ee1ccb5b2eb:c122, d3f65906-3b2c-4090-a46a-ce7eb89ef6ea:c122]
2019-07-14 06:43:32,748 INFO  client.GrpcClientProtocolClient (GrpcClientProtocolClient.java:onNext(255)) - client-FBF8FFDD50DB->3a684e4c-bc76-4e58-93e9-4c7b93103987: receive RaftClientReply:client-FBF8FFDD50DB->3a684e4c-bc76-4e58-93e9-4c7b93103987@group-5E6FDAD72739, cid=149, SUCCESS, logIndex=124, commits[3a684e4c-bc76-4e58-93e9-4c7b93103987:c124, b5751b22-fb3a-4285-b61c-2ee1ccb5b2eb:c122, d3f65906-3b2c-4090-a46a-ce7eb89ef6ea:c122]
2019-07-14 06:43:33,625 INFO  interfaces.Container (KeyValueContainer.java:compactDB(356)) - Container 15 is closed with bcsId 75.
2019-07-14 06:43:33,631 INFO  interfaces.Container (KeyValueContainer.java:compactDB(356)) - Container 15 is closed with bcsId 75.
2019-07-14 06:43:33,637 INFO  interfaces.Container (KeyValueContainer.java:compactDB(356)) - Container 15 is closed with bcsId 75.
2019-07-14 06:43:33,662 INFO  interfaces.Container (KeyValueContainer.java:compactDB(356)) - Container 6 is closed with bcsId 92.
2019-07-14 06:43:33,669 INFO  interfaces.Container (KeyValueContainer.java:compactDB(356)) - Container 6 is closed with bcsId 92.
2019-07-14 06:43:33,674 INFO  interfaces.Container (KeyValueContainer.java:compactDB(356)) - Container 6 is closed with bcsId 92.
2019-07-14 06:43:34,506 INFO  interfaces.Container (KeyValueContainer.java:compactDB(356)) - Container 16 is closed with bcsId 118.
2019-07-14 06:43:34,529 INFO  interfaces.Container (KeyValueContainer.java:compactDB(356)) - Container 16 is closed with bcsId 118.
2019-07-14 06:43:34,532 INFO  interfaces.Container (KeyValueContainer.java:compactDB(356)) - Container 16 is closed with bcsId 118.
2019-07-14 06:43:34,545 INFO  interfaces.Container (KeyValueContainer.java:compactDB(356)) - Container 10 is closed with bcsId 124.
2019-07-14 06:43:34,550 INFO  interfaces.Container (KeyValueContainer.java:compactDB(356)) - Container 10 is closed with bcsId 124.
2019-07-14 06:43:34,560 INFO  interfaces.Container (KeyValueContainer.java:compactDB(356)) - Container 10 is closed with bcsId 124.
06:43:34.719 [grpc-default-executor-2] ERROR DNAudit - user=null | ip=null | op=WRITE_CHUNK {blockData=conID: 10 locID: 102438444199772186 bcsId: 124} | ret=FAILURE
org.apache.hadoop.hdds.scm.container.common.helpers.ContainerNotOpenException: Container 10 in CLOSED state
	at org.apache.hadoop.ozone.container.common.impl.HddsDispatcher.validateContainerCommand(HddsDispatcher.java:408) ~[hadoop-hdds-container-service-0.5.0-SNAPSHOT.jar:?]
	at org.apache.hadoop.ozone.container.common.transport.server.ratis.ContainerStateMachine.startTransaction(ContainerStateMachine.java:272) ~[hadoop-hdds-container-service-0.5.0-SNAPSHOT.jar:?]
	at org.apache.ratis.server.impl.RaftServerImpl.submitClientRequestAsync(RaftServerImpl.java:566) ~[ratis-server-0.4.0-2337318-SNAPSHOT.jar:0.4.0-2337318-SNAPSHOT]
	at org.apache.ratis.server.impl.RaftServerProxy.lambda$submitClientRequestAsync$7(RaftServerProxy.java:333) ~[ratis-server-0.4.0-2337318-SNAPSHOT.jar:0.4.0-2337318-SNAPSHOT]
	at org.apache.ratis.server.impl.RaftServerProxy.lambda$null$5(RaftServerProxy.java:328) ~[ratis-server-0.4.0-2337318-SNAPSHOT.jar:0.4.0-2337318-SNAPSHOT]
	at org.apache.ratis.util.JavaUtils.callAsUnchecked(JavaUtils.java:109) ~[ratis-common-0.4.0-2337318-SNAPSHOT.jar:0.4.0-2337318-SNAPSHOT]
	at org.apache.ratis.server.impl.RaftServerProxy.lambda$submitRequest$6(RaftServerProxy.java:328) ~[ratis-server-0.4.0-2337318-SNAPSHOT.jar:0.4.0-2337318-SNAPSHOT]
	at java.util.concurrent.CompletableFuture.uniComposeStage(CompletableFuture.java:981) ~[?:1.8.0_212]
	at java.util.concurrent.CompletableFuture.thenCompose(CompletableFuture.java:2124) ~[?:1.8.0_212]
	at org.apache.ratis.server.impl.RaftServerProxy.submitRequest(RaftServerProxy.java:327) ~[ratis-server-0.4.0-2337318-SNAPSHOT.jar:0.4.0-2337318-SNAPSHOT]
	at org.apache.ratis.server.impl.RaftServerProxy.submitClientRequestAsync(RaftServerProxy.java:333) ~[ratis-server-0.4.0-2337318-SNAPSHOT.jar:0.4.0-2337318-SNAPSHOT]
	at org.apache.ratis.grpc.client.GrpcClientProtocolService$RequestStreamObserver.processClientRequest(GrpcClientProtocolService.java:220) ~[ratis-grpc-0.4.0-2337318-SNAPSHOT.jar:0.4.0-2337318-SNAPSHOT]
	at org.apache.ratis.grpc.client.GrpcClientProtocolService$OrderedRequestStreamObserver.processClientRequest(GrpcClientProtocolService.java:326) ~[ratis-grpc-0.4.0-2337318-SNAPSHOT.jar:0.4.0-2337318-SNAPSHOT]
	at org.apache.ratis.util.SlidingWindow$Server.processRequestsFromHead(SlidingWindow.java:429) [ratis-common-0.4.0-2337318-SNAPSHOT.jar:0.4.0-2337318-SNAPSHOT]
	at org.apache.ratis.util.SlidingWindow$Server.receivedRequest(SlidingWindow.java:421) [ratis-common-0.4.0-2337318-SNAPSHOT.jar:0.4.0-2337318-SNAPSHOT]
	at org.apache.ratis.grpc.client.GrpcClientProtocolService$OrderedRequestStreamObserver.processClientRequest(GrpcClientProtocolService.java:345) [ratis-grpc-0.4.0-2337318-SNAPSHOT.jar:0.4.0-2337318-SNAPSHOT]
	at org.apache.ratis.grpc.client.GrpcClientProtocolService$RequestStreamObserver.onNext(GrpcClientProtocolService.java:240) [ratis-grpc-0.4.0-2337318-SNAPSHOT.jar:0.4.0-2337318-SNAPSHOT]
	at org.apache.ratis.grpc.client.GrpcClientProtocolService$RequestStreamObserver.onNext(GrpcClientProtocolService.java:168) [ratis-grpc-0.4.0-2337318-SNAPSHOT.jar:0.4.0-2337318-SNAPSHOT]
	at org.apache.ratis.thirdparty.io.grpc.stub.ServerCalls$StreamingServerCallHandler$StreamingServerCallListener.onMessage(ServerCalls.java:248) [ratis-thirdparty-misc-0.2.0.jar:0.2.0]
	at org.apache.ratis.thirdparty.io.grpc.internal.ServerCallImpl$ServerStreamListenerImpl.messagesAvailable(ServerCallImpl.java:263) [ratis-thirdparty-misc-0.2.0.jar:0.2.0]
	at org.apache.ratis.thirdparty.io.grpc.internal.ServerImpl$JumpToApplicationThreadServerStreamListener$1MessagesAvailable.runInContext(ServerImpl.java:686) [ratis-thirdparty-misc-0.2.0.jar:0.2.0]
	at org.apache.ratis.thirdparty.io.grpc.internal.ContextRunnable.run(ContextRunnable.java:37) [ratis-thirdparty-misc-0.2.0.jar:0.2.0]
	at org.apache.ratis.thirdparty.io.grpc.internal.SerializingExecutor.run(SerializingExecutor.java:123) [ratis-thirdparty-misc-0.2.0.jar:0.2.0]
	at java.util.concurrent.ThreadPoolExecutor.runWorker(ThreadPoolExecutor.java:1149) [?:1.8.0_212]
	at java.util.concurrent.ThreadPoolExecutor$Worker.run(ThreadPoolExecutor.java:624) [?:1.8.0_212]
	at java.lang.Thread.run(Thread.java:748) [?:1.8.0_212]
2019-07-14 06:43:34,727 INFO  client.GrpcClientProtocolClient (GrpcClientProtocolClient.java:onNext(255)) - client-FBF8FFDD50DB->3a684e4c-bc76-4e58-93e9-4c7b93103987: receive RaftClientReply:client-FBF8FFDD50DB->3a684e4c-bc76-4e58-93e9-4c7b93103987@group-5E6FDAD72739, cid=150, FAILED org.apache.ratis.protocol.StateMachineException: org.apache.hadoop.hdds.scm.container.common.helpers.ContainerNotOpenException from Server 3a684e4c-bc76-4e58-93e9-4c7b93103987: Container 10 in CLOSED state, logIndex=0, commits[3a684e4c-bc76-4e58-93e9-4c7b93103987:c130, b5751b22-fb3a-4285-b61c-2ee1ccb5b2eb:c129, d3f65906-3b2c-4090-a46a-ce7eb89ef6ea:c129]
06:43:34.727 [grpc-default-executor-2] ERROR DNAudit - user=null | ip=null | op=PUT_BLOCK {blockData=[blockId=conID: 10 locID: 102438444199772186 bcsId: 0,size=2097152]} | ret=FAILURE
org.apache.hadoop.hdds.scm.container.common.helpers.ContainerNotOpenException: Container 10 in CLOSED state
	at org.apache.hadoop.ozone.container.common.impl.HddsDispatcher.validateContainerCommand(HddsDispatcher.java:408) ~[hadoop-hdds-container-service-0.5.0-SNAPSHOT.jar:?]
	at org.apache.hadoop.ozone.container.common.transport.server.ratis.ContainerStateMachine.startTransaction(ContainerStateMachine.java:272) ~[hadoop-hdds-container-service-0.5.0-SNAPSHOT.jar:?]
	at org.apache.ratis.server.impl.RaftServerImpl.submitClientRequestAsync(RaftServerImpl.java:566) ~[ratis-server-0.4.0-2337318-SNAPSHOT.jar:0.4.0-2337318-SNAPSHOT]
	at org.apache.ratis.server.impl.RaftServerProxy.lambda$submitClientRequestAsync$7(RaftServerProxy.java:333) ~[ratis-server-0.4.0-2337318-SNAPSHOT.jar:0.4.0-2337318-SNAPSHOT]
	at org.apache.ratis.server.impl.RaftServerProxy.lambda$null$5(RaftServerProxy.java:328) ~[ratis-server-0.4.0-2337318-SNAPSHOT.jar:0.4.0-2337318-SNAPSHOT]
	at org.apache.ratis.util.JavaUtils.callAsUnchecked(JavaUtils.java:109) ~[ratis-common-0.4.0-2337318-SNAPSHOT.jar:0.4.0-2337318-SNAPSHOT]
	at org.apache.ratis.server.impl.RaftServerProxy.lambda$submitRequest$6(RaftServerProxy.java:328) ~[ratis-server-0.4.0-2337318-SNAPSHOT.jar:0.4.0-2337318-SNAPSHOT]
	at java.util.concurrent.CompletableFuture.uniComposeStage(CompletableFuture.java:981) ~[?:1.8.0_212]
	at java.util.concurrent.CompletableFuture.thenCompose(CompletableFuture.java:2124) ~[?:1.8.0_212]
	at org.apache.ratis.server.impl.RaftServerProxy.submitRequest(RaftServerProxy.java:327) ~[ratis-server-0.4.0-2337318-SNAPSHOT.jar:0.4.0-2337318-SNAPSHOT]
	at org.apache.ratis.server.impl.RaftServerProxy.submitClientRequestAsync(RaftServerProxy.java:333) ~[ratis-server-0.4.0-2337318-SNAPSHOT.jar:0.4.0-2337318-SNAPSHOT]
	at org.apache.ratis.grpc.client.GrpcClientProtocolService$RequestStreamObserver.processClientRequest(GrpcClientProtocolService.java:220) ~[ratis-grpc-0.4.0-2337318-SNAPSHOT.jar:0.4.0-2337318-SNAPSHOT]
	at org.apache.ratis.grpc.client.GrpcClientProtocolService$OrderedRequestStreamObserver.processClientRequest(GrpcClientProtocolService.java:326) ~[ratis-grpc-0.4.0-2337318-SNAPSHOT.jar:0.4.0-2337318-SNAPSHOT]
	at org.apache.ratis.util.SlidingWindow$Server.processRequestsFromHead(SlidingWindow.java:429) [ratis-common-0.4.0-2337318-SNAPSHOT.jar:0.4.0-2337318-SNAPSHOT]
	at org.apache.ratis.util.SlidingWindow$Server.receivedRequest(SlidingWindow.java:421) [ratis-common-0.4.0-2337318-SNAPSHOT.jar:0.4.0-2337318-SNAPSHOT]
	at org.apache.ratis.grpc.client.GrpcClientProtocolService$OrderedRequestStreamObserver.processClientRequest(GrpcClientProtocolService.java:345) [ratis-grpc-0.4.0-2337318-SNAPSHOT.jar:0.4.0-2337318-SNAPSHOT]
	at org.apache.ratis.grpc.client.GrpcClientProtocolService$RequestStreamObserver.onNext(GrpcClientProtocolService.java:240) [ratis-grpc-0.4.0-2337318-SNAPSHOT.jar:0.4.0-2337318-SNAPSHOT]
	at org.apache.ratis.grpc.client.GrpcClientProtocolService$RequestStreamObserver.onNext(GrpcClientProtocolService.java:168) [ratis-grpc-0.4.0-2337318-SNAPSHOT.jar:0.4.0-2337318-SNAPSHOT]
	at org.apache.ratis.thirdparty.io.grpc.stub.ServerCalls$StreamingServerCallHandler$StreamingServerCallListener.onMessage(ServerCalls.java:248) [ratis-thirdparty-misc-0.2.0.jar:0.2.0]
	at org.apache.ratis.thirdparty.io.grpc.internal.ServerCallImpl$ServerStreamListenerImpl.messagesAvailable(ServerCallImpl.java:263) [ratis-thirdparty-misc-0.2.0.jar:0.2.0]
	at org.apache.ratis.thirdparty.io.grpc.internal.ServerImpl$JumpToApplicationThreadServerStreamListener$1MessagesAvailable.runInContext(ServerImpl.java:686) [ratis-thirdparty-misc-0.2.0.jar:0.2.0]
	at org.apache.ratis.thirdparty.io.grpc.internal.ContextRunnable.run(ContextRunnable.java:37) [ratis-thirdparty-misc-0.2.0.jar:0.2.0]
	at org.apache.ratis.thirdparty.io.grpc.internal.SerializingExecutor.run(SerializingExecutor.java:123) [ratis-thirdparty-misc-0.2.0.jar:0.2.0]
	at java.util.concurrent.ThreadPoolExecutor.runWorker(ThreadPoolExecutor.java:1149) [?:1.8.0_212]
	at java.util.concurrent.ThreadPoolExecutor$Worker.run(ThreadPoolExecutor.java:624) [?:1.8.0_212]
	at java.lang.Thread.run(Thread.java:748) [?:1.8.0_212]
2019-07-14 06:43:34,733 INFO  client.GrpcClientProtocolClient (GrpcClientProtocolClient.java:onNext(255)) - client-FBF8FFDD50DB->3a684e4c-bc76-4e58-93e9-4c7b93103987: receive RaftClientReply:client-FBF8FFDD50DB->3a684e4c-bc76-4e58-93e9-4c7b93103987@group-5E6FDAD72739, cid=151, FAILED org.apache.ratis.protocol.StateMachineException: org.apache.hadoop.hdds.scm.container.common.helpers.ContainerNotOpenException from Server 3a684e4c-bc76-4e58-93e9-4c7b93103987: Container 10 in CLOSED state, logIndex=0, commits[3a684e4c-bc76-4e58-93e9-4c7b93103987:c130, b5751b22-fb3a-4285-b61c-2ee1ccb5b2eb:c129, d3f65906-3b2c-4090-a46a-ce7eb89ef6ea:c129]
2019-07-14 06:43:34,872 INFO  client.GrpcClientProtocolClient (GrpcClientProtocolClient.java:onNext(255)) - client-5A19F087F6B6->c9000f0a-3ad4-484d-bf97-c3dc2c0e32b0: receive RaftClientReply:client-5A19F087F6B6->c9000f0a-3ad4-484d-bf97-c3dc2c0e32b0@group-DF32A6BBDA7E, cid=152, SUCCESS, logIndex=99, commits[c9000f0a-3ad4-484d-bf97-c3dc2c0e32b0:c102, 996fe33c-902d-44b5-825f-b25fffdd237c:c98, 30964336-c32a-4a27-96dd-3ce9418922e8:c98]
2019-07-14 06:43:34,900 INFO  client.GrpcClientProtocolClient (GrpcClientProtocolClient.java:onNext(255)) - client-5A19F087F6B6->c9000f0a-3ad4-484d-bf97-c3dc2c0e32b0: receive RaftClientReply:client-5A19F087F6B6->c9000f0a-3ad4-484d-bf97-c3dc2c0e32b0@group-DF32A6BBDA7E, cid=153, SUCCESS, logIndex=100, commits[c9000f0a-3ad4-484d-bf97-c3dc2c0e32b0:c105, 996fe33c-902d-44b5-825f-b25fffdd237c:c102, 30964336-c32a-4a27-96dd-3ce9418922e8:c102]
2019-07-14 06:43:34,901 INFO  client.GrpcClientProtocolClient (GrpcClientProtocolClient.java:onNext(255)) - client-5A19F087F6B6->c9000f0a-3ad4-484d-bf97-c3dc2c0e32b0: receive RaftClientReply:client-5A19F087F6B6->c9000f0a-3ad4-484d-bf97-c3dc2c0e32b0@group-DF32A6BBDA7E, cid=154, SUCCESS, logIndex=101, commits[c9000f0a-3ad4-484d-bf97-c3dc2c0e32b0:c105, 996fe33c-902d-44b5-825f-b25fffdd237c:c102, 30964336-c32a-4a27-96dd-3ce9418922e8:c102]
2019-07-14 06:43:34,939 INFO  client.GrpcClientProtocolClient (GrpcClientProtocolClient.java:onNext(255)) - client-5A19F087F6B6->c9000f0a-3ad4-484d-bf97-c3dc2c0e32b0: receive RaftClientReply:client-5A19F087F6B6->c9000f0a-3ad4-484d-bf97-c3dc2c0e32b0@group-DF32A6BBDA7E, cid=155, SUCCESS, logIndex=102, commits[c9000f0a-3ad4-484d-bf97-c3dc2c0e32b0:c105, 996fe33c-902d-44b5-825f-b25fffdd237c:c102, 30964336-c32a-4a27-96dd-3ce9418922e8:c102]
2019-07-14 06:43:34,963 INFO  client.GrpcClientProtocolClient (GrpcClientProtocolClient.java:onNext(255)) - client-5A19F087F6B6->c9000f0a-3ad4-484d-bf97-c3dc2c0e32b0: receive RaftClientReply:client-5A19F087F6B6->c9000f0a-3ad4-484d-bf97-c3dc2c0e32b0@group-DF32A6BBDA7E, cid=156, SUCCESS, logIndex=106, commits[c9000f0a-3ad4-484d-bf97-c3dc2c0e32b0:c107, 996fe33c-902d-44b5-825f-b25fffdd237c:c102, 30964336-c32a-4a27-96dd-3ce9418922e8:c105]
2019-07-14 06:43:34,964 INFO  client.GrpcClientProtocolClient (GrpcClientProtocolClient.java:onNext(255)) - client-5A19F087F6B6->c9000f0a-3ad4-484d-bf97-c3dc2c0e32b0: receive RaftClientReply:client-5A19F087F6B6->c9000f0a-3ad4-484d-bf97-c3dc2c0e32b0@group-DF32A6BBDA7E, cid=157, SUCCESS, logIndex=107, commits[c9000f0a-3ad4-484d-bf97-c3dc2c0e32b0:c109, 996fe33c-902d-44b5-825f-b25fffdd237c:c105, 30964336-c32a-4a27-96dd-3ce9418922e8:c105]
2019-07-14 06:43:34,964 INFO  client.GrpcClientProtocolClient (GrpcClientProtocolClient.java:onNext(255)) - client-5A19F087F6B6->c9000f0a-3ad4-484d-bf97-c3dc2c0e32b0: receive RaftClientReply:client-5A19F087F6B6->c9000f0a-3ad4-484d-bf97-c3dc2c0e32b0@group-DF32A6BBDA7E, cid=158, SUCCESS, logIndex=108, commits[c9000f0a-3ad4-484d-bf97-c3dc2c0e32b0:c109, 996fe33c-902d-44b5-825f-b25fffdd237c:c105, 30964336-c32a-4a27-96dd-3ce9418922e8:c105]
2019-07-14 06:43:34,965 INFO  client.GrpcClientProtocolClient (GrpcClientProtocolClient.java:onNext(255)) - client-5A19F087F6B6->c9000f0a-3ad4-484d-bf97-c3dc2c0e32b0: receive RaftClientReply:client-5A19F087F6B6->c9000f0a-3ad4-484d-bf97-c3dc2c0e32b0@group-DF32A6BBDA7E, cid=159, SUCCESS, logIndex=109, commits[c9000f0a-3ad4-484d-bf97-c3dc2c0e32b0:c109, 996fe33c-902d-44b5-825f-b25fffdd237c:c105, 30964336-c32a-4a27-96dd-3ce9418922e8:c105]
2019-07-14 06:43:34,967 INFO  client.GrpcClientProtocolClient (GrpcClientProtocolClient.java:onNext(255)) - client-5A19F087F6B6->c9000f0a-3ad4-484d-bf97-c3dc2c0e32b0: receive RaftClientReply:client-5A19F087F6B6->c9000f0a-3ad4-484d-bf97-c3dc2c0e32b0@group-DF32A6BBDA7E, cid=160, SUCCESS, logIndex=0, commits[c9000f0a-3ad4-484d-bf97-c3dc2c0e32b0:c110, 996fe33c-902d-44b5-825f-b25fffdd237c:c107, 30964336-c32a-4a27-96dd-3ce9418922e8:c107]
2019-07-14 06:43:34,969 INFO  client.GrpcClientProtocolClient (GrpcClientProtocolClient.java:onNext(255)) - client-5A19F087F6B6->c9000f0a-3ad4-484d-bf97-c3dc2c0e32b0: receive RaftClientReply:client-5A19F087F6B6->c9000f0a-3ad4-484d-bf97-c3dc2c0e32b0@group-DF32A6BBDA7E, cid=161, SUCCESS, logIndex=0, commits[c9000f0a-3ad4-484d-bf97-c3dc2c0e32b0:c113, 996fe33c-902d-44b5-825f-b25fffdd237c:c109, 30964336-c32a-4a27-96dd-3ce9418922e8:c109]
2019-07-14 06:43:34,987 INFO  pipeline.Pipeline (Pipeline.java:getProtobufMessage(195)) - Serialize pipeline PipelineID=fe58368d-6af5-4ce7-87ee-df32a6bbda7e with nodesInOrder{ }
]]></system-out>
  </testcase>
  <testcase name="testDiscardPreallocatedBlocks" classname="org.apache.hadoop.ozone.client.rpc.TestCloseContainerHandlingByClient" time="0">
    <skipped/>
  </testcase>
</testsuite>